[I 2026-07-24 02:17:02,616] Trial 169 finished with value: -0.5480817188332793 and parameters: {'k1': 0.004023180576951141, 'D_low': 970.6605622666568, 'k2': 0.00029664885173232263, 'D_high': 497856.82592388394, 'fire_exp': 1.9827569069758368, 'P_half': 49.96727617048888, 'pre_dampen_half': 751.2169262065464, 'gpp_af': 8.213824031970027, 'gpp_b': 0.9657933580928846, 'gpp_d': 22.648766538727358, 'ign_k': 1.450600127528339, 'ign_c': 0.3964921016390819, 'trop_agb_crit': 19.876815583325563, 'trop_k_veg': 4.541905009207709, 'fuel_k': 0.8495932479262878, 'fuel_half': 17.774387102881082}. Best is trial 0 with value: -0.6070628323553574.
[I 2026-07-24 02:17:03,020] Trial 170 finished with value: 0.5636801721651596 and parameters: {'k1': 0.0037377923452277893, 'D_low': 103.31594333015904, 'k2': 0.00015887479417333976, 'D_high': 2236481.3329557814, 'fire_exp': 2.412103796186138, 'P_half': 163.0065250064896, 'pre_dampen_half': 442.58254135793413, 'gpp_af': 7.565906789973899, 'gpp_b': 1.2864118475644821, 'gpp_d': 8.359576365231998, 'ign_k': 1.1974883787364952, 'ign_c': 0.3489167862115425, 'trop_agb_crit': 11.630096114694483, 'trop_k_veg': 4.742779016035379, 'fuel_k': 0.11611371561548643, 'fuel_half': 72.04379478389964}. Best is trial 0 with value: -0.6070628323553574.
[I 2026-07-24 02:17:03,422] Trial 171 finished with value: 0.560266967893452 and parameters: {'k1': 1.743205700218483e-05, 'D_low': 47.126798296976894, 'k2': 1.1193279171075572e-05, 'D_high': 748852.1837505297, 'fire_exp': 1.877901065738675, 'P_half': 68.95472091414969, 'pre_dampen_half': 0.2656474061378562, 'gpp_af': 0.09474500542636564, 'gpp_b': 0.006903917385413375, 'gpp_d': 579.2566636241273, 'ign_k': 0.005260775508395213, 'ign_c': 0.17907238470685286, 'trop_agb_crit': 2.4181792986793837, 'trop_k_veg': 2.2337866771643653, 'fuel_k': 3.639094018527515, 'fuel_half': 0.2940215719283953}. Best is trial 0 with value: -0.6070628323553574.
[I 2026-07-24 02:17:03,828] Trial 172 finished with value: 0.6196895051970315 and parameters: {'k1': 0.0027870436491089254, 'D_low': 1813.8170574317141, 'k2': 4.474148583596886e-05, 'D_high': 3461.4711973420813, 'fire_exp': 2.1596801158538, 'P_half': 7.566735347079137, 'pre_dampen_half': 697.7381342397479, 'gpp_af': 0.45789590790813506, 'gpp_b': 4.743964024777819, 'gpp_d': 2.390110307035794, 'ign_k': 4.354569659395777, 'ign_c': 3.9791426793885045, 'trop_agb_crit': 13.589052608045453, 'trop_k_veg': 4.10714676431498, 'fuel_k': 0.06333370374054899, 'fuel_half': 6.635899196078068}. Best is trial 0 with value: -0.6070628323553574.
[I 2026-07-24 02:17:04,245] Trial 173 finished with value: 0.4837132315147614 and parameters: {'k1': 0.0022704834835400927, 'D_low': 2069.8491860070044, 'k2': 0.00017866605481475084, 'D_high': 200740.13093503204, 'fire_exp': 1.1367640936400023, 'P_half': 76.17347762547689, 'pre_dampen_half': 613.432121096591, 'gpp_af': 2.536741669727708, 'gpp_b': 0.008912777618095266, 'gpp_d': 2.282103863062437, 'ign_k': 0.47009392703538216, 'ign_c': 3.1026057746543714, 'trop_agb_crit': 14.353316836822719, 'trop_k_veg': 6.354434445860395, 'fuel_k': 0.7448910653956519, 'fuel_half': 5.869041789975145}. Best is trial 0 with value: -0.6070628323553574.
[I 2026-07-24 02:17:04,649] Trial 174 finished with value: 0.5462378917617059 and parameters: {'k1': 0.0026960041559517963, 'D_low': 160.7202336748593, 'k2': 1.3739612252289884e-05, 'D_high': 112129.92096609024, 'fire_exp': 1.1233509679655649, 'P_half': 48.878843406572386, 'pre_dampen_half': 0.08981294337368365, 'gpp_af': 0.5110360415702272, 'gpp_b': 0.007419966951528579, 'gpp_d': 188.29768483014197, 'ign_k': 0.018326894325318234, 'ign_c': 0.6623109303184096, 'trop_agb_crit': 3.7505747403727323, 'trop_k_veg': 5.7993640672781925, 'fuel_k': 4.212208411386067, 'fuel_half': 6.460734345331248}. Best is trial 0 with value: -0.6070628323553574.
[I 2026-07-24 02:17:05,057] Trial 175 finished with value: 0.5862974155588787 and parameters: {'k1': 0.0001864517515550168, 'D_low': 13.223309746818831, 'k2': 1.0841332830016752e-05, 'D_high': 31366.36032391781, 'fire_exp': 2.9634880991979093, 'P_half': 24.885432794497312, 'pre_dampen_half': 1.2486854544306858, 'gpp_af': 29.31821186187825, 'gpp_b': 0.026377570563782562, 'gpp_d': 350.4131846594576, 'ign_k': 0.022964300912607673, 'ign_c': 1.108410617529869, 'trop_agb_crit': 1.623899947736936, 'trop_k_veg': 2.42486126861585, 'fuel_k': 1.9904012650174452, 'fuel_half': 0.5871105524258151}. Best is trial 0 with value: -0.6070628323553574.
[I 2026-07-24 02:17:05,464] Trial 176 finished with value: 0.512325165435995 and parameters: {'k1': 0.04790232899478061, 'D_low': 19597.16649355317, 'k2': 0.0007208104709792941, 'D_high': 4270043.207715895, 'fire_exp': 4.765899824583615, 'P_half': 56.41930876703906, 'pre_dampen_half': 0.8746130411649755, 'gpp_af': 87.15087901551613, 'gpp_b': 0.0024647727459521556, 'gpp_d': 508.00149083091264, 'ign_k': 2.0640837535553334, 'ign_c': 0.22198982080184024, 'trop_agb_crit': 1.076547347348735, 'trop_k_veg': 2.775728076826056, 'fuel_k': 3.2143280268245267, 'fuel_half': 0.20568597862568566}. Best is trial 0 with value: -0.6070628323553574.
[I 2026-07-24 02:17:05,875] Trial 177 finished with value: 0.5277787209491794 and parameters: {'k1': 0.023259857360188287, 'D_low': 2.470444000715311, 'k2': 1.08539730509947e-05, 'D_high': 296025.380549174, 'fire_exp': 1.2790881311093834, 'P_half': 193.04214155136538, 'pre_dampen_half': 0.13237546639546371, 'gpp_af': 0.778741425717839, 'gpp_b': 0.00019378969636404692, 'gpp_d': 462.6556591348258, 'ign_k': 0.003424050559257372, 'ign_c': 30.647588133031924, 'trop_agb_crit': 4.705804985213843, 'trop_k_veg': 2.586055267688691, 'fuel_k': 2.502948635988154, 'fuel_half': 0.6441007608098133}. Best is trial 0 with value: -0.6070628323553574.
[I 2026-07-24 02:17:06,279] Trial 178 finished with value: -0.5345131460369013 and parameters: {'k1': 0.006835779997478142, 'D_low': 354.925819214511, 'k2': 0.0003522257054982672, 'D_high': 904199.0375558834, 'fire_exp': 2.186683738653194, 'P_half': 151.77010245443518, 'pre_dampen_half': 794.4750401885948, 'gpp_af': 19.79728177116661, 'gpp_b': 0.583008231980578, 'gpp_d': 37.717217014683, 'ign_k': 0.10292888554215987, 'ign_c': 0.724499765646944, 'trop_agb_crit': 18.02609598623809, 'trop_k_veg': 4.386888693739015, 'fuel_k': 1.7201279080285907, 'fuel_half': 21.162321602024488}. Best is trial 0 with value: -0.6070628323553574.
[I 2026-07-24 02:17:06,685] Trial 179 finished with value: 0.6396792043582096 and parameters: {'k1': 0.0009460987377757802, 'D_low': 102.55261992265015, 'k2': 0.0004863989015691776, 'D_high': 2862952.6668277676, 'fire_exp': 2.6802149103148203, 'P_half': 21.193207057309902, 'pre_dampen_half': 620.5154995674073, 'gpp_af': 0.26579462031409995, 'gpp_b': 5.546165781217633, 'gpp_d': 3.6179400461923064, 'ign_k': 2.9562908773703875, 'ign_c': 0.2449368840461085, 'trop_agb_crit': 18.79213972238555, 'trop_k_veg': 5.595998293399647, 'fuel_k': 2.1831748187703583, 'fuel_half': 26.675710747290037}. Best is trial 0 with value: -0.6070628323553574.
[I 2026-07-24 02:17:07,094] Trial 180 finished with value: 0.5462431293183914 and parameters: {'k1': 0.026516981807938638, 'D_low': 4097.130517524814, 'k2': 0.00017882538990636, 'D_high': 1400822.729695211, 'fire_exp': 1.7808891663885489, 'P_half': 47.43499102698624, 'pre_dampen_half': 266.79816247353517, 'gpp_af': 45.893675331259765, 'gpp_b': 0.9742249973758417, 'gpp_d': 56.91594852147994, 'ign_k': 0.009085694868387265, 'ign_c': 0.5049844472634853, 'trop_agb_crit': 17.235506755793484, 'trop_k_veg': 4.342310462145479, 'fuel_k': 3.027843083242366, 'fuel_half': 11.130158787925119}. Best is trial 0 with value: -0.6070628323553574.
[I 2026-07-24 02:17:07,508] Trial 181 finished with value: 0.6115058627333173 and parameters: {'k1': 0.002670526833266224, 'D_low': 7420.709805084668, 'k2': 0.00026047660143279174, 'D_high': 380670.80916813685, 'fire_exp': 2.3423831655835428, 'P_half': 525.3751325563298, 'pre_dampen_half': 262.1751443483775, 'gpp_af': 3.631097666732075, 'gpp_b': 4.100688716015417, 'gpp_d': 135.82207963698502, 'ign_k': 0.6375693867981937, 'ign_c': 0.7996894410721231, 'trop_agb_crit': 10.876718726530195, 'trop_k_veg': 3.089614171371519, 'fuel_k': 1.2872024086972689, 'fuel_half': 20.98200375600419}. Best is trial 0 with value: -0.6070628323553574.
[I 2026-07-24 02:17:07,913] Trial 182 finished with value: -0.48718850943531394 and parameters: {'k1': 0.012619837022145483, 'D_low': 116.468684917109, 'k2': 0.000219406102302686, 'D_high': 8526.871957295049, 'fire_exp': 1.8681018675507919, 'P_half': 204.73397433675845, 'pre_dampen_half': 367.3250132418457, 'gpp_af': 3.2415313579134053, 'gpp_b': 0.2296166957266489, 'gpp_d': 235.13550249624126, 'ign_k': 2.6314343223222094, 'ign_c': 0.3299598654872541, 'trop_agb_crit': 22.07009116132369, 'trop_k_veg': 4.82539571929847, 'fuel_k': 0.6329775299852892, 'fuel_half': 17.729095808176716}. Best is trial 0 with value: -0.6070628323553574.
[I 2026-07-24 02:17:08,317] Trial 183 finished with value: 0.4701781783436296 and parameters: {'k1': 3.397334750714951e-05, 'D_low': 26.143359098654035, 'k2': 7.619978941085729e-05, 'D_high': 122791.13394309937, 'fire_exp': 1.0577915332086307, 'P_half': 2.004199374077927, 'pre_dampen_half': 15.533683858626112, 'gpp_af': 53.84788045321879, 'gpp_b': 0.003782906824965109, 'gpp_d': 129.1323458949562, 'ign_k': 0.019277437091741633, 'ign_c': 1.14707580867993, 'trop_agb_crit': 1.6188941829592582, 'trop_k_veg': 1.6679293464156608, 'fuel_k': 2.2770828346183425, 'fuel_half': 0.2526369241361698}. Best is trial 0 with value: -0.6070628323553574.
[I 2026-07-24 02:17:08,724] Trial 184 finished with value: 0.47705162270754575 and parameters: {'k1': 0.0007169592796853826, 'D_low': 2.023983771092012, 'k2': 3.7916120412433816e-05, 'D_high': 1463023.0269368298, 'fire_exp': 1.4004485370888848, 'P_half': 14.79678064246294, 'pre_dampen_half': 0.10808283419282352, 'gpp_af': 10.397061196553008, 'gpp_b': 0.00018787774963109605, 'gpp_d': 120.56333325761108, 'ign_k': 0.00246104004219679, 'ign_c': 1.1735839436434568, 'trop_agb_crit': 3.0933831847055613, 'trop_k_veg': 2.295238454980961, 'fuel_k': 3.2115095068530115, 'fuel_half': 0.16502960975697895}. Best is trial 0 with value: -0.6070628323553574.
[I 2026-07-24 02:17:09,138] Trial 185 finished with value: 0.6089492021070136 and parameters: {'k1': 0.00736764691712029, 'D_low': 54.38100247474659, 'k2': 0.0001327792208868339, 'D_high': 4254248.667690223, 'fire_exp': 2.6164810095993003, 'P_half': 8.356007625086068, 'pre_dampen_half': 824.702250343818, 'gpp_af': 5.34254025180085, 'gpp_b': 9.257884631702382, 'gpp_d': 10.024432853429516, 'ign_k': 4.577220531986219, 'ign_c': 8.024467889406484, 'trop_agb_crit': 17.803600502021318, 'trop_k_veg': 3.4707315820837583, 'fuel_k': 0.3345326178262317, 'fuel_half': 7.509654942436965}. Best is trial 0 with value: -0.6070628323553574.
[I 2026-07-24 02:17:09,548] Trial 186 finished with value: -0.5139190223468901 and parameters: {'k1': 0.0024093891892569257, 'D_low': 26.611205405288565, 'k2': 0.00014310448658687273, 'D_high': 648273.9472955131, 'fire_exp': 2.834581844950723, 'P_half': 62.13716962010804, 'pre_dampen_half': 55.29842289036463, 'gpp_af': 65.7048566772864, 'gpp_b': 0.10729448802462194, 'gpp_d': 178.21796759510732, 'ign_k': 0.047818091109806275, 'ign_c': 0.12923167658020612, 'trop_agb_crit': 12.25253072712522, 'trop_k_veg': 1.7735288842971157, 'fuel_k': 4.52695789827769, 'fuel_half': 39.85001628086394}. Best is trial 0 with value: -0.6070628323553574.
[I 2026-07-24 02:17:09,951] Trial 187 finished with value: -0.5587000474532806 and parameters: {'k1': 0.037564338926606974, 'D_low': 4888.082711958412, 'k2': 2.4852724047814426e-05, 'D_high': 589387.8244894982, 'fire_exp': 1.0182215575652704, 'P_half': 51.60595985460212, 'pre_dampen_half': 579.2610121508662, 'gpp_af': 10.65255843948427, 'gpp_b': 0.5101655069963744, 'gpp_d': 572.5351904526068, 'ign_k': 0.002035281754748472, 'ign_c': 193.5429672208835, 'trop_agb_crit': 1.0754907790142862, 'trop_k_veg': 4.363892567905346, 'fuel_k': 1.5163324342856186, 'fuel_half': 0.8712817473513852}. Best is trial 0 with value: -0.6070628323553574.
[I 2026-07-24 02:17:10,355] Trial 188 finished with value: 0.6445374145881376 and parameters: {'k1': 0.035011264852646856, 'D_low': 532519.5047380661, 'k2': 0.0001546162164979411, 'D_high': 24549.678883465065, 'fire_exp': 1.3339895883474646, 'P_half': 83.99999894045669, 'pre_dampen_half': 77.50601874209943, 'gpp_af': 0.3237953205278518, 'gpp_b': 0.3971659191905212, 'gpp_d': 65.72348025034769, 'ign_k': 0.0011047995571129101, 'ign_c': 524.072359589683, 'trop_agb_crit': 1.9991521426705368, 'trop_k_veg': 4.585104585811642, 'fuel_k': 1.1627812829522808, 'fuel_half': 0.5676091500931667}. Best is trial 0 with value: -0.6070628323553574.
[I 2026-07-24 02:17:10,764] Trial 189 finished with value: 0.6112496436386845 and parameters: {'k1': 0.007219775885342638, 'D_low': 140.88879500023364, 'k2': 0.001274645953427321, 'D_high': 6111427.820777092, 'fire_exp': 3.7367745673366497, 'P_half': 6930.110251856994, 'pre_dampen_half': 486.2038564070741, 'gpp_af': 15.295611659228527, 'gpp_b': 0.010066756878829962, 'gpp_d': 170.3355504338771, 'ign_k': 0.04723850423712535, 'ign_c': 1.6720661236082779, 'trop_agb_crit': 20.7615634310952, 'trop_k_veg': 3.942437005584975, 'fuel_k': 5.734509408500812, 'fuel_half': 34.59285709159714}. Best is trial 0 with value: -0.6070628323553574.
[I 2026-07-24 02:17:11,174] Trial 190 finished with value: 0.5313441414906406 and parameters: {'k1': 0.002203521901524588, 'D_low': 383.7750300571995, 'k2': 0.00035796636286265375, 'D_high': 4244014.685821173, 'fire_exp': 7.367555645670373, 'P_half': 31.98028412558983, 'pre_dampen_half': 3.678371175141834, 'gpp_af': 21.314116639470623, 'gpp_b': 0.0650837304760074, 'gpp_d': 342.99766124069083, 'ign_k': 0.11615617181035974, 'ign_c': 0.3179906832372475, 'trop_agb_crit': 15.517891633647404, 'trop_k_veg': 1.865824967612489, 'fuel_k': 2.8433432835977714, 'fuel_half': 45.2473783619829}. Best is trial 0 with value: -0.6070628323553574.
[I 2026-07-24 02:17:11,592] Trial 191 finished with value: -0.5570839273735235 and parameters: {'k1': 0.05265327777528648, 'D_low': 2018.6727632083578, 'k2': 0.00013179367180009182, 'D_high': 796180.3691624808, 'fire_exp': 1.438641540725943, 'P_half': 120.2513160699941, 'pre_dampen_half': 373.0868947956144, 'gpp_af': 1.2868175889889513, 'gpp_b': 0.08076287511732722, 'gpp_d': 160.1118962243439, 'ign_k': 0.0036159001503887835, 'ign_c': 73.95775518802809, 'trop_agb_crit': 1.0026652146894672, 'trop_k_veg': 5.899916626502965, 'fuel_k': 1.9763701557589683, 'fuel_half': 0.172473284847493}. Best is trial 0 with value: -0.6070628323553574.
[I 2026-07-24 02:17:12,008] Trial 192 finished with value: 0.5157338819807888 and parameters: {'k1': 0.001219356848976847, 'D_low': 37.184874964820494, 'k2': 0.0006717881587488012, 'D_high': 13464.572367916919, 'fire_exp': 1.0484681133533094, 'P_half': 7.620597847000822, 'pre_dampen_half': 0.0960671128760309, 'gpp_af': 4.796963482324732, 'gpp_b': 7.742089591119297e-05, 'gpp_d': 620.8572832522626, 'ign_k': 0.22875782221272134, 'ign_c': 6.041598417510781, 'trop_agb_crit': 2.709060261779744, 'trop_k_veg': 2.3049762872162747, 'fuel_k': 2.6473632983591084, 'fuel_half': 0.5674300876290062}. Best is trial 0 with value: -0.6070628323553574.
[I 2026-07-24 02:17:12,416] Trial 193 finished with value: 0.5936527250997945 and parameters: {'k1': 0.007089319107847436, 'D_low': 9.262147255982553, 'k2': 1.988515455259811e-05, 'D_high': 2886886.3517958834, 'fire_exp': 2.7096389056939865, 'P_half': 41.979895592047214, 'pre_dampen_half': 60.75953529067337, 'gpp_af': 9.471220289924663, 'gpp_b': 0.6974529305764859, 'gpp_d': 4.672608520891657, 'ign_k': 0.04577013981592981, 'ign_c': 0.5315919135700314, 'trop_agb_crit': 2.7087524244338024, 'trop_k_veg': 1.3428965187244364, 'fuel_k': 1.662651081072057, 'fuel_half': 12.69202531359317}. Best is trial 0 with value: -0.6070628323553574.
[I 2026-07-24 02:17:12,821] Trial 194 finished with value: 0.6445374145881376 and parameters: {'k1': 0.010330960392250716, 'D_low': 2592.4052615877667, 'k2': 1.3492553022129817e-05, 'D_high': 97043.44767319121, 'fire_exp': 1.3546897512457128, 'P_half': 41.0001132805394, 'pre_dampen_half': 532.8480882686096, 'gpp_af': 10.009966389669554, 'gpp_b': 0.22396901957614068, 'gpp_d': 99.67013266551646, 'ign_k': 0.15226804452619344, 'ign_c': 356.7648251464703, 'trop_agb_crit': 1.0103311265256834, 'trop_k_veg': 6.278096396466666, 'fuel_k': 0.43366496686322403, 'fuel_half': 1.9907402833684278}. Best is trial 0 with value: -0.6070628323553574.
[I 2026-07-24 02:17:13,222] Trial 195 finished with value: 0.44805623059770705 and parameters: {'k1': 0.002313976406840925, 'D_low': 97.84964660504568, 'k2': 0.00011234570817569554, 'D_high': 1157009.8357490401, 'fire_exp': 1.4284814280045377, 'P_half': 48.306119846462714, 'pre_dampen_half': 81.6045050866468, 'gpp_af': 38.125036742482585, 'gpp_b': 0.028111007580142233, 'gpp_d': 680.123537480581, 'ign_k': 0.005039718737607778, 'ign_c': 0.295655835179514, 'trop_agb_crit': 11.889068225228469, 'trop_k_veg': 0.9638197860187927, 'fuel_k': 3.6983865718876117, 'fuel_half': 49.04867710473695}. Best is trial 0 with value: -0.6070628323553574.
[I 2026-07-24 02:17:13,625] Trial 196 finished with value: 0.5750669964437148 and parameters: {'k1': 0.038693277992843327, 'D_low': 760.2790884432029, 'k2': 1.0217812911184812e-05, 'D_high': 29663.79234135623, 'fire_exp': 1.8426982433246486, 'P_half': 58.94343352157486, 'pre_dampen_half': 333.4313911926929, 'gpp_af': 7.418261195999945, 'gpp_b': 0.023814615939691006, 'gpp_d': 731.8946238381124, 'ign_k': 0.0013155977170961782, 'ign_c': 494.1048854774862, 'trop_agb_crit': 1.0550177130655538, 'trop_k_veg': 2.921384292925795, 'fuel_k': 2.8904846149143517, 'fuel_half': 0.3150811103926963}. Best is trial 0 with value: -0.6070628323553574.
[I 2026-07-24 02:17:14,028] Trial 197 finished with value: 0.5952897172701462 and parameters: {'k1': 0.023081772286113123, 'D_low': 5244.981017751771, 'k2': 0.00015090699109833865, 'D_high': 1051129.2265134712, 'fire_exp': 1.583543599041854, 'P_half': 947.128261658539, 'pre_dampen_half': 674.3905625291706, 'gpp_af': 4.2395040359535505, 'gpp_b': 0.046708956981953334, 'gpp_d': 20.427008339319226, 'ign_k': 0.007792655558946258, 'ign_c': 121.49439679287595, 'trop_agb_crit': 1.6242577311016106, 'trop_k_veg': 6.795002335875234, 'fuel_k': 3.7754623823842404, 'fuel_half': 1.910244270207751}. Best is trial 0 with value: -0.6070628323553574.
[I 2026-07-24 02:17:14,440] Trial 198 finished with value: 0.4724989831578379 and parameters: {'k1': 0.012298081427450843, 'D_low': 2.1304819205266368, 'k2': 7.567133867090965e-05, 'D_high': 350769.9951104438, 'fire_exp': 1.7405945163541476, 'P_half': 23.777930838267537, 'pre_dampen_half': 30.257761939236293, 'gpp_af': 17.24287019628127, 'gpp_b': 0.45105532966526685, 'gpp_d': 80.0772501705601, 'ign_k': 0.25390286834097325, 'ign_c': 1.3547451767540768, 'trop_agb_crit': 16.316844245138252, 'trop_k_veg': 4.316504663906989, 'fuel_k': 4.753507814572979, 'fuel_half': 6.15234253902282}. Best is trial 0 with value: -0.6070628323553574.
[I 2026-07-24 02:17:14,847] Trial 199 finished with value: 0.6410724595959523 and parameters: {'k1': 0.06131823719655868, 'D_low': 257897.83654002546, 'k2': 1.6262839631799114e-05, 'D_high': 28412.623468031845, 'fire_exp': 1.1141251613418224, 'P_half': 385.93233954593467, 'pre_dampen_half': 142.24921823649703, 'gpp_af': 10.832002846895382, 'gpp_b': 0.028893253396495868, 'gpp_d': 796.0567548673083, 'ign_k': 0.010849682348455805, 'ign_c': 252.26478832219976, 'trop_agb_crit': 1.0595236865117927, 'trop_k_veg': 7.391885267110451, 'fuel_k': 1.5344889399761144, 'fuel_half': 0.2498448058804757}. Best is trial 0 with value: -0.6070628323553574.
[I 2026-07-24 02:17:15,264] Trial 200 finished with value: 0.5732052771066567 and parameters: {'k1': 0.00031324518454157855, 'D_low': 39.54100507939418, 'k2': 1.982705605398529e-05, 'D_high': 7355686.99145539, 'fire_exp': 1.6942378966469738, 'P_half': 4.935127513976538, 'pre_dampen_half': 0.025973524176275412, 'gpp_af': 68.57530140698537, 'gpp_b': 0.07513889750499839, 'gpp_d': 36.92143355531392, 'ign_k': 0.0020963624519324793, 'ign_c': 0.2955542767711382, 'trop_agb_crit': 1.0654459414408135, 'trop_k_veg': 1.5871116260088076, 'fuel_k': 1.0993648934443254, 'fuel_half': 0.147127520352988}. Best is trial 0 with value: -0.6070628323553574.
[I 2026-07-24 02:17:15,670] Trial 201 finished with value: 0.48443765600080724 and parameters: {'k1': 0.0006112507492070108, 'D_low': 2.232568867260806, 'k2': 0.00022387861265474283, 'D_high': 108991.83304773143, 'fire_exp': 2.1631572749893575, 'P_half': 69.40043851477436, 'pre_dampen_half': 178.80106413325984, 'gpp_af': 86.56688365424037, 'gpp_b': 0.009642433279982016, 'gpp_d': 80.52676427541783, 'ign_k': 0.13084465671824216, 'ign_c': 0.3311713177483464, 'trop_agb_crit': 25.34248119993028, 'trop_k_veg': 1.4991315969817236, 'fuel_k': 4.519489403558165, 'fuel_half': 37.17659674598043}. Best is trial 0 with value: -0.6070628323553574.
[I 2026-07-24 02:17:16,071] Trial 202 finished with value: 0.5006923304270434 and parameters: {'k1': 0.000188955719457309, 'D_low': 11.201479863922403, 'k2': 0.0003265634040365082, 'D_high': 3200915.9872770747, 'fire_exp': 3.052736903368978, 'P_half': 97.86530411127852, 'pre_dampen_half': 30.71325561708537, 'gpp_af': 10.329501525391256, 'gpp_b': 0.5333142497401099, 'gpp_d': 515.8803980139523, 'ign_k': 0.06832480563446107, 'ign_c': 0.3370037516082777, 'trop_agb_crit': 9.448183408960457, 'trop_k_veg': 4.227008009454896, 'fuel_k': 1.5883495809178512, 'fuel_half': 34.49054453828983}. Best is trial 0 with value: -0.6070628323553574.
