[I 2026-08-14 15:13:48,178] Trial 2453 finished with values: [-0.3554625854118624, 0.0] and parameters: {'k1': 0.0010204225357677778, 'D_low': 1.7887890916820506, 'k2': 0.004914583003830406, 'D_high': 625838.668783032, 'fire_exp': 1.6733848721157607, 'P_half': 351.2704726270846, 'pre_dampen_half': 0.03627422119926134, 'gpp_af': 0.0023751383317256927, 'gpp_b': 0.00024732964314480056, 'gpp_d': 0.01307253094873642, 'ign_k': 0.25940144092298384, 'ign_c': 105.24574681335613, 'trop_agb_crit': 16.86264052240002, 'trop_k_veg': 3.4508425771776365, 'fuel_k': 5.486054129200969, 'fuel_half': 65.99277195883643}.
[I 2026-08-14 15:13:49,389] Trial 2454 finished with values: [-0.4314048647647895, 0.0003028944945070444] and parameters: {'k1': 1.8595266457134027e-05, 'D_low': 4.043300846639722, 'k2': 1.854837679096716e-05, 'D_high': 316055.11434645514, 'fire_exp': 1.6214575867079866, 'P_half': 269.74113434525447, 'pre_dampen_half': 0.03627422119926134, 'gpp_af': 0.0025511964576171086, 'gpp_b': 0.00012906175696809457, 'gpp_d': 118.76778108310666, 'ign_k': 0.7199569739977004, 'ign_c': 25.36860972218539, 'trop_agb_crit': 13.98132484257899, 'trop_k_veg': 1.128469461526162, 'fuel_k': 5.486054129200969, 'fuel_half': 0.30455368715396786}.
[I 2026-08-14 15:13:50,635] Trial 2455 finished with values: [-0.4399402909456328, 0.0014083184788038494] and parameters: {'k1': 0.0012329098365270509, 'D_low': 1.7887890916820506, 'k2': 0.00010939944910100016, 'D_high': 625838.668783032, 'fire_exp': 1.6214575867079866, 'P_half': 220.3445560633069, 'pre_dampen_half': 0.03627422119926134, 'gpp_af': 0.0023751383317256927, 'gpp_b': 0.00024732964314480056, 'gpp_d': 0.01307253094873642, 'ign_k': 8.017801372168808, 'ign_c': 15.221840161091626, 'trop_agb_crit': 24.55554375012532, 'trop_k_veg': 0.6004181011818444, 'fuel_k': 5.486054129200969, 'fuel_half': 21.581206953296725}.
[I 2026-08-14 15:13:51,809] Trial 2456 finished with values: [-0.3963043373034404, 5.738933661625367e-09] and parameters: {'k1': 0.0004688858519834985, 'D_low': 4.043300846639722, 'k2': 0.00010939944910100016, 'D_high': 625838.668783032, 'fire_exp': 1.2980861156649692, 'P_half': 48.464976792190825, 'pre_dampen_half': 0.10609580257119508, 'gpp_af': 0.0023751383317256927, 'gpp_b': 2.788681037423117, 'gpp_d': 63.717195865541925, 'ign_k': 0.03141110271934876, 'ign_c': 105.24574681335613, 'trop_agb_crit': 13.98132484257899, 'trop_k_veg': 0.9694140152996831, 'fuel_k': 1.6630228777630973, 'fuel_half': 3.7093134348291836}.
[I 2026-08-14 15:13:53,015] Trial 2457 finished with values: [-0.3838657498343406, 3.511585466853262e-10] and parameters: {'k1': 0.0004688858519834985, 'D_low': 1.7887890916820506, 'k2': 0.00010939944910100016, 'D_high': 316055.11434645514, 'fire_exp': 1.2429193829348841, 'P_half': 368.9245780146773, 'pre_dampen_half': 0.10609580257119508, 'gpp_af': 0.0023751383317256927, 'gpp_b': 2.788681037423117, 'gpp_d': 0.012284844784580964, 'ign_k': 0.04380580767905655, 'ign_c': 105.24574681335613, 'trop_agb_crit': 13.98132484257899, 'trop_k_veg': 0.9694140152996831, 'fuel_k': 0.09912545669860168, 'fuel_half': 65.99277195883643}.
[I 2026-08-14 15:13:54,185] Trial 2458 finished with values: [-0.40544798874675847, 9.793309141414852e-08] and parameters: {'k1': 1.8595266457134027e-05, 'D_low': 102.62384545413329, 'k2': 1.263794633808287e-05, 'D_high': 316055.11434645514, 'fire_exp': 1.2429193829348841, 'P_half': 5.634944238457769, 'pre_dampen_half': 0.10609580257119508, 'gpp_af': 0.030592049838223532, 'gpp_b': 2.788681037423117, 'gpp_d': 597.9617889501159, 'ign_k': 0.04380580767905655, 'ign_c': 105.24574681335613, 'trop_agb_crit': 13.98132484257899, 'trop_k_veg': 0.5867950625280031, 'fuel_k': 0.06382243375381637, 'fuel_half': 3.7093134348291836}.
[I 2026-08-14 15:13:55,332] Trial 2459 finished with values: [-0.5006917278199358, 0.002635094038291985] and parameters: {'k1': 0.0012329098365270509, 'D_low': 4.043300846639722, 'k2': 0.00011861374667636013, 'D_high': 316055.11434645514, 'fire_exp': 1.6214575867079866, 'P_half': 406.34698167377394, 'pre_dampen_half': 0.03411860497758073, 'gpp_af': 0.0027664621642272394, 'gpp_b': 0.00024732964314480056, 'gpp_d': 31.242382304651574, 'ign_k': 0.18945647155616227, 'ign_c': 15.221840161091626, 'trop_agb_crit': 16.86264052240002, 'trop_k_veg': 1.128469461526162, 'fuel_k': 5.486054129200969, 'fuel_half': 0.30455368715396786}.
[I 2026-08-14 15:13:56,501] Trial 2460 finished with values: [-0.506566860037995, 0.0026075018056335164] and parameters: {'k1': 0.0012329098365270509, 'D_low': 1.7887890916820506, 'k2': 0.004914583003830406, 'D_high': 625838.668783032, 'fire_exp': 1.6733848721157607, 'P_half': 351.2704726270846, 'pre_dampen_half': 0.03627422119926134, 'gpp_af': 0.0023751383317256927, 'gpp_b': 0.00024732964314480056, 'gpp_d': 597.9617889501159, 'ign_k': 0.25940144092298384, 'ign_c': 14.935213816355384, 'trop_agb_crit': 16.86264052240002, 'trop_k_veg': 0.6004181011818444, 'fuel_k': 5.486054129200969, 'fuel_half': 0.30455368715396786}.
[I 2026-08-14 15:13:57,650] Trial 2461 finished with values: [-0.4070040117588626, 1.7402699054036574e-06] and parameters: {'k1': 0.0012329098365270509, 'D_low': 3507.515213502105, 'k2': 0.06176637358253258, 'D_high': 316055.11434645514, 'fire_exp': 1.075051292556307, 'P_half': 406.34698167377394, 'pre_dampen_half': 0.10609580257119508, 'gpp_af': 0.0025511964576171086, 'gpp_b': 2.788681037423117, 'gpp_d': 0.01307253094873642, 'ign_k': 0.04380580767905655, 'ign_c': 15.221840161091626, 'trop_agb_crit': 16.86264052240002, 'trop_k_veg': 7.063879971757455, 'fuel_k': 5.486054129200969, 'fuel_half': 1.2736251939475463}.
[I 2026-08-14 15:13:58,868] Trial 2462 finished with values: [-0.47629902755282255, 0.0017597502482488148] and parameters: {'k1': 0.0012329098365270509, 'D_low': 5500.925318788574, 'k2': 0.0005708731724249573, 'D_high': 316055.11434645514, 'fire_exp': 1.6214575867079866, 'P_half': 406.34698167377394, 'pre_dampen_half': 0.03411860497758073, 'gpp_af': 0.0025511964576171086, 'gpp_b': 0.00024732964314480056, 'gpp_d': 1.2092668832190316, 'ign_k': 0.18945647155616227, 'ign_c': 15.221840161091626, 'trop_agb_crit': 9.903123338050214, 'trop_k_veg': 1.0278430021672995, 'fuel_k': 5.486054129200969, 'fuel_half': 0.30455368715396786}.
[I 2026-08-14 15:14:00,932] Trial 2463 finished with values: [-0.4023919987867616, 2.4841957046994878e-08] and parameters: {'k1': 0.0005362717327578319, 'D_low': 367.4904945305323, 'k2': 1.854837679096716e-05, 'D_high': 582349.8764421478, 'fire_exp': 1.6214575867079866, 'P_half': 269.74113434525447, 'pre_dampen_half': 0.10609580257119508, 'gpp_af': 0.030592049838223532, 'gpp_b': 2.788681037423117, 'gpp_d': 0.07525142212697536, 'ign_k': 0.567034633562729, 'ign_c': 25.36860972218539, 'trop_agb_crit': 6.247810889373202, 'trop_k_veg': 1.128469461526162, 'fuel_k': 5.486054129200969, 'fuel_half': 15.581254655530845}.
[I 2026-08-14 15:14:02,092] Trial 2464 finished with values: [-0.4403851791486254, 0.002805144541228488] and parameters: {'k1': 6.069662445477729e-05, 'D_low': 1.7887890916820506, 'k2': 1.4780502282018014e-05, 'D_high': 625838.668783032, 'fire_exp': 1.075051292556307, 'P_half': 1535.1441568398143, 'pre_dampen_half': 0.10609580257119508, 'gpp_af': 0.0025511964576171086, 'gpp_b': 0.00024732964314480056, 'gpp_d': 0.01307253094873642, 'ign_k': 0.28298168613109503, 'ign_c': 15.221840161091626, 'trop_agb_crit': 6.247810889373202, 'trop_k_veg': 2.8224577471047865, 'fuel_k': 5.486054129200969, 'fuel_half': 15.581254655530845}.
[I 2026-08-14 15:14:03,263] Trial 2465 finished with values: [-0.4152919509538564, 1.4427775685166289e-05] and parameters: {'k1': 0.0010204225357677778, 'D_low': 4.043300846639722, 'k2': 1.263794633808287e-05, 'D_high': 1826.6972566585878, 'fire_exp': 1.2429193829348841, 'P_half': 48.464976792190825, 'pre_dampen_half': 0.014313487529460612, 'gpp_af': 0.0023751383317256927, 'gpp_b': 0.00036095968224081657, 'gpp_d': 0.01307253094873642, 'ign_k': 0.04380580767905655, 'ign_c': 105.24574681335613, 'trop_agb_crit': 11.659854259018239, 'trop_k_veg': 2.8224577471047865, 'fuel_k': 0.09912545669860168, 'fuel_half': 15.581254655530845}.
[I 2026-08-14 15:14:04,451] Trial 2466 finished with values: [-0.39151901264904004, 1.742749577982039e-08] and parameters: {'k1': 1.3636584736575774e-05, 'D_low': 3507.515213502105, 'k2': 1.854837679096716e-05, 'D_high': 316055.11434645514, 'fire_exp': 7.571567050090019, 'P_half': 351.2704726270846, 'pre_dampen_half': 0.10609580257119508, 'gpp_af': 0.016480994562323513, 'gpp_b': 0.00024732964314480056, 'gpp_d': 597.9617889501159, 'ign_k': 0.03141110271934876, 'ign_c': 15.221840161091626, 'trop_agb_crit': 16.86264052240002, 'trop_k_veg': 0.6004181011818444, 'fuel_k': 5.486054129200969, 'fuel_half': 65.99277195883643}.
[I 2026-08-14 15:14:05,599] Trial 2467 finished with values: [-0.4192624942967472, 0.0002578579912870804] and parameters: {'k1': 0.0012329098365270509, 'D_low': 1.7887890916820506, 'k2': 0.0016956986651491751, 'D_high': 316055.11434645514, 'fire_exp': 1.2429193829348841, 'P_half': 351.2704726270846, 'pre_dampen_half': 0.10609580257119508, 'gpp_af': 0.0023751383317256927, 'gpp_b': 1.7134677073467573e-05, 'gpp_d': 597.9617889501159, 'ign_k': 0.04380580767905655, 'ign_c': 105.24574681335613, 'trop_agb_crit': 13.98132484257899, 'trop_k_veg': 0.9694140152996831, 'fuel_k': 0.021123235354472927, 'fuel_half': 0.30455368715396786}.
[I 2026-08-14 15:14:06,740] Trial 2468 finished with values: [-0.3902154298373778, 1.0434424435601386e-09] and parameters: {'k1': 0.0004688858519834985, 'D_low': 367.4904945305323, 'k2': 0.00010939944910100016, 'D_high': 316055.11434645514, 'fire_exp': 1.2429193829348841, 'P_half': 48.464976792190825, 'pre_dampen_half': 0.10609580257119508, 'gpp_af': 0.0023751383317256927, 'gpp_b': 2.788681037423117, 'gpp_d': 8.144272585223819, 'ign_k': 0.04380580767905655, 'ign_c': 105.24574681335613, 'trop_agb_crit': 13.98132484257899, 'trop_k_veg': 0.9694140152996831, 'fuel_k': 0.06382243375381637, 'fuel_half': 65.99277195883643}.
[I 2026-08-14 15:14:07,951] Trial 2469 finished with values: [-0.3554625854118624, 0.0] and parameters: {'k1': 0.0012329098365270509, 'D_low': 10024.99922766884, 'k2': 0.00011861374667636013, 'D_high': 625838.668783032, 'fire_exp': 2.5368205507948964, 'P_half': 1535.1441568398143, 'pre_dampen_half': 0.03627422119926134, 'gpp_af': 0.008983355849178878, 'gpp_b': 0.32036037265591544, 'gpp_d': 0.01307253094873642, 'ign_k': 0.28298168613109503, 'ign_c': 105.24574681335613, 'trop_agb_crit': 16.86264052240002, 'trop_k_veg': 2.1816482703680733, 'fuel_k': 5.486054129200969, 'fuel_half': 0.30455368715396786}.
[I 2026-08-14 15:14:09,239] Trial 2470 finished with values: [-0.44318877669086615, 0.000459329130761188] and parameters: {'k1': 0.0012329098365270509, 'D_low': 1.7887890916820506, 'k2': 0.00010939944910100016, 'D_high': 625838.668783032, 'fire_exp': 1.6733848721157607, 'P_half': 220.3445560633069, 'pre_dampen_half': 0.03627422119926134, 'gpp_af': 0.0023751383317256927, 'gpp_b': 0.00024732964314480056, 'gpp_d': 597.9617889501159, 'ign_k': 8.37447083311907, 'ign_c': 25.36860972218539, 'trop_agb_crit': 16.86264052240002, 'trop_k_veg': 1.128469461526162, 'fuel_k': 5.486054129200969, 'fuel_half': 0.30455368715396786}.
[I 2026-08-14 15:14:10,392] Trial 2471 finished with values: [-0.3554625854118624, 0.0] and parameters: {'k1': 6.069662445477729e-05, 'D_low': 9432.006040193699, 'k2': 0.00018001439404178018, 'D_high': 625838.668783032, 'fire_exp': 1.2429193829348841, 'P_half': 9.247035224335864, 'pre_dampen_half': 0.10609580257119508, 'gpp_af': 0.008983355849178878, 'gpp_b': 2.788681037423117, 'gpp_d': 0.01307253094873642, 'ign_k': 0.567034633562729, 'ign_c': 105.24574681335613, 'trop_agb_crit': 6.247810889373202, 'trop_k_veg': 2.8224577471047865, 'fuel_k': 1.6630228777630973, 'fuel_half': 15.581254655530845}.
[I 2026-08-14 15:14:11,531] Trial 2472 finished with values: [-0.4148406787339477, 1.6307688287531263e-06] and parameters: {'k1': 6.069662445477729e-05, 'D_low': 4.043300846639722, 'k2': 0.00019472216066157317, 'D_high': 625838.668783032, 'fire_exp': 1.2429193829348841, 'P_half': 1535.1441568398143, 'pre_dampen_half': 0.03627422119926134, 'gpp_af': 0.008983355849178878, 'gpp_b': 0.44882485827297763, 'gpp_d': 0.01307253094873642, 'ign_k': 0.04380580767905655, 'ign_c': 1.9593380975141195, 'trop_agb_crit': 16.86264052240002, 'trop_k_veg': 3.4508425771776365, 'fuel_k': 5.486054129200969, 'fuel_half': 15.581254655530845}.
[I 2026-08-14 15:14:12,706] Trial 2473 finished with values: [-0.3760183262925152, 3.117254870133035e-05] and parameters: {'k1': 1.8595266457134027e-05, 'D_low': 3507.515213502105, 'k2': 1.854837679096716e-05, 'D_high': 316055.11434645514, 'fire_exp': 1.6214575867079866, 'P_half': 269.74113434525447, 'pre_dampen_half': 0.03411860497758073, 'gpp_af': 30.874215756555206, 'gpp_b': 2.1316167960671253, 'gpp_d': 0.47648833312290256, 'ign_k': 0.28298168613109503, 'ign_c': 15.221840161091626, 'trop_agb_crit': 16.86264052240002, 'trop_k_veg': 0.6004181011818444, 'fuel_k': 5.486054129200969, 'fuel_half': 0.30455368715396786}.
[I 2026-08-14 15:14:13,870] Trial 2474 finished with values: [-0.4182766351662268, 9.262124402886762e-06] and parameters: {'k1': 0.006458951242459005, 'D_low': 4.043300846639722, 'k2': 0.00448940480666442, 'D_high': 316055.11434645514, 'fire_exp': 1.2429193829348841, 'P_half': 1535.1441568398143, 'pre_dampen_half': 0.10609580257119508, 'gpp_af': 0.030592049838223532, 'gpp_b': 0.32036037265591544, 'gpp_d': 0.01307253094873642, 'ign_k': 0.020006101757963225, 'ign_c': 15.221840161091626, 'trop_agb_crit': 13.98132484257899, 'trop_k_veg': 2.8224577471047865, 'fuel_k': 5.486054129200969, 'fuel_half': 65.99277195883643}.
[I 2026-08-14 15:14:15,034] Trial 2475 finished with values: [-0.45391209817157285, 0.0016818345072525664] and parameters: {'k1': 0.0010204225357677778, 'D_low': 4.043300846639722, 'k2': 0.0005708731724249573, 'D_high': 625838.668783032, 'fire_exp': 2.5368205507948964, 'P_half': 351.2704726270846, 'pre_dampen_half': 0.10609580257119508, 'gpp_af': 0.008983355849178878, 'gpp_b': 0.00024732964314480056, 'gpp_d': 0.01307253094873642, 'ign_k': 4.016461263196632, 'ign_c': 15.221840161091626, 'trop_agb_crit': 16.86264052240002, 'trop_k_veg': 1.128469461526162, 'fuel_k': 5.486054129200969, 'fuel_half': 0.30455368715396786}.
[I 2026-08-14 15:14:16,157] Trial 2476 finished with values: [-0.39092176923514554, 1.5250313234460577e-09] and parameters: {'k1': 0.0012329098365270509, 'D_low': 1.7887890916820506, 'k2': 0.00010939944910100016, 'D_high': 625838.668783032, 'fire_exp': 1.6214575867079866, 'P_half': 220.3445560633069, 'pre_dampen_half': 0.03627422119926134, 'gpp_af': 0.0023751383317256927, 'gpp_b': 9.483006341736449, 'gpp_d': 0.01307253094873642, 'ign_k': 8.017801372168808, 'ign_c': 15.221840161091626, 'trop_agb_crit': 13.98132484257899, 'trop_k_veg': 1.128469461526162, 'fuel_k': 5.486054129200969, 'fuel_half': 0.30455368715396786}.
[I 2026-08-14 15:14:17,362] Trial 2477 finished with values: [-0.39213040768057456, 2.1199757242129635e-05] and parameters: {'k1': 0.0010204225357677778, 'D_low': 5500.925318788574, 'k2': 0.020029156339676488, 'D_high': 316055.11434645514, 'fire_exp': 6.996347105934163, 'P_half': 9.90911672953546, 'pre_dampen_half': 0.03411860497758073, 'gpp_af': 0.008983355849178878, 'gpp_b': 0.00024732964314480056, 'gpp_d': 0.01307253094873642, 'ign_k': 0.04380580767905655, 'ign_c': 15.221840161091626, 'trop_agb_crit': 7.109832527188947, 'trop_k_veg': 3.4508425771776365, 'fuel_k': 5.486054129200969, 'fuel_half': 0.30455368715396786}.
[I 2026-08-14 15:14:18,553] Trial 2478 finished with values: [-0.3920803836177133, 1.6253622892037356e-09] and parameters: {'k1': 1.8595266457134027e-05, 'D_low': 1.7887890916820506, 'k2': 1.263794633808287e-05, 'D_high': 316055.11434645514, 'fire_exp': 1.6733848721157607, 'P_half': 48.464976792190825, 'pre_dampen_half': 0.10609580257119508, 'gpp_af': 0.0023751383317256927, 'gpp_b': 2.788681037423117, 'gpp_d': 8.144272585223819, 'ign_k': 0.476373748459372, 'ign_c': 15.221840161091626, 'trop_agb_crit': 11.659854259018239, 'trop_k_veg': 2.1816482703680733, 'fuel_k': 0.09912545669860168, 'fuel_half': 65.99277195883643}.
[I 2026-08-14 15:14:20,176] Trial 2479 finished with values: [-0.43797949072386466, 0.0003555570097837357] and parameters: {'k1': 0.0012329098365270509, 'D_low': 5500.925318788574, 'k2': 0.0005708731724249573, 'D_high': 625838.668783032, 'fire_exp': 1.6214575867079866, 'P_half': 269.74113434525447, 'pre_dampen_half': 0.03411860497758073, 'gpp_af': 0.0025511964576171086, 'gpp_b': 0.00024732964314480056, 'gpp_d': 0.07525142212697536, 'ign_k': 0.567034633562729, 'ign_c': 25.36860972218539, 'trop_agb_crit': 16.86264052240002, 'trop_k_veg': 1.128469461526162, 'fuel_k': 5.486054129200969, 'fuel_half': 0.30455368715396786}.
[I 2026-08-14 15:14:26,529] Trial 2480 finished with values: [-0.5916428886462801, 0.029848328696243653] and parameters: {'k1': 0.0012329098365270509, 'D_low': 2.532418536764495, 'k2': 0.0005708731724249573, 'D_high': 316055.11434645514, 'fire_exp': 1.2070502372556005, 'P_half': 220.3445560633069, 'pre_dampen_half': 0.10609580257119508, 'gpp_af': 0.0025511964576171086, 'gpp_b': 0.00012906175696809457, 'gpp_d': 597.9617889501159, 'ign_k': 8.017801372168808, 'ign_c': 15.221840161091626, 'trop_agb_crit': 24.55554375012532, 'trop_k_veg': 5.677586309173081, 'fuel_k': 5.486054129200969, 'fuel_half': 0.30455368715396786}.
[I 2026-08-14 15:14:28,558] Trial 2481 finished with values: [-0.44677497473017225, 0.002615074278100815] and parameters: {'k1': 1.8595266457134027e-05, 'D_low': 4.043300846639722, 'k2': 1.854837679096716e-05, 'D_high': 316055.11434645514, 'fire_exp': 1.2442794736787264, 'P_half': 351.2704726270846, 'pre_dampen_half': 0.10609580257119508, 'gpp_af': 0.008983355849178878, 'gpp_b': 0.0050295076940092415, 'gpp_d': 0.012472726063715429, 'ign_k': 0.25940144092298384, 'ign_c': 14.935213816355384, 'trop_agb_crit': 13.98132484257899, 'trop_k_veg': 1.128469461526162, 'fuel_k': 5.486054129200969, 'fuel_half': 0.30455368715396786}.
[I 2026-08-14 15:14:30,834] Trial 2482 finished with values: [-0.4056888053564828, 3.2587510578885315e-08] and parameters: {'k1': 6.069662445477729e-05, 'D_low': 1.7887890916820506, 'k2': 0.00019472216066157317, 'D_high': 316055.11434645514, 'fire_exp': 1.075051292556307, 'P_half': 1535.1441568398143, 'pre_dampen_half': 0.03627422119926134, 'gpp_af': 0.0023751383317256927, 'gpp_b': 0.44882485827297763, 'gpp_d': 0.01307253094873642, 'ign_k': 0.04380580767905655, 'ign_c': 105.24574681335613, 'trop_agb_crit': 16.86264052240002, 'trop_k_veg': 2.1816482703680733, 'fuel_k': 5.486054129200969, 'fuel_half': 15.581254655530845}.
[I 2026-08-14 15:14:32,720] Trial 2483 finished with values: [-0.41555394930341905, 2.0786575916087457e-07] and parameters: {'k1': 6.069662445477729e-05, 'D_low': 367.4904945305323, 'k2': 0.0015336323622246685, 'D_high': 625838.668783032, 'fire_exp': 1.075051292556307, 'P_half': 1535.1441568398143, 'pre_dampen_half': 0.03627422119926134, 'gpp_af': 0.030592049838223532, 'gpp_b': 9.848173069938483, 'gpp_d': 0.01307253094873642, 'ign_k': 0.567034633562729, 'ign_c': 15.221840161091626, 'trop_agb_crit': 6.247810889373202, 'trop_k_veg': 7.063879971757455, 'fuel_k': 5.486054129200969, 'fuel_half': 15.581254655530845}.
[I 2026-08-14 15:14:34,843] Trial 2484 finished with values: [-0.41933311242169385, 0.0004754555382229242] and parameters: {'k1': 0.0010204225357677778, 'D_low': 91.1665450408668, 'k2': 0.009834123278112417, 'D_high': 316055.11434645514, 'fire_exp': 1.2429193829348841, 'P_half': 269.74113434525447, 'pre_dampen_half': 0.10609580257119508, 'gpp_af': 0.0023751383317256927, 'gpp_b': 0.00024732964314480056, 'gpp_d': 0.47648833312290256, 'ign_k': 0.03141110271934876, 'ign_c': 105.24574681335613, 'trop_agb_crit': 16.86264052240002, 'trop_k_veg': 1.128469461526162, 'fuel_k': 5.486054129200969, 'fuel_half': 65.99277195883643}.
[I 2026-08-14 15:14:37,454] Trial 2485 finished with values: [-0.3554625854118624, 0.0] and parameters: {'k1': 0.006458951242459005, 'D_low': 3507.515213502105, 'k2': 0.00010939944910100016, 'D_high': 691815.5479242557, 'fire_exp': 7.2114611966224675, 'P_half': 269.74113434525447, 'pre_dampen_half': 0.10609580257119508, 'gpp_af': 0.030592049838223532, 'gpp_b': 1.1728753685919104, 'gpp_d': 0.01307253094873642, 'ign_k': 0.754074907457476, 'ign_c': 15.221840161091626, 'trop_agb_crit': 16.86264052240002, 'trop_k_veg': 0.6004181011818444, 'fuel_k': 5.486054129200969, 'fuel_half': 0.30455368715396786}.
[I 2026-08-14 15:14:39,426] Trial 2486 finished with values: [-0.39616330037139796, 7.043236660564389e-09] and parameters: {'k1': 0.0012329098365270509, 'D_low': 9432.006040193699, 'k2': 1.4780502282018014e-05, 'D_high': 625838.668783032, 'fire_exp': 1.6214575867079866, 'P_half': 1535.1441568398143, 'pre_dampen_half': 0.10609580257119508, 'gpp_af': 0.030592049838223532, 'gpp_b': 2.788681037423117, 'gpp_d': 0.01307253094873642, 'ign_k': 8.017801372168808, 'ign_c': 15.221840161091626, 'trop_agb_crit': 16.86264052240002, 'trop_k_veg': 2.8224577471047865, 'fuel_k': 5.486054129200969, 'fuel_half': 15.581254655530845}.
[I 2026-08-14 15:14:42,290] Trial 2487 finished with values: [-0.4580685077646119, 0.0036569781292097314] and parameters: {'k1': 0.09783926683106936, 'D_low': 3507.515213502105, 'k2': 0.00010939944910100016, 'D_high': 316055.11434645514, 'fire_exp': 1.6214575867079866, 'P_half': 368.9245780146773, 'pre_dampen_half': 0.10609580257119508, 'gpp_af': 0.0023751383317256927, 'gpp_b': 0.00024732964314480056, 'gpp_d': 24.29982794998797, 'ign_k': 0.00924668240111417, 'ign_c': 15.221840161091626, 'trop_agb_crit': 13.98132484257899, 'trop_k_veg': 2.1816482703680733, 'fuel_k': 5.486054129200969, 'fuel_half': 0.30455368715396786}.
