[I 2026-06-10 22:45:26,798] Trial 931 finished with values: [-0.5910268273079924, 0.08040964914565207] and parameters: {'k1': 0.0032360993995751053, 'D_low': 146.24004590125713, 'k2': 0.0012030178871154666, 'D_high': 35.136541394511, 'fire_exp': 1.0601964743503993, 'P_half': 1265.0580856641704, 'pre_dampen_half': 189.36639872354493, 'gpp_af': 0.41874665092828456, 'gpp_b': 5.349456206882108e-05, 'gpp_d': 46.010874324515754, 'ign_k': 0.8945150807271531, 'ign_c': 0.4177928311636542, 'trop_agb_crit': 1.0693376406863295, 'trop_k_veg': 4.796046723963646, 'fire_amp': 5.831305332032283}.
[I 2026-06-10 22:45:28,222] Trial 932 finished with values: [10.473159934533317, 10.473159934533317] and parameters: {'k1': 0.0869690639641868, 'D_low': 171.2446447678494, 'k2': 0.003767022142229395, 'D_high': 48235.58283024493, 'fire_exp': 1.2918065501148304, 'P_half': 1265.0580856641704, 'pre_dampen_half': 9.044346216330972, 'gpp_af': 0.41874665092828456, 'gpp_b': 0.00047819318414852577, 'gpp_d': 0.03927259340973166, 'ign_k': 0.17320535908244444, 'ign_c': 23.422386257929038, 'trop_agb_crit': 1.0693376406863295, 'trop_k_veg': 2.9806294141302545, 'fire_amp': 5.831305332032283}.
[I 2026-06-10 22:45:30,217] Trial 933 finished with values: [10.605680103754988, 10.605680103754988] and parameters: {'k1': 0.0013219302264066773, 'D_low': 1.4002277211577039, 'k2': 0.003767022142229395, 'D_high': 949.9072859745386, 'fire_exp': 1.101415600186218, 'P_half': 1265.0580856641704, 'pre_dampen_half': 695.7350580318054, 'gpp_af': 9.853056162364394, 'gpp_b': 0.00012118589392553798, 'gpp_d': 0.030844007727232167, 'ign_k': 0.8945150807271531, 'ign_c': 1.3431925993528124, 'trop_agb_crit': 1.8285200278523417, 'trop_k_veg': 3.1055119128084763, 'fire_amp': 4.19233232783727}.
[I 2026-06-10 22:45:31,814] Trial 934 finished with values: [11.869024440469374, 11.869024440469374] and parameters: {'k1': 0.0869690639641868, 'D_low': 266.07970538371484, 'k2': 0.0007731571570012607, 'D_high': 44974.07193749848, 'fire_exp': 1.9625559044404808, 'P_half': 101.40635645866499, 'pre_dampen_half': 189.36639872354493, 'gpp_af': 37.28155624293858, 'gpp_b': 0.00047819318414852577, 'gpp_d': 7.631016235941559, 'ign_k': 0.8945150807271531, 'ign_c': 7.832259769732471, 'trop_agb_crit': 1.8566494291193822, 'trop_k_veg': 4.167664671344212, 'fire_amp': 1.4475279918261055}.
[I 2026-06-10 22:45:33,270] Trial 935 finished with values: [10.73101368423394, 10.73101368423394] and parameters: {'k1': 0.00023134781612225627, 'D_low': 1.4002277211577039, 'k2': 0.003767022142229395, 'D_high': 949.9072859745386, 'fire_exp': 1.3807440352456883, 'P_half': 4.213183643253957, 'pre_dampen_half': 9.044346216330972, 'gpp_af': 0.8057329182285734, 'gpp_b': 0.00031478066835753096, 'gpp_d': 47.35384181058586, 'ign_k': 0.17320535908244444, 'ign_c': 23.422386257929038, 'trop_agb_crit': 12.647327018493208, 'trop_k_veg': 3.1055119128084763, 'fire_amp': 1.5719333351012774}.
[I 2026-06-10 22:45:34,718] Trial 936 finished with values: [10.697877400886105, 10.697877400886105] and parameters: {'k1': 0.0014452451441203328, 'D_low': 12.105387404469584, 'k2': 4.933751600448335e-05, 'D_high': 44974.07193749848, 'fire_exp': 1.9365919987098117, 'P_half': 101.40635645866499, 'pre_dampen_half': 98.05638874011484, 'gpp_af': 1.3954498518315706, 'gpp_b': 0.16285506249643175, 'gpp_d': 0.4742269251269962, 'ign_k': 0.037151317999473285, 'ign_c': 0.6235377135673155, 'trop_agb_crit': 1.0693376406863295, 'trop_k_veg': 1.6003641872536711, 'fire_amp': 4.1162797330133705}.
[I 2026-06-10 22:45:36,116] Trial 937 finished with values: [10.711900125912456, 10.711900125912456] and parameters: {'k1': 0.08315365004960601, 'D_low': 1.4002277211577039, 'k2': 0.0007731571570012607, 'D_high': 1266.9536563782303, 'fire_exp': 1.1633452995374232, 'P_half': 1265.0580856641704, 'pre_dampen_half': 9.044346216330972, 'gpp_af': 1.0218989388622586, 'gpp_b': 0.03122740884124639, 'gpp_d': 0.4742269251269962, 'ign_k': 0.17320535908244444, 'ign_c': 0.6235377135673155, 'trop_agb_crit': 1.8566494291193822, 'trop_k_veg': 4.796046723963646, 'fire_amp': 2.6192385880432525}.
[I 2026-06-10 22:45:37,610] Trial 938 finished with values: [-0.5869722433977901, 0.32935770018963795] and parameters: {'k1': 0.0869690639641868, 'D_low': 146.28013120517718, 'k2': 0.003767022142229395, 'D_high': 44974.07193749848, 'fire_exp': 5.117531439790398, 'P_half': 101.40635645866499, 'pre_dampen_half': 189.36639872354493, 'gpp_af': 0.09885838682552685, 'gpp_b': 2.1309331861011757e-05, 'gpp_d': 0.4742269251269962, 'ign_k': 0.09256855841989636, 'ign_c': 0.10435856341129002, 'trop_agb_crit': 8.188098178380693, 'trop_k_veg': 5.593985425286908, 'fire_amp': 2.6192385880432525}.
[I 2026-06-10 22:45:39,282] Trial 939 finished with values: [10.075369550334738, 10.075369550334738] and parameters: {'k1': 0.00026539376439360527, 'D_low': 1.4002277211577039, 'k2': 0.0012030178871154666, 'D_high': 4567.167062335235, 'fire_exp': 1.0601964743503993, 'P_half': 157.3644610977214, 'pre_dampen_half': 1.4510220269654117, 'gpp_af': 0.8057329182285734, 'gpp_b': 2.176805640408474e-05, 'gpp_d': 0.47379914349407487, 'ign_k': 0.09256855841989636, 'ign_c': 0.10435856341129002, 'trop_agb_crit': 4.902399583903479, 'trop_k_veg': 4.796046723963646, 'fire_amp': 3.820446126794591}.
[I 2026-06-10 22:45:40,711] Trial 940 finished with values: [10.69303259513342, 10.69303259513342] and parameters: {'k1': 0.006079905434073396, 'D_low': 146.24004590125713, 'k2': 0.0012030178871154666, 'D_high': 17663.59719322428, 'fire_exp': 1.3807440352456883, 'P_half': 1265.0580856641704, 'pre_dampen_half': 189.36639872354493, 'gpp_af': 0.41874665092828456, 'gpp_b': 5.349456206882108e-05, 'gpp_d': 47.35384181058586, 'ign_k': 1.6270983114897255, 'ign_c': 0.4177928311636542, 'trop_agb_crit': 2.8052667649738585, 'trop_k_veg': 0.8262197191676174, 'fire_amp': 2.5432210024239192}.
[I 2026-06-10 22:45:42,121] Trial 941 finished with values: [-0.5610499000926877, 0.0574048021159268] and parameters: {'k1': 0.0869690639641868, 'D_low': 43.2326421037033, 'k2': 0.0007731571570012607, 'D_high': 949.9072859745386, 'fire_exp': 1.2732983562135975, 'P_half': 139.09474988024093, 'pre_dampen_half': 189.36639872354493, 'gpp_af': 0.09885838682552685, 'gpp_b': 0.00047819318414852577, 'gpp_d': 7.631016235941559, 'ign_k': 0.17320535908244444, 'ign_c': 0.24361599465623282, 'trop_agb_crit': 1.8566494291193822, 'trop_k_veg': 6.825463866194253, 'fire_amp': 1.4475279918261055}.
[I 2026-06-10 22:45:43,554] Trial 942 finished with values: [20.53139718422664, 20.53139718422664] and parameters: {'k1': 0.04046205802397579, 'D_low': 1.4002277211577039, 'k2': 0.003767022142229395, 'D_high': 44974.07193749848, 'fire_exp': 1.111738490499784, 'P_half': 61.6097529474144, 'pre_dampen_half': 189.36639872354493, 'gpp_af': 0.09885838682552685, 'gpp_b': 2.1309331861011757e-05, 'gpp_d': 0.4742269251269962, 'ign_k': 1.6270983114897255, 'ign_c': 0.10435856341129002, 'trop_agb_crit': 8.188098178380693, 'trop_k_veg': 0.6618107836658104, 'fire_amp': 2.6192385880432525}.
[I 2026-06-10 22:45:44,989] Trial 943 finished with values: [-0.5569237498053703, 0.10967297888862748] and parameters: {'k1': 0.00026539376439360527, 'D_low': 422.58534248395387, 'k2': 0.0012030178871154666, 'D_high': 27.55546207779663, 'fire_exp': 1.1633452995374232, 'P_half': 51.10120656497163, 'pre_dampen_half': 189.36639872354493, 'gpp_af': 0.41874665092828456, 'gpp_b': 0.004411400434514031, 'gpp_d': 1.0088237648985734, 'ign_k': 0.09256855841989636, 'ign_c': 0.4177928311636542, 'trop_agb_crit': 4.902399583903479, 'trop_k_veg': 2.1406449943451844, 'fire_amp': 5.615047466686494}.
[I 2026-06-10 22:45:46,571] Trial 944 finished with values: [10.743661132287574, 10.743661132287574] and parameters: {'k1': 0.00031134168041628584, 'D_low': 3.253741042140523, 'k2': 0.003767022142229395, 'D_high': 27.55546207779663, 'fire_exp': 1.3807440352456883, 'P_half': 4.213183643253957, 'pre_dampen_half': 98.05638874011484, 'gpp_af': 1.3954498518315706, 'gpp_b': 1.4540386644083135e-05, 'gpp_d': 0.4912895538720594, 'ign_k': 1.636529060071807, 'ign_c': 23.422386257929038, 'trop_agb_crit': 1.0693376406863295, 'trop_k_veg': 4.0068236274914755, 'fire_amp': 4.1162797330133705}.
[I 2026-06-10 22:45:48,097] Trial 945 finished with values: [10.82980216944686, 10.82980216944686] and parameters: {'k1': 0.0869690639641868, 'D_low': 146.24004590125713, 'k2': 0.0010726091927327822, 'D_high': 18701.140647651915, 'fire_exp': 1.9136159174067866, 'P_half': 1265.0580856641704, 'pre_dampen_half': 269.0845367054866, 'gpp_af': 0.41874665092828456, 'gpp_b': 3.7025577574822863, 'gpp_d': 594.7389794988394, 'ign_k': 0.8945150807271531, 'ign_c': 0.6235377135673155, 'trop_agb_crit': 1.0189592979395135, 'trop_k_veg': 4.796046723963646, 'fire_amp': 2.6192385880432525}.
[I 2026-06-10 22:45:49,479] Trial 946 finished with values: [-0.5945859384322837, 0.17350059578947585] and parameters: {'k1': 0.0869690639641868, 'D_low': 50.32059347286801, 'k2': 0.0010726091927327822, 'D_high': 18701.140647651915, 'fire_exp': 1.9136159174067866, 'P_half': 1265.0580856641704, 'pre_dampen_half': 269.0845367054866, 'gpp_af': 1.9654778690222015, 'gpp_b': 0.00047819318414852577, 'gpp_d': 594.7389794988394, 'ign_k': 0.13500744867919376, 'ign_c': 1.3431925993528124, 'trop_agb_crit': 1.0189592979395135, 'trop_k_veg': 5.022956259243681, 'fire_amp': 2.6192385880432525}.
[I 2026-06-10 22:45:51,312] Trial 947 finished with values: [-0.48734888389141223, 0.6007480377753371] and parameters: {'k1': 0.04046205802397579, 'D_low': 1.4002277211577039, 'k2': 3.152468275632564e-05, 'D_high': 27.55546207779663, 'fire_exp': 1.111738490499784, 'P_half': 61.6097529474144, 'pre_dampen_half': 9.044346216330972, 'gpp_af': 2.5184956910855436, 'gpp_b': 2.1309331861011757e-05, 'gpp_d': 0.7698760608299932, 'ign_k': 1.6270983114897255, 'ign_c': 7.081721844034206, 'trop_agb_crit': 2.0527418919564324, 'trop_k_veg': 0.6618107836658104, 'fire_amp': 1.5719333351012774}.
[I 2026-06-10 22:45:52,742] Trial 948 finished with values: [16.392732197359244, 16.392732197359244] and parameters: {'k1': 0.0869690639641868, 'D_low': 1.4002277211577039, 'k2': 1.1417577140741129e-05, 'D_high': 29.126651668813768, 'fire_exp': 1.1633452995374232, 'P_half': 1.4551749476072258, 'pre_dampen_half': 189.36639872354493, 'gpp_af': 3.298293484806585, 'gpp_b': 0.004411400434514031, 'gpp_d': 12.151631524283598, 'ign_k': 1.636529060071807, 'ign_c': 7.832259769732471, 'trop_agb_crit': 2.1467649421045674, 'trop_k_veg': 0.6488368931910606, 'fire_amp': 4.1162797330133705}.
[I 2026-06-10 22:45:54,380] Trial 949 finished with values: [10.176500770861844, 10.176500770861844] and parameters: {'k1': 0.0001887567630782227, 'D_low': 2396.0796124300746, 'k2': 0.003767022142229395, 'D_high': 431.45617043093523, 'fire_exp': 1.2732983562135975, 'P_half': 4.213183643253957, 'pre_dampen_half': 30.456909077772018, 'gpp_af': 1.3954498518315706, 'gpp_b': 1.4540386644083135e-05, 'gpp_d': 47.35384181058586, 'ign_k': 1.636529060071807, 'ign_c': 0.7619822175388142, 'trop_agb_crit': 1.0693376406863295, 'trop_k_veg': 0.6488368931910606, 'fire_amp': 4.1162797330133705}.
[I 2026-06-10 22:45:55,884] Trial 950 finished with values: [11.48596480243491, 11.48596480243491] and parameters: {'k1': 0.00031134168041628584, 'D_low': 1.4002277211577039, 'k2': 0.0012030178871154666, 'D_high': 35.136541394511, 'fire_exp': 1.0601964743503993, 'P_half': 4.213183643253957, 'pre_dampen_half': 189.36639872354493, 'gpp_af': 0.41874665092828456, 'gpp_b': 0.00047819318414852577, 'gpp_d': 46.010874324515754, 'ign_k': 0.8945150807271531, 'ign_c': 0.4177928311636542, 'trop_agb_crit': 1.0189592979395135, 'trop_k_veg': 4.796046723963646, 'fire_amp': 5.831305332032283}.
[I 2026-06-10 22:45:57,261] Trial 951 finished with values: [10.01576459696788, 10.01576459696788] and parameters: {'k1': 0.006079905434073396, 'D_low': 1.4002277211577039, 'k2': 0.00030808325588559425, 'D_high': 48235.58283024493, 'fire_exp': 1.1633452995374232, 'P_half': 1265.0580856641704, 'pre_dampen_half': 9.044346216330972, 'gpp_af': 37.28155624293858, 'gpp_b': 0.0039125625860770225, 'gpp_d': 7.631016235941559, 'ign_k': 1.6270983114897255, 'ign_c': 0.6235377135673155, 'trop_agb_crit': 1.8566494291193822, 'trop_k_veg': 4.796046723963646, 'fire_amp': 2.6192385880432525}.
[I 2026-06-10 22:45:58,616] Trial 952 finished with values: [-0.5816354906668697, 0.3303840179046392] and parameters: {'k1': 0.006079905434073396, 'D_low': 1.4002277211577039, 'k2': 4.933751600448335e-05, 'D_high': 949.9072859745386, 'fire_exp': 1.2732983562135975, 'P_half': 882.2833027501578, 'pre_dampen_half': 20.84599542460349, 'gpp_af': 0.41874665092828456, 'gpp_b': 1.4540386644083135e-05, 'gpp_d': 47.35384181058586, 'ign_k': 1.6270983114897255, 'ign_c': 7.832259769732471, 'trop_agb_crit': 1.8566494291193822, 'trop_k_veg': 6.825463866194253, 'fire_amp': 4.19233232783727}.
[I 2026-06-10 22:45:59,944] Trial 953 finished with values: [13.400261213103356, 13.400261213103356] and parameters: {'k1': 0.05466937478766084, 'D_low': 1.4002277211577039, 'k2': 0.0012030178871154666, 'D_high': 8440.303958079088, 'fire_exp': 1.0601964743503993, 'P_half': 51.10120656497163, 'pre_dampen_half': 189.36639872354493, 'gpp_af': 0.15740732860520312, 'gpp_b': 0.004411400434514031, 'gpp_d': 29.9035514860849, 'ign_k': 7.252283715822169, 'ign_c': 7.832259769732471, 'trop_agb_crit': 1.8566494291193822, 'trop_k_veg': 6.825463866194253, 'fire_amp': 2.042193818779288}.
[I 2026-06-10 22:46:01,509] Trial 954 finished with values: [10.491106908353888, 10.491106908353888] and parameters: {'k1': 0.00031134168041628584, 'D_low': 43.2326421037033, 'k2': 0.003767022142229395, 'D_high': 949.9072859745386, 'fire_exp': 1.9365919987098117, 'P_half': 157.3644610977214, 'pre_dampen_half': 98.05638874011484, 'gpp_af': 1.3954498518315706, 'gpp_b': 0.16285506249643175, 'gpp_d': 12.151631524283598, 'ign_k': 1.636529060071807, 'ign_c': 0.7619822175388142, 'trop_agb_crit': 1.0693376406863295, 'trop_k_veg': 0.6488368931910606, 'fire_amp': 4.1162797330133705}.
[I 2026-06-10 22:46:03,077] Trial 955 finished with values: [10.605877456229761, 10.605877456229761] and parameters: {'k1': 0.002829816861310949, 'D_low': 1.4002277211577039, 'k2': 0.0012030178871154666, 'D_high': 1266.9536563782303, 'fire_exp': 1.1633452995374232, 'P_half': 1.4551749476072258, 'pre_dampen_half': 1.4510220269654117, 'gpp_af': 0.05729456628445246, 'gpp_b': 0.00012118589392553798, 'gpp_d': 29.9035514860849, 'ign_k': 7.252283715822169, 'ign_c': 7.832259769732471, 'trop_agb_crit': 1.8566494291193822, 'trop_k_veg': 6.825463866194253, 'fire_amp': 1.4475279918261055}.
[I 2026-06-10 22:46:04,459] Trial 956 finished with values: [10.416990690090927, 10.416990690090927] and parameters: {'k1': 0.006079905434073396, 'D_low': 146.24004590125713, 'k2': 0.00024195799118138832, 'D_high': 23341.737328466752, 'fire_exp': 1.3807440352456883, 'P_half': 1265.0580856641704, 'pre_dampen_half': 519.2532084685722, 'gpp_af': 0.41874665092828456, 'gpp_b': 2.800940363375676e-05, 'gpp_d': 47.35384181058586, 'ign_k': 1.6270983114897255, 'ign_c': 16.497426799845446, 'trop_agb_crit': 1.513702538071769, 'trop_k_veg': 0.8262197191676174, 'fire_amp': 2.5432210024239192}.
[I 2026-06-10 22:46:05,828] Trial 957 finished with values: [13.022903947327016, 13.022903947327016] and parameters: {'k1': 0.0869690639641868, 'D_low': 2.5449737887285035, 'k2': 4.933751600448335e-05, 'D_high': 48235.58283024493, 'fire_exp': 1.1633452995374232, 'P_half': 51.10120656497163, 'pre_dampen_half': 9.044346216330972, 'gpp_af': 0.41874665092828456, 'gpp_b': 0.00012118589392553798, 'gpp_d': 29.9035514860849, 'ign_k': 7.252283715822169, 'ign_c': 7.832259769732471, 'trop_agb_crit': 4.902399583903479, 'trop_k_veg': 4.796046723963646, 'fire_amp': 2.6192385880432525}.
[I 2026-06-10 22:46:07,197] Trial 958 finished with values: [-0.6806809100766105, 0.1178247995990962] and parameters: {'k1': 0.0001887567630782227, 'D_low': 1.4002277211577039, 'k2': 0.003767022142229395, 'D_high': 949.9072859745386, 'fire_exp': 1.0601964743503993, 'P_half': 157.80309954142965, 'pre_dampen_half': 9.044346216330972, 'gpp_af': 0.09885838682552685, 'gpp_b': 1.4540386644083135e-05, 'gpp_d': 0.1597583473194139, 'ign_k': 0.17320535908244444, 'ign_c': 1.3431925993528124, 'trop_agb_crit': 1.511723155748678, 'trop_k_veg': 3.1055119128084763, 'fire_amp': 4.19233232783727}.
[I 2026-06-10 22:46:08,651] Trial 959 finished with values: [10.440363060504247, 10.440363060504247] and parameters: {'k1': 0.00031134168041628584, 'D_low': 12.105387404469584, 'k2': 0.003767022142229395, 'D_high': 44974.07193749848, 'fire_exp': 1.9365919987098117, 'P_half': 101.40635645866499, 'pre_dampen_half': 98.05638874011484, 'gpp_af': 1.3954498518315706, 'gpp_b': 0.16285506249643175, 'gpp_d': 12.151631524283598, 'ign_k': 1.636529060071807, 'ign_c': 0.7619822175388142, 'trop_agb_crit': 1.0693376406863295, 'trop_k_veg': 0.6488368931910606, 'fire_amp': 1.4244982124584922}.
[I 2026-06-10 22:46:10,246] Trial 960 finished with values: [10.456085762641623, 10.456085762641623] and parameters: {'k1': 0.006079905434073396, 'D_low': 43.2326421037033, 'k2': 0.0007731571570012607, 'D_high': 27.55546207779663, 'fire_exp': 1.0601964743503993, 'P_half': 157.3644610977214, 'pre_dampen_half': 350.88322284755304, 'gpp_af': 0.09885838682552685, 'gpp_b': 0.00047819318414852577, 'gpp_d': 0.03200582711952312, 'ign_k': 1.6270983114897255, 'ign_c': 16.497426799845446, 'trop_agb_crit': 8.188098178380693, 'trop_k_veg': 0.6108091740265464, 'fire_amp': 1.5719333351012774}.
[I 2026-06-10 22:46:12,136] Trial 961 finished with values: [10.709106028539857, 10.709106028539857] and parameters: {'k1': 0.0869690639641868, 'D_low': 43.2326421037033, 'k2': 0.0007731571570012607, 'D_high': 949.9072859745386, 'fire_exp': 1.2732983562135975, 'P_half': 3529.3895935767932, 'pre_dampen_half': 189.36639872354493, 'gpp_af': 0.09885838682552685, 'gpp_b': 0.00047819318414852577, 'gpp_d': 7.631016235941559, 'ign_k': 0.17320535908244444, 'ign_c': 7.832259769732471, 'trop_agb_crit': 1.8566494291193822, 'trop_k_veg': 6.825463866194253, 'fire_amp': 1.4475279918261055}.
[I 2026-06-10 22:46:13,550] Trial 962 finished with values: [10.775690612236398, 10.775690612236398] and parameters: {'k1': 0.0032360993995751053, 'D_low': 50.32059347286801, 'k2': 0.00383039225527374, 'D_high': 35.136541394511, 'fire_exp': 1.9315537114423451, 'P_half': 1265.0580856641704, 'pre_dampen_half': 269.0845367054866, 'gpp_af': 1.9654778690222015, 'gpp_b': 0.00047819318414852577, 'gpp_d': 46.010874324515754, 'ign_k': 0.13500744867919376, 'ign_c': 1.3431925993528124, 'trop_agb_crit': 1.0189592979395135, 'trop_k_veg': 5.022956259243681, 'fire_amp': 5.831305332032283}.
[I 2026-06-10 22:46:14,903] Trial 963 finished with values: [10.250126467549482, 10.250126467549482] and parameters: {'k1': 0.006079905434073396, 'D_low': 1.4002277211577039, 'k2': 0.003767022142229395, 'D_high': 949.9072859745386, 'fire_exp': 1.0601964743503993, 'P_half': 882.2833027501578, 'pre_dampen_half': 20.84599542460349, 'gpp_af': 0.09885838682552685, 'gpp_b': 1.4540386644083135e-05, 'gpp_d': 47.35384181058586, 'ign_k': 1.6270983114897255, 'ign_c': 1.3431925993528124, 'trop_agb_crit': 1.8285200278523417, 'trop_k_veg': 3.1055119128084763, 'fire_amp': 4.314496597234754}.
[I 2026-06-10 22:46:16,366] Trial 964 finished with values: [10.261587902125537, 10.261587902125537] and parameters: {'k1': 0.006079905434073396, 'D_low': 146.28013120517718, 'k2': 0.00025923015361558547, 'D_high': 48235.58283024493, 'fire_exp': 1.2732983562135975, 'P_half': 1265.0580856641704, 'pre_dampen_half': 189.36639872354493, 'gpp_af': 0.09885838682552685, 'gpp_b': 0.0002637687576667052, 'gpp_d': 0.4742269251269962, 'ign_k': 0.09256855841989636, 'ign_c': 0.10435856341129002, 'trop_agb_crit': 1.0189592979395135, 'trop_k_veg': 5.447068407295338, 'fire_amp': 2.6192385880432525}.
[I 2026-06-10 22:46:17,912] Trial 965 finished with values: [10.508826749536963, 10.508826749536963] and parameters: {'k1': 0.006079905434073396, 'D_low': 12.105387404469584, 'k2': 0.02432525237405086, 'D_high': 44974.07193749848, 'fire_exp': 1.9365919987098117, 'P_half': 157.3644610977214, 'pre_dampen_half': 393.2173465242997, 'gpp_af': 1.3954498518315706, 'gpp_b': 0.16285506249643175, 'gpp_d': 7.631016235941559, 'ign_k': 1.636529060071807, 'ign_c': 0.7619822175388142, 'trop_agb_crit': 1.8566494291193822, 'trop_k_veg': 0.6488368931910606, 'fire_amp': 2.6192385880432525}.
[I 2026-06-10 22:46:19,411] Trial 966 finished with values: [10.833333333148357, 10.833333333148357] and parameters: {'k1': 0.0869690639641868, 'D_low': 2396.0796124300746, 'k2': 0.003767022142229395, 'D_high': 431.45617043093523, 'fire_exp': 5.117531439790398, 'P_half': 101.40635645866499, 'pre_dampen_half': 189.36639872354493, 'gpp_af': 0.09885838682552685, 'gpp_b': 0.00047819318414852577, 'gpp_d': 47.35384181058586, 'ign_k': 0.8945150807271531, 'ign_c': 1.0208550480923066, 'trop_agb_crit': 8.188098178380693, 'trop_k_veg': 4.167664671344212, 'fire_amp': 4.19233232783727}.
[I 2026-06-10 22:46:20,792] Trial 967 finished with values: [10.833310134939929, 10.833310134939929] and parameters: {'k1': 0.0032360993995751053, 'D_low': 6010.742028864748, 'k2': 1.1417577140741129e-05, 'D_high': 29.126651668813768, 'fire_exp': 1.111738490499784, 'P_half': 1265.0580856641704, 'pre_dampen_half': 189.36639872354493, 'gpp_af': 3.298293484806585, 'gpp_b': 0.16285506249643175, 'gpp_d': 46.010874324515754, 'ign_k': 0.09256855841989636, 'ign_c': 104.75330041760883, 'trop_agb_crit': 4.789307037039607, 'trop_k_veg': 0.6488368931910606, 'fire_amp': 5.831305332032283}.
