[I 2026-06-10 21:20:56,136] Trial 245 finished with values: [10.763890340299842, 10.763890340299842] and parameters: {'k1': 1.263794633808287e-05, 'D_low': 1022.1111307208341, 'k2': 0.00033271381912662167, 'D_high': 12124.080603355414, 'fire_exp': 2.0623196560647115, 'P_half': 11.545165697879465, 'pre_dampen_half': 3.3841016089580034, 'gpp_af': 0.03940055743445144, 'gpp_b': 0.00012118589392553798, 'gpp_d': 59.94537656798816, 'ign_k': 0.008226074946221037, 'ign_c': 188.97713941351608, 'trop_agb_crit': 2.679156169946616, 'trop_k_veg': 0.7818074020304813, 'fuel_k': 2.008410859639995, 'fuel_half': 0.2010796072862617}.
[I 2026-06-10 21:20:57,849] Trial 246 finished with values: [10.589764388874979, 10.589764388874979] and parameters: {'k1': 0.001906534551939351, 'D_low': 2.4474057445796826, 'k2': 0.0002172578929502367, 'D_high': 91246.32886689917, 'fire_exp': 1.2781983515972553, 'P_half': 221.2683656611821, 'pre_dampen_half': 0.012284844784580964, 'gpp_af': 0.3002317246575309, 'gpp_b': 1.284284091405877e-05, 'gpp_d': 229.41380323183625, 'ign_k': 5.351470428717437, 'ign_c': 18.219343937475102, 'trop_agb_crit': 15.68644624233575, 'trop_k_veg': 7.732256834860708, 'fuel_k': 0.9221804185592763, 'fuel_half': 1.3323297901105768}.
[I 2026-06-10 21:20:59,579] Trial 247 finished with values: [10.763816243686655, 10.763816243686655] and parameters: {'k1': 0.028401063201780267, 'D_low': 16.00237013173313, 'k2': 0.00033271381912662167, 'D_high': 2427.054417940131, 'fire_exp': 4.822756961644793, 'P_half': 355.00125258511594, 'pre_dampen_half': 8.259599205585761, 'gpp_af': 0.03522602097143089, 'gpp_b': 0.00012118589392553798, 'gpp_d': 12.338826503601998, 'ign_k': 3.965503094323014, 'ign_c': 22.126836566118193, 'trop_agb_crit': 7.896186801026689, 'trop_k_veg': 2.724170387400844, 'fuel_k': 0.28328975157735103, 'fuel_half': 70.25166339242152}.
[I 2026-06-10 21:21:01,370] Trial 248 finished with values: [10.694272059685353, 10.694272059685353] and parameters: {'k1': 0.0006579066240690734, 'D_low': 36.07301614542843, 'k2': 7.841214856323651e-05, 'D_high': 40237.59749324181, 'fire_exp': 1.1103154430776774, 'P_half': 60.759029110813756, 'pre_dampen_half': 0.040071391969561214, 'gpp_af': 0.24002253099641147, 'gpp_b': 0.0004382884213732982, 'gpp_d': 483.22422323215085, 'ign_k': 0.012868405331151606, 'ign_c': 16.42166308203217, 'trop_agb_crit': 27.025726513675966, 'trop_k_veg': 1.0345878666211452, 'fuel_k': 0.45000412754978936, 'fuel_half': 0.17108183937377372}.
[I 2026-06-10 21:21:03,326] Trial 249 finished with values: [10.769230769178105, 10.769230769178105] and parameters: {'k1': 0.07799059237255677, 'D_low': 9738.633019266788, 'k2': 0.002884223471687844, 'D_high': 199.86340778528879, 'fire_exp': 1.423480109671474, 'P_half': 118.39097834757698, 'pre_dampen_half': 272.9378165037474, 'gpp_af': 0.22965432344634354, 'gpp_b': 5.2187377767381904e-05, 'gpp_d': 229.41380323183625, 'ign_k': 1.1044350847124695, 'ign_c': 1.4940577239079738, 'trop_agb_crit': 10.691477813613638, 'trop_k_veg': 4.7254560805090735, 'fuel_k': 0.28328975157735103, 'fuel_half': 72.7420826493834}.
[I 2026-06-10 21:21:05,157] Trial 250 finished with values: [10.651848213068932, 10.651848213068932] and parameters: {'k1': 0.0001971137615017176, 'D_low': 171.2446447678494, 'k2': 0.0004976087827261435, 'D_high': 42210.21267871043, 'fire_exp': 1.2918065501148304, 'P_half': 93.43302657318476, 'pre_dampen_half': 1.3517815393159884, 'gpp_af': 0.2204465010099918, 'gpp_b': 2.176805640408474e-05, 'gpp_d': 2.5450745565416026, 'ign_k': 0.0029519227433917453, 'ign_c': 39.52220881906114, 'trop_agb_crit': 3.1419938725278875, 'trop_k_veg': 2.520089655463604, 'fuel_k': 0.1794822172738162, 'fuel_half': 1.3323297901105768}.
[I 2026-06-10 21:21:06,923] Trial 251 finished with values: [10.641510697209574, 10.641510697209574] and parameters: {'k1': 4.513311251103459e-05, 'D_low': 1022.1111307208341, 'k2': 0.014666151770108535, 'D_high': 14403.650379563867, 'fire_exp': 2.0623196560647115, 'P_half': 94.99072859745384, 'pre_dampen_half': 345.01054536130147, 'gpp_af': 0.03940055743445144, 'gpp_b': 0.0028993292583566945, 'gpp_d': 59.94537656798816, 'ign_k': 0.008226074946221037, 'ign_c': 0.2939463458625969, 'trop_agb_crit': 2.679156169946616, 'trop_k_veg': 0.7818074020304813, 'fuel_k': 2.008410859639995, 'fuel_half': 0.2010796072862617}.
[I 2026-06-10 21:21:08,641] Trial 252 finished with values: [10.173836304235111, 10.173836304235111] and parameters: {'k1': 0.002155595057104387, 'D_low': 37.35862630812753, 'k2': 0.03699867920489089, 'D_high': 61536.58035691648, 'fire_exp': 1.423480109671474, 'P_half': 2.0598022365449626, 'pre_dampen_half': 3.3841016089580034, 'gpp_af': 1.1409619915696267, 'gpp_b': 0.0001484082099455773, 'gpp_d': 229.41380323183625, 'ign_k': 5.351470428717437, 'ign_c': 18.219343937475102, 'trop_agb_crit': 10.691477813613638, 'trop_k_veg': 6.45312300188076, 'fuel_k': 0.3356098860138198, 'fuel_half': 0.28682508353628944}.
[I 2026-06-10 21:21:10,481] Trial 253 finished with values: [10.541693189813921, 10.541693189813921] and parameters: {'k1': 0.0009670857606743155, 'D_low': 37.35862630812753, 'k2': 0.0002172578929502367, 'D_high': 61536.58035691648, 'fire_exp': 1.2781983515972553, 'P_half': 102.4585893986732, 'pre_dampen_half': 3.3841016089580034, 'gpp_af': 0.3002317246575309, 'gpp_b': 0.0001484082099455773, 'gpp_d': 229.41380323183625, 'ign_k': 0.013276678836047658, 'ign_c': 18.219343937475102, 'trop_agb_crit': 9.286923253577127, 'trop_k_veg': 6.45312300188076, 'fuel_k': 0.9221804185592763, 'fuel_half': 0.28682508353628944}.
[I 2026-06-10 21:21:12,401] Trial 254 finished with values: [10.6439876515264, 10.6439876515264] and parameters: {'k1': 1.3243445838637965e-05, 'D_low': 1.4105638677535268, 'k2': 0.0004976087827261435, 'D_high': 83201.33621840179, 'fire_exp': 1.2918065501148304, 'P_half': 20.654107883022302, 'pre_dampen_half': 14.689407256107613, 'gpp_af': 0.2204465010099918, 'gpp_b': 2.852199954727099e-05, 'gpp_d': 0.04409594046630608, 'ign_k': 0.003252245757497283, 'ign_c': 39.52220881906114, 'trop_agb_crit': 3.1419938725278875, 'trop_k_veg': 2.9556982260250573, 'fuel_k': 0.03201034713747641, 'fuel_half': 60.70952705230881}.
[I 2026-06-10 21:21:14,256] Trial 255 finished with values: [-0.407106162558765, 0.32251653683504056] and parameters: {'k1': 0.03865036856259725, 'D_low': 40.12413353131991, 'k2': 0.015109086063191909, 'D_high': 3512.7047262708465, 'fire_exp': 1.2781983515972553, 'P_half': 221.2683656611821, 'pre_dampen_half': 243.70551632385417, 'gpp_af': 0.3002317246575309, 'gpp_b': 1.284284091405877e-05, 'gpp_d': 229.41380323183625, 'ign_k': 0.02741350741975827, 'ign_c': 1.4940577239079738, 'trop_agb_crit': 10.584071370490857, 'trop_k_veg': 6.45312300188076, 'fuel_k': 0.9221804185592763, 'fuel_half': 11.781063202742125}.
[I 2026-06-10 21:21:16,124] Trial 256 finished with values: [10.619855174755719, 10.619855174755719] and parameters: {'k1': 0.012840669372724958, 'D_low': 37.35862630812753, 'k2': 0.03699867920489089, 'D_high': 34288.10943862523, 'fire_exp': 5.618906840993741, 'P_half': 102.4585893986732, 'pre_dampen_half': 0.12701296780687243, 'gpp_af': 1.1409619915696267, 'gpp_b': 2.176805640408474e-05, 'gpp_d': 562.7426550259207, 'ign_k': 6.344955605329754, 'ign_c': 18.219343937475102, 'trop_agb_crit': 1.626357634890109, 'trop_k_veg': 6.45312300188076, 'fuel_k': 4.099550041703093, 'fuel_half': 0.9682636678036001}.
[I 2026-06-10 21:21:18,267] Trial 257 finished with values: [10.592104471049563, 10.592104471049563] and parameters: {'k1': 1.3243445838637965e-05, 'D_low': 37.35862630812753, 'k2': 0.01951651378326559, 'D_high': 275.90690254397856, 'fire_exp': 1.1103154430776774, 'P_half': 122.73630375458193, 'pre_dampen_half': 243.70551632385417, 'gpp_af': 0.024714492403026287, 'gpp_b': 0.0001484082099455773, 'gpp_d': 229.41380323183625, 'ign_k': 0.013276678836047658, 'ign_c': 18.219343937475102, 'trop_agb_crit': 10.691477813613638, 'trop_k_veg': 0.7818074020304813, 'fuel_k': 0.2503625235956924, 'fuel_half': 11.781063202742125}.
[I 2026-06-10 21:21:20,153] Trial 258 finished with values: [10.749966041010454, 10.749966041010454] and parameters: {'k1': 0.004898620823554844, 'D_low': 7.857247967427123, 'k2': 0.0004976087827261435, 'D_high': 71267.2757353232, 'fire_exp': 1.2918065501148304, 'P_half': 118.39097834757698, 'pre_dampen_half': 0.011396414164620812, 'gpp_af': 28.55719640738185, 'gpp_b': 0.014662453726154785, 'gpp_d': 922.1975850381748, 'ign_k': 1.1044350847124695, 'ign_c': 30.785541778315018, 'trop_agb_crit': 27.025726513675966, 'trop_k_veg': 4.7254560805090735, 'fuel_k': 4.710433409437072, 'fuel_half': 1.9170041589170652}.
[I 2026-06-10 21:21:22,005] Trial 259 finished with values: [10.54387719717516, 10.54387719717516] and parameters: {'k1': 0.07799059237255677, 'D_low': 323.7668055684038, 'k2': 0.002173988526401145, 'D_high': 34288.10943862523, 'fire_exp': 1.423480109671474, 'P_half': 13.30003421978439, 'pre_dampen_half': 3.3841016089580034, 'gpp_af': 1.1409619915696267, 'gpp_b': 0.0001484082099455773, 'gpp_d': 229.41380323183625, 'ign_k': 0.012868405331151606, 'ign_c': 18.219343937475102, 'trop_agb_crit': 2.7395739167173065, 'trop_k_veg': 4.129715873342728, 'fuel_k': 0.4182971994460706, 'fuel_half': 72.7420826493834}.
[I 2026-06-10 21:21:24,148] Trial 260 finished with values: [10.748893814608378, 10.748893814608378] and parameters: {'k1': 0.0006579066240690734, 'D_low': 36.07301614542843, 'k2': 0.002173988526401145, 'D_high': 2289.1315306837046, 'fire_exp': 1.1103154430776774, 'P_half': 13.30003421978439, 'pre_dampen_half': 565.0116730717873, 'gpp_af': 28.269551568161315, 'gpp_b': 0.005419266601560437, 'gpp_d': 0.02581696750231143, 'ign_k': 0.012868405331151606, 'ign_c': 0.5655677524618509, 'trop_agb_crit': 2.7395739167173065, 'trop_k_veg': 4.129715873342728, 'fuel_k': 0.4182971994460706, 'fuel_half': 60.22306787169707}.
[I 2026-06-10 21:21:26,159] Trial 261 finished with values: [10.729574565184603, 10.729574565184603] and parameters: {'k1': 0.001906534551939351, 'D_low': 2.4474057445796826, 'k2': 0.002884223471687844, 'D_high': 91246.32886689917, 'fire_exp': 1.1916010013283533, 'P_half': 118.39097834757698, 'pre_dampen_half': 0.01939964577577238, 'gpp_af': 5.056419398267455, 'gpp_b': 0.12105864607844925, 'gpp_d': 32.54021513867688, 'ign_k': 0.02741350741975827, 'ign_c': 1.4940577239079738, 'trop_agb_crit': 1.6034837661963206, 'trop_k_veg': 4.7254560805090735, 'fuel_k': 2.563645943471902, 'fuel_half': 54.91887821601532}.
[I 2026-06-10 21:21:28,268] Trial 262 finished with values: [10.447543756702295, 10.447543756702295] and parameters: {'k1': 0.004149969043497543, 'D_low': 2.4474057445796826, 'k2': 0.002884223471687844, 'D_high': 91246.32886689917, 'fire_exp': 1.3806513288500464, 'P_half': 118.39097834757698, 'pre_dampen_half': 272.9378165037474, 'gpp_af': 0.22965432344634354, 'gpp_b': 0.15208782389892764, 'gpp_d': 36.831884165358986, 'ign_k': 0.02741350741975827, 'ign_c': 1.4940577239079738, 'trop_agb_crit': 28.4191188830683, 'trop_k_veg': 4.7254560805090735, 'fuel_k': 0.28328975157735103, 'fuel_half': 1.9170041589170652}.
[I 2026-06-10 21:21:30,141] Trial 263 finished with values: [10.62816564503279, 10.62816564503279] and parameters: {'k1': 0.012840669372724958, 'D_low': 171.2446447678494, 'k2': 0.002884223471687844, 'D_high': 42210.21267871043, 'fire_exp': 1.2918065501148304, 'P_half': 93.43302657318476, 'pre_dampen_half': 0.011396414164620812, 'gpp_af': 0.2204465010099918, 'gpp_b': 2.176805640408474e-05, 'gpp_d': 32.54021513867688, 'ign_k': 0.0029519227433917453, 'ign_c': 17.583640270008505, 'trop_agb_crit': 12.647327018493208, 'trop_k_veg': 4.7254560805090735, 'fuel_k': 4.710433409437072, 'fuel_half': 0.6603566884894325}.
[I 2026-06-10 21:21:32,012] Trial 264 finished with values: [10.16667283963964, 10.16667283963964] and parameters: {'k1': 0.0001971137615017176, 'D_low': 323.7668055684038, 'k2': 0.0004976087827261435, 'D_high': 83201.33621840179, 'fire_exp': 1.2918065501148304, 'P_half': 13.30003421978439, 'pre_dampen_half': 243.70551632385417, 'gpp_af': 5.056419398267455, 'gpp_b': 2.176805640408474e-05, 'gpp_d': 32.54021513867688, 'ign_k': 0.003252245757497283, 'ign_c': 0.5655677524618509, 'trop_agb_crit': 3.1419938725278875, 'trop_k_veg': 2.9556982260250573, 'fuel_k': 2.563645943471902, 'fuel_half': 60.70952705230881}.
[I 2026-06-10 21:21:33,941] Trial 265 finished with values: [10.359703863997938, 10.359703863997938] and parameters: {'k1': 0.03865036856259725, 'D_low': 323.7668055684038, 'k2': 0.002173988526401145, 'D_high': 40237.59749324181, 'fire_exp': 1.1103154430776774, 'P_half': 108.21382910613987, 'pre_dampen_half': 243.70551632385417, 'gpp_af': 5.056419398267455, 'gpp_b': 0.15208782389892764, 'gpp_d': 32.54021513867688, 'ign_k': 0.012868405331151606, 'ign_c': 1.4940577239079738, 'trop_agb_crit': 28.4191188830683, 'trop_k_veg': 1.331829048405031, 'fuel_k': 0.2503625235956924, 'fuel_half': 11.781063202742125}.
[I 2026-06-10 21:21:36,085] Trial 266 finished with values: [10.663100415103031, 10.663100415103031] and parameters: {'k1': 0.001906534551939351, 'D_low': 2.4474057445796826, 'k2': 0.06359958019698482, 'D_high': 40237.59749324181, 'fire_exp': 1.1017756999772779, 'P_half': 93.43302657318476, 'pre_dampen_half': 0.05692321998383699, 'gpp_af': 5.056419398267455, 'gpp_b': 0.15208782389892764, 'gpp_d': 32.54021513867688, 'ign_k': 0.012868405331151606, 'ign_c': 1.4940577239079738, 'trop_agb_crit': 28.4191188830683, 'trop_k_veg': 7.732256834860708, 'fuel_k': 2.563645943471902, 'fuel_half': 0.107891563325261}.
[I 2026-06-10 21:21:37,985] Trial 267 finished with values: [10.769230666510657, 10.769230666510657] and parameters: {'k1': 0.012840669372724958, 'D_low': 171.2446447678494, 'k2': 0.0004976087827261435, 'D_high': 536.2153030688613, 'fire_exp': 8.782454736270296, 'P_half': 93.43302657318476, 'pre_dampen_half': 3.3841016089580034, 'gpp_af': 5.056419398267455, 'gpp_b': 0.0032988601261053764, 'gpp_d': 15.582234588921391, 'ign_k': 0.0029519227433917453, 'ign_c': 39.52220881906114, 'trop_agb_crit': 3.1419938725278875, 'trop_k_veg': 2.9556982260250573, 'fuel_k': 4.710433409437072, 'fuel_half': 1.3323297901105768}.
[I 2026-06-10 21:21:39,923] Trial 268 finished with values: [10.488465921310437, 10.488465921310437] and parameters: {'k1': 0.028401063201780267, 'D_low': 171.2446447678494, 'k2': 0.002884223471687844, 'D_high': 42210.21267871043, 'fire_exp': 1.3806513288500464, 'P_half': 93.43302657318476, 'pre_dampen_half': 8.259599205585761, 'gpp_af': 5.056419398267455, 'gpp_b': 2.176805640408474e-05, 'gpp_d': 12.338826503601998, 'ign_k': 0.0029519227433917453, 'ign_c': 1.4940577239079738, 'trop_agb_crit': 3.8662963191024917, 'trop_k_veg': 4.7254560805090735, 'fuel_k': 4.710433409437072, 'fuel_half': 71.14476009343416}.
[I 2026-06-10 21:21:41,911] Trial 269 finished with values: [10.735091075203108, 10.735091075203108] and parameters: {'k1': 0.004898620823554844, 'D_low': 2981.237069720883, 'k2': 0.0004976087827261435, 'D_high': 42210.21267871043, 'fire_exp': 1.2918065501148304, 'P_half': 118.39097834757698, 'pre_dampen_half': 0.011396414164620812, 'gpp_af': 0.22965432344634354, 'gpp_b': 2.176805640408474e-05, 'gpp_d': 922.1975850381748, 'ign_k': 0.001973268844408891, 'ign_c': 30.785541778315018, 'trop_agb_crit': 12.647327018493208, 'trop_k_veg': 4.7254560805090735, 'fuel_k': 0.5604857991960507, 'fuel_half': 60.22306787169707}.
[I 2026-06-10 21:21:44,100] Trial 270 finished with values: [10.481496178024729, 10.481496178024729] and parameters: {'k1': 0.03865036856259725, 'D_low': 1.3670484737132342, 'k2': 0.0006863458703786212, 'D_high': 3512.7047262708465, 'fire_exp': 1.2918065501148304, 'P_half': 108.21382910613987, 'pre_dampen_half': 14.689407256107613, 'gpp_af': 0.024714492403026287, 'gpp_b': 0.00011536203425923768, 'gpp_d': 59.94537656798816, 'ign_k': 0.02741350741975827, 'ign_c': 1.4940577239079738, 'trop_agb_crit': 2.679156169946616, 'trop_k_veg': 1.9658897090912955, 'fuel_k': 0.2503625235956924, 'fuel_half': 11.781063202742125}.
[I 2026-06-10 21:21:46,131] Trial 271 finished with values: [10.270183451083328, 10.270183451083328] and parameters: {'k1': 0.002155595057104387, 'D_low': 40.12413353131991, 'k2': 0.0002172578929502367, 'D_high': 61536.58035691648, 'fire_exp': 1.2781983515972553, 'P_half': 221.2683656611821, 'pre_dampen_half': 3.3841016089580034, 'gpp_af': 1.1409619915696267, 'gpp_b': 1.284284091405877e-05, 'gpp_d': 229.41380323183625, 'ign_k': 5.351470428717437, 'ign_c': 18.219343937475102, 'trop_agb_crit': 10.691477813613638, 'trop_k_veg': 6.45312300188076, 'fuel_k': 0.9221804185592763, 'fuel_half': 0.28682508353628944}.
[I 2026-06-10 21:21:47,941] Trial 272 finished with values: [10.641206311668201, 10.641206311668201] and parameters: {'k1': 0.07799059237255677, 'D_low': 37.35862630812753, 'k2': 0.0002172578929502367, 'D_high': 61536.58035691648, 'fire_exp': 1.423480109671474, 'P_half': 221.2683656611821, 'pre_dampen_half': 0.23500440978155998, 'gpp_af': 0.2204465010099918, 'gpp_b': 0.0001484082099455773, 'gpp_d': 229.41380323183625, 'ign_k': 0.013276678836047658, 'ign_c': 18.219343937475102, 'trop_agb_crit': 12.647327018493208, 'trop_k_veg': 6.45312300188076, 'fuel_k': 4.099550041703093, 'fuel_half': 1.9170041589170652}.
[I 2026-06-10 21:21:49,705] Trial 273 finished with values: [10.769230769178105, 10.769230769178105] and parameters: {'k1': 0.002155595057104387, 'D_low': 2.4474057445796826, 'k2': 0.0007047307383115598, 'D_high': 86280.09047476768, 'fire_exp': 1.423480109671474, 'P_half': 43.38464271474826, 'pre_dampen_half': 3.3841016089580034, 'gpp_af': 1.1409619915696267, 'gpp_b': 1.284284091405877e-05, 'gpp_d': 229.41380323183625, 'ign_k': 1.1044350847124695, 'ign_c': 377.0481504064941, 'trop_agb_crit': 10.691477813613638, 'trop_k_veg': 4.7254560805090735, 'fuel_k': 0.9221804185592763, 'fuel_half': 71.14476009343416}.
[I 2026-06-10 21:21:51,611] Trial 274 finished with values: [10.59998489484709, 10.59998489484709] and parameters: {'k1': 0.028401063201780267, 'D_low': 1.3670484737132342, 'k2': 0.004679839449773939, 'D_high': 3512.7047262708465, 'fire_exp': 1.423480109671474, 'P_half': 157.80309954142965, 'pre_dampen_half': 8.259599205585761, 'gpp_af': 0.024714492403026287, 'gpp_b': 0.0001484082099455773, 'gpp_d': 59.94537656798816, 'ign_k': 0.013276678836047658, 'ign_c': 22.126836566118193, 'trop_agb_crit': 10.691477813613638, 'trop_k_veg': 6.45312300188076, 'fuel_k': 0.2503625235956924, 'fuel_half': 11.781063202742125}.
[I 2026-06-10 21:21:53,801] Trial 275 finished with values: [10.600273813928064, 10.600273813928064] and parameters: {'k1': 8.31416087354964e-05, 'D_low': 1022.1111307208341, 'k2': 7.118997101275657e-05, 'D_high': 61536.58035691648, 'fire_exp': 1.2781983515972553, 'P_half': 102.4585893986732, 'pre_dampen_half': 3.3841016089580034, 'gpp_af': 0.03940055743445144, 'gpp_b': 1.5374623779966904e-05, 'gpp_d': 59.94537656798816, 'ign_k': 0.013276678836047658, 'ign_c': 0.2939463458625969, 'trop_agb_crit': 2.679156169946616, 'trop_k_veg': 0.7818074020304813, 'fuel_k': 0.9221804185592763, 'fuel_half': 0.2010796072862617}.
[I 2026-06-10 21:21:55,628] Trial 276 finished with values: [10.761669591075346, 10.761669591075346] and parameters: {'k1': 0.0006579066240690734, 'D_low': 40.12413353131991, 'k2': 0.015109086063191909, 'D_high': 3512.7047262708465, 'fire_exp': 1.1103154430776774, 'P_half': 24.617096698415132, 'pre_dampen_half': 243.70551632385417, 'gpp_af': 0.03522602097143089, 'gpp_b': 0.00012118589392553798, 'gpp_d': 229.41380323183625, 'ign_k': 0.02741350741975827, 'ign_c': 188.97713941351608, 'trop_agb_crit': 10.584071370490857, 'trop_k_veg': 2.724170387400844, 'fuel_k': 0.9221804185592763, 'fuel_half': 9.015721260209723}.
[I 2026-06-10 21:21:57,433] Trial 277 finished with values: [10.737029275147476, 10.737029275147476] and parameters: {'k1': 0.0002979239208439884, 'D_low': 171.2446447678494, 'k2': 0.002884223471687844, 'D_high': 91246.32886689917, 'fire_exp': 1.3806513288500464, 'P_half': 2867.03503055407, 'pre_dampen_half': 13.472769577631583, 'gpp_af': 0.2323001731214191, 'gpp_b': 1.6081669283634658e-05, 'gpp_d': 32.54021513867688, 'ign_k': 0.0029519227433917453, 'ign_c': 1.4940577239079738, 'trop_agb_crit': 12.647327018493208, 'trop_k_veg': 7.324720510580846, 'fuel_k': 0.3302507755382605, 'fuel_half': 0.14265186058187057}.
[I 2026-06-10 21:21:59,247] Trial 278 finished with values: [10.544882342401799, 10.544882342401799] and parameters: {'k1': 0.012840669372724958, 'D_low': 171.2446447678494, 'k2': 0.002884223471687844, 'D_high': 42210.21267871043, 'fire_exp': 1.3806513288500464, 'P_half': 93.43302657318476, 'pre_dampen_half': 13.472769577631583, 'gpp_af': 0.00846501200807743, 'gpp_b': 2.176805640408474e-05, 'gpp_d': 32.54021513867688, 'ign_k': 0.0029519227433917453, 'ign_c': 298.18972317055125, 'trop_agb_crit': 12.647327018493208, 'trop_k_veg': 4.306116678141662, 'fuel_k': 4.710433409437072, 'fuel_half': 1.3323297901105768}.
[I 2026-06-10 21:22:01,724] Trial 279 finished with values: [-0.403658965235915, 0.9105569854047459] and parameters: {'k1': 0.002155595057104387, 'D_low': 525.4883437268169, 'k2': 0.0002172578929502367, 'D_high': 42210.21267871043, 'fire_exp': 1.423480109671474, 'P_half': 2.0598022365449626, 'pre_dampen_half': 13.472769577631583, 'gpp_af': 0.3002317246575309, 'gpp_b': 0.0001484082099455773, 'gpp_d': 229.41380323183625, 'ign_k': 5.351470428717437, 'ign_c': 1.4940577239079738, 'trop_agb_crit': 10.691477813613638, 'trop_k_veg': 6.45312300188076, 'fuel_k': 4.710433409437072, 'fuel_half': 1.3323297901105768}.
