[I 2026-07-22 21:53:49,737] Trial 212 finished with values: [10.089169773455982, 10.089169773455982] and parameters: {'k1': 0.011966626407443505, 'D_low': 13.25142220631392, 'k2': 2.8459703343413838e-05, 'D_high': 558.9524205217922, 'fire_exp': 1.0482996836046896, 'P_half': 9.324787201197319, 'pre_dampen_half': 3.9885726374014694, 'gpp_af': 0.06789053271698488, 'gpp_b': 0.02048523887932671, 'gpp_d': 61.82902222163609, 'ign_k': 0.006290644294586149, 'ign_c': 4.1108484350212295, 'trop_agb_crit': 6.119263728555865, 'trop_k_veg': 3.4439936249445045, 'fuel_k': 0.48736180483849406, 'fuel_half': 7.259866824755671}.
[I 2026-07-22 21:53:50,164] Trial 213 finished with values: [10.737909397214684, 10.737909397214684] and parameters: {'k1': 0.0029707920514735983, 'D_low': 4.043300846639722, 'k2': 3.606519549370447e-05, 'D_high': 580966.5602369158, 'fire_exp': 2.41664604728687, 'P_half': 1938.3858782150498, 'pre_dampen_half': 33.97904243111269, 'gpp_af': 8.769726637617675, 'gpp_b': 8.129227514069975e-05, 'gpp_d': 857.4284557962626, 'ign_k': 0.009861808369679786, 'ign_c': 3.0378658251922155, 'trop_agb_crit': 1.1208086449693282, 'trop_k_veg': 2.42764713875812, 'fuel_k': 1.312881567992459, 'fuel_half': 42.6871254378718}.
[I 2026-07-22 21:53:50,585] Trial 214 finished with values: [10.606057438649177, 10.606057438649177] and parameters: {'k1': 5.3397427849512415e-05, 'D_low': 864.0717009254879, 'k2': 0.038650368562597265, 'D_high': 6978.624673182437, 'fire_exp': 2.3750840427797026, 'P_half': 1.4378290221680121, 'pre_dampen_half': 3.9885726374014694, 'gpp_af': 1.1300566419249867, 'gpp_b': 0.00010318352929732131, 'gpp_d': 0.5121071390703817, 'ign_k': 0.004144296901136395, 'ign_c': 0.22636544662054536, 'trop_agb_crit': 1.5774541406529003, 'trop_k_veg': 1.140286245977296, 'fuel_k': 0.08612665817296865, 'fuel_half': 0.253071961271088}.
[I 2026-07-22 21:53:51,005] Trial 215 finished with values: [10.618833803148808, 10.618833803148808] and parameters: {'k1': 0.02806535913298299, 'D_low': 1407.7923139972395, 'k2': 0.0001971137615017176, 'D_high': 8433503.858791472, 'fire_exp': 2.3750840427797026, 'P_half': 269.74113434525447, 'pre_dampen_half': 3.659675301686168, 'gpp_af': 1.4558259811306475, 'gpp_b': 0.00012118589392553819, 'gpp_d': 6.91394869865762, 'ign_k': 0.004144296901136395, 'ign_c': 11.40086370112731, 'trop_agb_crit': 29.789943908227905, 'trop_k_veg': 4.130963924640279, 'fuel_k': 3.8843204090935095, 'fuel_half': 0.253071961271088}.
[I 2026-07-22 21:53:51,432] Trial 216 finished with values: [10.660312896212574, 10.660312896212574] and parameters: {'k1': 0.052334804885400876, 'D_low': 6220.638781359816, 'k2': 0.0034207303670092245, 'D_high': 1693415.5410667954, 'fire_exp': 1.0862503061991866, 'P_half': 1938.3858782150498, 'pre_dampen_half': 33.97904243111269, 'gpp_af': 0.008562341633595545, 'gpp_b': 1.7565109007473816e-05, 'gpp_d': 0.03254982364882649, 'ign_k': 0.5131654955148324, 'ign_c': 3.0378658251922155, 'trop_agb_crit': 5.707205898008383, 'trop_k_veg': 0.9369104721775232, 'fuel_k': 1.8731335591844647, 'fuel_half': 38.21129441691226}.
[I 2026-07-22 21:53:51,858] Trial 217 finished with values: [10.73757083822423, 10.73757083822423] and parameters: {'k1': 5.3397427849512415e-05, 'D_low': 140.92119204434155, 'k2': 0.038650368562597265, 'D_high': 6978.624673182437, 'fire_exp': 1.8435203341118644, 'P_half': 4.889669266916749, 'pre_dampen_half': 3.9885726374014694, 'gpp_af': 18.235072804314193, 'gpp_b': 4.201176460336357, 'gpp_d': 6.378078463802852, 'ign_k': 3.210808548911192, 'ign_c': 0.22636544662054536, 'trop_agb_crit': 1.5774541406529003, 'trop_k_veg': 1.793919400078986, 'fuel_k': 0.03743055596010634, 'fuel_half': 1.2382535539666997}.
[I 2026-07-22 21:53:52,275] Trial 218 finished with values: [10.193492838155423, 10.193492838155423] and parameters: {'k1': 9.969469187531805e-05, 'D_low': 1.1640589436768796, 'k2': 7.67074891445376e-05, 'D_high': 2512533.442757688, 'fire_exp': 2.2271826002669806, 'P_half': 245.27450543222417, 'pre_dampen_half': 33.71909132517388, 'gpp_af': 42.29037995744429, 'gpp_b': 0.00011277885258222645, 'gpp_d': 27.50607428241511, 'ign_k': 4.59148521674054, 'ign_c': 0.1867876836333246, 'trop_agb_crit': 5.841230872704112, 'trop_k_veg': 0.5695379443977426, 'fuel_k': 3.6992394681929355, 'fuel_half': 16.371966573507315}.
[I 2026-07-22 21:53:52,696] Trial 219 finished with values: [10.39348177320431, 10.39348177320431] and parameters: {'k1': 0.028340904295147747, 'D_low': 1407.7923139972395, 'k2': 3.5281132746849994e-05, 'D_high': 8433503.858791472, 'fire_exp': 2.3750840427797026, 'P_half': 19.986340778528874, 'pre_dampen_half': 10.059683154936915, 'gpp_af': 1.1300566419249867, 'gpp_b': 0.00011277885258222645, 'gpp_d': 6.91394869865762, 'ign_k': 0.004144296901136395, 'ign_c': 71.28188058401358, 'trop_agb_crit': 29.789943908227905, 'trop_k_veg': 4.130963924640279, 'fuel_k': 1.3863198285285168, 'fuel_half': 3.0296104428212485}.
[I 2026-07-22 21:53:53,115] Trial 220 finished with values: [10.634751007671392, 10.634751007671392] and parameters: {'k1': 0.0001599021369655865, 'D_low': 4.043300846639722, 'k2': 2.8459703343413838e-05, 'D_high': 160625.60954780428, 'fire_exp': 1.034491242472073, 'P_half': 1228.2126524008484, 'pre_dampen_half': 0.7354388726789677, 'gpp_af': 18.235072804314193, 'gpp_b': 0.17743223857939708, 'gpp_d': 6.378078463802852, 'ign_k': 0.03141110271934876, 'ign_c': 4.1108484350212295, 'trop_agb_crit': 11.41767816030627, 'trop_k_veg': 6.911478238001162, 'fuel_k': 1.2528108647479208, 'fuel_half': 7.259866824755671}.
[I 2026-07-22 21:53:53,530] Trial 221 finished with values: [10.768916883584778, 10.768916883584778] and parameters: {'k1': 1.8595266457134027e-05, 'D_low': 1.1640589436768796, 'k2': 3.5281132746849994e-05, 'D_high': 2283.4228779494524, 'fire_exp': 2.2271826002669806, 'P_half': 2.1095259085905753, 'pre_dampen_half': 294.75617712568373, 'gpp_af': 2.114381609520638, 'gpp_b': 0.02893498807797731, 'gpp_d': 8.144272585223822, 'ign_k': 0.04732407125181112, 'ign_c': 77.59048401667629, 'trop_agb_crit': 1.1208086449693282, 'trop_k_veg': 3.324264218444254, 'fuel_k': 1.312881567992459, 'fuel_half': 42.6871254378718}.
[I 2026-07-22 21:53:53,948] Trial 222 finished with values: [10.098870398208149, 10.098870398208149] and parameters: {'k1': 0.011966626407443505, 'D_low': 13.25142220631392, 'k2': 2.8459703343413838e-05, 'D_high': 3569.592428042591, 'fire_exp': 1.5922031489278718, 'P_half': 24.184227958471602, 'pre_dampen_half': 3.9885726374014694, 'gpp_af': 1.1300566419249867, 'gpp_b': 2.325239859823921e-05, 'gpp_d': 9.00460602264307, 'ign_k': 0.004144296901136395, 'ign_c': 98.40989343758308, 'trop_agb_crit': 6.119263728555865, 'trop_k_veg': 0.5415365826598848, 'fuel_k': 1.312881567992459, 'fuel_half': 0.253071961271088}.
[I 2026-07-22 21:53:54,382] Trial 223 finished with values: [10.732549720940403, 10.732549720940403] and parameters: {'k1': 5.3397427849512415e-05, 'D_low': 6220.638781359816, 'k2': 0.001566517163094646, 'D_high': 16392.60991832772, 'fire_exp': 1.8435203341118644, 'P_half': 7.890004262668578, 'pre_dampen_half': 0.4016986062226068, 'gpp_af': 0.0016008221370480654, 'gpp_b': 2.325239859823921e-05, 'gpp_d': 0.24714492403026278, 'ign_k': 3.284529979576942, 'ign_c': 0.11650681118986138, 'trop_agb_crit': 1.5072795582679794, 'trop_k_veg': 2.417028380770307, 'fuel_k': 0.03743055596010634, 'fuel_half': 0.3335026483569958}.
[I 2026-07-22 21:53:54,814] Trial 224 finished with values: [10.333580653344908, 10.333580653344908] and parameters: {'k1': 0.0029707920514735983, 'D_low': 4.043300846639722, 'k2': 0.003045524314144144, 'D_high': 2512533.442757688, 'fire_exp': 1.2386878293405026, 'P_half': 2193.8654178115053, 'pre_dampen_half': 10.059683154936915, 'gpp_af': 0.0025511964576171086, 'gpp_b': 1.7565109007473816e-05, 'gpp_d': 857.4284557962626, 'ign_k': 0.03141110271934876, 'ign_c': 0.15239409361703363, 'trop_agb_crit': 5.841230872704112, 'trop_k_veg': 0.5695379443977426, 'fuel_k': 2.637916642113786, 'fuel_half': 16.371966573507315}.
[I 2026-07-22 21:53:55,242] Trial 225 finished with values: [10.769230768838547, 10.769230768838547] and parameters: {'k1': 0.0029707920514735983, 'D_low': 140.92119204434155, 'k2': 2.8459703343413838e-05, 'D_high': 160625.60954780428, 'fire_exp': 1.2386878293405026, 'P_half': 3910.3637457741784, 'pre_dampen_half': 33.97904243111269, 'gpp_af': 18.235072804314193, 'gpp_b': 6.933201384399588, 'gpp_d': 6.378078463802852, 'ign_k': 0.5131654955148324, 'ign_c': 750.7777979297798, 'trop_agb_crit': 24.85900548334648, 'trop_k_veg': 1.7570501127699656, 'fuel_k': 0.6199941538390381, 'fuel_half': 7.259866824755671}.
[I 2026-07-22 21:53:55,660] Trial 226 finished with values: [10.700560992653555, 10.700560992653555] and parameters: {'k1': 0.02806535913298299, 'D_low': 1407.7923139972395, 'k2': 0.0001971137615017176, 'D_high': 6978.624673182437, 'fire_exp': 1.8435203341118644, 'P_half': 269.74113434525447, 'pre_dampen_half': 3.659675301686168, 'gpp_af': 5.600917281261383, 'gpp_b': 0.00012118589392553819, 'gpp_d': 19.948958651882567, 'ign_k': 0.005105542986365654, 'ign_c': 11.40086370112731, 'trop_agb_crit': 6.058402553512053, 'trop_k_veg': 1.793919400078986, 'fuel_k': 0.08612665817296865, 'fuel_half': 0.253071961271088}.
[I 2026-07-22 21:53:56,078] Trial 227 finished with values: [10.405665184232317, 10.405665184232317] and parameters: {'k1': 0.02806535913298299, 'D_low': 11.437258028094242, 'k2': 0.05583672722754823, 'D_high': 8433503.858791472, 'fire_exp': 2.3123511487896353, 'P_half': 28.15630081597223, 'pre_dampen_half': 868.1843415114095, 'gpp_af': 1.1300566419249867, 'gpp_b': 1.1983032564333187e-05, 'gpp_d': 6.91394869865762, 'ign_k': 0.00515399351160314, 'ign_c': 238.8897930076982, 'trop_agb_crit': 6.058402553512053, 'trop_k_veg': 0.977663002683211, 'fuel_k': 0.017262921159278164, 'fuel_half': 97.86395331218435}.
[I 2026-07-22 21:53:56,495] Trial 228 finished with values: [10.769230768838547, 10.769230768838547] and parameters: {'k1': 1.8205657658407255e-05, 'D_low': 140.92119204434155, 'k2': 7.011194706512109e-05, 'D_high': 2283.4228779494524, 'fire_exp': 1.034491242472073, 'P_half': 3648.4560830477985, 'pre_dampen_half': 25.15960733455045, 'gpp_af': 18.235072804314193, 'gpp_b': 6.0327793441162e-05, 'gpp_d': 2.4002253099641138, 'ign_k': 1.07907786430243, 'ign_c': 558.880500599197, 'trop_agb_crit': 11.41767816030627, 'trop_k_veg': 3.107373729897127, 'fuel_k': 0.0734480915638841, 'fuel_half': 3.632486956676605}.
[I 2026-07-22 21:53:56,911] Trial 229 finished with values: [10.735826418554836, 10.735826418554836] and parameters: {'k1': 0.00013649087666416944, 'D_low': 150.83210025074274, 'k2': 0.07799059237255677, 'D_high': 392.28369335318325, 'fire_exp': 1.3858146055494713, 'P_half': 8832.039346746853, 'pre_dampen_half': 294.75617712568373, 'gpp_af': 0.015350904103515228, 'gpp_b': 4.0803257466853524e-05, 'gpp_d': 9.00460602264307, 'ign_k': 0.009634538433595985, 'ign_c': 0.1254144753902608, 'trop_agb_crit': 1.886175574962432, 'trop_k_veg': 1.1021959069423406, 'fuel_k': 0.6211831489538813, 'fuel_half': 49.011305842597835}.
[I 2026-07-22 21:53:57,329] Trial 230 finished with values: [10.768973276248504, 10.768973276248504] and parameters: {'k1': 0.0029707920514735983, 'D_low': 4.043300846639722, 'k2': 2.1698375693549493e-05, 'D_high': 160625.60954780428, 'fire_exp': 1.8435203341118644, 'P_half': 245.27450543222417, 'pre_dampen_half': 0.01290083312696445, 'gpp_af': 2.114381609520638, 'gpp_b': 3.228689523591491e-05, 'gpp_d': 9.00460602264307, 'ign_k': 0.005105542986365654, 'ign_c': 98.40989343758308, 'trop_agb_crit': 15.870971677383487, 'trop_k_veg': 6.911478238001162, 'fuel_k': 0.07925709222907362, 'fuel_half': 18.202647368248815}.
[I 2026-07-22 21:53:57,751] Trial 231 finished with values: [10.271426754377316, 10.271426754377316] and parameters: {'k1': 6.693990428538841e-05, 'D_low': 11.437258028094242, 'k2': 0.002342238625792905, 'D_high': 2512533.442757688, 'fire_exp': 2.3123511487896353, 'P_half': 28.15630081597223, 'pre_dampen_half': 10.059683154936915, 'gpp_af': 1.4498445474033743, 'gpp_b': 0.00011277885258222645, 'gpp_d': 25.017068255320467, 'ign_k': 0.04732407125181112, 'ign_c': 3.4084279109230433, 'trop_agb_crit': 6.058402553512053, 'trop_k_veg': 0.5695379443977426, 'fuel_k': 0.028970790717327534, 'fuel_half': 2.9236782115513154}.
[I 2026-07-22 21:53:58,165] Trial 232 finished with values: [-0.18185743599454487, 0.11840309043809316] and parameters: {'k1': 5.3397427849512415e-05, 'D_low': 3.169598846855015, 'k2': 0.07799059237255677, 'D_high': 6978.624673182437, 'fire_exp': 1.4750777427176416, 'P_half': 4.889669266916749, 'pre_dampen_half': 3.9885726374014694, 'gpp_af': 0.3259758793317361, 'gpp_b': 0.00010318352929732131, 'gpp_d': 6.378078463802852, 'ign_k': 0.006039096247545781, 'ign_c': 77.59048401667629, 'trop_agb_crit': 1.5774541406529003, 'trop_k_veg': 3.024803048559367, 'fuel_k': 0.03743055596010634, 'fuel_half': 0.33988503110784557}.
[I 2026-07-22 21:53:58,579] Trial 233 finished with values: [10.747673466221729, 10.747673466221729] and parameters: {'k1': 0.002968335334246999, 'D_low': 140.92119204434155, 'k2': 2.8459703343413838e-05, 'D_high': 107013.64911724928, 'fire_exp': 1.8435203341118644, 'P_half': 2193.8654178115053, 'pre_dampen_half': 3.9885726374014694, 'gpp_af': 0.09791370130598968, 'gpp_b': 1.7565109007473816e-05, 'gpp_d': 2.2044650100999164, 'ign_k': 0.005105542986365654, 'ign_c': 98.40989343758308, 'trop_agb_crit': 12.285102065067687, 'trop_k_veg': 4.232850899624566, 'fuel_k': 0.04207132303652083, 'fuel_half': 5.624789772977319}.
[I 2026-07-22 21:53:58,993] Trial 234 finished with values: [10.769230768838547, 10.769230768838547] and parameters: {'k1': 0.003242143344038315, 'D_low': 15056.799083945913, 'k2': 0.000985079068311927, 'D_high': 1094.5857315547435, 'fire_exp': 1.0862503061991866, 'P_half': 540.9803697908727, 'pre_dampen_half': 42.056570728710675, 'gpp_af': 0.008562341633595545, 'gpp_b': 1.7565109007473816e-05, 'gpp_d': 9.00460602264307, 'ign_k': 0.00515399351160314, 'ign_c': 0.11650681118986138, 'trop_agb_crit': 5.707205898008383, 'trop_k_veg': 1.578436797869987, 'fuel_k': 0.017262921159278164, 'fuel_half': 42.6871254378718}.
[I 2026-07-22 21:53:59,408] Trial 235 finished with values: [10.603935573813063, 10.603935573813063] and parameters: {'k1': 0.028340904295147747, 'D_low': 4956.545863307493, 'k2': 3.5281132746849994e-05, 'D_high': 6978.624673182437, 'fire_exp': 1.3296958331046895, 'P_half': 19.986340778528874, 'pre_dampen_half': 10.059683154936915, 'gpp_af': 1.540945776288155, 'gpp_b': 2.325239859823921e-05, 'gpp_d': 0.24714492403026278, 'ign_k': 0.003008686821445843, 'ign_c': 71.28188058401358, 'trop_agb_crit': 1.5072795582679794, 'trop_k_veg': 2.3703642788018935, 'fuel_k': 1.3863198285285168, 'fuel_half': 2.84163933350535}.
[I 2026-07-22 21:53:59,826] Trial 236 finished with values: [10.956203926250527, 10.956203926250527] and parameters: {'k1': 0.0006075902911081375, 'D_low': 140.92119204434155, 'k2': 0.0034207303670092245, 'D_high': 580966.5602369158, 'fire_exp': 1.034491242472073, 'P_half': 136.0956887810302, 'pre_dampen_half': 294.75617712568373, 'gpp_af': 18.235072804314193, 'gpp_b': 1.7565109007473816e-05, 'gpp_d': 0.23341745600171465, 'ign_k': 0.005105542986365654, 'ign_c': 0.11650681118986138, 'trop_agb_crit': 1.5072795582679794, 'trop_k_veg': 0.9369104721775232, 'fuel_k': 1.312881567992459, 'fuel_half': 7.259866824755671}.
  trial  237/1500  pareto_size=4  best_taylor=0.5627  best_ilamb=0.5291  (1.7 min)
[I 2026-07-22 21:54:00,321] Trial 237 finished with values: [-0.3044259663266157, 0.12108040187743363] and parameters: {'k1': 0.09738633019266786, 'D_low': 4.043300846639722, 'k2': 3.5281132746849994e-05, 'D_high': 2512533.442757688, 'fire_exp': 2.2271826002669806, 'P_half': 245.27450543222417, 'pre_dampen_half': 33.97904243111269, 'gpp_af': 2.114381609520638, 'gpp_b': 3.228689523591491e-05, 'gpp_d': 373.3014953695604, 'ign_k': 0.050667002161528835, 'ign_c': 3.0378658251922155, 'trop_agb_crit': 15.870971677383487, 'trop_k_veg': 6.911478238001162, 'fuel_k': 0.028970790717327534, 'fuel_half': 18.202647368248815}.
[I 2026-07-22 21:54:00,758] Trial 238 finished with values: [10.366851219239855, 10.366851219239855] and parameters: {'k1': 0.052334804885400876, 'D_low': 4.043300846639722, 'k2': 2.1698375693549493e-05, 'D_high': 1693415.5410667954, 'fire_exp': 1.4750777427176416, 'P_half': 1938.3858782150498, 'pre_dampen_half': 33.97904243111269, 'gpp_af': 0.06789053271698488, 'gpp_b': 3.228689523591491e-05, 'gpp_d': 302.3127748796295, 'ign_k': 0.006290644294586149, 'ign_c': 6.3906950920732175, 'trop_agb_crit': 15.870971677383487, 'trop_k_veg': 3.024803048559367, 'fuel_k': 1.8731335591844647, 'fuel_half': 38.21129441691226}.
[I 2026-07-22 21:54:01,183] Trial 239 finished with values: [10.314357387991173, 10.314357387991173] and parameters: {'k1': 0.0029707920514735983, 'D_low': 1.1640589436768796, 'k2': 3.5281132746849994e-05, 'D_high': 24.063018320720932, 'fire_exp': 1.161749421319469, 'P_half': 19.986340778528874, 'pre_dampen_half': 33.97904243111269, 'gpp_af': 1.540945776288155, 'gpp_b': 1.7565109007473816e-05, 'gpp_d': 857.4284557962626, 'ign_k': 0.03141110271934876, 'ign_c': 71.28188058401358, 'trop_agb_crit': 15.870971677383487, 'trop_k_veg': 2.3703642788018935, 'fuel_k': 1.3863198285285168, 'fuel_half': 18.202647368248815}.
[I 2026-07-22 21:54:01,602] Trial 240 finished with values: [10.38574606037887, 10.38574606037887] and parameters: {'k1': 0.00029589152820953097, 'D_low': 6220.638781359816, 'k2': 0.015109086063191909, 'D_high': 145242.37928628005, 'fire_exp': 1.0862503061991866, 'P_half': 2193.8654178115053, 'pre_dampen_half': 94.20121790275627, 'gpp_af': 0.3259758793317361, 'gpp_b': 1.1698276136056565e-05, 'gpp_d': 9.00460602264307, 'ign_k': 0.006039096247545781, 'ign_c': 0.11650681118986138, 'trop_agb_crit': 5.707205898008383, 'trop_k_veg': 3.024803048559367, 'fuel_k': 0.6211831489538813, 'fuel_half': 0.33988503110784557}.
[I 2026-07-22 21:54:02,027] Trial 241 finished with values: [10.769218046448099, 10.769218046448099] and parameters: {'k1': 7.639737756882014e-05, 'D_low': 12.856617791467924, 'k2': 3.609310926766545e-05, 'D_high': 2283.4228779494524, 'fire_exp': 2.264545306066772, 'P_half': 126.69536563782302, 'pre_dampen_half': 0.02581696750231143, 'gpp_af': 0.02298987619936072, 'gpp_b': 1.2892705405728861e-05, 'gpp_d': 0.09548041810464164, 'ign_k': 3.210808548911192, 'ign_c': 2.0013420622879967, 'trop_agb_crit': 2.598572417333811, 'trop_k_veg': 3.2989278108116276, 'fuel_k': 0.6452742971240902, 'fuel_half': 30.847886273764168}.
[I 2026-07-22 21:54:02,443] Trial 242 finished with values: [10.533966331961103, 10.533966331961103] and parameters: {'k1': 0.002968335334246999, 'D_low': 140.92119204434155, 'k2': 2.8459703343413838e-05, 'D_high': 107013.64911724928, 'fire_exp': 1.034491242472073, 'P_half': 1228.2126524008484, 'pre_dampen_half': 0.7354388726789677, 'gpp_af': 18.235072804314193, 'gpp_b': 0.02048523887932671, 'gpp_d': 6.378078463802852, 'ign_k': 0.0012634132366522116, 'ign_c': 4.1108484350212295, 'trop_agb_crit': 11.41767816030627, 'trop_k_veg': 3.107373729897127, 'fuel_k': 1.2528108647479208, 'fuel_half': 7.259866824755671}.
[I 2026-07-22 21:54:02,861] Trial 243 finished with values: [10.549493811840364, 10.549493811840364] and parameters: {'k1': 0.052334804885400876, 'D_low': 4.043300846639722, 'k2': 0.07799059237255677, 'D_high': 1693415.5410667954, 'fire_exp': 1.4750777427176416, 'P_half': 1938.3858782150498, 'pre_dampen_half': 33.97904243111269, 'gpp_af': 0.0025511964576171086, 'gpp_b': 3.228689523591491e-05, 'gpp_d': 302.3127748796295, 'ign_k': 0.006039096247545781, 'ign_c': 77.59048401667629, 'trop_agb_crit': 1.4914219038863046, 'trop_k_veg': 3.024803048559367, 'fuel_k': 0.6211831489538813, 'fuel_half': 38.21129441691226}.
[I 2026-07-22 21:54:03,279] Trial 244 finished with values: [-0.5520303474100996, 0.08612499391708872] and parameters: {'k1': 6.693990428538841e-05, 'D_low': 8454.098152188677, 'k2': 0.002342238625792905, 'D_high': 8433503.858791472, 'fire_exp': 2.3750840427797026, 'P_half': 1.4378290221680121, 'pre_dampen_half': 33.71909132517388, 'gpp_af': 1.4498445474033743, 'gpp_b': 0.002022832315155261, 'gpp_d': 6.91394869865762, 'ign_k': 4.59148521674054, 'ign_c': 0.13670484737132343, 'trop_agb_crit': 10.719494362768906, 'trop_k_veg': 0.977663002683211, 'fuel_k': 3.6992394681929355, 'fuel_half': 81.87941582538087}.
[I 2026-07-22 21:54:03,697] Trial 245 finished with values: [10.769230768838547, 10.769230768838547] and parameters: {'k1': 0.02806535913298299, 'D_low': 1.1640589436768796, 'k2': 0.0001971137615017176, 'D_high': 2512533.442757688, 'fire_exp': 2.2271826002669806, 'P_half': 12.38905291855107, 'pre_dampen_half': 33.71909132517388, 'gpp_af': 2.114381609520638, 'gpp_b': 0.002022832315155261, 'gpp_d': 25.017068255320467, 'ign_k': 0.04732407125181112, 'ign_c': 238.8897930076982, 'trop_agb_crit': 12.285102065067687, 'trop_k_veg': 1.7518409078083697, 'fuel_k': 0.08612665817296865, 'fuel_half': 0.253071961271088}.
[I 2026-07-22 21:54:04,115] Trial 246 finished with values: [10.244749316854225, 10.244749316854225] and parameters: {'k1': 0.02806535913298299, 'D_low': 864.0717009254879, 'k2': 0.038650368562597265, 'D_high': 6978.624673182437, 'fire_exp': 2.3750840427797026, 'P_half': 4.961134450191397, 'pre_dampen_half': 233.2883871089529, 'gpp_af': 1.1300566419249867, 'gpp_b': 2.325239859823921e-05, 'gpp_d': 6.91394869865762, 'ign_k': 0.004144296901136395, 'ign_c': 98.40989343758308, 'trop_agb_crit': 10.719494362768906, 'trop_k_veg': 1.140286245977296, 'fuel_k': 0.08612665817296865, 'fuel_half': 0.253071961271088}.
