[I 2026-06-11 13:12:49,223] Trial 583 finished with values: [10.171199816981357, 10.171199816981357] and parameters: {'k1': 0.03648456083047798, 'D_low': 148.21691630007544, 'k2': 0.006051580666890612, 'D_high': 252.84086172415604, 'fire_exp': 1.2060040899560858, 'P_half': 5.4712187293420325, 'pre_dampen_half': 170.71098124594695, 'gpp_af': 0.0065783822580709386, 'gpp_b': 0.00012118589392553798, 'gpp_d': 12.338826503601998, 'ign_k': 0.035828811741825076, 'ign_c': 23.40999464613212, 'trop_agb_crit': 8.0091368834625, 'trop_k_veg': 0.6673124511410327, 'fire_amp': 1.5180207449214471}.
[I 2026-06-11 13:12:50,110] Trial 584 finished with values: [10.468646370886919, 10.468646370886919] and parameters: {'k1': 3.609310926766545e-05, 'D_low': 1121.5915868662764, 'k2': 1.1417577140741129e-05, 'D_high': 623.411042225738, 'fire_exp': 1.4848387260494937, 'P_half': 2.226799690893868, 'pre_dampen_half': 4.847666216751353, 'gpp_af': 0.015627364027979502, 'gpp_b': 2.800940363375676e-05, 'gpp_d': 1.4397852866783676, 'ign_k': 0.09256855841989636, 'ign_c': 0.8916132699546893, 'trop_agb_crit': 12.647327018493208, 'trop_k_veg': 4.989748894578724, 'fire_amp': 1.5180207449214471}.
[I 2026-06-11 13:12:51,016] Trial 585 finished with values: [10.659085819536722, 10.659085819536722] and parameters: {'k1': 0.08409006963311547, 'D_low': 236.79352040223893, 'k2': 0.045914852167405346, 'D_high': 32311.521854410956, 'fire_exp': 1.1593349727271403, 'P_half': 1265.0580856641704, 'pre_dampen_half': 0.7349519696695505, 'gpp_af': 0.060029341913968644, 'gpp_b': 0.0036065155862388338, 'gpp_d': 0.13688256550323696, 'ign_k': 0.09256855841989636, 'ign_c': 29.690870944846793, 'trop_agb_crit': 8.0091368834625, 'trop_k_veg': 3.4439936249445045, 'fire_amp': 2.7556562114998226}.
[I 2026-06-11 13:12:51,908] Trial 586 finished with values: [11.161927629242742, 11.161927629242742] and parameters: {'k1': 0.0057293717735696316, 'D_low': 236.79352040223893, 'k2': 5.153993511603138e-05, 'D_high': 32311.521854410956, 'fire_exp': 1.4848387260494937, 'P_half': 2.226799690893868, 'pre_dampen_half': 170.71098124594695, 'gpp_af': 0.008117091133892173, 'gpp_b': 0.00012118589392553798, 'gpp_d': 94.19931479490882, 'ign_k': 0.012480180965117606, 'ign_c': 0.19623826481168347, 'trop_agb_crit': 8.0091368834625, 'trop_k_veg': 6.030247256556128, 'fire_amp': 1.5719333351012774}.
[I 2026-06-11 13:12:52,816] Trial 587 finished with values: [10.158568681838274, 10.158568681838274] and parameters: {'k1': 0.08409006963311547, 'D_low': 1.4002277211577039, 'k2': 0.003767022142229395, 'D_high': 32311.521854410956, 'fire_exp': 1.41873960828944, 'P_half': 5.4712187293420325, 'pre_dampen_half': 30.456909077772018, 'gpp_af': 0.41874665092828456, 'gpp_b': 0.0036065155862388338, 'gpp_d': 0.1619054449471649, 'ign_k': 0.09256855841989636, 'ign_c': 29.690870944846793, 'trop_agb_crit': 12.9667438075127, 'trop_k_veg': 0.828441460847982, 'fire_amp': 3.102033517490054}.
[I 2026-06-11 13:12:53,755] Trial 588 finished with values: [10.766966429732447, 10.766966429732447] and parameters: {'k1': 6.784924519083143e-05, 'D_low': 1.4002277211577039, 'k2': 1.1417577140741129e-05, 'D_high': 6682.9607218310075, 'fire_exp': 4.0128099657681755, 'P_half': 5.4712187293420325, 'pre_dampen_half': 350.88322284755304, 'gpp_af': 0.008117091133892173, 'gpp_b': 0.004411400434514031, 'gpp_d': 47.35384181058586, 'ign_k': 0.012480180965117606, 'ign_c': 3.7623363852696734, 'trop_agb_crit': 2.49652474515731, 'trop_k_veg': 0.9660523662864217, 'fire_amp': 3.211868494428654}.
[I 2026-06-11 13:12:54,668] Trial 589 finished with values: [10.304327023017228, 10.304327023017228] and parameters: {'k1': 0.0008362695993649681, 'D_low': 470.815979325019, 'k2': 1.1417577140741129e-05, 'D_high': 6682.9607218310075, 'fire_exp': 1.1490848108902036, 'P_half': 2.226799690893868, 'pre_dampen_half': 4.847666216751353, 'gpp_af': 0.060029341913968644, 'gpp_b': 2.800940363375676e-05, 'gpp_d': 1.4397852866783676, 'ign_k': 0.0032383308053152635, 'ign_c': 0.9736725715035878, 'trop_agb_crit': 1.3063813396521713, 'trop_k_veg': 1.6648666152166967, 'fire_amp': 1.5180207449214471}.
[I 2026-06-11 13:12:55,570] Trial 590 finished with values: [10.31062891022404, 10.31062891022404] and parameters: {'k1': 0.00023134781612225627, 'D_low': 13.012518385211498, 'k2': 0.0001280886335404798, 'D_high': 252.84086172415604, 'fire_exp': 1.4848387260494937, 'P_half': 12.280874862135363, 'pre_dampen_half': 170.71098124594695, 'gpp_af': 0.07118041471054574, 'gpp_b': 0.00012118589392553798, 'gpp_d': 0.1619054449471649, 'ign_k': 0.012480180965117606, 'ign_c': 7.081721844034206, 'trop_agb_crit': 8.462233625364036, 'trop_k_veg': 0.5535297685306277, 'fire_amp': 1.5719333351012774}.
[I 2026-06-11 13:12:56,482] Trial 591 finished with values: [-0.5744912834343701, 0.25262514119803214] and parameters: {'k1': 0.03648456083047798, 'D_low': 148.21691630007544, 'k2': 0.019383858782150494, 'D_high': 6682.9607218310075, 'fire_exp': 1.811096651915224, 'P_half': 5.4712187293420325, 'pre_dampen_half': 4.847666216751353, 'gpp_af': 1.2515601598062582, 'gpp_b': 0.0036065155862388338, 'gpp_d': 545.0253444559129, 'ign_k': 0.0032383308053152635, 'ign_c': 0.17036120617148395, 'trop_agb_crit': 2.49652474515731, 'trop_k_veg': 4.0068236274914755, 'fire_amp': 3.102033517490054}.
[I 2026-06-11 13:12:57,402] Trial 592 finished with values: [-0.647995821151757, 0.06650335749690117] and parameters: {'k1': 0.08006837661379566, 'D_low': 13.012518385211498, 'k2': 0.019383858782150494, 'D_high': 714.4571308652828, 'fire_exp': 1.41873960828944, 'P_half': 5.4712187293420325, 'pre_dampen_half': 16.009350908593582, 'gpp_af': 0.060029341913968644, 'gpp_b': 0.0036065155862388338, 'gpp_d': 0.7923715993309053, 'ign_k': 0.0032383308053152635, 'ign_c': 7.081721844034206, 'trop_agb_crit': 8.462233625364036, 'trop_k_veg': 0.5667990147757791, 'fire_amp': 1.5719333351012774}.
[I 2026-06-11 13:12:58,327] Trial 593 finished with values: [-0.5954875439797601, 0.34909147555565767] and parameters: {'k1': 0.0009255037589041178, 'D_low': 236.79352040223893, 'k2': 0.003767022142229395, 'D_high': 6682.9607218310075, 'fire_exp': 1.41873960828944, 'P_half': 8.318314747941244, 'pre_dampen_half': 16.009350908593582, 'gpp_af': 1.9706963379095486, 'gpp_b': 2.800940363375676e-05, 'gpp_d': 12.338826503601998, 'ign_k': 0.00840038491455979, 'ign_c': 1.364908766641693, 'trop_agb_crit': 8.0091368834625, 'trop_k_veg': 3.4439936249445045, 'fire_amp': 1.5719333351012774}.
[I 2026-06-11 13:12:59,308] Trial 594 finished with values: [12.945375440544922, 12.945375440544922] and parameters: {'k1': 0.0006042560675552671, 'D_low': 236.79352040223893, 'k2': 0.00037358626308127543, 'D_high': 32311.521854410956, 'fire_exp': 1.2060040899560858, 'P_half': 2.226799690893868, 'pre_dampen_half': 269.0845367054866, 'gpp_af': 0.015627364027979502, 'gpp_b': 0.0036065155862388338, 'gpp_d': 5.981605330890935, 'ign_k': 0.09256855841989636, 'ign_c': 29.690870944846793, 'trop_agb_crit': 12.9667438075127, 'trop_k_veg': 4.0068236274914755, 'fire_amp': 3.102033517490054}.
[I 2026-06-11 13:13:00,277] Trial 595 finished with values: [10.559142023158648, 10.559142023158648] and parameters: {'k1': 0.05347027553411487, 'D_low': 1.4002277211577039, 'k2': 0.00037358626308127543, 'D_high': 1266.9536563782303, 'fire_exp': 1.4848387260494937, 'P_half': 93.43302657318476, 'pre_dampen_half': 4.847666216751353, 'gpp_af': 0.41874665092828456, 'gpp_b': 0.004411400434514031, 'gpp_d': 1.4397852866783676, 'ign_k': 0.0032383308053152635, 'ign_c': 1.364908766641693, 'trop_agb_crit': 12.647327018493208, 'trop_k_veg': 5.453348988480011, 'fire_amp': 1.5180207449214471}.
[I 2026-06-11 13:13:01,198] Trial 596 finished with values: [-0.6071443803904406, 0.24026647752247676] and parameters: {'k1': 0.00023134781612225627, 'D_low': 1.7551403048208316, 'k2': 0.0001280886335404798, 'D_high': 32311.521854410956, 'fire_exp': 1.811096651915224, 'P_half': 5.4712187293420325, 'pre_dampen_half': 121.93011993958949, 'gpp_af': 0.07118041471054574, 'gpp_b': 1.7286734109794885e-05, 'gpp_d': 0.1619054449471649, 'ign_k': 0.0029519227433917453, 'ign_c': 7.081721844034206, 'trop_agb_crit': 12.708819454040446, 'trop_k_veg': 2.520089655463604, 'fire_amp': 1.5719333351012774}.
[I 2026-06-11 13:13:02,113] Trial 597 finished with values: [10.639621911886772, 10.639621911886772] and parameters: {'k1': 0.028401063201780267, 'D_low': 236.79352040223893, 'k2': 0.045914852167405346, 'D_high': 32311.521854410956, 'fire_exp': 1.2060040899560858, 'P_half': 93.43302657318476, 'pre_dampen_half': 30.456909077772018, 'gpp_af': 0.41874665092828456, 'gpp_b': 0.0010881810414580882, 'gpp_d': 0.09467055845337147, 'ign_k': 3.6309591863459096, 'ign_c': 29.690870944846793, 'trop_agb_crit': 8.0091368834625, 'trop_k_veg': 1.6648666152166967, 'fire_amp': 3.102033517490054}.
[I 2026-06-11 13:13:03,007] Trial 598 finished with values: [10.021741094613096, 10.021741094613096] and parameters: {'k1': 0.00026539376439360527, 'D_low': 1074.940539517341, 'k2': 7.639737756882014e-05, 'D_high': 252.84086172415604, 'fire_exp': 1.41873960828944, 'P_half': 1.4551749476072258, 'pre_dampen_half': 16.009350908593582, 'gpp_af': 1.3954498518315706, 'gpp_b': 0.006999112505425414, 'gpp_d': 12.338826503601998, 'ign_k': 0.0032383308053152635, 'ign_c': 7.832259769732471, 'trop_agb_crit': 8.0091368834625, 'trop_k_veg': 3.4439936249445045, 'fire_amp': 4.1162797330133705}.
[I 2026-06-11 13:13:03,911] Trial 599 finished with values: [10.1748070233125, 10.1748070233125] and parameters: {'k1': 6.784924519083143e-05, 'D_low': 236.79352040223893, 'k2': 0.0004976087827261435, 'D_high': 32311.521854410956, 'fire_exp': 1.4848387260494937, 'P_half': 5.4712187293420325, 'pre_dampen_half': 30.456909077772018, 'gpp_af': 42.29037995744429, 'gpp_b': 0.00012118589392553798, 'gpp_d': 47.35384181058586, 'ign_k': 0.012480180965117606, 'ign_c': 0.22592797420156951, 'trop_agb_crit': 8.0091368834625, 'trop_k_veg': 4.989748894578724, 'fire_amp': 3.102033517490054}.
[I 2026-06-11 13:13:04,836] Trial 600 finished with values: [-0.6657635702569467, 0.12321365645159521] and parameters: {'k1': 0.03648456083047798, 'D_low': 236.79352040223893, 'k2': 0.003767022142229395, 'D_high': 6682.9607218310075, 'fire_exp': 1.41873960828944, 'P_half': 8.318314747941244, 'pre_dampen_half': 16.009350908593582, 'gpp_af': 0.3939208112794227, 'gpp_b': 0.05719024141066792, 'gpp_d': 34.18897529667503, 'ign_k': 0.00840038491455979, 'ign_c': 1.364908766641693, 'trop_agb_crit': 8.0091368834625, 'trop_k_veg': 0.6673124511410327, 'fire_amp': 1.5719333351012774}.
[I 2026-06-11 13:13:05,753] Trial 601 finished with values: [10.787483355498324, 10.787483355498324] and parameters: {'k1': 0.03648456083047798, 'D_low': 1.4002277211577039, 'k2': 0.003767022142229395, 'D_high': 6682.9607218310075, 'fire_exp': 1.41873960828944, 'P_half': 8.318314747941244, 'pre_dampen_half': 16.009350908593582, 'gpp_af': 0.060029341913968644, 'gpp_b': 2.800940363375676e-05, 'gpp_d': 1.4397852866783676, 'ign_k': 0.00840038491455979, 'ign_c': 1.364908766641693, 'trop_agb_crit': 8.0091368834625, 'trop_k_veg': 1.6648666152166967, 'fire_amp': 1.5180207449214471}.
[I 2026-06-11 13:13:06,779] Trial 602 finished with values: [10.68741955275682, 10.68741955275682] and parameters: {'k1': 0.0057293717735696316, 'D_low': 236.79352040223893, 'k2': 0.0008255198309657572, 'D_high': 32311.521854410956, 'fire_exp': 1.3807440352456883, 'P_half': 2.226799690893868, 'pre_dampen_half': 79.2915624488668, 'gpp_af': 0.008117091133892173, 'gpp_b': 0.010307896803108956, 'gpp_d': 47.35384181058586, 'ign_k': 0.0012663923057989628, 'ign_c': 29.690870944846793, 'trop_agb_crit': 3.1920112940578624, 'trop_k_veg': 1.6648666152166967, 'fire_amp': 5.869450070968175}.
[I 2026-06-11 13:13:07,677] Trial 603 finished with values: [-0.5611160859108726, 0.35570715161785926] and parameters: {'k1': 6.784924519083143e-05, 'D_low': 13.012518385211498, 'k2': 0.0004976087827261435, 'D_high': 22.636544662054543, 'fire_exp': 1.0420149135640993, 'P_half': 5.4712187293420325, 'pre_dampen_half': 231.59500020699807, 'gpp_af': 0.2204465010099918, 'gpp_b': 0.0003601974223479835, 'gpp_d': 0.03927259340973166, 'ign_k': 0.0014363112408604436, 'ign_c': 0.22592797420156951, 'trop_agb_crit': 8.462233625364036, 'trop_k_veg': 0.5667990147757791, 'fire_amp': 5.869450070968175}.
[I 2026-06-11 13:13:08,581] Trial 604 finished with values: [10.208984436503481, 10.208984436503481] and parameters: {'k1': 0.03648456083047798, 'D_low': 13.012518385211498, 'k2': 0.003767022142229395, 'D_high': 6682.9607218310075, 'fire_exp': 1.2060040899560858, 'P_half': 2.226799690893868, 'pre_dampen_half': 4.847666216751353, 'gpp_af': 0.060029341913968644, 'gpp_b': 0.001674375583895437, 'gpp_d': 0.7961191926812561, 'ign_k': 0.0014363112408604436, 'ign_c': 0.22592797420156951, 'trop_agb_crit': 5.588032458772675, 'trop_k_veg': 0.6673124511410327, 'fire_amp': 2.0433579207802377}.
[I 2026-06-11 13:13:09,793] Trial 605 finished with values: [10.768193413460978, 10.768193413460978] and parameters: {'k1': 0.08409006963311547, 'D_low': 236.79352040223893, 'k2': 0.045914852167405346, 'D_high': 6682.9607218310075, 'fire_exp': 3.803403214687732, 'P_half': 8.318314747941244, 'pre_dampen_half': 16.009350908593582, 'gpp_af': 0.008117091133892173, 'gpp_b': 0.05719024141066792, 'gpp_d': 12.338826503601998, 'ign_k': 0.09256855841989636, 'ign_c': 1.364908766641693, 'trop_agb_crit': 8.0091368834625, 'trop_k_veg': 3.4439936249445045, 'fire_amp': 2.6014979556220936}.
[I 2026-06-11 13:13:10,698] Trial 606 finished with values: [10.444934797044416, 10.444934797044416] and parameters: {'k1': 3.609310926766545e-05, 'D_low': 270.15957920129443, 'k2': 0.02939607009739149, 'D_high': 32311.521854410956, 'fire_exp': 1.4848387260494937, 'P_half': 2.226799690893868, 'pre_dampen_half': 4.847666216751353, 'gpp_af': 42.29037995744429, 'gpp_b': 0.00012118589392553798, 'gpp_d': 47.35384181058586, 'ign_k': 0.09256855841989636, 'ign_c': 23.422386257929038, 'trop_agb_crit': 11.664190932505923, 'trop_k_veg': 1.6648666152166967, 'fire_amp': 2.7806853670293616}.
[I 2026-06-11 13:13:11,594] Trial 607 finished with values: [10.668291558653928, 10.668291558653928] and parameters: {'k1': 0.03648456083047798, 'D_low': 236.79352040223893, 'k2': 0.003767022142229395, 'D_high': 32311.521854410956, 'fire_exp': 5.8194676931800995, 'P_half': 8.318314747941244, 'pre_dampen_half': 269.0845367054866, 'gpp_af': 11.612579322936512, 'gpp_b': 0.00031478066835753096, 'gpp_d': 5.981605330890935, 'ign_k': 0.002357279455676982, 'ign_c': 1.364908766641693, 'trop_agb_crit': 8.0091368834625, 'trop_k_veg': 3.6616459585256997, 'fire_amp': 5.540410692872822}.
[I 2026-06-11 13:13:12,484] Trial 608 finished with values: [10.013460415193443, 10.013460415193443] and parameters: {'k1': 0.03648456083047798, 'D_low': 1.7551403048208316, 'k2': 0.019383858782150494, 'D_high': 6682.9607218310075, 'fire_exp': 1.41873960828944, 'P_half': 996.7983879709292, 'pre_dampen_half': 16.009350908593582, 'gpp_af': 0.10098504976210308, 'gpp_b': 0.001674375583895437, 'gpp_d': 545.0253444559129, 'ign_k': 0.07867677706257832, 'ign_c': 0.33139424373451987, 'trop_agb_crit': 12.708819454040446, 'trop_k_veg': 2.724170387400844, 'fire_amp': 1.5719333351012774}.
[I 2026-06-11 13:13:13,397] Trial 609 finished with values: [10.327251354423574, 10.327251354423574] and parameters: {'k1': 0.03648456083047798, 'D_low': 148.21691630007544, 'k2': 0.00037358626308127543, 'D_high': 6682.9607218310075, 'fire_exp': 1.2060040899560858, 'P_half': 93.43302657318476, 'pre_dampen_half': 4.847666216751353, 'gpp_af': 0.060029341913968644, 'gpp_b': 0.001674375583895437, 'gpp_d': 12.338826503601998, 'ign_k': 0.0032383308053152635, 'ign_c': 1.364908766641693, 'trop_agb_crit': 8.0091368834625, 'trop_k_veg': 4.989748894578724, 'fire_amp': 3.1543496524370136}.
[I 2026-06-11 13:13:14,303] Trial 610 finished with values: [-0.6213438070474167, 0.20636501781144434] and parameters: {'k1': 0.03648456083047798, 'D_low': 148.21691630007544, 'k2': 0.003767022142229395, 'D_high': 6682.9607218310075, 'fire_exp': 1.2060040899560858, 'P_half': 2.226799690893868, 'pre_dampen_half': 4.847666216751353, 'gpp_af': 0.060029341913968644, 'gpp_b': 0.001674375583895437, 'gpp_d': 12.338826503601998, 'ign_k': 0.0032383308053152635, 'ign_c': 1.364908766641693, 'trop_agb_crit': 8.0091368834625, 'trop_k_veg': 0.9660523662864217, 'fire_amp': 1.5180207449214471}.
[I 2026-06-11 13:13:15,221] Trial 611 finished with values: [10.638131791581923, 10.638131791581923] and parameters: {'k1': 6.784924519083143e-05, 'D_low': 1121.5915868662764, 'k2': 0.00037358626308127543, 'D_high': 1266.9536563782303, 'fire_exp': 1.811096651915224, 'P_half': 5.4712187293420325, 'pre_dampen_half': 170.71098124594695, 'gpp_af': 0.060029341913968644, 'gpp_b': 1.2864576564815137e-05, 'gpp_d': 5.981605330890935, 'ign_k': 0.09256855841989636, 'ign_c': 39.52220881906114, 'trop_agb_crit': 12.647327018493208, 'trop_k_veg': 4.989748894578724, 'fire_amp': 3.211868494428654}.
[I 2026-06-11 13:13:16,132] Trial 612 finished with values: [11.253302782025427, 11.253302782025427] and parameters: {'k1': 0.00038698408508416947, 'D_low': 236.79352040223893, 'k2': 0.02939607009739149, 'D_high': 1266.9536563782303, 'fire_exp': 1.2060040899560858, 'P_half': 2.226799690893868, 'pre_dampen_half': 28.01075698398644, 'gpp_af': 0.009525547092124444, 'gpp_b': 0.0010881810414580882, 'gpp_d': 545.0253444559129, 'ign_k': 3.6309591863459096, 'ign_c': 23.422386257929038, 'trop_agb_crit': 12.9667438075127, 'trop_k_veg': 2.99731137426955, 'fire_amp': 2.7806853670293616}.
[I 2026-06-11 13:13:17,027] Trial 613 finished with values: [10.74138634657033, 10.74138634657033] and parameters: {'k1': 6.784924519083143e-05, 'D_low': 236.79352040223893, 'k2': 0.005204862686958021, 'D_high': 6682.9607218310075, 'fire_exp': 1.4848387260494937, 'P_half': 1265.0580856641704, 'pre_dampen_half': 269.0845367054866, 'gpp_af': 0.060029341913968644, 'gpp_b': 0.049565458633074926, 'gpp_d': 0.03927259340973166, 'ign_k': 0.0014363112408604436, 'ign_c': 0.10721400017185365, 'trop_agb_crit': 5.588032458772675, 'trop_k_veg': 4.0068236274914755, 'fire_amp': 1.5719333351012774}.
[I 2026-06-11 13:13:17,934] Trial 614 finished with values: [12.834941004941303, 12.834941004941303] and parameters: {'k1': 0.08006837661379566, 'D_low': 236.79352040223893, 'k2': 0.045914852167405346, 'D_high': 32311.521854410956, 'fire_exp': 1.3807440352456883, 'P_half': 2.226799690893868, 'pre_dampen_half': 79.2915624488668, 'gpp_af': 0.060029341913968644, 'gpp_b': 0.0036065155862388338, 'gpp_d': 1.336803341156552, 'ign_k': 0.001229921046579313, 'ign_c': 29.690870944846793, 'trop_agb_crit': 8.0091368834625, 'trop_k_veg': 6.030247256556128, 'fire_amp': 3.102033517490054}.
[I 2026-06-11 13:13:18,824] Trial 615 finished with values: [11.287630894602353, 11.287630894602353] and parameters: {'k1': 0.08409006963311547, 'D_low': 236.79352040223893, 'k2': 0.005204862686958021, 'D_high': 6682.9607218310075, 'fire_exp': 1.1593349727271403, 'P_half': 1265.0580856641704, 'pre_dampen_half': 269.0845367054866, 'gpp_af': 0.060029341913968644, 'gpp_b': 0.0036065155862388338, 'gpp_d': 17.273230592904202, 'ign_k': 3.909508806930522, 'ign_c': 21.275785720135406, 'trop_agb_crit': 2.49652474515731, 'trop_k_veg': 4.0068236274914755, 'fire_amp': 2.7556562114998226}.
[I 2026-06-11 13:13:19,743] Trial 616 finished with values: [10.907473959971261, 10.907473959971261] and parameters: {'k1': 0.03648456083047798, 'D_low': 148.21691630007544, 'k2': 0.045914852167405346, 'D_high': 32311.521854410956, 'fire_exp': 1.41873960828944, 'P_half': 1265.0580856641704, 'pre_dampen_half': 30.456909077772018, 'gpp_af': 0.41874665092828456, 'gpp_b': 0.0036065155862388338, 'gpp_d': 47.35384181058586, 'ign_k': 3.6309591863459096, 'ign_c': 2.2489542843914485, 'trop_agb_crit': 5.588032458772675, 'trop_k_veg': 1.6648666152166967, 'fire_amp': 2.818314238665462}.
[I 2026-06-11 13:13:20,658] Trial 617 finished with values: [10.718671982816499, 10.718671982816499] and parameters: {'k1': 0.08409006963311547, 'D_low': 236.79352040223893, 'k2': 0.045914852167405346, 'D_high': 32311.521854410956, 'fire_exp': 1.7517910233753213, 'P_half': 5106.674528526557, 'pre_dampen_half': 30.456909077772018, 'gpp_af': 0.060029341913968644, 'gpp_b': 0.0036065155862388338, 'gpp_d': 47.35384181058586, 'ign_k': 0.09256855841989636, 'ign_c': 29.690870944846793, 'trop_agb_crit': 8.0091368834625, 'trop_k_veg': 3.4439936249445045, 'fire_amp': 2.7556562114998226}.
[I 2026-06-11 13:13:21,576] Trial 618 finished with values: [10.442382881156586, 10.442382881156586] and parameters: {'k1': 0.0008362695993649681, 'D_low': 1.4002277211577039, 'k2': 0.00037358626308127543, 'D_high': 1266.9536563782303, 'fire_exp': 1.2060040899560858, 'P_half': 93.43302657318476, 'pre_dampen_half': 28.01075698398644, 'gpp_af': 0.41874665092828456, 'gpp_b': 0.0010881810414580882, 'gpp_d': 47.35384181058586, 'ign_k': 0.0017420858817889426, 'ign_c': 23.422386257929038, 'trop_agb_crit': 12.9667438075127, 'trop_k_veg': 4.989748894578724, 'fire_amp': 3.102033517490054}.
[I 2026-06-11 13:13:22,493] Trial 619 finished with values: [10.06893050884258, 10.06893050884258] and parameters: {'k1': 0.00038698408508416947, 'D_low': 148.21691630007544, 'k2': 0.045914852167405346, 'D_high': 6682.9607218310075, 'fire_exp': 1.2060040899560858, 'P_half': 2.226799690893868, 'pre_dampen_half': 4.847666216751353, 'gpp_af': 0.060029341913968644, 'gpp_b': 0.001674375583895437, 'gpp_d': 545.0253444559129, 'ign_k': 0.09256855841989636, 'ign_c': 29.690870944846793, 'trop_agb_crit': 8.0091368834625, 'trop_k_veg': 2.99731137426955, 'fire_amp': 2.7556562114998226}.
