[I 2026-08-20 00:28:50,939] Trial 576 finished with value: -0.5702937342924638 and parameters: {'k1': 0.0035956331388185972, 'D_low': 3795.0518342188584, 'k2': 0.002024434129861705, 'D_high': 157535.4543309683, 'fire_exp': 2.0750776939759437, 'P_half': 28.205480035814062, 'pre_dampen_half': 3.7052476118449453, 'gpp_af': 0.006302297264774636, 'gpp_b': 0.00025132576597976, 'gpp_d': 21.61851729249201, 'ign_k': 8.012680272518697, 'ign_c': 0.3676555576432177, 'trop_agb_crit': 5.960677017580072, 'trop_k_veg': 2.8558313466275926, 'pop_amp': 0.21466938315714354, 'pop_peak': 6.837693448898285, 'pop_sig': 0.9525297185055742}. Best is trial 274 with value: -0.604910391627968.
[I 2026-08-20 00:28:53,539] Trial 577 finished with value: 0.5149447222193478 and parameters: {'k1': 0.010038516622584514, 'D_low': 241.54731671609917, 'k2': 0.09120119401965156, 'D_high': 1433683.890338038, 'fire_exp': 1.151680176696993, 'P_half': 1.3113783485920218, 'pre_dampen_half': 511.62902225459493, 'gpp_af': 0.07279610567845896, 'gpp_b': 0.00832550197598887, 'gpp_d': 38.03995752411425, 'ign_k': 1.3504228030238707, 'ign_c': 3.919813340479757, 'trop_agb_crit': 26.106496341782233, 'trop_k_veg': 2.241916967361653, 'pop_amp': 0.06755013143401037, 'pop_peak': 0.12028956549187132, 'pop_sig': 0.3570986481894126}. Best is trial 274 with value: -0.604910391627968.
[I 2026-08-20 00:28:56,179] Trial 578 finished with value: 0.4275409743370506 and parameters: {'k1': 0.0006952207107264075, 'D_low': 1.633727516262678, 'k2': 0.007034236893435844, 'D_high': 2743140.1062710867, 'fire_exp': 1.0153392082076826, 'P_half': 2.1673704067147455, 'pre_dampen_half': 0.12748031307310023, 'gpp_af': 0.1443076834846608, 'gpp_b': 0.05106149780853749, 'gpp_d': 160.8394180284462, 'ign_k': 0.006551094624567183, 'ign_c': 2.5252113782611336, 'trop_agb_crit': 3.486693484044642, 'trop_k_veg': 0.7338442843874527, 'pop_amp': 5.192293716648552, 'pop_peak': 3.090122342059554, 'pop_sig': 1.1428155446107822}. Best is trial 274 with value: -0.604910391627968.
[I 2026-08-20 00:28:58,821] Trial 579 finished with value: -0.562105875315126 and parameters: {'k1': 0.007690545401397693, 'D_low': 1600.3159798276654, 'k2': 0.0055276840379794145, 'D_high': 67214.86238976962, 'fire_exp': 1.1802594889589957, 'P_half': 14.914586661251775, 'pre_dampen_half': 2.659958883442284, 'gpp_af': 0.001526401564463004, 'gpp_b': 4.644165794941803e-05, 'gpp_d': 104.2850132112936, 'ign_k': 8.29894652211361, 'ign_c': 0.4837211474162697, 'trop_agb_crit': 4.771618151352752, 'trop_k_veg': 0.9144081436723885, 'pop_amp': 0.012676040389816219, 'pop_peak': 2.3532757572725687, 'pop_sig': 0.6234081586358906}. Best is trial 274 with value: -0.604910391627968.
[I 2026-08-20 00:29:01,498] Trial 580 finished with value: 0.5215233406276412 and parameters: {'k1': 0.025048403363054732, 'D_low': 305.10980785949357, 'k2': 0.0003614332354535656, 'D_high': 6866205.582350252, 'fire_exp': 1.5684527957893453, 'P_half': 6.727204103900255, 'pre_dampen_half': 0.5286666522095221, 'gpp_af': 0.01128389731439993, 'gpp_b': 0.0029003089261297626, 'gpp_d': 80.1113261599087, 'ign_k': 1.06233574071977, 'ign_c': 0.5352255833768118, 'trop_agb_crit': 2.9186401835512394, 'trop_k_veg': 0.625603136909018, 'pop_amp': 0.0018254281419908256, 'pop_peak': 10.993338479437918, 'pop_sig': 0.7467319368026212}. Best is trial 274 with value: -0.604910391627968.
[I 2026-08-20 00:29:04,333] Trial 581 finished with value: 0.5090825882208202 and parameters: {'k1': 0.0017155692495084626, 'D_low': 2100.576637907521, 'k2': 0.0022102642850170863, 'D_high': 58150.05838080144, 'fire_exp': 1.9323156540992055, 'P_half': 42.81344560113549, 'pre_dampen_half': 0.5178531465612092, 'gpp_af': 0.0036456509623710434, 'gpp_b': 0.0005016889061662653, 'gpp_d': 61.71702839195581, 'ign_k': 4.973767064199628, 'ign_c': 0.42423575314298867, 'trop_agb_crit': 14.007018537907275, 'trop_k_veg': 2.666888588673487, 'pop_amp': 0.2997936189352434, 'pop_peak': 2.7413709681565996, 'pop_sig': 1.4307472198232214}. Best is trial 274 with value: -0.604910391627968.
[I 2026-08-20 00:29:07,802] Trial 582 finished with value: 0.6445374145881376 and parameters: {'k1': 0.09617786596763758, 'D_low': 59231.25861077899, 'k2': 0.005022107307302658, 'D_high': 12822.254449990958, 'fire_exp': 1.5867214023882927, 'P_half': 5.5289708316456645, 'pre_dampen_half': 0.4116781679977178, 'gpp_af': 0.002161451934361985, 'gpp_b': 0.0018335828539678676, 'gpp_d': 396.44111450525855, 'ign_k': 2.891725654239553, 'ign_c': 0.4559569310055111, 'trop_agb_crit': 5.190172702063055, 'trop_k_veg': 1.1581171673669561, 'pop_amp': 0.11890119863831654, 'pop_peak': 1.1788506402850678, 'pop_sig': 0.7613810217449916}. Best is trial 274 with value: -0.604910391627968.
[I 2026-08-20 00:29:09,884] Trial 583 finished with value: 0.5565744546329078 and parameters: {'k1': 0.027981265556906488, 'D_low': 391.7908825508729, 'k2': 0.0032468417897172264, 'D_high': 7159849.317795015, 'fire_exp': 2.1631430971222727, 'P_half': 480.6933927588208, 'pre_dampen_half': 0.11553186108030203, 'gpp_af': 0.029990275762715575, 'gpp_b': 1.819114049741617e-05, 'gpp_d': 307.12391877165624, 'ign_k': 2.1120302358352507, 'ign_c': 2.813732758385104, 'trop_agb_crit': 2.843963213963228, 'trop_k_veg': 0.8815020262017954, 'pop_amp': 0.006300622695109286, 'pop_peak': 62.47710604177452, 'pop_sig': 0.5643336914903208}. Best is trial 274 with value: -0.604910391627968.
[I 2026-08-20 00:29:11,857] Trial 584 finished with value: 0.46292866224147144 and parameters: {'k1': 0.0036723880735417998, 'D_low': 1012.1361257580887, 'k2': 0.004965686848781691, 'D_high': 985050.8707516006, 'fire_exp': 1.2721879862290377, 'P_half': 18.277085826989207, 'pre_dampen_half': 0.8453358204260788, 'gpp_af': 0.0010630299199070354, 'gpp_b': 0.0001238786820493056, 'gpp_d': 2.9613588585174693, 'ign_k': 1.1591567228630872, 'ign_c': 1.9953557311375911, 'trop_agb_crit': 2.331608884042012, 'trop_k_veg': 0.9391552635917507, 'pop_amp': 0.007977976359730462, 'pop_peak': 139.82947647935305, 'pop_sig': 1.250555261583942}. Best is trial 274 with value: -0.604910391627968.
[I 2026-08-20 00:29:13,823] Trial 585 finished with value: 0.5791085502160562 and parameters: {'k1': 0.015418976840489887, 'D_low': 1502.9336576915262, 'k2': 0.0009299839323422562, 'D_high': 17616.337366898242, 'fire_exp': 1.7071603302100775, 'P_half': 29.643263731832597, 'pre_dampen_half': 13.373874105288875, 'gpp_af': 0.0010283540398113875, 'gpp_b': 6.780767267193161e-05, 'gpp_d': 4.424054363424956, 'ign_k': 3.1173050301155345, 'ign_c': 0.3732142168784224, 'trop_agb_crit': 6.652206317897519, 'trop_k_veg': 1.8598672513894892, 'pop_amp': 4.186195010018189, 'pop_peak': 19.165843571103256, 'pop_sig': 0.9661229643162487}. Best is trial 274 with value: -0.604910391627968.
[I 2026-08-20 00:29:15,635] Trial 586 finished with value: 0.6181547985632679 and parameters: {'k1': 0.012633367759801855, 'D_low': 24690.373411490633, 'k2': 0.02486634998782235, 'D_high': 25824.55262227163, 'fire_exp': 2.426334342078433, 'P_half': 463.4745243818987, 'pre_dampen_half': 238.9584504784136, 'gpp_af': 0.13369765561992009, 'gpp_b': 0.00019570352850331948, 'gpp_d': 22.693614792432154, 'ign_k': 0.8282998474276392, 'ign_c': 0.12533234255805334, 'trop_agb_crit': 5.914994189288744, 'trop_k_veg': 7.28751962318274, 'pop_amp': 0.9457886922844352, 'pop_peak': 0.3003589441347503, 'pop_sig': 0.7794308557050107}. Best is trial 274 with value: -0.604910391627968.
[I 2026-08-20 00:29:17,396] Trial 587 finished with value: 0.6445374145881376 and parameters: {'k1': 0.002219378162419472, 'D_low': 101.82787874220149, 'k2': 4.345363179217967e-05, 'D_high': 30685.988425275005, 'fire_exp': 2.505542459189576, 'P_half': 8.502163903404155, 'pre_dampen_half': 589.7753360211888, 'gpp_af': 0.0020638794200408656, 'gpp_b': 0.0008535404101227084, 'gpp_d': 861.3927548704364, 'ign_k': 1.1541374956944703, 'ign_c': 71.66360182395496, 'trop_agb_crit': 7.8804301970704556, 'trop_k_veg': 5.899953192796587, 'pop_amp': 0.0017763143273198303, 'pop_peak': 8.22240120312905, 'pop_sig': 1.0913760083693422}. Best is trial 274 with value: -0.604910391627968.
[I 2026-08-20 00:29:19,089] Trial 588 finished with value: 0.4690518850070122 and parameters: {'k1': 0.009374563257341567, 'D_low': 522.4123185566809, 'k2': 0.004147352173896463, 'D_high': 24653.55698422327, 'fire_exp': 1.1041962687373699, 'P_half': 25.637141147084094, 'pre_dampen_half': 17.02641621351443, 'gpp_af': 0.004605091011759439, 'gpp_b': 8.670872725490785e-05, 'gpp_d': 151.0788062078177, 'ign_k': 3.501876541744805, 'ign_c': 1.7322802486628075, 'trop_agb_crit': 9.61549763588165, 'trop_k_veg': 0.8774687175603038, 'pop_amp': 0.0013982172741138696, 'pop_peak': 2.407654641003674, 'pop_sig': 0.4635118846875284}. Best is trial 274 with value: -0.604910391627968.
[I 2026-08-20 00:29:20,826] Trial 589 finished with value: -0.5080906639474915 and parameters: {'k1': 0.00015374722741969557, 'D_low': 2878.890167118662, 'k2': 0.0003893268248995353, 'D_high': 1189615.4272057118, 'fire_exp': 1.25273115992989, 'P_half': 259.42678375652076, 'pre_dampen_half': 7.738479513099062, 'gpp_af': 0.3378593861593361, 'gpp_b': 6.322640515702968e-05, 'gpp_d': 0.07656661314906416, 'ign_k': 0.5871432065078804, 'ign_c': 0.7548318152282966, 'trop_agb_crit': 27.463178834879994, 'trop_k_veg': 1.6187268587240182, 'pop_amp': 0.02599311558395708, 'pop_peak': 0.39391594920259465, 'pop_sig': 2.1998442013829274}. Best is trial 274 with value: -0.604910391627968.
[I 2026-08-20 00:29:22,581] Trial 590 finished with value: 0.5725512881731779 and parameters: {'k1': 0.0003372008341716251, 'D_low': 1.1098302447748731, 'k2': 0.0004856886959231594, 'D_high': 19365.162505343502, 'fire_exp': 4.10341421527094, 'P_half': 97.76718194321263, 'pre_dampen_half': 22.230879424511567, 'gpp_af': 0.002438043653810879, 'gpp_b': 0.0004895334928250461, 'gpp_d': 721.9134652797218, 'ign_k': 2.333535688944044, 'ign_c': 1.8249142154108284, 'trop_agb_crit': 4.022387216135497, 'trop_k_veg': 4.436661319416685, 'pop_amp': 0.0018163201750264317, 'pop_peak': 7.449549026283825, 'pop_sig': 0.2704668015782358}. Best is trial 274 with value: -0.604910391627968.
[I 2026-08-20 00:29:24,276] Trial 591 finished with value: 0.47119466613480065 and parameters: {'k1': 0.00019400272349219164, 'D_low': 21810.01477433358, 'k2': 0.0026599865909364673, 'D_high': 359041.69318232, 'fire_exp': 2.3635427282351387, 'P_half': 19.27481289205637, 'pre_dampen_half': 11.26401063956644, 'gpp_af': 0.051364030325560105, 'gpp_b': 0.0001341554020986206, 'gpp_d': 0.31795408629655614, 'ign_k': 1.8541665957260187, 'ign_c': 0.11645528755899075, 'trop_agb_crit': 5.059633590164974, 'trop_k_veg': 4.619191134797681, 'pop_amp': 1.8108326883778696, 'pop_peak': 4.393318054451629, 'pop_sig': 0.9702920000720431}. Best is trial 274 with value: -0.604910391627968.
[I 2026-08-20 00:29:26,004] Trial 592 finished with value: -0.5348588430454494 and parameters: {'k1': 0.031056971786480706, 'D_low': 1205.5439065612698, 'k2': 0.00020055618219854389, 'D_high': 506479.0688708091, 'fire_exp': 1.1227931718630664, 'P_half': 1.0384133683376617, 'pre_dampen_half': 2.01291501428255, 'gpp_af': 0.012173828268515914, 'gpp_b': 0.00011791246679321403, 'gpp_d': 64.27205898812389, 'ign_k': 0.008697372946802175, 'ign_c': 36.7758982554236, 'trop_agb_crit': 18.73433635230318, 'trop_k_veg': 0.7196618218541656, 'pop_amp': 0.25432887419459566, 'pop_peak': 17.33355337012797, 'pop_sig': 0.6113171675579927}. Best is trial 274 with value: -0.604910391627968.
[I 2026-08-20 00:29:27,945] Trial 593 finished with value: -0.5518710068568329 and parameters: {'k1': 0.0336182288009057, 'D_low': 301.7527833306701, 'k2': 0.0005856461409420005, 'D_high': 72874.28547100359, 'fire_exp': 1.1666436095506358, 'P_half': 11.619511542451454, 'pre_dampen_half': 1.548851667253272, 'gpp_af': 0.0030659796652385677, 'gpp_b': 0.0001876042218317437, 'gpp_d': 5.88662676719856, 'ign_k': 8.711058801128978, 'ign_c': 1.100617760003282, 'trop_agb_crit': 3.71265626547108, 'trop_k_veg': 0.6997821115889126, 'pop_amp': 0.01013976795590046, 'pop_peak': 1.313140253032105, 'pop_sig': 1.1447884325799977}. Best is trial 274 with value: -0.604910391627968.
[I 2026-08-20 00:29:29,689] Trial 594 finished with value: 0.6277387166894494 and parameters: {'k1': 0.0033288290627087364, 'D_low': 90326.6115102761, 'k2': 0.002781838977336682, 'D_high': 3709777.6977215093, 'fire_exp': 2.03184263352834, 'P_half': 1586.7910612209707, 'pre_dampen_half': 224.89601094628628, 'gpp_af': 0.10341127730141791, 'gpp_b': 0.00010532529507770795, 'gpp_d': 237.92318197557398, 'ign_k': 0.003274978747381806, 'ign_c': 18.60294916996245, 'trop_agb_crit': 18.126420419501706, 'trop_k_veg': 0.6426227823402614, 'pop_amp': 0.7592486763046333, 'pop_peak': 837.8949887449293, 'pop_sig': 2.1911471841527836}. Best is trial 274 with value: -0.604910391627968.
[I 2026-08-20 00:29:31,420] Trial 595 finished with value: 0.4696508675383285 and parameters: {'k1': 0.051803152923427874, 'D_low': 36671.52331971044, 'k2': 0.08397679935889536, 'D_high': 498519.8718905868, 'fire_exp': 2.0596596623978565, 'P_half': 51.44057256577012, 'pre_dampen_half': 48.04439209358519, 'gpp_af': 0.0365760219545457, 'gpp_b': 0.00018689681722366497, 'gpp_d': 0.5371922105233227, 'ign_k': 0.4101563611504262, 'ign_c': 0.3265892905186081, 'trop_agb_crit': 25.15984346440685, 'trop_k_veg': 6.165544133496023, 'pop_amp': 0.08813023378415337, 'pop_peak': 3.973528453317582, 'pop_sig': 1.3770411371563298}. Best is trial 274 with value: -0.604910391627968.
[I 2026-08-20 00:29:33,161] Trial 596 finished with value: 0.5581939753533774 and parameters: {'k1': 0.0008260415711153754, 'D_low': 1592.2981327033783, 'k2': 0.0037551865298436553, 'D_high': 7638825.7359798085, 'fire_exp': 3.426428536183098, 'P_half': 154.14698622745382, 'pre_dampen_half': 0.12271176013898194, 'gpp_af': 0.008645390088327622, 'gpp_b': 3.2508651086363596e-05, 'gpp_d': 174.7563474328579, 'ign_k': 0.11209141620188562, 'ign_c': 0.18854528020192304, 'trop_agb_crit': 5.378283353983503, 'trop_k_veg': 4.687108396032542, 'pop_amp': 0.029966183222320465, 'pop_peak': 3.3373434724136644, 'pop_sig': 0.9148744485830053}. Best is trial 274 with value: -0.604910391627968.
[I 2026-08-20 00:29:34,882] Trial 597 finished with value: -0.48479511859538515 and parameters: {'k1': 0.04361135638802415, 'D_low': 359.7509949216272, 'k2': 0.0005082754177470787, 'D_high': 80785.97578014164, 'fire_exp': 2.4136774973733948, 'P_half': 4.802516588908271, 'pre_dampen_half': 69.88859555489871, 'gpp_af': 0.15435962295507502, 'gpp_b': 2.6879935375297147e-05, 'gpp_d': 32.76798551084409, 'ign_k': 0.007016426550365192, 'ign_c': 0.25404656693688504, 'trop_agb_crit': 10.8154750275888, 'trop_k_veg': 7.629519658796744, 'pop_amp': 0.006224733049911874, 'pop_peak': 17.37130204496956, 'pop_sig': 1.5341929387843372}. Best is trial 274 with value: -0.604910391627968.
[I 2026-08-20 00:29:36,629] Trial 598 finished with value: 0.5590870348151635 and parameters: {'k1': 0.0024799912675937162, 'D_low': 452.0155880252857, 'k2': 0.01967242191933432, 'D_high': 13937.33688242857, 'fire_exp': 1.7261954450890122, 'P_half': 14.107363159260585, 'pre_dampen_half': 0.3671027468200364, 'gpp_af': 0.003948055089218339, 'gpp_b': 4.965505972681629e-05, 'gpp_d': 114.78833324188369, 'ign_k': 8.175185176464446, 'ign_c': 1.119564183919742, 'trop_agb_crit': 4.181896735719906, 'trop_k_veg': 1.8031252022573856, 'pop_amp': 0.01621026433484385, 'pop_peak': 1.8366463822691892, 'pop_sig': 0.6037845124865739}. Best is trial 274 with value: -0.604910391627968.
[I 2026-08-20 00:29:38,391] Trial 599 finished with value: -0.5849899840518122 and parameters: {'k1': 0.0002922832785903738, 'D_low': 1667.7016805310352, 'k2': 0.028591749876134668, 'D_high': 1645058.535507813, 'fire_exp': 1.5405376268129418, 'P_half': 2.1827037923385313, 'pre_dampen_half': 2.333575354595116, 'gpp_af': 0.01460176623827901, 'gpp_b': 0.00015721264856459398, 'gpp_d': 0.8926233981110647, 'ign_k': 1.434009567538571, 'ign_c': 2.4501366856522946, 'trop_agb_crit': 1.8964981874378468, 'trop_k_veg': 4.514215131485764, 'pop_amp': 0.13990178724743677, 'pop_peak': 0.11479711386744393, 'pop_sig': 0.8438554974497889}. Best is trial 274 with value: -0.604910391627968.
[I 2026-08-20 00:29:40,117] Trial 600 finished with value: 0.5885917730781391 and parameters: {'k1': 0.0006906663236203323, 'D_low': 10454.885598498517, 'k2': 0.001521572745410208, 'D_high': 574931.4294414442, 'fire_exp': 2.835503377698253, 'P_half': 463.438184298692, 'pre_dampen_half': 78.48769074214235, 'gpp_af': 0.015380075814713172, 'gpp_b': 0.0025117347272801366, 'gpp_d': 0.03465492649080382, 'ign_k': 9.393373242272926, 'ign_c': 2.9213828980236114, 'trop_agb_crit': 12.674413069067391, 'trop_k_veg': 1.4782469150556001, 'pop_amp': 0.0016982322114951758, 'pop_peak': 4.447315496784627, 'pop_sig': 0.9761397261806651}. Best is trial 274 with value: -0.604910391627968.
[I 2026-08-20 00:29:41,844] Trial 601 finished with value: 0.6166835897404117 and parameters: {'k1': 5.0652470481013735e-05, 'D_low': 33.490850242849994, 'k2': 0.00028463872316253174, 'D_high': 2046.5735698304782, 'fire_exp': 3.8793279778544867, 'P_half': 55.39333345133977, 'pre_dampen_half': 4.837252779599613, 'gpp_af': 0.6802303858653492, 'gpp_b': 0.0043076163354546565, 'gpp_d': 0.17210706321280572, 'ign_k': 1.5015121620470264, 'ign_c': 0.5414462268508464, 'trop_agb_crit': 20.297218898121677, 'trop_k_veg': 3.740779879528845, 'pop_amp': 1.6292729469138496, 'pop_peak': 21.399912513079077, 'pop_sig': 1.8282623658160537}. Best is trial 274 with value: -0.604910391627968.
[I 2026-08-20 00:29:43,588] Trial 602 finished with value: 0.5785009551983427 and parameters: {'k1': 3.270915265428215e-05, 'D_low': 4.496242804185333, 'k2': 0.08046703626667884, 'D_high': 2769643.5684325267, 'fire_exp': 1.2802593602588554, 'P_half': 20.17428219867695, 'pre_dampen_half': 0.023326639844168117, 'gpp_af': 0.04082231443116575, 'gpp_b': 0.0527702181439674, 'gpp_d': 2.383479806568465, 'ign_k': 0.0012367084975046486, 'ign_c': 31.08996520504233, 'trop_agb_crit': 7.101487840035993, 'trop_k_veg': 0.9755253962437754, 'pop_amp': 2.0082438641845304, 'pop_peak': 375.63280608952937, 'pop_sig': 2.1089342364762733}. Best is trial 274 with value: -0.604910391627968.
[I 2026-08-20 00:29:45,323] Trial 603 finished with value: 0.514588799868941 and parameters: {'k1': 0.0007082917262768787, 'D_low': 12.159724082709943, 'k2': 0.025779589920585294, 'D_high': 6378352.968732162, 'fire_exp': 1.8304976136331894, 'P_half': 2.602437339904334, 'pre_dampen_half': 0.09731970872529803, 'gpp_af': 0.011873569304400325, 'gpp_b': 5.7760854111315984e-05, 'gpp_d': 0.02024847808314305, 'ign_k': 0.3993341616246025, 'ign_c': 2.5956892328531227, 'trop_agb_crit': 2.5591539973234214, 'trop_k_veg': 2.704542149826523, 'pop_amp': 0.03659714498732322, 'pop_peak': 0.9323980556215923, 'pop_sig': 0.636802087310313}. Best is trial 274 with value: -0.604910391627968.
[I 2026-08-20 00:29:47,080] Trial 604 finished with value: 0.5769799495763956 and parameters: {'k1': 2.063916052475176e-05, 'D_low': 38.3699504091554, 'k2': 0.015823395534010486, 'D_high': 45777.60248094258, 'fire_exp': 2.529663048131181, 'P_half': 3.148401859367547, 'pre_dampen_half': 0.23086619615284373, 'gpp_af': 0.03164571283106015, 'gpp_b': 3.3309097448480237e-05, 'gpp_d': 0.0510408587894608, 'ign_k': 6.958374052350674, 'ign_c': 0.10223988179296305, 'trop_agb_crit': 2.1105444135144658, 'trop_k_veg': 1.314303588745486, 'pop_amp': 0.05503217734503988, 'pop_peak': 0.08093819088962972, 'pop_sig': 0.8096424261124266}. Best is trial 274 with value: -0.604910391627968.
[I 2026-08-20 00:29:48,956] Trial 605 finished with value: 0.5215377524602529 and parameters: {'k1': 0.00015582936350530476, 'D_low': 186.8845874906967, 'k2': 9.268450303194662e-05, 'D_high': 31220.963770464685, 'fire_exp': 4.441785901363032, 'P_half': 82.0427291192733, 'pre_dampen_half': 172.60097562835358, 'gpp_af': 0.2290491747681212, 'gpp_b': 0.002089287805787399, 'gpp_d': 98.54816669711481, 'ign_k': 1.0288949772897809, 'ign_c': 0.49705423893502476, 'trop_agb_crit': 7.967731876745144, 'trop_k_veg': 2.7314161372696186, 'pop_amp': 2.328598898832624, 'pop_peak': 6.5914381991388655, 'pop_sig': 0.6982989354836002}. Best is trial 274 with value: -0.604910391627968.
[I 2026-08-20 00:29:50,695] Trial 606 finished with value: 0.5329366004606306 and parameters: {'k1': 5.57957784566371e-05, 'D_low': 8.846533977588608, 'k2': 0.017299217294003244, 'D_high': 2077207.6422041361, 'fire_exp': 1.2373426058317343, 'P_half': 2.782203156711026, 'pre_dampen_half': 0.02809039928828344, 'gpp_af': 0.0797944401632902, 'gpp_b': 0.0004732954701569778, 'gpp_d': 2.2631259160184825, 'ign_k': 0.027061486670119254, 'ign_c': 15.612965640098716, 'trop_agb_crit': 7.705914814465843, 'trop_k_veg': 0.6445457480482255, 'pop_amp': 1.5538714366362008, 'pop_peak': 190.59571675887477, 'pop_sig': 1.0463348125583312}. Best is trial 274 with value: -0.604910391627968.
[I 2026-08-20 00:29:52,404] Trial 607 finished with value: 0.43901782172110715 and parameters: {'k1': 8.095214881202941e-05, 'D_low': 1106.6536019648902, 'k2': 0.007027981900550138, 'D_high': 9990949.924600122, 'fire_exp': 1.6643004742275795, 'P_half': 34.749160790774305, 'pre_dampen_half': 1.7889707190145816, 'gpp_af': 0.2290154693024284, 'gpp_b': 0.00030638439652789075, 'gpp_d': 3.169498513064922, 'ign_k': 0.007043353558312596, 'ign_c': 30.331105788729005, 'trop_agb_crit': 7.045351792947223, 'trop_k_veg': 0.9464332420224298, 'pop_amp': 8.746035000263232, 'pop_peak': 17.225305964521038, 'pop_sig': 0.9588810577301422}. Best is trial 274 with value: -0.604910391627968.
