[I 2026-08-20 00:14:42,834] Trial 288 finished with value: 0.5243340686506952 and parameters: {'k1': 0.0012313206446561541, 'D_low': 775.527441105528, 'k2': 0.05286360159684591, 'D_high': 54129.54169812005, 'fire_exp': 1.185135162733397, 'P_half': 6.050308888030905, 'pre_dampen_half': 19.191552616214445, 'gpp_af': 0.0022025310632380435, 'gpp_b': 0.00120958606393945, 'gpp_d': 158.9709692873298, 'ign_k': 0.006156958210043828, 'ign_c': 11.007754662041593, 'trop_agb_crit': 3.698839537895574, 'trop_k_veg': 5.77816463976691, 'pop_amp': 0.0015525200327998357, 'pop_peak': 775.4382899799102, 'pop_sig': 1.403922389138631}. Best is trial 274 with value: -0.604910391627968.
[I 2026-08-20 00:14:45,871] Trial 289 finished with value: 0.46375648684972925 and parameters: {'k1': 0.001689507414699346, 'D_low': 1767.6408326206638, 'k2': 0.0002939103080692558, 'D_high': 502249.1852124963, 'fire_exp': 1.258829350257677, 'P_half': 583.8731795012334, 'pre_dampen_half': 2.2210645188055467, 'gpp_af': 0.07770299523503749, 'gpp_b': 0.0002987435911467663, 'gpp_d': 32.58780587394001, 'ign_k': 0.3989192471683751, 'ign_c': 17.79604757638811, 'trop_agb_crit': 29.661868116122978, 'trop_k_veg': 4.592096526473745, 'pop_amp': 0.004273227918041984, 'pop_peak': 358.55215552837063, 'pop_sig': 0.7257583830149865}. Best is trial 274 with value: -0.604910391627968.
[I 2026-08-20 00:14:49,103] Trial 290 finished with value: 0.575879432334057 and parameters: {'k1': 0.021844839738292064, 'D_low': 73665.42306711667, 'k2': 0.00400839269993011, 'D_high': 2706587.552795619, 'fire_exp': 2.418771433272531, 'P_half': 10.664328364918493, 'pre_dampen_half': 334.3816305500991, 'gpp_af': 0.07119439939734393, 'gpp_b': 0.0030769852099430213, 'gpp_d': 2.1445665400819576, 'ign_k': 1.128174909729484, 'ign_c': 1.2224262182651873, 'trop_agb_crit': 14.163735811616606, 'trop_k_veg': 2.1984397975277683, 'pop_amp': 0.02843161148794064, 'pop_peak': 0.056726723209763706, 'pop_sig': 0.31076190016820765}. Best is trial 274 with value: -0.604910391627968.
[I 2026-08-20 00:14:52,243] Trial 291 finished with value: 0.4936470786613444 and parameters: {'k1': 2.030154519598251e-05, 'D_low': 32850.57985979098, 'k2': 0.002540944495763835, 'D_high': 1461530.4988700515, 'fire_exp': 1.2104908441628381, 'P_half': 34.74727317046846, 'pre_dampen_half': 0.1313031876795378, 'gpp_af': 1.1294995410244402, 'gpp_b': 1.5951847606550953e-05, 'gpp_d': 113.88949553330866, 'ign_k': 0.4125452383798949, 'ign_c': 8.939462726940514, 'trop_agb_crit': 18.0428600731219, 'trop_k_veg': 1.1275187677000102, 'pop_amp': 0.001148010734964725, 'pop_peak': 265.77581862769324, 'pop_sig': 1.2127559722024366}. Best is trial 274 with value: -0.604910391627968.
[I 2026-08-20 00:14:55,318] Trial 292 finished with value: 0.5815763568586475 and parameters: {'k1': 0.0001716927114144122, 'D_low': 16662.33058236044, 'k2': 0.0005688732636125244, 'D_high': 4819114.904000816, 'fire_exp': 2.552529853569049, 'P_half': 1727.7522157055253, 'pre_dampen_half': 6.245057624015866, 'gpp_af': 0.003699444683879036, 'gpp_b': 8.615571715795514e-05, 'gpp_d': 14.175051039524005, 'ign_k': 9.237746921564568, 'ign_c': 5.887977139522063, 'trop_agb_crit': 27.511637504363, 'trop_k_veg': 2.5242638355893043, 'pop_amp': 0.01221585167140456, 'pop_peak': 45.87310752093415, 'pop_sig': 0.4641701719515707}. Best is trial 274 with value: -0.604910391627968.
[I 2026-08-20 00:14:58,460] Trial 293 finished with value: 0.4724711962463093 and parameters: {'k1': 0.08848693436219568, 'D_low': 19.33099366939278, 'k2': 0.0013045769965567499, 'D_high': 6096776.378664003, 'fire_exp': 1.470405473998042, 'P_half': 151.01724927119005, 'pre_dampen_half': 486.753714823035, 'gpp_af': 0.061646240664083626, 'gpp_b': 2.311316467669688e-05, 'gpp_d': 136.23849882416323, 'ign_k': 0.022023799043776385, 'ign_c': 28.80494627065607, 'trop_agb_crit': 6.12966545474684, 'trop_k_veg': 1.9246075409215406, 'pop_amp': 0.004279944733860474, 'pop_peak': 87.91308819274221, 'pop_sig': 1.118532295621054}. Best is trial 274 with value: -0.604910391627968.
[I 2026-08-20 00:15:01,542] Trial 294 finished with value: 0.437346645931206 and parameters: {'k1': 0.003005721146812118, 'D_low': 2885.3681049033667, 'k2': 0.0008113473279272003, 'D_high': 2463241.607669448, 'fire_exp': 1.783037598075921, 'P_half': 181.01672226106749, 'pre_dampen_half': 585.7240211515935, 'gpp_af': 0.0019447632261863149, 'gpp_b': 0.00015148140453668336, 'gpp_d': 3.426523754218248, 'ign_k': 1.2370329441860264, 'ign_c': 0.8470478941254577, 'trop_agb_crit': 26.380149014678224, 'trop_k_veg': 1.4678262818622398, 'pop_amp': 0.0031244754053647594, 'pop_peak': 11.550823650620119, 'pop_sig': 1.1078388207343863}. Best is trial 274 with value: -0.604910391627968.
[I 2026-08-20 00:15:04,897] Trial 295 finished with value: 0.6445374145881376 and parameters: {'k1': 0.01628456985000048, 'D_low': 34398.65441536564, 'k2': 0.05199294675780632, 'D_high': 692.3241822686767, 'fire_exp': 1.5163672895453428, 'P_half': 82.88634219470927, 'pre_dampen_half': 71.41163992720384, 'gpp_af': 0.10837512940642378, 'gpp_b': 0.00017320656283654855, 'gpp_d': 39.02713133338638, 'ign_k': 0.16419166527473392, 'ign_c': 3.8925364855321503, 'trop_agb_crit': 14.967874218507287, 'trop_k_veg': 3.2868587761939065, 'pop_amp': 0.05012557521034965, 'pop_peak': 0.08639872391364174, 'pop_sig': 1.003258484358275}. Best is trial 274 with value: -0.604910391627968.
[I 2026-08-20 00:15:07,998] Trial 296 finished with value: 0.5372841546771026 and parameters: {'k1': 0.007792495954581778, 'D_low': 286.95574511565997, 'k2': 0.01207092575587311, 'D_high': 2926636.5279328926, 'fire_exp': 5.000048601528127, 'P_half': 308.84739331494217, 'pre_dampen_half': 11.097505940358904, 'gpp_af': 0.0028051616131856837, 'gpp_b': 1.6558778771954367e-05, 'gpp_d': 0.07808869144441515, 'ign_k': 4.185874562084363, 'ign_c': 2.6105992722997104, 'trop_agb_crit': 12.272599841140671, 'trop_k_veg': 2.2114593459411593, 'pop_amp': 0.0016664643141928118, 'pop_peak': 53.38104950983504, 'pop_sig': 0.7015870400559928}. Best is trial 274 with value: -0.604910391627968.
[I 2026-08-20 00:15:11,126] Trial 297 finished with value: 0.5998558084728874 and parameters: {'k1': 0.027230842665769944, 'D_low': 751.142286451076, 'k2': 0.007162676144127689, 'D_high': 3659.7188842819105, 'fire_exp': 2.4466127490158347, 'P_half': 310.6775839040242, 'pre_dampen_half': 571.7603651504501, 'gpp_af': 0.003971285248543107, 'gpp_b': 1.7821222898141504e-05, 'gpp_d': 62.818440552852714, 'ign_k': 0.008484249399199197, 'ign_c': 15.916696065723789, 'trop_agb_crit': 19.21185340754032, 'trop_k_veg': 6.170949112545154, 'pop_amp': 0.003972651841207614, 'pop_peak': 400.4977030915434, 'pop_sig': 0.508060348223364}. Best is trial 274 with value: -0.604910391627968.
[I 2026-08-20 00:15:14,225] Trial 298 finished with value: 0.636385135626092 and parameters: {'k1': 0.011511129270496804, 'D_low': 1.1314691239394774, 'k2': 0.02557464753124025, 'D_high': 154117.34056273874, 'fire_exp': 1.9289565785349962, 'P_half': 377.49442159144945, 'pre_dampen_half': 662.7586490606545, 'gpp_af': 0.0020773773323913207, 'gpp_b': 0.00303051921224022, 'gpp_d': 63.304590260161966, 'ign_k': 0.007236538313397619, 'ign_c': 282.6966303268189, 'trop_agb_crit': 6.322341216519121, 'trop_k_veg': 4.065315510811844, 'pop_amp': 0.0010231244864600884, 'pop_peak': 169.9587338503535, 'pop_sig': 2.3301944986803966}. Best is trial 274 with value: -0.604910391627968.
[I 2026-08-20 00:15:17,343] Trial 299 finished with value: 0.4532089638553052 and parameters: {'k1': 9.184755828479254e-05, 'D_low': 15.425417200838757, 'k2': 0.0019200384335234964, 'D_high': 6481410.287369686, 'fire_exp': 2.8581449640644605, 'P_half': 7.813689935625656, 'pre_dampen_half': 2.0056526574312956, 'gpp_af': 0.0049096269998174106, 'gpp_b': 1.112364547762606e-05, 'gpp_d': 20.35641936297006, 'ign_k': 1.65984039671351, 'ign_c': 8.022672068168255, 'trop_agb_crit': 8.541675519056284, 'trop_k_veg': 2.599334101038136, 'pop_amp': 0.014861693584254241, 'pop_peak': 1.604346304872387, 'pop_sig': 0.6210208114393526}. Best is trial 274 with value: -0.604910391627968.
[I 2026-08-20 00:15:20,459] Trial 300 finished with value: -0.5629200135304969 and parameters: {'k1': 0.0009310856059720541, 'D_low': 154.2702570278762, 'k2': 0.00047208988215545554, 'D_high': 156117.43684264834, 'fire_exp': 2.8387334862385587, 'P_half': 115.85987683133503, 'pre_dampen_half': 38.1880139589248, 'gpp_af': 0.2803149351087093, 'gpp_b': 0.07134283503067164, 'gpp_d': 5.140245687039347, 'ign_k': 4.459311156080662, 'ign_c': 0.3221265973645151, 'trop_agb_crit': 10.726683680227218, 'trop_k_veg': 4.899569939680353, 'pop_amp': 0.616384862958089, 'pop_peak': 28.09990732650157, 'pop_sig': 0.9499989817474163}. Best is trial 274 with value: -0.604910391627968.
[I 2026-08-20 00:15:23,598] Trial 301 finished with value: 0.4771900877513303 and parameters: {'k1': 0.09226402402302984, 'D_low': 3918.394878745288, 'k2': 0.051686481125103365, 'D_high': 185732.8141620414, 'fire_exp': 1.9716554079771367, 'P_half': 46.84917734660636, 'pre_dampen_half': 559.3192051133809, 'gpp_af': 0.46129403442098804, 'gpp_b': 0.0029401587160660706, 'gpp_d': 43.823552812715604, 'ign_k': 0.3119934892704872, 'ign_c': 1.581726944551322, 'trop_agb_crit': 23.133452123571615, 'trop_k_veg': 2.213676471860732, 'pop_amp': 0.007502131095982857, 'pop_peak': 1.9908782792343198, 'pop_sig': 1.031547921370552}. Best is trial 274 with value: -0.604910391627968.
[I 2026-08-20 00:15:26,865] Trial 302 finished with value: 0.6196505246244045 and parameters: {'k1': 0.0010251661465176057, 'D_low': 32535.426938946723, 'k2': 1.6038907183090806e-05, 'D_high': 17268.280213975864, 'fire_exp': 3.627771529819979, 'P_half': 36.911261145014855, 'pre_dampen_half': 5.252279093333029, 'gpp_af': 0.1364309318540377, 'gpp_b': 0.4036815476720197, 'gpp_d': 3.035652297994536, 'ign_k': 7.9441805425209555, 'ign_c': 9.366544355400867, 'trop_agb_crit': 5.78684109346153, 'trop_k_veg': 4.913788279698529, 'pop_amp': 0.8335652581988867, 'pop_peak': 5.8073665539897785, 'pop_sig': 0.7409060940151556}. Best is trial 274 with value: -0.604910391627968.
[I 2026-08-20 00:15:30,030] Trial 303 finished with value: 0.5720502462794352 and parameters: {'k1': 0.0005212629575775838, 'D_low': 14.719267250990809, 'k2': 0.002356047204414558, 'D_high': 50336.97029566006, 'fire_exp': 2.1288294827614473, 'P_half': 52.706928884783956, 'pre_dampen_half': 50.65140880193775, 'gpp_af': 0.8262642537824809, 'gpp_b': 0.025053219675090943, 'gpp_d': 0.28323144538081374, 'ign_k': 1.4568325870677803, 'ign_c': 0.12785067978873627, 'trop_agb_crit': 6.038497129821132, 'trop_k_veg': 5.145419143285333, 'pop_amp': 0.10086656179859915, 'pop_peak': 1.1978763533192796, 'pop_sig': 1.7669148396511731}. Best is trial 274 with value: -0.604910391627968.
[I 2026-08-20 00:15:33,095] Trial 304 finished with value: -0.5704266037000648 and parameters: {'k1': 0.01621179200442357, 'D_low': 2611.5437058596417, 'k2': 0.0005274749380586297, 'D_high': 420935.46424257266, 'fire_exp': 1.2462282470331043, 'P_half': 4.092672560957817, 'pre_dampen_half': 8.808382968328411, 'gpp_af': 0.0026108191423284124, 'gpp_b': 6.202887554505094e-05, 'gpp_d': 2.7103536322235704, 'ign_k': 0.02449653502988174, 'ign_c': 1.8486387778467734, 'trop_agb_crit': 6.846500487210873, 'trop_k_veg': 7.733954251420173, 'pop_amp': 0.0530910338725957, 'pop_peak': 23.309016621950047, 'pop_sig': 1.7211081966081743}. Best is trial 274 with value: -0.604910391627968.
[I 2026-08-20 00:15:36,308] Trial 305 finished with value: 0.5854404234916399 and parameters: {'k1': 0.032225405663771606, 'D_low': 631.415466114053, 'k2': 0.00012773983071066443, 'D_high': 90395.06751898391, 'fire_exp': 4.187593386738426, 'P_half': 1.9598098389996115, 'pre_dampen_half': 0.2561954283529676, 'gpp_af': 0.0013103256918682049, 'gpp_b': 1.9369177473431022e-05, 'gpp_d': 0.7302660786108932, 'ign_k': 0.01571061780794951, 'ign_c': 1.5688263309011827, 'trop_agb_crit': 7.050458479806057, 'trop_k_veg': 4.834749622322855, 'pop_amp': 0.003063246226727243, 'pop_peak': 112.19873757226343, 'pop_sig': 1.6301246456542857}. Best is trial 274 with value: -0.604910391627968.
[I 2026-08-20 00:15:39,506] Trial 306 finished with value: 0.5569762783852092 and parameters: {'k1': 0.02219655484000144, 'D_low': 36.44842954282464, 'k2': 0.000306200527609453, 'D_high': 5015489.26071516, 'fire_exp': 1.7045324217478162, 'P_half': 56.60112403618901, 'pre_dampen_half': 0.29083136776616947, 'gpp_af': 0.0034482961468042753, 'gpp_b': 1.1190627223869859e-05, 'gpp_d': 33.22736620018583, 'ign_k': 0.005610320228931654, 'ign_c': 7.737051067043451, 'trop_agb_crit': 5.378066771444434, 'trop_k_veg': 0.9020782996960799, 'pop_amp': 0.01778267870272023, 'pop_peak': 7.987021502582811, 'pop_sig': 1.6661425368304277}. Best is trial 274 with value: -0.604910391627968.
[I 2026-08-20 00:15:42,823] Trial 307 finished with value: 0.5932685719184037 and parameters: {'k1': 0.0005097553224971605, 'D_low': 89936.77018494437, 'k2': 0.0012565207137560622, 'D_high': 1436710.5885737422, 'fire_exp': 1.1157295060567634, 'P_half': 55.09792296425831, 'pre_dampen_half': 32.908512851303705, 'gpp_af': 0.01600246050970063, 'gpp_b': 2.6367580208226275e-05, 'gpp_d': 53.043944335453425, 'ign_k': 8.695423966572847, 'ign_c': 28.857238954800142, 'trop_agb_crit': 27.145220814277618, 'trop_k_veg': 3.030101746632807, 'pop_amp': 0.0010684810306363266, 'pop_peak': 90.68522842034645, 'pop_sig': 1.0684160795852613}. Best is trial 274 with value: -0.604910391627968.
[I 2026-08-20 00:15:45,871] Trial 308 finished with value: 0.5952756281226319 and parameters: {'k1': 8.145585465127258e-05, 'D_low': 144.27291760779335, 'k2': 0.0012388851009659506, 'D_high': 256115.9332143992, 'fire_exp': 2.2680168377822385, 'P_half': 68.46080603077567, 'pre_dampen_half': 17.010523257850966, 'gpp_af': 0.02700076707806523, 'gpp_b': 0.16444334584757556, 'gpp_d': 498.58841198666005, 'ign_k': 7.341270187813345, 'ign_c': 0.19009815696154922, 'trop_agb_crit': 6.5517761304952415, 'trop_k_veg': 5.218601409389695, 'pop_amp': 0.339653301277188, 'pop_peak': 21.81686221407492, 'pop_sig': 0.9718890300380398}. Best is trial 274 with value: -0.604910391627968.
[I 2026-08-20 00:15:49,081] Trial 309 finished with value: 0.5617243359966575 and parameters: {'k1': 0.000420518626327718, 'D_low': 1179.512633358845, 'k2': 0.0015217377697691974, 'D_high': 143052.1096772202, 'fire_exp': 5.207220168576944, 'P_half': 526.7296396070108, 'pre_dampen_half': 97.08748601046622, 'gpp_af': 0.1929350881935774, 'gpp_b': 0.0003689794796368826, 'gpp_d': 5.139735384713118, 'ign_k': 0.3638177689102336, 'ign_c': 3.86266837741995, 'trop_agb_crit': 12.723868471708938, 'trop_k_veg': 5.446400617405831, 'pop_amp': 0.22139611132530526, 'pop_peak': 163.77694685707422, 'pop_sig': 1.7776701987815917}. Best is trial 274 with value: -0.604910391627968.
[I 2026-08-20 00:15:52,080] Trial 310 finished with value: 0.49838595313571465 and parameters: {'k1': 0.0038235240428225598, 'D_low': 5658.875119185038, 'k2': 0.0004071832242458922, 'D_high': 555022.3465403181, 'fire_exp': 1.3162807235902259, 'P_half': 3.547433276995141, 'pre_dampen_half': 8.17251457102219, 'gpp_af': 0.002133324092285008, 'gpp_b': 0.00021003519232742473, 'gpp_d': 8.724951777147478, 'ign_k': 0.0011825255203446689, 'ign_c': 1.4224716207747816, 'trop_agb_crit': 6.957847472428995, 'trop_k_veg': 5.773413089798998, 'pop_amp': 0.1640654662399605, 'pop_peak': 13.355117284248905, 'pop_sig': 1.4318531238635008}. Best is trial 274 with value: -0.604910391627968.
[I 2026-08-20 00:15:55,007] Trial 311 finished with value: 0.5213701454842828 and parameters: {'k1': 0.0005489698109692549, 'D_low': 42.073999716835644, 'k2': 0.0021943349981622595, 'D_high': 1974856.2146012464, 'fire_exp': 3.1977733666923007, 'P_half': 58.900548400766965, 'pre_dampen_half': 0.9484332412731171, 'gpp_af': 0.0016155082571028107, 'gpp_b': 2.2323435816109824e-05, 'gpp_d': 968.6644400835772, 'ign_k': 0.12618530935961775, 'ign_c': 5.894629296749173, 'trop_agb_crit': 24.49354029704689, 'trop_k_veg': 2.4551037799668256, 'pop_amp': 0.012686626154829048, 'pop_peak': 7.6387268091686344, 'pop_sig': 1.085144105684106}. Best is trial 274 with value: -0.604910391627968.
[I 2026-08-20 00:15:57,856] Trial 312 finished with value: 0.6064226463713545 and parameters: {'k1': 0.006585523300998459, 'D_low': 1849.4895694815666, 'k2': 0.0003941127903550947, 'D_high': 1320.9246024052568, 'fire_exp': 5.108101235177538, 'P_half': 310.63311358733347, 'pre_dampen_half': 54.352940115241005, 'gpp_af': 0.46878564576712717, 'gpp_b': 0.1688493140966721, 'gpp_d': 0.5455697702179748, 'ign_k': 2.8189985376818107, 'ign_c': 0.3072646320388812, 'trop_agb_crit': 5.932436210408366, 'trop_k_veg': 2.4701622774925185, 'pop_amp': 0.3985798348983899, 'pop_peak': 364.17616050753736, 'pop_sig': 1.5806516513974906}. Best is trial 274 with value: -0.604910391627968.
[I 2026-08-20 00:16:00,769] Trial 313 finished with value: 0.6445374145881376 and parameters: {'k1': 0.0003162820009006859, 'D_low': 191.2685094783834, 'k2': 0.0034115415297092592, 'D_high': 1324041.10468312, 'fire_exp': 2.0836050831218174, 'P_half': 284.1041054543636, 'pre_dampen_half': 40.77596961285413, 'gpp_af': 0.0052209100485399755, 'gpp_b': 0.0016175177838935908, 'gpp_d': 3.836580398560823, 'ign_k': 1.0020491176994386, 'ign_c': 77.6550761032164, 'trop_agb_crit': 20.15889087906283, 'trop_k_veg': 4.841902069252738, 'pop_amp': 0.0015482834426902336, 'pop_peak': 82.37540696575539, 'pop_sig': 0.9758002638132998}. Best is trial 274 with value: -0.604910391627968.
[I 2026-08-20 00:16:03,783] Trial 314 finished with value: 0.5991199326282655 and parameters: {'k1': 0.007911047984458268, 'D_low': 237.64073128427154, 'k2': 0.0002610045870871263, 'D_high': 4671.7576616277265, 'fire_exp': 2.747899326291074, 'P_half': 74.65185197336952, 'pre_dampen_half': 27.85084922712694, 'gpp_af': 0.2283866683927737, 'gpp_b': 0.07600253570785627, 'gpp_d': 1.0034663212883002, 'ign_k': 0.8873677075477329, 'ign_c': 0.8329664300134353, 'trop_agb_crit': 9.168458964679944, 'trop_k_veg': 4.335773100192704, 'pop_amp': 0.6384645021105939, 'pop_peak': 5.221100225942402, 'pop_sig': 0.7272338606522141}. Best is trial 274 with value: -0.604910391627968.
[I 2026-08-20 00:16:06,658] Trial 315 finished with value: 0.5718570639569347 and parameters: {'k1': 0.05757852214174814, 'D_low': 7742.352187446066, 'k2': 1.424156790081106e-05, 'D_high': 18777.717962667513, 'fire_exp': 1.519362074623956, 'P_half': 180.45677226545388, 'pre_dampen_half': 0.5604007679643389, 'gpp_af': 2.3274034107807178, 'gpp_b': 0.007495661263243059, 'gpp_d': 37.436519199157104, 'ign_k': 0.0309027726015782, 'ign_c': 0.8640075425035656, 'trop_agb_crit': 5.417602348594766, 'trop_k_veg': 0.7281728705827105, 'pop_amp': 5.246202280376049, 'pop_peak': 0.6223572956676469, 'pop_sig': 0.8379296608596986}. Best is trial 274 with value: -0.604910391627968.
[I 2026-08-20 00:16:09,640] Trial 316 finished with value: 0.5540680975934945 and parameters: {'k1': 0.0020953994819625185, 'D_low': 38668.617571933224, 'k2': 0.0003618549328039802, 'D_high': 257868.47639112358, 'fire_exp': 1.9820380347896258, 'P_half': 7.1025131204609995, 'pre_dampen_half': 1.4776909894465684, 'gpp_af': 0.0020756314358854454, 'gpp_b': 1.6312339718551998e-05, 'gpp_d': 4.889987620634865, 'ign_k': 0.353901204092182, 'ign_c': 0.12419060290147131, 'trop_agb_crit': 5.231897712434669, 'trop_k_veg': 7.163709727252307, 'pop_amp': 0.04521957980473401, 'pop_peak': 94.3495732518013, 'pop_sig': 2.2963654540428498}. Best is trial 274 with value: -0.604910391627968.
[I 2026-08-20 00:16:12,598] Trial 317 finished with value: 0.5873404369604844 and parameters: {'k1': 2.8989178548856814e-05, 'D_low': 28135.524145713927, 'k2': 0.025238485895185174, 'D_high': 23645.346677432826, 'fire_exp': 2.4877535869823597, 'P_half': 38.45984954773222, 'pre_dampen_half': 3.5947264346344334, 'gpp_af': 0.07030462341292203, 'gpp_b': 3.218995459214518e-05, 'gpp_d': 27.705835835522844, 'ign_k': 0.008280439744812792, 'ign_c': 23.365861480449016, 'trop_agb_crit': 27.542789010830845, 'trop_k_veg': 1.290713490456998, 'pop_amp': 0.00366214919729483, 'pop_peak': 116.40686829790481, 'pop_sig': 1.377705742215779}. Best is trial 274 with value: -0.604910391627968.
[I 2026-08-20 00:16:15,440] Trial 318 finished with value: 0.5624883970811052 and parameters: {'k1': 0.0010786435278586867, 'D_low': 138.4295891576293, 'k2': 0.00010104236012035357, 'D_high': 567728.3298048599, 'fire_exp': 5.374673610027401, 'P_half': 254.40463367181295, 'pre_dampen_half': 67.88629094145861, 'gpp_af': 0.02676712522209615, 'gpp_b': 3.7633329053584406e-05, 'gpp_d': 0.057113983322015276, 'ign_k': 9.21317910397643, 'ign_c': 0.5259775850156552, 'trop_agb_crit': 20.533061571533075, 'trop_k_veg': 2.0959571697245973, 'pop_amp': 0.129377082876237, 'pop_peak': 17.977196074766585, 'pop_sig': 0.8378960586014126}. Best is trial 274 with value: -0.604910391627968.
[I 2026-08-20 00:16:18,264] Trial 319 finished with value: 0.5276754680736764 and parameters: {'k1': 0.006456133595058441, 'D_low': 23.447253887176394, 'k2': 9.522574976664865e-05, 'D_high': 3824143.48154167, 'fire_exp': 2.9637309711804085, 'P_half': 1545.850124640766, 'pre_dampen_half': 13.322872325623578, 'gpp_af': 0.10335679679794237, 'gpp_b': 0.010378126824702962, 'gpp_d': 3.678399784759663, 'ign_k': 4.87572663641691, 'ign_c': 0.16120065440822565, 'trop_agb_crit': 8.448810534440923, 'trop_k_veg': 5.808605244787935, 'pop_amp': 3.431229789472657, 'pop_peak': 18.78368158874171, 'pop_sig': 1.0280690403578732}. Best is trial 274 with value: -0.604910391627968.
