[I 2026-08-19 17:59:45,412] Trial 2029 finished with value: 0.6445374145881376 and parameters: {'k1': 0.011489357355415359, 'D_low': 9.164813045634594, 'k2': 0.00019080369670679035, 'D_high': 2178442.229715718, 'fire_exp': 2.280458106320187, 'P_half': 2522.114567031467, 'pre_dampen_half': 1.7817944926752756, 'gpp_af': 0.012563772523136599, 'gpp_b': 8.658607169076243e-05, 'gpp_d': 5.053079838676496, 'ign_k': 9.077480733114385, 'ign_c': 90.43269281565621, 'trop_agb_crit': 7.721889269702356, 'trop_k_veg': 7.324999760284943, 'pop_amp': 0.006957040292595633, 'pop_peak': 0.12775497905623073, 'pop_sig': 0.3087025630111376, 'fuel_k': 5.080742012495772, 'fuel_half': 5.781181299275892}. Best is trial 1622 with value: -0.6125870653324885.
[I 2026-08-19 17:59:47,209] Trial 2030 finished with value: 0.6435049007879053 and parameters: {'k1': 1.7068934671368144e-05, 'D_low': 156495.1168103416, 'k2': 8.339426616272318e-05, 'D_high': 2851.650126578686, 'fire_exp': 5.399647875221314, 'P_half': 40.98599304657577, 'pre_dampen_half': 0.03157857326208907, 'gpp_af': 4.509157346289192, 'gpp_b': 7.015607451688413e-05, 'gpp_d': 0.301343641812587, 'ign_k': 0.6081884949425711, 'ign_c': 24.063437399518556, 'trop_agb_crit': 1.6806658065382931, 'trop_k_veg': 5.04371380507384, 'pop_amp': 0.05656227245034889, 'pop_peak': 7.688545846821511, 'pop_sig': 0.6417635088042944, 'fuel_k': 1.7250139722043596, 'fuel_half': 27.83085340792059}. Best is trial 1622 with value: -0.6125870653324885.
[I 2026-08-19 17:59:49,061] Trial 2031 finished with value: 0.3951564321257415 and parameters: {'k1': 0.011648245732996868, 'D_low': 29.136797839756305, 'k2': 0.000972238088465754, 'D_high': 766329.4745060949, 'fire_exp': 1.30192942289308, 'P_half': 50.110590081314804, 'pre_dampen_half': 1.2781897831895215, 'gpp_af': 0.009251529398179461, 'gpp_b': 1.64725173393569e-05, 'gpp_d': 10.03361703916805, 'ign_k': 2.1015221568993603, 'ign_c': 13.681817855253627, 'trop_agb_crit': 7.573949567403031, 'trop_k_veg': 7.1709496130137, 'pop_amp': 0.005251373359214696, 'pop_peak': 0.05708240954606954, 'pop_sig': 0.8151986832476577, 'fuel_k': 0.7281741406289596, 'fuel_half': 10.742077227650258}. Best is trial 1622 with value: -0.6125870653324885.
[I 2026-08-19 17:59:50,873] Trial 2032 finished with value: 0.43641583023406105 and parameters: {'k1': 0.0005992984921947079, 'D_low': 263.174408011609, 'k2': 0.03476641815392088, 'D_high': 7835618.531695474, 'fire_exp': 1.8520423562500254, 'P_half': 18.18547867976104, 'pre_dampen_half': 18.174368165221885, 'gpp_af': 0.018305669117944436, 'gpp_b': 5.778630408205393e-05, 'gpp_d': 14.082236822177668, 'ign_k': 1.5578000990150225, 'ign_c': 3.6945311737929765, 'trop_agb_crit': 1.8397759349250913, 'trop_k_veg': 1.0889455858868173, 'pop_amp': 0.012841059358466876, 'pop_peak': 5.301102631958948, 'pop_sig': 1.3700935238434309, 'fuel_k': 0.11971192991561351, 'fuel_half': 1.0090034617224017}. Best is trial 1622 with value: -0.6125870653324885.
[I 2026-08-19 17:59:52,640] Trial 2033 finished with value: 0.5622389017963245 and parameters: {'k1': 0.00030103275318636187, 'D_low': 22.070755968961628, 'k2': 0.0002569610550081858, 'D_high': 9975154.827575576, 'fire_exp': 2.291198426983989, 'P_half': 338.47284485170997, 'pre_dampen_half': 0.07460993907284055, 'gpp_af': 0.07453451708525038, 'gpp_b': 0.01920839638952526, 'gpp_d': 7.4970823425362365, 'ign_k': 0.20890635023588358, 'ign_c': 0.596930746471056, 'trop_agb_crit': 5.8074925432861475, 'trop_k_veg': 0.73954413897732, 'pop_amp': 1.5272879038388678, 'pop_peak': 24.78331631695292, 'pop_sig': 0.7560339832466905, 'fuel_k': 0.07330456374361448, 'fuel_half': 0.6419675830059738}. Best is trial 1622 with value: -0.6125870653324885.
[I 2026-08-19 17:59:54,549] Trial 2034 finished with value: 0.536491909981687 and parameters: {'k1': 3.249914501330427e-05, 'D_low': 1.254393886325623, 'k2': 0.005776053091900089, 'D_high': 765346.8420415298, 'fire_exp': 2.848228748516186, 'P_half': 120.0128462579786, 'pre_dampen_half': 1.049884204541239, 'gpp_af': 50.4836322919469, 'gpp_b': 0.01128880109366093, 'gpp_d': 82.72994018159478, 'ign_k': 0.3311858954912655, 'ign_c': 1.2641448153704617, 'trop_agb_crit': 8.450886199712667, 'trop_k_veg': 1.5133321310156858, 'pop_amp': 0.007143385146976497, 'pop_peak': 24.065061566060237, 'pop_sig': 0.632394472568929, 'fuel_k': 0.012852476263994361, 'fuel_half': 46.041017538161626}. Best is trial 1622 with value: -0.6125870653324885.
[I 2026-08-19 17:59:56,340] Trial 2035 finished with value: 0.5798646485197054 and parameters: {'k1': 0.0012108642408008333, 'D_low': 36284.53853746402, 'k2': 0.0003304013849832902, 'D_high': 1626703.9443810086, 'fire_exp': 1.1333953669056298, 'P_half': 4418.993072640494, 'pre_dampen_half': 1.3451129583029573, 'gpp_af': 0.61074751055873, 'gpp_b': 0.0015287891918926437, 'gpp_d': 43.15519637143003, 'ign_k': 0.5386859306382314, 'ign_c': 0.23792003543286402, 'trop_agb_crit': 13.255716902807885, 'trop_k_veg': 3.517175401196083, 'pop_amp': 3.7850682137525204, 'pop_peak': 0.14268348718941026, 'pop_sig': 0.385182029890409, 'fuel_k': 1.6153838827186322, 'fuel_half': 0.17711730682390325}. Best is trial 1622 with value: -0.6125870653324885.
[I 2026-08-19 17:59:58,134] Trial 2036 finished with value: 0.4776008003243335 and parameters: {'k1': 0.00044632187566659946, 'D_low': 28.25897235118616, 'k2': 0.0004707165536559261, 'D_high': 9816986.62281979, 'fire_exp': 2.522906185215761, 'P_half': 126.65907648018639, 'pre_dampen_half': 0.6987447487480429, 'gpp_af': 20.132901301808335, 'gpp_b': 0.000173965395935004, 'gpp_d': 8.754608321430878, 'ign_k': 0.03209361766457255, 'ign_c': 1.3929471929870418, 'trop_agb_crit': 4.22501755437741, 'trop_k_veg': 3.057769976192149, 'pop_amp': 11.003964290519596, 'pop_peak': 91.45035912630351, 'pop_sig': 0.5568666639692461, 'fuel_k': 0.09702306792847061, 'fuel_half': 0.7513274045148144}. Best is trial 1622 with value: -0.6125870653324885.
[I 2026-08-19 17:59:59,972] Trial 2037 finished with value: 0.6437218920360807 and parameters: {'k1': 0.00011922668454329576, 'D_low': 677707.1819730867, 'k2': 2.0118407829427052e-05, 'D_high': 4785471.783021788, 'fire_exp': 2.3015331788096347, 'P_half': 35.674824174868796, 'pre_dampen_half': 0.5824804131485825, 'gpp_af': 0.09334461410961538, 'gpp_b': 0.0005899033321024145, 'gpp_d': 371.20167396849524, 'ign_k': 0.08078886636061107, 'ign_c': 5.522627429490585, 'trop_agb_crit': 23.682244794394848, 'trop_k_veg': 4.028202679442086, 'pop_amp': 2.1012976152668412, 'pop_peak': 12.069723865213666, 'pop_sig': 0.6587817954408864, 'fuel_k': 0.3006991083399778, 'fuel_half': 0.28762431843718256}. Best is trial 1622 with value: -0.6125870653324885.
[I 2026-08-19 18:00:01,796] Trial 2038 finished with value: -0.5381399422657522 and parameters: {'k1': 9.515889538100704e-05, 'D_low': 2133.4149567372874, 'k2': 0.008271518260293164, 'D_high': 3304129.007633715, 'fire_exp': 1.7745834890037748, 'P_half': 19.626095182452534, 'pre_dampen_half': 14.133090813022443, 'gpp_af': 0.026559583813135355, 'gpp_b': 0.007434088589770887, 'gpp_d': 164.28570928792746, 'ign_k': 0.22101051699426638, 'ign_c': 0.1591244508350853, 'trop_agb_crit': 8.369895240675126, 'trop_k_veg': 2.892400625507171, 'pop_amp': 0.42664800481404624, 'pop_peak': 0.471728393455569, 'pop_sig': 0.2558405172386842, 'fuel_k': 0.024667141290731595, 'fuel_half': 0.3967574364123374}. Best is trial 1622 with value: -0.6125870653324885.
  trial 2039/2500  best_overall=0.6126  (61.6 min)
[I 2026-08-19 18:00:04,306] Trial 2039 finished with value: 0.4535810306017227 and parameters: {'k1': 0.00061231624782403, 'D_low': 1063.9771380969844, 'k2': 0.007127414978949844, 'D_high': 5336662.529750402, 'fire_exp': 1.0053754626327858, 'P_half': 231.77684327990073, 'pre_dampen_half': 29.788461702404692, 'gpp_af': 0.41721299731855316, 'gpp_b': 1.1541270650422442e-05, 'gpp_d': 10.643667988768732, 'ign_k': 6.492421053939423, 'ign_c': 3.926538336883281, 'trop_agb_crit': 16.64191075040123, 'trop_k_veg': 2.5930097986838128, 'pop_amp': 0.0018795668740329658, 'pop_peak': 58.6552556235551, 'pop_sig': 0.7513201727800696, 'fuel_k': 0.32535819742816213, 'fuel_half': 0.179125162361749}. Best is trial 1622 with value: -0.6125870653324885.
[I 2026-08-19 18:00:06,127] Trial 2040 finished with value: 0.519028425976568 and parameters: {'k1': 6.068955728937376e-05, 'D_low': 2523.1805408563478, 'k2': 0.002858998424476828, 'D_high': 1723848.9643835616, 'fire_exp': 1.6902953546385453, 'P_half': 244.24907013543373, 'pre_dampen_half': 0.050162718154413664, 'gpp_af': 3.4871232756268475, 'gpp_b': 0.001945353695776968, 'gpp_d': 627.8585814721849, 'ign_k': 5.74828384579978, 'ign_c': 0.10881003018141376, 'trop_agb_crit': 18.56802695721834, 'trop_k_veg': 7.904720357112299, 'pop_amp': 0.0887101349950058, 'pop_peak': 0.07507740089777382, 'pop_sig': 0.634575846561995, 'fuel_k': 1.3221533375156809, 'fuel_half': 0.14421472192695506}. Best is trial 1622 with value: -0.6125870653324885.
[I 2026-08-19 18:00:07,932] Trial 2041 finished with value: 0.39953621103555437 and parameters: {'k1': 0.03159959466633762, 'D_low': 1.5751552779000604, 'k2': 0.0016879840064845434, 'D_high': 4902624.792584, 'fire_exp': 1.9128961607465036, 'P_half': 135.80706325473133, 'pre_dampen_half': 1.0694277297719363, 'gpp_af': 0.0023286073025217363, 'gpp_b': 0.00012363200467611815, 'gpp_d': 31.79766369689624, 'ign_k': 8.951576077129722, 'ign_c': 16.248300784885263, 'trop_agb_crit': 5.134808077694304, 'trop_k_veg': 7.420159977231757, 'pop_amp': 0.003979963331699074, 'pop_peak': 0.16498158710250174, 'pop_sig': 0.6835632175614629, 'fuel_k': 3.71359841663297, 'fuel_half': 2.172238070488336}. Best is trial 1622 with value: -0.6125870653324885.
[I 2026-08-19 18:00:09,806] Trial 2042 finished with value: 0.5479516550615253 and parameters: {'k1': 0.012471770147347442, 'D_low': 664.8642047519509, 'k2': 0.006510864979173311, 'D_high': 19955.54680361841, 'fire_exp': 6.934899546258199, 'P_half': 10.853261092685385, 'pre_dampen_half': 11.04777866778002, 'gpp_af': 0.004788273068052433, 'gpp_b': 0.001690142424228792, 'gpp_d': 801.9898427529076, 'ign_k': 0.3157278258994698, 'ign_c': 0.1599766589503357, 'trop_agb_crit': 15.290222086195126, 'trop_k_veg': 1.0123949583512573, 'pop_amp': 0.00639177817776442, 'pop_peak': 8.930167512011613, 'pop_sig': 0.5512437922151934, 'fuel_k': 0.6996123240860296, 'fuel_half': 0.6067537353379818}. Best is trial 1622 with value: -0.6125870653324885.
[I 2026-08-19 18:00:11,604] Trial 2043 finished with value: 0.5523997713087646 and parameters: {'k1': 0.00020915510178956786, 'D_low': 28.538491178398694, 'k2': 0.003173906356308799, 'D_high': 2478231.4120596475, 'fire_exp': 2.2658084232568174, 'P_half': 5.132398883317115, 'pre_dampen_half': 0.0635492558668749, 'gpp_af': 0.33026363721365753, 'gpp_b': 0.047501103161913194, 'gpp_d': 612.8171122638977, 'ign_k': 6.085976960254929, 'ign_c': 3.594018380784627, 'trop_agb_crit': 11.597028287010966, 'trop_k_veg': 2.600900598775797, 'pop_amp': 0.10975199440251328, 'pop_peak': 11.689031257994644, 'pop_sig': 0.4348202446767499, 'fuel_k': 0.014063339135113312, 'fuel_half': 9.84525246713069}. Best is trial 1622 with value: -0.6125870653324885.
[I 2026-08-19 18:00:13,426] Trial 2044 finished with value: 0.5989932538286205 and parameters: {'k1': 0.0039436901992828295, 'D_low': 2.977192265128368, 'k2': 0.0016793374622431354, 'D_high': 303546.4806251596, 'fire_exp': 3.3889261370178163, 'P_half': 23.635385363643454, 'pre_dampen_half': 6.391253841077897, 'gpp_af': 0.05607291486345757, 'gpp_b': 0.18877129130957082, 'gpp_d': 97.2368868387155, 'ign_k': 3.066653523864736, 'ign_c': 6.5216523541620885, 'trop_agb_crit': 19.54961555310553, 'trop_k_veg': 0.847454502137174, 'pop_amp': 4.971659303367909, 'pop_peak': 6.813676905106659, 'pop_sig': 0.4784754618280207, 'fuel_k': 0.02216443580887987, 'fuel_half': 0.4581316660453039}. Best is trial 1622 with value: -0.6125870653324885.
[I 2026-08-19 18:00:15,250] Trial 2045 finished with value: 0.4625861898676191 and parameters: {'k1': 0.026691067819171323, 'D_low': 4.788488691994131, 'k2': 0.000619607308961935, 'D_high': 697369.8420424602, 'fire_exp': 1.1481872042073828, 'P_half': 1004.312274694807, 'pre_dampen_half': 0.2646180157095519, 'gpp_af': 0.294195731711688, 'gpp_b': 0.04799798102816815, 'gpp_d': 392.8364433790795, 'ign_k': 1.113765942265686, 'ign_c': 10.452176331223628, 'trop_agb_crit': 4.734857305260028, 'trop_k_veg': 0.8270440061912788, 'pop_amp': 18.90580633009122, 'pop_peak': 101.42775851197833, 'pop_sig': 0.4994697352036984, 'fuel_k': 0.048504134828282114, 'fuel_half': 0.22958135011623493}. Best is trial 1622 with value: -0.6125870653324885.
[I 2026-08-19 18:00:17,033] Trial 2046 finished with value: 0.40265217813642284 and parameters: {'k1': 0.05808812950193619, 'D_low': 464.26472277471913, 'k2': 1.0478096215886397e-05, 'D_high': 5495659.189820278, 'fire_exp': 2.4421836846655975, 'P_half': 60.40503429303466, 'pre_dampen_half': 14.924785316930372, 'gpp_af': 0.017154246081646948, 'gpp_b': 2.4716514574744514e-05, 'gpp_d': 247.24859377218198, 'ign_k': 0.21014594094057856, 'ign_c': 8.295545468567115, 'trop_agb_crit': 28.698222438636794, 'trop_k_veg': 6.898819390143037, 'pop_amp': 0.004730535077671035, 'pop_peak': 0.08796625374051191, 'pop_sig': 0.45315120883897153, 'fuel_k': 0.5451350689228753, 'fuel_half': 0.2799027911924594}. Best is trial 1622 with value: -0.6125870653324885.
[I 2026-08-19 18:00:18,829] Trial 2047 finished with value: -0.5985946238769955 and parameters: {'k1': 0.006842272760383817, 'D_low': 3008.6227981666393, 'k2': 0.0004686822346397434, 'D_high': 288472.0772531552, 'fire_exp': 1.142380322611667, 'P_half': 637.8075722475506, 'pre_dampen_half': 23.079633276702044, 'gpp_af': 0.14149944066816827, 'gpp_b': 0.0002604490229086291, 'gpp_d': 60.754138278293475, 'ign_k': 8.61963543302865, 'ign_c': 13.057426950129939, 'trop_agb_crit': 26.454960803223393, 'trop_k_veg': 2.572345290469661, 'pop_amp': 0.0012569849696354616, 'pop_peak': 40.31132065366433, 'pop_sig': 0.535972261771988, 'fuel_k': 0.05747242493018479, 'fuel_half': 2.506789175461959}. Best is trial 1622 with value: -0.6125870653324885.
[I 2026-08-19 18:00:20,657] Trial 2048 finished with value: 0.502767571820552 and parameters: {'k1': 0.01337107932982886, 'D_low': 158.63710669836274, 'k2': 5.5466201722015564e-05, 'D_high': 9067.515388326567, 'fire_exp': 1.000142211679748, 'P_half': 206.16173213199968, 'pre_dampen_half': 239.9726699423838, 'gpp_af': 11.852988906946903, 'gpp_b': 0.001127134321071527, 'gpp_d': 42.47618971265074, 'ign_k': 1.4581971022674929, 'ign_c': 1.70426500932207, 'trop_agb_crit': 23.69620125351463, 'trop_k_veg': 4.845293962784745, 'pop_amp': 0.0032709536598418947, 'pop_peak': 14.883956724241093, 'pop_sig': 0.5212294032663586, 'fuel_k': 0.12094808341585242, 'fuel_half': 8.236189181009294}. Best is trial 1622 with value: -0.6125870653324885.
[I 2026-08-19 18:00:22,425] Trial 2049 finished with value: 0.6147425561666848 and parameters: {'k1': 0.0358984275548217, 'D_low': 83.17407617164115, 'k2': 0.00010363784645467481, 'D_high': 4049475.644859582, 'fire_exp': 1.2296122907299587, 'P_half': 7531.9562216753875, 'pre_dampen_half': 141.27438799307998, 'gpp_af': 0.3193300921221632, 'gpp_b': 0.018504684254105515, 'gpp_d': 12.230148363782659, 'ign_k': 0.9625701686962338, 'ign_c': 47.28491626233285, 'trop_agb_crit': 21.1354547110421, 'trop_k_veg': 2.2772853244120705, 'pop_amp': 0.00478345751205496, 'pop_peak': 322.7328728387492, 'pop_sig': 0.3708035208022236, 'fuel_k': 0.39884667575721544, 'fuel_half': 0.14014502122113717}. Best is trial 1622 with value: -0.6125870653324885.
[I 2026-08-19 18:00:24,216] Trial 2050 finished with value: -0.6001819480401699 and parameters: {'k1': 0.0005021155356289362, 'D_low': 5862.999453050312, 'k2': 0.005147755578609088, 'D_high': 1676783.5650745253, 'fire_exp': 1.4454743535578507, 'P_half': 333.90297971767, 'pre_dampen_half': 0.7164241546561542, 'gpp_af': 0.1264361335127719, 'gpp_b': 0.0007413620660464016, 'gpp_d': 18.945652331064437, 'ign_k': 2.854947307312776, 'ign_c': 0.25236400066363845, 'trop_agb_crit': 4.785376631318164, 'trop_k_veg': 3.818815940729615, 'pop_amp': 0.016191654118344306, 'pop_peak': 0.31986422816434334, 'pop_sig': 0.30017707469569443, 'fuel_k': 5.11270403602376, 'fuel_half': 0.39374445845239736}. Best is trial 1622 with value: -0.6125870653324885.
  trial 2051/2500  best_overall=0.6126  (62.0 min)
[I 2026-08-19 18:00:26,543] Trial 2051 finished with value: 0.4488281486884633 and parameters: {'k1': 7.476138356924533e-05, 'D_low': 206.89846267815767, 'k2': 0.002056785094739556, 'D_high': 958536.8580163964, 'fire_exp': 1.6950782242124627, 'P_half': 40.92194600271706, 'pre_dampen_half': 2.035354702124576, 'gpp_af': 1.9365399364094948, 'gpp_b': 0.006770390365500298, 'gpp_d': 2.6612026981390247, 'ign_k': 2.062564269823981, 'ign_c': 0.12194534807677519, 'trop_agb_crit': 3.283776199581927, 'trop_k_veg': 1.7552637970878837, 'pop_amp': 0.004403811386092679, 'pop_peak': 0.4623571801747085, 'pop_sig': 0.2832619490095256, 'fuel_k': 5.234103324667995, 'fuel_half': 0.13087094042670028}. Best is trial 1622 with value: -0.6125870653324885.
[I 2026-08-19 18:00:28,339] Trial 2052 finished with value: 0.4589390969552585 and parameters: {'k1': 0.0065048416329729, 'D_low': 1129.6740690390757, 'k2': 0.011315681995571888, 'D_high': 118190.45894978396, 'fire_exp': 1.235328019654287, 'P_half': 120.14000260497546, 'pre_dampen_half': 1.049339326963929, 'gpp_af': 0.004310683695941752, 'gpp_b': 8.371220511213547e-05, 'gpp_d': 7.878418323733349, 'ign_k': 0.5935059947422435, 'ign_c': 0.20980330816509457, 'trop_agb_crit': 3.8411543323503383, 'trop_k_veg': 6.134896009097655, 'pop_amp': 0.25455178193743627, 'pop_peak': 0.9621252947877753, 'pop_sig': 0.3884721385433347, 'fuel_k': 2.5181506788247896, 'fuel_half': 0.18010856737934214}. Best is trial 1622 with value: -0.6125870653324885.
[I 2026-08-19 18:00:30,180] Trial 2053 finished with value: 0.6445374145881376 and parameters: {'k1': 0.01683078873716169, 'D_low': 638.4491237344694, 'k2': 0.00038270370867540636, 'D_high': 39154.12525666895, 'fire_exp': 1.3079296736778152, 'P_half': 62.139922195171465, 'pre_dampen_half': 171.0046867566354, 'gpp_af': 0.11672205949606641, 'gpp_b': 1.9168417516847786e-05, 'gpp_d': 18.229809296435693, 'ign_k': 1.052996902799975, 'ign_c': 66.15952637937524, 'trop_agb_crit': 9.631772960158989, 'trop_k_veg': 2.432505689301326, 'pop_amp': 0.003993836183076763, 'pop_peak': 66.70381046128595, 'pop_sig': 0.4941380641170052, 'fuel_k': 0.1540352832860719, 'fuel_half': 1.4500049109233903}. Best is trial 1622 with value: -0.6125870653324885.
[I 2026-08-19 18:00:32,075] Trial 2054 finished with value: 0.5988632708696938 and parameters: {'k1': 0.002099383623759465, 'D_low': 9755.378583127973, 'k2': 0.021774089241471666, 'D_high': 4865.064449002608, 'fire_exp': 1.1745014626220107, 'P_half': 1027.215078317588, 'pre_dampen_half': 0.07189881828544374, 'gpp_af': 0.34279952376209566, 'gpp_b': 1.579738299962755e-05, 'gpp_d': 1.4394200615443473, 'ign_k': 0.530890004123249, 'ign_c': 4.0156922422346435, 'trop_agb_crit': 2.407339755157171, 'trop_k_veg': 3.4463293012093335, 'pop_amp': 0.03652647371515258, 'pop_peak': 0.2689914909364683, 'pop_sig': 0.321514729220779, 'fuel_k': 3.8522985415042106, 'fuel_half': 0.8618318302930268}. Best is trial 1622 with value: -0.6125870653324885.
[I 2026-08-19 18:00:33,917] Trial 2055 finished with value: 0.5214570320156292 and parameters: {'k1': 0.0007138747437647402, 'D_low': 2621.3824446842345, 'k2': 0.005293172179001006, 'D_high': 8637116.432974514, 'fire_exp': 2.373914911855592, 'P_half': 118.98315528776193, 'pre_dampen_half': 0.10620431021297724, 'gpp_af': 0.7354646623483676, 'gpp_b': 0.002380687914640453, 'gpp_d': 3.6274141355150036, 'ign_k': 2.309819836832979, 'ign_c': 0.6246116821114676, 'trop_agb_crit': 3.7640274225864614, 'trop_k_veg': 4.183184819899194, 'pop_amp': 0.02174179016221118, 'pop_peak': 0.08905663927638703, 'pop_sig': 0.3329250927949348, 'fuel_k': 1.0176613996198647, 'fuel_half': 0.2881455177879511}. Best is trial 1622 with value: -0.6125870653324885.
[I 2026-08-19 18:00:35,845] Trial 2056 finished with value: 0.5673009787137749 and parameters: {'k1': 0.00028303245225408017, 'D_low': 22329.257295064665, 'k2': 0.003328918514240472, 'D_high': 1119371.9718979609, 'fire_exp': 1.7714956510719222, 'P_half': 767.5671518516742, 'pre_dampen_half': 1.7951651081891224, 'gpp_af': 3.0160572557522705, 'gpp_b': 0.010501809228458014, 'gpp_d': 396.1226438323215, 'ign_k': 7.863711244847371, 'ign_c': 22.295880072937646, 'trop_agb_crit': 18.573962235822652, 'trop_k_veg': 2.850718184836079, 'pop_amp': 0.007326926400731973, 'pop_peak': 230.75378349711602, 'pop_sig': 0.45831792740848004, 'fuel_k': 0.05542072070436443, 'fuel_half': 2.0239594430813055}. Best is trial 1622 with value: -0.6125870653324885.
[I 2026-08-19 18:00:37,694] Trial 2057 finished with value: 0.6070533454439491 and parameters: {'k1': 0.004415900900038691, 'D_low': 98840.15747037882, 'k2': 0.00010069944484874059, 'D_high': 1383504.876400567, 'fire_exp': 1.4205836846910838, 'P_half': 741.5917753054847, 'pre_dampen_half': 35.13763153547033, 'gpp_af': 0.12591486515102712, 'gpp_b': 0.0006347516225328887, 'gpp_d': 62.051015615051554, 'ign_k': 5.796325343198832, 'ign_c': 15.710148450938497, 'trop_agb_crit': 26.215168342435412, 'trop_k_veg': 2.8528069329452497, 'pop_amp': 0.003914974565013088, 'pop_peak': 173.4043504157341, 'pop_sig': 0.31704552408729064, 'fuel_k': 0.07401149775882834, 'fuel_half': 10.968641591072002}. Best is trial 1622 with value: -0.6125870653324885.
