[I 2026-07-22 21:55:34,450] Trial 457 finished with values: [11.185032675062171, 11.185032675062171] and parameters: {'k1': 0.006587536748686894, 'D_low': 13.25142220631392, 'k2': 2.8459703343413838e-05, 'D_high': 1693415.5410667954, 'fire_exp': 1.2031660379497937, 'P_half': 9.324787201197319, 'pre_dampen_half': 3.9885726374014694, 'gpp_af': 0.0025511964576171086, 'gpp_b': 1.7565109007473816e-05, 'gpp_d': 8.057329182285729, 'ign_k': 0.004144296901136395, 'ign_c': 4.1108484350212295, 'trop_agb_crit': 9.879645484210656, 'trop_k_veg': 7.359706248396126, 'fuel_k': 0.6199941538390381, 'fuel_half': 13.402368611128821}.
[I 2026-07-22 21:55:34,891] Trial 458 finished with values: [10.647265751515304, 10.647265751515304] and parameters: {'k1': 0.09738633019266786, 'D_low': 4.043300846639722, 'k2': 0.07799059237255677, 'D_high': 30235.506416287044, 'fire_exp': 2.264545306066772, 'P_half': 2.374667798987403, 'pre_dampen_half': 33.97904243111269, 'gpp_af': 0.0025511964576171086, 'gpp_b': 1.2892705405728861e-05, 'gpp_d': 0.4841900740994021, 'ign_k': 0.050667002161528835, 'ign_c': 4.1108484350212295, 'trop_agb_crit': 2.419699259862185, 'trop_k_veg': 3.024803048559367, 'fuel_k': 1.8731335591844647, 'fuel_half': 38.21129441691226}.
[I 2026-07-22 21:55:35,317] Trial 459 finished with values: [11.261015069469707, 11.261015069469707] and parameters: {'k1': 0.0029707920514735983, 'D_low': 4.043300846639722, 'k2': 0.07799059237255677, 'D_high': 30235.506416287044, 'fire_exp': 1.0689448798385355, 'P_half': 490.2396944106614, 'pre_dampen_half': 33.97904243111269, 'gpp_af': 0.0025511964576171086, 'gpp_b': 1.2892705405728861e-05, 'gpp_d': 302.3127748796295, 'ign_k': 0.006039096247545781, 'ign_c': 4.1108484350212295, 'trop_agb_crit': 2.419699259862185, 'trop_k_veg': 3.024803048559367, 'fuel_k': 5.486054129200971, 'fuel_half': 38.21129441691226}.
[I 2026-07-22 21:55:35,736] Trial 460 finished with values: [-0.5437589732431796, 0.1393059103210501] and parameters: {'k1': 0.003242143344038315, 'D_low': 11.437258028094242, 'k2': 2.1698375693549493e-05, 'D_high': 580966.5602369158, 'fire_exp': 2.3123511487896353, 'P_half': 28.15630081597223, 'pre_dampen_half': 10.059683154936915, 'gpp_af': 1.4498445474033743, 'gpp_b': 1.7565109007473816e-05, 'gpp_d': 25.017068255320467, 'ign_k': 0.04732407125181112, 'ign_c': 3.0378658251922155, 'trop_agb_crit': 15.870971677383487, 'trop_k_veg': 0.9369104721775232, 'fuel_k': 0.028970790717327534, 'fuel_half': 18.202647368248815}.
[I 2026-07-22 21:55:36,155] Trial 461 finished with values: [-0.533709844774984, 0.1248211246336054] and parameters: {'k1': 9.969469187531805e-05, 'D_low': 864.0717009254879, 'k2': 7.67074891445376e-05, 'D_high': 8433503.858791472, 'fire_exp': 2.2271826002669806, 'P_half': 1.4378290221680121, 'pre_dampen_half': 10.059683154936915, 'gpp_af': 0.16548212780921995, 'gpp_b': 0.002022832315155261, 'gpp_d': 6.91394869865762, 'ign_k': 4.59148521674054, 'ign_c': 0.13670484737132343, 'trop_agb_crit': 10.719494362768906, 'trop_k_veg': 1.140286245977296, 'fuel_k': 3.6992394681929355, 'fuel_half': 81.87941582538087}.
[I 2026-07-22 21:55:36,572] Trial 462 finished with values: [10.401193590249747, 10.401193590249747] and parameters: {'k1': 0.003242143344038315, 'D_low': 11.437258028094242, 'k2': 2.1698375693549493e-05, 'D_high': 160625.60954780428, 'fire_exp': 2.3123511487896353, 'P_half': 60.42560675552672, 'pre_dampen_half': 219.13475969641993, 'gpp_af': 1.4498445474033743, 'gpp_b': 1.7565109007473816e-05, 'gpp_d': 25.017068255320467, 'ign_k': 0.04732407125181112, 'ign_c': 3.4084279109230433, 'trop_agb_crit': 15.870971677383487, 'trop_k_veg': 6.911478238001162, 'fuel_k': 0.031056242489259013, 'fuel_half': 42.6871254378718}.
[I 2026-07-22 21:55:36,992] Trial 463 finished with values: [-0.6652614541645894, 0.027292333841571925] and parameters: {'k1': 9.969469187531805e-05, 'D_low': 1.1640589436768796, 'k2': 0.030699709531122953, 'D_high': 2512533.442757688, 'fire_exp': 2.3750840427797026, 'P_half': 1.4378290221680121, 'pre_dampen_half': 868.1843415114095, 'gpp_af': 0.3259758793317361, 'gpp_b': 0.00011277885258222645, 'gpp_d': 373.3014953695604, 'ign_k': 4.59148521674054, 'ign_c': 16.626592254031866, 'trop_agb_crit': 10.719494362768906, 'trop_k_veg': 0.5695379443977426, 'fuel_k': 0.8398846716543956, 'fuel_half': 16.371966573507315}.
[I 2026-07-22 21:55:37,412] Trial 464 finished with values: [10.746251168352403, 10.746251168352403] and parameters: {'k1': 0.003242143344038315, 'D_low': 11.437258028094242, 'k2': 1.6559474674046002e-05, 'D_high': 2512533.442757688, 'fire_exp': 2.2271826002669806, 'P_half': 2251.4440483870167, 'pre_dampen_half': 10.059683154936915, 'gpp_af': 2.114381609520638, 'gpp_b': 0.002022832315155261, 'gpp_d': 373.3014953695604, 'ign_k': 0.050667002161528835, 'ign_c': 3.0378658251922155, 'trop_agb_crit': 15.870971677383487, 'trop_k_veg': 0.9369104721775232, 'fuel_k': 0.028970790717327534, 'fuel_half': 18.202647368248815}.
[I 2026-07-22 21:55:37,835] Trial 465 finished with values: [10.769230768838547, 10.769230768838547] and parameters: {'k1': 9.969469187531805e-05, 'D_low': 8454.098152188677, 'k2': 0.035891558714508394, 'D_high': 2512533.442757688, 'fire_exp': 1.7650286443463072, 'P_half': 1.4378290221680121, 'pre_dampen_half': 33.71909132517388, 'gpp_af': 0.3259758793317361, 'gpp_b': 0.00011277885258222645, 'gpp_d': 373.3014953695604, 'ign_k': 4.59148521674054, 'ign_c': 201.0328373440913, 'trop_agb_crit': 24.84904720498571, 'trop_k_veg': 1.140286245977296, 'fuel_k': 1.312881567992459, 'fuel_half': 16.371966573507315}.
[I 2026-07-22 21:55:38,252] Trial 466 finished with values: [10.762001605944844, 10.762001605944844] and parameters: {'k1': 0.0029707920514735983, 'D_low': 12574.42600931779, 'k2': 0.030699709531122953, 'D_high': 1693415.5410667954, 'fire_exp': 2.1877314568674895, 'P_half': 1938.3858782150498, 'pre_dampen_half': 33.71909132517388, 'gpp_af': 0.306107393978212, 'gpp_b': 0.00011277885258222645, 'gpp_d': 373.3014953695604, 'ign_k': 4.59148521674054, 'ign_c': 3.0378658251922155, 'trop_agb_crit': 10.719494362768906, 'trop_k_veg': 1.140286245977296, 'fuel_k': 0.5205627439018524, 'fuel_half': 16.371966573507315}.
[I 2026-07-22 21:55:38,673] Trial 467 finished with values: [-0.47800987543767615, 0.12085385995184639] and parameters: {'k1': 9.969469187531805e-05, 'D_low': 1.1640589436768796, 'k2': 2.8459703343413838e-05, 'D_high': 2512533.442757688, 'fire_exp': 2.2271826002669806, 'P_half': 9.324787201197319, 'pre_dampen_half': 868.1843415114095, 'gpp_af': 0.06789053271698488, 'gpp_b': 0.02048523887932671, 'gpp_d': 373.3014953695604, 'ign_k': 4.59148521674054, 'ign_c': 8.356564873457042, 'trop_agb_crit': 10.719494362768906, 'trop_k_veg': 1.140286245977296, 'fuel_k': 0.48736180483849406, 'fuel_half': 16.371966573507315}.
[I 2026-07-22 21:55:39,096] Trial 468 finished with values: [10.430956562857196, 10.430956562857196] and parameters: {'k1': 9.969469187531805e-05, 'D_low': 1.1640589436768796, 'k2': 0.02989647175615661, 'D_high': 2512533.442757688, 'fire_exp': 2.2271826002669806, 'P_half': 4.889669266916749, 'pre_dampen_half': 10.059683154936915, 'gpp_af': 0.06789053271698488, 'gpp_b': 0.00012118589392553819, 'gpp_d': 373.3014953695604, 'ign_k': 0.006039096247545781, 'ign_c': 71.28188058401358, 'trop_agb_crit': 2.419699259862185, 'trop_k_veg': 2.3703642788018935, 'fuel_k': 0.028970790717327534, 'fuel_half': 16.371966573507315}.
[I 2026-07-22 21:55:39,514] Trial 469 finished with values: [-0.5380708867722707, 0.16620893101149836] and parameters: {'k1': 0.0029707920514735983, 'D_low': 4.043300846639722, 'k2': 0.07799059237255677, 'D_high': 30235.506416287044, 'fire_exp': 2.264545306066772, 'P_half': 3.6138942712165267, 'pre_dampen_half': 33.97904243111269, 'gpp_af': 2.114381609520638, 'gpp_b': 3.228689523591491e-05, 'gpp_d': 0.4841900740994021, 'ign_k': 0.04732407125181112, 'ign_c': 3.0378658251922155, 'trop_agb_crit': 2.419699259862185, 'trop_k_veg': 6.911478238001162, 'fuel_k': 0.3848045345221526, 'fuel_half': 38.21129441691226}.
[I 2026-07-22 21:55:39,933] Trial 470 finished with values: [-0.30559072349307026, 0.11559383575570825] and parameters: {'k1': 0.0029707920514735983, 'D_low': 4.043300846639722, 'k2': 0.07799059237255677, 'D_high': 160625.60954780428, 'fire_exp': 2.2271826002669806, 'P_half': 245.27450543222417, 'pre_dampen_half': 33.97904243111269, 'gpp_af': 2.114381609520638, 'gpp_b': 3.228689523591491e-05, 'gpp_d': 857.4284557962626, 'ign_k': 0.04732407125181112, 'ign_c': 0.13229646467088635, 'trop_agb_crit': 15.870971677383487, 'trop_k_veg': 1.6340262437673856, 'fuel_k': 1.2528108647479208, 'fuel_half': 8.115041565366713}.
[I 2026-07-22 21:55:40,355] Trial 471 finished with values: [10.359001646645364, 10.359001646645364] and parameters: {'k1': 0.0029707920514735983, 'D_low': 13.25142220631392, 'k2': 2.8459703343413838e-05, 'D_high': 1693415.5410667954, 'fire_exp': 2.346722471160988, 'P_half': 9.324787201197319, 'pre_dampen_half': 3.9885726374014694, 'gpp_af': 0.0025511964576171086, 'gpp_b': 1.7565109007473816e-05, 'gpp_d': 8.057329182285729, 'ign_k': 0.004144296901136395, 'ign_c': 4.1108484350212295, 'trop_agb_crit': 15.870971677383487, 'trop_k_veg': 2.2426202441332554, 'fuel_k': 0.6199941538390381, 'fuel_half': 13.402368611128821}.
[I 2026-07-22 21:55:40,774] Trial 472 finished with values: [10.707083043100948, 10.707083043100948] and parameters: {'k1': 0.0029707920514735983, 'D_low': 13713.885091300914, 'k2': 0.07799059237255677, 'D_high': 160625.60954780428, 'fire_exp': 1.0689448798385355, 'P_half': 1938.3858782150498, 'pre_dampen_half': 33.97904243111269, 'gpp_af': 0.3259758793317361, 'gpp_b': 3.228689523591491e-05, 'gpp_d': 857.4284557962626, 'ign_k': 0.03141110271934876, 'ign_c': 0.9748197009262509, 'trop_agb_crit': 15.870971677383487, 'trop_k_veg': 3.2626710594521904, 'fuel_k': 0.6211831489538813, 'fuel_half': 18.202647368248815}.
[I 2026-07-22 21:55:41,191] Trial 473 finished with values: [-0.31423124478099457, 0.13841698664272606] and parameters: {'k1': 9.969469187531805e-05, 'D_low': 1.1640589436768796, 'k2': 0.05438762195226743, 'D_high': 2512533.442757688, 'fire_exp': 2.264545306066772, 'P_half': 3.6138942712165267, 'pre_dampen_half': 868.1843415114095, 'gpp_af': 0.3259758793317361, 'gpp_b': 1.2892705405728861e-05, 'gpp_d': 0.4841900740994021, 'ign_k': 0.006039096247545781, 'ign_c': 4.1108484350212295, 'trop_agb_crit': 2.082468072533112, 'trop_k_veg': 3.024803048559367, 'fuel_k': 1.8731335591844647, 'fuel_half': 38.21129441691226}.
  trial  474/1500  pareto_size=3  best_taylor=0.7070  best_ilamb=0.5392  (3.4 min)
[I 2026-07-22 21:55:41,703] Trial 474 finished with values: [10.88170620289173, 10.88170620289173] and parameters: {'k1': 0.011966626407443505, 'D_low': 13.25142220631392, 'k2': 3.5281132746849994e-05, 'D_high': 1693415.5410667954, 'fire_exp': 1.5922031489278718, 'P_half': 9.324787201197319, 'pre_dampen_half': 3.9885726374014694, 'gpp_af': 1.4498445474033743, 'gpp_b': 1.7565109007473816e-05, 'gpp_d': 9.00460602264307, 'ign_k': 0.004144296901136395, 'ign_c': 4.1108484350212295, 'trop_agb_crit': 15.870971677383487, 'trop_k_veg': 2.2426202441332554, 'fuel_k': 1.312881567992459, 'fuel_half': 13.402368611128821}.
[I 2026-07-22 21:55:42,131] Trial 475 finished with values: [-0.3391923904825031, 0.12269367304082801] and parameters: {'k1': 0.0029707920514735983, 'D_low': 4.043300846639722, 'k2': 2.1698375693549493e-05, 'D_high': 1693415.5410667954, 'fire_exp': 1.0689448798385355, 'P_half': 1938.3858782150498, 'pre_dampen_half': 33.97904243111269, 'gpp_af': 0.0025511964576171086, 'gpp_b': 3.228689523591491e-05, 'gpp_d': 302.3127748796295, 'ign_k': 0.018707420137660268, 'ign_c': 3.0378658251922155, 'trop_agb_crit': 15.870971677383487, 'trop_k_veg': 6.911478238001162, 'fuel_k': 5.486054129200971, 'fuel_half': 38.21129441691226}.
[I 2026-07-22 21:55:42,551] Trial 476 finished with values: [-0.5608237595433821, 0.10670311258577492] and parameters: {'k1': 0.09738633019266786, 'D_low': 4.043300846639722, 'k2': 2.1698375693549493e-05, 'D_high': 1693415.5410667954, 'fire_exp': 2.2271826002669806, 'P_half': 119.9763911113096, 'pre_dampen_half': 33.97904243111269, 'gpp_af': 0.0025511964576171086, 'gpp_b': 3.228689523591491e-05, 'gpp_d': 373.3014953695604, 'ign_k': 0.050667002161528835, 'ign_c': 3.0378658251922155, 'trop_agb_crit': 15.870971677383487, 'trop_k_veg': 6.911478238001162, 'fuel_k': 0.028970790717327534, 'fuel_half': 18.202647368248815}.
[I 2026-07-22 21:55:42,973] Trial 477 finished with values: [10.63098147024879, 10.63098147024879] and parameters: {'k1': 3.277022851928565e-05, 'D_low': 8454.098152188677, 'k2': 0.002342238625792905, 'D_high': 2283.4228779494524, 'fire_exp': 1.4750777427176416, 'P_half': 1.4378290221680121, 'pre_dampen_half': 33.71909132517388, 'gpp_af': 0.06789053271698488, 'gpp_b': 0.08980754434235984, 'gpp_d': 0.09548041810464164, 'ign_k': 4.59148521674054, 'ign_c': 0.13670484737132343, 'trop_agb_crit': 10.719494362768906, 'trop_k_veg': 0.5687244174086067, 'fuel_k': 3.6992394681929355, 'fuel_half': 81.87941582538087}.
[I 2026-07-22 21:55:43,394] Trial 478 finished with values: [10.343107245561704, 10.343107245561704] and parameters: {'k1': 6.693990428538841e-05, 'D_low': 4956.545863307493, 'k2': 0.035891558714508394, 'D_high': 2512533.442757688, 'fire_exp': 1.4750777427176416, 'P_half': 4.889669266916749, 'pre_dampen_half': 294.75617712568373, 'gpp_af': 0.09317985456593188, 'gpp_b': 0.08079748865351312, 'gpp_d': 2.901272149738622, 'ign_k': 0.006039096247545781, 'ign_c': 2.4423775964038934, 'trop_agb_crit': 2.419699259862185, 'trop_k_veg': 0.5695379443977426, 'fuel_k': 0.029111707920759254, 'fuel_half': 42.6871254378718}.
[I 2026-07-22 21:55:43,817] Trial 479 finished with values: [10.769219911730668, 10.769219911730668] and parameters: {'k1': 9.969469187531805e-05, 'D_low': 1.1640589436768796, 'k2': 1.6559474674046002e-05, 'D_high': 2512533.442757688, 'fire_exp': 2.3123511487896353, 'P_half': 27.59069025439785, 'pre_dampen_half': 0.034116553487407886, 'gpp_af': 2.114381609520638, 'gpp_b': 0.002022832315155261, 'gpp_d': 6.91394869865762, 'ign_k': 0.04732407125181112, 'ign_c': 42.793836042014604, 'trop_agb_crit': 10.719494362768906, 'trop_k_veg': 0.9369104721775232, 'fuel_k': 3.6992394681929355, 'fuel_half': 2.276766792290519}.
[I 2026-07-22 21:55:44,258] Trial 480 finished with values: [10.769230768838547, 10.769230768838547] and parameters: {'k1': 0.003198020818004832, 'D_low': 991933.0362011677, 'k2': 3.349496364344092e-05, 'D_high': 107013.64911724928, 'fire_exp': 1.0451665433786628, 'P_half': 4.889669266916749, 'pre_dampen_half': 33.97904243111269, 'gpp_af': 1.4498445474033743, 'gpp_b': 1.1983032564333187e-05, 'gpp_d': 302.3127748796295, 'ign_k': 0.04732407125181112, 'ign_c': 3.0378658251922155, 'trop_agb_crit': 6.058402553512053, 'trop_k_veg': 0.977663002683211, 'fuel_k': 0.017262921159278164, 'fuel_half': 8.115041565366713}.
[I 2026-07-22 21:55:44,722] Trial 481 finished with values: [10.599305715547086, 10.599305715547086] and parameters: {'k1': 0.003198020818004832, 'D_low': 4.043300846639722, 'k2': 0.0810394970233949, 'D_high': 2283.4228779494524, 'fire_exp': 2.2271826002669806, 'P_half': 245.27450543222417, 'pre_dampen_half': 33.97904243111269, 'gpp_af': 2.114381609520638, 'gpp_b': 1.1698276136056565e-05, 'gpp_d': 1.0827789485795754, 'ign_k': 0.006039096247545781, 'ign_c': 77.59048401667629, 'trop_agb_crit': 15.870971677383487, 'trop_k_veg': 6.911478238001162, 'fuel_k': 0.028970790717327534, 'fuel_half': 18.202647368248815}.
[I 2026-07-22 21:55:45,159] Trial 482 finished with values: [11.470965461954401, 11.470965461954401] and parameters: {'k1': 0.02806535913298299, 'D_low': 1.1640589436768796, 'k2': 3.5281132746849994e-05, 'D_high': 2512533.442757688, 'fire_exp': 2.264545306066772, 'P_half': 1.4378290221680121, 'pre_dampen_half': 6.881834772031151, 'gpp_af': 0.06789053271698488, 'gpp_b': 1.2892705405728861e-05, 'gpp_d': 373.3014953695604, 'ign_k': 3.040981662829703, 'ign_c': 4.1108484350212295, 'trop_agb_crit': 10.719494362768906, 'trop_k_veg': 3.024803048559367, 'fuel_k': 0.028970790717327534, 'fuel_half': 38.21129441691226}.
[I 2026-07-22 21:55:45,609] Trial 483 finished with values: [10.73014695413231, 10.73014695413231] and parameters: {'k1': 0.008822833027501576, 'D_low': 4.043300846639722, 'k2': 2.1698375693549493e-05, 'D_high': 160625.60954780428, 'fire_exp': 2.2271826002669806, 'P_half': 1938.3858782150498, 'pre_dampen_half': 33.97904243111269, 'gpp_af': 2.114381609520638, 'gpp_b': 0.49466696067572513, 'gpp_d': 857.4284557962626, 'ign_k': 0.04732407125181112, 'ign_c': 3.0378658251922155, 'trop_agb_crit': 15.870971677383487, 'trop_k_veg': 6.911478238001162, 'fuel_k': 5.486054129200971, 'fuel_half': 8.115041565366713}.
[I 2026-07-22 21:55:46,049] Trial 484 finished with values: [12.958273789900122, 12.958273789900122] and parameters: {'k1': 0.052334804885400876, 'D_low': 3.169598846855015, 'k2': 0.07799059237255677, 'D_high': 25240.47745792575, 'fire_exp': 1.4750777427176416, 'P_half': 4.889669266916749, 'pre_dampen_half': 33.97904243111269, 'gpp_af': 0.06789053271698488, 'gpp_b': 3.228689523591491e-05, 'gpp_d': 6.91394869865762, 'ign_k': 0.03141110271934876, 'ign_c': 4.1108484350212295, 'trop_agb_crit': 2.419699259862185, 'trop_k_veg': 3.024803048559367, 'fuel_k': 0.03743055596010634, 'fuel_half': 0.33988503110784557}.
[I 2026-07-22 21:55:46,487] Trial 485 finished with values: [-0.20970268330810235, 0.10981375402513283] and parameters: {'k1': 0.0029707920514735983, 'D_low': 13.25142220631392, 'k2': 2.8459703343413838e-05, 'D_high': 6978.624673182437, 'fire_exp': 1.4750777427176416, 'P_half': 4.889669266916749, 'pre_dampen_half': 3.9885726374014694, 'gpp_af': 0.06789053271698488, 'gpp_b': 1.1983032564333187e-05, 'gpp_d': 19.948958651882567, 'ign_k': 0.006039096247545781, 'ign_c': 4.1108484350212295, 'trop_agb_crit': 12.324775650896964, 'trop_k_veg': 1.793919400078986, 'fuel_k': 0.029111707920759254, 'fuel_half': 13.402368611128821}.
[I 2026-07-22 21:55:46,905] Trial 486 finished with values: [10.057044521486052, 10.057044521486052] and parameters: {'k1': 0.003198020818004832, 'D_low': 4.043300846639722, 'k2': 0.038650368562597265, 'D_high': 6978.624673182437, 'fire_exp': 2.2271826002669806, 'P_half': 4.889669266916749, 'pre_dampen_half': 3.9885726374014694, 'gpp_af': 2.114381609520638, 'gpp_b': 1.56731783988398e-05, 'gpp_d': 373.3014953695604, 'ign_k': 0.006039096247545781, 'ign_c': 3.0378658251922155, 'trop_agb_crit': 19.84604666505718, 'trop_k_veg': 1.793919400078986, 'fuel_k': 0.029111707920759254, 'fuel_half': 0.33988503110784557}.
[I 2026-07-22 21:55:47,321] Trial 487 finished with values: [10.767889793773199, 10.767889793773199] and parameters: {'k1': 0.02806535913298299, 'D_low': 4.043300846639722, 'k2': 3.5281132746849994e-05, 'D_high': 3390.98259947779, 'fire_exp': 2.3123511487896353, 'P_half': 27.59069025439785, 'pre_dampen_half': 10.059683154936915, 'gpp_af': 0.06789053271698488, 'gpp_b': 3.228689523591491e-05, 'gpp_d': 6.91394869865762, 'ign_k': 0.04732407125181112, 'ign_c': 71.28188058401358, 'trop_agb_crit': 2.419699259862185, 'trop_k_veg': 2.3703642788018935, 'fuel_k': 1.3863198285285168, 'fuel_half': 1.6308760873644823}.
[I 2026-07-22 21:55:47,740] Trial 488 finished with values: [-0.6164765277814074, 0.13285030819620658] and parameters: {'k1': 0.09738633019266786, 'D_low': 91.66403471455098, 'k2': 2.1698375693549493e-05, 'D_high': 1693415.5410667954, 'fire_exp': 2.3123511487896353, 'P_half': 9.324787201197319, 'pre_dampen_half': 10.059683154936915, 'gpp_af': 1.1300566419249867, 'gpp_b': 1.7565109007473816e-05, 'gpp_d': 8.057329182285729, 'ign_k': 0.050667002161528835, 'ign_c': 4.1108484350212295, 'trop_agb_crit': 15.870971677383487, 'trop_k_veg': 6.911478238001162, 'fuel_k': 0.7156083490235493, 'fuel_half': 18.202647368248815}.
[I 2026-07-22 21:55:48,162] Trial 489 finished with values: [10.769230768838547, 10.769230768838547] and parameters: {'k1': 0.003198020818004832, 'D_low': 1.1640589436768796, 'k2': 0.002342238625792905, 'D_high': 160625.60954780428, 'fire_exp': 2.2271826002669806, 'P_half': 245.27450543222417, 'pre_dampen_half': 294.75617712568373, 'gpp_af': 1.4498445474033743, 'gpp_b': 1.2892705405728861e-05, 'gpp_d': 25.017068255320467, 'ign_k': 0.04732407125181112, 'ign_c': 170.36632990295922, 'trop_agb_crit': 15.870971677383487, 'trop_k_veg': 1.7518409078083697, 'fuel_k': 0.028970790717327534, 'fuel_half': 18.202647368248815}.
[I 2026-07-22 21:55:48,580] Trial 490 finished with values: [-0.49438026779709815, 0.07462493164809314] and parameters: {'k1': 0.003242143344038315, 'D_low': 4.043300846639722, 'k2': 2.1698375693549493e-05, 'D_high': 1693415.5410667954, 'fire_exp': 2.3123511487896353, 'P_half': 27.59069025439785, 'pre_dampen_half': 10.059683154936915, 'gpp_af': 0.0025511964576171086, 'gpp_b': 3.228689523591491e-05, 'gpp_d': 373.3014953695604, 'ign_k': 0.050667002161528835, 'ign_c': 0.19678273362633986, 'trop_agb_crit': 1.7813653882411722, 'trop_k_veg': 1.6340262437673856, 'fuel_k': 0.028970790717327534, 'fuel_half': 18.202647368248815}.
[I 2026-07-22 21:55:49,024] Trial 491 finished with values: [11.611918812082154, 11.611918812082154] and parameters: {'k1': 9.969469187531805e-05, 'D_low': 4.043300846639722, 'k2': 3.349496364344092e-05, 'D_high': 2512533.442757688, 'fire_exp': 2.2271826002669806, 'P_half': 1.4378290221680121, 'pre_dampen_half': 33.71909132517388, 'gpp_af': 42.29037995744429, 'gpp_b': 1.56731783988398e-05, 'gpp_d': 373.3014953695604, 'ign_k': 4.59148521674054, 'ign_c': 0.13670484737132343, 'trop_agb_crit': 15.870971677383487, 'trop_k_veg': 1.140286245977296, 'fuel_k': 3.6992394681929355, 'fuel_half': 18.202647368248815}.
