[I 2026-08-19 17:24:48,556] Trial 956 finished with value: -0.5351975097795796 and parameters: {'k1': 0.0007213587301502834, 'D_low': 7910.1683648808585, 'k2': 0.0016077025794989507, 'D_high': 88580.3917686772, 'fire_exp': 1.2231007741161581, 'P_half': 100.07053258403225, 'pre_dampen_half': 1.3348760983631385, 'gpp_af': 0.10498793711661941, 'gpp_b': 4.157954919214427e-05, 'gpp_d': 138.79292248667, 'ign_k': 9.074486199846058, 'ign_c': 3.7917190948179704, 'trop_agb_crit': 22.297061101339512, 'trop_k_veg': 2.1851343672418957, 'pop_amp': 0.0018406855076039286, 'pop_peak': 12.696153257535153, 'pop_sig': 1.2565737543987976, 'fuel_k': 0.16750170950964324, 'fuel_half': 0.18186687750666236}. Best is trial 0 with value: -0.6094076133578652.
[I 2026-08-19 17:24:50,184] Trial 957 finished with value: 0.48860294722962894 and parameters: {'k1': 0.0019112318895718422, 'D_low': 945.4145615059306, 'k2': 0.07667045882778367, 'D_high': 50643.26890022335, 'fire_exp': 2.9249800719964734, 'P_half': 1.9302566142049942, 'pre_dampen_half': 1.5714593337368088, 'gpp_af': 0.10063286133169194, 'gpp_b': 0.0037562826060352234, 'gpp_d': 352.51733564365793, 'ign_k': 0.9011374757838966, 'ign_c': 0.7312795144090479, 'trop_agb_crit': 10.476096627141267, 'trop_k_veg': 1.843655574590233, 'pop_amp': 0.015176126914573295, 'pop_peak': 0.07545871656568169, 'pop_sig': 2.3174106552889304, 'fuel_k': 0.16150818707886785, 'fuel_half': 66.61213718523071}. Best is trial 0 with value: -0.6094076133578652.
[I 2026-08-19 17:24:51,828] Trial 958 finished with value: 0.6013152305487117 and parameters: {'k1': 0.04439331941026381, 'D_low': 490.6284316601543, 'k2': 0.0007863888917819256, 'D_high': 48516.19967453704, 'fire_exp': 7.922019302261423, 'P_half': 44.96859934078826, 'pre_dampen_half': 89.1831596671335, 'gpp_af': 0.6261254019690236, 'gpp_b': 7.829421930998302e-05, 'gpp_d': 0.39885562483855846, 'ign_k': 0.08760290338292565, 'ign_c': 0.9952537702824191, 'trop_agb_crit': 6.10170867168663, 'trop_k_veg': 2.121593630645988, 'pop_amp': 0.19288034865042505, 'pop_peak': 490.870051667925, 'pop_sig': 1.9039231156015317, 'fuel_k': 0.06305985589709127, 'fuel_half': 0.4183224703516491}. Best is trial 0 with value: -0.6094076133578652.
[I 2026-08-19 17:24:53,519] Trial 959 finished with value: 0.5383980680189031 and parameters: {'k1': 0.0009422279756749083, 'D_low': 39.41381368598892, 'k2': 0.009363457325182485, 'D_high': 363201.5031858584, 'fire_exp': 7.064850728374794, 'P_half': 1.9241555512879271, 'pre_dampen_half': 0.415643349303998, 'gpp_af': 0.02974812776507596, 'gpp_b': 1.5333360972810535e-05, 'gpp_d': 27.462446740576564, 'ign_k': 0.06479812466502398, 'ign_c': 0.14664575930873994, 'trop_agb_crit': 15.475356648995385, 'trop_k_veg': 2.6458624913693973, 'pop_amp': 0.0040879483583061834, 'pop_peak': 0.1236885736659014, 'pop_sig': 1.3511558047382475, 'fuel_k': 3.5785791925478416, 'fuel_half': 0.2651955737537278}. Best is trial 0 with value: -0.6094076133578652.
[I 2026-08-19 17:24:55,206] Trial 960 finished with value: 0.5939491751365229 and parameters: {'k1': 0.02833171431014266, 'D_low': 14035.40541308034, 'k2': 0.04276461123380465, 'D_high': 6603687.6471497975, 'fire_exp': 5.036136439404617, 'P_half': 2442.054980537874, 'pre_dampen_half': 6.298703365601915, 'gpp_af': 0.005533862147473357, 'gpp_b': 4.5501430149876584e-05, 'gpp_d': 793.2888893090824, 'ign_k': 5.28145945601416, 'ign_c': 6.1867441359877855, 'trop_agb_crit': 2.3772303633733696, 'trop_k_veg': 1.5262562078002782, 'pop_amp': 0.2193094076290704, 'pop_peak': 142.84834471760715, 'pop_sig': 0.37043333076336327, 'fuel_k': 0.34157472451318766, 'fuel_half': 2.318379558794875}. Best is trial 0 with value: -0.6094076133578652.
[I 2026-08-19 17:24:56,923] Trial 961 finished with value: 0.4179861647321652 and parameters: {'k1': 0.002298399159328836, 'D_low': 9.158915797910032, 'k2': 0.0010089200210305841, 'D_high': 2312613.752382139, 'fire_exp': 5.291205435536291, 'P_half': 25.340774940607975, 'pre_dampen_half': 43.0175201815391, 'gpp_af': 0.0628844507305122, 'gpp_b': 2.808388890208392e-05, 'gpp_d': 6.069730520819558, 'ign_k': 0.7263505627808468, 'ign_c': 6.262107609499205, 'trop_agb_crit': 2.913739152371918, 'trop_k_veg': 2.573830373425045, 'pop_amp': 0.009748827777706526, 'pop_peak': 364.21138992980786, 'pop_sig': 0.8929048153811424, 'fuel_k': 0.0521353773682829, 'fuel_half': 0.7472594118857808}. Best is trial 0 with value: -0.6094076133578652.
[I 2026-08-19 17:24:58,609] Trial 962 finished with value: 0.5756084114214479 and parameters: {'k1': 0.00023191385706249865, 'D_low': 11.986664074010049, 'k2': 0.01111022647880242, 'D_high': 504326.2720000889, 'fire_exp': 4.092677346433649, 'P_half': 130.9044245981922, 'pre_dampen_half': 3.76143302315225, 'gpp_af': 0.24154904374283503, 'gpp_b': 0.00021865403342246863, 'gpp_d': 116.02423598715623, 'ign_k': 0.008019336449510878, 'ign_c': 12.719951947211415, 'trop_agb_crit': 12.425361646171611, 'trop_k_veg': 4.196939023166736, 'pop_amp': 1.7201341677457298, 'pop_peak': 6.868862581262106, 'pop_sig': 1.13508874254234, 'fuel_k': 0.7239583065632056, 'fuel_half': 6.363274654477574}. Best is trial 0 with value: -0.6094076133578652.
[I 2026-08-19 17:25:00,289] Trial 963 finished with value: 0.4359555150810188 and parameters: {'k1': 0.00026665096549699556, 'D_low': 1558.9135799069477, 'k2': 0.00017869862333245583, 'D_high': 39250.18008596277, 'fire_exp': 1.5501849641124306, 'P_half': 1396.7621288162395, 'pre_dampen_half': 0.25643104672770556, 'gpp_af': 0.4320946562375785, 'gpp_b': 0.0007371629321517332, 'gpp_d': 56.101564595046774, 'ign_k': 1.4210816784898008, 'ign_c': 0.6628013037000512, 'trop_agb_crit': 29.62301021761054, 'trop_k_veg': 3.312570661811702, 'pop_amp': 9.807743237064951, 'pop_peak': 244.37569634441618, 'pop_sig': 1.0481654889321341, 'fuel_k': 0.9971981231427622, 'fuel_half': 0.17216917255149816}. Best is trial 0 with value: -0.6094076133578652.
  trial  964/2500  best_overall=0.6094  (26.6 min)
[I 2026-08-19 17:25:02,202] Trial 964 finished with value: 0.6291264948106512 and parameters: {'k1': 0.0055632269994363385, 'D_low': 55966.44629022522, 'k2': 7.748467847801625e-05, 'D_high': 21481.6521198467, 'fire_exp': 1.336927516592126, 'P_half': 100.48440865406522, 'pre_dampen_half': 12.819306876973556, 'gpp_af': 0.002530349925547869, 'gpp_b': 3.1996178727142024e-05, 'gpp_d': 4.964831867557982, 'ign_k': 1.205144292460173, 'ign_c': 1.6572864188494105, 'trop_agb_crit': 29.010384631247373, 'trop_k_veg': 2.9823765425816604, 'pop_amp': 0.006026239042591875, 'pop_peak': 1.3533018805271073, 'pop_sig': 1.9785221555498855, 'fuel_k': 0.01605117595394061, 'fuel_half': 0.3417021446014099}. Best is trial 0 with value: -0.6094076133578652.
[I 2026-08-19 17:25:03,883] Trial 965 finished with value: 0.5706975212150324 and parameters: {'k1': 0.0006360145825815026, 'D_low': 90815.42253622608, 'k2': 1.0108089855729591e-05, 'D_high': 198565.35447603554, 'fire_exp': 1.1583318146512973, 'P_half': 92.51363885007123, 'pre_dampen_half': 0.5243258312904381, 'gpp_af': 0.4899902484959049, 'gpp_b': 0.0013121766080839558, 'gpp_d': 228.34514098045656, 'ign_k': 0.13666405529680004, 'ign_c': 0.7287640265248618, 'trop_agb_crit': 19.593580690586275, 'trop_k_veg': 6.166411943978219, 'pop_amp': 7.239871579870159, 'pop_peak': 838.9840622137922, 'pop_sig': 0.5570815801613426, 'fuel_k': 3.374302067414828, 'fuel_half': 0.3218015059358398}. Best is trial 0 with value: -0.6094076133578652.
[I 2026-08-19 17:25:05,535] Trial 966 finished with value: 0.5332344679495706 and parameters: {'k1': 0.011741792590223836, 'D_low': 28.395948801869363, 'k2': 0.012342031449052776, 'D_high': 37634.22280705465, 'fire_exp': 2.1836575399678653, 'P_half': 1.9714550818006578, 'pre_dampen_half': 0.3633296327625803, 'gpp_af': 1.0036223135778015, 'gpp_b': 5.030667819865356e-05, 'gpp_d': 587.0052692850455, 'ign_k': 0.10027755085198674, 'ign_c': 0.3401003926562478, 'trop_agb_crit': 24.77800985635115, 'trop_k_veg': 1.9456421963237176, 'pop_amp': 0.004409130447748708, 'pop_peak': 0.180100147069791, 'pop_sig': 2.134521874562997, 'fuel_k': 0.25522631213659974, 'fuel_half': 50.68717584226627}. Best is trial 0 with value: -0.6094076133578652.
[I 2026-08-19 17:25:07,256] Trial 967 finished with value: 0.5653143116877698 and parameters: {'k1': 1.3427299816316105e-05, 'D_low': 140476.99204513847, 'k2': 2.51972989963564e-05, 'D_high': 6185442.64825192, 'fire_exp': 2.1245211232412715, 'P_half': 25.613225359055708, 'pre_dampen_half': 12.249408931629022, 'gpp_af': 0.45693690298953316, 'gpp_b': 0.06521758805902184, 'gpp_d': 20.185598186173152, 'ign_k': 0.11862558675804016, 'ign_c': 1.8694623074363488, 'trop_agb_crit': 10.373382678886763, 'trop_k_veg': 5.134255450433415, 'pop_amp': 1.0557442376870017, 'pop_peak': 1.7628955765420078, 'pop_sig': 0.4382221302588664, 'fuel_k': 3.6279412310380716, 'fuel_half': 0.4549813068106961}. Best is trial 0 with value: -0.6094076133578652.
[I 2026-08-19 17:25:09,075] Trial 968 finished with value: 0.5854022057930957 and parameters: {'k1': 0.06838668057304959, 'D_low': 4660.063850224069, 'k2': 0.03234617693422963, 'D_high': 7791493.472853297, 'fire_exp': 5.180469270761816, 'P_half': 529.4910040522682, 'pre_dampen_half': 33.43262536879876, 'gpp_af': 0.0015592928858397547, 'gpp_b': 0.00013620331280148453, 'gpp_d': 10.8698560791214, 'ign_k': 5.818402436272342, 'ign_c': 3.4109001344144416, 'trop_agb_crit': 9.12213005366239, 'trop_k_veg': 0.9282614101223242, 'pop_amp': 0.06666197182256492, 'pop_peak': 217.7930131354571, 'pop_sig': 0.89858692743586, 'fuel_k': 0.12020661800159178, 'fuel_half': 0.4855085268037238}. Best is trial 0 with value: -0.6094076133578652.
[I 2026-08-19 17:25:10,988] Trial 969 finished with value: 0.4611335349704897 and parameters: {'k1': 0.007733288856746293, 'D_low': 3.1944964096623414, 'k2': 0.0009194682127129323, 'D_high': 2302912.810869902, 'fire_exp': 6.689326195967158, 'P_half': 9.425208317915043, 'pre_dampen_half': 23.05283011701012, 'gpp_af': 3.3790323569111176, 'gpp_b': 1.425252707190265e-05, 'gpp_d': 13.40496158492446, 'ign_k': 1.8792883695475804, 'ign_c': 5.801843048411425, 'trop_agb_crit': 4.87140121139976, 'trop_k_veg': 4.546922371969842, 'pop_amp': 0.02121526720837002, 'pop_peak': 134.06927862222895, 'pop_sig': 0.9124320687335163, 'fuel_k': 0.12858538143898524, 'fuel_half': 0.17569062035297234}. Best is trial 0 with value: -0.6094076133578652.
[I 2026-08-19 17:25:12,900] Trial 970 finished with value: 0.5806279568777948 and parameters: {'k1': 0.0064221238793754284, 'D_low': 1.365128846213339, 'k2': 0.018055772368906216, 'D_high': 7097.292620229924, 'fire_exp': 1.2749822241424178, 'P_half': 62.05216094921995, 'pre_dampen_half': 0.08497284406704875, 'gpp_af': 0.011951866734429049, 'gpp_b': 9.764885603478407e-05, 'gpp_d': 0.29845152610673575, 'ign_k': 0.13409448082576017, 'ign_c': 8.21247315504598, 'trop_agb_crit': 1.1864218890866416, 'trop_k_veg': 5.386566465987713, 'pop_amp': 2.7501096920104855, 'pop_peak': 4.544104120393832, 'pop_sig': 0.4687908211439415, 'fuel_k': 0.03477626771528875, 'fuel_half': 4.537914144320559}. Best is trial 0 with value: -0.6094076133578652.
[I 2026-08-19 17:25:14,662] Trial 971 finished with value: 0.4562024416128527 and parameters: {'k1': 0.000764386703017183, 'D_low': 11.286241260534634, 'k2': 0.0017536461937297443, 'D_high': 389837.52812172414, 'fire_exp': 2.087210767404804, 'P_half': 16.357963229941152, 'pre_dampen_half': 0.4694643444785002, 'gpp_af': 3.141262878974044, 'gpp_b': 2.0102090370261047e-05, 'gpp_d': 201.28802681055572, 'ign_k': 0.23900151495616898, 'ign_c': 13.759541763177012, 'trop_agb_crit': 10.09255030672528, 'trop_k_veg': 1.1543103337954808, 'pop_amp': 0.031192100475120613, 'pop_peak': 0.3102879772596941, 'pop_sig': 1.0314558697742344, 'fuel_k': 1.2861865531837073, 'fuel_half': 17.946018307269107}. Best is trial 0 with value: -0.6094076133578652.
[I 2026-08-19 17:25:16,508] Trial 972 finished with value: 0.5964507732581699 and parameters: {'k1': 1.081735792347747e-05, 'D_low': 672797.2395789122, 'k2': 0.0010195279978972398, 'D_high': 93929.20161167369, 'fire_exp': 1.072665840863544, 'P_half': 25.778270468448213, 'pre_dampen_half': 37.596767810352624, 'gpp_af': 0.07765305119827025, 'gpp_b': 0.004573793069017441, 'gpp_d': 3.386977682139574, 'ign_k': 0.0028465984528379677, 'ign_c': 6.034681929069352, 'trop_agb_crit': 14.548474905428169, 'trop_k_veg': 6.362339088780455, 'pop_amp': 4.235490654537803, 'pop_peak': 446.1270934041735, 'pop_sig': 1.729336971379773, 'fuel_k': 0.9804278092358469, 'fuel_half': 0.39520677051449804}. Best is trial 0 with value: -0.6094076133578652.
[I 2026-08-19 17:25:18,254] Trial 973 finished with value: 0.44464830305457204 and parameters: {'k1': 0.04240130363749284, 'D_low': 2.119137159069317, 'k2': 0.05158291534140709, 'D_high': 456509.00991774333, 'fire_exp': 1.7432658859532424, 'P_half': 13.615654700985557, 'pre_dampen_half': 0.016600785770493547, 'gpp_af': 0.0046719875899245335, 'gpp_b': 3.237843205378895e-05, 'gpp_d': 2.3499662314596454, 'ign_k': 0.04106628803486223, 'ign_c': 0.32540084522235935, 'trop_agb_crit': 2.7272535788473125, 'trop_k_veg': 3.090453315991171, 'pop_amp': 4.817457008595417, 'pop_peak': 8.61767986274481, 'pop_sig': 0.7646251430784471, 'fuel_k': 0.1155904842558399, 'fuel_half': 10.961278762557036}. Best is trial 0 with value: -0.6094076133578652.
[I 2026-08-19 17:25:19,985] Trial 974 finished with value: 0.4776997577203589 and parameters: {'k1': 0.022471660706521974, 'D_low': 678.3596571038895, 'k2': 0.089349143657394, 'D_high': 2096089.6826447, 'fire_exp': 5.504442487362249, 'P_half': 13.32019051651789, 'pre_dampen_half': 135.99295093270345, 'gpp_af': 0.003929362982288124, 'gpp_b': 2.2066956838144214e-05, 'gpp_d': 28.78204273763373, 'ign_k': 0.71422277939989, 'ign_c': 1.1240747745944841, 'trop_agb_crit': 1.3317488908474087, 'trop_k_veg': 2.9681214443421835, 'pop_amp': 0.31401821487081716, 'pop_peak': 17.85802605699382, 'pop_sig': 0.5995817578837727, 'fuel_k': 0.07602568335274416, 'fuel_half': 0.3102894125078445}. Best is trial 0 with value: -0.6094076133578652.
[I 2026-08-19 17:25:21,671] Trial 975 finished with value: 0.5688831677281894 and parameters: {'k1': 0.02073301547137084, 'D_low': 25.199334300127106, 'k2': 0.0018498739786032919, 'D_high': 1624508.321717431, 'fire_exp': 4.366834046002852, 'P_half': 2.3489782513548456, 'pre_dampen_half': 9.197791604760116, 'gpp_af': 0.018628072737244383, 'gpp_b': 7.257732650315857e-05, 'gpp_d': 16.576998188463627, 'ign_k': 0.004453341410975936, 'ign_c': 39.02411907459566, 'trop_agb_crit': 18.124064316532387, 'trop_k_veg': 4.133392629648761, 'pop_amp': 0.019008865272099426, 'pop_peak': 0.10235197101637133, 'pop_sig': 0.7709971640388087, 'fuel_k': 4.15375410588953, 'fuel_half': 1.6532000514930918}. Best is trial 0 with value: -0.6094076133578652.
  trial  976/2500  best_overall=0.6094  (27.0 min)
[I 2026-08-19 17:25:23,640] Trial 976 finished with value: 0.646591353790125 and parameters: {'k1': 0.0005851795591895561, 'D_low': 3.1705201431196035, 'k2': 0.029472430082938088, 'D_high': 1273338.3689317114, 'fire_exp': 2.090168176432895, 'P_half': 12.196768534811742, 'pre_dampen_half': 12.79536234444949, 'gpp_af': 5.164610635668946, 'gpp_b': 0.0054127206377719735, 'gpp_d': 526.5629390887785, 'ign_k': 2.5545112586989123, 'ign_c': 41.69197962741247, 'trop_agb_crit': 18.1055090684197, 'trop_k_veg': 1.2676333863385698, 'pop_amp': 0.0026172512590654606, 'pop_peak': 2.6111767960628254, 'pop_sig': 0.5939245704131509, 'fuel_k': 0.09134497469117424, 'fuel_half': 7.349252388530462}. Best is trial 0 with value: -0.6094076133578652.
[I 2026-08-19 17:25:25,291] Trial 977 finished with value: 0.45665481708779143 and parameters: {'k1': 6.611985954645805e-05, 'D_low': 1255.6035048508058, 'k2': 0.0005996814445069769, 'D_high': 1876387.9279749687, 'fire_exp': 1.567133515644145, 'P_half': 26.96191030508397, 'pre_dampen_half': 551.8881748546793, 'gpp_af': 5.520386433008882, 'gpp_b': 0.0014182666661108937, 'gpp_d': 343.0926962455392, 'ign_k': 0.04025510725061549, 'ign_c': 4.483399359883946, 'trop_agb_crit': 17.03247931688158, 'trop_k_veg': 3.7088110704663877, 'pop_amp': 0.0033357572364561333, 'pop_peak': 1.3629368035870433, 'pop_sig': 0.5142225246625357, 'fuel_k': 1.463627632908009, 'fuel_half': 0.42972060188861616}. Best is trial 0 with value: -0.6094076133578652.
[I 2026-08-19 17:25:26,904] Trial 978 finished with value: 0.6216922283427903 and parameters: {'k1': 2.0702525866237775e-05, 'D_low': 723576.6118501164, 'k2': 0.0006760288327054482, 'D_high': 5058277.741895906, 'fire_exp': 2.4754721908317614, 'P_half': 78.5342937976853, 'pre_dampen_half': 302.86777729643535, 'gpp_af': 0.10485616344815742, 'gpp_b': 0.0010322247865853058, 'gpp_d': 298.2192725375619, 'ign_k': 0.006855311052238794, 'ign_c': 12.06925491941711, 'trop_agb_crit': 9.053500963126101, 'trop_k_veg': 6.22569177459936, 'pop_amp': 4.026536933284094, 'pop_peak': 31.394632057857216, 'pop_sig': 1.2268897327032433, 'fuel_k': 0.5723122092924112, 'fuel_half': 0.34737208308124146}. Best is trial 0 with value: -0.6094076133578652.
[I 2026-08-19 17:25:28,580] Trial 979 finished with value: 0.5705851015872754 and parameters: {'k1': 0.00042498184359992337, 'D_low': 2.129308300106044, 'k2': 0.0001421136030075698, 'D_high': 6911480.282084535, 'fire_exp': 4.159405067113937, 'P_half': 754.4226734917489, 'pre_dampen_half': 2.4231384251923087, 'gpp_af': 0.2050587021863214, 'gpp_b': 0.00024167258259573404, 'gpp_d': 80.3030840835235, 'ign_k': 1.629853810833077, 'ign_c': 0.4849632166873432, 'trop_agb_crit': 13.449104596602531, 'trop_k_veg': 7.785551516210217, 'pop_amp': 0.0011223048088639493, 'pop_peak': 21.528071991527124, 'pop_sig': 1.6935993553103645, 'fuel_k': 0.3153425016974039, 'fuel_half': 3.4537557936371797}. Best is trial 0 with value: -0.6094076133578652.
[I 2026-08-19 17:25:30,228] Trial 980 finished with value: 0.6407317304635181 and parameters: {'k1': 0.00017126641745446485, 'D_low': 442306.64187521103, 'k2': 4.288835863859854e-05, 'D_high': 893052.9864926476, 'fire_exp': 1.2680537813928572, 'P_half': 63.10613631981797, 'pre_dampen_half': 69.68995006196803, 'gpp_af': 0.0027117115326822368, 'gpp_b': 1.0836150897334856e-05, 'gpp_d': 3.993146421717945, 'ign_k': 0.8352095552034835, 'ign_c': 2.529507530081867, 'trop_agb_crit': 19.55232224203891, 'trop_k_veg': 3.119882396698161, 'pop_amp': 0.040058026407168996, 'pop_peak': 6.987656964829233, 'pop_sig': 0.612578519726879, 'fuel_k': 0.36019268537778065, 'fuel_half': 0.23612935407536095}. Best is trial 0 with value: -0.6094076133578652.
[I 2026-08-19 17:25:31,857] Trial 981 finished with value: 0.5712762278502292 and parameters: {'k1': 0.0013071529400667926, 'D_low': 3929.799642900849, 'k2': 0.0022625029992470584, 'D_high': 1965246.8545864823, 'fire_exp': 1.707975731490669, 'P_half': 6.7308161826722435, 'pre_dampen_half': 1.017921207404787, 'gpp_af': 0.006166218158258093, 'gpp_b': 0.007111467397713347, 'gpp_d': 122.11283720542941, 'ign_k': 7.6578111946696845, 'ign_c': 1.377564421819992, 'trop_agb_crit': 19.03940160239332, 'trop_k_veg': 1.4041979678498018, 'pop_amp': 0.024003554034870332, 'pop_peak': 0.05880561354013724, 'pop_sig': 1.1532798174223235, 'fuel_k': 0.017943460661895862, 'fuel_half': 9.930324055389463}. Best is trial 0 with value: -0.6094076133578652.
[I 2026-08-19 17:25:33,490] Trial 982 finished with value: 0.5996718764776444 and parameters: {'k1': 3.29236572984122e-05, 'D_low': 5936.7681667886, 'k2': 1.1752745996777381e-05, 'D_high': 27280.538215869416, 'fire_exp': 2.1729075335458115, 'P_half': 332.28281002418606, 'pre_dampen_half': 1.5565678072995344, 'gpp_af': 0.023766043932810375, 'gpp_b': 0.16587270665159679, 'gpp_d': 47.387960729835605, 'ign_k': 0.0029060559876272853, 'ign_c': 3.1765558773604434, 'trop_agb_crit': 8.692969950672387, 'trop_k_veg': 3.465751387134578, 'pop_amp': 0.5575166851486603, 'pop_peak': 0.5243251693427349, 'pop_sig': 1.3805350490596568, 'fuel_k': 1.4426736578034967, 'fuel_half': 0.14404730376001115}. Best is trial 0 with value: -0.6094076133578652.
[I 2026-08-19 17:25:35,219] Trial 983 finished with value: 0.41399773761944947 and parameters: {'k1': 8.095657834510427e-05, 'D_low': 5.637762213474846, 'k2': 0.0013345616628374708, 'D_high': 2829712.9420449124, 'fire_exp': 1.7216012126560203, 'P_half': 52.12777004718175, 'pre_dampen_half': 1.82103945213421, 'gpp_af': 8.244856410408943, 'gpp_b': 4.1784024618760486e-05, 'gpp_d': 827.2554627772541, 'ign_k': 0.2587687882268046, 'ign_c': 8.898269718477362, 'trop_agb_crit': 9.225719828045545, 'trop_k_veg': 3.1377887299616525, 'pop_amp': 1.007371313622276, 'pop_peak': 1.2651516532548557, 'pop_sig': 0.9536776978555895, 'fuel_k': 0.3271359174863736, 'fuel_half': 32.4609158422058}. Best is trial 0 with value: -0.6094076133578652.
[I 2026-08-19 17:25:36,906] Trial 984 finished with value: 0.4678281764792688 and parameters: {'k1': 0.0014774460616869432, 'D_low': 742.1177290437552, 'k2': 0.024637465678376342, 'D_high': 381271.35269372206, 'fire_exp': 5.978469011917084, 'P_half': 8.847613421646203, 'pre_dampen_half': 87.95667909262151, 'gpp_af': 0.15680576010026365, 'gpp_b': 2.8114185926665386e-05, 'gpp_d': 29.151141828943906, 'ign_k': 2.0584810444879174, 'ign_c': 4.251190359749031, 'trop_agb_crit': 4.396609257227878, 'trop_k_veg': 2.7137216872188348, 'pop_amp': 0.10373279014150208, 'pop_peak': 164.67250927888455, 'pop_sig': 1.2670811906660837, 'fuel_k': 0.18183783149837193, 'fuel_half': 0.4356749923406293}. Best is trial 0 with value: -0.6094076133578652.
