[I 2026-06-11 12:57:06,939] Trial 636 finished with values: [-0.6142150026482004, 0.10957967315021] and parameters: {'k1': 0.03648456083047798, 'D_low': 146.24004590125713, 'k2': 0.019383858782150494, 'D_high': 32311.521854410956, 'fire_exp': 1.111738490499784, 'P_half': 114.62237838612074, 'pre_dampen_half': 8.259599205585761, 'gpp_af': 0.060029341913968644, 'gpp_b': 5.0875243087016374e-05, 'gpp_d': 0.1619054449471649, 'ign_k': 0.037151317999473285, 'ign_c': 22.126836566118193, 'trop_agb_crit': 1.8023542850487386, 'trop_k_veg': 1.6648666152166967, 'fire_amp': 2.7806853670293616}.
[I 2026-06-11 12:57:07,907] Trial 637 finished with values: [10.602021150314872, 10.602021150314872] and parameters: {'k1': 0.03648456083047798, 'D_low': 235.39834531862078, 'k2': 0.019383858782150494, 'D_high': 1266.9536563782303, 'fire_exp': 1.2798881300289222, 'P_half': 436.4516946807792, 'pre_dampen_half': 4.847666216751353, 'gpp_af': 0.060029341913968644, 'gpp_b': 1.4008921101492135e-05, 'gpp_d': 1.4397852866783676, 'ign_k': 4.869640941520899, 'ign_c': 1.364908766641693, 'trop_agb_crit': 2.100813292597435, 'trop_k_veg': 1.6648666152166967, 'fire_amp': 1.7912500010961188}.
[I 2026-06-11 12:57:08,830] Trial 638 finished with values: [12.892657481242232, 12.892657481242232] and parameters: {'k1': 0.08006837661379566, 'D_low': 1.7551403048208316, 'k2': 0.0007731571570012607, 'D_high': 6682.9607218310075, 'fire_exp': 1.2060040899560858, 'P_half': 3.591771421517613, 'pre_dampen_half': 103.54508504947606, 'gpp_af': 0.060029341913968644, 'gpp_b': 0.002416023630607169, 'gpp_d': 1.336803341156552, 'ign_k': 0.0032383308053152635, 'ign_c': 1.364908766641693, 'trop_agb_crit': 2.100813292597435, 'trop_k_veg': 0.828441460847982, 'fire_amp': 1.5587346124822492}.
[I 2026-06-11 12:57:09,779] Trial 639 finished with values: [10.22189940735581, 10.22189940735581] and parameters: {'k1': 0.016973078532467004, 'D_low': 1.4002277211577039, 'k2': 3.152468275632564e-05, 'D_high': 32311.521854410956, 'fire_exp': 1.2060040899560858, 'P_half': 12.262543158860007, 'pre_dampen_half': 189.36639872354493, 'gpp_af': 3.298293484806585, 'gpp_b': 0.015062722325200045, 'gpp_d': 0.1619054449471649, 'ign_k': 0.09256855841989636, 'ign_c': 14.343168707118846, 'trop_agb_crit': 1.8023542850487386, 'trop_k_veg': 1.6648666152166967, 'fire_amp': 1.746805197047088}.
[I 2026-06-11 12:57:10,717] Trial 640 finished with values: [10.016331341531929, 10.016331341531929] and parameters: {'k1': 0.0029067012153229104, 'D_low': 276.27089412392087, 'k2': 3.152468275632564e-05, 'D_high': 1266.9536563782303, 'fire_exp': 1.14171776851287, 'P_half': 1.4551749476072258, 'pre_dampen_half': 9.044346216330972, 'gpp_af': 3.8084948364657136, 'gpp_b': 9.497440085397415e-05, 'gpp_d': 304.7488318185732, 'ign_k': 0.9419612235978201, 'ign_c': 1.364908766641693, 'trop_agb_crit': 2.100813292597435, 'trop_k_veg': 6.963655030926962, 'fire_amp': 2.804180410489304}.
[I 2026-06-11 12:57:11,656] Trial 641 finished with values: [10.468572580022501, 10.468572580022501] and parameters: {'k1': 0.05347027553411487, 'D_low': 1.4002277211577039, 'k2': 0.019383858782150494, 'D_high': 31301.15118850836, 'fire_exp': 1.2798881300289222, 'P_half': 102.93072560417136, 'pre_dampen_half': 4.847666216751353, 'gpp_af': 0.004531316405029204, 'gpp_b': 0.00043225896016820903, 'gpp_d': 1.4397852866783676, 'ign_k': 0.0032383308053152635, 'ign_c': 2.2882309479728957, 'trop_agb_crit': 2.100813292597435, 'trop_k_veg': 0.5588127200017643, 'fire_amp': 1.7912500010961188}.
[I 2026-06-11 12:57:12,623] Trial 642 finished with values: [10.410038701506517, 10.410038701506517] and parameters: {'k1': 0.0012752949611679993, 'D_low': 236.79352040223893, 'k2': 0.0036014695835220327, 'D_high': 451.02062878998754, 'fire_exp': 1.2060040899560858, 'P_half': 3.591771421517613, 'pre_dampen_half': 4.847666216751353, 'gpp_af': 2.5017068255320485, 'gpp_b': 0.001674375583895437, 'gpp_d': 1.4397852866783676, 'ign_k': 0.0032383308053152635, 'ign_c': 22.126836566118193, 'trop_agb_crit': 1.513702538071769, 'trop_k_veg': 0.8262197191676174, 'fire_amp': 2.7806853670293616}.
[I 2026-06-11 12:57:13,565] Trial 643 finished with values: [-0.6740671379730908, 0.1614213359788954] and parameters: {'k1': 0.0012752949611679993, 'D_low': 1.4002277211577039, 'k2': 3.152468275632564e-05, 'D_high': 6682.9607218310075, 'fire_exp': 1.14171776851287, 'P_half': 3.591771421517613, 'pre_dampen_half': 9.044346216330972, 'gpp_af': 2.5444227489578917, 'gpp_b': 9.497440085397415e-05, 'gpp_d': 1.4397852866783676, 'ign_k': 7.544827057709847, 'ign_c': 2.2882309479728957, 'trop_agb_crit': 7.332660227137139, 'trop_k_veg': 1.6648666152166967, 'fire_amp': 2.7806853670293616}.
[I 2026-06-11 12:57:14,512] Trial 644 finished with values: [10.259088838198382, 10.259088838198382] and parameters: {'k1': 0.03648456083047798, 'D_low': 2.843767489444367, 'k2': 0.0007731571570012607, 'D_high': 315.101491238403, 'fire_exp': 1.1633452995374232, 'P_half': 3.591771421517613, 'pre_dampen_half': 75.10418138777538, 'gpp_af': 0.009525547092124444, 'gpp_b': 0.015062722325200045, 'gpp_d': 1.4397852866783676, 'ign_k': 0.005318061933708109, 'ign_c': 7.081721844034206, 'trop_agb_crit': 2.100813292597435, 'trop_k_veg': 1.056284487623406, 'fire_amp': 1.7912500010961188}.
[I 2026-06-11 12:57:15,500] Trial 645 finished with values: [10.131091053586761, 10.131091053586761] and parameters: {'k1': 0.001260821293027586, 'D_low': 235.39834531862078, 'k2': 0.019383858782150494, 'D_high': 6682.9607218310075, 'fire_exp': 1.2798881300289222, 'P_half': 436.4516946807792, 'pre_dampen_half': 35.09387368811639, 'gpp_af': 0.060029341913968644, 'gpp_b': 0.015062722325200045, 'gpp_d': 0.7698760608299932, 'ign_k': 4.869640941520899, 'ign_c': 11.903394335305014, 'trop_agb_crit': 2.100813292597435, 'trop_k_veg': 6.963655030926962, 'fire_amp': 3.7523365308330816}.
[I 2026-06-11 12:57:16,497] Trial 646 finished with values: [-0.3848892609572369, 0.12039212075830852] and parameters: {'k1': 0.0029067012153229104, 'D_low': 235.39834531862078, 'k2': 0.0012030178871154666, 'D_high': 1266.9536563782303, 'fire_exp': 1.7220686611084326, 'P_half': 3.591771421517613, 'pre_dampen_half': 79.2915624488668, 'gpp_af': 0.007531064950403672, 'gpp_b': 1.4008921101492135e-05, 'gpp_d': 304.7488318185732, 'ign_k': 0.002676132993402929, 'ign_c': 1.364908766641693, 'trop_agb_crit': 2.100813292597435, 'trop_k_veg': 6.963655030926962, 'fire_amp': 1.7912500010961188}.
[I 2026-06-11 12:57:17,504] Trial 647 finished with values: [10.059122979511297, 10.059122979511297] and parameters: {'k1': 0.0012752949611679993, 'D_low': 236.79352040223893, 'k2': 0.0018588694009815867, 'D_high': 6682.9607218310075, 'fire_exp': 1.2060040899560858, 'P_half': 1.4551749476072258, 'pre_dampen_half': 4.847666216751353, 'gpp_af': 2.5017068255320485, 'gpp_b': 0.001674375583895437, 'gpp_d': 34.18897529667503, 'ign_k': 0.0032383308053152635, 'ign_c': 1.364908766641693, 'trop_agb_crit': 2.100813292597435, 'trop_k_veg': 6.963655030926962, 'fire_amp': 1.5835969292419834}.
[I 2026-06-11 12:57:18,461] Trial 648 finished with values: [-0.6252768199159261, 0.1269429964431681] and parameters: {'k1': 0.016973078532467004, 'D_low': 146.24004590125713, 'k2': 0.019383858782150494, 'D_high': 31301.15118850836, 'fire_exp': 1.2060040899560858, 'P_half': 436.4516946807792, 'pre_dampen_half': 189.36639872354493, 'gpp_af': 3.298293484806585, 'gpp_b': 0.002416023630607169, 'gpp_d': 0.1619054449471649, 'ign_k': 0.09256855841989636, 'ign_c': 2.2882309479728957, 'trop_agb_crit': 21.086120736447015, 'trop_k_veg': 0.5588127200017643, 'fire_amp': 1.7912500010961188}.
[I 2026-06-11 12:57:19,708] Trial 649 finished with values: [10.725771652606069, 10.725771652606069] and parameters: {'k1': 0.03648456083047798, 'D_low': 2.843767489444367, 'k2': 0.0012030178871154666, 'D_high': 1266.9536563782303, 'fire_exp': 1.2798881300289222, 'P_half': 102.93072560417136, 'pre_dampen_half': 4.847666216751353, 'gpp_af': 0.060029341913968644, 'gpp_b': 0.002416023630607169, 'gpp_d': 1.4397852866783676, 'ign_k': 0.0032383308053152635, 'ign_c': 710.7346698112268, 'trop_agb_crit': 2.100813292597435, 'trop_k_veg': 1.9108076884826826, 'fire_amp': 2.7806853670293616}.
[I 2026-06-11 12:57:20,615] Trial 650 finished with values: [-0.40997368453148125, 0.143119310481572] and parameters: {'k1': 0.08006837661379566, 'D_low': 1.4002277211577039, 'k2': 3.152468275632564e-05, 'D_high': 20103.283734409175, 'fire_exp': 1.2060040899560858, 'P_half': 3.591771421517613, 'pre_dampen_half': 9.044346216330972, 'gpp_af': 0.004409093791567215, 'gpp_b': 0.001674375583895437, 'gpp_d': 0.47379914349407487, 'ign_k': 1.6748279468858231, 'ign_c': 0.10435856341129002, 'trop_agb_crit': 1.8023542850487386, 'trop_k_veg': 2.298840177048904, 'fire_amp': 2.7806853670293616}.
[I 2026-06-11 12:57:21,572] Trial 651 finished with values: [10.768896070522107, 10.768896070522107] and parameters: {'k1': 0.0014452451441203328, 'D_low': 1.4002277211577039, 'k2': 0.019383858782150494, 'D_high': 6682.9607218310075, 'fire_exp': 1.2798881300289222, 'P_half': 436.4516946807792, 'pre_dampen_half': 0.01648400221743738, 'gpp_af': 0.060029341913968644, 'gpp_b': 0.001674375583895437, 'gpp_d': 1.4397852866783676, 'ign_k': 4.869640941520899, 'ign_c': 1.364908766641693, 'trop_agb_crit': 8.614723729015276, 'trop_k_veg': 6.963655030926962, 'fire_amp': 3.7523365308330816}.
[I 2026-06-11 12:57:22,521] Trial 652 finished with values: [-0.41446557268986894, 0.09615047614707006] and parameters: {'k1': 0.0012752949611679993, 'D_low': 236.79352040223893, 'k2': 0.019383858782150494, 'D_high': 6682.9607218310075, 'fire_exp': 1.2060040899560858, 'P_half': 102.93072560417136, 'pre_dampen_half': 4.847666216751353, 'gpp_af': 0.004531316405029204, 'gpp_b': 1.4008921101492135e-05, 'gpp_d': 1.4397852866783676, 'ign_k': 0.0032383308053152635, 'ign_c': 2.2882309479728957, 'trop_agb_crit': 25.429516249301212, 'trop_k_veg': 2.6508357486965424, 'fire_amp': 2.7806853670293616}.
[I 2026-06-11 12:57:23,492] Trial 653 finished with values: [11.267674359416748, 11.267674359416748] and parameters: {'k1': 0.0012752949611679993, 'D_low': 1.7551403048208316, 'k2': 0.0001280886335404798, 'D_high': 6682.9607218310075, 'fire_exp': 1.2060040899560858, 'P_half': 5.4712187293420325, 'pre_dampen_half': 121.93011993958949, 'gpp_af': 0.07118041471054574, 'gpp_b': 0.00031478066835753096, 'gpp_d': 1.4397852866783676, 'ign_k': 0.0032383308053152635, 'ign_c': 7.081721844034206, 'trop_agb_crit': 2.100813292597435, 'trop_k_veg': 6.963655030926962, 'fire_amp': 1.5719333351012774}.
[I 2026-06-11 12:57:24,415] Trial 654 finished with values: [-0.6781870502907056, 0.05478289374783629] and parameters: {'k1': 0.03648456083047798, 'D_low': 235.39834531862078, 'k2': 0.0012030178871154666, 'D_high': 6682.9607218310075, 'fire_exp': 1.2060040899560858, 'P_half': 114.62237838612074, 'pre_dampen_half': 75.10418138777538, 'gpp_af': 0.41874665092828456, 'gpp_b': 0.015062722325200045, 'gpp_d': 0.1619054449471649, 'ign_k': 4.869640941520899, 'ign_c': 1.364908766641693, 'trop_agb_crit': 12.9667438075127, 'trop_k_veg': 1.056284487623406, 'fire_amp': 1.7912500010961188}.
[I 2026-06-11 12:57:25,351] Trial 655 finished with values: [14.117292803716577, 14.117292803716577] and parameters: {'k1': 0.0012752949611679993, 'D_low': 236.79352040223893, 'k2': 0.0036014695835220327, 'D_high': 6682.9607218310075, 'fire_exp': 1.14171776851287, 'P_half': 3.591771421517613, 'pre_dampen_half': 124.72235343584714, 'gpp_af': 0.004409093791567215, 'gpp_b': 9.497440085397415e-05, 'gpp_d': 1.4397852866783676, 'ign_k': 0.0032383308053152635, 'ign_c': 22.126836566118193, 'trop_agb_crit': 7.332660227137139, 'trop_k_veg': 0.6108091740265464, 'fire_amp': 2.7806853670293616}.
[I 2026-06-11 12:57:26,338] Trial 656 finished with values: [-0.627703498798812, 0.26625451395320376] and parameters: {'k1': 0.05347027553411487, 'D_low': 235.39834531862078, 'k2': 0.0012030178871154666, 'D_high': 1817.0401889219124, 'fire_exp': 1.2798881300289222, 'P_half': 2.6691447170887805, 'pre_dampen_half': 75.10418138777538, 'gpp_af': 26.365275679433186, 'gpp_b': 0.015062722325200045, 'gpp_d': 0.7698760608299932, 'ign_k': 4.869640941520899, 'ign_c': 1.364908766641693, 'trop_agb_crit': 1.8023542850487386, 'trop_k_veg': 1.6648666152166967, 'fire_amp': 2.7806853670293616}.
[I 2026-06-11 12:57:27,275] Trial 657 finished with values: [10.446453248539328, 10.446453248539328] and parameters: {'k1': 0.03648456083047798, 'D_low': 1.4002277211577039, 'k2': 0.0008255198309657572, 'D_high': 1266.9536563782303, 'fire_exp': 1.2060040899560858, 'P_half': 102.93072560417136, 'pre_dampen_half': 4.847666216751353, 'gpp_af': 0.013816526035853764, 'gpp_b': 0.001674375583895437, 'gpp_d': 1.4397852866783676, 'ign_k': 0.0032383308053152635, 'ign_c': 2.2882309479728957, 'trop_agb_crit': 2.100813292597435, 'trop_k_veg': 0.5471865667052176, 'fire_amp': 2.7806853670293616}.
[I 2026-06-11 12:57:28,246] Trial 658 finished with values: [10.858444093913171, 10.858444093913171] and parameters: {'k1': 0.05347027553411487, 'D_low': 236.79352040223893, 'k2': 0.019383858782150494, 'D_high': 31301.15118850836, 'fire_exp': 1.2798881300289222, 'P_half': 3.591771421517613, 'pre_dampen_half': 79.2915624488668, 'gpp_af': 0.007531064950403672, 'gpp_b': 0.001674375583895437, 'gpp_d': 304.7488318185732, 'ign_k': 4.869640941520899, 'ign_c': 2.2882309479728957, 'trop_agb_crit': 21.086120736447015, 'trop_k_veg': 4.667598965682156, 'fire_amp': 1.7362652332618447}.
[I 2026-06-11 12:57:29,299] Trial 659 finished with values: [10.101638760340332, 10.101638760340332] and parameters: {'k1': 0.03648456083047798, 'D_low': 235.39834531862078, 'k2': 0.019383858782150494, 'D_high': 6682.9607218310075, 'fire_exp': 1.2798881300289222, 'P_half': 436.4516946807792, 'pre_dampen_half': 75.10418138777538, 'gpp_af': 0.41874665092828456, 'gpp_b': 0.015062722325200045, 'gpp_d': 1.4397852866783676, 'ign_k': 0.0032383308053152635, 'ign_c': 1.364908766641693, 'trop_agb_crit': 12.9667438075127, 'trop_k_veg': 6.030247256556128, 'fire_amp': 1.7912500010961188}.
[I 2026-06-11 12:57:30,275] Trial 660 finished with values: [-0.6987733485284555, 0.12291612078147007] and parameters: {'k1': 0.03648456083047798, 'D_low': 235.39834531862078, 'k2': 0.0012030178871154666, 'D_high': 6682.9607218310075, 'fire_exp': 1.2060040899560858, 'P_half': 436.4516946807792, 'pre_dampen_half': 75.10418138777538, 'gpp_af': 2.5017068255320485, 'gpp_b': 0.001674375583895437, 'gpp_d': 1.4397852866783676, 'ign_k': 4.869640941520899, 'ign_c': 1.364908766641693, 'trop_agb_crit': 1.8023542850487386, 'trop_k_veg': 6.030247256556128, 'fire_amp': 1.4621871311312478}.
[I 2026-06-11 12:57:31,198] Trial 661 finished with values: [10.607314998904664, 10.607314998904664] and parameters: {'k1': 0.0027792265849300047, 'D_low': 236.79352040223893, 'k2': 0.019383858782150494, 'D_high': 6682.9607218310075, 'fire_exp': 1.2060040899560858, 'P_half': 3.591771421517613, 'pre_dampen_half': 1.1353829000087716, 'gpp_af': 0.004409093791567215, 'gpp_b': 9.497440085397415e-05, 'gpp_d': 304.7488318185732, 'ign_k': 0.9419612235978201, 'ign_c': 1.364908766641693, 'trop_agb_crit': 1.8023542850487386, 'trop_k_veg': 0.5471865667052176, 'fire_amp': 2.7806853670293616}.
[I 2026-06-11 12:57:32,132] Trial 662 finished with values: [10.68079711316278, 10.68079711316278] and parameters: {'k1': 0.006079905434073396, 'D_low': 43.2326421037033, 'k2': 1.1417577140741129e-05, 'D_high': 31301.15118850836, 'fire_exp': 1.7505406131449859, 'P_half': 1.4551749476072258, 'pre_dampen_half': 4.847666216751353, 'gpp_af': 0.2204465010099918, 'gpp_b': 1.4008921101492135e-05, 'gpp_d': 1.4397852866783676, 'ign_k': 0.09256855841989636, 'ign_c': 7.081721844034206, 'trop_agb_crit': 1.8023542850487386, 'trop_k_veg': 1.6648666152166967, 'fire_amp': 2.042193818779288}.
[I 2026-06-11 12:57:33,086] Trial 663 finished with values: [10.76923076888676, 10.76923076888676] and parameters: {'k1': 0.05347027553411487, 'D_low': 2.843767489444367, 'k2': 0.0012030178871154666, 'D_high': 1266.9536563782303, 'fire_exp': 1.1633452995374232, 'P_half': 2.6691447170887805, 'pre_dampen_half': 75.10418138777538, 'gpp_af': 0.060029341913968644, 'gpp_b': 0.015062722325200045, 'gpp_d': 0.7698760608299932, 'ign_k': 0.8945150807271531, 'ign_c': 228.79430573173593, 'trop_agb_crit': 2.100813292597435, 'trop_k_veg': 6.030247256556128, 'fire_amp': 1.7912500010961188}.
[I 2026-06-11 12:57:34,050] Trial 664 finished with values: [11.844749962749448, 11.844749962749448] and parameters: {'k1': 0.03648456083047798, 'D_low': 2.843767489444367, 'k2': 0.0012030178871154666, 'D_high': 1537.592023548176, 'fire_exp': 1.2798881300289222, 'P_half': 436.4516946807792, 'pre_dampen_half': 75.10418138777538, 'gpp_af': 0.41874665092828456, 'gpp_b': 0.015062722325200045, 'gpp_d': 0.7698760608299932, 'ign_k': 4.869640941520899, 'ign_c': 1.364908766641693, 'trop_agb_crit': 12.9667438075127, 'trop_k_veg': 1.2396985988794134, 'fire_amp': 5.015960627273085}.
[I 2026-06-11 12:57:34,962] Trial 665 finished with values: [-0.6770640855736991, 0.12661540084993095] and parameters: {'k1': 0.03648456083047798, 'D_low': 236.79352040223893, 'k2': 0.00025923015361558547, 'D_high': 6682.9607218310075, 'fire_exp': 1.2798881300289222, 'P_half': 436.4516946807792, 'pre_dampen_half': 75.10418138777538, 'gpp_af': 0.41874665092828456, 'gpp_b': 0.0002637687576667052, 'gpp_d': 0.7698760608299932, 'ign_k': 4.869640941520899, 'ign_c': 1.364908766641693, 'trop_agb_crit': 12.9667438075127, 'trop_k_veg': 6.030247256556128, 'fire_amp': 1.7912500010961188}.
[I 2026-06-11 12:57:35,898] Trial 666 finished with values: [10.76923076888676, 10.76923076888676] and parameters: {'k1': 0.006079905434073396, 'D_low': 2.843767489444367, 'k2': 1.1417577140741129e-05, 'D_high': 1266.9536563782303, 'fire_exp': 1.7220686611084326, 'P_half': 93.43302657318476, 'pre_dampen_half': 79.2915624488668, 'gpp_af': 0.2204465010099918, 'gpp_b': 1.4008921101492135e-05, 'gpp_d': 0.7698760608299932, 'ign_k': 0.09256855841989636, 'ign_c': 132.46527974321125, 'trop_agb_crit': 1.8023542850487386, 'trop_k_veg': 0.5183533149347164, 'fire_amp': 1.7912500010961188}.
[I 2026-06-11 12:57:36,833] Trial 667 finished with values: [10.45962754969258, 10.45962754969258] and parameters: {'k1': 0.03648456083047798, 'D_low': 1.4002277211577039, 'k2': 0.0012030178871154666, 'D_high': 1537.592023548176, 'fire_exp': 1.2060040899560858, 'P_half': 12.262543158860007, 'pre_dampen_half': 4.847666216751353, 'gpp_af': 0.060029341913968644, 'gpp_b': 0.015062722325200045, 'gpp_d': 1.4397852866783676, 'ign_k': 4.869640941520899, 'ign_c': 1.364908766641693, 'trop_agb_crit': 2.100813292597435, 'trop_k_veg': 6.963655030926962, 'fire_amp': 1.5719333351012774}.
[I 2026-06-11 12:57:37,753] Trial 668 finished with values: [12.973066468163893, 12.973066468163893] and parameters: {'k1': 0.0012752949611679993, 'D_low': 1.4002277211577039, 'k2': 0.019383858782150494, 'D_high': 1537.592023548176, 'fire_exp': 1.2060040899560858, 'P_half': 102.93072560417136, 'pre_dampen_half': 75.10418138777538, 'gpp_af': 0.004531316405029204, 'gpp_b': 1.4008921101492135e-05, 'gpp_d': 0.7698760608299932, 'ign_k': 0.012566783761977915, 'ign_c': 7.081721844034206, 'trop_agb_crit': 7.332660227137139, 'trop_k_veg': 1.6648666152166967, 'fire_amp': 2.7806853670293616}.
[I 2026-06-11 12:57:38,692] Trial 669 finished with values: [10.202812447833828, 10.202812447833828] and parameters: {'k1': 0.019518986965599543, 'D_low': 235.39834531862078, 'k2': 0.019383858782150494, 'D_high': 1537.592023548176, 'fire_exp': 1.2060040899560858, 'P_half': 436.4516946807792, 'pre_dampen_half': 75.10418138777538, 'gpp_af': 0.016306190741524337, 'gpp_b': 0.015062722325200045, 'gpp_d': 1.4397852866783676, 'ign_k': 4.869640941520899, 'ign_c': 2.2882309479728957, 'trop_agb_crit': 1.8023542850487386, 'trop_k_veg': 1.056284487623406, 'fire_amp': 1.7912500010961188}.
[I 2026-06-11 12:57:39,661] Trial 670 finished with values: [-0.5799301738725654, 0.14809668220774652] and parameters: {'k1': 1.0465498595171737e-05, 'D_low': 49.539659199197295, 'k2': 0.004679501568332817, 'D_high': 1266.9536563782303, 'fire_exp': 1.811096651915224, 'P_half': 5.4712187293420325, 'pre_dampen_half': 121.93011993958949, 'gpp_af': 0.004531316405029204, 'gpp_b': 0.00031478066835753096, 'gpp_d': 1.4397852866783676, 'ign_k': 4.869640941520899, 'ign_c': 11.903394335305014, 'trop_agb_crit': 5.335241529707116, 'trop_k_veg': 1.6648666152166967, 'fire_amp': 2.7806853670293616}.
[I 2026-06-11 12:57:40,853] Trial 671 finished with values: [10.211455734394326, 10.211455734394326] and parameters: {'k1': 0.05347027553411487, 'D_low': 2.843767489444367, 'k2': 0.019383858782150494, 'D_high': 6682.9607218310075, 'fire_exp': 1.7220686611084326, 'P_half': 2.4106893837852787, 'pre_dampen_half': 13.161234383542856, 'gpp_af': 0.060029341913968644, 'gpp_b': 0.015062722325200045, 'gpp_d': 1.8148402127631733, 'ign_k': 3.7954792742512957, 'ign_c': 1.364908766641693, 'trop_agb_crit': 2.100813292597435, 'trop_k_veg': 6.963655030926962, 'fire_amp': 1.7912500010961188}.
[I 2026-06-11 12:57:41,901] Trial 672 finished with values: [10.380549308141571, 10.380549308141571] and parameters: {'k1': 0.03648456083047798, 'D_low': 146.24004590125713, 'k2': 0.019383858782150494, 'D_high': 32311.521854410956, 'fire_exp': 1.2060040899560858, 'P_half': 45.55085098454082, 'pre_dampen_half': 4.847666216751353, 'gpp_af': 3.298293484806585, 'gpp_b': 0.015062722325200045, 'gpp_d': 1.4397852866783676, 'ign_k': 0.0032383308053152635, 'ign_c': 1.364908766641693, 'trop_agb_crit': 1.8023542850487386, 'trop_k_veg': 1.6648666152166967, 'fire_amp': 1.5719333351012774}.
