[I 2026-08-20 00:30:57,802] Trial 793 finished with value: 0.5595810774523194 and parameters: {'k1': 0.0003181410061625361, 'D_low': 133.6871172001763, 'k2': 2.2875319814654242e-05, 'D_high': 2320590.0392567464, 'fire_exp': 1.3859354498891263, 'P_half': 5.898561983206229, 'pre_dampen_half': 2.4894640399842225, 'gpp_af': 0.009069252263457749, 'gpp_b': 0.0033907830654593143, 'gpp_d': 0.06466985810871784, 'ign_k': 0.007144566932724884, 'ign_c': 11.771735628418254, 'trop_agb_crit': 2.604325424873402, 'trop_k_veg': 3.3305613120868554}. Best is trial 0 with value: -0.5989088506199346.
[I 2026-08-20 00:30:59,199] Trial 794 finished with value: 0.48556093677240675 and parameters: {'k1': 0.0007309614488493933, 'D_low': 6314.349221964749, 'k2': 0.005250529917518203, 'D_high': 6663561.162639751, 'fire_exp': 2.0302404171718553, 'P_half': 110.51881437062633, 'pre_dampen_half': 2.3968117769693316, 'gpp_af': 0.004716239958389454, 'gpp_b': 0.00018128391846497857, 'gpp_d': 27.798732088594615, 'ign_k': 9.774198779592304, 'ign_c': 12.10659516232439, 'trop_agb_crit': 19.15778329913988, 'trop_k_veg': 2.822884192485076}. Best is trial 0 with value: -0.5989088506199346.
[I 2026-08-20 00:31:00,698] Trial 795 finished with value: 0.6445374145881376 and parameters: {'k1': 0.00012264480079093566, 'D_low': 7515.932259951768, 'k2': 0.01795674957456285, 'D_high': 3838671.792475341, 'fire_exp': 1.3027429487403612, 'P_half': 640.7535555654005, 'pre_dampen_half': 8.740767813502567, 'gpp_af': 0.006261655151865365, 'gpp_b': 0.06492898477468735, 'gpp_d': 64.67681501471033, 'ign_k': 2.7875725783618788, 'ign_c': 99.4487432529602, 'trop_agb_crit': 29.135050672810312, 'trop_k_veg': 2.598516414611069}. Best is trial 0 with value: -0.5989088506199346.
[I 2026-08-20 00:31:02,123] Trial 796 finished with value: 0.6445374145881376 and parameters: {'k1': 0.011474163022447236, 'D_low': 10.203489957610834, 'k2': 0.0006745306685609921, 'D_high': 156893.466954196, 'fire_exp': 3.8918292990689864, 'P_half': 2.359670517187541, 'pre_dampen_half': 0.24101116078846155, 'gpp_af': 0.010153957851700498, 'gpp_b': 1.5532648830857653e-05, 'gpp_d': 871.7566086677058, 'ign_k': 8.73435035810429, 'ign_c': 204.74532099942036, 'trop_agb_crit': 6.071082372489152, 'trop_k_veg': 2.571802510544038}. Best is trial 0 with value: -0.5989088506199346.
[I 2026-08-20 00:31:03,512] Trial 797 finished with value: 0.6445374145881376 and parameters: {'k1': 0.00010654848758983885, 'D_low': 965.5332474373952, 'k2': 0.01612661333137297, 'D_high': 1727639.3626239072, 'fire_exp': 6.218154889126893, 'P_half': 4.563451545608781, 'pre_dampen_half': 7.786073329411147, 'gpp_af': 0.0018828978417545245, 'gpp_b': 0.04968125885298691, 'gpp_d': 269.6689615495692, 'ign_k': 0.026145094655636726, 'ign_c': 0.6612789421597868, 'trop_agb_crit': 8.946394430156493, 'trop_k_veg': 2.7594017889240177}. Best is trial 0 with value: -0.5989088506199346.
[I 2026-08-20 00:31:04,926] Trial 798 finished with value: 0.6445374145881376 and parameters: {'k1': 0.0004906835136865061, 'D_low': 31.673761579000608, 'k2': 0.0001636038428883756, 'D_high': 1654748.8166277248, 'fire_exp': 3.4323216921682973, 'P_half': 158.84210623309517, 'pre_dampen_half': 1.407355923091202, 'gpp_af': 0.001705244429633627, 'gpp_b': 1.2215564074231427e-05, 'gpp_d': 455.13507200209045, 'ign_k': 6.00260481823367, 'ign_c': 106.3704066686982, 'trop_agb_crit': 4.546963819846355, 'trop_k_veg': 5.101832818025571}. Best is trial 0 with value: -0.5989088506199346.
[I 2026-08-20 00:31:06,389] Trial 799 finished with value: 0.4352955310538844 and parameters: {'k1': 8.858110675425089e-05, 'D_low': 2.294509585598606, 'k2': 8.038575299920766e-05, 'D_high': 679536.1769291573, 'fire_exp': 1.065128869344275, 'P_half': 793.3540876582845, 'pre_dampen_half': 5.837236941196075, 'gpp_af': 0.059360675488640983, 'gpp_b': 6.157439736937362e-05, 'gpp_d': 413.2550929233767, 'ign_k': 9.2124458263664, 'ign_c': 0.8560561238197788, 'trop_agb_crit': 3.5385615860950845, 'trop_k_veg': 3.8035177120954393}. Best is trial 0 with value: -0.5989088506199346.
[I 2026-08-20 00:31:07,792] Trial 800 finished with value: 0.6445374145881376 and parameters: {'k1': 0.005301393852510763, 'D_low': 18695.96591114024, 'k2': 0.002630123577024559, 'D_high': 3159375.544552624, 'fire_exp': 1.176965821563883, 'P_half': 1554.9903971814656, 'pre_dampen_half': 3.9867275981624166, 'gpp_af': 0.006475007470027565, 'gpp_b': 0.00014656111983390262, 'gpp_d': 1.7873134334875214, 'ign_k': 0.43576190357876693, 'ign_c': 156.6382431309782, 'trop_agb_crit': 17.855106642915583, 'trop_k_veg': 3.4476802335936503}. Best is trial 0 with value: -0.5989088506199346.
[I 2026-08-20 00:31:09,228] Trial 801 finished with value: 0.6445374145881376 and parameters: {'k1': 8.783268933801849e-05, 'D_low': 19828.74524854078, 'k2': 2.606954858365866e-05, 'D_high': 19299.126702526413, 'fire_exp': 7.419428010873924, 'P_half': 6.631427158902748, 'pre_dampen_half': 0.14640083816475072, 'gpp_af': 0.010270136931502418, 'gpp_b': 0.09201612053077027, 'gpp_d': 185.4516454398301, 'ign_k': 0.033619077586259316, 'ign_c': 26.671708127576203, 'trop_agb_crit': 6.648935849174144, 'trop_k_veg': 3.024855347538187}. Best is trial 0 with value: -0.5989088506199346.
[I 2026-08-20 00:31:10,569] Trial 802 finished with value: 0.46781728998225414 and parameters: {'k1': 0.00041037168514721634, 'D_low': 248.6284328605287, 'k2': 0.0002840276260100784, 'D_high': 1826772.6028162795, 'fire_exp': 2.4558914876602804, 'P_half': 22.030738909770776, 'pre_dampen_half': 1.7395680432511271, 'gpp_af': 3.2986870413585065, 'gpp_b': 0.0001678269458454133, 'gpp_d': 696.6552137492724, 'ign_k': 0.06620825077058287, 'ign_c': 0.5743290280937229, 'trop_agb_crit': 2.6942005837914946, 'trop_k_veg': 2.5636367280606662}. Best is trial 0 with value: -0.5989088506199346.
[I 2026-08-20 00:31:11,934] Trial 803 finished with value: -0.5651227402965464 and parameters: {'k1': 0.0001684880206211989, 'D_low': 5.291808347079941, 'k2': 1.3133837087045362e-05, 'D_high': 2148914.9459296158, 'fire_exp': 1.0977066072541644, 'P_half': 319.7919602697855, 'pre_dampen_half': 1.0445479186057867, 'gpp_af': 0.1312735747773923, 'gpp_b': 6.977616693258035e-05, 'gpp_d': 16.839929263842066, 'ign_k': 1.6345932112434378, 'ign_c': 7.755618340403858, 'trop_agb_crit': 2.6553328784606265, 'trop_k_veg': 2.302127924711044}. Best is trial 0 with value: -0.5989088506199346.
[I 2026-08-20 00:31:13,354] Trial 804 finished with value: -0.5379805200588186 and parameters: {'k1': 5.5960296641466e-05, 'D_low': 110.16512014600552, 'k2': 0.0040821730277616364, 'D_high': 192349.02322349837, 'fire_exp': 2.496251721752801, 'P_half': 2.143280757969173, 'pre_dampen_half': 338.85729590516144, 'gpp_af': 0.003655451366402405, 'gpp_b': 0.0004749276609148192, 'gpp_d': 474.33288097858474, 'ign_k': 0.44892879377647305, 'ign_c': 7.683248480829115, 'trop_agb_crit': 17.019504177420625, 'trop_k_veg': 0.8877079581344186}. Best is trial 0 with value: -0.5989088506199346.
[I 2026-08-20 00:31:14,751] Trial 805 finished with value: 0.6445374145881376 and parameters: {'k1': 0.0006978594133798097, 'D_low': 1473.3691305532482, 'k2': 2.8102971389170852e-05, 'D_high': 114.91321390481964, 'fire_exp': 1.6567795092985647, 'P_half': 1873.8464660092163, 'pre_dampen_half': 50.03361043369592, 'gpp_af': 0.012167690434350183, 'gpp_b': 0.013729215051819142, 'gpp_d': 0.4283425509299279, 'ign_k': 0.26036660656648264, 'ign_c': 160.32414978086834, 'trop_agb_crit': 12.747406901398554, 'trop_k_veg': 3.1967475251169604}. Best is trial 0 with value: -0.5989088506199346.
[I 2026-08-20 00:31:16,103] Trial 806 finished with value: -0.5653278987316648 and parameters: {'k1': 0.00012950587495875492, 'D_low': 873.8747162105592, 'k2': 0.0001913803145127673, 'D_high': 4409926.466290455, 'fire_exp': 1.1929664237335853, 'P_half': 1.720464815251406, 'pre_dampen_half': 0.29141123351372067, 'gpp_af': 0.13382231645792134, 'gpp_b': 8.875950112001507e-05, 'gpp_d': 45.77039796655349, 'ign_k': 3.521236223241252, 'ign_c': 4.640044500156251, 'trop_agb_crit': 2.951780801773804, 'trop_k_veg': 5.452950946653422}. Best is trial 0 with value: -0.5989088506199346.
[I 2026-08-20 00:31:17,472] Trial 807 finished with value: 0.5835766976805401 and parameters: {'k1': 0.010907724897736485, 'D_low': 8.487064003881414, 'k2': 0.004590808762626342, 'D_high': 210037.0675087724, 'fire_exp': 3.4118514306989303, 'P_half': 1.7063718513514161, 'pre_dampen_half': 5.419949862788605, 'gpp_af': 0.20258117576392276, 'gpp_b': 0.19676180341960425, 'gpp_d': 162.4002286499627, 'ign_k': 1.6418070641259355, 'ign_c': 0.3803985936392683, 'trop_agb_crit': 3.0184457102999023, 'trop_k_veg': 4.939068701953102}. Best is trial 0 with value: -0.5989088506199346.
[I 2026-08-20 00:31:18,859] Trial 808 finished with value: 0.49235022248459037 and parameters: {'k1': 0.012175693941817858, 'D_low': 21.471575199202235, 'k2': 0.002935339297042107, 'D_high': 5512996.952157428, 'fire_exp': 4.339829892935316, 'P_half': 1.3200560945711257, 'pre_dampen_half': 156.0945025710547, 'gpp_af': 0.9005753274506675, 'gpp_b': 0.0034946822367898935, 'gpp_d': 457.19849595163316, 'ign_k': 1.7910909515636988, 'ign_c': 2.954514530253664, 'trop_agb_crit': 4.764233835348445, 'trop_k_veg': 3.3830036116837907}. Best is trial 0 with value: -0.5989088506199346.
[I 2026-08-20 00:31:20,238] Trial 809 finished with value: -0.5531867862640508 and parameters: {'k1': 0.002779386143329787, 'D_low': 794.9340438938491, 'k2': 0.00013215072936560794, 'D_high': 7865917.247027166, 'fire_exp': 1.1546935398110894, 'P_half': 3.7571611310236133, 'pre_dampen_half': 0.771524608036027, 'gpp_af': 0.04890054941003747, 'gpp_b': 2.1691261534138e-05, 'gpp_d': 0.03783370952336744, 'ign_k': 0.45098307942561233, 'ign_c': 3.4192325563372727, 'trop_agb_crit': 3.9209981627393957, 'trop_k_veg': 2.673987920218683}. Best is trial 0 with value: -0.5989088506199346.
[I 2026-08-20 00:31:21,870] Trial 810 finished with value: 0.44513204644061877 and parameters: {'k1': 9.278481491995656e-05, 'D_low': 3.7389154543309986, 'k2': 1.5458972962398468e-05, 'D_high': 102899.75411603095, 'fire_exp': 1.455393676946251, 'P_half': 23.070856619444523, 'pre_dampen_half': 23.026410041803263, 'gpp_af': 0.9021911192790294, 'gpp_b': 0.0004546931075538988, 'gpp_d': 149.23844028439856, 'ign_k': 1.0497424582959345, 'ign_c': 0.16318824046037123, 'trop_agb_crit': 12.663130316331303, 'trop_k_veg': 2.8161271424266214}. Best is trial 0 with value: -0.5989088506199346.
[I 2026-08-20 00:31:23,288] Trial 811 finished with value: 0.5824930855367076 and parameters: {'k1': 0.0008530286417775266, 'D_low': 4.1004403088437575, 'k2': 9.483334267003227e-05, 'D_high': 2429217.8786562546, 'fire_exp': 4.63593271742815, 'P_half': 1055.5370609659205, 'pre_dampen_half': 0.6486401259695665, 'gpp_af': 2.462354515550871, 'gpp_b': 9.861321026903469e-05, 'gpp_d': 229.89624337357182, 'ign_k': 6.468992058329529, 'ign_c': 1.5241044068845702, 'trop_agb_crit': 2.674940445760778, 'trop_k_veg': 1.9588276935663953}. Best is trial 0 with value: -0.5989088506199346.
[I 2026-08-20 00:31:24,633] Trial 812 finished with value: 0.5521466121184399 and parameters: {'k1': 0.021790292136088924, 'D_low': 12.57646518210268, 'k2': 0.0013404051346961046, 'D_high': 9823198.740075527, 'fire_exp': 2.4436796832059335, 'P_half': 9.838023423838848, 'pre_dampen_half': 5.198263302105519, 'gpp_af': 22.016611704595675, 'gpp_b': 0.06089564188159422, 'gpp_d': 89.78123454522996, 'ign_k': 0.09271000190965943, 'ign_c': 24.81056925769408, 'trop_agb_crit': 9.703422388740703, 'trop_k_veg': 6.018480546899546}. Best is trial 0 with value: -0.5989088506199346.
[I 2026-08-20 00:31:26,044] Trial 813 finished with value: 0.5011488340685093 and parameters: {'k1': 2.7076502722213918e-05, 'D_low': 49982.097216257374, 'k2': 0.038038821765898255, 'D_high': 370324.37135833065, 'fire_exp': 2.3126322333880527, 'P_half': 2.019125221055306, 'pre_dampen_half': 15.857102203255248, 'gpp_af': 0.6081439073257464, 'gpp_b': 0.002448353310194566, 'gpp_d': 4.368827883361346, 'ign_k': 0.3286401688683396, 'ign_c': 0.6314972843789856, 'trop_agb_crit': 26.975418151302513, 'trop_k_veg': 4.165756381761481}. Best is trial 0 with value: -0.5989088506199346.
[I 2026-08-20 00:31:27,419] Trial 814 finished with value: 0.6112573473233707 and parameters: {'k1': 0.028886491564182132, 'D_low': 34.52306201109658, 'k2': 0.00026646731726643843, 'D_high': 32.67767039650647, 'fire_exp': 3.815001524079107, 'P_half': 8.744500991618736, 'pre_dampen_half': 849.8611619322497, 'gpp_af': 0.9570263036545015, 'gpp_b': 0.0007963135124042027, 'gpp_d': 2.1579687995123407, 'ign_k': 0.0034160006309372527, 'ign_c': 5.408709386323453, 'trop_agb_crit': 11.555140731479911, 'trop_k_veg': 0.8542354426864717}. Best is trial 0 with value: -0.5989088506199346.
[I 2026-08-20 00:31:28,950] Trial 815 finished with value: 0.5841571236115175 and parameters: {'k1': 8.669417873796511e-05, 'D_low': 2.975395636987048, 'k2': 0.0056497899370789445, 'D_high': 60719.591405018204, 'fire_exp': 2.014510291192434, 'P_half': 1.4801712498717816, 'pre_dampen_half': 79.57864740951533, 'gpp_af': 0.04016328412717577, 'gpp_b': 2.125687050969462e-05, 'gpp_d': 0.40546397229323344, 'ign_k': 0.0658612276582632, 'ign_c': 32.69780043663795, 'trop_agb_crit': 13.255150271503545, 'trop_k_veg': 0.6116974149437565}. Best is trial 0 with value: -0.5989088506199346.
[I 2026-08-20 00:31:30,465] Trial 816 finished with value: 0.5164588780811157 and parameters: {'k1': 0.0015504923818509602, 'D_low': 581.0008054797443, 'k2': 0.016106220792947747, 'D_high': 2254142.3922999417, 'fire_exp': 1.0253236584934458, 'P_half': 412.9899486484534, 'pre_dampen_half': 3.4665376421888543, 'gpp_af': 0.04771099279097433, 'gpp_b': 5.6367870403609686e-05, 'gpp_d': 54.62302015140808, 'ign_k': 0.34781988569969735, 'ign_c': 27.980032148522238, 'trop_agb_crit': 27.68183206267907, 'trop_k_veg': 0.9252427567760269}. Best is trial 0 with value: -0.5989088506199346.
[I 2026-08-20 00:31:32,062] Trial 817 finished with value: 0.5478650732977723 and parameters: {'k1': 0.00030470042893878643, 'D_low': 62984.32191489935, 'k2': 0.014377904294690892, 'D_high': 125102.55500143774, 'fire_exp': 2.074032819901492, 'P_half': 9.337361602634966, 'pre_dampen_half': 505.82341870737025, 'gpp_af': 22.13745883393499, 'gpp_b': 0.0030694651896594604, 'gpp_d': 160.1865477141027, 'ign_k': 0.15012563402212462, 'ign_c': 0.15593874901796428, 'trop_agb_crit': 16.0025911374701, 'trop_k_veg': 7.274512451833542}. Best is trial 0 with value: -0.5989088506199346.
[I 2026-08-20 00:31:33,444] Trial 818 finished with value: 0.46949141956388873 and parameters: {'k1': 0.006370972232685416, 'D_low': 3139.3004715324046, 'k2': 0.06002801585836831, 'D_high': 531793.7575993735, 'fire_exp': 2.103606190586883, 'P_half': 5.086428593970516, 'pre_dampen_half': 87.90591749670776, 'gpp_af': 1.1043008448039338, 'gpp_b': 0.004856088979584213, 'gpp_d': 296.55674521709295, 'ign_k': 0.2578921597499218, 'ign_c': 0.11862133551812663, 'trop_agb_crit': 25.704030272962502, 'trop_k_veg': 5.567823097184504}. Best is trial 0 with value: -0.5989088506199346.
[I 2026-08-20 00:31:35,149] Trial 819 finished with value: 0.4987268579060954 and parameters: {'k1': 0.0011651535013759869, 'D_low': 1.546852926857719, 'k2': 0.00048369527835979357, 'D_high': 6876282.347588269, 'fire_exp': 3.999877216427434, 'P_half': 192.01525465867974, 'pre_dampen_half': 5.881342309069826, 'gpp_af': 23.51870038776214, 'gpp_b': 0.0006042151439486568, 'gpp_d': 497.3870375642619, 'ign_k': 3.492665512548268, 'ign_c': 9.065079862928176, 'trop_agb_crit': 8.371710422269954, 'trop_k_veg': 0.91666356757105}. Best is trial 0 with value: -0.5989088506199346.
[I 2026-08-20 00:31:36,653] Trial 820 finished with value: 0.6445374145881376 and parameters: {'k1': 0.0874582287001236, 'D_low': 7783.201569469362, 'k2': 0.006956931951224441, 'D_high': 1016.2204643940972, 'fire_exp': 4.833837253865916, 'P_half': 7439.747830848544, 'pre_dampen_half': 510.21530341540057, 'gpp_af': 0.0056594589073901535, 'gpp_b': 3.154709925333443e-05, 'gpp_d': 0.569928866266349, 'ign_k': 8.71612980766426, 'ign_c': 15.92041195482559, 'trop_agb_crit': 2.580769863403981, 'trop_k_veg': 0.5549533232412872}. Best is trial 0 with value: -0.5989088506199346.
[I 2026-08-20 00:31:38,027] Trial 821 finished with value: 0.6445374145881376 and parameters: {'k1': 0.0005428976615676957, 'D_low': 52.179831217407, 'k2': 0.0220080965231744, 'D_high': 8887618.026458131, 'fire_exp': 4.44020162369794, 'P_half': 160.27104799662627, 'pre_dampen_half': 0.794013680359242, 'gpp_af': 27.275642789329613, 'gpp_b': 1.4203033212922322e-05, 'gpp_d': 734.6169488825519, 'ign_k': 1.0659803346572967, 'ign_c': 91.67694336938511, 'trop_agb_crit': 7.448687941674813, 'trop_k_veg': 1.7397796828809453}. Best is trial 0 with value: -0.5989088506199346.
[I 2026-08-20 00:31:39,496] Trial 822 finished with value: 0.5875791608711929 and parameters: {'k1': 0.0009888139153586839, 'D_low': 3.110781811551859, 'k2': 6.650589935232804e-05, 'D_high': 6107.875419864343, 'fire_exp': 1.6426266221170431, 'P_half': 781.1595661898846, 'pre_dampen_half': 0.4179615543227281, 'gpp_af': 0.025296073905763897, 'gpp_b': 1.6605030280131068e-05, 'gpp_d': 134.87114636139702, 'ign_k': 5.31945645317887, 'ign_c': 7.474975071397824, 'trop_agb_crit': 4.522918813664667, 'trop_k_veg': 1.9774531794462187}. Best is trial 0 with value: -0.5989088506199346.
[I 2026-08-20 00:31:40,862] Trial 823 finished with value: -0.57561289836484 and parameters: {'k1': 0.06348892127157961, 'D_low': 6.673275165594544, 'k2': 0.0015188784077756394, 'D_high': 1202027.5972675653, 'fire_exp': 4.128735690929943, 'P_half': 15.452228891130703, 'pre_dampen_half': 5.493852404759667, 'gpp_af': 0.07084216720125243, 'gpp_b': 0.000821989796307607, 'gpp_d': 85.11556221209388, 'ign_k': 8.89412732474518, 'ign_c': 1.0618832372990807, 'trop_agb_crit': 4.639126271007845, 'trop_k_veg': 3.6669274939596015}. Best is trial 0 with value: -0.5989088506199346.
[I 2026-08-20 00:31:42,355] Trial 824 finished with value: -0.5609549475376301 and parameters: {'k1': 0.02914712479415541, 'D_low': 81.33348221734825, 'k2': 0.0003141070196883994, 'D_high': 1384645.8525572368, 'fire_exp': 5.511148427509866, 'P_half': 12.590803955100881, 'pre_dampen_half': 5.986624005973183, 'gpp_af': 0.19577737566142026, 'gpp_b': 0.004604917227166386, 'gpp_d': 56.128840990938016, 'ign_k': 6.511422568415715, 'ign_c': 0.19936325219223353, 'trop_agb_crit': 10.214498623326213, 'trop_k_veg': 4.423301401849756}. Best is trial 0 with value: -0.5989088506199346.
[I 2026-08-20 00:31:43,700] Trial 825 finished with value: 0.5011142481635569 and parameters: {'k1': 0.000541913059955342, 'D_low': 60.72454704379749, 'k2': 1.945816312288834e-05, 'D_high': 2226480.656133551, 'fire_exp': 3.8980909275328157, 'P_half': 128.58462722571053, 'pre_dampen_half': 9.405318865348287, 'gpp_af': 0.03703382155536666, 'gpp_b': 0.0025190718133697096, 'gpp_d': 23.057515030926332, 'ign_k': 0.22199398405884316, 'ign_c': 1.365909033805479, 'trop_agb_crit': 8.946822428289382, 'trop_k_veg': 2.1100786215492633}. Best is trial 0 with value: -0.5989088506199346.
[I 2026-08-20 00:31:45,110] Trial 826 finished with value: 0.5809314523739489 and parameters: {'k1': 0.001029096136604249, 'D_low': 1.3387971973578843, 'k2': 0.00054993486041344, 'D_high': 2400532.9977848767, 'fire_exp': 1.4283838014025059, 'P_half': 24.860813755220747, 'pre_dampen_half': 4.296974842802198, 'gpp_af': 0.059378083374652516, 'gpp_b': 0.0005701949912572471, 'gpp_d': 1.9922565263544567, 'ign_k': 0.06201418761874118, 'ign_c': 83.47622706908346, 'trop_agb_crit': 6.198144158669161, 'trop_k_veg': 3.536266303034538}. Best is trial 0 with value: -0.5989088506199346.
[I 2026-08-20 00:31:46,758] Trial 827 finished with value: 0.6445374145881376 and parameters: {'k1': 0.000746108612971418, 'D_low': 112.68832416537644, 'k2': 9.14916744666177e-05, 'D_high': 8480732.46962129, 'fire_exp': 3.145203843404003, 'P_half': 33.27946762935073, 'pre_dampen_half': 13.088281391630536, 'gpp_af': 5.335577807643032, 'gpp_b': 0.000515476365669093, 'gpp_d': 216.11661981465355, 'ign_k': 5.834579212995339, 'ign_c': 59.32487833709059, 'trop_agb_crit': 6.454668262087759, 'trop_k_veg': 1.6155250107112833}. Best is trial 0 with value: -0.5989088506199346.
[I 2026-08-20 00:31:48,182] Trial 828 finished with value: 0.6261023044633051 and parameters: {'k1': 0.01865487535517849, 'D_low': 40384.263387484854, 'k2': 7.163220858970625e-05, 'D_high': 507.39109904245424, 'fire_exp': 2.272336960932688, 'P_half': 161.00041960317512, 'pre_dampen_half': 19.251770586167975, 'gpp_af': 17.370287131910544, 'gpp_b': 3.6303481796401833, 'gpp_d': 119.5125842834123, 'ign_k': 0.00207489660613723, 'ign_c': 0.29489408336158807, 'trop_agb_crit': 1.3543763704648268, 'trop_k_veg': 6.205962101002997}. Best is trial 0 with value: -0.5989088506199346.
[I 2026-08-20 00:31:49,745] Trial 829 finished with value: 0.5358727370468226 and parameters: {'k1': 2.721646966242309e-05, 'D_low': 118000.20536785193, 'k2': 0.0005027913620790769, 'D_high': 542820.198835457, 'fire_exp': 2.1289785411304303, 'P_half': 77.42071434375981, 'pre_dampen_half': 56.40018691532906, 'gpp_af': 0.1286491683728694, 'gpp_b': 5.1412070483980043e-05, 'gpp_d': 5.01457523582802, 'ign_k': 4.622082031162274, 'ign_c': 2.417551166085869, 'trop_agb_crit': 24.146577392439845, 'trop_k_veg': 0.8187071835310883}. Best is trial 0 with value: -0.5989088506199346.
[I 2026-08-20 00:31:51,299] Trial 830 finished with value: 0.4311604862038243 and parameters: {'k1': 0.04083230906929941, 'D_low': 1.648678224982097, 'k2': 0.014797034948149263, 'D_high': 949310.5624675018, 'fire_exp': 2.857420459276973, 'P_half': 81.51521300952388, 'pre_dampen_half': 38.031151099525, 'gpp_af': 0.19978982020624497, 'gpp_b': 0.005970317253437344, 'gpp_d': 53.32677722961867, 'ign_k': 6.046326350567225, 'ign_c': 2.6377922932423625, 'trop_agb_crit': 3.708622953937851, 'trop_k_veg': 3.0401158086620663}. Best is trial 0 with value: -0.5989088506199346.
