[I 2026-08-19 12:56:30,760] Trial 240 finished with values: [-0.35852625558765616, 2.1047929208428684e-06] and parameters: {'k1': 0.0029070516815839368, 'D_low': 24.989458677225585, 'k2': 4.392638796750218e-05, 'D_high': 9355.38060645217, 'fire_exp': 7.283895538238777, 'P_half': 93.13467980132747, 'pre_dampen_half': 0.05437101051096082, 'gpp_af': 49.583649914027546, 'gpp_b': 0.0007417652034871827, 'gpp_d': 0.19553384550454228, 'ign_k': 0.06863458703786214, 'ign_c': 0.9748197009262509, 'trop_agb_crit': 3.923744278402932, 'trop_k_veg': 4.288672925586801, 'pop_amp': 5.27924855752961, 'pop_peak': 0.5393162598439744, 'pop_sig': 2.4100357112052566, 'fuel_k': 1.3626356448811705, 'fuel_half': 10.137471815285474}.
  trial  241/2500  pareto_size=20  best_ilamb=0.6094  (10.9 min)
[I 2026-08-19 12:56:33,043] Trial 241 finished with values: [-0.3554625854118624, 0.0] and parameters: {'k1': 0.006117912981900519, 'D_low': 2190.672003635833, 'k2': 0.03040882260558898, 'D_high': 82.2686285455994, 'fire_exp': 5.881565436248893, 'P_half': 5.59983195169599, 'pre_dampen_half': 1.3202414283299975, 'gpp_af': 4.810842933781432, 'gpp_b': 4.038332634638232, 'gpp_d': 424.46566361752417, 'ign_k': 0.06358541141199495, 'ign_c': 27.70002555743451, 'trop_agb_crit': 28.49245476864681, 'trop_k_veg': 5.118043274362221, 'pop_amp': 0.004612311905749002, 'pop_peak': 5.866350595696869, 'pop_sig': 0.8521762792373568, 'fuel_k': 0.013930721937333756, 'fuel_half': 5.940545235233705}.
[I 2026-08-19 12:56:35,380] Trial 242 finished with values: [-0.3984822923349642, 0.013127176426359077] and parameters: {'k1': 0.0003944671255903532, 'D_low': 2.400213216646464, 'k2': 0.09116768553735347, 'D_high': 4697.118642896208, 'fire_exp': 1.010722707674549, 'P_half': 10.436686039715203, 'pre_dampen_half': 30.11226646948154, 'gpp_af': 0.4863825828994064, 'gpp_b': 0.05825704883392061, 'gpp_d': 0.5391752791214324, 'ign_k': 0.04439802552990466, 'ign_c': 89.12611835816996, 'trop_agb_crit': 23.606263788786194, 'trop_k_veg': 0.9320112612196061, 'pop_amp': 0.1637739717999209, 'pop_peak': 1.7540561899430882, 'pop_sig': 0.3752554385661973, 'fuel_k': 0.24240470828760216, 'fuel_half': 0.3497028715561063}.
[I 2026-08-19 12:56:37,732] Trial 243 finished with values: [-0.3554625854118624, 0.0] and parameters: {'k1': 0.0003944671255903532, 'D_low': 716328.9063135319, 'k2': 0.0002191739661157602, 'D_high': 656327.636151562, 'fire_exp': 6.2400230621325194, 'P_half': 21.577279477693462, 'pre_dampen_half': 0.9791370130598966, 'gpp_af': 2.678097821057557, 'gpp_b': 3.3047126165675627, 'gpp_d': 650.4921701204659, 'ign_k': 3.786246697870458, 'ign_c': 158.27817125573188, 'trop_agb_crit': 4.655654379631494, 'trop_k_veg': 0.8084202024508578, 'pop_amp': 0.004708042915737182, 'pop_peak': 17.752903906339686, 'pop_sig': 0.36430395093166756, 'fuel_k': 0.24240470828760216, 'fuel_half': 1.4902001746322424}.
[I 2026-08-19 12:56:40,160] Trial 244 finished with values: [-0.4053871777444297, 1.1627219964616131e-08] and parameters: {'k1': 1.8064907756357243e-05, 'D_low': 50340.563942871704, 'k2': 0.0003856302813879373, 'D_high': 24493.271671328574, 'fire_exp': 4.3161213924316595, 'P_half': 6281.776703992854, 'pre_dampen_half': 0.7465571739720183, 'gpp_af': 1.3467890557370734, 'gpp_b': 0.004411400434514031, 'gpp_d': 1.0088237648985734, 'ign_k': 0.43129510236174595, 'ign_c': 0.4484744524732794, 'trop_agb_crit': 1.271272336700571, 'trop_k_veg': 5.453348988480011, 'pop_amp': 11.72926995754655, 'pop_peak': 16.535158037880507, 'pop_sig': 2.1785636353327757, 'fuel_k': 0.022805907608636752, 'fuel_half': 1.4605276344629996}.
[I 2026-08-19 12:56:42,455] Trial 245 finished with values: [-0.36555046799402613, 9.611356637795332e-06] and parameters: {'k1': 0.06646698709242517, 'D_low': 148855.78028512435, 'k2': 0.017300724838654365, 'D_high': 6543576.946931886, 'fire_exp': 3.5551454262051103, 'P_half': 10.436686039715203, 'pre_dampen_half': 1.1022143612695974, 'gpp_af': 0.07302012718529301, 'gpp_b': 0.05825704883392061, 'gpp_d': 8.347790852520644, 'ign_k': 0.09627265309234109, 'ign_c': 0.13492881864712067, 'trop_agb_crit': 23.606263788786194, 'trop_k_veg': 3.324264218444254, 'pop_amp': 0.002125402124061224, 'pop_peak': 229.1060059125936, 'pop_sig': 1.0424917012813995, 'fuel_k': 4.933714965050281, 'fuel_half': 5.987194322342231}.
[I 2026-08-19 12:56:44,692] Trial 246 finished with values: [-0.39430088999039076, 0.0004132140079395885] and parameters: {'k1': 0.006117912981900519, 'D_low': 1.8677210807213769, 'k2': 1.2748758606816134e-05, 'D_high': 577.4987726789047, 'fire_exp': 3.7695400350033266, 'P_half': 267.2146013620241, 'pre_dampen_half': 300.3420512048734, 'gpp_af': 36.830088529547496, 'gpp_b': 1.1615179049175124e-05, 'gpp_d': 424.46566361752417, 'ign_k': 0.0023181776112903506, 'ign_c': 225.58738962142354, 'trop_agb_crit': 28.49245476864681, 'trop_k_veg': 4.541505658710469, 'pop_amp': 0.0034369873301918173, 'pop_peak': 1.421337820414783, 'pop_sig': 0.7020782687730053, 'fuel_k': 0.06525050422102326, 'fuel_half': 99.80516566417303}.
[I 2026-08-19 12:56:47,054] Trial 247 finished with values: [-0.40482084695116305, 0.00036639059498466686] and parameters: {'k1': 1.844951990812239e-05, 'D_low': 27972.024228472703, 'k2': 0.0007406380926311093, 'D_high': 47914.651670344254, 'fire_exp': 1.3796609641485171, 'P_half': 9218.802364707573, 'pre_dampen_half': 0.2571419084734534, 'gpp_af': 51.72004221341863, 'gpp_b': 9.67374839440457e-05, 'gpp_d': 10.931606102061748, 'ign_k': 0.11239682517242118, 'ign_c': 0.8369109437186465, 'trop_agb_crit': 3.544180417534903, 'trop_k_veg': 0.9214289532364537, 'pop_amp': 0.00633689568192959, 'pop_peak': 0.17274196344453516, 'pop_sig': 1.804482856986987, 'fuel_k': 0.11148299766359336, 'fuel_half': 17.890117928710357}.
[I 2026-08-19 12:56:49,392] Trial 248 finished with values: [-0.3554625854118624, 0.0] and parameters: {'k1': 0.0001605134748709758, 'D_low': 30595.410256046172, 'k2': 0.0010253722513378382, 'D_high': 247.32964314480043, 'fire_exp': 7.935505066763017, 'P_half': 34.32139136241585, 'pre_dampen_half': 0.19528422543904064, 'gpp_af': 34.069091670272684, 'gpp_b': 0.05564523431150192, 'gpp_d': 0.03841405939530548, 'ign_k': 5.745508803834169, 'ign_c': 32.42143344038314, 'trop_agb_crit': 3.1238933725088973, 'trop_k_veg': 0.7356483920677926, 'pop_amp': 2.6009149822160467, 'pop_peak': 23.22317137615721, 'pop_sig': 1.1341661288451261, 'fuel_k': 3.0434684030233257, 'fuel_half': 0.9453011640218002}.
[I 2026-08-19 12:56:51,584] Trial 249 finished with values: [-0.34163648089113663, 0.7941267154481482] and parameters: {'k1': 0.005456725485601475, 'D_low': 131.8600900985155, 'k2': 0.0021608491389795734, 'D_high': 9355.38060645217, 'fire_exp': 1.0824018381500955, 'P_half': 4337.920697490941, 'pre_dampen_half': 30.960543083273937, 'gpp_af': 2.0540519425388455, 'gpp_b': 0.0007417652034871827, 'gpp_d': 117.2128156438701, 'ign_k': 0.1537592023548176, 'ign_c': 0.4471649524144918, 'trop_agb_crit': 22.15898715394987, 'trop_k_veg': 4.288672925586801, 'pop_amp': 10.985330528057915, 'pop_peak': 352.89806695809773, 'pop_sig': 1.0264911386548754, 'fuel_k': 3.640039183945803, 'fuel_half': 0.18427970406864538}.
  trial  250/2500  pareto_size=20  best_ilamb=0.6094  (11.2 min)
[I 2026-08-19 12:56:53,972] Trial 250 finished with values: [-0.38118545454034597, 1.3988810110276972e-14] and parameters: {'k1': 0.011069082134755388, 'D_low': 286.06841726052676, 'k2': 0.0002191739661157602, 'D_high': 24493.271671328574, 'fire_exp': 3.7695400350033266, 'P_half': 6220.327170121322, 'pre_dampen_half': 1.8469033699850426, 'gpp_af': 0.005018406982902927, 'gpp_b': 1.624829724391053, 'gpp_d': 1.0088237648985734, 'ign_k': 0.17320535908244444, 'ign_c': 0.28376065854345905, 'trop_agb_crit': 1.257433437731036, 'trop_k_veg': 5.453348988480011, 'pop_amp': 2.1219303004144856, 'pop_peak': 1.421337820414783, 'pop_sig': 0.2777678917098414, 'fuel_k': 0.27631890369709744, 'fuel_half': 0.26185943242515625}.
[I 2026-08-19 12:56:56,468] Trial 251 finished with values: [-0.3554625854118624, 0.0] and parameters: {'k1': 0.0010319747789063166, 'D_low': 342764.856116651, 'k2': 1.4363112408604443e-05, 'D_high': 82.2686285455994, 'fire_exp': 4.2452218366067225, 'P_half': 267.2146013620241, 'pre_dampen_half': 1.3202414283299975, 'gpp_af': 4.810842933781432, 'gpp_b': 4.038332634638232, 'gpp_d': 0.24231943110844462, 'ign_k': 1.6780508579130993, 'ign_c': 0.28376065854345905, 'trop_agb_crit': 1.8730954962803803, 'trop_k_veg': 0.8934118487032162, 'pop_amp': 0.0034369873301918173, 'pop_peak': 6.066216377694156, 'pop_sig': 1.0379938495926444, 'fuel_k': 0.27631890369709744, 'fuel_half': 2.441204424432468}.
[I 2026-08-19 12:56:59,611] Trial 252 finished with values: [-0.36873841254018824, 3.1168401193326645e-12] and parameters: {'k1': 0.0011375171592588656, 'D_low': 50340.563942871704, 'k2': 0.0003856302813879373, 'D_high': 24493.271671328574, 'fire_exp': 1.010722707674549, 'P_half': 21.577279477693462, 'pre_dampen_half': 0.05437101051096082, 'gpp_af': 36.830088529547496, 'gpp_b': 3.120946138849641e-05, 'gpp_d': 1.0088237648985734, 'ign_k': 0.17320535908244444, 'ign_c': 89.12611835816996, 'trop_agb_crit': 1.8566494291193822, 'trop_k_veg': 5.453348988480011, 'pop_amp': 11.72926995754655, 'pop_peak': 0.2017438358845408, 'pop_sig': 0.2977167961863623, 'fuel_k': 0.6153584041797165, 'fuel_half': 5.430507564500919}.
[I 2026-08-19 12:57:02,211] Trial 253 finished with values: [-0.3962556656902302, 2.594369163944066e-12] and parameters: {'k1': 4.042960692360327e-05, 'D_low': 716328.9063135319, 'k2': 9.861808369679773e-05, 'D_high': 290855.8180038407, 'fire_exp': 1.0802702964942565, 'P_half': 6220.327170121322, 'pre_dampen_half': 65.77017096798056, 'gpp_af': 24.20071425273804, 'gpp_b': 0.0011284712324279547, 'gpp_d': 650.4921701204659, 'ign_k': 0.0027703009300353663, 'ign_c': 243.11355106292382, 'trop_agb_crit': 1.542823384648628, 'trop_k_veg': 0.8084202024508578, 'pop_amp': 0.004708042915737182, 'pop_peak': 0.22068324240460466, 'pop_sig': 0.42382971672762476, 'fuel_k': 1.0151421859083098, 'fuel_half': 14.458046248526905}.
[I 2026-08-19 12:57:04,764] Trial 254 finished with values: [-0.35547601985421035, 0.0] and parameters: {'k1': 0.05217998579193211, 'D_low': 2190.672003635833, 'k2': 0.0019339745640818936, 'D_high': 1125.2084792690184, 'fire_exp': 5.881565436248893, 'P_half': 5347.027553411488, 'pre_dampen_half': 0.4153327541909818, 'gpp_af': 0.13402388198950174, 'gpp_b': 0.011108675282673156, 'gpp_d': 0.043181981126981975, 'ign_k': 0.015990213696558658, 'ign_c': 27.70002555743451, 'trop_agb_crit': 2.0835015454357144, 'trop_k_veg': 2.5052470616811733, 'pop_amp': 0.004612311905749002, 'pop_peak': 5.866350595696869, 'pop_sig': 0.8521762792373568, 'fuel_k': 0.3176626387065175, 'fuel_half': 8.17127270071559}.
[I 2026-08-19 12:57:06,958] Trial 255 finished with values: [-0.3908588368016317, 1.1237353144677442e-06] and parameters: {'k1': 0.0029070516815839368, 'D_low': 26637.521271705016, 'k2': 0.0002001342062287998, 'D_high': 46.00919967107137, 'fire_exp': 1.1633452995374232, 'P_half': 2065.142557895925, 'pre_dampen_half': 0.607808309968195, 'gpp_af': 0.11134482360128048, 'gpp_b': 0.0004837646996135023, 'gpp_d': 1.0088237648985734, 'ign_k': 0.3818468247973969, 'ign_c': 5.141531903173451, 'trop_agb_crit': 1.5606886281529262, 'trop_k_veg': 3.291143953379188, 'pop_amp': 0.008683934086503814, 'pop_peak': 0.05281056279423359, 'pop_sig': 0.4663206866626952, 'fuel_k': 0.9199338799678547, 'fuel_half': 1.9255395572015603}.
[I 2026-08-19 12:57:09,395] Trial 256 finished with values: [-0.3554625854118624, 0.0] and parameters: {'k1': 0.024933463261727313, 'D_low': 286.06841726052676, 'k2': 0.0016150602315370215, 'D_high': 6590619.977704126, 'fire_exp': 1.9699978833710656, 'P_half': 5973.616786647811, 'pre_dampen_half': 0.015744687922205295, 'gpp_af': 0.005018406982902927, 'gpp_b': 3.5603271368816607, 'gpp_d': 0.07996072545031489, 'ign_k': 0.18697387216131534, 'ign_c': 459.14852167405303, 'trop_agb_crit': 4.247094312974337, 'trop_k_veg': 3.45738453011802, 'pop_amp': 0.08948751108227998, 'pop_peak': 472.9614768905901, 'pop_sig': 2.338827834943534, 'fuel_k': 0.045267226874378445, 'fuel_half': 2.6463217726266444}.
[I 2026-08-19 12:57:11,794] Trial 257 finished with values: [-0.4033766585386017, 3.8839043092764314e-11] and parameters: {'k1': 0.0029070516815839368, 'D_low': 1.6569065206637925, 'k2': 0.0003856302813879373, 'D_high': 24493.271671328574, 'fire_exp': 5.881565436248893, 'P_half': 6281.776703992854, 'pre_dampen_half': 0.09467055845337147, 'gpp_af': 0.13402388198950174, 'gpp_b': 0.0004837646996135023, 'gpp_d': 0.16294786031575217, 'ign_k': 0.002879700348528891, 'ign_c': 0.5110256715654393, 'trop_agb_crit': 2.6689615974393592, 'trop_k_veg': 2.5052470616811733, 'pop_amp': 0.004612311905749002, 'pop_peak': 0.5393162598439744, 'pop_sig': 0.8521762792373568, 'fuel_k': 0.013930721937333756, 'fuel_half': 1.9255395572015603}.
  trial  258/2500  pareto_size=20  best_ilamb=0.6094  (11.5 min)
[I 2026-08-19 12:57:14,814] Trial 258 finished with values: [-0.5295418130296752, 0.178256573412925] and parameters: {'k1': 0.0007158031739371039, 'D_low': 1368.9795993592197, 'k2': 0.0021608491389795734, 'D_high': 1661855.441285105, 'fire_exp': 1.0501937052663004, 'P_half': 267.2146013620241, 'pre_dampen_half': 4.412509669839992, 'gpp_af': 49.583649914027546, 'gpp_b': 0.620439464939785, 'gpp_d': 117.2128156438701, 'ign_k': 0.025284086172415596, 'ign_c': 0.19678273362633986, 'trop_agb_crit': 28.49245476864681, 'trop_k_veg': 4.891066132801691, 'pop_amp': 0.0021433490423168255, 'pop_peak': 1.421337820414783, 'pop_sig': 1.0264911386548754, 'fuel_k': 0.27631890369709744, 'fuel_half': 1.7918446176734728}.
[I 2026-08-19 12:57:17,910] Trial 259 finished with values: [-0.422157643203761, 0.042024160026152724] and parameters: {'k1': 0.005456725485601475, 'D_low': 1.6569065206637925, 'k2': 4.775640431359603e-05, 'D_high': 24493.271671328574, 'fire_exp': 1.1633452995374232, 'P_half': 1265.0580856641704, 'pre_dampen_half': 1.8469033699850426, 'gpp_af': 2.0540519425388455, 'gpp_b': 0.004411400434514031, 'gpp_d': 1.0088237648985734, 'ign_k': 0.1537592023548176, 'ign_c': 0.4177928311636542, 'trop_agb_crit': 17.69486533706496, 'trop_k_veg': 2.1127115290278726, 'pop_amp': 0.028148857368712865, 'pop_peak': 352.89806695809773, 'pop_sig': 0.9904669476016459, 'fuel_k': 3.640039183945803, 'fuel_half': 1.683458881839943}.
[I 2026-08-19 12:57:20,129] Trial 260 finished with values: [-0.4129747223006204, 4.633538330800491e-09] and parameters: {'k1': 1.844951990812239e-05, 'D_low': 82151.19893998209, 'k2': 0.0067445742055710165, 'D_high': 1124534.1807254362, 'fire_exp': 1.8713074096420792, 'P_half': 267.2146013620241, 'pre_dampen_half': 0.6380717024176037, 'gpp_af': 0.0028701881471957036, 'gpp_b': 3.1906667956153174, 'gpp_d': 118.26972885708257, 'ign_k': 6.32338195106678, 'ign_c': 6.0816733722841345, 'trop_agb_crit': 28.49245476864681, 'trop_k_veg': 5.691473319778836, 'pop_amp': 0.0034369873301918173, 'pop_peak': 70.5165740192732, 'pop_sig': 1.6014049129068106, 'fuel_k': 0.6763941362086655, 'fuel_half': 5.940545235233705}.
[I 2026-08-19 12:57:22,532] Trial 261 finished with values: [-0.4578703508908479, 0.1864616629578253] and parameters: {'k1': 0.025628666000163555, 'D_low': 94037.30955579376, 'k2': 0.0019856031481305684, 'D_high': 248560.76864946447, 'fire_exp': 1.010722707674549, 'P_half': 1.332700437360483, 'pre_dampen_half': 1.8469033699850426, 'gpp_af': 5.966041614891422, 'gpp_b': 0.0038487982105145655, 'gpp_d': 3.032712462969173, 'ign_k': 0.17320535908244444, 'ign_c': 0.9882278532808775, 'trop_agb_crit': 1.050713312531254, 'trop_k_veg': 1.321659218733981, 'pop_amp': 1.1784449905844594, 'pop_peak': 22.559480962619226, 'pop_sig': 0.7824044734208029, 'fuel_k': 0.6153584041797165, 'fuel_half': 17.890117928710357}.
[I 2026-08-19 12:57:24,743] Trial 262 finished with values: [-0.3554625854118624, 0.0] and parameters: {'k1': 0.024933463261727313, 'D_low': 16402.29067110099, 'k2': 0.00126695365637823, 'D_high': 212.44995866006457, 'fire_exp': 1.8720063885874743, 'P_half': 267.2146013620241, 'pre_dampen_half': 372.8155624293852, 'gpp_af': 3.37190913251739, 'gpp_b': 0.028780534359197463, 'gpp_d': 0.23457196365169425, 'ign_k': 0.6083019192425827, 'ign_c': 39.930315840566834, 'trop_agb_crit': 16.812382192913706, 'trop_k_veg': 0.8861882400007739, 'pop_amp': 0.007215028764483883, 'pop_peak': 0.1939631395974494, 'pop_sig': 1.8528333992769594, 'fuel_k': 0.27631890369709744, 'fuel_half': 5.430507564500919}.
[I 2026-08-19 12:57:26,885] Trial 263 finished with values: [-0.37619926284513105, 0.007670093792746191] and parameters: {'k1': 0.0007158031739371039, 'D_low': 131.8600900985155, 'k2': 0.0021608491389795734, 'D_high': 74308.20019313856, 'fire_exp': 5.881565436248893, 'P_half': 5.59983195169599, 'pre_dampen_half': 30.960543083273937, 'gpp_af': 3.4188975296675026, 'gpp_b': 6.685373335828937e-05, 'gpp_d': 0.5073781437488637, 'ign_k': 0.5481818979974936, 'ign_c': 27.70002555743451, 'trop_agb_crit': 22.15898715394987, 'trop_k_veg': 4.891066132801691, 'pop_amp': 0.00522940474257961, 'pop_peak': 5.866350595696869, 'pop_sig': 0.3677555409697998, 'fuel_k': 0.14519190859804215, 'fuel_half': 62.83266061384217}.
[I 2026-08-19 12:57:28,975] Trial 264 finished with values: [-0.36904882924278504, 0.0] and parameters: {'k1': 0.08924795116437424, 'D_low': 30595.410256046172, 'k2': 1.2748758606816134e-05, 'D_high': 4137.7016715719255, 'fire_exp': 6.464773756830049, 'P_half': 8894.151386481904, 'pre_dampen_half': 0.015253065480601964, 'gpp_af': 0.9346598275601615, 'gpp_b': 0.262066851092946, 'gpp_d': 2.3230017312141893, 'ign_k': 0.0023181776112903506, 'ign_c': 225.58738962142354, 'trop_agb_crit': 9.561362341798622, 'trop_k_veg': 0.8084202024508578, 'pop_amp': 0.004708042915737182, 'pop_peak': 10.679600530994481, 'pop_sig': 0.7020782687730053, 'fuel_k': 0.9666195090843235, 'fuel_half': 9.562955396652193}.
[I 2026-08-19 12:57:31,136] Trial 265 finished with values: [-0.3573649330584017, 0.00010607006547769249] and parameters: {'k1': 0.011069082134755388, 'D_low': 621.7103663128163, 'k2': 0.001481080073036349, 'D_high': 1661855.441285105, 'fire_exp': 1.0501937052663004, 'P_half': 5347.027553411488, 'pre_dampen_half': 4.412509669839992, 'gpp_af': 49.583649914027546, 'gpp_b': 0.13406466700501582, 'gpp_d': 0.043181981126981975, 'ign_k': 0.025284086172415596, 'ign_c': 120.2193048491502, 'trop_agb_crit': 2.0835015454357144, 'trop_k_veg': 2.5117307861546383, 'pop_amp': 0.0023285309081692643, 'pop_peak': 286.20780896012474, 'pop_sig': 1.0264911386548754, 'fuel_k': 0.3176626387065175, 'fuel_half': 1.7918446176734728}.
[I 2026-08-19 12:57:33,616] Trial 266 finished with values: [-0.4825415838192459, 0.271792137293714] and parameters: {'k1': 4.042960692360327e-05, 'D_low': 2.1309331861011747, 'k2': 0.05588805005991981, 'D_high': 290855.8180038407, 'fire_exp': 1.010722707674549, 'P_half': 1.332700437360483, 'pre_dampen_half': 65.77017096798056, 'gpp_af': 0.01942738928156656, 'gpp_b': 0.004411400434514031, 'gpp_d': 3.032712462969173, 'ign_k': 0.0027703009300353663, 'ign_c': 243.11355106292382, 'trop_agb_crit': 1.542823384648628, 'trop_k_veg': 0.8084202024508578, 'pop_amp': 0.004708042915737182, 'pop_peak': 0.22068324240460466, 'pop_sig': 0.7824044734208029, 'fuel_k': 0.6153584041797165, 'fuel_half': 14.458046248526905}.
  trial  267/2500  pareto_size=18  best_ilamb=0.6094  (11.9 min)
[I 2026-08-19 12:57:36,909] Trial 267 finished with values: [-0.5290699132900011, 0.086983994105301] and parameters: {'k1': 0.09372580613581186, 'D_low': 2.400213216646464, 'k2': 0.09116768553735347, 'D_high': 6543576.946931886, 'fire_exp': 6.454675979546216, 'P_half': 10.436686039715203, 'pre_dampen_half': 30.11226646948154, 'gpp_af': 0.18737227240512885, 'gpp_b': 0.05825704883392061, 'gpp_d': 8.347790852520644, 'ign_k': 0.04439802552990466, 'ign_c': 0.13492881864712067, 'trop_agb_crit': 23.606263788786194, 'trop_k_veg': 6.972354563243685, 'pop_amp': 6.746076139939917, 'pop_peak': 4.557885026195722, 'pop_sig': 1.0424917012813995, 'fuel_k': 4.04437775870989, 'fuel_half': 0.3497028715561063}.
[I 2026-08-19 12:57:40,506] Trial 268 finished with values: [-0.3752167764412605, 3.1252860510644354e-07] and parameters: {'k1': 0.0007158031739371039, 'D_low': 131.8600900985155, 'k2': 0.0021608491389795734, 'D_high': 24493.271671328574, 'fire_exp': 9.42746237183547, 'P_half': 1265.0580856641704, 'pre_dampen_half': 30.960543083273937, 'gpp_af': 0.4791614072461613, 'gpp_b': 0.0007197235239700669, 'gpp_d': 0.050654860639753524, 'ign_k': 0.17320535908244444, 'ign_c': 0.4471649524144918, 'trop_agb_crit': 22.15898715394987, 'trop_k_veg': 0.5443513380244235, 'pop_amp': 12.165162567684659, 'pop_peak': 66.11673186504072, 'pop_sig': 0.4663206866626952, 'fuel_k': 0.9199338799678547, 'fuel_half': 1.7895437790635824}.
[I 2026-08-19 12:57:43,804] Trial 269 finished with values: [-0.3554625854118624, 0.0] and parameters: {'k1': 0.0004846497679219079, 'D_low': 716328.9063135319, 'k2': 3.077180271250682e-05, 'D_high': 2979751.682713254, 'fire_exp': 1.8678802571070678, 'P_half': 4337.920697490941, 'pre_dampen_half': 65.77017096798056, 'gpp_af': 0.11134482360128048, 'gpp_b': 0.0007417652034871827, 'gpp_d': 0.050654860639753524, 'ign_k': 1.6172900811143154, 'ign_c': 243.11355106292382, 'trop_agb_crit': 1.542823384648628, 'trop_k_veg': 3.291143953379188, 'pop_amp': 0.004708042915737182, 'pop_peak': 0.22068324240460466, 'pop_sig': 0.42382971672762476, 'fuel_k': 1.0151421859083098, 'fuel_half': 0.18427970406864538}.
