[I 2026-06-11 12:38:40,473] Trial 490 finished with values: [-0.5801655622765296, 0.6591815785456503] and parameters: {'k1': 0.004312951023617458, 'D_low': 5.59983195169599, 'k2': 0.0027431991397796683, 'D_high': 15000.328053766281, 'fire_exp': 2.2703704516008885, 'P_half': 136.0956887810302, 'pre_dampen_half': 347.79988160923324, 'gpp_af': 0.015769192447197523, 'gpp_b': 1.7565109007473816e-05, 'gpp_d': 6.913948698657619, 'ign_k': 4.591485216740537, 'ign_c': 0.9294394155644988, 'trop_agb_crit': 24.584290528289387, 'trop_k_veg': 4.1309639246402785, 'fuel_k': 0.04572914063536324, 'fuel_half': 81.8794158253808}.
[I 2026-06-11 12:38:41,848] Trial 491 finished with values: [-0.7079674956707507, 0.6809271849204224] and parameters: {'k1': 0.003242143344038315, 'D_low': 5.59983195169599, 'k2': 0.005259118659251229, 'D_high': 9996.359851911324, 'fire_exp': 1.1258453832483524, 'P_half': 136.0956887810302, 'pre_dampen_half': 294.75617712568373, 'gpp_af': 0.008562341633595545, 'gpp_b': 7.402343469704428e-05, 'gpp_d': 2.8006820077310213, 'ign_k': 0.5131654955148326, 'ign_c': 0.11650681118986138, 'trop_agb_crit': 19.189415375617013, 'trop_k_veg': 0.9369104721775232, 'fuel_k': 1.3128815679924584, 'fuel_half': 81.8794158253808}.
[I 2026-06-11 12:38:43,214] Trial 492 finished with values: [10.067512612557579, 10.067512612557579] and parameters: {'k1': 0.004312951023617458, 'D_low': 338.23872019362165, 'k2': 0.03865036856259725, 'D_high': 1390.2686711035008, 'fire_exp': 1.2310899049053081, 'P_half': 16.051347487097576, 'pre_dampen_half': 502.5175192217655, 'gpp_af': 0.7539992074650279, 'gpp_b': 0.00010318352929732131, 'gpp_d': 9.004606022643067, 'ign_k': 0.5131654955148326, 'ign_c': 3.0378658251922155, 'trop_agb_crit': 13.365572767895445, 'trop_k_veg': 0.5772603928610088, 'fuel_k': 1.6460650207153917, 'fuel_half': 52.00581729114123}.
[I 2026-06-11 12:38:44,597] Trial 493 finished with values: [-0.5861745692570206, 0.8532919808429085] and parameters: {'k1': 0.003242143344038315, 'D_low': 338.23872019362165, 'k2': 0.0034207303670092245, 'D_high': 89263.11370835223, 'fire_exp': 1.2310899049053081, 'P_half': 136.0956887810302, 'pre_dampen_half': 294.75617712568373, 'gpp_af': 0.008562341633595545, 'gpp_b': 1.7565109007473816e-05, 'gpp_d': 9.004606022643067, 'ign_k': 0.6454459531371669, 'ign_c': 0.11650681118986138, 'trop_agb_crit': 24.584290528289387, 'trop_k_veg': 1.4584243470991722, 'fuel_k': 1.3128815679924584, 'fuel_half': 42.6871254378718}.
[I 2026-06-11 12:38:45,899] Trial 494 finished with values: [10.763767493431775, 10.763767493431775] and parameters: {'k1': 0.0015974581244256687, 'D_low': 5.59983195169599, 'k2': 0.0007081721844034209, 'D_high': 89263.11370835223, 'fire_exp': 2.726360712292888, 'P_half': 2.0915073038472545, 'pre_dampen_half': 347.79988160923324, 'gpp_af': 42.29037995744429, 'gpp_b': 2.3382984208508275, 'gpp_d': 2.8006820077310213, 'ign_k': 0.1550134937334847, 'ign_c': 0.13670484737132343, 'trop_agb_crit': 19.28597237496244, 'trop_k_veg': 2.8224577471047865, 'fuel_k': 0.03743055596010634, 'fuel_half': 28.412055118924737}.
[I 2026-06-11 12:38:47,279] Trial 495 finished with values: [-0.5470824599867072, 0.8402451986001245] and parameters: {'k1': 0.003242143344038315, 'D_low': 166.51532285161684, 'k2': 1.915468390724633e-05, 'D_high': 15000.328053766281, 'fire_exp': 1.0629462657398439, 'P_half': 3.0257721519613185, 'pre_dampen_half': 502.5175192217655, 'gpp_af': 0.008562341633595545, 'gpp_b': 1.7565109007473816e-05, 'gpp_d': 79.2966690166476, 'ign_k': 0.5131654955148326, 'ign_c': 0.15178052094448868, 'trop_agb_crit': 5.707205898008383, 'trop_k_veg': 4.1309639246402785, 'fuel_k': 3.6992394681929337, 'fuel_half': 81.8794158253808}.
[I 2026-06-11 12:38:48,560] Trial 496 finished with values: [10.360454913987292, 10.360454913987292] and parameters: {'k1': 0.00013783578294796384, 'D_low': 125.61043700013555, 'k2': 0.0027431991397796683, 'D_high': 1506.4557931192924, 'fire_exp': 1.1258453832483524, 'P_half': 136.0956887810302, 'pre_dampen_half': 347.79988160923324, 'gpp_af': 0.06789053271698488, 'gpp_b': 1.7565109007473816e-05, 'gpp_d': 2.8006820077310213, 'ign_k': 0.006290644294586149, 'ign_c': 0.10544710041137256, 'trop_agb_crit': 29.789943908227905, 'trop_k_veg': 4.1309639246402785, 'fuel_k': 0.04572914063536324, 'fuel_half': 42.6871254378718}.
[I 2026-06-11 12:38:49,989] Trial 497 finished with values: [10.310913266864636, 10.310913266864636] and parameters: {'k1': 0.00019876655910112227, 'D_low': 29.23116601611836, 'k2': 1.915468390724633e-05, 'D_high': 3712.591045287726, 'fire_exp': 1.182396148413737, 'P_half': 24.184227958471602, 'pre_dampen_half': 502.5175192217655, 'gpp_af': 0.8226361776146098, 'gpp_b': 1.7565109007473816e-05, 'gpp_d': 0.9568931772917477, 'ign_k': 0.34703605955441524, 'ign_c': 14.452451441203321, 'trop_agb_crit': 3.575594457014808, 'trop_k_veg': 0.5772603928610088, 'fuel_k': 0.04572914063536324, 'fuel_half': 42.6871254378718}.
[I 2026-06-11 12:38:51,209] Trial 498 finished with values: [-0.7533624654282762, 0.3219956297659292] and parameters: {'k1': 0.004312951023617458, 'D_low': 5.59983195169599, 'k2': 0.006051580666890612, 'D_high': 1919.1689944397538, 'fire_exp': 1.2310899049053081, 'P_half': 10.226988730324324, 'pre_dampen_half': 502.5175192217655, 'gpp_af': 0.0876577878178163, 'gpp_b': 0.004922228103935987, 'gpp_d': 9.004606022643067, 'ign_k': 0.5131654955148326, 'ign_c': 0.11650681118986138, 'trop_agb_crit': 26.402883285404346, 'trop_k_veg': 1.4584243470991722, 'fuel_k': 0.030315034760496778, 'fuel_half': 81.8794158253808}.
[I 2026-06-11 12:38:52,430] Trial 499 finished with values: [10.157004981649504, 10.157004981649504] and parameters: {'k1': 0.003242143344038315, 'D_low': 19.987581927614485, 'k2': 0.0034207303670092245, 'D_high': 15000.328053766281, 'fire_exp': 1.2310899049053081, 'P_half': 24.184227958471602, 'pre_dampen_half': 502.5175192217655, 'gpp_af': 0.008562341633595545, 'gpp_b': 0.00012118589392553798, 'gpp_d': 302.3127748796293, 'ign_k': 0.003338063875587391, 'ign_c': 3.0378658251922155, 'trop_agb_crit': 5.707205898008383, 'trop_k_veg': 0.9369104721775232, 'fuel_k': 1.8731335591844642, 'fuel_half': 42.6871254378718}.
[I 2026-06-11 12:38:53,716] Trial 500 finished with values: [10.032581848418591, 10.032581848418591] and parameters: {'k1': 0.00013783578294796384, 'D_low': 1.4045842344024697, 'k2': 1.127217425995114e-05, 'D_high': 1024.9816559563214, 'fire_exp': 1.0881360604103363, 'P_half': 13.019246714361572, 'pre_dampen_half': 347.79988160923324, 'gpp_af': 0.049802479194577566, 'gpp_b': 0.0054502936945582505, 'gpp_d': 16.460426816350523, 'ign_k': 0.6454459531371669, 'ign_c': 15.221840161091626, 'trop_agb_crit': 24.584290528289387, 'trop_k_veg': 1.140286245977296, 'fuel_k': 4.680936683972861, 'fuel_half': 0.6370755274604819}.
[I 2026-06-11 12:38:54,868] Trial 501 finished with values: [10.307271972111762, 10.307271972111762] and parameters: {'k1': 0.004312951023617458, 'D_low': 19.987581927614485, 'k2': 0.012413450098922581, 'D_high': 1390.2686711035008, 'fire_exp': 1.0629462657398439, 'P_half': 8.91613269954689, 'pre_dampen_half': 502.5175192217655, 'gpp_af': 42.29037995744429, 'gpp_b': 1.7565109007473816e-05, 'gpp_d': 20.84599542460349, 'ign_k': 0.031117676855667385, 'ign_c': 0.1867876836333246, 'trop_agb_crit': 24.584290528289387, 'trop_k_veg': 0.9389228405367726, 'fuel_k': 3.6992394681929337, 'fuel_half': 52.00581729114123}.
[I 2026-06-11 12:38:55,928] Trial 502 finished with values: [-0.3962115387379337, 0.7668810032968525] and parameters: {'k1': 0.00013649087666416944, 'D_low': 2757.3353505786354, 'k2': 0.0034207303670092245, 'D_high': 15000.328053766281, 'fire_exp': 1.0889492364376547, 'P_half': 220.3445560633069, 'pre_dampen_half': 502.5175192217655, 'gpp_af': 0.7539992074650279, 'gpp_b': 1.7565109007473816e-05, 'gpp_d': 79.2966690166476, 'ign_k': 0.34703605955441524, 'ign_c': 0.15178052094448868, 'trop_agb_crit': 3.575594457014808, 'trop_k_veg': 0.5772603928610088, 'fuel_k': 0.24991287225033346, 'fuel_half': 37.108168807575375}.
[I 2026-06-11 12:38:56,959] Trial 503 finished with values: [10.121638059101254, 10.121638059101254] and parameters: {'k1': 0.004312951023617458, 'D_low': 4.484744524732794, 'k2': 1.915468390724633e-05, 'D_high': 3712.591045287726, 'fire_exp': 1.0629462657398439, 'P_half': 38.82837025280678, 'pre_dampen_half': 347.79988160923324, 'gpp_af': 0.049802479194577566, 'gpp_b': 0.00012118589392553798, 'gpp_d': 302.3127748796293, 'ign_k': 0.0680787482656459, 'ign_c': 15.221840161091626, 'trop_agb_crit': 24.584290528289387, 'trop_k_veg': 4.1309639246402785, 'fuel_k': 3.6992394681929337, 'fuel_half': 52.00581729114123}.
[I 2026-06-11 12:38:58,022] Trial 504 finished with values: [10.640003767961607, 10.640003767961607] and parameters: {'k1': 0.004312951023617458, 'D_low': 2.2281634177046414, 'k2': 0.00010939944910100016, 'D_high': 89263.11370835223, 'fire_exp': 1.0629462657398439, 'P_half': 220.3445560633069, 'pre_dampen_half': 0.023226277943865486, 'gpp_af': 0.005618069878716736, 'gpp_b': 1.7565109007473816e-05, 'gpp_d': 9.004606022643067, 'ign_k': 0.5131654955148326, 'ign_c': 15.221840161091626, 'trop_agb_crit': 24.584290528289387, 'trop_k_veg': 2.639166174475906, 'fuel_k': 0.09252659617259135, 'fuel_half': 52.00581729114123}.
[I 2026-06-11 12:38:59,288] Trial 505 finished with values: [10.105428408493523, 10.105428408493523] and parameters: {'k1': 0.00013783578294796384, 'D_low': 1.4045842344024697, 'k2': 0.0027431991397796683, 'D_high': 1024.9816559563214, 'fire_exp': 1.1258453832483524, 'P_half': 13.019246714361572, 'pre_dampen_half': 347.79988160923324, 'gpp_af': 0.015769192447197523, 'gpp_b': 7.402343469704428e-05, 'gpp_d': 2.8006820077310213, 'ign_k': 8.761971101023693, 'ign_c': 0.9294394155644988, 'trop_agb_crit': 9.836162684900028, 'trop_k_veg': 4.1309639246402785, 'fuel_k': 0.04572914063536324, 'fuel_half': 15.29850686893745}.
[I 2026-06-11 12:39:00,221] Trial 506 finished with values: [-0.43073215589081026, 0.9141010760333566] and parameters: {'k1': 0.004312951023617458, 'D_low': 5.59983195169599, 'k2': 0.005259118659251229, 'D_high': 30608.522106722474, 'fire_exp': 1.1258453832483524, 'P_half': 4.961134450191397, 'pre_dampen_half': 347.79988160923324, 'gpp_af': 0.06789053271698488, 'gpp_b': 2.711380409817698e-05, 'gpp_d': 2.8006820077310213, 'ign_k': 0.006290644294586149, 'ign_c': 3.0378658251922155, 'trop_agb_crit': 29.789943908227905, 'trop_k_veg': 1.793919400078986, 'fuel_k': 3.6992394681929337, 'fuel_half': 81.8794158253808}.
[I 2026-06-11 12:39:01,153] Trial 507 finished with values: [10.503405389386115, 10.503405389386115] and parameters: {'k1': 0.004312951023617458, 'D_low': 4.484744524732794, 'k2': 1.915468390724633e-05, 'D_high': 89263.11370835223, 'fire_exp': 1.0629462657398439, 'P_half': 2.0915073038472545, 'pre_dampen_half': 518.2609891091987, 'gpp_af': 0.049802479194577566, 'gpp_b': 0.00012118589392553798, 'gpp_d': 16.460426816350523, 'ign_k': 0.1550134937334847, 'ign_c': 0.13670484737132343, 'trop_agb_crit': 24.584290528289387, 'trop_k_veg': 1.140286245977296, 'fuel_k': 3.6992394681929337, 'fuel_half': 38.211294416912246}.
[I 2026-06-11 12:39:02,086] Trial 508 finished with values: [10.068974842117505, 10.068974842117505] and parameters: {'k1': 0.004312951023617458, 'D_low': 4.484744524732794, 'k2': 0.0027431991397796683, 'D_high': 1919.1689944397538, 'fire_exp': 1.0629462657398439, 'P_half': 259.29513803785335, 'pre_dampen_half': 502.5175192217655, 'gpp_af': 0.049802479194577566, 'gpp_b': 0.00012118589392553798, 'gpp_d': 2.8006820077310213, 'ign_k': 0.0680787482656459, 'ign_c': 15.221840161091626, 'trop_agb_crit': 24.584290528289387, 'trop_k_veg': 0.5772603928610088, 'fuel_k': 3.6992394681929337, 'fuel_half': 81.8794158253808}.
[I 2026-06-11 12:39:03,035] Trial 509 finished with values: [10.26906647043563, 10.26906647043563] and parameters: {'k1': 0.004312951023617458, 'D_low': 338.23872019362165, 'k2': 7.67074891445376e-05, 'D_high': 1390.2686711035008, 'fire_exp': 1.2310899049053081, 'P_half': 16.051347487097576, 'pre_dampen_half': 294.75617712568373, 'gpp_af': 42.29037995744429, 'gpp_b': 1.7565109007473816e-05, 'gpp_d': 27.50607428241511, 'ign_k': 4.591485216740537, 'ign_c': 0.1867876836333246, 'trop_agb_crit': 5.707205898008383, 'trop_k_veg': 2.8224577471047865, 'fuel_k': 3.6992394681929337, 'fuel_half': 42.6871254378718}.
[I 2026-06-11 12:39:03,985] Trial 510 finished with values: [10.379547378229905, 10.379547378229905] and parameters: {'k1': 0.004312951023617458, 'D_low': 98.98117700885537, 'k2': 1.915468390724633e-05, 'D_high': 1390.2686711035008, 'fire_exp': 1.2310899049053081, 'P_half': 220.3445560633069, 'pre_dampen_half': 502.5175192217655, 'gpp_af': 0.005618069878716736, 'gpp_b': 0.0005392415140872105, 'gpp_d': 16.460426816350523, 'ign_k': 4.591485216740537, 'ign_c': 15.221840161091626, 'trop_agb_crit': 24.584290528289387, 'trop_k_veg': 1.4584243470991722, 'fuel_k': 3.6992394681929337, 'fuel_half': 52.00581729114123}.
[I 2026-06-11 12:39:04,916] Trial 511 finished with values: [10.431551691195565, 10.431551691195565] and parameters: {'k1': 0.00013783578294796384, 'D_low': 2.2281634177046414, 'k2': 0.00010939944910100016, 'D_high': 21.208987108343724, 'fire_exp': 1.182396148413737, 'P_half': 16.051347487097576, 'pre_dampen_half': 347.79988160923324, 'gpp_af': 0.326288637536534, 'gpp_b': 0.0054502936945582505, 'gpp_d': 9.004606022643067, 'ign_k': 0.47081597932501906, 'ign_c': 15.221840161091626, 'trop_agb_crit': 5.115968405120539, 'trop_k_veg': 2.8224577471047865, 'fuel_k': 0.09252659617259135, 'fuel_half': 0.6370755274604819}.
[I 2026-06-11 12:39:05,834] Trial 512 finished with values: [10.449945089298055, 10.449945089298055] and parameters: {'k1': 0.004312951023617458, 'D_low': 4.484744524732794, 'k2': 0.01567230746060024, 'D_high': 3712.591045287726, 'fire_exp': 1.1258453832483524, 'P_half': 220.3445560633069, 'pre_dampen_half': 12.515601598062563, 'gpp_af': 0.06789053271698488, 'gpp_b': 0.0021331409710300844, 'gpp_d': 16.460426816350523, 'ign_k': 0.0680787482656459, 'ign_c': 15.221840161091626, 'trop_agb_crit': 24.584290528289387, 'trop_k_veg': 1.4584243470991722, 'fuel_k': 0.487361804838494, 'fuel_half': 0.32476735706274484}.
[I 2026-06-11 12:39:06,755] Trial 513 finished with values: [10.062354067776317, 10.062354067776317] and parameters: {'k1': 0.004312951023617458, 'D_low': 338.23872019362165, 'k2': 7.67074891445376e-05, 'D_high': 1919.1689944397538, 'fire_exp': 1.2310899049053081, 'P_half': 10.226988730324324, 'pre_dampen_half': 502.5175192217655, 'gpp_af': 0.2077161282926346, 'gpp_b': 1.7565109007473816e-05, 'gpp_d': 9.004606022643067, 'ign_k': 0.5131654955148326, 'ign_c': 0.11650681118986138, 'trop_agb_crit': 5.707205898008383, 'trop_k_veg': 2.8224577471047865, 'fuel_k': 0.030315034760496778, 'fuel_half': 81.8794158253808}.
[I 2026-06-11 12:39:07,680] Trial 514 finished with values: [-0.5070680877531272, 0.7230338676126283] and parameters: {'k1': 0.004312951023617458, 'D_low': 98.98117700885537, 'k2': 0.01567230746060024, 'D_high': 89263.11370835223, 'fire_exp': 1.0629462657398439, 'P_half': 220.3445560633069, 'pre_dampen_half': 347.79988160923324, 'gpp_af': 0.06789053271698488, 'gpp_b': 0.00012118589392553798, 'gpp_d': 12.324765692041675, 'ign_k': 0.0680787482656459, 'ign_c': 15.221840161091626, 'trop_agb_crit': 24.584290528289387, 'trop_k_veg': 1.4584243470991722, 'fuel_k': 0.487361804838494, 'fuel_half': 52.00581729114123}.
[I 2026-06-11 12:39:08,621] Trial 515 finished with values: [-0.6712117432372082, 0.7013988385236816] and parameters: {'k1': 0.004312951023617458, 'D_low': 4.484744524732794, 'k2': 0.0027431991397796683, 'D_high': 9996.359851911324, 'fire_exp': 2.3976499639906934, 'P_half': 13.019246714361572, 'pre_dampen_half': 347.79988160923324, 'gpp_af': 0.14765842992482675, 'gpp_b': 0.00012118589392553798, 'gpp_d': 16.460426816350523, 'ign_k': 0.050667002161528835, 'ign_c': 0.9294394155644988, 'trop_agb_crit': 19.189415375617013, 'trop_k_veg': 1.7570501127699654, 'fuel_k': 3.6992394681929337, 'fuel_half': 1.630876087364482}.
[I 2026-06-11 12:39:09,547] Trial 516 finished with values: [10.343662927861738, 10.343662927861738] and parameters: {'k1': 0.004312951023617458, 'D_low': 338.23872019362165, 'k2': 0.0027431991397796683, 'D_high': 28401.063201780278, 'fire_exp': 3.304317611738493, 'P_half': 16.051347487097576, 'pre_dampen_half': 347.79988160923324, 'gpp_af': 42.29037995744429, 'gpp_b': 1.7565109007473816e-05, 'gpp_d': 302.3127748796293, 'ign_k': 0.34703605955441524, 'ign_c': 0.1867876836333246, 'trop_agb_crit': 21.825752290961518, 'trop_k_veg': 4.1309639246402785, 'fuel_k': 3.6992394681929337, 'fuel_half': 0.3335026483569958}.
[I 2026-06-11 12:39:10,462] Trial 517 finished with values: [10.635826625674342, 10.635826625674342] and parameters: {'k1': 0.004312951023617458, 'D_low': 98.3519252750597, 'k2': 1.915468390724633e-05, 'D_high': 15000.328053766281, 'fire_exp': 1.2310899049053081, 'P_half': 16.051347487097576, 'pre_dampen_half': 2.488338093530606, 'gpp_af': 0.7539992074650279, 'gpp_b': 1.7565109007473816e-05, 'gpp_d': 2.8006820077310213, 'ign_k': 0.0012663923057989628, 'ign_c': 0.9294394155644988, 'trop_agb_crit': 5.707205898008383, 'trop_k_veg': 4.1309639246402785, 'fuel_k': 0.08872338014306087, 'fuel_half': 42.6871254378718}.
[I 2026-06-11 12:39:11,393] Trial 518 finished with values: [-0.6389163866968113, 0.6631727396689757] and parameters: {'k1': 5.232779509048979e-05, 'D_low': 338.23872019362165, 'k2': 0.03865036856259725, 'D_high': 15000.328053766281, 'fire_exp': 1.2310899049053081, 'P_half': 13.019246714361572, 'pre_dampen_half': 502.5175192217655, 'gpp_af': 0.015769192447197523, 'gpp_b': 0.00010318352929732131, 'gpp_d': 6.913948698657619, 'ign_k': 4.591485216740537, 'ign_c': 15.221840161091626, 'trop_agb_crit': 21.401581507853507, 'trop_k_veg': 1.4584243470991722, 'fuel_k': 4.680936683972861, 'fuel_half': 52.00581729114123}.
[I 2026-06-11 12:39:12,327] Trial 519 finished with values: [-0.643707916499171, 0.402255212608545] and parameters: {'k1': 0.004312951023617458, 'D_low': 5.59983195169599, 'k2': 0.0027431991397796683, 'D_high': 1919.1689944397538, 'fire_exp': 1.2310899049053081, 'P_half': 10.226988730324324, 'pre_dampen_half': 502.5175192217655, 'gpp_af': 0.07961191926812566, 'gpp_b': 0.00012118589392553798, 'gpp_d': 9.004606022643067, 'ign_k': 0.050667002161528835, 'ign_c': 0.11650681118986138, 'trop_agb_crit': 26.402883285404346, 'trop_k_veg': 1.4584243470991722, 'fuel_k': 0.030315034760496778, 'fuel_half': 81.8794158253808}.
[I 2026-06-11 12:39:13,254] Trial 520 finished with values: [10.541491339898997, 10.541491339898997] and parameters: {'k1': 0.0003938139750079106, 'D_low': 5.59983195169599, 'k2': 0.00209261568837867, 'D_high': 1362.7311611437935, 'fire_exp': 2.2703704516008885, 'P_half': 136.0956887810302, 'pre_dampen_half': 347.79988160923324, 'gpp_af': 0.005618069878716736, 'gpp_b': 2.711380409817698e-05, 'gpp_d': 2.8006820077310213, 'ign_k': 0.5131654955148326, 'ign_c': 0.9294394155644988, 'trop_agb_crit': 24.584290528289387, 'trop_k_veg': 4.1309639246402785, 'fuel_k': 3.6992394681929337, 'fuel_half': 42.6871254378718}.
[I 2026-06-11 12:39:14,202] Trial 521 finished with values: [10.428877995155373, 10.428877995155373] and parameters: {'k1': 0.00013649087666416944, 'D_low': 4.484744524732794, 'k2': 1.915468390724633e-05, 'D_high': 9996.359851911324, 'fire_exp': 1.2310899049053081, 'P_half': 270.15957920129443, 'pre_dampen_half': 502.5175192217655, 'gpp_af': 0.7539992074650279, 'gpp_b': 0.0005392415140872105, 'gpp_d': 2.8006820077310213, 'ign_k': 4.591485216740537, 'ign_c': 11.462237838612067, 'trop_agb_crit': 19.189415375617013, 'trop_k_veg': 0.5772603928610088, 'fuel_k': 0.24991287225033346, 'fuel_half': 2.9236782115513154}.
[I 2026-06-11 12:39:15,141] Trial 522 finished with values: [-0.6399259025674047, 0.562238660195435] and parameters: {'k1': 0.004312951023617458, 'D_low': 5.59983195169599, 'k2': 0.0027431991397796683, 'D_high': 3712.591045287726, 'fire_exp': 2.2703704516008885, 'P_half': 38.82837025280678, 'pre_dampen_half': 347.79988160923324, 'gpp_af': 0.06789053271698488, 'gpp_b': 2.711380409817698e-05, 'gpp_d': 2.8006820077310213, 'ign_k': 0.5131654955148326, 'ign_c': 0.9294394155644988, 'trop_agb_crit': 24.584290528289387, 'trop_k_veg': 4.1309639246402785, 'fuel_k': 3.6992394681929337, 'fuel_half': 42.6871254378718}.
[I 2026-06-11 12:39:16,056] Trial 523 finished with values: [10.76846505302564, 10.76846505302564] and parameters: {'k1': 0.0015974581244256687, 'D_low': 290.70516815839375, 'k2': 0.011469197890812934, 'D_high': 89263.11370835223, 'fire_exp': 1.182396148413737, 'P_half': 6.658322706867178, 'pre_dampen_half': 294.75617712568373, 'gpp_af': 0.008562341633595545, 'gpp_b': 2.3382984208508275, 'gpp_d': 27.50607428241511, 'ign_k': 0.1550134937334847, 'ign_c': 0.11650681118986138, 'trop_agb_crit': 2.419699259862185, 'trop_k_veg': 2.8224577471047865, 'fuel_k': 3.6992394681929337, 'fuel_half': 27.4762346187747}.
[I 2026-06-11 12:39:16,961] Trial 524 finished with values: [10.143745980151197, 10.143745980151197] and parameters: {'k1': 0.004312951023617458, 'D_low': 4.484744524732794, 'k2': 0.007455766613295631, 'D_high': 3712.591045287726, 'fire_exp': 1.1258453832483524, 'P_half': 220.3445560633069, 'pre_dampen_half': 347.79988160923324, 'gpp_af': 0.06789053271698488, 'gpp_b': 1.7565109007473816e-05, 'gpp_d': 599.2644014925409, 'ign_k': 0.5131654955148326, 'ign_c': 15.221840161091626, 'trop_agb_crit': 24.584290528289387, 'trop_k_veg': 0.5259254914812883, 'fuel_k': 0.487361804838494, 'fuel_half': 0.32476735706274484}.
