[I 2026-08-06 10:22:24,962] Trial 585 finished with values: [-0.46597956817853686, 0.15420487656278736] and parameters: {'k1': 2.316457903103837e-05, 'D_low': 7.299348683062307, 'k2': 0.003101429427212743, 'D_high': 1578.0309954142967, 'fire_exp': 1.0601964743503993, 'P_half': 4.213183643253957, 'pre_dampen_half': 8.594202650742222, 'gpp_af': 5.335773317316405, 'gpp_b': 7.210246166617508e-05, 'gpp_d': 757.2868182332339, 'ign_k': 0.01364908766641695, 'ign_c': 2.8335389417624683, 'trop_agb_crit': 8.997007571451054, 'trop_k_veg': 3.49157152291552}.
[I 2026-08-06 10:22:26,198] Trial 586 finished with values: [10.215019670027571, 10.215019670027571] and parameters: {'k1': 0.008912611835817005, 'D_low': 4.484744524732794, 'k2': 1.915468390724633e-05, 'D_high': 21.947742689197344, 'fire_exp': 1.1263716762638152, 'P_half': 220.3445560633069, 'pre_dampen_half': 502.5175192217655, 'gpp_af': 0.25562996323356024, 'gpp_b': 0.14577755664212386, 'gpp_d': 10.369565216756202, 'ign_k': 0.010167079878196114, 'ign_c': 15.221840161091626, 'trop_agb_crit': 1.0455434848969813, 'trop_k_veg': 2.194427136482602}.
[I 2026-08-06 10:22:27,399] Trial 587 finished with values: [10.00313625144427, 10.00313625144427] and parameters: {'k1': 0.004312951023617458, 'D_low': 4.484744524732794, 'k2': 1.915468390724633e-05, 'D_high': 3712.591045287726, 'fire_exp': 1.1263716762638152, 'P_half': 220.3445560633069, 'pre_dampen_half': 502.5175192217655, 'gpp_af': 1.921689966904808, 'gpp_b': 0.0021331409710300844, 'gpp_d': 16.460426816350523, 'ign_k': 0.1550134937334847, 'ign_c': 15.221840161091626, 'trop_agb_crit': 2.1861040860339416, 'trop_k_veg': 1.4584243470991722}.
[I 2026-08-06 10:22:28,587] Trial 588 finished with values: [10.772842635199595, 10.772842635199595] and parameters: {'k1': 0.0001998758192761449, 'D_low': 70.18267183720735, 'k2': 0.003767022142229395, 'D_high': 8182.111518618414, 'fire_exp': 1.0601964743503993, 'P_half': 4.087300390305745, 'pre_dampen_half': 107.40052367919465, 'gpp_af': 7.368271642921844, 'gpp_b': 0.14577755664212386, 'gpp_d': 84.31013932082456, 'ign_k': 0.00840038491455979, 'ign_c': 20.03995359361212, 'trop_agb_crit': 1.6878075072665546, 'trop_k_veg': 1.4584243470991722}.
[I 2026-08-06 10:22:29,787] Trial 589 finished with values: [-0.4786672334397181, 0.11669681849424784] and parameters: {'k1': 0.004312951023617458, 'D_low': 4.484744524732794, 'k2': 1.915468390724633e-05, 'D_high': 1493.5213816355397, 'fire_exp': 1.1263716762638152, 'P_half': 3.3380638755873893, 'pre_dampen_half': 63.6685916079943, 'gpp_af': 0.7539992074650279, 'gpp_b': 0.14577755664212386, 'gpp_d': 16.460426816350523, 'ign_k': 0.21006485619596416, 'ign_c': 1.9580595319750387, 'trop_agb_crit': 24.584290528289387, 'trop_k_veg': 2.194427136482602}.
[I 2026-08-06 10:22:31,215] Trial 590 finished with values: [10.769230243321989, 10.769230243321989] and parameters: {'k1': 0.004312951023617458, 'D_low': 34.459310919273356, 'k2': 1.915468390724633e-05, 'D_high': 21.947742689197344, 'fire_exp': 9.328698242431635, 'P_half': 220.3445560633069, 'pre_dampen_half': 502.5175192217655, 'gpp_af': 0.7539992074650279, 'gpp_b': 0.0021331409710300844, 'gpp_d': 16.460426816350523, 'ign_k': 0.0680787482656459, 'ign_c': 6.533684593224968, 'trop_agb_crit': 1.0903028125370984, 'trop_k_veg': 1.4584243470991722}.
[I 2026-08-06 10:22:32,457] Trial 591 finished with values: [-0.5099270189161721, 0.10982245153867487] and parameters: {'k1': 0.008912611835817005, 'D_low': 34.459310919273356, 'k2': 1.915468390724633e-05, 'D_high': 1493.5213816355397, 'fire_exp': 1.1263716762638152, 'P_half': 220.3445560633069, 'pre_dampen_half': 234.12640025944248, 'gpp_af': 0.7539992074650279, 'gpp_b': 0.0021331409710300844, 'gpp_d': 16.460426816350523, 'ign_k': 0.0680787482656459, 'ign_c': 15.221840161091626, 'trop_agb_crit': 1.0903028125370984, 'trop_k_veg': 1.4584243470991722}.
[I 2026-08-06 10:22:33,645] Trial 592 finished with values: [10.191979015013743, 10.191979015013743] and parameters: {'k1': 0.004312951023617458, 'D_low': 1.3577269394141454, 'k2': 8.923807143379776e-05, 'D_high': 21.947742689197344, 'fire_exp': 1.1430983876313219, 'P_half': 220.3445560633069, 'pre_dampen_half': 502.5175192217655, 'gpp_af': 0.015144408538724483, 'gpp_b': 3.481277316673104e-05, 'gpp_d': 16.460426816350523, 'ign_k': 0.0019678273362633988, 'ign_c': 15.221840161091626, 'trop_agb_crit': 1.0903028125370984, 'trop_k_veg': 1.4584243470991722}.
[I 2026-08-06 10:22:34,862] Trial 593 finished with values: [10.126830861226026, 10.126830861226026] and parameters: {'k1': 0.004312951023617458, 'D_low': 1112.9571947046009, 'k2': 7.914423612155373e-05, 'D_high': 3712.591045287726, 'fire_exp': 1.1430983876313219, 'P_half': 220.3445560633069, 'pre_dampen_half': 502.5175192217655, 'gpp_af': 0.7539992074650279, 'gpp_b': 3.481277316673104e-05, 'gpp_d': 16.460426816350523, 'ign_k': 0.0680787482656459, 'ign_c': 0.557280750002996, 'trop_agb_crit': 1.0455434848969813, 'trop_k_veg': 0.983473833513531}.
[I 2026-08-06 10:22:36,096] Trial 594 finished with values: [10.760541117082795, 10.760541117082795] and parameters: {'k1': 0.004312951023617458, 'D_low': 4.775640431359602, 'k2': 1.915468390724633e-05, 'D_high': 3712.591045287726, 'fire_exp': 3.3095881169246266, 'P_half': 220.3445560633069, 'pre_dampen_half': 502.5175192217655, 'gpp_af': 0.7539992074650279, 'gpp_b': 0.0021331409710300844, 'gpp_d': 16.460426816350523, 'ign_k': 0.0680787482656459, 'ign_c': 15.221840161091626, 'trop_agb_crit': 1.0903028125370984, 'trop_k_veg': 1.4584243470991722}.
[I 2026-08-06 10:22:37,282] Trial 595 finished with values: [-0.5105134089161423, 0.1807068831251707] and parameters: {'k1': 0.004312951023617458, 'D_low': 1.3577269394141454, 'k2': 0.0002228500345352386, 'D_high': 21.947742689197344, 'fire_exp': 1.0629462657398439, 'P_half': 220.3445560633069, 'pre_dampen_half': 502.5175192217655, 'gpp_af': 0.7539992074650279, 'gpp_b': 3.481277316673104e-05, 'gpp_d': 16.460426816350523, 'ign_k': 0.0680787482656459, 'ign_c': 15.221840161091626, 'trop_agb_crit': 1.0903028125370984, 'trop_k_veg': 1.4584243470991722}.
[I 2026-08-06 10:22:38,439] Trial 596 finished with values: [10.765441965801747, 10.765441965801747] and parameters: {'k1': 0.012021930484915042, 'D_low': 2067.91871434888, 'k2': 1.8205657658407255e-05, 'D_high': 1493.5213816355397, 'fire_exp': 1.0629462657398439, 'P_half': 220.3445560633069, 'pre_dampen_half': 1.4270448359329697, 'gpp_af': 1.9706963379095486, 'gpp_b': 0.14577755664212386, 'gpp_d': 19.600139992927435, 'ign_k': 0.0680787482656459, 'ign_c': 2.957080941494347, 'trop_agb_crit': 7.628718523810018, 'trop_k_veg': 0.6673124511410327}.
[I 2026-08-06 10:22:39,610] Trial 597 finished with values: [10.635578415724565, 10.635578415724565] and parameters: {'k1': 0.012021930484915042, 'D_low': 4.484744524732794, 'k2': 0.0003432139136241583, 'D_high': 15351.441568398131, 'fire_exp': 1.3170256885255098, 'P_half': 5.076307782729897, 'pre_dampen_half': 63.6685916079943, 'gpp_af': 0.6403036652671171, 'gpp_b': 0.006906522645653115, 'gpp_d': 2.944272359149677, 'ign_k': 0.21006485619596416, 'ign_c': 5.13055176058983, 'trop_agb_crit': 1.0903028125370984, 'trop_k_veg': 3.1473758868965476}.
[I 2026-08-06 10:22:40,772] Trial 598 finished with values: [10.373384971350182, 10.373384971350182] and parameters: {'k1': 0.00488137519160367, 'D_low': 34.459310919273356, 'k2': 0.014344484793173472, 'D_high': 63233.81951066786, 'fire_exp': 1.1430983876313219, 'P_half': 523.1053126909052, 'pre_dampen_half': 63.6685916079943, 'gpp_af': 0.7539992074650279, 'gpp_b': 1.5385046399532158e-05, 'gpp_d': 16.460426816350523, 'ign_k': 0.0680787482656459, 'ign_c': 2.8335389417624683, 'trop_agb_crit': 8.997007571451054, 'trop_k_veg': 2.573214588078609}.
[I 2026-08-06 10:22:41,973] Trial 599 finished with values: [10.132946778337592, 10.132946778337592] and parameters: {'k1': 0.008912611835817005, 'D_low': 4.484744524732794, 'k2': 0.0003432139136241583, 'D_high': 8182.111518618414, 'fire_exp': 1.0629462657398439, 'P_half': 220.3445560633069, 'pre_dampen_half': 502.5175192217655, 'gpp_af': 0.7539992074650279, 'gpp_b': 0.14577755664212386, 'gpp_d': 150.14555442537656, 'ign_k': 0.0680787482656459, 'ign_c': 15.221840161091626, 'trop_agb_crit': 1.14876138417489, 'trop_k_veg': 2.194427136482602}.
[I 2026-08-06 10:22:43,157] Trial 600 finished with values: [-0.48986396378842806, 0.15403093927832356] and parameters: {'k1': 0.008912611835817005, 'D_low': 34.459310919273356, 'k2': 1.915468390724633e-05, 'D_high': 1493.5213816355397, 'fire_exp': 1.0629462657398439, 'P_half': 220.3445560633069, 'pre_dampen_half': 552.4163637315892, 'gpp_af': 0.7539992074650279, 'gpp_b': 0.07904599925873733, 'gpp_d': 16.460426816350523, 'ign_k': 0.010167079878196114, 'ign_c': 0.70689749506246, 'trop_agb_crit': 6.275146677376727, 'trop_k_veg': 4.345076509212382}.
[I 2026-08-06 10:22:44,310] Trial 601 finished with values: [-0.5500980438817868, 0.09181092190190099] and parameters: {'k1': 0.004312951023617458, 'D_low': 1112.9571947046009, 'k2': 7.914423612155373e-05, 'D_high': 8182.111518618414, 'fire_exp': 1.0629462657398439, 'P_half': 220.3445560633069, 'pre_dampen_half': 502.5175192217655, 'gpp_af': 0.7539992074650279, 'gpp_b': 3.481277316673104e-05, 'gpp_d': 150.14555442537656, 'ign_k': 0.0680787482656459, 'ign_c': 0.557280750002996, 'trop_agb_crit': 1.0455434848969813, 'trop_k_veg': 2.573214588078609}.
[I 2026-08-06 10:22:45,464] Trial 602 finished with values: [-0.5087056371591547, 0.1207404475337307] and parameters: {'k1': 9.882278532808775e-05, 'D_low': 4.484744524732794, 'k2': 0.0003432139136241583, 'D_high': 15351.441568398131, 'fire_exp': 1.1263716762638152, 'P_half': 220.3445560633069, 'pre_dampen_half': 502.5175192217655, 'gpp_af': 1.965797948502807, 'gpp_b': 0.14577755664212386, 'gpp_d': 10.369565216756202, 'ign_k': 0.0680787482656459, 'ign_c': 15.221840161091626, 'trop_agb_crit': 1.0455434848969813, 'trop_k_veg': 2.194427136482602}.
[I 2026-08-06 10:22:46,651] Trial 603 finished with values: [10.5206798385446, 10.5206798385446] and parameters: {'k1': 0.004312951023617458, 'D_low': 1112.9571947046009, 'k2': 8.923807143379776e-05, 'D_high': 8182.111518618414, 'fire_exp': 1.0629462657398439, 'P_half': 220.3445560633069, 'pre_dampen_half': 552.4163637315892, 'gpp_af': 1.9706963379095486, 'gpp_b': 0.14577755664212386, 'gpp_d': 16.460426816350523, 'ign_k': 0.0680787482656459, 'ign_c': 11.400863701127316, 'trop_agb_crit': 1.14876138417489, 'trop_k_veg': 0.983473833513531}.
[I 2026-08-06 10:22:47,820] Trial 604 finished with values: [-0.5164619037549597, 0.19620972873773113] and parameters: {'k1': 3.23559867820537e-05, 'D_low': 520.4862686958022, 'k2': 8.923807143379776e-05, 'D_high': 5670.3463356272905, 'fire_exp': 1.221575427404682, 'P_half': 220.3445560633069, 'pre_dampen_half': 502.5175192217655, 'gpp_af': 0.6403036652671171, 'gpp_b': 7.210246166617508e-05, 'gpp_d': 150.14555442537656, 'ign_k': 0.01364908766641695, 'ign_c': 2.8335389417624683, 'trop_agb_crit': 8.997007571451054, 'trop_k_veg': 0.6673124511410327}.
[I 2026-08-06 10:22:48,990] Trial 605 finished with values: [10.192690490242374, 10.192690490242374] and parameters: {'k1': 0.012021930484915042, 'D_low': 2.4622754931226587, 'k2': 1.4403740929157842e-05, 'D_high': 985.7545621889059, 'fire_exp': 1.1263716762638152, 'P_half': 140.74279366401683, 'pre_dampen_half': 63.6685916079943, 'gpp_af': 1.9706963379095486, 'gpp_b': 0.14577755664212386, 'gpp_d': 19.600139992927435, 'ign_k': 2.9818972317055166, 'ign_c': 11.400863701127316, 'trop_agb_crit': 7.628718523810018, 'trop_k_veg': 0.6673124511410327}.
[I 2026-08-06 10:22:50,161] Trial 606 finished with values: [10.60701807140945, 10.60701807140945] and parameters: {'k1': 0.004312951023617458, 'D_low': 1112.9571947046009, 'k2': 7.914423612155373e-05, 'D_high': 3712.591045287726, 'fire_exp': 1.1263716762638152, 'P_half': 220.3445560633069, 'pre_dampen_half': 502.5175192217655, 'gpp_af': 0.7539992074650279, 'gpp_b': 0.050451016347432494, 'gpp_d': 16.460426816350523, 'ign_k': 0.0680787482656459, 'ign_c': 15.221840161091626, 'trop_agb_crit': 1.0903028125370984, 'trop_k_veg': 0.983473833513531}.
[I 2026-08-06 10:22:51,555] Trial 607 finished with values: [-0.5396246231749482, 0.027740695365497725] and parameters: {'k1': 0.008912611835817005, 'D_low': 671.5971856456824, 'k2': 0.03538758864779238, 'D_high': 11832.967057468773, 'fire_exp': 1.0629462657398439, 'P_half': 5.076307782729897, 'pre_dampen_half': 552.4163637315892, 'gpp_af': 0.7539992074650279, 'gpp_b': 0.14577755664212386, 'gpp_d': 16.460426816350523, 'ign_k': 0.21006485619596416, 'ign_c': 5.13055176058983, 'trop_agb_crit': 24.584290528289387, 'trop_k_veg': 3.1473758868965476}.
[I 2026-08-06 10:22:52,759] Trial 608 finished with values: [10.142609645406386, 10.142609645406386] and parameters: {'k1': 0.004312951023617458, 'D_low': 1112.9571947046009, 'k2': 8.923807143379776e-05, 'D_high': 5670.3463356272905, 'fire_exp': 1.1430983876313219, 'P_half': 220.3445560633069, 'pre_dampen_half': 502.5175192217655, 'gpp_af': 0.7539992074650279, 'gpp_b': 0.0005739662837359252, 'gpp_d': 16.460426816350523, 'ign_k': 0.21006485619596416, 'ign_c': 1.2389052918551067, 'trop_agb_crit': 1.0903028125370984, 'trop_k_veg': 1.4584243470991722}.
[I 2026-08-06 10:22:53,946] Trial 609 finished with values: [10.266259348323487, 10.266259348323487] and parameters: {'k1': 0.008912611835817005, 'D_low': 4.484744524732794, 'k2': 1.8205657658407255e-05, 'D_high': 1493.5213816355397, 'fire_exp': 1.1263716762638152, 'P_half': 220.3445560633069, 'pre_dampen_half': 552.4163637315892, 'gpp_af': 0.006842417023266609, 'gpp_b': 0.0021331409710300844, 'gpp_d': 16.460426816350523, 'ign_k': 2.9818972317055166, 'ign_c': 15.221840161091626, 'trop_agb_crit': 1.0903028125370984, 'trop_k_veg': 0.6673124511410327}.
[I 2026-08-06 10:22:55,117] Trial 610 finished with values: [10.574422563669717, 10.574422563669717] and parameters: {'k1': 0.004312951023617458, 'D_low': 34.459310919273356, 'k2': 1.8205657658407255e-05, 'D_high': 3712.591045287726, 'fire_exp': 1.1430983876313219, 'P_half': 5.076307782729897, 'pre_dampen_half': 502.5175192217655, 'gpp_af': 0.7539992074650279, 'gpp_b': 0.006906522645653115, 'gpp_d': 16.460426816350523, 'ign_k': 0.0680787482656459, 'ign_c': 5.13055176058983, 'trop_agb_crit': 1.0903028125370984, 'trop_k_veg': 0.983473833513531}.
[I 2026-08-06 10:22:56,273] Trial 611 finished with values: [10.364779531768662, 10.364779531768662] and parameters: {'k1': 0.008912611835817005, 'D_low': 4.484744524732794, 'k2': 0.0003432139136241583, 'D_high': 21.947742689197344, 'fire_exp': 1.471022163879199, 'P_half': 220.3445560633069, 'pre_dampen_half': 502.5175192217655, 'gpp_af': 0.7539992074650279, 'gpp_b': 1.6596960546180327e-05, 'gpp_d': 16.460426816350523, 'ign_k': 2.1368329072358767, 'ign_c': 15.221840161091626, 'trop_agb_crit': 1.0455434848969813, 'trop_k_veg': 1.4584243470991722}.
[I 2026-08-06 10:22:57,477] Trial 612 finished with values: [10.01503155612294, 10.01503155612294] and parameters: {'k1': 0.008912611835817005, 'D_low': 7.299348683062307, 'k2': 1.915468390724633e-05, 'D_high': 1493.5213816355397, 'fire_exp': 1.0629462657398439, 'P_half': 314.0161493033586, 'pre_dampen_half': 234.12640025944248, 'gpp_af': 4.808505037156752, 'gpp_b': 0.07904599925873733, 'gpp_d': 757.2868182332339, 'ign_k': 0.010167079878196114, 'ign_c': 1.9580595319750387, 'trop_agb_crit': 6.275146677376727, 'trop_k_veg': 4.345076509212382}.
[I 2026-08-06 10:22:58,649] Trial 613 finished with values: [-0.4570448793453091, 0.1339312679065765] and parameters: {'k1': 2.316457903103837e-05, 'D_low': 520.4862686958022, 'k2': 0.014344484793173472, 'D_high': 4520.829315376817, 'fire_exp': 1.0629462657398439, 'P_half': 220.3445560633069, 'pre_dampen_half': 502.5175192217655, 'gpp_af': 0.2204465010099918, 'gpp_b': 0.14577755664212386, 'gpp_d': 4.25060659305504, 'ign_k': 0.01364908766641695, 'ign_c': 2.8335389417624683, 'trop_agb_crit': 8.997007571451054, 'trop_k_veg': 0.983473833513531}.
[I 2026-08-06 10:22:59,821] Trial 614 finished with values: [-0.5226237604762447, 0.06366900465093772] and parameters: {'k1': 0.008912611835817005, 'D_low': 4.484744524732794, 'k2': 5.52207197313581e-05, 'D_high': 985.7545621889059, 'fire_exp': 1.0629462657398439, 'P_half': 140.74279366401683, 'pre_dampen_half': 552.4163637315892, 'gpp_af': 1.9706963379095486, 'gpp_b': 0.14577755664212386, 'gpp_d': 4.25060659305504, 'ign_k': 3.589155871450839, 'ign_c': 11.400863701127316, 'trop_agb_crit': 1.0455434848969813, 'trop_k_veg': 2.194427136482602}.
[I 2026-08-06 10:23:01,024] Trial 615 finished with values: [-0.5156673772941021, 0.14551468139999668] and parameters: {'k1': 0.04669327135003539, 'D_low': 2.4622754931226587, 'k2': 0.014344484793173472, 'D_high': 63233.81951066786, 'fire_exp': 1.0629462657398439, 'P_half': 54.37591736923918, 'pre_dampen_half': 5.048653998722947, 'gpp_af': 0.18069041761817034, 'gpp_b': 1.5385046399532158e-05, 'gpp_d': 16.460426816350523, 'ign_k': 0.0680787482656459, 'ign_c': 0.557280750002996, 'trop_agb_crit': 8.997007571451054, 'trop_k_veg': 0.983473833513531}.
[I 2026-08-06 10:23:02,212] Trial 616 finished with values: [10.105772578539558, 10.105772578539558] and parameters: {'k1': 2.316457903103837e-05, 'D_low': 4.484744524732794, 'k2': 7.914423612155373e-05, 'D_high': 3712.591045287726, 'fire_exp': 1.353841071397002, 'P_half': 220.3445560633069, 'pre_dampen_half': 234.12640025944248, 'gpp_af': 5.335773317316405, 'gpp_b': 0.0021331409710300844, 'gpp_d': 84.31013932082456, 'ign_k': 0.00840038491455979, 'ign_c': 7.916322947490362, 'trop_agb_crit': 17.65802440745555, 'trop_k_veg': 2.573214588078609}.
[I 2026-08-06 10:23:03,402] Trial 617 finished with values: [10.063346638500494, 10.063346638500494] and parameters: {'k1': 2.316457903103837e-05, 'D_low': 1397.5908789482219, 'k2': 1.915468390724633e-05, 'D_high': 15351.441568398131, 'fire_exp': 1.1263716762638152, 'P_half': 220.3445560633069, 'pre_dampen_half': 234.12640025944248, 'gpp_af': 5.335773317316405, 'gpp_b': 0.0021331409710300844, 'gpp_d': 106.74579222939708, 'ign_k': 0.0680787482656459, 'ign_c': 15.221840161091626, 'trop_agb_crit': 2.1861040860339416, 'trop_k_veg': 2.194427136482602}.
[I 2026-08-06 10:23:04,603] Trial 618 finished with values: [10.614970150132924, 10.614970150132924] and parameters: {'k1': 0.00488137519160367, 'D_low': 2.143851363193517, 'k2': 0.0003432139136241583, 'D_high': 3712.591045287726, 'fire_exp': 1.1263716762638152, 'P_half': 220.3445560633069, 'pre_dampen_half': 502.5175192217655, 'gpp_af': 24.725776073156705, 'gpp_b': 0.0021331409710300844, 'gpp_d': 16.460426816350523, 'ign_k': 2.1368329072358767, 'ign_c': 0.70689749506246, 'trop_agb_crit': 1.0903028125370984, 'trop_k_veg': 2.573214588078609}.
[I 2026-08-06 10:23:05,792] Trial 619 finished with values: [-0.5470977446105696, 0.07064226489669634] and parameters: {'k1': 0.008912611835817005, 'D_low': 4.484744524732794, 'k2': 5.52207197313581e-05, 'D_high': 985.7545621889059, 'fire_exp': 1.0629462657398439, 'P_half': 140.74279366401683, 'pre_dampen_half': 552.4163637315892, 'gpp_af': 1.9706963379095486, 'gpp_b': 0.0325181766809307, 'gpp_d': 4.25060659305504, 'ign_k': 2.9818972317055166, 'ign_c': 11.400863701127316, 'trop_agb_crit': 1.0903028125370984, 'trop_k_veg': 0.6673124511410327}.
[I 2026-08-06 10:23:06,967] Trial 620 finished with values: [10.715251219679585, 10.715251219679585] and parameters: {'k1': 0.008912611835817005, 'D_low': 2972.248537653567, 'k2': 1.8205657658407255e-05, 'D_high': 3712.591045287726, 'fire_exp': 1.0629462657398439, 'P_half': 220.3445560633069, 'pre_dampen_half': 502.5175192217655, 'gpp_af': 0.7539992074650279, 'gpp_b': 0.0021331409710300844, 'gpp_d': 0.10695622106010433, 'ign_k': 0.0680787482656459, 'ign_c': 15.221840161091626, 'trop_agb_crit': 1.0903028125370984, 'trop_k_veg': 4.345076509212382}.
[I 2026-08-06 10:23:08,162] Trial 621 finished with values: [10.335961940927376, 10.335961940927376] and parameters: {'k1': 0.004312951023617458, 'D_low': 34.459310919273356, 'k2': 7.914423612155373e-05, 'D_high': 3712.591045287726, 'fire_exp': 1.1430983876313219, 'P_half': 220.3445560633069, 'pre_dampen_half': 502.5175192217655, 'gpp_af': 0.7539992074650279, 'gpp_b': 0.0021331409710300844, 'gpp_d': 16.460426816350523, 'ign_k': 0.002803357452303278, 'ign_c': 1.1994950112756755, 'trop_agb_crit': 1.0903028125370984, 'trop_k_veg': 0.983473833513531}.
[I 2026-08-06 10:23:09,345] Trial 622 finished with values: [-0.4887138600490585, 0.10813738423216601] and parameters: {'k1': 1.6917937817342654e-05, 'D_low': 4.484744524732794, 'k2': 1.8205657658407255e-05, 'D_high': 3712.591045287726, 'fire_exp': 1.0629462657398439, 'P_half': 220.3445560633069, 'pre_dampen_half': 502.5175192217655, 'gpp_af': 0.7539992074650279, 'gpp_b': 0.0021331409710300844, 'gpp_d': 16.460426816350523, 'ign_k': 0.0680787482656459, 'ign_c': 15.221840161091626, 'trop_agb_crit': 1.0903028125370984, 'trop_k_veg': 0.983473833513531}.
[I 2026-08-06 10:23:10,548] Trial 623 finished with values: [10.657207827922752, 10.657207827922752] and parameters: {'k1': 0.04669327135003539, 'D_low': 520.4862686958022, 'k2': 0.014344484793173472, 'D_high': 63233.81951066786, 'fire_exp': 1.0629462657398439, 'P_half': 220.3445560633069, 'pre_dampen_half': 5.048653998722947, 'gpp_af': 0.18069041761817034, 'gpp_b': 0.015382154459808445, 'gpp_d': 16.460426816350523, 'ign_k': 0.0680787482656459, 'ign_c': 2.8335389417624683, 'trop_agb_crit': 8.997007571451054, 'trop_k_veg': 0.983473833513531}.
