[I 2026-07-22 21:43:30,248] Trial 349 finished with values: [11.179385043479794, 11.179385043479794] and parameters: {'k1': 0.002968335334246999, 'D_low': 102.19595065529477, 'k2': 0.004373100990516265, 'D_high': 580966.5602369158, 'fire_exp': 1.0838410493325266, 'P_half': 4.961134450191397, 'pre_dampen_half': 347.79988160923324, 'gpp_af': 0.7539992074650282, 'gpp_b': 0.00012118589392553819, 'gpp_d': 0.3619181297408274, 'ign_k': 3.210808548911192, 'ign_c': 4.1108484350212295, 'trop_agb_crit': 14.671700390275891, 'trop_k_veg': 2.42764713875812, 'fuel_k': 1.312881567992459, 'fuel_half': 0.13249100882689224}.
[I 2026-07-22 21:43:30,691] Trial 350 finished with values: [-0.23396608260229695, 0.8906790775305431] and parameters: {'k1': 0.003419108473554454, 'D_low': 126.11058927054879, 'k2': 2.1698375693549493e-05, 'D_high': 708572.1663941594, 'fire_exp': 2.4645237762603327, 'P_half': 1.7036120617148391, 'pre_dampen_half': 26.373339933815235, 'gpp_af': 29.925002022877816, 'gpp_b': 0.0005995821881487623, 'gpp_d': 700.6693992445935, 'ign_k': 0.03141110271934876, 'ign_c': 3.0378658251922155, 'trop_agb_crit': 20.205002815711154, 'trop_k_veg': 0.9793402026070162, 'fuel_k': 0.08612665817296865, 'fuel_half': 0.253071961271088}.
[I 2026-07-22 21:43:31,149] Trial 351 finished with values: [10.054803552942985, 10.054803552942985] and parameters: {'k1': 0.0029707920514735983, 'D_low': 247.75146043208053, 'k2': 1.127217425995114e-05, 'D_high': 1488557.802851245, 'fire_exp': 1.3219590610242518, 'P_half': 48.464976792190825, 'pre_dampen_half': 26.373339933815235, 'gpp_af': 0.005618069878716736, 'gpp_b': 0.0005995821881487623, 'gpp_d': 700.6693992445935, 'ign_k': 0.024287565087611766, 'ign_c': 8.405439129313676, 'trop_agb_crit': 12.285102065067687, 'trop_k_veg': 4.130963924640279, 'fuel_k': 0.6760671437719994, 'fuel_half': 2.276766792290519}.
[I 2026-07-22 21:43:31,623] Trial 352 finished with values: [-0.44303250053995025, 0.6945133031685662] and parameters: {'k1': 0.004312951023617458, 'D_low': 975.3810162817546, 'k2': 1.915468390724633e-05, 'D_high': 10377.055497115112, 'fire_exp': 1.0482996836046896, 'P_half': 1.4378290221680121, 'pre_dampen_half': 502.5175192217655, 'gpp_af': 1.1300566419249867, 'gpp_b': 7.402343469704414e-05, 'gpp_d': 6.91394869865762, 'ign_k': 8.761971101023699, 'ign_c': 15.221840161091619, 'trop_agb_crit': 9.836162684900028, 'trop_k_veg': 1.140286245977296, 'fuel_k': 3.6992394681929355, 'fuel_half': 15.298506868937444}.
[I 2026-07-22 21:43:32,102] Trial 353 finished with values: [10.21957950303646, 10.21957950303646] and parameters: {'k1': 0.003242143344038315, 'D_low': 163.4864778201543, 'k2': 2.1698375693549493e-05, 'D_high': 887331.2884015184, 'fire_exp': 2.4572720237054373, 'P_half': 10.226988730324324, 'pre_dampen_half': 347.79988160923324, 'gpp_af': 0.0025511964576171086, 'gpp_b': 3.228689523591491e-05, 'gpp_d': 2.8006820077310226, 'ign_k': 4.59148521674054, 'ign_c': 11.40086370112731, 'trop_agb_crit': 6.1198430581046965, 'trop_k_veg': 0.9369104721775232, 'fuel_k': 3.6992394681929355, 'fuel_half': 42.6871254378718}.
[I 2026-07-22 21:43:32,578] Trial 354 finished with values: [10.217595622954667, 10.217595622954667] and parameters: {'k1': 1.8205657658407255e-05, 'D_low': 126.11058927054879, 'k2': 2.1698375693549493e-05, 'D_high': 1693415.5410667954, 'fire_exp': 1.3219590610242518, 'P_half': 10.226988730324324, 'pre_dampen_half': 26.373339933815235, 'gpp_af': 0.0025511964576171086, 'gpp_b': 3.228689523591491e-05, 'gpp_d': 302.3127748796295, 'ign_k': 0.018707420137660268, 'ign_c': 8.405439129313676, 'trop_agb_crit': 20.205002815711154, 'trop_k_veg': 0.9793402026070162, 'fuel_k': 1.8731335591844647, 'fuel_half': 38.21129441691226}.
[I 2026-07-22 21:43:33,055] Trial 355 finished with values: [10.461184742501938, 10.461184742501938] and parameters: {'k1': 0.003242143344038315, 'D_low': 2148.727319612887, 'k2': 3.349496364344092e-05, 'D_high': 2512533.442757688, 'fire_exp': 1.0862503061991866, 'P_half': 10.226988730324324, 'pre_dampen_half': 10.059683154936915, 'gpp_af': 3.944653779280615, 'gpp_b': 1.56731783988398e-05, 'gpp_d': 9.00460602264307, 'ign_k': 0.03141110271934876, 'ign_c': 0.11650681118986138, 'trop_agb_crit': 15.870971677383487, 'trop_k_veg': 0.9369104721775232, 'fuel_k': 1.312881567992459, 'fuel_half': 0.12399445060149628}.
[I 2026-07-22 21:43:33,524] Trial 356 finished with values: [10.224138376837715, 10.224138376837715] and parameters: {'k1': 0.00013783578294796384, 'D_low': 102.19595065529477, 'k2': 1.127217425995114e-05, 'D_high': 145242.37928628005, 'fire_exp': 1.0341837609578937, 'P_half': 220.3445560633069, 'pre_dampen_half': 347.79988160923324, 'gpp_af': 1.1300566419249867, 'gpp_b': 7.402343469704414e-05, 'gpp_d': 2.8006820077310226, 'ign_k': 0.0026834162496848666, 'ign_c': 6.3906950920732175, 'trop_agb_crit': 9.836162684900028, 'trop_k_veg': 0.5695379443977426, 'fuel_k': 0.028970790717327534, 'fuel_half': 16.371966573507315}.
[I 2026-07-22 21:43:34,006] Trial 357 finished with values: [10.470489123109294, 10.470489123109294] and parameters: {'k1': 0.00016480446427978953, 'D_low': 1768.4772284586304, 'k2': 0.002342238625792905, 'D_high': 887331.2884015184, 'fire_exp': 1.024589524149873, 'P_half': 10.226988730324324, 'pre_dampen_half': 347.79988160923324, 'gpp_af': 29.925002022877816, 'gpp_b': 0.0054502936945582505, 'gpp_d': 0.13876300834369232, 'ign_k': 0.006290644294586149, 'ign_c': 6.1609752947414345, 'trop_agb_crit': 29.628250251065676, 'trop_k_veg': 0.9793402026070162, 'fuel_k': 1.8731335591844647, 'fuel_half': 38.21129441691226}.
[I 2026-07-22 21:43:34,498] Trial 358 finished with values: [10.769230760264326, 10.769230760264326] and parameters: {'k1': 0.00013783578294796384, 'D_low': 705925.6670518258, 'k2': 1.6559474674046002e-05, 'D_high': 79791.03859594249, 'fire_exp': 1.0341837609578937, 'P_half': 10.226988730324324, 'pre_dampen_half': 26.373339933815235, 'gpp_af': 0.015769192447197523, 'gpp_b': 7.402343469704414e-05, 'gpp_d': 857.4284557962626, 'ign_k': 0.024287565087611766, 'ign_c': 0.11650681118986138, 'trop_agb_crit': 1.886175574962432, 'trop_k_veg': 0.9369104721775232, 'fuel_k': 0.03583926624481473, 'fuel_half': 42.6871254378718}.
[I 2026-07-22 21:43:34,981] Trial 359 finished with values: [-0.547702342275727, 0.8381297199006568] and parameters: {'k1': 0.00016480446427978953, 'D_low': 19389.89852278267, 'k2': 0.005259118659251229, 'D_high': 107013.64911724928, 'fire_exp': 2.3987174696212126, 'P_half': 4.961134450191397, 'pre_dampen_half': 26.373339933815235, 'gpp_af': 0.7539992074650282, 'gpp_b': 2.711380409817698e-05, 'gpp_d': 2.8006820077310226, 'ign_k': 3.210808548911192, 'ign_c': 8.405439129313676, 'trop_agb_crit': 29.789943908227905, 'trop_k_veg': 3.028464701337094, 'fuel_k': 1.312881567992459, 'fuel_half': 0.32476735706274484}.
[I 2026-07-22 21:43:35,479] Trial 360 finished with values: [10.684940339958139, 10.684940339958139] and parameters: {'k1': 0.003242143344038315, 'D_low': 6220.638781359816, 'k2': 2.1698375693549493e-05, 'D_high': 887331.2884015184, 'fire_exp': 1.0862503061991866, 'P_half': 136.0956887810302, 'pre_dampen_half': 33.97904243111269, 'gpp_af': 0.0025511964576171086, 'gpp_b': 0.0054502936945582505, 'gpp_d': 2.8006820077310226, 'ign_k': 0.0013262030086414148, 'ign_c': 0.11650681118986138, 'trop_agb_crit': 15.870971677383487, 'trop_k_veg': 0.9793402026070162, 'fuel_k': 0.48736180483849406, 'fuel_half': 42.6871254378718}.
  trial  361/1500  pareto_size=2  best_taylor=0.7828  best_ilamb=0.6071  (2.7 min)
[I 2026-07-22 21:43:36,077] Trial 361 finished with values: [-0.4281315210789528, 0.9722856090322509] and parameters: {'k1': 0.0029707920514735983, 'D_low': 1768.4772284586304, 'k2': 0.002342238625792905, 'D_high': 1488557.802851245, 'fire_exp': 1.024589524149873, 'P_half': 10.226988730324324, 'pre_dampen_half': 26.373339933815235, 'gpp_af': 29.925002022877816, 'gpp_b': 0.0005995821881487623, 'gpp_d': 2.8006820077310226, 'ign_k': 0.024287565087611766, 'ign_c': 8.405439129313676, 'trop_agb_crit': 15.870971677383487, 'trop_k_veg': 1.4584243470991722, 'fuel_k': 4.680936683972859, 'fuel_half': 0.32476735706274484}.
[I 2026-07-22 21:43:36,559] Trial 362 finished with values: [10.132390807371385, 10.132390807371385] and parameters: {'k1': 0.003242143344038315, 'D_low': 163.4864778201543, 'k2': 2.1698375693549493e-05, 'D_high': 71534.52030884045, 'fire_exp': 1.0482996836046896, 'P_half': 540.9803697908727, 'pre_dampen_half': 19.600139992927424, 'gpp_af': 0.015769192447197523, 'gpp_b': 3.228689523591491e-05, 'gpp_d': 2.8006820077310226, 'ign_k': 0.06807874826564587, 'ign_c': 0.11650681118986138, 'trop_agb_crit': 15.870971677383487, 'trop_k_veg': 0.9369104721775232, 'fuel_k': 0.48736180483849406, 'fuel_half': 15.298506868937444}.
[I 2026-07-22 21:43:37,047] Trial 363 finished with values: [10.024467585392339, 10.024467585392339] and parameters: {'k1': 0.002971796631657383, 'D_low': 35.16392386455341, 'k2': 0.015109086063191909, 'D_high': 8433503.858791472, 'fire_exp': 1.0341837609578937, 'P_half': 1.4378290221680121, 'pre_dampen_half': 33.71909132517388, 'gpp_af': 1.1300566419249867, 'gpp_b': 0.00011277885258222645, 'gpp_d': 6.91394869865762, 'ign_k': 0.0026834162496848666, 'ign_c': 3.0378658251922155, 'trop_agb_crit': 24.584290528289387, 'trop_k_veg': 0.5695379443977426, 'fuel_k': 0.028970790717327534, 'fuel_half': 16.371966573507315}.
[I 2026-07-22 21:43:37,534] Trial 364 finished with values: [10.018127825836824, 10.018127825836824] and parameters: {'k1': 0.0007087479683081, 'D_low': 163.4864778201543, 'k2': 1.127217425995114e-05, 'D_high': 305369.47947832284, 'fire_exp': 1.0341837609578937, 'P_half': 38.82837025280678, 'pre_dampen_half': 347.79988160923324, 'gpp_af': 1.1300566419249867, 'gpp_b': 3.228689523591491e-05, 'gpp_d': 302.3127748796295, 'ign_k': 0.0026834162496848666, 'ign_c': 6.1609752947414345, 'trop_agb_crit': 6.1198430581046965, 'trop_k_veg': 1.140286245977296, 'fuel_k': 1.8731335591844647, 'fuel_half': 38.21129441691226}.
[I 2026-07-22 21:43:37,957] Trial 365 finished with values: [-0.14535206627461777, 0.8328919036345797] and parameters: {'k1': 0.00016480446427978953, 'D_low': 864.0717009254879, 'k2': 0.0001971137615017176, 'D_high': 887331.2884015184, 'fire_exp': 1.024589524149873, 'P_half': 10.226988730324324, 'pre_dampen_half': 33.71909132517388, 'gpp_af': 0.7539992074650282, 'gpp_b': 0.00012118589392553819, 'gpp_d': 4.576857873108685, 'ign_k': 0.0026834162496848666, 'ign_c': 297.228206986199, 'trop_agb_crit': 24.584290528289387, 'trop_k_veg': 3.754644404143056, 'fuel_k': 0.48736180483849406, 'fuel_half': 52.005817291141206}.
[I 2026-07-22 21:43:38,393] Trial 366 finished with values: [10.364223998053681, 10.364223998053681] and parameters: {'k1': 0.0029707920514735983, 'D_low': 102.19595065529477, 'k2': 1.6559474674046002e-05, 'D_high': 1488557.802851245, 'fire_exp': 1.024589524149873, 'P_half': 48.464976792190825, 'pre_dampen_half': 51.7050075643222, 'gpp_af': 0.09791370130598968, 'gpp_b': 0.0005995821881487623, 'gpp_d': 857.4284557962626, 'ign_k': 0.06807874826564587, 'ign_c': 8.405439129313676, 'trop_agb_crit': 24.584290528289387, 'trop_k_veg': 6.911478238001162, 'fuel_k': 0.48736180483849406, 'fuel_half': 52.005817291141206}.
[I 2026-07-22 21:43:38,855] Trial 367 finished with values: [10.044068500786917, 10.044068500786917] and parameters: {'k1': 0.002971796631657383, 'D_low': 102.19595065529477, 'k2': 0.015109086063191909, 'D_high': 580966.5602369158, 'fire_exp': 1.0862503061991866, 'P_half': 220.3445560633069, 'pre_dampen_half': 294.75617712568373, 'gpp_af': 1.1300566419249867, 'gpp_b': 1.7565109007473816e-05, 'gpp_d': 9.00460602264307, 'ign_k': 0.050346969882634894, 'ign_c': 6.1609752947414345, 'trop_agb_crit': 5.707205898008383, 'trop_k_veg': 0.5695379443977426, 'fuel_k': 0.028970790717327534, 'fuel_half': 16.371966573507315}.
[I 2026-07-22 21:43:39,356] Trial 368 finished with values: [10.672182122099299, 10.672182122099299] and parameters: {'k1': 1.8205657658407255e-05, 'D_low': 13.25142220631392, 'k2': 0.003045524314144144, 'D_high': 1190.1726205793925, 'fire_exp': 1.3219590610242518, 'P_half': 2.458603276328005, 'pre_dampen_half': 36.876350096202984, 'gpp_af': 0.11022143612695977, 'gpp_b': 0.0005392415140872105, 'gpp_d': 8.057329182285729, 'ign_k': 0.006039096247545781, 'ign_c': 0.15239409361703363, 'trop_agb_crit': 3.5323948516928385, 'trop_k_veg': 7.7306957218787575, 'fuel_k': 2.637916642113786, 'fuel_half': 7.259866824755671}.
[I 2026-07-22 21:43:39,820] Trial 369 finished with values: [10.933840168812685, 10.933840168812685] and parameters: {'k1': 0.00016480446427978953, 'D_low': 247.75146043208053, 'k2': 1.127217425995114e-05, 'D_high': 887331.2884015184, 'fire_exp': 1.024589524149873, 'P_half': 13.019246714361572, 'pre_dampen_half': 347.79988160923324, 'gpp_af': 0.7539992074650282, 'gpp_b': 0.0054502936945582505, 'gpp_d': 16.460426816350534, 'ign_k': 5.985024829384178, 'ign_c': 11.40086370112731, 'trop_agb_crit': 9.836162684900028, 'trop_k_veg': 0.9793402026070162, 'fuel_k': 0.48736180483849406, 'fuel_half': 1.3547291924247347}.
[I 2026-07-22 21:43:40,245] Trial 370 finished with values: [13.378544260999764, 13.378544260999764] and parameters: {'k1': 0.0029707920514735983, 'D_low': 13.25142220631392, 'k2': 0.002342238625792905, 'D_high': 1488557.802851245, 'fire_exp': 1.3219590610242518, 'P_half': 1.4468941663899353, 'pre_dampen_half': 347.79988160923324, 'gpp_af': 29.925002022877816, 'gpp_b': 0.0005995821881487623, 'gpp_d': 857.4284557962626, 'ign_k': 4.59148521674054, 'ign_c': 8.405439129313676, 'trop_agb_crit': 15.870971677383487, 'trop_k_veg': 6.911478238001162, 'fuel_k': 3.6992394681929355, 'fuel_half': 2.9236782115513154}.
[I 2026-07-22 21:43:40,726] Trial 371 finished with values: [-0.6008323889340432, 0.7339070788254497] and parameters: {'k1': 0.004312951023617458, 'D_low': 9.497440085397416, 'k2': 1.915468390724633e-05, 'D_high': 71534.52030884045, 'fire_exp': 1.2120759485719061, 'P_half': 13.019246714361572, 'pre_dampen_half': 502.5175192217655, 'gpp_af': 0.7539992074650282, 'gpp_b': 0.0032930655419269924, 'gpp_d': 2.8006820077310226, 'ign_k': 5.985024829384178, 'ign_c': 4.1108484350212295, 'trop_agb_crit': 9.836162684900028, 'trop_k_veg': 1.7570501127699656, 'fuel_k': 4.680936683972859, 'fuel_half': 52.005817291141206}.
[I 2026-07-22 21:43:41,173] Trial 372 finished with values: [-0.6302046185140145, 0.7171654440282089] and parameters: {'k1': 0.0029707920514735983, 'D_low': 163.4864778201543, 'k2': 2.1698375693549493e-05, 'D_high': 1693415.5410667954, 'fire_exp': 1.0341837609578937, 'P_half': 10.226988730324324, 'pre_dampen_half': 36.876350096202984, 'gpp_af': 0.0025511964576171086, 'gpp_b': 3.228689523591491e-05, 'gpp_d': 857.4284557962626, 'ign_k': 0.018707420137660268, 'ign_c': 6.1609752947414345, 'trop_agb_crit': 6.1198430581046965, 'trop_k_veg': 0.9793402026070162, 'fuel_k': 2.5629765645018403, 'fuel_half': 38.21129441691226}.
[I 2026-07-22 21:43:41,654] Trial 373 finished with values: [10.335027072242857, 10.335027072242857] and parameters: {'k1': 0.00013783578294796384, 'D_low': 6220.638781359816, 'k2': 2.1698375693549493e-05, 'D_high': 580966.5602369158, 'fire_exp': 1.6993314578694854, 'P_half': 136.0956887810302, 'pre_dampen_half': 33.97904243111269, 'gpp_af': 0.0025511964576171086, 'gpp_b': 3.228689523591491e-05, 'gpp_d': 9.00460602264307, 'ign_k': 0.03141110271934876, 'ign_c': 0.9294394155644988, 'trop_agb_crit': 9.836162684900028, 'trop_k_veg': 0.9369104721775232, 'fuel_k': 1.312881567992459, 'fuel_half': 15.298506868937444}.
[I 2026-07-22 21:43:42,119] Trial 374 finished with values: [-0.38369723453569404, 0.6676338588553573] and parameters: {'k1': 0.00016480446427978953, 'D_low': 102.19595065529477, 'k2': 0.002342238625792905, 'D_high': 145242.37928628005, 'fire_exp': 1.0341837609578937, 'P_half': 2.458603276328005, 'pre_dampen_half': 26.373339933815235, 'gpp_af': 1.1300566419249867, 'gpp_b': 0.0054502936945582505, 'gpp_d': 16.460426816350534, 'ign_k': 0.006290644294586149, 'ign_c': 8.405439129313676, 'trop_agb_crit': 6.1198430581046965, 'trop_k_veg': 0.5695379443977426, 'fuel_k': 0.08612665817296865, 'fuel_half': 16.371966573507315}.
[I 2026-07-22 21:43:42,581] Trial 375 finished with values: [10.580815173372912, 10.580815173372912] and parameters: {'k1': 0.003242143344038315, 'D_low': 6220.638781359816, 'k2': 2.1698375693549493e-05, 'D_high': 1026.0852623190942, 'fire_exp': 1.1239133746826044, 'P_half': 136.0956887810302, 'pre_dampen_half': 33.97904243111269, 'gpp_af': 0.005618069878716736, 'gpp_b': 3.228689523591491e-05, 'gpp_d': 397.44595568350155, 'ign_k': 0.03141110271934876, 'ign_c': 2.329535895346768, 'trop_agb_crit': 15.870971677383487, 'trop_k_veg': 4.130963924640279, 'fuel_k': 0.04572914063536324, 'fuel_half': 42.6871254378718}.
[I 2026-07-22 21:43:43,043] Trial 376 finished with values: [11.628600033325753, 11.628600033325753] and parameters: {'k1': 0.003242143344038315, 'D_low': 102.19595065529477, 'k2': 2.1698375693549493e-05, 'D_high': 580966.5602369158, 'fire_exp': 1.0862503061991866, 'P_half': 220.3445560633069, 'pre_dampen_half': 33.97904243111269, 'gpp_af': 0.0025511964576171086, 'gpp_b': 3.228689523591491e-05, 'gpp_d': 9.00460602264307, 'ign_k': 3.210808548911192, 'ign_c': 0.11650681118986138, 'trop_agb_crit': 15.870971677383487, 'trop_k_veg': 1.6340262437673856, 'fuel_k': 1.312881567992459, 'fuel_half': 0.12399445060149628}.
[I 2026-07-22 21:43:43,488] Trial 377 finished with values: [-0.6822227918340109, 0.7501584776272128] and parameters: {'k1': 0.003242143344038315, 'D_low': 163.4864778201543, 'k2': 2.1698375693549493e-05, 'D_high': 580966.5602369158, 'fire_exp': 1.0862503061991866, 'P_half': 10.226988730324324, 'pre_dampen_half': 33.97904243111269, 'gpp_af': 0.0025511964576171086, 'gpp_b': 3.228689523591491e-05, 'gpp_d': 9.00460602264307, 'ign_k': 0.03141110271934876, 'ign_c': 0.11650681118986138, 'trop_agb_crit': 15.870971677383487, 'trop_k_veg': 0.9369104721775232, 'fuel_k': 1.312881567992459, 'fuel_half': 42.6871254378718}.
[I 2026-07-22 21:43:43,951] Trial 378 finished with values: [10.664618693791867, 10.664618693791867] and parameters: {'k1': 0.002971796631657383, 'D_low': 163.4864778201543, 'k2': 1.127217425995114e-05, 'D_high': 305369.47947832284, 'fire_exp': 1.0341837609578937, 'P_half': 38.82837025280678, 'pre_dampen_half': 347.79988160923324, 'gpp_af': 1.1300566419249867, 'gpp_b': 0.00012118589392553819, 'gpp_d': 302.3127748796295, 'ign_k': 0.05681482545113264, 'ign_c': 79.62155254464994, 'trop_agb_crit': 12.285102065067687, 'trop_k_veg': 1.140286245977296, 'fuel_k': 1.8731335591844647, 'fuel_half': 38.21129441691226}.
[I 2026-07-22 21:43:44,424] Trial 379 finished with values: [10.146568114441278, 10.146568114441278] and parameters: {'k1': 0.00013783578294796384, 'D_low': 2.9612221068836555, 'k2': 1.6559474674046002e-05, 'D_high': 1693415.5410667954, 'fire_exp': 1.5619425024339857, 'P_half': 13.019246714361572, 'pre_dampen_half': 33.97904243111269, 'gpp_af': 0.015769192447197523, 'gpp_b': 0.0005392415140872105, 'gpp_d': 302.3127748796295, 'ign_k': 0.024287565087611766, 'ign_c': 0.11650681118986138, 'trop_agb_crit': 15.870971677383487, 'trop_k_veg': 1.6340262437673856, 'fuel_k': 0.08612665817296865, 'fuel_half': 38.21129441691226}.
[I 2026-07-22 21:43:44,881] Trial 380 finished with values: [10.767064496182465, 10.767064496182465] and parameters: {'k1': 0.003242143344038315, 'D_low': 6220.638781359816, 'k2': 0.002342238625792905, 'D_high': 580966.5602369158, 'fire_exp': 1.024589524149873, 'P_half': 10.226988730324324, 'pre_dampen_half': 33.97904243111269, 'gpp_af': 0.0025511964576171086, 'gpp_b': 1.739960657464621, 'gpp_d': 2.8006820077310226, 'ign_k': 0.03141110271934876, 'ign_c': 15.221840161091619, 'trop_agb_crit': 21.401581507853507, 'trop_k_veg': 0.9369104721775232, 'fuel_k': 4.680936683972859, 'fuel_half': 0.12399445060149628}.
[I 2026-07-22 21:43:45,315] Trial 381 finished with values: [10.657205725981202, 10.657205725981202] and parameters: {'k1': 1.8595266457134027e-05, 'D_low': 1.6646452049870526, 'k2': 0.0001971137615017176, 'D_high': 3390.98259947779, 'fire_exp': 1.288726787994845, 'P_half': 38.82837025280678, 'pre_dampen_half': 347.79988160923324, 'gpp_af': 0.12243451886824051, 'gpp_b': 0.00012118589392553819, 'gpp_d': 4.576857873108685, 'ign_k': 0.0026834162496848666, 'ign_c': 6.1609752947414345, 'trop_agb_crit': 12.285102065067687, 'trop_k_veg': 1.140286245977296, 'fuel_k': 0.08612665817296865, 'fuel_half': 1.3547291924247347}.
[I 2026-07-22 21:43:45,750] Trial 382 finished with values: [-0.42910070622019736, 0.9011745985397549] and parameters: {'k1': 0.00013783578294796384, 'D_low': 102.19595065529477, 'k2': 1.915468390724633e-05, 'D_high': 887331.2884015184, 'fire_exp': 1.0341837609578937, 'P_half': 234.09994646132157, 'pre_dampen_half': 347.79988160923324, 'gpp_af': 36.46000535317359, 'gpp_b': 0.0054502936945582505, 'gpp_d': 2.8006820077310226, 'ign_k': 5.985024829384178, 'ign_c': 6.3906950920732175, 'trop_agb_crit': 24.584290528289387, 'trop_k_veg': 0.8966698264662736, 'fuel_k': 0.48736180483849406, 'fuel_half': 1.3547291924247347}.
[I 2026-07-22 21:43:46,232] Trial 383 finished with values: [-0.42720989872317167, 0.8839647964692288] and parameters: {'k1': 0.003242143344038315, 'D_low': 163.4864778201543, 'k2': 7.67074891445376e-05, 'D_high': 54676.348298259276, 'fire_exp': 1.0341837609578937, 'P_half': 10.226988730324324, 'pre_dampen_half': 10.059683154936915, 'gpp_af': 29.925002022877816, 'gpp_b': 1.7565109007473816e-05, 'gpp_d': 373.3014953695604, 'ign_k': 1.07907786430243, 'ign_c': 6.1609752947414345, 'trop_agb_crit': 2.539877620672643, 'trop_k_veg': 0.9369104721775232, 'fuel_k': 0.028970790717327534, 'fuel_half': 16.371966573507315}.
