[I 2026-07-22 20:39:51,397] Trial 594 finished with values: [12.909660506594506, 12.909660506594506] and parameters: {'k1': 0.012840669372724958, 'D_low': 2240.9155921647994, 'k2': 0.014666151770108535, 'D_high': 2742371.6496047364, 'fire_exp': 1.1234725391720877, 'P_half': 93.43302657318476, 'pre_dampen_half': 13.472769577631588, 'gpp_af': 0.2991469302130216, 'gpp_b': 0.004458440839692221, 'gpp_d': 9.383863373218398, 'ign_k': 2.7142572552186843, 'ign_c': 0.2939463458625969, 'trop_agb_crit': 5.41732493750772, 'trop_k_veg': 2.1144348148283285, 'fuel_k': 4.710433409437071, 'fuel_half': 1.0889347318773486}.
[I 2026-07-22 20:39:51,829] Trial 595 finished with values: [-0.5389663364949748, 0.08961356893635786] and parameters: {'k1': 0.008471801418819975, 'D_low': 2240.9155921647994, 'k2': 0.014666151770108535, 'D_high': 2742371.6496047364, 'fire_exp': 1.9025702662542903, 'P_half': 355.00125258511594, 'pre_dampen_half': 13.472769577631588, 'gpp_af': 3.470266988650414, 'gpp_b': 1.775976252491052e-05, 'gpp_d': 352.0481045526035, 'ign_k': 0.0029519227433917453, 'ign_c': 0.2939463458625969, 'trop_agb_crit': 9.286923253577127, 'trop_k_veg': 2.1144348148283285, 'fuel_k': 5.9775400127657585, 'fuel_half': 1.3323297901105766}.
[I 2026-07-22 20:39:52,284] Trial 596 finished with values: [10.725722584552106, 10.725722584552106] and parameters: {'k1': 0.00022704877557909215, 'D_low': 216.6574784061471, 'k2': 0.0009562822793888481, 'D_high': 2413579.2291304003, 'fire_exp': 1.5532616753672623, 'P_half': 8935.977793528187, 'pre_dampen_half': 16.224010950061366, 'gpp_af': 3.470266988650414, 'gpp_b': 1.3289448722869181e-05, 'gpp_d': 36.831884165358964, 'ign_k': 2.136832907235876, 'ign_c': 17.583640270008498, 'trop_agb_crit': 2.7395739167173065, 'trop_k_veg': 0.681921925779883, 'fuel_k': 0.07002142869039267, 'fuel_half': 0.3036855685244964}.
[I 2026-07-22 20:39:52,741] Trial 597 finished with values: [-0.6909006672377349, 0.09538896650734352] and parameters: {'k1': 0.008471801418819975, 'D_low': 2240.9155921647994, 'k2': 0.014666151770108535, 'D_high': 2742371.6496047364, 'fire_exp': 1.5532616753672623, 'P_half': 355.00125258511594, 'pre_dampen_half': 13.472769577631588, 'gpp_af': 0.2901272149738624, 'gpp_b': 0.0028993292583566945, 'gpp_d': 352.0481045526035, 'ign_k': 2.136832907235876, 'ign_c': 0.26691447170887805, 'trop_agb_crit': 12.647327018493208, 'trop_k_veg': 0.8170196702261714, 'fuel_k': 0.07002142869039267, 'fuel_half': 3.75205585512428}.
[I 2026-07-22 20:39:53,192] Trial 598 finished with values: [10.231397182611135, 10.231397182611135] and parameters: {'k1': 0.012840669372724958, 'D_low': 2240.9155921647994, 'k2': 0.06598741607403362, 'D_high': 2742371.6496047364, 'fire_exp': 1.9025702662542903, 'P_half': 93.43302657318476, 'pre_dampen_half': 13.472769577631588, 'gpp_af': 0.2991469302130216, 'gpp_b': 0.0001484082099455773, 'gpp_d': 352.0481045526035, 'ign_k': 0.0029519227433917453, 'ign_c': 44.67752817973901, 'trop_agb_crit': 9.286923253577127, 'trop_k_veg': 0.8170196702261714, 'fuel_k': 4.710433409437071, 'fuel_half': 0.17108183937377372}.
[I 2026-07-22 20:39:53,626] Trial 599 finished with values: [10.332896923694328, 10.332896923694328] and parameters: {'k1': 3.513654139451101e-05, 'D_low': 2240.9155921647994, 'k2': 0.00016536937182824412, 'D_high': 2742371.6496047364, 'fire_exp': 1.8719045352638064, 'P_half': 603.3623633620597, 'pre_dampen_half': 13.472769577631588, 'gpp_af': 0.2991469302130216, 'gpp_b': 2.176805640408474e-05, 'gpp_d': 352.0481045526035, 'ign_k': 0.0029519227433917453, 'ign_c': 44.67752817973901, 'trop_agb_crit': 12.647327018493208, 'trop_k_veg': 2.1144348148283285, 'fuel_k': 4.710433409437071, 'fuel_half': 1.3323297901105766}.
[I 2026-07-22 20:39:54,053] Trial 600 finished with values: [-0.6768088801554213, 0.08419827986496753] and parameters: {'k1': 0.008471801418819975, 'D_low': 2240.9155921647994, 'k2': 0.015109086063191909, 'D_high': 2742371.6496047364, 'fire_exp': 1.5532616753672623, 'P_half': 355.00125258511594, 'pre_dampen_half': 13.472769577631588, 'gpp_af': 0.2901272149738624, 'gpp_b': 0.004458440839692221, 'gpp_d': 274.48645214004335, 'ign_k': 2.136832907235876, 'ign_c': 0.2939463458625969, 'trop_agb_crit': 12.647327018493208, 'trop_k_veg': 0.8170196702261714, 'fuel_k': 0.025620781631399487, 'fuel_half': 3.75205585512428}.
[I 2026-07-22 20:39:54,474] Trial 601 finished with values: [10.18931424400524, 10.18931424400524] and parameters: {'k1': 0.007926237587961899, 'D_low': 35.437765484261625, 'k2': 0.06598741607403362, 'D_high': 2742371.6496047364, 'fire_exp': 1.5704801393982246, 'P_half': 44.71679901231308, 'pre_dampen_half': 1.050978521342778, 'gpp_af': 0.2991469302130216, 'gpp_b': 0.0001484082099455773, 'gpp_d': 450.59526947401275, 'ign_k': 0.051617677478672866, 'ign_c': 39.52220881906112, 'trop_agb_crit': 8.983402272488592, 'trop_k_veg': 0.8170196702261714, 'fuel_k': 4.710433409437071, 'fuel_half': 0.17108183937377372}.
[I 2026-07-22 20:39:54,891] Trial 602 finished with values: [-0.6935226015626641, 0.1231761049550204] and parameters: {'k1': 0.043264339974928574, 'D_low': 216.6574784061471, 'k2': 0.0009562822793888481, 'D_high': 2413579.2291304003, 'fire_exp': 1.8719045352638064, 'P_half': 355.00125258511594, 'pre_dampen_half': 16.224010950061366, 'gpp_af': 3.470266988650414, 'gpp_b': 2.176805640408474e-05, 'gpp_d': 12.151631524283598, 'ign_k': 2.136832907235876, 'ign_c': 17.583640270008498, 'trop_agb_crit': 2.7395739167173065, 'trop_k_veg': 3.1470652177597604, 'fuel_k': 0.9853604572233567, 'fuel_half': 1.3323297901105766}.
[I 2026-07-22 20:39:55,313] Trial 603 finished with values: [10.328869752513231, 10.328869752513231] and parameters: {'k1': 0.028401063201780267, 'D_low': 216.6574784061471, 'k2': 0.00033271381912662167, 'D_high': 2742371.6496047364, 'fire_exp': 1.9025702662542903, 'P_half': 355.00125258511594, 'pre_dampen_half': 16.224010950061366, 'gpp_af': 0.03522602097143089, 'gpp_b': 2.852199954727099e-05, 'gpp_d': 12.338826503601998, 'ign_k': 0.0029519227433917453, 'ign_c': 44.67752817973901, 'trop_agb_crit': 9.286923253577127, 'trop_k_veg': 2.1144348148283285, 'fuel_k': 0.10978148458640455, 'fuel_half': 0.3036855685244964}.
[I 2026-07-22 20:39:55,739] Trial 604 finished with values: [10.361086150874412, 10.361086150874412] and parameters: {'k1': 0.008471801418819975, 'D_low': 2240.9155921647994, 'k2': 0.005884974770225298, 'D_high': 693439.2750387826, 'fire_exp': 1.5532616753672623, 'P_half': 355.00125258511594, 'pre_dampen_half': 13.472769577631588, 'gpp_af': 0.2991469302130216, 'gpp_b': 0.004458440839692221, 'gpp_d': 274.48645214004335, 'ign_k': 0.0029519227433917453, 'ign_c': 0.2939463458625969, 'trop_agb_crit': 12.647327018493208, 'trop_k_veg': 7.808383845409476, 'fuel_k': 0.07002142869039267, 'fuel_half': 3.75205585512428}.
[I 2026-07-22 20:39:56,171] Trial 605 finished with values: [-0.5381562226472446, 0.09581343742517434] and parameters: {'k1': 0.0011101191524846067, 'D_low': 2240.9155921647994, 'k2': 0.015602015889668856, 'D_high': 2742371.6496047364, 'fire_exp': 1.9025702662542903, 'P_half': 93.43302657318476, 'pre_dampen_half': 13.472769577631588, 'gpp_af': 0.04897515106470033, 'gpp_b': 0.0001484082099455773, 'gpp_d': 352.0481045526035, 'ign_k': 0.0011417577140741143, 'ign_c': 44.67752817973901, 'trop_agb_crit': 8.983402272488592, 'trop_k_veg': 0.8170196702261714, 'fuel_k': 4.710433409437071, 'fuel_half': 1.3323297901105766}.
[I 2026-07-22 20:39:56,605] Trial 606 finished with values: [-0.4056076780744823, 0.10503501699651563] and parameters: {'k1': 0.0011101191524846067, 'D_low': 2240.9155921647994, 'k2': 0.015602015889668856, 'D_high': 693439.2750387826, 'fire_exp': 1.1248464050065299, 'P_half': 355.00125258511594, 'pre_dampen_half': 13.472769577631588, 'gpp_af': 0.2901272149738624, 'gpp_b': 0.004458440839692221, 'gpp_d': 352.0481045526035, 'ign_k': 0.0029519227433917453, 'ign_c': 0.26691447170887805, 'trop_agb_crit': 12.647327018493208, 'trop_k_veg': 0.8170196702261714, 'fuel_k': 0.07002142869039267, 'fuel_half': 1.3323297901105766}.
[I 2026-07-22 20:39:57,036] Trial 607 finished with values: [10.920059068458997, 10.920059068458997] and parameters: {'k1': 0.0009299619346742016, 'D_low': 2240.9155921647994, 'k2': 0.015109086063191909, 'D_high': 693439.2750387826, 'fire_exp': 1.1234725391720877, 'P_half': 93.43302657318476, 'pre_dampen_half': 14.689407256107613, 'gpp_af': 0.05511595477601764, 'gpp_b': 2.176805640408474e-05, 'gpp_d': 274.48645214004335, 'ign_k': 0.038563028138793747, 'ign_c': 30.785541778315018, 'trop_agb_crit': 9.286923253577127, 'trop_k_veg': 0.6673144260285098, 'fuel_k': 4.710433409437071, 'fuel_half': 1.0889347318773486}.
[I 2026-07-22 20:39:57,462] Trial 608 finished with values: [10.099176084918785, 10.099176084918785] and parameters: {'k1': 0.012840669372724958, 'D_low': 3.86371393182755, 'k2': 0.00016536937182824412, 'D_high': 2742371.6496047364, 'fire_exp': 1.8719045352638064, 'P_half': 102.4585893986732, 'pre_dampen_half': 0.9829324480069707, 'gpp_af': 0.2991469302130216, 'gpp_b': 2.176805640408474e-05, 'gpp_d': 40.95062894476691, 'ign_k': 0.00891606651464436, 'ign_c': 0.12510188850164433, 'trop_agb_crit': 8.983402272488592, 'trop_k_veg': 0.8170196702261714, 'fuel_k': 4.710433409437071, 'fuel_half': 1.3323297901105766}.
[I 2026-07-22 20:39:57,882] Trial 609 finished with values: [-0.7434852726678918, 0.08700158792421298] and parameters: {'k1': 0.00022704877557909215, 'D_low': 216.6574784061471, 'k2': 0.0006863458703786212, 'D_high': 693439.2750387826, 'fire_exp': 1.5704801393982246, 'P_half': 355.00125258511594, 'pre_dampen_half': 16.224010950061366, 'gpp_af': 0.015875524914818664, 'gpp_b': 2.852199954727099e-05, 'gpp_d': 36.831884165358964, 'ign_k': 2.7142572552186843, 'ign_c': 17.583640270008498, 'trop_agb_crit': 2.7395739167173065, 'trop_k_veg': 3.1470652177597604, 'fuel_k': 0.057024351269772615, 'fuel_half': 0.3036855685244964}.
[I 2026-07-22 20:39:58,316] Trial 610 finished with values: [10.374479585955847, 10.374479585955847] and parameters: {'k1': 0.028401063201780267, 'D_low': 35.437765484261625, 'k2': 0.02989647175615661, 'D_high': 2413579.2291304003, 'fire_exp': 1.5191397119156032, 'P_half': 789.505697600963, 'pre_dampen_half': 16.224010950061366, 'gpp_af': 0.015875524914818664, 'gpp_b': 0.0001484082099455773, 'gpp_d': 12.338826503601998, 'ign_k': 0.0029519227433917453, 'ign_c': 39.52220881906112, 'trop_agb_crit': 2.7395739167173065, 'trop_k_veg': 1.3987664054208562, 'fuel_k': 0.025620781631399487, 'fuel_half': 0.6603566884894324}.
[I 2026-07-22 20:39:58,756] Trial 611 finished with values: [10.449844388342582, 10.449844388342582] and parameters: {'k1': 0.012840669372724958, 'D_low': 216.6574784061471, 'k2': 0.014666151770108535, 'D_high': 2007776.2367162877, 'fire_exp': 1.8719045352638064, 'P_half': 355.00125258511594, 'pre_dampen_half': 13.472769577631588, 'gpp_af': 0.2901272149738624, 'gpp_b': 0.0028993292583566945, 'gpp_d': 352.0481045526035, 'ign_k': 0.013276678836047658, 'ign_c': 17.583640270008498, 'trop_agb_crit': 2.679156169946616, 'trop_k_veg': 0.8170196702261714, 'fuel_k': 0.07002142869039267, 'fuel_half': 0.3036855685244964}.
[I 2026-07-22 20:39:59,193] Trial 612 finished with values: [10.347553722563864, 10.347553722563864] and parameters: {'k1': 0.012840669372724958, 'D_low': 2240.9155921647994, 'k2': 0.014666151770108535, 'D_high': 693439.2750387826, 'fire_exp': 1.1234725391720877, 'P_half': 60.759029110813756, 'pre_dampen_half': 0.7245868181143029, 'gpp_af': 0.2991469302130216, 'gpp_b': 0.004458440839692221, 'gpp_d': 352.0481045526035, 'ign_k': 0.0029519227433917453, 'ign_c': 5.199673923878318, 'trop_agb_crit': 2.679156169946616, 'trop_k_veg': 2.1144348148283285, 'fuel_k': 0.025620781631399487, 'fuel_half': 1.0889347318773486}.
[I 2026-07-22 20:39:59,621] Trial 613 finished with values: [-0.5750661085247831, 0.07143266799457315] and parameters: {'k1': 0.0006533684593224971, 'D_low': 216.6574784061471, 'k2': 0.00033271381912662167, 'D_high': 29533.947738179515, 'fire_exp': 1.5191397119156032, 'P_half': 157.80309954142965, 'pre_dampen_half': 16.224010950061366, 'gpp_af': 0.023485690470339222, 'gpp_b': 2.852199954727099e-05, 'gpp_d': 12.338826503601998, 'ign_k': 2.7142572552186843, 'ign_c': 17.583640270008498, 'trop_agb_crit': 2.7395739167173065, 'trop_k_veg': 2.724170387400844, 'fuel_k': 0.016620306147390372, 'fuel_half': 0.3036855685244964}.
[I 2026-07-22 20:40:00,058] Trial 614 finished with values: [10.766465647133984, 10.766465647133984] and parameters: {'k1': 0.0011101191524846067, 'D_low': 2240.9155921647994, 'k2': 0.015602015889668856, 'D_high': 32.654985674765705, 'fire_exp': 1.9025702662542903, 'P_half': 93.43302657318476, 'pre_dampen_half': 13.472769577631588, 'gpp_af': 0.2991469302130216, 'gpp_b': 0.0028993292583566945, 'gpp_d': 352.0481045526035, 'ign_k': 0.0029519227433917453, 'ign_c': 11.462237838612072, 'trop_agb_crit': 3.3933702290907823, 'trop_k_veg': 2.1144348148283285, 'fuel_k': 4.710433409437071, 'fuel_half': 1.3323297901105766}.
[I 2026-07-22 20:40:00,495] Trial 615 finished with values: [10.108580179595089, 10.108580179595089] and parameters: {'k1': 0.00018391807805583142, 'D_low': 2240.9155921647994, 'k2': 0.015602015889668856, 'D_high': 2742371.6496047364, 'fire_exp': 1.5704801393982246, 'P_half': 93.43302657318476, 'pre_dampen_half': 565.0116730717867, 'gpp_af': 0.04897515106470033, 'gpp_b': 0.005419266601560437, 'gpp_d': 352.0481045526035, 'ign_k': 0.012868405331151606, 'ign_c': 44.67752817973901, 'trop_agb_crit': 9.286923253577127, 'trop_k_veg': 2.1144348148283285, 'fuel_k': 0.41829719944607047, 'fuel_half': 1.3323297901105766}.
[I 2026-07-22 20:40:00,924] Trial 616 finished with values: [10.911601204169472, 10.911601204169472] and parameters: {'k1': 0.008471801418819975, 'D_low': 2.4063018320720926, 'k2': 0.0009562822793888481, 'D_high': 2742371.6496047364, 'fire_exp': 1.5532616753672623, 'P_half': 355.00125258511594, 'pre_dampen_half': 9.16302609334724, 'gpp_af': 3.470266988650414, 'gpp_b': 1.3289448722869181e-05, 'gpp_d': 722.6207258080483, 'ign_k': 2.136832907235876, 'ign_c': 1.8522006003174372, 'trop_agb_crit': 10.215415653610627, 'trop_k_veg': 1.9658897090912955, 'fuel_k': 0.07002142869039267, 'fuel_half': 3.75205585512428}.
[I 2026-07-22 20:40:01,347] Trial 617 finished with values: [10.769162168883508, 10.769162168883508] and parameters: {'k1': 0.0007883068789768041, 'D_low': 3103.3332277537256, 'k2': 0.0009256855841989632, 'D_high': 2007776.2367162877, 'fire_exp': 1.8719045352638064, 'P_half': 102.4585893986732, 'pre_dampen_half': 0.9829324480069707, 'gpp_af': 0.2991469302130216, 'gpp_b': 2.3181698225983545, 'gpp_d': 0.09106188238787616, 'ign_k': 0.0029519227433917453, 'ign_c': 0.12510188850164433, 'trop_agb_crit': 2.679156169946616, 'trop_k_veg': 2.1144348148283285, 'fuel_k': 4.710433409437071, 'fuel_half': 0.30817917005205625}.
  trial  618/2500  pareto_size=5  best_taylor=0.7785  best_ilamb=0.6078  (4.4 min)
[I 2026-07-22 20:40:01,871] Trial 618 finished with values: [-0.4461244810554796, 0.20182859141906329] and parameters: {'k1': 0.00018391807805583142, 'D_low': 35.437765484261625, 'k2': 0.014666151770108535, 'D_high': 693439.2750387826, 'fire_exp': 1.5704801393982246, 'P_half': 44.71679901231308, 'pre_dampen_half': 565.0116730717867, 'gpp_af': 0.015875524914818664, 'gpp_b': 0.005419266601560437, 'gpp_d': 352.0481045526035, 'ign_k': 0.019655597419418837, 'ign_c': 0.12510188850164433, 'trop_agb_crit': 5.613675661974366, 'trop_k_veg': 0.8170196702261714, 'fuel_k': 0.41829719944607047, 'fuel_half': 1.0889347318773486}.
[I 2026-07-22 20:40:02,297] Trial 619 finished with values: [-0.5073353646623234, 0.14483170212920637] and parameters: {'k1': 0.012840669372724958, 'D_low': 3.86371393182755, 'k2': 0.06598741607403362, 'D_high': 2742371.6496047364, 'fire_exp': 1.8719045352638064, 'P_half': 93.43302657318476, 'pre_dampen_half': 0.9829324480069707, 'gpp_af': 0.2991469302130216, 'gpp_b': 0.0001484082099455773, 'gpp_d': 483.22422323215085, 'ign_k': 0.0011417577140741143, 'ign_c': 39.52220881906112, 'trop_agb_crit': 8.983402272488592, 'trop_k_veg': 0.8170196702261714, 'fuel_k': 4.710433409437071, 'fuel_half': 0.17108183937377372}.
[I 2026-07-22 20:40:02,725] Trial 620 finished with values: [10.352841846484695, 10.352841846484695] and parameters: {'k1': 0.0009299619346742016, 'D_low': 2240.9155921647994, 'k2': 0.0006863458703786212, 'D_high': 2742371.6496047364, 'fire_exp': 1.8719045352638064, 'P_half': 102.4585893986732, 'pre_dampen_half': 0.9829324480069707, 'gpp_af': 0.015875524914818664, 'gpp_b': 2.176805640408474e-05, 'gpp_d': 40.95062894476691, 'ign_k': 0.008226074946221037, 'ign_c': 0.12510188850164433, 'trop_agb_crit': 8.983402272488592, 'trop_k_veg': 0.9373278207026222, 'fuel_k': 4.710433409437071, 'fuel_half': 1.3323297901105766}.
[I 2026-07-22 20:40:03,153] Trial 621 finished with values: [10.20408280359838, 10.20408280359838] and parameters: {'k1': 0.012840669372724958, 'D_low': 2240.9155921647994, 'k2': 0.0009256855841989632, 'D_high': 2007776.2367162877, 'fire_exp': 1.8719045352638064, 'P_half': 93.43302657318476, 'pre_dampen_half': 0.9829324480069707, 'gpp_af': 0.2991469302130216, 'gpp_b': 0.0028993292583566945, 'gpp_d': 352.0481045526035, 'ign_k': 0.013276678836047658, 'ign_c': 0.12510188850164433, 'trop_agb_crit': 3.3448187471049953, 'trop_k_veg': 0.8170196702261714, 'fuel_k': 4.710433409437071, 'fuel_half': 0.30817917005205625}.
[I 2026-07-22 20:40:03,590] Trial 622 finished with values: [11.72476433365921, 11.72476433365921] and parameters: {'k1': 0.012840669372724958, 'D_low': 2.6094144106694213, 'k2': 0.014666151770108535, 'D_high': 2742371.6496047364, 'fire_exp': 1.8719045352638064, 'P_half': 119.18981992518337, 'pre_dampen_half': 13.472769577631588, 'gpp_af': 0.2991469302130216, 'gpp_b': 0.0001484082099455773, 'gpp_d': 352.0481045526035, 'ign_k': 0.008226074946221037, 'ign_c': 0.2939463458625969, 'trop_agb_crit': 8.983402272488592, 'trop_k_veg': 0.8170196702261714, 'fuel_k': 4.710433409437071, 'fuel_half': 0.30817917005205625}.
[I 2026-07-22 20:40:04,021] Trial 623 finished with values: [10.767760102962095, 10.767760102962095] and parameters: {'k1': 0.012840669372724958, 'D_low': 2240.9155921647994, 'k2': 0.0009256855841989632, 'D_high': 25.449273060572448, 'fire_exp': 1.5532616753672623, 'P_half': 102.4585893986732, 'pre_dampen_half': 13.472769577631588, 'gpp_af': 0.2901272149738624, 'gpp_b': 0.0001484082099455773, 'gpp_d': 352.0481045526035, 'ign_k': 0.0011417577140741143, 'ign_c': 0.26691447170887805, 'trop_agb_crit': 12.647327018493208, 'trop_k_veg': 4.599337386928772, 'fuel_k': 0.07002142869039267, 'fuel_half': 3.75205585512428}.
[I 2026-07-22 20:40:04,451] Trial 624 finished with values: [10.757795947835772, 10.757795947835772] and parameters: {'k1': 0.008471801418819975, 'D_low': 2240.9155921647994, 'k2': 4.1265168740903634e-05, 'D_high': 693439.2750387826, 'fire_exp': 1.5532616753672623, 'P_half': 355.00125258511594, 'pre_dampen_half': 13.472769577631588, 'gpp_af': 0.05511595477601764, 'gpp_b': 0.004458440839692221, 'gpp_d': 274.48645214004335, 'ign_k': 2.136832907235876, 'ign_c': 30.785541778315018, 'trop_agb_crit': 12.647327018493208, 'trop_k_veg': 4.129715873342729, 'fuel_k': 0.07002142869039267, 'fuel_half': 1.0889347318773486}.
[I 2026-07-22 20:40:04,873] Trial 625 finished with values: [10.258009959614391, 10.258009959614391] and parameters: {'k1': 0.028401063201780267, 'D_low': 25.250645889020458, 'k2': 0.00033271381912662167, 'D_high': 6525529.853354094, 'fire_exp': 1.5191397119156032, 'P_half': 56.22114524476698, 'pre_dampen_half': 8.259599205585763, 'gpp_af': 0.015875524914818664, 'gpp_b': 0.00012118589392553798, 'gpp_d': 0.04409594046630608, 'ign_k': 0.038563028138793747, 'ign_c': 30.785541778315018, 'trop_agb_crit': 6.289029460848807, 'trop_k_veg': 2.724170387400844, 'fuel_k': 0.025620781631399487, 'fuel_half': 1.0889347318773486}.
[I 2026-07-22 20:40:05,293] Trial 626 finished with values: [11.048409100804822, 11.048409100804822] and parameters: {'k1': 0.028401063201780267, 'D_low': 16.00237013173313, 'k2': 0.00033271381912662167, 'D_high': 17380.869053354723, 'fire_exp': 1.5191397119156032, 'P_half': 355.00125258511594, 'pre_dampen_half': 16.224010950061366, 'gpp_af': 0.03522602097143089, 'gpp_b': 2.852199954727099e-05, 'gpp_d': 251.4174619025929, 'ign_k': 2.7142572552186843, 'ign_c': 17.583640270008498, 'trop_agb_crit': 2.7395739167173065, 'trop_k_veg': 2.9556982260250564, 'fuel_k': 4.710433409437071, 'fuel_half': 0.3036855685244964}.
[I 2026-07-22 20:40:05,711] Trial 627 finished with values: [10.287183488738373, 10.287183488738373] and parameters: {'k1': 0.012840669372724958, 'D_low': 8040.151168202726, 'k2': 0.0013546626168109248, 'D_high': 2742371.6496047364, 'fire_exp': 1.1234725391720877, 'P_half': 2.0598022365449626, 'pre_dampen_half': 0.7245868181143029, 'gpp_af': 0.05511595477601764, 'gpp_b': 0.004458440839692221, 'gpp_d': 0.41847427494947753, 'ign_k': 1.104435084712469, 'ign_c': 0.12510188850164433, 'trop_agb_crit': 8.983402272488592, 'trop_k_veg': 2.2447221162684823, 'fuel_k': 0.025620781631399487, 'fuel_half': 0.30817917005205625}.
[I 2026-07-22 20:40:06,138] Trial 628 finished with values: [11.112265316406924, 11.112265316406924] and parameters: {'k1': 0.012840669372724958, 'D_low': 3.86371393182755, 'k2': 0.00016536937182824412, 'D_high': 2742371.6496047364, 'fire_exp': 1.8719045352638064, 'P_half': 93.43302657318476, 'pre_dampen_half': 13.472769577631588, 'gpp_af': 0.2991469302130216, 'gpp_b': 0.0001484082099455773, 'gpp_d': 40.95062894476691, 'ign_k': 0.008226074946221037, 'ign_c': 44.67752817973901, 'trop_agb_crit': 8.983402272488592, 'trop_k_veg': 2.1144348148283285, 'fuel_k': 4.710433409437071, 'fuel_half': 0.30817917005205625}.
