[I 2026-08-19 14:54:24,828] Trial 521 finished with value: -0.5650949254907154 and parameters: {'k1': 0.017408205838708363, 'D_low': 2121.4042836911576, 'k2': 1.7707012502827832e-05, 'D_high': 4925400.346404387, 'fire_exp': 2.137333482227309, 'P_half': 355.45245558260547, 'pre_dampen_half': 4.64968891809625, 'gpp_af': 0.03614309868173744, 'gpp_b': 0.0002998580768931854, 'gpp_d': 0.1343861936450018, 'ign_k': 6.912770221238556, 'ign_c': 2.624884859281521, 'trop_agb_crit': 8.078591036655004, 'trop_k_veg': 4.367885292569233, 'pop_amp': 0.0020969971459009152, 'pop_peak': 0.06602752692129214, 'pop_sig': 0.8552106086523571, 'fuel_k': 5.511420699440461, 'fuel_half': 0.10030282343515182}. Best is trial 421 with value: -0.6216386034937503.
[I 2026-08-19 14:54:27,353] Trial 522 finished with value: -0.5438457766036994 and parameters: {'k1': 0.0039212520053448965, 'D_low': 4.2950230069634525, 'k2': 9.938020401344129e-05, 'D_high': 3821503.5386541407, 'fire_exp': 2.54680019484076, 'P_half': 1.4960542316017378, 'pre_dampen_half': 2.149861819814484, 'gpp_af': 2.4720551066998215, 'gpp_b': 0.018978325229179444, 'gpp_d': 4.027885237202562, 'ign_k': 0.4426010527096258, 'ign_c': 0.8689389955565138, 'trop_agb_crit': 13.761767939979523, 'trop_k_veg': 4.198655980426167, 'pop_amp': 0.1785756628203437, 'pop_peak': 249.3645882578903, 'pop_sig': 0.2972795011857781, 'fuel_k': 0.966996554212363, 'fuel_half': 2.026582174614152}. Best is trial 421 with value: -0.6216386034937503.
[I 2026-08-19 14:54:30,043] Trial 523 finished with value: -0.4253886393961899 and parameters: {'k1': 0.001488205305151329, 'D_low': 692.2606005432875, 'k2': 1.0207143520965842e-05, 'D_high': 9481722.482706713, 'fire_exp': 5.546543589472244, 'P_half': 626.6586340047685, 'pre_dampen_half': 3.338309636848859, 'gpp_af': 2.4708538590510725, 'gpp_b': 0.0002767928950007728, 'gpp_d': 11.5132612109526, 'ign_k': 0.2826198038118276, 'ign_c': 3.250057227521566, 'trop_agb_crit': 11.4976890611769, 'trop_k_veg': 2.027554396191051, 'pop_amp': 0.013428203235492183, 'pop_peak': 112.72485506444997, 'pop_sig': 1.289628082758837, 'fuel_k': 0.3952888079032189, 'fuel_half': 0.7489478263658439}. Best is trial 421 with value: -0.6216386034937503.
[I 2026-08-19 14:54:32,915] Trial 524 finished with value: -0.5705388034924759 and parameters: {'k1': 0.0003877535185096139, 'D_low': 10756.084667724775, 'k2': 4.10963807496383e-05, 'D_high': 814385.952247457, 'fire_exp': 1.2136037162350712, 'P_half': 58.1983459524271, 'pre_dampen_half': 0.44260398472996315, 'gpp_af': 0.4921233013868665, 'gpp_b': 0.0010528913879101205, 'gpp_d': 0.4401131973613563, 'ign_k': 0.967297140079063, 'ign_c': 2.2337574993969525, 'trop_agb_crit': 18.148243865866046, 'trop_k_veg': 6.913960522353468, 'pop_amp': 0.005701076383590122, 'pop_peak': 9.714363669250288, 'pop_sig': 0.4692544429242596, 'fuel_k': 2.763255358707489, 'fuel_half': 0.12320079890009838}. Best is trial 421 with value: -0.6216386034937503.
[I 2026-08-19 14:54:36,030] Trial 525 finished with value: -0.3554625854118624 and parameters: {'k1': 0.008036068401142939, 'D_low': 12065.326816536592, 'k2': 4.150803932741979e-05, 'D_high': 4293349.846634266, 'fire_exp': 1.2951758322377216, 'P_half': 97.25972477712105, 'pre_dampen_half': 0.8071132131658206, 'gpp_af': 0.013479105127590435, 'gpp_b': 0.00046329512667787453, 'gpp_d': 1.132766985057858, 'ign_k': 1.6962005295730387, 'ign_c': 93.48136761626594, 'trop_agb_crit': 25.81430255296489, 'trop_k_veg': 5.964616654433509, 'pop_amp': 0.020483549286356817, 'pop_peak': 0.052318130154830014, 'pop_sig': 0.8810391706341604, 'fuel_k': 0.3656985616307533, 'fuel_half': 0.10810219056240557}. Best is trial 421 with value: -0.6216386034937503.
[I 2026-08-19 14:54:38,717] Trial 526 finished with value: -0.57604401073716 and parameters: {'k1': 0.017009415276536828, 'D_low': 684.2171667292963, 'k2': 0.0004990735061014971, 'D_high': 219786.71127352875, 'fire_exp': 3.786891355563316, 'P_half': 16.860353367431014, 'pre_dampen_half': 50.396159778866036, 'gpp_af': 0.002572083120348931, 'gpp_b': 0.00011378079489741911, 'gpp_d': 0.6103700290356816, 'ign_k': 0.09255942863228143, 'ign_c': 2.306252286334055, 'trop_agb_crit': 2.631516144898855, 'trop_k_veg': 1.6203149679633422, 'pop_amp': 0.708035405522898, 'pop_peak': 125.41031473829051, 'pop_sig': 0.7929950111426717, 'fuel_k': 0.013515862283488724, 'fuel_half': 1.6776386387819742}. Best is trial 421 with value: -0.6216386034937503.
[I 2026-08-19 14:54:41,353] Trial 527 finished with value: -0.504548156495739 and parameters: {'k1': 2.091742008090195e-05, 'D_low': 12.385374056064158, 'k2': 5.916516391626588e-05, 'D_high': 6173417.887453682, 'fire_exp': 1.3373668630429292, 'P_half': 1.1836324672667418, 'pre_dampen_half': 35.16845521893901, 'gpp_af': 4.559223602258272, 'gpp_b': 0.0003262217467246568, 'gpp_d': 808.5681601139397, 'ign_k': 1.1270773205167557, 'ign_c': 9.993487241316773, 'trop_agb_crit': 26.634142449833714, 'trop_k_veg': 2.223585741292603, 'pop_amp': 1.0437675521896426, 'pop_peak': 7.9176537320379365, 'pop_sig': 0.3408349904980858, 'fuel_k': 0.1716891396354158, 'fuel_half': 1.083800812576882}. Best is trial 421 with value: -0.6216386034937503.
[I 2026-08-19 14:54:43,940] Trial 528 finished with value: -0.54607380681327 and parameters: {'k1': 0.000124319332040455, 'D_low': 50.29820090900523, 'k2': 0.0009012142140606685, 'D_high': 2596462.5084545244, 'fire_exp': 1.458998398717439, 'P_half': 14.68787358618929, 'pre_dampen_half': 0.17585407776127493, 'gpp_af': 0.061353701997595766, 'gpp_b': 0.00017317167438582717, 'gpp_d': 22.526672057844543, 'ign_k': 4.577348156858855, 'ign_c': 0.5234804602647424, 'trop_agb_crit': 6.233388735477681, 'trop_k_veg': 6.327608493864075, 'pop_amp': 0.5490576191211571, 'pop_peak': 3.062500068356488, 'pop_sig': 0.2788463702801578, 'fuel_k': 0.6716231521731394, 'fuel_half': 2.7014009293070336}. Best is trial 421 with value: -0.6216386034937503.
  trial  529/2500  best_overall=0.6216  (30.7 min)
[I 2026-08-19 14:54:46,852] Trial 529 finished with value: -0.594595230524648 and parameters: {'k1': 0.001020415403374233, 'D_low': 3424.898798577099, 'k2': 3.567339136530832e-05, 'D_high': 1544952.01111943, 'fire_exp': 1.0974894464910379, 'P_half': 274.2313732446843, 'pre_dampen_half': 10.572117415827545, 'gpp_af': 0.0013631887146495693, 'gpp_b': 1.0197129353192189e-05, 'gpp_d': 0.11791968725903375, 'ign_k': 5.094472623030513, 'ign_c': 1.8616949444373139, 'trop_agb_crit': 6.4974401059719495, 'trop_k_veg': 1.4850669066308404, 'pop_amp': 0.22141880753935797, 'pop_peak': 0.6175040583856464, 'pop_sig': 1.8483685530664367, 'fuel_k': 0.1013979354424206, 'fuel_half': 0.28985472897102543}. Best is trial 421 with value: -0.6216386034937503.
[I 2026-08-19 14:54:49,826] Trial 530 finished with value: -0.33685877739670045 and parameters: {'k1': 0.007773827694204953, 'D_low': 1.1011176456408363, 'k2': 4.790805021460673e-05, 'D_high': 2392414.7051919904, 'fire_exp': 4.721261879647884, 'P_half': 141.0042164196766, 'pre_dampen_half': 133.71970827170244, 'gpp_af': 0.009107641897169613, 'gpp_b': 0.00020168691299935436, 'gpp_d': 72.24732710155766, 'ign_k': 0.6645940980756997, 'ign_c': 0.6273009195335559, 'trop_agb_crit': 16.871848579064377, 'trop_k_veg': 0.8503262343425011, 'pop_amp': 18.35531612332367, 'pop_peak': 3.4849352374458302, 'pop_sig': 0.6070678115073533, 'fuel_k': 0.08874480401334746, 'fuel_half': 12.622480103945954}. Best is trial 421 with value: -0.6216386034937503.
[I 2026-08-19 14:54:53,170] Trial 531 finished with value: -0.385255196345482 and parameters: {'k1': 0.020942310227588346, 'D_low': 13.88536955144491, 'k2': 0.00014942889655832848, 'D_high': 4427087.035311268, 'fire_exp': 2.001347645649247, 'P_half': 2.604251507276035, 'pre_dampen_half': 21.67462609848152, 'gpp_af': 0.01248218464378796, 'gpp_b': 3.7245029741878746e-05, 'gpp_d': 0.38106403728344435, 'ign_k': 0.6446117274084381, 'ign_c': 48.333511027564654, 'trop_agb_crit': 18.221121780307687, 'trop_k_veg': 2.9297146536916503, 'pop_amp': 0.018311867930243995, 'pop_peak': 10.519250660644463, 'pop_sig': 1.9312448871068477, 'fuel_k': 0.018192916883949504, 'fuel_half': 0.7691018110879444}. Best is trial 421 with value: -0.6216386034937503.
[I 2026-08-19 14:54:55,870] Trial 532 finished with value: -0.48120108525353633 and parameters: {'k1': 0.0007509994691343551, 'D_low': 6.778275013301906, 'k2': 0.005824078774231516, 'D_high': 1726675.4599049937, 'fire_exp': 1.1240547321971288, 'P_half': 15.702622452748722, 'pre_dampen_half': 1.219818504168522, 'gpp_af': 0.058479679830388605, 'gpp_b': 0.009074568258408328, 'gpp_d': 36.19802715654641, 'ign_k': 0.0014478476487834804, 'ign_c': 82.06747003381311, 'trop_agb_crit': 13.00897495151312, 'trop_k_veg': 5.504726814132273, 'pop_amp': 10.835864762346143, 'pop_peak': 1.3384679252945613, 'pop_sig': 0.5366118887563737, 'fuel_k': 1.0692581362784108, 'fuel_half': 0.3182536267044976}. Best is trial 421 with value: -0.6216386034937503.
[I 2026-08-19 14:54:58,430] Trial 533 finished with value: -0.5928639887064922 and parameters: {'k1': 8.229534681292983e-05, 'D_low': 153.9155826524805, 'k2': 0.00012057569757335102, 'D_high': 378410.45010480523, 'fire_exp': 1.415344947368692, 'P_half': 95.47739230402529, 'pre_dampen_half': 16.096937593934676, 'gpp_af': 0.05196189050036465, 'gpp_b': 5.560275454294125e-05, 'gpp_d': 15.363203476612698, 'ign_k': 6.70121282261241, 'ign_c': 13.377108905725617, 'trop_agb_crit': 8.071090834250152, 'trop_k_veg': 3.144875626882723, 'pop_amp': 0.08209902753472988, 'pop_peak': 9.187493137305456, 'pop_sig': 1.1660339833840683, 'fuel_k': 0.019467540622148935, 'fuel_half': 0.15185696226004897}. Best is trial 421 with value: -0.6216386034937503.
[I 2026-08-19 14:55:01,083] Trial 534 finished with value: -0.5725549523824383 and parameters: {'k1': 1.5161169500449949e-05, 'D_low': 2437.7135264744506, 'k2': 5.750029964233708e-05, 'D_high': 1359038.2960036995, 'fire_exp': 1.1528250306230727, 'P_half': 55.52157725141634, 'pre_dampen_half': 2.835115460595208, 'gpp_af': 0.0010250908798149175, 'gpp_b': 0.00032425983847519886, 'gpp_d': 90.98529564768599, 'ign_k': 3.6372845646181706, 'ign_c': 15.04451639995421, 'trop_agb_crit': 24.475654538912117, 'trop_k_veg': 0.5670345028568984, 'pop_amp': 3.3031774074584117, 'pop_peak': 2.8144544146382735, 'pop_sig': 1.3665046408204056, 'fuel_k': 0.3828233143984458, 'fuel_half': 0.37869576873396577}. Best is trial 421 with value: -0.6216386034937503.
[I 2026-08-19 14:55:03,853] Trial 535 finished with value: -0.5946960109470597 and parameters: {'k1': 0.035133443215107946, 'D_low': 477.9426762518821, 'k2': 3.527421585483683e-05, 'D_high': 369674.62439202954, 'fire_exp': 1.6102865268599278, 'P_half': 23.562380962411417, 'pre_dampen_half': 4.160101949922749, 'gpp_af': 0.012671245922509053, 'gpp_b': 3.400924903513e-05, 'gpp_d': 6.9939691057277065, 'ign_k': 8.034546284065938, 'ign_c': 10.14547969180921, 'trop_agb_crit': 13.362294976677084, 'trop_k_veg': 7.785730639710236, 'pop_amp': 0.004391743394825326, 'pop_peak': 2.471474764652817, 'pop_sig': 1.930575616150533, 'fuel_k': 0.10700531331495093, 'fuel_half': 0.904212361569227}. Best is trial 421 with value: -0.6216386034937503.
[I 2026-08-19 14:55:06,418] Trial 536 finished with value: -0.3554625854118624 and parameters: {'k1': 0.0026738004362760266, 'D_low': 234.0415916006241, 'k2': 0.0013339137214187118, 'D_high': 776251.5239929337, 'fire_exp': 4.7919741065586035, 'P_half': 5.470539844507475, 'pre_dampen_half': 6.576827154505507, 'gpp_af': 0.12155596333097808, 'gpp_b': 1.0856549996151459e-05, 'gpp_d': 0.02333044461977236, 'ign_k': 0.2928496271757223, 'ign_c': 98.26365791832791, 'trop_agb_crit': 3.972828341168913, 'trop_k_veg': 2.4883560270381766, 'pop_amp': 0.1584357378442321, 'pop_peak': 88.04778353944127, 'pop_sig': 1.311666214882998, 'fuel_k': 0.3749310187004915, 'fuel_half': 6.780983883212857}. Best is trial 421 with value: -0.6216386034937503.
  trial  537/2500  best_overall=0.6216  (31.0 min)
[I 2026-08-19 14:55:09,257] Trial 537 finished with value: -0.3554625854118624 and parameters: {'k1': 4.419847859077317e-05, 'D_low': 34957.98543626727, 'k2': 7.398423242340428e-05, 'D_high': 22810.055253972863, 'fire_exp': 1.2139599312469183, 'P_half': 542.1268503520782, 'pre_dampen_half': 0.08935416417475242, 'gpp_af': 0.0016123247381394682, 'gpp_b': 0.00035880731274445305, 'gpp_d': 14.123590172579567, 'ign_k': 4.588624679597067, 'ign_c': 53.51856156290422, 'trop_agb_crit': 25.09927173524889, 'trop_k_veg': 0.830520554571804, 'pop_amp': 5.90177578665676, 'pop_peak': 135.14779242800884, 'pop_sig': 1.229626807994735, 'fuel_k': 0.6420861972862445, 'fuel_half': 0.18445296266528588}. Best is trial 421 with value: -0.6216386034937503.
[I 2026-08-19 14:55:12,091] Trial 538 finished with value: -0.5610472974278344 and parameters: {'k1': 0.0006225630672792394, 'D_low': 227.35475133155498, 'k2': 1.839934304605256e-05, 'D_high': 159752.92483158837, 'fire_exp': 1.75063764884245, 'P_half': 1.3456098839552262, 'pre_dampen_half': 0.08676257923626436, 'gpp_af': 0.4856258963105843, 'gpp_b': 0.0001991912728542087, 'gpp_d': 702.0788308077806, 'ign_k': 0.3383496272503954, 'ign_c': 3.2699535489316647, 'trop_agb_crit': 8.815559552646466, 'trop_k_veg': 3.2521853749682474, 'pop_amp': 0.19550786048917343, 'pop_peak': 45.41060175671317, 'pop_sig': 0.44401573185743737, 'fuel_k': 4.016094801195499, 'fuel_half': 1.0050327238582373}. Best is trial 421 with value: -0.6216386034937503.
[I 2026-08-19 14:55:14,948] Trial 539 finished with value: -0.32023340348581464 and parameters: {'k1': 0.0008174608593391217, 'D_low': 4.485489814455871, 'k2': 7.136103371236288e-05, 'D_high': 2792495.5009683734, 'fire_exp': 1.0931348115216326, 'P_half': 2.828746623610936, 'pre_dampen_half': 7.556924244284793, 'gpp_af': 0.009533828038411067, 'gpp_b': 1.1435343386303863e-05, 'gpp_d': 355.6592548232258, 'ign_k': 5.438029303264379, 'ign_c': 1.028772850042491, 'trop_agb_crit': 6.987670188933068, 'trop_k_veg': 1.9893198921889834, 'pop_amp': 7.7120251838304545, 'pop_peak': 316.8604989022504, 'pop_sig': 0.47214112400431485, 'fuel_k': 5.968116359838722, 'fuel_half': 0.6742325151566888}. Best is trial 421 with value: -0.6216386034937503.
[I 2026-08-19 14:55:17,850] Trial 540 finished with value: -0.5625893870035849 and parameters: {'k1': 0.023662886147814647, 'D_low': 43.80791134184165, 'k2': 7.036230786224476e-05, 'D_high': 2143375.6568739535, 'fire_exp': 1.2052711888766776, 'P_half': 218.19826799780247, 'pre_dampen_half': 1.0119681266435725, 'gpp_af': 0.011561872554507073, 'gpp_b': 6.830256792437831e-05, 'gpp_d': 0.01945930563319559, 'ign_k': 3.550592366032447, 'ign_c': 3.973014274781996, 'trop_agb_crit': 6.277601270123282, 'trop_k_veg': 5.635477146739839, 'pop_amp': 0.01822496216926055, 'pop_peak': 0.1619628979471839, 'pop_sig': 0.47990686252427606, 'fuel_k': 0.40209924367746885, 'fuel_half': 0.14035280534376207}. Best is trial 421 with value: -0.6216386034937503.
[I 2026-08-19 14:55:20,379] Trial 541 finished with value: -0.464699838909176 and parameters: {'k1': 0.003985822846786887, 'D_low': 24.483040043328426, 'k2': 3.068901127280463e-05, 'D_high': 4651.196996357844, 'fire_exp': 2.4416916330984835, 'P_half': 451.9840234992336, 'pre_dampen_half': 156.28097599636655, 'gpp_af': 0.08605054547381448, 'gpp_b': 0.0015605611431486952, 'gpp_d': 2.7387722970515136, 'ign_k': 0.3214027729677044, 'ign_c': 0.17376703448197184, 'trop_agb_crit': 15.632779997272586, 'trop_k_veg': 2.2192708632615163, 'pop_amp': 4.268676530319999, 'pop_peak': 37.77962831854351, 'pop_sig': 0.3103146833649863, 'fuel_k': 0.21817304392680478, 'fuel_half': 3.5505742288305866}. Best is trial 421 with value: -0.6216386034937503.
[I 2026-08-19 14:55:22,917] Trial 542 finished with value: -0.42122706432959917 and parameters: {'k1': 0.004672838929951593, 'D_low': 945.0827164585424, 'k2': 0.0016232865844232566, 'D_high': 678502.9235022581, 'fire_exp': 4.708253454378846, 'P_half': 2542.757721165807, 'pre_dampen_half': 3.529728073126614, 'gpp_af': 0.007987443454994799, 'gpp_b': 1.4041914026872718e-05, 'gpp_d': 1.5295143803219309, 'ign_k': 0.24363656434175085, 'ign_c': 0.23952111649742677, 'trop_agb_crit': 6.9853884418140755, 'trop_k_veg': 1.179762946374229, 'pop_amp': 0.9169378880940551, 'pop_peak': 242.55740741279172, 'pop_sig': 0.7913722537229356, 'fuel_k': 0.12684105715190333, 'fuel_half': 5.1194646692070425}. Best is trial 421 with value: -0.6216386034937503.
[I 2026-08-19 14:55:25,843] Trial 543 finished with value: -0.4986298318988475 and parameters: {'k1': 0.0005836696612337059, 'D_low': 235.1019415317477, 'k2': 5.3798155004554353e-05, 'D_high': 12138.386788336911, 'fire_exp': 1.3944404342566552, 'P_half': 224.91948665615777, 'pre_dampen_half': 44.910987062940656, 'gpp_af': 0.006764036336109652, 'gpp_b': 0.0003348481481490268, 'gpp_d': 0.01390817288431009, 'ign_k': 2.6504874077607385, 'ign_c': 25.417743652363626, 'trop_agb_crit': 16.764943737498367, 'trop_k_veg': 5.713973157535343, 'pop_amp': 8.813807490311516, 'pop_peak': 2.506062197898009, 'pop_sig': 0.5651091427017787, 'fuel_k': 0.2758092626340613, 'fuel_half': 6.798006126185851}. Best is trial 421 with value: -0.6216386034937503.
[I 2026-08-19 14:55:28,256] Trial 544 finished with value: -0.46815801917190775 and parameters: {'k1': 0.0005889233496179333, 'D_low': 19.34200393566896, 'k2': 5.593881998078979e-05, 'D_high': 4093850.0035017114, 'fire_exp': 5.331521597360887, 'P_half': 433.36487711260276, 'pre_dampen_half': 41.83546681753522, 'gpp_af': 0.004485773335709639, 'gpp_b': 3.94071804966121e-05, 'gpp_d': 10.160718040810762, 'ign_k': 1.3661865844673073, 'ign_c': 0.41874646162547413, 'trop_agb_crit': 7.5396854501000234, 'trop_k_veg': 2.676499234171094, 'pop_amp': 0.5047420800952038, 'pop_peak': 8.898845687537218, 'pop_sig': 1.3558834555988633, 'fuel_k': 0.11721656942203194, 'fuel_half': 2.7861908923428524}. Best is trial 421 with value: -0.6216386034937503.
  trial  545/2500  best_overall=0.6216  (31.4 min)
[I 2026-08-19 14:55:31,283] Trial 545 finished with value: -0.3756850905887272 and parameters: {'k1': 0.0030258579210774637, 'D_low': 321.59650675431857, 'k2': 0.00011369351012358976, 'D_high': 9863771.474725185, 'fire_exp': 2.7698160251138004, 'P_half': 1813.7546056833141, 'pre_dampen_half': 188.06172013909662, 'gpp_af': 6.963003333002326, 'gpp_b': 0.0003310438087547742, 'gpp_d': 0.4700617849632561, 'ign_k': 2.445132643827602, 'ign_c': 1.4410119624989213, 'trop_agb_crit': 29.793290133729435, 'trop_k_veg': 2.2290296986481706, 'pop_amp': 0.0010960088455731355, 'pop_peak': 10.803087399996194, 'pop_sig': 0.9499502297580678, 'fuel_k': 0.30125485724331985, 'fuel_half': 1.4635905794768775}. Best is trial 421 with value: -0.6216386034937503.
[I 2026-08-19 14:55:33,935] Trial 546 finished with value: -0.4485052062597571 and parameters: {'k1': 0.03357652414667697, 'D_low': 18.438308742570676, 'k2': 1.9753248011991395e-05, 'D_high': 69012.67706201572, 'fire_exp': 1.056021193597926, 'P_half': 6.931311165354213, 'pre_dampen_half': 0.10126462069268952, 'gpp_af': 0.0016079259668172028, 'gpp_b': 0.004088890288368014, 'gpp_d': 0.08183124959649449, 'ign_k': 0.3142819318565149, 'ign_c': 5.8518883654960945, 'trop_agb_crit': 10.941766634163061, 'trop_k_veg': 5.322682890248915, 'pop_amp': 0.06948764549876195, 'pop_peak': 2.198732432280299, 'pop_sig': 0.8551510978137268, 'fuel_k': 2.5643785919219577, 'fuel_half': 0.2817654485264741}. Best is trial 421 with value: -0.6216386034937503.
[I 2026-08-19 14:55:36,393] Trial 547 finished with value: -0.4125281516369399 and parameters: {'k1': 1.3953915398742764e-05, 'D_low': 11829.161049266146, 'k2': 3.942212976285527e-05, 'D_high': 20388.68764306652, 'fire_exp': 2.61575477230415, 'P_half': 12.146578931486806, 'pre_dampen_half': 9.716178170637352, 'gpp_af': 0.010530171369701899, 'gpp_b': 3.2633091068348145e-05, 'gpp_d': 0.38278630294462124, 'ign_k': 1.7388735557169492, 'ign_c': 15.559215545492005, 'trop_agb_crit': 21.405593357632313, 'trop_k_veg': 1.9587041692025666, 'pop_amp': 0.09957270801272049, 'pop_peak': 0.191255846119017, 'pop_sig': 1.1422316036231615, 'fuel_k': 0.8995393336773304, 'fuel_half': 0.3512405166332337}. Best is trial 421 with value: -0.6216386034937503.
[I 2026-08-19 14:55:39,061] Trial 548 finished with value: -0.4087728989412889 and parameters: {'k1': 0.00010995655959799272, 'D_low': 29.069681713286567, 'k2': 1.5441819150232823e-05, 'D_high': 1623446.4772558636, 'fire_exp': 1.1023068135252534, 'P_half': 1.7026164243114286, 'pre_dampen_half': 0.41070160698091634, 'gpp_af': 3.0618932761798274, 'gpp_b': 1.0636317598869817e-05, 'gpp_d': 96.47382893651469, 'ign_k': 0.4584016558880061, 'ign_c': 61.89701099467751, 'trop_agb_crit': 10.92251768640485, 'trop_k_veg': 5.8077209262780265, 'pop_amp': 0.530063367974949, 'pop_peak': 36.152422229027835, 'pop_sig': 0.2842750586501026, 'fuel_k': 1.9937304501935094, 'fuel_half': 2.533338070621749}. Best is trial 421 with value: -0.6216386034937503.
[I 2026-08-19 14:55:41,579] Trial 549 finished with value: -0.32466405392424835 and parameters: {'k1': 0.00058084864393487, 'D_low': 242.17504747889834, 'k2': 0.00031458441999772277, 'D_high': 1658198.7744437652, 'fire_exp': 9.30527747875153, 'P_half': 82.99745229554382, 'pre_dampen_half': 373.6584115677599, 'gpp_af': 0.010210326419190351, 'gpp_b': 6.015132550763168e-05, 'gpp_d': 2.296667804889216, 'ign_k': 0.16294987190637508, 'ign_c': 0.21909372601226704, 'trop_agb_crit': 23.487604324846956, 'trop_k_veg': 4.169453468959133, 'pop_amp': 10.79711272655492, 'pop_peak': 23.812610668477554, 'pop_sig': 1.49372231363122, 'fuel_k': 0.1964081259180238, 'fuel_half': 2.2909544503463826}. Best is trial 421 with value: -0.6216386034937503.
