[I 2026-08-20 01:05:49,983] Trial 2168 finished with value: 0.46784635008679065 and parameters: {'k1': 9.711401665279446e-05, 'D_low': 7501.414867419932, 'k2': 0.003422846687619705, 'D_high': 1617048.6055822172, 'fire_exp': 1.4228028406343303, 'P_half': 841.3219914726965, 'pre_dampen_half': 13.374021373643119, 'gpp_af': 0.19148087891587848, 'gpp_b': 1.849691932010555e-05, 'gpp_d': 15.163749289523262, 'ign_k': 9.86248822862255, 'ign_c': 14.093136386854225, 'trop_agb_crit': 11.2408878965024, 'trop_k_veg': 3.0041913071347794}. Best is trial 1285 with value: -0.6015874360929447.
[I 2026-08-20 01:05:51,384] Trial 2169 finished with value: 0.6445374145881376 and parameters: {'k1': 0.08739125007230898, 'D_low': 17.580403547022705, 'k2': 0.00017353895415260392, 'D_high': 4881469.546254038, 'fire_exp': 3.1091503049579443, 'P_half': 17.530094132357558, 'pre_dampen_half': 26.148386812986693, 'gpp_af': 0.9861312622502278, 'gpp_b': 0.00012484669474138035, 'gpp_d': 80.85280763271935, 'ign_k': 0.32874144559540336, 'ign_c': 176.8757772943384, 'trop_agb_crit': 27.826921572078295, 'trop_k_veg': 1.2604851055853845}. Best is trial 1285 with value: -0.6015874360929447.
[I 2026-08-20 01:05:52,762] Trial 2170 finished with value: 0.5947441420750745 and parameters: {'k1': 1.6436858063871445e-05, 'D_low': 6736.300048502044, 'k2': 1.2741481333660928e-05, 'D_high': 6026.025055500066, 'fire_exp': 2.093539920926018, 'P_half': 289.7577318282335, 'pre_dampen_half': 14.507763965860912, 'gpp_af': 52.68455840405617, 'gpp_b': 3.0196373274264157, 'gpp_d': 82.41480915045547, 'ign_k': 0.0011017004554153423, 'ign_c': 0.24819693885072328, 'trop_agb_crit': 2.4194519127238436, 'trop_k_veg': 2.272887017142405}. Best is trial 1285 with value: -0.6015874360929447.
[I 2026-08-20 01:05:54,108] Trial 2171 finished with value: 0.5412826244840947 and parameters: {'k1': 0.0003049795608066638, 'D_low': 3162.1204565536723, 'k2': 0.08078426729393888, 'D_high': 86365.84653332428, 'fire_exp': 1.1915985650834289, 'P_half': 4.3245374117219715, 'pre_dampen_half': 0.3943532482667949, 'gpp_af': 0.2884182936522478, 'gpp_b': 0.011837057359871197, 'gpp_d': 2.924694424397907, 'ign_k': 0.026824190499914097, 'ign_c': 1.0501114303638117, 'trop_agb_crit': 7.867564608453329, 'trop_k_veg': 1.904492832729198}. Best is trial 1285 with value: -0.6015874360929447.
[I 2026-08-20 01:05:55,467] Trial 2172 finished with value: 0.5730646491764545 and parameters: {'k1': 0.00624720202981118, 'D_low': 39.24251309990529, 'k2': 0.0012070142201910854, 'D_high': 1599614.20551476, 'fire_exp': 3.686685579602149, 'P_half': 905.056449188275, 'pre_dampen_half': 0.5486330868041087, 'gpp_af': 24.39052174248733, 'gpp_b': 0.009102495757688773, 'gpp_d': 284.52982575485385, 'ign_k': 1.3264767023024782, 'ign_c': 3.078638516121873, 'trop_agb_crit': 12.37924100144475, 'trop_k_veg': 3.6615068097748145}. Best is trial 1285 with value: -0.6015874360929447.
[I 2026-08-20 01:05:56,819] Trial 2173 finished with value: -0.5787580073129766 and parameters: {'k1': 0.00024637961360185267, 'D_low': 20.230487073093638, 'k2': 0.0010838932811846795, 'D_high': 3707801.119141817, 'fire_exp': 7.210062281958499, 'P_half': 11.26050347678207, 'pre_dampen_half': 56.19766967629272, 'gpp_af': 10.21837745612667, 'gpp_b': 0.035356790469092535, 'gpp_d': 923.3272769254582, 'ign_k': 3.527089915046382, 'ign_c': 5.763297791380724, 'trop_agb_crit': 5.773598264919795, 'trop_k_veg': 1.443666650107621}. Best is trial 1285 with value: -0.6015874360929447.
[I 2026-08-20 01:05:58,196] Trial 2174 finished with value: 0.6445374145881376 and parameters: {'k1': 0.057080394381506847, 'D_low': 518060.3299258518, 'k2': 0.04321837906044155, 'D_high': 51164.253702024114, 'fire_exp': 6.340608051583961, 'P_half': 5697.120508874217, 'pre_dampen_half': 0.937179509197397, 'gpp_af': 0.0016264919455397978, 'gpp_b': 1.8729172799273293e-05, 'gpp_d': 3.6006535068849645, 'ign_k': 0.0010774011463765144, 'ign_c': 0.5129144575507479, 'trop_agb_crit': 6.956021857347652, 'trop_k_veg': 0.7740267976109171}. Best is trial 1285 with value: -0.6015874360929447.
[I 2026-08-20 01:05:59,519] Trial 2175 finished with value: 0.5624983183503629 and parameters: {'k1': 0.015090758037188746, 'D_low': 192.10051535715874, 'k2': 0.00830541252806892, 'D_high': 446144.6231969025, 'fire_exp': 2.0694567757710938, 'P_half': 412.375952487303, 'pre_dampen_half': 0.910805580508103, 'gpp_af': 6.640953411711752, 'gpp_b': 0.007958933421174189, 'gpp_d': 460.4427189407891, 'ign_k': 0.026466497327093243, 'ign_c': 5.26638295895286, 'trop_agb_crit': 17.71153775820254, 'trop_k_veg': 2.3233193495936897}. Best is trial 1285 with value: -0.6015874360929447.
[I 2026-08-20 01:06:00,854] Trial 2176 finished with value: 0.4976944069773849 and parameters: {'k1': 0.0001611039624369869, 'D_low': 2.016862369880654, 'k2': 0.0006909141374773911, 'D_high': 1485271.966261805, 'fire_exp': 4.082645609016848, 'P_half': 3.234009190114812, 'pre_dampen_half': 11.876233578120274, 'gpp_af': 0.22347539988734785, 'gpp_b': 0.0028511963335054085, 'gpp_d': 8.514487676308201, 'ign_k': 0.0982464048781363, 'ign_c': 4.286544074909093, 'trop_agb_crit': 10.773393680203405, 'trop_k_veg': 5.272944117238943}. Best is trial 1285 with value: -0.6015874360929447.
[I 2026-08-20 01:06:02,218] Trial 2177 finished with value: -0.5312620765666602 and parameters: {'k1': 0.09415368656742638, 'D_low': 1.8629225224001356, 'k2': 0.034595455553287954, 'D_high': 630606.4623868953, 'fire_exp': 2.5128341311605196, 'P_half': 53.80922481815031, 'pre_dampen_half': 4.682149936697506, 'gpp_af': 1.1125686320824477, 'gpp_b': 0.15197132352584605, 'gpp_d': 31.9940322253778, 'ign_k': 0.6578022647462975, 'ign_c': 0.10098890832927652, 'trop_agb_crit': 3.7009375791146306, 'trop_k_veg': 1.4993421408160224}. Best is trial 1285 with value: -0.6015874360929447.
[I 2026-08-20 01:06:03,580] Trial 2178 finished with value: 0.6445374145881376 and parameters: {'k1': 0.003503755470945099, 'D_low': 56230.67824434187, 'k2': 0.0004130295543120144, 'D_high': 34709.50529418838, 'fire_exp': 4.300761577593233, 'P_half': 5583.142074096298, 'pre_dampen_half': 0.01192631184170372, 'gpp_af': 0.0012534285689150535, 'gpp_b': 7.481957205929496e-05, 'gpp_d': 147.08031433380978, 'ign_k': 1.1230389751540695, 'ign_c': 353.4269813862522, 'trop_agb_crit': 2.314077407373733, 'trop_k_veg': 1.569694776224794}. Best is trial 1285 with value: -0.6015874360929447.
[I 2026-08-20 01:06:04,949] Trial 2179 finished with value: 0.6445374145881376 and parameters: {'k1': 0.009977732620815232, 'D_low': 67986.96331204925, 'k2': 0.0001859371982508753, 'D_high': 21764.458225010865, 'fire_exp': 2.432451921772949, 'P_half': 5.560271421820809, 'pre_dampen_half': 0.13455441795185605, 'gpp_af': 6.205917549160158, 'gpp_b': 0.002882619650717195, 'gpp_d': 1.0482670186146474, 'ign_k': 4.087356511510355, 'ign_c': 10.854603994443973, 'trop_agb_crit': 2.68126397034067, 'trop_k_veg': 6.856611318418421}. Best is trial 1285 with value: -0.6015874360929447.
[I 2026-08-20 01:06:06,365] Trial 2180 finished with value: 0.6040448551298573 and parameters: {'k1': 0.0014264919054818497, 'D_low': 11.395948679629191, 'k2': 5.569099723888996e-05, 'D_high': 3651.5092213384696, 'fire_exp': 7.544160762517798, 'P_half': 56.401129254674004, 'pre_dampen_half': 70.39547992509121, 'gpp_af': 0.27617057232118697, 'gpp_b': 2.7271165563759615e-05, 'gpp_d': 108.86637078429008, 'ign_k': 4.378200690113682, 'ign_c': 12.305939984602308, 'trop_agb_crit': 3.9582358711390806, 'trop_k_veg': 2.595822515855036}. Best is trial 1285 with value: -0.6015874360929447.
[I 2026-08-20 01:06:08,211] Trial 2181 finished with value: 0.6445374145881376 and parameters: {'k1': 0.017940198133119905, 'D_low': 4.367848235820969, 'k2': 0.024573122344342946, 'D_high': 199.1806585762702, 'fire_exp': 6.667570717769769, 'P_half': 31.483733060439302, 'pre_dampen_half': 590.2837412476798, 'gpp_af': 0.009233458308410781, 'gpp_b': 2.5157900068054244e-05, 'gpp_d': 0.6061094272712796, 'ign_k': 3.1203565135227116, 'ign_c': 55.72999634634939, 'trop_agb_crit': 1.8715777284704718, 'trop_k_veg': 4.351681141119158}. Best is trial 1285 with value: -0.6015874360929447.
[I 2026-08-20 01:06:09,571] Trial 2182 finished with value: 0.6290884992427894 and parameters: {'k1': 0.0006846462777300164, 'D_low': 274.03045126547875, 'k2': 0.0014691407118234815, 'D_high': 123.71728950957575, 'fire_exp': 3.115749247052088, 'P_half': 6812.948064271817, 'pre_dampen_half': 47.341613905611666, 'gpp_af': 1.1997453804748452, 'gpp_b': 3.547140359450377e-05, 'gpp_d': 10.839338053226559, 'ign_k': 0.20488672210277126, 'ign_c': 1.7629971590141509, 'trop_agb_crit': 1.4699274130741933, 'trop_k_veg': 1.1502035843014242}. Best is trial 1285 with value: -0.6015874360929447.
[I 2026-08-20 01:06:10,934] Trial 2183 finished with value: 0.6445374145881376 and parameters: {'k1': 0.006745355662896493, 'D_low': 2484.5120685226107, 'k2': 0.008602611868031625, 'D_high': 31.72606870121245, 'fire_exp': 2.444086614568491, 'P_half': 89.60625577430497, 'pre_dampen_half': 70.01043324117623, 'gpp_af': 0.0674034237957533, 'gpp_b': 0.005084910366249907, 'gpp_d': 6.928384833696443, 'ign_k': 0.33151496425158805, 'ign_c': 0.30237029753992367, 'trop_agb_crit': 2.954224388491227, 'trop_k_veg': 6.83728359210529}. Best is trial 1285 with value: -0.6015874360929447.
[I 2026-08-20 01:06:12,294] Trial 2184 finished with value: 0.41018964761865284 and parameters: {'k1': 0.001105043623798538, 'D_low': 3.1829759099118196, 'k2': 0.00020224595339158672, 'D_high': 528532.2549534993, 'fire_exp': 3.1834487497975745, 'P_half': 114.02596906379407, 'pre_dampen_half': 39.5156343858274, 'gpp_af': 0.11411131998902747, 'gpp_b': 0.002167824672342224, 'gpp_d': 431.4580220603751, 'ign_k': 4.883811687374294, 'ign_c': 3.060578316504029, 'trop_agb_crit': 7.713819308187433, 'trop_k_veg': 3.1901664029204517}. Best is trial 1285 with value: -0.6015874360929447.
[I 2026-08-20 01:06:13,710] Trial 2185 finished with value: 0.439254648459495 and parameters: {'k1': 0.0005353311755859276, 'D_low': 8.534288436151117, 'k2': 0.0005197094543291033, 'D_high': 8472835.64822511, 'fire_exp': 3.608743846007155, 'P_half': 2.3206659729183183, 'pre_dampen_half': 13.16675560948609, 'gpp_af': 2.321493678939869, 'gpp_b': 0.11193409172780842, 'gpp_d': 412.41613229222446, 'ign_k': 0.668573364516613, 'ign_c': 14.978185063175236, 'trop_agb_crit': 8.21888403219057, 'trop_k_veg': 0.949122726592693}. Best is trial 1285 with value: -0.6015874360929447.
[I 2026-08-20 01:06:15,081] Trial 2186 finished with value: 0.6247419610614708 and parameters: {'k1': 0.09772045761824753, 'D_low': 9169.95227303514, 'k2': 1.267886047402904e-05, 'D_high': 53.14960805259542, 'fire_exp': 6.21660676991368, 'P_half': 30.970953843857995, 'pre_dampen_half': 52.63003569732103, 'gpp_af': 76.21270933789819, 'gpp_b': 0.15988646208862348, 'gpp_d': 19.762643429816734, 'ign_k': 0.006806336981034275, 'ign_c': 0.7088952239844285, 'trop_agb_crit': 25.770491320292717, 'trop_k_veg': 2.7364350554603014}. Best is trial 1285 with value: -0.6015874360929447.
[I 2026-08-20 01:06:16,491] Trial 2187 finished with value: 0.5225336874906867 and parameters: {'k1': 9.276241410109665e-05, 'D_low': 51.7795324743448, 'k2': 0.0007959531471628443, 'D_high': 358197.0233727944, 'fire_exp': 3.0694838529488653, 'P_half': 12.870484193375356, 'pre_dampen_half': 3.0582968172579554, 'gpp_af': 2.437585559020708, 'gpp_b': 0.23015743118880402, 'gpp_d': 853.4701325542503, 'ign_k': 0.19050660166835415, 'ign_c': 0.6734617337722543, 'trop_agb_crit': 6.720646865609853, 'trop_k_veg': 2.8489392884115885}. Best is trial 1285 with value: -0.6015874360929447.
[I 2026-08-20 01:06:17,907] Trial 2188 finished with value: -0.5611124852908689 and parameters: {'k1': 0.07840389089780161, 'D_low': 11.94915132558727, 'k2': 0.0013311527533103721, 'D_high': 1798268.230196852, 'fire_exp': 1.919172837189268, 'P_half': 4.0787401142087205, 'pre_dampen_half': 0.3514045037066571, 'gpp_af': 1.0678909450650071, 'gpp_b': 0.0008865990531527232, 'gpp_d': 592.5124476056543, 'ign_k': 0.7617267559491352, 'ign_c': 0.6581866965111153, 'trop_agb_crit': 17.414515309817773, 'trop_k_veg': 3.8280189730206087}. Best is trial 1285 with value: -0.6015874360929447.
[I 2026-08-20 01:06:19,384] Trial 2189 finished with value: 0.3937903010640591 and parameters: {'k1': 0.0006101520748089038, 'D_low': 573.0541814812462, 'k2': 7.858697953449687e-05, 'D_high': 6768325.128881666, 'fire_exp': 1.0018140377626281, 'P_half': 550.5126086860823, 'pre_dampen_half': 6.914354839284081, 'gpp_af': 0.08789909761816606, 'gpp_b': 0.0005674252918637626, 'gpp_d': 1.717388225115982, 'ign_k': 0.5794421905572197, 'ign_c': 12.630738911951322, 'trop_agb_crit': 22.550704043007574, 'trop_k_veg': 2.076166737447225}. Best is trial 1285 with value: -0.6015874360929447.
[I 2026-08-20 01:06:20,932] Trial 2190 finished with value: 0.6445374145881376 and parameters: {'k1': 0.016001218521882347, 'D_low': 195.58456997763528, 'k2': 0.047260333582416686, 'D_high': 44.3383440190512, 'fire_exp': 1.0646173422412555, 'P_half': 380.7848876834002, 'pre_dampen_half': 0.05665357665354586, 'gpp_af': 0.01876663767622415, 'gpp_b': 0.0005573139412118381, 'gpp_d': 0.027938000823629433, 'ign_k': 7.203383862007592, 'ign_c': 38.14204153325846, 'trop_agb_crit': 6.8989250345560205, 'trop_k_veg': 2.28390503970721}. Best is trial 1285 with value: -0.6015874360929447.
[I 2026-08-20 01:06:22,366] Trial 2191 finished with value: 0.5937621737791565 and parameters: {'k1': 1.6282594251402315e-05, 'D_low': 25568.311947541097, 'k2': 6.091025873052858e-05, 'D_high': 9740183.500258332, 'fire_exp': 5.370446533127892, 'P_half': 4.729167242375111, 'pre_dampen_half': 573.8719542572929, 'gpp_af': 0.37232154631945885, 'gpp_b': 1.3055650001630951e-05, 'gpp_d': 26.73118023806106, 'ign_k': 0.007041574962273196, 'ign_c': 3.203188993678336, 'trop_agb_crit': 2.973975373319924, 'trop_k_veg': 0.5439583472433144}. Best is trial 1285 with value: -0.6015874360929447.
[I 2026-08-20 01:06:23,754] Trial 2192 finished with value: 0.6291175813568849 and parameters: {'k1': 0.02458444996216226, 'D_low': 436.2072770688477, 'k2': 0.07875157015034831, 'D_high': 167.17421967266574, 'fire_exp': 1.0223981629053105, 'P_half': 47.47214263632372, 'pre_dampen_half': 676.0317563711033, 'gpp_af': 33.645680861812764, 'gpp_b': 0.19411471543700592, 'gpp_d': 195.6869860752017, 'ign_k': 0.02004662290422183, 'ign_c': 56.99500794305619, 'trop_agb_crit': 2.4488113930672992, 'trop_k_veg': 5.035548905707155}. Best is trial 1285 with value: -0.6015874360929447.
[I 2026-08-20 01:06:25,131] Trial 2193 finished with value: 0.6407049480449145 and parameters: {'k1': 0.003921819221688637, 'D_low': 306021.0010487596, 'k2': 0.0004246781929426523, 'D_high': 1443913.816635789, 'fire_exp': 2.0458142306087987, 'P_half': 227.66134809567185, 'pre_dampen_half': 1.1953250972878395, 'gpp_af': 0.3360358079056147, 'gpp_b': 0.000244957086385737, 'gpp_d': 11.609957009573645, 'ign_k': 0.09413821542140806, 'ign_c': 9.556835866158707, 'trop_agb_crit': 8.365430645371925, 'trop_k_veg': 2.0232665170250175}. Best is trial 1285 with value: -0.6015874360929447.
[I 2026-08-20 01:06:26,537] Trial 2194 finished with value: 0.40641949731489757 and parameters: {'k1': 0.0001295568344028875, 'D_low': 611.7640902545768, 'k2': 0.00999949813755931, 'D_high': 5023577.30120945, 'fire_exp': 1.132705261235617, 'P_half': 271.62113053128184, 'pre_dampen_half': 39.14521862922998, 'gpp_af': 0.003987213717472029, 'gpp_b': 3.557012247846216e-05, 'gpp_d': 50.49489513409632, 'ign_k': 4.0077182102880515, 'ign_c': 14.361015392986983, 'trop_agb_crit': 18.500133980581147, 'trop_k_veg': 4.261300629998368}. Best is trial 1285 with value: -0.6015874360929447.
[I 2026-08-20 01:06:27,933] Trial 2195 finished with value: 0.4944106454934476 and parameters: {'k1': 0.0002447003001785134, 'D_low': 2.894826331010436, 'k2': 0.00015405910952720188, 'D_high': 736076.8810070826, 'fire_exp': 3.0586848293250015, 'P_half': 3.9201500333384374, 'pre_dampen_half': 0.6140369533252255, 'gpp_af': 8.448582273094827, 'gpp_b': 0.12709139996158153, 'gpp_d': 739.5479775933541, 'ign_k': 2.145441610127832, 'ign_c': 4.929094822818432, 'trop_agb_crit': 6.694763127490458, 'trop_k_veg': 2.688887803482649}. Best is trial 1285 with value: -0.6015874360929447.
[I 2026-08-20 01:06:29,938] Trial 2196 finished with value: 0.4395327053445006 and parameters: {'k1': 0.008551679677226611, 'D_low': 628.7605957101151, 'k2': 0.00922921665429754, 'D_high': 616066.0446589073, 'fire_exp': 1.518281618037841, 'P_half': 4.696692048674621, 'pre_dampen_half': 0.9536997413858863, 'gpp_af': 1.785898232707029, 'gpp_b': 0.07970763443132738, 'gpp_d': 233.74686847618926, 'ign_k': 0.1419369562843085, 'ign_c': 0.107508345698895, 'trop_agb_crit': 14.482647882677938, 'trop_k_veg': 3.6997000960916773}. Best is trial 1285 with value: -0.6015874360929447.
[I 2026-08-20 01:06:31,435] Trial 2197 finished with value: 0.6445374145881376 and parameters: {'k1': 0.0001154809689688918, 'D_low': 12205.689786289851, 'k2': 0.0016651335472508881, 'D_high': 1838322.2828037376, 'fire_exp': 1.0550059741170814, 'P_half': 3054.839510585513, 'pre_dampen_half': 7.460040749056382, 'gpp_af': 0.19920240494594144, 'gpp_b': 0.003204108082056627, 'gpp_d': 17.873073371518636, 'ign_k': 0.3260504576133501, 'ign_c': 242.31686558499618, 'trop_agb_crit': 19.136837708925622, 'trop_k_veg': 5.4100245040277075}. Best is trial 1285 with value: -0.6015874360929447.
[I 2026-08-20 01:06:32,905] Trial 2198 finished with value: 0.506656783882992 and parameters: {'k1': 0.00017925186330603244, 'D_low': 63.439610595277955, 'k2': 0.00019557648711497052, 'D_high': 1189665.4416772372, 'fire_exp': 4.091145326057747, 'P_half': 2.4642264594926875, 'pre_dampen_half': 13.041193034999765, 'gpp_af': 1.2596597767149227, 'gpp_b': 0.14776933001252351, 'gpp_d': 22.692104001463278, 'ign_k': 2.1181300522172264, 'ign_c': 4.860335512820042, 'trop_agb_crit': 9.398029544783213, 'trop_k_veg': 1.35667712250664}. Best is trial 1285 with value: -0.6015874360929447.
[I 2026-08-20 01:06:34,451] Trial 2199 finished with value: 0.6445374145881376 and parameters: {'k1': 0.0003768386291278133, 'D_low': 7.6061326862330665, 'k2': 0.0012225248695312684, 'D_high': 2778.4480693778255, 'fire_exp': 2.9423129574952553, 'P_half': 1037.3605636553968, 'pre_dampen_half': 188.28929464678797, 'gpp_af': 0.1338825884037938, 'gpp_b': 0.0002170258158116292, 'gpp_d': 16.051882908687205, 'ign_k': 1.3857738681656908, 'ign_c': 79.39993772579415, 'trop_agb_crit': 5.200497655014593, 'trop_k_veg': 3.6720929697653437}. Best is trial 1285 with value: -0.6015874360929447.
[I 2026-08-20 01:06:35,924] Trial 2200 finished with value: 0.5170177650908834 and parameters: {'k1': 0.014467331893716566, 'D_low': 5.407646427433163, 'k2': 0.058897776556691456, 'D_high': 2593368.556201618, 'fire_exp': 2.9161544268761737, 'P_half': 14.230731273864734, 'pre_dampen_half': 0.0792243777411119, 'gpp_af': 7.8069685030344935, 'gpp_b': 0.003315343182942681, 'gpp_d': 37.67757538334975, 'ign_k': 0.1494986286305322, 'ign_c': 0.5330111281210128, 'trop_agb_crit': 5.85495005524833, 'trop_k_veg': 3.283858328616999}. Best is trial 1285 with value: -0.6015874360929447.
[I 2026-08-20 01:06:37,439] Trial 2201 finished with value: 0.4696100441888855 and parameters: {'k1': 0.05446021198976024, 'D_low': 6.37769724588109, 'k2': 4.477502165588288e-05, 'D_high': 367088.5161716461, 'fire_exp': 3.4396693796951756, 'P_half': 47.92025529728754, 'pre_dampen_half': 678.647933412931, 'gpp_af': 0.02563535540905344, 'gpp_b': 0.00019729176633403482, 'gpp_d': 200.5244506292955, 'ign_k': 6.994761031705718, 'ign_c': 11.230155554873042, 'trop_agb_crit': 12.26076123984821, 'trop_k_veg': 2.6887202893147877}. Best is trial 1285 with value: -0.6015874360929447.
[I 2026-08-20 01:06:38,868] Trial 2202 finished with value: 0.4392030835751586 and parameters: {'k1': 0.0003366609171995677, 'D_low': 26.772732609779464, 'k2': 0.002415669421533712, 'D_high': 5277603.657643133, 'fire_exp': 5.027075269018928, 'P_half': 1.1507984857926878, 'pre_dampen_half': 11.308323271696867, 'gpp_af': 0.09272065763760565, 'gpp_b': 1.588628963603199e-05, 'gpp_d': 681.3063986903855, 'ign_k': 2.811162661514855, 'ign_c': 5.030409328154854, 'trop_agb_crit': 1.7223320546727865, 'trop_k_veg': 3.31460585447221}. Best is trial 1285 with value: -0.6015874360929447.
[I 2026-08-20 01:06:40,287] Trial 2203 finished with value: 0.6445356170858594 and parameters: {'k1': 0.04942724595184773, 'D_low': 2.6364735477586296, 'k2': 0.007402540044871911, 'D_high': 1507026.6717885141, 'fire_exp': 8.68606907547902, 'P_half': 1480.0373513656311, 'pre_dampen_half': 906.6948765741413, 'gpp_af': 0.003764399260582037, 'gpp_b': 0.000525463012967022, 'gpp_d': 7.991337838814045, 'ign_k': 6.194808639474275, 'ign_c': 34.313213507224226, 'trop_agb_crit': 9.232578256806741, 'trop_k_veg': 1.8058233659953138}. Best is trial 1285 with value: -0.6015874360929447.
[I 2026-08-20 01:06:41,698] Trial 2204 finished with value: 0.6445374145881376 and parameters: {'k1': 0.00806187990992422, 'D_low': 9074.040422325541, 'k2': 1.3771317341495137e-05, 'D_high': 10.04022513491965, 'fire_exp': 5.658334031756584, 'P_half': 25.54599080426488, 'pre_dampen_half': 0.013354938851229908, 'gpp_af': 0.0746909084933115, 'gpp_b': 0.025777403315936715, 'gpp_d': 0.03277289951989253, 'ign_k': 0.0011996914646983882, 'ign_c': 0.4032439329210016, 'trop_agb_crit': 17.987988416469484, 'trop_k_veg': 1.3415402884952357}. Best is trial 1285 with value: -0.6015874360929447.
