[I 2026-07-24 02:12:31,108] Trial 864 finished with value: 0.6445374145881376 and parameters: {'k1': 0.0006419703914579021, 'D_low': 25.838448617210492, 'k2': 0.004219009252434204, 'D_high': 95522.2284723565, 'fire_exp': 9.688736522483406, 'P_half': 55.21938487197806, 'pre_dampen_half': 51.09606047507906, 'gpp_af': 0.021640331694275882, 'gpp_b': 6.602012080923002e-05, 'gpp_d': 37.62689954184708, 'ign_k': 0.26940397023586143, 'ign_c': 527.8641138459486, 'trop_agb_crit': 13.816074494051179, 'trop_k_veg': 0.5627636945963003, 'gdp_gamma': 0.0020410963579296565, 'fuel_k': 5.142060839850667, 'fuel_half': 1.1795316458225593}. Best is trial 335 with value: -0.6233152110406992.
[I 2026-07-24 02:12:31,563] Trial 865 finished with value: -0.5502918096698522 and parameters: {'k1': 0.007522207219123329, 'D_low': 32.85614922081004, 'k2': 0.00020852435568833658, 'D_high': 6272010.6312082345, 'fire_exp': 1.5355057831801895, 'P_half': 15.87156478817555, 'pre_dampen_half': 0.6400155857759037, 'gpp_af': 0.38249573351664007, 'gpp_b': 0.00023634093199605285, 'gpp_d': 608.5636288898689, 'ign_k': 0.007174802112977851, 'ign_c': 0.10379012596628916, 'trop_agb_crit': 21.875107153309735, 'trop_k_veg': 1.9456887819427322, 'gdp_gamma': 0.2945223436787924, 'fuel_k': 0.015081289358427322, 'fuel_half': 0.925073677853179}. Best is trial 335 with value: -0.6233152110406992.
[I 2026-07-24 02:12:32,016] Trial 866 finished with value: 0.39804432380898613 and parameters: {'k1': 0.07680370591113843, 'D_low': 100.71009105267609, 'k2': 0.00023482433237388087, 'D_high': 5941185.440640634, 'fire_exp': 1.6955106244572835, 'P_half': 140.5527794919985, 'pre_dampen_half': 1.662849995036578, 'gpp_af': 1.1814812591637203, 'gpp_b': 2.245105334851618e-05, 'gpp_d': 534.345385332204, 'ign_k': 0.001653500425064504, 'ign_c': 0.8572359793800891, 'trop_agb_crit': 9.776572773888658, 'trop_k_veg': 4.229711365160815, 'gdp_gamma': 1.863493003059036, 'fuel_k': 0.017687373976145032, 'fuel_half': 3.166513667267949}. Best is trial 335 with value: -0.6233152110406992.
[I 2026-07-24 02:12:32,472] Trial 867 finished with value: -0.5887438680367809 and parameters: {'k1': 0.0031031879279397527, 'D_low': 1.2870821362359783, 'k2': 0.00016005741364484024, 'D_high': 1572818.833667461, 'fire_exp': 2.140450598281354, 'P_half': 25.65953725727346, 'pre_dampen_half': 1.2635037819187565, 'gpp_af': 0.01943079814789253, 'gpp_b': 1.013666746417208e-05, 'gpp_d': 23.807460469408724, 'ign_k': 0.005603749917275471, 'ign_c': 0.17204748603132866, 'trop_agb_crit': 28.367536632956014, 'trop_k_veg': 1.6042619477749402, 'gdp_gamma': 0.6033552396064884, 'fuel_k': 0.04358138909465007, 'fuel_half': 3.403811947436077}. Best is trial 335 with value: -0.6233152110406992.
[I 2026-07-24 02:12:32,928] Trial 868 finished with value: 0.471664065905149 and parameters: {'k1': 0.0009425427053555795, 'D_low': 1.0452774375300007, 'k2': 0.018663697671059604, 'D_high': 664477.9101225052, 'fire_exp': 1.8481939076232725, 'P_half': 13.31192838835107, 'pre_dampen_half': 0.7807472456165211, 'gpp_af': 0.0729952536872321, 'gpp_b': 3.37543623944265e-05, 'gpp_d': 45.95121082968193, 'ign_k': 0.0345378747195351, 'ign_c': 0.18233187209675514, 'trop_agb_crit': 28.898198214098116, 'trop_k_veg': 2.965636787568632, 'gdp_gamma': 0.10727444576705394, 'fuel_k': 0.030747979232987704, 'fuel_half': 4.811139716046597}. Best is trial 335 with value: -0.6233152110406992.
[I 2026-07-24 02:12:33,383] Trial 869 finished with value: 0.5618867371981312 and parameters: {'k1': 0.001360684322482483, 'D_low': 359.4072313229905, 'k2': 0.011645699293768587, 'D_high': 1062010.5793180803, 'fire_exp': 2.4934594575403923, 'P_half': 29.39837296643774, 'pre_dampen_half': 6.3550180675173324, 'gpp_af': 0.001811693719553978, 'gpp_b': 0.00014386576956588705, 'gpp_d': 5.878028882522436, 'ign_k': 0.04418844923812539, 'ign_c': 25.424672291982382, 'trop_agb_crit': 2.6679413165495633, 'trop_k_veg': 0.6501558488053124, 'gdp_gamma': 0.2505450623394713, 'fuel_k': 0.3762501828616186, 'fuel_half': 4.005532701352998}. Best is trial 335 with value: -0.6233152110406992.
[I 2026-07-24 02:12:33,838] Trial 870 finished with value: 0.573777390541261 and parameters: {'k1': 0.0006000776268396428, 'D_low': 280.9503643428515, 'k2': 0.017773032490303375, 'D_high': 9400.261669483712, 'fire_exp': 2.0736252297773357, 'P_half': 5.965529645795712, 'pre_dampen_half': 8.405630021294977, 'gpp_af': 5.206808790520361, 'gpp_b': 0.0009684175772216999, 'gpp_d': 137.55932743709133, 'ign_k': 0.006760215912309666, 'ign_c': 2.7669805106378775, 'trop_agb_crit': 17.725290624255408, 'trop_k_veg': 3.2911494116209656, 'gdp_gamma': 0.290870183808126, 'fuel_k': 0.017448682638386448, 'fuel_half': 53.11490377561548}. Best is trial 335 with value: -0.6233152110406992.
[I 2026-07-24 02:12:34,292] Trial 871 finished with value: -0.5829646385442133 and parameters: {'k1': 0.0003152697436661242, 'D_low': 85.76980189876932, 'k2': 0.017181525487103895, 'D_high': 2054679.1196676064, 'fire_exp': 2.4354342834718268, 'P_half': 359.90514437901527, 'pre_dampen_half': 78.09910206868862, 'gpp_af': 0.38147550439280686, 'gpp_b': 7.380703709008955e-05, 'gpp_d': 50.43625987252305, 'ign_k': 0.0010529156693156198, 'ign_c': 1.1790576368618464, 'trop_agb_crit': 13.592742288773199, 'trop_k_veg': 2.7664356542136628, 'gdp_gamma': 0.7419370095757541, 'fuel_k': 0.034198946360732584, 'fuel_half': 74.19069195869608}. Best is trial 335 with value: -0.6233152110406992.
[I 2026-07-24 02:12:34,743] Trial 872 finished with value: -0.5653556141508072 and parameters: {'k1': 0.0002757201501863775, 'D_low': 1.5258137256097428, 'k2': 0.009406057230413777, 'D_high': 1535662.9520299505, 'fire_exp': 4.816378093682546, 'P_half': 1.5933707414348832, 'pre_dampen_half': 9.301930978228311, 'gpp_af': 0.0027745306497980356, 'gpp_b': 1.0281185712961382e-05, 'gpp_d': 0.18362580871487802, 'ign_k': 0.08100040736432192, 'ign_c': 2.4706180617242723, 'trop_agb_crit': 1.5013773491416438, 'trop_k_veg': 1.788893361513412, 'gdp_gamma': 1.0189522687967727, 'fuel_k': 0.04526811325136981, 'fuel_half': 85.8434498789294}. Best is trial 335 with value: -0.6233152110406992.
[I 2026-07-24 02:12:35,196] Trial 873 finished with value: 0.5902878708842388 and parameters: {'k1': 0.0009268412041727643, 'D_low': 2.7738735112508848, 'k2': 0.0003126156420955066, 'D_high': 54432.45268724708, 'fire_exp': 7.15479411121222, 'P_half': 128.90818283306209, 'pre_dampen_half': 74.22969969715226, 'gpp_af': 0.14025702361171288, 'gpp_b': 2.5281583593595728e-05, 'gpp_d': 0.3194578202811897, 'ign_k': 0.1947949332486306, 'ign_c': 6.584315904521461, 'trop_agb_crit': 12.58541277813464, 'trop_k_veg': 0.5355561622312969, 'gdp_gamma': 0.0013482471048786677, 'fuel_k': 1.9890839192795806, 'fuel_half': 1.8124408907933849}. Best is trial 335 with value: -0.6233152110406992.
[I 2026-07-24 02:12:35,649] Trial 874 finished with value: 0.5715126238778262 and parameters: {'k1': 0.0002929443865463425, 'D_low': 2.2993367959364597, 'k2': 0.02071497357292128, 'D_high': 4989538.115538816, 'fire_exp': 3.167661941181923, 'P_half': 1.4234298704100374, 'pre_dampen_half': 1.5374559109717918, 'gpp_af': 0.0020229921803592353, 'gpp_b': 0.00017183177695641257, 'gpp_d': 125.0497929565115, 'ign_k': 0.006074891333280528, 'ign_c': 1.5459918929978005, 'trop_agb_crit': 1.1005334645179645, 'trop_k_veg': 0.5426470817595802, 'gdp_gamma': 0.7663645014981979, 'fuel_k': 0.020603971200353795, 'fuel_half': 56.15701034700491}. Best is trial 335 with value: -0.6233152110406992.
[I 2026-07-24 02:12:36,105] Trial 875 finished with value: 0.5996157503020979 and parameters: {'k1': 1.4485228527239888e-05, 'D_low': 334.23275599632683, 'k2': 5.477922100051634e-05, 'D_high': 37884.98137052875, 'fire_exp': 1.7747656610145037, 'P_half': 34.781076545455655, 'pre_dampen_half': 62.32513874706255, 'gpp_af': 0.001236024678637387, 'gpp_b': 1.4656587959693434e-05, 'gpp_d': 1.026225490546771, 'ign_k': 0.014386640722998886, 'ign_c': 555.2522653026671, 'trop_agb_crit': 4.344943123598448, 'trop_k_veg': 2.641402139681777, 'gdp_gamma': 0.4802266806526036, 'fuel_k': 0.18321283170999278, 'fuel_half': 25.9210370292065}. Best is trial 335 with value: -0.6233152110406992.
[I 2026-07-24 02:12:36,556] Trial 876 finished with value: 0.42431730861040673 and parameters: {'k1': 1.0420419315849741e-05, 'D_low': 33.919872864482, 'k2': 0.0010106948692483984, 'D_high': 6249739.657712984, 'fire_exp': 1.690698165037444, 'P_half': 215.59213516516704, 'pre_dampen_half': 12.20998243362186, 'gpp_af': 0.0853917333541811, 'gpp_b': 0.0006788221102513116, 'gpp_d': 0.6344957085166846, 'ign_k': 0.0020737817457492733, 'ign_c': 37.003392881235996, 'trop_agb_crit': 2.3993621700058116, 'trop_k_veg': 2.629759188465288, 'gdp_gamma': 1.4978424491123603, 'fuel_k': 0.011792996466148979, 'fuel_half': 45.062989584133554}. Best is trial 335 with value: -0.6233152110406992.
[I 2026-07-24 02:12:37,006] Trial 877 finished with value: 0.5703494379073563 and parameters: {'k1': 0.0029461601542098907, 'D_low': 1.4104175460382913, 'k2': 0.0039055555920712213, 'D_high': 35226.57453993972, 'fire_exp': 3.3448969710643004, 'P_half': 5.4756884288496845, 'pre_dampen_half': 5.697503349421001, 'gpp_af': 0.04298679165833193, 'gpp_b': 7.466013189801e-05, 'gpp_d': 3.2406986953891566, 'ign_k': 0.0021810554201303874, 'ign_c': 10.263132492317173, 'trop_agb_crit': 2.1366162822715564, 'trop_k_veg': 0.7274581078451782, 'gdp_gamma': 0.5750576315837536, 'fuel_k': 0.06071183916620056, 'fuel_half': 45.57589826971109}. Best is trial 335 with value: -0.6233152110406992.
[I 2026-07-24 02:12:37,459] Trial 878 finished with value: 0.5872287363826677 and parameters: {'k1': 0.0007649147083388326, 'D_low': 2.8713041955563603, 'k2': 0.0005174067653965676, 'D_high': 5592621.710159957, 'fire_exp': 1.557994011647542, 'P_half': 1.0737203985560524, 'pre_dampen_half': 10.07988208129547, 'gpp_af': 0.002243403882193434, 'gpp_b': 0.0005716196880084771, 'gpp_d': 2.574690013128785, 'ign_k': 0.03558458557571824, 'ign_c': 349.3217258729854, 'trop_agb_crit': 15.138538943863656, 'trop_k_veg': 3.628703569807785, 'gdp_gamma': 0.4133847597505295, 'fuel_k': 0.3929285488285467, 'fuel_half': 16.934621654466238}. Best is trial 335 with value: -0.6233152110406992.
[I 2026-07-24 02:12:37,910] Trial 879 finished with value: 0.4862380288330488 and parameters: {'k1': 0.0004614225608176746, 'D_low': 480.2693808417092, 'k2': 0.008649638215301734, 'D_high': 2847407.9421169246, 'fire_exp': 1.2981569270310058, 'P_half': 94.16691750469006, 'pre_dampen_half': 312.01725853672053, 'gpp_af': 0.2884430038207592, 'gpp_b': 0.01407490665202051, 'gpp_d': 462.48024066498465, 'ign_k': 0.0042706718289156785, 'ign_c': 0.38578323735070064, 'trop_agb_crit': 2.0326454978830792, 'trop_k_veg': 7.837349239383868, 'gdp_gamma': 0.5012766263832273, 'fuel_k': 0.013096642417177711, 'fuel_half': 90.25490616983443}. Best is trial 335 with value: -0.6233152110406992.
[I 2026-07-24 02:12:38,366] Trial 880 finished with value: 0.4234646470204624 and parameters: {'k1': 0.00011762247977421487, 'D_low': 5.842665119062604, 'k2': 0.0003347040242141032, 'D_high': 45222.1162520674, 'fire_exp': 1.780517546506802, 'P_half': 36.568948802912914, 'pre_dampen_half': 50.999949388807096, 'gpp_af': 0.0018192939774329963, 'gpp_b': 2.1419237058631696e-05, 'gpp_d': 40.865582166680795, 'ign_k': 0.0016280895481086285, 'ign_c': 124.52640612537651, 'trop_agb_crit': 10.279089782906983, 'trop_k_veg': 3.16729504887403, 'gdp_gamma': 1.9980467508348625, 'fuel_k': 0.20915854629509498, 'fuel_half': 7.7461464964140125}. Best is trial 335 with value: -0.6233152110406992.
[I 2026-07-24 02:12:38,828] Trial 881 finished with value: 0.4379459512147582 and parameters: {'k1': 0.006527024956032201, 'D_low': 4.483109390492668, 'k2': 0.002786917290735211, 'D_high': 3128378.4904225157, 'fire_exp': 2.2655932637876512, 'P_half': 388.6164512204874, 'pre_dampen_half': 2.302898584737069, 'gpp_af': 0.05134269024836438, 'gpp_b': 2.0745821900179092e-05, 'gpp_d': 908.3880668830709, 'ign_k': 0.006298522831148805, 'ign_c': 0.5515507042562001, 'trop_agb_crit': 27.75882978359668, 'trop_k_veg': 1.6204352017421375, 'gdp_gamma': 1.8460942546116843, 'fuel_k': 0.04736032598602854, 'fuel_half': 10.835247096686837}. Best is trial 335 with value: -0.6233152110406992.
[I 2026-07-24 02:12:39,291] Trial 882 finished with value: 0.4389860337392997 and parameters: {'k1': 0.0587834018304357, 'D_low': 1.0735105577934192, 'k2': 0.006253960286306347, 'D_high': 1589376.0512751823, 'fire_exp': 1.628285977527548, 'P_half': 59.05073751057696, 'pre_dampen_half': 0.1906337081113147, 'gpp_af': 0.005947412050922099, 'gpp_b': 1.0001896954897701e-05, 'gpp_d': 574.9471562242848, 'ign_k': 0.005327642705012516, 'ign_c': 0.9390226311804504, 'trop_agb_crit': 22.879563062886866, 'trop_k_veg': 2.436289025956011, 'gdp_gamma': 0.5781797150551435, 'fuel_k': 0.028267142470563264, 'fuel_half': 2.7121045926658636}. Best is trial 335 with value: -0.6233152110406992.
[I 2026-07-24 02:12:39,742] Trial 883 finished with value: -0.6011244979998703 and parameters: {'k1': 2.27362032875528e-05, 'D_low': 1.4039960065604222, 'k2': 0.09098649126355461, 'D_high': 3528735.6429745723, 'fire_exp': 1.5443531729812214, 'P_half': 27.184382486764537, 'pre_dampen_half': 33.99896866858915, 'gpp_af': 0.009469323653763026, 'gpp_b': 0.00040022825881898456, 'gpp_d': 0.06355727432369888, 'ign_k': 0.00881018051466106, 'ign_c': 23.561668532194037, 'trop_agb_crit': 1.3505158934210855, 'trop_k_veg': 1.1038590139598043, 'gdp_gamma': 1.4339926235381981, 'fuel_k': 0.011836323443681409, 'fuel_half': 20.02116144971325}. Best is trial 335 with value: -0.6233152110406992.
[I 2026-07-24 02:12:40,200] Trial 884 finished with value: 0.5851610989481459 and parameters: {'k1': 0.02172389628548979, 'D_low': 11.526209869384267, 'k2': 0.04838331860360883, 'D_high': 73533.5268700724, 'fire_exp': 2.076823449677679, 'P_half': 3779.1914254332023, 'pre_dampen_half': 17.087090916642772, 'gpp_af': 0.06229434317988063, 'gpp_b': 1.4725854647445623e-05, 'gpp_d': 969.3898020160311, 'ign_k': 0.0012652286556428117, 'ign_c': 1.1911311278967192, 'trop_agb_crit': 11.946338978197428, 'trop_k_veg': 0.6886148862306347, 'gdp_gamma': 0.4610013462210954, 'fuel_k': 0.06104791563735753, 'fuel_half': 77.66080340115214}. Best is trial 335 with value: -0.6233152110406992.
[I 2026-07-24 02:12:40,656] Trial 885 finished with value: 0.49173648544767856 and parameters: {'k1': 1.2680992652105334e-05, 'D_low': 3.9737173146242504, 'k2': 0.0002262928313640922, 'D_high': 1517669.9225449064, 'fire_exp': 1.3324209047780993, 'P_half': 1.0375113437411014, 'pre_dampen_half': 1.8614612959416792, 'gpp_af': 0.005134102071539601, 'gpp_b': 1.5063273138303582e-05, 'gpp_d': 2.854269859425317, 'ign_k': 0.0024438544583133843, 'ign_c': 571.5598972453434, 'trop_agb_crit': 3.9883460135814, 'trop_k_veg': 1.867750812924171, 'gdp_gamma': 1.016594798509971, 'fuel_k': 0.16645852626638868, 'fuel_half': 17.284425961204782}. Best is trial 335 with value: -0.6233152110406992.
[I 2026-07-24 02:12:41,112] Trial 886 finished with value: 0.48917921685782684 and parameters: {'k1': 9.921407089023883e-05, 'D_low': 231.17073746986154, 'k2': 0.08080016090294244, 'D_high': 7401595.177591929, 'fire_exp': 1.7955008066606513, 'P_half': 4.8578412893788405, 'pre_dampen_half': 0.07869161424276487, 'gpp_af': 0.8354390720225263, 'gpp_b': 3.640477784025346e-05, 'gpp_d': 0.12866807628467072, 'ign_k': 0.1655541938058655, 'ign_c': 3.0673048760525052, 'trop_agb_crit': 21.525206713034276, 'trop_k_veg': 0.6603723380952704, 'gdp_gamma': 0.2593870660069937, 'fuel_k': 0.38890273022871774, 'fuel_half': 39.155100595078444}. Best is trial 335 with value: -0.6233152110406992.
[I 2026-07-24 02:12:41,577] Trial 887 finished with value: 0.5743920310737076 and parameters: {'k1': 0.00111351902560185, 'D_low': 4.981307830132235, 'k2': 0.04023297989226986, 'D_high': 5316561.073481457, 'fire_exp': 2.212932071504261, 'P_half': 538.7702701795355, 'pre_dampen_half': 0.28776510620609924, 'gpp_af': 0.2368125397167889, 'gpp_b': 5.6163395603639925e-05, 'gpp_d': 97.04836059160738, 'ign_k': 0.0044728884632359665, 'ign_c': 0.7248183746873801, 'trop_agb_crit': 26.43442997044155, 'trop_k_veg': 3.925171459544702, 'gdp_gamma': 0.16862753867706934, 'fuel_k': 0.010212272427417065, 'fuel_half': 2.1541988035219357}. Best is trial 335 with value: -0.6233152110406992.
[I 2026-07-24 02:12:42,029] Trial 888 finished with value: 0.5319852260518128 and parameters: {'k1': 0.00012207335230382725, 'D_low': 108.55101498191203, 'k2': 0.012895385439009305, 'D_high': 8573501.654229533, 'fire_exp': 1.0775266398133794, 'P_half': 42.31286551057932, 'pre_dampen_half': 25.22085264219566, 'gpp_af': 0.029634743748412923, 'gpp_b': 0.006963665325436074, 'gpp_d': 0.8146931255269566, 'ign_k': 0.03262658605771849, 'ign_c': 1.757530941154467, 'trop_agb_crit': 1.3486330748175228, 'trop_k_veg': 1.6446236801444305, 'gdp_gamma': 1.4681150014948285, 'fuel_k': 0.01039761676435177, 'fuel_half': 17.706550746310615}. Best is trial 335 with value: -0.6233152110406992.
[I 2026-07-24 02:12:42,482] Trial 889 finished with value: 0.5923407109843897 and parameters: {'k1': 7.970162229083034e-05, 'D_low': 55.69892223162246, 'k2': 0.017920455521295443, 'D_high': 5097068.121543926, 'fire_exp': 2.326383989013756, 'P_half': 23.467382078209052, 'pre_dampen_half': 15.00589689919949, 'gpp_af': 0.0022186356311136362, 'gpp_b': 0.009089821851869184, 'gpp_d': 1.0623365789767254, 'ign_k': 0.018962789206116753, 'ign_c': 8.815844727732241, 'trop_agb_crit': 4.053993919586716, 'trop_k_veg': 3.7445365540106645, 'gdp_gamma': 1.1893171778539091, 'fuel_k': 0.05330508474105524, 'fuel_half': 38.06614337681548}. Best is trial 335 with value: -0.6233152110406992.
[I 2026-07-24 02:12:42,951] Trial 890 finished with value: 0.6116360800323177 and parameters: {'k1': 0.006147891790320028, 'D_low': 2.746614529352126, 'k2': 0.003541079410547111, 'D_high': 222249.57800768453, 'fire_exp': 1.2472509971011465, 'P_half': 30.233214372942403, 'pre_dampen_half': 9.426456937622772, 'gpp_af': 2.2420905119221057, 'gpp_b': 1.0700587611420306e-05, 'gpp_d': 186.3048183267511, 'ign_k': 0.020621838308576435, 'ign_c': 0.1059124847127607, 'trop_agb_crit': 21.052812500707446, 'trop_k_veg': 2.317174843234419, 'gdp_gamma': 1.3610825005318734, 'fuel_k': 0.030114496891102613, 'fuel_half': 8.291383505616292}. Best is trial 335 with value: -0.6233152110406992.
[I 2026-07-24 02:12:43,403] Trial 891 finished with value: 0.5624274711306703 and parameters: {'k1': 0.0002933547949152813, 'D_low': 6.214514276487671, 'k2': 0.0006071742892401536, 'D_high': 554744.3922086207, 'fire_exp': 9.079809386890105, 'P_half': 101.16381405491656, 'pre_dampen_half': 437.1092968023347, 'gpp_af': 0.02946013231685906, 'gpp_b': 0.004332734631362975, 'gpp_d': 0.6572404787989855, 'ign_k': 2.0379518338853644, 'ign_c': 19.85962764114261, 'trop_agb_crit': 14.164157578550533, 'trop_k_veg': 1.1419636574424559, 'gdp_gamma': 0.0012824951371318769, 'fuel_k': 0.7434493966038518, 'fuel_half': 0.11879772559591234}. Best is trial 335 with value: -0.6233152110406992.
[I 2026-07-24 02:12:43,856] Trial 892 finished with value: 0.5892183607560163 and parameters: {'k1': 0.0001559317154725947, 'D_low': 18.117996064580787, 'k2': 0.0013965013566842367, 'D_high': 336586.9718089436, 'fire_exp': 2.6296790849082567, 'P_half': 2.1891511814260527, 'pre_dampen_half': 79.63167378733115, 'gpp_af': 0.04646332953787249, 'gpp_b': 0.010433470497789784, 'gpp_d': 0.38142781146909527, 'ign_k': 0.014741670586833565, 'ign_c': 145.44982353338142, 'trop_agb_crit': 29.576770368618703, 'trop_k_veg': 3.7589388076747197, 'gdp_gamma': 1.7489262236331387, 'fuel_k': 0.15066616669418595, 'fuel_half': 79.42462430360591}. Best is trial 335 with value: -0.6233152110406992.
[I 2026-07-24 02:12:44,317] Trial 893 finished with value: 0.6445374145881376 and parameters: {'k1': 2.151791723529482e-05, 'D_low': 50.4636557882086, 'k2': 0.08729944358916675, 'D_high': 901.1919826762871, 'fire_exp': 1.39289644609227, 'P_half': 99.89739697014984, 'pre_dampen_half': 0.2834822781913556, 'gpp_af': 0.06410844118078744, 'gpp_b': 6.561417767114278e-05, 'gpp_d': 966.6804643663314, 'ign_k': 0.07997679767539623, 'ign_c': 926.6682801668836, 'trop_agb_crit': 8.796105638220284, 'trop_k_veg': 1.828094489662734, 'gdp_gamma': 0.009214063040020771, 'fuel_k': 3.3986549997028748, 'fuel_half': 33.73136774361352}. Best is trial 335 with value: -0.6233152110406992.
[I 2026-07-24 02:12:44,789] Trial 894 finished with value: 0.5013062031816411 and parameters: {'k1': 1.875843913966826e-05, 'D_low': 2.8344826122045808, 'k2': 0.023627299424416142, 'D_high': 468578.93137602083, 'fire_exp': 1.4321608415111031, 'P_half': 12.707926369473244, 'pre_dampen_half': 348.4813587274141, 'gpp_af': 0.05611215139327453, 'gpp_b': 0.00395442733002395, 'gpp_d': 0.019003938031925967, 'ign_k': 0.19987132330919824, 'ign_c': 4.894294661579942, 'trop_agb_crit': 2.0760719293471572, 'trop_k_veg': 1.6485461551093339, 'gdp_gamma': 0.3212074946400429, 'fuel_k': 0.0315195618103508, 'fuel_half': 12.756744408739987}. Best is trial 335 with value: -0.6233152110406992.
[I 2026-07-24 02:12:45,267] Trial 895 finished with value: -0.5672380030610457 and parameters: {'k1': 0.014395700455909861, 'D_low': 49.82336807286046, 'k2': 0.024626420035504283, 'D_high': 100699.87433945257, 'fire_exp': 1.018629213004392, 'P_half': 664.0433725686094, 'pre_dampen_half': 0.6032771115907066, 'gpp_af': 0.1657450524112847, 'gpp_b': 2.1749093100400125e-05, 'gpp_d': 28.597716416874164, 'ign_k': 0.0010057551259970202, 'ign_c': 35.283443594435155, 'trop_agb_crit': 9.456508660269217, 'trop_k_veg': 1.2818423715799718, 'gdp_gamma': 0.5030846459982299, 'fuel_k': 0.013998684559327321, 'fuel_half': 21.307733542157266}. Best is trial 335 with value: -0.6233152110406992.
