[I 2026-07-24 02:18:41,008] Trial 407 finished with value: -0.5135970882165849 and parameters: {'k1': 0.0007508243692932403, 'D_low': 59.4922714330006, 'k2': 4.874492602995595e-05, 'D_high': 384672.78315686993, 'fire_exp': 1.19151906788949, 'P_half': 6.982629732091466, 'pre_dampen_half': 88.89351244968204, 'gpp_af': 0.017369851234324808, 'gpp_b': 0.11000286274194243, 'gpp_d': 707.0748061412627, 'ign_k': 0.05258765801220529, 'ign_c': 0.7609579974124672, 'trop_agb_crit': 5.281923681985244, 'trop_k_veg': 4.064158020073914, 'fuel_k': 4.998713522927878, 'fuel_half': 0.2484715615913435}. Best is trial 0 with value: -0.6070628323553574.
[I 2026-07-24 02:18:41,417] Trial 408 finished with value: 0.592994291616962 and parameters: {'k1': 0.0013121545076304518, 'D_low': 23580.103753463904, 'k2': 0.002001462723609793, 'D_high': 55994.588111731304, 'fire_exp': 6.2947427609120155, 'P_half': 18.031667551232967, 'pre_dampen_half': 23.566588866544024, 'gpp_af': 6.856238014809324, 'gpp_b': 0.14261756839947176, 'gpp_d': 174.82954284618862, 'ign_k': 0.16504849062543397, 'ign_c': 0.21530945668583307, 'trop_agb_crit': 13.724495263055122, 'trop_k_veg': 3.9390069488662633, 'fuel_k': 0.04198542921967982, 'fuel_half': 0.1602071183501664}. Best is trial 0 with value: -0.6070628323553574.
[I 2026-07-24 02:18:41,826] Trial 409 finished with value: 0.5853751656787727 and parameters: {'k1': 0.02738254746895912, 'D_low': 1.7776684209094624, 'k2': 1.2435782733989146e-05, 'D_high': 13082.08483309109, 'fire_exp': 1.1518303312105402, 'P_half': 10.64702474886172, 'pre_dampen_half': 0.6182640983021029, 'gpp_af': 5.088096691868328, 'gpp_b': 0.029561644260435466, 'gpp_d': 26.142028614120257, 'ign_k': 0.1711207277644161, 'ign_c': 40.4331449603315, 'trop_agb_crit': 5.497348024522624, 'trop_k_veg': 1.6885076031950903, 'fuel_k': 0.13654173811507403, 'fuel_half': 0.46312951738868396}. Best is trial 0 with value: -0.6070628323553574.
[I 2026-07-24 02:18:42,240] Trial 410 finished with value: 0.4874657058091132 and parameters: {'k1': 0.0007070586660646962, 'D_low': 51.187622423785996, 'k2': 1.183200263906835e-05, 'D_high': 9602477.927115751, 'fire_exp': 1.2492484967103517, 'P_half': 2.6378708890520675, 'pre_dampen_half': 0.5463249222289409, 'gpp_af': 20.997526664013016, 'gpp_b': 0.06975881552867727, 'gpp_d': 14.074210363686113, 'ign_k': 0.0028987197923914672, 'ign_c': 2.4748445662323753, 'trop_agb_crit': 1.7765363750963472, 'trop_k_veg': 4.006510198070464, 'fuel_k': 3.5267762528915605, 'fuel_half': 0.21899672502812276}. Best is trial 0 with value: -0.6070628323553574.
[I 2026-07-24 02:18:42,652] Trial 411 finished with value: 0.6545295162527606 and parameters: {'k1': 0.0287512441131801, 'D_low': 63.6734338406157, 'k2': 2.415030290253836e-05, 'D_high': 4030907.6665004166, 'fire_exp': 2.332274747326327, 'P_half': 7.074304454490533, 'pre_dampen_half': 1.315812437607796, 'gpp_af': 21.671268321811965, 'gpp_b': 0.0007592767150102284, 'gpp_d': 25.385630019487646, 'ign_k': 1.9137056719243664, 'ign_c': 33.090734643679795, 'trop_agb_crit': 7.495784753683812, 'trop_k_veg': 0.5930331308408459, 'fuel_k': 1.2097194312661732, 'fuel_half': 0.5963159472823115}. Best is trial 0 with value: -0.6070628323553574.
[I 2026-07-24 02:18:43,062] Trial 412 finished with value: -0.5467898139197139 and parameters: {'k1': 0.00289461703137659, 'D_low': 3213.2949689815428, 'k2': 0.00021797451239297856, 'D_high': 54718.24630640933, 'fire_exp': 1.0751676477128336, 'P_half': 3.1508615778828, 'pre_dampen_half': 0.30771017987622173, 'gpp_af': 0.054566491803347494, 'gpp_b': 4.3833313447747526e-05, 'gpp_d': 645.2287163743679, 'ign_k': 3.1022562394557887, 'ign_c': 0.10518533892556234, 'trop_agb_crit': 3.403734914645833, 'trop_k_veg': 1.8707199997759207, 'fuel_k': 1.0598982204083565, 'fuel_half': 0.7075081454112359}. Best is trial 0 with value: -0.6070628323553574.
[I 2026-07-24 02:18:43,497] Trial 413 finished with value: -0.5106065467328353 and parameters: {'k1': 0.014711877622691471, 'D_low': 302.95021802532625, 'k2': 0.00011306245344710197, 'D_high': 3332935.286241752, 'fire_exp': 1.4807313556337727, 'P_half': 349.6101380441895, 'pre_dampen_half': 6.403696363821486, 'gpp_af': 1.5646683295277268, 'gpp_b': 0.00022690136085194075, 'gpp_d': 11.751726304617078, 'ign_k': 0.04399203613944901, 'ign_c': 0.21792260298259342, 'trop_agb_crit': 1.1918315459389535, 'trop_k_veg': 0.5285619878673926, 'fuel_k': 0.7351825225867584, 'fuel_half': 1.0623024018052847}. Best is trial 0 with value: -0.6070628323553574.
[I 2026-07-24 02:18:43,910] Trial 414 finished with value: 0.6183998383641155 and parameters: {'k1': 0.031354572761791905, 'D_low': 1.3705029997291833, 'k2': 2.0830477044153754e-05, 'D_high': 2471306.2185496828, 'fire_exp': 1.1703289632110327, 'P_half': 16.61917071173566, 'pre_dampen_half': 0.2447750758250001, 'gpp_af': 1.3428395599799328, 'gpp_b': 0.13591484968051104, 'gpp_d': 118.37805445303908, 'ign_k': 0.35706304812294193, 'ign_c': 59.21503669586204, 'trop_agb_crit': 10.553887816354049, 'trop_k_veg': 0.9669583488035797, 'fuel_k': 0.6511651060591427, 'fuel_half': 0.18398488371761684}. Best is trial 0 with value: -0.6070628323553574.
[I 2026-07-24 02:18:44,325] Trial 415 finished with value: 0.5543774080138947 and parameters: {'k1': 0.0029148192340044407, 'D_low': 4431.436493777834, 'k2': 0.0009217245856287404, 'D_high': 9354962.415485531, 'fire_exp': 5.423641829487522, 'P_half': 146.7331902348259, 'pre_dampen_half': 63.91744474251859, 'gpp_af': 1.9927260065159822, 'gpp_b': 0.028566191611241624, 'gpp_d': 18.541711818680366, 'ign_k': 0.132771676756016, 'ign_c': 13.70528870570351, 'trop_agb_crit': 5.403129369280891, 'trop_k_veg': 0.5861982483450243, 'fuel_k': 3.645821952312226, 'fuel_half': 0.20160274317383436}. Best is trial 0 with value: -0.6070628323553574.
[I 2026-07-24 02:18:44,743] Trial 416 finished with value: 0.5774087857049788 and parameters: {'k1': 0.09303981978940999, 'D_low': 98731.96726097022, 'k2': 3.715604678273255e-05, 'D_high': 664952.8878293721, 'fire_exp': 1.7366074613258866, 'P_half': 51.35302659943503, 'pre_dampen_half': 2.6146541072010145, 'gpp_af': 3.1474948605576873, 'gpp_b': 0.0018618238426967334, 'gpp_d': 182.13837537493833, 'ign_k': 0.08578828668719655, 'ign_c': 0.325713184065558, 'trop_agb_crit': 1.4481191619597795, 'trop_k_veg': 0.9719243245754419, 'fuel_k': 5.103906964614789, 'fuel_half': 0.49920430409903355}. Best is trial 0 with value: -0.6070628323553574.
[I 2026-07-24 02:18:45,154] Trial 417 finished with value: -0.5759102418894655 and parameters: {'k1': 0.007428802276132214, 'D_low': 35.44460028055868, 'k2': 0.0006934334014078862, 'D_high': 406299.6520820604, 'fire_exp': 6.875283254261367, 'P_half': 181.8817825349224, 'pre_dampen_half': 30.80133338178541, 'gpp_af': 0.06100935307586583, 'gpp_b': 1.1591278630900377e-05, 'gpp_d': 434.5585047957256, 'ign_k': 0.5392939880162709, 'ign_c': 6.5140248619511585, 'trop_agb_crit': 20.5903760882707, 'trop_k_veg': 1.9724953352927834, 'fuel_k': 1.4503967054022628, 'fuel_half': 0.7354193892849917}. Best is trial 0 with value: -0.6070628323553574.
[I 2026-07-24 02:18:45,579] Trial 418 finished with value: 0.6445374145881376 and parameters: {'k1': 0.00026138269246148745, 'D_low': 2.4358388431192184, 'k2': 0.0005461371046752238, 'D_high': 2228944.9148604553, 'fire_exp': 6.674310802637426, 'P_half': 10.509720519795733, 'pre_dampen_half': 54.20255157389806, 'gpp_af': 0.9696475363767258, 'gpp_b': 0.25598325039311276, 'gpp_d': 27.61778365923872, 'ign_k': 0.6000236738736552, 'ign_c': 56.325307580039336, 'trop_agb_crit': 10.272379922243818, 'trop_k_veg': 0.9875149364507277, 'fuel_k': 1.0279642288572772, 'fuel_half': 0.1672161715720716}. Best is trial 0 with value: -0.6070628323553574.
[I 2026-07-24 02:18:45,995] Trial 419 finished with value: 0.5921842918885752 and parameters: {'k1': 5.360183799896868e-05, 'D_low': 2336.0118486342276, 'k2': 8.191296520203071e-05, 'D_high': 273889.9198732206, 'fire_exp': 5.23990147099541, 'P_half': 257.9772474698151, 'pre_dampen_half': 210.38784901293863, 'gpp_af': 44.408424501445595, 'gpp_b': 3.029856158378647, 'gpp_d': 353.72156857041506, 'ign_k': 1.9091312026457754, 'ign_c': 1.4003187279739744, 'trop_agb_crit': 23.12594705884389, 'trop_k_veg': 0.6353966946884595, 'fuel_k': 0.27557154613463297, 'fuel_half': 0.39115592085269324}. Best is trial 0 with value: -0.6070628323553574.
[I 2026-07-24 02:18:46,408] Trial 420 finished with value: 0.5172053648784053 and parameters: {'k1': 0.009192555493007282, 'D_low': 47.91486293685646, 'k2': 0.0019496111026322733, 'D_high': 1435901.0883500737, 'fire_exp': 8.239665661363823, 'P_half': 208.93286889565164, 'pre_dampen_half': 34.94849445485963, 'gpp_af': 0.008873991254849826, 'gpp_b': 1.212356143332983e-05, 'gpp_d': 6.040863235783366, 'ign_k': 0.19934758343462228, 'ign_c': 1.89246732409427, 'trop_agb_crit': 7.446045840615988, 'trop_k_veg': 1.8403588455557467, 'fuel_k': 1.3879894946441027, 'fuel_half': 1.8904493455186724}. Best is trial 0 with value: -0.6070628323553574.
[I 2026-07-24 02:18:46,824] Trial 421 finished with value: 0.5928300088045536 and parameters: {'k1': 0.07875259829428387, 'D_low': 92.9412886091494, 'k2': 0.04500824118725283, 'D_high': 38512.99684013784, 'fire_exp': 7.354272236140456, 'P_half': 1647.5690314411831, 'pre_dampen_half': 0.4431297364012955, 'gpp_af': 0.2556725765107596, 'gpp_b': 0.00020807288590077557, 'gpp_d': 309.6219376708203, 'ign_k': 0.35681304793181934, 'ign_c': 1.3465084551620567, 'trop_agb_crit': 6.241473813657089, 'trop_k_veg': 2.1051129030647, 'fuel_k': 2.672644545636421, 'fuel_half': 0.21500783403959747}. Best is trial 0 with value: -0.6070628323553574.
[I 2026-07-24 02:18:47,238] Trial 422 finished with value: 0.5958657456549471 and parameters: {'k1': 0.010685590946936208, 'D_low': 81.58010675637495, 'k2': 0.00031462732086371385, 'D_high': 5196134.74909206, 'fire_exp': 1.4045262359743338, 'P_half': 4.625491685803372, 'pre_dampen_half': 3.240738693708012, 'gpp_af': 0.16389845031372505, 'gpp_b': 2.061867989872863, 'gpp_d': 4.052814048620651, 'ign_k': 0.3708710338053239, 'ign_c': 1.0601143559728772, 'trop_agb_crit': 5.939903672572154, 'trop_k_veg': 1.3809572143790976, 'fuel_k': 2.92448922700298, 'fuel_half': 2.0124428519941704}. Best is trial 0 with value: -0.6070628323553574.
[I 2026-07-24 02:18:47,650] Trial 423 finished with value: 0.49269501634984747 and parameters: {'k1': 0.0309672211719556, 'D_low': 213.3436555317747, 'k2': 0.001607454208394289, 'D_high': 504311.69494482887, 'fire_exp': 2.8687024536878227, 'P_half': 557.3198102475312, 'pre_dampen_half': 126.95835478783889, 'gpp_af': 5.493966958777801, 'gpp_b': 2.0711936101905506e-05, 'gpp_d': 613.8890728553537, 'ign_k': 0.1298230245755471, 'ign_c': 9.731133722321472, 'trop_agb_crit': 24.943718662874325, 'trop_k_veg': 0.9705344261986334, 'fuel_k': 0.8541637173669488, 'fuel_half': 7.201367329803023}. Best is trial 0 with value: -0.6070628323553574.
[I 2026-07-24 02:18:48,063] Trial 424 finished with value: 0.4272733280335119 and parameters: {'k1': 0.0628897510783837, 'D_low': 40.49536684227731, 'k2': 1.1578295651329414e-05, 'D_high': 86150.10893498753, 'fire_exp': 1.6043526890820508, 'P_half': 99.30030113598721, 'pre_dampen_half': 20.38577528583686, 'gpp_af': 0.11199688557754384, 'gpp_b': 0.0005251425154878448, 'gpp_d': 453.06742335911485, 'ign_k': 0.06341012976829617, 'ign_c': 17.95637349701052, 'trop_agb_crit': 3.188011310032896, 'trop_k_veg': 0.9326764305813353, 'fuel_k': 4.536597243267038, 'fuel_half': 0.3567428270796979}. Best is trial 0 with value: -0.6070628323553574.
[I 2026-07-24 02:18:48,473] Trial 425 finished with value: 0.5116329046371482 and parameters: {'k1': 0.010046936635418521, 'D_low': 1212.9833287971271, 'k2': 8.951280347587941e-05, 'D_high': 949167.4236067052, 'fire_exp': 5.797473024437313, 'P_half': 5.1067752962726916, 'pre_dampen_half': 118.36587360436833, 'gpp_af': 0.012357750884860854, 'gpp_b': 3.926338766471944e-05, 'gpp_d': 599.9174361784503, 'ign_k': 0.5360442797611097, 'ign_c': 8.36048123128388, 'trop_agb_crit': 20.83079253099362, 'trop_k_veg': 2.665417018234644, 'fuel_k': 1.2159396873170916, 'fuel_half': 0.5393078155304852}. Best is trial 0 with value: -0.6070628323553574.
[I 2026-07-24 02:18:48,885] Trial 426 finished with value: -0.5727508571757776 and parameters: {'k1': 0.002553751190504735, 'D_low': 48.7097039846147, 'k2': 0.006799064767668636, 'D_high': 58026.56867376685, 'fire_exp': 5.102839724058451, 'P_half': 421.4532140345932, 'pre_dampen_half': 538.8442535241267, 'gpp_af': 0.01624631755356348, 'gpp_b': 2.459477390914983e-05, 'gpp_d': 137.45523819382052, 'ign_k': 2.2768768826033483, 'ign_c': 15.015889092912008, 'trop_agb_crit': 20.798555566684826, 'trop_k_veg': 1.121794075981293, 'fuel_k': 3.0538803590571963, 'fuel_half': 0.4681674933818655}. Best is trial 0 with value: -0.6070628323553574.
[I 2026-07-24 02:18:49,293] Trial 427 finished with value: 0.5793331545279432 and parameters: {'k1': 0.001374304029071174, 'D_low': 45.294627403540886, 'k2': 0.006761668751167624, 'D_high': 4263.386037779615, 'fire_exp': 5.118322775303103, 'P_half': 175.7870171129146, 'pre_dampen_half': 969.4219464173187, 'gpp_af': 0.17840254191758614, 'gpp_b': 0.0001712728143482641, 'gpp_d': 919.5903033104775, 'ign_k': 2.312143752130165, 'ign_c': 6.367301030515916, 'trop_agb_crit': 22.133349133363936, 'trop_k_veg': 1.3040642567145864, 'fuel_k': 0.37229198519336215, 'fuel_half': 0.5880284049918646}. Best is trial 0 with value: -0.6070628323553574.
[I 2026-07-24 02:18:49,714] Trial 428 finished with value: 0.43251963927848713 and parameters: {'k1': 0.008844884424112017, 'D_low': 40.08187122801408, 'k2': 0.07853402078146, 'D_high': 118531.81503900576, 'fire_exp': 8.063105620504418, 'P_half': 142.24020190569826, 'pre_dampen_half': 923.5496051907381, 'gpp_af': 0.011513366197227613, 'gpp_b': 2.027256456711128e-05, 'gpp_d': 84.05406988043879, 'ign_k': 0.9015108613017964, 'ign_c': 15.50797370962219, 'trop_agb_crit': 23.14488899514522, 'trop_k_veg': 1.1347766927618497, 'fuel_k': 2.034331684795701, 'fuel_half': 0.5151806723854329}. Best is trial 0 with value: -0.6070628323553574.
[I 2026-07-24 02:18:50,125] Trial 429 finished with value: -0.5786980865864074 and parameters: {'k1': 0.0023312697712783393, 'D_low': 6.409237542569727, 'k2': 0.0002540762988783724, 'D_high': 314199.30185056565, 'fire_exp': 9.717413874660215, 'P_half': 28.3310788979784, 'pre_dampen_half': 17.17068704547178, 'gpp_af': 0.07100955971493106, 'gpp_b': 6.434392018223108e-05, 'gpp_d': 835.8591830571241, 'ign_k': 0.5122253608538675, 'ign_c': 0.45980705512783127, 'trop_agb_crit': 22.401596248955546, 'trop_k_veg': 1.5833728988366829, 'fuel_k': 0.32516579813249596, 'fuel_half': 1.5233003485088212}. Best is trial 0 with value: -0.6070628323553574.
[I 2026-07-24 02:18:50,538] Trial 430 finished with value: 0.5600358305109482 and parameters: {'k1': 0.028902020817647606, 'D_low': 4.149859554622578, 'k2': 0.007086315445973316, 'D_high': 984938.1787401937, 'fire_exp': 6.317834570598584, 'P_half': 567.2096300765917, 'pre_dampen_half': 29.480166869114292, 'gpp_af': 0.06726326243384931, 'gpp_b': 1.4944719689576558e-05, 'gpp_d': 993.9374329459366, 'ign_k': 2.5006722249123565, 'ign_c': 2.320921176820422, 'trop_agb_crit': 20.625310962164797, 'trop_k_veg': 3.210789903608189, 'fuel_k': 0.2762728696025385, 'fuel_half': 0.6318352341150564}. Best is trial 0 with value: -0.6070628323553574.
[I 2026-07-24 02:18:50,950] Trial 431 finished with value: 0.4582345631309026 and parameters: {'k1': 0.001481206391551518, 'D_low': 6.185458346446041, 'k2': 0.00023640558075363257, 'D_high': 103772.12355776127, 'fire_exp': 9.182756084288936, 'P_half': 16.668201953572463, 'pre_dampen_half': 29.754843892952806, 'gpp_af': 0.2583799144306176, 'gpp_b': 6.101016586515066e-05, 'gpp_d': 74.59284785440389, 'ign_k': 0.13555891259022418, 'ign_c': 0.25032393056093694, 'trop_agb_crit': 11.900079544146132, 'trop_k_veg': 3.4120459165167154, 'fuel_k': 0.8674700822142657, 'fuel_half': 4.232875606460299}. Best is trial 0 with value: -0.6070628323553574.
[I 2026-07-24 02:18:51,359] Trial 432 finished with value: 0.4856669247395625 and parameters: {'k1': 0.0009037567254988837, 'D_low': 1.4831632602210938, 'k2': 0.0003197570706138075, 'D_high': 2428791.859594909, 'fire_exp': 8.657099149386006, 'P_half': 3.477212915152823, 'pre_dampen_half': 0.3356918459196337, 'gpp_af': 2.322639395037707, 'gpp_b': 4.4711502705691174e-05, 'gpp_d': 422.7640478549108, 'ign_k': 2.1928351365578544, 'ign_c': 0.21883547285100285, 'trop_agb_crit': 21.673356301311145, 'trop_k_veg': 2.5157957266571906, 'fuel_k': 0.09887496747520817, 'fuel_half': 3.6914144669912496}. Best is trial 0 with value: -0.6070628323553574.
[I 2026-07-24 02:18:51,772] Trial 433 finished with value: 0.5084726927248779 and parameters: {'k1': 9.162794577349025e-05, 'D_low': 173.93886731994033, 'k2': 0.0010949612248937978, 'D_high': 2019803.2208168344, 'fire_exp': 5.346038213578748, 'P_half': 153.04987983170813, 'pre_dampen_half': 27.864914529668244, 'gpp_af': 45.91600952522138, 'gpp_b': 0.0639137241667594, 'gpp_d': 403.14979832707627, 'ign_k': 1.197943248791567, 'ign_c': 0.31942276018822463, 'trop_agb_crit': 11.473122173765766, 'trop_k_veg': 2.7621941664278915, 'fuel_k': 1.0279800228229323, 'fuel_half': 0.37061160317691216}. Best is trial 0 with value: -0.6070628323553574.
[I 2026-07-24 02:18:52,186] Trial 434 finished with value: 0.5892650560114234 and parameters: {'k1': 0.000454184164883874, 'D_low': 2.8868799742045743, 'k2': 0.001889729629338831, 'D_high': 763228.8228060828, 'fire_exp': 7.413834806248417, 'P_half': 78.48964020733922, 'pre_dampen_half': 26.601798104625654, 'gpp_af': 0.005642303555653714, 'gpp_b': 1.2048737545286098e-05, 'gpp_d': 191.8284898567049, 'ign_k': 0.00512280652021712, 'ign_c': 0.22188748952553905, 'trop_agb_crit': 29.906274387800984, 'trop_k_veg': 0.9345539969239719, 'fuel_k': 0.42901762934005344, 'fuel_half': 10.232907042018022}. Best is trial 0 with value: -0.6070628323553574.
[I 2026-07-24 02:18:52,595] Trial 435 finished with value: 0.6445374145881376 and parameters: {'k1': 0.0002237287061041761, 'D_low': 4374.363004302488, 'k2': 0.005279541320267736, 'D_high': 116872.58860683694, 'fire_exp': 2.491548737067694, 'P_half': 5462.789840388521, 'pre_dampen_half': 105.00262438195514, 'gpp_af': 0.007592209864355218, 'gpp_b': 1.338487627001471e-05, 'gpp_d': 148.48147907654933, 'ign_k': 4.064421066045541, 'ign_c': 39.28878321833626, 'trop_agb_crit': 26.974806273485687, 'trop_k_veg': 1.4382167579793206, 'fuel_k': 4.417367521619426, 'fuel_half': 2.1637942331354343}. Best is trial 0 with value: -0.6070628323553574.
[I 2026-07-24 02:18:53,013] Trial 436 finished with value: 0.5977036247015353 and parameters: {'k1': 0.0016005379147754903, 'D_low': 1555.0201148174256, 'k2': 0.0009299651910464489, 'D_high': 8304.561787882561, 'fire_exp': 9.405383653628105, 'P_half': 16.91841458695985, 'pre_dampen_half': 10.723429480148859, 'gpp_af': 0.004967903961609146, 'gpp_b': 5.8883041062091354e-05, 'gpp_d': 513.5181804786122, 'ign_k': 0.6036022757776612, 'ign_c': 0.420227194357421, 'trop_agb_crit': 26.534484235215466, 'trop_k_veg': 1.2172271263187149, 'fuel_k': 0.09291062435409403, 'fuel_half': 3.2314366817802243}. Best is trial 0 with value: -0.6070628323553574.
[I 2026-07-24 02:18:53,443] Trial 437 finished with value: 0.41973733163809535 and parameters: {'k1': 0.003587362798094383, 'D_low': 27.29914068752416, 'k2': 0.0009684071746108154, 'D_high': 77699.57889884542, 'fire_exp': 6.710996335985676, 'P_half': 34.98983615156382, 'pre_dampen_half': 54.55079041215696, 'gpp_af': 0.014870530298952744, 'gpp_b': 1.0439154706820247e-05, 'gpp_d': 530.4151026812086, 'ign_k': 1.6874639991967166, 'ign_c': 9.312757253088302, 'trop_agb_crit': 15.199423409247107, 'trop_k_veg': 1.8799568744025557, 'fuel_k': 0.9974728918628916, 'fuel_half': 1.2926352786979614}. Best is trial 0 with value: -0.6070628323553574.
[I 2026-07-24 02:18:53,849] Trial 438 finished with value: 0.5953953348366257 and parameters: {'k1': 0.00016025076174548287, 'D_low': 71.17018624151481, 'k2': 0.004006712642378006, 'D_high': 2570531.4894039095, 'fire_exp': 9.486965643130057, 'P_half': 55.92918160332009, 'pre_dampen_half': 8.091814034544074, 'gpp_af': 0.0705769175248559, 'gpp_b': 0.035728932318191714, 'gpp_d': 795.936825412403, 'ign_k': 1.2811431166244531, 'ign_c': 0.29515659519159443, 'trop_agb_crit': 19.07363034905431, 'trop_k_veg': 1.4970827909913518, 'fuel_k': 0.2740286693717561, 'fuel_half': 2.7318054102383806}. Best is trial 0 with value: -0.6070628323553574.
[I 2026-07-24 02:18:54,260] Trial 439 finished with value: 0.5692354935177434 and parameters: {'k1': 0.00029498364098587095, 'D_low': 48.02450946121988, 'k2': 3.265144209943385e-05, 'D_high': 9567815.261241738, 'fire_exp': 1.9674815263493692, 'P_half': 22.55675467987765, 'pre_dampen_half': 0.16600140340173059, 'gpp_af': 3.1293377721713167, 'gpp_b': 0.00028977865656187835, 'gpp_d': 2.203988828435466, 'ign_k': 0.005297994132115555, 'ign_c': 6.024556969146356, 'trop_agb_crit': 1.116276000745159, 'trop_k_veg': 5.604739149436, 'fuel_k': 2.196847787538647, 'fuel_half': 0.10967932483160403}. Best is trial 0 with value: -0.6070628323553574.
[I 2026-07-24 02:18:54,673] Trial 440 finished with value: 0.5847421808393476 and parameters: {'k1': 0.0008545764963529351, 'D_low': 77.3205481935722, 'k2': 9.856209331628909e-05, 'D_high': 1509866.587923663, 'fire_exp': 1.1189259762556827, 'P_half': 7.630565852784292, 'pre_dampen_half': 1.0736187617216115, 'gpp_af': 0.010219911778524124, 'gpp_b': 0.03627401116294483, 'gpp_d': 630.3196428939391, 'ign_k': 0.06503532152400585, 'ign_c': 25.724499445383593, 'trop_agb_crit': 3.4912554558739837, 'trop_k_veg': 0.8457549339582178, 'fuel_k': 0.1808822748258555, 'fuel_half': 0.1626908731074463}. Best is trial 0 with value: -0.6070628323553574.
