[I 2026-08-19 17:37:33,864] Trial 1391 finished with value: 0.4243969818757345 and parameters: {'k1': 0.028923784071669276, 'D_low': 3.531285483966762, 'k2': 0.004870351904356507, 'D_high': 166249.85438240803, 'fire_exp': 6.474358767183543, 'P_half': 3.7085515366512896, 'pre_dampen_half': 4.89848412067757, 'gpp_af': 0.08504872998065695, 'gpp_b': 0.0007885482298039656, 'gpp_d': 682.457870253994, 'ign_k': 0.784262834961412, 'ign_c': 0.10231790315154489, 'trop_agb_crit': 16.7652296682393, 'trop_k_veg': 1.1734571391571986, 'pop_amp': 0.028781839579416522, 'pop_peak': 1.0252458633582975, 'pop_sig': 0.6724296960862388, 'fuel_k': 1.3527441171502546, 'fuel_half': 0.11493316974542885}. Best is trial 0 with value: -0.6094076133578652.
[I 2026-08-19 17:37:35,684] Trial 1392 finished with value: 0.5558179791227067 and parameters: {'k1': 0.0033187988898213663, 'D_low': 79.28199841760048, 'k2': 4.315374793312155e-05, 'D_high': 453084.96168848744, 'fire_exp': 3.6109643045058957, 'P_half': 2.9692784205883584, 'pre_dampen_half': 2.509513233109998, 'gpp_af': 0.7218793435597985, 'gpp_b': 0.0007294231458016804, 'gpp_d': 558.2030042089602, 'ign_k': 0.029689467442312784, 'ign_c': 0.7245405621119126, 'trop_agb_crit': 2.3995547920818168, 'trop_k_veg': 0.624969613666825, 'pop_amp': 0.2890541174383372, 'pop_peak': 26.634595801303867, 'pop_sig': 0.45662979484014804, 'fuel_k': 0.49765592755704385, 'fuel_half': 0.5007428417757187}. Best is trial 0 with value: -0.6094076133578652.
[I 2026-08-19 17:37:37,554] Trial 1393 finished with value: 0.5763146294903655 and parameters: {'k1': 0.002425039271028561, 'D_low': 2.4383869953354025, 'k2': 0.0033039069174316616, 'D_high': 1868352.476252717, 'fire_exp': 6.356477297525703, 'P_half': 1.5316023690327747, 'pre_dampen_half': 0.9157324533594554, 'gpp_af': 1.1700973467236442, 'gpp_b': 0.00011262136613272024, 'gpp_d': 13.186698668242993, 'ign_k': 0.032177456427176995, 'ign_c': 6.013819752740214, 'trop_agb_crit': 13.688743232732019, 'trop_k_veg': 3.2800480804251446, 'pop_amp': 0.004414381385658323, 'pop_peak': 0.13118335725251895, 'pop_sig': 0.4442997128905063, 'fuel_k': 1.7899170969854516, 'fuel_half': 0.15924664920127846}. Best is trial 0 with value: -0.6094076133578652.
[I 2026-08-19 17:37:39,310] Trial 1394 finished with value: 0.6007012333222086 and parameters: {'k1': 0.014909521175051552, 'D_low': 45.07903326596032, 'k2': 0.003438288017622285, 'D_high': 611036.6431148207, 'fire_exp': 6.298787997199386, 'P_half': 10.77670528033725, 'pre_dampen_half': 0.6802856952925187, 'gpp_af': 0.011107424456297242, 'gpp_b': 0.035089289736803496, 'gpp_d': 14.52652844396926, 'ign_k': 2.2070170743356288, 'ign_c': 0.19352932083167707, 'trop_agb_crit': 23.733065520551893, 'trop_k_veg': 2.420087058367161, 'pop_amp': 0.002685030473872445, 'pop_peak': 0.41250352239272975, 'pop_sig': 0.2566557385356895, 'fuel_k': 0.9614041481846495, 'fuel_half': 0.3793994278870588}. Best is trial 0 with value: -0.6094076133578652.
[I 2026-08-19 17:37:41,073] Trial 1395 finished with value: 0.5359185684534569 and parameters: {'k1': 0.0004042520152147921, 'D_low': 1172.0406130423642, 'k2': 0.001349912657400866, 'D_high': 6677517.256715106, 'fire_exp': 7.7968449746230295, 'P_half': 35.75402809946165, 'pre_dampen_half': 2.7519069516030643, 'gpp_af': 0.07691928593070539, 'gpp_b': 0.005141936786547573, 'gpp_d': 121.47246092086446, 'ign_k': 3.2617675493185057, 'ign_c': 0.10430668658654753, 'trop_agb_crit': 16.392872388159976, 'trop_k_veg': 2.75754185913611, 'pop_amp': 0.01479503364063631, 'pop_peak': 0.17742096521900408, 'pop_sig': 0.4602911758184374, 'fuel_k': 0.24634460857601484, 'fuel_half': 0.2635123042623369}. Best is trial 0 with value: -0.6094076133578652.
  trial 1396/2500  best_overall=0.6094  (39.3 min)
[I 2026-08-19 17:37:43,098] Trial 1396 finished with value: 0.6448311610746649 and parameters: {'k1': 0.01570345213047386, 'D_low': 1.361508742112136, 'k2': 0.05644245073899547, 'D_high': 1468772.2504391905, 'fire_exp': 1.7300501519982745, 'P_half': 1.9181692270503523, 'pre_dampen_half': 276.4588147913573, 'gpp_af': 0.010570780130810033, 'gpp_b': 0.0005793137703619908, 'gpp_d': 38.54124433471436, 'ign_k': 5.46455076196939, 'ign_c': 39.42614973510536, 'trop_agb_crit': 1.9106617156707237, 'trop_k_veg': 2.1380204351044707, 'pop_amp': 0.5047684646392793, 'pop_peak': 607.201687846894, 'pop_sig': 1.3677867277454985, 'fuel_k': 0.09766401061276078, 'fuel_half': 0.2327921205134158}. Best is trial 0 with value: -0.6094076133578652.
[I 2026-08-19 17:37:44,807] Trial 1397 finished with value: 0.5017385481100756 and parameters: {'k1': 0.0031176046659305585, 'D_low': 1.3637536288354901, 'k2': 0.016488065090329827, 'D_high': 2319738.5009672786, 'fire_exp': 4.058060351853559, 'P_half': 12.036543603082102, 'pre_dampen_half': 1.5086852365317922, 'gpp_af': 0.3397358678558695, 'gpp_b': 0.12275417094423356, 'gpp_d': 87.0877772884617, 'ign_k': 0.08883956978514293, 'ign_c': 0.8577320406791274, 'trop_agb_crit': 18.336795056709363, 'trop_k_veg': 2.0763643860586307, 'pop_amp': 0.036320575946783104, 'pop_peak': 0.2506866003949071, 'pop_sig': 0.5124289954979558, 'fuel_k': 2.227684215791341, 'fuel_half': 0.14407604373080332}. Best is trial 0 with value: -0.6094076133578652.
[I 2026-08-19 17:37:46,546] Trial 1398 finished with value: 0.5037292567626391 and parameters: {'k1': 0.05812642547570916, 'D_low': 9.442850208449475, 'k2': 0.0007790360932733042, 'D_high': 7615230.8798398, 'fire_exp': 6.5149898561858155, 'P_half': 1.2951190654925988, 'pre_dampen_half': 2.2238830408190307, 'gpp_af': 0.014094582568596428, 'gpp_b': 0.0028348581467593234, 'gpp_d': 66.2591293309667, 'ign_k': 0.16385700943336828, 'ign_c': 2.1390641210991275, 'trop_agb_crit': 24.886514589243966, 'trop_k_veg': 5.501467037732818, 'pop_amp': 0.014587139900176785, 'pop_peak': 0.140491931902014, 'pop_sig': 0.36481099606092093, 'fuel_k': 0.8670324042729197, 'fuel_half': 0.38899421933595557}. Best is trial 0 with value: -0.6094076133578652.
[I 2026-08-19 17:37:48,245] Trial 1399 finished with value: 0.5679760718829001 and parameters: {'k1': 0.014951940724575279, 'D_low': 31.685473944108757, 'k2': 0.012225939208334766, 'D_high': 32355.39752468573, 'fire_exp': 2.6908331435804476, 'P_half': 475.7512524697371, 'pre_dampen_half': 0.11404291962688269, 'gpp_af': 1.259468518549428, 'gpp_b': 0.0009912187095904882, 'gpp_d': 2.08576095935686, 'ign_k': 0.6296600780384145, 'ign_c': 7.201266431149917, 'trop_agb_crit': 14.717067895416925, 'trop_k_veg': 0.9031719619059895, 'pop_amp': 5.771366125837194, 'pop_peak': 80.75083025779408, 'pop_sig': 0.33164671961851117, 'fuel_k': 0.06741519636192059, 'fuel_half': 0.22937611169124372}. Best is trial 0 with value: -0.6094076133578652.
[I 2026-08-19 17:37:49,923] Trial 1400 finished with value: 0.43028643643844044 and parameters: {'k1': 0.0018779148889432303, 'D_low': 1414.8124375389666, 'k2': 0.05820411565672584, 'D_high': 8092634.774845186, 'fire_exp': 1.2346380095235818, 'P_half': 417.2477845480471, 'pre_dampen_half': 4.219887113957584, 'gpp_af': 0.09996335177018281, 'gpp_b': 0.009015293880635591, 'gpp_d': 11.88968178483689, 'ign_k': 8.103827075798074, 'ign_c': 14.821802066060995, 'trop_agb_crit': 19.84558566386481, 'trop_k_veg': 2.131572727969513, 'pop_amp': 0.003288069062524164, 'pop_peak': 121.13900252460004, 'pop_sig': 0.9563582864655571, 'fuel_k': 0.2803264977821147, 'fuel_half': 1.7021901920664264}. Best is trial 0 with value: -0.6094076133578652.
[I 2026-08-19 17:37:51,571] Trial 1401 finished with value: 0.47883553737866 and parameters: {'k1': 0.0003110266626503679, 'D_low': 2.0767799139360705, 'k2': 0.07747068552040683, 'D_high': 61918.33353912805, 'fire_exp': 2.1125715714582554, 'P_half': 44.60830460843299, 'pre_dampen_half': 0.9045291187670802, 'gpp_af': 0.11593598758070221, 'gpp_b': 4.8444760907574916e-05, 'gpp_d': 29.38519850090362, 'ign_k': 5.335891742344326, 'ign_c': 12.151870733074267, 'trop_agb_crit': 5.613913006264052, 'trop_k_veg': 1.4442822193038045, 'pop_amp': 0.17253585267236665, 'pop_peak': 1.4698286471819162, 'pop_sig': 1.9837505169025131, 'fuel_k': 0.1465010814316834, 'fuel_half': 0.4304678210895016}. Best is trial 0 with value: -0.6094076133578652.
[I 2026-08-19 17:37:53,223] Trial 1402 finished with value: 0.5839222904263232 and parameters: {'k1': 0.03218106415454647, 'D_low': 28.40936210354969, 'k2': 9.630840137401042e-05, 'D_high': 1269776.4834915206, 'fire_exp': 2.3882203186866606, 'P_half': 1555.7838038527339, 'pre_dampen_half': 0.45928311318360693, 'gpp_af': 0.13868824896457546, 'gpp_b': 0.09410236420660793, 'gpp_d': 262.43922580578607, 'ign_k': 7.543786070213028, 'ign_c': 3.5276484912479957, 'trop_agb_crit': 16.948024059505823, 'trop_k_veg': 0.6805594793960477, 'pop_amp': 0.8750355476021413, 'pop_peak': 93.84981513428927, 'pop_sig': 0.2885176473073196, 'fuel_k': 0.023053353688084935, 'fuel_half': 0.27997450963177584}. Best is trial 0 with value: -0.6094076133578652.
[I 2026-08-19 17:37:54,889] Trial 1403 finished with value: 0.41932343584967346 and parameters: {'k1': 0.0006421450727816835, 'D_low': 776.4734458627884, 'k2': 0.0006385122835782199, 'D_high': 7479709.678296948, 'fire_exp': 2.310349493455847, 'P_half': 8.603977429492748, 'pre_dampen_half': 23.438251386150885, 'gpp_af': 0.282659043244934, 'gpp_b': 0.0027586839314714174, 'gpp_d': 402.44041287171586, 'ign_k': 0.19925896411315858, 'ign_c': 1.688080025817474, 'trop_agb_crit': 9.970723367124018, 'trop_k_veg': 0.6980612094082019, 'pop_amp': 0.3843269117303789, 'pop_peak': 2.020624810179856, 'pop_sig': 0.5737669134612484, 'fuel_k': 0.015496731009290892, 'fuel_half': 0.28418416145457015}. Best is trial 0 with value: -0.6094076133578652.
[I 2026-08-19 17:37:56,556] Trial 1404 finished with value: 0.4666215249411325 and parameters: {'k1': 0.0038977077777042944, 'D_low': 556.0038699103563, 'k2': 0.007690781549564541, 'D_high': 338609.89648316975, 'fire_exp': 1.276249017311428, 'P_half': 30.492419640605306, 'pre_dampen_half': 1.208934841942154, 'gpp_af': 0.007733541791176461, 'gpp_b': 0.016576235821453306, 'gpp_d': 350.4718662506285, 'ign_k': 0.11686901976122388, 'ign_c': 0.9106847740936183, 'trop_agb_crit': 29.709501809792247, 'trop_k_veg': 4.399726946695675, 'pop_amp': 0.003470856376009022, 'pop_peak': 0.25670988765371694, 'pop_sig': 0.5005817648019169, 'fuel_k': 4.251478932697322, 'fuel_half': 0.768531560542975}. Best is trial 0 with value: -0.6094076133578652.
[I 2026-08-19 17:37:58,250] Trial 1405 finished with value: 0.6445374145881376 and parameters: {'k1': 0.024449381884933702, 'D_low': 4.09799086109117, 'k2': 0.0010099942958036623, 'D_high': 301538.03052493953, 'fire_exp': 9.894598664691301, 'P_half': 117.60281021716138, 'pre_dampen_half': 0.6748278083205449, 'gpp_af': 1.1832355772592085, 'gpp_b': 4.727057442843272e-05, 'gpp_d': 7.570285900387413, 'ign_k': 0.9506906937119104, 'ign_c': 135.20106616585144, 'trop_agb_crit': 1.6548776033635606, 'trop_k_veg': 4.658329972484989, 'pop_amp': 0.12562668199049273, 'pop_peak': 957.2306301869131, 'pop_sig': 0.7883253314518522, 'fuel_k': 1.2250411384165405, 'fuel_half': 0.47723973153264154}. Best is trial 0 with value: -0.6094076133578652.
[I 2026-08-19 17:37:59,954] Trial 1406 finished with value: 0.5811779465077074 and parameters: {'k1': 0.00019855649819678947, 'D_low': 685.485897410141, 'k2': 0.00017926461957842204, 'D_high': 20944.345108129706, 'fire_exp': 5.632315043377139, 'P_half': 8.846527187531526, 'pre_dampen_half': 8.3484139265445, 'gpp_af': 0.3695738597745833, 'gpp_b': 2.9978841869836464e-05, 'gpp_d': 192.74191119594866, 'ign_k': 6.644828618973016, 'ign_c': 1.0524337872206249, 'trop_agb_crit': 25.534977133042254, 'trop_k_veg': 1.3116874836828567, 'pop_amp': 1.0412920247491695, 'pop_peak': 90.32303682188866, 'pop_sig': 1.0385536880699573, 'fuel_k': 0.03252616311148373, 'fuel_half': 0.13235859586401658}. Best is trial 0 with value: -0.6094076133578652.
[I 2026-08-19 17:38:01,592] Trial 1407 finished with value: 0.5101576087355791 and parameters: {'k1': 0.0023396115081840935, 'D_low': 6.62003898959229, 'k2': 0.0006248581185009878, 'D_high': 1112231.108518605, 'fire_exp': 6.045228744224639, 'P_half': 6.406520493833763, 'pre_dampen_half': 10.18330384586814, 'gpp_af': 1.5848819552382707, 'gpp_b': 1.4771155334985834e-05, 'gpp_d': 0.36874790413092207, 'ign_k': 0.23271312053656412, 'ign_c': 6.388343384384503, 'trop_agb_crit': 1.86018652427499, 'trop_k_veg': 3.1351206214700413, 'pop_amp': 0.03173782394580172, 'pop_peak': 529.3488022346532, 'pop_sig': 1.1077124487928296, 'fuel_k': 2.2887188604483937, 'fuel_half': 0.36831849592119675}. Best is trial 0 with value: -0.6094076133578652.
  trial 1408/2500  best_overall=0.6094  (39.6 min)
[I 2026-08-19 17:38:03,613] Trial 1408 finished with value: 0.42070667103267345 and parameters: {'k1': 0.007253675360376128, 'D_low': 27.978311750562295, 'k2': 0.0002774202234486597, 'D_high': 6415804.382691935, 'fire_exp': 3.453431948653642, 'P_half': 17.02807198993952, 'pre_dampen_half': 4.345604829640105, 'gpp_af': 0.5470058895096019, 'gpp_b': 1.251589201083718e-05, 'gpp_d': 869.4069312651167, 'ign_k': 4.306180707830693, 'ign_c': 0.1488798161825194, 'trop_agb_crit': 9.377911716852699, 'trop_k_veg': 1.0582012146919475, 'pop_amp': 0.010526600137293247, 'pop_peak': 1.111241386214224, 'pop_sig': 0.6741460567749333, 'fuel_k': 0.4844036989390194, 'fuel_half': 0.3004319695035983}. Best is trial 0 with value: -0.6094076133578652.
[I 2026-08-19 17:38:05,257] Trial 1409 finished with value: 0.5744766752162276 and parameters: {'k1': 0.00012331961421665035, 'D_low': 1131.1309468812078, 'k2': 0.017171472657830963, 'D_high': 7096267.47522853, 'fire_exp': 2.7195220887051974, 'P_half': 595.5865409832552, 'pre_dampen_half': 9.274210084653786, 'gpp_af': 20.796961169590336, 'gpp_b': 0.00014025165749488485, 'gpp_d': 370.58736875226845, 'ign_k': 0.02390126181916688, 'ign_c': 0.20831632501950406, 'trop_agb_crit': 20.693990529293604, 'trop_k_veg': 1.142792704008209, 'pop_amp': 0.5740847203409475, 'pop_peak': 0.5648877461071281, 'pop_sig': 0.7017281449146646, 'fuel_k': 0.05143543898396373, 'fuel_half': 0.1945193182640483}. Best is trial 0 with value: -0.6094076133578652.
[I 2026-08-19 17:38:06,933] Trial 1410 finished with value: 0.4826930783792791 and parameters: {'k1': 0.0015108086267330877, 'D_low': 3846.588651978891, 'k2': 3.8040756429588456e-05, 'D_high': 2800644.8972673235, 'fire_exp': 3.610142546583869, 'P_half': 28.70602295623873, 'pre_dampen_half': 7.744650389633864, 'gpp_af': 2.6939908236142363, 'gpp_b': 0.00181983943090738, 'gpp_d': 692.7752790441378, 'ign_k': 0.05941572355335656, 'ign_c': 0.14093267309772117, 'trop_agb_crit': 19.212674543182835, 'trop_k_veg': 1.5952691123248073, 'pop_amp': 0.12236365831853561, 'pop_peak': 21.764477984136377, 'pop_sig': 1.8015491855097316, 'fuel_k': 0.035920392519735334, 'fuel_half': 0.1586476269172515}. Best is trial 0 with value: -0.6094076133578652.
[I 2026-08-19 17:38:08,690] Trial 1411 finished with value: 0.4132731907901145 and parameters: {'k1': 5.568994763886787e-05, 'D_low': 1.5065987644672911, 'k2': 0.0001355133778688772, 'D_high': 249631.88701438735, 'fire_exp': 1.7279022859885258, 'P_half': 311.69354231936603, 'pre_dampen_half': 0.731645916564221, 'gpp_af': 0.5569325082817392, 'gpp_b': 0.030795438017652835, 'gpp_d': 89.60081685673214, 'ign_k': 6.553211148449302, 'ign_c': 19.400733261203406, 'trop_agb_crit': 3.9950322465953065, 'trop_k_veg': 0.6842361154976024, 'pop_amp': 6.89369228277251, 'pop_peak': 8.928307158750979, 'pop_sig': 0.47299324382932834, 'fuel_k': 0.014110633193119157, 'fuel_half': 0.14549908661191827}. Best is trial 0 with value: -0.6094076133578652.
[I 2026-08-19 17:38:10,356] Trial 1412 finished with value: 0.5163842353323829 and parameters: {'k1': 0.006443050627900107, 'D_low': 939.4221998851882, 'k2': 0.013430622611128309, 'D_high': 116571.2856648333, 'fire_exp': 1.473006261409814, 'P_half': 4.479598363572954, 'pre_dampen_half': 0.15540404645147152, 'gpp_af': 0.959005548469905, 'gpp_b': 0.002072844733133699, 'gpp_d': 317.7923864346696, 'ign_k': 0.02335615320755679, 'ign_c': 2.8314462591905127, 'trop_agb_crit': 1.698525161212187, 'trop_k_veg': 2.6192070556512914, 'pop_amp': 0.435533484248941, 'pop_peak': 10.729803990277384, 'pop_sig': 0.7020113306000453, 'fuel_k': 0.5228010909723595, 'fuel_half': 0.3592395836054376}. Best is trial 0 with value: -0.6094076133578652.
[I 2026-08-19 17:38:12,064] Trial 1413 finished with value: 0.4793018452124548 and parameters: {'k1': 0.008833142359286457, 'D_low': 97.99666613751134, 'k2': 0.00044518536444341296, 'D_high': 8507543.15538964, 'fire_exp': 1.771202067907923, 'P_half': 6.664688012462606, 'pre_dampen_half': 4.6102308326044, 'gpp_af': 0.27555114836966355, 'gpp_b': 0.00017531908797797945, 'gpp_d': 119.58421895550694, 'ign_k': 0.15080630701969014, 'ign_c': 0.3178789396877629, 'trop_agb_crit': 2.8535193943047834, 'trop_k_veg': 1.5579964416236702, 'pop_amp': 0.9107774924292641, 'pop_peak': 3.052232116581312, 'pop_sig': 1.4984052869488313, 'fuel_k': 0.024590816693057113, 'fuel_half': 0.21380218258135972}. Best is trial 0 with value: -0.6094076133578652.
[I 2026-08-19 17:38:13,741] Trial 1414 finished with value: 0.5194594541092121 and parameters: {'k1': 7.109285323756327e-05, 'D_low': 5.774283218313438, 'k2': 0.0004779261877647546, 'D_high': 8574516.456077712, 'fire_exp': 7.160613993987497, 'P_half': 1.302556266102378, 'pre_dampen_half': 46.66851554872058, 'gpp_af': 0.004447490182601748, 'gpp_b': 0.00029313174544610173, 'gpp_d': 179.17581362616482, 'ign_k': 0.3384624815323124, 'ign_c': 0.37120468832220754, 'trop_agb_crit': 28.55091219653788, 'trop_k_veg': 3.0871185987336247, 'pop_amp': 0.004438453990625371, 'pop_peak': 0.10244835332457235, 'pop_sig': 0.4700067739563654, 'fuel_k': 0.2117757763804664, 'fuel_half': 0.2959856657299018}. Best is trial 0 with value: -0.6094076133578652.
[I 2026-08-19 17:38:15,388] Trial 1415 finished with value: 0.48017456155126204 and parameters: {'k1': 0.005459590805313999, 'D_low': 79.21662316803022, 'k2': 0.0029536890916168333, 'D_high': 116790.08718629862, 'fire_exp': 5.413453238495666, 'P_half': 4.774224288345048, 'pre_dampen_half': 0.45582276812406664, 'gpp_af': 0.13961120114258832, 'gpp_b': 0.0007559425402369411, 'gpp_d': 384.16167945048744, 'ign_k': 5.090971234569937, 'ign_c': 0.15467080299005342, 'trop_agb_crit': 26.862039749417452, 'trop_k_veg': 5.969593470732177, 'pop_amp': 0.8449686856094022, 'pop_peak': 0.05680184929784045, 'pop_sig': 0.6371575603349526, 'fuel_k': 1.6341276364822206, 'fuel_half': 2.1776819052005707}. Best is trial 0 with value: -0.6094076133578652.
[I 2026-08-19 17:38:17,050] Trial 1416 finished with value: 0.3969711617582251 and parameters: {'k1': 0.007523362587302459, 'D_low': 3.800195218212919, 'k2': 0.011549539816796723, 'D_high': 6271880.700829724, 'fire_exp': 8.902806717360525, 'P_half': 4.220800118400745, 'pre_dampen_half': 15.935242725481867, 'gpp_af': 0.04458005932196589, 'gpp_b': 0.0008226878302879042, 'gpp_d': 109.02769973574041, 'ign_k': 0.32067485776967547, 'ign_c': 10.100587489895336, 'trop_agb_crit': 28.73544835478667, 'trop_k_veg': 3.1481808390877877, 'pop_amp': 0.0026789642463619884, 'pop_peak': 3.996788605965676, 'pop_sig': 0.39082582189321285, 'fuel_k': 1.4676495256062385, 'fuel_half': 0.1146341471242475}. Best is trial 0 with value: -0.6094076133578652.
[I 2026-08-19 17:38:18,788] Trial 1417 finished with value: -0.5208654388028161 and parameters: {'k1': 0.00221961346570414, 'D_low': 1.3440173640584478, 'k2': 0.0006113933565957844, 'D_high': 62592.76215285603, 'fire_exp': 3.569110566441783, 'P_half': 15.002939389870706, 'pre_dampen_half': 4.801768292528315, 'gpp_af': 0.008709999205206312, 'gpp_b': 0.013461465461090416, 'gpp_d': 7.645040230639769, 'ign_k': 0.7634904905411848, 'ign_c': 0.1467956111516159, 'trop_agb_crit': 16.494037377280062, 'trop_k_veg': 1.780243580145672, 'pop_amp': 13.359881219205947, 'pop_peak': 13.374586615778055, 'pop_sig': 0.5482031998488758, 'fuel_k': 2.246748578273464, 'fuel_half': 0.5588443979614603}. Best is trial 0 with value: -0.6094076133578652.
[I 2026-08-19 17:38:20,427] Trial 1418 finished with value: 0.590232384853376 and parameters: {'k1': 0.001859953450371676, 'D_low': 4.505961662020593, 'k2': 0.0010847293685262182, 'D_high': 9102175.498144705, 'fire_exp': 3.5159219984483756, 'P_half': 2.405303701904344, 'pre_dampen_half': 8.981376101087507, 'gpp_af': 4.421888441744934, 'gpp_b': 0.002155316887198115, 'gpp_d': 809.5242113072399, 'ign_k': 0.07881043398727504, 'ign_c': 52.66866251210182, 'trop_agb_crit': 28.796958131032675, 'trop_k_veg': 6.26786048987073, 'pop_amp': 0.0012978111758418188, 'pop_peak': 3.0805490964350652, 'pop_sig': 0.36428969155884117, 'fuel_k': 2.939355191239283, 'fuel_half': 0.13073171650476148}. Best is trial 0 with value: -0.6094076133578652.
[I 2026-08-19 17:38:22,069] Trial 1419 finished with value: 0.5636875020890924 and parameters: {'k1': 0.036100680384139806, 'D_low': 11.120871821277756, 'k2': 4.78577158934646e-05, 'D_high': 297385.03351667256, 'fire_exp': 5.272477893103073, 'P_half': 3.6663746680442135, 'pre_dampen_half': 1.9025960744428472, 'gpp_af': 0.008500382784113606, 'gpp_b': 0.00017966080811013789, 'gpp_d': 1.2424763297303307, 'ign_k': 0.061527186374700796, 'ign_c': 11.454108412239359, 'trop_agb_crit': 15.04765270355854, 'trop_k_veg': 5.822332435993625, 'pop_amp': 0.00887137659518672, 'pop_peak': 0.37226953068094887, 'pop_sig': 0.5425861548835658, 'fuel_k': 1.9733022476978141, 'fuel_half': 1.001522361764065}. Best is trial 0 with value: -0.6094076133578652.
  trial 1420/2500  best_overall=0.6094  (40.0 min)
