[I 2026-06-09 12:27:52,653] Trial 1287 finished with values: [10.141695876638334, 10.141695876638334] and parameters: {'k1': 0.01549659926581634, 'D_low': 1.8231330540095123, 'k2': 0.013805946158117076, 'D_high': 14268.845807630427, 'fire_exp': 2.10707132280748, 'P_half': 149.35213816355395, 'pre_dampen_half': 566.2858823465564, 'gpp_af': 1.3218737536384089, 'gpp_b': 0.002262927522655115, 'gpp_d': 288.68448554985713, 'ign_k': 0.07173407578159459, 'ign_c': 21.132597710340573, 'trop_agb_crit': 19.51558406059598, 'trop_k_veg': 4.51930447316402}.
[I 2026-06-09 12:27:53,804] Trial 1288 finished with values: [10.232100082229334, 10.232100082229334] and parameters: {'k1': 0.01549659926581634, 'D_low': 1.254144753902608, 'k2': 0.06994589881535453, 'D_high': 2471.1617679707197, 'fire_exp': 2.10707132280748, 'P_half': 1.4045842344024697, 'pre_dampen_half': 673.2248920775328, 'gpp_af': 0.01942738928156656, 'gpp_b': 1.7213644875359617e-05, 'gpp_d': 26.003623362924223, 'ign_k': 0.3242143344038317, 'ign_c': 21.132597710340573, 'trop_agb_crit': 19.51558406059598, 'trop_k_veg': 1.8981057964668895}.
[I 2026-06-09 12:27:54,893] Trial 1289 finished with values: [-0.5745837137569866, 0.057564155686939955] and parameters: {'k1': 0.01549659926581634, 'D_low': 12.115155843077673, 'k2': 0.06994589881535453, 'D_high': 20424.506990274727, 'fire_exp': 1.608176525358426, 'P_half': 1.4045842344024697, 'pre_dampen_half': 269.0845367054866, 'gpp_af': 0.01942738928156656, 'gpp_b': 0.002262927522655115, 'gpp_d': 26.003623362924223, 'ign_k': 0.3242143344038317, 'ign_c': 21.132597710340573, 'trop_agb_crit': 12.123761779314275, 'trop_k_veg': 4.51930447316402}.
[I 2026-06-09 12:27:56,011] Trial 1290 finished with values: [10.10797290099356, 10.10797290099356] and parameters: {'k1': 0.01549659926581634, 'D_low': 125.32726386250698, 'k2': 0.06994589881535453, 'D_high': 39655.03094323017, 'fire_exp': 1.608176525358426, 'P_half': 149.35213816355395, 'pre_dampen_half': 673.2248920775328, 'gpp_af': 0.01942738928156656, 'gpp_b': 0.002262927522655115, 'gpp_d': 500.2195003344709, 'ign_k': 0.3242143344038317, 'ign_c': 21.132597710340573, 'trop_agb_crit': 19.51558406059598, 'trop_k_veg': 4.51930447316402}.
[I 2026-06-09 12:27:57,124] Trial 1291 finished with values: [-0.5657627290374299, 0.07959259292029863] and parameters: {'k1': 0.01549659926581634, 'D_low': 35.02761367842313, 'k2': 0.037633129263701104, 'D_high': 14268.845807630427, 'fire_exp': 2.10707132280748, 'P_half': 149.35213816355395, 'pre_dampen_half': 566.2858823465564, 'gpp_af': 1.3218737536384089, 'gpp_b': 0.002262927522655115, 'gpp_d': 26.003623362924223, 'ign_k': 0.3242143344038317, 'ign_c': 21.132597710340573, 'trop_agb_crit': 19.51558406059598, 'trop_k_veg': 6.219854462990759}.
[I 2026-06-09 12:27:58,358] Trial 1292 finished with values: [10.059779499541891, 10.059779499541891] and parameters: {'k1': 0.028261051090193647, 'D_low': 115.44738876452311, 'k2': 0.037633129263701104, 'D_high': 39655.03094323017, 'fire_exp': 2.10707132280748, 'P_half': 1.4045842344024697, 'pre_dampen_half': 340.6909167027263, 'gpp_af': 1.3218737536384089, 'gpp_b': 0.0006809980431188124, 'gpp_d': 1.6983565276584263, 'ign_k': 3.1536006085184716, 'ign_c': 21.132597710340573, 'trop_agb_crit': 1.259515631748535, 'trop_k_veg': 1.1517712915946832}.
[I 2026-06-09 12:27:59,571] Trial 1293 finished with values: [-0.5637170469661813, 0.09597528498646113] and parameters: {'k1': 0.01549659926581634, 'D_low': 12.115155843077673, 'k2': 0.0004471851399162796, 'D_high': 14268.845807630427, 'fire_exp': 1.608176525358426, 'P_half': 149.35213816355395, 'pre_dampen_half': 673.2248920775328, 'gpp_af': 0.01942738928156656, 'gpp_b': 0.002262927522655115, 'gpp_d': 500.2195003344709, 'ign_k': 0.3242143344038317, 'ign_c': 21.132597710340573, 'trop_agb_crit': 19.51558406059598, 'trop_k_veg': 4.51930447316402}.
[I 2026-06-09 12:28:00,727] Trial 1294 finished with values: [10.714894854466902, 10.714894854466902] and parameters: {'k1': 0.007519407491506672, 'D_low': 35.02761367842313, 'k2': 0.0014282597314566822, 'D_high': 67059.21794825823, 'fire_exp': 2.10707132280748, 'P_half': 149.35213816355395, 'pre_dampen_half': 3.0836319738217948, 'gpp_af': 0.13767835510755025, 'gpp_b': 2.5926751083070554e-05, 'gpp_d': 1.6983565276584263, 'ign_k': 0.3242143344038317, 'ign_c': 21.132597710340573, 'trop_agb_crit': 19.51558406059598, 'trop_k_veg': 1.8981057964668895}.
[I 2026-06-09 12:28:01,848] Trial 1295 finished with values: [-0.556489717983516, 0.16151718696759887] and parameters: {'k1': 0.00515305301141249, 'D_low': 13.180029267201178, 'k2': 0.037633129263701104, 'D_high': 39655.03094323017, 'fire_exp': 2.10707132280748, 'P_half': 1.4045842344024697, 'pre_dampen_half': 566.2858823465564, 'gpp_af': 1.3218737536384089, 'gpp_b': 0.002262927522655115, 'gpp_d': 26.003623362924223, 'ign_k': 0.3242143344038317, 'ign_c': 21.132597710340573, 'trop_agb_crit': 1.3063813396521713, 'trop_k_veg': 1.8981057964668895}.
[I 2026-06-09 12:28:02,969] Trial 1296 finished with values: [10.286400674266677, 10.286400674266677] and parameters: {'k1': 0.007519407491506672, 'D_low': 2.6417687579531552, 'k2': 0.0005700142105246941, 'D_high': 67059.21794825823, 'fire_exp': 2.10707132280748, 'P_half': 50.32059347286801, 'pre_dampen_half': 340.6909167027263, 'gpp_af': 0.13767835510755025, 'gpp_b': 0.00977702299083608, 'gpp_d': 26.003623362924223, 'ign_k': 0.42376044783685624, 'ign_c': 21.132597710340573, 'trop_agb_crit': 2.6695352180079177, 'trop_k_veg': 1.8981057964668895}.
[I 2026-06-09 12:28:04,056] Trial 1297 finished with values: [10.826550168353862, 10.826550168353862] and parameters: {'k1': 0.01549659926581634, 'D_low': 1942.730875500185, 'k2': 0.0004471851399162796, 'D_high': 14268.845807630427, 'fire_exp': 1.608176525358426, 'P_half': 33.2414553943085, 'pre_dampen_half': 75.51952585865055, 'gpp_af': 0.01942738928156656, 'gpp_b': 0.002262927522655115, 'gpp_d': 500.2195003344709, 'ign_k': 0.3242143344038317, 'ign_c': 21.132597710340573, 'trop_agb_crit': 19.51558406059598, 'trop_k_veg': 1.8981057964668895}.
[I 2026-06-09 12:28:05,285] Trial 1298 finished with values: [10.031246634832959, 10.031246634832959] and parameters: {'k1': 0.01549659926581634, 'D_low': 125.32726386250698, 'k2': 0.06994589881535453, 'D_high': 39655.03094323017, 'fire_exp': 1.608176525358426, 'P_half': 1.4045842344024697, 'pre_dampen_half': 664.3290892740866, 'gpp_af': 0.01942738928156656, 'gpp_b': 0.002262927522655115, 'gpp_d': 500.2195003344709, 'ign_k': 0.0065322957093546285, 'ign_c': 21.132597710340573, 'trop_agb_crit': 19.51558406059598, 'trop_k_veg': 4.51930447316402}.
[I 2026-06-09 12:28:06,524] Trial 1299 finished with values: [10.816876922762226, 10.816876922762226] and parameters: {'k1': 0.01549659926581634, 'D_low': 12.115155843077673, 'k2': 0.0005700142105246941, 'D_high': 14268.845807630427, 'fire_exp': 2.10707132280748, 'P_half': 149.35213816355395, 'pre_dampen_half': 4.1366440847432235, 'gpp_af': 0.01942738928156656, 'gpp_b': 0.002262927522655115, 'gpp_d': 26.003623362924223, 'ign_k': 0.3242143344038317, 'ign_c': 21.132597710340573, 'trop_agb_crit': 2.6695352180079177, 'trop_k_veg': 1.8981057964668895}.
[I 2026-06-09 12:28:07,690] Trial 1300 finished with values: [10.07902108450995, 10.07902108450995] and parameters: {'k1': 0.01549659926581634, 'D_low': 68.8314745893381, 'k2': 0.00014078352411766088, 'D_high': 39655.03094323017, 'fire_exp': 2.10707132280748, 'P_half': 50.32059347286801, 'pre_dampen_half': 340.6909167027263, 'gpp_af': 4.861668997351737, 'gpp_b': 0.00977702299083608, 'gpp_d': 26.003623362924223, 'ign_k': 0.3242143344038317, 'ign_c': 21.132597710340573, 'trop_agb_crit': 2.6695352180079177, 'trop_k_veg': 1.8981057964668895}.
[I 2026-06-09 12:28:08,826] Trial 1301 finished with values: [-0.5731175059595642, 0.0817873771469092] and parameters: {'k1': 0.01549659926581634, 'D_low': 7.62865212162937, 'k2': 0.014839445602792468, 'D_high': 14268.845807630427, 'fire_exp': 2.10707132280748, 'P_half': 149.35213816355395, 'pre_dampen_half': 566.2858823465564, 'gpp_af': 1.3218737536384089, 'gpp_b': 0.002262927522655115, 'gpp_d': 99.3234953243749, 'ign_k': 0.3242143344038317, 'ign_c': 21.132597710340573, 'trop_agb_crit': 19.51558406059598, 'trop_k_veg': 1.8981057964668895}.
[I 2026-06-09 12:28:10,528] Trial 1302 finished with values: [10.213583934487543, 10.213583934487543] and parameters: {'k1': 0.01549659926581634, 'D_low': 115.44738876452311, 'k2': 0.0005700142105246941, 'D_high': 39655.03094323017, 'fire_exp': 2.10707132280748, 'P_half': 28.647019533509873, 'pre_dampen_half': 340.6909167027263, 'gpp_af': 1.3218737536384089, 'gpp_b': 0.029211926233813405, 'gpp_d': 500.2195003344709, 'ign_k': 0.4303356629825978, 'ign_c': 21.132597710340573, 'trop_agb_crit': 1.5144860262751405, 'trop_k_veg': 1.8981057964668895}.
[I 2026-06-09 12:28:11,760] Trial 1303 finished with values: [10.13826297961835, 10.13826297961835] and parameters: {'k1': 0.01549659926581634, 'D_low': 9.178481720510277, 'k2': 0.003454058352359339, 'D_high': 14268.845807630427, 'fire_exp': 6.279342323385408, 'P_half': 50.32059347286801, 'pre_dampen_half': 566.2858823465564, 'gpp_af': 1.3218737536384089, 'gpp_b': 0.00015304633681488832, 'gpp_d': 26.003623362924223, 'ign_k': 3.1536006085184716, 'ign_c': 21.132597710340573, 'trop_agb_crit': 2.6695352180079177, 'trop_k_veg': 1.8981057964668895}.
[I 2026-06-09 12:28:13,054] Trial 1304 finished with values: [10.053005730008529, 10.053005730008529] and parameters: {'k1': 0.05156257069134124, 'D_low': 12.115155843077673, 'k2': 0.00038360290787481073, 'D_high': 14268.845807630427, 'fire_exp': 2.10707132280748, 'P_half': 149.35213816355395, 'pre_dampen_half': 673.2248920775328, 'gpp_af': 1.3218737536384089, 'gpp_b': 0.00977702299083608, 'gpp_d': 500.2195003344709, 'ign_k': 0.3242143344038317, 'ign_c': 21.132597710340573, 'trop_agb_crit': 2.6695352180079177, 'trop_k_veg': 4.51930447316402}.
[I 2026-06-09 12:28:14,257] Trial 1305 finished with values: [10.062030762124872, 10.062030762124872] and parameters: {'k1': 0.01549659926581634, 'D_low': 2.3244932709566686, 'k2': 1.691293129333294e-05, 'D_high': 39655.03094323017, 'fire_exp': 2.10707132280748, 'P_half': 1.4045842344024697, 'pre_dampen_half': 340.6909167027263, 'gpp_af': 0.5107061330406066, 'gpp_b': 0.00977702299083608, 'gpp_d': 26.003623362924223, 'ign_k': 3.1536006085184716, 'ign_c': 18.43395662181926, 'trop_agb_crit': 19.51558406059598, 'trop_k_veg': 4.8737397608275925}.
[I 2026-06-09 12:28:15,375] Trial 1306 finished with values: [10.367095372029071, 10.367095372029071] and parameters: {'k1': 0.045746752932774776, 'D_low': 115.44738876452311, 'k2': 0.0009749762207436118, 'D_high': 67059.21794825823, 'fire_exp': 2.10707132280748, 'P_half': 149.35213816355395, 'pre_dampen_half': 340.6909167027263, 'gpp_af': 1.3218737536384089, 'gpp_b': 0.015782405713907117, 'gpp_d': 26.003623362924223, 'ign_k': 0.3242143344038317, 'ign_c': 21.132597710340573, 'trop_agb_crit': 1.711269563511947, 'trop_k_veg': 1.8981057964668895}.
[I 2026-06-09 12:28:16,515] Trial 1307 finished with values: [10.700881090330283, 10.700881090330283] and parameters: {'k1': 0.01549659926581634, 'D_low': 13.180029267201178, 'k2': 0.037633129263701104, 'D_high': 14268.845807630427, 'fire_exp': 4.964769819128179, 'P_half': 149.35213816355395, 'pre_dampen_half': 566.2858823465564, 'gpp_af': 9.253515402643538, 'gpp_b': 0.002262927522655115, 'gpp_d': 26.003623362924223, 'ign_k': 0.3242143344038317, 'ign_c': 21.132597710340573, 'trop_agb_crit': 2.936942242807922, 'trop_k_veg': 4.218975153874388}.
[I 2026-06-09 12:28:17,664] Trial 1308 finished with values: [10.164382492181787, 10.164382492181787] and parameters: {'k1': 0.01549659926581634, 'D_low': 9.178481720510277, 'k2': 0.0005700142105246941, 'D_high': 39655.03094323017, 'fire_exp': 2.10707132280748, 'P_half': 50.32059347286801, 'pre_dampen_half': 340.6909167027263, 'gpp_af': 0.004050483631781762, 'gpp_b': 0.00015304633681488832, 'gpp_d': 26.003623362924223, 'ign_k': 3.1536006085184716, 'ign_c': 21.132597710340573, 'trop_agb_crit': 12.123761779314275, 'trop_k_veg': 5.384144120788385}.
[I 2026-06-09 12:28:18,892] Trial 1309 finished with values: [-0.5742618550524693, 0.05033374207558994] and parameters: {'k1': 0.01549659926581634, 'D_low': 1.254144753902608, 'k2': 0.06994589881535453, 'D_high': 2471.1617679707197, 'fire_exp': 2.10707132280748, 'P_half': 28.647019533509873, 'pre_dampen_half': 673.2248920775328, 'gpp_af': 0.01942738928156656, 'gpp_b': 1.7213644875359617e-05, 'gpp_d': 500.2195003344709, 'ign_k': 0.4303356629825978, 'ign_c': 21.132597710340573, 'trop_agb_crit': 1.5144860262751405, 'trop_k_veg': 6.167017837012027}.
[I 2026-06-09 12:28:20,241] Trial 1310 finished with values: [10.89239258168225, 10.89239258168225] and parameters: {'k1': 0.01549659926581634, 'D_low': 115.44738876452311, 'k2': 0.0005700142105246941, 'D_high': 39655.03094323017, 'fire_exp': 2.10707132280748, 'P_half': 50.32059347286801, 'pre_dampen_half': 0.24239431891241692, 'gpp_af': 1.3218737536384089, 'gpp_b': 7.963955713191534, 'gpp_d': 26.003623362924223, 'ign_k': 3.1536006085184716, 'ign_c': 21.132597710340573, 'trop_agb_crit': 2.6695352180079177, 'trop_k_veg': 1.8981057964668895}.
[I 2026-06-09 12:28:21,413] Trial 1311 finished with values: [10.068331468353517, 10.068331468353517] and parameters: {'k1': 0.01549659926581634, 'D_low': 3.654652697890419, 'k2': 0.0005700142105246941, 'D_high': 39655.03094323017, 'fire_exp': 2.10707132280748, 'P_half': 50.32059347286801, 'pre_dampen_half': 340.6909167027263, 'gpp_af': 1.3218737536384089, 'gpp_b': 0.00977702299083608, 'gpp_d': 26.003623362924223, 'ign_k': 3.1536006085184716, 'ign_c': 21.132597710340573, 'trop_agb_crit': 2.6695352180079177, 'trop_k_veg': 1.8981057964668895}.
[I 2026-06-09 12:28:22,559] Trial 1312 finished with values: [-0.5111248530696832, 0.2245309019773264] and parameters: {'k1': 0.01549659926581634, 'D_low': 6.4278047112241605, 'k2': 0.037633129263701104, 'D_high': 14268.845807630427, 'fire_exp': 1.608176525358426, 'P_half': 1.4045842344024697, 'pre_dampen_half': 269.0845367054866, 'gpp_af': 0.01942738928156656, 'gpp_b': 0.002262927522655115, 'gpp_d': 500.2195003344709, 'ign_k': 0.005456314022643808, 'ign_c': 21.132597710340573, 'trop_agb_crit': 19.51558406059598, 'trop_k_veg': 1.8981057964668895}.
[I 2026-06-09 12:28:23,691] Trial 1313 finished with values: [10.608738743123125, 10.608738743123125] and parameters: {'k1': 0.01549659926581634, 'D_low': 68.8314745893381, 'k2': 0.013805946158117076, 'D_high': 14268.845807630427, 'fire_exp': 7.834110807312516, 'P_half': 1.4045842344024697, 'pre_dampen_half': 566.2858823465564, 'gpp_af': 1.8683694679300018, 'gpp_b': 0.002262927522655115, 'gpp_d': 26.003623362924223, 'ign_k': 0.3242143344038317, 'ign_c': 21.132597710340573, 'trop_agb_crit': 19.51558406059598, 'trop_k_veg': 1.8981057964668895}.
[I 2026-06-09 12:28:24,870] Trial 1314 finished with values: [10.765653007927176, 10.765653007927176] and parameters: {'k1': 0.01549659926581634, 'D_low': 115.44738876452311, 'k2': 0.0005700142105246941, 'D_high': 40.589820700396515, 'fire_exp': 2.10707132280748, 'P_half': 50.32059347286801, 'pre_dampen_half': 340.6909167027263, 'gpp_af': 1.3218737536384089, 'gpp_b': 0.00977702299083608, 'gpp_d': 26.003623362924223, 'ign_k': 3.1536006085184716, 'ign_c': 21.132597710340573, 'trop_agb_crit': 2.6695352180079177, 'trop_k_veg': 1.8981057964668895}.
[I 2026-06-09 12:28:26,087] Trial 1315 finished with values: [10.011762303682355, 10.011762303682355] and parameters: {'k1': 0.01549659926581634, 'D_low': 68.8314745893381, 'k2': 0.013805946158117076, 'D_high': 14268.845807630427, 'fire_exp': 2.10707132280748, 'P_half': 57.715660947751026, 'pre_dampen_half': 566.2858823465564, 'gpp_af': 1.3218737536384089, 'gpp_b': 0.002262927522655115, 'gpp_d': 26.003623362924223, 'ign_k': 0.3242143344038317, 'ign_c': 21.132597710340573, 'trop_agb_crit': 19.51558406059598, 'trop_k_veg': 2.753357798736638}.
[I 2026-06-09 12:28:27,416] Trial 1316 finished with values: [10.703174294875721, 10.703174294875721] and parameters: {'k1': 2.157030768057316e-05, 'D_low': 13.180029267201178, 'k2': 0.037633129263701104, 'D_high': 14268.845807630427, 'fire_exp': 2.10707132280748, 'P_half': 149.35213816355395, 'pre_dampen_half': 566.2858823465564, 'gpp_af': 0.004050483631781762, 'gpp_b': 0.002262927522655115, 'gpp_d': 99.3234953243749, 'ign_k': 0.3242143344038317, 'ign_c': 21.132597710340573, 'trop_agb_crit': 19.51558406059598, 'trop_k_veg': 4.51930447316402}.
[I 2026-06-09 12:28:28,628] Trial 1317 finished with values: [-0.5719499088103562, 0.08200488995237643] and parameters: {'k1': 0.01549659926581634, 'D_low': 1.254144753902608, 'k2': 0.06994589881535453, 'D_high': 2471.1617679707197, 'fire_exp': 2.10707132280748, 'P_half': 28.647019533509873, 'pre_dampen_half': 566.2858823465564, 'gpp_af': 25.827468589124976, 'gpp_b': 1.7213644875359617e-05, 'gpp_d': 500.2195003344709, 'ign_k': 0.4303356629825978, 'ign_c': 21.132597710340573, 'trop_agb_crit': 1.5144860262751405, 'trop_k_veg': 4.51930447316402}.
[I 2026-06-09 12:28:29,986] Trial 1318 finished with values: [-0.5770423406806924, 0.06976251229700636] and parameters: {'k1': 0.01549659926581634, 'D_low': 13.180029267201178, 'k2': 0.0004471851399162796, 'D_high': 14268.845807630427, 'fire_exp': 2.10707132280748, 'P_half': 1.4045842344024697, 'pre_dampen_half': 340.6909167027263, 'gpp_af': 1.5166550780280448, 'gpp_b': 0.00977702299083608, 'gpp_d': 104.23598559895899, 'ign_k': 0.3242143344038317, 'ign_c': 21.132597710340573, 'trop_agb_crit': 2.6695352180079177, 'trop_k_veg': 1.8981057964668895}.
[I 2026-06-09 12:28:31,804] Trial 1319 finished with values: [10.700137654554975, 10.700137654554975] and parameters: {'k1': 0.01549659926581634, 'D_low': 115.44738876452311, 'k2': 0.06994589881535453, 'D_high': 39655.03094323017, 'fire_exp': 3.2004185102817497, 'P_half': 1.4045842344024697, 'pre_dampen_half': 340.6909167027263, 'gpp_af': 0.01942738928156656, 'gpp_b': 0.00977702299083608, 'gpp_d': 26.003623362924223, 'ign_k': 3.1536006085184716, 'ign_c': 21.132597710340573, 'trop_agb_crit': 2.6695352180079177, 'trop_k_veg': 1.8981057964668895}.
[I 2026-06-09 12:28:33,054] Trial 1320 finished with values: [10.89284589171438, 10.89284589171438] and parameters: {'k1': 0.01549659926581634, 'D_low': 1.254144753902608, 'k2': 0.06994589881535453, 'D_high': 14268.845807630427, 'fire_exp': 2.10707132280748, 'P_half': 1.4045842344024697, 'pre_dampen_half': 566.2858823465564, 'gpp_af': 0.01942738928156656, 'gpp_b': 6.349794810218485, 'gpp_d': 26.003623362924223, 'ign_k': 0.3242143344038317, 'ign_c': 21.132597710340573, 'trop_agb_crit': 19.51558406059598, 'trop_k_veg': 4.51930447316402}.
[I 2026-06-09 12:28:34,355] Trial 1321 finished with values: [10.080745616326604, 10.080745616326604] and parameters: {'k1': 0.01549659926581634, 'D_low': 13.180029267201178, 'k2': 0.03505767590795631, 'D_high': 14268.845807630427, 'fire_exp': 2.10707132280748, 'P_half': 235.60111244806714, 'pre_dampen_half': 566.2858823465564, 'gpp_af': 0.12268879368890831, 'gpp_b': 0.002262927522655115, 'gpp_d': 99.3234953243749, 'ign_k': 0.3242143344038317, 'ign_c': 21.132597710340573, 'trop_agb_crit': 19.51558406059598, 'trop_k_veg': 4.51930447316402}.
[I 2026-06-09 12:28:35,563] Trial 1322 finished with values: [-0.5870436796519206, 0.08050641646972134] and parameters: {'k1': 0.08638558450754014, 'D_low': 115.44738876452311, 'k2': 0.004695480001817501, 'D_high': 39655.03094323017, 'fire_exp': 2.10707132280748, 'P_half': 50.32059347286801, 'pre_dampen_half': 340.6909167027263, 'gpp_af': 1.3218737536384089, 'gpp_b': 0.00977702299083608, 'gpp_d': 14.905836948373004, 'ign_k': 3.1536006085184716, 'ign_c': 21.132597710340573, 'trop_agb_crit': 2.6695352180079177, 'trop_k_veg': 1.8981057964668895}.
[I 2026-06-09 12:28:36,714] Trial 1323 finished with values: [10.652569450029034, 10.652569450029034] and parameters: {'k1': 0.01549659926581634, 'D_low': 1.254144753902608, 'k2': 0.06994589881535453, 'D_high': 14268.845807630427, 'fire_exp': 2.10707132280748, 'P_half': 149.35213816355395, 'pre_dampen_half': 566.2858823465564, 'gpp_af': 0.01942738928156656, 'gpp_b': 0.00977702299083608, 'gpp_d': 26.003623362924223, 'ign_k': 0.0046112596935083405, 'ign_c': 21.132597710340573, 'trop_agb_crit': 2.6695352180079177, 'trop_k_veg': 1.8981057964668895}.
[I 2026-06-09 12:28:37,896] Trial 1324 finished with values: [10.854196881733102, 10.854196881733102] and parameters: {'k1': 0.05156257069134124, 'D_low': 13.180029267201178, 'k2': 0.037633129263701104, 'D_high': 33706.29622438602, 'fire_exp': 2.10707132280748, 'P_half': 149.35213816355395, 'pre_dampen_half': 340.6909167027263, 'gpp_af': 1.3218737536384089, 'gpp_b': 0.00977702299083608, 'gpp_d': 26.003623362924223, 'ign_k': 3.1536006085184716, 'ign_c': 5.128126758785007, 'trop_agb_crit': 2.6695352180079177, 'trop_k_veg': 1.8981057964668895}.
[I 2026-06-09 12:28:39,068] Trial 1325 finished with values: [10.18495025564087, 10.18495025564087] and parameters: {'k1': 0.01549659926581634, 'D_low': 13.180029267201178, 'k2': 0.037633129263701104, 'D_high': 14268.845807630427, 'fire_exp': 2.10707132280748, 'P_half': 4.455881402182092, 'pre_dampen_half': 566.2858823465564, 'gpp_af': 0.01942738928156656, 'gpp_b': 0.002262927522655115, 'gpp_d': 26.003623362924223, 'ign_k': 0.3242143344038317, 'ign_c': 21.132597710340573, 'trop_agb_crit': 19.51558406059598, 'trop_k_veg': 0.5177867956495708}.
[I 2026-06-09 12:28:40,382] Trial 1326 finished with values: [10.302297870274629, 10.302297870274629] and parameters: {'k1': 0.01549659926581634, 'D_low': 1.254144753902608, 'k2': 0.06994589881535453, 'D_high': 14268.845807630427, 'fire_exp': 2.10707132280748, 'P_half': 1.4045842344024697, 'pre_dampen_half': 566.2858823465564, 'gpp_af': 1.3218737536384089, 'gpp_b': 0.002262927522655115, 'gpp_d': 17.98321496666857, 'ign_k': 0.3242143344038317, 'ign_c': 21.132597710340573, 'trop_agb_crit': 19.51558406059598, 'trop_k_veg': 1.8981057964668895}.
