[I 2026-08-06 03:04:33,820] Trial 1277 finished with values: [10.083567677188103, 10.083567677188103] and parameters: {'k1': 0.01889771394135163, 'D_low': 2.458603276328005, 'k2': 0.0007081721844034209, 'D_high': 2969.087094484682, 'fire_exp': 1.0881360604103363, 'P_half': 147.09699119495133, 'pre_dampen_half': 107.40052367919465, 'gpp_af': 5.620854611217178, 'gpp_b': 0.024796579879439486, 'gpp_d': 29.83701993880331, 'ign_k': 0.019192001101561888, 'ign_c': 10.140635645866492}.
[I 2026-08-06 03:04:35,746] Trial 1278 finished with values: [10.313671293538018, 10.313671293538018] and parameters: {'k1': 0.00324789183891923, 'D_low': 6.1642743507854245, 'k2': 0.0022957398214549472, 'D_high': 10316.033434719713, 'fire_exp': 3.0406670790494736, 'P_half': 215.55950571043874, 'pre_dampen_half': 107.40052367919465, 'gpp_af': 5.620854611217178, 'gpp_b': 0.008226792720717493, 'gpp_d': 29.83701993880331, 'ign_k': 3.529389593576794, 'ign_c': 0.34191636650729956}.
[I 2026-08-06 03:04:37,556] Trial 1279 finished with values: [10.055869696914336, 10.055869696914336] and parameters: {'k1': 0.00324789183891923, 'D_low': 70.18267183720735, 'k2': 0.0022957398214549472, 'D_high': 2088.984173542034, 'fire_exp': 1.2039307685751104, 'P_half': 3.364457865463594, 'pre_dampen_half': 76.86605275420082, 'gpp_af': 0.6418343258142463, 'gpp_b': 0.024796579879439486, 'gpp_d': 26.07917317941345, 'ign_k': 0.6454459531371669, 'ign_c': 6.160975294741436}.
[I 2026-08-06 03:04:39,476] Trial 1280 finished with values: [10.32185814637488, 10.32185814637488] and parameters: {'k1': 0.00324789183891923, 'D_low': 2.458603276328005, 'k2': 0.0007081721844034209, 'D_high': 2969.087094484682, 'fire_exp': 1.0881360604103363, 'P_half': 215.55950571043874, 'pre_dampen_half': 43.62109214721796, 'gpp_af': 1.3725472882585024, 'gpp_b': 0.008226792720717493, 'gpp_d': 0.6380717024176037, 'ign_k': 1.8669871096222272, 'ign_c': 6.160975294741436}.
[I 2026-08-06 03:04:41,399] Trial 1281 finished with values: [10.40156994770521, 10.40156994770521] and parameters: {'k1': 0.0009679314683873938, 'D_low': 174.83983085324363, 'k2': 0.0022957398214549472, 'D_high': 2969.087094484682, 'fire_exp': 1.0881360604103363, 'P_half': 147.09699119495133, 'pre_dampen_half': 48.08505037156744, 'gpp_af': 0.18148402127631746, 'gpp_b': 0.011750724729953272, 'gpp_d': 10.409702860563906, 'ign_k': 0.055898841912785116, 'ign_c': 7.916322947490362}.
[I 2026-08-06 03:04:43,322] Trial 1282 finished with values: [10.007458607717943, 10.007458607717943] and parameters: {'k1': 0.00324789183891923, 'D_low': 29.89885508829526, 'k2': 0.03210808548911189, 'D_high': 2969.087094484682, 'fire_exp': 1.0881360604103363, 'P_half': 12.808863354047988, 'pre_dampen_half': 107.40052367919465, 'gpp_af': 4.4416173741744, 'gpp_b': 0.011750724729953272, 'gpp_d': 29.83701993880331, 'ign_k': 0.6454459531371669, 'ign_c': 10.140635645866492}.
[I 2026-08-06 03:04:45,192] Trial 1283 finished with values: [-0.5196036763682452, 0.21764900160813072] and parameters: {'k1': 0.00324789183891923, 'D_low': 2.458603276328005, 'k2': 0.01153590300936118, 'D_high': 2969.087094484682, 'fire_exp': 1.0881360604103363, 'P_half': 215.55950571043874, 'pre_dampen_half': 76.86605275420082, 'gpp_af': 5.620854611217178, 'gpp_b': 1.1008110571039521e-05, 'gpp_d': 29.749683811098393, 'ign_k': 0.9614686563869651, 'ign_c': 10.140635645866492}.
[I 2026-08-06 03:04:47,980] Trial 1284 finished with values: [10.409908204197329, 10.409908204197329] and parameters: {'k1': 0.00324789183891923, 'D_low': 10.43956705520904, 'k2': 4.3214816246375446e-05, 'D_high': 2969.087094484682, 'fire_exp': 1.518582349269638, 'P_half': 147.09699119495133, 'pre_dampen_half': 304.7488318185732, 'gpp_af': 5.620854611217178, 'gpp_b': 0.011750724729953272, 'gpp_d': 0.6380717024176037, 'ign_k': 0.6454459531371669, 'ign_c': 9.34330265731847}.
[I 2026-08-06 03:04:49,668] Trial 1285 finished with values: [10.057374767622802, 10.057374767622802] and parameters: {'k1': 0.00324789183891923, 'D_low': 2.458603276328005, 'k2': 0.0007081721844034209, 'D_high': 2759.9460825796928, 'fire_exp': 1.151006986743773, 'P_half': 3.4786948088723384, 'pre_dampen_half': 76.86605275420082, 'gpp_af': 0.0048478428004036025, 'gpp_b': 0.00031478066835753096, 'gpp_d': 34.37107943937136, 'ign_k': 0.6454459531371669, 'ign_c': 8.671454322584175}.
[I 2026-08-06 03:04:51,613] Trial 1286 finished with values: [-0.4950992011410998, 0.05498346665999343] and parameters: {'k1': 0.00324789183891923, 'D_low': 2.458603276328005, 'k2': 0.0022957398214549472, 'D_high': 2969.087094484682, 'fire_exp': 1.0881360604103363, 'P_half': 215.55950571043874, 'pre_dampen_half': 76.86605275420082, 'gpp_af': 0.8942824595236101, 'gpp_b': 0.011750724729953272, 'gpp_d': 29.749683811098393, 'ign_k': 0.6454459531371669, 'ign_c': 7.916322947490362}.
[I 2026-08-06 03:04:53,617] Trial 1287 finished with values: [10.09870091793848, 10.09870091793848] and parameters: {'k1': 0.00324789183891923, 'D_low': 29.89885508829526, 'k2': 0.0007081721844034209, 'D_high': 2969.087094484682, 'fire_exp': 1.0881360604103363, 'P_half': 215.55950571043874, 'pre_dampen_half': 76.86605275420082, 'gpp_af': 0.8942824595236101, 'gpp_b': 0.011750724729953272, 'gpp_d': 4.5768578731086835, 'ign_k': 0.6454459531371669, 'ign_c': 10.140635645866492}.
[I 2026-08-06 03:04:55,440] Trial 1288 finished with values: [-0.5101362677887771, 0.21168130498679194] and parameters: {'k1': 0.00324789183891923, 'D_low': 2.458603276328005, 'k2': 0.0022957398214549472, 'D_high': 2969.087094484682, 'fire_exp': 1.0881360604103363, 'P_half': 215.55950571043874, 'pre_dampen_half': 107.40052367919465, 'gpp_af': 5.713147414232527, 'gpp_b': 0.00031478066835753096, 'gpp_d': 4.5768578731086835, 'ign_k': 0.6454459531371669, 'ign_c': 0.1457050032975653}.
[I 2026-08-06 03:04:57,281] Trial 1289 finished with values: [-0.47501282497467817, 0.039957127755357646] and parameters: {'k1': 0.004244442212210019, 'D_low': 29.89885508829526, 'k2': 0.002935672965826306, 'D_high': 2969.087094484682, 'fire_exp': 1.0881360604103363, 'P_half': 215.55950571043874, 'pre_dampen_half': 805.2502904451399, 'gpp_af': 0.18148402127631746, 'gpp_b': 0.011750724729953272, 'gpp_d': 29.749683811098393, 'ign_k': 0.6454459531371669, 'ign_c': 10.140635645866492}.
[I 2026-08-06 03:04:59,124] Trial 1290 finished with values: [10.35150272607473, 10.35150272607473] and parameters: {'k1': 0.00324789183891923, 'D_low': 29.89885508829526, 'k2': 0.0022957398214549472, 'D_high': 2969.087094484682, 'fire_exp': 1.0881360604103363, 'P_half': 44.718513991627965, 'pre_dampen_half': 107.40052367919465, 'gpp_af': 60.68384709875971, 'gpp_b': 0.008226792720717493, 'gpp_d': 4.5768578731086835, 'ign_k': 0.001887261434847181, 'ign_c': 10.140635645866492}.
[I 2026-08-06 03:05:00,972] Trial 1291 finished with values: [-0.5062022376831145, 0.3707940490325854] and parameters: {'k1': 0.00324789183891923, 'D_low': 2.458603276328005, 'k2': 0.0018200694976756812, 'D_high': 2969.087094484682, 'fire_exp': 1.0881360604103363, 'P_half': 12.808863354047988, 'pre_dampen_half': 107.40052367919465, 'gpp_af': 5.620854611217178, 'gpp_b': 2.199522084499044e-05, 'gpp_d': 1.826381177000974, 'ign_k': 0.6454459531371669, 'ign_c': 10.140635645866492}.
[I 2026-08-06 03:05:02,683] Trial 1292 finished with values: [10.049117361372819, 10.049117361372819] and parameters: {'k1': 0.00324789183891923, 'D_low': 29.89885508829526, 'k2': 0.0022957398214549472, 'D_high': 2969.087094484682, 'fire_exp': 1.0881360604103363, 'P_half': 215.55950571043874, 'pre_dampen_half': 107.40052367919465, 'gpp_af': 5.620854611217178, 'gpp_b': 0.0004933128725844619, 'gpp_d': 29.83701993880331, 'ign_k': 0.01113839807167031, 'ign_c': 10.140635645866492}.
[I 2026-08-06 03:05:04,604] Trial 1293 finished with values: [-0.489797390636607, 0.28972661833052504] and parameters: {'k1': 0.00324789183891923, 'D_low': 2.458603276328005, 'k2': 9.725572961465083e-05, 'D_high': 2969.087094484682, 'fire_exp': 1.0881360604103363, 'P_half': 215.55950571043874, 'pre_dampen_half': 304.7488318185732, 'gpp_af': 5.620854611217178, 'gpp_b': 0.008226792720717493, 'gpp_d': 29.83701993880331, 'ign_k': 0.6454459531371669, 'ign_c': 10.140635645866492}.
[I 2026-08-06 03:05:06,475] Trial 1294 finished with values: [-0.4949051189145665, 0.2532495594160894] and parameters: {'k1': 0.00324789183891923, 'D_low': 29.89885508829526, 'k2': 0.03210808548911189, 'D_high': 2969.087094484682, 'fire_exp': 1.0881360604103363, 'P_half': 12.808863354047988, 'pre_dampen_half': 107.40052367919465, 'gpp_af': 10.30900022204182, 'gpp_b': 0.005612047270186369, 'gpp_d': 1.826381177000974, 'ign_k': 0.6454459531371669, 'ign_c': 10.140635645866492}.
[I 2026-08-06 03:05:08,998] Trial 1295 finished with values: [10.099253610159536, 10.099253610159536] and parameters: {'k1': 0.00324789183891923, 'D_low': 2.458603276328005, 'k2': 0.042171429440250686, 'D_high': 9769.756791866093, 'fire_exp': 1.0881360604103363, 'P_half': 215.55950571043874, 'pre_dampen_half': 76.86605275420082, 'gpp_af': 0.18148402127631746, 'gpp_b': 0.03308649623479659, 'gpp_d': 150.14555442537656, 'ign_k': 0.6454459531371669, 'ign_c': 10.140635645866492}.
[I 2026-08-06 03:05:11,063] Trial 1296 finished with values: [-0.49792981749011567, 0.12401393748467171] and parameters: {'k1': 0.00324789183891923, 'D_low': 29.89885508829526, 'k2': 0.002935672965826306, 'D_high': 2969.087094484682, 'fire_exp': 1.0881360604103363, 'P_half': 215.55950571043874, 'pre_dampen_half': 805.2502904451399, 'gpp_af': 5.620854611217178, 'gpp_b': 0.011750724729953272, 'gpp_d': 2.893272120738162, 'ign_k': 0.6454459531371669, 'ign_c': 10.140635645866492}.
[I 2026-08-06 03:05:13,043] Trial 1297 finished with values: [10.062173901790464, 10.062173901790464] and parameters: {'k1': 0.00324789183891923, 'D_low': 29.89885508829526, 'k2': 0.0022957398214549472, 'D_high': 2969.087094484682, 'fire_exp': 1.0881360604103363, 'P_half': 215.55950571043874, 'pre_dampen_half': 107.40052367919465, 'gpp_af': 0.0055518823149351484, 'gpp_b': 0.00031478066835753096, 'gpp_d': 29.83701993880331, 'ign_k': 0.6454459531371669, 'ign_c': 10.140635645866492}.
[I 2026-08-06 03:05:14,887] Trial 1298 finished with values: [-0.4822698282424162, 0.11332043952703197] and parameters: {'k1': 0.00324789183891923, 'D_low': 29.89885508829526, 'k2': 0.002935672965826306, 'D_high': 9769.756791866093, 'fire_exp': 1.0881360604103363, 'P_half': 215.55950571043874, 'pre_dampen_half': 76.86605275420082, 'gpp_af': 1.3725472882585024, 'gpp_b': 0.03308649623479659, 'gpp_d': 29.83701993880331, 'ign_k': 0.6454459531371669, 'ign_c': 6.160975294741436}.
[I 2026-08-06 03:05:16,697] Trial 1299 finished with values: [10.081777496072931, 10.081777496072931] and parameters: {'k1': 0.00324789183891923, 'D_low': 1.2299210465793122, 'k2': 0.0022957398214549472, 'D_high': 2969.087094484682, 'fire_exp': 1.0881360604103363, 'P_half': 215.55950571043874, 'pre_dampen_half': 107.40052367919465, 'gpp_af': 5.620854611217178, 'gpp_b': 0.011750724729953272, 'gpp_d': 29.83701993880331, 'ign_k': 0.029732958317875816, 'ign_c': 10.140635645866492}.
[I 2026-08-06 03:05:18,154] Trial 1300 finished with values: [-0.4937908424953095, 0.14147006915876437] and parameters: {'k1': 0.01889771394135163, 'D_low': 2.458603276328005, 'k2': 0.002935672965826306, 'D_high': 2969.087094484682, 'fire_exp': 1.0881360604103363, 'P_half': 147.09699119495133, 'pre_dampen_half': 76.86605275420082, 'gpp_af': 1.3725472882585024, 'gpp_b': 0.00044548820847973626, 'gpp_d': 10.409702860563906, 'ign_k': 0.019192001101561888, 'ign_c': 7.916322947490362}.
[I 2026-08-06 03:05:19,562] Trial 1301 finished with values: [-0.46036086581335667, 0.03895261560872709] and parameters: {'k1': 0.00324789183891923, 'D_low': 70.18267183720735, 'k2': 0.0022957398214549472, 'D_high': 2969.087094484682, 'fire_exp': 1.0881360604103363, 'P_half': 3.364457865463594, 'pre_dampen_half': 805.2502904451399, 'gpp_af': 0.18148402127631746, 'gpp_b': 0.024796579879439486, 'gpp_d': 29.83701993880331, 'ign_k': 0.6454459531371669, 'ign_c': 6.160975294741436}.
[I 2026-08-06 03:05:21,084] Trial 1302 finished with values: [10.702554898356544, 10.702554898356544] and parameters: {'k1': 9.95829068749527e-05, 'D_low': 70.18267183720735, 'k2': 0.0022957398214549472, 'D_high': 2969.087094484682, 'fire_exp': 1.8704656029838527, 'P_half': 1090.418094655994, 'pre_dampen_half': 107.40052367919465, 'gpp_af': 5.620854611217178, 'gpp_b': 0.024796579879439486, 'gpp_d': 29.83701993880331, 'ign_k': 0.6454459531371669, 'ign_c': 10.140635645866492}.
[I 2026-08-06 03:05:22,719] Trial 1303 finished with values: [10.022271155260876, 10.022271155260876] and parameters: {'k1': 0.0006294472924834207, 'D_low': 1.2299210465793122, 'k2': 0.03210808548911189, 'D_high': 2969.087094484682, 'fire_exp': 1.0881360604103363, 'P_half': 215.55950571043874, 'pre_dampen_half': 107.40052367919465, 'gpp_af': 5.620854611217178, 'gpp_b': 0.024796579879439486, 'gpp_d': 29.83701993880331, 'ign_k': 0.6454459531371669, 'ign_c': 10.140635645866492}.
[I 2026-08-06 03:05:24,168] Trial 1304 finished with values: [10.055901961932454, 10.055901961932454] and parameters: {'k1': 0.00324789183891923, 'D_low': 2.5449737887285035, 'k2': 0.0022957398214549472, 'D_high': 6455.595882939566, 'fire_exp': 1.0881360604103363, 'P_half': 215.55950571043874, 'pre_dampen_half': 304.7488318185732, 'gpp_af': 1.3725472882585024, 'gpp_b': 0.011750724729953272, 'gpp_d': 4.5768578731086835, 'ign_k': 0.6454459531371669, 'ign_c': 8.018119368890574}.
[I 2026-08-06 03:05:25,587] Trial 1305 finished with values: [10.164917431758909, 10.164917431758909] and parameters: {'k1': 0.008900784976354454, 'D_low': 29.89885508829526, 'k2': 0.002935672965826306, 'D_high': 2969.087094484682, 'fire_exp': 1.0881360604103363, 'P_half': 215.55950571043874, 'pre_dampen_half': 107.40052367919465, 'gpp_af': 5.620854611217178, 'gpp_b': 0.011750724729953272, 'gpp_d': 4.5768578731086835, 'ign_k': 0.0486276976221284, 'ign_c': 10.140635645866492}.
[I 2026-08-06 03:05:27,049] Trial 1306 finished with values: [-0.4921559052500478, 0.0802202516762669] and parameters: {'k1': 0.00324789183891923, 'D_low': 29.89885508829526, 'k2': 0.0022957398214549472, 'D_high': 2969.087094484682, 'fire_exp': 1.0881360604103363, 'P_half': 215.55950571043874, 'pre_dampen_half': 304.7488318185732, 'gpp_af': 1.3725472882585024, 'gpp_b': 0.011750724729953272, 'gpp_d': 29.83701993880331, 'ign_k': 0.6454459531371669, 'ign_c': 10.140635645866492}.
[I 2026-08-06 03:05:28,475] Trial 1307 finished with values: [10.750038062373845, 10.750038062373845] and parameters: {'k1': 0.00324789183891923, 'D_low': 29.89885508829526, 'k2': 0.01278916609981651, 'D_high': 18.258480425922784, 'fire_exp': 1.518582349269638, 'P_half': 215.55950571043874, 'pre_dampen_half': 107.40052367919465, 'gpp_af': 5.620854611217178, 'gpp_b': 0.008226792720717493, 'gpp_d': 29.749683811098393, 'ign_k': 0.6454459531371669, 'ign_c': 8.918355390301986}.
[I 2026-08-06 03:05:30,662] Trial 1308 finished with values: [-0.5000741094383812, 0.1013853353751697] and parameters: {'k1': 0.00324789183891923, 'D_low': 1.3628699025451325, 'k2': 0.03210808548911189, 'D_high': 2969.087094484682, 'fire_exp': 1.518582349269638, 'P_half': 215.55950571043874, 'pre_dampen_half': 805.2502904451399, 'gpp_af': 5.620854611217178, 'gpp_b': 0.008226792720717493, 'gpp_d': 29.749683811098393, 'ign_k': 0.6454459531371669, 'ign_c': 10.140635645866492}.
[I 2026-08-06 03:05:32,246] Trial 1309 finished with values: [11.233727500786543, 11.233727500786543] and parameters: {'k1': 0.01889771394135163, 'D_low': 1.7807904329970783, 'k2': 0.002935672965826306, 'D_high': 6455.595882939566, 'fire_exp': 1.0881360604103363, 'P_half': 215.55950571043874, 'pre_dampen_half': 805.2502904451399, 'gpp_af': 0.18148402127631746, 'gpp_b': 1.1008110571039521e-05, 'gpp_d': 4.5768578731086835, 'ign_k': 0.6454459531371669, 'ign_c': 0.1457050032975653}.
[I 2026-08-06 03:05:33,669] Trial 1310 finished with values: [10.715753356939578, 10.715753356939578] and parameters: {'k1': 0.00324789183891923, 'D_low': 29.89885508829526, 'k2': 0.04224251951471084, 'D_high': 2969.087094484682, 'fire_exp': 1.0881360604103363, 'P_half': 215.55950571043874, 'pre_dampen_half': 0.04968517863427778, 'gpp_af': 5.620854611217178, 'gpp_b': 1.1008110571039521e-05, 'gpp_d': 1.826381177000974, 'ign_k': 0.6454459531371669, 'ign_c': 10.140635645866492}.
[I 2026-08-06 03:05:35,068] Trial 1311 finished with values: [10.603953586634583, 10.603953586634583] and parameters: {'k1': 0.00324789183891923, 'D_low': 29.89885508829526, 'k2': 0.001347977766751687, 'D_high': 2969.087094484682, 'fire_exp': 1.518582349269638, 'P_half': 44.718513991627965, 'pre_dampen_half': 805.2502904451399, 'gpp_af': 0.01979173167138072, 'gpp_b': 0.03308649623479659, 'gpp_d': 0.6380717024176037, 'ign_k': 0.6454459531371669, 'ign_c': 9.34330265731847}.
[I 2026-08-06 03:05:36,525] Trial 1312 finished with values: [10.56180150910356, 10.56180150910356] and parameters: {'k1': 0.00324789183891923, 'D_low': 70.18267183720735, 'k2': 0.002935672965826306, 'D_high': 440.94295721828615, 'fire_exp': 1.0881360604103363, 'P_half': 215.55950571043874, 'pre_dampen_half': 76.86605275420082, 'gpp_af': 0.18148402127631746, 'gpp_b': 0.024796579879439486, 'gpp_d': 4.5768578731086835, 'ign_k': 0.6454459531371669, 'ign_c': 10.140635645866492}.
[I 2026-08-06 03:05:38,018] Trial 1313 finished with values: [10.224425224570385, 10.224425224570385] and parameters: {'k1': 0.00324789183891923, 'D_low': 2.458603276328005, 'k2': 0.03210808548911189, 'D_high': 2969.087094484682, 'fire_exp': 1.0881360604103363, 'P_half': 29.632139204027364, 'pre_dampen_half': 107.40052367919465, 'gpp_af': 5.620854611217178, 'gpp_b': 0.0009153552948098625, 'gpp_d': 29.83701993880331, 'ign_k': 0.6454459531371669, 'ign_c': 7.916322947490362}.
[I 2026-08-06 03:05:39,478] Trial 1314 finished with values: [-0.49694907783286163, 0.07826672105682253] and parameters: {'k1': 0.00324789183891923, 'D_low': 29.89885508829526, 'k2': 0.0022957398214549472, 'D_high': 2969.087094484682, 'fire_exp': 1.0881360604103363, 'P_half': 215.55950571043874, 'pre_dampen_half': 107.40052367919465, 'gpp_af': 1.3725472882585024, 'gpp_b': 0.011750724729953272, 'gpp_d': 29.83701993880331, 'ign_k': 0.6454459531371669, 'ign_c': 2.4511692798424947}.
[I 2026-08-06 03:05:40,934] Trial 1315 finished with values: [-0.5053785739881146, 0.1278824320986135] and parameters: {'k1': 0.00324789183891923, 'D_low': 29.89885508829526, 'k2': 0.0022957398214549472, 'D_high': 2969.087094484682, 'fire_exp': 1.0881360604103363, 'P_half': 215.55950571043874, 'pre_dampen_half': 107.40052367919465, 'gpp_af': 5.620854611217178, 'gpp_b': 0.008226792720717493, 'gpp_d': 29.83701993880331, 'ign_k': 0.6454459531371669, 'ign_c': 10.140635645866492}.
[I 2026-08-06 03:05:42,412] Trial 1316 finished with values: [10.340060555544763, 10.340060555544763] and parameters: {'k1': 0.00324789183891923, 'D_low': 4.075267974954964, 'k2': 0.0022957398214549472, 'D_high': 2969.087094484682, 'fire_exp': 1.0881360604103363, 'P_half': 215.55950571043874, 'pre_dampen_half': 107.40052367919465, 'gpp_af': 1.3725472882585024, 'gpp_b': 0.08040151168202724, 'gpp_d': 5.878566318396007, 'ign_k': 0.029732958317875816, 'ign_c': 10.140635645866492}.
[I 2026-08-06 03:05:43,932] Trial 1317 finished with values: [10.7530209314565, 10.7530209314565] and parameters: {'k1': 0.00324789183891923, 'D_low': 29.89885508829526, 'k2': 0.0022957398214549472, 'D_high': 2969.087094484682, 'fire_exp': 1.0881360604103363, 'P_half': 3974.965675011387, 'pre_dampen_half': 304.7488318185732, 'gpp_af': 0.0012856329182448095, 'gpp_b': 0.008226792720717493, 'gpp_d': 29.83701993880331, 'ign_k': 0.6454459531371669, 'ign_c': 10.140635645866492}.
[I 2026-08-06 03:05:45,373] Trial 1318 finished with values: [-0.4811878079330512, 0.0735927888183664] and parameters: {'k1': 0.016594187721123744, 'D_low': 4.075267974954964, 'k2': 0.0022957398214549472, 'D_high': 2969.087094484682, 'fire_exp': 1.0881360604103363, 'P_half': 215.55950571043874, 'pre_dampen_half': 304.7488318185732, 'gpp_af': 5.620854611217178, 'gpp_b': 0.09610325935041866, 'gpp_d': 4.5768578731086835, 'ign_k': 0.6454459531371669, 'ign_c': 0.1457050032975653}.
[I 2026-08-06 03:05:46,786] Trial 1319 finished with values: [10.33512290181934, 10.33512290181934] and parameters: {'k1': 0.00324789183891923, 'D_low': 29.89885508829526, 'k2': 0.002935672965826306, 'D_high': 2969.087094484682, 'fire_exp': 1.0881360604103363, 'P_half': 215.55950571043874, 'pre_dampen_half': 107.40052367919465, 'gpp_af': 65.61032228556527, 'gpp_b': 0.008226792720717493, 'gpp_d': 4.5768578731086835, 'ign_k': 0.08876620955487982, 'ign_c': 10.140635645866492}.
[I 2026-08-06 03:05:48,475] Trial 1320 finished with values: [-0.47256232795941144, 0.07042845826602417] and parameters: {'k1': 0.00324789183891923, 'D_low': 29.89885508829526, 'k2': 0.0022957398214549472, 'D_high': 9769.756791866093, 'fire_exp': 1.0881360604103363, 'P_half': 215.55950571043874, 'pre_dampen_half': 304.7488318185732, 'gpp_af': 0.18148402127631746, 'gpp_b': 0.011750724729953272, 'gpp_d': 29.83701993880331, 'ign_k': 0.6454459531371669, 'ign_c': 10.140635645866492}.
[I 2026-08-06 03:05:50,011] Trial 1321 finished with values: [10.005158652733611, 10.005158652733611] and parameters: {'k1': 0.00324789183891923, 'D_low': 4.075267974954964, 'k2': 0.0022957398214549472, 'D_high': 2969.087094484682, 'fire_exp': 1.0881360604103363, 'P_half': 215.55950571043874, 'pre_dampen_half': 93.53769344293097, 'gpp_af': 5.620854611217178, 'gpp_b': 0.008226792720717493, 'gpp_d': 29.83701993880331, 'ign_k': 0.6454459531371669, 'ign_c': 17.40494815019437}.
