[I 2026-08-19 14:37:46,949] Trial 231 finished with value: -0.4150602252565331 and parameters: {'k1': 0.0002523537147983139, 'D_low': 455.2415034082221, 'k2': 0.0014984366744842613, 'D_high': 3257268.2324557793, 'fire_exp': 1.4001696533964718, 'P_half': 4154.596780692806, 'pre_dampen_half': 13.585518321760555, 'gpp_af': 1.5050980977244746, 'gpp_b': 0.10358763660035301, 'gpp_d': 1.260352691263794, 'ign_k': 0.39603166817531893, 'ign_c': 19.927812211810192, 'trop_agb_crit': 16.545844764946978, 'trop_k_veg': 4.176309370918439, 'pop_amp': 0.019510916889642307, 'pop_peak': 35.06847399247366, 'pop_sig': 2.296792018118149, 'fuel_k': 0.3399177327839149, 'fuel_half': 1.7661244511080247}. Best is trial 121 with value: -0.6148958760349835.
[I 2026-08-19 14:37:49,137] Trial 232 finished with value: -0.40054937736335416 and parameters: {'k1': 0.00022332434974685212, 'D_low': 124658.6942402617, 'k2': 4.401425748635639e-05, 'D_high': 1041851.1931072199, 'fire_exp': 2.282913879735197, 'P_half': 35.294017156903664, 'pre_dampen_half': 0.9658461253447838, 'gpp_af': 0.0063933745665341775, 'gpp_b': 1.1149385789011647e-05, 'gpp_d': 0.3743570035712962, 'ign_k': 2.703121073536628, 'ign_c': 0.13047390236697198, 'trop_agb_crit': 10.702316948782974, 'trop_k_veg': 3.1280462026043905, 'pop_amp': 0.3382819830839508, 'pop_peak': 0.30259901065152633, 'pop_sig': 2.324932537897588, 'fuel_k': 1.134241502708115, 'fuel_half': 2.918065375132926}. Best is trial 121 with value: -0.6148958760349835.
[I 2026-08-19 14:37:51,474] Trial 233 finished with value: -0.5852206846474715 and parameters: {'k1': 0.0019151113397479292, 'D_low': 90.07681044714971, 'k2': 0.008558944750308195, 'D_high': 4552818.48243804, 'fire_exp': 1.5295831250227345, 'P_half': 1137.913562774076, 'pre_dampen_half': 23.47917407025138, 'gpp_af': 0.03797261752063449, 'gpp_b': 0.0005168740442010058, 'gpp_d': 23.947817506102638, 'ign_k': 3.3071167060557176, 'ign_c': 14.378040073525868, 'trop_agb_crit': 21.955629535511203, 'trop_k_veg': 4.275094782567431, 'pop_amp': 0.25604461371876086, 'pop_peak': 160.63886303917866, 'pop_sig': 1.1328616036210435, 'fuel_k': 0.3029063299335315, 'fuel_half': 0.6898425240572973}. Best is trial 121 with value: -0.6148958760349835.
[I 2026-08-19 14:37:53,835] Trial 234 finished with value: -0.4017086112987145 and parameters: {'k1': 0.0002502288029916821, 'D_low': 125823.43932599292, 'k2': 0.006222122971450513, 'D_high': 19855.479034598764, 'fire_exp': 1.1036443033641419, 'P_half': 160.86769644957394, 'pre_dampen_half': 37.33208169133197, 'gpp_af': 0.8110558419176426, 'gpp_b': 3.095095947882406e-05, 'gpp_d': 0.8751174495398437, 'ign_k': 2.388511824143262, 'ign_c': 6.104911636448125, 'trop_agb_crit': 21.73978306983551, 'trop_k_veg': 6.832131533412905, 'pop_amp': 0.026496058440254308, 'pop_peak': 23.26143305188706, 'pop_sig': 1.401144964098122, 'fuel_k': 0.3469686705622454, 'fuel_half': 0.7383429616740392}. Best is trial 121 with value: -0.6148958760349835.
[I 2026-08-19 14:37:56,452] Trial 235 finished with value: -0.469330055607052 and parameters: {'k1': 2.527010231287267e-05, 'D_low': 2135.9434302057457, 'k2': 2.6401313581189603e-05, 'D_high': 9176949.573927382, 'fire_exp': 1.0666711420880353, 'P_half': 3883.906414532159, 'pre_dampen_half': 389.45398383898214, 'gpp_af': 0.009504428538313046, 'gpp_b': 2.218063101227397e-05, 'gpp_d': 0.06431340123223156, 'ign_k': 0.4012444137137983, 'ign_c': 0.3379047803473001, 'trop_agb_crit': 5.437236330141164, 'trop_k_veg': 1.874744356109719, 'pop_amp': 0.019639632987302612, 'pop_peak': 1.1540970164584956, 'pop_sig': 2.4343963396895463, 'fuel_k': 0.19527638720015073, 'fuel_half': 0.544724346162398}. Best is trial 121 with value: -0.6148958760349835.
  trial  236/2500  best_overall=0.6149  (13.9 min)
[I 2026-08-19 14:38:00,313] Trial 236 finished with value: -0.4001004094591142 and parameters: {'k1': 0.004331728084034273, 'D_low': 3868.994264454758, 'k2': 0.0005052303318708388, 'D_high': 5771.465546145217, 'fire_exp': 4.377966590439952, 'P_half': 10.238454276747156, 'pre_dampen_half': 2.340848571338614, 'gpp_af': 0.023942038932797838, 'gpp_b': 3.735774269991426e-05, 'gpp_d': 42.152653063687765, 'ign_k': 0.2118646474943661, 'ign_c': 1.6581371842391237, 'trop_agb_crit': 10.722612390830934, 'trop_k_veg': 0.6838833490162898, 'pop_amp': 0.04539603149449975, 'pop_peak': 131.12061085572498, 'pop_sig': 1.3864174107797858, 'fuel_k': 0.07666367652621792, 'fuel_half': 1.330951471256171}. Best is trial 121 with value: -0.6148958760349835.
[I 2026-08-19 14:38:04,324] Trial 237 finished with value: -0.584963063552354 and parameters: {'k1': 0.025881365411222525, 'D_low': 114.95772777768414, 'k2': 0.0050927591794541404, 'D_high': 625599.7630052681, 'fire_exp': 1.358907241112611, 'P_half': 321.2344770199242, 'pre_dampen_half': 6.259045364999499, 'gpp_af': 0.04995125084022946, 'gpp_b': 0.0002032398419500582, 'gpp_d': 5.383483169799448, 'ign_k': 2.133351176206087, 'ign_c': 5.473505343181042, 'trop_agb_crit': 20.579562673084972, 'trop_k_veg': 5.261304773633668, 'pop_amp': 0.038376705825628056, 'pop_peak': 47.09885276974808, 'pop_sig': 0.7721339590095216, 'fuel_k': 1.010862133716506, 'fuel_half': 0.32322574870479875}. Best is trial 121 with value: -0.6148958760349835.
[I 2026-08-19 14:38:07,485] Trial 238 finished with value: -0.5136228928008559 and parameters: {'k1': 0.03377546955796366, 'D_low': 19.33925881612018, 'k2': 0.00015757029153442903, 'D_high': 212600.378479157, 'fire_exp': 1.0848352875713132, 'P_half': 471.03257205338383, 'pre_dampen_half': 7.540699447490419, 'gpp_af': 0.03022281462304355, 'gpp_b': 0.0013191342776498643, 'gpp_d': 19.724629054816297, 'ign_k': 5.851181745270665, 'ign_c': 14.420268980781282, 'trop_agb_crit': 17.634284418929855, 'trop_k_veg': 5.103120821849273, 'pop_amp': 0.07878751460056636, 'pop_peak': 23.572957364054712, 'pop_sig': 0.6023762105333479, 'fuel_k': 1.9956573785154172, 'fuel_half': 0.45858191132171183}. Best is trial 121 with value: -0.6148958760349835.
[I 2026-08-19 14:38:11,109] Trial 239 finished with value: -0.3554625854118624 and parameters: {'k1': 2.726318089596698e-05, 'D_low': 3402.040943385221, 'k2': 1.5213381380483726e-05, 'D_high': 445286.52039753227, 'fire_exp': 1.600647467023645, 'P_half': 4.613241838037171, 'pre_dampen_half': 21.914413460908612, 'gpp_af': 0.7348639178005885, 'gpp_b': 0.0021686275652282308, 'gpp_d': 44.35430079930486, 'ign_k': 1.1515286433715228, 'ign_c': 161.59115916621627, 'trop_agb_crit': 1.4824487576856944, 'trop_k_veg': 5.339964815367538, 'pop_amp': 0.02149579069875117, 'pop_peak': 13.602096003511788, 'pop_sig': 0.5043354758717854, 'fuel_k': 1.9979397969834216, 'fuel_half': 1.5439094204596806}. Best is trial 121 with value: -0.6148958760349835.
[I 2026-08-19 14:38:14,084] Trial 240 finished with value: -0.47668541741322734 and parameters: {'k1': 0.04322672708887879, 'D_low': 580.2956254945568, 'k2': 0.021935855791052998, 'D_high': 441206.1410968005, 'fire_exp': 1.0979418545626622, 'P_half': 233.34309587525036, 'pre_dampen_half': 75.58864497311988, 'gpp_af': 0.39926526467030377, 'gpp_b': 0.0002811232014974586, 'gpp_d': 0.0973057805833705, 'ign_k': 5.492778958378823, 'ign_c': 1.6067602547805315, 'trop_agb_crit': 24.825138272208168, 'trop_k_veg': 2.484459930522701, 'pop_amp': 0.09922443196794949, 'pop_peak': 84.83270937543081, 'pop_sig': 0.5774087496395903, 'fuel_k': 2.773973384940211, 'fuel_half': 0.14726679267240533}. Best is trial 121 with value: -0.6148958760349835.
[I 2026-08-19 14:38:17,319] Trial 241 finished with value: -0.423566508609461 and parameters: {'k1': 0.0008006046185318644, 'D_low': 1161.0157254322673, 'k2': 0.00010226177309744168, 'D_high': 1066398.875198281, 'fire_exp': 1.9927508171846144, 'P_half': 623.92431287052, 'pre_dampen_half': 4.721043961921622, 'gpp_af': 0.051797741983372725, 'gpp_b': 1.0856371286619431e-05, 'gpp_d': 0.011090298685044029, 'ign_k': 0.4531406732510638, 'ign_c': 2.649166260636607, 'trop_agb_crit': 14.992409765867798, 'trop_k_veg': 6.44956051244039, 'pop_amp': 0.13511488165399899, 'pop_peak': 5.910088425460685, 'pop_sig': 0.29661067027816906, 'fuel_k': 0.35198052558429727, 'fuel_half': 1.098268116658326}. Best is trial 121 with value: -0.6148958760349835.
  trial  242/2500  best_overall=0.6149  (14.2 min)
[I 2026-08-19 14:38:21,314] Trial 242 finished with value: -0.49861162669801284 and parameters: {'k1': 0.00011978801963654609, 'D_low': 1781.8673331682976, 'k2': 1.5340374916173538e-05, 'D_high': 9892363.428257648, 'fire_exp': 2.2481580381041812, 'P_half': 198.2266706304034, 'pre_dampen_half': 1.5198907731419162, 'gpp_af': 0.00643052182026674, 'gpp_b': 2.4318818413672664e-05, 'gpp_d': 0.10801215780456011, 'ign_k': 0.9669685813758123, 'ign_c': 10.47257861756298, 'trop_agb_crit': 4.466535972986718, 'trop_k_veg': 6.447878665668231, 'pop_amp': 0.013109923395833318, 'pop_peak': 26.502463270911555, 'pop_sig': 1.5109461286248846, 'fuel_k': 0.13754162759950625, 'fuel_half': 1.3942925145733338}. Best is trial 121 with value: -0.6148958760349835.
[I 2026-08-19 14:38:24,357] Trial 243 finished with value: -0.3554625854118624 and parameters: {'k1': 0.0014145149764003132, 'D_low': 574.2641569419451, 'k2': 4.00340243845051e-05, 'D_high': 84940.89239075754, 'fire_exp': 5.526626067802393, 'P_half': 32.929341757830144, 'pre_dampen_half': 34.73230866932103, 'gpp_af': 0.004624113410152081, 'gpp_b': 0.0003044917164745259, 'gpp_d': 0.2963063966151262, 'ign_k': 0.14076067061624284, 'ign_c': 230.78094490232277, 'trop_agb_crit': 2.1694398062481266, 'trop_k_veg': 1.41172253523271, 'pop_amp': 3.0291323321303616, 'pop_peak': 84.10051871979937, 'pop_sig': 0.9376684615762981, 'fuel_k': 0.0736891602246172, 'fuel_half': 0.7067597811821422}. Best is trial 121 with value: -0.6148958760349835.
[I 2026-08-19 14:38:28,675] Trial 244 finished with value: -0.5310144046735774 and parameters: {'k1': 0.04278198987517298, 'D_low': 1902.364631350365, 'k2': 0.003927883608184081, 'D_high': 1079927.7720433564, 'fire_exp': 1.238154899286241, 'P_half': 327.7056046285807, 'pre_dampen_half': 0.32088610541884566, 'gpp_af': 0.025135592630379636, 'gpp_b': 0.0015576392893268019, 'gpp_d': 11.533403145049121, 'ign_k': 3.943190428656366, 'ign_c': 0.6074477051688477, 'trop_agb_crit': 17.597427724203378, 'trop_k_veg': 3.7399141881796103, 'pop_amp': 0.2233876244859339, 'pop_peak': 28.571451826695053, 'pop_sig': 1.434669114326323, 'fuel_k': 0.596401411729503, 'fuel_half': 0.8924490010995149}. Best is trial 121 with value: -0.6148958760349835.
[I 2026-08-19 14:38:32,832] Trial 245 finished with value: -0.5396590208547253 and parameters: {'k1': 0.005982783795002323, 'D_low': 1.787686399436167, 'k2': 3.5167705501853664e-05, 'D_high': 358891.8127996811, 'fire_exp': 1.613191033954128, 'P_half': 36.94573165597531, 'pre_dampen_half': 2.1847845449609777, 'gpp_af': 0.015032079657782724, 'gpp_b': 0.0057648929736131005, 'gpp_d': 0.014627228388161991, 'ign_k': 0.5281606874067728, 'ign_c': 0.1610744456555132, 'trop_agb_crit': 5.551408753659406, 'trop_k_veg': 7.23739682761849, 'pop_amp': 0.012503137898038565, 'pop_peak': 0.3553412570506084, 'pop_sig': 1.563931529423424, 'fuel_k': 3.780504092056268, 'fuel_half': 0.10700244301087723}. Best is trial 121 with value: -0.6148958760349835.
[I 2026-08-19 14:38:37,721] Trial 246 finished with value: -0.4679568918402112 and parameters: {'k1': 0.0026629562256691476, 'D_low': 114.63086408322405, 'k2': 0.0029148081207999972, 'D_high': 3093738.2241007155, 'fire_exp': 1.415982688554556, 'P_half': 2584.3643123695365, 'pre_dampen_half': 14.989654580640773, 'gpp_af': 0.014331186981017232, 'gpp_b': 0.00449208097498865, 'gpp_d': 10.089448657847253, 'ign_k': 1.8038954183447957, 'ign_c': 17.018220669450926, 'trop_agb_crit': 14.7453758387201, 'trop_k_veg': 4.330796965495858, 'pop_amp': 0.14271255250688916, 'pop_peak': 150.1312823007263, 'pop_sig': 1.1396545167630114, 'fuel_k': 0.36838176216236906, 'fuel_half': 0.4572952193273797}. Best is trial 121 with value: -0.6148958760349835.
  trial  247/2500  best_overall=0.6149  (14.6 min)
[I 2026-08-19 14:38:42,814] Trial 247 finished with value: -0.5943607273772997 and parameters: {'k1': 0.0012413724400560115, 'D_low': 300.5418530346552, 'k2': 3.488880616965762e-05, 'D_high': 1245392.3961361872, 'fire_exp': 1.8616636519867549, 'P_half': 18.419181458814727, 'pre_dampen_half': 10.873975982965163, 'gpp_af': 0.03394893752400808, 'gpp_b': 0.001838887445137276, 'gpp_d': 14.742088123219803, 'ign_k': 0.2721289395251293, 'ign_c': 5.998816421486153, 'trop_agb_crit': 18.409646586123902, 'trop_k_veg': 1.337356917365504, 'pop_amp': 0.06067216723606319, 'pop_peak': 74.70027929830215, 'pop_sig': 1.2324444924186104, 'fuel_k': 0.09027771100243127, 'fuel_half': 3.0696014441153316}. Best is trial 121 with value: -0.6148958760349835.
[I 2026-08-19 14:38:47,083] Trial 248 finished with value: -0.45975615822180427 and parameters: {'k1': 0.001350053538923987, 'D_low': 1959.0235896057163, 'k2': 5.453896111981002e-05, 'D_high': 3672272.1914045643, 'fire_exp': 1.5758131828251785, 'P_half': 7.324726282752183, 'pre_dampen_half': 1.3632425428971542, 'gpp_af': 0.0020708818029551304, 'gpp_b': 0.0017132082108061743, 'gpp_d': 103.47802484926774, 'ign_k': 1.877899870996152, 'ign_c': 6.933218783632742, 'trop_agb_crit': 19.89409196469004, 'trop_k_veg': 1.5065223450193517, 'pop_amp': 0.1681673237189739, 'pop_peak': 341.7561120095138, 'pop_sig': 0.7551401211492738, 'fuel_k': 0.04634752995996013, 'fuel_half': 24.77159624609292}. Best is trial 121 with value: -0.6148958760349835.
[I 2026-08-19 14:38:52,432] Trial 249 finished with value: -0.418294196900201 and parameters: {'k1': 4.621109479620092e-05, 'D_low': 7760.649811862317, 'k2': 3.450378188676826e-05, 'D_high': 123285.52588221029, 'fire_exp': 1.2899061592718366, 'P_half': 75.79995026486141, 'pre_dampen_half': 13.70241859897551, 'gpp_af': 0.035389662124733136, 'gpp_b': 0.11272205156429507, 'gpp_d': 1.0646799147394677, 'ign_k': 7.831869594099083, 'ign_c': 2.912872087647898, 'trop_agb_crit': 2.5176763016760626, 'trop_k_veg': 6.540763228482597, 'pop_amp': 0.12373153279074399, 'pop_peak': 0.13691534489539364, 'pop_sig': 0.3139771160985208, 'fuel_k': 0.3309375367928776, 'fuel_half': 0.564032830928602}. Best is trial 121 with value: -0.6148958760349835.
[I 2026-08-19 14:38:59,631] Trial 250 finished with value: -0.5231852888728166 and parameters: {'k1': 0.017612551382547602, 'D_low': 180.12689922646283, 'k2': 0.014067262150865194, 'D_high': 1440146.3785137893, 'fire_exp': 2.2792830783558355, 'P_half': 24.300408227401142, 'pre_dampen_half': 57.44001536948598, 'gpp_af': 0.021189471149007783, 'gpp_b': 6.505146935781346e-05, 'gpp_d': 43.91517824504557, 'ign_k': 3.3904818392007847, 'ign_c': 21.10267787892967, 'trop_agb_crit': 11.836517560360207, 'trop_k_veg': 6.636227964721045, 'pop_amp': 0.38801570786108147, 'pop_peak': 21.188443208674833, 'pop_sig': 2.272687544148562, 'fuel_k': 0.10686191825202314, 'fuel_half': 2.298662161433645}. Best is trial 121 with value: -0.6148958760349835.
  trial  251/2500  best_overall=0.6149  (14.9 min)
[I 2026-08-19 14:39:07,101] Trial 251 finished with value: -0.5011924651554082 and parameters: {'k1': 0.000607544922889357, 'D_low': 3855.0264897629145, 'k2': 0.001630537047510139, 'D_high': 1621683.4099427045, 'fire_exp': 1.5804498336457848, 'P_half': 184.54137353881418, 'pre_dampen_half': 3.5296373757984636, 'gpp_af': 0.14487809823945652, 'gpp_b': 0.0018866776711921821, 'gpp_d': 3.4846785376648888, 'ign_k': 0.4022009926228149, 'ign_c': 23.19558324551726, 'trop_agb_crit': 21.624804964660402, 'trop_k_veg': 2.73328656695905, 'pop_amp': 0.002393244014312887, 'pop_peak': 14.903761481006912, 'pop_sig': 1.1300796695458772, 'fuel_k': 0.27727214917620585, 'fuel_half': 1.3874605428534168}. Best is trial 121 with value: -0.6148958760349835.
[I 2026-08-19 14:39:12,226] Trial 252 finished with value: -0.5515598379021434 and parameters: {'k1': 8.273704144645016e-05, 'D_low': 6965.586420675838, 'k2': 0.0003009425378864057, 'D_high': 64790.816281384854, 'fire_exp': 1.3626126500660032, 'P_half': 380.2503588526867, 'pre_dampen_half': 43.174291020866825, 'gpp_af': 0.001153630094947349, 'gpp_b': 1.7974226373247958e-05, 'gpp_d': 1.1394356161336574, 'ign_k': 1.7784086671332, 'ign_c': 11.201119764626819, 'trop_agb_crit': 8.74300156214225, 'trop_k_veg': 2.5955701738769204, 'pop_amp': 0.0875502350523133, 'pop_peak': 0.66603954287486, 'pop_sig': 2.0735030383967863, 'fuel_k': 0.26871243790878774, 'fuel_half': 4.252240785778488}. Best is trial 121 with value: -0.6148958760349835.
[I 2026-08-19 14:39:17,946] Trial 253 finished with value: -0.5759557536832678 and parameters: {'k1': 0.0011574652925236866, 'D_low': 13.691035134620535, 'k2': 0.00039638885446606205, 'D_high': 1182557.9176755808, 'fire_exp': 3.5876680941851187, 'P_half': 73.32407587315402, 'pre_dampen_half': 360.108239356288, 'gpp_af': 0.1426261637651914, 'gpp_b': 2.8663584424968753e-05, 'gpp_d': 88.4421932787332, 'ign_k': 0.107762989325914, 'ign_c': 1.2824775076543353, 'trop_agb_crit': 7.533294930454302, 'trop_k_veg': 0.8844089490103004, 'pop_amp': 0.06889122351237172, 'pop_peak': 32.210346841439915, 'pop_sig': 1.0512962782272737, 'fuel_k': 0.016043446499028297, 'fuel_half': 45.65907505007671}. Best is trial 121 with value: -0.6148958760349835.
[I 2026-08-19 14:39:22,487] Trial 254 finished with value: -0.48714167845233314 and parameters: {'k1': 0.010037861704558589, 'D_low': 12.463564719841035, 'k2': 0.02251796317368349, 'D_high': 4627.326533774569, 'fire_exp': 1.486380500788409, 'P_half': 516.7760745857979, 'pre_dampen_half': 6.708804842011445, 'gpp_af': 0.5503942695908081, 'gpp_b': 0.0009595118948912453, 'gpp_d': 76.07605664636633, 'ign_k': 2.770448185611263, 'ign_c': 0.5597891437985049, 'trop_agb_crit': 15.049608413030212, 'trop_k_veg': 4.15698914851068, 'pop_amp': 0.05738569060333644, 'pop_peak': 43.137234332833486, 'pop_sig': 0.8567776141708884, 'fuel_k': 1.2158774254402336, 'fuel_half': 0.3238882919245332}. Best is trial 121 with value: -0.6148958760349835.
  trial  255/2500  best_overall=0.6149  (15.3 min)
[I 2026-08-19 14:39:26,789] Trial 255 finished with value: -0.387101059795138 and parameters: {'k1': 0.010748038148546976, 'D_low': 228.61074698202677, 'k2': 1.1544744720304567e-05, 'D_high': 1281735.0150229284, 'fire_exp': 1.9567864069967438, 'P_half': 4.665020739867466, 'pre_dampen_half': 22.655219897603462, 'gpp_af': 0.005244207081402355, 'gpp_b': 4.45950056506864, 'gpp_d': 85.39079205049467, 'ign_k': 0.2064490465950838, 'ign_c': 1.1213632382187027, 'trop_agb_crit': 24.997433951961, 'trop_k_veg': 0.8983244083946367, 'pop_amp': 0.0033538886439258217, 'pop_peak': 277.21153370998877, 'pop_sig': 0.9902883346996527, 'fuel_k': 0.04180453287788127, 'fuel_half': 1.5164188070083915}. Best is trial 121 with value: -0.6148958760349835.
[I 2026-08-19 14:39:32,707] Trial 256 finished with value: -0.34264840706675553 and parameters: {'k1': 0.0985600416679574, 'D_low': 35.15219334066119, 'k2': 1.727541431169335e-05, 'D_high': 280334.0652927892, 'fire_exp': 1.640851810095583, 'P_half': 7.485309278280409, 'pre_dampen_half': 3.053789815415594, 'gpp_af': 0.8835615696720581, 'gpp_b': 0.0033547953276139774, 'gpp_d': 0.23604033306234762, 'ign_k': 4.024451282103695, 'ign_c': 36.43882416118933, 'trop_agb_crit': 14.982327772308892, 'trop_k_veg': 0.8312190549901615, 'pop_amp': 0.001200733659374877, 'pop_peak': 1.6005766486858963, 'pop_sig': 1.2638580461087203, 'fuel_k': 0.8080519118893734, 'fuel_half': 98.73060422474111}. Best is trial 121 with value: -0.6148958760349835.
[I 2026-08-19 14:39:37,348] Trial 257 finished with value: -0.4490762968080572 and parameters: {'k1': 4.0074161886738176e-05, 'D_low': 1209.8738563678758, 'k2': 0.00015615524947308233, 'D_high': 2483619.9187905462, 'fire_exp': 1.360864214136817, 'P_half': 461.53625339329676, 'pre_dampen_half': 0.015945096163734192, 'gpp_af': 0.09294563561864538, 'gpp_b': 0.00093754630947048, 'gpp_d': 697.0035334981642, 'ign_k': 0.005150899031116706, 'ign_c': 0.446334532481793, 'trop_agb_crit': 11.590381658357128, 'trop_k_veg': 2.9046719340621383, 'pop_amp': 7.371697315460851, 'pop_peak': 532.4921657659016, 'pop_sig': 0.7687116122124514, 'fuel_k': 0.5929561360228078, 'fuel_half': 0.41630196242198403}. Best is trial 121 with value: -0.6148958760349835.
[I 2026-08-19 14:39:41,355] Trial 258 finished with value: -0.5484673022772485 and parameters: {'k1': 0.001846355135866231, 'D_low': 133.32712680256898, 'k2': 3.169942507880084e-05, 'D_high': 253540.9199541177, 'fire_exp': 2.6447975654613733, 'P_half': 8.76097544080908, 'pre_dampen_half': 2.3526196159429342, 'gpp_af': 0.019617570812867104, 'gpp_b': 1.286617519004635e-05, 'gpp_d': 0.17465968598560191, 'ign_k': 0.11726940659880628, 'ign_c': 11.989460839608425, 'trop_agb_crit': 4.189750459938735, 'trop_k_veg': 1.9749503434702793, 'pop_amp': 0.4220609774090572, 'pop_peak': 17.098836362765923, 'pop_sig': 2.2003855487037733, 'fuel_k': 0.031881110155429444, 'fuel_half': 0.17045462236698664}. Best is trial 121 with value: -0.6148958760349835.
[I 2026-08-19 14:39:45,295] Trial 259 finished with value: -0.43225103459350844 and parameters: {'k1': 0.0013932095810673373, 'D_low': 23589.42900634416, 'k2': 5.670751403517838e-05, 'D_high': 151129.92790366695, 'fire_exp': 1.259694449766206, 'P_half': 70.66995577458539, 'pre_dampen_half': 1.6065337543258427, 'gpp_af': 0.004842213520903402, 'gpp_b': 0.002181358050288986, 'gpp_d': 0.07618889694649891, 'ign_k': 2.2761597196545504, 'ign_c': 0.5934983521104173, 'trop_agb_crit': 6.409517541743143, 'trop_k_veg': 6.038616378481496, 'pop_amp': 0.012533707059197397, 'pop_peak': 3.865298715846466, 'pop_sig': 0.31838992857828785, 'fuel_k': 0.9915499833057707, 'fuel_half': 0.27771622620854236}. Best is trial 121 with value: -0.6148958760349835.
  trial  260/2500  best_overall=0.6149  (15.7 min)
