[I 2026-08-14 14:05:04,412] Trial 106 finished with values: [-0.3554625854118624, 0.0] and parameters: {'k1': 6.069662445477729e-05, 'D_low': 2.607160725470918, 'k2': 2.5299503921303695e-05, 'D_high': 12.862664853393753, 'fire_exp': 2.26267489175816, 'P_half': 539.5442811888478, 'pre_dampen_half': 0.022695682239207024, 'gpp_af': 0.03934396739328546, 'gpp_b': 1.1728753685919104, 'gpp_d': 0.01307253094873642, 'ign_k': 1.8108143621079664, 'ign_c': 1.3409701145872435, 'trop_agb_crit': 1.4946647023314867, 'trop_k_veg': 3.4508425771776365, 'fuel_k': 0.5588539902953054, 'fuel_half': 42.89592532297351}.
[I 2026-08-14 14:05:05,667] Trial 107 finished with values: [-0.3888202726597099, 0.00017546950476610146] and parameters: {'k1': 0.003242143344038315, 'D_low': 102.19595065529477, 'k2': 1.915468390724633e-05, 'D_high': 528.9735416643111, 'fire_exp': 4.169392260794133, 'P_half': 220.3445560633069, 'pre_dampen_half': 294.75617712568373, 'gpp_af': 8.769726637617666, 'gpp_b': 8.129227514069975e-05, 'gpp_d': 16.460426816350523, 'ign_k': 0.0680787482656459, 'ign_c': 15.221840161091626, 'trop_agb_crit': 1.1208086449693282, 'trop_k_veg': 1.4584243470991722, 'fuel_k': 1.3128815679924584, 'fuel_half': 42.6871254378718}.
[I 2026-08-14 14:05:06,959] Trial 108 finished with values: [-0.3554625854118624, 0.0] and parameters: {'k1': 0.00014879588507789985, 'D_low': 362681.79038790334, 'k2': 1.127217425995114e-05, 'D_high': 32.587510576286036, 'fire_exp': 2.878298002135838, 'P_half': 8320.133621840185, 'pre_dampen_half': 2.9046276683520458, 'gpp_af': 0.04403094955951772, 'gpp_b': 0.0005995821881487623, 'gpp_d': 290.642121800538, 'ign_k': 1.8611194462546792, 'ign_c': 0.3277320296937064, 'trop_agb_crit': 2.4165727141234647, 'trop_k_veg': 1.4327328555223249, 'fuel_k': 0.024304286905830974, 'fuel_half': 0.6370755274604819}.
[I 2026-08-14 14:05:08,273] Trial 109 finished with values: [-0.35634387838845893, 1.1403621635874828e-07] and parameters: {'k1': 0.05778755734457457, 'D_low': 529141.0588169728, 'k2': 0.04565176372646328, 'D_high': 7839199.220074062, 'fire_exp': 1.2943117749495199, 'P_half': 5167.425813322413, 'pre_dampen_half': 703.6426675556048, 'gpp_af': 21.258647437649888, 'gpp_b': 6.049505313715197, 'gpp_d': 0.19476644406315288, 'ign_k': 0.015058980408366392, 'ign_c': 47.268615251255675, 'trop_agb_crit': 23.59397023337466, 'trop_k_veg': 2.3408809609838257, 'fuel_k': 0.02957171323932571, 'fuel_half': 4.681702225035901}.
[I 2026-08-14 14:05:09,578] Trial 110 finished with values: [-0.4105749049390209, 7.427054069986117e-05] and parameters: {'k1': 0.0024005553432620355, 'D_low': 2.0349553327469425, 'k2': 0.0009670857606743155, 'D_high': 38111.59226078823, 'fire_exp': 1.7124099831271415, 'P_half': 3795.8531426706395, 'pre_dampen_half': 0.03411860497758073, 'gpp_af': 0.0023751383317256927, 'gpp_b': 3.395900933162749e-05, 'gpp_d': 0.09548041810464164, 'ign_k': 0.0015167330688076208, 'ign_c': 5.486676498816058, 'trop_agb_crit': 3.7507963596256046, 'trop_k_veg': 4.844706510617515, 'fuel_k': 2.0061257262909367, 'fuel_half': 12.136386887218588}.
[I 2026-08-14 14:05:10,903] Trial 111 finished with values: [-0.3556137979307248, 1.1036416225351786e-10] and parameters: {'k1': 0.011966626407443505, 'D_low': 29.10300676616922, 'k2': 0.0001971137615017176, 'D_high': 3569.592428042591, 'fire_exp': 7.7991371065266675, 'P_half': 334.62201030483817, 'pre_dampen_half': 0.03751320096826995, 'gpp_af': 1.1300566419249864, 'gpp_b': 0.02893498807797731, 'gpp_d': 8.057329182285729, 'ign_k': 0.006039096247545781, 'ign_c': 77.59048401667629, 'trop_agb_crit': 6.119263728555865, 'trop_k_veg': 0.5772603928610088, 'fuel_k': 0.6211831489538812, 'fuel_half': 0.33988503110784557}.
[I 2026-08-14 14:05:12,162] Trial 112 finished with values: [-0.4087364936342822, 0.0007030391306727113] and parameters: {'k1': 0.0024005553432620355, 'D_low': 150.83210025074274, 'k2': 0.0009670857606743155, 'D_high': 38111.59226078823, 'fire_exp': 2.1589564941849333, 'P_half': 8832.039346746853, 'pre_dampen_half': 10.687450020671582, 'gpp_af': 0.015350904103515228, 'gpp_b': 4.0803257466853524e-05, 'gpp_d': 3.0023172465753074, 'ign_k': 0.567034633562729, 'ign_c': 5.486676498816058, 'trop_agb_crit': 1.886175574962432, 'trop_k_veg': 4.844706510617515, 'fuel_k': 1.6630228777630973, 'fuel_half': 49.011305842597814}.
[I 2026-08-14 14:05:13,440] Trial 113 finished with values: [-0.38867831946778014, 0.01244396281735205] and parameters: {'k1': 0.0003199177539819797, 'D_low': 3.169598846855015, 'k2': 0.07799059237255677, 'D_high': 2283.4228779494524, 'fire_exp': 2.655962930461066, 'P_half': 334.62201030483817, 'pre_dampen_half': 94.20121790275627, 'gpp_af': 0.325975879331736, 'gpp_b': 1.1698276136056565e-05, 'gpp_d': 2.2044650100999164, 'ign_k': 0.006039096247545781, 'ign_c': 77.59048401667629, 'trop_agb_crit': 1.4914219038863046, 'trop_k_veg': 3.0248030485593667, 'fuel_k': 0.6211831489538812, 'fuel_half': 0.33988503110784557}.
[I 2026-08-14 14:05:14,745] Trial 114 finished with values: [-0.42688328088264604, 0.0010365580281700426] and parameters: {'k1': 0.0024005553432620355, 'D_low': 1.7887890916820506, 'k2': 0.0009670857606743155, 'D_high': 316055.11434645514, 'fire_exp': 1.6214575867079866, 'P_half': 3910.3637457741784, 'pre_dampen_half': 0.10609580257119508, 'gpp_af': 0.008983355849178878, 'gpp_b': 1.6569065206637924e-05, 'gpp_d': 0.012284844784580964, 'ign_k': 0.567034633562729, 'ign_c': 0.18316165443932733, 'trop_agb_crit': 13.98132484257899, 'trop_k_veg': 1.7570501127699654, 'fuel_k': 1.6630228777630973, 'fuel_half': 2.100333410321807}.
[I 2026-08-14 14:05:16,024] Trial 115 finished with values: [-0.3554625854118624, 0.0] and parameters: {'k1': 0.0010319747789063166, 'D_low': 529141.0588169728, 'k2': 1.4363112408604443e-05, 'D_high': 1663.2295851843426, 'fire_exp': 1.0362310858538248, 'P_half': 5167.425813322413, 'pre_dampen_half': 868.1843415114087, 'gpp_af': 68.11991466118579, 'gpp_b': 6.049505313715197, 'gpp_d': 0.24231943110844462, 'ign_k': 0.015058980408366392, 'ign_c': 98.40989343758308, 'trop_agb_crit': 1.8730954962803803, 'trop_k_veg': 0.8934118487032162, 'fuel_k': 0.02957171323932571, 'fuel_half': 4.681702225035901}.
[I 2026-08-14 14:05:17,356] Trial 116 finished with values: [-0.3554625854118624, 0.0] and parameters: {'k1': 0.02939607009739149, 'D_low': 301608.31845055183, 'k2': 0.0011101191524846067, 'D_high': 10211.693428871295, 'fire_exp': 6.284853792838699, 'P_half': 397.9749374103113, 'pre_dampen_half': 32.34702813589568, 'gpp_af': 9.527157550070955, 'gpp_b': 2.1879230865774306, 'gpp_d': 0.48975151064700323, 'ign_k': 0.03179302199939539, 'ign_c': 0.23764449553865358, 'trop_agb_crit': 4.284230099058087, 'trop_k_veg': 0.5523938241293617, 'fuel_k': 0.19656297483673957, 'fuel_half': 4.2455494542549035}.
[I 2026-08-14 14:05:18,639] Trial 117 finished with values: [-0.4136002386775683, 0.00013753455986165175] and parameters: {'k1': 6.693990428538841e-05, 'D_low': 1.1640589436768796, 'k2': 3.5281132746849994e-05, 'D_high': 2512533.442757688, 'fire_exp': 7.479801584594695, 'P_half': 245.27450543222417, 'pre_dampen_half': 10.059683154936918, 'gpp_af': 2.1143816095206374, 'gpp_b': 0.002022832315155261, 'gpp_d': 25.017068255320467, 'ign_k': 0.04732407125181112, 'ign_c': 3.4084279109230433, 'trop_agb_crit': 5.841230872704112, 'trop_k_veg': 0.5695379443977426, 'fuel_k': 0.028970790717327534, 'fuel_half': 16.371966573507315}.
[I 2026-08-14 14:05:19,950] Trial 118 finished with values: [-0.3554625854118624, 0.0] and parameters: {'k1': 8.400384914559786e-05, 'D_low': 10748.712866171665, 'k2': 1.1990634114955788e-05, 'D_high': 42.13582405709726, 'fire_exp': 1.317848138124919, 'P_half': 5.178197947282869, 'pre_dampen_half': 518.2609891091987, 'gpp_af': 0.04130614451133169, 'gpp_b': 0.012964140540905063, 'gpp_d': 32.741215209888836, 'ign_k': 0.7745825831079145, 'ign_c': 264.7194625525936, 'trop_agb_crit': 26.402883285404346, 'trop_k_veg': 1.0049538030148353, 'fuel_k': 0.7178629801075029, 'fuel_half': 0.41205281577215547}.
[I 2026-08-14 14:05:21,262] Trial 119 finished with values: [-0.3554625854118624, 0.0] and parameters: {'k1': 0.0067445742055710165, 'D_low': 19389.89852278267, 'k2': 0.004373100990516265, 'D_high': 43680.76927942614, 'fire_exp': 9.012915111444606, 'P_half': 894.5150807271528, 'pre_dampen_half': 469.71569713904756, 'gpp_af': 42.44656636175248, 'gpp_b': 0.0032930655419269924, 'gpp_d': 0.173242701549491, 'ign_k': 0.026539376439360548, 'ign_c': 107.49405395173389, 'trop_agb_crit': 1.5280652380617874, 'trop_k_veg': 6.423535314325734, 'fuel_k': 0.013421538374693755, 'fuel_half': 0.13249100882689224}.
[I 2026-08-14 14:05:22,567] Trial 120 finished with values: [-0.40445266413661873, 6.35027354367601e-05] and parameters: {'k1': 0.00011502956321912731, 'D_low': 4158.269729781509, 'k2': 9.580682294110428e-05, 'D_high': 2283.4228779494524, 'fire_exp': 1.9439887028475722, 'P_half': 334.62201030483817, 'pre_dampen_half': 94.20121790275627, 'gpp_af': 0.325975879331736, 'gpp_b': 0.02502809770894037, 'gpp_d': 2.400225309964113, 'ign_k': 0.006039096247545781, 'ign_c': 558.8805005991976, 'trop_agb_crit': 2.598572417333811, 'trop_k_veg': 0.907369149674874, 'fuel_k': 0.6211831489538812, 'fuel_half': 0.33988503110784557}.
[I 2026-08-14 14:05:23,883] Trial 121 finished with values: [-0.3554625854118624, 0.0] and parameters: {'k1': 1.0477226564098276e-05, 'D_low': 9.222492453004657, 'k2': 0.0009670857606743155, 'D_high': 38111.59226078823, 'fire_exp': 4.487053621524983, 'P_half': 1212.4080603355412, 'pre_dampen_half': 0.03411860497758073, 'gpp_af': 0.0023751383317256927, 'gpp_b': 0.23395511097933275, 'gpp_d': 3.0023172465753074, 'ign_k': 0.39676339357448603, 'ign_c': 0.7464754881442118, 'trop_agb_crit': 2.3118820898020997, 'trop_k_veg': 2.417028380770307, 'fuel_k': 1.6630228777630973, 'fuel_half': 12.136386887218588}.
[I 2026-08-14 14:05:25,218] Trial 122 finished with values: [-0.3554625854118624, 0.0] and parameters: {'k1': 0.0015736446109772138, 'D_low': 70586.60227368641, 'k2': 0.0034167643418329683, 'D_high': 1693415.5410667954, 'fire_exp': 9.012915111444606, 'P_half': 894.5150807271528, 'pre_dampen_half': 5.912487867336618, 'gpp_af': 1.1444682032324747, 'gpp_b': 0.6992636148959319, 'gpp_d': 302.3127748796293, 'ign_k': 0.018707420137660268, 'ign_c': 107.49405395173389, 'trop_agb_crit': 1.0501731925367062, 'trop_k_veg': 0.6898193780989617, 'fuel_k': 1.8731335591844642, 'fuel_half': 0.13249100882689224}.
[I 2026-08-14 14:05:26,561] Trial 123 finished with values: [-0.4158748343153723, 0.008075580008648497] and parameters: {'k1': 0.00013649087666416944, 'D_low': 13.25142220631392, 'k2': 0.0630731811849173, 'D_high': 26587.030147082678, 'fire_exp': 3.2181803496180783, 'P_half': 9.324787201197319, 'pre_dampen_half': 0.03751320096826995, 'gpp_af': 1.1300566419249864, 'gpp_b': 0.0005392415140872105, 'gpp_d': 8.057329182285729, 'ign_k': 1.3975908789482223, 'ign_c': 8.40543912931368, 'trop_agb_crit': 6.119263728555865, 'trop_k_veg': 0.5772603928610088, 'fuel_k': 0.030315034760496778, 'fuel_half': 0.25307196127108805}.
[I 2026-08-14 14:05:27,867] Trial 124 finished with values: [-0.3554625854118624, 0.0] and parameters: {'k1': 0.0015375920235481753, 'D_low': 12.856617791467924, 'k2': 0.07799059237255677, 'D_high': 2283.4228779494524, 'fire_exp': 7.7991371065266675, 'P_half': 3795.8531426706395, 'pre_dampen_half': 94.20121790275627, 'gpp_af': 0.325975879331736, 'gpp_b': 0.02893498807797731, 'gpp_d': 0.09548041810464164, 'ign_k': 0.006039096247545781, 'ign_c': 2.001342062287997, 'trop_agb_crit': 2.598572417333811, 'trop_k_veg': 1.0609790190334525, 'fuel_k': 2.0061257262909367, 'fuel_half': 1.1756010900231848}.
[I 2026-08-14 14:05:29,172] Trial 125 finished with values: [-0.43387186949803774, 0.10483583918491923] and parameters: {'k1': 2.27847364377152e-05, 'D_low': 6220.638781359816, 'k2': 0.001566517163094646, 'D_high': 16392.60991832772, 'fire_exp': 1.2310899049053081, 'P_half': 7.890004262668578, 'pre_dampen_half': 0.4016986062226067, 'gpp_af': 0.12243451886824051, 'gpp_b': 1.7565109007473816e-05, 'gpp_d': 9.004606022643067, 'ign_k': 3.284529979576944, 'ign_c': 0.11650681118986138, 'trop_agb_crit': 9.362115196011851, 'trop_k_veg': 2.417028380770307, 'fuel_k': 0.018207179480706392, 'fuel_half': 0.3335026483569958}.
[I 2026-08-14 14:05:30,655] Trial 126 finished with values: [-0.3554625854118624, 0.0] and parameters: {'k1': 1.7926680648388784e-05, 'D_low': 177.51026696160926, 'k2': 0.00013894673469237192, 'D_high': 1627776.4805093438, 'fire_exp': 1.6733848721157607, 'P_half': 7126.727573532312, 'pre_dampen_half': 63.26147292744763, 'gpp_af': 70.695884676536, 'gpp_b': 1.815346247026201e-05, 'gpp_d': 1.14605265271501, 'ign_k': 0.12906379659404604, 'ign_c': 937.2580613581177, 'trop_agb_crit': 16.86264052240002, 'trop_k_veg': 2.3220791324604515, 'fuel_k': 0.02214708063365415, 'fuel_half': 15.581254655530845}.
[I 2026-08-14 14:05:31,966] Trial 127 finished with values: [-0.3554625854118624, 0.0] and parameters: {'k1': 0.00014001191914113747, 'D_low': 260206.07998030365, 'k2': 0.0010495653625093638, 'D_high': 909378.7396959361, 'fire_exp': 6.64661557126371, 'P_half': 27.59069025439785, 'pre_dampen_half': 0.8830969679935068, 'gpp_af': 0.4085228003668622, 'gpp_b': 2.705776113447921, 'gpp_d': 0.028604435659156362, 'ign_k': 0.31014294272127446, 'ign_c': 631.3175583634933, 'trop_agb_crit': 25.360745838025757, 'trop_k_veg': 2.4516474838484386, 'fuel_k': 0.3176626387065175, 'fuel_half': 2.2148104601284695}.
[I 2026-08-14 14:05:33,405] Trial 128 finished with values: [-0.3554625854118624, 0.0] and parameters: {'k1': 0.0015736446109772138, 'D_low': 19389.89852278267, 'k2': 0.004373100990516265, 'D_high': 478.193184148526, 'fire_exp': 1.075051292556307, 'P_half': 894.5150807271528, 'pre_dampen_half': 0.37306104754535907, 'gpp_af': 0.34902252478382495, 'gpp_b': 2.788681037423117, 'gpp_d': 0.173242701549491, 'ign_k': 0.026539376439360548, 'ign_c': 107.49405395173389, 'trop_agb_crit': 2.1775224101934065, 'trop_k_veg': 0.6189606672462583, 'fuel_k': 0.013421538374693755, 'fuel_half': 0.30455368715396786}.
[I 2026-08-14 14:05:34,793] Trial 129 finished with values: [-0.3554625854118624, 0.0] and parameters: {'k1': 0.0003713474360443033, 'D_low': 1160.0689839007139, 'k2': 0.0004673518999562748, 'D_high': 1826.6972566585878, 'fire_exp': 1.317848138124919, 'P_half': 16.051347487097576, 'pre_dampen_half': 54.70750401264757, 'gpp_af': 0.326288637536534, 'gpp_b': 0.00024732964314480056, 'gpp_d': 32.741215209888836, 'ign_k': 0.034321391362415854, 'ign_c': 771.13129913311, 'trop_agb_crit': 24.85900548334648, 'trop_k_veg': 2.8224577471047865, 'fuel_k': 0.24067532026281035, 'fuel_half': 65.99277195883643}.
[I 2026-08-14 14:05:36,447] Trial 130 finished with values: [-0.3554625854118624, 0.0] and parameters: {'k1': 1.7926680648388784e-05, 'D_low': 1160.0689839007139, 'k2': 0.0007406380926311093, 'D_high': 215.10319582575755, 'fire_exp': 1.317848138124919, 'P_half': 7126.727573532312, 'pre_dampen_half': 518.2609891091987, 'gpp_af': 70.695884676536, 'gpp_b': 1.815346247026201e-05, 'gpp_d': 32.741215209888836, 'ign_k': 0.12906379659404604, 'ign_c': 771.13129913311, 'trop_agb_crit': 26.402883285404346, 'trop_k_veg': 1.0049538030148353, 'fuel_k': 0.02214708063365415, 'fuel_half': 15.581254655530845}.
[I 2026-08-14 14:05:37,967] Trial 131 finished with values: [-0.3554625854118624, 0.0] and parameters: {'k1': 0.05554169083020911, 'D_low': 15003.023172658528, 'k2': 0.001906534551939351, 'D_high': 38.287672160557875, 'fire_exp': 4.105928564731521, 'P_half': 3.525936800597896, 'pre_dampen_half': 0.06841789850667167, 'gpp_af': 0.16983565276584273, 'gpp_b': 0.00012906175696809457, 'gpp_d': 5.1227685768715014, 'ign_k': 3.1030112026960985, 'ign_c': 64.55595882939564, 'trop_agb_crit': 3.3963467282786945, 'trop_k_veg': 7.806492615881168, 'fuel_k': 1.772261104101594, 'fuel_half': 35.2847426865637}.
[I 2026-08-14 14:05:39,613] Trial 132 finished with values: [-0.3554625854118624, 0.0] and parameters: {'k1': 0.0032930213963426706, 'D_low': 14944.869734548733, 'k2': 0.0006579066240690734, 'D_high': 58257.048833920686, 'fire_exp': 3.8398504643167155, 'P_half': 4023.759749324184, 'pre_dampen_half': 0.016874538403502292, 'gpp_af': 0.02539896080949815, 'gpp_b': 5.040445281577146, 'gpp_d': 282.69551568161273, 'ign_k': 0.06647020392311619, 'ign_c': 30.236421525614126, 'trop_agb_crit': 2.5687724869754125, 'trop_k_veg': 0.8423458720358215, 'fuel_k': 0.04401685680909188, 'fuel_half': 1.1483034881881862}.
[I 2026-08-14 14:05:41,362] Trial 133 finished with values: [-0.36718486901245123, 1.4677355466674591e-05] and parameters: {'k1': 3.6595533391425955e-05, 'D_low': 1.7887890916820506, 'k2': 0.000985079068311927, 'D_high': 3262.5163516684925, 'fire_exp': 8.219509487105954, 'P_half': 28.15630081597223, 'pre_dampen_half': 7.997269865263953, 'gpp_af': 0.008983355849178878, 'gpp_b': 1.6569065206637924e-05, 'gpp_d': 0.012284844784580964, 'ign_k': 0.567034633562729, 'ign_c': 0.18316165443932733, 'trop_agb_crit': 13.98132484257899, 'trop_k_veg': 1.5784367978699871, 'fuel_k': 0.017262921159278164, 'fuel_half': 2.100333410321807}.
[I 2026-08-14 14:05:43,123] Trial 134 finished with values: [-0.3554625854118624, 0.0] and parameters: {'k1': 1.0661259689433896e-05, 'D_low': 9.497440085397416, 'k2': 1.915468390724633e-05, 'D_high': 71534.52030884045, 'fire_exp': 1.0629462657398439, 'P_half': 22.41097161910951, 'pre_dampen_half': 502.5175192217655, 'gpp_af': 51.72004221341863, 'gpp_b': 0.0003528984625415794, 'gpp_d': 16.460426816350523, 'ign_k': 1.857328833311487, 'ign_c': 771.13129913311, 'trop_agb_crit': 24.584290528289387, 'trop_k_veg': 1.4584243470991722, 'fuel_k': 4.680936683972861, 'fuel_half': 52.00581729114123}.
[I 2026-08-14 14:05:44,695] Trial 135 finished with values: [-0.37670384155373454, 2.2514275488383362e-07] and parameters: {'k1': 9.969469187531805e-05, 'D_low': 367.4904945305323, 'k2': 1.263794633808287e-05, 'D_high': 44.39648242927527, 'fire_exp': 1.6733848721157607, 'P_half': 48.464976792190825, 'pre_dampen_half': 0.011501973785501987, 'gpp_af': 42.29037995744429, 'gpp_b': 2.788681037423117, 'gpp_d': 6.913948698657619, 'ign_k': 0.04380580767905655, 'ign_c': 105.24574681335613, 'trop_agb_crit': 10.719494362768906, 'trop_k_veg': 3.0284647013370933, 'fuel_k': 0.8380096183572122, 'fuel_half': 35.2847426865637}.
[I 2026-08-14 14:05:46,340] Trial 136 finished with values: [-0.39056289097432706, 9.368457544745024e-05] and parameters: {'k1': 0.0003713474360443033, 'D_low': 3507.515213502105, 'k2': 0.0005708731724249573, 'D_high': 1826.6972566585878, 'fire_exp': 2.901882247501255, 'P_half': 269.74113434525447, 'pre_dampen_half': 3.659675301686169, 'gpp_af': 0.326288637536534, 'gpp_b': 0.00024732964314480056, 'gpp_d': 314.6826989726468, 'ign_k': 0.034321391362415854, 'ign_c': 0.21947742689197342, 'trop_agb_crit': 1.1921754348704765, 'trop_k_veg': 2.1816482703680733, 'fuel_k': 0.021123235354472927, 'fuel_half': 65.99277195883643}.
[I 2026-08-14 14:05:47,995] Trial 137 finished with values: [-0.4173256187448646, 0.02635105702559193] and parameters: {'k1': 2.143851363193518e-05, 'D_low': 4158.269729781509, 'k2': 1.915468390724633e-05, 'D_high': 71534.52030884045, 'fire_exp': 1.9439887028475722, 'P_half': 220.3445560633069, 'pre_dampen_half': 39.37581228093823, 'gpp_af': 0.030592049838223532, 'gpp_b': 0.0021331409710300844, 'gpp_d': 2.400225309964113, 'ign_k': 0.0680787482656459, 'ign_c': 15.221840161091626, 'trop_agb_crit': 12.080858995895042, 'trop_k_veg': 0.9478162145499819, 'fuel_k': 0.0122076330314252, 'fuel_half': 0.6120573715537153}.
[I 2026-08-14 14:05:49,772] Trial 138 finished with values: [-0.3554625854118624, 0.0] and parameters: {'k1': 0.00040091494283268605, 'D_low': 11.459566575664761, 'k2': 4.17792831163654e-05, 'D_high': 210.33776477006836, 'fire_exp': 6.64661557126371, 'P_half': 6087.820637369983, 'pre_dampen_half': 0.043181981126981975, 'gpp_af': 0.022579970267080786, 'gpp_b': 0.4168322557207811, 'gpp_d': 1.105785410092522, 'ign_k': 0.0012634132366522116, 'ign_c': 0.21947742689197342, 'trop_agb_crit': 1.1921754348704765, 'trop_k_veg': 3.1073737298971267, 'fuel_k': 0.011892598727815663, 'fuel_half': 0.3625056554880307}.
[I 2026-08-14 14:05:51,818] Trial 139 finished with values: [-0.3554625854118624, 0.0] and parameters: {'k1': 1.7926680648388784e-05, 'D_low': 177.51026696160926, 'k2': 0.00013894673469237192, 'D_high': 1627776.4805093438, 'fire_exp': 1.6733848721157607, 'P_half': 1687.869855879562, 'pre_dampen_half': 63.26147292744763, 'gpp_af': 0.11563475499641605, 'gpp_b': 0.0017065087316216368, 'gpp_d': 1.14605265271501, 'ign_k': 0.12906379659404604, 'ign_c': 937.2580613581177, 'trop_agb_crit': 16.86264052240002, 'trop_k_veg': 4.341934294871134, 'fuel_k': 1.2190833389450217, 'fuel_half': 18.34968537694049}.
[I 2026-08-14 14:05:53,527] Trial 140 finished with values: [-0.37026346769524066, 2.8257586275337587e-06] and parameters: {'k1': 0.0015736446109772138, 'D_low': 19389.89852278267, 'k2': 1.4363112408604443e-05, 'D_high': 478.193184148526, 'fire_exp': 1.075051292556307, 'P_half': 894.5150807271528, 'pre_dampen_half': 868.1843415114087, 'gpp_af': 0.34902252478382495, 'gpp_b': 6.049505313715197, 'gpp_d': 0.173242701549491, 'ign_k': 0.026539376439360548, 'ign_c': 98.40989343758308, 'trop_agb_crit': 2.1775224101934065, 'trop_k_veg': 0.8934118487032162, 'fuel_k': 0.02957171323932571, 'fuel_half': 0.30455368715396786}.
