[I 2026-08-19 17:11:04,782] Trial 463 finished with value: 0.5169233074592825 and parameters: {'k1': 1.8637416562160943e-05, 'D_low': 1.6096569914865348, 'k2': 5.691165530443375e-05, 'D_high': 3449007.0671643754, 'fire_exp': 1.2374540983076259, 'P_half': 10.830502071605693, 'pre_dampen_half': 0.03760394901659635, 'gpp_af': 6.7239888171726765, 'gpp_b': 0.017110943249723492, 'gpp_d': 429.874491688623, 'ign_k': 1.1220173548677224, 'ign_c': 3.346511023152786, 'trop_agb_crit': 8.488899394096494, 'trop_k_veg': 2.530544348982692, 'pop_amp': 0.17631176590280592, 'pop_peak': 1.6735723568086749, 'pop_sig': 0.9635874269373809, 'fuel_k': 0.2762684396209876, 'fuel_half': 48.89280466899134}. Best is trial 0 with value: -0.6094076133578652.
[I 2026-08-19 17:11:06,363] Trial 464 finished with value: 0.42846312351158167 and parameters: {'k1': 0.025815074308338522, 'D_low': 80.29360478367491, 'k2': 0.0008960127665409887, 'D_high': 171277.20490517688, 'fire_exp': 1.0046310934170735, 'P_half': 1.7010802181824647, 'pre_dampen_half': 1.152457182147892, 'gpp_af': 0.09611233825609859, 'gpp_b': 8.241939778105729e-05, 'gpp_d': 0.4380480391115101, 'ign_k': 8.615858414023528, 'ign_c': 0.11334808675288903, 'trop_agb_crit': 8.379671016671871, 'trop_k_veg': 0.6609116379486403, 'pop_amp': 0.2708947145524335, 'pop_peak': 20.82945370760385, 'pop_sig': 0.48230515577816974, 'fuel_k': 0.011625272265095564, 'fuel_half': 6.983945945756405}. Best is trial 0 with value: -0.6094076133578652.
[I 2026-08-19 17:11:07,943] Trial 465 finished with value: 0.44214483742811983 and parameters: {'k1': 0.022830550904528558, 'D_low': 786.8609801862825, 'k2': 0.02932049653846854, 'D_high': 1416199.6888532941, 'fire_exp': 3.781997254630209, 'P_half': 24.416644390416895, 'pre_dampen_half': 0.25451484478427444, 'gpp_af': 0.6399624710187088, 'gpp_b': 0.002162038430946831, 'gpp_d': 5.560402923497783, 'ign_k': 0.9992261500920829, 'ign_c': 4.643878845268708, 'trop_agb_crit': 5.388302893782381, 'trop_k_veg': 1.1638118271963351, 'pop_amp': 2.047100225682473, 'pop_peak': 0.051688586227864014, 'pop_sig': 2.019295383728333, 'fuel_k': 0.09729662721437542, 'fuel_half': 2.0735046849327565}. Best is trial 0 with value: -0.6094076133578652.
[I 2026-08-19 17:11:09,494] Trial 466 finished with value: 0.5729189235176487 and parameters: {'k1': 0.0073309739845566855, 'D_low': 23.322086559324575, 'k2': 0.0023397695782494767, 'D_high': 2484337.7333275015, 'fire_exp': 2.279644024867322, 'P_half': 677.7704088336325, 'pre_dampen_half': 0.5122485397634386, 'gpp_af': 0.02347463933659845, 'gpp_b': 4.4543168173057196e-05, 'gpp_d': 11.262760331886037, 'ign_k': 0.02571469956213477, 'ign_c': 3.346085770377451, 'trop_agb_crit': 13.701366155131451, 'trop_k_veg': 3.776554286551544, 'pop_amp': 0.0011623946215516645, 'pop_peak': 13.13551543056764, 'pop_sig': 1.450414542473387, 'fuel_k': 0.21333030622541962, 'fuel_half': 1.2265599069656294}. Best is trial 0 with value: -0.6094076133578652.
[I 2026-08-19 17:11:11,040] Trial 467 finished with value: 0.5473357039057383 and parameters: {'k1': 1.4749186163652962e-05, 'D_low': 18507.74570128508, 'k2': 1.7298759588854268e-05, 'D_high': 232223.41074041757, 'fire_exp': 1.1049617000139886, 'P_half': 7775.454992733197, 'pre_dampen_half': 0.7092561946655722, 'gpp_af': 2.9072764570372516, 'gpp_b': 0.0053996214435250425, 'gpp_d': 385.63583698004396, 'ign_k': 0.11696030673928759, 'ign_c': 0.6525098368735973, 'trop_agb_crit': 29.485190759257872, 'trop_k_veg': 3.793054422278464, 'pop_amp': 2.0574775941679735, 'pop_peak': 223.9939680742184, 'pop_sig': 0.5904341853485364, 'fuel_k': 2.836366765571841, 'fuel_half': 0.25408149073005304}. Best is trial 0 with value: -0.6094076133578652.
[I 2026-08-19 17:11:12,602] Trial 468 finished with value: 0.5763420424432975 and parameters: {'k1': 2.291977660566428e-05, 'D_low': 5.6346310369838, 'k2': 0.0008206375074516401, 'D_high': 2155982.2831813544, 'fire_exp': 7.326490905382445, 'P_half': 154.68398310860223, 'pre_dampen_half': 184.01288975007108, 'gpp_af': 0.015207301034190044, 'gpp_b': 3.0309308439763338e-05, 'gpp_d': 9.245485310143401, 'ign_k': 9.454607310956916, 'ign_c': 0.8012938002391976, 'trop_agb_crit': 22.15550136423786, 'trop_k_veg': 3.4308143408002874, 'pop_amp': 0.003957720316570479, 'pop_peak': 0.5313555339630001, 'pop_sig': 0.8851038820255488, 'fuel_k': 0.10851260187250952, 'fuel_half': 0.39154496239342895}. Best is trial 0 with value: -0.6094076133578652.
[I 2026-08-19 17:11:14,180] Trial 469 finished with value: 0.41688302849015224 and parameters: {'k1': 0.00045595438934321306, 'D_low': 69.70009987535072, 'k2': 0.010343221261926947, 'D_high': 1770911.19332753, 'fire_exp': 1.1838462105495189, 'P_half': 48.683266070142494, 'pre_dampen_half': 9.860149485926119, 'gpp_af': 0.015034707376180397, 'gpp_b': 0.00036764282966640844, 'gpp_d': 56.261328619445564, 'ign_k': 0.21875121376145337, 'ign_c': 0.33375546511642157, 'trop_agb_crit': 8.68620751439371, 'trop_k_veg': 0.7798902025316413, 'pop_amp': 0.025996126611514635, 'pop_peak': 0.2718799544786561, 'pop_sig': 0.9318566874724508, 'fuel_k': 0.24704508081007498, 'fuel_half': 50.04338557311954}. Best is trial 0 with value: -0.6094076133578652.
[I 2026-08-19 17:11:15,741] Trial 470 finished with value: 0.43104543113439664 and parameters: {'k1': 0.04178319377417562, 'D_low': 8.699548131454897, 'k2': 0.0066467347390128575, 'D_high': 1724950.4528828817, 'fire_exp': 1.259370449257408, 'P_half': 109.69442571910078, 'pre_dampen_half': 9.332624440853069, 'gpp_af': 0.02937977229357722, 'gpp_b': 0.00320796809349799, 'gpp_d': 0.8676258811364357, 'ign_k': 4.072404685237596, 'ign_c': 0.7513419682729972, 'trop_agb_crit': 6.881675285064776, 'trop_k_veg': 2.7458837022208384, 'pop_amp': 0.047128521010059765, 'pop_peak': 14.372463312291078, 'pop_sig': 0.9230619276864233, 'fuel_k': 0.22594475901620042, 'fuel_half': 5.006612296761399}. Best is trial 0 with value: -0.6094076133578652.
[I 2026-08-19 17:11:17,339] Trial 471 finished with value: 0.4506555308422564 and parameters: {'k1': 0.010816777440569334, 'D_low': 15.143759011343443, 'k2': 0.0029846052495030887, 'D_high': 6283658.7815935295, 'fire_exp': 2.8516666081318953, 'P_half': 42.11918081484027, 'pre_dampen_half': 2.2837447169816625, 'gpp_af': 0.03186687602818578, 'gpp_b': 0.001733736475631629, 'gpp_d': 5.419341721647094, 'ign_k': 6.107801674693496, 'ign_c': 0.4610589073470174, 'trop_agb_crit': 4.915134385944527, 'trop_k_veg': 0.9537037384758675, 'pop_amp': 0.3110301925247467, 'pop_peak': 68.48703181836214, 'pop_sig': 0.980469837416231, 'fuel_k': 0.04086990408362941, 'fuel_half': 2.886093725222833}. Best is trial 0 with value: -0.6094076133578652.
[I 2026-08-19 17:11:18,919] Trial 472 finished with value: 0.6024345272182557 and parameters: {'k1': 9.102358999560201e-05, 'D_low': 99808.9326790518, 'k2': 0.0037951632496484233, 'D_high': 78221.18561008146, 'fire_exp': 1.0389067068585935, 'P_half': 4.5463071938593425, 'pre_dampen_half': 0.3947648461362396, 'gpp_af': 26.5822959065227, 'gpp_b': 0.0009395653822793504, 'gpp_d': 5.70058755059872, 'ign_k': 0.08469884893225195, 'ign_c': 0.8887528367606875, 'trop_agb_crit': 11.808933538623418, 'trop_k_veg': 0.5720194794826143, 'pop_amp': 0.005611741605763814, 'pop_peak': 0.08504358681565545, 'pop_sig': 1.2716428654155094, 'fuel_k': 0.6402309416135591, 'fuel_half': 70.18816718874844}. Best is trial 0 with value: -0.6094076133578652.
  trial  473/2500  best_overall=0.6094  (12.9 min)
[I 2026-08-19 17:11:20,610] Trial 473 finished with value: 0.47863446533571286 and parameters: {'k1': 0.0014095558615222826, 'D_low': 1.2481522336547028, 'k2': 0.008193979221263617, 'D_high': 8194233.5110851955, 'fire_exp': 1.8765201966367562, 'P_half': 1.1656469006139172, 'pre_dampen_half': 0.14492079653799964, 'gpp_af': 16.12628754218335, 'gpp_b': 0.00035665793067872253, 'gpp_d': 4.566611213633937, 'ign_k': 1.492964117236086, 'ign_c': 0.11073454417325392, 'trop_agb_crit': 10.310720650626548, 'trop_k_veg': 3.328114675242948, 'pop_amp': 0.4929812594512814, 'pop_peak': 38.054703412718005, 'pop_sig': 1.4385692540127482, 'fuel_k': 0.5705248607363604, 'fuel_half': 16.857946286672448}. Best is trial 0 with value: -0.6094076133578652.
[I 2026-08-19 17:11:22,173] Trial 474 finished with value: -0.5631909111342812 and parameters: {'k1': 0.012401803978885762, 'D_low': 3.6196772645238657, 'k2': 0.0008752893911963581, 'D_high': 115351.04171704687, 'fire_exp': 1.5186275817274213, 'P_half': 6.726528518291598, 'pre_dampen_half': 0.2924062288094552, 'gpp_af': 0.0025598868159194474, 'gpp_b': 5.509903873772555e-05, 'gpp_d': 63.172747149932164, 'ign_k': 1.5670104015290605, 'ign_c': 0.17122940220762234, 'trop_agb_crit': 1.7627367239051341, 'trop_k_veg': 0.8746694420631007, 'pop_amp': 3.810502373499508, 'pop_peak': 0.14253225135692343, 'pop_sig': 0.8488695935164454, 'fuel_k': 0.08944963943471478, 'fuel_half': 9.630619264608422}. Best is trial 0 with value: -0.6094076133578652.
[I 2026-08-19 17:11:23,795] Trial 475 finished with value: 0.5789277445100784 and parameters: {'k1': 0.0001583740966884834, 'D_low': 1179.9884018305895, 'k2': 5.939136196634953e-05, 'D_high': 5584065.023189343, 'fire_exp': 1.5624648826771168, 'P_half': 7542.140675542405, 'pre_dampen_half': 0.014274609977192177, 'gpp_af': 0.02038594283574989, 'gpp_b': 0.0005577380416820737, 'gpp_d': 296.00999472015656, 'ign_k': 0.022710006763501146, 'ign_c': 24.492400070161253, 'trop_agb_crit': 3.649446856598067, 'trop_k_veg': 4.1966843423457405, 'pop_amp': 1.0081544165785918, 'pop_peak': 1.4867160876839773, 'pop_sig': 0.5585166913895553, 'fuel_k': 2.596214542008764, 'fuel_half': 0.18898270458103478}. Best is trial 0 with value: -0.6094076133578652.
[I 2026-08-19 17:11:25,368] Trial 476 finished with value: 0.4396639914139674 and parameters: {'k1': 0.05514749086938305, 'D_low': 3.684107592819583, 'k2': 0.002239961894877225, 'D_high': 402742.4586420639, 'fire_exp': 1.23452573337711, 'P_half': 5.115423549535289, 'pre_dampen_half': 0.09989688769043172, 'gpp_af': 0.030943450047452744, 'gpp_b': 0.00018399917357753433, 'gpp_d': 100.40725459146185, 'ign_k': 0.8901598974952707, 'ign_c': 0.11079596825849203, 'trop_agb_crit': 2.2602434656056873, 'trop_k_veg': 2.392306047768641, 'pop_amp': 1.290342685257847, 'pop_peak': 0.1267251065603511, 'pop_sig': 0.910344119330803, 'fuel_k': 0.02027479877430632, 'fuel_half': 18.631872656464218}. Best is trial 0 with value: -0.6094076133578652.
[I 2026-08-19 17:11:26,947] Trial 477 finished with value: 0.5247452340711621 and parameters: {'k1': 0.019496802184073497, 'D_low': 3.518320600921452, 'k2': 9.910159369721983e-05, 'D_high': 79454.82353721447, 'fire_exp': 1.1367723446511777, 'P_half': 6.4766851100317435, 'pre_dampen_half': 0.03375913170651756, 'gpp_af': 0.004310254668241769, 'gpp_b': 0.00014517401187843972, 'gpp_d': 10.419368958422334, 'ign_k': 6.7894511428729585, 'ign_c': 1.7732911666913198, 'trop_agb_crit': 1.4587847912664438, 'trop_k_veg': 0.6755894896142473, 'pop_amp': 1.189948835017535, 'pop_peak': 0.2540503362184138, 'pop_sig': 0.8402816553052146, 'fuel_k': 0.03340760789834234, 'fuel_half': 10.14950607893161}. Best is trial 0 with value: -0.6094076133578652.
[I 2026-08-19 17:11:28,527] Trial 478 finished with value: 0.4388641045015179 and parameters: {'k1': 0.0010488494410585726, 'D_low': 309.8465217442903, 'k2': 0.0008755806370815481, 'D_high': 421749.16122979973, 'fire_exp': 4.433938534300857, 'P_half': 24.33039103816752, 'pre_dampen_half': 6.508104686596623, 'gpp_af': 0.0030768684002376347, 'gpp_b': 9.280225778958816e-05, 'gpp_d': 13.515861677630225, 'ign_k': 0.16754063955580512, 'ign_c': 1.805260525468035, 'trop_agb_crit': 9.232580514336526, 'trop_k_veg': 3.17021587831946, 'pop_amp': 0.01975060453980776, 'pop_peak': 25.838908173429413, 'pop_sig': 0.9467965347931944, 'fuel_k': 0.1967922165726687, 'fuel_half': 0.266614176596811}. Best is trial 0 with value: -0.6094076133578652.
[I 2026-08-19 17:11:30,062] Trial 479 finished with value: -0.4833675556531222 and parameters: {'k1': 0.0022172304713137265, 'D_low': 1.6595941384807684, 'k2': 0.0055820943692427745, 'D_high': 4586412.355108153, 'fire_exp': 1.3540128879139328, 'P_half': 1.3676495904455668, 'pre_dampen_half': 0.027035414993809643, 'gpp_af': 0.9449998050414192, 'gpp_b': 0.00015739926150350168, 'gpp_d': 0.0528787297641768, 'ign_k': 0.27911248786941983, 'ign_c': 0.3668486022759033, 'trop_agb_crit': 1.0738097738186467, 'trop_k_veg': 1.3520443140313672, 'pop_amp': 4.752174909761399, 'pop_peak': 0.4288490489784509, 'pop_sig': 1.1265877301529272, 'fuel_k': 0.010073196976025328, 'fuel_half': 2.844243523160095}. Best is trial 0 with value: -0.6094076133578652.
[I 2026-08-19 17:11:31,644] Trial 480 finished with value: 0.43495808736049046 and parameters: {'k1': 0.0004109744106441379, 'D_low': 157.016205930439, 'k2': 0.03757390742356726, 'D_high': 9714730.613064284, 'fire_exp': 1.194795892540101, 'P_half': 5.604893506875054, 'pre_dampen_half': 0.04419617229082149, 'gpp_af': 21.528037643126602, 'gpp_b': 0.03220051728929577, 'gpp_d': 270.92074503135564, 'ign_k': 0.15165314741979805, 'ign_c': 0.48450524815458124, 'trop_agb_crit': 16.163476142281866, 'trop_k_veg': 1.0172145371467158, 'pop_amp': 1.3843671944097196, 'pop_peak': 0.3206498519393301, 'pop_sig': 1.0782401317141375, 'fuel_k': 5.643277852763572, 'fuel_half': 27.0513178699}. Best is trial 0 with value: -0.6094076133578652.
[I 2026-08-19 17:11:33,206] Trial 481 finished with value: -0.576428187069449 and parameters: {'k1': 0.00034926742666498264, 'D_low': 1.9402699577519626, 'k2': 0.003130951236628501, 'D_high': 3943682.6379414224, 'fire_exp': 1.483993319077428, 'P_half': 14.04465804800752, 'pre_dampen_half': 0.44441992219327786, 'gpp_af': 9.755657151043637, 'gpp_b': 0.00023118934351634636, 'gpp_d': 974.7559648996471, 'ign_k': 0.26396763977218557, 'ign_c': 6.53326129673056, 'trop_agb_crit': 11.125973869320369, 'trop_k_veg': 2.4832149229363556, 'pop_amp': 0.10212944513931237, 'pop_peak': 0.7784085291800482, 'pop_sig': 1.1321294666700403, 'fuel_k': 1.5987542885742088, 'fuel_half': 59.23152839990943}. Best is trial 0 with value: -0.6094076133578652.
[I 2026-08-19 17:11:34,812] Trial 482 finished with value: 0.5752100338001533 and parameters: {'k1': 0.007913762437851109, 'D_low': 434.9455493975295, 'k2': 1.050121720486155e-05, 'D_high': 4165126.7128878813, 'fire_exp': 8.126793611661727, 'P_half': 1.4874121346752534, 'pre_dampen_half': 0.10556866281544298, 'gpp_af': 0.001873877465915231, 'gpp_b': 2.215646694748031e-05, 'gpp_d': 3.227770321076338, 'ign_k': 0.0328163827094762, 'ign_c': 0.41487421316842554, 'trop_agb_crit': 4.207362439138218, 'trop_k_veg': 0.7504883099801188, 'pop_amp': 13.378272570496804, 'pop_peak': 8.181082458956933, 'pop_sig': 2.3128619111333246, 'fuel_k': 0.10902785752255172, 'fuel_half': 1.0756471492923723}. Best is trial 0 with value: -0.6094076133578652.
[I 2026-08-19 17:11:36,389] Trial 483 finished with value: 0.486379807450002 and parameters: {'k1': 0.006170574375148771, 'D_low': 6.238795538591004, 'k2': 0.09478598548140342, 'D_high': 66017.0528194216, 'fire_exp': 1.1466349779996456, 'P_half': 26.95147855897248, 'pre_dampen_half': 15.473787985428169, 'gpp_af': 0.39769478197004937, 'gpp_b': 0.0006884249850997869, 'gpp_d': 0.3357001115327491, 'ign_k': 1.4114149812240253, 'ign_c': 0.1328781245637611, 'trop_agb_crit': 3.122193096887511, 'trop_k_veg': 0.90150974015973, 'pop_amp': 0.011997007232533333, 'pop_peak': 0.8736426750794344, 'pop_sig': 1.7973078067299593, 'fuel_k': 0.09711375890343112, 'fuel_half': 71.98380023028818}. Best is trial 0 with value: -0.6094076133578652.
[I 2026-08-19 17:11:37,963] Trial 484 finished with value: 0.587048317526502 and parameters: {'k1': 0.00033119185211142514, 'D_low': 16.292792134760866, 'k2': 0.00477235715901248, 'D_high': 282108.2613902545, 'fire_exp': 1.184654970090732, 'P_half': 96.96581262763142, 'pre_dampen_half': 1.1841238616012004, 'gpp_af': 6.095219799266923, 'gpp_b': 0.006956114740927119, 'gpp_d': 356.1780635465321, 'ign_k': 0.1554445129382891, 'ign_c': 71.52561445672701, 'trop_agb_crit': 25.270813556102695, 'trop_k_veg': 3.961176878647372, 'pop_amp': 0.5452327562781863, 'pop_peak': 0.09130310276397068, 'pop_sig': 1.0571648307231123, 'fuel_k': 3.938785180231288, 'fuel_half': 85.77283072088612}. Best is trial 0 with value: -0.6094076133578652.
[I 2026-08-19 17:11:39,548] Trial 485 finished with value: 0.5918687157151202 and parameters: {'k1': 0.006380289336912422, 'D_low': 609.5155211233292, 'k2': 0.04461519823073962, 'D_high': 564669.837837179, 'fire_exp': 1.8913655914137586, 'P_half': 2509.687153744498, 'pre_dampen_half': 0.8427769369552348, 'gpp_af': 0.30823643399853706, 'gpp_b': 0.9216442692163851, 'gpp_d': 8.045587188611947, 'ign_k': 2.7271991717614577, 'ign_c': 0.19530492426285342, 'trop_agb_crit': 5.29334139827782, 'trop_k_veg': 0.644785104765445, 'pop_amp': 0.3632093574503371, 'pop_peak': 0.10161200201398908, 'pop_sig': 1.3517216374678829, 'fuel_k': 0.07842675834128451, 'fuel_half': 25.81997944670172}. Best is trial 0 with value: -0.6094076133578652.
  trial  486/2500  best_overall=0.6094  (13.3 min)
[I 2026-08-19 17:11:41,245] Trial 486 finished with value: 0.5783381078358666 and parameters: {'k1': 1.7931427832850468e-05, 'D_low': 116863.80175803512, 'k2': 0.00025143635576728375, 'D_high': 8692874.755802307, 'fire_exp': 1.8328593131821769, 'P_half': 1793.2697029795213, 'pre_dampen_half': 7.1426561375401105, 'gpp_af': 0.386526931724975, 'gpp_b': 2.430873452814896e-05, 'gpp_d': 62.876671670899974, 'ign_k': 7.11645486423337, 'ign_c': 18.233816224780888, 'trop_agb_crit': 15.79857069570729, 'trop_k_veg': 1.8733672397974865, 'pop_amp': 0.006839716242286781, 'pop_peak': 37.1930403522982, 'pop_sig': 0.8629657309151656, 'fuel_k': 1.0499452128092608, 'fuel_half': 0.17896902351050573}. Best is trial 0 with value: -0.6094076133578652.
[I 2026-08-19 17:11:42,827] Trial 487 finished with value: 0.4529772093674631 and parameters: {'k1': 0.005798536790042187, 'D_low': 891.5088140603339, 'k2': 0.006550023987806607, 'D_high': 6714572.509904, 'fire_exp': 1.0293299118438568, 'P_half': 39.737729280757655, 'pre_dampen_half': 0.16368076421907204, 'gpp_af': 0.022337415759209764, 'gpp_b': 0.0003272511931844041, 'gpp_d': 11.116916810732592, 'ign_k': 1.0028418087557727, 'ign_c': 0.514465831212012, 'trop_agb_crit': 4.264824887113197, 'trop_k_veg': 1.8889531148418157, 'pop_amp': 0.07632820882872739, 'pop_peak': 10.268062563590908, 'pop_sig': 1.3019288854278057, 'fuel_k': 0.02773553607613086, 'fuel_half': 5.948958988250531}. Best is trial 0 with value: -0.6094076133578652.
[I 2026-08-19 17:11:44,392] Trial 488 finished with value: 0.4835460654312066 and parameters: {'k1': 0.00212604400422736, 'D_low': 4.151815569005037, 'k2': 0.00316747130435696, 'D_high': 8475152.894760797, 'fire_exp': 1.2026336784923317, 'P_half': 4.359418846589685, 'pre_dampen_half': 0.020307878723778178, 'gpp_af': 2.799631325745411, 'gpp_b': 0.0013186746522639607, 'gpp_d': 461.8121134824286, 'ign_k': 0.5757371788742915, 'ign_c': 1.8039067497871806, 'trop_agb_crit': 7.405316763138267, 'trop_k_veg': 2.53349147536707, 'pop_amp': 0.008526674438162912, 'pop_peak': 0.10191096756796189, 'pop_sig': 1.2659927834945863, 'fuel_k': 0.8068465241345666, 'fuel_half': 55.75605312757303}. Best is trial 0 with value: -0.6094076133578652.
[I 2026-08-19 17:11:45,959] Trial 489 finished with value: 0.4136907683223553 and parameters: {'k1': 4.55768161165859e-05, 'D_low': 26.533074239409547, 'k2': 0.0014468365506366625, 'D_high': 479852.15366122907, 'fire_exp': 1.9229184620924766, 'P_half': 104.16233895961585, 'pre_dampen_half': 16.670940004250234, 'gpp_af': 18.51206235505546, 'gpp_b': 0.005051111245488606, 'gpp_d': 439.510037966053, 'ign_k': 0.2631755356583376, 'ign_c': 0.4445489103351748, 'trop_agb_crit': 22.967482406548854, 'trop_k_veg': 2.606979429052822, 'pop_amp': 0.006082244324784315, 'pop_peak': 0.11164053929067644, 'pop_sig': 0.7799197577215043, 'fuel_k': 0.4854910539763416, 'fuel_half': 8.510782943086928}. Best is trial 0 with value: -0.6094076133578652.
[I 2026-08-19 17:11:47,530] Trial 490 finished with value: 0.5508434175045497 and parameters: {'k1': 0.01401818783400504, 'D_low': 35.96241542775171, 'k2': 0.008637340569815147, 'D_high': 2194.3266798847144, 'fire_exp': 1.4771673297453891, 'P_half': 20.81825647746397, 'pre_dampen_half': 2.550098297579691, 'gpp_af': 0.012742153926101545, 'gpp_b': 0.0002315089026518023, 'gpp_d': 6.0317140437061125, 'ign_k': 0.8840981810753649, 'ign_c': 0.24964270274720207, 'trop_agb_crit': 3.3267532052338806, 'trop_k_veg': 0.5835616217396379, 'pop_amp': 11.4950936162394, 'pop_peak': 1.4116318555946232, 'pop_sig': 0.7065167616529467, 'fuel_k': 0.042656992117595244, 'fuel_half': 16.71396847542874}. Best is trial 0 with value: -0.6094076133578652.
[I 2026-08-19 17:11:49,095] Trial 491 finished with value: 0.5135437321410234 and parameters: {'k1': 0.002677414385030254, 'D_low': 251.16517100356967, 'k2': 0.0021223763266323974, 'D_high': 4744.007809111072, 'fire_exp': 1.1162413686588222, 'P_half': 5.229518484932885, 'pre_dampen_half': 0.7437541536940417, 'gpp_af': 0.0013834153710087498, 'gpp_b': 1.4291674255919473e-05, 'gpp_d': 220.70007422990636, 'ign_k': 1.172326291702609, 'ign_c': 0.34339504924925285, 'trop_agb_crit': 1.3813734269728386, 'trop_k_veg': 1.2491524378726893, 'pop_amp': 12.258114296888596, 'pop_peak': 0.21187645873417651, 'pop_sig': 0.7407086626098653, 'fuel_k': 0.048950782290005636, 'fuel_half': 2.067045479017791}. Best is trial 0 with value: -0.6094076133578652.
