[I 2026-06-11 13:00:42,329] Trial 858 finished with values: [10.702186957339457, 10.702186957339457] and parameters: {'k1': 0.03648456083047798, 'D_low': 235.39834531862078, 'k2': 0.0012030178871154666, 'D_high': 6682.9607218310075, 'fire_exp': 1.2060040899560858, 'P_half': 436.4516946807792, 'pre_dampen_half': 75.10418138777538, 'gpp_af': 0.009525547092124444, 'gpp_b': 0.00019552902383918484, 'gpp_d': 3.257094673454639, 'ign_k': 0.09256855841989636, 'ign_c': 1.364908766641693, 'trop_agb_crit': 12.9667438075127, 'trop_k_veg': 1.056284487623406, 'fire_amp': 2.7806853670293616}.
[I 2026-06-11 13:00:43,246] Trial 859 finished with values: [10.17438066533241, 10.17438066533241] and parameters: {'k1': 0.05347027553411487, 'D_low': 236.79352040223893, 'k2': 0.0012030178871154666, 'D_high': 31301.15118850836, 'fire_exp': 1.2798881300289222, 'P_half': 436.4516946807792, 'pre_dampen_half': 75.10418138777538, 'gpp_af': 0.41874665092828456, 'gpp_b': 0.0002637687576667052, 'gpp_d': 0.7698760608299932, 'ign_k': 4.869640941520899, 'ign_c': 2.2882309479728957, 'trop_agb_crit': 21.086120736447015, 'trop_k_veg': 6.030247256556128, 'fire_amp': 1.7912500010961188}.
[I 2026-06-11 13:00:44,176] Trial 860 finished with values: [10.76905203419006, 10.76905203419006] and parameters: {'k1': 0.03648456083047798, 'D_low': 236.79352040223893, 'k2': 0.0012030178871154666, 'D_high': 6682.9607218310075, 'fire_exp': 1.2798881300289222, 'P_half': 436.4516946807792, 'pre_dampen_half': 0.011497512044959184, 'gpp_af': 2.5017068255320485, 'gpp_b': 0.015062722325200045, 'gpp_d': 34.18897529667503, 'ign_k': 4.869640941520899, 'ign_c': 1.364908766641693, 'trop_agb_crit': 2.100813292597435, 'trop_k_veg': 0.975900407343733, 'fire_amp': 2.7806853670293616}.
[I 2026-06-11 13:00:45,075] Trial 861 finished with values: [10.635616321090973, 10.635616321090973] and parameters: {'k1': 0.08006837661379566, 'D_low': 235.39834531862078, 'k2': 0.0012030178871154666, 'D_high': 6682.9607218310075, 'fire_exp': 1.2060040899560858, 'P_half': 8007.464457322735, 'pre_dampen_half': 79.2915624488668, 'gpp_af': 0.007531064950403672, 'gpp_b': 1.4008921101492135e-05, 'gpp_d': 1.4397852866783676, 'ign_k': 1.6074906204277295, 'ign_c': 1.364908766641693, 'trop_agb_crit': 26.146349182924812, 'trop_k_veg': 2.6508357486965424, 'fire_amp': 1.7912500010961188}.
[I 2026-06-11 13:00:45,976] Trial 862 finished with values: [10.356943681639645, 10.356943681639645] and parameters: {'k1': 0.05347027553411487, 'D_low': 146.24004590125713, 'k2': 0.0012030178871154666, 'D_high': 32311.521854410956, 'fire_exp': 1.2798881300289222, 'P_half': 114.62237838612074, 'pre_dampen_half': 8.259599205585761, 'gpp_af': 0.060029341913968644, 'gpp_b': 5.0875243087016374e-05, 'gpp_d': 0.1619054449471649, 'ign_k': 0.037151317999473285, 'ign_c': 22.126836566118193, 'trop_agb_crit': 21.086120736447015, 'trop_k_veg': 0.5588127200017643, 'fire_amp': 1.7912500010961188}.
[I 2026-06-11 13:00:46,894] Trial 863 finished with values: [10.140532463674669, 10.140532463674669] and parameters: {'k1': 0.0012752949611679993, 'D_low': 236.79352040223893, 'k2': 0.0036014695835220327, 'D_high': 6682.9607218310075, 'fire_exp': 1.2060040899560858, 'P_half': 3.591771421517613, 'pre_dampen_half': 2.7496044350174866, 'gpp_af': 2.5017068255320485, 'gpp_b': 0.001674375583895437, 'gpp_d': 1.4397852866783676, 'ign_k': 0.0032383308053152635, 'ign_c': 0.2747544877072544, 'trop_agb_crit': 1.8023542850487386, 'trop_k_veg': 0.6108091740265464, 'fire_amp': 2.7806853670293616}.
[I 2026-06-11 13:00:48,145] Trial 864 finished with values: [10.357619338970949, 10.357619338970949] and parameters: {'k1': 0.0012752949611679993, 'D_low': 236.79352040223893, 'k2': 0.0036014695835220327, 'D_high': 6682.9607218310075, 'fire_exp': 1.2798881300289222, 'P_half': 436.4516946807792, 'pre_dampen_half': 189.36639872354493, 'gpp_af': 2.5017068255320485, 'gpp_b': 0.001674375583895437, 'gpp_d': 0.7698760608299932, 'ign_k': 0.09256855841989636, 'ign_c': 1.364908766641693, 'trop_agb_crit': 1.8023542850487386, 'trop_k_veg': 1.6648666152166967, 'fire_amp': 2.7806853670293616}.
[I 2026-06-11 13:00:49,078] Trial 865 finished with values: [10.76923076888676, 10.76923076888676] and parameters: {'k1': 0.03648456083047798, 'D_low': 155.5385177474217, 'k2': 0.019383858782150494, 'D_high': 1266.9536563782303, 'fire_exp': 1.2798881300289222, 'P_half': 1.4551749476072258, 'pre_dampen_half': 189.36639872354493, 'gpp_af': 0.41874665092828456, 'gpp_b': 0.005324318259022292, 'gpp_d': 1.4397852866783676, 'ign_k': 0.09256855841989636, 'ign_c': 238.46702350126745, 'trop_agb_crit': 1.8023542850487386, 'trop_k_veg': 6.963655030926962, 'fire_amp': 2.7806853670293616}.
[I 2026-06-11 13:00:49,995] Trial 866 finished with values: [11.072579949871107, 11.072579949871107] and parameters: {'k1': 0.016973078532467004, 'D_low': 146.24004590125713, 'k2': 0.0012030178871154666, 'D_high': 6682.9607218310075, 'fire_exp': 1.2060040899560858, 'P_half': 436.4516946807792, 'pre_dampen_half': 189.36639872354493, 'gpp_af': 2.5017068255320485, 'gpp_b': 0.001674375583895437, 'gpp_d': 1.4397852866783676, 'ign_k': 0.09256855841989636, 'ign_c': 0.24679157131719837, 'trop_agb_crit': 1.8023542850487386, 'trop_k_veg': 0.5588127200017643, 'fire_amp': 2.3984211831442845}.
[I 2026-06-11 13:00:50,897] Trial 867 finished with values: [-0.6384968359849141, 0.06250316545903789] and parameters: {'k1': 0.03648456083047798, 'D_low': 235.39834531862078, 'k2': 0.0012030178871154666, 'D_high': 6682.9607218310075, 'fire_exp': 1.2798881300289222, 'P_half': 436.4516946807792, 'pre_dampen_half': 75.10418138777538, 'gpp_af': 0.41874665092828456, 'gpp_b': 0.015062722325200045, 'gpp_d': 0.7698760608299932, 'ign_k': 4.869640941520899, 'ign_c': 1.364908766641693, 'trop_agb_crit': 2.100813292597435, 'trop_k_veg': 6.030247256556128, 'fire_amp': 1.7912500010961188}.
[I 2026-06-11 13:00:51,817] Trial 868 finished with values: [10.28863228283602, 10.28863228283602] and parameters: {'k1': 0.03648456083047798, 'D_low': 236.79352040223893, 'k2': 0.019383858782150494, 'D_high': 6682.9607218310075, 'fire_exp': 1.4126958348191876, 'P_half': 114.62237838612074, 'pre_dampen_half': 8.259599205585761, 'gpp_af': 0.41874665092828456, 'gpp_b': 5.0875243087016374e-05, 'gpp_d': 0.1619054449471649, 'ign_k': 4.869640941520899, 'ign_c': 1.364908766641693, 'trop_agb_crit': 21.086120736447015, 'trop_k_veg': 0.5588127200017643, 'fire_amp': 1.7912500010961188}.
[I 2026-06-11 13:00:52,721] Trial 869 finished with values: [10.093624930136064, 10.093624930136064] and parameters: {'k1': 0.05347027553411487, 'D_low': 236.79352040223893, 'k2': 0.0012030178871154666, 'D_high': 31301.15118850836, 'fire_exp': 1.2798881300289222, 'P_half': 436.4516946807792, 'pre_dampen_half': 79.2915624488668, 'gpp_af': 0.007531064950403672, 'gpp_b': 0.0002637687576667052, 'gpp_d': 0.7698760608299932, 'ign_k': 4.869640941520899, 'ign_c': 1.364908766641693, 'trop_agb_crit': 12.9667438075127, 'trop_k_veg': 6.030247256556128, 'fire_amp': 1.7912500010961188}.
[I 2026-06-11 13:00:53,658] Trial 870 finished with values: [-0.5921972552192185, 0.08753608182879402] and parameters: {'k1': 0.08006837661379566, 'D_low': 236.79352040223893, 'k2': 0.019383858782150494, 'D_high': 6682.9607218310075, 'fire_exp': 1.2060040899560858, 'P_half': 3.591771421517613, 'pre_dampen_half': 4.847666216751353, 'gpp_af': 2.5017068255320485, 'gpp_b': 0.001674375583895437, 'gpp_d': 1.4397852866783676, 'ign_k': 0.0032383308053152635, 'ign_c': 2.226297338331262, 'trop_agb_crit': 2.100813292597435, 'trop_k_veg': 2.6508357486965424, 'fire_amp': 2.7806853670293616}.
[I 2026-06-11 13:00:54,598] Trial 871 finished with values: [-0.42029495637848363, 0.17070783636731446] and parameters: {'k1': 0.03648456083047798, 'D_low': 19.89315688058566, 'k2': 0.020149789847008874, 'D_high': 6682.9607218310075, 'fire_exp': 1.2798881300289222, 'P_half': 436.4516946807792, 'pre_dampen_half': 75.10418138777538, 'gpp_af': 0.060029341913968644, 'gpp_b': 0.015062722325200045, 'gpp_d': 0.7698760608299932, 'ign_k': 0.0032383308053152635, 'ign_c': 1.364908766641693, 'trop_agb_crit': 12.279079504118675, 'trop_k_veg': 6.030247256556128, 'fire_amp': 1.7912500010961188}.
[I 2026-06-11 13:00:55,562] Trial 872 finished with values: [11.32170844087358, 11.32170844087358] and parameters: {'k1': 0.03648456083047798, 'D_low': 80.1811936889058, 'k2': 0.019383858782150494, 'D_high': 6682.9607218310075, 'fire_exp': 1.2798881300289222, 'P_half': 3.591771421517613, 'pre_dampen_half': 79.2915624488668, 'gpp_af': 0.07576025464197739, 'gpp_b': 0.015062722325200045, 'gpp_d': 0.7698760608299932, 'ign_k': 0.09256855841989636, 'ign_c': 1.364908766641693, 'trop_agb_crit': 2.100813292597435, 'trop_k_veg': 1.056284487623406, 'fire_amp': 1.7912500010961188}.
[I 2026-06-11 13:00:56,545] Trial 873 finished with values: [10.096921167873102, 10.096921167873102] and parameters: {'k1': 0.08006837661379566, 'D_low': 236.79352040223893, 'k2': 0.049094038862232466, 'D_high': 6682.9607218310075, 'fire_exp': 1.2060040899560858, 'P_half': 3.591771421517613, 'pre_dampen_half': 4.847666216751353, 'gpp_af': 0.41874665092828456, 'gpp_b': 0.001674375583895437, 'gpp_d': 0.1619054449471649, 'ign_k': 0.0032383308053152635, 'ign_c': 1.364908766641693, 'trop_agb_crit': 21.086120736447015, 'trop_k_veg': 1.056284487623406, 'fire_amp': 2.7806853670293616}.
[I 2026-06-11 13:00:57,495] Trial 874 finished with values: [-0.6884199756972835, 0.08603093546748963] and parameters: {'k1': 0.016973078532467004, 'D_low': 235.39834531862078, 'k2': 0.019383858782150494, 'D_high': 6682.9607218310075, 'fire_exp': 1.2060040899560858, 'P_half': 436.4516946807792, 'pre_dampen_half': 189.36639872354493, 'gpp_af': 0.41874665092828456, 'gpp_b': 0.015062722325200045, 'gpp_d': 0.7698760608299932, 'ign_k': 0.09256855841989636, 'ign_c': 1.364908766641693, 'trop_agb_crit': 3.3933702290907823, 'trop_k_veg': 1.056284487623406, 'fire_amp': 1.7912500010961188}.
[I 2026-06-11 13:00:58,493] Trial 875 finished with values: [10.270750166455077, 10.270750166455077] and parameters: {'k1': 0.0003783599106879794, 'D_low': 146.24004590125713, 'k2': 0.004679501568332817, 'D_high': 1266.9536563782303, 'fire_exp': 1.2798881300289222, 'P_half': 436.4516946807792, 'pre_dampen_half': 121.93011993958949, 'gpp_af': 0.41874665092828456, 'gpp_b': 0.00031478066835753096, 'gpp_d': 0.7698760608299932, 'ign_k': 4.869640941520899, 'ign_c': 11.903394335305014, 'trop_agb_crit': 28.779217872092953, 'trop_k_veg': 1.6648666152166967, 'fire_amp': 1.7912500010961188}.
[I 2026-06-11 13:00:59,463] Trial 876 finished with values: [-0.5246436611944909, 0.15213632590824133] and parameters: {'k1': 0.0006883147458933808, 'D_low': 236.79352040223893, 'k2': 0.019383858782150494, 'D_high': 6682.9607218310075, 'fire_exp': 1.2060040899560858, 'P_half': 3.591771421517613, 'pre_dampen_half': 4.847666216751353, 'gpp_af': 2.5017068255320485, 'gpp_b': 0.001674375583895437, 'gpp_d': 304.7488318185732, 'ign_k': 0.0032383308053152635, 'ign_c': 2.226297338331262, 'trop_agb_crit': 2.100813292597435, 'trop_k_veg': 0.828441460847982, 'fire_amp': 2.7806853670293616}.
[I 2026-06-11 13:01:01,108] Trial 877 finished with values: [10.76923076888676, 10.76923076888676] and parameters: {'k1': 0.03648456083047798, 'D_low': 476.3737484593719, 'k2': 0.0007731571570012607, 'D_high': 31301.15118850836, 'fire_exp': 1.1633452995374232, 'P_half': 3.591771421517613, 'pre_dampen_half': 37.40930273158252, 'gpp_af': 0.009525547092124444, 'gpp_b': 0.015062722325200045, 'gpp_d': 304.7488318185732, 'ign_k': 0.29415751391396583, 'ign_c': 138.05946158117075, 'trop_agb_crit': 8.0091368834625, 'trop_k_veg': 1.056284487623406, 'fire_amp': 1.5587346124822492}.
[I 2026-06-11 13:01:02,339] Trial 878 finished with values: [10.76651295553072, 10.76651295553072] and parameters: {'k1': 0.016973078532467004, 'D_low': 235.39834531862078, 'k2': 0.019383858782150494, 'D_high': 32311.521854410956, 'fire_exp': 7.7998219494546595, 'P_half': 114.62237838612074, 'pre_dampen_half': 75.10418138777538, 'gpp_af': 0.41874665092828456, 'gpp_b': 0.015062722325200045, 'gpp_d': 0.7698760608299932, 'ign_k': 0.09256855841989636, 'ign_c': 1.364908766641693, 'trop_agb_crit': 3.3933702290907823, 'trop_k_veg': 1.056284487623406, 'fire_amp': 5.538534697983617}.
[I 2026-06-11 13:01:03,446] Trial 879 finished with values: [-0.6741353580345888, 0.06292705128552634] and parameters: {'k1': 0.03648456083047798, 'D_low': 235.39834531862078, 'k2': 0.019383858782150494, 'D_high': 6682.9607218310075, 'fire_exp': 1.2798881300289222, 'P_half': 436.4516946807792, 'pre_dampen_half': 75.10418138777538, 'gpp_af': 2.5017068255320485, 'gpp_b': 0.015062722325200045, 'gpp_d': 1.4397852866783676, 'ign_k': 4.869640941520899, 'ign_c': 1.364908766641693, 'trop_agb_crit': 1.8023542850487386, 'trop_k_veg': 6.030247256556128, 'fire_amp': 1.7912500010961188}.
[I 2026-06-11 13:01:04,598] Trial 880 finished with values: [10.769111441055918, 10.769111441055918] and parameters: {'k1': 0.03648456083047798, 'D_low': 236.79352040223893, 'k2': 0.020149789847008874, 'D_high': 6682.9607218310075, 'fire_exp': 6.122141825699288, 'P_half': 436.4516946807792, 'pre_dampen_half': 81.30934046917365, 'gpp_af': 0.41874665092828456, 'gpp_b': 0.001674375583895437, 'gpp_d': 0.37760216765950283, 'ign_k': 0.0032383308053152635, 'ign_c': 1.364908766641693, 'trop_agb_crit': 12.9667438075127, 'trop_k_veg': 6.030247256556128, 'fire_amp': 1.7912500010961188}.
[I 2026-06-11 13:01:05,594] Trial 881 finished with values: [10.717735379294812, 10.717735379294812] and parameters: {'k1': 0.05347027553411487, 'D_low': 236.79352040223893, 'k2': 0.019383858782150494, 'D_high': 31301.15118850836, 'fire_exp': 1.2798881300289222, 'P_half': 436.4516946807792, 'pre_dampen_half': 27.58503443495818, 'gpp_af': 0.41874665092828456, 'gpp_b': 0.004222977274601172, 'gpp_d': 0.7698760608299932, 'ign_k': 0.010439567055209046, 'ign_c': 230.93317030826512, 'trop_agb_crit': 1.139620825053645, 'trop_k_veg': 0.5588127200017643, 'fire_amp': 1.7912500010961188}.
[I 2026-06-11 13:01:06,575] Trial 882 finished with values: [10.379102886146832, 10.379102886146832] and parameters: {'k1': 0.04046205802397579, 'D_low': 1.4002277211577039, 'k2': 0.0012030178871154666, 'D_high': 1266.9536563782303, 'fire_exp': 1.2798881300289222, 'P_half': 436.4516946807792, 'pre_dampen_half': 75.10418138777538, 'gpp_af': 0.004531316405029204, 'gpp_b': 1.4008921101492135e-05, 'gpp_d': 1.4397852866783676, 'ign_k': 4.869640941520899, 'ign_c': 11.903394335305014, 'trop_agb_crit': 2.100813292597435, 'trop_k_veg': 1.6648666152166967, 'fire_amp': 2.7806853670293616}.
[I 2026-06-11 13:01:07,529] Trial 883 finished with values: [-0.6752347925324022, 0.05505829831547615] and parameters: {'k1': 0.03648456083047798, 'D_low': 236.79352040223893, 'k2': 0.019383858782150494, 'D_high': 6682.9607218310075, 'fire_exp': 1.2798881300289222, 'P_half': 70.13097205353067, 'pre_dampen_half': 79.2915624488668, 'gpp_af': 0.41874665092828456, 'gpp_b': 0.015062722325200045, 'gpp_d': 0.1619054449471649, 'ign_k': 4.869640941520899, 'ign_c': 1.364908766641693, 'trop_agb_crit': 12.9667438075127, 'trop_k_veg': 6.030247256556128, 'fire_amp': 1.7912500010961188}.
[I 2026-06-11 13:01:08,878] Trial 884 finished with values: [10.76923076888676, 10.76923076888676] and parameters: {'k1': 0.03648456083047798, 'D_low': 146.24004590125713, 'k2': 0.019383858782150494, 'D_high': 1266.9536563782303, 'fire_exp': 1.2060040899560858, 'P_half': 353.8391696694433, 'pre_dampen_half': 79.2915624488668, 'gpp_af': 0.41874665092828456, 'gpp_b': 0.015062722325200045, 'gpp_d': 0.1619054449471649, 'ign_k': 4.869640941520899, 'ign_c': 43.39260158221387, 'trop_agb_crit': 21.086120736447015, 'trop_k_veg': 1.056284487623406, 'fire_amp': 2.7806853670293616}.
[I 2026-06-11 13:01:09,842] Trial 885 finished with values: [-0.6891431714463632, 0.09223115366676182] and parameters: {'k1': 0.05347027553411487, 'D_low': 236.79352040223893, 'k2': 0.019383858782150494, 'D_high': 6682.9607218310075, 'fire_exp': 1.2798881300289222, 'P_half': 436.4516946807792, 'pre_dampen_half': 75.10418138777538, 'gpp_af': 0.41874665092828456, 'gpp_b': 0.002416023630607169, 'gpp_d': 0.7698760608299932, 'ign_k': 3.7954792742512957, 'ign_c': 1.364908766641693, 'trop_agb_crit': 21.086120736447015, 'trop_k_veg': 6.030247256556128, 'fire_amp': 1.7912500010961188}.
[I 2026-06-11 13:01:10,791] Trial 886 finished with values: [10.596391803311246, 10.596391803311246] and parameters: {'k1': 0.016973078532467004, 'D_low': 146.24004590125713, 'k2': 0.019383858782150494, 'D_high': 32311.521854410956, 'fire_exp': 1.111738490499784, 'P_half': 114.62237838612074, 'pre_dampen_half': 189.36639872354493, 'gpp_af': 3.298293484806585, 'gpp_b': 0.015062722325200045, 'gpp_d': 0.1619054449471649, 'ign_k': 0.037151317999473285, 'ign_c': 1.364908766641693, 'trop_agb_crit': 1.8023542850487386, 'trop_k_veg': 1.6648666152166967, 'fire_amp': 2.7806853670293616}.
[I 2026-06-11 13:01:11,725] Trial 887 finished with values: [-0.4752434399951869, 0.1485255884412271] and parameters: {'k1': 0.03648456083047798, 'D_low': 1.7551403048208316, 'k2': 0.0001280886335404798, 'D_high': 1266.9536563782303, 'fire_exp': 1.811096651915224, 'P_half': 51.10120656497163, 'pre_dampen_half': 79.2915624488668, 'gpp_af': 0.007531064950403672, 'gpp_b': 1.4008921101492135e-05, 'gpp_d': 298.943216845222, 'ign_k': 4.869640941520899, 'ign_c': 7.081721844034206, 'trop_agb_crit': 2.100813292597435, 'trop_k_veg': 2.9214381145106936, 'fire_amp': 1.5719333351012774}.
[I 2026-06-11 13:01:12,657] Trial 888 finished with values: [-0.4640876107653673, 0.10495047185021822] and parameters: {'k1': 0.0012752949611679993, 'D_low': 1.4002277211577039, 'k2': 3.152468275632564e-05, 'D_high': 6682.9607218310075, 'fire_exp': 1.14171776851287, 'P_half': 3.591771421517613, 'pre_dampen_half': 9.044346216330972, 'gpp_af': 0.004409093791567215, 'gpp_b': 9.497440085397415e-05, 'gpp_d': 1.4397852866783676, 'ign_k': 7.544827057709847, 'ign_c': 2.2882309479728957, 'trop_agb_crit': 7.332660227137139, 'trop_k_veg': 1.6648666152166967, 'fire_amp': 2.7806853670293616}.
[I 2026-06-11 13:01:13,575] Trial 889 finished with values: [10.26308004017856, 10.26308004017856] and parameters: {'k1': 0.05347027553411487, 'D_low': 236.79352040223893, 'k2': 0.019383858782150494, 'D_high': 31301.15118850836, 'fire_exp': 1.2798881300289222, 'P_half': 436.4516946807792, 'pre_dampen_half': 75.10418138777538, 'gpp_af': 1.1739995320396222, 'gpp_b': 0.015062722325200045, 'gpp_d': 0.7698760608299932, 'ign_k': 4.869640941520899, 'ign_c': 0.29205563600251844, 'trop_agb_crit': 12.9667438075127, 'trop_k_veg': 0.5588127200017643, 'fire_amp': 1.1268480791003903}.
[I 2026-06-11 13:01:14,541] Trial 890 finished with values: [10.410730469809796, 10.410730469809796] and parameters: {'k1': 0.05347027553411487, 'D_low': 236.79352040223893, 'k2': 0.0012030178871154666, 'D_high': 31301.15118850836, 'fire_exp': 1.2798881300289222, 'P_half': 1.859526645713404, 'pre_dampen_half': 79.2915624488668, 'gpp_af': 0.007531064950403672, 'gpp_b': 0.002416023630607169, 'gpp_d': 0.7698760608299932, 'ign_k': 4.869640941520899, 'ign_c': 2.2882309479728957, 'trop_agb_crit': 8.0091368834625, 'trop_k_veg': 1.6003641872536711, 'fire_amp': 1.5587346124822492}.
[I 2026-06-11 13:01:15,480] Trial 891 finished with values: [10.74141515398375, 10.74141515398375] and parameters: {'k1': 0.03648456083047798, 'D_low': 236.79352040223893, 'k2': 0.0011847646505012493, 'D_high': 1817.0401889219124, 'fire_exp': 1.111738490499784, 'P_half': 1.4551749476072258, 'pre_dampen_half': 8.259599205585761, 'gpp_af': 0.060029341913968644, 'gpp_b': 0.002416023630607169, 'gpp_d': 0.7698760608299932, 'ign_k': 3.7954792742512957, 'ign_c': 22.126836566118193, 'trop_agb_crit': 1.8023542850487386, 'trop_k_veg': 0.5588127200017643, 'fire_amp': 1.7912500010961188}.
[I 2026-06-11 13:01:16,417] Trial 892 finished with values: [10.768028283639781, 10.768028283639781] and parameters: {'k1': 0.03648456083047798, 'D_low': 235.39834531862078, 'k2': 0.019383858782150494, 'D_high': 39.872732880952434, 'fire_exp': 1.2060040899560858, 'P_half': 114.62237838612074, 'pre_dampen_half': 189.36639872354493, 'gpp_af': 0.41874665092828456, 'gpp_b': 0.015062722325200045, 'gpp_d': 0.1619054449471649, 'ign_k': 0.09256855841989636, 'ign_c': 1.364908766641693, 'trop_agb_crit': 3.3933702290907823, 'trop_k_veg': 1.056284487623406, 'fire_amp': 1.7912500010961188}.
[I 2026-06-11 13:01:17,319] Trial 893 finished with values: [10.548813831913158, 10.548813831913158] and parameters: {'k1': 0.00890707429605718, 'D_low': 236.79352040223893, 'k2': 0.049094038862232466, 'D_high': 6682.9607218310075, 'fire_exp': 1.2798881300289222, 'P_half': 114.62237838612074, 'pre_dampen_half': 3.640068899312672, 'gpp_af': 0.41874665092828456, 'gpp_b': 0.002416023630607169, 'gpp_d': 0.7698760608299932, 'ign_k': 3.7954792742512957, 'ign_c': 1.364908766641693, 'trop_agb_crit': 21.086120736447015, 'trop_k_veg': 1.056284487623406, 'fire_amp': 1.7912500010961188}.
[I 2026-06-11 13:01:18,245] Trial 894 finished with values: [10.44404965769691, 10.44404965769691] and parameters: {'k1': 0.05347027553411487, 'D_low': 236.79352040223893, 'k2': 0.019383858782150494, 'D_high': 5259.096221580009, 'fire_exp': 1.2798881300289222, 'P_half': 436.4516946807792, 'pre_dampen_half': 9.044346216330972, 'gpp_af': 2.5184956910855436, 'gpp_b': 9.497440085397415e-05, 'gpp_d': 0.47379914349407487, 'ign_k': 0.9419612235978201, 'ign_c': 0.29205563600251844, 'trop_agb_crit': 7.332660227137139, 'trop_k_veg': 0.5588127200017643, 'fire_amp': 1.7912500010961188}.
