[I 2026-08-06 10:13:59,468] Trial 156 finished with values: [10.389381668824376, 10.389381668824376] and parameters: {'k1': 0.012021930484915042, 'D_low': 2.4622754931226587, 'k2': 2.683416249684868e-05, 'D_high': 21.947742689197344, 'fire_exp': 1.1263716762638152, 'P_half': 54.37591736923918, 'pre_dampen_half': 5.048653998722947, 'gpp_af': 1.200191344086032, 'gpp_b': 1.5385046399532158e-05, 'gpp_d': 757.2868182332339, 'ign_k': 0.11619873314872933, 'ign_c': 1.9580595319750387, 'trop_agb_crit': 20.824968728078442, 'trop_k_veg': 1.0345878666211452}.
[I 2026-08-06 10:14:00,616] Trial 157 finished with values: [10.767271307964519, 10.767271307964519] and parameters: {'k1': 0.0002220327882582422, 'D_low': 3.4487261314487374, 'k2': 0.03538758864779238, 'D_high': 91167.68553735342, 'fire_exp': 3.936207012318799, 'P_half': 1.605843632310088, 'pre_dampen_half': 63.6685916079943, 'gpp_af': 0.6403036652671171, 'gpp_b': 0.36422282566934233, 'gpp_d': 2.944272359149677, 'ign_k': 0.12329098365270515, 'ign_c': 4.439802552990464, 'trop_agb_crit': 3.275825291386224, 'trop_k_veg': 0.6743482387129308}.
[I 2026-08-06 10:14:01,741] Trial 158 finished with values: [10.768908995795437, 10.768908995795437] and parameters: {'k1': 5.153993511603138e-05, 'D_low': 7.299348683062307, 'k2': 0.003101429427212743, 'D_high': 455.5085098454081, 'fire_exp': 1.1263716762638152, 'P_half': 9716.212563514906, 'pre_dampen_half': 0.9166964238460105, 'gpp_af': 0.0049748543504537545, 'gpp_b': 0.00431329787498825, 'gpp_d': 56.20854611217179, 'ign_k': 0.07091190338709638, 'ign_c': 1.9580595319750387, 'trop_agb_crit': 14.948114979829949, 'trop_k_veg': 1.9799513595694562}.
[I 2026-08-06 10:14:02,881] Trial 159 finished with values: [10.730791865179018, 10.730791865179018] and parameters: {'k1': 2.316457903103837e-05, 'D_low': 520.4862686958022, 'k2': 0.014344484793173472, 'D_high': 21.947742689197344, 'fire_exp': 1.221575427404682, 'P_half': 712.8188058401365, 'pre_dampen_half': 63.6685916079943, 'gpp_af': 0.6403036652671171, 'gpp_b': 0.22727308251068193, 'gpp_d': 757.2868182332339, 'ign_k': 0.12329098365270515, 'ign_c': 1.9580595319750387, 'trop_agb_crit': 8.997007571451054, 'trop_k_veg': 3.49157152291552}.
[I 2026-08-06 10:14:04,128] Trial 160 finished with values: [10.769230768838547, 10.769230768838547] and parameters: {'k1': 0.06598741607403362, 'D_low': 7.299348683062307, 'k2': 0.00023295358953467695, 'D_high': 455.5085098454081, 'fire_exp': 2.627846918579106, 'P_half': 9.793184984206247, 'pre_dampen_half': 0.9166964238460105, 'gpp_af': 6.155035361040188, 'gpp_b': 0.00431329787498825, 'gpp_d': 757.2868182332339, 'ign_k': 0.07091190338709638, 'ign_c': 391.0363745774181, 'trop_agb_crit': 18.3492792986878, 'trop_k_veg': 1.0264716153881357}.
[I 2026-08-06 10:14:05,285] Trial 161 finished with values: [10.746703899418144, 10.746703899418144] and parameters: {'k1': 0.00031134168041628584, 'D_low': 355.00125258511594, 'k2': 0.003419108473554454, 'D_high': 774.2116473996249, 'fire_exp': 1.3170256885255098, 'P_half': 712.8188058401365, 'pre_dampen_half': 63.6685916079943, 'gpp_af': 1.6059727222314273, 'gpp_b': 0.14577755664212386, 'gpp_d': 5.1715677287580455, 'ign_k': 0.12329098365270515, 'ign_c': 24.398964530167703, 'trop_agb_crit': 1.0693376406863295, 'trop_k_veg': 0.6743482387129308}.
[I 2026-08-06 10:14:06,383] Trial 162 finished with values: [10.7490536294875, 10.7490536294875] and parameters: {'k1': 0.0007883068789768041, 'D_low': 5.6556775246185085, 'k2': 0.0009256855841989632, 'D_high': 259.06510073644523, 'fire_exp': 1.4900535273878766, 'P_half': 2.0461550877877857, 'pre_dampen_half': 8.347790852520644, 'gpp_af': 1.200191344086032, 'gpp_b': 0.06464901394322495, 'gpp_d': 4.79161407246161, 'ign_k': 0.02172578929502367, 'ign_c': 31.874227118134094, 'trop_agb_crit': 5.535964054794066, 'trop_k_veg': 0.7848385206902946}.
[I 2026-08-06 10:14:07,480] Trial 163 finished with values: [10.76801249603789, 10.76801249603789] and parameters: {'k1': 0.00016480446427978953, 'D_low': 1112.9571947046009, 'k2': 8.923807143379776e-05, 'D_high': 8182.111518618414, 'fire_exp': 2.332293128354265, 'P_half': 338.23872019362165, 'pre_dampen_half': 14.711215379121963, 'gpp_af': 0.06789053271698488, 'gpp_b': 3.481277316673104e-05, 'gpp_d': 84.31013932082456, 'ign_k': 0.006290644294586149, 'ign_c': 186.11194462546783, 'trop_agb_crit': 1.14876138417489, 'trop_k_veg': 2.573214588078609}.
[I 2026-08-06 10:14:08,623] Trial 164 finished with values: [10.769230768838547, 10.769230768838547] and parameters: {'k1': 0.0002220327882582422, 'D_low': 33.019434616055364, 'k2': 1.7926680648388784e-05, 'D_high': 2798.2272717049286, 'fire_exp': 5.90081778156971, 'P_half': 1735.792403594532, 'pre_dampen_half': 8.942824595236095, 'gpp_af': 2.555721998081808, 'gpp_b': 0.36422282566934233, 'gpp_d': 9.510288748158525, 'ign_k': 0.07696703458159235, 'ign_c': 4.439802552990464, 'trop_agb_crit': 3.275825291386224, 'trop_k_veg': 3.517697529584014}.
[I 2026-08-06 10:14:09,781] Trial 165 finished with values: [-0.5075996985160928, 0.12930665023434618] and parameters: {'k1': 0.004053638704742309, 'D_low': 64.39790863101601, 'k2': 1.8205657658407255e-05, 'D_high': 3712.591045287726, 'fire_exp': 1.0629462657398439, 'P_half': 220.3445560633069, 'pre_dampen_half': 502.5175192217655, 'gpp_af': 0.7539992074650279, 'gpp_b': 0.12746711578215045, 'gpp_d': 16.460426816350523, 'ign_k': 0.0680787482656459, 'ign_c': 2.957080941494347, 'trop_agb_crit': 1.0455434848969813, 'trop_k_veg': 0.983473833513531}.
[I 2026-08-06 10:14:10,877] Trial 166 finished with values: [10.762279692709594, 10.762279692709594] and parameters: {'k1': 3.511445258128687e-05, 'D_low': 2.6692731167228954, 'k2': 0.00025255166452944054, 'D_high': 2289.1315306837046, 'fire_exp': 2.467425479508436, 'P_half': 65.03622711342449, 'pre_dampen_half': 502.5175192217655, 'gpp_af': 0.15988721385117122, 'gpp_b': 0.012132126638791128, 'gpp_d': 82.84476373292449, 'ign_k': 0.0680787482656459, 'ign_c': 30.785541778315018, 'trop_agb_crit': 18.785197416433792, 'trop_k_veg': 6.889798778165608}.
[I 2026-08-06 10:14:12,059] Trial 167 finished with values: [10.769230768838547, 10.769230768838547] and parameters: {'k1': 0.008287522363768155, 'D_low': 5085.697220189423, 'k2': 0.03538758864779238, 'D_high': 774.2116473996249, 'fire_exp': 1.2171655955604195, 'P_half': 712.8188058401365, 'pre_dampen_half': 63.6685916079943, 'gpp_af': 0.6403036652671171, 'gpp_b': 2.5261484261151592e-05, 'gpp_d': 0.15875524914818662, 'ign_k': 0.006912296717033066, 'ign_c': 5.13055176058983, 'trop_agb_crit': 2.009167401373723, 'trop_k_veg': 0.6743482387129308}.
[I 2026-08-06 10:14:13,176] Trial 168 finished with values: [10.6921621956936, 10.6921621956936] and parameters: {'k1': 0.002155595057104387, 'D_low': 1.9977959434035766, 'k2': 0.0007047307383115598, 'D_high': 8182.111518618414, 'fire_exp': 1.0629462657398439, 'P_half': 221.2683656611821, 'pre_dampen_half': 3.3841016089580034, 'gpp_af': 0.7539992074650279, 'gpp_b': 1.284284091405877e-05, 'gpp_d': 150.14555442537656, 'ign_k': 5.351470428717437, 'ign_c': 18.219343937475102, 'trop_agb_crit': 10.691477813613638, 'trop_k_veg': 1.4584243470991722}.
[I 2026-08-06 10:14:14,274] Trial 169 finished with values: [10.764550675501756, 10.764550675501756] and parameters: {'k1': 0.00016480446427978953, 'D_low': 984.098934375832, 'k2': 0.0005342937261279777, 'D_high': 8182.111518618414, 'fire_exp': 2.346778510892046, 'P_half': 338.23872019362165, 'pre_dampen_half': 14.711215379121963, 'gpp_af': 0.06789053271698488, 'gpp_b': 0.0059594790418686545, 'gpp_d': 54.620376657085984, 'ign_k': 0.006290644294586149, 'ign_c': 1.0226988730324322, 'trop_agb_crit': 1.14876138417489, 'trop_k_veg': 2.573214588078609}.
[I 2026-08-06 10:14:15,412] Trial 170 finished with values: [10.768864465161897, 10.768864465161897] and parameters: {'k1': 0.030170704289971564, 'D_low': 5.6556775246185085, 'k2': 0.0016497426799845453, 'D_high': 394.46712559035296, 'fire_exp': 3.83403534181858, 'P_half': 102.4585893986732, 'pre_dampen_half': 7.665128204660195, 'gpp_af': 85.32056493640629, 'gpp_b': 0.0001484082099455773, 'gpp_d': 40.950628944766926, 'ign_k': 0.0015276032303600073, 'ign_c': 81.80032418045731, 'trop_agb_crit': 3.2478430178435422, 'trop_k_veg': 0.7373659503009865}.
[I 2026-08-06 10:14:16,517] Trial 171 finished with values: [10.582593981968818, 10.582593981968818] and parameters: {'k1': 0.012840669372724958, 'D_low': 12.105387404469584, 'k2': 0.003767022142229395, 'D_high': 431.45617043093523, 'fire_exp': 1.0601964743503993, 'P_half': 4.213183643253957, 'pre_dampen_half': 3.0023172465753074, 'gpp_af': 1.9706963379095486, 'gpp_b': 1.4540386644083135e-05, 'gpp_d': 0.12878367369717508, 'ign_k': 0.00840038491455979, 'ign_c': 39.52220881906114, 'trop_agb_crit': 1.0693376406863295, 'trop_k_veg': 0.6673124511410327}.
[I 2026-08-06 10:14:17,658] Trial 172 finished with values: [10.17412269150495, 10.17412269150495] and parameters: {'k1': 0.008912611835817005, 'D_low': 12.105387404469584, 'k2': 1.1065812688893481e-05, 'D_high': 5670.3463356272905, 'fire_exp': 1.3170256885255098, 'P_half': 4.213183643253957, 'pre_dampen_half': 63.6685916079943, 'gpp_af': 0.6403036652671171, 'gpp_b': 0.0005739662837359252, 'gpp_d': 1.493264336549928, 'ign_k': 0.21006485619596416, 'ign_c': 11.400863701127316, 'trop_agb_crit': 7.500118950416987, 'trop_k_veg': 0.6673124511410327}.
[I 2026-08-06 10:14:18,770] Trial 173 finished with values: [10.746686433134753, 10.746686433134753] and parameters: {'k1': 0.0002656971546588439, 'D_low': 1.1433485956638711, 'k2': 0.00025255166452944054, 'D_high': 88.90110660871557, 'fire_exp': 1.264103030891254, 'P_half': 4.087300390305745, 'pre_dampen_half': 2.736251365128462, 'gpp_af': 0.05511595477601767, 'gpp_b': 0.00013164432569139702, 'gpp_d': 0.26636419343091605, 'ign_k': 0.038563028138793747, 'ign_c': 30.785541778315018, 'trop_agb_crit': 18.785197416433792, 'trop_k_veg': 6.955154171468271}.
[I 2026-08-06 10:14:19,950] Trial 174 finished with values: [10.769230768838547, 10.769230768838547] and parameters: {'k1': 0.012840669372724958, 'D_low': 171.2446447678494, 'k2': 0.0004976087827261435, 'D_high': 42210.21267871043, 'fire_exp': 1.2918065501148304, 'P_half': 93.43302657318476, 'pre_dampen_half': 0.011396414164620812, 'gpp_af': 3.4702669886504163, 'gpp_b': 1.3289448722869181e-05, 'gpp_d': 0.17061223263518377, 'ign_k': 2.1368329072358767, 'ign_c': 39.52220881906114, 'trop_agb_crit': 12.647327018493208, 'trop_k_veg': 0.83140195149031}.
[I 2026-08-06 10:14:21,102] Trial 175 finished with values: [10.543248657183703, 10.543248657183703] and parameters: {'k1': 0.01889771394135163, 'D_low': 70.18267183720735, 'k2': 1.1065812688893481e-05, 'D_high': 2940.51756322311, 'fire_exp': 1.0601964743503993, 'P_half': 4.213183643253957, 'pre_dampen_half': 107.40052367919465, 'gpp_af': 1.9706963379095486, 'gpp_b': 0.0054502936945582505, 'gpp_d': 84.31013932082456, 'ign_k': 8.708806168038567, 'ign_c': 20.03995359361212, 'trop_agb_crit': 7.500118950416987, 'trop_k_veg': 6.9782110227926815}.
[I 2026-08-06 10:14:22,229] Trial 176 finished with values: [10.92799647631982, 10.92799647631982] and parameters: {'k1': 0.004312951023617458, 'D_low': 4.484744524732794, 'k2': 0.015763894361785387, 'D_high': 3712.591045287726, 'fire_exp': 1.0629462657398439, 'P_half': 220.3445560633069, 'pre_dampen_half': 502.5175192217655, 'gpp_af': 0.7539992074650279, 'gpp_b': 0.0021331409710300844, 'gpp_d': 29.749683811098393, 'ign_k': 0.0680787482656459, 'ign_c': 15.221840161091626, 'trop_agb_crit': 24.584290528289387, 'trop_k_veg': 1.4584243470991722}.
[I 2026-08-06 10:14:23,337] Trial 177 finished with values: [10.769029487652455, 10.769029487652455] and parameters: {'k1': 0.0007883068789768041, 'D_low': 2.4622754931226587, 'k2': 5.471218729342035e-05, 'D_high': 783.2259769732478, 'fire_exp': 2.100650708889295, 'P_half': 54.37591736923918, 'pre_dampen_half': 0.9829324480069708, 'gpp_af': 1.200191344086032, 'gpp_b': 0.000429408684380145, 'gpp_d': 54.620376657085984, 'ign_k': 0.0315101491238403, 'ign_c': 31.874227118134094, 'trop_agb_crit': 11.316283925181681, 'trop_k_veg': 5.373862339436157}.
[I 2026-08-06 10:14:24,508] Trial 178 finished with values: [10.747105298585739, 10.747105298585739] and parameters: {'k1': 0.004312951023617458, 'D_low': 2.4622754931226587, 'k2': 0.0009256855841989632, 'D_high': 8182.111518618414, 'fire_exp': 1.0629462657398439, 'P_half': 54.37591736923918, 'pre_dampen_half': 0.9829324480069708, 'gpp_af': 1.200191344086032, 'gpp_b': 3.481277316673104e-05, 'gpp_d': 0.016846901973653922, 'ign_k': 0.0680787482656459, 'ign_c': 31.874227118134094, 'trop_agb_crit': 7.444615346113405, 'trop_k_veg': 1.3602724017812755}.
[I 2026-08-06 10:14:25,726] Trial 179 finished with values: [10.746384095346064, 10.746384095346064] and parameters: {'k1': 8.488887549001697e-05, 'D_low': 38.82837025280678, 'k2': 0.0003432139136241583, 'D_high': 1493.5213816355397, 'fire_exp': 1.695318866910499, 'P_half': 4.213183643253957, 'pre_dampen_half': 39.827466658711515, 'gpp_af': 1.6059727222314273, 'gpp_b': 0.14577755664212386, 'gpp_d': 0.4726373877250429, 'ign_k': 0.010167079878196114, 'ign_c': 2.414259639010457, 'trop_agb_crit': 1.0693376406863295, 'trop_k_veg': 0.6673124511410327}.
[I 2026-08-06 10:14:26,931] Trial 180 finished with values: [10.763406488405728, 10.763406488405728] and parameters: {'k1': 0.002155595057104387, 'D_low': 4.075267974954964, 'k2': 0.015827817125573202, 'D_high': 502.17376233895624, 'fire_exp': 1.423480109671474, 'P_half': 221.2683656611821, 'pre_dampen_half': 8.594202650742222, 'gpp_af': 5.335773317316405, 'gpp_b': 0.005070330027123044, 'gpp_d': 0.043441170039664925, 'ign_k': 8.696906396418683, 'ign_c': 2.8335389417624683, 'trop_agb_crit': 10.691477813613638, 'trop_k_veg': 2.4336356947036335}.
[I 2026-08-06 10:14:28,117] Trial 181 finished with values: [10.759970061398796, 10.759970061398796] and parameters: {'k1': 0.00012868405331151612, 'D_low': 6542.056762893129, 'k2': 0.0007047307383115598, 'D_high': 61536.58035691648, 'fire_exp': 1.0362310858538248, 'P_half': 2.0461550877877857, 'pre_dampen_half': 3.3841016089580034, 'gpp_af': 85.32056493640629, 'gpp_b': 6.049505313715197, 'gpp_d': 229.41380323183625, 'ign_k': 0.017302564033031168, 'ign_c': 179.96169659044335, 'trop_agb_crit': 10.691477813613638, 'trop_k_veg': 6.45312300188076}.
[I 2026-08-06 10:14:29,304] Trial 182 finished with values: [10.766994158953354, 10.766994158953354] and parameters: {'k1': 0.00012868405331151612, 'D_low': 6542.056762893129, 'k2': 0.014344484793173472, 'D_high': 985.7545621889059, 'fire_exp': 1.221575427404682, 'P_half': 140.74279366401683, 'pre_dampen_half': 1.3833139021965035, 'gpp_af': 85.32056493640629, 'gpp_b': 0.0038900687554386305, 'gpp_d': 4.79161407246161, 'ign_k': 0.01364908766641695, 'ign_c': 179.96169659044335, 'trop_agb_crit': 8.997007571451054, 'trop_k_veg': 1.2038770175361675}.
[I 2026-08-06 10:14:30,475] Trial 183 finished with values: [10.769230768838547, 10.769230768838547] and parameters: {'k1': 0.07537201787998425, 'D_low': 8832.039346746853, 'k2': 0.0026491056409715568, 'D_high': 88.90110660871557, 'fire_exp': 1.264103030891254, 'P_half': 2.0461550877877857, 'pre_dampen_half': 2.736251365128462, 'gpp_af': 85.32056493640629, 'gpp_b': 1.873606058421592e-05, 'gpp_d': 0.028701881471957017, 'ign_k': 0.017302564033031168, 'ign_c': 1.228087486213536, 'trop_agb_crit': 1.3137567821944718, 'trop_k_veg': 2.1406449943451844}.
[I 2026-08-06 10:14:31,678] Trial 184 finished with values: [-0.541285001522762, 0.1510334508812884] and parameters: {'k1': 0.04669327135003539, 'D_low': 3.525936800597896, 'k2': 0.014344484793173472, 'D_high': 63233.81951066786, 'fire_exp': 1.0629462657398439, 'P_half': 140.74279366401683, 'pre_dampen_half': 8.594202650742222, 'gpp_af': 5.335773317316405, 'gpp_b': 3.481277316673104e-05, 'gpp_d': 1.6983565276584263, 'ign_k': 0.0680787482656459, 'ign_c': 0.557280750002996, 'trop_agb_crit': 8.997007571451054, 'trop_k_veg': 2.4336356947036335}.
[I 2026-08-06 10:14:32,946] Trial 185 finished with values: [10.769230768838547, 10.769230768838547] and parameters: {'k1': 0.03635503353478365, 'D_low': 64.39790863101601, 'k2': 0.012758211164590085, 'D_high': 2940.51756322311, 'fire_exp': 1.0629462657398439, 'P_half': 5.502140996950745, 'pre_dampen_half': 502.5175192217655, 'gpp_af': 0.1476584299248268, 'gpp_b': 3.083723329640506, 'gpp_d': 16.460426816350523, 'ign_k': 8.708806168038567, 'ign_c': 33.81093273170848, 'trop_agb_crit': 1.0455434848969813, 'trop_k_veg': 3.1473758868965476}.
[I 2026-08-06 10:14:34,179] Trial 186 finished with values: [10.76915967030224, 10.76915967030224] and parameters: {'k1': 0.004053638704742309, 'D_low': 5.6556775246185085, 'k2': 1.8205657658407255e-05, 'D_high': 88.9193644629625, 'fire_exp': 3.83403534181858, 'P_half': 147.09699119495133, 'pre_dampen_half': 8.347790852520644, 'gpp_af': 85.32056493640629, 'gpp_b': 0.12746711578215045, 'gpp_d': 6.942933677610508, 'ign_k': 0.003077180271250686, 'ign_c': 2.957080941494347, 'trop_agb_crit': 4.710426964286611, 'trop_k_veg': 0.983473833513531}.
[I 2026-08-06 10:14:35,417] Trial 187 finished with values: [10.76923072436874, 10.76923072436874] and parameters: {'k1': 0.008287522363768155, 'D_low': 355.00125258511594, 'k2': 0.03538758864779238, 'D_high': 774.2116473996249, 'fire_exp': 1.4900535273878766, 'P_half': 54.37591736923918, 'pre_dampen_half': 0.9829324480069708, 'gpp_af': 1.200191344086032, 'gpp_b': 0.42247700890263645, 'gpp_d': 0.016846901973653922, 'ign_k': 0.12329098365270515, 'ign_c': 31.874227118134094, 'trop_agb_crit': 1.0903028125370984, 'trop_k_veg': 5.373862339436157}.
[I 2026-08-06 10:14:36,638] Trial 188 finished with values: [10.769194501744714, 10.769194501744714] and parameters: {'k1': 0.004053638704742309, 'D_low': 5.59983195169599, 'k2': 0.007058572590901788, 'D_high': 88.9193644629625, 'fire_exp': 1.2611826901294014, 'P_half': 9.324787201197319, 'pre_dampen_half': 0.03751320096826995, 'gpp_af': 2.6003623362924237, 'gpp_b': 1.7285224131410484, 'gpp_d': 8.057329182285729, 'ign_k': 0.8489840783024065, 'ign_c': 0.1239046892818203, 'trop_agb_crit': 6.119263728555865, 'trop_k_veg': 0.983473833513531}.
[I 2026-08-06 10:14:37,867] Trial 189 finished with values: [10.769204817559864, 10.769204817559864] and parameters: {'k1': 0.016780508579130986, 'D_low': 984.098934375832, 'k2': 8.923807143379776e-05, 'D_high': 8182.111518618414, 'fire_exp': 2.100650708889295, 'P_half': 220.3445560633069, 'pre_dampen_half': 0.1875872314533727, 'gpp_af': 2.555721998081808, 'gpp_b': 0.0004408910919257112, 'gpp_d': 54.620376657085984, 'ign_k': 0.1647069822172432, 'ign_c': 0.557280750002996, 'trop_agb_crit': 1.14876138417489, 'trop_k_veg': 5.982827017670783}.
[I 2026-08-06 10:14:39,090] Trial 190 finished with values: [10.290789809951757, 10.290789809951757] and parameters: {'k1': 0.004312951023617458, 'D_low': 1683.621997588799, 'k2': 8.923807143379776e-05, 'D_high': 8182.111518618414, 'fire_exp': 1.0629462657398439, 'P_half': 4.213183643253957, 'pre_dampen_half': 38.00678588560607, 'gpp_af': 1.9706963379095486, 'gpp_b': 1.4540386644083135e-05, 'gpp_d': 0.12878367369717508, 'ign_k': 0.0680787482656459, 'ign_c': 0.557280750002996, 'trop_agb_crit': 1.0693376406863295, 'trop_k_veg': 0.6673124511410327}.
[I 2026-08-06 10:14:40,329] Trial 191 finished with values: [10.745823033442804, 10.745823033442804] and parameters: {'k1': 0.002367935204022389, 'D_low': 4.075267974954964, 'k2': 0.015827817125573202, 'D_high': 502.17376233895624, 'fire_exp': 1.165368636520435, 'P_half': 12.808863354047988, 'pre_dampen_half': 8.594202650742222, 'gpp_af': 5.335773317316405, 'gpp_b': 0.005070330027123044, 'gpp_d': 0.043441170039664925, 'ign_k': 8.708806168038567, 'ign_c': 2.8335389417624683, 'trop_agb_crit': 3.5747129226002423, 'trop_k_veg': 6.9782110227926815}.
[I 2026-08-06 10:14:41,468] Trial 192 finished with values: [10.675911787402281, 10.675911787402281] and parameters: {'k1': 0.002367935204022389, 'D_low': 5.6556775246185085, 'k2': 0.0009256855841989632, 'D_high': 4316.517111160399, 'fire_exp': 1.4900535273878766, 'P_half': 587.6331101080223, 'pre_dampen_half': 8.594202650742222, 'gpp_af': 5.335773317316405, 'gpp_b': 0.0038900687554386305, 'gpp_d': 4.79161407246161, 'ign_k': 0.02172578929502367, 'ign_c': 2.8335389417624683, 'trop_agb_crit': 5.535964054794066, 'trop_k_veg': 2.4336356947036335}.
[I 2026-08-06 10:14:42,699] Trial 193 finished with values: [10.694588961255342, 10.694588961255342] and parameters: {'k1': 0.008287522363768155, 'D_low': 355.00125258511594, 'k2': 0.03538758864779238, 'D_high': 774.2116473996249, 'fire_exp': 1.3170256885255098, 'P_half': 712.8188058401365, 'pre_dampen_half': 63.6685916079943, 'gpp_af': 0.6403036652671171, 'gpp_b': 0.42247700890263645, 'gpp_d': 176.18878384527278, 'ign_k': 0.12329098365270515, 'ign_c': 5.13055176058983, 'trop_agb_crit': 1.0903028125370984, 'trop_k_veg': 0.6743482387129308}.
[I 2026-08-06 10:14:43,876] Trial 194 finished with values: [10.750046179193395, 10.750046179193395] and parameters: {'k1': 0.004312951023617458, 'D_low': 40.12413353131991, 'k2': 0.0007047307383115598, 'D_high': 99.69469187531809, 'fire_exp': 1.423480109671474, 'P_half': 54.37591736923918, 'pre_dampen_half': 3.3841016089580034, 'gpp_af': 0.2799785875247786, 'gpp_b': 1.284284091405877e-05, 'gpp_d': 229.41380323183625, 'ign_k': 0.0680787482656459, 'ign_c': 18.219343937475102, 'trop_agb_crit': 10.691477813613638, 'trop_k_veg': 6.45312300188076}.
