[I 2026-08-06 03:09:26,406] Trial 630 finished with values: [10.76012646656726, 10.76012646656726] and parameters: {'k1': 0.00031489116479568613, 'D_low': 1.1102341430568343, 'k2': 0.007519407491506672, 'D_high': 2970.7920514735997, 'fire_exp': 2.8326898622433334, 'P_half': 25.255166452944085, 'pre_dampen_half': 36.876350096203005, 'gpp_af': 0.002311080279955305, 'gpp_b': 0.004215504256370331, 'gpp_d': 331.7366635899375, 'ign_k': 0.002115412774188856, 'ign_c': 6.807874826564585, 'gdp_gamma': 1.8068697350278546}.
[I 2026-08-06 03:09:28,026] Trial 631 finished with values: [-0.6118586393380867, 0.14532555375990897] and parameters: {'k1': 2.9394634586259703e-05, 'D_low': 1.1102341430568343, 'k2': 4.484744524732793e-05, 'D_high': 35.11445258128688, 'fire_exp': 1.0881360604103363, 'P_half': 25.255166452944085, 'pre_dampen_half': 36.876350096203005, 'gpp_af': 0.05391752791214327, 'gpp_b': 0.004215504256370331, 'gpp_d': 33.9790424311127, 'ign_k': 0.37424230019851973, 'ign_c': 6.807874826564585, 'gdp_gamma': 1.8068697350278546}.
[I 2026-08-06 03:09:29,671] Trial 632 finished with values: [10.75386249589635, 10.75386249589635] and parameters: {'k1': 0.0030285741098956273, 'D_low': 5438.762195226741, 'k2': 0.00015466641867531393, 'D_high': 2970.7920514735997, 'fire_exp': 1.0340574447037933, 'P_half': 10.755022125844455, 'pre_dampen_half': 9.16302609334724, 'gpp_af': 0.03808732965711481, 'gpp_b': 0.004215504256370331, 'gpp_d': 331.7366635899375, 'ign_k': 0.038791280730284435, 'ign_c': 0.21948188038908775, 'gdp_gamma': 0.3862443158940324}.
[I 2026-08-06 03:09:31,300] Trial 633 finished with values: [10.100663344116265, 10.100663344116265] and parameters: {'k1': 2.9394634586259703e-05, 'D_low': 29.89885508829526, 'k2': 0.00014001191914113747, 'D_high': 8182.111518618414, 'fire_exp': 1.5191397119156032, 'P_half': 616.1423618045311, 'pre_dampen_half': 129.7187644086357, 'gpp_af': 0.017832592720985762, 'gpp_b': 0.0030742893625766146, 'gpp_d': 10.931606102061748, 'ign_k': 0.08356564873457054, 'ign_c': 6.807874826564585, 'gdp_gamma': 1.8068697350278546}.
[I 2026-08-06 03:09:32,935] Trial 634 finished with values: [10.762949859271806, 10.762949859271806] and parameters: {'k1': 2.9394634586259703e-05, 'D_low': 1.1102341430568343, 'k2': 0.007519407491506672, 'D_high': 2842.140588732084, 'fire_exp': 3.2153985285910354, 'P_half': 10.226988730324324, 'pre_dampen_half': 36.876350096203005, 'gpp_af': 0.002311080279955305, 'gpp_b': 0.0030742893625766146, 'gpp_d': 34.70266988650411, 'ign_k': 0.002115412774188856, 'ign_c': 6.807874826564585, 'gdp_gamma': 1.8068697350278546}.
[I 2026-08-06 03:09:34,545] Trial 635 finished with values: [10.34964647345739, 10.34964647345739] and parameters: {'k1': 0.0007284371265166888, 'D_low': 29.89885508829526, 'k2': 4.484744524732793e-05, 'D_high': 21863.563449420166, 'fire_exp': 1.0727542652117925, 'P_half': 25.255166452944085, 'pre_dampen_half': 129.7187644086357, 'gpp_af': 0.09145768948268033, 'gpp_b': 0.0025797966927081192, 'gpp_d': 0.016138541942192136, 'ign_k': 0.37424230019851973, 'ign_c': 8.308114652888387, 'gdp_gamma': 0.3862443158940324}.
[I 2026-08-06 03:09:36,511] Trial 636 finished with values: [10.021597105912806, 10.021597105912806] and parameters: {'k1': 2.9394634586259703e-05, 'D_low': 655.1173063184817, 'k2': 2.143851363193518e-05, 'D_high': 28975.337521324145, 'fire_exp': 1.0340574447037933, 'P_half': 10.755022125844455, 'pre_dampen_half': 14.711215379121963, 'gpp_af': 0.09145768948268033, 'gpp_b': 0.0005623095666134974, 'gpp_d': 331.7366635899375, 'ign_k': 0.038791280730284435, 'ign_c': 0.9580682294110432, 'gdp_gamma': 0.3862443158940324}.
[I 2026-08-06 03:09:38,160] Trial 637 finished with values: [10.696756412464282, 10.696756412464282] and parameters: {'k1': 3.29655013583809e-05, 'D_low': 1.1102341430568343, 'k2': 4.484744524732793e-05, 'D_high': 2970.7920514735997, 'fire_exp': 1.0881360604103363, 'P_half': 10.755022125844455, 'pre_dampen_half': 0.055171654110845424, 'gpp_af': 0.05391752791214327, 'gpp_b': 0.0005623095666134974, 'gpp_d': 331.7366635899375, 'ign_k': 0.37424230019851973, 'ign_c': 0.9580682294110432, 'gdp_gamma': 0.3862443158940324}.
[I 2026-08-06 03:09:39,803] Trial 638 finished with values: [-0.537071621940205, 0.18572754188197815] and parameters: {'k1': 0.0030285741098956273, 'D_low': 655.1173063184817, 'k2': 3.277320296937061e-05, 'D_high': 35.11445258128688, 'fire_exp': 1.0340574447037933, 'P_half': 2.1698375693549488, 'pre_dampen_half': 397.4459556835019, 'gpp_af': 0.05391752791214327, 'gpp_b': 0.004215504256370331, 'gpp_d': 189.88136301569827, 'ign_k': 0.37424230019851973, 'ign_c': 0.21948188038908775, 'gdp_gamma': 0.3862443158940324}.
[I 2026-08-06 03:09:41,512] Trial 639 finished with values: [10.649890423478135, 10.649890423478135] and parameters: {'k1': 0.0002191739661157602, 'D_low': 1.1102341430568343, 'k2': 0.0007492772870670282, 'D_high': 2308.5168151108014, 'fire_exp': 1.314673522286271, 'P_half': 8841.388855976238, 'pre_dampen_half': 397.4459556835019, 'gpp_af': 0.05391752791214327, 'gpp_b': 0.028369067932328344, 'gpp_d': 669.2578627491317, 'ign_k': 0.031585104499228, 'ign_c': 1.3894673469237204, 'gdp_gamma': 0.7366679513906507}.
[I 2026-08-06 03:09:43,053] Trial 640 finished with values: [10.04114305538304, 10.04114305538304] and parameters: {'k1': 2.9394634586259703e-05, 'D_low': 29.89885508829526, 'k2': 0.03820259936390116, 'D_high': 21863.563449420166, 'fire_exp': 1.5191397119156032, 'P_half': 1.0465498595171732, 'pre_dampen_half': 36.876350096203005, 'gpp_af': 57.41943663119568, 'gpp_b': 0.0030742893625766146, 'gpp_d': 15.68915989380472, 'ign_k': 1.833717796770998, 'ign_c': 22.126836566118193, 'gdp_gamma': 1.8068697350278546}.
[I 2026-08-06 03:09:44,669] Trial 641 finished with values: [10.38916915658345, 10.38916915658345] and parameters: {'k1': 2.9394634586259703e-05, 'D_low': 30.956657914928517, 'k2': 0.00015466641867531393, 'D_high': 35.11445258128688, 'fire_exp': 1.0881360604103363, 'P_half': 2962.601088597272, 'pre_dampen_half': 36.876350096203005, 'gpp_af': 0.09145768948268033, 'gpp_b': 0.004215504256370331, 'gpp_d': 33.9790424311127, 'ign_k': 0.37424230019851973, 'ign_c': 6.807874826564585, 'gdp_gamma': 1.8068697350278546}.
[I 2026-08-06 03:09:46,336] Trial 642 finished with values: [10.247092843652254, 10.247092843652254] and parameters: {'k1': 0.0030285741098956273, 'D_low': 29.89885508829526, 'k2': 4.484744524732793e-05, 'D_high': 35.11445258128688, 'fire_exp': 1.5191397119156032, 'P_half': 25.255166452944085, 'pre_dampen_half': 129.7187644086357, 'gpp_af': 0.05391752791214327, 'gpp_b': 0.011750724729953272, 'gpp_d': 331.7366635899375, 'ign_k': 0.0659112309484029, 'ign_c': 0.3525936800597896, 'gdp_gamma': 0.3862443158940324}.
[I 2026-08-06 03:09:47,997] Trial 643 finished with values: [-0.5815219667129359, 0.13117062719468986] and parameters: {'k1': 2.9394634586259703e-05, 'D_low': 3.7322156377670694, 'k2': 0.00014001191914113747, 'D_high': 21863.563449420166, 'fire_exp': 2.066761381010117, 'P_half': 2.1698375693549488, 'pre_dampen_half': 129.7187644086357, 'gpp_af': 0.05391752791214327, 'gpp_b': 0.011750724729953272, 'gpp_d': 189.88136301569827, 'ign_k': 0.37424230019851973, 'ign_c': 0.21948188038908775, 'gdp_gamma': 1.8068697350278546}.
[I 2026-08-06 03:09:49,567] Trial 644 finished with values: [11.737843442961097, 11.737843442961097] and parameters: {'k1': 0.001154473887645231, 'D_low': 1.1102341430568343, 'k2': 0.03820259936390116, 'D_high': 21863.563449420166, 'fire_exp': 1.314673522286271, 'P_half': 90.23734753282102, 'pre_dampen_half': 129.7187644086357, 'gpp_af': 0.017832592720985762, 'gpp_b': 0.0012070331879029856, 'gpp_d': 10.931606102061748, 'ign_k': 0.37424230019851973, 'ign_c': 1.3894673469237204, 'gdp_gamma': 1.8068697350278546}.
[I 2026-08-06 03:09:51,187] Trial 645 finished with values: [10.341300362826498, 10.341300362826498] and parameters: {'k1': 0.0030285741098956273, 'D_low': 19.063314120324364, 'k2': 4.484744524732793e-05, 'D_high': 35.11445258128688, 'fire_exp': 1.0252685873887095, 'P_half': 25.255166452944085, 'pre_dampen_half': 31.977584652685227, 'gpp_af': 0.002311080279955305, 'gpp_b': 0.004215504256370331, 'gpp_d': 33.9790424311127, 'ign_k': 0.002115412774188856, 'ign_c': 1.3894673469237204, 'gdp_gamma': 1.8068697350278546}.
[I 2026-08-06 03:09:52,853] Trial 646 finished with values: [-0.5818031406652091, 0.12514459604892936] and parameters: {'k1': 0.0030285741098956273, 'D_low': 1.1102341430568343, 'k2': 4.484744524732793e-05, 'D_high': 35.11445258128688, 'fire_exp': 1.0881360604103363, 'P_half': 141.1179996668461, 'pre_dampen_half': 36.876350096203005, 'gpp_af': 0.09145768948268033, 'gpp_b': 0.004215504256370331, 'gpp_d': 331.7366635899375, 'ign_k': 0.0026834162496848666, 'ign_c': 6.807874826564585, 'gdp_gamma': 1.351676663316814}.
[I 2026-08-06 03:09:54,437] Trial 647 finished with values: [11.243959937764663, 11.243959937764663] and parameters: {'k1': 3.29655013583809e-05, 'D_low': 376.7022142229396, 'k2': 4.484744524732793e-05, 'D_high': 28975.337521324145, 'fire_exp': 1.0881360604103363, 'P_half': 10.755022125844455, 'pre_dampen_half': 36.876350096203005, 'gpp_af': 2.159341282540299, 'gpp_b': 0.004215504256370331, 'gpp_d': 33.9790424311127, 'ign_k': 0.37424230019851973, 'ign_c': 0.9580682294110432, 'gdp_gamma': 1.8068697350278546}.
[I 2026-08-06 03:09:56,057] Trial 648 finished with values: [-0.5926607297242947, 0.11979318381857318] and parameters: {'k1': 2.9394634586259703e-05, 'D_low': 3.7322156377670694, 'k2': 3.619136963999883e-05, 'D_high': 2970.7920514735997, 'fire_exp': 1.0881360604103363, 'P_half': 2.1698375693549488, 'pre_dampen_half': 129.7187644086357, 'gpp_af': 0.05391752791214327, 'gpp_b': 0.011750724729953272, 'gpp_d': 33.9790424311127, 'ign_k': 0.37424230019851973, 'ign_c': 22.126836566118193, 'gdp_gamma': 1.8068697350278546}.
[I 2026-08-06 03:09:58,101] Trial 649 finished with values: [10.428882777718751, 10.428882777718751] and parameters: {'k1': 0.07928164425547335, 'D_low': 148.10800730363493, 'k2': 0.00014001191914113747, 'D_high': 35.11445258128688, 'fire_exp': 1.0881360604103363, 'P_half': 4.933751600448339, 'pre_dampen_half': 36.876350096203005, 'gpp_af': 0.09145768948268033, 'gpp_b': 0.004215504256370331, 'gpp_d': 0.014121081168145975, 'ign_k': 0.37424230019851973, 'ign_c': 0.6615437365561385, 'gdp_gamma': 1.8068697350278546}.
[I 2026-08-06 03:09:59,669] Trial 650 finished with values: [-0.5754785921191721, 0.12557688616290552] and parameters: {'k1': 0.0030285741098956273, 'D_low': 1.1102341430568343, 'k2': 0.00017049818743233354, 'D_high': 35.11445258128688, 'fire_exp': 1.0881360604103363, 'P_half': 25.255166452944085, 'pre_dampen_half': 36.876350096203005, 'gpp_af': 0.09145768948268033, 'gpp_b': 0.004215504256370331, 'gpp_d': 33.9790424311127, 'ign_k': 0.37424230019851973, 'ign_c': 6.807874826564585, 'gdp_gamma': 0.3862443158940324}.
[I 2026-08-06 03:10:01,270] Trial 651 finished with values: [10.364637865270034, 10.364637865270034] and parameters: {'k1': 0.0002191739661157602, 'D_low': 29.89885508829526, 'k2': 0.0007492772870670282, 'D_high': 13.670484737132345, 'fire_exp': 1.0881360604103363, 'P_half': 1.2765717873951687, 'pre_dampen_half': 397.4459556835019, 'gpp_af': 0.002311080279955305, 'gpp_b': 0.0012070331879029856, 'gpp_d': 33.9790424311127, 'ign_k': 0.6587536748686897, 'ign_c': 6.160975294741436, 'gdp_gamma': 1.351676663316814}.
[I 2026-08-06 03:10:03,007] Trial 652 finished with values: [11.190296146151535, 11.190296146151535] and parameters: {'k1': 2.9394634586259703e-05, 'D_low': 1.1102341430568343, 'k2': 0.06994589881535453, 'D_high': 2970.7920514735997, 'fire_exp': 1.0881360604103363, 'P_half': 25.255166452944085, 'pre_dampen_half': 129.7187644086357, 'gpp_af': 0.002311080279955305, 'gpp_b': 0.0001626000642020477, 'gpp_d': 331.7366635899375, 'ign_k': 0.37424230019851973, 'ign_c': 6.807874826564585, 'gdp_gamma': 0.7366679513906507}.
[I 2026-08-06 03:10:04,581] Trial 653 finished with values: [-0.5645730545924333, 0.14419890954340353] and parameters: {'k1': 0.0030285741098956273, 'D_low': 1.1102341430568343, 'k2': 4.484744524732793e-05, 'D_high': 35.11445258128688, 'fire_exp': 1.0881360604103363, 'P_half': 25.255166452944085, 'pre_dampen_half': 23.289607349723003, 'gpp_af': 0.09145768948268033, 'gpp_b': 0.004215504256370331, 'gpp_d': 331.7366635899375, 'ign_k': 0.37424230019851973, 'ign_c': 1.3894673469237204, 'gdp_gamma': 0.3862443158940324}.
[I 2026-08-06 03:10:06,190] Trial 654 finished with values: [-0.5643816751538856, 0.08334417757709434] and parameters: {'k1': 0.07579633113316123, 'D_low': 29.89885508829526, 'k2': 4.484744524732793e-05, 'D_high': 28975.337521324145, 'fire_exp': 1.0881360604103363, 'P_half': 37.15131799947327, 'pre_dampen_half': 36.876350096203005, 'gpp_af': 0.002311080279955305, 'gpp_b': 0.004215504256370331, 'gpp_d': 48.69745226446181, 'ign_k': 0.37424230019851973, 'ign_c': 6.807874826564585, 'gdp_gamma': 0.7366679513906507}.
[I 2026-08-06 03:10:07,835] Trial 655 finished with values: [10.320549651464985, 10.320549651464985] and parameters: {'k1': 0.0030285741098956273, 'D_low': 1.1102341430568343, 'k2': 4.484744524732793e-05, 'D_high': 35.11445258128688, 'fire_exp': 1.0881360604103363, 'P_half': 25.255166452944085, 'pre_dampen_half': 36.876350096203005, 'gpp_af': 0.09145768948268033, 'gpp_b': 3.6593529069017844e-05, 'gpp_d': 331.7366635899375, 'ign_k': 0.37424230019851973, 'ign_c': 1.3894673469237204, 'gdp_gamma': 0.3862443158940324}.
[I 2026-08-06 03:10:09,490] Trial 656 finished with values: [-0.5947101839406995, 0.08331486594700954] and parameters: {'k1': 0.0030285741098956273, 'D_low': 490.2396944106614, 'k2': 0.00020222983754231334, 'D_high': 35.11445258128688, 'fire_exp': 1.0881360604103363, 'P_half': 25.255166452944085, 'pre_dampen_half': 36.876350096203005, 'gpp_af': 0.05391752791214327, 'gpp_b': 0.004597283814159352, 'gpp_d': 33.9790424311127, 'ign_k': 0.37424230019851973, 'ign_c': 11.77190025324203, 'gdp_gamma': 1.8068697350278546}.
[I 2026-08-06 03:10:11,104] Trial 657 finished with values: [10.696999899773338, 10.696999899773338] and parameters: {'k1': 2.9394634586259703e-05, 'D_low': 29.89885508829526, 'k2': 4.484744524732793e-05, 'D_high': 35.11445258128688, 'fire_exp': 1.0881360604103363, 'P_half': 25.255166452944085, 'pre_dampen_half': 129.7187644086357, 'gpp_af': 0.09145768948268033, 'gpp_b': 1.6175344026566199, 'gpp_d': 189.88136301569827, 'ign_k': 1.2021930484915047, 'ign_c': 6.807874826564585, 'gdp_gamma': 0.3862443158940324}.
[I 2026-08-06 03:10:12,707] Trial 658 finished with values: [-0.5602629597095217, 0.18494565167570687] and parameters: {'k1': 0.0002191739661157602, 'D_low': 148.10800730363493, 'k2': 4.484744524732793e-05, 'D_high': 28975.337521324145, 'fire_exp': 1.314673522286271, 'P_half': 10.755022125844455, 'pre_dampen_half': 397.4459556835019, 'gpp_af': 0.06323437159998231, 'gpp_b': 0.028369067932328344, 'gpp_d': 331.7366635899375, 'ign_k': 0.031585104499228, 'ign_c': 0.7299348683062306, 'gdp_gamma': 0.6423856065991593}.
[I 2026-08-06 03:10:14,403] Trial 659 finished with values: [10.741798610756586, 10.741798610756586] and parameters: {'k1': 5.112097847474573e-05, 'D_low': 148.10800730363493, 'k2': 0.0007492772870670282, 'D_high': 2308.5168151108014, 'fire_exp': 1.2621840161507252, 'P_half': 589.5271473887282, 'pre_dampen_half': 36.876350096203005, 'gpp_af': 0.002311080279955305, 'gpp_b': 0.028369067932328344, 'gpp_d': 26.003623362924223, 'ign_k': 0.031585104499228, 'ign_c': 0.7299348683062306, 'gdp_gamma': 0.5843105273728672}.
[I 2026-08-06 03:10:16,017] Trial 660 finished with values: [10.769211868499877, 10.769211868499877] and parameters: {'k1': 0.0030285741098956273, 'D_low': 1.1102341430568343, 'k2': 0.060042238861955366, 'D_high': 35.11445258128688, 'fire_exp': 4.822231196324273, 'P_half': 10.226988730324324, 'pre_dampen_half': 36.876350096203005, 'gpp_af': 0.002311080279955305, 'gpp_b': 0.004215504256370331, 'gpp_d': 331.7366635899375, 'ign_k': 0.37424230019851973, 'ign_c': 1.317454386434276, 'gdp_gamma': 0.3862443158940324}.
[I 2026-08-06 03:10:17,575] Trial 661 finished with values: [-0.5772584454856966, 0.17482423556333093] and parameters: {'k1': 0.0030285741098956273, 'D_low': 21.901578520649217, 'k2': 4.484744524732793e-05, 'D_high': 35.11445258128688, 'fire_exp': 1.0881360604103363, 'P_half': 25.255166452944085, 'pre_dampen_half': 36.876350096203005, 'gpp_af': 0.09145768948268033, 'gpp_b': 0.004215504256370331, 'gpp_d': 331.7366635899375, 'ign_k': 0.37424230019851973, 'ign_c': 1.3894673469237204, 'gdp_gamma': 0.3862443158940324}.
[I 2026-08-06 03:10:19,559] Trial 662 finished with values: [10.759971565367938, 10.759971565367938] and parameters: {'k1': 0.0009743142535650217, 'D_low': 1.1102341430568343, 'k2': 0.00020222983754231334, 'D_high': 35.11445258128688, 'fire_exp': 4.148081113554051, 'P_half': 1.2765717873951687, 'pre_dampen_half': 36.876350096203005, 'gpp_af': 0.09145768948268033, 'gpp_b': 0.0030742893625766146, 'gpp_d': 331.7366635899375, 'ign_k': 0.37424230019851973, 'ign_c': 6.807874826564585, 'gdp_gamma': 0.559652086128564}.
[I 2026-08-06 03:10:21,413] Trial 663 finished with values: [10.654575060536883, 10.654575060536883] and parameters: {'k1': 0.0030285741098956273, 'D_low': 1.1102341430568343, 'k2': 4.484744524732793e-05, 'D_high': 35.11445258128688, 'fire_exp': 1.0881360604103363, 'P_half': 1.2765717873951687, 'pre_dampen_half': 221.0675114311139, 'gpp_af': 0.09145768948268033, 'gpp_b': 0.004215504256370331, 'gpp_d': 48.69745226446181, 'ign_k': 0.37424230019851973, 'ign_c': 1.3894673469237204, 'gdp_gamma': 0.3862443158940324}.
[I 2026-08-06 03:10:23,380] Trial 664 finished with values: [10.586282729094936, 10.586282729094936] and parameters: {'k1': 0.0030285741098956273, 'D_low': 1.1102341430568343, 'k2': 0.03820259936390116, 'D_high': 1916.1918406231339, 'fire_exp': 1.0881360604103363, 'P_half': 25.255166452944085, 'pre_dampen_half': 36.876350096203005, 'gpp_af': 0.09145768948268033, 'gpp_b': 0.0005623095666134974, 'gpp_d': 2.0564340380953867, 'ign_k': 0.37424230019851973, 'ign_c': 0.6615437365561385, 'gdp_gamma': 0.3862443158940324}.
[I 2026-08-06 03:10:25,269] Trial 665 finished with values: [-0.575498602322672, 0.07495078923258203] and parameters: {'k1': 0.0030285741098956273, 'D_low': 376.7022142229396, 'k2': 0.0007081721844034209, 'D_high': 35.11445258128688, 'fire_exp': 1.0881360604103363, 'P_half': 10.226988730324324, 'pre_dampen_half': 36.876350096203005, 'gpp_af': 0.09145768948268033, 'gpp_b': 0.02052499618703749, 'gpp_d': 33.9790424311127, 'ign_k': 0.37424230019851973, 'ign_c': 1.3894673469237204, 'gdp_gamma': 1.8068697350278546}.
[I 2026-08-06 03:10:26,899] Trial 666 finished with values: [10.537160683991198, 10.537160683991198] and parameters: {'k1': 0.07928164425547335, 'D_low': 148.10800730363493, 'k2': 0.00015466641867531393, 'D_high': 13.670484737132345, 'fire_exp': 1.0881360604103363, 'P_half': 1.2765717873951687, 'pre_dampen_half': 36.876350096203005, 'gpp_af': 0.05391752791214327, 'gpp_b': 1.5216765859697215e-05, 'gpp_d': 33.9790424311127, 'ign_k': 0.37424230019851973, 'ign_c': 0.21948188038908775, 'gdp_gamma': 1.1832855697397175}.
[I 2026-08-06 03:10:28,619] Trial 667 finished with values: [-0.581149583559521, 0.18667863171552368] and parameters: {'k1': 2.9394634586259703e-05, 'D_low': 376.7022142229396, 'k2': 0.0007081721844034209, 'D_high': 2970.7920514735997, 'fire_exp': 1.0881360604103363, 'P_half': 2.1698375693549488, 'pre_dampen_half': 8.904067307938409, 'gpp_af': 0.09145768948268033, 'gpp_b': 3.481277316673104e-05, 'gpp_d': 33.9790424311127, 'ign_k': 0.0026834162496848666, 'ign_c': 6.160975294741436, 'gdp_gamma': 1.8068697350278546}.
[I 2026-08-06 03:10:30,406] Trial 668 finished with values: [10.2043953980739, 10.2043953980739] and parameters: {'k1': 2.9394634586259703e-05, 'D_low': 376.7022142229396, 'k2': 0.0007081721844034209, 'D_high': 21863.563449420166, 'fire_exp': 1.0881360604103363, 'P_half': 616.1423618045311, 'pre_dampen_half': 129.7187644086357, 'gpp_af': 0.017832592720985762, 'gpp_b': 0.0030742893625766146, 'gpp_d': 33.9790424311127, 'ign_k': 1.2021930484915047, 'ign_c': 22.126836566118193, 'gdp_gamma': 1.8068697350278546}.
[I 2026-08-06 03:10:32,013] Trial 669 finished with values: [10.463447799813363, 10.463447799813363] and parameters: {'k1': 2.9394634586259703e-05, 'D_low': 3.7322156377670694, 'k2': 0.06994589881535453, 'D_high': 35.11445258128688, 'fire_exp': 1.0881360604103363, 'P_half': 141.1179996668461, 'pre_dampen_half': 36.876350096203005, 'gpp_af': 0.05391752791214327, 'gpp_b': 0.004215504256370331, 'gpp_d': 331.7366635899375, 'ign_k': 0.37424230019851973, 'ign_c': 6.807874826564585, 'gdp_gamma': 0.559652086128564}.
[I 2026-08-06 03:10:33,773] Trial 670 finished with values: [10.07996465390483, 10.07996465390483] and parameters: {'k1': 3.29655013583809e-05, 'D_low': 1.1102341430568343, 'k2': 7.639737756882014e-05, 'D_high': 28975.337521324145, 'fire_exp': 1.0881360604103363, 'P_half': 10.755022125844455, 'pre_dampen_half': 36.876350096203005, 'gpp_af': 0.05391752791214327, 'gpp_b': 0.0030742893625766146, 'gpp_d': 331.7366635899375, 'ign_k': 0.0026834162496848666, 'ign_c': 0.9580682294110432, 'gdp_gamma': 1.351676663316814}.
[I 2026-08-06 03:10:35,608] Trial 671 finished with values: [10.432489854880604, 10.432489854880604] and parameters: {'k1': 0.0030285741098956273, 'D_low': 30.956657914928517, 'k2': 0.0057293717735696316, 'D_high': 5082.220961627802, 'fire_exp': 1.4322493718230251, 'P_half': 10.226988730324324, 'pre_dampen_half': 36.876350096203005, 'gpp_af': 0.05391752791214327, 'gpp_b': 0.004215504256370331, 'gpp_d': 10.931606102061748, 'ign_k': 0.37424230019851973, 'ign_c': 6.807874826564585, 'gdp_gamma': 1.8068697350278546}.
