[I 2026-07-25 00:39:17,095] Trial 1281 finished with value: 0.4977835837157599 and parameters: {'k1': 0.036983294657400405, 'D_low': 164.26050330688605, 'k2': 0.004200263023310011, 'D_high': 2594599.7602915303, 'fire_exp': 3.982529998760351, 'P_half': 141.81777190066225, 'pre_dampen_half': 38.67667358099186, 'gpp_af': 0.014974589524874292, 'gpp_b': 5.130595455654462e-05, 'gpp_d': 35.99991508162833, 'ign_k': 0.004477640979068932, 'ign_c': 0.3442027082790771, 'trop_agb_crit': 25.635501654215872, 'trop_k_veg': 1.7558577968388405, 'gdp_gamma': 1.6201491860956134, 'cure_k': 0.0010412953155144761, 'cure_p_min': 345.32458204631934, 'cure_gpp_ref': 0.38654957210192475, 'cure_agb_crit': 1.182764622818829, 'fuel_k': 0.17345179268031835, 'fuel_half': 36.586451034401186}. Best is trial 1132 with value: -0.6317570269256394.
[I 2026-07-25 00:39:17,556] Trial 1282 finished with value: 0.4019058054934642 and parameters: {'k1': 0.0011026247017139773, 'D_low': 4.048679414401416, 'k2': 1.2866184132289746e-05, 'D_high': 4989947.469683309, 'fire_exp': 1.0651934632117093, 'P_half': 19.05185803104574, 'pre_dampen_half': 1.3930163598554959, 'gpp_af': 0.0014427030825107353, 'gpp_b': 2.2406465764461015e-05, 'gpp_d': 1.6325865993102369, 'ign_k': 1.1651627901246935, 'ign_c': 0.15112308793010915, 'trop_agb_crit': 2.7797999740761203, 'trop_k_veg': 0.7219558564623552, 'gdp_gamma': 0.2510580072170543, 'cure_k': 0.07062060030039471, 'cure_p_min': 249.48421299669798, 'cure_gpp_ref': 0.06323830643212604, 'cure_agb_crit': 3.197328650621531, 'fuel_k': 0.04211276631832179, 'fuel_half': 54.12642245005277}. Best is trial 1132 with value: -0.6317570269256394.
[I 2026-07-25 00:39:18,022] Trial 1283 finished with value: 0.5201582996481402 and parameters: {'k1': 3.790840910524609e-05, 'D_low': 10.133615292879005, 'k2': 2.0257946251242793e-05, 'D_high': 118968.22502785726, 'fire_exp': 1.2553366431410333, 'P_half': 130.72295583072298, 'pre_dampen_half': 0.20676308534764212, 'gpp_af': 0.05318085539254666, 'gpp_b': 0.003573752335590301, 'gpp_d': 88.68719509203198, 'ign_k': 1.6354639273295715, 'ign_c': 0.35033087427687154, 'trop_agb_crit': 2.754827083148508, 'trop_k_veg': 3.2305562592468213, 'gdp_gamma': 0.2431771759891935, 'cure_k': 0.007615457096218595, 'cure_p_min': 254.41643521251265, 'cure_gpp_ref': 0.17894933486763076, 'cure_agb_crit': 3.6473313829682574, 'fuel_k': 0.896997988790149, 'fuel_half': 32.917801126745104}. Best is trial 1132 with value: -0.6317570269256394.
[I 2026-07-25 00:39:18,495] Trial 1284 finished with value: 0.6001510501480788 and parameters: {'k1': 0.00014130294707673707, 'D_low': 49.71143787637133, 'k2': 0.0003787665802752986, 'D_high': 304918.10426627053, 'fire_exp': 2.7707408426361493, 'P_half': 201.38444243691862, 'pre_dampen_half': 0.25337901972938215, 'gpp_af': 0.0016626757934169892, 'gpp_b': 0.042399163871825976, 'gpp_d': 150.5427210973916, 'ign_k': 0.03025350996953379, 'ign_c': 13.5322803096078, 'trop_agb_crit': 2.198609940254824, 'trop_k_veg': 2.2742204186189903, 'gdp_gamma': 0.2840046872302664, 'cure_k': 0.008848256730479766, 'cure_p_min': 317.61468942160724, 'cure_gpp_ref': 0.2990343910411122, 'cure_agb_crit': 3.879932184496651, 'fuel_k': 0.11591754465970133, 'fuel_half': 6.5559744426220155}. Best is trial 1132 with value: -0.6317570269256394.
[I 2026-07-25 00:39:18,962] Trial 1285 finished with value: 0.5940476665204512 and parameters: {'k1': 0.04990789259286771, 'D_low': 77.74024128264806, 'k2': 0.004607834850210988, 'D_high': 1207773.0966577816, 'fire_exp': 2.8587376994005953, 'P_half': 682.1497475383451, 'pre_dampen_half': 31.711283752584745, 'gpp_af': 0.5504401112949723, 'gpp_b': 2.7607266811554884e-05, 'gpp_d': 963.9333013298229, 'ign_k': 0.004537150859534265, 'ign_c': 834.2368131761001, 'trop_agb_crit': 11.807223225108775, 'trop_k_veg': 1.8992517325933669, 'gdp_gamma': 1.1828648482611153, 'cure_k': 0.0010623536444642648, 'cure_p_min': 120.52780610294822, 'cure_gpp_ref': 0.22815423807957622, 'cure_agb_crit': 2.005590111789256, 'fuel_k': 0.0346565056381418, 'fuel_half': 49.37346987055902}. Best is trial 1132 with value: -0.6317570269256394.
[I 2026-07-25 00:39:19,557] Trial 1286 finished with value: 0.5791812537423335 and parameters: {'k1': 0.0023057368452013395, 'D_low': 188.80826349979077, 'k2': 4.927899760987561e-05, 'D_high': 1576435.8594332424, 'fire_exp': 2.1577279788657204, 'P_half': 219.52716517836822, 'pre_dampen_half': 0.47718836483474736, 'gpp_af': 0.5209062275096662, 'gpp_b': 0.010181466727196909, 'gpp_d': 18.454829376257766, 'ign_k': 0.006322872763403213, 'ign_c': 225.55864533006613, 'trop_agb_crit': 14.57848447786681, 'trop_k_veg': 2.262245821203029, 'gdp_gamma': 0.15403894333368695, 'cure_k': 0.0024530448100853384, 'cure_p_min': 385.74421953510245, 'cure_gpp_ref': 1.6786559380336503, 'cure_agb_crit': 4.376675531254361, 'fuel_k': 1.0340150540704354, 'fuel_half': 0.4973872497449236}. Best is trial 1132 with value: -0.6317570269256394.
[I 2026-07-25 00:39:20,028] Trial 1287 finished with value: 0.5939061373710898 and parameters: {'k1': 0.0001379894251088392, 'D_low': 26.603238894975885, 'k2': 0.0006369738517538458, 'D_high': 2479828.8029433894, 'fire_exp': 1.9012933075988117, 'P_half': 33.040991670872515, 'pre_dampen_half': 0.10457681344806716, 'gpp_af': 0.09970167079100808, 'gpp_b': 0.0014966222811780155, 'gpp_d': 261.79130412245587, 'ign_k': 0.2330606460595916, 'ign_c': 52.025243711619055, 'trop_agb_crit': 4.293999928772298, 'trop_k_veg': 3.590271141129409, 'gdp_gamma': 0.6718490829565885, 'cure_k': 0.010230010175435301, 'cure_p_min': 317.2270200507998, 'cure_gpp_ref': 0.17937497886425988, 'cure_agb_crit': 3.655800295109201, 'fuel_k': 1.0725586477629034, 'fuel_half': 88.60481515260423}. Best is trial 1132 with value: -0.6317570269256394.
[I 2026-07-25 00:39:20,488] Trial 1288 finished with value: 0.4219752909370772 and parameters: {'k1': 0.049573019820189544, 'D_low': 3283.040868705859, 'k2': 0.0005761729313739797, 'D_high': 6473306.961279182, 'fire_exp': 1.3061598167400428, 'P_half': 482.86224685874674, 'pre_dampen_half': 2.323091687261822, 'gpp_af': 5.217908054517941, 'gpp_b': 1.7593092206647116, 'gpp_d': 2.83911707409732, 'ign_k': 0.08377520913714466, 'ign_c': 1.5122945208714595, 'trop_agb_crit': 2.740391491395552, 'trop_k_veg': 4.82282006070044, 'gdp_gamma': 1.3380214903331167, 'cure_k': 0.05028883679261045, 'cure_p_min': 334.6791807928155, 'cure_gpp_ref': 1.4343526325984997, 'cure_agb_crit': 5.142766778569235, 'fuel_k': 0.02067023277756961, 'fuel_half': 22.195311608502234}. Best is trial 1132 with value: -0.6317570269256394.
[I 2026-07-25 00:39:20,949] Trial 1289 finished with value: 0.4273657083965482 and parameters: {'k1': 3.931908661858433e-05, 'D_low': 9.176044602154091, 'k2': 0.0006980343458718262, 'D_high': 1452582.940407576, 'fire_exp': 1.7529226285819237, 'P_half': 62.424998307087556, 'pre_dampen_half': 0.15323012725530746, 'gpp_af': 0.007965177017795285, 'gpp_b': 0.0003370551025190196, 'gpp_d': 714.7461884370019, 'ign_k': 0.028629121463117232, 'ign_c': 1.0013923209490936, 'trop_agb_crit': 1.6437081550849697, 'trop_k_veg': 4.229639224600107, 'gdp_gamma': 1.2088488735187328, 'cure_k': 0.019160620264163236, 'cure_p_min': 388.14689171789206, 'cure_gpp_ref': 0.37963492602733956, 'cure_agb_crit': 2.393005898457295, 'fuel_k': 3.51825088139171, 'fuel_half': 7.7478948623319015}. Best is trial 1132 with value: -0.6317570269256394.
[I 2026-07-25 00:39:21,418] Trial 1290 finished with value: -0.5867824206339891 and parameters: {'k1': 0.0007618054679637952, 'D_low': 11.75055362222247, 'k2': 0.00024058947948197052, 'D_high': 2285296.2973315567, 'fire_exp': 1.0554719437565976, 'P_half': 119.86771776802503, 'pre_dampen_half': 0.08694782913515445, 'gpp_af': 0.920505399707105, 'gpp_b': 0.15104186924147817, 'gpp_d': 32.15255398883527, 'ign_k': 1.9101020517639475, 'ign_c': 0.8518505963013467, 'trop_agb_crit': 7.603759413382641, 'trop_k_veg': 6.487694056843871, 'gdp_gamma': 0.9947403598637317, 'cure_k': 0.002334321690641191, 'cure_p_min': 305.4902972401427, 'cure_gpp_ref': 1.1497022773697907, 'cure_agb_crit': 3.1108798921149425, 'fuel_k': 1.2916134081275883, 'fuel_half': 21.29426512239985}. Best is trial 1132 with value: -0.6317570269256394.
[I 2026-07-25 00:39:21,883] Trial 1291 finished with value: 0.4638267334644104 and parameters: {'k1': 3.2744757687275995e-05, 'D_low': 1028.369121446869, 'k2': 5.409348202068286e-05, 'D_high': 81684.29296766472, 'fire_exp': 1.511844508022916, 'P_half': 277.61510545902155, 'pre_dampen_half': 19.08011903233274, 'gpp_af': 0.06981563438825444, 'gpp_b': 0.2375993475222589, 'gpp_d': 114.8313556340158, 'ign_k': 0.34229926617603307, 'ign_c': 1.829102460850338, 'trop_agb_crit': 12.371187811533126, 'trop_k_veg': 4.774830688778727, 'gdp_gamma': 1.033805196279821, 'cure_k': 0.008705783964341206, 'cure_p_min': 287.10598834333035, 'cure_gpp_ref': 1.0957804622396157, 'cure_agb_crit': 4.300160086801724, 'fuel_k': 0.5658484627746168, 'fuel_half': 0.1009903120744537}. Best is trial 1132 with value: -0.6317570269256394.
[I 2026-07-25 00:39:22,346] Trial 1292 finished with value: 0.5688204277256664 and parameters: {'k1': 0.02532041451101966, 'D_low': 2545.256109894007, 'k2': 0.0002871765292649195, 'D_high': 586910.8910452598, 'fire_exp': 1.5041435058109285, 'P_half': 51.403327825087324, 'pre_dampen_half': 0.25789960813492774, 'gpp_af': 0.6893966819773663, 'gpp_b': 0.2644310014810367, 'gpp_d': 78.93416795017075, 'ign_k': 0.45437449155860965, 'ign_c': 193.11755650387448, 'trop_agb_crit': 11.551307377066337, 'trop_k_veg': 7.6504003110016425, 'gdp_gamma': 1.4174469695720375, 'cure_k': 0.026593648975700036, 'cure_p_min': 347.5876605994361, 'cure_gpp_ref': 0.6395552984429979, 'cure_agb_crit': 4.93578228483521, 'fuel_k': 0.5173342005382373, 'fuel_half': 1.9367418289964626}. Best is trial 1132 with value: -0.6317570269256394.
[I 2026-07-25 00:39:22,813] Trial 1293 finished with value: 0.4768732217917965 and parameters: {'k1': 0.029288975365466676, 'D_low': 344.1272858982128, 'k2': 0.0469978794561765, 'D_high': 1694577.5688493403, 'fire_exp': 2.302641746635787, 'P_half': 931.313603314275, 'pre_dampen_half': 0.4267554774859226, 'gpp_af': 0.04167189612082911, 'gpp_b': 0.015975085678997917, 'gpp_d': 1.8527926078309536, 'ign_k': 0.18990375626685635, 'ign_c': 0.35990212912498043, 'trop_agb_crit': 29.027512080384387, 'trop_k_veg': 2.0141627857319926, 'gdp_gamma': 1.0264037586249504, 'cure_k': 0.04340162829441208, 'cure_p_min': 332.0119241788386, 'cure_gpp_ref': 0.16981743542980363, 'cure_agb_crit': 1.4513259379594923, 'fuel_k': 0.045001731731198376, 'fuel_half': 71.48833762217457}. Best is trial 1132 with value: -0.6317570269256394.
[I 2026-07-25 00:39:23,276] Trial 1294 finished with value: 0.5829605994174879 and parameters: {'k1': 0.0001406933068007413, 'D_low': 41.74806190498332, 'k2': 0.0006688704971060476, 'D_high': 3535675.922194481, 'fire_exp': 1.6649712550827809, 'P_half': 2.3420049733474366, 'pre_dampen_half': 0.06471539226561193, 'gpp_af': 0.013847284495552262, 'gpp_b': 0.05110097614239395, 'gpp_d': 42.631357960070396, 'ign_k': 0.26614321521687656, 'ign_c': 1.7152696566830987, 'trop_agb_crit': 4.356078718831436, 'trop_k_veg': 2.262906411370897, 'gdp_gamma': 0.02473315473450119, 'cure_k': 0.015559652153556562, 'cure_p_min': 209.4145443721488, 'cure_gpp_ref': 0.8835421136238805, 'cure_agb_crit': 3.238215025803412, 'fuel_k': 0.560921050645032, 'fuel_half': 7.514973832532296}. Best is trial 1132 with value: -0.6317570269256394.
[I 2026-07-25 00:39:23,740] Trial 1295 finished with value: 0.51726059438883 and parameters: {'k1': 0.09571526014896106, 'D_low': 6129.7019851746945, 'k2': 4.2541933208107684e-05, 'D_high': 1082231.8392707016, 'fire_exp': 2.3303252385349125, 'P_half': 113.83823828062225, 'pre_dampen_half': 0.07817471077815032, 'gpp_af': 0.7857312421524177, 'gpp_b': 6.213897934173339, 'gpp_d': 202.18793006551147, 'ign_k': 0.1606707477942999, 'ign_c': 56.159083869448295, 'trop_agb_crit': 5.256014972171987, 'trop_k_veg': 4.13358636085429, 'gdp_gamma': 0.6409338283948625, 'cure_k': 0.06040169518989116, 'cure_p_min': 248.4615212608021, 'cure_gpp_ref': 0.9011152686516151, 'cure_agb_crit': 2.5230368016996656, 'fuel_k': 0.01191111714964193, 'fuel_half': 1.4699849952188286}. Best is trial 1132 with value: -0.6317570269256394.
[I 2026-07-25 00:39:24,205] Trial 1296 finished with value: 0.5184521242299356 and parameters: {'k1': 0.00010095039047937472, 'D_low': 9964.404728901793, 'k2': 0.003787952983942694, 'D_high': 41038.70040343761, 'fire_exp': 1.244253338259253, 'P_half': 124.15480966136391, 'pre_dampen_half': 0.2427253759308643, 'gpp_af': 1.134856371972453, 'gpp_b': 2.024283029248138, 'gpp_d': 8.178487348975397, 'ign_k': 3.120434978841228, 'ign_c': 9.597681598178909, 'trop_agb_crit': 5.8640582711764795, 'trop_k_veg': 7.2182384342906385, 'gdp_gamma': 1.2550426031173465, 'cure_k': 0.0038199596304219208, 'cure_p_min': 341.84150246902794, 'cure_gpp_ref': 1.478051513728279, 'cure_agb_crit': 3.4185964100616504, 'fuel_k': 0.8034776800837022, 'fuel_half': 0.16613472006378277}. Best is trial 1132 with value: -0.6317570269256394.
[I 2026-07-25 00:39:24,666] Trial 1297 finished with value: 0.6062742728668711 and parameters: {'k1': 0.00012791198158109993, 'D_low': 243.5275801897134, 'k2': 0.0002854009890460288, 'D_high': 1349354.4929988575, 'fire_exp': 1.7324370015404589, 'P_half': 1792.699546456119, 'pre_dampen_half': 0.8357043361782247, 'gpp_af': 40.50674159855398, 'gpp_b': 0.003086698057398282, 'gpp_d': 3.8185023456973437, 'ign_k': 0.024670974156211695, 'ign_c': 98.64015867230235, 'trop_agb_crit': 9.502509074483388, 'trop_k_veg': 2.8971701585114125, 'gdp_gamma': 0.6033524618899797, 'cure_k': 0.010466496004688368, 'cure_p_min': 314.9949453023643, 'cure_gpp_ref': 0.9539642237056025, 'cure_agb_crit': 5.073253680322183, 'fuel_k': 0.12584575208992171, 'fuel_half': 5.902372065991818}. Best is trial 1132 with value: -0.6317570269256394.
[I 2026-07-25 00:39:25,132] Trial 1298 finished with value: 0.4028234169436693 and parameters: {'k1': 0.010531369422294096, 'D_low': 1669.2199086255146, 'k2': 0.008661337507396342, 'D_high': 2999787.2419240396, 'fire_exp': 1.6555276525889684, 'P_half': 151.60790026488203, 'pre_dampen_half': 5.988519437715216, 'gpp_af': 0.05063497560260163, 'gpp_b': 9.533678990968059e-05, 'gpp_d': 7.087582082505743, 'ign_k': 0.002206906899951963, 'ign_c': 0.3715609056682382, 'trop_agb_crit': 20.33012320365641, 'trop_k_veg': 1.4488332861346158, 'gdp_gamma': 1.2744772592153064, 'cure_k': 0.0015380496809407186, 'cure_p_min': 394.7379966215349, 'cure_gpp_ref': 0.19856412177344662, 'cure_agb_crit': 2.96797916084586, 'fuel_k': 0.19920704104003756, 'fuel_half': 37.77380387517446}. Best is trial 1132 with value: -0.6317570269256394.
[I 2026-07-25 00:39:25,595] Trial 1299 finished with value: 0.5498707874401558 and parameters: {'k1': 0.00018247322885563523, 'D_low': 3.686991443074217, 'k2': 0.0005234665317147121, 'D_high': 1274647.0878246336, 'fire_exp': 1.4081495083497704, 'P_half': 556.1810224703465, 'pre_dampen_half': 0.9176903296891378, 'gpp_af': 0.007328571089926127, 'gpp_b': 0.02585528634789987, 'gpp_d': 206.9204655491091, 'ign_k': 1.9569043091712448, 'ign_c': 9.124916703456641, 'trop_agb_crit': 1.9494910990922816, 'trop_k_veg': 2.0015714642783835, 'gdp_gamma': 1.1772286015491733, 'cure_k': 0.012605321554791467, 'cure_p_min': 278.67795014420165, 'cure_gpp_ref': 0.14789414399701156, 'cure_agb_crit': 6.037478450055379, 'fuel_k': 0.6736685712198791, 'fuel_half': 4.5374057327325445}. Best is trial 1132 with value: -0.6317570269256394.
[I 2026-07-25 00:39:26,056] Trial 1300 finished with value: 0.5620208484836289 and parameters: {'k1': 4.157341178014487e-05, 'D_low': 1.6868298800070585, 'k2': 0.00047535161689605604, 'D_high': 98838.0149861485, 'fire_exp': 2.1606742725311983, 'P_half': 29.782753194256152, 'pre_dampen_half': 0.1110461106490316, 'gpp_af': 0.2191933161917928, 'gpp_b': 0.00015391611569649666, 'gpp_d': 318.73189714560783, 'ign_k': 0.1470848310317673, 'ign_c': 10.768381602284565, 'trop_agb_crit': 1.557774604326699, 'trop_k_veg': 4.6360139325647465, 'gdp_gamma': 0.07615342412244636, 'cure_k': 0.012471744158844418, 'cure_p_min': 258.6919632000807, 'cure_gpp_ref': 0.4642917021517642, 'cure_agb_crit': 4.491131565821522, 'fuel_k': 0.9695828725802682, 'fuel_half': 1.0608035002427147}. Best is trial 1132 with value: -0.6317570269256394.
[I 2026-07-25 00:39:26,522] Trial 1301 finished with value: 0.6055707767285574 and parameters: {'k1': 0.00012928250896133227, 'D_low': 172.9488235342145, 'k2': 0.0031847472596533777, 'D_high': 9580.74135323938, 'fire_exp': 2.1161188201239085, 'P_half': 92.93765621223211, 'pre_dampen_half': 0.04995746642735244, 'gpp_af': 0.001581697386328976, 'gpp_b': 0.18488349800796544, 'gpp_d': 635.1219493472719, 'ign_k': 0.43505342201727676, 'ign_c': 3.9003937325410076, 'trop_agb_crit': 5.019919640934304, 'trop_k_veg': 2.355308471595565, 'gdp_gamma': 0.12881362605392385, 'cure_k': 0.007089513435464263, 'cure_p_min': 286.01131909021314, 'cure_gpp_ref': 0.7906390576867968, 'cure_agb_crit': 4.257645402389839, 'fuel_k': 0.7313662590917769, 'fuel_half': 60.3090929750381}. Best is trial 1132 with value: -0.6317570269256394.
[I 2026-07-25 00:39:26,999] Trial 1302 finished with value: 0.4056741644289057 and parameters: {'k1': 0.001738643158843007, 'D_low': 100.43329278433002, 'k2': 0.00024345900324910169, 'D_high': 1167880.506183914, 'fire_exp': 1.9716063914577275, 'P_half': 31.90005023361413, 'pre_dampen_half': 0.17412759459539534, 'gpp_af': 0.03051932292352874, 'gpp_b': 0.0010628187267590107, 'gpp_d': 9.496232689041452, 'ign_k': 0.042944631241897346, 'ign_c': 0.45959012928952037, 'trop_agb_crit': 5.027637627565669, 'trop_k_veg': 3.2439034855488784, 'gdp_gamma': 0.9083533267760848, 'cure_k': 0.00214293182515283, 'cure_p_min': 192.8617608626929, 'cure_gpp_ref': 1.7461284507987382, 'cure_agb_crit': 3.3298074606135817, 'fuel_k': 0.16736910873405256, 'fuel_half': 6.276040840593927}. Best is trial 1132 with value: -0.6317570269256394.
[I 2026-07-25 00:39:27,499] Trial 1303 finished with value: 0.5925334847188919 and parameters: {'k1': 0.000496985597441527, 'D_low': 34.32809420232668, 'k2': 0.0002577997928333201, 'D_high': 1211714.2793068963, 'fire_exp': 1.1616055151412128, 'P_half': 51.37088846114987, 'pre_dampen_half': 0.015190914196298548, 'gpp_af': 8.086812908398485, 'gpp_b': 1.499941025439798e-05, 'gpp_d': 47.239756929745454, 'ign_k': 0.1616654725899409, 'ign_c': 80.66970524862211, 'trop_agb_crit': 8.707316438448283, 'trop_k_veg': 6.226638816440687, 'gdp_gamma': 1.570447333584131, 'cure_k': 0.0013410070572280172, 'cure_p_min': 388.6055231016609, 'cure_gpp_ref': 0.78905696462205, 'cure_agb_crit': 4.50979068674931, 'fuel_k': 0.5428806225887398, 'fuel_half': 6.528073595202697}. Best is trial 1132 with value: -0.6317570269256394.
[I 2026-07-25 00:39:27,966] Trial 1304 finished with value: 0.547125418664195 and parameters: {'k1': 0.0013306525278298518, 'D_low': 16.39658598302578, 'k2': 0.04210427399747832, 'D_high': 1356891.3155154511, 'fire_exp': 1.459052595713163, 'P_half': 629.5473726612522, 'pre_dampen_half': 66.01334871121237, 'gpp_af': 0.043339702120255, 'gpp_b': 0.0008642735015714033, 'gpp_d': 40.315317407140505, 'ign_k': 0.02008302109976685, 'ign_c': 122.57293982598789, 'trop_agb_crit': 7.554653854730109, 'trop_k_veg': 1.3101315211652682, 'gdp_gamma': 1.1329182178914432, 'cure_k': 0.0011722914256732052, 'cure_p_min': 160.99521273761124, 'cure_gpp_ref': 0.38206564188169656, 'cure_agb_crit': 5.5590240543853495, 'fuel_k': 0.014196808557830275, 'fuel_half': 13.924956622725352}. Best is trial 1132 with value: -0.6317570269256394.
[I 2026-07-25 00:39:28,432] Trial 1305 finished with value: -0.6139719238444941 and parameters: {'k1': 0.002753603604460307, 'D_low': 41.86873203669157, 'k2': 5.0278791850570495e-05, 'D_high': 430531.2594140839, 'fire_exp': 1.0245934920204298, 'P_half': 211.87907301874458, 'pre_dampen_half': 0.23069384682119778, 'gpp_af': 1.838223891659913, 'gpp_b': 2.3453644297355467, 'gpp_d': 977.6246319182745, 'ign_k': 0.3344611454683378, 'ign_c': 2.1504342842018165, 'trop_agb_crit': 8.383735212925666, 'trop_k_veg': 7.873211599768842, 'gdp_gamma': 1.3298410837890262, 'cure_k': 0.021655825146148555, 'cure_p_min': 327.8072168775092, 'cure_gpp_ref': 0.8285367557093597, 'cure_agb_crit': 2.9805909146185194, 'fuel_k': 0.08202421031940535, 'fuel_half': 0.13858472006951433}. Best is trial 1132 with value: -0.6317570269256394.
[I 2026-07-25 00:39:28,902] Trial 1306 finished with value: 0.4681280441476052 and parameters: {'k1': 6.421379621860794e-05, 'D_low': 1.7365660919705614, 'k2': 0.0004048831603572916, 'D_high': 613474.2911453467, 'fire_exp': 1.7722762893703006, 'P_half': 520.9644854573361, 'pre_dampen_half': 7.241241444278844, 'gpp_af': 0.32042462605915606, 'gpp_b': 0.0001542131334022931, 'gpp_d': 55.68374746364071, 'ign_k': 0.5137329884722712, 'ign_c': 7.724622732070912, 'trop_agb_crit': 3.126013211344954, 'trop_k_veg': 1.3682244839592745, 'gdp_gamma': 0.24019875442248476, 'cure_k': 0.5438475630517667, 'cure_p_min': 249.13077824148232, 'cure_gpp_ref': 0.5184625193738979, 'cure_agb_crit': 2.912928800683868, 'fuel_k': 0.24973965150965255, 'fuel_half': 9.113982175082024}. Best is trial 1132 with value: -0.6317570269256394.
