[I 2026-07-22 21:55:49,476] Trial 492 finished with values: [10.012670448043153, 10.012670448043153] and parameters: {'k1': 6.693990428538841e-05, 'D_low': 8454.098152188677, 'k2': 0.002342238625792905, 'D_high': 8433503.858791472, 'fire_exp': 2.2271826002669806, 'P_half': 28.15630081597223, 'pre_dampen_half': 33.71909132517388, 'gpp_af': 1.4498445474033743, 'gpp_b': 1.2892705405728861e-05, 'gpp_d': 25.017068255320467, 'ign_k': 4.59148521674054, 'ign_c': 0.13670484737132343, 'trop_agb_crit': 13.365572767895445, 'trop_k_veg': 1.7518409078083697, 'fuel_k': 1.6460650207153922, 'fuel_half': 42.6871254378718}.
[I 2026-07-22 21:55:49,996] Trial 493 finished with values: [10.036327598097305, 10.036327598097305] and parameters: {'k1': 5.3397427849512415e-05, 'D_low': 11.437258028094242, 'k2': 0.038650368562597265, 'D_high': 8433503.858791472, 'fire_exp': 2.3123511487896353, 'P_half': 4.889669266916749, 'pre_dampen_half': 868.1843415114095, 'gpp_af': 1.4498445474033743, 'gpp_b': 1.1983032564333187e-05, 'gpp_d': 19.948958651882567, 'ign_k': 4.59148521674054, 'ign_c': 16.626592254031866, 'trop_agb_crit': 10.719494362768906, 'trop_k_veg': 1.140286245977296, 'fuel_k': 0.017262921159278164, 'fuel_half': 97.86395331218435}.
[I 2026-07-22 21:55:50,464] Trial 494 finished with values: [11.604698111992162, 11.604698111992162] and parameters: {'k1': 0.003242143344038315, 'D_low': 1.1640589436768796, 'k2': 0.0034207303670092245, 'D_high': 580966.5602369158, 'fire_exp': 1.4905138918021545, 'P_half': 28.15630081597223, 'pre_dampen_half': 10.059683154936915, 'gpp_af': 1.4498445474033743, 'gpp_b': 1.7565109007473816e-05, 'gpp_d': 8.057329182285729, 'ign_k': 0.04732407125181112, 'ign_c': 3.4084279109230433, 'trop_agb_crit': 6.119263728555865, 'trop_k_veg': 0.9369104721775232, 'fuel_k': 0.028970790717327534, 'fuel_half': 28.412055118924748}.
[I 2026-07-22 21:55:50,916] Trial 495 finished with values: [10.727863793594235, 10.727863793594235] and parameters: {'k1': 0.003242143344038315, 'D_low': 3.169598846855015, 'k2': 1.6559474674046002e-05, 'D_high': 3390.98259947779, 'fire_exp': 1.288726787994845, 'P_half': 3.0257721519613185, 'pre_dampen_half': 3.9885726374014694, 'gpp_af': 2.114381609520638, 'gpp_b': 0.002022832315155261, 'gpp_d': 6.91394869865762, 'ign_k': 0.04732407125181112, 'ign_c': 71.28188058401358, 'trop_agb_crit': 5.707205898008383, 'trop_k_veg': 0.9369104721775232, 'fuel_k': 1.3863198285285168, 'fuel_half': 3.0296104428212485}.
[I 2026-07-22 21:55:51,352] Trial 496 finished with values: [11.348250566437043, 11.348250566437043] and parameters: {'k1': 0.0029707920514735983, 'D_low': 1.1640589436768796, 'k2': 2.8459703343413838e-05, 'D_high': 18489.90108223028, 'fire_exp': 1.0482996836046896, 'P_half': 9.324787201197319, 'pre_dampen_half': 3.9885726374014694, 'gpp_af': 0.06789053271698488, 'gpp_b': 1.7565109007473816e-05, 'gpp_d': 373.3014953695604, 'ign_k': 4.59148521674054, 'ign_c': 0.10544710041137256, 'trop_agb_crit': 6.119263728555865, 'trop_k_veg': 2.2426202441332554, 'fuel_k': 0.6199941538390381, 'fuel_half': 13.402368611128821}.
[I 2026-07-22 21:55:51,790] Trial 497 finished with values: [10.03692879985536, 10.03692879985536] and parameters: {'k1': 0.00019876655910112227, 'D_low': 158.0407962960918, 'k2': 3.5281132746849994e-05, 'D_high': 1693415.5410667954, 'fire_exp': 1.5922031489278718, 'P_half': 24.184227958471602, 'pre_dampen_half': 3.9885726374014694, 'gpp_af': 1.4498445474033743, 'gpp_b': 0.00011277885258222645, 'gpp_d': 0.9568931772917474, 'ign_k': 0.004144296901136395, 'ign_c': 98.40989343758308, 'trop_agb_crit': 15.870971677383487, 'trop_k_veg': 0.5415365826598848, 'fuel_k': 1.8731335591844647, 'fuel_half': 18.202647368248815}.
[I 2026-07-22 21:55:52,208] Trial 498 finished with values: [10.19156802656475, 10.19156802656475] and parameters: {'k1': 0.011966626407443505, 'D_low': 13.25142220631392, 'k2': 0.006051580666890612, 'D_high': 2512533.442757688, 'fire_exp': 2.3123511487896353, 'P_half': 9.324787201197319, 'pre_dampen_half': 10.059683154936915, 'gpp_af': 0.08765778781781633, 'gpp_b': 0.004922228103935987, 'gpp_d': 8.057329182285729, 'ign_k': 0.004144296901136395, 'ign_c': 4.1108484350212295, 'trop_agb_crit': 5.115968405120539, 'trop_k_veg': 0.977663002683211, 'fuel_k': 1.312881567992459, 'fuel_half': 81.87941582538087}.
[I 2026-07-22 21:55:52,651] Trial 499 finished with values: [10.751392856079061, 10.751392856079061] and parameters: {'k1': 9.969469187531805e-05, 'D_low': 4.043300846639722, 'k2': 7.67074891445376e-05, 'D_high': 8433503.858791472, 'fire_exp': 2.3750840427797026, 'P_half': 1938.3858782150498, 'pre_dampen_half': 33.97904243111269, 'gpp_af': 42.29037995744429, 'gpp_b': 3.228689523591491e-05, 'gpp_d': 857.4284557962626, 'ign_k': 0.03141110271934876, 'ign_c': 3.0378658251922155, 'trop_agb_crit': 10.719494362768906, 'trop_k_veg': 1.140286245977296, 'fuel_k': 1.8731335591844647, 'fuel_half': 81.87941582538087}.
[I 2026-07-22 21:55:53,101] Trial 500 finished with values: [-0.3883636999451696, 0.1750081742243117] and parameters: {'k1': 0.052334804885400876, 'D_low': 4.043300846639722, 'k2': 0.0007406380926311093, 'D_high': 30235.506416287044, 'fire_exp': 2.264545306066772, 'P_half': 3.6138942712165267, 'pre_dampen_half': 6.881834772031151, 'gpp_af': 1.1300566419249867, 'gpp_b': 1.2892705405728861e-05, 'gpp_d': 8.057329182285729, 'ign_k': 0.004144296901136395, 'ign_c': 4.1108484350212295, 'trop_agb_crit': 6.119263728555865, 'trop_k_veg': 0.5415365826598848, 'fuel_k': 1.8731335591844647, 'fuel_half': 38.21129441691226}.
[I 2026-07-22 21:55:53,530] Trial 501 finished with values: [10.711957011693752, 10.711957011693752] and parameters: {'k1': 0.052334804885400876, 'D_low': 4.043300846639722, 'k2': 0.020679187143488792, 'D_high': 6978.624673182437, 'fire_exp': 1.7650286443463072, 'P_half': 8.91613269954689, 'pre_dampen_half': 33.97904243111269, 'gpp_af': 0.3259758793317361, 'gpp_b': 1.1983032564333187e-05, 'gpp_d': 2.901272149738622, 'ign_k': 0.031117676855667385, 'ign_c': 98.40989343758308, 'trop_agb_crit': 15.870971677383487, 'trop_k_veg': 0.9389228405367727, 'fuel_k': 0.017262921159278164, 'fuel_half': 38.21129441691226}.
[I 2026-07-22 21:55:53,973] Trial 502 finished with values: [-0.5520303474100996, 0.08612499391708872] and parameters: {'k1': 6.693990428538841e-05, 'D_low': 8454.098152188677, 'k2': 0.002342238625792905, 'D_high': 8433503.858791472, 'fire_exp': 2.3750840427797026, 'P_half': 1.4378290221680121, 'pre_dampen_half': 33.71909132517388, 'gpp_af': 1.4498445474033743, 'gpp_b': 0.002022832315155261, 'gpp_d': 6.91394869865762, 'ign_k': 4.59148521674054, 'ign_c': 0.13670484737132343, 'trop_agb_crit': 10.719494362768906, 'trop_k_veg': 0.977663002683211, 'fuel_k': 3.6992394681929355, 'fuel_half': 81.87941582538087}.
[I 2026-07-22 21:55:54,418] Trial 503 finished with values: [-0.3806960606539533, 0.1308557312058587] and parameters: {'k1': 0.0029707920514735983, 'D_low': 4.043300846639722, 'k2': 2.1698375693549493e-05, 'D_high': 8433503.858791472, 'fire_exp': 1.0689448798385355, 'P_half': 1938.3858782150498, 'pre_dampen_half': 33.71909132517388, 'gpp_af': 0.0025511964576171086, 'gpp_b': 3.228689523591491e-05, 'gpp_d': 6.91394869865762, 'ign_k': 0.03141110271934876, 'ign_c': 3.0378658251922155, 'trop_agb_crit': 15.870971677383487, 'trop_k_veg': 0.977663002683211, 'fuel_k': 5.486054129200971, 'fuel_half': 18.202647368248815}.
[I 2026-07-22 21:55:54,866] Trial 504 finished with values: [10.768194115755199, 10.768194115755199] and parameters: {'k1': 0.0003199177539819797, 'D_low': 13.25142220631392, 'k2': 2.8459703343413838e-05, 'D_high': 2512533.442757688, 'fire_exp': 1.7650286443463072, 'P_half': 334.62201030483817, 'pre_dampen_half': 0.023226277943865486, 'gpp_af': 0.3259758793317361, 'gpp_b': 1.7565109007473816e-05, 'gpp_d': 8.057329182285729, 'ign_k': 0.004144296901136395, 'ign_c': 0.9748197009262509, 'trop_agb_crit': 1.4914219038863046, 'trop_k_veg': 2.2426202441332554, 'fuel_k': 0.6199941538390381, 'fuel_half': 42.6871254378718}.
[I 2026-07-22 21:55:55,352] Trial 505 finished with values: [-0.3648958211605229, 0.1270956841112001] and parameters: {'k1': 0.0029707920514735983, 'D_low': 4.043300846639722, 'k2': 2.1698375693549493e-05, 'D_high': 160625.60954780428, 'fire_exp': 1.0689448798385355, 'P_half': 1938.3858782150498, 'pre_dampen_half': 33.97904243111269, 'gpp_af': 0.0025511964576171086, 'gpp_b': 3.228689523591491e-05, 'gpp_d': 857.4284557962626, 'ign_k': 0.03141110271934876, 'ign_c': 3.0378658251922155, 'trop_agb_crit': 15.870971677383487, 'trop_k_veg': 6.911478238001162, 'fuel_k': 5.486054129200971, 'fuel_half': 18.202647368248815}.
[I 2026-07-22 21:55:55,799] Trial 506 finished with values: [11.224691054850979, 11.224691054850979] and parameters: {'k1': 0.003242143344038315, 'D_low': 11.437258028094242, 'k2': 0.0034207303670092245, 'D_high': 8433503.858791472, 'fire_exp': 2.2271826002669806, 'P_half': 1.4378290221680121, 'pre_dampen_half': 10.059683154936915, 'gpp_af': 42.29037995744429, 'gpp_b': 1.7565109007473816e-05, 'gpp_d': 25.017068255320467, 'ign_k': 4.59148521674054, 'ign_c': 0.13670484737132343, 'trop_agb_crit': 10.719494362768906, 'trop_k_veg': 1.140286245977296, 'fuel_k': 0.028970790717327534, 'fuel_half': 42.6871254378718}.
[I 2026-07-22 21:55:56,231] Trial 507 finished with values: [10.317108165937112, 10.317108165937112] and parameters: {'k1': 0.0029707920514735983, 'D_low': 4.043300846639722, 'k2': 2.1698375693549493e-05, 'D_high': 2283.4228779494524, 'fire_exp': 1.0689448798385355, 'P_half': 21.901578520649217, 'pre_dampen_half': 6.881834772031151, 'gpp_af': 0.0025511964576171086, 'gpp_b': 3.228689523591491e-05, 'gpp_d': 302.3127748796295, 'ign_k': 0.006290644294586149, 'ign_c': 6.3906950920732175, 'trop_agb_crit': 15.870971677383487, 'trop_k_veg': 6.911478238001162, 'fuel_k': 5.486054129200971, 'fuel_half': 38.21129441691226}.
[I 2026-07-22 21:55:56,656] Trial 508 finished with values: [12.152973762291005, 12.152973762291005] and parameters: {'k1': 0.0029707920514735983, 'D_low': 4.043300846639722, 'k2': 0.002342238625792905, 'D_high': 8433503.858791472, 'fire_exp': 1.0689448798385355, 'P_half': 259.29513803785335, 'pre_dampen_half': 33.97904243111269, 'gpp_af': 0.0025511964576171086, 'gpp_b': 1.2892705405728861e-05, 'gpp_d': 25.017068255320467, 'ign_k': 0.018707420137660268, 'ign_c': 2.4423775964038934, 'trop_agb_crit': 15.870971677383487, 'trop_k_veg': 0.977663002683211, 'fuel_k': 5.486054129200971, 'fuel_half': 42.6871254378718}.
[I 2026-07-22 21:55:57,085] Trial 509 finished with values: [10.510081106854175, 10.510081106854175] and parameters: {'k1': 0.0003199177539819797, 'D_low': 13.25142220631392, 'k2': 0.07799059237255677, 'D_high': 2283.4228779494524, 'fire_exp': 1.5922031489278718, 'P_half': 334.62201030483817, 'pre_dampen_half': 3.9885726374014694, 'gpp_af': 0.3259758793317361, 'gpp_b': 1.1698276136056565e-05, 'gpp_d': 2.2044650100999164, 'ign_k': 0.006039096247545781, 'ign_c': 77.59048401667629, 'trop_agb_crit': 15.870971677383487, 'trop_k_veg': 3.024803048559367, 'fuel_k': 0.6211831489538813, 'fuel_half': 13.402368611128821}.
[I 2026-07-22 21:55:57,522] Trial 510 finished with values: [13.742137184447557, 13.742137184447557] and parameters: {'k1': 6.693990428538841e-05, 'D_low': 1.1640589436768796, 'k2': 2.1698375693549493e-05, 'D_high': 160625.60954780428, 'fire_exp': 1.0689448798385355, 'P_half': 28.15630081597223, 'pre_dampen_half': 33.97904243111269, 'gpp_af': 1.4498445474033743, 'gpp_b': 3.228689523591491e-05, 'gpp_d': 857.4284557962626, 'ign_k': 0.03141110271934876, 'ign_c': 2.4423775964038934, 'trop_agb_crit': 6.058402553512053, 'trop_k_veg': 1.7518409078083697, 'fuel_k': 5.486054129200971, 'fuel_half': 42.6871254378718}.
[I 2026-07-22 21:55:57,949] Trial 511 finished with values: [10.769230768838547, 10.769230768838547] and parameters: {'k1': 0.02806535913298299, 'D_low': 8454.098152188677, 'k2': 0.002342238625792905, 'D_high': 8433503.858791472, 'fire_exp': 2.3750840427797026, 'P_half': 1.4378290221680121, 'pre_dampen_half': 3.9885726374014694, 'gpp_af': 1.4498445474033743, 'gpp_b': 0.00012118589392553819, 'gpp_d': 6.91394869865762, 'ign_k': 0.47081597932501923, 'ign_c': 71.28188058401358, 'trop_agb_crit': 10.719494362768906, 'trop_k_veg': 2.3703642788018935, 'fuel_k': 3.6992394681929355, 'fuel_half': 3.0296104428212485}.
[I 2026-07-22 21:55:58,375] Trial 512 finished with values: [10.286248515293888, 10.286248515293888] and parameters: {'k1': 0.02806535913298299, 'D_low': 3.169598846855015, 'k2': 0.07799059237255677, 'D_high': 558.9524205217922, 'fire_exp': 1.4750777427176416, 'P_half': 4.889669266916749, 'pre_dampen_half': 12.515601598062569, 'gpp_af': 0.06789053271698488, 'gpp_b': 0.00012118589392553819, 'gpp_d': 6.91394869865762, 'ign_k': 0.006039096247545781, 'ign_c': 4.1108484350212295, 'trop_agb_crit': 2.419699259862185, 'trop_k_veg': 3.024803048559367, 'fuel_k': 0.03743055596010634, 'fuel_half': 0.33988503110784557}.
[I 2026-07-22 21:55:58,806] Trial 513 finished with values: [15.815008087636757, 15.815008087636757] and parameters: {'k1': 0.052334804885400876, 'D_low': 4.043300846639722, 'k2': 0.0007406380926311093, 'D_high': 2512533.442757688, 'fire_exp': 2.1877314568674895, 'P_half': 1.4378290221680121, 'pre_dampen_half': 33.71909132517388, 'gpp_af': 0.2077161282926346, 'gpp_b': 1.2892705405728861e-05, 'gpp_d': 373.3014953695604, 'ign_k': 4.59148521674054, 'ign_c': 0.13670484737132343, 'trop_agb_crit': 15.870971677383487, 'trop_k_veg': 0.5687244174086067, 'fuel_k': 0.017262921159278164, 'fuel_half': 16.371966573507315}.
[I 2026-07-22 21:55:59,285] Trial 514 finished with values: [13.595136806020765, 13.595136806020765] and parameters: {'k1': 9.969469187531805e-05, 'D_low': 1.1640589436768796, 'k2': 0.002342238625792905, 'D_high': 2512533.442757688, 'fire_exp': 1.0482996836046896, 'P_half': 9.324787201197319, 'pre_dampen_half': 33.71909132517388, 'gpp_af': 1.4498445474033743, 'gpp_b': 0.02048523887932671, 'gpp_d': 373.3014953695604, 'ign_k': 4.59148521674054, 'ign_c': 0.13670484737132343, 'trop_agb_crit': 6.119263728555865, 'trop_k_veg': 1.140286245977296, 'fuel_k': 3.6992394681929355, 'fuel_half': 16.371966573507315}.
[I 2026-07-22 21:55:59,794] Trial 515 finished with values: [10.519012115507634, 10.519012115507634] and parameters: {'k1': 0.003242143344038315, 'D_low': 4.043300846639722, 'k2': 1.6559474674046002e-05, 'D_high': 1693415.5410667954, 'fire_exp': 1.4162240221284284, 'P_half': 1938.3858782150498, 'pre_dampen_half': 10.059683154936915, 'gpp_af': 0.0025511964576171086, 'gpp_b': 3.228689523591491e-05, 'gpp_d': 25.017068255320467, 'ign_k': 0.018707420137660268, 'ign_c': 0.19678273362633986, 'trop_agb_crit': 15.870971677383487, 'trop_k_veg': 6.911478238001162, 'fuel_k': 0.09252659617259135, 'fuel_half': 38.21129441691226}.
[I 2026-07-22 21:56:00,253] Trial 516 finished with values: [12.139049752277987, 12.139049752277987] and parameters: {'k1': 0.011966626407443505, 'D_low': 13.25142220631392, 'k2': 0.0007406380926311093, 'D_high': 1513567.861194033, 'fire_exp': 1.6090272901502027, 'P_half': 9.324787201197319, 'pre_dampen_half': 6.881834772031151, 'gpp_af': 1.1300566419249867, 'gpp_b': 1.7565109007473816e-05, 'gpp_d': 302.3127748796295, 'ign_k': 0.006290644294586149, 'ign_c': 4.1108484350212295, 'trop_agb_crit': 6.119263728555865, 'trop_k_veg': 0.5687244174086067, 'fuel_k': 0.6199941538390381, 'fuel_half': 0.253071961271088}.
[I 2026-07-22 21:56:00,708] Trial 517 finished with values: [10.766919802636156, 10.766919802636156] and parameters: {'k1': 0.002968335334246999, 'D_low': 1.1640589436768796, 'k2': 0.07799059237255677, 'D_high': 2512533.442757688, 'fire_exp': 2.3750840427797026, 'P_half': 3648.4560830477985, 'pre_dampen_half': 2.488338093530606, 'gpp_af': 18.235072804314193, 'gpp_b': 0.00011277885258222645, 'gpp_d': 373.3014953695604, 'ign_k': 0.0012663923057989628, 'ign_c': 16.626592254031866, 'trop_agb_crit': 10.719494362768906, 'trop_k_veg': 1.140286245977296, 'fuel_k': 0.08872338014306087, 'fuel_half': 16.371966573507315}.
[I 2026-07-22 21:56:01,155] Trial 518 finished with values: [10.832163386738848, 10.832163386738848] and parameters: {'k1': 9.969469187531805e-05, 'D_low': 1.1640589436768796, 'k2': 0.05438762195226743, 'D_high': 2512533.442757688, 'fire_exp': 2.2271826002669806, 'P_half': 9.324787201197319, 'pre_dampen_half': 868.1843415114095, 'gpp_af': 0.06789053271698488, 'gpp_b': 1.2892705405728861e-05, 'gpp_d': 373.3014953695604, 'ign_k': 4.59148521674054, 'ign_c': 8.356564873457042, 'trop_agb_crit': 10.719494362768906, 'trop_k_veg': 0.5695379443977426, 'fuel_k': 0.017262921159278164, 'fuel_half': 16.371966573507315}.
[I 2026-07-22 21:56:01,659] Trial 519 finished with values: [-0.5922419427143929, 0.12648711041921623] and parameters: {'k1': 6.693990428538841e-05, 'D_low': 8454.098152188677, 'k2': 0.002342238625792905, 'D_high': 8433503.858791472, 'fire_exp': 2.3750840427797026, 'P_half': 1.4378290221680121, 'pre_dampen_half': 19.21689966904806, 'gpp_af': 0.07961191926812566, 'gpp_b': 1.2892705405728861e-05, 'gpp_d': 6.91394869865762, 'ign_k': 4.59148521674054, 'ign_c': 0.13670484737132343, 'trop_agb_crit': 10.719494362768906, 'trop_k_veg': 0.977663002683211, 'fuel_k': 3.6992394681929355, 'fuel_half': 81.87941582538087}.
  trial  520/1500  pareto_size=3  best_taylor=0.7070  best_ilamb=0.5392  (3.7 min)
[I 2026-07-22 21:56:02,330] Trial 520 finished with values: [10.028937555254133, 10.028937555254133] and parameters: {'k1': 0.0003938139750079109, 'D_low': 4.043300846639722, 'k2': 0.00209261568837867, 'D_high': 15907.988939621297, 'fire_exp': 1.288726787994845, 'P_half': 4.889669266916749, 'pre_dampen_half': 3.9885726374014694, 'gpp_af': 0.0025511964576171086, 'gpp_b': 3.228689523591491e-05, 'gpp_d': 302.3127748796295, 'ign_k': 0.006039096247545781, 'ign_c': 71.28188058401358, 'trop_agb_crit': 2.419699259862185, 'trop_k_veg': 2.3703642788018935, 'fuel_k': 1.8731335591844647, 'fuel_half': 3.0296104428212485}.
[I 2026-07-22 21:56:02,823] Trial 521 finished with values: [-0.23718218502688954, 0.09691112164263793] and parameters: {'k1': 0.09738633019266786, 'D_low': 13.25142220631392, 'k2': 3.5281132746849994e-05, 'D_high': 1693415.5410667954, 'fire_exp': 1.5922031489278718, 'P_half': 270.15957920129443, 'pre_dampen_half': 3.9885726374014694, 'gpp_af': 1.4498445474033743, 'gpp_b': 0.00011277885258222645, 'gpp_d': 373.3014953695604, 'ign_k': 0.004144296901136395, 'ign_c': 3.0378658251922155, 'trop_agb_crit': 15.870971677383487, 'trop_k_veg': 0.5415365826598848, 'fuel_k': 0.028970790717327534, 'fuel_half': 81.87941582538087}.
[I 2026-07-22 21:56:03,281] Trial 522 finished with values: [10.769230768838547, 10.769230768838547] and parameters: {'k1': 0.02806535913298299, 'D_low': 3.169598846855015, 'k2': 3.5281132746849994e-05, 'D_high': 2512533.442757688, 'fire_exp': 1.288726787994845, 'P_half': 4.889669266916749, 'pre_dampen_half': 10.059683154936915, 'gpp_af': 2.114381609520638, 'gpp_b': 0.00012118589392553819, 'gpp_d': 6.91394869865762, 'ign_k': 4.59148521674054, 'ign_c': 71.28188058401358, 'trop_agb_crit': 10.719494362768906, 'trop_k_veg': 0.5695379443977426, 'fuel_k': 1.3863198285285168, 'fuel_half': 16.371966573507315}.
[I 2026-07-22 21:56:03,728] Trial 523 finished with values: [13.188520395484286, 13.188520395484286] and parameters: {'k1': 0.0029707920514735983, 'D_low': 4.043300846639722, 'k2': 0.011469197890812934, 'D_high': 1693415.5410667954, 'fire_exp': 1.0689448798385355, 'P_half': 245.27450543222417, 'pre_dampen_half': 33.97904243111269, 'gpp_af': 2.114381609520638, 'gpp_b': 3.228689523591491e-05, 'gpp_d': 373.3014953695604, 'ign_k': 0.018707420137660268, 'ign_c': 3.0378658251922155, 'trop_agb_crit': 15.870971677383487, 'trop_k_veg': 6.911478238001162, 'fuel_k': 0.028970790717327534, 'fuel_half': 27.47623461877469}.
[I 2026-07-22 21:56:04,165] Trial 524 finished with values: [10.142060270995996, 10.142060270995996] and parameters: {'k1': 6.693990428538841e-05, 'D_low': 8454.098152188677, 'k2': 0.007455766613295631, 'D_high': 8433503.858791472, 'fire_exp': 2.264545306066772, 'P_half': 1.4378290221680121, 'pre_dampen_half': 33.71909132517388, 'gpp_af': 1.4498445474033743, 'gpp_b': 1.2892705405728861e-05, 'gpp_d': 599.2644014925409, 'ign_k': 0.006290644294586149, 'ign_c': 0.13670484737132343, 'trop_agb_crit': 10.719494362768906, 'trop_k_veg': 0.5259254914812883, 'fuel_k': 3.6992394681929355, 'fuel_half': 81.87941582538087}.
[I 2026-07-22 21:56:04,627] Trial 525 finished with values: [10.529470597289444, 10.529470597289444] and parameters: {'k1': 0.0003199177539819797, 'D_low': 4.043300846639722, 'k2': 0.07799059237255677, 'D_high': 2512533.442757688, 'fire_exp': 1.4750777427176416, 'P_half': 1938.3858782150498, 'pre_dampen_half': 10.059683154936915, 'gpp_af': 2.114381609520638, 'gpp_b': 1.2892705405728861e-05, 'gpp_d': 373.3014953695604, 'ign_k': 0.018707420137660268, 'ign_c': 3.0378658251922155, 'trop_agb_crit': 15.870971677383487, 'trop_k_veg': 1.6340262437673856, 'fuel_k': 0.028970790717327534, 'fuel_half': 0.13122924251987642}.
[I 2026-07-22 21:56:05,068] Trial 526 finished with values: [10.71264369807231, 10.71264369807231] and parameters: {'k1': 6.068927406889472e-05, 'D_low': 1.1640589436768796, 'k2': 2.8459703343413838e-05, 'D_high': 2512533.442757688, 'fire_exp': 1.0482996836046896, 'P_half': 9.324787201197319, 'pre_dampen_half': 868.1843415114095, 'gpp_af': 0.0010909739353103314, 'gpp_b': 0.02048523887932671, 'gpp_d': 17.273230592904202, 'ign_k': 4.59148521674054, 'ign_c': 16.626592254031866, 'trop_agb_crit': 6.119263728555865, 'trop_k_veg': 1.140286245977296, 'fuel_k': 0.48736180483849406, 'fuel_half': 16.371966573507315}.
