[I 2026-07-24 02:16:35,022] Trial 101 finished with value: 0.47565404887390317 and parameters: {'k1': 0.01128105820079935, 'D_low': 175.84524983104023, 'k2': 6.822501168625121e-05, 'D_high': 1041648.8222669369, 'fire_exp': 1.3512818150059833, 'P_half': 5.25079457271157, 'pre_dampen_half': 14.071904502374847, 'gpp_af': 8.51190419469737, 'gpp_b': 0.13705735663501087, 'gpp_d': 565.6008252376953, 'ign_k': 0.004306900215977141, 'ign_c': 21.914305170936615, 'trop_agb_crit': 4.712506085081602, 'trop_k_veg': 2.5183853902034374, 'fuel_k': 4.280389818341272, 'fuel_half': 0.6536375090583949}. Best is trial 0 with value: -0.6070628323553574.
[I 2026-07-24 02:16:35,426] Trial 102 finished with value: 0.6013908961475232 and parameters: {'k1': 0.046343552651344905, 'D_low': 160894.70096035535, 'k2': 0.012652322271142552, 'D_high': 5740613.586258595, 'fire_exp': 3.3032690302322014, 'P_half': 8.28927576924139, 'pre_dampen_half': 0.9333334881225028, 'gpp_af': 36.708547077034765, 'gpp_b': 4.09862092037457e-05, 'gpp_d': 533.1784271104142, 'ign_k': 6.299392983234333, 'ign_c': 0.30003161528008193, 'trop_agb_crit': 7.803011053880043, 'trop_k_veg': 1.115592471146207, 'fuel_k': 3.763753157933376, 'fuel_half': 0.33496130007171726}. Best is trial 0 with value: -0.6070628323553574.
[I 2026-07-24 02:16:35,849] Trial 103 finished with value: -0.49669937774666506 and parameters: {'k1': 0.0013756696248295086, 'D_low': 4987.886260901159, 'k2': 0.008429315244934182, 'D_high': 840500.8071662751, 'fire_exp': 3.2110661037833124, 'P_half': 4.872915049206595, 'pre_dampen_half': 97.5444703816192, 'gpp_af': 33.26519429321417, 'gpp_b': 0.07442363861253563, 'gpp_d': 7.9431151064215015, 'ign_k': 3.527559185814075, 'ign_c': 8.82727774883808, 'trop_agb_crit': 19.347709088952804, 'trop_k_veg': 5.620808370349195, 'fuel_k': 0.9306265174983556, 'fuel_half': 1.4950655887435131}. Best is trial 0 with value: -0.6070628323553574.
[I 2026-07-24 02:16:36,252] Trial 104 finished with value: 0.5972139936402143 and parameters: {'k1': 0.003159085131090961, 'D_low': 2300.515287604623, 'k2': 0.00022816687820640744, 'D_high': 1386.7033774837691, 'fire_exp': 1.1894572820656633, 'P_half': 3.389543662638486, 'pre_dampen_half': 0.04819001842964, 'gpp_af': 5.964182413762203, 'gpp_b': 0.0027894440442142827, 'gpp_d': 376.6304557635763, 'ign_k': 0.013285154467336859, 'ign_c': 0.7245198565713873, 'trop_agb_crit': 2.13710318403575, 'trop_k_veg': 1.7703434985589785, 'fuel_k': 3.496969835373023, 'fuel_half': 1.6804483047399548}. Best is trial 0 with value: -0.6070628323553574.
[I 2026-07-24 02:16:36,668] Trial 105 finished with value: 0.5070280566796912 and parameters: {'k1': 0.0016178852232468747, 'D_low': 60121.9856880831, 'k2': 0.0026220747658377255, 'D_high': 508207.84797815135, 'fire_exp': 4.923109468183748, 'P_half': 5.110762525869372, 'pre_dampen_half': 267.2674534121228, 'gpp_af': 4.737752459138259, 'gpp_b': 0.06969503191062702, 'gpp_d': 337.53410005720497, 'ign_k': 7.6473427647846535, 'ign_c': 8.236471296503105, 'trop_agb_crit': 20.81277538739614, 'trop_k_veg': 5.357060216713192, 'fuel_k': 1.809894363271629, 'fuel_half': 1.0772933947278174}. Best is trial 0 with value: -0.6070628323553574.
[I 2026-07-24 02:16:37,070] Trial 106 finished with value: 0.5174926836615783 and parameters: {'k1': 0.00156854303430605, 'D_low': 1202.997523113385, 'k2': 0.0015244169257772815, 'D_high': 15479.600466582599, 'fire_exp': 2.183886873209818, 'P_half': 2.324048150200569, 'pre_dampen_half': 7.188068702102703, 'gpp_af': 0.3291845153305581, 'gpp_b': 0.02817801115306577, 'gpp_d': 26.165867411531817, 'ign_k': 8.790288193656545, 'ign_c': 13.95291747497176, 'trop_agb_crit': 29.24322737348651, 'trop_k_veg': 4.251714188496566, 'fuel_k': 0.07298687324998016, 'fuel_half': 2.8949531184494903}. Best is trial 0 with value: -0.6070628323553574.
[I 2026-07-24 02:16:37,480] Trial 107 finished with value: 0.45831998897128057 and parameters: {'k1': 0.0012216746119329714, 'D_low': 133.9132670362761, 'k2': 3.280527396662702e-05, 'D_high': 29527.915017116782, 'fire_exp': 1.8389924015891987, 'P_half': 106.75448565706738, 'pre_dampen_half': 5.005597279887765, 'gpp_af': 3.300580921288938, 'gpp_b': 0.00010994883464099183, 'gpp_d': 903.9045345633074, 'ign_k': 1.0693879182225872, 'ign_c': 1.922795062026191, 'trop_agb_crit': 1.67257948076726, 'trop_k_veg': 0.6835132327037864, 'fuel_k': 4.775339992441118, 'fuel_half': 0.47294008137458116}. Best is trial 0 with value: -0.6070628323553574.
[I 2026-07-24 02:16:37,882] Trial 108 finished with value: 0.6202079283096457 and parameters: {'k1': 0.005213300089056508, 'D_low': 1243.9337917954863, 'k2': 0.0006914327193295258, 'D_high': 78048.79319432072, 'fire_exp': 4.089682480526916, 'P_half': 21.322285692604453, 'pre_dampen_half': 2.7672472027300348, 'gpp_af': 0.15493959422506537, 'gpp_b': 5.793200751174388, 'gpp_d': 12.886287599273722, 'ign_k': 4.095423775843228, 'ign_c': 0.5652396444731188, 'trop_agb_crit': 4.205526412460272, 'trop_k_veg': 1.7576031468914768, 'fuel_k': 2.3659898156892765, 'fuel_half': 1.397474259248218}. Best is trial 0 with value: -0.6070628323553574.
[I 2026-07-24 02:16:38,286] Trial 109 finished with value: 0.6399199965226424 and parameters: {'k1': 0.00027726472676388735, 'D_low': 51444.54508556768, 'k2': 0.08972447191611213, 'D_high': 470679.2741770468, 'fire_exp': 5.246993250505439, 'P_half': 8.873451596902571, 'pre_dampen_half': 30.254201249461623, 'gpp_af': 56.24276944968993, 'gpp_b': 0.012495952229288858, 'gpp_d': 0.2381045000075373, 'ign_k': 1.5743456855306726, 'ign_c': 4.285255052335172, 'trop_agb_crit': 23.81331794247083, 'trop_k_veg': 2.4501330418153384, 'fuel_k': 0.3301890180880468, 'fuel_half': 3.548694645949321}. Best is trial 0 with value: -0.6070628323553574.
[I 2026-07-24 02:16:38,686] Trial 110 finished with value: 0.5881164528577475 and parameters: {'k1': 0.0009873218366415755, 'D_low': 105.25799138834039, 'k2': 0.00018413990843482952, 'D_high': 552222.9893709555, 'fire_exp': 2.5245403573681213, 'P_half': 6.318036732434606, 'pre_dampen_half': 1.699583344658732, 'gpp_af': 0.1547821273796744, 'gpp_b': 0.09631130345628555, 'gpp_d': 0.7427231674052234, 'ign_k': 0.45599525143888464, 'ign_c': 27.12821255010822, 'trop_agb_crit': 4.925734674628812, 'trop_k_veg': 2.271608309654996, 'fuel_k': 0.39424945860559674, 'fuel_half': 4.69897766207661}. Best is trial 0 with value: -0.6070628323553574.
[I 2026-07-24 02:16:39,098] Trial 111 finished with value: 0.5459720412847875 and parameters: {'k1': 0.028958481217715458, 'D_low': 578.1723519026649, 'k2': 0.00013881195018027227, 'D_high': 6716092.273934017, 'fire_exp': 1.4387511985955983, 'P_half': 1.4329478001235945, 'pre_dampen_half': 4.100980964196075, 'gpp_af': 1.0638543761632115, 'gpp_b': 0.00014422578748839103, 'gpp_d': 55.682630471359744, 'ign_k': 0.011041002711841063, 'ign_c': 136.39174116543748, 'trop_agb_crit': 3.2689310400245413, 'trop_k_veg': 0.8019107966341671, 'fuel_k': 2.3689563588067113, 'fuel_half': 0.9443233236746357}. Best is trial 0 with value: -0.6070628323553574.
[I 2026-07-24 02:16:39,502] Trial 112 finished with value: 0.45540888305630867 and parameters: {'k1': 0.053896738866148874, 'D_low': 812.0590023866201, 'k2': 4.1021162955146724e-05, 'D_high': 43825.276272556766, 'fire_exp': 1.0658735882878019, 'P_half': 5.379232550575729, 'pre_dampen_half': 4.160797488996078, 'gpp_af': 2.0276447202161343, 'gpp_b': 0.022822161364457607, 'gpp_d': 859.7523080320433, 'ign_k': 0.031169115923293505, 'ign_c': 1.4933427279578346, 'trop_agb_crit': 1.6571919078834507, 'trop_k_veg': 1.952135730957492, 'fuel_k': 2.078909653067308, 'fuel_half': 0.10446994805979093}. Best is trial 0 with value: -0.6070628323553574.
[I 2026-07-24 02:16:39,907] Trial 113 finished with value: 0.6409747071229377 and parameters: {'k1': 0.0033581031114652696, 'D_low': 29005.583754597086, 'k2': 0.038812220172617595, 'D_high': 1531494.5859496724, 'fire_exp': 2.8538976333662367, 'P_half': 1.781770469210257, 'pre_dampen_half': 126.44246206239333, 'gpp_af': 95.34571900008697, 'gpp_b': 0.009227469216529182, 'gpp_d': 123.18965431843625, 'ign_k': 9.39881920259792, 'ign_c': 32.53185563866891, 'trop_agb_crit': 14.921839529689793, 'trop_k_veg': 7.875407463694898, 'fuel_k': 0.2820129375145621, 'fuel_half': 8.150181220764432}. Best is trial 0 with value: -0.6070628323553574.
[I 2026-07-24 02:16:40,310] Trial 114 finished with value: 0.4916013689850074 and parameters: {'k1': 0.003236169975824336, 'D_low': 1065.296420414581, 'k2': 0.002355740400716493, 'D_high': 524856.0499038188, 'fire_exp': 3.1590730442155954, 'P_half': 3.221888615592533, 'pre_dampen_half': 27.222057392727375, 'gpp_af': 59.415393700060726, 'gpp_b': 0.0002533739427903004, 'gpp_d': 352.9215019513994, 'ign_k': 3.7548352592699104, 'ign_c': 0.25143264508153035, 'trop_agb_crit': 2.856625732491448, 'trop_k_veg': 1.32234642577602, 'fuel_k': 1.3322343199041893, 'fuel_half': 2.8361367963157242}. Best is trial 0 with value: -0.6070628323553574.
[I 2026-07-24 02:16:40,713] Trial 115 finished with value: -0.5560071992359454 and parameters: {'k1': 0.01179443592505356, 'D_low': 38.008855499194, 'k2': 5.471623743121091e-05, 'D_high': 1176333.0247909941, 'fire_exp': 1.888961627921924, 'P_half': 2.1360296883116283, 'pre_dampen_half': 0.14606728645988515, 'gpp_af': 4.121675911091918, 'gpp_b': 0.00013310787813118329, 'gpp_d': 97.49776388874201, 'ign_k': 0.2398550159499254, 'ign_c': 1.4749993792266964, 'trop_agb_crit': 1.0872893419085135, 'trop_k_veg': 0.7569321077543972, 'fuel_k': 4.94636559782805, 'fuel_half': 2.369596977290649}. Best is trial 0 with value: -0.6070628323553574.
[I 2026-07-24 02:16:41,116] Trial 116 finished with value: 0.5703608313629609 and parameters: {'k1': 0.023028170548145516, 'D_low': 99465.91377388178, 'k2': 0.00035585333419670416, 'D_high': 2738360.266209664, 'fire_exp': 1.594840820510322, 'P_half': 6.686721817753597, 'pre_dampen_half': 0.4740102117118483, 'gpp_af': 25.30126062154627, 'gpp_b': 0.00014298797741975407, 'gpp_d': 96.86196294150228, 'ign_k': 9.896374583261428, 'ign_c': 0.8147600074968884, 'trop_agb_crit': 3.6365238060632703, 'trop_k_veg': 0.9313336743842866, 'fuel_k': 4.082165843582553, 'fuel_half': 4.9891990173551495}. Best is trial 0 with value: -0.6070628323553574.
[I 2026-07-24 02:16:41,518] Trial 117 finished with value: -0.5104212960975261 and parameters: {'k1': 0.00404151102252377, 'D_low': 145.43229125367202, 'k2': 0.007711535689390403, 'D_high': 254166.49504572107, 'fire_exp': 2.475551359538076, 'P_half': 46.53590039981198, 'pre_dampen_half': 251.57061232686948, 'gpp_af': 35.35728758672856, 'gpp_b': 0.13317148699926104, 'gpp_d': 12.151997831808684, 'ign_k': 0.7855509683864129, 'ign_c': 4.718042158449395, 'trop_agb_crit': 13.62239482228526, 'trop_k_veg': 4.331480667608182, 'fuel_k': 1.0631821920981215, 'fuel_half': 0.9711440121878215}. Best is trial 0 with value: -0.6070628323553574.
[I 2026-07-24 02:16:41,922] Trial 118 finished with value: 0.6312150304594263 and parameters: {'k1': 0.01175811848518173, 'D_low': 341.4470445595305, 'k2': 0.002065676758919856, 'D_high': 141105.97930865007, 'fire_exp': 4.1143609748339705, 'P_half': 66.44157133770628, 'pre_dampen_half': 436.2895188463764, 'gpp_af': 0.6730051594824724, 'gpp_b': 0.9778120777803209, 'gpp_d': 11.30982860545849, 'ign_k': 0.14406297107380844, 'ign_c': 19.853401187878028, 'trop_agb_crit': 12.257164542219137, 'trop_k_veg': 2.8049780462271765, 'fuel_k': 0.5537553349370898, 'fuel_half': 0.592813904858224}. Best is trial 0 with value: -0.6070628323553574.
[I 2026-07-24 02:16:42,323] Trial 119 finished with value: 0.584289414220935 and parameters: {'k1': 0.0034172415674133343, 'D_low': 2.207567837673806, 'k2': 0.006286965509483009, 'D_high': 13190.22630784951, 'fire_exp': 2.3841180758475833, 'P_half': 95.74771302865923, 'pre_dampen_half': 43.6100856365421, 'gpp_af': 34.82946805879951, 'gpp_b': 1.615739594433749, 'gpp_d': 26.84592718498086, 'ign_k': 0.07584121498227678, 'ign_c': 1.37659459803731, 'trop_agb_crit': 7.591672691604093, 'trop_k_veg': 3.6110342486212694, 'fuel_k': 0.9534106831630605, 'fuel_half': 0.27146751771289046}. Best is trial 0 with value: -0.6070628323553574.
[I 2026-07-24 02:16:42,727] Trial 120 finished with value: 0.5377370554717686 and parameters: {'k1': 0.0012064276512278023, 'D_low': 31929.179354737043, 'k2': 0.0010125623330945843, 'D_high': 7831757.6499237595, 'fire_exp': 2.735061239190228, 'P_half': 4.763848392582082, 'pre_dampen_half': 0.10897993682477701, 'gpp_af': 3.4233598097067666, 'gpp_b': 2.1086486063256628e-05, 'gpp_d': 283.7761848452176, 'ign_k': 4.745899687906513, 'ign_c': 0.18727775036931957, 'trop_agb_crit': 3.4746957131646545, 'trop_k_veg': 2.5342577185795294, 'fuel_k': 5.238005648424493, 'fuel_half': 7.449458711100275}. Best is trial 0 with value: -0.6070628323553574.
[I 2026-07-24 02:16:43,129] Trial 121 finished with value: 0.5590140442333855 and parameters: {'k1': 0.0054661491240196106, 'D_low': 55.95415937006875, 'k2': 0.009585245778517043, 'D_high': 3069255.073944446, 'fire_exp': 1.4813846473111763, 'P_half': 1.0619038355595856, 'pre_dampen_half': 0.046365921655740674, 'gpp_af': 22.825311118336373, 'gpp_b': 0.06250120381413024, 'gpp_d': 2.878142850637434, 'ign_k': 1.841980097136854, 'ign_c': 2.7357884493356055, 'trop_agb_crit': 3.5004350315868016, 'trop_k_veg': 1.370416114243829, 'fuel_k': 2.290024736726085, 'fuel_half': 1.8025005799888276}. Best is trial 0 with value: -0.6070628323553574.
[I 2026-07-24 02:16:43,546] Trial 122 finished with value: 0.4634746950311114 and parameters: {'k1': 0.011624908678935513, 'D_low': 126.36729084546039, 'k2': 3.71400253504923e-05, 'D_high': 4870977.372248695, 'fire_exp': 2.0076570949910946, 'P_half': 7.067985587331449, 'pre_dampen_half': 1.7989993775033832, 'gpp_af': 0.8050626909782037, 'gpp_b': 2.7346850681765873e-05, 'gpp_d': 37.75676513044029, 'ign_k': 0.33626161630313584, 'ign_c': 25.9518925367994, 'trop_agb_crit': 1.0094199250183375, 'trop_k_veg': 1.6713043476079217, 'fuel_k': 4.715179300064265, 'fuel_half': 0.4617422641696861}. Best is trial 0 with value: -0.6070628323553574.
[I 2026-07-24 02:16:43,952] Trial 123 finished with value: 0.6445374145881376 and parameters: {'k1': 0.010818017582985347, 'D_low': 150.8813384704575, 'k2': 0.005464478009721143, 'D_high': 1252958.4724871537, 'fire_exp': 2.491790993784252, 'P_half': 118.692884615337, 'pre_dampen_half': 19.109746171798474, 'gpp_af': 4.361647751380476, 'gpp_b': 0.014643252954648241, 'gpp_d': 1.7736047605709433, 'ign_k': 0.5776946283056359, 'ign_c': 61.346806624682394, 'trop_agb_crit': 14.054354022947322, 'trop_k_veg': 5.223269460672415, 'fuel_k': 1.2960844976566217, 'fuel_half': 0.6654432170095308}. Best is trial 0 with value: -0.6070628323553574.
[I 2026-07-24 02:16:44,361] Trial 124 finished with value: 0.6327957335105587 and parameters: {'k1': 0.0011681817605004052, 'D_low': 7396.025915272784, 'k2': 0.0008444349832279896, 'D_high': 406304.8281447932, 'fire_exp': 3.577083449167391, 'P_half': 8.972521460566016, 'pre_dampen_half': 53.5411434802689, 'gpp_af': 78.20411594862485, 'gpp_b': 0.9586923048580065, 'gpp_d': 1.7768894193410925, 'ign_k': 0.9939495178946528, 'ign_c': 3.5713481713497504, 'trop_agb_crit': 8.440296995802703, 'trop_k_veg': 7.053198235478592, 'fuel_k': 1.70280486783884, 'fuel_half': 4.537933571866685}. Best is trial 0 with value: -0.6070628323553574.
[I 2026-07-24 02:16:44,764] Trial 125 finished with value: 0.4623582844788555 and parameters: {'k1': 0.009779736359264914, 'D_low': 266.97152186535294, 'k2': 0.0003033413514022861, 'D_high': 629368.5666050185, 'fire_exp': 1.0189017381694965, 'P_half': 23.476587941669333, 'pre_dampen_half': 32.97180202623644, 'gpp_af': 5.695940949723647, 'gpp_b': 0.008877092602294715, 'gpp_d': 11.449544124328058, 'ign_k': 0.030445957690292107, 'ign_c': 1.7113683674372178, 'trop_agb_crit': 1.2961751994345787, 'trop_k_veg': 7.7933275177000745, 'fuel_k': 0.2123931738176368, 'fuel_half': 2.2247216491049873}. Best is trial 0 with value: -0.6070628323553574.
[I 2026-07-24 02:16:45,166] Trial 126 finished with value: 0.4211973575000829 and parameters: {'k1': 0.001377941783235017, 'D_low': 1296.9016476813435, 'k2': 0.011503080280773627, 'D_high': 758270.895310018, 'fire_exp': 1.8114139272153102, 'P_half': 536.857962686212, 'pre_dampen_half': 576.2856100579855, 'gpp_af': 18.736406005962085, 'gpp_b': 0.2953590262049952, 'gpp_d': 654.1482615321107, 'ign_k': 0.19724451419558678, 'ign_c': 1.2903883621378713, 'trop_agb_crit': 14.012189564474637, 'trop_k_veg': 5.315392273934098, 'fuel_k': 0.4378769483711298, 'fuel_half': 0.7918260103922352}. Best is trial 0 with value: -0.6070628323553574.
[I 2026-07-24 02:16:45,580] Trial 127 finished with value: 0.634227258992846 and parameters: {'k1': 0.0010910545626028403, 'D_low': 340.64707268318807, 'k2': 0.006266789037018472, 'D_high': 336127.92593372986, 'fire_exp': 1.8308903504359366, 'P_half': 108.51309338894967, 'pre_dampen_half': 793.6831840053333, 'gpp_af': 3.490807307192125, 'gpp_b': 0.21167533471544875, 'gpp_d': 0.031433143071366916, 'ign_k': 0.4012369508570013, 'ign_c': 1.0866371940595667, 'trop_agb_crit': 19.303774866036612, 'trop_k_veg': 2.8367779031726075, 'fuel_k': 1.5068519603092454, 'fuel_half': 2.6510085832169756}. Best is trial 0 with value: -0.6070628323553574.
[I 2026-07-24 02:16:45,983] Trial 128 finished with value: 0.6250481673036233 and parameters: {'k1': 0.0016807516958608952, 'D_low': 32.61054453539139, 'k2': 0.015749282676896736, 'D_high': 54058.82534935697, 'fire_exp': 2.7918376065408297, 'P_half': 251.25528811549802, 'pre_dampen_half': 9.074312105737041, 'gpp_af': 61.14419014014125, 'gpp_b': 0.11264027232739963, 'gpp_d': 1.6290933067092257, 'ign_k': 5.507886648083158, 'ign_c': 1.4080303356934276, 'trop_agb_crit': 17.14437457611498, 'trop_k_veg': 3.227267907889854, 'fuel_k': 0.7712278856198544, 'fuel_half': 3.701564979812481}. Best is trial 0 with value: -0.6070628323553574.
[I 2026-07-24 02:16:46,385] Trial 129 finished with value: 0.6445374145881376 and parameters: {'k1': 0.00030176777987154054, 'D_low': 10.676667568273304, 'k2': 0.00038918127308521807, 'D_high': 472752.71570954315, 'fire_exp': 9.883077733616755, 'P_half': 29.917740269098154, 'pre_dampen_half': 16.886221100744823, 'gpp_af': 0.017524384272075953, 'gpp_b': 0.00017660320346917548, 'gpp_d': 3.32934604961402, 'ign_k': 0.22347487504596272, 'ign_c': 87.41165159636763, 'trop_agb_crit': 20.875558220131843, 'trop_k_veg': 0.8194194621866983, 'fuel_k': 4.135300974073642, 'fuel_half': 5.383531847531218}. Best is trial 0 with value: -0.6070628323553574.
[I 2026-07-24 02:16:46,797] Trial 130 finished with value: 0.4515689986985293 and parameters: {'k1': 0.018746825549726585, 'D_low': 20.364018558267798, 'k2': 0.00011321889185321144, 'D_high': 407907.25264797744, 'fire_exp': 1.2556709113596327, 'P_half': 1.0636768854235064, 'pre_dampen_half': 0.5046292456445508, 'gpp_af': 14.195723188763848, 'gpp_b': 2.6588646211345536e-05, 'gpp_d': 337.97096257201605, 'ign_k': 0.8622887747325853, 'ign_c': 0.5937273482851944, 'trop_agb_crit': 5.425833123584898, 'trop_k_veg': 1.3024409935370662, 'fuel_k': 3.665356538705461, 'fuel_half': 0.6132327395736256}. Best is trial 0 with value: -0.6070628323553574.
[I 2026-07-24 02:16:47,209] Trial 131 finished with value: 0.5134832186273519 and parameters: {'k1': 0.003940184880382509, 'D_low': 67.64512722415898, 'k2': 2.9142590269908313e-05, 'D_high': 4358782.8083706675, 'fire_exp': 2.3985534493335305, 'P_half': 1.4475466540452693, 'pre_dampen_half': 0.23338304787625153, 'gpp_af': 13.368887796714661, 'gpp_b': 0.00100543908833723, 'gpp_d': 6.439069691980326, 'ign_k': 0.08340755290451701, 'ign_c': 0.5817586506979612, 'trop_agb_crit': 1.3783102500670616, 'trop_k_veg': 0.8543545785193606, 'fuel_k': 4.265411629162582, 'fuel_half': 0.6338173428536464}. Best is trial 0 with value: -0.6070628323553574.
[I 2026-07-24 02:16:47,615] Trial 132 finished with value: 0.42438801303248597 and parameters: {'k1': 0.0021633955083640243, 'D_low': 246.7476916880854, 'k2': 2.259529935148496e-05, 'D_high': 522061.15678860014, 'fire_exp': 1.1526777548231302, 'P_half': 2.4435429363839276, 'pre_dampen_half': 0.1193977296262352, 'gpp_af': 10.437889546836272, 'gpp_b': 2.2991298041614687e-05, 'gpp_d': 108.26433277452564, 'ign_k': 1.073679190611545, 'ign_c': 0.8050939029078819, 'trop_agb_crit': 1.0119024790893365, 'trop_k_veg': 0.6391684861385467, 'fuel_k': 4.526196007503351, 'fuel_half': 1.3164631865287153}. Best is trial 0 with value: -0.6070628323553574.
[I 2026-07-24 02:16:48,023] Trial 133 finished with value: 0.4126414489292941 and parameters: {'k1': 0.005857788798469177, 'D_low': 868.8858604429549, 'k2': 0.0021800083991177764, 'D_high': 4770057.890671987, 'fire_exp': 5.115254219652002, 'P_half': 10.218928550262197, 'pre_dampen_half': 16.267216588696954, 'gpp_af': 0.6053055676032306, 'gpp_b': 0.003322604555390484, 'gpp_d': 20.756137019825402, 'ign_k': 0.9617634283096405, 'ign_c': 2.93290822929053, 'trop_agb_crit': 11.853238890460052, 'trop_k_veg': 2.225669488283871, 'fuel_k': 0.1599537195300951, 'fuel_half': 1.5273489759026264}. Best is trial 0 with value: -0.6070628323553574.
[I 2026-07-24 02:16:48,430] Trial 134 finished with value: 0.4848716589094375 and parameters: {'k1': 0.03596609119711654, 'D_low': 373.6223866550247, 'k2': 0.0015769853303846365, 'D_high': 1423811.4548278118, 'fire_exp': 1.6916470927076657, 'P_half': 10.941679299694695, 'pre_dampen_half': 0.03756450347104971, 'gpp_af': 16.020917574487285, 'gpp_b': 7.450165601361628e-05, 'gpp_d': 360.19245456186457, 'ign_k': 0.060753390343438456, 'ign_c': 1.4043067853522795, 'trop_agb_crit': 2.9713308087428794, 'trop_k_veg': 3.523042676743415, 'fuel_k': 3.0877544323911703, 'fuel_half': 0.8310669935023135}. Best is trial 0 with value: -0.6070628323553574.
