[I 2026-08-14 14:52:59,328] Trial 1613 finished with values: [-0.40636520444016655, 1.3327970116439047e-07] and parameters: {'k1': 0.0010204225357677778, 'D_low': 4.043300846639722, 'k2': 0.0005708731724249573, 'D_high': 625838.668783032, 'fire_exp': 1.2070502372556005, 'P_half': 351.2704726270846, 'pre_dampen_half': 0.10609580257119508, 'gpp_af': 0.008983355849178878, 'gpp_b': 0.00024732964314480056, 'gpp_d': 314.6826989726468, 'ign_k': 0.28298168613109503, 'ign_c': 58.901957246385884, 'trop_agb_crit': 12.090290534777825, 'trop_k_veg': 1.128469461526162, 'fuel_k': 5.486054129200969, 'fuel_half': 0.30455368715396786}.
[I 2026-08-14 14:53:01,188] Trial 1614 finished with values: [-0.40720771153094615, 4.801640191010037e-07] and parameters: {'k1': 0.0004688858519834985, 'D_low': 1.7887890916820506, 'k2': 0.00010939944910100016, 'D_high': 316055.11434645514, 'fire_exp': 1.2070502372556005, 'P_half': 351.2704726270846, 'pre_dampen_half': 0.10609580257119508, 'gpp_af': 0.0023751383317256927, 'gpp_b': 2.788681037423117, 'gpp_d': 0.012284844784580964, 'ign_k': 0.04380580767905655, 'ign_c': 0.3449375843675279, 'trop_agb_crit': 13.98132484257899, 'trop_k_veg': 0.9694140152996831, 'fuel_k': 5.486054129200969, 'fuel_half': 65.99277195883643}.
[I 2026-08-14 14:53:03,108] Trial 1615 finished with values: [-0.42570311772265335, 0.0014362573810076107] and parameters: {'k1': 0.0012329098365270509, 'D_low': 4.043300846639722, 'k2': 1.854837679096716e-05, 'D_high': 316055.11434645514, 'fire_exp': 1.2070502372556005, 'P_half': 351.2704726270846, 'pre_dampen_half': 0.10609580257119508, 'gpp_af': 0.008983355849178878, 'gpp_b': 0.03103333227753725, 'gpp_d': 314.6826989726468, 'ign_k': 0.28298168613109503, 'ign_c': 15.221840161091626, 'trop_agb_crit': 13.365572767895445, 'trop_k_veg': 1.128469461526162, 'fuel_k': 1.6460650207153917, 'fuel_half': 0.30455368715396786}.
[I 2026-08-14 14:53:04,960] Trial 1616 finished with values: [-0.3954954954309901, 0.00016153238515659307] and parameters: {'k1': 0.00016312233285809254, 'D_low': 367.4904945305323, 'k2': 0.0009670857606743155, 'D_high': 625.7106258193618, 'fire_exp': 1.2429193829348841, 'P_half': 1535.1441568398143, 'pre_dampen_half': 0.03627422119926134, 'gpp_af': 0.0023751383317256927, 'gpp_b': 0.00012906175696809457, 'gpp_d': 0.06888046676681166, 'ign_k': 0.04380580767905655, 'ign_c': 14.935213816355384, 'trop_agb_crit': 13.98132484257899, 'trop_k_veg': 0.6921865222804094, 'fuel_k': 5.486054129200969, 'fuel_half': 65.99277195883643}.
[I 2026-08-14 14:53:06,820] Trial 1617 finished with values: [-0.41629648491666194, 0.0003451422479473498] and parameters: {'k1': 0.0012329098365270509, 'D_low': 4.043300846639722, 'k2': 1.854837679096716e-05, 'D_high': 316055.11434645514, 'fire_exp': 1.6214575867079866, 'P_half': 406.34698167377394, 'pre_dampen_half': 0.03411860497758073, 'gpp_af': 0.008983355849178878, 'gpp_b': 0.03103333227753725, 'gpp_d': 597.9617889501159, 'ign_k': 0.18945647155616227, 'ign_c': 3.0378658251922155, 'trop_agb_crit': 16.86264052240002, 'trop_k_veg': 1.128469461526162, 'fuel_k': 5.486054129200969, 'fuel_half': 0.30455368715396786}.
[I 2026-08-14 14:53:08,676] Trial 1618 finished with values: [-0.39433568082834697, 8.417771479862779e-09] and parameters: {'k1': 0.0004688858519834985, 'D_low': 5500.925318788574, 'k2': 1.263794633808287e-05, 'D_high': 625838.668783032, 'fire_exp': 1.6214575867079866, 'P_half': 406.34698167377394, 'pre_dampen_half': 0.011501973785501987, 'gpp_af': 0.0023751383317256927, 'gpp_b': 0.03103333227753725, 'gpp_d': 0.6216953614964843, 'ign_k': 0.04380580767905655, 'ign_c': 105.24574681335613, 'trop_agb_crit': 16.86264052240002, 'trop_k_veg': 2.8224577471047865, 'fuel_k': 5.486054129200969, 'fuel_half': 3.7093134348291836}.
[I 2026-08-14 14:53:10,777] Trial 1619 finished with values: [-0.40998101388565933, 1.1930138408611235e-05] and parameters: {'k1': 0.0012329098365270509, 'D_low': 5500.925318788574, 'k2': 0.0005708731724249573, 'D_high': 625838.668783032, 'fire_exp': 1.2429193829348841, 'P_half': 406.34698167377394, 'pre_dampen_half': 0.03411860497758073, 'gpp_af': 0.0023751383317256927, 'gpp_b': 0.03103333227753725, 'gpp_d': 0.012284844784580964, 'ign_k': 0.04380580767905655, 'ign_c': 15.221840161091626, 'trop_agb_crit': 16.86264052240002, 'trop_k_veg': 0.6189606672462583, 'fuel_k': 0.021123235354472927, 'fuel_half': 65.99277195883643}.
[I 2026-08-14 14:53:12,948] Trial 1620 finished with values: [-0.3612569443607362, 0.00015005648668509064] and parameters: {'k1': 1.8595266457134027e-05, 'D_low': 4.043300846639722, 'k2': 0.00019472216066157317, 'D_high': 625838.668783032, 'fire_exp': 1.2429193829348841, 'P_half': 1535.1441568398143, 'pre_dampen_half': 0.03627422119926134, 'gpp_af': 10.524125984639257, 'gpp_b': 0.0014842940448848419, 'gpp_d': 0.01307253094873642, 'ign_k': 0.03141110271934876, 'ign_c': 105.24574681335613, 'trop_agb_crit': 16.86264052240002, 'trop_k_veg': 3.4508425771776365, 'fuel_k': 0.07321655205583726, 'fuel_half': 15.581254655530845}.
[I 2026-08-14 14:53:14,923] Trial 1621 finished with values: [-0.5576878525063027, 0.12643430567778147] and parameters: {'k1': 0.0012329098365270509, 'D_low': 4.043300846639722, 'k2': 0.0005708731724249573, 'D_high': 625838.668783032, 'fire_exp': 1.2070502372556005, 'P_half': 13.032852785773258, 'pre_dampen_half': 0.050438810714852664, 'gpp_af': 0.008983355849178878, 'gpp_b': 0.00012906175696809457, 'gpp_d': 314.6826989726468, 'ign_k': 0.28298168613109503, 'ign_c': 3.0378658251922155, 'trop_agb_crit': 12.090290534777825, 'trop_k_veg': 1.128469461526162, 'fuel_k': 5.486054129200969, 'fuel_half': 0.12095119390046481}.
[I 2026-08-14 14:53:16,822] Trial 1622 finished with values: [-0.37057987242290724, 1.003308547353754e-11] and parameters: {'k1': 0.0004688858519834985, 'D_low': 367.4904945305323, 'k2': 1.263794633808287e-05, 'D_high': 1826.6972566585878, 'fire_exp': 1.2429193829348841, 'P_half': 48.464976792190825, 'pre_dampen_half': 0.011501973785501987, 'gpp_af': 0.0023751383317256927, 'gpp_b': 2.788681037423117, 'gpp_d': 8.144272585223819, 'ign_k': 0.04380580767905655, 'ign_c': 105.24574681335613, 'trop_agb_crit': 2.1775224101934065, 'trop_k_veg': 2.8224577471047865, 'fuel_k': 0.06382243375381637, 'fuel_half': 3.7093134348291836}.
[I 2026-08-14 14:53:18,978] Trial 1623 finished with values: [-0.35751674155862917, 0.0] and parameters: {'k1': 0.0012329098365270509, 'D_low': 1.7887890916820506, 'k2': 0.00010939944910100016, 'D_high': 183.75103044053563, 'fire_exp': 1.6214575867079866, 'P_half': 351.2704726270846, 'pre_dampen_half': 0.03627422119926134, 'gpp_af': 0.0023751383317256927, 'gpp_b': 2.788681037423117, 'gpp_d': 612.6890168684454, 'ign_k': 8.37447083311907, 'ign_c': 25.36860972218539, 'trop_agb_crit': 13.98132484257899, 'trop_k_veg': 0.6189606672462583, 'fuel_k': 0.021123235354472927, 'fuel_half': 65.99277195883643}.
[I 2026-08-14 14:53:21,837] Trial 1624 finished with values: [-0.3854777324494453, 1.3070011439797469e-06] and parameters: {'k1': 0.00016312233285809254, 'D_low': 5500.925318788574, 'k2': 0.00010939944910100016, 'D_high': 625838.668783032, 'fire_exp': 1.2429193829348841, 'P_half': 406.34698167377394, 'pre_dampen_half': 0.03627422119926134, 'gpp_af': 0.34902252478382495, 'gpp_b': 2.788681037423117, 'gpp_d': 0.012284844784580964, 'ign_k': 0.18945647155616227, 'ign_c': 15.221840161091626, 'trop_agb_crit': 1.0306047667512837, 'trop_k_veg': 0.6189606672462583, 'fuel_k': 5.486054129200969, 'fuel_half': 0.30455368715396786}.
[I 2026-08-14 14:53:24,663] Trial 1625 finished with values: [-0.3554625854118624, 0.0] and parameters: {'k1': 0.0012329098365270509, 'D_low': 4.043300846639722, 'k2': 0.0001997174727159274, 'D_high': 316055.11434645514, 'fire_exp': 1.6214575867079866, 'P_half': 351.2704726270846, 'pre_dampen_half': 0.04050483631781763, 'gpp_af': 0.008983355849178878, 'gpp_b': 0.00012906175696809457, 'gpp_d': 0.01307253094873642, 'ign_k': 0.567034633562729, 'ign_c': 105.24574681335613, 'trop_agb_crit': 16.86264052240002, 'trop_k_veg': 1.128469461526162, 'fuel_k': 5.486054129200969, 'fuel_half': 0.30455368715396786}.
[I 2026-08-14 14:53:26,558] Trial 1626 finished with values: [-0.3763685040031489, 2.708937518747234e-10] and parameters: {'k1': 0.0004688858519834985, 'D_low': 4.043300846639722, 'k2': 1.263794633808287e-05, 'D_high': 316055.11434645514, 'fire_exp': 1.6214575867079866, 'P_half': 1535.1441568398143, 'pre_dampen_half': 0.03426913908389044, 'gpp_af': 0.030592049838223532, 'gpp_b': 9.703426801837226, 'gpp_d': 0.01307253094873642, 'ign_k': 0.754074907457476, 'ign_c': 15.221840161091626, 'trop_agb_crit': 5.808568531484235, 'trop_k_veg': 2.8224577471047865, 'fuel_k': 0.7591226290430826, 'fuel_half': 3.7093134348291836}.
[I 2026-08-14 14:53:28,476] Trial 1627 finished with values: [-0.5547482627116955, 0.011686971771547316] and parameters: {'k1': 0.0012329098365270509, 'D_low': 4.043300846639722, 'k2': 1.854837679096716e-05, 'D_high': 316055.11434645514, 'fire_exp': 1.6214575867079866, 'P_half': 351.2704726270846, 'pre_dampen_half': 0.04050483631781763, 'gpp_af': 0.008983355849178878, 'gpp_b': 0.00012906175696809457, 'gpp_d': 597.9617889501159, 'ign_k': 0.567034633562729, 'ign_c': 3.0378658251922155, 'trop_agb_crit': 13.98132484257899, 'trop_k_veg': 1.128469461526162, 'fuel_k': 5.486054129200969, 'fuel_half': 0.30455368715396786}.
[I 2026-08-14 14:53:30,398] Trial 1628 finished with values: [-0.40252931543671605, 1.3043030988590942e-08] and parameters: {'k1': 1.8595266457134027e-05, 'D_low': 367.4904945305323, 'k2': 0.0005708731724249573, 'D_high': 316055.11434645514, 'fire_exp': 1.6214575867079866, 'P_half': 351.2704726270846, 'pre_dampen_half': 0.050438810714852664, 'gpp_af': 0.008983355849178878, 'gpp_b': 0.00012906175696809457, 'gpp_d': 597.9617889501159, 'ign_k': 0.08757069543594141, 'ign_c': 105.24574681335613, 'trop_agb_crit': 16.86264052240002, 'trop_k_veg': 1.128469461526162, 'fuel_k': 2.0026867300834112, 'fuel_half': 0.12095119390046481}.
[I 2026-08-14 14:53:32,342] Trial 1629 finished with values: [-0.4161267013233038, 2.0118783203515456e-05] and parameters: {'k1': 0.00016312233285809254, 'D_low': 5500.925318788574, 'k2': 0.0005708731724249573, 'D_high': 625838.668783032, 'fire_exp': 1.6214575867079866, 'P_half': 351.2704726270846, 'pre_dampen_half': 0.03627422119926134, 'gpp_af': 0.34902252478382495, 'gpp_b': 2.788681037423117, 'gpp_d': 3.0023172465753074, 'ign_k': 0.18945647155616227, 'ign_c': 15.221840161091626, 'trop_agb_crit': 16.86264052240002, 'trop_k_veg': 0.6189606672462583, 'fuel_k': 5.486054129200969, 'fuel_half': 0.30455368715396786}.
[I 2026-08-14 14:53:34,290] Trial 1630 finished with values: [-0.5953518084811424, 0.0489427504694705] and parameters: {'k1': 0.0012329098365270509, 'D_low': 4.043300846639722, 'k2': 1.263794633808287e-05, 'D_high': 316055.11434645514, 'fire_exp': 1.6214575867079866, 'P_half': 351.2704726270846, 'pre_dampen_half': 0.29723297046800007, 'gpp_af': 0.008983355849178878, 'gpp_b': 0.00012906175696809457, 'gpp_d': 597.9617889501159, 'ign_k': 0.754074907457476, 'ign_c': 3.0378658251922155, 'trop_agb_crit': 7.848911008221313, 'trop_k_veg': 1.128469461526162, 'fuel_k': 5.486054129200969, 'fuel_half': 0.30455368715396786}.
[I 2026-08-14 14:53:36,211] Trial 1631 finished with values: [-0.4697967194907962, 0.10649948935702391] and parameters: {'k1': 0.0004688858519834985, 'D_low': 367.4904945305323, 'k2': 1.263794633808287e-05, 'D_high': 12.186855620273597, 'fire_exp': 1.2429193829348841, 'P_half': 269.74113434525447, 'pre_dampen_half': 6.685131651092355, 'gpp_af': 0.008983355849178878, 'gpp_b': 0.00012906175696809457, 'gpp_d': 2.292633983096564, 'ign_k': 0.567034633562729, 'ign_c': 3.0378658251922155, 'trop_agb_crit': 10.412790284818238, 'trop_k_veg': 3.8677058401051165, 'fuel_k': 0.06382243375381637, 'fuel_half': 57.882001937752435}.
[I 2026-08-14 14:53:38,245] Trial 1632 finished with values: [-0.3597410429021021, 8.82912853938933e-10] and parameters: {'k1': 0.00040091494283268605, 'D_low': 101127.10669545068, 'k2': 0.0009670857606743155, 'D_high': 625838.668783032, 'fire_exp': 1.182396148413737, 'P_half': 7683.876502998063, 'pre_dampen_half': 0.10609580257119508, 'gpp_af': 0.0025511964576171086, 'gpp_b': 1.1728753685919104, 'gpp_d': 0.012472726063715429, 'ign_k': 0.9160190969140567, 'ign_c': 15.221840161091626, 'trop_agb_crit': 2.1775224101934065, 'trop_k_veg': 3.4508425771776365, 'fuel_k': 5.486054129200969, 'fuel_half': 65.99277195883643}.
[I 2026-08-14 14:53:40,255] Trial 1633 finished with values: [-0.43961728654365634, 0.0009430951882887229] and parameters: {'k1': 0.0012329098365270509, 'D_low': 1.7887890916820506, 'k2': 0.00010939944910100016, 'D_high': 316055.11434645514, 'fire_exp': 1.6214575867079866, 'P_half': 269.74113434525447, 'pre_dampen_half': 0.03627422119926134, 'gpp_af': 0.008983355849178878, 'gpp_b': 0.00012906175696809457, 'gpp_d': 0.012284844784580964, 'ign_k': 0.567034633562729, 'ign_c': 25.36860972218539, 'trop_agb_crit': 7.848911008221313, 'trop_k_veg': 1.128469461526162, 'fuel_k': 5.486054129200969, 'fuel_half': 0.30455368715396786}.
[I 2026-08-14 14:53:43,050] Trial 1634 finished with values: [-0.3725324165416234, 3.74552413788809e-05] and parameters: {'k1': 0.00016312233285809254, 'D_low': 128395.48332743198, 'k2': 0.00010939944910100016, 'D_high': 625838.668783032, 'fire_exp': 1.3224672913793163, 'P_half': 1212.4080603355412, 'pre_dampen_half': 0.0195172246414495, 'gpp_af': 0.0023751383317256927, 'gpp_b': 0.00017826376967587887, 'gpp_d': 0.32837927360248453, 'ign_k': 0.008147023038199086, 'ign_c': 14.935213816355384, 'trop_agb_crit': 13.98132484257899, 'trop_k_veg': 3.4508425771776365, 'fuel_k': 1.6460650207153917, 'fuel_half': 65.99277195883643}.
[I 2026-08-14 14:53:44,915] Trial 1635 finished with values: [-0.3554625854118624, 0.0] and parameters: {'k1': 1.8595266457134027e-05, 'D_low': 4.043300846639722, 'k2': 1.854837679096716e-05, 'D_high': 71.96175126323348, 'fire_exp': 1.6214575867079866, 'P_half': 1212.4080603355412, 'pre_dampen_half': 0.0195172246414495, 'gpp_af': 0.0023751383317256927, 'gpp_b': 0.3315641245971832, 'gpp_d': 597.9617889501159, 'ign_k': 0.008147023038199086, 'ign_c': 717.9850289628322, 'trop_agb_crit': 7.848911008221313, 'trop_k_veg': 3.4508425771776365, 'fuel_k': 5.486054129200969, 'fuel_half': 20.266014372926225}.
[I 2026-08-14 14:53:46,869] Trial 1636 finished with values: [-0.4497373187501661, 0.06267903002776376] and parameters: {'k1': 0.0003713474360443033, 'D_low': 3507.515213502105, 'k2': 0.0005708731724249573, 'D_high': 316055.11434645514, 'fire_exp': 1.6214575867079866, 'P_half': 430.68729712060696, 'pre_dampen_half': 3.659675301686169, 'gpp_af': 6.769859631567095, 'gpp_b': 0.00024732964314480056, 'gpp_d': 3.0023172465753074, 'ign_k': 0.18945647155616227, 'ign_c': 15.221840161091626, 'trop_agb_crit': 13.98132484257899, 'trop_k_veg': 5.218682957103004, 'fuel_k': 5.486054129200969, 'fuel_half': 52.00581729114123}.
[I 2026-08-14 14:53:48,791] Trial 1637 finished with values: [-0.5263314289058414, 0.0054425715291809285] and parameters: {'k1': 0.0010204225357677778, 'D_low': 2.0349553327469425, 'k2': 0.0005708731724249573, 'D_high': 316055.11434645514, 'fire_exp': 1.9439887028475722, 'P_half': 220.3445560633069, 'pre_dampen_half': 0.10609580257119508, 'gpp_af': 0.0025511964576171086, 'gpp_b': 6.0327793441162e-05, 'gpp_d': 0.01307253094873642, 'ign_k': 0.28298168613109503, 'ign_c': 15.221840161091626, 'trop_agb_crit': 2.3118820898020997, 'trop_k_veg': 1.128469461526162, 'fuel_k': 5.486054129200969, 'fuel_half': 0.30455368715396786}.
[I 2026-08-14 14:53:50,741] Trial 1638 finished with values: [-0.4039954806837754, 1.724690001925211e-08] and parameters: {'k1': 6.069662445477729e-05, 'D_low': 4.043300846639722, 'k2': 1.854837679096716e-05, 'D_high': 316055.11434645514, 'fire_exp': 1.2070502372556005, 'P_half': 1535.1441568398143, 'pre_dampen_half': 0.03627422119926134, 'gpp_af': 0.008983355849178878, 'gpp_b': 1.1728753685919104, 'gpp_d': 0.01307253094873642, 'ign_k': 0.04380580767905655, 'ign_c': 105.24574681335613, 'trop_agb_crit': 12.090290534777825, 'trop_k_veg': 1.128469461526162, 'fuel_k': 5.486054129200969, 'fuel_half': 0.30455368715396786}.
[I 2026-08-14 14:53:52,710] Trial 1639 finished with values: [-0.3975858406452406, 7.384362121776178e-09] and parameters: {'k1': 0.0004688858519834985, 'D_low': 4804.239895930073, 'k2': 0.00010939944910100016, 'D_high': 8500.54600545206, 'fire_exp': 1.2429193829348841, 'P_half': 1938.3858782150498, 'pre_dampen_half': 0.10609580257119508, 'gpp_af': 0.0023751383317256927, 'gpp_b': 2.788681037423117, 'gpp_d': 0.027734706212044397, 'ign_k': 0.04380580767905655, 'ign_c': 0.18316165443932733, 'trop_agb_crit': 13.98132484257899, 'trop_k_veg': 3.4508425771776365, 'fuel_k': 0.021123235354472927, 'fuel_half': 65.99277195883643}.
[I 2026-08-14 14:53:54,798] Trial 1640 finished with values: [-0.3554625854118624, 0.0] and parameters: {'k1': 0.0004688858519834985, 'D_low': 3507.515213502105, 'k2': 1.263794633808287e-05, 'D_high': 316055.11434645514, 'fire_exp': 1.2429193829348841, 'P_half': 48.464976792190825, 'pre_dampen_half': 0.011501973785501987, 'gpp_af': 0.0023751383317256927, 'gpp_b': 2.788681037423117, 'gpp_d': 314.6826989726468, 'ign_k': 0.567034633562729, 'ign_c': 105.24574681335613, 'trop_agb_crit': 5.881906289439389, 'trop_k_veg': 2.8224577471047865, 'fuel_k': 0.06382243375381637, 'fuel_half': 3.7093134348291836}.
[I 2026-08-14 14:53:56,878] Trial 1641 finished with values: [-0.39395381278944697, 0.00045283760649184046] and parameters: {'k1': 0.00016312233285809254, 'D_low': 367.4904945305323, 'k2': 0.0009670857606743155, 'D_high': 625838.668783032, 'fire_exp': 1.2070502372556005, 'P_half': 351.2704726270846, 'pre_dampen_half': 0.03627422119926134, 'gpp_af': 0.34902252478382495, 'gpp_b': 0.03103333227753725, 'gpp_d': 0.01018182259982803, 'ign_k': 0.602755130171958, 'ign_c': 15.221840161091626, 'trop_agb_crit': 5.808568531484235, 'trop_k_veg': 1.128469461526162, 'fuel_k': 5.486054129200969, 'fuel_half': 0.30455368715396786}.
[I 2026-08-14 14:53:58,762] Trial 1642 finished with values: [-0.4848037987821508, 0.018704876114525426] and parameters: {'k1': 0.0003713474360443033, 'D_low': 3507.515213502105, 'k2': 1.854837679096716e-05, 'D_high': 316055.11434645514, 'fire_exp': 1.182396148413737, 'P_half': 1212.4080603355412, 'pre_dampen_half': 3.659675301686169, 'gpp_af': 0.34902252478382495, 'gpp_b': 0.03103333227753725, 'gpp_d': 314.6826989726468, 'ign_k': 0.567034633562729, 'ign_c': 15.221840161091626, 'trop_agb_crit': 13.365572767895445, 'trop_k_veg': 1.128469461526162, 'fuel_k': 1.6460650207153917, 'fuel_half': 52.00581729114123}.
[I 2026-08-14 14:54:00,715] Trial 1643 finished with values: [-0.3554625854118624, 0.0] and parameters: {'k1': 1.8595266457134027e-05, 'D_low': 128395.48332743198, 'k2': 0.00010939944910100016, 'D_high': 625838.668783032, 'fire_exp': 1.2429193829348841, 'P_half': 1212.4080603355412, 'pre_dampen_half': 0.0195172246414495, 'gpp_af': 0.030592049838223532, 'gpp_b': 0.00017826376967587887, 'gpp_d': 0.32837927360248453, 'ign_k': 0.476373748459372, 'ign_c': 717.9850289628322, 'trop_agb_crit': 13.365572767895445, 'trop_k_veg': 3.4508425771776365, 'fuel_k': 5.486054129200969, 'fuel_half': 65.99277195883643}.
[I 2026-08-14 14:54:02,694] Trial 1644 finished with values: [-0.40313398406846623, 2.714957014759989e-08] and parameters: {'k1': 0.0004688858519834985, 'D_low': 1.7887890916820506, 'k2': 0.00010939944910100016, 'D_high': 316055.11434645514, 'fire_exp': 1.2429193829348841, 'P_half': 3910.3637457741784, 'pre_dampen_half': 0.10609580257119508, 'gpp_af': 0.0023751383317256927, 'gpp_b': 2.788681037423117, 'gpp_d': 0.012284844784580964, 'ign_k': 0.602755130171958, 'ign_c': 14.935213816355384, 'trop_agb_crit': 13.98132484257899, 'trop_k_veg': 2.8224577471047865, 'fuel_k': 0.021123235354472927, 'fuel_half': 65.99277195883643}.
[I 2026-08-14 14:54:05,543] Trial 1645 finished with values: [-0.3644500764292288, 8.005684554435177e-05] and parameters: {'k1': 0.0010204225357677778, 'D_low': 128395.48332743198, 'k2': 0.00010939944910100016, 'D_high': 160625.60954780428, 'fire_exp': 1.2429193829348841, 'P_half': 269.74113434525447, 'pre_dampen_half': 0.0195172246414495, 'gpp_af': 0.0023751383317256927, 'gpp_b': 0.00012906175696809457, 'gpp_d': 2.292633983096564, 'ign_k': 0.03141110271934876, 'ign_c': 3.0378658251922155, 'trop_agb_crit': 13.98132484257899, 'trop_k_veg': 2.8224577471047865, 'fuel_k': 5.486054129200969, 'fuel_half': 8.115041565366717}.
[I 2026-08-14 14:54:07,555] Trial 1646 finished with values: [-0.4101624792157915, 3.403384557165712e-05] and parameters: {'k1': 0.0010204225357677778, 'D_low': 5500.925318788574, 'k2': 0.0005708731724249573, 'D_high': 160625.60954780428, 'fire_exp': 1.6214575867079866, 'P_half': 406.34698167377394, 'pre_dampen_half': 0.03411860497758073, 'gpp_af': 0.008983355849178878, 'gpp_b': 0.03103333227753725, 'gpp_d': 2.292633983096564, 'ign_k': 0.567034633562729, 'ign_c': 15.221840161091626, 'trop_agb_crit': 16.86264052240002, 'trop_k_veg': 2.1816482703680733, 'fuel_k': 5.486054129200969, 'fuel_half': 8.115041565366717}.
[I 2026-08-14 14:54:09,593] Trial 1647 finished with values: [-0.3726073942233439, 3.7122472873463153e-09] and parameters: {'k1': 0.00016312233285809254, 'D_low': 367.4904945305323, 'k2': 0.0008923007102391122, 'D_high': 44.39648242927527, 'fire_exp': 1.2429193829348841, 'P_half': 1212.4080603355412, 'pre_dampen_half': 0.011501973785501987, 'gpp_af': 0.0024448187822204066, 'gpp_b': 0.03103333227753725, 'gpp_d': 8.144272585223819, 'ign_k': 0.04380580767905655, 'ign_c': 105.24574681335613, 'trop_agb_crit': 1.0110060758310602, 'trop_k_veg': 1.128469461526162, 'fuel_k': 1.6460650207153917, 'fuel_half': 15.581254655530845}.
