[I 2026-08-20 00:31:52,347] Trial 672 finished with value: 0.4824675974936772 and parameters: {'k1': 0.0566566203485181, 'D_low': 1493.4598378421867, 'k2': 0.09063343950391987, 'D_high': 21325.422564285764, 'fire_exp': 1.342068834783218, 'P_half': 112.92284050329386, 'pre_dampen_half': 116.6913985700457, 'gpp_af': 0.08626381251531265, 'gpp_b': 1.7545867216416814e-05, 'gpp_d': 7.590543314231247, 'ign_k': 0.7146562788990771, 'ign_c': 0.31283667110104785, 'trop_agb_crit': 8.453725580563153, 'trop_k_veg': 4.059274694072494, 'pop_amp': 0.3037602308700522, 'pop_peak': 4.1836479477037285, 'pop_sig': 0.7753694390889386}. Best is trial 274 with value: -0.604910391627968.
[I 2026-08-20 00:31:54,148] Trial 673 finished with value: 0.5882966385375612 and parameters: {'k1': 0.00021617566917435426, 'D_low': 54.861374885480856, 'k2': 0.0008135409040302427, 'D_high': 6264318.229344531, 'fire_exp': 1.3373240125955397, 'P_half': 14.363805139389727, 'pre_dampen_half': 0.4314445998087494, 'gpp_af': 0.002583729207108896, 'gpp_b': 6.514366024227764e-05, 'gpp_d': 0.1665747722048942, 'ign_k': 0.44264931013460534, 'ign_c': 36.74275637182636, 'trop_agb_crit': 20.81442655508836, 'trop_k_veg': 1.7965622432982276, 'pop_amp': 0.012247636930075832, 'pop_peak': 1.9620417393181497, 'pop_sig': 1.8782645182536855}. Best is trial 274 with value: -0.604910391627968.
[I 2026-08-20 00:31:56,101] Trial 674 finished with value: 0.5517841751598029 and parameters: {'k1': 0.004690964521799403, 'D_low': 347.6184456998215, 'k2': 0.09326209364045142, 'D_high': 977355.3014371224, 'fire_exp': 1.8200059131533906, 'P_half': 1.1534864969093155, 'pre_dampen_half': 1.7831419080477897, 'gpp_af': 0.3987363450691221, 'gpp_b': 0.0007834498049830558, 'gpp_d': 0.01770528087404124, 'ign_k': 2.9738983643051498, 'ign_c': 2.575080764537361, 'trop_agb_crit': 2.8323832376938087, 'trop_k_veg': 3.6365530781856807, 'pop_amp': 0.010000544829123591, 'pop_peak': 0.18051621682569516, 'pop_sig': 0.41425910384995623}. Best is trial 274 with value: -0.604910391627968.
[I 2026-08-20 00:31:57,963] Trial 675 finished with value: -0.5827376731373618 and parameters: {'k1': 0.0002489909001815373, 'D_low': 5129.629509211734, 'k2': 0.071790648047666, 'D_high': 3689617.8684710916, 'fire_exp': 2.3706082732219125, 'P_half': 15.119468595236208, 'pre_dampen_half': 18.5743115491986, 'gpp_af': 0.006020761395978005, 'gpp_b': 0.00020740249609330153, 'gpp_d': 1.6770052300004592, 'ign_k': 1.8109584641574845, 'ign_c': 3.2219300138659404, 'trop_agb_crit': 8.152852074017758, 'trop_k_veg': 7.653704104649184, 'pop_amp': 0.19305008807894392, 'pop_peak': 0.5519116515638018, 'pop_sig': 0.988472824993171}. Best is trial 274 with value: -0.604910391627968.
[I 2026-08-20 00:31:59,812] Trial 676 finished with value: 0.4472405784430651 and parameters: {'k1': 0.00036079782815847365, 'D_low': 1128.8193497705113, 'k2': 0.08273184922818046, 'D_high': 2385492.101135905, 'fire_exp': 1.4745477049716171, 'P_half': 101.93156716919029, 'pre_dampen_half': 1.305459643010089, 'gpp_af': 0.002203655758601452, 'gpp_b': 5.3407991190982426e-05, 'gpp_d': 24.68796098587425, 'ign_k': 1.306751428001228, 'ign_c': 3.2488284487621755, 'trop_agb_crit': 1.1098626588223988, 'trop_k_veg': 6.349146542929145, 'pop_amp': 0.05160865690299216, 'pop_peak': 1.684110170276724, 'pop_sig': 0.41437681097340257}. Best is trial 274 with value: -0.604910391627968.
[I 2026-08-20 00:32:01,669] Trial 677 finished with value: 0.444261013402804 and parameters: {'k1': 0.0005770135367899811, 'D_low': 1341.904278359936, 'k2': 0.022082978919844013, 'D_high': 194473.70840060286, 'fire_exp': 1.6083430038604216, 'P_half': 1.5531861613323565, 'pre_dampen_half': 17.75609613985348, 'gpp_af': 0.0995692054732563, 'gpp_b': 0.000341059201416247, 'gpp_d': 8.897096770889394, 'ign_k': 0.14076835798593088, 'ign_c': 0.14100117632820786, 'trop_agb_crit': 3.5364590024649876, 'trop_k_veg': 2.2489558561158254, 'pop_amp': 0.2507727236218481, 'pop_peak': 0.3419226529042774, 'pop_sig': 1.4065262688589004}. Best is trial 274 with value: -0.604910391627968.
[I 2026-08-20 00:32:03,668] Trial 678 finished with value: -0.4822000507173082 and parameters: {'k1': 0.007152780398859177, 'D_low': 394.9184110747051, 'k2': 9.214552863315363e-05, 'D_high': 2199.66516000895, 'fire_exp': 1.0128844631014529, 'P_half': 3.2202956253540913, 'pre_dampen_half': 26.20161328086703, 'gpp_af': 0.0014031436433523162, 'gpp_b': 0.00023643391467206924, 'gpp_d': 518.8932973801142, 'ign_k': 3.1198082670196916, 'ign_c': 0.29355573544086927, 'trop_agb_crit': 10.925042271300349, 'trop_k_veg': 1.6053865010044155, 'pop_amp': 0.00451522411284664, 'pop_peak': 0.10719035656433942, 'pop_sig': 0.6141649974271527}. Best is trial 274 with value: -0.604910391627968.
[I 2026-08-20 00:32:05,539] Trial 679 finished with value: 0.5502473549512078 and parameters: {'k1': 0.0002651212918167018, 'D_low': 71722.9469943448, 'k2': 0.013053560628707056, 'D_high': 2032651.688424942, 'fire_exp': 2.4595739427292274, 'P_half': 15.366182839509353, 'pre_dampen_half': 175.96818727023233, 'gpp_af': 0.001032092816509366, 'gpp_b': 3.7122327428214893e-05, 'gpp_d': 0.04688592828279016, 'ign_k': 2.0931187854082194, 'ign_c': 0.7369716420816633, 'trop_agb_crit': 8.852704989862668, 'trop_k_veg': 6.640957834324512, 'pop_amp': 0.5768594784516181, 'pop_peak': 0.15883388136760485, 'pop_sig': 1.0804519803310992}. Best is trial 274 with value: -0.604910391627968.
[I 2026-08-20 00:32:07,655] Trial 680 finished with value: 0.44779624297693776 and parameters: {'k1': 0.0020324026559692134, 'D_low': 232.3334905412551, 'k2': 0.010358888598057458, 'D_high': 869216.1588450483, 'fire_exp': 1.3514807765431296, 'P_half': 2.9147723590105015, 'pre_dampen_half': 0.011003802621464085, 'gpp_af': 0.39602246782784023, 'gpp_b': 0.003021653744032919, 'gpp_d': 31.642497978944483, 'ign_k': 0.020384756782193314, 'ign_c': 0.6406768220596706, 'trop_agb_crit': 18.604697012279917, 'trop_k_veg': 1.378164593994153, 'pop_amp': 14.226296376684127, 'pop_peak': 190.97423126108245, 'pop_sig': 0.8584105750654829}. Best is trial 274 with value: -0.604910391627968.
[I 2026-08-20 00:32:09,751] Trial 681 finished with value: 0.6445252527044543 and parameters: {'k1': 0.004289788202025857, 'D_low': 1663.1337069317149, 'k2': 0.0031531642041543145, 'D_high': 1811860.463251345, 'fire_exp': 3.2965417251375753, 'P_half': 92.22049628732209, 'pre_dampen_half': 78.00111120583632, 'gpp_af': 0.059138487168263136, 'gpp_b': 0.0008474679884117318, 'gpp_d': 1.4634946144079055, 'ign_k': 9.074375614007598, 'ign_c': 39.99772060851723, 'trop_agb_crit': 20.34123925385261, 'trop_k_veg': 2.4397985452625344, 'pop_amp': 0.0013136442021180034, 'pop_peak': 28.298650981902004, 'pop_sig': 0.5168470215440014}. Best is trial 274 with value: -0.604910391627968.
[I 2026-08-20 00:32:11,657] Trial 682 finished with value: 0.5170217352399633 and parameters: {'k1': 0.03171229751296247, 'D_low': 9480.876824303545, 'k2': 0.007676929901103599, 'D_high': 4714991.080021716, 'fire_exp': 1.818215823262583, 'P_half': 57.16440901745525, 'pre_dampen_half': 1.7536584565094169, 'gpp_af': 0.0021572603822287424, 'gpp_b': 0.000166204045092805, 'gpp_d': 245.52270872649626, 'ign_k': 9.359033611076597, 'ign_c': 2.7811995890490873, 'trop_agb_crit': 3.647254572324074, 'trop_k_veg': 0.9491402611268865, 'pop_amp': 0.009588765382365408, 'pop_peak': 920.5371727280756, 'pop_sig': 0.8847264622263628}. Best is trial 274 with value: -0.604910391627968.
[I 2026-08-20 00:32:13,564] Trial 683 finished with value: 0.4781411837837487 and parameters: {'k1': 0.00077617621477564, 'D_low': 1253.6185574152705, 'k2': 0.020165806221310017, 'D_high': 3284763.769614277, 'fire_exp': 1.5014961422116442, 'P_half': 146.14417247179586, 'pre_dampen_half': 1.1444336984445445, 'gpp_af': 0.014579558611540137, 'gpp_b': 0.001306419323193268, 'gpp_d': 0.535984346728737, 'ign_k': 2.6410212449000605, 'ign_c': 1.9698229550596862, 'trop_agb_crit': 2.7436955459122028, 'trop_k_veg': 6.431732721048421, 'pop_amp': 0.015576424108576509, 'pop_peak': 0.21859315104494184, 'pop_sig': 0.7339393897804879}. Best is trial 274 with value: -0.604910391627968.
[I 2026-08-20 00:32:15,396] Trial 684 finished with value: -0.5610219789004581 and parameters: {'k1': 0.00012471876203305437, 'D_low': 26.60424029391313, 'k2': 0.053090842455740035, 'D_high': 1040609.2725975894, 'fire_exp': 3.8010350702255447, 'P_half': 3.5861108201436873, 'pre_dampen_half': 176.7574396668533, 'gpp_af': 0.00510935260690016, 'gpp_b': 0.0004850738027321004, 'gpp_d': 0.5106133134806353, 'ign_k': 0.21172229624066766, 'ign_c': 0.6775439968238016, 'trop_agb_crit': 4.754296321464939, 'trop_k_veg': 7.093750035325327, 'pop_amp': 0.009530772603077248, 'pop_peak': 4.297989291638684, 'pop_sig': 1.1073935465471743}. Best is trial 274 with value: -0.604910391627968.
[I 2026-08-20 00:32:17,482] Trial 685 finished with value: 0.6283148814453022 and parameters: {'k1': 1.0894721798111487e-05, 'D_low': 45184.66891044492, 'k2': 0.08060122920718707, 'D_high': 2634.05957685594, 'fire_exp': 3.8546816859096014, 'P_half': 14.834483950389956, 'pre_dampen_half': 216.23676655417813, 'gpp_af': 0.0010271358196256744, 'gpp_b': 0.006739712375876762, 'gpp_d': 0.3020566306352559, 'ign_k': 4.39331675046982, 'ign_c': 12.071949597549441, 'trop_agb_crit': 7.831536071653668, 'trop_k_veg': 4.513563769722309, 'pop_amp': 0.03522896211713794, 'pop_peak': 0.2826949898282502, 'pop_sig': 0.38324708040063815}. Best is trial 274 with value: -0.604910391627968.
[I 2026-08-20 00:32:19,283] Trial 686 finished with value: 0.4467156140306672 and parameters: {'k1': 0.00011099365664995034, 'D_low': 3577.9467472351384, 'k2': 0.07478856853713742, 'D_high': 9943232.875573428, 'fire_exp': 2.720984979444977, 'P_half': 18.593201162010264, 'pre_dampen_half': 63.25302175066966, 'gpp_af': 0.0027077264732807437, 'gpp_b': 1.312960391364546e-05, 'gpp_d': 8.964378013791963, 'ign_k': 0.0757941459875062, 'ign_c': 13.711682457065477, 'trop_agb_crit': 12.918737179711865, 'trop_k_veg': 4.698190362431659, 'pop_amp': 1.3548008662004356, 'pop_peak': 1.0591949279828843, 'pop_sig': 0.5551284292226111}. Best is trial 274 with value: -0.604910391627968.
[I 2026-08-20 00:32:21,081] Trial 687 finished with value: 0.6445374145881376 and parameters: {'k1': 0.002127162606248781, 'D_low': 291.31024514505214, 'k2': 0.0011130736734276086, 'D_high': 7387999.660997139, 'fire_exp': 1.101902362382269, 'P_half': 325.208486255831, 'pre_dampen_half': 30.372440351382593, 'gpp_af': 0.03083045863598694, 'gpp_b': 0.00015097877371296597, 'gpp_d': 30.070960130474504, 'ign_k': 2.3955991213793557, 'ign_c': 97.21823727143605, 'trop_agb_crit': 21.351381157036208, 'trop_k_veg': 2.9747502486047583, 'pop_amp': 0.00489597808296902, 'pop_peak': 31.514698040727385, 'pop_sig': 1.0152403072811895}. Best is trial 274 with value: -0.604910391627968.
[I 2026-08-20 00:32:23,028] Trial 688 finished with value: 0.6557547842898379 and parameters: {'k1': 0.0010995243778458863, 'D_low': 28380.00825048511, 'k2': 0.038944614379643264, 'D_high': 106447.82662979786, 'fire_exp': 2.3607517343637725, 'P_half': 18.540692373790897, 'pre_dampen_half': 17.95719056233692, 'gpp_af': 0.005122476711003695, 'gpp_b': 0.0004172566000499595, 'gpp_d': 4.067510237573524, 'ign_k': 1.0955984292851038, 'ign_c': 42.93680234449579, 'trop_agb_crit': 7.729162396182678, 'trop_k_veg': 7.630693346784032, 'pop_amp': 0.27742715194316697, 'pop_peak': 4.8383499969533155, 'pop_sig': 1.6974531176460441}. Best is trial 274 with value: -0.604910391627968.
[I 2026-08-20 00:32:25,086] Trial 689 finished with value: 0.6242931943672403 and parameters: {'k1': 0.02668193478459469, 'D_low': 82738.05001846056, 'k2': 0.03535304188237904, 'D_high': 673743.7640294319, 'fire_exp': 2.427460796244924, 'P_half': 145.3807729837196, 'pre_dampen_half': 2.4346812608824, 'gpp_af': 0.004642851724781324, 'gpp_b': 0.0009921063084334003, 'gpp_d': 350.5004087230325, 'ign_k': 0.004393296465924641, 'ign_c': 1.6970044973115204, 'trop_agb_crit': 24.801705392804948, 'trop_k_veg': 0.6114994699064477, 'pop_amp': 0.005261533187118183, 'pop_peak': 621.4428357490125, 'pop_sig': 1.5032442960308467}. Best is trial 274 with value: -0.604910391627968.
[I 2026-08-20 00:32:27,061] Trial 690 finished with value: 0.45607595510011634 and parameters: {'k1': 0.00013951889414253314, 'D_low': 8435.392443269035, 'k2': 0.06238359774339081, 'D_high': 3587603.029005007, 'fire_exp': 1.3005957414328322, 'P_half': 5.093030312679257, 'pre_dampen_half': 874.6770419317223, 'gpp_af': 0.001275131595450427, 'gpp_b': 6.490405923544306e-05, 'gpp_d': 0.16384446179470386, 'ign_k': 5.220040928602483, 'ign_c': 6.323137034431164, 'trop_agb_crit': 5.2144100927929475, 'trop_k_veg': 6.860121888843019, 'pop_amp': 0.03964901288383682, 'pop_peak': 2.953960073688093, 'pop_sig': 1.0916950353342554}. Best is trial 274 with value: -0.604910391627968.
[I 2026-08-20 00:32:28,886] Trial 691 finished with value: 0.5881054546143598 and parameters: {'k1': 0.06770816246087767, 'D_low': 48.71652504644204, 'k2': 1.0187394661655527e-05, 'D_high': 27560.53019490491, 'fire_exp': 2.2641157849796323, 'P_half': 1918.8768989286348, 'pre_dampen_half': 0.31900481448427936, 'gpp_af': 31.549143826287043, 'gpp_b': 0.0010820897868241445, 'gpp_d': 15.74252876244262, 'ign_k': 0.019739641118998313, 'ign_c': 0.6689549626712268, 'trop_agb_crit': 2.929069580850137, 'trop_k_veg': 0.7017549690798809, 'pop_amp': 1.0331873621654053, 'pop_peak': 2.4700372829897397, 'pop_sig': 1.1207249306201081}. Best is trial 274 with value: -0.604910391627968.
[I 2026-08-20 00:32:30,803] Trial 692 finished with value: 0.6196787339582845 and parameters: {'k1': 0.0012408140249891217, 'D_low': 278.8167203554833, 'k2': 0.04153544685334028, 'D_high': 4847679.682992253, 'fire_exp': 3.444801835058446, 'P_half': 2.248142364261756, 'pre_dampen_half': 4.826908448856675, 'gpp_af': 0.0028147226188990166, 'gpp_b': 0.0007027154039373748, 'gpp_d': 0.11585887591376523, 'ign_k': 8.72285299673866, 'ign_c': 28.1853637605516, 'trop_agb_crit': 16.966232694842237, 'trop_k_veg': 7.336512953414394, 'pop_amp': 0.025698335207759788, 'pop_peak': 0.061800502242911996, 'pop_sig': 1.6151935207031505}. Best is trial 274 with value: -0.604910391627968.
[I 2026-08-20 00:32:32,688] Trial 693 finished with value: 0.5243219898939152 and parameters: {'k1': 0.06917463084792715, 'D_low': 490.67351397064374, 'k2': 0.00017964717771903917, 'D_high': 6955538.759087365, 'fire_exp': 2.239789316634265, 'P_half': 1445.4185598448612, 'pre_dampen_half': 83.30103941832286, 'gpp_af': 0.19164582626791418, 'gpp_b': 5.9316937639302205e-05, 'gpp_d': 74.4655030722921, 'ign_k': 0.004815858969774838, 'ign_c': 1.0031848915195447, 'trop_agb_crit': 17.48379105641276, 'trop_k_veg': 0.9578026663494759, 'pop_amp': 3.7777702640429736, 'pop_peak': 23.705669360926805, 'pop_sig': 1.6061415042328975}. Best is trial 274 with value: -0.604910391627968.
[I 2026-08-20 00:32:34,492] Trial 694 finished with value: 0.5930457494486541 and parameters: {'k1': 2.04614277012427e-05, 'D_low': 397752.2926736553, 'k2': 0.02767011389201046, 'D_high': 274158.7366105363, 'fire_exp': 2.8927114959822395, 'P_half': 16.588347566585725, 'pre_dampen_half': 29.796789865469265, 'gpp_af': 0.0026111589630477797, 'gpp_b': 0.0003067127188060607, 'gpp_d': 1.144583319237796, 'ign_k': 5.4700050876545525, 'ign_c': 10.349848727504357, 'trop_agb_crit': 21.167621441552907, 'trop_k_veg': 6.10691790027325, 'pop_amp': 0.003268595983535408, 'pop_peak': 0.21194946248685623, 'pop_sig': 0.8792407092863376}. Best is trial 274 with value: -0.604910391627968.
[I 2026-08-20 00:32:36,383] Trial 695 finished with value: 0.6003509868153818 and parameters: {'k1': 0.0006879820191352383, 'D_low': 22608.55884115294, 'k2': 0.08616314541865717, 'D_high': 6542.353413127523, 'fire_exp': 1.2627260577056212, 'P_half': 2.9517546645330617, 'pre_dampen_half': 10.66087372595287, 'gpp_af': 0.0029169477145213167, 'gpp_b': 0.00044473633655945966, 'gpp_d': 0.5192354140267184, 'ign_k': 0.1533395317758911, 'ign_c': 1.6729439645035522, 'trop_agb_crit': 2.0588335165561578, 'trop_k_veg': 5.265804230170574, 'pop_amp': 1.6285581953925772, 'pop_peak': 0.36417758224062424, 'pop_sig': 0.6152650273796055}. Best is trial 274 with value: -0.604910391627968.
[I 2026-08-20 00:32:38,378] Trial 696 finished with value: 0.614202572412242 and parameters: {'k1': 0.00013149740224865307, 'D_low': 1194.2030664672916, 'k2': 0.00011998830329090749, 'D_high': 1468813.9904915472, 'fire_exp': 2.067459837967227, 'P_half': 955.3910444816015, 'pre_dampen_half': 56.3423596692556, 'gpp_af': 0.014922965689746702, 'gpp_b': 1.1382011885049679, 'gpp_d': 5.309595760960159, 'ign_k': 8.090580593229365, 'ign_c': 2.391510290875813, 'trop_agb_crit': 17.895463795265595, 'trop_k_veg': 3.033526389668424, 'pop_amp': 0.05891163068974816, 'pop_peak': 581.4209214320458, 'pop_sig': 1.9606618451475135}. Best is trial 274 with value: -0.604910391627968.
[I 2026-08-20 00:32:40,137] Trial 697 finished with value: 0.5979110043141749 and parameters: {'k1': 0.0001288558232754436, 'D_low': 150.88642324256872, 'k2': 0.002261271360348841, 'D_high': 5210145.931261541, 'fire_exp': 1.405114067455782, 'P_half': 381.9875523200296, 'pre_dampen_half': 16.940868794267782, 'gpp_af': 0.008861646405921944, 'gpp_b': 0.06080358997009558, 'gpp_d': 0.43402650104009133, 'ign_k': 0.3902554813285556, 'ign_c': 23.52352005880148, 'trop_agb_crit': 18.810753787294622, 'trop_k_veg': 2.0575173747567357, 'pop_amp': 0.15521676131364917, 'pop_peak': 33.55141582536289, 'pop_sig': 0.8374654905285973}. Best is trial 274 with value: -0.604910391627968.
[I 2026-08-20 00:32:41,946] Trial 698 finished with value: -0.5686806505396865 and parameters: {'k1': 0.0034997479432153943, 'D_low': 2501.729205975536, 'k2': 0.004821155514897316, 'D_high': 1987487.579487182, 'fire_exp': 1.2814718338919289, 'P_half': 2.73917166714462, 'pre_dampen_half': 0.4084586735669161, 'gpp_af': 0.01974523150381663, 'gpp_b': 8.004468979692719e-05, 'gpp_d': 3.440889496752165, 'ign_k': 1.1290077306759756, 'ign_c': 5.095752620683141, 'trop_agb_crit': 1.2486726881019796, 'trop_k_veg': 2.5569693975865175, 'pop_amp': 0.12038696599182085, 'pop_peak': 0.8115958423315804, 'pop_sig': 0.8807054770344619}. Best is trial 274 with value: -0.604910391627968.
[I 2026-08-20 00:32:43,725] Trial 699 finished with value: 0.6445374145881376 and parameters: {'k1': 0.0003708427512623996, 'D_low': 6539.8817732854695, 'k2': 0.0684829900423747, 'D_high': 942973.718632202, 'fire_exp': 1.1256644373776856, 'P_half': 4.249536318817311, 'pre_dampen_half': 8.72347385557596, 'gpp_af': 0.0031014433562971456, 'gpp_b': 0.00023869174372221285, 'gpp_d': 0.08770173930996246, 'ign_k': 0.42597976407997024, 'ign_c': 413.0262071574781, 'trop_agb_crit': 1.5585036187715504, 'trop_k_veg': 4.928604280268485, 'pop_amp': 0.0659991997705257, 'pop_peak': 0.25683619742615066, 'pop_sig': 1.5467508484929282}. Best is trial 274 with value: -0.604910391627968.
[I 2026-08-20 00:32:45,540] Trial 700 finished with value: 0.4243330317209968 and parameters: {'k1': 0.0001464421512434373, 'D_low': 6349.679999477801, 'k2': 0.0005474039822364808, 'D_high': 981098.9983004973, 'fire_exp': 1.1403978233973642, 'P_half': 292.6220511730656, 'pre_dampen_half': 304.06147439988086, 'gpp_af': 0.00852413701506596, 'gpp_b': 0.00025853870980829374, 'gpp_d': 6.985332082785885, 'ign_k': 2.9437952906274027, 'ign_c': 6.632942642631722, 'trop_agb_crit': 14.883679750259663, 'trop_k_veg': 2.9376815952918207, 'pop_amp': 0.03922402258826973, 'pop_peak': 9.390098168764622, 'pop_sig': 0.8257339480572422}. Best is trial 274 with value: -0.604910391627968.
[I 2026-08-20 00:32:47,602] Trial 701 finished with value: 0.5922472961745173 and parameters: {'k1': 0.004562694869505254, 'D_low': 12322.567118086978, 'k2': 0.007093464231255822, 'D_high': 86398.11473365939, 'fire_exp': 1.6266935958874698, 'P_half': 12.017449481292008, 'pre_dampen_half': 0.06922415651852958, 'gpp_af': 0.03117674788659785, 'gpp_b': 0.00012322634315937208, 'gpp_d': 0.5349861577286713, 'ign_k': 0.21837774667175647, 'ign_c': 28.084190046141988, 'trop_agb_crit': 1.0575069991818982, 'trop_k_veg': 1.5857246548699957, 'pop_amp': 0.06984607525959596, 'pop_peak': 0.33228217218990264, 'pop_sig': 0.9340582813981203}. Best is trial 274 with value: -0.604910391627968.
[I 2026-08-20 00:32:49,423] Trial 702 finished with value: -0.5058779289563655 and parameters: {'k1': 0.004133656202739458, 'D_low': 88.62418300126842, 'k2': 0.0014033418772178702, 'D_high': 7453180.413874594, 'fire_exp': 2.197265313594162, 'P_half': 41.47811247691049, 'pre_dampen_half': 49.22485225946819, 'gpp_af': 0.11377154119530206, 'gpp_b': 0.0004257433956311714, 'gpp_d': 117.56699797992151, 'ign_k': 0.001140051912888177, 'ign_c': 1.243583798000838, 'trop_agb_crit': 16.834757722882458, 'trop_k_veg': 0.8796887992629152, 'pop_amp': 0.24631401727798183, 'pop_peak': 2.36085257212389, 'pop_sig': 1.4479938567804653}. Best is trial 274 with value: -0.604910391627968.
[I 2026-08-20 00:32:51,204] Trial 703 finished with value: 0.5980941824312954 and parameters: {'k1': 0.0011059163358728451, 'D_low': 1387.0924561311751, 'k2': 0.06749413554040277, 'D_high': 275944.37874950346, 'fire_exp': 4.294177708927503, 'P_half': 205.07107874335537, 'pre_dampen_half': 2.285738717670352, 'gpp_af': 0.0034168431965443144, 'gpp_b': 0.02223579737716916, 'gpp_d': 1.150319240181828, 'ign_k': 0.7745386739362486, 'ign_c': 19.943285958689852, 'trop_agb_crit': 5.208513571010251, 'trop_k_veg': 5.601723913849534, 'pop_amp': 7.899643702563495, 'pop_peak': 0.13311880946114102, 'pop_sig': 0.8162961057121927}. Best is trial 274 with value: -0.604910391627968.
