[I 2026-08-06 02:51:09,829] Trial 737 finished with values: [10.75289739018177, 10.75289739018177] and parameters: {'k1': 0.02714257255218683, 'D_low': 51.9967392387832, 'k2': 0.031211489608802344, 'D_high': 41.05873950290761, 'fire_exp': 1.151006986743773, 'P_half': 215.55950571043874, 'pre_dampen_half': 111.37963167994629, 'gpp_af': 29.925002022877802, 'gpp_b': 0.011750724729953272, 'gpp_d': 19.65797948502804, 'ign_k': 0.014879588507790004, 'ign_c': 0.11272174259951144}.
[I 2026-08-06 02:51:10,888] Trial 738 finished with values: [10.087636082423717, 10.087636082423717] and parameters: {'k1': 0.00324789183891923, 'D_low': 2.1234210963705626, 'k2': 0.031211489608802344, 'D_high': 12775.77960461496, 'fire_exp': 1.151006986743773, 'P_half': 1.4061463985176637, 'pre_dampen_half': 107.40052367919465, 'gpp_af': 0.010590622233713298, 'gpp_b': 3.481277316673104e-05, 'gpp_d': 3.57879245350232, 'ign_k': 0.0035114452581286888, 'ign_c': 10.140635645866492}.
[I 2026-08-06 02:51:11,919] Trial 739 finished with values: [-0.4701919844459236, 0.325741372855634] and parameters: {'k1': 0.016973078532467004, 'D_low': 29.89885508829526, 'k2': 0.0001870742013766025, 'D_high': 7744.80118512745, 'fire_exp': 1.0881360604103363, 'P_half': 10.226988730324324, 'pre_dampen_half': 304.7488318185732, 'gpp_af': 5.620854611217178, 'gpp_b': 0.011750724729953272, 'gpp_d': 3.57879245350232, 'ign_k': 0.0035114452581286888, 'ign_c': 10.140635645866492}.
[I 2026-08-06 02:51:12,967] Trial 740 finished with values: [10.130801706676232, 10.130801706676232] and parameters: {'k1': 0.00324789183891923, 'D_low': 918.4900818511542, 'k2': 0.002935672965826306, 'D_high': 8182.111518618414, 'fire_exp': 1.1044852285094786, 'P_half': 12.808863354047988, 'pre_dampen_half': 347.79988160923324, 'gpp_af': 0.17517338132112292, 'gpp_b': 0.011750724729953272, 'gpp_d': 0.1540709123740619, 'ign_k': 4.006890332238651, 'ign_c': 9.34330265731847}.
[I 2026-08-06 02:51:14,042] Trial 741 finished with values: [-0.4885416559504196, 0.20321601983396387] and parameters: {'k1': 0.00324789183891923, 'D_low': 29.89885508829526, 'k2': 0.0022957398214549472, 'D_high': 7744.80118512745, 'fire_exp': 1.0881360604103363, 'P_half': 215.55950571043874, 'pre_dampen_half': 304.7488318185732, 'gpp_af': 5.620854611217178, 'gpp_b': 0.011750724729953272, 'gpp_d': 4.5768578731086835, 'ign_k': 0.03033111747878116, 'ign_c': 10.140635645866492}.
[I 2026-08-06 02:51:15,088] Trial 742 finished with values: [10.18294138948492, 10.18294138948492] and parameters: {'k1': 0.00324789183891923, 'D_low': 31.117676855667376, 'k2': 0.002935672965826306, 'D_high': 2969.087094484682, 'fire_exp': 1.0881360604103363, 'P_half': 215.55950571043874, 'pre_dampen_half': 805.2502904451399, 'gpp_af': 5.620854611217178, 'gpp_b': 0.011750724729953272, 'gpp_d': 0.6380717024176037, 'ign_k': 0.6454459531371669, 'ign_c': 0.11433485956638717}.
[I 2026-08-06 02:51:16,150] Trial 743 finished with values: [10.469207702011644, 10.469207702011644] and parameters: {'k1': 0.01889771394135163, 'D_low': 29.89885508829526, 'k2': 0.0022957398214549472, 'D_high': 6455.595882939566, 'fire_exp': 1.0881360604103363, 'P_half': 147.09699119495133, 'pre_dampen_half': 107.40052367919465, 'gpp_af': 0.013688256550323697, 'gpp_b': 0.011750724729953272, 'gpp_d': 26.07917317941345, 'ign_k': 0.03033111747878116, 'ign_c': 6.160975294741436}.
[I 2026-08-06 02:51:17,198] Trial 744 finished with values: [10.276256139299802, 10.276256139299802] and parameters: {'k1': 1.962382648116833e-05, 'D_low': 1112.9571947046009, 'k2': 0.031211489608802344, 'D_high': 2592.951380378534, 'fire_exp': 1.151006986743773, 'P_half': 470.815979325019, 'pre_dampen_half': 107.40052367919465, 'gpp_af': 0.010590622233713298, 'gpp_b': 1.1008110571039521e-05, 'gpp_d': 1.826381177000974, 'ign_k': 0.30058090246151414, 'ign_c': 8.671454322584175}.
[I 2026-08-06 02:51:18,473] Trial 745 finished with values: [10.468750026873787, 10.468750026873787] and parameters: {'k1': 0.0005956633466901681, 'D_low': 2.1234210963705626, 'k2': 0.031211489608802344, 'D_high': 12775.77960461496, 'fire_exp': 1.0881360604103363, 'P_half': 10.226988730324324, 'pre_dampen_half': 2.077161282926345, 'gpp_af': 1.3725472882585024, 'gpp_b': 0.0024605285374226047, 'gpp_d': 0.7923715993309053, 'ign_k': 0.0486276976221284, 'ign_c': 10.140635645866492}.
[I 2026-08-06 02:51:19,513] Trial 746 finished with values: [10.272739762662196, 10.272739762662196] and parameters: {'k1': 0.04897760278488444, 'D_low': 29.89885508829526, 'k2': 0.002935672965826306, 'D_high': 10316.033434719713, 'fire_exp': 1.0881360604103363, 'P_half': 12.808863354047988, 'pre_dampen_half': 304.7488318185732, 'gpp_af': 35.20481045526041, 'gpp_b': 0.00012797528816608022, 'gpp_d': 34.37107943937136, 'ign_k': 0.03033111747878116, 'ign_c': 34.19108473554449}.
[I 2026-08-06 02:51:20,655] Trial 747 finished with values: [11.181862535364726, 11.181862535364726] and parameters: {'k1': 0.04897760278488444, 'D_low': 2.1234210963705626, 'k2': 0.031211489608802344, 'D_high': 10316.033434719713, 'fire_exp': 1.151006986743773, 'P_half': 2.157758652553991, 'pre_dampen_half': 107.40052367919465, 'gpp_af': 0.47739011308437823, 'gpp_b': 1.1008110571039521e-05, 'gpp_d': 207.33291221114672, 'ign_k': 0.03033111747878116, 'ign_c': 0.11272174259951144}.
[I 2026-08-06 02:51:21,843] Trial 748 finished with values: [-0.48515540739688906, 0.26948117100933433] and parameters: {'k1': 0.002971796631657383, 'D_low': 29.89885508829526, 'k2': 0.031211489608802344, 'D_high': 6455.595882939566, 'fire_exp': 1.0881360604103363, 'P_half': 119.21396716829831, 'pre_dampen_half': 36.876350096203005, 'gpp_af': 0.18575807716793402, 'gpp_b': 3.228689523591491e-05, 'gpp_d': 13.205186500450395, 'ign_k': 0.014879588507790004, 'ign_c': 0.8794311679173451}.
[I 2026-08-06 02:51:23,144] Trial 749 finished with values: [10.606694669039618, 10.606694669039618] and parameters: {'k1': 7.841214856323651e-05, 'D_low': 1112.9571947046009, 'k2': 0.0008255198309657572, 'D_high': 12.663923057989628, 'fire_exp': 1.0881360604103363, 'P_half': 215.55950571043874, 'pre_dampen_half': 805.2502904451399, 'gpp_af': 5.620854611217178, 'gpp_b': 0.00031478066835753096, 'gpp_d': 2.893272120738162, 'ign_k': 0.023173482832991366, 'ign_c': 0.1457050032975653}.
[I 2026-08-06 02:51:24,501] Trial 750 finished with values: [10.068858938082597, 10.068858938082597] and parameters: {'k1': 7.841214856323651e-05, 'D_low': 33.17282633684987, 'k2': 0.0007081721844034209, 'D_high': 10316.033434719713, 'fire_exp': 1.0881360604103363, 'P_half': 215.55950571043874, 'pre_dampen_half': 304.7488318185732, 'gpp_af': 11.234842109991876, 'gpp_b': 0.011750724729953272, 'gpp_d': 150.14555442537656, 'ign_k': 0.11101191524846071, 'ign_c': 0.11433485956638717}.
[I 2026-08-06 02:51:25,813] Trial 751 finished with values: [-0.47785746336633467, 0.48870350477020064] and parameters: {'k1': 0.02714257255218683, 'D_low': 51.9967392387832, 'k2': 1.1184534120760473e-05, 'D_high': 41.05873950290761, 'fire_exp': 1.0881360604103363, 'P_half': 215.55950571043874, 'pre_dampen_half': 107.40052367919465, 'gpp_af': 5.620854611217178, 'gpp_b': 0.00031478066835753096, 'gpp_d': 4.5768578731086835, 'ign_k': 0.6454459531371669, 'ign_c': 10.140635645866492}.
[I 2026-08-06 02:51:27,168] Trial 752 finished with values: [10.54905693170018, 10.54905693170018] and parameters: {'k1': 0.01889771394135163, 'D_low': 4.075267974954964, 'k2': 0.0003938139750079106, 'D_high': 8182.111518618414, 'fire_exp': 1.151006986743773, 'P_half': 147.09699119495133, 'pre_dampen_half': 107.40052367919465, 'gpp_af': 0.010590622233713298, 'gpp_b': 0.011750724729953272, 'gpp_d': 368.30088529547436, 'ign_k': 0.03033111747878116, 'ign_c': 8.671454322584175}.
[I 2026-08-06 02:51:28,613] Trial 753 finished with values: [10.115690813595199, 10.115690813595199] and parameters: {'k1': 7.841214856323651e-05, 'D_low': 51.9967392387832, 'k2': 1.1184534120760473e-05, 'D_high': 41.05873950290761, 'fire_exp': 1.0881360604103363, 'P_half': 209.26156883786703, 'pre_dampen_half': 107.40052367919465, 'gpp_af': 0.4655997448361927, 'gpp_b': 0.00031478066835753096, 'gpp_d': 4.5768578731086835, 'ign_k': 0.08312953263874531, 'ign_c': 0.1457050032975653}.
[I 2026-08-06 02:51:30,044] Trial 754 finished with values: [11.182359596471423, 11.182359596471423] and parameters: {'k1': 0.0027015957920129437, 'D_low': 2.458603276328005, 'k2': 0.011469197890812934, 'D_high': 10316.033434719713, 'fire_exp': 1.0881360604103363, 'P_half': 2.157758652553991, 'pre_dampen_half': 107.40052367919465, 'gpp_af': 20.12115544906385, 'gpp_b': 1.1008110571039521e-05, 'gpp_d': 150.14555442537656, 'ign_k': 0.03033111747878116, 'ign_c': 0.11433485956638717}.
[I 2026-08-06 02:51:31,349] Trial 755 finished with values: [10.305201206799598, 10.305201206799598] and parameters: {'k1': 0.01889771394135163, 'D_low': 3840.3004190988563, 'k2': 0.0007081721844034209, 'D_high': 8182.111518618414, 'fire_exp': 1.0881360604103363, 'P_half': 147.09699119495133, 'pre_dampen_half': 304.7488318185732, 'gpp_af': 11.234842109991876, 'gpp_b': 1.1008110571039521e-05, 'gpp_d': 5.878566318396007, 'ign_k': 0.03033111747878116, 'ign_c': 0.1457050032975653}.
[I 2026-08-06 02:51:32,779] Trial 756 finished with values: [-0.4748542989558079, 0.27231090688151594] and parameters: {'k1': 7.841214856323651e-05, 'D_low': 1112.9571947046009, 'k2': 0.0007081721844034209, 'D_high': 8182.111518618414, 'fire_exp': 1.0881360604103363, 'P_half': 408.3047491580097, 'pre_dampen_half': 304.7488318185732, 'gpp_af': 11.234842109991876, 'gpp_b': 0.00031478066835753096, 'gpp_d': 4.5768578731086835, 'ign_k': 1.786252932834922, 'ign_c': 0.1457050032975653}.
[I 2026-08-06 02:51:34,173] Trial 757 finished with values: [-0.4881894672862016, 0.2864124349448628] and parameters: {'k1': 0.00324789183891923, 'D_low': 29.89885508829526, 'k2': 0.002935672965826306, 'D_high': 7744.80118512745, 'fire_exp': 1.0881360604103363, 'P_half': 215.55950571043874, 'pre_dampen_half': 304.7488318185732, 'gpp_af': 5.620854611217178, 'gpp_b': 0.011750724729953272, 'gpp_d': 2.893272120738162, 'ign_k': 0.6454459531371669, 'ign_c': 10.140635645866492}.
[I 2026-08-06 02:51:35,603] Trial 758 finished with values: [10.037918856310915, 10.037918856310915] and parameters: {'k1': 7.841214856323651e-05, 'D_low': 29.89885508829526, 'k2': 0.0007081721844034209, 'D_high': 10316.033434719713, 'fire_exp': 1.0881360604103363, 'P_half': 215.55950571043874, 'pre_dampen_half': 304.7488318185732, 'gpp_af': 29.925002022877802, 'gpp_b': 0.024796579879439486, 'gpp_d': 150.14555442537656, 'ign_k': 0.11101191524846071, 'ign_c': 0.11433485956638717}.
[I 2026-08-06 02:51:36,944] Trial 759 finished with values: [10.070827944095587, 10.070827944095587] and parameters: {'k1': 0.04897760278488444, 'D_low': 2.458603276328005, 'k2': 3.5917714215176105e-05, 'D_high': 10316.033434719713, 'fire_exp': 1.0881360604103363, 'P_half': 147.09699119495133, 'pre_dampen_half': 107.40052367919465, 'gpp_af': 35.20481045526041, 'gpp_b': 0.00012797528816608022, 'gpp_d': 34.37107943937136, 'ign_k': 0.03033111747878116, 'ign_c': 34.19108473554449}.
[I 2026-08-06 02:51:38,260] Trial 760 finished with values: [10.720375403186413, 10.720375403186413] and parameters: {'k1': 0.00324789183891923, 'D_low': 745.5766613295633, 'k2': 1.1184534120760473e-05, 'D_high': 2969.087094484682, 'fire_exp': 1.0881360604103363, 'P_half': 6638.879466825747, 'pre_dampen_half': 107.40052367919465, 'gpp_af': 5.620854611217178, 'gpp_b': 0.00031478066835753096, 'gpp_d': 2.893272120738162, 'ign_k': 0.08312953263874531, 'ign_c': 10.140635645866492}.
[I 2026-08-06 02:51:39,900] Trial 761 finished with values: [10.560917811000097, 10.560917811000097] and parameters: {'k1': 0.002971796631657383, 'D_low': 29.89885508829526, 'k2': 0.0007081721844034209, 'D_high': 8182.111518618414, 'fire_exp': 1.0428757830297122, 'P_half': 10.226988730324324, 'pre_dampen_half': 36.876350096203005, 'gpp_af': 0.009525547092124444, 'gpp_b': 0.011750724729953272, 'gpp_d': 8.144272585223819, 'ign_k': 0.03033111747878116, 'ign_c': 0.10721400017185365}.
[I 2026-08-06 02:51:41,261] Trial 762 finished with values: [-0.4786285146930777, 0.09631337790136507] and parameters: {'k1': 0.00324789183891923, 'D_low': 2.1234210963705626, 'k2': 0.0007081721844034209, 'D_high': 8182.111518618414, 'fire_exp': 1.151006986743773, 'P_half': 12.808863354047988, 'pre_dampen_half': 107.40052367919465, 'gpp_af': 0.010590622233713298, 'gpp_b': 0.00031478066835753096, 'gpp_d': 368.30088529547436, 'ign_k': 0.014879588507790004, 'ign_c': 8.671454322584175}.
[I 2026-08-06 02:51:42,640] Trial 763 finished with values: [-0.4771689128437565, 0.6956379440754665] and parameters: {'k1': 0.003889545503367576, 'D_low': 2.458603276328005, 'k2': 0.031211489608802344, 'D_high': 39095.08806930525, 'fire_exp': 1.0881360604103363, 'P_half': 12.808863354047988, 'pre_dampen_half': 76.86605275420082, 'gpp_af': 35.20481045526041, 'gpp_b': 0.00012797528816608022, 'gpp_d': 2.893272120738162, 'ign_k': 0.03033111747878116, 'ign_c': 34.19108473554449}.
[I 2026-08-06 02:51:44,017] Trial 764 finished with values: [-0.4729784708379223, 0.17299962924687284] and parameters: {'k1': 0.01889771394135163, 'D_low': 2.458603276328005, 'k2': 0.0007081721844034209, 'D_high': 10316.033434719713, 'fire_exp': 1.0881360604103363, 'P_half': 10.226988730324324, 'pre_dampen_half': 76.86605275420082, 'gpp_af': 1.3725472882585024, 'gpp_b': 0.011750724729953272, 'gpp_d': 26.07917317941345, 'ign_k': 0.03033111747878116, 'ign_c': 34.19108473554449}.
[I 2026-08-06 02:51:45,304] Trial 765 finished with values: [10.769230768921867, 10.769230768921867] and parameters: {'k1': 0.00324789183891923, 'D_low': 2.1234210963705626, 'k2': 0.031211489608802344, 'D_high': 8182.111518618414, 'fire_exp': 1.151006986743773, 'P_half': 12.808863354047988, 'pre_dampen_half': 107.40052367919465, 'gpp_af': 0.010590622233713298, 'gpp_b': 0.00028899729610231095, 'gpp_d': 368.30088529547436, 'ign_k': 0.03033111747878116, 'ign_c': 510.6674528526552}.
[I 2026-08-06 02:51:46,639] Trial 766 finished with values: [10.57460264098081, 10.57460264098081] and parameters: {'k1': 7.841214856323651e-05, 'D_low': 3840.3004190988563, 'k2': 0.0007081721844034209, 'D_high': 17.420858817889425, 'fire_exp': 1.0881360604103363, 'P_half': 10.226988730324324, 'pre_dampen_half': 107.40052367919465, 'gpp_af': 0.010590622233713298, 'gpp_b': 3.228689523591491e-05, 'gpp_d': 368.30088529547436, 'ign_k': 0.0035114452581286888, 'ign_c': 10.140635645866492}.
[I 2026-08-06 02:51:47,909] Trial 767 finished with values: [10.209046605020477, 10.209046605020477] and parameters: {'k1': 0.002971796631657383, 'D_low': 29.89885508829526, 'k2': 0.0007081721844034209, 'D_high': 54669.374787660905, 'fire_exp': 1.0881360604103363, 'P_half': 12.808863354047988, 'pre_dampen_half': 76.86605275420082, 'gpp_af': 29.925002022877802, 'gpp_b': 3.228689523591491e-05, 'gpp_d': 13.205186500450395, 'ign_k': 0.03141110271934876, 'ign_c': 34.19108473554449}.
[I 2026-08-06 02:51:49,206] Trial 768 finished with values: [-0.48601665842317565, 0.3121647167333912] and parameters: {'k1': 0.00324789183891923, 'D_low': 29.89885508829526, 'k2': 0.002935672965826306, 'D_high': 7744.80118512745, 'fire_exp': 1.0881360604103363, 'P_half': 25.49709775062068, 'pre_dampen_half': 304.7488318185732, 'gpp_af': 5.620854611217178, 'gpp_b': 0.011750724729953272, 'gpp_d': 4.5768578731086835, 'ign_k': 0.014879588507790004, 'ign_c': 10.140635645866492}.
[I 2026-08-06 02:51:50,515] Trial 769 finished with values: [-0.4892799345256285, 0.2253180650765818] and parameters: {'k1': 0.00324789183891923, 'D_low': 2.5449737887285035, 'k2': 0.0022957398214549472, 'D_high': 7744.80118512745, 'fire_exp': 1.0881360604103363, 'P_half': 215.55950571043874, 'pre_dampen_half': 304.7488318185732, 'gpp_af': 5.620854611217178, 'gpp_b': 0.008226792720717493, 'gpp_d': 4.5768578731086835, 'ign_k': 0.03033111747878116, 'ign_c': 10.140635645866492}.
[I 2026-08-06 02:51:51,913] Trial 770 finished with values: [10.659201514029338, 10.659201514029338] and parameters: {'k1': 0.00324789183891923, 'D_low': 4.075267974954964, 'k2': 0.002935672965826306, 'D_high': 106.44034434867002, 'fire_exp': 1.9269608977575319, 'P_half': 12.808863354047988, 'pre_dampen_half': 805.2502904451399, 'gpp_af': 0.8942824595236101, 'gpp_b': 0.011750724729953272, 'gpp_d': 368.30088529547436, 'ign_k': 4.006890332238651, 'ign_c': 8.671454322584175}.
[I 2026-08-06 02:51:53,183] Trial 771 finished with values: [-0.48029718619767847, 0.15505892630539697] and parameters: {'k1': 0.00324789183891923, 'D_low': 2.1234210963705626, 'k2': 0.0007081721844034209, 'D_high': 8182.111518618414, 'fire_exp': 1.151006986743773, 'P_half': 12.808863354047988, 'pre_dampen_half': 107.40052367919465, 'gpp_af': 0.010590622233713298, 'gpp_b': 0.00012797528816608022, 'gpp_d': 368.30088529547436, 'ign_k': 0.014879588507790004, 'ign_c': 8.671454322584175}.
[I 2026-08-06 02:51:54,532] Trial 772 finished with values: [10.146511107062818, 10.146511107062818] and parameters: {'k1': 7.841214856323651e-05, 'D_low': 2.1234210963705626, 'k2': 0.031211489608802344, 'D_high': 8182.111518618414, 'fire_exp': 2.029036992298765, 'P_half': 12.808863354047988, 'pre_dampen_half': 107.40052367919465, 'gpp_af': 5.620854611217178, 'gpp_b': 0.00012797528816608022, 'gpp_d': 4.5768578731086835, 'ign_k': 0.11101191524846071, 'ign_c': 0.1457050032975653}.
[I 2026-08-06 02:51:55,833] Trial 773 finished with values: [10.768590392716593, 10.768590392716593] and parameters: {'k1': 0.04897760278488444, 'D_low': 29.89885508829526, 'k2': 0.08790311296857814, 'D_high': 10316.033434719713, 'fire_exp': 6.353688190122706, 'P_half': 12.808863354047988, 'pre_dampen_half': 4.963709806241684, 'gpp_af': 0.8942824595236101, 'gpp_b': 0.011750724729953272, 'gpp_d': 4.5768578731086835, 'ign_k': 0.0026834162496848666, 'ign_c': 6.160975294741436}.
[I 2026-08-06 02:51:57,165] Trial 774 finished with values: [-0.4530609049418942, 0.3292000919798431] and parameters: {'k1': 0.0001758858073588738, 'D_low': 29.89885508829526, 'k2': 1.3229646467088637e-05, 'D_high': 8182.111518618414, 'fire_exp': 1.0881360604103363, 'P_half': 215.55950571043874, 'pre_dampen_half': 304.7488318185732, 'gpp_af': 11.234842109991876, 'gpp_b': 0.011750724729953272, 'gpp_d': 150.14555442537656, 'ign_k': 0.11101191524846071, 'ign_c': 0.1457050032975653}.
[I 2026-08-06 02:51:58,454] Trial 775 finished with values: [10.202429159144547, 10.202429159144547] and parameters: {'k1': 3.252245757497282e-05, 'D_low': 29.89885508829526, 'k2': 0.002935672965826306, 'D_high': 8182.111518618414, 'fire_exp': 1.151006986743773, 'P_half': 215.55950571043874, 'pre_dampen_half': 107.40052367919465, 'gpp_af': 20.12115544906385, 'gpp_b': 0.011750724729953272, 'gpp_d': 150.14555442537656, 'ign_k': 0.0035114452581286888, 'ign_c': 0.1457050032975653}.
[I 2026-08-06 02:51:59,730] Trial 776 finished with values: [10.014043370397648, 10.014043370397648] and parameters: {'k1': 0.00324789183891923, 'D_low': 29.89885508829526, 'k2': 0.0007081721844034209, 'D_high': 7744.80118512745, 'fire_exp': 1.0881360604103363, 'P_half': 276.27089412392087, 'pre_dampen_half': 304.7488318185732, 'gpp_af': 5.620854611217178, 'gpp_b': 0.011750724729953272, 'gpp_d': 2.893272120738162, 'ign_k': 0.03141110271934876, 'ign_c': 10.140635645866492}.
[I 2026-08-06 02:52:01,259] Trial 777 finished with values: [10.211784090748694, 10.211784090748694] and parameters: {'k1': 0.0029707920514735983, 'D_low': 1.2299210465793122, 'k2': 0.007321544340709295, 'D_high': 9769.756791866093, 'fire_exp': 1.0881360604103363, 'P_half': 12.316746498627493, 'pre_dampen_half': 304.7488318185732, 'gpp_af': 29.925002022877802, 'gpp_b': 0.011750724729953272, 'gpp_d': 34.37107943937136, 'ign_k': 0.006912296717033066, 'ign_c': 34.19108473554449}.
[I 2026-08-06 02:52:02,598] Trial 778 finished with values: [10.204839110036895, 10.204839110036895] and parameters: {'k1': 0.0029707920514735983, 'D_low': 2.1234210963705626, 'k2': 0.0007081721844034209, 'D_high': 8182.111518618414, 'fire_exp': 1.0881360604103363, 'P_half': 12.808863354047988, 'pre_dampen_half': 107.40052367919465, 'gpp_af': 0.5107061330406066, 'gpp_b': 0.00031478066835753096, 'gpp_d': 857.4284557962634, 'ign_k': 0.006912296717033066, 'ign_c': 8.671454322584175}.
[I 2026-08-06 02:52:03,935] Trial 779 finished with values: [11.778543903196459, 11.778543903196459] and parameters: {'k1': 0.00324789183891923, 'D_low': 2.1234210963705626, 'k2': 0.0007081721844034209, 'D_high': 8182.111518618414, 'fire_exp': 1.0881360604103363, 'P_half': 12.808863354047988, 'pre_dampen_half': 304.7488318185732, 'gpp_af': 11.234842109991876, 'gpp_b': 0.00031478066835753096, 'gpp_d': 368.30088529547436, 'ign_k': 0.3818468247973969, 'ign_c': 8.671454322584175}.
[I 2026-08-06 02:52:05,268] Trial 780 finished with values: [10.64915995619543, 10.64915995619543] and parameters: {'k1': 0.00324789183891923, 'D_low': 4.075267974954964, 'k2': 0.002935672965826306, 'D_high': 9769.756791866093, 'fire_exp': 2.5914873994986967, 'P_half': 215.55950571043874, 'pre_dampen_half': 107.40052367919465, 'gpp_af': 0.010590622233713298, 'gpp_b': 3.481277316673104e-05, 'gpp_d': 4.5768578731086835, 'ign_k': 0.0035114452581286888, 'ign_c': 0.11433485956638717}.
[I 2026-08-06 02:52:06,566] Trial 781 finished with values: [-0.48016332046224663, 0.19610409091641368] and parameters: {'k1': 0.04897760278488444, 'D_low': 29.89885508829526, 'k2': 0.0022957398214549472, 'D_high': 9769.756791866093, 'fire_exp': 1.3239942327296237, 'P_half': 2.157758652553991, 'pre_dampen_half': 48.08505037156744, 'gpp_af': 2.0845995424603503, 'gpp_b': 0.011750724729953272, 'gpp_d': 8.144272585223819, 'ign_k': 0.03141110271934876, 'ign_c': 7.916322947490362}.
