[I 2026-08-19 14:27:41,983] Trial 57 finished with value: -0.4884137563735501 and parameters: {'k1': 0.00010908535781432297, 'D_low': 45.989201318289254, 'k2': 0.00010389109744508367, 'D_high': 6801.191591627303, 'fire_exp': 1.212736712604842, 'P_half': 1956.8099843078126, 'pre_dampen_half': 0.054483222116113596, 'gpp_af': 1.466332190948358, 'gpp_b': 0.00033584029488877747, 'gpp_d': 31.295855161495744, 'ign_k': 0.23553901197105348, 'ign_c': 4.175002083871622, 'trop_agb_crit': 17.52414887890301, 'trop_k_veg': 1.4887379073951017, 'pop_amp': 10.079243828181582, 'pop_peak': 10.524645743882676, 'pop_sig': 0.7786391618180645, 'fuel_k': 2.8936707597285616, 'fuel_half': 0.11321597222040501}. Best is trial 0 with value: -0.6094076133578652.
  trial   58/2500  best_overall=0.6094  (3.6 min)
[I 2026-08-19 14:27:45,705] Trial 58 finished with value: -0.4407097758244122 and parameters: {'k1': 2.789989417312517e-05, 'D_low': 3586.344066594472, 'k2': 2.5835907691081483e-05, 'D_high': 1114614.3082906601, 'fire_exp': 1.4223927212427052, 'P_half': 246.41934581104923, 'pre_dampen_half': 28.63514001244457, 'gpp_af': 0.04918411433941693, 'gpp_b': 0.44453704351256923, 'gpp_d': 7.743534032385304, 'ign_k': 0.08252587682362941, 'ign_c': 0.9240478682917753, 'trop_agb_crit': 27.70959714701696, 'trop_k_veg': 5.940952737410361, 'pop_amp': 1.8185916026048674, 'pop_peak': 41.32374008933311, 'pop_sig': 1.3353310934244669, 'fuel_k': 2.2781038728198846, 'fuel_half': 0.33404664752224456}. Best is trial 0 with value: -0.6094076133578652.
[I 2026-08-19 14:27:49,707] Trial 59 finished with value: -0.5800806471751171 and parameters: {'k1': 2.7419229369000623e-05, 'D_low': 2642.2141924442226, 'k2': 7.505452783385374e-05, 'D_high': 5412068.964704988, 'fire_exp': 1.150975647904927, 'P_half': 737.5247893467084, 'pre_dampen_half': 0.15594003638332288, 'gpp_af': 0.01756061632017752, 'gpp_b': 0.016074995308509327, 'gpp_d': 624.2458532812423, 'ign_k': 0.16191369835465708, 'ign_c': 2.510427408285399, 'trop_agb_crit': 17.481756866280364, 'trop_k_veg': 4.61738225182733, 'pop_amp': 9.057210045925869, 'pop_peak': 98.61065770053114, 'pop_sig': 0.6951499783913335, 'fuel_k': 1.7136738432858734, 'fuel_half': 0.1311282889956864}. Best is trial 0 with value: -0.6094076133578652.
[I 2026-08-19 14:27:54,505] Trial 60 finished with value: -0.5313993286768127 and parameters: {'k1': 0.0009905536682745311, 'D_low': 63.40748271047952, 'k2': 8.245272438623107e-05, 'D_high': 2562.5261088498237, 'fire_exp': 1.3776643145944192, 'P_half': 491.9850353710964, 'pre_dampen_half': 1.1373308040749617, 'gpp_af': 0.8821589809780243, 'gpp_b': 1.9327922027683082e-05, 'gpp_d': 6.9016179394846064, 'ign_k': 0.0016304807143914977, 'ign_c': 9.218676060674987, 'trop_agb_crit': 10.062153983810607, 'trop_k_veg': 4.195342472572311, 'pop_amp': 10.52262857575161, 'pop_peak': 101.75417595987227, 'pop_sig': 1.3566841306609063, 'fuel_k': 5.973527909350304, 'fuel_half': 0.2774183888663162}. Best is trial 0 with value: -0.6094076133578652.
[I 2026-08-19 14:27:58,623] Trial 61 finished with value: -0.5107324401192523 and parameters: {'k1': 0.000425696895891812, 'D_low': 5488.111837141697, 'k2': 0.0001233989571282743, 'D_high': 7819521.024502523, 'fire_exp': 2.0211879770702654, 'P_half': 1011.5743194614621, 'pre_dampen_half': 3.262822790063383, 'gpp_af': 39.02457080162075, 'gpp_b': 0.04000651867260787, 'gpp_d': 71.65821845271363, 'ign_k': 0.07892053628843212, 'ign_c': 0.16495655923924754, 'trop_agb_crit': 15.809927791878287, 'trop_k_veg': 7.524977441717162, 'pop_amp': 2.9918808238628887, 'pop_peak': 189.43084912461208, 'pop_sig': 0.7959951363669455, 'fuel_k': 1.920206727642906, 'fuel_half': 0.3317349333456071}. Best is trial 0 with value: -0.6094076133578652.
[I 2026-08-19 14:28:03,210] Trial 62 finished with value: -0.41650212302808115 and parameters: {'k1': 5.4559307018335794e-05, 'D_low': 69.57253949955235, 'k2': 1.046002219193064e-05, 'D_high': 3524693.1417741114, 'fire_exp': 2.0253997826065184, 'P_half': 58.90036971415724, 'pre_dampen_half': 0.013690649543394884, 'gpp_af': 0.002904323330936162, 'gpp_b': 0.06822162699525813, 'gpp_d': 113.1694973813689, 'ign_k': 0.28525125374375404, 'ign_c': 0.905745650353108, 'trop_agb_crit': 19.52384619335368, 'trop_k_veg': 3.534407299526218, 'pop_amp': 3.598518568694888, 'pop_peak': 21.36628580129387, 'pop_sig': 0.41123944082308284, 'fuel_k': 0.07465427862227765, 'fuel_half': 0.1954171870168513}. Best is trial 0 with value: -0.6094076133578652.
  trial   63/2500  best_overall=0.6094  (4.0 min)
[I 2026-08-19 14:28:07,285] Trial 63 finished with value: -0.4764900640051529 and parameters: {'k1': 2.3350224524067312e-05, 'D_low': 67.32850523113474, 'k2': 5.909589825147117e-05, 'D_high': 174671.7659943008, 'fire_exp': 1.6015575999686198, 'P_half': 413.17805830598036, 'pre_dampen_half': 0.12093265373130095, 'gpp_af': 0.00818281400033179, 'gpp_b': 0.00014191768317729387, 'gpp_d': 559.9654821507268, 'ign_k': 0.08382820835230836, 'ign_c': 5.166108908679986, 'trop_agb_crit': 15.600236885046527, 'trop_k_veg': 6.297893325326175, 'pop_amp': 0.17158146545775851, 'pop_peak': 954.7616226529052, 'pop_sig': 0.6767829943446498, 'fuel_k': 4.265361976132699, 'fuel_half': 0.16993460207137945}. Best is trial 0 with value: -0.6094076133578652.
[I 2026-08-19 14:28:11,269] Trial 64 finished with value: -0.5651063947481778 and parameters: {'k1': 0.000282413244576702, 'D_low': 4137.479466227742, 'k2': 1.1245462499001685e-05, 'D_high': 308173.252435419, 'fire_exp': 1.2095101644230792, 'P_half': 2836.989578785296, 'pre_dampen_half': 1.5750264676000216, 'gpp_af': 0.43061227317775874, 'gpp_b': 0.185049114460755, 'gpp_d': 3.342242733192746, 'ign_k': 0.07368489048791864, 'ign_c': 0.14233707527207948, 'trop_agb_crit': 20.6730589297212, 'trop_k_veg': 5.213233829740297, 'pop_amp': 1.1265873147267933, 'pop_peak': 411.5984766859749, 'pop_sig': 1.9133178468014778, 'fuel_k': 5.692955549050028, 'fuel_half': 0.10420588821453139}. Best is trial 0 with value: -0.6094076133578652.
[I 2026-08-19 14:28:14,702] Trial 65 finished with value: -0.35826876747682884 and parameters: {'k1': 2.817500471527708e-05, 'D_low': 922628.4916246829, 'k2': 8.466552877661654e-05, 'D_high': 3289231.430534063, 'fire_exp': 1.7337637116383748, 'P_half': 399.46237814316794, 'pre_dampen_half': 0.0272485411945712, 'gpp_af': 0.13908939884877286, 'gpp_b': 0.00019266426790726655, 'gpp_d': 858.7697195310021, 'ign_k': 0.3182273756425525, 'ign_c': 0.7799529849816207, 'trop_agb_crit': 11.256345481251365, 'trop_k_veg': 4.695663234627877, 'pop_amp': 2.6848449990094645, 'pop_peak': 56.55671705730694, 'pop_sig': 0.6469608610123065, 'fuel_k': 3.7552982863989106, 'fuel_half': 0.18229421139954594}. Best is trial 0 with value: -0.6094076133578652.
[I 2026-08-19 14:28:18,333] Trial 66 finished with value: -0.43391259141698163 and parameters: {'k1': 3.4613782307878006e-05, 'D_low': 2961.8771439243746, 'k2': 0.00039914275775890137, 'D_high': 105190.91942033319, 'fire_exp': 1.0723525576926094, 'P_half': 2861.725317679993, 'pre_dampen_half': 0.04160880215811084, 'gpp_af': 0.36181636656139066, 'gpp_b': 0.019206731527763036, 'gpp_d': 254.82862462390096, 'ign_k': 0.5910229966613441, 'ign_c': 6.9968780465612666, 'trop_agb_crit': 10.563382635859867, 'trop_k_veg': 6.231241323070259, 'pop_amp': 0.9008249330541702, 'pop_peak': 92.06424701245085, 'pop_sig': 0.9500796109682138, 'fuel_k': 0.9421221106027151, 'fuel_half': 0.18884293645577643}. Best is trial 0 with value: -0.6094076133578652.
[I 2026-08-19 14:28:22,118] Trial 67 finished with value: -0.5503316093205941 and parameters: {'k1': 2.475663993002892e-05, 'D_low': 9352.787863866612, 'k2': 2.5997634251795343e-05, 'D_high': 6466221.829321463, 'fire_exp': 1.3674259350272664, 'P_half': 1036.7321722789675, 'pre_dampen_half': 1.8257700645181385, 'gpp_af': 0.09460177830456029, 'gpp_b': 2.2428475167027544e-05, 'gpp_d': 27.183067733702302, 'ign_k': 0.4644843125919232, 'ign_c': 7.400247828082391, 'trop_agb_crit': 20.711950486815855, 'trop_k_veg': 6.9404489859025045, 'pop_amp': 2.978917883196255, 'pop_peak': 13.581496101841346, 'pop_sig': 2.312543554793984, 'fuel_k': 3.4411938431461766, 'fuel_half': 0.3017280057347367}. Best is trial 0 with value: -0.6094076133578652.
[I 2026-08-19 14:28:25,636] Trial 68 finished with value: -0.4940248548888664 and parameters: {'k1': 1.1941380312982292e-05, 'D_low': 16170.429808778255, 'k2': 3.7602860163714456e-05, 'D_high': 557804.0287042627, 'fire_exp': 1.2026816292007723, 'P_half': 981.1741732677878, 'pre_dampen_half': 0.30223493017715697, 'gpp_af': 0.2017843348803976, 'gpp_b': 0.07144471668275885, 'gpp_d': 51.22002665159437, 'ign_k': 0.35155241462065384, 'ign_c': 2.167984822486607, 'trop_agb_crit': 17.870096604523507, 'trop_k_veg': 2.4940588744483394, 'pop_amp': 4.078250665506916, 'pop_peak': 6.923936661036055, 'pop_sig': 0.49293863750565, 'fuel_k': 0.5338251517245585, 'fuel_half': 0.5755726747413273}. Best is trial 0 with value: -0.6094076133578652.
  trial   69/2500  best_overall=0.6094  (4.4 min)
[I 2026-08-19 14:28:29,538] Trial 69 finished with value: -0.41883903878061945 and parameters: {'k1': 3.8241193219493264e-05, 'D_low': 4117.3556696438, 'k2': 0.000459112593416619, 'D_high': 5286328.727050503, 'fire_exp': 1.247912455185486, 'P_half': 269.8248013666096, 'pre_dampen_half': 0.04278846688120378, 'gpp_af': 0.0036211367016920257, 'gpp_b': 0.06392487453966872, 'gpp_d': 638.2447503680668, 'ign_k': 0.15154388441327798, 'ign_c': 1.6621167552106328, 'trop_agb_crit': 25.59545854850117, 'trop_k_veg': 4.49611164366172, 'pop_amp': 2.984726064090702, 'pop_peak': 34.40110426662152, 'pop_sig': 0.8360372581435606, 'fuel_k': 1.2413640889610964, 'fuel_half': 0.20380987878983628}. Best is trial 0 with value: -0.6094076133578652.
[I 2026-08-19 14:28:33,283] Trial 70 finished with value: -0.5968979247940199 and parameters: {'k1': 5.67671727904372e-05, 'D_low': 3519.4170542713496, 'k2': 2.5308414394670043e-05, 'D_high': 990640.4338942615, 'fire_exp': 1.2722837568849572, 'P_half': 69.22869358494735, 'pre_dampen_half': 5.153057322928953, 'gpp_af': 0.0012700396321770546, 'gpp_b': 2.025274975536257e-05, 'gpp_d': 0.924198321173998, 'ign_k': 4.859548613277915, 'ign_c': 3.570175518114002, 'trop_agb_crit': 15.332671012258979, 'trop_k_veg': 1.938158316430995, 'pop_amp': 0.07771206679189516, 'pop_peak': 0.40428460372513536, 'pop_sig': 1.5893063931764508, 'fuel_k': 0.47616380468052966, 'fuel_half': 0.5646288596997322}. Best is trial 0 with value: -0.6094076133578652.
[I 2026-08-19 14:28:37,467] Trial 71 finished with value: -0.3727760841212405 and parameters: {'k1': 0.00012405517876141228, 'D_low': 1587.7716291826591, 'k2': 4.440870422518567e-05, 'D_high': 9468282.85735616, 'fire_exp': 1.392478975390833, 'P_half': 1325.1504277760164, 'pre_dampen_half': 2.1919080809736675, 'gpp_af': 1.498619857083167, 'gpp_b': 0.5481501901774913, 'gpp_d': 53.79907981790117, 'ign_k': 5.081727066073882, 'ign_c': 0.572545406811291, 'trop_agb_crit': 11.930617999328298, 'trop_k_veg': 5.079290138028047, 'pop_amp': 17.098084681050125, 'pop_peak': 258.1201715718832, 'pop_sig': 1.4348932167528599, 'fuel_k': 2.9400578553752736, 'fuel_half': 0.17959709372941218}. Best is trial 0 with value: -0.6094076133578652.
[I 2026-08-19 14:28:41,182] Trial 72 finished with value: -0.5718762242647666 and parameters: {'k1': 0.002678276068305475, 'D_low': 1478.4376943317777, 'k2': 0.0006231971100799047, 'D_high': 63155.797711367304, 'fire_exp': 1.043139700057252, 'P_half': 56.98658609257461, 'pre_dampen_half': 2.8324626256094865, 'gpp_af': 0.34536447870840703, 'gpp_b': 0.0008065439122837959, 'gpp_d': 10.544950736743237, 'ign_k': 2.0881468742264784, 'ign_c': 5.972846147829882, 'trop_agb_crit': 25.477756962423047, 'trop_k_veg': 1.4599705378964576, 'pop_amp': 0.0015270215824996517, 'pop_peak': 1.9869867724782837, 'pop_sig': 1.1436724788382004, 'fuel_k': 0.27914471684849484, 'fuel_half': 38.40844304917628}. Best is trial 0 with value: -0.6094076133578652.
[I 2026-08-19 14:28:45,067] Trial 73 finished with value: -0.5110568494680283 and parameters: {'k1': 3.086665555533109e-05, 'D_low': 3373.3050531987856, 'k2': 0.0003356572992927406, 'D_high': 183847.2192189133, 'fire_exp': 1.8556676240171712, 'P_half': 560.594277474603, 'pre_dampen_half': 0.03920565265184814, 'gpp_af': 8.658202574255238, 'gpp_b': 0.00012412007911075757, 'gpp_d': 8.3701131338115, 'ign_k': 1.7490977325065549, 'ign_c': 3.2710478667501817, 'trop_agb_crit': 11.73960724617831, 'trop_k_veg': 5.5964034239950315, 'pop_amp': 9.430879599408753, 'pop_peak': 0.6873685188998279, 'pop_sig': 1.8329441347326052, 'fuel_k': 0.05168465764659584, 'fuel_half': 0.20623754032104824}. Best is trial 0 with value: -0.6094076133578652.
[I 2026-08-19 14:28:48,745] Trial 74 finished with value: -0.5558385104622057 and parameters: {'k1': 9.934584293688648e-05, 'D_low': 630.18937596682, 'k2': 0.00076710861048132, 'D_high': 668132.3588686053, 'fire_exp': 1.1309661195676006, 'P_half': 11.414105087780827, 'pre_dampen_half': 0.5416076423579514, 'gpp_af': 0.21606612643229584, 'gpp_b': 0.0034558643375207317, 'gpp_d': 65.77463486249171, 'ign_k': 1.0485170695965413, 'ign_c': 0.8017240323057357, 'trop_agb_crit': 7.999855887669661, 'trop_k_veg': 0.978741007876771, 'pop_amp': 0.002870441936017883, 'pop_peak': 0.4278981311970597, 'pop_sig': 1.2024443817060813, 'fuel_k': 0.173855208991549, 'fuel_half': 77.06974809050266}. Best is trial 0 with value: -0.6094076133578652.
  trial   75/2500  best_overall=0.6094  (4.8 min)
[I 2026-08-19 14:28:52,749] Trial 75 finished with value: -0.3554625854118624 and parameters: {'k1': 2.2154258228237013e-05, 'D_low': 40074.893739279316, 'k2': 0.00017731611192810243, 'D_high': 390212.87420764915, 'fire_exp': 2.0693207326226477, 'P_half': 490.3486830594609, 'pre_dampen_half': 17.482132580589315, 'gpp_af': 0.0025137775687380103, 'gpp_b': 0.0002231477285374664, 'gpp_d': 3.83140000319347, 'ign_k': 8.911061978255058, 'ign_c': 57.57063762242452, 'trop_agb_crit': 20.128988750021772, 'trop_k_veg': 4.696199461654695, 'pop_amp': 0.002955044562868231, 'pop_peak': 3.3526505677166343, 'pop_sig': 1.7122646582548222, 'fuel_k': 0.14983607836154708, 'fuel_half': 0.32610465105285547}. Best is trial 0 with value: -0.6094076133578652.
[I 2026-08-19 14:28:56,807] Trial 76 finished with value: -0.3430541471705685 and parameters: {'k1': 0.00534470421110213, 'D_low': 19138.767147672064, 'k2': 0.0061000664722500085, 'D_high': 545266.727527728, 'fire_exp': 1.1065332880293617, 'P_half': 163.9250820277703, 'pre_dampen_half': 0.22987844508544514, 'gpp_af': 0.4284668333409469, 'gpp_b': 0.0008174271907941063, 'gpp_d': 0.2055098673471456, 'ign_k': 4.7111648002662525, 'ign_c': 37.01660373058471, 'trop_agb_crit': 11.688435985961016, 'trop_k_veg': 3.5345560196848953, 'pop_amp': 0.0031254924672907947, 'pop_peak': 3.0984418455372014, 'pop_sig': 2.354722955767126, 'fuel_k': 0.4601182154638191, 'fuel_half': 90.9644613287326}. Best is trial 0 with value: -0.6094076133578652.
[I 2026-08-19 14:29:00,897] Trial 77 finished with value: -0.5091666774608827 and parameters: {'k1': 0.013691095579493285, 'D_low': 5239.392197748017, 'k2': 0.006759514492366136, 'D_high': 107741.61227000447, 'fire_exp': 1.103219617281016, 'P_half': 52.14361882322558, 'pre_dampen_half': 2.750199586371932, 'gpp_af': 2.3460776689544134, 'gpp_b': 0.0006946505632521124, 'gpp_d': 9.003602084253663, 'ign_k': 0.336341882495692, 'ign_c': 22.292117746636976, 'trop_agb_crit': 19.90474105436016, 'trop_k_veg': 0.6633435496352993, 'pop_amp': 0.002326192516115536, 'pop_peak': 1.230344112909215, 'pop_sig': 0.9482814273626706, 'fuel_k': 1.236595106222194, 'fuel_half': 98.07324310227226}. Best is trial 0 with value: -0.6094076133578652.
[I 2026-08-19 14:29:05,367] Trial 78 finished with value: -0.567327121600324 and parameters: {'k1': 1.1715767151308697e-05, 'D_low': 255.74311244963255, 'k2': 0.00032292005726711524, 'D_high': 1814175.365622714, 'fire_exp': 2.3393336021637174, 'P_half': 2.2465111190516507, 'pre_dampen_half': 137.12073950810571, 'gpp_af': 0.017329198274531186, 'gpp_b': 3.532358763057798e-05, 'gpp_d': 1.2356208407787046, 'ign_k': 5.904523660140173, 'ign_c': 1.6993663438270021, 'trop_agb_crit': 20.725710423769492, 'trop_k_veg': 1.824682360851738, 'pop_amp': 0.058088220611138074, 'pop_peak': 0.8640201295366378, 'pop_sig': 2.2147925763000336, 'fuel_k': 0.32899661209382264, 'fuel_half': 3.7600211709580376}. Best is trial 0 with value: -0.6094076133578652.
[I 2026-08-19 14:29:09,246] Trial 79 finished with value: -0.3895700192794915 and parameters: {'k1': 0.00030445946516890104, 'D_low': 10160.28507701595, 'k2': 0.0013813087857091504, 'D_high': 6429.54284615255, 'fire_exp': 1.1340097267084512, 'P_half': 86.334884856065, 'pre_dampen_half': 0.8509066539137461, 'gpp_af': 8.143016032854502, 'gpp_b': 0.0015465046850163173, 'gpp_d': 0.6036871383434711, 'ign_k': 3.126773557128852, 'ign_c': 0.5906517709695758, 'trop_agb_crit': 29.831525863257095, 'trop_k_veg': 2.029521156050265, 'pop_amp': 0.021767951141530704, 'pop_peak': 12.102646960850118, 'pop_sig': 0.9252097857974596, 'fuel_k': 0.20861562340918852, 'fuel_half': 89.23778082859829}. Best is trial 0 with value: -0.6094076133578652.
  trial   80/2500  best_overall=0.6094  (5.1 min)
[I 2026-08-19 14:29:13,393] Trial 80 finished with value: -0.409447406334405 and parameters: {'k1': 0.0006187322498673435, 'D_low': 934.5078535586294, 'k2': 0.0001219612402383387, 'D_high': 761.7314872929547, 'fire_exp': 1.6970363035677343, 'P_half': 56.37931453063738, 'pre_dampen_half': 0.18230444132896387, 'gpp_af': 0.606949552986978, 'gpp_b': 1.5780842576369906e-05, 'gpp_d': 4.6924204628385855, 'ign_k': 0.06381724100913405, 'ign_c': 15.156811773654866, 'trop_agb_crit': 14.14234408993064, 'trop_k_veg': 2.2363929192325624, 'pop_amp': 0.002725401680559028, 'pop_peak': 10.572025206240657, 'pop_sig': 1.1299629937181352, 'fuel_k': 0.5750569903366206, 'fuel_half': 32.42049565730473}. Best is trial 0 with value: -0.6094076133578652.
[I 2026-08-19 14:29:19,156] Trial 81 finished with value: -0.538871043028029 and parameters: {'k1': 4.6990921858542656e-05, 'D_low': 149.28901180997784, 'k2': 0.0008841656482115334, 'D_high': 1287106.9809062877, 'fire_exp': 2.5249953053895635, 'P_half': 4.300053887952677, 'pre_dampen_half': 78.56588847184679, 'gpp_af': 0.13736520288164092, 'gpp_b': 1.0862549616874795e-05, 'gpp_d': 0.9922043005343469, 'ign_k': 4.553312116809291, 'ign_c': 4.6388845294462016, 'trop_agb_crit': 28.487231006099794, 'trop_k_veg': 2.808581259160214, 'pop_amp': 0.03609457002207452, 'pop_peak': 5.5757024881115935, 'pop_sig': 2.18280888909922, 'fuel_k': 0.2725512757843142, 'fuel_half': 2.603355900459753}. Best is trial 0 with value: -0.6094076133578652.
[I 2026-08-19 14:29:24,574] Trial 82 finished with value: -0.5480985584998259 and parameters: {'k1': 4.7365815487758096e-05, 'D_low': 1722.3684257961054, 'k2': 2.0149676663311747e-05, 'D_high': 1001554.1819719154, 'fire_exp': 1.2347834645840376, 'P_half': 172.9768534924036, 'pre_dampen_half': 24.38547032237244, 'gpp_af': 0.0034978535190680338, 'gpp_b': 0.00041194095557691525, 'gpp_d': 0.014624879789927023, 'ign_k': 2.50176489494391, 'ign_c': 3.752247009175723, 'trop_agb_crit': 24.66870450712799, 'trop_k_veg': 1.881981751601428, 'pop_amp': 0.9636878057895091, 'pop_peak': 0.5198129804819908, 'pop_sig': 1.221560763877343, 'fuel_k': 0.9727542385675829, 'fuel_half': 0.29170635301896414}. Best is trial 0 with value: -0.6094076133578652.
[I 2026-08-19 14:29:28,743] Trial 83 finished with value: -0.43253767904615026 and parameters: {'k1': 6.123195368537367e-05, 'D_low': 7425.484792304384, 'k2': 0.0007763596906333607, 'D_high': 46728.98177420881, 'fire_exp': 4.954768566569881, 'P_half': 3.955054847178681, 'pre_dampen_half': 120.43930014135064, 'gpp_af': 0.08673531912285642, 'gpp_b': 4.231502334573717e-05, 'gpp_d': 2.577880778799768, 'ign_k': 0.8944634922789518, 'ign_c': 0.2950648776625067, 'trop_agb_crit': 8.646803052569544, 'trop_k_veg': 1.655282270771743, 'pop_amp': 0.0636807919399383, 'pop_peak': 0.0831589915445445, 'pop_sig': 2.3551756667656214, 'fuel_k': 0.6820233843910601, 'fuel_half': 12.151178828942134}. Best is trial 0 with value: -0.6094076133578652.
[I 2026-08-19 14:29:32,569] Trial 84 finished with value: -0.432263255696334 and parameters: {'k1': 0.005719096645565076, 'D_low': 87.97519158584035, 'k2': 0.0018755497324345958, 'D_high': 31731.800525008945, 'fire_exp': 1.3559347614353476, 'P_half': 60.80984550173285, 'pre_dampen_half': 0.6092941859002754, 'gpp_af': 0.22901687141085159, 'gpp_b': 0.15797881002157643, 'gpp_d': 210.23853606663815, 'ign_k': 1.387600631759658, 'ign_c': 21.726407086323206, 'trop_agb_crit': 29.365814593480255, 'trop_k_veg': 2.0598389412790032, 'pop_amp': 0.0017823914362619373, 'pop_peak': 1.8940221034437132, 'pop_sig': 0.8559370458032095, 'fuel_k': 0.23796223957456372, 'fuel_half': 19.673385024733697}. Best is trial 0 with value: -0.6094076133578652.
  trial   85/2500  best_overall=0.6094  (5.5 min)
[I 2026-08-19 14:29:36,439] Trial 85 finished with value: -0.5159277272201932 and parameters: {'k1': 3.096220743163245e-05, 'D_low': 260.39138236138245, 'k2': 6.04396181943768e-05, 'D_high': 9624423.95871307, 'fire_exp': 6.962644454744516, 'P_half': 4.4016986637857665, 'pre_dampen_half': 46.36126017609574, 'gpp_af': 0.00818816076249789, 'gpp_b': 1.3292494257296485e-05, 'gpp_d': 2.441976611928474, 'ign_k': 5.187797510154862, 'ign_c': 2.2972934390781923, 'trop_agb_crit': 11.051391114112267, 'trop_k_veg': 1.1652030101644282, 'pop_amp': 0.00221431124874889, 'pop_peak': 0.7031510785888792, 'pop_sig': 1.8013230030314842, 'fuel_k': 0.8529989588083271, 'fuel_half': 0.7115965111564101}. Best is trial 0 with value: -0.6094076133578652.
