[I 2026-06-09 12:45:52,916] Trial 2158 finished with values: [10.888344384012068, 10.888344384012068] and parameters: {'k1': 0.01549659926581634, 'D_low': 720.6039797022661, 'k2': 0.0005700142105246941, 'D_high': 2471.1617679707197, 'fire_exp': 5.741234454902694, 'P_half': 149.35213816355395, 'pre_dampen_half': 103.02162547570735, 'gpp_af': 1.3218737536384089, 'gpp_b': 4.121884179412332e-05, 'gpp_d': 500.2195003344709, 'ign_k': 3.1536006085184716, 'ign_c': 21.132597710340573, 'trop_agb_crit': 2.6695352180079177, 'trop_k_veg': 2.0783200763282688}.
[I 2026-06-09 12:45:54,698] Trial 2159 finished with values: [10.773331339852373, 10.773331339852373] and parameters: {'k1': 0.01549659926581634, 'D_low': 115.44738876452311, 'k2': 0.0005700142105246941, 'D_high': 14268.845807630427, 'fire_exp': 3.2276806273497614, 'P_half': 50.32059347286801, 'pre_dampen_half': 0.7021078861081329, 'gpp_af': 1.3218737536384089, 'gpp_b': 0.0003017323045976273, 'gpp_d': 2.6326028586826236, 'ign_k': 3.1536006085184716, 'ign_c': 21.132597710340573, 'trop_agb_crit': 2.6695352180079177, 'trop_k_veg': 1.8981057964668895}.
[I 2026-06-09 12:45:56,463] Trial 2160 finished with values: [10.152173167836816, 10.152173167836816] and parameters: {'k1': 0.01549659926581634, 'D_low': 115.44738876452311, 'k2': 0.0005700142105246941, 'D_high': 39655.03094323017, 'fire_exp': 1.608176525358426, 'P_half': 50.32059347286801, 'pre_dampen_half': 340.6909167027263, 'gpp_af': 1.3218737536384089, 'gpp_b': 0.00977702299083608, 'gpp_d': 500.2195003344709, 'ign_k': 3.1536006085184716, 'ign_c': 21.132597710340573, 'trop_agb_crit': 2.6695352180079177, 'trop_k_veg': 1.8981057964668895}.
[I 2026-06-09 12:45:59,165] Trial 2161 finished with values: [-0.5807996185007547, 0.05515020456536446] and parameters: {'k1': 0.01549659926581634, 'D_low': 115.44738876452311, 'k2': 0.0005700142105246941, 'D_high': 39655.03094323017, 'fire_exp': 2.10707132280748, 'P_half': 50.32059347286801, 'pre_dampen_half': 568.3854768867017, 'gpp_af': 1.3218737536384089, 'gpp_b': 0.029022546535698267, 'gpp_d': 26.003623362924223, 'ign_k': 3.1536006085184716, 'ign_c': 21.132597710340573, 'trop_agb_crit': 2.6695352180079177, 'trop_k_veg': 1.8981057964668895}.
[I 2026-06-09 12:46:00,480] Trial 2162 finished with values: [10.86231930497395, 10.86231930497395] and parameters: {'k1': 0.01549659926581634, 'D_low': 1.254144753902608, 'k2': 0.059726680112071134, 'D_high': 2471.1617679707197, 'fire_exp': 2.10707132280748, 'P_half': 5391.373880399782, 'pre_dampen_half': 673.2248920775328, 'gpp_af': 1.3218737536384089, 'gpp_b': 0.00977702299083608, 'gpp_d': 500.2195003344709, 'ign_k': 0.4303356629825978, 'ign_c': 21.132597710340573, 'trop_agb_crit': 3.9999199283543145, 'trop_k_veg': 1.8981057964668895}.
[I 2026-06-09 12:46:01,674] Trial 2163 finished with values: [10.523251421961298, 10.523251421961298] and parameters: {'k1': 0.020418567939853888, 'D_low': 115.44738876452311, 'k2': 0.059726680112071134, 'D_high': 2471.1617679707197, 'fire_exp': 2.10707132280748, 'P_half': 614.946774124948, 'pre_dampen_half': 340.6909167027263, 'gpp_af': 1.3218737536384089, 'gpp_b': 0.00977702299083608, 'gpp_d': 500.2195003344709, 'ign_k': 3.1536006085184716, 'ign_c': 21.132597710340573, 'trop_agb_crit': 3.9999199283543145, 'trop_k_veg': 1.8981057964668895}.
[I 2026-06-09 12:46:02,952] Trial 2164 finished with values: [10.16333321695739, 10.16333321695739] and parameters: {'k1': 0.01549659926581634, 'D_low': 1.254144753902608, 'k2': 0.06994589881535453, 'D_high': 2471.1617679707197, 'fire_exp': 2.10707132280748, 'P_half': 50.32059347286801, 'pre_dampen_half': 340.6909167027263, 'gpp_af': 1.3218737536384089, 'gpp_b': 0.00977702299083608, 'gpp_d': 500.2195003344709, 'ign_k': 0.4303356629825978, 'ign_c': 21.132597710340573, 'trop_agb_crit': 1.5144860262751405, 'trop_k_veg': 1.8981057964668895}.
[I 2026-06-09 12:46:04,211] Trial 2165 finished with values: [-0.5963929430985382, 0.05143866998858848] and parameters: {'k1': 0.01549659926581634, 'D_low': 1.254144753902608, 'k2': 0.0005700142105246941, 'D_high': 14268.845807630427, 'fire_exp': 2.10707132280748, 'P_half': 149.35213816355395, 'pre_dampen_half': 340.6909167027263, 'gpp_af': 1.3218737536384089, 'gpp_b': 0.00977702299083608, 'gpp_d': 26.003623362924223, 'ign_k': 3.1536006085184716, 'ign_c': 21.132597710340573, 'trop_agb_crit': 11.353952067655975, 'trop_k_veg': 1.8981057964668895}.
[I 2026-06-09 12:46:05,380] Trial 2166 finished with values: [10.38155402874773, 10.38155402874773] and parameters: {'k1': 0.01549659926581634, 'D_low': 115.44738876452311, 'k2': 0.0005700142105246941, 'D_high': 39655.03094323017, 'fire_exp': 2.895450493902794, 'P_half': 50.32059347286801, 'pre_dampen_half': 566.2858823465564, 'gpp_af': 1.3218737536384089, 'gpp_b': 0.00015304633681488832, 'gpp_d': 26.003623362924223, 'ign_k': 3.1536006085184716, 'ign_c': 21.132597710340573, 'trop_agb_crit': 12.123761779314275, 'trop_k_veg': 1.8981057964668895}.
[I 2026-06-09 12:46:06,490] Trial 2167 finished with values: [10.011149545904473, 10.011149545904473] and parameters: {'k1': 0.05156257069134124, 'D_low': 115.44738876452311, 'k2': 0.037633129263701104, 'D_high': 14268.845807630427, 'fire_exp': 2.10707132280748, 'P_half': 50.32059347286801, 'pre_dampen_half': 566.2858823465564, 'gpp_af': 1.3218737536384089, 'gpp_b': 0.00977702299083608, 'gpp_d': 26.003623362924223, 'ign_k': 3.1536006085184716, 'ign_c': 21.132597710340573, 'trop_agb_crit': 2.6695352180079177, 'trop_k_veg': 1.8981057964668895}.
[I 2026-06-09 12:46:07,579] Trial 2168 finished with values: [-0.5871198789903583, 0.07976080954680032] and parameters: {'k1': 0.01549659926581634, 'D_low': 115.44738876452311, 'k2': 0.06994589881535453, 'D_high': 39655.03094323017, 'fire_exp': 2.10707132280748, 'P_half': 50.32059347286801, 'pre_dampen_half': 340.6909167027263, 'gpp_af': 1.3218737536384089, 'gpp_b': 0.00977702299083608, 'gpp_d': 26.003623362924223, 'ign_k': 3.1536006085184716, 'ign_c': 21.132597710340573, 'trop_agb_crit': 2.6695352180079177, 'trop_k_veg': 1.8981057964668895}.
[I 2026-06-09 12:46:08,656] Trial 2169 finished with values: [10.13271995965796, 10.13271995965796] and parameters: {'k1': 0.01549659926581634, 'D_low': 115.44738876452311, 'k2': 0.06994589881535453, 'D_high': 14268.845807630427, 'fire_exp': 1.608176525358426, 'P_half': 61.40760722406964, 'pre_dampen_half': 566.2858823465564, 'gpp_af': 0.004050483631781762, 'gpp_b': 0.0003017323045976273, 'gpp_d': 7.042046651789695, 'ign_k': 0.3242143344038317, 'ign_c': 21.132597710340573, 'trop_agb_crit': 2.6695352180079177, 'trop_k_veg': 4.51930447316402}.
[I 2026-06-09 12:46:09,765] Trial 2170 finished with values: [10.063792021231997, 10.063792021231997] and parameters: {'k1': 0.04830344262684191, 'D_low': 115.44738876452311, 'k2': 0.006003184748548644, 'D_high': 2471.1617679707197, 'fire_exp': 2.10707132280748, 'P_half': 50.32059347286801, 'pre_dampen_half': 340.6909167027263, 'gpp_af': 1.3218737536384089, 'gpp_b': 0.00977702299083608, 'gpp_d': 26.003623362924223, 'ign_k': 3.1536006085184716, 'ign_c': 21.132597710340573, 'trop_agb_crit': 2.6695352180079177, 'trop_k_veg': 1.8981057964668895}.
[I 2026-06-09 12:46:10,903] Trial 2171 finished with values: [10.106029719834204, 10.106029719834204] and parameters: {'k1': 0.01549659926581634, 'D_low': 1.254144753902608, 'k2': 0.059726680112071134, 'D_high': 2471.1617679707197, 'fire_exp': 2.10707132280748, 'P_half': 149.35213816355395, 'pre_dampen_half': 673.2248920775328, 'gpp_af': 1.3218737536384089, 'gpp_b': 0.00977702299083608, 'gpp_d': 500.2195003344709, 'ign_k': 3.1536006085184716, 'ign_c': 21.132597710340573, 'trop_agb_crit': 11.934202988148748, 'trop_k_veg': 1.8981057964668895}.
[I 2026-06-09 12:46:11,984] Trial 2172 finished with values: [-0.5871331596739642, 0.07925995581055045] and parameters: {'k1': 0.01549659926581634, 'D_low': 115.44738876452311, 'k2': 0.0005700142105246941, 'D_high': 39655.03094323017, 'fire_exp': 2.10707132280748, 'P_half': 50.32059347286801, 'pre_dampen_half': 340.6909167027263, 'gpp_af': 1.3218737536384089, 'gpp_b': 0.00977702299083608, 'gpp_d': 26.003623362924223, 'ign_k': 2.797458259180801, 'ign_c': 21.132597710340573, 'trop_agb_crit': 2.6695352180079177, 'trop_k_veg': 1.8981057964668895}.
[I 2026-06-09 12:46:13,048] Trial 2173 finished with values: [10.738188778541009, 10.738188778541009] and parameters: {'k1': 0.01549659926581634, 'D_low': 115.44738876452311, 'k2': 0.0005700142105246941, 'D_high': 39655.03094323017, 'fire_exp': 1.8796266299591924, 'P_half': 50.32059347286801, 'pre_dampen_half': 103.02162547570735, 'gpp_af': 10.848120966541591, 'gpp_b': 0.00977702299083608, 'gpp_d': 0.09466795916657936, 'ign_k': 3.1536006085184716, 'ign_c': 21.132597710340573, 'trop_agb_crit': 2.6695352180079177, 'trop_k_veg': 3.410846254238515}.
[I 2026-06-09 12:46:14,094] Trial 2174 finished with values: [10.11009689979911, 10.11009689979911] and parameters: {'k1': 0.01549659926581634, 'D_low': 115.44738876452311, 'k2': 0.0005700142105246941, 'D_high': 39655.03094323017, 'fire_exp': 2.10707132280748, 'P_half': 61.40760722406964, 'pre_dampen_half': 103.02162547570735, 'gpp_af': 0.004050483631781762, 'gpp_b': 0.00015304633681488832, 'gpp_d': 0.5329785871289656, 'ign_k': 3.1536006085184716, 'ign_c': 19.417556319623248, 'trop_agb_crit': 12.123761779314275, 'trop_k_veg': 4.51930447316402}.
[I 2026-06-09 12:46:15,873] Trial 2175 finished with values: [-0.5834487663406267, 0.08967171268160923] and parameters: {'k1': 0.01549659926581634, 'D_low': 115.44738876452311, 'k2': 0.0005700142105246941, 'D_high': 39655.03094323017, 'fire_exp': 2.1657606279386883, 'P_half': 28.647019533509873, 'pre_dampen_half': 340.6909167027263, 'gpp_af': 1.3218737536384089, 'gpp_b': 0.00977702299083608, 'gpp_d': 26.003623362924223, 'ign_k': 3.1536006085184716, 'ign_c': 21.132597710340573, 'trop_agb_crit': 2.6695352180079177, 'trop_k_veg': 7.537582426532302}.
[I 2026-06-09 12:46:16,932] Trial 2176 finished with values: [-0.5871250890244768, 0.07965411785348242] and parameters: {'k1': 0.01549659926581634, 'D_low': 115.44738876452311, 'k2': 0.0005700142105246941, 'D_high': 39655.03094323017, 'fire_exp': 2.10707132280748, 'P_half': 50.32059347286801, 'pre_dampen_half': 340.6909167027263, 'gpp_af': 1.3218737536384089, 'gpp_b': 0.00977702299083608, 'gpp_d': 26.003623362924223, 'ign_k': 3.1536006085184716, 'ign_c': 21.132597710340573, 'trop_agb_crit': 2.6695352180079177, 'trop_k_veg': 1.8981057964668895}.
[I 2026-06-09 12:46:18,056] Trial 2177 finished with values: [10.105371962311704, 10.105371962311704] and parameters: {'k1': 0.01549659926581634, 'D_low': 115.44738876452311, 'k2': 0.0005700142105246941, 'D_high': 14268.845807630427, 'fire_exp': 2.10707132280748, 'P_half': 1.4045842344024697, 'pre_dampen_half': 340.6909167027263, 'gpp_af': 0.004050483631781762, 'gpp_b': 0.0006142048646491728, 'gpp_d': 0.5046855065143964, 'ign_k': 3.1536006085184716, 'ign_c': 21.132597710340573, 'trop_agb_crit': 12.123761779314275, 'trop_k_veg': 1.8981057964668895}.
[I 2026-06-09 12:46:19,143] Trial 2178 finished with values: [10.526051045744929, 10.526051045744929] and parameters: {'k1': 0.05156257069134124, 'D_low': 13.180029267201178, 'k2': 0.0005700142105246941, 'D_high': 14268.845807630427, 'fire_exp': 2.10707132280748, 'P_half': 149.35213816355395, 'pre_dampen_half': 566.2858823465564, 'gpp_af': 1.3218737536384089, 'gpp_b': 0.0003017323045976273, 'gpp_d': 26.003623362924223, 'ign_k': 3.1536006085184716, 'ign_c': 21.132597710340573, 'trop_agb_crit': 19.51558406059598, 'trop_k_veg': 1.8981057964668895}.
[I 2026-06-09 12:46:20,266] Trial 2179 finished with values: [10.54412020837829, 10.54412020837829] and parameters: {'k1': 0.01549659926581634, 'D_low': 115.44738876452311, 'k2': 0.06994589881535453, 'D_high': 26677.731361335344, 'fire_exp': 2.10707132280748, 'P_half': 1.4045842344024697, 'pre_dampen_half': 340.6909167027263, 'gpp_af': 1.3218737536384089, 'gpp_b': 0.00015304633681488832, 'gpp_d': 26.003623362924223, 'ign_k': 3.1536006085184716, 'ign_c': 21.132597710340573, 'trop_agb_crit': 2.6695352180079177, 'trop_k_veg': 0.6944826196409343}.
[I 2026-06-09 12:46:21,394] Trial 2180 finished with values: [10.892857142659844, 10.892857142659844] and parameters: {'k1': 0.01549659926581634, 'D_low': 115.44738876452311, 'k2': 0.0005700142105246941, 'D_high': 2471.1617679707197, 'fire_exp': 1.608176525358426, 'P_half': 50.32059347286801, 'pre_dampen_half': 340.6909167027263, 'gpp_af': 1.3218737536384089, 'gpp_b': 0.00977702299083608, 'gpp_d': 26.003623362924223, 'ign_k': 3.1536006085184716, 'ign_c': 63.77925564338329, 'trop_agb_crit': 2.6695352180079177, 'trop_k_veg': 1.8981057964668895}.
[I 2026-06-09 12:46:22,422] Trial 2181 finished with values: [-0.5817947075171558, 0.04359900368860725] and parameters: {'k1': 0.01549659926581634, 'D_low': 115.44738876452311, 'k2': 0.06994589881535453, 'D_high': 39655.03094323017, 'fire_exp': 2.10707132280748, 'P_half': 61.40760722406964, 'pre_dampen_half': 566.2858823465564, 'gpp_af': 0.004050483631781762, 'gpp_b': 0.00015304633681488832, 'gpp_d': 26.003623362924223, 'ign_k': 0.8095190000839323, 'ign_c': 21.132597710340573, 'trop_agb_crit': 12.123761779314275, 'trop_k_veg': 1.8981057964668895}.
[I 2026-06-09 12:46:23,474] Trial 2182 finished with values: [-0.5501401252487067, 0.16011627763528002] and parameters: {'k1': 0.001771296145674813, 'D_low': 115.44738876452311, 'k2': 0.06994589881535453, 'D_high': 14268.845807630427, 'fire_exp': 2.10707132280748, 'P_half': 50.32059347286801, 'pre_dampen_half': 340.6909167027263, 'gpp_af': 1.3218737536384089, 'gpp_b': 0.0006142048646491728, 'gpp_d': 26.003623362924223, 'ign_k': 3.1536006085184716, 'ign_c': 21.132597710340573, 'trop_agb_crit': 25.059231865090435, 'trop_k_veg': 1.8981057964668895}.
[I 2026-06-09 12:46:24,623] Trial 2183 finished with values: [10.064711067624708, 10.064711067624708] and parameters: {'k1': 0.01549659926581634, 'D_low': 1.254144753902608, 'k2': 0.0005700142105246941, 'D_high': 39655.03094323017, 'fire_exp': 2.10707132280748, 'P_half': 28.647019533509873, 'pre_dampen_half': 103.02162547570735, 'gpp_af': 1.3218737536384089, 'gpp_b': 0.00977702299083608, 'gpp_d': 26.003623362924223, 'ign_k': 3.1536006085184716, 'ign_c': 21.132597710340573, 'trop_agb_crit': 1.5144860262751405, 'trop_k_veg': 1.8981057964668895}.
[I 2026-06-09 12:46:25,729] Trial 2184 finished with values: [-0.5839112365133328, 0.047453396966958716] and parameters: {'k1': 0.01549659926581634, 'D_low': 115.44738876452311, 'k2': 0.0005700142105246941, 'D_high': 14268.845807630427, 'fire_exp': 2.10707132280748, 'P_half': 1.4045842344024697, 'pre_dampen_half': 340.6909167027263, 'gpp_af': 0.01942738928156656, 'gpp_b': 0.0006142048646491728, 'gpp_d': 0.5046855065143964, 'ign_k': 3.1536006085184716, 'ign_c': 21.132597710340573, 'trop_agb_crit': 3.9999199283543145, 'trop_k_veg': 1.8981057964668895}.
[I 2026-06-09 12:46:26,838] Trial 2185 finished with values: [10.808509108894592, 10.808509108894592] and parameters: {'k1': 0.01549659926581634, 'D_low': 115.44738876452311, 'k2': 0.0005700142105246941, 'D_high': 966.1287622777533, 'fire_exp': 2.10707132280748, 'P_half': 50.32059347286801, 'pre_dampen_half': 340.6909167027263, 'gpp_af': 0.01942738928156656, 'gpp_b': 0.00977702299083608, 'gpp_d': 2.6326028586826236, 'ign_k': 3.1536006085184716, 'ign_c': 21.132597710340573, 'trop_agb_crit': 2.6695352180079177, 'trop_k_veg': 1.8981057964668895}.
[I 2026-06-09 12:46:27,919] Trial 2186 finished with values: [10.80446927325928, 10.80446927325928] and parameters: {'k1': 0.01549659926581634, 'D_low': 1.254144753902608, 'k2': 0.037633129263701104, 'D_high': 2471.1617679707197, 'fire_exp': 2.10707132280748, 'P_half': 34.51797505661073, 'pre_dampen_half': 0.7990768507654233, 'gpp_af': 1.3218737536384089, 'gpp_b': 0.00977702299083608, 'gpp_d': 26.003623362924223, 'ign_k': 0.4303356629825978, 'ign_c': 21.132597710340573, 'trop_agb_crit': 3.9999199283543145, 'trop_k_veg': 1.8981057964668895}.
[I 2026-06-09 12:46:29,046] Trial 2187 finished with values: [10.508336477959707, 10.508336477959707] and parameters: {'k1': 4.48891464696535e-05, 'D_low': 115.44738876452311, 'k2': 0.0005700142105246941, 'D_high': 39655.03094323017, 'fire_exp': 2.10707132280748, 'P_half': 50.32059347286801, 'pre_dampen_half': 340.6909167027263, 'gpp_af': 1.3218737536384089, 'gpp_b': 0.00977702299083608, 'gpp_d': 26.003623362924223, 'ign_k': 3.1536006085184716, 'ign_c': 21.132597710340573, 'trop_agb_crit': 3.9999199283543145, 'trop_k_veg': 1.8981057964668895}.
[I 2026-06-09 12:46:30,146] Trial 2188 finished with values: [-0.5851585559642369, 0.05503845079850178] and parameters: {'k1': 0.013957981200161677, 'D_low': 1.254144753902608, 'k2': 0.008665142881769165, 'D_high': 39655.03094323017, 'fire_exp': 2.4230090627358303, 'P_half': 149.35213816355395, 'pre_dampen_half': 340.6909167027263, 'gpp_af': 1.3218737536384089, 'gpp_b': 0.005727818164815806, 'gpp_d': 26.003623362924223, 'ign_k': 4.052852394853705, 'ign_c': 21.132597710340573, 'trop_agb_crit': 3.9999199283543145, 'trop_k_veg': 1.8981057964668895}.
[I 2026-06-09 12:46:31,252] Trial 2189 finished with values: [10.766831656429904, 10.766831656429904] and parameters: {'k1': 0.01549659926581634, 'D_low': 1.2611700708278009, 'k2': 0.059726680112071134, 'D_high': 20424.506990274727, 'fire_exp': 2.10707132280748, 'P_half': 34.51797505661073, 'pre_dampen_half': 340.6909167027263, 'gpp_af': 0.004050483631781762, 'gpp_b': 0.00977702299083608, 'gpp_d': 99.3234953243749, 'ign_k': 3.1536006085184716, 'ign_c': 21.132597710340573, 'trop_agb_crit': 17.350052186504573, 'trop_k_veg': 0.6944826196409343}.
[I 2026-06-09 12:46:32,404] Trial 2190 finished with values: [10.673816231186086, 10.673816231186086] and parameters: {'k1': 0.01549659926581634, 'D_low': 115.44738876452311, 'k2': 0.06994589881535453, 'D_high': 14268.845807630427, 'fire_exp': 2.10707132280748, 'P_half': 50.32059347286801, 'pre_dampen_half': 568.3854768867017, 'gpp_af': 1.3218737536384089, 'gpp_b': 1.1708679026611333e-05, 'gpp_d': 99.3234953243749, 'ign_k': 3.1536006085184716, 'ign_c': 21.132597710340573, 'trop_agb_crit': 4.164621598502872, 'trop_k_veg': 3.518106406920435}.
[I 2026-06-09 12:46:33,530] Trial 2191 finished with values: [10.551708886536447, 10.551708886536447] and parameters: {'k1': 0.01549659926581634, 'D_low': 115.44738876452311, 'k2': 0.0035286555750361696, 'D_high': 39655.03094323017, 'fire_exp': 2.10707132280748, 'P_half': 1.4045842344024697, 'pre_dampen_half': 340.6909167027263, 'gpp_af': 0.01942738928156656, 'gpp_b': 0.00977702299083608, 'gpp_d': 26.003623362924223, 'ign_k': 3.1536006085184716, 'ign_c': 21.132597710340573, 'trop_agb_crit': 2.6695352180079177, 'trop_k_veg': 1.8981057964668895}.
[I 2026-06-09 12:46:34,588] Trial 2192 finished with values: [10.059773772193626, 10.059773772193626] and parameters: {'k1': 0.01549659926581634, 'D_low': 1.254144753902608, 'k2': 0.037633129263701104, 'D_high': 2471.1617679707197, 'fire_exp': 2.10707132280748, 'P_half': 149.35213816355395, 'pre_dampen_half': 340.6909167027263, 'gpp_af': 1.3218737536384089, 'gpp_b': 0.005727818164815806, 'gpp_d': 26.003623362924223, 'ign_k': 3.1536006085184716, 'ign_c': 21.132597710340573, 'trop_agb_crit': 2.6695352180079177, 'trop_k_veg': 1.8981057964668895}.
[I 2026-06-09 12:46:35,617] Trial 2193 finished with values: [-0.583190496888997, 0.03238994844966703] and parameters: {'k1': 0.01549659926581634, 'D_low': 1.254144753902608, 'k2': 0.059726680112071134, 'D_high': 2471.1617679707197, 'fire_exp': 2.10707132280748, 'P_half': 34.51797505661073, 'pre_dampen_half': 710.044468770686, 'gpp_af': 1.3218737536384089, 'gpp_b': 0.00977702299083608, 'gpp_d': 500.2195003344709, 'ign_k': 0.4303356629825978, 'ign_c': 21.132597710340573, 'trop_agb_crit': 3.9999199283543145, 'trop_k_veg': 1.8981057964668895}.
[I 2026-06-09 12:46:37,364] Trial 2194 finished with values: [10.73610807153787, 10.73610807153787] and parameters: {'k1': 0.01549659926581634, 'D_low': 115.44738876452311, 'k2': 0.0005700142105246941, 'D_high': 563.1775220362647, 'fire_exp': 2.10707132280748, 'P_half': 50.32059347286801, 'pre_dampen_half': 340.6909167027263, 'gpp_af': 0.01495777599364886, 'gpp_b': 0.0003017323045976273, 'gpp_d': 2.6326028586826236, 'ign_k': 0.6599089829161113, 'ign_c': 21.132597710340573, 'trop_agb_crit': 4.164621598502872, 'trop_k_veg': 1.8981057964668895}.
[I 2026-06-09 12:46:38,502] Trial 2195 finished with values: [10.708417291594547, 10.708417291594547] and parameters: {'k1': 0.01549659926581634, 'D_low': 1855.7205114136366, 'k2': 0.0015336323622246685, 'D_high': 14268.845807630427, 'fire_exp': 2.10707132280748, 'P_half': 149.35213816355395, 'pre_dampen_half': 566.2858823465564, 'gpp_af': 1.3218737536384089, 'gpp_b': 0.00977702299083608, 'gpp_d': 684.1894548415002, 'ign_k': 3.1536006085184716, 'ign_c': 21.132597710340573, 'trop_agb_crit': 2.6695352180079177, 'trop_k_veg': 1.8981057964668895}.
[I 2026-06-09 12:46:39,609] Trial 2196 finished with values: [10.756413117964177, 10.756413117964177] and parameters: {'k1': 0.01549659926581634, 'D_low': 115.44738876452311, 'k2': 0.0005700142105246941, 'D_high': 16.094403551243083, 'fire_exp': 2.10707132280748, 'P_half': 50.32059347286801, 'pre_dampen_half': 568.3854768867017, 'gpp_af': 1.3218737536384089, 'gpp_b': 0.00977702299083608, 'gpp_d': 26.003623362924223, 'ign_k': 3.1536006085184716, 'ign_c': 21.132597710340573, 'trop_agb_crit': 2.6695352180079177, 'trop_k_veg': 1.8981057964668895}.
