[I 2026-07-24 02:14:14,252] Trial 1088 finished with value: 0.6037498601700984 and parameters: {'k1': 1.1346782811459193e-05, 'D_low': 118.7063936802061, 'k2': 0.005177523234230264, 'D_high': 108261.47877598509, 'fire_exp': 2.8573403962181567, 'P_half': 1757.359259473544, 'pre_dampen_half': 489.7488856133446, 'gpp_af': 0.03347522811785838, 'gpp_b': 4.46816195681777e-05, 'gpp_d': 1.4414958297017015, 'ign_k': 0.035036070322710805, 'ign_c': 2.6864676326321293, 'trop_agb_crit': 3.10007101000768, 'trop_k_veg': 0.839562645629193, 'gdp_gamma': 0.4174300498510734, 'fuel_k': 0.029707406153690403, 'fuel_half': 16.246254844770373}. Best is trial 335 with value: -0.6233152110406992.
[I 2026-07-24 02:14:14,704] Trial 1089 finished with value: 0.5238233510010029 and parameters: {'k1': 0.010756750573795304, 'D_low': 13.913109114939346, 'k2': 7.110365983692997e-05, 'D_high': 263026.13208162744, 'fire_exp': 1.2236516187630166, 'P_half': 146.13299401299415, 'pre_dampen_half': 1.1639382075720621, 'gpp_af': 0.03602301145488644, 'gpp_b': 0.006157159039681319, 'gpp_d': 27.214729317731777, 'ign_k': 0.0052670196867059624, 'ign_c': 41.69611385074577, 'trop_agb_crit': 3.4745586058470215, 'trop_k_veg': 1.7462876742364901, 'gdp_gamma': 0.17029352436295883, 'fuel_k': 0.032864790089527716, 'fuel_half': 28.822417359304044}. Best is trial 335 with value: -0.6233152110406992.
[I 2026-07-24 02:14:15,165] Trial 1090 finished with value: -0.5889440485903344 and parameters: {'k1': 1.9795274152816093e-05, 'D_low': 1.597687974985274, 'k2': 0.001583216413035541, 'D_high': 8538766.458137782, 'fire_exp': 1.2586357690483807, 'P_half': 86.74548838993972, 'pre_dampen_half': 0.27683895196001046, 'gpp_af': 0.02344412052192089, 'gpp_b': 1.0281891131304097e-05, 'gpp_d': 1.6091120071657041, 'ign_k': 0.0017511826685704735, 'ign_c': 0.5850588729662319, 'trop_agb_crit': 3.730340050285968, 'trop_k_veg': 0.5535309021297411, 'gdp_gamma': 1.0583175026574536, 'fuel_k': 0.019223604360728234, 'fuel_half': 2.4203334222181856}. Best is trial 335 with value: -0.6233152110406992.
[I 2026-07-24 02:14:15,616] Trial 1091 finished with value: 0.4290512060093148 and parameters: {'k1': 0.0005312153003600587, 'D_low': 857.9117508160679, 'k2': 0.020896649774436716, 'D_high': 961211.1600926039, 'fire_exp': 2.0385011934563226, 'P_half': 90.46642101227255, 'pre_dampen_half': 81.76364813075094, 'gpp_af': 0.05194350675929926, 'gpp_b': 6.61099134799515e-05, 'gpp_d': 1.5424323818120134, 'ign_k': 0.0020934647096569245, 'ign_c': 85.75231083607794, 'trop_agb_crit': 7.018488533695917, 'trop_k_veg': 2.328030189547567, 'gdp_gamma': 1.5460473297844082, 'fuel_k': 0.3097283203453502, 'fuel_half': 83.04240311679675}. Best is trial 335 with value: -0.6233152110406992.
[I 2026-07-24 02:14:16,074] Trial 1092 finished with value: -0.6017691746145649 and parameters: {'k1': 0.00026632122822860623, 'D_low': 66.37738543502482, 'k2': 0.0001866230010881067, 'D_high': 929740.9999837248, 'fire_exp': 2.0179646315041357, 'P_half': 6.853830315810562, 'pre_dampen_half': 4.292342489211104, 'gpp_af': 0.0786981444115517, 'gpp_b': 0.0015304199586849505, 'gpp_d': 10.20200839914835, 'ign_k': 0.005492627510493828, 'ign_c': 26.339149829286676, 'trop_agb_crit': 1.1290765388172754, 'trop_k_veg': 1.5205587200223964, 'gdp_gamma': 1.9065953129526285, 'fuel_k': 0.013616691870322403, 'fuel_half': 7.250041235701195}. Best is trial 335 with value: -0.6233152110406992.
[I 2026-07-24 02:14:16,535] Trial 1093 finished with value: -0.48788978287522955 and parameters: {'k1': 0.0005767370919670428, 'D_low': 1.0418296579307234, 'k2': 0.0006930945823875184, 'D_high': 2178.1779146469144, 'fire_exp': 1.0571554541742656, 'P_half': 204.40699615067106, 'pre_dampen_half': 9.05870149443932, 'gpp_af': 0.0014980550233038561, 'gpp_b': 7.92593261391261e-05, 'gpp_d': 16.44241460871285, 'ign_k': 0.002369631559884505, 'ign_c': 0.5786240455053722, 'trop_agb_crit': 1.7433021636605597, 'trop_k_veg': 0.9628690669064504, 'gdp_gamma': 1.6587432455429676, 'fuel_k': 0.013546077549215765, 'fuel_half': 14.563768661580246}. Best is trial 335 with value: -0.6233152110406992.
[I 2026-07-24 02:14:16,988] Trial 1094 finished with value: 0.5357651043781041 and parameters: {'k1': 0.008043887090851961, 'D_low': 200.709400674837, 'k2': 0.0001607198974381143, 'D_high': 478100.6215025973, 'fire_exp': 1.0460901485503116, 'P_half': 4.548233987786245, 'pre_dampen_half': 0.017622453032334548, 'gpp_af': 0.01022469599794113, 'gpp_b': 0.006792322179039678, 'gpp_d': 2.1710277373673224, 'ign_k': 0.04724797862707869, 'ign_c': 33.7518710232838, 'trop_agb_crit': 1.5815415365899814, 'trop_k_veg': 1.5650528099115817, 'gdp_gamma': 1.7947480444716435, 'fuel_k': 0.03194785539716529, 'fuel_half': 2.422503372455335}. Best is trial 335 with value: -0.6233152110406992.
[I 2026-07-24 02:14:17,441] Trial 1095 finished with value: 0.5592599454304069 and parameters: {'k1': 0.00022816085561201525, 'D_low': 19.16721826990126, 'k2': 0.0010278455369428503, 'D_high': 36573.16604442078, 'fire_exp': 2.762893349723782, 'P_half': 1.470081185644162, 'pre_dampen_half': 1.6128424298460626, 'gpp_af': 0.0034757201730152734, 'gpp_b': 7.218824445403238e-05, 'gpp_d': 0.19889231103030927, 'ign_k': 0.001333212171115949, 'ign_c': 3.379351292487823, 'trop_agb_crit': 2.453899802141131, 'trop_k_veg': 1.2622520303550666, 'gdp_gamma': 0.9226677557576939, 'fuel_k': 0.02334656095340007, 'fuel_half': 3.0060075688599666}. Best is trial 335 with value: -0.6233152110406992.
[I 2026-07-24 02:14:17,897] Trial 1096 finished with value: 0.50580088777439 and parameters: {'k1': 0.00029286232870963575, 'D_low': 1322.950493012057, 'k2': 0.00011932812305431888, 'D_high': 384610.7182954032, 'fire_exp': 1.3039996484100902, 'P_half': 55.25356223894936, 'pre_dampen_half': 1.510290146107748, 'gpp_af': 0.006319043271581698, 'gpp_b': 8.663973107349704e-05, 'gpp_d': 18.998293090173306, 'ign_k': 0.008554996230596449, 'ign_c': 27.52003849095379, 'trop_agb_crit': 1.961562909692268, 'trop_k_veg': 1.1949939649837222, 'gdp_gamma': 0.14669965227412354, 'fuel_k': 0.015182412062470278, 'fuel_half': 2.2523994504566605}. Best is trial 335 with value: -0.6233152110406992.
[I 2026-07-24 02:14:18,349] Trial 1097 finished with value: 0.6445374145881376 and parameters: {'k1': 0.0010896322406036428, 'D_low': 9516.583224098778, 'k2': 0.009803166182261376, 'D_high': 32.22688879210556, 'fire_exp': 4.324915824752444, 'P_half': 2166.2094810446447, 'pre_dampen_half': 10.171211199410848, 'gpp_af': 1.787447611168669, 'gpp_b': 1.0969464004450686, 'gpp_d': 0.03014991812871719, 'ign_k': 2.577837206592011, 'ign_c': 327.5780433275121, 'trop_agb_crit': 1.3575090147801767, 'trop_k_veg': 0.8158260412823726, 'gdp_gamma': 0.004274916605208275, 'fuel_k': 5.701210014207553, 'fuel_half': 30.858519043794175}. Best is trial 335 with value: -0.6233152110406992.
[I 2026-07-24 02:14:18,805] Trial 1098 finished with value: 0.5122907715388879 and parameters: {'k1': 4.558186742879562e-05, 'D_low': 1.6251763275137074, 'k2': 0.00024880269305167113, 'D_high': 137306.67736907522, 'fire_exp': 1.0287188850869133, 'P_half': 12.694616911588938, 'pre_dampen_half': 13.38759946812184, 'gpp_af': 0.1017073295109908, 'gpp_b': 0.015078368918105956, 'gpp_d': 0.0369933971624534, 'ign_k': 0.004537939972140092, 'ign_c': 206.12720445676746, 'trop_agb_crit': 29.604418613672664, 'trop_k_veg': 1.0360153291524985, 'gdp_gamma': 1.1411189656007716, 'fuel_k': 0.10447051981811835, 'fuel_half': 31.19346619255268}. Best is trial 335 with value: -0.6233152110406992.
[I 2026-07-24 02:14:19,262] Trial 1099 finished with value: 0.6103281441607552 and parameters: {'k1': 0.00093293566594673, 'D_low': 70.08181892850293, 'k2': 0.0028439000715678184, 'D_high': 3943.9371874403614, 'fire_exp': 2.18581304376092, 'P_half': 63.49213948632682, 'pre_dampen_half': 1.8794360602640114, 'gpp_af': 3.8938437034704294, 'gpp_b': 0.00013888439238196734, 'gpp_d': 0.9543915852946203, 'ign_k': 0.001509085083818676, 'ign_c': 0.28491358195009386, 'trop_agb_crit': 2.544879488423596, 'trop_k_veg': 1.7675174895927792, 'gdp_gamma': 0.695930440107928, 'fuel_k': 0.15993675019871254, 'fuel_half': 10.453147079597189}. Best is trial 335 with value: -0.6233152110406992.
[I 2026-07-24 02:14:19,719] Trial 1100 finished with value: 0.6445374145881376 and parameters: {'k1': 7.375561203815268e-05, 'D_low': 10.295885158661344, 'k2': 2.3524286196738262e-05, 'D_high': 1455427.1980510054, 'fire_exp': 2.3553316697236446, 'P_half': 88.06899098271501, 'pre_dampen_half': 14.477113023897918, 'gpp_af': 0.003338589022423016, 'gpp_b': 1.3819996601527834e-05, 'gpp_d': 29.511880702469053, 'ign_k': 0.09659787448642435, 'ign_c': 222.99336971054504, 'trop_agb_crit': 3.7538497585630326, 'trop_k_veg': 1.5887003945357032, 'gdp_gamma': 1.8599917616403776, 'fuel_k': 0.05582872296144521, 'fuel_half': 14.01787830387541}. Best is trial 335 with value: -0.6233152110406992.
[I 2026-07-24 02:14:20,177] Trial 1101 finished with value: 0.5302112060986325 and parameters: {'k1': 1.7508789806508313e-05, 'D_low': 10.843506700509593, 'k2': 0.0002699190060947624, 'D_high': 228283.56557812178, 'fire_exp': 1.0210221446246044, 'P_half': 4.011929546614901, 'pre_dampen_half': 2.8532495032428167, 'gpp_af': 0.003157271911065925, 'gpp_b': 0.0009065840399727829, 'gpp_d': 0.780519619308538, 'ign_k': 0.0020584965624742373, 'ign_c': 945.1797928778636, 'trop_agb_crit': 23.37721532306539, 'trop_k_veg': 1.7807557316287592, 'gdp_gamma': 0.6466530460242519, 'fuel_k': 0.41860880110661747, 'fuel_half': 39.02107947156188}. Best is trial 335 with value: -0.6233152110406992.
[I 2026-07-24 02:14:20,639] Trial 1102 finished with value: 0.5496934316085454 and parameters: {'k1': 0.0005045748810622577, 'D_low': 4.0692292781738635, 'k2': 0.042693945456517654, 'D_high': 111528.30825242412, 'fire_exp': 2.299932759187471, 'P_half': 745.1938467459189, 'pre_dampen_half': 0.16516202957658005, 'gpp_af': 0.01322909530147526, 'gpp_b': 0.00013756787786743676, 'gpp_d': 1.8533321841776955, 'ign_k': 0.03285300178506357, 'ign_c': 0.7496477196564098, 'trop_agb_crit': 12.91728408173169, 'trop_k_veg': 1.5230758332004395, 'gdp_gamma': 1.6367480849719847, 'fuel_k': 1.2115695107693276, 'fuel_half': 35.19909221860376}. Best is trial 335 with value: -0.6233152110406992.
[I 2026-07-24 02:14:21,098] Trial 1103 finished with value: 0.4075716047348208 and parameters: {'k1': 0.00016219640048554675, 'D_low': 1.4575397244858252, 'k2': 0.0064277831695479, 'D_high': 3491912.805154547, 'fire_exp': 1.165081647050758, 'P_half': 261.102725568858, 'pre_dampen_half': 53.12754713361624, 'gpp_af': 0.10274807553727498, 'gpp_b': 1.1854053940194649e-05, 'gpp_d': 4.961539476171715, 'ign_k': 0.0040795840692606005, 'ign_c': 3.9484620047482752, 'trop_agb_crit': 4.243643403271861, 'trop_k_veg': 0.6479070381990979, 'gdp_gamma': 0.37522857810504284, 'fuel_k': 0.16991674611081622, 'fuel_half': 10.160944734686936}. Best is trial 335 with value: -0.6233152110406992.
[I 2026-07-24 02:14:21,555] Trial 1104 finished with value: 0.5301953510369948 and parameters: {'k1': 0.012152102451010203, 'D_low': 28.198998884320023, 'k2': 0.0005883182857762197, 'D_high': 1448756.3018941246, 'fire_exp': 1.3460989946798527, 'P_half': 23.973375694501485, 'pre_dampen_half': 0.1605820744284962, 'gpp_af': 0.017044326258821085, 'gpp_b': 0.008241318957213969, 'gpp_d': 4.837258821617417, 'ign_k': 0.0014203159510373217, 'ign_c': 7.025027941198711, 'trop_agb_crit': 4.0363717509244745, 'trop_k_veg': 1.1193115556500486, 'gdp_gamma': 0.5133061475715244, 'fuel_k': 0.014448681675950346, 'fuel_half': 11.344388237901876}. Best is trial 335 with value: -0.6233152110406992.
[I 2026-07-24 02:14:22,012] Trial 1105 finished with value: 0.49824697325785083 and parameters: {'k1': 0.003347396944409154, 'D_low': 815.9252774988784, 'k2': 0.001720240677020517, 'D_high': 214125.3401122118, 'fire_exp': 1.137144269188576, 'P_half': 27.149401286879012, 'pre_dampen_half': 0.17315773251939917, 'gpp_af': 0.0032828148643965637, 'gpp_b': 0.0006775429386795459, 'gpp_d': 3.0967647652569967, 'ign_k': 0.025180467989865712, 'ign_c': 1.2067368090302875, 'trop_agb_crit': 3.264795941383675, 'trop_k_veg': 3.333709933826794, 'gdp_gamma': 0.3046460928569876, 'fuel_k': 0.03381250146197407, 'fuel_half': 12.654219719620482}. Best is trial 335 with value: -0.6233152110406992.
[I 2026-07-24 02:14:22,473] Trial 1106 finished with value: 0.4451044649597712 and parameters: {'k1': 6.62686931462454e-05, 'D_low': 1.133440313289613, 'k2': 0.0011063823277302717, 'D_high': 1295833.8454794753, 'fire_exp': 4.653784043909835, 'P_half': 11.234691952157595, 'pre_dampen_half': 114.76569418907242, 'gpp_af': 0.05641385274160504, 'gpp_b': 2.5636023297743373e-05, 'gpp_d': 4.29930328534636, 'ign_k': 0.4454049383053265, 'ign_c': 1.8878700436859333, 'trop_agb_crit': 15.636489341270543, 'trop_k_veg': 0.840301901246032, 'gdp_gamma': 0.002267068285876266, 'fuel_k': 1.8569912705734415, 'fuel_half': 0.555919826836353}. Best is trial 335 with value: -0.6233152110406992.
[I 2026-07-24 02:14:22,929] Trial 1107 finished with value: 0.6032323388919218 and parameters: {'k1': 5.1242123204826646e-05, 'D_low': 26210.111215941553, 'k2': 0.008029054324580285, 'D_high': 3327518.4580134577, 'fire_exp': 2.077827485117886, 'P_half': 60.10878251053849, 'pre_dampen_half': 19.663028830501702, 'gpp_af': 0.2926902050386846, 'gpp_b': 0.0003377419194780355, 'gpp_d': 0.06335187153472473, 'ign_k': 0.0010132756883030434, 'ign_c': 14.713439027261204, 'trop_agb_crit': 4.627041579375575, 'trop_k_veg': 0.5268654652111334, 'gdp_gamma': 0.08440876162861206, 'fuel_k': 0.06386594273265651, 'fuel_half': 17.098184996680175}. Best is trial 335 with value: -0.6233152110406992.
[I 2026-07-24 02:14:23,386] Trial 1108 finished with value: 0.3833862375096826 and parameters: {'k1': 0.0018544955159929073, 'D_low': 37.89234370646739, 'k2': 0.008149771262897738, 'D_high': 482084.35835013475, 'fire_exp': 1.649535642977905, 'P_half': 118.70566202988729, 'pre_dampen_half': 2.634258843990247, 'gpp_af': 0.0032370624861478257, 'gpp_b': 1.0169052089142682e-05, 'gpp_d': 691.9114968380328, 'ign_k': 0.011148867107636726, 'ign_c': 16.853885397777848, 'trop_agb_crit': 20.439874016645454, 'trop_k_veg': 0.7853160080014708, 'gdp_gamma': 1.7752966728039983, 'fuel_k': 0.03211914344128432, 'fuel_half': 80.82920215230521}. Best is trial 335 with value: -0.6233152110406992.
[I 2026-07-24 02:14:23,859] Trial 1109 finished with value: 0.5747782077303498 and parameters: {'k1': 0.00018283448321040587, 'D_low': 1.264268500435109, 'k2': 0.0012344144883911197, 'D_high': 233541.89328772, 'fire_exp': 4.209089261101508, 'P_half': 3.011704137051405, 'pre_dampen_half': 3.470596653786715, 'gpp_af': 0.0013409389078660084, 'gpp_b': 5.8915213280375e-05, 'gpp_d': 17.490384035519742, 'ign_k': 0.004139368433072997, 'ign_c': 0.13243604958975697, 'trop_agb_crit': 1.6246093508392407, 'trop_k_veg': 0.8482433485927374, 'gdp_gamma': 1.7638954585441533, 'fuel_k': 0.032566450718835176, 'fuel_half': 2.1824932544440157}. Best is trial 335 with value: -0.6233152110406992.
[I 2026-07-24 02:14:24,312] Trial 1110 finished with value: 0.5919691716285069 and parameters: {'k1': 3.0927959634874464e-05, 'D_low': 401.2334558467223, 'k2': 9.988734846102348e-05, 'D_high': 42304.55286922681, 'fire_exp': 3.675970255755004, 'P_half': 22.146047817807425, 'pre_dampen_half': 8.849966074363579, 'gpp_af': 0.0028175591388709983, 'gpp_b': 0.0003452177157856294, 'gpp_d': 18.57457191602996, 'ign_k': 0.0015173841010271323, 'ign_c': 99.60302699069803, 'trop_agb_crit': 6.338961852110095, 'trop_k_veg': 1.1349044397002241, 'gdp_gamma': 0.5642922677671226, 'fuel_k': 0.5014394139171109, 'fuel_half': 27.785302004649523}. Best is trial 335 with value: -0.6233152110406992.
[I 2026-07-24 02:14:24,768] Trial 1111 finished with value: -0.612858636820641 and parameters: {'k1': 0.00022955985290725386, 'D_low': 5.954035617406248, 'k2': 0.0015228283852039576, 'D_high': 692667.859060709, 'fire_exp': 1.3896984591584542, 'P_half': 14.884669215690625, 'pre_dampen_half': 0.9725985785241206, 'gpp_af': 0.0015037868873713808, 'gpp_b': 9.277556507144849e-05, 'gpp_d': 1.3831563432299057, 'ign_k': 0.001817626879743906, 'ign_c': 0.5452515743316996, 'trop_agb_crit': 3.8297662014258678, 'trop_k_veg': 0.7188779468648184, 'gdp_gamma': 1.2783145396384654, 'fuel_k': 0.01352171946433119, 'fuel_half': 17.23468567163104}. Best is trial 335 with value: -0.6233152110406992.
[I 2026-07-24 02:14:25,225] Trial 1112 finished with value: 0.5895939624801185 and parameters: {'k1': 0.0010618403182282798, 'D_low': 1.963737392330655, 'k2': 0.0007070198992005056, 'D_high': 135184.25865291132, 'fire_exp': 1.7216630952869798, 'P_half': 2.2078026456584974, 'pre_dampen_half': 0.22897940774328826, 'gpp_af': 0.004844177961394977, 'gpp_b': 0.013664134610425361, 'gpp_d': 0.8192641854929751, 'ign_k': 0.0012662633605898096, 'ign_c': 0.11898382164524045, 'trop_agb_crit': 3.875935857913367, 'trop_k_veg': 0.5291660137204476, 'gdp_gamma': 0.29885177724823786, 'fuel_k': 0.012202390126242467, 'fuel_half': 70.54226173502568}. Best is trial 335 with value: -0.6233152110406992.
[I 2026-07-24 02:14:25,678] Trial 1113 finished with value: 0.5825276878198039 and parameters: {'k1': 0.00011729586724874888, 'D_low': 1.4042861059232747, 'k2': 0.0238966633001372, 'D_high': 1637303.0366451007, 'fire_exp': 2.8774093861470935, 'P_half': 669.9200709576478, 'pre_dampen_half': 331.4598397159631, 'gpp_af': 0.0032671210403525963, 'gpp_b': 0.0002478628058200806, 'gpp_d': 0.6722075595983084, 'ign_k': 0.014413259381113189, 'ign_c': 4.254828434687022, 'trop_agb_crit': 1.8907131515113904, 'trop_k_veg': 0.8187398398326305, 'gdp_gamma': 0.6282050812601759, 'fuel_k': 0.10141408921831936, 'fuel_half': 9.163045395291267}. Best is trial 335 with value: -0.6233152110406992.
[I 2026-07-24 02:14:26,134] Trial 1114 finished with value: 0.4894389974623127 and parameters: {'k1': 0.0006746933018174366, 'D_low': 1.0136703286740896, 'k2': 0.0025462672573404606, 'D_high': 607776.4667930341, 'fire_exp': 5.820626011914682, 'P_half': 2.3255122488122786, 'pre_dampen_half': 0.10468048535621388, 'gpp_af': 0.02273566884836539, 'gpp_b': 1.2416177939124477e-05, 'gpp_d': 914.7528710819868, 'ign_k': 1.3252462210422697, 'ign_c': 8.91107554578159, 'trop_agb_crit': 16.846514072304625, 'trop_k_veg': 0.9502147067492632, 'gdp_gamma': 0.010712054183990585, 'fuel_k': 3.4101859053888233, 'fuel_half': 2.4525393780746882}. Best is trial 335 with value: -0.6233152110406992.
[I 2026-07-24 02:14:26,595] Trial 1115 finished with value: -0.6126438799711791 and parameters: {'k1': 7.131777045918962e-05, 'D_low': 19.68821955418404, 'k2': 0.02126551480039399, 'D_high': 731082.3546823602, 'fire_exp': 1.2705836060274096, 'P_half': 3.142614197380386, 'pre_dampen_half': 0.38593983323790354, 'gpp_af': 0.0018426340618104607, 'gpp_b': 4.258005627376382e-05, 'gpp_d': 5.552425535790542, 'ign_k': 0.0013250271121660665, 'ign_c': 2.6692782314254058, 'trop_agb_crit': 3.1716003589919888, 'trop_k_veg': 2.6294226760897, 'gdp_gamma': 1.5974678710051642, 'fuel_k': 0.014305114350830395, 'fuel_half': 0.3341345769637991}. Best is trial 335 with value: -0.6233152110406992.
[I 2026-07-24 02:14:27,054] Trial 1116 finished with value: 0.43296813953462965 and parameters: {'k1': 7.903243380754089e-05, 'D_low': 10.27354831023085, 'k2': 0.0009668833175792778, 'D_high': 79620.87975940011, 'fire_exp': 1.550966162113905, 'P_half': 211.22519709232301, 'pre_dampen_half': 70.22243964152992, 'gpp_af': 0.001064926828843372, 'gpp_b': 1.1985048618629948e-05, 'gpp_d': 1.6465518606493925, 'ign_k': 0.009422948104073625, 'ign_c': 1.2567437078405077, 'trop_agb_crit': 4.456121993194205, 'trop_k_veg': 0.618444433846816, 'gdp_gamma': 1.436820286248861, 'fuel_k': 0.15156669869601597, 'fuel_half': 62.81108986107098}. Best is trial 335 with value: -0.6233152110406992.
[I 2026-07-24 02:14:27,510] Trial 1117 finished with value: 0.5775571228015423 and parameters: {'k1': 0.00024291520249658787, 'D_low': 71.55446612672127, 'k2': 0.004250985314051139, 'D_high': 163761.0274733821, 'fire_exp': 1.9499723654141559, 'P_half': 32.072135854777684, 'pre_dampen_half': 0.02109149066227231, 'gpp_af': 0.0014442510318760922, 'gpp_b': 0.000226597813386927, 'gpp_d': 18.10533789403091, 'ign_k': 0.003007781219802147, 'ign_c': 9.413676677171567, 'trop_agb_crit': 4.580373208617639, 'trop_k_veg': 4.886045662930196, 'gdp_gamma': 0.30384118282147565, 'fuel_k': 0.04850272911186059, 'fuel_half': 0.1975224232600554}. Best is trial 335 with value: -0.6233152110406992.
[I 2026-07-24 02:14:27,965] Trial 1118 finished with value: 0.41854361592382916 and parameters: {'k1': 5.088420251801097e-05, 'D_low': 1.1768511120000695, 'k2': 0.035573513511223495, 'D_high': 1964985.0873073826, 'fire_exp': 1.3739329649278123, 'P_half': 47.65953205864434, 'pre_dampen_half': 0.4587343619937139, 'gpp_af': 0.0011977177180139762, 'gpp_b': 8.656396246008374e-05, 'gpp_d': 26.786292225825953, 'ign_k': 0.005126609355364228, 'ign_c': 1.7765147817676719, 'trop_agb_crit': 9.560664468875686, 'trop_k_veg': 3.0060344505710215, 'gdp_gamma': 0.8644845399172951, 'fuel_k': 0.014622860091791675, 'fuel_half': 1.7553142488347506}. Best is trial 335 with value: -0.6233152110406992.
[I 2026-07-24 02:14:28,421] Trial 1119 finished with value: 0.5666318876525527 and parameters: {'k1': 0.0014143886030799806, 'D_low': 126.11884880112095, 'k2': 0.0005074248912921077, 'D_high': 20192.256498064697, 'fire_exp': 1.06374825387066, 'P_half': 43.05273932985002, 'pre_dampen_half': 0.277925228885584, 'gpp_af': 0.00439655779634587, 'gpp_b': 0.01073387120228957, 'gpp_d': 79.27732034518941, 'ign_k': 0.005052853468079889, 'ign_c': 16.575293300130685, 'trop_agb_crit': 3.0143141690376636, 'trop_k_veg': 0.7170050802003937, 'gdp_gamma': 0.8821475258671102, 'fuel_k': 0.034424019334379635, 'fuel_half': 6.190839116062474}. Best is trial 335 with value: -0.6233152110406992.
