[I 2026-08-20 00:29:54,115] Trial 608 finished with value: 0.5987969993390034 and parameters: {'k1': 0.006183590604425454, 'D_low': 19731.867247059254, 'k2': 0.051814098888431685, 'D_high': 2867929.503222551, 'fire_exp': 1.435234223832119, 'P_half': 6.520591866599623, 'pre_dampen_half': 3.1438076952197096, 'gpp_af': 0.01424720227189568, 'gpp_b': 0.02699702026737638, 'gpp_d': 34.190674702860036, 'ign_k': 0.44607467092804043, 'ign_c': 4.336071220612583, 'trop_agb_crit': 27.466636799010548, 'trop_k_veg': 2.430501033995079, 'pop_amp': 0.05128742082603511, 'pop_peak': 0.35429195274251896, 'pop_sig': 0.4754162687266989}. Best is trial 274 with value: -0.604910391627968.
[I 2026-08-20 00:29:55,868] Trial 609 finished with value: 0.451524336013991 and parameters: {'k1': 0.00021063772144162455, 'D_low': 840.1393666056152, 'k2': 0.06357377549938867, 'D_high': 1237050.593321713, 'fire_exp': 1.6186481102271975, 'P_half': 1.0818409487854166, 'pre_dampen_half': 10.78997937285768, 'gpp_af': 0.27482587589591345, 'gpp_b': 0.00013661072134963615, 'gpp_d': 2.91396656880902, 'ign_k': 0.5119565609000847, 'ign_c': 4.500514906379811, 'trop_agb_crit': 2.0662851017210913, 'trop_k_veg': 4.613739085964245, 'pop_amp': 0.3945594363053462, 'pop_peak': 0.09381113636317337, 'pop_sig': 0.3879761846387587}. Best is trial 274 with value: -0.604910391627968.
[I 2026-08-20 00:29:57,575] Trial 610 finished with value: 0.4437994707929305 and parameters: {'k1': 0.04342864629653252, 'D_low': 2447.466644809794, 'k2': 0.00043735683349920587, 'D_high': 77937.83308265168, 'fire_exp': 1.3869189726951492, 'P_half': 20.870085718127115, 'pre_dampen_half': 53.847084703588166, 'gpp_af': 0.0020557123512337213, 'gpp_b': 1.8651202144068057e-05, 'gpp_d': 17.09888284530636, 'ign_k': 0.028967542072982442, 'ign_c': 0.8874132268643053, 'trop_agb_crit': 6.559478817929652, 'trop_k_veg': 6.18931919780966, 'pop_amp': 0.3420882495739488, 'pop_peak': 8.468866498815554, 'pop_sig': 2.1367281966057803}. Best is trial 274 with value: -0.604910391627968.
[I 2026-08-20 00:29:59,323] Trial 611 finished with value: 0.5763360140801596 and parameters: {'k1': 0.0004323715170920987, 'D_low': 53.74190785887503, 'k2': 0.09502737080160663, 'D_high': 592059.2903633264, 'fire_exp': 1.292845897235602, 'P_half': 2.5281565975004683, 'pre_dampen_half': 1.6066994639054075, 'gpp_af': 0.0016597602926467084, 'gpp_b': 0.005902613934034926, 'gpp_d': 38.56201748942443, 'ign_k': 0.9596601579381022, 'ign_c': 15.364754697491845, 'trop_agb_crit': 2.5831103839958947, 'trop_k_veg': 4.108265788005061, 'pop_amp': 0.05405816670601948, 'pop_peak': 0.5201843452618985, 'pop_sig': 1.0197619115724605}. Best is trial 274 with value: -0.604910391627968.
[I 2026-08-20 00:30:01,083] Trial 612 finished with value: 0.6445374145881376 and parameters: {'k1': 1.2413898048198002e-05, 'D_low': 216.18214908131623, 'k2': 0.012626413497243714, 'D_high': 3742062.4953673724, 'fire_exp': 1.2244539102913996, 'P_half': 1453.6721154208262, 'pre_dampen_half': 754.0072018586156, 'gpp_af': 0.003142903493730888, 'gpp_b': 0.0015979939185915694, 'gpp_d': 0.9879503164905723, 'ign_k': 2.2119078336320164, 'ign_c': 114.30135104272044, 'trop_agb_crit': 11.55187619078585, 'trop_k_veg': 6.808174525963418, 'pop_amp': 0.004104723035731717, 'pop_peak': 0.08119705857642084, 'pop_sig': 1.0644656537512884}. Best is trial 274 with value: -0.604910391627968.
[I 2026-08-20 00:30:02,849] Trial 613 finished with value: 0.6165793186046817 and parameters: {'k1': 0.06501912022364359, 'D_low': 23.61416699007462, 'k2': 0.0601914843328353, 'D_high': 816.615237255555, 'fire_exp': 1.6842227962893017, 'P_half': 29.211187092039136, 'pre_dampen_half': 1.1282804824701038, 'gpp_af': 0.004345865857441543, 'gpp_b': 0.002378865455944711, 'gpp_d': 90.98450811042255, 'ign_k': 9.756420815000736, 'ign_c': 0.3485895702537461, 'trop_agb_crit': 1.6940696296980424, 'trop_k_veg': 0.533938484309849, 'pop_amp': 0.009652262935943462, 'pop_peak': 23.363257792236997, 'pop_sig': 0.5645301702826677}. Best is trial 274 with value: -0.604910391627968.
[I 2026-08-20 00:30:04,620] Trial 614 finished with value: 0.45648676149041645 and parameters: {'k1': 0.015911889527213074, 'D_low': 18.97859085485132, 'k2': 0.04542571804414524, 'D_high': 64156.14268990611, 'fire_exp': 3.860859496981192, 'P_half': 504.550678847745, 'pre_dampen_half': 721.1799748125104, 'gpp_af': 1.2575023502143323, 'gpp_b': 0.0003426693354970842, 'gpp_d': 4.0871006133527565, 'ign_k': 0.7056637976670437, 'ign_c': 0.21752573182101875, 'trop_agb_crit': 12.37737157741652, 'trop_k_veg': 4.13280062930556, 'pop_amp': 8.095244900463126, 'pop_peak': 0.4208152434630603, 'pop_sig': 1.1554946797917238}. Best is trial 274 with value: -0.604910391627968.
[I 2026-08-20 00:30:06,410] Trial 615 finished with value: 0.5297706999703391 and parameters: {'k1': 0.00013053961461825317, 'D_low': 15692.041312195974, 'k2': 0.01832918137321865, 'D_high': 2789807.9396616733, 'fire_exp': 1.726465869523326, 'P_half': 5.324994489019521, 'pre_dampen_half': 0.09563207638344107, 'gpp_af': 0.007071698460350533, 'gpp_b': 0.00014024535942828466, 'gpp_d': 5.696771584172428, 'ign_k': 0.6803598686239796, 'ign_c': 10.597791099509996, 'trop_agb_crit': 2.2240646950856, 'trop_k_veg': 7.83796713785347, 'pop_amp': 1.2697643934888585, 'pop_peak': 0.19571759744900952, 'pop_sig': 0.9181264317503851}. Best is trial 274 with value: -0.604910391627968.
[I 2026-08-20 00:30:08,149] Trial 616 finished with value: -0.5328814842486757 and parameters: {'k1': 0.0007353516423394481, 'D_low': 2.784182055493, 'k2': 1.2338712409752548e-05, 'D_high': 88214.54134474327, 'fire_exp': 1.7863496378512087, 'P_half': 36.65198506120144, 'pre_dampen_half': 1.5294441694950773, 'gpp_af': 44.62201664938692, 'gpp_b': 0.0013917849001318448, 'gpp_d': 859.3484228069207, 'ign_k': 0.844417272210394, 'ign_c': 0.30572443717450826, 'trop_agb_crit': 6.577804146355683, 'trop_k_veg': 0.6410650254815496, 'pop_amp': 0.9450634897220622, 'pop_peak': 12.671357236598013, 'pop_sig': 1.3005893176570502}. Best is trial 274 with value: -0.604910391627968.
[I 2026-08-20 00:30:09,997] Trial 617 finished with value: 0.48863511005013793 and parameters: {'k1': 0.0003429950980719961, 'D_low': 5386.975975024031, 'k2': 0.021728905170779692, 'D_high': 162943.79789088576, 'fire_exp': 1.6267579069773326, 'P_half': 10.405034799723213, 'pre_dampen_half': 0.7932427366784348, 'gpp_af': 0.005978820278632059, 'gpp_b': 0.0007118745931931971, 'gpp_d': 16.737343715326567, 'ign_k': 2.120934538637177, 'ign_c': 0.9213703718489104, 'trop_agb_crit': 1.3131329988192546, 'trop_k_veg': 1.7600916543155596, 'pop_amp': 2.0966170712917966, 'pop_peak': 0.06751188986648, 'pop_sig': 0.7091555345745513}. Best is trial 274 with value: -0.604910391627968.
[I 2026-08-20 00:30:11,729] Trial 618 finished with value: 0.4863343452865494 and parameters: {'k1': 0.04521070242878401, 'D_low': 724.3959761470873, 'k2': 0.003062853908787401, 'D_high': 43520.28254508796, 'fire_exp': 1.2071146762532858, 'P_half': 154.37082602624662, 'pre_dampen_half': 2.009998958465661, 'gpp_af': 0.01073708279424068, 'gpp_b': 0.0006234512689408851, 'gpp_d': 163.95528185618343, 'ign_k': 5.381209390063578, 'ign_c': 0.11286552328516372, 'trop_agb_crit': 3.140048963098736, 'trop_k_veg': 0.6408130213713659, 'pop_amp': 0.0491792303854983, 'pop_peak': 1.8110386223505026, 'pop_sig': 0.4581982155011905}. Best is trial 274 with value: -0.604910391627968.
[I 2026-08-20 00:30:13,464] Trial 619 finished with value: 0.5257469358205816 and parameters: {'k1': 0.0002571039299291862, 'D_low': 5615.885244152833, 'k2': 0.040386411613266573, 'D_high': 1770436.7322915075, 'fire_exp': 1.7899799484975736, 'P_half': 5.326735323590013, 'pre_dampen_half': 3.294654343414239, 'gpp_af': 1.6896580723606633, 'gpp_b': 0.0004965053852585241, 'gpp_d': 0.06533611485102031, 'ign_k': 0.6431859661846466, 'ign_c': 0.6489619412678862, 'trop_agb_crit': 3.470030937297387, 'trop_k_veg': 1.1568077507091943, 'pop_amp': 0.015079020639444217, 'pop_peak': 0.2881907118477398, 'pop_sig': 0.390602891799164}. Best is trial 274 with value: -0.604910391627968.
[I 2026-08-20 00:30:15,291] Trial 620 finished with value: 0.5123196515831683 and parameters: {'k1': 0.0032255689671116337, 'D_low': 277.58560859890457, 'k2': 0.0002510713127507107, 'D_high': 28358.053771932275, 'fire_exp': 1.0706115862786414, 'P_half': 49.2556124100279, 'pre_dampen_half': 0.13527410996643827, 'gpp_af': 0.020924077839363616, 'gpp_b': 4.7062423549177004e-05, 'gpp_d': 1.8931388926867763, 'ign_k': 4.429415741231808, 'ign_c': 0.6894475095995174, 'trop_agb_crit': 1.9337144419610837, 'trop_k_veg': 4.328793947473261, 'pop_amp': 0.3718465610105591, 'pop_peak': 12.451787961298132, 'pop_sig': 0.9921075924259839}. Best is trial 274 with value: -0.604910391627968.
[I 2026-08-20 00:30:17,016] Trial 621 finished with value: 0.541241560985046 and parameters: {'k1': 0.0011702347678440273, 'D_low': 2.5584977052803692, 'k2': 0.001845040674967348, 'D_high': 230386.78391105458, 'fire_exp': 3.0805155608880956, 'P_half': 78.04003557722778, 'pre_dampen_half': 789.4476567173676, 'gpp_af': 0.001402587595387008, 'gpp_b': 4.168076460420609e-05, 'gpp_d': 386.62960619021806, 'ign_k': 0.015535856525309274, 'ign_c': 1.2157491523296746, 'trop_agb_crit': 23.684717977248642, 'trop_k_veg': 2.559913792803522, 'pop_amp': 0.02710746931660607, 'pop_peak': 9.498490061594726, 'pop_sig': 1.4571031951337519}. Best is trial 274 with value: -0.604910391627968.
[I 2026-08-20 00:30:18,808] Trial 622 finished with value: 0.4802930926707826 and parameters: {'k1': 0.0019379759396627187, 'D_low': 112.50560328159047, 'k2': 0.056247254522209814, 'D_high': 5314383.36448723, 'fire_exp': 1.7427736750657887, 'P_half': 16.4422060918959, 'pre_dampen_half': 0.2193911091806371, 'gpp_af': 0.06045487700389719, 'gpp_b': 7.130971016914508e-05, 'gpp_d': 734.318439263844, 'ign_k': 8.831591364204447, 'ign_c': 0.6853120434148973, 'trop_agb_crit': 2.628959803493846, 'trop_k_veg': 0.5501857141729861, 'pop_amp': 0.006795744397938747, 'pop_peak': 62.84018616780256, 'pop_sig': 0.8533013029101979}. Best is trial 274 with value: -0.604910391627968.
[I 2026-08-20 00:30:20,555] Trial 623 finished with value: 0.50204458433635 and parameters: {'k1': 0.0007123129508330228, 'D_low': 751.0115757406331, 'k2': 0.0019465676082224355, 'D_high': 114335.24541678232, 'fire_exp': 3.3646143792251793, 'P_half': 3.8287804146501747, 'pre_dampen_half': 1.8806545296294936, 'gpp_af': 0.017575771537813964, 'gpp_b': 0.003030217674031869, 'gpp_d': 0.5894624554134282, 'ign_k': 0.7074232026959315, 'ign_c': 0.7363278902032391, 'trop_agb_crit': 1.3259874852397322, 'trop_k_veg': 7.748350593388186, 'pop_amp': 1.1551111889158885, 'pop_peak': 0.20650471679855445, 'pop_sig': 0.8878383809704764}. Best is trial 274 with value: -0.604910391627968.
[I 2026-08-20 00:30:22,289] Trial 624 finished with value: 0.6445374145881376 and parameters: {'k1': 0.005298772772685317, 'D_low': 633031.6621277002, 'k2': 0.01628727226679833, 'D_high': 266853.35310853104, 'fire_exp': 1.3616168550037522, 'P_half': 2.100021653915368, 'pre_dampen_half': 12.234896037915268, 'gpp_af': 0.0015917088317933077, 'gpp_b': 6.201260289622851e-05, 'gpp_d': 34.31930137658838, 'ign_k': 7.805131650847968, 'ign_c': 0.3497806929359971, 'trop_agb_crit': 3.9071455798069774, 'trop_k_veg': 1.0222528803040765, 'pop_amp': 0.05325043130401945, 'pop_peak': 0.072936862027379, 'pop_sig': 0.523536045848455}. Best is trial 274 with value: -0.604910391627968.
[I 2026-08-20 00:30:24,026] Trial 625 finished with value: 0.6008625405833475 and parameters: {'k1': 0.00048139636778806713, 'D_low': 27465.979620333288, 'k2': 0.003629676032661701, 'D_high': 6181.694627082332, 'fire_exp': 1.8200679045149777, 'P_half': 222.53988030026972, 'pre_dampen_half': 39.76798042318797, 'gpp_af': 0.03295754533295741, 'gpp_b': 0.0011660509637456725, 'gpp_d': 8.949635475252224, 'ign_k': 0.4860697031221402, 'ign_c': 0.3244340277547543, 'trop_agb_crit': 1.465216684274672, 'trop_k_veg': 1.850689833615103, 'pop_amp': 0.4376116061653668, 'pop_peak': 10.582576739464207, 'pop_sig': 1.127197652842036}. Best is trial 274 with value: -0.604910391627968.
[I 2026-08-20 00:30:25,782] Trial 626 finished with value: 0.5778124152664954 and parameters: {'k1': 0.011842950598017373, 'D_low': 3534.7202834465875, 'k2': 0.004966017169820843, 'D_high': 22385.316377301137, 'fire_exp': 1.6628242621114182, 'P_half': 6.429526297888585, 'pre_dampen_half': 5.989374566028713, 'gpp_af': 0.0023371466237729556, 'gpp_b': 0.0029392250115995045, 'gpp_d': 27.421825183153214, 'ign_k': 5.4203841430954425, 'ign_c': 1.3210638350939214, 'trop_agb_crit': 5.997388379836704, 'trop_k_veg': 2.2100902692262854, 'pop_amp': 0.04667783865173935, 'pop_peak': 18.94996972095977, 'pop_sig': 0.915916103528439}. Best is trial 274 with value: -0.604910391627968.
[I 2026-08-20 00:30:27,533] Trial 627 finished with value: 0.4081981466486324 and parameters: {'k1': 0.004549529144655553, 'D_low': 264.8405289158193, 'k2': 0.004343936966171817, 'D_high': 975750.6674239808, 'fire_exp': 1.887423479371406, 'P_half': 42.206359442811475, 'pre_dampen_half': 5.551226340462478, 'gpp_af': 0.0045967388807692236, 'gpp_b': 1.5884715509191503e-05, 'gpp_d': 25.506383071404, 'ign_k': 1.5080713666385908, 'ign_c': 4.577102560847128, 'trop_agb_crit': 7.204092404567456, 'trop_k_veg': 2.460066923440412, 'pop_amp': 0.06676440393534636, 'pop_peak': 0.05858755579122616, 'pop_sig': 2.141137193053467}. Best is trial 274 with value: -0.604910391627968.
[I 2026-08-20 00:30:29,289] Trial 628 finished with value: 0.41623388564638786 and parameters: {'k1': 0.0007785294861241335, 'D_low': 57.2909426803425, 'k2': 0.006462553581690585, 'D_high': 288545.7767617282, 'fire_exp': 1.251096581299769, 'P_half': 1.788071005694204, 'pre_dampen_half': 2.0751890272636575, 'gpp_af': 0.049250356334127186, 'gpp_b': 0.000256270918701541, 'gpp_d': 0.0792157401764062, 'ign_k': 0.9108718891365531, 'ign_c': 12.93851552432901, 'trop_agb_crit': 1.6906724635120185, 'trop_k_veg': 2.3698276930517337, 'pop_amp': 0.9881927438750976, 'pop_peak': 0.4517582309752491, 'pop_sig': 1.2062838833687808}. Best is trial 274 with value: -0.604910391627968.
[I 2026-08-20 00:30:31,216] Trial 629 finished with value: 0.5998852793739321 and parameters: {'k1': 0.0009320875553540285, 'D_low': 26468.606382110658, 'k2': 0.007550179252451663, 'D_high': 221543.7485401199, 'fire_exp': 2.0067903516717776, 'P_half': 1311.5188617629592, 'pre_dampen_half': 0.8781558500604851, 'gpp_af': 0.0010196857992753737, 'gpp_b': 0.00048690419485662647, 'gpp_d': 19.113818846606762, 'ign_k': 2.4520566919021487, 'ign_c': 3.8773457725390035, 'trop_agb_crit': 7.8229239686673235, 'trop_k_veg': 1.8641882637915084, 'pop_amp': 0.34258655856859066, 'pop_peak': 3.457720100602872, 'pop_sig': 0.5728499587907724}. Best is trial 274 with value: -0.604910391627968.
[I 2026-08-20 00:30:32,957] Trial 630 finished with value: 0.4314298024743166 and parameters: {'k1': 0.03429806401531688, 'D_low': 46.56379028989663, 'k2': 0.003873151438227365, 'D_high': 2799671.373425294, 'fire_exp': 1.6479229172636978, 'P_half': 111.6527742769954, 'pre_dampen_half': 7.418555399590643, 'gpp_af': 0.004292297887042721, 'gpp_b': 0.0005532887094148049, 'gpp_d': 518.9532404864661, 'ign_k': 1.7261784093561061, 'ign_c': 0.6301907235474183, 'trop_agb_crit': 4.839711619035292, 'trop_k_veg': 2.910549320617783, 'pop_amp': 0.00781393293302492, 'pop_peak': 2.9540411780844305, 'pop_sig': 1.4698530727901824}. Best is trial 274 with value: -0.604910391627968.
[I 2026-08-20 00:30:34,710] Trial 631 finished with value: -0.5235803360723329 and parameters: {'k1': 0.0012784058323172323, 'D_low': 774.2269626792715, 'k2': 0.0007845342897369817, 'D_high': 89785.65571188579, 'fire_exp': 1.46089980495921, 'P_half': 80.61607654317491, 'pre_dampen_half': 4.671215811056611, 'gpp_af': 0.0035082946645547566, 'gpp_b': 0.00027687524849585214, 'gpp_d': 865.216873142578, 'ign_k': 0.002779733399942477, 'ign_c': 7.422075989840433, 'trop_agb_crit': 17.57078537136543, 'trop_k_veg': 0.5971449985539351, 'pop_amp': 1.3215303392651594, 'pop_peak': 578.9264153694471, 'pop_sig': 1.770179969405515}. Best is trial 274 with value: -0.604910391627968.
[I 2026-08-20 00:30:36,486] Trial 632 finished with value: 0.5680928409001317 and parameters: {'k1': 0.008428456653541899, 'D_low': 3709.510252868327, 'k2': 0.0015519091320965143, 'D_high': 8007.510189871997, 'fire_exp': 1.5740006706008038, 'P_half': 102.05102138809521, 'pre_dampen_half': 64.82720327425416, 'gpp_af': 0.0019341838948211325, 'gpp_b': 0.00025092556190922264, 'gpp_d': 8.173543288559992, 'ign_k': 7.623943121499248, 'ign_c': 0.2781920929900778, 'trop_agb_crit': 8.582830677419892, 'trop_k_veg': 5.371176630178697, 'pop_amp': 0.03644187534642273, 'pop_peak': 2.649175435498875, 'pop_sig': 1.1382458538767168}. Best is trial 274 with value: -0.604910391627968.
[I 2026-08-20 00:30:38,365] Trial 633 finished with value: 0.6257755248959973 and parameters: {'k1': 0.00025711532572697, 'D_low': 667.26407797822, 'k2': 2.7450192886078606e-05, 'D_high': 4080.1614418816116, 'fire_exp': 2.1444543887283136, 'P_half': 1784.8295589460135, 'pre_dampen_half': 129.9237963312797, 'gpp_af': 0.006137287603544279, 'gpp_b': 0.31757491627706785, 'gpp_d': 78.28064261258992, 'ign_k': 1.0697644737880418, 'ign_c': 0.9064712208399799, 'trop_agb_crit': 12.828994452585922, 'trop_k_veg': 7.287986333584189, 'pop_amp': 9.867941900504317, 'pop_peak': 22.28186557421382, 'pop_sig': 0.7426094327893381}. Best is trial 274 with value: -0.604910391627968.
[I 2026-08-20 00:30:40,133] Trial 634 finished with value: 0.5391882572250555 and parameters: {'k1': 0.00013300469044318907, 'D_low': 81427.21121745899, 'k2': 0.0010070644103423012, 'D_high': 527768.6885340717, 'fire_exp': 1.9714368150230162, 'P_half': 74.16128077147962, 'pre_dampen_half': 3.4769236448722047, 'gpp_af': 0.027972846556654985, 'gpp_b': 1.371875663345426e-05, 'gpp_d': 0.7550606177794158, 'ign_k': 6.12997369689458, 'ign_c': 0.25766026546963394, 'trop_agb_crit': 25.598690945673386, 'trop_k_veg': 1.28276200720718, 'pop_amp': 0.06526964477634281, 'pop_peak': 113.72326292603192, 'pop_sig': 0.6286172734342764}. Best is trial 274 with value: -0.604910391627968.
[I 2026-08-20 00:30:42,103] Trial 635 finished with value: -0.512281499997756 and parameters: {'k1': 0.0018887938660132947, 'D_low': 43085.689871934985, 'k2': 0.005270581920373307, 'D_high': 4262760.268149818, 'fire_exp': 1.7732147150705657, 'P_half': 8.973112038625679, 'pre_dampen_half': 5.295142762409804, 'gpp_af': 0.040821709990665644, 'gpp_b': 1.8980914622810263e-05, 'gpp_d': 14.287713192695316, 'ign_k': 4.894013125207663, 'ign_c': 4.321273854206897, 'trop_agb_crit': 6.572174655486809, 'trop_k_veg': 3.1245278562877528, 'pop_amp': 0.02364817560683993, 'pop_peak': 363.5991595044714, 'pop_sig': 0.42923407088291804}. Best is trial 274 with value: -0.604910391627968.
[I 2026-08-20 00:30:44,065] Trial 636 finished with value: 0.4223806415083107 and parameters: {'k1': 0.013182049043543594, 'D_low': 707.4596929476426, 'k2': 0.0369772762077183, 'D_high': 3534265.979089189, 'fire_exp': 1.1920762298427992, 'P_half': 1.0658084675487853, 'pre_dampen_half': 4.691960960522609, 'gpp_af': 0.001281385087131297, 'gpp_b': 3.7675578865589435e-05, 'gpp_d': 78.5623185583983, 'ign_k': 0.6056810673710636, 'ign_c': 0.31543819758220226, 'trop_agb_crit': 8.31123635586596, 'trop_k_veg': 0.9815545671089064, 'pop_amp': 0.003463326073558107, 'pop_peak': 5.836742645280214, 'pop_sig': 0.5101769131571817}. Best is trial 274 with value: -0.604910391627968.
[I 2026-08-20 00:30:46,125] Trial 637 finished with value: -0.5129345401060206 and parameters: {'k1': 4.0499361049213516e-05, 'D_low': 71.14394169345914, 'k2': 0.00022967103993092454, 'D_high': 56231.74180435914, 'fire_exp': 2.6835777954015962, 'P_half': 42.35301959713064, 'pre_dampen_half': 24.307433218725098, 'gpp_af': 0.01035348581836347, 'gpp_b': 4.113130938861899e-05, 'gpp_d': 2.630256172064655, 'ign_k': 1.2245956489459489, 'ign_c': 0.2743902440805303, 'trop_agb_crit': 14.227927986752778, 'trop_k_veg': 2.0614201627681363, 'pop_amp': 1.2837245554349548, 'pop_peak': 529.3479142709898, 'pop_sig': 0.803913642378867}. Best is trial 274 with value: -0.604910391627968.
[I 2026-08-20 00:30:48,299] Trial 638 finished with value: 0.6422796073943984 and parameters: {'k1': 0.004704822493677062, 'D_low': 413072.1061782061, 'k2': 0.0003091719595120521, 'D_high': 6032198.89424041, 'fire_exp': 1.7791399959783019, 'P_half': 32.05970590944337, 'pre_dampen_half': 1.6668385652842548, 'gpp_af': 0.034509029559480806, 'gpp_b': 0.0006449374726212497, 'gpp_d': 28.032212079628998, 'ign_k': 4.377030710885971, 'ign_c': 2.4957181128654473, 'trop_agb_crit': 10.18726611168365, 'trop_k_veg': 1.6022241787810572, 'pop_amp': 0.03982910438371017, 'pop_peak': 12.764375167665463, 'pop_sig': 0.5248173263510115}. Best is trial 274 with value: -0.604910391627968.
[I 2026-08-20 00:30:50,304] Trial 639 finished with value: 0.48684940387281794 and parameters: {'k1': 0.03061437987788241, 'D_low': 379.45251333196836, 'k2': 0.018306945606964935, 'D_high': 2704028.921906184, 'fire_exp': 1.8642820472364436, 'P_half': 1118.9914146625472, 'pre_dampen_half': 22.29958258625908, 'gpp_af': 0.11049085778746374, 'gpp_b': 0.0002717892521476623, 'gpp_d': 0.3487046701545154, 'ign_k': 0.16647919494716218, 'ign_c': 0.6701880797890393, 'trop_agb_crit': 11.594834850636376, 'trop_k_veg': 5.28582506289936, 'pop_amp': 1.1750836326205432, 'pop_peak': 0.34718532055147994, 'pop_sig': 1.2184851964770627}. Best is trial 274 with value: -0.604910391627968.
