[I 2026-08-19 17:11:50,661] Trial 492 finished with value: 0.4965314622721807 and parameters: {'k1': 0.000949297732768812, 'D_low': 1.7680044966869406, 'k2': 0.0011854889069065754, 'D_high': 2696623.545679305, 'fire_exp': 1.104003547648032, 'P_half': 2.3979823025115126, 'pre_dampen_half': 1.0707911508489116, 'gpp_af': 0.23843029010208583, 'gpp_b': 0.18148104973841478, 'gpp_d': 37.635392989905434, 'ign_k': 0.2684756827879578, 'ign_c': 1.3520783810491124, 'trop_agb_crit': 29.505306115434347, 'trop_k_veg': 2.6852179994204435, 'pop_amp': 0.004890380318356115, 'pop_peak': 0.10169394529308932, 'pop_sig': 0.9285298037197703, 'fuel_k': 0.15189554276752754, 'fuel_half': 11.578232969557893}. Best is trial 0 with value: -0.6094076133578652.
[I 2026-08-19 17:11:52,225] Trial 493 finished with value: 0.559218820261444 and parameters: {'k1': 0.008691699260601265, 'D_low': 16.261326927036013, 'k2': 0.010666191828738047, 'D_high': 3181958.956724979, 'fire_exp': 1.323630142428303, 'P_half': 1.9660150778513086, 'pre_dampen_half': 2.504168225721719, 'gpp_af': 0.0835437333215727, 'gpp_b': 0.0005917160870819236, 'gpp_d': 5.35272039901637, 'ign_k': 0.07054443283784995, 'ign_c': 0.3027420474748729, 'trop_agb_crit': 4.466951407321702, 'trop_k_veg': 0.6721767249935793, 'pop_amp': 5.034988874754297, 'pop_peak': 1.0876147459516987, 'pop_sig': 1.2661063570890039, 'fuel_k': 0.01986408434674364, 'fuel_half': 37.425930676761894}. Best is trial 0 with value: -0.6094076133578652.
[I 2026-08-19 17:11:53,778] Trial 494 finished with value: 0.5573907905290255 and parameters: {'k1': 5.7375363943817424e-05, 'D_low': 10.956521892481543, 'k2': 0.0019095747810001739, 'D_high': 4856346.025687635, 'fire_exp': 1.8826483414035537, 'P_half': 544.6855814719518, 'pre_dampen_half': 0.5433585511836304, 'gpp_af': 0.48307520975123136, 'gpp_b': 7.750758271015326e-05, 'gpp_d': 60.8308341293497, 'ign_k': 0.05522417076123001, 'ign_c': 9.5707462835478, 'trop_agb_crit': 5.990503749165377, 'trop_k_veg': 2.9227688305524873, 'pop_amp': 0.3258781831812762, 'pop_peak': 6.723568616574726, 'pop_sig': 0.9698661333823853, 'fuel_k': 5.675775248891521, 'fuel_half': 44.173594602678044}. Best is trial 0 with value: -0.6094076133578652.
[I 2026-08-19 17:11:55,395] Trial 495 finished with value: -0.5587436951779043 and parameters: {'k1': 0.00020207958226104613, 'D_low': 2.9073459353401345, 'k2': 0.004616858784148793, 'D_high': 1480403.184225196, 'fire_exp': 1.3664680716438034, 'P_half': 7.386978455714916, 'pre_dampen_half': 0.21941977749211244, 'gpp_af': 34.14965518682118, 'gpp_b': 0.007523457113991907, 'gpp_d': 466.03545126422193, 'ign_k': 0.29947584738220373, 'ign_c': 0.9527657021030611, 'trop_agb_crit': 12.739871884647116, 'trop_k_veg': 2.2850574667032877, 'pop_amp': 0.04759190593138692, 'pop_peak': 5.700662339392891, 'pop_sig': 1.1642173250438344, 'fuel_k': 0.08862526357187905, 'fuel_half': 13.523328943378523}. Best is trial 0 with value: -0.6094076133578652.
[I 2026-08-19 17:11:56,953] Trial 496 finished with value: 0.6119763928978519 and parameters: {'k1': 0.015043579715986301, 'D_low': 46374.38799601099, 'k2': 0.0011691720090958057, 'D_high': 2539790.2200397495, 'fire_exp': 1.2232234555009402, 'P_half': 51.56376941668649, 'pre_dampen_half': 57.54343028049586, 'gpp_af': 0.001545634915913616, 'gpp_b': 0.0006876542143115084, 'gpp_d': 0.4911823797680187, 'ign_k': 0.03617070281901216, 'ign_c': 12.425087541790882, 'trop_agb_crit': 13.85042884616191, 'trop_k_veg': 3.7440487504493767, 'pop_amp': 0.0014564244327850628, 'pop_peak': 17.261422116459233, 'pop_sig': 0.6216914772837971, 'fuel_k': 0.23342492681483473, 'fuel_half': 0.11983548137941295}. Best is trial 0 with value: -0.6094076133578652.
[I 2026-08-19 17:11:58,508] Trial 497 finished with value: 0.5226967236749205 and parameters: {'k1': 7.439795593151809e-05, 'D_low': 6.7748515189112295, 'k2': 0.017232048561651277, 'D_high': 7358291.898618434, 'fire_exp': 1.0254030202209983, 'P_half': 132.44907905733643, 'pre_dampen_half': 0.01363652195166443, 'gpp_af': 3.3634840559414116, 'gpp_b': 0.004615741095497376, 'gpp_d': 55.96892046964128, 'ign_k': 0.6845711185417133, 'ign_c': 1.5782117628260588, 'trop_agb_crit': 11.337994351688181, 'trop_k_veg': 5.743459595420447, 'pop_amp': 0.04150434555762751, 'pop_peak': 374.85769200823313, 'pop_sig': 1.0881089176578511, 'fuel_k': 0.06840109758120959, 'fuel_half': 84.42314747325744}. Best is trial 0 with value: -0.6094076133578652.
[I 2026-08-19 17:12:00,065] Trial 498 finished with value: -0.5576553871006718 and parameters: {'k1': 0.00031759139807167175, 'D_low': 1718.5935384828465, 'k2': 0.004577614912059621, 'D_high': 1777600.7566704093, 'fire_exp': 2.6128766314559386, 'P_half': 35.76565177871553, 'pre_dampen_half': 1.7228942187927585, 'gpp_af': 69.44961144857758, 'gpp_b': 0.022161742003573615, 'gpp_d': 281.00196542511003, 'ign_k': 1.401676454046011, 'ign_c': 2.5991954441152543, 'trop_agb_crit': 13.246222581709596, 'trop_k_veg': 3.571020476793756, 'pop_amp': 0.13770250937482115, 'pop_peak': 11.944741784971006, 'pop_sig': 1.4159681101837294, 'fuel_k': 0.029062243154333464, 'fuel_half': 8.862255990059186}. Best is trial 0 with value: -0.6094076133578652.
  trial  499/2500  best_overall=0.6094  (13.6 min)
[I 2026-08-19 17:12:01,716] Trial 499 finished with value: 0.4724090345690083 and parameters: {'k1': 0.00027835594110159405, 'D_low': 586.0764437423326, 'k2': 0.006568921476319552, 'D_high': 159298.46956353367, 'fire_exp': 3.1572702903592296, 'P_half': 23.793900299708607, 'pre_dampen_half': 27.723192627134818, 'gpp_af': 0.07468574068807793, 'gpp_b': 0.00017590231451453786, 'gpp_d': 7.229287261783272, 'ign_k': 5.913798416052519, 'ign_c': 1.2800116584850667, 'trop_agb_crit': 14.524983320607692, 'trop_k_veg': 3.7578717290945294, 'pop_amp': 0.0013214142009986764, 'pop_peak': 1.105494152075168, 'pop_sig': 1.7424822462408303, 'fuel_k': 1.1536998127107192, 'fuel_half': 0.12528332177184465}. Best is trial 0 with value: -0.6094076133578652.
[I 2026-08-19 17:12:03,286] Trial 500 finished with value: 0.59691747750929 and parameters: {'k1': 0.018177558409666176, 'D_low': 1.0023519976298925, 'k2': 0.0011849977040736424, 'D_high': 5118.704309467479, 'fire_exp': 1.575315178636763, 'P_half': 2.1332782239516614, 'pre_dampen_half': 0.022342451425047895, 'gpp_af': 0.0035185519592482555, 'gpp_b': 0.0010967388368580777, 'gpp_d': 431.12288869127923, 'ign_k': 0.4309087928662854, 'ign_c': 2.807439727549756, 'trop_agb_crit': 3.2934373880447345, 'trop_k_veg': 0.6459604960632341, 'pop_amp': 6.707936879386727, 'pop_peak': 0.05911594123107331, 'pop_sig': 0.8934572440642904, 'fuel_k': 0.08310428869019493, 'fuel_half': 3.621747218684276}. Best is trial 0 with value: -0.6094076133578652.
[I 2026-08-19 17:12:04,858] Trial 501 finished with value: -0.5810501511739599 and parameters: {'k1': 0.0008336649312017996, 'D_low': 6.716298708099444, 'k2': 0.02054460373517423, 'D_high': 5390186.348529835, 'fire_exp': 1.7383793602084305, 'P_half': 16.352469415404197, 'pre_dampen_half': 0.4419752737953835, 'gpp_af': 0.9694276201100612, 'gpp_b': 6.020617829213241e-05, 'gpp_d': 449.23054043361526, 'ign_k': 0.13481358728768342, 'ign_c': 6.825957903238842, 'trop_agb_crit': 25.91707370101878, 'trop_k_veg': 3.5381384046215656, 'pop_amp': 0.5873800872894002, 'pop_peak': 2.2460734043352053, 'pop_sig': 0.7889886700715452, 'fuel_k': 0.7354429787950918, 'fuel_half': 24.120009508426044}. Best is trial 0 with value: -0.6094076133578652.
[I 2026-08-19 17:12:06,457] Trial 502 finished with value: 0.4348893191068661 and parameters: {'k1': 0.022242218317229476, 'D_low': 13.115718704179955, 'k2': 0.01176296603040581, 'D_high': 9177050.454807363, 'fire_exp': 1.2290419855524604, 'P_half': 90.33243259160595, 'pre_dampen_half': 1.5741568579480354, 'gpp_af': 0.015013874149987824, 'gpp_b': 3.16451061607931e-05, 'gpp_d': 82.53840891432122, 'ign_k': 4.4642473582203746, 'ign_c': 0.11885782437813062, 'trop_agb_crit': 11.849261418656187, 'trop_k_veg': 1.5626753498698935, 'pop_amp': 0.9285966028635712, 'pop_peak': 11.561827776448776, 'pop_sig': 1.3535974417943877, 'fuel_k': 0.0179896545762837, 'fuel_half': 5.536941574368692}. Best is trial 0 with value: -0.6094076133578652.
[I 2026-08-19 17:12:08,047] Trial 503 finished with value: 0.45218735125396226 and parameters: {'k1': 5.282924641230217e-05, 'D_low': 1.0584854799997623, 'k2': 0.035028037212938644, 'D_high': 9903147.000914479, 'fire_exp': 1.1805165588268327, 'P_half': 1.9258784595808975, 'pre_dampen_half': 0.13566236240536503, 'gpp_af': 0.37640289833094, 'gpp_b': 4.3313619194752814e-05, 'gpp_d': 350.70048329978, 'ign_k': 1.3604713831891366, 'ign_c': 15.393365391408206, 'trop_agb_crit': 7.307907715319074, 'trop_k_veg': 2.9917180640704446, 'pop_amp': 0.04967236970782486, 'pop_peak': 0.09282330344643197, 'pop_sig': 0.6197137414553628, 'fuel_k': 0.0421807982609885, 'fuel_half': 13.11770429333482}. Best is trial 0 with value: -0.6094076133578652.
[I 2026-08-19 17:12:09,640] Trial 504 finished with value: 0.5522580073042203 and parameters: {'k1': 0.0004256881317204077, 'D_low': 16.592497108833044, 'k2': 0.03266256685141551, 'D_high': 3896104.202558133, 'fire_exp': 2.1285797562477504, 'P_half': 24.79165865565171, 'pre_dampen_half': 0.05354889878959581, 'gpp_af': 0.031612377648353264, 'gpp_b': 0.0006660786647379031, 'gpp_d': 170.43890711370167, 'ign_k': 0.029809073509827217, 'ign_c': 33.28612573565548, 'trop_agb_crit': 22.98113890869274, 'trop_k_veg': 2.9260772941285045, 'pop_amp': 6.339413039477328, 'pop_peak': 1.3870157853837095, 'pop_sig': 0.807253147727107, 'fuel_k': 0.24709724196620464, 'fuel_half': 26.14715638105665}. Best is trial 0 with value: -0.6094076133578652.
[I 2026-08-19 17:12:11,243] Trial 505 finished with value: -0.5790888226569513 and parameters: {'k1': 0.00015541275847738277, 'D_low': 16.568081477367976, 'k2': 0.01575102639358248, 'D_high': 2628182.494327662, 'fire_exp': 3.2684515324203938, 'P_half': 9.818037881899658, 'pre_dampen_half': 1.3773488057454684, 'gpp_af': 0.7813440550942752, 'gpp_b': 4.4538855660453786e-05, 'gpp_d': 308.99311250982083, 'ign_k': 0.1942375822453724, 'ign_c': 10.392539422802496, 'trop_agb_crit': 10.332359694033316, 'trop_k_veg': 5.114358145642506, 'pop_amp': 1.723305352861451, 'pop_peak': 1.9292204585616668, 'pop_sig': 0.8610745333005063, 'fuel_k': 0.3418846110425739, 'fuel_half': 15.214868458844816}. Best is trial 0 with value: -0.6094076133578652.
[I 2026-08-19 17:12:12,838] Trial 506 finished with value: -0.5638745620746777 and parameters: {'k1': 1.3349411476147072e-05, 'D_low': 26.85151342357947, 'k2': 0.014116012493014606, 'D_high': 5058601.324920601, 'fire_exp': 2.2855993730631714, 'P_half': 4.088242645583633, 'pre_dampen_half': 5.598102554790286, 'gpp_af': 0.27970418532122093, 'gpp_b': 1.1798864075196764e-05, 'gpp_d': 61.904977851205444, 'ign_k': 0.14268181962756313, 'ign_c': 4.709928776944724, 'trop_agb_crit': 9.656830877191249, 'trop_k_veg': 2.677773698100799, 'pop_amp': 1.4892343846202152, 'pop_peak': 0.6120918411221732, 'pop_sig': 0.4485905458304092, 'fuel_k': 0.4424966441386073, 'fuel_half': 19.416213783511118}. Best is trial 0 with value: -0.6094076133578652.
[I 2026-08-19 17:12:14,457] Trial 507 finished with value: 0.5320378398103929 and parameters: {'k1': 2.083562166971361e-05, 'D_low': 96.76915054433952, 'k2': 0.0067153179478357155, 'D_high': 6258433.304072707, 'fire_exp': 3.234576264646424, 'P_half': 6.73718489028436, 'pre_dampen_half': 0.34464012089759577, 'gpp_af': 0.11070535713444636, 'gpp_b': 1.4670388539587143e-05, 'gpp_d': 49.74308981338962, 'ign_k': 0.10379632875664226, 'ign_c': 1.0788833382201992, 'trop_agb_crit': 8.028169912906753, 'trop_k_veg': 1.301014491430264, 'pop_amp': 1.3681851993187018, 'pop_peak': 0.05686849113834303, 'pop_sig': 0.6010332413028243, 'fuel_k': 2.0548858442834033, 'fuel_half': 39.17859800219814}. Best is trial 0 with value: -0.6094076133578652.
[I 2026-08-19 17:12:16,075] Trial 508 finished with value: 0.5686549546386815 and parameters: {'k1': 1.717668657263733e-05, 'D_low': 1.0578446495965974, 'k2': 0.044397221056006735, 'D_high': 979321.7875795303, 'fire_exp': 1.8800070256227255, 'P_half': 32.90344701418548, 'pre_dampen_half': 0.010210741492872332, 'gpp_af': 47.99268041316476, 'gpp_b': 0.0010014648215012493, 'gpp_d': 776.9414032143349, 'ign_k': 0.014697717740699867, 'ign_c': 2.7838478332375787, 'trop_agb_crit': 16.341473898739963, 'trop_k_veg': 4.443291415319435, 'pop_amp': 0.050977424555033554, 'pop_peak': 3.512120328576627, 'pop_sig': 1.093606561359372, 'fuel_k': 4.077516338557364, 'fuel_half': 22.301746333887138}. Best is trial 0 with value: -0.6094076133578652.
[I 2026-08-19 17:12:17,707] Trial 509 finished with value: 0.5748594539237798 and parameters: {'k1': 3.983375732237349e-05, 'D_low': 7.187948412621328, 'k2': 0.027457942805331217, 'D_high': 28304.07632885344, 'fire_exp': 2.985643497082756, 'P_half': 59.0450400949577, 'pre_dampen_half': 0.27254211900536696, 'gpp_af': 0.11643374962450838, 'gpp_b': 6.698607261696664e-05, 'gpp_d': 11.976542741917216, 'ign_k': 2.2743820633198832, 'ign_c': 12.145710608942366, 'trop_agb_crit': 6.431506483110224, 'trop_k_veg': 5.387627140542294, 'pop_amp': 0.6181936751269409, 'pop_peak': 16.609333286313195, 'pop_sig': 0.7663428252158407, 'fuel_k': 1.0508593503553123, 'fuel_half': 2.732659675747692}. Best is trial 0 with value: -0.6094076133578652.
[I 2026-08-19 17:12:19,271] Trial 510 finished with value: 0.39742244140129324 and parameters: {'k1': 0.006140742941969952, 'D_low': 17.9816398106935, 'k2': 0.026231081963309654, 'D_high': 210669.89663992575, 'fire_exp': 1.6844625982720098, 'P_half': 5.702012364383968, 'pre_dampen_half': 2.390788815762694, 'gpp_af': 1.8260093130496091, 'gpp_b': 0.00041307183814513917, 'gpp_d': 465.1597492997336, 'ign_k': 0.22077036428735564, 'ign_c': 14.081134340066406, 'trop_agb_crit': 10.42180507681387, 'trop_k_veg': 4.607647667063405, 'pop_amp': 0.1985179449064578, 'pop_peak': 10.695188555005048, 'pop_sig': 0.6324720054824698, 'fuel_k': 0.8286550407045281, 'fuel_half': 13.251006339434298}. Best is trial 0 with value: -0.6094076133578652.
[I 2026-08-19 17:12:20,846] Trial 511 finished with value: 0.5676212680830097 and parameters: {'k1': 0.002003570772195069, 'D_low': 1.34106625870931, 'k2': 0.0014996280230586546, 'D_high': 5381214.079157566, 'fire_exp': 2.4902590370048676, 'P_half': 226.94694276789295, 'pre_dampen_half': 0.45745039757892253, 'gpp_af': 38.640071253016465, 'gpp_b': 0.00015984974153535335, 'gpp_d': 563.6359373496965, 'ign_k': 0.012303372707765351, 'ign_c': 9.299020112225772, 'trop_agb_crit': 24.64208549235729, 'trop_k_veg': 4.420891301174671, 'pop_amp': 0.736649884247699, 'pop_peak': 3.6053706869354323, 'pop_sig': 0.7745505313088321, 'fuel_k': 2.440845439716925, 'fuel_half': 91.59837908124553}. Best is trial 0 with value: -0.6094076133578652.
  trial  512/2500  best_overall=0.6094  (14.0 min)
[I 2026-08-19 17:12:22,560] Trial 512 finished with value: 0.599760996674897 and parameters: {'k1': 0.00035589481760205777, 'D_low': 4.841013860609877, 'k2': 0.058030193523666375, 'D_high': 3932.5878425426176, 'fire_exp': 6.979316339102829, 'P_half': 3.1457771979657023, 'pre_dampen_half': 0.25940171875917944, 'gpp_af': 32.770595338527244, 'gpp_b': 0.0008962821756482246, 'gpp_d': 306.63570398474076, 'ign_k': 0.2571765187714794, 'ign_c': 4.491464928546864, 'trop_agb_crit': 19.686011080040704, 'trop_k_veg': 2.4600087097745735, 'pop_amp': 2.8707595994570405, 'pop_peak': 0.24422796980037811, 'pop_sig': 1.0297706601796504, 'fuel_k': 0.13780890479761715, 'fuel_half': 14.443189235463615}. Best is trial 0 with value: -0.6094076133578652.
[I 2026-08-19 17:12:24,161] Trial 513 finished with value: 0.6445374145881376 and parameters: {'k1': 0.00015434014752281183, 'D_low': 3.7792602005440266, 'k2': 0.03928570755540498, 'D_high': 821035.6593430223, 'fire_exp': 6.961628741556504, 'P_half': 38.04420321709442, 'pre_dampen_half': 1.3450634477144705, 'gpp_af': 2.443826497231829, 'gpp_b': 1.0831209570888064e-05, 'gpp_d': 941.1646015891265, 'ign_k': 0.39180607346726826, 'ign_c': 228.90803584742469, 'trop_agb_crit': 6.0693651906098935, 'trop_k_veg': 3.1000807768576957, 'pop_amp': 0.6909483424102746, 'pop_peak': 3.806182812253183, 'pop_sig': 0.9992429938613889, 'fuel_k': 0.3347564357852418, 'fuel_half': 32.09282726058379}. Best is trial 0 with value: -0.6094076133578652.
[I 2026-08-19 17:12:25,789] Trial 514 finished with value: 0.5399142875703455 and parameters: {'k1': 0.00034655567597346597, 'D_low': 14.901836886065343, 'k2': 0.002467809921662479, 'D_high': 256695.16509427468, 'fire_exp': 4.541026856824709, 'P_half': 15.947864764778414, 'pre_dampen_half': 0.9650804212453872, 'gpp_af': 5.866445934740002, 'gpp_b': 0.00014932082855073078, 'gpp_d': 12.10676631778526, 'ign_k': 0.11001938551281057, 'ign_c': 16.150142392492267, 'trop_agb_crit': 10.353921904070958, 'trop_k_veg': 7.396061509404952, 'pop_amp': 2.817437032707111, 'pop_peak': 1.235854942282181, 'pop_sig': 0.7610240685728435, 'fuel_k': 0.5471008730913798, 'fuel_half': 18.194343627323267}. Best is trial 0 with value: -0.6094076133578652.
[I 2026-08-19 17:12:27,361] Trial 515 finished with value: 0.5081529457886559 and parameters: {'k1': 0.0048978146208144505, 'D_low': 14776.759894093835, 'k2': 0.04150983935331652, 'D_high': 30942.633071841814, 'fire_exp': 1.5536136905912241, 'P_half': 1.6322093018137267, 'pre_dampen_half': 718.7589216336345, 'gpp_af': 0.019259649891645778, 'gpp_b': 0.0002312294073558684, 'gpp_d': 210.71666653420564, 'ign_k': 2.3339149056533066, 'ign_c': 0.5004653491476575, 'trop_agb_crit': 10.385327525744234, 'trop_k_veg': 1.0854693863208922, 'pop_amp': 0.004533800629496382, 'pop_peak': 2.3193668691190017, 'pop_sig': 1.4275471422833579, 'fuel_k': 0.013533241233579177, 'fuel_half': 0.3828010023786948}. Best is trial 0 with value: -0.6094076133578652.
[I 2026-08-19 17:12:28,984] Trial 516 finished with value: 0.5368438714122942 and parameters: {'k1': 0.0007925862861845443, 'D_low': 75.95073021774829, 'k2': 0.05228630324816137, 'D_high': 61167.96909361828, 'fire_exp': 1.84119722531103, 'P_half': 3.7860581620854528, 'pre_dampen_half': 216.22517906571198, 'gpp_af': 0.024163583977576945, 'gpp_b': 0.03343383271248747, 'gpp_d': 22.194461032460246, 'ign_k': 8.14016406370746, 'ign_c': 3.3502613127109173, 'trop_agb_crit': 8.49761258231879, 'trop_k_veg': 0.8104694374609218, 'pop_amp': 0.006225596867063575, 'pop_peak': 0.09900035903661819, 'pop_sig': 0.9312685970758489, 'fuel_k': 0.03705686933234486, 'fuel_half': 6.0821701093483425}. Best is trial 0 with value: -0.6094076133578652.
[I 2026-08-19 17:12:30,583] Trial 517 finished with value: 0.5284937108864486 and parameters: {'k1': 3.43723306829397e-05, 'D_low': 3.4408932757094752, 'k2': 0.0023759397500326017, 'D_high': 4082072.8418763503, 'fire_exp': 1.8656413476756635, 'P_half': 1.6547950114206467, 'pre_dampen_half': 5.845461272317363, 'gpp_af': 3.2143698111042625, 'gpp_b': 0.00040774234759069977, 'gpp_d': 118.94074327319156, 'ign_k': 0.10681795624980944, 'ign_c': 5.530187768737043, 'trop_agb_crit': 15.566112325920843, 'trop_k_veg': 3.789803184273471, 'pop_amp': 9.032366509809865, 'pop_peak': 76.36924114073295, 'pop_sig': 0.2849775001208428, 'fuel_k': 2.435064731130841, 'fuel_half': 95.52409122594788}. Best is trial 0 with value: -0.6094076133578652.
[I 2026-08-19 17:12:32,227] Trial 518 finished with value: 0.5826273525518275 and parameters: {'k1': 0.015796876353888087, 'D_low': 8.280689443869694, 'k2': 0.00048405865778426623, 'D_high': 5134075.6216459945, 'fire_exp': 1.595216756038649, 'P_half': 4.970057879688718, 'pre_dampen_half': 173.68784907461622, 'gpp_af': 0.0017281892869275004, 'gpp_b': 3.587357186899974e-05, 'gpp_d': 59.28495594529783, 'ign_k': 6.216326554774968, 'ign_c': 0.762642891406679, 'trop_agb_crit': 1.6911927567760416, 'trop_k_veg': 1.0717277689511988, 'pop_amp': 3.3513085973298558, 'pop_peak': 0.12867425817368594, 'pop_sig': 0.798020005148439, 'fuel_k': 0.21837978005221337, 'fuel_half': 13.183352252101573}. Best is trial 0 with value: -0.6094076133578652.
[I 2026-08-19 17:12:33,841] Trial 519 finished with value: 0.41021820937200426 and parameters: {'k1': 0.00026500934777719747, 'D_low': 1.4238399519909026, 'k2': 0.006583794473342251, 'D_high': 5714852.214584588, 'fire_exp': 1.8377641726766947, 'P_half': 11.065417283982404, 'pre_dampen_half': 7.155332224579897, 'gpp_af': 1.5801358215222572, 'gpp_b': 0.02539521226431273, 'gpp_d': 9.865684409598417, 'ign_k': 0.28863704473900703, 'ign_c': 0.6309179752045524, 'trop_agb_crit': 25.041268283866263, 'trop_k_veg': 2.103869939011626, 'pop_amp': 0.0019295398525627815, 'pop_peak': 0.0760146800599129, 'pop_sig': 0.8691081866169426, 'fuel_k': 1.6072596389065492, 'fuel_half': 33.205883220147605}. Best is trial 0 with value: -0.6094076133578652.
[I 2026-08-19 17:12:35,425] Trial 520 finished with value: 0.41663649086629917 and parameters: {'k1': 2.5064117531607384e-05, 'D_low': 2111.0078598491805, 'k2': 0.0004956773491365907, 'D_high': 421729.67701655236, 'fire_exp': 2.004314772670858, 'P_half': 1.901938392851618, 'pre_dampen_half': 79.20909932384502, 'gpp_af': 0.009498906402865727, 'gpp_b': 2.22999523545877e-05, 'gpp_d': 420.9048559569269, 'ign_k': 0.09919543383620648, 'ign_c': 2.2881268179343346, 'trop_agb_crit': 17.70177713966935, 'trop_k_veg': 5.311246972977396, 'pop_amp': 0.4479828879114389, 'pop_peak': 0.9060230342828905, 'pop_sig': 0.36199306439683254, 'fuel_k': 0.0895052230212074, 'fuel_half': 9.10403928441805}. Best is trial 0 with value: -0.6094076133578652.
