[I 2026-07-24 02:20:05,666] Trial 611 finished with value: 0.565193182899999 and parameters: {'k1': 8.066379519139791e-05, 'D_low': 1053.001383589558, 'k2': 0.00033633056959138195, 'D_high': 6936808.513398227, 'fire_exp': 1.1451212041317407, 'P_half': 1.1556775458580442, 'pre_dampen_half': 2.409569626843353, 'gpp_af': 2.4573176132794288, 'gpp_b': 0.16886479005878216, 'gpp_d': 21.59435007965656, 'ign_k': 0.05929363190984586, 'ign_c': 56.44858907387986, 'trop_agb_crit': 3.6057020739586245, 'trop_k_veg': 2.954565954735964, 'fuel_k': 0.3345269384319107, 'fuel_half': 4.838599029067211}. Best is trial 0 with value: -0.6070628323553574.
[I 2026-07-24 02:20:06,098] Trial 612 finished with value: 0.5466727052890248 and parameters: {'k1': 0.0007795203259324733, 'D_low': 1005.8106865485421, 'k2': 0.00021617742278486255, 'D_high': 9225552.946322696, 'fire_exp': 1.1492365799873532, 'P_half': 2.974245398446438, 'pre_dampen_half': 0.07189990906318593, 'gpp_af': 2.0964095155099223, 'gpp_b': 0.022872045127019576, 'gpp_d': 7.6849338557739655, 'ign_k': 0.014436587924973208, 'ign_c': 1.3338874353967263, 'trop_agb_crit': 6.137475826022914, 'trop_k_veg': 0.5794593849086995, 'fuel_k': 0.10478210640686672, 'fuel_half': 0.2275451647215346}. Best is trial 0 with value: -0.6070628323553574.
[I 2026-07-24 02:20:06,508] Trial 613 finished with value: 0.5030722503601683 and parameters: {'k1': 0.0001446384087529521, 'D_low': 389.1775429574484, 'k2': 1.2161049485427315e-05, 'D_high': 1870361.8112386295, 'fire_exp': 2.3007097475551066, 'P_half': 2.125286256017525, 'pre_dampen_half': 3.7696220142613637, 'gpp_af': 0.01603678302533744, 'gpp_b': 0.0006858364079884068, 'gpp_d': 111.49786141068971, 'ign_k': 0.006176935790600242, 'ign_c': 30.30272557527697, 'trop_agb_crit': 3.048753753216782, 'trop_k_veg': 1.0181782860711512, 'fuel_k': 3.955058394038998, 'fuel_half': 0.185267625681459}. Best is trial 0 with value: -0.6070628323553574.
[I 2026-07-24 02:20:06,922] Trial 614 finished with value: 0.506366204889234 and parameters: {'k1': 0.00041935479687872315, 'D_low': 2241.6373372827456, 'k2': 0.02554079635113822, 'D_high': 406082.5722183407, 'fire_exp': 3.16282895061021, 'P_half': 1.487993578227461, 'pre_dampen_half': 1.4858103770243298, 'gpp_af': 0.6730410032815997, 'gpp_b': 0.009075829841690735, 'gpp_d': 3.0559005397318457, 'ign_k': 0.6332217851732719, 'ign_c': 1.279222525391204, 'trop_agb_crit': 2.9801914106669654, 'trop_k_veg': 0.5022573028913498, 'fuel_k': 0.660730648947304, 'fuel_half': 0.23199133253209803}. Best is trial 0 with value: -0.6070628323553574.
[I 2026-07-24 02:20:07,336] Trial 615 finished with value: 0.4634786603267338 and parameters: {'k1': 3.6777546132621586e-05, 'D_low': 2811.949198326687, 'k2': 0.00044244155518874043, 'D_high': 6215991.992782297, 'fire_exp': 1.0460437023877556, 'P_half': 3.013996428665507, 'pre_dampen_half': 2.2698247323939404, 'gpp_af': 1.0402728370148429, 'gpp_b': 0.0001970832196984094, 'gpp_d': 14.264589333388892, 'ign_k': 0.9182304843046392, 'ign_c': 0.7773026009602478, 'trop_agb_crit': 12.444143017034483, 'trop_k_veg': 1.0586447443629097, 'fuel_k': 3.1599227654083206, 'fuel_half': 0.38657429074743604}. Best is trial 0 with value: -0.6070628323553574.
[I 2026-07-24 02:20:07,753] Trial 616 finished with value: 0.4520722382720338 and parameters: {'k1': 0.020989053745162484, 'D_low': 47.94114237937109, 'k2': 0.024268198062955642, 'D_high': 1513055.2877040964, 'fire_exp': 3.3602670400647536, 'P_half': 5.61189149841988, 'pre_dampen_half': 49.84557046527967, 'gpp_af': 2.294529305130849, 'gpp_b': 0.0030374715269207955, 'gpp_d': 82.80673263259732, 'ign_k': 2.980467408224203, 'ign_c': 8.489455672024572, 'trop_agb_crit': 15.65395488220173, 'trop_k_veg': 0.9128284399650545, 'fuel_k': 0.1749944941022093, 'fuel_half': 1.7013935802085838}. Best is trial 0 with value: -0.6070628323553574.
[I 2026-07-24 02:20:08,162] Trial 617 finished with value: 0.5409369458920111 and parameters: {'k1': 0.0001409275184422575, 'D_low': 2.8397826142210123, 'k2': 0.0008517310785184061, 'D_high': 1710767.3214562475, 'fire_exp': 1.2120792614386133, 'P_half': 11.075101610780692, 'pre_dampen_half': 0.2889855401709407, 'gpp_af': 0.6143528741886704, 'gpp_b': 0.21937142801315826, 'gpp_d': 3.9575951547426937, 'ign_k': 0.10319507920066211, 'ign_c': 1.6750189528915618, 'trop_agb_crit': 2.5611092442702987, 'trop_k_veg': 1.7915363547699672, 'fuel_k': 1.0032309945827897, 'fuel_half': 9.276132897936316}. Best is trial 0 with value: -0.6070628323553574.
[I 2026-07-24 02:20:08,581] Trial 618 finished with value: 0.45242161050093654 and parameters: {'k1': 0.0007393666731348625, 'D_low': 1032.8693287880735, 'k2': 0.0022447892164226867, 'D_high': 772713.8439141503, 'fire_exp': 1.2434945656027925, 'P_half': 1.793128127674833, 'pre_dampen_half': 0.16016573015899596, 'gpp_af': 0.1892573266539013, 'gpp_b': 0.002835244002367185, 'gpp_d': 313.86823368471767, 'ign_k': 0.40603650239695516, 'ign_c': 11.715999580452275, 'trop_agb_crit': 4.928026275053597, 'trop_k_veg': 1.7763540498996142, 'fuel_k': 1.7663564783572792, 'fuel_half': 4.009958173187142}. Best is trial 0 with value: -0.6070628323553574.
[I 2026-07-24 02:20:09,004] Trial 619 finished with value: 0.4649281597185734 and parameters: {'k1': 0.0012333612647067258, 'D_low': 625.0747192826504, 'k2': 0.0011110519628888189, 'D_high': 6506550.955133748, 'fire_exp': 1.8772070873570694, 'P_half': 3.448823636460204, 'pre_dampen_half': 4.124872949504713, 'gpp_af': 4.193423282780504, 'gpp_b': 0.0007299745579790947, 'gpp_d': 4.448899786423755, 'ign_k': 4.313764929270006, 'ign_c': 0.3720747675714598, 'trop_agb_crit': 12.931276154315638, 'trop_k_veg': 2.1822094387903626, 'fuel_k': 0.1995810196054761, 'fuel_half': 0.3065948796781081}. Best is trial 0 with value: -0.6070628323553574.
[I 2026-07-24 02:20:09,416] Trial 620 finished with value: -0.521235771345822 and parameters: {'k1': 5.2007349418270406e-05, 'D_low': 586.9294311498821, 'k2': 0.00015215308819238786, 'D_high': 359108.31265569705, 'fire_exp': 1.0846707731152763, 'P_half': 6.338524940841006, 'pre_dampen_half': 9.133778865942302, 'gpp_af': 0.9150861423035578, 'gpp_b': 0.0034571250696131756, 'gpp_d': 93.94439142094812, 'ign_k': 0.05559182430371158, 'ign_c': 38.07138077158472, 'trop_agb_crit': 3.618927268010325, 'trop_k_veg': 1.5091090580488589, 'fuel_k': 1.1945814081888901, 'fuel_half': 1.1940798779701123}. Best is trial 0 with value: -0.6070628323553574.
[I 2026-07-24 02:20:09,832] Trial 621 finished with value: 0.4768848650965639 and parameters: {'k1': 0.00019159921806607622, 'D_low': 1.1125741602739667, 'k2': 6.865535098822581e-05, 'D_high': 124269.94755728958, 'fire_exp': 1.1403029018313349, 'P_half': 30.017581198341603, 'pre_dampen_half': 7.702455622359346, 'gpp_af': 61.9241430258401, 'gpp_b': 0.1530911337437167, 'gpp_d': 80.26766956445621, 'ign_k': 0.002336864938433253, 'ign_c': 0.23442483095794997, 'trop_agb_crit': 1.915096126142611, 'trop_k_veg': 6.900500848451416, 'fuel_k': 5.440216203573964, 'fuel_half': 0.44287151515698125}. Best is trial 0 with value: -0.6070628323553574.
[I 2026-07-24 02:20:10,241] Trial 622 finished with value: 0.5347357575573108 and parameters: {'k1': 1.7926464351923623e-05, 'D_low': 24.90647943500479, 'k2': 0.0004598675338719451, 'D_high': 331382.0797145765, 'fire_exp': 1.0773511616002156, 'P_half': 10.406169918776179, 'pre_dampen_half': 0.14533779647758843, 'gpp_af': 5.383375220280764, 'gpp_b': 0.03490214464824413, 'gpp_d': 44.53253526923754, 'ign_k': 0.045811528976234285, 'ign_c': 17.356677035040583, 'trop_agb_crit': 6.442004708457532, 'trop_k_veg': 4.010214827617628, 'fuel_k': 1.293496708894774, 'fuel_half': 1.944037358294358}. Best is trial 0 with value: -0.6070628323553574.
[I 2026-07-24 02:20:10,653] Trial 623 finished with value: -0.5095362304653086 and parameters: {'k1': 0.005193287850297489, 'D_low': 33.34179779959598, 'k2': 0.0017200850080478576, 'D_high': 9936.957183321672, 'fire_exp': 2.4207053887369283, 'P_half': 1.2269868935407584, 'pre_dampen_half': 3.35551545676286, 'gpp_af': 1.11630770938818, 'gpp_b': 0.005620106575144633, 'gpp_d': 900.796487790653, 'ign_k': 2.285086253563017, 'ign_c': 2.9265726456824064, 'trop_agb_crit': 19.597615300866984, 'trop_k_veg': 2.277003532930112, 'fuel_k': 0.7651369559798429, 'fuel_half': 0.1313466351454677}. Best is trial 0 with value: -0.6070628323553574.
[I 2026-07-24 02:20:11,063] Trial 624 finished with value: 0.5568893115210136 and parameters: {'k1': 0.0013173187559957764, 'D_low': 605.0695183704067, 'k2': 0.03459774572215459, 'D_high': 6878.238527515189, 'fire_exp': 2.3516422957595853, 'P_half': 10.291847065364053, 'pre_dampen_half': 8.875383337553862, 'gpp_af': 35.69321059101798, 'gpp_b': 3.1375525330596217, 'gpp_d': 220.2676777372416, 'ign_k': 0.13271028087645592, 'ign_c': 6.719862186290626, 'trop_agb_crit': 5.263627351761977, 'trop_k_veg': 1.561536223002196, 'fuel_k': 1.8183802947066308, 'fuel_half': 0.23995857943060392}. Best is trial 0 with value: -0.6070628323553574.
[I 2026-07-24 02:20:11,484] Trial 625 finished with value: 0.5011539632561911 and parameters: {'k1': 0.00029957847467541437, 'D_low': 8.789999325260327, 'k2': 0.0005119736793830481, 'D_high': 117267.09338366716, 'fire_exp': 3.4870623953416287, 'P_half': 1.6320065056818676, 'pre_dampen_half': 0.1756795654036842, 'gpp_af': 12.250746243542128, 'gpp_b': 0.0070107853842447335, 'gpp_d': 34.76857635976322, 'ign_k': 0.3609405663328675, 'ign_c': 1.700600774887253, 'trop_agb_crit': 3.0118106551926247, 'trop_k_veg': 3.187994999814732, 'fuel_k': 3.5419229552765064, 'fuel_half': 0.4178496604174182}. Best is trial 0 with value: -0.6070628323553574.
[I 2026-07-24 02:20:11,895] Trial 626 finished with value: 0.5081035773352001 and parameters: {'k1': 0.007206329484258474, 'D_low': 83.11249556382472, 'k2': 1.2008641449611776e-05, 'D_high': 4281438.576792895, 'fire_exp': 1.0337904774096984, 'P_half': 13.252767903708971, 'pre_dampen_half': 6.248502705654277, 'gpp_af': 1.7841512736516005, 'gpp_b': 0.00024582781163338794, 'gpp_d': 0.6895880392475796, 'ign_k': 0.0038703111492297076, 'ign_c': 13.013213380571463, 'trop_agb_crit': 4.484742621776217, 'trop_k_veg': 4.438757926368924, 'fuel_k': 4.543696260361416, 'fuel_half': 0.17349548945699927}. Best is trial 0 with value: -0.6070628323553574.
[I 2026-07-24 02:20:12,307] Trial 627 finished with value: 0.5524991214615944 and parameters: {'k1': 0.004002403294986525, 'D_low': 6.287103619888512, 'k2': 2.2052160235900545e-05, 'D_high': 17735.2045254109, 'fire_exp': 1.5207595654605874, 'P_half': 26.34315484838575, 'pre_dampen_half': 0.015054132865949827, 'gpp_af': 0.004456937649649017, 'gpp_b': 5.316806741441265e-05, 'gpp_d': 343.8498889689891, 'ign_k': 0.08834493005819488, 'ign_c': 0.41060495316571316, 'trop_agb_crit': 4.337803783646542, 'trop_k_veg': 3.2696293609080826, 'fuel_k': 4.0019509423685315, 'fuel_half': 0.130360846915173}. Best is trial 0 with value: -0.6070628323553574.
[I 2026-07-24 02:20:12,719] Trial 628 finished with value: 0.491690467322335 and parameters: {'k1': 2.845028548825863e-05, 'D_low': 195.8450523864146, 'k2': 0.026527055424019844, 'D_high': 238478.1934654433, 'fire_exp': 2.4282588372576965, 'P_half': 1.011309062924219, 'pre_dampen_half': 1.7627000904622854, 'gpp_af': 1.0963516181244375, 'gpp_b': 0.00739886241150245, 'gpp_d': 92.9580992604648, 'ign_k': 0.1804222613021343, 'ign_c': 4.7637003316431255, 'trop_agb_crit': 8.640719630935124, 'trop_k_veg': 2.3474288826832272, 'fuel_k': 0.8697897934278846, 'fuel_half': 0.5547449715558945}. Best is trial 0 with value: -0.6070628323553574.
[I 2026-07-24 02:20:13,129] Trial 629 finished with value: 0.5825975642473071 and parameters: {'k1': 0.0024370532313832726, 'D_low': 38.58869262754493, 'k2': 0.002549078030615201, 'D_high': 2411553.2079628813, 'fire_exp': 4.720506563438012, 'P_half': 213.32594588497506, 'pre_dampen_half': 2.353320992494636, 'gpp_af': 5.751383906377782, 'gpp_b': 0.004161074789141028, 'gpp_d': 213.84477929295855, 'ign_k': 0.011948178623457147, 'ign_c': 4.976881024802116, 'trop_agb_crit': 3.509447002557206, 'trop_k_veg': 0.720861496923474, 'fuel_k': 0.6442926017700857, 'fuel_half': 0.5802290278512536}. Best is trial 0 with value: -0.6070628323553574.
[I 2026-07-24 02:20:13,542] Trial 630 finished with value: 0.6445374145881376 and parameters: {'k1': 0.0005716701333090404, 'D_low': 126.56670430766432, 'k2': 0.01670020178954662, 'D_high': 13124.767623924874, 'fire_exp': 3.584573039778525, 'P_half': 4.579360853653087, 'pre_dampen_half': 27.443647119163078, 'gpp_af': 0.12320816439428284, 'gpp_b': 0.004826092697866835, 'gpp_d': 9.948136207272741, 'ign_k': 1.3282612801285245, 'ign_c': 64.18330999270039, 'trop_agb_crit': 7.223784871937306, 'trop_k_veg': 0.7988650537378384, 'fuel_k': 4.473231185672715, 'fuel_half': 1.2300863632725016}. Best is trial 0 with value: -0.6070628323553574.
[I 2026-07-24 02:20:13,954] Trial 631 finished with value: 0.6445374145881376 and parameters: {'k1': 0.03941344269438804, 'D_low': 6.736901383939305, 'k2': 2.2428174755117633e-05, 'D_high': 9966129.91900176, 'fire_exp': 2.0633854735684083, 'P_half': 9.652319962073488, 'pre_dampen_half': 9.443912561805464, 'gpp_af': 0.31978372769883073, 'gpp_b': 0.03081670304101771, 'gpp_d': 4.4889191805592565, 'ign_k': 1.246283166488525, 'ign_c': 72.34500839103892, 'trop_agb_crit': 3.1158932555617183, 'trop_k_veg': 1.544623291369043, 'fuel_k': 0.4944208152048421, 'fuel_half': 0.13056384749035574}. Best is trial 0 with value: -0.6070628323553574.
[I 2026-07-24 02:20:14,368] Trial 632 finished with value: 0.4469321788758407 and parameters: {'k1': 0.007891559294085627, 'D_low': 189.18541239143474, 'k2': 0.0001636528393606546, 'D_high': 1108305.989758809, 'fire_exp': 1.8190461682494479, 'P_half': 110.14550161609962, 'pre_dampen_half': 0.5267775293430884, 'gpp_af': 0.006787847215207067, 'gpp_b': 5.4743614290531224e-05, 'gpp_d': 640.7690119496526, 'ign_k': 0.030827736634406307, 'ign_c': 2.095591004286994, 'trop_agb_crit': 1.0989700878909596, 'trop_k_veg': 3.7997541797096135, 'fuel_k': 3.220619647657388, 'fuel_half': 0.27804599366224136}. Best is trial 0 with value: -0.6070628323553574.
[I 2026-07-24 02:20:14,788] Trial 633 finished with value: 0.5810395890059924 and parameters: {'k1': 0.00029541002521359436, 'D_low': 25.3843916519596, 'k2': 0.00032766460813973966, 'D_high': 4873451.030125663, 'fire_exp': 1.7604016627163563, 'P_half': 3.386584416266593, 'pre_dampen_half': 0.2845613198566794, 'gpp_af': 2.584339284130497, 'gpp_b': 5.368880295657763, 'gpp_d': 7.225279952896553, 'ign_k': 5.693703285973054, 'ign_c': 1.4101258017488036, 'trop_agb_crit': 7.893421252012166, 'trop_k_veg': 0.8441099160996546, 'fuel_k': 1.93529483939046, 'fuel_half': 0.32310851304967086}. Best is trial 0 with value: -0.6070628323553574.
[I 2026-07-24 02:20:15,200] Trial 634 finished with value: -0.5715073230161792 and parameters: {'k1': 0.0038655556226256335, 'D_low': 73.91961217243146, 'k2': 0.016976327354433607, 'D_high': 1269358.355403257, 'fire_exp': 4.753095804431573, 'P_half': 53.47645045163513, 'pre_dampen_half': 10.684726277459001, 'gpp_af': 0.28406756062010474, 'gpp_b': 0.00035654492509548734, 'gpp_d': 6.214462463950173, 'ign_k': 4.377246077916137, 'ign_c': 1.471225459166869, 'trop_agb_crit': 23.137180291089358, 'trop_k_veg': 0.6458579571127695, 'fuel_k': 1.0939470211300457, 'fuel_half': 2.8538068490358217}. Best is trial 0 with value: -0.6070628323553574.
[I 2026-07-24 02:20:15,611] Trial 635 finished with value: 0.5863413539736279 and parameters: {'k1': 0.0008516204336010023, 'D_low': 76.14286476926549, 'k2': 0.0006567826236130805, 'D_high': 171471.57061311117, 'fire_exp': 1.692662429965093, 'P_half': 10.161874566575964, 'pre_dampen_half': 0.23328177276591125, 'gpp_af': 8.311684255242987, 'gpp_b': 0.039573375323619, 'gpp_d': 6.501015669001387, 'ign_k': 0.08428138084520422, 'ign_c': 81.07873353553836, 'trop_agb_crit': 2.9748702710686947, 'trop_k_veg': 2.2023407764800442, 'fuel_k': 4.172775635435071, 'fuel_half': 1.2242509221558742}. Best is trial 0 with value: -0.6070628323553574.
[I 2026-07-24 02:20:16,022] Trial 636 finished with value: 0.5853489896789895 and parameters: {'k1': 0.03224777889202363, 'D_low': 4945.90971718269, 'k2': 1.2088377468442066e-05, 'D_high': 1952344.5963256147, 'fire_exp': 1.7613341937449456, 'P_half': 1.3744228705821586, 'pre_dampen_half': 0.21304236654503, 'gpp_af': 0.6048709873063156, 'gpp_b': 0.001299826388647562, 'gpp_d': 5.0207780865029585, 'ign_k': 0.004554358146644417, 'ign_c': 424.11689261681596, 'trop_agb_crit': 4.405257884198466, 'trop_k_veg': 1.3949860665205487, 'fuel_k': 3.729779040907813, 'fuel_half': 1.6709396238854157}. Best is trial 0 with value: -0.6070628323553574.
[I 2026-07-24 02:20:16,440] Trial 637 finished with value: 0.47887687226900577 and parameters: {'k1': 0.040190511686818794, 'D_low': 170.04824755507684, 'k2': 0.011088817452882446, 'D_high': 2334926.0479858518, 'fire_exp': 2.281682060513489, 'P_half': 33.0720415688404, 'pre_dampen_half': 1.9368262809110801, 'gpp_af': 0.0013064612370229198, 'gpp_b': 0.0003872497849223513, 'gpp_d': 1.6138156565268376, 'ign_k': 3.241712089522531, 'ign_c': 10.818384677567387, 'trop_agb_crit': 20.403490336054276, 'trop_k_veg': 0.5772353816110796, 'fuel_k': 1.2440150413586188, 'fuel_half': 2.0911371783874095}. Best is trial 0 with value: -0.6070628323553574.
[I 2026-07-24 02:20:16,852] Trial 638 finished with value: 0.4717090400101498 and parameters: {'k1': 0.00027477527256623195, 'D_low': 6887.038286913201, 'k2': 0.04012210555955749, 'D_high': 575183.1682310314, 'fire_exp': 4.747716188284819, 'P_half': 19.505561285319413, 'pre_dampen_half': 283.1931034124793, 'gpp_af': 0.024270078544998592, 'gpp_b': 1.1130012866833824e-05, 'gpp_d': 18.69701189016564, 'ign_k': 4.36525766967311, 'ign_c': 0.8145109900137752, 'trop_agb_crit': 21.02623323550747, 'trop_k_veg': 0.8818911699228301, 'fuel_k': 2.318656520952767, 'fuel_half': 2.3672292156034396}. Best is trial 0 with value: -0.6070628323553574.
[I 2026-07-24 02:20:17,269] Trial 639 finished with value: 0.3989403262479254 and parameters: {'k1': 0.002411382029220622, 'D_low': 230.5290072934054, 'k2': 0.007754265201391116, 'D_high': 913599.3676680459, 'fire_exp': 3.9532475104386524, 'P_half': 139.03556664603283, 'pre_dampen_half': 36.09339876867625, 'gpp_af': 0.5507023130870324, 'gpp_b': 3.183851769764004e-05, 'gpp_d': 170.7971197066056, 'ign_k': 1.220100723846286, 'ign_c': 1.1501641062385355, 'trop_agb_crit': 16.831035419243687, 'trop_k_veg': 0.811810588809432, 'fuel_k': 1.532267382395767, 'fuel_half': 0.6586678594337741}. Best is trial 0 with value: -0.6070628323553574.
[I 2026-07-24 02:20:17,680] Trial 640 finished with value: -0.5708534093396076 and parameters: {'k1': 0.00021675789570874585, 'D_low': 273.8688608638112, 'k2': 0.0011661908068483018, 'D_high': 129298.1727798743, 'fire_exp': 5.430708840803015, 'P_half': 60.14674445479615, 'pre_dampen_half': 116.19363434403058, 'gpp_af': 3.107621274062119, 'gpp_b': 0.0006096021407681892, 'gpp_d': 282.36081588372167, 'ign_k': 3.3875542060435104, 'ign_c': 0.48276281902070683, 'trop_agb_crit': 13.137611745777338, 'trop_k_veg': 2.12693939679073, 'fuel_k': 0.07342318161480176, 'fuel_half': 0.2685725499321711}. Best is trial 0 with value: -0.6070628323553574.
[I 2026-07-24 02:20:18,135] Trial 641 finished with value: 0.5139335229454842 and parameters: {'k1': 0.003767516152443463, 'D_low': 53.65524596308912, 'k2': 0.0017297655276678875, 'D_high': 2539716.804689622, 'fire_exp': 3.3589359499598364, 'P_half': 97.2409617187938, 'pre_dampen_half': 0.19605493957975081, 'gpp_af': 1.1455128960649401, 'gpp_b': 0.0067052970705488765, 'gpp_d': 76.95039126865478, 'ign_k': 7.17105988792377, 'ign_c': 0.618036851700905, 'trop_agb_crit': 20.812595432036264, 'trop_k_veg': 1.100403151292425, 'fuel_k': 1.9172202820024973, 'fuel_half': 1.9869620026536192}. Best is trial 0 with value: -0.6070628323553574.
[I 2026-07-24 02:20:18,554] Trial 642 finished with value: 0.5575960243096216 and parameters: {'k1': 0.00969241921218065, 'D_low': 5.848480807814546, 'k2': 0.0948262099844643, 'D_high': 1277487.5565146187, 'fire_exp': 3.743506114341617, 'P_half': 443.63317681524364, 'pre_dampen_half': 2.322551788858127, 'gpp_af': 0.2136676388535276, 'gpp_b': 0.00012293783105620177, 'gpp_d': 0.789010817768459, 'ign_k': 0.5236063539963222, 'ign_c': 2.0022471452307835, 'trop_agb_crit': 28.73623376671022, 'trop_k_veg': 0.6275979378338414, 'fuel_k': 1.829402363617201, 'fuel_half': 8.401123344445981}. Best is trial 0 with value: -0.6070628323553574.
[I 2026-07-24 02:20:18,966] Trial 643 finished with value: 0.5993186512529987 and parameters: {'k1': 4.742294745153745e-05, 'D_low': 983.1511384050293, 'k2': 0.004540536663363148, 'D_high': 23835.20766586922, 'fire_exp': 7.692616554938832, 'P_half': 25.23950921001922, 'pre_dampen_half': 210.2856783376469, 'gpp_af': 12.050037932746633, 'gpp_b': 0.00041172649598068866, 'gpp_d': 17.77503526086786, 'ign_k': 0.5673517904423755, 'ign_c': 0.845863235608239, 'trop_agb_crit': 9.332334335045593, 'trop_k_veg': 5.375586629982792, 'fuel_k': 0.10921447723162922, 'fuel_half': 0.21432374673359353}. Best is trial 0 with value: -0.6070628323553574.
[I 2026-07-24 02:20:19,378] Trial 644 finished with value: 0.5954653672318775 and parameters: {'k1': 0.0012899017679761273, 'D_low': 351.88591935386535, 'k2': 0.0012118520537104018, 'D_high': 8123.033256431407, 'fire_exp': 4.938699549174961, 'P_half': 242.20330213568232, 'pre_dampen_half': 302.57759841656906, 'gpp_af': 5.565320931073517, 'gpp_b': 0.03225847186885016, 'gpp_d': 918.5370263106344, 'ign_k': 0.057140672331165154, 'ign_c': 0.7958120431176308, 'trop_agb_crit': 14.397016887473667, 'trop_k_veg': 1.618967501343579, 'fuel_k': 0.01711296204536974, 'fuel_half': 0.2959792325635843}. Best is trial 0 with value: -0.6070628323553574.
