[I 2026-06-10 21:31:09,140] Trial 560 finished with values: [10.75947093294026, 10.75947093294026] and parameters: {'k1': 0.0006579066240690734, 'D_low': 323.7668055684038, 'k2': 0.002173988526401145, 'D_high': 53.03925290996658, 'fire_exp': 1.2781983515972553, 'P_half': 13.30003421978439, 'pre_dampen_half': 565.0116730717873, 'gpp_af': 10.067774870299937, 'gpp_b': 0.014662453726154785, 'gpp_d': 922.1975850381748, 'ign_k': 0.5302386925407311, 'ign_c': 30.785541778315018, 'trop_agb_crit': 9.286923253577127, 'trop_k_veg': 4.129715873342728, 'fuel_k': 0.4182971994460706, 'fuel_half': 1.3323297901105768}.
[I 2026-06-10 21:31:10,867] Trial 561 finished with values: [10.598005057099199, 10.598005057099199] and parameters: {'k1': 0.014414315663330233, 'D_low': 5.351452349843333, 'k2': 0.029722485376535667, 'D_high': 53.18061933708109, 'fire_exp': 1.1103154430776774, 'P_half': 13.30003421978439, 'pre_dampen_half': 565.0116730717873, 'gpp_af': 5.056419398267455, 'gpp_b': 0.00011536203425923768, 'gpp_d': 32.54021513867688, 'ign_k': 3.965503094323014, 'ign_c': 0.5655677524618509, 'trop_agb_crit': 5.12586335774155, 'trop_k_veg': 4.129715873342728, 'fuel_k': 0.28772878445827965, 'fuel_half': 71.14476009343416}.
[I 2026-06-10 21:31:12,624] Trial 562 finished with values: [10.31597804000164, 10.31597804000164] and parameters: {'k1': 0.006857803657667796, 'D_low': 40.12413353131991, 'k2': 0.015109086063191909, 'D_high': 3512.7047262708465, 'fire_exp': 1.2790187852027382, 'P_half': 185.8869400981587, 'pre_dampen_half': 243.70551632385417, 'gpp_af': 0.3002317246575309, 'gpp_b': 0.15208782389892764, 'gpp_d': 32.54021513867688, 'ign_k': 0.038563028138793747, 'ign_c': 1.0623096700264116, 'trop_agb_crit': 12.647327018493208, 'trop_k_veg': 6.45312300188076, 'fuel_k': 0.9221804185592763, 'fuel_half': 1.9170041589170652}.
[I 2026-06-10 21:31:14,419] Trial 563 finished with values: [10.175107136179225, 10.175107136179225] and parameters: {'k1': 0.012840669372724958, 'D_low': 40.12413353131991, 'k2': 7.841214856323651e-05, 'D_high': 3512.7047262708465, 'fire_exp': 1.2781983515972553, 'P_half': 93.43302657318476, 'pre_dampen_half': 243.70551632385417, 'gpp_af': 5.056419398267455, 'gpp_b': 1.284284091405877e-05, 'gpp_d': 32.54021513867688, 'ign_k': 0.038563028138793747, 'ign_c': 1.4940577239079738, 'trop_agb_crit': 10.691477813613638, 'trop_k_veg': 4.129715873342728, 'fuel_k': 0.9221804185592763, 'fuel_half': 1.3323297901105768}.
[I 2026-06-10 21:31:16,188] Trial 564 finished with values: [10.769230769178105, 10.769230769178105] and parameters: {'k1': 0.0010495653625093638, 'D_low': 323.7668055684038, 'k2': 0.002173988526401145, 'D_high': 40237.59749324181, 'fire_exp': 1.2781983515972553, 'P_half': 93.43302657318476, 'pre_dampen_half': 652.5809265294615, 'gpp_af': 0.3002317246575309, 'gpp_b': 0.005419266601560437, 'gpp_d': 2.6165451527521157, 'ign_k': 1.1044350847124695, 'ign_c': 167.48279468858195, 'trop_agb_crit': 9.286923253577127, 'trop_k_veg': 4.7254560805090735, 'fuel_k': 0.4182971994460706, 'fuel_half': 11.781063202742125}.
[I 2026-06-10 21:31:17,795] Trial 565 finished with values: [-0.6562266398426893, 0.3081109351121458] and parameters: {'k1': 0.002155595057104387, 'D_low': 36.07301614542843, 'k2': 0.002173988526401145, 'D_high': 61536.58035691648, 'fire_exp': 1.423480109671474, 'P_half': 13.30003421978439, 'pre_dampen_half': 565.0116730717873, 'gpp_af': 0.053663001820106804, 'gpp_b': 0.020015168607057772, 'gpp_d': 229.41380323183625, 'ign_k': 3.965503094323014, 'ign_c': 0.5655677524618509, 'trop_agb_crit': 5.526463318565575, 'trop_k_veg': 6.45312300188076, 'fuel_k': 4.710433409437072, 'fuel_half': 11.781063202742125}.
[I 2026-06-10 21:31:19,804] Trial 566 finished with values: [10.01902969022881, 10.01902969022881] and parameters: {'k1': 0.012840669372724958, 'D_low': 7.857247967427123, 'k2': 0.002884223471687844, 'D_high': 42210.21267871043, 'fire_exp': 1.1051278736125205, 'P_half': 465.0043655881079, 'pre_dampen_half': 13.472769577631583, 'gpp_af': 0.3002317246575309, 'gpp_b': 2.176805640408474e-05, 'gpp_d': 32.54021513867688, 'ign_k': 0.34088312486613137, 'ign_c': 0.5655677524618509, 'trop_agb_crit': 10.215415653610627, 'trop_k_veg': 4.7254560805090735, 'fuel_k': 4.710433409437072, 'fuel_half': 1.3323297901105768}.
[I 2026-06-10 21:31:21,523] Trial 567 finished with values: [10.629208746728192, 10.629208746728192] and parameters: {'k1': 0.012840669372724958, 'D_low': 36.07301614542843, 'k2': 7.841214856323651e-05, 'D_high': 91246.32886689917, 'fire_exp': 1.1103154430776774, 'P_half': 221.2683656611821, 'pre_dampen_half': 243.70551632385417, 'gpp_af': 5.056419398267455, 'gpp_b': 0.00012118589392553798, 'gpp_d': 571.5006267791655, 'ign_k': 5.351470428717437, 'ign_c': 1.4940577239079738, 'trop_agb_crit': 19.15805325046976, 'trop_k_veg': 2.6508357486965424, 'fuel_k': 2.563645943471902, 'fuel_half': 28.679169997417873}.
[I 2026-06-10 21:31:23,276] Trial 568 finished with values: [-0.4761738048135417, 0.848268831492784] and parameters: {'k1': 0.012840669372724958, 'D_low': 36.07301614542843, 'k2': 7.841214856323651e-05, 'D_high': 91246.32886689917, 'fire_exp': 1.1103154430776774, 'P_half': 52.911502562008664, 'pre_dampen_half': 13.472769577631583, 'gpp_af': 0.3002317246575309, 'gpp_b': 1.284284091405877e-05, 'gpp_d': 32.54021513867688, 'ign_k': 0.012868405331151606, 'ign_c': 22.126836566118193, 'trop_agb_crit': 20.23392615019611, 'trop_k_veg': 6.45312300188076, 'fuel_k': 2.563645943471902, 'fuel_half': 0.17108183937377372}.
[I 2026-06-10 21:31:24,935] Trial 569 finished with values: [-0.5855121052535182, 0.5213215502328832] and parameters: {'k1': 0.012840669372724958, 'D_low': 5.351452349843333, 'k2': 0.015109086063191909, 'D_high': 3512.7047262708465, 'fire_exp': 1.2781983515972553, 'P_half': 13.30003421978439, 'pre_dampen_half': 13.472769577631583, 'gpp_af': 0.3002317246575309, 'gpp_b': 1.284284091405877e-05, 'gpp_d': 12.6084874067596, 'ign_k': 3.965503094323014, 'ign_c': 0.5655677524618509, 'trop_agb_crit': 10.215415653610627, 'trop_k_veg': 6.45312300188076, 'fuel_k': 4.710433409437072, 'fuel_half': 11.781063202742125}.
[I 2026-06-10 21:31:26,516] Trial 570 finished with values: [10.093992320082268, 10.093992320082268] and parameters: {'k1': 0.002155595057104387, 'D_low': 37.35862630812753, 'k2': 0.002173988526401145, 'D_high': 2289.1315306837046, 'fire_exp': 1.1103154430776774, 'P_half': 93.43302657318476, 'pre_dampen_half': 32.53305539860191, 'gpp_af': 0.3002317246575309, 'gpp_b': 0.00012118589392553798, 'gpp_d': 14.423399576193098, 'ign_k': 5.351470428717437, 'ign_c': 1.0944963667961967, 'trop_agb_crit': 10.691477813613638, 'trop_k_veg': 4.129715873342728, 'fuel_k': 4.710433409437072, 'fuel_half': 1.3323297901105768}.
[I 2026-06-10 21:31:28,106] Trial 571 finished with values: [10.1693863721408, 10.1693863721408] and parameters: {'k1': 8.17182556771865e-05, 'D_low': 2.4474057445796826, 'k2': 0.0004976087827261435, 'D_high': 40237.59749324181, 'fire_exp': 1.3806513288500464, 'P_half': 118.39097834757698, 'pre_dampen_half': 857.6556763881457, 'gpp_af': 5.056419398267455, 'gpp_b': 0.00018718413612076873, 'gpp_d': 32.54021513867688, 'ign_k': 0.02741350741975827, 'ign_c': 1.4940577239079738, 'trop_agb_crit': 2.679156169946616, 'trop_k_veg': 1.331829048405031, 'fuel_k': 0.28328975157735103, 'fuel_half': 0.12882919135887003}.
[I 2026-06-10 21:31:29,847] Trial 572 finished with values: [-0.4207380556247271, 0.938973494848229] and parameters: {'k1': 0.012840669372724958, 'D_low': 5.351452349843333, 'k2': 0.002884223471687844, 'D_high': 40237.59749324181, 'fire_exp': 1.5191397119156032, 'P_half': 13.30003421978439, 'pre_dampen_half': 13.472769577631583, 'gpp_af': 1.1347624185662224, 'gpp_b': 0.00012118589392553798, 'gpp_d': 32.54021513867688, 'ign_k': 3.965503094323014, 'ign_c': 0.5655677524618509, 'trop_agb_crit': 10.215415653610627, 'trop_k_veg': 4.129715873342728, 'fuel_k': 0.1386434182434087, 'fuel_half': 71.14476009343416}.
[I 2026-06-10 21:31:31,728] Trial 573 finished with values: [10.295178880527066, 10.295178880527066] and parameters: {'k1': 0.028401063201780267, 'D_low': 2287.943057317364, 'k2': 0.0002172578929502367, 'D_high': 42210.21267871043, 'fire_exp': 1.423480109671474, 'P_half': 13.30003421978439, 'pre_dampen_half': 13.472769577631583, 'gpp_af': 5.056419398267455, 'gpp_b': 0.00012118589392553798, 'gpp_d': 229.41380323183625, 'ign_k': 5.351470428717437, 'ign_c': 1.4940577239079738, 'trop_agb_crit': 3.1419938725278875, 'trop_k_veg': 6.45312300188076, 'fuel_k': 2.563645943471902, 'fuel_half': 1.3323297901105768}.
[I 2026-06-10 21:31:33,480] Trial 574 finished with values: [10.687876868957181, 10.687876868957181] and parameters: {'k1': 0.02228708726011016, 'D_low': 3981.91966205171, 'k2': 0.002884223471687844, 'D_high': 40237.59749324181, 'fire_exp': 2.256427475547138, 'P_half': 118.39097834757698, 'pre_dampen_half': 243.70551632385417, 'gpp_af': 5.056419398267455, 'gpp_b': 2.176805640408474e-05, 'gpp_d': 32.54021513867688, 'ign_k': 0.02741350741975827, 'ign_c': 22.126836566118193, 'trop_agb_crit': 12.647327018493208, 'trop_k_veg': 4.7254560805090735, 'fuel_k': 0.5182294818798785, 'fuel_half': 0.12882919135887003}.
[I 2026-06-10 21:31:35,149] Trial 575 finished with values: [10.740545625584792, 10.740545625584792] and parameters: {'k1': 0.002155595057104387, 'D_low': 525.4883437268169, 'k2': 0.015109086063191909, 'D_high': 42210.21267871043, 'fire_exp': 1.7253235844223638, 'P_half': 221.2683656611821, 'pre_dampen_half': 857.6556763881457, 'gpp_af': 0.3002317246575309, 'gpp_b': 0.48211771712084567, 'gpp_d': 229.41380323183625, 'ign_k': 0.02741350741975827, 'ign_c': 1.4940577239079738, 'trop_agb_crit': 10.215415653610627, 'trop_k_veg': 1.0711972352464538, 'fuel_k': 0.9221804185592763, 'fuel_half': 29.365875657112234}.
[I 2026-06-10 21:31:36,743] Trial 576 finished with values: [10.11519841686867, 10.11519841686867] and parameters: {'k1': 0.0006533684593224971, 'D_low': 2.4474057445796826, 'k2': 0.002173988526401145, 'D_high': 495.3965919919733, 'fire_exp': 1.1103154430776774, 'P_half': 93.43302657318476, 'pre_dampen_half': 565.0116730717873, 'gpp_af': 0.3002317246575309, 'gpp_b': 0.00011536203425923768, 'gpp_d': 12.6084874067596, 'ign_k': 0.46795015683328195, 'ign_c': 0.2410689383785279, 'trop_agb_crit': 1.7684545676288064, 'trop_k_veg': 6.45312300188076, 'fuel_k': 0.9221804185592763, 'fuel_half': 0.17108183937377372}.
[I 2026-06-10 21:31:38,584] Trial 577 finished with values: [-0.6907626270394212, 0.4829832129970735] and parameters: {'k1': 0.012840669372724958, 'D_low': 40.12413353131991, 'k2': 0.015109086063191909, 'D_high': 3512.7047262708465, 'fire_exp': 1.2781983515972553, 'P_half': 221.2683656611821, 'pre_dampen_half': 243.70551632385417, 'gpp_af': 5.056419398267455, 'gpp_b': 1.284284091405877e-05, 'gpp_d': 229.41380323183625, 'ign_k': 0.31292286563608623, 'ign_c': 1.4940577239079738, 'trop_agb_crit': 5.526463318565575, 'trop_k_veg': 6.45312300188076, 'fuel_k': 0.9221804185592763, 'fuel_half': 11.781063202742125}.
[I 2026-06-10 21:31:40,480] Trial 578 finished with values: [-0.5841934058384894, 0.7543277224845276] and parameters: {'k1': 0.0006579066240690734, 'D_low': 7.857247967427123, 'k2': 0.004708159793250189, 'D_high': 40237.59749324181, 'fire_exp': 1.2918065501148304, 'P_half': 13.30003421978439, 'pre_dampen_half': 243.70551632385417, 'gpp_af': 0.3002317246575309, 'gpp_b': 0.005135775987795958, 'gpp_d': 32.54021513867688, 'ign_k': 1.1044350847124695, 'ign_c': 0.5655677524618509, 'trop_agb_crit': 9.286923253577127, 'trop_k_veg': 4.7254560805090735, 'fuel_k': 0.5182294818798785, 'fuel_half': 5.752086250639555}.
[I 2026-06-10 21:31:41,969] Trial 579 finished with values: [10.59869164994814, 10.59869164994814] and parameters: {'k1': 0.012840669372724958, 'D_low': 5.351452349843333, 'k2': 0.015109086063191909, 'D_high': 3512.7047262708465, 'fire_exp': 1.2781983515972553, 'P_half': 221.2683656611821, 'pre_dampen_half': 857.6556763881457, 'gpp_af': 0.3002317246575309, 'gpp_b': 1.284284091405877e-05, 'gpp_d': 229.41380323183625, 'ign_k': 3.965503094323014, 'ign_c': 1.4940577239079738, 'trop_agb_crit': 10.215415653610627, 'trop_k_veg': 6.45312300188076, 'fuel_k': 4.710433409437072, 'fuel_half': 11.781063202742125}.
[I 2026-06-10 21:31:43,503] Trial 580 finished with values: [10.261219096802284, 10.261219096802284] and parameters: {'k1': 0.0006579066240690734, 'D_low': 323.7668055684038, 'k2': 7.841214856323651e-05, 'D_high': 42210.21267871043, 'fire_exp': 1.1103154430776774, 'P_half': 2.0598022365449626, 'pre_dampen_half': 565.0116730717873, 'gpp_af': 0.05511595477601767, 'gpp_b': 0.00012118589392553798, 'gpp_d': 32.54021513867688, 'ign_k': 5.351470428717437, 'ign_c': 1.0944963667961967, 'trop_agb_crit': 27.025726513675966, 'trop_k_veg': 4.129715873342728, 'fuel_k': 0.5604857991960507, 'fuel_half': 71.14476009343416}.
[I 2026-06-10 21:31:45,173] Trial 581 finished with values: [10.118723035624239, 10.118723035624239] and parameters: {'k1': 0.03865036856259725, 'D_low': 37.35862630812753, 'k2': 0.002173988526401145, 'D_high': 40237.59749324181, 'fire_exp': 1.423480109671474, 'P_half': 102.4585893986732, 'pre_dampen_half': 857.6556763881457, 'gpp_af': 5.056419398267455, 'gpp_b': 0.00010187913441794782, 'gpp_d': 14.423399576193098, 'ign_k': 4.591485216740537, 'ign_c': 22.126836566118193, 'trop_agb_crit': 2.679156169946616, 'trop_k_veg': 4.7254560805090735, 'fuel_k': 0.28328975157735103, 'fuel_half': 1.3323297901105768}.
[I 2026-06-10 21:31:46,933] Trial 582 finished with values: [-0.5805010482088719, 0.5508632030716551] and parameters: {'k1': 0.008861249804463229, 'D_low': 5.351452349843333, 'k2': 0.007299613382801458, 'D_high': 40237.59749324181, 'fire_exp': 1.2781983515972553, 'P_half': 13.30003421978439, 'pre_dampen_half': 13.472769577631583, 'gpp_af': 0.3002317246575309, 'gpp_b': 0.005419266601560437, 'gpp_d': 12.6084874067596, 'ign_k': 3.965503094323014, 'ign_c': 0.5655677524618509, 'trop_agb_crit': 10.215415653610627, 'trop_k_veg': 4.7254560805090735, 'fuel_k': 4.710433409437072, 'fuel_half': 11.781063202742125}.
[I 2026-06-10 21:31:48,551] Trial 583 finished with values: [10.420062378061271, 10.420062378061271] and parameters: {'k1': 0.03865036856259725, 'D_low': 323.7668055684038, 'k2': 0.015109086063191909, 'D_high': 3512.7047262708465, 'fire_exp': 1.2781983515972553, 'P_half': 221.2683656611821, 'pre_dampen_half': 243.70551632385417, 'gpp_af': 0.3002317246575309, 'gpp_b': 0.005419266601560437, 'gpp_d': 206.05605824266914, 'ign_k': 0.02741350741975827, 'ign_c': 1.4940577239079738, 'trop_agb_crit': 10.584071370490857, 'trop_k_veg': 4.7254560805090735, 'fuel_k': 0.9221804185592763, 'fuel_half': 7.21890020361181}.
[I 2026-06-10 21:31:50,185] Trial 584 finished with values: [10.150052521922028, 10.150052521922028] and parameters: {'k1': 0.03865036856259725, 'D_low': 2.4474057445796826, 'k2': 0.002884223471687844, 'D_high': 3512.7047262708465, 'fire_exp': 1.3806513288500464, 'P_half': 118.39097834757698, 'pre_dampen_half': 857.6556763881457, 'gpp_af': 5.056419398267455, 'gpp_b': 1.284284091405877e-05, 'gpp_d': 59.94537656798816, 'ign_k': 0.02741350741975827, 'ign_c': 22.126836566118193, 'trop_agb_crit': 2.679156169946616, 'trop_k_veg': 0.7818074020304813, 'fuel_k': 0.2503625235956924, 'fuel_half': 0.12882919135887003}.
[I 2026-06-10 21:31:51,904] Trial 585 finished with values: [10.198415934262364, 10.198415934262364] and parameters: {'k1': 0.0006579066240690734, 'D_low': 323.7668055684038, 'k2': 0.002173988526401145, 'D_high': 20679.187143488783, 'fire_exp': 1.1103154430776774, 'P_half': 56.22114524476698, 'pre_dampen_half': 565.0116730717873, 'gpp_af': 28.269551568161315, 'gpp_b': 0.014662453726154785, 'gpp_d': 32.54021513867688, 'ign_k': 0.012868405331151606, 'ign_c': 30.785541778315018, 'trop_agb_crit': 4.84104109932157, 'trop_k_veg': 2.132271839889451, 'fuel_k': 0.4182971994460706, 'fuel_half': 0.17108183937377372}.
[I 2026-06-10 21:31:53,669] Trial 586 finished with values: [10.483544629477556, 10.483544629477556] and parameters: {'k1': 0.0006579066240690734, 'D_low': 7.857247967427123, 'k2': 0.0004976087827261435, 'D_high': 42210.21267871043, 'fire_exp': 1.2918065501148304, 'P_half': 7.361379380357789, 'pre_dampen_half': 13.472769577631583, 'gpp_af': 0.22965432344634354, 'gpp_b': 0.014662453726154785, 'gpp_d': 32.54021513867688, 'ign_k': 0.038563028138793747, 'ign_c': 30.785541778315018, 'trop_agb_crit': 5.12586335774155, 'trop_k_veg': 2.132271839889451, 'fuel_k': 2.563645943471902, 'fuel_half': 0.19370626469730529}.
[I 2026-06-10 21:31:55,384] Trial 587 finished with values: [11.0731724352518, 11.0731724352518] and parameters: {'k1': 0.0006579066240690734, 'D_low': 40.12413353131991, 'k2': 0.015109086063191909, 'D_high': 42210.21267871043, 'fire_exp': 1.1103154430776774, 'P_half': 2.0598022365449626, 'pre_dampen_half': 243.70551632385417, 'gpp_af': 5.056419398267455, 'gpp_b': 1.284284091405877e-05, 'gpp_d': 229.41380323183625, 'ign_k': 5.351470428717437, 'ign_c': 1.4940577239079738, 'trop_agb_crit': 28.4191188830683, 'trop_k_veg': 6.45312300188076, 'fuel_k': 0.9221804185592763, 'fuel_half': 1.3323297901105768}.
[I 2026-06-10 21:31:57,034] Trial 588 finished with values: [-0.6693068260166171, 0.47363529911232793] and parameters: {'k1': 0.012840669372724958, 'D_low': 40.12413353131991, 'k2': 0.015109086063191909, 'D_high': 3512.7047262708465, 'fire_exp': 1.2781983515972553, 'P_half': 221.2683656611821, 'pre_dampen_half': 243.70551632385417, 'gpp_af': 0.3002317246575309, 'gpp_b': 1.284284091405877e-05, 'gpp_d': 229.41380323183625, 'ign_k': 1.1044350847124695, 'ign_c': 1.4940577239079738, 'trop_agb_crit': 10.691477813613638, 'trop_k_veg': 6.45312300188076, 'fuel_k': 0.28328975157735103, 'fuel_half': 11.781063202742125}.
[I 2026-06-10 21:31:58,794] Trial 589 finished with values: [-0.13818247191334457, 0.9055030603172591] and parameters: {'k1': 0.0006533684593224971, 'D_low': 2.4474057445796826, 'k2': 0.0004976087827261435, 'D_high': 42210.21267871043, 'fire_exp': 1.2918065501148304, 'P_half': 1.6139316358793205, 'pre_dampen_half': 565.0116730717873, 'gpp_af': 0.22965432344634354, 'gpp_b': 2.176805640408474e-05, 'gpp_d': 12.6084874067596, 'ign_k': 0.001243238195131606, 'ign_c': 1.4940577239079738, 'trop_agb_crit': 12.647327018493208, 'trop_k_veg': 4.7254560805090735, 'fuel_k': 0.9221804185592763, 'fuel_half': 1.9170041589170652}.
[I 2026-06-10 21:32:00,539] Trial 590 finished with values: [10.016899853417211, 10.016899853417211] and parameters: {'k1': 0.03865036856259725, 'D_low': 1.3670484737132342, 'k2': 0.0004976087827261435, 'D_high': 40237.59749324181, 'fire_exp': 1.2781983515972553, 'P_half': 13.30003421978439, 'pre_dampen_half': 565.0116730717873, 'gpp_af': 0.3002317246575309, 'gpp_b': 0.07109335384630298, 'gpp_d': 59.94537656798816, 'ign_k': 5.351470428717437, 'ign_c': 0.5655677524618509, 'trop_agb_crit': 2.679156169946616, 'trop_k_veg': 4.129715873342728, 'fuel_k': 4.710433409437072, 'fuel_half': 11.781063202742125}.
[I 2026-06-10 21:32:02,883] Trial 591 finished with values: [10.012589313679575, 10.012589313679575] and parameters: {'k1': 0.002155595057104387, 'D_low': 36.07301614542843, 'k2': 0.015109086063191909, 'D_high': 3512.7047262708465, 'fire_exp': 1.2781983515972553, 'P_half': 1.6139316358793205, 'pre_dampen_half': 565.0116730717873, 'gpp_af': 1.0851010417962397, 'gpp_b': 0.020015168607057772, 'gpp_d': 12.6084874067596, 'ign_k': 0.02741350741975827, 'ign_c': 0.5655677524618509, 'trop_agb_crit': 5.526463318565575, 'trop_k_veg': 6.45312300188076, 'fuel_k': 4.710433409437072, 'fuel_half': 11.781063202742125}.
[I 2026-06-10 21:32:04,594] Trial 592 finished with values: [-0.5130297915556291, 0.43325916245066054] and parameters: {'k1': 0.03865036856259725, 'D_low': 2.4474057445796826, 'k2': 0.015109086063191909, 'D_high': 3512.7047262708465, 'fire_exp': 1.2781983515972553, 'P_half': 221.2683656611821, 'pre_dampen_half': 243.70551632385417, 'gpp_af': 5.056419398267455, 'gpp_b': 1.284284091405877e-05, 'gpp_d': 5.413611219942238, 'ign_k': 5.351470428717437, 'ign_c': 1.4940577239079738, 'trop_agb_crit': 10.691477813613638, 'trop_k_veg': 0.7818074020304813, 'fuel_k': 0.2503625235956924, 'fuel_half': 11.781063202742125}.
[I 2026-06-10 21:32:06,285] Trial 593 finished with values: [10.051491993234734, 10.051491993234734] and parameters: {'k1': 8.468146923166077e-05, 'D_low': 323.7668055684038, 'k2': 0.0002172578929502367, 'D_high': 91246.32886689917, 'fire_exp': 1.3806513288500464, 'P_half': 93.43302657318476, 'pre_dampen_half': 565.0116730717873, 'gpp_af': 0.3002317246575309, 'gpp_b': 0.002215317485674688, 'gpp_d': 59.94537656798816, 'ign_k': 6.344955605329754, 'ign_c': 1.4940577239079738, 'trop_agb_crit': 2.679156169946616, 'trop_k_veg': 0.7818074020304813, 'fuel_k': 0.4182971994460706, 'fuel_half': 1.3323297901105768}.
[I 2026-06-10 21:32:07,951] Trial 594 finished with values: [10.493790130654707, 10.493790130654707] and parameters: {'k1': 0.03865036856259725, 'D_low': 2.4474057445796826, 'k2': 0.0002172578929502367, 'D_high': 91246.32886689917, 'fire_exp': 1.1103154430776774, 'P_half': 221.2683656611821, 'pre_dampen_half': 243.70551632385417, 'gpp_af': 0.24002253099641147, 'gpp_b': 2.176805640408474e-05, 'gpp_d': 9.383863373218398, 'ign_k': 5.351470428717437, 'ign_c': 1.4940577239079738, 'trop_agb_crit': 5.41732493750772, 'trop_k_veg': 0.7818074020304813, 'fuel_k': 0.2503625235956924, 'fuel_half': 1.3323297901105768}.
