[I 2026-07-25 00:39:53,664] Trial 1359 finished with value: -0.5861907583064725 and parameters: {'k1': 0.004464836183156065, 'D_low': 41.507915400728244, 'k2': 0.00013093310626623086, 'D_high': 53056.55675119676, 'fire_exp': 1.3665719412421595, 'P_half': 281.0962974533145, 'pre_dampen_half': 0.3009290918477232, 'gpp_af': 1.6688465556912582, 'gpp_b': 0.4930152728983965, 'gpp_d': 221.249394972234, 'ign_k': 0.7324299795325989, 'ign_c': 10.077149188859874, 'trop_agb_crit': 7.6191825013872245, 'trop_k_veg': 6.226657739467916, 'gdp_gamma': 1.0075049541279766, 'cure_k': 0.01991128721321767, 'cure_p_min': 291.4335711621589, 'cure_gpp_ref': 0.3753225172838264, 'cure_agb_crit': 2.542992718571443, 'fuel_k': 0.22508910559433817, 'fuel_half': 0.1541650120628302}. Best is trial 1132 with value: -0.6317570269256394.
[I 2026-07-25 00:39:54,128] Trial 1360 finished with value: 0.5495870156972792 and parameters: {'k1': 4.570558484092189e-05, 'D_low': 76.26986406328265, 'k2': 1.1727485214219582e-05, 'D_high': 10384.555248235329, 'fire_exp': 1.0683861459425208, 'P_half': 510.2683044948338, 'pre_dampen_half': 0.038451955550867424, 'gpp_af': 49.13850288509951, 'gpp_b': 0.018991720308872324, 'gpp_d': 512.6034134054403, 'ign_k': 0.39664791978982533, 'ign_c': 0.22132727568729388, 'trop_agb_crit': 9.792484120779703, 'trop_k_veg': 2.8002332363497158, 'gdp_gamma': 1.6599481842094, 'cure_k': 0.32581668923560814, 'cure_p_min': 273.68062697481844, 'cure_gpp_ref': 1.012090354008438, 'cure_agb_crit': 2.9934072790469366, 'fuel_k': 0.39081267341140075, 'fuel_half': 0.11063779130707606}. Best is trial 1132 with value: -0.6317570269256394.
[I 2026-07-25 00:39:54,592] Trial 1361 finished with value: 0.544275048744501 and parameters: {'k1': 1.2341676382235466e-05, 'D_low': 5555.5501125401925, 'k2': 0.00014076543140019811, 'D_high': 6696212.523067166, 'fire_exp': 1.2666656820516613, 'P_half': 459.40636051378794, 'pre_dampen_half': 0.40030454417269734, 'gpp_af': 2.6806340621927935, 'gpp_b': 0.0010445449014944408, 'gpp_d': 30.79230933101144, 'ign_k': 0.0012257439968453676, 'ign_c': 1.2836620187338486, 'trop_agb_crit': 24.414120950308433, 'trop_k_veg': 0.5085813863879898, 'gdp_gamma': 0.16669269539815437, 'cure_k': 0.039259047626678464, 'cure_p_min': 123.13333847522868, 'cure_gpp_ref': 0.08506155700412188, 'cure_agb_crit': 1.1264598985636727, 'fuel_k': 0.631286312760904, 'fuel_half': 68.16849165560517}. Best is trial 1132 with value: -0.6317570269256394.
[I 2026-07-25 00:39:55,056] Trial 1362 finished with value: 0.4957543124369841 and parameters: {'k1': 0.0023225042350273842, 'D_low': 12.8503152806798, 'k2': 5.561519228188209e-05, 'D_high': 344611.4046437678, 'fire_exp': 1.1517279182654476, 'P_half': 193.23463656947618, 'pre_dampen_half': 0.04635563640882268, 'gpp_af': 22.628022566307934, 'gpp_b': 0.003351168497877049, 'gpp_d': 155.6145513198692, 'ign_k': 0.06063085233365979, 'ign_c': 0.8338261394676715, 'trop_agb_crit': 4.787391539434616, 'trop_k_veg': 6.783440921907683, 'gdp_gamma': 1.218407826248128, 'cure_k': 0.11030726479457052, 'cure_p_min': 209.6120606763362, 'cure_gpp_ref': 0.565314529766797, 'cure_agb_crit': 2.331904430241244, 'fuel_k': 0.10688468212800098, 'fuel_half': 1.5493788421834085}. Best is trial 1132 with value: -0.6317570269256394.
[I 2026-07-25 00:39:55,515] Trial 1363 finished with value: 0.484643294246206 and parameters: {'k1': 0.0004717545001815833, 'D_low': 3.1144187430955, 'k2': 4.0922160785884314e-05, 'D_high': 355755.4518597468, 'fire_exp': 1.1052576111608494, 'P_half': 188.00771700635008, 'pre_dampen_half': 0.02673129781722697, 'gpp_af': 3.197031584002318, 'gpp_b': 2.5372567812695594, 'gpp_d': 31.162434712542886, 'ign_k': 0.023566749872297538, 'ign_c': 0.4450685362750391, 'trop_agb_crit': 10.265363358204574, 'trop_k_veg': 3.8363865097322023, 'gdp_gamma': 1.3163335402893412, 'cure_k': 0.024088204618639412, 'cure_p_min': 208.82498084039705, 'cure_gpp_ref': 0.5321412677557478, 'cure_agb_crit': 2.3506683194661826, 'fuel_k': 0.06883800171591224, 'fuel_half': 0.22429032446447766}. Best is trial 1132 with value: -0.6317570269256394.
[I 2026-07-25 00:39:55,975] Trial 1364 finished with value: 0.5830712566162843 and parameters: {'k1': 0.0004607871793861344, 'D_low': 230.44291291325533, 'k2': 1.5175398491891128e-05, 'D_high': 140475.51086308397, 'fire_exp': 1.0284597336630017, 'P_half': 293.1035888872788, 'pre_dampen_half': 0.06671401325936374, 'gpp_af': 0.166811467452777, 'gpp_b': 6.036459350227588, 'gpp_d': 691.3148103084466, 'ign_k': 0.48435168306542364, 'ign_c': 1.3755445269848576, 'trop_agb_crit': 6.861491123766712, 'trop_k_veg': 5.394785503605914, 'gdp_gamma': 1.6097914100352084, 'cure_k': 0.005376614434915899, 'cure_p_min': 240.95727671827083, 'cure_gpp_ref': 0.711972953019192, 'cure_agb_crit': 2.7997905239008625, 'fuel_k': 0.3199390757869723, 'fuel_half': 0.12066457911837881}. Best is trial 1132 with value: -0.6317570269256394.
[I 2026-07-25 00:39:56,440] Trial 1365 finished with value: 0.5601308569320806 and parameters: {'k1': 0.008764032035453019, 'D_low': 13.478357869750743, 'k2': 0.005323738382252641, 'D_high': 8373228.050789535, 'fire_exp': 2.239875994908802, 'P_half': 1976.1750135283369, 'pre_dampen_half': 3.637754787914638, 'gpp_af': 0.08574346870262581, 'gpp_b': 8.87237899319477e-05, 'gpp_d': 0.1321372967643008, 'ign_k': 0.039797980171774106, 'ign_c': 1.064494610775946, 'trop_agb_crit': 11.667952912671291, 'trop_k_veg': 0.7411962147298365, 'gdp_gamma': 1.5804929358315107, 'cure_k': 0.005001921720897289, 'cure_p_min': 173.5569483953906, 'cure_gpp_ref': 0.503904478980746, 'cure_agb_crit': 1.2651720207890202, 'fuel_k': 0.021319752312057256, 'fuel_half': 41.84288317111767}. Best is trial 1132 with value: -0.6317570269256394.
[I 2026-07-25 00:39:56,902] Trial 1366 finished with value: -0.514791338480048 and parameters: {'k1': 0.07363956145076067, 'D_low': 311.9038430121161, 'k2': 0.0001810225074229756, 'D_high': 6302529.250861718, 'fire_exp': 1.1135842850583162, 'P_half': 538.9975325295659, 'pre_dampen_half': 6.025906425196662, 'gpp_af': 0.0050370528744752745, 'gpp_b': 6.89875075382974e-05, 'gpp_d': 43.974726468953826, 'ign_k': 0.004348389661864495, 'ign_c': 3.112901569697981, 'trop_agb_crit': 22.806408847486463, 'trop_k_veg': 0.8355638215098646, 'gdp_gamma': 0.03560613826057778, 'cure_k': 0.0127554858476701, 'cure_p_min': 128.60433626429085, 'cure_gpp_ref': 0.7549129535601824, 'cure_agb_crit': 1.4166291825315553, 'fuel_k': 0.48468190778598075, 'fuel_half': 96.40900871499807}. Best is trial 1132 with value: -0.6317570269256394.
[I 2026-07-25 00:39:57,363] Trial 1367 finished with value: -0.6002362939715918 and parameters: {'k1': 2.0077569780642082e-05, 'D_low': 6.231152816428067, 'k2': 1.1803513412471649e-05, 'D_high': 246084.47156644447, 'fire_exp': 1.2380181475860619, 'P_half': 7.490099056689103, 'pre_dampen_half': 0.2187665314706673, 'gpp_af': 9.423216299890322, 'gpp_b': 0.04488204521340201, 'gpp_d': 80.17156698916399, 'ign_k': 0.2579799044770393, 'ign_c': 0.961644046056541, 'trop_agb_crit': 3.8471478953422644, 'trop_k_veg': 4.4488869375568125, 'gdp_gamma': 0.4842816431683236, 'cure_k': 0.024261265327268165, 'cure_p_min': 280.9698857535137, 'cure_gpp_ref': 0.5411856068895377, 'cure_agb_crit': 2.5213479007922377, 'fuel_k': 0.04198098382807687, 'fuel_half': 0.4452146063115484}. Best is trial 1132 with value: -0.6317570269256394.
[I 2026-07-25 00:39:57,826] Trial 1368 finished with value: 0.6160542678248576 and parameters: {'k1': 0.0007248589468379965, 'D_low': 7.050190736216988, 'k2': 0.00044942177150750586, 'D_high': 1173622.835030755, 'fire_exp': 1.4123007668929533, 'P_half': 67.85012283729486, 'pre_dampen_half': 84.22933871926395, 'gpp_af': 0.0029621295699968687, 'gpp_b': 0.005486279409278401, 'gpp_d': 12.997707301373293, 'ign_k': 0.048821379985986534, 'ign_c': 187.3602785309305, 'trop_agb_crit': 12.079353613236188, 'trop_k_veg': 0.8697276903866852, 'gdp_gamma': 0.08180243704842155, 'cure_k': 0.0028990183096172873, 'cure_p_min': 166.52488740072795, 'cure_gpp_ref': 0.14578223279318317, 'cure_agb_crit': 4.158174089897476, 'fuel_k': 4.857035852068429, 'fuel_half': 13.504834899157085}. Best is trial 1132 with value: -0.6317570269256394.
[I 2026-07-25 00:39:58,290] Trial 1369 finished with value: 0.4197065036738097 and parameters: {'k1': 1.146892315005798e-05, 'D_low': 21052.08976710439, 'k2': 0.0020541602678945292, 'D_high': 4725124.929160659, 'fire_exp': 1.0606150499805027, 'P_half': 83.6359193327167, 'pre_dampen_half': 0.06752161336722413, 'gpp_af': 0.30741789605837266, 'gpp_b': 0.00024745188644520303, 'gpp_d': 67.78021631679678, 'ign_k': 0.009349658273453071, 'ign_c': 32.820906529465184, 'trop_agb_crit': 22.08726279707881, 'trop_k_veg': 0.5227288402208957, 'gdp_gamma': 1.5569334341847312, 'cure_k': 0.01013784249638393, 'cure_p_min': 113.91919526980695, 'cure_gpp_ref': 0.05666775493532764, 'cure_agb_crit': 1.822370368030374, 'fuel_k': 0.6021332593500236, 'fuel_half': 75.53243845624144}. Best is trial 1132 with value: -0.6317570269256394.
[I 2026-07-25 00:39:58,754] Trial 1370 finished with value: 0.602145690338148 and parameters: {'k1': 0.00047616487565619583, 'D_low': 839.0841778619756, 'k2': 0.0017899848343868666, 'D_high': 2816084.140872943, 'fire_exp': 1.4121561658091566, 'P_half': 2428.026629799943, 'pre_dampen_half': 0.6972218945548017, 'gpp_af': 6.868894150187984, 'gpp_b': 0.28169226822386995, 'gpp_d': 4.267495190490442, 'ign_k': 3.6670318421845463, 'ign_c': 29.902442688535103, 'trop_agb_crit': 1.6461395770279337, 'trop_k_veg': 1.7645224642923525, 'gdp_gamma': 0.3733106142577551, 'cure_k': 0.011945979438815231, 'cure_p_min': 157.79419609635718, 'cure_gpp_ref': 0.5463790757408864, 'cure_agb_crit': 4.822485264899172, 'fuel_k': 5.043329407712251, 'fuel_half': 5.293827458767817}. Best is trial 1132 with value: -0.6317570269256394.
[I 2026-07-25 00:39:59,214] Trial 1371 finished with value: 0.4269892199571468 and parameters: {'k1': 6.707769961579091e-05, 'D_low': 300.0116819190953, 'k2': 0.00025170914053893707, 'D_high': 2235504.4772117087, 'fire_exp': 2.6282106471096736, 'P_half': 63.9190933664587, 'pre_dampen_half': 3.098597117240523, 'gpp_af': 1.8027782224500741, 'gpp_b': 0.03097792517216747, 'gpp_d': 180.69867233042763, 'ign_k': 0.14269889729399965, 'ign_c': 7.121030515440289, 'trop_agb_crit': 1.8752729291830332, 'trop_k_veg': 2.5963263621256476, 'gdp_gamma': 1.0085267853533286, 'cure_k': 0.036760877149688606, 'cure_p_min': 258.33007499482005, 'cure_gpp_ref': 1.5201484898665703, 'cure_agb_crit': 2.0759843326013585, 'fuel_k': 1.2961739936168717, 'fuel_half': 8.47055429660825}. Best is trial 1132 with value: -0.6317570269256394.
[I 2026-07-25 00:39:59,702] Trial 1372 finished with value: 0.5174627701980412 and parameters: {'k1': 2.9811960205422585e-05, 'D_low': 9.422330021402466, 'k2': 3.623411717315032e-05, 'D_high': 1902426.5026599343, 'fire_exp': 1.1074994032675758, 'P_half': 513.9717859265379, 'pre_dampen_half': 0.503429138460764, 'gpp_af': 8.229644033696186, 'gpp_b': 0.15637590626027006, 'gpp_d': 21.648666166785734, 'ign_k': 0.018064596559538623, 'ign_c': 0.9657321350437446, 'trop_agb_crit': 10.970645104493267, 'trop_k_veg': 5.996625857503694, 'gdp_gamma': 1.455108870498471, 'cure_k': 0.27259603844841057, 'cure_p_min': 308.1247820186191, 'cure_gpp_ref': 1.1448655301881523, 'cure_agb_crit': 2.8059802043671693, 'fuel_k': 0.021745392216998845, 'fuel_half': 0.4425681396442639}. Best is trial 1132 with value: -0.6317570269256394.
[I 2026-07-25 00:40:00,310] Trial 1373 finished with value: 0.43005650532515816 and parameters: {'k1': 4.8667576470885384e-05, 'D_low': 1.7247791618397266, 'k2': 2.7118031973761895e-05, 'D_high': 1131346.0245109322, 'fire_exp': 1.2103021904543998, 'P_half': 2.85867628746284, 'pre_dampen_half': 5.250797408671353, 'gpp_af': 0.28461115638049284, 'gpp_b': 0.07519406824706806, 'gpp_d': 589.3336924906018, 'ign_k': 0.004468725347284602, 'ign_c': 0.8868787660508316, 'trop_agb_crit': 3.701647969419779, 'trop_k_veg': 4.065617425813988, 'gdp_gamma': 0.8769953246734892, 'cure_k': 0.09962906463441847, 'cure_p_min': 266.9670830713475, 'cure_gpp_ref': 0.05981527924547641, 'cure_agb_crit': 4.9525132688394, 'fuel_k': 0.3112967996915207, 'fuel_half': 0.1310114273630843}. Best is trial 1132 with value: -0.6317570269256394.
[I 2026-07-25 00:40:00,771] Trial 1374 finished with value: 0.3995160843930259 and parameters: {'k1': 0.042213492329407055, 'D_low': 1533.3272247079458, 'k2': 0.02122327609040338, 'D_high': 685455.3614258132, 'fire_exp': 1.7298946672928193, 'P_half': 399.2249429400004, 'pre_dampen_half': 1.4626172124200876, 'gpp_af': 0.009208982926264351, 'gpp_b': 5.057943862848544e-05, 'gpp_d': 1.9767812131507934, 'ign_k': 0.0013231553795925992, 'ign_c': 0.12873803502878708, 'trop_agb_crit': 21.987187311054868, 'trop_k_veg': 2.0331802609341274, 'gdp_gamma': 1.961768405409143, 'cure_k': 0.011791691845161777, 'cure_p_min': 327.8119935088875, 'cure_gpp_ref': 0.16640971739315108, 'cure_agb_crit': 1.2690959675650708, 'fuel_k': 0.011845709914075731, 'fuel_half': 91.72817711556192}. Best is trial 1132 with value: -0.6317570269256394.
[I 2026-07-25 00:40:01,234] Trial 1375 finished with value: 0.43995993828991353 and parameters: {'k1': 0.0004970519914658339, 'D_low': 1.9305904944886205, 'k2': 0.0003920253014989644, 'D_high': 1358565.3903663345, 'fire_exp': 2.3145139878600296, 'P_half': 50.269876426254605, 'pre_dampen_half': 2.3704326576503223, 'gpp_af': 0.5287606061802385, 'gpp_b': 0.14615027619532045, 'gpp_d': 881.3792418068105, 'ign_k': 0.005923625684515201, 'ign_c': 1.2882538476470418, 'trop_agb_crit': 9.716754830789206, 'trop_k_veg': 4.937809354984266, 'gdp_gamma': 1.0834150504123319, 'cure_k': 0.04041762758099501, 'cure_p_min': 360.76900687587005, 'cure_gpp_ref': 0.23699359923329893, 'cure_agb_crit': 5.3259116204623345, 'fuel_k': 0.015241499239172855, 'fuel_half': 0.45468472547750405}. Best is trial 1132 with value: -0.6317570269256394.
[I 2026-07-25 00:40:01,704] Trial 1376 finished with value: 0.5768543573149755 and parameters: {'k1': 0.029540211664138106, 'D_low': 1968.5541006992444, 'k2': 0.016364805718072847, 'D_high': 4947130.4174422715, 'fire_exp': 4.634269421254077, 'P_half': 365.5234790905719, 'pre_dampen_half': 26.842236255816665, 'gpp_af': 0.013603666692966124, 'gpp_b': 7.806368541930511e-05, 'gpp_d': 305.08793126404515, 'ign_k': 0.005241879604368409, 'ign_c': 4.307810451151117, 'trop_agb_crit': 5.06376467609475, 'trop_k_veg': 0.9989498686708278, 'gdp_gamma': 1.6053593478363153, 'cure_k': 0.0040875887861182465, 'cure_p_min': 137.61160932990748, 'cure_gpp_ref': 0.44908599895349827, 'cure_agb_crit': 3.236239800308331, 'fuel_k': 0.6239696669866823, 'fuel_half': 54.264922880458606}. Best is trial 1132 with value: -0.6317570269256394.
[I 2026-07-25 00:40:02,166] Trial 1377 finished with value: 0.5924571764944119 and parameters: {'k1': 0.022298094350402718, 'D_low': 9.096081957018344, 'k2': 0.0031473323947747126, 'D_high': 21396.086670751414, 'fire_exp': 7.068027404996693, 'P_half': 508.31979261051555, 'pre_dampen_half': 1.2166740719755844, 'gpp_af': 0.009425004956335387, 'gpp_b': 0.0006664099502986052, 'gpp_d': 0.013674865642950123, 'ign_k': 0.13279503636681608, 'ign_c': 1.805271588125357, 'trop_agb_crit': 23.39691087891486, 'trop_k_veg': 1.100350858344501, 'gdp_gamma': 1.8848589953019736, 'cure_k': 0.002387994917826506, 'cure_p_min': 365.4247860252055, 'cure_gpp_ref': 1.927884025148979, 'cure_agb_crit': 1.2966288040946143, 'fuel_k': 0.02188889149238903, 'fuel_half': 21.765513780642696}. Best is trial 1132 with value: -0.6317570269256394.
[I 2026-07-25 00:40:02,631] Trial 1378 finished with value: 0.5726144820316343 and parameters: {'k1': 0.08645923414550867, 'D_low': 3.877407557220611, 'k2': 0.00046571079885968363, 'D_high': 2513184.523191013, 'fire_exp': 1.9393816712751835, 'P_half': 717.3582082405212, 'pre_dampen_half': 17.04367851616847, 'gpp_af': 0.001098045999490625, 'gpp_b': 0.00015500420900381524, 'gpp_d': 8.60118690392548, 'ign_k': 0.004482825742686926, 'ign_c': 377.6143419095192, 'trop_agb_crit': 11.91807386780377, 'trop_k_veg': 1.9630497302083234, 'gdp_gamma': 1.4402072402739474, 'cure_k': 0.003462544476831049, 'cure_p_min': 130.49477328552427, 'cure_gpp_ref': 0.24998180640864417, 'cure_agb_crit': 5.404806793628043, 'fuel_k': 5.868459200850188, 'fuel_half': 16.83577066107174}. Best is trial 1132 with value: -0.6317570269256394.
[I 2026-07-25 00:40:03,100] Trial 1379 finished with value: 0.5476464127965648 and parameters: {'k1': 2.056566763438392e-05, 'D_low': 1.4131412449749015, 'k2': 0.006156374371972216, 'D_high': 140091.25082769367, 'fire_exp': 1.5904144348168998, 'P_half': 122.50920240629762, 'pre_dampen_half': 0.2873162447911571, 'gpp_af': 1.434649300065129, 'gpp_b': 0.18355481112257616, 'gpp_d': 848.1053812452947, 'ign_k': 0.20821546727131693, 'ign_c': 2.987638054362422, 'trop_agb_crit': 2.5674879429947204, 'trop_k_veg': 1.7217183420392501, 'gdp_gamma': 0.08276357134941954, 'cure_k': 0.03616575259032086, 'cure_p_min': 355.0842692548878, 'cure_gpp_ref': 0.6660259149869787, 'cure_agb_crit': 4.770553926682644, 'fuel_k': 1.6003288836656142, 'fuel_half': 24.590032092411956}. Best is trial 1132 with value: -0.6317570269256394.
[I 2026-07-25 00:40:03,560] Trial 1380 finished with value: 0.45313010999795267 and parameters: {'k1': 0.0011684220213246488, 'D_low': 25.112566512340774, 'k2': 0.02040352378345719, 'D_high': 588568.6509242937, 'fire_exp': 2.171890945659562, 'P_half': 321.31138654028223, 'pre_dampen_half': 10.953500228712477, 'gpp_af': 0.001857251461381788, 'gpp_b': 5.3781286862150786e-05, 'gpp_d': 0.013977774902444687, 'ign_k': 0.013211390403369726, 'ign_c': 11.088424216900384, 'trop_agb_crit': 12.75439737035202, 'trop_k_veg': 1.1672413435551265, 'gdp_gamma': 0.6538130594522173, 'cure_k': 0.0021630853356026927, 'cure_p_min': 282.03656813085905, 'cure_gpp_ref': 0.32479730644590354, 'cure_agb_crit': 1.1686515276175744, 'fuel_k': 0.032589106530214254, 'fuel_half': 7.927521495821303}. Best is trial 1132 with value: -0.6317570269256394.
[I 2026-07-25 00:40:04,024] Trial 1381 finished with value: 0.5806751279827035 and parameters: {'k1': 5.0789250921864895e-05, 'D_low': 3391.4506747619507, 'k2': 0.002593505326575601, 'D_high': 348441.4406439469, 'fire_exp': 1.8443145475625615, 'P_half': 239.8791773161387, 'pre_dampen_half': 0.34858335797205714, 'gpp_af': 0.03428736587870314, 'gpp_b': 0.8717764950085615, 'gpp_d': 93.28782049231022, 'ign_k': 0.1688409497484578, 'ign_c': 16.355198911145173, 'trop_agb_crit': 4.367209112826411, 'trop_k_veg': 2.9400606675922223, 'gdp_gamma': 0.5114964601123643, 'cure_k': 0.0199046455602056, 'cure_p_min': 380.36492466278344, 'cure_gpp_ref': 1.2894512511206244, 'cure_agb_crit': 5.891126258115203, 'fuel_k': 2.005559058889984, 'fuel_half': 2.16192137593715}. Best is trial 1132 with value: -0.6317570269256394.
[I 2026-07-25 00:40:04,487] Trial 1382 finished with value: -0.6125585729305201 and parameters: {'k1': 1.317022088679966e-05, 'D_low': 42.91121483979472, 'k2': 1.4147627426089658e-05, 'D_high': 142865.63032293014, 'fire_exp': 1.3549236980885828, 'P_half': 2.084281003868485, 'pre_dampen_half': 0.6874231928110046, 'gpp_af': 0.026017015099635096, 'gpp_b': 0.0009285604157058691, 'gpp_d': 64.4121196047061, 'ign_k': 0.33606138719828227, 'ign_c': 7.416215922265238, 'trop_agb_crit': 1.1486734168127588, 'trop_k_veg': 0.8244393162678604, 'gdp_gamma': 1.7565061632780963, 'cure_k': 0.06598321048432639, 'cure_p_min': 383.70375715291186, 'cure_gpp_ref': 0.06517762458011156, 'cure_agb_crit': 1.7616772169746975, 'fuel_k': 0.2727444473936137, 'fuel_half': 46.82710799768459}. Best is trial 1132 with value: -0.6317570269256394.
[I 2026-07-25 00:40:04,948] Trial 1383 finished with value: 0.43645816647537594 and parameters: {'k1': 0.0009176326146630325, 'D_low': 1.0470372781932746, 'k2': 5.1717635885131415e-05, 'D_high': 792520.3416269139, 'fire_exp': 1.244481002625568, 'P_half': 5.6001204627117644, 'pre_dampen_half': 0.1129408094423032, 'gpp_af': 0.0028888374784025632, 'gpp_b': 0.0018150049749758599, 'gpp_d': 83.45102572217571, 'ign_k': 0.41557991441760267, 'ign_c': 19.232677630606, 'trop_agb_crit': 2.2178595186056813, 'trop_k_veg': 0.8327233608892783, 'gdp_gamma': 0.9805760394424377, 'cure_k': 0.01931000345875335, 'cure_p_min': 392.74343462684465, 'cure_gpp_ref': 0.08920097177012651, 'cure_agb_crit': 2.162077822703921, 'fuel_k': 0.31924634360401977, 'fuel_half': 97.7345060036884}. Best is trial 1132 with value: -0.6317570269256394.
[I 2026-07-25 00:40:05,414] Trial 1384 finished with value: 0.6050358947173795 and parameters: {'k1': 0.0019364704834561118, 'D_low': 23.10659365614005, 'k2': 0.08671928843010888, 'D_high': 7624938.645778782, 'fire_exp': 1.0291500508360099, 'P_half': 1702.128346769544, 'pre_dampen_half': 21.384192119434488, 'gpp_af': 0.002516584289879621, 'gpp_b': 2.9236787966505347e-05, 'gpp_d': 432.7265600937527, 'ign_k': 0.05107747230952627, 'ign_c': 715.361671842429, 'trop_agb_crit': 14.38829144667608, 'trop_k_veg': 0.9745729200859771, 'gdp_gamma': 0.2366393116490774, 'cure_k': 0.0028533755737249803, 'cure_p_min': 205.58877910557277, 'cure_gpp_ref': 0.4866821797526263, 'cure_agb_crit': 6.072021162507323, 'fuel_k': 0.03472129846652426, 'fuel_half': 94.89208119275372}. Best is trial 1132 with value: -0.6317570269256394.
