[I 2026-08-20 00:51:28,147] Trial 1280 finished with value: 0.6118740189780765 and parameters: {'k1': 0.00013760459488827785, 'D_low': 91.72247548064334, 'k2': 0.012113182410101392, 'D_high': 697676.1679977207, 'fire_exp': 1.2591265266562572, 'P_half': 1417.1815727503595, 'pre_dampen_half': 42.53709567281163, 'gpp_af': 0.38460714434130416, 'gpp_b': 0.03329378677763649, 'gpp_d': 0.01603681296215045, 'ign_k': 5.48477795918025, 'ign_c': 0.1217207618627554, 'trop_agb_crit': 2.6733263355116885, 'trop_k_veg': 7.512842777446742, 'pop_amp': 0.9704314800073406, 'pop_peak': 0.9234935423952657, 'pop_sig': 2.2785318733559743}. Best is trial 1128 with value: -0.620386984093161.
[I 2026-08-20 00:51:29,957] Trial 1281 finished with value: 0.5925022238788504 and parameters: {'k1': 0.00021004369746990982, 'D_low': 73.84171715192403, 'k2': 0.05145618910955023, 'D_high': 70923.88783006354, 'fire_exp': 1.7101264692761562, 'P_half': 6200.019257074402, 'pre_dampen_half': 0.7164832677717579, 'gpp_af': 0.006060875983159129, 'gpp_b': 0.016861796131409947, 'gpp_d': 0.1249394159511027, 'ign_k': 6.777952461474617, 'ign_c': 0.11135068645343972, 'trop_agb_crit': 2.278279817020953, 'trop_k_veg': 4.868350719266964, 'pop_amp': 0.4383605685245713, 'pop_peak': 1.519704375928138, 'pop_sig': 2.091927023457821}. Best is trial 1128 with value: -0.620386984093161.
[I 2026-08-20 00:51:31,751] Trial 1282 finished with value: 0.603085893382265 and parameters: {'k1': 0.00029457901042008304, 'D_low': 30.770227611242962, 'k2': 0.029188162413860696, 'D_high': 482511.85255825147, 'fire_exp': 2.2735325444210988, 'P_half': 7405.773595448052, 'pre_dampen_half': 110.01367914389719, 'gpp_af': 0.0077631842109109304, 'gpp_b': 0.004140683676175142, 'gpp_d': 4.9689652982599535, 'ign_k': 5.416858277050526, 'ign_c': 0.4665749614724672, 'trop_agb_crit': 1.7724483074676787, 'trop_k_veg': 6.044118894719335, 'pop_amp': 1.28776995268467, 'pop_peak': 0.5118649376653558, 'pop_sig': 1.8915426847298298}. Best is trial 1128 with value: -0.620386984093161.
[I 2026-08-20 00:51:33,546] Trial 1283 finished with value: 0.5643635265417831 and parameters: {'k1': 0.008273027355029036, 'D_low': 167.16075769021225, 'k2': 0.08456645452478874, 'D_high': 460164.66043584264, 'fire_exp': 3.2678842294719734, 'P_half': 3202.9271976804275, 'pre_dampen_half': 37.71530035030414, 'gpp_af': 0.8427720119536505, 'gpp_b': 0.015098569519899714, 'gpp_d': 75.08294613881415, 'ign_k': 0.3108083723985994, 'ign_c': 0.19058276534812066, 'trop_agb_crit': 7.278721393869871, 'trop_k_veg': 3.4519182869937683, 'pop_amp': 9.104347683035753, 'pop_peak': 0.11178166955733367, 'pop_sig': 1.5602836001656528}. Best is trial 1128 with value: -0.620386984093161.
[I 2026-08-20 00:51:35,639] Trial 1284 finished with value: 0.5122909381473872 and parameters: {'k1': 0.08322168661590808, 'D_low': 6208.929983253951, 'k2': 0.06834643249500082, 'D_high': 4407701.743599243, 'fire_exp': 3.8073372055138, 'P_half': 2.4784023089809506, 'pre_dampen_half': 4.416336687737517, 'gpp_af': 0.015878261051679138, 'gpp_b': 0.00011453028393103602, 'gpp_d': 0.021229721553736036, 'ign_k': 2.216236675972979, 'ign_c': 15.016253982008388, 'trop_agb_crit': 2.939668531840774, 'trop_k_veg': 4.22226067511232, 'pop_amp': 0.2595385065405675, 'pop_peak': 1.8041950781397766, 'pop_sig': 0.7966526775834246}. Best is trial 1128 with value: -0.620386984093161.
[I 2026-08-20 00:51:37,442] Trial 1285 finished with value: 0.64448786939227 and parameters: {'k1': 0.020615184638765643, 'D_low': 1.183861227360534, 'k2': 1.2099335874595342e-05, 'D_high': 65.0686631268212, 'fire_exp': 8.703145367099232, 'P_half': 1880.7644490393495, 'pre_dampen_half': 13.520263079225126, 'gpp_af': 0.2936836788860191, 'gpp_b': 0.0030168898167748205, 'gpp_d': 0.07812328001869177, 'ign_k': 0.021192982607332687, 'ign_c': 136.26538014061768, 'trop_agb_crit': 17.672513952675658, 'trop_k_veg': 1.0626242513490165, 'pop_amp': 0.0035907770622932624, 'pop_peak': 18.995474960071018, 'pop_sig': 1.902581688030245}. Best is trial 1128 with value: -0.620386984093161.
[I 2026-08-20 00:51:39,302] Trial 1286 finished with value: 0.44118994832924163 and parameters: {'k1': 0.000579609964227034, 'D_low': 3628.898670335956, 'k2': 0.00011583810560923235, 'D_high': 8696362.588331142, 'fire_exp': 1.7699423142098922, 'P_half': 181.77900011456913, 'pre_dampen_half': 3.0173011630430833, 'gpp_af': 0.04195902679756279, 'gpp_b': 0.00027330639009001613, 'gpp_d': 127.41797659638725, 'ign_k': 1.8439482378875713, 'ign_c': 4.5201688654025975, 'trop_agb_crit': 17.93058826303179, 'trop_k_veg': 3.1728403536532923, 'pop_amp': 0.003057725305597329, 'pop_peak': 4.14956748123165, 'pop_sig': 0.9030735895138282}. Best is trial 1128 with value: -0.620386984093161.
[I 2026-08-20 00:51:41,081] Trial 1287 finished with value: 0.6108569294766885 and parameters: {'k1': 0.0005500334762842447, 'D_low': 1415.8722613990822, 'k2': 0.08790121333406858, 'D_high': 84093.68368560636, 'fire_exp': 1.3636670302418055, 'P_half': 2.3995073639765736, 'pre_dampen_half': 137.16843989728545, 'gpp_af': 0.0013280106543523116, 'gpp_b': 0.0003167450638825673, 'gpp_d': 3.56965959631268, 'ign_k': 0.7453493236738862, 'ign_c': 32.14721618904535, 'trop_agb_crit': 2.0837986661162926, 'trop_k_veg': 2.5884552162955083, 'pop_amp': 0.01986521326006314, 'pop_peak': 0.763771072878542, 'pop_sig': 1.2752053401464878}. Best is trial 1128 with value: -0.620386984093161.
[I 2026-08-20 00:51:42,897] Trial 1288 finished with value: 0.5747400117225184 and parameters: {'k1': 0.002348231727978552, 'D_low': 92.02376409152973, 'k2': 0.000598530714638202, 'D_high': 119156.35911714831, 'fire_exp': 3.5636765742488214, 'P_half': 390.1209121817016, 'pre_dampen_half': 15.088900078955234, 'gpp_af': 0.12906954636126142, 'gpp_b': 0.03648911701399478, 'gpp_d': 494.85613720882, 'ign_k': 0.08341960220716943, 'ign_c': 0.8311543246421664, 'trop_agb_crit': 21.8450938952172, 'trop_k_veg': 2.2309779503084197, 'pop_amp': 0.06134015563544008, 'pop_peak': 1.1325642067426522, 'pop_sig': 0.38232758159856944}. Best is trial 1128 with value: -0.620386984093161.
[I 2026-08-20 00:51:44,695] Trial 1289 finished with value: 0.6215307576163774 and parameters: {'k1': 0.00018081276338902333, 'D_low': 879.3561329423549, 'k2': 0.006911183650829936, 'D_high': 498852.35228518175, 'fire_exp': 1.005656973689387, 'P_half': 5.068340168400271, 'pre_dampen_half': 20.38481693211755, 'gpp_af': 0.0011755771000655957, 'gpp_b': 9.609952066607413e-05, 'gpp_d': 0.8258245754522533, 'ign_k': 3.914006888001326, 'ign_c': 32.720402264204985, 'trop_agb_crit': 6.293078940405999, 'trop_k_veg': 4.292243931703948, 'pop_amp': 0.4656481772494221, 'pop_peak': 9.100516139733054, 'pop_sig': 1.3614183505309643}. Best is trial 1128 with value: -0.620386984093161.
[I 2026-08-20 00:51:46,533] Trial 1290 finished with value: 0.44539323919195695 and parameters: {'k1': 0.002393846622335496, 'D_low': 6.173716335381646, 'k2': 0.023853964873308812, 'D_high': 4604304.432306734, 'fire_exp': 1.1938325775238579, 'P_half': 15.734981317056356, 'pre_dampen_half': 0.016205503831488006, 'gpp_af': 0.013353566277872984, 'gpp_b': 0.0009960479016995248, 'gpp_d': 2.310294942529372, 'ign_k': 0.0012984703686677093, 'ign_c': 0.1319693870150205, 'trop_agb_crit': 4.523125443608187, 'trop_k_veg': 0.646403207214217, 'pop_amp': 12.575173649560348, 'pop_peak': 44.74310345046972, 'pop_sig': 0.5091768922481806}. Best is trial 1128 with value: -0.620386984093161.
[I 2026-08-20 00:51:48,350] Trial 1291 finished with value: 0.4581466796576972 and parameters: {'k1': 2.1854791372060708e-05, 'D_low': 88.16327156724036, 'k2': 0.0026877467495051125, 'D_high': 76802.52651235381, 'fire_exp': 1.6859068982710737, 'P_half': 586.9540768881575, 'pre_dampen_half': 29.995483507461135, 'gpp_af': 0.01598299968105742, 'gpp_b': 7.142314202596289e-05, 'gpp_d': 0.9276977341287315, 'ign_k': 8.817726012139492, 'ign_c': 1.0617788996710082, 'trop_agb_crit': 5.289435131800494, 'trop_k_veg': 4.155872063236441, 'pop_amp': 0.9381662320264191, 'pop_peak': 36.90237847392102, 'pop_sig': 2.043978218228952}. Best is trial 1128 with value: -0.620386984093161.
[I 2026-08-20 00:51:50,164] Trial 1292 finished with value: 0.638103864163401 and parameters: {'k1': 0.004392923736902963, 'D_low': 213455.6125375802, 'k2': 0.04709827053534851, 'D_high': 1453253.589443934, 'fire_exp': 4.6033125143821785, 'P_half': 7.603279651655668, 'pre_dampen_half': 0.09785200390337163, 'gpp_af': 1.857081416053642, 'gpp_b': 0.0034099836357048864, 'gpp_d': 0.1771721325955016, 'ign_k': 2.5622410135821245, 'ign_c': 14.71523755884875, 'trop_agb_crit': 4.035090412447591, 'trop_k_veg': 4.669300826508296, 'pop_amp': 0.41240423596479886, 'pop_peak': 2.170994341611442, 'pop_sig': 1.488789920070794}. Best is trial 1128 with value: -0.620386984093161.
[I 2026-08-20 00:51:51,961] Trial 1293 finished with value: 0.6445374145881376 and parameters: {'k1': 0.0024311879382221723, 'D_low': 7.896072778066264, 'k2': 0.0025925029446315128, 'D_high': 396704.5907232855, 'fire_exp': 1.2449038804907488, 'P_half': 9890.758616468056, 'pre_dampen_half': 0.7699911958909899, 'gpp_af': 0.0018448997028035646, 'gpp_b': 0.00019074027812807272, 'gpp_d': 1.97903074580641, 'ign_k': 1.5395671602966499, 'ign_c': 85.82042525397118, 'trop_agb_crit': 2.5447352280437237, 'trop_k_veg': 4.27862612712033, 'pop_amp': 5.273643248593157, 'pop_peak': 46.35206484462055, 'pop_sig': 1.1740599483537446}. Best is trial 1128 with value: -0.620386984093161.
[I 2026-08-20 00:51:53,751] Trial 1294 finished with value: 0.6445374145881376 and parameters: {'k1': 0.034444481095374145, 'D_low': 58.651563960019004, 'k2': 0.000541910941598221, 'D_high': 1806.4736287104843, 'fire_exp': 6.017278916469004, 'P_half': 5.5294294571505365, 'pre_dampen_half': 874.4163478942276, 'gpp_af': 0.0036916460142249496, 'gpp_b': 0.023456381758559602, 'gpp_d': 0.02625637602621454, 'ign_k': 0.04037092857016373, 'ign_c': 401.9404705698295, 'trop_agb_crit': 1.1343839002595149, 'trop_k_veg': 1.879100408301906, 'pop_amp': 0.2460776825258267, 'pop_peak': 0.12541743077548445, 'pop_sig': 0.6428901851266474}. Best is trial 1128 with value: -0.620386984093161.
[I 2026-08-20 00:51:55,542] Trial 1295 finished with value: 0.6197283393446478 and parameters: {'k1': 0.0001932419912700544, 'D_low': 159105.9535078889, 'k2': 0.017378840090815403, 'D_high': 3260846.607262357, 'fire_exp': 2.5355689063909415, 'P_half': 3.7134918872704366, 'pre_dampen_half': 33.11477236826074, 'gpp_af': 0.0026099341438990775, 'gpp_b': 3.673432539355629e-05, 'gpp_d': 25.941044455320995, 'ign_k': 1.4128767481931375, 'ign_c': 15.954322268279867, 'trop_agb_crit': 10.237927857541699, 'trop_k_veg': 5.796943846985693, 'pop_amp': 0.15125824644164876, 'pop_peak': 0.4037646480758889, 'pop_sig': 0.9894761958783798}. Best is trial 1128 with value: -0.620386984093161.
[I 2026-08-20 00:51:57,697] Trial 1296 finished with value: 0.4753359582039055 and parameters: {'k1': 0.0006141290630355444, 'D_low': 5713.662492733213, 'k2': 0.02343022951901917, 'D_high': 412038.27810203686, 'fire_exp': 5.1347107732302915, 'P_half': 30.931223762525843, 'pre_dampen_half': 1.7564734204302361, 'gpp_af': 2.603220881202524, 'gpp_b': 1.539009234989778e-05, 'gpp_d': 167.17253051675434, 'ign_k': 3.1611801714930348, 'ign_c': 1.0752084031836973, 'trop_agb_crit': 21.91616514976167, 'trop_k_veg': 1.9495271349667513, 'pop_amp': 5.352315174675647, 'pop_peak': 1.336841897660422, 'pop_sig': 0.6577823361255117}. Best is trial 1128 with value: -0.620386984093161.
[I 2026-08-20 00:51:59,541] Trial 1297 finished with value: 0.556170319038057 and parameters: {'k1': 2.5943667153871433e-05, 'D_low': 77.51160982688499, 'k2': 0.05127647162804488, 'D_high': 1099877.4405411293, 'fire_exp': 2.1273329565526735, 'P_half': 118.876663373695, 'pre_dampen_half': 0.9673613420180291, 'gpp_af': 0.011960424178505076, 'gpp_b': 0.0071100657605169875, 'gpp_d': 0.010076418914795545, 'ign_k': 8.044029424214118, 'ign_c': 0.5769988790305927, 'trop_agb_crit': 3.3370118510474054, 'trop_k_veg': 6.755456660515571, 'pop_amp': 14.35528095297822, 'pop_peak': 0.9216727703534494, 'pop_sig': 2.398078455746198}. Best is trial 1128 with value: -0.620386984093161.
[I 2026-08-20 00:52:01,482] Trial 1298 finished with value: -0.5811493388216534 and parameters: {'k1': 0.000920899448688148, 'D_low': 5616.323033229402, 'k2': 0.01773263697907505, 'D_high': 1836359.7007976142, 'fire_exp': 4.026425980265446, 'P_half': 14.702319589661263, 'pre_dampen_half': 23.18942747980719, 'gpp_af': 0.4422553587947692, 'gpp_b': 0.007022212481551356, 'gpp_d': 481.59582401836076, 'ign_k': 4.747485168529847, 'ign_c': 6.253144022043791, 'trop_agb_crit': 13.840208413655533, 'trop_k_veg': 2.1345384556244387, 'pop_amp': 0.08725558190499612, 'pop_peak': 3.6201370109840525, 'pop_sig': 0.6150340567490007}. Best is trial 1128 with value: -0.620386984093161.
[I 2026-08-20 00:52:03,424] Trial 1299 finished with value: 0.6397210493314991 and parameters: {'k1': 0.00023689718707619307, 'D_low': 290045.5929855689, 'k2': 0.03527792576355587, 'D_high': 3044769.9519259837, 'fire_exp': 4.042992581248953, 'P_half': 13.091616182236473, 'pre_dampen_half': 1.0890899296391594, 'gpp_af': 5.409043492959285, 'gpp_b': 0.014759175436183672, 'gpp_d': 115.73287543499843, 'ign_k': 0.5218034085657646, 'ign_c': 1.0113975427056852, 'trop_agb_crit': 16.948137116263435, 'trop_k_veg': 1.6162063732041685, 'pop_amp': 0.20660426601791462, 'pop_peak': 0.36663858356807577, 'pop_sig': 0.4164484079177992}. Best is trial 1128 with value: -0.620386984093161.
[I 2026-08-20 00:52:05,241] Trial 1300 finished with value: 0.6445374145881376 and parameters: {'k1': 0.0007108153393906029, 'D_low': 14897.227752535166, 'k2': 0.0025967246994178295, 'D_high': 1878001.8832849802, 'fire_exp': 1.1004614136019253, 'P_half': 1009.1266617536527, 'pre_dampen_half': 11.527459680508406, 'gpp_af': 0.06983515006244857, 'gpp_b': 0.0015481816008294648, 'gpp_d': 7.988779043334442, 'ign_k': 7.399499511302267, 'ign_c': 49.167472300082, 'trop_agb_crit': 19.330623311733525, 'trop_k_veg': 1.7863555164467662, 'pop_amp': 0.0038707681974523827, 'pop_peak': 5.010881000790966, 'pop_sig': 0.6162266676207163}. Best is trial 1128 with value: -0.620386984093161.
[I 2026-08-20 00:52:07,095] Trial 1301 finished with value: 0.4941963992173014 and parameters: {'k1': 0.00041307764093838866, 'D_low': 10805.253791836712, 'k2': 0.00926127474989808, 'D_high': 1713035.059426201, 'fire_exp': 3.4952254578572424, 'P_half': 31.739246996862146, 'pre_dampen_half': 9.537227053833199, 'gpp_af': 0.1313064474936926, 'gpp_b': 0.008273350334045332, 'gpp_d': 687.8496452974322, 'ign_k': 6.584457980919121, 'ign_c': 1.6211099533090498, 'trop_agb_crit': 23.849681925398887, 'trop_k_veg': 1.464350321880363, 'pop_amp': 0.2346541686038534, 'pop_peak': 1.693251988987419, 'pop_sig': 0.6916982363658347}. Best is trial 1128 with value: -0.620386984093161.
[I 2026-08-20 00:52:08,929] Trial 1302 finished with value: 0.42882187765837054 and parameters: {'k1': 0.0020185264780462394, 'D_low': 1296.348256913509, 'k2': 0.03563130319656932, 'D_high': 7202901.7570136115, 'fire_exp': 7.3260987019441, 'P_half': 9.161850703946886, 'pre_dampen_half': 222.87406356272055, 'gpp_af': 0.09009132814706532, 'gpp_b': 0.001278712701850029, 'gpp_d': 16.194677588721337, 'ign_k': 1.2948575039845571, 'ign_c': 10.68182630401313, 'trop_agb_crit': 20.18666410336139, 'trop_k_veg': 2.1827500429039723, 'pop_amp': 0.05687289024639027, 'pop_peak': 0.5358204365678956, 'pop_sig': 1.3257066813905156}. Best is trial 1128 with value: -0.620386984093161.
[I 2026-08-20 00:52:10,775] Trial 1303 finished with value: 0.5251189440667448 and parameters: {'k1': 0.00349249305056215, 'D_low': 57325.436864586474, 'k2': 0.003927508275691933, 'D_high': 575731.5414328559, 'fire_exp': 5.39790573908891, 'P_half': 6.973543353131154, 'pre_dampen_half': 51.31678294008187, 'gpp_af': 0.2152862317149296, 'gpp_b': 0.0005149536079902344, 'gpp_d': 55.03450071563027, 'ign_k': 6.702576211138109, 'ign_c': 22.390518283923424, 'trop_agb_crit': 6.139840217548032, 'trop_k_veg': 2.448492602986939, 'pop_amp': 0.09761172624026544, 'pop_peak': 1.2438098351957543, 'pop_sig': 0.3663018843856784}. Best is trial 1128 with value: -0.620386984093161.
[I 2026-08-20 00:52:12,616] Trial 1304 finished with value: -0.5833370526223334 and parameters: {'k1': 0.0019566054569981903, 'D_low': 52.99629907305254, 'k2': 0.002589647492969093, 'D_high': 518175.2779658225, 'fire_exp': 2.2635273991933986, 'P_half': 212.174328575183, 'pre_dampen_half': 6.080677598688412, 'gpp_af': 0.08145974952003564, 'gpp_b': 4.343287106777658e-05, 'gpp_d': 148.5607207856101, 'ign_k': 1.1500440165526276, 'ign_c': 6.97634266437611, 'trop_agb_crit': 12.015859537030046, 'trop_k_veg': 2.8132648843617063, 'pop_amp': 0.003384373645902254, 'pop_peak': 19.68319289661191, 'pop_sig': 1.437664371810504}. Best is trial 1128 with value: -0.620386984093161.
[I 2026-08-20 00:52:14,423] Trial 1305 finished with value: 0.43898565803017386 and parameters: {'k1': 0.007496487789740841, 'D_low': 891.9058291096879, 'k2': 0.0009454712314090699, 'D_high': 1665613.2328089732, 'fire_exp': 1.2077899124266223, 'P_half': 4115.654170106959, 'pre_dampen_half': 0.7577166782470651, 'gpp_af': 0.0012557699388689402, 'gpp_b': 1.4064517175778998e-05, 'gpp_d': 0.15435725647824505, 'ign_k': 5.175921367991407, 'ign_c': 3.0116846296945017, 'trop_agb_crit': 1.3712954200797496, 'trop_k_veg': 2.228596956904412, 'pop_amp': 8.255720604308053, 'pop_peak': 2.901783872097118, 'pop_sig': 0.7543656754290223}. Best is trial 1128 with value: -0.620386984093161.
[I 2026-08-20 00:52:16,253] Trial 1306 finished with value: 0.39974741051417473 and parameters: {'k1': 0.00853908901728433, 'D_low': 51.6237507263277, 'k2': 0.0014283105540664996, 'D_high': 1148157.8390286716, 'fire_exp': 2.915244664856769, 'P_half': 52.40778118019775, 'pre_dampen_half': 10.849108767455098, 'gpp_af': 0.11054110742543305, 'gpp_b': 1.2272917173121124e-05, 'gpp_d': 54.869816653993716, 'ign_k': 1.219624952067772, 'ign_c': 12.334857130769754, 'trop_agb_crit': 12.524319209587405, 'trop_k_veg': 2.7071819974986724, 'pop_amp': 0.007102643746162104, 'pop_peak': 154.3654192161956, 'pop_sig': 1.7977905532199097}. Best is trial 1128 with value: -0.620386984093161.
[I 2026-08-20 00:52:18,451] Trial 1307 finished with value: 0.4228564049901731 and parameters: {'k1': 0.0018733383757081551, 'D_low': 65.20688655884858, 'k2': 0.010657276924525111, 'D_high': 2072612.5165042328, 'fire_exp': 1.1132539576299667, 'P_half': 369.23351728601034, 'pre_dampen_half': 0.017994601105129238, 'gpp_af': 0.04235765611737732, 'gpp_b': 0.0001889446599583748, 'gpp_d': 0.38182931009447313, 'ign_k': 1.4411695754164748, 'ign_c': 2.9153056258009467, 'trop_agb_crit': 2.9121343446616965, 'trop_k_veg': 4.005783455304129, 'pop_amp': 4.017619291078707, 'pop_peak': 9.240271857913969, 'pop_sig': 0.5796861203449489}. Best is trial 1128 with value: -0.620386984093161.
[I 2026-08-20 00:52:20,232] Trial 1308 finished with value: 0.49604395467475815 and parameters: {'k1': 0.00028516522848779784, 'D_low': 5.44149057675297, 'k2': 0.004046606053765073, 'D_high': 185056.91332823693, 'fire_exp': 1.8603088170319615, 'P_half': 1060.8610693579233, 'pre_dampen_half': 32.347934203318765, 'gpp_af': 0.1268840364074792, 'gpp_b': 0.0008762233019047169, 'gpp_d': 177.74220603785056, 'ign_k': 0.7159126350659182, 'ign_c': 15.7807876118488, 'trop_agb_crit': 8.267779013157734, 'trop_k_veg': 1.8938041990247827, 'pop_amp': 0.006838436876156372, 'pop_peak': 1.7998761019481926, 'pop_sig': 1.2271387612130267}. Best is trial 1128 with value: -0.620386984093161.
[I 2026-08-20 00:52:22,106] Trial 1309 finished with value: 0.5852545845475363 and parameters: {'k1': 0.004554487368614163, 'D_low': 7.898741126769811, 'k2': 0.0493336394601172, 'D_high': 2408238.652475572, 'fire_exp': 2.1770207165165507, 'P_half': 629.3000473926343, 'pre_dampen_half': 4.641260475149904, 'gpp_af': 0.12589401369557562, 'gpp_b': 5.58431917116511e-05, 'gpp_d': 102.18722442929227, 'ign_k': 0.09844162168201631, 'ign_c': 41.171103928061726, 'trop_agb_crit': 5.00509388844601, 'trop_k_veg': 2.960158536507929, 'pop_amp': 0.0020462065866901154, 'pop_peak': 8.035137770685038, 'pop_sig': 1.4607032958703028}. Best is trial 1128 with value: -0.620386984093161.
[I 2026-08-20 00:52:23,929] Trial 1310 finished with value: 0.5249403822049084 and parameters: {'k1': 0.002370322475070487, 'D_low': 6.13140531667256, 'k2': 0.0017544912660922211, 'D_high': 6324531.532952773, 'fire_exp': 1.6001052386827896, 'P_half': 230.6675788295082, 'pre_dampen_half': 0.5972285892979531, 'gpp_af': 0.012873580099270537, 'gpp_b': 0.0006753404845958038, 'gpp_d': 0.03462057955647862, 'ign_k': 6.91534493833755, 'ign_c': 7.59215649144131, 'trop_agb_crit': 3.1719476364561188, 'trop_k_veg': 1.5741645423451247, 'pop_amp': 0.27937460370097356, 'pop_peak': 0.059244959438369896, 'pop_sig': 0.26395948789156537}. Best is trial 1128 with value: -0.620386984093161.
[I 2026-08-20 00:52:25,771] Trial 1311 finished with value: 0.5629917965180429 and parameters: {'k1': 0.000431552783700162, 'D_low': 75.4970297331996, 'k2': 0.012104853801354322, 'D_high': 3607585.7648092182, 'fire_exp': 2.923406038279358, 'P_half': 1178.0578220940938, 'pre_dampen_half': 50.48522598072271, 'gpp_af': 0.007966089483702674, 'gpp_b': 0.000691498491823558, 'gpp_d': 111.19804418084888, 'ign_k': 0.8254751220688318, 'ign_c': 10.671098404470708, 'trop_agb_crit': 25.12947271210574, 'trop_k_veg': 3.5610968385678503, 'pop_amp': 0.007757533868561135, 'pop_peak': 45.673809294750626, 'pop_sig': 2.106790976242384}. Best is trial 1128 with value: -0.620386984093161.
