[I 2026-08-20 00:50:27,781] Trial 1576 finished with value: 0.6267922385107181 and parameters: {'k1': 0.08917225755713247, 'D_low': 458.428446783877, 'k2': 0.06829671107758875, 'D_high': 566.7806688743406, 'fire_exp': 2.962419862564542, 'P_half': 453.2832960390042, 'pre_dampen_half': 75.42709224332994, 'gpp_af': 0.6075860858384102, 'gpp_b': 0.1875247650593325, 'gpp_d': 56.790823307244814, 'ign_k': 0.005421585005522319, 'ign_c': 1.0569836393857825, 'trop_agb_crit': 9.582756939532883, 'trop_k_veg': 1.4683153266595415}. Best is trial 1285 with value: -0.6015874360929447.
[I 2026-08-20 00:50:29,206] Trial 1577 finished with value: 0.6341101719730171 and parameters: {'k1': 0.030210827460345837, 'D_low': 7485.766871162446, 'k2': 0.00014285106549249358, 'D_high': 11.933742081236977, 'fire_exp': 3.714133403643291, 'P_half': 2.318850812618015, 'pre_dampen_half': 8.539498977109368, 'gpp_af': 0.11389799727726141, 'gpp_b': 0.005251989939400292, 'gpp_d': 0.02036608417160952, 'ign_k': 0.11578644525753984, 'ign_c': 1.494070504540851, 'trop_agb_crit': 25.90185812108878, 'trop_k_veg': 1.278607209732339}. Best is trial 1285 with value: -0.6015874360929447.
[I 2026-08-20 00:50:30,759] Trial 1578 finished with value: 0.6445374145881376 and parameters: {'k1': 2.9331604931576532e-05, 'D_low': 432416.7067356833, 'k2': 3.979856782748246e-05, 'D_high': 2242168.2976428983, 'fire_exp': 5.493508882410056, 'P_half': 1.8856023463113398, 'pre_dampen_half': 583.3972608972342, 'gpp_af': 28.612195182887227, 'gpp_b': 0.0017199666521939465, 'gpp_d': 0.023305359924275654, 'ign_k': 0.2502936479389533, 'ign_c': 54.94479169215962, 'trop_agb_crit': 2.4768023661961096, 'trop_k_veg': 3.4583299221041006}. Best is trial 1285 with value: -0.6015874360929447.
[I 2026-08-20 00:50:32,160] Trial 1579 finished with value: 0.6028972356152622 and parameters: {'k1': 0.0005509382380042059, 'D_low': 10.84605377132389, 'k2': 0.006847522766039607, 'D_high': 6166.576007129791, 'fire_exp': 1.6691999389567818, 'P_half': 1632.4983403116544, 'pre_dampen_half': 0.027525242015752453, 'gpp_af': 0.0010598646769648548, 'gpp_b': 0.0011531952756434793, 'gpp_d': 474.6123304183394, 'ign_k': 0.11493969702518156, 'ign_c': 2.745537228641054, 'trop_agb_crit': 1.4268021907617001, 'trop_k_veg': 3.0870508307584372}. Best is trial 1285 with value: -0.6015874360929447.
[I 2026-08-20 00:50:33,564] Trial 1580 finished with value: 0.554560840084313 and parameters: {'k1': 0.0030442848728287272, 'D_low': 5.863815865413139, 'k2': 2.4390631661033363e-05, 'D_high': 2734743.930758591, 'fire_exp': 6.553480200713631, 'P_half': 2.7033660388270015, 'pre_dampen_half': 3.5458598340534335, 'gpp_af': 0.7628594847633803, 'gpp_b': 2.5636117025238092e-05, 'gpp_d': 916.4252290253756, 'ign_k': 0.1848393067181177, 'ign_c': 19.77306849919538, 'trop_agb_crit': 22.746536118650706, 'trop_k_veg': 3.322229029262115}. Best is trial 1285 with value: -0.6015874360929447.
[I 2026-08-20 00:50:34,994] Trial 1581 finished with value: 0.5969306482809664 and parameters: {'k1': 0.0002020925729215815, 'D_low': 63.677601685671455, 'k2': 0.006911433911827087, 'D_high': 1633544.5574723429, 'fire_exp': 6.1560164475033945, 'P_half': 2.3748126158447374, 'pre_dampen_half': 2.078232571759224, 'gpp_af': 0.029521069208153335, 'gpp_b': 0.03454588586287187, 'gpp_d': 12.567079710033855, 'ign_k': 2.699425577360958, 'ign_c': 0.8980535879856345, 'trop_agb_crit': 29.426950396165523, 'trop_k_veg': 6.614251620718702}. Best is trial 1285 with value: -0.6015874360929447.
[I 2026-08-20 00:50:36,424] Trial 1582 finished with value: 0.6445374145881376 and parameters: {'k1': 0.0057542237390172234, 'D_low': 7.548792043910931, 'k2': 0.0001408979844362568, 'D_high': 147914.42336951234, 'fire_exp': 3.0842648706460754, 'P_half': 1.60291440066859, 'pre_dampen_half': 2.610772340164089, 'gpp_af': 0.7217631460530076, 'gpp_b': 0.00022714454260962838, 'gpp_d': 119.42629117586625, 'ign_k': 8.574329208010889, 'ign_c': 42.340039563376855, 'trop_agb_crit': 3.4369663148054346, 'trop_k_veg': 1.7384317793351334}. Best is trial 1285 with value: -0.6015874360929447.
[I 2026-08-20 00:50:37,835] Trial 1583 finished with value: 0.56622194912829 and parameters: {'k1': 2.369323261829478e-05, 'D_low': 1.5634430279835212, 'k2': 0.0016688727027147372, 'D_high': 3868333.9803876122, 'fire_exp': 9.385865823524794, 'P_half': 1.3562155779086942, 'pre_dampen_half': 2.118592471529381, 'gpp_af': 0.15441799513358895, 'gpp_b': 0.00018229525336483398, 'gpp_d': 564.1224117738808, 'ign_k': 1.3204616470416928, 'ign_c': 2.305138492188546, 'trop_agb_crit': 4.659429515812944, 'trop_k_veg': 3.307066002997011}. Best is trial 1285 with value: -0.6015874360929447.
[I 2026-08-20 00:50:39,619] Trial 1584 finished with value: 0.5002108724867338 and parameters: {'k1': 0.0012013627440270731, 'D_low': 203.29943147975658, 'k2': 0.08938705127248373, 'D_high': 33566.722260609466, 'fire_exp': 1.3865731166193123, 'P_half': 11.11517805819532, 'pre_dampen_half': 189.8902291450648, 'gpp_af': 0.11544294455641714, 'gpp_b': 0.002164152103069127, 'gpp_d': 553.5682564042813, 'ign_k': 0.4308627196563984, 'ign_c': 0.19084092330273075, 'trop_agb_crit': 4.816781636090112, 'trop_k_veg': 4.048526192127306}. Best is trial 1285 with value: -0.6015874360929447.
[I 2026-08-20 00:50:41,109] Trial 1585 finished with value: 0.6445374145881376 and parameters: {'k1': 0.00010163520564889967, 'D_low': 453.36286599241794, 'k2': 0.003477708632598346, 'D_high': 9133.651687090061, 'fire_exp': 2.416756610003818, 'P_half': 82.53512155156866, 'pre_dampen_half': 8.352106108628764, 'gpp_af': 0.028319404300878984, 'gpp_b': 1.4696062839324323e-05, 'gpp_d': 68.17424677501803, 'ign_k': 5.064218080933599, 'ign_c': 53.04154905578643, 'trop_agb_crit': 27.219209566770505, 'trop_k_veg': 0.9068976199249902}. Best is trial 1285 with value: -0.6015874360929447.
[I 2026-08-20 00:50:42,489] Trial 1586 finished with value: 0.6328594709878306 and parameters: {'k1': 0.0005993215343148905, 'D_low': 12977.408441769048, 'k2': 0.052102785516205445, 'D_high': 4515792.899911814, 'fire_exp': 1.1466845582638103, 'P_half': 7.57988689882246, 'pre_dampen_half': 818.4828833565547, 'gpp_af': 0.004955029823051344, 'gpp_b': 0.36747661008828836, 'gpp_d': 0.18479681587027802, 'ign_k': 1.9845122932309545, 'ign_c': 4.681224754108626, 'trop_agb_crit': 1.1249459456990494, 'trop_k_veg': 0.6167521971238978}. Best is trial 1285 with value: -0.6015874360929447.
[I 2026-08-20 00:50:43,846] Trial 1587 finished with value: 0.436728262140227 and parameters: {'k1': 0.0007057472109177277, 'D_low': 95.01883274444931, 'k2': 0.00017304631496847697, 'D_high': 324446.0674890474, 'fire_exp': 1.2786957253019915, 'P_half': 1.736661296657028, 'pre_dampen_half': 4.813458588938255, 'gpp_af': 3.2844064766828422, 'gpp_b': 0.000773243442214927, 'gpp_d': 19.159213986541328, 'ign_k': 0.34200325097066175, 'ign_c': 1.7405589961429933, 'trop_agb_crit': 24.238902333958634, 'trop_k_veg': 2.8247820084452586}. Best is trial 1285 with value: -0.6015874360929447.
[I 2026-08-20 00:50:45,262] Trial 1588 finished with value: -0.5742027766339994 and parameters: {'k1': 0.005123181727648366, 'D_low': 2.8158406897377617, 'k2': 2.8431655286469796e-05, 'D_high': 838774.8388751678, 'fire_exp': 3.8377406789202775, 'P_half': 2.9946525000691895, 'pre_dampen_half': 2.4867270679409677, 'gpp_af': 3.9852987400214146, 'gpp_b': 0.005067001373929278, 'gpp_d': 650.152972232268, 'ign_k': 1.4230270044448239, 'ign_c': 5.4241675186587806, 'trop_agb_crit': 1.9053048451478412, 'trop_k_veg': 3.4795879358122312}. Best is trial 1285 with value: -0.6015874360929447.
[I 2026-08-20 00:50:46,732] Trial 1589 finished with value: 0.6445374145881376 and parameters: {'k1': 1.1270481870842596e-05, 'D_low': 10.748859492506055, 'k2': 0.00043427919382678934, 'D_high': 198831.5206519256, 'fire_exp': 2.474958284145199, 'P_half': 6.423433793461355, 'pre_dampen_half': 2.3813139809759076, 'gpp_af': 0.23022480119194638, 'gpp_b': 0.00019070354125343573, 'gpp_d': 14.035935946929389, 'ign_k': 0.4328304687080489, 'ign_c': 289.14459478649513, 'trop_agb_crit': 17.397199109683857, 'trop_k_veg': 2.2367966135782416}. Best is trial 1285 with value: -0.6015874360929447.
[I 2026-08-20 00:50:48,132] Trial 1590 finished with value: 0.6445374145881376 and parameters: {'k1': 0.0016722907792147451, 'D_low': 218660.45425333554, 'k2': 0.00015604510976854216, 'D_high': 386767.54614188283, 'fire_exp': 5.4521883634416435, 'P_half': 39.696079413473434, 'pre_dampen_half': 0.05624598377068625, 'gpp_af': 19.884896319053972, 'gpp_b': 1.9610797871707123e-05, 'gpp_d': 67.1392904327019, 'ign_k': 6.694972558967903, 'ign_c': 434.0367216995969, 'trop_agb_crit': 3.8992482827304356, 'trop_k_veg': 1.5584606311466915}. Best is trial 1285 with value: -0.6015874360929447.
[I 2026-08-20 00:50:49,623] Trial 1591 finished with value: 0.6014925899557031 and parameters: {'k1': 0.00025066389775789264, 'D_low': 4626.228909268344, 'k2': 0.0016762735037483022, 'D_high': 5496.834980531269, 'fire_exp': 8.899436524258729, 'P_half': 1.2274667772852763, 'pre_dampen_half': 66.55479014879805, 'gpp_af': 0.015133019812605524, 'gpp_b': 0.0009020802743206002, 'gpp_d': 6.7679338886176845, 'ign_k': 0.2566584784270037, 'ign_c': 0.8298353453199443, 'trop_agb_crit': 23.596843545012778, 'trop_k_veg': 2.2609930910863327}. Best is trial 1285 with value: -0.6015874360929447.
[I 2026-08-20 00:50:51,046] Trial 1592 finished with value: 0.6445374145881376 and parameters: {'k1': 2.674335958877644e-05, 'D_low': 1.551886630491232, 'k2': 1.588916345602053e-05, 'D_high': 3189795.8003825317, 'fire_exp': 3.526227396473331, 'P_half': 47.09628268250899, 'pre_dampen_half': 0.014736958368310078, 'gpp_af': 0.01617647790833471, 'gpp_b': 6.437407918862051, 'gpp_d': 12.2387682180933, 'ign_k': 0.07824798479863253, 'ign_c': 84.9776882072199, 'trop_agb_crit': 19.762887096410747, 'trop_k_veg': 0.5719937049425452}. Best is trial 1285 with value: -0.6015874360929447.
[I 2026-08-20 00:50:52,489] Trial 1593 finished with value: 0.6017893374267227 and parameters: {'k1': 1.126453791840645e-05, 'D_low': 2393.882491950099, 'k2': 0.007243160385643407, 'D_high': 4829633.459704936, 'fire_exp': 8.083591378584064, 'P_half': 9.370477426323559, 'pre_dampen_half': 2.216898930775432, 'gpp_af': 22.107326289828222, 'gpp_b': 0.031423554244631835, 'gpp_d': 13.380860865556036, 'ign_k': 0.8108866672259348, 'ign_c': 0.3839786363607397, 'trop_agb_crit': 1.0591874718902956, 'trop_k_veg': 1.8026150575172468}. Best is trial 1285 with value: -0.6015874360929447.
[I 2026-08-20 00:50:53,861] Trial 1594 finished with value: -0.5572535321649342 and parameters: {'k1': 0.00015005857942588816, 'D_low': 504.9821693105775, 'k2': 4.2084766030430066e-05, 'D_high': 1730679.30470524, 'fire_exp': 1.0539418529277176, 'P_half': 43.39671683510556, 'pre_dampen_half': 8.041343057143344, 'gpp_af': 0.17011589575025116, 'gpp_b': 0.0001591163389879116, 'gpp_d': 15.04591507589139, 'ign_k': 0.9576480612213417, 'ign_c': 26.050076325014366, 'trop_agb_crit': 3.5171436465369914, 'trop_k_veg': 7.785442276776209}. Best is trial 1285 with value: -0.6015874360929447.
[I 2026-08-20 00:50:55,244] Trial 1595 finished with value: 0.6240204869672464 and parameters: {'k1': 0.0002952228752624692, 'D_low': 4510.225741849648, 'k2': 0.00010374909747010043, 'D_high': 1378055.9029454752, 'fire_exp': 2.872114916069365, 'P_half': 14.46740053376674, 'pre_dampen_half': 4.812027204722205, 'gpp_af': 0.026313172457980184, 'gpp_b': 0.37036280446207237, 'gpp_d': 0.014037224208298501, 'ign_k': 0.006054132151121166, 'ign_c': 11.953302069313308, 'trop_agb_crit': 13.231754005211425, 'trop_k_veg': 1.1265027624286483}. Best is trial 1285 with value: -0.6015874360929447.
[I 2026-08-20 00:50:56,646] Trial 1596 finished with value: 0.4195666645660403 and parameters: {'k1': 5.432025372790562e-05, 'D_low': 469.93260177905165, 'k2': 0.023576506813146256, 'D_high': 9910955.990488794, 'fire_exp': 1.4072523850731349, 'P_half': 1.7795486866420287, 'pre_dampen_half': 14.045377354373569, 'gpp_af': 0.6684040533080087, 'gpp_b': 0.006190662038900398, 'gpp_d': 18.02852811372915, 'ign_k': 1.2476074243990933, 'ign_c': 0.37746261687244886, 'trop_agb_crit': 10.671887776537197, 'trop_k_veg': 3.7893302555614388}. Best is trial 1285 with value: -0.6015874360929447.
[I 2026-08-20 00:50:58,090] Trial 1597 finished with value: 0.6002485977445694 and parameters: {'k1': 0.09656307421680876, 'D_low': 12471.26178081681, 'k2': 0.002010662892939345, 'D_high': 284763.3146533431, 'fire_exp': 2.751595287537218, 'P_half': 5.304151051814184, 'pre_dampen_half': 0.7628189401246934, 'gpp_af': 7.626360603112979, 'gpp_b': 4.976547292252465, 'gpp_d': 799.5171912694807, 'ign_k': 0.04584415910706542, 'ign_c': 22.049335870580663, 'trop_agb_crit': 6.861536288252934, 'trop_k_veg': 0.8000971687076448}. Best is trial 1285 with value: -0.6015874360929447.
[I 2026-08-20 00:50:59,543] Trial 1598 finished with value: 0.65196355252438 and parameters: {'k1': 0.004348792458196598, 'D_low': 12988.770895327112, 'k2': 0.00024203810359999732, 'D_high': 3568450.2139083697, 'fire_exp': 2.591266311920015, 'P_half': 62.62428034071606, 'pre_dampen_half': 73.00006857229468, 'gpp_af': 3.9700446515861163, 'gpp_b': 0.029287983591420406, 'gpp_d': 354.69883499579026, 'ign_k': 0.8570959574942546, 'ign_c': 39.570543182349304, 'trop_agb_crit': 18.390263647908725, 'trop_k_veg': 2.140582295199964}. Best is trial 1285 with value: -0.6015874360929447.
[I 2026-08-20 00:51:01,285] Trial 1599 finished with value: 0.6445374145881376 and parameters: {'k1': 0.00014550422238344897, 'D_low': 711586.440759115, 'k2': 0.04572428438671604, 'D_high': 608218.1918432495, 'fire_exp': 3.8011937293236677, 'P_half': 34.847576439271116, 'pre_dampen_half': 18.3354694911497, 'gpp_af': 0.0013007144655402972, 'gpp_b': 0.007903295258805978, 'gpp_d': 232.08471205232976, 'ign_k': 0.8054164033960337, 'ign_c': 337.94146897605117, 'trop_agb_crit': 4.14032197289102, 'trop_k_veg': 0.5740496708406553}. Best is trial 1285 with value: -0.6015874360929447.
[I 2026-08-20 00:51:02,686] Trial 1600 finished with value: 0.48045586715199073 and parameters: {'k1': 0.0022589676980417452, 'D_low': 3.7002393050950433, 'k2': 2.2530543337296737e-05, 'D_high': 399179.2847710814, 'fire_exp': 1.0467408006049197, 'P_half': 62.70797342651397, 'pre_dampen_half': 0.06231972397588145, 'gpp_af': 0.18283568998163904, 'gpp_b': 0.000529997568469506, 'gpp_d': 68.67024596332355, 'ign_k': 6.048928252734579, 'ign_c': 3.629814086859178, 'trop_agb_crit': 7.796224353940018, 'trop_k_veg': 3.3016317190564064}. Best is trial 1285 with value: -0.6015874360929447.
[I 2026-08-20 00:51:04,087] Trial 1601 finished with value: 0.5220052608827483 and parameters: {'k1': 0.09926404602760679, 'D_low': 33.75648120174433, 'k2': 0.0001891035890052094, 'D_high': 5776802.475685954, 'fire_exp': 7.339471335207825, 'P_half': 63.15810878294119, 'pre_dampen_half': 2.8975060390144, 'gpp_af': 24.200958262105484, 'gpp_b': 0.0071183645648231, 'gpp_d': 143.57725331596532, 'ign_k': 1.22628069923932, 'ign_c': 0.35799766893790463, 'trop_agb_crit': 15.565385621871302, 'trop_k_veg': 1.2737423836891224}. Best is trial 1285 with value: -0.6015874360929447.
[I 2026-08-20 00:51:05,555] Trial 1602 finished with value: -0.5124665880406692 and parameters: {'k1': 0.0018140057206014531, 'D_low': 336.122715147419, 'k2': 0.016367824379874617, 'D_high': 49560.339132820875, 'fire_exp': 1.7504914690110267, 'P_half': 1.7028905334288704, 'pre_dampen_half': 1.8003968433627602, 'gpp_af': 14.428262375820962, 'gpp_b': 0.0006979210333725743, 'gpp_d': 27.075376390163328, 'ign_k': 3.140931666754653, 'ign_c': 0.21562052725290168, 'trop_agb_crit': 6.229926698629094, 'trop_k_veg': 4.213122760993393}. Best is trial 1285 with value: -0.6015874360929447.
[I 2026-08-20 00:51:06,955] Trial 1603 finished with value: 0.4762828416985144 and parameters: {'k1': 0.005947207167697789, 'D_low': 14.764297025915745, 'k2': 0.0003413966984534096, 'D_high': 7668902.908180203, 'fire_exp': 3.261014836701744, 'P_half': 125.54732807811696, 'pre_dampen_half': 12.70161119501566, 'gpp_af': 2.589319389393138, 'gpp_b': 0.02143092499392484, 'gpp_d': 97.4962550889543, 'ign_k': 0.07824617825188261, 'ign_c': 0.6163209576414143, 'trop_agb_crit': 16.54590713088643, 'trop_k_veg': 3.2944192152817133}. Best is trial 1285 with value: -0.6015874360929447.
[I 2026-08-20 00:51:08,319] Trial 1604 finished with value: 0.40441387529510564 and parameters: {'k1': 0.0011888296867642093, 'D_low': 105.29886749845947, 'k2': 0.00012130840027654581, 'D_high': 2379948.363192017, 'fire_exp': 1.100582233840277, 'P_half': 39.60055440920201, 'pre_dampen_half': 0.863850384600436, 'gpp_af': 0.03267502095055971, 'gpp_b': 2.001164688007447e-05, 'gpp_d': 20.26144565016084, 'ign_k': 0.7504033968528612, 'ign_c': 11.260702905438073, 'trop_agb_crit': 5.052444476620755, 'trop_k_veg': 7.207904854944571}. Best is trial 1285 with value: -0.6015874360929447.
[I 2026-08-20 00:51:09,710] Trial 1605 finished with value: 0.568020058401862 and parameters: {'k1': 0.0007106522112747622, 'D_low': 173.0851215885536, 'k2': 0.001988821381649813, 'D_high': 121419.60536289023, 'fire_exp': 2.834529711464135, 'P_half': 9.506459455172154, 'pre_dampen_half': 3.0302652516086184, 'gpp_af': 11.24473003365162, 'gpp_b': 0.008820456191018464, 'gpp_d': 123.44724628521509, 'ign_k': 0.012657313030299424, 'ign_c': 9.436216907062692, 'trop_agb_crit': 15.638075539066982, 'trop_k_veg': 3.584402838640779}. Best is trial 1285 with value: -0.6015874360929447.
[I 2026-08-20 00:51:11,139] Trial 1606 finished with value: 0.6445374145881376 and parameters: {'k1': 0.0002999256607053279, 'D_low': 18.444540222259704, 'k2': 1.2008875061520214e-05, 'D_high': 36.837405598085496, 'fire_exp': 2.6975928471044672, 'P_half': 680.4036376956902, 'pre_dampen_half': 3.1625829242787877, 'gpp_af': 44.29725574632167, 'gpp_b': 0.0004898990358962596, 'gpp_d': 1.6381091899547968, 'ign_k': 3.4236683720626058, 'ign_c': 662.3672808161589, 'trop_agb_crit': 3.6026423154631235, 'trop_k_veg': 1.1222505313644042}. Best is trial 1285 with value: -0.6015874360929447.
[I 2026-08-20 00:51:12,540] Trial 1607 finished with value: 0.595360447074306 and parameters: {'k1': 0.0003429545537749314, 'D_low': 13.761327942732063, 'k2': 0.0013857316128369844, 'D_high': 562928.9116424273, 'fire_exp': 4.929426997613792, 'P_half': 13.426686709483773, 'pre_dampen_half': 10.301149763566894, 'gpp_af': 2.269795778163655, 'gpp_b': 0.5166953560021497, 'gpp_d': 947.9179587367698, 'ign_k': 0.31899575114289425, 'ign_c': 23.95439270046019, 'trop_agb_crit': 3.232350106963997, 'trop_k_veg': 6.115900070851987}. Best is trial 1285 with value: -0.6015874360929447.
[I 2026-08-20 00:51:13,999] Trial 1608 finished with value: 0.6445374145881376 and parameters: {'k1': 1.9152996571457426e-05, 'D_low': 830666.7534267954, 'k2': 0.061657004634292654, 'D_high': 18.58020880969358, 'fire_exp': 3.670362528813189, 'P_half': 1.3145958229342574, 'pre_dampen_half': 95.82354375637553, 'gpp_af': 0.0011146129474477377, 'gpp_b': 2.915960991925596e-05, 'gpp_d': 0.024467407497714002, 'ign_k': 0.13604250473837806, 'ign_c': 46.60765531324717, 'trop_agb_crit': 2.62605162431676, 'trop_k_veg': 1.3544463117227243}. Best is trial 1285 with value: -0.6015874360929447.
[I 2026-08-20 00:51:15,372] Trial 1609 finished with value: 0.527999258245121 and parameters: {'k1': 0.0181956246263017, 'D_low': 884.3105291809014, 'k2': 5.063866456233553e-05, 'D_high': 1663510.410388995, 'fire_exp': 1.7453669055090062, 'P_half': 196.45846067216286, 'pre_dampen_half': 1.4188654842461785, 'gpp_af': 0.09016568337625246, 'gpp_b': 0.0007510997019585928, 'gpp_d': 446.19600029262693, 'ign_k': 0.03261828673325383, 'ign_c': 2.4597878389215424, 'trop_agb_crit': 14.212783334945392, 'trop_k_veg': 3.665842523893984}. Best is trial 1285 with value: -0.6015874360929447.
[I 2026-08-20 00:51:16,759] Trial 1610 finished with value: 0.5272869505891218 and parameters: {'k1': 0.005335183072663673, 'D_low': 4.583441299055041, 'k2': 0.00013906331232140326, 'D_high': 579465.9022810368, 'fire_exp': 7.010730651195938, 'P_half': 167.99923404022888, 'pre_dampen_half': 30.733553171266507, 'gpp_af': 1.289343267144651, 'gpp_b': 0.00037229005678401955, 'gpp_d': 160.30635461265982, 'ign_k': 0.2002393721287828, 'ign_c': 8.768375650341124, 'trop_agb_crit': 9.741542084352467, 'trop_k_veg': 1.2344752434277777}. Best is trial 1285 with value: -0.6015874360929447.
[I 2026-08-20 00:51:18,171] Trial 1611 finished with value: 0.587191405343307 and parameters: {'k1': 0.09362960941559653, 'D_low': 1348.2018909712613, 'k2': 0.0002834144846334326, 'D_high': 139019.2958114514, 'fire_exp': 1.2529736341144555, 'P_half': 1160.0240310355853, 'pre_dampen_half': 0.9402100758836747, 'gpp_af': 1.661348588518229, 'gpp_b': 2.671430820994445, 'gpp_d': 739.2972445117297, 'ign_k': 0.1348056570593025, 'ign_c': 1.6452295965846604, 'trop_agb_crit': 11.284178610054232, 'trop_k_veg': 2.0683214646507744}. Best is trial 1285 with value: -0.6015874360929447.
[I 2026-08-20 00:51:19,665] Trial 1612 finished with value: 0.6014365625277875 and parameters: {'k1': 0.054622007674436784, 'D_low': 6429.937968614355, 'k2': 0.00047852498104040877, 'D_high': 860274.7284276842, 'fire_exp': 1.6244408965445192, 'P_half': 70.43223068906099, 'pre_dampen_half': 227.20542053639832, 'gpp_af': 0.07578944415419772, 'gpp_b': 0.0019621696689160447, 'gpp_d': 397.3716236530876, 'ign_k': 0.5263243356546264, 'ign_c': 30.845411240149062, 'trop_agb_crit': 4.925172562306752, 'trop_k_veg': 1.668878224061723}. Best is trial 1285 with value: -0.6015874360929447.
