[I 2026-08-14 15:12:22,725] Trial 2383 finished with values: [-0.3554625854118624, 0.0] and parameters: {'k1': 0.0004688858519834985, 'D_low': 367.4904945305323, 'k2': 0.00019259659755917042, 'D_high': 316055.11434645514, 'fire_exp': 1.6214575867079866, 'P_half': 406.34698167377394, 'pre_dampen_half': 0.12605399944053378, 'gpp_af': 0.0023751383317256927, 'gpp_b': 0.00024732964314480056, 'gpp_d': 1.2092668832190316, 'ign_k': 0.18945647155616227, 'ign_c': 105.24574681335613, 'trop_agb_crit': 9.903123338050214, 'trop_k_veg': 1.0278430021672995, 'fuel_k': 0.06382243375381637, 'fuel_half': 0.30455368715396786}.
[I 2026-08-14 15:12:23,888] Trial 2384 finished with values: [-0.6040339488533204, 0.027787650290888588] and parameters: {'k1': 0.0012329098365270509, 'D_low': 4.043300846639722, 'k2': 1.854837679096716e-05, 'D_high': 316055.11434645514, 'fire_exp': 1.2070502372556005, 'P_half': 351.2704726270846, 'pre_dampen_half': 0.10609580257119508, 'gpp_af': 0.008983355849178878, 'gpp_b': 0.00012906175696809457, 'gpp_d': 597.9617889501159, 'ign_k': 0.25940144092298384, 'ign_c': 14.935213816355384, 'trop_agb_crit': 13.98132484257899, 'trop_k_veg': 1.128469461526162, 'fuel_k': 5.486054129200969, 'fuel_half': 0.30455368715396786}.
[I 2026-08-14 15:12:25,054] Trial 2385 finished with values: [-0.41485597912515304, 8.835223703695938e-05] and parameters: {'k1': 0.0012329098365270509, 'D_low': 9.222492453004657, 'k2': 0.00019472216066157317, 'D_high': 316055.11434645514, 'fire_exp': 1.6214575867079866, 'P_half': 1535.1441568398143, 'pre_dampen_half': 0.03627422119926134, 'gpp_af': 0.0022992297821705253, 'gpp_b': 0.0012680115391195716, 'gpp_d': 0.01307253094873642, 'ign_k': 0.04380580767905655, 'ign_c': 3.091242637778063, 'trop_agb_crit': 2.1775224101934065, 'trop_k_veg': 1.128469461526162, 'fuel_k': 5.486054129200969, 'fuel_half': 65.99277195883643}.
[I 2026-08-14 15:12:26,178] Trial 2386 finished with values: [-0.4053973852836001, 9.03480679159685e-08] and parameters: {'k1': 0.0012329098365270509, 'D_low': 4.043300846639722, 'k2': 1.854837679096716e-05, 'D_high': 625838.668783032, 'fire_exp': 1.6214575867079866, 'P_half': 1535.1441568398143, 'pre_dampen_half': 0.10609580257119508, 'gpp_af': 0.008983355849178878, 'gpp_b': 1.1728753685919104, 'gpp_d': 0.01307253094873642, 'ign_k': 0.04380580767905655, 'ign_c': 15.221840161091626, 'trop_agb_crit': 11.659854259018239, 'trop_k_veg': 1.0996896058838548, 'fuel_k': 5.486054129200969, 'fuel_half': 0.30455368715396786}.
[I 2026-08-14 15:12:27,324] Trial 2387 finished with values: [-0.39957012546435144, 8.197043266378046e-09] and parameters: {'k1': 6.069662445477729e-05, 'D_low': 4.043300846639722, 'k2': 0.00019472216066157317, 'D_high': 625838.668783032, 'fire_exp': 1.2429193829348841, 'P_half': 97.00222393018929, 'pre_dampen_half': 0.03627422119926134, 'gpp_af': 0.008983355849178878, 'gpp_b': 1.1728753685919104, 'gpp_d': 0.01307253094873642, 'ign_k': 0.04380580767905655, 'ign_c': 105.24574681335613, 'trop_agb_crit': 16.86264052240002, 'trop_k_veg': 0.6049361204016528, 'fuel_k': 5.486054129200969, 'fuel_half': 65.99277195883643}.
[I 2026-08-14 15:12:28,458] Trial 2388 finished with values: [-0.5003234897629871, 0.0025829755263411247] and parameters: {'k1': 0.0004688858519834985, 'D_low': 367.4904945305323, 'k2': 1.263794633808287e-05, 'D_high': 316055.11434645514, 'fire_exp': 2.3419315611550164, 'P_half': 351.2704726270846, 'pre_dampen_half': 0.10609580257119508, 'gpp_af': 0.008983355849178878, 'gpp_b': 0.00012906175696809457, 'gpp_d': 8.144272585223819, 'ign_k': 0.25940144092298384, 'ign_c': 14.935213816355384, 'trop_agb_crit': 11.659854259018239, 'trop_k_veg': 1.128469461526162, 'fuel_k': 5.486054129200969, 'fuel_half': 0.30455368715396786}.
[I 2026-08-14 15:12:29,617] Trial 2389 finished with values: [-0.40402991862255144, 1.0076438641259955e-06] and parameters: {'k1': 0.0012329098365270509, 'D_low': 5500.925318788574, 'k2': 1.263794633808287e-05, 'D_high': 44.39648242927527, 'fire_exp': 1.6214575867079866, 'P_half': 406.34698167377394, 'pre_dampen_half': 0.011501973785501987, 'gpp_af': 0.0025511964576171086, 'gpp_b': 0.00024732964314480056, 'gpp_d': 8.144272585223819, 'ign_k': 0.04380580767905655, 'ign_c': 105.24574681335613, 'trop_agb_crit': 4.849942444685228, 'trop_k_veg': 1.0278430021672995, 'fuel_k': 5.486054129200969, 'fuel_half': 0.30455368715396786}.
[I 2026-08-14 15:12:30,746] Trial 2390 finished with values: [-0.5925386409263308, 0.01466634079503526] and parameters: {'k1': 0.0012329098365270509, 'D_low': 3507.515213502105, 'k2': 0.00011861374667636013, 'D_high': 625838.668783032, 'fire_exp': 1.2070502372556005, 'P_half': 220.3445560633069, 'pre_dampen_half': 0.10609580257119508, 'gpp_af': 0.0025511964576171086, 'gpp_b': 0.00024732964314480056, 'gpp_d': 597.9617889501159, 'ign_k': 0.28298168613109503, 'ign_c': 15.221840161091626, 'trop_agb_crit': 13.98132484257899, 'trop_k_veg': 1.9190318285916717, 'fuel_k': 5.486054129200969, 'fuel_half': 0.30455368715396786}.
[I 2026-08-14 15:12:31,906] Trial 2391 finished with values: [-0.38552735528155335, 4.730505504091376e-06] and parameters: {'k1': 0.00016312233285809254, 'D_low': 1.7887890916820506, 'k2': 0.00010939944910100016, 'D_high': 316055.11434645514, 'fire_exp': 5.281262476047597, 'P_half': 1938.3858782150498, 'pre_dampen_half': 19.215311251765442, 'gpp_af': 0.030592049838223532, 'gpp_b': 0.00017826376967587887, 'gpp_d': 0.01307253094873642, 'ign_k': 0.567034633562729, 'ign_c': 15.221840161091626, 'trop_agb_crit': 5.808568531484235, 'trop_k_veg': 3.567868939496762, 'fuel_k': 5.486054129200969, 'fuel_half': 65.99277195883643}.
[I 2026-08-14 15:12:33,039] Trial 2392 finished with values: [-0.4022222094723795, 1.0815682571774232e-08] and parameters: {'k1': 6.069662445477729e-05, 'D_low': 4.043300846639722, 'k2': 0.00019472216066157317, 'D_high': 625838.668783032, 'fire_exp': 1.2429193829348841, 'P_half': 97.00222393018929, 'pre_dampen_half': 0.03627422119926134, 'gpp_af': 0.008983355849178878, 'gpp_b': 1.1728753685919104, 'gpp_d': 0.01307253094873642, 'ign_k': 0.04380580767905655, 'ign_c': 105.24574681335613, 'trop_agb_crit': 16.86264052240002, 'trop_k_veg': 3.4508425771776365, 'fuel_k': 5.486054129200969, 'fuel_half': 15.581254655530845}.
[I 2026-08-14 15:12:35,026] Trial 2393 finished with values: [-0.41524536634652165, 1.5264648782764567e-06] and parameters: {'k1': 1.8595266457134027e-05, 'D_low': 4.043300846639722, 'k2': 0.00010939944910100016, 'D_high': 316055.11434645514, 'fire_exp': 1.0194447223529701, 'P_half': 368.9245780146773, 'pre_dampen_half': 0.03411860497758073, 'gpp_af': 0.0023751383317256927, 'gpp_b': 2.788681037423117, 'gpp_d': 0.12255668290044133, 'ign_k': 0.476373748459372, 'ign_c': 15.221840161091626, 'trop_agb_crit': 13.98132484257899, 'trop_k_veg': 2.1816482703680733, 'fuel_k': 0.09912545669860168, 'fuel_half': 65.99277195883643}.
[I 2026-08-14 15:12:36,141] Trial 2394 finished with values: [-0.5089257712382744, 0.0031465767893983365] and parameters: {'k1': 0.0012329098365270509, 'D_low': 5500.925318788574, 'k2': 0.00011861374667636013, 'D_high': 316055.11434645514, 'fire_exp': 1.6214575867079866, 'P_half': 220.3445560633069, 'pre_dampen_half': 0.03411860497758073, 'gpp_af': 0.0025511964576171086, 'gpp_b': 0.00024732964314480056, 'gpp_d': 0.47648833312290256, 'ign_k': 0.18945647155616227, 'ign_c': 15.221840161091626, 'trop_agb_crit': 16.86264052240002, 'trop_k_veg': 2.1816482703680733, 'fuel_k': 5.486054129200969, 'fuel_half': 0.17516508154827565}.
[I 2026-08-14 15:12:37,323] Trial 2395 finished with values: [-0.40143170179853394, 3.643018808840992e-08] and parameters: {'k1': 0.0012329098365270509, 'D_low': 4.043300846639722, 'k2': 0.00010939944910100016, 'D_high': 625838.668783032, 'fire_exp': 1.6214575867079866, 'P_half': 220.3445560633069, 'pre_dampen_half': 0.10609580257119508, 'gpp_af': 0.0025511964576171086, 'gpp_b': 1.1728753685919104, 'gpp_d': 0.01307253094873642, 'ign_k': 8.017801372168808, 'ign_c': 15.221840161091626, 'trop_agb_crit': 24.55554375012532, 'trop_k_veg': 3.131246647340211, 'fuel_k': 5.486054129200969, 'fuel_half': 65.99277195883643}.
[I 2026-08-14 15:12:38,429] Trial 2396 finished with values: [-0.3971279569337788, 1.4959353089594174e-08] and parameters: {'k1': 0.0010204225357677778, 'D_low': 5500.925318788574, 'k2': 0.00011861374667636013, 'D_high': 1826.6972566585878, 'fire_exp': 1.2429193829348841, 'P_half': 220.3445560633069, 'pre_dampen_half': 0.10609580257119508, 'gpp_af': 0.0025511964576171086, 'gpp_b': 2.788681037423117, 'gpp_d': 8.144272585223819, 'ign_k': 0.28298168613109503, 'ign_c': 15.221840161091626, 'trop_agb_crit': 11.659854259018239, 'trop_k_veg': 2.8224577471047865, 'fuel_k': 5.486054129200969, 'fuel_half': 15.581254655530845}.
[I 2026-08-14 15:12:39,565] Trial 2397 finished with values: [-0.3834304340916982, 6.922838968748124e-10] and parameters: {'k1': 0.0010204225357677778, 'D_low': 367.4904945305323, 'k2': 1.263794633808287e-05, 'D_high': 490843.6535388939, 'fire_exp': 1.2429193829348841, 'P_half': 48.464976792190825, 'pre_dampen_half': 0.10609580257119508, 'gpp_af': 0.0023751383317256927, 'gpp_b': 2.788681037423117, 'gpp_d': 0.01307253094873642, 'ign_k': 0.04380580767905655, 'ign_c': 105.24574681335613, 'trop_agb_crit': 2.1775224101934065, 'trop_k_veg': 2.8224577471047865, 'fuel_k': 0.2211035259648676, 'fuel_half': 57.882001937752435}.
[I 2026-08-14 15:12:40,716] Trial 2398 finished with values: [-0.47629902755282255, 0.0017597502482488148] and parameters: {'k1': 0.0012329098365270509, 'D_low': 5500.925318788574, 'k2': 0.0005708731724249573, 'D_high': 316055.11434645514, 'fire_exp': 1.6214575867079866, 'P_half': 406.34698167377394, 'pre_dampen_half': 0.03411860497758073, 'gpp_af': 0.0025511964576171086, 'gpp_b': 0.00024732964314480056, 'gpp_d': 1.2092668832190316, 'ign_k': 0.18945647155616227, 'ign_c': 15.221840161091626, 'trop_agb_crit': 9.903123338050214, 'trop_k_veg': 1.0278430021672995, 'fuel_k': 5.486054129200969, 'fuel_half': 0.30455368715396786}.
[I 2026-08-14 15:12:41,814] Trial 2399 finished with values: [-0.4169683033464783, 1.2150041262537492e-05] and parameters: {'k1': 0.0004688858519834985, 'D_low': 1.7887890916820506, 'k2': 0.00010939944910100016, 'D_high': 625838.668783032, 'fire_exp': 1.6214575867079866, 'P_half': 48.464976792190825, 'pre_dampen_half': 0.10609580257119508, 'gpp_af': 0.001063083501897379, 'gpp_b': 0.00024732964314480056, 'gpp_d': 0.01307253094873642, 'ign_k': 0.04380580767905655, 'ign_c': 105.24574681335613, 'trop_agb_crit': 11.659854259018239, 'trop_k_veg': 4.65241105721452, 'fuel_k': 0.8452318887294848, 'fuel_half': 57.882001937752435}.
[I 2026-08-14 15:12:42,942] Trial 2400 finished with values: [-0.38266456633658025, 9.608700102248235e-08] and parameters: {'k1': 0.0004688858519834985, 'D_low': 43336.859870642715, 'k2': 0.0015619842555557898, 'D_high': 625838.668783032, 'fire_exp': 1.2429193829348841, 'P_half': 1535.1441568398143, 'pre_dampen_half': 0.10609580257119508, 'gpp_af': 0.0023751383317256927, 'gpp_b': 0.32036037265591544, 'gpp_d': 0.01307253094873642, 'ign_k': 0.0018443923112705257, 'ign_c': 116.42874016369636, 'trop_agb_crit': 5.881906289439389, 'trop_k_veg': 3.4508425771776365, 'fuel_k': 5.486054129200969, 'fuel_half': 3.7093134348291836}.
[I 2026-08-14 15:12:44,055] Trial 2401 finished with values: [-0.53773739115616, 0.004957447311109697] and parameters: {'k1': 0.0012329098365270509, 'D_low': 4.043300846639722, 'k2': 1.854837679096716e-05, 'D_high': 316055.11434645514, 'fire_exp': 1.6214575867079866, 'P_half': 351.2704726270846, 'pre_dampen_half': 0.10609580257119508, 'gpp_af': 0.008983355849178878, 'gpp_b': 0.0014842940448848419, 'gpp_d': 597.9617889501159, 'ign_k': 0.25940144092298384, 'ign_c': 15.221840161091626, 'trop_agb_crit': 16.86264052240002, 'trop_k_veg': 0.6004181011818444, 'fuel_k': 5.486054129200969, 'fuel_half': 0.30455368715396786}.
[I 2026-08-14 15:12:45,196] Trial 2402 finished with values: [-0.46497539834541035, 0.008252644137699772] and parameters: {'k1': 0.0012329098365270509, 'D_low': 4.043300846639722, 'k2': 1.854837679096716e-05, 'D_high': 31789.34110246244, 'fire_exp': 1.2070502372556005, 'P_half': 351.2704726270846, 'pre_dampen_half': 0.10609580257119508, 'gpp_af': 0.008983355849178878, 'gpp_b': 0.00012906175696809457, 'gpp_d': 0.01307253094873642, 'ign_k': 0.25940144092298384, 'ign_c': 14.935213816355384, 'trop_agb_crit': 16.86264052240002, 'trop_k_veg': 1.128469461526162, 'fuel_k': 5.486054129200969, 'fuel_half': 0.30455368715396786}.
[I 2026-08-14 15:12:46,303] Trial 2403 finished with values: [-0.40791046139867937, 4.41356090563616e-08] and parameters: {'k1': 6.069662445477729e-05, 'D_low': 2.607160725470918, 'k2': 1.854837679096716e-05, 'D_high': 491767.54451411933, 'fire_exp': 1.075051292556307, 'P_half': 1535.1441568398143, 'pre_dampen_half': 0.10609580257119508, 'gpp_af': 0.0022992297821705253, 'gpp_b': 2.788681037423117, 'gpp_d': 0.01307253094873642, 'ign_k': 0.567034633562729, 'ign_c': 25.36860972218539, 'trop_agb_crit': 6.247810889373202, 'trop_k_veg': 7.063879971757455, 'fuel_k': 5.486054129200969, 'fuel_half': 65.99277195883643}.
[I 2026-08-14 15:12:47,406] Trial 2404 finished with values: [-0.3554625854118624, 0.0] and parameters: {'k1': 0.0012329098365270509, 'D_low': 5500.925318788574, 'k2': 0.00019472216066157317, 'D_high': 625838.668783032, 'fire_exp': 1.075051292556307, 'P_half': 220.3445560633069, 'pre_dampen_half': 0.03627422119926134, 'gpp_af': 0.0025511964576171086, 'gpp_b': 0.44882485827297763, 'gpp_d': 0.01307253094873642, 'ign_k': 0.28298168613109503, 'ign_c': 105.24574681335613, 'trop_agb_crit': 16.86264052240002, 'trop_k_veg': 2.1816482703680733, 'fuel_k': 5.486054129200969, 'fuel_half': 0.17516508154827565}.
[I 2026-08-14 15:12:48,578] Trial 2405 finished with values: [-0.40939247825172104, 1.7460790606715904e-06] and parameters: {'k1': 0.0012329098365270509, 'D_low': 1.7887890916820506, 'k2': 0.00010939944910100016, 'D_high': 625838.668783032, 'fire_exp': 1.6214575867079866, 'P_half': 220.3445560633069, 'pre_dampen_half': 0.10609580257119508, 'gpp_af': 0.0025511964576171086, 'gpp_b': 0.3239529613955166, 'gpp_d': 0.01307253094873642, 'ign_k': 8.017801372168808, 'ign_c': 15.221840161091626, 'trop_agb_crit': 16.86264052240002, 'trop_k_veg': 2.1816482703680733, 'fuel_k': 5.486054129200969, 'fuel_half': 0.30455368715396786}.
[I 2026-08-14 15:12:49,701] Trial 2406 finished with values: [-0.5763081433543973, 0.011833141258148716] and parameters: {'k1': 0.0010204225357677778, 'D_low': 3507.515213502105, 'k2': 1.854837679096716e-05, 'D_high': 316055.11434645514, 'fire_exp': 1.2429193829348841, 'P_half': 220.3445560633069, 'pre_dampen_half': 0.10609580257119508, 'gpp_af': 0.0023751383317256927, 'gpp_b': 0.00024732964314480056, 'gpp_d': 103.51668595616543, 'ign_k': 0.28298168613109503, 'ign_c': 15.221840161091626, 'trop_agb_crit': 5.808568531484235, 'trop_k_veg': 0.6004181011818444, 'fuel_k': 5.486054129200969, 'fuel_half': 0.30455368715396786}.
[I 2026-08-14 15:12:50,833] Trial 2407 finished with values: [-0.44185719981903804, 0.011834399441440269] and parameters: {'k1': 6.069662445477729e-05, 'D_low': 4.043300846639722, 'k2': 1.854837679096716e-05, 'D_high': 12824.734954604766, 'fire_exp': 1.2070502372556005, 'P_half': 351.2704726270846, 'pre_dampen_half': 0.10609580257119508, 'gpp_af': 0.008983355849178878, 'gpp_b': 0.00012906175696809457, 'gpp_d': 597.9617889501159, 'ign_k': 0.04380580767905655, 'ign_c': 14.935213816355384, 'trop_agb_crit': 13.98132484257899, 'trop_k_veg': 1.0996896058838548, 'fuel_k': 5.486054129200969, 'fuel_half': 0.30455368715396786}.
[I 2026-08-14 15:12:51,949] Trial 2408 finished with values: [-0.44579265732114115, 0.010910153750952278] and parameters: {'k1': 6.069662445477729e-05, 'D_low': 4.043300846639722, 'k2': 0.00011861374667636013, 'D_high': 625838.668783032, 'fire_exp': 1.2429193829348841, 'P_half': 220.3445560633069, 'pre_dampen_half': 0.10609580257119508, 'gpp_af': 0.008983355849178878, 'gpp_b': 0.00024732964314480056, 'gpp_d': 0.47648833312290256, 'ign_k': 0.04380580767905655, 'ign_c': 15.221840161091626, 'trop_agb_crit': 11.659854259018239, 'trop_k_veg': 2.1816482703680733, 'fuel_k': 5.486054129200969, 'fuel_half': 15.581254655530845}.
[I 2026-08-14 15:12:53,052] Trial 2409 finished with values: [-0.41972900337714875, 0.001542579943394129] and parameters: {'k1': 0.0004688858519834985, 'D_low': 367.4904945305323, 'k2': 1.263794633808287e-05, 'D_high': 625838.668783032, 'fire_exp': 1.075051292556307, 'P_half': 1535.1441568398143, 'pre_dampen_half': 0.10609580257119508, 'gpp_af': 0.030592049838223532, 'gpp_b': 0.03103333227753725, 'gpp_d': 8.144272585223819, 'ign_k': 0.04380580767905655, 'ign_c': 15.221840161091626, 'trop_agb_crit': 6.247810889373202, 'trop_k_veg': 2.8224577471047865, 'fuel_k': 0.06382243375381637, 'fuel_half': 57.882001937752435}.
[I 2026-08-14 15:12:54,171] Trial 2410 finished with values: [-0.41562727597384885, 0.00018772240079256708] and parameters: {'k1': 0.0012329098365270509, 'D_low': 4.043300846639722, 'k2': 0.00010939944910100016, 'D_high': 316055.11434645514, 'fire_exp': 1.2429193829348841, 'P_half': 351.2704726270846, 'pre_dampen_half': 0.10609580257119508, 'gpp_af': 0.030592049838223532, 'gpp_b': 1.1728753685919104, 'gpp_d': 597.9617889501159, 'ign_k': 0.25940144092298384, 'ign_c': 14.935213816355384, 'trop_agb_crit': 13.98132484257899, 'trop_k_veg': 1.128469461526162, 'fuel_k': 5.486054129200969, 'fuel_half': 0.30455368715396786}.
[I 2026-08-14 15:12:56,120] Trial 2411 finished with values: [-0.41520411990362505, 8.574685526063774e-07] and parameters: {'k1': 0.00016312233285809254, 'D_low': 2.607160725470918, 'k2': 3.641648905508832e-05, 'D_high': 316055.11434645514, 'fire_exp': 1.2429193829348841, 'P_half': 1535.1441568398143, 'pre_dampen_half': 0.10609580257119508, 'gpp_af': 0.008983355849178878, 'gpp_b': 1.1728753685919104, 'gpp_d': 0.01307253094873642, 'ign_k': 0.483759930850151, 'ign_c': 15.221840161091626, 'trop_agb_crit': 11.659854259018239, 'trop_k_veg': 2.8224577471047865, 'fuel_k': 5.486054129200969, 'fuel_half': 15.581254655530845}.
[I 2026-08-14 15:12:57,241] Trial 2412 finished with values: [-0.4515617343446797, 0.0015787538294481651] and parameters: {'k1': 0.0010204225357677778, 'D_low': 9432.006040193699, 'k2': 0.0030331587438598416, 'D_high': 316055.11434645514, 'fire_exp': 1.6733848721157607, 'P_half': 931.1352087161449, 'pre_dampen_half': 0.10609580257119508, 'gpp_af': 0.0025511964576171086, 'gpp_b': 0.00024732964314480056, 'gpp_d': 0.01307253094873642, 'ign_k': 0.567034633562729, 'ign_c': 15.221840161091626, 'trop_agb_crit': 13.98132484257899, 'trop_k_veg': 1.128469461526162, 'fuel_k': 5.486054129200969, 'fuel_half': 0.30455368715396786}.
[I 2026-08-14 15:12:58,361] Trial 2413 finished with values: [-0.4350706821839859, 0.0049934962094518864] and parameters: {'k1': 0.00016312233285809254, 'D_low': 4.043300846639722, 'k2': 0.00021153782194224395, 'D_high': 625838.668783032, 'fire_exp': 1.4787031773126458, 'P_half': 351.2704726270846, 'pre_dampen_half': 0.10609580257119508, 'gpp_af': 0.34902252478382495, 'gpp_b': 0.03103333227753725, 'gpp_d': 0.32837927360248453, 'ign_k': 0.006024219667226309, 'ign_c': 15.221840161091626, 'trop_agb_crit': 13.98132484257899, 'trop_k_veg': 1.128469461526162, 'fuel_k': 5.486054129200969, 'fuel_half': 0.30455368715396786}.
[I 2026-08-14 15:12:59,461] Trial 2414 finished with values: [-0.40650773097411985, 1.9839451403935726e-07] and parameters: {'k1': 6.069662445477729e-05, 'D_low': 9.222492453004657, 'k2': 0.0005708731724249573, 'D_high': 316055.11434645514, 'fire_exp': 1.6214575867079866, 'P_half': 406.34698167377394, 'pre_dampen_half': 0.03627422119926134, 'gpp_af': 0.0025511964576171086, 'gpp_b': 0.32036037265591544, 'gpp_d': 0.01307253094873642, 'ign_k': 0.04380580767905655, 'ign_c': 15.221840161091626, 'trop_agb_crit': 16.86264052240002, 'trop_k_veg': 7.063879971757455, 'fuel_k': 5.486054129200969, 'fuel_half': 0.30455368715396786}.
[I 2026-08-14 15:13:00,592] Trial 2415 finished with values: [-0.4150780961927749, 2.7351232145811366e-07] and parameters: {'k1': 6.069662445477729e-05, 'D_low': 4.043300846639722, 'k2': 0.00010939944910100016, 'D_high': 316055.11434645514, 'fire_exp': 1.2429193829348841, 'P_half': 1535.1441568398143, 'pre_dampen_half': 0.10609580257119508, 'gpp_af': 0.030592049838223532, 'gpp_b': 2.788681037423117, 'gpp_d': 0.01307253094873642, 'ign_k': 0.754074907457476, 'ign_c': 15.221840161091626, 'trop_agb_crit': 13.98132484257899, 'trop_k_veg': 2.8224577471047865, 'fuel_k': 2.9764069750764275, 'fuel_half': 65.99277195883643}.
[I 2026-08-14 15:13:01,747] Trial 2416 finished with values: [-0.40513082896139113, 0.00021515550780248915] and parameters: {'k1': 0.0012329098365270509, 'D_low': 3507.515213502105, 'k2': 0.0005708731724249573, 'D_high': 894.8923677479773, 'fire_exp': 1.2070502372556005, 'P_half': 351.2704726270846, 'pre_dampen_half': 0.10609580257119508, 'gpp_af': 0.008983355849178878, 'gpp_b': 0.00012906175696809457, 'gpp_d': 597.9617889501159, 'ign_k': 0.18945647155616227, 'ign_c': 15.221840161091626, 'trop_agb_crit': 2.1775224101934065, 'trop_k_veg': 1.9190318285916717, 'fuel_k': 5.486054129200969, 'fuel_half': 0.30455368715396786}.
[I 2026-08-14 15:13:02,860] Trial 2417 finished with values: [-0.555665112188322, 0.007201447101531699] and parameters: {'k1': 0.0012329098365270509, 'D_low': 1.7887890916820506, 'k2': 0.009997955370921777, 'D_high': 625838.668783032, 'fire_exp': 1.6214575867079866, 'P_half': 220.3445560633069, 'pre_dampen_half': 0.10609580257119508, 'gpp_af': 0.0025511964576171086, 'gpp_b': 0.00024732964314480056, 'gpp_d': 0.01307253094873642, 'ign_k': 0.28298168613109503, 'ign_c': 15.221840161091626, 'trop_agb_crit': 16.86264052240002, 'trop_k_veg': 2.1816482703680733, 'fuel_k': 5.486054129200969, 'fuel_half': 0.30455368715396786}.
