[I 2026-08-05 23:30:31,494] Trial 1035 finished with values: [-0.6171777160569342, 0.5639947550799217] and parameters: {'k1': 0.06415745702132086, 'D_low': 2.1234210963705626, 'k2': 0.00375241428659295, 'D_high': 9769.756791866093, 'fire_exp': 1.1044852285094786, 'P_half': 13.019246714361572, 'pre_dampen_half': 304.7488318185732, 'gpp_af': 0.0021836613912815635, 'gpp_b': 7.402343469704428e-05, 'gpp_d': 0.16069682196977472, 'ign_k': 0.12752949611679998, 'ign_c': 0.3528113274684997}.
[I 2026-08-05 23:30:32,801] Trial 1036 finished with values: [-0.6277398407204968, 0.5823330733206689] and parameters: {'k1': 0.025383218374507292, 'D_low': 1.4045842344024697, 'k2': 0.08894151386481904, 'D_high': 9769.756791866093, 'fire_exp': 1.1044852285094786, 'P_half': 25.49709775062068, 'pre_dampen_half': 247.25776073156666, 'gpp_af': 0.5107061330406066, 'gpp_b': 0.011750724729953272, 'gpp_d': 368.30088529547436, 'ign_k': 5.9736167866478125, 'ign_c': 3.0378658251922155}.
[I 2026-08-05 23:30:34,527] Trial 1037 finished with values: [10.75291046203685, 10.75291046203685] and parameters: {'k1': 1.4246408590160289e-05, 'D_low': 4046.2058023975796, 'k2': 0.0007013097205353067, 'D_high': 9769.756791866093, 'fire_exp': 1.1044852285094786, 'P_half': 25.49709775062068, 'pre_dampen_half': 703.6426675556048, 'gpp_af': 0.001339466259146302, 'gpp_b': 0.06655931762333464, 'gpp_d': 368.30088529547436, 'ign_k': 0.34703605955441524, 'ign_c': 0.9294394155644988}.
[I 2026-08-05 23:30:35,857] Trial 1038 finished with values: [-0.6096540954338985, 0.32107886081576953] and parameters: {'k1': 0.02641449645424223, 'D_low': 2.1234210963705626, 'k2': 0.00375241428659295, 'D_high': 2941.5751391396584, 'fire_exp': 1.1258453832483524, 'P_half': 12.808863354047988, 'pre_dampen_half': 703.6426675556048, 'gpp_af': 5.511863475708366, 'gpp_b': 0.6637926838138378, 'gpp_d': 223.60515435267138, 'ign_k': 0.4902396944106615, 'ign_c': 8.671454322584175}.
[I 2026-08-05 23:30:37,175] Trial 1039 finished with values: [10.060376411167104, 10.060376411167104] and parameters: {'k1': 0.008956420301712053, 'D_low': 2.1234210963705626, 'k2': 0.08894151386481904, 'D_high': 7744.80118512745, 'fire_exp': 1.010722707674549, 'P_half': 433.926015822139, 'pre_dampen_half': 304.7488318185732, 'gpp_af': 5.511863475708366, 'gpp_b': 0.6637926838138378, 'gpp_d': 29.83701993880331, 'ign_k': 0.34703605955441524, 'ign_c': 0.3528113274684997}.
[I 2026-08-05 23:30:38,516] Trial 1040 finished with values: [-0.6046924227325736, 0.3283039933488514] and parameters: {'k1': 0.008956420301712053, 'D_low': 9.882278532808778, 'k2': 0.0007081721844034209, 'D_high': 2941.5751391396584, 'fire_exp': 1.151006986743773, 'P_half': 10.226988730324324, 'pre_dampen_half': 304.7488318185732, 'gpp_af': 0.0021836613912815635, 'gpp_b': 7.402343469704428e-05, 'gpp_d': 368.30088529547436, 'ign_k': 8.761971101023693, 'ign_c': 0.3528113274684997}.
[I 2026-08-05 23:30:39,895] Trial 1041 finished with values: [10.71117567820666, 10.71117567820666] and parameters: {'k1': 0.06415745702132086, 'D_low': 3806.019094922791, 'k2': 0.0036014695835220327, 'D_high': 9769.756791866093, 'fire_exp': 1.010722707674549, 'P_half': 10.226988730324324, 'pre_dampen_half': 304.7488318185732, 'gpp_af': 5.511863475708366, 'gpp_b': 0.6637926838138378, 'gpp_d': 368.30088529547436, 'ign_k': 0.34703605955441524, 'ign_c': 8.671454322584175}.
[I 2026-08-05 23:30:41,204] Trial 1042 finished with values: [10.590686081492041, 10.590686081492041] and parameters: {'k1': 0.0029707920514735983, 'D_low': 352.110299468884, 'k2': 0.0027431991397796683, 'D_high': 2941.5751391396584, 'fire_exp': 1.1258453832483524, 'P_half': 10.226988730324324, 'pre_dampen_half': 703.6426675556048, 'gpp_af': 0.0021836613912815635, 'gpp_b': 0.00012797528816608022, 'gpp_d': 5.878566318396007, 'ign_k': 0.34703605955441524, 'ign_c': 28.558430698597466}.
[I 2026-08-05 23:30:42,497] Trial 1043 finished with values: [10.028398179532607, 10.028398179532607] and parameters: {'k1': 1.847600887728415e-05, 'D_low': 9.882278532808778, 'k2': 0.03071666851587867, 'D_high': 1184.76465050125, 'fire_exp': 1.0881360604103363, 'P_half': 10.226988730324324, 'pre_dampen_half': 703.6426675556048, 'gpp_af': 0.001339466259146302, 'gpp_b': 7.961850249633375e-05, 'gpp_d': 368.30088529547436, 'ign_k': 0.34703605955441524, 'ign_c': 8.671454322584175}.
[I 2026-08-05 23:30:43,955] Trial 1044 finished with values: [10.26783798103445, 10.26783798103445] and parameters: {'k1': 0.025383218374507292, 'D_low': 1.4045842344024697, 'k2': 0.08894151386481904, 'D_high': 75773.14388518519, 'fire_exp': 5.463032305627588, 'P_half': 25.49709775062068, 'pre_dampen_half': 304.7488318185732, 'gpp_af': 0.001339466259146302, 'gpp_b': 7.402343469704428e-05, 'gpp_d': 3.640068899312672, 'ign_k': 0.34703605955441524, 'ign_c': 0.9294394155644988}.
[I 2026-08-05 23:30:45,879] Trial 1045 finished with values: [10.578736822003652, 10.578736822003652] and parameters: {'k1': 0.008956420301712053, 'D_low': 2.1234210963705626, 'k2': 0.0027431991397796683, 'D_high': 9769.756791866093, 'fire_exp': 4.788811905590801, 'P_half': 10.226988730324324, 'pre_dampen_half': 304.7488318185732, 'gpp_af': 5.511863475708366, 'gpp_b': 0.6637926838138378, 'gpp_d': 29.83701993880331, 'ign_k': 8.761971101023693, 'ign_c': 8.671454322584175}.
[I 2026-08-05 23:30:47,389] Trial 1046 finished with values: [10.767167600919892, 10.767167600919892] and parameters: {'k1': 5.3514523498433285e-05, 'D_low': 1.1065812688893482, 'k2': 0.0027431991397796683, 'D_high': 9769.756791866093, 'fire_exp': 1.1258453832483524, 'P_half': 10.226988730324324, 'pre_dampen_half': 703.6426675556048, 'gpp_af': 0.0021836613912815635, 'gpp_b': 0.6637926838138378, 'gpp_d': 5.878566318396007, 'ign_k': 0.34703605955441524, 'ign_c': 8.671454322584175}.
[I 2026-08-05 23:30:48,754] Trial 1047 finished with values: [10.768012251027656, 10.768012251027656] and parameters: {'k1': 0.06415745702132086, 'D_low': 1.2299210465793122, 'k2': 0.03071666851587867, 'D_high': 47595.7191123968, 'fire_exp': 1.1258453832483524, 'P_half': 13.019246714361572, 'pre_dampen_half': 0.01615714055429207, 'gpp_af': 0.001339466259146302, 'gpp_b': 0.0358180527371211, 'gpp_d': 913.6714913061586, 'ign_k': 0.4902396944106615, 'ign_c': 8.671454322584175}.
[I 2026-08-05 23:30:50,307] Trial 1048 finished with values: [10.10561775814406, 10.10561775814406] and parameters: {'k1': 0.06415745702132086, 'D_low': 4.051452710153359, 'k2': 2.1835747526693533e-05, 'D_high': 2941.5751391396584, 'fire_exp': 1.3239942327296237, 'P_half': 10.226988730324324, 'pre_dampen_half': 703.6426675556048, 'gpp_af': 0.0021836613912815635, 'gpp_b': 7.402343469704428e-05, 'gpp_d': 5.878566318396007, 'ign_k': 0.34703605955441524, 'ign_c': 8.671454322584175}.
[I 2026-08-05 23:30:51,740] Trial 1049 finished with values: [-0.622060897282134, 0.5395750732115332] and parameters: {'k1': 0.06415745702132086, 'D_low': 1.4045842344024697, 'k2': 0.0027431991397796683, 'D_high': 9769.756791866093, 'fire_exp': 1.3239942327296237, 'P_half': 10.226988730324324, 'pre_dampen_half': 304.7488318185732, 'gpp_af': 0.0021836613912815635, 'gpp_b': 7.402343469704428e-05, 'gpp_d': 5.878566318396007, 'ign_k': 0.4702627143647234, 'ign_c': 8.671454322584175}.
[I 2026-08-05 23:30:52,962] Trial 1050 finished with values: [-0.5868019024040174, 0.35224225281409194] and parameters: {'k1': 0.007333200379637282, 'D_low': 18.89739291279832, 'k2': 0.03071666851587867, 'D_high': 9769.756791866093, 'fire_exp': 1.010722707674549, 'P_half': 215.55950571043874, 'pre_dampen_half': 304.7488318185732, 'gpp_af': 5.511863475708366, 'gpp_b': 0.6637926838138378, 'gpp_d': 368.30088529547436, 'ign_k': 0.12828203940471886, 'ign_c': 0.9294394155644988}.
[I 2026-08-05 23:30:54,311] Trial 1051 finished with values: [10.157848829652457, 10.157848829652457] and parameters: {'k1': 0.008956420301712053, 'D_low': 2.1234210963705626, 'k2': 1.9423940721007243e-05, 'D_high': 7744.80118512745, 'fire_exp': 1.1044852285094786, 'P_half': 13.019246714361572, 'pre_dampen_half': 304.7488318185732, 'gpp_af': 5.511863475708366, 'gpp_b': 0.6637926838138378, 'gpp_d': 891.8036602897795, 'ign_k': 0.34703605955441524, 'ign_c': 1.5061320080433496}.
[I 2026-08-05 23:30:56,082] Trial 1052 finished with values: [-0.6062082233800501, 0.4476241650965227] and parameters: {'k1': 0.008956420301712053, 'D_low': 2.1234210963705626, 'k2': 0.08894151386481904, 'D_high': 9769.756791866093, 'fire_exp': 1.1044852285094786, 'P_half': 13.019246714361572, 'pre_dampen_half': 304.7488318185732, 'gpp_af': 5.511863475708366, 'gpp_b': 0.6637926838138378, 'gpp_d': 368.30088529547436, 'ign_k': 0.34703605955441524, 'ign_c': 1.5061320080433496}.
[I 2026-08-05 23:30:57,447] Trial 1053 finished with values: [-0.6129497902728985, 0.4412932111221166] and parameters: {'k1': 0.025383218374507292, 'D_low': 2.1234210963705626, 'k2': 0.0036014695835220327, 'D_high': 9769.756791866093, 'fire_exp': 1.010722707674549, 'P_half': 215.55950571043874, 'pre_dampen_half': 304.7488318185732, 'gpp_af': 0.0021836613912815635, 'gpp_b': 0.00012797528816608022, 'gpp_d': 368.30088529547436, 'ign_k': 0.4702627143647234, 'ign_c': 0.9294394155644988}.
[I 2026-08-05 23:30:58,800] Trial 1054 finished with values: [10.237904666419139, 10.237904666419139] and parameters: {'k1': 1.927644355988153e-05, 'D_low': 9.882278532808778, 'k2': 0.03071666851587867, 'D_high': 2941.5751391396584, 'fire_exp': 1.1258453832483524, 'P_half': 215.55950571043874, 'pre_dampen_half': 304.7488318185732, 'gpp_af': 5.511863475708366, 'gpp_b': 0.6637926838138378, 'gpp_d': 368.30088529547436, 'ign_k': 0.12828203940471886, 'ign_c': 0.9294394155644988}.
[I 2026-08-05 23:31:00,125] Trial 1055 finished with values: [-0.6043415174084508, 0.3097496330003463] and parameters: {'k1': 0.008956420301712053, 'D_low': 2.1234210963705626, 'k2': 0.0027431991397796683, 'D_high': 2941.5751391396584, 'fire_exp': 1.1258453832483524, 'P_half': 13.019246714361572, 'pre_dampen_half': 703.6426675556048, 'gpp_af': 0.001339466259146302, 'gpp_b': 7.402343469704428e-05, 'gpp_d': 0.011495884087462726, 'ign_k': 0.4902396944106615, 'ign_c': 8.671454322584175}.
[I 2026-08-05 23:31:01,619] Trial 1056 finished with values: [-0.5881887084210574, 0.4156382277691284] and parameters: {'k1': 0.002407354618388189, 'D_low': 1.4045842344024697, 'k2': 0.0027431991397796683, 'D_high': 7744.80118512745, 'fire_exp': 1.0881360604103363, 'P_half': 13.019246714361572, 'pre_dampen_half': 703.6426675556048, 'gpp_af': 5.511863475708366, 'gpp_b': 0.6637926838138378, 'gpp_d': 891.8036602897795, 'ign_k': 8.761971101023693, 'ign_c': 1.5061320080433496}.
[I 2026-08-05 23:31:03,063] Trial 1057 finished with values: [10.566799888673014, 10.566799888673014] and parameters: {'k1': 0.06415745702132086, 'D_low': 9.882278532808778, 'k2': 0.03071666851587867, 'D_high': 7744.80118512745, 'fire_exp': 1.1258453832483524, 'P_half': 6698.932367914716, 'pre_dampen_half': 703.6426675556048, 'gpp_af': 0.001339466259146302, 'gpp_b': 3.481277316673104e-05, 'gpp_d': 48.70143940662305, 'ign_k': 0.4902396944106615, 'ign_c': 8.671454322584175}.
[I 2026-08-05 23:31:04,423] Trial 1058 finished with values: [-0.5623107152308628, 0.39588337422626785] and parameters: {'k1': 0.008956420301712053, 'D_low': 9.882278532808778, 'k2': 0.03071666851587867, 'D_high': 7744.80118512745, 'fire_exp': 1.1044852285094786, 'P_half': 13.019246714361572, 'pre_dampen_half': 703.6426675556048, 'gpp_af': 0.0021836613912815635, 'gpp_b': 7.402343469704428e-05, 'gpp_d': 613.9406964482342, 'ign_k': 0.025882464916964908, 'ign_c': 8.671454322584175}.
[I 2026-08-05 23:31:05,749] Trial 1059 finished with values: [-0.6040482120945193, 0.40052492909803006] and parameters: {'k1': 0.008956420301712053, 'D_low': 2.1234210963705626, 'k2': 0.0027431991397796683, 'D_high': 9769.756791866093, 'fire_exp': 1.1044852285094786, 'P_half': 215.55950571043874, 'pre_dampen_half': 304.7488318185732, 'gpp_af': 0.001339466259146302, 'gpp_b': 7.402343469704428e-05, 'gpp_d': 29.83701993880331, 'ign_k': 8.761971101023693, 'ign_c': 0.3528113274684997}.
[I 2026-08-05 23:31:07,240] Trial 1060 finished with values: [-0.6190155129375301, 0.4796836399683534] and parameters: {'k1': 0.025383218374507292, 'D_low': 2.1234210963705626, 'k2': 0.00375241428659295, 'D_high': 7744.80118512745, 'fire_exp': 1.9794091854959461, 'P_half': 13.019246714361572, 'pre_dampen_half': 304.7488318185732, 'gpp_af': 0.0021836613912815635, 'gpp_b': 3.139005000572696e-05, 'gpp_d': 0.5604232556560347, 'ign_k': 0.4702627143647234, 'ign_c': 0.9294394155644988}.
[I 2026-08-05 23:31:08,557] Trial 1061 finished with values: [10.553828412308096, 10.553828412308096] and parameters: {'k1': 0.025383218374507292, 'D_low': 1254.914463327495, 'k2': 0.0007081721844034209, 'D_high': 9769.756791866093, 'fire_exp': 1.010722707674549, 'P_half': 10.226988730324324, 'pre_dampen_half': 304.7488318185732, 'gpp_af': 0.0021836613912815635, 'gpp_b': 0.00012797528816608022, 'gpp_d': 891.8036602897795, 'ign_k': 8.761971101023693, 'ign_c': 0.9294394155644988}.
[I 2026-08-05 23:31:09,868] Trial 1062 finished with values: [-0.6276005183577391, 0.38688468837240864] and parameters: {'k1': 0.06415745702132086, 'D_low': 9.882278532808778, 'k2': 0.03071666851587867, 'D_high': 2941.5751391396584, 'fire_exp': 1.1258453832483524, 'P_half': 13.019246714361572, 'pre_dampen_half': 703.6426675556048, 'gpp_af': 0.001339466259146302, 'gpp_b': 3.481277316673104e-05, 'gpp_d': 368.30088529547436, 'ign_k': 0.4902396944106615, 'ign_c': 8.671454322584175}.
[I 2026-08-05 23:31:11,274] Trial 1063 finished with values: [10.769230769178105, 10.769230769178105] and parameters: {'k1': 0.0029707920514735983, 'D_low': 9.882278532808778, 'k2': 0.0027431991397796683, 'D_high': 2941.5751391396584, 'fire_exp': 1.1258453832483524, 'P_half': 10.226988730324324, 'pre_dampen_half': 304.7488318185732, 'gpp_af': 0.0021836613912815635, 'gpp_b': 0.00012797528816608022, 'gpp_d': 891.8036602897795, 'ign_k': 8.761971101023693, 'ign_c': 44.20612468360107}.
[I 2026-08-05 23:31:12,688] Trial 1064 finished with values: [10.76611011817423, 10.76611011817423] and parameters: {'k1': 0.06415745702132086, 'D_low': 2.1234210963705626, 'k2': 0.0036014695835220327, 'D_high': 7744.80118512745, 'fire_exp': 1.1044852285094786, 'P_half': 12.808863354047988, 'pre_dampen_half': 304.7488318185732, 'gpp_af': 0.0021836613912815635, 'gpp_b': 0.6637926838138378, 'gpp_d': 223.60515435267138, 'ign_k': 0.12752949611679998, 'ign_c': 1.6676205667297381}.
[I 2026-08-05 23:31:13,982] Trial 1065 finished with values: [-0.6229204016069214, 0.6270309881084922] and parameters: {'k1': 0.008956420301712053, 'D_low': 1.2299210465793122, 'k2': 0.0007081721844034209, 'D_high': 9769.756791866093, 'fire_exp': 1.1044852285094786, 'P_half': 13.019246714361572, 'pre_dampen_half': 304.7488318185732, 'gpp_af': 0.0021836613912815635, 'gpp_b': 3.139005000572696e-05, 'gpp_d': 368.30088529547436, 'ign_k': 8.761971101023693, 'ign_c': 0.5505316245273476}.
[I 2026-08-05 23:31:15,285] Trial 1066 finished with values: [10.765012421507894, 10.765012421507894] and parameters: {'k1': 0.06415745702132086, 'D_low': 9.882278532808778, 'k2': 0.0027431991397796683, 'D_high': 9769.756791866093, 'fire_exp': 1.010722707674549, 'P_half': 4.970926495623717, 'pre_dampen_half': 304.7488318185732, 'gpp_af': 0.0031044041016285487, 'gpp_b': 7.402343469704428e-05, 'gpp_d': 368.30088529547436, 'ign_k': 0.34703605955441524, 'ign_c': 43.77346027756639}.
[I 2026-08-05 23:31:17,262] Trial 1067 finished with values: [10.759246536473388, 10.759246536473388] and parameters: {'k1': 5.3514523498433285e-05, 'D_low': 1.1065812688893482, 'k2': 0.0007081721844034209, 'D_high': 9769.756791866093, 'fire_exp': 1.151006986743773, 'P_half': 1141.538725046589, 'pre_dampen_half': 304.7488318185732, 'gpp_af': 0.02114619056336667, 'gpp_b': 0.6637926838138378, 'gpp_d': 857.4284557962634, 'ign_k': 0.34703605955441524, 'ign_c': 0.3528113274684997}.
[I 2026-08-05 23:31:18,454] Trial 1068 finished with values: [10.766222833514684, 10.766222833514684] and parameters: {'k1': 0.025383218374507292, 'D_low': 2.1234210963705626, 'k2': 0.0027431991397796683, 'D_high': 7744.80118512745, 'fire_exp': 1.010722707674549, 'P_half': 1.212773905999145, 'pre_dampen_half': 304.7488318185732, 'gpp_af': 0.001339466259146302, 'gpp_b': 0.6637926838138378, 'gpp_d': 29.83701993880331, 'ign_k': 0.08876620955487982, 'ign_c': 0.3528113274684997}.
[I 2026-08-05 23:31:19,452] Trial 1069 finished with values: [10.354674178482908, 10.354674178482908] and parameters: {'k1': 0.06415745702132086, 'D_low': 1.4045842344024697, 'k2': 0.08894151386481904, 'D_high': 7744.80118512745, 'fire_exp': 1.1044852285094786, 'P_half': 25.49709775062068, 'pre_dampen_half': 304.7488318185732, 'gpp_af': 0.5107061330406066, 'gpp_b': 7.402343469704428e-05, 'gpp_d': 368.30088529547436, 'ign_k': 5.9736167866478125, 'ign_c': 3.0378658251922155}.
[I 2026-08-05 23:31:20,400] Trial 1070 finished with values: [10.252734837598851, 10.252734837598851] and parameters: {'k1': 0.06415745702132086, 'D_low': 1.4045842344024697, 'k2': 0.08894151386481904, 'D_high': 9769.756791866093, 'fire_exp': 1.1044852285094786, 'P_half': 25.49709775062068, 'pre_dampen_half': 247.25776073156666, 'gpp_af': 0.5107061330406066, 'gpp_b': 7.402343469704428e-05, 'gpp_d': 0.025754809232518116, 'ign_k': 5.9736167866478125, 'ign_c': 0.9294394155644988}.
[I 2026-08-05 23:31:21,362] Trial 1071 finished with values: [-0.6203311761596448, 0.5556079296487548] and parameters: {'k1': 0.06415745702132086, 'D_low': 9.882278532808778, 'k2': 0.0007081721844034209, 'D_high': 9769.756791866093, 'fire_exp': 1.151006986743773, 'P_half': 13.019246714361572, 'pre_dampen_half': 304.7488318185732, 'gpp_af': 0.0021836613912815635, 'gpp_b': 7.402343469704428e-05, 'gpp_d': 368.30088529547436, 'ign_k': 7.437725385707939, 'ign_c': 8.671454322584175}.
[I 2026-08-05 23:31:22,372] Trial 1072 finished with values: [10.769114609490167, 10.769114609490167] and parameters: {'k1': 0.06415745702132086, 'D_low': 1.4045842344024697, 'k2': 0.08894151386481904, 'D_high': 2941.5751391396584, 'fire_exp': 1.7128214059652005, 'P_half': 15.197743481843553, 'pre_dampen_half': 304.7488318185732, 'gpp_af': 0.0021836613912815635, 'gpp_b': 0.6637926838138378, 'gpp_d': 857.4284557962634, 'ign_k': 0.34703605955441524, 'ign_c': 0.9294394155644988}.
[I 2026-08-05 23:31:23,354] Trial 1073 finished with values: [-0.5929573018946583, 0.4378745923007371] and parameters: {'k1': 0.0029707920514735983, 'D_low': 9.882278532808778, 'k2': 0.0027431991397796683, 'D_high': 7744.80118512745, 'fire_exp': 1.1258453832483524, 'P_half': 10.226988730324324, 'pre_dampen_half': 703.6426675556048, 'gpp_af': 0.001339466259146302, 'gpp_b': 0.00012797528816608022, 'gpp_d': 891.8036602897795, 'ign_k': 1.193692846763647, 'ign_c': 0.9294394155644988}.
[I 2026-08-05 23:31:24,312] Trial 1074 finished with values: [-0.5987775942779224, 0.4343635631063937] and parameters: {'k1': 0.02641449645424223, 'D_low': 2.1234210963705626, 'k2': 0.003152494048956087, 'D_high': 9769.756791866093, 'fire_exp': 1.010722707674549, 'P_half': 12.808863354047988, 'pre_dampen_half': 304.7488318185732, 'gpp_af': 5.511863475708366, 'gpp_b': 0.6637926838138378, 'gpp_d': 223.60515435267138, 'ign_k': 0.12752949611679998, 'ign_c': 8.671454322584175}.
[I 2026-08-05 23:31:25,310] Trial 1075 finished with values: [-0.5198460964986846, 0.8584663933993665] and parameters: {'k1': 0.00013783578294796384, 'D_low': 1.1065812688893482, 'k2': 0.0007081721844034209, 'D_high': 18025.24091764079, 'fire_exp': 1.182396148413737, 'P_half': 10.226988730324324, 'pre_dampen_half': 304.7488318185732, 'gpp_af': 5.511863475708366, 'gpp_b': 0.0019572118561834383, 'gpp_d': 857.4284557962634, 'ign_k': 8.761971101023693, 'ign_c': 8.671454322584175}.
[I 2026-08-05 23:31:26,303] Trial 1076 finished with values: [-0.6024150047387304, 0.25245352516056485] and parameters: {'k1': 0.025383218374507292, 'D_low': 18.89739291279832, 'k2': 0.03071666851587867, 'D_high': 633.1166646948959, 'fire_exp': 1.010722707674549, 'P_half': 13.019246714361572, 'pre_dampen_half': 304.7488318185732, 'gpp_af': 0.0021836613912815635, 'gpp_b': 3.228689523591491e-05, 'gpp_d': 891.8036602897795, 'ign_k': 0.4702627143647234, 'ign_c': 0.9294394155644988}.
[I 2026-08-05 23:31:27,282] Trial 1077 finished with values: [-0.615490252269187, 0.4810733855380359] and parameters: {'k1': 0.06415745702132086, 'D_low': 12.492307509390828, 'k2': 0.08894151386481904, 'D_high': 7744.80118512745, 'fire_exp': 1.1044852285094786, 'P_half': 24.136213194527585, 'pre_dampen_half': 304.7488318185732, 'gpp_af': 0.001339466259146302, 'gpp_b': 7.402343469704428e-05, 'gpp_d': 5.878566318396007, 'ign_k': 0.4702627143647234, 'ign_c': 0.9294394155644988}.
[I 2026-08-05 23:31:28,324] Trial 1078 finished with values: [-0.6112310707079934, 0.3291333265432629] and parameters: {'k1': 0.02641449645424223, 'D_low': 2.1234210963705626, 'k2': 0.00375241428659295, 'D_high': 2941.5751391396584, 'fire_exp': 1.1044852285094786, 'P_half': 13.019246714361572, 'pre_dampen_half': 304.7488318185732, 'gpp_af': 0.0021836613912815635, 'gpp_b': 7.402343469704428e-05, 'gpp_d': 0.16069682196977472, 'ign_k': 0.12752949611679998, 'ign_c': 8.671454322584175}.
[I 2026-08-05 23:31:29,302] Trial 1079 finished with values: [10.766899350169531, 10.766899350169531] and parameters: {'k1': 0.025383218374507292, 'D_low': 1.4045842344024697, 'k2': 0.0007081721844034209, 'D_high': 7744.80118512745, 'fire_exp': 1.0881360604103363, 'P_half': 10.226988730324324, 'pre_dampen_half': 703.6426675556048, 'gpp_af': 0.001339466259146302, 'gpp_b': 0.6637926838138378, 'gpp_d': 891.8036602897795, 'ign_k': 0.34703605955441524, 'ign_c': 8.671454322584175}.
