[I 2026-08-06 03:04:33,996] Trial 462 finished with values: [10.156425328760044, 10.156425328760044] and parameters: {'k1': 2.9394634586259703e-05, 'D_low': 19.063314120324364, 'k2': 4.484744524732793e-05, 'D_high': 2970.7920514735997, 'fire_exp': 1.0881360604103363, 'P_half': 1.4105638677535268, 'pre_dampen_half': 36.876350096203005, 'gpp_af': 0.002311080279955305, 'gpp_b': 0.004215504256370331, 'gpp_d': 33.9790424311127, 'ign_k': 0.37424230019851973, 'ign_c': 0.3525936800597896, 'gdp_gamma': 1.8068697350278546}.
[I 2026-08-06 03:04:36,145] Trial 463 finished with values: [10.262495678455489, 10.262495678455489] and parameters: {'k1': 2.9394634586259703e-05, 'D_low': 29.89885508829526, 'k2': 0.03820259936390116, 'D_high': 35.11445258128688, 'fire_exp': 1.0340574447037933, 'P_half': 616.1423618045311, 'pre_dampen_half': 129.7187644086357, 'gpp_af': 0.05391752791214327, 'gpp_b': 0.0030742893625766146, 'gpp_d': 304.7488318185732, 'ign_k': 0.07867677706257832, 'ign_c': 22.126836566118193, 'gdp_gamma': 1.8068697350278546}.
[I 2026-08-06 03:04:38,549] Trial 464 finished with values: [10.72774535411293, 10.72774535411293] and parameters: {'k1': 2.9394634586259703e-05, 'D_low': 19.063314120324364, 'k2': 3.277320296937061e-05, 'D_high': 2970.7920514735997, 'fire_exp': 1.0340574447037933, 'P_half': 2.951922743391744, 'pre_dampen_half': 36.876350096203005, 'gpp_af': 21.42302175774105, 'gpp_b': 5.6378660494178646e-05, 'gpp_d': 34.70266988650411, 'ign_k': 0.37424230019851973, 'ign_c': 1.317454386434276, 'gdp_gamma': 1.8068697350278546}.
[I 2026-08-06 03:04:40,619] Trial 465 finished with values: [10.11582836622111, 10.11582836622111] and parameters: {'k1': 0.0002191739661157602, 'D_low': 148.10800730363493, 'k2': 0.0007492772870670282, 'D_high': 35.11445258128688, 'fire_exp': 1.0881360604103363, 'P_half': 1.2765717873951687, 'pre_dampen_half': 36.876350096203005, 'gpp_af': 0.09145768948268033, 'gpp_b': 0.0012070331879029856, 'gpp_d': 4.08522800366862, 'ign_k': 0.5524095129928631, 'ign_c': 6.807874826564585, 'gdp_gamma': 0.3862443158940324}.
[I 2026-08-06 03:04:42,855] Trial 466 finished with values: [10.324284913091653, 10.324284913091653] and parameters: {'k1': 0.00031489116479568613, 'D_low': 1.1102341430568343, 'k2': 0.007519407491506672, 'D_high': 2842.140588732084, 'fire_exp': 1.4322493718230251, 'P_half': 10.226988730324324, 'pre_dampen_half': 36.876350096203005, 'gpp_af': 0.05391752791214327, 'gpp_b': 0.00039228369335318313, 'gpp_d': 48.69745226446181, 'ign_k': 0.002115412774188856, 'ign_c': 6.807874826564585, 'gdp_gamma': 0.057304083737274164}.
[I 2026-08-06 03:04:44,785] Trial 467 finished with values: [10.535872461915465, 10.535872461915465] and parameters: {'k1': 0.0009343302657318475, 'D_low': 29.89885508829526, 'k2': 0.0005262881356087174, 'D_high': 4042.6607830428875, 'fire_exp': 1.5191397119156032, 'P_half': 616.1423618045311, 'pre_dampen_half': 31.977584652685227, 'gpp_af': 0.017832592720985762, 'gpp_b': 0.0030742893625766146, 'gpp_d': 33.9790424311127, 'ign_k': 1.2021930484915047, 'ign_c': 22.126836566118193, 'gdp_gamma': 0.5013415300044294}.
[I 2026-08-06 03:04:46,682] Trial 468 finished with values: [-0.55028219303415, 0.21557354854920496] and parameters: {'k1': 2.9394634586259703e-05, 'D_low': 3.7322156377670694, 'k2': 4.484744524732793e-05, 'D_high': 35.11445258128688, 'fire_exp': 1.0881360604103363, 'P_half': 25.255166452944085, 'pre_dampen_half': 31.977584652685227, 'gpp_af': 0.09145768948268033, 'gpp_b': 0.00015964244118164814, 'gpp_d': 26.003623362924223, 'ign_k': 0.37424230019851973, 'ign_c': 0.6615437365561385, 'gdp_gamma': 0.3862443158940324}.
[I 2026-08-06 03:04:48,842] Trial 469 finished with values: [10.00226702645333, 10.00226702645333] and parameters: {'k1': 0.0030285741098956273, 'D_low': 1.1102341430568343, 'k2': 4.484744524732793e-05, 'D_high': 35.11445258128688, 'fire_exp': 1.0727542652117925, 'P_half': 25.255166452944085, 'pre_dampen_half': 36.876350096203005, 'gpp_af': 0.09145768948268033, 'gpp_b': 0.004215504256370331, 'gpp_d': 331.7366635899375, 'ign_k': 0.37424230019851973, 'ign_c': 8.308114652888387, 'gdp_gamma': 0.057304083737274164}.
[I 2026-08-06 03:04:51,136] Trial 470 finished with values: [10.579466793251163, 10.579466793251163] and parameters: {'k1': 0.0030285741098956273, 'D_low': 21.901578520649217, 'k2': 4.484744524732793e-05, 'D_high': 35.11445258128688, 'fire_exp': 1.0881360604103363, 'P_half': 25.255166452944085, 'pre_dampen_half': 2.8706003515817846, 'gpp_af': 0.002094327934103476, 'gpp_b': 0.0012070331879029856, 'gpp_d': 52.18447053446689, 'ign_k': 0.37424230019851973, 'ign_c': 1.3894673469237204, 'gdp_gamma': 0.3862443158940324}.
[I 2026-08-06 03:04:53,372] Trial 471 finished with values: [11.950658451420948, 11.950658451420948] and parameters: {'k1': 0.0030285741098956273, 'D_low': 1.1102341430568343, 'k2': 0.0021275785720135435, 'D_high': 21863.563449420166, 'fire_exp': 1.0881360604103363, 'P_half': 25.255166452944085, 'pre_dampen_half': 129.7187644086357, 'gpp_af': 0.09145768948268033, 'gpp_b': 0.0004111122583979388, 'gpp_d': 189.88136301569827, 'ign_k': 0.37424230019851973, 'ign_c': 0.6615437365561385, 'gdp_gamma': 0.11787300531243229}.
[I 2026-08-06 03:04:55,474] Trial 472 finished with values: [10.63685942805552, 10.63685942805552] and parameters: {'k1': 2.80643901112427e-05, 'D_low': 318.834644588275, 'k2': 4.484744524732793e-05, 'D_high': 9769.756791866093, 'fire_exp': 1.0881360604103363, 'P_half': 1549.6599265816342, 'pre_dampen_half': 17.62185042369633, 'gpp_af': 0.09145768948268033, 'gpp_b': 0.004215504256370331, 'gpp_d': 331.7366635899375, 'ign_k': 0.031585104499228, 'ign_c': 0.9580682294110432, 'gdp_gamma': 0.057304083737274164}.
[I 2026-08-06 03:04:57,522] Trial 473 finished with values: [-0.5140756991872879, 0.3169172310939903] and parameters: {'k1': 0.00031489116479568613, 'D_low': 17.436039158218318, 'k2': 0.00014001191914113747, 'D_high': 21863.563449420166, 'fire_exp': 2.066761381010117, 'P_half': 2.1698375693549488, 'pre_dampen_half': 31.977584652685227, 'gpp_af': 21.42302175774105, 'gpp_b': 5.7857954539842234e-05, 'gpp_d': 189.88136301569827, 'ign_k': 0.37424230019851973, 'ign_c': 6.807874826564585, 'gdp_gamma': 0.1491314556308135}.
[I 2026-08-06 03:04:59,984] Trial 474 finished with values: [10.51365341989623, 10.51365341989623] and parameters: {'k1': 2.9394634586259703e-05, 'D_low': 30.956657914928517, 'k2': 0.03820259936390116, 'D_high': 35.11445258128688, 'fire_exp': 1.0252685873887095, 'P_half': 10.226988730324324, 'pre_dampen_half': 36.876350096203005, 'gpp_af': 0.09145768948268033, 'gpp_b': 0.005386676499630372, 'gpp_d': 33.9790424311127, 'ign_k': 0.002115412774188856, 'ign_c': 0.11129666723443188, 'gdp_gamma': 0.3862443158940324}.
[I 2026-08-06 03:05:02,087] Trial 475 finished with values: [10.34485433928672, 10.34485433928672] and parameters: {'k1': 1.9488910051308668e-05, 'D_low': 1.1102341430568343, 'k2': 0.007519407491506672, 'D_high': 2842.140588732084, 'fire_exp': 1.4322493718230251, 'P_half': 25.255166452944085, 'pre_dampen_half': 36.876350096203005, 'gpp_af': 0.05391752791214327, 'gpp_b': 0.0030742893625766146, 'gpp_d': 34.70266988650411, 'ign_k': 0.002115412774188856, 'ign_c': 6.807874826564585, 'gdp_gamma': 0.3862443158940324}.
[I 2026-08-06 03:05:04,366] Trial 476 finished with values: [-0.5169873397062508, 0.19823998761602546] and parameters: {'k1': 0.002971796631657383, 'D_low': 1.1102341430568343, 'k2': 0.0007081721844034209, 'D_high': 9769.756791866093, 'fire_exp': 1.314673522286271, 'P_half': 10.226988730324324, 'pre_dampen_half': 36.876350096203005, 'gpp_af': 0.05391752791214327, 'gpp_b': 0.0012070331879029856, 'gpp_d': 48.69745226446181, 'ign_k': 0.031585104499228, 'ign_c': 1.3894673469237204, 'gdp_gamma': 0.057304083737274164}.
[I 2026-08-06 03:05:06,507] Trial 477 finished with values: [-0.5832483630551867, 0.21110436658351006] and parameters: {'k1': 2.80643901112427e-05, 'D_low': 148.10800730363493, 'k2': 4.484744524732793e-05, 'D_high': 28975.337521324145, 'fire_exp': 1.0881360604103363, 'P_half': 37.15131799947327, 'pre_dampen_half': 36.876350096203005, 'gpp_af': 0.09145768948268033, 'gpp_b': 0.004215504256370331, 'gpp_d': 4.08522800366862, 'ign_k': 0.37424230019851973, 'ign_c': 0.3525936800597896, 'gdp_gamma': 0.3862443158940324}.
[I 2026-08-06 03:05:08,539] Trial 478 finished with values: [-0.5496862779444665, 0.24725751081904745] and parameters: {'k1': 2.9394634586259703e-05, 'D_low': 1.1102341430568343, 'k2': 0.0008312953263874528, 'D_high': 28975.337521324145, 'fire_exp': 1.0881360604103363, 'P_half': 2.1698375693549488, 'pre_dampen_half': 36.876350096203005, 'gpp_af': 0.002311080279955305, 'gpp_b': 3.481277316673104e-05, 'gpp_d': 26.003623362924223, 'ign_k': 0.0026834162496848666, 'ign_c': 6.160975294741436, 'gdp_gamma': 0.3862443158940324}.
[I 2026-08-06 03:05:10,778] Trial 479 finished with values: [-0.6119267092653354, 0.11433253247072739] and parameters: {'k1': 2.9394634586259703e-05, 'D_low': 376.7022142229396, 'k2': 0.03820259936390116, 'D_high': 2970.7920514735997, 'fire_exp': 1.0340574447037933, 'P_half': 251.23618639978196, 'pre_dampen_half': 8.904067307938409, 'gpp_af': 0.09145768948268033, 'gpp_b': 0.0005623095666134974, 'gpp_d': 331.7366635899375, 'ign_k': 0.038791280730284435, 'ign_c': 0.6615437365561385, 'gdp_gamma': 1.8068697350278546}.
[I 2026-08-06 03:05:13,059] Trial 480 finished with values: [11.61004136691609, 11.61004136691609] and parameters: {'k1': 2.80643901112427e-05, 'D_low': 29.89885508829526, 'k2': 3.277320296937061e-05, 'D_high': 13.670484737132345, 'fire_exp': 1.0340574447037933, 'P_half': 2.951922743391744, 'pre_dampen_half': 397.4459556835019, 'gpp_af': 1.036956521675621, 'gpp_b': 0.0011857788502887916, 'gpp_d': 29.84760101168661, 'ign_k': 0.37424230019851973, 'ign_c': 0.9580682294110432, 'gdp_gamma': 0.7366679513906507}.
[I 2026-08-06 03:05:15,158] Trial 481 finished with values: [10.768365931760624, 10.768365931760624] and parameters: {'k1': 2.9394634586259703e-05, 'D_low': 1.1102341430568343, 'k2': 7.639737756882014e-05, 'D_high': 2970.7920514735997, 'fire_exp': 1.0881360604103363, 'P_half': 141.1179996668461, 'pre_dampen_half': 36.876350096203005, 'gpp_af': 0.002311080279955305, 'gpp_b': 1.4478860477170008, 'gpp_d': 33.9790424311127, 'ign_k': 0.0026834162496848666, 'ign_c': 6.160975294741436, 'gdp_gamma': 1.351676663316814}.
[I 2026-08-06 03:05:17,156] Trial 482 finished with values: [10.678725367870548, 10.678725367870548] and parameters: {'k1': 0.00031489116479568613, 'D_low': 1.1102341430568343, 'k2': 0.0001599021369655865, 'D_high': 35.11445258128688, 'fire_exp': 1.4322493718230251, 'P_half': 1316.4487472745689, 'pre_dampen_half': 36.876350096203005, 'gpp_af': 0.09145768948268033, 'gpp_b': 0.0039265289720170965, 'gpp_d': 331.7366635899375, 'ign_k': 0.37424230019851973, 'ign_c': 0.3525936800597896, 'gdp_gamma': 0.0013513969389453795}.
[I 2026-08-06 03:05:18,834] Trial 483 finished with values: [-0.5137769868923499, 0.1661038887338906] and parameters: {'k1': 0.0030285741098956273, 'D_low': 29.89885508829526, 'k2': 0.00014001191914113747, 'D_high': 8182.111518618414, 'fire_exp': 1.0643782527174972, 'P_half': 616.1423618045311, 'pre_dampen_half': 129.7187644086357, 'gpp_af': 0.1241231030920017, 'gpp_b': 0.004215504256370331, 'gpp_d': 1.2434469102435366, 'ign_k': 0.08356564873457054, 'ign_c': 6.807874826564585, 'gdp_gamma': 0.1138099269777268}.
[I 2026-08-06 03:05:20,769] Trial 484 finished with values: [-0.5798288988189179, 0.11593648122363998] and parameters: {'k1': 2.80643901112427e-05, 'D_low': 2.6285770615112845, 'k2': 9.293516267059069e-05, 'D_high': 2842.140588732084, 'fire_exp': 1.0340574447037933, 'P_half': 1.2765717873951687, 'pre_dampen_half': 14.711215379121963, 'gpp_af': 0.05391752791214327, 'gpp_b': 0.004215504256370331, 'gpp_d': 331.7366635899375, 'ign_k': 0.038791280730284435, 'ign_c': 0.9580682294110432, 'gdp_gamma': 1.8068697350278546}.
[I 2026-08-06 03:05:22,596] Trial 485 finished with values: [10.229817007248897, 10.229817007248897] and parameters: {'k1': 0.00031489116479568613, 'D_low': 19.063314120324364, 'k2': 0.08844033380058675, 'D_high': 2970.7920514735997, 'fire_exp': 1.0881360604103363, 'P_half': 1.2765717873951687, 'pre_dampen_half': 36.876350096203005, 'gpp_af': 0.05391752791214327, 'gpp_b': 0.0030742893625766146, 'gpp_d': 33.9790424311127, 'ign_k': 0.002115412774188856, 'ign_c': 1.317454386434276, 'gdp_gamma': 1.8068697350278546}.
[I 2026-08-06 03:05:24,224] Trial 486 finished with values: [11.982725666641949, 11.982725666641949] and parameters: {'k1': 0.0007284371265166888, 'D_low': 3.715199773711025, 'k2': 0.0007492772870670282, 'D_high': 21863.563449420166, 'fire_exp': 1.4322493718230251, 'P_half': 1.2765717873951687, 'pre_dampen_half': 129.7187644086357, 'gpp_af': 0.05391752791214327, 'gpp_b': 5.7857954539842234e-05, 'gpp_d': 189.88136301569827, 'ign_k': 1.2021930484915047, 'ign_c': 6.807874826564585, 'gdp_gamma': 0.7366679513906507}.
[I 2026-08-06 03:05:25,857] Trial 487 finished with values: [10.341548558926117, 10.341548558926117] and parameters: {'k1': 0.0030285741098956273, 'D_low': 29.89885508829526, 'k2': 4.484744524732793e-05, 'D_high': 35.11445258128688, 'fire_exp': 1.5191397119156032, 'P_half': 25.255166452944085, 'pre_dampen_half': 129.7187644086357, 'gpp_af': 0.09145768948268033, 'gpp_b': 0.009847566464935826, 'gpp_d': 331.7366635899375, 'ign_k': 1.2021930484915047, 'ign_c': 22.126836566118193, 'gdp_gamma': 0.3862443158940324}.
[I 2026-08-06 03:05:27,556] Trial 488 finished with values: [-0.6205581041105702, 0.14637865423952146] and parameters: {'k1': 0.0029690870944846805, 'D_low': 376.7022142229396, 'k2': 0.0007081721844034209, 'D_high': 2970.7920514735997, 'fire_exp': 1.0881360604103363, 'P_half': 10.226988730324324, 'pre_dampen_half': 8.904067307938409, 'gpp_af': 3.253305539860196, 'gpp_b': 0.02052499618703749, 'gpp_d': 33.9790424311127, 'ign_k': 2.7728241828010627, 'ign_c': 0.6615437365561385, 'gdp_gamma': 1.8068697350278546}.
[I 2026-08-06 03:05:29,131] Trial 489 finished with values: [10.495887384648778, 10.495887384648778] and parameters: {'k1': 0.0030285741098956273, 'D_low': 148.10800730363493, 'k2': 0.03820259936390116, 'D_high': 21863.563449420166, 'fire_exp': 1.0881360604103363, 'P_half': 616.1423618045311, 'pre_dampen_half': 129.7187644086357, 'gpp_af': 0.09145768948268033, 'gpp_b': 0.004215504256370331, 'gpp_d': 10.931606102061748, 'ign_k': 1.2021930484915047, 'ign_c': 22.126836566118193, 'gdp_gamma': 1.8068697350278546}.
[I 2026-08-06 03:05:30,934] Trial 490 finished with values: [10.017332826664017, 10.017332826664017] and parameters: {'k1': 2.9394634586259703e-05, 'D_low': 2068.53034640896, 'k2': 0.0007081721844034209, 'D_high': 1732.1868366117535, 'fire_exp': 1.0227532009936005, 'P_half': 2.1698375693549488, 'pre_dampen_half': 36.876350096203005, 'gpp_af': 0.002311080279955305, 'gpp_b': 3.481277316673104e-05, 'gpp_d': 26.003623362924223, 'ign_k': 0.0026834162496848666, 'ign_c': 6.160975294741436, 'gdp_gamma': 1.351676663316814}.
[I 2026-08-06 03:05:32,706] Trial 491 finished with values: [-0.5761673476602539, 0.09598886366380621] and parameters: {'k1': 0.0030285741098956273, 'D_low': 1.1102341430568343, 'k2': 0.00020222983754231334, 'D_high': 35.11445258128688, 'fire_exp': 1.0881360604103363, 'P_half': 25.255166452944085, 'pre_dampen_half': 36.876350096203005, 'gpp_af': 0.09145768948268033, 'gpp_b': 0.004215504256370331, 'gpp_d': 331.7366635899375, 'ign_k': 0.37424230019851973, 'ign_c': 11.77190025324203, 'gdp_gamma': 0.3862443158940324}.
[I 2026-08-06 03:05:34,341] Trial 492 finished with values: [10.072980594634517, 10.072980594634517] and parameters: {'k1': 0.00031489116479568613, 'D_low': 1.1102341430568343, 'k2': 2.246290894032394e-05, 'D_high': 9769.756791866093, 'fire_exp': 1.4322493718230251, 'P_half': 1.2765717873951687, 'pre_dampen_half': 397.4459556835019, 'gpp_af': 0.06323437159998231, 'gpp_b': 0.006373956092838178, 'gpp_d': 33.9790424311127, 'ign_k': 0.002115412774188856, 'ign_c': 2.5264326476269368, 'gdp_gamma': 0.6423856065991593}.
[I 2026-08-06 03:05:35,976] Trial 493 finished with values: [10.337787239613505, 10.337787239613505] and parameters: {'k1': 0.0002191739661157602, 'D_low': 1.1102341430568343, 'k2': 0.0007492772870670282, 'D_high': 13.670484737132345, 'fire_exp': 1.5191397119156032, 'P_half': 1.3577269394141454, 'pre_dampen_half': 397.4459556835019, 'gpp_af': 0.05391752791214327, 'gpp_b': 0.0012070331879029856, 'gpp_d': 10.931606102061748, 'ign_k': 0.031585104499228, 'ign_c': 22.126836566118193, 'gdp_gamma': 0.7366679513906507}.
[I 2026-08-06 03:05:37,682] Trial 494 finished with values: [10.277003513876876, 10.277003513876876] and parameters: {'k1': 0.0002191739661157602, 'D_low': 1.1102341430568343, 'k2': 4.484744524732793e-05, 'D_high': 13.670484737132345, 'fire_exp': 1.5191397119156032, 'P_half': 1.2765717873951687, 'pre_dampen_half': 129.7187644086357, 'gpp_af': 0.05391752791214327, 'gpp_b': 0.0012070331879029856, 'gpp_d': 189.88136301569827, 'ign_k': 0.37424230019851973, 'ign_c': 8.308114652888387, 'gdp_gamma': 0.11787300531243229}.
[I 2026-08-06 03:05:39,369] Trial 495 finished with values: [11.430995213089469, 11.430995213089469] and parameters: {'k1': 0.0002191739661157602, 'D_low': 1.1102341430568343, 'k2': 0.0007081721844034209, 'D_high': 2970.7920514735997, 'fire_exp': 1.0881360604103363, 'P_half': 10.226988730324324, 'pre_dampen_half': 397.4459556835019, 'gpp_af': 0.09145768948268033, 'gpp_b': 0.0012070331879029856, 'gpp_d': 33.9790424311127, 'ign_k': 0.031585104499228, 'ign_c': 1.3894673469237204, 'gdp_gamma': 0.7366679513906507}.
[I 2026-08-06 03:05:41,330] Trial 496 finished with values: [-0.5154012940331647, 0.1661626076533934] and parameters: {'k1': 0.0030285741098956273, 'D_low': 29.89885508829526, 'k2': 2.0621202575348143e-05, 'D_high': 386.98408508417, 'fire_exp': 1.5191397119156032, 'P_half': 25.255166452944085, 'pre_dampen_half': 397.4459556835019, 'gpp_af': 0.09145768948268033, 'gpp_b': 0.0025797966927081192, 'gpp_d': 189.88136301569827, 'ign_k': 0.37424230019851973, 'ign_c': 6.807874826564585, 'gdp_gamma': 0.11787300531243229}.
[I 2026-08-06 03:05:43,125] Trial 497 finished with values: [10.242029835215117, 10.242029835215117] and parameters: {'k1': 0.0030285741098956273, 'D_low': 148.10800730363493, 'k2': 4.484744524732793e-05, 'D_high': 21863.563449420166, 'fire_exp': 1.5191397119156032, 'P_half': 4.933751600448339, 'pre_dampen_half': 36.876350096203005, 'gpp_af': 0.09145768948268033, 'gpp_b': 6.255968081638362e-05, 'gpp_d': 189.88136301569827, 'ign_k': 1.2021930484915047, 'ign_c': 22.126836566118193, 'gdp_gamma': 0.1138099269777268}.
[I 2026-08-06 03:05:44,771] Trial 498 finished with values: [10.499857134569432, 10.499857134569432] and parameters: {'k1': 0.0030285741098956273, 'D_low': 1.1102341430568343, 'k2': 0.0007081721844034209, 'D_high': 13.670484737132345, 'fire_exp': 1.0881360604103363, 'P_half': 25.255166452944085, 'pre_dampen_half': 6.881834772031151, 'gpp_af': 29.925002022877802, 'gpp_b': 3.481277316673104e-05, 'gpp_d': 48.69745226446181, 'ign_k': 0.0026834162496848666, 'ign_c': 1.3894673469237204, 'gdp_gamma': 0.3862443158940324}.
[I 2026-08-06 03:05:46,357] Trial 499 finished with values: [10.769225393521907, 10.769225393521907] and parameters: {'k1': 0.0030285741098956273, 'D_low': 29.89885508829526, 'k2': 0.00014001191914113747, 'D_high': 8182.111518618414, 'fire_exp': 1.0643782527174972, 'P_half': 25.255166452944085, 'pre_dampen_half': 36.876350096203005, 'gpp_af': 0.1241231030920017, 'gpp_b': 0.004215504256370331, 'gpp_d': 331.7366635899375, 'ign_k': 0.37424230019851973, 'ign_c': 57.261125035162195, 'gdp_gamma': 0.1138099269777268}.
[I 2026-08-06 03:05:48,296] Trial 500 finished with values: [10.190138967066986, 10.190138967066986] and parameters: {'k1': 0.00031489116479568613, 'D_low': 1593.4806585556198, 'k2': 0.03820259936390116, 'D_high': 2842.140588732084, 'fire_exp': 1.4322493718230251, 'P_half': 10.226988730324324, 'pre_dampen_half': 36.876350096203005, 'gpp_af': 0.05391752791214327, 'gpp_b': 0.0030742893625766146, 'gpp_d': 10.931606102061748, 'ign_k': 0.002115412774188856, 'ign_c': 22.126836566118193, 'gdp_gamma': 1.8068697350278546}.
[I 2026-08-06 03:05:50,056] Trial 501 finished with values: [10.58826158069338, 10.58826158069338] and parameters: {'k1': 2.9394634586259703e-05, 'D_low': 29.89885508829526, 'k2': 0.03820259936390116, 'D_high': 21863.563449420166, 'fire_exp': 1.5191397119156032, 'P_half': 616.1423618045311, 'pre_dampen_half': 129.7187644086357, 'gpp_af': 0.017832592720985762, 'gpp_b': 0.0030742893625766146, 'gpp_d': 0.10017312476738939, 'ign_k': 1.2021930484915047, 'ign_c': 22.126836566118193, 'gdp_gamma': 0.003571618203643329}.
[I 2026-08-06 03:05:51,852] Trial 502 finished with values: [10.340596245335753, 10.340596245335753] and parameters: {'k1': 2.3224552232891533e-05, 'D_low': 1.1102341430568343, 'k2': 4.484744524732793e-05, 'D_high': 21863.563449420166, 'fire_exp': 1.5191397119156032, 'P_half': 10.755022125844455, 'pre_dampen_half': 14.711215379121963, 'gpp_af': 1.036956521675621, 'gpp_b': 0.004215504256370331, 'gpp_d': 331.7366635899375, 'ign_k': 0.37424230019851973, 'ign_c': 8.308114652888387, 'gdp_gamma': 0.3862443158940324}.
[I 2026-08-06 03:05:53,726] Trial 503 finished with values: [10.769195542829822, 10.769195542829822] and parameters: {'k1': 0.0030285741098956273, 'D_low': 376.7022142229396, 'k2': 4.484744524732793e-05, 'D_high': 2970.7920514735997, 'fire_exp': 1.0881360604103363, 'P_half': 25.255166452944085, 'pre_dampen_half': 0.03333029838740256, 'gpp_af': 0.09145768948268033, 'gpp_b': 0.004215504256370331, 'gpp_d': 331.7366635899375, 'ign_k': 2.7728241828010627, 'ign_c': 35.133466168692735, 'gdp_gamma': 0.3862443158940324}.
