[I 2026-08-06 00:15:05,096] Trial 525 finished with values: [10.56669720684548, 10.56669720684548] and parameters: {'k1': 0.0005486676498816061, 'D_low': 98.57545621889057, 'k2': 0.0010204225357677778, 'D_high': 949.9072859745386, 'fire_exp': 1.010722707674549, 'P_half': 63.585411411994926, 'pre_dampen_half': 14.689898077648792, 'gpp_af': 10.25616274847308, 'gpp_b': 2.800940363375676e-05, 'gpp_d': 4.5768578731086835, 'ign_k': 0.0048255892187380085, 'ign_c': 14.367095138664217}.
[I 2026-08-06 00:15:06,082] Trial 526 finished with values: [12.971863399651891, 12.971863399651891] and parameters: {'k1': 0.0004846497679219079, 'D_low': 2.5379946629058443, 'k2': 0.0004381141781653133, 'D_high': 6366.1449945522045, 'fire_exp': 1.182396148413737, 'P_half': 22.4895428439145, 'pre_dampen_half': 703.6426675556048, 'gpp_af': 0.0025511964576171086, 'gpp_b': 3.228689523591491e-05, 'gpp_d': 150.14555442537656, 'ign_k': 0.03141110271934876, 'ign_c': 14.810800730363484}.
[I 2026-08-06 00:15:07,082] Trial 527 finished with values: [12.58932345869001, 12.58932345869001] and parameters: {'k1': 0.0002656971546588439, 'D_low': 4.051452710153359, 'k2': 3.5917714215176105e-05, 'D_high': 75773.14388518519, 'fire_exp': 1.1044852285094786, 'P_half': 14.94057723907974, 'pre_dampen_half': 76.86605275420082, 'gpp_af': 0.028585493941961918, 'gpp_b': 5.6378660494178646e-05, 'gpp_d': 368.30088529547436, 'ign_k': 0.11101191524846071, 'ign_c': 10.140635645866492}.
[I 2026-08-06 00:15:08,060] Trial 528 finished with values: [-0.5099633953619047, 0.23629146509086296] and parameters: {'k1': 0.0002656971546588439, 'D_low': 125.32726386250698, 'k2': 3.5917714215176105e-05, 'D_high': 75773.14388518519, 'fire_exp': 1.5201277403788451, 'P_half': 552.4095129928629, 'pre_dampen_half': 304.7488318185732, 'gpp_af': 0.47739011308437823, 'gpp_b': 8.539677611488478e-05, 'gpp_d': 150.14555442537656, 'ign_k': 0.005877005203443299, 'ign_c': 14.810800730363484}.
[I 2026-08-06 00:15:09,062] Trial 529 finished with values: [12.62835479112795, 12.62835479112795] and parameters: {'k1': 0.03232155805617897, 'D_low': 7.068974950624602, 'k2': 0.0005262881356087174, 'D_high': 75773.14388518519, 'fire_exp': 1.1044852285094786, 'P_half': 14.94057723907974, 'pre_dampen_half': 53.73093479067421, 'gpp_af': 0.028585493941961918, 'gpp_b': 0.011750724729953272, 'gpp_d': 368.30088529547436, 'ign_k': 0.11101191524846071, 'ign_c': 10.140635645866492}.
[I 2026-08-06 00:15:10,046] Trial 530 finished with values: [-0.5305159332701287, 0.2508188640524157] and parameters: {'k1': 3.252245757497282e-05, 'D_low': 1112.9571947046009, 'k2': 4.763991596630584e-05, 'D_high': 1687.3495104568947, 'fire_exp': 1.010722707674549, 'P_half': 608.3019192425825, 'pre_dampen_half': 304.7488318185732, 'gpp_af': 22.766850248686247, 'gpp_b': 0.6637926838138378, 'gpp_d': 150.14555442537656, 'ign_k': 0.0063401408602514545, 'ign_c': 0.1457050032975653}.
[I 2026-08-06 00:15:11,013] Trial 531 finished with values: [10.765084017144195, 10.765084017144195] and parameters: {'k1': 0.002971796631657383, 'D_low': 125.32726386250698, 'k2': 0.0004381141781653133, 'D_high': 8182.111518618414, 'fire_exp': 3.101662552922359, 'P_half': 125.61043700013555, 'pre_dampen_half': 304.7488318185732, 'gpp_af': 0.0025511964576171086, 'gpp_b': 0.011750724729953272, 'gpp_d': 0.19476644406315288, 'ign_k': 0.0026834162496848666, 'ign_c': 2.92043384718141}.
[I 2026-08-06 00:15:11,982] Trial 532 finished with values: [10.584456550304814, 10.584456550304814] and parameters: {'k1': 1.8064907756357243e-05, 'D_low': 7.068974950624602, 'k2': 0.0004381141781653133, 'D_high': 75773.14388518519, 'fire_exp': 1.1044852285094786, 'P_half': 2.157758652553991, 'pre_dampen_half': 247.25776073156666, 'gpp_af': 0.8125629376969175, 'gpp_b': 0.003510201564752293, 'gpp_d': 0.07404167689653945, 'ign_k': 0.03141110271934876, 'ign_c': 47.268615251255675}.
[I 2026-08-06 00:15:12,926] Trial 533 finished with values: [10.759680787009614, 10.759680787009614] and parameters: {'k1': 0.00011911696453733046, 'D_low': 1.54121727098019, 'k2': 4.763991596630584e-05, 'D_high': 1687.3495104568947, 'fire_exp': 1.010722707674549, 'P_half': 125.61043700013555, 'pre_dampen_half': 36.876350096203005, 'gpp_af': 0.0025511964576171086, 'gpp_b': 0.6637926838138378, 'gpp_d': 5.878566318396007, 'ign_k': 3.7173717478250508, 'ign_c': 14.367095138664217}.
[I 2026-08-06 00:15:13,902] Trial 534 finished with values: [10.746508241996672, 10.746508241996672] and parameters: {'k1': 0.01549659926581634, 'D_low': 396.8136435370147, 'k2': 0.00017436039158218316, 'D_high': 75773.14388518519, 'fire_exp': 2.852463849219197, 'P_half': 408.3047491580097, 'pre_dampen_half': 33.9790424311127, 'gpp_af': 0.028585493941961918, 'gpp_b': 0.011750724729953272, 'gpp_d': 4.5768578731086835, 'ign_k': 0.0026834162496848666, 'ign_c': 2.92043384718141}.
[I 2026-08-06 00:15:14,871] Trial 535 finished with values: [10.316175226617549, 10.316175226617549] and parameters: {'k1': 0.021368329072358756, 'D_low': 7.068974950624602, 'k2': 1.1184534120760473e-05, 'D_high': 8182.111518618414, 'fire_exp': 1.5201277403788451, 'P_half': 24.136213194527585, 'pre_dampen_half': 36.876350096203005, 'gpp_af': 0.028585493941961918, 'gpp_b': 0.011750724729953272, 'gpp_d': 150.14555442537656, 'ign_k': 0.0026834162496848666, 'ign_c': 2.92043384718141}.
[I 2026-08-06 00:15:15,871] Trial 536 finished with values: [10.322241645369493, 10.322241645369493] and parameters: {'k1': 0.0002656971546588439, 'D_low': 29.89885508829526, 'k2': 1.1184534120760473e-05, 'D_high': 29.580419692843236, 'fire_exp': 1.5201277403788451, 'P_half': 125.61043700013555, 'pre_dampen_half': 304.7488318185732, 'gpp_af': 0.0025511964576171086, 'gpp_b': 3.228689523591491e-05, 'gpp_d': 0.01143148628251203, 'ign_k': 0.005877005203443299, 'ign_c': 2.92043384718141}.
[I 2026-08-06 00:15:16,849] Trial 537 finished with values: [10.449158963287207, 10.449158963287207] and parameters: {'k1': 1.9488910051308668e-05, 'D_low': 532.1216007763549, 'k2': 0.0004381141781653133, 'D_high': 233.52156626184438, 'fire_exp': 1.182396148413737, 'P_half': 4.397766894483963, 'pre_dampen_half': 33.9790424311127, 'gpp_af': 0.0025511964576171086, 'gpp_b': 3.228689523591491e-05, 'gpp_d': 668.5510162938966, 'ign_k': 0.03141110271934876, 'ign_c': 47.268615251255675}.
[I 2026-08-06 00:15:17,810] Trial 538 finished with values: [-0.5858003165059051, 0.14565449535642971] and parameters: {'k1': 0.0017320535908244437, 'D_low': 532.1216007763549, 'k2': 0.006138509947844854, 'D_high': 75773.14388518519, 'fire_exp': 1.4665043946307825, 'P_half': 125.61043700013555, 'pre_dampen_half': 36.876350096203005, 'gpp_af': 0.09172078901566363, 'gpp_b': 8.539677611488478e-05, 'gpp_d': 668.5510162938966, 'ign_k': 0.08312953263874531, 'ign_c': 14.810800730363484}.
[I 2026-08-06 00:15:18,779] Trial 539 finished with values: [10.759666390161488, 10.759666390161488] and parameters: {'k1': 0.0017320535908244437, 'D_low': 1112.9571947046009, 'k2': 0.0010204225357677778, 'D_high': 29456.2056920274, 'fire_exp': 1.5201277403788451, 'P_half': 14.94057723907974, 'pre_dampen_half': 33.9790424311127, 'gpp_af': 0.0025511964576171086, 'gpp_b': 0.03982202023586574, 'gpp_d': 668.5510162938966, 'ign_k': 0.09071933427331372, 'ign_c': 9.34330265731847}.
[I 2026-08-06 00:15:19,747] Trial 540 finished with values: [11.536410968057988, 11.536410968057988] and parameters: {'k1': 0.002971796631657383, 'D_low': 14.677440038495336, 'k2': 0.006024590664672947, 'D_high': 8182.111518618414, 'fire_exp': 1.4665043946307825, 'P_half': 125.61043700013555, 'pre_dampen_half': 53.73093479067421, 'gpp_af': 0.47739011308437823, 'gpp_b': 0.011750724729953272, 'gpp_d': 5.878566318396007, 'ign_k': 2.7573353505786358, 'ign_c': 0.1457050032975653}.
[I 2026-08-06 00:15:20,746] Trial 541 finished with values: [10.393176501264033, 10.393176501264033] and parameters: {'k1': 0.013164487472745685, 'D_low': 98.57545621889057, 'k2': 2.1698375693549493e-05, 'D_high': 14.403740929157834, 'fire_exp': 1.0473002272689056, 'P_half': 24.136213194527585, 'pre_dampen_half': 304.7488318185732, 'gpp_af': 0.004344117003966495, 'gpp_b': 3.481277316673104e-05, 'gpp_d': 150.14555442537656, 'ign_k': 0.08356564873457054, 'ign_c': 29.815734524531024}.
[I 2026-08-06 00:15:21,714] Trial 542 finished with values: [10.316497202688204, 10.316497202688204] and parameters: {'k1': 0.0017320535908244437, 'D_low': 396.8136435370147, 'k2': 3.5917714215176105e-05, 'D_high': 10316.033434719713, 'fire_exp': 1.1044852285094786, 'P_half': 24.136213194527585, 'pre_dampen_half': 33.9790424311127, 'gpp_af': 35.20481045526041, 'gpp_b': 0.011750724729953272, 'gpp_d': 10.931606102061748, 'ign_k': 0.4702627143647234, 'ign_c': 14.810800730363484}.
[I 2026-08-06 00:15:22,693] Trial 543 finished with values: [-0.5514207910423494, 0.13133628945115794] and parameters: {'k1': 0.0029707920514735983, 'D_low': 1.54121727098019, 'k2': 1.1184534120760473e-05, 'D_high': 75773.14388518519, 'fire_exp': 1.4665043946307825, 'P_half': 125.61043700013555, 'pre_dampen_half': 36.876350096203005, 'gpp_af': 0.0025511964576171086, 'gpp_b': 3.228689523591491e-05, 'gpp_d': 5.878566318396007, 'ign_k': 0.019192001101561888, 'ign_c': 2.92043384718141}.
[I 2026-08-06 00:15:23,690] Trial 544 finished with values: [10.345568008113913, 10.345568008113913] and parameters: {'k1': 0.002971796631657383, 'D_low': 2.458603276328005, 'k2': 1.1184534120760473e-05, 'D_high': 9769.756791866093, 'fire_exp': 1.5201277403788451, 'P_half': 125.61043700013555, 'pre_dampen_half': 53.73093479067421, 'gpp_af': 0.028585493941961918, 'gpp_b': 0.011750724729953272, 'gpp_d': 39.827466658711515, 'ign_k': 0.017654048052495083, 'ign_c': 2.92043384718141}.
[I 2026-08-06 00:15:24,668] Trial 545 finished with values: [10.422251065166583, 10.422251065166583] and parameters: {'k1': 0.03232155805617897, 'D_low': 18.522006003174383, 'k2': 2.6285770615112825e-05, 'D_high': 639.0695092073224, 'fire_exp': 1.7460031217480432, 'P_half': 12.808863354047988, 'pre_dampen_half': 33.9790424311127, 'gpp_af': 22.766850248686247, 'gpp_b': 9.58832899519661e-05, 'gpp_d': 39.827466658711515, 'ign_k': 0.11101191524846071, 'ign_c': 14.367095138664217}.
[I 2026-08-06 00:15:25,780] Trial 546 finished with values: [-0.5217100086632614, 0.1878187703576779] and parameters: {'k1': 2.0937989739527727e-05, 'D_low': 74.92772870670282, 'k2': 0.0010204225357677778, 'D_high': 9769.756791866093, 'fire_exp': 1.0881360604103363, 'P_half': 10.226988730324324, 'pre_dampen_half': 5.542030950268268, 'gpp_af': 0.08235550625917108, 'gpp_b': 2.800940363375676e-05, 'gpp_d': 4.5768578731086835, 'ign_k': 0.0048255892187380085, 'ign_c': 6.160975294741436}.
[I 2026-08-06 00:15:26,792] Trial 547 finished with values: [10.27570748884711, 10.27570748884711] and parameters: {'k1': 0.0029707920514735983, 'D_low': 1.54121727098019, 'k2': 1.1184534120760473e-05, 'D_high': 8182.111518618414, 'fire_exp': 1.4665043946307825, 'P_half': 125.61043700013555, 'pre_dampen_half': 36.876350096203005, 'gpp_af': 0.47739011308437823, 'gpp_b': 0.011750724729953272, 'gpp_d': 5.878566318396007, 'ign_k': 0.019192001101561888, 'ign_c': 2.92043384718141}.
[I 2026-08-06 00:15:27,753] Trial 548 finished with values: [10.503001113424155, 10.503001113424155] and parameters: {'k1': 0.0002656971546588439, 'D_low': 18.522006003174383, 'k2': 3.5917714215176105e-05, 'D_high': 639.0695092073224, 'fire_exp': 1.1044852285094786, 'P_half': 147.09699119495133, 'pre_dampen_half': 857.6556763881457, 'gpp_af': 0.00515795696727661, 'gpp_b': 0.10123867001105968, 'gpp_d': 891.8036602897795, 'ign_k': 0.4702627143647234, 'ign_c': 14.810800730363484}.
[I 2026-08-06 00:15:28,716] Trial 549 finished with values: [10.725096784230935, 10.725096784230935] and parameters: {'k1': 0.0017320535908244437, 'D_low': 18.522006003174383, 'k2': 1.4378290221680118e-05, 'D_high': 639.0695092073224, 'fire_exp': 1.1044852285094786, 'P_half': 608.3019192425825, 'pre_dampen_half': 33.9790424311127, 'gpp_af': 22.766850248686247, 'gpp_b': 3.481277316673104e-05, 'gpp_d': 0.07404167689653945, 'ign_k': 3.7173717478250508, 'ign_c': 2.2882309479728957}.
[I 2026-08-06 00:15:29,696] Trial 550 finished with values: [10.128495768205182, 10.128495768205182] and parameters: {'k1': 0.00012105387404469581, 'D_low': 74.92772870670282, 'k2': 0.006138509947844854, 'D_high': 3660.150802571655, 'fire_exp': 1.5201277403788451, 'P_half': 2.157758652553991, 'pre_dampen_half': 76.86605275420082, 'gpp_af': 1.6595781802652418, 'gpp_b': 5.2308563179361105e-05, 'gpp_d': 3.1220565647859098, 'ign_k': 0.017654048052495083, 'ign_c': 6.160975294741436}.
[I 2026-08-06 00:15:30,673] Trial 551 finished with values: [10.00850846903898, 10.00850846903898] and parameters: {'k1': 0.0017320535908244437, 'D_low': 1112.9571947046009, 'k2': 0.0010204225357677778, 'D_high': 2969.087094484682, 'fire_exp': 1.5201277403788451, 'P_half': 2.157758652553991, 'pre_dampen_half': 76.86605275420082, 'gpp_af': 0.0025511964576171086, 'gpp_b': 8.539677611488478e-05, 'gpp_d': 668.5510162938966, 'ign_k': 0.6454459531371669, 'ign_c': 9.34330265731847}.
[I 2026-08-06 00:15:31,653] Trial 552 finished with values: [10.725169811908673, 10.725169811908673] and parameters: {'k1': 0.0017320535908244437, 'D_low': 4.051452710153359, 'k2': 2.1698375693549493e-05, 'D_high': 75773.14388518519, 'fire_exp': 3.627844665636024, 'P_half': 22.4895428439145, 'pre_dampen_half': 36.876350096203005, 'gpp_af': 0.0025511964576171086, 'gpp_b': 3.228689523591491e-05, 'gpp_d': 857.4284557962634, 'ign_k': 0.0026834162496848666, 'ign_c': 14.810800730363484}.
[I 2026-08-06 00:15:32,649] Trial 553 finished with values: [11.773039728834284, 11.773039728834284] and parameters: {'k1': 0.0029707920514735983, 'D_low': 1.54121727098019, 'k2': 0.0004381141781653133, 'D_high': 8182.111518618414, 'fire_exp': 1.4665043946307825, 'P_half': 125.61043700013555, 'pre_dampen_half': 304.7488318185732, 'gpp_af': 0.0025511964576171086, 'gpp_b': 3.228689523591491e-05, 'gpp_d': 5.878566318396007, 'ign_k': 0.019192001101561888, 'ign_c': 2.92043384718141}.
[I 2026-08-06 00:15:33,613] Trial 554 finished with values: [10.395057864981458, 10.395057864981458] and parameters: {'k1': 0.0029707920514735983, 'D_low': 1112.9571947046009, 'k2': 1.1184534120760473e-05, 'D_high': 75773.14388518519, 'fire_exp': 1.5201277403788451, 'P_half': 2.157758652553991, 'pre_dampen_half': 36.876350096203005, 'gpp_af': 0.0025511964576171086, 'gpp_b': 3.228689523591491e-05, 'gpp_d': 5.878566318396007, 'ign_k': 0.019192001101561888, 'ign_c': 9.34330265731847}.
[I 2026-08-06 00:15:34,576] Trial 555 finished with values: [10.018915551775944, 10.018915551775944] and parameters: {'k1': 1.0941664389997354e-05, 'D_low': 7.068974950624602, 'k2': 0.0004381141781653133, 'D_high': 20.31481195045495, 'fire_exp': 1.1044852285094786, 'P_half': 1938.3858782150498, 'pre_dampen_half': 247.25776073156666, 'gpp_af': 0.0025511964576171086, 'gpp_b': 3.481277316673104e-05, 'gpp_d': 0.07404167689653945, 'ign_k': 0.03141110271934876, 'ign_c': 2.2882309479728957}.
[I 2026-08-06 00:15:35,544] Trial 556 finished with values: [-0.5051663702926608, 0.21053283908006104] and parameters: {'k1': 0.00020222983754231334, 'D_low': 7.068974950624602, 'k2': 1.1184534120760473e-05, 'D_high': 1177.190025324204, 'fire_exp': 1.0881360604103363, 'P_half': 125.61043700013555, 'pre_dampen_half': 53.73093479067421, 'gpp_af': 0.028585493941961918, 'gpp_b': 3.481277316673104e-05, 'gpp_d': 5.878566318396007, 'ign_k': 0.0022462908940323947, 'ign_c': 2.5264326476269368}.
[I 2026-08-06 00:15:36,519] Trial 557 finished with values: [10.625211153356055, 10.625211153356055] and parameters: {'k1': 0.03232155805617897, 'D_low': 7.068974950624602, 'k2': 0.006138509947844854, 'D_high': 75773.14388518519, 'fire_exp': 2.196935728020977, 'P_half': 22.4895428439145, 'pre_dampen_half': 1.6130673726933187, 'gpp_af': 0.028585493941961918, 'gpp_b': 8.539677611488478e-05, 'gpp_d': 150.14555442537656, 'ign_k': 0.005877005203443299, 'ign_c': 10.140635645866492}.
[I 2026-08-06 00:15:37,517] Trial 558 finished with values: [10.097630182169121, 10.097630182169121] and parameters: {'k1': 0.025383218374507292, 'D_low': 532.1216007763549, 'k2': 1.3577269394141447e-05, 'D_high': 57.90964233881214, 'fire_exp': 1.010722707674549, 'P_half': 4.397766894483963, 'pre_dampen_half': 14.689898077648792, 'gpp_af': 0.0025511964576171086, 'gpp_b': 2.9612221068836557e-05, 'gpp_d': 668.5510162938966, 'ign_k': 0.03141110271934876, 'ign_c': 0.8891936446296247}.
[I 2026-08-06 00:15:38,480] Trial 559 finished with values: [10.368307571015393, 10.368307571015393] and parameters: {'k1': 0.025383218374507292, 'D_low': 7.068974950624602, 'k2': 1.1184534120760473e-05, 'D_high': 9769.756791866093, 'fire_exp': 1.151006986743773, 'P_half': 958.8659498594012, 'pre_dampen_half': 14.689898077648792, 'gpp_af': 0.028585493941961918, 'gpp_b': 0.0024194895091734425, 'gpp_d': 5.878566318396007, 'ign_k': 0.031134168041628628, 'ign_c': 19.19168994439752}.
[I 2026-08-06 00:15:39,445] Trial 560 finished with values: [10.483828219424016, 10.483828219424016] and parameters: {'k1': 0.0029707920514735983, 'D_low': 125.32726386250698, 'k2': 0.0004381141781653133, 'D_high': 6366.1449945522045, 'fire_exp': 1.182396148413737, 'P_half': 24.136213194527585, 'pre_dampen_half': 33.9790424311127, 'gpp_af': 0.0025511964576171086, 'gpp_b': 3.481277316673104e-05, 'gpp_d': 150.14555442537656, 'ign_k': 0.03141110271934876, 'ign_c': 14.810800730363484}.
[I 2026-08-06 00:15:40,424] Trial 561 finished with values: [13.18675571303854, 13.18675571303854] and parameters: {'k1': 0.021368329072358756, 'D_low': 7.068974950624602, 'k2': 0.0004381141781653133, 'D_high': 8182.111518618414, 'fire_exp': 1.010722707674549, 'P_half': 24.136213194527585, 'pre_dampen_half': 703.6426675556048, 'gpp_af': 0.09651979281656148, 'gpp_b': 6.255968081638362e-05, 'gpp_d': 0.19476644406315288, 'ign_k': 0.019192001101561888, 'ign_c': 2.92043384718141}.
[I 2026-08-06 00:15:41,405] Trial 562 finished with values: [10.46613682692642, 10.46613682692642] and parameters: {'k1': 0.001862787834791215, 'D_low': 1112.9571947046009, 'k2': 3.5917714215176105e-05, 'D_high': 8182.111518618414, 'fire_exp': 1.5201277403788451, 'P_half': 24.136213194527585, 'pre_dampen_half': 28.01075698398644, 'gpp_af': 0.47739011308437823, 'gpp_b': 3.481277316673104e-05, 'gpp_d': 150.14555442537656, 'ign_k': 0.019192001101561888, 'ign_c': 0.1457050032975653}.
[I 2026-08-06 00:15:42,393] Trial 563 finished with values: [10.235469101948551, 10.235469101948551] and parameters: {'k1': 0.0017320535908244437, 'D_low': 18.522006003174383, 'k2': 0.0010204225357677778, 'D_high': 639.0695092073224, 'fire_exp': 1.1044852285094786, 'P_half': 22.4895428439145, 'pre_dampen_half': 33.9790424311127, 'gpp_af': 0.0025511964576171086, 'gpp_b': 9.58832899519661e-05, 'gpp_d': 891.8036602897795, 'ign_k': 1.59348065855562, 'ign_c': 14.367095138664217}.
[I 2026-08-06 00:15:43,351] Trial 564 finished with values: [-0.4996436618418804, 0.16377661861885628] and parameters: {'k1': 3.252245757497282e-05, 'D_low': 1112.9571947046009, 'k2': 3.5917714215176105e-05, 'D_high': 57.90964233881214, 'fire_exp': 1.182396148413737, 'P_half': 24.136213194527585, 'pre_dampen_half': 33.9790424311127, 'gpp_af': 0.0025511964576171086, 'gpp_b': 3.481277316673104e-05, 'gpp_d': 668.5510162938966, 'ign_k': 0.03141110271934876, 'ign_c': 0.8891936446296247}.
[I 2026-08-06 00:15:44,303] Trial 565 finished with values: [10.70863744255132, 10.70863744255132] and parameters: {'k1': 0.021368329072358756, 'D_low': 125.32726386250698, 'k2': 0.0004381141781653133, 'D_high': 6455.595882939566, 'fire_exp': 1.5201277403788451, 'P_half': 12.808863354047988, 'pre_dampen_half': 0.10017312476738939, 'gpp_af': 0.028585493941961918, 'gpp_b': 3.481277316673104e-05, 'gpp_d': 39.827466658711515, 'ign_k': 0.002357279455676982, 'ign_c': 47.268615251255675}.
[I 2026-08-06 00:15:45,249] Trial 566 finished with values: [-0.5490078662780827, 0.24400751296601153] and parameters: {'k1': 0.0017320535908244437, 'D_low': 4.051452710153359, 'k2': 3.5917714215176105e-05, 'D_high': 3660.150802571655, 'fire_exp': 1.5201277403788451, 'P_half': 24.136213194527585, 'pre_dampen_half': 304.7488318185732, 'gpp_af': 0.028585493941961918, 'gpp_b': 8.539677611488478e-05, 'gpp_d': 150.14555442537656, 'ign_k': 0.019192001101561888, 'ign_c': 14.810800730363484}.
[I 2026-08-06 00:15:46,391] Trial 567 finished with values: [10.40464733759351, 10.40464733759351] and parameters: {'k1': 0.0029707920514735983, 'D_low': 125.32726386250698, 'k2': 4.676601116802035e-05, 'D_high': 6366.1449945522045, 'fire_exp': 2.196935728020977, 'P_half': 22.4895428439145, 'pre_dampen_half': 567.9600794296686, 'gpp_af': 0.0025511964576171086, 'gpp_b': 8.539677611488478e-05, 'gpp_d': 0.03333029838740256, 'ign_k': 0.03141110271934876, 'ign_c': 14.810800730363484}.
[I 2026-08-06 00:15:47,408] Trial 568 finished with values: [-0.5209059683281112, 0.16047509636805757] and parameters: {'k1': 0.00012105387404469581, 'D_low': 351.3346616869279, 'k2': 3.5917714215176105e-05, 'D_high': 3660.150802571655, 'fire_exp': 1.5201277403788451, 'P_half': 22.4895428439145, 'pre_dampen_half': 304.7488318185732, 'gpp_af': 1.6595781802652418, 'gpp_b': 8.539677611488478e-05, 'gpp_d': 8.144272585223819, 'ign_k': 0.03141110271934876, 'ign_c': 2.41842279584716}.
[I 2026-08-06 00:15:48,382] Trial 569 finished with values: [10.567802595458648, 10.567802595458648] and parameters: {'k1': 0.006697348618512094, 'D_low': 74.92772870670282, 'k2': 0.006138509947844854, 'D_high': 9769.756791866093, 'fire_exp': 1.0881360604103363, 'P_half': 958.8659498594012, 'pre_dampen_half': 5.542030950268268, 'gpp_af': 5.511863475708366, 'gpp_b': 0.0024194895091734425, 'gpp_d': 4.5768578731086835, 'ign_k': 0.0013376564232104107, 'ign_c': 19.19168994439752}.
