[I 2026-06-10 22:19:47,778] Trial 1112 finished with values: [10.613176609007818, 10.613176609007818] and parameters: {'k1': 0.00031134168041628584, 'D_low': 1.4002277211577039, 'k2': 0.0002442377596403892, 'D_high': 1748.3983085324367, 'fire_exp': 1.1633452995374232, 'P_half': 2834.090429514774, 'pre_dampen_half': 1.8469033699850426, 'gpp_af': 0.016306190741524337, 'gpp_b': 2.176805640408474e-05, 'gpp_d': 34.18897529667503, 'ign_k': 0.00840038491455979, 'ign_c': 1.9423015749984096, 'trop_agb_crit': 18.081400596781233, 'trop_k_veg': 2.6646585294137255, 'fire_amp': 5.014255309984818}.
[I 2026-06-10 22:19:49,052] Trial 1113 finished with values: [10.67422335674148, 10.67422335674148] and parameters: {'k1': 0.08006837661379566, 'D_low': 171.2446447678494, 'k2': 0.02065142557895925, 'D_high': 42210.21267871043, 'fire_exp': 1.0812994412809738, 'P_half': 93.43302657318476, 'pre_dampen_half': 0.012856329182448098, 'gpp_af': 0.016306190741524337, 'gpp_b': 0.0012611058927054877, 'gpp_d': 21.899070557043984, 'ign_k': 0.8861249804463233, 'ign_c': 2.226297338331262, 'trop_agb_crit': 8.0091368834625, 'trop_k_veg': 0.828441460847982, 'fire_amp': 1.746805197047088}.
[I 2026-06-10 22:19:50,325] Trial 1114 finished with values: [11.147137009695976, 11.147137009695976] and parameters: {'k1': 0.012840669372724958, 'D_low': 148.21691630007544, 'k2': 0.02065142557895925, 'D_high': 42210.21267871043, 'fire_exp': 1.0812994412809738, 'P_half': 61.6097529474144, 'pre_dampen_half': 16.009350908593582, 'gpp_af': 0.016306190741524337, 'gpp_b': 0.0012611058927054877, 'gpp_d': 545.0253444559129, 'ign_k': 0.8861249804463233, 'ign_c': 1.9423015749984096, 'trop_agb_crit': 8.0091368834625, 'trop_k_veg': 2.520089655463604, 'fire_amp': 2.042193818779288}.
[I 2026-06-10 22:19:51,659] Trial 1115 finished with values: [10.024094506505026, 10.024094506505026] and parameters: {'k1': 0.08006837661379566, 'D_low': 171.2446447678494, 'k2': 0.0004976087827261435, 'D_high': 83.14160873549643, 'fire_exp': 1.7505406131449859, 'P_half': 93.43302657318476, 'pre_dampen_half': 189.88136301569827, 'gpp_af': 0.016306190741524337, 'gpp_b': 1.3415796596713932e-05, 'gpp_d': 12.338826503601998, 'ign_k': 0.0029519227433917453, 'ign_c': 45.20211383882605, 'trop_agb_crit': 8.0091368834625, 'trop_k_veg': 5.453348988480011, 'fire_amp': 5.44779717154213}.
[I 2026-06-10 22:19:53,041] Trial 1116 finished with values: [10.472503593427811, 10.472503593427811] and parameters: {'k1': 0.012840669372724958, 'D_low': 171.2446447678494, 'k2': 0.003767022142229395, 'D_high': 42210.21267871043, 'fire_exp': 1.7220686611084326, 'P_half': 61.6097529474144, 'pre_dampen_half': 28.01075698398644, 'gpp_af': 65.61032228556527, 'gpp_b': 0.0012611058927054877, 'gpp_d': 0.1570003140297517, 'ign_k': 0.8861249804463233, 'ign_c': 1.9423015749984096, 'trop_agb_crit': 1.6222566606523396, 'trop_k_veg': 6.778288138489648, 'fire_amp': 1.5180207449214471}.
[I 2026-06-10 22:19:54,349] Trial 1117 finished with values: [10.631721797866252, 10.631721797866252] and parameters: {'k1': 0.012840669372724958, 'D_low': 174.04948150194383, 'k2': 0.0007731571570012607, 'D_high': 83.14160873549643, 'fire_exp': 1.1633452995374232, 'P_half': 3.591771421517613, 'pre_dampen_half': 1.8469033699850426, 'gpp_af': 0.008117091133892173, 'gpp_b': 0.0008861657881839811, 'gpp_d': 0.7698760608299932, 'ign_k': 0.07867677706257832, 'ign_c': 1.9423015749984096, 'trop_agb_crit': 1.8566494291193822, 'trop_k_veg': 5.453348988480011, 'fire_amp': 1.85916500023103}.
[I 2026-06-10 22:19:55,648] Trial 1118 finished with values: [10.722623119331569, 10.722623119331569] and parameters: {'k1': 0.012840669372724958, 'D_low': 171.2446447678494, 'k2': 0.02065142557895925, 'D_high': 42210.21267871043, 'fire_exp': 1.14171776851287, 'P_half': 61.6097529474144, 'pre_dampen_half': 33.71909132517384, 'gpp_af': 0.016306190741524337, 'gpp_b': 0.0012611058927054877, 'gpp_d': 545.0253444559129, 'ign_k': 0.8861249804463233, 'ign_c': 1.9423015749984096, 'trop_agb_crit': 8.0091368834625, 'trop_k_veg': 2.520089655463604, 'fire_amp': 1.5180207449214471}.
[I 2026-06-10 22:19:56,934] Trial 1119 finished with values: [10.74196211718173, 10.74196211718173] and parameters: {'k1': 0.00031134168041628584, 'D_low': 171.2446447678494, 'k2': 0.0007731571570012607, 'D_high': 42210.21267871043, 'fire_exp': 1.14171776851287, 'P_half': 5588.430421438936, 'pre_dampen_half': 1.8469033699850426, 'gpp_af': 0.008117091133892173, 'gpp_b': 0.0012611058927054877, 'gpp_d': 34.18897529667503, 'ign_k': 0.29415751391396583, 'ign_c': 1.9423015749984096, 'trop_agb_crit': 8.0091368834625, 'trop_k_veg': 2.520089655463604, 'fire_amp': 1.5180207449214471}.
[I 2026-06-10 22:19:58,679] Trial 1120 finished with values: [-0.41811318413063797, 0.04951017680155256] and parameters: {'k1': 0.012840669372724958, 'D_low': 1.4002277211577039, 'k2': 0.0004976087827261435, 'D_high': 83.14160873549643, 'fire_exp': 1.2344878997299724, 'P_half': 61.6097529474144, 'pre_dampen_half': 35.09387368811639, 'gpp_af': 0.016306190741524337, 'gpp_b': 0.001674375583895437, 'gpp_d': 594.7389794988394, 'ign_k': 0.002357279455676982, 'ign_c': 1.4091459170104739, 'trop_agb_crit': 1.8023542850487386, 'trop_k_veg': 2.99731137426955, 'fire_amp': 2.7806853670293616}.
[I 2026-06-10 22:19:59,955] Trial 1121 finished with values: [10.112252489315996, 10.112252489315996] and parameters: {'k1': 0.012840669372724958, 'D_low': 12.105387404469584, 'k2': 0.0004976087827261435, 'D_high': 13275.361137191961, 'fire_exp': 1.0601964743503993, 'P_half': 61.6097529474144, 'pre_dampen_half': 4.847666216751353, 'gpp_af': 0.016306190741524337, 'gpp_b': 0.001674375583895437, 'gpp_d': 28.312234265202243, 'ign_k': 0.00840038491455979, 'ign_c': 1.9423015749984096, 'trop_agb_crit': 1.1945139451702542, 'trop_k_veg': 2.99731137426955, 'fire_amp': 2.7806853670293616}.
[I 2026-06-10 22:20:01,257] Trial 1122 finished with values: [10.178135000381271, 10.178135000381271] and parameters: {'k1': 0.08006837661379566, 'D_low': 171.2446447678494, 'k2': 0.0002442377596403892, 'D_high': 473.3400761327905, 'fire_exp': 1.7505406131449859, 'P_half': 61.6097529474144, 'pre_dampen_half': 35.09387368811639, 'gpp_af': 0.016306190741524337, 'gpp_b': 1.3415796596713932e-05, 'gpp_d': 12.338826503601998, 'ign_k': 0.002357279455676982, 'ign_c': 2.226297338331262, 'trop_agb_crit': 1.8023542850487386, 'trop_k_veg': 2.99731137426955, 'fire_amp': 5.44779717154213}.
[I 2026-06-10 22:20:02,520] Trial 1123 finished with values: [10.076009622179019, 10.076009622179019] and parameters: {'k1': 0.012840669372724958, 'D_low': 1.3376564232104105, 'k2': 0.00010980728756907093, 'D_high': 42210.21267871043, 'fire_exp': 1.2344878997299724, 'P_half': 61.6097529474144, 'pre_dampen_half': 4.603480758878793, 'gpp_af': 0.016306190741524337, 'gpp_b': 2.800940363375676e-05, 'gpp_d': 700.6693992445935, 'ign_k': 0.0029519227433917453, 'ign_c': 1.9423015749984096, 'trop_agb_crit': 8.0091368834625, 'trop_k_veg': 2.99731137426955, 'fire_amp': 1.85916500023103}.
[I 2026-06-10 22:20:03,798] Trial 1124 finished with values: [10.097014244769488, 10.097014244769488] and parameters: {'k1': 0.008380768799422988, 'D_low': 12.105387404469584, 'k2': 0.0004976087827261435, 'D_high': 42210.21267871043, 'fire_exp': 1.2565451539674661, 'P_half': 61.6097529474144, 'pre_dampen_half': 16.009350908593582, 'gpp_af': 0.016306190741524337, 'gpp_b': 0.001674375583895437, 'gpp_d': 0.7698760608299932, 'ign_k': 0.0029519227433917453, 'ign_c': 1.9423015749984096, 'trop_agb_crit': 8.0091368834625, 'trop_k_veg': 2.520089655463604, 'fire_amp': 2.0531624074464796}.
[I 2026-06-10 22:20:05,025] Trial 1125 finished with values: [10.602845258378379, 10.602845258378379] and parameters: {'k1': 0.012840669372724958, 'D_low': 8417.601502819636, 'k2': 0.02065142557895925, 'D_high': 42210.21267871043, 'fire_exp': 1.14171776851287, 'P_half': 3.591771421517613, 'pre_dampen_half': 1.8469033699850426, 'gpp_af': 0.008117091133892173, 'gpp_b': 1.3415796596713932e-05, 'gpp_d': 34.18897529667503, 'ign_k': 0.0029519227433917453, 'ign_c': 1.9423015749984096, 'trop_agb_crit': 8.0091368834625, 'trop_k_veg': 5.453348988480011, 'fire_amp': 5.44779717154213}.
[I 2026-06-10 22:20:06,249] Trial 1126 finished with values: [10.016468162927701, 10.016468162927701] and parameters: {'k1': 0.012840669372724958, 'D_low': 148.21691630007544, 'k2': 0.015024129734649193, 'D_high': 30227.031291375773, 'fire_exp': 1.0601964743503993, 'P_half': 3.591771421517613, 'pre_dampen_half': 1.8469033699850426, 'gpp_af': 0.0029171126401987806, 'gpp_b': 1.3415796596713932e-05, 'gpp_d': 12.338826503601998, 'ign_k': 0.002357279455676982, 'ign_c': 1.9423015749984096, 'trop_agb_crit': 1.8566494291193822, 'trop_k_veg': 5.453348988480011, 'fire_amp': 2.7806853670293616}.
[I 2026-06-10 22:20:07,519] Trial 1127 finished with values: [10.79954717091902, 10.79954717091902] and parameters: {'k1': 0.00010619895658396983, 'D_low': 1.4002277211577039, 'k2': 0.0004976087827261435, 'D_high': 42210.21267871043, 'fire_exp': 1.2344878997299724, 'P_half': 61.6097529474144, 'pre_dampen_half': 1.8469033699850426, 'gpp_af': 0.016306190741524337, 'gpp_b': 0.08414873833102533, 'gpp_d': 700.6693992445935, 'ign_k': 0.002357279455676982, 'ign_c': 1.9423015749984096, 'trop_agb_crit': 8.0091368834625, 'trop_k_veg': 2.99731137426955, 'fire_amp': 1.85916500023103}.
[I 2026-06-10 22:20:08,809] Trial 1128 finished with values: [10.218210587760948, 10.218210587760948] and parameters: {'k1': 0.012840669372724958, 'D_low': 1.3376564232104105, 'k2': 0.011065296106642572, 'D_high': 42210.21267871043, 'fire_exp': 1.14171776851287, 'P_half': 61.6097529474144, 'pre_dampen_half': 4.847666216751353, 'gpp_af': 0.016306190741524337, 'gpp_b': 0.0012611058927054877, 'gpp_d': 0.7698760608299932, 'ign_k': 0.002357279455676982, 'ign_c': 1.9423015749984096, 'trop_agb_crit': 8.0091368834625, 'trop_k_veg': 2.520089655463604, 'fire_amp': 2.7806853670293616}.
[I 2026-06-10 22:20:10,084] Trial 1129 finished with values: [-0.5608444959257312, 0.026652086313173506] and parameters: {'k1': 0.012840669372724958, 'D_low': 96.79314683873939, 'k2': 0.011065296106642572, 'D_high': 42210.21267871043, 'fire_exp': 1.2344878997299724, 'P_half': 61.6097529474144, 'pre_dampen_half': 4.847666216751353, 'gpp_af': 0.016306190741524337, 'gpp_b': 0.001674375583895437, 'gpp_d': 700.6693992445935, 'ign_k': 0.002357279455676982, 'ign_c': 5.589884191278512, 'trop_agb_crit': 8.0091368834625, 'trop_k_veg': 2.520089655463604, 'fire_amp': 2.7806853670293616}.
[I 2026-06-10 22:20:11,365] Trial 1130 finished with values: [10.705630132405785, 10.705630132405785] and parameters: {'k1': 6.199983461825241e-05, 'D_low': 1.3376564232104105, 'k2': 0.02065142557895925, 'D_high': 42210.21267871043, 'fire_exp': 1.7220686611084326, 'P_half': 61.6097529474144, 'pre_dampen_half': 4.847666216751353, 'gpp_af': 0.016306190741524337, 'gpp_b': 0.0012611058927054877, 'gpp_d': 700.6693992445935, 'ign_k': 0.002357279455676982, 'ign_c': 18.25244373197921, 'trop_agb_crit': 8.0091368834625, 'trop_k_veg': 2.520089655463604, 'fire_amp': 1.5180207449214471}.
[I 2026-06-10 22:20:12,642] Trial 1131 finished with values: [11.116947675334858, 11.116947675334858] and parameters: {'k1': 0.012840669372724958, 'D_low': 12.105387404469584, 'k2': 0.003767022142229395, 'D_high': 30227.031291375773, 'fire_exp': 1.1633452995374232, 'P_half': 71.73480907515082, 'pre_dampen_half': 28.01075698398644, 'gpp_af': 0.008117091133892173, 'gpp_b': 0.00019552902383918484, 'gpp_d': 942.6090081952854, 'ign_k': 0.00840038491455979, 'ign_c': 48.704711413416454, 'trop_agb_crit': 1.0693376406863295, 'trop_k_veg': 7.402544809983538, 'fire_amp': 2.9752691429896863}.
[I 2026-06-10 22:20:13,888] Trial 1132 finished with values: [10.435075570388527, 10.435075570388527] and parameters: {'k1': 0.012840669372724958, 'D_low': 25.004921089927873, 'k2': 0.0004976087827261435, 'D_high': 28.601126547411667, 'fire_exp': 1.4165986667962924, 'P_half': 61.6097529474144, 'pre_dampen_half': 33.71909132517384, 'gpp_af': 0.016306190741524337, 'gpp_b': 0.001674375583895437, 'gpp_d': 700.6693992445935, 'ign_k': 0.00796650292267966, 'ign_c': 1.9423015749984096, 'trop_agb_crit': 8.0091368834625, 'trop_k_veg': 2.520089655463604, 'fire_amp': 1.5180207449214471}.
[I 2026-06-10 22:20:15,173] Trial 1133 finished with values: [-0.4138915945880027, 0.08119249741502432] and parameters: {'k1': 0.00010089430320527378, 'D_low': 12.105387404469584, 'k2': 0.011065296106642572, 'D_high': 42210.21267871043, 'fire_exp': 1.14171776851287, 'P_half': 61.6097529474144, 'pre_dampen_half': 16.009350908593582, 'gpp_af': 0.016306190741524337, 'gpp_b': 0.0012611058927054877, 'gpp_d': 545.0253444559129, 'ign_k': 0.002357279455676982, 'ign_c': 1.9423015749984096, 'trop_agb_crit': 8.0091368834625, 'trop_k_veg': 2.520089655463604, 'fire_amp': 2.042193818779288}.
[I 2026-06-10 22:20:16,487] Trial 1134 finished with values: [10.411124671957609, 10.411124671957609] and parameters: {'k1': 0.012840669372724958, 'D_low': 12.105387404469584, 'k2': 0.003767022142229395, 'D_high': 83.14160873549643, 'fire_exp': 1.1633452995374232, 'P_half': 2834.090429514774, 'pre_dampen_half': 35.09387368811639, 'gpp_af': 0.008117091133892173, 'gpp_b': 0.00019552902383918484, 'gpp_d': 942.6090081952854, 'ign_k': 0.00840038491455979, 'ign_c': 48.704711413416454, 'trop_agb_crit': 1.0693376406863295, 'trop_k_veg': 2.99731137426955, 'fire_amp': 5.44779717154213}.
[I 2026-06-10 22:20:17,756] Trial 1135 finished with values: [10.511976086133508, 10.511976086133508] and parameters: {'k1': 0.0018697387216131526, 'D_low': 1.3376564232104105, 'k2': 0.0004976087827261435, 'D_high': 42210.21267871043, 'fire_exp': 1.2344878997299724, 'P_half': 2526.1796445828068, 'pre_dampen_half': 1.785889900578207, 'gpp_af': 0.016306190741524337, 'gpp_b': 0.0003601974223479835, 'gpp_d': 60.369370109848475, 'ign_k': 0.07867677706257832, 'ign_c': 0.4177928311636542, 'trop_agb_crit': 12.708819454040446, 'trop_k_veg': 2.99731137426955, 'fire_amp': 2.7806853670293616}.
[I 2026-06-10 22:20:19,515] Trial 1136 finished with values: [10.62273752871656, 10.62273752871656] and parameters: {'k1': 0.012840669372724958, 'D_low': 175.74830822120956, 'k2': 0.0007731571570012607, 'D_high': 83.14160873549643, 'fire_exp': 1.1633452995374232, 'P_half': 3.591771421517613, 'pre_dampen_half': 1.8469033699850426, 'gpp_af': 0.008117091133892173, 'gpp_b': 0.013814827557709835, 'gpp_d': 12.338826503601998, 'ign_k': 0.07867677706257832, 'ign_c': 7.081721844034206, 'trop_agb_crit': 18.081400596781233, 'trop_k_veg': 5.453348988480011, 'fire_amp': 5.44779717154213}.
[I 2026-06-10 22:20:20,760] Trial 1137 finished with values: [10.01168505783014, 10.01168505783014] and parameters: {'k1': 0.08006837661379566, 'D_low': 148.21691630007544, 'k2': 0.0004976087827261435, 'D_high': 42210.21267871043, 'fire_exp': 1.2344878997299724, 'P_half': 61.6097529474144, 'pre_dampen_half': 28.01075698398644, 'gpp_af': 0.016306190741524337, 'gpp_b': 0.001674375583895437, 'gpp_d': 700.6693992445935, 'ign_k': 0.0028778985970624874, 'ign_c': 157.63098727399432, 'trop_agb_crit': 1.6222566606523396, 'trop_k_veg': 6.778288138489648, 'fire_amp': 2.7806853670293616}.
[I 2026-06-10 22:20:21,999] Trial 1138 finished with values: [10.26435159141238, 10.26435159141238] and parameters: {'k1': 0.012840669372724958, 'D_low': 171.2446447678494, 'k2': 0.02065142557895925, 'D_high': 42210.21267871043, 'fire_exp': 1.2565451539674661, 'P_half': 61.6097529474144, 'pre_dampen_half': 16.009350908593582, 'gpp_af': 0.016306190741524337, 'gpp_b': 0.0012611058927054877, 'gpp_d': 0.7698760608299932, 'ign_k': 0.0029519227433917453, 'ign_c': 1.9423015749984096, 'trop_agb_crit': 8.0091368834625, 'trop_k_veg': 2.520089655463604, 'fire_amp': 1.5180207449214471}.
[I 2026-06-10 22:20:23,360] Trial 1139 finished with values: [11.128588281936514, 11.128588281936514] and parameters: {'k1': 0.027577746388028138, 'D_low': 2.843767489444367, 'k2': 0.02065142557895925, 'D_high': 42210.21267871043, 'fire_exp': 1.1633452995374232, 'P_half': 93.43302657318476, 'pre_dampen_half': 16.009350908593582, 'gpp_af': 0.016306190741524337, 'gpp_b': 0.0012611058927054877, 'gpp_d': 545.0253444559129, 'ign_k': 0.07867677706257832, 'ign_c': 0.4177928311636542, 'trop_agb_crit': 8.0091368834625, 'trop_k_veg': 2.520089655463604, 'fire_amp': 1.5180207449214471}.
[I 2026-06-10 22:20:24,700] Trial 1140 finished with values: [10.442430078720212, 10.442430078720212] and parameters: {'k1': 0.012840669372724958, 'D_low': 778.4974831204808, 'k2': 0.02065142557895925, 'D_high': 5259.096221580009, 'fire_exp': 1.1633452995374232, 'P_half': 93.43302657318476, 'pre_dampen_half': 4.603480758878793, 'gpp_af': 0.15740732860520312, 'gpp_b': 2.800940363375676e-05, 'gpp_d': 0.7698760608299932, 'ign_k': 0.07867677706257832, 'ign_c': 0.4177928311636542, 'trop_agb_crit': 8.0091368834625, 'trop_k_veg': 3.4337960558650757, 'fire_amp': 1.85916500023103}.
[I 2026-06-10 22:20:25,929] Trial 1141 finished with values: [14.74996126730435, 14.74996126730435] and parameters: {'k1': 0.00031134168041628584, 'D_low': 171.2446447678494, 'k2': 0.0007731571570012607, 'D_high': 42210.21267871043, 'fire_exp': 1.14171776851287, 'P_half': 3.591771421517613, 'pre_dampen_half': 33.71909132517384, 'gpp_af': 0.016306190741524337, 'gpp_b': 0.0012611058927054877, 'gpp_d': 34.18897529667503, 'ign_k': 0.29415751391396583, 'ign_c': 7.081721844034206, 'trop_agb_crit': 1.8566494291193822, 'trop_k_veg': 2.9214381145106936, 'fire_amp': 5.44779717154213}.
[I 2026-06-10 22:20:27,152] Trial 1142 finished with values: [-0.5101388629543754, 0.030782021746635135] and parameters: {'k1': 0.012840669372724958, 'D_low': 171.2446447678494, 'k2': 0.02065142557895925, 'D_high': 42210.21267871043, 'fire_exp': 1.14171776851287, 'P_half': 61.6097529474144, 'pre_dampen_half': 33.71909132517384, 'gpp_af': 0.016306190741524337, 'gpp_b': 0.0012611058927054877, 'gpp_d': 0.7698760608299932, 'ign_k': 0.0029519227433917453, 'ign_c': 1.9423015749984096, 'trop_agb_crit': 8.0091368834625, 'trop_k_veg': 2.520089655463604, 'fire_amp': 1.5180207449214471}.
[I 2026-06-10 22:20:28,419] Trial 1143 finished with values: [10.556086405289133, 10.556086405289133] and parameters: {'k1': 0.0018697387216131526, 'D_low': 171.2446447678494, 'k2': 0.02065142557895925, 'D_high': 42210.21267871043, 'fire_exp': 1.1633452995374232, 'P_half': 61.6097529474144, 'pre_dampen_half': 1.785889900578207, 'gpp_af': 0.016306190741524337, 'gpp_b': 0.0003601974223479835, 'gpp_d': 60.369370109848475, 'ign_k': 0.0029519227433917453, 'ign_c': 1.9423015749984096, 'trop_agb_crit': 12.708819454040446, 'trop_k_veg': 5.453348988480011, 'fire_amp': 1.1289019427438733}.
[I 2026-06-10 22:20:29,667] Trial 1144 finished with values: [11.440591237063602, 11.440591237063602] and parameters: {'k1': 0.012840669372724958, 'D_low': 148.21691630007544, 'k2': 0.02065142557895925, 'D_high': 42210.21267871043, 'fire_exp': 1.14171776851287, 'P_half': 61.6097529474144, 'pre_dampen_half': 4.847666216751353, 'gpp_af': 0.016306190741524337, 'gpp_b': 5.0875243087016374e-05, 'gpp_d': 0.7698760608299932, 'ign_k': 0.6781728339039853, 'ign_c': 0.14665316366397016, 'trop_agb_crit': 8.0091368834625, 'trop_k_veg': 2.520089655463604, 'fire_amp': 2.368964504291618}.
[I 2026-06-10 22:20:30,955] Trial 1145 finished with values: [10.520705889791058, 10.520705889791058] and parameters: {'k1': 0.012840669372724958, 'D_low': 148.21691630007544, 'k2': 0.0014933199578396213, 'D_high': 42210.21267871043, 'fire_exp': 1.0812994412809738, 'P_half': 2834.090429514774, 'pre_dampen_half': 4.603480758878793, 'gpp_af': 0.016306190741524337, 'gpp_b': 2.800940363375676e-05, 'gpp_d': 28.312234265202243, 'ign_k': 0.00840038491455979, 'ign_c': 1.9423015749984096, 'trop_agb_crit': 8.0091368834625, 'trop_k_veg': 2.520089655463604, 'fire_amp': 1.746805197047088}.
[I 2026-06-10 22:20:32,250] Trial 1146 finished with values: [-0.6170776282683028, 0.04659789433586803] and parameters: {'k1': 0.012840669372724958, 'D_low': 1.3376564232104105, 'k2': 0.011065296106642572, 'D_high': 42210.21267871043, 'fire_exp': 1.2344878997299724, 'P_half': 61.6097529474144, 'pre_dampen_half': 4.847666216751353, 'gpp_af': 0.016306190741524337, 'gpp_b': 0.001674375583895437, 'gpp_d': 0.7698760608299932, 'ign_k': 0.002357279455676982, 'ign_c': 0.21227623829877074, 'trop_agb_crit': 8.0091368834625, 'trop_k_veg': 2.520089655463604, 'fire_amp': 2.7806853670293616}.
[I 2026-06-10 22:20:33,506] Trial 1147 finished with values: [12.369423592457515, 12.369423592457515] and parameters: {'k1': 0.0018697387216131526, 'D_low': 2.843767489444367, 'k2': 0.0007731571570012607, 'D_high': 42210.21267871043, 'fire_exp': 1.1633452995374232, 'P_half': 3.591771421517613, 'pre_dampen_half': 1.8469033699850426, 'gpp_af': 0.19566052191165012, 'gpp_b': 0.0008861657881839811, 'gpp_d': 60.369370109848475, 'ign_k': 0.07867677706257832, 'ign_c': 0.4177928311636542, 'trop_agb_crit': 12.708819454040446, 'trop_k_veg': 5.453348988480011, 'fire_amp': 5.44779717154213}.
[I 2026-06-10 22:20:34,758] Trial 1148 finished with values: [10.443329781008707, 10.443329781008707] and parameters: {'k1': 0.012840669372724958, 'D_low': 171.2446447678494, 'k2': 0.0007731571570012607, 'D_high': 83.14160873549643, 'fire_exp': 1.0601964743503993, 'P_half': 3.591771421517613, 'pre_dampen_half': 4.603480758878793, 'gpp_af': 0.016306190741524337, 'gpp_b': 2.800940363375676e-05, 'gpp_d': 28.312234265202243, 'ign_k': 0.07867677706257832, 'ign_c': 1.9423015749984096, 'trop_agb_crit': 5.199423440889516, 'trop_k_veg': 0.7917397338359289, 'fire_amp': 4.783836175730692}.
