[I 2026-06-11 00:51:59,941] Trial 210 finished with values: [10.515998275665515, 10.515998275665515] and parameters: {'k1': 1.8205657658407255e-05, 'D_low': 146.24004590125713, 'k2': 0.0001971137615017176, 'D_high': 17123.375973163988, 'fire_exp': 1.2310899049053081, 'P_half': 2.458603276328005, 'pre_dampen_half': 26.373339933815235, 'gpp_af': 0.15876781526924, 'gpp_b': 0.0005392415140872105, 'gpp_d': 8.057329182285729, 'ign_k': 0.0013726318898045872, 'ign_c': 0.11650681118986138, 'trop_agb_crit': 6.119263728555865, 'trop_k_veg': 0.9369104721775232, 'fuel_k': 0.6199941538390382, 'fuel_half': 0.25307196127108805}.
[I 2026-06-11 00:52:01,519] Trial 211 finished with values: [10.7595881598739, 10.7595881598739] and parameters: {'k1': 1.8205657658407255e-05, 'D_low': 4.484744524732794, 'k2': 0.017300724838654365, 'D_high': 17123.375973163988, 'fire_exp': 2.0165721691808587, 'P_half': 2.458603276328005, 'pre_dampen_half': 26.373339933815235, 'gpp_af': 0.15876781526924, 'gpp_b': 0.0021331409710300844, 'gpp_d': 2.991469302130215, 'ign_k': 0.0680787482656459, 'ign_c': 41.779950639915185, 'trop_agb_crit': 24.584290528289387, 'trop_k_veg': 3.138530300785082, 'fuel_k': 0.0734480915638841, 'fuel_half': 3.632486956676605}.
[I 2026-06-11 00:52:02,932] Trial 212 finished with values: [10.748680234698213, 10.748680234698213] and parameters: {'k1': 0.00014879588507789985, 'D_low': 2.5379946629058443, 'k2': 2.1698375693549493e-05, 'D_high': 204.16881527138202, 'fire_exp': 1.3175349115759807, 'P_half': 1938.3858782150498, 'pre_dampen_half': 33.9790424311127, 'gpp_af': 49.583649914027546, 'gpp_b': 0.5432846462741858, 'gpp_d': 700.6693992445935, 'ign_k': 0.0680787482656459, 'ign_c': 14.074279366401672, 'trop_agb_crit': 1.4946647023314867, 'trop_k_veg': 3.94974057158301, 'fuel_k': 0.15820328899546293, 'fuel_half': 52.00581729114123}.
[I 2026-06-11 00:52:04,342] Trial 213 finished with values: [10.768687831705385, 10.768687831705385] and parameters: {'k1': 0.0058043147174140705, 'D_low': 35.23233163198312, 'k2': 1.127217425995114e-05, 'D_high': 21.980325699763856, 'fire_exp': 9.183156884876528, 'P_half': 2.843767489444367, 'pre_dampen_half': 420.2116526335304, 'gpp_af': 0.8226361776146098, 'gpp_b': 0.003377126304540961, 'gpp_d': 19.94895865188256, 'ign_k': 1.8611194462546792, 'ign_c': 16.62659225403186, 'trop_agb_crit': 2.4165727141234647, 'trop_k_veg': 1.4327328555223249, 'fuel_k': 0.43644410574317105, 'fuel_half': 0.6370755274604819}.
[I 2026-06-11 00:52:05,708] Trial 214 finished with values: [10.431588401432524, 10.431588401432524] and parameters: {'k1': 0.05233480488540085, 'D_low': 2.2281634177046414, 'k2': 1.915468390724633e-05, 'D_high': 204.16881527138202, 'fire_exp': 1.0881360604103363, 'P_half': 16.051347487097576, 'pre_dampen_half': 502.5175192217655, 'gpp_af': 0.326288637536534, 'gpp_b': 0.011750724729953272, 'gpp_d': 0.5121071390703817, 'ign_k': 0.034321391362415854, 'ign_c': 6.160975294741436, 'trop_agb_crit': 7.359282739093333, 'trop_k_veg': 2.8224577471047865, 'fuel_k': 0.05597555634027867, 'fuel_half': 65.99277195883643}.
[I 2026-06-11 00:52:07,098] Trial 215 finished with values: [10.472522046318476, 10.472522046318476] and parameters: {'k1': 0.05233480488540085, 'D_low': 19.4230157499841, 'k2': 1.915468390724633e-05, 'D_high': 204.16881527138202, 'fire_exp': 1.3175349115759807, 'P_half': 5.575453980775371, 'pre_dampen_half': 502.5175192217655, 'gpp_af': 1.4558259811306473, 'gpp_b': 0.011750724729953272, 'gpp_d': 16.460426816350523, 'ign_k': 0.0026834162496848666, 'ign_c': 6.160975294741436, 'trop_agb_crit': 7.359282739093333, 'trop_k_veg': 3.94974057158301, 'fuel_k': 3.884320409093511, 'fuel_half': 52.00581729114123}.
[I 2026-06-11 00:52:08,492] Trial 216 finished with values: [10.684454019442617, 10.684454019442617] and parameters: {'k1': 2.27847364377152e-05, 'D_low': 338.23872019362165, 'k2': 0.0034207303670092245, 'D_high': 1390.2686711035008, 'fire_exp': 1.2310899049053081, 'P_half': 10.226988730324324, 'pre_dampen_half': 0.4016986062226067, 'gpp_af': 0.008562341633595545, 'gpp_b': 1.7565109007473816e-05, 'gpp_d': 0.03254982364882648, 'ign_k': 0.5131654955148326, 'ign_c': 0.11650681118986138, 'trop_agb_crit': 5.707205898008383, 'trop_k_veg': 0.9369104721775232, 'fuel_k': 0.05597555634027867, 'fuel_half': 1.3547291924247344}.
[I 2026-06-11 00:52:09,835] Trial 217 finished with values: [10.769203405521296, 10.769203405521296] and parameters: {'k1': 0.00013649087666416944, 'D_low': 1927.6545985682426, 'k2': 0.0038341488164556755, 'D_high': 1919.1689944397538, 'fire_exp': 1.2310899049053081, 'P_half': 38.82837025280678, 'pre_dampen_half': 0.4016986062226067, 'gpp_af': 0.12243451886824051, 'gpp_b': 4.201176460336354, 'gpp_d': 0.0581159974343924, 'ign_k': 0.009634538433595985, 'ign_c': 0.11650681118986138, 'trop_agb_crit': 21.825752290961518, 'trop_k_veg': 1.1021959069423406, 'fuel_k': 0.030315034760496778, 'fuel_half': 1.0891507139853283}.
[I 2026-06-11 00:52:11,152] Trial 218 finished with values: [-0.4564924929924149, 0.8106923074043852] and parameters: {'k1': 0.004312951023617458, 'D_low': 338.23872019362165, 'k2': 7.67074891445376e-05, 'D_high': 1390.2686711035008, 'fire_exp': 1.2310899049053081, 'P_half': 16.051347487097576, 'pre_dampen_half': 502.5175192217655, 'gpp_af': 42.29037995744429, 'gpp_b': 1.7565109007473816e-05, 'gpp_d': 27.50607428241511, 'ign_k': 4.591485216740537, 'ign_c': 0.1867876836333246, 'trop_agb_crit': 21.825752290961518, 'trop_k_veg': 2.8224577471047865, 'fuel_k': 3.6992394681929337, 'fuel_half': 0.3335026483569958}.
[I 2026-06-11 00:52:12,541] Trial 219 finished with values: [10.753566018781097, 10.753566018781097] and parameters: {'k1': 0.0029707920514735983, 'D_low': 2.5379946629058443, 'k2': 2.1698375693549493e-05, 'D_high': 30608.522106722474, 'fire_exp': 1.182396148413737, 'P_half': 9.324787201197319, 'pre_dampen_half': 0.03751320096826995, 'gpp_af': 0.0025511964576171086, 'gpp_b': 0.0005995821881487623, 'gpp_d': 302.3127748796293, 'ign_k': 0.018707420137660268, 'ign_c': 8.40543912931368, 'trop_agb_crit': 15.870971677383487, 'trop_k_veg': 1.6340262437673854, 'fuel_k': 0.08612665817296865, 'fuel_half': 18.202647368248826}.
[I 2026-06-11 00:52:13,904] Trial 220 finished with values: [10.734137841538082, 10.734137841538082] and parameters: {'k1': 0.0001599021369655865, 'D_low': 27.08013793478254, 'k2': 7.67074891445376e-05, 'D_high': 4856.157707765675, 'fire_exp': 1.0889492364376547, 'P_half': 1.4378290221680121, 'pre_dampen_half': 518.2609891091987, 'gpp_af': 0.015350904103515228, 'gpp_b': 0.1774322385793971, 'gpp_d': 61.829022221636144, 'ign_k': 0.5131654955148326, 'ign_c': 0.13670484737132343, 'trop_agb_crit': 26.402883285404346, 'trop_k_veg': 0.5415365826598848, 'fuel_k': 0.030315034760496778, 'fuel_half': 81.8794158253808}.
[I 2026-06-11 00:52:15,391] Trial 221 finished with values: [10.684773282791863, 10.684773282791863] and parameters: {'k1': 1.8595266457134027e-05, 'D_low': 28.3353894176247, 'k2': 0.00010939944910100016, 'D_high': 30608.522106722474, 'fire_exp': 1.0889492364376547, 'P_half': 1938.3858782150498, 'pre_dampen_half': 33.9790424311127, 'gpp_af': 42.29037995744429, 'gpp_b': 3.228689523591491e-05, 'gpp_d': 8.144272585223819, 'ign_k': 4.591485216740537, 'ign_c': 3.0378658251922155, 'trop_agb_crit': 15.870971677383487, 'trop_k_veg': 1.6340262437673854, 'fuel_k': 1.8731335591844642, 'fuel_half': 38.211294416912246}.
[I 2026-06-11 00:52:16,808] Trial 222 finished with values: [10.066494989355963, 10.066494989355963] and parameters: {'k1': 0.004312951023617458, 'D_low': 5.59983195169599, 'k2': 0.03589155871450837, 'D_high': 3712.591045287726, 'fire_exp': 3.1018148805490564, 'P_half': 24.184227958471602, 'pre_dampen_half': 502.5175192217655, 'gpp_af': 0.7539992074650279, 'gpp_b': 3.228689523591491e-05, 'gpp_d': 302.3127748796293, 'ign_k': 0.34703605955441524, 'ign_c': 3.0378658251922155, 'trop_agb_crit': 3.575594457014808, 'trop_k_veg': 0.5772603928610088, 'fuel_k': 1.8731335591844642, 'fuel_half': 37.108168807575375}.
[I 2026-06-11 00:52:18,267] Trial 223 finished with values: [10.655947681179322, 10.655947681179322] and parameters: {'k1': 0.003242143344038315, 'D_low': 338.23872019362165, 'k2': 0.0005708731724249573, 'D_high': 1390.2686711035008, 'fire_exp': 1.2310899049053081, 'P_half': 16.051347487097576, 'pre_dampen_half': 0.4016986062226067, 'gpp_af': 0.008562341633595545, 'gpp_b': 1.7565109007473816e-05, 'gpp_d': 9.004606022643067, 'ign_k': 3.284529979576944, 'ign_c': 0.11650681118986138, 'trop_agb_crit': 5.707205898008383, 'trop_k_veg': 2.8224577471047865, 'fuel_k': 1.3128815679924584, 'fuel_half': 0.3335026483569958}.
[I 2026-06-11 00:52:19,626] Trial 224 finished with values: [10.275800810234099, 10.275800810234099] and parameters: {'k1': 0.05233480488540085, 'D_low': 2.5379946629058443, 'k2': 0.003045524314144144, 'D_high': 9769.756791866093, 'fire_exp': 1.182396148413737, 'P_half': 1938.3858782150498, 'pre_dampen_half': 347.79988160923324, 'gpp_af': 0.06789053271698488, 'gpp_b': 0.0054502936945582505, 'gpp_d': 2.8006820077310213, 'ign_k': 0.018707420137660268, 'ign_c': 0.15239409361703363, 'trop_agb_crit': 6.1198430581046965, 'trop_k_veg': 0.9793402026070162, 'fuel_k': 2.6379166421137854, 'fuel_half': 0.6370755274604819}.
[I 2026-06-11 00:52:20,978] Trial 225 finished with values: [10.769220652991944, 10.769220652991944] and parameters: {'k1': 1.8205657658407255e-05, 'D_low': 6245.139574743073, 'k2': 0.01567230746060024, 'D_high': 17123.375973163988, 'fire_exp': 1.1258453832483524, 'P_half': 2.458603276328005, 'pre_dampen_half': 26.373339933815235, 'gpp_af': 0.06789053271698488, 'gpp_b': 6.933201384399589, 'gpp_d': 2.991469302130215, 'ign_k': 0.006290644294586149, 'ign_c': 750.7777979297798, 'trop_agb_crit': 2.411289811529197, 'trop_k_veg': 3.138530300785082, 'fuel_k': 0.487361804838494, 'fuel_half': 0.32476735706274484}.
[I 2026-06-11 00:52:22,345] Trial 226 finished with values: [10.681342207890753, 10.681342207890753] and parameters: {'k1': 0.05233480488540085, 'D_low': 19.4230157499841, 'k2': 1.915468390724633e-05, 'D_high': 3712.591045287726, 'fire_exp': 3.1018148805490564, 'P_half': 5.575453980775371, 'pre_dampen_half': 502.5175192217655, 'gpp_af': 5.600917281261384, 'gpp_b': 0.011750724729953272, 'gpp_d': 12.00191344086031, 'ign_k': 0.34703605955441524, 'ign_c': 6.160975294741436, 'trop_agb_crit': 3.575594457014808, 'trop_k_veg': 0.5772603928610088, 'fuel_k': 0.15820328899546293, 'fuel_half': 52.00581729114123}.
[I 2026-06-11 00:52:23,785] Trial 227 finished with values: [10.340295383359452, 10.340295383359452] and parameters: {'k1': 0.05233480488540085, 'D_low': 4.484744524732794, 'k2': 1.915468390724633e-05, 'D_high': 30608.522106722474, 'fire_exp': 1.0629462657398439, 'P_half': 220.3445560633069, 'pre_dampen_half': 502.5175192217655, 'gpp_af': 0.0025511964576171086, 'gpp_b': 0.0021331409710300844, 'gpp_d': 302.3127748796293, 'ign_k': 0.0680787482656459, 'ign_c': 3.0378658251922155, 'trop_agb_crit': 24.584290528289387, 'trop_k_veg': 1.4584243470991722, 'fuel_k': 4.680936683972861, 'fuel_half': 52.00581729114123}.
[I 2026-06-11 00:52:25,147] Trial 228 finished with values: [10.769230769178105, 10.769230769178105] and parameters: {'k1': 5.325873749322162e-05, 'D_low': 28.3353894176247, 'k2': 0.00010939944910100016, 'D_high': 107.88909575795405, 'fire_exp': 1.0889492364376547, 'P_half': 8832.039346746853, 'pre_dampen_half': 12.389588752305038, 'gpp_af': 42.29037995744429, 'gpp_b': 6.0327793441162e-05, 'gpp_d': 857.4284557962634, 'ign_k': 1.07907786430243, 'ign_c': 307.96093943652454, 'trop_agb_crit': 10.719494362768906, 'trop_k_veg': 3.715819581962784, 'fuel_k': 0.024304286905830974, 'fuel_half': 58.54612336582598}.
[I 2026-06-11 00:52:26,493] Trial 229 finished with values: [10.712280546171131, 10.712280546171131] and parameters: {'k1': 0.00013783578294796384, 'D_low': 1.4045842344024697, 'k2': 0.0005708731724249573, 'D_high': 1390.2686711035008, 'fire_exp': 1.1258453832483524, 'P_half': 13.019246714361572, 'pre_dampen_half': 0.13249602803264168, 'gpp_af': 0.015769192447197523, 'gpp_b': 7.402343469704428e-05, 'gpp_d': 9.004606022643067, 'ign_k': 8.761971101023693, 'ign_c': 0.1254144753902608, 'trop_agb_crit': 9.836162684900028, 'trop_k_veg': 4.1309639246402785, 'fuel_k': 0.021123235354472927, 'fuel_half': 15.29850686893745}.
[I 2026-06-11 00:52:27,830] Trial 230 finished with values: [10.68033627031928, 10.68033627031928] and parameters: {'k1': 0.004312951023617458, 'D_low': 4.484744524732794, 'k2': 0.017300724838654365, 'D_high': 3712.591045287726, 'fire_exp': 1.2310899049053081, 'P_half': 220.3445560633069, 'pre_dampen_half': 0.01290083312696445, 'gpp_af': 0.7539992074650279, 'gpp_b': 0.0021331409710300844, 'gpp_d': 2.292633983096564, 'ign_k': 0.18170401889219123, 'ign_c': 0.11650681118986138, 'trop_agb_crit': 24.584290528289387, 'trop_k_veg': 3.138530300785082, 'fuel_k': 0.07925709222907362, 'fuel_half': 3.632486956676605}.
[I 2026-06-11 00:52:29,177] Trial 231 finished with values: [-0.7337553245057278, 0.5055924256515639] and parameters: {'k1': 0.004312951023617458, 'D_low': 4.484744524732794, 'k2': 1.915468390724633e-05, 'D_high': 89263.11370835223, 'fire_exp': 2.2703704516008885, 'P_half': 38.82837025280678, 'pre_dampen_half': 502.5175192217655, 'gpp_af': 0.005618069878716736, 'gpp_b': 0.00012118589392553798, 'gpp_d': 16.460426816350523, 'ign_k': 4.591485216740537, 'ign_c': 15.221840161091626, 'trop_agb_crit': 24.584290528289387, 'trop_k_veg': 1.140286245977296, 'fuel_k': 3.6992394681929337, 'fuel_half': 2.9236782115513154}.
[I 2026-06-11 00:52:30,605] Trial 232 finished with values: [10.757955078607257, 10.757955078607257] and parameters: {'k1': 0.00013649087666416944, 'D_low': 19.4230157499841, 'k2': 1.915468390724633e-05, 'D_high': 1919.1689944397538, 'fire_exp': 1.3175349115759807, 'P_half': 38.82837025280678, 'pre_dampen_half': 0.4016986062226067, 'gpp_af': 51.72004221341863, 'gpp_b': 0.0002374151186079093, 'gpp_d': 0.0581159974343924, 'ign_k': 0.0026834162496848666, 'ign_c': 6.160975294741436, 'trop_agb_crit': 21.825752290961518, 'trop_k_veg': 3.94974057158301, 'fuel_k': 0.030315034760496778, 'fuel_half': 52.00581729114123}.
[I 2026-06-11 00:52:32,045] Trial 233 finished with values: [10.563675466501737, 10.563675466501737] and parameters: {'k1': 0.00016480446427978953, 'D_low': 125.61043700013555, 'k2': 0.01567230746060024, 'D_high': 146.1896279370497, 'fire_exp': 1.0889492364376547, 'P_half': 13.019246714361572, 'pre_dampen_half': 347.79988160923324, 'gpp_af': 0.015350904103515228, 'gpp_b': 0.0054502936945582505, 'gpp_d': 61.829022221636144, 'ign_k': 0.02847858516856297, 'ign_c': 0.13670484737132343, 'trop_agb_crit': 26.402883285404346, 'trop_k_veg': 4.232850899624565, 'fuel_k': 0.030315034760496778, 'fuel_half': 81.8794158253808}.
[I 2026-06-11 00:52:33,429] Trial 234 finished with values: [10.768318092558168, 10.768318092558168] and parameters: {'k1': 1.8205657658407255e-05, 'D_low': 5.59983195169599, 'k2': 1.915468390724633e-05, 'D_high': 3712.591045287726, 'fire_exp': 2.0165721691808587, 'P_half': 540.9803697908727, 'pre_dampen_half': 502.5175192217655, 'gpp_af': 0.15876781526924, 'gpp_b': 5.397956855996442e-05, 'gpp_d': 2.991469302130215, 'ign_k': 0.004144296901136395, 'ign_c': 433.7920697490936, 'trop_agb_crit': 2.411289811529197, 'trop_k_veg': 0.5772603928610088, 'fuel_k': 0.08612665817296865, 'fuel_half': 3.632486956676605}.
[I 2026-06-11 00:52:34,796] Trial 235 finished with values: [10.75916085134636, 10.75916085134636] and parameters: {'k1': 0.003242143344038315, 'D_low': 338.23872019362165, 'k2': 0.0007081721844034209, 'D_high': 15000.328053766281, 'fire_exp': 4.169392260794133, 'P_half': 136.0956887810302, 'pre_dampen_half': 36.876350096203005, 'gpp_af': 8.769726637617666, 'gpp_b': 1.7565109007473816e-05, 'gpp_d': 9.004606022643067, 'ign_k': 0.009861808369679778, 'ign_c': 6.160975294741436, 'trop_agb_crit': 5.707205898008383, 'trop_k_veg': 2.42764713875812, 'fuel_k': 0.05597555634027867, 'fuel_half': 42.6871254378718}.
[I 2026-06-11 00:52:36,188] Trial 236 finished with values: [10.769230769178105, 10.769230769178105] and parameters: {'k1': 0.0006075902911081375, 'D_low': 1.4045842344024697, 'k2': 0.07286653737491042, 'D_high': 17123.375973163988, 'fire_exp': 1.1258453832483524, 'P_half': 2.458603276328005, 'pre_dampen_half': 26.373339933815235, 'gpp_af': 0.015769192447197523, 'gpp_b': 5.397956855996442e-05, 'gpp_d': 0.2334174560017147, 'ign_k': 8.761971101023693, 'ign_c': 433.7920697490936, 'trop_agb_crit': 9.836162684900028, 'trop_k_veg': 3.138530300785082, 'fuel_k': 0.0734480915638841, 'fuel_half': 15.29850686893745}.
[I 2026-06-11 00:52:37,542] Trial 237 finished with values: [10.199876617647472, 10.199876617647472] and parameters: {'k1': 0.09738633019266786, 'D_low': 5.59983195169599, 'k2': 0.0027431991397796683, 'D_high': 1024.9816559563214, 'fire_exp': 1.1258453832483524, 'P_half': 13.019246714361572, 'pre_dampen_half': 502.5175192217655, 'gpp_af': 0.7539992074650279, 'gpp_b': 0.0005392415140872105, 'gpp_d': 2.8006820077310213, 'ign_k': 0.050667002161528835, 'ign_c': 15.221840161091626, 'trop_agb_crit': 19.28597237496244, 'trop_k_veg': 0.5772603928610088, 'fuel_k': 0.04572914063536324, 'fuel_half': 52.00581729114123}.
[I 2026-06-11 00:52:39,090] Trial 238 finished with values: [10.308980868050442, 10.308980868050442] and parameters: {'k1': 0.00013783578294796384, 'D_low': 1.4045842344024697, 'k2': 1.127217425995114e-05, 'D_high': 1024.9816559563214, 'fire_exp': 1.0881360604103363, 'P_half': 13.019246714361572, 'pre_dampen_half': 347.79988160923324, 'gpp_af': 0.326288637536534, 'gpp_b': 7.402343469704428e-05, 'gpp_d': 2.8006820077310213, 'ign_k': 0.034321391362415854, 'ign_c': 6.390695092073219, 'trop_agb_crit': 9.836162684900028, 'trop_k_veg': 2.8224577471047865, 'fuel_k': 0.04572914063536324, 'fuel_half': 0.6370755274604819}.
[I 2026-06-11 00:52:40,541] Trial 239 finished with values: [10.670374254539198, 10.670374254539198] and parameters: {'k1': 0.05233480488540085, 'D_low': 338.23872019362165, 'k2': 0.0034207303670092245, 'D_high': 15000.328053766281, 'fire_exp': 1.4575512062152998, 'P_half': 136.0956887810302, 'pre_dampen_half': 347.79988160923324, 'gpp_af': 0.008562341633595545, 'gpp_b': 0.0054502936945582505, 'gpp_d': 2.8006820077310213, 'ign_k': 0.018707420137660268, 'ign_c': 0.11650681118986138, 'trop_agb_crit': 29.789943908227905, 'trop_k_veg': 0.9369104721775232, 'fuel_k': 1.3128815679924584, 'fuel_half': 38.211294416912246}.
[I 2026-06-11 00:52:42,021] Trial 240 finished with values: [10.617267120849787, 10.617267120849787] and parameters: {'k1': 0.00013783578294796384, 'D_low': 1.4045842344024697, 'k2': 0.015109086063191909, 'D_high': 5952.904331761856, 'fire_exp': 1.1258453832483524, 'P_half': 13.019246714361572, 'pre_dampen_half': 0.10609580257119508, 'gpp_af': 0.14765842992482675, 'gpp_b': 1.6569065206637924e-05, 'gpp_d': 2.8006820077310213, 'ign_k': 0.18170401889219123, 'ign_c': 0.9294394155644988, 'trop_agb_crit': 9.836162684900028, 'trop_k_veg': 1.7570501127699654, 'fuel_k': 0.24991287225033346, 'fuel_half': 2.100333410321807}.
[I 2026-06-11 00:52:43,455] Trial 241 finished with values: [10.76820484132868, 10.76820484132868] and parameters: {'k1': 7.639737756882014e-05, 'D_low': 3848.9589040216215, 'k2': 2.1698375693549493e-05, 'D_high': 4856.157707765675, 'fire_exp': 1.6139358000526771, 'P_half': 1938.3858782150498, 'pre_dampen_half': 0.02581696750231143, 'gpp_af': 0.0025511964576171086, 'gpp_b': 1.7565109007473816e-05, 'gpp_d': 290.642121800538, 'ign_k': 0.018707420137660268, 'ign_c': 2.329535895346768, 'trop_agb_crit': 24.85900548334648, 'trop_k_veg': 3.2989278108116267, 'fuel_k': 1.8731335591844642, 'fuel_half': 7.259866824755668}.
[I 2026-06-11 00:52:44,805] Trial 242 finished with values: [10.668416808250448, 10.668416808250448] and parameters: {'k1': 0.05233480488540085, 'D_low': 2.5379946629058443, 'k2': 2.1698375693549493e-05, 'D_high': 30608.522106722474, 'fire_exp': 1.182396148413737, 'P_half': 1938.3858782150498, 'pre_dampen_half': 33.9790424311127, 'gpp_af': 0.0025511964576171086, 'gpp_b': 3.228689523591491e-05, 'gpp_d': 302.3127748796293, 'ign_k': 0.018707420137660268, 'ign_c': 3.0378658251922155, 'trop_agb_crit': 15.870971677383487, 'trop_k_veg': 1.6340262437673854, 'fuel_k': 1.8731335591844642, 'fuel_half': 38.211294416912246}.
[I 2026-06-11 00:52:46,218] Trial 243 finished with values: [10.768013877824076, 10.768013877824076] and parameters: {'k1': 0.0010204225357677778, 'D_low': 5.08290658294838, 'k2': 0.0001971137615017176, 'D_high': 76.19822175388143, 'fire_exp': 2.0165721691808587, 'P_half': 3910.3637457741784, 'pre_dampen_half': 294.75617712568373, 'gpp_af': 0.008983355849178878, 'gpp_b': 1.7565109007473816e-05, 'gpp_d': 2.292633983096564, 'ign_k': 0.0013726318898045872, 'ign_c': 8.40543912931368, 'trop_agb_crit': 6.119263728555865, 'trop_k_veg': 0.5772603928610088, 'fuel_k': 0.08612665817296865, 'fuel_half': 0.3625056554880307}.
[I 2026-06-11 00:52:47,674] Trial 244 finished with values: [10.654163178421511, 10.654163178421511] and parameters: {'k1': 2.27847364377152e-05, 'D_low': 414.99690434975446, 'k2': 0.03865036856259725, 'D_high': 1390.2686711035008, 'fire_exp': 1.2310899049053081, 'P_half': 10.226988730324324, 'pre_dampen_half': 0.4016986062226067, 'gpp_af': 0.12243451886824051, 'gpp_b': 0.00010318352929732131, 'gpp_d': 9.004606022643067, 'ign_k': 3.284529979576944, 'ign_c': 0.11650681118986138, 'trop_agb_crit': 21.825752290961518, 'trop_k_veg': 2.8224577471047865, 'fuel_k': 0.05597555634027867, 'fuel_half': 1.3547291924247344}.
