[I 2026-08-19 13:17:16,541] Trial 630 finished with values: [-0.41682537289498944, 2.5140336434859023e-07] and parameters: {'k1': 9.67404566214593e-05, 'D_low': 1.6569065206637925, 'k2': 6.340140860251457e-05, 'D_high': 6543576.946931886, 'fire_exp': 4.3161213924316595, 'P_half': 8894.151386481904, 'pre_dampen_half': 0.2571419084734534, 'gpp_af': 0.0028701881471957036, 'gpp_b': 0.0004837646996135023, 'gpp_d': 3.9841905944346854, 'ign_k': 0.3699359899959751, 'ign_c': 12.366924205139131, 'trop_agb_crit': 1.4383685371489123, 'trop_k_veg': 3.754644404143055, 'pop_amp': 0.029228481237926353, 'pop_peak': 657.2719182917455, 'pop_sig': 1.804482856986987, 'fuel_k': 3.640039183945803, 'fuel_half': 0.10355826161899183}.
[I 2026-08-19 13:17:18,772] Trial 631 finished with values: [-0.41235059203644353, 5.303911044807208e-07] and parameters: {'k1': 1.118106310430073e-05, 'D_low': 1.6569065206637925, 'k2': 0.0003856302813879373, 'D_high': 1661855.441285105, 'fire_exp': 1.7426150384625683, 'P_half': 6281.776703992854, 'pre_dampen_half': 0.2571419084734534, 'gpp_af': 0.0028701881471957036, 'gpp_b': 0.05825704883392061, 'gpp_d': 0.16294786031575217, 'ign_k': 0.006418208309987481, 'ign_c': 89.12611835816996, 'trop_agb_crit': 14.188434224699876, 'trop_k_veg': 1.5282925294110206, 'pop_amp': 0.008683934086503814, 'pop_peak': 0.5393162598439744, 'pop_sig': 0.4663206866626952, 'fuel_k': 4.04437775870989, 'fuel_half': 1.7895437790635824}.
  trial  632/2500  pareto_size=28  best_ilamb=0.6094  (31.7 min)
[I 2026-08-19 13:17:21,736] Trial 632 finished with values: [-0.41931127255216516, 4.135680759853599e-06] and parameters: {'k1': 4.0873003903057456e-05, 'D_low': 1.6569065206637925, 'k2': 4.392638796750218e-05, 'D_high': 6543576.946931886, 'fire_exp': 6.464773756830049, 'P_half': 1517.2922775770444, 'pre_dampen_half': 0.2571419084734534, 'gpp_af': 0.18737227240512885, 'gpp_b': 9.67374839440457e-05, 'gpp_d': 3.9841905944346854, 'ign_k': 0.3699359899959751, 'ign_c': 6.0816733722841345, 'trop_agb_crit': 2.6689615974393592, 'trop_k_veg': 5.691473319778836, 'pop_amp': 0.029228481237926353, 'pop_peak': 787.4668787179359, 'pop_sig': 0.6871869718280653, 'fuel_k': 3.250046746707412, 'fuel_half': 0.10355826161899183}.
[I 2026-08-19 13:17:23,965] Trial 633 finished with values: [-0.40846787897423864, 1.7552156581501777e-05] and parameters: {'k1': 0.01607490620427729, 'D_low': 1.6569065206637925, 'k2': 4.392638796750218e-05, 'D_high': 24493.271671328574, 'fire_exp': 6.464773756830049, 'P_half': 1265.0580856641704, 'pre_dampen_half': 1.8469033699850426, 'gpp_af': 0.18737227240512885, 'gpp_b': 1.788789091682049e-05, 'gpp_d': 3.9841905944346854, 'ign_k': 0.3699359899959751, 'ign_c': 12.366924205139131, 'trop_agb_crit': 27.05166881899929, 'trop_k_veg': 3.754644404143055, 'pop_amp': 5.27924855752961, 'pop_peak': 657.2719182917455, 'pop_sig': 1.804482856986987, 'fuel_k': 0.9199338799678547, 'fuel_half': 1.7895437790635824}.
[I 2026-08-19 13:17:26,431] Trial 634 finished with values: [-0.4395058360287233, 0.005381359084150383] and parameters: {'k1': 1.3952162380469019e-05, 'D_low': 27972.024228472703, 'k2': 0.0032792262899971644, 'D_high': 1840060.4093141211, 'fire_exp': 1.3796609641485171, 'P_half': 1636.5290600718067, 'pre_dampen_half': 0.2571419084734534, 'gpp_af': 0.18737227240512885, 'gpp_b': 0.05825704883392061, 'gpp_d': 108.18665579547857, 'ign_k': 0.04439802552990466, 'ign_c': 12.366924205139131, 'trop_agb_crit': 3.544180417534903, 'trop_k_veg': 4.30392173391187, 'pop_amp': 6.746076139939917, 'pop_peak': 4.557885026195722, 'pop_sig': 1.804482856986987, 'fuel_k': 0.15552861105540366, 'fuel_half': 17.890117928710357}.
[I 2026-08-19 13:17:29,191] Trial 635 finished with values: [-0.35558738249264155, 2.220446049250313e-16] and parameters: {'k1': 5.7909642338812115e-05, 'D_low': 572084.0847063363, 'k2': 6.340140860251457e-05, 'D_high': 1819372.4578178402, 'fire_exp': 4.3161213924316595, 'P_half': 1265.0580856641704, 'pre_dampen_half': 0.2571419084734534, 'gpp_af': 0.41874665092828456, 'gpp_b': 1.624829724391053, 'gpp_d': 108.18665579547857, 'ign_k': 9.162638829638215, 'ign_c': 0.5110256715654393, 'trop_agb_crit': 1.4383685371489123, 'trop_k_veg': 3.754644404143055, 'pop_amp': 0.024891633080683897, 'pop_peak': 0.14020023099408158, 'pop_sig': 0.9904669476016459, 'fuel_k': 0.2266377876602345, 'fuel_half': 0.10355826161899183}.
[I 2026-08-19 13:17:31,776] Trial 636 finished with values: [-0.3626861361747991, 3.521402008643815e-05] and parameters: {'k1': 2.9693357731296325e-05, 'D_low': 393.5385399037397, 'k2': 0.0021608491389795734, 'D_high': 6543576.946931886, 'fire_exp': 1.1633452995374232, 'P_half': 267.2146013620241, 'pre_dampen_half': 0.2571419084734534, 'gpp_af': 36.830088529547496, 'gpp_b': 4.038332634638232, 'gpp_d': 0.050654860639753524, 'ign_k': 0.009935023909063692, 'ign_c': 89.12611835816996, 'trop_agb_crit': 14.188434224699876, 'trop_k_veg': 5.691473319778836, 'pop_amp': 0.008683934086503814, 'pop_peak': 1.421337820414783, 'pop_sig': 0.5314193463179775, 'fuel_k': 0.15552861105540366, 'fuel_half': 1.7895437790635824}.
[I 2026-08-19 13:17:34,042] Trial 637 finished with values: [-0.37411123072956515, 1.5511147921642987e-11] and parameters: {'k1': 2.1070611138656e-05, 'D_low': 1.6569065206637925, 'k2': 0.0003856302813879373, 'D_high': 6543576.946931886, 'fire_exp': 6.464773756830049, 'P_half': 8894.151386481904, 'pre_dampen_half': 0.19674328025306115, 'gpp_af': 2.0540519425388455, 'gpp_b': 0.0004837646996135023, 'gpp_d': 0.16294786031575217, 'ign_k': 0.04439802552990466, 'ign_c': 0.5488047000766043, 'trop_agb_crit': 17.69486533706496, 'trop_k_veg': 4.891066132801691, 'pop_amp': 0.024891633080683897, 'pop_peak': 1.884221947092994, 'pop_sig': 1.804482856986987, 'fuel_k': 0.020177332816958837, 'fuel_half': 0.18427970406864538}.
[I 2026-08-19 13:17:36,392] Trial 638 finished with values: [-0.5290699132900011, 0.086983994105301] and parameters: {'k1': 0.09372580613581186, 'D_low': 2.400213216646464, 'k2': 0.09116768553735347, 'D_high': 6543576.946931886, 'fire_exp': 6.454675979546216, 'P_half': 10.436686039715203, 'pre_dampen_half': 30.11226646948154, 'gpp_af': 0.18737227240512885, 'gpp_b': 0.05825704883392061, 'gpp_d': 8.347790852520644, 'ign_k': 0.04439802552990466, 'ign_c': 0.13492881864712067, 'trop_agb_crit': 23.606263788786194, 'trop_k_veg': 6.972354563243685, 'pop_amp': 6.746076139939917, 'pop_peak': 4.557885026195722, 'pop_sig': 1.0424917012813995, 'fuel_k': 4.04437775870989, 'fuel_half': 0.3497028715561063}.
[I 2026-08-19 13:17:38,693] Trial 639 finished with values: [-0.4348290882700887, 0.009177902953244499] and parameters: {'k1': 0.0007158031739371039, 'D_low': 15150.361381456718, 'k2': 0.0032792262899971644, 'D_high': 1840060.4093141211, 'fire_exp': 1.0501937052663004, 'P_half': 1636.5290600718067, 'pre_dampen_half': 0.2571419084734534, 'gpp_af': 49.583649914027546, 'gpp_b': 0.620439464939785, 'gpp_d': 108.18665579547857, 'ign_k': 9.162638829638215, 'ign_c': 4.4716799012313055, 'trop_agb_crit': 3.544180417534903, 'trop_k_veg': 4.891066132801691, 'pop_amp': 0.029228481237926353, 'pop_peak': 503.7153440645595, 'pop_sig': 1.804482856986987, 'fuel_k': 0.27631890369709744, 'fuel_half': 1.7918446176734728}.
[I 2026-08-19 13:17:40,985] Trial 640 finished with values: [-0.4222360390238342, 0.0004220173757483181] and parameters: {'k1': 0.09372580613581186, 'D_low': 2.400213216646464, 'k2': 0.015109330261674455, 'D_high': 6543576.946931886, 'fire_exp': 6.454675979546216, 'P_half': 10.436686039715203, 'pre_dampen_half': 0.10189118197357125, 'gpp_af': 0.41874665092828456, 'gpp_b': 0.004411400434514031, 'gpp_d': 1.0088237648985734, 'ign_k': 0.04439802552990466, 'ign_c': 0.13492881864712067, 'trop_agb_crit': 23.606263788786194, 'trop_k_veg': 6.972354563243685, 'pop_amp': 0.0021433490423168255, 'pop_peak': 11.369993144217132, 'pop_sig': 1.0424917012813995, 'fuel_k': 1.3626356448811705, 'fuel_half': 1.683458881839943}.
  trial  641/2500  pareto_size=28  best_ilamb=0.6094  (32.0 min)
[I 2026-08-19 13:17:43,957] Trial 641 finished with values: [-0.4133587028529104, 0.0002454296094411834] and parameters: {'k1': 1.844951990812239e-05, 'D_low': 713939.1620209456, 'k2': 0.09116768553735347, 'D_high': 1124534.1807254362, 'fire_exp': 1.3796609641485171, 'P_half': 1517.2922775770444, 'pre_dampen_half': 30.11226646948154, 'gpp_af': 0.18737227240512885, 'gpp_b': 9.67374839440457e-05, 'gpp_d': 118.26972885708257, 'ign_k': 0.04439802552990466, 'ign_c': 6.0816733722841345, 'trop_agb_crit': 23.606263788786194, 'trop_k_veg': 5.691473319778836, 'pop_amp': 0.04874366481145617, 'pop_peak': 4.557885026195722, 'pop_sig': 0.6871869718280653, 'fuel_k': 3.250046746707412, 'fuel_half': 2.44365199339694}.
[I 2026-08-19 13:17:47,321] Trial 642 finished with values: [-0.39952123579540877, 3.988270824706319e-10] and parameters: {'k1': 2.1070611138656e-05, 'D_low': 1.6569065206637925, 'k2': 0.0003856302813879373, 'D_high': 24493.271671328574, 'fire_exp': 6.464773756830049, 'P_half': 6220.327170121322, 'pre_dampen_half': 0.2571419084734534, 'gpp_af': 0.0028701881471957036, 'gpp_b': 0.0004837646996135023, 'gpp_d': 1.0088237648985734, 'ign_k': 9.946147674311604, 'ign_c': 0.15590073239763044, 'trop_agb_crit': 1.257433437731036, 'trop_k_veg': 2.819496004876631, 'pop_amp': 0.024891633080683897, 'pop_peak': 1.884221947092994, 'pop_sig': 1.804482856986987, 'fuel_k': 3.250046746707412, 'fuel_half': 1.683458881839943}.
[I 2026-08-19 13:17:51,623] Trial 643 finished with values: [-0.5830535136809278, 0.009707479715199141] and parameters: {'k1': 0.0004846497679219079, 'D_low': 1.6569065206637925, 'k2': 0.0019856031481305684, 'D_high': 1124534.1807254362, 'fire_exp': 1.8678802571070678, 'P_half': 1265.0580856641704, 'pre_dampen_half': 0.2571419084734534, 'gpp_af': 0.006580815488709274, 'gpp_b': 9.67374839440457e-05, 'gpp_d': 118.26972885708257, 'ign_k': 0.45791923103229365, 'ign_c': 6.0816733722841345, 'trop_agb_crit': 3.3887235042490564, 'trop_k_veg': 5.691473319778836, 'pop_amp': 5.27924855752961, 'pop_peak': 1.884221947092994, 'pop_sig': 0.9904669476016459, 'fuel_k': 3.250046746707412, 'fuel_half': 1.7895437790635824}.
[I 2026-08-19 13:17:56,218] Trial 644 finished with values: [-0.3554625854118624, 0.0] and parameters: {'k1': 0.08924795116437424, 'D_low': 1368.9795993592197, 'k2': 1.2748758606816134e-05, 'D_high': 1840060.4093141211, 'fire_exp': 7.856097010829145, 'P_half': 267.2146013620241, 'pre_dampen_half': 1.8469033699850426, 'gpp_af': 0.9346598275601615, 'gpp_b': 4.038332634638232, 'gpp_d': 3.032712462969173, 'ign_k': 0.17320535908244444, 'ign_c': 225.58738962142354, 'trop_agb_crit': 13.763560673020894, 'trop_k_veg': 0.8084202024508578, 'pop_amp': 0.09000995514803915, 'pop_peak': 0.05281056279423359, 'pop_sig': 0.5314193463179775, 'fuel_k': 0.9666195090843235, 'fuel_half': 17.890117928710357}.
[I 2026-08-19 13:18:00,124] Trial 645 finished with values: [-0.39284564365235763, 3.3306690738754696e-16] and parameters: {'k1': 4.0873003903057456e-05, 'D_low': 6293.732112193172, 'k2': 0.0067445742055710165, 'D_high': 5109990.03526815, 'fire_exp': 6.464773756830049, 'P_half': 8894.151386481904, 'pre_dampen_half': 0.2571419084734534, 'gpp_af': 0.18737227240512885, 'gpp_b': 1.1645080536732737, 'gpp_d': 3.9841905944346854, 'ign_k': 0.3699359899959751, 'ign_c': 12.366924205139131, 'trop_agb_crit': 28.49245476864681, 'trop_k_veg': 3.754644404143055, 'pop_amp': 0.0034369873301918173, 'pop_peak': 456.60279198301936, 'pop_sig': 1.8528333992769594, 'fuel_k': 0.11148299766359336, 'fuel_half': 0.10355826161899183}.
[I 2026-08-19 13:18:03,367] Trial 646 finished with values: [-0.3554625854118624, 0.0] and parameters: {'k1': 2.467915713171984e-05, 'D_low': 1.6569065206637925, 'k2': 4.392638796750218e-05, 'D_high': 9355.38060645217, 'fire_exp': 4.3161213924316595, 'P_half': 4.937355303501834, 'pre_dampen_half': 30.11226646948154, 'gpp_af': 0.005018406982902927, 'gpp_b': 1.624829724391053, 'gpp_d': 0.050654860639753524, 'ign_k': 0.3699359899959751, 'ign_c': 89.12611835816996, 'trop_agb_crit': 14.188434224699876, 'trop_k_veg': 0.5443513380244235, 'pop_amp': 0.008683934086503814, 'pop_peak': 6.293754229983846, 'pop_sig': 0.4663206866626952, 'fuel_k': 4.04437775870989, 'fuel_half': 1.7895437790635824}.
  trial  647/2500  pareto_size=22  best_ilamb=0.6094  (32.4 min)
[I 2026-08-19 13:18:06,568] Trial 647 finished with values: [-0.5163609721742035, 0.07536231122475023] and parameters: {'k1': 1.844951990812239e-05, 'D_low': 27972.024228472703, 'k2': 0.0019856031481305684, 'D_high': 9355.38060645217, 'fire_exp': 1.3796609641485171, 'P_half': 7.361379380357789, 'pre_dampen_half': 0.19674328025306115, 'gpp_af': 0.00301004353953023, 'gpp_b': 0.0007417652034871827, 'gpp_d': 118.26972885708257, 'ign_k': 0.1537592023548176, 'ign_c': 0.3982856495065836, 'trop_agb_crit': 17.69486533706496, 'trop_k_veg': 5.691473319778836, 'pop_amp': 10.985330528057915, 'pop_peak': 352.89806695809773, 'pop_sig': 0.6871869718280653, 'fuel_k': 3.640039183945803, 'fuel_half': 0.18427970406864538}.
[I 2026-08-19 13:18:08,909] Trial 648 finished with values: [-0.4215660292933415, 2.0675240486323077e-07] and parameters: {'k1': 0.0004846497679219079, 'D_low': 437.4364439939077, 'k2': 4.392638796750218e-05, 'D_high': 6543576.946931886, 'fire_exp': 2.5321117364280843, 'P_half': 1265.0580856641704, 'pre_dampen_half': 0.19674328025306115, 'gpp_af': 0.18737227240512885, 'gpp_b': 0.620439464939785, 'gpp_d': 0.050654860639753524, 'ign_k': 0.3699359899959751, 'ign_c': 6.0816733722841345, 'trop_agb_crit': 17.69486533706496, 'trop_k_veg': 3.033123769260696, 'pop_amp': 5.27924855752961, 'pop_peak': 1.884221947092994, 'pop_sig': 1.804482856986987, 'fuel_k': 3.250046746707412, 'fuel_half': 0.18427970406864538}.
[I 2026-08-19 13:18:11,604] Trial 649 finished with values: [-0.39141089670987117, 5.766218058589345e-09] and parameters: {'k1': 0.005456725485601475, 'D_low': 15150.361381456718, 'k2': 3.077180271250682e-05, 'D_high': 24493.271671328574, 'fire_exp': 5.433392060430592, 'P_half': 4337.920697490941, 'pre_dampen_half': 0.2571419084734534, 'gpp_af': 0.41874665092828456, 'gpp_b': 0.3189249600851242, 'gpp_d': 108.18665579547857, 'ign_k': 9.162638829638215, 'ign_c': 0.5488047000766043, 'trop_agb_crit': 24.500297851058132, 'trop_k_veg': 5.453348988480011, 'pop_amp': 10.985330528057915, 'pop_peak': 503.7153440645595, 'pop_sig': 0.9904669476016459, 'fuel_k': 0.15552861105540366, 'fuel_half': 1.9255395572015603}.
[I 2026-08-19 13:18:14,176] Trial 650 finished with values: [-0.39603441942568807, 1.4705041801454932e-05] and parameters: {'k1': 0.0007158031739371039, 'D_low': 27972.024228472703, 'k2': 0.0019856031481305684, 'D_high': 1661855.441285105, 'fire_exp': 1.3796609641485171, 'P_half': 8894.151386481904, 'pre_dampen_half': 4.412509669839992, 'gpp_af': 0.18737227240512885, 'gpp_b': 0.620439464939785, 'gpp_d': 117.2128156438701, 'ign_k': 0.45791923103229365, 'ign_c': 0.19678273362633986, 'trop_agb_crit': 28.49245476864681, 'trop_k_veg': 6.972354563243685, 'pop_amp': 0.0021433490423168255, 'pop_peak': 1.2456926579903294, 'pop_sig': 0.6871869718280653, 'fuel_k': 0.27631890369709744, 'fuel_half': 17.890117928710357}.
[I 2026-08-19 13:18:16,654] Trial 651 finished with values: [-0.411448186644345, 1.2630563261950556e-11] and parameters: {'k1': 1.844951990812239e-05, 'D_low': 26554.765116336614, 'k2': 0.0014455983984872978, 'D_high': 1907543.828944448, 'fire_exp': 1.8678802571070678, 'P_half': 1265.0580856641704, 'pre_dampen_half': 0.2571419084734534, 'gpp_af': 0.11134482360128048, 'gpp_b': 1.788789091682049e-05, 'gpp_d': 0.050654860639753524, 'ign_k': 0.17320535908244444, 'ign_c': 89.12611835816996, 'trop_agb_crit': 14.188434224699876, 'trop_k_veg': 6.972354563243685, 'pop_amp': 0.008683934086503814, 'pop_peak': 0.17274196344453516, 'pop_sig': 1.804482856986987, 'fuel_k': 2.8606142106392465, 'fuel_half': 1.7895437790635824}.
[I 2026-08-19 13:18:18,829] Trial 652 finished with values: [-0.43255737139333206, 0.0017905503866358918] and parameters: {'k1': 9.67404566214593e-05, 'D_low': 1368.9795993592197, 'k2': 6.340140860251457e-05, 'D_high': 1661855.441285105, 'fire_exp': 2.5321117364280843, 'P_half': 229.5739821454948, 'pre_dampen_half': 0.10189118197357125, 'gpp_af': 0.41874665092828456, 'gpp_b': 0.007179740972016222, 'gpp_d': 1.0088237648985734, 'ign_k': 9.162638829638215, 'ign_c': 0.5110256715654393, 'trop_agb_crit': 1.050713312531254, 'trop_k_veg': 5.691473319778836, 'pop_amp': 0.002417279427070676, 'pop_peak': 1.884221947092994, 'pop_sig': 1.804482856986987, 'fuel_k': 3.250046746707412, 'fuel_half': 17.890117928710357}.
[I 2026-08-19 13:18:21,044] Trial 653 finished with values: [-0.45649093401364504, 0.012193454833164252] and parameters: {'k1': 0.0003188255669070805, 'D_low': 286.06841726052676, 'k2': 0.0014455983984872978, 'D_high': 1840060.4093141211, 'fire_exp': 3.7695400350033266, 'P_half': 267.2146013620241, 'pre_dampen_half': 0.9383857256655214, 'gpp_af': 0.9346598275601615, 'gpp_b': 0.0001605469768042801, 'gpp_d': 118.26972885708257, 'ign_k': 0.45791923103229365, 'ign_c': 12.366924205139131, 'trop_agb_crit': 28.49245476864681, 'trop_k_veg': 5.691473319778836, 'pop_amp': 0.0034369873301918173, 'pop_peak': 503.7153440645595, 'pop_sig': 1.804482856986987, 'fuel_k': 0.022805907608636752, 'fuel_half': 5.940545235233705}.
[I 2026-08-19 13:18:23,788] Trial 654 finished with values: [-0.4264894209463506, 0.012455584900573524] and parameters: {'k1': 0.005456725485601475, 'D_low': 1.6569065206637925, 'k2': 0.0002001342062287998, 'D_high': 24493.271671328574, 'fire_exp': 1.8678802571070678, 'P_half': 1265.0580856641704, 'pre_dampen_half': 1.8469033699850426, 'gpp_af': 2.0540519425388455, 'gpp_b': 0.0007417652034871827, 'gpp_d': 3.9841905944346854, 'ign_k': 0.17320535908244444, 'ign_c': 0.5488047000766043, 'trop_agb_crit': 17.69486533706496, 'trop_k_veg': 1.7873065178978647, 'pop_amp': 0.008683934086503814, 'pop_peak': 118.94596292005288, 'pop_sig': 0.4663206866626952, 'fuel_k': 0.9199338799678547, 'fuel_half': 0.18427970406864538}.
  trial  655/2500  pareto_size=23  best_ilamb=0.6094  (32.7 min)
[I 2026-08-19 13:18:26,908] Trial 655 finished with values: [-0.3920791163654712, 4.8960835385969403e-14] and parameters: {'k1': 5.025876001070713e-05, 'D_low': 1.6569065206637925, 'k2': 0.037011676346027506, 'D_high': 6543576.946931886, 'fire_exp': 1.8678802571070678, 'P_half': 6281.776703992854, 'pre_dampen_half': 597.9617889501159, 'gpp_af': 0.18737227240512885, 'gpp_b': 0.05825704883392061, 'gpp_d': 0.050654860639753524, 'ign_k': 0.17320535908244444, 'ign_c': 89.12611835816996, 'trop_agb_crit': 27.05166881899929, 'trop_k_veg': 4.288672925586801, 'pop_amp': 0.008683934086503814, 'pop_peak': 2.016436598480055, 'pop_sig': 0.4663206866626952, 'fuel_k': 4.04437775870989, 'fuel_half': 1.7895437790635824}.
[I 2026-08-19 13:18:29,246] Trial 656 finished with values: [-0.3554625854118624, 0.0] and parameters: {'k1': 2.9693357731296325e-05, 'D_low': 1.6569065206637925, 'k2': 0.0002001342062287998, 'D_high': 1819372.4578178402, 'fire_exp': 6.454675979546216, 'P_half': 1265.0580856641704, 'pre_dampen_half': 0.2571419084734534, 'gpp_af': 0.0028701881471957036, 'gpp_b': 0.05825704883392061, 'gpp_d': 0.050654860639753524, 'ign_k': 9.162638829638215, 'ign_c': 89.12611835816996, 'trop_agb_crit': 1.050713312531254, 'trop_k_veg': 0.5443513380244235, 'pop_amp': 5.27924855752961, 'pop_peak': 1.884221947092994, 'pop_sig': 1.804482856986987, 'fuel_k': 4.04437775870989, 'fuel_half': 1.7895437790635824}.
[I 2026-08-19 13:18:31,577] Trial 657 finished with values: [-0.5295418130296752, 0.178256573412925] and parameters: {'k1': 0.0007158031739371039, 'D_low': 1368.9795993592197, 'k2': 0.0021608491389795734, 'D_high': 1661855.441285105, 'fire_exp': 1.0501937052663004, 'P_half': 267.2146013620241, 'pre_dampen_half': 4.412509669839992, 'gpp_af': 49.583649914027546, 'gpp_b': 0.620439464939785, 'gpp_d': 117.2128156438701, 'ign_k': 0.025284086172415596, 'ign_c': 0.19678273362633986, 'trop_agb_crit': 28.49245476864681, 'trop_k_veg': 4.891066132801691, 'pop_amp': 0.0021433490423168255, 'pop_peak': 1.421337820414783, 'pop_sig': 1.0264911386548754, 'fuel_k': 0.27631890369709744, 'fuel_half': 1.7918446176734728}.
[I 2026-08-19 13:18:33,979] Trial 658 finished with values: [-0.4046534581128525, 4.651834473179406e-14] and parameters: {'k1': 2.9693357731296325e-05, 'D_low': 437.4364439939077, 'k2': 3.077180271250682e-05, 'D_high': 1840060.4093141211, 'fire_exp': 7.856097010829145, 'P_half': 8894.151386481904, 'pre_dampen_half': 0.19674328025306115, 'gpp_af': 36.830088529547496, 'gpp_b': 0.0004837646996135023, 'gpp_d': 108.18665579547857, 'ign_k': 0.009935023909063692, 'ign_c': 4.4716799012313055, 'trop_agb_crit': 2.6689615974393592, 'trop_k_veg': 6.972354563243685, 'pop_amp': 0.0021433490423168255, 'pop_peak': 4.557885026195722, 'pop_sig': 0.28855712799307187, 'fuel_k': 2.8606142106392465, 'fuel_half': 17.890117928710357}.
[I 2026-08-19 13:18:36,608] Trial 659 finished with values: [-0.5594272964321348, 0.008888463472427222] and parameters: {'k1': 0.09372580613581186, 'D_low': 2.400213216646464, 'k2': 0.0019856031481305684, 'D_high': 6543576.946931886, 'fire_exp': 3.7695400350033266, 'P_half': 267.2146013620241, 'pre_dampen_half': 0.7465571739720183, 'gpp_af': 0.0077125451401819246, 'gpp_b': 0.0001605469768042801, 'gpp_d': 118.26972885708257, 'ign_k': 0.04439802552990466, 'ign_c': 0.13492881864712067, 'trop_agb_crit': 28.49245476864681, 'trop_k_veg': 6.972354563243685, 'pop_amp': 6.746076139939917, 'pop_peak': 4.557885026195722, 'pop_sig': 1.804482856986987, 'fuel_k': 4.04437775870989, 'fuel_half': 5.940545235233705}.
