/opt/miniconda3/envs/ed-fire/lib/python3.10/site-packages/optuna/_experimental.py:33: ExperimentalWarning: Argument ``multivariate`` is an experimental feature. The interface can change in the future.
  optuna_warn(
[I 2026-07-24 02:06:04,721] A new study created in memory with name: no-name-566bb019-7330-468f-8346-5d0707a132dd
[I 2026-07-24 02:06:05,145] Trial 0 finished with value: -0.6086958580586874 and parameters: {'k1': 0.0002902170966238275, 'D_low': 1.7887890916820506, 'k2': 0.0007081721844034209, 'D_high': 887331.2884015184, 'fire_exp': 7.089507362101403, 'P_half': 53.85970977098819, 'pre_dampen_half': 33.71909132517388, 'gpp_af': 0.015350904103515228, 'gpp_b': 3.936122422430193e-05, 'gpp_d': 6.91394869865762, 'ign_k': 0.5131654955148324, 'ign_c': 14.452451441203314, 'trop_agb_crit': 17.530135633155123, 'trop_k_veg': 0.6921865222804094, 'gdp_gamma': 0.001, 'fuel_k': 3.6992394681929355, 'fuel_half': 0.32476735706274484}. Best is trial 0 with value: -0.6086958580586874.
[I 2026-07-24 02:06:05,572] Trial 1 finished with value: 0.6445374145881376 and parameters: {'k1': 0.00031489116479568613, 'D_low': 506157.68887523044, 'k2': 0.008471801418819975, 'D_high': 39079.671568228776, 'fire_exp': 1.4322493718230251, 'P_half': 4.2070539502879365, 'pre_dampen_half': 0.0195172246414495, 'gpp_af': 21.42302175774107, 'gpp_b': 0.040428727350273294, 'gpp_d': 34.70266988650409, 'ign_k': 0.0012087541473056963, 'ign_c': 757.9479953347992, 'trop_agb_crit': 16.967533607196547, 'trop_k_veg': 0.9008485225328876, 'gdp_gamma': 0.003982994169892408, 'fuel_k': 0.03232402755960471, 'fuel_half': 0.8179499475211671}. Best is trial 0 with value: -0.6086958580586874.
[I 2026-07-24 02:06:06,002] Trial 2 finished with value: 0.5822942876748133 and parameters: {'k1': 0.0012561043700013551, 'D_low': 390.544127521079, 'k2': 0.0001461896279370495, 'D_high': 46894.0096353769, 'fire_exp': 1.3787764619353768, 'P_half': 14.742753159914669, 'pre_dampen_half': 0.6789053271698484, 'gpp_af': 0.19069966103000435, 'gpp_b': 0.5141096648805746, 'gpp_d': 0.09962513222055108, 'ign_k': 0.11400863701127326, 'ign_c': 23.423849847112898, 'trop_agb_crit': 1.1711509955524093, 'trop_k_veg': 2.6948022473899034, 'gdp_gamma': 0.0036551503622790117, 'fuel_k': 0.01516083650740451, 'fuel_half': 70.25166339242158}. Best is trial 0 with value: -0.6086958580586874.
[I 2026-07-24 02:06:06,420] Trial 3 finished with value: 0.6445374145881376 and parameters: {'k1': 0.07286653737491042, 'D_low': 70857.21663941599, 'k2': 0.00016536937182824412, 'D_high': 38.550736900261796, 'fire_exp': 4.833180632488465, 'P_half': 57.62487216478601, 'pre_dampen_half': 0.0407559644007287, 'gpp_af': 0.2991469302130216, 'gpp_b': 1.6081669283634658e-05, 'gpp_d': 352.0481045526035, 'ign_k': 0.010842262717330166, 'ign_c': 44.67752817973901, 'trop_agb_crit': 2.8869220380495735, 'trop_k_veg': 2.1144348148283285, 'gdp_gamma': 0.06378330678120922, 'fuel_k': 0.032625234111356295, 'fuel_half': 81.05016126411583}. Best is trial 0 with value: -0.6086958580586874.
[I 2026-07-24 02:06:06,833] Trial 4 finished with value: 0.6445374145881376 and parameters: {'k1': 0.012604664585649461, 'D_low': 433504.53927751305, 'k2': 0.0379585314267064, 'D_high': 38672.288491177474, 'fire_exp': 8.353610755311761, 'P_half': 2.2592797420156945, 'pre_dampen_half': 0.09548041810464164, 'gpp_af': 0.0016832027985721903, 'gpp_b': 0.0008953276247642705, 'gpp_d': 0.8777815504719652, 'ign_k': 0.01217295809836997, 'ign_c': 206.5142557895923, 'trop_agb_crit': 3.3648671441879534, 'trop_k_veg': 1.0895542554925703, 'gdp_gamma': 0.06186657148966138, 'fuel_k': 0.02463251817039115, 'fuel_half': 25.502980701628907}. Best is trial 0 with value: -0.6086958580586874.
[I 2026-07-24 02:06:07,251] Trial 5 finished with value: 0.640488538366474 and parameters: {'k1': 1.9870215385428627e-05, 'D_low': 834298.8013047343, 'k2': 0.012273800987852962, 'D_high': 155.7019634551661, 'fire_exp': 1.012796325733148, 'P_half': 1827.4508859816024, 'pre_dampen_half': 34.220529032706914, 'gpp_af': 4.416068895118589, 'gpp_b': 0.4242502238267318, 'gpp_d': 0.023454342277260523, 'ign_k': 0.02715581955282941, 'ign_c': 0.29072088906598437, 'trop_agb_crit': 18.832519048593593, 'trop_k_veg': 2.815112362639984, 'gdp_gamma': 0.012368137521979525, 'fuel_k': 0.015016707112447287, 'fuel_half': 0.8569331925053982}. Best is trial 0 with value: -0.6086958580586874.
[I 2026-07-24 02:06:07,667] Trial 6 finished with value: 0.5375144830506546 and parameters: {'k1': 0.00019986340778528852, 'D_low': 23858.166771428845, 'k2': 0.003550012525851159, 'D_high': 2105118.05196087, 'fire_exp': 2.9662989987000667, 'P_half': 3.0086868214458438, 'pre_dampen_half': 36.831884165358964, 'gpp_af': 6.366859160799435, 'gpp_b': 0.023316490638960616, 'gpp_d': 71.58728631500193, 'ign_k': 0.09444574254983562, 'ign_c': 12.329098365270504, 'trop_agb_crit': 4.280849161757093, 'trop_k_veg': 0.5365098290336188, 'gdp_gamma': 0.002270663802596182, 'fuel_k': 0.012226862591187715, 'fuel_half': 8.113929572637838}. Best is trial 0 with value: -0.6086958580586874.
[I 2026-07-24 02:06:08,100] Trial 7 finished with value: 0.6445374145881376 and parameters: {'k1': 0.00018089390092767128, 'D_low': 1125.7038385269, 'k2': 0.04268407710065498, 'D_high': 313.1506913881623, 'fire_exp': 2.572663133249956, 'P_half': 1052.4574681335635, 'pre_dampen_half': 0.13931273790066695, 'gpp_af': 0.002426048893216447, 'gpp_b': 0.0005476570938330316, 'gpp_d': 0.0639891639994408, 'ign_k': 5.233480488540089, 'ign_c': 170.79750342958212, 'trop_agb_crit': 8.622121759478738, 'trop_k_veg': 5.601613177514434, 'gdp_gamma': 0.4497235523910824, 'fuel_k': 0.03298525473697157, 'fuel_half': 47.60767751809498}. Best is trial 0 with value: -0.6086958580586874.
[I 2026-07-24 02:06:08,524] Trial 8 finished with value: 0.6445374145881376 and parameters: {'k1': 0.0014367095138664223, 'D_low': 69926.3614895932, 'k2': 0.038403004190988535, 'D_high': 809.1347435997562, 'fire_exp': 1.2884035848463484, 'P_half': 8.160948743089918, 'pre_dampen_half': 1.3662775841358912, 'gpp_af': 12.30477933008371, 'gpp_b': 1.4601030210159491, 'gpp_d': 0.010833297073737752, 'ign_k': 0.11040511903162248, 'ign_c': 4.673518999562747, 'trop_agb_crit': 2.1285319216384293, 'trop_k_veg': 0.6971115660907847, 'gdp_gamma': 0.013016008028060693, 'fuel_k': 4.164336091702847, 'fuel_half': 0.9324140221663485}. Best is trial 0 with value: -0.6086958580586874.
[I 2026-07-24 02:06:08,944] Trial 9 finished with value: 0.5980088553329155 and parameters: {'k1': 0.0011889469769530464, 'D_low': 16523.945479957092, 'k2': 0.0002847858516856298, 'D_high': 6771618.710774375, 'fire_exp': 9.171646234807426, 'P_half': 10.16551026641873, 'pre_dampen_half': 3.0636738485558435, 'gpp_af': 0.03194416563600364, 'gpp_b': 0.0005117324605095927, 'gpp_d': 0.015290959455830377, 'ign_k': 0.2743199139779669, 'ign_c': 10.249816559563204, 'trop_agb_crit': 1.1913527115921472, 'trop_k_veg': 1.0826642090628422, 'gdp_gamma': 0.9958935820671322, 'fuel_k': 0.0462955412732508, 'fuel_half': 0.27207248059486694}. Best is trial 0 with value: -0.6086958580586874.
[I 2026-07-24 02:06:09,378] Trial 10 finished with value: 0.6445374145881376 and parameters: {'k1': 0.0009255870406024703, 'D_low': 9.955481056892351, 'k2': 0.012128001725191666, 'D_high': 92936.1821859207, 'fire_exp': 2.7991550684341924, 'P_half': 167.87654897207338, 'pre_dampen_half': 3.2291107978854834, 'gpp_af': 0.17367987758741324, 'gpp_b': 0.00039335205995026087, 'gpp_d': 8.554938257043577, 'ign_k': 0.6920651691272685, 'ign_c': 104.0318040831033, 'trop_agb_crit': 18.355008037983524, 'trop_k_veg': 1.054613357397904, 'gdp_gamma': 0.04874480313887884, 'fuel_k': 2.5423722697513025, 'fuel_half': 0.38001336043143735}. Best is trial 0 with value: -0.6086958580586874.
[I 2026-07-24 02:06:09,795] Trial 11 finished with value: 0.6376990884778486 and parameters: {'k1': 0.0031941776470043965, 'D_low': 146569.72969962223, 'k2': 0.004614332677290039, 'D_high': 570398.620921519, 'fire_exp': 5.279680078745169, 'P_half': 3.062837267065056, 'pre_dampen_half': 26.538861465630124, 'gpp_af': 10.159881350437796, 'gpp_b': 1.0117450465095, 'gpp_d': 72.22484093340957, 'ign_k': 0.0966163363877149, 'ign_c': 45.67213737981353, 'trop_agb_crit': 5.824044432658403, 'trop_k_veg': 0.7681795457621939, 'gdp_gamma': 0.004872888756878802, 'fuel_k': 0.010947668025493771, 'fuel_half': 62.02263201241636}. Best is trial 0 with value: -0.6086958580586874.
[I 2026-07-24 02:06:10,212] Trial 12 finished with value: 0.6445374145881376 and parameters: {'k1': 0.001638963709662044, 'D_low': 17.606852349753527, 'k2': 1.7204531877826534e-05, 'D_high': 1345007.6512452501, 'fire_exp': 4.168403671672821, 'P_half': 5.109056228261678, 'pre_dampen_half': 11.256414842378032, 'gpp_af': 0.02521447462349976, 'gpp_b': 0.00011194293984675251, 'gpp_d': 3.016004353642023, 'ign_k': 0.7219068554623389, 'ign_c': 49.609438355050195, 'trop_agb_crit': 21.111921662097323, 'trop_k_veg': 0.8979737636272833, 'gdp_gamma': 0.0012014673131581853, 'fuel_k': 0.6431085303534521, 'fuel_half': 1.1324356672563167}. Best is trial 0 with value: -0.6086958580586874.
[I 2026-07-24 02:06:10,639] Trial 13 finished with value: 0.5898198830530913 and parameters: {'k1': 0.0004356336442245966, 'D_low': 8.517888592692705, 'k2': 0.0045157059868715516, 'D_high': 15709.145843729846, 'fire_exp': 5.9189647919623685, 'P_half': 12.82496935565817, 'pre_dampen_half': 5.813509527115763, 'gpp_af': 0.020892542208180133, 'gpp_b': 1.1173987231852927e-05, 'gpp_d': 21.99922514970376, 'ign_k': 0.036663938307880485, 'ign_c': 2.8595179229328016, 'trop_agb_crit': 28.653082673079606, 'trop_k_veg': 0.571729119100817, 'gdp_gamma': 0.0011217427291532248, 'fuel_k': 0.3003911607534281, 'fuel_half': 0.15886120853378213}. Best is trial 0 with value: -0.6086958580586874.
[I 2026-07-24 02:06:11,069] Trial 14 finished with value: 0.5107662587466996 and parameters: {'k1': 0.0016786749694689819, 'D_low': 120.70906692698472, 'k2': 0.00019185015845580515, 'D_high': 2741054.116854388, 'fire_exp': 1.6142702347485263, 'P_half': 12.921338519300859, 'pre_dampen_half': 1.341528355370438, 'gpp_af': 19.641771048215116, 'gpp_b': 0.001085445141280135, 'gpp_d': 183.40611069396667, 'ign_k': 0.01845947290711417, 'ign_c': 14.325729045235137, 'trop_agb_crit': 7.092538189699578, 'trop_k_veg': 0.776160145528828, 'gdp_gamma': 0.003569761013855255, 'fuel_k': 0.03692573991798233, 'fuel_half': 27.345975734154187}. Best is trial 0 with value: -0.6086958580586874.
[I 2026-07-24 02:06:11,489] Trial 15 finished with value: 0.5838941265222926 and parameters: {'k1': 0.00019155790937481953, 'D_low': 4.413370733682884, 'k2': 0.0006536991886380594, 'D_high': 5235323.711730375, 'fire_exp': 5.831448451765039, 'P_half': 470.61808849967355, 'pre_dampen_half': 124.6280365888924, 'gpp_af': 0.018670350080739466, 'gpp_b': 1.1671533872525012e-05, 'gpp_d': 0.035700884876651386, 'ign_k': 0.48728504417935364, 'ign_c': 4.4108107335812985, 'trop_agb_crit': 9.030772964045877, 'trop_k_veg': 1.2565900963230416, 'gdp_gamma': 0.0010244207607684043, 'fuel_k': 5.345479049408749, 'fuel_half': 0.7204845205865559}. Best is trial 0 with value: -0.6086958580586874.
[I 2026-07-24 02:06:11,915] Trial 16 finished with value: 0.5300002706840483 and parameters: {'k1': 0.005812711615542628, 'D_low': 99.45103714169952, 'k2': 0.0013316219199210396, 'D_high': 249470.4504217913, 'fire_exp': 2.3478086966657084, 'P_half': 61.080460168695566, 'pre_dampen_half': 0.158223176131138, 'gpp_af': 9.967805092542834, 'gpp_b': 0.001543991737217418, 'gpp_d': 35.337946108253696, 'ign_k': 0.16277721461015768, 'ign_c': 9.607910470060585, 'trop_agb_crit': 7.508002757688252, 'trop_k_veg': 1.2648819857593627, 'gdp_gamma': 0.006573311950647714, 'fuel_k': 0.08546588811192748, 'fuel_half': 66.05049960566636}. Best is trial 0 with value: -0.6086958580586874.
[I 2026-07-24 02:06:12,335] Trial 17 finished with value: 0.6131547253759188 and parameters: {'k1': 9.998289500652632e-05, 'D_low': 2.7130435574105234, 'k2': 0.00013965488025382395, 'D_high': 3867.947484949083, 'fire_exp': 8.00672805686732, 'P_half': 215.62566803152754, 'pre_dampen_half': 356.011271965441, 'gpp_af': 0.0059611144218070546, 'gpp_b': 0.00022710327348931375, 'gpp_d': 80.3202579975857, 'ign_k': 1.6257686050371325, 'ign_c': 6.844176896214309, 'trop_agb_crit': 7.817312413652647, 'trop_k_veg': 0.6495229231331846, 'gdp_gamma': 0.0015940999337669371, 'fuel_k': 3.7564353267231914, 'fuel_half': 0.4609902428736871}. Best is trial 0 with value: -0.6086958580586874.
[I 2026-07-24 02:06:12,755] Trial 18 finished with value: 0.5696873323517752 and parameters: {'k1': 0.009426142195637427, 'D_low': 18.211470741240188, 'k2': 1.676727846854546e-05, 'D_high': 4520071.037162014, 'fire_exp': 2.7440764943473637, 'P_half': 195.60961390641452, 'pre_dampen_half': 19.23515553415136, 'gpp_af': 9.039743983737782, 'gpp_b': 2.915582901752412e-05, 'gpp_d': 197.29608913476116, 'ign_k': 0.0028808063790182674, 'ign_c': 33.84956283134306, 'trop_agb_crit': 5.05930226698685, 'trop_k_veg': 0.9823867712709987, 'gdp_gamma': 0.0025492354459848545, 'fuel_k': 0.06783337511940479, 'fuel_half': 21.01970214948343}. Best is trial 0 with value: -0.6086958580586874.
[I 2026-07-24 02:06:13,175] Trial 19 finished with value: 0.5114525070785106 and parameters: {'k1': 0.0005190818445200863, 'D_low': 18939.828853638617, 'k2': 0.00016090052777514052, 'D_high': 1167309.7359525156, 'fire_exp': 1.2364455438005069, 'P_half': 144.89968013654376, 'pre_dampen_half': 17.372113783087354, 'gpp_af': 13.778978529231383, 'gpp_b': 0.021700136438191842, 'gpp_d': 222.0759094833729, 'ign_k': 0.001315844114494397, 'ign_c': 10.017094615865211, 'trop_agb_crit': 7.808589566141258, 'trop_k_veg': 1.3734700684962282, 'gdp_gamma': 0.0050515620951485435, 'fuel_k': 0.20669937615549847, 'fuel_half': 37.25331288577965}. Best is trial 0 with value: -0.6086958580586874.
[I 2026-07-24 02:06:13,594] Trial 20 finished with value: 0.589385819653385 and parameters: {'k1': 8.941605978007064e-05, 'D_low': 19.189451680758747, 'k2': 0.009400372685173743, 'D_high': 21455.31984217768, 'fire_exp': 6.09675270519892, 'P_half': 6.354379398228865, 'pre_dampen_half': 296.83208102435765, 'gpp_af': 1.0057415699724512, 'gpp_b': 1.1303489353953887e-05, 'gpp_d': 1.624583396794291, 'ign_k': 1.057952230071489, 'ign_c': 3.5631511555079762, 'trop_agb_crit': 25.96167853937203, 'trop_k_veg': 4.334592958488767, 'gdp_gamma': 0.0010155136829322151, 'fuel_k': 2.0519172678480664, 'fuel_half': 0.1264220775913216}. Best is trial 0 with value: -0.6086958580586874.
[I 2026-07-24 02:06:14,013] Trial 21 finished with value: 0.51137514916111 and parameters: {'k1': 2.6006545416898624e-05, 'D_low': 291.0665856168073, 'k2': 2.9198809373681274e-05, 'D_high': 166665.07880056166, 'fire_exp': 1.0951531379230475, 'P_half': 23.387260845303807, 'pre_dampen_half': 48.9399698451178, 'gpp_af': 68.93932798409311, 'gpp_b': 0.012689148762784931, 'gpp_d': 200.14917583306146, 'ign_k': 0.005184541187863653, 'ign_c': 4.326023240522323, 'trop_agb_crit': 2.9882380981241727, 'trop_k_veg': 0.6136687483238069, 'gdp_gamma': 0.015965031652428352, 'fuel_k': 0.10684582421320026, 'fuel_half': 10.580074066573559}. Best is trial 0 with value: -0.6086958580586874.
[I 2026-07-24 02:06:14,433] Trial 22 finished with value: 0.5815862119476944 and parameters: {'k1': 1.453581782579119e-05, 'D_low': 142.19891696309062, 'k2': 6.257066598821436e-05, 'D_high': 224668.65143484325, 'fire_exp': 1.3401581537861988, 'P_half': 22.788559184023136, 'pre_dampen_half': 9.523688396769549, 'gpp_af': 39.64975946076609, 'gpp_b': 0.011808290929613142, 'gpp_d': 10.653945224304818, 'ign_k': 0.002114010860660912, 'ign_c': 18.058702733844065, 'trop_agb_crit': 2.7792874096724214, 'trop_k_veg': 0.5374455450423421, 'gdp_gamma': 0.011089488563863699, 'fuel_k': 0.012338752108896478, 'fuel_half': 7.042138030830262}. Best is trial 0 with value: -0.6086958580586874.
[I 2026-07-24 02:06:14,855] Trial 23 finished with value: 0.5078250603824734 and parameters: {'k1': 5.199539120005054e-05, 'D_low': 8.166250758999608, 'k2': 0.00026313841248501793, 'D_high': 2734697.8446302945, 'fire_exp': 7.280731620901004, 'P_half': 10.048138168409567, 'pre_dampen_half': 25.422411616465713, 'gpp_af': 7.811225660614463, 'gpp_b': 7.416056452377458e-05, 'gpp_d': 4.953875086488367, 'ign_k': 1.6351815731027541, 'ign_c': 1.830826569565463, 'trop_agb_crit': 23.745346186369343, 'trop_k_veg': 0.5632620130670318, 'gdp_gamma': 0.0019609345595630358, 'fuel_k': 2.55178590317086, 'fuel_half': 0.38429755148769446}. Best is trial 0 with value: -0.6086958580586874.
[I 2026-07-24 02:06:15,278] Trial 24 finished with value: 0.6082436899803466 and parameters: {'k1': 2.9778044778045792e-05, 'D_low': 3.447802063850763, 'k2': 0.0003705216402491578, 'D_high': 291740.84276666824, 'fire_exp': 6.375598819778568, 'P_half': 1.035676324873213, 'pre_dampen_half': 0.5182595649164035, 'gpp_af': 6.613589766132591, 'gpp_b': 0.03154992847374413, 'gpp_d': 0.4302417213372452, 'ign_k': 0.9576077465912306, 'ign_c': 0.7687645575427925, 'trop_agb_crit': 23.40344999631292, 'trop_k_veg': 0.5172847347060955, 'gdp_gamma': 0.0026596402034526467, 'fuel_k': 2.699795944466469, 'fuel_half': 0.12554307894054875}. Best is trial 0 with value: -0.6086958580586874.
[I 2026-07-24 02:06:15,705] Trial 25 finished with value: 0.5770263127459163 and parameters: {'k1': 0.0006753917072778897, 'D_low': 1.285732407243125, 'k2': 0.0002376220407656428, 'D_high': 2146321.487333129, 'fire_exp': 3.451393411697377, 'P_half': 1.636152153419602, 'pre_dampen_half': 0.20399453777584217, 'gpp_af': 2.656974977351108, 'gpp_b': 0.0074066799852447835, 'gpp_d': 6.025338577731973, 'ign_k': 0.004234567326145187, 'ign_c': 9.22858674350279, 'trop_agb_crit': 20.63378409408006, 'trop_k_veg': 0.7929626892969003, 'gdp_gamma': 0.0019364290196685707, 'fuel_k': 0.08600880032599588, 'fuel_half': 4.525712762641644}. Best is trial 0 with value: -0.6086958580586874.
[I 2026-07-24 02:06:16,126] Trial 26 finished with value: 0.6188494255388988 and parameters: {'k1': 1.0529749033494589e-05, 'D_low': 203.524778918716, 'k2': 0.00012698851983137757, 'D_high': 2043595.6245409762, 'fire_exp': 6.329361815575469, 'P_half': 217.25733332334198, 'pre_dampen_half': 94.97051171854855, 'gpp_af': 16.146978272424462, 'gpp_b': 0.0001566960894491725, 'gpp_d': 1.6182585057032248, 'ign_k': 0.37408393863591893, 'ign_c': 8.2140074340978, 'trop_agb_crit': 12.550686361374089, 'trop_k_veg': 0.5959170791332998, 'gdp_gamma': 0.00596294445930952, 'fuel_k': 2.605372583106148, 'fuel_half': 0.5733202705018197}. Best is trial 0 with value: -0.6086958580586874.
[I 2026-07-24 02:06:16,548] Trial 27 finished with value: 0.43988640968526593 and parameters: {'k1': 0.0014755313248057563, 'D_low': 30.178667998642588, 'k2': 0.0003634307296924785, 'D_high': 2056918.8127448685, 'fire_exp': 1.2060896214196748, 'P_half': 2.087972401032968, 'pre_dampen_half': 1.9046453393515872, 'gpp_af': 6.173565358116235, 'gpp_b': 6.426808402465482e-05, 'gpp_d': 62.941957032140735, 'ign_k': 0.045069685493614946, 'ign_c': 5.815725108720278, 'trop_agb_crit': 7.331540353660364, 'trop_k_veg': 0.6824071178954259, 'gdp_gamma': 0.007522856736400925, 'fuel_k': 0.015340300093169413, 'fuel_half': 54.47628515697092}. Best is trial 0 with value: -0.6086958580586874.
[I 2026-07-24 02:06:16,970] Trial 28 finished with value: 0.4748055277476796 and parameters: {'k1': 3.828746903266311e-05, 'D_low': 17.310914504885634, 'k2': 2.4571964883567375e-05, 'D_high': 2644472.091449185, 'fire_exp': 8.592838884359187, 'P_half': 1.3037793847976566, 'pre_dampen_half': 111.81736616306259, 'gpp_af': 1.1049447645820578, 'gpp_b': 0.0009870444869579961, 'gpp_d': 301.7373636993932, 'ign_k': 2.7472468248527124, 'ign_c': 0.4339045826673862, 'trop_agb_crit': 29.855996356778096, 'trop_k_veg': 0.5247536325060236, 'gdp_gamma': 0.0010956580708428075, 'fuel_k': 0.5770477434414156, 'fuel_half': 0.3952195655090378}. Best is trial 0 with value: -0.6086958580586874.
[I 2026-07-24 02:06:17,390] Trial 29 finished with value: 0.44044905522646394 and parameters: {'k1': 0.0011229107771182898, 'D_low': 266.1768010859009, 'k2': 0.0045908514212779075, 'D_high': 1460966.2144010474, 'fire_exp': 1.4505882244051727, 'P_half': 3.921200807506565, 'pre_dampen_half': 22.87433637690714, 'gpp_af': 0.012062517453578708, 'gpp_b': 3.1823929578769866e-05, 'gpp_d': 601.0186857319651, 'ign_k': 0.016622263361375473, 'ign_c': 12.228849957242062, 'trop_agb_crit': 7.474979866546859, 'trop_k_veg': 0.8393442839808654, 'gdp_gamma': 0.016257951533457143, 'fuel_k': 0.011153473388886104, 'fuel_half': 59.69932596167578}. Best is trial 0 with value: -0.6086958580586874.
[I 2026-07-24 02:06:17,812] Trial 30 finished with value: -0.52113321749726 and parameters: {'k1': 0.0021945158619931095, 'D_low': 52.90126396511355, 'k2': 0.013385143216371841, 'D_high': 130352.52054848187, 'fire_exp': 1.806988531796105, 'P_half': 7.374348299312221, 'pre_dampen_half': 40.60365104125126, 'gpp_af': 0.018372232659132397, 'gpp_b': 0.0001094771106100284, 'gpp_d': 523.6154683553132, 'ign_k': 0.0041065092556905065, 'ign_c': 15.492967838367846, 'trop_agb_crit': 28.876124659514822, 'trop_k_veg': 0.5354129384013243, 'gdp_gamma': 0.07869888424066604, 'fuel_k': 0.011623583540207379, 'fuel_half': 10.654643770809143}. Best is trial 0 with value: -0.6086958580586874.
[I 2026-07-24 02:06:18,245] Trial 31 finished with value: 0.43831612329207825 and parameters: {'k1': 0.0018171292808927047, 'D_low': 33.711925645667385, 'k2': 0.027535549123309678, 'D_high': 179889.5860318034, 'fire_exp': 1.0749402783265793, 'P_half': 6.823164745065925, 'pre_dampen_half': 108.51019622199945, 'gpp_af': 0.0035168132933194704, 'gpp_b': 0.000241648859934622, 'gpp_d': 516.5332638999624, 'ign_k': 0.003061932797547802, 'ign_c': 32.969094219798336, 'trop_agb_crit': 22.912414333004918, 'trop_k_veg': 1.2236504157042554, 'gdp_gamma': 0.07524090202892539, 'fuel_k': 0.011664871071833654, 'fuel_half': 21.632628733610005}. Best is trial 0 with value: -0.6086958580586874.
