[I 2026-08-06 00:05:52,731] Trial 1499 finished with values: [10.343899461026037, 10.343899461026037] and parameters: {'k1': 0.016973078532467004, 'D_low': 57.22950094567826, 'k2': 0.00038791280730284417, 'D_high': 54669.374787660905, 'fire_exp': 1.151006986743773, 'P_half': 39.03214299767183, 'pre_dampen_half': 703.6426675556048, 'gpp_af': 35.20481045526041, 'gpp_b': 0.10123867001105968, 'gpp_d': 4.5768578731086835, 'ign_k': 0.476373748459372, 'ign_c': 0.4558536260712558}.
[setup] CRUJRA climate from data/crujra/, GPP from global_baseline_modelC_inputs_1997-2016.nc ...
[setup] loading GFED5 reference from burntArea.nc ...
[setup] land cells (GFED5 burnable): 13916 / 64800 (21.5%)
[setup] GFED5 land-mean monthly frac: 0.005068
[opt] REGION=Boreal: fitting 2602 land cells only
[opt] warm-start from params.nsga2.json
[warm] Overall=0.4796  bias=0.7805 rmse=0.3403 seas=0.6447 spatial=0.2922
[opt] sampler=NSGAIISampler seed=42
[opt] running 1500 trials against GFED5 ...
  trial   20/1500  pareto_size=1  best_ilamb=0.4796  (0.3 min)
  trial   39/1500  pareto_size=1  best_ilamb=0.4796  (0.7 min)
  trial   59/1500  pareto_size=1  best_ilamb=0.5339  (1.0 min)
  trial   80/1500  pareto_size=1  best_ilamb=0.4565  (1.4 min)
  trial  101/1500  pareto_size=2  best_ilamb=0.5613  (1.7 min)
  trial  122/1500  pareto_size=2  best_ilamb=0.5613  (2.0 min)
  trial  143/1500  pareto_size=2  best_ilamb=0.5613  (2.4 min)
  trial  162/1500  pareto_size=3  best_ilamb=0.5613  (2.8 min)
  trial  180/1500  pareto_size=3  best_ilamb=0.5613  (3.1 min)
  trial  198/1500  pareto_size=1  best_ilamb=0.5828  (3.4 min)
  trial  217/1500  pareto_size=1  best_ilamb=0.5828  (3.8 min)
  trial  236/1500  pareto_size=1  best_ilamb=0.5828  (4.1 min)
  trial  254/1500  pareto_size=1  best_ilamb=0.5828  (4.5 min)
  trial  269/1500  pareto_size=1  best_ilamb=0.5828  (4.8 min)
  trial  285/1500  pareto_size=1  best_ilamb=0.5828  (5.2 min)
  trial  302/1500  pareto_size=1  best_ilamb=0.5828  (5.5 min)
  trial  318/1500  pareto_size=1  best_ilamb=0.5828  (5.8 min)
  trial  336/1500  pareto_size=1  best_ilamb=0.5828  (6.2 min)
  trial  355/1500  pareto_size=1  best_ilamb=0.5828  (6.5 min)
  trial  374/1500  pareto_size=1  best_ilamb=0.5828  (6.9 min)
  trial  392/1500  pareto_size=1  best_ilamb=0.5828  (7.2 min)
  trial  413/1500  pareto_size=1  best_ilamb=0.5828  (7.5 min)
  trial  434/1500  pareto_size=1  best_ilamb=0.5828  (7.9 min)
  trial  458/1500  pareto_size=1  best_ilamb=0.5828  (8.2 min)
  trial  481/1500  pareto_size=1  best_ilamb=0.5828  (8.6 min)
  trial  504/1500  pareto_size=1  best_ilamb=0.5828  (8.9 min)
  trial  527/1500  pareto_size=1  best_ilamb=0.5828  (9.3 min)
  trial  549/1500  pareto_size=1  best_ilamb=0.5828  (9.6 min)
  trial  571/1500  pareto_size=1  best_ilamb=0.5828  (10.0 min)
  trial  592/1500  pareto_size=1  best_ilamb=0.5828  (10.3 min)
  trial  614/1500  pareto_size=1  best_ilamb=0.5828  (10.6 min)
  trial  636/1500  pareto_size=1  best_ilamb=0.5828  (11.0 min)
  trial  657/1500  pareto_size=1  best_ilamb=0.5828  (11.3 min)
  trial  678/1500  pareto_size=1  best_ilamb=0.5828  (11.7 min)
  trial  699/1500  pareto_size=1  best_ilamb=0.5828  (12.0 min)
  trial  718/1500  pareto_size=1  best_ilamb=0.5828  (12.4 min)
  trial  734/1500  pareto_size=1  best_ilamb=0.5828  (12.7 min)
  trial  750/1500  pareto_size=1  best_ilamb=0.5828  (13.1 min)
  trial  766/1500  pareto_size=1  best_ilamb=0.5828  (13.4 min)
  trial  781/1500  pareto_size=2  best_ilamb=0.5926  (13.8 min)
  trial  794/1500  pareto_size=2  best_ilamb=0.5926  (14.1 min)
  trial  816/1500  pareto_size=2  best_ilamb=0.5926  (14.5 min)
  trial  838/1500  pareto_size=2  best_ilamb=0.5926  (14.8 min)
  trial  860/1500  pareto_size=2  best_ilamb=0.5926  (15.2 min)
  trial  882/1500  pareto_size=2  best_ilamb=0.5926  (15.5 min)
  trial  904/1500  pareto_size=2  best_ilamb=0.5926  (15.8 min)
  trial  927/1500  pareto_size=2  best_ilamb=0.5926  (16.2 min)
  trial  950/1500  pareto_size=2  best_ilamb=0.5926  (16.5 min)
  trial  967/1500  pareto_size=2  best_ilamb=0.5926  (16.9 min)
  trial  978/1500  pareto_size=2  best_ilamb=0.5926  (17.2 min)
  trial  989/1500  pareto_size=2  best_ilamb=0.5926  (17.6 min)
  trial 1000/1500  pareto_size=2  best_ilamb=0.5926  (17.9 min)
  trial 1012/1500  pareto_size=2  best_ilamb=0.5926  (18.3 min)
  trial 1031/1500  pareto_size=2  best_ilamb=0.5926  (18.6 min)
  trial 1050/1500  pareto_size=2  best_ilamb=0.5926  (19.0 min)
  trial 1069/1500  pareto_size=2  best_ilamb=0.5926  (19.3 min)
  trial 1088/1500  pareto_size=2  best_ilamb=0.5926  (19.7 min)
  trial 1107/1500  pareto_size=2  best_ilamb=0.5926  (20.0 min)
  trial 1127/1500  pareto_size=2  best_ilamb=0.5926  (20.4 min)
  trial 1145/1500  pareto_size=2  best_ilamb=0.5926  (20.8 min)
  trial 1164/1500  pareto_size=2  best_ilamb=0.5926  (21.1 min)
  trial 1183/1500  pareto_size=3  best_ilamb=0.5926  (21.5 min)
  trial 1203/1500  pareto_size=3  best_ilamb=0.5926  (21.8 min)
  trial 1221/1500  pareto_size=4  best_ilamb=0.5926  (22.2 min)
  trial 1238/1500  pareto_size=4  best_ilamb=0.5926  (22.5 min)
  trial 1258/1500  pareto_size=5  best_ilamb=0.5926  (22.9 min)
  trial 1278/1500  pareto_size=5  best_ilamb=0.5926  (23.2 min)
  trial 1298/1500  pareto_size=6  best_ilamb=0.5926  (23.6 min)
  trial 1316/1500  pareto_size=7  best_ilamb=0.5974  (23.9 min)
  trial 1335/1500  pareto_size=7  best_ilamb=0.5974  (24.3 min)
  trial 1355/1500  pareto_size=8  best_ilamb=0.5974  (24.6 min)
  trial 1376/1500  pareto_size=9  best_ilamb=0.5974  (25.0 min)
  trial 1396/1500  pareto_size=10  best_ilamb=0.5974  (25.3 min)
  trial 1417/1500  pareto_size=10  best_ilamb=0.5974  (25.7 min)
  trial 1438/1500  pareto_size=10  best_ilamb=0.5974  (26.0 min)
  trial 1459/1500  pareto_size=10  best_ilamb=0.5974  (26.4 min)
  trial 1481/1500  pareto_size=11  best_ilamb=0.5974  (26.7 min)

[done] 1500 trials in 27.0 min
[pareto] 11 non-dominated trials, 11 with fp_score >= 0.8
[chosen] trial 1298: ILAMB=0.5974  fp_score=0.8994  ratio=1.17
[best] Bias=0.7936  RMSE=0.3571  Seas=0.8033  Spatial=0.6757  Overall=0.5974
[diag] raw rate land-mean (yr^-1): 0.08498  (target ~ 0.06082)
[write] D:\FIRE_OFFLINE\models\C\params.G_Boreal.json
[write] D:\FIRE_OFFLINE\ilamb\MODELS\ED-ModelC-final\burntArea.G_Boreal.nc  (14.7 MB)

[FIX2] dumping top-5 Pareto candidates -> D:\FIRE_OFFLINE\ilamb\MODELS_TOPK_G_Boreal
  k1: trial 1298  internal_overall=0.5974  taylor=0.0000  sigma=0.000  fp=0.899  ratio=1.17  amp=1.00
  k2: trial 767  internal_overall=0.5926  taylor=0.0000  sigma=0.000  fp=0.914  ratio=1.03  amp=1.00
  k3: trial 1180  internal_overall=0.5921  taylor=0.0000  sigma=0.000  fp=0.919  ratio=1.00  amp=1.00
  k4: trial 1462  internal_overall=0.5899  taylor=0.0000  sigma=0.000  fp=0.927  ratio=0.94  amp=1.00
  k5: trial 1345  internal_overall=0.5864  taylor=0.0000  sigma=0.000  fp=0.932  ratio=1.28  amp=1.00
[FIX2] manifest -> D:\FIRE_OFFLINE\models\C\topk.G_Boreal.json
[FIX2] re-score all candidates with official ILAMB (CLAUDE.md recipe; clean ._* first), e.g. --model_root "$PWD/ilamb/MODELS_TOPK_G_Boreal"
[FIX2] promote the candidate with the best OFFICIAL Overall, NOT the internal one.
=== done Boreal  00:06:12 ===
=== Model G: fitting S.America  (tag=G_SAmerica, N_TRIALS=1500)  00:06:12 ===
[I 2026-08-06 00:06:24,968] A new study created in memory with name: no-name-aedf4b05-3322-490c-b2de-eb86f6e22e6c
[I 2026-08-06 00:06:25,937] Trial 0 finished with values: [12.64495004833324, 12.64495004833324] and parameters: {'k1': 0.03635503353478365, 'D_low': 70.18267183720735, 'k2': 0.012758211164590085, 'D_high': 2940.51756322311, 'fire_exp': 1.165368636520435, 'P_half': 12.808863354047988, 'pre_dampen_half': 107.40052367919465, 'gpp_af': 0.1476584299248268, 'gpp_b': 0.0005752434266899163, 'gpp_d': 660.9129108295722, 'ign_k': 8.708806168038567, 'ign_c': 20.03995359361212}.
[I 2026-08-06 00:06:26,901] Trial 1 finished with values: [10.768169551287771, 10.768169551287771] and parameters: {'k1': 0.00031489116479568613, 'D_low': 6351.221010640702, 'k2': 0.008471801418819975, 'D_high': 2481.0409748678126, 'fire_exp': 1.4322493718230251, 'P_half': 4.2070539502879365, 'pre_dampen_half': 0.0195172246414495, 'gpp_af': 21.42302175774105, 'gpp_b': 0.040428727350273294, 'gpp_d': 34.70266988650411, 'ign_k': 0.0012087541473056963, 'ign_c': 757.9479953347999}.
[I 2026-08-06 00:06:27,865] Trial 2 finished with values: [10.767826270695032, 10.767826270695032] and parameters: {'k1': 0.021368329072358756, 'D_low': 7.068974950624602, 'k2': 5.3370327626039544e-05, 'D_high': 54.1524411940254, 'fire_exp': 2.0148477884158655, 'P_half': 125.61043700013555, 'pre_dampen_half': 1.4445251022763053, 'gpp_af': 0.028585493941961918, 'gpp_b': 0.046894009635376835, 'gpp_d': 0.04982752357076448, 'ign_k': 0.01474275315991467, 'ign_c': 2.92043384718141}.
[I 2026-08-06 00:06:28,814] Trial 3 finished with values: [10.769230768877819, 10.769230768877819] and parameters: {'k1': 0.0006672367170464204, 'D_low': 1382.6232179369867, 'k2': 6.290644294586152e-05, 'D_high': 1140.0863701127325, 'fire_exp': 3.9121416285496955, 'P_half': 1.533916259116362, 'pre_dampen_half': 10.90747583515769, 'gpp_af': 0.007122305833333868, 'gpp_b': 2.4564592152507503e-05, 'gpp_d': 555.1721685244722, 'ign_k': 7.2866537374910445, 'ign_c': 171.23375973163948}.
[I 2026-08-06 00:06:29,749] Trial 4 finished with values: [10.766963408537489, 10.766963408537489] and parameters: {'k1': 0.00016536937182824412, 'D_low': 2.458603276328005, 'k2': 0.005456725485601475, 'D_high': 576.2487216478603, 'fire_exp': 1.324458134009935, 'P_half': 95.65499215943822, 'pre_dampen_half': 0.014857392806279237, 'gpp_af': 35.20481045526041, 'gpp_b': 0.0003570095960030948, 'gpp_d': 20.54051942538844, 'ign_k': 0.017654048052495083, 'ign_c': 12.03017887115466}.
[I 2026-08-06 00:06:30,699] Trial 5 finished with values: [10.769230768877819, 10.769230768877819] and parameters: {'k1': 0.0015375920235481753, 'D_low': 5.488047000766042, 'k2': 0.07556810141274425, 'D_high': 12604.664585649456, 'fire_exp': 8.699593128513321, 'P_half': 3795.8531426706395, 'pre_dampen_half': 9.761125443110442, 'gpp_af': 40.679084943595456, 'gpp_b': 3.395900933162749e-05, 'gpp_d': 0.09548041810464164, 'ign_k': 0.0015167330688076208, 'ign_c': 2.001342062287997}.
[I 2026-08-06 00:06:31,680] Trial 6 finished with values: [10.766486867876727, 10.766486867876727] and parameters: {'k1': 0.00035868164986275477, 'D_low': 12.172958098369968, 'k2': 0.02065142557895925, 'D_high': 267.3088310781672, 'fire_exp': 1.9095652801045373, 'P_half': 148.17820606039086, 'pre_dampen_half': 0.050654860639753524, 'gpp_af': 10.25616274847308, 'gpp_b': 2.800940363375676e-05, 'gpp_d': 859.8737339212263, 'ign_k': 1.2273800987852967, 'ign_c': 0.6235377135673155}.
[I 2026-08-06 00:06:32,660] Trial 7 finished with values: [10.769230768877819, 10.769230768877819] and parameters: {'k1': 1.0521761868451132e-05, 'D_low': 1827.4508859816024, 'k2': 0.00672093005015611, 'D_high': 8241.92526487646, 'fire_exp': 5.905685925060636, 'P_half': 1.9777828512462716, 'pre_dampen_half': 0.6199100007802261, 'gpp_af': 0.0037961668958008117, 'gpp_b': 1.5087613675681661, 'gpp_d': 13.076473382928533, 'ign_k': 0.021066486017042207, 'ign_c': 0.17956984225677627}.
[I 2026-08-06 00:06:33,672] Trial 8 finished with values: [10.769209002471245, 10.769209002471245] and parameters: {'k1': 0.00017535949529764417, 'D_low': 19.986340778528874, 'k2': 0.008287522363768155, 'D_high': 3550.0125258511603, 'fire_exp': 7.712811947156349, 'P_half': 77.42116473996248, 'pre_dampen_half': 0.039625178325723404, 'gpp_af': 3.6831884165358977, 'gpp_b': 0.36703737625293875, 'gpp_d': 6.403036652671167, 'ign_k': 1.2130221181165162, 'ign_c': 9.444574254983557}.
[I 2026-08-06 00:06:34,637] Trial 9 finished with values: [10.769203440632117, 10.769203440632117] and parameters: {'k1': 0.0012329098365270509, 'D_low': 51.30551760589834, 'k2': 1.263794633808287e-05, 'D_high': 27.012557725439073, 'fire_exp': 1.075051292556307, 'P_half': 351.2704726270846, 'pre_dampen_half': 0.37306104754535907, 'gpp_af': 0.34902252478382495, 'gpp_b': 2.788681037423117, 'gpp_d': 0.17638479543546878, 'ign_k': 0.04380580767905655, 'ign_c': 105.24574681335613}.
[I 2026-08-06 00:06:35,619] Trial 10 finished with values: [10.769230768877819, 10.769230768877819] and parameters: {'k1': 8.226074946221034e-05, 'D_low': 2.0319809838424976, 'k2': 0.00014421346497969477, 'D_high': 44.1453687649448, 'fire_exp': 8.505456981059524, 'P_half': 1707.9750342958232, 'pre_dampen_half': 14.689898077648792, 'gpp_af': 22.766850248686247, 'gpp_b': 0.6637926838138378, 'gpp_d': 0.08567424667875059, 'ign_k': 3.7173717478250508, 'ign_c': 14.367095138664217}.
[I 2026-08-06 00:06:36,663] Trial 11 finished with values: [10.751450187076983, 10.751450187076983] and parameters: {'k1': 0.016973078532467004, 'D_low': 3840.3004190988563, 'k2': 0.0001870742013766025, 'D_high': 27.55546207779663, 'fire_exp': 1.6901885781909627, 'P_half': 51.10120656497163, 'pre_dampen_half': 123.04779330083686, 'gpp_af': 20.12115544906385, 'gpp_b': 1.1008110571039521e-05, 'gpp_d': 3.57879245350232, 'ign_k': 0.0467351899956275, 'ign_c': 0.773448215664679}.
[I 2026-08-06 00:06:37,692] Trial 12 finished with values: [10.769230768877819, 10.769230768877819] and parameters: {'k1': 3.0162092627967762e-05, 'D_low': 22.41097161910951, 'k2': 0.059106986190885426, 'D_high': 196.25093208439853, 'fire_exp': 3.302103045515253, 'P_half': 648.7477066058678, 'pre_dampen_half': 0.6578820119123174, 'gpp_af': 72.26207258080494, 'gpp_b': 5.952285716284423, 'gpp_d': 0.18151456496577564, 'ign_k': 0.09749762207436122, 'ign_c': 1.597766235483386}.
[I 2026-08-06 00:06:38,656] Trial 13 finished with values: [14.222939695554611, 14.222939695554611] and parameters: {'k1': 0.00013783578294796384, 'D_low': 1.4045842344024697, 'k2': 0.0027431991397796683, 'D_high': 1024.9816559563214, 'fire_exp': 1.1258453832483524, 'P_half': 13.019246714361572, 'pre_dampen_half': 347.79988160923324, 'gpp_af': 0.015769192447197523, 'gpp_b': 7.402343469704428e-05, 'gpp_d': 2.8006820077310213, 'ign_k': 8.761971101023693, 'ign_c': 0.9294394155644988}.
[I 2026-08-06 00:06:39,606] Trial 14 finished with values: [10.752884748503874, 10.752884748503874] and parameters: {'k1': 0.00488137519160367, 'D_low': 1112.9571947046009, 'k2': 8.923807143379776e-05, 'D_high': 8182.111518618414, 'fire_exp': 2.332293128354265, 'P_half': 338.23872019362165, 'pre_dampen_half': 14.711215379121963, 'gpp_af': 0.47739011308437823, 'gpp_b': 3.481277316673104e-05, 'gpp_d': 150.14555442537656, 'ign_k': 0.019192001101561888, 'ign_c': 0.557280750002996}.
[I 2026-08-06 00:06:40,586] Trial 15 finished with values: [10.769229950140227, 10.769229950140227] and parameters: {'k1': 1.4557961490251982e-05, 'D_low': 230.97861492693565, 'k2': 0.0051316549551483235, 'D_high': 11.650681118986137, 'fire_exp': 3.251569628166816, 'P_half': 8.053471030316096, 'pre_dampen_half': 16.821470258034143, 'gpp_af': 0.007444441903453077, 'gpp_b': 0.1398383943321133, 'gpp_d': 0.8583743499363278, 'ign_k': 5.583672722754823, 'ign_c': 0.3548818403010947}.
[I 2026-08-06 00:06:41,535] Trial 16 finished with values: [10.756621234429764, 10.756621234429764] and parameters: {'k1': 0.00023134781612225627, 'D_low': 2.843767489444367, 'k2': 0.0499774937030317, 'D_high': 32311.521854410956, 'fire_exp': 1.811096651915224, 'P_half': 436.4516946807792, 'pre_dampen_half': 121.93011993958949, 'gpp_af': 0.5970408652384318, 'gpp_b': 0.015062722325200045, 'gpp_d': 0.1619054449471649, 'ign_k': 0.002357279455676982, 'ign_c': 388.02797007866826}.
[I 2026-08-06 00:06:42,550] Trial 17 finished with values: [10.769230768877819, 10.769230768877819] and parameters: {'k1': 0.039964301676942524, 'D_low': 340.7264348530191, 'k2': 0.00022704877557909215, 'D_high': 249.36660834465195, 'fire_exp': 5.3205395870154035, 'P_half': 3876.511170911631, 'pre_dampen_half': 272.54117335304034, 'gpp_af': 7.9319091138570625, 'gpp_b': 0.07115245297181685, 'gpp_d': 0.026345098397336078, 'ign_k': 0.004431133722857619, 'ign_c': 392.8409513479224}.
[I 2026-08-06 00:06:43,562] Trial 18 finished with values: [10.683477026738547, 10.683477026738547] and parameters: {'k1': 0.0026651167490553537, 'D_low': 1.0883991813938128, 'k2': 2.5461628161276896e-05, 'D_high': 4508.240502480678, 'fire_exp': 1.0117229084672894, 'P_half': 4.397766894483963, 'pre_dampen_half': 5.542030950268268, 'gpp_af': 2.8805537835688413, 'gpp_b': 0.08161454372835547, 'gpp_d': 0.13223503889537183, 'ign_k': 0.7058572590901792, 'ign_c': 0.8891936446296247}.
[I 2026-08-06 00:06:44,543] Trial 19 finished with values: [10.768582771540096, 10.768582771540096] and parameters: {'k1': 0.0002002621122934531, 'D_low': 968.2012086882471, 'k2': 0.003967633935744858, 'D_high': 24939.838794891497, 'fire_exp': 4.545826879529187, 'P_half': 187.6006822030065, 'pre_dampen_half': 0.029401794589686385, 'gpp_af': 0.06895710419314548, 'gpp_b': 0.0003901343643245447, 'gpp_d': 0.16593890383815796, 'ign_k': 7.799059237255681, 'ign_c': 3.735862630812751}.
[I 2026-08-06 00:06:45,541] Trial 20 finished with values: [10.769046551775489, 10.769046551775489] and parameters: {'k1': 0.03699867920489089, 'D_low': 334.62201030483817, 'k2': 0.015109330261674455, 'D_high': 1024.5858939867323, 'fire_exp': 3.7748863822506733, 'P_half': 93.34064019986363, 'pre_dampen_half': 0.09467055845337147, 'gpp_af': 4.095062894476692, 'gpp_b': 0.0004837646996135023, 'gpp_d': 0.013230608911548413, 'ign_k': 0.3818468247973969, 'ign_c': 0.5110256715654393}.
[I 2026-08-06 00:06:46,552] Trial 21 finished with values: [10.769230768877819, 10.769230768877819] and parameters: {'k1': 0.05778755734457457, 'D_low': 6542.056762893129, 'k2': 0.04565176372646328, 'D_high': 302.4369161272648, 'fire_exp': 1.0362310858538248, 'P_half': 5167.425813322413, 'pre_dampen_half': 1.3833139021965035, 'gpp_af': 68.11991466118579, 'gpp_b': 6.049505313715197, 'gpp_d': 184.0972398983907, 'ign_k': 0.015058980408366392, 'ign_c': 3.470490935437501}.
[I 2026-08-06 00:06:47,630] Trial 22 finished with values: [10.769230768877819, 10.769230768877819] and parameters: {'k1': 0.025383218374507292, 'D_low': 18.522006003174383, 'k2': 4.763991596630584e-05, 'D_high': 1687.3495104568947, 'fire_exp': 8.63286151453424, 'P_half': 608.3019192425825, 'pre_dampen_half': 7.084445284509009, 'gpp_af': 0.0030611349005284453, 'gpp_b': 0.04898277215907763, 'gpp_d': 891.8036602897795, 'ign_k': 0.0036335911653931643, 'ign_c': 11.83909783475769}.
[I 2026-08-06 00:06:48,610] Trial 23 finished with values: [10.390516980482523, 10.390516980482523] and parameters: {'k1': 0.03232155805617897, 'D_low': 918.4900818511542, 'k2': 0.006138509947844854, 'D_high': 6455.595882939566, 'fire_exp': 2.2881850891698634, 'P_half': 14.94057723907974, 'pre_dampen_half': 111.37963167994629, 'gpp_af': 11.234842109991876, 'gpp_b': 1.5938003265859821, 'gpp_d': 368.30088529547436, 'ign_k': 0.11101191524846071, 'ign_c': 10.140635645866492}.
[I 2026-08-06 00:06:49,636] Trial 24 finished with values: [10.769230768877819, 10.769230768877819] and parameters: {'k1': 0.015602015889668856, 'D_low': 397.9749374103113, 'k2': 0.006424916813668931, 'D_high': 15246.518242848602, 'fire_exp': 7.762566645187935, 'P_half': 22.4895428439145, 'pre_dampen_half': 0.7549440440422736, 'gpp_af': 0.002950595659493296, 'gpp_b': 0.029490412408101685, 'gpp_d': 0.015125556736397565, 'ign_k': 0.0728437126516689, 'ign_c': 14.810800730363484}.
[I 2026-08-06 00:06:50,696] Trial 25 finished with values: [10.769230768877819, 10.769230768877819] and parameters: {'k1': 0.00014001191914113747, 'D_low': 230.8516815110801, 'k2': 1.3243445838637965e-05, 'D_high': 14.10563867753527, 'fire_exp': 6.64661557126371, 'P_half': 27.59069025439785, 'pre_dampen_half': 0.043181981126981975, 'gpp_af': 0.4085228003668622, 'gpp_b': 0.4168322557207811, 'gpp_d': 0.11997897226934479, 'ign_k': 0.31014294272127446, 'ign_c': 0.21947742689197342}.
[I 2026-08-06 00:06:51,693] Trial 26 finished with values: [10.769230768877819, 10.769230768877819] and parameters: {'k1': 1.6096330648219375e-05, 'D_low': 133.4807155996069, 'k2': 0.0014539199187561544, 'D_high': 3545.843846227985, 'fire_exp': 5.322201753534139, 'P_half': 8005.866020696464, 'pre_dampen_half': 3.815063241036454, 'gpp_af': 0.041189105896489775, 'gpp_b': 0.5903603324157484, 'gpp_d': 0.22602748689012583, 'ign_k': 0.057001421052469435, 'ign_c': 0.2059802236544963}.
[I 2026-08-06 00:06:52,721] Trial 27 finished with values: [10.765921174981163, 10.765921174981163] and parameters: {'k1': 1.2629989039319992e-05, 'D_low': 7089.141723796886, 'k2': 0.02207600491318518, 'D_high': 6079.905434073399, 'fire_exp': 2.5642061910321017, 'P_half': 4.933751600448339, 'pre_dampen_half': 0.06055990892372905, 'gpp_af': 0.017832592720985762, 'gpp_b': 0.01974058362112495, 'gpp_d': 37.40930273158252, 'ign_k': 0.43731009905162666, 'ign_c': 1.317454386434276}.
[I 2026-08-06 00:06:53,702] Trial 28 finished with values: [10.76771338839879, 10.76771338839879] and parameters: {'k1': 0.06598741607403362, 'D_low': 894.5150807271528, 'k2': 0.0016497426799845453, 'D_high': 2798.2272717049286, 'fire_exp': 2.627846918579106, 'P_half': 9.793184984206247, 'pre_dampen_half': 0.6023700815747873, 'gpp_af': 6.155035361040188, 'gpp_b': 1.220003093173824e-05, 'gpp_d': 0.03805074835058821, 'ign_k': 0.0015276032303600073, 'ign_c': 0.14551749476072262}.
[I 2026-08-06 00:06:54,682] Trial 29 finished with values: [10.768626157726747, 10.768626157726747] and parameters: {'k1': 0.02641449645424223, 'D_low': 652.5765108342365, 'k2': 0.0007883068789768041, 'D_high': 24.622754931226588, 'fire_exp': 3.1018148805490564, 'P_half': 78.32259769732477, 'pre_dampen_half': 0.07345296810407675, 'gpp_af': 0.14765842992482675, 'gpp_b': 0.0024605285374226047, 'gpp_d': 12.00191344086031, 'ign_k': 0.34703605955441524, 'ign_c': 0.15178052094448868}.
