[I 2026-06-08 12:20:20,146] Trial 587 finished with values: [10.151567618331288, 10.151567618331288] and parameters: {'k1': 0.037704815040649445, 'D_low': 38.82837025280678, 'k2': 0.012758211164590085, 'D_high': 3712.591045287726, 'fire_exp': 1.3170256885255098, 'P_half': 220.3445560633069, 'pre_dampen_half': 107.40052367919465, 'gpp_af': 1.921689966904808, 'gpp_b': 0.0005752434266899163, 'gpp_d': 10.369565216756202, 'ign_k': 0.0680787482656459, 'ign_c': 0.70689749506246, 'trop_agb_crit': 3.2954785755570537, 'trop_k_veg': 1.4584243470991722}.
[I 2026-06-08 12:20:21,251] Trial 588 finished with values: [10.117918312617018, 10.117918312617018] and parameters: {'k1': 0.0001998758192761449, 'D_low': 355.00125258511594, 'k2': 0.0012040762895973265, 'D_high': 42210.21267871043, 'fire_exp': 1.3170256885255098, 'P_half': 220.3445560633069, 'pre_dampen_half': 63.6685916079943, 'gpp_af': 7.368271642921844, 'gpp_b': 1.319554058182653e-05, 'gpp_d': 150.14555442537656, 'ign_k': 0.0315101491238403, 'ign_c': 5.13055176058983, 'trop_agb_crit': 1.14876138417489, 'trop_k_veg': 2.520089655463604}.
[I 2026-06-08 12:20:22,357] Trial 589 finished with values: [10.456856484176889, 10.456856484176889] and parameters: {'k1': 0.004312951023617458, 'D_low': 4.484744524732794, 'k2': 0.08924795116437424, 'D_high': 42210.21267871043, 'fire_exp': 1.3170256885255098, 'P_half': 3.3380638755873893, 'pre_dampen_half': 63.6685916079943, 'gpp_af': 6.155035361040188, 'gpp_b': 0.0021331409710300844, 'gpp_d': 10.369565216756202, 'ign_k': 0.0680787482656459, 'ign_c': 5.13055176058983, 'trop_agb_crit': 24.584290528289387, 'trop_k_veg': 2.520089655463604}.
[I 2026-06-08 12:20:23,543] Trial 590 finished with values: [10.892847664609642, 10.892847664609642] and parameters: {'k1': 0.008471801418819975, 'D_low': 70.18267183720735, 'k2': 1.1065812688893481e-05, 'D_high': 2940.51756322311, 'fire_exp': 9.328698242431635, 'P_half': 56.22114524476698, 'pre_dampen_half': 10.129197956845726, 'gpp_af': 0.1476584299248268, 'gpp_b': 0.0021331409710300844, 'gpp_d': 84.31013932082456, 'ign_k': 0.0680787482656459, 'ign_c': 6.533684593224968, 'trop_agb_crit': 24.584290528289387, 'trop_k_veg': 0.83140195149031}.
[I 2026-06-08 12:20:24,653] Trial 591 finished with values: [10.58656948107791, 10.58656948107791] and parameters: {'k1': 0.004312951023617458, 'D_low': 4.484744524732794, 'k2': 8.923807143379776e-05, 'D_high': 61536.58035691648, 'fire_exp': 1.1430983876313219, 'P_half': 220.3445560633069, 'pre_dampen_half': 719.4083432823455, 'gpp_af': 0.7539992074650279, 'gpp_b': 0.0054502936945582505, 'gpp_d': 10.369565216756202, 'ign_k': 0.0020161527752598613, 'ign_c': 1.2389052918551067, 'trop_agb_crit': 24.584290528289387, 'trop_k_veg': 1.4584243470991722}.
[I 2026-06-08 12:20:25,847] Trial 592 finished with values: [10.404038192325853, 10.404038192325853] and parameters: {'k1': 0.004312951023617458, 'D_low': 4.484744524732794, 'k2': 8.923807143379776e-05, 'D_high': 3712.591045287726, 'fire_exp': 1.3170256885255098, 'P_half': 220.3445560633069, 'pre_dampen_half': 502.5175192217655, 'gpp_af': 0.015144408538724483, 'gpp_b': 0.0021331409710300844, 'gpp_d': 5.1715677287580455, 'ign_k': 0.0019678273362633988, 'ign_c': 0.70689749506246, 'trop_agb_crit': 24.584290528289387, 'trop_k_veg': 1.4584243470991722}.
[I 2026-06-08 12:20:27,061] Trial 593 finished with values: [10.099311257614925, 10.099311257614925] and parameters: {'k1': 0.004312951023617458, 'D_low': 64.39790863101601, 'k2': 0.012758211164590085, 'D_high': 2940.51756322311, 'fire_exp': 1.3170256885255098, 'P_half': 220.3445560633069, 'pre_dampen_half': 107.40052367919465, 'gpp_af': 0.7539992074650279, 'gpp_b': 0.0021331409710300844, 'gpp_d': 16.460426816350523, 'ign_k': 0.010167079878196114, 'ign_c': 15.221840161091626, 'trop_agb_crit': 24.584290528289387, 'trop_k_veg': 1.4584243470991722}.
[I 2026-06-08 12:20:28,452] Trial 594 finished with values: [10.300404796181658, 10.300404796181658] and parameters: {'k1': 0.008471801418819975, 'D_low': 4.775640431359602, 'k2': 0.012758211164590085, 'D_high': 42210.21267871043, 'fire_exp': 3.3095881169246266, 'P_half': 4.213183643253957, 'pre_dampen_half': 63.6685916079943, 'gpp_af': 0.1476584299248268, 'gpp_b': 1.3289448722869181e-05, 'gpp_d': 2.944272359149677, 'ign_k': 0.0680787482656459, 'ign_c': 5.13055176058983, 'trop_agb_crit': 3.5747129226002423, 'trop_k_veg': 0.83140195149031}.
[I 2026-06-08 12:20:29,571] Trial 595 finished with values: [10.82228970613747, 10.82228970613747] and parameters: {'k1': 0.03635503353478365, 'D_low': 4.484744524732794, 'k2': 0.0002228500345352386, 'D_high': 3712.591045287726, 'fire_exp': 1.165368636520435, 'P_half': 220.3445560633069, 'pre_dampen_half': 502.5175192217655, 'gpp_af': 0.7539992074650279, 'gpp_b': 0.0021331409710300844, 'gpp_d': 5.1715677287580455, 'ign_k': 8.708806168038567, 'ign_c': 0.70689749506246, 'trop_agb_crit': 24.584290528289387, 'trop_k_veg': 1.4584243470991722}.
[I 2026-06-08 12:20:30,731] Trial 596 finished with values: [10.787900900944777, 10.787900900944777] and parameters: {'k1': 0.00031134168041628584, 'D_low': 2067.91871434888, 'k2': 1.1065812688893481e-05, 'D_high': 3712.591045287726, 'fire_exp': 1.0601964743503993, 'P_half': 4.213183643253957, 'pre_dampen_half': 1.4270448359329697, 'gpp_af': 0.7539992074650279, 'gpp_b': 0.0021331409710300844, 'gpp_d': 16.460426816350523, 'ign_k': 8.708806168038567, 'ign_c': 20.03995359361212, 'trop_agb_crit': 24.584290528289387, 'trop_k_veg': 1.4584243470991722}.
[I 2026-06-08 12:20:31,845] Trial 597 finished with values: [10.00938407730552, 10.00938407730552] and parameters: {'k1': 0.03635503353478365, 'D_low': 355.00125258511594, 'k2': 1.1065812688893481e-05, 'D_high': 42210.21267871043, 'fire_exp': 1.165368636520435, 'P_half': 12.808863354047988, 'pre_dampen_half': 241.69519319206728, 'gpp_af': 1.965797948502807, 'gpp_b': 1.4540386644083135e-05, 'gpp_d': 5.1715677287580455, 'ign_k': 0.010939944910100021, 'ign_c': 30.28574109895626, 'trop_agb_crit': 25.382873076016292, 'trop_k_veg': 2.573214588078609}.
[I 2026-06-08 12:20:33,047] Trial 598 finished with values: [10.157399207217384, 10.157399207217384] and parameters: {'k1': 0.01889771394135163, 'D_low': 1.3577269394141454, 'k2': 0.0012040762895973265, 'D_high': 3712.591045287726, 'fire_exp': 1.165368636520435, 'P_half': 4.213183643253957, 'pre_dampen_half': 107.40052367919465, 'gpp_af': 0.10409127568994281, 'gpp_b': 0.0054502936945582505, 'gpp_d': 84.31013932082456, 'ign_k': 8.708806168038567, 'ign_c': 20.03995359361212, 'trop_agb_crit': 24.584290528289387, 'trop_k_veg': 2.194427136482602}.
[I 2026-06-08 12:20:34,276] Trial 599 finished with values: [10.402585132014131, 10.402585132014131] and parameters: {'k1': 0.004312951023617458, 'D_low': 64.39790863101601, 'k2': 0.012758211164590085, 'D_high': 3712.591045287726, 'fire_exp': 1.0629462657398439, 'P_half': 220.3445560633069, 'pre_dampen_half': 502.5175192217655, 'gpp_af': 0.7539992074650279, 'gpp_b': 0.0021331409710300844, 'gpp_d': 16.460426816350523, 'ign_k': 0.0680787482656459, 'ign_c': 20.03995359361212, 'trop_agb_crit': 24.584290528289387, 'trop_k_veg': 6.9782110227926815}.
[I 2026-06-08 12:20:35,455] Trial 600 finished with values: [-0.5288365007449778, 0.184686151249854] and parameters: {'k1': 0.008287522363768155, 'D_low': 355.00125258511594, 'k2': 0.0012040762895973265, 'D_high': 42210.21267871043, 'fire_exp': 1.3170256885255098, 'P_half': 4.213183643253957, 'pre_dampen_half': 63.6685916079943, 'gpp_af': 0.2204465010099918, 'gpp_b': 0.0021331409710300844, 'gpp_d': 14.792055086678463, 'ign_k': 0.0680787482656459, 'ign_c': 5.13055176058983, 'trop_agb_crit': 24.584290528289387, 'trop_k_veg': 2.520089655463604}.
[I 2026-06-08 12:20:36,554] Trial 601 finished with values: [10.324402801320916, 10.324402801320916] and parameters: {'k1': 0.004312951023617458, 'D_low': 4.484744524732794, 'k2': 0.012758211164590085, 'D_high': 3712.591045287726, 'fire_exp': 1.1430983876313219, 'P_half': 220.3445560633069, 'pre_dampen_half': 10.129197956845726, 'gpp_af': 0.7539992074650279, 'gpp_b': 0.0021331409710300844, 'gpp_d': 16.460426816350523, 'ign_k': 8.708806168038567, 'ign_c': 15.221840161091626, 'trop_agb_crit': 24.584290528289387, 'trop_k_veg': 6.2065960186008615}.
[I 2026-06-08 12:20:37,677] Trial 602 finished with values: [10.35996365280548, 10.35996365280548] and parameters: {'k1': 9.882278532808775e-05, 'D_low': 355.00125258511594, 'k2': 1.1065812688893481e-05, 'D_high': 3712.591045287726, 'fire_exp': 1.0601964743503993, 'P_half': 93.43302657318476, 'pre_dampen_half': 502.5175192217655, 'gpp_af': 0.7539992074650279, 'gpp_b': 1.3289448722869181e-05, 'gpp_d': 16.460426816350523, 'ign_k': 0.5524095129928631, 'ign_c': 5.13055176058983, 'trop_agb_crit': 7.500118950416987, 'trop_k_veg': 3.869465953383845}.
[I 2026-06-08 12:20:38,832] Trial 603 finished with values: [10.427019427515424, 10.427019427515424] and parameters: {'k1': 0.004312951023617458, 'D_low': 4.484744524732794, 'k2': 1.915468390724633e-05, 'D_high': 3712.591045287726, 'fire_exp': 1.0629462657398439, 'P_half': 220.3445560633069, 'pre_dampen_half': 107.40052367919465, 'gpp_af': 0.1476584299248268, 'gpp_b': 0.0005752434266899163, 'gpp_d': 10.369565216756202, 'ign_k': 0.0680787482656459, 'ign_c': 30.28574109895626, 'trop_agb_crit': 24.584290528289387, 'trop_k_veg': 3.49157152291552}.
[I 2026-06-08 12:20:39,969] Trial 604 finished with values: [-0.5808523437956369, 0.050738217742002156] and parameters: {'k1': 0.01889771394135163, 'D_low': 1.3577269394141454, 'k2': 0.0012040762895973265, 'D_high': 1493.5213816355397, 'fire_exp': 1.165368636520435, 'P_half': 4.213183643253957, 'pre_dampen_half': 107.40052367919465, 'gpp_af': 0.10409127568994281, 'gpp_b': 0.0005752434266899163, 'gpp_d': 84.31013932082456, 'ign_k': 8.708806168038567, 'ign_c': 20.03995359361212, 'trop_agb_crit': 7.500118950416987, 'trop_k_veg': 2.194427136482602}.
[I 2026-06-08 12:20:41,252] Trial 605 finished with values: [10.907899423040204, 10.907899423040204] and parameters: {'k1': 0.004312951023617458, 'D_low': 38.82837025280678, 'k2': 0.012758211164590085, 'D_high': 3712.591045287726, 'fire_exp': 1.0629462657398439, 'P_half': 93.43302657318476, 'pre_dampen_half': 241.69519319206728, 'gpp_af': 0.1476584299248268, 'gpp_b': 0.0005752434266899163, 'gpp_d': 10.369565216756202, 'ign_k': 0.0315101491238403, 'ign_c': 7.4063809263110905, 'trop_agb_crit': 24.584290528289387, 'trop_k_veg': 3.1473758868965476}.
[I 2026-06-08 12:20:42,469] Trial 606 finished with values: [10.352964173319926, 10.352964173319926] and parameters: {'k1': 0.004312951023617458, 'D_low': 64.39790863101601, 'k2': 0.012758211164590085, 'D_high': 2940.51756322311, 'fire_exp': 1.3170256885255098, 'P_half': 220.3445560633069, 'pre_dampen_half': 107.40052367919465, 'gpp_af': 0.7539992074650279, 'gpp_b': 0.050451016347432494, 'gpp_d': 16.460426816350523, 'ign_k': 0.0680787482656459, 'ign_c': 20.03995359361212, 'trop_agb_crit': 24.584290528289387, 'trop_k_veg': 1.4584243470991722}.
[I 2026-06-08 12:20:43,688] Trial 607 finished with values: [10.391467088747238, 10.391467088747238] and parameters: {'k1': 0.008471801418819975, 'D_low': 671.5971856456824, 'k2': 1.915468390724633e-05, 'D_high': 2940.51756322311, 'fire_exp': 1.1430983876313219, 'P_half': 56.22114524476698, 'pre_dampen_half': 502.5175192217655, 'gpp_af': 0.05511595477601767, 'gpp_b': 0.0021331409710300844, 'gpp_d': 10.369565216756202, 'ign_k': 8.708806168038567, 'ign_c': 0.70689749506246, 'trop_agb_crit': 18.785197416433792, 'trop_k_veg': 0.83140195149031}.
[I 2026-06-08 12:20:44,811] Trial 608 finished with values: [10.222310377830881, 10.222310377830881] and parameters: {'k1': 0.012840669372724958, 'D_low': 64.39790863101601, 'k2': 0.001462400459012571, 'D_high': 3712.591045287726, 'fire_exp': 1.3170256885255098, 'P_half': 220.3445560633069, 'pre_dampen_half': 502.5175192217655, 'gpp_af': 1.200191344086032, 'gpp_b': 0.0021331409710300844, 'gpp_d': 1.493264336549928, 'ign_k': 0.0680787482656459, 'ign_c': 15.221840161091626, 'trop_agb_crit': 1.14876138417489, 'trop_k_veg': 2.520089655463604}.
[I 2026-06-08 12:20:45,918] Trial 609 finished with values: [10.39819150201405, 10.39819150201405] and parameters: {'k1': 0.008287522363768155, 'D_low': 64.39790863101601, 'k2': 0.012758211164590085, 'D_high': 61536.58035691648, 'fire_exp': 1.1430983876313219, 'P_half': 587.6331101080223, 'pre_dampen_half': 107.40052367919465, 'gpp_af': 0.006842417023266609, 'gpp_b': 0.0054502936945582505, 'gpp_d': 10.369565216756202, 'ign_k': 0.0315101491238403, 'ign_c': 1.2389052918551067, 'trop_agb_crit': 24.584290528289387, 'trop_k_veg': 1.4584243470991722}.
[I 2026-06-08 12:20:47,055] Trial 610 finished with values: [10.7453307410034, 10.7453307410034] and parameters: {'k1': 0.01889771394135163, 'D_low': 4.484744524732794, 'k2': 1.1065812688893481e-05, 'D_high': 2940.51756322311, 'fire_exp': 1.0601964743503993, 'P_half': 5.29551022369202, 'pre_dampen_half': 502.5175192217655, 'gpp_af': 0.017199513788543352, 'gpp_b': 0.0021331409710300844, 'gpp_d': 84.31013932082456, 'ign_k': 8.708806168038567, 'ign_c': 0.21208987108343724, 'trop_agb_crit': 24.584290528289387, 'trop_k_veg': 1.4584243470991722}.
[I 2026-06-08 12:20:48,319] Trial 611 finished with values: [10.318588930530854, 10.318588930530854] and parameters: {'k1': 0.00031134168041628584, 'D_low': 34.459310919273356, 'k2': 1.915468390724633e-05, 'D_high': 3712.591045287726, 'fire_exp': 1.471022163879199, 'P_half': 220.3445560633069, 'pre_dampen_half': 502.5175192217655, 'gpp_af': 0.7539992074650279, 'gpp_b': 1.6596960546180327e-05, 'gpp_d': 16.460426816350523, 'ign_k': 2.1368329072358767, 'ign_c': 15.221840161091626, 'trop_agb_crit': 18.785197416433792, 'trop_k_veg': 1.4584243470991722}.
[I 2026-06-08 12:20:49,679] Trial 612 finished with values: [10.273639447053208, 10.273639447053208] and parameters: {'k1': 0.008287522363768155, 'D_low': 38.82837025280678, 'k2': 0.0012040762895973265, 'D_high': 42210.21267871043, 'fire_exp': 1.3170256885255098, 'P_half': 93.43302657318476, 'pre_dampen_half': 107.40052367919465, 'gpp_af': 4.808505037156752, 'gpp_b': 0.0021331409710300844, 'gpp_d': 10.369565216756202, 'ign_k': 0.0680787482656459, 'ign_c': 30.28574109895626, 'trop_agb_crit': 24.584290528289387, 'trop_k_veg': 2.520089655463604}.
[I 2026-06-08 12:20:50,856] Trial 613 finished with values: [-0.47297558782122684, 0.23379377610019458] and parameters: {'k1': 0.06598741607403362, 'D_low': 38.82837025280678, 'k2': 7.914423612155373e-05, 'D_high': 4520.829315376817, 'fire_exp': 1.0601964743503993, 'P_half': 220.3445560633069, 'pre_dampen_half': 502.5175192217655, 'gpp_af': 6.155035361040188, 'gpp_b': 0.0021331409710300844, 'gpp_d': 16.460426816350523, 'ign_k': 0.010167079878196114, 'ign_c': 0.14551749476072262, 'trop_agb_crit': 1.0903028125370984, 'trop_k_veg': 3.1473758868965476}.
[I 2026-06-08 12:20:51,978] Trial 614 finished with values: [10.082737176081954, 10.082737176081954] and parameters: {'k1': 0.005272264723319183, 'D_low': 83.62695993649682, 'k2': 0.004149969043497543, 'D_high': 3712.591045287726, 'fire_exp': 1.3170256885255098, 'P_half': 5.076307782729897, 'pre_dampen_half': 63.6685916079943, 'gpp_af': 0.7539992074650279, 'gpp_b': 0.0021331409710300844, 'gpp_d': 5.1715677287580455, 'ign_k': 0.0680787482656459, 'ign_c': 5.13055176058983, 'trop_agb_crit': 24.584290528289387, 'trop_k_veg': 2.520089655463604}.
[I 2026-06-08 12:20:53,108] Trial 615 finished with values: [10.008662317175945, 10.008662317175945] and parameters: {'k1': 0.004312951023617458, 'D_low': 4.484744524732794, 'k2': 8.923807143379776e-05, 'D_high': 3712.591045287726, 'fire_exp': 1.3170256885255098, 'P_half': 220.3445560633069, 'pre_dampen_half': 552.4163637315892, 'gpp_af': 0.7539992074650279, 'gpp_b': 3.481277316673104e-05, 'gpp_d': 5.1715677287580455, 'ign_k': 0.0680787482656459, 'ign_c': 0.70689749506246, 'trop_agb_crit': 24.584290528289387, 'trop_k_veg': 1.4584243470991722}.
[I 2026-06-08 12:20:54,281] Trial 616 finished with values: [10.023296864616675, 10.023296864616675] and parameters: {'k1': 0.008287522363768155, 'D_low': 77.31571570012609, 'k2': 0.0012040762895973265, 'D_high': 783.2259769732478, 'fire_exp': 1.0629462657398439, 'P_half': 5.232779509048979, 'pre_dampen_half': 63.6685916079943, 'gpp_af': 0.2204465010099918, 'gpp_b': 0.0021331409710300844, 'gpp_d': 14.792055086678463, 'ign_k': 0.0680787482656459, 'ign_c': 7.916322947490362, 'trop_agb_crit': 17.65802440745555, 'trop_k_veg': 1.4584243470991722}.
[I 2026-06-08 12:20:55,461] Trial 617 finished with values: [-0.5389103609794097, 0.17059940067632406] and parameters: {'k1': 0.007828534228218626, 'D_low': 4.484744524732794, 'k2': 1.1065812688893481e-05, 'D_high': 3712.591045287726, 'fire_exp': 1.0601964743503993, 'P_half': 220.3445560633069, 'pre_dampen_half': 107.40052367919465, 'gpp_af': 1.9706963379095486, 'gpp_b': 0.0021331409710300844, 'gpp_d': 106.74579222939708, 'ign_k': 0.5524095129928631, 'ign_c': 15.221840161091626, 'trop_agb_crit': 24.584290528289387, 'trop_k_veg': 1.4584243470991722}.
[I 2026-06-08 12:20:56,650] Trial 618 finished with values: [-0.5197734388481792, 0.19097438651237597] and parameters: {'k1': 0.03635503353478365, 'D_low': 38.82837025280678, 'k2': 0.0012040762895973265, 'D_high': 2940.51756322311, 'fire_exp': 1.3170256885255098, 'P_half': 220.3445560633069, 'pre_dampen_half': 107.40052367919465, 'gpp_af': 1.200191344086032, 'gpp_b': 0.0005752434266899163, 'gpp_d': 150.14555442537656, 'ign_k': 0.0315101491238403, 'ign_c': 5.13055176058983, 'trop_agb_crit': 1.14876138417489, 'trop_k_veg': 2.573214588078609}.
[I 2026-06-08 12:20:57,870] Trial 619 finished with values: [10.284105806233242, 10.284105806233242] and parameters: {'k1': 0.005272264723319183, 'D_low': 83.62695993649682, 'k2': 0.004149969043497543, 'D_high': 3712.591045287726, 'fire_exp': 1.0629462657398439, 'P_half': 5.076307782729897, 'pre_dampen_half': 63.6685916079943, 'gpp_af': 0.7539992074650279, 'gpp_b': 0.0325181766809307, 'gpp_d': 5.1715677287580455, 'ign_k': 8.926311370835233, 'ign_c': 5.13055176058983, 'trop_agb_crit': 7.499945891579917, 'trop_k_veg': 0.83140195149031}.
[I 2026-06-08 12:20:59,057] Trial 620 finished with values: [10.819079481004357, 10.819079481004357] and parameters: {'k1': 0.008471801418819975, 'D_low': 2972.248537653567, 'k2': 0.012758211164590085, 'D_high': 3712.591045287726, 'fire_exp': 1.1430983876313219, 'P_half': 220.3445560633069, 'pre_dampen_half': 552.4163637315892, 'gpp_af': 0.7539992074650279, 'gpp_b': 3.481277316673104e-05, 'gpp_d': 0.10695622106010433, 'ign_k': 8.708806168038567, 'ign_c': 0.70689749506246, 'trop_agb_crit': 24.584290528289387, 'trop_k_veg': 1.4584243470991722}.
[I 2026-06-08 12:21:00,198] Trial 621 finished with values: [10.005654911797865, 10.005654911797865] and parameters: {'k1': 0.06598741607403362, 'D_low': 4.484744524732794, 'k2': 7.914423612155373e-05, 'D_high': 4316.517111160399, 'fire_exp': 1.3170256885255098, 'P_half': 4.213183643253957, 'pre_dampen_half': 241.69519319206728, 'gpp_af': 0.7539992074650279, 'gpp_b': 1.4540386644083135e-05, 'gpp_d': 5.1715677287580455, 'ign_k': 0.002803357452303278, 'ign_c': 1.1994950112756755, 'trop_agb_crit': 1.0903028125370984, 'trop_k_veg': 3.1473758868965476}.
[I 2026-06-08 12:21:01,373] Trial 622 finished with values: [10.165834611367556, 10.165834611367556] and parameters: {'k1': 1.6917937817342654e-05, 'D_low': 77.31571570012609, 'k2': 8.923807143379776e-05, 'D_high': 42210.21267871043, 'fire_exp': 1.3170256885255098, 'P_half': 220.3445560633069, 'pre_dampen_half': 63.6685916079943, 'gpp_af': 1.200191344086032, 'gpp_b': 1.319554058182653e-05, 'gpp_d': 150.14555442537656, 'ign_k': 0.0680787482656459, 'ign_c': 5.13055176058983, 'trop_agb_crit': 1.14876138417489, 'trop_k_veg': 1.4584243470991722}.
[I 2026-06-08 12:21:02,537] Trial 623 finished with values: [10.081499603166039, 10.081499603166039] and parameters: {'k1': 0.004312951023617458, 'D_low': 64.39790863101601, 'k2': 0.012758211164590085, 'D_high': 783.2259769732478, 'fire_exp': 1.0629462657398439, 'P_half': 220.3445560633069, 'pre_dampen_half': 107.40052367919465, 'gpp_af': 0.7539992074650279, 'gpp_b': 0.015382154459808445, 'gpp_d': 10.369565216756202, 'ign_k': 0.0680787482656459, 'ign_c': 15.221840161091626, 'trop_agb_crit': 24.584290528289387, 'trop_k_veg': 1.4584243470991722}.
[I 2026-06-08 12:21:03,820] Trial 624 finished with values: [10.279945337021863, 10.279945337021863] and parameters: {'k1': 0.004312951023617458, 'D_low': 4.484744524732794, 'k2': 2.246290894032394e-05, 'D_high': 3712.591045287726, 'fire_exp': 1.3170256885255098, 'P_half': 220.3445560633069, 'pre_dampen_half': 481.9793830934018, 'gpp_af': 1.9706963379095486, 'gpp_b': 3.481277316673104e-05, 'gpp_d': 5.1715677287580455, 'ign_k': 0.0680787482656459, 'ign_c': 15.221840161091626, 'trop_agb_crit': 24.584290528289387, 'trop_k_veg': 1.4584243470991722}.
[I 2026-06-08 12:21:05,024] Trial 625 finished with values: [10.191205394876086, 10.191205394876086] and parameters: {'k1': 7.118997101275657e-05, 'D_low': 70.18267183720735, 'k2': 0.0012040762895973265, 'D_high': 61536.58035691648, 'fire_exp': 1.165368636520435, 'P_half': 12.808863354047988, 'pre_dampen_half': 107.40052367919465, 'gpp_af': 0.1476584299248268, 'gpp_b': 0.01777482313117792, 'gpp_d': 229.41380323183625, 'ign_k': 0.010939944910100021, 'ign_c': 20.03995359361212, 'trop_agb_crit': 3.5747129226002423, 'trop_k_veg': 1.4584243470991722}.
