[I 2026-08-06 10:34:14,628] Trial 1172 finished with values: [10.058579388186308, 10.058579388186308] and parameters: {'k1': 0.008912611835817005, 'D_low': 355.00125258511594, 'k2': 0.03538758864779238, 'D_high': 11832.967057468773, 'fire_exp': 1.3170256885255098, 'P_half': 5.076307782729897, 'pre_dampen_half': 502.5175192217655, 'gpp_af': 75.74758210832029, 'gpp_b': 0.006906522645653115, 'gpp_d': 4.25060659305504, 'ign_k': 0.21006485619596416, 'ign_c': 4.2425976091860935, 'trop_agb_crit': 1.0911298587990423, 'trop_k_veg': 4.375785248100498}.
[I 2026-08-06 10:34:15,722] Trial 1173 finished with values: [10.570928686492715, 10.570928686492715] and parameters: {'k1': 0.008912611835817005, 'D_low': 355.00125258511594, 'k2': 0.03538758864779238, 'D_high': 39819.19662051714, 'fire_exp': 1.3170256885255098, 'P_half': 5.076307782729897, 'pre_dampen_half': 552.4163637315892, 'gpp_af': 0.05849340411085125, 'gpp_b': 0.14577755664212386, 'gpp_d': 16.460426816350523, 'ign_k': 8.103949702339497, 'ign_c': 15.221840161091626, 'trop_agb_crit': 24.584290528289387, 'trop_k_veg': 3.1473758868965476}.
[I 2026-08-06 10:34:16,828] Trial 1174 finished with values: [-0.5617764467247303, 0.018785603780611337] and parameters: {'k1': 0.008912611835817005, 'D_low': 355.00125258511594, 'k2': 5.52207197313581e-05, 'D_high': 39819.19662051714, 'fire_exp': 1.0629462657398439, 'P_half': 5.076307782729897, 'pre_dampen_half': 552.4163637315892, 'gpp_af': 1.9706963379095486, 'gpp_b': 0.0325181766809307, 'gpp_d': 2.944272359149677, 'ign_k': 2.9818972317055166, 'ign_c': 15.221840161091626, 'trop_agb_crit': 19.3289574092866, 'trop_k_veg': 2.7863130345574474}.
[I 2026-08-06 10:34:17,905] Trial 1175 finished with values: [10.411286902922127, 10.411286902922127] and parameters: {'k1': 0.008912611835817005, 'D_low': 355.00125258511594, 'k2': 0.0003432139136241583, 'D_high': 3712.591045287726, 'fire_exp': 1.1174086754605184, 'P_half': 5.076307782729897, 'pre_dampen_half': 502.5175192217655, 'gpp_af': 0.6403036652671171, 'gpp_b': 0.0021331409710300844, 'gpp_d': 2.944272359149677, 'ign_k': 0.21006485619596416, 'ign_c': 5.13055176058983, 'trop_agb_crit': 1.0455434848969813, 'trop_k_veg': 6.645848131080878}.
[I 2026-08-06 10:34:19,008] Trial 1176 finished with values: [10.399239437780922, 10.399239437780922] and parameters: {'k1': 0.008912611835817005, 'D_low': 1112.9571947046009, 'k2': 0.003717584066880796, 'D_high': 11832.967057468773, 'fire_exp': 1.1174086754605184, 'P_half': 140.74279366401683, 'pre_dampen_half': 63.6685916079943, 'gpp_af': 0.6403036652671171, 'gpp_b': 0.006906522645653115, 'gpp_d': 4.25060659305504, 'ign_k': 0.21006485619596416, 'ign_c': 11.400863701127316, 'trop_agb_crit': 1.0455434848969813, 'trop_k_veg': 1.6076933040750887}.
[I 2026-08-06 10:34:20,113] Trial 1177 finished with values: [-0.507448095084684, 0.05438234642221418] and parameters: {'k1': 0.008912611835817005, 'D_low': 421.35422275955125, 'k2': 0.03538758864779238, 'D_high': 11936.92846763647, 'fire_exp': 1.1174086754605184, 'P_half': 140.74279366401683, 'pre_dampen_half': 63.6685916079943, 'gpp_af': 0.7539992074650279, 'gpp_b': 0.006906522645653115, 'gpp_d': 2.944272359149677, 'ign_k': 0.0018172487463735136, 'ign_c': 20.889841735420323, 'trop_agb_crit': 6.383676143682316, 'trop_k_veg': 4.375785248100498}.
[I 2026-08-06 10:34:21,230] Trial 1178 finished with values: [-0.5730580039942395, 0.0804712163573802] and parameters: {'k1': 0.008912611835817005, 'D_low': 350.5173009089482, 'k2': 0.03538758864779238, 'D_high': 11832.967057468773, 'fire_exp': 1.0629462657398439, 'P_half': 5.076307782729897, 'pre_dampen_half': 84.7731049939918, 'gpp_af': 0.7539992074650279, 'gpp_b': 5.128816316792448e-05, 'gpp_d': 16.460426816350523, 'ign_k': 0.21006485619596416, 'ign_c': 18.588694009815857, 'trop_agb_crit': 1.0455434848969813, 'trop_k_veg': 0.7621249294873298}.
[I 2026-08-06 10:34:22,733] Trial 1179 finished with values: [-0.5783623740243502, 0.07936566989880789] and parameters: {'k1': 0.008912611835817005, 'D_low': 520.4862686958022, 'k2': 0.0008941619307827924, 'D_high': 11832.967057468773, 'fire_exp': 1.0629462657398439, 'P_half': 5.076307782729897, 'pre_dampen_half': 63.6685916079943, 'gpp_af': 1.9706963379095486, 'gpp_b': 0.006906522645653115, 'gpp_d': 2.944272359149677, 'ign_k': 0.21006485619596416, 'ign_c': 5.13055176058983, 'trop_agb_crit': 24.584290528289387, 'trop_k_veg': 0.983473833513531}.
[I 2026-08-06 10:34:23,808] Trial 1180 finished with values: [10.561678053068444, 10.561678053068444] and parameters: {'k1': 0.008912611835817005, 'D_low': 355.00125258511594, 'k2': 0.0008941619307827924, 'D_high': 11832.967057468773, 'fire_exp': 1.0629462657398439, 'P_half': 140.74279366401683, 'pre_dampen_half': 552.4163637315892, 'gpp_af': 1.9706963379095486, 'gpp_b': 0.006906522645653115, 'gpp_d': 4.25060659305504, 'ign_k': 0.21006485619596416, 'ign_c': 4.2425976091860935, 'trop_agb_crit': 7.861566638880103, 'trop_k_veg': 4.167664671344212}.
[I 2026-08-06 10:34:24,901] Trial 1181 finished with values: [10.179761032977378, 10.179761032977378] and parameters: {'k1': 0.008912611835817005, 'D_low': 355.00125258511594, 'k2': 0.03538758864779238, 'D_high': 15351.441568398131, 'fire_exp': 1.1174086754605184, 'P_half': 220.3445560633069, 'pre_dampen_half': 502.5175192217655, 'gpp_af': 0.6403036652671171, 'gpp_b': 0.0021331409710300844, 'gpp_d': 1.1207905189367506, 'ign_k': 8.103949702339497, 'ign_c': 5.13055176058983, 'trop_agb_crit': 1.0903028125370984, 'trop_k_veg': 5.130890164653609}.
[I 2026-08-06 10:34:25,962] Trial 1182 finished with values: [-0.5708340440139941, 0.15080355178509264] and parameters: {'k1': 0.008912611835817005, 'D_low': 1112.9571947046009, 'k2': 8.923807143379776e-05, 'D_high': 11832.967057468773, 'fire_exp': 1.0629462657398439, 'P_half': 5.076307782729897, 'pre_dampen_half': 502.5175192217655, 'gpp_af': 24.725776073156705, 'gpp_b': 0.0021331409710300844, 'gpp_d': 2.944272359149677, 'ign_k': 0.3508854952536169, 'ign_c': 0.557280750002996, 'trop_agb_crit': 1.0455434848969813, 'trop_k_veg': 0.6673124511410327}.
[I 2026-08-06 10:34:27,054] Trial 1183 finished with values: [10.169831509879096, 10.169831509879096] and parameters: {'k1': 0.00034302976652689015, 'D_low': 520.4862686958022, 'k2': 0.0008941619307827924, 'D_high': 11832.967057468773, 'fire_exp': 1.0629462657398439, 'P_half': 220.3445560633069, 'pre_dampen_half': 552.4163637315892, 'gpp_af': 1.9706963379095486, 'gpp_b': 0.14577755664212386, 'gpp_d': 16.460426816350523, 'ign_k': 0.011486447007152062, 'ign_c': 0.70689749506246, 'trop_agb_crit': 24.584290528289387, 'trop_k_veg': 0.983473833513531}.
[I 2026-08-06 10:34:28,145] Trial 1184 finished with values: [10.04894090770995, 10.04894090770995] and parameters: {'k1': 0.008912611835817005, 'D_low': 118.47646505012496, 'k2': 8.923807143379776e-05, 'D_high': 21.947742689197344, 'fire_exp': 1.0629462657398439, 'P_half': 220.3445560633069, 'pre_dampen_half': 502.5175192217655, 'gpp_af': 24.725776073156705, 'gpp_b': 0.0021331409710300844, 'gpp_d': 16.460426816350523, 'ign_k': 2.9818972317055166, 'ign_c': 11.400863701127316, 'trop_agb_crit': 24.584290528289387, 'trop_k_veg': 0.983473833513531}.
[I 2026-08-06 10:34:29,220] Trial 1185 finished with values: [-0.5241666646292595, 0.042856041185563964] and parameters: {'k1': 0.008912611835817005, 'D_low': 4.484744524732794, 'k2': 0.0003432139136241583, 'D_high': 1938.603912550459, 'fire_exp': 1.0629462657398439, 'P_half': 224.42820887784595, 'pre_dampen_half': 552.4163637315892, 'gpp_af': 0.6403036652671171, 'gpp_b': 0.0021331409710300844, 'gpp_d': 2.944272359149677, 'ign_k': 2.9818972317055166, 'ign_c': 15.221840161091626, 'trop_agb_crit': 7.861566638880103, 'trop_k_veg': 2.194427136482602}.
[I 2026-08-06 10:34:30,345] Trial 1186 finished with values: [10.181797430245762, 10.181797430245762] and parameters: {'k1': 5.468963344385621e-05, 'D_low': 355.00125258511594, 'k2': 0.03538758864779238, 'D_high': 11832.967057468773, 'fire_exp': 1.0629462657398439, 'P_half': 140.74279366401683, 'pre_dampen_half': 502.5175192217655, 'gpp_af': 8.915632969317377, 'gpp_b': 0.006906522645653115, 'gpp_d': 2.944272359149677, 'ign_k': 0.0680787482656459, 'ign_c': 4.2425976091860935, 'trop_agb_crit': 1.0903028125370984, 'trop_k_veg': 2.7863130345574474}.
[I 2026-08-06 10:34:31,455] Trial 1187 finished with values: [10.117871001438317, 10.117871001438317] and parameters: {'k1': 0.008912611835817005, 'D_low': 4.484744524732794, 'k2': 0.0008941619307827924, 'D_high': 5670.3463356272905, 'fire_exp': 1.3170256885255098, 'P_half': 220.3445560633069, 'pre_dampen_half': 552.4163637315892, 'gpp_af': 0.7539992074650279, 'gpp_b': 0.14577755664212386, 'gpp_d': 2.944272359149677, 'ign_k': 2.9818972317055166, 'ign_c': 15.221840161091626, 'trop_agb_crit': 1.0455434848969813, 'trop_k_veg': 4.167664671344212}.
[I 2026-08-06 10:34:32,547] Trial 1188 finished with values: [-0.5636129787342539, 0.06292508685317633] and parameters: {'k1': 0.008912611835817005, 'D_low': 4.484744524732794, 'k2': 0.0003432139136241583, 'D_high': 11832.967057468773, 'fire_exp': 1.0629462657398439, 'P_half': 220.3445560633069, 'pre_dampen_half': 552.4163637315892, 'gpp_af': 0.7539992074650279, 'gpp_b': 0.0021331409710300844, 'gpp_d': 2.944272359149677, 'ign_k': 8.103949702339497, 'ign_c': 15.221840161091626, 'trop_agb_crit': 3.4281962070490852, 'trop_k_veg': 4.167664671344212}.
[I 2026-08-06 10:34:33,625] Trial 1189 finished with values: [-0.527166560747588, 0.05372272472762207] and parameters: {'k1': 0.008912611835817005, 'D_low': 355.00125258511594, 'k2': 0.0003432139136241583, 'D_high': 3712.591045287726, 'fire_exp': 1.3170256885255098, 'P_half': 5.076307782729897, 'pre_dampen_half': 552.4163637315892, 'gpp_af': 0.030742717663402135, 'gpp_b': 0.006906522645653115, 'gpp_d': 2.944272359149677, 'ign_k': 0.18200694976756818, 'ign_c': 5.13055176058983, 'trop_agb_crit': 1.0903028125370984, 'trop_k_veg': 3.376529607942905}.
[I 2026-08-06 10:34:34,720] Trial 1190 finished with values: [10.53382771975388, 10.53382771975388] and parameters: {'k1': 0.008912611835817005, 'D_low': 355.00125258511594, 'k2': 0.03538758864779238, 'D_high': 11832.967057468773, 'fire_exp': 1.3170256885255098, 'P_half': 5.076307782729897, 'pre_dampen_half': 552.4163637315892, 'gpp_af': 1.9706963379095486, 'gpp_b': 0.006906522645653115, 'gpp_d': 2.944272359149677, 'ign_k': 0.21006485619596416, 'ign_c': 4.2425976091860935, 'trop_agb_crit': 1.0903028125370984, 'trop_k_veg': 3.1473758868965476}.
[I 2026-08-06 10:34:35,827] Trial 1191 finished with values: [10.253775691998971, 10.253775691998971] and parameters: {'k1': 0.008912611835817005, 'D_low': 355.00125258511594, 'k2': 0.0017483983085324361, 'D_high': 11832.967057468773, 'fire_exp': 1.3170256885255098, 'P_half': 5.076307782729897, 'pre_dampen_half': 502.5175192217655, 'gpp_af': 0.05849340411085125, 'gpp_b': 0.006906522645653115, 'gpp_d': 2.944272359149677, 'ign_k': 8.103949702339497, 'ign_c': 5.13055176058983, 'trop_agb_crit': 19.3289574092866, 'trop_k_veg': 3.1473758868965476}.
[I 2026-08-06 10:34:36,935] Trial 1192 finished with values: [10.233761396618913, 10.233761396618913] and parameters: {'k1': 0.008912611835817005, 'D_low': 1112.9571947046009, 'k2': 7.914423612155373e-05, 'D_high': 11832.967057468773, 'fire_exp': 2.1602861869878964, 'P_half': 5.076307782729897, 'pre_dampen_half': 502.5175192217655, 'gpp_af': 0.7539992074650279, 'gpp_b': 0.0021331409710300844, 'gpp_d': 2.944272359149677, 'ign_k': 2.9818972317055166, 'ign_c': 0.557280750002996, 'trop_agb_crit': 29.480726565384675, 'trop_k_veg': 0.6673124511410327}.
[I 2026-08-06 10:34:38,042] Trial 1193 finished with values: [-0.5394020117391927, 0.07997506154329304] and parameters: {'k1': 0.008912611835817005, 'D_low': 1112.9571947046009, 'k2': 0.03538758864779238, 'D_high': 8182.111518618414, 'fire_exp': 1.0629462657398439, 'P_half': 140.74279366401683, 'pre_dampen_half': 63.6685916079943, 'gpp_af': 0.7539992074650279, 'gpp_b': 3.481277316673104e-05, 'gpp_d': 4.25060659305504, 'ign_k': 0.0680787482656459, 'ign_c': 11.400863701127316, 'trop_agb_crit': 1.0455434848969813, 'trop_k_veg': 3.1473758868965476}.
[I 2026-08-06 10:34:39,134] Trial 1194 finished with values: [-0.5869904339525119, 0.07363179766830463] and parameters: {'k1': 0.004312951023617458, 'D_low': 355.00125258511594, 'k2': 0.03538758864779238, 'D_high': 37954.79274251299, 'fire_exp': 1.1263716762638152, 'P_half': 220.3445560633069, 'pre_dampen_half': 63.6685916079943, 'gpp_af': 1.9706963379095486, 'gpp_b': 0.006906522645653115, 'gpp_d': 2.944272359149677, 'ign_k': 0.21006485619596416, 'ign_c': 5.13055176058983, 'trop_agb_crit': 1.0903028125370984, 'trop_k_veg': 4.167664671344212}.
[I 2026-08-06 10:34:40,256] Trial 1195 finished with values: [10.768842045405922, 10.768842045405922] and parameters: {'k1': 0.008912611835817005, 'D_low': 355.00125258511594, 'k2': 0.03538758864779238, 'D_high': 3712.591045287726, 'fire_exp': 1.1263716762638152, 'P_half': 220.3445560633069, 'pre_dampen_half': 0.013520213281526935, 'gpp_af': 0.6403036652671171, 'gpp_b': 0.006906522645653115, 'gpp_d': 2.944272359149677, 'ign_k': 0.0012495886031183843, 'ign_c': 15.221840161091626, 'trop_agb_crit': 1.0455434848969813, 'trop_k_veg': 7.222310503533637}.
[I 2026-08-06 10:34:41,394] Trial 1196 finished with values: [10.769230768838547, 10.769230768838547] and parameters: {'k1': 0.008912611835817005, 'D_low': 355.00125258511594, 'k2': 0.03538758864779238, 'D_high': 3712.591045287726, 'fire_exp': 1.1174086754605184, 'P_half': 5.076307782729897, 'pre_dampen_half': 502.5175192217655, 'gpp_af': 0.7539992074650279, 'gpp_b': 0.006906522645653115, 'gpp_d': 2.944272359149677, 'ign_k': 0.21006485619596416, 'ign_c': 212.22091110076926, 'trop_agb_crit': 1.0903028125370984, 'trop_k_veg': 2.194427136482602}.
[I 2026-08-06 10:34:42,519] Trial 1197 finished with values: [10.768475456759063, 10.768475456759063] and parameters: {'k1': 0.008912611835817005, 'D_low': 355.00125258511594, 'k2': 0.014344484793173472, 'D_high': 123.67537614338008, 'fire_exp': 1.3170256885255098, 'P_half': 220.3445560633069, 'pre_dampen_half': 3.8939810275168565, 'gpp_af': 75.74758210832029, 'gpp_b': 0.006906522645653115, 'gpp_d': 4.25060659305504, 'ign_k': 0.0680787482656459, 'ign_c': 4.2425976091860935, 'trop_agb_crit': 1.0911298587990423, 'trop_k_veg': 0.983473833513531}.
[I 2026-08-06 10:34:44,006] Trial 1198 finished with values: [10.7687425213296, 10.7687425213296] and parameters: {'k1': 0.008912611835817005, 'D_low': 355.00125258511594, 'k2': 0.03538758864779238, 'D_high': 11832.967057468773, 'fire_exp': 1.0629462657398439, 'P_half': 5.076307782729897, 'pre_dampen_half': 0.31162182591558496, 'gpp_af': 0.6403036652671171, 'gpp_b': 4.406314287657271, 'gpp_d': 2.944272359149677, 'ign_k': 3.589155871450839, 'ign_c': 15.221840161091626, 'trop_agb_crit': 1.0455434848969813, 'trop_k_veg': 2.194427136482602}.
[I 2026-08-06 10:34:45,082] Trial 1199 finished with values: [-0.5688005055611673, 0.06406398543154868] and parameters: {'k1': 0.008912611835817005, 'D_low': 355.00125258511594, 'k2': 0.03538758864779238, 'D_high': 11832.967057468773, 'fire_exp': 1.3170256885255098, 'P_half': 5.076307782729897, 'pre_dampen_half': 63.6685916079943, 'gpp_af': 0.6403036652671171, 'gpp_b': 0.006906522645653115, 'gpp_d': 2.944272359149677, 'ign_k': 0.21006485619596416, 'ign_c': 4.2425976091860935, 'trop_agb_crit': 1.0903028125370984, 'trop_k_veg': 4.375785248100498}.
[I 2026-08-06 10:34:46,208] Trial 1200 finished with values: [10.23314354937176, 10.23314354937176] and parameters: {'k1': 0.008912611835817005, 'D_low': 355.00125258511594, 'k2': 0.00010893991584851532, 'D_high': 11832.967057468773, 'fire_exp': 1.3170256885255098, 'P_half': 220.3445560633069, 'pre_dampen_half': 63.6685916079943, 'gpp_af': 0.6403036652671171, 'gpp_b': 0.006906522645653115, 'gpp_d': 2.944272359149677, 'ign_k': 3.589155871450839, 'ign_c': 5.13055176058983, 'trop_agb_crit': 1.0911298587990423, 'trop_k_veg': 3.1473758868965476}.
[I 2026-08-06 10:34:47,349] Trial 1201 finished with values: [10.4795631444248, 10.4795631444248] and parameters: {'k1': 0.008912611835817005, 'D_low': 355.00125258511594, 'k2': 0.03538758864779238, 'D_high': 11832.967057468773, 'fire_exp': 2.6894087451587185, 'P_half': 220.3445560633069, 'pre_dampen_half': 552.4163637315892, 'gpp_af': 1.9706963379095486, 'gpp_b': 0.006906522645653115, 'gpp_d': 2.944272359149677, 'ign_k': 2.9818972317055166, 'ign_c': 11.400863701127316, 'trop_agb_crit': 6.383676143682316, 'trop_k_veg': 4.375785248100498}.
[I 2026-08-06 10:34:48,443] Trial 1202 finished with values: [-0.5603929013721848, 0.03591813754183748] and parameters: {'k1': 0.008912611835817005, 'D_low': 355.00125258511594, 'k2': 0.0008941619307827924, 'D_high': 11832.967057468773, 'fire_exp': 1.0629462657398439, 'P_half': 140.74279366401683, 'pre_dampen_half': 552.4163637315892, 'gpp_af': 1.9706963379095486, 'gpp_b': 0.0325181766809307, 'gpp_d': 4.25060659305504, 'ign_k': 0.21006485619596416, 'ign_c': 15.221840161091626, 'trop_agb_crit': 7.861566638880103, 'trop_k_veg': 4.167664671344212}.
[I 2026-08-06 10:34:49,549] Trial 1203 finished with values: [10.113930928830412, 10.113930928830412] and parameters: {'k1': 0.008912611835817005, 'D_low': 355.00125258511594, 'k2': 7.914423612155373e-05, 'D_high': 11832.967057468773, 'fire_exp': 1.0629462657398439, 'P_half': 140.74279366401683, 'pre_dampen_half': 502.5175192217655, 'gpp_af': 1.9706963379095486, 'gpp_b': 0.0021331409710300844, 'gpp_d': 2.944272359149677, 'ign_k': 2.9818972317055166, 'ign_c': 15.221840161091626, 'trop_agb_crit': 1.0903028125370984, 'trop_k_veg': 2.194427136482602}.
[I 2026-08-06 10:34:50,647] Trial 1204 finished with values: [10.721408048331071, 10.721408048331071] and parameters: {'k1': 0.008912611835817005, 'D_low': 1112.9571947046009, 'k2': 7.914423612155373e-05, 'D_high': 11832.967057468773, 'fire_exp': 1.3170256885255098, 'P_half': 5.076307782729897, 'pre_dampen_half': 231.02088989199953, 'gpp_af': 0.7539992074650279, 'gpp_b': 1.126163379170845, 'gpp_d': 2.944272359149677, 'ign_k': 0.21006485619596416, 'ign_c': 5.13055176058983, 'trop_agb_crit': 1.0903028125370984, 'trop_k_veg': 2.573214588078609}.
[I 2026-08-06 10:34:51,797] Trial 1205 finished with values: [10.680162372729027, 10.680162372729027] and parameters: {'k1': 0.008912611835817005, 'D_low': 355.00125258511594, 'k2': 0.03538758864779238, 'D_high': 11832.967057468773, 'fire_exp': 1.3170256885255098, 'P_half': 5.076307782729897, 'pre_dampen_half': 502.5175192217655, 'gpp_af': 0.6403036652671171, 'gpp_b': 0.006906522645653115, 'gpp_d': 2.944272359149677, 'ign_k': 8.103949702339497, 'ign_c': 5.13055176058983, 'trop_agb_crit': 1.0911298587990423, 'trop_k_veg': 3.1473758868965476}.
[I 2026-08-06 10:34:52,904] Trial 1206 finished with values: [-0.5420333190899058, 0.04034466595678765] and parameters: {'k1': 0.008912611835817005, 'D_low': 4.484744524732794, 'k2': 0.03538758864779238, 'D_high': 11832.967057468773, 'fire_exp': 1.0629462657398439, 'P_half': 140.74279366401683, 'pre_dampen_half': 63.6685916079943, 'gpp_af': 0.6403036652671171, 'gpp_b': 0.006906522645653115, 'gpp_d': 2.944272359149677, 'ign_k': 2.9818972317055166, 'ign_c': 15.221840161091626, 'trop_agb_crit': 1.8831909561015436, 'trop_k_veg': 4.375785248100498}.
[I 2026-08-06 10:34:53,994] Trial 1207 finished with values: [-0.545329734817904, 0.036910062867854254] and parameters: {'k1': 0.008912611835817005, 'D_low': 1112.9571947046009, 'k2': 0.014344484793173472, 'D_high': 8182.111518618414, 'fire_exp': 1.221575427404682, 'P_half': 5.076307782729897, 'pre_dampen_half': 502.5175192217655, 'gpp_af': 0.6403036652671171, 'gpp_b': 0.0021331409710300844, 'gpp_d': 4.25060659305504, 'ign_k': 0.3508854952536169, 'ign_c': 11.400863701127316, 'trop_agb_crit': 1.0903028125370984, 'trop_k_veg': 2.194427136482602}.
[I 2026-08-06 10:34:55,101] Trial 1208 finished with values: [10.58933936556808, 10.58933936556808] and parameters: {'k1': 0.008912611835817005, 'D_low': 1623.9521897968807, 'k2': 0.0006803737461188633, 'D_high': 11832.967057468773, 'fire_exp': 1.0629462657398439, 'P_half': 5.076307782729897, 'pre_dampen_half': 63.6685916079943, 'gpp_af': 0.7539992074650279, 'gpp_b': 0.14577755664212386, 'gpp_d': 16.460426816350523, 'ign_k': 0.0680787482656459, 'ign_c': 5.13055176058983, 'trop_agb_crit': 24.584290528289387, 'trop_k_veg': 3.1473758868965476}.
[I 2026-08-06 10:34:56,209] Trial 1209 finished with values: [10.702970326356882, 10.702970326356882] and parameters: {'k1': 0.008912611835817005, 'D_low': 4.484744524732794, 'k2': 0.03538758864779238, 'D_high': 11832.967057468773, 'fire_exp': 1.0629462657398439, 'P_half': 5.076307782729897, 'pre_dampen_half': 2.5992279021942104, 'gpp_af': 0.6403036652671171, 'gpp_b': 0.14577755664212386, 'gpp_d': 2.944272359149677, 'ign_k': 2.9818972317055166, 'ign_c': 15.221840161091626, 'trop_agb_crit': 1.0903028125370984, 'trop_k_veg': 0.6673124511410327}.
[I 2026-08-06 10:34:57,335] Trial 1210 finished with values: [10.763393333346318, 10.763393333346318] and parameters: {'k1': 0.008912611835817005, 'D_low': 355.00125258511594, 'k2': 0.03538758864779238, 'D_high': 34.191636650729976, 'fire_exp': 1.3170256885255098, 'P_half': 5.076307782729897, 'pre_dampen_half': 63.6685916079943, 'gpp_af': 0.6403036652671171, 'gpp_b': 3.0451527505851805e-05, 'gpp_d': 2.944272359149677, 'ign_k': 0.21006485619596416, 'ign_c': 4.2425976091860935, 'trop_agb_crit': 19.3289574092866, 'trop_k_veg': 4.375785248100498}.
