[I 2026-08-20 00:09:49,559] Trial 192 finished with value: 0.5307479922722482 and parameters: {'k1': 0.026140199511904615, 'D_low': 12.47947511411762, 'k2': 1.199736215717282e-05, 'D_high': 64028.30551562211, 'fire_exp': 1.5170947187924206, 'P_half': 192.87677931789975, 'pre_dampen_half': 1.5638144627126804, 'gpp_af': 1.8140344515899243, 'gpp_b': 0.000930514179510605, 'gpp_d': 817.9005298680263, 'ign_k': 0.004309635117696227, 'ign_c': 2.70451613728386, 'trop_agb_crit': 12.217792445841782, 'trop_k_veg': 0.5817626136104972, 'pop_amp': 3.422538275242751, 'pop_peak': 69.06024645439231, 'pop_sig': 0.5612203711472357}. Best is trial 0 with value: -0.6002194417466498.
[I 2026-08-20 00:09:52,702] Trial 193 finished with value: -0.4792556896231077 and parameters: {'k1': 0.001069324113115765, 'D_low': 6.875932067118568, 'k2': 0.0015629113556085877, 'D_high': 1319771.1198432504, 'fire_exp': 1.123521281356401, 'P_half': 12.652683193696364, 'pre_dampen_half': 0.6892353737494039, 'gpp_af': 23.70539151963593, 'gpp_b': 0.0011717594704872595, 'gpp_d': 8.5204242565189, 'ign_k': 0.00533840602952506, 'ign_c': 3.94531252325058, 'trop_agb_crit': 4.808428590651484, 'trop_k_veg': 0.5531888133698262, 'pop_amp': 0.11680590793264, 'pop_peak': 5.64733293847958, 'pop_sig': 0.8538162640892529}. Best is trial 0 with value: -0.6002194417466498.
[I 2026-08-20 00:09:55,986] Trial 194 finished with value: -0.5026502632443763 and parameters: {'k1': 0.06133274046771276, 'D_low': 2.904982341538061, 'k2': 0.010678128683108879, 'D_high': 2577642.3393898252, 'fire_exp': 1.3575746481620914, 'P_half': 620.1162239191135, 'pre_dampen_half': 12.156281162061966, 'gpp_af': 8.698299170894481, 'gpp_b': 9.85554447167324e-05, 'gpp_d': 976.6226556807004, 'ign_k': 0.034412742216799484, 'ign_c': 8.886915677758594, 'trop_agb_crit': 8.589339388376883, 'trop_k_veg': 0.5998737524455444, 'pop_amp': 0.1504912265106656, 'pop_peak': 67.35298161915665, 'pop_sig': 0.25987818804815116}. Best is trial 0 with value: -0.6002194417466498.
[I 2026-08-20 00:09:59,195] Trial 195 finished with value: 0.4487350382965647 and parameters: {'k1': 0.025970857101359917, 'D_low': 1.5034181248201508, 'k2': 0.0012494770379084575, 'D_high': 7731479.916651329, 'fire_exp': 1.0699565645713198, 'P_half': 500.0764071324034, 'pre_dampen_half': 19.173602610855635, 'gpp_af': 3.9824698373801857, 'gpp_b': 2.9640675821801012e-05, 'gpp_d': 225.56984524998302, 'ign_k': 0.026205523629966074, 'ign_c': 2.4113141261362543, 'trop_agb_crit': 19.142245051533894, 'trop_k_veg': 0.5807835075409267, 'pop_amp': 0.06404919725509027, 'pop_peak': 200.28262730842278, 'pop_sig': 0.28502737717224014}. Best is trial 0 with value: -0.6002194417466498.
[I 2026-08-20 00:10:02,386] Trial 196 finished with value: 0.5389622100839337 and parameters: {'k1': 0.0004924567708298816, 'D_low': 23.598672064665575, 'k2': 0.011788175180873502, 'D_high': 4116111.2870205557, 'fire_exp': 1.7137495963985487, 'P_half': 1.161025389042375, 'pre_dampen_half': 0.4048088010669099, 'gpp_af': 6.278360217275713, 'gpp_b': 0.00020500572069366538, 'gpp_d': 79.8595295419283, 'ign_k': 0.0027255331546438685, 'ign_c': 8.655817100408745, 'trop_agb_crit': 3.465635977203814, 'trop_k_veg': 0.9354613152401557, 'pop_amp': 0.04197027126393531, 'pop_peak': 12.518588594652863, 'pop_sig': 0.8049974660060727}. Best is trial 0 with value: -0.6002194417466498.
[I 2026-08-20 00:10:05,423] Trial 197 finished with value: -0.48333093438237873 and parameters: {'k1': 0.0004623389615331808, 'D_low': 218.65158865014544, 'k2': 1.545136516647357e-05, 'D_high': 306865.6685242427, 'fire_exp': 1.903595022620605, 'P_half': 5.369789009217605, 'pre_dampen_half': 48.33860479930822, 'gpp_af': 0.9443127345490138, 'gpp_b': 0.00013440067985149318, 'gpp_d': 56.359054094892905, 'ign_k': 0.0012009191089422887, 'ign_c': 492.42261491525335, 'trop_agb_crit': 13.384825269302196, 'trop_k_veg': 1.3308380578250074, 'pop_amp': 0.7203467630588545, 'pop_peak': 43.15166881380298, 'pop_sig': 0.9366955318068819}. Best is trial 0 with value: -0.6002194417466498.
[I 2026-08-20 00:10:08,567] Trial 198 finished with value: -0.5218627014859013 and parameters: {'k1': 0.008829458718765766, 'D_low': 20.686899014773974, 'k2': 0.017461542414882677, 'D_high': 1733017.2531604138, 'fire_exp': 1.5419509002862102, 'P_half': 194.7152565752569, 'pre_dampen_half': 219.04872149341216, 'gpp_af': 0.002407286766705398, 'gpp_b': 0.00013264294535716373, 'gpp_d': 183.71205478177654, 'ign_k': 0.004757217461445453, 'ign_c': 15.071808566745219, 'trop_agb_crit': 5.8583007611733375, 'trop_k_veg': 4.365045649040152, 'pop_amp': 0.0011275896448620182, 'pop_peak': 721.0911706874351, 'pop_sig': 1.9243659615797837}. Best is trial 0 with value: -0.6002194417466498.
[I 2026-08-20 00:10:11,643] Trial 199 finished with value: 0.43157200205697155 and parameters: {'k1': 0.0021390487143742296, 'D_low': 226.15767780904994, 'k2': 4.111317356429782e-05, 'D_high': 378331.2101861788, 'fire_exp': 1.5059593280084407, 'P_half': 7.284093916241951, 'pre_dampen_half': 132.23541507271236, 'gpp_af': 1.257598443164713, 'gpp_b': 0.009504488849980945, 'gpp_d': 654.6500109525739, 'ign_k': 0.002080088119825694, 'ign_c': 104.79275549620358, 'trop_agb_crit': 23.348716824245706, 'trop_k_veg': 1.4604958710996059, 'pop_amp': 0.8832034370506987, 'pop_peak': 22.910047730153842, 'pop_sig': 1.4992112888590656}. Best is trial 0 with value: -0.6002194417466498.
[I 2026-08-20 00:10:14,817] Trial 200 finished with value: -0.4694401953128994 and parameters: {'k1': 0.00013860502496641075, 'D_low': 16.58665111200985, 'k2': 1.1760807934996487e-05, 'D_high': 573739.3844417771, 'fire_exp': 2.3948687989903057, 'P_half': 13.578299488356164, 'pre_dampen_half': 297.9092640646112, 'gpp_af': 0.31373585607281984, 'gpp_b': 9.22550909145608e-05, 'gpp_d': 107.17453558833567, 'ign_k': 0.0014347910977309554, 'ign_c': 18.816743142002135, 'trop_agb_crit': 13.582885702855474, 'trop_k_veg': 0.9864053153785516, 'pop_amp': 0.18527929692255246, 'pop_peak': 50.7922901363245, 'pop_sig': 0.8901153890923239}. Best is trial 0 with value: -0.6002194417466498.
[I 2026-08-20 00:10:17,894] Trial 201 finished with value: 0.6155089954802476 and parameters: {'k1': 0.014999211895780141, 'D_low': 70.48470113488952, 'k2': 0.03688578966549479, 'D_high': 5958200.547104642, 'fire_exp': 2.010542933654239, 'P_half': 1467.1996065589155, 'pre_dampen_half': 518.2578148476482, 'gpp_af': 0.028496444056577537, 'gpp_b': 0.009432514001371715, 'gpp_d': 29.59237580278846, 'ign_k': 0.001608366019541747, 'ign_c': 594.4346231988721, 'trop_agb_crit': 16.0302126372671, 'trop_k_veg': 5.236923148051009, 'pop_amp': 0.0019545786474340896, 'pop_peak': 85.47829108835924, 'pop_sig': 0.6439486414464601}. Best is trial 0 with value: -0.6002194417466498.
[I 2026-08-20 00:10:21,035] Trial 202 finished with value: -0.5213089356865959 and parameters: {'k1': 0.04446594541279326, 'D_low': 301.32979668532295, 'k2': 0.012391322749089953, 'D_high': 63543.72672919375, 'fire_exp': 1.3394268129675235, 'P_half': 358.4749598299038, 'pre_dampen_half': 305.9787523219979, 'gpp_af': 0.008204107629609438, 'gpp_b': 1.7585676033053707e-05, 'gpp_d': 56.555756632565725, 'ign_k': 0.03091272100778564, 'ign_c': 18.51505599715531, 'trop_agb_crit': 17.047737473927462, 'trop_k_veg': 4.573181174699517, 'pop_amp': 0.002566454714112465, 'pop_peak': 53.63489881163837, 'pop_sig': 0.7747727317316151}. Best is trial 0 with value: -0.6002194417466498.
[I 2026-08-20 00:10:24,280] Trial 203 finished with value: 0.5850269464123358 and parameters: {'k1': 6.036605349552598e-05, 'D_low': 2284.4699126317764, 'k2': 5.254086710293131e-05, 'D_high': 1082854.7695264348, 'fire_exp': 3.1722156343223067, 'P_half': 2.833968642036042, 'pre_dampen_half': 40.52130150677876, 'gpp_af': 3.09111400474126, 'gpp_b': 0.0006463625288668849, 'gpp_d': 32.71097188227512, 'ign_k': 0.0010080772220600282, 'ign_c': 684.495780572315, 'trop_agb_crit': 14.205270607276516, 'trop_k_veg': 2.608013667126854, 'pop_amp': 0.05608933620900637, 'pop_peak': 33.569613930572295, 'pop_sig': 0.7657738166270683}. Best is trial 0 with value: -0.6002194417466498.
[I 2026-08-20 00:10:27,358] Trial 204 finished with value: 0.430811803204705 and parameters: {'k1': 0.0005387752595627288, 'D_low': 5.451705342849709, 'k2': 0.00212323509796032, 'D_high': 735047.0633637778, 'fire_exp': 1.0061883601433572, 'P_half': 132.40427831606203, 'pre_dampen_half': 124.63864213770368, 'gpp_af': 0.12191207113388239, 'gpp_b': 0.00027850210078807984, 'gpp_d': 21.48579015173295, 'ign_k': 0.002889578773666741, 'ign_c': 2.7201437531607118, 'trop_agb_crit': 12.393410517455948, 'trop_k_veg': 6.051957985888449, 'pop_amp': 0.004100504109580414, 'pop_peak': 537.7150311841252, 'pop_sig': 2.4926255272576867}. Best is trial 0 with value: -0.6002194417466498.
[I 2026-08-20 00:10:30,481] Trial 205 finished with value: -0.5312791038399112 and parameters: {'k1': 0.030650634049658357, 'D_low': 3411.0401511971336, 'k2': 0.027304768957840175, 'D_high': 30864.185110586175, 'fire_exp': 1.005754477301569, 'P_half': 86.2070979558098, 'pre_dampen_half': 110.82195887448933, 'gpp_af': 0.026733980356006774, 'gpp_b': 2.7661433491779587e-05, 'gpp_d': 3.368540529663978, 'ign_k': 0.03849146997610804, 'ign_c': 3.5669054731429974, 'trop_agb_crit': 18.06892795575855, 'trop_k_veg': 2.940471583202041, 'pop_amp': 0.0073288932238516945, 'pop_peak': 22.861220560366412, 'pop_sig': 1.0098831700102877}. Best is trial 0 with value: -0.6002194417466498.
[I 2026-08-20 00:10:33,509] Trial 206 finished with value: -0.5309016515216692 and parameters: {'k1': 0.06505461195594602, 'D_low': 3239.5696692345573, 'k2': 0.06599460464437498, 'D_high': 20432.408194374337, 'fire_exp': 1.5523379506226949, 'P_half': 52.23256672316661, 'pre_dampen_half': 80.02579779852799, 'gpp_af': 0.14335026742765386, 'gpp_b': 0.0005941840535934281, 'gpp_d': 11.217079864231803, 'ign_k': 0.2535613052868016, 'ign_c': 1.5588408566991827, 'trop_agb_crit': 29.03693420784428, 'trop_k_veg': 3.1032669280167804, 'pop_amp': 0.0832717062620751, 'pop_peak': 0.2605286498440584, 'pop_sig': 1.0034319134208236}. Best is trial 0 with value: -0.6002194417466498.
[I 2026-08-20 00:10:36,486] Trial 207 finished with value: -0.5222455726429489 and parameters: {'k1': 0.01359355275926624, 'D_low': 285.90506372792294, 'k2': 0.02872043974537581, 'D_high': 15271.616154937485, 'fire_exp': 1.100541668706573, 'P_half': 193.5311787932164, 'pre_dampen_half': 706.493956121133, 'gpp_af': 0.049417366073817116, 'gpp_b': 0.0015526426499854209, 'gpp_d': 23.177181162978407, 'ign_k': 0.2664719686009086, 'ign_c': 20.106226526991545, 'trop_agb_crit': 25.029764771173653, 'trop_k_veg': 1.357969224441866, 'pop_amp': 0.005445528447303632, 'pop_peak': 0.6100811395139135, 'pop_sig': 1.299866002154812}. Best is trial 0 with value: -0.6002194417466498.
[I 2026-08-20 00:10:39,413] Trial 208 finished with value: -0.5656202062265883 and parameters: {'k1': 0.04921145767764132, 'D_low': 16448.281606239318, 'k2': 0.05687566012877123, 'D_high': 459892.22946674237, 'fire_exp': 1.662079730418469, 'P_half': 355.2812034792883, 'pre_dampen_half': 48.947572501784414, 'gpp_af': 0.06254212004298035, 'gpp_b': 0.0002650116867681312, 'gpp_d': 0.7980769802682482, 'ign_k': 0.8901075065910221, 'ign_c': 0.16238697297031737, 'trop_agb_crit': 13.836129612983997, 'trop_k_veg': 6.030298351956021, 'pop_amp': 1.199624692490188, 'pop_peak': 0.4656148243157257, 'pop_sig': 1.135394348709015}. Best is trial 0 with value: -0.6002194417466498.
[I 2026-08-20 00:10:42,316] Trial 209 finished with value: 0.5836276477663096 and parameters: {'k1': 0.014676743566421608, 'D_low': 12192.055921946789, 'k2': 0.013267779763539473, 'D_high': 30157.83228644621, 'fire_exp': 1.2813915648212248, 'P_half': 3280.1195131956188, 'pre_dampen_half': 17.29171243043675, 'gpp_af': 0.030826933357628292, 'gpp_b': 0.00038716298819368994, 'gpp_d': 0.5719899410287499, 'ign_k': 0.6561115847993496, 'ign_c': 0.2018659371608673, 'trop_agb_crit': 21.347572277700177, 'trop_k_veg': 7.8559304256150195, 'pop_amp': 1.1988291886954603, 'pop_peak': 2.380698132189408, 'pop_sig': 2.0501083288882525}. Best is trial 0 with value: -0.6002194417466498.
[I 2026-08-20 00:10:45,396] Trial 210 finished with value: 0.5956309803096543 and parameters: {'k1': 0.017801507895517477, 'D_low': 678.5579790101897, 'k2': 0.011716278302314236, 'D_high': 22737.23716786791, 'fire_exp': 3.015754897404563, 'P_half': 1034.0349353893862, 'pre_dampen_half': 147.79922332513917, 'gpp_af': 0.4781426668521476, 'gpp_b': 9.529884189879076e-05, 'gpp_d': 451.3875300662227, 'ign_k': 0.034968520151440204, 'ign_c': 29.45582604465511, 'trop_agb_crit': 22.216704718736576, 'trop_k_veg': 5.48661816888991, 'pop_amp': 0.0010705894397972375, 'pop_peak': 11.819056865701576, 'pop_sig': 0.7243324581779211}. Best is trial 0 with value: -0.6002194417466498.
[I 2026-08-20 00:10:48,273] Trial 211 finished with value: 0.6445374145881376 and parameters: {'k1': 0.019775807483754203, 'D_low': 13307.937726172804, 'k2': 0.02828483313440914, 'D_high': 11494.984400463612, 'fire_exp': 1.650213984376359, 'P_half': 309.8295294202783, 'pre_dampen_half': 443.15448178834157, 'gpp_af': 0.2560571480765902, 'gpp_b': 0.001442406603940056, 'gpp_d': 0.4745728976382661, 'ign_k': 0.9843211881746832, 'ign_c': 4.8587127561158505, 'trop_agb_crit': 14.33981132381741, 'trop_k_veg': 1.61144122585608, 'pop_amp': 0.12164484683416975, 'pop_peak': 0.4054940661097708, 'pop_sig': 0.9952796997912833}. Best is trial 0 with value: -0.6002194417466498.
[I 2026-08-20 00:10:51,169] Trial 212 finished with value: 0.49619279366020197 and parameters: {'k1': 0.00947103359369386, 'D_low': 73734.17600044371, 'k2': 0.035592477091272966, 'D_high': 5296297.727347311, 'fire_exp': 1.1147467014704961, 'P_half': 125.08685830206842, 'pre_dampen_half': 156.24410730258398, 'gpp_af': 0.24945617908625295, 'gpp_b': 0.00042339334064573166, 'gpp_d': 3.173366132971172, 'ign_k': 2.172478877793553, 'ign_c': 0.10893982979119202, 'trop_agb_crit': 17.60745012744727, 'trop_k_veg': 6.16162189186196, 'pop_amp': 0.38209094407089994, 'pop_peak': 3.634624041236688, 'pop_sig': 0.6426719483186584}. Best is trial 0 with value: -0.6002194417466498.
[I 2026-08-20 00:10:54,052] Trial 213 finished with value: 0.6126258428607827 and parameters: {'k1': 0.038555922823006274, 'D_low': 7284.9716855172355, 'k2': 0.0063156735717660225, 'D_high': 6912.573635694532, 'fire_exp': 2.9449662963761107, 'P_half': 9.834375627451973, 'pre_dampen_half': 168.6493988929057, 'gpp_af': 0.030530496485591033, 'gpp_b': 0.004579122566504159, 'gpp_d': 32.33532662790933, 'ign_k': 0.06226489124415752, 'ign_c': 4.862466957983378, 'trop_agb_crit': 9.831977563204058, 'trop_k_veg': 4.464432082056818, 'pop_amp': 0.03165954390135377, 'pop_peak': 0.08575216574084497, 'pop_sig': 1.3075572740481816}. Best is trial 0 with value: -0.6002194417466498.
[I 2026-08-20 00:10:56,923] Trial 214 finished with value: 0.4916653354044155 and parameters: {'k1': 0.04191635931514376, 'D_low': 9.156457788778772, 'k2': 0.020344163791783526, 'D_high': 23650.330812397486, 'fire_exp': 1.1765387994139012, 'P_half': 42.98179063514897, 'pre_dampen_half': 21.006259564056464, 'gpp_af': 0.001267177819248192, 'gpp_b': 1.923175969694069e-05, 'gpp_d': 56.27788548705472, 'ign_k': 0.002068060311916218, 'ign_c': 35.95604273371221, 'trop_agb_crit': 5.490702958027088, 'trop_k_veg': 5.019627590311399, 'pop_amp': 0.030533385566474936, 'pop_peak': 443.2757111649581, 'pop_sig': 0.8841499936779204}. Best is trial 0 with value: -0.6002194417466498.
[I 2026-08-20 00:10:59,757] Trial 215 finished with value: 0.6097836718800885 and parameters: {'k1': 0.05506680636910422, 'D_low': 17.34614156319791, 'k2': 0.05237091332881945, 'D_high': 49288.76385858017, 'fire_exp': 1.3627365370912812, 'P_half': 391.95254699031796, 'pre_dampen_half': 718.5087405919263, 'gpp_af': 0.06897681224507754, 'gpp_b': 0.0005754190671781245, 'gpp_d': 81.77983764713636, 'ign_k': 0.28450642299027357, 'ign_c': 77.35478028487655, 'trop_agb_crit': 8.791788631706936, 'trop_k_veg': 1.2342938618185955, 'pop_amp': 0.07489258851909637, 'pop_peak': 0.5398054096641595, 'pop_sig': 2.066015130509374}. Best is trial 0 with value: -0.6002194417466498.
[I 2026-08-20 00:11:02,945] Trial 216 finished with value: 0.6445374145881376 and parameters: {'k1': 0.05881484306588271, 'D_low': 29.393971312256493, 'k2': 0.02021640706566657, 'D_high': 1866.5454000794346, 'fire_exp': 1.4099445545805451, 'P_half': 27.498072486278648, 'pre_dampen_half': 25.93040048812694, 'gpp_af': 0.0541293705450201, 'gpp_b': 0.012204927928693635, 'gpp_d': 6.792208458807562, 'ign_k': 0.44065621038762337, 'ign_c': 127.54887030470367, 'trop_agb_crit': 26.484901727295576, 'trop_k_veg': 0.8965721316326863, 'pop_amp': 0.004007045838583145, 'pop_peak': 3.2278121142353244, 'pop_sig': 1.096970384793265}. Best is trial 0 with value: -0.6002194417466498.
[I 2026-08-20 00:11:05,943] Trial 217 finished with value: 0.5890202848756199 and parameters: {'k1': 0.06698389124521789, 'D_low': 234.40637548468627, 'k2': 0.03532530728486164, 'D_high': 483530.733168421, 'fire_exp': 1.1111908429167285, 'P_half': 4135.297415818294, 'pre_dampen_half': 24.765779972977377, 'gpp_af': 0.002125820848672311, 'gpp_b': 1.2809174754917233e-05, 'gpp_d': 55.15303701978359, 'ign_k': 0.08016025789027013, 'ign_c': 56.844186656131384, 'trop_agb_crit': 26.19748438205965, 'trop_k_veg': 5.036432483301649, 'pop_amp': 0.007284481966638488, 'pop_peak': 51.90487969888693, 'pop_sig': 0.6856772527907976}. Best is trial 0 with value: -0.6002194417466498.
[I 2026-08-20 00:11:08,972] Trial 218 finished with value: 0.5746959073463657 and parameters: {'k1': 0.021302203956676674, 'D_low': 1653.0655160377137, 'k2': 0.053347005353145384, 'D_high': 72992.65908524902, 'fire_exp': 2.1416197909812595, 'P_half': 891.6306990419528, 'pre_dampen_half': 175.84571870456463, 'gpp_af': 0.00392337830787353, 'gpp_b': 0.0032461333882909224, 'gpp_d': 0.4170362422623941, 'ign_k': 6.786231960855152, 'ign_c': 0.22272473346945096, 'trop_agb_crit': 21.978084963718356, 'trop_k_veg': 3.4462182140897046, 'pop_amp': 1.408309622307187, 'pop_peak': 0.08173251445599712, 'pop_sig': 0.573971168405091}. Best is trial 0 with value: -0.6002194417466498.
[I 2026-08-20 00:11:12,429] Trial 219 finished with value: 0.6445374145881376 and parameters: {'k1': 0.08233112537053215, 'D_low': 11794.364696394494, 'k2': 0.009760196449965952, 'D_high': 6753.267757973537, 'fire_exp': 1.9051395803059363, 'P_half': 36.28832628769113, 'pre_dampen_half': 26.804422987530437, 'gpp_af': 0.38269638743006734, 'gpp_b': 0.0004043484659381994, 'gpp_d': 6.041625389825924, 'ign_k': 0.08873494612745145, 'ign_c': 0.19534979721947324, 'trop_agb_crit': 14.588215529309023, 'trop_k_veg': 1.7600487279464665, 'pop_amp': 0.1549506764368759, 'pop_peak': 0.5729192961642442, 'pop_sig': 1.0571908117818467}. Best is trial 0 with value: -0.6002194417466498.
[I 2026-08-20 00:11:15,378] Trial 220 finished with value: 0.5980188751191116 and parameters: {'k1': 0.004175787275830865, 'D_low': 378.1810404648521, 'k2': 0.031085793993755637, 'D_high': 10137.676828335314, 'fire_exp': 1.5006370099458355, 'P_half': 315.29976041287773, 'pre_dampen_half': 570.2819879716708, 'gpp_af': 0.0080804855055359, 'gpp_b': 0.00021087358333619062, 'gpp_d': 4.362209028352931, 'ign_k': 0.1873537750721713, 'ign_c': 32.16554497780394, 'trop_agb_crit': 13.816484058607594, 'trop_k_veg': 1.5331759235813556, 'pop_amp': 0.0029657522069093233, 'pop_peak': 1.8532953880116525, 'pop_sig': 1.0760252587758228}. Best is trial 0 with value: -0.6002194417466498.
[I 2026-08-20 00:11:18,366] Trial 221 finished with value: 0.6170895262874414 and parameters: {'k1': 0.0037403588454107085, 'D_low': 43.02745811727555, 'k2': 0.0015762212502865892, 'D_high': 8321207.002320709, 'fire_exp': 3.5540005913480543, 'P_half': 4615.675673038171, 'pre_dampen_half': 869.6409073112351, 'gpp_af': 0.0017426091451543326, 'gpp_b': 6.390958772134444e-05, 'gpp_d': 963.7213206974724, 'ign_k': 0.13456168697649565, 'ign_c': 82.99179594797697, 'trop_agb_crit': 9.386630043393803, 'trop_k_veg': 5.643947752652344, 'pop_amp': 0.001711630712434336, 'pop_peak': 220.2358854133216, 'pop_sig': 1.3511341876964091}. Best is trial 0 with value: -0.6002194417466498.
[I 2026-08-20 00:11:21,439] Trial 222 finished with value: 0.5180010229717863 and parameters: {'k1': 0.09578382815037824, 'D_low': 5187.898009750535, 'k2': 0.028243221743082986, 'D_high': 541647.6330296523, 'fire_exp': 1.306497341195486, 'P_half': 244.50013434360005, 'pre_dampen_half': 15.995534159594186, 'gpp_af': 0.24287628850666476, 'gpp_b': 0.00011675582929643253, 'gpp_d': 1.7478618910376664, 'ign_k': 0.010817357178822897, 'ign_c': 43.02827321876164, 'trop_agb_crit': 12.244870312819318, 'trop_k_veg': 5.015689777698742, 'pop_amp': 0.0021777041285634124, 'pop_peak': 16.800089226129746, 'pop_sig': 2.0844023862943795}. Best is trial 0 with value: -0.6002194417466498.
[I 2026-08-20 00:11:24,450] Trial 223 finished with value: 0.5569642203524225 and parameters: {'k1': 0.005994881024365834, 'D_low': 643.0159592375304, 'k2': 0.016009877349682518, 'D_high': 5514.409260796604, 'fire_exp': 1.484209041572217, 'P_half': 10.444150622328625, 'pre_dampen_half': 15.480569740506782, 'gpp_af': 0.0033415308033365853, 'gpp_b': 9.850751271269872e-05, 'gpp_d': 17.30876284377553, 'ign_k': 0.04173913360730488, 'ign_c': 1.4125117725864114, 'trop_agb_crit': 19.466820143711463, 'trop_k_veg': 4.284290534996641, 'pop_amp': 0.002389051384123246, 'pop_peak': 7.541219104853882, 'pop_sig': 0.7435050031975282}. Best is trial 0 with value: -0.6002194417466498.
