[I 2026-08-05 23:27:44,389] Trial 900 finished with values: [10.768924136332071, 10.768924136332071] and parameters: {'k1': 0.0029707920514735983, 'D_low': 18.89739291279832, 'k2': 0.0027431991397796683, 'D_high': 2941.5751391396584, 'fire_exp': 1.1258453832483524, 'P_half': 10.753522341516506, 'pre_dampen_half': 304.7488318185732, 'gpp_af': 0.0021836613912815635, 'gpp_b': 3.6475882458234503, 'gpp_d': 368.30088529547436, 'ign_k': 8.761971101023693, 'ign_c': 8.671454322584175}.
[I 2026-08-05 23:27:45,531] Trial 901 finished with values: [10.142001837186871, 10.142001837186871] and parameters: {'k1': 0.06415745702132086, 'D_low': 2.1234210963705626, 'k2': 0.08894151386481904, 'D_high': 9769.756791866093, 'fire_exp': 1.010722707674549, 'P_half': 10.226988730324324, 'pre_dampen_half': 304.7488318185732, 'gpp_af': 0.5009399307527331, 'gpp_b': 0.6637926838138378, 'gpp_d': 857.4284557962634, 'ign_k': 0.34703605955441524, 'ign_c': 8.671454322584175}.
[I 2026-08-05 23:27:47,019] Trial 902 finished with values: [-0.6103621953426381, 0.47241664488562196] and parameters: {'k1': 0.025383218374507292, 'D_low': 2.1234210963705626, 'k2': 0.0007081721844034209, 'D_high': 9769.756791866093, 'fire_exp': 1.0881360604103363, 'P_half': 10.226988730324324, 'pre_dampen_half': 703.6426675556048, 'gpp_af': 5.511863475708366, 'gpp_b': 0.6637926838138378, 'gpp_d': 368.30088529547436, 'ign_k': 0.34703605955441524, 'ign_c': 8.671454322584175}.
[I 2026-08-05 23:27:48,200] Trial 903 finished with values: [10.769230769178105, 10.769230769178105] and parameters: {'k1': 0.025383218374507292, 'D_low': 1.2299210465793122, 'k2': 0.00011939136672856547, 'D_high': 7744.80118512745, 'fire_exp': 1.010722707674549, 'P_half': 13.019246714361572, 'pre_dampen_half': 107.40052367919465, 'gpp_af': 0.0021836613912815635, 'gpp_b': 0.00012797528816608022, 'gpp_d': 368.30088529547436, 'ign_k': 0.4702627143647234, 'ign_c': 233.417373284667}.
[I 2026-08-05 23:27:49,366] Trial 904 finished with values: [10.511574367267785, 10.511574367267785] and parameters: {'k1': 0.0029707920514735983, 'D_low': 18.89739291279832, 'k2': 0.00011939136672856547, 'D_high': 7744.80118512745, 'fire_exp': 1.010722707674549, 'P_half': 13.019246714361572, 'pre_dampen_half': 4.025222451217553, 'gpp_af': 0.001339466259146302, 'gpp_b': 3.228689523591491e-05, 'gpp_d': 857.4284557962634, 'ign_k': 8.761971101023693, 'ign_c': 2.4287565087611744}.
[I 2026-08-05 23:27:50,564] Trial 905 finished with values: [10.710608209815096, 10.710608209815096] and parameters: {'k1': 0.0029707920514735983, 'D_low': 9.882278532808778, 'k2': 0.0027431991397796683, 'D_high': 3121.3520322039926, 'fire_exp': 1.0881360604103363, 'P_half': 10.226988730324324, 'pre_dampen_half': 304.7488318185732, 'gpp_af': 0.0021836613912815635, 'gpp_b': 0.0358180527371211, 'gpp_d': 5.878566318396007, 'ign_k': 4.461217349302768, 'ign_c': 8.671454322584175}.
[I 2026-08-05 23:27:51,734] Trial 906 finished with values: [-0.5860140862570684, 0.5429196920204895] and parameters: {'k1': 0.0029707920514735983, 'D_low': 18.89739291279832, 'k2': 0.03071666851587867, 'D_high': 75773.14388518519, 'fire_exp': 1.1044852285094786, 'P_half': 25.49709775062068, 'pre_dampen_half': 304.7488318185732, 'gpp_af': 0.001339466259146302, 'gpp_b': 0.00012797528816608022, 'gpp_d': 368.30088529547436, 'ign_k': 0.34703605955441524, 'ign_c': 0.9294394155644988}.
[I 2026-08-05 23:27:52,919] Trial 907 finished with values: [10.677755796147236, 10.677755796147236] and parameters: {'k1': 0.025383218374507292, 'D_low': 1.4045842344024697, 'k2': 0.08894151386481904, 'D_high': 9769.756791866093, 'fire_exp': 1.1044852285094786, 'P_half': 25.49709775062068, 'pre_dampen_half': 0.027901153639361957, 'gpp_af': 0.5107061330406066, 'gpp_b': 0.011750724729953272, 'gpp_d': 368.30088529547436, 'ign_k': 1.049739844869316, 'ign_c': 3.0378658251922155}.
[I 2026-08-05 23:27:54,106] Trial 908 finished with values: [10.3817230040164, 10.3817230040164] and parameters: {'k1': 0.025383218374507292, 'D_low': 1.4045842344024697, 'k2': 0.08894151386481904, 'D_high': 9769.756791866093, 'fire_exp': 1.1044852285094786, 'P_half': 25.49709775062068, 'pre_dampen_half': 247.25776073156666, 'gpp_af': 5.511863475708366, 'gpp_b': 5.8382259882459775e-05, 'gpp_d': 368.30088529547436, 'ign_k': 0.34703605955441524, 'ign_c': 1.5061320080433496}.
[I 2026-08-05 23:27:55,331] Trial 909 finished with values: [10.769230769178105, 10.769230769178105] and parameters: {'k1': 0.008956420301712053, 'D_low': 2.1234210963705626, 'k2': 0.00011939136672856547, 'D_high': 9769.756791866093, 'fire_exp': 1.010722707674549, 'P_half': 13.019246714361572, 'pre_dampen_half': 304.7488318185732, 'gpp_af': 5.511863475708366, 'gpp_b': 0.6637926838138378, 'gpp_d': 223.60515435267138, 'ign_k': 0.12752949611679998, 'ign_c': 201.4978984700884}.
[I 2026-08-05 23:27:56,546] Trial 910 finished with values: [10.768032948100412, 10.768032948100412] and parameters: {'k1': 0.013431123753466416, 'D_low': 683.8782488668313, 'k2': 0.0036014695835220327, 'D_high': 2941.5751391396584, 'fire_exp': 1.010722707674549, 'P_half': 13.019246714361572, 'pre_dampen_half': 304.7488318185732, 'gpp_af': 5.511863475708366, 'gpp_b': 0.6637926838138378, 'gpp_d': 0.015163585438685893, 'ign_k': 0.34703605955441524, 'ign_c': 3.0378658251922155}.
[I 2026-08-05 23:27:57,731] Trial 911 finished with values: [10.440744939980512, 10.440744939980512] and parameters: {'k1': 0.025383218374507292, 'D_low': 1.4045842344024697, 'k2': 4.763991596630584e-05, 'D_high': 7744.80118512745, 'fire_exp': 2.0096866887224025, 'P_half': 12.808863354047988, 'pre_dampen_half': 304.7488318185732, 'gpp_af': 5.511863475708366, 'gpp_b': 0.6637926838138378, 'gpp_d': 891.8036602897795, 'ign_k': 0.4702627143647234, 'ign_c': 0.9294394155644988}.
[I 2026-08-05 23:27:58,943] Trial 912 finished with values: [10.10374231295713, 10.10374231295713] and parameters: {'k1': 0.025383218374507292, 'D_low': 125.32726386250698, 'k2': 0.00011283667486683905, 'D_high': 9769.756791866093, 'fire_exp': 2.2915873039663333, 'P_half': 10.226988730324324, 'pre_dampen_half': 304.7488318185732, 'gpp_af': 5.511863475708366, 'gpp_b': 3.139005000572696e-05, 'gpp_d': 891.8036602897795, 'ign_k': 8.761971101023693, 'ign_c': 0.22416664245892623}.
[I 2026-08-05 23:28:00,194] Trial 913 finished with values: [-0.5936158813775894, 0.2981611267034028] and parameters: {'k1': 0.0029707920514735983, 'D_low': 9.882278532808778, 'k2': 0.0027431991397796683, 'D_high': 2941.5751391396584, 'fire_exp': 1.1258453832483524, 'P_half': 10.226988730324324, 'pre_dampen_half': 304.7488318185732, 'gpp_af': 0.0021836613912815635, 'gpp_b': 0.00012797528816608022, 'gpp_d': 891.8036602897795, 'ign_k': 8.761971101023693, 'ign_c': 0.9294394155644988}.
[I 2026-08-05 23:28:01,417] Trial 914 finished with values: [10.010286205452942, 10.010286205452942] and parameters: {'k1': 0.025383218374507292, 'D_low': 2.1234210963705626, 'k2': 0.0007081721844034209, 'D_high': 9769.756791866093, 'fire_exp': 1.1044852285094786, 'P_half': 10.226988730324324, 'pre_dampen_half': 304.7488318185732, 'gpp_af': 5.511863475708366, 'gpp_b': 3.139005000572696e-05, 'gpp_d': 368.30088529547436, 'ign_k': 0.050667002161528835, 'ign_c': 8.671454322584175}.
[I 2026-08-05 23:28:02,615] Trial 915 finished with values: [10.769230769178105, 10.769230769178105] and parameters: {'k1': 0.06415745702132086, 'D_low': 1.1065812688893482, 'k2': 0.08894151386481904, 'D_high': 9769.756791866093, 'fire_exp': 1.0881360604103363, 'P_half': 10.226988730324324, 'pre_dampen_half': 304.7488318185732, 'gpp_af': 0.001339466259146302, 'gpp_b': 0.00012797528816608022, 'gpp_d': 368.30088529547436, 'ign_k': 0.4702627143647234, 'ign_c': 559.5401979134822}.
[I 2026-08-05 23:28:03,810] Trial 916 finished with values: [-0.6147040391528102, 0.469968103087256] and parameters: {'k1': 0.008956420301712053, 'D_low': 2.1234210963705626, 'k2': 0.08894151386481904, 'D_high': 7744.80118512745, 'fire_exp': 1.1044852285094786, 'P_half': 164.1379340685856, 'pre_dampen_half': 304.7488318185732, 'gpp_af': 0.0021836613912815635, 'gpp_b': 3.139005000572696e-05, 'gpp_d': 368.30088529547436, 'ign_k': 0.4902396944106615, 'ign_c': 8.671454322584175}.
[I 2026-08-05 23:28:04,895] Trial 917 finished with values: [-0.6066216916923415, 0.43551630519747675] and parameters: {'k1': 0.06415745702132086, 'D_low': 2.1234210963705626, 'k2': 0.0036014695835220327, 'D_high': 7744.80118512745, 'fire_exp': 1.1044852285094786, 'P_half': 12.808863354047988, 'pre_dampen_half': 304.7488318185732, 'gpp_af': 5.511863475708366, 'gpp_b': 0.6637926838138378, 'gpp_d': 368.30088529547436, 'ign_k': 0.34703605955441524, 'ign_c': 1.6676205667297381}.
[I 2026-08-05 23:28:06,109] Trial 918 finished with values: [10.239327032826072, 10.239327032826072] and parameters: {'k1': 0.008956420301712053, 'D_low': 2.1234210963705626, 'k2': 4.763991596630584e-05, 'D_high': 9769.756791866093, 'fire_exp': 1.010722707674549, 'P_half': 13.019246714361572, 'pre_dampen_half': 304.7488318185732, 'gpp_af': 5.511863475708366, 'gpp_b': 0.6637926838138378, 'gpp_d': 891.8036602897795, 'ign_k': 0.04563289369649656, 'ign_c': 9.023734753282096}.
[I 2026-08-05 23:28:07,607] Trial 919 finished with values: [10.208133919578533, 10.208133919578533] and parameters: {'k1': 0.00038719172610036706, 'D_low': 18.89739291279832, 'k2': 0.001154473887645231, 'D_high': 75773.14388518519, 'fire_exp': 1.1044852285094786, 'P_half': 13.019246714361572, 'pre_dampen_half': 347.79988160923324, 'gpp_af': 0.18148402127631746, 'gpp_b': 3.139005000572696e-05, 'gpp_d': 857.4284557962634, 'ign_k': 8.761971101023693, 'ign_c': 0.9294394155644988}.
[I 2026-08-05 23:28:08,779] Trial 920 finished with values: [10.524200868200186, 10.524200868200186] and parameters: {'k1': 0.008956420301712053, 'D_low': 9.882278532808778, 'k2': 0.03071666851587867, 'D_high': 9769.756791866093, 'fire_exp': 1.151006986743773, 'P_half': 13.019246714361572, 'pre_dampen_half': 1.7219189380414555, 'gpp_af': 0.0021836613912815635, 'gpp_b': 7.402343469704428e-05, 'gpp_d': 613.9406964482342, 'ign_k': 8.761971101023693, 'ign_c': 8.671454322584175}.
[I 2026-08-05 23:28:09,889] Trial 921 finished with values: [10.500933738850852, 10.500933738850852] and parameters: {'k1': 0.008956420301712053, 'D_low': 18.89739291279832, 'k2': 0.03071666851587867, 'D_high': 633.1166646948959, 'fire_exp': 3.9865235442286613, 'P_half': 10.226988730324324, 'pre_dampen_half': 304.7488318185732, 'gpp_af': 0.001339466259146302, 'gpp_b': 0.00012797528816608022, 'gpp_d': 891.8036602897795, 'ign_k': 0.4702627143647234, 'ign_c': 0.9294394155644988}.
[I 2026-08-05 23:28:11,018] Trial 922 finished with values: [10.382238297801004, 10.382238297801004] and parameters: {'k1': 0.00013783578294796384, 'D_low': 9.330007965781027, 'k2': 0.0007081721844034209, 'D_high': 1155.361019261122, 'fire_exp': 1.010722707674549, 'P_half': 13.019246714361572, 'pre_dampen_half': 304.7488318185732, 'gpp_af': 1.2003722333832936, 'gpp_b': 0.6637926838138378, 'gpp_d': 368.30088529547436, 'ign_k': 8.761971101023693, 'ign_c': 1.5061320080433496}.
[I 2026-08-05 23:28:12,125] Trial 923 finished with values: [-0.6117272897304689, 0.5764939192335519] and parameters: {'k1': 0.025383218374507292, 'D_low': 1.2299210465793122, 'k2': 0.00011939136672856547, 'D_high': 47595.7191123968, 'fire_exp': 1.010722707674549, 'P_half': 13.019246714361572, 'pre_dampen_half': 304.7488318185732, 'gpp_af': 0.3053637037552328, 'gpp_b': 0.0358180527371211, 'gpp_d': 913.6714913061586, 'ign_k': 0.4702627143647234, 'ign_c': 0.9294394155644988}.
[I 2026-08-05 23:28:13,215] Trial 924 finished with values: [10.192163645005193, 10.192163645005193] and parameters: {'k1': 0.008956420301712053, 'D_low': 2.1234210963705626, 'k2': 0.0027431991397796683, 'D_high': 9769.756791866093, 'fire_exp': 1.010722707674549, 'P_half': 10.753522341516506, 'pre_dampen_half': 304.7488318185732, 'gpp_af': 5.511863475708366, 'gpp_b': 0.6637926838138378, 'gpp_d': 5.878566318396007, 'ign_k': 0.34703605955441524, 'ign_c': 8.671454322584175}.
[I 2026-08-05 23:28:14,308] Trial 925 finished with values: [-0.5748221383336641, 0.4892938538066455] and parameters: {'k1': 0.008956420301712053, 'D_low': 2.1234210963705626, 'k2': 0.001154473887645231, 'D_high': 9769.756791866093, 'fire_exp': 1.1044852285094786, 'P_half': 13.019246714361572, 'pre_dampen_half': 703.6426675556048, 'gpp_af': 0.001339466259146302, 'gpp_b': 3.139005000572696e-05, 'gpp_d': 180.76934679960573, 'ign_k': 0.04563289369649656, 'ign_c': 9.023734753282096}.
[I 2026-08-05 23:28:15,416] Trial 926 finished with values: [10.74089139464216, 10.74089139464216] and parameters: {'k1': 0.06415745702132086, 'D_low': 2.1234210963705626, 'k2': 0.0036014695835220327, 'D_high': 9769.756791866093, 'fire_exp': 1.010722707674549, 'P_half': 10.226988730324324, 'pre_dampen_half': 304.7488318185732, 'gpp_af': 0.011029417379828953, 'gpp_b': 0.6637926838138378, 'gpp_d': 368.30088529547436, 'ign_k': 0.34703605955441524, 'ign_c': 8.671454322584175}.
[I 2026-08-05 23:28:16,522] Trial 927 finished with values: [10.765868009963622, 10.765868009963622] and parameters: {'k1': 0.025383218374507292, 'D_low': 1.4045842344024697, 'k2': 0.052769242333622866, 'D_high': 75773.14388518519, 'fire_exp': 1.010722707674549, 'P_half': 25.49709775062068, 'pre_dampen_half': 304.7488318185732, 'gpp_af': 0.001339466259146302, 'gpp_b': 0.6637926838138378, 'gpp_d': 368.30088529547436, 'ign_k': 2.615413574494962, 'ign_c': 0.29205563600251844}.
[I 2026-08-05 23:28:17,613] Trial 928 finished with values: [-0.5794151593581434, 0.5644493462261998] and parameters: {'k1': 0.0029707920514735983, 'D_low': 125.32726386250698, 'k2': 0.0007081721844034209, 'D_high': 18612.24814067389, 'fire_exp': 1.1258453832483524, 'P_half': 13.019246714361572, 'pre_dampen_half': 304.7488318185732, 'gpp_af': 0.0021836613912815635, 'gpp_b': 0.00012797528816608022, 'gpp_d': 368.30088529547436, 'ign_k': 0.4702627143647234, 'ign_c': 0.9294394155644988}.
[I 2026-08-05 23:28:18,691] Trial 929 finished with values: [10.694597918356752, 10.694597918356752] and parameters: {'k1': 0.06415745702132086, 'D_low': 158.82035726402376, 'k2': 0.08894151386481904, 'D_high': 333.0375276964647, 'fire_exp': 1.1044852285094786, 'P_half': 3250.104176616457, 'pre_dampen_half': 304.7488318185732, 'gpp_af': 0.0021836613912815635, 'gpp_b': 0.00012797528816608022, 'gpp_d': 218.91899741700433, 'ign_k': 8.761971101023693, 'ign_c': 3.0378658251922155}.
[I 2026-08-05 23:28:19,811] Trial 930 finished with values: [-0.5962870350666265, 0.5314781390469091] and parameters: {'k1': 0.00324789183891923, 'D_low': 4.051452710153359, 'k2': 0.03071666851587867, 'D_high': 7744.80118512745, 'fire_exp': 1.1258453832483524, 'P_half': 13.019246714361572, 'pre_dampen_half': 703.6426675556048, 'gpp_af': 1.2003722333832936, 'gpp_b': 0.0358180527371211, 'gpp_d': 368.30088529547436, 'ign_k': 0.4702627143647234, 'ign_c': 1.5061320080433496}.
[I 2026-08-05 23:28:20,917] Trial 931 finished with values: [10.29645937343294, 10.29645937343294] and parameters: {'k1': 0.025383218374507292, 'D_low': 1.4045842344024697, 'k2': 0.0007081721844034209, 'D_high': 7744.80118512745, 'fire_exp': 1.1044852285094786, 'P_half': 25.49709775062068, 'pre_dampen_half': 247.25776073156666, 'gpp_af': 10.705994121627729, 'gpp_b': 3.139005000572696e-05, 'gpp_d': 368.30088529547436, 'ign_k': 0.4702627143647234, 'ign_c': 3.0378658251922155}.
[I 2026-08-05 23:28:22,074] Trial 932 finished with values: [-0.622883361195296, 0.626898314317045] and parameters: {'k1': 0.008956420301712053, 'D_low': 1.2299210465793122, 'k2': 0.0007081721844034209, 'D_high': 9769.756791866093, 'fire_exp': 1.1044852285094786, 'P_half': 13.019246714361572, 'pre_dampen_half': 304.7488318185732, 'gpp_af': 0.0021836613912815635, 'gpp_b': 3.139005000572696e-05, 'gpp_d': 368.30088529547436, 'ign_k': 8.761971101023693, 'ign_c': 1.5061320080433496}.
[I 2026-08-05 23:28:23,178] Trial 933 finished with values: [-0.5493175909935435, 0.6046970116152351] and parameters: {'k1': 0.0029707920514735983, 'D_low': 4.051452710153359, 'k2': 0.0007081721844034209, 'D_high': 75773.14388518519, 'fire_exp': 2.5914873994986967, 'P_half': 12.808863354047988, 'pre_dampen_half': 703.6426675556048, 'gpp_af': 0.0021836613912815635, 'gpp_b': 3.139005000572696e-05, 'gpp_d': 368.30088529547436, 'ign_k': 0.4702627143647234, 'ign_c': 0.9294394155644988}.
[I 2026-08-05 23:28:24,299] Trial 934 finished with values: [10.746265634083745, 10.746265634083745] and parameters: {'k1': 0.02641449645424223, 'D_low': 1.4045842344024697, 'k2': 0.00375241428659295, 'D_high': 9769.756791866093, 'fire_exp': 1.7128214059652005, 'P_half': 10.226988730324324, 'pre_dampen_half': 304.7488318185732, 'gpp_af': 1.2003722333832936, 'gpp_b': 0.5497720006052913, 'gpp_d': 0.3337303435204265, 'ign_k': 0.12752949611679998, 'ign_c': 0.9294394155644988}.
[I 2026-08-05 23:28:25,344] Trial 935 finished with values: [10.30312351725654, 10.30312351725654] and parameters: {'k1': 2.1070611138656e-05, 'D_low': 1.2299210465793122, 'k2': 0.00011939136672856547, 'D_high': 409.18595179278975, 'fire_exp': 1.010722707674549, 'P_half': 13.019246714361572, 'pre_dampen_half': 247.25776073156666, 'gpp_af': 0.001339466259146302, 'gpp_b': 3.228689523591491e-05, 'gpp_d': 891.8036602897795, 'ign_k': 0.34703605955441524, 'ign_c': 8.671454322584175}.
[I 2026-08-05 23:28:26,501] Trial 936 finished with values: [-0.5573867578617999, 0.45940680005134427] and parameters: {'k1': 0.0029707920514735983, 'D_low': 4.051452710153359, 'k2': 0.0007081721844034209, 'D_high': 9769.756791866093, 'fire_exp': 1.3239942327296237, 'P_half': 10.226988730324324, 'pre_dampen_half': 304.7488318185732, 'gpp_af': 1.2003722333832936, 'gpp_b': 0.0358180527371211, 'gpp_d': 5.878566318396007, 'ign_k': 0.34703605955441524, 'ign_c': 8.671454322584175}.
[I 2026-08-05 23:28:27,971] Trial 937 finished with values: [10.52778418420461, 10.52778418420461] and parameters: {'k1': 0.06415745702132086, 'D_low': 1.4045842344024697, 'k2': 0.03071666851587867, 'D_high': 49.442231067539446, 'fire_exp': 1.1044852285094786, 'P_half': 10.226988730324324, 'pre_dampen_half': 304.7488318185732, 'gpp_af': 0.0021836613912815635, 'gpp_b': 7.402343469704428e-05, 'gpp_d': 5.878566318396007, 'ign_k': 0.4702627143647234, 'ign_c': 0.9294394155644988}.
[I 2026-08-05 23:28:29,077] Trial 938 finished with values: [-0.624319366583842, 0.3838099889407156] and parameters: {'k1': 0.06415745702132086, 'D_low': 4.051452710153359, 'k2': 0.0027431991397796683, 'D_high': 2941.5751391396584, 'fire_exp': 1.1258453832483524, 'P_half': 10.226988730324324, 'pre_dampen_half': 703.6426675556048, 'gpp_af': 0.0021836613912815635, 'gpp_b': 7.402343469704428e-05, 'gpp_d': 5.878566318396007, 'ign_k': 0.34703605955441524, 'ign_c': 8.671454322584175}.
[I 2026-08-05 23:28:30,170] Trial 939 finished with values: [-0.6043685137442822, 0.37101297494669194] and parameters: {'k1': 0.008956420301712053, 'D_low': 2.1234210963705626, 'k2': 0.0027431991397796683, 'D_high': 7744.80118512745, 'fire_exp': 1.1044852285094786, 'P_half': 215.55950571043874, 'pre_dampen_half': 304.7488318185732, 'gpp_af': 0.001339466259146302, 'gpp_b': 7.402343469704428e-05, 'gpp_d': 29.83701993880331, 'ign_k': 8.761971101023693, 'ign_c': 0.3528113274684997}.
[I 2026-08-05 23:28:31,288] Trial 940 finished with values: [-0.5454403567696807, 0.34035538017972744] and parameters: {'k1': 0.0029707920514735983, 'D_low': 18.89739291279832, 'k2': 0.00024232538206837495, 'D_high': 7744.80118512745, 'fire_exp': 1.1258453832483524, 'P_half': 276.27089412392087, 'pre_dampen_half': 703.6426675556048, 'gpp_af': 0.001339466259146302, 'gpp_b': 3.481277316673104e-05, 'gpp_d': 368.30088529547436, 'ign_k': 0.13054148118849407, 'ign_c': 1.5061320080433496}.
[I 2026-08-05 23:28:32,412] Trial 941 finished with values: [-0.5680401148047387, 0.39719434058971137] and parameters: {'k1': 0.002407354618388189, 'D_low': 9.882278532808778, 'k2': 0.0036014695835220327, 'D_high': 7744.80118512745, 'fire_exp': 1.182396148413737, 'P_half': 10.753522341516506, 'pre_dampen_half': 304.7488318185732, 'gpp_af': 0.001339466259146302, 'gpp_b': 7.402343469704428e-05, 'gpp_d': 857.4284557962634, 'ign_k': 0.13054148118849407, 'ign_c': 8.671454322584175}.
[I 2026-08-05 23:28:33,550] Trial 942 finished with values: [10.769230769178105, 10.769230769178105] and parameters: {'k1': 0.06415745702132086, 'D_low': 1.4045842344024697, 'k2': 0.03071666851587867, 'D_high': 633.1166646948959, 'fire_exp': 9.453882513053998, 'P_half': 10.226988730324324, 'pre_dampen_half': 304.7488318185732, 'gpp_af': 0.0021836613912815635, 'gpp_b': 0.00012797528816608022, 'gpp_d': 5.878566318396007, 'ign_k': 0.36634334739248847, 'ign_c': 194.94955785090448}.
[I 2026-08-05 23:28:34,666] Trial 943 finished with values: [10.769230769178105, 10.769230769178105] and parameters: {'k1': 0.025383218374507292, 'D_low': 2.1234210963705626, 'k2': 3.38921165308947e-05, 'D_high': 9769.756791866093, 'fire_exp': 1.010722707674549, 'P_half': 2805.8078703333817, 'pre_dampen_half': 304.7488318185732, 'gpp_af': 5.511863475708366, 'gpp_b': 0.6637926838138378, 'gpp_d': 891.8036602897795, 'ign_k': 0.34703605955441524, 'ign_c': 490.9403886223242}.
[I 2026-08-05 23:28:35,731] Trial 944 finished with values: [-0.5753484775890819, 0.32528608753169186] and parameters: {'k1': 0.025383218374507292, 'D_low': 2.1234210963705626, 'k2': 0.03071666851587867, 'D_high': 9769.756791866093, 'fire_exp': 1.010722707674549, 'P_half': 215.55950571043874, 'pre_dampen_half': 304.7488318185732, 'gpp_af': 5.511863475708366, 'gpp_b': 0.6637926838138378, 'gpp_d': 368.30088529547436, 'ign_k': 0.08876620955487982, 'ign_c': 8.671454322584175}.
