[I 2026-08-06 11:27:21,848] Trial 353 finished with values: [10.009259983356106, 10.009259983356106] and parameters: {'k1': 0.06598741607403362, 'D_low': 1.54121727098019, 'k2': 0.03538758864779238, 'D_high': 5670.3463356272905, 'fire_exp': 1.4665043946307825, 'P_half': 140.74279366401683, 'pre_dampen_half': 502.5175192217655, 'gpp_af': 0.7951170003631387, 'gpp_b': 1.284284091405877e-05, 'gpp_d': 16.460426816350523, 'ign_k': 0.0023224552232891564, 'ign_c': 323.47703263192955, 'trop_agb_crit': 24.584290528289387, 'trop_k_veg': 4.030242248006271}.
[I 2026-08-06 11:27:23,114] Trial 354 finished with values: [10.769064883412875, 10.769064883412875] and parameters: {'k1': 0.008912611835817005, 'D_low': 355.00125258511594, 'k2': 4.30943585950406e-05, 'D_high': 645.2946500764235, 'fire_exp': 7.601000466715835, 'P_half': 5.076307782729897, 'pre_dampen_half': 63.6685916079943, 'gpp_af': 22.867444764010127, 'gpp_b': 0.0005739662837359252, 'gpp_d': 0.12878367369717508, 'ign_k': 0.21006485619596416, 'ign_c': 11.400863701127316, 'trop_agb_crit': 1.0693376406863295, 'trop_k_veg': 3.1473758868965476}.
[I 2026-08-06 11:27:24,351] Trial 355 finished with values: [-0.5125492106036557, 0.06851584653697695] and parameters: {'k1': 5.2759586181451185e-05, 'D_low': 7.46475488144212, 'k2': 0.032845299795769424, 'D_high': 774.2116473996249, 'fire_exp': 1.3170256885255098, 'P_half': 1.309149162209817, 'pre_dampen_half': 63.6685916079943, 'gpp_af': 0.6403036652671171, 'gpp_b': 1.284284091405877e-05, 'gpp_d': 8.057329182285729, 'ign_k': 5.351470428717437, 'ign_c': 5.13055176058983, 'trop_agb_crit': 1.0455434848969813, 'trop_k_veg': 0.5349971555643298}.
[I 2026-08-06 11:27:25,541] Trial 356 finished with values: [10.570520191418046, 10.570520191418046] and parameters: {'k1': 0.008912611835817005, 'D_low': 355.00125258511594, 'k2': 0.032845299795769424, 'D_high': 774.2116473996249, 'fire_exp': 1.3170256885255098, 'P_half': 323.6099399575106, 'pre_dampen_half': 63.6685916079943, 'gpp_af': 0.6403036652671171, 'gpp_b': 0.0005392415140872105, 'gpp_d': 134.6119925566483, 'ign_k': 0.0032770228519285686, 'ign_c': 15.221840161091626, 'trop_agb_crit': 10.691477813613638, 'trop_k_veg': 0.5772603928610088}.
[I 2026-08-06 11:27:26,730] Trial 357 finished with values: [10.195393831221512, 10.195393831221512] and parameters: {'k1': 0.008912611835817005, 'D_low': 3.525936800597896, 'k2': 1.1065812688893481e-05, 'D_high': 3712.591045287726, 'fire_exp': 1.1430983876313219, 'P_half': 4.213183643253957, 'pre_dampen_half': 63.6685916079943, 'gpp_af': 0.6403036652671171, 'gpp_b': 0.0005392415140872105, 'gpp_d': 16.460426816350523, 'ign_k': 2.1368329072358767, 'ign_c': 15.221840161091626, 'trop_agb_crit': 24.584290528289387, 'trop_k_veg': 0.6673124511410327}.
[I 2026-08-06 11:27:28,063] Trial 358 finished with values: [10.387799323559136, 10.387799323559136] and parameters: {'k1': 0.01889771394135163, 'D_low': 7.299348683062307, 'k2': 0.00021901578520649233, 'D_high': 9419.6122359782, 'fire_exp': 1.1263716762638152, 'P_half': 4.213183643253957, 'pre_dampen_half': 63.6685916079943, 'gpp_af': 0.6403036652671171, 'gpp_b': 0.22727308251068193, 'gpp_d': 229.41380323183625, 'ign_k': 0.11619873314872933, 'ign_c': 1.9580595319750387, 'trop_agb_crit': 6.119263728555865, 'trop_k_veg': 1.0594599158279707}.
[I 2026-08-06 11:27:29,253] Trial 359 finished with values: [-0.536971715877822, 0.10492581731565587] and parameters: {'k1': 0.01889771394135163, 'D_low': 78.86001704920405, 'k2': 0.0007047307383115598, 'D_high': 3712.591045287726, 'fire_exp': 1.0601964743503993, 'P_half': 4.213183643253957, 'pre_dampen_half': 552.4163637315892, 'gpp_af': 0.7951170003631387, 'gpp_b': 1.284284091405877e-05, 'gpp_d': 16.460426816350523, 'ign_k': 0.0043958167971197126, 'ign_c': 323.47703263192955, 'trop_agb_crit': 24.584290528289387, 'trop_k_veg': 1.0594599158279707}.
[I 2026-08-06 11:27:30,493] Trial 360 finished with values: [10.604551588520446, 10.604551588520446] and parameters: {'k1': 0.01889771394135163, 'D_low': 40.12413353131991, 'k2': 0.003419108473554454, 'D_high': 774.2116473996249, 'fire_exp': 6.576079034416172, 'P_half': 4.213183643253957, 'pre_dampen_half': 38.00678588560607, 'gpp_af': 0.6403036652671171, 'gpp_b': 0.0054502936945582505, 'gpp_d': 229.41380323183625, 'ign_k': 8.926311370835233, 'ign_c': 2.414259639010457, 'trop_agb_crit': 24.80219492452611, 'trop_k_veg': 1.0594599158279707}.
[I 2026-08-06 11:27:31,679] Trial 361 finished with values: [-0.5203092807045414, 0.1362591973493008] and parameters: {'k1': 0.06598741607403362, 'D_low': 1.54121727098019, 'k2': 0.03538758864779238, 'D_high': 3712.591045287726, 'fire_exp': 1.3170256885255098, 'P_half': 140.74279366401683, 'pre_dampen_half': 502.5175192217655, 'gpp_af': 14.476743839391009, 'gpp_b': 1.284284091405877e-05, 'gpp_d': 2.944272359149677, 'ign_k': 0.21006485619596416, 'ign_c': 5.13055176058983, 'trop_agb_crit': 24.584290528289387, 'trop_k_veg': 3.1473758868965476}.
[I 2026-08-06 11:27:32,943] Trial 362 finished with values: [-0.5414140255226626, 0.07041369423790533] and parameters: {'k1': 0.008471801418819975, 'D_low': 4.484744524732794, 'k2': 0.003419108473554454, 'D_high': 3712.591045287726, 'fire_exp': 1.0629462657398439, 'P_half': 107.12009151798692, 'pre_dampen_half': 5.048653998722947, 'gpp_af': 1.6059727222314273, 'gpp_b': 0.0021331409710300844, 'gpp_d': 16.460426816350523, 'ign_k': 0.11619873314872933, 'ign_c': 0.10605801312906209, 'trop_agb_crit': 24.584290528289387, 'trop_k_veg': 1.4584243470991722}.
[I 2026-08-06 11:27:34,115] Trial 363 finished with values: [10.766671425906784, 10.766671425906784] and parameters: {'k1': 0.01889771394135163, 'D_low': 12.105387404469584, 'k2': 0.000140654144219877, 'D_high': 1236.6924205139144, 'fire_exp': 4.13930014199088, 'P_half': 323.6099399575106, 'pre_dampen_half': 63.6685916079943, 'gpp_af': 5.335773317316405, 'gpp_b': 0.0054502936945582505, 'gpp_d': 16.460426816350523, 'ign_k': 0.01364908766641695, 'ign_c': 1.9580595319750387, 'trop_agb_crit': 24.584290528289387, 'trop_k_veg': 2.4336356947036335}.
[I 2026-08-06 11:27:35,494] Trial 364 finished with values: [-0.5546802553369561, 0.06326150396392982] and parameters: {'k1': 0.008912611835817005, 'D_low': 7.299348683062307, 'k2': 0.003419108473554454, 'D_high': 774.2116473996249, 'fire_exp': 1.1263716762638152, 'P_half': 4.213183643253957, 'pre_dampen_half': 63.6685916079943, 'gpp_af': 0.6403036652671171, 'gpp_b': 0.22727308251068193, 'gpp_d': 5.1715677287580455, 'ign_k': 0.11619873314872933, 'ign_c': 2.414259639010457, 'trop_agb_crit': 7.500118950416987, 'trop_k_veg': 0.6673124511410327}.
[I 2026-08-06 11:27:37,374] Trial 365 finished with values: [10.141774860264713, 10.141774860264713] and parameters: {'k1': 0.004312951023617458, 'D_low': 40.52505887227999, 'k2': 1.915468390724633e-05, 'D_high': 84090.06963311543, 'fire_exp': 1.0601964743503993, 'P_half': 336.708521740818, 'pre_dampen_half': 8.594202650742222, 'gpp_af': 1.9706963379095486, 'gpp_b': 0.0038900687554386305, 'gpp_d': 84.31013932082456, 'ign_k': 0.01364908766641695, 'ign_c': 1.9580595319750387, 'trop_agb_crit': 7.500118950416987, 'trop_k_veg': 1.8914629029068306}.
[I 2026-08-06 11:27:38,943] Trial 366 finished with values: [10.049832163832894, 10.049832163832894] and parameters: {'k1': 0.011966626407443505, 'D_low': 5.59983195169599, 'k2': 1.1065812688893481e-05, 'D_high': 5670.3463356272905, 'fire_exp': 1.4665043946307825, 'P_half': 9.324787201197319, 'pre_dampen_half': 502.5175192217655, 'gpp_af': 1.1300566419249864, 'gpp_b': 0.0005739662837359252, 'gpp_d': 2.944272359149677, 'ign_k': 0.0680787482656459, 'ign_c': 15.221840161091626, 'trop_agb_crit': 6.119263728555865, 'trop_k_veg': 0.6743482387129308}.
[I 2026-08-06 11:27:40,261] Trial 367 finished with values: [10.316289563374225, 10.316289563374225] and parameters: {'k1': 0.00031134168041628584, 'D_low': 12.105387404469584, 'k2': 1.1065812688893481e-05, 'D_high': 25628.666000163565, 'fire_exp': 1.0601964743503993, 'P_half': 4.213183643253957, 'pre_dampen_half': 63.6685916079943, 'gpp_af': 1.9706963379095486, 'gpp_b': 0.012132126638791128, 'gpp_d': 1.493264336549928, 'ign_k': 0.038563028138793747, 'ign_c': 11.400863701127316, 'trop_agb_crit': 18.785197416433792, 'trop_k_veg': 0.6673124511410327}.
[I 2026-08-06 11:27:41,529] Trial 368 finished with values: [10.224386532611849, 10.224386532611849] and parameters: {'k1': 0.008912611835817005, 'D_low': 5.59983195169599, 'k2': 1.915468390724633e-05, 'D_high': 5670.3463356272905, 'fire_exp': 1.3170256885255098, 'P_half': 1.605843632310088, 'pre_dampen_half': 63.6685916079943, 'gpp_af': 0.6403036652671171, 'gpp_b': 0.14577755664212386, 'gpp_d': 16.460426816350523, 'ign_k': 0.0680787482656459, 'ign_c': 2.414259639010457, 'trop_agb_crit': 6.119263728555865, 'trop_k_veg': 0.6743482387129308}.
[I 2026-08-06 11:27:42,831] Trial 369 finished with values: [10.752033727491355, 10.752033727491355] and parameters: {'k1': 0.05705198955850472, 'D_low': 1.54121727098019, 'k2': 0.0007047307383115598, 'D_high': 109.44963667961977, 'fire_exp': 1.4665043946307825, 'P_half': 4.213183643253957, 'pre_dampen_half': 502.5175192217655, 'gpp_af': 1.6059727222314273, 'gpp_b': 0.14577755664212386, 'gpp_d': 16.460426816350523, 'ign_k': 0.010167079878196114, 'ign_c': 323.47703263192955, 'trop_agb_crit': 7.500118950416987, 'trop_k_veg': 3.1473758868965476}.
[I 2026-08-06 11:27:44,130] Trial 370 finished with values: [-0.5054949862174256, 0.16098728066448775] and parameters: {'k1': 0.01889771394135163, 'D_low': 7.299348683062307, 'k2': 1.1065812688893481e-05, 'D_high': 21.947742689197344, 'fire_exp': 1.0601964743503993, 'P_half': 4.213183643253957, 'pre_dampen_half': 5.048653998722947, 'gpp_af': 1.9706963379095486, 'gpp_b': 2.176805640408474e-05, 'gpp_d': 84.31013932082456, 'ign_k': 0.11619873314872933, 'ign_c': 8.40543912931368, 'trop_agb_crit': 7.500118950416987, 'trop_k_veg': 0.6673124511410327}.
[I 2026-08-06 11:27:45,452] Trial 371 finished with values: [10.326296203352973, 10.326296203352973] and parameters: {'k1': 0.06598741607403362, 'D_low': 1.54121727098019, 'k2': 0.0012040762895973265, 'D_high': 42.070539502879384, 'fire_exp': 1.1430983876313219, 'P_half': 9.324787201197319, 'pre_dampen_half': 502.5175192217655, 'gpp_af': 1.1300566419249864, 'gpp_b': 1.3289448722869181e-05, 'gpp_d': 14.792055086678463, 'ign_k': 0.0680787482656459, 'ign_c': 15.221840161091626, 'trop_agb_crit': 10.965064494899984, 'trop_k_veg': 3.869465953383845}.
[I 2026-08-06 11:27:46,721] Trial 372 finished with values: [10.57304453383525, 10.57304453383525] and parameters: {'k1': 2.766282010813135e-05, 'D_low': 3.525936800597896, 'k2': 1.1065812688893481e-05, 'D_high': 3712.591045287726, 'fire_exp': 1.3170256885255098, 'P_half': 323.6099399575106, 'pre_dampen_half': 63.6685916079943, 'gpp_af': 5.335773317316405, 'gpp_b': 1.3289448722869181e-05, 'gpp_d': 1.6983565276584263, 'ign_k': 2.1368329072358767, 'ign_c': 15.221840161091626, 'trop_agb_crit': 24.584290528289387, 'trop_k_veg': 2.4336356947036335}.
[I 2026-08-06 11:27:47,927] Trial 373 finished with values: [10.705324883367028, 10.705324883367028] and parameters: {'k1': 0.00031134168041628584, 'D_low': 12.105387404469584, 'k2': 0.014344484793173472, 'D_high': 2289.1315306837046, 'fire_exp': 1.3170256885255098, 'P_half': 4.213183643253957, 'pre_dampen_half': 331.7366635899375, 'gpp_af': 0.6403036652671171, 'gpp_b': 0.012132126638791128, 'gpp_d': 2.944272359149677, 'ign_k': 3.589155871450839, 'ign_c': 30.785541778315018, 'trop_agb_crit': 18.785197416433792, 'trop_k_veg': 3.49157152291552}.
[I 2026-08-06 11:27:49,278] Trial 374 finished with values: [-0.5210013527550897, 0.1730223608588226] and parameters: {'k1': 0.004312951023617458, 'D_low': 40.52505887227999, 'k2': 1.915468390724633e-05, 'D_high': 21.947742689197344, 'fire_exp': 1.0629462657398439, 'P_half': 4.213183643253957, 'pre_dampen_half': 38.00678588560607, 'gpp_af': 1.6059727222314273, 'gpp_b': 0.0001314103502608067, 'gpp_d': 84.31013932082456, 'ign_k': 0.01364908766641695, 'ign_c': 2.8335389417624683, 'trop_agb_crit': 7.500118950416987, 'trop_k_veg': 1.8914629029068306}.
[I 2026-08-06 11:27:50,467] Trial 375 finished with values: [10.135623205997712, 10.135623205997712] and parameters: {'k1': 0.011966626407443505, 'D_low': 171.2446447678494, 'k2': 0.011715293025123641, 'D_high': 5670.3463356272905, 'fire_exp': 1.1430983876313219, 'P_half': 175.2878790340412, 'pre_dampen_half': 5.048653998722947, 'gpp_af': 0.6403036652671171, 'gpp_b': 0.0021331409710300844, 'gpp_d': 16.460426816350523, 'ign_k': 0.11619873314872933, 'ign_c': 8.40543912931368, 'trop_agb_crit': 6.275146677376727, 'trop_k_veg': 4.345076509212382}.
[I 2026-08-06 11:27:51,721] Trial 376 finished with values: [10.585924111081805, 10.585924111081805] and parameters: {'k1': 0.004312951023617458, 'D_low': 2.6786906100977124, 'k2': 0.03538758864779238, 'D_high': 8182.111518618414, 'fire_exp': 1.4665043946307825, 'P_half': 712.8188058401365, 'pre_dampen_half': 63.6685916079943, 'gpp_af': 1.1300566419249864, 'gpp_b': 0.42247700890263645, 'gpp_d': 2.944272359149677, 'ign_k': 0.0680787482656459, 'ign_c': 0.557280750002996, 'trop_agb_crit': 1.14876138417489, 'trop_k_veg': 0.6743482387129308}.
[I 2026-08-06 11:27:52,926] Trial 377 finished with values: [-0.5275524380266918, 0.03149651498837813] and parameters: {'k1': 0.008912611835817005, 'D_low': 1.54121727098019, 'k2': 0.03538758864779238, 'D_high': 11069.082134755383, 'fire_exp': 1.3170256885255098, 'P_half': 323.6099399575106, 'pre_dampen_half': 63.6685916079943, 'gpp_af': 0.6403036652671171, 'gpp_b': 0.42247700890263645, 'gpp_d': 16.460426816350523, 'ign_k': 0.12329098365270515, 'ign_c': 15.221840161091626, 'trop_agb_crit': 24.584290528289387, 'trop_k_veg': 3.869465953383845}.
[I 2026-08-06 11:27:54,170] Trial 378 finished with values: [10.032510825307838, 10.032510825307838] and parameters: {'k1': 0.00031134168041628584, 'D_low': 12.105387404469584, 'k2': 0.001462400459012571, 'D_high': 3712.591045287726, 'fire_exp': 1.0629462657398439, 'P_half': 4.213183643253957, 'pre_dampen_half': 331.7366635899375, 'gpp_af': 1.6059727222314273, 'gpp_b': 0.14577755664212386, 'gpp_d': 5.1715677287580455, 'ign_k': 0.038563028138793747, 'ign_c': 30.785541778315018, 'trop_agb_crit': 1.0455434848969813, 'trop_k_veg': 0.6673124511410327}.
[I 2026-08-06 11:27:55,388] Trial 379 finished with values: [10.15174470660339, 10.15174470660339] and parameters: {'k1': 0.00031134168041628584, 'D_low': 355.00125258511594, 'k2': 0.003419108473554454, 'D_high': 21.947742689197344, 'fire_exp': 1.1263716762638152, 'P_half': 4.213183643253957, 'pre_dampen_half': 63.6685916079943, 'gpp_af': 0.6403036652671171, 'gpp_b': 0.0021331409710300844, 'gpp_d': 84.31013932082456, 'ign_k': 0.0680787482656459, 'ign_c': 2.414259639010457, 'trop_agb_crit': 7.500118950416987, 'trop_k_veg': 1.0594599158279707}.
[I 2026-08-06 11:27:56,704] Trial 380 finished with values: [10.379820301599873, 10.379820301599873] and parameters: {'k1': 0.07111611367121734, 'D_low': 1.54121727098019, 'k2': 0.03538758864779238, 'D_high': 233.07122788234065, 'fire_exp': 1.7329145403564932, 'P_half': 221.2683656611821, 'pre_dampen_half': 502.5175192217655, 'gpp_af': 1.5386842469144075, 'gpp_b': 0.0054502936945582505, 'gpp_d': 1.493264336549928, 'ign_k': 0.0680787482656459, 'ign_c': 1.9580595319750387, 'trop_agb_crit': 10.691477813613638, 'trop_k_veg': 1.0594599158279707}.
[I 2026-08-06 11:27:57,908] Trial 381 finished with values: [10.759169539134492, 10.759169539134492] and parameters: {'k1': 0.003392247823857357, 'D_low': 1.54121727098019, 'k2': 0.0007047307383115598, 'D_high': 61536.58035691648, 'fire_exp': 8.551220505983894, 'P_half': 221.2683656611821, 'pre_dampen_half': 3.3841016089580034, 'gpp_af': 0.003254982364882647, 'gpp_b': 1.284284091405877e-05, 'gpp_d': 16.460426816350523, 'ign_k': 5.351470428717437, 'ign_c': 18.219343937475102, 'trop_agb_crit': 10.691477813613638, 'trop_k_veg': 2.4336356947036335}.
[I 2026-08-06 11:27:59,159] Trial 382 finished with values: [10.665545701248304, 10.665545701248304] and parameters: {'k1': 0.002155595057104387, 'D_low': 355.00125258511594, 'k2': 1.915468390724633e-05, 'D_high': 56093.68210693188, 'fire_exp': 4.87400221596597, 'P_half': 5.076307782729897, 'pre_dampen_half': 63.6685916079943, 'gpp_af': 1.6059727222314273, 'gpp_b': 1.284284091405877e-05, 'gpp_d': 16.460426816350523, 'ign_k': 5.351470428717437, 'ign_c': 18.219343937475102, 'trop_agb_crit': 10.691477813613638, 'trop_k_veg': 6.45312300188076}.
[I 2026-08-06 11:28:00,377] Trial 383 finished with values: [-0.5479353692942042, 0.121574324206145] and parameters: {'k1': 0.011966626407443505, 'D_low': 5.59983195169599, 'k2': 1.1065812688893481e-05, 'D_high': 5670.3463356272905, 'fire_exp': 1.3170256885255098, 'P_half': 1.605843632310088, 'pre_dampen_half': 63.6685916079943, 'gpp_af': 0.6403036652671171, 'gpp_b': 0.0005739662837359252, 'gpp_d': 2.944272359149677, 'ign_k': 0.12329098365270515, 'ign_c': 8.40543912931368, 'trop_agb_crit': 6.119263728555865, 'trop_k_veg': 0.6743482387129308}.
[I 2026-08-06 11:28:01,632] Trial 384 finished with values: [10.768088452587225, 10.768088452587225] and parameters: {'k1': 0.012021930484915042, 'D_low': 7.299348683062307, 'k2': 0.003101429427212743, 'D_high': 21.947742689197344, 'fire_exp': 1.1263716762638152, 'P_half': 712.8188058401365, 'pre_dampen_half': 63.6685916079943, 'gpp_af': 0.6403036652671171, 'gpp_b': 0.22727308251068193, 'gpp_d': 0.02183661391281564, 'ign_k': 0.015990213696558658, 'ign_c': 1.9580595319750387, 'trop_agb_crit': 14.948114979829949, 'trop_k_veg': 1.0594599158279707}.
[I 2026-08-06 11:28:02,853] Trial 385 finished with values: [10.742630549012512, 10.742630549012512] and parameters: {'k1': 0.01889771394135163, 'D_low': 680.2810205786727, 'k2': 0.014344484793173472, 'D_high': 1578.0309954142967, 'fire_exp': 1.1263716762638152, 'P_half': 1.605843632310088, 'pre_dampen_half': 502.5175192217655, 'gpp_af': 0.002171465868062627, 'gpp_b': 0.0054502936945582505, 'gpp_d': 4.25060659305504, 'ign_k': 0.0680787482656459, 'ign_c': 0.557280750002996, 'trop_agb_crit': 8.997007571451054, 'trop_k_veg': 1.0594599158279707}.
[I 2026-08-06 11:28:04,065] Trial 386 finished with values: [10.213307624188344, 10.213307624188344] and parameters: {'k1': 0.008471801418819975, 'D_low': 4.484744524732794, 'k2': 0.011715293025123641, 'D_high': 1123.9682517242118, 'fire_exp': 1.1430983876313219, 'P_half': 175.2878790340412, 'pre_dampen_half': 8.144272585223819, 'gpp_af': 0.7539992074650279, 'gpp_b': 0.0021331409710300844, 'gpp_d': 0.5363092465892282, 'ign_k': 0.11619873314872933, 'ign_c': 0.70689749506246, 'trop_agb_crit': 14.948114979829949, 'trop_k_veg': 1.4584243470991722}.
[I 2026-08-06 11:28:05,256] Trial 387 finished with values: [10.596368524853759, 10.596368524853759] and parameters: {'k1': 0.011966626407443505, 'D_low': 171.2446447678494, 'k2': 1.1065812688893481e-05, 'D_high': 5254.8834372681695, 'fire_exp': 1.4665043946307825, 'P_half': 4.213183643253957, 'pre_dampen_half': 63.6685916079943, 'gpp_af': 1.2389588752305056, 'gpp_b': 1.284284091405877e-05, 'gpp_d': 16.460426816350523, 'ign_k': 8.708806168038567, 'ign_c': 30.45524314144142, 'trop_agb_crit': 7.500118950416987, 'trop_k_veg': 0.6673124511410327}.
[I 2026-08-06 11:28:06,551] Trial 388 finished with values: [10.56954361977405, 10.56954361977405] and parameters: {'k1': 0.008912611835817005, 'D_low': 12.105387404469584, 'k2': 1.1065812688893481e-05, 'D_high': 774.2116473996249, 'fire_exp': 1.3170256885255098, 'P_half': 4.213183643253957, 'pre_dampen_half': 63.6685916079943, 'gpp_af': 0.6403036652671171, 'gpp_b': 0.42247700890263645, 'gpp_d': 1.493264336549928, 'ign_k': 0.21006485619596416, 'ign_c': 11.400863701127316, 'trop_agb_crit': 7.500118950416987, 'trop_k_veg': 0.6673124511410327}.
[I 2026-08-06 11:28:07,857] Trial 389 finished with values: [10.76923076892712, 10.76923076892712] and parameters: {'k1': 2.766282010813135e-05, 'D_low': 1.54121727098019, 'k2': 0.03538758864779238, 'D_high': 3712.591045287726, 'fire_exp': 1.1430983876313219, 'P_half': 4.213183643253957, 'pre_dampen_half': 0.01693207443721426, 'gpp_af': 1.1300566419249864, 'gpp_b': 1.3289448722869181e-05, 'gpp_d': 1.6983565276584263, 'ign_k': 0.0680787482656459, 'ign_c': 306.3001606653075, 'trop_agb_crit': 24.584290528289387, 'trop_k_veg': 7.433058058371263}.
[I 2026-08-06 11:28:09,213] Trial 390 finished with values: [10.76911945842937, 10.76911945842937] and parameters: {'k1': 0.008912611835817005, 'D_low': 12.105387404469584, 'k2': 0.07507777979297806, 'D_high': 61536.58035691648, 'fire_exp': 1.1263716762638152, 'P_half': 4.213183643253957, 'pre_dampen_half': 63.6685916079943, 'gpp_af': 0.6403036652671171, 'gpp_b': 0.0005739662837359252, 'gpp_d': 0.12878367369717508, 'ign_k': 0.11619873314872933, 'ign_c': 99.67983879709281, 'trop_agb_crit': 1.0693376406863295, 'trop_k_veg': 0.6673124511410327}.
[I 2026-08-06 11:28:10,666] Trial 391 finished with values: [-0.5116430384959252, 0.05120045533203266] and parameters: {'k1': 0.01889771394135163, 'D_low': 1.9977959434035766, 'k2': 1.1065812688893481e-05, 'D_high': 21.947742689197344, 'fire_exp': 1.0362310858538248, 'P_half': 3.313942437345199, 'pre_dampen_half': 63.6685916079943, 'gpp_af': 0.6403036652671171, 'gpp_b': 0.14577755664212386, 'gpp_d': 229.41380323183625, 'ign_k': 0.010167079878196114, 'ign_c': 2.414259639010457, 'trop_agb_crit': 7.500118950416987, 'trop_k_veg': 6.45312300188076}.
