[I 2026-06-07 01:44:42,314] Trial 39 finished with values: [10.952380952183653, 10.952380952183653] and parameters: {'k1': 0.011911039386071291, 'D_low': 6012.608403836943, 'k2': 0.025037419312288423, 'D_high': 97.5870988151656, 'fire_exp': 2.821916346634667, 'P_half': 3.2857737869796977, 'pre_dampen_half': 589.1896867519522, 'gpp_af': 1.0736758192045208, 'gpp_b': 0.00023542730600707436, 'gpp_d': 22.829869134347756, 'ign_k': 0.2968335334247001, 'ign_c': 2.708013793478253, 'trop_agb_crit': 1.4714256860732133, 'trop_k_veg': 3.218286540673567}.
[I 2026-06-07 01:44:42,740] Trial 40 finished with values: [10.944398610785829, 10.944398610785829] and parameters: {'k1': 0.0012056765208549535, 'D_low': 1228.2126524008484, 'k2': 0.0012040762895973265, 'D_high': 25628.666000163565, 'fire_exp': 3.5637467870629145, 'P_half': 175.2878790340412, 'pre_dampen_half': 241.6951931920675, 'gpp_af': 0.10409127568994281, 'gpp_b': 6.369295096609023e-05, 'gpp_d': 0.01392878970664331, 'ign_k': 1.0484531351650956, 'ign_c': 30.28574109895626, 'trop_agb_crit': 10.965064494899984, 'trop_k_veg': 0.902411054575325}.
[I 2026-06-07 01:44:43,167] Trial 41 finished with values: [10.935498667010386, 10.935498667010386] and parameters: {'k1': 3.511445258128687e-05, 'D_low': 1.1433485956638711, 'k2': 0.000252551664529441, 'D_high': 2289.1315306837046, 'fire_exp': 2.467425479508436, 'P_half': 56.22114524476698, 'pre_dampen_half': 331.7366635899375, 'gpp_af': 0.05511595477601764, 'gpp_b': 0.012132126638791128, 'gpp_d': 82.84476373292442, 'ign_k': 0.038563028138793747, 'ign_c': 30.785541778315018, 'trop_agb_crit': 18.785197416433792, 'trop_k_veg': 6.955154171468271}.
[I 2026-06-07 01:44:43,585] Trial 42 finished with values: [10.952380929447845, 10.952380929447845] and parameters: {'k1': 3.8751982355100445e-05, 'D_low': 5085.697220189423, 'k2': 0.0009299619346742016, 'D_high': 107.88909575795405, 'fire_exp': 2.878298002135838, 'P_half': 8320.133621840185, 'pre_dampen_half': 2.9046276683520444, 'gpp_af': 0.04403094955951772, 'gpp_b': 0.06315461993576105, 'gpp_d': 0.15875524914818662, 'ign_k': 0.002011190979341457, 'ign_c': 0.3277320296937064, 'trop_agb_crit': 1.5457499114893816, 'trop_k_veg': 0.7618668427217097}.
[I 2026-06-07 01:44:44,003] Trial 43 finished with values: [10.952380952183653, 10.952380952183653] and parameters: {'k1': 3.5917714215176105e-05, 'D_low': 366.0150802571657, 'k2': 5.3397427849512415e-05, 'D_high': 241.3621319452758, 'fire_exp': 7.884758752688456, 'P_half': 78.6767770625783, 'pre_dampen_half': 21.76650458296881, 'gpp_af': 0.007271087249685717, 'gpp_b': 0.00014247350641458749, 'gpp_d': 0.01600822137048066, 'ign_k': 0.004739584301027368, 'ign_c': 1.3012518385211496, 'trop_agb_crit': 1.82585358527758, 'trop_k_veg': 0.6394086361306349}.
[I 2026-06-07 01:44:44,420] Trial 44 finished with values: [10.952380952183653, 10.952380952183653] and parameters: {'k1': 3.0376902301221646e-05, 'D_low': 69.68111190775313, 'k2': 6.688594595986188e-05, 'D_high': 286.47019533509877, 'fire_exp': 3.187258374159921, 'P_half': 577.536337635295, 'pre_dampen_half': 0.015723915425446308, 'gpp_af': 9.93234953243751, 'gpp_b': 0.0585332093505296, 'gpp_d': 0.025632747517520264, 'ign_k': 3.121148960880235, 'ign_c': 482.4914281180254, 'trop_agb_crit': 1.2308908766048772, 'trop_k_veg': 1.0773676061600252}.
[I 2026-06-07 01:44:44,849] Trial 45 finished with values: [10.949829479615001, 10.949829479615001] and parameters: {'k1': 0.016780508579130986, 'D_low': 984.098934375832, 'k2': 5.471218729342035e-05, 'D_high': 68.76972589957657, 'fire_exp': 2.346778510892046, 'P_half': 86.71454322584181, 'pre_dampen_half': 12.338826503601993, 'gpp_af': 0.06991465160637357, 'gpp_b': 0.0059594790418686545, 'gpp_d': 54.620376657085984, 'ign_k': 0.0014019509251727794, 'ign_c': 1.0226988730324322, 'trop_agb_crit': 11.316283925181681, 'trop_k_veg': 5.982827017670785}.
[I 2026-06-07 01:44:45,277] Trial 46 finished with values: [10.951300930251001, 10.951300930251001] and parameters: {'k1': 0.0011135501184757278, 'D_low': 134.41692037498814, 'k2': 2.683416249684868e-05, 'D_high': 616.0975294741442, 'fire_exp': 3.408923587626441, 'P_half': 9.330007965781027, 'pre_dampen_half': 0.2219300723552719, 'gpp_af': 0.07698760608299933, 'gpp_b': 1.319554058182653e-05, 'gpp_d': 0.4077517446321826, 'ign_k': 0.007011194706512118, 'ign_c': 2.041688152713819, 'trop_agb_crit': 1.5028069346088124, 'trop_k_veg': 5.905704303105107}.
[I 2026-06-07 01:44:45,702] Trial 47 finished with values: [10.936264673282508, 10.936264673282508] and parameters: {'k1': 0.002367935204022389, 'D_low': 520.4862686958022, 'k2': 0.014344484793173472, 'D_high': 985.7545621889059, 'fire_exp': 1.221575427404682, 'P_half': 140.74279366401683, 'pre_dampen_half': 8.594202650742222, 'gpp_af': 5.335773317316401, 'gpp_b': 0.0038900687554386305, 'gpp_d': 0.043441170039664946, 'ign_k': 0.013649087666416938, 'ign_c': 2.833538941762469, 'trop_agb_crit': 8.997007571451054, 'trop_k_veg': 2.433635694703634}.
[I 2026-06-07 01:44:46,150] Trial 48 finished with values: [10.952211199013052, 10.952211199013052] and parameters: {'k1': 0.0002656971546588439, 'D_low': 8832.039346746853, 'k2': 0.0026491056409715568, 'D_high': 88.90110660871557, 'fire_exp': 1.264103030891254, 'P_half': 4.087300390305745, 'pre_dampen_half': 0.16974173693738637, 'gpp_af': 0.006359264168909616, 'gpp_b': 0.00013164432569139702, 'gpp_d': 0.266364193430916, 'ign_k': 0.004937355303501836, 'ign_c': 386.4218705871764, 'trop_agb_crit': 1.3137567821944718, 'trop_k_veg': 2.140644994345184}.
[I 2026-06-07 01:44:46,618] Trial 49 finished with values: [10.952380952183653, 10.952380952183653] and parameters: {'k1': 0.0004381141781653137, 'D_low': 8501.870149611703, 'k2': 2.80643901112427e-05, 'D_high': 390.3214299767182, 'fire_exp': 9.321170097491994, 'P_half': 2897.5337521324113, 'pre_dampen_half': 121.71955466763166, 'gpp_af': 0.019476644406315295, 'gpp_b': 0.00010600479837821697, 'gpp_d': 22.04022885077013, 'ign_k': 5.2179985791932095, 'ign_c': 16.867533138445342, 'trop_agb_crit': 6.9878126575720865, 'trop_k_veg': 1.0866718721112656}.
[I 2026-06-07 01:44:47,056] Trial 50 finished with values: [10.951052761430137, 10.951052761430137] and parameters: {'k1': 0.011966626407443505, 'D_low': 5.59983195169599, 'k2': 0.0001971137615017176, 'D_high': 503.20593472868, 'fire_exp': 3.2181803496180783, 'P_half': 9.324787201197319, 'pre_dampen_half': 0.03751320096826995, 'gpp_af': 1.1300566419249867, 'gpp_b': 0.0005392415140872105, 'gpp_d': 8.057329182285729, 'ign_k': 0.004144296901136395, 'ign_c': 8.405439129313676, 'trop_agb_crit': 6.119263728555865, 'trop_k_veg': 0.5772603928610088}.
[I 2026-06-07 01:44:47,470] Trial 51 finished with values: [10.951553410639304, 10.951553410639304] and parameters: {'k1': 0.0002220327882582422, 'D_low': 3.4487261314487374, 'k2': 1.7926680648388784e-05, 'D_high': 91167.68553735358, 'fire_exp': 2.100650708889295, 'P_half': 1735.792403594532, 'pre_dampen_half': 0.1875872314533727, 'gpp_af': 2.555721998081809, 'gpp_b': 0.36422282566934217, 'gpp_d': 9.51028874815853, 'ign_k': 0.07696703458159232, 'ign_c': 4.4398025529904634, 'trop_agb_crit': 3.275825291386224, 'trop_k_veg': 6.58013223588778}.
[I 2026-06-07 01:44:47,904] Trial 52 finished with values: [10.952380951529921, 10.952380951529921] and parameters: {'k1': 0.021012495389257996, 'D_low': 7246.155384166953, 'k2': 3.141874937567034e-05, 'D_high': 8384.359680188665, 'fire_exp': 8.67641780340108, 'P_half': 5.308016505637286, 'pre_dampen_half': 0.02150212275147223, 'gpp_af': 5.0769542101311895, 'gpp_b': 0.02797941816693705, 'gpp_d': 161.8616203933295, 'ign_k': 0.0036231766306828567, 'ign_c': 151.72922775770425, 'trop_agb_crit': 1.9853084907433398, 'trop_k_veg': 0.7871026877863944}.
[I 2026-06-07 01:44:48,320] Trial 53 finished with values: [10.952202848882148, 10.952202848882148] and parameters: {'k1': 4.540076719227351e-05, 'D_low': 1812.5870836716226, 'k2': 0.004579192310322934, 'D_high': 1236.6924205139144, 'fire_exp': 2.284706851725763, 'P_half': 3227.0237615158, 'pre_dampen_half': 0.9166964238460101, 'gpp_af': 12.105903211961781, 'gpp_b': 0.00431329787498825, 'gpp_d': 0.7668707039273333, 'ign_k': 0.07091190338709638, 'ign_c': 1.6051347487097574, 'trop_agb_crit': 12.71480504859747, 'trop_k_veg': 2.0151420787331644}.
[I 2026-06-07 01:44:48,742] Trial 54 finished with values: [10.952380952183653, 10.952380952183653] and parameters: {'k1': 8.488887549001697e-05, 'D_low': 3965.503094323013, 'k2': 0.0003432139136241583, 'D_high': 1493.5213816355397, 'fire_exp': 8.062544245508258, 'P_half': 314.0161493033586, 'pre_dampen_half': 0.03841405939530548, 'gpp_af': 50.02195003344719, 'gpp_b': 0.05837787985865385, 'gpp_d': 0.47263738772504293, 'ign_k': 0.0036065195493704487, 'ign_c': 150.00328053766276, 'trop_agb_crit': 8.239913397912682, 'trop_k_veg': 2.194427136482602}.
[I 2026-06-07 01:44:49,156] Trial 55 finished with values: [10.952380893121548, 10.952380893121548] and parameters: {'k1': 0.0376331292637011, 'D_low': 1426.8845807630423, 'k2': 4.042960692360327e-05, 'D_high': 176.55835392092538, 'fire_exp': 1.77210373046677, 'P_half': 945.7692079529039, 'pre_dampen_half': 0.014711676743602244, 'gpp_af': 0.7070472286699654, 'gpp_b': 0.3756229459320481, 'gpp_d': 242.00714252738, 'ign_k': 0.023352156626184447, 'ign_c': 192.76545985682404, 'trop_agb_crit': 1.4568555410190271, 'trop_k_veg': 5.2263696497184915}.
[I 2026-06-07 01:44:49,572] Trial 56 finished with values: [10.94721780234622, 10.94721780234622] and parameters: {'k1': 3.23559867820537e-05, 'D_low': 38.82837025280678, 'k2': 0.0154590023470884, 'D_high': 39.780451630530095, 'fire_exp': 1.695318866910499, 'P_half': 774.4801185127448, 'pre_dampen_half': 39.827466658711515, 'gpp_af': 1.6059727222314266, 'gpp_b': 0.14577755664212372, 'gpp_d': 5.171567728758048, 'ign_k': 0.010167079878196122, 'ign_c': 2.414259639010457, 'trop_agb_crit': 1.8545640943955186, 'trop_k_veg': 6.206596018600863}.
[I 2026-06-07 01:44:49,997] Trial 57 finished with values: [10.605338159206516, 10.605338159206516] and parameters: {'k1': 0.002155595057104387, 'D_low': 40.12413353131991, 'k2': 0.0007047307383115598, 'D_high': 61536.58035691659, 'fire_exp': 1.423480109671474, 'P_half': 221.2683656611821, 'pre_dampen_half': 3.3841016089580047, 'gpp_af': 1.1409619915696272, 'gpp_b': 1.284284091405877e-05, 'gpp_d': 229.41380323183625, 'ign_k': 5.351470428717439, 'ign_c': 18.219343937475102, 'trop_agb_crit': 10.691477813613638, 'trop_k_veg': 6.45312300188076}.
[I 2026-06-07 01:44:50,429] Trial 58 finished with values: [10.952380952183653, 10.952380952183653] and parameters: {'k1': 0.0067445742055710165, 'D_low': 4.075267974954964, 'k2': 0.002019079599080459, 'D_high': 2672.1460136202413, 'fire_exp': 2.6554044046291967, 'P_half': 882.6264591983529, 'pre_dampen_half': 469.71569713904756, 'gpp_af': 42.44656636175246, 'gpp_b': 0.005070330027123044, 'gpp_d': 0.036829025642112774, 'ign_k': 8.696906396418676, 'ign_c': 226.77352235512825, 'trop_agb_crit': 1.5280652380617874, 'trop_k_veg': 6.423535314325734}.
[I 2026-06-07 01:44:50,848] Trial 59 finished with values: [10.952380952183653, 10.952380952183653] and parameters: {'k1': 0.03017070428997155, 'D_low': 118.94665366442581, 'k2': 0.0023179376139410863, 'D_high': 394.46712559035336, 'fire_exp': 1.1343880394302208, 'P_half': 21.917396611576006, 'pre_dampen_half': 103.33971107789337, 'gpp_af': 0.0010547756978008518, 'gpp_b': 0.0010022937682537696, 'gpp_d': 0.9791370130598963, 'ign_k': 0.14111799966684616, 'ign_c': 477.9940225278667, 'trop_agb_crit': 3.2478430178435422, 'trop_k_veg': 1.308408291985664}.
[I 2026-06-07 01:44:51,261] Trial 60 finished with values: [10.952346776849867, 10.952346776849867] and parameters: {'k1': 0.008912611835817005, 'D_low': 64.39790863101601, 'k2': 7.91442361215536e-05, 'D_high': 645.2946500764235, 'fire_exp': 1.3831109524271548, 'P_half': 5.076307782729897, 'pre_dampen_half': 3.1034079168999185, 'gpp_af': 0.12434469102435375, 'gpp_b': 3.083723329640505, 'gpp_d': 0.6485888757042114, 'ign_k': 0.2100648561959642, 'ign_c': 33.8109327317085, 'trop_agb_crit': 1.0455434848969813, 'trop_k_veg': 3.1473758868965485}.
[I 2026-06-07 01:44:51,672] Trial 61 finished with values: [10.952085232286791, 10.952085232286791] and parameters: {'k1': 5.153993511603138e-05, 'D_low': 6986.847592445664, 'k2': 3.93233864214816e-05, 'D_high': 455.5085098454085, 'fire_exp': 1.2171655955604195, 'P_half': 9716.212563514906, 'pre_dampen_half': 3.243209859731716, 'gpp_af': 0.9482548804624966, 'gpp_b': 2.5261484261151592e-05, 'gpp_d': 56.20854611217174, 'ign_k': 0.006912296717033066, 'ign_c': 391.03637457741775, 'trop_agb_crit': 2.009167401373723, 'trop_k_veg': 0.8483613982653367}.
[I 2026-06-07 01:44:52,086] Trial 62 finished with values: [10.952380784700363, 10.952380784700363] and parameters: {'k1': 1.4002277211577026e-05, 'D_low': 77.31571570012609, 'k2': 0.0018170401889219116, 'D_high': 18.316165443932743, 'fire_exp': 5.963862427044409, 'P_half': 65.03622711342449, 'pre_dampen_half': 4.187466509282844, 'gpp_af': 0.15988721385117127, 'gpp_b': 0.002538506999597816, 'gpp_d': 6.283500537123675, 'ign_k': 0.004177928311636542, 'ign_c': 0.5342106255632174, 'trop_agb_crit': 18.748298427129946, 'trop_k_veg': 6.889798778165608}.
[I 2026-06-07 01:44:52,505] Trial 63 finished with values: [10.821804387895757, 10.821804387895757] and parameters: {'k1': 0.00031134168041628584, 'D_low': 12.105387404469584, 'k2': 0.003767022142229395, 'D_high': 431.45617043093523, 'fire_exp': 1.0601964743503993, 'P_half': 4.213183643253957, 'pre_dampen_half': 38.00678588560607, 'gpp_af': 1.970696337909548, 'gpp_b': 1.4540386644083135e-05, 'gpp_d': 0.12878367369717508, 'ign_k': 0.00840038491455979, 'ign_c': 48.704711413416454, 'trop_agb_crit': 1.0693376406863295, 'trop_k_veg': 0.6673124511410327}.
[I 2026-06-07 01:44:52,922] Trial 64 finished with values: [10.951702866391567, 10.951702866391567] and parameters: {'k1': 0.008287522363768155, 'D_low': 37.35862630812753, 'k2': 0.03699867920489092, 'D_high': 774.2116473996249, 'fire_exp': 6.234638880169447, 'P_half': 102.4585893986732, 'pre_dampen_half': 7.665128204660192, 'gpp_af': 0.6403036652671174, 'gpp_b': 0.42247700890263673, 'gpp_d': 2.944272359149678, 'ign_k': 0.12329098365270519, 'ign_c': 0.12510188850164433, 'trop_agb_crit': 15.190534371012383, 'trop_k_veg': 0.8170196702261714}.
[I 2026-06-07 01:44:53,336] Trial 65 finished with values: [10.952375451217742, 10.952375451217742] and parameters: {'k1': 0.0007883068789768041, 'D_low': 2.4622754931226587, 'k2': 5.178197947282869e-05, 'D_high': 783.2259769732478, 'fire_exp': 6.234638880169447, 'P_half': 102.4585893986732, 'pre_dampen_half': 0.9829324480069707, 'gpp_af': 1.200191344086032, 'gpp_b': 0.0001484082099455773, 'gpp_d': 40.95062894476691, 'ign_k': 0.013276678836047658, 'ign_c': 0.12510188850164433, 'trop_agb_crit': 8.983402272488592, 'trop_k_veg': 5.373862339436158}.
[I 2026-06-07 01:44:53,750] Trial 66 finished with values: [10.952380950895865, 10.952380950895865] and parameters: {'k1': 0.008912611835817005, 'D_low': 894.5150807271528, 'k2': 7.91442361215536e-05, 'D_high': 645.2946500764235, 'fire_exp': 2.627846918579106, 'P_half': 5.076307782729897, 'pre_dampen_half': 3.1034079168999185, 'gpp_af': 1.8353992050207775, 'gpp_b': 3.083723329640505, 'gpp_d': 0.03805074835058821, 'ign_k': 0.2100648561959642, 'ign_c': 0.1455174947607226, 'trop_agb_crit': 18.3492792986878, 'trop_k_veg': 3.517697529584013}.
[I 2026-06-07 01:44:54,165] Trial 67 finished with values: [10.950872115575788, 10.950872115575788] and parameters: {'k1': 1.4002277211577026e-05, 'D_low': 77.31571570012609, 'k2': 0.0018170401889219116, 'D_high': 3712.591045287733, 'fire_exp': 5.963862427044409, 'P_half': 65.03622711342449, 'pre_dampen_half': 502.5175192217655, 'gpp_af': 0.15988721385117127, 'gpp_b': 0.0021331409710300844, 'gpp_d': 6.283500537123675, 'ign_k': 0.06807874826564587, 'ign_c': 15.221840161091619, 'trop_agb_crit': 18.748298427129946, 'trop_k_veg': 6.889798778165608}.
[I 2026-06-07 01:44:54,577] Trial 68 finished with values: [10.950738300906593, 10.950738300906593] and parameters: {'k1': 0.00488137519160367, 'D_low': 38.82837025280678, 'k2': 8.923807143379776e-05, 'D_high': 8182.111518618414, 'fire_exp': 1.695318866910499, 'P_half': 338.23872019362165, 'pre_dampen_half': 39.827466658711515, 'gpp_af': 0.015520792944431091, 'gpp_b': 0.14577755664212372, 'gpp_d': 5.171567728758048, 'ign_k': 0.010167079878196122, 'ign_c': 0.24989960578908893, 'trop_agb_crit': 1.14876138417489, 'trop_k_veg': 2.573214588078609}.
[I 2026-06-07 01:44:54,992] Trial 69 finished with values: [10.947409254018721, 10.947409254018721] and parameters: {'k1': 8.488887549001697e-05, 'D_low': 38.82837025280678, 'k2': 0.0003432139136241583, 'D_high': 1493.5213816355397, 'fire_exp': 1.695318866910499, 'P_half': 314.0161493033586, 'pre_dampen_half': 39.827466658711515, 'gpp_af': 1.6059727222314266, 'gpp_b': 0.14577755664212372, 'gpp_d': 0.47263738772504293, 'ign_k': 0.0036065195493704487, 'ign_c': 2.414259639010457, 'trop_agb_crit': 1.8545640943955186, 'trop_k_veg': 2.194427136482602}.
[I 2026-06-07 01:44:55,419] Trial 70 finished with values: [10.952370865648371, 10.952370865648371] and parameters: {'k1': 0.0002656971546588439, 'D_low': 38.82837025280678, 'k2': 0.0026491056409715568, 'D_high': 39.780451630530095, 'fire_exp': 1.264103030891254, 'P_half': 9.390501015726496, 'pre_dampen_half': 0.16974173693738637, 'gpp_af': 0.006359264168909616, 'gpp_b': 0.21557658661495363, 'gpp_d': 5.171567728758048, 'ign_k': 0.004937355303501836, 'ign_c': 386.4218705871764, 'trop_agb_crit': 1.8545640943955186, 'trop_k_veg': 6.206596018600863}.
[I 2026-06-07 01:44:55,843] Trial 71 finished with values: [10.952380684321524, 10.952380684321524] and parameters: {'k1': 0.00016480446427978953, 'D_low': 125.61043700013555, 'k2': 0.026471946255259393, 'D_high': 146.1896279370497, 'fire_exp': 6.76425333699272, 'P_half': 4.213183643253957, 'pre_dampen_half': 0.2888838362365318, 'gpp_af': 1.970696337909548, 'gpp_b': 1.4540386644083135e-05, 'gpp_d': 84.31013932082456, 'ign_k': 0.006290644294586149, 'ign_c': 48.704711413416454, 'trop_agb_crit': 7.500118950416987, 'trop_k_veg': 0.6673124511410327}.
[I 2026-06-07 01:44:56,258] Trial 72 finished with values: [10.952380952183653, 10.952380952183653] and parameters: {'k1': 0.00038791280730284417, 'D_low': 1938.3858782150498, 'k2': 0.0066829607218309986, 'D_high': 21.15412774188856, 'fire_exp': 1.2157316246544858, 'P_half': 8842.15887512662, 'pre_dampen_half': 0.7436249946022379, 'gpp_af': 0.07131990160433632, 'gpp_b': 0.7530042086543878, 'gpp_d': 544.807260813754, 'ign_k': 8.790311296857814, 'ign_c': 103.16033434719708, 'trop_agb_crit': 3.5956799721244663, 'trop_k_veg': 0.6302529481725916}.
[I 2026-06-07 01:44:56,675] Trial 73 finished with values: [10.952380936072617, 10.952380936072617] and parameters: {'k1': 0.012840669372724958, 'D_low': 470.2627143647233, 'k2': 0.007058572590901788, 'D_high': 88.9193644629625, 'fire_exp': 2.1154350616377124, 'P_half': 93.43302657318476, 'pre_dampen_half': 0.10590622233713291, 'gpp_af': 17.624510039685536, 'gpp_b': 0.08824240860504111, 'gpp_d': 0.03927259340973168, 'ign_k': 0.0023697311169867336, 'ign_c': 2.9570809414943473, 'trop_agb_crit': 2.4645410377327237, 'trop_k_veg': 0.983473833513531}.
[I 2026-06-07 01:44:57,109] Trial 74 finished with values: [10.673729058816317, 10.673729058816317] and parameters: {'k1': 0.008912611835817005, 'D_low': 355.00125258511594, 'k2': 0.0353875886477924, 'D_high': 645.2946500764235, 'fire_exp': 1.3170256885255098, 'P_half': 5.076307782729897, 'pre_dampen_half': 63.668591607994244, 'gpp_af': 0.6403036652671174, 'gpp_b': 0.0005739662837359252, 'gpp_d': 2.944272359149678, 'ign_k': 0.2100648561959642, 'ign_c': 5.130551760589832, 'trop_agb_crit': 1.0903028125370984, 'trop_k_veg': 3.1473758868965485}.
[I 2026-06-07 01:44:57,534] Trial 75 finished with values: [10.952380894720816, 10.952380894720816] and parameters: {'k1': 0.0003179302199939536, 'D_low': 1426.8845807630423, 'k2': 0.0020564614086027925, 'D_high': 13.924162890248676, 'fire_exp': 2.921447042060987, 'P_half': 3848.9589040216215, 'pre_dampen_half': 0.014711676743602244, 'gpp_af': 0.8998420889037458, 'gpp_b': 1.524058016414757e-05, 'gpp_d': 0.01161474334678487, 'ign_k': 0.023352156626184447, 'ign_c': 2.7590690254397843, 'trop_agb_crit': 1.4568555410190271, 'trop_k_veg': 2.1272255937459805}.
[I 2026-06-07 01:44:57,961] Trial 76 finished with values: [10.952380952183653, 10.952380952183653] and parameters: {'k1': 0.004312951023617458, 'D_low': 2.0598022365449626, 'k2': 2.1980325699763847e-05, 'D_high': 70891.41723796881, 'fire_exp': 6.854568494872217, 'P_half': 220.3445560633069, 'pre_dampen_half': 502.5175192217655, 'gpp_af': 0.007353119099448618, 'gpp_b': 8.682049468455238e-05, 'gpp_d': 0.17832592720985765, 'ign_k': 0.06807874826564587, 'ign_c': 72.17448452444773, 'trop_agb_crit': 24.584290528289387, 'trop_k_veg': 1.0865357077254767}.
[I 2026-06-07 01:44:58,367] Trial 77 finished with values: [10.951361511644116, 10.951361511644116] and parameters: {'k1': 0.00031134168041628584, 'D_low': 12.105387404469584, 'k2': 0.003767022142229395, 'D_high': 88.90110660871557, 'fire_exp': 1.264103030891254, 'P_half': 6.784924519083139, 'pre_dampen_half': 0.16974173693738637, 'gpp_af': 0.006359264168909616, 'gpp_b': 0.00013164432569139702, 'gpp_d': 0.12878367369717508, 'ign_k': 0.004937355303501836, 'ign_c': 386.4218705871764, 'trop_agb_crit': 1.0693376406863295, 'trop_k_veg': 0.6673124511410327}.
