[I 2026-08-06 11:07:31,698] Trial 1042 finished with values: [10.540807604636232, 10.540807604636232] and parameters: {'k1': 0.008912611835817005, 'D_low': 12.105387404469584, 'k2': 0.031536006085184705, 'D_high': 61536.58035691648, 'fire_exp': 3.3801590342525687, 'P_half': 712.8188058401365, 'pre_dampen_half': 234.12640025944248, 'gpp_af': 0.6403036652671171, 'gpp_b': 0.08128322984179755, 'gpp_d': 84.31013932082456, 'ign_k': 0.07091190338709638, 'ign_c': 5.13055176058983, 'trop_agb_crit': 8.997007571451054, 'trop_k_veg': 2.4336356947036335}.
[I 2026-08-06 11:07:33,533] Trial 1043 finished with values: [10.115395757214657, 10.115395757214657] and parameters: {'k1': 1.4716512163645849e-05, 'D_low': 12.105387404469584, 'k2': 1.1065812688893481e-05, 'D_high': 8182.111518618414, 'fire_exp': 1.3170256885255098, 'P_half': 276.27089412392087, 'pre_dampen_half': 63.6685916079943, 'gpp_af': 1.9706963379095486, 'gpp_b': 0.13713885091300912, 'gpp_d': 19.600139992927435, 'ign_k': 2.5253810447657927, 'ign_c': 1.9580595319750387, 'trop_agb_crit': 8.997007571451054, 'trop_k_veg': 2.4336356947036335}.
[I 2026-08-06 11:07:36,403] Trial 1044 finished with values: [10.750950346294447, 10.750950346294447] and parameters: {'k1': 0.01889771394135163, 'D_low': 7480.921720804117, 'k2': 1.1065812688893481e-05, 'D_high': 60107.420288647554, 'fire_exp': 1.7329145403564932, 'P_half': 523.1053126909052, 'pre_dampen_half': 63.6685916079943, 'gpp_af': 0.6403036652671171, 'gpp_b': 0.0012213924959062798, 'gpp_d': 1.493264336549928, 'ign_k': 0.13546626168109255, 'ign_c': 2.4936660834465174, 'trop_agb_crit': 6.119263728555865, 'trop_k_veg': 2.520089655463604}.
[I 2026-08-06 11:07:38,280] Trial 1045 finished with values: [10.768013339734818, 10.768013339734818] and parameters: {'k1': 0.00488137519160367, 'D_low': 520.4862686958022, 'k2': 0.003101429427212743, 'D_high': 61536.58035691648, 'fire_exp': 1.221575427404682, 'P_half': 523.1053126909052, 'pre_dampen_half': 719.4083432823455, 'gpp_af': 0.0014188461251885575, 'gpp_b': 0.6198479224692378, 'gpp_d': 350.88322284755304, 'ign_k': 3.589155871450839, 'ign_c': 1.2431017136067033, 'trop_agb_crit': 8.997007571451054, 'trop_k_veg': 1.9799513595694562}.
[I 2026-08-06 11:07:40,938] Trial 1046 finished with values: [-0.6044926467635149, 0.04057415262633368] and parameters: {'k1': 0.01889771394135163, 'D_low': 7.299348683062307, 'k2': 0.019894080167856886, 'D_high': 8182.111518618414, 'fire_exp': 1.7329145403564932, 'P_half': 712.8188058401365, 'pre_dampen_half': 38.00678588560607, 'gpp_af': 0.6403036652671171, 'gpp_b': 0.0012213924959062798, 'gpp_d': 350.88322284755304, 'ign_k': 0.12329098365270515, 'ign_c': 1.9580595319750387, 'trop_agb_crit': 6.119263728555865, 'trop_k_veg': 2.4336356947036335}.
[I 2026-08-06 11:07:42,906] Trial 1047 finished with values: [10.236752708133972, 10.236752708133972] and parameters: {'k1': 0.01889771394135163, 'D_low': 7.299348683062307, 'k2': 0.019894080167856886, 'D_high': 1236.6924205139144, 'fire_exp': 1.221575427404682, 'P_half': 523.1053126909052, 'pre_dampen_half': 719.4083432823455, 'gpp_af': 75.74758210832029, 'gpp_b': 0.01666658176842624, 'gpp_d': 84.31013932082456, 'ign_k': 0.12329098365270515, 'ign_c': 1.483502036384642, 'trop_agb_crit': 6.119263728555865, 'trop_k_veg': 2.520089655463604}.
[I 2026-08-06 11:07:44,860] Trial 1048 finished with values: [10.769230768877819, 10.769230768877819] and parameters: {'k1': 0.002549454588329709, 'D_low': 520.4862686958022, 'k2': 0.0154776166709383, 'D_high': 8182.111518618414, 'fire_exp': 1.221575427404682, 'P_half': 712.8188058401365, 'pre_dampen_half': 124.72235343584714, 'gpp_af': 0.6403036652671171, 'gpp_b': 0.22727308251068193, 'gpp_d': 19.600139992927435, 'ign_k': 2.5253810447657927, 'ign_c': 831.5365004960594, 'trop_agb_crit': 7.7455469160099035, 'trop_k_veg': 2.4336356947036335}.
[I 2026-08-06 11:07:46,821] Trial 1049 finished with values: [-0.6203492430579459, 0.05760614868423697] and parameters: {'k1': 0.002136439666839362, 'D_low': 38.82837025280678, 'k2': 0.019894080167856886, 'D_high': 1236.6924205139144, 'fire_exp': 1.2611826901294014, 'P_half': 712.8188058401365, 'pre_dampen_half': 38.00678588560607, 'gpp_af': 10.178541681137117, 'gpp_b': 0.0012213924959062798, 'gpp_d': 350.88322284755304, 'ign_k': 6.891386015952696, 'ign_c': 1.9580595319750387, 'trop_agb_crit': 6.119263728555865, 'trop_k_veg': 2.4336356947036335}.
[I 2026-08-06 11:07:48,767] Trial 1050 finished with values: [10.434280639150606, 10.434280639150606] and parameters: {'k1': 0.002155595057104387, 'D_low': 982.409871499049, 'k2': 1.1065812688893481e-05, 'D_high': 21.947742689197344, 'fire_exp': 1.221575427404682, 'P_half': 712.8188058401365, 'pre_dampen_half': 63.6685916079943, 'gpp_af': 11.451145698676878, 'gpp_b': 0.08687036454256601, 'gpp_d': 757.2868182332339, 'ign_k': 0.12329098365270515, 'ign_c': 1.9580595319750387, 'trop_agb_crit': 6.119263728555865, 'trop_k_veg': 2.4336356947036335}.
[I 2026-08-06 11:07:50,748] Trial 1051 finished with values: [10.263754712641004, 10.263754712641004] and parameters: {'k1': 0.008912611835817005, 'D_low': 520.4862686958022, 'k2': 1.1065812688893481e-05, 'D_high': 1236.6924205139144, 'fire_exp': 1.221575427404682, 'P_half': 523.1053126909052, 'pre_dampen_half': 124.72235343584714, 'gpp_af': 1.6059727222314273, 'gpp_b': 0.13713885091300912, 'gpp_d': 19.600139992927435, 'ign_k': 0.21006485619596416, 'ign_c': 1.9580595319750387, 'trop_agb_crit': 8.997007571451054, 'trop_k_veg': 2.4336356947036335}.
[I 2026-08-06 11:07:52,682] Trial 1052 finished with values: [10.669989193539797, 10.669989193539797] and parameters: {'k1': 0.002155595057104387, 'D_low': 1.3577269394141454, 'k2': 1.1065812688893481e-05, 'D_high': 32.53741042140524, 'fire_exp': 1.2611826901294014, 'P_half': 22.54602706347901, 'pre_dampen_half': 124.72235343584714, 'gpp_af': 0.6403036652671171, 'gpp_b': 0.0012213924959062798, 'gpp_d': 5.1715677287580455, 'ign_k': 0.12329098365270515, 'ign_c': 1.9580595319750387, 'trop_agb_crit': 10.691477813613638, 'trop_k_veg': 5.580504276549027}.
[I 2026-08-06 11:07:54,600] Trial 1053 finished with values: [10.3839019629657, 10.3839019629657] and parameters: {'k1': 0.00488137519160367, 'D_low': 520.4862686958022, 'k2': 0.0154776166709383, 'D_high': 8182.111518618414, 'fire_exp': 1.221575427404682, 'P_half': 712.8188058401365, 'pre_dampen_half': 719.4083432823455, 'gpp_af': 1.9706963379095486, 'gpp_b': 0.01666658176842624, 'gpp_d': 350.88322284755304, 'ign_k': 2.5253810447657927, 'ign_c': 1.9580595319750387, 'trop_agb_crit': 6.119263728555865, 'trop_k_veg': 2.4336356947036335}.
[I 2026-08-06 11:07:56,601] Trial 1054 finished with values: [10.769230768877819, 10.769230768877819] and parameters: {'k1': 0.00488137519160367, 'D_low': 520.4862686958022, 'k2': 1.1065812688893481e-05, 'D_high': 1236.6924205139144, 'fire_exp': 1.221575427404682, 'P_half': 523.1053126909052, 'pre_dampen_half': 63.6685916079943, 'gpp_af': 1.9706963379095486, 'gpp_b': 0.01666658176842624, 'gpp_d': 350.88322284755304, 'ign_k': 2.5253810447657927, 'ign_c': 515.6257069134119, 'trop_agb_crit': 8.997007571451054, 'trop_k_veg': 2.520089655463604}.
[I 2026-08-06 11:07:58,506] Trial 1055 finished with values: [-0.5973069565923329, 0.05650226955763471] and parameters: {'k1': 0.00488137519160367, 'D_low': 1.3577269394141454, 'k2': 0.0154776166709383, 'D_high': 1236.6924205139144, 'fire_exp': 1.3170256885255098, 'P_half': 523.1053126909052, 'pre_dampen_half': 719.4083432823455, 'gpp_af': 5.335773317316405, 'gpp_b': 0.22727308251068193, 'gpp_d': 5.1715677287580455, 'ign_k': 2.5253810447657927, 'ign_c': 1.9580595319750387, 'trop_agb_crit': 8.997007571451054, 'trop_k_veg': 2.4336356947036335}.
[I 2026-08-06 11:08:00,364] Trial 1056 finished with values: [10.698095904249476, 10.698095904249476] and parameters: {'k1': 0.00488137519160367, 'D_low': 12.105387404469584, 'k2': 1.1065812688893481e-05, 'D_high': 8182.111518618414, 'fire_exp': 1.3170256885255098, 'P_half': 276.27089412392087, 'pre_dampen_half': 63.6685916079943, 'gpp_af': 0.013276330623901841, 'gpp_b': 0.13713885091300912, 'gpp_d': 84.31013932082456, 'ign_k': 0.6161423618045312, 'ign_c': 1.9580595319750387, 'trop_agb_crit': 8.997007571451054, 'trop_k_veg': 2.4336356947036335}.
[I 2026-08-06 11:08:03,057] Trial 1057 finished with values: [11.209333200314445, 11.209333200314445] and parameters: {'k1': 0.01889771394135163, 'D_low': 7.299348683062307, 'k2': 0.019894080167856886, 'D_high': 5670.3463356272905, 'fire_exp': 1.7329145403564932, 'P_half': 4.213183643253957, 'pre_dampen_half': 63.6685916079943, 'gpp_af': 0.6403036652671171, 'gpp_b': 0.08128322984179755, 'gpp_d': 757.2868182332339, 'ign_k': 0.12329098365270515, 'ign_c': 5.13055176058983, 'trop_agb_crit': 8.997007571451054, 'trop_k_veg': 5.492385920002873}.
[I 2026-08-06 11:08:04,995] Trial 1058 finished with values: [10.47833477755512, 10.47833477755512] and parameters: {'k1': 0.00488137519160367, 'D_low': 436.4516946807792, 'k2': 0.019894080167856886, 'D_high': 1384.332853353327, 'fire_exp': 1.2611826901294014, 'P_half': 712.8188058401365, 'pre_dampen_half': 38.00678588560607, 'gpp_af': 0.6403036652671171, 'gpp_b': 0.0017100237531775793, 'gpp_d': 350.88322284755304, 'ign_k': 0.010939944910100021, 'ign_c': 2.4936660834465174, 'trop_agb_crit': 6.119263728555865, 'trop_k_veg': 0.6673124511410327}.
[I 2026-08-06 11:08:07,004] Trial 1059 finished with values: [-0.5926562902417654, 0.12026484165628226] and parameters: {'k1': 0.002155595057104387, 'D_low': 12.105387404469584, 'k2': 1.1065812688893481e-05, 'D_high': 61536.58035691648, 'fire_exp': 1.2611826901294014, 'P_half': 523.1053126909052, 'pre_dampen_half': 38.00678588560607, 'gpp_af': 0.14467197647069258, 'gpp_b': 0.0012213924959062798, 'gpp_d': 84.31013932082456, 'ign_k': 0.6161423618045312, 'ign_c': 1.9580595319750387, 'trop_agb_crit': 6.119263728555865, 'trop_k_veg': 0.6673124511410327}.
[I 2026-08-06 11:08:09,075] Trial 1060 finished with values: [10.549288535306824, 10.549288535306824] and parameters: {'k1': 0.00488137519160367, 'D_low': 520.4862686958022, 'k2': 0.019894080167856886, 'D_high': 1236.6924205139144, 'fire_exp': 2.7504578233979857, 'P_half': 523.1053126909052, 'pre_dampen_half': 719.4083432823455, 'gpp_af': 5.335773317316405, 'gpp_b': 0.01666658176842624, 'gpp_d': 350.88322284755304, 'ign_k': 2.5253810447657927, 'ign_c': 0.8916132699546893, 'trop_agb_crit': 6.119263728555865, 'trop_k_veg': 2.520089655463604}.
[I 2026-08-06 11:08:11,110] Trial 1061 finished with values: [10.654875166469775, 10.654875166469775] and parameters: {'k1': 0.00488137519160367, 'D_low': 1.3577269394141454, 'k2': 0.0154776166709383, 'D_high': 8182.111518618414, 'fire_exp': 1.221575427404682, 'P_half': 282.98168613109493, 'pre_dampen_half': 63.6685916079943, 'gpp_af': 0.6403036652671171, 'gpp_b': 0.3682510091559943, 'gpp_d': 19.600139992927435, 'ign_k': 2.5253810447657927, 'ign_c': 1.9580595319750387, 'trop_agb_crit': 7.500118950416987, 'trop_k_veg': 2.4336356947036335}.
[I 2026-08-06 11:08:13,169] Trial 1062 finished with values: [-0.5771996451371793, 0.06916655025511875] and parameters: {'k1': 0.005272264723319183, 'D_low': 520.4862686958022, 'k2': 1.1065812688893481e-05, 'D_high': 1588.2035726402378, 'fire_exp': 1.221575427404682, 'P_half': 712.8188058401365, 'pre_dampen_half': 719.4083432823455, 'gpp_af': 1.9706963379095486, 'gpp_b': 0.01666658176842624, 'gpp_d': 19.600139992927435, 'ign_k': 5.919749792564381, 'ign_c': 1.9580595319750387, 'trop_agb_crit': 10.691477813613638, 'trop_k_veg': 2.4336356947036335}.
[I 2026-08-06 11:08:15,112] Trial 1063 finished with values: [-0.5904261091625879, 0.044303923828718283] and parameters: {'k1': 0.05778755734457457, 'D_low': 38.82837025280678, 'k2': 0.019894080167856886, 'D_high': 1236.6924205139144, 'fire_exp': 1.2048119960437906, 'P_half': 523.1053126909052, 'pre_dampen_half': 38.00678588560607, 'gpp_af': 0.6403036652671171, 'gpp_b': 0.0012213924959062798, 'gpp_d': 350.88322284755304, 'ign_k': 0.010939944910100021, 'ign_c': 2.4936660834465174, 'trop_agb_crit': 6.119263728555865, 'trop_k_veg': 2.520089655463604}.
[I 2026-08-06 11:08:17,139] Trial 1064 finished with values: [10.540943184943648, 10.540943184943648] and parameters: {'k1': 0.00488137519160367, 'D_low': 38.82837025280678, 'k2': 0.019894080167856886, 'D_high': 91.78481720510284, 'fire_exp': 1.221575427404682, 'P_half': 221.2683656611821, 'pre_dampen_half': 38.00678588560607, 'gpp_af': 0.6403036652671171, 'gpp_b': 0.0012213924959062798, 'gpp_d': 350.88322284755304, 'ign_k': 0.010939944910100021, 'ign_c': 0.30620022479972875, 'trop_agb_crit': 8.997007571451054, 'trop_k_veg': 7.936472946233041}.
[I 2026-08-06 11:08:19,064] Trial 1065 finished with values: [10.433623528319528, 10.433623528319528] and parameters: {'k1': 0.008912611835817005, 'D_low': 6.1642743507854245, 'k2': 1.1065812688893481e-05, 'D_high': 35293.89593576791, 'fire_exp': 1.7329145403564932, 'P_half': 712.8188058401365, 'pre_dampen_half': 38.00678588560607, 'gpp_af': 10.178541681137117, 'gpp_b': 0.13713885091300912, 'gpp_d': 84.31013932082456, 'ign_k': 0.12329098365270515, 'ign_c': 1.9580595319750387, 'trop_agb_crit': 8.997007571451054, 'trop_k_veg': 2.4336356947036335}.
[I 2026-08-06 11:08:20,945] Trial 1066 finished with values: [11.535202130786416, 11.535202130786416] and parameters: {'k1': 0.00488137519160367, 'D_low': 97.43142535650219, 'k2': 0.019894080167856886, 'D_high': 1236.6924205139144, 'fire_exp': 1.2611826901294014, 'P_half': 523.1053126909052, 'pre_dampen_half': 719.4083432823455, 'gpp_af': 5.335773317316405, 'gpp_b': 0.22727308251068193, 'gpp_d': 350.88322284755304, 'ign_k': 2.5253810447657927, 'ign_c': 0.8916132699546893, 'trop_agb_crit': 6.119263728555865, 'trop_k_veg': 0.5639542873522186}.
[I 2026-08-06 11:08:22,857] Trial 1067 finished with values: [10.600921866387226, 10.600921866387226] and parameters: {'k1': 0.01889771394135163, 'D_low': 7.299348683062307, 'k2': 0.00383039225527374, 'D_high': 8182.111518618414, 'fire_exp': 1.3170256885255098, 'P_half': 712.8188058401365, 'pre_dampen_half': 63.6685916079943, 'gpp_af': 1.6059727222314273, 'gpp_b': 0.22727308251068193, 'gpp_d': 84.31013932082456, 'ign_k': 2.5253810447657927, 'ign_c': 1.9580595319750387, 'trop_agb_crit': 6.119263728555865, 'trop_k_veg': 5.580504276549027}.
[I 2026-08-06 11:08:25,320] Trial 1068 finished with values: [-0.5748531480389848, 0.060137739590854444] and parameters: {'k1': 0.00488137519160367, 'D_low': 1.3577269394141454, 'k2': 1.1065812688893481e-05, 'D_high': 21.947742689197344, 'fire_exp': 1.3170256885255098, 'P_half': 712.8188058401365, 'pre_dampen_half': 719.4083432823455, 'gpp_af': 0.6403036652671171, 'gpp_b': 0.22727308251068193, 'gpp_d': 5.1715677287580455, 'ign_k': 0.12329098365270515, 'ign_c': 2.4936660834465174, 'trop_agb_crit': 7.500118950416987, 'trop_k_veg': 1.9799513595694562}.
[I 2026-08-06 11:08:27,226] Trial 1069 finished with values: [-0.6046204409422715, 0.0934436883934805] and parameters: {'k1': 0.00488137519160367, 'D_low': 38.82837025280678, 'k2': 0.019894080167856886, 'D_high': 8182.111518618414, 'fire_exp': 1.2611826901294014, 'P_half': 523.1053126909052, 'pre_dampen_half': 38.00678588560607, 'gpp_af': 0.6403036652671171, 'gpp_b': 0.0012213924959062798, 'gpp_d': 350.88322284755304, 'ign_k': 0.010939944910100021, 'ign_c': 1.9580595319750387, 'trop_agb_crit': 6.119263728555865, 'trop_k_veg': 2.4336356947036335}.
[I 2026-08-06 11:08:29,241] Trial 1070 finished with values: [10.030214848653179, 10.030214848653179] and parameters: {'k1': 0.00488137519160367, 'D_low': 520.4862686958022, 'k2': 0.0154776166709383, 'D_high': 8182.111518618414, 'fire_exp': 1.221575427404682, 'P_half': 712.8188058401365, 'pre_dampen_half': 63.6685916079943, 'gpp_af': 1.9706963379095486, 'gpp_b': 0.3682510091559943, 'gpp_d': 19.600139992927435, 'ign_k': 2.5253810447657927, 'ign_c': 1.391961287132517, 'trop_agb_crit': 6.119263728555865, 'trop_k_veg': 2.4336356947036335}.
[I 2026-08-06 11:08:31,270] Trial 1071 finished with values: [10.706058940788838, 10.706058940788838] and parameters: {'k1': 0.012021930484915042, 'D_low': 1835.641027683099, 'k2': 1.1065812688893481e-05, 'D_high': 21.947742689197344, 'fire_exp': 1.3170256885255098, 'P_half': 221.2683656611821, 'pre_dampen_half': 38.00678588560607, 'gpp_af': 0.0014188461251885575, 'gpp_b': 0.0012213924959062798, 'gpp_d': 202.69824187860777, 'ign_k': 3.589155871450839, 'ign_c': 2.4936660834465174, 'trop_agb_crit': 8.997007571451054, 'trop_k_veg': 1.9799513595694562}.
[I 2026-08-06 11:08:33,380] Trial 1072 finished with values: [-0.5918794162310286, 0.0180209841533] and parameters: {'k1': 0.05778755734457457, 'D_low': 38.82837025280678, 'k2': 0.019894080167856886, 'D_high': 1236.6924205139144, 'fire_exp': 1.7329145403564932, 'P_half': 712.8188058401365, 'pre_dampen_half': 38.00678588560607, 'gpp_af': 0.6403036652671171, 'gpp_b': 2.176805640408474e-05, 'gpp_d': 350.88322284755304, 'ign_k': 0.12329098365270515, 'ign_c': 1.9580595319750387, 'trop_agb_crit': 6.119263728555865, 'trop_k_veg': 2.4336356947036335}.
[I 2026-08-06 11:08:35,293] Trial 1073 finished with values: [10.318965470019155, 10.318965470019155] and parameters: {'k1': 0.00488137519160367, 'D_low': 520.4862686958022, 'k2': 1.1065812688893481e-05, 'D_high': 1236.6924205139144, 'fire_exp': 1.221575427404682, 'P_half': 523.1053126909052, 'pre_dampen_half': 38.00678588560607, 'gpp_af': 10.178541681137117, 'gpp_b': 0.13713885091300912, 'gpp_d': 84.31013932082456, 'ign_k': 2.5253810447657927, 'ign_c': 0.8916132699546893, 'trop_agb_crit': 6.119263728555865, 'trop_k_veg': 2.4336356947036335}.
[I 2026-08-06 11:08:37,304] Trial 1074 finished with values: [10.769125425530964, 10.769125425530964] and parameters: {'k1': 0.016748279468858224, 'D_low': 7.299348683062307, 'k2': 0.004149969043497543, 'D_high': 1588.2035726402378, 'fire_exp': 7.022865300833442, 'P_half': 4739.211978755633, 'pre_dampen_half': 719.4083432823455, 'gpp_af': 0.0049748543504537545, 'gpp_b': 0.0005739662837359252, 'gpp_d': 0.5363092465892282, 'ign_k': 0.21006485619596416, 'ign_c': 1.9580595319750387, 'trop_agb_crit': 8.997007571451054, 'trop_k_veg': 2.4336356947036335}.
[I 2026-08-06 11:08:39,250] Trial 1075 finished with values: [-0.6152692643227506, 0.031711638843766266] and parameters: {'k1': 0.002155595057104387, 'D_low': 436.4516946807792, 'k2': 0.019894080167856886, 'D_high': 1236.6924205139144, 'fire_exp': 1.3170256885255098, 'P_half': 523.1053126909052, 'pre_dampen_half': 63.6685916079943, 'gpp_af': 0.6403036652671171, 'gpp_b': 0.00796661592919428, 'gpp_d': 5.1715677287580455, 'ign_k': 0.12329098365270515, 'ign_c': 1.9580595319750387, 'trop_agb_crit': 10.691477813613638, 'trop_k_veg': 5.580504276549027}.
[I 2026-08-06 11:08:41,191] Trial 1076 finished with values: [-0.6019541558432631, 0.03924268621981075] and parameters: {'k1': 0.01889771394135163, 'D_low': 7.299348683062307, 'k2': 0.004149969043497543, 'D_high': 1236.6924205139144, 'fire_exp': 1.3170256885255098, 'P_half': 712.8188058401365, 'pre_dampen_half': 63.6685916079943, 'gpp_af': 1.9706963379095486, 'gpp_b': 0.22727308251068193, 'gpp_d': 5.1715677287580455, 'ign_k': 2.5253810447657927, 'ign_c': 1.9580595319750387, 'trop_agb_crit': 6.119263728555865, 'trop_k_veg': 2.4336356947036335}.
[I 2026-08-06 11:08:43,122] Trial 1077 finished with values: [10.721700414104108, 10.721700414104108] and parameters: {'k1': 0.008912611835817005, 'D_low': 7.299348683062307, 'k2': 0.0002228500345352386, 'D_high': 1236.6924205139144, 'fire_exp': 1.3170256885255098, 'P_half': 712.8188058401365, 'pre_dampen_half': 0.18247572627389955, 'gpp_af': 1.6059727222314273, 'gpp_b': 2.176805640408474e-05, 'gpp_d': 395.3300852215303, 'ign_k': 0.12329098365270515, 'ign_c': 1.9580595319750387, 'trop_agb_crit': 6.119263728555865, 'trop_k_veg': 2.5878603012249104}.
[I 2026-08-06 11:08:45,069] Trial 1078 finished with values: [-0.6061878488240108, 0.06616183866294068] and parameters: {'k1': 0.008912611835817005, 'D_low': 7.299348683062307, 'k2': 1.1065812688893481e-05, 'D_high': 61536.58035691648, 'fire_exp': 1.3170256885255098, 'P_half': 712.8188058401365, 'pre_dampen_half': 38.00678588560607, 'gpp_af': 1.6059727222314273, 'gpp_b': 2.176805640408474e-05, 'gpp_d': 84.31013932082456, 'ign_k': 0.12329098365270515, 'ign_c': 1.9580595319750387, 'trop_agb_crit': 6.119263728555865, 'trop_k_veg': 2.4336356947036335}.
[I 2026-08-06 11:08:47,641] Trial 1079 finished with values: [10.107426092854057, 10.107426092854057] and parameters: {'k1': 0.010475330041760883, 'D_low': 1.395216238046901, 'k2': 1.1065812688893481e-05, 'D_high': 21.947742689197344, 'fire_exp': 1.3170256885255098, 'P_half': 712.8188058401365, 'pre_dampen_half': 38.00678588560607, 'gpp_af': 5.335773317316405, 'gpp_b': 0.0012213924959062798, 'gpp_d': 350.88322284755304, 'ign_k': 0.12329098365270515, 'ign_c': 2.4936660834465174, 'trop_agb_crit': 4.789307037039607, 'trop_k_veg': 2.4336356947036335}.
[I 2026-08-06 11:08:49,740] Trial 1080 finished with values: [10.769011746952348, 10.769011746952348] and parameters: {'k1': 0.00488137519160367, 'D_low': 2333.4269612839603, 'k2': 0.019894080167856886, 'D_high': 1236.6924205139144, 'fire_exp': 1.221575427404682, 'P_half': 523.1053126909052, 'pre_dampen_half': 719.4083432823455, 'gpp_af': 5.335773317316405, 'gpp_b': 0.01666658176842624, 'gpp_d': 350.88322284755304, 'ign_k': 2.5253810447657927, 'ign_c': 0.8916132699546893, 'trop_agb_crit': 6.119263728555865, 'trop_k_veg': 0.5639542873522186}.
