[I 2026-07-22 20:43:22,091] Trial 1084 finished with values: [10.677187182602884, 10.677187182602884] and parameters: {'k1': 0.028401063201780267, 'D_low': 216.6574784061471, 'k2': 0.0006863458703786212, 'D_high': 693439.2750387826, 'fire_exp': 1.5532616753672623, 'P_half': 355.00125258511594, 'pre_dampen_half': 0.012856329182448098, 'gpp_af': 0.03522602097143089, 'gpp_b': 2.852199954727099e-05, 'gpp_d': 12.338826503601998, 'ign_k': 3.965503094323014, 'ign_c': 22.126836566118193, 'trop_agb_crit': 12.647327018493208, 'trop_k_veg': 2.724170387400844, 'fuel_k': 0.10978148458640455, 'fuel_half': 0.6603566884894324}.
[I 2026-07-22 20:43:22,511] Trial 1085 finished with values: [10.05547725331201, 10.05547725331201] and parameters: {'k1': 0.008471801418819975, 'D_low': 216.6574784061471, 'k2': 0.0006863458703786212, 'D_high': 6525529.853354094, 'fire_exp': 1.5704801393982246, 'P_half': 355.00125258511594, 'pre_dampen_half': 16.224010950061366, 'gpp_af': 0.00219210598059826, 'gpp_b': 0.0006601625523811777, 'gpp_d': 274.48645214004335, 'ign_k': 2.7142572552186843, 'ign_c': 17.583640270008498, 'trop_agb_crit': 12.647327018493208, 'trop_k_veg': 4.050700716504253, 'fuel_k': 0.07002142869039267, 'fuel_half': 3.75205585512428}.
[I 2026-07-22 20:43:22,946] Trial 1086 finished with values: [10.178581848287214, 10.178581848287214] and parameters: {'k1': 0.028401063201780267, 'D_low': 2240.9155921647994, 'k2': 0.0006863458703786212, 'D_high': 6525529.853354094, 'fire_exp': 1.837166313201755, 'P_half': 355.00125258511594, 'pre_dampen_half': 16.224010950061366, 'gpp_af': 0.03522602097143089, 'gpp_b': 0.0001605469768042801, 'gpp_d': 12.338826503601998, 'ign_k': 2.136832907235876, 'ign_c': 22.126836566118193, 'trop_agb_crit': 6.187033415477641, 'trop_k_veg': 2.724170387400844, 'fuel_k': 0.07002142869039267, 'fuel_half': 0.6603566884894324}.
[I 2026-07-22 20:43:23,378] Trial 1087 finished with values: [-0.701500501242101, 0.03800060148319573] and parameters: {'k1': 0.028401063201780267, 'D_low': 1.6752866684650682, 'k2': 0.00033271381912662167, 'D_high': 2413579.2291304003, 'fire_exp': 1.5191397119156032, 'P_half': 157.80309954142965, 'pre_dampen_half': 16.224010950061366, 'gpp_af': 0.03522602097143089, 'gpp_b': 0.004458440839692221, 'gpp_d': 12.338826503601998, 'ign_k': 2.136832907235876, 'ign_c': 22.126836566118193, 'trop_agb_crit': 13.050465147768051, 'trop_k_veg': 1.3987664054208562, 'fuel_k': 0.025620781631399487, 'fuel_half': 0.6603566884894324}.
[I 2026-07-22 20:43:23,817] Trial 1088 finished with values: [-0.7369107677634846, 0.044034121486553945] and parameters: {'k1': 0.028401063201780267, 'D_low': 16.00237013173313, 'k2': 0.00033271381912662167, 'D_high': 6525529.853354094, 'fire_exp': 1.5191397119156032, 'P_half': 157.80309954142965, 'pre_dampen_half': 8.259599205585763, 'gpp_af': 0.03522602097143089, 'gpp_b': 0.0004282509714243062, 'gpp_d': 12.338826503601998, 'ign_k': 3.965503094323014, 'ign_c': 22.126836566118193, 'trop_agb_crit': 6.187033415477641, 'trop_k_veg': 2.724170387400844, 'fuel_k': 0.07002142869039267, 'fuel_half': 0.6603566884894324}.
[I 2026-07-22 20:43:24,247] Trial 1089 finished with values: [-0.7725941627204601, 0.07601317465436286] and parameters: {'k1': 0.028401063201780267, 'D_low': 16.00237013173313, 'k2': 0.00033271381912662167, 'D_high': 6525529.853354094, 'fire_exp': 1.5532616753672623, 'P_half': 157.80309954142965, 'pre_dampen_half': 8.259599205585763, 'gpp_af': 0.03522602097143089, 'gpp_b': 0.00012118589392553798, 'gpp_d': 12.338826503601998, 'ign_k': 3.965503094323014, 'ign_c': 22.126836566118193, 'trop_agb_crit': 14.025134228649115, 'trop_k_veg': 2.724170387400844, 'fuel_k': 0.10978148458640455, 'fuel_half': 0.17450366043682808}.
[I 2026-07-22 20:43:24,675] Trial 1090 finished with values: [-0.7948420823202307, 0.07297030556279294] and parameters: {'k1': 0.028401063201780267, 'D_low': 216.6574784061471, 'k2': 0.00033271381912662167, 'D_high': 6525529.853354094, 'fire_exp': 1.5191397119156032, 'P_half': 157.80309954142965, 'pre_dampen_half': 8.259599205585763, 'gpp_af': 0.03522602097143089, 'gpp_b': 0.00012118589392553798, 'gpp_d': 12.338826503601998, 'ign_k': 3.965503094323014, 'ign_c': 22.126836566118193, 'trop_agb_crit': 13.050465147768051, 'trop_k_veg': 2.724170387400844, 'fuel_k': 0.6149834196910364, 'fuel_half': 0.6603566884894324}.
[I 2026-07-22 20:43:25,104] Trial 1091 finished with values: [-0.7550835596581862, 0.06872493213091435] and parameters: {'k1': 0.028401063201780267, 'D_low': 216.6574784061471, 'k2': 0.00016536937182824412, 'D_high': 6525529.853354094, 'fire_exp': 1.5191397119156032, 'P_half': 157.80309954142965, 'pre_dampen_half': 8.259599205585763, 'gpp_af': 0.03522602097143089, 'gpp_b': 0.00012118589392553798, 'gpp_d': 12.338826503601998, 'ign_k': 3.965503094323014, 'ign_c': 22.126836566118193, 'trop_agb_crit': 13.050465147768051, 'trop_k_veg': 2.724170387400844, 'fuel_k': 0.6149834196910364, 'fuel_half': 77.65748163444492}.
  trial 1092/2500  pareto_size=4  best_taylor=0.7948  best_ilamb=0.6106  (7.8 min)
[I 2026-07-22 20:43:25,713] Trial 1092 finished with values: [-0.7415645921813038, 0.17670751690902708] and parameters: {'k1': 0.028401063201780267, 'D_low': 16.00237013173313, 'k2': 0.00033271381912662167, 'D_high': 2413579.2291304003, 'fire_exp': 1.5191397119156032, 'P_half': 157.80309954142965, 'pre_dampen_half': 8.259599205585763, 'gpp_af': 0.6321802404315148, 'gpp_b': 2.852199954727099e-05, 'gpp_d': 12.151631524283598, 'ign_k': 5.588430421438937, 'ign_c': 22.126836566118193, 'trop_agb_crit': 5.526463318565575, 'trop_k_veg': 2.724170387400844, 'fuel_k': 0.10978148458640455, 'fuel_half': 4.1446115222565965}.
[I 2026-07-22 20:43:26,142] Trial 1093 finished with values: [10.39535397893978, 10.39535397893978] and parameters: {'k1': 0.028401063201780267, 'D_low': 2240.9155921647994, 'k2': 0.00033271381912662167, 'D_high': 693439.2750387826, 'fire_exp': 1.5532616753672623, 'P_half': 157.80309954142965, 'pre_dampen_half': 8.259599205585763, 'gpp_af': 0.03522602097143089, 'gpp_b': 0.00012118589392553798, 'gpp_d': 962.6851425803574, 'ign_k': 3.965503094323014, 'ign_c': 22.126836566118193, 'trop_agb_crit': 13.050465147768051, 'trop_k_veg': 4.776259022974975, 'fuel_k': 4.710433409437071, 'fuel_half': 1.3323297901105766}.
[I 2026-07-22 20:43:26,566] Trial 1094 finished with values: [10.137940810834788, 10.137940810834788] and parameters: {'k1': 0.028401063201780267, 'D_low': 216.6574784061471, 'k2': 0.014666151770108535, 'D_high': 693439.2750387826, 'fire_exp': 1.5532616753672623, 'P_half': 50.34696988263488, 'pre_dampen_half': 8.259599205585763, 'gpp_af': 0.053663001820106804, 'gpp_b': 0.004458440839692221, 'gpp_d': 12.338826503601998, 'ign_k': 3.965503094323014, 'ign_c': 22.126836566118193, 'trop_agb_crit': 2.679156169946616, 'trop_k_veg': 6.02985034296454, 'fuel_k': 0.025620781631399487, 'fuel_half': 0.6603566884894324}.
[I 2026-07-22 20:43:26,987] Trial 1095 finished with values: [10.4880390668388, 10.4880390668388] and parameters: {'k1': 0.028401063201780267, 'D_low': 2240.9155921647994, 'k2': 0.00033271381912662167, 'D_high': 2413579.2291304003, 'fire_exp': 1.9025702662542903, 'P_half': 93.43302657318476, 'pre_dampen_half': 16.224010950061366, 'gpp_af': 0.03522602097143089, 'gpp_b': 0.0028993292583566945, 'gpp_d': 0.018251114783155144, 'ign_k': 3.965503094323014, 'ign_c': 22.126836566118193, 'trop_agb_crit': 13.050465147768051, 'trop_k_veg': 4.776259022974975, 'fuel_k': 4.710433409437071, 'fuel_half': 1.3323297901105766}.
[I 2026-07-22 20:43:27,416] Trial 1096 finished with values: [10.043113469704057, 10.043113469704057] and parameters: {'k1': 0.028401063201780267, 'D_low': 1.6752866684650682, 'k2': 0.00047334007613279033, 'D_high': 6525529.853354094, 'fire_exp': 1.5191397119156032, 'P_half': 157.80309954142965, 'pre_dampen_half': 8.259599205585763, 'gpp_af': 0.053663001820106804, 'gpp_b': 0.004458440839692221, 'gpp_d': 12.338826503601998, 'ign_k': 3.965503094323014, 'ign_c': 22.126836566118193, 'trop_agb_crit': 10.584071370490857, 'trop_k_veg': 2.724170387400844, 'fuel_k': 0.6149834196910364, 'fuel_half': 71.14476009343416}.
[I 2026-07-22 20:43:27,845] Trial 1097 finished with values: [10.021786021135425, 10.021786021135425] and parameters: {'k1': 0.028401063201780267, 'D_low': 216.6574784061471, 'k2': 0.00033271381912662167, 'D_high': 2413579.2291304003, 'fire_exp': 1.5191397119156032, 'P_half': 355.00125258511594, 'pre_dampen_half': 8.259599205585763, 'gpp_af': 0.03522602097143089, 'gpp_b': 0.00012118589392553798, 'gpp_d': 12.338826503601998, 'ign_k': 3.965503094323014, 'ign_c': 22.126836566118193, 'trop_agb_crit': 13.050465147768051, 'trop_k_veg': 4.050700716504253, 'fuel_k': 0.6149834196910364, 'fuel_half': 71.14476009343416}.
[I 2026-07-22 20:43:28,280] Trial 1098 finished with values: [-0.7647190499622716, 0.057553363897645204] and parameters: {'k1': 0.028401063201780267, 'D_low': 16.00237013173313, 'k2': 0.00010980728756907093, 'D_high': 6525529.853354094, 'fire_exp': 1.9535426675591636, 'P_half': 157.80309954142965, 'pre_dampen_half': 16.224010950061366, 'gpp_af': 0.03522602097143089, 'gpp_b': 0.00012118589392553798, 'gpp_d': 12.338826503601998, 'ign_k': 3.965503094323014, 'ign_c': 22.126836566118193, 'trop_agb_crit': 6.187033415477641, 'trop_k_veg': 2.724170387400844, 'fuel_k': 0.07002142869039267, 'fuel_half': 0.6603566884894324}.
[I 2026-07-22 20:43:28,705] Trial 1099 finished with values: [-0.7412864767419896, 0.06786699298742915] and parameters: {'k1': 0.028401063201780267, 'D_low': 216.6574784061471, 'k2': 0.00016536937182824412, 'D_high': 6525529.853354094, 'fire_exp': 1.5191397119156032, 'P_half': 157.80309954142965, 'pre_dampen_half': 8.259599205585763, 'gpp_af': 0.03522602097143089, 'gpp_b': 0.00012118589392553798, 'gpp_d': 12.338826503601998, 'ign_k': 3.965503094323014, 'ign_c': 22.126836566118193, 'trop_agb_crit': 5.526463318565575, 'trop_k_veg': 2.724170387400844, 'fuel_k': 0.10978148458640455, 'fuel_half': 71.14476009343416}.
[I 2026-07-22 20:43:29,132] Trial 1100 finished with values: [-0.7861393116018647, 0.07805146113439299] and parameters: {'k1': 0.028401063201780267, 'D_low': 216.6574784061471, 'k2': 0.00033271381912662167, 'D_high': 693439.2750387826, 'fire_exp': 1.5191397119156032, 'P_half': 355.00125258511594, 'pre_dampen_half': 16.224010950061366, 'gpp_af': 0.03522602097143089, 'gpp_b': 2.852199954727099e-05, 'gpp_d': 806.2791930582821, 'ign_k': 3.965503094323014, 'ign_c': 22.126836566118193, 'trop_agb_crit': 2.7395739167173065, 'trop_k_veg': 2.724170387400844, 'fuel_k': 0.6149834196910364, 'fuel_half': 0.3036855685244964}.
[I 2026-07-22 20:43:29,557] Trial 1101 finished with values: [10.006296533875926, 10.006296533875926] and parameters: {'k1': 0.028401063201780267, 'D_low': 16.00237013173313, 'k2': 0.00033271381912662167, 'D_high': 6525529.853354094, 'fire_exp': 1.5532616753672623, 'P_half': 157.80309954142965, 'pre_dampen_half': 16.224010950061366, 'gpp_af': 0.03522602097143089, 'gpp_b': 0.00012118589392553798, 'gpp_d': 12.338826503601998, 'ign_k': 3.965503094323014, 'ign_c': 22.126836566118193, 'trop_agb_crit': 13.050465147768051, 'trop_k_veg': 2.724170387400844, 'fuel_k': 0.10978148458640455, 'fuel_half': 0.6603566884894324}.
[I 2026-07-22 20:43:29,987] Trial 1102 finished with values: [10.76923076903347, 10.76923076903347] and parameters: {'k1': 0.028401063201780267, 'D_low': 2240.9155921647994, 'k2': 0.0006863458703786212, 'D_high': 346.0830859824833, 'fire_exp': 1.5948485434369246, 'P_half': 355.00125258511594, 'pre_dampen_half': 13.472769577631588, 'gpp_af': 0.03522602097143089, 'gpp_b': 0.004458440839692221, 'gpp_d': 352.0481045526035, 'ign_k': 2.136832907235876, 'ign_c': 41.371227416907885, 'trop_agb_crit': 12.647327018493208, 'trop_k_veg': 4.776259022974975, 'fuel_k': 0.07002142869039267, 'fuel_half': 0.6603566884894324}.
[I 2026-07-22 20:43:30,415] Trial 1103 finished with values: [-0.7789622340387102, 0.06227888346888866] and parameters: {'k1': 0.028401063201780267, 'D_low': 16.00237013173313, 'k2': 0.00033271381912662167, 'D_high': 693439.2750387826, 'fire_exp': 1.5948485434369246, 'P_half': 50.34696988263488, 'pre_dampen_half': 8.259599205585763, 'gpp_af': 0.00978336290980289, 'gpp_b': 0.00012118589392553798, 'gpp_d': 12.338826503601998, 'ign_k': 3.965503094323014, 'ign_c': 22.126836566118193, 'trop_agb_crit': 5.526463318565575, 'trop_k_veg': 4.776259022974975, 'fuel_k': 0.5118852925133749, 'fuel_half': 0.6603566884894324}.
[I 2026-07-22 20:43:30,846] Trial 1104 finished with values: [-0.7892743619770229, 0.07342722726701101] and parameters: {'k1': 0.028401063201780267, 'D_low': 16.00237013173313, 'k2': 0.00033271381912662167, 'D_high': 693439.2750387826, 'fire_exp': 1.7142304893572406, 'P_half': 157.80309954142965, 'pre_dampen_half': 16.224010950061366, 'gpp_af': 0.007914355321045717, 'gpp_b': 2.852199954727099e-05, 'gpp_d': 339.8387538854496, 'ign_k': 3.965503094323014, 'ign_c': 22.126836566118193, 'trop_agb_crit': 13.050465147768051, 'trop_k_veg': 2.724170387400844, 'fuel_k': 0.07002142869039267, 'fuel_half': 0.6603566884894324}.
[I 2026-07-22 20:43:31,284] Trial 1105 finished with values: [-0.6786312254151284, 0.04712139307370766] and parameters: {'k1': 0.028401063201780267, 'D_low': 216.6574784061471, 'k2': 0.00033271381912662167, 'D_high': 24659.344473077603, 'fire_exp': 1.5532616753672623, 'P_half': 12.002808592678374, 'pre_dampen_half': 76.48086387319155, 'gpp_af': 0.03522602097143089, 'gpp_b': 0.00012118589392553798, 'gpp_d': 352.0481045526035, 'ign_k': 3.965503094323014, 'ign_c': 22.126836566118193, 'trop_agb_crit': 2.679156169946616, 'trop_k_veg': 2.724170387400844, 'fuel_k': 0.6149834196910364, 'fuel_half': 0.6603566884894324}.
[I 2026-07-22 20:43:31,718] Trial 1106 finished with values: [10.177429018861302, 10.177429018861302] and parameters: {'k1': 0.028401063201780267, 'D_low': 216.6574784061471, 'k2': 0.0006863458703786212, 'D_high': 6525529.853354094, 'fire_exp': 1.5532616753672623, 'P_half': 355.00125258511594, 'pre_dampen_half': 16.224010950061366, 'gpp_af': 0.00219210598059826, 'gpp_b': 0.00012118589392553798, 'gpp_d': 12.338826503601998, 'ign_k': 2.7142572552186843, 'ign_c': 7.173480907515078, 'trop_agb_crit': 14.025134228649115, 'trop_k_veg': 2.724170387400844, 'fuel_k': 0.6149834196910364, 'fuel_half': 3.75205585512428}.
[I 2026-07-22 20:43:32,198] Trial 1107 finished with values: [10.76904554864391, 10.76904554864391] and parameters: {'k1': 1.0300849794948197e-05, 'D_low': 679253.6452955521, 'k2': 0.014666151770108535, 'D_high': 6525529.853354094, 'fire_exp': 1.5191397119156032, 'P_half': 300.85508055280167, 'pre_dampen_half': 16.224010950061366, 'gpp_af': 0.059905273073812965, 'gpp_b': 0.0028993292583566945, 'gpp_d': 352.0481045526035, 'ign_k': 3.965503094323014, 'ign_c': 22.126836566118193, 'trop_agb_crit': 5.526463318565575, 'trop_k_veg': 4.5214619570432175, 'fuel_k': 4.710433409437071, 'fuel_half': 0.6603566884894324}.
[I 2026-07-22 20:43:32,674] Trial 1108 finished with values: [10.010931379509785, 10.010931379509785] and parameters: {'k1': 0.028401063201780267, 'D_low': 216.6574784061471, 'k2': 0.00033271381912662167, 'D_high': 6525529.853354094, 'fire_exp': 1.7142304893572406, 'P_half': 157.80309954142965, 'pre_dampen_half': 8.259599205585763, 'gpp_af': 0.007914355321045717, 'gpp_b': 0.00012118589392553798, 'gpp_d': 12.338826503601998, 'ign_k': 3.965503094323014, 'ign_c': 22.126836566118193, 'trop_agb_crit': 13.050465147768051, 'trop_k_veg': 4.5784420637928775, 'fuel_k': 0.05736302059929167, 'fuel_half': 0.6603566884894324}.
[I 2026-07-22 20:43:33,170] Trial 1109 finished with values: [-0.7872754725086522, 0.08017947659278202] and parameters: {'k1': 0.028401063201780267, 'D_low': 16.00237013173313, 'k2': 0.00033271381912662167, 'D_high': 6525529.853354094, 'fire_exp': 1.5191397119156032, 'P_half': 157.80309954142965, 'pre_dampen_half': 16.224010950061366, 'gpp_af': 0.03522602097143089, 'gpp_b': 0.00012118589392553798, 'gpp_d': 12.338826503601998, 'ign_k': 3.965503094323014, 'ign_c': 22.126836566118193, 'trop_agb_crit': 6.187033415477641, 'trop_k_veg': 2.724170387400844, 'fuel_k': 0.07002142869039267, 'fuel_half': 0.6603566884894324}.
[I 2026-07-22 20:43:33,627] Trial 1110 finished with values: [-0.7332856866547062, 0.060288007006301325] and parameters: {'k1': 0.028401063201780267, 'D_low': 1.6752866684650682, 'k2': 0.00033271381912662167, 'D_high': 2413579.2291304003, 'fire_exp': 1.5191397119156032, 'P_half': 271.7121699145744, 'pre_dampen_half': 8.259599205585763, 'gpp_af': 0.03522602097143089, 'gpp_b': 0.00012118589392553798, 'gpp_d': 12.338826503601998, 'ign_k': 3.965503094323014, 'ign_c': 22.126836566118193, 'trop_agb_crit': 13.050465147768051, 'trop_k_veg': 2.724170387400844, 'fuel_k': 0.10978148458640455, 'fuel_half': 0.6603566884894324}.
[I 2026-07-22 20:43:34,077] Trial 1111 finished with values: [-0.7884662232562416, 0.06971297212657712] and parameters: {'k1': 0.028401063201780267, 'D_low': 216.6574784061471, 'k2': 0.00033271381912662167, 'D_high': 2413579.2291304003, 'fire_exp': 1.5532616753672623, 'P_half': 157.80309954142965, 'pre_dampen_half': 8.259599205585763, 'gpp_af': 0.03522602097143089, 'gpp_b': 0.00012118589392553798, 'gpp_d': 12.338826503601998, 'ign_k': 3.965503094323014, 'ign_c': 22.126836566118193, 'trop_agb_crit': 5.526463318565575, 'trop_k_veg': 2.724170387400844, 'fuel_k': 0.6149834196910364, 'fuel_half': 0.6603566884894324}.
[I 2026-07-22 20:43:34,513] Trial 1112 finished with values: [10.045055076504337, 10.045055076504337] and parameters: {'k1': 0.08683183082509353, 'D_low': 16.00237013173313, 'k2': 0.00033271381912662167, 'D_high': 6525529.853354094, 'fire_exp': 1.5191397119156032, 'P_half': 355.00125258511594, 'pre_dampen_half': 8.259599205585763, 'gpp_af': 0.03522602097143089, 'gpp_b': 0.00012118589392553798, 'gpp_d': 12.338826503601998, 'ign_k': 3.965503094323014, 'ign_c': 22.126836566118193, 'trop_agb_crit': 5.526463318565575, 'trop_k_veg': 1.3987664054208562, 'fuel_k': 0.10978148458640455, 'fuel_half': 0.6603566884894324}.
[I 2026-07-22 20:43:34,948] Trial 1113 finished with values: [-0.7853545758930712, 0.0915901794796471] and parameters: {'k1': 0.028401063201780267, 'D_low': 16.00237013173313, 'k2': 0.00033271381912662167, 'D_high': 6525529.853354094, 'fire_exp': 1.3774713309820337, 'P_half': 157.80309954142965, 'pre_dampen_half': 8.259599205585763, 'gpp_af': 0.03522602097143089, 'gpp_b': 0.00012118589392553798, 'gpp_d': 12.338826503601998, 'ign_k': 3.965503094323014, 'ign_c': 22.126836566118193, 'trop_agb_crit': 14.025134228649115, 'trop_k_veg': 2.724170387400844, 'fuel_k': 0.10978148458640455, 'fuel_half': 0.17450366043682808}.
[I 2026-07-22 20:43:35,380] Trial 1114 finished with values: [10.223055748949223, 10.223055748949223] and parameters: {'k1': 0.028401063201780267, 'D_low': 216.6574784061471, 'k2': 0.0006863458703786212, 'D_high': 693439.2750387826, 'fire_exp': 1.5191397119156032, 'P_half': 355.00125258511594, 'pre_dampen_half': 8.259599205585763, 'gpp_af': 0.00219210598059826, 'gpp_b': 0.0004282509714243062, 'gpp_d': 12.338826503601998, 'ign_k': 2.7142572552186843, 'ign_c': 17.583640270008498, 'trop_agb_crit': 2.7395739167173065, 'trop_k_veg': 4.050700716504253, 'fuel_k': 0.020747957391736738, 'fuel_half': 0.6603566884894324}.
[I 2026-07-22 20:43:35,811] Trial 1115 finished with values: [10.340470939151471, 10.340470939151471] and parameters: {'k1': 0.028401063201780267, 'D_low': 216.6574784061471, 'k2': 0.00033271381912662167, 'D_high': 6525529.853354094, 'fire_exp': 1.5191397119156032, 'P_half': 355.00125258511594, 'pre_dampen_half': 8.259599205585763, 'gpp_af': 0.00219210598059826, 'gpp_b': 0.00012118589392553798, 'gpp_d': 0.05704717510936691, 'ign_k': 0.007966502922679667, 'ign_c': 17.583640270008498, 'trop_agb_crit': 13.050465147768051, 'trop_k_veg': 1.3987664054208562, 'fuel_k': 0.057024351269772615, 'fuel_half': 0.6603566884894324}.
[I 2026-07-22 20:43:36,309] Trial 1116 finished with values: [-0.7982839299242012, 0.06413208051672903] and parameters: {'k1': 0.028401063201780267, 'D_low': 2240.9155921647994, 'k2': 0.0006863458703786212, 'D_high': 6525529.853354094, 'fire_exp': 1.2585476857229763, 'P_half': 355.00125258511594, 'pre_dampen_half': 16.224010950061366, 'gpp_af': 0.03522602097143089, 'gpp_b': 0.00012118589392553798, 'gpp_d': 12.338826503601998, 'ign_k': 2.136832907235876, 'ign_c': 22.126836566118193, 'trop_agb_crit': 6.187033415477641, 'trop_k_veg': 4.5784420637928775, 'fuel_k': 0.6149834196910364, 'fuel_half': 0.6603566884894324}.
[I 2026-07-22 20:43:36,804] Trial 1117 finished with values: [10.616786825225693, 10.616786825225693] and parameters: {'k1': 0.08683183082509353, 'D_low': 16.00237013173313, 'k2': 0.00033271381912662167, 'D_high': 6525529.853354094, 'fire_exp': 1.5532616753672623, 'P_half': 12.002808592678374, 'pre_dampen_half': 16.224010950061366, 'gpp_af': 0.03522602097143089, 'gpp_b': 0.004458440839692221, 'gpp_d': 12.338826503601998, 'ign_k': 1.0127455512700307, 'ign_c': 22.126836566118193, 'trop_agb_crit': 9.341194710265947, 'trop_k_veg': 6.02985034296454, 'fuel_k': 2.307491259723586, 'fuel_half': 0.6603566884894324}.
[I 2026-07-22 20:43:37,273] Trial 1118 finished with values: [-0.7840718994401069, 0.10157041207485595] and parameters: {'k1': 0.028401063201780267, 'D_low': 2240.9155921647994, 'k2': 0.00016536937182824412, 'D_high': 6525529.853354094, 'fire_exp': 1.156740436550563, 'P_half': 157.80309954142965, 'pre_dampen_half': 16.224010950061366, 'gpp_af': 0.03522602097143089, 'gpp_b': 0.00012118589392553798, 'gpp_d': 12.338826503601998, 'ign_k': 3.965503094323014, 'ign_c': 22.126836566118193, 'trop_agb_crit': 6.187033415477641, 'trop_k_veg': 2.724170387400844, 'fuel_k': 0.07002142869039267, 'fuel_half': 0.6603566884894324}.
