[I 2026-08-19 17:57:02,103] Trial 1942 finished with value: 0.5165480619574558 and parameters: {'k1': 3.356988050655525e-05, 'D_low': 54.12195946314851, 'k2': 0.029736680184240284, 'D_high': 5822313.8355980255, 'fire_exp': 1.7413567276232682, 'P_half': 373.3067454938766, 'pre_dampen_half': 15.574952247266385, 'gpp_af': 2.664714002843542, 'gpp_b': 0.2919485505618175, 'gpp_d': 31.770564907796825, 'ign_k': 0.8434337799879387, 'ign_c': 0.9277586221795336, 'trop_agb_crit': 5.125700558010187, 'trop_k_veg': 3.644752057681963, 'pop_amp': 0.0025896544911538887, 'pop_peak': 0.20175941269922615, 'pop_sig': 0.6684742496010023, 'fuel_k': 0.015721562352789754, 'fuel_half': 28.397828460506375}. Best is trial 1622 with value: -0.6125870653324885.
[I 2026-08-19 17:57:03,903] Trial 1943 finished with value: 0.49836312929322135 and parameters: {'k1': 0.02004531945903883, 'D_low': 1.9395176278988833, 'k2': 0.00015627184815382612, 'D_high': 39937.0049693833, 'fire_exp': 1.1068587102709428, 'P_half': 1.5612911575858677, 'pre_dampen_half': 24.196188146593613, 'gpp_af': 0.0023308917568784266, 'gpp_b': 0.00047739714777159754, 'gpp_d': 125.31725171725003, 'ign_k': 0.6487331191161319, 'ign_c': 21.840104745163654, 'trop_agb_crit': 12.023924742344827, 'trop_k_veg': 7.136247407851745, 'pop_amp': 0.0015683463930107884, 'pop_peak': 0.09538474351583154, 'pop_sig': 0.3824510639057136, 'fuel_k': 3.481604869385837, 'fuel_half': 4.3999035398421675}. Best is trial 1622 with value: -0.6125870653324885.
[I 2026-08-19 17:57:05,798] Trial 1944 finished with value: 0.6182569144469701 and parameters: {'k1': 0.00949844129267407, 'D_low': 12.146440121769372, 'k2': 0.0001159501833508276, 'D_high': 425.8836173754078, 'fire_exp': 1.3337485719793682, 'P_half': 1.0335129992871712, 'pre_dampen_half': 627.9890288117565, 'gpp_af': 0.6669588003594352, 'gpp_b': 0.001242104586323365, 'gpp_d': 0.022122370227898525, 'ign_k': 8.113629945116614, 'ign_c': 6.153937032997442, 'trop_agb_crit': 1.726755468083815, 'trop_k_veg': 5.118704618776114, 'pop_amp': 0.02810933770271067, 'pop_peak': 122.76877547115834, 'pop_sig': 1.366223633619106, 'fuel_k': 0.07890722829031323, 'fuel_half': 0.9451615227982377}. Best is trial 1622 with value: -0.6125870653324885.
[I 2026-08-19 17:57:07,817] Trial 1945 finished with value: 0.6095660106050824 and parameters: {'k1': 0.0034438840562619434, 'D_low': 1.434356780269469, 'k2': 0.0023809209350159374, 'D_high': 2062885.1722644875, 'fire_exp': 1.082183304782324, 'P_half': 53.36655855515982, 'pre_dampen_half': 0.9442552739158943, 'gpp_af': 0.38206750435264547, 'gpp_b': 0.0012034899549779787, 'gpp_d': 58.81549904767478, 'ign_k': 1.7729021621931678, 'ign_c': 36.63211350549747, 'trop_agb_crit': 9.191667042499548, 'trop_k_veg': 3.5494330250892956, 'pop_amp': 0.0010868151706368806, 'pop_peak': 0.08213073419363781, 'pop_sig': 0.8912775985712104, 'fuel_k': 0.0785941459254844, 'fuel_half': 0.5244037356817428}. Best is trial 1622 with value: -0.6125870653324885.
[I 2026-08-19 17:57:09,703] Trial 1946 finished with value: 0.6038779731463642 and parameters: {'k1': 0.0007125322435700029, 'D_low': 44.57923203193519, 'k2': 0.09559471798321985, 'D_high': 2934.9429225895965, 'fire_exp': 2.251202573456125, 'P_half': 23.33094385376814, 'pre_dampen_half': 0.8578596933738342, 'gpp_af': 0.03373534650531384, 'gpp_b': 0.0015740131360812853, 'gpp_d': 2.3813103366997255, 'ign_k': 0.02253951620410422, 'ign_c': 0.31521699886537274, 'trop_agb_crit': 5.404433311084984, 'trop_k_veg': 3.277346882693048, 'pop_amp': 0.0014300163643872648, 'pop_peak': 5.209247297125698, 'pop_sig': 0.4129022947302415, 'fuel_k': 0.02386187510545928, 'fuel_half': 22.77657903018083}. Best is trial 1622 with value: -0.6125870653324885.
[I 2026-08-19 17:57:11,557] Trial 1947 finished with value: 0.5716796299903486 and parameters: {'k1': 0.00011204773072531535, 'D_low': 428.95488906478533, 'k2': 3.9152539237936774e-05, 'D_high': 758740.437970507, 'fire_exp': 1.3461473643452955, 'P_half': 7374.939245870055, 'pre_dampen_half': 7.1843056212611, 'gpp_af': 0.011950294393076773, 'gpp_b': 0.005401601512451624, 'gpp_d': 91.35670333335203, 'ign_k': 0.013682676411112992, 'ign_c': 2.455737589081928, 'trop_agb_crit': 23.320119770630644, 'trop_k_veg': 2.7817977217202414, 'pop_amp': 1.5324522588953748, 'pop_peak': 11.103194536210228, 'pop_sig': 2.070431018163086, 'fuel_k': 3.7037392502269353, 'fuel_half': 3.9803408780275737}. Best is trial 1622 with value: -0.6125870653324885.
[I 2026-08-19 17:57:13,338] Trial 1948 finished with value: 0.5760440381721359 and parameters: {'k1': 0.005450445859344372, 'D_low': 60.22486878516254, 'k2': 0.00018817643281035895, 'D_high': 8994761.855799794, 'fire_exp': 1.430372385217944, 'P_half': 864.8676240067341, 'pre_dampen_half': 1.0811679230068711, 'gpp_af': 3.150621946158153, 'gpp_b': 0.0012060525798791707, 'gpp_d': 1.5395917516999378, 'ign_k': 0.015254430815777629, 'ign_c': 0.6600418816617988, 'trop_agb_crit': 3.5540355705462696, 'trop_k_veg': 0.5999560428511057, 'pop_amp': 1.0612619289384742, 'pop_peak': 58.967674456914295, 'pop_sig': 0.49412709494241636, 'fuel_k': 0.1763128749748823, 'fuel_half': 0.8547088184683651}. Best is trial 1622 with value: -0.6125870653324885.
  trial 1949/2500  best_overall=0.6126  (58.8 min)
[I 2026-08-19 17:57:15,570] Trial 1949 finished with value: 0.5865968292056465 and parameters: {'k1': 0.01852187439302004, 'D_low': 1.1357213135539195, 'k2': 0.0030125222409763367, 'D_high': 1903043.4967220712, 'fire_exp': 3.445925196800138, 'P_half': 10.621731749329557, 'pre_dampen_half': 21.175583254051197, 'gpp_af': 0.2883550249524963, 'gpp_b': 0.0016776050444026742, 'gpp_d': 4.89184014513448, 'ign_k': 0.35909813124288026, 'ign_c': 0.1577251468320875, 'trop_agb_crit': 22.02778069151964, 'trop_k_veg': 0.5124972692257614, 'pop_amp': 6.322500782895356, 'pop_peak': 119.62051987580757, 'pop_sig': 0.6724468336774051, 'fuel_k': 0.13365742344484513, 'fuel_half': 0.633330030999004}. Best is trial 1622 with value: -0.6125870653324885.
[I 2026-08-19 17:57:17,410] Trial 1950 finished with value: 0.5469264743016949 and parameters: {'k1': 0.08973242572479426, 'D_low': 9.11393345213434, 'k2': 0.0008487482180431532, 'D_high': 287295.25572922546, 'fire_exp': 2.7591471846057156, 'P_half': 292.89500167096736, 'pre_dampen_half': 0.09823130060014638, 'gpp_af': 0.0015472993420545596, 'gpp_b': 1.5184659976162986e-05, 'gpp_d': 92.62527174067215, 'ign_k': 1.0391645012217308, 'ign_c': 19.178179989795293, 'trop_agb_crit': 8.82666244235335, 'trop_k_veg': 7.196906439668858, 'pop_amp': 0.029277351453517085, 'pop_peak': 0.6329057497351828, 'pop_sig': 1.8702563026056427, 'fuel_k': 2.521049853514983, 'fuel_half': 1.434825935278507}. Best is trial 1622 with value: -0.6125870653324885.
[I 2026-08-19 17:57:19,210] Trial 1951 finished with value: -0.572868849335806 and parameters: {'k1': 0.0006104262274537017, 'D_low': 1.1736753066898482, 'k2': 0.008799025954383897, 'D_high': 1080671.4863825897, 'fire_exp': 2.467724266536793, 'P_half': 76.84645089195611, 'pre_dampen_half': 2.592296661000145, 'gpp_af': 2.315582555554004, 'gpp_b': 0.00047525067386914384, 'gpp_d': 33.91772371314422, 'ign_k': 5.798498637882757, 'ign_c': 5.632606491566813, 'trop_agb_crit': 9.464543849171559, 'trop_k_veg': 4.634004872074323, 'pop_amp': 0.006613149389776929, 'pop_peak': 2.0316647911009267, 'pop_sig': 0.28384343259454803, 'fuel_k': 0.10137877393492851, 'fuel_half': 35.26547883643809}. Best is trial 1622 with value: -0.6125870653324885.
[I 2026-08-19 17:57:20,987] Trial 1952 finished with value: 0.4125467749508468 and parameters: {'k1': 0.00371382653071877, 'D_low': 2.449752719345572, 'k2': 0.007976356513882035, 'D_high': 2001905.0898458106, 'fire_exp': 2.3624395673880794, 'P_half': 14.145843103163815, 'pre_dampen_half': 6.507460540151258, 'gpp_af': 2.848512676379293, 'gpp_b': 0.008817297054069431, 'gpp_d': 32.238785579793515, 'ign_k': 1.3051914325585063, 'ign_c': 3.2625292206969414, 'trop_agb_crit': 6.828674934714032, 'trop_k_veg': 2.7510707666543244, 'pop_amp': 0.037126925523804574, 'pop_peak': 3.6485964563255133, 'pop_sig': 0.8117321927136497, 'fuel_k': 0.04545386059380785, 'fuel_half': 89.02129481065197}. Best is trial 1622 with value: -0.6125870653324885.
[I 2026-08-19 17:57:22,847] Trial 1953 finished with value: 0.4355216017818129 and parameters: {'k1': 0.044542051153580446, 'D_low': 6.30958585799052, 'k2': 0.0004801183162026337, 'D_high': 2275368.1687992364, 'fire_exp': 1.1179996486083623, 'P_half': 933.3177681070055, 'pre_dampen_half': 43.01737108836969, 'gpp_af': 0.004836208970502823, 'gpp_b': 0.0006578223142187889, 'gpp_d': 6.292993070870297, 'ign_k': 4.813327186610145, 'ign_c': 10.282686531248023, 'trop_agb_crit': 7.731419512177229, 'trop_k_veg': 7.787310831028324, 'pop_amp': 0.0032203044193419477, 'pop_peak': 4.901208997469923, 'pop_sig': 1.1976325212378214, 'fuel_k': 0.8047913972561264, 'fuel_half': 1.7299489046613667}. Best is trial 1622 with value: -0.6125870653324885.
[I 2026-08-19 17:57:24,616] Trial 1954 finished with value: 0.5612709237265774 and parameters: {'k1': 0.008006107794048332, 'D_low': 1408.4180088729174, 'k2': 0.0006876896521222517, 'D_high': 215078.20502038405, 'fire_exp': 1.7679926605888403, 'P_half': 5.488313490688662, 'pre_dampen_half': 2.352827586541869, 'gpp_af': 0.7180980562130932, 'gpp_b': 0.00023916535797699072, 'gpp_d': 325.6921910289519, 'ign_k': 0.019188995381680323, 'ign_c': 0.9374193017987608, 'trop_agb_crit': 2.5302030172888155, 'trop_k_veg': 1.1864737819294626, 'pop_amp': 6.9233945139757855, 'pop_peak': 7.157310171514044, 'pop_sig': 1.457520177931379, 'fuel_k': 0.33131323076317004, 'fuel_half': 0.345303249894374}. Best is trial 1622 with value: -0.6125870653324885.
[I 2026-08-19 17:57:26,474] Trial 1955 finished with value: -0.5854576910000717 and parameters: {'k1': 0.0002187715029809373, 'D_low': 4.399611204173693, 'k2': 0.04332843731608139, 'D_high': 1882310.7162658062, 'fire_exp': 2.9302926722341276, 'P_half': 318.4043127029707, 'pre_dampen_half': 445.5785660526566, 'gpp_af': 0.18577593634274459, 'gpp_b': 5.356212015013926e-05, 'gpp_d': 111.42006198564857, 'ign_k': 0.5561584355545901, 'ign_c': 1.3885786488328657, 'trop_agb_crit': 9.464836982379802, 'trop_k_veg': 7.108399542163742, 'pop_amp': 0.0027651877561694405, 'pop_peak': 8.987868876590294, 'pop_sig': 0.8731887543947825, 'fuel_k': 0.016540996864239023, 'fuel_half': 44.67691750116024}. Best is trial 1622 with value: -0.6125870653324885.
[I 2026-08-19 17:57:28,315] Trial 1956 finished with value: 0.41418501480607284 and parameters: {'k1': 0.025552711994322238, 'D_low': 11.892107920791965, 'k2': 0.0006433599297514547, 'D_high': 1636076.379966144, 'fire_exp': 2.1379270209150856, 'P_half': 13.513868331539577, 'pre_dampen_half': 2.049502607446583, 'gpp_af': 0.10013020547140725, 'gpp_b': 3.143578321111041e-05, 'gpp_d': 92.4979073051051, 'ign_k': 3.317588735146805, 'ign_c': 0.5599293658450518, 'trop_agb_crit': 9.31588773895771, 'trop_k_veg': 5.534387369644738, 'pop_amp': 0.0011752492675494064, 'pop_peak': 0.06912307507262717, 'pop_sig': 0.5194679473675645, 'fuel_k': 2.3348120732334814, 'fuel_half': 20.8995022132974}. Best is trial 1622 with value: -0.6125870653324885.
[I 2026-08-19 17:57:30,101] Trial 1957 finished with value: 0.6445374145881376 and parameters: {'k1': 0.014016167778260792, 'D_low': 234572.3053442732, 'k2': 0.013656013626556718, 'D_high': 6107.545736871081, 'fire_exp': 2.4179582327664932, 'P_half': 2942.134221968428, 'pre_dampen_half': 16.84708972102811, 'gpp_af': 0.05466600497187432, 'gpp_b': 3.117638310538247e-05, 'gpp_d': 0.15545213277191913, 'ign_k': 0.6787483169029248, 'ign_c': 0.16746543148128176, 'trop_agb_crit': 15.710965419436189, 'trop_k_veg': 6.138681572365785, 'pop_amp': 1.689209762956193, 'pop_peak': 2.650443907659691, 'pop_sig': 0.4258698337670195, 'fuel_k': 0.5957153650007013, 'fuel_half': 48.03486937975774}. Best is trial 1622 with value: -0.6125870653324885.
[I 2026-08-19 17:57:31,933] Trial 1958 finished with value: 0.5745925803906211 and parameters: {'k1': 0.007981992054124268, 'D_low': 118.35900508698887, 'k2': 0.0017314072260386374, 'D_high': 5767142.106308821, 'fire_exp': 5.207334084026509, 'P_half': 89.5046578802995, 'pre_dampen_half': 16.21917650779477, 'gpp_af': 1.170688213031298, 'gpp_b': 0.00043937898828630406, 'gpp_d': 0.9032807567959832, 'ign_k': 0.31651349977838233, 'ign_c': 19.478349897491245, 'trop_agb_crit': 2.188769318873974, 'trop_k_veg': 5.450907930932489, 'pop_amp': 0.019551483721933043, 'pop_peak': 986.9890107765427, 'pop_sig': 0.9870640570362638, 'fuel_k': 0.15820126117537434, 'fuel_half': 1.4925709778367868}. Best is trial 1622 with value: -0.6125870653324885.
[I 2026-08-19 17:57:33,749] Trial 1959 finished with value: -0.5869204126939448 and parameters: {'k1': 0.08912943295417393, 'D_low': 5.389714556598979, 'k2': 0.0027940942130824605, 'D_high': 192010.0474213926, 'fire_exp': 4.40173784966312, 'P_half': 19.618045622492176, 'pre_dampen_half': 3.4871961156322206, 'gpp_af': 0.006094697036805424, 'gpp_b': 2.8648547239695817e-05, 'gpp_d': 8.173714066655396, 'ign_k': 1.6835764055281135, 'ign_c': 2.7223429771718886, 'trop_agb_crit': 6.741206199806982, 'trop_k_veg': 4.113975896748631, 'pop_amp': 0.022842130936847574, 'pop_peak': 0.14761541262473582, 'pop_sig': 0.4508433698262487, 'fuel_k': 1.5341370298702024, 'fuel_half': 2.9290657126497126}. Best is trial 1622 with value: -0.6125870653324885.
[I 2026-08-19 17:57:35,528] Trial 1960 finished with value: -0.5986620441661262 and parameters: {'k1': 0.00017225448079994618, 'D_low': 1107.1743216328616, 'k2': 0.0010307935756279337, 'D_high': 648946.5700064817, 'fire_exp': 1.2788606471668293, 'P_half': 368.34625915345066, 'pre_dampen_half': 0.7193887344258695, 'gpp_af': 0.16864399849100078, 'gpp_b': 0.00512474270212413, 'gpp_d': 149.43096615343026, 'ign_k': 6.166401678023538, 'ign_c': 0.11579996115903403, 'trop_agb_crit': 17.906903125068386, 'trop_k_veg': 5.955832483813365, 'pop_amp': 0.08154352106805218, 'pop_peak': 0.20787295599237682, 'pop_sig': 0.31906999884085974, 'fuel_k': 1.6834255090180785, 'fuel_half': 0.1394172024561292}. Best is trial 1622 with value: -0.6125870653324885.
  trial 1961/2500  best_overall=0.6126  (59.2 min)
[I 2026-08-19 17:57:37,853] Trial 1961 finished with value: 0.4548220360548054 and parameters: {'k1': 0.0001694172080974005, 'D_low': 5.4561527621838675, 'k2': 0.021784056685089013, 'D_high': 567553.2024410127, 'fire_exp': 8.714213484514207, 'P_half': 8.710682404877202, 'pre_dampen_half': 14.778582188165892, 'gpp_af': 0.43863556821261945, 'gpp_b': 9.53395403328396e-05, 'gpp_d': 14.266348410076576, 'ign_k': 0.35635891056887564, 'ign_c': 11.710044227861285, 'trop_agb_crit': 3.3228280663065757, 'trop_k_veg': 7.268643804863842, 'pop_amp': 0.0018186479433077993, 'pop_peak': 25.496573962636003, 'pop_sig': 1.2066323542183208, 'fuel_k': 0.2666351201610371, 'fuel_half': 0.16843067749756266}. Best is trial 1622 with value: -0.6125870653324885.
[I 2026-08-19 17:57:39,629] Trial 1962 finished with value: 0.6295174418996178 and parameters: {'k1': 7.655631367637288e-05, 'D_low': 186.5700693292427, 'k2': 0.0001658968126842993, 'D_high': 2672068.6893480895, 'fire_exp': 1.084294446981303, 'P_half': 1660.4409402646997, 'pre_dampen_half': 151.5972857369742, 'gpp_af': 0.025227165398544048, 'gpp_b': 1.1480406650791382, 'gpp_d': 13.050194412028677, 'ign_k': 4.406646434005136, 'ign_c': 0.5043561577065991, 'trop_agb_crit': 8.610450057129734, 'trop_k_veg': 5.277540619305098, 'pop_amp': 0.15121729599251055, 'pop_peak': 0.12382340869909914, 'pop_sig': 0.29167325031092944, 'fuel_k': 0.4892644325627113, 'fuel_half': 0.15434509389846437}. Best is trial 1622 with value: -0.6125870653324885.
[I 2026-08-19 17:57:41,434] Trial 1963 finished with value: 0.5774401378303093 and parameters: {'k1': 0.0001127765910925504, 'D_low': 1.386379274315158, 'k2': 0.000146206004080882, 'D_high': 1439261.159963725, 'fire_exp': 3.1541087618486796, 'P_half': 846.9424858882279, 'pre_dampen_half': 0.36159534057612797, 'gpp_af': 0.4154297212148452, 'gpp_b': 0.08025084478641342, 'gpp_d': 5.933859114029369, 'ign_k': 2.3280814522316415, 'ign_c': 0.28442120632373313, 'trop_agb_crit': 2.319394701889843, 'trop_k_veg': 0.9344674824600651, 'pop_amp': 2.825194526157109, 'pop_peak': 6.199382676208566, 'pop_sig': 0.49337011082011184, 'fuel_k': 1.0684179525044861, 'fuel_half': 4.96937762696584}. Best is trial 1622 with value: -0.6125870653324885.
[I 2026-08-19 17:57:43,300] Trial 1964 finished with value: 0.5492173308091813 and parameters: {'k1': 5.328417148879028e-05, 'D_low': 20084.059423358405, 'k2': 0.0033148826952432734, 'D_high': 1491329.9970388084, 'fire_exp': 1.1540291695391987, 'P_half': 626.388422813916, 'pre_dampen_half': 0.07403902646848388, 'gpp_af': 1.0947986201576159, 'gpp_b': 0.0025075770212670584, 'gpp_d': 276.1595258540302, 'ign_k': 7.001819489856601, 'ign_c': 0.15917038795477237, 'trop_agb_crit': 10.407741888522528, 'trop_k_veg': 7.459169672636939, 'pop_amp': 0.6896331142278984, 'pop_peak': 0.10331956734791027, 'pop_sig': 0.34431343130720987, 'fuel_k': 0.06541417857623885, 'fuel_half': 0.14974423990331012}. Best is trial 1622 with value: -0.6125870653324885.
[I 2026-08-19 17:57:45,098] Trial 1965 finished with value: 0.45400036175419367 and parameters: {'k1': 0.0005139229419246171, 'D_low': 12.29833731087574, 'k2': 0.000412002672920494, 'D_high': 18906.18196968483, 'fire_exp': 1.094378774292761, 'P_half': 210.59643108187132, 'pre_dampen_half': 1.612634873639436, 'gpp_af': 5.8776187880861634, 'gpp_b': 0.0039441664251968125, 'gpp_d': 112.16465299781277, 'ign_k': 6.388099997931488, 'ign_c': 1.6349006311056797, 'trop_agb_crit': 12.11218992106459, 'trop_k_veg': 4.468108336431278, 'pop_amp': 0.2529301694110453, 'pop_peak': 1.7940710066484038, 'pop_sig': 0.25894704341106384, 'fuel_k': 2.9162470454514104, 'fuel_half': 0.4110724759422151}. Best is trial 1622 with value: -0.6125870653324885.
[I 2026-08-19 17:57:46,883] Trial 1966 finished with value: 0.42772009718848847 and parameters: {'k1': 0.00013165464874999468, 'D_low': 168.39026121756922, 'k2': 0.00018775469312252402, 'D_high': 156395.6613957357, 'fire_exp': 1.7057075168301183, 'P_half': 366.7499566153879, 'pre_dampen_half': 0.34158557728007233, 'gpp_af': 0.012648773645022945, 'gpp_b': 0.0007496629229209712, 'gpp_d': 906.8128585531297, 'ign_k': 2.0572308349305786, 'ign_c': 0.23350615025145222, 'trop_agb_crit': 10.40167641142816, 'trop_k_veg': 7.029914437702925, 'pop_amp': 0.026565846369165376, 'pop_peak': 0.06445545364849523, 'pop_sig': 0.3092937292169621, 'fuel_k': 3.8540833270570287, 'fuel_half': 0.16845927811436717}. Best is trial 1622 with value: -0.6125870653324885.
[I 2026-08-19 17:57:48,770] Trial 1967 finished with value: 0.5758823998918421 and parameters: {'k1': 0.00012965640119342377, 'D_low': 7826.459495067573, 'k2': 0.0016235209131990572, 'D_high': 906773.9209195153, 'fire_exp': 1.9959006320569719, 'P_half': 3853.5128030885503, 'pre_dampen_half': 2.418552940233293, 'gpp_af': 1.4543173164989611, 'gpp_b': 0.14306626377915188, 'gpp_d': 20.076577684373817, 'ign_k': 5.405852598328036, 'ign_c': 2.313319992672036, 'trop_agb_crit': 17.211052114492297, 'trop_k_veg': 4.418029232050085, 'pop_amp': 0.017701986261711256, 'pop_peak': 0.11867844436425677, 'pop_sig': 0.42873882359787685, 'fuel_k': 2.634091903517359, 'fuel_half': 0.24980537650899504}. Best is trial 1622 with value: -0.6125870653324885.
[I 2026-08-19 17:57:50,554] Trial 1968 finished with value: 0.557986838199261 and parameters: {'k1': 0.023058815794138696, 'D_low': 1.154021228458197, 'k2': 0.01874955423208134, 'D_high': 27163.508914128324, 'fire_exp': 3.9917408397968495, 'P_half': 2.5666493849146, 'pre_dampen_half': 2.0329727396630624, 'gpp_af': 0.643467632670765, 'gpp_b': 0.0005769379475688151, 'gpp_d': 632.6094793447076, 'ign_k': 0.09498956648531406, 'ign_c': 12.279271735516803, 'trop_agb_crit': 27.799229355233834, 'trop_k_veg': 3.2073899974107603, 'pop_amp': 0.003713273944665227, 'pop_peak': 0.13129520016219673, 'pop_sig': 0.7208191875063209, 'fuel_k': 0.6862126128502982, 'fuel_half': 0.17768585426247235}. Best is trial 1622 with value: -0.6125870653324885.
[I 2026-08-19 17:57:52,381] Trial 1969 finished with value: 0.6445374145881376 and parameters: {'k1': 0.004661983119477548, 'D_low': 3.962078526855269, 'k2': 0.0032103004947451864, 'D_high': 44149.07149873314, 'fire_exp': 3.2798215486743953, 'P_half': 256.7597303193385, 'pre_dampen_half': 127.32215649062223, 'gpp_af': 0.0024703993421994743, 'gpp_b': 0.0005775586988666506, 'gpp_d': 3.2083525566895608, 'ign_k': 1.0126392307495289, 'ign_c': 84.44117132009494, 'trop_agb_crit': 14.870423912879584, 'trop_k_veg': 6.502217349466787, 'pop_amp': 0.004368191032670758, 'pop_peak': 0.06118153563746141, 'pop_sig': 0.7682416421164309, 'fuel_k': 1.0590734423073789, 'fuel_half': 1.0360321033462854}. Best is trial 1622 with value: -0.6125870653324885.
[I 2026-08-19 17:57:54,271] Trial 1970 finished with value: 0.5887347963586016 and parameters: {'k1': 9.17031574520021e-05, 'D_low': 2.062177927615306, 'k2': 0.005178319265051252, 'D_high': 198792.40302380288, 'fire_exp': 6.080839828573749, 'P_half': 582.2471951772465, 'pre_dampen_half': 3.4082636081027333, 'gpp_af': 0.17077710943782204, 'gpp_b': 0.060510903792513504, 'gpp_d': 8.164232084381698, 'ign_k': 0.6932643979805596, 'ign_c': 0.11354555444150267, 'trop_agb_crit': 4.875535922148516, 'trop_k_veg': 3.06771344232545, 'pop_amp': 0.018988507289191273, 'pop_peak': 8.262650241582039, 'pop_sig': 0.8886916401724512, 'fuel_k': 0.03701647328655808, 'fuel_half': 86.85615191513257}. Best is trial 1622 with value: -0.6125870653324885.
