[I 2026-06-11 01:05:49,810] Trial 805 finished with values: [10.769230769178105, 10.769230769178105] and parameters: {'k1': 0.004312951023617458, 'D_low': 4.484744524732794, 'k2': 0.03865036856259725, 'D_high': 1390.2686711035008, 'fire_exp': 1.2310899049053081, 'P_half': 10.226988730324324, 'pre_dampen_half': 502.5175192217655, 'gpp_af': 0.008562341633595545, 'gpp_b': 0.00010318352929732131, 'gpp_d': 0.23485690470339216, 'ign_k': 8.761971101023693, 'ign_c': 56.56383208363866, 'trop_agb_crit': 1.310122900330372, 'trop_k_veg': 1.4584243470991722, 'fuel_k': 0.05597555634027867, 'fuel_half': 15.29850686893745}.
[I 2026-06-11 01:05:51,235] Trial 806 finished with values: [10.387347728347498, 10.387347728347498] and parameters: {'k1': 0.0015974581244256687, 'D_low': 10.733257635049776, 'k2': 0.011469197890812934, 'D_high': 1024.9816559563214, 'fire_exp': 1.0881360604103363, 'P_half': 56.28756950174212, 'pre_dampen_half': 36.876350096203005, 'gpp_af': 0.015769192447197523, 'gpp_b': 0.0054502936945582505, 'gpp_d': 314.6826989726468, 'ign_k': 8.761971101023693, 'ign_c': 15.221840161091626, 'trop_agb_crit': 5.881906289439389, 'trop_k_veg': 7.871057313180179, 'fuel_k': 4.680936683972861, 'fuel_half': 15.29850686893745}.
[I 2026-06-11 01:05:53,405] Trial 807 finished with values: [10.444041259987591, 10.444041259987591] and parameters: {'k1': 0.00013783578294796384, 'D_low': 1.4045842344024697, 'k2': 0.03865036856259725, 'D_high': 1390.2686711035008, 'fire_exp': 1.7975071312964603, 'P_half': 220.3445560633069, 'pre_dampen_half': 502.5175192217655, 'gpp_af': 0.015769192447197523, 'gpp_b': 7.402343469704428e-05, 'gpp_d': 1.9906830511569307, 'ign_k': 8.761971101023693, 'ign_c': 0.11650681118986138, 'trop_agb_crit': 1.1073237802669997, 'trop_k_veg': 5.546867170791755, 'fuel_k': 3.6992394681929337, 'fuel_half': 10.06119804781128}.
[I 2026-06-11 01:05:55,646] Trial 808 finished with values: [10.306680497872971, 10.306680497872971] and parameters: {'k1': 0.09738633019266786, 'D_low': 4.484744524732794, 'k2': 0.011469197890812934, 'D_high': 1390.2686711035008, 'fire_exp': 1.1258453832483524, 'P_half': 2309.331703082654, 'pre_dampen_half': 502.5175192217655, 'gpp_af': 0.0015564377110419772, 'gpp_b': 0.00012118589392553798, 'gpp_d': 2.8006820077310213, 'ign_k': 8.761971101023693, 'ign_c': 0.11650681118986138, 'trop_agb_crit': 24.584290528289387, 'trop_k_veg': 4.1309639246402785, 'fuel_k': 3.2005985636351713, 'fuel_half': 52.00581729114123}.
[I 2026-06-11 01:05:57,332] Trial 809 finished with values: [10.034139242067264, 10.034139242067264] and parameters: {'k1': 0.00013783578294796384, 'D_low': 98.98117700885537, 'k2': 1.915468390724633e-05, 'D_high': 1024.9816559563214, 'fire_exp': 1.2310899049053081, 'P_half': 70.13097205353067, 'pre_dampen_half': 502.5175192217655, 'gpp_af': 0.015769192447197523, 'gpp_b': 7.402343469704428e-05, 'gpp_d': 2.8006820077310213, 'ign_k': 0.3538391696694434, 'ign_c': 0.9294394155644988, 'trop_agb_crit': 1.2440687631821843, 'trop_k_veg': 4.599337386928772, 'fuel_k': 4.680936683972861, 'fuel_half': 0.14319038307687884}.
[I 2026-06-11 01:05:58,943] Trial 810 finished with values: [-0.728641711401167, 0.20073286948407476] and parameters: {'k1': 0.004312951023617458, 'D_low': 90.71933427331369, 'k2': 0.004339260158221388, 'D_high': 1919.1689944397538, 'fire_exp': 1.1258453832483524, 'P_half': 10.226988730324324, 'pre_dampen_half': 518.2609891091987, 'gpp_af': 0.008562341633595545, 'gpp_b': 0.0005392415140872105, 'gpp_d': 0.0581159974343924, 'ign_k': 8.761971101023693, 'ign_c': 6.390695092073219, 'trop_agb_crit': 9.836162684900028, 'trop_k_veg': 4.1309639246402785, 'fuel_k': 0.04572914063536324, 'fuel_half': 2.9236782115513154}.
[I 2026-06-11 01:06:00,390] Trial 811 finished with values: [10.676400757320081, 10.676400757320081] and parameters: {'k1': 0.004312951023617458, 'D_low': 90.71933427331369, 'k2': 0.03865036856259725, 'D_high': 1390.2686711035008, 'fire_exp': 7.854485471289695, 'P_half': 13.019246714361572, 'pre_dampen_half': 502.5175192217655, 'gpp_af': 0.008562341633595545, 'gpp_b': 7.402343469704428e-05, 'gpp_d': 0.0581159974343924, 'ign_k': 0.47081597932501906, 'ign_c': 6.390695092073219, 'trop_agb_crit': 1.310122900330372, 'trop_k_veg': 2.8224577471047865, 'fuel_k': 0.05597555634027867, 'fuel_half': 60.39526675016393}.
[I 2026-06-11 01:06:01,717] Trial 812 finished with values: [10.106914350325935, 10.106914350325935] and parameters: {'k1': 0.00013783578294796384, 'D_low': 98.98117700885537, 'k2': 0.00352110299468884, 'D_high': 1024.9816559563214, 'fire_exp': 1.1258453832483524, 'P_half': 220.3445560633069, 'pre_dampen_half': 502.5175192217655, 'gpp_af': 0.005618069878716736, 'gpp_b': 0.00012118589392553798, 'gpp_d': 9.004606022643067, 'ign_k': 8.761971101023693, 'ign_c': 0.11650681118986138, 'trop_agb_crit': 24.584290528289387, 'trop_k_veg': 4.599337386928772, 'fuel_k': 0.05597555634027867, 'fuel_half': 27.4762346187747}.
[I 2026-06-11 01:06:03,040] Trial 813 finished with values: [10.024077974088923, 10.024077974088923] and parameters: {'k1': 0.004312951023617458, 'D_low': 4.484744524732794, 'k2': 0.03865036856259725, 'D_high': 1024.9816559563214, 'fire_exp': 1.1258453832483524, 'P_half': 10.226988730324324, 'pre_dampen_half': 158.2364439052928, 'gpp_af': 0.015769192447197523, 'gpp_b': 7.402343469704428e-05, 'gpp_d': 316.3119627337476, 'ign_k': 8.761971101023693, 'ign_c': 0.11650681118986138, 'trop_agb_crit': 1.310122900330372, 'trop_k_veg': 1.4584243470991722, 'fuel_k': 0.05597555634027867, 'fuel_half': 15.29850686893745}.
[I 2026-06-11 01:06:04,456] Trial 814 finished with values: [10.041938824605113, 10.041938824605113] and parameters: {'k1': 0.00013783578294796384, 'D_low': 285.5843069859748, 'k2': 0.0027431991397796683, 'D_high': 1354.6626168109253, 'fire_exp': 1.1258453832483524, 'P_half': 13.019246714361572, 'pre_dampen_half': 502.5175192217655, 'gpp_af': 0.005618069878716736, 'gpp_b': 7.402343469704428e-05, 'gpp_d': 2.8006820077310213, 'ign_k': 8.761971101023693, 'ign_c': 0.9294394155644988, 'trop_agb_crit': 24.181329527832204, 'trop_k_veg': 0.6014881258938517, 'fuel_k': 0.04572914063536324, 'fuel_half': 2.9236782115513154}.
[I 2026-06-11 01:06:05,908] Trial 815 finished with values: [10.036241816136036, 10.036241816136036] and parameters: {'k1': 0.05233480488540085, 'D_low': 90.71933427331369, 'k2': 0.0009724201099820953, 'D_high': 1024.9816559563214, 'fire_exp': 1.1258453832483524, 'P_half': 13.019246714361572, 'pre_dampen_half': 502.5175192217655, 'gpp_af': 0.015769192447197523, 'gpp_b': 0.00010318352929732131, 'gpp_d': 3.9087699398345466, 'ign_k': 8.761971101023693, 'ign_c': 15.221840161091626, 'trop_agb_crit': 24.584290528289387, 'trop_k_veg': 0.7582134759384036, 'fuel_k': 0.33626074223668484, 'fuel_half': 16.304268028731595}.
[I 2026-06-11 01:06:07,299] Trial 816 finished with values: [10.118035795075086, 10.118035795075086] and parameters: {'k1': 0.00013783578294796384, 'D_low': 4.484744524732794, 'k2': 0.03865036856259725, 'D_high': 1390.2686711035008, 'fire_exp': 1.1258453832483524, 'P_half': 10.226988730324324, 'pre_dampen_half': 502.5175192217655, 'gpp_af': 0.008562341633595545, 'gpp_b': 1.7565109007473816e-05, 'gpp_d': 0.23485690470339216, 'ign_k': 8.761971101023693, 'ign_c': 0.9294394155644988, 'trop_agb_crit': 1.310122900330372, 'trop_k_veg': 1.4584243470991722, 'fuel_k': 0.05597555634027867, 'fuel_half': 15.29850686893745}.
[I 2026-06-11 01:06:08,590] Trial 817 finished with values: [10.577270082458368, 10.577270082458368] and parameters: {'k1': 0.00013783578294796384, 'D_low': 4.484744524732794, 'k2': 0.011469197890812934, 'D_high': 1024.9816559563214, 'fire_exp': 1.1258453832483524, 'P_half': 16.051347487097576, 'pre_dampen_half': 3.640068899312672, 'gpp_af': 0.005618069878716736, 'gpp_b': 7.402343469704428e-05, 'gpp_d': 25.184822598549903, 'ign_k': 8.761971101023693, 'ign_c': 0.9294394155644988, 'trop_agb_crit': 5.707205898008383, 'trop_k_veg': 1.4584243470991722, 'fuel_k': 0.5964469943278032, 'fuel_half': 2.9236782115513154}.
[I 2026-06-11 01:06:09,885] Trial 818 finished with values: [-0.7866887588301837, 0.262999754986214] and parameters: {'k1': 0.09738633019266786, 'D_low': 10.733257635049776, 'k2': 0.011469197890812934, 'D_high': 1024.9816559563214, 'fire_exp': 1.0114396646447246, 'P_half': 13.019246714361572, 'pre_dampen_half': 502.5175192217655, 'gpp_af': 0.008562341633595545, 'gpp_b': 0.00010318352929732131, 'gpp_d': 2.8006820077310213, 'ign_k': 8.761971101023693, 'ign_c': 15.221840161091626, 'trop_agb_crit': 9.836162684900028, 'trop_k_veg': 0.5772603928610088, 'fuel_k': 0.05597555634027867, 'fuel_half': 60.39526675016393}.
[I 2026-06-11 01:06:11,339] Trial 819 finished with values: [10.625271690307873, 10.625271690307873] and parameters: {'k1': 0.09738633019266786, 'D_low': 10.733257635049776, 'k2': 0.011469197890812934, 'D_high': 1390.2686711035008, 'fire_exp': 1.0881360604103363, 'P_half': 1.467883546187449, 'pre_dampen_half': 502.5175192217655, 'gpp_af': 0.008562341633595545, 'gpp_b': 0.00012118589392553798, 'gpp_d': 0.32837927360248453, 'ign_k': 8.761971101023693, 'ign_c': 0.11650681118986138, 'trop_agb_crit': 24.584290528289387, 'trop_k_veg': 7.871057313180179, 'fuel_k': 4.680936683972861, 'fuel_half': 15.29850686893745}.
[I 2026-06-11 01:06:13,686] Trial 820 finished with values: [-0.7937788985617179, 0.17662906189184402] and parameters: {'k1': 0.004312951023617458, 'D_low': 4.484744524732794, 'k2': 0.0027431991397796683, 'D_high': 1390.2686711035008, 'fire_exp': 1.2310899049053081, 'P_half': 10.226988730324324, 'pre_dampen_half': 502.5175192217655, 'gpp_af': 0.005618069878716736, 'gpp_b': 7.402343469704428e-05, 'gpp_d': 34.97224310873812, 'ign_k': 8.761971101023693, 'ign_c': 0.9294394155644988, 'trop_agb_crit': 1.310122900330372, 'trop_k_veg': 5.546867170791755, 'fuel_k': 0.5964469943278032, 'fuel_half': 2.9236782115513154}.
[I 2026-06-11 01:06:15,500] Trial 821 finished with values: [10.5859145478035, 10.5859145478035] and parameters: {'k1': 2.1835747526693533e-05, 'D_low': 90.71933427331369, 'k2': 0.0027431991397796683, 'D_high': 204.16881527138202, 'fire_exp': 1.2310899049053081, 'P_half': 16.051347487097576, 'pre_dampen_half': 502.5175192217655, 'gpp_af': 0.005618069878716736, 'gpp_b': 7.402343469704428e-05, 'gpp_d': 9.004606022643067, 'ign_k': 8.761971101023693, 'ign_c': 0.11650681118986138, 'trop_agb_crit': 1.1073237802669997, 'trop_k_veg': 1.1869544174841766, 'fuel_k': 0.04572914063536324, 'fuel_half': 15.29850686893745}.
[I 2026-06-11 01:06:17,175] Trial 822 finished with values: [10.024031352948718, 10.024031352948718] and parameters: {'k1': 0.004312951023617458, 'D_low': 2.2281634177046414, 'k2': 0.011469197890812934, 'D_high': 1024.9816559563214, 'fire_exp': 1.0881360604103363, 'P_half': 16.051347487097576, 'pre_dampen_half': 38.160753400791386, 'gpp_af': 0.005618069878716736, 'gpp_b': 3.228689523591491e-05, 'gpp_d': 129.7393125993744, 'ign_k': 4.591485216740537, 'ign_c': 0.11650681118986138, 'trop_agb_crit': 6.1198430581046965, 'trop_k_veg': 1.6188317104473453, 'fuel_k': 2.5629765645018394, 'fuel_half': 10.06119804781128}.
[I 2026-06-11 01:06:18,451] Trial 823 finished with values: [10.258667154746279, 10.258667154746279] and parameters: {'k1': 0.09738633019266786, 'D_low': 4.484744524732794, 'k2': 0.03865036856259725, 'D_high': 1390.2686711035008, 'fire_exp': 1.2310899049053081, 'P_half': 10.226988730324324, 'pre_dampen_half': 502.5175192217655, 'gpp_af': 0.008562341633595545, 'gpp_b': 0.00010318352929732131, 'gpp_d': 9.004606022643067, 'ign_k': 0.5131654955148326, 'ign_c': 0.11650681118986138, 'trop_agb_crit': 24.584290528289387, 'trop_k_veg': 4.599337386928772, 'fuel_k': 0.05597555634027867, 'fuel_half': 52.00581729114123}.
[I 2026-06-11 01:06:19,750] Trial 824 finished with values: [-0.6673051050641339, 0.26517446550875645] and parameters: {'k1': 0.004312951023617458, 'D_low': 90.71933427331369, 'k2': 0.0027431991397796683, 'D_high': 1919.1689944397538, 'fire_exp': 1.1258453832483524, 'P_half': 10.226988730324324, 'pre_dampen_half': 502.5175192217655, 'gpp_af': 0.008562341633595545, 'gpp_b': 7.402343469704428e-05, 'gpp_d': 0.23485690470339216, 'ign_k': 0.5131654955148326, 'ign_c': 0.11650681118986138, 'trop_agb_crit': 1.310122900330372, 'trop_k_veg': 0.5772603928610088, 'fuel_k': 0.05597555634027867, 'fuel_half': 60.39526675016393}.
[I 2026-06-11 01:06:21,187] Trial 825 finished with values: [-0.6571405917640378, 0.697736532777707] and parameters: {'k1': 0.09738633019266786, 'D_low': 4.484744524732794, 'k2': 1.9423940721007243e-05, 'D_high': 1024.9816559563214, 'fire_exp': 1.0114396646447246, 'P_half': 13.019246714361572, 'pre_dampen_half': 502.5175192217655, 'gpp_af': 0.015769192447197523, 'gpp_b': 0.00010318352929732131, 'gpp_d': 9.004606022643067, 'ign_k': 0.5131654955148326, 'ign_c': 0.9294394155644988, 'trop_agb_crit': 9.836162684900028, 'trop_k_veg': 6.999477065942703, 'fuel_k': 0.05597555634027867, 'fuel_half': 52.00581729114123}.
[I 2026-06-11 01:06:22,595] Trial 826 finished with values: [-0.7176142207540561, 0.2525549719931831] and parameters: {'k1': 1.927644355988153e-05, 'D_low': 19.987581927614485, 'k2': 0.012413450098922581, 'D_high': 1390.2686711035008, 'fire_exp': 1.0881360604103363, 'P_half': 16.051347487097576, 'pre_dampen_half': 36.876350096203005, 'gpp_af': 0.326288637536534, 'gpp_b': 3.228689523591491e-05, 'gpp_d': 314.6826989726468, 'ign_k': 0.003338063875587391, 'ign_c': 15.221840161091626, 'trop_agb_crit': 6.1198430581046965, 'trop_k_veg': 2.8224577471047865, 'fuel_k': 3.6992394681929337, 'fuel_half': 0.12399445060149628}.
[I 2026-06-11 01:06:23,828] Trial 827 finished with values: [10.066707371297303, 10.066707371297303] and parameters: {'k1': 0.00013783578294796384, 'D_low': 4.484744524732794, 'k2': 0.0027431991397796683, 'D_high': 1024.9816559563214, 'fire_exp': 1.1258453832483524, 'P_half': 220.3445560633069, 'pre_dampen_half': 502.5175192217655, 'gpp_af': 0.015769192447197523, 'gpp_b': 1.1820908383754237e-05, 'gpp_d': 9.004606022643067, 'ign_k': 8.761971101023693, 'ign_c': 0.9294394155644988, 'trop_agb_crit': 24.584290528289387, 'trop_k_veg': 1.4584243470991722, 'fuel_k': 4.680936683972861, 'fuel_half': 2.9236782115513154}.
[I 2026-06-11 01:06:25,098] Trial 828 finished with values: [10.732834371887868, 10.732834371887868] and parameters: {'k1': 0.09738633019266786, 'D_low': 6698.932367914716, 'k2': 0.011469197890812934, 'D_high': 8913.19561271411, 'fire_exp': 1.0881360604103363, 'P_half': 220.3445560633069, 'pre_dampen_half': 502.5175192217655, 'gpp_af': 0.015769192447197523, 'gpp_b': 7.402343469704428e-05, 'gpp_d': 0.0581159974343924, 'ign_k': 8.761971101023693, 'ign_c': 6.390695092073219, 'trop_agb_crit': 6.1198430581046965, 'trop_k_veg': 2.8224577471047865, 'fuel_k': 1.8645619680420142, 'fuel_half': 15.29850686893745}.
[I 2026-06-11 01:06:26,332] Trial 829 finished with values: [10.501063929377707, 10.501063929377707] and parameters: {'k1': 3.619136963999883e-05, 'D_low': 90.71933427331369, 'k2': 0.03865036856259725, 'D_high': 204.16881527138202, 'fire_exp': 1.1258453832483524, 'P_half': 16.051347487097576, 'pre_dampen_half': 502.5175192217655, 'gpp_af': 0.015350904103515228, 'gpp_b': 7.402343469704428e-05, 'gpp_d': 9.004606022643067, 'ign_k': 8.761971101023693, 'ign_c': 0.11650681118986138, 'trop_agb_crit': 1.1073237802669997, 'trop_k_veg': 1.4584243470991722, 'fuel_k': 0.05597555634027867, 'fuel_half': 0.14319038307687884}.
[I 2026-06-11 01:06:27,606] Trial 830 finished with values: [10.197830093407884, 10.197830093407884] and parameters: {'k1': 0.00013783578294796384, 'D_low': 92.55037589041179, 'k2': 1.915468390724633e-05, 'D_high': 204.16881527138202, 'fire_exp': 1.1258453832483524, 'P_half': 16.051347487097576, 'pre_dampen_half': 502.5175192217655, 'gpp_af': 0.015769192447197523, 'gpp_b': 1.7565109007473816e-05, 'gpp_d': 9.004606022643067, 'ign_k': 8.761971101023693, 'ign_c': 0.9294394155644988, 'trop_agb_crit': 1.2440687631821843, 'trop_k_veg': 4.1309639246402785, 'fuel_k': 3.6992394681929337, 'fuel_half': 0.14319038307687884}.
[I 2026-06-11 01:06:29,032] Trial 831 finished with values: [10.535740504867038, 10.535740504867038] and parameters: {'k1': 0.004312951023617458, 'D_low': 98.98117700885537, 'k2': 0.03865036856259725, 'D_high': 258.8246491696489, 'fire_exp': 1.1258453832483524, 'P_half': 343.5759946100352, 'pre_dampen_half': 502.5175192217655, 'gpp_af': 0.015769192447197523, 'gpp_b': 0.004922228103935987, 'gpp_d': 2.8006820077310213, 'ign_k': 0.5131654955148326, 'ign_c': 0.9294394155644988, 'trop_agb_crit': 5.707205898008383, 'trop_k_veg': 4.599337386928772, 'fuel_k': 0.05597555634027867, 'fuel_half': 7.860326410149304}.
[I 2026-06-11 01:06:30,413] Trial 832 finished with values: [10.01214488677989, 10.01214488677989] and parameters: {'k1': 0.09738633019266786, 'D_low': 98.98117700885537, 'k2': 0.03865036856259725, 'D_high': 1390.2686711035008, 'fire_exp': 1.3224672913793163, 'P_half': 10.226988730324324, 'pre_dampen_half': 502.5175192217655, 'gpp_af': 0.015769192447197523, 'gpp_b': 3.228689523591491e-05, 'gpp_d': 2.8006820077310213, 'ign_k': 8.761971101023693, 'ign_c': 0.11650681118986138, 'trop_agb_crit': 24.584290528289387, 'trop_k_veg': 4.599337386928772, 'fuel_k': 4.680936683972861, 'fuel_half': 52.00581729114123}.
[I 2026-06-11 01:06:31,681] Trial 833 finished with values: [-0.6943705801378253, 0.2157986416941332] and parameters: {'k1': 0.004312951023617458, 'D_low': 1.4045842344024697, 'k2': 0.03865036856259725, 'D_high': 1024.9816559563214, 'fire_exp': 1.1258453832483524, 'P_half': 13.019246714361572, 'pre_dampen_half': 158.2364439052928, 'gpp_af': 0.015769192447197523, 'gpp_b': 7.402343469704428e-05, 'gpp_d': 316.3119627337476, 'ign_k': 8.761971101023693, 'ign_c': 2.592301536155855, 'trop_agb_crit': 9.836162684900028, 'trop_k_veg': 0.5772603928610088, 'fuel_k': 0.05597555634027867, 'fuel_half': 15.29850686893745}.
[I 2026-06-11 01:06:32,988] Trial 834 finished with values: [11.475046142759, 11.475046142759] and parameters: {'k1': 0.05233480488540085, 'D_low': 98.98117700885537, 'k2': 0.011469197890812934, 'D_high': 1390.2686711035008, 'fire_exp': 1.1258453832483524, 'P_half': 16.051347487097576, 'pre_dampen_half': 502.5175192217655, 'gpp_af': 0.008562341633595545, 'gpp_b': 0.00012118589392553798, 'gpp_d': 2.8006820077310213, 'ign_k': 0.5131654955148326, 'ign_c': 15.221840161091626, 'trop_agb_crit': 5.881906289439389, 'trop_k_veg': 4.599337386928772, 'fuel_k': 4.680936683972861, 'fuel_half': 0.7755445385675653}.
[I 2026-06-11 01:06:34,236] Trial 835 finished with values: [10.117894167321968, 10.117894167321968] and parameters: {'k1': 0.09738633019266786, 'D_low': 25.050299289362957, 'k2': 0.011469197890812934, 'D_high': 1024.9816559563214, 'fire_exp': 1.0114396646447246, 'P_half': 13.019246714361572, 'pre_dampen_half': 74.6908936941915, 'gpp_af': 2.026996763944708, 'gpp_b': 0.00010318352929732131, 'gpp_d': 2.8006820077310213, 'ign_k': 0.5131654955148326, 'ign_c': 15.221840161091626, 'trop_agb_crit': 9.836162684900028, 'trop_k_veg': 0.8355408513214738, 'fuel_k': 0.05597555634027867, 'fuel_half': 60.39526675016393}.
[I 2026-06-11 01:06:35,480] Trial 836 finished with values: [-0.7698647126276363, 0.2663885970832638] and parameters: {'k1': 0.09738633019266786, 'D_low': 4.484744524732794, 'k2': 0.03865036856259725, 'D_high': 1024.9816559563214, 'fire_exp': 1.1258453832483524, 'P_half': 10.226988730324324, 'pre_dampen_half': 502.5175192217655, 'gpp_af': 0.008562341633595545, 'gpp_b': 7.402343469704428e-05, 'gpp_d': 0.0581159974343924, 'ign_k': 0.5131654955148326, 'ign_c': 0.11650681118986138, 'trop_agb_crit': 9.836162684900028, 'trop_k_veg': 4.1309639246402785, 'fuel_k': 0.030458048063161637, 'fuel_half': 15.29850686893745}.
[I 2026-06-11 01:06:36,885] Trial 837 finished with values: [10.700823614172679, 10.700823614172679] and parameters: {'k1': 2.4750421470385117e-05, 'D_low': 90.71933427331369, 'k2': 0.004339260158221388, 'D_high': 1024.9816559563214, 'fire_exp': 1.1258453832483524, 'P_half': 10.226988730324324, 'pre_dampen_half': 502.5175192217655, 'gpp_af': 0.008562341633595545, 'gpp_b': 0.09158330630550664, 'gpp_d': 1.0509785213427776, 'ign_k': 0.5131654955148326, 'ign_c': 6.390695092073219, 'trop_agb_crit': 24.584290528289387, 'trop_k_veg': 4.162616497508856, 'fuel_k': 0.04572914063536324, 'fuel_half': 2.9236782115513154}.
[I 2026-06-11 01:06:39,071] Trial 838 finished with values: [10.004958100575353, 10.004958100575353] and parameters: {'k1': 0.09738633019266786, 'D_low': 98.98117700885537, 'k2': 0.011469197890812934, 'D_high': 1024.9816559563214, 'fire_exp': 1.1258453832483524, 'P_half': 220.3445560633069, 'pre_dampen_half': 502.5175192217655, 'gpp_af': 0.005618069878716736, 'gpp_b': 0.00012118589392553798, 'gpp_d': 2.8006820077310213, 'ign_k': 0.5131654955148326, 'ign_c': 15.221840161091626, 'trop_agb_crit': 9.879645484210656, 'trop_k_veg': 4.599337386928772, 'fuel_k': 0.05597555634027867, 'fuel_half': 27.4762346187747}.
[I 2026-06-11 01:06:40,482] Trial 839 finished with values: [10.517947228467069, 10.517947228467069] and parameters: {'k1': 0.00013783578294796384, 'D_low': 1.4045842344024697, 'k2': 0.03865036856259725, 'D_high': 1024.9816559563214, 'fire_exp': 1.1258453832483524, 'P_half': 1327.5361137191958, 'pre_dampen_half': 502.5175192217655, 'gpp_af': 0.0876577878178163, 'gpp_b': 0.004922228103935987, 'gpp_d': 1.9906830511569307, 'ign_k': 8.761971101023693, 'ign_c': 0.11650681118986138, 'trop_agb_crit': 1.1073237802669997, 'trop_k_veg': 0.7312511141991346, 'fuel_k': 3.6992394681929337, 'fuel_half': 7.860326410149304}.
