[I 2026-07-22 18:44:43,917] Trial 419 finished with values: [10.214618059171487, 10.214618059171487] and parameters: {'k1': 0.008822833027501576, 'D_low': 1.7887890916820506, 'k2': 2.1698375693549493e-05, 'D_high': 160625.60954780428, 'fire_exp': 1.1258453832483524, 'P_half': 7.890004262668578, 'pre_dampen_half': 0.4016986062226068, 'gpp_af': 0.25562996323356013, 'gpp_b': 0.0054502936945582505, 'gpp_d': 9.00460602264307, 'ign_k': 0.006290644294586149, 'ign_c': 11.40086370112731, 'trop_agb_crit': 9.362115196011851, 'trop_k_veg': 0.6921865222804094, 'fuel_k': 0.48736180483849406, 'fuel_half': 0.3335026483569958}.
[I 2026-07-22 18:44:44,337] Trial 420 finished with values: [10.531002507035836, 10.531002507035836] and parameters: {'k1': 0.052334804885400876, 'D_low': 13.25142220631392, 'k2': 0.01567230746060024, 'D_high': 558.9524205217922, 'fire_exp': 2.0165721691808587, 'P_half': 2.458603276328005, 'pre_dampen_half': 26.373339933815235, 'gpp_af': 0.06789053271698488, 'gpp_b': 0.0054502936945582505, 'gpp_d': 20.84599542460349, 'ign_k': 0.006290644294586149, 'ign_c': 11.40086370112731, 'trop_agb_crit': 5.024436417110404, 'trop_k_veg': 4.130963924640279, 'fuel_k': 0.48736180483849406, 'fuel_half': 0.32476735706274484}.
[I 2026-07-22 18:44:44,749] Trial 421 finished with values: [10.322755349917255, 10.322755349917255] and parameters: {'k1': 0.00023352156626184448, 'D_low': 864.0717009254879, 'k2': 7.67074891445376e-05, 'D_high': 708572.1663941594, 'fire_exp': 6.985064954051974, 'P_half': 1.4378290221680121, 'pre_dampen_half': 0.46504594134732663, 'gpp_af': 42.29037995744429, 'gpp_b': 0.00012118589392553819, 'gpp_d': 302.3127748796295, 'ign_k': 0.5131654955148324, 'ign_c': 4.1108484350212295, 'trop_agb_crit': 2.171140223187998, 'trop_k_veg': 1.7518409078083697, 'fuel_k': 0.0500651901928747, 'fuel_half': 81.87941582538087}.
[I 2026-07-22 18:44:45,161] Trial 422 finished with values: [-0.501769921284024, 0.5107038443492895] and parameters: {'k1': 0.0003199177539819797, 'D_low': 8454.098152188677, 'k2': 7.67074891445376e-05, 'D_high': 8433503.858791472, 'fire_exp': 6.392491407653604, 'P_half': 1.4378290221680121, 'pre_dampen_half': 33.71909132517388, 'gpp_af': 42.29037995744429, 'gpp_b': 0.0005995821881487623, 'gpp_d': 6.91394869865762, 'ign_k': 4.59148521674054, 'ign_c': 0.13670484737132343, 'trop_agb_crit': 10.719494362768906, 'trop_k_veg': 2.3408809609838257, 'fuel_k': 3.6992394681929355, 'fuel_half': 5.7024711030333775}.
[I 2026-07-22 18:44:45,573] Trial 423 finished with values: [10.315275010721798, 10.315275010721798] and parameters: {'k1': 0.0029282035181080004, 'D_low': 126.11058927054879, 'k2': 2.1698375693549493e-05, 'D_high': 887331.2884015184, 'fire_exp': 1.1258453832483524, 'P_half': 1535.1441568398143, 'pre_dampen_half': 347.79988160923324, 'gpp_af': 0.25562996323356013, 'gpp_b': 0.0054502936945582505, 'gpp_d': 700.6693992445935, 'ign_k': 0.5131654955148324, 'ign_c': 3.0378658251922155, 'trop_agb_crit': 20.205002815711154, 'trop_k_veg': 0.6921865222804094, 'fuel_k': 0.0500651901928747, 'fuel_half': 38.21129441691226}.
[I 2026-07-22 18:44:45,992] Trial 424 finished with values: [11.92690129702894, 11.92690129702894] and parameters: {'k1': 0.052334804885400876, 'D_low': 163.4864778201543, 'k2': 0.0001971137615017176, 'D_high': 1620420.3293280003, 'fire_exp': 1.0881360604103363, 'P_half': 6.658322706867178, 'pre_dampen_half': 36.876350096202984, 'gpp_af': 29.925002022877816, 'gpp_b': 0.011750724729953272, 'gpp_d': 302.3127748796295, 'ign_k': 0.0026834162496848666, 'ign_c': 6.1609752947414345, 'trop_agb_crit': 6.1198430581046965, 'trop_k_veg': 3.028464701337094, 'fuel_k': 1.1820218758583807, 'fuel_half': 1.3547291924247347}.
[I 2026-07-22 18:44:46,408] Trial 425 finished with values: [-0.3186999523548585, 0.1756845462036919] and parameters: {'k1': 0.0003199177539819797, 'D_low': 2.9612221068836555, 'k2': 0.035891558714508394, 'D_high': 2283.4228779494524, 'fire_exp': 1.182396148413737, 'P_half': 334.62201030483817, 'pre_dampen_half': 420.2116526335304, 'gpp_af': 0.3259758793317361, 'gpp_b': 0.0054502936945582505, 'gpp_d': 2.2044650100999164, 'ign_k': 0.5670346335627292, 'ign_c': 11.40086370112731, 'trop_agb_crit': 15.870971677383487, 'trop_k_veg': 3.024803048559367, 'fuel_k': 0.6137000782082781, 'fuel_half': 18.202647368248815}.
[I 2026-07-22 18:44:46,828] Trial 426 finished with values: [10.342403531290348, 10.342403531290348] and parameters: {'k1': 0.0003199177539819797, 'D_low': 13.25142220631392, 'k2': 0.001566517163094646, 'D_high': 316055.11434645456, 'fire_exp': 1.3411849220480432, 'P_half': 7.890004262668578, 'pre_dampen_half': 0.036274221199261325, 'gpp_af': 0.06789053271698488, 'gpp_b': 1.1698276136056565e-05, 'gpp_d': 2.2044650100999164, 'ign_k': 3.284529979576942, 'ign_c': 11.40086370112731, 'trop_agb_crit': 9.362115196011851, 'trop_k_veg': 1.7518409078083697, 'fuel_k': 0.08612665817296865, 'fuel_half': 0.3335026483569958}.
[I 2026-07-22 18:44:47,240] Trial 427 finished with values: [11.221244424024363, 11.221244424024363] and parameters: {'k1': 0.00023352156626184448, 'D_low': 247.75146043208053, 'k2': 1.6559474674046002e-05, 'D_high': 580966.5602369158, 'fire_exp': 1.3411849220480432, 'P_half': 7.890004262668578, 'pre_dampen_half': 6.881834772031151, 'gpp_af': 0.12243451886824051, 'gpp_b': 8.129227514069975e-05, 'gpp_d': 700.6693992445935, 'ign_k': 0.5131654955148324, 'ign_c': 11.40086370112731, 'trop_agb_crit': 6.119263728555865, 'trop_k_veg': 2.417028380770307, 'fuel_k': 0.0561571708805531, 'fuel_half': 0.2414020247400933}.
[I 2026-07-22 18:44:47,657] Trial 428 finished with values: [10.51421532438297, 10.51421532438297] and parameters: {'k1': 0.011966626407443505, 'D_low': 4.043300846639722, 'k2': 0.001566517163094646, 'D_high': 16392.60991832772, 'fire_exp': 1.2310899049053081, 'P_half': 540.9803697908727, 'pre_dampen_half': 0.4016986062226068, 'gpp_af': 0.008562341633595545, 'gpp_b': 1.7565109007473816e-05, 'gpp_d': 9.00460602264307, 'ign_k': 3.284529979576942, 'ign_c': 11.40086370112731, 'trop_agb_crit': 9.362115196011851, 'trop_k_veg': 2.417028380770307, 'fuel_k': 0.08612665817296865, 'fuel_half': 0.3335026483569958}.
[I 2026-07-22 18:44:48,091] Trial 429 finished with values: [10.669283925172095, 10.669283925172095] and parameters: {'k1': 0.002971796631657383, 'D_low': 163.4864778201543, 'k2': 0.0009562822793888481, 'D_high': 107013.64911724928, 'fire_exp': 3.313658135010505, 'P_half': 10.226988730324324, 'pre_dampen_half': 347.79988160923324, 'gpp_af': 18.235072804314193, 'gpp_b': 0.011750724729953272, 'gpp_d': 3.0023172465753087, 'ign_k': 0.0026834162496848666, 'ign_c': 6.1609752947414345, 'trop_agb_crit': 1.5774541406529003, 'trop_k_veg': 0.5415365826598848, 'fuel_k': 0.05597555634027867, 'fuel_half': 0.3625056554880307}.
[I 2026-07-22 18:44:48,534] Trial 430 finished with values: [11.462346182076404, 11.462346182076404] and parameters: {'k1': 0.0029707920514735983, 'D_low': 140.92119204434155, 'k2': 2.1698375693549493e-05, 'D_high': 107013.64911724928, 'fire_exp': 1.1404778529537094, 'P_half': 2.843767489444367, 'pre_dampen_half': 33.97904243111269, 'gpp_af': 18.235072804314193, 'gpp_b': 0.015382154459808445, 'gpp_d': 857.4284557962626, 'ign_k': 0.03141110271934876, 'ign_c': 3.0378658251922155, 'trop_agb_crit': 5.707205898008383, 'trop_k_veg': 6.911478238001162, 'fuel_k': 0.6211831489538813, 'fuel_half': 18.202647368248815}.
[I 2026-07-22 18:44:48,961] Trial 431 finished with values: [10.361759833535253, 10.361759833535253] and parameters: {'k1': 0.0029282035181080004, 'D_low': 11.459566575664761, 'k2': 2.1698375693549493e-05, 'D_high': 160625.60954780428, 'fire_exp': 1.1258453832483524, 'P_half': 2.0915073038472545, 'pre_dampen_half': 347.79988160923324, 'gpp_af': 0.25562996323356013, 'gpp_b': 2.3382984208508284, 'gpp_d': 6.91394869865762, 'ign_k': 0.006290644294586149, 'ign_c': 11.40086370112731, 'trop_agb_crit': 24.181329527832204, 'trop_k_veg': 0.6921865222804094, 'fuel_k': 1.663022877763097, 'fuel_half': 0.3625056554880307}.
[I 2026-07-22 18:44:49,383] Trial 432 finished with values: [10.147197391926918, 10.147197391926918] and parameters: {'k1': 0.002971796631657383, 'D_low': 163.4864778201543, 'k2': 0.0007081721844034209, 'D_high': 1693415.5410667954, 'fire_exp': 1.0881360604103363, 'P_half': 5.575453980775371, 'pre_dampen_half': 3.9885726374014694, 'gpp_af': 29.925002022877816, 'gpp_b': 3.228689523591491e-05, 'gpp_d': 4.576857873108685, 'ign_k': 0.0026834162496848666, 'ign_c': 6.1609752947414345, 'trop_agb_crit': 1.5774541406529003, 'trop_k_veg': 0.9793402026070162, 'fuel_k': 0.05597555634027867, 'fuel_half': 7.259866824755671}.
  trial  433/2500  pareto_size=5  best_taylor=0.6516  best_ilamb=0.5836  (3.0 min)
[I 2026-07-22 18:44:49,867] Trial 433 finished with values: [10.384961208333362, 10.384961208333362] and parameters: {'k1': 0.052334804885400876, 'D_low': 13.25142220631392, 'k2': 2.8459703343413838e-05, 'D_high': 316055.11434645456, 'fire_exp': 2.0165721691808587, 'P_half': 2.843767489444367, 'pre_dampen_half': 0.4016986062226068, 'gpp_af': 0.06789053271698488, 'gpp_b': 0.0005392415140872105, 'gpp_d': 9.00460602264307, 'ign_k': 3.284529979576942, 'ign_c': 14.452451441203314, 'trop_agb_crit': 9.362115196011851, 'trop_k_veg': 0.5415365826598848, 'fuel_k': 1.1820218758583807, 'fuel_half': 38.21129441691226}.
[I 2026-07-22 18:44:50,287] Trial 434 finished with values: [11.586093727599524, 11.586093727599524] and parameters: {'k1': 1.8205657658407255e-05, 'D_low': 85.60024220272012, 'k2': 2.1698375693549493e-05, 'D_high': 1693415.5410667954, 'fire_exp': 2.0165721691808587, 'P_half': 2.458603276328005, 'pre_dampen_half': 33.97904243111269, 'gpp_af': 0.0025511964576171086, 'gpp_b': 3.228689523591491e-05, 'gpp_d': 302.3127748796295, 'ign_k': 3.210808548911192, 'ign_c': 6.1609752947414345, 'trop_agb_crit': 1.5774541406529003, 'trop_k_veg': 1.6340262437673856, 'fuel_k': 1.8731335591844647, 'fuel_half': 0.13122924251987642}.
[I 2026-07-22 18:44:50,707] Trial 435 finished with values: [10.655781391114434, 10.655781391114434] and parameters: {'k1': 0.0058043147174140705, 'D_low': 13.25142220631392, 'k2': 0.01567230746060024, 'D_high': 2283.4228779494524, 'fire_exp': 1.1258453832483524, 'P_half': 1.7036120617148391, 'pre_dampen_half': 3.9885726374014694, 'gpp_af': 18.235072804314193, 'gpp_b': 0.0054502936945582505, 'gpp_d': 9.00460602264307, 'ign_k': 0.5670346335627292, 'ign_c': 14.452451441203314, 'trop_agb_crit': 29.789943908227905, 'trop_k_veg': 0.5415365826598848, 'fuel_k': 1.1820218758583807, 'fuel_half': 49.16400722913764}.
[I 2026-07-22 18:44:51,123] Trial 436 finished with values: [10.599120032667388, 10.599120032667388] and parameters: {'k1': 0.00023352156626184448, 'D_low': 13.25142220631392, 'k2': 0.01567230746060024, 'D_high': 2283.4228779494524, 'fire_exp': 1.1258453832483524, 'P_half': 3.079212464127044, 'pre_dampen_half': 0.46504594134732663, 'gpp_af': 0.0023751383317256927, 'gpp_b': 0.0005392415140872105, 'gpp_d': 302.3127748796295, 'ign_k': 0.5131654955148324, 'ign_c': 4.1108484350212295, 'trop_agb_crit': 29.789943908227905, 'trop_k_veg': 1.7518409078083697, 'fuel_k': 0.01814068034742312, 'fuel_half': 38.21129441691226}.
[I 2026-07-22 18:44:51,540] Trial 437 finished with values: [10.347317982022009, 10.347317982022009] and parameters: {'k1': 0.003198020818004832, 'D_low': 1.7887890916820506, 'k2': 7.67074891445376e-05, 'D_high': 316055.11434645456, 'fire_exp': 2.8326898622433334, 'P_half': 9.324787201197319, 'pre_dampen_half': 33.71909132517388, 'gpp_af': 42.29037995744429, 'gpp_b': 0.0005995821881487623, 'gpp_d': 6.91394869865762, 'ign_k': 4.59148521674054, 'ign_c': 6.1609752947414345, 'trop_agb_crit': 10.719494362768906, 'trop_k_veg': 1.140286245977296, 'fuel_k': 3.6992394681929355, 'fuel_half': 81.87941582538087}.
[I 2026-07-22 18:44:51,959] Trial 438 finished with values: [10.468781671211119, 10.468781671211119] and parameters: {'k1': 0.0029707920514735983, 'D_low': 4.043300846639722, 'k2': 0.05438762195226743, 'D_high': 2512533.442757688, 'fire_exp': 1.182396148413737, 'P_half': 2.458603276328005, 'pre_dampen_half': 33.97904243111269, 'gpp_af': 42.29037995744429, 'gpp_b': 0.0005392415140872105, 'gpp_d': 6.91394869865762, 'ign_k': 0.0013262030086414148, 'ign_c': 3.0378658251922155, 'trop_agb_crit': 1.1195539271968775, 'trop_k_veg': 0.5695379443977426, 'fuel_k': 3.6992394681929355, 'fuel_half': 18.202647368248815}.
[I 2026-07-22 18:44:52,376] Trial 439 finished with values: [10.646821716887604, 10.646821716887604] and parameters: {'k1': 2.27847364377152e-05, 'D_low': 13.25142220631392, 'k2': 1.6559474674046002e-05, 'D_high': 16392.60991832772, 'fire_exp': 1.3411849220480432, 'P_half': 38.82837025280678, 'pre_dampen_half': 0.46504594134732663, 'gpp_af': 18.235072804314193, 'gpp_b': 0.0005392415140872105, 'gpp_d': 9.00460602264307, 'ign_k': 0.5131654955148324, 'ign_c': 4.1108484350212295, 'trop_agb_crit': 2.171140223187998, 'trop_k_veg': 1.7518409078083697, 'fuel_k': 0.6452742971240902, 'fuel_half': 38.21129441691226}.
[I 2026-07-22 18:44:52,791] Trial 440 finished with values: [10.666230900837297, 10.666230900837297] and parameters: {'k1': 0.00016480446427978953, 'D_low': 1407.7923139972395, 'k2': 0.0038341488164556755, 'D_high': 1026.0852623190942, 'fire_exp': 2.0708855844803247, 'P_half': 38.82837025280678, 'pre_dampen_half': 3.4369565628226955, 'gpp_af': 0.005618069878716736, 'gpp_b': 2.711380409817698e-05, 'gpp_d': 2.8006820077310226, 'ign_k': 0.7588328899786276, 'ign_c': 0.4392638796750216, 'trop_agb_crit': 12.285102065067687, 'trop_k_veg': 1.0049538030148353, 'fuel_k': 0.030315034760496764, 'fuel_half': 2.276766792290519}.
[I 2026-07-22 18:44:53,205] Trial 441 finished with values: [-0.29735934471468245, 0.3532070395273338] and parameters: {'k1': 1.8205657658407255e-05, 'D_low': 247.75146043208053, 'k2': 2.1698375693549493e-05, 'D_high': 708572.1663941594, 'fire_exp': 1.3175349115759807, 'P_half': 2.458603276328005, 'pre_dampen_half': 26.373339933815235, 'gpp_af': 0.49740621749684094, 'gpp_b': 0.0054502936945582505, 'gpp_d': 8.057329182285729, 'ign_k': 0.0022267996908938684, 'ign_c': 14.074279366401672, 'trop_agb_crit': 20.205002815711154, 'trop_k_veg': 1.7518409078083697, 'fuel_k': 0.08612665817296865, 'fuel_half': 38.21129441691226}.
[I 2026-07-22 18:44:53,620] Trial 442 finished with values: [10.596504567952682, 10.596504567952682] and parameters: {'k1': 0.00023352156626184448, 'D_low': 140.92119204434155, 'k2': 0.0007081721844034209, 'D_high': 1026.0852623190942, 'fire_exp': 1.1258453832483524, 'P_half': 38.82837025280678, 'pre_dampen_half': 347.79988160923324, 'gpp_af': 18.235072804314193, 'gpp_b': 0.00023973289798891726, 'gpp_d': 2.2044650100999164, 'ign_k': 0.006039096247545781, 'ign_c': 77.59048401667629, 'trop_agb_crit': 29.789943908227905, 'trop_k_veg': 1.7518409078083697, 'fuel_k': 0.0500651901928747, 'fuel_half': 0.33988503110784557}.
[I 2026-07-22 18:44:54,034] Trial 443 finished with values: [10.769203933364631, 10.769203933364631] and parameters: {'k1': 1.4665316366397004e-05, 'D_low': 126.11058927054879, 'k2': 3.9207829763785736e-05, 'D_high': 580966.5602369158, 'fire_exp': 9.696837616382018, 'P_half': 7.890004262668578, 'pre_dampen_half': 6.881834772031151, 'gpp_af': 0.12243451886824051, 'gpp_b': 0.0054502936945582505, 'gpp_d': 700.6693992445935, 'ign_k': 0.009861808369679786, 'ign_c': 11.40086370112731, 'trop_agb_crit': 15.870971677383487, 'trop_k_veg': 3.024803048559367, 'fuel_k': 0.48736180483849406, 'fuel_half': 0.32476735706274484}.
[I 2026-07-22 18:44:54,461] Trial 444 finished with values: [-0.6535793851024805, 0.2734783896594738] and parameters: {'k1': 0.011966626407443505, 'D_low': 1.7887890916820506, 'k2': 0.001566517163094646, 'D_high': 316055.11434645456, 'fire_exp': 1.2242398136753672, 'P_half': 7.890004262668578, 'pre_dampen_half': 0.4016986062226068, 'gpp_af': 0.06789053271698488, 'gpp_b': 1.7565109007473816e-05, 'gpp_d': 9.00460602264307, 'ign_k': 3.284529979576942, 'ign_c': 11.40086370112731, 'trop_agb_crit': 9.362115196011851, 'trop_k_veg': 7.26254292602904, 'fuel_k': 0.08612665817296865, 'fuel_half': 0.3335026483569958}.
[I 2026-07-22 18:44:54,879] Trial 445 finished with values: [11.021241719042406, 11.021241719042406] and parameters: {'k1': 0.0029707920514735983, 'D_low': 4.043300846639722, 'k2': 0.001566517163094646, 'D_high': 160625.60954780428, 'fire_exp': 1.182396148413737, 'P_half': 7.890004262668578, 'pre_dampen_half': 33.97904243111269, 'gpp_af': 0.12243451886824051, 'gpp_b': 0.0005995821881487623, 'gpp_d': 6.91394869865762, 'ign_k': 0.009861808369679786, 'ign_c': 3.0378658251922155, 'trop_agb_crit': 1.1195539271968775, 'trop_k_veg': 1.140286245977296, 'fuel_k': 0.48736180483849406, 'fuel_half': 18.202647368248815}.
[I 2026-07-22 18:44:55,298] Trial 446 finished with values: [10.937464762576797, 10.937464762576797] and parameters: {'k1': 0.052334804885400876, 'D_low': 13.25142220631392, 'k2': 0.0001971137615017176, 'D_high': 708572.1663941594, 'fire_exp': 1.3411849220480432, 'P_half': 9.324787201197319, 'pre_dampen_half': 26.373339933815235, 'gpp_af': 0.49740621749684094, 'gpp_b': 0.0005995821881487623, 'gpp_d': 302.3127748796295, 'ign_k': 0.0013726318898045872, 'ign_c': 3.0378658251922155, 'trop_agb_crit': 2.171140223187998, 'trop_k_veg': 3.028464701337094, 'fuel_k': 1.1820218758583807, 'fuel_half': 38.21129441691226}.
[I 2026-07-22 18:44:55,714] Trial 447 finished with values: [10.746846270245895, 10.746846270245895] and parameters: {'k1': 9.969469187531805e-05, 'D_low': 864.0717009254879, 'k2': 7.67074891445376e-05, 'D_high': 160625.60954780428, 'fire_exp': 3.2181803496180783, 'P_half': 9.324787201197319, 'pre_dampen_half': 33.71909132517388, 'gpp_af': 42.29037995744429, 'gpp_b': 2.3382984208508284, 'gpp_d': 6.91394869865762, 'ign_k': 0.1550134937334847, 'ign_c': 0.13670484737132343, 'trop_agb_crit': 10.719494362768906, 'trop_k_veg': 1.140286245977296, 'fuel_k': 3.6992394681929355, 'fuel_half': 81.87941582538087}.
[I 2026-07-22 18:44:56,130] Trial 448 finished with values: [13.075546914375515, 13.075546914375515] and parameters: {'k1': 0.00016480446427978953, 'D_low': 85.60024220272012, 'k2': 2.1698375693549493e-05, 'D_high': 160625.60954780428, 'fire_exp': 1.0114396646447246, 'P_half': 38.82837025280678, 'pre_dampen_half': 347.79988160923324, 'gpp_af': 1.1300566419249867, 'gpp_b': 0.0005392415140872105, 'gpp_d': 6.378078463802852, 'ign_k': 0.7588328899786276, 'ign_c': 6.1609752947414345, 'trop_agb_crit': 12.285102065067687, 'trop_k_veg': 6.999477065942703, 'fuel_k': 0.5964469943278033, 'fuel_half': 18.202647368248815}.
[I 2026-07-22 18:44:56,543] Trial 449 finished with values: [10.531516607249538, 10.531516607249538] and parameters: {'k1': 9.969469187531805e-05, 'D_low': 864.0717009254879, 'k2': 7.67074891445376e-05, 'D_high': 160625.60954780428, 'fire_exp': 1.4439251473259103, 'P_half': 1938.3858782150498, 'pre_dampen_half': 33.71909132517388, 'gpp_af': 0.0025511964576171086, 'gpp_b': 3.228689523591491e-05, 'gpp_d': 302.3127748796295, 'ign_k': 0.009861808369679786, 'ign_c': 3.0378658251922155, 'trop_agb_crit': 2.419699259862185, 'trop_k_veg': 1.140286245977296, 'fuel_k': 3.6992394681929355, 'fuel_half': 18.202647368248815}.
[I 2026-07-22 18:44:56,974] Trial 450 finished with values: [10.455743727738854, 10.455743727738854] and parameters: {'k1': 0.002968335334246999, 'D_low': 4.043300846639722, 'k2': 7.67074891445376e-05, 'D_high': 580966.5602369158, 'fire_exp': 1.7124099831271415, 'P_half': 7.890004262668578, 'pre_dampen_half': 33.71909132517388, 'gpp_af': 0.12243451886824051, 'gpp_b': 3.228689523591491e-05, 'gpp_d': 0.015253065480601964, 'ign_k': 0.009861808369679786, 'ign_c': 94.57692079529029, 'trop_agb_crit': 1.5774541406529003, 'trop_k_veg': 1.6340262437673856, 'fuel_k': 1.8731335591844647, 'fuel_half': 38.21129441691226}.
[I 2026-07-22 18:44:57,393] Trial 451 finished with values: [-0.5425552826057134, 0.31885904162281] and parameters: {'k1': 9.969469187531805e-05, 'D_low': 864.0717009254879, 'k2': 2.1698375693549493e-05, 'D_high': 708572.1663941594, 'fire_exp': 3.2181803496180783, 'P_half': 9.324787201197319, 'pre_dampen_half': 33.71909132517388, 'gpp_af': 42.29037995744429, 'gpp_b': 0.0054502936945582505, 'gpp_d': 8.057329182285729, 'ign_k': 4.59148521674054, 'ign_c': 14.074279366401672, 'trop_agb_crit': 20.205002815711154, 'trop_k_veg': 5.546867170791755, 'fuel_k': 0.08612665817296865, 'fuel_half': 81.87941582538087}.
[I 2026-07-22 18:44:57,830] Trial 452 finished with values: [10.144574613951704, 10.144574613951704] and parameters: {'k1': 0.0007087479683081, 'D_low': 140.92119204434155, 'k2': 2.8459703343413838e-05, 'D_high': 580966.5602369158, 'fire_exp': 1.7124099831271415, 'P_half': 9.324787201197319, 'pre_dampen_half': 3.9885726374014694, 'gpp_af': 0.06789053271698488, 'gpp_b': 0.0005392415140872105, 'gpp_d': 302.3127748796295, 'ign_k': 0.0013726318898045872, 'ign_c': 11.462237838612072, 'trop_agb_crit': 6.119263728555865, 'trop_k_veg': 1.140286245977296, 'fuel_k': 0.08612665817296865, 'fuel_half': 2.313233999715264}.
[I 2026-07-22 18:44:58,247] Trial 453 finished with values: [10.529967948898333, 10.529967948898333] and parameters: {'k1': 0.003198020818004832, 'D_low': 1.7887890916820506, 'k2': 0.001566517163094646, 'D_high': 316055.11434645456, 'fire_exp': 3.27790247797386, 'P_half': 234.09994646132157, 'pre_dampen_half': 94.20121790275627, 'gpp_af': 0.06789053271698488, 'gpp_b': 1.7565109007473816e-05, 'gpp_d': 9.00460602264307, 'ign_k': 0.03141110271934876, 'ign_c': 11.40086370112731, 'trop_agb_crit': 5.273338791937182, 'trop_k_veg': 0.8966698264662736, 'fuel_k': 0.08612665817296865, 'fuel_half': 10.013658413533488}.
