[I 2026-08-06 00:24:40,186] Trial 1065 finished with values: [15.051024342795298, 15.051024342795298] and parameters: {'k1': 0.002971796631657383, 'D_low': 74.92772870670282, 'k2': 0.0007081721844034209, 'D_high': 9769.756791866093, 'fire_exp': 1.0881360604103363, 'P_half': 119.21396716829831, 'pre_dampen_half': 304.7488318185732, 'gpp_af': 0.08235550625917108, 'gpp_b': 0.011750724729953272, 'gpp_d': 5.085491038878331, 'ign_k': 0.11903394335305037, 'ign_c': 0.5505316245273476}.
[I 2026-08-06 00:24:41,090] Trial 1066 finished with values: [10.769230768877819, 10.769230768877819] and parameters: {'k1': 0.0002656971546588439, 'D_low': 1.54121727098019, 'k2': 3.5917714215176105e-05, 'D_high': 3660.150802571655, 'fire_exp': 1.0881360604103363, 'P_half': 4.970926495623717, 'pre_dampen_half': 111.37963167994629, 'gpp_af': 0.0031044041016285487, 'gpp_b': 0.0358180527371211, 'gpp_d': 4.5768578731086835, 'ign_k': 4.461217349302768, 'ign_c': 43.77346027756639}.
[I 2026-08-06 00:24:42,025] Trial 1067 finished with values: [-0.5339352338779536, 0.27898555135751535] and parameters: {'k1': 0.002971796631657383, 'D_low': 74.92772870670282, 'k2': 0.006138509947844854, 'D_high': 75773.14388518519, 'fire_exp': 1.5201277403788451, 'P_half': 1141.538725046589, 'pre_dampen_half': 304.7488318185732, 'gpp_af': 0.02114619056336667, 'gpp_b': 0.011750724729953272, 'gpp_d': 4.5768578731086835, 'ign_k': 0.11903394335305037, 'ign_c': 14.810800730363484}.
[I 2026-08-06 00:24:42,934] Trial 1068 finished with values: [-0.584916926653233, 0.17226427439770742] and parameters: {'k1': 0.0017320535908244437, 'D_low': 7.068974950624602, 'k2': 1.1184534120760473e-05, 'D_high': 949.9072859745386, 'fire_exp': 1.1044852285094786, 'P_half': 1.212773905999145, 'pre_dampen_half': 14.689898077648792, 'gpp_af': 0.028585493941961918, 'gpp_b': 9.58832899519661e-05, 'gpp_d': 4.5768578731086835, 'ign_k': 3.7173717478250508, 'ign_c': 14.367095138664217}.
[I 2026-08-06 00:24:43,848] Trial 1069 finished with values: [10.077859206176036, 10.077859206176036] and parameters: {'k1': 0.0017320535908244437, 'D_low': 18.522006003174383, 'k2': 1.4378290221680118e-05, 'D_high': 949.9072859745386, 'fire_exp': 1.1044852285094786, 'P_half': 608.3019192425825, 'pre_dampen_half': 14.689898077648792, 'gpp_af': 22.766850248686247, 'gpp_b': 9.58832899519661e-05, 'gpp_d': 891.8036602897795, 'ign_k': 3.7173717478250508, 'ign_c': 14.367095138664217}.
[I 2026-08-06 00:24:44,760] Trial 1070 finished with values: [10.752018509469119, 10.752018509469119] and parameters: {'k1': 0.021368329072358756, 'D_low': 7.068974950624602, 'k2': 1.4378290221680118e-05, 'D_high': 639.0695092073224, 'fire_exp': 1.1044852285094786, 'P_half': 608.3019192425825, 'pre_dampen_half': 33.9790424311127, 'gpp_af': 22.766850248686247, 'gpp_b': 0.003510201564752293, 'gpp_d': 0.025754809232518116, 'ign_k': 3.7173717478250508, 'ign_c': 14.367095138664217}.
[I 2026-08-06 00:24:45,684] Trial 1071 finished with values: [10.713413135945625, 10.713413135945625] and parameters: {'k1': 0.002971796631657383, 'D_low': 125.32726386250698, 'k2': 0.006138509947844854, 'D_high': 233.52156626184438, 'fire_exp': 1.4665043946307825, 'P_half': 39.03214299767183, 'pre_dampen_half': 703.6426675556048, 'gpp_af': 0.0025511964576171086, 'gpp_b': 2.995823436300149e-05, 'gpp_d': 13.076473382928533, 'ign_k': 7.437725385707939, 'ign_c': 19.19168994439752}.
[I 2026-08-06 00:24:46,918] Trial 1072 finished with values: [10.117005660129006, 10.117005660129006] and parameters: {'k1': 0.0002656971546588439, 'D_low': 4.051452710153359, 'k2': 0.006138509947844854, 'D_high': 10316.033434719713, 'fire_exp': 2.196935728020977, 'P_half': 15.197743481843553, 'pre_dampen_half': 76.86605275420082, 'gpp_af': 0.47739011308437823, 'gpp_b': 8.539677611488478e-05, 'gpp_d': 891.8036602897795, 'ign_k': 3.7173717478250508, 'ign_c': 14.810800730363484}.
[I 2026-08-06 00:24:47,817] Trial 1073 finished with values: [10.24259881384039, 10.24259881384039] and parameters: {'k1': 0.0017320535908244437, 'D_low': 18.522006003174383, 'k2': 4.763991596630584e-05, 'D_high': 949.9072859745386, 'fire_exp': 1.1044852285094786, 'P_half': 608.3019192425825, 'pre_dampen_half': 14.689898077648792, 'gpp_af': 22.766850248686247, 'gpp_b': 0.10123867001105968, 'gpp_d': 124.72235343584714, 'ign_k': 1.193692846763647, 'ign_c': 14.810800730363484}.
[I 2026-08-06 00:24:48,748] Trial 1074 finished with values: [10.420338373103446, 10.420338373103446] and parameters: {'k1': 0.025383218374507292, 'D_low': 532.1216007763549, 'k2': 0.003152494048956087, 'D_high': 11069.082134755383, 'fire_exp': 1.5201277403788451, 'P_half': 608.3019192425825, 'pre_dampen_half': 14.689898077648792, 'gpp_af': 22.766850248686247, 'gpp_b': 0.6637926838138378, 'gpp_d': 891.8036602897795, 'ign_k': 3.7173717478250508, 'ign_c': 8.671454322584175}.
[I 2026-08-06 00:24:49,647] Trial 1075 finished with values: [10.282621370908506, 10.282621370908506] and parameters: {'k1': 0.021368329072358756, 'D_low': 2.1234210963705626, 'k2': 0.006138509947844854, 'D_high': 68913.86015952702, 'fire_exp': 1.1044852285094786, 'P_half': 958.8659498594012, 'pre_dampen_half': 14.689898077648792, 'gpp_af': 5.511863475708366, 'gpp_b': 0.0019572118561834383, 'gpp_d': 4.5768578731086835, 'ign_k': 3.7173717478250508, 'ign_c': 19.19168994439752}.
[I 2026-08-06 00:24:50,593] Trial 1076 finished with values: [10.67765467217739, 10.67765467217739] and parameters: {'k1': 0.021368329072358756, 'D_low': 57.285769939950555, 'k2': 4.763991596630584e-05, 'D_high': 1687.3495104568947, 'fire_exp': 1.5201277403788451, 'P_half': 147.09699119495133, 'pre_dampen_half': 14.689898077648792, 'gpp_af': 0.028585493941961918, 'gpp_b': 0.10123867001105968, 'gpp_d': 4.5768578731086835, 'ign_k': 3.7173717478250508, 'ign_c': 14.367095138664217}.
[I 2026-08-06 00:24:51,494] Trial 1077 finished with values: [10.97645135987034, 10.97645135987034] and parameters: {'k1': 0.021368329072358756, 'D_low': 18.522006003174383, 'k2': 4.763991596630584e-05, 'D_high': 75773.14388518519, 'fire_exp': 1.010722707674549, 'P_half': 608.3019192425825, 'pre_dampen_half': 33.9790424311127, 'gpp_af': 0.028585493941961918, 'gpp_b': 0.003510201564752293, 'gpp_d': 4.5768578731086835, 'ign_k': 0.09071933427331372, 'ign_c': 14.810800730363484}.
[I 2026-08-06 00:24:52,446] Trial 1078 finished with values: [-0.5773753490999317, 0.2112145044375281] and parameters: {'k1': 0.0017320535908244437, 'D_low': 532.1216007763549, 'k2': 0.006138509947844854, 'D_high': 18025.24091764079, 'fire_exp': 1.5201277403788451, 'P_half': 14.94057723907974, 'pre_dampen_half': 33.9790424311127, 'gpp_af': 0.028585493941961918, 'gpp_b': 8.539677611488478e-05, 'gpp_d': 668.5510162938966, 'ign_k': 0.09071933427331372, 'ign_c': 14.810800730363484}.
[I 2026-08-06 00:24:53,352] Trial 1079 finished with values: [10.374630931750374, 10.374630931750374] and parameters: {'k1': 0.025383218374507292, 'D_low': 7.068974950624602, 'k2': 3.5917714215176105e-05, 'D_high': 75773.14388518519, 'fire_exp': 1.5201277403788451, 'P_half': 125.61043700013555, 'pre_dampen_half': 76.86605275420082, 'gpp_af': 0.028585493941961918, 'gpp_b': 0.10123867001105968, 'gpp_d': 300.3420512048734, 'ign_k': 0.03141110271934876, 'ign_c': 14.367095138664217}.
[I 2026-08-06 00:24:54,273] Trial 1080 finished with values: [12.396846749100945, 12.396846749100945] and parameters: {'k1': 0.00324789183891923, 'D_low': 2.1234210963705626, 'k2': 0.006138509947844854, 'D_high': 6455.595882939566, 'fire_exp': 1.151006986743773, 'P_half': 6.648888481118992, 'pre_dampen_half': 304.7488318185732, 'gpp_af': 1.6595781802652418, 'gpp_b': 0.0024194895091734425, 'gpp_d': 4.5768578731086835, 'ign_k': 0.031134168041628628, 'ign_c': 6.160975294741436}.
[I 2026-08-06 00:24:55,155] Trial 1081 finished with values: [14.664365006269808, 14.664365006269808] and parameters: {'k1': 0.03232155805617897, 'D_low': 4.051452710153359, 'k2': 0.006138509947844854, 'D_high': 10316.033434719713, 'fire_exp': 1.322471794279298, 'P_half': 8.369109437186466, 'pre_dampen_half': 111.37963167994629, 'gpp_af': 1.1886796841435265, 'gpp_b': 0.0035057749039614167, 'gpp_d': 300.3420512048734, 'ign_k': 0.4702627143647234, 'ign_c': 14.810800730363484}.
[I 2026-08-06 00:24:56,067] Trial 1082 finished with values: [10.221502329742744, 10.221502329742744] and parameters: {'k1': 0.0002656971546588439, 'D_low': 1254.6862035691902, 'k2': 0.006138509947844854, 'D_high': 75773.14388518519, 'fire_exp': 2.196935728020977, 'P_half': 22.4895428439145, 'pre_dampen_half': 76.86605275420082, 'gpp_af': 0.09172078901566363, 'gpp_b': 8.539677611488478e-05, 'gpp_d': 300.3420512048734, 'ign_k': 0.08312953263874531, 'ign_c': 14.810800730363484}.
[I 2026-08-06 00:24:56,997] Trial 1083 finished with values: [10.622855692817648, 10.622855692817648] and parameters: {'k1': 0.00376371746355754, 'D_low': 74.92772870670282, 'k2': 3.5917714215176105e-05, 'D_high': 3660.150802571655, 'fire_exp': 1.3239942327296237, 'P_half': 958.8659498594012, 'pre_dampen_half': 4.48240058609733, 'gpp_af': 1.6595781802652418, 'gpp_b': 8.539677611488478e-05, 'gpp_d': 4.5768578731086835, 'ign_k': 4.461217349302768, 'ign_c': 6.160975294741436}.
[I 2026-08-06 00:24:57,929] Trial 1084 finished with values: [-0.5757857946613232, 0.17063460115843465] and parameters: {'k1': 0.004439732043401208, 'D_low': 532.1216007763549, 'k2': 0.006138509947844854, 'D_high': 75773.14388518519, 'fire_exp': 1.5201277403788451, 'P_half': 170.2682488483631, 'pre_dampen_half': 45.00414872181379, 'gpp_af': 0.09172078901566363, 'gpp_b': 8.539677611488478e-05, 'gpp_d': 2.1184980150420962, 'ign_k': 0.08312953263874531, 'ign_c': 0.1740080621104638}.
[I 2026-08-06 00:24:58,827] Trial 1085 finished with values: [10.048073350365645, 10.048073350365645] and parameters: {'k1': 0.0029707920514735983, 'D_low': 7.068974950624602, 'k2': 1.1184534120760473e-05, 'D_high': 949.9072859745386, 'fire_exp': 1.4665043946307825, 'P_half': 125.61043700013555, 'pre_dampen_half': 14.689898077648792, 'gpp_af': 0.028585493941961918, 'gpp_b': 3.228689523591491e-05, 'gpp_d': 4.5768578731086835, 'ign_k': 3.7173717478250508, 'ign_c': 2.92043384718141}.
[I 2026-08-06 00:24:59,740] Trial 1086 finished with values: [-0.53488385450019, 0.1634162002384576] and parameters: {'k1': 0.0029707920514735983, 'D_low': 1.54121727098019, 'k2': 1.4716512163645849e-05, 'D_high': 1687.3495104568947, 'fire_exp': 1.010722707674549, 'P_half': 608.3019192425825, 'pre_dampen_half': 36.876350096203005, 'gpp_af': 0.0025511964576171086, 'gpp_b': 3.228689523591491e-05, 'gpp_d': 5.878566318396007, 'ign_k': 0.019192001101561888, 'ign_c': 14.810800730363484}.
[I 2026-08-06 00:25:00,682] Trial 1087 finished with values: [10.076121133958882, 10.076121133958882] and parameters: {'k1': 0.0017320535908244437, 'D_low': 74.92772870670282, 'k2': 0.006138509947844854, 'D_high': 3660.150802571655, 'fire_exp': 1.0881360604103363, 'P_half': 7480.921720804117, 'pre_dampen_half': 76.86605275420082, 'gpp_af': 9.853056162364394, 'gpp_b': 0.3880241939505091, 'gpp_d': 300.3420512048734, 'ign_k': 0.4702627143647234, 'ign_c': 0.5004428734228137}.
[I 2026-08-06 00:25:01,599] Trial 1088 finished with values: [11.591493467095104, 11.591493467095104] and parameters: {'k1': 0.00324789183891923, 'D_low': 2.1234210963705626, 'k2': 0.08935977793528184, 'D_high': 10316.033434719713, 'fire_exp': 1.5201277403788451, 'P_half': 147.09699119495133, 'pre_dampen_half': 111.37963167994629, 'gpp_af': 0.0025511964576171086, 'gpp_b': 8.539677611488478e-05, 'gpp_d': 300.3420512048734, 'ign_k': 0.4702627143647234, 'ign_c': 19.19168994439752}.
[I 2026-08-06 00:25:02,531] Trial 1089 finished with values: [10.563255013747515, 10.563255013747515] and parameters: {'k1': 0.0002656971546588439, 'D_low': 4.051452710153359, 'k2': 3.5917714215176105e-05, 'D_high': 148.35020363846428, 'fire_exp': 2.196935728020977, 'P_half': 22.4895428439145, 'pre_dampen_half': 76.86605275420082, 'gpp_af': 0.47739011308437823, 'gpp_b': 0.10123867001105968, 'gpp_d': 300.3420512048734, 'ign_k': 0.4702627143647234, 'ign_c': 14.810800730363484}.
[I 2026-08-06 00:25:03,446] Trial 1090 finished with values: [-0.5586582557341792, 0.08222647687361329] and parameters: {'k1': 0.03232155805617897, 'D_low': 98.57545621889057, 'k2': 1.1184534120760473e-05, 'D_high': 75773.14388518519, 'fire_exp': 2.196935728020977, 'P_half': 125.61043700013555, 'pre_dampen_half': 36.876350096203005, 'gpp_af': 0.5009399307527331, 'gpp_b': 0.0035057749039614167, 'gpp_d': 5.085491038878331, 'ign_k': 0.8826264591983531, 'ign_c': 2.92043384718141}.
[I 2026-08-06 00:25:04,391] Trial 1091 finished with values: [10.04150795460154, 10.04150795460154] and parameters: {'k1': 0.0017320535908244437, 'D_low': 7.068974950624602, 'k2': 1.1184534120760473e-05, 'D_high': 11069.082134755383, 'fire_exp': 1.5201277403788451, 'P_half': 119.21396716829831, 'pre_dampen_half': 33.9790424311127, 'gpp_af': 0.0025511964576171086, 'gpp_b': 9.58832899519661e-05, 'gpp_d': 4.5768578731086835, 'ign_k': 8.315365004960604, 'ign_c': 14.367095138664217}.
[I 2026-08-06 00:25:05,305] Trial 1092 finished with values: [10.732897311594686, 10.732897311594686] and parameters: {'k1': 0.025383218374507292, 'D_low': 7.068974950624602, 'k2': 4.763991596630584e-05, 'D_high': 949.9072859745386, 'fire_exp': 1.1044852285094786, 'P_half': 255.57970148172785, 'pre_dampen_half': 8.167954146605434, 'gpp_af': 0.028585493941961918, 'gpp_b': 0.6637926838138378, 'gpp_d': 891.8036602897795, 'ign_k': 3.7173717478250508, 'ign_c': 14.367095138664217}.
[I 2026-08-06 00:25:06,205] Trial 1093 finished with values: [12.979208784251483, 12.979208784251483] and parameters: {'k1': 0.021368329072358756, 'D_low': 7.068974950624602, 'k2': 3.5917714215176105e-05, 'D_high': 949.9072859745386, 'fire_exp': 1.1044852285094786, 'P_half': 125.61043700013555, 'pre_dampen_half': 304.7488318185732, 'gpp_af': 0.028585493941961918, 'gpp_b': 8.539677611488478e-05, 'gpp_d': 4.5768578731086835, 'ign_k': 0.11903394335305037, 'ign_c': 6.160975294741436}.
[I 2026-08-06 00:25:07,469] Trial 1094 finished with values: [-0.5452669483727075, 0.21499772521445382] and parameters: {'k1': 0.025383218374507292, 'D_low': 7.068974950624602, 'k2': 1.1184534120760473e-05, 'D_high': 1687.3495104568947, 'fire_exp': 1.1044852285094786, 'P_half': 608.3019192425825, 'pre_dampen_half': 55.00040622572184, 'gpp_af': 0.004344117003966495, 'gpp_b': 0.003510201564752293, 'gpp_d': 4.5768578731086835, 'ign_k': 3.7173717478250508, 'ign_c': 14.810800730363484}.
[I 2026-08-06 00:25:08,416] Trial 1095 finished with values: [-0.5559652787676896, 0.2547605686813925] and parameters: {'k1': 0.002971796631657383, 'D_low': 7.068974950624602, 'k2': 1.1184534120760473e-05, 'D_high': 3660.150802571655, 'fire_exp': 1.010722707674549, 'P_half': 10.226988730324324, 'pre_dampen_half': 14.689898077648792, 'gpp_af': 0.028585493941961918, 'gpp_b': 9.58832899519661e-05, 'gpp_d': 5.878566318396007, 'ign_k': 0.0026834162496848666, 'ign_c': 6.160975294741436}.
[I 2026-08-06 00:25:09,345] Trial 1096 finished with values: [10.138771180741447, 10.138771180741447] and parameters: {'k1': 0.021368329072358756, 'D_low': 7.068974950624602, 'k2': 1.1184534120760473e-05, 'D_high': 9769.756791866093, 'fire_exp': 1.1044852285094786, 'P_half': 125.61043700013555, 'pre_dampen_half': 14.689898077648792, 'gpp_af': 0.028585493941961918, 'gpp_b': 0.011750724729953272, 'gpp_d': 4.5768578731086835, 'ign_k': 0.0026834162496848666, 'ign_c': 14.367095138664217}.
[I 2026-08-06 00:25:10,244] Trial 1097 finished with values: [10.76273165552795, 10.76273165552795] and parameters: {'k1': 0.0017320535908244437, 'D_low': 532.1216007763549, 'k2': 0.006138509947844854, 'D_high': 75773.14388518519, 'fire_exp': 1.151006986743773, 'P_half': 958.8659498594012, 'pre_dampen_half': 36.876350096203005, 'gpp_af': 5.511863475708366, 'gpp_b': 8.539677611488478e-05, 'gpp_d': 668.5510162938966, 'ign_k': 0.031134168041628628, 'ign_c': 176.6359719322424}.
[I 2026-08-06 00:25:11,176] Trial 1098 finished with values: [10.359970782626746, 10.359970782626746] and parameters: {'k1': 0.00324789183891923, 'D_low': 7.068974950624602, 'k2': 1.1184534120760473e-05, 'D_high': 4225.853424839539, 'fire_exp': 1.151006986743773, 'P_half': 125.61043700013555, 'pre_dampen_half': 33.9790424311127, 'gpp_af': 5.511863475708366, 'gpp_b': 0.003510201564752293, 'gpp_d': 4.5768578731086835, 'ign_k': 0.031134168041628628, 'ign_c': 19.19168994439752}.
[I 2026-08-06 00:25:12,084] Trial 1099 finished with values: [10.432208877217155, 10.432208877217155] and parameters: {'k1': 0.00012105387404469581, 'D_low': 74.92772870670282, 'k2': 3.5917714215176105e-05, 'D_high': 6455.595882939566, 'fire_exp': 1.151006986743773, 'P_half': 22.4895428439145, 'pre_dampen_half': 111.37963167994629, 'gpp_af': 1.6595781802652418, 'gpp_b': 1.821693031918062e-05, 'gpp_d': 4.5768578731086835, 'ign_k': 0.11903394335305037, 'ign_c': 0.3253741042140523}.
[I 2026-08-06 00:25:13,009] Trial 1100 finished with values: [10.542447315624631, 10.542447315624631] and parameters: {'k1': 0.002971796631657383, 'D_low': 22.54602706347901, 'k2': 3.5917714215176105e-05, 'D_high': 23093.31703082656, 'fire_exp': 1.3239942327296237, 'P_half': 14.94057723907974, 'pre_dampen_half': 14.689898077648792, 'gpp_af': 43.693637535567404, 'gpp_b': 0.003510201564752293, 'gpp_d': 4.5768578731086835, 'ign_k': 4.461217349302768, 'ign_c': 14.367095138664217}.
[I 2026-08-06 00:25:13,924] Trial 1101 finished with values: [-0.5772117176438161, 0.06298428091628483] and parameters: {'k1': 0.021368329072358756, 'D_low': 125.32726386250698, 'k2': 7.915210103365496e-05, 'D_high': 308.0832558855944, 'fire_exp': 1.1044852285094786, 'P_half': 125.61043700013555, 'pre_dampen_half': 14.689898077648792, 'gpp_af': 0.028585493941961918, 'gpp_b': 0.003510201564752293, 'gpp_d': 4.5768578731086835, 'ign_k': 3.7173717478250508, 'ign_c': 14.367095138664217}.
[I 2026-08-06 00:25:14,840] Trial 1102 finished with values: [10.00329354368017, 10.00329354368017] and parameters: {'k1': 0.0029707920514735983, 'D_low': 7.068974950624602, 'k2': 0.0007081721844034209, 'D_high': 75773.14388518519, 'fire_exp': 1.4665043946307825, 'P_half': 10.226988730324324, 'pre_dampen_half': 36.876350096203005, 'gpp_af': 1.6595781802652418, 'gpp_b': 3.228689523591491e-05, 'gpp_d': 5.878566318396007, 'ign_k': 0.0026834162496848666, 'ign_c': 5.349430281426445}.
[I 2026-08-06 00:25:15,741] Trial 1103 finished with values: [10.444074645483507, 10.444074645483507] and parameters: {'k1': 0.0017320535908244437, 'D_low': 57.22950094567826, 'k2': 0.006138509947844854, 'D_high': 11069.082134755383, 'fire_exp': 1.4665043946307825, 'P_half': 125.61043700013555, 'pre_dampen_half': 33.9790424311127, 'gpp_af': 0.09172078901566363, 'gpp_b': 8.539677611488478e-05, 'gpp_d': 668.5510162938966, 'ign_k': 0.09071933427331372, 'ign_c': 8.671454322584175}.
[I 2026-08-06 00:25:16,654] Trial 1104 finished with values: [10.440024837241973, 10.440024837241973] and parameters: {'k1': 0.002829816861310949, 'D_low': 4.051452710153359, 'k2': 3.5917714215176105e-05, 'D_high': 29456.2056920274, 'fire_exp': 1.1044852285094786, 'P_half': 5919.749792564379, 'pre_dampen_half': 76.86605275420082, 'gpp_af': 43.24033972449845, 'gpp_b': 9.58832899519661e-05, 'gpp_d': 300.3420512048734, 'ign_k': 0.03141110271934876, 'ign_c': 14.810800730363484}.
[I 2026-08-06 00:25:17,568] Trial 1105 finished with values: [10.009140693112462, 10.009140693112462] and parameters: {'k1': 0.00012105387404469581, 'D_low': 532.1216007763549, 'k2': 0.006138509947844854, 'D_high': 3660.150802571655, 'fire_exp': 1.5201277403788451, 'P_half': 22.4895428439145, 'pre_dampen_half': 33.9790424311127, 'gpp_af': 0.028585493941961918, 'gpp_b': 8.539677611488478e-05, 'gpp_d': 668.5510162938966, 'ign_k': 0.11903394335305037, 'ign_c': 19.19168994439752}.
[I 2026-08-06 00:25:18,532] Trial 1106 finished with values: [10.753786056230972, 10.753786056230972] and parameters: {'k1': 0.002971796631657383, 'D_low': 1.54121727098019, 'k2': 0.0007081721844034209, 'D_high': 91.78481720510284, 'fire_exp': 1.0881360604103363, 'P_half': 10.226988730324324, 'pre_dampen_half': 5.542030950268268, 'gpp_af': 0.47739011308437823, 'gpp_b': 0.011750724729953272, 'gpp_d': 0.04050483631781763, 'ign_k': 4.461217349302768, 'ign_c': 19.19168994439752}.
[I 2026-08-06 00:25:19,466] Trial 1107 finished with values: [10.591128056367733, 10.591128056367733] and parameters: {'k1': 0.0017320535908244437, 'D_low': 6.1642743507854245, 'k2': 0.006138509947844854, 'D_high': 75773.14388518519, 'fire_exp': 1.5201277403788451, 'P_half': 125.61043700013555, 'pre_dampen_half': 33.9790424311127, 'gpp_af': 0.028585493941961918, 'gpp_b': 8.539677611488478e-05, 'gpp_d': 668.5510162938966, 'ign_k': 3.529389593576794, 'ign_c': 14.810800730363484}.
[I 2026-08-06 00:25:20,391] Trial 1108 finished with values: [10.173747195528456, 10.173747195528456] and parameters: {'k1': 0.0029707920514735983, 'D_low': 18.522006003174383, 'k2': 1.1184534120760473e-05, 'D_high': 75773.14388518519, 'fire_exp': 1.4665043946307825, 'P_half': 608.3019192425825, 'pre_dampen_half': 14.689898077648792, 'gpp_af': 22.766850248686247, 'gpp_b': 0.0749660927540677, 'gpp_d': 891.8036602897795, 'ign_k': 3.7173717478250508, 'ign_c': 2.92043384718141}.
[I 2026-08-06 00:25:21,306] Trial 1109 finished with values: [-0.5886437829926774, 0.12249336948096312] and parameters: {'k1': 0.025383218374507292, 'D_low': 18.522006003174383, 'k2': 4.763991596630584e-05, 'D_high': 1687.3495104568947, 'fire_exp': 1.010722707674549, 'P_half': 608.3019192425825, 'pre_dampen_half': 14.689898077648792, 'gpp_af': 0.47739011308437823, 'gpp_b': 3.228689523591491e-05, 'gpp_d': 124.72235343584714, 'ign_k': 3.7173717478250508, 'ign_c': 14.810800730363484}.
