[I 2026-08-20 00:33:43,586] Trial 907 finished with value: 0.6051552475757584 and parameters: {'k1': 0.0006857106007665915, 'D_low': 59865.33171210366, 'k2': 0.0014533060841153953, 'D_high': 651539.3429479594, 'fire_exp': 2.4747988756679256, 'P_half': 339.6686689467018, 'pre_dampen_half': 73.742807796989, 'gpp_af': 0.07940255682964835, 'gpp_b': 0.0002675815085534576, 'gpp_d': 61.01913230051066, 'ign_k': 0.0531546557043988, 'ign_c': 4.427641163674256, 'trop_agb_crit': 17.828522190338397, 'trop_k_veg': 5.574416179328815}. Best is trial 0 with value: -0.5989088506199346.
[I 2026-08-20 00:33:45,114] Trial 908 finished with value: -0.4906145222994972 and parameters: {'k1': 7.058164176828391e-05, 'D_low': 549.3276887901135, 'k2': 0.0007813749303609599, 'D_high': 63442.25497147874, 'fire_exp': 2.95267554096483, 'P_half': 34.97258583859624, 'pre_dampen_half': 15.397678282547723, 'gpp_af': 0.0916473144319727, 'gpp_b': 1.7095944343927666e-05, 'gpp_d': 19.764948100925558, 'ign_k': 0.5967497541620084, 'ign_c': 1.6026601118121249, 'trop_agb_crit': 17.215214011457356, 'trop_k_veg': 0.8495206428214939}. Best is trial 0 with value: -0.5989088506199346.
[I 2026-08-20 00:33:46,653] Trial 909 finished with value: 0.4722981691843763 and parameters: {'k1': 2.36886623724519e-05, 'D_low': 1793.054855557687, 'k2': 0.0002762499824684837, 'D_high': 1207428.6202037046, 'fire_exp': 2.18142509218018, 'P_half': 6.011365639186517, 'pre_dampen_half': 8.670436639584112, 'gpp_af': 0.03442182375728242, 'gpp_b': 4.608205704506939e-05, 'gpp_d': 0.09783155794915545, 'ign_k': 0.11737521369163079, 'ign_c': 6.874697959185559, 'trop_agb_crit': 4.716449638652668, 'trop_k_veg': 4.264070825687986}. Best is trial 0 with value: -0.5989088506199346.
[I 2026-08-20 00:33:48,090] Trial 910 finished with value: 0.5780075696701239 and parameters: {'k1': 1.4315165175577452e-05, 'D_low': 6.729219373053882, 'k2': 4.6305543274681526e-05, 'D_high': 1562388.738801141, 'fire_exp': 3.0851288833131734, 'P_half': 859.720520164968, 'pre_dampen_half': 7.177274460616772, 'gpp_af': 0.008157693180050583, 'gpp_b': 1.7551279881434362e-05, 'gpp_d': 22.535597601122753, 'ign_k': 0.1414759485538524, 'ign_c': 3.4201079886031827, 'trop_agb_crit': 2.1883761811430777, 'trop_k_veg': 4.318650071816099}. Best is trial 0 with value: -0.5989088506199346.
[I 2026-08-20 00:33:49,418] Trial 911 finished with value: 0.5420753780871262 and parameters: {'k1': 4.891064507120598e-05, 'D_low': 77.84125861919236, 'k2': 5.210046932309302e-05, 'D_high': 1005418.0712404384, 'fire_exp': 1.1067390245056694, 'P_half': 5.867748539970081, 'pre_dampen_half': 1.2661132324822584, 'gpp_af': 0.0011884429721339643, 'gpp_b': 0.0010132480982575083, 'gpp_d': 0.5360414905172735, 'ign_k': 0.09893159116042173, 'ign_c': 6.707404019941495, 'trop_agb_crit': 4.973398690079465, 'trop_k_veg': 2.543226135940959}. Best is trial 0 with value: -0.5989088506199346.
[I 2026-08-20 00:33:50,904] Trial 912 finished with value: 0.5567068062164288 and parameters: {'k1': 0.00038968130613696307, 'D_low': 2678.7929806093844, 'k2': 0.00032390040489204097, 'D_high': 214959.16461481948, 'fire_exp': 1.3904868992171895, 'P_half': 4.902561755214985, 'pre_dampen_half': 1.0230901979468523, 'gpp_af': 0.016866291386216297, 'gpp_b': 0.015978400401028967, 'gpp_d': 0.48869142027939644, 'ign_k': 0.8734915809986029, 'ign_c': 2.9684271248600442, 'trop_agb_crit': 1.9422006153041105, 'trop_k_veg': 4.2940193010779675}. Best is trial 0 with value: -0.5989088506199346.
[I 2026-08-20 00:33:52,265] Trial 913 finished with value: 0.5575933959745838 and parameters: {'k1': 0.0007430881277130896, 'D_low': 2.98318694878075, 'k2': 1.1469412323124165e-05, 'D_high': 962.4406107133054, 'fire_exp': 1.0840238994066047, 'P_half': 7.472726901652689, 'pre_dampen_half': 0.6712751193350189, 'gpp_af': 0.06596903529334788, 'gpp_b': 4.1844714385807645e-05, 'gpp_d': 0.02907289267955691, 'ign_k': 0.5628999696323814, 'ign_c': 7.555409512348955, 'trop_agb_crit': 8.134277618138281, 'trop_k_veg': 3.204628475684933}. Best is trial 0 with value: -0.5989088506199346.
[I 2026-08-20 00:33:53,662] Trial 914 finished with value: 0.6050259367155433 and parameters: {'k1': 1.3899546618013647e-05, 'D_low': 96.99186414999508, 'k2': 1.3166988437350077e-05, 'D_high': 351.17240954714765, 'fire_exp': 3.1532038141177887, 'P_half': 5.222102386531271, 'pre_dampen_half': 0.049051426399175216, 'gpp_af': 0.018898594635370435, 'gpp_b': 0.0138991177584365, 'gpp_d': 315.78913950753815, 'ign_k': 4.709860062505826, 'ign_c': 23.211323178093284, 'trop_agb_crit': 18.868202072541145, 'trop_k_veg': 1.7819698232424084}. Best is trial 0 with value: -0.5989088506199346.
[I 2026-08-20 00:33:55,020] Trial 915 finished with value: 0.5661506631777279 and parameters: {'k1': 4.9503210995107525e-05, 'D_low': 24.517571290732658, 'k2': 0.0027040090772150575, 'D_high': 38763.1210821267, 'fire_exp': 2.764478996306086, 'P_half': 9.804912361775934, 'pre_dampen_half': 1.6895381370681202, 'gpp_af': 0.005672620120765889, 'gpp_b': 6.688012834398313e-05, 'gpp_d': 1.7132429845930155, 'ign_k': 0.45864319809803955, 'ign_c': 4.243440908359319, 'trop_agb_crit': 24.50758771476883, 'trop_k_veg': 0.8110570431878706}. Best is trial 0 with value: -0.5989088506199346.
[I 2026-08-20 00:33:56,549] Trial 916 finished with value: 0.4740679989537048 and parameters: {'k1': 0.0025369863016999586, 'D_low': 3.418228318550127, 'k2': 0.0009731606380408418, 'D_high': 135919.20288465373, 'fire_exp': 4.00955612682186, 'P_half': 42.26207372695227, 'pre_dampen_half': 3.204096823489014, 'gpp_af': 0.06958646811173133, 'gpp_b': 0.0011380020238524918, 'gpp_d': 24.9445382193682, 'ign_k': 0.20990788675178193, 'ign_c': 0.8810410375087806, 'trop_agb_crit': 4.032439729772858, 'trop_k_veg': 4.903929807744073}. Best is trial 0 with value: -0.5989088506199346.
[I 2026-08-20 00:33:57,931] Trial 917 finished with value: 0.43064938673280584 and parameters: {'k1': 0.01545262334429884, 'D_low': 4629.561907591335, 'k2': 0.018560028879471484, 'D_high': 164191.95833756975, 'fire_exp': 4.096919847166806, 'P_half': 52.49689148167463, 'pre_dampen_half': 49.506977425837384, 'gpp_af': 0.5165813959061611, 'gpp_b': 1.2043613091285527e-05, 'gpp_d': 18.39549494363074, 'ign_k': 1.752513558126769, 'ign_c': 0.11278281779531533, 'trop_agb_crit': 7.126791751112852, 'trop_k_veg': 2.9382020542884595}. Best is trial 0 with value: -0.5989088506199346.
[I 2026-08-20 00:33:59,264] Trial 918 finished with value: 0.5129556762263439 and parameters: {'k1': 0.00022771988947084968, 'D_low': 1.5010880647710074, 'k2': 1.517125977394094e-05, 'D_high': 4647541.730766807, 'fire_exp': 1.2941899342991925, 'P_half': 202.9048879161021, 'pre_dampen_half': 0.07527705455299433, 'gpp_af': 0.0451156577475009, 'gpp_b': 0.0001260194519600826, 'gpp_d': 770.4443038071701, 'ign_k': 0.9219009724157219, 'ign_c': 6.8916922452282625, 'trop_agb_crit': 4.581360386107877, 'trop_k_veg': 2.6932528475778406}. Best is trial 0 with value: -0.5989088506199346.
[I 2026-08-20 00:34:00,624] Trial 919 finished with value: -0.5578877085617368 and parameters: {'k1': 0.027850832309934688, 'D_low': 79.36069387154909, 'k2': 0.006582465416145055, 'D_high': 899943.5382117834, 'fire_exp': 3.1113375102011323, 'P_half': 63.48442750586122, 'pre_dampen_half': 3.096950758447743, 'gpp_af': 0.13219310216817598, 'gpp_b': 0.0013772918883898741, 'gpp_d': 91.95360714431663, 'ign_k': 1.061664822113364, 'ign_c': 0.6064889932282235, 'trop_agb_crit': 3.4684734923404092, 'trop_k_veg': 5.15865483419904}. Best is trial 0 with value: -0.5989088506199346.
[I 2026-08-20 00:34:02,095] Trial 920 finished with value: 0.6445374145881376 and parameters: {'k1': 0.058294383654423555, 'D_low': 3.0964449605710374, 'k2': 0.07020831551612909, 'D_high': 331.6514998616069, 'fire_exp': 7.741956929635369, 'P_half': 5286.673825429444, 'pre_dampen_half': 67.74424985752508, 'gpp_af': 0.014833636540456212, 'gpp_b': 0.0011181021772361554, 'gpp_d': 7.693690071337202, 'ign_k': 0.468815938235874, 'ign_c': 102.2094867241831, 'trop_agb_crit': 7.528254335006391, 'trop_k_veg': 1.742883197375154}. Best is trial 0 with value: -0.5989088506199346.
[I 2026-08-20 00:34:03,457] Trial 921 finished with value: 0.5654045107033341 and parameters: {'k1': 2.1025317808362522e-05, 'D_low': 26.14180941380751, 'k2': 0.0015088260216352713, 'D_high': 1040894.8362046196, 'fire_exp': 1.5736727298683633, 'P_half': 8.218774745091244, 'pre_dampen_half': 0.640597347260309, 'gpp_af': 0.0296589663377566, 'gpp_b': 0.012249674441350257, 'gpp_d': 0.09663095472288018, 'ign_k': 0.11857692890375766, 'ign_c': 9.272401212084201, 'trop_agb_crit': 5.311813041733294, 'trop_k_veg': 2.9928469893453693}. Best is trial 0 with value: -0.5989088506199346.
[I 2026-08-20 00:34:04,900] Trial 922 finished with value: 0.5035889839664386 and parameters: {'k1': 0.00030543557569305085, 'D_low': 103.50976842500499, 'k2': 0.00010200644931381003, 'D_high': 251925.47420928284, 'fire_exp': 1.2274380784934364, 'P_half': 506.273180005417, 'pre_dampen_half': 3.3728505076006843, 'gpp_af': 0.005068187483900696, 'gpp_b': 0.0007724423901098392, 'gpp_d': 124.09542505883869, 'ign_k': 0.10618279733700658, 'ign_c': 10.134221690347673, 'trop_agb_crit': 5.589587870844444, 'trop_k_veg': 1.981144070887189}. Best is trial 0 with value: -0.5989088506199346.
[I 2026-08-20 00:34:06,597] Trial 923 finished with value: -0.5447057022455726 and parameters: {'k1': 0.0009247898229655101, 'D_low': 24.891121732981883, 'k2': 4.794842093073011e-05, 'D_high': 6169033.373626387, 'fire_exp': 1.0138572312488108, 'P_half': 16.73443550796569, 'pre_dampen_half': 0.18843538426772988, 'gpp_af': 0.4321385522865285, 'gpp_b': 2.3098684808627903e-05, 'gpp_d': 30.084270817444292, 'ign_k': 0.05710622641117872, 'ign_c': 3.4653210706642983, 'trop_agb_crit': 3.8538274213560006, 'trop_k_veg': 6.246600083484965}. Best is trial 0 with value: -0.5989088506199346.
[I 2026-08-20 00:34:08,159] Trial 924 finished with value: -0.5289209759949016 and parameters: {'k1': 0.0003480314972171986, 'D_low': 43594.91486971466, 'k2': 0.006350109013169119, 'D_high': 679921.6514908208, 'fire_exp': 1.1236837768153765, 'P_half': 1.7712365955572793, 'pre_dampen_half': 54.92766008435134, 'gpp_af': 1.5563591023435603, 'gpp_b': 0.0022240708316924956, 'gpp_d': 316.3224456832959, 'ign_k': 0.12182954155852677, 'ign_c': 1.0085560402765346, 'trop_agb_crit': 14.449686783050065, 'trop_k_veg': 0.918611050058281}. Best is trial 0 with value: -0.5989088506199346.
[I 2026-08-20 00:34:09,590] Trial 925 finished with value: 0.4192858808017961 and parameters: {'k1': 0.00014938703982767033, 'D_low': 61.56117039856989, 'k2': 0.002913917735462951, 'D_high': 4883503.026031469, 'fire_exp': 2.0316122884477625, 'P_half': 5.679993632166321, 'pre_dampen_half': 6.31478778876288, 'gpp_af': 0.015185673627580193, 'gpp_b': 8.336765498936479e-05, 'gpp_d': 0.3538540076742563, 'ign_k': 7.578079638830776, 'ign_c': 20.831491690875897, 'trop_agb_crit': 3.3623098665258917, 'trop_k_veg': 2.3714719631590087}. Best is trial 0 with value: -0.5989088506199346.
[I 2026-08-20 00:34:11,056] Trial 926 finished with value: 0.5832800912743284 and parameters: {'k1': 5.5835460407674594e-05, 'D_low': 78.9992423256396, 'k2': 0.023353359333390646, 'D_high': 3679502.137378076, 'fire_exp': 7.47732428636373, 'P_half': 11.232079330098017, 'pre_dampen_half': 22.91028226460616, 'gpp_af': 4.340365895141335, 'gpp_b': 0.26797439129515793, 'gpp_d': 11.851849905819611, 'ign_k': 0.21469782546969918, 'ign_c': 2.736668449070266, 'trop_agb_crit': 27.866592576795203, 'trop_k_veg': 7.777190485636354}. Best is trial 0 with value: -0.5989088506199346.
[I 2026-08-20 00:34:12,474] Trial 927 finished with value: 0.46474989302055003 and parameters: {'k1': 4.462709188171656e-05, 'D_low': 153.52897404595373, 'k2': 0.00014273872557962611, 'D_high': 34660.748927799075, 'fire_exp': 1.193476505909647, 'P_half': 2.0261989696033136, 'pre_dampen_half': 31.99425004972336, 'gpp_af': 0.06344712206048732, 'gpp_b': 0.0007961254961143556, 'gpp_d': 0.7599794328710915, 'ign_k': 0.5460058941613914, 'ign_c': 0.38221197607267393, 'trop_agb_crit': 5.661081981864702, 'trop_k_veg': 2.2067731170487326}. Best is trial 0 with value: -0.5989088506199346.
[I 2026-08-20 00:34:13,926] Trial 928 finished with value: 0.6445374145881376 and parameters: {'k1': 2.4214337706076996e-05, 'D_low': 125133.50819292424, 'k2': 0.0001585548099270119, 'D_high': 1817.6390940523895, 'fire_exp': 3.502867331462297, 'P_half': 12.290412807082708, 'pre_dampen_half': 0.06660909183086397, 'gpp_af': 0.1629662059909611, 'gpp_b': 0.0012484891912115826, 'gpp_d': 118.02692654960813, 'ign_k': 0.021740045682878434, 'ign_c': 46.13971592475407, 'trop_agb_crit': 1.3445299823501946, 'trop_k_veg': 1.4939632787468702}. Best is trial 0 with value: -0.5989088506199346.
[I 2026-08-20 00:34:15,383] Trial 929 finished with value: 0.5627169783231986 and parameters: {'k1': 9.963429478146634e-05, 'D_low': 5810.22173967131, 'k2': 0.0003562235278589428, 'D_high': 53050.45349011745, 'fire_exp': 1.0697852580568876, 'P_half': 2.3017457441575897, 'pre_dampen_half': 1.240519061140926, 'gpp_af': 0.06608190034311152, 'gpp_b': 0.0002957138548213296, 'gpp_d': 0.020941941101565522, 'ign_k': 0.16000645402584399, 'ign_c': 3.0263370832200587, 'trop_agb_crit': 5.038348946543699, 'trop_k_veg': 4.196775268541359}. Best is trial 0 with value: -0.5989088506199346.
[I 2026-08-20 00:34:16,815] Trial 930 finished with value: 0.531276565014179 and parameters: {'k1': 8.219337304353172e-05, 'D_low': 1260.2739775927334, 'k2': 0.002084495141539075, 'D_high': 4151330.0372685427, 'fire_exp': 2.2746960819030773, 'P_half': 2.426167289137028, 'pre_dampen_half': 0.8796413131206219, 'gpp_af': 5.039043901228258, 'gpp_b': 0.07071943604241887, 'gpp_d': 15.070898519277698, 'ign_k': 0.0873600288788584, 'ign_c': 0.38476644649444225, 'trop_agb_crit': 5.9678316574009145, 'trop_k_veg': 3.2311075736742416}. Best is trial 0 with value: -0.5989088506199346.
[I 2026-08-20 00:34:18,280] Trial 931 finished with value: 0.5961231136142184 and parameters: {'k1': 0.07071500558309449, 'D_low': 71.43316769386811, 'k2': 0.0015027205021124759, 'D_high': 6100.255031958317, 'fire_exp': 4.075500806351613, 'P_half': 141.5238452803575, 'pre_dampen_half': 0.27541547255984256, 'gpp_af': 1.6387068530863196, 'gpp_b': 1.507757219766275e-05, 'gpp_d': 1.8290845650487448, 'ign_k': 4.312387851989204, 'ign_c': 0.14541228223597732, 'trop_agb_crit': 8.114979671443258, 'trop_k_veg': 1.42297627026798}. Best is trial 0 with value: -0.5989088506199346.
[I 2026-08-20 00:34:19,721] Trial 932 finished with value: 0.5828486794094698 and parameters: {'k1': 0.0005558445305242748, 'D_low': 1698.5588983200807, 'k2': 0.00011160890800366514, 'D_high': 1201948.982163275, 'fire_exp': 2.023188185758434, 'P_half': 39.777986883182834, 'pre_dampen_half': 0.2273130111181351, 'gpp_af': 0.022518885749152687, 'gpp_b': 0.0006178812534258028, 'gpp_d': 23.60871354242183, 'ign_k': 0.08819706923744325, 'ign_c': 64.81683103591523, 'trop_agb_crit': 16.605425550722845, 'trop_k_veg': 4.769808908790266}. Best is trial 0 with value: -0.5989088506199346.
[I 2026-08-20 00:34:21,162] Trial 933 finished with value: -0.5631677807961653 and parameters: {'k1': 0.0466298823060967, 'D_low': 1016.9531169444462, 'k2': 0.001672157864758147, 'D_high': 4388671.877720208, 'fire_exp': 4.234293877960409, 'P_half': 56.173244545712095, 'pre_dampen_half': 4.695213685143898, 'gpp_af': 0.024175738445483638, 'gpp_b': 2.6712200720906026e-05, 'gpp_d': 139.24953997531304, 'ign_k': 2.380682844797508, 'ign_c': 6.817078593166541, 'trop_agb_crit': 3.987384398655152, 'trop_k_veg': 2.121796798544748}. Best is trial 0 with value: -0.5989088506199346.
[I 2026-08-20 00:34:22,565] Trial 934 finished with value: 0.5930031011042142 and parameters: {'k1': 0.00033058492998262707, 'D_low': 10149.772254348734, 'k2': 0.0005059909807995839, 'D_high': 949832.6649531727, 'fire_exp': 2.810697177528153, 'P_half': 1.1706886338027676, 'pre_dampen_half': 4.416221471200964, 'gpp_af': 0.0028779827286446688, 'gpp_b': 0.001230721379090647, 'gpp_d': 0.569419407759376, 'ign_k': 0.011424107916359694, 'ign_c': 4.548192660420932, 'trop_agb_crit': 3.430696533101247, 'trop_k_veg': 2.4608946080515706}. Best is trial 0 with value: -0.5989088506199346.
[I 2026-08-20 00:34:23,955] Trial 935 finished with value: 0.6387245464810963 and parameters: {'k1': 0.0005684504189353126, 'D_low': 270.07443373624767, 'k2': 0.016105084690706463, 'D_high': 19.9398882745729, 'fire_exp': 2.7724490897714005, 'P_half': 1.7314941048965857, 'pre_dampen_half': 625.4245366057239, 'gpp_af': 28.38940855101393, 'gpp_b': 0.0826101252546724, 'gpp_d': 16.536865165154836, 'ign_k': 0.027907608450663597, 'ign_c': 0.3380989945759122, 'trop_agb_crit': 1.873760969317995, 'trop_k_veg': 1.9493027141921317}. Best is trial 0 with value: -0.5989088506199346.
[I 2026-08-20 00:34:25,323] Trial 936 finished with value: 0.5921388986176209 and parameters: {'k1': 0.0005106648278328277, 'D_low': 13359.907714052424, 'k2': 0.0001716075445227543, 'D_high': 9827327.097609628, 'fire_exp': 3.436483532799127, 'P_half': 433.51258675308986, 'pre_dampen_half': 9.080097243951643, 'gpp_af': 3.72386463641827, 'gpp_b': 0.0014123313669118771, 'gpp_d': 36.6160054059544, 'ign_k': 0.03231696958828044, 'ign_c': 1.6372428333283575, 'trop_agb_crit': 12.890938266609794, 'trop_k_veg': 2.5858312698809693}. Best is trial 0 with value: -0.5989088506199346.
[I 2026-08-20 00:34:26,890] Trial 937 finished with value: 0.4558791715691497 and parameters: {'k1': 1.6249430817467045e-05, 'D_low': 11516.181400149582, 'k2': 9.691805638531006e-05, 'D_high': 3403665.415088219, 'fire_exp': 1.011420637623157, 'P_half': 1.5736133132095316, 'pre_dampen_half': 12.223722218889309, 'gpp_af': 0.02168856793463925, 'gpp_b': 3.77759175139945e-05, 'gpp_d': 0.01789486847609765, 'ign_k': 0.27141066997428503, 'ign_c': 0.5626494528620029, 'trop_agb_crit': 2.3667398889455544, 'trop_k_veg': 2.7480265872484626}. Best is trial 0 with value: -0.5989088506199346.
[I 2026-08-20 00:34:28,515] Trial 938 finished with value: 0.5599230597714131 and parameters: {'k1': 0.04312976646885171, 'D_low': 32788.14982734832, 'k2': 0.000391961814180148, 'D_high': 1263699.1462289426, 'fire_exp': 1.6966957590456393, 'P_half': 188.28443433733895, 'pre_dampen_half': 2.7102810479690262, 'gpp_af': 28.045834521258225, 'gpp_b': 0.016635377288453154, 'gpp_d': 157.56332611930554, 'ign_k': 0.09350054328862746, 'ign_c': 9.813889045024306, 'trop_agb_crit': 14.158052816517197, 'trop_k_veg': 3.108164550892644}. Best is trial 0 with value: -0.5989088506199346.
[I 2026-08-20 00:34:29,840] Trial 939 finished with value: -0.4803961266208036 and parameters: {'k1': 0.00012507881848439732, 'D_low': 3386.7816563601195, 'k2': 0.07428147814343024, 'D_high': 568303.0219175661, 'fire_exp': 1.9511287011071567, 'P_half': 61.50979971452215, 'pre_dampen_half': 103.84082114204193, 'gpp_af': 0.007824666515889976, 'gpp_b': 0.005511355107021706, 'gpp_d': 15.561856782017504, 'ign_k': 0.7112047876978111, 'ign_c': 0.18833110309452322, 'trop_agb_crit': 17.860092352311057, 'trop_k_veg': 5.9481274409726455}. Best is trial 0 with value: -0.5989088506199346.
[I 2026-08-20 00:34:31,321] Trial 940 finished with value: 0.6426053400793981 and parameters: {'k1': 4.1945753223799975e-05, 'D_low': 10.68467551119394, 'k2': 0.0017324259496187047, 'D_high': 7115829.61094285, 'fire_exp': 1.4731914237364108, 'P_half': 1975.9193280238517, 'pre_dampen_half': 4.496500071778787, 'gpp_af': 0.0586142409294801, 'gpp_b': 8.728595635733425, 'gpp_d': 27.24592147678173, 'ign_k': 0.461290554302789, 'ign_c': 33.343012481670165, 'trop_agb_crit': 1.5970084154804483, 'trop_k_veg': 0.6847721795058213}. Best is trial 0 with value: -0.5989088506199346.
[I 2026-08-20 00:34:32,724] Trial 941 finished with value: 0.5224285484062331 and parameters: {'k1': 0.00020601113765184007, 'D_low': 11596.274621100583, 'k2': 0.0018268706941154038, 'D_high': 54083.75609883924, 'fire_exp': 2.1389090415375236, 'P_half': 2.4441700646952693, 'pre_dampen_half': 155.70458530861356, 'gpp_af': 0.007940785632613696, 'gpp_b': 0.0017201175257451685, 'gpp_d': 0.37772389177784044, 'ign_k': 0.5255856185198419, 'ign_c': 3.4915367091711156, 'trop_agb_crit': 1.5683840143363839, 'trop_k_veg': 3.464558790662361}. Best is trial 0 with value: -0.5989088506199346.
[I 2026-08-20 00:34:34,105] Trial 942 finished with value: 0.535688974992983 and parameters: {'k1': 0.08954404651641337, 'D_low': 8.323153384068092, 'k2': 0.0002780337627999684, 'D_high': 7095286.681259593, 'fire_exp': 3.5435353503415556, 'P_half': 24.481532024196486, 'pre_dampen_half': 0.1924005769069343, 'gpp_af': 0.41711678575334504, 'gpp_b': 0.019237183664430085, 'gpp_d': 327.0306154549222, 'ign_k': 0.39369668793797025, 'ign_c': 3.078066471064755, 'trop_agb_crit': 14.159680412714696, 'trop_k_veg': 3.8863286039259823}. Best is trial 0 with value: -0.5989088506199346.
[I 2026-08-20 00:34:35,505] Trial 943 finished with value: 0.6445374145881376 and parameters: {'k1': 2.811985559775472e-05, 'D_low': 926.7300677626883, 'k2': 9.61869584133911e-05, 'D_high': 1869.2581394268686, 'fire_exp': 5.901948464362191, 'P_half': 119.47571498671215, 'pre_dampen_half': 0.15419894585650398, 'gpp_af': 2.98906766005672, 'gpp_b': 0.033041781973250535, 'gpp_d': 2.8583927450743656, 'ign_k': 0.012845621489521439, 'ign_c': 560.4162720125047, 'trop_agb_crit': 3.5304911077669954, 'trop_k_veg': 6.459930170766243}. Best is trial 0 with value: -0.5989088506199346.
