[I 2026-08-19 15:39:54,729] Trial 1304 finished with value: -0.5098177501993105 and parameters: {'k1': 0.0007731562930478068, 'D_low': 9.497204813537207, 'k2': 0.030337530244992746, 'D_high': 802029.2790005287, 'fire_exp': 5.461100494194296, 'P_half': 100.66620660989128, 'pre_dampen_half': 3.5868010235834116, 'gpp_af': 0.0016367021205639933, 'gpp_b': 3.899514591582073e-05, 'gpp_d': 42.60210038609083, 'ign_k': 0.8027754810562366, 'ign_c': 0.20902056875289202, 'trop_agb_crit': 10.710941234476659, 'trop_k_veg': 4.007169587975388, 'pop_amp': 0.007095461639983733, 'pop_peak': 0.11130850472896928, 'pop_sig': 0.8091602993850416, 'fuel_k': 0.760582397097186, 'fuel_half': 0.8833629681209808}. Best is trial 421 with value: -0.6216386034937503.
[I 2026-08-19 15:39:57,410] Trial 1305 finished with value: -0.5382089997497973 and parameters: {'k1': 5.247425064012723e-05, 'D_low': 11450.889358975743, 'k2': 0.012260392380094349, 'D_high': 33787.09038893718, 'fire_exp': 1.7315964174347054, 'P_half': 3.248154554070247, 'pre_dampen_half': 2.6560756603394076, 'gpp_af': 0.2944755730608742, 'gpp_b': 0.0002778894211644519, 'gpp_d': 10.992959783314197, 'ign_k': 3.427907305745991, 'ign_c': 0.5618933007849443, 'trop_agb_crit': 18.5484471005103, 'trop_k_veg': 1.1390272421835108, 'pop_amp': 0.04158369047815881, 'pop_peak': 0.3103307374465834, 'pop_sig': 0.40705978949638316, 'fuel_k': 3.949842837775752, 'fuel_half': 0.5570834841707577}. Best is trial 421 with value: -0.6216386034937503.
[I 2026-08-19 15:40:00,612] Trial 1306 finished with value: -0.4118206137888077 and parameters: {'k1': 0.0005033165299107383, 'D_low': 607.1129914398006, 'k2': 0.004595973931668522, 'D_high': 881416.8148510545, 'fire_exp': 5.732293432382199, 'P_half': 193.45489074658352, 'pre_dampen_half': 5.971478820558771, 'gpp_af': 0.0018816332826514276, 'gpp_b': 0.0011331654539030753, 'gpp_d': 16.71660704932641, 'ign_k': 5.434971174093, 'ign_c': 0.14958672082342625, 'trop_agb_crit': 20.11973987600676, 'trop_k_veg': 2.6270855415621726, 'pop_amp': 0.0013629588187276222, 'pop_peak': 3.870850570989839, 'pop_sig': 0.5941715380832143, 'fuel_k': 0.9612534685142291, 'fuel_half': 0.9259545259491411}. Best is trial 421 with value: -0.6216386034937503.
[I 2026-08-19 15:40:03,865] Trial 1307 finished with value: -0.5225869951887632 and parameters: {'k1': 0.006114569992410737, 'D_low': 64.20211065274985, 'k2': 0.013692217318752984, 'D_high': 148621.3131237116, 'fire_exp': 3.6506061714050153, 'P_half': 1.2331511871826355, 'pre_dampen_half': 131.5036254923015, 'gpp_af': 0.005580636431329717, 'gpp_b': 0.001787919655904993, 'gpp_d': 0.8466589568343348, 'ign_k': 0.38834367318405694, 'ign_c': 0.21914751829440515, 'trop_agb_crit': 18.426939823898778, 'trop_k_veg': 1.583988726370609, 'pop_amp': 0.0022029058629041477, 'pop_peak': 0.273715781561688, 'pop_sig': 0.6272718396707574, 'fuel_k': 0.5181773840872644, 'fuel_half': 0.758495025202749}. Best is trial 421 with value: -0.6216386034937503.
[I 2026-08-19 15:40:06,723] Trial 1308 finished with value: -0.5164709149374787 and parameters: {'k1': 0.0001054061953867217, 'D_low': 9.263041372806743, 'k2': 0.0029354309221621445, 'D_high': 7966738.183926872, 'fire_exp': 1.9843203823775537, 'P_half': 163.28123236904264, 'pre_dampen_half': 22.085042261852497, 'gpp_af': 0.025606126999932772, 'gpp_b': 1.929208077100283e-05, 'gpp_d': 83.783421119574, 'ign_k': 0.149365027374358, 'ign_c': 3.800018098220904, 'trop_agb_crit': 27.217132763897336, 'trop_k_veg': 4.099554020504561, 'pop_amp': 0.001237602911027965, 'pop_peak': 0.7694988274873934, 'pop_sig': 0.7317018023357482, 'fuel_k': 3.472555622714966, 'fuel_half': 0.335433061218814}. Best is trial 421 with value: -0.6216386034937503.
[I 2026-08-19 15:40:09,838] Trial 1309 finished with value: -0.555602351988648 and parameters: {'k1': 0.012694618332883335, 'D_low': 31.87836989483724, 'k2': 0.07483430214404156, 'D_high': 71599.32262945978, 'fire_exp': 2.02899211689935, 'P_half': 79.95505370460384, 'pre_dampen_half': 13.61768587344615, 'gpp_af': 0.0028848131353986692, 'gpp_b': 0.00024833082301613463, 'gpp_d': 9.285936561402313, 'ign_k': 0.0902170632069765, 'ign_c': 2.006374515482531, 'trop_agb_crit': 19.079325545886785, 'trop_k_veg': 1.013126925337771, 'pop_amp': 0.021564185246344583, 'pop_peak': 0.10599347658286498, 'pop_sig': 0.6198497718459329, 'fuel_k': 1.6532507075411345, 'fuel_half': 0.2847607431265949}. Best is trial 421 with value: -0.6216386034937503.
[I 2026-08-19 15:40:13,039] Trial 1310 finished with value: -0.5876689030558515 and parameters: {'k1': 0.0003355044648242196, 'D_low': 18.804319399696254, 'k2': 0.029457113707854622, 'D_high': 677260.9295080999, 'fire_exp': 3.730847895711858, 'P_half': 23.19861882230347, 'pre_dampen_half': 6.023514298075889, 'gpp_af': 0.01381246617350991, 'gpp_b': 0.00011053395611497438, 'gpp_d': 9.888651149683435, 'ign_k': 0.7329176397567084, 'ign_c': 1.9188259107734476, 'trop_agb_crit': 8.321099765593228, 'trop_k_veg': 0.7551070838410273, 'pop_amp': 0.004154928108058382, 'pop_peak': 0.8700723284347986, 'pop_sig': 0.8740658012268275, 'fuel_k': 1.4680798496675422, 'fuel_half': 0.9282216757258543}. Best is trial 421 with value: -0.6216386034937503.
  trial 1311/2500  best_overall=0.6216  (76.2 min)
[I 2026-08-19 15:40:18,349] Trial 1311 finished with value: -0.3554625854118624 and parameters: {'k1': 0.0051768137909488894, 'D_low': 81.48352858679486, 'k2': 4.9264488501113815e-05, 'D_high': 8459812.35608975, 'fire_exp': 4.845308890272204, 'P_half': 3.4921271266656717, 'pre_dampen_half': 79.67025987127208, 'gpp_af': 0.0013144613409954086, 'gpp_b': 3.723327647353798e-05, 'gpp_d': 1.6349067651335873, 'ign_k': 2.9500720488722427, 'ign_c': 118.47972131414312, 'trop_agb_crit': 2.613304853037745, 'trop_k_veg': 2.2672535148589636, 'pop_amp': 6.962535108027552, 'pop_peak': 7.802822714285196, 'pop_sig': 1.403786796912231, 'fuel_k': 0.01926613708410573, 'fuel_half': 1.4734605685237439}. Best is trial 421 with value: -0.6216386034937503.
[I 2026-08-19 15:40:23,747] Trial 1312 finished with value: -0.45586565879764374 and parameters: {'k1': 0.0013689137180782436, 'D_low': 258.2525885872731, 'k2': 0.07538001694109711, 'D_high': 8539.969303499596, 'fire_exp': 6.192136384319737, 'P_half': 87.98961019136586, 'pre_dampen_half': 116.71295406557356, 'gpp_af': 0.023572194474094282, 'gpp_b': 0.0011669920310881277, 'gpp_d': 175.85419442027415, 'ign_k': 0.906408473737364, 'ign_c': 0.692874433137851, 'trop_agb_crit': 2.398336685145744, 'trop_k_veg': 3.7137487279897847, 'pop_amp': 0.0033549467820244245, 'pop_peak': 1.148270000903512, 'pop_sig': 0.3690189150816298, 'fuel_k': 0.6507249680933616, 'fuel_half': 0.20384622852997433}. Best is trial 421 with value: -0.6216386034937503.
[I 2026-08-19 15:40:28,795] Trial 1313 finished with value: -0.5928291520149523 and parameters: {'k1': 0.00036149654933583506, 'D_low': 866.3998380461197, 'k2': 0.0789883531801255, 'D_high': 1595661.792334185, 'fire_exp': 1.0496652126985455, 'P_half': 116.0629901749041, 'pre_dampen_half': 0.08989005947322418, 'gpp_af': 0.6461661151240008, 'gpp_b': 0.0031067556675985603, 'gpp_d': 6.337998937884808, 'ign_k': 0.7913823014073703, 'ign_c': 1.2334408419405984, 'trop_agb_crit': 5.78119486950234, 'trop_k_veg': 6.04937652180818, 'pop_amp': 0.017957125557489576, 'pop_peak': 14.34935725972143, 'pop_sig': 0.9483098464023959, 'fuel_k': 4.885869943050221, 'fuel_half': 1.3482802475788978}. Best is trial 421 with value: -0.6216386034937503.
[I 2026-08-19 15:40:33,951] Trial 1314 finished with value: -0.45716825056496796 and parameters: {'k1': 0.002190940540181323, 'D_low': 11.283227178632727, 'k2': 0.04415743931648883, 'D_high': 98605.09390202865, 'fire_exp': 5.451779921844136, 'P_half': 2.5347171658994077, 'pre_dampen_half': 0.09517022866645182, 'gpp_af': 0.01618472771733924, 'gpp_b': 0.00018148572136969385, 'gpp_d': 218.73442036646728, 'ign_k': 0.29087300546774925, 'ign_c': 0.42583618395426354, 'trop_agb_crit': 25.434535387011213, 'trop_k_veg': 2.0629455252088773, 'pop_amp': 0.0025728168619822693, 'pop_peak': 0.3455198472502683, 'pop_sig': 0.6291713656301978, 'fuel_k': 0.9457261562471498, 'fuel_half': 2.0055081563965538}. Best is trial 421 with value: -0.6216386034937503.
[I 2026-08-19 15:40:37,127] Trial 1315 finished with value: -0.4083169557501135 and parameters: {'k1': 0.001043987122076276, 'D_low': 2193.341965900515, 'k2': 0.016175219136932192, 'D_high': 365114.6982817899, 'fire_exp': 1.1651028134654149, 'P_half': 200.2061462711976, 'pre_dampen_half': 257.33127917144674, 'gpp_af': 0.06150199120025514, 'gpp_b': 0.5189984189804935, 'gpp_d': 4.953624019617745, 'ign_k': 0.011467030028555033, 'ign_c': 45.37682783418677, 'trop_agb_crit': 12.702176066952573, 'trop_k_veg': 3.7708782503706586, 'pop_amp': 0.00158968199995993, 'pop_peak': 17.52551513162934, 'pop_sig': 1.1999940823441015, 'fuel_k': 4.790716581377391, 'fuel_half': 0.20413298908281372}. Best is trial 421 with value: -0.6216386034937503.
  trial 1316/2500  best_overall=0.6216  (76.6 min)
[I 2026-08-19 15:40:41,289] Trial 1316 finished with value: -0.582443361753828 and parameters: {'k1': 0.005578637868761618, 'D_low': 73.81157374203332, 'k2': 0.07068357245603735, 'D_high': 8179739.751309542, 'fire_exp': 5.232824455657601, 'P_half': 1.1133622613461904, 'pre_dampen_half': 14.364916201562503, 'gpp_af': 0.022674397756523985, 'gpp_b': 0.000102973249084889, 'gpp_d': 25.242136330773103, 'ign_k': 1.624446836299994, 'ign_c': 4.283735870186027, 'trop_agb_crit': 18.80433169107628, 'trop_k_veg': 6.341102989587697, 'pop_amp': 0.007896204760639758, 'pop_peak': 0.2547226237064785, 'pop_sig': 0.9108036355726019, 'fuel_k': 0.3394365899034133, 'fuel_half': 0.24075686390007475}. Best is trial 421 with value: -0.6216386034937503.
[I 2026-08-19 15:40:44,657] Trial 1317 finished with value: -0.5753423552114186 and parameters: {'k1': 0.00552487433114089, 'D_low': 2.3793217859364058, 'k2': 0.02454691112959261, 'D_high': 157997.49767824102, 'fire_exp': 2.6135150266717835, 'P_half': 12.54188398874761, 'pre_dampen_half': 5.9064481469482315, 'gpp_af': 0.023995873030993996, 'gpp_b': 0.0006504642647233721, 'gpp_d': 272.3349064040343, 'ign_k': 2.2010316310334894, 'ign_c': 0.20680998640576947, 'trop_agb_crit': 25.162353881580078, 'trop_k_veg': 1.6851970450140712, 'pop_amp': 0.01020621422355856, 'pop_peak': 6.990436339399141, 'pop_sig': 0.4167529624420705, 'fuel_k': 0.5794621057063907, 'fuel_half': 0.34236093203957213}. Best is trial 421 with value: -0.6216386034937503.
[I 2026-08-19 15:40:47,817] Trial 1318 finished with value: -0.5466752781281472 and parameters: {'k1': 0.048925603156618876, 'D_low': 185.43603420177106, 'k2': 0.018845223512681794, 'D_high': 6267638.575847655, 'fire_exp': 6.850477264192544, 'P_half': 187.27575894439943, 'pre_dampen_half': 21.167762575517838, 'gpp_af': 0.21307864934325557, 'gpp_b': 2.47125193690095e-05, 'gpp_d': 111.77243241166215, 'ign_k': 1.3445132487133775, 'ign_c': 1.9092978802858434, 'trop_agb_crit': 18.42763644434055, 'trop_k_veg': 2.1034599098426985, 'pop_amp': 0.006050045192076544, 'pop_peak': 3.6720306078838463, 'pop_sig': 0.44786870154730424, 'fuel_k': 1.08940051109538, 'fuel_half': 0.5848819703059956}. Best is trial 421 with value: -0.6216386034937503.
[I 2026-08-19 15:40:51,595] Trial 1319 finished with value: -0.4179326490025579 and parameters: {'k1': 0.0016902270141491327, 'D_low': 26.960688631574154, 'k2': 0.014836625430402412, 'D_high': 5110204.725310109, 'fire_exp': 9.306255023850955, 'P_half': 184.1250948237701, 'pre_dampen_half': 6.138799468239711, 'gpp_af': 0.015029505086085606, 'gpp_b': 1.4993618724740747e-05, 'gpp_d': 9.456230844836302, 'ign_k': 0.034714835476964745, 'ign_c': 22.943627915791016, 'trop_agb_crit': 26.645297147613803, 'trop_k_veg': 3.4098218616112086, 'pop_amp': 0.002008087616867945, 'pop_peak': 1.646215547651908, 'pop_sig': 0.6412653303618853, 'fuel_k': 0.6903295281446666, 'fuel_half': 0.31709554013870545}. Best is trial 421 with value: -0.6216386034937503.
[I 2026-08-19 15:40:54,529] Trial 1320 finished with value: -0.47886328171398895 and parameters: {'k1': 0.0015773156062851986, 'D_low': 217.1668038907567, 'k2': 2.3547334115616826e-05, 'D_high': 7082144.594598268, 'fire_exp': 3.3207333000866086, 'P_half': 22.84449342883277, 'pre_dampen_half': 235.72617359524216, 'gpp_af': 0.42882599457910664, 'gpp_b': 3.134317891304809e-05, 'gpp_d': 1.8923454076867174, 'ign_k': 0.3069580751639875, 'ign_c': 0.21001342648712878, 'trop_agb_crit': 11.043209006333306, 'trop_k_veg': 2.4585281121761606, 'pop_amp': 0.26271888009899064, 'pop_peak': 8.91598918818138, 'pop_sig': 0.9418193065204462, 'fuel_k': 0.08856766542344147, 'fuel_half': 0.3342000667762234}. Best is trial 421 with value: -0.6216386034937503.
[I 2026-08-19 15:40:58,036] Trial 1321 finished with value: -0.3554625854118624 and parameters: {'k1': 0.00021685150823172602, 'D_low': 238.9939081766329, 'k2': 1.6097227065869005e-05, 'D_high': 75.85840393216571, 'fire_exp': 6.467397937576031, 'P_half': 6043.816347465161, 'pre_dampen_half': 0.013505492183295855, 'gpp_af': 0.06844693383425529, 'gpp_b': 1.2029233094576636e-05, 'gpp_d': 990.8752819696386, 'ign_k': 0.02890828593612615, 'ign_c': 186.34148661489454, 'trop_agb_crit': 9.279406369348475, 'trop_k_veg': 5.676438494445651, 'pop_amp': 0.2773603064731455, 'pop_peak': 0.1000078222957489, 'pop_sig': 0.7897071788768849, 'fuel_k': 0.09809228333941768, 'fuel_half': 66.31472597976028}. Best is trial 421 with value: -0.6216386034937503.
  trial 1322/2500  best_overall=0.6216  (76.9 min)
[I 2026-08-19 15:41:02,092] Trial 1322 finished with value: -0.5402100812914131 and parameters: {'k1': 0.0039787138000791245, 'D_low': 246.1202402485911, 'k2': 0.05392776647383732, 'D_high': 85107.68764034536, 'fire_exp': 2.8720387345200207, 'P_half': 18.533860608640534, 'pre_dampen_half': 4.025120655915336, 'gpp_af': 0.07066935951326297, 'gpp_b': 0.007512446297390217, 'gpp_d': 1.9857624068981563, 'ign_k': 0.2503951130515046, 'ign_c': 0.1132557370618699, 'trop_agb_crit': 11.937766261336744, 'trop_k_veg': 3.554613650968196, 'pop_amp': 0.022167866433253976, 'pop_peak': 0.6139446761080136, 'pop_sig': 0.6832468408050667, 'fuel_k': 0.10008574286733343, 'fuel_half': 0.5635670691235168}. Best is trial 421 with value: -0.6216386034937503.
[I 2026-08-19 15:41:05,198] Trial 1323 finished with value: -0.4404644100105542 and parameters: {'k1': 0.0003940529464781654, 'D_low': 1807.2914838424836, 'k2': 0.01020033575603935, 'D_high': 190148.90773941297, 'fire_exp': 1.1315918577266793, 'P_half': 2426.539337805288, 'pre_dampen_half': 0.5655589699857363, 'gpp_af': 0.6747866297683716, 'gpp_b': 0.0036794109287331834, 'gpp_d': 2.2183225659795203, 'ign_k': 0.08995563284036809, 'ign_c': 8.699333127626675, 'trop_agb_crit': 7.214140353690972, 'trop_k_veg': 2.37935908051989, 'pop_amp': 0.0013516434773881176, 'pop_peak': 14.632264288292918, 'pop_sig': 1.3821820158146465, 'fuel_k': 4.636139382450018, 'fuel_half': 10.778249237002772}. Best is trial 421 with value: -0.6216386034937503.
[I 2026-08-19 15:41:08,555] Trial 1324 finished with value: -0.5498774621561573 and parameters: {'k1': 0.011042363461797083, 'D_low': 8.974659857632423, 'k2': 0.06365590434899125, 'D_high': 2027274.498635422, 'fire_exp': 3.4563536250354425, 'P_half': 83.07814463791472, 'pre_dampen_half': 129.90515322212613, 'gpp_af': 0.014147930115653946, 'gpp_b': 0.001030102533544766, 'gpp_d': 183.56716845754863, 'ign_k': 0.35077884927360364, 'ign_c': 2.4146985901142406, 'trop_agb_crit': 8.320890330480855, 'trop_k_veg': 2.2628199533041267, 'pop_amp': 0.005088377811325357, 'pop_peak': 0.4513899383389626, 'pop_sig': 0.5444363105452629, 'fuel_k': 0.3231028708604046, 'fuel_half': 0.42642631367544453}. Best is trial 421 with value: -0.6216386034937503.
[I 2026-08-19 15:41:11,504] Trial 1325 finished with value: -0.5495884900241657 and parameters: {'k1': 0.00963390414386493, 'D_low': 99.30538438379588, 'k2': 0.04381898307148343, 'D_high': 77822.56633416882, 'fire_exp': 2.5487621568523053, 'P_half': 82.03562383484199, 'pre_dampen_half': 24.97785801043748, 'gpp_af': 0.003844372887721097, 'gpp_b': 1.0494561010476457e-05, 'gpp_d': 3.1163297619492125, 'ign_k': 0.05554259326815273, 'ign_c': 0.28208589965187736, 'trop_agb_crit': 9.49774004201546, 'trop_k_veg': 3.508912967232241, 'pop_amp': 0.004895976818832621, 'pop_peak': 0.42050400811830174, 'pop_sig': 0.44161929731912763, 'fuel_k': 0.2821924892055782, 'fuel_half': 1.9002243550982258}. Best is trial 421 with value: -0.6216386034937503.
[I 2026-08-19 15:41:14,538] Trial 1326 finished with value: -0.4772979382771318 and parameters: {'k1': 0.0005594670195352437, 'D_low': 495.90985460256087, 'k2': 0.03989673028054513, 'D_high': 5338758.517552329, 'fire_exp': 6.039048060096351, 'P_half': 137.7103408238632, 'pre_dampen_half': 3.653009165766495, 'gpp_af': 0.09204281888911629, 'gpp_b': 8.660884145985176e-05, 'gpp_d': 37.471818770224864, 'ign_k': 3.288545353841746, 'ign_c': 1.6302252467512546, 'trop_agb_crit': 5.686133044124077, 'trop_k_veg': 3.468412515368925, 'pop_amp': 0.003774988571416181, 'pop_peak': 0.7455271731012598, 'pop_sig': 0.9526715887702646, 'fuel_k': 0.3730458763618116, 'fuel_half': 3.638034915106637}. Best is trial 421 with value: -0.6216386034937503.
[I 2026-08-19 15:41:17,283] Trial 1327 finished with value: -0.5121616127254534 and parameters: {'k1': 0.013101634236738225, 'D_low': 438.9582661674061, 'k2': 0.07450920027400673, 'D_high': 1188653.383241017, 'fire_exp': 3.3002487652204984, 'P_half': 218.6807147590939, 'pre_dampen_half': 99.52709244937586, 'gpp_af': 0.006779613295539894, 'gpp_b': 1.789621853507021e-05, 'gpp_d': 216.84621087858514, 'ign_k': 3.632006587679158, 'ign_c': 2.5136207647167064, 'trop_agb_crit': 21.51996247344484, 'trop_k_veg': 1.913258151003255, 'pop_amp': 0.03809122040881258, 'pop_peak': 0.11538429613568951, 'pop_sig': 0.45795670960206425, 'fuel_k': 1.5820684031386267, 'fuel_half': 0.12492390148938094}. Best is trial 421 with value: -0.6216386034937503.
[I 2026-08-19 15:41:19,908] Trial 1328 finished with value: -0.4919158718884044 and parameters: {'k1': 0.00063973024103083, 'D_low': 5174.555524620871, 'k2': 0.025592578036703124, 'D_high': 2606623.235656422, 'fire_exp': 1.1053257802893115, 'P_half': 184.47596364553465, 'pre_dampen_half': 40.225649014729306, 'gpp_af': 0.03987090827337916, 'gpp_b': 0.0014665220152970152, 'gpp_d': 94.04029882831146, 'ign_k': 0.002849465658587933, 'ign_c': 0.3581497944270438, 'trop_agb_crit': 11.060220940022806, 'trop_k_veg': 3.604809993953996, 'pop_amp': 0.003240991737508169, 'pop_peak': 54.4102035336298, 'pop_sig': 0.9661452086904234, 'fuel_k': 5.850099208705045, 'fuel_half': 0.6189299315572485}. Best is trial 421 with value: -0.6216386034937503.
  trial 1329/2500  best_overall=0.6216  (77.3 min)
[I 2026-08-19 15:41:23,610] Trial 1329 finished with value: -0.5011942788356379 and parameters: {'k1': 0.027589869663270507, 'D_low': 1.725506974425194, 'k2': 0.010563756700744869, 'D_high': 14646.833664315043, 'fire_exp': 3.5804519231263123, 'P_half': 15.3301461297826, 'pre_dampen_half': 6.0588265172110045, 'gpp_af': 0.001553487405008117, 'gpp_b': 1.7015931765782117e-05, 'gpp_d': 22.674932263635156, 'ign_k': 0.6420781105759189, 'ign_c': 0.33404593264596255, 'trop_agb_crit': 9.5604950751218, 'trop_k_veg': 1.4256899006333965, 'pop_amp': 0.007702322377881864, 'pop_peak': 0.28308641413341146, 'pop_sig': 0.6243251155075171, 'fuel_k': 0.49854152678690444, 'fuel_half': 1.6123111378665673}. Best is trial 421 with value: -0.6216386034937503.
[I 2026-08-19 15:41:26,569] Trial 1330 finished with value: -0.5459978046119899 and parameters: {'k1': 6.066494449400222e-05, 'D_low': 67.0646965875184, 'k2': 1.928057581775176e-05, 'D_high': 328838.9760060485, 'fire_exp': 1.3524957137882487, 'P_half': 8.563657013880118, 'pre_dampen_half': 0.11058536257513113, 'gpp_af': 21.556960632034723, 'gpp_b': 0.003989701302492402, 'gpp_d': 853.6988203432622, 'ign_k': 0.12521295716693237, 'ign_c': 2.0494570474833993, 'trop_agb_crit': 8.337534422500221, 'trop_k_veg': 1.9705225678340892, 'pop_amp': 0.20469976518415856, 'pop_peak': 18.51170028694886, 'pop_sig': 0.25191202252816547, 'fuel_k': 2.9580675653154214, 'fuel_half': 1.4024999869918393}. Best is trial 421 with value: -0.6216386034937503.
[I 2026-08-19 15:41:29,408] Trial 1331 finished with value: -0.4531116443449525 and parameters: {'k1': 0.002634094494746711, 'D_low': 11.570974483173032, 'k2': 0.015701933063696653, 'D_high': 609800.2841908465, 'fire_exp': 2.3103921192790877, 'P_half': 6.219810700757208, 'pre_dampen_half': 2.8070020126197095, 'gpp_af': 0.07210632252062688, 'gpp_b': 1.1690544061861364e-05, 'gpp_d': 0.893987937277723, 'ign_k': 0.22110623751254138, 'ign_c': 0.16974448532373995, 'trop_agb_crit': 3.5777696295608235, 'trop_k_veg': 3.830106618952645, 'pop_amp': 0.09247031153027141, 'pop_peak': 19.304514538997996, 'pop_sig': 0.4094600212962813, 'fuel_k': 4.844718872076321, 'fuel_half': 0.16789003761287932}. Best is trial 421 with value: -0.6216386034937503.
[I 2026-08-19 15:41:32,476] Trial 1332 finished with value: -0.4801471766478089 and parameters: {'k1': 0.0013275706305428804, 'D_low': 1.0537333945605545, 'k2': 0.021694153154578125, 'D_high': 2418267.4490978294, 'fire_exp': 3.0862232580244764, 'P_half': 29.23935968763257, 'pre_dampen_half': 95.57194566642147, 'gpp_af': 0.026349249140048294, 'gpp_b': 1.349227662305185e-05, 'gpp_d': 9.843551336264428, 'ign_k': 0.11737283494865795, 'ign_c': 0.4318996046156371, 'trop_agb_crit': 12.423669507067155, 'trop_k_veg': 1.6966491763651173, 'pop_amp': 0.006248949757767351, 'pop_peak': 0.10815686345129115, 'pop_sig': 0.7142653962099949, 'fuel_k': 1.2665875020190032, 'fuel_half': 0.1394579296598576}. Best is trial 421 with value: -0.6216386034937503.
