[I 2026-08-05 23:13:08,247] Trial 180 finished with values: [10.345622141334767, 10.345622141334767] and parameters: {'k1': 0.0029707920514735983, 'D_low': 9.330007965781027, 'k2': 0.00011939136672856547, 'D_high': 7744.80118512745, 'fire_exp': 1.182396148413737, 'P_half': 19.4230157499841, 'pre_dampen_half': 304.7488318185732, 'gpp_af': 0.04339970334001348, 'gpp_b': 3.228689523591491e-05, 'gpp_d': 0.03848886303127135, 'ign_k': 0.03141110271934876, 'ign_c': 2.4287565087611744}.
[I 2026-08-05 23:13:09,400] Trial 181 finished with values: [10.720519003899566, 10.720519003899566] and parameters: {'k1': 0.014666151770108535, 'D_low': 9.330007965781027, 'k2': 0.00011939136672856547, 'D_high': 949.9072859745386, 'fire_exp': 1.0473002272689056, 'P_half': 408.3047491580097, 'pre_dampen_half': 0.6199100007802261, 'gpp_af': 0.04339970334001348, 'gpp_b': 0.0024194895091734425, 'gpp_d': 13.076473382928533, 'ign_k': 0.03033111747878116, 'ign_c': 2.4287565087611744}.
[I 2026-08-05 23:13:10,578] Trial 182 finished with values: [10.68938215383952, 10.68938215383952] and parameters: {'k1': 7.841214856323651e-05, 'D_low': 29.89885508829526, 'k2': 0.02065142557895925, 'D_high': 9769.756791866093, 'fire_exp': 1.1044852285094786, 'P_half': 8.968733598183245, 'pre_dampen_half': 0.031420056654638935, 'gpp_af': 92.21975850381763, 'gpp_b': 2.800940363375676e-05, 'gpp_d': 4.5768578731086835, 'ign_k': 1.2273800987852967, 'ign_c': 12.37061744238074}.
[I 2026-08-05 23:13:11,708] Trial 183 finished with values: [10.764886495524248, 10.764886495524248] and parameters: {'k1': 2.0937989739527727e-05, 'D_low': 125.32726386250698, 'k2': 0.0004381141781653133, 'D_high': 10316.033434719713, 'fire_exp': 2.3782613909771353, 'P_half': 2.157758652553991, 'pre_dampen_half': 0.1643845340580847, 'gpp_af': 0.0025511964576171086, 'gpp_b': 3.228689523591491e-05, 'gpp_d': 0.19476644406315288, 'ign_k': 0.0027847738314446878, 'ign_c': 47.268615251255675}.
[I 2026-08-05 23:13:12,861] Trial 184 finished with values: [10.767734707744225, 10.767734707744225] and parameters: {'k1': 0.00035868164986275477, 'D_low': 12.172958098369968, 'k2': 0.02065142557895925, 'D_high': 267.3088310781672, 'fire_exp': 2.2881850891698634, 'P_half': 148.17820606039086, 'pre_dampen_half': 0.050654860639753524, 'gpp_af': 10.25616274847308, 'gpp_b': 1.5938003265859821, 'gpp_d': 40.863415094409035, 'ign_k': 1.2273800987852967, 'ign_c': 10.140635645866492}.
[I 2026-08-05 23:13:14,060] Trial 185 finished with values: [10.768277797914557, 10.768277797914557] and parameters: {'k1': 0.00324789183891923, 'D_low': 2647.194625525941, 'k2': 2.316457903103837e-05, 'D_high': 949.9072859745386, 'fire_exp': 1.14171776851287, 'P_half': 157.80309954142965, 'pre_dampen_half': 107.40052367919465, 'gpp_af': 27.448645214004376, 'gpp_b': 0.9578978255503134, 'gpp_d': 0.11136446029400991, 'ign_k': 0.03033111747878116, 'ign_c': 8.671454322584175}.
[I 2026-08-05 23:13:15,198] Trial 186 finished with values: [10.492263495097674, 10.492263495097674] and parameters: {'k1': 0.00013783578294796384, 'D_low': 4.051452710153359, 'k2': 0.00038791280730284417, 'D_high': 10316.033434719713, 'fire_exp': 1.5201277403788451, 'P_half': 2.157758652553991, 'pre_dampen_half': 76.86605275420082, 'gpp_af': 35.20481045526041, 'gpp_b': 0.10123867001105968, 'gpp_d': 34.37107943937136, 'ign_k': 0.4702627143647234, 'ign_c': 0.9294394155644988}.
[I 2026-08-05 23:13:16,404] Trial 187 finished with values: [10.65970683381579, 10.65970683381579] and parameters: {'k1': 0.03232155805617897, 'D_low': 98.57545621889057, 'k2': 0.006138509947844854, 'D_high': 6455.595882939566, 'fire_exp': 1.0881360604103363, 'P_half': 958.8659498594012, 'pre_dampen_half': 36.876350096203005, 'gpp_af': 29.925002022877802, 'gpp_b': 0.0035057749039614167, 'gpp_d': 0.6537496690081765, 'ign_k': 0.8826264591983531, 'ign_c': 6.160975294741436}.
[I 2026-08-05 23:13:17,575] Trial 188 finished with values: [10.728550493644399, 10.728550493644399] and parameters: {'k1': 0.03699867920489089, 'D_low': 334.62201030483817, 'k2': 1.1184534120760473e-05, 'D_high': 9769.756791866093, 'fire_exp': 1.1044852285094786, 'P_half': 93.34064019986363, 'pre_dampen_half': 0.09467055845337147, 'gpp_af': 0.010590622233713298, 'gpp_b': 2.7719116797094715e-05, 'gpp_d': 4.5768578731086835, 'ign_k': 0.014879588507790004, 'ign_c': 0.5110256715654393}.
[I 2026-08-05 23:13:18,791] Trial 189 finished with values: [10.769210866058291, 10.769210866058291] and parameters: {'k1': 0.03232155805617897, 'D_low': 2.1234210963705626, 'k2': 0.031211489608802344, 'D_high': 48249.14281180252, 'fire_exp': 2.2881850891698634, 'P_half': 12.808863354047988, 'pre_dampen_half': 303.1650219733388, 'gpp_af': 5.511863475708366, 'gpp_b': 1.5938003265859821, 'gpp_d': 0.11136446029400991, 'ign_k': 0.03033111747878116, 'ign_c': 10.140635645866492}.
[I 2026-08-05 23:13:19,976] Trial 190 finished with values: [10.75695670520222, 10.75695670520222] and parameters: {'k1': 0.00035868164986275477, 'D_low': 12.172958098369968, 'k2': 0.031211489608802344, 'D_high': 267.3088310781672, 'fire_exp': 1.151006986743773, 'P_half': 12.808863354047988, 'pre_dampen_half': 107.40052367919465, 'gpp_af': 5.511863475708366, 'gpp_b': 0.00012797528816608022, 'gpp_d': 0.11136446029400991, 'ign_k': 0.03033111747878116, 'ign_c': 8.671454322584175}.
[I 2026-08-05 23:13:21,195] Trial 191 finished with values: [10.656559438356805, 10.656559438356805] and parameters: {'k1': 7.841214856323651e-05, 'D_low': 918.4900818511542, 'k2': 0.08894151386481904, 'D_high': 6455.595882939566, 'fire_exp': 1.1044852285094786, 'P_half': 215.55950571043874, 'pre_dampen_half': 4.350163152436989, 'gpp_af': 11.234842109991876, 'gpp_b': 0.0025416076006960116, 'gpp_d': 5.878566318396007, 'ign_k': 0.04563289369649656, 'ign_c': 0.11272174259951144}.
[I 2026-08-05 23:13:22,369] Trial 192 finished with values: [10.672906094076971, 10.672906094076971] and parameters: {'k1': 2.0937989739527727e-05, 'D_low': 1.0883991813938128, 'k2': 2.5461628161276896e-05, 'D_high': 85018.70149611714, 'fire_exp': 1.0117229084672894, 'P_half': 4.397766894483963, 'pre_dampen_half': 703.6426675556048, 'gpp_af': 2.8805537835688413, 'gpp_b': 0.08161454372835547, 'gpp_d': 0.13223503889537183, 'ign_k': 0.7058572590901792, 'ign_c': 0.8891936446296247}.
[I 2026-08-05 23:13:23,529] Trial 193 finished with values: [10.28851960097823, 10.28851960097823] and parameters: {'k1': 0.002407354618388189, 'D_low': 318.74227118134144, 'k2': 0.08894151386481904, 'D_high': 26666.09148594752, 'fire_exp': 1.2680134752324452, 'P_half': 13.019246714361572, 'pre_dampen_half': 347.79988160923324, 'gpp_af': 0.001339466259146302, 'gpp_b': 1.4423407153852965e-05, 'gpp_d': 0.026763484380985716, 'ign_k': 0.0067849245190831405, 'ign_c': 0.11049703024154134}.
[I 2026-08-05 23:13:24,699] Trial 194 finished with values: [10.440048684648717, 10.440048684648717] and parameters: {'k1': 2.0937989739527727e-05, 'D_low': 4.051452710153359, 'k2': 3.5917714215176105e-05, 'D_high': 233.52156626184438, 'fire_exp': 1.182396148413737, 'P_half': 4.397766894483963, 'pre_dampen_half': 703.6426675556048, 'gpp_af': 0.0025511964576171086, 'gpp_b': 1.4427571100855582e-05, 'gpp_d': 857.4284557962634, 'ign_k': 0.03141110271934876, 'ign_c': 0.7724824966785973}.
[I 2026-08-05 23:13:25,882] Trial 195 finished with values: [10.495830306494982, 10.495830306494982] and parameters: {'k1': 7.841214856323651e-05, 'D_low': 29.89885508829526, 'k2': 4.763991596630584e-05, 'D_high': 1687.3495104568947, 'fire_exp': 1.1044852285094786, 'P_half': 10.226988730324324, 'pre_dampen_half': 36.876350096203005, 'gpp_af': 92.21975850381763, 'gpp_b': 0.6637926838138378, 'gpp_d': 891.8036602897795, 'ign_k': 3.7173717478250508, 'ign_c': 6.160975294741436}.
[I 2026-08-05 23:13:27,098] Trial 196 finished with values: [10.699226359608476, 10.699226359608476] and parameters: {'k1': 0.00324789183891923, 'D_low': 2.1234210963705626, 'k2': 0.006138509947844854, 'D_high': 6455.595882939566, 'fire_exp': 2.2881850891698634, 'P_half': 12.808863354047988, 'pre_dampen_half': 107.40052367919465, 'gpp_af': 11.234842109991876, 'gpp_b': 0.00012797528816608022, 'gpp_d': 0.11136446029400991, 'ign_k': 0.03033111747878116, 'ign_c': 10.140635645866492}.
[I 2026-08-05 23:13:28,236] Trial 197 finished with values: [10.61683308580604, 10.61683308580604] and parameters: {'k1': 0.00013783578294796384, 'D_low': 4.051452710153359, 'k2': 0.00038791280730284417, 'D_high': 10316.033434719713, 'fire_exp': 1.5201277403788451, 'P_half': 5.317919272807934, 'pre_dampen_half': 8.226361776146092, 'gpp_af': 11.234842109991876, 'gpp_b': 0.10123867001105968, 'gpp_d': 34.37107943937136, 'ign_k': 0.4702627143647234, 'ign_c': 0.9294394155644988}.
[I 2026-08-05 23:13:29,460] Trial 198 finished with values: [10.155801035901002, 10.155801035901002] and parameters: {'k1': 0.002407354618388189, 'D_low': 2.1234210963705626, 'k2': 0.08894151386481904, 'D_high': 75773.14388518519, 'fire_exp': 1.1044852285094786, 'P_half': 12.808863354047988, 'pre_dampen_half': 347.79988160923324, 'gpp_af': 92.21975850381763, 'gpp_b': 0.00012797528816608022, 'gpp_d': 5.878566318396007, 'ign_k': 0.04563289369649656, 'ign_c': 8.671454322584175}.
[I 2026-08-05 23:13:30,645] Trial 199 finished with values: [10.769230769178105, 10.769230769178105] and parameters: {'k1': 0.00031510149123840285, 'D_low': 48.495138318533286, 'k2': 0.0001870742013766025, 'D_high': 10316.033434719713, 'fire_exp': 1.2680134752324452, 'P_half': 351.2704726270846, 'pre_dampen_half': 290.642121800538, 'gpp_af': 0.001339466259146302, 'gpp_b': 1.1008110571039521e-05, 'gpp_d': 300.3420512048734, 'ign_k': 5.766615111348428, 'ign_c': 186.11194462546783}.
[I 2026-08-05 23:13:31,864] Trial 200 finished with values: [10.733952979381167, 10.733952979381167] and parameters: {'k1': 0.00013783578294796384, 'D_low': 2.1234210963705626, 'k2': 4.763991596630584e-05, 'D_high': 39.323386421481615, 'fire_exp': 2.196935728020977, 'P_half': 2.157758652553991, 'pre_dampen_half': 76.86605275420082, 'gpp_af': 35.20481045526041, 'gpp_b': 0.10123867001105968, 'gpp_d': 34.37107943937136, 'ign_k': 0.4702627143647234, 'ign_c': 0.9294394155644988}.
[I 2026-08-05 23:13:33,053] Trial 201 finished with values: [10.76774810077143, 10.76774810077143] and parameters: {'k1': 0.00010906709195141875, 'D_low': 318.74227118134144, 'k2': 0.0010293072560417134, 'D_high': 1687.3495104568947, 'fire_exp': 4.557153230489669, 'P_half': 4.484744524732794, 'pre_dampen_half': 0.7915202694013532, 'gpp_af': 22.766850248686247, 'gpp_b': 0.6637926838138378, 'gpp_d': 891.8036602897795, 'ign_k': 3.7173717478250508, 'ign_c': 14.367095138664217}.
[I 2026-08-05 23:13:34,825] Trial 202 finished with values: [10.666052733247838, 10.666052733247838] and parameters: {'k1': 0.03232155805617897, 'D_low': 918.4900818511542, 'k2': 0.006138509947844854, 'D_high': 6455.595882939566, 'fire_exp': 2.2881850891698634, 'P_half': 14.94057723907974, 'pre_dampen_half': 111.37963167994629, 'gpp_af': 0.8942824595236101, 'gpp_b': 0.0025416076006960116, 'gpp_d': 368.30088529547436, 'ign_k': 0.04563289369649656, 'ign_c': 10.140635645866492}.
[I 2026-08-05 23:13:36,267] Trial 203 finished with values: [-0.5325486100439822, 0.7443571303202644] and parameters: {'k1': 0.00013783578294796384, 'D_low': 29.89885508829526, 'k2': 0.0007081721844034209, 'D_high': 9769.756791866093, 'fire_exp': 1.0881360604103363, 'P_half': 10.226988730324324, 'pre_dampen_half': 304.7488318185732, 'gpp_af': 29.925002022877802, 'gpp_b': 0.011750724729953272, 'gpp_d': 857.4284557962634, 'ign_k': 8.761971101023693, 'ign_c': 0.9294394155644988}.
[I 2026-08-05 23:13:37,727] Trial 204 finished with values: [10.447334577563726, 10.447334577563726] and parameters: {'k1': 3.252245757497282e-05, 'D_low': 98.57545621889057, 'k2': 0.006138509947844854, 'D_high': 8182.111518618414, 'fire_exp': 1.5201277403788451, 'P_half': 24.136213194527585, 'pre_dampen_half': 36.876350096203005, 'gpp_af': 0.47739011308437823, 'gpp_b': 0.0035057749039614167, 'gpp_d': 150.14555442537656, 'ign_k': 0.8826264591983531, 'ign_c': 0.1457050032975653}.
[I 2026-08-05 23:13:38,990] Trial 205 finished with values: [10.628251146831175, 10.628251146831175] and parameters: {'k1': 0.00324789183891923, 'D_low': 2.1234210963705626, 'k2': 0.02065142557895925, 'D_high': 8241.92526487646, 'fire_exp': 1.1044852285094786, 'P_half': 10.226988730324324, 'pre_dampen_half': 0.6199100007802261, 'gpp_af': 5.620854611217178, 'gpp_b': 0.00040586522768905076, 'gpp_d': 4.5768578731086835, 'ign_k': 0.006912296717033066, 'ign_c': 8.671454322584175}.
[I 2026-08-05 23:13:40,621] Trial 206 finished with values: [10.689342828909036, 10.689342828909036] and parameters: {'k1': 0.014666151770108535, 'D_low': 9.330007965781027, 'k2': 0.00011939136672856547, 'D_high': 9769.756791866093, 'fire_exp': 1.0473002272689056, 'P_half': 19.4230157499841, 'pre_dampen_half': 1.6130673726933187, 'gpp_af': 0.04339970334001348, 'gpp_b': 0.011750724729953272, 'gpp_d': 13.205186500450395, 'ign_k': 0.0026834162496848666, 'ign_c': 2.4287565087611744}.
[I 2026-08-05 23:13:42,018] Trial 207 finished with values: [10.751842983105997, 10.751842983105997] and parameters: {'k1': 0.025383218374507292, 'D_low': 18.522006003174383, 'k2': 4.763991596630584e-05, 'D_high': 48249.14281180252, 'fire_exp': 1.010722707674549, 'P_half': 608.3019192425825, 'pre_dampen_half': 107.40052367919465, 'gpp_af': 0.1114444027132275, 'gpp_b': 0.6637926838138378, 'gpp_d': 0.11136446029400991, 'ign_k': 0.03033111747878116, 'ign_c': 8.671454322584175}.
[I 2026-08-05 23:13:43,413] Trial 208 finished with values: [10.692448648566437, 10.692448648566437] and parameters: {'k1': 2.0937989739527727e-05, 'D_low': 1.2834648227562822, 'k2': 2.5461628161276896e-05, 'D_high': 233.52156626184438, 'fire_exp': 1.1670151053031461, 'P_half': 215.55950571043874, 'pre_dampen_half': 111.37963167994629, 'gpp_af': 11.234842109991876, 'gpp_b': 3.228689523591491e-05, 'gpp_d': 0.13223503889537183, 'ign_k': 0.3818468247973969, 'ign_c': 16.150602315370207}.
[I 2026-08-05 23:13:44,693] Trial 209 finished with values: [-0.5194809299960168, 0.8559088393626917] and parameters: {'k1': 0.002407354618388189, 'D_low': 1.4045842344024697, 'k2': 0.08894151386481904, 'D_high': 75773.14388518519, 'fire_exp': 1.182396148413737, 'P_half': 13.019246714361572, 'pre_dampen_half': 304.7488318185732, 'gpp_af': 0.04339970334001348, 'gpp_b': 7.402343469704428e-05, 'gpp_d': 5.878566318396007, 'ign_k': 0.04563289369649656, 'ign_c': 2.4287565087611744}.
[I 2026-08-05 23:13:46,024] Trial 210 finished with values: [10.648940421002408, 10.648940421002408] and parameters: {'k1': 3.252245757497282e-05, 'D_low': 2.1234210963705626, 'k2': 3.5917714215176105e-05, 'D_high': 8182.111518618414, 'fire_exp': 1.5201277403788451, 'P_half': 24.136213194527585, 'pre_dampen_half': 304.7488318185732, 'gpp_af': 0.6194713831445294, 'gpp_b': 0.003510201564752293, 'gpp_d': 340.229467527258, 'ign_k': 0.0027847738314446878, 'ign_c': 0.1457050032975653}.
[I 2026-08-05 23:13:47,341] Trial 211 finished with values: [10.524465193783751, 10.524465193783751] and parameters: {'k1': 0.0029707920514735983, 'D_low': 1112.9571947046009, 'k2': 0.0005552724374419548, 'D_high': 6366.1449945522045, 'fire_exp': 1.5201277403788451, 'P_half': 24.136213194527585, 'pre_dampen_half': 304.7488318185732, 'gpp_af': 0.47739011308437823, 'gpp_b': 3.481277316673104e-05, 'gpp_d': 150.14555442537656, 'ign_k': 0.03141110271934876, 'ign_c': 1.5061320080433496}.
[I 2026-08-05 23:13:48,703] Trial 212 finished with values: [10.214906551390651, 10.214906551390651] and parameters: {'k1': 0.00324789183891923, 'D_low': 2.1234210963705626, 'k2': 0.031211489608802344, 'D_high': 6455.595882939566, 'fire_exp': 1.1044852285094786, 'P_half': 215.55950571043874, 'pre_dampen_half': 111.37963167994629, 'gpp_af': 11.234842109991876, 'gpp_b': 0.00012797528816608022, 'gpp_d': 368.30088529547436, 'ign_k': 0.006912296717033066, 'ign_c': 8.671454322584175}.
[I 2026-08-05 23:13:50,112] Trial 213 finished with values: [10.768966067344577, 10.768966067344577] and parameters: {'k1': 7.841214856323651e-05, 'D_low': 918.4900818511542, 'k2': 0.08790311296857814, 'D_high': 6455.595882939566, 'fire_exp': 8.880824892701195, 'P_half': 2.157758652553991, 'pre_dampen_half': 65.77017096798056, 'gpp_af': 11.234842109991876, 'gpp_b': 0.003510201564752293, 'gpp_d': 34.37107943937136, 'ign_k': 0.11101191524846071, 'ign_c': 10.140635645866492}.
[I 2026-08-05 23:13:51,415] Trial 214 finished with values: [10.71045634788053, 10.71045634788053] and parameters: {'k1': 3.634567200581791e-05, 'D_low': 1.0883991813938128, 'k2': 0.031211489608802344, 'D_high': 85018.70149611714, 'fire_exp': 1.9095652801045373, 'P_half': 12.808863354047988, 'pre_dampen_half': 0.050654860639753524, 'gpp_af': 21.995805943313187, 'gpp_b': 0.00011783328148730701, 'gpp_d': 0.13223503889537183, 'ign_k': 0.7058572590901792, 'ign_c': 0.8891936446296247}.
[I 2026-08-05 23:13:52,633] Trial 215 finished with values: [10.54046111891536, 10.54046111891536] and parameters: {'k1': 0.00324789183891923, 'D_low': 29.89885508829526, 'k2': 0.0007081721844034209, 'D_high': 9769.756791866093, 'fire_exp': 1.151006986743773, 'P_half': 10.226988730324324, 'pre_dampen_half': 36.876350096203005, 'gpp_af': 29.925002022877802, 'gpp_b': 0.011750724729953272, 'gpp_d': 4.5768578731086835, 'ign_k': 0.0026834162496848666, 'ign_c': 6.160975294741436}.
[I 2026-08-05 23:13:53,899] Trial 216 finished with values: [10.589765544389431, 10.589765544389431] and parameters: {'k1': 7.841214856323651e-05, 'D_low': 29.89885508829526, 'k2': 1.831616544393272e-05, 'D_high': 1024.9816559563214, 'fire_exp': 1.0881360604103363, 'P_half': 10.226988730324324, 'pre_dampen_half': 36.876350096203005, 'gpp_af': 29.925002022877802, 'gpp_b': 0.011750724729953272, 'gpp_d': 2.736251365128462, 'ign_k': 8.761971101023693, 'ign_c': 6.160975294741436}.
[I 2026-08-05 23:13:55,149] Trial 217 finished with values: [10.229490143242066, 10.229490143242066] and parameters: {'k1': 0.03232155805617897, 'D_low': 4.051452710153359, 'k2': 0.006138509947844854, 'D_high': 6455.595882939566, 'fire_exp': 1.0881360604103363, 'P_half': 958.8659498594012, 'pre_dampen_half': 36.876350096203005, 'gpp_af': 29.700320404259642, 'gpp_b': 0.0035057749039614167, 'gpp_d': 857.4284557962634, 'ign_k': 0.8826264591983531, 'ign_c': 3.0378658251922155}.
[I 2026-08-05 23:13:56,334] Trial 218 finished with values: [10.768732537200766, 10.768732537200766] and parameters: {'k1': 2.0937989739527727e-05, 'D_low': 4.051452710153359, 'k2': 2.5461628161276896e-05, 'D_high': 7744.80118512745, 'fire_exp': 1.182396148413737, 'P_half': 4.397766894483963, 'pre_dampen_half': 304.7488318185732, 'gpp_af': 0.0025511964576171086, 'gpp_b': 0.6296968715955544, 'gpp_d': 857.4284557962634, 'ign_k': 0.03141110271934876, 'ign_c': 0.7724824966785973}.
[I 2026-08-05 23:13:57,510] Trial 219 finished with values: [10.570095510683954, 10.570095510683954] and parameters: {'k1': 3.252245757497282e-05, 'D_low': 50.217376233895635, 'k2': 3.5917714215176105e-05, 'D_high': 8182.111518618414, 'fire_exp': 1.5201277403788451, 'P_half': 24.136213194527585, 'pre_dampen_half': 304.7488318185732, 'gpp_af': 0.47739011308437823, 'gpp_b': 3.481277316673104e-05, 'gpp_d': 150.14555442537656, 'ign_k': 0.019192001101561888, 'ign_c': 0.1457050032975653}.
[I 2026-08-05 23:13:58,784] Trial 220 finished with values: [10.509254993066719, 10.509254993066719] and parameters: {'k1': 7.841214856323651e-05, 'D_low': 918.4900818511542, 'k2': 2.1698375693549493e-05, 'D_high': 6366.1449945522045, 'fire_exp': 1.1044852285094786, 'P_half': 215.55950571043874, 'pre_dampen_half': 111.37963167994629, 'gpp_af': 11.234842109991876, 'gpp_b': 0.0025416076006960116, 'gpp_d': 20.54051942538844, 'ign_k': 0.11101191524846071, 'ign_c': 10.140635645866492}.
[I 2026-08-05 23:13:59,939] Trial 221 finished with values: [10.76806768296258, 10.76806768296258] and parameters: {'k1': 0.0029707920514735983, 'D_low': 4.051452710153359, 'k2': 3.5917714215176105e-05, 'D_high': 1687.3495104568947, 'fire_exp': 1.010722707674549, 'P_half': 608.3019192425825, 'pre_dampen_half': 304.7488318185732, 'gpp_af': 0.0025511964576171086, 'gpp_b': 0.6637926838138378, 'gpp_d': 857.4284557962634, 'ign_k': 0.03141110271934876, 'ign_c': 3.0378658251922155}.
[I 2026-08-05 23:14:01,266] Trial 222 finished with values: [10.669271983598755, 10.669271983598755] and parameters: {'k1': 0.00324789183891923, 'D_low': 2.1234210963705626, 'k2': 0.031211489608802344, 'D_high': 10316.033434719713, 'fire_exp': 2.3782613909771353, 'P_half': 12.808863354047988, 'pre_dampen_half': 76.86605275420082, 'gpp_af': 5.511863475708366, 'gpp_b': 0.00012797528816608022, 'gpp_d': 1.105785410092522, 'ign_k': 0.0027847738314446878, 'ign_c': 8.671454322584175}.
[I 2026-08-05 23:14:02,496] Trial 223 finished with values: [-0.5467086141666275, 0.8551242179006667] and parameters: {'k1': 0.025383218374507292, 'D_low': 1.2299210465793122, 'k2': 0.00011939136672856547, 'D_high': 7744.80118512745, 'fire_exp': 1.010722707674549, 'P_half': 11.877073321543955, 'pre_dampen_half': 107.40052367919465, 'gpp_af': 0.5107061330406066, 'gpp_b': 3.228689523591491e-05, 'gpp_d': 891.8036602897795, 'ign_k': 0.34703605955441524, 'ign_c': 2.4287565087611744}.
[I 2026-08-05 23:14:03,887] Trial 224 finished with values: [10.761179373938585, 10.761179373938585] and parameters: {'k1': 0.03699867920489089, 'D_low': 2.1234210963705626, 'k2': 1.1184534120760473e-05, 'D_high': 8241.92526487646, 'fire_exp': 1.1670151053031461, 'P_half': 215.55950571043874, 'pre_dampen_half': 0.6199100007802261, 'gpp_af': 4.095062894476692, 'gpp_b': 0.0025416076006960116, 'gpp_d': 5.878566318396007, 'ign_k': 0.3818468247973969, 'ign_c': 34.19108473554449}.
