[I 2026-08-05 23:41:22,924] Trial 150 finished with values: [10.619911987126173, 10.619911987126173] and parameters: {'k1': 0.025383218374507292, 'D_low': 18.522006003174383, 'k2': 4.763991596630584e-05, 'D_high': 1687.3495104568947, 'fire_exp': 1.010722707674549, 'P_half': 608.3019192425825, 'pre_dampen_half': 14.689898077648792, 'gpp_af': 22.766850248686247, 'gpp_b': 0.6637926838138378, 'gpp_d': 309.22275645044783, 'ign_k': 3.7173717478250508, 'ign_c': 14.367095138664217}.
[I 2026-08-05 23:41:24,013] Trial 151 finished with values: [10.769230768838547, 10.769230768838547] and parameters: {'k1': 6.615437365561391e-05, 'D_low': 13.012518385211498, 'k2': 1.1184534120760473e-05, 'D_high': 57.90964233881214, 'fire_exp': 1.1044852285094786, 'P_half': 69.68111190775313, 'pre_dampen_half': 4.350163152436989, 'gpp_af': 92.21975850381763, 'gpp_b': 2.7719116797094715e-05, 'gpp_d': 28.312234265202243, 'ign_k': 7.537201787998428, 'ign_c': 157.63098727399432}.
[I 2026-08-05 23:41:25,119] Trial 152 finished with values: [10.761930241240876, 10.761930241240876] and parameters: {'k1': 4.739584301027366e-05, 'D_low': 1.4002277211577039, 'k2': 4.763991596630584e-05, 'D_high': 22.636544662054543, 'fire_exp': 1.3201882743050743, 'P_half': 69.68111190775313, 'pre_dampen_half': 2.292633983096564, 'gpp_af': 22.766850248686247, 'gpp_b': 0.6637926838138378, 'gpp_d': 891.8036602897795, 'ign_k': 0.18170401889219123, 'ign_c': 14.367095138664217}.
[I 2026-08-05 23:41:26,208] Trial 153 finished with values: [10.062397501889455, 10.062397501889455] and parameters: {'k1': 0.002971796631657383, 'D_low': 2.458603276328005, 'k2': 0.0007081721844034209, 'D_high': 9769.756791866093, 'fire_exp': 1.0881360604103363, 'P_half': 10.226988730324324, 'pre_dampen_half': 36.876350096203005, 'gpp_af': 35.20481045526041, 'gpp_b': 0.7987896438549947, 'gpp_d': 4.5768578731086835, 'ign_k': 0.0026834162496848666, 'ign_c': 6.160975294741436}.
[I 2026-08-05 23:41:27,313] Trial 154 finished with values: [10.759245940336694, 10.759245940336694] and parameters: {'k1': 0.016973078532467004, 'D_low': 125.32726386250698, 'k2': 1.831616544393272e-05, 'D_high': 27.55546207779663, 'fire_exp': 1.2943117749495199, 'P_half': 39.03214299767183, 'pre_dampen_half': 75.44632385121258, 'gpp_af': 21.258647437649888, 'gpp_b': 0.7987896438549947, 'gpp_d': 0.19476644406315288, 'ign_k': 0.0467351899956275, 'ign_c': 0.773448215664679}.
[I 2026-08-05 23:41:28,467] Trial 155 finished with values: [10.7636308744615, 10.7636308744615] and parameters: {'k1': 3.252245757497282e-05, 'D_low': 125.32726386250698, 'k2': 3.5917714215176105e-05, 'D_high': 8182.111518618414, 'fire_exp': 1.2943117749495199, 'P_half': 39.03214299767183, 'pre_dampen_half': 2.9046276683520458, 'gpp_af': 0.47739011308437823, 'gpp_b': 0.7987896438549947, 'gpp_d': 150.14555442537656, 'ign_k': 0.002011190979341457, 'ign_c': 0.1457050032975653}.
[I 2026-08-05 23:41:29,571] Trial 156 finished with values: [10.769230505398255, 10.769230505398255] and parameters: {'k1': 0.006117912981900519, 'D_low': 29.89885508829526, 'k2': 2.316457903103837e-05, 'D_high': 10427.291060979045, 'fire_exp': 2.8398070613229245, 'P_half': 2431.135510629241, 'pre_dampen_half': 4.187466509282843, 'gpp_af': 0.15988721385117122, 'gpp_b': 0.011750724729953272, 'gpp_d': 300.3420512048734, 'ign_k': 0.0026834162496848666, 'ign_c': 386.4218705871767}.
[I 2026-08-05 23:41:30,677] Trial 157 finished with values: [10.768321546015734, 10.768321546015734] and parameters: {'k1': 0.002971796631657383, 'D_low': 51.9967392387832, 'k2': 0.0007081721844034209, 'D_high': 400.9149428326862, 'fire_exp': 1.2680134752324452, 'P_half': 1627.0983114897251, 'pre_dampen_half': 0.37306104754535907, 'gpp_af': 29.925002022877802, 'gpp_b': 0.000832333943844274, 'gpp_d': 4.5768578731086835, 'ign_k': 0.0026834162496848666, 'ign_c': 298.123706972088}.
[I 2026-08-05 23:41:31,769] Trial 158 finished with values: [10.67360042960537, 10.67360042960537] and parameters: {'k1': 0.0017320535908244437, 'D_low': 4.051452710153359, 'k2': 1.1184534120760473e-05, 'D_high': 3660.150802571655, 'fire_exp': 1.1044852285094786, 'P_half': 22.4895428439145, 'pre_dampen_half': 1.4445251022763053, 'gpp_af': 0.028585493941961918, 'gpp_b': 8.539677611488478e-05, 'gpp_d': 5.878566318396007, 'ign_k': 0.005877005203443299, 'ign_c': 14.810800730363484}.
[I 2026-08-05 23:41:32,888] Trial 159 finished with values: [-0.4906952800453041, 0.09400773503663928] and parameters: {'k1': 0.03232155805617897, 'D_low': 175.2878790340412, 'k2': 0.006138509947844854, 'D_high': 6455.595882939566, 'fire_exp': 1.3614924220931135, 'P_half': 5.342106255632175, 'pre_dampen_half': 111.37963167994629, 'gpp_af': 11.234842109991876, 'gpp_b': 1.5938003265859821, 'gpp_d': 368.30088529547436, 'ign_k': 0.0035114452581286888, 'ign_c': 0.11433485956638717}.
[I 2026-08-05 23:41:34,026] Trial 160 finished with values: [10.76455764543297, 10.76455764543297] and parameters: {'k1': 0.021368329072358756, 'D_low': 2.1234210963705626, 'k2': 0.031211489608802344, 'D_high': 75773.14388518519, 'fire_exp': 1.151006986743773, 'P_half': 2799.899764723165, 'pre_dampen_half': 0.6199100007802261, 'gpp_af': 0.028585493941961918, 'gpp_b': 0.0024194895091734425, 'gpp_d': 5.878566318396007, 'ign_k': 0.01474275315991467, 'ign_c': 2.92043384718141}.
[I 2026-08-05 23:41:35,194] Trial 161 finished with values: [10.712237808695981, 10.712237808695981] and parameters: {'k1': 0.004579192310322934, 'D_low': 175.2878790340412, 'k2': 0.03210808548911189, 'D_high': 411.0848435021235, 'fire_exp': 1.3614924220931135, 'P_half': 1.3035590385085063, 'pre_dampen_half': 59.66041614891413, 'gpp_af': 0.5970408652384318, 'gpp_b': 0.015062722325200045, 'gpp_d': 0.1619054449471649, 'ign_k': 0.0035114452581286888, 'ign_c': 388.02797007866826}.
[I 2026-08-05 23:41:36,413] Trial 162 finished with values: [10.768011313962203, 10.768011313962203] and parameters: {'k1': 0.02714257255218683, 'D_low': 51.9967392387832, 'k2': 0.010080550999930625, 'D_high': 249.36660834465195, 'fire_exp': 1.2680134752324452, 'P_half': 4075.7883791361783, 'pre_dampen_half': 3.3594011166738142, 'gpp_af': 7.9319091138570625, 'gpp_b': 0.000832333943844274, 'gpp_d': 6.693694972526552, 'ign_k': 0.004431133722857619, 'ign_c': 392.8409513479224}.
[I 2026-08-05 23:41:37,534] Trial 163 finished with values: [10.769230768838547, 10.769230768838547] and parameters: {'k1': 0.0002656971546588439, 'D_low': 98.57545621889057, 'k2': 0.0026491056409715568, 'D_high': 6455.595882939566, 'fire_exp': 2.2881850891698634, 'P_half': 2431.135510629241, 'pre_dampen_half': 3.3594011166738142, 'gpp_af': 0.004339536161007625, 'gpp_b': 4.749990847441259, 'gpp_d': 0.6537496690081765, 'ign_k': 0.004937355303501836, 'ign_c': 386.4218705871767}.
[I 2026-08-05 23:41:38,720] Trial 164 finished with values: [10.726170748487533, 10.726170748487533] and parameters: {'k1': 0.004579192310322934, 'D_low': 1545.9002347088401, 'k2': 3.5917714215176105e-05, 'D_high': 7744.80118512745, 'fire_exp': 2.4685680709443356, 'P_half': 24.136213194527585, 'pre_dampen_half': 304.7488318185732, 'gpp_af': 0.005618069878716736, 'gpp_b': 3.395900933162749e-05, 'gpp_d': 0.09548041810464164, 'ign_k': 0.031134168041628628, 'ign_c': 3.0378658251922155}.
[I 2026-08-05 23:41:39,825] Trial 165 finished with values: [10.403791315030427, 10.403791315030427] and parameters: {'k1': 0.00012105387404469581, 'D_low': 2.458603276328005, 'k2': 3.5917714215176105e-05, 'D_high': 3660.150802571655, 'fire_exp': 1.5201277403788451, 'P_half': 39.03214299767183, 'pre_dampen_half': 703.6426675556048, 'gpp_af': 1.6595781802652418, 'gpp_b': 0.10123867001105968, 'gpp_d': 39.827466658711515, 'ign_k': 0.017654048052495083, 'ign_c': 14.810800730363484}.
[I 2026-08-05 23:41:40,900] Trial 166 finished with values: [10.237258930419948, 10.237258930419948] and parameters: {'k1': 0.0029707920514735983, 'D_low': 4.051452710153359, 'k2': 0.03210808548911189, 'D_high': 411.0848435021235, 'fire_exp': 1.3614924220931135, 'P_half': 93.34064019986363, 'pre_dampen_half': 304.7488318185732, 'gpp_af': 4.095062894476692, 'gpp_b': 0.0004837646996135023, 'gpp_d': 857.4284557962634, 'ign_k': 0.03141110271934876, 'ign_c': 3.0378658251922155}.
[I 2026-08-05 23:41:42,036] Trial 167 finished with values: [10.635459912667374, 10.635459912667374] and parameters: {'k1': 0.0016129739560722712, 'D_low': 2.458603276328005, 'k2': 0.03210808548911189, 'D_high': 411.0848435021235, 'fire_exp': 1.3614924220931135, 'P_half': 95.65499215943822, 'pre_dampen_half': 59.66041614891413, 'gpp_af': 35.20481045526041, 'gpp_b': 0.1676789742547917, 'gpp_d': 1.105785410092522, 'ign_k': 0.0035114452581286888, 'ign_c': 12.03017887115466}.
[I 2026-08-05 23:41:43,127] Trial 168 finished with values: [10.077296863285426, 10.077296863285426] and parameters: {'k1': 3.252245757497282e-05, 'D_low': 1112.9571947046009, 'k2': 3.5917714215176105e-05, 'D_high': 8182.111518618414, 'fire_exp': 1.1044852285094786, 'P_half': 215.55950571043874, 'pre_dampen_half': 111.37963167994629, 'gpp_af': 0.001339466259146302, 'gpp_b': 3.481277316673104e-05, 'gpp_d': 368.30088529547436, 'ign_k': 0.019192001101561888, 'ign_c': 10.140635645866492}.
[I 2026-08-05 23:41:44,250] Trial 169 finished with values: [10.769230768838547, 10.769230768838547] and parameters: {'k1': 0.0002656971546588439, 'D_low': 8832.039346746853, 'k2': 0.0004381141781653133, 'D_high': 42.13183643253958, 'fire_exp': 1.2943117749495199, 'P_half': 4.087300390305745, 'pre_dampen_half': 0.16974173693738634, 'gpp_af': 0.006359264168909611, 'gpp_b': 0.7987896438549947, 'gpp_d': 34.37107943937136, 'ign_k': 0.017654048052495083, 'ign_c': 386.4218705871767}.
[I 2026-08-05 23:41:45,383] Trial 170 finished with values: [10.518072968866415, 10.518072968866415] and parameters: {'k1': 0.021368329072358756, 'D_low': 730.952095351094, 'k2': 0.0001870742013766025, 'D_high': 411.0848435021235, 'fire_exp': 1.3614924220931135, 'P_half': 1.3035590385085063, 'pre_dampen_half': 59.66041614891413, 'gpp_af': 20.12115544906385, 'gpp_b': 1.1008110571039521e-05, 'gpp_d': 0.11609694921678075, 'ign_k': 0.0467351899956275, 'ign_c': 0.773448215664679}.
[I 2026-08-05 23:41:46,484] Trial 171 finished with values: [10.731003217539133, 10.731003217539133] and parameters: {'k1': 0.0026651167490553537, 'D_low': 432.21095215763245, 'k2': 2.5461628161276896e-05, 'D_high': 4508.240502480678, 'fire_exp': 1.0117229084672894, 'P_half': 4.397766894483963, 'pre_dampen_half': 5.542030950268268, 'gpp_af': 2.8805537835688413, 'gpp_b': 5.9297350775555, 'gpp_d': 368.30088529547436, 'ign_k': 0.7058572590901792, 'ign_c': 10.140635645866492}.
[I 2026-08-05 23:41:47,586] Trial 172 finished with values: [-0.5350758053940987, 0.1802163025738549] and parameters: {'k1': 2.0937989739527727e-05, 'D_low': 1.2834648227562822, 'k2': 2.5461628161276896e-05, 'D_high': 233.52156626184438, 'fire_exp': 1.182396148413737, 'P_half': 4.397766894483963, 'pre_dampen_half': 703.6426675556048, 'gpp_af': 0.0025511964576171086, 'gpp_b': 3.228689523591491e-05, 'gpp_d': 0.13223503889537183, 'ign_k': 0.03141110271934876, 'ign_c': 0.7724824966785973}.
[I 2026-08-05 23:41:48,674] Trial 173 finished with values: [10.768933898698707, 10.768933898698707] and parameters: {'k1': 0.04897760278488444, 'D_low': 2.458603276328005, 'k2': 8.400384914559786e-05, 'D_high': 4870.47114134165, 'fire_exp': 1.2943117749495199, 'P_half': 39.03214299767183, 'pre_dampen_half': 703.6426675556048, 'gpp_af': 35.20481045526041, 'gpp_b': 0.7987896438549947, 'gpp_d': 0.012547369537891036, 'ign_k': 0.017654048052495083, 'ign_c': 47.268615251255675}.
[I 2026-08-05 23:41:49,860] Trial 174 finished with values: [10.768771979479741, 10.768771979479741] and parameters: {'k1': 0.01783192664937594, 'D_low': 6151.688122361408, 'k2': 0.08790311296857814, 'D_high': 10316.033434719713, 'fire_exp': 2.3782613909771353, 'P_half': 2.157758652553991, 'pre_dampen_half': 76.86605275420082, 'gpp_af': 0.6194713831445294, 'gpp_b': 0.003510201564752293, 'gpp_d': 340.229467527258, 'ign_k': 0.0027847738314446878, 'ign_c': 9.34330265731847}.
[I 2026-08-05 23:41:50,966] Trial 175 finished with values: [10.449866674004243, 10.449866674004243] and parameters: {'k1': 3.252245757497282e-05, 'D_low': 4.051452710153359, 'k2': 3.5917714215176105e-05, 'D_high': 9769.756791866093, 'fire_exp': 1.0881360604103363, 'P_half': 24.136213194527585, 'pre_dampen_half': 53.73093479067421, 'gpp_af': 0.2343193755572473, 'gpp_b': 0.011750724729953272, 'gpp_d': 0.07271087249685712, 'ign_k': 0.0026834162496848666, 'ign_c': 0.1457050032975653}.
[I 2026-08-05 23:41:52,071] Trial 176 finished with values: [10.769212000169436, 10.769212000169436] and parameters: {'k1': 0.014344484793173472, 'D_low': 894.5150807271528, 'k2': 0.0016497426799845453, 'D_high': 2798.2272717049286, 'fire_exp': 1.1044852285094786, 'P_half': 125.61043700013555, 'pre_dampen_half': 1.4445251022763053, 'gpp_af': 0.003315453261146913, 'gpp_b': 0.6302262847075769, 'gpp_d': 5.878566318396007, 'ign_k': 0.01474275315991467, 'ign_c': 19.19168994439752}.
[I 2026-08-05 23:41:53,208] Trial 177 finished with values: [10.62508342706339, 10.62508342706339] and parameters: {'k1': 2.0937989739527727e-05, 'D_low': 9.330007965781027, 'k2': 0.02065142557895925, 'D_high': 949.9072859745386, 'fire_exp': 1.0473002272689056, 'P_half': 63.585411411994926, 'pre_dampen_half': 1.6130673726933187, 'gpp_af': 0.04339970334001348, 'gpp_b': 2.800940363375676e-05, 'gpp_d': 0.03848886303127135, 'ign_k': 0.0037322156377670697, 'ign_c': 0.6235377135673155}.
[I 2026-08-05 23:41:54,395] Trial 178 finished with values: [10.232144820413373, 10.232144820413373] and parameters: {'k1': 0.03232155805617897, 'D_low': 918.4900818511542, 'k2': 0.031211489608802344, 'D_high': 8241.92526487646, 'fire_exp': 2.2881850891698634, 'P_half': 12.808863354047988, 'pre_dampen_half': 111.37963167994629, 'gpp_af': 5.511863475708366, 'gpp_b': 0.00011783328148730701, 'gpp_d': 368.30088529547436, 'ign_k': 0.03033111747878116, 'ign_c': 8.671454322584175}.
[I 2026-08-05 23:41:55,530] Trial 179 finished with values: [10.706516480925673, 10.706516480925673] and parameters: {'k1': 0.02714257255218683, 'D_low': 918.4900818511542, 'k2': 1.1184534120760473e-05, 'D_high': 6455.595882939566, 'fire_exp': 1.1044852285094786, 'P_half': 215.55950571043874, 'pre_dampen_half': 3.3594011166738142, 'gpp_af': 13.560863064135962, 'gpp_b': 0.0025416076006960116, 'gpp_d': 368.30088529547436, 'ign_k': 0.03604182012888638, 'ign_c': 10.140635645866492}.
[I 2026-08-05 23:41:56,698] Trial 180 finished with values: [10.803706539284674, 10.803706539284674] and parameters: {'k1': 0.0029707920514735983, 'D_low': 9.330007965781027, 'k2': 0.00011939136672856547, 'D_high': 7744.80118512745, 'fire_exp': 1.182396148413737, 'P_half': 19.4230157499841, 'pre_dampen_half': 304.7488318185732, 'gpp_af': 0.04339970334001348, 'gpp_b': 3.228689523591491e-05, 'gpp_d': 0.03848886303127135, 'ign_k': 0.03141110271934876, 'ign_c': 2.4287565087611744}.
[I 2026-08-05 23:41:57,835] Trial 181 finished with values: [10.39704736039695, 10.39704736039695] and parameters: {'k1': 0.014666151770108535, 'D_low': 9.330007965781027, 'k2': 0.00011939136672856547, 'D_high': 949.9072859745386, 'fire_exp': 1.0473002272689056, 'P_half': 408.3047491580097, 'pre_dampen_half': 36.876350096203005, 'gpp_af': 0.04339970334001348, 'gpp_b': 0.011750724729953272, 'gpp_d': 4.5768578731086835, 'ign_k': 0.0026834162496848666, 'ign_c': 2.4287565087611744}.
[I 2026-08-05 23:41:58,972] Trial 182 finished with values: [10.768119004772924, 10.768119004772924] and parameters: {'k1': 0.002971796631657383, 'D_low': 13.012518385211498, 'k2': 0.0007081721844034209, 'D_high': 22.636544662054543, 'fire_exp': 1.0881360604103363, 'P_half': 8.968733598183245, 'pre_dampen_half': 0.031420056654638935, 'gpp_af': 29.925002022877802, 'gpp_b': 0.011750724729953272, 'gpp_d': 28.312234265202243, 'ign_k': 0.0026834162496848666, 'ign_c': 298.123706972088}.
[I 2026-08-05 23:42:00,172] Trial 183 finished with values: [10.768927525411488, 10.768927525411488] and parameters: {'k1': 2.0937989739527727e-05, 'D_low': 125.32726386250698, 'k2': 0.0004381141781653133, 'D_high': 6366.1449945522045, 'fire_exp': 1.182396148413737, 'P_half': 1938.3858782150498, 'pre_dampen_half': 0.1643845340580847, 'gpp_af': 0.0025511964576171086, 'gpp_b': 3.228689523591491e-05, 'gpp_d': 0.19476644406315288, 'ign_k': 0.03141110271934876, 'ign_c': 47.268615251255675}.
[I 2026-08-05 23:42:01,324] Trial 184 finished with values: [10.451807079430575, 10.451807079430575] and parameters: {'k1': 0.00023134781612225627, 'D_low': 2.843767489444367, 'k2': 0.0499774937030317, 'D_high': 32311.521854410956, 'fire_exp': 1.3614924220931135, 'P_half': 436.4516946807792, 'pre_dampen_half': 121.93011993958949, 'gpp_af': 0.5970408652384318, 'gpp_b': 0.1676789742547917, 'gpp_d': 40.863415094409035, 'ign_k': 0.002357279455676982, 'ign_c': 0.11433485956638717}.
[I 2026-08-05 23:42:02,478] Trial 185 finished with values: [10.768991849875992, 10.768991849875992] and parameters: {'k1': 0.00016536937182824412, 'D_low': 2647.194625525941, 'k2': 2.5461628161276896e-05, 'D_high': 4508.240502480678, 'fire_exp': 1.0117229084672894, 'P_half': 4.397766894483963, 'pre_dampen_half': 0.014857392806279237, 'gpp_af': 2.8805537835688413, 'gpp_b': 0.9578978255503134, 'gpp_d': 20.54051942538844, 'ign_k': 0.017654048052495083, 'ign_c': 12.03017887115466}.
[I 2026-08-05 23:42:03,633] Trial 186 finished with values: [-0.5828106095428934, 0.03678836417920728] and parameters: {'k1': 0.015602015889668856, 'D_low': 4.051452710153359, 'k2': 0.00038791280730284417, 'D_high': 85018.70149611714, 'fire_exp': 1.5201277403788451, 'P_half': 39.03214299767183, 'pre_dampen_half': 703.6426675556048, 'gpp_af': 35.20481045526041, 'gpp_b': 0.10123867001105968, 'gpp_d': 34.37107943937136, 'ign_k': 0.4702627143647234, 'ign_c': 14.810800730363484}.
[I 2026-08-05 23:42:04,769] Trial 187 finished with values: [10.768122417823403, 10.768122417823403] and parameters: {'k1': 3.252245757497282e-05, 'D_low': 1112.9571947046009, 'k2': 3.5917714215176105e-05, 'D_high': 8182.111518618414, 'fire_exp': 1.182396148413737, 'P_half': 24.136213194527585, 'pre_dampen_half': 0.11408801789211462, 'gpp_af': 0.0025511964576171086, 'gpp_b': 3.481277316673104e-05, 'gpp_d': 150.14555442537656, 'ign_k': 0.019192001101561888, 'ign_c': 52.04862686958018}.
[I 2026-08-05 23:42:05,969] Trial 188 finished with values: [10.686753414788408, 10.686753414788408] and parameters: {'k1': 0.021368329072358756, 'D_low': 7.068974950624602, 'k2': 1.1184534120760473e-05, 'D_high': 411.0848435021235, 'fire_exp': 1.1044852285094786, 'P_half': 125.61043700013555, 'pre_dampen_half': 1.4445251022763053, 'gpp_af': 0.010590622233713298, 'gpp_b': 2.7719116797094715e-05, 'gpp_d': 0.013230608911548413, 'ign_k': 0.014879588507790004, 'ign_c': 2.92043384718141}.
[I 2026-08-05 23:42:07,059] Trial 189 finished with values: [10.53100214534778, 10.53100214534778] and parameters: {'k1': 0.016973078532467004, 'D_low': 29.89885508829526, 'k2': 0.0007081721844034209, 'D_high': 9769.756791866093, 'fire_exp': 1.3614924220931135, 'P_half': 10.226988730324324, 'pre_dampen_half': 303.1650219733388, 'gpp_af': 29.925002022877802, 'gpp_b': 4.038332634638232, 'gpp_d': 4.5768578731086835, 'ign_k': 0.0026834162496848666, 'ign_c': 0.11433485956638717}.
[I 2026-08-05 23:42:08,180] Trial 190 finished with values: [10.75347244220511, 10.75347244220511] and parameters: {'k1': 0.025383218374507292, 'D_low': 18.522006003174383, 'k2': 0.010080550999930625, 'D_high': 1687.3495104568947, 'fire_exp': 1.2680134752324452, 'P_half': 351.2704726270846, 'pre_dampen_half': 0.37306104754535907, 'gpp_af': 13.560863064135962, 'gpp_b': 0.000832333943844274, 'gpp_d': 300.3420512048734, 'ign_k': 0.04380580767905655, 'ign_c': 0.11049703024154134}.
[I 2026-08-05 23:42:09,380] Trial 191 finished with values: [10.769230768838547, 10.769230768838547] and parameters: {'k1': 1.1102341430568339e-05, 'D_low': 918.4900818511542, 'k2': 0.0016497426799845453, 'D_high': 43033.06161410616, 'fire_exp': 2.2881850891698634, 'P_half': 395.22208819061166, 'pre_dampen_half': 0.6023700815747873, 'gpp_af': 11.234842109991876, 'gpp_b': 5.9297350775555, 'gpp_d': 0.03805074835058821, 'ign_k': 0.0015276032303600073, 'ign_c': 0.11272174259951144}.
[I 2026-08-05 23:42:10,519] Trial 192 finished with values: [10.761380654636545, 10.761380654636545] and parameters: {'k1': 0.02714257255218683, 'D_low': 1.0883991813938128, 'k2': 2.5461628161276896e-05, 'D_high': 10427.291060979045, 'fire_exp': 1.0117229084672894, 'P_half': 4.397766894483963, 'pre_dampen_half': 0.6023700815747873, 'gpp_af': 2.8805537835688413, 'gpp_b': 0.08161454372835547, 'gpp_d': 0.13223503889537183, 'ign_k': 0.7058572590901792, 'ign_c': 0.8891936446296247}.
[I 2026-08-05 23:42:11,720] Trial 193 finished with values: [10.711977855642502, 10.711977855642502] and parameters: {'k1': 0.03232155805617897, 'D_low': 4.075267974954964, 'k2': 0.006138509947844854, 'D_high': 27.55546207779663, 'fire_exp': 1.6901885781909627, 'P_half': 5.342106255632175, 'pre_dampen_half': 111.37963167994629, 'gpp_af': 20.12115544906385, 'gpp_b': 1.1008110571039521e-05, 'gpp_d': 0.026763484380985716, 'ign_k': 0.0067849245190831405, 'ign_c': 0.773448215664679}.
[I 2026-08-05 23:42:12,858] Trial 194 finished with values: [-0.45526278148814914, 0.17852263824262848] and parameters: {'k1': 0.00023134781612225627, 'D_low': 918.4900818511542, 'k2': 1.1184534120760473e-05, 'D_high': 32311.521854410956, 'fire_exp': 1.1044852285094786, 'P_half': 436.4516946807792, 'pre_dampen_half': 121.93011993958949, 'gpp_af': 13.560863064135962, 'gpp_b': 1.4427571100855582e-05, 'gpp_d': 368.30088529547436, 'ign_k': 0.002357279455676982, 'ign_c': 0.11433485956638717}.
