[I 2026-08-06 10:16:17,608] Trial 273 finished with values: [10.768542504918983, 10.768542504918983] and parameters: {'k1': 0.008912611835817005, 'D_low': 7.46475488144212, 'k2': 0.03538758864779238, 'D_high': 63233.81951066786, 'fire_exp': 1.3170256885255098, 'P_half': 5.076307782729897, 'pre_dampen_half': 63.6685916079943, 'gpp_af': 0.6403036652671171, 'gpp_b': 3.481277316673104e-05, 'gpp_d': 2.944272359149677, 'ign_k': 0.21006485619596416, 'ign_c': 48.704711413416454, 'trop_agb_crit': 7.599113148200974, 'trop_k_veg': 3.1473758868965476}.
[I 2026-08-06 10:16:18,748] Trial 274 finished with values: [10.435903040184794, 10.435903040184794] and parameters: {'k1': 0.004312951023617458, 'D_low': 1683.621997588799, 'k2': 8.923807143379776e-05, 'D_high': 8182.111518618414, 'fire_exp': 1.0629462657398439, 'P_half': 4.213183643253957, 'pre_dampen_half': 38.00678588560607, 'gpp_af': 56.20900787064881, 'gpp_b': 1.4540386644083135e-05, 'gpp_d': 0.12878367369717508, 'ign_k': 0.0680787482656459, 'ign_c': 0.557280750002996, 'trop_agb_crit': 1.0693376406863295, 'trop_k_veg': 0.6673124511410327}.
[I 2026-08-06 10:16:19,856] Trial 275 finished with values: [-0.46337237338255044, 0.1550980551570862] and parameters: {'k1': 2.316457903103837e-05, 'D_low': 1397.5908789482219, 'k2': 0.014344484793173472, 'D_high': 1578.0309954142967, 'fire_exp': 1.0601964743503993, 'P_half': 4.213183643253957, 'pre_dampen_half': 8.594202650742222, 'gpp_af': 5.335773317316405, 'gpp_b': 7.210246166617508e-05, 'gpp_d': 84.31013932082456, 'ign_k': 0.00840038491455979, 'ign_c': 2.8335389417624683, 'trop_agb_crit': 8.997007571451054, 'trop_k_veg': 3.49157152291552}.
[I 2026-08-06 10:16:21,062] Trial 276 finished with values: [10.769230768838547, 10.769230768838547] and parameters: {'k1': 0.002367935204022389, 'D_low': 4.484744524732794, 'k2': 0.003767022142229395, 'D_high': 63233.81951066786, 'fire_exp': 1.0629462657398439, 'P_half': 14.281536924924877, 'pre_dampen_half': 8.594202650742222, 'gpp_af': 1.9706963379095486, 'gpp_b': 0.14577755664212386, 'gpp_d': 0.043441170039664925, 'ign_k': 0.6161423618045312, 'ign_c': 48.704711413416454, 'trop_agb_crit': 24.584290528289387, 'trop_k_veg': 6.2065960186008615}.
[I 2026-08-06 10:16:22,219] Trial 277 finished with values: [10.702829072742366, 10.702829072742366] and parameters: {'k1': 0.00488137519160367, 'D_low': 2.143851363193517, 'k2': 0.014344484793173472, 'D_high': 21.947742689197344, 'fire_exp': 1.1430983876313219, 'P_half': 712.8188058401365, 'pre_dampen_half': 10.129197956845726, 'gpp_af': 0.6403036652671171, 'gpp_b': 3.481277316673104e-05, 'gpp_d': 150.14555442537656, 'ign_k': 0.019192001101561888, 'ign_c': 0.70689749506246, 'trop_agb_crit': 1.0455434848969813, 'trop_k_veg': 2.4336356947036335}.
[I 2026-08-06 10:16:23,392] Trial 278 finished with values: [10.069317902528178, 10.069317902528178] and parameters: {'k1': 0.004312951023617458, 'D_low': 4.484744524732794, 'k2': 1.915468390724633e-05, 'D_high': 3712.591045287726, 'fire_exp': 1.0629462657398439, 'P_half': 220.3445560633069, 'pre_dampen_half': 39.827466658711515, 'gpp_af': 0.7539992074650279, 'gpp_b': 3.43926796010005e-05, 'gpp_d': 16.460426816350523, 'ign_k': 0.010167079878196114, 'ign_c': 2.414259639010457, 'trop_agb_crit': 24.584290528289387, 'trop_k_veg': 6.2065960186008615}.
[I 2026-08-06 10:16:24,532] Trial 279 finished with values: [10.764431861421905, 10.764431861421905] and parameters: {'k1': 0.00488137519160367, 'D_low': 2.143851363193517, 'k2': 0.0003432139136241583, 'D_high': 8182.111518618414, 'fire_exp': 2.61565689708108, 'P_half': 220.3445560633069, 'pre_dampen_half': 10.129197956845726, 'gpp_af': 1.6059727222314273, 'gpp_b': 0.14577755664212386, 'gpp_d': 150.14555442537656, 'ign_k': 0.0036065195493704487, 'ign_c': 1.9580595319750387, 'trop_agb_crit': 7.628718523810018, 'trop_k_veg': 2.573214588078609}.
[I 2026-08-06 10:16:25,719] Trial 280 finished with values: [10.657118787278227, 10.657118787278227] and parameters: {'k1': 5.153993511603138e-05, 'D_low': 12.105387404469584, 'k2': 0.032845299795769424, 'D_high': 8182.111518618414, 'fire_exp': 1.0601964743503993, 'P_half': 4.213183643253957, 'pre_dampen_half': 502.5175192217655, 'gpp_af': 0.7539992074650279, 'gpp_b': 3.481277316673104e-05, 'gpp_d': 0.043441170039664925, 'ign_k': 0.0680787482656459, 'ign_c': 0.557280750002996, 'trop_agb_crit': 24.584290528289387, 'trop_k_veg': 0.6673124511410327}.
[I 2026-08-06 10:16:26,905] Trial 281 finished with values: [11.095337552220421, 11.095337552220421] and parameters: {'k1': 0.008471801418819975, 'D_low': 64.39790863101601, 'k2': 7.914423612155373e-05, 'D_high': 42.070539502879384, 'fire_exp': 1.0629462657398439, 'P_half': 220.3445560633069, 'pre_dampen_half': 502.5175192217655, 'gpp_af': 0.7539992074650279, 'gpp_b': 1.3289448722869181e-05, 'gpp_d': 16.460426816350523, 'ign_k': 2.1368329072358767, 'ign_c': 0.70689749506246, 'trop_agb_crit': 1.0455434848969813, 'trop_k_veg': 0.83140195149031}.
[I 2026-08-06 10:16:28,077] Trial 282 finished with values: [10.622583862679539, 10.622583862679539] and parameters: {'k1': 0.008912611835817005, 'D_low': 12.105387404469584, 'k2': 1.1065812688893481e-05, 'D_high': 5670.3463356272905, 'fire_exp': 1.3170256885255098, 'P_half': 4.213183643253957, 'pre_dampen_half': 502.5175192217655, 'gpp_af': 0.6403036652671171, 'gpp_b': 1.4868114807380364, 'gpp_d': 1.493264336549928, 'ign_k': 0.0680787482656459, 'ign_c': 0.557280750002996, 'trop_agb_crit': 7.500118950416987, 'trop_k_veg': 0.6673124511410327}.
[I 2026-08-06 10:16:29,267] Trial 283 finished with values: [-0.5272251277118982, 0.13947666103323086] and parameters: {'k1': 0.004312951023617458, 'D_low': 4.484744524732794, 'k2': 1.915468390724633e-05, 'D_high': 3712.591045287726, 'fire_exp': 1.0629462657398439, 'P_half': 220.3445560633069, 'pre_dampen_half': 502.5175192217655, 'gpp_af': 0.7539992074650279, 'gpp_b': 0.0021331409710300844, 'gpp_d': 16.460426816350523, 'ign_k': 0.0680787482656459, 'ign_c': 15.221840161091626, 'trop_agb_crit': 1.0903028125370984, 'trop_k_veg': 1.4584243470991722}.
[I 2026-08-06 10:16:30,423] Trial 284 finished with values: [10.938203987511388, 10.938203987511388] and parameters: {'k1': 0.008912611835817005, 'D_low': 70.18267183720735, 'k2': 0.003767022142229395, 'D_high': 60107.420288647554, 'fire_exp': 1.0601964743503993, 'P_half': 4.213183643253957, 'pre_dampen_half': 63.6685916079943, 'gpp_af': 0.6403036652671171, 'gpp_b': 0.0005739662837359252, 'gpp_d': 84.31013932082456, 'ign_k': 0.21006485619596416, 'ign_c': 11.400863701127316, 'trop_agb_crit': 1.0693376406863295, 'trop_k_veg': 0.6673124511410327}.
[I 2026-08-06 10:16:31,594] Trial 285 finished with values: [11.264173885105391, 11.264173885105391] and parameters: {'k1': 0.004312951023617458, 'D_low': 38.82837025280678, 'k2': 8.923807143379776e-05, 'D_high': 3712.591045287726, 'fire_exp': 1.0629462657398439, 'P_half': 220.3445560633069, 'pre_dampen_half': 502.5175192217655, 'gpp_af': 0.7539992074650279, 'gpp_b': 3.481277316673104e-05, 'gpp_d': 150.14555442537656, 'ign_k': 0.0680787482656459, 'ign_c': 0.557280750002996, 'trop_agb_crit': 1.14876138417489, 'trop_k_veg': 0.6673124511410327}.
[I 2026-08-06 10:16:32,795] Trial 286 finished with values: [10.308911928376494, 10.308911928376494] and parameters: {'k1': 0.00488137519160367, 'D_low': 3.525936800597896, 'k2': 8.923807143379776e-05, 'D_high': 63233.81951066786, 'fire_exp': 1.423480109671474, 'P_half': 221.2683656611821, 'pre_dampen_half': 8.594202650742222, 'gpp_af': 1.9706963379095486, 'gpp_b': 3.481277316673104e-05, 'gpp_d': 150.14555442537656, 'ign_k': 0.01364908766641695, 'ign_c': 7.4063809263110905, 'trop_agb_crit': 10.691477813613638, 'trop_k_veg': 1.0594599158279707}.
[I 2026-08-06 10:16:34,079] Trial 287 finished with values: [10.429749009867395, 10.429749009867395] and parameters: {'k1': 0.012840669372724958, 'D_low': 284.21405887320833, 'k2': 0.003101429427212743, 'D_high': 45914.852167405326, 'fire_exp': 1.0601964743503993, 'P_half': 140.74279366401683, 'pre_dampen_half': 3.0023172465753074, 'gpp_af': 1.9706963379095486, 'gpp_b': 1.4540386644083135e-05, 'gpp_d': 0.12878367369717508, 'ign_k': 0.01364908766641695, 'ign_c': 0.557280750002996, 'trop_agb_crit': 1.0693376406863295, 'trop_k_veg': 1.0594599158279707}.
[I 2026-08-06 10:16:35,410] Trial 288 finished with values: [10.768863219261858, 10.768863219261858] and parameters: {'k1': 0.03635503353478365, 'D_low': 2.143851363193517, 'k2': 7.914423612155373e-05, 'D_high': 2940.51756322311, 'fire_exp': 1.4690410989404576, 'P_half': 9218.802364707573, 'pre_dampen_half': 10.129197956845726, 'gpp_af': 0.7539992074650279, 'gpp_b': 0.0005752434266899163, 'gpp_d': 660.9129108295722, 'ign_k': 8.708806168038567, 'ign_c': 20.03995359361212, 'trop_agb_crit': 3.5747129226002423, 'trop_k_veg': 6.9782110227926815}.
[I 2026-08-06 10:16:36,872] Trial 289 finished with values: [10.683929101798462, 10.683929101798462] and parameters: {'k1': 3.23559867820537e-05, 'D_low': 8.446694862290624, 'k2': 1.915468390724633e-05, 'D_high': 3712.591045287726, 'fire_exp': 1.695318866910499, 'P_half': 220.3445560633069, 'pre_dampen_half': 552.4163637315892, 'gpp_af': 0.7539992074650279, 'gpp_b': 0.14577755664212386, 'gpp_d': 5.1715677287580455, 'ign_k': 0.010167079878196114, 'ign_c': 15.221840161091626, 'trop_agb_crit': 24.584290528289387, 'trop_k_veg': 6.2065960186008615}.
[I 2026-08-06 10:16:38,201] Trial 290 finished with values: [10.488162131679264, 10.488162131679264] and parameters: {'k1': 0.004053638704742309, 'D_low': 7.890004262668578, 'k2': 1.8205657658407255e-05, 'D_high': 42210.21267871043, 'fire_exp': 1.0629462657398439, 'P_half': 93.43302657318476, 'pre_dampen_half': 17.707795393478506, 'gpp_af': 0.2204465010099918, 'gpp_b': 0.12746711578215045, 'gpp_d': 6.792399189485706, 'ign_k': 0.0029519227433917453, 'ign_c': 2.957080941494347, 'trop_agb_crit': 2.4645410377327237, 'trop_k_veg': 0.983473833513531}.
[I 2026-08-06 10:16:39,374] Trial 291 finished with values: [-0.5094614012453565, 0.11481392246516997] and parameters: {'k1': 0.004312951023617458, 'D_low': 4.484744524732794, 'k2': 1.8205657658407255e-05, 'D_high': 21.947742689197344, 'fire_exp': 1.1263716762638152, 'P_half': 220.3445560633069, 'pre_dampen_half': 502.5175192217655, 'gpp_af': 0.7539992074650279, 'gpp_b': 0.0021331409710300844, 'gpp_d': 16.460426816350523, 'ign_k': 0.0680787482656459, 'ign_c': 15.221840161091626, 'trop_agb_crit': 1.0903028125370984, 'trop_k_veg': 0.983473833513531}.
[I 2026-08-06 10:16:40,504] Trial 292 finished with values: [10.26578278734797, 10.26578278734797] and parameters: {'k1': 0.006642027816373391, 'D_low': 355.00125258511594, 'k2': 0.03538758864779238, 'D_high': 3712.591045287726, 'fire_exp': 1.221575427404682, 'P_half': 140.74279366401683, 'pre_dampen_half': 8.594202650742222, 'gpp_af': 0.7539992074650279, 'gpp_b': 7.210246166617508e-05, 'gpp_d': 5.1715677287580455, 'ign_k': 0.01364908766641695, 'ign_c': 2.8335389417624683, 'trop_agb_crit': 24.584290528289387, 'trop_k_veg': 0.6743482387129308}.
[I 2026-08-06 10:16:41,605] Trial 293 finished with values: [10.60865953455517, 10.60865953455517] and parameters: {'k1': 0.004312951023617458, 'D_low': 4.484744524732794, 'k2': 1.915468390724633e-05, 'D_high': 3712.591045287726, 'fire_exp': 1.0629462657398439, 'P_half': 54.37591736923918, 'pre_dampen_half': 5.048653998722947, 'gpp_af': 1.200191344086032, 'gpp_b': 0.14577755664212386, 'gpp_d': 757.2868182332339, 'ign_k': 0.010167079878196114, 'ign_c': 1.9580595319750387, 'trop_agb_crit': 24.584290528289387, 'trop_k_veg': 1.0345878666211452}.
[I 2026-08-06 10:16:42,751] Trial 294 finished with values: [10.286999871969968, 10.286999871969968] and parameters: {'k1': 0.012840669372724958, 'D_low': 7.890004262668578, 'k2': 0.007058572590901788, 'D_high': 42210.21267871043, 'fire_exp': 2.1154350616377124, 'P_half': 93.43302657318476, 'pre_dampen_half': 17.707795393478506, 'gpp_af': 0.2204465010099918, 'gpp_b': 2.176805640408474e-05, 'gpp_d': 6.792399189485706, 'ign_k': 5.901020135452, 'ign_c': 2.957080941494347, 'trop_agb_crit': 2.4645410377327237, 'trop_k_veg': 0.983473833513531}.
[I 2026-08-06 10:16:43,890] Trial 295 finished with values: [-0.48155135853537745, 0.14050302800168524] and parameters: {'k1': 0.004312951023617458, 'D_low': 4.484744524732794, 'k2': 1.915468390724633e-05, 'D_high': 3712.591045287726, 'fire_exp': 1.0629462657398439, 'P_half': 220.3445560633069, 'pre_dampen_half': 552.4163637315892, 'gpp_af': 0.7539992074650279, 'gpp_b': 0.07904599925873733, 'gpp_d': 16.460426816350523, 'ign_k': 0.010167079878196114, 'ign_c': 15.221840161091626, 'trop_agb_crit': 7.901343398678964, 'trop_k_veg': 1.4584243470991722}.
[I 2026-08-06 10:16:45,062] Trial 296 finished with values: [10.433056159361072, 10.433056159361072] and parameters: {'k1': 0.05705198955850472, 'D_low': 12.105387404469584, 'k2': 8.923807143379776e-05, 'D_high': 1123.9682517242118, 'fire_exp': 1.3170256885255098, 'P_half': 4.213183643253957, 'pre_dampen_half': 14.711215379121963, 'gpp_af': 1.9706963379095486, 'gpp_b': 1.4540386644083135e-05, 'gpp_d': 0.12878367369717508, 'ign_k': 0.21006485619596416, 'ign_c': 0.557280750002996, 'trop_agb_crit': 7.500118950416987, 'trop_k_veg': 0.6673124511410327}.
[I 2026-08-06 10:16:46,154] Trial 297 finished with values: [10.513166006006944, 10.513166006006944] and parameters: {'k1': 0.012021930484915042, 'D_low': 7.299348683062307, 'k2': 0.0003432139136241583, 'D_high': 8182.111518618414, 'fire_exp': 1.7008648718913113, 'P_half': 220.3445560633069, 'pre_dampen_half': 234.12640025944248, 'gpp_af': 0.12269699058825158, 'gpp_b': 0.14577755664212386, 'gpp_d': 757.2868182332339, 'ign_k': 0.0036065195493704487, 'ign_c': 0.70689749506246, 'trop_agb_crit': 1.0455434848969813, 'trop_k_veg': 0.8157008881455025}.
[I 2026-08-06 10:16:47,229] Trial 298 finished with values: [11.37931064484444, 11.37931064484444] and parameters: {'k1': 0.00488137519160367, 'D_low': 2.143851363193517, 'k2': 7.914423612155373e-05, 'D_high': 76.19822175388143, 'fire_exp': 1.0629462657398439, 'P_half': 140.74279366401683, 'pre_dampen_half': 552.4163637315892, 'gpp_af': 5.335773317316405, 'gpp_b': 0.0001314103502608067, 'gpp_d': 150.14555442537656, 'ign_k': 0.019192001101561888, 'ign_c': 0.70689749506246, 'trop_agb_crit': 24.584290528289387, 'trop_k_veg': 2.573214588078609}.
[I 2026-08-06 10:16:48,353] Trial 299 finished with values: [10.68237608059087, 10.68237608059087] and parameters: {'k1': 0.012840669372724958, 'D_low': 1313.2212275639863, 'k2': 0.007058572590901788, 'D_high': 8182.111518618414, 'fire_exp': 1.423480109671474, 'P_half': 25.14786015817362, 'pre_dampen_half': 3.3841016089580034, 'gpp_af': 0.2204465010099918, 'gpp_b': 3.481277316673104e-05, 'gpp_d': 6.792399189485706, 'ign_k': 0.019192001101561888, 'ign_c': 0.557280750002996, 'trop_agb_crit': 2.4645410377327237, 'trop_k_veg': 0.586974895308737}.
[I 2026-08-06 10:16:49,444] Trial 300 finished with values: [10.767813558551833, 10.767813558551833] and parameters: {'k1': 0.012840669372724958, 'D_low': 1112.9571947046009, 'k2': 0.003767022142229395, 'D_high': 431.45617043093523, 'fire_exp': 1.0601964743503993, 'P_half': 220.3445560633069, 'pre_dampen_half': 502.5175192217655, 'gpp_af': 1.9706963379095486, 'gpp_b': 1.4540386644083135e-05, 'gpp_d': 0.12878367369717508, 'ign_k': 0.0680787482656459, 'ign_c': 39.52220881906114, 'trop_agb_crit': 1.0693376406863295, 'trop_k_veg': 0.6673124511410327}.
[I 2026-08-06 10:16:50,555] Trial 301 finished with values: [10.737978324237842, 10.737978324237842] and parameters: {'k1': 0.004312951023617458, 'D_low': 1683.621997588799, 'k2': 0.014344484793173472, 'D_high': 45914.852167405326, 'fire_exp': 1.221575427404682, 'P_half': 220.3445560633069, 'pre_dampen_half': 8.594202650742222, 'gpp_af': 1.9706963379095486, 'gpp_b': 0.14577755664212386, 'gpp_d': 16.460426816350523, 'ign_k': 0.01364908766641695, 'ign_c': 0.557280750002996, 'trop_agb_crit': 1.0693376406863295, 'trop_k_veg': 6.2065960186008615}.
[I 2026-08-06 10:16:51,662] Trial 302 finished with values: [10.300276499230122, 10.300276499230122] and parameters: {'k1': 0.00031134168041628584, 'D_low': 12.105387404469584, 'k2': 0.003767022142229395, 'D_high': 21.947742689197344, 'fire_exp': 1.1263716762638152, 'P_half': 4.213183643253957, 'pre_dampen_half': 38.00678588560607, 'gpp_af': 1.9706963379095486, 'gpp_b': 1.4540386644083135e-05, 'gpp_d': 757.2868182332339, 'ign_k': 0.00840038491455979, 'ign_c': 48.704711413416454, 'trop_agb_crit': 1.0693376406863295, 'trop_k_veg': 0.6673124511410327}.
[I 2026-08-06 10:16:52,740] Trial 303 finished with values: [10.75850809344783, 10.75850809344783] and parameters: {'k1': 0.004053638704742309, 'D_low': 4.484744524732794, 'k2': 0.03538758864779238, 'D_high': 39.780451630530095, 'fire_exp': 1.3170256885255098, 'P_half': 7523.33707868091, 'pre_dampen_half': 502.5175192217655, 'gpp_af': 26.237921284430897, 'gpp_b': 0.0021331409710300844, 'gpp_d': 2.944272359149677, 'ign_k': 0.010167079878196114, 'ign_c': 2.414259639010457, 'trop_agb_crit': 1.0903028125370984, 'trop_k_veg': 0.983473833513531}.
[I 2026-08-06 10:16:53,847] Trial 304 finished with values: [10.4312638132856, 10.4312638132856] and parameters: {'k1': 2.316457903103837e-05, 'D_low': 1683.621997588799, 'k2': 8.923807143379776e-05, 'D_high': 42210.21267871043, 'fire_exp': 1.221575427404682, 'P_half': 4.213183643253957, 'pre_dampen_half': 17.707795393478506, 'gpp_af': 43.527268658119496, 'gpp_b': 1.4540386644083135e-05, 'gpp_d': 0.12878367369717508, 'ign_k': 0.0680787482656459, 'ign_c': 2.8335389417624683, 'trop_agb_crit': 8.997007571451054, 'trop_k_veg': 0.6673124511410327}.
[I 2026-08-06 10:16:54,957] Trial 305 finished with values: [10.730372867385343, 10.730372867385343] and parameters: {'k1': 0.008912611835817005, 'D_low': 64.39790863101601, 'k2': 0.03538758864779238, 'D_high': 39.780451630530095, 'fire_exp': 1.3170256885255098, 'P_half': 5.076307782729897, 'pre_dampen_half': 39.827466658711515, 'gpp_af': 0.6403036652671171, 'gpp_b': 0.14577755664212386, 'gpp_d': 5.1715677287580455, 'ign_k': 0.010167079878196114, 'ign_c': 5.13055176058983, 'trop_agb_crit': 1.0903028125370984, 'trop_k_veg': 1.0594599158279707}.
[I 2026-08-06 10:16:56,064] Trial 306 finished with values: [10.769230768838547, 10.769230768838547] and parameters: {'k1': 2.316457903103837e-05, 'D_low': 12.105387404469584, 'k2': 0.003767022142229395, 'D_high': 42210.21267871043, 'fire_exp': 9.883433002836895, 'P_half': 140.74279366401683, 'pre_dampen_half': 17.707795393478506, 'gpp_af': 1.9706963379095486, 'gpp_b': 7.210246166617508e-05, 'gpp_d': 4.25060659305504, 'ign_k': 0.00840038491455979, 'ign_c': 2.8335389417624683, 'trop_agb_crit': 1.0693376406863295, 'trop_k_veg': 0.983473833513531}.
[I 2026-08-06 10:16:57,282] Trial 307 finished with values: [10.228958549349109, 10.228958549349109] and parameters: {'k1': 0.004312951023617458, 'D_low': 355.00125258511594, 'k2': 0.003101429427212743, 'D_high': 88.90110660871557, 'fire_exp': 1.0629462657398439, 'P_half': 4.087300390305745, 'pre_dampen_half': 63.6685916079943, 'gpp_af': 1.5386842469144075, 'gpp_b': 3.481277316673104e-05, 'gpp_d': 757.2868182332339, 'ign_k': 0.0680787482656459, 'ign_c': 0.557280750002996, 'trop_agb_crit': 1.14876138417489, 'trop_k_veg': 1.4584243470991722}.
[I 2026-08-06 10:16:58,388] Trial 308 finished with values: [-0.4863875517670745, 0.16589344087680968] and parameters: {'k1': 0.01889771394135163, 'D_low': 70.18267183720735, 'k2': 0.0003432139136241583, 'D_high': 431.45617043093523, 'fire_exp': 1.1263716762638152, 'P_half': 4.213183643253957, 'pre_dampen_half': 234.12640025944248, 'gpp_af': 1.9706963379095486, 'gpp_b': 0.14577755664212386, 'gpp_d': 757.2868182332339, 'ign_k': 0.0049611344501914005, 'ign_c': 20.03995359361212, 'trop_agb_crit': 3.848553322122042, 'trop_k_veg': 6.9782110227926815}.
[I 2026-08-06 10:16:59,496] Trial 309 finished with values: [10.255475001417478, 10.255475001417478] and parameters: {'k1': 2.316457903103837e-05, 'D_low': 520.4862686958022, 'k2': 0.003767022142229395, 'D_high': 63233.81951066786, 'fire_exp': 1.221575427404682, 'P_half': 140.74279366401683, 'pre_dampen_half': 8.594202650742222, 'gpp_af': 1.9706963379095486, 'gpp_b': 3.481277316673104e-05, 'gpp_d': 4.25060659305504, 'ign_k': 0.01364908766641695, 'ign_c': 2.8335389417624683, 'trop_agb_crit': 7.599113148200974, 'trop_k_veg': 0.983473833513531}.
[I 2026-08-06 10:17:00,637] Trial 310 finished with values: [10.480042925794619, 10.480042925794619] and parameters: {'k1': 0.012840669372724958, 'D_low': 38.82837025280678, 'k2': 0.031536006085184705, 'D_high': 3712.591045287726, 'fire_exp': 3.3801590342525687, 'P_half': 220.3445560633069, 'pre_dampen_half': 502.5175192217655, 'gpp_af': 0.2204465010099918, 'gpp_b': 0.0021331409710300844, 'gpp_d': 16.460426816350523, 'ign_k': 0.0680787482656459, 'ign_c': 2.414259639010457, 'trop_agb_crit': 2.4645410377327237, 'trop_k_veg': 0.6673124511410327}.
[I 2026-08-06 10:17:01,886] Trial 311 finished with values: [10.52430689681346, 10.52430689681346] and parameters: {'k1': 0.04669327135003539, 'D_low': 1078.832206002305, 'k2': 0.014344484793173472, 'D_high': 42210.21267871043, 'fire_exp': 1.0629462657398439, 'P_half': 712.8188058401365, 'pre_dampen_half': 17.707795393478506, 'gpp_af': 0.2204465010099918, 'gpp_b': 7.210246166617508e-05, 'gpp_d': 4.25060659305504, 'ign_k': 0.01364908766641695, 'ign_c': 0.557280750002996, 'trop_agb_crit': 1.0903028125370984, 'trop_k_veg': 2.4336356947036335}.
