[I 2026-08-19 15:30:47,970] Trial 1130 finished with value: -0.3453794451660105 and parameters: {'k1': 0.00019588138354850707, 'D_low': 35125.35978462541, 'k2': 1.1184181847326963e-05, 'D_high': 3020607.399392988, 'fire_exp': 1.315245813408252, 'P_half': 16.44002043530034, 'pre_dampen_half': 4.831935311721106, 'gpp_af': 0.003201704679249976, 'gpp_b': 4.8431800346155944e-05, 'gpp_d': 3.0761540474069236, 'ign_k': 4.579574160930845, 'ign_c': 34.63324879196593, 'trop_agb_crit': 9.231942836904086, 'trop_k_veg': 2.703488544689443, 'pop_amp': 0.10139886824259756, 'pop_peak': 1.0103889229704852, 'pop_sig': 2.07471471917514, 'fuel_k': 0.14151605706389112, 'fuel_half': 0.11832287409543098}. Best is trial 421 with value: -0.6216386034937503.
[I 2026-08-19 15:30:51,175] Trial 1131 finished with value: -0.5762479767326181 and parameters: {'k1': 7.181068839980139e-05, 'D_low': 377.88834393479107, 'k2': 0.0026023419659245415, 'D_high': 1725084.322557713, 'fire_exp': 2.4555681343527986, 'P_half': 1.0744958196902807, 'pre_dampen_half': 0.7103864555935214, 'gpp_af': 0.0013150431537914816, 'gpp_b': 4.0553820989300885e-05, 'gpp_d': 0.32580059044941007, 'ign_k': 0.20463291932910868, 'ign_c': 1.8660318661818927, 'trop_agb_crit': 4.357749866016131, 'trop_k_veg': 2.8298270594253, 'pop_amp': 0.01666893462211987, 'pop_peak': 51.36218755101728, 'pop_sig': 0.7752382082375459, 'fuel_k': 3.0036090459332594, 'fuel_half': 0.403645797132482}. Best is trial 421 with value: -0.6216386034937503.
  trial 1132/2500  best_overall=0.6216  (66.8 min)
[I 2026-08-19 15:30:54,952] Trial 1132 finished with value: -0.3994544881400927 and parameters: {'k1': 0.0001702551690402853, 'D_low': 5.1291424364714455, 'k2': 0.0004057512324010112, 'D_high': 206093.3048078925, 'fire_exp': 3.4784380882008175, 'P_half': 15.414125156041102, 'pre_dampen_half': 0.04382502533398274, 'gpp_af': 0.25733892401554936, 'gpp_b': 2.2298453576199853e-05, 'gpp_d': 0.030602851763006374, 'ign_k': 0.010874899788494107, 'ign_c': 1.5768069376631941, 'trop_agb_crit': 8.70348562374041, 'trop_k_veg': 1.859789097181178, 'pop_amp': 0.5265840541593522, 'pop_peak': 0.7114069958010723, 'pop_sig': 0.3693903376078481, 'fuel_k': 3.859355286915204, 'fuel_half': 0.20050422834049889}. Best is trial 421 with value: -0.6216386034937503.
[I 2026-08-19 15:30:58,099] Trial 1133 finished with value: -0.5529424423651179 and parameters: {'k1': 0.0005259513004307987, 'D_low': 128.62456852619314, 'k2': 0.0002827771046576923, 'D_high': 7705625.404921157, 'fire_exp': 1.3600842154443011, 'P_half': 1.2979763912200306, 'pre_dampen_half': 17.57553806104301, 'gpp_af': 0.10074296675267604, 'gpp_b': 0.00012253487807772288, 'gpp_d': 0.1423089214056076, 'ign_k': 0.03744083113005576, 'ign_c': 2.833759351880386, 'trop_agb_crit': 5.540115271872533, 'trop_k_veg': 4.275078049690688, 'pop_amp': 0.0756215166051985, 'pop_peak': 2.7553928058467028, 'pop_sig': 0.4824579064214577, 'fuel_k': 2.645596076698701, 'fuel_half': 0.8561665849272403}. Best is trial 421 with value: -0.6216386034937503.
[I 2026-08-19 15:31:01,288] Trial 1134 finished with value: -0.5756530195230671 and parameters: {'k1': 0.0009497985800083987, 'D_low': 3.3396278016981387, 'k2': 0.012250105739226382, 'D_high': 4470735.237408232, 'fire_exp': 2.2255522074882803, 'P_half': 1.7232857429020034, 'pre_dampen_half': 18.95355091490418, 'gpp_af': 0.02404173451111286, 'gpp_b': 0.0012729009518649683, 'gpp_d': 0.056839373998165285, 'ign_k': 0.8765365389784106, 'ign_c': 12.572198040936517, 'trop_agb_crit': 6.918938923338253, 'trop_k_veg': 3.4797111611264464, 'pop_amp': 0.04835229559709958, 'pop_peak': 2.023591992193135, 'pop_sig': 0.5519952692869184, 'fuel_k': 1.3481931763869601, 'fuel_half': 0.23917507543131553}. Best is trial 421 with value: -0.6216386034937503.
[I 2026-08-19 15:31:04,365] Trial 1135 finished with value: -0.4798274700742094 and parameters: {'k1': 0.0002783041238265418, 'D_low': 159.31844552220002, 'k2': 0.0012094450716928049, 'D_high': 447832.1352572149, 'fire_exp': 2.453191249856457, 'P_half': 2.658125573947837, 'pre_dampen_half': 0.04173035439513941, 'gpp_af': 0.05022411871961469, 'gpp_b': 0.00010721167779887237, 'gpp_d': 0.10094330450491362, 'ign_k': 0.09327352726995619, 'ign_c': 2.272455706954491, 'trop_agb_crit': 12.579049056391794, 'trop_k_veg': 2.566861398040377, 'pop_amp': 0.0014122300696641577, 'pop_peak': 2.5330831885936806, 'pop_sig': 0.3643942135275519, 'fuel_k': 2.3236621466234064, 'fuel_half': 0.12961587543491832}. Best is trial 421 with value: -0.6216386034937503.
[I 2026-08-19 15:31:07,166] Trial 1136 finished with value: -0.41500788373720826 and parameters: {'k1': 0.00015869698138876428, 'D_low': 11.108100112709325, 'k2': 2.051081297418654e-05, 'D_high': 80792.43944632515, 'fire_exp': 2.4355604684348395, 'P_half': 1.786158398332007, 'pre_dampen_half': 0.8842503372083064, 'gpp_af': 34.1270748279892, 'gpp_b': 0.010236053883945022, 'gpp_d': 431.2383267506472, 'ign_k': 0.18982989743861248, 'ign_c': 32.29315807698821, 'trop_agb_crit': 29.61898921226007, 'trop_k_veg': 3.1254400265222255, 'pop_amp': 0.5385450364132267, 'pop_peak': 1.1637684884749981, 'pop_sig': 0.2835840711469842, 'fuel_k': 2.991432045951757, 'fuel_half': 0.46138647613529205}. Best is trial 421 with value: -0.6216386034937503.
[I 2026-08-19 15:31:10,109] Trial 1137 finished with value: -0.3554625854118624 and parameters: {'k1': 2.16891614428434e-05, 'D_low': 244.9522077238368, 'k2': 0.001602611411184561, 'D_high': 4004608.7937558885, 'fire_exp': 1.216726607042728, 'P_half': 928.4456459233479, 'pre_dampen_half': 120.4813963396608, 'gpp_af': 4.28940661289294, 'gpp_b': 0.0001655784038326419, 'gpp_d': 205.78793255655592, 'ign_k': 2.098924896797163, 'ign_c': 139.84248466039344, 'trop_agb_crit': 29.30831431108401, 'trop_k_veg': 4.121915243864582, 'pop_amp': 0.018398546758682677, 'pop_peak': 73.15821614850061, 'pop_sig': 0.9818168772561499, 'fuel_k': 0.7744201224893218, 'fuel_half': 1.3597126713788081}. Best is trial 421 with value: -0.6216386034937503.
[I 2026-08-19 15:31:13,268] Trial 1138 finished with value: -0.4374536268487228 and parameters: {'k1': 0.00011627819288633219, 'D_low': 3676.478026599168, 'k2': 3.436893889912524e-05, 'D_high': 1241181.7079851513, 'fire_exp': 3.2944349044583414, 'P_half': 272.07185768081735, 'pre_dampen_half': 0.08821817711319402, 'gpp_af': 0.01190227482254717, 'gpp_b': 1.2488387627487098e-05, 'gpp_d': 0.4593633792597263, 'ign_k': 9.832692708556479, 'ign_c': 1.6312659027034129, 'trop_agb_crit': 7.097673294029117, 'trop_k_veg': 1.374243227669055, 'pop_amp': 0.08759002834591607, 'pop_peak': 2.0598894501123852, 'pop_sig': 2.4157066610020115, 'fuel_k': 0.27461546110826246, 'fuel_half': 0.26004991889573825}. Best is trial 421 with value: -0.6216386034937503.
  trial 1139/2500  best_overall=0.6216  (67.2 min)
[I 2026-08-19 15:31:16,688] Trial 1139 finished with value: -0.5422476207767971 and parameters: {'k1': 0.00036877809097310264, 'D_low': 50.50433481326327, 'k2': 0.0013285662052330326, 'D_high': 1458719.9814348829, 'fire_exp': 1.8079933145207423, 'P_half': 6.8888386946509845, 'pre_dampen_half': 1.2694659888482949, 'gpp_af': 0.016338689562439453, 'gpp_b': 4.147454164876031e-05, 'gpp_d': 1.3593895831930987, 'ign_k': 0.017623946523324302, 'ign_c': 1.7445305010428156, 'trop_agb_crit': 17.093329792352833, 'trop_k_veg': 2.0136843189587106, 'pop_amp': 0.006336830841858028, 'pop_peak': 2.387499180140378, 'pop_sig': 1.2388926547822232, 'fuel_k': 2.00102520466616, 'fuel_half': 0.4121769886876404}. Best is trial 421 with value: -0.6216386034937503.
[I 2026-08-19 15:31:19,126] Trial 1140 finished with value: -0.6024415296742316 and parameters: {'k1': 0.002866139558098824, 'D_low': 164.51420826916407, 'k2': 0.0017005295520584162, 'D_high': 323134.467938417, 'fire_exp': 1.4051189604857244, 'P_half': 28.18803453727143, 'pre_dampen_half': 0.5069268934932386, 'gpp_af': 0.0014298540205009863, 'gpp_b': 2.7003082713273502e-05, 'gpp_d': 0.10013550895167189, 'ign_k': 0.24866162976414025, 'ign_c': 0.40551160298142663, 'trop_agb_crit': 21.309783817088213, 'trop_k_veg': 1.2604483898343362, 'pop_amp': 0.06121701546195876, 'pop_peak': 2.2198782965282544, 'pop_sig': 0.3686377231927835, 'fuel_k': 1.5588519435401265, 'fuel_half': 0.41926991949206965}. Best is trial 421 with value: -0.6216386034937503.
[I 2026-08-19 15:31:21,659] Trial 1141 finished with value: -0.5192732131302611 and parameters: {'k1': 0.001350369842961911, 'D_low': 4.2025784024165915, 'k2': 0.000788259012480569, 'D_high': 511717.4417241117, 'fire_exp': 1.4409174413080013, 'P_half': 41.13393148220569, 'pre_dampen_half': 0.05124994242359905, 'gpp_af': 0.0020410957143349776, 'gpp_b': 8.506842935058175e-05, 'gpp_d': 0.03999239852707405, 'ign_k': 0.204646898771401, 'ign_c': 3.681793506322204, 'trop_agb_crit': 21.493240551672518, 'trop_k_veg': 0.9161180833258238, 'pop_amp': 0.041029846016607696, 'pop_peak': 2.6181515274687333, 'pop_sig': 0.39539208056267977, 'fuel_k': 1.6368168303341308, 'fuel_half': 0.45831382449015423}. Best is trial 421 with value: -0.6216386034937503.
[I 2026-08-19 15:31:24,298] Trial 1142 finished with value: -0.4887188700280829 and parameters: {'k1': 0.0002481794911763629, 'D_low': 26.180607149054502, 'k2': 0.054342719597727435, 'D_high': 218777.26706845404, 'fire_exp': 1.8035566879565423, 'P_half': 57.66229690605992, 'pre_dampen_half': 15.361462773348604, 'gpp_af': 0.4481989996119394, 'gpp_b': 1.294106766600129e-05, 'gpp_d': 0.05053897531670344, 'ign_k': 0.35992815799477, 'ign_c': 0.14204016316894563, 'trop_agb_crit': 9.081613570077943, 'trop_k_veg': 3.3891451904042937, 'pop_amp': 0.012458728286791225, 'pop_peak': 1.6039687081556082, 'pop_sig': 0.5929560216480771, 'fuel_k': 1.0390478288882437, 'fuel_half': 0.6491725320921208}. Best is trial 421 with value: -0.6216386034937503.
[I 2026-08-19 15:31:26,824] Trial 1143 finished with value: -0.5413034553992983 and parameters: {'k1': 0.00021276325067628863, 'D_low': 6.282485641830102, 'k2': 0.0014178441592892406, 'D_high': 367256.37079289445, 'fire_exp': 2.555303572770474, 'P_half': 79.34118466341835, 'pre_dampen_half': 0.2859064694885783, 'gpp_af': 0.03635780378522206, 'gpp_b': 2.4381360106378455e-05, 'gpp_d': 0.944089635769154, 'ign_k': 5.32292323122656, 'ign_c': 0.6256600150168058, 'trop_agb_crit': 27.55894257993455, 'trop_k_veg': 1.5694501783174215, 'pop_amp': 0.07048777709641574, 'pop_peak': 4.261141087334994, 'pop_sig': 0.26630690378236144, 'fuel_k': 1.2312348940816087, 'fuel_half': 0.13331122395904593}. Best is trial 421 with value: -0.6216386034937503.
[I 2026-08-19 15:31:29,385] Trial 1144 finished with value: -0.47969579171662147 and parameters: {'k1': 0.001555357123924857, 'D_low': 47.35739199317887, 'k2': 0.0023771261269464323, 'D_high': 70389.13063083531, 'fire_exp': 1.3390100541744034, 'P_half': 11.2723334923582, 'pre_dampen_half': 6.269054449695083, 'gpp_af': 0.05175094739645596, 'gpp_b': 1.920548848228914e-05, 'gpp_d': 0.018474947675364874, 'ign_k': 0.0711861793019434, 'ign_c': 0.1814826208469366, 'trop_agb_crit': 20.067809178405142, 'trop_k_veg': 1.1718290245854024, 'pop_amp': 0.004792601167673725, 'pop_peak': 0.663878961365789, 'pop_sig': 0.381835969633084, 'fuel_k': 0.9889273440230482, 'fuel_half': 0.8988866461549018}. Best is trial 421 with value: -0.6216386034937503.
[I 2026-08-19 15:31:32,227] Trial 1145 finished with value: -0.5302350268697973 and parameters: {'k1': 0.01340598748114359, 'D_low': 461.26625957779606, 'k2': 0.030881023531702006, 'D_high': 30839.47898661634, 'fire_exp': 1.5185547224057476, 'P_half': 12.599857168212191, 'pre_dampen_half': 0.22533839002189915, 'gpp_af': 0.0027876963737809113, 'gpp_b': 4.388829118343483e-05, 'gpp_d': 0.325243547837454, 'ign_k': 0.06688396752787684, 'ign_c': 0.24786797307828173, 'trop_agb_crit': 18.754779314485376, 'trop_k_veg': 1.3995460166232736, 'pop_amp': 0.01990648733370812, 'pop_peak': 1.5900218371898194, 'pop_sig': 0.8735194581642237, 'fuel_k': 3.345050232921838, 'fuel_half': 0.7415140544767975}. Best is trial 421 with value: -0.6216386034937503.
[I 2026-08-19 15:31:35,225] Trial 1146 finished with value: -0.5958585955652135 and parameters: {'k1': 0.0021289146725589157, 'D_low': 462.3175196137686, 'k2': 0.00045474124188093703, 'D_high': 118175.94134897449, 'fire_exp': 1.5919460213663463, 'P_half': 68.42388341557552, 'pre_dampen_half': 1.1946146669974682, 'gpp_af': 0.003465644240039734, 'gpp_b': 1.0959009536919987e-05, 'gpp_d': 0.15780836181049887, 'ign_k': 0.3446993869121803, 'ign_c': 0.4468973863675249, 'trop_agb_crit': 19.24087818691373, 'trop_k_veg': 2.518188841930851, 'pop_amp': 0.0788039808909098, 'pop_peak': 24.302384019787155, 'pop_sig': 0.2780661580028523, 'fuel_k': 0.8767453287660706, 'fuel_half': 0.4102649621999385}. Best is trial 421 with value: -0.6216386034937503.
  trial 1147/2500  best_overall=0.6216  (67.5 min)
[I 2026-08-19 15:31:38,388] Trial 1147 finished with value: -0.312441324852132 and parameters: {'k1': 0.0002384195717430673, 'D_low': 3406.864841411088, 'k2': 1.840989112561481e-05, 'D_high': 3903315.3815329806, 'fire_exp': 2.105868928405764, 'P_half': 219.25013876530355, 'pre_dampen_half': 174.53931409032546, 'gpp_af': 0.0258056646652224, 'gpp_b': 0.00038664089553130774, 'gpp_d': 3.0382370051488854, 'ign_k': 4.6324209184172265, 'ign_c': 2.265736799578507, 'trop_agb_crit': 7.066126990803534, 'trop_k_veg': 5.586431266556359, 'pop_amp': 8.188594162290443, 'pop_peak': 916.2241870380208, 'pop_sig': 2.3256862656439816, 'fuel_k': 0.059236979047951215, 'fuel_half': 1.573059427119636}. Best is trial 421 with value: -0.6216386034937503.
[I 2026-08-19 15:31:41,048] Trial 1148 finished with value: -0.5709656137580561 and parameters: {'k1': 0.004151131652197485, 'D_low': 453.70181434435017, 'k2': 0.006501729289044094, 'D_high': 628825.9358505382, 'fire_exp': 1.292795044059612, 'P_half': 13.572417344601492, 'pre_dampen_half': 0.06196721781049736, 'gpp_af': 0.0026055671436311057, 'gpp_b': 2.060524672412809e-05, 'gpp_d': 4.132449275468351, 'ign_k': 0.1644736840981451, 'ign_c': 0.31090044038940207, 'trop_agb_crit': 12.874364748990162, 'trop_k_veg': 0.6437385212136628, 'pop_amp': 0.11464607903026364, 'pop_peak': 3.9765213500420846, 'pop_sig': 0.3815729261460357, 'fuel_k': 5.1022956112654025, 'fuel_half': 1.8148002956618838}. Best is trial 421 with value: -0.6216386034937503.
[I 2026-08-19 15:31:44,093] Trial 1149 finished with value: -0.31375133744146855 and parameters: {'k1': 0.001989104106594546, 'D_low': 84.98560788719874, 'k2': 1.6656660410564544e-05, 'D_high': 613753.818246043, 'fire_exp': 3.1244904017482957, 'P_half': 246.1672135574162, 'pre_dampen_half': 217.81462667520336, 'gpp_af': 0.0034147610428905545, 'gpp_b': 3.880634085584503e-05, 'gpp_d': 18.902956163090167, 'ign_k': 0.7500527203437978, 'ign_c': 0.17164205523344678, 'trop_agb_crit': 8.418850708993988, 'trop_k_veg': 2.2129256800605086, 'pop_amp': 8.33314335783523, 'pop_peak': 1.8609225319188827, 'pop_sig': 1.5914642465504398, 'fuel_k': 0.0365155476873228, 'fuel_half': 0.1091654276598989}. Best is trial 421 with value: -0.6216386034937503.
[I 2026-08-19 15:31:46,757] Trial 1150 finished with value: -0.3554625854118624 and parameters: {'k1': 0.002544872527922579, 'D_low': 1.128026782563871, 'k2': 0.00027738042227870303, 'D_high': 99065.24128339133, 'fire_exp': 3.0052781395327406, 'P_half': 2.109655128205583, 'pre_dampen_half': 25.82244162656655, 'gpp_af': 0.0068504210655265, 'gpp_b': 1.2919696974808035e-05, 'gpp_d': 1.5112446926105452, 'ign_k': 0.24775035925546682, 'ign_c': 253.73964859132036, 'trop_agb_crit': 21.83672594724488, 'trop_k_veg': 1.3935761185046396, 'pop_amp': 1.164873558985938, 'pop_peak': 285.2568644798711, 'pop_sig': 0.30666534060718376, 'fuel_k': 0.046484298087549496, 'fuel_half': 0.12276606058372237}. Best is trial 421 with value: -0.6216386034937503.
[I 2026-08-19 15:31:50,050] Trial 1151 finished with value: -0.5599520385438377 and parameters: {'k1': 0.00014790885909380213, 'D_low': 3.0956317522880115, 'k2': 2.4964850885132014e-05, 'D_high': 41091.24744057017, 'fire_exp': 1.2758429467014594, 'P_half': 18.961026582143166, 'pre_dampen_half': 103.89607919988386, 'gpp_af': 0.8526350661501623, 'gpp_b': 0.00020265966270805973, 'gpp_d': 176.80034497832636, 'ign_k': 0.06425156106120966, 'ign_c': 6.640120772414567, 'trop_agb_crit': 26.40469256948278, 'trop_k_veg': 1.4829548248405564, 'pop_amp': 0.18847823113560805, 'pop_peak': 575.2090126554598, 'pop_sig': 0.4898284010528956, 'fuel_k': 1.1047379065273792, 'fuel_half': 0.26162328168163895}. Best is trial 421 with value: -0.6216386034937503.
[I 2026-08-19 15:31:52,890] Trial 1152 finished with value: -0.49749182299605543 and parameters: {'k1': 0.06323928324795412, 'D_low': 3774.075937025113, 'k2': 0.001330188716978565, 'D_high': 2561825.695265745, 'fire_exp': 1.1568527501255919, 'P_half': 221.67119149640138, 'pre_dampen_half': 0.16035233374100374, 'gpp_af': 0.002075646278355388, 'gpp_b': 8.275642940168183e-05, 'gpp_d': 1.0101353438821268, 'ign_k': 0.3325564002893812, 'ign_c': 0.6373332623174174, 'trop_agb_crit': 7.345199932574309, 'trop_k_veg': 1.0524368574111647, 'pop_amp': 0.05654453584510772, 'pop_peak': 0.17174714592313292, 'pop_sig': 0.5331192578585349, 'fuel_k': 0.35084077002200753, 'fuel_half': 0.1890709806066888}. Best is trial 421 with value: -0.6216386034937503.
[I 2026-08-19 15:31:55,980] Trial 1153 finished with value: -0.5825103685974747 and parameters: {'k1': 0.003050786345372629, 'D_low': 13.88989216583245, 'k2': 0.005030552471092955, 'D_high': 83699.06786895038, 'fire_exp': 1.4264502508607049, 'P_half': 30.19547585978588, 'pre_dampen_half': 0.7119253145674675, 'gpp_af': 0.003421893111290594, 'gpp_b': 0.00012774494078213305, 'gpp_d': 0.25242950859363733, 'ign_k': 0.24750475288723592, 'ign_c': 0.5878203357449223, 'trop_agb_crit': 14.020489668925492, 'trop_k_veg': 1.4501271657422325, 'pop_amp': 0.2978731921388247, 'pop_peak': 0.26390435628493614, 'pop_sig': 0.4622644061927229, 'fuel_k': 0.8327519891372526, 'fuel_half': 0.18392458020577096}. Best is trial 421 with value: -0.6216386034937503.
  trial 1154/2500  best_overall=0.6216  (67.9 min)
[I 2026-08-19 15:31:59,320] Trial 1154 finished with value: -0.586031153345461 and parameters: {'k1': 0.0006023727477449009, 'D_low': 1.0208573424870926, 'k2': 1.2369266104968406e-05, 'D_high': 4314516.115002366, 'fire_exp': 1.303139022403848, 'P_half': 1.69827789812413, 'pre_dampen_half': 4.075809693536492, 'gpp_af': 0.05836208704481818, 'gpp_b': 0.0005588481788555339, 'gpp_d': 930.4689363077526, 'ign_k': 0.008420717771230343, 'ign_c': 1.9173014078830284, 'trop_agb_crit': 26.923545355116687, 'trop_k_veg': 3.3820719483913058, 'pop_amp': 0.09412810953366671, 'pop_peak': 464.76351042212764, 'pop_sig': 0.41037240189910085, 'fuel_k': 2.0126679783043926, 'fuel_half': 0.2744676934402179}. Best is trial 421 with value: -0.6216386034937503.
[I 2026-08-19 15:32:02,486] Trial 1155 finished with value: -0.6046700355149294 and parameters: {'k1': 0.0007167440541482162, 'D_low': 1045.5731942763798, 'k2': 0.002574234489264585, 'D_high': 581393.8586937002, 'fire_exp': 1.7042964845776232, 'P_half': 6.366900974336958, 'pre_dampen_half': 2.463219133018771, 'gpp_af': 0.005237507519111145, 'gpp_b': 7.39764912817937e-05, 'gpp_d': 2.397967816273197, 'ign_k': 0.1488703688925846, 'ign_c': 0.11703270199004039, 'trop_agb_crit': 22.132027833920993, 'trop_k_veg': 1.415941441392607, 'pop_amp': 0.05410559179803295, 'pop_peak': 1.5515180725475297, 'pop_sig': 0.4384067653594399, 'fuel_k': 1.305455728295419, 'fuel_half': 0.6269901368920662}. Best is trial 421 with value: -0.6216386034937503.
[I 2026-08-19 15:32:05,430] Trial 1156 finished with value: -0.4005983478343761 and parameters: {'k1': 0.00019706948048122124, 'D_low': 28676.50762197732, 'k2': 0.009961680625095974, 'D_high': 25365.89659655629, 'fire_exp': 2.2280197916732383, 'P_half': 27.463421019852657, 'pre_dampen_half': 111.72398532185426, 'gpp_af': 0.005126820162467022, 'gpp_b': 0.0002039520135374122, 'gpp_d': 0.31162713246536683, 'ign_k': 0.12905362645880888, 'ign_c': 0.16732222432405586, 'trop_agb_crit': 12.289886490900171, 'trop_k_veg': 1.0010822320695225, 'pop_amp': 0.011179905009553853, 'pop_peak': 0.08524940550447455, 'pop_sig': 0.6112940388597661, 'fuel_k': 0.7321212832268204, 'fuel_half': 0.29227252389953773}. Best is trial 421 with value: -0.6216386034937503.
[I 2026-08-19 15:32:08,275] Trial 1157 finished with value: -0.5369824507951609 and parameters: {'k1': 0.0008838876539166592, 'D_low': 89.12006318668135, 'k2': 0.0009354771917770715, 'D_high': 5424410.266625481, 'fire_exp': 2.208249811860786, 'P_half': 3.3500111591990303, 'pre_dampen_half': 5.787510027356641, 'gpp_af': 0.0019478936088312394, 'gpp_b': 7.238778315806986e-05, 'gpp_d': 0.8217383741878314, 'ign_k': 0.05128487131166266, 'ign_c': 0.13922616771844318, 'trop_agb_crit': 15.748793495747544, 'trop_k_veg': 0.831539847600716, 'pop_amp': 0.3105208256783605, 'pop_peak': 0.6297841172305874, 'pop_sig': 0.4284952475539343, 'fuel_k': 0.30584347750836527, 'fuel_half': 2.785182424522071}. Best is trial 421 with value: -0.6216386034937503.
[I 2026-08-19 15:32:11,244] Trial 1158 finished with value: -0.4654348784054824 and parameters: {'k1': 0.026973697172156436, 'D_low': 457.8156245190568, 'k2': 0.0024555316773403955, 'D_high': 176588.33188405147, 'fire_exp': 1.5939591809528906, 'P_half': 39.913594779403034, 'pre_dampen_half': 0.026912819140302184, 'gpp_af': 0.0027407251481904988, 'gpp_b': 3.168944314961938e-05, 'gpp_d': 0.512604346877236, 'ign_k': 7.9827588411304, 'ign_c': 0.578408004350098, 'trop_agb_crit': 12.331426725210143, 'trop_k_veg': 1.762699434725031, 'pop_amp': 0.0057029041975704825, 'pop_peak': 2.4701904506981527, 'pop_sig': 0.34089274922936885, 'fuel_k': 0.5623910752093132, 'fuel_half': 2.4120880451118616}. Best is trial 421 with value: -0.6216386034937503.
