[I 2026-06-10 21:58:45,119] Trial 1365 finished with values: [-0.7849543803329594, 0.19353984325178397] and parameters: {'k1': 0.05466937478766084, 'D_low': 37.35862630812753, 'k2': 0.002173988526401145, 'D_high': 2289.1315306837046, 'fire_exp': 1.4126958348191876, 'P_half': 221.2683656611821, 'pre_dampen_half': 857.6556763881457, 'gpp_af': 0.3002317246575309, 'gpp_b': 0.00026582805291215173, 'gpp_d': 6.478643450593011, 'ign_k': 1.1044350847124695, 'ign_c': 22.126836566118193, 'trop_agb_crit': 2.679156169946616, 'trop_k_veg': 4.6587922535200255, 'fuel_k': 4.710433409437072, 'fuel_half': 11.781063202742125}.
[I 2026-06-10 21:58:46,815] Trial 1366 finished with values: [-0.7269997467735084, 0.05401950441770642] and parameters: {'k1': 0.05466937478766084, 'D_low': 37.35862630812753, 'k2': 0.002173988526401145, 'D_high': 1120.6115907967544, 'fire_exp': 1.4126958348191876, 'P_half': 221.2683656611821, 'pre_dampen_half': 565.0116730717873, 'gpp_af': 0.22965432344634354, 'gpp_b': 0.030192753723920055, 'gpp_d': 6.478643450593011, 'ign_k': 4.591485216740537, 'ign_c': 22.126836566118193, 'trop_agb_crit': 2.679156169946616, 'trop_k_veg': 5.876643247346733, 'fuel_k': 4.710433409437072, 'fuel_half': 1.3323297901105768}.
[I 2026-06-10 21:58:48,443] Trial 1367 finished with values: [10.032248338099297, 10.032248338099297] and parameters: {'k1': 0.05466937478766084, 'D_low': 5.351452349843333, 'k2': 0.002884223471687844, 'D_high': 2289.1315306837046, 'fire_exp': 1.2781983515972553, 'P_half': 221.2683656611821, 'pre_dampen_half': 857.6556763881457, 'gpp_af': 0.3002317246575309, 'gpp_b': 0.0001484082099455773, 'gpp_d': 229.41380323183625, 'ign_k': 1.1044350847124695, 'ign_c': 22.126836566118193, 'trop_agb_crit': 10.215415653610627, 'trop_k_veg': 4.6587922535200255, 'fuel_k': 4.710433409437072, 'fuel_half': 11.781063202742125}.
[I 2026-06-10 21:58:50,969] Trial 1368 finished with values: [10.75798876061995, 10.75798876061995] and parameters: {'k1': 2.6115552081447273e-05, 'D_low': 5.351452349843333, 'k2': 0.002884223471687844, 'D_high': 345.1797505661072, 'fire_exp': 3.073739573867404, 'P_half': 221.2683656611821, 'pre_dampen_half': 857.6556763881457, 'gpp_af': 0.3002317246575309, 'gpp_b': 0.005419266601560437, 'gpp_d': 229.41380323183625, 'ign_k': 1.1044350847124695, 'ign_c': 22.126836566118193, 'trop_agb_crit': 10.215415653610627, 'trop_k_veg': 4.7254560805090735, 'fuel_k': 0.28328975157735103, 'fuel_half': 11.781063202742125}.
[I 2026-06-10 21:58:52,786] Trial 1369 finished with values: [-0.8281121619738463, 0.15259641997646034] and parameters: {'k1': 0.012840669372724958, 'D_low': 5.351452349843333, 'k2': 0.004063469816737738, 'D_high': 2289.1315306837046, 'fire_exp': 1.4126958348191876, 'P_half': 221.2683656611821, 'pre_dampen_half': 565.0116730717873, 'gpp_af': 0.3002317246575309, 'gpp_b': 0.0009153552948098625, 'gpp_d': 229.41380323183625, 'ign_k': 0.8599189552684969, 'ign_c': 22.126836566118193, 'trop_agb_crit': 10.215415653610627, 'trop_k_veg': 6.45312300188076, 'fuel_k': 4.710433409437072, 'fuel_half': 11.781063202742125}.
[I 2026-06-10 21:58:54,479] Trial 1370 finished with values: [-0.6864905668121337, 0.22506698841771466] and parameters: {'k1': 0.012840669372724958, 'D_low': 5.351452349843333, 'k2': 0.002173988526401145, 'D_high': 2289.1315306837046, 'fire_exp': 1.2781983515972553, 'P_half': 221.2683656611821, 'pre_dampen_half': 857.6556763881457, 'gpp_af': 56.57899943166812, 'gpp_b': 0.030192753723920055, 'gpp_d': 195.7529808267341, 'ign_k': 4.591485216740537, 'ign_c': 22.126836566118193, 'trop_agb_crit': 10.215415653610627, 'trop_k_veg': 3.376529607942905, 'fuel_k': 0.4663366102864623, 'fuel_half': 11.781063202742125}.
[I 2026-06-10 21:58:56,161] Trial 1371 finished with values: [-0.8103459684406616, 0.13585053053112894] and parameters: {'k1': 0.012840669372724958, 'D_low': 5.351452349843333, 'k2': 0.002884223471687844, 'D_high': 2289.1315306837046, 'fire_exp': 1.2781983515972553, 'P_half': 221.2683656611821, 'pre_dampen_half': 857.6556763881457, 'gpp_af': 0.3002317246575309, 'gpp_b': 0.005419266601560437, 'gpp_d': 229.41380323183625, 'ign_k': 1.1044350847124695, 'ign_c': 22.126836566118193, 'trop_agb_crit': 10.215415653610627, 'trop_k_veg': 3.376529607942905, 'fuel_k': 4.710433409437072, 'fuel_half': 11.781063202742125}.
[I 2026-06-10 21:58:57,899] Trial 1372 finished with values: [10.76662308738044, 10.76662308738044] and parameters: {'k1': 0.012840669372724958, 'D_low': 5.351452349843333, 'k2': 0.002884223471687844, 'D_high': 2289.1315306837046, 'fire_exp': 1.2781983515972553, 'P_half': 221.2683656611821, 'pre_dampen_half': 857.6556763881457, 'gpp_af': 0.00115621233916266, 'gpp_b': 0.2894432973598376, 'gpp_d': 229.41380323183625, 'ign_k': 5.351470428717437, 'ign_c': 22.126836566118193, 'trop_agb_crit': 10.215415653610627, 'trop_k_veg': 4.129715873342728, 'fuel_k': 4.710433409437072, 'fuel_half': 1.3323297901105768}.
[I 2026-06-10 21:58:59,695] Trial 1373 finished with values: [10.716022443925995, 10.716022443925995] and parameters: {'k1': 0.05466937478766084, 'D_low': 37.35862630812753, 'k2': 0.001059410414603219, 'D_high': 2289.1315306837046, 'fire_exp': 1.2781983515972553, 'P_half': 221.2683656611821, 'pre_dampen_half': 565.0116730717873, 'gpp_af': 0.008445996510213933, 'gpp_b': 0.0637711411113638, 'gpp_d': 229.41380323183625, 'ign_k': 1.1044350847124695, 'ign_c': 22.126836566118193, 'trop_agb_crit': 8.65937260774655, 'trop_k_veg': 4.7254560805090735, 'fuel_k': 4.710433409437072, 'fuel_half': 11.781063202742125}.
[I 2026-06-10 21:59:01,521] Trial 1374 finished with values: [10.158323076095016, 10.158323076095016] and parameters: {'k1': 0.05466937478766084, 'D_low': 5.351452349843333, 'k2': 1.921891493444212e-05, 'D_high': 2289.1315306837046, 'fire_exp': 1.4126958348191876, 'P_half': 221.2683656611821, 'pre_dampen_half': 857.6556763881457, 'gpp_af': 0.22965432344634354, 'gpp_b': 0.0001484082099455773, 'gpp_d': 14.423399576193098, 'ign_k': 5.351470428717437, 'ign_c': 22.126836566118193, 'trop_agb_crit': 8.703844173724528, 'trop_k_veg': 4.7254560805090735, 'fuel_k': 4.710433409437072, 'fuel_half': 11.781063202742125}.
[I 2026-06-10 21:59:03,244] Trial 1375 finished with values: [-0.7862243870487821, 0.22924752757502143] and parameters: {'k1': 0.012840669372724958, 'D_low': 5.351452349843333, 'k2': 0.002884223471687844, 'D_high': 3512.7047262708465, 'fire_exp': 1.2781983515972553, 'P_half': 10.412771143213734, 'pre_dampen_half': 857.6556763881457, 'gpp_af': 0.3002317246575309, 'gpp_b': 0.005419266601560437, 'gpp_d': 4.317251206640923, 'ign_k': 0.8599189552684969, 'ign_c': 22.126836566118193, 'trop_agb_crit': 1.4665432912206728, 'trop_k_veg': 3.376529607942905, 'fuel_k': 4.710433409437072, 'fuel_half': 11.781063202742125}.
[I 2026-06-10 21:59:04,982] Trial 1376 finished with values: [-0.8241081269536273, 0.2643251039529456] and parameters: {'k1': 0.012840669372724958, 'D_low': 37.35862630812753, 'k2': 0.015109086063191909, 'D_high': 2289.1315306837046, 'fire_exp': 1.4126958348191876, 'P_half': 221.2683656611821, 'pre_dampen_half': 857.6556763881457, 'gpp_af': 0.22965432344634354, 'gpp_b': 4.5542534088169265e-05, 'gpp_d': 14.423399576193098, 'ign_k': 5.351470428717437, 'ign_c': 22.126836566118193, 'trop_agb_crit': 10.691477813613638, 'trop_k_veg': 3.376529607942905, 'fuel_k': 4.710433409437072, 'fuel_half': 11.781063202742125}.
[I 2026-06-10 21:59:06,779] Trial 1377 finished with values: [-0.7931386717064508, 0.10645158108967445] and parameters: {'k1': 0.012840669372724958, 'D_low': 37.35862630812753, 'k2': 0.015109086063191909, 'D_high': 2289.1315306837046, 'fire_exp': 1.4126958348191876, 'P_half': 221.2683656611821, 'pre_dampen_half': 857.6556763881457, 'gpp_af': 0.22965432344634354, 'gpp_b': 0.005419266601560437, 'gpp_d': 4.317251206640923, 'ign_k': 0.8599189552684969, 'ign_c': 22.126836566118193, 'trop_agb_crit': 10.691477813613638, 'trop_k_veg': 3.376529607942905, 'fuel_k': 4.710433409437072, 'fuel_half': 11.781063202742125}.
[I 2026-06-10 21:59:08,651] Trial 1378 finished with values: [10.286584277968014, 10.286584277968014] and parameters: {'k1': 0.05466937478766084, 'D_low': 5.351452349843333, 'k2': 0.002173988526401145, 'D_high': 2289.1315306837046, 'fire_exp': 1.4126958348191876, 'P_half': 221.2683656611821, 'pre_dampen_half': 857.6556763881457, 'gpp_af': 0.3002317246575309, 'gpp_b': 0.001482922857034211, 'gpp_d': 14.423399576193098, 'ign_k': 1.1044350847124695, 'ign_c': 7.761996097005077, 'trop_agb_crit': 10.215415653610627, 'trop_k_veg': 4.7254560805090735, 'fuel_k': 5.450674461711213, 'fuel_half': 11.781063202742125}.
[I 2026-06-10 21:59:10,470] Trial 1379 finished with values: [-0.8094345798847532, 0.1250730557520513] and parameters: {'k1': 0.012840669372724958, 'D_low': 5.351452349843333, 'k2': 0.002884223471687844, 'D_high': 2289.1315306837046, 'fire_exp': 1.2781983515972553, 'P_half': 221.2683656611821, 'pre_dampen_half': 857.6556763881457, 'gpp_af': 0.3002317246575309, 'gpp_b': 0.005419266601560437, 'gpp_d': 229.41380323183625, 'ign_k': 1.1044350847124695, 'ign_c': 22.126836566118193, 'trop_agb_crit': 10.215415653610627, 'trop_k_veg': 4.6587922535200255, 'fuel_k': 4.710433409437072, 'fuel_half': 11.781063202742125}.
[I 2026-06-10 21:59:13,090] Trial 1380 finished with values: [-0.8167940474089427, 0.12545934643881462] and parameters: {'k1': 0.012840669372724958, 'D_low': 5.351452349843333, 'k2': 0.002884223471687844, 'D_high': 2289.1315306837046, 'fire_exp': 1.2781983515972553, 'P_half': 221.2683656611821, 'pre_dampen_half': 857.6556763881457, 'gpp_af': 0.3002317246575309, 'gpp_b': 0.005419266601560437, 'gpp_d': 229.41380323183625, 'ign_k': 1.1044350847124695, 'ign_c': 22.126836566118193, 'trop_agb_crit': 8.703844173724528, 'trop_k_veg': 3.376529607942905, 'fuel_k': 4.710433409437072, 'fuel_half': 11.781063202742125}.
[I 2026-06-10 21:59:14,773] Trial 1381 finished with values: [10.206237421955837, 10.206237421955837] and parameters: {'k1': 1.5226321024420013e-05, 'D_low': 5.351452349843333, 'k2': 0.002884223471687844, 'D_high': 3512.7047262708465, 'fire_exp': 1.2781983515972553, 'P_half': 221.2683656611821, 'pre_dampen_half': 857.6556763881457, 'gpp_af': 0.3002317246575309, 'gpp_b': 0.005419266601560437, 'gpp_d': 4.317251206640923, 'ign_k': 0.8599189552684969, 'ign_c': 22.126836566118193, 'trop_agb_crit': 10.215415653610627, 'trop_k_veg': 6.45312300188076, 'fuel_k': 4.710433409437072, 'fuel_half': 11.781063202742125}.
[I 2026-06-10 21:59:16,601] Trial 1382 finished with values: [10.074141593966415, 10.074141593966415] and parameters: {'k1': 0.05466937478766084, 'D_low': 3.6315864767798254, 'k2': 0.015109086063191909, 'D_high': 3512.7047262708465, 'fire_exp': 1.2781983515972553, 'P_half': 221.2683656611821, 'pre_dampen_half': 32.53305539860191, 'gpp_af': 0.22965432344634354, 'gpp_b': 4.5542534088169265e-05, 'gpp_d': 6.478643450593011, 'ign_k': 5.351470428717437, 'ign_c': 22.126836566118193, 'trop_agb_crit': 10.215415653610627, 'trop_k_veg': 3.376529607942905, 'fuel_k': 0.9221804185592763, 'fuel_half': 1.3323297901105768}.
[I 2026-06-10 21:59:18,273] Trial 1383 finished with values: [-0.8214099729183373, 0.2258555154146149] and parameters: {'k1': 0.05466937478766084, 'D_low': 37.35862630812753, 'k2': 0.004695480001817501, 'D_high': 2289.1315306837046, 'fire_exp': 1.4126958348191876, 'P_half': 221.2683656611821, 'pre_dampen_half': 565.0116730717873, 'gpp_af': 0.22965432344634354, 'gpp_b': 0.00012118589392553798, 'gpp_d': 14.423399576193098, 'ign_k': 5.351470428717437, 'ign_c': 22.126836566118193, 'trop_agb_crit': 8.65937260774655, 'trop_k_veg': 4.7254560805090735, 'fuel_k': 4.710433409437072, 'fuel_half': 11.781063202742125}.
[I 2026-06-10 21:59:19,928] Trial 1384 finished with values: [-0.8224332323128515, 0.17754491056805666] and parameters: {'k1': 0.012840669372724958, 'D_low': 5.351452349843333, 'k2': 0.004695480001817501, 'D_high': 2289.1315306837046, 'fire_exp': 1.2781983515972553, 'P_half': 221.2683656611821, 'pre_dampen_half': 857.6556763881457, 'gpp_af': 0.009783362909802898, 'gpp_b': 4.5542534088169265e-05, 'gpp_d': 6.478643450593011, 'ign_k': 5.351470428717437, 'ign_c': 22.126836566118193, 'trop_agb_crit': 8.65937260774655, 'trop_k_veg': 3.376529607942905, 'fuel_k': 4.710433409437072, 'fuel_half': 11.781063202742125}.
[I 2026-06-10 21:59:21,650] Trial 1385 finished with values: [-0.817177686519616, 0.10787641995646191] and parameters: {'k1': 0.012840669372724958, 'D_low': 5.351452349843333, 'k2': 0.002884223471687844, 'D_high': 2289.1315306837046, 'fire_exp': 1.2781983515972553, 'P_half': 221.2683656611821, 'pre_dampen_half': 857.6556763881457, 'gpp_af': 0.22965432344634354, 'gpp_b': 0.005419266601560437, 'gpp_d': 4.317251206640923, 'ign_k': 1.1044350847124695, 'ign_c': 22.126836566118193, 'trop_agb_crit': 8.703844173724528, 'trop_k_veg': 4.7254560805090735, 'fuel_k': 4.710433409437072, 'fuel_half': 11.781063202742125}.
[I 2026-06-10 21:59:23,614] Trial 1386 finished with values: [-0.7757495923358936, 0.09352705478573742] and parameters: {'k1': 0.012840669372724958, 'D_low': 12.801393018711597, 'k2': 0.002884223471687844, 'D_high': 2289.1315306837046, 'fire_exp': 1.465395640842616, 'P_half': 221.2683656611821, 'pre_dampen_half': 857.6556763881457, 'gpp_af': 0.3002317246575309, 'gpp_b': 0.005419266601560437, 'gpp_d': 229.41380323183625, 'ign_k': 5.351470428717437, 'ign_c': 22.126836566118193, 'trop_agb_crit': 8.65937260774655, 'trop_k_veg': 4.6587922535200255, 'fuel_k': 4.710433409437072, 'fuel_half': 82.14820395760015}.
[I 2026-06-10 21:59:25,373] Trial 1387 finished with values: [10.204924626058764, 10.204924626058764] and parameters: {'k1': 0.00021153782194224395, 'D_low': 5.351452349843333, 'k2': 0.002884223471687844, 'D_high': 2289.1315306837046, 'fire_exp': 1.4126958348191876, 'P_half': 221.2683656611821, 'pre_dampen_half': 857.6556763881457, 'gpp_af': 0.3002317246575309, 'gpp_b': 0.0001484082099455773, 'gpp_d': 6.478643450593011, 'ign_k': 1.1044350847124695, 'ign_c': 22.126836566118193, 'trop_agb_crit': 8.703844173724528, 'trop_k_veg': 4.7254560805090735, 'fuel_k': 4.710433409437072, 'fuel_half': 11.781063202742125}.
[I 2026-06-10 21:59:27,291] Trial 1388 finished with values: [-0.8145596150035502, 0.2368907473189854] and parameters: {'k1': 0.012840669372724958, 'D_low': 97.43142535650219, 'k2': 0.002884223471687844, 'D_high': 2289.1315306837046, 'fire_exp': 1.2781983515972553, 'P_half': 221.2683656611821, 'pre_dampen_half': 857.6556763881457, 'gpp_af': 0.3002317246575309, 'gpp_b': 0.0001484082099455773, 'gpp_d': 6.478643450593011, 'ign_k': 5.351470428717437, 'ign_c': 22.126836566118193, 'trop_agb_crit': 10.215415653610627, 'trop_k_veg': 4.6587922535200255, 'fuel_k': 4.710433409437072, 'fuel_half': 11.781063202742125}.
[I 2026-06-10 21:59:29,050] Trial 1389 finished with values: [-0.7474464671033882, 0.10823260144485425] and parameters: {'k1': 0.05466937478766084, 'D_low': 84.75478615572445, 'k2': 0.002884223471687844, 'D_high': 2289.1315306837046, 'fire_exp': 1.2781983515972553, 'P_half': 221.2683656611821, 'pre_dampen_half': 857.6556763881457, 'gpp_af': 0.3002317246575309, 'gpp_b': 0.005419266601560437, 'gpp_d': 229.41380323183625, 'ign_k': 1.1044350847124695, 'ign_c': 22.126836566118193, 'trop_agb_crit': 10.215415653610627, 'trop_k_veg': 4.6587922535200255, 'fuel_k': 1.3435190130425094, 'fuel_half': 11.781063202742125}.
[I 2026-06-10 21:59:31,077] Trial 1390 finished with values: [10.000935013830912, 10.000935013830912] and parameters: {'k1': 0.05466937478766084, 'D_low': 6.086825494145206, 'k2': 0.002884223471687844, 'D_high': 2289.1315306837046, 'fire_exp': 1.4126958348191876, 'P_half': 221.2683656611821, 'pre_dampen_half': 857.6556763881457, 'gpp_af': 0.3002317246575309, 'gpp_b': 0.005419266601560437, 'gpp_d': 6.478643450593011, 'ign_k': 0.2774088323199561, 'ign_c': 22.126836566118193, 'trop_agb_crit': 9.599825416694289, 'trop_k_veg': 4.7254560805090735, 'fuel_k': 4.710433409437072, 'fuel_half': 11.781063202742125}.
[I 2026-06-10 21:59:33,133] Trial 1391 finished with values: [10.120980354478469, 10.120980354478469] and parameters: {'k1': 0.012840669372724958, 'D_low': 5.351452349843333, 'k2': 0.004695480001817501, 'D_high': 2289.1315306837046, 'fire_exp': 1.2781983515972553, 'P_half': 221.2683656611821, 'pre_dampen_half': 857.6556763881457, 'gpp_af': 0.22965432344634354, 'gpp_b': 0.005419266601560437, 'gpp_d': 0.25317223617431883, 'ign_k': 5.351470428717437, 'ign_c': 22.126836566118193, 'trop_agb_crit': 10.215415653610627, 'trop_k_veg': 4.7254560805090735, 'fuel_k': 4.710433409437072, 'fuel_half': 0.41780894656575596}.
[I 2026-06-10 21:59:35,874] Trial 1392 finished with values: [10.702218493069065, 10.702218493069065] and parameters: {'k1': 0.012840669372724958, 'D_low': 5.351452349843333, 'k2': 0.002884223471687844, 'D_high': 2289.1315306837046, 'fire_exp': 3.2852818052073594, 'P_half': 221.2683656611821, 'pre_dampen_half': 857.6556763881457, 'gpp_af': 0.3002317246575309, 'gpp_b': 0.0009153552948098625, 'gpp_d': 4.317251206640923, 'ign_k': 0.0010520180629652969, 'ign_c': 0.10731393763781541, 'trop_agb_crit': 10.215415653610627, 'trop_k_veg': 6.45312300188076, 'fuel_k': 4.710433409437072, 'fuel_half': 11.781063202742125}.
[I 2026-06-10 21:59:37,784] Trial 1393 finished with values: [10.286680150261846, 10.286680150261846] and parameters: {'k1': 0.012840669372724958, 'D_low': 5.351452349843333, 'k2': 7.520993899473574e-05, 'D_high': 2289.1315306837046, 'fire_exp': 1.465395640842616, 'P_half': 221.2683656611821, 'pre_dampen_half': 857.6556763881457, 'gpp_af': 0.3002317246575309, 'gpp_b': 0.005419266601560437, 'gpp_d': 229.41380323183625, 'ign_k': 5.351470428717437, 'ign_c': 22.126836566118193, 'trop_agb_crit': 10.215415653610627, 'trop_k_veg': 4.6587922535200255, 'fuel_k': 4.710433409437072, 'fuel_half': 11.781063202742125}.
[I 2026-06-10 21:59:39,891] Trial 1394 finished with values: [-0.8090884389563229, 0.10319152431132894] and parameters: {'k1': 0.012840669372724958, 'D_low': 5.351452349843333, 'k2': 0.004695480001817501, 'D_high': 2289.1315306837046, 'fire_exp': 1.4126958348191876, 'P_half': 221.2683656611821, 'pre_dampen_half': 857.6556763881457, 'gpp_af': 0.22965432344634354, 'gpp_b': 0.005419266601560437, 'gpp_d': 14.423399576193098, 'ign_k': 1.1044350847124695, 'ign_c': 22.126836566118193, 'trop_agb_crit': 10.215415653610627, 'trop_k_veg': 4.7254560805090735, 'fuel_k': 4.710433409437072, 'fuel_half': 11.781063202742125}.
[I 2026-06-10 21:59:41,889] Trial 1395 finished with values: [10.688780927382721, 10.688780927382721] and parameters: {'k1': 0.012840669372724958, 'D_low': 5.351452349843333, 'k2': 0.004695480001817501, 'D_high': 2289.1315306837046, 'fire_exp': 1.2781983515972553, 'P_half': 221.2683656611821, 'pre_dampen_half': 857.6556763881457, 'gpp_af': 0.22965432344634354, 'gpp_b': 0.005419266601560437, 'gpp_d': 0.015261837057206021, 'ign_k': 0.8599189552684969, 'ign_c': 22.126836566118193, 'trop_agb_crit': 8.65937260774655, 'trop_k_veg': 4.7254560805090735, 'fuel_k': 4.710433409437072, 'fuel_half': 11.781063202742125}.
[I 2026-06-10 21:59:43,608] Trial 1396 finished with values: [-0.8022747355184237, 0.1054421865387859] and parameters: {'k1': 0.05466937478766084, 'D_low': 5.351452349843333, 'k2': 0.002173988526401145, 'D_high': 2289.1315306837046, 'fire_exp': 1.465395640842616, 'P_half': 221.2683656611821, 'pre_dampen_half': 857.6556763881457, 'gpp_af': 0.3002317246575309, 'gpp_b': 0.005419266601560437, 'gpp_d': 124.54249714337948, 'ign_k': 1.1044350847124695, 'ign_c': 22.126836566118193, 'trop_agb_crit': 10.215415653610627, 'trop_k_veg': 4.6587922535200255, 'fuel_k': 5.450674461711213, 'fuel_half': 11.781063202742125}.
[I 2026-06-10 21:59:45,365] Trial 1397 finished with values: [-0.8168731490666086, 0.12484399264046608] and parameters: {'k1': 0.012840669372724958, 'D_low': 5.351452349843333, 'k2': 0.002884223471687844, 'D_high': 2289.1315306837046, 'fire_exp': 1.2824066284959506, 'P_half': 221.2683656611821, 'pre_dampen_half': 857.6556763881457, 'gpp_af': 0.3002317246575309, 'gpp_b': 0.005419266601560437, 'gpp_d': 229.41380323183625, 'ign_k': 1.1044350847124695, 'ign_c': 22.126836566118193, 'trop_agb_crit': 8.703844173724528, 'trop_k_veg': 3.376529607942905, 'fuel_k': 4.710433409437072, 'fuel_half': 11.781063202742125}.
[I 2026-06-10 21:59:47,623] Trial 1398 finished with values: [-0.8055097537240731, 0.14962023574704653] and parameters: {'k1': 0.05466937478766084, 'D_low': 5.351452349843333, 'k2': 0.002884223471687844, 'D_high': 2289.1315306837046, 'fire_exp': 2.1820296587284957, 'P_half': 221.2683656611821, 'pre_dampen_half': 857.6556763881457, 'gpp_af': 0.3002317246575309, 'gpp_b': 0.0001484082099455773, 'gpp_d': 229.41380323183625, 'ign_k': 5.351470428717437, 'ign_c': 22.126836566118193, 'trop_agb_crit': 10.215415653610627, 'trop_k_veg': 4.7254560805090735, 'fuel_k': 4.710433409437072, 'fuel_half': 11.781063202742125}.
[I 2026-06-10 21:59:49,717] Trial 1399 finished with values: [-0.8017480705605923, 0.12210859127963958] and parameters: {'k1': 0.05466937478766084, 'D_low': 37.35862630812753, 'k2': 0.002884223471687844, 'D_high': 2289.1315306837046, 'fire_exp': 1.2781983515972553, 'P_half': 221.2683656611821, 'pre_dampen_half': 857.6556763881457, 'gpp_af': 0.22965432344634354, 'gpp_b': 0.005419266601560437, 'gpp_d': 14.423399576193098, 'ign_k': 5.351470428717437, 'ign_c': 22.126836566118193, 'trop_agb_crit': 10.215415653610627, 'trop_k_veg': 4.7254560805090735, 'fuel_k': 4.710433409437072, 'fuel_half': 11.781063202742125}.
