[I 2026-06-11 01:47:17,496] Trial 1195 finished with values: [10.769118300450547, 10.769118300450547] and parameters: {'k1': 0.0012397054908843052, 'D_low': 236.79352040223893, 'k2': 0.00014078352411766088, 'D_high': 1748.3983085324367, 'fire_exp': 6.206609460089607, 'P_half': 7.914423612155368, 'pre_dampen_half': 7.72621571462232, 'gpp_af': 0.9219336658511308, 'gpp_b': 2.1309331861011757e-05, 'gpp_d': 304.7488318185732, 'ign_k': 7.544827057709847, 'ign_c': 1.364908766641693, 'trop_agb_crit': 24.199763404822136, 'trop_k_veg': 2.6646585294137255, 'fire_amp': 3.1045399027418377}.
[I 2026-06-11 01:47:18,919] Trial 1196 finished with values: [10.601755026818076, 10.601755026818076] and parameters: {'k1': 0.030699709531122967, 'D_low': 148.21691630007544, 'k2': 7.531057256501231e-05, 'D_high': 3454.0583523593405, 'fire_exp': 1.5191397119156032, 'P_half': 1554.7359415440887, 'pre_dampen_half': 121.93011993958949, 'gpp_af': 0.9219336658511308, 'gpp_b': 0.004411400434514031, 'gpp_d': 0.1619054449471649, 'ign_k': 7.544827057709847, 'ign_c': 3.8360290787481075, 'trop_agb_crit': 24.199763404822136, 'trop_k_veg': 0.8262197191676174, 'fire_amp': 5.1532175947535155}.
[I 2026-06-11 01:47:20,430] Trial 1197 finished with values: [10.891747599001555, 10.891747599001555] and parameters: {'k1': 0.00023134781612225627, 'D_low': 69.05604395130307, 'k2': 0.0002442377596403892, 'D_high': 6682.9607218310075, 'fire_exp': 1.811096651915224, 'P_half': 7.914423612155368, 'pre_dampen_half': 903.3231300044874, 'gpp_af': 0.005061568304359487, 'gpp_b': 0.0004360709560327289, 'gpp_d': 0.1619054449471649, 'ign_k': 0.17320535908244444, 'ign_c': 7.081721844034206, 'trop_agb_crit': 6.128416443551616, 'trop_k_veg': 0.5535297685306277, 'fire_amp': 3.1045399027418377}.
[I 2026-06-11 01:47:22,015] Trial 1198 finished with values: [-0.47898851018609734, 0.19489653473913127] and parameters: {'k1': 0.0002418422795847161, 'D_low': 236.79352040223893, 'k2': 0.0002442377596403892, 'D_high': 6682.9607218310075, 'fire_exp': 1.2060040899560858, 'P_half': 157.80309954142965, 'pre_dampen_half': 903.3231300044874, 'gpp_af': 0.005061568304359487, 'gpp_b': 0.001674375583895437, 'gpp_d': 0.4742269251269962, 'ign_k': 0.004105873950290761, 'ign_c': 1.364908766641693, 'trop_agb_crit': 4.789307037039607, 'trop_k_veg': 0.5535297685306277, 'fire_amp': 1.5719333351012774}.
[I 2026-06-11 01:47:23,383] Trial 1199 finished with values: [-0.6596860844393244, 0.0655674477540441] and parameters: {'k1': 0.0869690639641868, 'D_low': 236.79352040223893, 'k2': 0.0007731571570012607, 'D_high': 6682.9607218310075, 'fire_exp': 1.2060040899560858, 'P_half': 3.591771421517613, 'pre_dampen_half': 4.847666216751353, 'gpp_af': 0.046239120540552445, 'gpp_b': 0.001674375583895437, 'gpp_d': 0.1619054449471649, 'ign_k': 7.544827057709847, 'ign_c': 2.226297338331262, 'trop_agb_crit': 12.9667438075127, 'trop_k_veg': 0.828441460847982, 'fire_amp': 5.44779717154213}.
[setup] CRUJRA climate from data/crujra/, GPP from global_baseline_modelC_inputs_1997-2016.nc ...
[setup] loading GFED5 reference from burntArea.nc ...
[setup] land cells (GFED5 burnable): 13916 / 64800 (21.5%)
[setup] GFED5 land-mean monthly frac: 0.005068
[opt] REGION=Boreal: fitting 2602 land cells only
[opt] warm-start from params.boreal.json
[warm] Overall=0.5475  bias=0.6321 rmse=0.3795 seas=0.8234 spatial=0.5228
[opt] sampler=NSGAIISampler seed=42
[opt] running 1200 trials against GFED5 ...
  trial   12/1200  pareto_size=1  best_taylor=0.6744  best_ilamb=0.5475  (0.3 min)
  trial   25/1200  pareto_size=1  best_taylor=0.6744  best_ilamb=0.5475  (0.7 min)
  trial   38/1200  pareto_size=1  best_taylor=0.6744  best_ilamb=0.5475  (1.0 min)
  trial   51/1200  pareto_size=1  best_taylor=0.6744  best_ilamb=0.5475  (1.4 min)
  trial   64/1200  pareto_size=1  best_taylor=0.6744  best_ilamb=0.5475  (1.7 min)
  trial   77/1200  pareto_size=1  best_taylor=0.6744  best_ilamb=0.5475  (2.1 min)
  trial   90/1200  pareto_size=1  best_taylor=0.6744  best_ilamb=0.5475  (2.4 min)
  trial  103/1200  pareto_size=1  best_taylor=0.6744  best_ilamb=0.5475  (2.7 min)
  trial  116/1200  pareto_size=1  best_taylor=0.6744  best_ilamb=0.5475  (3.1 min)
  trial  130/1200  pareto_size=1  best_taylor=0.6744  best_ilamb=0.5475  (3.4 min)
  trial  143/1200  pareto_size=1  best_taylor=0.6744  best_ilamb=0.5475  (3.8 min)
  trial  156/1200  pareto_size=1  best_taylor=0.6744  best_ilamb=0.5475  (4.1 min)
  trial  169/1200  pareto_size=1  best_taylor=0.6744  best_ilamb=0.5475  (4.4 min)
  trial  183/1200  pareto_size=1  best_taylor=0.6744  best_ilamb=0.5475  (4.8 min)
  trial  197/1200  pareto_size=1  best_taylor=0.6744  best_ilamb=0.5475  (5.1 min)
  trial  211/1200  pareto_size=1  best_taylor=0.6744  best_ilamb=0.5475  (5.5 min)
  trial  225/1200  pareto_size=1  best_taylor=0.6744  best_ilamb=0.5475  (5.8 min)
  trial  239/1200  pareto_size=1  best_taylor=0.6744  best_ilamb=0.5475  (6.2 min)
  trial  253/1200  pareto_size=1  best_taylor=0.6744  best_ilamb=0.5475  (6.5 min)
  trial  268/1200  pareto_size=1  best_taylor=0.6744  best_ilamb=0.5475  (6.9 min)
  trial  282/1200  pareto_size=1  best_taylor=0.6744  best_ilamb=0.5475  (7.2 min)
  trial  296/1200  pareto_size=1  best_taylor=0.6744  best_ilamb=0.5475  (7.5 min)
  trial  310/1200  pareto_size=1  best_taylor=0.6744  best_ilamb=0.5475  (7.9 min)
  trial  324/1200  pareto_size=1  best_taylor=0.6744  best_ilamb=0.5475  (8.2 min)
  trial  338/1200  pareto_size=1  best_taylor=0.6744  best_ilamb=0.5475  (8.6 min)
  trial  353/1200  pareto_size=1  best_taylor=0.6744  best_ilamb=0.5475  (8.9 min)
  trial  368/1200  pareto_size=1  best_taylor=0.6744  best_ilamb=0.5475  (9.3 min)
  trial  382/1200  pareto_size=1  best_taylor=0.6744  best_ilamb=0.5475  (9.6 min)
  trial  397/1200  pareto_size=1  best_taylor=0.6744  best_ilamb=0.5475  (10.0 min)
  trial  412/1200  pareto_size=1  best_taylor=0.6744  best_ilamb=0.5475  (10.3 min)
  trial  426/1200  pareto_size=1  best_taylor=0.6743  best_ilamb=0.5446  (10.7 min)
  trial  441/1200  pareto_size=1  best_taylor=0.6743  best_ilamb=0.5446  (11.0 min)
  trial  455/1200  pareto_size=1  best_taylor=0.6743  best_ilamb=0.5446  (11.4 min)
  trial  470/1200  pareto_size=1  best_taylor=0.6743  best_ilamb=0.5446  (11.7 min)
  trial  484/1200  pareto_size=2  best_taylor=0.6743  best_ilamb=0.5446  (12.1 min)
  trial  499/1200  pareto_size=2  best_taylor=0.6743  best_ilamb=0.5446  (12.4 min)
  trial  514/1200  pareto_size=2  best_taylor=0.6743  best_ilamb=0.5446  (12.8 min)
  trial  528/1200  pareto_size=3  best_taylor=0.6743  best_ilamb=0.5446  (13.1 min)
  trial  542/1200  pareto_size=3  best_taylor=0.6743  best_ilamb=0.5446  (13.5 min)
  trial  557/1200  pareto_size=3  best_taylor=0.6743  best_ilamb=0.5446  (13.8 min)
  trial  571/1200  pareto_size=3  best_taylor=0.6743  best_ilamb=0.5446  (14.2 min)
  trial  586/1200  pareto_size=3  best_taylor=0.6743  best_ilamb=0.5446  (14.5 min)
  trial  600/1200  pareto_size=3  best_taylor=0.6743  best_ilamb=0.5446  (14.9 min)
  trial  614/1200  pareto_size=5  best_taylor=0.6891  best_ilamb=0.5489  (15.2 min)
  trial  629/1200  pareto_size=5  best_taylor=0.6891  best_ilamb=0.5489  (15.6 min)
  trial  644/1200  pareto_size=5  best_taylor=0.6891  best_ilamb=0.5489  (15.9 min)
  trial  658/1200  pareto_size=7  best_taylor=0.6891  best_ilamb=0.5653  (16.3 min)
  trial  673/1200  pareto_size=7  best_taylor=0.6891  best_ilamb=0.5653  (16.6 min)
  trial  688/1200  pareto_size=7  best_taylor=0.6891  best_ilamb=0.5653  (17.0 min)
  trial  703/1200  pareto_size=7  best_taylor=0.6891  best_ilamb=0.5653  (17.4 min)
  trial  717/1200  pareto_size=7  best_taylor=0.6891  best_ilamb=0.5653  (17.7 min)
  trial  731/1200  pareto_size=7  best_taylor=0.6891  best_ilamb=0.5653  (18.1 min)
  trial  746/1200  pareto_size=7  best_taylor=0.6891  best_ilamb=0.5653  (18.4 min)
  trial  760/1200  pareto_size=7  best_taylor=0.6891  best_ilamb=0.5653  (18.8 min)
  trial  773/1200  pareto_size=4  best_taylor=0.6891  best_ilamb=0.5489  (19.1 min)
  trial  788/1200  pareto_size=5  best_taylor=0.7209  best_ilamb=0.5489  (19.5 min)
  trial  802/1200  pareto_size=5  best_taylor=0.7209  best_ilamb=0.5489  (19.8 min)
  trial  816/1200  pareto_size=5  best_taylor=0.7209  best_ilamb=0.5489  (20.2 min)
  trial  830/1200  pareto_size=5  best_taylor=0.7209  best_ilamb=0.5489  (20.5 min)
  trial  844/1200  pareto_size=5  best_taylor=0.7209  best_ilamb=0.5489  (20.9 min)
  trial  854/1200  pareto_size=5  best_taylor=0.7209  best_ilamb=0.5489  (21.2 min)
  trial  863/1200  pareto_size=4  best_taylor=0.7209  best_ilamb=0.5243  (21.6 min)
  trial  872/1200  pareto_size=4  best_taylor=0.7209  best_ilamb=0.5243  (22.0 min)
  trial  881/1200  pareto_size=4  best_taylor=0.7209  best_ilamb=0.5243  (22.4 min)
  trial  890/1200  pareto_size=4  best_taylor=0.7209  best_ilamb=0.5243  (22.8 min)
  trial  900/1200  pareto_size=4  best_taylor=0.7209  best_ilamb=0.5243  (23.1 min)
  trial  913/1200  pareto_size=2  best_taylor=0.6581  best_ilamb=0.5088  (23.5 min)
  trial  927/1200  pareto_size=2  best_taylor=0.6581  best_ilamb=0.5088  (23.8 min)
  trial  941/1200  pareto_size=2  best_taylor=0.6581  best_ilamb=0.5088  (24.2 min)
  trial  955/1200  pareto_size=2  best_taylor=0.6581  best_ilamb=0.5088  (24.5 min)
  trial  969/1200  pareto_size=2  best_taylor=0.6581  best_ilamb=0.5088  (24.9 min)
  trial  984/1200  pareto_size=2  best_taylor=0.6581  best_ilamb=0.5088  (25.2 min)
  trial  998/1200  pareto_size=2  best_taylor=0.6581  best_ilamb=0.5088  (25.6 min)
  trial 1013/1200  pareto_size=2  best_taylor=0.6581  best_ilamb=0.5088  (25.9 min)
  trial 1027/1200  pareto_size=2  best_taylor=0.6581  best_ilamb=0.5088  (26.3 min)
  trial 1042/1200  pareto_size=2  best_taylor=0.6581  best_ilamb=0.5088  (26.6 min)
  trial 1056/1200  pareto_size=2  best_taylor=0.6581  best_ilamb=0.5088  (27.0 min)
  trial 1071/1200  pareto_size=2  best_taylor=0.6581  best_ilamb=0.5088  (27.4 min)
  trial 1085/1200  pareto_size=2  best_taylor=0.6581  best_ilamb=0.5088  (27.7 min)
  trial 1100/1200  pareto_size=2  best_taylor=0.6581  best_ilamb=0.5088  (28.1 min)
  trial 1114/1200  pareto_size=2  best_taylor=0.6581  best_ilamb=0.5088  (28.4 min)
  trial 1128/1200  pareto_size=2  best_taylor=0.6581  best_ilamb=0.5088  (28.8 min)
  trial 1143/1200  pareto_size=2  best_taylor=0.6581  best_ilamb=0.5088  (29.1 min)
  trial 1158/1200  pareto_size=2  best_taylor=0.6581  best_ilamb=0.5088  (29.5 min)
  trial 1173/1200  pareto_size=2  best_taylor=0.6581  best_ilamb=0.5088  (29.8 min)
  trial 1188/1200  pareto_size=2  best_taylor=0.6581  best_ilamb=0.5088  (30.2 min)

[done] 1200 trials in 30.5 min
[pareto] 3 non-dominated trials, 3 with fp_score >= 0.85
[chosen] trial 763: ILAMB=0.5088  fp_score=0.9054  ratio=0.97
[best] Bias=0.5928  RMSE=0.3611  Seas=0.7173  Spatial=0.5115  Overall=0.5088
[diag] raw rate land-mean (yr^-1): 0.0886  (target ~ 0.06082)
[write] D:\FIRE_OFFLINE\models\C\params.borealseas.json
[write] D:\FIRE_OFFLINE\ilamb\MODELS\ED-ModelC-final\burntArea.borealseas.nc  (9.5 MB)

[FIX2] dumping top-3 Pareto candidates -> D:\FIRE_OFFLINE\ilamb\MODELS_TOPK_borealseas
  k1: trial 763  internal_overall=0.5088  taylor=0.6581  sigma=0.977  fp=0.905  ratio=0.97  amp=5.45
  k2: trial 1192  internal_overall=0.5088  taylor=0.6581  sigma=0.977  fp=0.905  ratio=0.97  amp=5.45
  k3: trial 908  internal_overall=0.5041  taylor=0.6369  sigma=1.091  fp=0.979  ratio=0.78  amp=5.45
[FIX2] manifest -> D:\FIRE_OFFLINE\models\C\topk.borealseas.json
[FIX2] re-score all candidates with official ILAMB (CLAUDE.md recipe; clean ._* first), e.g. --model_root "$PWD/ilamb/MODELS_TOPK_borealseas"
[FIX2] promote the candidate with the best OFFICIAL Overall, NOT the internal one.
=== done Boreal exit=0 ===
=== fitting S.America (TAG=samericaseas, RATE_AMP, warm=params.samerica.json) ===
[I 2026-06-11 01:47:55,904] A new study created in memory with name: no-name-b0771d30-7c11-4a98-823c-d6236b0fe2c1
[I 2026-06-11 01:47:57,353] Trial 0 finished with values: [-0.7786842423713305, 0.07374717576750867] and parameters: {'k1': 3.609310926766545e-05, 'D_low': 1121.5915868662764, 'k2': 0.003767022142229395, 'D_high': 2298.2155660045737, 'fire_exp': 1.4848387260494937, 'P_half': 1265.0580856641704, 'pre_dampen_half': 170.71098124594695, 'gpp_af': 1.9706963379095486, 'gpp_b': 0.00012118589392553798, 'gpp_d': 96.93415502195788, 'ign_k': 0.012480180965117606, 'ign_c': 0.4177928311636542, 'trop_agb_crit': 5.635210829694053, 'trop_k_veg': 4.989748894578724, 'fire_amp': 3.1543496524370136}.
[I 2026-06-11 01:47:58,920] Trial 1 finished with values: [10.767780751833365, 10.767780751833365] and parameters: {'k1': 0.00031489116479568613, 'D_low': 6351.221010640702, 'k2': 0.008471801418819975, 'D_high': 2481.0409748678126, 'fire_exp': 1.4322493718230251, 'P_half': 4.2070539502879365, 'pre_dampen_half': 0.0195172246414495, 'gpp_af': 21.42302175774105, 'gpp_b': 0.040428727350273294, 'gpp_d': 34.70266988650411, 'ign_k': 0.0012087541473056963, 'ign_c': 757.9479953347999, 'trop_agb_crit': 16.967533607196547, 'trop_k_veg': 0.9008485225328876, 'fire_amp': 1.3851197621057665}.
[I 2026-06-11 01:48:00,418] Trial 2 finished with values: [10.76400001093091, 10.76400001093091] and parameters: {'k1': 5.415244119402538e-05, 'D_low': 16.480446427978972, 'k2': 0.0012561043700013551, 'D_high': 534.2937261279774, 'fire_exp': 1.9553708662745248, 'P_half': 280.163515871626, 'pre_dampen_half': 0.04982752357076448, 'gpp_af': 0.028888383623653185, 'gpp_b': 0.0015782327810795573, 'gpp_d': 1.9069966103000422, 'ign_k': 1.382623217936987, 'ign_c': 0.6290644294586147, 'trop_agb_crit': 5.748924681991978, 'trop_k_veg': 2.584093506411774, 'fire_amp': 1.0867895322868466}.
[I 2026-06-11 01:48:01,892] Trial 3 finished with values: [10.769230768877819, 10.769230768877819] and parameters: {'k1': 0.0026926469100861782, 'D_low': 4.809461967501573, 'k2': 1.8205657658407255e-05, 'D_high': 62451.395747430804, 'fire_exp': 9.23915031962725, 'P_half': 1712.3375973163984, 'pre_dampen_half': 0.3334792728637583, 'gpp_af': 0.0030786517836196197, 'gpp_b': 0.12746711578215045, 'gpp_d': 1.587678152692399, 'ign_k': 0.003077180271250686, 'ign_c': 9.565499215943817, 'trop_agb_crit': 1.1240768803005543, 'trop_k_veg': 6.221582596639011, 'fire_amp': 1.5899005744404588}.
[I 2026-06-11 01:48:03,273] Trial 4 finished with values: [10.763549495808816, 10.763549495808816] and parameters: {'k1': 0.004467752817973905, 'D_low': 17.65404805249507, 'k2': 0.0012030178871154666, 'D_high': 1537.592023548176, 'fire_exp': 1.5305744365500176, 'P_half': 7556.810141274427, 'pre_dampen_half': 75.10418138777538, 'gpp_af': 49.830438374949125, 'gpp_b': 2.3386439256208704, 'gpp_d': 9.761125443110442, 'ign_k': 4.869640941520899, 'ign_c': 0.22592797420156951, 'trop_agb_crit': 1.9475582306295418, 'trop_k_veg': 0.5667990147757791, 'fire_amp': 1.7912500010961188}.
[I 2026-06-11 01:48:04,703] Trial 5 finished with values: [10.761647281277964, 10.761647281277964] and parameters: {'k1': 0.00035868164986275477, 'D_low': 12.172958098369968, 'k2': 0.02065142557895925, 'D_high': 267.3088310781672, 'fire_exp': 1.9095652801045373, 'P_half': 148.17820606039086, 'pre_dampen_half': 0.050654860639753524, 'gpp_af': 10.25616274847308, 'gpp_b': 2.800940363375676e-05, 'gpp_d': 859.8737339212263, 'ign_k': 1.2273800987852967, 'ign_c': 0.6235377135673155, 'trop_agb_crit': 1.0189592979395135, 'trop_k_veg': 4.796046723963646, 'fire_amp': 3.548476438923424}.
[I 2026-06-11 01:48:06,204] Trial 6 finished with values: [10.759182866740062, 10.759182866740062] and parameters: {'k1': 0.00824192526487645, 'D_low': 1216.4139351417061, 'k2': 1.97778285124627e-05, 'D_high': 271.55819552829405, 'fire_exp': 1.305777134899723, 'P_half': 2834.090429514774, 'pre_dampen_half': 13.076473382928533, 'gpp_af': 0.04513257622008944, 'gpp_b': 2.4063018320720924e-05, 'gpp_d': 0.3588488911386258, 'ign_k': 0.01998634077852888, 'ign_c': 82.87522363768154, 'trop_agb_crit': 8.74479618932312, 'trop_k_veg': 5.85168037586392, 'fire_amp': 2.330529660087218}.
[I 2026-06-11 01:48:07,771] Trial 7 finished with values: [10.769214810103449, 10.769214810103449] and parameters: {'k1': 3.0086868214458443e-05, 'D_low': 712.8188058401365, 'k2': 0.011044350847124691, 'D_high': 1758.364027000852, 'fire_exp': 5.901564798023388, 'P_half': 94.44574254983563, 'pre_dampen_half': 4.108318894699926, 'gpp_af': 0.137310924682403, 'gpp_b': 1.420740499067604e-05, 'gpp_d': 0.034630370261191847, 'ign_k': 0.0013357240411974098, 'ign_c': 35.12704726270843, 'trop_agb_crit': 2.9130095015495914, 'trop_k_veg': 2.048095183109572, 'fire_amp': 5.0842159235079025}.
[I 2026-06-11 01:48:09,225] Trial 8 finished with values: [10.769230768877819, 10.769230768877819] and parameters: {'k1': 9.935023909063687e-05, 'D_low': 43.805807679056535, 'k2': 0.010524574681335632, 'D_high': 82.26074946221037, 'fire_exp': 1.1939328726535439, 'P_half': 14.421346497969488, 'pre_dampen_half': 0.06398916399944082, 'gpp_af': 44.51314315649209, 'gpp_b': 0.7058660227368639, 'gpp_d': 14.689898077648792, 'ign_k': 3.06085221067225, 'ign_c': 163.94127471631597, 'trop_agb_crit': 1.8861950443028859, 'trop_k_veg': 5.9390657068063915, 'fire_amp': 2.6283902041435616}.
[I 2026-06-11 01:48:10,676] Trial 9 finished with values: [10.672816465561993, 10.672816465561993] and parameters: {'k1': 0.016973078532467004, 'D_low': 3840.3004190988563, 'k2': 0.0001870742013766025, 'D_high': 27.55546207779663, 'fire_exp': 1.6901885781909627, 'P_half': 51.10120656497163, 'pre_dampen_half': 123.04779330083686, 'gpp_af': 20.12115544906385, 'gpp_b': 1.1008110571039521e-05, 'gpp_d': 3.57879245350232, 'ign_k': 0.0467351899956275, 'ign_c': 0.773448215664679, 'trop_agb_crit': 1.5033346993841157, 'trop_k_veg': 1.2749676887479542, 'fire_amp': 5.416595007374148}.
[I 2026-06-11 01:48:12,112] Trial 10 finished with values: [10.769230768877819, 10.769230768877819] and parameters: {'k1': 0.00019625093208439862, 'D_low': 118.89469769530467, 'k2': 0.006487477066058677, 'D_high': 284.78585168562967, 'fire_exp': 9.370916815598129, 'P_half': 7076.022085822009, 'pre_dampen_half': 0.18151456496577564, 'gpp_af': 0.3063673848555845, 'gpp_b': 0.0006386602091836768, 'gpp_d': 0.2655843450849988, 'ign_k': 0.0014045842344024703, 'ign_c': 27.431991397796672, 'trop_agb_crit': 5.527361503993262, 'trop_k_veg': 0.5767088252796749, 'fire_amp': 1.6475139271479562}.
[I 2026-06-11 01:48:13,714] Trial 11 finished with values: [10.76923074103256, 10.76923074103256] and parameters: {'k1': 0.042959927905391264, 'D_low': 9.083381663660585, 'k2': 3.798214508453257e-05, 'D_high': 907.4256288983863, 'fire_exp': 9.674988425050117, 'P_half': 9.29439415564499, 'pre_dampen_half': 22.944454507601968, 'gpp_af': 6.428328717564121, 'gpp_b': 0.00026657858841301916, 'gpp_d': 43.76044634724402, 'ign_k': 0.029589152820953094, 'ign_c': 33.82387201936214, 'trop_agb_crit': 8.62581622692092, 'trop_k_veg': 2.2085488395582877, 'fire_amp': 1.1755987008531337}.
[I 2026-06-11 01:48:15,301] Trial 12 finished with values: [10.76914171646049, 10.76914171646049] and parameters: {'k1': 0.02193865417811505, 'D_low': 19.192001101561882, 'k2': 5.572807500029961e-05, 'D_high': 14.557961490251989, 'fire_exp': 3.898458749305194, 'P_half': 513.1654955148325, 'pre_dampen_half': 0.01210428510799503, 'gpp_af': 0.36346725534286806, 'gpp_b': 0.0002285465401900534, 'gpp_d': 16.821470258034143, 'ign_k': 0.004982711200081134, 'ign_c': 58.04314717414065, 'trop_agb_crit': 3.726104236509946, 'trop_k_veg': 6.7128246388513295, 'fire_amp': 1.2794169340673422}.
[I 2026-06-11 01:48:16,672] Trial 13 finished with values: [10.746083062543297, 10.746083062543297] and parameters: {'k1': 0.00023134781612225627, 'D_low': 2.843767489444367, 'k2': 0.0499774937030317, 'D_high': 32311.521854410956, 'fire_exp': 1.811096651915224, 'P_half': 436.4516946807792, 'pre_dampen_half': 121.93011993958949, 'gpp_af': 0.5970408652384318, 'gpp_b': 0.015062722325200045, 'gpp_d': 0.1619054449471649, 'ign_k': 0.002357279455676982, 'ign_c': 388.02797007866826, 'trop_agb_crit': 21.380932890222198, 'trop_k_veg': 2.8926781829782864, 'fire_amp': 1.8357623383234334}.
[I 2026-06-11 01:48:18,133] Trial 14 finished with values: [10.769230768877819, 10.769230768877819] and parameters: {'k1': 0.00024936660834465205, 'D_low': 801.3508750140625, 'k2': 0.0387651117091163, 'D_high': 35346.441441965806, 'fire_exp': 6.023869375703683, 'P_half': 369.93598999597504, 'pre_dampen_half': 0.026345098397336078, 'gpp_af': 0.00642900214221209, 'gpp_b': 2.462210228732003, 'gpp_d': 10.768254179081206, 'ign_k': 0.0010883991813938126, 'ign_c': 0.25461628161276906, 'trop_agb_crit': 9.551521678079945, 'trop_k_veg': 0.5070663123919332, 'fire_amp': 1.3339298352621864}.
[I 2026-06-11 01:48:19,500] Trial 15 finished with values: [10.76923047338922, 10.76923047338922] and parameters: {'k1': 0.001566517163094646, 'D_low': 585.5726588796255, 'k2': 0.004053638704742309, 'D_high': 78.90004262668583, 'fire_exp': 5.154413091020758, 'P_half': 8.89193644629625, 'pre_dampen_half': 0.4236414938631993, 'gpp_af': 5.400786701286536, 'gpp_b': 0.07903098490824653, 'gpp_d': 176.24510039685507, 'ign_k': 0.42702329684055446, 'ign_c': 18.760068220300635, 'trop_agb_crit': 1.3752099014456878, 'trop_k_veg': 1.3859384729785302, 'fire_amp': 1.6083018222627783}.
[I 2026-06-11 01:48:21,024] Trial 16 finished with values: [10.769230229605716, 10.769230229605716] and parameters: {'k1': 9.461469059966113e-05, 'D_low': 7799.059237255678, 'k2': 0.00037358626308127543, 'D_high': 36998.679204890876, 'fire_exp': 4.2769938521987285, 'P_half': 1510.9330261674459, 'pre_dampen_half': 3.2597587933173577, 'gpp_af': 0.76651282046602, 'gpp_b': 0.009017915528354467, 'gpp_d': 0.09467055845337147, 'ign_k': 0.7759048401667639, 'ign_c': 1.327667883604765, 'trop_agb_crit': 1.0862195895119262, 'trop_k_veg': 2.9936160189545182, 'fire_amp': 1.373469110848509}.
