[I 2026-07-22 20:41:50,734] Trial 874 finished with values: [10.124648424457073, 10.124648424457073] and parameters: {'k1': 0.028401063201780267, 'D_low': 2240.9155921647994, 'k2': 0.00033271381912662167, 'D_high': 7582666.86383311, 'fire_exp': 1.7358522831553098, 'P_half': 157.80309954142965, 'pre_dampen_half': 13.472769577631588, 'gpp_af': 0.2901272149738624, 'gpp_b': 0.004458440839692221, 'gpp_d': 12.338826503601998, 'ign_k': 3.965503094323014, 'ign_c': 22.126836566118193, 'trop_agb_crit': 12.647327018493208, 'trop_k_veg': 0.8170196702261714, 'fuel_k': 0.07002142869039267, 'fuel_half': 0.6603566884894324}.
[I 2026-07-22 20:41:51,169] Trial 875 finished with values: [10.028576447480336, 10.028576447480336] and parameters: {'k1': 0.012840669372724958, 'D_low': 216.6574784061471, 'k2': 0.015109086063191909, 'D_high': 693439.2750387826, 'fire_exp': 1.5191397119156032, 'P_half': 50.34696988263488, 'pre_dampen_half': 14.689407256107613, 'gpp_af': 0.2991469302130216, 'gpp_b': 0.004458440839692221, 'gpp_d': 12.338826503601998, 'ign_k': 3.965503094323014, 'ign_c': 22.126836566118193, 'trop_agb_crit': 2.679156169946616, 'trop_k_veg': 2.724170387400844, 'fuel_k': 0.9853604572233567, 'fuel_half': 0.6603566884894324}.
[I 2026-07-22 20:41:51,589] Trial 876 finished with values: [10.226807672772306, 10.226807672772306] and parameters: {'k1': 0.008471801418819975, 'D_low': 2240.9155921647994, 'k2': 0.0006863458703786212, 'D_high': 2742371.6496047364, 'fire_exp': 1.5704801393982246, 'P_half': 355.00125258511594, 'pre_dampen_half': 13.472769577631588, 'gpp_af': 0.2901272149738624, 'gpp_b': 0.004458440839692221, 'gpp_d': 274.48645214004335, 'ign_k': 2.7142572552186843, 'ign_c': 22.126836566118193, 'trop_agb_crit': 12.647327018493208, 'trop_k_veg': 0.8170196702261714, 'fuel_k': 0.07002142869039267, 'fuel_half': 3.75205585512428}.
[I 2026-07-22 20:41:52,005] Trial 877 finished with values: [-0.7544954653929186, 0.06792592002389486] and parameters: {'k1': 0.028401063201780267, 'D_low': 16.00237013173313, 'k2': 0.00033271381912662167, 'D_high': 6525529.853354094, 'fire_exp': 1.5532616753672623, 'P_half': 157.80309954142965, 'pre_dampen_half': 8.167954146605434, 'gpp_af': 0.03522602097143089, 'gpp_b': 0.00012118589392553798, 'gpp_d': 12.338826503601998, 'ign_k': 3.965503094323014, 'ign_c': 22.126836566118193, 'trop_agb_crit': 5.526463318565575, 'trop_k_veg': 2.724170387400844, 'fuel_k': 0.10978148458640455, 'fuel_half': 0.6603566884894324}.
[I 2026-07-22 20:41:52,460] Trial 878 finished with values: [-0.6910543489830744, 0.09502594006761933] and parameters: {'k1': 0.009824098714990489, 'D_low': 2240.9155921647994, 'k2': 0.014666151770108535, 'D_high': 693439.2750387826, 'fire_exp': 1.5532616753672623, 'P_half': 355.00125258511594, 'pre_dampen_half': 13.472769577631588, 'gpp_af': 0.2901272149738624, 'gpp_b': 0.0028993292583566945, 'gpp_d': 352.0481045526035, 'ign_k': 2.136832907235876, 'ign_c': 0.26691447170887805, 'trop_agb_crit': 12.647327018493208, 'trop_k_veg': 0.8170196702261714, 'fuel_k': 0.07002142869039267, 'fuel_half': 3.75205585512428}.
[I 2026-07-22 20:41:52,912] Trial 879 finished with values: [-0.7219880326462483, 0.1183808789973213] and parameters: {'k1': 0.043264339974928574, 'D_low': 2240.9155921647994, 'k2': 0.00016536937182824412, 'D_high': 742367.1202297736, 'fire_exp': 1.8719045352638064, 'P_half': 102.4585893986732, 'pre_dampen_half': 19.15989111449387, 'gpp_af': 0.007914355321045717, 'gpp_b': 2.176805640408474e-05, 'gpp_d': 12.151631524283598, 'ign_k': 0.00891606651464436, 'ign_c': 0.12510188850164433, 'trop_agb_crit': 12.647327018493208, 'trop_k_veg': 0.8170196702261714, 'fuel_k': 4.710433409437071, 'fuel_half': 1.3323297901105766}.
[I 2026-07-22 20:41:53,349] Trial 880 finished with values: [10.289501004171816, 10.289501004171816] and parameters: {'k1': 0.028401063201780267, 'D_low': 2240.9155921647994, 'k2': 0.015109086063191909, 'D_high': 2413579.2291304003, 'fire_exp': 1.8719045352638064, 'P_half': 50.34696988263488, 'pre_dampen_half': 14.689407256107613, 'gpp_af': 0.004369972780168874, 'gpp_b': 0.0028993292583566945, 'gpp_d': 12.338826503601998, 'ign_k': 2.136832907235876, 'ign_c': 0.12510188850164433, 'trop_agb_crit': 12.647327018493208, 'trop_k_veg': 1.3987664054208562, 'fuel_k': 0.025620781631399487, 'fuel_half': 1.3323297901105766}.
[I 2026-07-22 20:41:53,773] Trial 881 finished with values: [-0.7382875057154572, 0.10323602721121972] and parameters: {'k1': 0.028401063201780267, 'D_low': 216.6574784061471, 'k2': 0.015109086063191909, 'D_high': 2413579.2291304003, 'fire_exp': 1.5191397119156032, 'P_half': 157.80309954142965, 'pre_dampen_half': 16.224010950061366, 'gpp_af': 3.470266988650414, 'gpp_b': 0.004458440839692221, 'gpp_d': 12.338826503601998, 'ign_k': 3.965503094323014, 'ign_c': 22.126836566118193, 'trop_agb_crit': 10.584071370490857, 'trop_k_veg': 1.3987664054208562, 'fuel_k': 0.025620781631399487, 'fuel_half': 0.6603566884894324}.
[I 2026-07-22 20:41:54,197] Trial 882 finished with values: [-0.7232948144340643, 0.15565995896904394] and parameters: {'k1': 0.008471801418819975, 'D_low': 216.6574784061471, 'k2': 0.0009562822793888481, 'D_high': 2742371.6496047364, 'fire_exp': 1.5532616753672623, 'P_half': 355.00125258511594, 'pre_dampen_half': 9.16302609334724, 'gpp_af': 3.470266988650414, 'gpp_b': 1.3289448722869181e-05, 'gpp_d': 36.831884165358964, 'ign_k': 2.136832907235876, 'ign_c': 17.583640270008498, 'trop_agb_crit': 12.647327018493208, 'trop_k_veg': 1.9658897090912955, 'fuel_k': 0.07002142869039267, 'fuel_half': 0.3036855685244964}.
[I 2026-07-22 20:41:54,636] Trial 883 finished with values: [12.021433327435261, 12.021433327435261] and parameters: {'k1': 0.0006533684593224971, 'D_low': 2240.9155921647994, 'k2': 0.014666151770108535, 'D_high': 693439.2750387826, 'fire_exp': 1.8719045352638064, 'P_half': 93.43302657318476, 'pre_dampen_half': 16.224010950061366, 'gpp_af': 0.2991469302130216, 'gpp_b': 0.0010705452675286678, 'gpp_d': 36.831884165358964, 'ign_k': 2.7142572552186843, 'ign_c': 17.583640270008498, 'trop_agb_crit': 2.679156169946616, 'trop_k_veg': 2.1144348148283285, 'fuel_k': 4.710433409437071, 'fuel_half': 0.3036855685244964}.
[I 2026-07-22 20:41:55,059] Trial 884 finished with values: [-0.7398834194980686, 0.07943589436861753] and parameters: {'k1': 0.028401063201780267, 'D_low': 2240.9155921647994, 'k2': 0.00033271381912662167, 'D_high': 6525529.853354094, 'fire_exp': 1.5191397119156032, 'P_half': 102.4585893986732, 'pre_dampen_half': 8.259599205585763, 'gpp_af': 0.03522602097143089, 'gpp_b': 0.00012118589392553798, 'gpp_d': 12.338826503601998, 'ign_k': 3.965503094323014, 'ign_c': 22.126836566118193, 'trop_agb_crit': 5.526463318565575, 'trop_k_veg': 2.724170387400844, 'fuel_k': 0.10978148458640455, 'fuel_half': 71.14476009343416}.
[I 2026-07-22 20:41:55,478] Trial 885 finished with values: [-0.1678918236231469, 0.22988714471209626] and parameters: {'k1': 0.028401063201780267, 'D_low': 1.6752866684650682, 'k2': 0.00033271381912662167, 'D_high': 2413579.2291304003, 'fire_exp': 1.8719045352638064, 'P_half': 157.80309954142965, 'pre_dampen_half': 16.224010950061366, 'gpp_af': 43.693637535567426, 'gpp_b': 0.004458440839692221, 'gpp_d': 352.0481045526035, 'ign_k': 0.0029519227433917453, 'ign_c': 0.12510188850164433, 'trop_agb_crit': 13.050465147768051, 'trop_k_veg': 1.3987664054208562, 'fuel_k': 0.025620781631399487, 'fuel_half': 1.3323297901105766}.
[I 2026-07-22 20:41:55,896] Trial 886 finished with values: [10.512913057714888, 10.512913057714888] and parameters: {'k1': 0.008471801418819975, 'D_low': 22.268638802172656, 'k2': 0.014666151770108535, 'D_high': 2413579.2291304003, 'fire_exp': 1.5532616753672623, 'P_half': 355.00125258511594, 'pre_dampen_half': 16.224010950061366, 'gpp_af': 0.2901272149738624, 'gpp_b': 0.004458440839692221, 'gpp_d': 36.831884165358964, 'ign_k': 2.136832907235876, 'ign_c': 0.26691447170887805, 'trop_agb_crit': 2.7395739167173065, 'trop_k_veg': 3.1470652177597604, 'fuel_k': 0.07002142869039267, 'fuel_half': 0.3036855685244964}.
[I 2026-07-22 20:41:56,323] Trial 887 finished with values: [-0.7457450326982709, 0.166620016736295] and parameters: {'k1': 0.0011101191524846067, 'D_low': 2240.9155921647994, 'k2': 0.015602015889668856, 'D_high': 2742371.6496047364, 'fire_exp': 1.9025702662542903, 'P_half': 93.43302657318476, 'pre_dampen_half': 16.224010950061366, 'gpp_af': 0.03522602097143089, 'gpp_b': 2.852199954727099e-05, 'gpp_d': 12.338826503601998, 'ign_k': 2.7142572552186843, 'ign_c': 17.583640270008498, 'trop_agb_crit': 2.7395739167173065, 'trop_k_veg': 0.8170196702261714, 'fuel_k': 0.17831939405431224, 'fuel_half': 1.3323297901105766}.
[I 2026-07-22 20:41:56,739] Trial 888 finished with values: [12.503943080225465, 12.503943080225465] and parameters: {'k1': 0.028401063201780267, 'D_low': 2240.9155921647994, 'k2': 0.00033271381912662167, 'D_high': 2742371.6496047364, 'fire_exp': 1.8719045352638064, 'P_half': 157.80309954142965, 'pre_dampen_half': 14.689407256107613, 'gpp_af': 0.03522602097143089, 'gpp_b': 0.00012118589392553798, 'gpp_d': 206.05605824266914, 'ign_k': 3.965503094323014, 'ign_c': 0.12510188850164433, 'trop_agb_crit': 12.647327018493208, 'trop_k_veg': 2.1144348148283285, 'fuel_k': 4.710433409437071, 'fuel_half': 0.6603566884894324}.
[I 2026-07-22 20:41:57,167] Trial 889 finished with values: [10.040332178765832, 10.040332178765832] and parameters: {'k1': 0.0002958267235643845, 'D_low': 2240.9155921647994, 'k2': 0.00016536937182824412, 'D_high': 6525529.853354094, 'fire_exp': 1.8719045352638064, 'P_half': 355.00125258511594, 'pre_dampen_half': 8.259599205585763, 'gpp_af': 0.03522602097143089, 'gpp_b': 0.0028993292583566945, 'gpp_d': 206.05605824266914, 'ign_k': 3.965503094323014, 'ign_c': 22.126836566118193, 'trop_agb_crit': 5.526463318565575, 'trop_k_veg': 4.050700716504253, 'fuel_k': 4.710433409437071, 'fuel_half': 1.3323297901105766}.
[I 2026-07-22 20:41:57,588] Trial 890 finished with values: [11.891189984810243, 11.891189984810243] and parameters: {'k1': 0.0011101191524846067, 'D_low': 2240.9155921647994, 'k2': 0.014666151770108535, 'D_high': 693439.2750387826, 'fire_exp': 1.5532616753672623, 'P_half': 93.43302657318476, 'pre_dampen_half': 13.472769577631588, 'gpp_af': 0.2991469302130216, 'gpp_b': 0.0028993292583566945, 'gpp_d': 352.0481045526035, 'ign_k': 2.136832907235876, 'ign_c': 0.26691447170887805, 'trop_agb_crit': 12.647327018493208, 'trop_k_veg': 1.4031488821947427, 'fuel_k': 4.710433409437071, 'fuel_half': 1.9780198649348866}.
[I 2026-07-22 20:41:58,005] Trial 891 finished with values: [10.391824799964937, 10.391824799964937] and parameters: {'k1': 0.008471801418819975, 'D_low': 2240.9155921647994, 'k2': 0.0006863458703786212, 'D_high': 6525529.853354094, 'fire_exp': 1.5704801393982246, 'P_half': 355.00125258511594, 'pre_dampen_half': 16.224010950061366, 'gpp_af': 0.2901272149738624, 'gpp_b': 0.0028993292583566945, 'gpp_d': 352.0481045526035, 'ign_k': 0.057229500945678274, 'ign_c': 22.126836566118193, 'trop_agb_crit': 12.647327018493208, 'trop_k_veg': 0.8170196702261714, 'fuel_k': 0.07002142869039267, 'fuel_half': 1.3323297901105766}.
[I 2026-07-22 20:41:58,421] Trial 892 finished with values: [14.40120918017766, 14.40120918017766] and parameters: {'k1': 0.028401063201780267, 'D_low': 16.00237013173313, 'k2': 0.014666151770108535, 'D_high': 6525529.853354094, 'fire_exp': 1.3230624590942492, 'P_half': 282.98168613109493, 'pre_dampen_half': 13.472769577631588, 'gpp_af': 0.2991469302130216, 'gpp_b': 0.0028993292583566945, 'gpp_d': 352.0481045526035, 'ign_k': 5.919749792564386, 'ign_c': 0.2939463458625969, 'trop_agb_crit': 5.526463318565575, 'trop_k_veg': 2.1144348148283285, 'fuel_k': 4.710433409437071, 'fuel_half': 1.3323297901105766}.
[I 2026-07-22 20:41:58,844] Trial 893 finished with values: [-0.7517438600852441, 0.08974358201457044] and parameters: {'k1': 0.028401063201780267, 'D_low': 16.00237013173313, 'k2': 0.00033271381912662167, 'D_high': 6525529.853354094, 'fire_exp': 1.3230624590942492, 'P_half': 355.00125258511594, 'pre_dampen_half': 13.472769577631588, 'gpp_af': 0.03522602097143089, 'gpp_b': 2.852199954727099e-05, 'gpp_d': 36.831884165358964, 'ign_k': 3.965503094323014, 'ign_c': 22.126836566118193, 'trop_agb_crit': 2.2674218140087308, 'trop_k_veg': 4.050700716504253, 'fuel_k': 0.021754504731967304, 'fuel_half': 3.75205585512428}.
[I 2026-07-22 20:41:59,264] Trial 894 finished with values: [11.790937303571093, 11.790937303571093] and parameters: {'k1': 0.0006533684593224971, 'D_low': 16.00237013173313, 'k2': 0.00033271381912662167, 'D_high': 2413579.2291304003, 'fire_exp': 1.5191397119156032, 'P_half': 6.1642743507854245, 'pre_dampen_half': 272.03482281248324, 'gpp_af': 0.023485690470339222, 'gpp_b': 2.852199954727099e-05, 'gpp_d': 12.338826503601998, 'ign_k': 2.7142572552186843, 'ign_c': 17.583640270008498, 'trop_agb_crit': 2.7395739167173065, 'trop_k_veg': 3.1470652177597604, 'fuel_k': 0.07002142869039267, 'fuel_half': 0.3036855685244964}.
[I 2026-07-22 20:41:59,682] Trial 895 finished with values: [10.236136028311591, 10.236136028311591] and parameters: {'k1': 0.043264339974928574, 'D_low': 216.6574784061471, 'k2': 0.00033271381912662167, 'D_high': 2742371.6496047364, 'fire_exp': 1.8719045352638064, 'P_half': 355.00125258511594, 'pre_dampen_half': 14.689407256107613, 'gpp_af': 3.470266988650414, 'gpp_b': 2.852199954727099e-05, 'gpp_d': 206.05605824266914, 'ign_k': 0.00891606651464436, 'ign_c': 17.583640270008498, 'trop_agb_crit': 12.647327018493208, 'trop_k_veg': 2.1144348148283285, 'fuel_k': 0.07002142869039267, 'fuel_half': 1.3323297901105766}.
[I 2026-07-22 20:42:00,104] Trial 896 finished with values: [10.78410357290941, 10.78410357290941] and parameters: {'k1': 0.012840669372724958, 'D_low': 2240.9155921647994, 'k2': 0.014666151770108535, 'D_high': 2742371.6496047364, 'fire_exp': 1.5191397119156032, 'P_half': 383.0392255273741, 'pre_dampen_half': 13.472769577631588, 'gpp_af': 0.2991469302130216, 'gpp_b': 0.0028993292583566945, 'gpp_d': 12.338826503601998, 'ign_k': 3.965503094323014, 'ign_c': 11.462237838612072, 'trop_agb_crit': 5.526463318565575, 'trop_k_veg': 2.724170387400844, 'fuel_k': 4.710433409437071, 'fuel_half': 1.3323297901105766}.
[I 2026-07-22 20:42:00,524] Trial 897 finished with values: [10.320807101864908, 10.320807101864908] and parameters: {'k1': 0.00022704877557909215, 'D_low': 2240.9155921647994, 'k2': 0.0009562822793888481, 'D_high': 2413579.2291304003, 'fire_exp': 1.5532616753672623, 'P_half': 355.00125258511594, 'pre_dampen_half': 16.224010950061366, 'gpp_af': 0.03522602097143089, 'gpp_b': 0.0028993292583566945, 'gpp_d': 0.26886479903448773, 'ign_k': 2.136832907235876, 'ign_c': 17.583640270008498, 'trop_agb_crit': 2.7395739167173065, 'trop_k_veg': 0.8170196702261714, 'fuel_k': 0.07002142869039267, 'fuel_half': 3.75205585512428}.
[I 2026-07-22 20:42:00,940] Trial 898 finished with values: [10.018909740877975, 10.018909740877975] and parameters: {'k1': 0.028401063201780267, 'D_low': 16.00237013173313, 'k2': 0.015109086063191909, 'D_high': 786469.0452064436, 'fire_exp': 1.5704801393982246, 'P_half': 50.34696988263488, 'pre_dampen_half': 16.224010950061366, 'gpp_af': 0.03522602097143089, 'gpp_b': 0.004458440839692221, 'gpp_d': 12.338826503601998, 'ign_k': 2.7892021124524002, 'ign_c': 22.126836566118193, 'trop_agb_crit': 2.7395739167173065, 'trop_k_veg': 2.724170387400844, 'fuel_k': 0.10978148458640455, 'fuel_half': 4.1446115222565965}.
[I 2026-07-22 20:42:01,373] Trial 899 finished with values: [11.270525379511259, 11.270525379511259] and parameters: {'k1': 0.012840669372724958, 'D_low': 16.00237013173313, 'k2': 0.014666151770108535, 'D_high': 6525529.853354094, 'fire_exp': 1.5191397119156032, 'P_half': 157.80309954142965, 'pre_dampen_half': 13.472769577631588, 'gpp_af': 0.03522602097143089, 'gpp_b': 0.00012118589392553798, 'gpp_d': 12.338826503601998, 'ign_k': 0.0029519227433917453, 'ign_c': 0.2939463458625969, 'trop_agb_crit': 6.187033415477641, 'trop_k_veg': 2.1144348148283285, 'fuel_k': 4.710433409437071, 'fuel_half': 1.3323297901105766}.
[I 2026-07-22 20:42:01,800] Trial 900 finished with values: [-0.7524575943151014, 0.06780299092167208] and parameters: {'k1': 0.028401063201780267, 'D_low': 216.6574784061471, 'k2': 0.00033271381912662167, 'D_high': 693439.2750387826, 'fire_exp': 1.5191397119156032, 'P_half': 157.80309954142965, 'pre_dampen_half': 8.259599205585763, 'gpp_af': 0.03522602097143089, 'gpp_b': 0.00012118589392553798, 'gpp_d': 12.338826503601998, 'ign_k': 3.965503094323014, 'ign_c': 22.126836566118193, 'trop_agb_crit': 6.187033415477641, 'trop_k_veg': 2.724170387400844, 'fuel_k': 0.07002142869039267, 'fuel_half': 0.6603566884894324}.
[I 2026-07-22 20:42:02,241] Trial 901 finished with values: [-0.6722485230329523, 0.06680058766844987] and parameters: {'k1': 0.028401063201780267, 'D_low': 16.00237013173313, 'k2': 0.00033271381912662167, 'D_high': 2413579.2291304003, 'fire_exp': 2.172010514392466, 'P_half': 355.00125258511594, 'pre_dampen_half': 16.224010950061366, 'gpp_af': 0.03522602097143089, 'gpp_b': 2.852199954727099e-05, 'gpp_d': 393.2173465242994, 'ign_k': 2.7142572552186843, 'ign_c': 17.583640270008498, 'trop_agb_crit': 2.7395739167173065, 'trop_k_veg': 3.1470652177597604, 'fuel_k': 0.07002142869039267, 'fuel_half': 0.3036855685244964}.
[I 2026-07-22 20:42:02,660] Trial 902 finished with values: [-0.7070723230217922, 0.02568716596556031] and parameters: {'k1': 0.028401063201780267, 'D_low': 2240.9155921647994, 'k2': 0.00033271381912662167, 'D_high': 693439.2750387826, 'fire_exp': 1.9025702662542903, 'P_half': 93.43302657318476, 'pre_dampen_half': 8.259599205585763, 'gpp_af': 0.03522602097143089, 'gpp_b': 0.0028993292583566945, 'gpp_d': 962.6851425803574, 'ign_k': 3.965503094323014, 'ign_c': 22.126836566118193, 'trop_agb_crit': 2.679156169946616, 'trop_k_veg': 4.776259022974975, 'fuel_k': 4.710433409437071, 'fuel_half': 1.3323297901105766}.
[I 2026-07-22 20:42:03,075] Trial 903 finished with values: [10.083380603444123, 10.083380603444123] and parameters: {'k1': 0.028401063201780267, 'D_low': 1.6752866684650682, 'k2': 0.015109086063191909, 'D_high': 2413579.2291304003, 'fire_exp': 1.5532616753672623, 'P_half': 157.80309954142965, 'pre_dampen_half': 8.259599205585763, 'gpp_af': 0.03522602097143089, 'gpp_b': 0.004458440839692221, 'gpp_d': 12.338826503601998, 'ign_k': 3.965503094323014, 'ign_c': 22.126836566118193, 'trop_agb_crit': 13.050465147768051, 'trop_k_veg': 2.724170387400844, 'fuel_k': 0.025620781631399487, 'fuel_half': 0.6603566884894324}.
[I 2026-07-22 20:42:03,493] Trial 904 finished with values: [10.266353746364121, 10.266353746364121] and parameters: {'k1': 0.0006533684593224971, 'D_low': 216.6574784061471, 'k2': 0.00033271381912662167, 'D_high': 693439.2750387826, 'fire_exp': 1.5532616753672623, 'P_half': 157.80309954142965, 'pre_dampen_half': 16.224010950061366, 'gpp_af': 0.015875524914818664, 'gpp_b': 2.852199954727099e-05, 'gpp_d': 12.338826503601998, 'ign_k': 3.965503094323014, 'ign_c': 17.583640270008498, 'trop_agb_crit': 2.7395739167173065, 'trop_k_veg': 2.724170387400844, 'fuel_k': 0.10978148458640455, 'fuel_half': 0.3036855685244964}.
[I 2026-07-22 20:42:03,916] Trial 905 finished with values: [11.465396522887554, 11.465396522887554] and parameters: {'k1': 0.012840669372724958, 'D_low': 2240.9155921647994, 'k2': 0.015602015889668856, 'D_high': 2742371.6496047364, 'fire_exp': 1.5948485434369246, 'P_half': 355.00125258511594, 'pre_dampen_half': 13.472769577631588, 'gpp_af': 0.2901272149738624, 'gpp_b': 0.004458440839692221, 'gpp_d': 352.0481045526035, 'ign_k': 0.8599189552684972, 'ign_c': 0.26691447170887805, 'trop_agb_crit': 5.526463318565575, 'trop_k_veg': 2.1144348148283285, 'fuel_k': 4.710433409437071, 'fuel_half': 0.6603566884894324}.
  trial  906/2500  pareto_size=5  best_taylor=0.7873  best_ilamb=0.6047  (6.4 min)
[I 2026-07-22 20:42:04,482] Trial 906 finished with values: [10.28046453168161, 10.28046453168161] and parameters: {'k1': 0.028401063201780267, 'D_low': 2240.9155921647994, 'k2': 0.0006863458703786212, 'D_high': 693439.2750387826, 'fire_exp': 1.5191397119156032, 'P_half': 50.34696988263488, 'pre_dampen_half': 14.689407256107613, 'gpp_af': 0.03522602097143089, 'gpp_b': 0.004458440839692221, 'gpp_d': 962.6851425803574, 'ign_k': 0.01020855048092307, 'ign_c': 22.126836566118193, 'trop_agb_crit': 26.951029433343408, 'trop_k_veg': 4.776259022974975, 'fuel_k': 0.10978148458640455, 'fuel_half': 0.6603566884894324}.
[I 2026-07-22 20:42:04,898] Trial 907 finished with values: [10.570358223360653, 10.570358223360653] and parameters: {'k1': 0.028401063201780267, 'D_low': 1.6752866684650682, 'k2': 0.015109086063191909, 'D_high': 2742371.6496047364, 'fire_exp': 1.8719045352638064, 'P_half': 93.43302657318476, 'pre_dampen_half': 13.472769577631588, 'gpp_af': 0.2991469302130216, 'gpp_b': 0.0028993292583566945, 'gpp_d': 352.0481045526035, 'ign_k': 0.0029519227433917453, 'ign_c': 22.126836566118193, 'trop_agb_crit': 10.584071370490857, 'trop_k_veg': 2.1144348148283285, 'fuel_k': 4.710433409437071, 'fuel_half': 1.3323297901105766}.
[I 2026-07-22 20:42:05,321] Trial 908 finished with values: [10.14042473212289, 10.14042473212289] and parameters: {'k1': 0.004339260158221388, 'D_low': 216.6574784061471, 'k2': 0.0009562822793888481, 'D_high': 2413579.2291304003, 'fire_exp': 1.5532616753672623, 'P_half': 1047.5330041760885, 'pre_dampen_half': 16.224010950061366, 'gpp_af': 3.470266988650414, 'gpp_b': 1.3289448722869181e-05, 'gpp_d': 36.831884165358964, 'ign_k': 2.136832907235876, 'ign_c': 17.583640270008498, 'trop_agb_crit': 2.7395739167173065, 'trop_k_veg': 3.1470652177597604, 'fuel_k': 0.07002142869039267, 'fuel_half': 0.3036855685244964}.
