[I 2026-08-06 00:04:26,318] Trial 1410 finished with values: [10.299804691626873, 10.299804691626873] and parameters: {'k1': 0.005643426708406567, 'D_low': 2.458603276328005, 'k2': 0.0007081721844034209, 'D_high': 85018.70149611714, 'fire_exp': 1.2943117749495199, 'P_half': 12.808863354047988, 'pre_dampen_half': 703.6426675556048, 'gpp_af': 35.16422330469638, 'gpp_b': 0.10123867001105968, 'gpp_d': 4.5768578731086835, 'ign_k': 5.9736167866478125, 'ign_c': 0.5505316245273476}.
[I 2026-08-06 00:04:27,262] Trial 1411 finished with values: [-0.5796268322143373, 0.07054715023259883] and parameters: {'k1': 0.016973078532467004, 'D_low': 65.69152413762717, 'k2': 0.0007081721844034209, 'D_high': 85018.70149611714, 'fire_exp': 1.151006986743773, 'P_half': 39.03214299767183, 'pre_dampen_half': 703.6426675556048, 'gpp_af': 35.20481045526041, 'gpp_b': 0.7987896438549947, 'gpp_d': 4.5768578731086835, 'ign_k': 0.9614686563869651, 'ign_c': 0.11433485956638717}.
[I 2026-08-06 00:04:28,219] Trial 1412 finished with values: [10.465554041983001, 10.465554041983001] and parameters: {'k1': 0.016973078532467004, 'D_low': 4.051452710153359, 'k2': 6.389327191882587e-05, 'D_high': 25261.796445828073, 'fire_exp': 1.151006986743773, 'P_half': 10.826381820576978, 'pre_dampen_half': 36.876350096203005, 'gpp_af': 35.20481045526041, 'gpp_b': 0.03841303420847976, 'gpp_d': 34.37107943937136, 'ign_k': 5.9736167866478125, 'ign_c': 0.11433485956638717}.
[I 2026-08-06 00:04:29,173] Trial 1413 finished with values: [10.141914804853918, 10.141914804853918] and parameters: {'k1': 0.016973078532467004, 'D_low': 4.051452710153359, 'k2': 0.00038791280730284417, 'D_high': 85018.70149611714, 'fire_exp': 1.5201277403788451, 'P_half': 39.03214299767183, 'pre_dampen_half': 703.6426675556048, 'gpp_af': 29.925002022877802, 'gpp_b': 0.7987896438549947, 'gpp_d': 376.2273313395826, 'ign_k': 0.13555497741705774, 'ign_c': 14.810800730363484}.
[I 2026-08-06 00:04:30,147] Trial 1414 finished with values: [10.768349673405654, 10.768349673405654] and parameters: {'k1': 0.005643426708406567, 'D_low': 68.10869610924271, 'k2': 3.706785664265659e-05, 'D_high': 85018.70149611714, 'fire_exp': 1.151006986743773, 'P_half': 12.808863354047988, 'pre_dampen_half': 0.061627438103753165, 'gpp_af': 35.20481045526041, 'gpp_b': 0.7987896438549947, 'gpp_d': 4.5768578731086835, 'ign_k': 5.9736167866478125, 'ign_c': 2.592301536155855}.
[I 2026-08-06 00:04:31,081] Trial 1415 finished with values: [10.194526855139852, 10.194526855139852] and parameters: {'k1': 0.007333200379637282, 'D_low': 4.051452710153359, 'k2': 0.0499774937030317, 'D_high': 85018.70149611714, 'fire_exp': 1.2943117749495199, 'P_half': 607.570211421418, 'pre_dampen_half': 703.6426675556048, 'gpp_af': 35.20481045526041, 'gpp_b': 0.10123867001105968, 'gpp_d': 4.5768578731086835, 'ign_k': 0.4702627143647234, 'ign_c': 0.11433485956638717}.
[I 2026-08-06 00:04:32,012] Trial 1416 finished with values: [-0.5871775837164126, 0.1095406473751005] and parameters: {'k1': 0.015602015889668856, 'D_low': 29.89885508829526, 'k2': 0.0007081721844034209, 'D_high': 14895.167857414559, 'fire_exp': 1.151006986743773, 'P_half': 39.03214299767183, 'pre_dampen_half': 53.73093479067421, 'gpp_af': 35.20481045526041, 'gpp_b': 0.10123867001105968, 'gpp_d': 4.5768578731086835, 'ign_k': 0.4702627143647234, 'ign_c': 0.11433485956638717}.
[I 2026-08-06 00:04:33,439] Trial 1417 finished with values: [-0.5791747812300551, 0.0945600723992478] and parameters: {'k1': 0.03232155805617897, 'D_low': 312.92286563608616, 'k2': 0.0499774937030317, 'D_high': 6455.595882939566, 'fire_exp': 1.151006986743773, 'P_half': 39.03214299767183, 'pre_dampen_half': 111.37963167994629, 'gpp_af': 35.20481045526041, 'gpp_b': 0.10123867001105968, 'gpp_d': 4.5768578731086835, 'ign_k': 5.9736167866478125, 'ign_c': 0.11433485956638717}.
[I 2026-08-06 00:04:34,387] Trial 1418 finished with values: [10.116985870755494, 10.116985870755494] and parameters: {'k1': 0.016973078532467004, 'D_low': 4.603606140283045, 'k2': 0.0007081721844034209, 'D_high': 85018.70149611714, 'fire_exp': 1.2943117749495199, 'P_half': 12.808863354047988, 'pre_dampen_half': 703.6426675556048, 'gpp_af': 2.9865936975455876, 'gpp_b': 0.7987896438549947, 'gpp_d': 4.5768578731086835, 'ign_k': 0.476373748459372, 'ign_c': 14.810800730363484}.
[I 2026-08-06 00:04:35,352] Trial 1419 finished with values: [-0.5759230429003125, 0.0661827434319473] and parameters: {'k1': 0.016973078532467004, 'D_low': 158.82035726402376, 'k2': 0.0499774937030317, 'D_high': 85018.70149611714, 'fire_exp': 1.151006986743773, 'P_half': 12.808863354047988, 'pre_dampen_half': 703.6426675556048, 'gpp_af': 11.234842109991876, 'gpp_b': 0.7987896438549947, 'gpp_d': 4.5768578731086835, 'ign_k': 5.9736167866478125, 'ign_c': 1.8494675180817686}.
[I 2026-08-06 00:04:36,300] Trial 1420 finished with values: [-0.5785197439111238, 0.05643773438674837] and parameters: {'k1': 0.016973078532467004, 'D_low': 158.82035726402376, 'k2': 0.0499774937030317, 'D_high': 26835.953334046168, 'fire_exp': 1.151006986743773, 'P_half': 12.808863354047988, 'pre_dampen_half': 339.40346662065144, 'gpp_af': 35.20481045526041, 'gpp_b': 0.7987896438549947, 'gpp_d': 4.5768578731086835, 'ign_k': 5.9736167866478125, 'ign_c': 0.11433485956638717}.
[I 2026-08-06 00:04:37,235] Trial 1421 finished with values: [10.10293620117859, 10.10293620117859] and parameters: {'k1': 0.00012812030076593395, 'D_low': 71.73480907515082, 'k2': 0.00038791280730284417, 'D_high': 85018.70149611714, 'fire_exp': 1.2943117749495199, 'P_half': 12.808863354047988, 'pre_dampen_half': 827.1939770346661, 'gpp_af': 29.925002022877802, 'gpp_b': 0.10123867001105968, 'gpp_d': 34.37107943937136, 'ign_k': 0.4702627143647234, 'ign_c': 14.810800730363484}.
[I 2026-08-06 00:04:38,185] Trial 1422 finished with values: [10.530037598937426, 10.530037598937426] and parameters: {'k1': 0.016594187721123744, 'D_low': 158.82035726402376, 'k2': 0.0007081721844034209, 'D_high': 85018.70149611714, 'fire_exp': 1.151006986743773, 'P_half': 3.654652697890419, 'pre_dampen_half': 703.6426675556048, 'gpp_af': 11.234842109991876, 'gpp_b': 0.10123867001105968, 'gpp_d': 4.5768578731086835, 'ign_k': 0.006427804711224163, 'ign_c': 0.5505316245273476}.
[I 2026-08-06 00:04:39,157] Trial 1423 finished with values: [-0.5772829030836464, 0.09884313643832154] and parameters: {'k1': 0.005643426708406567, 'D_low': 5.456314022643806, 'k2': 3.706785664265659e-05, 'D_high': 85018.70149611714, 'fire_exp': 1.151006986743773, 'P_half': 12.808863354047988, 'pre_dampen_half': 703.6426675556048, 'gpp_af': 11.234842109991876, 'gpp_b': 0.7987896438549947, 'gpp_d': 4.5768578731086835, 'ign_k': 0.4702627143647234, 'ign_c': 2.592301536155855}.
[I 2026-08-06 00:04:40,097] Trial 1424 finished with values: [10.577252871768447, 10.577252871768447] and parameters: {'k1': 0.016973078532467004, 'D_low': 70.18267183720735, 'k2': 0.0007081721844034209, 'D_high': 23846.702350126758, 'fire_exp': 1.151006986743773, 'P_half': 3766.680988255313, 'pre_dampen_half': 703.6426675556048, 'gpp_af': 1.8683694679300018, 'gpp_b': 0.7987896438549947, 'gpp_d': 4.5768578731086835, 'ign_k': 0.4702627143647234, 'ign_c': 0.11433485956638717}.
[I 2026-08-06 00:04:41,079] Trial 1425 finished with values: [10.180369840741168, 10.180369840741168] and parameters: {'k1': 0.015602015889668856, 'D_low': 4.051452710153359, 'k2': 1.702637694606324e-05, 'D_high': 54669.374787660905, 'fire_exp': 1.5201277403788451, 'P_half': 12.808863354047988, 'pre_dampen_half': 53.73093479067421, 'gpp_af': 2.9865936975455876, 'gpp_b': 0.10123867001105968, 'gpp_d': 4.5768578731086835, 'ign_k': 5.9736167866478125, 'ign_c': 6.160975294741436}.
[I 2026-08-06 00:04:42,005] Trial 1426 finished with values: [10.1879479262305, 10.1879479262305] and parameters: {'k1': 4.05898207003965e-05, 'D_low': 4.051452710153359, 'k2': 0.0007081721844034209, 'D_high': 85018.70149611714, 'fire_exp': 1.151006986743773, 'P_half': 12.808863354047988, 'pre_dampen_half': 703.6426675556048, 'gpp_af': 2.9865936975455876, 'gpp_b': 0.10123867001105968, 'gpp_d': 4.5768578731086835, 'ign_k': 5.9736167866478125, 'ign_c': 5.771566094775099}.
[I 2026-08-06 00:04:42,922] Trial 1427 finished with values: [13.471934554420217, 13.471934554420217] and parameters: {'k1': 0.005643426708406567, 'D_low': 31.117676855667376, 'k2': 0.002891958791644794, 'D_high': 85018.70149611714, 'fire_exp': 1.151006986743773, 'P_half': 2.1570307680573153, 'pre_dampen_half': 703.6426675556048, 'gpp_af': 35.20481045526041, 'gpp_b': 0.10123867001105968, 'gpp_d': 258.2746858912498, 'ign_k': 0.5080094006294851, 'ign_c': 1.6676205667297381}.
[I 2026-08-06 00:04:43,895] Trial 1428 finished with values: [10.542249588457672, 10.542249588457672] and parameters: {'k1': 0.016383781286443064, 'D_low': 312.92286563608616, 'k2': 0.00038791280730284417, 'D_high': 6455.595882939566, 'fire_exp': 1.5201277403788451, 'P_half': 39.03214299767183, 'pre_dampen_half': 111.37963167994629, 'gpp_af': 35.20481045526041, 'gpp_b': 0.10123867001105968, 'gpp_d': 4.5768578731086835, 'ign_k': 5.9736167866478125, 'ign_c': 14.810800730363484}.
[I 2026-08-06 00:04:44,878] Trial 1429 finished with values: [-0.5594086454774728, 0.11294712580827282] and parameters: {'k1': 0.03232155805617897, 'D_low': 4.051452710153359, 'k2': 0.0007081721844034209, 'D_high': 1049.1246574185643, 'fire_exp': 1.2943117749495199, 'P_half': 12.808863354047988, 'pre_dampen_half': 703.6426675556048, 'gpp_af': 35.20481045526041, 'gpp_b': 0.03841303420847976, 'gpp_d': 4.5768578731086835, 'ign_k': 5.9736167866478125, 'ign_c': 0.11433485956638717}.
[I 2026-08-06 00:04:45,878] Trial 1430 finished with values: [-0.5815526743707986, 0.08910644525011258] and parameters: {'k1': 0.007333200379637282, 'D_low': 4.051452710153359, 'k2': 0.0499774937030317, 'D_high': 85018.70149611714, 'fire_exp': 1.151006986743773, 'P_half': 1.0897490003652053, 'pre_dampen_half': 703.6426675556048, 'gpp_af': 35.20481045526041, 'gpp_b': 0.7987896438549947, 'gpp_d': 4.5768578731086835, 'ign_k': 0.4702627143647234, 'ign_c': 0.11433485956638717}.
[I 2026-08-06 00:04:46,861] Trial 1431 finished with values: [10.2070746117851, 10.2070746117851] and parameters: {'k1': 0.016973078532467004, 'D_low': 312.92286563608616, 'k2': 0.034987345440353576, 'D_high': 6455.595882939566, 'fire_exp': 1.5201277403788451, 'P_half': 39.03214299767183, 'pre_dampen_half': 703.6426675556048, 'gpp_af': 11.234842109991876, 'gpp_b': 0.7987896438549947, 'gpp_d': 4.5768578731086835, 'ign_k': 5.9736167866478125, 'ign_c': 0.11433485956638717}.
[I 2026-08-06 00:04:47,807] Trial 1432 finished with values: [10.46203506122136, 10.46203506122136] and parameters: {'k1': 0.015602015889668856, 'D_low': 29.89885508829526, 'k2': 0.0007081721844034209, 'D_high': 85018.70149611714, 'fire_exp': 1.5201277403788451, 'P_half': 39.03214299767183, 'pre_dampen_half': 36.876350096203005, 'gpp_af': 68.49093205085057, 'gpp_b': 0.10123867001105968, 'gpp_d': 34.37107943937136, 'ign_k': 0.4702627143647234, 'ign_c': 14.810800730363484}.
[I 2026-08-06 00:04:48,772] Trial 1433 finished with values: [10.769230768838547, 10.769230768838547] and parameters: {'k1': 0.016973078532467004, 'D_low': 4.603606140283045, 'k2': 0.0007081721844034209, 'D_high': 85018.70149611714, 'fire_exp': 1.151006986743773, 'P_half': 12.808863354047988, 'pre_dampen_half': 1.2268879368890822, 'gpp_af': 35.20481045526041, 'gpp_b': 0.7987896438549947, 'gpp_d': 4.5768578731086835, 'ign_k': 5.9736167866478125, 'ign_c': 863.8558450754007}.
[I 2026-08-06 00:04:49,734] Trial 1434 finished with values: [-0.577171712858978, 0.050953709910654066] and parameters: {'k1': 0.016973078532467004, 'D_low': 31.117676855667376, 'k2': 0.0499774937030317, 'D_high': 4695.480001817503, 'fire_exp': 1.151006986743773, 'P_half': 12.808863354047988, 'pre_dampen_half': 703.6426675556048, 'gpp_af': 35.20481045526041, 'gpp_b': 0.10123867001105968, 'gpp_d': 34.37107943937136, 'ign_k': 5.9736167866478125, 'ign_c': 14.810800730363484}.
[I 2026-08-06 00:04:50,698] Trial 1435 finished with values: [-0.5761246024402675, 0.045682103222395076] and parameters: {'k1': 0.03232155805617897, 'D_low': 312.92286563608616, 'k2': 0.0007081721844034209, 'D_high': 6455.595882939566, 'fire_exp': 1.5201277403788451, 'P_half': 39.03214299767183, 'pre_dampen_half': 111.37963167994629, 'gpp_af': 11.234842109991876, 'gpp_b': 0.09610325935041866, 'gpp_d': 4.5768578731086835, 'ign_k': 5.9736167866478125, 'ign_c': 0.11433485956638717}.
[I 2026-08-06 00:04:51,699] Trial 1436 finished with values: [10.769230768838547, 10.769230768838547] and parameters: {'k1': 0.003456886280594567, 'D_low': 4.051452710153359, 'k2': 0.00038791280730284417, 'D_high': 54669.374787660905, 'fire_exp': 1.5201277403788451, 'P_half': 12.808863354047988, 'pre_dampen_half': 53.73093479067421, 'gpp_af': 35.20481045526041, 'gpp_b': 0.10123867001105968, 'gpp_d': 0.06757319853660379, 'ign_k': 0.4702627143647234, 'ign_c': 337.06296224386006}.
[I 2026-08-06 00:04:52,676] Trial 1437 finished with values: [10.769215335222611, 10.769215335222611] and parameters: {'k1': 0.0005128126758785009, 'D_low': 31.117676855667376, 'k2': 4.455881402182094e-05, 'D_high': 11.231301345658464, 'fire_exp': 3.6287385930703477, 'P_half': 12.808863354047988, 'pre_dampen_half': 4.335089924140592, 'gpp_af': 2.9865936975455876, 'gpp_b': 0.10123867001105968, 'gpp_d': 34.37107943937136, 'ign_k': 5.9736167866478125, 'ign_c': 14.810800730363484}.
[I 2026-08-06 00:04:54,056] Trial 1438 finished with values: [11.287411021168518, 11.287411021168518] and parameters: {'k1': 0.005643426708406567, 'D_low': 31.117676855667376, 'k2': 0.0007081721844034209, 'D_high': 85018.70149611714, 'fire_exp': 1.151006986743773, 'P_half': 12.808863354047988, 'pre_dampen_half': 917.1017259920797, 'gpp_af': 2.9865936975455876, 'gpp_b': 0.20707216977591905, 'gpp_d': 4.5768578731086835, 'ign_k': 3.6394202908311692, 'ign_c': 0.20779081121680665}.
[I 2026-08-06 00:04:55,007] Trial 1439 finished with values: [10.15915969961156, 10.15915969961156] and parameters: {'k1': 0.016973078532467004, 'D_low': 65.69152413762717, 'k2': 0.034987345440353576, 'D_high': 23846.702350126758, 'fire_exp': 1.151006986743773, 'P_half': 12.808863354047988, 'pre_dampen_half': 703.6426675556048, 'gpp_af': 35.20481045526041, 'gpp_b': 0.24489444951824743, 'gpp_d': 4.5768578731086835, 'ign_k': 5.9736167866478125, 'ign_c': 0.11433485956638717}.
[I 2026-08-06 00:04:55,972] Trial 1440 finished with values: [10.763736137246742, 10.763736137246742] and parameters: {'k1': 0.005643426708406567, 'D_low': 4.051452710153359, 'k2': 0.00038791280730284417, 'D_high': 85018.70149611714, 'fire_exp': 1.151006986743773, 'P_half': 39.03214299767183, 'pre_dampen_half': 0.08650868699945563, 'gpp_af': 19.538232162315648, 'gpp_b': 0.10123867001105968, 'gpp_d': 34.37107943937136, 'ign_k': 5.9736167866478125, 'ign_c': 0.11433485956638717}.
[I 2026-08-06 00:04:56,953] Trial 1441 finished with values: [10.415496328689665, 10.415496328689665] and parameters: {'k1': 0.005643426708406567, 'D_low': 4.051452710153359, 'k2': 0.0499774937030317, 'D_high': 85018.70149611714, 'fire_exp': 1.151006986743773, 'P_half': 12.808863354047988, 'pre_dampen_half': 917.1017259920797, 'gpp_af': 35.20481045526041, 'gpp_b': 0.7987896438549947, 'gpp_d': 4.5768578731086835, 'ign_k': 5.9736167866478125, 'ign_c': 14.810800730363484}.
[I 2026-08-06 00:04:57,920] Trial 1442 finished with values: [-0.5759406751468561, 0.04728723153808878] and parameters: {'k1': 0.03232155805617897, 'D_low': 312.92286563608616, 'k2': 0.0499774937030317, 'D_high': 85018.70149611714, 'fire_exp': 1.5201277403788451, 'P_half': 39.03214299767183, 'pre_dampen_half': 111.37963167994629, 'gpp_af': 11.234842109991876, 'gpp_b': 0.10123867001105968, 'gpp_d': 4.5768578731086835, 'ign_k': 5.9736167866478125, 'ign_c': 0.11433485956638717}.
[I 2026-08-06 00:04:58,871] Trial 1443 finished with values: [10.017901852035356, 10.017901852035356] and parameters: {'k1': 0.005643426708406567, 'D_low': 174.83983085324363, 'k2': 0.0007081721844034209, 'D_high': 85018.70149611714, 'fire_exp': 1.2943117749495199, 'P_half': 12.808863354047988, 'pre_dampen_half': 703.6426675556048, 'gpp_af': 35.20481045526041, 'gpp_b': 0.7987896438549947, 'gpp_d': 4.5768578731086835, 'ign_k': 0.476373748459372, 'ign_c': 0.11433485956638717}.
[I 2026-08-06 00:04:59,852] Trial 1444 finished with values: [10.260449812563415, 10.260449812563415] and parameters: {'k1': 0.016973078532467004, 'D_low': 2.458603276328005, 'k2': 0.018890961174687686, 'D_high': 68913.86015952702, 'fire_exp': 1.151006986743773, 'P_half': 44.718513991627965, 'pre_dampen_half': 36.876350096203005, 'gpp_af': 0.505788295333708, 'gpp_b': 0.10123867001105968, 'gpp_d': 4.5768578731086835, 'ign_k': 5.9736167866478125, 'ign_c': 0.11433485956638717}.
[I 2026-08-06 00:05:00,849] Trial 1445 finished with values: [-0.576903444218855, 0.08270381666578852] and parameters: {'k1': 0.00693379814597934, 'D_low': 4.051452710153359, 'k2': 0.00038791280730284417, 'D_high': 54669.374787660905, 'fire_exp': 1.5201277403788451, 'P_half': 39.03214299767183, 'pre_dampen_half': 703.6426675556048, 'gpp_af': 35.20481045526041, 'gpp_b': 0.10123867001105968, 'gpp_d': 4.5768578731086835, 'ign_k': 5.9736167866478125, 'ign_c': 6.160975294741436}.
[I 2026-08-06 00:05:01,810] Trial 1446 finished with values: [10.437449779782531, 10.437449779782531] and parameters: {'k1': 0.016973078532467004, 'D_low': 4.051452710153359, 'k2': 0.00018088412472889515, 'D_high': 85018.70149611714, 'fire_exp': 1.5201277403788451, 'P_half': 39.03214299767183, 'pre_dampen_half': 703.6426675556048, 'gpp_af': 35.20481045526041, 'gpp_b': 0.10123867001105968, 'gpp_d': 2.2690261165997048, 'ign_k': 0.4702627143647234, 'ign_c': 14.810800730363484}.
[I 2026-08-06 00:05:02,750] Trial 1447 finished with values: [10.538127628003316, 10.538127628003316] and parameters: {'k1': 0.005643426708406567, 'D_low': 1934.4058229928303, 'k2': 0.0007081721844034209, 'D_high': 85018.70149611714, 'fire_exp': 1.2943117749495199, 'P_half': 12.808863354047988, 'pre_dampen_half': 703.6426675556048, 'gpp_af': 35.20481045526041, 'gpp_b': 0.7987896438549947, 'gpp_d': 4.5768578731086835, 'ign_k': 5.9736167866478125, 'ign_c': 0.11433485956638717}.
[I 2026-08-06 00:05:03,686] Trial 1448 finished with values: [-0.5788813012826085, 0.0414025133613346] and parameters: {'k1': 0.005643426708406567, 'D_low': 4.051452710153359, 'k2': 0.0007081721844034209, 'D_high': 85018.70149611714, 'fire_exp': 1.151006986743773, 'P_half': 12.808863354047988, 'pre_dampen_half': 703.6426675556048, 'gpp_af': 35.20481045526041, 'gpp_b': 0.7987896438549947, 'gpp_d': 34.37107943937136, 'ign_k': 0.4702627143647234, 'ign_c': 14.810800730363484}.
[I 2026-08-06 00:05:04,635] Trial 1449 finished with values: [10.735899058968885, 10.735899058968885] and parameters: {'k1': 0.03232155805617897, 'D_low': 31.117676855667376, 'k2': 0.0007081721844034209, 'D_high': 6455.595882939566, 'fire_exp': 1.5201277403788451, 'P_half': 39.03214299767183, 'pre_dampen_half': 1.978454130747598, 'gpp_af': 11.234842109991876, 'gpp_b': 0.10123867001105968, 'gpp_d': 4.5768578731086835, 'ign_k': 5.9736167866478125, 'ign_c': 0.11433485956638717}.
[I 2026-08-06 00:05:05,570] Trial 1450 finished with values: [10.613950361638766, 10.613950361638766] and parameters: {'k1': 0.016973078532467004, 'D_low': 26.989389523334307, 'k2': 0.0007081721844034209, 'D_high': 85018.70149611714, 'fire_exp': 3.1204156490905843, 'P_half': 39.03214299767183, 'pre_dampen_half': 703.6426675556048, 'gpp_af': 35.20481045526041, 'gpp_b': 0.7987896438549947, 'gpp_d': 4.5768578731086835, 'ign_k': 1.786252932834922, 'ign_c': 0.11433485956638717}.
[I 2026-08-06 00:05:06,533] Trial 1451 finished with values: [10.552229450620448, 10.552229450620448] and parameters: {'k1': 0.03232155805617897, 'D_low': 312.92286563608616, 'k2': 0.00038791280730284417, 'D_high': 54669.374787660905, 'fire_exp': 1.5201277403788451, 'P_half': 12.808863354047988, 'pre_dampen_half': 53.73093479067421, 'gpp_af': 11.234842109991876, 'gpp_b': 0.9321708428673128, 'gpp_d': 4.5768578731086835, 'ign_k': 5.9736167866478125, 'ign_c': 6.160975294741436}.
[I 2026-08-06 00:05:07,499] Trial 1452 finished with values: [10.267867018375204, 10.267867018375204] and parameters: {'k1': 0.005643426708406567, 'D_low': 9.051497105326684, 'k2': 0.0007081721844034209, 'D_high': 85018.70149611714, 'fire_exp': 1.2943117749495199, 'P_half': 12.808863354047988, 'pre_dampen_half': 703.6426675556048, 'gpp_af': 2.9865936975455876, 'gpp_b': 0.10123867001105968, 'gpp_d': 34.37107943937136, 'ign_k': 5.9736167866478125, 'ign_c': 14.810800730363484}.
[I 2026-08-06 00:05:08,434] Trial 1453 finished with values: [10.042635608420566, 10.042635608420566] and parameters: {'k1': 0.015602015889668856, 'D_low': 21.91957803598265, 'k2': 0.00016688483049782368, 'D_high': 85018.70149611714, 'fire_exp': 1.151006986743773, 'P_half': 39.03214299767183, 'pre_dampen_half': 53.73093479067421, 'gpp_af': 35.20481045526041, 'gpp_b': 0.10123867001105968, 'gpp_d': 34.37107943937136, 'ign_k': 8.315365004960604, 'ign_c': 14.810800730363484}.
[I 2026-08-06 00:05:09,352] Trial 1454 finished with values: [-0.5173611734827835, 0.15054396787553503] and parameters: {'k1': 0.016594187721123744, 'D_low': 4.051452710153359, 'k2': 0.0007081721844034209, 'D_high': 85018.70149611714, 'fire_exp': 1.5201277403788451, 'P_half': 39.03214299767183, 'pre_dampen_half': 703.6426675556048, 'gpp_af': 2.9865936975455876, 'gpp_b': 0.10123867001105968, 'gpp_d': 4.5768578731086835, 'ign_k': 0.004955030961786305, 'ign_c': 70.47840732813077}.
