[I 2026-08-06 02:13:33,107] Trial 90 finished with values: [10.74172994045946, 10.74172994045946] and parameters: {'k1': 0.0002656971546588439, 'D_low': 1112.9571947046009, 'k2': 8.923807143379776e-05, 'D_high': 8182.111518618414, 'fire_exp': 1.264103030891254, 'P_half': 338.23872019362165, 'pre_dampen_half': 0.16974173693738634, 'gpp_af': 0.006359264168909611, 'gpp_b': 0.00013164432569139702, 'gpp_d': 150.14555442537656, 'ign_k': 0.019192001101561888, 'ign_c': 0.557280750002996}.
[I 2026-08-06 02:13:34,104] Trial 91 finished with values: [10.76923076805719, 10.76923076805719] and parameters: {'k1': 0.0010557345038524782, 'D_low': 2.5379946629058443, 'k2': 0.002791367011873748, 'D_high': 11.815190690253214, 'fire_exp': 1.182396148413737, 'P_half': 1938.3858782150498, 'pre_dampen_half': 33.9790424311127, 'gpp_af': 2.8805537835688413, 'gpp_b': 0.08161454372835547, 'gpp_d': 857.4284557962634, 'ign_k': 0.7058572590901792, 'ign_c': 307.96093943652454}.
[I 2026-08-06 02:13:35,100] Trial 92 finished with values: [10.764892452041362, 10.764892452041362] and parameters: {'k1': 0.00035868164986275477, 'D_low': 12.172958098369968, 'k2': 0.02065142557895925, 'D_high': 267.3088310781672, 'fire_exp': 1.9095652801045373, 'P_half': 148.17820606039086, 'pre_dampen_half': 0.050654860639753524, 'gpp_af': 10.25616274847308, 'gpp_b': 2.800940363375676e-05, 'gpp_d': 859.8737339212263, 'ign_k': 1.2273800987852967, 'ign_c': 0.6235377135673155}.
[I 2026-08-06 02:13:36,131] Trial 93 finished with values: [10.764583515405171, 10.764583515405171] and parameters: {'k1': 0.00016536937182824412, 'D_low': 2.458603276328005, 'k2': 0.005456725485601475, 'D_high': 53514.70428717441, 'fire_exp': 3.7748863822506733, 'P_half': 95.65499215943822, 'pre_dampen_half': 0.014857392806279237, 'gpp_af': 35.20481045526041, 'gpp_b': 0.0004837646996135023, 'gpp_d': 20.54051942538844, 'ign_k': 0.3818468247973969, 'ign_c': 12.03017887115466}.
[I 2026-08-06 02:13:37,213] Trial 94 finished with values: [11.856514813733359, 11.856514813733359] and parameters: {'k1': 3.252245757497282e-05, 'D_low': 1112.9571947046009, 'k2': 3.5917714215176105e-05, 'D_high': 8182.111518618414, 'fire_exp': 1.5201277403788451, 'P_half': 24.136213194527585, 'pre_dampen_half': 304.7488318185732, 'gpp_af': 0.47739011308437823, 'gpp_b': 3.481277316673104e-05, 'gpp_d': 150.14555442537656, 'ign_k': 0.019192001101561888, 'ign_c': 0.1457050032975653}.
[I 2026-08-06 02:13:38,257] Trial 95 finished with values: [10.766307774533885, 10.766307774533885] and parameters: {'k1': 0.02714257255218683, 'D_low': 51.9967392387832, 'k2': 0.010080550999930625, 'D_high': 249.36660834465195, 'fire_exp': 1.2680134752324452, 'P_half': 4075.7883791361783, 'pre_dampen_half': 3.3594011166738142, 'gpp_af': 7.9319091138570625, 'gpp_b': 0.000832333943844274, 'gpp_d': 6.693694972526552, 'ign_k': 0.004431133722857619, 'ign_c': 392.8409513479224}.
[I 2026-08-06 02:13:39,308] Trial 96 finished with values: [10.765255739887886, 10.765255739887886] and parameters: {'k1': 0.006117912981900519, 'D_low': 397.9749374103113, 'k2': 2.316457903103837e-05, 'D_high': 949.9072859745386, 'fire_exp': 1.14171776851287, 'P_half': 157.80309954142965, 'pre_dampen_half': 1.6130673726933187, 'gpp_af': 0.002950595659493296, 'gpp_b': 0.029490412408101685, 'gpp_d': 0.015125556736397565, 'ign_k': 0.0728437126516689, 'ign_c': 14.810800730363484}.
[I 2026-08-06 02:13:40,376] Trial 97 finished with values: [11.061319022241966, 11.061319022241966] and parameters: {'k1': 0.04897760278488444, 'D_low': 2.458603276328005, 'k2': 0.08790311296857814, 'D_high': 10316.033434719713, 'fire_exp': 2.3782613909771353, 'P_half': 2.157758652553991, 'pre_dampen_half': 76.86605275420082, 'gpp_af': 35.20481045526041, 'gpp_b': 0.003510201564752293, 'gpp_d': 34.37107943937136, 'ign_k': 0.017654048052495083, 'ign_c': 9.34330265731847}.
[I 2026-08-06 02:13:41,440] Trial 98 finished with values: [10.516250017238592, 10.516250017238592] and parameters: {'k1': 0.021368329072358756, 'D_low': 4.075267974954964, 'k2': 0.0001870742013766025, 'D_high': 27.55546207779663, 'fire_exp': 1.6901885781909627, 'P_half': 51.10120656497163, 'pre_dampen_half': 7.6110013825922485, 'gpp_af': 20.12115544906385, 'gpp_b': 1.1008110571039521e-05, 'gpp_d': 3.57879245350232, 'ign_k': 0.0467351899956275, 'ign_c': 0.773448215664679}.
[I 2026-08-06 02:13:42,523] Trial 99 finished with values: [10.76923076805719, 10.76923076805719] and parameters: {'k1': 0.0002656971546588439, 'D_low': 8832.039346746853, 'k2': 0.0026491056409715568, 'D_high': 88.90110660871557, 'fire_exp': 1.264103030891254, 'P_half': 4.087300390305745, 'pre_dampen_half': 0.029401794589686385, 'gpp_af': 0.06895710419314548, 'gpp_b': 0.00013164432569139702, 'gpp_d': 0.16593890383815796, 'ign_k': 0.26721460136202413, 'ign_c': 386.4218705871767}.
[I 2026-08-06 02:13:43,589] Trial 100 finished with values: [10.611617606600172, 10.611617606600172] and parameters: {'k1': 0.03232155805617897, 'D_low': 98.57545621889057, 'k2': 0.006138509947844854, 'D_high': 6455.595882939566, 'fire_exp': 2.2881850891698634, 'P_half': 958.8659498594012, 'pre_dampen_half': 111.37963167994629, 'gpp_af': 0.004344117003966495, 'gpp_b': 0.0035057749039614167, 'gpp_d': 0.6537496690081765, 'ign_k': 0.8826264591983531, 'ign_c': 19.19168994439752}.
[I 2026-08-06 02:13:44,640] Trial 101 finished with values: [10.692021552913578, 10.692021552913578] and parameters: {'k1': 0.016973078532467004, 'D_low': 175.2878790340412, 'k2': 0.0001870742013766025, 'D_high': 411.0848435021235, 'fire_exp': 1.3614924220931135, 'P_half': 51.10120656497163, 'pre_dampen_half': 59.66041614891413, 'gpp_af': 20.12115544906385, 'gpp_b': 4.038332634638232, 'gpp_d': 3.57879245350232, 'ign_k': 0.0035114452581286888, 'ign_c': 0.11433485956638717}.
[I 2026-08-06 02:13:45,739] Trial 102 finished with values: [10.76923076805719, 10.76923076805719] and parameters: {'k1': 0.05217998579193211, 'D_low': 168.67533138445359, 'k2': 0.0019339745640818936, 'D_high': 131.80029267201175, 'fire_exp': 5.881565436248893, 'P_half': 5.59983195169599, 'pre_dampen_half': 0.4153327541909818, 'gpp_af': 0.13402388198950174, 'gpp_b': 0.011108675282673156, 'gpp_d': 0.16294786031575217, 'ign_k': 0.002879700348528891, 'ign_c': 503.8184316297588}.
[I 2026-08-06 02:13:46,754] Trial 103 finished with values: [-0.4591030911231527, 0.14764747996323513] and parameters: {'k1': 2.0937989739527727e-05, 'D_low': 125.32726386250698, 'k2': 0.02065142557895925, 'D_high': 267.3088310781672, 'fire_exp': 1.2943117749495199, 'P_half': 63.585411411994926, 'pre_dampen_half': 703.6426675556048, 'gpp_af': 10.25616274847308, 'gpp_b': 2.800940363375676e-05, 'gpp_d': 0.19476644406315288, 'ign_k': 0.0048255892187380085, 'ign_c': 0.6235377135673155}.
[I 2026-08-06 02:13:47,768] Trial 104 finished with values: [10.76923076805719, 10.76923076805719] and parameters: {'k1': 0.014666151770108535, 'D_low': 2.83760658543459, 'k2': 0.015109330261674455, 'D_high': 949.9072859745386, 'fire_exp': 9.65697704255972, 'P_half': 2267.735223551285, 'pre_dampen_half': 0.09467055845337147, 'gpp_af': 27.448645214004376, 'gpp_b': 5.5972678141182876e-05, 'gpp_d': 0.03848886303127135, 'ign_k': 0.0037322156377670697, 'ign_c': 111.18405953132105}.
[I 2026-08-06 02:13:48,768] Trial 105 finished with values: [10.764102433294967, 10.764102433294967] and parameters: {'k1': 0.004579192310322934, 'D_low': 2.843767489444367, 'k2': 0.0499774937030317, 'D_high': 32311.521854410956, 'fire_exp': 1.811096651915224, 'P_half': 436.4516946807792, 'pre_dampen_half': 1.5691864266263484, 'gpp_af': 0.5970408652384318, 'gpp_b': 0.015062722325200045, 'gpp_d': 0.1619054449471649, 'ign_k': 0.002357279455676982, 'ign_c': 388.02797007866826}.
[I 2026-08-06 02:13:49,778] Trial 106 finished with values: [10.756513759849534, 10.756513759849534] and parameters: {'k1': 0.00010436686039715205, 'D_low': 532.1216007763549, 'k2': 0.010987817552608315, 'D_high': 2412.9868904539244, 'fire_exp': 2.961939534707384, 'P_half': 4.397766894483963, 'pre_dampen_half': 0.5550617910625242, 'gpp_af': 2.8805537835688413, 'gpp_b': 0.9631999397024836, 'gpp_d': 668.5510162938966, 'ign_k': 4.8235582830244885, 'ign_c': 0.8891936446296247}.
[I 2026-08-06 02:13:50,786] Trial 107 finished with values: [10.76923076805719, 10.76923076805719] and parameters: {'k1': 0.02641449645424223, 'D_low': 265.8878778692342, 'k2': 8.214312521999585e-05, 'D_high': 4861.863231847276, 'fire_exp': 3.1018148805490564, 'P_half': 27.08013793478254, 'pre_dampen_half': 0.036964765973876636, 'gpp_af': 2.2796384735235136, 'gpp_b': 0.013238726356442897, 'gpp_d': 223.60515435267138, 'ign_k': 0.34703605955441524, 'ign_c': 256.2866600016351}.
[I 2026-08-06 02:13:51,761] Trial 108 finished with values: [10.76923076805719, 10.76923076805719] and parameters: {'k1': 2.0937989739527727e-05, 'D_low': 118.94665366442581, 'k2': 0.02065142557895925, 'D_high': 85018.70149611714, 'fire_exp': 1.2943117749495199, 'P_half': 39.03214299767183, 'pre_dampen_half': 0.050654860639753524, 'gpp_af': 21.258647437649888, 'gpp_b': 2.800940363375676e-05, 'gpp_d': 859.8737339212263, 'ign_k': 1.2273800987852967, 'ign_c': 47.268615251255675}.
[I 2026-08-06 02:13:52,778] Trial 109 finished with values: [10.769230757629012, 10.769230757629012] and parameters: {'k1': 0.015602015889668856, 'D_low': 1636.5290600718067, 'k2': 0.006424916813668931, 'D_high': 2317.9376139410874, 'fire_exp': 7.762566645187935, 'P_half': 1687.869855879562, 'pre_dampen_half': 896.4492537002844, 'gpp_af': 0.11563475499641605, 'gpp_b': 0.0017065087316216368, 'gpp_d': 0.9885838682552678, 'ign_k': 0.001655947467404601, 'ign_c': 14.810800730363484}.
[I 2026-08-06 02:13:53,764] Trial 110 finished with values: [10.744516786897416, 10.744516786897416] and parameters: {'k1': 4.739584301027366e-05, 'D_low': 13.012518385211498, 'k2': 0.00022704877557909215, 'D_high': 22.636544662054543, 'fire_exp': 1.3201882743050743, 'P_half': 69.68111190775313, 'pre_dampen_half': 0.4742269251269962, 'gpp_af': 0.0662749342026412, 'gpp_b': 0.010483435442445016, 'gpp_d': 28.312234265202243, 'ign_k': 0.0014363112408604436, 'ign_c': 157.63098727399432}.
[I 2026-08-06 02:13:54,760] Trial 111 finished with values: [10.76922476510886, 10.76922476510886] and parameters: {'k1': 0.00031510149123840285, 'D_low': 7126.727573532312, 'k2': 0.0010293072560417134, 'D_high': 26666.09148594752, 'fire_exp': 4.557153230489669, 'P_half': 1627.0983114897251, 'pre_dampen_half': 4.350163152436989, 'gpp_af': 1.6296576926690896, 'gpp_b': 1.4423407153852965e-05, 'gpp_d': 8.489417776525737, 'ign_k': 5.766615111348428, 'ign_c': 12.37061744238074}.
[I 2026-08-06 02:13:55,747] Trial 112 finished with values: [-0.5684857261143502, 0.028846614240192858] and parameters: {'k1': 0.025383218374507292, 'D_low': 18.522006003174383, 'k2': 4.763991596630584e-05, 'D_high': 1687.3495104568947, 'fire_exp': 1.010722707674549, 'P_half': 608.3019192425825, 'pre_dampen_half': 14.689898077648792, 'gpp_af': 22.766850248686247, 'gpp_b': 0.6637926838138378, 'gpp_d': 891.8036602897795, 'ign_k': 3.7173717478250508, 'ign_c': 14.367095138664217}.
[I 2026-08-06 02:13:56,747] Trial 113 finished with values: [10.644151954457872, 10.644151954457872] and parameters: {'k1': 0.0016129739560722712, 'D_low': 334.62201030483817, 'k2': 0.03210808548911189, 'D_high': 411.0848435021235, 'fire_exp': 1.3614924220931135, 'P_half': 93.34064019986363, 'pre_dampen_half': 59.66041614891413, 'gpp_af': 4.095062894476692, 'gpp_b': 0.0004837646996135023, 'gpp_d': 0.013230608911548413, 'ign_k': 0.3818468247973969, 'ign_c': 0.5110256715654393}.
[I 2026-08-06 02:13:57,747] Trial 114 finished with values: [10.76923076805719, 10.76923076805719] and parameters: {'k1': 3.252245757497282e-05, 'D_low': 4.051452710153359, 'k2': 6.290644294586152e-05, 'D_high': 1140.0863701127325, 'fire_exp': 3.9121416285496955, 'P_half': 1.533916259116362, 'pre_dampen_half': 304.7488318185732, 'gpp_af': 0.2343193755572473, 'gpp_b': 0.10123867001105968, 'gpp_d': 0.07271087249685712, 'ign_k': 7.2866537374910445, 'ign_c': 171.23375973163948}.
[I 2026-08-06 02:13:58,771] Trial 115 finished with values: [10.76923076805719, 10.76923076805719] and parameters: {'k1': 0.008715336806899437, 'D_low': 74.92772870670282, 'k2': 1.6796279878430503e-05, 'D_high': 215.7727947769347, 'fire_exp': 2.5013167628643336, 'P_half': 395.22208819061166, 'pre_dampen_half': 4.863825828994056, 'gpp_af': 0.11563475499641605, 'gpp_b': 5.9297350775555, 'gpp_d': 76.2192732934521, 'ign_k': 0.02307884981527798, 'ign_c': 528.4809078673597}.
[I 2026-08-06 02:13:59,836] Trial 116 finished with values: [10.768403342668664, 10.768403342668664] and parameters: {'k1': 0.004579192310322934, 'D_low': 123.66924205139141, 'k2': 0.0001870742013766025, 'D_high': 32270.237615157977, 'fire_exp': 2.4685680709443356, 'P_half': 1846.7059900514498, 'pre_dampen_half': 1.5691864266263484, 'gpp_af': 39.744595568350256, 'gpp_b': 0.005971435064832835, 'gpp_d': 0.32128420171885896, 'ign_k': 0.9782222138048976, 'ign_c': 10.253722513378378}.
[I 2026-08-06 02:14:00,878] Trial 117 finished with values: [10.76779499711282, 10.76779499711282] and parameters: {'k1': 0.014666151770108535, 'D_low': 1440.3650379563878, 'k2': 2.316457903103837e-05, 'D_high': 3550.0125258511603, 'fire_exp': 1.14171776851287, 'P_half': 157.80309954142965, 'pre_dampen_half': 1.6130673726933187, 'gpp_af': 27.448645214004376, 'gpp_b': 0.36703737625293875, 'gpp_d': 0.03848886303127135, 'ign_k': 0.0037322156377670697, 'ign_c': 9.444574254983557}.
[I 2026-08-06 02:14:01,863] Trial 118 finished with values: [10.20266778541878, 10.20266778541878] and parameters: {'k1': 0.014666151770108535, 'D_low': 9.330007965781027, 'k2': 0.00011939136672856547, 'D_high': 949.9072859745386, 'fire_exp': 1.0473002272689056, 'P_half': 19.4230157499841, 'pre_dampen_half': 1.6130673726933187, 'gpp_af': 0.04339970334001348, 'gpp_b': 5.2308563179361105e-05, 'gpp_d': 0.03848886303127135, 'ign_k': 0.0037322156377670697, 'ign_c': 2.4287565087611744}.
[I 2026-08-06 02:14:02,846] Trial 119 finished with values: [-0.48701092169221827, 0.026531549866190773] and parameters: {'k1': 0.021368329072358756, 'D_low': 7.068974950624602, 'k2': 1.1184534120760473e-05, 'D_high': 75773.14388518519, 'fire_exp': 1.1044852285094786, 'P_half': 125.61043700013555, 'pre_dampen_half': 1.4445251022763053, 'gpp_af': 0.028585493941961918, 'gpp_b': 2.7719116797094715e-05, 'gpp_d': 5.878566318396007, 'ign_k': 0.01474275315991467, 'ign_c': 2.92043384718141}.
[I 2026-08-06 02:14:03,862] Trial 120 finished with values: [10.767703871814922, 10.767703871814922] and parameters: {'k1': 2.0937989739527727e-05, 'D_low': 125.32726386250698, 'k2': 0.0009299619346742016, 'D_high': 107.88909575795405, 'fire_exp': 1.2943117749495199, 'P_half': 39.03214299767183, 'pre_dampen_half': 2.9046276683520458, 'gpp_af': 0.04403094955951772, 'gpp_b': 0.7987896438549947, 'gpp_d': 0.15875524914818662, 'ign_k': 0.002011190979341457, 'ign_c': 2.442377596403893}.
[I 2026-08-06 02:14:04,913] Trial 121 finished with values: [10.704392109668738, 10.704392109668738] and parameters: {'k1': 0.03232155805617897, 'D_low': 918.4900818511542, 'k2': 0.015109330261674455, 'D_high': 6455.595882939566, 'fire_exp': 5.463881201328881, 'P_half': 14.94057723907974, 'pre_dampen_half': 111.37963167994629, 'gpp_af': 4.095062894476692, 'gpp_b': 1.5938003265859821, 'gpp_d': 368.30088529547436, 'ign_k': 0.11101191524846071, 'ign_c': 0.5110256715654393}.
[I 2026-08-06 02:14:05,968] Trial 122 finished with values: [10.748416574560725, 10.748416574560725] and parameters: {'k1': 0.00488137519160367, 'D_low': 1112.9571947046009, 'k2': 8.923807143379776e-05, 'D_high': 8182.111518618414, 'fire_exp': 2.332293128354265, 'P_half': 338.23872019362165, 'pre_dampen_half': 14.711215379121963, 'gpp_af': 0.47739011308437823, 'gpp_b': 0.005167823176781545, 'gpp_d': 150.14555442537656, 'ign_k': 0.019192001101561888, 'ign_c': 0.557280750002996}.
[I 2026-08-06 02:14:06,986] Trial 123 finished with values: [10.712426942826294, 10.712426942826294] and parameters: {'k1': 0.01783192664937594, 'D_low': 175.2878790340412, 'k2': 0.08790311296857814, 'D_high': 411.0848435021235, 'fire_exp': 1.3614924220931135, 'P_half': 1.3035590385085063, 'pre_dampen_half': 76.86605275420082, 'gpp_af': 0.6194713831445294, 'gpp_b': 0.1676789742547917, 'gpp_d': 0.13274681648778813, 'ign_k': 0.0027847738314446878, 'ign_c': 0.11433485956638717}.
[I 2026-08-06 02:14:08,063] Trial 124 finished with values: [10.76321088256611, 10.76321088256611] and parameters: {'k1': 0.02641449645424223, 'D_low': 64.52946500764233, 'k2': 0.0007883068789768041, 'D_high': 54.1524411940254, 'fire_exp': 2.0148477884158655, 'P_half': 125.61043700013555, 'pre_dampen_half': 1.4445251022763053, 'gpp_af': 0.14765842992482675, 'gpp_b': 0.0024605285374226047, 'gpp_d': 0.05061568304359488, 'ign_k': 0.34703605955441524, 'ign_c': 0.15178052094448868}.
[I 2026-08-06 02:14:09,131] Trial 125 finished with values: [10.769170048749974, 10.769170048749974] and parameters: {'k1': 1.2629989039319992e-05, 'D_low': 7089.141723796886, 'k2': 0.0007883068789768041, 'D_high': 24.622754931226588, 'fire_exp': 3.1018148805490564, 'P_half': 78.32259769732477, 'pre_dampen_half': 0.07345296810407675, 'gpp_af': 0.017832592720985762, 'gpp_b': 0.01974058362112495, 'gpp_d': 37.40930273158252, 'ign_k': 0.34703605955441524, 'ign_c': 0.5076307782729895}.
[I 2026-08-06 02:14:10,175] Trial 126 finished with values: [10.76923076805719, 10.76923076805719] and parameters: {'k1': 0.0012329098365270509, 'D_low': 51.30551760589834, 'k2': 0.0499774937030317, 'D_high': 32311.521854410956, 'fire_exp': 1.811096651915224, 'P_half': 436.4516946807792, 'pre_dampen_half': 0.37306104754535907, 'gpp_af': 0.34902252478382495, 'gpp_b': 2.788681037423117, 'gpp_d': 0.1619054449471649, 'ign_k': 0.09850790683119273, 'ign_c': 105.24574681335613}.
[I 2026-08-06 02:14:11,225] Trial 127 finished with values: [10.769170064654533, 10.769170064654533] and parameters: {'k1': 0.0004739164656764018, 'D_low': 123.66924205139141, 'k2': 8.923807143379776e-05, 'D_high': 8182.111518618414, 'fire_exp': 2.4685680709443356, 'P_half': 4564.399028622418, 'pre_dampen_half': 0.6485888757042115, 'gpp_af': 0.47739011308437823, 'gpp_b': 3.481277316673104e-05, 'gpp_d': 0.32128420171885896, 'ign_k': 0.9782222138048976, 'ign_c': 10.253722513378378}.
[I 2026-08-06 02:14:12,278] Trial 128 finished with values: [10.769227135200392, 10.769227135200392] and parameters: {'k1': 0.00017535949529764417, 'D_low': 19.986340778528874, 'k2': 0.02207600491318518, 'D_high': 3550.0125258511603, 'fire_exp': 2.5642061910321017, 'P_half': 77.42116473996248, 'pre_dampen_half': 0.06055990892372905, 'gpp_af': 0.017832592720985762, 'gpp_b': 0.36703737625293875, 'gpp_d': 6.403036652671167, 'ign_k': 1.2130221181165162, 'ign_c': 9.444574254983557}.
[I 2026-08-06 02:14:13,291] Trial 129 finished with values: [10.765459775326221, 10.765459775326221] and parameters: {'k1': 0.00035868164986275477, 'D_low': 12.172958098369968, 'k2': 0.02065142557895925, 'D_high': 267.3088310781672, 'fire_exp': 1.9095652801045373, 'P_half': 210.0648561959641, 'pre_dampen_half': 0.050654860639753524, 'gpp_af': 10.25616274847308, 'gpp_b': 2.800940363375676e-05, 'gpp_d': 859.8737339212263, 'ign_k': 1.2273800987852967, 'ign_c': 0.6235377135673155}.
[I 2026-08-06 02:14:14,347] Trial 130 finished with values: [10.730887756822941, 10.730887756822941] and parameters: {'k1': 0.00488137519160367, 'D_low': 4.051452710153359, 'k2': 8.923807143379776e-05, 'D_high': 3660.150802571655, 'fire_exp': 1.5201277403788451, 'P_half': 22.4895428439145, 'pre_dampen_half': 0.7549440440422736, 'gpp_af': 0.2343193755572473, 'gpp_b': 0.10123867001105968, 'gpp_d': 150.14555442537656, 'ign_k': 0.005877005203443299, 'ign_c': 0.557280750002996}.
[I 2026-08-06 02:14:15,386] Trial 131 finished with values: [-0.4895710987066684, 0.04633049815755075] and parameters: {'k1': 0.003381093273170853, 'D_low': 968.2012086882471, 'k2': 0.003967633935744858, 'D_high': 24939.838794891497, 'fire_exp': 1.2680134752324452, 'P_half': 187.6006822030065, 'pre_dampen_half': 3.3594011166738142, 'gpp_af': 13.560863064135962, 'gpp_b': 0.000832333943844274, 'gpp_d': 300.3420512048734, 'ign_k': 7.799059237255681, 'ign_c': 3.735862630812751}.
[I 2026-08-06 02:14:16,428] Trial 132 finished with values: [10.764069388778564, 10.764069388778564] and parameters: {'k1': 0.00010436686039715205, 'D_low': 2.5379946629058443, 'k2': 0.010987817552608315, 'D_high': 8241.92526487646, 'fire_exp': 2.961939534707384, 'P_half': 44.39802552990465, 'pre_dampen_half': 33.9790424311127, 'gpp_af': 0.001162712343304238, 'gpp_b': 0.0024194895091734425, 'gpp_d': 13.076473382928533, 'ign_k': 0.003141874937567038, 'ign_c': 3.0378658251922155}.
[I 2026-08-06 02:14:17,469] Trial 133 finished with values: [10.76923076805719, 10.76923076805719] and parameters: {'k1': 0.00010436686039715205, 'D_low': 125.32726386250698, 'k2': 0.010987817552608315, 'D_high': 233.52156626184438, 'fire_exp': 1.182396148413737, 'P_half': 39.03214299767183, 'pre_dampen_half': 703.6426675556048, 'gpp_af': 2.8805537835688413, 'gpp_b': 3.228689523591491e-05, 'gpp_d': 668.5510162938966, 'ign_k': 4.8235582830244885, 'ign_c': 47.268615251255675}.
[I 2026-08-06 02:14:18,494] Trial 134 finished with values: [10.768859807720304, 10.768859807720304] and parameters: {'k1': 0.014666151770108535, 'D_low': 1440.3650379563878, 'k2': 2.316457903103837e-05, 'D_high': 107.88909575795405, 'fire_exp': 1.6901885781909627, 'P_half': 51.10120656497163, 'pre_dampen_half': 1.6130673726933187, 'gpp_af': 0.04403094955951772, 'gpp_b': 0.0631546199357611, 'gpp_d': 0.03848886303127135, 'ign_k': 0.0037322156377670697, 'ign_c': 45.097190641534816}.
