[I 2026-07-24 02:17:30,337] Trial 237 finished with value: 0.6046369350521179 and parameters: {'k1': 0.07758196975279892, 'D_low': 498.8145477633774, 'k2': 5.931848605581186e-05, 'D_high': 23187.54001283198, 'fire_exp': 4.0640306623735265, 'P_half': 38.48484056142662, 'pre_dampen_half': 3.019419149892599, 'gpp_af': 0.0044957476479733525, 'gpp_b': 6.676866508364885e-05, 'gpp_d': 47.24242437516337, 'ign_k': 0.009615913728422413, 'ign_c': 6.910676129115172, 'trop_agb_crit': 1.5966194034813792, 'trop_k_veg': 2.940901002392465, 'fuel_k': 2.7790191621872316, 'fuel_half': 0.24781462879006286}. Best is trial 0 with value: -0.6070628323553574.
[I 2026-07-24 02:17:30,742] Trial 238 finished with value: 0.643815195032128 and parameters: {'k1': 0.016431426192413088, 'D_low': 432015.81495722354, 'k2': 2.6076149974921664e-05, 'D_high': 128117.86543863083, 'fire_exp': 1.6977495278944108, 'P_half': 73.44170953719387, 'pre_dampen_half': 37.464052130349096, 'gpp_af': 2.570520452178754, 'gpp_b': 0.007172605715413663, 'gpp_d': 151.22488296025767, 'ign_k': 1.1781547966349946, 'ign_c': 0.22998777626938732, 'trop_agb_crit': 1.2320978613565097, 'trop_k_veg': 6.158790296760075, 'fuel_k': 2.384565420377681, 'fuel_half': 0.1554339084282542}. Best is trial 0 with value: -0.6070628323553574.
[I 2026-07-24 02:17:31,149] Trial 239 finished with value: 0.5421256128674388 and parameters: {'k1': 0.008129546517252572, 'D_low': 44.0534856766493, 'k2': 1.9534662767411404e-05, 'D_high': 89005.49784937833, 'fire_exp': 1.11215223356397, 'P_half': 16.58826063541655, 'pre_dampen_half': 0.35340300824465903, 'gpp_af': 0.08964374291873185, 'gpp_b': 0.00015236525929580305, 'gpp_d': 32.60874951076077, 'ign_k': 0.0032359064196915586, 'ign_c': 0.6922016584119958, 'trop_agb_crit': 1.477768310372063, 'trop_k_veg': 1.0088120658579063, 'fuel_k': 0.4931056425899601, 'fuel_half': 0.49666222963304285}. Best is trial 0 with value: -0.6070628323553574.
[I 2026-07-24 02:17:31,554] Trial 240 finished with value: 0.5449668808567105 and parameters: {'k1': 0.0021111067646146027, 'D_low': 2.0094994713511176, 'k2': 3.133113489074583e-05, 'D_high': 138377.5624673069, 'fire_exp': 5.424741738284706, 'P_half': 13.235968545937977, 'pre_dampen_half': 295.5430539696847, 'gpp_af': 3.7604983460174286, 'gpp_b': 1.7883509702292293, 'gpp_d': 834.0391899413547, 'ign_k': 0.12158817076407051, 'ign_c': 0.3651229667219268, 'trop_agb_crit': 12.600196588170038, 'trop_k_veg': 1.4113216894587817, 'fuel_k': 3.2023508550787616, 'fuel_half': 47.92641150875319}. Best is trial 0 with value: -0.6070628323553574.
[I 2026-07-24 02:17:31,963] Trial 241 finished with value: 0.5084723636710078 and parameters: {'k1': 0.007935002614935807, 'D_low': 11330.091843323327, 'k2': 0.01115512361288508, 'D_high': 8969663.052744806, 'fire_exp': 7.081431552267662, 'P_half': 4.987435563231868, 'pre_dampen_half': 29.288952822030804, 'gpp_af': 6.474730375809094, 'gpp_b': 0.0001353698615371096, 'gpp_d': 161.4502430469294, 'ign_k': 0.42493494590665715, 'ign_c': 0.2808248426206867, 'trop_agb_crit': 7.132569958485016, 'trop_k_veg': 4.1408225284230715, 'fuel_k': 2.8544466162951423, 'fuel_half': 0.1633601243139967}. Best is trial 0 with value: -0.6070628323553574.
[I 2026-07-24 02:17:32,371] Trial 242 finished with value: -0.6024756968301755 and parameters: {'k1': 0.0026567474080828467, 'D_low': 2.657522549379281, 'k2': 0.0013313509574587753, 'D_high': 362659.41565032036, 'fire_exp': 6.619783078398792, 'P_half': 174.33881921198076, 'pre_dampen_half': 106.55553167897952, 'gpp_af': 0.004992726092251308, 'gpp_b': 2.4513314359326558e-05, 'gpp_d': 52.453929803401934, 'ign_k': 1.0799811328209947, 'ign_c': 9.385925058505075, 'trop_agb_crit': 16.24584223750858, 'trop_k_veg': 1.0683617198504005, 'fuel_k': 1.766522515261221, 'fuel_half': 0.3859509498740669}. Best is trial 0 with value: -0.6070628323553574.
[I 2026-07-24 02:17:32,778] Trial 243 finished with value: 0.5347615560398187 and parameters: {'k1': 0.011274779130870128, 'D_low': 16497.67672726982, 'k2': 2.0902423416333527e-05, 'D_high': 851450.7876046012, 'fire_exp': 1.0480081891346047, 'P_half': 8.492815783895637, 'pre_dampen_half': 211.40404407173395, 'gpp_af': 49.819216333863906, 'gpp_b': 0.23232119751015554, 'gpp_d': 864.4943977929056, 'ign_k': 0.0025177614825618384, 'ign_c': 437.6937641008154, 'trop_agb_crit': 1.1792988901039219, 'trop_k_veg': 7.237517117025226, 'fuel_k': 0.2027416939200295, 'fuel_half': 0.4180631540199367}. Best is trial 0 with value: -0.6070628323553574.
[I 2026-07-24 02:17:33,187] Trial 244 finished with value: 0.5446812683609423 and parameters: {'k1': 0.07897291533528662, 'D_low': 115.54814794174798, 'k2': 6.826094420510555e-05, 'D_high': 50058.102913380106, 'fire_exp': 1.3917882169791227, 'P_half': 59.51096094144437, 'pre_dampen_half': 0.1642478520380984, 'gpp_af': 0.004643162471935391, 'gpp_b': 0.0009936646014971644, 'gpp_d': 10.393143874213616, 'ign_k': 0.0036034926178742173, 'ign_c': 0.22805643734066283, 'trop_agb_crit': 2.215875944992985, 'trop_k_veg': 2.040488847550515, 'fuel_k': 2.2825210443385626, 'fuel_half': 0.15581751840820882}. Best is trial 0 with value: -0.6070628323553574.
[I 2026-07-24 02:17:33,599] Trial 245 finished with value: -0.506056839572601 and parameters: {'k1': 0.061106730154088254, 'D_low': 103.47204817093788, 'k2': 3.463069926964864e-05, 'D_high': 4965.493632486988, 'fire_exp': 1.1320669658227474, 'P_half': 238.3725231359282, 'pre_dampen_half': 4.4697262623697425, 'gpp_af': 0.028604650477445998, 'gpp_b': 1.7116870642853453e-05, 'gpp_d': 644.9465041301287, 'ign_k': 0.030837250987009464, 'ign_c': 0.33044399724706597, 'trop_agb_crit': 3.3996598089579146, 'trop_k_veg': 4.596713152451817, 'fuel_k': 2.1723892079528246, 'fuel_half': 0.28051216649556404}. Best is trial 0 with value: -0.6070628323553574.
[I 2026-07-24 02:17:34,002] Trial 246 finished with value: 0.6135438752352302 and parameters: {'k1': 0.005036932619622782, 'D_low': 40.176923495061665, 'k2': 0.020787714336607838, 'D_high': 1701351.2488258006, 'fire_exp': 5.371226359863713, 'P_half': 993.6554628803528, 'pre_dampen_half': 713.936359857023, 'gpp_af': 0.00952522415903634, 'gpp_b': 0.004863661953993426, 'gpp_d': 30.377653832739746, 'ign_k': 0.2626616270785932, 'ign_c': 4.241016920387623, 'trop_agb_crit': 17.983409655257212, 'trop_k_veg': 0.8812998414241733, 'fuel_k': 3.218167350931744, 'fuel_half': 0.8584849382158363}. Best is trial 0 with value: -0.6070628323553574.
[I 2026-07-24 02:17:34,417] Trial 247 finished with value: 0.6215943483471809 and parameters: {'k1': 0.07852391353508964, 'D_low': 52226.57295573423, 'k2': 1.7264318735268782e-05, 'D_high': 50969.56072043841, 'fire_exp': 1.0719917780779389, 'P_half': 154.88699159883643, 'pre_dampen_half': 19.550313856925083, 'gpp_af': 0.06988837036673072, 'gpp_b': 0.0009460004433245854, 'gpp_d': 17.871278339566985, 'ign_k': 0.006863475689085293, 'ign_c': 0.21920398321348725, 'trop_agb_crit': 1.1040931635907874, 'trop_k_veg': 1.789404350422271, 'fuel_k': 2.1519308982702046, 'fuel_half': 5.075123904827706}. Best is trial 0 with value: -0.6070628323553574.
[I 2026-07-24 02:17:34,854] Trial 248 finished with value: 0.49782083262744237 and parameters: {'k1': 0.0011215218696165388, 'D_low': 2.1683149565169737, 'k2': 0.0013063889197759873, 'D_high': 116917.19105296199, 'fire_exp': 7.181701771424463, 'P_half': 2.9607647328675237, 'pre_dampen_half': 167.31081590707277, 'gpp_af': 0.00162116189542753, 'gpp_b': 0.00010414678422061536, 'gpp_d': 10.420952583370838, 'ign_k': 1.3897080973443983, 'ign_c': 25.375007120856637, 'trop_agb_crit': 11.982630120235525, 'trop_k_veg': 0.636387177176001, 'fuel_k': 4.474048455903078, 'fuel_half': 0.8589064188007444}. Best is trial 0 with value: -0.6070628323553574.
[I 2026-07-24 02:17:35,277] Trial 249 finished with value: 0.6425169511978442 and parameters: {'k1': 0.01150040092439588, 'D_low': 233680.0478126677, 'k2': 2.4477678076065884e-05, 'D_high': 103421.15916834437, 'fire_exp': 2.3845706119139547, 'P_half': 1.737992906711153, 'pre_dampen_half': 19.364694883475543, 'gpp_af': 1.6884776110744393, 'gpp_b': 0.028870219594129224, 'gpp_d': 289.6664266522195, 'ign_k': 0.04706344696667248, 'ign_c': 0.3338212937919955, 'trop_agb_crit': 1.8678584879381601, 'trop_k_veg': 4.221059391031201, 'fuel_k': 4.788608564715873, 'fuel_half': 0.1110408540977372}. Best is trial 0 with value: -0.6070628323553574.
[I 2026-07-24 02:17:35,719] Trial 250 finished with value: 0.5984511672929942 and parameters: {'k1': 0.0009325385725403587, 'D_low': 162.38984673046775, 'k2': 5.1210588794902516e-05, 'D_high': 110037.27366909168, 'fire_exp': 1.6226502908029363, 'P_half': 3.861900315380225, 'pre_dampen_half': 9.16653819111292, 'gpp_af': 64.6131521927771, 'gpp_b': 0.7345967042789175, 'gpp_d': 10.427912721959485, 'ign_k': 0.01703526810595178, 'ign_c': 0.12631400020091635, 'trop_agb_crit': 11.975528134353736, 'trop_k_veg': 3.0226700276721385, 'fuel_k': 4.263970245705406, 'fuel_half': 34.23663560199263}. Best is trial 0 with value: -0.6070628323553574.
[I 2026-07-24 02:17:36,126] Trial 251 finished with value: 0.5510418084034601 and parameters: {'k1': 0.01109625843450616, 'D_low': 6.532572353521928, 'k2': 0.001363892661020077, 'D_high': 87475.69666438347, 'fire_exp': 9.197418788476124, 'P_half': 176.04385625293455, 'pre_dampen_half': 150.40948452810116, 'gpp_af': 0.010523984566915091, 'gpp_b': 3.5386645388660953e-05, 'gpp_d': 45.33913084921409, 'ign_k': 0.1335959748193175, 'ign_c': 4.395479798453149, 'trop_agb_crit': 21.41582251208623, 'trop_k_veg': 0.6793664394664198, 'fuel_k': 1.11470170101666, 'fuel_half': 0.160308569715539}. Best is trial 0 with value: -0.6070628323553574.
[I 2026-07-24 02:17:36,529] Trial 252 finished with value: 0.6445852131768162 and parameters: {'k1': 0.0009845654520842528, 'D_low': 1677.6723265577248, 'k2': 7.050763839471943e-05, 'D_high': 88409.24005491652, 'fire_exp': 1.5171924451659917, 'P_half': 36.38638141471314, 'pre_dampen_half': 153.93701679660379, 'gpp_af': 80.15499250060678, 'gpp_b': 9.97231348529865, 'gpp_d': 35.71330200352734, 'ign_k': 2.128221929412315, 'ign_c': 39.1731795536644, 'trop_agb_crit': 24.184347010083926, 'trop_k_veg': 3.2988842628948127, 'fuel_k': 0.05033365342560741, 'fuel_half': 12.327747878648504}. Best is trial 0 with value: -0.6070628323553574.
[I 2026-07-24 02:17:36,938] Trial 253 finished with value: 0.6445374145881376 and parameters: {'k1': 0.0026015845341755468, 'D_low': 2013.9923378605574, 'k2': 0.0021245415716827946, 'D_high': 1389456.5779397395, 'fire_exp': 4.464379763383549, 'P_half': 2.565652874070025, 'pre_dampen_half': 0.7412279431703845, 'gpp_af': 1.0129081196076324, 'gpp_b': 0.0011268656018616876, 'gpp_d': 21.910549113842627, 'ign_k': 2.9631157041488287, 'ign_c': 76.32909180038033, 'trop_agb_crit': 5.8912965399654365, 'trop_k_veg': 1.8974510899380368, 'fuel_k': 0.6628495475811647, 'fuel_half': 0.3910825371249258}. Best is trial 0 with value: -0.6070628323553574.
[I 2026-07-24 02:17:37,341] Trial 254 finished with value: 0.5056518265905146 and parameters: {'k1': 0.000598852559687129, 'D_low': 4.413112037737196, 'k2': 0.004054390508484815, 'D_high': 1277903.1226065338, 'fire_exp': 7.533527871354576, 'P_half': 215.58323677265918, 'pre_dampen_half': 27.237018613867452, 'gpp_af': 0.0016386230251917203, 'gpp_b': 0.00011706766136063902, 'gpp_d': 76.5663684371413, 'ign_k': 3.4733774707517897, 'ign_c': 12.777114904034578, 'trop_agb_crit': 8.596493741167263, 'trop_k_veg': 1.128992861128968, 'fuel_k': 2.887232146391252, 'fuel_half': 0.3417116210990593}. Best is trial 0 with value: -0.6070628323553574.
[I 2026-07-24 02:17:37,748] Trial 255 finished with value: 0.4913987071087086 and parameters: {'k1': 0.03095171537512714, 'D_low': 23.75319140004487, 'k2': 2.0432255188747067e-05, 'D_high': 94105.75477320541, 'fire_exp': 1.3824138877238177, 'P_half': 3.3143768653672576, 'pre_dampen_half': 0.34889089492880987, 'gpp_af': 0.003659644060183839, 'gpp_b': 3.125875737012368e-05, 'gpp_d': 734.3694095616415, 'ign_k': 0.03611971200870391, 'ign_c': 8.990168469269374, 'trop_agb_crit': 5.642631692258876, 'trop_k_veg': 2.901480082336997, 'fuel_k': 3.406473951936134, 'fuel_half': 1.296320403966775}. Best is trial 0 with value: -0.6070628323553574.
[I 2026-07-24 02:17:38,160] Trial 256 finished with value: -0.5193341362217193 and parameters: {'k1': 0.003153640622591943, 'D_low': 1056.1694428496528, 'k2': 0.0032968636777646037, 'D_high': 7924824.983768911, 'fire_exp': 3.838141683567165, 'P_half': 22.405087991386683, 'pre_dampen_half': 3.485517096566558, 'gpp_af': 26.1927796653314, 'gpp_b': 1.0193491128741626e-05, 'gpp_d': 20.84553884254116, 'ign_k': 2.3319014263019713, 'ign_c': 0.19168923445731834, 'trop_agb_crit': 3.3115553780476743, 'trop_k_veg': 1.7245122117966698, 'fuel_k': 1.3529912909485355, 'fuel_half': 0.3268731768380509}. Best is trial 0 with value: -0.6070628323553574.
[I 2026-07-24 02:17:38,565] Trial 257 finished with value: 0.4122802899937227 and parameters: {'k1': 0.00026984484627019464, 'D_low': 509.9329316612186, 'k2': 0.0039009713852587113, 'D_high': 4594012.140077326, 'fire_exp': 2.7310515821538495, 'P_half': 55.40789432508114, 'pre_dampen_half': 1.6581933117838945, 'gpp_af': 1.7742241964363354, 'gpp_b': 5.1442968337141286e-05, 'gpp_d': 16.2125338078389, 'ign_k': 2.004583756443718, 'ign_c': 0.3254248689204686, 'trop_agb_crit': 5.343019177684667, 'trop_k_veg': 2.382076173696623, 'fuel_k': 4.487823340838084, 'fuel_half': 0.36779985901149714}. Best is trial 0 with value: -0.6070628323553574.
[I 2026-07-24 02:17:38,971] Trial 258 finished with value: 0.4660430715213022 and parameters: {'k1': 0.06133387600472271, 'D_low': 10075.531065311974, 'k2': 1.8880094475694668e-05, 'D_high': 4247192.533249026, 'fire_exp': 1.644234277061787, 'P_half': 2.4569782604198114, 'pre_dampen_half': 336.9333853282934, 'gpp_af': 10.076319379438317, 'gpp_b': 0.00025504407160978235, 'gpp_d': 457.3907379593673, 'ign_k': 0.01887902933128612, 'ign_c': 0.9020830214679111, 'trop_agb_crit': 1.9406966810195985, 'trop_k_veg': 2.5425293525150208, 'fuel_k': 0.9384745017697962, 'fuel_half': 2.343202201381634}. Best is trial 0 with value: -0.6070628323553574.
[I 2026-07-24 02:17:39,384] Trial 259 finished with value: 0.6032091122112956 and parameters: {'k1': 0.015643176520909824, 'D_low': 23620.097161269816, 'k2': 8.286104923778296e-05, 'D_high': 795494.613995335, 'fire_exp': 1.0087160042189691, 'P_half': 1.293973894875891, 'pre_dampen_half': 0.8321657738997711, 'gpp_af': 0.05286571428846793, 'gpp_b': 0.3567313970705932, 'gpp_d': 696.2843295698059, 'ign_k': 0.0018600937018464964, 'ign_c': 7.921079998231017, 'trop_agb_crit': 1.6240698514174754, 'trop_k_veg': 6.055650869504801, 'fuel_k': 1.4724735049585806, 'fuel_half': 1.2806822680107022}. Best is trial 0 with value: -0.6070628323553574.
[I 2026-07-24 02:17:39,793] Trial 260 finished with value: -0.5198196235245615 and parameters: {'k1': 0.0014970144701779739, 'D_low': 9454.332885416941, 'k2': 0.005089879277629447, 'D_high': 3239836.3054406513, 'fire_exp': 4.001021304120891, 'P_half': 4.434543601806368, 'pre_dampen_half': 1.5307346616729316, 'gpp_af': 30.292152291471684, 'gpp_b': 0.00031432885972652256, 'gpp_d': 54.03942071649697, 'ign_k': 1.9476367652196631, 'ign_c': 0.23312459965438015, 'trop_agb_crit': 3.435134516865762, 'trop_k_veg': 1.23875797674664, 'fuel_k': 0.7279240407563338, 'fuel_half': 0.36074012808353817}. Best is trial 0 with value: -0.6070628323553574.
[I 2026-07-24 02:17:40,197] Trial 261 finished with value: -0.5379908030872024 and parameters: {'k1': 0.041869747822443674, 'D_low': 27.749742900398378, 'k2': 4.339174140940561e-05, 'D_high': 9826579.571733832, 'fire_exp': 1.843817861603334, 'P_half': 1.2281823818901176, 'pre_dampen_half': 14.225773254757748, 'gpp_af': 0.26472464886192365, 'gpp_b': 0.006640338930765682, 'gpp_d': 31.06711842577874, 'ign_k': 0.0013605238264642004, 'ign_c': 6.239650866535743, 'trop_agb_crit': 2.2975274280065765, 'trop_k_veg': 1.5616417947650134, 'fuel_k': 0.8015499597602694, 'fuel_half': 0.20493549885973245}. Best is trial 0 with value: -0.6070628323553574.
[I 2026-07-24 02:17:40,599] Trial 262 finished with value: 0.48100363016669956 and parameters: {'k1': 0.03311903450841741, 'D_low': 980.3700072022563, 'k2': 1.7595859799495503e-05, 'D_high': 1028772.5943426972, 'fire_exp': 1.5796058960467585, 'P_half': 23.060118928192438, 'pre_dampen_half': 3.0442854789464073, 'gpp_af': 0.0029309483490325156, 'gpp_b': 0.00025121704559635257, 'gpp_d': 352.8917512549012, 'ign_k': 0.03179766755408391, 'ign_c': 0.1949958856643617, 'trop_agb_crit': 1.879564108871464, 'trop_k_veg': 1.1141344727885671, 'fuel_k': 5.793114250693264, 'fuel_half': 0.12404471804315721}. Best is trial 0 with value: -0.6070628323553574.
[I 2026-07-24 02:17:41,007] Trial 263 finished with value: 0.44857313187855774 and parameters: {'k1': 0.025811909193538766, 'D_low': 2.8832390765374263, 'k2': 9.040635082247056e-05, 'D_high': 3892569.0555202505, 'fire_exp': 1.7784258072427483, 'P_half': 6.454656794046068, 'pre_dampen_half': 132.29965518230662, 'gpp_af': 0.803787714346545, 'gpp_b': 0.00035013928932585653, 'gpp_d': 13.991204439705431, 'ign_k': 0.013449164366831272, 'ign_c': 0.5786620657239382, 'trop_agb_crit': 3.792421080479016, 'trop_k_veg': 3.0162256335033613, 'fuel_k': 0.22696856445698668, 'fuel_half': 0.11105971539802692}. Best is trial 0 with value: -0.6070628323553574.
[I 2026-07-24 02:17:41,412] Trial 264 finished with value: 0.5847275886745235 and parameters: {'k1': 0.06971469736862335, 'D_low': 3.3241156231957816, 'k2': 0.0006107369824142421, 'D_high': 26299.089573172543, 'fire_exp': 1.3859614995929261, 'P_half': 20.62615534621451, 'pre_dampen_half': 0.5803267187362673, 'gpp_af': 0.18385472768508898, 'gpp_b': 1.1730380881723858e-05, 'gpp_d': 678.2972783301716, 'ign_k': 0.016914325187513048, 'ign_c': 151.9546855115571, 'trop_agb_crit': 1.5968267448516993, 'trop_k_veg': 3.3538310545836953, 'fuel_k': 1.188512438536166, 'fuel_half': 0.3917917661357262}. Best is trial 0 with value: -0.6070628323553574.
[I 2026-07-24 02:17:41,821] Trial 265 finished with value: 0.5732628397744639 and parameters: {'k1': 0.009157763867369918, 'D_low': 8.248770234094284, 'k2': 0.0012376483234531113, 'D_high': 33566.79337031388, 'fire_exp': 4.949932249948662, 'P_half': 47.98619015227257, 'pre_dampen_half': 78.27427316962975, 'gpp_af': 0.006951642356608279, 'gpp_b': 0.00032441509857054603, 'gpp_d': 7.295863684917859, 'ign_k': 0.9169491156872585, 'ign_c': 25.254249355179205, 'trop_agb_crit': 15.405627584772173, 'trop_k_veg': 1.9232799463676868, 'fuel_k': 0.43224461552156335, 'fuel_half': 3.3720190376828576}. Best is trial 0 with value: -0.6070628323553574.
[I 2026-07-24 02:17:42,230] Trial 266 finished with value: -0.5686826571375105 and parameters: {'k1': 0.0004581089179299662, 'D_low': 1119.8358579985866, 'k2': 0.00278998051239219, 'D_high': 9461325.482324101, 'fire_exp': 5.54784042645089, 'P_half': 8.68210547004848, 'pre_dampen_half': 9.076168367009904, 'gpp_af': 1.5796889339806477, 'gpp_b': 0.011565627956926585, 'gpp_d': 40.60211156113743, 'ign_k': 0.4681947158141265, 'ign_c': 0.7074635340329455, 'trop_agb_crit': 3.717550031590335, 'trop_k_veg': 0.7919087795105709, 'fuel_k': 1.1685411118788882, 'fuel_half': 0.19811083104766605}. Best is trial 0 with value: -0.6070628323553574.
[I 2026-07-24 02:17:42,632] Trial 267 finished with value: 0.5727462007325845 and parameters: {'k1': 0.00035770121826936253, 'D_low': 3462.9382461842474, 'k2': 0.008374492811607502, 'D_high': 7115519.882889681, 'fire_exp': 5.701552743536188, 'P_half': 12.838307949132936, 'pre_dampen_half': 1.9657734330116663, 'gpp_af': 2.205206261878423, 'gpp_b': 0.5301232756657893, 'gpp_d': 31.238898926802985, 'ign_k': 0.2722701053787805, 'ign_c': 0.1275421309124266, 'trop_agb_crit': 3.774078388949015, 'trop_k_veg': 0.8660180788366606, 'fuel_k': 1.3282461433989172, 'fuel_half': 0.153290262482606}. Best is trial 0 with value: -0.6070628323553574.
[I 2026-07-24 02:17:43,039] Trial 268 finished with value: 0.594967483971462 and parameters: {'k1': 0.001443690489856864, 'D_low': 201.33341926667669, 'k2': 0.0004788818673091195, 'D_high': 6879259.54891225, 'fire_exp': 3.8133733609599725, 'P_half': 53.00962781083645, 'pre_dampen_half': 0.2845221303640136, 'gpp_af': 58.54787096899057, 'gpp_b': 0.027833913254216188, 'gpp_d': 4.373715559524061, 'ign_k': 2.4432349966741564, 'ign_c': 4.975691379126253, 'trop_agb_crit': 3.5570966536374558, 'trop_k_veg': 0.7902488061167598, 'fuel_k': 2.1297682873916903, 'fuel_half': 0.2118780654286254}. Best is trial 0 with value: -0.6070628323553574.
[I 2026-07-24 02:17:43,445] Trial 269 finished with value: 0.5072854058081206 and parameters: {'k1': 0.00037932770575006385, 'D_low': 3470.0583130456976, 'k2': 0.011364704503033948, 'D_high': 802252.0648107734, 'fire_exp': 4.078386041059537, 'P_half': 5.206546831905232, 'pre_dampen_half': 0.2323407762848362, 'gpp_af': 22.695108816754278, 'gpp_b': 0.015577859601597455, 'gpp_d': 177.26982110998313, 'ign_k': 4.380649233834384, 'ign_c': 0.11023740635867707, 'trop_agb_crit': 3.117603587823095, 'trop_k_veg': 1.1176945196415338, 'fuel_k': 0.9945899312219411, 'fuel_half': 0.7802110626175162}. Best is trial 0 with value: -0.6070628323553574.
[I 2026-07-24 02:17:43,848] Trial 270 finished with value: 0.6034915585539724 and parameters: {'k1': 0.0559827786604229, 'D_low': 38.84356157753612, 'k2': 0.0016489539134481115, 'D_high': 1107914.6051967393, 'fire_exp': 2.145279439882841, 'P_half': 10.843451836688134, 'pre_dampen_half': 1.7516679292221904, 'gpp_af': 0.03174182542787259, 'gpp_b': 0.15348617941301068, 'gpp_d': 9.261261684195171, 'ign_k': 0.00225818486690919, 'ign_c': 5.32689974072551, 'trop_agb_crit': 2.5826212105476385, 'trop_k_veg': 1.5016686060751132, 'fuel_k': 0.11395929793490882, 'fuel_half': 0.1263001697142748}. Best is trial 0 with value: -0.6070628323553574.
