[I 2026-06-10 20:42:06,689] Trial 863 finished with values: [10.123260402494182, 10.123260402494182] and parameters: {'k1': 5.7909642338812115e-05, 'D_low': 171.2446447678494, 'k2': 0.00037358626308127543, 'D_high': 1817.0401889219124, 'fire_exp': 1.1633452995374232, 'P_half': 114.62237838612074, 'pre_dampen_half': 2.7496044350174866, 'gpp_af': 0.2204465010099918, 'gpp_b': 2.176805640408474e-05, 'gpp_d': 1.0088237648985734, 'ign_k': 0.17320535908244444, 'ign_c': 0.2747544877072544, 'trop_agb_crit': 3.3933702290907823, 'trop_k_veg': 2.520089655463604, 'fire_amp': 5.44779717154213}.
[I 2026-06-10 20:42:08,006] Trial 864 finished with values: [10.888537547621068, 10.888537547621068] and parameters: {'k1': 5.7909642338812115e-05, 'D_low': 171.2446447678494, 'k2': 0.00037358626308127543, 'D_high': 1817.0401889219124, 'fire_exp': 1.2344878997299724, 'P_half': 5.4712187293420325, 'pre_dampen_half': 16.009350908593582, 'gpp_af': 0.2204465010099918, 'gpp_b': 2.176805640408474e-05, 'gpp_d': 21.899070557043984, 'ign_k': 0.0018548376790967168, 'ign_c': 1.4879588507789996, 'trop_agb_crit': 3.3933702290907823, 'trop_k_veg': 6.030247256556128, 'fire_amp': 5.44779717154213}.
[I 2026-06-10 20:42:09,325] Trial 865 finished with values: [10.833333332980382, 10.833333332980382] and parameters: {'k1': 5.178197947282869e-05, 'D_low': 155.5385177474217, 'k2': 0.02939607009739149, 'D_high': 1817.0401889219124, 'fire_exp': 1.1633452995374232, 'P_half': 369.7311160925241, 'pre_dampen_half': 13.161234383542856, 'gpp_af': 0.005061568304359487, 'gpp_b': 0.005324318259022292, 'gpp_d': 21.899070557043984, 'ign_k': 3.6309591863459096, 'ign_c': 238.46702350126745, 'trop_agb_crit': 1.8285200278523417, 'trop_k_veg': 0.6488368931910606, 'fire_amp': 1.1655705619308396}.
[I 2026-06-10 20:42:10,756] Trial 866 finished with values: [-0.4048540300201839, 0.35287460302734897] and parameters: {'k1': 0.00023134781612225627, 'D_low': 1.7551403048208316, 'k2': 0.00037358626308127543, 'D_high': 32311.521854410956, 'fire_exp': 1.41873960828944, 'P_half': 5.4712187293420325, 'pre_dampen_half': 16.009350908593582, 'gpp_af': 0.060029341913968644, 'gpp_b': 0.00031478066835753096, 'gpp_d': 0.1922572998567411, 'ign_k': 0.002357279455676982, 'ign_c': 0.24679157131719837, 'trop_agb_crit': 1.3063813396521713, 'trop_k_veg': 0.5535297685306277, 'fire_amp': 2.3984211831442845}.
[I 2026-06-10 20:42:12,357] Trial 867 finished with values: [10.57832101335666, 10.57832101335666] and parameters: {'k1': 0.00023134781612225627, 'D_low': 5.004428734228137, 'k2': 0.00037358626308127543, 'D_high': 252.84086172415604, 'fire_exp': 1.2344878997299724, 'P_half': 1265.0580856641704, 'pre_dampen_half': 16.009350908593582, 'gpp_af': 1.9706963379095486, 'gpp_b': 0.00012118589392553798, 'gpp_d': 96.93415502195788, 'ign_k': 0.17320535908244444, 'ign_c': 0.4177928311636542, 'trop_agb_crit': 1.3063813396521713, 'trop_k_veg': 6.030247256556128, 'fire_amp': 1.5719333351012774}.
[I 2026-06-10 20:42:13,849] Trial 868 finished with values: [10.833318623813712, 10.833318623813712] and parameters: {'k1': 0.08006837661379566, 'D_low': 1121.5915868662764, 'k2': 0.006802810205786726, 'D_high': 252.84086172415604, 'fire_exp': 1.4126958348191876, 'P_half': 93.43302657318476, 'pre_dampen_half': 30.456909077772018, 'gpp_af': 0.2204465010099918, 'gpp_b': 0.00031478066835753096, 'gpp_d': 0.1570003140297517, 'ign_k': 0.17320535908244444, 'ign_c': 7.081721844034206, 'trop_agb_crit': 11.664190932505923, 'trop_k_veg': 5.453348988480011, 'fire_amp': 3.1543496524370136}.
[I 2026-06-10 20:42:15,200] Trial 869 finished with values: [10.828218862351072, 10.828218862351072] and parameters: {'k1': 3.609310926766545e-05, 'D_low': 171.2446447678494, 'k2': 0.0004976087827261435, 'D_high': 1266.9536563782303, 'fire_exp': 3.2459542834651627, 'P_half': 51.10120656497163, 'pre_dampen_half': 123.04779330083686, 'gpp_af': 42.29037995744429, 'gpp_b': 2.176805640408474e-05, 'gpp_d': 12.338826503601998, 'ign_k': 0.002357279455676982, 'ign_c': 0.4177928311636542, 'trop_agb_crit': 12.708819454040446, 'trop_k_veg': 0.6488368931910606, 'fire_amp': 5.606809127618709}.
[I 2026-06-10 20:42:16,518] Trial 870 finished with values: [-0.447099511297879, 0.10191115063307132] and parameters: {'k1': 5.178197947282869e-05, 'D_low': 171.2446447678494, 'k2': 3.2423055114836195e-05, 'D_high': 1266.9536563782303, 'fire_exp': 1.4848387260494937, 'P_half': 2.4106893837852787, 'pre_dampen_half': 123.04779330083686, 'gpp_af': 0.005061568304359487, 'gpp_b': 0.002416023630607169, 'gpp_d': 1.8148402127631733, 'ign_k': 0.0029519227433917453, 'ign_c': 2.2489542843914485, 'trop_agb_crit': 11.664190932505923, 'trop_k_veg': 2.520089655463604, 'fire_amp': 3.1543496524370136}.
[I 2026-06-10 20:42:17,866] Trial 871 finished with values: [-0.5624268852588965, 0.11648006279529421] and parameters: {'k1': 0.004439732043401208, 'D_low': 19.89315688058566, 'k2': 0.00037358626308127543, 'D_high': 1266.9536563782303, 'fire_exp': 1.4848387260494937, 'P_half': 93.43302657318476, 'pre_dampen_half': 170.71098124594695, 'gpp_af': 0.005061568304359487, 'gpp_b': 2.176805640408474e-05, 'gpp_d': 0.09467055845337147, 'ign_k': 0.0032383308053152635, 'ign_c': 39.52220881906114, 'trop_agb_crit': 12.279079504118675, 'trop_k_veg': 3.7910619738560545, 'fire_amp': 1.5719333351012774}.
[I 2026-06-10 20:42:19,338] Trial 872 finished with values: [10.170843274803602, 10.170843274803602] and parameters: {'k1': 0.0001599021369655865, 'D_low': 80.1811936889058, 'k2': 0.006802810205786726, 'D_high': 252.84086172415604, 'fire_exp': 1.4848387260494937, 'P_half': 114.62237838612074, 'pre_dampen_half': 30.456909077772018, 'gpp_af': 0.07576025464197739, 'gpp_b': 2.176805640408474e-05, 'gpp_d': 34.18897529667503, 'ign_k': 0.17320535908244444, 'ign_c': 7.081721844034206, 'trop_agb_crit': 1.8285200278523417, 'trop_k_veg': 0.5183533149347164, 'fire_amp': 3.1543496524370136}.
[I 2026-06-10 20:42:20,894] Trial 873 finished with values: [10.833258717161575, 10.833258717161575] and parameters: {'k1': 0.006164329525571074, 'D_low': 171.2446447678494, 'k2': 0.01567230746060024, 'D_high': 36998.679204890876, 'fire_exp': 3.2459542834651627, 'P_half': 1265.0580856641704, 'pre_dampen_half': 30.456909077772018, 'gpp_af': 0.008117091133892173, 'gpp_b': 0.12046049142392454, 'gpp_d': 12.338826503601998, 'ign_k': 0.17320535908244444, 'ign_c': 0.9736725715035878, 'trop_agb_crit': 12.708819454040446, 'trop_k_veg': 0.6488368931910606, 'fire_amp': 5.44779717154213}.
[I 2026-06-10 20:42:22,323] Trial 874 finished with values: [10.601326043159585, 10.601326043159585] and parameters: {'k1': 5.7909642338812115e-05, 'D_low': 1.7551403048208316, 'k2': 0.00037358626308127543, 'D_high': 16780.50857913099, 'fire_exp': 1.1490848108902036, 'P_half': 114.62237838612074, 'pre_dampen_half': 1.8469033699850426, 'gpp_af': 0.008117091133892173, 'gpp_b': 0.00807491410172472, 'gpp_d': 1.0088237648985734, 'ign_k': 0.07867677706257832, 'ign_c': 0.4177928311636542, 'trop_agb_crit': 3.3933702290907823, 'trop_k_veg': 0.5183533149347164, 'fire_amp': 1.5719333351012774}.
[I 2026-06-10 20:42:23,658] Trial 875 finished with values: [-0.4777349052705185, 0.18189166830648396] and parameters: {'k1': 0.0003783599106879794, 'D_low': 1.4002277211577039, 'k2': 0.00025923015361558547, 'D_high': 1266.9536563782303, 'fire_exp': 1.1633452995374232, 'P_half': 2.4106893837852787, 'pre_dampen_half': 170.71098124594695, 'gpp_af': 0.005061568304359487, 'gpp_b': 0.0002637687576667052, 'gpp_d': 1.8148402127631733, 'ign_k': 0.0029519227433917453, 'ign_c': 1.4879588507789996, 'trop_agb_crit': 1.0189592979395135, 'trop_k_veg': 0.5183533149347164, 'fire_amp': 1.1655705619308396}.
[I 2026-06-10 20:42:25,008] Trial 876 finished with values: [-0.7325515600936593, 0.029824698175089592] and parameters: {'k1': 0.0006883147458933808, 'D_low': 171.2446447678494, 'k2': 0.00037358626308127543, 'D_high': 36998.679204890876, 'fire_exp': 1.41873960828944, 'P_half': 1265.0580856641704, 'pre_dampen_half': 30.456909077772018, 'gpp_af': 0.2204465010099918, 'gpp_b': 0.12046049142392454, 'gpp_d': 1.0088237648985734, 'ign_k': 0.17320535908244444, 'ign_c': 7.081721844034206, 'trop_agb_crit': 1.8566494291193822, 'trop_k_veg': 5.453348988480011, 'fire_amp': 5.44779717154213}.
[I 2026-06-10 20:42:26,790] Trial 877 finished with values: [10.833333332980382, 10.833333332980382] and parameters: {'k1': 5.7909642338812115e-05, 'D_low': 1121.5915868662764, 'k2': 0.006802810205786726, 'D_high': 252.84086172415604, 'fire_exp': 1.4848387260494937, 'P_half': 114.62237838612074, 'pre_dampen_half': 30.456909077772018, 'gpp_af': 0.2204465010099918, 'gpp_b': 2.176805640408474e-05, 'gpp_d': 1.0088237648985734, 'ign_k': 0.17320535908244444, 'ign_c': 138.05946158117075, 'trop_agb_crit': 11.664190932505923, 'trop_k_veg': 0.5183533149347164, 'fire_amp': 3.1543496524370136}.
[I 2026-06-10 20:42:28,266] Trial 878 finished with values: [10.8332838303496, 10.8332838303496] and parameters: {'k1': 3.609310926766545e-05, 'D_low': 171.2446447678494, 'k2': 0.0004976087827261435, 'D_high': 32311.521854410956, 'fire_exp': 7.7998219494546595, 'P_half': 93.43302657318476, 'pre_dampen_half': 30.456909077772018, 'gpp_af': 0.2204465010099918, 'gpp_b': 0.00031478066835753096, 'gpp_d': 21.899070557043984, 'ign_k': 0.0018548376790967168, 'ign_c': 39.52220881906114, 'trop_agb_crit': 3.937772188016226, 'trop_k_veg': 2.520089655463604, 'fire_amp': 5.538534697983617}.
[I 2026-06-10 20:42:29,765] Trial 879 finished with values: [10.408300025340539, 10.408300025340539] and parameters: {'k1': 3.609310926766545e-05, 'D_low': 1121.5915868662764, 'k2': 0.00037358626308127543, 'D_high': 1266.9536563782303, 'fire_exp': 1.4848387260494937, 'P_half': 93.43302657318476, 'pre_dampen_half': 30.456909077772018, 'gpp_af': 0.016306190741524337, 'gpp_b': 2.176805640408474e-05, 'gpp_d': 0.1570003140297517, 'ign_k': 0.0029519227433917453, 'ign_c': 39.52220881906114, 'trop_agb_crit': 1.6222566606523396, 'trop_k_veg': 2.520089655463604, 'fire_amp': 3.1543496524370136}.
[I 2026-06-10 20:42:31,232] Trial 880 finished with values: [10.803726510254416, 10.803726510254416] and parameters: {'k1': 0.05705198955850472, 'D_low': 236.79352040223893, 'k2': 0.00037358626308127543, 'D_high': 32311.521854410956, 'fire_exp': 6.122141825699288, 'P_half': 93.43302657318476, 'pre_dampen_half': 170.71098124594695, 'gpp_af': 0.2204465010099918, 'gpp_b': 2.176805640408474e-05, 'gpp_d': 0.37760216765950283, 'ign_k': 0.0032383308053152635, 'ign_c': 0.22592797420156951, 'trop_agb_crit': 6.666743425826005, 'trop_k_veg': 0.6488368931910606, 'fire_amp': 5.44779717154213}.
[I 2026-06-10 20:42:32,630] Trial 881 finished with values: [10.801348911668846, 10.801348911668846] and parameters: {'k1': 0.0018697387216131526, 'D_low': 171.2446447678494, 'k2': 0.0002442377596403892, 'D_high': 22.636544662054543, 'fire_exp': 1.2344878997299724, 'P_half': 7.914423612155368, 'pre_dampen_half': 27.58503443495818, 'gpp_af': 0.005061568304359487, 'gpp_b': 0.004222977274601172, 'gpp_d': 0.7698760608299932, 'ign_k': 0.010439567055209046, 'ign_c': 230.93317030826512, 'trop_agb_crit': 1.139620825053645, 'trop_k_veg': 2.6914360459288678, 'fire_amp': 1.5719333351012774}.
[I 2026-06-10 20:42:34,028] Trial 882 finished with values: [10.833321771876246, 10.833321771876246] and parameters: {'k1': 0.04046205802397579, 'D_low': 1121.5915868662764, 'k2': 0.006802810205786726, 'D_high': 252.84086172415604, 'fire_exp': 1.4848387260494937, 'P_half': 12.280874862135363, 'pre_dampen_half': 30.456909077772018, 'gpp_af': 0.2204465010099918, 'gpp_b': 0.05719024141066792, 'gpp_d': 34.18897529667503, 'ign_k': 0.17320535908244444, 'ign_c': 7.081721844034206, 'trop_agb_crit': 11.664190932505923, 'trop_k_veg': 5.453348988480011, 'fire_amp': 3.1543496524370136}.
[I 2026-06-10 20:42:35,543] Trial 883 finished with values: [12.335981931359443, 12.335981931359443] and parameters: {'k1': 5.178197947282869e-05, 'D_low': 1121.5915868662764, 'k2': 0.0004976087827261435, 'D_high': 16780.50857913099, 'fire_exp': 1.4848387260494937, 'P_half': 70.13097205353067, 'pre_dampen_half': 30.456909077772018, 'gpp_af': 0.008117091133892173, 'gpp_b': 0.0004125336560355494, 'gpp_d': 21.899070557043984, 'ign_k': 0.17320535908244444, 'ign_c': 0.9736725715035878, 'trop_agb_crit': 12.708819454040446, 'trop_k_veg': 0.5183533149347164, 'fire_amp': 3.1543496524370136}.
[I 2026-06-10 20:42:37,161] Trial 884 finished with values: [10.83234845191201, 10.83234845191201] and parameters: {'k1': 3.609310926766545e-05, 'D_low': 171.2446447678494, 'k2': 0.006802810205786726, 'D_high': 1266.9536563782303, 'fire_exp': 3.2459542834651627, 'P_half': 353.8391696694433, 'pre_dampen_half': 16.009350908593582, 'gpp_af': 0.008117091133892173, 'gpp_b': 7.555164990945509e-05, 'gpp_d': 12.338826503601998, 'ign_k': 0.07867677706257832, 'ign_c': 43.39260158221387, 'trop_agb_crit': 12.708819454040446, 'trop_k_veg': 0.6488368931910606, 'fire_amp': 5.44779717154213}.
[I 2026-06-10 20:42:38,524] Trial 885 finished with values: [10.707666648699309, 10.707666648699309] and parameters: {'k1': 0.0018697387216131526, 'D_low': 1121.5915868662764, 'k2': 0.0002442377596403892, 'D_high': 1266.9536563782303, 'fire_exp': 1.4848387260494937, 'P_half': 93.43302657318476, 'pre_dampen_half': 958.6709783968975, 'gpp_af': 0.005061568304359487, 'gpp_b': 0.004411400434514031, 'gpp_d': 0.09467055845337147, 'ign_k': 0.0032383308053152635, 'ign_c': 39.52220881906114, 'trop_agb_crit': 8.0091368834625, 'trop_k_veg': 4.989748894578724, 'fire_amp': 1.5719333351012774}.
[I 2026-06-10 20:42:39,811] Trial 886 finished with values: [10.148393506423638, 10.148393506423638] and parameters: {'k1': 0.00023134781612225627, 'D_low': 171.2446447678494, 'k2': 0.0002442377596403892, 'D_high': 252.84086172415604, 'fire_exp': 1.2344878997299724, 'P_half': 12.280874862135363, 'pre_dampen_half': 170.71098124594695, 'gpp_af': 0.060029341913968644, 'gpp_b': 0.00031478066835753096, 'gpp_d': 12.338826503601998, 'ign_k': 0.0032383308053152635, 'ign_c': 1.4879588507789996, 'trop_agb_crit': 8.0091368834625, 'trop_k_veg': 4.989748894578724, 'fire_amp': 1.5719333351012774}.
[I 2026-06-10 20:42:41,174] Trial 887 finished with values: [10.390308968686934, 10.390308968686934] and parameters: {'k1': 5.7909642338812115e-05, 'D_low': 171.2446447678494, 'k2': 0.0004976087827261435, 'D_high': 16780.50857913099, 'fire_exp': 1.811096651915224, 'P_half': 93.43302657318476, 'pre_dampen_half': 16.009350908593582, 'gpp_af': 0.060029341913968644, 'gpp_b': 2.176805640408474e-05, 'gpp_d': 298.943216845222, 'ign_k': 0.002357279455676982, 'ign_c': 342.8810943862522, 'trop_agb_crit': 1.8285200278523417, 'trop_k_veg': 2.9214381145106936, 'fire_amp': 5.44779717154213}.
[I 2026-06-10 20:42:42,564] Trial 888 finished with values: [-0.5696342069504172, 0.1428047667922494] and parameters: {'k1': 5.178197947282869e-05, 'D_low': 1.7551403048208316, 'k2': 0.045914852167405346, 'D_high': 16780.50857913099, 'fire_exp': 1.1490848108902036, 'P_half': 9.580682294110435, 'pre_dampen_half': 16.009350908593582, 'gpp_af': 0.008117091133892173, 'gpp_b': 0.00807491410172472, 'gpp_d': 21.899070557043984, 'ign_k': 0.07867677706257832, 'ign_c': 0.9736725715035878, 'trop_agb_crit': 12.708819454040446, 'trop_k_veg': 0.5183533149347164, 'fire_amp': 1.5719333351012774}.
[I 2026-06-10 20:42:44,240] Trial 889 finished with values: [11.309667958692344, 11.309667958692344] and parameters: {'k1': 0.0018697387216131526, 'D_low': 171.2446447678494, 'k2': 0.0002442377596403892, 'D_high': 22.636544662054543, 'fire_exp': 1.2344878997299724, 'P_half': 7.914423612155368, 'pre_dampen_half': 170.71098124594695, 'gpp_af': 1.1739995320396222, 'gpp_b': 0.00012118589392553798, 'gpp_d': 96.93415502195788, 'ign_k': 0.17320535908244444, 'ign_c': 0.22592797420156951, 'trop_agb_crit': 11.664190932505923, 'trop_k_veg': 2.6914360459288678, 'fire_amp': 1.1268480791003903}.
[I 2026-06-10 20:42:45,722] Trial 890 finished with values: [11.107167984043826, 11.107167984043826] and parameters: {'k1': 0.00023134781612225627, 'D_low': 236.79352040223893, 'k2': 0.0002442377596403892, 'D_high': 22.636544662054543, 'fire_exp': 1.2344878997299724, 'P_half': 12.280874862135363, 'pre_dampen_half': 958.6709783968975, 'gpp_af': 0.005061568304359487, 'gpp_b': 0.004411400434514031, 'gpp_d': 1.0088237648985734, 'ign_k': 0.0032383308053152635, 'ign_c': 0.22592797420156951, 'trop_agb_crit': 11.664190932505923, 'trop_k_veg': 5.453348988480011, 'fire_amp': 3.1543496524370136}.
[I 2026-06-10 20:42:47,470] Trial 891 finished with values: [10.833333332980382, 10.833333332980382] and parameters: {'k1': 0.012840669372724958, 'D_low': 171.2446447678494, 'k2': 0.0011847646505012493, 'D_high': 36998.679204890876, 'fire_exp': 1.9136159174067866, 'P_half': 93.43302657318476, 'pre_dampen_half': 30.456909077772018, 'gpp_af': 0.016306190741524337, 'gpp_b': 0.05719024141066792, 'gpp_d': 34.18897529667503, 'ign_k': 0.17320535908244444, 'ign_c': 342.8810943862522, 'trop_agb_crit': 2.0527418919564324, 'trop_k_veg': 5.453348988480011, 'fire_amp': 3.1543496524370136}.
[I 2026-06-10 20:42:48,799] Trial 892 finished with values: [10.804466691690209, 10.804466691690209] and parameters: {'k1': 0.00023134781612225627, 'D_low': 1.7551403048208316, 'k2': 0.00037358626308127543, 'D_high': 39.872732880952434, 'fire_exp': 1.811096651915224, 'P_half': 5.4712187293420325, 'pre_dampen_half': 3.4461856429915305, 'gpp_af': 0.008117091133892173, 'gpp_b': 0.00031478066835753096, 'gpp_d': 12.338826503601998, 'ign_k': 0.0018548376790967168, 'ign_c': 7.081721844034206, 'trop_agb_crit': 8.0091368834625, 'trop_k_veg': 0.5535297685306277, 'fire_amp': 1.5719333351012774}.
[I 2026-06-10 20:42:50,222] Trial 893 finished with values: [10.830048496520496, 10.830048496520496] and parameters: {'k1': 0.00890707429605718, 'D_low': 1121.5915868662764, 'k2': 0.00037358626308127543, 'D_high': 1266.9536563782303, 'fire_exp': 1.4848387260494937, 'P_half': 93.43302657318476, 'pre_dampen_half': 3.640068899312672, 'gpp_af': 42.29037995744429, 'gpp_b': 0.0004125336560355494, 'gpp_d': 96.93415502195788, 'ign_k': 0.17320535908244444, 'ign_c': 39.52220881906114, 'trop_agb_crit': 11.664190932505923, 'trop_k_veg': 4.989748894578724, 'fire_amp': 3.1543496524370136}.
[I 2026-06-10 20:42:51,759] Trial 894 finished with values: [10.59282474466661, 10.59282474466661] and parameters: {'k1': 0.0018697387216131526, 'D_low': 171.2446447678494, 'k2': 0.0002442377596403892, 'D_high': 5259.096221580009, 'fire_exp': 1.2344878997299724, 'P_half': 7.914423612155368, 'pre_dampen_half': 123.04779330083686, 'gpp_af': 42.29037995744429, 'gpp_b': 0.0004125336560355494, 'gpp_d': 96.93415502195788, 'ign_k': 0.002357279455676982, 'ign_c': 0.22592797420156951, 'trop_agb_crit': 2.0527418919564324, 'trop_k_veg': 2.6914360459288678, 'fire_amp': 1.5719333351012774}.
[I 2026-06-10 20:42:53,341] Trial 895 finished with values: [10.625466400243736, 10.625466400243736] and parameters: {'k1': 0.08006837661379566, 'D_low': 171.2446447678494, 'k2': 0.0004976087827261435, 'D_high': 32311.521854410956, 'fire_exp': 1.811096651915224, 'P_half': 93.43302657318476, 'pre_dampen_half': 30.456909077772018, 'gpp_af': 0.008117091133892173, 'gpp_b': 0.00031478066835753096, 'gpp_d': 21.899070557043984, 'ign_k': 0.0029519227433917453, 'ign_c': 342.8810943862522, 'trop_agb_crit': 1.6222566606523396, 'trop_k_veg': 6.030247256556128, 'fire_amp': 1.1655705619308396}.
[I 2026-06-10 20:42:54,680] Trial 896 finished with values: [10.712334819443383, 10.712334819443383] and parameters: {'k1': 5.7909642338812115e-05, 'D_low': 171.2446447678494, 'k2': 2.091507303847255e-05, 'D_high': 1817.0401889219124, 'fire_exp': 1.1633452995374232, 'P_half': 93.43302657318476, 'pre_dampen_half': 0.01615714055429207, 'gpp_af': 0.2204465010099918, 'gpp_b': 2.176805640408474e-05, 'gpp_d': 21.899070557043984, 'ign_k': 0.17320535908244444, 'ign_c': 1.4879588507789996, 'trop_agb_crit': 1.334283419016584, 'trop_k_veg': 0.5183533149347164, 'fire_amp': 5.44779717154213}.
[I 2026-06-10 20:42:56,001] Trial 897 finished with values: [10.10212891386853, 10.10212891386853] and parameters: {'k1': 3.609310926766545e-05, 'D_low': 43.03411264066069, 'k2': 0.006802810205786726, 'D_high': 1266.9536563782303, 'fire_exp': 1.4848387260494937, 'P_half': 1241.3450098922583, 'pre_dampen_half': 170.71098124594695, 'gpp_af': 0.004511991819672033, 'gpp_b': 2.176805640408474e-05, 'gpp_d': 96.93415502195788, 'ign_k': 0.0029519227433917453, 'ign_c': 0.4177928311636542, 'trop_agb_crit': 11.664190932505923, 'trop_k_veg': 2.520089655463604, 'fire_amp': 3.1543496524370136}.
[I 2026-06-10 20:42:57,343] Trial 898 finished with values: [11.588720588059038, 11.588720588059038] and parameters: {'k1': 0.08006837661379566, 'D_low': 171.2446447678494, 'k2': 0.0004976087827261435, 'D_high': 7333.200379637292, 'fire_exp': 1.41873960828944, 'P_half': 5.4712187293420325, 'pre_dampen_half': 30.456909077772018, 'gpp_af': 0.2204465010099918, 'gpp_b': 0.00031478066835753096, 'gpp_d': 20.81401325574021, 'ign_k': 0.002357279455676982, 'ign_c': 342.8810943862522, 'trop_agb_crit': 2.0527418919564324, 'trop_k_veg': 0.5535297685306277, 'fire_amp': 5.44779717154213}.
[I 2026-06-10 20:42:58,798] Trial 899 finished with values: [-0.5126875355177951, 0.19845681413904848] and parameters: {'k1': 3.609310926766545e-05, 'D_low': 171.2446447678494, 'k2': 0.0004976087827261435, 'D_high': 36998.679204890876, 'fire_exp': 1.9136159174067866, 'P_half': 93.43302657318476, 'pre_dampen_half': 123.04779330083686, 'gpp_af': 42.29037995744429, 'gpp_b': 2.176805640408474e-05, 'gpp_d': 96.93415502195788, 'ign_k': 0.002357279455676982, 'ign_c': 153.51441568398127, 'trop_agb_crit': 2.0527418919564324, 'trop_k_veg': 2.520089655463604, 'fire_amp': 5.44779717154213}.
