[I 2026-08-20 01:11:12,360] Trial 2390 finished with value: -0.578335674770424 and parameters: {'k1': 0.030022824754272707, 'D_low': 26.24981872275204, 'k2': 0.00016008388498759953, 'D_high': 1480626.178334642, 'fire_exp': 3.2991612906293017, 'P_half': 16.15123323654196, 'pre_dampen_half': 2.0101588000615576, 'gpp_af': 1.8708340286904641, 'gpp_b': 0.0020343275231852523, 'gpp_d': 442.83779029734035, 'ign_k': 0.26085522016844165, 'ign_c': 0.28807136657224097, 'trop_agb_crit': 9.033141502797633, 'trop_k_veg': 2.4017727783730307}. Best is trial 1285 with value: -0.6015874360929447.
[I 2026-08-20 01:11:13,762] Trial 2391 finished with value: 0.4522956718424609 and parameters: {'k1': 5.373326304041562e-05, 'D_low': 3010.684664967068, 'k2': 0.07053691918691564, 'D_high': 88586.90508740963, 'fire_exp': 1.6618591160965603, 'P_half': 1.2420578473752901, 'pre_dampen_half': 22.934054908614556, 'gpp_af': 0.398198410416852, 'gpp_b': 0.007100184324707264, 'gpp_d': 74.1901303733417, 'ign_k': 0.08444517004727663, 'ign_c': 0.9485783558022198, 'trop_agb_crit': 19.1321477100762, 'trop_k_veg': 2.9569720682316203}. Best is trial 1285 with value: -0.6015874360929447.
[I 2026-08-20 01:11:15,133] Trial 2392 finished with value: 0.5932773691233021 and parameters: {'k1': 0.00022165373255984909, 'D_low': 146.11182007234788, 'k2': 1.4025197653373525e-05, 'D_high': 23.715138304341952, 'fire_exp': 1.9730213633701201, 'P_half': 4328.079831768424, 'pre_dampen_half': 554.0411929076083, 'gpp_af': 1.8465731808718588, 'gpp_b': 0.00027912908769559897, 'gpp_d': 488.0568455027618, 'ign_k': 0.10583165733706296, 'ign_c': 8.122787263337774, 'trop_agb_crit': 4.335968007995869, 'trop_k_veg': 0.9828742563411268}. Best is trial 1285 with value: -0.6015874360929447.
[I 2026-08-20 01:11:16,521] Trial 2393 finished with value: 0.409702354819526 and parameters: {'k1': 0.009473642335761928, 'D_low': 1.0487013603043727, 'k2': 8.281153675406908e-05, 'D_high': 2042241.9758715306, 'fire_exp': 1.5261229653468342, 'P_half': 3.534900134948413, 'pre_dampen_half': 4.163522995613672, 'gpp_af': 5.276542227722711, 'gpp_b': 0.009304851970460899, 'gpp_d': 497.7303324849131, 'ign_k': 0.08204414032707252, 'ign_c': 6.335979518011178, 'trop_agb_crit': 7.157207630685064, 'trop_k_veg': 4.57622141933232}. Best is trial 1285 with value: -0.6015874360929447.
[I 2026-08-20 01:11:17,891] Trial 2394 finished with value: 0.5823297399389766 and parameters: {'k1': 1.3715106233990097e-05, 'D_low': 1.0612697383977927, 'k2': 1.5972400398356837e-05, 'D_high': 13.512476764772776, 'fire_exp': 1.3963505739199777, 'P_half': 94.12829515525438, 'pre_dampen_half': 0.014654279103036152, 'gpp_af': 0.8439870712976257, 'gpp_b': 0.0005130045069362775, 'gpp_d': 0.4121220245029254, 'ign_k': 0.19120202450672, 'ign_c': 27.340281777386274, 'trop_agb_crit': 2.2623605388877723, 'trop_k_veg': 2.0262069178145974}. Best is trial 1285 with value: -0.6015874360929447.
[I 2026-08-20 01:11:19,326] Trial 2395 finished with value: 0.6136716779457855 and parameters: {'k1': 0.008752701464311499, 'D_low': 1372.0819983331107, 'k2': 1.999992381636709e-05, 'D_high': 3955.1055585036224, 'fire_exp': 8.594891879259322, 'P_half': 267.5173359409539, 'pre_dampen_half': 239.4656853099972, 'gpp_af': 0.003595836016983307, 'gpp_b': 0.0014783527974433573, 'gpp_d': 0.10083308478905664, 'ign_k': 1.597059421327735, 'ign_c': 1.5453360191931962, 'trop_agb_crit': 4.748594894111394, 'trop_k_veg': 3.424483898776192}. Best is trial 1285 with value: -0.6015874360929447.
[I 2026-08-20 01:11:20,741] Trial 2396 finished with value: 0.6192928003597276 and parameters: {'k1': 0.00908650430139345, 'D_low': 1.5267947765601593, 'k2': 0.00044721718623912164, 'D_high': 29.466445298311875, 'fire_exp': 3.9685637509955343, 'P_half': 741.9251419718773, 'pre_dampen_half': 0.19945958479808787, 'gpp_af': 3.9981483067374595, 'gpp_b': 0.0007183643920484478, 'gpp_d': 8.454893639805741, 'ign_k': 0.8570216065390179, 'ign_c': 5.688067115143269, 'trop_agb_crit': 2.2552400584184844, 'trop_k_veg': 6.469729049254655}. Best is trial 1285 with value: -0.6015874360929447.
[I 2026-08-20 01:11:22,158] Trial 2397 finished with value: 0.6445374145881376 and parameters: {'k1': 0.00014519999189980124, 'D_low': 169733.48868546248, 'k2': 3.942706598938107e-05, 'D_high': 13.316767061203006, 'fire_exp': 3.585983356701621, 'P_half': 114.03893607813282, 'pre_dampen_half': 5.518196964795239, 'gpp_af': 0.8580707302885319, 'gpp_b': 0.10016094022972045, 'gpp_d': 4.639735334516178, 'ign_k': 2.198327697956878, 'ign_c': 33.91795288078472, 'trop_agb_crit': 14.59368474267634, 'trop_k_veg': 4.843853956165608}. Best is trial 1285 with value: -0.6015874360929447.
[I 2026-08-20 01:11:23,585] Trial 2398 finished with value: 0.6445374145881376 and parameters: {'k1': 0.0016506173542010923, 'D_low': 74656.93050401106, 'k2': 0.02521134097548085, 'D_high': 9996.040041113562, 'fire_exp': 2.726110839469599, 'P_half': 6.8188102981210985, 'pre_dampen_half': 0.5688556601295586, 'gpp_af': 0.2796811366527049, 'gpp_b': 1.2237980255625144e-05, 'gpp_d': 42.8977675005897, 'ign_k': 0.14601660965595428, 'ign_c': 0.6748672765709524, 'trop_agb_crit': 27.420343114708093, 'trop_k_veg': 4.485795725920185}. Best is trial 1285 with value: -0.6015874360929447.
[I 2026-08-20 01:11:24,965] Trial 2399 finished with value: 0.6296737814812555 and parameters: {'k1': 0.0079682260841901, 'D_low': 61.28693867215583, 'k2': 0.04052184869084901, 'D_high': 4870270.663599993, 'fire_exp': 5.756557052123323, 'P_half': 2.694397447255191, 'pre_dampen_half': 0.012758520693582732, 'gpp_af': 19.400706281291605, 'gpp_b': 0.003678492635019756, 'gpp_d': 15.55829106283997, 'ign_k': 0.01918454374254245, 'ign_c': 103.93809997645751, 'trop_agb_crit': 16.69433845036498, 'trop_k_veg': 1.3069188655696562}. Best is trial 1285 with value: -0.6015874360929447.
[I 2026-08-20 01:11:26,360] Trial 2400 finished with value: 0.6003213927650609 and parameters: {'k1': 0.052481494315847046, 'D_low': 1.6165745509143248, 'k2': 0.00032565499758833674, 'D_high': 10.258272684765773, 'fire_exp': 1.291305446600634, 'P_half': 2.7977621837771434, 'pre_dampen_half': 3.6096744533484846, 'gpp_af': 46.29761593116677, 'gpp_b': 0.0003163519927710095, 'gpp_d': 659.4565219794356, 'ign_k': 0.013675858965424852, 'ign_c': 43.34424421130441, 'trop_agb_crit': 2.745220867967518, 'trop_k_veg': 0.5299734743944502}. Best is trial 1285 with value: -0.6015874360929447.
[I 2026-08-20 01:11:27,787] Trial 2401 finished with value: 0.6421482081770205 and parameters: {'k1': 0.0002730085485393675, 'D_low': 1111.595290255255, 'k2': 0.012818919515426606, 'D_high': 394.95742695028287, 'fire_exp': 3.4950545700892697, 'P_half': 72.65393422774186, 'pre_dampen_half': 0.06336434140624456, 'gpp_af': 3.6553278581141964, 'gpp_b': 0.1822256315739181, 'gpp_d': 462.6514096587117, 'ign_k': 0.03263887873801935, 'ign_c': 3.295442105956052, 'trop_agb_crit': 6.8528153500599345, 'trop_k_veg': 6.869209224253113}. Best is trial 1285 with value: -0.6015874360929447.
[I 2026-08-20 01:11:29,191] Trial 2402 finished with value: 0.6445374145881376 and parameters: {'k1': 0.0546625012094849, 'D_low': 37501.72115111581, 'k2': 0.000167664373835168, 'D_high': 1513554.8524492662, 'fire_exp': 4.459664819209485, 'P_half': 8488.090196788662, 'pre_dampen_half': 23.28044902820793, 'gpp_af': 0.0021207106482641716, 'gpp_b': 0.003499753134103894, 'gpp_d': 0.03504392082235725, 'ign_k': 1.1973920147214363, 'ign_c': 724.3601723736616, 'trop_agb_crit': 19.085653439668395, 'trop_k_veg': 0.5045351282067457}. Best is trial 1285 with value: -0.6015874360929447.
[I 2026-08-20 01:11:31,134] Trial 2403 finished with value: 0.6445090566336514 and parameters: {'k1': 0.028467561357632558, 'D_low': 2449.2000206247944, 'k2': 0.0015642938078813118, 'D_high': 76.44661771097643, 'fire_exp': 2.1610778219834277, 'P_half': 1690.983283515934, 'pre_dampen_half': 8.01496703720112, 'gpp_af': 0.44284393515167403, 'gpp_b': 0.01827299290883937, 'gpp_d': 0.019584466120997533, 'ign_k': 0.3893250828738918, 'ign_c': 0.24379037718310298, 'trop_agb_crit': 1.678495587581318, 'trop_k_veg': 1.1590286371148593}. Best is trial 1285 with value: -0.6015874360929447.
[I 2026-08-20 01:11:32,499] Trial 2404 finished with value: 0.6445374145881376 and parameters: {'k1': 0.003075558910609496, 'D_low': 111.96002031150016, 'k2': 0.0173319823822939, 'D_high': 254084.98219057964, 'fire_exp': 1.151472248559816, 'P_half': 190.65723297173352, 'pre_dampen_half': 0.9077550603893626, 'gpp_af': 0.2094582659907541, 'gpp_b': 0.00017812626777597955, 'gpp_d': 32.548459585020474, 'ign_k': 9.925419360250382, 'ign_c': 92.98427544618986, 'trop_agb_crit': 10.15907726131655, 'trop_k_veg': 3.6096595594252143}. Best is trial 1285 with value: -0.6015874360929447.
[I 2026-08-20 01:11:33,923] Trial 2405 finished with value: 0.6445374145881376 and parameters: {'k1': 0.0034401709713029753, 'D_low': 261227.26614165667, 'k2': 0.02719131834503815, 'D_high': 5330.274343241362, 'fire_exp': 5.065340739552807, 'P_half': 3.9043885271838668, 'pre_dampen_half': 0.4227286162726728, 'gpp_af': 40.65375873204815, 'gpp_b': 0.0001805157013832283, 'gpp_d': 0.020589610855190146, 'ign_k': 0.7341384930526409, 'ign_c': 37.793623916474345, 'trop_agb_crit': 13.386929928394892, 'trop_k_veg': 0.6592515490876945}. Best is trial 1285 with value: -0.6015874360929447.
[I 2026-08-20 01:11:35,342] Trial 2406 finished with value: 0.4746400744249085 and parameters: {'k1': 0.0007279085765532053, 'D_low': 4380.602799453105, 'k2': 3.1109529701550854e-05, 'D_high': 8912566.17674426, 'fire_exp': 2.0145822669197297, 'P_half': 112.48255711453498, 'pre_dampen_half': 0.4923202572152684, 'gpp_af': 0.9339222342881754, 'gpp_b': 4.522596139550338e-05, 'gpp_d': 319.79632387337483, 'ign_k': 1.1034743502011621, 'ign_c': 0.2590744330414025, 'trop_agb_crit': 10.77562499444507, 'trop_k_veg': 6.373328983015023}. Best is trial 1285 with value: -0.6015874360929447.
[I 2026-08-20 01:11:36,816] Trial 2407 finished with value: 0.4823793898102119 and parameters: {'k1': 0.021506610035737797, 'D_low': 17560.97618263562, 'k2': 7.042997124534852e-05, 'D_high': 3107240.8578712875, 'fire_exp': 2.018241249035907, 'P_half': 52.99591433743007, 'pre_dampen_half': 32.04863156998132, 'gpp_af': 2.380203849524494, 'gpp_b': 0.21487027176349044, 'gpp_d': 55.422619150760326, 'ign_k': 2.3903398225053394, 'ign_c': 0.13719599109815472, 'trop_agb_crit': 18.542798657800386, 'trop_k_veg': 3.1924443479943396}. Best is trial 1285 with value: -0.6015874360929447.
[I 2026-08-20 01:11:38,254] Trial 2408 finished with value: 0.6445374145881376 and parameters: {'k1': 0.001037379826604436, 'D_low': 1732.2604103736655, 'k2': 0.050022541091781315, 'D_high': 18.723113466396686, 'fire_exp': 6.597025373459361, 'P_half': 212.25998068510637, 'pre_dampen_half': 0.018431655379421874, 'gpp_af': 0.008460661370012102, 'gpp_b': 0.05083835958538999, 'gpp_d': 0.036533323504918835, 'ign_k': 1.061193310176372, 'ign_c': 0.15209263618023872, 'trop_agb_crit': 1.3669694218341162, 'trop_k_veg': 0.7651446546633335}. Best is trial 1285 with value: -0.6015874360929447.
[I 2026-08-20 01:11:39,808] Trial 2409 finished with value: 0.6445374145881376 and parameters: {'k1': 1.0720866572502005e-05, 'D_low': 425.14749191744005, 'k2': 9.942621067012283e-05, 'D_high': 189656.85864006798, 'fire_exp': 1.823085574740253, 'P_half': 2.497475292451286, 'pre_dampen_half': 14.22044212388847, 'gpp_af': 93.96169743829087, 'gpp_b': 0.0037537083050123063, 'gpp_d': 106.87593562791407, 'ign_k': 6.261944465413031, 'ign_c': 591.6499087687234, 'trop_agb_crit': 20.039545773742173, 'trop_k_veg': 1.6992073486193597}. Best is trial 1285 with value: -0.6015874360929447.
[I 2026-08-20 01:11:41,225] Trial 2410 finished with value: 0.6445374145881376 and parameters: {'k1': 0.0018994837401933378, 'D_low': 3.395314322121781, 'k2': 1.9445227437073143e-05, 'D_high': 850116.1516409661, 'fire_exp': 6.009088930037917, 'P_half': 4.663923059104228, 'pre_dampen_half': 0.7379132924439625, 'gpp_af': 5.254516461005306, 'gpp_b': 0.13569225579274202, 'gpp_d': 140.90417558446265, 'ign_k': 1.4990001057149407, 'ign_c': 169.2054497852618, 'trop_agb_crit': 1.8005725442714564, 'trop_k_veg': 1.3448383817556664}. Best is trial 1285 with value: -0.6015874360929447.
[I 2026-08-20 01:11:42,650] Trial 2411 finished with value: -0.5416294058344849 and parameters: {'k1': 0.00383737054668699, 'D_low': 1.6469211284242868, 'k2': 0.00017990561109360246, 'D_high': 57211.40649490501, 'fire_exp': 5.475883010038349, 'P_half': 2.3712507849947193, 'pre_dampen_half': 14.909680334373505, 'gpp_af': 1.0491775144468567, 'gpp_b': 1.768776649173291e-05, 'gpp_d': 46.82181212744235, 'ign_k': 7.535932331156166, 'ign_c': 12.985199069684581, 'trop_agb_crit': 3.9198302402102017, 'trop_k_veg': 2.3321518338455784}. Best is trial 1285 with value: -0.6015874360929447.
[I 2026-08-20 01:11:44,088] Trial 2412 finished with value: 0.5000021000725063 and parameters: {'k1': 0.08452547342345994, 'D_low': 20733.04209973407, 'k2': 0.00012172133151318753, 'D_high': 61640.4917208068, 'fire_exp': 2.0708948546714367, 'P_half': 3.6161264021335655, 'pre_dampen_half': 303.07053170452474, 'gpp_af': 2.7275369328521455, 'gpp_b': 0.004858742796404294, 'gpp_d': 37.117199088157115, 'ign_k': 0.32290231968231037, 'ign_c': 2.182456996161469, 'trop_agb_crit': 7.667621796103023, 'trop_k_veg': 6.04569790502085}. Best is trial 1285 with value: -0.6015874360929447.
[I 2026-08-20 01:11:45,538] Trial 2413 finished with value: 0.4924480564668259 and parameters: {'k1': 0.009588218967714989, 'D_low': 16.220704100628975, 'k2': 0.00012544571983540457, 'D_high': 4718485.4084882485, 'fire_exp': 3.212690598939322, 'P_half': 536.7384654738149, 'pre_dampen_half': 310.58545516666265, 'gpp_af': 0.020706719059593846, 'gpp_b': 0.00041195074342050057, 'gpp_d': 21.34221866440362, 'ign_k': 3.444038615170471, 'ign_c': 20.202272819838882, 'trop_agb_crit': 2.051814574625221, 'trop_k_veg': 2.7068549116420275}. Best is trial 1285 with value: -0.6015874360929447.
[I 2026-08-20 01:11:46,947] Trial 2414 finished with value: 0.5722595733124214 and parameters: {'k1': 0.004296796927130301, 'D_low': 3174.1998695144207, 'k2': 2.0747791690537176e-05, 'D_high': 3941024.9070936856, 'fire_exp': 3.2717521467683004, 'P_half': 593.5941399909225, 'pre_dampen_half': 1.8161033894438459, 'gpp_af': 9.470252817611021, 'gpp_b': 0.3494928173701394, 'gpp_d': 168.3127929427999, 'ign_k': 0.878863566517763, 'ign_c': 1.4473050736871076, 'trop_agb_crit': 18.256625167874553, 'trop_k_veg': 2.75579529319161}. Best is trial 1285 with value: -0.6015874360929447.
[I 2026-08-20 01:11:48,366] Trial 2415 finished with value: -0.5602635718495963 and parameters: {'k1': 0.04473330265198732, 'D_low': 1793.678648914501, 'k2': 2.8551787606320547e-05, 'D_high': 164563.44658088768, 'fire_exp': 1.6374185489911222, 'P_half': 1.9662668188330064, 'pre_dampen_half': 18.54799338689516, 'gpp_af': 0.5770253383443951, 'gpp_b': 0.11417929668294208, 'gpp_d': 722.4713411432786, 'ign_k': 1.5384161647462833, 'ign_c': 3.574021275245041, 'trop_agb_crit': 10.887289178209816, 'trop_k_veg': 1.9021271078620354}. Best is trial 1285 with value: -0.6015874360929447.
[I 2026-08-20 01:11:49,767] Trial 2416 finished with value: 0.6445374145881376 and parameters: {'k1': 0.03636578565252809, 'D_low': 953.1551311919537, 'k2': 0.0005353612238121913, 'D_high': 5075901.268740758, 'fire_exp': 3.618880641148523, 'P_half': 712.4381073159777, 'pre_dampen_half': 6.959814705071032, 'gpp_af': 2.8119049540499494, 'gpp_b': 0.009765111886965187, 'gpp_d': 450.93042993185895, 'ign_k': 1.1322935870848911, 'ign_c': 172.35105572352867, 'trop_agb_crit': 9.1029678002921, 'trop_k_veg': 3.309110006938074}. Best is trial 1285 with value: -0.6015874360929447.
[I 2026-08-20 01:11:51,733] Trial 2417 finished with value: 0.6445374145881376 and parameters: {'k1': 7.074122212591446e-05, 'D_low': 83088.35387041513, 'k2': 0.09477223952486233, 'D_high': 314.50353702662983, 'fire_exp': 3.810281381764721, 'P_half': 5017.67307261149, 'pre_dampen_half': 5.167236533102523, 'gpp_af': 14.290783952516884, 'gpp_b': 3.901473729054524e-05, 'gpp_d': 0.03304221465485278, 'ign_k': 0.8373436488369105, 'ign_c': 5.421017621991998, 'trop_agb_crit': 1.3914401471122557, 'trop_k_veg': 6.616837911148785}. Best is trial 1285 with value: -0.6015874360929447.
[I 2026-08-20 01:11:53,102] Trial 2418 finished with value: 0.6303397804674558 and parameters: {'k1': 0.000653124363451514, 'D_low': 237.05324479518998, 'k2': 1.4300133443129085e-05, 'D_high': 215554.0432539565, 'fire_exp': 3.594223678100005, 'P_half': 683.6905533919984, 'pre_dampen_half': 297.3010700349851, 'gpp_af': 0.003115063405844731, 'gpp_b': 0.003961305741168753, 'gpp_d': 2.2075718925611465, 'ign_k': 0.0024150384888229908, 'ign_c': 19.93967181172094, 'trop_agb_crit': 5.750242632010094, 'trop_k_veg': 6.432873185417104}. Best is trial 1285 with value: -0.6015874360929447.
[I 2026-08-20 01:11:54,506] Trial 2419 finished with value: 0.41577668577890425 and parameters: {'k1': 0.0003457511543970308, 'D_low': 2.775101138810773, 'k2': 0.00029590241678771075, 'D_high': 199413.24554951643, 'fire_exp': 2.978065878701508, 'P_half': 3.3467303222642455, 'pre_dampen_half': 14.960872595252875, 'gpp_af': 0.3524132840152343, 'gpp_b': 0.0009074312564397365, 'gpp_d': 18.67022629505353, 'ign_k': 1.2176789268174115, 'ign_c': 6.815543490739912, 'trop_agb_crit': 24.03061561833717, 'trop_k_veg': 4.8333323697651975}. Best is trial 1285 with value: -0.6015874360929447.
[I 2026-08-20 01:11:55,933] Trial 2420 finished with value: 0.41947619046966955 and parameters: {'k1': 0.005747018613213192, 'D_low': 6.288964383872869, 'k2': 0.0005248520522827363, 'D_high': 1521412.645449482, 'fire_exp': 3.1377828948899875, 'P_half': 71.1950735502219, 'pre_dampen_half': 9.302543811056802, 'gpp_af': 8.264418989421578, 'gpp_b': 0.002462342084435393, 'gpp_d': 790.5584189753675, 'ign_k': 4.841347015681732, 'ign_c': 3.8658181166157246, 'trop_agb_crit': 1.491000596136597, 'trop_k_veg': 2.2495829771849856}. Best is trial 1285 with value: -0.6015874360929447.
[I 2026-08-20 01:11:57,354] Trial 2421 finished with value: -0.5798796193904794 and parameters: {'k1': 0.09129098641735367, 'D_low': 1277.740596663748, 'k2': 4.054464853983831e-05, 'D_high': 1640976.2446291384, 'fire_exp': 2.698205324978059, 'P_half': 4.431714244521174, 'pre_dampen_half': 9.521275998259002, 'gpp_af': 14.22632898808226, 'gpp_b': 0.22396029799275433, 'gpp_d': 121.76536356089721, 'ign_k': 3.8699597008116275, 'ign_c': 4.12033863871495, 'trop_agb_crit': 12.404686220185026, 'trop_k_veg': 3.8388277075849495}. Best is trial 1285 with value: -0.6015874360929447.
[I 2026-08-20 01:11:58,744] Trial 2422 finished with value: 0.5980417938826658 and parameters: {'k1': 0.00019265142651576559, 'D_low': 14560.477575854196, 'k2': 0.00041450767561502963, 'D_high': 2108336.875438333, 'fire_exp': 3.3587376713319848, 'P_half': 82.46898688483232, 'pre_dampen_half': 11.582515393758602, 'gpp_af': 0.026667472042976943, 'gpp_b': 0.01906305694722743, 'gpp_d': 56.94408191684211, 'ign_k': 0.054966290431589244, 'ign_c': 3.012771512058162, 'trop_agb_crit': 20.683392259465283, 'trop_k_veg': 2.9493200015638807}. Best is trial 1285 with value: -0.6015874360929447.
[I 2026-08-20 01:12:00,138] Trial 2423 finished with value: -0.5569149297729014 and parameters: {'k1': 0.07097862352178415, 'D_low': 7.472609521352802, 'k2': 1.601194008806912e-05, 'D_high': 1498841.9812913802, 'fire_exp': 6.225211739941666, 'P_half': 5.235276733608732, 'pre_dampen_half': 4.50691524482158, 'gpp_af': 18.344279717186545, 'gpp_b': 1.4533096012922068e-05, 'gpp_d': 181.55805718507358, 'ign_k': 0.48053334491647154, 'ign_c': 15.371404766649514, 'trop_agb_crit': 24.16073604421931, 'trop_k_veg': 1.441107552890896}. Best is trial 1285 with value: -0.6015874360929447.
[I 2026-08-20 01:12:01,621] Trial 2424 finished with value: 0.6414667117733546 and parameters: {'k1': 0.08487046872371483, 'D_low': 1433.9882346107859, 'k2': 0.00039983037400625506, 'D_high': 18.58662933247997, 'fire_exp': 8.091835084661504, 'P_half': 1.4088817856661588, 'pre_dampen_half': 326.0804174546372, 'gpp_af': 0.002157165238136208, 'gpp_b': 0.0062867846663939705, 'gpp_d': 1.7642672159231672, 'ign_k': 2.197721424531687, 'ign_c': 8.430989446353477, 'trop_agb_crit': 1.7789683449255467, 'trop_k_veg': 2.2497500817356686}. Best is trial 1285 with value: -0.6015874360929447.
[I 2026-08-20 01:12:03,031] Trial 2425 finished with value: 0.588080157457712 and parameters: {'k1': 0.060558883970651775, 'D_low': 135.37661718213596, 'k2': 0.00010416589437274432, 'D_high': 7739384.641313945, 'fire_exp': 2.693203003166763, 'P_half': 1.55122036621233, 'pre_dampen_half': 4.053903281274102, 'gpp_af': 0.23630049237680784, 'gpp_b': 0.3584150420076189, 'gpp_d': 752.0469427961393, 'ign_k': 0.2043858181687365, 'ign_c': 1.3938455750072984, 'trop_agb_crit': 15.776440401313673, 'trop_k_veg': 3.5873153909808746}. Best is trial 1285 with value: -0.6015874360929447.
[I 2026-08-20 01:12:04,550] Trial 2426 finished with value: 0.6445374145881376 and parameters: {'k1': 0.019532234270779887, 'D_low': 398988.3898140695, 'k2': 0.0017762696921274541, 'D_high': 469.6940058713418, 'fire_exp': 1.003669139913946, 'P_half': 572.462635622564, 'pre_dampen_half': 2.6387919746850774, 'gpp_af': 0.12969205068936296, 'gpp_b': 0.002568893754738798, 'gpp_d': 3.040749671056152, 'ign_k': 5.519185741510897, 'ign_c': 25.338231387645017, 'trop_agb_crit': 1.3197230664270139, 'trop_k_veg': 4.007549568070757}. Best is trial 1285 with value: -0.6015874360929447.
