[I 2026-08-19 18:13:25,745] Trial 2464 finished with value: -0.5838927402343835 and parameters: {'k1': 2.197677008868806e-05, 'D_low': 19992.758413695763, 'k2': 0.026882316527576437, 'D_high': 6763521.596521707, 'fire_exp': 1.5634415932359818, 'P_half': 579.7933476496991, 'pre_dampen_half': 3.7410432005082814, 'gpp_af': 0.01694738677289062, 'gpp_b': 4.432316292793836e-05, 'gpp_d': 19.310250956250254, 'ign_k': 1.8629881356734161, 'ign_c': 0.13182556779896037, 'trop_agb_crit': 4.260887508853746, 'trop_k_veg': 7.7182441433424716, 'pop_amp': 0.09912615677132555, 'pop_peak': 0.3585601898851844, 'pop_sig': 0.26689714195760117, 'fuel_k': 4.192625835740938, 'fuel_half': 0.3405492686009229}. Best is trial 1622 with value: -0.6125870653324885.
[I 2026-08-19 18:13:27,533] Trial 2465 finished with value: 0.5244903048534824 and parameters: {'k1': 0.0267400260292371, 'D_low': 457.7650832162484, 'k2': 0.0003376870027714719, 'D_high': 7379595.328616152, 'fire_exp': 1.6048002290116188, 'P_half': 6.642523664722165, 'pre_dampen_half': 38.42941488390462, 'gpp_af': 0.007111526128778887, 'gpp_b': 0.00019327036533517492, 'gpp_d': 81.29888733939428, 'ign_k': 0.1511478997925293, 'ign_c': 29.44910055712747, 'trop_agb_crit': 11.160133134356336, 'trop_k_veg': 1.7040226463089685, 'pop_amp': 0.012660417174429374, 'pop_peak': 5.276219248793981, 'pop_sig': 0.7938348939126841, 'fuel_k': 0.04788132519322816, 'fuel_half': 17.600525814644868}. Best is trial 1622 with value: -0.6125870653324885.
[I 2026-08-19 18:13:29,361] Trial 2466 finished with value: 0.6445374145881376 and parameters: {'k1': 0.08219699841661726, 'D_low': 4.862065421924929, 'k2': 2.803926205923634e-05, 'D_high': 2461519.036537626, 'fire_exp': 2.2642742482821805, 'P_half': 2.0666725811933535, 'pre_dampen_half': 0.5562269286048656, 'gpp_af': 0.7692536875684428, 'gpp_b': 0.000814863666869404, 'gpp_d': 40.94889448616862, 'ign_k': 6.628380083903745, 'ign_c': 549.6072644278331, 'trop_agb_crit': 12.833706838639886, 'trop_k_veg': 0.5708395017223465, 'pop_amp': 0.00957043103645156, 'pop_peak': 0.4477892078990865, 'pop_sig': 0.9273734812545836, 'fuel_k': 0.09972375345237401, 'fuel_half': 22.888979963111744}. Best is trial 1622 with value: -0.6125870653324885.
[I 2026-08-19 18:13:31,163] Trial 2467 finished with value: 0.43251214318208486 and parameters: {'k1': 0.06547266917609117, 'D_low': 7.466909962431371, 'k2': 5.032334518601073e-05, 'D_high': 3501542.5591627853, 'fire_exp': 2.6315652111919157, 'P_half': 2.0086966664442625, 'pre_dampen_half': 13.930983283249764, 'gpp_af': 0.13106852391324925, 'gpp_b': 0.0012579657446987994, 'gpp_d': 94.48890885955322, 'ign_k': 0.3978607041259802, 'ign_c': 21.694305756065468, 'trop_agb_crit': 7.997583260097883, 'trop_k_veg': 1.2475818345819911, 'pop_amp': 0.0931598420614507, 'pop_peak': 1.8496458764659571, 'pop_sig': 0.9306146681573996, 'fuel_k': 0.03497935115362249, 'fuel_half': 95.36714723590211}. Best is trial 1622 with value: -0.6125870653324885.
[I 2026-08-19 18:13:32,950] Trial 2468 finished with value: 0.4233371579395666 and parameters: {'k1': 0.0014467622014981355, 'D_low': 2706.3404873531745, 'k2': 0.0011655952509895002, 'D_high': 5297195.258285641, 'fire_exp': 1.148558601688083, 'P_half': 89.38568736245391, 'pre_dampen_half': 10.876919731322225, 'gpp_af': 0.06151671003208166, 'gpp_b': 6.679995832097258e-05, 'gpp_d': 817.8731022729646, 'ign_k': 5.546005633710067, 'ign_c': 9.544033228772944, 'trop_agb_crit': 21.765925383083754, 'trop_k_veg': 0.8942770169613752, 'pop_amp': 0.07177326679354172, 'pop_peak': 13.57478604631296, 'pop_sig': 0.46499833486833686, 'fuel_k': 0.20866862585769722, 'fuel_half': 68.03432926602865}. Best is trial 1622 with value: -0.6125870653324885.
[I 2026-08-19 18:13:34,786] Trial 2469 finished with value: 0.5826601215093141 and parameters: {'k1': 0.00012459833927178394, 'D_low': 79.07477928480306, 'k2': 0.0013742350980434294, 'D_high': 210787.2954436626, 'fire_exp': 1.6005777314873826, 'P_half': 2.765842768378133, 'pre_dampen_half': 0.4319125793246686, 'gpp_af': 0.0012573159858101448, 'gpp_b': 0.0005306873584022689, 'gpp_d': 9.610545768087645, 'ign_k': 0.052746592700163956, 'ign_c': 61.676423358313755, 'trop_agb_crit': 16.25915699770969, 'trop_k_veg': 1.9068426957378546, 'pop_amp': 0.706091831507383, 'pop_peak': 606.4410961883059, 'pop_sig': 0.7467973072761437, 'fuel_k': 0.016610519119167066, 'fuel_half': 8.454488330276845}. Best is trial 1622 with value: -0.6125870653324885.
  trial 2470/2500  best_overall=0.6126  (75.2 min)
[I 2026-08-19 18:13:37,164] Trial 2470 finished with value: 0.5712683782843793 and parameters: {'k1': 0.06480370326915713, 'D_low': 1736.941450087733, 'k2': 1.9430453009511907e-05, 'D_high': 1156471.9715466204, 'fire_exp': 1.2967606643724519, 'P_half': 2131.838095512, 'pre_dampen_half': 0.6438779384827071, 'gpp_af': 0.08015734334275225, 'gpp_b': 0.007176436227622147, 'gpp_d': 311.2049113501004, 'ign_k': 0.6924675874208882, 'ign_c': 24.627879271057857, 'trop_agb_crit': 18.153058595060212, 'trop_k_veg': 1.9765446805480322, 'pop_amp': 0.0016969899446255192, 'pop_peak': 16.542614145827407, 'pop_sig': 0.5265338494811829, 'fuel_k': 0.11784040656970042, 'fuel_half': 5.348045184857986}. Best is trial 1622 with value: -0.6125870653324885.
[I 2026-08-19 18:13:38,955] Trial 2471 finished with value: 0.6450277935731978 and parameters: {'k1': 0.000993018855708798, 'D_low': 402.9522073413474, 'k2': 0.06936824759557074, 'D_high': 8882972.570770951, 'fire_exp': 6.943073256841184, 'P_half': 10.878267799852653, 'pre_dampen_half': 17.373555873683582, 'gpp_af': 0.3943823087593208, 'gpp_b': 7.711208697657434e-05, 'gpp_d': 2.0723630955406906, 'ign_k': 3.3139268847991703, 'ign_c': 37.48943318720663, 'trop_agb_crit': 1.4893825044742255, 'trop_k_veg': 3.0244589918731473, 'pop_amp': 0.07020944203640554, 'pop_peak': 300.5197714722519, 'pop_sig': 1.9258033144206272, 'fuel_k': 0.2790002799477898, 'fuel_half': 0.2001440899248598}. Best is trial 1622 with value: -0.6125870653324885.
[I 2026-08-19 18:13:40,787] Trial 2472 finished with value: 0.5677622832221356 and parameters: {'k1': 0.0015136699680975234, 'D_low': 40.92064721940601, 'k2': 0.004977106615725264, 'D_high': 21612.98637082776, 'fire_exp': 7.6619429283792675, 'P_half': 2.061018519817596, 'pre_dampen_half': 0.45329537590261537, 'gpp_af': 0.0024135485005301934, 'gpp_b': 4.7516960569077456e-05, 'gpp_d': 240.58076811614654, 'ign_k': 0.07877356564811097, 'ign_c': 0.8437495271695468, 'trop_agb_crit': 27.774283945055522, 'trop_k_veg': 2.4341409320847065, 'pop_amp': 0.0010558764054722943, 'pop_peak': 0.06300287680289801, 'pop_sig': 0.3198607722285797, 'fuel_k': 3.7111424075064807, 'fuel_half': 0.11712044418903052}. Best is trial 1622 with value: -0.6125870653324885.
[I 2026-08-19 18:13:42,622] Trial 2473 finished with value: 0.6111194560665509 and parameters: {'k1': 0.004031137643998448, 'D_low': 33.07855042202697, 'k2': 0.00021456080010140416, 'D_high': 523209.1843872081, 'fire_exp': 4.305629345612535, 'P_half': 54.07168963458489, 'pre_dampen_half': 14.25797861742775, 'gpp_af': 4.018325579139253, 'gpp_b': 0.028163753346035835, 'gpp_d': 0.5182990078072296, 'ign_k': 0.041590886337913864, 'ign_c': 0.35247481718766155, 'trop_agb_crit': 9.506519545678678, 'trop_k_veg': 1.5251725871178787, 'pop_amp': 0.8533940264410004, 'pop_peak': 56.91103578687056, 'pop_sig': 0.7159521974128861, 'fuel_k': 0.2580367024894262, 'fuel_half': 0.36310435942606006}. Best is trial 1622 with value: -0.6125870653324885.
[I 2026-08-19 18:13:44,399] Trial 2474 finished with value: 0.5820816762021852 and parameters: {'k1': 0.0003425029952051995, 'D_low': 4.667832197960106, 'k2': 0.0010526554499966602, 'D_high': 2901242.5827122186, 'fire_exp': 6.391444586280835, 'P_half': 15.282888051889861, 'pre_dampen_half': 0.5985751958837966, 'gpp_af': 3.345772390862585, 'gpp_b': 0.03714685444808371, 'gpp_d': 8.426572691323914, 'ign_k': 0.0010351976346492423, 'ign_c': 0.7389589564489795, 'trop_agb_crit': 6.621151635596354, 'trop_k_veg': 0.5116150486885366, 'pop_amp': 4.4900007608047705, 'pop_peak': 13.103640073624117, 'pop_sig': 0.6131458418729722, 'fuel_k': 0.09098224878464577, 'fuel_half': 0.7052825512905504}. Best is trial 1622 with value: -0.6125870653324885.
[I 2026-08-19 18:13:46,236] Trial 2475 finished with value: 0.5495179508958875 and parameters: {'k1': 0.030527190211081613, 'D_low': 1.0104750412352514, 'k2': 0.00857463409048306, 'D_high': 831951.3088241247, 'fire_exp': 2.132211161408081, 'P_half': 56.15522341153145, 'pre_dampen_half': 75.57554987259677, 'gpp_af': 0.005621643044917375, 'gpp_b': 1.6208238503340783e-05, 'gpp_d': 698.7734120692992, 'ign_k': 0.7898473774673131, 'ign_c': 6.885352076310288, 'trop_agb_crit': 12.835623023941292, 'trop_k_veg': 7.33719104524334, 'pop_amp': 0.03336306972780143, 'pop_peak': 0.13817370264866724, 'pop_sig': 0.2851862128927823, 'fuel_k': 2.4672730250906385, 'fuel_half': 2.4340086476717335}. Best is trial 1622 with value: -0.6125870653324885.
[I 2026-08-19 18:13:48,062] Trial 2476 finished with value: 0.5484223286292028 and parameters: {'k1': 0.00018133621217313517, 'D_low': 1295.5420882478618, 'k2': 0.002484894998624592, 'D_high': 364417.2709827815, 'fire_exp': 3.935134914297223, 'P_half': 10.576868570160338, 'pre_dampen_half': 57.136929477985476, 'gpp_af': 0.08553146167947165, 'gpp_b': 0.0003978491851169679, 'gpp_d': 5.8471225200253905, 'ign_k': 0.003927504396666454, 'ign_c': 1.8974192404382104, 'trop_agb_crit': 14.14219898182152, 'trop_k_veg': 1.2598298896592453, 'pop_amp': 0.0017111170057231492, 'pop_peak': 0.06331501860670861, 'pop_sig': 0.536491694308839, 'fuel_k': 3.3784675796840133, 'fuel_half': 0.2583432700574904}. Best is trial 1622 with value: -0.6125870653324885.
[I 2026-08-19 18:13:49,865] Trial 2477 finished with value: -0.5769964780479354 and parameters: {'k1': 0.002567505418598965, 'D_low': 4.491275350949695, 'k2': 0.009201363865337917, 'D_high': 238282.6232767099, 'fire_exp': 8.324468090778023, 'P_half': 1.5556244217301558, 'pre_dampen_half': 19.809335989667428, 'gpp_af': 0.005118667462954424, 'gpp_b': 0.00013973979892568575, 'gpp_d': 174.8593832245441, 'ign_k': 5.837110431866744, 'ign_c': 12.821201981819245, 'trop_agb_crit': 4.455953856456058, 'trop_k_veg': 2.613088813792405, 'pop_amp': 0.06370452729419496, 'pop_peak': 954.0594245978943, 'pop_sig': 1.1576331880278272, 'fuel_k': 0.04123678755172262, 'fuel_half': 0.24353662111999447}. Best is trial 1622 with value: -0.6125870653324885.
[I 2026-08-19 18:13:51,732] Trial 2478 finished with value: 0.5910563566131433 and parameters: {'k1': 0.0008721138582214019, 'D_low': 10297.956533993372, 'k2': 0.007918073577554747, 'D_high': 292708.8910161547, 'fire_exp': 2.730331319670683, 'P_half': 7351.877166509369, 'pre_dampen_half': 0.23953164080789924, 'gpp_af': 0.03156723946705746, 'gpp_b': 0.08058677568734762, 'gpp_d': 690.701140725768, 'ign_k': 6.650127524486363, 'ign_c': 0.16335219567405737, 'trop_agb_crit': 7.182199666614731, 'trop_k_veg': 4.5938276418807265, 'pop_amp': 0.5282217651024247, 'pop_peak': 0.1333534850097599, 'pop_sig': 0.25679432339275177, 'fuel_k': 1.7651430318092165, 'fuel_half': 0.12844259576988704}. Best is trial 1622 with value: -0.6125870653324885.
[I 2026-08-19 18:13:53,507] Trial 2479 finished with value: 0.5966689469719573 and parameters: {'k1': 0.008147996931332994, 'D_low': 3662.8843012531315, 'k2': 7.383567067515731e-05, 'D_high': 329723.4448629914, 'fire_exp': 1.0418779044070938, 'P_half': 5333.768388654, 'pre_dampen_half': 94.34072586604641, 'gpp_af': 4.090371388858616, 'gpp_b': 0.007529303973217488, 'gpp_d': 1.7201091940114623, 'ign_k': 6.332720894714476, 'ign_c': 16.01016949671091, 'trop_agb_crit': 19.670862142176126, 'trop_k_veg': 1.3538090833240517, 'pop_amp': 0.0016713725729247673, 'pop_peak': 3.453669711502162, 'pop_sig': 0.6847167437152324, 'fuel_k': 0.06118798088311664, 'fuel_half': 0.7177608331414949}. Best is trial 1622 with value: -0.6125870653324885.
[I 2026-08-19 18:13:55,334] Trial 2480 finished with value: 0.42024549136526557 and parameters: {'k1': 0.0003584698401733567, 'D_low': 5.605963178883011, 'k2': 5.473300141543525e-05, 'D_high': 1497927.7918955518, 'fire_exp': 1.5466101376486157, 'P_half': 50.43601326925249, 'pre_dampen_half': 0.9869228987843514, 'gpp_af': 0.04396153409159046, 'gpp_b': 0.006138216277906467, 'gpp_d': 0.5967282490101073, 'ign_k': 0.9565474489308066, 'ign_c': 0.12197321342133875, 'trop_agb_crit': 9.225968309313545, 'trop_k_veg': 0.6493921249114762, 'pop_amp': 0.9964595638960516, 'pop_peak': 4.65869023149653, 'pop_sig': 0.8079991824031798, 'fuel_k': 1.6741571289697295, 'fuel_half': 0.23626178771879022}. Best is trial 1622 with value: -0.6125870653324885.
[I 2026-08-19 18:13:57,174] Trial 2481 finished with value: 0.4417541133349804 and parameters: {'k1': 0.0007478944477368897, 'D_low': 11324.183168011377, 'k2': 6.163557789954788e-05, 'D_high': 431817.2475943698, 'fire_exp': 2.7527003509036048, 'P_half': 8.273070742832571, 'pre_dampen_half': 0.36690419955660974, 'gpp_af': 3.89552038142396, 'gpp_b': 0.05449227515966201, 'gpp_d': 21.906747520610313, 'ign_k': 0.043023559359966816, 'ign_c': 3.0940047967508626, 'trop_agb_crit': 7.693710995904373, 'trop_k_veg': 1.2818332173859368, 'pop_amp': 12.37579692245618, 'pop_peak': 270.09286500828347, 'pop_sig': 1.2138839156993588, 'fuel_k': 0.09225872260704225, 'fuel_half': 1.0168839993184853}. Best is trial 1622 with value: -0.6125870653324885.
  trial 2482/2500  best_overall=0.6126  (75.6 min)
[I 2026-08-19 18:13:59,537] Trial 2482 finished with value: 0.5565278379144483 and parameters: {'k1': 0.048579121123924145, 'D_low': 1823.1658086455632, 'k2': 7.808144644220475e-05, 'D_high': 6007.747898538928, 'fire_exp': 1.2715274728544557, 'P_half': 111.50716024574834, 'pre_dampen_half': 8.961984375075678, 'gpp_af': 0.3555768555089067, 'gpp_b': 2.0770280385374572e-05, 'gpp_d': 73.4504259631686, 'ign_k': 9.635888959684213, 'ign_c': 6.388091834708711, 'trop_agb_crit': 29.08837613442484, 'trop_k_veg': 1.830839212123018, 'pop_amp': 0.0030011561084924204, 'pop_peak': 60.10949458991948, 'pop_sig': 0.6593337498960172, 'fuel_k': 0.17892639067408936, 'fuel_half': 1.8232723007433667}. Best is trial 1622 with value: -0.6125870653324885.
[I 2026-08-19 18:14:01,403] Trial 2483 finished with value: 0.467135067246056 and parameters: {'k1': 0.005659627703274708, 'D_low': 2078.3273821625135, 'k2': 0.0003174930936967084, 'D_high': 116759.50115849002, 'fire_exp': 1.4058823306154493, 'P_half': 498.09342409631375, 'pre_dampen_half': 30.207332913351614, 'gpp_af': 0.08619904797128544, 'gpp_b': 0.0003354805874781601, 'gpp_d': 13.855970977754552, 'ign_k': 5.7943920863349225, 'ign_c': 24.45347174691635, 'trop_agb_crit': 14.223560161647924, 'trop_k_veg': 2.5998859973297277, 'pop_amp': 0.004048235344523152, 'pop_peak': 226.1781004301197, 'pop_sig': 0.41372881952067025, 'fuel_k': 0.04605029187742966, 'fuel_half': 2.3995208054781347}. Best is trial 1622 with value: -0.6125870653324885.
[I 2026-08-19 18:14:03,210] Trial 2484 finished with value: 0.5517822047978661 and parameters: {'k1': 0.0026483447083314646, 'D_low': 90.62999484486258, 'k2': 0.001204801376904072, 'D_high': 1925144.9870250965, 'fire_exp': 1.655279231327414, 'P_half': 2.3734635584342856, 'pre_dampen_half': 0.9013899174168286, 'gpp_af': 0.008443221080587345, 'gpp_b': 0.010166046036272743, 'gpp_d': 510.15853257992813, 'ign_k': 0.008543963547872638, 'ign_c': 0.8815997765143764, 'trop_agb_crit': 4.180523044561798, 'trop_k_veg': 0.942339674408298, 'pop_amp': 6.002613291856194, 'pop_peak': 0.37111988675338914, 'pop_sig': 1.007036146782045, 'fuel_k': 0.07396973611972416, 'fuel_half': 0.9831619482733748}. Best is trial 1622 with value: -0.6125870653324885.
[I 2026-08-19 18:14:05,033] Trial 2485 finished with value: 0.47117065997633634 and parameters: {'k1': 0.0016989062158459026, 'D_low': 483.75531793747507, 'k2': 0.0012341684435644867, 'D_high': 9889516.982999453, 'fire_exp': 2.083327825798705, 'P_half': 1036.9787256992643, 'pre_dampen_half': 19.984049939654525, 'gpp_af': 0.2216402481738891, 'gpp_b': 0.06288707947853275, 'gpp_d': 1.8682845376156463, 'ign_k': 6.137171460138045, 'ign_c': 0.10690577413217653, 'trop_agb_crit': 29.292610792567874, 'trop_k_veg': 5.279348106255505, 'pop_amp': 0.1084808874269531, 'pop_peak': 0.10643362357932996, 'pop_sig': 0.253826948323486, 'fuel_k': 2.322652046458908, 'fuel_half': 0.1552976324538992}. Best is trial 1622 with value: -0.6125870653324885.
[I 2026-08-19 18:14:06,979] Trial 2486 finished with value: 0.6445374145881376 and parameters: {'k1': 0.09885629607341709, 'D_low': 1052.995237865632, 'k2': 0.05068294507707007, 'D_high': 13.653798872136083, 'fire_exp': 2.812493109242061, 'P_half': 1163.06373082854, 'pre_dampen_half': 0.21947155199805843, 'gpp_af': 0.008160642463357628, 'gpp_b': 0.0003364154765198191, 'gpp_d': 0.0889210252188116, 'ign_k': 0.2448963160824703, 'ign_c': 33.622032497442426, 'trop_agb_crit': 3.425049230529788, 'trop_k_veg': 0.9228509911871352, 'pop_amp': 0.004485476141310931, 'pop_peak': 621.8437494553536, 'pop_sig': 0.45569595287236286, 'fuel_k': 0.21809941365305716, 'fuel_half': 0.10780324903218234}. Best is trial 1622 with value: -0.6125870653324885.
[I 2026-08-19 18:14:08,831] Trial 2487 finished with value: 0.6445374145881376 and parameters: {'k1': 0.0004743489082722418, 'D_low': 103947.48829203389, 'k2': 0.0005819201773699633, 'D_high': 65074.62312690324, 'fire_exp': 3.622499500691952, 'P_half': 304.3346116759546, 'pre_dampen_half': 1.0530834265903015, 'gpp_af': 0.003605472299093274, 'gpp_b': 8.839135505797121e-05, 'gpp_d': 0.8415423659001567, 'ign_k': 0.001865231035241632, 'ign_c': 781.0479122109722, 'trop_agb_crit': 8.843570543253293, 'trop_k_veg': 1.36252207051264, 'pop_amp': 0.0748732319735018, 'pop_peak': 96.02159040078297, 'pop_sig': 1.9552011790708779, 'fuel_k': 0.13995491713802888, 'fuel_half': 2.201298441553058}. Best is trial 1622 with value: -0.6125870653324885.
[I 2026-08-19 18:14:10,612] Trial 2488 finished with value: 0.5960158037247912 and parameters: {'k1': 0.00010524178586716312, 'D_low': 4967.922714324674, 'k2': 3.192325495324104e-05, 'D_high': 5417670.237029895, 'fire_exp': 1.8584964928238474, 'P_half': 41.95860103768315, 'pre_dampen_half': 1.5800243922987327, 'gpp_af': 0.48813581699561787, 'gpp_b': 0.0005366782238592002, 'gpp_d': 48.72767186094706, 'ign_k': 0.03131071120281598, 'ign_c': 0.43515929931493913, 'trop_agb_crit': 21.87376527531994, 'trop_k_veg': 3.697612728199619, 'pop_amp': 6.119845567163716, 'pop_peak': 26.82101555589013, 'pop_sig': 0.7622468271879392, 'fuel_k': 5.7758410521730745, 'fuel_half': 0.22127099465876982}. Best is trial 1622 with value: -0.6125870653324885.
[I 2026-08-19 18:14:12,464] Trial 2489 finished with value: 0.565025983950081 and parameters: {'k1': 0.016271946091545666, 'D_low': 3.824181609570083, 'k2': 0.0037859444631520803, 'D_high': 3077303.5938937, 'fire_exp': 5.920856665533368, 'P_half': 106.91912591372312, 'pre_dampen_half': 2.104871586127212, 'gpp_af': 1.7621428392644845, 'gpp_b': 3.784073432703164e-05, 'gpp_d': 0.8960249611487073, 'ign_k': 1.16096959027888, 'ign_c': 7.773905967897866, 'trop_agb_crit': 6.440484582873742, 'trop_k_veg': 3.0313064849826064, 'pop_amp': 0.2317401212412917, 'pop_peak': 239.4290706451934, 'pop_sig': 0.6567178495024835, 'fuel_k': 0.7079536809733626, 'fuel_half': 1.2287791177240264}. Best is trial 1622 with value: -0.6125870653324885.
[I 2026-08-19 18:14:14,261] Trial 2490 finished with value: 0.6445374145881376 and parameters: {'k1': 0.008227478771788786, 'D_low': 509.31314784180836, 'k2': 0.02509574923189031, 'D_high': 34861.520716048086, 'fire_exp': 5.590080522689879, 'P_half': 30.974385618779216, 'pre_dampen_half': 0.039935337039951606, 'gpp_af': 76.24632859591026, 'gpp_b': 3.9405854069593076, 'gpp_d': 0.4419077984938602, 'ign_k': 0.10284295050781012, 'ign_c': 570.9453906536102, 'trop_agb_crit': 12.880434793320441, 'trop_k_veg': 1.9882709953818076, 'pop_amp': 13.301156223476097, 'pop_peak': 0.9445376970326075, 'pop_sig': 0.5434024559912983, 'fuel_k': 0.030284863886006864, 'fuel_half': 0.19397705091158207}. Best is trial 1622 with value: -0.6125870653324885.
[I 2026-08-19 18:14:16,037] Trial 2491 finished with value: 0.5932785825584298 and parameters: {'k1': 0.001816416541432649, 'D_low': 4262.88748658008, 'k2': 0.00011825948624855196, 'D_high': 6482462.09302496, 'fire_exp': 2.4954063950898746, 'P_half': 12.553168874223182, 'pre_dampen_half': 4.360798590310251, 'gpp_af': 1.049571855964363, 'gpp_b': 0.0008221491048660653, 'gpp_d': 0.3078333705801779, 'ign_k': 0.6525862289657574, 'ign_c': 0.11250515228514342, 'trop_agb_crit': 2.9621694473224265, 'trop_k_veg': 1.0178413260085961, 'pop_amp': 6.912261525879151, 'pop_peak': 64.56178903430033, 'pop_sig': 1.0436032629647938, 'fuel_k': 0.5172641193829673, 'fuel_half': 1.0564317657924334}. Best is trial 1622 with value: -0.6125870653324885.
[I 2026-08-19 18:14:17,931] Trial 2492 finished with value: 0.4854612942557388 and parameters: {'k1': 0.0021281406413082046, 'D_low': 1546.2420143130844, 'k2': 0.006257920175595741, 'D_high': 37423.494122749944, 'fire_exp': 1.0469618311480198, 'P_half': 82.59379466118936, 'pre_dampen_half': 0.013136379461187026, 'gpp_af': 0.1708324451171229, 'gpp_b': 0.00441026670696835, 'gpp_d': 41.57744114563398, 'ign_k': 6.494479707156247, 'ign_c': 2.0182026888682727, 'trop_agb_crit': 2.8454512836120784, 'trop_k_veg': 1.899962747662008, 'pop_amp': 0.012986815591580145, 'pop_peak': 1.3234887194502827, 'pop_sig': 0.26825792065444043, 'fuel_k': 3.4067207271457685, 'fuel_half': 0.24819421726050975}. Best is trial 1622 with value: -0.6125870653324885.
  trial 2493/2500  best_overall=0.6126  (75.9 min)
