[I 2026-06-08 12:28:16,329] Trial 980 finished with values: [10.2338424726011, 10.2338424726011] and parameters: {'k1': 0.008471801418819975, 'D_low': 64.39790863101601, 'k2': 0.0008941619307827924, 'D_high': 2940.51756322311, 'fire_exp': 1.3170256885255098, 'P_half': 12.808863354047988, 'pre_dampen_half': 502.5175192217655, 'gpp_af': 0.1476584299248268, 'gpp_b': 0.0021331409710300844, 'gpp_d': 10.369565216756202, 'ign_k': 8.708806168038567, 'ign_c': 20.03995359361212, 'trop_agb_crit': 18.785197416433792, 'trop_k_veg': 6.2065960186008615}.
[I 2026-06-08 12:28:17,484] Trial 981 finished with values: [-0.498883628065568, 0.15425241433332193] and parameters: {'k1': 0.007299613382801458, 'D_low': 64.39790863101601, 'k2': 0.001462400459012571, 'D_high': 2940.51756322311, 'fire_exp': 1.3170256885255098, 'P_half': 220.3445560633069, 'pre_dampen_half': 502.5175192217655, 'gpp_af': 1.9706963379095486, 'gpp_b': 0.0021331409710300844, 'gpp_d': 29.749683811098393, 'ign_k': 0.0680787482656459, 'ign_c': 20.03995359361212, 'trop_agb_crit': 18.785197416433792, 'trop_k_veg': 0.5349971555643298}.
[I 2026-06-08 12:28:18,717] Trial 982 finished with values: [10.097519518339627, 10.097519518339627] and parameters: {'k1': 0.03635503353478365, 'D_low': 2.7475448770725444, 'k2': 0.0015553851774742168, 'D_high': 3658.5185277368187, 'fire_exp': 1.3170256885255098, 'P_half': 220.3445560633069, 'pre_dampen_half': 107.40052367919465, 'gpp_af': 1.200191344086032, 'gpp_b': 0.0054502936945582505, 'gpp_d': 1.8701940579227916, 'ign_k': 0.0315101491238403, 'ign_c': 0.7313962512403624, 'trop_agb_crit': 3.5747129226002423, 'trop_k_veg': 2.4978545597116653}.
[I 2026-06-08 12:28:19,872] Trial 983 finished with values: [10.527381005504504, 10.527381005504504] and parameters: {'k1': 0.008287522363768155, 'D_low': 2384.670235012677, 'k2': 0.0012040762895973265, 'D_high': 42210.21267871043, 'fire_exp': 1.3170256885255098, 'P_half': 4.213183643253957, 'pre_dampen_half': 552.4163637315892, 'gpp_af': 0.7539992074650279, 'gpp_b': 0.0021331409710300844, 'gpp_d': 29.749683811098393, 'ign_k': 0.002467915713171985, 'ign_c': 20.03995359361212, 'trop_agb_crit': 24.584290528289387, 'trop_k_veg': 2.520089655463604}.
[I 2026-06-08 12:28:21,045] Trial 984 finished with values: [10.094717454714395, 10.094717454714395] and parameters: {'k1': 0.01889771394135163, 'D_low': 4.484744524732794, 'k2': 0.0012040762895973265, 'D_high': 1493.5213816355397, 'fire_exp': 1.0601964743503993, 'P_half': 4.213183643253957, 'pre_dampen_half': 107.40052367919465, 'gpp_af': 6.155035361040188, 'gpp_b': 0.0005752434266899163, 'gpp_d': 16.460426816350523, 'ign_k': 1.343112375346642, 'ign_c': 15.221840161091626, 'trop_agb_crit': 7.500118950416987, 'trop_k_veg': 2.194427136482602}.
[I 2026-06-08 12:28:22,148] Trial 985 finished with values: [-0.5761839057879359, 0.06038153435115223] and parameters: {'k1': 0.004312951023617458, 'D_low': 38.82837025280678, 'k2': 0.012758211164590085, 'D_high': 3712.591045287726, 'fire_exp': 1.165368636520435, 'P_half': 12.808863354047988, 'pre_dampen_half': 107.40052367919465, 'gpp_af': 0.1476584299248268, 'gpp_b': 0.0005752434266899163, 'gpp_d': 84.31013932082456, 'ign_k': 8.708806168038567, 'ign_c': 20.03995359361212, 'trop_agb_crit': 1.0911298587990423, 'trop_k_veg': 1.9358464828856796}.
[I 2026-06-08 12:28:23,269] Trial 986 finished with values: [-0.5752659216814358, 0.08328240142690502] and parameters: {'k1': 0.008471801418819975, 'D_low': 2.143851363193517, 'k2': 0.012758211164590085, 'D_high': 2940.51756322311, 'fire_exp': 1.165368636520435, 'P_half': 12.808863354047988, 'pre_dampen_half': 107.40052367919465, 'gpp_af': 1.200191344086032, 'gpp_b': 0.0005752434266899163, 'gpp_d': 10.369565216756202, 'ign_k': 5.595401979134829, 'ign_c': 20.03995359361212, 'trop_agb_crit': 1.0911298587990423, 'trop_k_veg': 0.7579605458363415}.
[I 2026-06-08 12:28:24,416] Trial 987 finished with values: [10.79660125396773, 10.79660125396773] and parameters: {'k1': 0.01889771394135163, 'D_low': 19.89315688058566, 'k2': 0.008900784976354454, 'D_high': 2940.51756322311, 'fire_exp': 1.3170256885255098, 'P_half': 220.3445560633069, 'pre_dampen_half': 2.399333660651234, 'gpp_af': 0.07576025464197739, 'gpp_b': 0.0054502936945582505, 'gpp_d': 10.369565216756202, 'ign_k': 0.0680787482656459, 'ign_c': 15.221840161091626, 'trop_agb_crit': 1.0903028125370984, 'trop_k_veg': 0.5349971555643298}.
[I 2026-06-08 12:28:25,678] Trial 988 finished with values: [10.401883786432947, 10.401883786432947] and parameters: {'k1': 0.0003783599106879794, 'D_low': 68.8314745893381, 'k2': 0.012758211164590085, 'D_high': 1493.5213816355397, 'fire_exp': 1.165368636520435, 'P_half': 12.808863354047988, 'pre_dampen_half': 107.40052367919465, 'gpp_af': 0.017199513788543352, 'gpp_b': 0.0005752434266899163, 'gpp_d': 660.9129108295722, 'ign_k': 8.708806168038567, 'ign_c': 20.03995359361212, 'trop_agb_crit': 1.0911298587990423, 'trop_k_veg': 2.194427136482602}.
[I 2026-06-08 12:28:26,924] Trial 989 finished with values: [10.892857142659844, 10.892857142659844] and parameters: {'k1': 0.007828534228218626, 'D_low': 34.459310919273356, 'k2': 1.915468390724633e-05, 'D_high': 3712.591045287726, 'fire_exp': 1.3170256885255098, 'P_half': 220.3445560633069, 'pre_dampen_half': 84.1555415726906, 'gpp_af': 1.9706963379095486, 'gpp_b': 0.0021331409710300844, 'gpp_d': 106.74579222939708, 'ign_k': 0.5524095129928631, 'ign_c': 370.11676346027537, 'trop_agb_crit': 24.584290528289387, 'trop_k_veg': 7.068179831629663}.
[I 2026-06-08 12:28:28,060] Trial 990 finished with values: [10.007703663434258, 10.007703663434258] and parameters: {'k1': 0.01889771394135163, 'D_low': 4.484744524732794, 'k2': 0.0012040762895973265, 'D_high': 1493.5213816355397, 'fire_exp': 1.165368636520435, 'P_half': 4.213183643253957, 'pre_dampen_half': 107.40052367919465, 'gpp_af': 0.017199513788543352, 'gpp_b': 0.0005752434266899163, 'gpp_d': 84.31013932082456, 'ign_k': 8.708806168038567, 'ign_c': 20.03995359361212, 'trop_agb_crit': 7.500118950416987, 'trop_k_veg': 2.194427136482602}.
[I 2026-06-08 12:28:29,420] Trial 991 finished with values: [-0.5426222403414396, 0.1104103719852576] and parameters: {'k1': 0.01889771394135163, 'D_low': 1.9623826481168343, 'k2': 1.4665316366397004e-05, 'D_high': 1493.5213816355397, 'fire_exp': 1.165368636520435, 'P_half': 4.213183643253957, 'pre_dampen_half': 107.40052367919465, 'gpp_af': 0.017199513788543352, 'gpp_b': 0.0005752434266899163, 'gpp_d': 84.31013932082456, 'ign_k': 8.708806168038567, 'ign_c': 15.221840161091626, 'trop_agb_crit': 7.500118950416987, 'trop_k_veg': 2.194427136482602}.
[I 2026-06-08 12:28:30,595] Trial 992 finished with values: [-0.5339426700453924, 0.13221351817388927] and parameters: {'k1': 0.007299613382801458, 'D_low': 4.484744524732794, 'k2': 1.1065812688893481e-05, 'D_high': 2940.51756322311, 'fire_exp': 1.0601964743503993, 'P_half': 220.3445560633069, 'pre_dampen_half': 502.5175192217655, 'gpp_af': 1.9706963379095486, 'gpp_b': 0.0021331409710300844, 'gpp_d': 29.749683811098393, 'ign_k': 1.4047969156119493, 'ign_c': 20.03995359361212, 'trop_agb_crit': 18.785197416433792, 'trop_k_veg': 0.5349971555643298}.
[I 2026-06-08 12:28:31,712] Trial 993 finished with values: [10.532407703739015, 10.532407703739015] and parameters: {'k1': 0.007299613382801458, 'D_low': 64.39790863101601, 'k2': 0.001462400459012571, 'D_high': 2940.51756322311, 'fire_exp': 2.0673161422190134, 'P_half': 565.6383208363872, 'pre_dampen_half': 502.5175192217655, 'gpp_af': 1.9706963379095486, 'gpp_b': 0.0021331409710300844, 'gpp_d': 29.749683811098393, 'ign_k': 0.0680787482656459, 'ign_c': 5.628756950174209, 'trop_agb_crit': 18.785197416433792, 'trop_k_veg': 0.5349971555643298}.
[I 2026-06-08 12:28:32,926] Trial 994 finished with values: [10.02444013536954, 10.02444013536954] and parameters: {'k1': 0.008912611835817005, 'D_low': 4.484744524732794, 'k2': 0.00010439567055209041, 'D_high': 3712.591045287726, 'fire_exp': 1.0601964743503993, 'P_half': 220.3445560633069, 'pre_dampen_half': 107.40052367919465, 'gpp_af': 1.9706963379095486, 'gpp_b': 0.0021331409710300844, 'gpp_d': 10.369565216756202, 'ign_k': 0.0680787482656459, 'ign_c': 15.221840161091626, 'trop_agb_crit': 18.785197416433792, 'trop_k_veg': 1.4584243470991722}.
[I 2026-06-08 12:28:34,112] Trial 995 finished with values: [10.892415328536924, 10.892415328536924] and parameters: {'k1': 0.004312951023617458, 'D_low': 38.82837025280678, 'k2': 0.012758211164590085, 'D_high': 3712.591045287726, 'fire_exp': 6.93220790804393, 'P_half': 220.3445560633069, 'pre_dampen_half': 502.5175192217655, 'gpp_af': 0.7539992074650279, 'gpp_b': 0.0005752434266899163, 'gpp_d': 10.369565216756202, 'ign_k': 0.0680787482656459, 'ign_c': 30.28574109895626, 'trop_agb_crit': 3.5747129226002423, 'trop_k_veg': 1.4584243470991722}.
[I 2026-06-08 12:28:35,297] Trial 996 finished with values: [10.597040342074267, 10.597040342074267] and parameters: {'k1': 0.01889771394135163, 'D_low': 64.39790863101601, 'k2': 0.001462400459012571, 'D_high': 61536.58035691648, 'fire_exp': 1.3170256885255098, 'P_half': 1.4246408590160289, 'pre_dampen_half': 271.0323160002808, 'gpp_af': 0.7539992074650279, 'gpp_b': 0.0021331409710300844, 'gpp_d': 10.369565216756202, 'ign_k': 0.0680787482656459, 'ign_c': 15.221840161091626, 'trop_agb_crit': 29.480726565384675, 'trop_k_veg': 0.5349971555643298}.
[I 2026-06-08 12:28:36,421] Trial 997 finished with values: [10.013495980152932, 10.013495980152932] and parameters: {'k1': 0.037704815040649445, 'D_low': 64.39790863101601, 'k2': 0.012758211164590085, 'D_high': 3712.591045287726, 'fire_exp': 1.3170256885255098, 'P_half': 220.3445560633069, 'pre_dampen_half': 107.40052367919465, 'gpp_af': 0.1476584299248268, 'gpp_b': 0.0021331409710300844, 'gpp_d': 10.369565216756202, 'ign_k': 0.0680787482656459, 'ign_c': 15.221840161091626, 'trop_agb_crit': 24.584290528289387, 'trop_k_veg': 6.092557528471241}.
[I 2026-06-08 12:28:37,508] Trial 998 finished with values: [10.2820794109225, 10.2820794109225] and parameters: {'k1': 0.01889771394135163, 'D_low': 1.9623826481168343, 'k2': 1.915468390724633e-05, 'D_high': 1493.5213816355397, 'fire_exp': 1.165368636520435, 'P_half': 4.213183643253957, 'pre_dampen_half': 502.5175192217655, 'gpp_af': 0.017199513788543352, 'gpp_b': 0.0021331409710300844, 'gpp_d': 84.31013932082456, 'ign_k': 8.708806168038567, 'ign_c': 7.013097205353069, 'trop_agb_crit': 7.500118950416987, 'trop_k_veg': 2.194427136482602}.
[I 2026-06-08 12:28:38,615] Trial 999 finished with values: [10.354363971338595, 10.354363971338595] and parameters: {'k1': 0.0035383916966944323, 'D_low': 355.00125258511594, 'k2': 1.1065812688893481e-05, 'D_high': 42210.21267871043, 'fire_exp': 1.0601964743503993, 'P_half': 220.3445560633069, 'pre_dampen_half': 502.5175192217655, 'gpp_af': 1.9804761238874737, 'gpp_b': 0.0021331409710300844, 'gpp_d': 298.943216845222, 'ign_k': 0.5524095129928631, 'ign_c': 5.13055176058983, 'trop_agb_crit': 24.584290528289387, 'trop_k_veg': 2.520089655463604}.
[I 2026-06-08 12:28:39,773] Trial 1000 finished with values: [10.541702311706024, 10.541702311706024] and parameters: {'k1': 0.008471801418819975, 'D_low': 64.39790863101601, 'k2': 0.001462400459012571, 'D_high': 2940.51756322311, 'fire_exp': 1.3170256885255098, 'P_half': 12.808863354047988, 'pre_dampen_half': 107.40052367919465, 'gpp_af': 1.9706963379095486, 'gpp_b': 0.0021331409710300844, 'gpp_d': 10.369565216756202, 'ign_k': 0.0680787482656459, 'ign_c': 35.21102994688835, 'trop_agb_crit': 1.0911298587990423, 'trop_k_veg': 6.2065960186008615}.
[I 2026-06-08 12:28:41,038] Trial 1001 finished with values: [10.309777245846576, 10.309777245846576] and parameters: {'k1': 0.01889771394135163, 'D_low': 4.484744524732794, 'k2': 1.4665316366397004e-05, 'D_high': 3712.591045287726, 'fire_exp': 1.0601964743503993, 'P_half': 220.3445560633069, 'pre_dampen_half': 502.5175192217655, 'gpp_af': 0.7539992074650279, 'gpp_b': 0.0021331409710300844, 'gpp_d': 84.31013932082456, 'ign_k': 0.5524095129928631, 'ign_c': 15.221840161091626, 'trop_agb_crit': 24.584290528289387, 'trop_k_veg': 1.4584243470991722}.
[I 2026-06-08 12:28:42,192] Trial 1002 finished with values: [-0.5828005081987568, 0.04360873612465177] and parameters: {'k1': 0.008471801418819975, 'D_low': 38.82837025280678, 'k2': 0.012758211164590085, 'D_high': 3658.5185277368187, 'fire_exp': 1.165368636520435, 'P_half': 220.3445560633069, 'pre_dampen_half': 107.40052367919465, 'gpp_af': 0.1476584299248268, 'gpp_b': 0.0005752434266899163, 'gpp_d': 10.369565216756202, 'ign_k': 8.708806168038567, 'ign_c': 20.03995359361212, 'trop_agb_crit': 3.5747129226002423, 'trop_k_veg': 6.2065960186008615}.
[I 2026-06-08 12:28:43,316] Trial 1003 finished with values: [10.33982529354002, 10.33982529354002] and parameters: {'k1': 0.008287522363768155, 'D_low': 355.00125258511594, 'k2': 0.0012040762895973265, 'D_high': 42210.21267871043, 'fire_exp': 1.3170256885255098, 'P_half': 285.5843069859748, 'pre_dampen_half': 63.6685916079943, 'gpp_af': 0.2204465010099918, 'gpp_b': 0.0021331409710300844, 'gpp_d': 14.792055086678463, 'ign_k': 0.0680787482656459, 'ign_c': 5.13055176058983, 'trop_agb_crit': 24.584290528289387, 'trop_k_veg': 0.6014881258938517}.
[I 2026-06-08 12:28:44,439] Trial 1004 finished with values: [10.630869008789595, 10.630869008789595] and parameters: {'k1': 0.007299613382801458, 'D_low': 118.47646505012496, 'k2': 3.987273288095245e-05, 'D_high': 42210.21267871043, 'fire_exp': 1.3170256885255098, 'P_half': 4.213183643253957, 'pre_dampen_half': 502.5175192217655, 'gpp_af': 0.2204465010099918, 'gpp_b': 0.0021331409710300844, 'gpp_d': 14.792055086678463, 'ign_k': 8.708806168038567, 'ign_c': 15.221840161091626, 'trop_agb_crit': 24.584290528289387, 'trop_k_veg': 2.520089655463604}.
[I 2026-06-08 12:28:45,611] Trial 1005 finished with values: [10.512649060251215, 10.512649060251215] and parameters: {'k1': 0.007299613382801458, 'D_low': 355.00125258511594, 'k2': 0.001462400459012571, 'D_high': 42210.21267871043, 'fire_exp': 1.165368636520435, 'P_half': 890.7074296057181, 'pre_dampen_half': 107.40052367919465, 'gpp_af': 0.2204465010099918, 'gpp_b': 0.0005752434266899163, 'gpp_d': 84.31013932082456, 'ign_k': 0.0680787482656459, 'ign_c': 20.03995359361212, 'trop_agb_crit': 7.500118950416987, 'trop_k_veg': 2.0689340860325034}.
[I 2026-06-08 12:28:46,784] Trial 1006 finished with values: [10.892829768720699, 10.892829768720699] and parameters: {'k1': 0.037704815040649445, 'D_low': 525.9096221580008, 'k2': 0.012758211164590085, 'D_high': 14.678835461874492, 'fire_exp': 1.1430983876313219, 'P_half': 93.43302657318476, 'pre_dampen_half': 10.129197956845726, 'gpp_af': 0.1476584299248268, 'gpp_b': 0.0005752434266899163, 'gpp_d': 10.369565216756202, 'ign_k': 8.708806168038567, 'ign_c': 1.2389052918551067, 'trop_agb_crit': 3.5747129226002423, 'trop_k_veg': 3.49157152291552}.
[I 2026-06-08 12:28:47,999] Trial 1007 finished with values: [10.307798838492587, 10.307798838492587] and parameters: {'k1': 0.01889771394135163, 'D_low': 1.3577269394141454, 'k2': 2.1835747526693533e-05, 'D_high': 1493.5213816355397, 'fire_exp': 1.165368636520435, 'P_half': 4.213183643253957, 'pre_dampen_half': 38.160753400791386, 'gpp_af': 0.10409127568994281, 'gpp_b': 0.0005752434266899163, 'gpp_d': 150.14555442537656, 'ign_k': 8.708806168038567, 'ign_c': 20.03995359361212, 'trop_agb_crit': 7.500118950416987, 'trop_k_veg': 2.573214588078609}.
[I 2026-06-08 12:28:49,185] Trial 1008 finished with values: [10.339531870719924, 10.339531870719924] and parameters: {'k1': 0.01889771394135163, 'D_low': 4.484744524732794, 'k2': 1.4665316366397004e-05, 'D_high': 2940.51756322311, 'fire_exp': 1.165368636520435, 'P_half': 4.213183643253957, 'pre_dampen_half': 502.5175192217655, 'gpp_af': 6.155035361040188, 'gpp_b': 0.0005752434266899163, 'gpp_d': 16.460426816350523, 'ign_k': 8.708806168038567, 'ign_c': 15.221840161091626, 'trop_agb_crit': 7.500118950416987, 'trop_k_veg': 2.194427136482602}.
[I 2026-06-08 12:28:50,688] Trial 1009 finished with values: [10.57062859186344, 10.57062859186344] and parameters: {'k1': 0.008471801418819975, 'D_low': 38.82837025280678, 'k2': 0.001362731161143793, 'D_high': 61536.58035691648, 'fire_exp': 1.3170256885255098, 'P_half': 12.808863354047988, 'pre_dampen_half': 63.6685916079943, 'gpp_af': 0.2204465010099918, 'gpp_b': 1.3289448722869181e-05, 'gpp_d': 10.369565216756202, 'ign_k': 0.010939944910100021, 'ign_c': 0.70689749506246, 'trop_agb_crit': 3.5747129226002423, 'trop_k_veg': 0.83140195149031}.
[I 2026-06-08 12:28:51,811] Trial 1010 finished with values: [10.099780166758269, 10.099780166758269] and parameters: {'k1': 0.008471801418819975, 'D_low': 1.3577269394141454, 'k2': 0.012758211164590085, 'D_high': 2940.51756322311, 'fire_exp': 1.165368636520435, 'P_half': 12.808863354047988, 'pre_dampen_half': 107.40052367919465, 'gpp_af': 0.10409127568994281, 'gpp_b': 0.0005752434266899163, 'gpp_d': 84.31013932082456, 'ign_k': 8.708806168038567, 'ign_c': 20.03995359361212, 'trop_agb_crit': 7.500118950416987, 'trop_k_veg': 2.194427136482602}.
[I 2026-06-08 12:28:52,933] Trial 1011 finished with values: [10.393534455776903, 10.393534455776903] and parameters: {'k1': 0.01889771394135163, 'D_low': 1.9623826481168343, 'k2': 1.9423940721007243e-05, 'D_high': 1493.5213816355397, 'fire_exp': 1.165368636520435, 'P_half': 4.213183643253957, 'pre_dampen_half': 107.40052367919465, 'gpp_af': 0.002271347790571442, 'gpp_b': 0.0005752434266899163, 'gpp_d': 84.31013932082456, 'ign_k': 8.708806168038567, 'ign_c': 20.03995359361212, 'trop_agb_crit': 7.500118950416987, 'trop_k_veg': 2.194427136482602}.
[I 2026-06-08 12:28:54,072] Trial 1012 finished with values: [10.089673280601245, 10.089673280601245] and parameters: {'k1': 0.01889771394135163, 'D_low': 38.82837025280678, 'k2': 1.4665316366397004e-05, 'D_high': 2940.51756322311, 'fire_exp': 1.0601964743503993, 'P_half': 4.213183643253957, 'pre_dampen_half': 502.5175192217655, 'gpp_af': 0.017199513788543352, 'gpp_b': 0.0005752434266899163, 'gpp_d': 10.369565216756202, 'ign_k': 0.0315101491238403, 'ign_c': 30.28574109895626, 'trop_agb_crit': 3.5747129226002423, 'trop_k_veg': 2.194427136482602}.
[I 2026-06-08 12:28:55,326] Trial 1013 finished with values: [10.892645796967683, 10.892645796967683] and parameters: {'k1': 0.01889771394135163, 'D_low': 4.484744524732794, 'k2': 1.1065812688893481e-05, 'D_high': 11.179796565719341, 'fire_exp': 1.3170256885255098, 'P_half': 220.3445560633069, 'pre_dampen_half': 63.6685916079943, 'gpp_af': 0.017199513788543352, 'gpp_b': 5.482875567588648, 'gpp_d': 14.792055086678463, 'ign_k': 0.0680787482656459, 'ign_c': 15.221840161091626, 'trop_agb_crit': 24.584290528289387, 'trop_k_veg': 1.4584243470991722}.
[I 2026-06-08 12:28:56,512] Trial 1014 finished with values: [-0.5886509604813215, 0.052174555403975864] and parameters: {'k1': 0.01889771394135163, 'D_low': 4.484744524732794, 'k2': 0.0012040762895973265, 'D_high': 2940.51756322311, 'fire_exp': 1.0601964743503993, 'P_half': 220.3445560633069, 'pre_dampen_half': 107.40052367919465, 'gpp_af': 0.1476584299248268, 'gpp_b': 0.0005752434266899163, 'gpp_d': 0.986538195779616, 'ign_k': 5.595401979134829, 'ign_c': 20.03995359361212, 'trop_agb_crit': 7.500118950416987, 'trop_k_veg': 2.4978545597116653}.
[I 2026-06-08 12:28:57,633] Trial 1015 finished with values: [10.531726557478956, 10.531726557478956] and parameters: {'k1': 0.01889771394135163, 'D_low': 4.484744524732794, 'k2': 0.0012040762895973265, 'D_high': 2940.51756322311, 'fire_exp': 1.165368636520435, 'P_half': 4.213183643253957, 'pre_dampen_half': 107.40052367919465, 'gpp_af': 0.10409127568994281, 'gpp_b': 0.0005752434266899163, 'gpp_d': 84.31013932082456, 'ign_k': 8.708806168038567, 'ign_c': 15.221840161091626, 'trop_agb_crit': 7.500118950416987, 'trop_k_veg': 2.194427136482602}.
[I 2026-06-08 12:28:58,741] Trial 1016 finished with values: [10.892549447446033, 10.892549447446033] and parameters: {'k1': 0.01889771394135163, 'D_low': 64.39790863101601, 'k2': 1.4665316366397004e-05, 'D_high': 2940.51756322311, 'fire_exp': 5.463970670311958, 'P_half': 220.3445560633069, 'pre_dampen_half': 502.5175192217655, 'gpp_af': 0.017199513788543352, 'gpp_b': 0.0005752434266899163, 'gpp_d': 660.9129108295722, 'ign_k': 0.025882464916964908, 'ign_c': 20.03995359361212, 'trop_agb_crit': 7.500118950416987, 'trop_k_veg': 6.9782110227926815}.
[I 2026-06-08 12:28:59,879] Trial 1017 finished with values: [10.147441733602726, 10.147441733602726] and parameters: {'k1': 0.004312951023617458, 'D_low': 4.484744524732794, 'k2': 0.012758211164590085, 'D_high': 61536.58035691648, 'fire_exp': 1.1430983876313219, 'P_half': 587.6331101080223, 'pre_dampen_half': 502.5175192217655, 'gpp_af': 0.7539992074650279, 'gpp_b': 0.0054502936945582505, 'gpp_d': 5.1715677287580455, 'ign_k': 0.01535119983401854, 'ign_c': 0.70689749506246, 'trop_agb_crit': 24.584290528289387, 'trop_k_veg': 3.517697529584014}.
[I 2026-06-08 12:29:01,065] Trial 1018 finished with values: [10.131649925149208, 10.131649925149208] and parameters: {'k1': 0.012840669372724958, 'D_low': 355.00125258511594, 'k2': 0.0002505029928936293, 'D_high': 42210.21267871043, 'fire_exp': 1.3170256885255098, 'P_half': 4.213183643253957, 'pre_dampen_half': 502.5175192217655, 'gpp_af': 0.2204465010099918, 'gpp_b': 0.0021331409710300844, 'gpp_d': 1.493264336549928, 'ign_k': 0.0680787482656459, 'ign_c': 5.13055176058983, 'trop_agb_crit': 24.584290528289387, 'trop_k_veg': 2.520089655463604}.
