[I 2026-08-06 02:16:36,010] Trial 270 finished with values: [10.146915978010668, 10.146915978010668] and parameters: {'k1': 0.0024398964530167717, 'D_low': 175.2878790340412, 'k2': 2.5461628161276896e-05, 'D_high': 411.0848435021235, 'fire_exp': 2.1589564941849333, 'P_half': 5.15399351160314, 'pre_dampen_half': 59.66041614891413, 'gpp_af': 2.8805537835688413, 'gpp_b': 0.0004837646996135023, 'gpp_d': 5.878566318396007, 'ign_k': 1.2124080603355416, 'ign_c': 0.5110256715654393}.
[I 2026-08-06 02:16:37,007] Trial 271 finished with values: [10.449340647991015, 10.449340647991015] and parameters: {'k1': 0.00488137519160367, 'D_low': 7.068974950624602, 'k2': 0.02065142557895925, 'D_high': 24939.838794891497, 'fire_exp': 1.1044852285094786, 'P_half': 45.55085098454082, 'pre_dampen_half': 3.3594011166738142, 'gpp_af': 0.028585493941961918, 'gpp_b': 0.10123867001105968, 'gpp_d': 5.878566318396007, 'ign_k': 7.799059237255681, 'ign_c': 3.735862630812751}.
[I 2026-08-06 02:16:38,013] Trial 272 finished with values: [-0.458732663795801, 0.09560983028557857] and parameters: {'k1': 0.0026651167490553537, 'D_low': 1.0883991813938128, 'k2': 2.5461628161276896e-05, 'D_high': 4508.240502480678, 'fire_exp': 1.0117229084672894, 'P_half': 4.397766894483963, 'pre_dampen_half': 5.542030950268268, 'gpp_af': 2.8805537835688413, 'gpp_b': 4.361034464114157e-05, 'gpp_d': 0.02375138331725693, 'ign_k': 0.7058572590901792, 'ign_c': 0.8891936446296247}.
[I 2026-08-06 02:16:38,978] Trial 273 finished with values: [10.76923076805719, 10.76923076805719] and parameters: {'k1': 0.008180032418045739, 'D_low': 968.2012086882471, 'k2': 0.003967633935744858, 'D_high': 24939.838794891497, 'fire_exp': 1.2680134752324452, 'P_half': 187.6006822030065, 'pre_dampen_half': 3.3594011166738142, 'gpp_af': 13.560863064135962, 'gpp_b': 0.009396105777395792, 'gpp_d': 300.3420512048734, 'ign_k': 7.799059237255681, 'ign_c': 56.70346335627288}.
[I 2026-08-06 02:16:39,970] Trial 274 finished with values: [10.761733765531122, 10.761733765531122] and parameters: {'k1': 0.0005486676498816061, 'D_low': 125.32726386250698, 'k2': 0.02065142557895925, 'D_high': 27.55546207779663, 'fire_exp': 1.6901885781909627, 'P_half': 63.585411411994926, 'pre_dampen_half': 7.6110013825922485, 'gpp_af': 10.25616274847308, 'gpp_b': 0.10123867001105968, 'gpp_d': 3.57879245350232, 'ign_k': 3.7173717478250508, 'ign_c': 0.773448215664679}.
[I 2026-08-06 02:16:40,918] Trial 275 finished with values: [10.494179065970567, 10.494179065970567] and parameters: {'k1': 0.0026651167490553537, 'D_low': 1.0883991813938128, 'k2': 0.08790311296857814, 'D_high': 4508.240502480678, 'fire_exp': 1.3614924220931135, 'P_half': 5.15399351160314, 'pre_dampen_half': 76.86605275420082, 'gpp_af': 2.8805537835688413, 'gpp_b': 0.1676789742547917, 'gpp_d': 0.13274681648778813, 'ign_k': 0.7058572590901792, 'ign_c': 0.5110256715654393}.
[I 2026-08-06 02:16:41,883] Trial 276 finished with values: [10.138324879951178, 10.138324879951178] and parameters: {'k1': 0.025383218374507292, 'D_low': 9.330007965781027, 'k2': 0.0001870742013766025, 'D_high': 96.74045662145933, 'fire_exp': 1.0473002272689056, 'P_half': 608.3019192425825, 'pre_dampen_half': 7.6110013825922485, 'gpp_af': 0.04339970334001348, 'gpp_b': 5.2308563179361105e-05, 'gpp_d': 891.8036602897795, 'ign_k': 3.7173717478250508, 'ign_c': 0.773448215664679}.
[I 2026-08-06 02:16:42,866] Trial 277 finished with values: [10.611214909339406, 10.611214909339406] and parameters: {'k1': 0.01889771394135163, 'D_low': 968.2012086882471, 'k2': 0.003967633935744858, 'D_high': 1687.3495104568947, 'fire_exp': 1.2680134752324452, 'P_half': 125.61043700013555, 'pre_dampen_half': 3.3594011166738142, 'gpp_af': 0.14765842992482675, 'gpp_b': 0.000832333943844274, 'gpp_d': 300.3420512048734, 'ign_k': 7.799059237255681, 'ign_c': 0.11049703024154134}.
[I 2026-08-06 02:16:43,796] Trial 278 finished with values: [10.769230765925125, 10.769230765925125] and parameters: {'k1': 0.025383218374507292, 'D_low': 968.2012086882471, 'k2': 0.02065142557895925, 'D_high': 400.9149428326862, 'fire_exp': 1.1044852285094786, 'P_half': 187.6006822030065, 'pre_dampen_half': 3.3594011166738142, 'gpp_af': 13.560863064135962, 'gpp_b': 0.000832333943844274, 'gpp_d': 891.8036602897795, 'ign_k': 0.01474275315991467, 'ign_c': 157.63894361785373}.
[I 2026-08-06 02:16:44,838] Trial 279 finished with values: [10.45737878482935, 10.45737878482935] and parameters: {'k1': 0.014666151770108535, 'D_low': 1.2834648227562822, 'k2': 0.0499774937030317, 'D_high': 949.9072859745386, 'fire_exp': 1.0117229084672894, 'P_half': 436.4516946807792, 'pre_dampen_half': 1.6130673726933187, 'gpp_af': 0.04339970334001348, 'gpp_b': 0.08161454372835547, 'gpp_d': 29.749683811098393, 'ign_k': 0.7058572590901792, 'ign_c': 0.7724824966785973}.
[I 2026-08-06 02:16:45,769] Trial 280 finished with values: [10.319286025299238, 10.319286025299238] and parameters: {'k1': 0.00488137519160367, 'D_low': 7.068974950624602, 'k2': 8.923807143379776e-05, 'D_high': 75773.14388518519, 'fire_exp': 1.1044852285094786, 'P_half': 63.585411411994926, 'pre_dampen_half': 1.4445251022763053, 'gpp_af': 0.47739011308437823, 'gpp_b': 2.800940363375676e-05, 'gpp_d': 5.878566318396007, 'ign_k': 0.01474275315991467, 'ign_c': 111.18405953132105}.
[I 2026-08-06 02:16:46,714] Trial 281 finished with values: [10.702713969990057, 10.702713969990057] and parameters: {'k1': 0.021368329072358756, 'D_low': 730.952095351094, 'k2': 0.0001870742013766025, 'D_high': 43033.06161410616, 'fire_exp': 1.8713074096420792, 'P_half': 395.22208819061166, 'pre_dampen_half': 1.4445251022763053, 'gpp_af': 0.028585493941961918, 'gpp_b': 2.800940363375676e-05, 'gpp_d': 5.878566318396007, 'ign_k': 0.0467351899956275, 'ign_c': 0.773448215664679}.
[I 2026-08-06 02:16:47,653] Trial 282 finished with values: [-0.5011935757852507, 0.032801986855868215] and parameters: {'k1': 0.0016129739560722712, 'D_low': 334.62201030483817, 'k2': 0.0022957398214549472, 'D_high': 3660.150802571655, 'fire_exp': 1.3614924220931135, 'P_half': 5.15399351160314, 'pre_dampen_half': 5.542030950268268, 'gpp_af': 0.2343193755572473, 'gpp_b': 0.0004837646996135023, 'gpp_d': 0.6380717024176037, 'ign_k': 0.04563289369649656, 'ign_c': 0.1457050032975653}.
[I 2026-08-06 02:16:48,611] Trial 283 finished with values: [10.76768369137468, 10.76768369137468] and parameters: {'k1': 2.0937989739527727e-05, 'D_low': 2.3244932709566686, 'k2': 4.763991596630584e-05, 'D_high': 1687.3495104568947, 'fire_exp': 1.1044852285094786, 'P_half': 403.3495283157659, 'pre_dampen_half': 14.689898077648792, 'gpp_af': 0.0025511964576171086, 'gpp_b': 0.6637926838138378, 'gpp_d': 0.13223503889537183, 'ign_k': 3.7173717478250508, 'ign_c': 14.367095138664217}.
[I 2026-08-06 02:16:49,558] Trial 284 finished with values: [10.783660435463457, 10.783660435463457] and parameters: {'k1': 2.0937989739527727e-05, 'D_low': 175.2878790340412, 'k2': 0.04669327135003539, 'D_high': 3660.150802571655, 'fire_exp': 1.5201277403788451, 'P_half': 39.03214299767183, 'pre_dampen_half': 59.66041614891413, 'gpp_af': 0.2343193755572473, 'gpp_b': 3.228689523591491e-05, 'gpp_d': 0.19476644406315288, 'ign_k': 0.03141110271934876, 'ign_c': 0.11433485956638717}.
[I 2026-08-06 02:16:50,504] Trial 285 finished with values: [10.099990480214247, 10.099990480214247] and parameters: {'k1': 0.015602015889668856, 'D_low': 2.5379946629058443, 'k2': 3.5917714215176105e-05, 'D_high': 24939.838794891497, 'fire_exp': 1.182396148413737, 'P_half': 45.55085098454082, 'pre_dampen_half': 3.3594011166738142, 'gpp_af': 0.0025511964576171086, 'gpp_b': 3.228689523591491e-05, 'gpp_d': 0.04831624275180356, 'ign_k': 6.32338195106678, 'ign_c': 3.0378658251922155}.
[I 2026-08-06 02:16:51,468] Trial 286 finished with values: [10.669173901599894, 10.669173901599894] and parameters: {'k1': 0.0026651167490553537, 'D_low': 1.0883991813938128, 'k2': 0.08790311296857814, 'D_high': 4508.240502480678, 'fire_exp': 1.0117229084672894, 'P_half': 187.6006822030065, 'pre_dampen_half': 3.3594011166738142, 'gpp_af': 13.560863064135962, 'gpp_b': 0.1676789742547917, 'gpp_d': 0.13274681648778813, 'ign_k': 7.799059237255681, 'ign_c': 3.735862630812751}.
[I 2026-08-06 02:16:52,388] Trial 287 finished with values: [10.618490130297674, 10.618490130297674] and parameters: {'k1': 2.0937989739527727e-05, 'D_low': 164.70698221724317, 'k2': 0.02065142557895925, 'D_high': 75773.14388518519, 'fire_exp': 1.1044852285094786, 'P_half': 63.585411411994926, 'pre_dampen_half': 5.542030950268268, 'gpp_af': 0.028585493941961918, 'gpp_b': 2.800940363375676e-05, 'gpp_d': 1.6983565276584263, 'ign_k': 0.01474275315991467, 'ign_c': 0.5502140996950745}.
[I 2026-08-06 02:16:53,378] Trial 288 finished with values: [10.30475204818824, 10.30475204818824] and parameters: {'k1': 0.00488137519160367, 'D_low': 4.051452710153359, 'k2': 0.02065142557895925, 'D_high': 42.13183643253958, 'fire_exp': 1.1044852285094786, 'P_half': 147.09699119495133, 'pre_dampen_half': 304.7488318185732, 'gpp_af': 0.2343193755572473, 'gpp_b': 1.0714507872203791, 'gpp_d': 5.878566318396007, 'ign_k': 0.04563289369649656, 'ign_c': 0.1457050032975653}.
[I 2026-08-06 02:16:54,308] Trial 289 finished with values: [-0.5268897044082772, 0.0353366802848053] and parameters: {'k1': 0.021368329072358756, 'D_low': 1.54121727098019, 'k2': 4.763991596630584e-05, 'D_high': 31030.112026960956, 'fire_exp': 1.010722707674549, 'P_half': 39.03214299767183, 'pre_dampen_half': 3.3594011166738142, 'gpp_af': 4.582731702170249, 'gpp_b': 0.10123867001105968, 'gpp_d': 107.84642153666701, 'ign_k': 0.03141110271934876, 'ign_c': 34.19108473554449}.
[I 2026-08-06 02:16:55,241] Trial 290 finished with values: [10.76922858941831, 10.76922858941831] and parameters: {'k1': 3.252245757497282e-05, 'D_low': 4.075267974954964, 'k2': 0.0001870742013766025, 'D_high': 42.13183643253958, 'fire_exp': 4.55809493901026, 'P_half': 587.6331101080223, 'pre_dampen_half': 176.18878384527278, 'gpp_af': 20.12115544906385, 'gpp_b': 1.0714507872203791, 'gpp_d': 5.878566318396007, 'ign_k': 0.04563289369649656, 'ign_c': 0.1457050032975653}.
[I 2026-08-06 02:16:56,158] Trial 291 finished with values: [10.56165323469282, 10.56165323469282] and parameters: {'k1': 2.0937989739527727e-05, 'D_low': 9.330007965781027, 'k2': 0.0003607301614542842, 'D_high': 949.9072859745386, 'fire_exp': 1.2943117749495199, 'P_half': 403.3495283157659, 'pre_dampen_half': 703.6426675556048, 'gpp_af': 0.0025511964576171086, 'gpp_b': 0.00031478066835753096, 'gpp_d': 0.03848886303127135, 'ign_k': 0.01474275315991467, 'ign_c': 0.6235377135673155}.
[I 2026-08-06 02:16:57,104] Trial 292 finished with values: [10.027103412813949, 10.027103412813949] and parameters: {'k1': 0.021368329072358756, 'D_low': 18.522006003174383, 'k2': 3.5917714215176105e-05, 'D_high': 10316.033434719713, 'fire_exp': 1.6901885781909627, 'P_half': 51.10120656497163, 'pre_dampen_half': 14.689898077648792, 'gpp_af': 83.56239973758213, 'gpp_b': 0.0004837646996135023, 'gpp_d': 4.25060659305504, 'ign_k': 0.09071933427331372, 'ign_c': 0.773448215664679}.
[I 2026-08-06 02:16:58,056] Trial 293 finished with values: [11.913843575371086, 11.913843575371086] and parameters: {'k1': 0.00023134781612225627, 'D_low': 125.32726386250698, 'k2': 0.0001870742013766025, 'D_high': 32311.521854410956, 'fire_exp': 1.811096651915224, 'P_half': 7.670748914453766, 'pre_dampen_half': 121.93011993958949, 'gpp_af': 0.5970408652384318, 'gpp_b': 0.00040586522768905076, 'gpp_d': 3.57879245350232, 'ign_k': 0.002357279455676982, 'ign_c': 0.6235377135673155}.
[I 2026-08-06 02:16:59,033] Trial 294 finished with values: [-0.5371810785491504, 0.02204680371862422] and parameters: {'k1': 0.08926311370835228, 'D_low': 18.522006003174383, 'k2': 3.5917714215176105e-05, 'D_high': 1687.3495104568947, 'fire_exp': 1.010722707674549, 'P_half': 608.3019192425825, 'pre_dampen_half': 14.689898077648792, 'gpp_af': 0.2343193755572473, 'gpp_b': 0.1676789742547917, 'gpp_d': 39.827466658711515, 'ign_k': 3.7173717478250508, 'ign_c': 14.367095138664217}.
[I 2026-08-06 02:16:59,972] Trial 295 finished with values: [10.15166730100697, 10.15166730100697] and parameters: {'k1': 0.025383218374507292, 'D_low': 1.2299210465793122, 'k2': 4.763991596630584e-05, 'D_high': 400.9149428326862, 'fire_exp': 1.2680134752324452, 'P_half': 11.877073321543955, 'pre_dampen_half': 3.3594011166738142, 'gpp_af': 0.5107061330406066, 'gpp_b': 5.2308563179361105e-05, 'gpp_d': 891.8036602897795, 'ign_k': 5.9736167866478125, 'ign_c': 0.7724824966785973}.
[I 2026-08-06 02:17:00,905] Trial 296 finished with values: [12.79220586821059, 12.79220586821059] and parameters: {'k1': 0.002407354618388189, 'D_low': 125.32726386250698, 'k2': 0.0010204225357677778, 'D_high': 3660.150802571655, 'fire_exp': 1.2943117749495199, 'P_half': 1.3035590385085063, 'pre_dampen_half': 59.66041614891413, 'gpp_af': 10.25616274847308, 'gpp_b': 0.1676789742547917, 'gpp_d': 39.827466658711515, 'ign_k': 0.0048255892187380085, 'ign_c': 0.6235377135673155}.
[I 2026-08-06 02:17:02,021] Trial 297 finished with values: [-0.507432966584374, 0.03684239592785776] and parameters: {'k1': 2.0937989739527727e-05, 'D_low': 7.068974950624602, 'k2': 1.4378290221680118e-05, 'D_high': 24939.838794891497, 'fire_exp': 1.1044852285094786, 'P_half': 2.157758652553991, 'pre_dampen_half': 2.292633983096564, 'gpp_af': 0.028585493941961918, 'gpp_b': 2.800940363375676e-05, 'gpp_d': 5.878566318396007, 'ign_k': 0.18170401889219123, 'ign_c': 0.6235377135673155}.
[I 2026-08-06 02:17:03,143] Trial 298 finished with values: [-0.5312170560088049, 0.01910567739785718] and parameters: {'k1': 0.025383218374507292, 'D_low': 9.330007965781027, 'k2': 4.763991596630584e-05, 'D_high': 400.9149428326862, 'fire_exp': 1.0473002272689056, 'P_half': 664.2027816373393, 'pre_dampen_half': 14.689898077648792, 'gpp_af': 22.766850248686247, 'gpp_b': 0.10123867001105968, 'gpp_d': 39.827466658711515, 'ign_k': 3.7173717478250508, 'ign_c': 14.367095138664217}.
[I 2026-08-06 02:17:04,382] Trial 299 finished with values: [10.733840072087773, 10.733840072087773] and parameters: {'k1': 0.03232155805617897, 'D_low': 918.4900818511542, 'k2': 0.006138509947844854, 'D_high': 6455.595882939566, 'fire_exp': 2.2881850891698634, 'P_half': 14.94057723907974, 'pre_dampen_half': 3.3594011166738142, 'gpp_af': 13.560863064135962, 'gpp_b': 3.5603271368816607, 'gpp_d': 368.30088529547436, 'ign_k': 0.11101191524846071, 'ign_c': 10.140635645866492}.
[I 2026-08-06 02:17:05,590] Trial 300 finished with values: [10.632036363246675, 10.632036363246675] and parameters: {'k1': 0.015602015889668856, 'D_low': 918.4900818511542, 'k2': 3.5917714215176105e-05, 'D_high': 6455.595882939566, 'fire_exp': 2.2881850891698634, 'P_half': 45.55085098454082, 'pre_dampen_half': 14.689898077648792, 'gpp_af': 22.766850248686247, 'gpp_b': 0.10123867001105968, 'gpp_d': 39.827466658711515, 'ign_k': 0.11101191524846071, 'ign_c': 0.5275958618145121}.
[I 2026-08-06 02:17:06,569] Trial 301 finished with values: [10.767435470574187, 10.767435470574187] and parameters: {'k1': 0.0029707920514735983, 'D_low': 2.5379946629058443, 'k2': 0.0018697387216131526, 'D_high': 75773.14388518519, 'fire_exp': 1.1044852285094786, 'P_half': 63.585411411994926, 'pre_dampen_half': 33.9790424311127, 'gpp_af': 0.0025511964576171086, 'gpp_b': 3.1112132916681032, 'gpp_d': 857.4284557962634, 'ign_k': 0.03141110271934876, 'ign_c': 3.0378658251922155}.
[I 2026-08-06 02:17:07,511] Trial 302 finished with values: [10.044777896651865, 10.044777896651865] and parameters: {'k1': 2.0937989739527727e-05, 'D_low': 7.068974950624602, 'k2': 4.860905111373887e-05, 'D_high': 75773.14388518519, 'fire_exp': 1.1044852285094786, 'P_half': 63.585411411994926, 'pre_dampen_half': 1.4445251022763053, 'gpp_af': 0.028585493941961918, 'gpp_b': 2.800940363375676e-05, 'gpp_d': 5.878566318396007, 'ign_k': 0.01474275315991467, 'ign_c': 0.6235377135673155}.
[I 2026-08-06 02:17:08,485] Trial 303 finished with values: [10.769230739642792, 10.769230739642792] and parameters: {'k1': 0.0026651167490553537, 'D_low': 1.0883991813938128, 'k2': 0.02065142557895925, 'D_high': 13.670484737132345, 'fire_exp': 4.982189788294083, 'P_half': 63.585411411994926, 'pre_dampen_half': 5.542030950268268, 'gpp_af': 0.0025511964576171086, 'gpp_b': 0.00011783328148730701, 'gpp_d': 5.878566318396007, 'ign_k': 0.03141110271934876, 'ign_c': 47.268615251255675}.
[I 2026-08-06 02:17:09,416] Trial 304 finished with values: [-0.483511180275745, 0.046852523017053005] and parameters: {'k1': 0.0029707920514735983, 'D_low': 9.330007965781027, 'k2': 2.1698375693549493e-05, 'D_high': 949.9072859745386, 'fire_exp': 1.0473002272689056, 'P_half': 1938.3858782150498, 'pre_dampen_half': 33.9790424311127, 'gpp_af': 0.04339970334001348, 'gpp_b': 0.0006082667040432242, 'gpp_d': 857.4284557962634, 'ign_k': 0.03141110271934876, 'ign_c': 3.0378658251922155}.
[I 2026-08-06 02:17:10,408] Trial 305 finished with values: [10.76923076805719, 10.76923076805719] and parameters: {'k1': 0.04984077439553202, 'D_low': 175.2878790340412, 'k2': 3.5917714215176105e-05, 'D_high': 949.9072859745386, 'fire_exp': 9.355311339774135, 'P_half': 1.3035590385085063, 'pre_dampen_half': 1.6130673726933187, 'gpp_af': 0.04339970334001348, 'gpp_b': 0.1676789742547917, 'gpp_d': 39.827466658711515, 'ign_k': 0.005877005203443299, 'ign_c': 0.11433485956638717}.
[I 2026-08-06 02:17:11,342] Trial 306 finished with values: [10.764392652709795, 10.764392652709795] and parameters: {'k1': 0.025383218374507292, 'D_low': 125.32726386250698, 'k2': 0.02065142557895925, 'D_high': 267.3088310781672, 'fire_exp': 1.2943117749495199, 'P_half': 608.3019192425825, 'pre_dampen_half': 4.350163152436989, 'gpp_af': 22.766850248686247, 'gpp_b': 4.630191300782848, 'gpp_d': 5.878566318396007, 'ign_k': 1.2273800987852967, 'ign_c': 12.37061744238074}.
[I 2026-08-06 02:17:12,270] Trial 307 finished with values: [-0.4847733017992962, 0.11341272877877118] and parameters: {'k1': 2.0937989739527727e-05, 'D_low': 125.32726386250698, 'k2': 0.08894151386481904, 'D_high': 322.951013956506, 'fire_exp': 1.5201277403788451, 'P_half': 63.585411411994926, 'pre_dampen_half': 703.6426675556048, 'gpp_af': 10.25616274847308, 'gpp_b': 0.1676789742547917, 'gpp_d': 5.878566318396007, 'ign_k': 0.04563289369649656, 'ign_c': 0.6235377135673155}.
[I 2026-08-06 02:17:13,217] Trial 308 finished with values: [10.76923076805719, 10.76923076805719] and parameters: {'k1': 2.0937989739527727e-05, 'D_low': 125.32726386250698, 'k2': 0.0007886001704920403, 'D_high': 322.951013956506, 'fire_exp': 7.278512815051397, 'P_half': 51.10120656497163, 'pre_dampen_half': 703.6426675556048, 'gpp_af': 10.25616274847308, 'gpp_b': 1.1676061967213667, 'gpp_d': 5.878566318396007, 'ign_k': 0.01474275315991467, 'ign_c': 0.6235377135673155}.
[I 2026-08-06 02:17:14,150] Trial 309 finished with values: [10.16045200558755, 10.16045200558755] and parameters: {'k1': 0.014666151770108535, 'D_low': 1.2834648227562822, 'k2': 0.003967633935744858, 'D_high': 24939.838794891497, 'fire_exp': 1.2680134752324452, 'P_half': 187.6006822030065, 'pre_dampen_half': 3.3594011166738142, 'gpp_af': 13.560863064135962, 'gpp_b': 5.2308563179361105e-05, 'gpp_d': 300.3420512048734, 'ign_k': 0.0037322156377670697, 'ign_c': 3.735862630812751}.
[I 2026-08-06 02:17:15,099] Trial 310 finished with values: [10.162218970357106, 10.162218970357106] and parameters: {'k1': 0.03232155805617897, 'D_low': 18.89739291279832, 'k2': 0.0004381141781653133, 'D_high': 6455.595882939566, 'fire_exp': 2.2881850891698634, 'P_half': 403.3495283157659, 'pre_dampen_half': 111.37963167994629, 'gpp_af': 11.234842109991876, 'gpp_b': 1.5938003265859821, 'gpp_d': 368.30088529547436, 'ign_k': 0.01474275315991467, 'ign_c': 10.140635645866492}.
[I 2026-08-06 02:17:16,032] Trial 311 finished with values: [10.652553372910488, 10.652553372910488] and parameters: {'k1': 0.0029707920514735983, 'D_low': 2068.53034640896, 'k2': 0.0001870742013766025, 'D_high': 6366.1449945522045, 'fire_exp': 1.1044852285094786, 'P_half': 1938.3858782150498, 'pre_dampen_half': 7.6110013825922485, 'gpp_af': 20.12115544906385, 'gpp_b': 1.1008110571039521e-05, 'gpp_d': 5.878566318396007, 'ign_k': 0.03141110271934876, 'ign_c': 0.773448215664679}.
[I 2026-08-06 02:17:16,930] Trial 312 finished with values: [10.217418275702828, 10.217418275702828] and parameters: {'k1': 2.0937989739527727e-05, 'D_low': 968.2012086882471, 'k2': 4.860905111373887e-05, 'D_high': 75773.14388518519, 'fire_exp': 1.1044852285094786, 'P_half': 1.4061463985176637, 'pre_dampen_half': 1.4445251022763053, 'gpp_af': 0.028585493941961918, 'gpp_b': 0.000832333943844274, 'gpp_d': 5.878566318396007, 'ign_k': 0.01474275315991467, 'ign_c': 3.735862630812751}.
[I 2026-08-06 02:17:17,861] Trial 313 finished with values: [10.353083111956558, 10.353083111956558] and parameters: {'k1': 0.0016129739560722712, 'D_low': 432.21095215763245, 'k2': 2.5461628161276896e-05, 'D_high': 411.0848435021235, 'fire_exp': 1.3614924220931135, 'P_half': 242.70544179401307, 'pre_dampen_half': 121.93011993958949, 'gpp_af': 0.5970408652384318, 'gpp_b': 0.0004837646996135023, 'gpp_d': 28.312234265202243, 'ign_k': 0.002357279455676982, 'ign_c': 0.5110256715654393}.
[I 2026-08-06 02:17:18,762] Trial 314 finished with values: [-0.5061221736189712, 0.029784945572913002] and parameters: {'k1': 0.021368329072358756, 'D_low': 7.068974950624602, 'k2': 0.0499774937030317, 'D_high': 949.9072859745386, 'fire_exp': 1.0473002272689056, 'P_half': 39.03214299767183, 'pre_dampen_half': 1.4445251022763053, 'gpp_af': 0.028585493941961918, 'gpp_b': 3.228689523591491e-05, 'gpp_d': 5.878566318396007, 'ign_k': 0.0037322156377670697, 'ign_c': 34.19108473554449}.
