[I 2026-08-06 08:46:59,383] Trial 156 finished with values: [10.544050639739725, 10.544050639739725] and parameters: {'k1': 0.00488137519160367, 'D_low': 355.00125258511594, 'k2': 0.03538758864779238, 'D_high': 8182.111518618414, 'fire_exp': 1.695318866910499, 'P_half': 5.076307782729897, 'pre_dampen_half': 39.827466658711515, 'gpp_af': 0.6403036652671171, 'gpp_b': 1.5385046399532158e-05, 'gpp_d': 5.1715677287580455, 'ign_k': 0.010167079878196114, 'ign_c': 0.24989960578908887, 'trop_agb_crit': 1.0903028125370984, 'trop_k_veg': 1.0345878666211452}.
[I 2026-08-06 08:47:00,426] Trial 157 finished with values: [10.7036217136024, 10.7036217136024] and parameters: {'k1': 0.011966626407443505, 'D_low': 5.59983195169599, 'k2': 0.03538758864779238, 'D_high': 503.20593472868046, 'fire_exp': 3.936207012318799, 'P_half': 1.605843632310088, 'pre_dampen_half': 63.6685916079943, 'gpp_af': 0.6403036652671171, 'gpp_b': 0.0005392415140872105, 'gpp_d': 2.944272359149677, 'ign_k': 0.12329098365270515, 'ign_c': 8.40543912931368, 'trop_agb_crit': 6.119263728555865, 'trop_k_veg': 0.6743482387129308}.
[I 2026-08-06 08:47:01,548] Trial 158 finished with values: [10.719225793643064, 10.719225793643064] and parameters: {'k1': 0.07799059237255677, 'D_low': 5.59983195169599, 'k2': 6.069662445477729e-05, 'D_high': 3346.220103048382, 'fire_exp': 1.2611826901294014, 'P_half': 102.4585893986732, 'pre_dampen_half': 0.03751320096826995, 'gpp_af': 2.6003623362924237, 'gpp_b': 2.6738182964551835e-05, 'gpp_d': 40.950628944766926, 'ign_k': 0.004144296901136395, 'ign_c': 0.1239046892818203, 'trop_agb_crit': 6.119263728555865, 'trop_k_veg': 1.9799513595694562}.
[I 2026-08-06 08:47:02,715] Trial 159 finished with values: [10.76422957040719, 10.76422957040719] and parameters: {'k1': 2.316457903103837e-05, 'D_low': 520.4862686958022, 'k2': 0.014344484793173472, 'D_high': 503.20593472868046, 'fire_exp': 1.221575427404682, 'P_half': 9.324787201197319, 'pre_dampen_half': 0.03751320096826995, 'gpp_af': 1.1300566419249864, 'gpp_b': 0.0005392415140872105, 'gpp_d': 0.03805074835058821, 'ign_k': 0.0015276032303600073, 'ign_c': 0.14551749476072262, 'trop_agb_crit': 8.997007571451054, 'trop_k_veg': 3.49157152291552}.
[I 2026-08-06 08:47:04,058] Trial 160 finished with values: [10.769180900720789, 10.769180900720789] and parameters: {'k1': 0.00016480446427978953, 'D_low': 38.82837025280678, 'k2': 0.0005342937261279777, 'D_high': 8182.111518618414, 'fire_exp': 2.332293128354265, 'P_half': 338.23872019362165, 'pre_dampen_half': 38.00678588560607, 'gpp_af': 0.06789053271698488, 'gpp_b': 0.14577755664212386, 'gpp_d': 5.1715677287580455, 'ign_k': 0.010167079878196114, 'ign_c': 186.11194462546783, 'trop_agb_crit': 1.14876138417489, 'trop_k_veg': 2.573214588078609}.
[I 2026-08-06 08:47:05,134] Trial 161 finished with values: [10.731539504722518, 10.731539504722518] and parameters: {'k1': 0.012840669372724958, 'D_low': 355.00125258511594, 'k2': 0.0012040762895973265, 'D_high': 774.2116473996249, 'fire_exp': 1.3170256885255098, 'P_half': 712.8188058401365, 'pre_dampen_half': 63.6685916079943, 'gpp_af': 0.10409127568994281, 'gpp_b': 2.176805640408474e-05, 'gpp_d': 0.2204889335659561, 'ign_k': 0.12329098365270515, 'ign_c': 24.398964530167703, 'trop_agb_crit': 10.965064494899984, 'trop_k_veg': 0.6743482387129308}.
[I 2026-08-06 08:47:06,145] Trial 162 finished with values: [10.456764675172977, 10.456764675172977] and parameters: {'k1': 0.002155595057104387, 'D_low': 64.39790863101601, 'k2': 0.0007047307383115598, 'D_high': 3712.591045287726, 'fire_exp': 1.423480109671474, 'P_half': 220.3445560633069, 'pre_dampen_half': 502.5175192217655, 'gpp_af': 1.1409619915696267, 'gpp_b': 1.284284091405877e-05, 'gpp_d': 16.460426816350523, 'ign_k': 0.02172578929502367, 'ign_c': 18.219343937475102, 'trop_agb_crit': 10.691477813613638, 'trop_k_veg': 3.1473758868965476}.
[I 2026-08-06 08:47:07,237] Trial 163 finished with values: [10.750748100269641, 10.750748100269641] and parameters: {'k1': 0.011966626407443505, 'D_low': 355.00125258511594, 'k2': 0.03538758864779238, 'D_high': 645.2946500764235, 'fire_exp': 1.2611826901294014, 'P_half': 5.076307782729897, 'pre_dampen_half': 0.03751320096826995, 'gpp_af': 2.6003623362924237, 'gpp_b': 0.0005739662837359252, 'gpp_d': 8.057329182285729, 'ign_k': 0.004144296901136395, 'ign_c': 0.1239046892818203, 'trop_agb_crit': 1.0903028125370984, 'trop_k_veg': 0.5772603928610088}.
[I 2026-08-06 08:47:08,376] Trial 164 finished with values: [10.769230768938211, 10.769230768938211] and parameters: {'k1': 0.008912611835817005, 'D_low': 64.39790863101601, 'k2': 7.914423612155373e-05, 'D_high': 3712.591045287726, 'fire_exp': 5.90081778156971, 'P_half': 220.3445560633069, 'pre_dampen_half': 502.5175192217655, 'gpp_af': 0.7539992074650279, 'gpp_b': 3.083723329640506, 'gpp_d': 16.460426816350523, 'ign_k': 0.0680787482656459, 'ign_c': 33.81093273170848, 'trop_agb_crit': 1.0455434848969813, 'trop_k_veg': 3.1473758868965476}.
[I 2026-08-06 08:47:09,483] Trial 165 finished with values: [10.768401762876366, 10.768401762876366] and parameters: {'k1': 0.07537201787998425, 'D_low': 5.59983195169599, 'k2': 0.0032930213963426706, 'D_high': 503.20593472868046, 'fire_exp': 3.2181803496180783, 'P_half': 9.324787201197319, 'pre_dampen_half': 0.03751320096826995, 'gpp_af': 1.1300566419249864, 'gpp_b': 1.873606058421592e-05, 'gpp_d': 0.03805074835058821, 'ign_k': 0.0015276032303600073, 'ign_c': 1.228087486213536, 'trop_agb_crit': 18.3492792986878, 'trop_k_veg': 0.7848385206902946}.
[I 2026-08-06 08:47:10,574] Trial 166 finished with values: [10.756010492061822, 10.756010492061822] and parameters: {'k1': 3.23559867820537e-05, 'D_low': 2.6692731167228954, 'k2': 1.915468390724633e-05, 'D_high': 3712.591045287726, 'fire_exp': 1.695318866910499, 'P_half': 221.2683656611821, 'pre_dampen_half': 3.3841016089580034, 'gpp_af': 1.1409619915696267, 'gpp_b': 0.14577755664212386, 'gpp_d': 5.1715677287580455, 'ign_k': 5.351470428717437, 'ign_c': 15.221840161091626, 'trop_agb_crit': 24.584290528289387, 'trop_k_veg': 6.45312300188076}.
[I 2026-08-06 08:47:11,602] Trial 167 finished with values: [10.767905759195163, 10.767905759195163] and parameters: {'k1': 0.008287522363768155, 'D_low': 1112.9571947046009, 'k2': 0.03538758864779238, 'D_high': 774.2116473996249, 'fire_exp': 1.0629462657398439, 'P_half': 712.8188058401365, 'pre_dampen_half': 63.6685916079943, 'gpp_af': 0.6403036652671171, 'gpp_b': 3.481277316673104e-05, 'gpp_d': 150.14555442537656, 'ign_k': 0.0680787482656459, 'ign_c': 5.13055176058983, 'trop_agb_crit': 1.14876138417489, 'trop_k_veg': 0.6743482387129308}.
[I 2026-08-06 08:47:12,645] Trial 168 finished with values: [10.372364189255837, 10.372364189255837] and parameters: {'k1': 0.00488137519160367, 'D_low': 1.9977959434035766, 'k2': 8.923807143379776e-05, 'D_high': 61536.58035691648, 'fire_exp': 1.0362310858538248, 'P_half': 338.23872019362165, 'pre_dampen_half': 14.711215379121963, 'gpp_af': 68.11991466118579, 'gpp_b': 3.481277316673104e-05, 'gpp_d': 229.41380323183625, 'ign_k': 0.019192001101561888, 'ign_c': 0.557280750002996, 'trop_agb_crit': 1.14876138417489, 'trop_k_veg': 6.45312300188076}.
[I 2026-08-06 08:47:13,704] Trial 169 finished with values: [10.718815024661701, 10.718815024661701] and parameters: {'k1': 2.316457903103837e-05, 'D_low': 355.00125258511594, 'k2': 0.014344484793173472, 'D_high': 1578.0309954142967, 'fire_exp': 1.3170256885255098, 'P_half': 140.74279366401683, 'pre_dampen_half': 8.594202650742222, 'gpp_af': 5.335773317316405, 'gpp_b': 0.0005739662837359252, 'gpp_d': 2.944272359149677, 'ign_k': 0.01364908766641695, 'ign_c': 5.13055176058983, 'trop_agb_crit': 8.997007571451054, 'trop_k_veg': 3.49157152291552}.
[I 2026-08-06 08:47:14,762] Trial 170 finished with values: [10.711604532344156, 10.711604532344156] and parameters: {'k1': 0.011966626407443505, 'D_low': 520.4862686958022, 'k2': 6.069662445477729e-05, 'D_high': 1615.0602315370222, 'fire_exp': 1.221575427404682, 'P_half': 140.74279366401683, 'pre_dampen_half': 8.594202650742222, 'gpp_af': 5.335773317316405, 'gpp_b': 7.210246166617508e-05, 'gpp_d': 4.25060659305504, 'ign_k': 0.004144296901136395, 'ign_c': 81.80032418045731, 'trop_agb_crit': 6.119263728555865, 'trop_k_veg': 0.5772603928610088}.
[I 2026-08-06 08:47:15,806] Trial 171 finished with values: [10.739900476889323, 10.739900476889323] and parameters: {'k1': 0.06994589881535453, 'D_low': 12.105387404469584, 'k2': 0.003767022142229395, 'D_high': 431.45617043093523, 'fire_exp': 1.0601964743503993, 'P_half': 4.213183643253957, 'pre_dampen_half': 3.0023172465753074, 'gpp_af': 1.9706963379095486, 'gpp_b': 1.4540386644083135e-05, 'gpp_d': 0.12878367369717508, 'ign_k': 0.00840038491455979, 'ign_c': 0.1239046892818203, 'trop_agb_crit': 1.0693376406863295, 'trop_k_veg': 0.6673124511410327}.
[I 2026-08-06 08:47:16,848] Trial 172 finished with values: [10.431437278857619, 10.431437278857619] and parameters: {'k1': 0.008471801418819975, 'D_low': 12.105387404469584, 'k2': 1.1065812688893481e-05, 'D_high': 5670.3463356272905, 'fire_exp': 1.1430983876313219, 'P_half': 4.213183643253957, 'pre_dampen_half': 10.129197956845726, 'gpp_af': 3.4702669886504163, 'gpp_b': 1.3289448722869181e-05, 'gpp_d': 1.493264336549928, 'ign_k': 2.1368329072358767, 'ign_c': 11.400863701127316, 'trop_agb_crit': 7.500118950416987, 'trop_k_veg': 0.6673124511410327}.
[I 2026-08-06 08:47:17,889] Trial 173 finished with values: [10.616096137007524, 10.616096137007524] and parameters: {'k1': 0.002155595057104387, 'D_low': 1112.9571947046009, 'k2': 8.923807143379776e-05, 'D_high': 61536.58035691648, 'fire_exp': 1.423480109671474, 'P_half': 221.2683656611821, 'pre_dampen_half': 3.3841016089580034, 'gpp_af': 0.7539992074650279, 'gpp_b': 1.284284091405877e-05, 'gpp_d': 229.41380323183625, 'ign_k': 0.0680787482656459, 'ign_c': 0.557280750002996, 'trop_agb_crit': 1.14876138417489, 'trop_k_veg': 1.4584243470991722}.
[I 2026-08-06 08:47:18,997] Trial 174 finished with values: [10.745521354465813, 10.745521354465813] and parameters: {'k1': 0.06994589881535453, 'D_low': 4182.178526757453, 'k2': 6.069662445477729e-05, 'D_high': 18.942844905792818, 'fire_exp': 1.2611826901294014, 'P_half': 1.1827346017839087, 'pre_dampen_half': 0.029662981696401067, 'gpp_af': 3.4702669886504163, 'gpp_b': 1.3289448722869181e-05, 'gpp_d': 0.17061223263518377, 'ign_k': 2.1368329072358767, 'ign_c': 0.1239046892818203, 'trop_agb_crit': 15.961316409649486, 'trop_k_veg': 0.83140195149031}.
[I 2026-08-06 08:47:20,072] Trial 175 finished with values: [10.182448958333365, 10.182448958333365] and parameters: {'k1': 0.01889771394135163, 'D_low': 70.18267183720735, 'k2': 1.1065812688893481e-05, 'D_high': 2940.51756322311, 'fire_exp': 1.0601964743503993, 'P_half': 4.213183643253957, 'pre_dampen_half': 107.40052367919465, 'gpp_af': 1.9706963379095486, 'gpp_b': 0.0054502936945582505, 'gpp_d': 84.31013932082456, 'ign_k': 8.708806168038567, 'ign_c': 20.03995359361212, 'trop_agb_crit': 7.500118950416987, 'trop_k_veg': 6.9782110227926815}.
[I 2026-08-06 08:47:21,115] Trial 176 finished with values: [10.751365155337364, 10.751365155337364] and parameters: {'k1': 0.0007883068789768041, 'D_low': 2.4622754931226587, 'k2': 0.015763894361785387, 'D_high': 783.2259769732478, 'fire_exp': 1.4900535273878766, 'P_half': 54.37591736923918, 'pre_dampen_half': 0.9829324480069708, 'gpp_af': 1.200191344086032, 'gpp_b': 0.06464901394322495, 'gpp_d': 29.749683811098393, 'ign_k': 0.0315101491238403, 'ign_c': 31.874227118134094, 'trop_agb_crit': 5.535964054794066, 'trop_k_veg': 5.373862339436157}.
[I 2026-08-06 08:47:22,127] Trial 177 finished with values: [10.754689966989412, 10.754689966989412] and parameters: {'k1': 0.002367935204022389, 'D_low': 520.4862686958022, 'k2': 5.471218729342035e-05, 'D_high': 985.7545621889059, 'fire_exp': 2.100650708889295, 'P_half': 140.74279366401683, 'pre_dampen_half': 8.594202650742222, 'gpp_af': 5.335773317316405, 'gpp_b': 0.000429408684380145, 'gpp_d': 54.620376657085984, 'ign_k': 0.01364908766641695, 'ign_c': 2.8335389417624683, 'trop_agb_crit': 11.316283925181681, 'trop_k_veg': 2.4336356947036335}.
[I 2026-08-06 08:47:23,185] Trial 178 finished with values: [10.720765510429183, 10.720765510429183] and parameters: {'k1': 0.05778755734457457, 'D_low': 894.5150807271528, 'k2': 0.0016497426799845453, 'D_high': 61536.58035691648, 'fire_exp': 1.0362310858538248, 'P_half': 9.793184984206247, 'pre_dampen_half': 0.6023700815747873, 'gpp_af': 6.155035361040188, 'gpp_b': 0.01777482313117792, 'gpp_d': 0.03805074835058821, 'ign_k': 5.351470428717437, 'ign_c': 0.14551749476072262, 'trop_agb_crit': 7.444615346113405, 'trop_k_veg': 1.3602724017812755}.
[I 2026-08-06 08:47:24,246] Trial 179 finished with values: [10.72422603988108, 10.72422603988108] and parameters: {'k1': 0.016780508579130986, 'D_low': 1228.2126524008484, 'k2': 5.471218729342035e-05, 'D_high': 68.76972589957657, 'fire_exp': 1.2918065501148304, 'P_half': 93.43302657318476, 'pre_dampen_half': 12.338826503601998, 'gpp_af': 0.10409127568994281, 'gpp_b': 2.176805640408474e-05, 'gpp_d': 54.620376657085984, 'ign_k': 0.0029519227433917453, 'ign_c': 30.28574109895626, 'trop_agb_crit': 10.965064494899984, 'trop_k_veg': 2.520089655463604}.
[I 2026-08-06 08:47:25,321] Trial 180 finished with values: [10.736927831321484, 10.736927831321484] and parameters: {'k1': 0.06598741607403362, 'D_low': 94.99072859745384, 'k2': 6.069662445477729e-05, 'D_high': 1578.0309954142967, 'fire_exp': 2.627846918579106, 'P_half': 9.793184984206247, 'pre_dampen_half': 0.5682966065442918, 'gpp_af': 2.6003623362924237, 'gpp_b': 7.210246166617508e-05, 'gpp_d': 0.3934396739328545, 'ign_k': 0.29707920514735997, 'ign_c': 0.1239046892818203, 'trop_agb_crit': 18.3492792986878, 'trop_k_veg': 1.0923378209074766}.
[I 2026-08-06 08:47:26,359] Trial 181 finished with values: [10.752005132780074, 10.752005132780074] and parameters: {'k1': 0.0007883068789768041, 'D_low': 2.4622754931226587, 'k2': 6.069662445477729e-05, 'D_high': 1615.0602315370222, 'fire_exp': 1.4900535273878766, 'P_half': 54.37591736923918, 'pre_dampen_half': 0.03751320096826995, 'gpp_af': 1.200191344086032, 'gpp_b': 1.319554058182653e-05, 'gpp_d': 8.057329182285729, 'ign_k': 0.0315101491238403, 'ign_c': 31.874227118134094, 'trop_agb_crit': 6.119263728555865, 'trop_k_veg': 0.5772603928610088}.
[I 2026-08-06 08:47:27,462] Trial 182 finished with values: [10.755528269461019, 10.755528269461019] and parameters: {'k1': 0.004312951023617458, 'D_low': 1112.9571947046009, 'k2': 0.00025255166452944054, 'D_high': 2289.1315306837046, 'fire_exp': 2.467425479508436, 'P_half': 56.22114524476698, 'pre_dampen_half': 502.5175192217655, 'gpp_af': 0.7539992074650279, 'gpp_b': 0.012132126638791128, 'gpp_d': 150.14555442537656, 'ign_k': 0.038563028138793747, 'ign_c': 0.557280750002996, 'trop_agb_crit': 18.785197416433792, 'trop_k_veg': 1.4584243470991722}.
[I 2026-08-06 08:47:28,546] Trial 183 finished with values: [10.769220137669047, 10.769220137669047] and parameters: {'k1': 0.004312951023617458, 'D_low': 5.6556775246185085, 'k2': 0.0032930213963426706, 'D_high': 259.06510073644523, 'fire_exp': 3.83403534181858, 'P_half': 220.3445560633069, 'pre_dampen_half': 8.347790852520644, 'gpp_af': 0.7539992074650279, 'gpp_b': 0.0021331409710300844, 'gpp_d': 0.028701881471957017, 'ign_k': 0.0680787482656459, 'ign_c': 15.221840161091626, 'trop_agb_crit': 4.710426964286611, 'trop_k_veg': 0.7848385206902946}.
[I 2026-08-06 08:47:29,622] Trial 184 finished with values: [10.662639167437339, 10.662639167437339] and parameters: {'k1': 0.04669327135003539, 'D_low': 3.525936800597896, 'k2': 1.1065812688893481e-05, 'D_high': 63233.81951066786, 'fire_exp': 1.0362310858538248, 'P_half': 4.213183643253957, 'pre_dampen_half': 0.2888838362365318, 'gpp_af': 1.9706963379095486, 'gpp_b': 0.01777482313117792, 'gpp_d': 1.6983565276584263, 'ign_k': 5.351470428717437, 'ign_c': 3.470490935437501, 'trop_agb_crit': 7.500118950416987, 'trop_k_veg': 0.6673124511410327}.
[I 2026-08-06 08:47:30,714] Trial 185 finished with values: [10.769227042967497, 10.769227042967497] and parameters: {'k1': 0.03635503353478365, 'D_low': 64.39790863101601, 'k2': 0.012758211164590085, 'D_high': 2940.51756322311, 'fire_exp': 1.0629462657398439, 'P_half': 5.502140996950745, 'pre_dampen_half': 502.5175192217655, 'gpp_af': 0.1476584299248268, 'gpp_b': 3.083723329640506, 'gpp_d': 16.460426816350523, 'ign_k': 8.708806168038567, 'ign_c': 33.81093273170848, 'trop_agb_crit': 1.0455434848969813, 'trop_k_veg': 3.1473758868965476}.
[I 2026-08-06 08:47:31,741] Trial 186 finished with values: [10.769214547474121, 10.769214547474121] and parameters: {'k1': 0.008912611835817005, 'D_low': 4182.178526757453, 'k2': 7.914423612155373e-05, 'D_high': 3712.591045287726, 'fire_exp': 1.2611826901294014, 'P_half': 147.09699119495133, 'pre_dampen_half': 0.029662981696401067, 'gpp_af': 2.6003623362924237, 'gpp_b': 3.083723329640506, 'gpp_d': 16.460426816350523, 'ign_k': 0.0680787482656459, 'ign_c': 33.81093273170848, 'trop_agb_crit': 15.961316409649486, 'trop_k_veg': 3.1473758868965476}.
[I 2026-08-06 08:47:32,800] Trial 187 finished with values: [10.541326972579377, 10.541326972579377] and parameters: {'k1': 0.002155595057104387, 'D_low': 40.12413353131991, 'k2': 0.0007047307383115598, 'D_high': 61536.58035691648, 'fire_exp': 1.221575427404682, 'P_half': 140.74279366401683, 'pre_dampen_half': 8.594202650742222, 'gpp_af': 5.335773317316405, 'gpp_b': 1.284284091405877e-05, 'gpp_d': 0.043441170039664925, 'ign_k': 5.351470428717437, 'ign_c': 2.8335389417624683, 'trop_agb_crit': 10.691477813613638, 'trop_k_veg': 2.4336356947036335}.
[I 2026-08-06 08:47:33,845] Trial 188 finished with values: [10.76919830597167, 10.76919830597167] and parameters: {'k1': 0.00010758866306767925, 'D_low': 171.2446447678494, 'k2': 0.018573288333114862, 'D_high': 1662.6592254031873, 'fire_exp': 1.2918065501148304, 'P_half': 93.43302657318476, 'pre_dampen_half': 0.011396414164620812, 'gpp_af': 0.2204465010099918, 'gpp_b': 1.7285224131410484, 'gpp_d': 0.03927259340973166, 'ign_k': 0.8489840783024065, 'ign_c': 0.12510188850164433, 'trop_agb_crit': 12.647327018493208, 'trop_k_veg': 6.014484292180484}.
[I 2026-08-06 08:47:34,924] Trial 189 finished with values: [10.71400842170003, 10.71400842170003] and parameters: {'k1': 0.016780508579130986, 'D_low': 984.098934375832, 'k2': 0.0007047307383115598, 'D_high': 61536.58035691648, 'fire_exp': 2.100650708889295, 'P_half': 221.2683656611821, 'pre_dampen_half': 0.1875872314533727, 'gpp_af': 2.555721998081808, 'gpp_b': 0.0004408910919257112, 'gpp_d': 54.620376657085984, 'ign_k': 0.1647069822172432, 'ign_c': 3.470490935437501, 'trop_agb_crit': 10.691477813613638, 'trop_k_veg': 5.982827017670783}.
[I 2026-08-06 08:47:36,000] Trial 190 finished with values: [10.638532812115098, 10.638532812115098] and parameters: {'k1': 0.05778755734457457, 'D_low': 1683.621997588799, 'k2': 0.0007047307383115598, 'D_high': 61536.58035691648, 'fire_exp': 1.0362310858538248, 'P_half': 1.1827346017839087, 'pre_dampen_half': 0.029662981696401067, 'gpp_af': 2.6003623362924237, 'gpp_b': 2.6738182964551835e-05, 'gpp_d': 0.3934396739328545, 'ign_k': 5.351470428717437, 'ign_c': 3.470490935437501, 'trop_agb_crit': 15.961316409649486, 'trop_k_veg': 1.0923378209074766}.
[I 2026-08-06 08:47:37,044] Trial 191 finished with values: [10.769223335783913, 10.769223335783913] and parameters: {'k1': 0.008912611835817005, 'D_low': 64.39790863101601, 'k2': 7.914423612155373e-05, 'D_high': 3712.591045287726, 'fire_exp': 1.165368636520435, 'P_half': 12.808863354047988, 'pre_dampen_half': 502.5175192217655, 'gpp_af': 0.7539992074650279, 'gpp_b': 3.083723329640506, 'gpp_d': 16.460426816350523, 'ign_k': 8.708806168038567, 'ign_c': 33.81093273170848, 'trop_agb_crit': 3.5747129226002423, 'trop_k_veg': 6.9782110227926815}.
[I 2026-08-06 08:47:38,120] Trial 192 finished with values: [10.751232484022658, 10.751232484022658] and parameters: {'k1': 0.00031134168041628584, 'D_low': 4.484744524732794, 'k2': 1.915468390724633e-05, 'D_high': 4316.517111160399, 'fire_exp': 1.695318866910499, 'P_half': 587.6331101080223, 'pre_dampen_half': 38.00678588560607, 'gpp_af': 0.060029341913968644, 'gpp_b': 1.4540386644083135e-05, 'gpp_d': 5.1715677287580455, 'ign_k': 0.010167079878196114, 'ign_c': 48.704711413416454, 'trop_agb_crit': 24.584290528289387, 'trop_k_veg': 2.4336356947036335}.
[I 2026-08-06 08:47:39,195] Trial 193 finished with values: [10.743330787222943, 10.743330787222943] and parameters: {'k1': 0.008287522363768155, 'D_low': 355.00125258511594, 'k2': 0.03538758864779238, 'D_high': 774.2116473996249, 'fire_exp': 1.3170256885255098, 'P_half': 712.8188058401365, 'pre_dampen_half': 63.6685916079943, 'gpp_af': 0.6403036652671171, 'gpp_b': 0.42247700890263645, 'gpp_d': 176.18878384527278, 'ign_k': 0.12329098365270515, 'ign_c': 5.13055176058983, 'trop_agb_crit': 1.0903028125370984, 'trop_k_veg': 0.6743482387129308}.
[I 2026-08-06 08:47:40,301] Trial 194 finished with values: [10.756003794571717, 10.756003794571717] and parameters: {'k1': 0.002155595057104387, 'D_low': 355.00125258511594, 'k2': 0.03538758864779238, 'D_high': 99.69469187531809, 'fire_exp': 1.3170256885255098, 'P_half': 220.3445560633069, 'pre_dampen_half': 63.6685916079943, 'gpp_af': 0.2799785875247786, 'gpp_b': 0.0005739662837359252, 'gpp_d': 2.944272359149677, 'ign_k': 0.02172578929502367, 'ign_c': 5.13055176058983, 'trop_agb_crit': 1.0903028125370984, 'trop_k_veg': 3.1473758868965476}.
