[I 2026-07-22 18:51:39,776] Trial 1364 finished with values: [-0.6601142665870608, 0.15230254536421628] and parameters: {'k1': 0.0003199177539819797, 'D_low': 1.7887890916820506, 'k2': 0.0007081721844034209, 'D_high': 316055.11434645456, 'fire_exp': 8.791426299948917, 'P_half': 7.890004262668578, 'pre_dampen_half': 33.71909132517388, 'gpp_af': 0.015350904103515228, 'gpp_b': 3.936122422430193e-05, 'gpp_d': 6.91394869865762, 'ign_k': 3.284529979576942, 'ign_c': 1.0412771143213733, 'trop_agb_crit': 4.626185073645362, 'trop_k_veg': 1.7428926895756522, 'fuel_k': 3.6992394681929355, 'fuel_half': 81.87941582538087}.
[I 2026-07-22 18:51:40,204] Trial 1365 finished with values: [10.804039805724612, 10.804039805724612] and parameters: {'k1': 0.052334804885400876, 'D_low': 1.7887890916820506, 'k2': 0.002342238625792905, 'D_high': 580966.5602369158, 'fire_exp': 3.9865235442286613, 'P_half': 2.843767489444367, 'pre_dampen_half': 33.71909132517388, 'gpp_af': 0.015350904103515228, 'gpp_b': 1.7565109007473816e-05, 'gpp_d': 0.6445631395722565, 'ign_k': 0.8015297379101401, 'ign_c': 14.452451441203314, 'trop_agb_crit': 10.719494362768906, 'trop_k_veg': 2.417028380770307, 'fuel_k': 3.6992394681929355, 'fuel_half': 81.87941582538087}.
[I 2026-07-22 18:51:40,630] Trial 1366 finished with values: [11.062037731346141, 11.062037731346141] and parameters: {'k1': 0.0029282035181080004, 'D_low': 126.11058927054879, 'k2': 0.001566517163094646, 'D_high': 708572.1663941594, 'fire_exp': 1.1258453832483524, 'P_half': 9.324787201197319, 'pre_dampen_half': 3.9885726374014694, 'gpp_af': 0.25562996323356013, 'gpp_b': 0.006838488643537398, 'gpp_d': 700.6693992445935, 'ign_k': 0.5131654955148324, 'ign_c': 11.40086370112731, 'trop_agb_crit': 17.530135633155123, 'trop_k_veg': 0.6921865222804094, 'fuel_k': 0.48736180483849406, 'fuel_half': 0.3335026483569958}.
[I 2026-07-22 18:51:41,056] Trial 1367 finished with values: [10.769229538789407, 10.769229538789407] and parameters: {'k1': 0.0003199177539819797, 'D_low': 7.109383445138647, 'k2': 0.0007081721844034209, 'D_high': 18.78851574285102, 'fire_exp': 8.791426299948917, 'P_half': 7.890004262668578, 'pre_dampen_half': 33.71909132517388, 'gpp_af': 0.015350904103515228, 'gpp_b': 1.7565109007473816e-05, 'gpp_d': 6.91394869865762, 'ign_k': 0.8015297379101401, 'ign_c': 11.40086370112731, 'trop_agb_crit': 10.719494362768906, 'trop_k_veg': 1.7428926895756522, 'fuel_k': 3.7875356197077763, 'fuel_half': 81.87941582538087}.
[I 2026-07-22 18:51:41,482] Trial 1368 finished with values: [-0.5873164468652516, 0.16258009462482748] and parameters: {'k1': 0.052334804885400876, 'D_low': 864.0717009254879, 'k2': 0.0009562822793888481, 'D_high': 1681956.433827372, 'fire_exp': 3.313658135010505, 'P_half': 7.890004262668578, 'pre_dampen_half': 3.9885726374014694, 'gpp_af': 0.0025511964576171086, 'gpp_b': 1.1698276136056565e-05, 'gpp_d': 12.151631524283598, 'ign_k': 0.5670346335627292, 'ign_c': 3.0378658251922155, 'trop_agb_crit': 15.35205868174982, 'trop_k_veg': 0.5415365826598848, 'fuel_k': 0.018207179480706392, 'fuel_half': 81.87941582538087}.
[I 2026-07-22 18:51:41,906] Trial 1369 finished with values: [10.769228873355914, 10.769228873355914] and parameters: {'k1': 3.631586476779822e-05, 'D_low': 1.7887890916820506, 'k2': 0.0007081721844034209, 'D_high': 458.0214810546628, 'fire_exp': 9.365537149934127, 'P_half': 2.843767489444367, 'pre_dampen_half': 33.71909132517388, 'gpp_af': 0.015350904103515228, 'gpp_b': 3.936122422430193e-05, 'gpp_d': 6.91394869865762, 'ign_k': 0.8015297379101401, 'ign_c': 11.40086370112731, 'trop_agb_crit': 9.362115196011851, 'trop_k_veg': 1.7428926895756522, 'fuel_k': 3.6992394681929355, 'fuel_half': 81.87941582538087}.
[I 2026-07-22 18:51:42,338] Trial 1370 finished with values: [-0.7420620206498206, 0.12561602531466898] and parameters: {'k1': 0.052334804885400876, 'D_low': 8454.098152188677, 'k2': 0.00021153782194224395, 'D_high': 708572.1663941594, 'fire_exp': 8.791426299948917, 'P_half': 7.890004262668578, 'pre_dampen_half': 3.9885726374014694, 'gpp_af': 0.015350904103515228, 'gpp_b': 1.1698276136056565e-05, 'gpp_d': 6.91394869865762, 'ign_k': 4.59148521674054, 'ign_c': 6.1609752947414345, 'trop_agb_crit': 5.707205898008383, 'trop_k_veg': 1.7428926895756522, 'fuel_k': 3.7875356197077763, 'fuel_half': 0.3335026483569958}.
[I 2026-07-22 18:51:42,771] Trial 1371 finished with values: [10.745644646430465, 10.745644646430465] and parameters: {'k1': 0.0003199177539819797, 'D_low': 1.7887890916820506, 'k2': 0.0007081721844034209, 'D_high': 4264115.018815137, 'fire_exp': 8.791426299948917, 'P_half': 7.890004262668578, 'pre_dampen_half': 33.71909132517388, 'gpp_af': 0.25716110934596487, 'gpp_b': 0.00011201820858026725, 'gpp_d': 6.91394869865762, 'ign_k': 0.03141110271934876, 'ign_c': 6.1609752947414345, 'trop_agb_crit': 10.719494362768906, 'trop_k_veg': 2.1085323608231485, 'fuel_k': 0.035058158957889, 'fuel_half': 81.87941582538087}.
[I 2026-07-22 18:51:43,194] Trial 1372 finished with values: [15.471677704135024, 15.471677704135024] and parameters: {'k1': 0.0003199177539819797, 'D_low': 1.7887890916820506, 'k2': 0.0007081721844034209, 'D_high': 4264115.018815137, 'fire_exp': 2.0165721691808587, 'P_half': 7.890004262668578, 'pre_dampen_half': 33.71909132517388, 'gpp_af': 0.25562996323356013, 'gpp_b': 0.0054502936945582505, 'gpp_d': 6.91394869865762, 'ign_k': 0.8015297379101401, 'ign_c': 6.1609752947414345, 'trop_agb_crit': 20.205002815711154, 'trop_k_veg': 1.7428926895756522, 'fuel_k': 3.6992394681929355, 'fuel_half': 0.3335026483569958}.
[I 2026-07-22 18:51:43,618] Trial 1373 finished with values: [10.75341491190107, 10.75341491190107] and parameters: {'k1': 0.052334804885400876, 'D_low': 8454.098152188677, 'k2': 2.1698375693549493e-05, 'D_high': 708572.1663941594, 'fire_exp': 1.1258453832483524, 'P_half': 7.890004262668578, 'pre_dampen_half': 3.9885726374014694, 'gpp_af': 0.0025386125063826667, 'gpp_b': 0.046204090565793, 'gpp_d': 1.050978521342778, 'ign_k': 0.03141110271934876, 'ign_c': 14.452451441203314, 'trop_agb_crit': 5.707205898008383, 'trop_k_veg': 2.1085323608231485, 'fuel_k': 1.1820218758583807, 'fuel_half': 0.3335026483569958}.
[I 2026-07-22 18:51:44,038] Trial 1374 finished with values: [10.244685881187934, 10.244685881187934] and parameters: {'k1': 0.006033623633620595, 'D_low': 13120.886542273083, 'k2': 0.00013265782180694696, 'D_high': 582349.8764421467, 'fire_exp': 1.2242398136753672, 'P_half': 7.890004262668578, 'pre_dampen_half': 33.71909132517388, 'gpp_af': 0.015350904103515228, 'gpp_b': 0.00017456431583038663, 'gpp_d': 9.00460602264307, 'ign_k': 3.284529979576942, 'ign_c': 6.1609752947414345, 'trop_agb_crit': 9.362115196011851, 'trop_k_veg': 2.1085323608231485, 'fuel_k': 0.08612665817296865, 'fuel_half': 0.3335026483569958}.
[I 2026-07-22 18:51:44,461] Trial 1375 finished with values: [-0.6898053161693527, 0.06633750183049913] and parameters: {'k1': 0.003454058352359339, 'D_low': 864.0717009254879, 'k2': 0.0011649050119023644, 'D_high': 1681956.433827372, 'fire_exp': 3.313658135010505, 'P_half': 7.890004262668578, 'pre_dampen_half': 26.373339933815235, 'gpp_af': 0.015350904103515228, 'gpp_b': 0.002407352334224724, 'gpp_d': 9.00460602264307, 'ign_k': 3.284529979576942, 'ign_c': 11.40086370112731, 'trop_agb_crit': 15.35205868174982, 'trop_k_veg': 0.5415365826598848, 'fuel_k': 1.2528108647479208, 'fuel_half': 0.3335026483569958}.
[I 2026-07-22 18:51:44,886] Trial 1376 finished with values: [10.114265759058434, 10.114265759058434] and parameters: {'k1': 0.00016480446427978953, 'D_low': 8454.098152188677, 'k2': 1.895375973243287e-05, 'D_high': 887331.2884015184, 'fire_exp': 4.537118316663781, 'P_half': 1.0520180629652964, 'pre_dampen_half': 33.71909132517388, 'gpp_af': 0.25562996323356013, 'gpp_b': 0.0054502936945582505, 'gpp_d': 700.6693992445935, 'ign_k': 3.284529979576942, 'ign_c': 6.1609752947414345, 'trop_agb_crit': 17.530135633155123, 'trop_k_veg': 1.7428926895756522, 'fuel_k': 0.03625926890059622, 'fuel_half': 0.32476735706274484}.
[I 2026-07-22 18:51:45,304] Trial 1377 finished with values: [-0.7083009143698863, 0.07480494973998464] and parameters: {'k1': 0.00016480446427978953, 'D_low': 126.11058927054879, 'k2': 0.001566517163094646, 'D_high': 316055.11434645456, 'fire_exp': 3.2181803496180783, 'P_half': 7.890004262668578, 'pre_dampen_half': 33.71909132517388, 'gpp_af': 0.12243451886824051, 'gpp_b': 0.01736771891291939, 'gpp_d': 700.6693992445935, 'ign_k': 3.284529979576942, 'ign_c': 11.40086370112731, 'trop_agb_crit': 17.530135633155123, 'trop_k_veg': 1.7428926895756522, 'fuel_k': 0.5400268568058665, 'fuel_half': 0.32476735706274484}.
[I 2026-07-22 18:51:45,729] Trial 1378 finished with values: [11.508532351616365, 11.508532351616365] and parameters: {'k1': 0.052334804885400876, 'D_low': 126.11058927054879, 'k2': 0.001566517163094646, 'D_high': 316055.11434645456, 'fire_exp': 3.2181803496180783, 'P_half': 7.890004262668578, 'pre_dampen_half': 3.9885726374014694, 'gpp_af': 0.12243451886824051, 'gpp_b': 3.936122422430193e-05, 'gpp_d': 6.91394869865762, 'ign_k': 0.5131654955148324, 'ign_c': 11.40086370112731, 'trop_agb_crit': 17.530135633155123, 'trop_k_veg': 1.7428926895756522, 'fuel_k': 3.6992394681929355, 'fuel_half': 0.32476735706274484}.
[I 2026-07-22 18:51:46,152] Trial 1379 finished with values: [10.246487017399884, 10.246487017399884] and parameters: {'k1': 0.0003199177539819797, 'D_low': 1.7887890916820506, 'k2': 1.895375973243287e-05, 'D_high': 316055.11434645456, 'fire_exp': 8.791426299948917, 'P_half': 7.890004262668578, 'pre_dampen_half': 3.9885726374014694, 'gpp_af': 0.015350904103515228, 'gpp_b': 1.1116912717713166e-05, 'gpp_d': 1.050978521342778, 'ign_k': 0.8015297379101401, 'ign_c': 0.7520993899473574, 'trop_agb_crit': 12.324775650896964, 'trop_k_veg': 2.1085323608231485, 'fuel_k': 0.4748757752313696, 'fuel_half': 0.3335026483569958}.
[I 2026-07-22 18:51:46,584] Trial 1380 finished with values: [-0.6777926224970641, 0.14668521162975778] and parameters: {'k1': 0.0003199177539819797, 'D_low': 1.7887890916820506, 'k2': 0.0007081721844034209, 'D_high': 316055.11434645456, 'fire_exp': 8.791426299948917, 'P_half': 7.890004262668578, 'pre_dampen_half': 33.71909132517388, 'gpp_af': 0.015350904103515228, 'gpp_b': 3.228689523591491e-05, 'gpp_d': 6.91394869865762, 'ign_k': 3.284529979576942, 'ign_c': 6.1609752947414345, 'trop_agb_crit': 10.719494362768906, 'trop_k_veg': 1.7428926895756522, 'fuel_k': 3.6992394681929355, 'fuel_half': 81.87941582538087}.
[I 2026-07-22 18:51:47,016] Trial 1381 finished with values: [-0.6529189856120822, 0.11892586469059074] and parameters: {'k1': 0.052334804885400876, 'D_low': 8454.098152188677, 'k2': 1.895375973243287e-05, 'D_high': 708572.1663941594, 'fire_exp': 2.0165721691808587, 'P_half': 2.843767489444367, 'pre_dampen_half': 3.9885726374014694, 'gpp_af': 0.0025386125063826667, 'gpp_b': 1.1698276136056565e-05, 'gpp_d': 1.050978521342778, 'ign_k': 0.5131654955148324, 'ign_c': 14.452451441203314, 'trop_agb_crit': 5.707205898008383, 'trop_k_veg': 2.3408809609838257, 'fuel_k': 0.03625926890059622, 'fuel_half': 0.3335026483569958}.
[I 2026-07-22 18:51:47,448] Trial 1382 finished with values: [10.768462970002668, 10.768462970002668] and parameters: {'k1': 1.4024437456478637e-05, 'D_low': 1.7887890916820506, 'k2': 0.001566517163094646, 'D_high': 708572.1663941594, 'fire_exp': 8.824663358577489, 'P_half': 7.890004262668578, 'pre_dampen_half': 3.9885726374014694, 'gpp_af': 0.015350904103515228, 'gpp_b': 0.0054502936945582505, 'gpp_d': 700.6693992445935, 'ign_k': 4.59148521674054, 'ign_c': 6.1609752947414345, 'trop_agb_crit': 20.205002815711154, 'trop_k_veg': 0.6921865222804094, 'fuel_k': 0.03625926890059622, 'fuel_half': 1.3843950013804345}.
[I 2026-07-22 18:51:47,885] Trial 1383 finished with values: [-0.6342754510298154, 0.1313321078786459] and parameters: {'k1': 0.0029282035181080004, 'D_low': 4.447894982964895, 'k2': 0.020149789847008874, 'D_high': 316055.11434645456, 'fire_exp': 1.2242398136753672, 'P_half': 7.890004262668578, 'pre_dampen_half': 0.4016986062226068, 'gpp_af': 0.12243451886824051, 'gpp_b': 0.0056942858615488725, 'gpp_d': 12.151631524283598, 'ign_k': 0.5131654955148324, 'ign_c': 3.0378658251922155, 'trop_agb_crit': 17.530135633155123, 'trop_k_veg': 2.417028380770307, 'fuel_k': 0.48736180483849406, 'fuel_half': 0.32476735706274484}.
[I 2026-07-22 18:51:48,318] Trial 1384 finished with values: [10.183387927438748, 10.183387927438748] and parameters: {'k1': 0.00016480446427978953, 'D_low': 13120.886542273083, 'k2': 0.001566517163094646, 'D_high': 316055.11434645456, 'fire_exp': 1.173927153460853, 'P_half': 7.890004262668578, 'pre_dampen_half': 33.71909132517388, 'gpp_af': 0.015350904103515228, 'gpp_b': 0.00011201820858026725, 'gpp_d': 6.91394869865762, 'ign_k': 0.03141110271934876, 'ign_c': 6.1609752947414345, 'trop_agb_crit': 17.530135633155123, 'trop_k_veg': 2.1085323608231485, 'fuel_k': 0.5400268568058665, 'fuel_half': 0.32476735706274484}.
[I 2026-07-22 18:51:48,763] Trial 1385 finished with values: [-0.6614634294663942, 0.11346006784732188] and parameters: {'k1': 0.003242143344038315, 'D_low': 126.11058927054879, 'k2': 0.001566517163094646, 'D_high': 316055.11434645456, 'fire_exp': 1.2242398136753672, 'P_half': 7.890004262668578, 'pre_dampen_half': 0.46504594134732663, 'gpp_af': 0.12243451886824051, 'gpp_b': 0.0056942858615488725, 'gpp_d': 12.151631524283598, 'ign_k': 0.5131654955148324, 'ign_c': 6.1609752947414345, 'trop_agb_crit': 10.719494362768906, 'trop_k_veg': 2.417028380770307, 'fuel_k': 0.5400268568058665, 'fuel_half': 0.3335026483569958}.
[I 2026-07-22 18:51:49,204] Trial 1386 finished with values: [10.69473638739911, 10.69473638739911] and parameters: {'k1': 0.052334804885400876, 'D_low': 8454.098152188677, 'k2': 1.895375973243287e-05, 'D_high': 316055.11434645456, 'fire_exp': 3.9865235442286613, 'P_half': 51.61767747867285, 'pre_dampen_half': 3.9885726374014694, 'gpp_af': 0.015350904103515228, 'gpp_b': 3.936122422430193e-05, 'gpp_d': 9.00460602264307, 'ign_k': 0.03141110271934876, 'ign_c': 14.452451441203314, 'trop_agb_crit': 5.707205898008383, 'trop_k_veg': 1.6906991445093917, 'fuel_k': 1.1820218758583807, 'fuel_half': 0.3335026483569958}.
[I 2026-07-22 18:51:49,638] Trial 1387 finished with values: [10.546832110750552, 10.546832110750552] and parameters: {'k1': 0.052334804885400876, 'D_low': 107.93539769061978, 'k2': 0.0007081721844034209, 'D_high': 708572.1663941594, 'fire_exp': 8.791426299948917, 'P_half': 7.890004262668578, 'pre_dampen_half': 3.9885726374014694, 'gpp_af': 0.25562996323356013, 'gpp_b': 0.0054502936945582505, 'gpp_d': 6.91394869865762, 'ign_k': 4.59148521674054, 'ign_c': 14.452451441203314, 'trop_agb_crit': 18.150854837099246, 'trop_k_veg': 0.6921865222804094, 'fuel_k': 1.1820218758583807, 'fuel_half': 25.57154914543343}.
[I 2026-07-22 18:51:50,071] Trial 1388 finished with values: [10.090069192016523, 10.090069192016523] and parameters: {'k1': 0.0019417556319623257, 'D_low': 864.0717009254879, 'k2': 0.0009562822793888481, 'D_high': 1681956.433827372, 'fire_exp': 3.313658135010505, 'P_half': 7.890004262668578, 'pre_dampen_half': 26.373339933815235, 'gpp_af': 0.015350904103515228, 'gpp_b': 0.002407352334224724, 'gpp_d': 9.00460602264307, 'ign_k': 3.284529979576942, 'ign_c': 11.40086370112731, 'trop_agb_crit': 15.35205868174982, 'trop_k_veg': 0.5415365826598848, 'fuel_k': 1.2528108647479208, 'fuel_half': 81.87941582538087}.
[I 2026-07-22 18:51:50,497] Trial 1389 finished with values: [10.421653786620722, 10.421653786620722] and parameters: {'k1': 0.052334804885400876, 'D_low': 1.7887890916820506, 'k2': 2.1698375693549493e-05, 'D_high': 708572.1663941594, 'fire_exp': 3.9865235442286613, 'P_half': 2.843767489444367, 'pre_dampen_half': 0.4016986062226068, 'gpp_af': 0.015350904103515228, 'gpp_b': 0.0054502936945582505, 'gpp_d': 700.6693992445935, 'ign_k': 3.284529979576942, 'ign_c': 14.452451441203314, 'trop_agb_crit': 9.362115196011851, 'trop_k_veg': 1.7428926895756522, 'fuel_k': 3.6992394681929355, 'fuel_half': 0.3335026483569958}.
[I 2026-07-22 18:51:50,925] Trial 1390 finished with values: [10.00823507777224, 10.00823507777224] and parameters: {'k1': 0.0003199177539819797, 'D_low': 1191.2594415394453, 'k2': 1.895375973243287e-05, 'D_high': 316055.11434645456, 'fire_exp': 1.3411849220480432, 'P_half': 7.890004262668578, 'pre_dampen_half': 0.4016986062226068, 'gpp_af': 0.0025511964576171086, 'gpp_b': 1.7565109007473816e-05, 'gpp_d': 9.00460602264307, 'ign_k': 3.284529979576942, 'ign_c': 11.40086370112731, 'trop_agb_crit': 12.324775650896964, 'trop_k_veg': 7.26254292602904, 'fuel_k': 0.4748757752313696, 'fuel_half': 0.3335026483569958}.
[I 2026-07-22 18:51:51,364] Trial 1391 finished with values: [11.514705406092716, 11.514705406092716] and parameters: {'k1': 0.0003199177539819797, 'D_low': 57.66774099783053, 'k2': 0.001566517163094646, 'D_high': 887331.2884015184, 'fire_exp': 2.0165721691808587, 'P_half': 2.843767489444367, 'pre_dampen_half': 3.9885726374014694, 'gpp_af': 0.25562996323356013, 'gpp_b': 0.0054502936945582505, 'gpp_d': 700.6693992445935, 'ign_k': 5.333531663832791, 'ign_c': 14.452451441203314, 'trop_agb_crit': 9.362115196011851, 'trop_k_veg': 2.3408809609838257, 'fuel_k': 3.7875356197077763, 'fuel_half': 0.22120706380461633}.
[I 2026-07-22 18:51:51,800] Trial 1392 finished with values: [10.029731630886907, 10.029731630886907] and parameters: {'k1': 0.0003199177539819797, 'D_low': 8454.098152188677, 'k2': 0.001566517163094646, 'D_high': 887331.2884015184, 'fire_exp': 3.9865235442286613, 'P_half': 7.890004262668578, 'pre_dampen_half': 3.9885726374014694, 'gpp_af': 0.015350904103515228, 'gpp_b': 3.936122422430193e-05, 'gpp_d': 0.966218183194799, 'ign_k': 3.284529979576942, 'ign_c': 14.452451441203314, 'trop_agb_crit': 20.205002815711154, 'trop_k_veg': 1.7428926895756522, 'fuel_k': 1.1820218758583807, 'fuel_half': 0.182506484807446}.
[I 2026-07-22 18:51:52,238] Trial 1393 finished with values: [10.650372072331063, 10.650372072331063] and parameters: {'k1': 0.0003199177539819797, 'D_low': 1.7887890916820506, 'k2': 0.001566517163094646, 'D_high': 316055.11434645456, 'fire_exp': 4.140630874607266, 'P_half': 2.843767489444367, 'pre_dampen_half': 3.9885726374014694, 'gpp_af': 0.015350904103515228, 'gpp_b': 3.936122422430193e-05, 'gpp_d': 6.91394869865762, 'ign_k': 0.002853340323531802, 'ign_c': 2.403768120910809, 'trop_agb_crit': 10.719494362768906, 'trop_k_veg': 0.6921865222804094, 'fuel_k': 3.6992394681929355, 'fuel_half': 0.3335026483569958}.
[I 2026-07-22 18:51:52,694] Trial 1394 finished with values: [10.38662552394826, 10.38662552394826] and parameters: {'k1': 0.0003199177539819797, 'D_low': 1.7887890916820506, 'k2': 0.001070650575728445, 'D_high': 4264115.018815137, 'fire_exp': 8.791426299948917, 'P_half': 7.890004262668578, 'pre_dampen_half': 33.71909132517388, 'gpp_af': 0.015350904103515228, 'gpp_b': 3.228689523591491e-05, 'gpp_d': 6.91394869865762, 'ign_k': 0.5131654955148324, 'ign_c': 14.452451441203314, 'trop_agb_crit': 10.719494362768906, 'trop_k_veg': 6.172050274215953, 'fuel_k': 3.6992394681929355, 'fuel_half': 0.3335026483569958}.
[I 2026-07-22 18:51:53,125] Trial 1395 finished with values: [10.940022382187069, 10.940022382187069] and parameters: {'k1': 0.052334804885400876, 'D_low': 1.7887890916820506, 'k2': 0.001566517163094646, 'D_high': 708572.1663941594, 'fire_exp': 8.791426299948917, 'P_half': 2.843767489444367, 'pre_dampen_half': 33.71909132517388, 'gpp_af': 0.015350904103515228, 'gpp_b': 1.1698276136056565e-05, 'gpp_d': 6.91394869865762, 'ign_k': 4.59148521674054, 'ign_c': 6.1609752947414345, 'trop_agb_crit': 10.719494362768906, 'trop_k_veg': 1.7428926895756522, 'fuel_k': 3.6992394681929355, 'fuel_half': 81.87941582538087}.
[I 2026-07-22 18:51:53,552] Trial 1396 finished with values: [10.197071333531637, 10.197071333531637] and parameters: {'k1': 0.0003199177539819797, 'D_low': 8454.098152188677, 'k2': 0.0007081721844034209, 'D_high': 887331.2884015184, 'fire_exp': 2.0165721691808587, 'P_half': 7.890004262668578, 'pre_dampen_half': 3.9885726374014694, 'gpp_af': 0.25562996323356013, 'gpp_b': 0.0054502936945582505, 'gpp_d': 235.02422184428158, 'ign_k': 3.284529979576942, 'ign_c': 14.452451441203314, 'trop_agb_crit': 20.205002815711154, 'trop_k_veg': 2.3408809609838257, 'fuel_k': 0.03625926890059622, 'fuel_half': 0.3335026483569958}.
[I 2026-07-22 18:51:53,984] Trial 1397 finished with values: [10.361568619454792, 10.361568619454792] and parameters: {'k1': 0.0003199177539819797, 'D_low': 864.0717009254879, 'k2': 1.895375973243287e-05, 'D_high': 582349.8764421467, 'fire_exp': 8.791426299948917, 'P_half': 7.890004262668578, 'pre_dampen_half': 0.4016986062226068, 'gpp_af': 0.015350904103515228, 'gpp_b': 1.7565109007473816e-05, 'gpp_d': 58.858544453955275, 'ign_k': 3.284529979576942, 'ign_c': 11.40086370112731, 'trop_agb_crit': 10.719494362768906, 'trop_k_veg': 7.26254292602904, 'fuel_k': 3.7875356197077763, 'fuel_half': 0.3335026483569958}.
[I 2026-07-22 18:51:54,412] Trial 1398 finished with values: [-0.6173958955713713, 0.30767075851964587] and parameters: {'k1': 0.0003199177539819797, 'D_low': 8454.098152188677, 'k2': 0.0007081721844034209, 'D_high': 887331.2884015184, 'fire_exp': 3.115635046103745, 'P_half': 2.843767489444367, 'pre_dampen_half': 3.9885726374014694, 'gpp_af': 0.25562996323356013, 'gpp_b': 1.1698276136056565e-05, 'gpp_d': 700.6693992445935, 'ign_k': 0.5131654955148324, 'ign_c': 14.452451441203314, 'trop_agb_crit': 5.707205898008383, 'trop_k_veg': 2.3408809609838257, 'fuel_k': 0.03625926890059622, 'fuel_half': 0.3335026483569958}.
