[I 2026-08-05 23:57:51,408] Trial 1050 finished with values: [-0.5788053624544519, 0.08051369020826382] and parameters: {'k1': 0.007333200379637282, 'D_low': 4.051452710153359, 'k2': 0.0007081721844034209, 'D_high': 85018.70149611714, 'fire_exp': 1.151006986743773, 'P_half': 39.03214299767183, 'pre_dampen_half': 703.6426675556048, 'gpp_af': 35.20481045526041, 'gpp_b': 0.7987896438549947, 'gpp_d': 4.5768578731086835, 'ign_k': 0.4702627143647234, 'ign_c': 0.11433485956638717}.
[I 2026-08-05 23:57:52,467] Trial 1051 finished with values: [-0.5688342742734771, 0.07388249569019312] and parameters: {'k1': 0.016973078532467004, 'D_low': 2.458603276328005, 'k2': 1.9423940721007243e-05, 'D_high': 85018.70149611714, 'fire_exp': 1.151006986743773, 'P_half': 39.03214299767183, 'pre_dampen_half': 703.6426675556048, 'gpp_af': 29.925002022877802, 'gpp_b': 0.7987896438549947, 'gpp_d': 4.5768578731086835, 'ign_k': 5.9736167866478125, 'ign_c': 0.11433485956638717}.
[I 2026-08-05 23:57:53,542] Trial 1052 finished with values: [-0.573574936285088, 0.07033691329307468] and parameters: {'k1': 0.016973078532467004, 'D_low': 4.051452710153359, 'k2': 0.0007081721844034209, 'D_high': 85018.70149611714, 'fire_exp': 1.2943117749495199, 'P_half': 39.03214299767183, 'pre_dampen_half': 703.6426675556048, 'gpp_af': 29.925002022877802, 'gpp_b': 0.7987896438549947, 'gpp_d': 4.5768578731086835, 'ign_k': 0.476373748459372, 'ign_c': 0.11433485956638717}.
[I 2026-08-05 23:57:54,632] Trial 1053 finished with values: [10.051433546548498, 10.051433546548498] and parameters: {'k1': 0.004439732043401208, 'D_low': 2.458603276328005, 'k2': 0.0007081721844034209, 'D_high': 68913.86015952702, 'fire_exp': 1.151006986743773, 'P_half': 177.4954658911452, 'pre_dampen_half': 45.00414872181379, 'gpp_af': 35.20481045526041, 'gpp_b': 1.722111409234053e-05, 'gpp_d': 4.5768578731086835, 'ign_k': 0.4702627143647234, 'ign_c': 0.1740080621104638}.
[I 2026-08-05 23:57:55,708] Trial 1054 finished with values: [10.185448887394765, 10.185448887394765] and parameters: {'k1': 1.927644355988153e-05, 'D_low': 2.458603276328005, 'k2': 0.0007081721844034209, 'D_high': 85018.70149611714, 'fire_exp': 1.151006986743773, 'P_half': 39.03214299767183, 'pre_dampen_half': 703.6426675556048, 'gpp_af': 35.20481045526041, 'gpp_b': 0.7987896438549947, 'gpp_d': 4.5768578731086835, 'ign_k': 0.4702627143647234, 'ign_c': 0.11433485956638717}.
[I 2026-08-05 23:57:56,832] Trial 1055 finished with values: [10.749580759884953, 10.749580759884953] and parameters: {'k1': 0.03232155805617897, 'D_low': 2.458603276328005, 'k2': 0.0007081721844034209, 'D_high': 68913.86015952702, 'fire_exp': 1.151006986743773, 'P_half': 177.4954658911452, 'pre_dampen_half': 703.6426675556048, 'gpp_af': 35.20481045526041, 'gpp_b': 0.10123867001105968, 'gpp_d': 0.011495884087462726, 'ign_k': 5.9736167866478125, 'ign_c': 0.11433485956638717}.
[I 2026-08-05 23:57:57,908] Trial 1056 finished with values: [-0.5756632953695415, 0.0780158324220388] and parameters: {'k1': 0.005643426708406567, 'D_low': 2.458603276328005, 'k2': 0.0007081721844034209, 'D_high': 85018.70149611714, 'fire_exp': 1.151006986743773, 'P_half': 39.03214299767183, 'pre_dampen_half': 703.6426675556048, 'gpp_af': 35.20481045526041, 'gpp_b': 0.7987896438549947, 'gpp_d': 4.5768578731086835, 'ign_k': 5.9736167866478125, 'ign_c': 0.11433485956638717}.
[I 2026-08-05 23:57:58,999] Trial 1057 finished with values: [10.651556587768031, 10.651556587768031] and parameters: {'k1': 0.016973078532467004, 'D_low': 4.051452710153359, 'k2': 0.0007081721844034209, 'D_high': 85018.70149611714, 'fire_exp': 1.2943117749495199, 'P_half': 6698.932367914716, 'pre_dampen_half': 703.6426675556048, 'gpp_af': 35.20481045526041, 'gpp_b': 0.7987896438549947, 'gpp_d': 48.70143940662305, 'ign_k': 5.9736167866478125, 'ign_c': 0.11433485956638717}.
[I 2026-08-05 23:58:00,088] Trial 1058 finished with values: [-0.5546729930461958, 0.12191600303549632] and parameters: {'k1': 0.005643426708406567, 'D_low': 2.458603276328005, 'k2': 0.0007081721844034209, 'D_high': 85018.70149611714, 'fire_exp': 1.151006986743773, 'P_half': 12.808863354047988, 'pre_dampen_half': 703.6426675556048, 'gpp_af': 35.20481045526041, 'gpp_b': 0.7987896438549947, 'gpp_d': 4.5768578731086835, 'ign_k': 0.025882464916964908, 'ign_c': 0.11433485956638717}.
[I 2026-08-05 23:58:01,179] Trial 1059 finished with values: [-0.564832765106908, 0.06758308049783923] and parameters: {'k1': 0.0010239159443463301, 'D_low': 2.458603276328005, 'k2': 0.0007081721844034209, 'D_high': 85018.70149611714, 'fire_exp': 1.151006986743773, 'P_half': 39.03214299767183, 'pre_dampen_half': 703.6426675556048, 'gpp_af': 35.20481045526041, 'gpp_b': 0.7987896438549947, 'gpp_d': 4.5768578731086835, 'ign_k': 0.4702627143647234, 'ign_c': 0.11433485956638717}.
[I 2026-08-05 23:58:02,367] Trial 1060 finished with values: [10.72608188863071, 10.72608188863071] and parameters: {'k1': 0.03232155805617897, 'D_low': 2.458603276328005, 'k2': 0.00038791280730284417, 'D_high': 85018.70149611714, 'fire_exp': 1.9794091854959461, 'P_half': 12.808863354047988, 'pre_dampen_half': 703.6426675556048, 'gpp_af': 35.20481045526041, 'gpp_b': 0.7987896438549947, 'gpp_d': 0.5604232556560347, 'ign_k': 5.9736167866478125, 'ign_c': 0.17036120617148395}.
[I 2026-08-05 23:58:03,520] Trial 1061 finished with values: [10.302240095143983, 10.302240095143983] and parameters: {'k1': 0.006697348618512094, 'D_low': 1254.914463327495, 'k2': 0.0007081721844034209, 'D_high': 85018.70149611714, 'fire_exp': 1.0473002272689056, 'P_half': 12.808863354047988, 'pre_dampen_half': 917.1017259920797, 'gpp_af': 11.234842109991876, 'gpp_b': 0.7987896438549947, 'gpp_d': 4.5768578731086835, 'ign_k': 5.9736167866478125, 'ign_c': 0.11433485956638717}.
[I 2026-08-05 23:58:04,647] Trial 1062 finished with values: [-0.5746090017435808, 0.07344641541387442] and parameters: {'k1': 0.016973078532467004, 'D_low': 4.051452710153359, 'k2': 0.0007081721844034209, 'D_high': 85018.70149611714, 'fire_exp': 1.2943117749495199, 'P_half': 12.808863354047988, 'pre_dampen_half': 703.6426675556048, 'gpp_af': 35.20481045526041, 'gpp_b': 0.7987896438549947, 'gpp_d': 4.5768578731086835, 'ign_k': 5.9736167866478125, 'ign_c': 0.11433485956638717}.
[I 2026-08-05 23:58:05,723] Trial 1063 finished with values: [10.769230768838547, 10.769230768838547] and parameters: {'k1': 0.016973078532467004, 'D_low': 158.82035726402376, 'k2': 0.0007081721844034209, 'D_high': 85018.70149611714, 'fire_exp': 1.151006986743773, 'P_half': 12.808863354047988, 'pre_dampen_half': 917.1017259920797, 'gpp_af': 11.234842109991876, 'gpp_b': 0.7987896438549947, 'gpp_d': 4.5768578731086835, 'ign_k': 5.9736167866478125, 'ign_c': 44.20612468360107}.
[I 2026-08-05 23:58:06,831] Trial 1064 finished with values: [-0.5798880349583497, 0.08307806401140072] and parameters: {'k1': 0.03232155805617897, 'D_low': 29.89885508829526, 'k2': 0.0499774937030317, 'D_high': 85018.70149611714, 'fire_exp': 1.151006986743773, 'P_half': 12.808863354047988, 'pre_dampen_half': 703.6426675556048, 'gpp_af': 35.20481045526041, 'gpp_b': 0.7987896438549947, 'gpp_d': 4.5768578731086835, 'ign_k': 5.9736167866478125, 'ign_c': 0.11433485956638717}.
[I 2026-08-05 23:58:07,928] Trial 1065 finished with values: [-0.5713467676742572, 0.06467259894876998] and parameters: {'k1': 0.016973078532467004, 'D_low': 2.458603276328005, 'k2': 0.0007081721844034209, 'D_high': 85018.70149611714, 'fire_exp': 1.2943117749495199, 'P_half': 39.03214299767183, 'pre_dampen_half': 703.6426675556048, 'gpp_af': 35.20481045526041, 'gpp_b': 0.7987896438549947, 'gpp_d': 4.5768578731086835, 'ign_k': 5.9736167866478125, 'ign_c': 0.5505316245273476}.
[I 2026-08-05 23:58:09,020] Trial 1066 finished with values: [10.769230768838547, 10.769230768838547] and parameters: {'k1': 0.016973078532467004, 'D_low': 65.69152413762717, 'k2': 0.034987345440353576, 'D_high': 85018.70149611714, 'fire_exp': 1.151006986743773, 'P_half': 4.970926495623717, 'pre_dampen_half': 703.6426675556048, 'gpp_af': 0.0031044041016285487, 'gpp_b': 0.7987896438549947, 'gpp_d': 4.5768578731086835, 'ign_k': 5.9736167866478125, 'ign_c': 43.77346027756639}.
[I 2026-08-05 23:58:10,101] Trial 1067 finished with values: [10.58746068030736, 10.58746068030736] and parameters: {'k1': 0.03232155805617897, 'D_low': 29.89885508829526, 'k2': 0.0007081721844034209, 'D_high': 85018.70149611714, 'fire_exp': 1.2943117749495199, 'P_half': 1141.538725046589, 'pre_dampen_half': 703.6426675556048, 'gpp_af': 0.02114619056336667, 'gpp_b': 0.10123867001105968, 'gpp_d': 368.30088529547436, 'ign_k': 0.4702627143647234, 'ign_c': 0.11433485956638717}.
[I 2026-08-05 23:58:11,177] Trial 1068 finished with values: [-0.5786214864605024, 0.09274241622956025] and parameters: {'k1': 0.016973078532467004, 'D_low': 4.051452710153359, 'k2': 0.0007081721844034209, 'D_high': 85018.70149611714, 'fire_exp': 1.151006986743773, 'P_half': 1.212773905999145, 'pre_dampen_half': 703.6426675556048, 'gpp_af': 35.20481045526041, 'gpp_b': 0.7987896438549947, 'gpp_d': 4.5768578731086835, 'ign_k': 5.9736167866478125, 'ign_c': 0.11433485956638717}.
[I 2026-08-05 23:58:12,611] Trial 1069 finished with values: [-0.5539051173287024, 0.054396717850085374] and parameters: {'k1': 0.016973078532467004, 'D_low': 2.458603276328005, 'k2': 0.00038791280730284417, 'D_high': 85018.70149611714, 'fire_exp': 1.5201277403788451, 'P_half': 39.03214299767183, 'pre_dampen_half': 703.6426675556048, 'gpp_af': 11.234842109991876, 'gpp_b': 0.7987896438549947, 'gpp_d': 34.37107943937136, 'ign_k': 5.9736167866478125, 'ign_c': 14.810800730363484}.
[I 2026-08-05 23:58:13,741] Trial 1070 finished with values: [10.76823126947304, 10.76823126947304] and parameters: {'k1': 0.016973078532467004, 'D_low': 2.458603276328005, 'k2': 0.00038791280730284417, 'D_high': 85018.70149611714, 'fire_exp': 1.5201277403788451, 'P_half': 39.03214299767183, 'pre_dampen_half': 703.6426675556048, 'gpp_af': 11.234842109991876, 'gpp_b': 0.7987896438549947, 'gpp_d': 0.025754809232518116, 'ign_k': 5.9736167866478125, 'ign_c': 0.11433485956638717}.
[I 2026-08-05 23:58:14,810] Trial 1071 finished with values: [-0.5691887126410182, 0.06912683368305883] and parameters: {'k1': 0.016973078532467004, 'D_low': 2.458603276328005, 'k2': 0.0007081721844034209, 'D_high': 85018.70149611714, 'fire_exp': 1.151006986743773, 'P_half': 12.808863354047988, 'pre_dampen_half': 111.37963167994629, 'gpp_af': 35.20481045526041, 'gpp_b': 0.7987896438549947, 'gpp_d': 4.5768578731086835, 'ign_k': 7.437725385707939, 'ign_c': 0.17036120617148395}.
[I 2026-08-05 23:58:15,911] Trial 1072 finished with values: [11.344978256069233, 11.344978256069233] and parameters: {'k1': 0.03232155805617897, 'D_low': 4.051452710153359, 'k2': 0.0499774937030317, 'D_high': 6455.595882939566, 'fire_exp': 1.010722707674549, 'P_half': 15.197743481843553, 'pre_dampen_half': 111.37963167994629, 'gpp_af': 35.20481045526041, 'gpp_b': 0.7987896438549947, 'gpp_d': 34.37107943937136, 'ign_k': 0.4702627143647234, 'ign_c': 0.17036120617148395}.
[I 2026-08-05 23:58:16,995] Trial 1073 finished with values: [-0.5669234092856879, 0.0683188489836678] and parameters: {'k1': 0.0010239159443463301, 'D_low': 158.82035726402376, 'k2': 0.0007081721844034209, 'D_high': 85018.70149611714, 'fire_exp': 1.151006986743773, 'P_half': 12.808863354047988, 'pre_dampen_half': 703.6426675556048, 'gpp_af': 35.20481045526041, 'gpp_b': 0.7987896438549947, 'gpp_d': 4.5768578731086835, 'ign_k': 1.193692846763647, 'ign_c': 0.11433485956638717}.
[I 2026-08-05 23:58:18,134] Trial 1074 finished with values: [11.93916313778601, 11.93916313778601] and parameters: {'k1': 0.015602015889668856, 'D_low': 2.458603276328005, 'k2': 0.003152494048956087, 'D_high': 85018.70149611714, 'fire_exp': 1.2943117749495199, 'P_half': 39.03214299767183, 'pre_dampen_half': 703.6426675556048, 'gpp_af': 35.20481045526041, 'gpp_b': 0.10123867001105968, 'gpp_d': 34.37107943937136, 'ign_k': 0.4702627143647234, 'ign_c': 0.11433485956638717}.
[I 2026-08-05 23:58:19,241] Trial 1075 finished with values: [11.600259978708173, 11.600259978708173] and parameters: {'k1': 0.005643426708406567, 'D_low': 9.051497105326684, 'k2': 0.034987345440353576, 'D_high': 85018.70149611714, 'fire_exp': 1.151006986743773, 'P_half': 12.808863354047988, 'pre_dampen_half': 703.6426675556048, 'gpp_af': 35.20481045526041, 'gpp_b': 0.0019572118561834383, 'gpp_d': 4.5768578731086835, 'ign_k': 5.9736167866478125, 'ign_c': 0.11433485956638717}.
[I 2026-08-05 23:58:20,350] Trial 1076 finished with values: [-0.5784877397721981, 0.08631030257565353] and parameters: {'k1': 0.016973078532467004, 'D_low': 4.051452710153359, 'k2': 0.0007081721844034209, 'D_high': 6455.595882939566, 'fire_exp': 1.151006986743773, 'P_half': 12.808863354047988, 'pre_dampen_half': 703.6426675556048, 'gpp_af': 35.20481045526041, 'gpp_b': 0.7987896438549947, 'gpp_d': 4.5768578731086835, 'ign_k': 5.9736167866478125, 'ign_c': 0.17036120617148395}.
[I 2026-08-05 23:58:21,472] Trial 1077 finished with values: [-0.578353503175071, 0.09020989959667503] and parameters: {'k1': 0.016973078532467004, 'D_low': 2.458603276328005, 'k2': 0.0007081721844034209, 'D_high': 85018.70149611714, 'fire_exp': 1.151006986743773, 'P_half': 12.808863354047988, 'pre_dampen_half': 703.6426675556048, 'gpp_af': 35.20481045526041, 'gpp_b': 0.7987896438549947, 'gpp_d': 4.5768578731086835, 'ign_k': 5.9736167866478125, 'ign_c': 0.11433485956638717}.
[I 2026-08-05 23:58:22,557] Trial 1078 finished with values: [-0.5801897193967361, 0.10507395761531546] and parameters: {'k1': 0.016973078532467004, 'D_low': 2.458603276328005, 'k2': 0.034987345440353576, 'D_high': 85018.70149611714, 'fire_exp': 1.151006986743773, 'P_half': 12.808863354047988, 'pre_dampen_half': 703.6426675556048, 'gpp_af': 35.20481045526041, 'gpp_b': 0.7987896438549947, 'gpp_d': 4.5768578731086835, 'ign_k': 0.12828203940471886, 'ign_c': 0.11433485956638717}.
[I 2026-08-05 23:58:23,676] Trial 1079 finished with values: [-0.578353503175071, 0.09020989959667503] and parameters: {'k1': 0.016973078532467004, 'D_low': 2.458603276328005, 'k2': 0.034987345440353576, 'D_high': 85018.70149611714, 'fire_exp': 1.151006986743773, 'P_half': 12.808863354047988, 'pre_dampen_half': 703.6426675556048, 'gpp_af': 35.20481045526041, 'gpp_b': 0.7987896438549947, 'gpp_d': 4.5768578731086835, 'ign_k': 5.9736167866478125, 'ign_c': 0.11433485956638717}.
[I 2026-08-05 23:58:24,757] Trial 1080 finished with values: [-0.5734342584300541, 0.10601867629914619] and parameters: {'k1': 0.04897760278488444, 'D_low': 2.458603276328005, 'k2': 0.0007081721844034209, 'D_high': 85018.70149611714, 'fire_exp': 1.2943117749495199, 'P_half': 6.648888481118992, 'pre_dampen_half': 53.73093479067421, 'gpp_af': 35.20481045526041, 'gpp_b': 0.7987896438549947, 'gpp_d': 34.37107943937136, 'ign_k': 5.9736167866478125, 'ign_c': 6.160975294741436}.
[I 2026-08-05 23:58:25,827] Trial 1081 finished with values: [10.430760963737166, 10.430760963737166] and parameters: {'k1': 0.016973078532467004, 'D_low': 4.051452710153359, 'k2': 0.0007081721844034209, 'D_high': 85018.70149611714, 'fire_exp': 1.322471794279298, 'P_half': 39.03214299767183, 'pre_dampen_half': 703.6426675556048, 'gpp_af': 1.1886796841435265, 'gpp_b': 0.7987896438549947, 'gpp_d': 4.5768578731086835, 'ign_k': 5.9736167866478125, 'ign_c': 0.17036120617148395}.
[I 2026-08-05 23:58:26,924] Trial 1082 finished with values: [10.387974178963319, 10.387974178963319] and parameters: {'k1': 0.016973078532467004, 'D_low': 1254.6862035691902, 'k2': 0.0007081721844034209, 'D_high': 85018.70149611714, 'fire_exp': 1.151006986743773, 'P_half': 12.808863354047988, 'pre_dampen_half': 303.1650219733388, 'gpp_af': 35.20481045526041, 'gpp_b': 0.7987896438549947, 'gpp_d': 4.5768578731086835, 'ign_k': 5.9736167866478125, 'ign_c': 0.11433485956638717}.
[I 2026-08-05 23:58:28,010] Trial 1083 finished with values: [10.509466945720826, 10.509466945720826] and parameters: {'k1': 0.00376371746355754, 'D_low': 29.89885508829526, 'k2': 0.0499774937030317, 'D_high': 55772.84121799238, 'fire_exp': 1.151006986743773, 'P_half': 170.2682488483631, 'pre_dampen_half': 4.48240058609733, 'gpp_af': 35.20481045526041, 'gpp_b': 1.722111409234053e-05, 'gpp_d': 2.1184980150420962, 'ign_k': 0.4702627143647234, 'ign_c': 0.1740080621104638}.
[I 2026-08-05 23:58:29,114] Trial 1084 finished with values: [-0.5597490107773694, 0.0830913543037668] and parameters: {'k1': 0.0010239159443463301, 'D_low': 4.051452710153359, 'k2': 0.0007081721844034209, 'D_high': 85018.70149611714, 'fire_exp': 1.151006986743773, 'P_half': 39.03214299767183, 'pre_dampen_half': 703.6426675556048, 'gpp_af': 35.20481045526041, 'gpp_b': 0.7987896438549947, 'gpp_d': 368.30088529547436, 'ign_k': 0.4702627143647234, 'ign_c': 14.810800730363484}.
[I 2026-08-05 23:58:30,211] Trial 1085 finished with values: [10.873328220516802, 10.873328220516802] and parameters: {'k1': 0.016973078532467004, 'D_low': 2.458603276328005, 'k2': 0.0007081721844034209, 'D_high': 6455.595882939566, 'fire_exp': 1.151006986743773, 'P_half': 39.03214299767183, 'pre_dampen_half': 36.876350096203005, 'gpp_af': 29.925002022877802, 'gpp_b': 0.7987896438549947, 'gpp_d': 368.30088529547436, 'ign_k': 0.4702627143647234, 'ign_c': 0.1774872630983487}.
[I 2026-08-05 23:58:31,291] Trial 1086 finished with values: [10.85840632720717, 10.85840632720717] and parameters: {'k1': 0.03232155805617897, 'D_low': 29.89885508829526, 'k2': 1.4716512163645849e-05, 'D_high': 3121.3520322039926, 'fire_exp': 1.151006986743773, 'P_half': 12.808863354047988, 'pre_dampen_half': 111.37963167994629, 'gpp_af': 11.234842109991876, 'gpp_b': 0.10123867001105968, 'gpp_d': 368.30088529547436, 'ign_k': 0.4702627143647234, 'ign_c': 0.11433485956638717}.
[I 2026-08-05 23:58:32,364] Trial 1087 finished with values: [10.700086003807064, 10.700086003807064] and parameters: {'k1': 0.016973078532467004, 'D_low': 2.458603276328005, 'k2': 0.0007081721844034209, 'D_high': 85018.70149611714, 'fire_exp': 1.151006986743773, 'P_half': 7480.921720804117, 'pre_dampen_half': 703.6426675556048, 'gpp_af': 9.853056162364394, 'gpp_b': 0.7987896438549947, 'gpp_d': 4.5768578731086835, 'ign_k': 5.9736167866478125, 'ign_c': 0.1774872630983487}.
[I 2026-08-05 23:58:33,794] Trial 1088 finished with values: [-0.5777035899613157, 0.08345570589837636] and parameters: {'k1': 0.005643426708406567, 'D_low': 4.051452710153359, 'k2': 0.0007081721844034209, 'D_high': 85018.70149611714, 'fire_exp': 1.151006986743773, 'P_half': 12.808863354047988, 'pre_dampen_half': 703.6426675556048, 'gpp_af': 35.20481045526041, 'gpp_b': 0.7987896438549947, 'gpp_d': 4.5768578731086835, 'ign_k': 5.9736167866478125, 'ign_c': 0.11433485956638717}.
[I 2026-08-05 23:58:34,874] Trial 1089 finished with values: [10.501089317278915, 10.501089317278915] and parameters: {'k1': 0.03232155805617897, 'D_low': 2.458603276328005, 'k2': 0.0007081721844034209, 'D_high': 148.35020363846428, 'fire_exp': 1.151006986743773, 'P_half': 12.808863354047988, 'pre_dampen_half': 111.37963167994629, 'gpp_af': 35.20481045526041, 'gpp_b': 0.7987896438549947, 'gpp_d': 4.5768578731086835, 'ign_k': 5.9736167866478125, 'ign_c': 1.6676205667297381}.
[I 2026-08-05 23:58:35,942] Trial 1090 finished with values: [-0.5745617956861759, 0.07376514789687882] and parameters: {'k1': 0.016973078532467004, 'D_low': 2.458603276328005, 'k2': 0.0007081721844034209, 'D_high': 85018.70149611714, 'fire_exp': 1.2943117749495199, 'P_half': 12.808863354047988, 'pre_dampen_half': 703.6426675556048, 'gpp_af': 35.20481045526041, 'gpp_b': 0.7987896438549947, 'gpp_d': 4.5768578731086835, 'ign_k': 5.9736167866478125, 'ign_c': 0.11433485956638717}.
[I 2026-08-05 23:58:37,019] Trial 1091 finished with values: [-0.5753466828808492, 0.042652558420990805] and parameters: {'k1': 0.005643426708406567, 'D_low': 31.117676855667376, 'k2': 0.00038791280730284417, 'D_high': 85018.70149611714, 'fire_exp': 1.151006986743773, 'P_half': 39.03214299767183, 'pre_dampen_half': 703.6426675556048, 'gpp_af': 35.20481045526041, 'gpp_b': 0.10123867001105968, 'gpp_d': 34.37107943937136, 'ign_k': 8.315365004960604, 'ign_c': 14.810800730363484}.
[I 2026-08-05 23:58:38,103] Trial 1092 finished with values: [10.386466558491739, 10.386466558491739] and parameters: {'k1': 0.015602015889668856, 'D_low': 2.458603276328005, 'k2': 0.00038791280730284417, 'D_high': 85018.70149611714, 'fire_exp': 1.151006986743773, 'P_half': 255.57970148172785, 'pre_dampen_half': 8.167954146605434, 'gpp_af': 35.20481045526041, 'gpp_b': 0.10123867001105968, 'gpp_d': 34.37107943937136, 'ign_k': 5.9736167866478125, 'ign_c': 2.592301536155855}.
[I 2026-08-05 23:58:39,176] Trial 1093 finished with values: [-0.5779084858213984, 0.09466718427091925] and parameters: {'k1': 0.04897760278488444, 'D_low': 2.458603276328005, 'k2': 0.0007081721844034209, 'D_high': 85018.70149611714, 'fire_exp': 1.151006986743773, 'P_half': 12.808863354047988, 'pre_dampen_half': 703.6426675556048, 'gpp_af': 35.20481045526041, 'gpp_b': 0.7987896438549947, 'gpp_d': 4.5768578731086835, 'ign_k': 5.9736167866478125, 'ign_c': 0.11433485956638717}.
[I 2026-08-05 23:58:40,230] Trial 1094 finished with values: [10.546136515311789, 10.546136515311789] and parameters: {'k1': 0.005643426708406567, 'D_low': 2.458603276328005, 'k2': 0.0007081721844034209, 'D_high': 85018.70149611714, 'fire_exp': 1.0473002272689056, 'P_half': 39.03214299767183, 'pre_dampen_half': 55.00040622572184, 'gpp_af': 35.20481045526041, 'gpp_b': 0.7987896438549947, 'gpp_d': 4.5768578731086835, 'ign_k': 5.9736167866478125, 'ign_c': 14.810800730363484}.
