[I 2026-08-20 01:06:43,082] Trial 2205 finished with value: 0.43720106162094097 and parameters: {'k1': 0.0004607673212984052, 'D_low': 473.80928258255864, 'k2': 0.08682555052023622, 'D_high': 719404.4895948799, 'fire_exp': 1.8414130369667634, 'P_half': 1.0769109130988612, 'pre_dampen_half': 6.3210211351066405, 'gpp_af': 6.545741385388079, 'gpp_b': 9.947035222045152e-05, 'gpp_d': 86.79468026915072, 'ign_k': 0.20552712234274353, 'ign_c': 4.566152968709422, 'trop_agb_crit': 9.64310154212426, 'trop_k_veg': 3.8324762017611245}. Best is trial 1285 with value: -0.6015874360929447.
[I 2026-08-20 01:06:44,502] Trial 2206 finished with value: 0.5210539270595662 and parameters: {'k1': 0.05242809984199574, 'D_low': 4299.095944567658, 'k2': 2.490815323222801e-05, 'D_high': 4067127.878775713, 'fire_exp': 1.4133978552392916, 'P_half': 18.51652191544217, 'pre_dampen_half': 39.16646784471752, 'gpp_af': 0.6679176055114215, 'gpp_b': 0.505799502705269, 'gpp_d': 844.1141175366992, 'ign_k': 0.3229724274799962, 'ign_c': 20.480354800340244, 'trop_agb_crit': 18.67940398396809, 'trop_k_veg': 2.7195590955723308}. Best is trial 1285 with value: -0.6015874360929447.
[I 2026-08-20 01:06:46,006] Trial 2207 finished with value: 0.5209515498935636 and parameters: {'k1': 0.02269705692225298, 'D_low': 13546.810111288403, 'k2': 0.00011856372415133868, 'D_high': 3782591.7145190258, 'fire_exp': 1.723593051113286, 'P_half': 156.02893004131988, 'pre_dampen_half': 0.30461705711048065, 'gpp_af': 9.086584874437131, 'gpp_b': 0.00092173234912218, 'gpp_d': 923.660687729364, 'ign_k': 1.5482158951074882, 'ign_c': 1.5424296443750976, 'trop_agb_crit': 12.385954711480434, 'trop_k_veg': 2.00444112345671}. Best is trial 1285 with value: -0.6015874360929447.
[I 2026-08-20 01:06:47,415] Trial 2208 finished with value: 0.5799685361728835 and parameters: {'k1': 0.022590157817708716, 'D_low': 11.149799779995606, 'k2': 0.0003472477503986571, 'D_high': 583011.8932089453, 'fire_exp': 6.837892046451947, 'P_half': 993.031947421322, 'pre_dampen_half': 97.26542569939872, 'gpp_af': 0.03763578677906515, 'gpp_b': 2.4198097472611892e-05, 'gpp_d': 28.520414595587717, 'ign_k': 3.2840427372264487, 'ign_c': 8.387059511100972, 'trop_agb_crit': 5.14729210310004, 'trop_k_veg': 5.499895000704123}. Best is trial 1285 with value: -0.6015874360929447.
[I 2026-08-20 01:06:48,842] Trial 2209 finished with value: -0.5645316330899937 and parameters: {'k1': 0.06524317078244692, 'D_low': 152.56365569590992, 'k2': 0.01715638184019938, 'D_high': 4960399.077064789, 'fire_exp': 1.8673883217180303, 'P_half': 64.61639546437141, 'pre_dampen_half': 1.660574255203904, 'gpp_af': 0.06476254643142088, 'gpp_b': 0.002334317249686874, 'gpp_d': 699.2518074076065, 'ign_k': 0.948379925661896, 'ign_c': 0.20429025845840118, 'trop_agb_crit': 14.277539992176914, 'trop_k_veg': 3.1689166159057494}. Best is trial 1285 with value: -0.6015874360929447.
[I 2026-08-20 01:06:50,719] Trial 2210 finished with value: 0.4358424746468733 and parameters: {'k1': 0.0034815264662574046, 'D_low': 42.30491826890822, 'k2': 0.001049588339703769, 'D_high': 220539.9184473727, 'fire_exp': 4.976317747497447, 'P_half': 18.8217897523007, 'pre_dampen_half': 10.949191579795459, 'gpp_af': 0.32581882847491084, 'gpp_b': 1.0112427051055431e-05, 'gpp_d': 9.102365914772857, 'ign_k': 9.030298049426655, 'ign_c': 3.991709502795745, 'trop_agb_crit': 1.5824965078681121, 'trop_k_veg': 3.6194976076283147}. Best is trial 1285 with value: -0.6015874360929447.
[I 2026-08-20 01:06:52,093] Trial 2211 finished with value: 0.5739943812095775 and parameters: {'k1': 0.046396489719439424, 'D_low': 4903.694880652874, 'k2': 0.0001522482929263817, 'D_high': 3842823.0735770348, 'fire_exp': 1.1926046826261838, 'P_half': 1897.0141134281675, 'pre_dampen_half': 0.21038633485334493, 'gpp_af': 29.154225258525425, 'gpp_b': 0.04188128744139967, 'gpp_d': 626.7413680240523, 'ign_k': 0.06469396257448515, 'ign_c': 11.497823339801364, 'trop_agb_crit': 14.881385934713146, 'trop_k_veg': 1.8451343578225738}. Best is trial 1285 with value: -0.6015874360929447.
[I 2026-08-20 01:06:53,491] Trial 2212 finished with value: -0.5772521412434113 and parameters: {'k1': 0.015170730700945939, 'D_low': 5.1068251041071875, 'k2': 0.00012710649747098846, 'D_high': 2143440.6623468935, 'fire_exp': 9.404749618718752, 'P_half': 54.01816680794449, 'pre_dampen_half': 32.16288013070456, 'gpp_af': 1.2456398721897766, 'gpp_b': 5.535604301227499e-05, 'gpp_d': 147.21573103257765, 'ign_k': 0.48497753277148825, 'ign_c': 4.112104908288014, 'trop_agb_crit': 17.47469895792022, 'trop_k_veg': 4.181254262323165}. Best is trial 1285 with value: -0.6015874360929447.
[I 2026-08-20 01:06:54,880] Trial 2213 finished with value: 0.4235565267241407 and parameters: {'k1': 0.0009392716218449744, 'D_low': 1.211525397331649, 'k2': 4.856380702765271e-05, 'D_high': 6129988.759936384, 'fire_exp': 2.78321863578563, 'P_half': 1.4178750265226647, 'pre_dampen_half': 7.580644276832487, 'gpp_af': 0.554635897510169, 'gpp_b': 0.0007388252152840038, 'gpp_d': 3.4063593765285645, 'ign_k': 3.7202711855135755, 'ign_c': 4.031162712032817, 'trop_agb_crit': 15.141823337667565, 'trop_k_veg': 2.464900876559122}. Best is trial 1285 with value: -0.6015874360929447.
[I 2026-08-20 01:06:56,277] Trial 2214 finished with value: 0.4603863076960999 and parameters: {'k1': 0.0008719775750115332, 'D_low': 13.019089001645522, 'k2': 3.117460630226701e-05, 'D_high': 78922.07401409716, 'fire_exp': 4.092516554013008, 'P_half': 1.0538877524406411, 'pre_dampen_half': 169.48698791500382, 'gpp_af': 0.16791699897406637, 'gpp_b': 0.0004926280639824452, 'gpp_d': 692.2552757334865, 'ign_k': 2.677477051908781, 'ign_c': 1.0074042458850587, 'trop_agb_crit': 5.200000144647527, 'trop_k_veg': 2.4277037231965637}. Best is trial 1285 with value: -0.6015874360929447.
[I 2026-08-20 01:06:57,648] Trial 2215 finished with value: 0.6445374145881376 and parameters: {'k1': 0.023020565170244266, 'D_low': 1.9519472775243034, 'k2': 0.00012556278892073537, 'D_high': 5378688.823262987, 'fire_exp': 5.890791097759347, 'P_half': 6.305716470335954, 'pre_dampen_half': 15.30768883726648, 'gpp_af': 0.9889294290559245, 'gpp_b': 0.0004755785557980698, 'gpp_d': 219.73532762764103, 'ign_k': 0.07990674216413504, 'ign_c': 90.26078690300525, 'trop_agb_crit': 11.862772349943624, 'trop_k_veg': 2.737069858783723}. Best is trial 1285 with value: -0.6015874360929447.
[I 2026-08-20 01:06:59,060] Trial 2216 finished with value: 0.6445374145881376 and parameters: {'k1': 0.05736663359342384, 'D_low': 43430.06066380961, 'k2': 0.00012205548072950516, 'D_high': 71.65429311610461, 'fire_exp': 8.95042858203357, 'P_half': 6.5306357153856744, 'pre_dampen_half': 12.232171869348521, 'gpp_af': 0.004210067862538494, 'gpp_b': 0.00324751932356738, 'gpp_d': 1.119902562346169, 'ign_k': 0.007699565407117804, 'ign_c': 15.965759437075628, 'trop_agb_crit': 17.864548455771413, 'trop_k_veg': 0.6136819416199567}. Best is trial 1285 with value: -0.6015874360929447.
[I 2026-08-20 01:07:00,608] Trial 2217 finished with value: 0.6445374145881376 and parameters: {'k1': 4.2227987045812286e-05, 'D_low': 7.108333177260286, 'k2': 0.0010533704939035004, 'D_high': 527449.947228837, 'fire_exp': 5.324498168403709, 'P_half': 2.121878346755364, 'pre_dampen_half': 2.369062585880333, 'gpp_af': 2.6035739405555796, 'gpp_b': 0.017071613480479867, 'gpp_d': 41.896092244831216, 'ign_k': 5.0110630220552315, 'ign_c': 53.0360477622648, 'trop_agb_crit': 5.898921969582591, 'trop_k_veg': 3.2392636447022345}. Best is trial 1285 with value: -0.6015874360929447.
[I 2026-08-20 01:07:02,135] Trial 2218 finished with value: 0.5878273294941959 and parameters: {'k1': 0.015060911586638219, 'D_low': 125.93310985086083, 'k2': 0.0012703370719073929, 'D_high': 215856.1263876749, 'fire_exp': 5.815772793049117, 'P_half': 4.208398200959748, 'pre_dampen_half': 0.7044467114385591, 'gpp_af': 1.8870745072293282, 'gpp_b': 0.02046173348277077, 'gpp_d': 982.5317139140254, 'ign_k': 0.008743501034106064, 'ign_c': 0.38235349850414463, 'trop_agb_crit': 6.341308538179904, 'trop_k_veg': 3.2742393207941918}. Best is trial 1285 with value: -0.6015874360929447.
[I 2026-08-20 01:07:03,544] Trial 2219 finished with value: 0.44145322060996084 and parameters: {'k1': 0.0066054404523354215, 'D_low': 4.865125810423765, 'k2': 0.00021019529260123354, 'D_high': 2880284.72732528, 'fire_exp': 3.1657014399982812, 'P_half': 16.249746020152664, 'pre_dampen_half': 1.2468904538416423, 'gpp_af': 1.6588743715994705, 'gpp_b': 0.005808889024797549, 'gpp_d': 311.55125748886076, 'ign_k': 2.491092332990335, 'ign_c': 2.5573049428560477, 'trop_agb_crit': 5.47389764820235, 'trop_k_veg': 2.3783921338794287}. Best is trial 1285 with value: -0.6015874360929447.
[I 2026-08-20 01:07:04,973] Trial 2220 finished with value: 0.45101069720910136 and parameters: {'k1': 0.001824966519619216, 'D_low': 5.7508962174078215, 'k2': 1.3739394824185261e-05, 'D_high': 6880455.830301385, 'fire_exp': 3.769923823531474, 'P_half': 22.72984502514576, 'pre_dampen_half': 18.153722134433306, 'gpp_af': 4.131881517427909, 'gpp_b': 0.005826982828938634, 'gpp_d': 601.1198450075112, 'ign_k': 8.747067519461709, 'ign_c': 24.714319409126343, 'trop_agb_crit': 5.900249958930224, 'trop_k_veg': 1.196625781959883}. Best is trial 1285 with value: -0.6015874360929447.
[I 2026-08-20 01:07:06,437] Trial 2221 finished with value: 0.6427381265187297 and parameters: {'k1': 0.004817555470458858, 'D_low': 17.879219090414587, 'k2': 0.0040426421846540715, 'D_high': 8627.61369681251, 'fire_exp': 5.763993723017226, 'P_half': 9.589492198403601, 'pre_dampen_half': 4.746784868044173, 'gpp_af': 56.662745356191714, 'gpp_b': 0.001444341630899022, 'gpp_d': 0.07822263868456401, 'ign_k': 0.004334556015394086, 'ign_c': 18.00247618172898, 'trop_agb_crit': 2.554047353538951, 'trop_k_veg': 1.5909198329288878}. Best is trial 1285 with value: -0.6015874360929447.
[I 2026-08-20 01:07:07,821] Trial 2222 finished with value: 0.4529826329158203 and parameters: {'k1': 0.0025844036569575186, 'D_low': 3425.008730175152, 'k2': 0.002413699132334925, 'D_high': 1289371.7562736843, 'fire_exp': 1.342722838101752, 'P_half': 211.01523740737917, 'pre_dampen_half': 5.9700643056936125, 'gpp_af': 0.0065332553187617375, 'gpp_b': 0.0009383033287181536, 'gpp_d': 536.4097339238416, 'ign_k': 1.0467615686887917, 'ign_c': 18.09508540773242, 'trop_agb_crit': 20.20633341694235, 'trop_k_veg': 4.200964242135792}. Best is trial 1285 with value: -0.6015874360929447.
[I 2026-08-20 01:07:09,250] Trial 2223 finished with value: 0.500763490423054 and parameters: {'k1': 0.0016913037821283448, 'D_low': 12.350903221942575, 'k2': 0.0002542137986877359, 'D_high': 1412294.4642772435, 'fire_exp': 4.909018072163964, 'P_half': 127.60108346661039, 'pre_dampen_half': 6.843843090344465, 'gpp_af': 0.018620568479216774, 'gpp_b': 0.0001301301529137894, 'gpp_d': 27.77566541725668, 'ign_k': 0.6223873172351587, 'ign_c': 16.094052809531515, 'trop_agb_crit': 7.930022011738982, 'trop_k_veg': 1.5811656514729078}. Best is trial 1285 with value: -0.6015874360929447.
[I 2026-08-20 01:07:10,689] Trial 2224 finished with value: 0.5857442495828226 and parameters: {'k1': 0.00014060639531518363, 'D_low': 4081.763783824428, 'k2': 1.461676728478416e-05, 'D_high': 234155.95769116728, 'fire_exp': 3.9436593563054636, 'P_half': 1.8642864004345718, 'pre_dampen_half': 3.2600363553033183, 'gpp_af': 8.89717313056433, 'gpp_b': 0.011871901283695935, 'gpp_d': 307.2854941260535, 'ign_k': 0.012093782893676904, 'ign_c': 0.827204473202877, 'trop_agb_crit': 5.824561878078201, 'trop_k_veg': 1.6993934228319414}. Best is trial 1285 with value: -0.6015874360929447.
[I 2026-08-20 01:07:12,558] Trial 2225 finished with value: 0.6176029598172295 and parameters: {'k1': 0.0005178624274500895, 'D_low': 3272.603835333296, 'k2': 5.8993509061204305e-05, 'D_high': 70.2757623224702, 'fire_exp': 2.1536161900257462, 'P_half': 652.1761118828529, 'pre_dampen_half': 173.44585792950917, 'gpp_af': 88.2656506340947, 'gpp_b': 0.0017601826048404053, 'gpp_d': 7.514538579663877, 'ign_k': 0.8436549370234745, 'ign_c': 9.78615123285007, 'trop_agb_crit': 19.362433102807344, 'trop_k_veg': 1.2765340049759732}. Best is trial 1285 with value: -0.6015874360929447.
[I 2026-08-20 01:07:13,994] Trial 2226 finished with value: 0.46640891711472743 and parameters: {'k1': 0.000301788361402762, 'D_low': 1.816620463079381, 'k2': 8.137739746498252e-05, 'D_high': 8545136.484257549, 'fire_exp': 5.390245143413317, 'P_half': 2.0887179601425374, 'pre_dampen_half': 3.123573717874082, 'gpp_af': 5.563272216371326, 'gpp_b': 0.02389194614611086, 'gpp_d': 164.0353374727488, 'ign_k': 5.153709518346146, 'ign_c': 1.2055647445314988, 'trop_agb_crit': 5.5987776171340675, 'trop_k_veg': 1.2861453929601592}. Best is trial 1285 with value: -0.6015874360929447.
[I 2026-08-20 01:07:15,380] Trial 2227 finished with value: 0.6445374145881376 and parameters: {'k1': 0.0015909697396165171, 'D_low': 425059.5319437778, 'k2': 0.00028129278877863224, 'D_high': 110.85929613524205, 'fire_exp': 8.88975618107196, 'P_half': 115.82750299275622, 'pre_dampen_half': 0.04034873183828627, 'gpp_af': 3.4293235238208233, 'gpp_b': 9.71312215939196e-05, 'gpp_d': 0.33493372037902175, 'ign_k': 0.008283741599420939, 'ign_c': 60.859591710239314, 'trop_agb_crit': 1.421815351590378, 'trop_k_veg': 1.999496988345781}. Best is trial 1285 with value: -0.6015874360929447.
[I 2026-08-20 01:07:16,782] Trial 2228 finished with value: 0.43098749305355655 and parameters: {'k1': 0.00038396928280041477, 'D_low': 561.7317461207139, 'k2': 0.001252310409741029, 'D_high': 3716252.038881759, 'fire_exp': 1.0392915294418188, 'P_half': 398.7631383492232, 'pre_dampen_half': 100.5056557970104, 'gpp_af': 0.10078319774675858, 'gpp_b': 2.7425567160782266e-05, 'gpp_d': 17.384371938841483, 'ign_k': 4.726140047353717, 'ign_c': 6.991980049580467, 'trop_agb_crit': 27.50347898606083, 'trop_k_veg': 1.5293768754026342}. Best is trial 1285 with value: -0.6015874360929447.
[I 2026-08-20 01:07:18,218] Trial 2229 finished with value: -0.5843773204144327 and parameters: {'k1': 0.04823752998751955, 'D_low': 11.475964679664902, 'k2': 0.00023537436955442835, 'D_high': 3512696.1079571126, 'fire_exp': 2.311518705749932, 'P_half': 17.992706394096583, 'pre_dampen_half': 2.062364726692865, 'gpp_af': 12.231394368448814, 'gpp_b': 0.005409525662958395, 'gpp_d': 306.3905056013634, 'ign_k': 0.1741481469892268, 'ign_c': 6.7586961381876245, 'trop_agb_crit': 17.650893812543405, 'trop_k_veg': 2.8597582009501408}. Best is trial 1285 with value: -0.6015874360929447.
[I 2026-08-20 01:07:19,651] Trial 2230 finished with value: 0.4920163493244242 and parameters: {'k1': 0.008290519633702212, 'D_low': 4.1441454663329695, 'k2': 0.0004879443272824301, 'D_high': 3094336.493974982, 'fire_exp': 2.2310366779508395, 'P_half': 10.301525127135028, 'pre_dampen_half': 0.12166684310046119, 'gpp_af': 28.37629400866229, 'gpp_b': 0.0023043693244346585, 'gpp_d': 296.94971678344405, 'ign_k': 0.10042580979510052, 'ign_c': 0.7716874600601228, 'trop_agb_crit': 17.36973088749927, 'trop_k_veg': 4.599220119191}. Best is trial 1285 with value: -0.6015874360929447.
[I 2026-08-20 01:07:21,087] Trial 2231 finished with value: 0.6445374145881376 and parameters: {'k1': 4.993596464311289e-05, 'D_low': 57215.06278345531, 'k2': 0.0004600821494324581, 'D_high': 6077916.986492533, 'fire_exp': 1.0101466889833295, 'P_half': 9.977836120597578, 'pre_dampen_half': 880.3076278406244, 'gpp_af': 6.159239464918917, 'gpp_b': 9.443434445688554, 'gpp_d': 0.11355079309895195, 'ign_k': 1.8524738804984109, 'ign_c': 96.01141291588371, 'trop_agb_crit': 7.983904316818825, 'trop_k_veg': 2.1795237721374674}. Best is trial 1285 with value: -0.6015874360929447.
[I 2026-08-20 01:07:22,527] Trial 2232 finished with value: 0.5694608484213857 and parameters: {'k1': 8.314587919514889e-05, 'D_low': 27168.712140336105, 'k2': 0.06568583960564024, 'D_high': 782112.4728237567, 'fire_exp': 1.628160787826458, 'P_half': 5.602250033372331, 'pre_dampen_half': 0.30439798278109126, 'gpp_af': 0.2420197019541999, 'gpp_b': 0.05123355062306169, 'gpp_d': 19.741394218507267, 'ign_k': 2.404020136931183, 'ign_c': 0.14101927796402083, 'trop_agb_crit': 16.54506887138566, 'trop_k_veg': 4.532634046683837}. Best is trial 1285 with value: -0.6015874360929447.
[I 2026-08-20 01:07:23,913] Trial 2233 finished with value: 0.47336560460707433 and parameters: {'k1': 0.0007652527312372522, 'D_low': 18434.99247442903, 'k2': 0.0032112248978389065, 'D_high': 228164.8621959588, 'fire_exp': 1.06318394932654, 'P_half': 8.973974953821399, 'pre_dampen_half': 61.24636667036693, 'gpp_af': 15.34618929268604, 'gpp_b': 0.005542269505969224, 'gpp_d': 31.111543950880193, 'ign_k': 0.041657785074454924, 'ign_c': 0.4081556798966161, 'trop_agb_crit': 24.907764511583338, 'trop_k_veg': 3.7775446116139646}. Best is trial 1285 with value: -0.6015874360929447.
[I 2026-08-20 01:07:25,361] Trial 2234 finished with value: -0.5850527399230735 and parameters: {'k1': 0.030853629450423897, 'D_low': 2578.610446121884, 'k2': 0.00015300859122193374, 'D_high': 567574.5197819372, 'fire_exp': 2.0659316691064786, 'P_half': 19.203097938758344, 'pre_dampen_half': 6.241403082716508, 'gpp_af': 1.9632236167342627, 'gpp_b': 0.0369283508905595, 'gpp_d': 577.4102861236444, 'ign_k': 0.8528760494796966, 'ign_c': 1.9242313071306394, 'trop_agb_crit': 12.553062832365367, 'trop_k_veg': 2.9542539167151785}. Best is trial 1285 with value: -0.6015874360929447.
[I 2026-08-20 01:07:26,835] Trial 2235 finished with value: 0.6445374145881376 and parameters: {'k1': 0.01832301283597691, 'D_low': 29460.890293019405, 'k2': 0.014402496302732779, 'D_high': 152.9959757751637, 'fire_exp': 1.0776408702205726, 'P_half': 2117.9617813654327, 'pre_dampen_half': 98.73963915633101, 'gpp_af': 0.16616973060271986, 'gpp_b': 0.0037626912750451614, 'gpp_d': 2.1760654308154717, 'ign_k': 0.05182560230153844, 'ign_c': 0.1431921511226923, 'trop_agb_crit': 23.159881091065728, 'trop_k_veg': 0.6119150343539529}. Best is trial 1285 with value: -0.6015874360929447.
[I 2026-08-20 01:07:28,260] Trial 2236 finished with value: 0.6356772647050398 and parameters: {'k1': 0.0003976393090198499, 'D_low': 39.72447843094783, 'k2': 0.002674491893060357, 'D_high': 25551.43540684276, 'fire_exp': 1.9339708253236547, 'P_half': 3467.7751474973875, 'pre_dampen_half': 82.89865540967281, 'gpp_af': 12.38796733803924, 'gpp_b': 0.21244796629074092, 'gpp_d': 0.37920709456839913, 'ign_k': 0.0030345551968908886, 'ign_c': 0.2154761461949443, 'trop_agb_crit': 2.150951591888867, 'trop_k_veg': 1.4854030334805732}. Best is trial 1285 with value: -0.6015874360929447.
[I 2026-08-20 01:07:29,617] Trial 2237 finished with value: -0.4930200052132491 and parameters: {'k1': 0.05077503956045279, 'D_low': 126.91958743797578, 'k2': 0.0001538733962733322, 'D_high': 58365.92247574452, 'fire_exp': 2.2673634237496443, 'P_half': 279.44931883926785, 'pre_dampen_half': 27.999309173932097, 'gpp_af': 64.26087351223978, 'gpp_b': 0.15466303235047582, 'gpp_d': 159.2025547050552, 'ign_k': 0.9030767576752808, 'ign_c': 0.8014695977396408, 'trop_agb_crit': 25.25377185424836, 'trop_k_veg': 3.313052416346334}. Best is trial 1285 with value: -0.6015874360929447.
[I 2026-08-20 01:07:31,035] Trial 2238 finished with value: 0.5556831258178528 and parameters: {'k1': 0.014790872093945973, 'D_low': 583.8647302058652, 'k2': 0.00030442101830074653, 'D_high': 29863.25004749525, 'fire_exp': 2.595820670983193, 'P_half': 8.074381796661939, 'pre_dampen_half': 1.2560348258696266, 'gpp_af': 62.86162254914868, 'gpp_b': 0.01947532436256052, 'gpp_d': 96.88598394749279, 'ign_k': 6.6791547140888845, 'ign_c': 1.5146233832076523, 'trop_agb_crit': 7.8703663907325625, 'trop_k_veg': 6.497613709720969}. Best is trial 1285 with value: -0.6015874360929447.
[I 2026-08-20 01:07:32,484] Trial 2239 finished with value: 0.5709252115926795 and parameters: {'k1': 0.04276059911103309, 'D_low': 13000.797473175955, 'k2': 0.00032016584862946485, 'D_high': 5465831.942575874, 'fire_exp': 2.1789107388317306, 'P_half': 1093.7345325599265, 'pre_dampen_half': 26.448535842113355, 'gpp_af': 12.0304336368128, 'gpp_b': 0.027662658906035937, 'gpp_d': 86.04724299264291, 'ign_k': 1.6991867638871523, 'ign_c': 18.7335947321058, 'trop_agb_crit': 10.03920510757003, 'trop_k_veg': 1.6070014843559406}. Best is trial 1285 with value: -0.6015874360929447.
[I 2026-08-20 01:07:34,411] Trial 2240 finished with value: 0.5492405925453175 and parameters: {'k1': 0.020229685193196945, 'D_low': 82.2064915671027, 'k2': 0.0007076005328658158, 'D_high': 484099.9951163733, 'fire_exp': 4.972326632957271, 'P_half': 667.1596461290543, 'pre_dampen_half': 254.82879300110812, 'gpp_af': 0.08429283483897967, 'gpp_b': 2.7499705133205212e-05, 'gpp_d': 7.529664789081112, 'ign_k': 6.929414502143871, 'ign_c': 7.7676660863919, 'trop_agb_crit': 5.43078790006174, 'trop_k_veg': 2.2977592953803008}. Best is trial 1285 with value: -0.6015874360929447.
[I 2026-08-20 01:07:35,769] Trial 2241 finished with value: 0.48596961156503826 and parameters: {'k1': 0.012119798872695839, 'D_low': 231.12971241942012, 'k2': 0.0002649205171024182, 'D_high': 291591.081606377, 'fire_exp': 1.2481043584429188, 'P_half': 16.99975538263998, 'pre_dampen_half': 23.660519339984333, 'gpp_af': 34.67498505898934, 'gpp_b': 0.0002457827234685324, 'gpp_d': 59.499151478073145, 'ign_k': 5.507010106036727, 'ign_c': 11.094130172827038, 'trop_agb_crit': 24.368519085885584, 'trop_k_veg': 4.837493007456353}. Best is trial 1285 with value: -0.6015874360929447.
