[I 2026-08-06 00:15:49,353] Trial 570 finished with values: [10.763203877783404, 10.763203877783404] and parameters: {'k1': 0.05557109890966285, 'D_low': 4.051452710153359, 'k2': 3.5917714215176105e-05, 'D_high': 6366.1449945522045, 'fire_exp': 1.182396148413737, 'P_half': 1938.3858782150498, 'pre_dampen_half': 76.86605275420082, 'gpp_af': 0.0018190993482387697, 'gpp_b': 0.10123867001105968, 'gpp_d': 5.087233554384502, 'ign_k': 0.03141110271934876, 'ign_c': 47.268615251255675}.
[I 2026-08-06 00:15:50,315] Trial 571 finished with values: [-0.5393346632747668, 0.19265912723392775] and parameters: {'k1': 0.021368329072358756, 'D_low': 7.068974950624602, 'k2': 1.1184534120760473e-05, 'D_high': 75773.14388518519, 'fire_exp': 1.5201277403788451, 'P_half': 408.3047491580097, 'pre_dampen_half': 304.7488318185732, 'gpp_af': 1.6595781802652418, 'gpp_b': 0.17962348438857098, 'gpp_d': 39.827466658711515, 'ign_k': 0.0026834162496848666, 'ign_c': 14.810800730363484}.
[I 2026-08-06 00:15:51,280] Trial 572 finished with values: [-0.5489223443762923, 0.24634786903659278] and parameters: {'k1': 0.021368329072358756, 'D_low': 7.068974950624602, 'k2': 0.0004381141781653133, 'D_high': 9769.756791866093, 'fire_exp': 1.1044852285094786, 'P_half': 1938.3858782150498, 'pre_dampen_half': 247.25776073156666, 'gpp_af': 0.028585493941961918, 'gpp_b': 3.228689523591491e-05, 'gpp_d': 5.878566318396007, 'ign_k': 0.03141110271934876, 'ign_c': 47.268615251255675}.
[I 2026-08-06 00:15:52,248] Trial 573 finished with values: [10.387828352989402, 10.387828352989402] and parameters: {'k1': 0.0017320535908244437, 'D_low': 1112.9571947046009, 'k2': 0.006138509947844854, 'D_high': 3660.150802571655, 'fire_exp': 1.5201277403788451, 'P_half': 14.94057723907974, 'pre_dampen_half': 33.9790424311127, 'gpp_af': 0.028585493941961918, 'gpp_b': 3.481277316673104e-05, 'gpp_d': 668.5510162938966, 'ign_k': 0.017654048052495083, 'ign_c': 14.810800730363484}.
[I 2026-08-06 00:15:53,288] Trial 574 finished with values: [10.769230768877819, 10.769230768877819] and parameters: {'k1': 0.03047028350021925, 'D_low': 98.57545621889057, 'k2': 0.0004381141781653133, 'D_high': 75773.14388518519, 'fire_exp': 2.2881850891698634, 'P_half': 8.369109437186466, 'pre_dampen_half': 247.25776073156666, 'gpp_af': 0.0025511964576171086, 'gpp_b': 3.228689523591491e-05, 'gpp_d': 0.11136446029400991, 'ign_k': 0.8826264591983531, 'ign_c': 47.268615251255675}.
[I 2026-08-06 00:15:54,237] Trial 575 finished with values: [10.54458015559301, 10.54458015559301] and parameters: {'k1': 6.615437365561391e-05, 'D_low': 396.8136435370147, 'k2': 1.4378290221680118e-05, 'D_high': 75773.14388518519, 'fire_exp': 1.1044852285094786, 'P_half': 4.397766894483963, 'pre_dampen_half': 33.9790424311127, 'gpp_af': 0.028585493941961918, 'gpp_b': 3.228689523591491e-05, 'gpp_d': 668.5510162938966, 'ign_k': 0.03141110271934876, 'ign_c': 0.11049703024154134}.
[I 2026-08-06 00:15:55,199] Trial 576 finished with values: [-0.4991477398853876, 0.17089279461336326] and parameters: {'k1': 0.007183692410204826, 'D_low': 98.57545621889057, 'k2': 0.006138509947844854, 'D_high': 949.9072859745386, 'fire_exp': 1.0473002272689056, 'P_half': 958.8659498594012, 'pre_dampen_half': 76.86605275420082, 'gpp_af': 0.004344117003966495, 'gpp_b': 0.003510201564752293, 'gpp_d': 150.14555442537656, 'ign_k': 0.0027847738314446878, 'ign_c': 161.03205392189665}.
[I 2026-08-06 00:15:56,179] Trial 577 finished with values: [10.72783666926352, 10.72783666926352] and parameters: {'k1': 0.0005486676498816061, 'D_low': 98.57545621889057, 'k2': 0.006138509947844854, 'D_high': 1123.9682517242118, 'fire_exp': 2.2881850891698634, 'P_half': 8.369109437186466, 'pre_dampen_half': 14.689898077648792, 'gpp_af': 0.004344117003966495, 'gpp_b': 0.003510201564752293, 'gpp_d': 891.8036602897795, 'ign_k': 0.0227929621949939, 'ign_c': 14.367095138664217}.
[I 2026-08-06 00:15:57,175] Trial 578 finished with values: [11.908990193220072, 11.908990193220072] and parameters: {'k1': 0.0017320535908244437, 'D_low': 74.92772870670282, 'k2': 0.006138509947844854, 'D_high': 75773.14388518519, 'fire_exp': 1.0881360604103363, 'P_half': 125.61043700013555, 'pre_dampen_half': 36.876350096203005, 'gpp_af': 0.08235550625917108, 'gpp_b': 8.539677611488478e-05, 'gpp_d': 668.5510162938966, 'ign_k': 1.8167721131483867, 'ign_c': 14.810800730363484}.
[I 2026-08-06 00:15:58,202] Trial 579 finished with values: [-0.5626927787241592, 0.1497177880836359] and parameters: {'k1': 0.00012105387404469581, 'D_low': 74.92772870670282, 'k2': 3.5917714215176105e-05, 'D_high': 3660.150802571655, 'fire_exp': 1.5201277403788451, 'P_half': 22.4895428439145, 'pre_dampen_half': 304.7488318185732, 'gpp_af': 1.6595781802652418, 'gpp_b': 8.539677611488478e-05, 'gpp_d': 4.5768578731086835, 'ign_k': 0.11903394335305037, 'ign_c': 6.160975294741436}.
[I 2026-08-06 00:15:59,199] Trial 580 finished with values: [-0.5773509618865637, 0.1964057798053952] and parameters: {'k1': 0.0017320535908244437, 'D_low': 532.1216007763549, 'k2': 0.006138509947844854, 'D_high': 11069.082134755383, 'fire_exp': 1.5201277403788451, 'P_half': 22.4895428439145, 'pre_dampen_half': 33.9790424311127, 'gpp_af': 0.0025511964576171086, 'gpp_b': 8.539677611488478e-05, 'gpp_d': 5.085491038878331, 'ign_k': 0.09071933427331372, 'ign_c': 8.671454322584175}.
[I 2026-08-06 00:16:00,228] Trial 581 finished with values: [-0.5204684249591505, 0.1917781083429818] and parameters: {'k1': 0.025383218374507292, 'D_low': 532.1216007763549, 'k2': 2.1698375693549493e-05, 'D_high': 20.31481195045495, 'fire_exp': 1.5201277403788451, 'P_half': 39.03214299767183, 'pre_dampen_half': 567.9600794296686, 'gpp_af': 0.0025511964576171086, 'gpp_b': 3.0247471647147563e-05, 'gpp_d': 39.827466658711515, 'ign_k': 3.7954792742512957, 'ign_c': 2.2882309479728957}.
[I 2026-08-06 00:16:01,268] Trial 582 finished with values: [-0.5784536049121229, 0.18134439090930665] and parameters: {'k1': 0.0002656971546588439, 'D_low': 4.051452710153359, 'k2': 3.5917714215176105e-05, 'D_high': 29456.2056920274, 'fire_exp': 1.5201277403788451, 'P_half': 147.09699119495133, 'pre_dampen_half': 76.86605275420082, 'gpp_af': 35.20481045526041, 'gpp_b': 0.10123867001105968, 'gpp_d': 668.5510162938966, 'ign_k': 0.1550134937334847, 'ign_c': 9.34330265731847}.
[I 2026-08-06 00:16:02,269] Trial 583 finished with values: [10.493375358685132, 10.493375358685132] and parameters: {'k1': 0.0017320535908244437, 'D_low': 1858.6220273069061, 'k2': 3.5917714215176105e-05, 'D_high': 3660.150802571655, 'fire_exp': 1.5201277403788451, 'P_half': 22.4895428439145, 'pre_dampen_half': 304.7488318185732, 'gpp_af': 0.47739011308437823, 'gpp_b': 8.539677611488478e-05, 'gpp_d': 150.14555442537656, 'ign_k': 0.005877005203443299, 'ign_c': 14.810800730363484}.
[I 2026-08-06 00:16:03,283] Trial 584 finished with values: [10.748248878479437, 10.748248878479437] and parameters: {'k1': 0.00324789183891923, 'D_low': 532.1216007763549, 'k2': 0.006138509947844854, 'D_high': 20.31481195045495, 'fire_exp': 1.151006986743773, 'P_half': 2.157758652553991, 'pre_dampen_half': 76.86605275420082, 'gpp_af': 5.511863475708366, 'gpp_b': 0.0024194895091734425, 'gpp_d': 1.826381177000974, 'ign_k': 0.031134168041628628, 'ign_c': 2.2882309479728957}.
[I 2026-08-06 00:16:04,325] Trial 585 finished with values: [10.241394973321329, 10.241394973321329] and parameters: {'k1': 0.025383218374507292, 'D_low': 18.522006003174383, 'k2': 0.00375241428659295, 'D_high': 11069.082134755383, 'fire_exp': 2.196935728020977, 'P_half': 608.3019192425825, 'pre_dampen_half': 111.37963167994629, 'gpp_af': 0.47739011308437823, 'gpp_b': 8.539677611488478e-05, 'gpp_d': 891.8036602897795, 'ign_k': 0.12752949611679998, 'ign_c': 8.671454322584175}.
[I 2026-08-06 00:16:05,326] Trial 586 finished with values: [11.50206642000538, 11.50206642000538] and parameters: {'k1': 0.0017320535908244437, 'D_low': 125.32726386250698, 'k2': 0.0004381141781653133, 'D_high': 6455.595882939566, 'fire_exp': 1.5201277403788451, 'P_half': 39.03214299767183, 'pre_dampen_half': 567.9600794296686, 'gpp_af': 0.47739011308437823, 'gpp_b': 3.481277316673104e-05, 'gpp_d': 150.14555442537656, 'ign_k': 0.03141110271934876, 'ign_c': 14.810800730363484}.
[I 2026-08-06 00:16:06,338] Trial 587 finished with values: [10.045401150346693, 10.045401150346693] and parameters: {'k1': 0.0017320535908244437, 'D_low': 4.051452710153359, 'k2': 3.5917714215176105e-05, 'D_high': 11069.082134755383, 'fire_exp': 1.5201277403788451, 'P_half': 24.136213194527585, 'pre_dampen_half': 304.7488318185732, 'gpp_af': 0.028585493941961918, 'gpp_b': 8.539677611488478e-05, 'gpp_d': 150.14555442537656, 'ign_k': 0.005877005203443299, 'ign_c': 14.810800730363484}.
[I 2026-08-06 00:16:07,545] Trial 588 finished with values: [10.171378221787313, 10.171378221787313] and parameters: {'k1': 0.0017320535908244437, 'D_low': 18.522006003174383, 'k2': 0.0010204225357677778, 'D_high': 1687.3495104568947, 'fire_exp': 1.5201277403788451, 'P_half': 2.157758652553991, 'pre_dampen_half': 14.689898077648792, 'gpp_af': 0.0025511964576171086, 'gpp_b': 8.539677611488478e-05, 'gpp_d': 891.8036602897795, 'ign_k': 0.09071933427331372, 'ign_c': 9.34330265731847}.
[I 2026-08-06 00:16:08,595] Trial 589 finished with values: [-0.5190758078417466, 0.26623923707262975] and parameters: {'k1': 0.002971796631657383, 'D_low': 7.068974950624602, 'k2': 1.1184534120760473e-05, 'D_high': 9769.756791866093, 'fire_exp': 1.0881360604103363, 'P_half': 844.0303958079087, 'pre_dampen_half': 304.7488318185732, 'gpp_af': 0.028585493941961918, 'gpp_b': 0.011750724729953272, 'gpp_d': 5.878566318396007, 'ign_k': 0.0026834162496848666, 'ign_c': 2.92043384718141}.
[I 2026-08-06 00:16:09,603] Trial 590 finished with values: [-0.5552959009974574, 0.13988008112087236] and parameters: {'k1': 0.00324789183891923, 'D_low': 2.1234210963705626, 'k2': 1.1184534120760473e-05, 'D_high': 21.208987108343724, 'fire_exp': 1.151006986743773, 'P_half': 408.3047491580097, 'pre_dampen_half': 304.7488318185732, 'gpp_af': 5.511863475708366, 'gpp_b': 0.0024194895091734425, 'gpp_d': 13.076473382928533, 'ign_k': 0.0026834162496848666, 'ign_c': 19.19168994439752}.
[I 2026-08-06 00:16:10,661] Trial 591 finished with values: [10.746105915381557, 10.746105915381557] and parameters: {'k1': 0.025383218374507292, 'D_low': 2.1234210963705626, 'k2': 0.0004381141781653133, 'D_high': 6455.595882939566, 'fire_exp': 1.5201277403788451, 'P_half': 958.8659498594012, 'pre_dampen_half': 567.9600794296686, 'gpp_af': 5.511863475708366, 'gpp_b': 3.481277316673104e-05, 'gpp_d': 0.020033665584113368, 'ign_k': 0.031134168041628628, 'ign_c': 19.19168994439752}.
[I 2026-08-06 00:16:11,688] Trial 592 finished with values: [10.670586479552176, 10.670586479552176] and parameters: {'k1': 0.0017320535908244437, 'D_low': 98.57545621889057, 'k2': 0.006138509947844854, 'D_high': 949.9072859745386, 'fire_exp': 1.182396148413737, 'P_half': 7.857247967427123, 'pre_dampen_half': 33.9790424311127, 'gpp_af': 0.028585493941961918, 'gpp_b': 0.003510201564752293, 'gpp_d': 668.5510162938966, 'ign_k': 0.09071933427331372, 'ign_c': 0.9736725715035878}.
[I 2026-08-06 00:16:12,715] Trial 593 finished with values: [10.088049022456975, 10.088049022456975] and parameters: {'k1': 4.346890702031291e-05, 'D_low': 532.1216007763549, 'k2': 1.1184534120760473e-05, 'D_high': 75773.14388518519, 'fire_exp': 1.4665043946307825, 'P_half': 4.397766894483963, 'pre_dampen_half': 36.876350096203005, 'gpp_af': 0.0025511964576171086, 'gpp_b': 3.228689523591491e-05, 'gpp_d': 5.878566318396007, 'ign_k': 0.019192001101561888, 'ign_c': 0.8891936446296247}.
[I 2026-08-06 00:16:13,741] Trial 594 finished with values: [10.360007435774726, 10.360007435774726] and parameters: {'k1': 0.030699709531122967, 'D_low': 7.068974950624602, 'k2': 2.1698375693549493e-05, 'D_high': 57.90964233881214, 'fire_exp': 1.3614924220931135, 'P_half': 24.136213194527585, 'pre_dampen_half': 59.66041614891413, 'gpp_af': 13.560863064135962, 'gpp_b': 3.228689523591491e-05, 'gpp_d': 4.5768578731086835, 'ign_k': 0.03141110271934876, 'ign_c': 0.11049703024154134}.
[I 2026-08-06 00:16:14,709] Trial 595 finished with values: [10.768365427916848, 10.768365427916848] and parameters: {'k1': 0.0017320535908244437, 'D_low': 1112.9571947046009, 'k2': 0.0010204225357677778, 'D_high': 29456.2056920274, 'fire_exp': 1.6565860022602612, 'P_half': 8006.837661379568, 'pre_dampen_half': 0.48359183418131724, 'gpp_af': 0.0025511964576171086, 'gpp_b': 8.539677611488478e-05, 'gpp_d': 300.3420512048734, 'ign_k': 0.09071933427331372, 'ign_c': 14.810800730363484}.
[I 2026-08-06 00:16:15,678] Trial 596 finished with values: [10.373831913879574, 10.373831913879574] and parameters: {'k1': 5.3514523498433285e-05, 'D_low': 4.051452710153359, 'k2': 3.5917714215176105e-05, 'D_high': 3660.150802571655, 'fire_exp': 1.4665043946307825, 'P_half': 125.61043700013555, 'pre_dampen_half': 36.876350096203005, 'gpp_af': 0.09172078901566363, 'gpp_b': 8.539677611488478e-05, 'gpp_d': 8.144272585223819, 'ign_k': 0.08312953263874531, 'ign_c': 14.810800730363484}.
[I 2026-08-06 00:16:16,656] Trial 597 finished with values: [-0.5302351326587702, 0.14140376821063683] and parameters: {'k1': 0.03232155805617897, 'D_low': 98.57545621889057, 'k2': 0.006138509947844854, 'D_high': 1123.9682517242118, 'fire_exp': 2.2881850891698634, 'P_half': 8.369109437186466, 'pre_dampen_half': 88.81627111957808, 'gpp_af': 0.004344117003966495, 'gpp_b': 0.0035057749039614167, 'gpp_d': 19.65797948502804, 'ign_k': 0.8826264591983531, 'ign_c': 8.671454322584175}.
[I 2026-08-06 00:16:17,644] Trial 598 finished with values: [10.64083195131931, 10.64083195131931] and parameters: {'k1': 0.0017320535908244437, 'D_low': 125.32726386250698, 'k2': 1.1184534120760473e-05, 'D_high': 75773.14388518519, 'fire_exp': 3.149167178485301, 'P_half': 22.4895428439145, 'pre_dampen_half': 304.7488318185732, 'gpp_af': 0.47739011308437823, 'gpp_b': 8.539677611488478e-05, 'gpp_d': 5.878566318396007, 'ign_k': 0.019192001101561888, 'ign_c': 14.810800730363484}.
[I 2026-08-06 00:16:18,616] Trial 599 finished with values: [10.763111849620923, 10.763111849620923] and parameters: {'k1': 6.615437365561391e-05, 'D_low': 532.1216007763549, 'k2': 1.4378290221680118e-05, 'D_high': 1665.1532285161688, 'fire_exp': 1.5201277403788451, 'P_half': 608.3019192425825, 'pre_dampen_half': 76.86605275420082, 'gpp_af': 22.766850248686247, 'gpp_b': 3.481277316673104e-05, 'gpp_d': 0.07404167689653945, 'ign_k': 0.11101191524846071, 'ign_c': 14.367095138664217}.
[I 2026-08-06 00:16:19,627] Trial 600 finished with values: [11.593907710711651, 11.593907710711651] and parameters: {'k1': 0.021368329072358756, 'D_low': 7.068974950624602, 'k2': 0.0004381141781653133, 'D_high': 75773.14388518519, 'fire_exp': 1.1044852285094786, 'P_half': 14.94057723907974, 'pre_dampen_half': 247.25776073156666, 'gpp_af': 0.0025511964576171086, 'gpp_b': 0.0006082667040432242, 'gpp_d': 368.30088529547436, 'ign_k': 0.03141110271934876, 'ign_c': 47.268615251255675}.
[I 2026-08-06 00:16:20,594] Trial 601 finished with values: [10.768993357552299, 10.768993357552299] and parameters: {'k1': 6.615437365561391e-05, 'D_low': 74.92772870670282, 'k2': 3.5917714215176105e-05, 'D_high': 8182.111518618414, 'fire_exp': 5.238437639662319, 'P_half': 22.4895428439145, 'pre_dampen_half': 304.7488318185732, 'gpp_af': 1.6595781802652418, 'gpp_b': 8.539677611488478e-05, 'gpp_d': 4.5768578731086835, 'ign_k': 0.019192001101561888, 'ign_c': 2.92043384718141}.
[I 2026-08-06 00:16:21,558] Trial 602 finished with values: [-0.5687357296308695, 0.19022292955158837] and parameters: {'k1': 0.00012105387404469581, 'D_low': 532.1216007763549, 'k2': 8.200096539027468e-05, 'D_high': 3660.150802571655, 'fire_exp': 1.5201277403788451, 'P_half': 14.94057723907974, 'pre_dampen_half': 958.6709783968975, 'gpp_af': 1.6595781802652418, 'gpp_b': 8.539677611488478e-05, 'gpp_d': 4.5768578731086835, 'ign_k': 0.11903394335305037, 'ign_c': 6.160975294741436}.
[I 2026-08-06 00:16:22,522] Trial 603 finished with values: [11.153921127341299, 11.153921127341299] and parameters: {'k1': 0.00012105387404469581, 'D_low': 125.32726386250698, 'k2': 0.0004381141781653133, 'D_high': 233.52156626184438, 'fire_exp': 1.010722707674549, 'P_half': 2.157758652553991, 'pre_dampen_half': 748.1106041623153, 'gpp_af': 1.6595781802652418, 'gpp_b': 3.228689523591491e-05, 'gpp_d': 17.849597677210657, 'ign_k': 0.03141110271934876, 'ign_c': 14.810800730363484}.
[I 2026-08-06 00:16:23,487] Trial 604 finished with values: [10.097218889130744, 10.097218889130744] and parameters: {'k1': 0.0029707920514735983, 'D_low': 1.54121727098019, 'k2': 1.1184534120760473e-05, 'D_high': 8182.111518618414, 'fire_exp': 1.4665043946307825, 'P_half': 125.61043700013555, 'pre_dampen_half': 304.7488318185732, 'gpp_af': 0.0025511964576171086, 'gpp_b': 3.228689523591491e-05, 'gpp_d': 5.878566318396007, 'ign_k': 0.019192001101561888, 'ign_c': 0.1457050032975653}.
[I 2026-08-06 00:16:24,471] Trial 605 finished with values: [10.710157277518649, 10.710157277518649] and parameters: {'k1': 0.021368329072358756, 'D_low': 4.051452710153359, 'k2': 3.5917714215176105e-05, 'D_high': 10316.033434719713, 'fire_exp': 1.1044852285094786, 'P_half': 147.09699119495133, 'pre_dampen_half': 76.86605275420082, 'gpp_af': 0.0025511964576171086, 'gpp_b': 0.10123867001105968, 'gpp_d': 150.14555442537656, 'ign_k': 0.03141110271934876, 'ign_c': 14.810800730363484}.
[I 2026-08-06 00:16:25,456] Trial 606 finished with values: [10.008402806820968, 10.008402806820968] and parameters: {'k1': 6.283039697972715e-05, 'D_low': 98.57545621889057, 'k2': 2.1698375693549493e-05, 'D_high': 949.9072859745386, 'fire_exp': 1.182396148413737, 'P_half': 7.857247967427123, 'pre_dampen_half': 36.876350096203005, 'gpp_af': 0.0025511964576171086, 'gpp_b': 8.539677611488478e-05, 'gpp_d': 668.5510162938966, 'ign_k': 3.7173717478250508, 'ign_c': 9.34330265731847}.
[I 2026-08-06 00:16:26,414] Trial 607 finished with values: [10.316355986293894, 10.316355986293894] and parameters: {'k1': 0.0017320535908244437, 'D_low': 525.911865925123, 'k2': 1.4378290221680118e-05, 'D_high': 639.0695092073224, 'fire_exp': 1.180859992527605, 'P_half': 4.397766894483963, 'pre_dampen_half': 33.9790424311127, 'gpp_af': 22.766850248686247, 'gpp_b': 3.228689523591491e-05, 'gpp_d': 668.5510162938966, 'ign_k': 3.7173717478250508, 'ign_c': 2.92043384718141}.
[I 2026-08-06 00:16:27,386] Trial 608 finished with values: [10.642760055149571, 10.642760055149571] and parameters: {'k1': 0.002971796631657383, 'D_low': 74.92772870670282, 'k2': 0.0007081721844034209, 'D_high': 9769.756791866093, 'fire_exp': 1.0881360604103363, 'P_half': 10.226988730324324, 'pre_dampen_half': 5.542030950268268, 'gpp_af': 0.08235550625917108, 'gpp_b': 0.011750724729953272, 'gpp_d': 0.014231887793088498, 'ign_k': 0.11903394335305037, 'ign_c': 6.160975294741436}.
[I 2026-08-06 00:16:28,550] Trial 609 finished with values: [-0.5125168578624202, 0.23385309824101508] and parameters: {'k1': 0.0029707920514735983, 'D_low': 10.733257635049776, 'k2': 0.0004381141781653133, 'D_high': 233.52156626184438, 'fire_exp': 1.182396148413737, 'P_half': 39.03214299767183, 'pre_dampen_half': 703.6426675556048, 'gpp_af': 0.0025511964576171086, 'gpp_b': 8.539677611488478e-05, 'gpp_d': 0.19476644406315288, 'ign_k': 0.03141110271934876, 'ign_c': 47.268615251255675}.
[I 2026-08-06 00:16:29,562] Trial 610 finished with values: [10.151814627173426, 10.151814627173426] and parameters: {'k1': 0.0017320535908244437, 'D_low': 532.1216007763549, 'k2': 0.0007087479683081, 'D_high': 9769.756791866093, 'fire_exp': 1.5201277403788451, 'P_half': 2.157758652553991, 'pre_dampen_half': 33.9790424311127, 'gpp_af': 29.925002022877802, 'gpp_b': 0.011750724729953272, 'gpp_d': 39.827466658711515, 'ign_k': 0.017654048052495083, 'ign_c': 14.810800730363484}.
[I 2026-08-06 00:16:30,588] Trial 611 finished with values: [-0.5128634321683552, 0.15254704643956596] and parameters: {'k1': 0.029722820698619923, 'D_low': 7.068974950624602, 'k2': 0.0004381141781653133, 'D_high': 6455.595882939566, 'fire_exp': 1.151006986743773, 'P_half': 1938.3858782150498, 'pre_dampen_half': 111.37963167994629, 'gpp_af': 0.028585493941961918, 'gpp_b': 3.228689523591491e-05, 'gpp_d': 13.076473382928533, 'ign_k': 0.031134168041628628, 'ign_c': 47.268615251255675}.
[I 2026-08-06 00:16:31,573] Trial 612 finished with values: [10.55423541868932, 10.55423541868932] and parameters: {'k1': 0.021368329072358756, 'D_low': 7.068974950624602, 'k2': 1.1184534120760473e-05, 'D_high': 9769.756791866093, 'fire_exp': 1.1044852285094786, 'P_half': 125.61043700013555, 'pre_dampen_half': 43.23598413711193, 'gpp_af': 0.028585493941961918, 'gpp_b': 0.2859164396628517, 'gpp_d': 5.878566318396007, 'ign_k': 0.050346969882634894, 'ign_c': 2.92043384718141}.
[I 2026-08-06 00:16:32,535] Trial 613 finished with values: [10.334865511248042, 10.334865511248042] and parameters: {'k1': 0.0005486676498816061, 'D_low': 1.54121727098019, 'k2': 2.1698375693549493e-05, 'D_high': 949.9072859745386, 'fire_exp': 1.182396148413737, 'P_half': 7.857247967427123, 'pre_dampen_half': 36.876350096203005, 'gpp_af': 0.0025511964576171086, 'gpp_b': 0.003510201564752293, 'gpp_d': 5.878566318396007, 'ign_k': 0.019192001101561888, 'ign_c': 2.92043384718141}.
[I 2026-08-06 00:16:33,482] Trial 614 finished with values: [10.798833589048892, 10.798833589048892] and parameters: {'k1': 0.025383218374507292, 'D_low': 4.051452710153359, 'k2': 3.5917714215176105e-05, 'D_high': 3660.150802571655, 'fire_exp': 1.5201277403788451, 'P_half': 39.03214299767183, 'pre_dampen_half': 304.7488318185732, 'gpp_af': 0.0025511964576171086, 'gpp_b': 3.228689523591491e-05, 'gpp_d': 8.144272585223819, 'ign_k': 0.03141110271934876, 'ign_c': 2.41842279584716}.
