[I 2026-08-19 17:03:59,054] Trial 202 finished with value: 0.6445374145881376 and parameters: {'k1': 9.513477563453201e-05, 'D_low': 721.7448004760412, 'k2': 0.000328284723074427, 'D_high': 8674.184969401298, 'fire_exp': 2.464678782809001, 'P_half': 12.214530568901813, 'pre_dampen_half': 428.43932873111004, 'gpp_af': 0.01751306710947752, 'gpp_b': 2.0860413641726638e-05, 'gpp_d': 0.44942677286399607, 'ign_k': 0.6841916246738539, 'ign_c': 421.5587235506373, 'trop_agb_crit': 5.124726379657475, 'trop_k_veg': 2.0607018494975478, 'pop_amp': 0.06303138136253933, 'pop_peak': 0.43371383284151555, 'pop_sig': 0.7836394746422004, 'fuel_k': 0.49851067109410946, 'fuel_half': 0.29234124557004665}. Best is trial 0 with value: -0.6094076133578652.
  trial  203/2500  best_overall=0.6094  (5.6 min)
[I 2026-08-19 17:04:00,786] Trial 203 finished with value: 0.46130806632212884 and parameters: {'k1': 0.00023779000959665725, 'D_low': 2704.592686608328, 'k2': 8.423875816694641e-05, 'D_high': 71405.49315952112, 'fire_exp': 1.5800424777050193, 'P_half': 11.505317438717839, 'pre_dampen_half': 555.3591841888976, 'gpp_af': 0.0010643152067941772, 'gpp_b': 0.0002893002199387483, 'gpp_d': 0.014721163179125224, 'ign_k': 3.07196437043011, 'ign_c': 2.505287565703861, 'trop_agb_crit': 6.490328616639672, 'trop_k_veg': 1.6117519813559344, 'pop_amp': 0.22687636270679115, 'pop_peak': 0.2878022358795471, 'pop_sig': 0.8588951451670777, 'fuel_k': 0.24067167096497827, 'fuel_half': 0.7120683496600642}. Best is trial 0 with value: -0.6094076133578652.
[I 2026-08-19 17:04:02,459] Trial 204 finished with value: 0.46017387656712627 and parameters: {'k1': 0.004593360063605549, 'D_low': 31.15483681713521, 'k2': 0.00862778116946365, 'D_high': 92961.64778453059, 'fire_exp': 1.7794161872463412, 'P_half': 81.68281862554745, 'pre_dampen_half': 106.30739973197555, 'gpp_af': 0.5648275098565401, 'gpp_b': 3.713757947354948e-05, 'gpp_d': 98.41213691045868, 'ign_k': 0.10377115247789608, 'ign_c': 6.2435769431627355, 'trop_agb_crit': 1.7955137564542099, 'trop_k_veg': 0.5010554297185037, 'pop_amp': 0.009756827735653364, 'pop_peak': 76.24163166219327, 'pop_sig': 1.8702596116078043, 'fuel_k': 0.04189297707805548, 'fuel_half': 5.536656294515826}. Best is trial 0 with value: -0.6094076133578652.
[I 2026-08-19 17:04:04,228] Trial 205 finished with value: 0.5403100044211852 and parameters: {'k1': 0.0005505841330337597, 'D_low': 24972.998621764895, 'k2': 0.002852715186107795, 'D_high': 161481.49256776704, 'fire_exp': 1.416227081205461, 'P_half': 900.6799217516221, 'pre_dampen_half': 8.072130967825142, 'gpp_af': 0.09140981111849783, 'gpp_b': 0.00011877845254920761, 'gpp_d': 1.7807198483575306, 'ign_k': 2.16478576613072, 'ign_c': 8.576772675014652, 'trop_agb_crit': 25.22832174632247, 'trop_k_veg': 6.040916069915335, 'pop_amp': 0.021545426665912835, 'pop_peak': 8.385251266763177, 'pop_sig': 0.3012737955433449, 'fuel_k': 0.30022432508549796, 'fuel_half': 0.12630487258712716}. Best is trial 0 with value: -0.6094076133578652.
[I 2026-08-19 17:04:05,865] Trial 206 finished with value: 0.6119255102740151 and parameters: {'k1': 0.002986725193555404, 'D_low': 1365.680207528416, 'k2': 0.09504370527524567, 'D_high': 99202.00800574454, 'fire_exp': 1.1125512702778817, 'P_half': 224.12290032456337, 'pre_dampen_half': 0.02112307220294944, 'gpp_af': 5.515631931902595, 'gpp_b': 0.0032503626365024477, 'gpp_d': 0.04387713145944401, 'ign_k': 0.6696646657005091, 'ign_c': 2.3342202294815464, 'trop_agb_crit': 3.0522974993070493, 'trop_k_veg': 1.2655821738038717, 'pop_amp': 1.1456333985505918, 'pop_peak': 4.935032670910729, 'pop_sig': 0.4246043815150699, 'fuel_k': 0.08348965848079634, 'fuel_half': 39.34838884570427}. Best is trial 0 with value: -0.6094076133578652.
[I 2026-08-19 17:04:07,541] Trial 207 finished with value: 0.4746832339942333 and parameters: {'k1': 0.017312639837928596, 'D_low': 129.97599999605373, 'k2': 0.0024660542349582075, 'D_high': 2382134.634733342, 'fire_exp': 1.3897678547017247, 'P_half': 17.272197090528426, 'pre_dampen_half': 0.07241860188886586, 'gpp_af': 16.898988999215383, 'gpp_b': 0.00021982407789465392, 'gpp_d': 5.287601333462384, 'ign_k': 0.04592252001273946, 'ign_c': 0.4328506232390587, 'trop_agb_crit': 3.116011189455704, 'trop_k_veg': 0.7421969331359571, 'pop_amp': 2.3315754024011017, 'pop_peak': 1.3205837149034796, 'pop_sig': 0.9378242162386835, 'fuel_k': 0.11115856345784447, 'fuel_half': 7.9439994082217185}. Best is trial 0 with value: -0.6094076133578652.
[I 2026-08-19 17:04:09,128] Trial 208 finished with value: 0.60151241151391 and parameters: {'k1': 1.256514961982597e-05, 'D_low': 7220.682223636335, 'k2': 0.00496346601171697, 'D_high': 80250.98850494095, 'fire_exp': 2.037624301241927, 'P_half': 57.27308604670213, 'pre_dampen_half': 2.352212503560175, 'gpp_af': 0.0010149222644953418, 'gpp_b': 0.011372435629152336, 'gpp_d': 0.02291140666475965, 'ign_k': 1.1206524526116814, 'ign_c': 4.716979556922481, 'trop_agb_crit': 2.444733749981111, 'trop_k_veg': 2.613237358072128, 'pop_amp': 0.1218707839173249, 'pop_peak': 0.11290808712477349, 'pop_sig': 1.1009033682921023, 'fuel_k': 0.403904797840633, 'fuel_half': 0.1888168435015302}. Best is trial 0 with value: -0.6094076133578652.
[I 2026-08-19 17:04:10,744] Trial 209 finished with value: 0.5372259482424683 and parameters: {'k1': 2.1750579694807975e-05, 'D_low': 10331.708650432609, 'k2': 0.00022468372615682517, 'D_high': 747050.2800317921, 'fire_exp': 1.319137277711641, 'P_half': 94.43443442621316, 'pre_dampen_half': 407.93584564982916, 'gpp_af': 0.0060169638377306715, 'gpp_b': 0.0011809025966153677, 'gpp_d': 0.010113511408271401, 'ign_k': 5.675613342168594, 'ign_c': 24.64661057607906, 'trop_agb_crit': 5.839543212670256, 'trop_k_veg': 3.5459043992504915, 'pop_amp': 0.0025799333230996715, 'pop_peak': 0.8125788617034134, 'pop_sig': 1.0045977925594838, 'fuel_k': 0.42669138813011287, 'fuel_half': 0.1635457794214975}. Best is trial 0 with value: -0.6094076133578652.
[I 2026-08-19 17:04:12,378] Trial 210 finished with value: 0.513725797288421 and parameters: {'k1': 0.07106806465699597, 'D_low': 3.3926339058509134, 'k2': 0.0024584542322076686, 'D_high': 1154461.7289848642, 'fire_exp': 1.7254283699121167, 'P_half': 15.213073068276781, 'pre_dampen_half': 3.0404013366363665, 'gpp_af': 2.8326831318355725, 'gpp_b': 3.8543223629926284e-05, 'gpp_d': 0.4156649476772774, 'ign_k': 4.6371156897159125, 'ign_c': 2.416664228273963, 'trop_agb_crit': 4.314589019925099, 'trop_k_veg': 0.652526573145426, 'pop_amp': 0.3097979132726215, 'pop_peak': 0.07397620548441496, 'pop_sig': 1.6771540182644022, 'fuel_k': 0.13898960034975513, 'fuel_half': 49.47082684876714}. Best is trial 0 with value: -0.6094076133578652.
[I 2026-08-19 17:04:14,061] Trial 211 finished with value: 0.5713050631078953 and parameters: {'k1': 0.028069872604134946, 'D_low': 14.789794526137406, 'k2': 0.0071116684875354805, 'D_high': 1575845.6375047287, 'fire_exp': 2.385635388997852, 'P_half': 1.7958412445282128, 'pre_dampen_half': 255.3044240971536, 'gpp_af': 9.273058690469448, 'gpp_b': 1.9897160303843404e-05, 'gpp_d': 0.5418167527182631, 'ign_k': 5.17458090781946, 'ign_c': 0.5917852416379769, 'trop_agb_crit': 6.666718795749585, 'trop_k_veg': 1.5209561937621783, 'pop_amp': 0.003488626147852755, 'pop_peak': 2.7810055601113848, 'pop_sig': 1.2718227249172722, 'fuel_k': 0.014349153565559285, 'fuel_half': 13.362080490589772}. Best is trial 0 with value: -0.6094076133578652.
[I 2026-08-19 17:04:15,717] Trial 212 finished with value: 0.5657629020766738 and parameters: {'k1': 0.00949531076167568, 'D_low': 43772.516294580964, 'k2': 0.034536785529516036, 'D_high': 1860390.3897433025, 'fire_exp': 2.0351732557738207, 'P_half': 27.433511723939883, 'pre_dampen_half': 0.27826657092580986, 'gpp_af': 0.20460994701342455, 'gpp_b': 4.2658419481960266e-05, 'gpp_d': 0.11966731485072812, 'ign_k': 1.196845690213716, 'ign_c': 0.4010019497742057, 'trop_agb_crit': 4.95185280169277, 'trop_k_veg': 1.5231106918799728, 'pop_amp': 0.20435289721043612, 'pop_peak': 0.24753223222009627, 'pop_sig': 0.8463738604270625, 'fuel_k': 0.015393269965395931, 'fuel_half': 5.402595409522945}. Best is trial 0 with value: -0.6094076133578652.
[I 2026-08-19 17:04:17,376] Trial 213 finished with value: 0.6141321029705441 and parameters: {'k1': 0.0006951253905121384, 'D_low': 445.99008454836604, 'k2': 0.015356539559217012, 'D_high': 968794.1918193457, 'fire_exp': 1.280878159870129, 'P_half': 1162.9898015817905, 'pre_dampen_half': 777.2076860967802, 'gpp_af': 0.0024434265961407104, 'gpp_b': 2.4901626256592748e-05, 'gpp_d': 13.22159114711469, 'ign_k': 0.6317914159812091, 'ign_c': 38.13624331412245, 'trop_agb_crit': 14.611848257994914, 'trop_k_veg': 6.241560908209618, 'pop_amp': 0.00187518302360502, 'pop_peak': 2.5037395998305887, 'pop_sig': 1.1577643676784342, 'fuel_k': 0.17701080810532044, 'fuel_half': 0.32083485277845336}. Best is trial 0 with value: -0.6094076133578652.
[I 2026-08-19 17:04:19,004] Trial 214 finished with value: 0.5339192302726937 and parameters: {'k1': 0.005320846369011183, 'D_low': 22115.80079364624, 'k2': 0.004189434253894487, 'D_high': 70227.06427829305, 'fire_exp': 1.1889435495933125, 'P_half': 39.39640348286786, 'pre_dampen_half': 0.022143981299208172, 'gpp_af': 2.967445263803871, 'gpp_b': 2.4409443564680164e-05, 'gpp_d': 11.43646248786622, 'ign_k': 0.4225167323684802, 'ign_c': 0.12003269682246846, 'trop_agb_crit': 1.0073523775999929, 'trop_k_veg': 0.5410025839910584, 'pop_amp': 4.321954071570137, 'pop_peak': 3.4619680034168834, 'pop_sig': 0.5915796189041248, 'fuel_k': 0.04425175387564855, 'fuel_half': 23.611887208755466}. Best is trial 0 with value: -0.6094076133578652.
[I 2026-08-19 17:04:20,690] Trial 215 finished with value: 0.567339346357471 and parameters: {'k1': 0.08518492636232515, 'D_low': 1.6026860531922784, 'k2': 0.005279061630697756, 'D_high': 21659.014562714405, 'fire_exp': 3.087510006279023, 'P_half': 2.664347079781348, 'pre_dampen_half': 0.5141700877255588, 'gpp_af': 2.823506771342791, 'gpp_b': 0.00023510814201426226, 'gpp_d': 183.38861589021965, 'ign_k': 0.7540343664732301, 'ign_c': 6.471917410978639, 'trop_agb_crit': 1.2465626586470813, 'trop_k_veg': 0.6175594031159628, 'pop_amp': 0.03469152878347459, 'pop_peak': 13.888709352630201, 'pop_sig': 1.6606663257838485, 'fuel_k': 0.01560138919053132, 'fuel_half': 11.32982848278488}. Best is trial 0 with value: -0.6094076133578652.
  trial  216/2500  best_overall=0.6094  (5.9 min)
[I 2026-08-19 17:04:22,355] Trial 216 finished with value: -0.5587769060246275 and parameters: {'k1': 0.00011804260719421977, 'D_low': 2110.749048279746, 'k2': 0.0002928536454325564, 'D_high': 48645.47322493333, 'fire_exp': 1.1576826724881253, 'P_half': 113.88564524509303, 'pre_dampen_half': 1.8844798353514136, 'gpp_af': 0.002515978708779136, 'gpp_b': 8.305216487772052e-05, 'gpp_d': 0.05213482216208033, 'ign_k': 1.1185381126590077, 'ign_c': 4.499770487364448, 'trop_agb_crit': 18.154954793064597, 'trop_k_veg': 3.8488432525528053, 'pop_amp': 0.0031277034446632115, 'pop_peak': 34.0762759243956, 'pop_sig': 1.993054917030286, 'fuel_k': 1.0343865023372536, 'fuel_half': 0.6680169438505844}. Best is trial 0 with value: -0.6094076133578652.
[I 2026-08-19 17:04:23,972] Trial 217 finished with value: 0.5150040326796184 and parameters: {'k1': 7.460516807524354e-05, 'D_low': 27673.057607657825, 'k2': 1.7769147621518717e-05, 'D_high': 324843.80018292385, 'fire_exp': 1.3845524016971764, 'P_half': 119.07628775028581, 'pre_dampen_half': 8.373834497106223, 'gpp_af': 0.002112069921025999, 'gpp_b': 0.00048120086279572087, 'gpp_d': 0.1989443414627903, 'ign_k': 0.7810254611847264, 'ign_c': 4.814634756629589, 'trop_agb_crit': 14.115240201737347, 'trop_k_veg': 0.5433150723160757, 'pop_amp': 0.20051618883490976, 'pop_peak': 14.563203440154673, 'pop_sig': 1.2977005570557496, 'fuel_k': 0.7156649365688628, 'fuel_half': 0.6994004506014988}. Best is trial 0 with value: -0.6094076133578652.
[I 2026-08-19 17:04:25,555] Trial 218 finished with value: 0.5612526763475091 and parameters: {'k1': 0.0026456341763182283, 'D_low': 268.89491697971334, 'k2': 0.00041074229093162587, 'D_high': 4525.1665061132335, 'fire_exp': 1.2459500741569023, 'P_half': 41.24880146526809, 'pre_dampen_half': 2.0774848943817985, 'gpp_af': 0.003591832310911882, 'gpp_b': 7.765964515466226e-05, 'gpp_d': 0.02664878238634183, 'ign_k': 4.078757034395468, 'ign_c': 3.655041976783603, 'trop_agb_crit': 15.743279819023876, 'trop_k_veg': 5.643945760288906, 'pop_amp': 0.01271384072774274, 'pop_peak': 30.037033467569376, 'pop_sig': 1.307115654163207, 'fuel_k': 0.7556602171348068, 'fuel_half': 0.9658853405579609}. Best is trial 0 with value: -0.6094076133578652.
[I 2026-08-19 17:04:27,191] Trial 219 finished with value: 0.4994558092097098 and parameters: {'k1': 5.290312977754778e-05, 'D_low': 261.86722716454517, 'k2': 7.750723254349482e-05, 'D_high': 194475.9704311126, 'fire_exp': 1.1429138764044395, 'P_half': 80.04453205549105, 'pre_dampen_half': 2.131744081242969, 'gpp_af': 0.0032404718828766047, 'gpp_b': 0.0024423240470949023, 'gpp_d': 0.011618464624866301, 'ign_k': 0.49598182113394373, 'ign_c': 1.0283048661912533, 'trop_agb_crit': 12.845007908392256, 'trop_k_veg': 3.595502420400365, 'pop_amp': 0.012806692493106609, 'pop_peak': 19.991433229598968, 'pop_sig': 1.9173250987367274, 'fuel_k': 1.0791600308830294, 'fuel_half': 0.3191872866174222}. Best is trial 0 with value: -0.6094076133578652.
[I 2026-08-19 17:04:28,772] Trial 220 finished with value: 0.5549636382128466 and parameters: {'k1': 0.00817190755548633, 'D_low': 3062.208732181147, 'k2': 0.0002402457175565901, 'D_high': 2574183.1719326945, 'fire_exp': 2.486888561575493, 'P_half': 9.684088664357823, 'pre_dampen_half': 0.207348074884687, 'gpp_af': 61.15193689887444, 'gpp_b': 0.0004714858227365363, 'gpp_d': 0.04428292437609319, 'ign_k': 0.23490664549387869, 'ign_c': 0.12541084339280398, 'trop_agb_crit': 1.0142955377883454, 'trop_k_veg': 0.9601775585506318, 'pop_amp': 14.33245645579083, 'pop_peak': 0.5754717302966043, 'pop_sig': 0.7636682810729444, 'fuel_k': 0.06262355115007727, 'fuel_half': 44.828717607621684}. Best is trial 0 with value: -0.6094076133578652.
[I 2026-08-19 17:04:30,376] Trial 221 finished with value: 0.6445374145881376 and parameters: {'k1': 0.006523918894769699, 'D_low': 17.303231584759814, 'k2': 0.023555050096852107, 'D_high': 10783.36215885289, 'fire_exp': 1.4694382208843675, 'P_half': 24.598947746926413, 'pre_dampen_half': 8.905654655227222, 'gpp_af': 0.027004980226319406, 'gpp_b': 0.00021786380269379769, 'gpp_d': 630.9462463512037, 'ign_k': 0.5740635952697374, 'ign_c': 90.73637635972125, 'trop_agb_crit': 8.144388250461239, 'trop_k_veg': 1.03541069094988, 'pop_amp': 0.8261210583340801, 'pop_peak': 58.23194327924278, 'pop_sig': 1.3756692736017262, 'fuel_k': 0.09974642468247372, 'fuel_half': 5.523708399772881}. Best is trial 0 with value: -0.6094076133578652.
[I 2026-08-19 17:04:31,976] Trial 222 finished with value: 0.6054930792103195 and parameters: {'k1': 0.0001264292052450012, 'D_low': 74252.3498115426, 'k2': 0.03547185842112489, 'D_high': 11856.407490127429, 'fire_exp': 1.3479243934876197, 'P_half': 562.2741738028791, 'pre_dampen_half': 143.7928124779801, 'gpp_af': 15.408764182937349, 'gpp_b': 2.911048849910217e-05, 'gpp_d': 2.9947047075280926, 'ign_k': 4.475510601252142, 'ign_c': 4.249569840144361, 'trop_agb_crit': 24.816177478596337, 'trop_k_veg': 3.8120585009071983, 'pop_amp': 0.00721312410070617, 'pop_peak': 3.8486909780500156, 'pop_sig': 1.7491507004051934, 'fuel_k': 1.282972702667323, 'fuel_half': 0.8490808546986256}. Best is trial 0 with value: -0.6094076133578652.
[I 2026-08-19 17:04:33,584] Trial 223 finished with value: 0.6445374145881376 and parameters: {'k1': 0.00011057149289374152, 'D_low': 2.5794926922841905, 'k2': 0.08666062430809168, 'D_high': 3232.637183650049, 'fire_exp': 1.165062064351679, 'P_half': 136.99865804615715, 'pre_dampen_half': 0.8362748238842953, 'gpp_af': 0.11581707797420662, 'gpp_b': 0.0002848097493604122, 'gpp_d': 949.5769148699711, 'ign_k': 2.779708927559848, 'ign_c': 107.16858348225395, 'trop_agb_crit': 20.501304617632282, 'trop_k_veg': 0.6906410908449532, 'pop_amp': 0.0011101026409590547, 'pop_peak': 15.051422422954097, 'pop_sig': 2.4628671897984984, 'fuel_k': 0.015170221665433564, 'fuel_half': 83.93487439227508}. Best is trial 0 with value: -0.6094076133578652.
[I 2026-08-19 17:04:35,176] Trial 224 finished with value: 0.4643877105260643 and parameters: {'k1': 0.0001371806588665661, 'D_low': 419.17218955428535, 'k2': 0.0005141083780968208, 'D_high': 91014.44809342477, 'fire_exp': 4.137678535240004, 'P_half': 35.91330458786831, 'pre_dampen_half': 42.31129174539174, 'gpp_af': 0.0045434003626528465, 'gpp_b': 1.8060581154810676e-05, 'gpp_d': 0.06485571228716269, 'ign_k': 4.592917217966278, 'ign_c': 7.665489413963706, 'trop_agb_crit': 6.934137486163187, 'trop_k_veg': 1.2917026908111675, 'pop_amp': 0.012872216084913677, 'pop_peak': 2.5060404080818675, 'pop_sig': 1.2476225877805849, 'fuel_k': 0.25072015626334004, 'fuel_half': 3.0441160153098767}. Best is trial 0 with value: -0.6094076133578652.
[I 2026-08-19 17:04:36,797] Trial 225 finished with value: 0.5746833116272941 and parameters: {'k1': 0.0011953559509585434, 'D_low': 5619.586588017813, 'k2': 0.0004913851807605905, 'D_high': 667835.025844869, 'fire_exp': 1.790034880086042, 'P_half': 1.0119070143452156, 'pre_dampen_half': 0.20477226939549323, 'gpp_af': 0.3061542703760182, 'gpp_b': 0.1961314748517326, 'gpp_d': 1.8600215937702793, 'ign_k': 0.35372386192827443, 'ign_c': 1.2974089401613464, 'trop_agb_crit': 4.436911092958436, 'trop_k_veg': 0.8456527830907353, 'pop_amp': 0.10209010213378195, 'pop_peak': 0.20860102006734338, 'pop_sig': 0.808700883686977, 'fuel_k': 0.27234810147757244, 'fuel_half': 97.12373011390639}. Best is trial 0 with value: -0.6094076133578652.
[I 2026-08-19 17:04:38,368] Trial 226 finished with value: 0.5909501654803309 and parameters: {'k1': 0.0017111035225548094, 'D_low': 18.954498417992024, 'k2': 1.4455492758427586e-05, 'D_high': 110080.5040251906, 'fire_exp': 1.8836866904256677, 'P_half': 2081.520730082007, 'pre_dampen_half': 3.544601317867784, 'gpp_af': 0.0014482988964986062, 'gpp_b': 0.000651294466043715, 'gpp_d': 1.4886440690562177, 'ign_k': 2.292030670175938, 'ign_c': 1.7757817114151189, 'trop_agb_crit': 9.074535573116354, 'trop_k_veg': 1.0211479234732215, 'pop_amp': 0.07140519289304992, 'pop_peak': 0.09723124191291195, 'pop_sig': 2.045792523280396, 'fuel_k': 0.13146597045417782, 'fuel_half': 0.48711249180212435}. Best is trial 0 with value: -0.6094076133578652.
[I 2026-08-19 17:04:39,978] Trial 227 finished with value: 0.5600958236975864 and parameters: {'k1': 8.499198292178318e-05, 'D_low': 6776.41900887539, 'k2': 0.0020184766647119044, 'D_high': 555118.3835473012, 'fire_exp': 1.772870331215316, 'P_half': 52.96782700699056, 'pre_dampen_half': 0.1137856531057569, 'gpp_af': 16.533570469777246, 'gpp_b': 0.00046445010776842405, 'gpp_d': 26.93532464749937, 'ign_k': 0.03068962801778069, 'ign_c': 12.834528374346016, 'trop_agb_crit': 12.24311013977641, 'trop_k_veg': 0.517072906651126, 'pop_amp': 0.14777759547190172, 'pop_peak': 0.25138795038071016, 'pop_sig': 1.1437146139204761, 'fuel_k': 0.7398980274732956, 'fuel_half': 47.25982336156254}. Best is trial 0 with value: -0.6094076133578652.
[I 2026-08-19 17:04:41,595] Trial 228 finished with value: 0.46535139782232016 and parameters: {'k1': 0.007668349062159274, 'D_low': 1464.988739212863, 'k2': 0.013761794508888866, 'D_high': 707008.2872513687, 'fire_exp': 1.625007100860222, 'P_half': 10.658617015151162, 'pre_dampen_half': 0.28571445184373995, 'gpp_af': 9.19690763661545, 'gpp_b': 0.016595917642653703, 'gpp_d': 176.04033994515706, 'ign_k': 0.3253092681650631, 'ign_c': 14.104727314877287, 'trop_agb_crit': 11.93466872036408, 'trop_k_veg': 0.867421872015496, 'pop_amp': 0.02008570649895656, 'pop_peak': 0.9914166683371234, 'pop_sig': 1.4961351518657522, 'fuel_k': 0.32792736836026476, 'fuel_half': 62.03451371522043}. Best is trial 0 with value: -0.6094076133578652.
  trial  229/2500  best_overall=0.6094  (6.3 min)
[I 2026-08-19 17:04:43,262] Trial 229 finished with value: 0.5006136525554064 and parameters: {'k1': 0.00019068146764191846, 'D_low': 147.6312694551178, 'k2': 0.00010273923484223312, 'D_high': 169887.62498600502, 'fire_exp': 1.401742908250425, 'P_half': 2.185647969283669, 'pre_dampen_half': 0.5402668442778068, 'gpp_af': 0.2707314705676992, 'gpp_b': 0.0419403721214017, 'gpp_d': 99.83982271967575, 'ign_k': 0.24287249833176164, 'ign_c': 0.16497351615215872, 'trop_agb_crit': 5.849268932519475, 'trop_k_veg': 0.6912816284190574, 'pop_amp': 0.19935105039306603, 'pop_peak': 1.0629830470776742, 'pop_sig': 0.9911833998408052, 'fuel_k': 0.07488487866269534, 'fuel_half': 89.57966655389009}. Best is trial 0 with value: -0.6094076133578652.
[I 2026-08-19 17:04:44,834] Trial 230 finished with value: 0.4589338095297528 and parameters: {'k1': 7.329406157152897e-05, 'D_low': 403.59568825191974, 'k2': 0.00016378441634966017, 'D_high': 452969.2504910257, 'fire_exp': 1.1984080658347709, 'P_half': 1477.5329137250867, 'pre_dampen_half': 0.2093475060987774, 'gpp_af': 0.008265635915748186, 'gpp_b': 0.002103991054711473, 'gpp_d': 519.7196899210832, 'ign_k': 3.3319643384084645, 'ign_c': 2.2078294881170875, 'trop_agb_crit': 12.723693434945153, 'trop_k_veg': 1.9794993685072684, 'pop_amp': 19.520000746328606, 'pop_peak': 96.65791162842835, 'pop_sig': 0.7835288567768158, 'fuel_k': 1.0188070861849563, 'fuel_half': 0.27688578465148267}. Best is trial 0 with value: -0.6094076133578652.
