[I 2026-08-19 17:16:33,731] Trial 666 finished with value: 0.4716652067366065 and parameters: {'k1': 0.00043452076445387545, 'D_low': 9.944023452145759, 'k2': 0.0009019989518715815, 'D_high': 168475.45750689728, 'fire_exp': 1.9952910523326024, 'P_half': 77.00197903719292, 'pre_dampen_half': 0.47022893884859795, 'gpp_af': 66.37522623822181, 'gpp_b': 0.001197528845445999, 'gpp_d': 893.1758691156502, 'ign_k': 0.4357995937740357, 'ign_c': 2.3189863521696865, 'trop_agb_crit': 4.477977893577941, 'trop_k_veg': 2.501620461138924, 'pop_amp': 0.19199664044242157, 'pop_peak': 2.083334337094421, 'pop_sig': 0.6922906379169982, 'fuel_k': 0.9153860353704478, 'fuel_half': 40.84017539038822}. Best is trial 0 with value: -0.6094076133578652.
  trial  667/2500  best_overall=0.6094  (18.2 min)
[I 2026-08-19 17:16:35,511] Trial 667 finished with value: 0.4658384133464193 and parameters: {'k1': 0.00011097803977668579, 'D_low': 2133.0037080918937, 'k2': 5.514085748592389e-05, 'D_high': 198062.73991825947, 'fire_exp': 2.6817044470514655, 'P_half': 30.263148694347667, 'pre_dampen_half': 0.26866444335933143, 'gpp_af': 0.07493395861122089, 'gpp_b': 0.0018211421137854656, 'gpp_d': 82.786485187193, 'ign_k': 0.15115455879220838, 'ign_c': 13.17972350826719, 'trop_agb_crit': 18.093946279049327, 'trop_k_veg': 4.6433112531007215, 'pop_amp': 2.9640975454438423, 'pop_peak': 798.5652975257667, 'pop_sig': 0.6045979590178223, 'fuel_k': 3.963805934706458, 'fuel_half': 0.23001344523084094}. Best is trial 0 with value: -0.6094076133578652.
[I 2026-08-19 17:16:37,123] Trial 668 finished with value: 0.6331424071630072 and parameters: {'k1': 0.0002863024338131851, 'D_low': 629.12955189995, 'k2': 0.00021621864070120976, 'D_high': 7873888.459445424, 'fire_exp': 1.4873212001162675, 'P_half': 223.20328067825997, 'pre_dampen_half': 1.5412038328855342, 'gpp_af': 0.007972219859772582, 'gpp_b': 0.0006704494889691002, 'gpp_d': 0.8387169172891756, 'ign_k': 6.389977432650426, 'ign_c': 30.594719325417586, 'trop_agb_crit': 23.90052270376488, 'trop_k_veg': 1.5679914968612692, 'pop_amp': 0.0016042218291883533, 'pop_peak': 5.581198651029834, 'pop_sig': 0.4557910377767246, 'fuel_k': 2.1927318901001382, 'fuel_half': 0.342655612506181}. Best is trial 0 with value: -0.6094076133578652.
[I 2026-08-19 17:16:38,717] Trial 669 finished with value: 0.4467990997127197 and parameters: {'k1': 0.0008841810082405396, 'D_low': 1.312521141119972, 'k2': 0.023700295543418175, 'D_high': 8134660.56479933, 'fire_exp': 2.490699503076898, 'P_half': 40.69564228029054, 'pre_dampen_half': 0.6111128986281886, 'gpp_af': 1.720151198751429, 'gpp_b': 0.0002889922808728662, 'gpp_d': 62.06555639791935, 'ign_k': 1.725019083732992, 'ign_c': 8.094091944372744, 'trop_agb_crit': 2.1136216346982275, 'trop_k_veg': 3.3282888315282437, 'pop_amp': 0.02831929959303076, 'pop_peak': 21.554162242456666, 'pop_sig': 1.5971420325208745, 'fuel_k': 0.06454304573507501, 'fuel_half': 0.5349379050958386}. Best is trial 0 with value: -0.6094076133578652.
[I 2026-08-19 17:16:40,330] Trial 670 finished with value: 0.5798852541878569 and parameters: {'k1': 6.647828932732804e-05, 'D_low': 10.333964645088281, 'k2': 0.0581097585873562, 'D_high': 455220.57913255546, 'fire_exp': 1.6071073322632972, 'P_half': 128.95528916041863, 'pre_dampen_half': 0.40364951160456297, 'gpp_af': 0.05281607051023928, 'gpp_b': 2.2958375063953324e-05, 'gpp_d': 864.0886744568201, 'ign_k': 0.7617340357550961, 'ign_c': 29.395586874389608, 'trop_agb_crit': 1.5351825306468319, 'trop_k_veg': 1.4519543704042932, 'pop_amp': 0.27323651741511484, 'pop_peak': 0.9539171851766122, 'pop_sig': 1.2028200167817094, 'fuel_k': 0.1416003845274613, 'fuel_half': 0.4444847961696032}. Best is trial 0 with value: -0.6094076133578652.
[I 2026-08-19 17:16:41,972] Trial 671 finished with value: 0.4225214849747808 and parameters: {'k1': 5.0412241039335055e-05, 'D_low': 9827.825516233865, 'k2': 9.193397098277228e-05, 'D_high': 6882407.97752061, 'fire_exp': 1.4015519110231989, 'P_half': 28.292769350212055, 'pre_dampen_half': 0.68303081200396, 'gpp_af': 0.016915590542852594, 'gpp_b': 8.711242179923947e-05, 'gpp_d': 290.87435796934017, 'ign_k': 1.3877133267919775, 'ign_c': 3.9656623536251923, 'trop_agb_crit': 20.66556115453341, 'trop_k_veg': 7.641400033751391, 'pop_amp': 0.9112837967540169, 'pop_peak': 143.44104407405808, 'pop_sig': 0.6768205538742856, 'fuel_k': 2.6233324757534398, 'fuel_half': 0.15653984750367797}. Best is trial 0 with value: -0.6094076133578652.
[I 2026-08-19 17:16:43,579] Trial 672 finished with value: 0.5541764724136173 and parameters: {'k1': 0.04127275466349374, 'D_low': 2.688333579126997, 'k2': 0.035994988069858146, 'D_high': 3666639.518918408, 'fire_exp': 1.8487151087410996, 'P_half': 3.568803035175958, 'pre_dampen_half': 0.015055181118987331, 'gpp_af': 0.04787823628658008, 'gpp_b': 0.008252419542757895, 'gpp_d': 0.25814663871384536, 'ign_k': 0.9151432558858127, 'ign_c': 1.166688371929061, 'trop_agb_crit': 1.3044975083073733, 'trop_k_veg': 3.2807329612384044, 'pop_amp': 0.5049000356634404, 'pop_peak': 11.623572775093717, 'pop_sig': 0.9956946247273182, 'fuel_k': 0.0607564508151929, 'fuel_half': 0.37545188338655033}. Best is trial 0 with value: -0.6094076133578652.
[I 2026-08-19 17:16:45,178] Trial 673 finished with value: 0.40659506615135466 and parameters: {'k1': 0.02149984116305073, 'D_low': 220.00944300476692, 'k2': 0.004942203073324323, 'D_high': 9380903.145772744, 'fire_exp': 1.1230357124316515, 'P_half': 25.870637684504914, 'pre_dampen_half': 0.46125948382367415, 'gpp_af': 0.05703114421427012, 'gpp_b': 0.0003451209614148197, 'gpp_d': 5.259734641614383, 'ign_k': 3.9396445217948286, 'ign_c': 0.15934319404374342, 'trop_agb_crit': 6.496396345681773, 'trop_k_veg': 0.5780735476915422, 'pop_amp': 0.5383708963048147, 'pop_peak': 19.389610174885835, 'pop_sig': 1.0403280760312161, 'fuel_k': 0.07670787524819599, 'fuel_half': 17.36044975770444}. Best is trial 0 with value: -0.6094076133578652.
[I 2026-08-19 17:16:46,801] Trial 674 finished with value: 0.49657408489723487 and parameters: {'k1': 0.0023092788033913492, 'D_low': 70.40250959374353, 'k2': 0.05989370946124422, 'D_high': 344856.6428161199, 'fire_exp': 1.4941080249814953, 'P_half': 1.3922479446728957, 'pre_dampen_half': 0.017683019475784215, 'gpp_af': 0.7709789197100233, 'gpp_b': 1.0890649633400173e-05, 'gpp_d': 8.277318164921862, 'ign_k': 0.23282109151549923, 'ign_c': 2.6282510918727415, 'trop_agb_crit': 1.836245028215641, 'trop_k_veg': 2.443152617699738, 'pop_amp': 0.00844479554395657, 'pop_peak': 246.03087746865432, 'pop_sig': 2.421334861482416, 'fuel_k': 0.034589919121283105, 'fuel_half': 0.41898506916790257}. Best is trial 0 with value: -0.6094076133578652.
[I 2026-08-19 17:16:48,433] Trial 675 finished with value: 0.5570252473817386 and parameters: {'k1': 0.0006957044706483022, 'D_low': 8.119591138550271, 'k2': 0.06864862330978112, 'D_high': 451102.9293380844, 'fire_exp': 2.1371028493042434, 'P_half': 59.40652473451092, 'pre_dampen_half': 414.89719346141015, 'gpp_af': 0.011831921722870505, 'gpp_b': 0.0005812413438956233, 'gpp_d': 545.6575012788155, 'ign_k': 0.5864781524008218, 'ign_c': 27.84078493064285, 'trop_agb_crit': 3.2943842339838705, 'trop_k_veg': 0.8500694287550801, 'pop_amp': 0.002826279093584102, 'pop_peak': 341.11379588376843, 'pop_sig': 2.022463875208515, 'fuel_k': 0.3657103374901784, 'fuel_half': 0.10956625869969794}. Best is trial 0 with value: -0.6094076133578652.
[I 2026-08-19 17:16:50,045] Trial 676 finished with value: 0.5746501374969895 and parameters: {'k1': 9.011312447379428e-05, 'D_low': 13194.761136521684, 'k2': 0.00015458740842052253, 'D_high': 220779.2606759605, 'fire_exp': 1.7897725795495747, 'P_half': 2445.177239752722, 'pre_dampen_half': 0.22119520009451052, 'gpp_af': 0.005090331406451559, 'gpp_b': 0.0027059720650170257, 'gpp_d': 210.78324974237043, 'ign_k': 0.0582054814694326, 'ign_c': 0.3458912147865556, 'trop_agb_crit': 9.101927469701211, 'trop_k_veg': 7.704630048054919, 'pop_amp': 5.544413666550963, 'pop_peak': 9.3337418884689, 'pop_sig': 0.622462698980702, 'fuel_k': 2.0697629708727647, 'fuel_half': 0.17468348546324838}. Best is trial 0 with value: -0.6094076133578652.
[I 2026-08-19 17:16:51,650] Trial 677 finished with value: 0.44991166494985024 and parameters: {'k1': 0.00478723711111832, 'D_low': 12.065247310775227, 'k2': 0.08265404614300503, 'D_high': 1826703.9971410013, 'fire_exp': 3.73230109131632, 'P_half': 14.308938037357978, 'pre_dampen_half': 21.20693026857279, 'gpp_af': 1.6486438564426382, 'gpp_b': 4.893847209407031e-05, 'gpp_d': 487.75132600235867, 'ign_k': 0.6397011938487007, 'ign_c': 6.632776736879655, 'trop_agb_crit': 4.028909805384977, 'trop_k_veg': 1.1982436922189068, 'pop_amp': 0.07216410140189815, 'pop_peak': 870.4318413645655, 'pop_sig': 1.3142060342774273, 'fuel_k': 0.55761720242323, 'fuel_half': 0.37775628049813637}. Best is trial 0 with value: -0.6094076133578652.
[I 2026-08-19 17:16:53,244] Trial 678 finished with value: 0.5694022109663968 and parameters: {'k1': 0.02266163291918499, 'D_low': 2484.7158535040853, 'k2': 0.05724984449070812, 'D_high': 6291069.695826751, 'fire_exp': 4.974045877896899, 'P_half': 5.661708015885692, 'pre_dampen_half': 18.726451387161458, 'gpp_af': 0.024586964765128984, 'gpp_b': 0.0013213737952279224, 'gpp_d': 0.35033379252577795, 'ign_k': 0.05952027848082511, 'ign_c': 7.151245614967229, 'trop_agb_crit': 3.101202980294375, 'trop_k_veg': 1.3004987546306286, 'pop_amp': 0.01962898279812926, 'pop_peak': 472.14643961745605, 'pop_sig': 1.6290540089456147, 'fuel_k': 0.12334661437203857, 'fuel_half': 0.13908345847748188}. Best is trial 0 with value: -0.6094076133578652.
[I 2026-08-19 17:16:54,935] Trial 679 finished with value: -0.5548483164512372 and parameters: {'k1': 0.011907736120109423, 'D_low': 3.7307818438676392, 'k2': 0.006026398744190878, 'D_high': 6578487.92884369, 'fire_exp': 1.6826304787560837, 'P_half': 34.218174330121734, 'pre_dampen_half': 1.2818509775343176, 'gpp_af': 0.10371323080565881, 'gpp_b': 0.004880477963180849, 'gpp_d': 34.71863315047525, 'ign_k': 2.374597702700706, 'ign_c': 0.12361158233803103, 'trop_agb_crit': 6.91007574681923, 'trop_k_veg': 0.8403804889825961, 'pop_amp': 0.0014828960069703941, 'pop_peak': 29.458267592433952, 'pop_sig': 0.5686024142368342, 'fuel_k': 0.04599076045417727, 'fuel_half': 4.161343809329236}. Best is trial 0 with value: -0.6094076133578652.
  trial  680/2500  best_overall=0.6094  (18.5 min)
[I 2026-08-19 17:16:56,881] Trial 680 finished with value: 0.42298515006242277 and parameters: {'k1': 0.001536161298124721, 'D_low': 152.7742821621964, 'k2': 0.0033092507529722077, 'D_high': 747899.0957275601, 'fire_exp': 1.4576174191664737, 'P_half': 28.75325169445647, 'pre_dampen_half': 7.170428674215144, 'gpp_af': 0.12415306288923686, 'gpp_b': 0.00014958941501916153, 'gpp_d': 1.8477482878551776, 'ign_k': 0.12367281216921754, 'ign_c': 2.8298478728953995, 'trop_agb_crit': 22.100398385232758, 'trop_k_veg': 7.1721913025732755, 'pop_amp': 0.003305194948897529, 'pop_peak': 3.3508471612938626, 'pop_sig': 0.5531192323537142, 'fuel_k': 1.4913715037862976, 'fuel_half': 1.196924309222818}. Best is trial 0 with value: -0.6094076133578652.
[I 2026-08-19 17:16:58,748] Trial 681 finished with value: 0.577573432479232 and parameters: {'k1': 4.5669991540244834e-05, 'D_low': 200.17430322943892, 'k2': 7.98339196140052e-05, 'D_high': 1084340.6749246307, 'fire_exp': 1.1142945484992197, 'P_half': 23.706657437961244, 'pre_dampen_half': 0.1521970546527286, 'gpp_af': 0.011460187808938722, 'gpp_b': 0.07426575737679265, 'gpp_d': 946.7646151377676, 'ign_k': 0.3353912891242895, 'ign_c': 0.5527384021561991, 'trop_agb_crit': 26.503218192124148, 'trop_k_veg': 7.349015417145003, 'pop_amp': 0.3921753856898713, 'pop_peak': 4.028327350059438, 'pop_sig': 0.43985443016912007, 'fuel_k': 2.00233975968876, 'fuel_half': 1.6926674023859634}. Best is trial 0 with value: -0.6094076133578652.
[I 2026-08-19 17:17:00,614] Trial 682 finished with value: 0.48365634397200774 and parameters: {'k1': 0.07653767832513593, 'D_low': 21.177957170852903, 'k2': 0.004223886087098296, 'D_high': 2078728.8543667246, 'fire_exp': 1.7689561479031999, 'P_half': 2.639926040857679, 'pre_dampen_half': 0.10078779735793206, 'gpp_af': 0.010384595510509588, 'gpp_b': 0.00024598240272512723, 'gpp_d': 0.3848321290505914, 'ign_k': 0.0915961093802207, 'ign_c': 0.10925542977365872, 'trop_agb_crit': 1.2399199427517211, 'trop_k_veg': 1.507511186438635, 'pop_amp': 0.9281004346165048, 'pop_peak': 0.3308539251123528, 'pop_sig': 2.286024682102341, 'fuel_k': 0.011198644167392954, 'fuel_half': 1.2484607415535873}. Best is trial 0 with value: -0.6094076133578652.
[I 2026-08-19 17:17:02,480] Trial 683 finished with value: -0.5595741736452609 and parameters: {'k1': 0.01923295968039673, 'D_low': 1.2276086579766121, 'k2': 0.0517167688147084, 'D_high': 5063262.242594395, 'fire_exp': 1.2475790943305363, 'P_half': 8.332489514185994, 'pre_dampen_half': 0.13123733364413145, 'gpp_af': 1.9737663713872478, 'gpp_b': 5.061130386782283e-05, 'gpp_d': 572.944685867937, 'ign_k': 0.022906747177398067, 'ign_c': 4.913607251410354, 'trop_agb_crit': 29.94847345758568, 'trop_k_veg': 5.364816534894857, 'pop_amp': 1.5112750289799581, 'pop_peak': 4.797098706716014, 'pop_sig': 0.5175354264959101, 'fuel_k': 0.4691434384298559, 'fuel_half': 22.14277482532431}. Best is trial 0 with value: -0.6094076133578652.
[I 2026-08-19 17:17:04,296] Trial 684 finished with value: 0.43535900572098685 and parameters: {'k1': 0.0018009742297987463, 'D_low': 4194.995834491421, 'k2': 0.003822368975279265, 'D_high': 778559.8256796434, 'fire_exp': 2.298869352759929, 'P_half': 247.28921003461917, 'pre_dampen_half': 291.0668390191833, 'gpp_af': 0.29875083096338106, 'gpp_b': 0.001051760414012851, 'gpp_d': 5.775932109714921, 'ign_k': 2.5055440708717103, 'ign_c': 14.509389849566674, 'trop_agb_crit': 29.876031858824565, 'trop_k_veg': 1.7100915337215805, 'pop_amp': 0.0032662237077237272, 'pop_peak': 21.21020498715185, 'pop_sig': 0.6030895354933453, 'fuel_k': 0.7897257286005187, 'fuel_half': 0.33981844556656887}. Best is trial 0 with value: -0.6094076133578652.
[I 2026-08-19 17:17:06,116] Trial 685 finished with value: 0.5586529159198671 and parameters: {'k1': 0.0010285897077204106, 'D_low': 19.03542107603824, 'k2': 0.01555982363917775, 'D_high': 2200881.971226961, 'fire_exp': 1.5788041488662226, 'P_half': 18.034347854230035, 'pre_dampen_half': 0.08685716926788696, 'gpp_af': 0.24119684360936763, 'gpp_b': 3.70417258356425e-05, 'gpp_d': 664.0411688406987, 'ign_k': 0.5807394655861539, 'ign_c': 1.0211485491164503, 'trop_agb_crit': 26.865450895351998, 'trop_k_veg': 2.365645194031334, 'pop_amp': 12.862440123911007, 'pop_peak': 7.637964061356756, 'pop_sig': 0.5010034444057669, 'fuel_k': 4.205970033751777, 'fuel_half': 3.8958131909921243}. Best is trial 0 with value: -0.6094076133578652.
[I 2026-08-19 17:17:07,801] Trial 686 finished with value: -0.5797463602242401 and parameters: {'k1': 0.022192424597280297, 'D_low': 1162.7011723843743, 'k2': 0.08488790112992438, 'D_high': 7222410.584277268, 'fire_exp': 6.641174299923063, 'P_half': 74.80067133265028, 'pre_dampen_half': 96.11422542639224, 'gpp_af': 0.04001585411338699, 'gpp_b': 0.00022813980867441346, 'gpp_d': 32.0877146692531, 'ign_k': 8.025916756637693, 'ign_c': 2.052869173373413, 'trop_agb_crit': 2.4676654470084425, 'trop_k_veg': 1.822202268410931, 'pop_amp': 0.20406854894765822, 'pop_peak': 427.59553918862065, 'pop_sig': 0.7775534974743151, 'fuel_k': 0.05055439317942628, 'fuel_half': 0.4662767109616181}. Best is trial 0 with value: -0.6094076133578652.
[I 2026-08-19 17:17:09,447] Trial 687 finished with value: 0.446247805103982 and parameters: {'k1': 0.0007030964383035131, 'D_low': 5.730826083067268, 'k2': 0.00011344052871651085, 'D_high': 2332827.8635275024, 'fire_exp': 1.5122480035412467, 'P_half': 24.1729020494824, 'pre_dampen_half': 17.50398485562692, 'gpp_af': 0.5545582363641536, 'gpp_b': 0.0007327193993683462, 'gpp_d': 660.6575934180426, 'ign_k': 0.3191453742777571, 'ign_c': 1.4371947747373353, 'trop_agb_crit': 23.990931906722075, 'trop_k_veg': 1.7873278991880124, 'pop_amp': 0.08866522045594494, 'pop_peak': 0.08194371896833624, 'pop_sig': 1.4555622360309823, 'fuel_k': 0.8115951930425391, 'fuel_half': 69.01010109185208}. Best is trial 0 with value: -0.6094076133578652.
[I 2026-08-19 17:17:11,053] Trial 688 finished with value: 0.4595733973965933 and parameters: {'k1': 0.06560190648697156, 'D_low': 54.183227081731935, 'k2': 0.056060374414729726, 'D_high': 928537.9968369302, 'fire_exp': 7.965928425604765, 'P_half': 49.26638464159306, 'pre_dampen_half': 579.2710638308741, 'gpp_af': 1.8468773868298416, 'gpp_b': 0.0013913331416895872, 'gpp_d': 56.202762405871404, 'ign_k': 1.0661908897437484, 'ign_c': 15.559058587064161, 'trop_agb_crit': 9.604910304625342, 'trop_k_veg': 3.158824573206861, 'pop_amp': 1.5292964307254169, 'pop_peak': 852.3954170742468, 'pop_sig': 0.4321021521840058, 'fuel_k': 0.22931111520206543, 'fuel_half': 0.4360948651769859}. Best is trial 0 with value: -0.6094076133578652.
[I 2026-08-19 17:17:12,649] Trial 689 finished with value: 0.41869134404736585 and parameters: {'k1': 0.004691428389103609, 'D_low': 8.179856094993447, 'k2': 0.0637238777217009, 'D_high': 984392.9719710889, 'fire_exp': 1.82481963671835, 'P_half': 54.73814428495111, 'pre_dampen_half': 0.107112944453163, 'gpp_af': 0.0014362300236047676, 'gpp_b': 3.354181402186967e-05, 'gpp_d': 0.39794094107209343, 'ign_k': 0.11039764347278633, 'ign_c': 0.5775017071172324, 'trop_agb_crit': 2.5469891253011543, 'trop_k_veg': 2.299104129486701, 'pop_amp': 2.5425354231938098, 'pop_peak': 11.702656754206961, 'pop_sig': 0.9845611724862207, 'fuel_k': 0.01069032114004352, 'fuel_half': 0.7233686727454349}. Best is trial 0 with value: -0.6094076133578652.
[I 2026-08-19 17:17:14,257] Trial 690 finished with value: 0.48739652824356827 and parameters: {'k1': 0.011058372309723312, 'D_low': 38230.97167362693, 'k2': 0.03567177932130389, 'D_high': 4776130.484320728, 'fire_exp': 6.1481526045249995, 'P_half': 70.18417116753655, 'pre_dampen_half': 342.7353581397116, 'gpp_af': 0.531953137597174, 'gpp_b': 0.00025642099178337167, 'gpp_d': 61.35424774325932, 'ign_k': 7.731153288457518, 'ign_c': 8.763878734824893, 'trop_agb_crit': 2.1970297744317087, 'trop_k_veg': 1.3937208004597244, 'pop_amp': 0.08043060277657656, 'pop_peak': 72.95186589906113, 'pop_sig': 0.7608408529720749, 'fuel_k': 0.03419770529329532, 'fuel_half': 0.4398135931200841}. Best is trial 0 with value: -0.6094076133578652.
[I 2026-08-19 17:17:15,848] Trial 691 finished with value: 0.5879216590867367 and parameters: {'k1': 0.00047335193709459723, 'D_low': 6.589160913419551, 'k2': 0.0003991240294799665, 'D_high': 8621729.635504752, 'fire_exp': 2.173446178694321, 'P_half': 66.48412247815513, 'pre_dampen_half': 0.040958008294043224, 'gpp_af': 0.00336496980889876, 'gpp_b': 7.008775207131622, 'gpp_d': 15.359526047315644, 'ign_k': 1.7626011849807788, 'ign_c': 0.15139581011579079, 'trop_agb_crit': 10.680781212519438, 'trop_k_veg': 1.2474687600541465, 'pop_amp': 0.009658689433369366, 'pop_peak': 0.09220553155455355, 'pop_sig': 0.4982978567185205, 'fuel_k': 0.2983830641492373, 'fuel_half': 27.36166185581346}. Best is trial 0 with value: -0.6094076133578652.
  trial  692/2500  best_overall=0.6094  (18.9 min)
[I 2026-08-19 17:17:17,656] Trial 692 finished with value: -0.5505769501212775 and parameters: {'k1': 0.005923972671831636, 'D_low': 1149.608743649838, 'k2': 0.04042664487345116, 'D_high': 4195054.831710069, 'fire_exp': 6.929979613806898, 'P_half': 210.12618065090882, 'pre_dampen_half': 81.27302494262251, 'gpp_af': 0.010472105265203356, 'gpp_b': 0.0008660221566969955, 'gpp_d': 29.707330202700707, 'ign_k': 7.234157193867432, 'ign_c': 0.7326177785318363, 'trop_agb_crit': 4.095788854113237, 'trop_k_veg': 2.2676299688084556, 'pop_amp': 5.548610707294733, 'pop_peak': 76.94311127543232, 'pop_sig': 1.005571274064435, 'fuel_k': 0.13660307144488976, 'fuel_half': 1.4422175625642792}. Best is trial 0 with value: -0.6094076133578652.
[I 2026-08-19 17:17:19,263] Trial 693 finished with value: 0.4693435843960192 and parameters: {'k1': 0.02301313355622404, 'D_low': 6999.192957921292, 'k2': 0.07842027400729991, 'D_high': 8872685.656155892, 'fire_exp': 5.874015189122865, 'P_half': 111.32261003617754, 'pre_dampen_half': 135.49519456355662, 'gpp_af': 0.041418701022234064, 'gpp_b': 0.0015160574642641832, 'gpp_d': 365.85329415166035, 'ign_k': 2.837833791406549, 'ign_c': 0.7806477351489374, 'trop_agb_crit': 1.726714582013256, 'trop_k_veg': 6.216924863539593, 'pop_amp': 0.5400425190347554, 'pop_peak': 733.8920315884841, 'pop_sig': 0.5824072507785198, 'fuel_k': 0.022507639338645642, 'fuel_half': 1.0291645383786154}. Best is trial 0 with value: -0.6094076133578652.
[I 2026-08-19 17:17:20,894] Trial 694 finished with value: 0.5906446385938274 and parameters: {'k1': 0.0332204055531962, 'D_low': 7.377616859660035, 'k2': 0.004491509698017969, 'D_high': 2491933.1124368054, 'fire_exp': 1.7449733925014537, 'P_half': 1.9519763300363677, 'pre_dampen_half': 0.020484225454401535, 'gpp_af': 2.1233159369091323, 'gpp_b': 0.003591207037905191, 'gpp_d': 0.04126342792787519, 'ign_k': 0.34801143172763455, 'ign_c': 0.21094142261671256, 'trop_agb_crit': 1.3215902230908898, 'trop_k_veg': 2.1918399377483895, 'pop_amp': 0.6167026832310756, 'pop_peak': 1.8747406014189592, 'pop_sig': 2.277598070402547, 'fuel_k': 0.012261744543003593, 'fuel_half': 34.166388066844114}. Best is trial 0 with value: -0.6094076133578652.
