[I 2026-06-11 12:45:17,628] Trial 910 finished with values: [10.664995159133554, 10.664995159133554] and parameters: {'k1': 0.004312951023617458, 'D_low': 4.484744524732794, 'k2': 0.01567230746060024, 'D_high': 1390.2686711035008, 'fire_exp': 1.2310899049053081, 'P_half': 70.13097205353067, 'pre_dampen_half': 0.11683066038621145, 'gpp_af': 0.015769192447197523, 'gpp_b': 0.00010318352929732131, 'gpp_d': 16.460426816350523, 'ign_k': 0.34703605955441524, 'ign_c': 15.221840161091626, 'trop_agb_crit': 26.402883285404346, 'trop_k_veg': 1.4584243470991722, 'fuel_k': 0.030458048063161637, 'fuel_half': 42.6871254378718}.
[I 2026-06-11 12:45:18,577] Trial 911 finished with values: [10.764108764015324, 10.764108764015324] and parameters: {'k1': 0.003242143344038315, 'D_low': 5.59983195169599, 'k2': 0.006051580666890612, 'D_high': 1055.3846463525656, 'fire_exp': 6.929518012613004, 'P_half': 136.0956887810302, 'pre_dampen_half': 502.5175192217655, 'gpp_af': 0.008562341633595545, 'gpp_b': 0.004922228103935987, 'gpp_d': 16.460426816350523, 'ign_k': 0.5131654955148326, 'ign_c': 0.11650681118986138, 'trop_agb_crit': 26.402883285404346, 'trop_k_veg': 1.1869544174841766, 'fuel_k': 1.3128815679924584, 'fuel_half': 81.8794158253808}.
[I 2026-06-11 12:45:20,079] Trial 912 finished with values: [-0.7603461586278427, 0.36711866837062335] and parameters: {'k1': 0.004312951023617458, 'D_low': 17.588580735887383, 'k2': 0.0027431991397796683, 'D_high': 3712.591045287726, 'fire_exp': 1.1258453832483524, 'P_half': 2.0915073038472545, 'pre_dampen_half': 502.5175192217655, 'gpp_af': 0.008562341633595545, 'gpp_b': 0.0007040113316769033, 'gpp_d': 302.3127748796293, 'ign_k': 0.5131654955148326, 'ign_c': 0.9294394155644988, 'trop_agb_crit': 3.575594457014808, 'trop_k_veg': 4.1309639246402785, 'fuel_k': 0.04572914063536324, 'fuel_half': 81.8794158253808}.
[I 2026-06-11 12:45:21,120] Trial 913 finished with values: [10.082391552064442, 10.082391552064442] and parameters: {'k1': 0.00013783578294796384, 'D_low': 1816.7721131483863, 'k2': 0.005259118659251229, 'D_high': 1390.2686711035008, 'fire_exp': 1.2310899049053081, 'P_half': 10.226988730324324, 'pre_dampen_half': 502.5175192217655, 'gpp_af': 0.0025386125063826667, 'gpp_b': 2.711380409817698e-05, 'gpp_d': 2.8006820077310213, 'ign_k': 0.5131654955148326, 'ign_c': 0.11650681118986138, 'trop_agb_crit': 19.189415375617013, 'trop_k_veg': 1.4584243470991722, 'fuel_k': 1.3128815679924584, 'fuel_half': 52.00581729114123}.
[I 2026-06-11 12:45:22,153] Trial 914 finished with values: [-0.7225774700487735, 0.1999660035041385] and parameters: {'k1': 0.004312951023617458, 'D_low': 4.484744524732794, 'k2': 0.0027431991397796683, 'D_high': 1390.2686711035008, 'fire_exp': 1.1258453832483524, 'P_half': 70.13097205353067, 'pre_dampen_half': 502.5175192217655, 'gpp_af': 0.015769192447197523, 'gpp_b': 0.0021331409710300844, 'gpp_d': 302.3127748796293, 'ign_k': 0.5131654955148326, 'ign_c': 0.11650681118986138, 'trop_agb_crit': 12.090290534777825, 'trop_k_veg': 1.4584243470991722, 'fuel_k': 1.3128815679924584, 'fuel_half': 52.00581729114123}.
[I 2026-06-11 12:45:23,105] Trial 915 finished with values: [10.764780347793407, 10.764780347793407] and parameters: {'k1': 0.004312951023617458, 'D_low': 4.484744524732794, 'k2': 0.01567230746060024, 'D_high': 3712.591045287726, 'fire_exp': 3.4852762390864642, 'P_half': 136.0956887810302, 'pre_dampen_half': 347.79988160923324, 'gpp_af': 0.008562341633595545, 'gpp_b': 0.0348406414949881, 'gpp_d': 16.460426816350523, 'ign_k': 0.5131654955148326, 'ign_c': 0.9294394155644988, 'trop_agb_crit': 24.584290528289387, 'trop_k_veg': 0.9369104721775232, 'fuel_k': 1.3128815679924584, 'fuel_half': 0.32476735706274484}.
[I 2026-06-11 12:45:24,088] Trial 916 finished with values: [-0.6540004514524357, 0.21793959031494814] and parameters: {'k1': 0.003242143344038315, 'D_low': 166.51532285161684, 'k2': 0.005259118659251229, 'D_high': 1390.2686711035008, 'fire_exp': 1.1684565396540232, 'P_half': 136.0956887810302, 'pre_dampen_half': 502.5175192217655, 'gpp_af': 0.008562341633595545, 'gpp_b': 0.00010318352929732131, 'gpp_d': 3.481791290455529, 'ign_k': 0.5131654955148326, 'ign_c': 0.11650681118986138, 'trop_agb_crit': 19.189415375617013, 'trop_k_veg': 1.1869544174841766, 'fuel_k': 1.3128815679924584, 'fuel_half': 81.8794158253808}.
[I 2026-06-11 12:45:25,045] Trial 917 finished with values: [-0.6236284994624357, 0.24277966083125624] and parameters: {'k1': 0.00015495079374286172, 'D_low': 4.484744524732794, 'k2': 0.03865036856259725, 'D_high': 1390.2686711035008, 'fire_exp': 1.2310899049053081, 'P_half': 10.226988730324324, 'pre_dampen_half': 502.5175192217655, 'gpp_af': 0.008562341633595545, 'gpp_b': 0.00010318352929732131, 'gpp_d': 9.004606022643067, 'ign_k': 0.5131654955148326, 'ign_c': 0.11650681118986138, 'trop_agb_crit': 24.584290528289387, 'trop_k_veg': 1.4584243470991722, 'fuel_k': 0.05597555634027867, 'fuel_half': 52.00581729114123}.
[I 2026-06-11 12:45:26,013] Trial 918 finished with values: [10.521851079259553, 10.521851079259553] and parameters: {'k1': 0.004312951023617458, 'D_low': 4.484744524732794, 'k2': 0.01567230746060024, 'D_high': 3712.591045287726, 'fire_exp': 1.1258453832483524, 'P_half': 220.3445560633069, 'pre_dampen_half': 6.685131651092355, 'gpp_af': 0.06789053271698488, 'gpp_b': 0.0021331409710300844, 'gpp_d': 16.460426816350523, 'ign_k': 0.0680787482656459, 'ign_c': 15.221840161091626, 'trop_agb_crit': 10.412790284818238, 'trop_k_veg': 1.4584243470991722, 'fuel_k': 0.487361804838494, 'fuel_half': 0.32476735706274484}.
[I 2026-06-11 12:45:26,947] Trial 919 finished with values: [10.006153629121256, 10.006153629121256] and parameters: {'k1': 0.004312951023617458, 'D_low': 5.59983195169599, 'k2': 0.005259118659251229, 'D_high': 1390.2686711035008, 'fire_exp': 1.1258453832483524, 'P_half': 10.226988730324324, 'pre_dampen_half': 502.5175192217655, 'gpp_af': 0.008562341633595545, 'gpp_b': 7.402343469704428e-05, 'gpp_d': 9.004606022643067, 'ign_k': 0.5131654955148326, 'ign_c': 0.11650681118986138, 'trop_agb_crit': 26.402883285404346, 'trop_k_veg': 1.4584243470991722, 'fuel_k': 1.435781801468936, 'fuel_half': 52.00581729114123}.
[I 2026-06-11 12:45:27,862] Trial 920 finished with values: [10.769230769179362, 10.769230769179362] and parameters: {'k1': 0.004312951023617458, 'D_low': 4.484744524732794, 'k2': 0.0027431991397796683, 'D_high': 3712.591045287726, 'fire_exp': 1.1258453832483524, 'P_half': 2.0915073038472545, 'pre_dampen_half': 347.79988160923324, 'gpp_af': 0.0025386125063826667, 'gpp_b': 0.0007040113316769033, 'gpp_d': 2.8006820077310213, 'ign_k': 0.476373748459372, 'ign_c': 311.38068051213736, 'trop_agb_crit': 3.575594457014808, 'trop_k_veg': 4.1309639246402785, 'fuel_k': 1.3128815679924584, 'fuel_half': 42.6871254378718}.
[I 2026-06-11 12:45:28,790] Trial 921 finished with values: [10.634419008407336, 10.634419008407336] and parameters: {'k1': 0.003508854952536167, 'D_low': 1107.8632295006516, 'k2': 0.03865036856259725, 'D_high': 1390.2686711035008, 'fire_exp': 1.2310899049053081, 'P_half': 2.467915713171983, 'pre_dampen_half': 502.5175192217655, 'gpp_af': 0.008562341633595545, 'gpp_b': 1.7565109007473816e-05, 'gpp_d': 9.004606022643067, 'ign_k': 0.5131654955148326, 'ign_c': 0.11650681118986138, 'trop_agb_crit': 5.707205898008383, 'trop_k_veg': 1.4584243470991722, 'fuel_k': 0.05597555634027867, 'fuel_half': 52.00581729114123}.
[I 2026-06-11 12:45:29,749] Trial 922 finished with values: [10.610156121758063, 10.610156121758063] and parameters: {'k1': 0.004312951023617458, 'D_low': 4.484744524732794, 'k2': 0.03865036856259725, 'D_high': 3712.591045287726, 'fire_exp': 1.4456782093093066, 'P_half': 220.3445560633069, 'pre_dampen_half': 2.031362225012909, 'gpp_af': 0.06789053271698488, 'gpp_b': 0.0021331409710300844, 'gpp_d': 9.004606022643067, 'ign_k': 0.5131654955148326, 'ign_c': 0.11650681118986138, 'trop_agb_crit': 24.584290528289387, 'trop_k_veg': 1.4584243470991722, 'fuel_k': 0.05597555634027867, 'fuel_half': 0.32476735706274484}.
[I 2026-06-11 12:45:30,652] Trial 923 finished with values: [-0.7385014772355513, 0.33155955037277063] and parameters: {'k1': 0.004312951023617458, 'D_low': 5.59983195169599, 'k2': 0.005259118659251229, 'D_high': 1919.1689944397538, 'fire_exp': 1.1684565396540232, 'P_half': 136.0956887810302, 'pre_dampen_half': 347.79988160923324, 'gpp_af': 0.015769192447197523, 'gpp_b': 0.00010318352929732131, 'gpp_d': 9.004606022643067, 'ign_k': 0.5131654955148326, 'ign_c': 0.11650681118986138, 'trop_agb_crit': 26.402883285404346, 'trop_k_veg': 0.9369104721775232, 'fuel_k': 0.030315034760496778, 'fuel_half': 81.8794158253808}.
[I 2026-06-11 12:45:31,594] Trial 924 finished with values: [-0.6778354939795354, 0.193362740307642] and parameters: {'k1': 0.003242143344038315, 'D_low': 5.59983195169599, 'k2': 0.0034207303670092245, 'D_high': 1390.2686711035008, 'fire_exp': 1.2310899049053081, 'P_half': 136.0956887810302, 'pre_dampen_half': 294.75617712568373, 'gpp_af': 0.008562341633595545, 'gpp_b': 0.00010318352929732131, 'gpp_d': 2.8006820077310213, 'ign_k': 0.5131654955148326, 'ign_c': 15.221840161091626, 'trop_agb_crit': 24.584290528289387, 'trop_k_veg': 0.9369104721775232, 'fuel_k': 1.3128815679924584, 'fuel_half': 81.8794158253808}.
[I 2026-06-11 12:45:32,901] Trial 925 finished with values: [10.695095947162429, 10.695095947162429] and parameters: {'k1': 0.004312951023617458, 'D_low': 5.59983195169599, 'k2': 1.0897490003652052e-05, 'D_high': 1390.2686711035008, 'fire_exp': 1.1258453832483524, 'P_half': 70.13097205353067, 'pre_dampen_half': 0.1711568647996576, 'gpp_af': 0.008562341633595545, 'gpp_b': 0.00010318352929732131, 'gpp_d': 9.004606022643067, 'ign_k': 0.3538391696694434, 'ign_c': 0.11650681118986138, 'trop_agb_crit': 24.584290528289387, 'trop_k_veg': 1.4584243470991722, 'fuel_k': 0.05597555634027867, 'fuel_half': 0.32476735706274484}.
[I 2026-06-11 12:45:33,820] Trial 926 finished with values: [10.768735477152909, 10.768735477152909] and parameters: {'k1': 0.004312951023617458, 'D_low': 5.59983195169599, 'k2': 0.005259118659251229, 'D_high': 8050.945012618074, 'fire_exp': 1.1258453832483524, 'P_half': 10.226988730324324, 'pre_dampen_half': 294.75617712568373, 'gpp_af': 0.008562341633595545, 'gpp_b': 8.930169622518513, 'gpp_d': 2.8006820077310213, 'ign_k': 0.5131654955148326, 'ign_c': 0.9294394155644988, 'trop_agb_crit': 19.189415375617013, 'trop_k_veg': 1.4584243470991722, 'fuel_k': 1.3128815679924584, 'fuel_half': 81.8794158253808}.
[I 2026-06-11 12:45:34,753] Trial 927 finished with values: [-0.72765766812644, 0.287804953952454] and parameters: {'k1': 0.003242143344038315, 'D_low': 5.59983195169599, 'k2': 0.005259118659251229, 'D_high': 1390.2686711035008, 'fire_exp': 1.2310899049053081, 'P_half': 38.82837025280678, 'pre_dampen_half': 347.79988160923324, 'gpp_af': 0.0025386125063826667, 'gpp_b': 3.9361224224301864e-05, 'gpp_d': 2.8006820077310213, 'ign_k': 0.476373748459372, 'ign_c': 0.11650681118986138, 'trop_agb_crit': 19.189415375617013, 'trop_k_veg': 4.1309639246402785, 'fuel_k': 1.3128815679924584, 'fuel_half': 81.8794158253808}.
[I 2026-06-11 12:45:35,689] Trial 928 finished with values: [-0.7209454882024178, 0.38825060685686286] and parameters: {'k1': 0.003242143344038315, 'D_low': 4.484744524732794, 'k2': 0.005259118659251229, 'D_high': 1390.2686711035008, 'fire_exp': 1.1258453832483524, 'P_half': 70.13097205353067, 'pre_dampen_half': 347.79988160923324, 'gpp_af': 0.02114619056336667, 'gpp_b': 2.711380409817698e-05, 'gpp_d': 9.004606022643067, 'ign_k': 0.5131654955148326, 'ign_c': 0.11650681118986138, 'trop_agb_crit': 24.584290528289387, 'trop_k_veg': 1.4584243470991722, 'fuel_k': 1.3128815679924584, 'fuel_half': 52.00581729114123}.
[I 2026-06-11 12:45:36,638] Trial 929 finished with values: [-0.7504902071973549, 0.34772519785730704] and parameters: {'k1': 0.004312951023617458, 'D_low': 4.484744524732794, 'k2': 0.0027431991397796683, 'D_high': 1390.2686711035008, 'fire_exp': 1.2310899049053081, 'P_half': 10.226988730324324, 'pre_dampen_half': 347.79988160923324, 'gpp_af': 0.015769192447197523, 'gpp_b': 2.711380409817698e-05, 'gpp_d': 9.004606022643067, 'ign_k': 0.5131654955148326, 'ign_c': 0.11650681118986138, 'trop_agb_crit': 5.707205898008383, 'trop_k_veg': 1.4584243470991722, 'fuel_k': 0.05597555634027867, 'fuel_half': 42.6871254378718}.
[I 2026-06-11 12:45:37,559] Trial 930 finished with values: [-0.6936896013542182, 0.4392856164930966] and parameters: {'k1': 0.004312951023617458, 'D_low': 5.59983195169599, 'k2': 0.006051580666890612, 'D_high': 1919.1689944397538, 'fire_exp': 1.2310899049053081, 'P_half': 136.0956887810302, 'pre_dampen_half': 347.79988160923324, 'gpp_af': 0.0876577878178163, 'gpp_b': 2.711380409817698e-05, 'gpp_d': 9.004606022643067, 'ign_k': 0.5131654955148326, 'ign_c': 0.11650681118986138, 'trop_agb_crit': 26.402883285404346, 'trop_k_veg': 1.4584243470991722, 'fuel_k': 0.04618261343082179, 'fuel_half': 81.8794158253808}.
[I 2026-06-11 12:45:38,479] Trial 931 finished with values: [-0.7479483014478051, 0.31859699538135766] and parameters: {'k1': 0.004312951023617458, 'D_low': 5.59983195169599, 'k2': 0.006051580666890612, 'D_high': 1919.1689944397538, 'fire_exp': 1.1684565396540232, 'P_half': 136.0956887810302, 'pre_dampen_half': 502.5175192217655, 'gpp_af': 0.008562341633595545, 'gpp_b': 0.00010318352929732131, 'gpp_d': 2.8006820077310213, 'ign_k': 0.5131654955148326, 'ign_c': 0.11650681118986138, 'trop_agb_crit': 26.402883285404346, 'trop_k_veg': 0.9369104721775232, 'fuel_k': 0.030315034760496778, 'fuel_half': 81.8794158253808}.
[I 2026-06-11 12:45:39,425] Trial 932 finished with values: [-0.7075728853015073, 0.32401727107516176] and parameters: {'k1': 0.004312951023617458, 'D_low': 4.484744524732794, 'k2': 0.03865036856259725, 'D_high': 1390.2686711035008, 'fire_exp': 1.1258453832483524, 'P_half': 220.3445560633069, 'pre_dampen_half': 502.5175192217655, 'gpp_af': 0.06789053271698488, 'gpp_b': 0.00010318352929732131, 'gpp_d': 16.460426816350523, 'ign_k': 0.5131654955148326, 'ign_c': 0.11650681118986138, 'trop_agb_crit': 24.584290528289387, 'trop_k_veg': 1.4584243470991722, 'fuel_k': 0.05597555634027867, 'fuel_half': 52.00581729114123}.
[I 2026-06-11 12:45:40,345] Trial 933 finished with values: [-0.7533624654282762, 0.3219956297659292] and parameters: {'k1': 0.004312951023617458, 'D_low': 5.59983195169599, 'k2': 0.006051580666890612, 'D_high': 1919.1689944397538, 'fire_exp': 1.2310899049053081, 'P_half': 10.226988730324324, 'pre_dampen_half': 502.5175192217655, 'gpp_af': 0.0876577878178163, 'gpp_b': 0.004922228103935987, 'gpp_d': 9.004606022643067, 'ign_k': 0.5131654955148326, 'ign_c': 0.11650681118986138, 'trop_agb_crit': 26.402883285404346, 'trop_k_veg': 1.4584243470991722, 'fuel_k': 0.030315034760496778, 'fuel_half': 81.8794158253808}.
[I 2026-06-11 12:45:41,284] Trial 934 finished with values: [10.146088913285494, 10.146088913285494] and parameters: {'k1': 0.00013783578294796384, 'D_low': 5.59983195169599, 'k2': 0.0027431991397796683, 'D_high': 1390.2686711035008, 'fire_exp': 1.0629462657398439, 'P_half': 13.019246714361572, 'pre_dampen_half': 502.5175192217655, 'gpp_af': 0.008562341633595545, 'gpp_b': 0.00010318352929732131, 'gpp_d': 2.8006820077310213, 'ign_k': 0.04036242615331333, 'ign_c': 3.0378658251922155, 'trop_agb_crit': 15.198538681924658, 'trop_k_veg': 2.715720739358474, 'fuel_k': 1.3128815679924584, 'fuel_half': 81.8794158253808}.
[I 2026-06-11 12:45:42,210] Trial 935 finished with values: [-0.5924783768789093, 0.2732664907634921] and parameters: {'k1': 6.548510655446336e-05, 'D_low': 4.484744524732794, 'k2': 0.00352110299468884, 'D_high': 1390.2686711035008, 'fire_exp': 1.1684565396540232, 'P_half': 10.226988730324324, 'pre_dampen_half': 347.79988160923324, 'gpp_af': 0.008562341633595545, 'gpp_b': 2.711380409817698e-05, 'gpp_d': 6.913948698657619, 'ign_k': 4.591485216740537, 'ign_c': 0.11650681118986138, 'trop_agb_crit': 24.584290528289387, 'trop_k_veg': 1.4584243470991722, 'fuel_k': 0.05597555634027867, 'fuel_half': 81.8794158253808}.
[I 2026-06-11 12:45:43,159] Trial 936 finished with values: [-0.7434067987840693, 0.28320776378260004] and parameters: {'k1': 0.004312951023617458, 'D_low': 4.484744524732794, 'k2': 0.01567230746060024, 'D_high': 1853.8092461931485, 'fire_exp': 1.2310899049053081, 'P_half': 10.226988730324324, 'pre_dampen_half': 502.5175192217655, 'gpp_af': 0.015769192447197523, 'gpp_b': 0.0021331409710300844, 'gpp_d': 9.004606022643067, 'ign_k': 0.3538391696694434, 'ign_c': 0.11650681118986138, 'trop_agb_crit': 24.584290528289387, 'trop_k_veg': 1.4584243470991722, 'fuel_k': 0.05597555634027867, 'fuel_half': 0.32476735706274484}.
[I 2026-06-11 12:45:44,122] Trial 937 finished with values: [10.059470915977016, 10.059470915977016] and parameters: {'k1': 0.004312951023617458, 'D_low': 4.484744524732794, 'k2': 0.01567230746060024, 'D_high': 1853.8092461931485, 'fire_exp': 1.1258453832483524, 'P_half': 10.226988730324324, 'pre_dampen_half': 502.5175192217655, 'gpp_af': 0.10349059737742376, 'gpp_b': 1.7565109007473816e-05, 'gpp_d': 16.460426816350523, 'ign_k': 0.34703605955441524, 'ign_c': 15.221840161091626, 'trop_agb_crit': 5.707205898008383, 'trop_k_veg': 2.330015895740624, 'fuel_k': 0.487361804838494, 'fuel_half': 6.392117784388236}.
[I 2026-06-11 12:45:45,078] Trial 938 finished with values: [10.766277584606014, 10.766277584606014] and parameters: {'k1': 0.003242143344038315, 'D_low': 855.6283859854627, 'k2': 0.005259118659251229, 'D_high': 1390.2686711035008, 'fire_exp': 4.130336642987559, 'P_half': 70.13097205353067, 'pre_dampen_half': 347.79988160923324, 'gpp_af': 0.008712116476450106, 'gpp_b': 0.0013561490126661644, 'gpp_d': 2.8006820077310213, 'ign_k': 0.5131654955148326, 'ign_c': 0.11650681118986138, 'trop_agb_crit': 19.189415375617013, 'trop_k_veg': 4.1309639246402785, 'fuel_k': 1.3128815679924584, 'fuel_half': 81.8794158253808}.
[I 2026-06-11 12:45:46,032] Trial 939 finished with values: [-0.6810925607731706, 0.2404391433338786] and parameters: {'k1': 0.004312951023617458, 'D_low': 166.51532285161684, 'k2': 0.005259118659251229, 'D_high': 1390.2686711035008, 'fire_exp': 1.1258453832483524, 'P_half': 70.13097205353067, 'pre_dampen_half': 294.75617712568373, 'gpp_af': 0.008562341633595545, 'gpp_b': 0.00010318352929732131, 'gpp_d': 16.460426816350523, 'ign_k': 0.5131654955148326, 'ign_c': 0.11650681118986138, 'trop_agb_crit': 19.189415375617013, 'trop_k_veg': 0.9369104721775232, 'fuel_k': 1.3128815679924584, 'fuel_half': 81.8794158253808}.
[I 2026-06-11 12:45:46,950] Trial 940 finished with values: [10.736042858585886, 10.736042858585886] and parameters: {'k1': 0.004312951023617458, 'D_low': 1365.1083965650525, 'k2': 0.006051580666890612, 'D_high': 1919.1689944397538, 'fire_exp': 1.1258453832483524, 'P_half': 220.3445560633069, 'pre_dampen_half': 347.79988160923324, 'gpp_af': 0.06789053271698488, 'gpp_b': 0.021152372444252342, 'gpp_d': 16.460426816350523, 'ign_k': 0.5131654955148326, 'ign_c': 15.221840161091626, 'trop_agb_crit': 26.402883285404346, 'trop_k_veg': 1.4584243470991722, 'fuel_k': 0.04572914063536324, 'fuel_half': 42.6871254378718}.
[I 2026-06-11 12:45:47,884] Trial 941 finished with values: [-0.7067652803268711, 0.24933263139355188] and parameters: {'k1': 0.003242143344038315, 'D_low': 5.59983195169599, 'k2': 0.0027431991397796683, 'D_high': 1390.2686711035008, 'fire_exp': 1.2310899049053081, 'P_half': 13.019246714361572, 'pre_dampen_half': 347.79988160923324, 'gpp_af': 0.0025386125063826667, 'gpp_b': 0.00010318352929732131, 'gpp_d': 2.8006820077310213, 'ign_k': 0.5131654955148326, 'ign_c': 0.11650681118986138, 'trop_agb_crit': 19.189415375617013, 'trop_k_veg': 2.410360404052941, 'fuel_k': 0.010340193296440528, 'fuel_half': 42.6871254378718}.
[I 2026-06-11 12:45:48,877] Trial 942 finished with values: [10.264082038939769, 10.264082038939769] and parameters: {'k1': 0.004312951023617458, 'D_low': 4.484744524732794, 'k2': 0.0027431991397796683, 'D_high': 11065.296106642587, 'fire_exp': 1.1258453832483524, 'P_half': 2.0915073038472545, 'pre_dampen_half': 347.79988160923324, 'gpp_af': 0.06789053271698488, 'gpp_b': 0.0007040113316769033, 'gpp_d': 16.460426816350523, 'ign_k': 0.5131654955148326, 'ign_c': 0.9294394155644988, 'trop_agb_crit': 5.707205898008383, 'trop_k_veg': 4.1309639246402785, 'fuel_k': 4.680936683972861, 'fuel_half': 81.8794158253808}.
[I 2026-06-11 12:45:49,842] Trial 943 finished with values: [10.061336939502455, 10.061336939502455] and parameters: {'k1': 1.3843484531249981e-05, 'D_low': 961.4686563869649, 'k2': 0.03865036856259725, 'D_high': 1390.2686711035008, 'fire_exp': 1.2310899049053081, 'P_half': 136.0956887810302, 'pre_dampen_half': 347.79988160923324, 'gpp_af': 0.008562341633595545, 'gpp_b': 1.7565109007473816e-05, 'gpp_d': 9.004606022643067, 'ign_k': 0.5131654955148326, 'ign_c': 0.11650681118986138, 'trop_agb_crit': 19.189415375617013, 'trop_k_veg': 1.4584243470991722, 'fuel_k': 4.680936683972861, 'fuel_half': 81.8794158253808}.
[I 2026-06-11 12:45:50,823] Trial 944 finished with values: [10.722376843158267, 10.722376843158267] and parameters: {'k1': 6.455386366109267e-05, 'D_low': 5.59983195169599, 'k2': 0.005259118659251229, 'D_high': 1390.2686711035008, 'fire_exp': 1.2310899049053081, 'P_half': 6796.634575348652, 'pre_dampen_half': 794.0569418107997, 'gpp_af': 0.0025386125063826667, 'gpp_b': 0.00010318352929732131, 'gpp_d': 9.004606022643067, 'ign_k': 0.029632139204027373, 'ign_c': 2.03107736072328, 'trop_agb_crit': 19.189415375617013, 'trop_k_veg': 1.4584243470991722, 'fuel_k': 0.04618261343082179, 'fuel_half': 81.8794158253808}.
