[I 2026-06-10 21:18:52,964] Trial 333 finished with values: [10.398887003149422, 10.398887003149422] and parameters: {'k1': 0.016973078532467004, 'D_low': 408.3047491580097, 'k2': 8.968733598183248e-05, 'D_high': 24.9899605789089, 'fire_exp': 1.6901885781909627, 'P_half': 9.580682294110435, 'pre_dampen_half': 1.8469033699850426, 'gpp_af': 14.161176080022173, 'gpp_b': 0.002416023630607169, 'gpp_d': 21.899070557043984, 'ign_k': 0.00660597889201953, 'ign_c': 14.709699119495124, 'trop_agb_crit': 24.199763404822136, 'trop_k_veg': 0.5183533149347164, 'fire_amp': 5.416595007374148}.
[I 2026-06-10 21:18:54,520] Trial 334 finished with values: [10.772308547623124, 10.772308547623124] and parameters: {'k1': 0.0001887567630782227, 'D_low': 1739.6167422846984, 'k2': 5.153993511603138e-05, 'D_high': 44974.07193749848, 'fire_exp': 3.2459542834651627, 'P_half': 45.55085098454082, 'pre_dampen_half': 269.0845367054866, 'gpp_af': 0.004531316405029204, 'gpp_b': 0.010307896803108956, 'gpp_d': 47.35384181058586, 'ign_k': 3.6309591863459096, 'ign_c': 2.2489542843914485, 'trop_agb_crit': 3.5874145253515306, 'trop_k_veg': 0.5471865667052176, 'fire_amp': 1.5719333351012774}.
[I 2026-06-10 21:18:56,044] Trial 335 finished with values: [10.010450409880246, 10.010450409880246] and parameters: {'k1': 5.178197947282869e-05, 'D_low': 1074.940539517341, 'k2': 8.968733598183248e-05, 'D_high': 29.126651668813768, 'fire_exp': 1.111738490499784, 'P_half': 9.580682294110435, 'pre_dampen_half': 191.62369310763663, 'gpp_af': 1.9654778690222015, 'gpp_b': 0.002416023630607169, 'gpp_d': 0.030844007727232167, 'ign_k': 0.00660597889201953, 'ign_c': 0.17036120617148395, 'trop_agb_crit': 21.086120736447015, 'trop_k_veg': 0.5183533149347164, 'fire_amp': 1.147839669817869}.
[I 2026-06-10 21:18:57,457] Trial 336 finished with values: [10.12186487126312, 10.12186487126312] and parameters: {'k1': 0.016973078532467004, 'D_low': 148.21691630007544, 'k2': 0.0001016707987819611, 'D_high': 1817.0401889219124, 'fire_exp': 1.5191397119156032, 'P_half': 45.55085098454082, 'pre_dampen_half': 2.736251365128462, 'gpp_af': 20.12115544906385, 'gpp_b': 0.015062722325200045, 'gpp_d': 545.0253444559129, 'ign_k': 0.17320535908244444, 'ign_c': 14.709699119495124, 'trop_agb_crit': 24.199763404822136, 'trop_k_veg': 5.453348988480011, 'fire_amp': 5.44779717154213}.
[I 2026-06-10 21:18:59,055] Trial 337 finished with values: [10.49320053572544, 10.49320053572544] and parameters: {'k1': 0.016973078532467004, 'D_low': 37.13474360443033, 'k2': 4.933751600448335e-05, 'D_high': 29.126651668813768, 'fire_exp': 1.7792742686803427, 'P_half': 157.80309954142965, 'pre_dampen_half': 37.40930273158252, 'gpp_af': 20.12115544906385, 'gpp_b': 0.00047819318414852577, 'gpp_d': 594.7389794988394, 'ign_k': 0.002357279455676982, 'ign_c': 482.3823303865253, 'trop_agb_crit': 8.0091368834625, 'trop_k_veg': 2.7637004570645405, 'fire_amp': 1.5587346124822492}.
[I 2026-06-10 21:19:01,037] Trial 338 finished with values: [12.548745709914849, 12.548745709914849] and parameters: {'k1': 0.006079905434073396, 'D_low': 1739.6167422846984, 'k2': 4.933751600448335e-05, 'D_high': 44974.07193749848, 'fire_exp': 1.7792742686803427, 'P_half': 12.262543158860007, 'pre_dampen_half': 98.05638874011484, 'gpp_af': 5.470750401264765, 'gpp_b': 0.006999112505425414, 'gpp_d': 0.1448983619020909, 'ign_k': 3.6309591863459096, 'ign_c': 7.832259769732471, 'trop_agb_crit': 3.5874145253515306, 'trop_k_veg': 0.6488368931910606, 'fire_amp': 2.818314238665462}.
[I 2026-06-10 21:19:02,712] Trial 339 finished with values: [10.833333332159754, 10.833333332159754] and parameters: {'k1': 0.0001887567630782227, 'D_low': 1739.6167422846984, 'k2': 5.153993511603138e-05, 'D_high': 69868.4759244566, 'fire_exp': 3.2459542834651627, 'P_half': 45.55085098454082, 'pre_dampen_half': 269.0845367054866, 'gpp_af': 0.07118041471054574, 'gpp_b': 1.8400604093141188, 'gpp_d': 47.35384181058586, 'ign_k': 3.6309591863459096, 'ign_c': 153.51441568398127, 'trop_agb_crit': 1.8285200278523417, 'trop_k_veg': 4.0068236274914755, 'fire_amp': 1.5719333351012774}.
[I 2026-06-10 21:19:04,194] Trial 340 finished with values: [10.143514541014003, 10.143514541014003] and parameters: {'k1': 0.0001887567630782227, 'D_low': 1079.0778643024298, 'k2': 4.933751600448335e-05, 'D_high': 42.242359735170886, 'fire_exp': 1.7792742686803427, 'P_half': 84.3508388778244, 'pre_dampen_half': 37.40930273158252, 'gpp_af': 1.7775411110039254, 'gpp_b': 0.00047819318414852577, 'gpp_d': 47.35384181058586, 'ign_k': 0.8945150807271531, 'ign_c': 0.2946000090510885, 'trop_agb_crit': 8.0091368834625, 'trop_k_veg': 1.6003641872536711, 'fire_amp': 1.5587346124822492}.
[I 2026-06-10 21:19:05,700] Trial 341 finished with values: [10.828073742057878, 10.828073742057878] and parameters: {'k1': 0.016973078532467004, 'D_low': 148.21691630007544, 'k2': 0.0002442377596403892, 'D_high': 1817.0401889219124, 'fire_exp': 1.5191397119156032, 'P_half': 45.55085098454082, 'pre_dampen_half': 0.04225994826142427, 'gpp_af': 0.005061568304359487, 'gpp_b': 0.015062722325200045, 'gpp_d': 21.899070557043984, 'ign_k': 0.004105873950290761, 'ign_c': 0.7619822175388142, 'trop_agb_crit': 5.588032458772675, 'trop_k_veg': 1.2749676887479542, 'fire_amp': 5.44779717154213}.
[I 2026-06-10 21:19:07,275] Trial 342 finished with values: [10.833333332159754, 10.833333332159754] and parameters: {'k1': 0.006079905434073396, 'D_low': 43.2326421037033, 'k2': 4.933751600448335e-05, 'D_high': 42.242359735170886, 'fire_exp': 1.7792742686803427, 'P_half': 157.3644610977214, 'pre_dampen_half': 37.40930273158252, 'gpp_af': 1.9998014714101113, 'gpp_b': 0.00047819318414852577, 'gpp_d': 594.7389794988394, 'ign_k': 0.8945150807271531, 'ign_c': 55.24095129928624, 'trop_agb_crit': 8.0091368834625, 'trop_k_veg': 1.64857963637888, 'fire_amp': 1.5587346124822492}.
[I 2026-06-10 21:19:08,853] Trial 343 finished with values: [10.833333332159754, 10.833333332159754] and parameters: {'k1': 0.05705198955850472, 'D_low': 1739.6167422846984, 'k2': 0.01567230746060024, 'D_high': 29.126651668813768, 'fire_exp': 1.111738490499784, 'P_half': 12.262543158860007, 'pre_dampen_half': 98.05638874011484, 'gpp_af': 3.298293484806585, 'gpp_b': 0.006999112505425414, 'gpp_d': 95.2715755007094, 'ign_k': 0.09256855841989636, 'ign_c': 7.832259769732471, 'trop_agb_crit': 3.5874145253515306, 'trop_k_veg': 1.6648666152166967, 'fire_amp': 2.042193818779288}.
[I 2026-06-10 21:19:10,488] Trial 344 finished with values: [10.826218932558396, 10.826218932558396] and parameters: {'k1': 0.012840669372724958, 'D_low': 50.32059347286801, 'k2': 6.340140860251457e-05, 'D_high': 2427.054417940131, 'fire_exp': 3.150954985759691, 'P_half': 61.6097529474144, 'pre_dampen_half': 4.603480758878793, 'gpp_af': 0.016306190741524337, 'gpp_b': 0.0004125336560355494, 'gpp_d': 2.5450745565416026, 'ign_k': 0.0029519227433917453, 'ign_c': 0.1611736893633666, 'trop_agb_crit': 2.0527418919564324, 'trop_k_veg': 0.5183533149347164, 'fire_amp': 1.2393473789150806}.
[I 2026-06-10 21:19:11,995] Trial 345 finished with values: [10.40036274813652, 10.40036274813652] and parameters: {'k1': 0.006079905434073396, 'D_low': 43.2326421037033, 'k2': 0.00037358626308127543, 'D_high': 8912.611835817017, 'fire_exp': 1.5315561686017187, 'P_half': 157.3644610977214, 'pre_dampen_half': 1.8469033699850426, 'gpp_af': 0.015627364027979502, 'gpp_b': 0.00047819318414852577, 'gpp_d': 594.7389794988394, 'ign_k': 0.8945150807271531, 'ign_c': 16.497426799845446, 'trop_agb_crit': 12.647327018493208, 'trop_k_veg': 1.6003641872536711, 'fire_amp': 1.5587346124822492}.
[I 2026-06-10 21:19:13,724] Trial 346 finished with values: [10.802852083088524, 10.802852083088524] and parameters: {'k1': 0.0009255037589041178, 'D_low': 1079.0778643024298, 'k2': 0.0002442377596403892, 'D_high': 42.242359735170886, 'fire_exp': 1.9136159174067866, 'P_half': 51.10120656497163, 'pre_dampen_half': 1.8469033699850426, 'gpp_af': 20.12115544906385, 'gpp_b': 1.8400604093141188, 'gpp_d': 47.35384181058586, 'ign_k': 0.17320535908244444, 'ign_c': 14.709699119495124, 'trop_agb_crit': 24.199763404822136, 'trop_k_veg': 1.6003641872536711, 'fire_amp': 5.416595007374148}.
[I 2026-06-10 21:19:15,229] Trial 347 finished with values: [23.797923725642494, 23.797923725642494] and parameters: {'k1': 0.00026539376439360527, 'D_low': 43.03411264066069, 'k2': 0.0002442377596403892, 'D_high': 29.126651668813768, 'fire_exp': 1.1593349727271403, 'P_half': 1.4551749476072258, 'pre_dampen_half': 123.04779330083686, 'gpp_af': 0.41874665092828456, 'gpp_b': 0.015062722325200045, 'gpp_d': 21.899070557043984, 'ign_k': 0.00660597889201953, 'ign_c': 21.275785720135406, 'trop_agb_crit': 2.49652474515731, 'trop_k_veg': 1.2749676887479542, 'fire_amp': 5.416595007374148}.
[I 2026-06-10 21:19:16,933] Trial 348 finished with values: [10.815968856333825, 10.815968856333825] and parameters: {'k1': 0.05705198955850472, 'D_low': 1739.6167422846984, 'k2': 0.01567230746060024, 'D_high': 44974.07193749848, 'fire_exp': 3.2459542834651627, 'P_half': 1549.6599265816342, 'pre_dampen_half': 98.05638874011484, 'gpp_af': 1.7775411110039254, 'gpp_b': 0.16285506249643175, 'gpp_d': 95.2715755007094, 'ign_k': 3.6309591863459096, 'ign_c': 2.2489542843914485, 'trop_agb_crit': 3.5874145253515306, 'trop_k_veg': 0.6488368931910606, 'fire_amp': 2.818314238665462}.
[I 2026-06-10 21:19:18,616] Trial 349 finished with values: [10.327108030878877, 10.327108030878877] and parameters: {'k1': 9.132348475718357e-05, 'D_low': 2.843767489444367, 'k2': 8.968733598183248e-05, 'D_high': 24.9899605789089, 'fire_exp': 1.7505406131449859, 'P_half': 157.80309954142965, 'pre_dampen_half': 189.88136301569827, 'gpp_af': 0.035629505481532577, 'gpp_b': 0.005386676499630372, 'gpp_d': 304.7488318185732, 'ign_k': 0.00660597889201953, 'ign_c': 1.4879588507789996, 'trop_agb_crit': 1.7969555911761859, 'trop_k_veg': 0.5183533149347164, 'fire_amp': 1.1655705619308396}.
[I 2026-06-10 21:19:20,234] Trial 350 finished with values: [10.82509571806611, 10.82509571806611] and parameters: {'k1': 0.012840669372724958, 'D_low': 171.2446447678494, 'k2': 0.0011135501184757278, 'D_high': 11.129666723443188, 'fire_exp': 1.2918065501148304, 'P_half': 61.6097529474144, 'pre_dampen_half': 0.02302684507178836, 'gpp_af': 0.016306190741524337, 'gpp_b': 1.1008110571039521e-05, 'gpp_d': 2.5450745565416026, 'ign_k': 0.0029519227433917453, 'ign_c': 0.1611736893633666, 'trop_agb_crit': 2.0527418919564324, 'trop_k_veg': 0.5183533149347164, 'fire_amp': 1.2393473789150806}.
[I 2026-06-10 21:19:21,728] Trial 351 finished with values: [13.364130559150418, 13.364130559150418] and parameters: {'k1': 0.0014452451441203328, 'D_low': 171.2446447678494, 'k2': 0.00037358626308127543, 'D_high': 29.126651668813768, 'fire_exp': 1.111738490499784, 'P_half': 93.43302657318476, 'pre_dampen_half': 189.36639872354493, 'gpp_af': 0.2204465010099918, 'gpp_b': 0.006999112505425414, 'gpp_d': 0.09467055845337147, 'ign_k': 0.037151317999473285, 'ign_c': 23.422386257929038, 'trop_agb_crit': 12.647327018493208, 'trop_k_veg': 2.520089655463604, 'fire_amp': 5.606809127618709}.
[I 2026-06-10 21:19:23,206] Trial 352 finished with values: [10.095425637163776, 10.095425637163776] and parameters: {'k1': 0.006079905434073396, 'D_low': 2808.7330790064375, 'k2': 1.1417577140741129e-05, 'D_high': 42210.21267871043, 'fire_exp': 1.7792742686803427, 'P_half': 61.6097529474144, 'pre_dampen_half': 16.009350908593582, 'gpp_af': 3.298293484806585, 'gpp_b': 0.0004125336560355494, 'gpp_d': 0.7698760608299932, 'ign_k': 0.8945150807271531, 'ign_c': 7.832259769732471, 'trop_agb_crit': 2.0527418919564324, 'trop_k_veg': 6.172643383211297, 'fire_amp': 1.5587346124822492}.
[I 2026-06-10 21:19:24,759] Trial 353 finished with values: [10.655805422858855, 10.655805422858855] and parameters: {'k1': 0.00026539376439360527, 'D_low': 1440.3650379563878, 'k2': 1.1417577140741129e-05, 'D_high': 29.126651668813768, 'fire_exp': 1.9783727454920947, 'P_half': 1.4551749476072258, 'pre_dampen_half': 1.6130673726933187, 'gpp_af': 27.448645214004376, 'gpp_b': 0.006999112505425414, 'gpp_d': 236.32429088389833, 'ign_k': 0.09256855841989636, 'ign_c': 13.054148118849394, 'trop_agb_crit': 1.8023542850487386, 'trop_k_veg': 1.6648666152166967, 'fire_amp': 4.2446263054164195}.
[I 2026-06-10 21:19:26,374] Trial 354 finished with values: [11.168805262935791, 11.168805262935791] and parameters: {'k1': 0.006079905434073396, 'D_low': 43.2326421037033, 'k2': 2.316457903103837e-05, 'D_high': 315.101491238403, 'fire_exp': 1.7505406131449859, 'P_half': 9.580682294110435, 'pre_dampen_half': 189.88136301569827, 'gpp_af': 1.8730788990929563, 'gpp_b': 0.002416023630607169, 'gpp_d': 21.899070557043984, 'ign_k': 0.00660597889201953, 'ign_c': 1.4879588507789996, 'trop_agb_crit': 1.8566494291193822, 'trop_k_veg': 0.5183533149347164, 'fire_amp': 1.1655705619308396}.
[I 2026-06-10 21:19:27,913] Trial 355 finished with values: [10.088533726977477, 10.088533726977477] and parameters: {'k1': 0.006079905434073396, 'D_low': 43.2326421037033, 'k2': 1.1417577140741129e-05, 'D_high': 29.126651668813768, 'fire_exp': 1.4690410989404576, 'P_half': 12.262543158860007, 'pre_dampen_half': 903.3231300044874, 'gpp_af': 3.298293484806585, 'gpp_b': 0.007579368252801536, 'gpp_d': 0.030844007727232167, 'ign_k': 0.8945150807271531, 'ign_c': 7.832259769732471, 'trop_agb_crit': 2.1989086830950257, 'trop_k_veg': 1.6648666152166967, 'fire_amp': 2.042193818779288}.
[I 2026-06-10 21:19:29,374] Trial 356 finished with values: [10.566759542808683, 10.566759542808683] and parameters: {'k1': 0.016973078532467004, 'D_low': 43.03411264066069, 'k2': 0.0002442377596403892, 'D_high': 27.55546207779663, 'fire_exp': 1.6901885781909627, 'P_half': 7.914423612155368, 'pre_dampen_half': 123.04779330083686, 'gpp_af': 0.005061568304359487, 'gpp_b': 0.015062722325200045, 'gpp_d': 0.1448983619020909, 'ign_k': 0.8945150807271531, 'ign_c': 14.709699119495124, 'trop_agb_crit': 2.1989086830950257, 'trop_k_veg': 6.172643383211297, 'fire_amp': 1.5587346124822492}.
[I 2026-06-10 21:19:30,868] Trial 357 finished with values: [10.614450696941278, 10.614450696941278] and parameters: {'k1': 0.016973078532467004, 'D_low': 50.32059347286801, 'k2': 8.968733598183248e-05, 'D_high': 2427.054417940131, 'fire_exp': 3.150954985759691, 'P_half': 251.23618639978196, 'pre_dampen_half': 189.88136301569827, 'gpp_af': 0.8594202650742228, 'gpp_b': 1.1008110571039521e-05, 'gpp_d': 1.4397852866783676, 'ign_k': 0.13500744867919376, 'ign_c': 0.1611736893633666, 'trop_agb_crit': 1.5033346993841157, 'trop_k_veg': 3.4439936249445045, 'fire_amp': 1.1655705619308396}.
[I 2026-06-10 21:19:32,512] Trial 358 finished with values: [10.943479067049793, 10.943479067049793] and parameters: {'k1': 0.0001969885015387913, 'D_low': 1074.940539517341, 'k2': 1.1417577140741129e-05, 'D_high': 949.9072859745386, 'fire_exp': 1.111738490499784, 'P_half': 12.262543158860007, 'pre_dampen_half': 903.3231300044874, 'gpp_af': 3.298293484806585, 'gpp_b': 0.006999112505425414, 'gpp_d': 0.1423472425072452, 'ign_k': 0.09256855841989636, 'ign_c': 7.832259769732471, 'trop_agb_crit': 8.188098178380693, 'trop_k_veg': 0.6618107836658104, 'fire_amp': 1.686388377130032}.
[I 2026-06-10 21:19:34,414] Trial 359 finished with values: [10.088874531953897, 10.088874531953897] and parameters: {'k1': 5.178197947282869e-05, 'D_low': 602.4590664672947, 'k2': 8.968733598183248e-05, 'D_high': 44974.07193749848, 'fire_exp': 1.7505406131449859, 'P_half': 2757.3353505786354, 'pre_dampen_half': 189.88136301569827, 'gpp_af': 1.7775411110039254, 'gpp_b': 0.16285506249643175, 'gpp_d': 95.2715755007094, 'ign_k': 3.6309591863459096, 'ign_c': 2.2489542843914485, 'trop_agb_crit': 21.086120736447015, 'trop_k_veg': 0.5183533149347164, 'fire_amp': 2.818314238665462}.
[I 2026-06-10 21:19:35,974] Trial 360 finished with values: [10.791913496860161, 10.791913496860161] and parameters: {'k1': 5.178197947282869e-05, 'D_low': 148.21691630007544, 'k2': 0.0001016707987819611, 'D_high': 1817.0401889219124, 'fire_exp': 1.7505406131449859, 'P_half': 1316.4487472745689, 'pre_dampen_half': 2.736251365128462, 'gpp_af': 29.700320404259642, 'gpp_b': 0.002416023630607169, 'gpp_d': 545.0253444559129, 'ign_k': 0.0029519227433917453, 'ign_c': 0.7619822175388142, 'trop_agb_crit': 2.0527418919564324, 'trop_k_veg': 0.5183533149347164, 'fire_amp': 5.44779717154213}.
[I 2026-06-10 21:19:37,543] Trial 361 finished with values: [10.710368491225973, 10.710368491225973] and parameters: {'k1': 5.7909642338812115e-05, 'D_low': 1074.940539517341, 'k2': 1.1417577140741129e-05, 'D_high': 29.126651668813768, 'fire_exp': 1.111738490499784, 'P_half': 12.262543158860007, 'pre_dampen_half': 191.62369310763663, 'gpp_af': 1.9654778690222015, 'gpp_b': 1.7286734109794885e-05, 'gpp_d': 0.030844007727232167, 'ign_k': 0.09256855841989636, 'ign_c': 7.832259769732471, 'trop_agb_crit': 1.8023542850487386, 'trop_k_veg': 6.778288138489648, 'fire_amp': 1.147839669817869}.
[I 2026-06-10 21:19:39,067] Trial 362 finished with values: [10.832837852838951, 10.832837852838951] and parameters: {'k1': 0.00026539376439360527, 'D_low': 83.56564873457052, 'k2': 8.968733598183248e-05, 'D_high': 29.126651668813768, 'fire_exp': 3.150954985759691, 'P_half': 2834.090429514774, 'pre_dampen_half': 189.36639872354493, 'gpp_af': 0.8594202650742228, 'gpp_b': 1.1008110571039521e-05, 'gpp_d': 1.4397852866783676, 'ign_k': 0.09256855841989636, 'ign_c': 0.1611736893633666, 'trop_agb_crit': 1.5033346993841157, 'trop_k_veg': 3.4439936249445045, 'fire_amp': 1.1655705619308396}.
[I 2026-06-10 21:19:40,744] Trial 363 finished with values: [10.760034770444374, 10.760034770444374] and parameters: {'k1': 0.00026539376439360527, 'D_low': 1074.940539517341, 'k2': 1.1417577140741129e-05, 'D_high': 29.126651668813768, 'fire_exp': 1.9783727454920947, 'P_half': 157.3644610977214, 'pre_dampen_half': 191.62369310763663, 'gpp_af': 1.3954498518315706, 'gpp_b': 0.006999112505425414, 'gpp_d': 0.030844007727232167, 'ign_k': 0.8945150807271531, 'ign_c': 0.17036120617148395, 'trop_agb_crit': 1.8023542850487386, 'trop_k_veg': 1.6648666152166967, 'fire_amp': 1.147839669817869}.
[I 2026-06-10 21:19:42,353] Trial 364 finished with values: [10.234909106080517, 10.234909106080517] and parameters: {'k1': 5.7909642338812115e-05, 'D_low': 1.4002277211577039, 'k2': 0.0007731571570012607, 'D_high': 1817.0401889219124, 'fire_exp': 1.1633452995374232, 'P_half': 1265.0580856641704, 'pre_dampen_half': 1.8469033699850426, 'gpp_af': 0.41874665092828456, 'gpp_b': 0.004411400434514031, 'gpp_d': 1.0088237648985734, 'ign_k': 0.17320535908244444, 'ign_c': 0.4177928311636542, 'trop_agb_crit': 1.8566494291193822, 'trop_k_veg': 5.453348988480011, 'fire_amp': 5.44779717154213}.
[I 2026-06-10 21:19:43,923] Trial 365 finished with values: [18.73156192549974, 18.73156192549974] and parameters: {'k1': 0.006079905434073396, 'D_low': 43.2326421037033, 'k2': 4.933751600448335e-05, 'D_high': 27.55546207779663, 'fire_exp': 1.2732983562135975, 'P_half': 157.3644610977214, 'pre_dampen_half': 37.40930273158252, 'gpp_af': 20.12115544906385, 'gpp_b': 0.00047819318414852577, 'gpp_d': 20.81401325574021, 'ign_k': 0.002357279455676982, 'ign_c': 16.497426799845446, 'trop_agb_crit': 24.199763404822136, 'trop_k_veg': 1.6003641872536711, 'fire_amp': 5.416595007374148}.
[I 2026-06-10 21:19:45,478] Trial 366 finished with values: [-0.43808444647621214, 0.05542453628742339] and parameters: {'k1': 9.293516267059069e-05, 'D_low': 171.2446447678494, 'k2': 0.00037358626308127543, 'D_high': 8912.611835817017, 'fire_exp': 1.6901885781909627, 'P_half': 93.43302657318476, 'pre_dampen_half': 857.6556763881457, 'gpp_af': 20.12115544906385, 'gpp_b': 0.015062722325200045, 'gpp_d': 0.09467055845337147, 'ign_k': 0.17320535908244444, 'ign_c': 14.709699119495124, 'trop_agb_crit': 24.199763404822136, 'trop_k_veg': 5.453348988480011, 'fire_amp': 5.606809127618709}.
[I 2026-06-10 21:19:46,984] Trial 367 finished with values: [12.617176636203755, 12.617176636203755] and parameters: {'k1': 0.00026539376439360527, 'D_low': 1074.940539517341, 'k2': 0.0010726091927327822, 'D_high': 315.101491238403, 'fire_exp': 1.5305744365500176, 'P_half': 1.4551749476072258, 'pre_dampen_half': 253.71947027764784, 'gpp_af': 0.5970408652384318, 'gpp_b': 9.497440085397415e-05, 'gpp_d': 594.7389794988394, 'ign_k': 0.8945150807271531, 'ign_c': 0.4177928311636542, 'trop_agb_crit': 1.8566494291193822, 'trop_k_veg': 1.6648666152166967, 'fire_amp': 1.290871715123794}.
[I 2026-06-10 21:19:48,609] Trial 368 finished with values: [10.691860131503828, 10.691860131503828] and parameters: {'k1': 5.178197947282869e-05, 'D_low': 408.3047491580097, 'k2': 8.968733598183248e-05, 'D_high': 29.126651668813768, 'fire_exp': 1.7505406131449859, 'P_half': 12.262543158860007, 'pre_dampen_half': 903.3231300044874, 'gpp_af': 3.030008727251782, 'gpp_b': 0.006999112505425414, 'gpp_d': 0.030844007727232167, 'ign_k': 0.00660597889201953, 'ign_c': 1.4879588507789996, 'trop_agb_crit': 2.1989086830950257, 'trop_k_veg': 0.5183533149347164, 'fire_amp': 2.042193818779288}.
[I 2026-06-10 21:19:50,287] Trial 369 finished with values: [10.649852232503848, 10.649852232503848] and parameters: {'k1': 0.004467752817973905, 'D_low': 17.65404805249507, 'k2': 0.0010726091927327822, 'D_high': 1537.592023548176, 'fire_exp': 1.14171776851287, 'P_half': 277.00025557434554, 'pre_dampen_half': 1.6130673726933187, 'gpp_af': 0.8057329182285734, 'gpp_b': 2.3386439256208704, 'gpp_d': 236.32429088389833, 'ign_k': 4.869640941520899, 'ign_c': 0.1611736893633666, 'trop_agb_crit': 1.8023542850487386, 'trop_k_veg': 0.5667990147757791, 'fire_amp': 2.042193818779288}.
