[I 2026-08-19 13:19:56,731] Trial 690 finished with values: [-0.4268581838855092, 0.005003482978064078] and parameters: {'k1': 0.005456725485601475, 'D_low': 437.4364439939077, 'k2': 0.0021608491389795734, 'D_high': 1907543.828944448, 'fire_exp': 1.0501937052663004, 'P_half': 8894.151386481904, 'pre_dampen_half': 0.2571419084734534, 'gpp_af': 0.18737227240512885, 'gpp_b': 0.0004837646996135023, 'gpp_d': 0.16294786031575217, 'ign_k': 0.1537592023548176, 'ign_c': 0.5488047000766043, 'trop_agb_crit': 28.49245476864681, 'trop_k_veg': 4.891066132801691, 'pop_amp': 0.029228481237926353, 'pop_peak': 352.89806695809773, 'pop_sig': 0.9904669476016459, 'fuel_k': 0.27631890369709744, 'fuel_half': 17.890117928710357}.
[I 2026-08-19 13:19:59,755] Trial 691 finished with values: [-0.3554625854118624, 0.0] and parameters: {'k1': 1.844951990812239e-05, 'D_low': 393.5385399037397, 'k2': 0.0021608491389795734, 'D_high': 1124534.1807254362, 'fire_exp': 1.3796609641485171, 'P_half': 1517.2922775770444, 'pre_dampen_half': 0.2571419084734534, 'gpp_af': 0.006580815488709274, 'gpp_b': 0.05825704883392061, 'gpp_d': 0.050654860639753524, 'ign_k': 0.3818468247973969, 'ign_c': 89.12611835816996, 'trop_agb_crit': 3.3887235042490564, 'trop_k_veg': 5.691473319778836, 'pop_amp': 0.008683934086503814, 'pop_peak': 2.016436598480055, 'pop_sig': 0.4663206866626952, 'fuel_k': 0.030458048063161637, 'fuel_half': 2.44365199339694}.
[I 2026-08-19 13:20:02,665] Trial 692 finished with values: [-0.41843467481417884, 1.1623102480484704e-09] and parameters: {'k1': 5.7909642338812115e-05, 'D_low': 1368.9795993592197, 'k2': 0.015109330261674455, 'D_high': 1661855.441285105, 'fire_exp': 1.1633452995374232, 'P_half': 1265.0580856641704, 'pre_dampen_half': 0.03104404101628551, 'gpp_af': 0.41874665092828456, 'gpp_b': 0.004411400434514031, 'gpp_d': 1.0088237648985734, 'ign_k': 0.3818468247973969, 'ign_c': 60.27551301719578, 'trop_agb_crit': 24.500297851058132, 'trop_k_veg': 7.646055652807254, 'pop_amp': 0.010683678306066766, 'pop_peak': 0.14020023099408158, 'pop_sig': 0.4663206866626952, 'fuel_k': 1.3626356448811705, 'fuel_half': 1.683458881839943}.
[I 2026-08-19 13:20:05,862] Trial 693 finished with values: [-0.424678898920077, 0.0007408655601193193] and parameters: {'k1': 2.1070611138656e-05, 'D_low': 1368.9795993592197, 'k2': 0.0003856302813879373, 'D_high': 6543576.946931886, 'fire_exp': 1.1633452995374232, 'P_half': 1265.0580856641704, 'pre_dampen_half': 0.019449247591399356, 'gpp_af': 0.0028701881471957036, 'gpp_b': 0.0004837646996135023, 'gpp_d': 1.0088237648985734, 'ign_k': 0.04439802552990466, 'ign_c': 12.366924205139131, 'trop_agb_crit': 1.050713312531254, 'trop_k_veg': 7.646055652807254, 'pop_amp': 0.024891633080683897, 'pop_peak': 0.14020023099408158, 'pop_sig': 1.1435172711509305, 'fuel_k': 1.3626356448811705, 'fuel_half': 1.683458881839943}.
[I 2026-08-19 13:20:08,478] Trial 694 finished with values: [-0.41337279916931535, 6.462497204040574e-12] and parameters: {'k1': 2.9693357731296325e-05, 'D_low': 286.06841726052676, 'k2': 4.392638796750218e-05, 'D_high': 1840060.4093141211, 'fire_exp': 6.464773756830049, 'P_half': 8894.151386481904, 'pre_dampen_half': 0.2571419084734534, 'gpp_af': 6.635341982375291, 'gpp_b': 1.624829724391053, 'gpp_d': 8.347790852520644, 'ign_k': 1.327536113719196, 'ign_c': 12.366924205139131, 'trop_agb_crit': 23.606263788786194, 'trop_k_veg': 4.30392173391187, 'pop_amp': 6.746076139939917, 'pop_peak': 4.557885026195722, 'pop_sig': 1.0424917012813995, 'fuel_k': 0.18940660610935214, 'fuel_half': 0.3497028715561063}.
[I 2026-08-19 13:20:11,046] Trial 695 finished with values: [-0.3554625854118624, 0.0] and parameters: {'k1': 9.67404566214593e-05, 'D_low': 1.6569065206637925, 'k2': 3.077180271250682e-05, 'D_high': 24493.271671328574, 'fire_exp': 6.454675979546216, 'P_half': 4337.920697490941, 'pre_dampen_half': 0.19674328025306115, 'gpp_af': 0.005018406982902927, 'gpp_b': 0.0007417652034871827, 'gpp_d': 3.9841905944346854, 'ign_k': 9.946147674311604, 'ign_c': 89.12611835816996, 'trop_agb_crit': 1.257433437731036, 'trop_k_veg': 0.5443513380244235, 'pop_amp': 10.985330528057915, 'pop_peak': 1.884221947092994, 'pop_sig': 0.2777678917098414, 'fuel_k': 3.640039183945803, 'fuel_half': 0.18427970406864538}.
[I 2026-08-19 13:20:13,837] Trial 696 finished with values: [-0.3918086312409385, 5.440092820663267e-15] and parameters: {'k1': 9.67404566214593e-05, 'D_low': 1.6569065206637925, 'k2': 0.0002001342062287998, 'D_high': 1661855.441285105, 'fire_exp': 6.454675979546216, 'P_half': 10.436686039715203, 'pre_dampen_half': 30.11226646948154, 'gpp_af': 0.18737227240512885, 'gpp_b': 0.05825704883392061, 'gpp_d': 0.050654860639753524, 'ign_k': 0.04439802552990466, 'ign_c': 89.12611835816996, 'trop_agb_crit': 14.188434224699876, 'trop_k_veg': 0.5443513380244235, 'pop_amp': 0.008683934086503814, 'pop_peak': 1.884221947092994, 'pop_sig': 1.804482856986987, 'fuel_k': 3.250046746707412, 'fuel_half': 1.7895437790635824}.
  trial  697/2500  pareto_size=24  best_ilamb=0.6094  (34.6 min)
[I 2026-08-19 13:20:17,295] Trial 697 finished with values: [-0.4139658910835671, 5.981694362056089e-09] and parameters: {'k1': 4.929552311643645e-05, 'D_low': 27972.024228472703, 'k2': 0.00011486447007152058, 'D_high': 1840060.4093141211, 'fire_exp': 3.7695400350033266, 'P_half': 6281.776703992854, 'pre_dampen_half': 0.2571419084734534, 'gpp_af': 0.18737227240512885, 'gpp_b': 0.05825704883392061, 'gpp_d': 8.347790852520644, 'ign_k': 0.04439802552990466, 'ign_c': 13.909474988024083, 'trop_agb_crit': 3.544180417534903, 'trop_k_veg': 6.972354563243685, 'pop_amp': 0.0013002472438361158, 'pop_peak': 4.557885026195722, 'pop_sig': 1.804482856986987, 'fuel_k': 4.04437775870989, 'fuel_half': 17.890117928710357}.
[I 2026-08-19 13:20:19,703] Trial 698 finished with values: [-0.449102730762548, 0.007512354618704586] and parameters: {'k1': 0.005456725485601475, 'D_low': 27972.024228472703, 'k2': 0.0019856031481305684, 'D_high': 1840060.4093141211, 'fire_exp': 1.0824018381500955, 'P_half': 1636.5290600718067, 'pre_dampen_half': 0.19674328025306115, 'gpp_af': 0.00301004353953023, 'gpp_b': 0.0007417652034871827, 'gpp_d': 3.9841905944346854, 'ign_k': 9.162638829638215, 'ign_c': 0.5488047000766043, 'trop_agb_crit': 17.69486533706496, 'trop_k_veg': 4.30392173391187, 'pop_amp': 10.985330528057915, 'pop_peak': 1.9043491615789352, 'pop_sig': 0.6871869718280653, 'fuel_k': 0.15552861105540366, 'fuel_half': 0.18427970406864538}.
[I 2026-08-19 13:20:22,116] Trial 699 finished with values: [-0.3554625854118624, 0.0] and parameters: {'k1': 1.2127739059991448e-05, 'D_low': 1.6569065206637925, 'k2': 1.2748758606816134e-05, 'D_high': 24493.271671328574, 'fire_exp': 7.856097010829145, 'P_half': 267.2146013620241, 'pre_dampen_half': 30.11226646948154, 'gpp_af': 0.9346598275601615, 'gpp_b': 0.004411400434514031, 'gpp_d': 108.18665579547857, 'ign_k': 0.04439802552990466, 'ign_c': 225.58738962142354, 'trop_agb_crit': 3.3887235042490564, 'trop_k_veg': 0.8084202024508578, 'pop_amp': 0.008683934086503814, 'pop_peak': 0.11282174456497143, 'pop_sig': 1.804482856986987, 'fuel_k': 1.3626356448811705, 'fuel_half': 17.890117928710357}.
[I 2026-08-19 13:20:25,538] Trial 700 finished with values: [-0.4208659504724386, 2.4302023726718858e-09] and parameters: {'k1': 1.844951990812239e-05, 'D_low': 27972.024228472703, 'k2': 0.0019856031481305684, 'D_high': 1840060.4093141211, 'fire_exp': 4.4758690202162805, 'P_half': 8894.151386481904, 'pre_dampen_half': 0.2571419084734534, 'gpp_af': 0.18737227240512885, 'gpp_b': 0.0004837646996135023, 'gpp_d': 118.26972885708257, 'ign_k': 0.04439802552990466, 'ign_c': 12.366924205139131, 'trop_agb_crit': 3.544180417534903, 'trop_k_veg': 4.30392173391187, 'pop_amp': 10.985330528057915, 'pop_peak': 1.9043491615789352, 'pop_sig': 0.6871869718280653, 'fuel_k': 0.15552861105540366, 'fuel_half': 0.18427970406864538}.
[I 2026-08-19 13:20:30,042] Trial 701 finished with values: [-0.42682367288969864, 1.9410521550078386e-06] and parameters: {'k1': 4.929552311643645e-05, 'D_low': 286.06841726052676, 'k2': 0.0019856031481305684, 'D_high': 1840060.4093141211, 'fire_exp': 3.7695400350033266, 'P_half': 6281.776703992854, 'pre_dampen_half': 0.7465571739720183, 'gpp_af': 69.07170464178779, 'gpp_b': 0.0001605469768042801, 'gpp_d': 118.26972885708257, 'ign_k': 0.43129510236174595, 'ign_c': 13.909474988024083, 'trop_agb_crit': 3.544180417534903, 'trop_k_veg': 2.968382718115938, 'pop_amp': 0.0013002472438361158, 'pop_peak': 503.7153440645595, 'pop_sig': 1.804482856986987, 'fuel_k': 0.11148299766359336, 'fuel_half': 17.890117928710357}.
[I 2026-08-19 13:20:33,343] Trial 702 finished with values: [-0.4128898268787795, 0.002060963219720713] and parameters: {'k1': 0.00020329778470902634, 'D_low': 59.24731381517113, 'k2': 0.011936928467636465, 'D_high': 24493.271671328574, 'fire_exp': 1.0501937052663004, 'P_half': 267.2146013620241, 'pre_dampen_half': 0.2571419084734534, 'gpp_af': 0.9346598275601615, 'gpp_b': 0.05597336455803044, 'gpp_d': 117.2128156438701, 'ign_k': 0.025284086172415596, 'ign_c': 225.58738962142354, 'trop_agb_crit': 28.49245476864681, 'trop_k_veg': 0.8084202024508578, 'pop_amp': 11.72926995754655, 'pop_peak': 1.421337820414783, 'pop_sig': 1.0264911386548754, 'fuel_k': 1.3626356448811705, 'fuel_half': 1.7918446176734728}.
[I 2026-08-19 13:20:36,341] Trial 703 finished with values: [-0.3554625854118624, 0.0] and parameters: {'k1': 0.0003370998494872881, 'D_low': 27972.024228472703, 'k2': 0.0019856031481305684, 'D_high': 9355.38060645217, 'fire_exp': 7.856097010829145, 'P_half': 7.361379380357789, 'pre_dampen_half': 0.2571419084734534, 'gpp_af': 0.00301004353953023, 'gpp_b': 0.0001714445062447877, 'gpp_d': 108.18665579547857, 'ign_k': 0.1537592023548176, 'ign_c': 225.58738962142354, 'trop_agb_crit': 17.69486533706496, 'trop_k_veg': 5.691473319778836, 'pop_amp': 11.72926995754655, 'pop_peak': 13.10465149744836, 'pop_sig': 0.6871869718280653, 'fuel_k': 1.3626356448811705, 'fuel_half': 0.18427970406864538}.
  trial  704/2500  pareto_size=25  best_ilamb=0.6094  (34.9 min)
[I 2026-08-19 13:20:39,453] Trial 704 finished with values: [-0.4318615201924321, 0.0018359768911416774] and parameters: {'k1': 0.09372580613581186, 'D_low': 286.06841726052676, 'k2': 0.0019856031481305684, 'D_high': 1840060.4093141211, 'fire_exp': 6.454675979546216, 'P_half': 267.2146013620241, 'pre_dampen_half': 0.7465571739720183, 'gpp_af': 0.18737227240512885, 'gpp_b': 0.0001605469768042801, 'gpp_d': 8.347790852520644, 'ign_k': 0.45791923103229365, 'ign_c': 0.13492881864712067, 'trop_agb_crit': 23.606263788786194, 'trop_k_veg': 5.691473319778836, 'pop_amp': 0.0034369873301918173, 'pop_peak': 456.60279198301936, 'pop_sig': 1.804482856986987, 'fuel_k': 0.024842211874916795, 'fuel_half': 0.3497028715561063}.
[I 2026-08-19 13:20:42,198] Trial 705 finished with values: [-0.3572453495501681, 4.718447854656915e-14] and parameters: {'k1': 4.929552311643645e-05, 'D_low': 50340.563942871704, 'k2': 0.0019856031481305684, 'D_high': 4137.7016715719255, 'fire_exp': 3.7695400350033266, 'P_half': 8894.151386481904, 'pre_dampen_half': 0.2571419084734534, 'gpp_af': 0.9346598275601615, 'gpp_b': 0.0007417652034871827, 'gpp_d': 0.04045126344386956, 'ign_k': 9.162638829638215, 'ign_c': 12.366924205139131, 'trop_agb_crit': 17.69486533706496, 'trop_k_veg': 0.8084202024508578, 'pop_amp': 2.1219303004144856, 'pop_peak': 1.9043491615789352, 'pop_sig': 1.804482856986987, 'fuel_k': 0.9199338799678547, 'fuel_half': 2.01596048776016}.
[I 2026-08-19 13:20:45,124] Trial 706 finished with values: [-0.4014946961222644, 2.115974062633086e-12] and parameters: {'k1': 0.0004846497679219079, 'D_low': 1.6569065206637925, 'k2': 4.392638796750218e-05, 'D_high': 9355.38060645217, 'fire_exp': 4.3161213924316595, 'P_half': 288.43759925715864, 'pre_dampen_half': 0.2571419084734534, 'gpp_af': 0.005018406982902927, 'gpp_b': 0.4444293007927762, 'gpp_d': 0.050654860639753524, 'ign_k': 0.3699359899959751, 'ign_c': 6.0816733722841345, 'trop_agb_crit': 8.935619329310551, 'trop_k_veg': 6.972354563243685, 'pop_amp': 6.746076139939917, 'pop_peak': 4.557885026195722, 'pop_sig': 1.804482856986987, 'fuel_k': 5.706437033023268, 'fuel_half': 0.10355826161899183}.
[I 2026-08-19 13:20:47,708] Trial 707 finished with values: [-0.5873538974798559, 0.033747961158914985] and parameters: {'k1': 1.844951990812239e-05, 'D_low': 1368.9795993592197, 'k2': 0.0019856031481305684, 'D_high': 1661855.441285105, 'fire_exp': 1.3796609641485171, 'P_half': 229.5739821454948, 'pre_dampen_half': 0.05393491030297468, 'gpp_af': 0.41874665092828456, 'gpp_b': 0.007179740972016222, 'gpp_d': 1.0088237648985734, 'ign_k': 9.162638829638215, 'ign_c': 13.219302264066766, 'trop_agb_crit': 1.050713312531254, 'trop_k_veg': 4.30392173391187, 'pop_amp': 10.985330528057915, 'pop_peak': 0.07575363458033918, 'pop_sig': 1.804482856986987, 'fuel_k': 0.15552861105540366, 'fuel_half': 0.18427970406864538}.
[I 2026-08-19 13:20:50,106] Trial 708 finished with values: [-0.3554625854118624, 0.0] and parameters: {'k1': 0.00020329778470902634, 'D_low': 1.6569065206637925, 'k2': 6.340140860251457e-05, 'D_high': 24493.271671328574, 'fire_exp': 2.5321117364280843, 'P_half': 229.5739821454948, 'pre_dampen_half': 0.2571419084734534, 'gpp_af': 0.9346598275601615, 'gpp_b': 9.67374839440457e-05, 'gpp_d': 108.18665579547857, 'ign_k': 9.162638829638215, 'ign_c': 225.58738962142354, 'trop_agb_crit': 3.3887235042490564, 'trop_k_veg': 0.8084202024508578, 'pop_amp': 0.024891633080683897, 'pop_peak': 13.10465149744836, 'pop_sig': 1.804482856986987, 'fuel_k': 1.3626356448811705, 'fuel_half': 80.43893885571656}.
[I 2026-08-19 13:20:52,628] Trial 709 finished with values: [-0.41277724189704257, 2.257469100541698e-09] and parameters: {'k1': 0.015662344297608734, 'D_low': 6293.732112193172, 'k2': 0.0067445742055710165, 'D_high': 5109990.03526815, 'fire_exp': 6.464773756830049, 'P_half': 8894.151386481904, 'pre_dampen_half': 0.2571419084734534, 'gpp_af': 0.18737227240512885, 'gpp_b': 9.67374839440457e-05, 'gpp_d': 3.9841905944346854, 'ign_k': 0.3699359899959751, 'ign_c': 12.366924205139131, 'trop_agb_crit': 28.49245476864681, 'trop_k_veg': 3.754644404143055, 'pop_amp': 0.0034369873301918173, 'pop_peak': 456.60279198301936, 'pop_sig': 1.8528333992769594, 'fuel_k': 0.11148299766359336, 'fuel_half': 0.10355826161899183}.
[I 2026-08-19 13:20:54,902] Trial 710 finished with values: [-0.39504089037944357, 6.308908728769325e-09] and parameters: {'k1': 4.929552311643645e-05, 'D_low': 437.4364439939077, 'k2': 0.0019856031481305684, 'D_high': 4137.7016715719255, 'fire_exp': 5.433392060430592, 'P_half': 4337.920697490941, 'pre_dampen_half': 0.19674328025306115, 'gpp_af': 0.41874665092828456, 'gpp_b': 0.262066851092946, 'gpp_d': 118.26972885708257, 'ign_k': 0.1537592023548176, 'ign_c': 0.5488047000766043, 'trop_agb_crit': 24.500297851058132, 'trop_k_veg': 5.453348988480011, 'pop_amp': 10.985330528057915, 'pop_peak': 2.016436598480055, 'pop_sig': 1.804482856986987, 'fuel_k': 0.022805907608636752, 'fuel_half': 17.890117928710357}.
[I 2026-08-19 13:20:57,135] Trial 711 finished with values: [-0.41974753394139697, 2.492936967968262e-10] and parameters: {'k1': 4.929552311643645e-05, 'D_low': 1.6569065206637925, 'k2': 3.077180271250682e-05, 'D_high': 6543576.946931886, 'fire_exp': 5.433392060430592, 'P_half': 8894.151386481904, 'pre_dampen_half': 0.19674328025306115, 'gpp_af': 0.18737227240512885, 'gpp_b': 0.0007417652034871827, 'gpp_d': 118.26972885708257, 'ign_k': 0.04439802552990466, 'ign_c': 0.5488047000766043, 'trop_agb_crit': 2.7072829880258475, 'trop_k_veg': 0.8084202024508578, 'pop_amp': 0.008683934086503814, 'pop_peak': 0.05281056279423359, 'pop_sig': 1.804482856986987, 'fuel_k': 0.022805907608636752, 'fuel_half': 1.7895437790635824}.
  trial  712/2500  pareto_size=27  best_ilamb=0.6094  (35.3 min)
[I 2026-08-19 13:21:00,089] Trial 712 finished with values: [-0.3864896151577339, 2.3993958643275803e-06] and parameters: {'k1': 0.00020329778470902634, 'D_low': 1.6569065206637925, 'k2': 0.0002001342062287998, 'D_high': 1661855.441285105, 'fire_exp': 7.856097010829145, 'P_half': 10.436686039715203, 'pre_dampen_half': 30.11226646948154, 'gpp_af': 0.18737227240512885, 'gpp_b': 0.004411400434514031, 'gpp_d': 0.050654860639753524, 'ign_k': 0.009935023909063692, 'ign_c': 89.12611835816996, 'trop_agb_crit': 3.3887235042490564, 'trop_k_veg': 7.567838583852687, 'pop_amp': 11.72926995754655, 'pop_peak': 1.884221947092994, 'pop_sig': 0.4663206866626952, 'fuel_k': 3.250046746707412, 'fuel_half': 17.890117928710357}.
[I 2026-08-19 13:21:02,652] Trial 713 finished with values: [-0.4198516113374149, 1.4000767656341395e-08] and parameters: {'k1': 1.844951990812239e-05, 'D_low': 286.06841726052676, 'k2': 0.0014455983984872978, 'D_high': 1907543.828944448, 'fire_exp': 3.7695400350033266, 'P_half': 8894.151386481904, 'pre_dampen_half': 0.7465571739720183, 'gpp_af': 0.0077125451401819246, 'gpp_b': 0.0001605469768042801, 'gpp_d': 118.26972885708257, 'ign_k': 0.0023181776112903506, 'ign_c': 13.909474988024083, 'trop_agb_crit': 3.544180417534903, 'trop_k_veg': 0.8084202024508578, 'pop_amp': 0.0034369873301918173, 'pop_peak': 503.7153440645595, 'pop_sig': 1.804482856986987, 'fuel_k': 0.022805907608636752, 'fuel_half': 0.18427970406864538}.
[I 2026-08-19 13:21:05,358] Trial 714 finished with values: [-0.3554625854118624, 0.0] and parameters: {'k1': 0.0003370998494872881, 'D_low': 27972.024228472703, 'k2': 0.0019856031481305684, 'D_high': 9355.38060645217, 'fire_exp': 7.856097010829145, 'P_half': 4337.920697490941, 'pre_dampen_half': 0.2571419084734534, 'gpp_af': 2.0540519425388455, 'gpp_b': 0.0007417652034871827, 'gpp_d': 108.18665579547857, 'ign_k': 0.1537592023548176, 'ign_c': 225.58738962142354, 'trop_agb_crit': 27.05166881899929, 'trop_k_veg': 4.288672925586801, 'pop_amp': 10.985330528057915, 'pop_peak': 13.10465149744836, 'pop_sig': 0.9904669476016459, 'fuel_k': 3.640039183945803, 'fuel_half': 0.18427970406864538}.
[I 2026-08-19 13:21:08,827] Trial 715 finished with values: [-0.40794361415553465, 0.0008347013229638156] and parameters: {'k1': 0.0008020503059027807, 'D_low': 1.6569065206637925, 'k2': 0.0032792262899971644, 'D_high': 40859.16976949233, 'fire_exp': 1.1633452995374232, 'P_half': 1636.5290600718067, 'pre_dampen_half': 0.19674328025306115, 'gpp_af': 0.0077125451401819246, 'gpp_b': 0.3189249600851242, 'gpp_d': 108.18665579547857, 'ign_k': 9.162638829638215, 'ign_c': 4.4716799012313055, 'trop_agb_crit': 7.249513912848415, 'trop_k_veg': 0.6719347333876377, 'pop_amp': 10.985330528057915, 'pop_peak': 2.016436598480055, 'pop_sig': 0.9904669476016459, 'fuel_k': 0.15552861105540366, 'fuel_half': 0.18427970406864538}.
[I 2026-08-19 13:21:11,400] Trial 716 finished with values: [-0.3992371989459789, 3.116927693724847e-08] and parameters: {'k1': 9.67404566214593e-05, 'D_low': 1.6569065206637925, 'k2': 0.0002001342062287998, 'D_high': 1661855.441285105, 'fire_exp': 6.454675979546216, 'P_half': 4337.920697490941, 'pre_dampen_half': 30.11226646948154, 'gpp_af': 0.18737227240512885, 'gpp_b': 0.30792083556515415, 'gpp_d': 117.2128156438701, 'ign_k': 0.288986631588588, 'ign_c': 12.366924205139131, 'trop_agb_crit': 28.49245476864681, 'trop_k_veg': 0.5443513380244235, 'pop_amp': 0.020758979942636296, 'pop_peak': 1.884221947092994, 'pop_sig': 1.804482856986987, 'fuel_k': 2.8606142106392465, 'fuel_half': 1.7895437790635824}.
[I 2026-08-19 13:21:13,787] Trial 717 finished with values: [-0.4186980805100771, 0.0350261229610227] and parameters: {'k1': 9.67404566214593e-05, 'D_low': 1.6569065206637925, 'k2': 0.0002001342062287998, 'D_high': 1819372.4578178402, 'fire_exp': 2.5321117364280843, 'P_half': 10.436686039715203, 'pre_dampen_half': 0.2571419084734534, 'gpp_af': 0.18737227240512885, 'gpp_b': 9.67374839440457e-05, 'gpp_d': 0.050654860639753524, 'ign_k': 0.04439802552990466, 'ign_c': 6.0816733722841345, 'trop_agb_crit': 1.050713312531254, 'trop_k_veg': 0.5443513380244235, 'pop_amp': 0.024891633080683897, 'pop_peak': 1.884221947092994, 'pop_sig': 1.804482856986987, 'fuel_k': 3.250046746707412, 'fuel_half': 1.7895437790635824}.
[I 2026-08-19 13:21:16,066] Trial 718 finished with values: [-0.4142355508090623, 0.0028169811577779535] and parameters: {'k1': 0.08924795116437424, 'D_low': 437.4364439939077, 'k2': 3.077180271250682e-05, 'D_high': 9355.38060645217, 'fire_exp': 1.0824018381500955, 'P_half': 4337.920697490941, 'pre_dampen_half': 0.2571419084734534, 'gpp_af': 2.0540519425388455, 'gpp_b': 0.0007417652034871827, 'gpp_d': 3.9841905944346854, 'ign_k': 0.009935023909063692, 'ign_c': 225.58738962142354, 'trop_agb_crit': 17.69486533706496, 'trop_k_veg': 4.288672925586801, 'pop_amp': 10.985330528057915, 'pop_peak': 352.89806695809773, 'pop_sig': 0.5314193463179775, 'fuel_k': 3.640039183945803, 'fuel_half': 0.18427970406864538}.
[I 2026-08-19 13:21:18,774] Trial 719 finished with values: [-0.41333452577845664, 0.0014896311273875362] and parameters: {'k1': 2.9693357731296325e-05, 'D_low': 437.4364439939077, 'k2': 0.0014455983984872978, 'D_high': 1907543.828944448, 'fire_exp': 2.5321117364280843, 'P_half': 229.5739821454948, 'pre_dampen_half': 0.10189118197357125, 'gpp_af': 3.3373658194339484, 'gpp_b': 0.004411400434514031, 'gpp_d': 1.0088237648985734, 'ign_k': 0.010439567055209046, 'ign_c': 0.5110256715654393, 'trop_agb_crit': 1.050713312531254, 'trop_k_veg': 4.747207635399424, 'pop_amp': 0.008683934086503814, 'pop_peak': 1.884221947092994, 'pop_sig': 1.804482856986987, 'fuel_k': 3.250046746707412, 'fuel_half': 0.18427970406864538}.
  trial  720/2500  pareto_size=27  best_ilamb=0.6094  (35.7 min)
