[I 2026-06-10 19:37:06,567] Trial 740 finished with values: [-0.4600736712673499, 0.9486660996486381] and parameters: {'k1': 5.7909642338812115e-05, 'D_low': 43.2326421037033, 'k2': 2.316457903103837e-05, 'D_high': 431.45617043093523, 'fire_exp': 1.1490848108902036, 'P_half': 12.262543158860007, 'pre_dampen_half': 189.36639872354493, 'gpp_af': 3.298293484806585, 'gpp_b': 0.002416023630607169, 'gpp_d': 1.4397852866783676, 'ign_k': 0.09256855841989636, 'ign_c': 7.832259769732471, 'trop_agb_crit': 8.0091368834625, 'trop_k_veg': 4.796046723963646, 'fire_amp': 4.472176921013167}.
[I 2026-06-10 19:37:07,850] Trial 741 finished with values: [10.646036059019474, 10.646036059019474] and parameters: {'k1': 0.0031213520322039886, 'D_low': 669.7348618512094, 'k2': 0.005204862686958021, 'D_high': 1817.0401889219124, 'fire_exp': 1.2060040899560858, 'P_half': 2.226799690893868, 'pre_dampen_half': 9.044346216330972, 'gpp_af': 0.002790115363936195, 'gpp_b': 0.001674375583895437, 'gpp_d': 7.631016235941559, 'ign_k': 0.8945150807271531, 'ign_c': 2.2882309479728957, 'trop_agb_crit': 1.0189592979395135, 'trop_k_veg': 2.99731137426955, 'fire_amp': 3.890668402773863}.
[I 2026-06-10 19:37:09,101] Trial 742 finished with values: [10.03565363467368, 10.03565363467368] and parameters: {'k1': 5.7909642338812115e-05, 'D_low': 133.4807155996069, 'k2': 0.02065142557895925, 'D_high': 1266.9536563782303, 'fire_exp': 1.111738490499784, 'P_half': 157.3644610977214, 'pre_dampen_half': 189.36639872354493, 'gpp_af': 3.030008727251782, 'gpp_b': 0.5903603324157484, 'gpp_d': 525.1661172395181, 'ign_k': 0.09256855841989636, 'ign_c': 16.497426799845446, 'trop_agb_crit': 8.0091368834625, 'trop_k_veg': 3.1055119128084763, 'fire_amp': 4.472176921013167}.
[I 2026-06-10 19:37:10,289] Trial 743 finished with values: [10.031307582628154, 10.031307582628154] and parameters: {'k1': 0.00026539376439360527, 'D_low': 50.32059347286801, 'k2': 0.02065142557895925, 'D_high': 1266.9536563782303, 'fire_exp': 1.111738490499784, 'P_half': 2.6691447170887805, 'pre_dampen_half': 189.36639872354493, 'gpp_af': 5.975195267844334, 'gpp_b': 0.002416023630607169, 'gpp_d': 7.631016235941559, 'ign_k': 0.09256855841989636, 'ign_c': 2.2882309479728957, 'trop_agb_crit': 1.8023542850487386, 'trop_k_veg': 5.453348988480011, 'fire_amp': 2.042193818779288}.
[I 2026-06-10 19:37:11,500] Trial 744 finished with values: [10.338565108784547, 10.338565108784547] and parameters: {'k1': 0.00026539376439360527, 'D_low': 50.32059347286801, 'k2': 1.1417577140741129e-05, 'D_high': 1817.0401889219124, 'fire_exp': 1.111738490499784, 'P_half': 2.6691447170887805, 'pre_dampen_half': 189.36639872354493, 'gpp_af': 3.298293484806585, 'gpp_b': 0.002416023630607169, 'gpp_d': 0.26636419343091605, 'ign_k': 0.09256855841989636, 'ign_c': 0.773448215664679, 'trop_agb_crit': 8.462233625364036, 'trop_k_veg': 2.9779319378885387, 'fire_amp': 2.042193818779288}.
[I 2026-06-10 19:37:12,692] Trial 745 finished with values: [10.31046430588913, 10.31046430588913] and parameters: {'k1': 5.7909642338812115e-05, 'D_low': 236.79352040223893, 'k2': 3.2423055114836195e-05, 'D_high': 1817.0401889219124, 'fire_exp': 1.2060040899560858, 'P_half': 12.262543158860007, 'pre_dampen_half': 189.36639872354493, 'gpp_af': 3.030008727251782, 'gpp_b': 0.002416023630607169, 'gpp_d': 1.0088237648985734, 'ign_k': 0.09256855841989636, 'ign_c': 2.2882309479728957, 'trop_agb_crit': 8.0091368834625, 'trop_k_veg': 5.453348988480011, 'fire_amp': 2.6192385880432525}.
[I 2026-06-10 19:37:14,300] Trial 746 finished with values: [10.741865172781363, 10.741865172781363] and parameters: {'k1': 0.0869690639641868, 'D_low': 43.2326421037033, 'k2': 0.020149789847008874, 'D_high': 431.45617043093523, 'fire_exp': 1.264103030891254, 'P_half': 1.9678273362633985, 'pre_dampen_half': 81.30934046917365, 'gpp_af': 56.62858823465573, 'gpp_b': 0.00013164432569139702, 'gpp_d': 1.0088237648985734, 'ign_k': 0.00660597889201953, 'ign_c': 0.773448215664679, 'trop_agb_crit': 1.8023542850487386, 'trop_k_veg': 2.1406449943451844, 'fire_amp': 4.19233232783727}.
[I 2026-06-10 19:37:15,586] Trial 747 finished with values: [-0.5623801754412596, 0.7944324124744981] and parameters: {'k1': 0.012840669372724958, 'D_low': 236.79352040223893, 'k2': 0.0001280886335404798, 'D_high': 20103.283734409175, 'fire_exp': 1.2060040899560858, 'P_half': 114.62237838612074, 'pre_dampen_half': 9.044346216330972, 'gpp_af': 0.8594202650742228, 'gpp_b': 0.0015782327810795573, 'gpp_d': 1.4397852866783676, 'ign_k': 0.9419612235978201, 'ign_c': 1.364908766641693, 'trop_agb_crit': 2.100813292597435, 'trop_k_veg': 0.7808079158649266, 'fire_amp': 2.6192385880432525}.
[I 2026-06-10 19:37:16,840] Trial 748 finished with values: [10.544296870052587, 10.544296870052587] and parameters: {'k1': 5.7909642338812115e-05, 'D_low': 236.79352040223893, 'k2': 0.028670350305540694, 'D_high': 6682.9607218310075, 'fire_exp': 1.111738490499784, 'P_half': 78.13392238162733, 'pre_dampen_half': 189.36639872354493, 'gpp_af': 3.4972243108738175, 'gpp_b': 0.002416023630607169, 'gpp_d': 1.4397852866783676, 'ign_k': 1.6270983114897255, 'ign_c': 2.2882309479728957, 'trop_agb_crit': 1.0189592979395135, 'trop_k_veg': 3.1055119128084763, 'fire_amp': 4.472176921013167}.
[I 2026-06-10 19:37:18,014] Trial 749 finished with values: [10.692958938435295, 10.692958938435295] and parameters: {'k1': 5.7909642338812115e-05, 'D_low': 1.3376564232104105, 'k2': 0.0004976087827261435, 'D_high': 1817.0401889219124, 'fire_exp': 1.4572158037266703, 'P_half': 157.3644610977214, 'pre_dampen_half': 857.6556763881457, 'gpp_af': 0.09885838682552685, 'gpp_b': 1.1008110571039521e-05, 'gpp_d': 1.0088237648985734, 'ign_k': 0.09256855841989636, 'ign_c': 39.52220881906114, 'trop_agb_crit': 1.8023542850487386, 'trop_k_veg': 2.99731137426955, 'fire_amp': 4.472176921013167}.
[I 2026-06-10 19:37:19,271] Trial 750 finished with values: [10.79957876139945, 10.79957876139945] and parameters: {'k1': 0.00026539376439360527, 'D_low': 43.2326421037033, 'k2': 0.0001280886335404798, 'D_high': 42210.21267871043, 'fire_exp': 1.7505406131449859, 'P_half': 12.262543158860007, 'pre_dampen_half': 0.015163585438685893, 'gpp_af': 0.07118041471054574, 'gpp_b': 0.002416023630607169, 'gpp_d': 0.1619054449471649, 'ign_k': 0.8945150807271531, 'ign_c': 1.6312233285809252, 'trop_agb_crit': 2.447085645036977, 'trop_k_veg': 1.6648666152166967, 'fire_amp': 1.5719333351012774}.
[I 2026-06-10 19:37:20,482] Trial 751 finished with values: [10.549977008121727, 10.549977008121727] and parameters: {'k1': 5.7909642338812115e-05, 'D_low': 2067.91871434888, 'k2': 0.0001280886335404798, 'D_high': 48235.58283024493, 'fire_exp': 1.264103030891254, 'P_half': 1.4551749476072258, 'pre_dampen_half': 1.4270448359329697, 'gpp_af': 56.62858823465573, 'gpp_b': 0.006999112505425414, 'gpp_d': 14.427333163005196, 'ign_k': 0.05681482545113266, 'ign_c': 7.832259769732471, 'trop_agb_crit': 1.2489332852689512, 'trop_k_veg': 4.796046723963646, 'fire_amp': 1.9065166209115891}.
[I 2026-06-10 19:37:21,712] Trial 752 finished with values: [10.642892820827438, 10.642892820827438] and parameters: {'k1': 9.293516267059069e-05, 'D_low': 133.4807155996069, 'k2': 0.005204862686958021, 'D_high': 1817.0401889219124, 'fire_exp': 1.6901885781909627, 'P_half': 2.226799690893868, 'pre_dampen_half': 189.36639872354493, 'gpp_af': 0.8594202650742228, 'gpp_b': 0.001674375583895437, 'gpp_d': 1.0088237648985734, 'ign_k': 0.0032383308053152635, 'ign_c': 2.2882309479728957, 'trop_agb_crit': 1.0189592979395135, 'trop_k_veg': 5.453348988480011, 'fire_amp': 2.6192385880432525}.
[I 2026-06-10 19:37:22,998] Trial 753 finished with values: [-0.5922147280642747, 0.5838189649278689] and parameters: {'k1': 5.7909642338812115e-05, 'D_low': 236.79352040223893, 'k2': 0.02065142557895925, 'D_high': 1817.0401889219124, 'fire_exp': 1.2060040899560858, 'P_half': 12.262543158860007, 'pre_dampen_half': 189.36639872354493, 'gpp_af': 3.030008727251782, 'gpp_b': 0.002416023630607169, 'gpp_d': 1.0088237648985734, 'ign_k': 0.09256855841989636, 'ign_c': 2.2882309479728957, 'trop_agb_crit': 8.0091368834625, 'trop_k_veg': 5.453348988480011, 'fire_amp': 5.015960627273085}.
[I 2026-06-10 19:37:24,252] Trial 754 finished with values: [11.060615918196246, 11.060615918196246] and parameters: {'k1': 0.0007916322947490366, 'D_low': 236.79352040223893, 'k2': 0.005204862686958021, 'D_high': 1266.9536563782303, 'fire_exp': 1.2060040899560858, 'P_half': 157.3644610977214, 'pre_dampen_half': 189.36639872354493, 'gpp_af': 3.030008727251782, 'gpp_b': 0.001674375583895437, 'gpp_d': 76.38081075786287, 'ign_k': 0.8945150807271531, 'ign_c': 16.497426799845446, 'trop_agb_crit': 8.0091368834625, 'trop_k_veg': 5.453348988480011, 'fire_amp': 4.472176921013167}.
[I 2026-06-10 19:37:25,487] Trial 755 finished with values: [10.248262772465893, 10.248262772465893] and parameters: {'k1': 5.7909642338812115e-05, 'D_low': 236.79352040223893, 'k2': 0.003767022142229395, 'D_high': 48235.58283024493, 'fire_exp': 1.111738490499784, 'P_half': 78.13392238162733, 'pre_dampen_half': 0.02742923743141574, 'gpp_af': 48.393732009256986, 'gpp_b': 0.002416023630607169, 'gpp_d': 1.0088237648985734, 'ign_k': 0.16413793406858565, 'ign_c': 1.364908766641693, 'trop_agb_crit': 1.0189592979395135, 'trop_k_veg': 2.99731137426955, 'fire_amp': 5.667622640988655}.
[I 2026-06-10 19:37:26,688] Trial 756 finished with values: [10.101856294392745, 10.101856294392745] and parameters: {'k1': 0.012840669372724958, 'D_low': 171.2446447678494, 'k2': 0.003767022142229395, 'D_high': 1266.9536563782303, 'fire_exp': 1.111738490499784, 'P_half': 774.5825831079144, 'pre_dampen_half': 189.36639872354493, 'gpp_af': 1.8730788990929563, 'gpp_b': 0.002416023630607169, 'gpp_d': 7.631016235941559, 'ign_k': 0.09256855841989636, 'ign_c': 2.2882309479728957, 'trop_agb_crit': 21.086120736447015, 'trop_k_veg': 5.453348988480011, 'fire_amp': 2.042193818779288}.
[I 2026-06-10 19:37:27,888] Trial 757 finished with values: [10.336664294829411, 10.336664294829411] and parameters: {'k1': 0.0006042560675552671, 'D_low': 50.32059347286801, 'k2': 0.02065142557895925, 'D_high': 1817.0401889219124, 'fire_exp': 1.111738490499784, 'P_half': 996.7983879709292, 'pre_dampen_half': 189.36639872354493, 'gpp_af': 3.030008727251782, 'gpp_b': 0.002416023630607169, 'gpp_d': 7.631016235941559, 'ign_k': 0.09256855841989636, 'ign_c': 2.2882309479728957, 'trop_agb_crit': 1.8023542850487386, 'trop_k_veg': 5.453348988480011, 'fire_amp': 2.042193818779288}.
[I 2026-06-10 19:37:29,108] Trial 758 finished with values: [-0.6179653739294686, 0.38272476121083465] and parameters: {'k1': 0.00026539376439360527, 'D_low': 2186.356344942016, 'k2': 0.02065142557895925, 'D_high': 1817.0401889219124, 'fire_exp': 1.111738490499784, 'P_half': 2.6691447170887805, 'pre_dampen_half': 189.36639872354493, 'gpp_af': 1.9998014714101113, 'gpp_b': 0.0006809980431188124, 'gpp_d': 76.38081075786287, 'ign_k': 0.09256855841989636, 'ign_c': 2.2882309479728957, 'trop_agb_crit': 1.8023542850487386, 'trop_k_veg': 1.5030844497004798, 'fire_amp': 2.042193818779288}.
[I 2026-06-10 19:37:30,417] Trial 759 finished with values: [10.492179813218845, 10.492179813218845] and parameters: {'k1': 0.03820259936390116, 'D_low': 1074.940539517341, 'k2': 0.02065142557895925, 'D_high': 42210.21267871043, 'fire_exp': 1.7505406131449859, 'P_half': 61.49080265244801, 'pre_dampen_half': 189.36639872354493, 'gpp_af': 56.62858823465573, 'gpp_b': 1.4008921101492135e-05, 'gpp_d': 10.068659791784794, 'ign_k': 0.00840038491455979, 'ign_c': 7.832259769732471, 'trop_agb_crit': 2.0527418919564324, 'trop_k_veg': 6.825463866194253, 'fire_amp': 1.5719333351012774}.
[I 2026-06-10 19:37:31,685] Trial 760 finished with values: [10.299729128901772, 10.299729128901772] and parameters: {'k1': 5.7909642338812115e-05, 'D_low': 1.4002277211577039, 'k2': 0.0007731571570012607, 'D_high': 1817.0401889219124, 'fire_exp': 1.2060040899560858, 'P_half': 1.4551749476072258, 'pre_dampen_half': 189.36639872354493, 'gpp_af': 0.8594202650742228, 'gpp_b': 0.006999112505425414, 'gpp_d': 1.0088237648985734, 'ign_k': 0.09256855841989636, 'ign_c': 2.2882309479728957, 'trop_agb_crit': 1.0189592979395135, 'trop_k_veg': 5.453348988480011, 'fire_amp': 2.5192808848916854}.
[I 2026-06-10 19:37:32,915] Trial 761 finished with values: [10.303166960408358, 10.303166960408358] and parameters: {'k1': 5.7909642338812115e-05, 'D_low': 9.882278532808778, 'k2': 0.028670350305540694, 'D_high': 1266.9536563782303, 'fire_exp': 1.111738490499784, 'P_half': 12.262543158860007, 'pre_dampen_half': 189.36639872354493, 'gpp_af': 3.298293484806585, 'gpp_b': 0.002416023630607169, 'gpp_d': 1.0088237648985734, 'ign_k': 0.09256855841989636, 'ign_c': 2.2882309479728957, 'trop_agb_crit': 8.0091368834625, 'trop_k_veg': 6.397764520599931, 'fire_amp': 2.436198972102523}.
[I 2026-06-10 19:37:34,136] Trial 762 finished with values: [11.722495453316148, 11.722495453316148] and parameters: {'k1': 0.09303193611755875, 'D_low': 43.2326421037033, 'k2': 0.0007731571570012607, 'D_high': 1266.9536563782303, 'fire_exp': 1.111738490499784, 'P_half': 12.262543158860007, 'pre_dampen_half': 180.76934679960573, 'gpp_af': 1.8730788990929563, 'gpp_b': 0.002416023630607169, 'gpp_d': 525.1661172395181, 'ign_k': 0.8945150807271531, 'ign_c': 7.832259769732471, 'trop_agb_crit': 2.0323350754982386, 'trop_k_veg': 1.6003641872536711, 'fire_amp': 4.19233232783727}.
[I 2026-06-10 19:37:35,648] Trial 763 finished with values: [10.195578969082048, 10.195578969082048] and parameters: {'k1': 0.012840669372724958, 'D_low': 43.2326421037033, 'k2': 0.005204862686958021, 'D_high': 6682.9607218310075, 'fire_exp': 1.264103030891254, 'P_half': 1.9678273362633985, 'pre_dampen_half': 189.36639872354493, 'gpp_af': 3.298293484806585, 'gpp_b': 0.00013164432569139702, 'gpp_d': 1.0088237648985734, 'ign_k': 0.03845635122720663, 'ign_c': 7.832259769732471, 'trop_agb_crit': 1.0189592979395135, 'trop_k_veg': 4.796046723963646, 'fire_amp': 2.6192385880432525}.
[I 2026-06-10 19:37:36,862] Trial 764 finished with values: [10.360640614581827, 10.360640614581827] and parameters: {'k1': 0.00026539376439360527, 'D_low': 50.32059347286801, 'k2': 0.02065142557895925, 'D_high': 267.3088310781672, 'fire_exp': 1.111738490499784, 'P_half': 157.3644610977214, 'pre_dampen_half': 189.36639872354493, 'gpp_af': 1.9998014714101113, 'gpp_b': 0.002416023630607169, 'gpp_d': 525.1661172395181, 'ign_k': 5.276924233362289, 'ign_c': 16.497426799845446, 'trop_agb_crit': 8.0091368834625, 'trop_k_veg': 1.6003641872536711, 'fire_amp': 5.44779717154213}.
[I 2026-06-10 19:37:38,161] Trial 765 finished with values: [10.272565174298816, 10.272565174298816] and parameters: {'k1': 0.03820259936390116, 'D_low': 669.7348618512094, 'k2': 7.531057256501231e-05, 'D_high': 6682.9607218310075, 'fire_exp': 1.233919071594971, 'P_half': 1.9678273362633985, 'pre_dampen_half': 189.36639872354493, 'gpp_af': 3.298293484806585, 'gpp_b': 2.800940363375676e-05, 'gpp_d': 14.427333163005196, 'ign_k': 0.03845635122720663, 'ign_c': 0.29205563600251844, 'trop_agb_crit': 6.351751286408562, 'trop_k_veg': 4.796046723963646, 'fire_amp': 3.890668402773863}.
[I 2026-06-10 19:37:39,390] Trial 766 finished with values: [10.506858068823151, 10.506858068823151] and parameters: {'k1': 0.03820259936390116, 'D_low': 669.7348618512094, 'k2': 0.02065142557895925, 'D_high': 1817.0401889219124, 'fire_exp': 1.233919071594971, 'P_half': 18.93453091519153, 'pre_dampen_half': 9.044346216330972, 'gpp_af': 1.9998014714101113, 'gpp_b': 0.002416023630607169, 'gpp_d': 1.0088237648985734, 'ign_k': 0.06219881174029358, 'ign_c': 0.773448215664679, 'trop_agb_crit': 6.351751286408562, 'trop_k_veg': 4.796046723963646, 'fire_amp': 3.890668402773863}.
[I 2026-06-10 19:37:40,575] Trial 767 finished with values: [-0.6199449339940774, 0.5492493633685949] and parameters: {'k1': 5.7909642338812115e-05, 'D_low': 1.4002277211577039, 'k2': 0.0007731571570012607, 'D_high': 1817.0401889219124, 'fire_exp': 1.111738490499784, 'P_half': 1.4551749476072258, 'pre_dampen_half': 189.36639872354493, 'gpp_af': 3.298293484806585, 'gpp_b': 0.006999112505425414, 'gpp_d': 1.0088237648985734, 'ign_k': 0.09256855841989636, 'ign_c': 7.832259769732471, 'trop_agb_crit': 1.8023542850487386, 'trop_k_veg': 5.453348988480011, 'fire_amp': 5.44779717154213}.
[I 2026-06-10 19:37:41,760] Trial 768 finished with values: [10.35277411496098, 10.35277411496098] and parameters: {'k1': 0.012840669372724958, 'D_low': 236.79352040223893, 'k2': 1.1417577140741129e-05, 'D_high': 35.136541394511, 'fire_exp': 1.111738490499784, 'P_half': 114.62237838612074, 'pre_dampen_half': 189.36639872354493, 'gpp_af': 3.298293484806585, 'gpp_b': 0.001674375583895437, 'gpp_d': 7.631016235941559, 'ign_k': 0.09256855841989636, 'ign_c': 16.497426799845446, 'trop_agb_crit': 8.0091368834625, 'trop_k_veg': 2.1406449943451844, 'fire_amp': 4.19233232783727}.
[I 2026-06-10 19:37:42,944] Trial 769 finished with values: [-0.3985349724781095, 0.9788852030899239] and parameters: {'k1': 5.7909642338812115e-05, 'D_low': 2067.91871434888, 'k2': 0.0001280886335404798, 'D_high': 48235.58283024493, 'fire_exp': 1.264103030891254, 'P_half': 1.4551749476072258, 'pre_dampen_half': 1.4270448359329697, 'gpp_af': 56.62858823465573, 'gpp_b': 0.006999112505425414, 'gpp_d': 14.427333163005196, 'ign_k': 0.05681482545113266, 'ign_c': 7.832259769732471, 'trop_agb_crit': 1.2489332852689512, 'trop_k_veg': 4.796046723963646, 'fire_amp': 5.831305332032283}.
[I 2026-06-10 19:37:44,238] Trial 770 finished with values: [10.828301001643208, 10.828301001643208] and parameters: {'k1': 0.0869690639641868, 'D_low': 43.2326421037033, 'k2': 2.316457903103837e-05, 'D_high': 6682.9607218310075, 'fire_exp': 6.5682505141693035, 'P_half': 12.262543158860007, 'pre_dampen_half': 9.044346216330972, 'gpp_af': 0.8594202650742228, 'gpp_b': 0.002416023630607169, 'gpp_d': 1.4397852866783676, 'ign_k': 1.6270983114897255, 'ign_c': 7.832259769732471, 'trop_agb_crit': 1.0189592979395135, 'trop_k_veg': 2.99731137426955, 'fire_amp': 2.6192385880432525}.
[I 2026-06-10 19:37:45,518] Trial 771 finished with values: [10.501721568277748, 10.501721568277748] and parameters: {'k1': 0.012840669372724958, 'D_low': 1.4002277211577039, 'k2': 0.003767022142229395, 'D_high': 48235.58283024493, 'fire_exp': 2.4022781627753544, 'P_half': 774.5825831079144, 'pre_dampen_half': 189.36639872354493, 'gpp_af': 3.298293484806585, 'gpp_b': 0.002416023630607169, 'gpp_d': 1.0088237648985734, 'ign_k': 0.09256855841989636, 'ign_c': 2.2882309479728957, 'trop_agb_crit': 1.8023542850487386, 'trop_k_veg': 5.453348988480011, 'fire_amp': 4.472176921013167}.
[I 2026-06-10 19:37:46,726] Trial 772 finished with values: [-0.761822615321934, 0.22804870834974877] and parameters: {'k1': 0.00026539376439360527, 'D_low': 236.79352040223893, 'k2': 0.005204862686958021, 'D_high': 1266.9536563782303, 'fire_exp': 1.7505406131449859, 'P_half': 12.262543158860007, 'pre_dampen_half': 189.36639872354493, 'gpp_af': 0.8594202650742228, 'gpp_b': 0.001674375583895437, 'gpp_d': 525.1661172395181, 'ign_k': 0.09256855841989636, 'ign_c': 7.832259769732471, 'trop_agb_crit': 1.0189592979395135, 'trop_k_veg': 5.453348988480011, 'fire_amp': 4.472176921013167}.
[I 2026-06-10 19:37:47,967] Trial 773 finished with values: [-0.31349522367655847, 0.9674730481353976] and parameters: {'k1': 0.012840669372724958, 'D_low': 171.2446447678494, 'k2': 0.0001280886335404798, 'D_high': 20103.283734409175, 'fire_exp': 1.7505406131449859, 'P_half': 114.62237838612074, 'pre_dampen_half': 38.00678588560607, 'gpp_af': 24.539832961133826, 'gpp_b': 0.0004360709560327289, 'gpp_d': 1.4397852866783676, 'ign_k': 2.9663798365255736, 'ign_c': 1.364908766641693, 'trop_agb_crit': 2.100813292597435, 'trop_k_veg': 0.7808079158649266, 'fire_amp': 4.19233232783727}.
[I 2026-06-10 19:37:49,214] Trial 774 finished with values: [10.831649930376413, 10.831649930376413] and parameters: {'k1': 5.7909642338812115e-05, 'D_low': 2.5449737887285035, 'k2': 0.02065142557895925, 'D_high': 1817.0401889219124, 'fire_exp': 6.396249560187033, 'P_half': 114.62237838612074, 'pre_dampen_half': 189.36639872354493, 'gpp_af': 0.8594202650742228, 'gpp_b': 0.001674375583895437, 'gpp_d': 1.0088237648985734, 'ign_k': 0.09256855841989636, 'ign_c': 2.2882309479728957, 'trop_agb_crit': 8.0091368834625, 'trop_k_veg': 5.453348988480011, 'fire_amp': 2.6192385880432525}.
[I 2026-06-10 19:37:50,635] Trial 775 finished with values: [10.315537366880184, 10.315537366880184] and parameters: {'k1': 0.0869690639641868, 'D_low': 2.5449737887285035, 'k2': 0.02065142557895925, 'D_high': 42210.21267871043, 'fire_exp': 1.811096651915224, 'P_half': 5.4712187293420325, 'pre_dampen_half': 9.044346216330972, 'gpp_af': 3.298293484806585, 'gpp_b': 0.0015782327810795573, 'gpp_d': 0.1619054449471649, 'ign_k': 1.6748279468858231, 'ign_c': 7.832259769732471, 'trop_agb_crit': 8.0091368834625, 'trop_k_veg': 2.298840177048904, 'fire_amp': 5.44779717154213}.
[I 2026-06-10 19:37:52,897] Trial 776 finished with values: [10.527258628392898, 10.527258628392898] and parameters: {'k1': 0.00026539376439360527, 'D_low': 1.4002277211577039, 'k2': 0.02065142557895925, 'D_high': 1817.0401889219124, 'fire_exp': 1.111738490499784, 'P_half': 157.3644610977214, 'pre_dampen_half': 189.36639872354493, 'gpp_af': 1.9998014714101113, 'gpp_b': 0.5903603324157484, 'gpp_d': 1.0088237648985734, 'ign_k': 0.09256855841989636, 'ign_c': 7.832259769732471, 'trop_agb_crit': 1.8023542850487386, 'trop_k_veg': 5.453348988480011, 'fire_amp': 4.472176921013167}.
