[I 2026-06-10 19:27:51,652] Trial 333 finished with values: [10.740631911409208, 10.740631911409208] and parameters: {'k1': 0.012840669372724958, 'D_low': 1074.940539517341, 'k2': 1.1417577140741129e-05, 'D_high': 431.45617043093523, 'fire_exp': 1.2344878997299724, 'P_half': 12.262543158860007, 'pre_dampen_half': 4.603480758878793, 'gpp_af': 1.9706963379095486, 'gpp_b': 1.4540386644083135e-05, 'gpp_d': 0.12878367369717508, 'ign_k': 0.00840038491455979, 'ign_c': 1.9423015749984096, 'trop_agb_crit': 6.351751286408562, 'trop_k_veg': 1.6648666152166967, 'fire_amp': 1.2393473789150806}.
[I 2026-06-10 19:27:53,101] Trial 334 finished with values: [10.590853496160765, 10.590853496160765] and parameters: {'k1': 0.012840669372724958, 'D_low': 37.13474360443033, 'k2': 0.0011135501184757278, 'D_high': 1817.0401889219124, 'fire_exp': 1.2344878997299724, 'P_half': 61.6097529474144, 'pre_dampen_half': 4.603480758878793, 'gpp_af': 0.004531316405029204, 'gpp_b': 0.0004125336560355494, 'gpp_d': 0.7698760608299932, 'ign_k': 3.965503094323014, 'ign_c': 2.2882309479728957, 'trop_agb_crit': 8.462233625364036, 'trop_k_veg': 0.5471865667052176, 'fire_amp': 1.2393473789150806}.
[I 2026-06-10 19:27:54,455] Trial 335 finished with values: [10.345267433876295, 10.345267433876295] and parameters: {'k1': 0.00026539376439360527, 'D_low': 2267.735223551285, 'k2': 1.1417577140741129e-05, 'D_high': 949.9072859745386, 'fire_exp': 1.14171776851287, 'P_half': 12.262543158860007, 'pre_dampen_half': 30.456909077772018, 'gpp_af': 1.3954498518315706, 'gpp_b': 1.4540386644083135e-05, 'gpp_d': 47.35384181058586, 'ign_k': 0.00840038491455979, 'ign_c': 0.10435856341129002, 'trop_agb_crit': 1.0693376406863295, 'trop_k_veg': 1.6648666152166967, 'fire_amp': 2.6192385880432525}.
[I 2026-06-10 19:27:55,795] Trial 336 finished with values: [10.044710592161318, 10.044710592161318] and parameters: {'k1': 0.03648456083047798, 'D_low': 1.4002277211577039, 'k2': 0.0007731571570012607, 'D_high': 1266.9536563782303, 'fire_exp': 1.111738490499784, 'P_half': 564.3426708406568, 'pre_dampen_half': 189.36639872354493, 'gpp_af': 0.07302012718529301, 'gpp_b': 1.1008110571039521e-05, 'gpp_d': 1.0088237648985734, 'ign_k': 0.0032383308053152635, 'ign_c': 7.081721844034206, 'trop_agb_crit': 1.2489332852689512, 'trop_k_veg': 2.99731137426955, 'fire_amp': 5.44779717154213}.
[I 2026-06-10 19:27:57,130] Trial 337 finished with values: [10.83333333328067, 10.83333333328067] and parameters: {'k1': 0.006079905434073396, 'D_low': 43.2326421037033, 'k2': 0.0007731571570012607, 'D_high': 42210.21267871043, 'fire_exp': 1.1633452995374232, 'P_half': 996.7983879709292, 'pre_dampen_half': 1.8469033699850426, 'gpp_af': 3.298293484806585, 'gpp_b': 0.006999112505425414, 'gpp_d': 1.4397852866783676, 'ign_k': 0.8945150807271531, 'ign_c': 482.3823303865253, 'trop_agb_crit': 3.1419938725278875, 'trop_k_veg': 2.7637004570645405, 'fire_amp': 5.44779717154213}.
[I 2026-06-10 19:27:58,621] Trial 338 finished with values: [11.753715823567656, 11.753715823567656] and parameters: {'k1': 0.0869690639641868, 'D_low': 50.32059347286801, 'k2': 0.005204862686958021, 'D_high': 20103.283734409175, 'fire_exp': 1.2060040899560858, 'P_half': 2.226799690893868, 'pre_dampen_half': 121.93011993958949, 'gpp_af': 0.8594202650742228, 'gpp_b': 0.001674375583895437, 'gpp_d': 1.4397852866783676, 'ign_k': 0.03845635122720663, 'ign_c': 1.364908766641693, 'trop_agb_crit': 8.639792249596399, 'trop_k_veg': 0.7808079158649266, 'fire_amp': 3.8500040010232275}.
[I 2026-06-10 19:28:00,110] Trial 339 finished with values: [10.83333333328067, 10.83333333328067] and parameters: {'k1': 0.012840669372724958, 'D_low': 37.13474360443033, 'k2': 0.0011135501184757278, 'D_high': 42210.21267871043, 'fire_exp': 1.2344878997299724, 'P_half': 61.6097529474144, 'pre_dampen_half': 4.603480758878793, 'gpp_af': 5.470750401264765, 'gpp_b': 0.5903603324157484, 'gpp_d': 0.7698760608299932, 'ign_k': 3.965503094323014, 'ign_c': 153.51441568398127, 'trop_agb_crit': 1.0900492537293804, 'trop_k_veg': 1.6648666152166967, 'fire_amp': 1.2393473789150806}.
[I 2026-06-10 19:28:01,569] Trial 340 finished with values: [11.369635676715497, 11.369635676715497] and parameters: {'k1': 0.00035868164986275477, 'D_low': 236.79352040223893, 'k2': 0.019383858782150494, 'D_high': 42210.21267871043, 'fire_exp': 1.111738490499784, 'P_half': 84.3508388778244, 'pre_dampen_half': 189.36639872354493, 'gpp_af': 0.060029341913968644, 'gpp_b': 0.006999112505425414, 'gpp_d': 1.4397852866783676, 'ign_k': 0.09256855841989636, 'ign_c': 0.2946000090510885, 'trop_agb_crit': 1.8023542850487386, 'trop_k_veg': 2.99731137426955, 'fire_amp': 5.44779717154213}.
[I 2026-06-10 19:28:02,942] Trial 341 finished with values: [10.680107240674934, 10.680107240674934] and parameters: {'k1': 0.00026539376439360527, 'D_low': 1.4002277211577039, 'k2': 0.0001280886335404798, 'D_high': 1266.9536563782303, 'fire_exp': 1.111738490499784, 'P_half': 564.3426708406568, 'pre_dampen_half': 0.04225994826142427, 'gpp_af': 0.07118041471054574, 'gpp_b': 1.4008921101492135e-05, 'gpp_d': 0.1619054449471649, 'ign_k': 0.09256855841989636, 'ign_c': 7.832259769732471, 'trop_agb_crit': 1.8023542850487386, 'trop_k_veg': 1.6648666152166967, 'fire_amp': 5.44779717154213}.
[I 2026-06-10 19:28:04,290] Trial 342 finished with values: [10.78031327155786, 10.78031327155786] and parameters: {'k1': 5.7909642338812115e-05, 'D_low': 1.4002277211577039, 'k2': 0.0007731571570012607, 'D_high': 1817.0401889219124, 'fire_exp': 1.111738490499784, 'P_half': 1.4551749476072258, 'pre_dampen_half': 189.36639872354493, 'gpp_af': 3.298293484806585, 'gpp_b': 0.006999112505425414, 'gpp_d': 1.0088237648985734, 'ign_k': 0.09256855841989636, 'ign_c': 55.24095129928624, 'trop_agb_crit': 1.8023542850487386, 'trop_k_veg': 1.64857963637888, 'fire_amp': 5.44779717154213}.
[I 2026-06-10 19:28:05,643] Trial 343 finished with values: [10.503754090642555, 10.503754090642555] and parameters: {'k1': 0.0869690639641868, 'D_low': 408.3047491580097, 'k2': 8.968733598183248e-05, 'D_high': 6682.9607218310075, 'fire_exp': 1.2060040899560858, 'P_half': 2.226799690893868, 'pre_dampen_half': 9.044346216330972, 'gpp_af': 0.8594202650742228, 'gpp_b': 0.001674375583895437, 'gpp_d': 21.899070557043984, 'ign_k': 0.0032383308053152635, 'ign_c': 1.364908766641693, 'trop_agb_crit': 21.086120736447015, 'trop_k_veg': 2.99731137426955, 'fire_amp': 2.7806853670293616}.
[I 2026-06-10 19:28:07,195] Trial 344 finished with values: [10.755644921926262, 10.755644921926262] and parameters: {'k1': 0.03820259936390116, 'D_low': 12.105387404469584, 'k2': 6.340140860251457e-05, 'D_high': 42210.21267871043, 'fire_exp': 1.2918065501148304, 'P_half': 18.93453091519153, 'pre_dampen_half': 9.044346216330972, 'gpp_af': 56.62858823465573, 'gpp_b': 2.800940363375676e-05, 'gpp_d': 0.03927259340973166, 'ign_k': 0.06219881174029358, 'ign_c': 39.52220881906114, 'trop_agb_crit': 1.0189592979395135, 'trop_k_veg': 0.6618107836658104, 'fire_amp': 2.6192385880432525}.
[I 2026-06-10 19:28:08,657] Trial 345 finished with values: [10.06352579582994, 10.06352579582994] and parameters: {'k1': 5.7909642338812115e-05, 'D_low': 1.4002277211577039, 'k2': 0.0001280886335404798, 'D_high': 41833.85682146036, 'fire_exp': 1.264103030891254, 'P_half': 1.4551749476072258, 'pre_dampen_half': 42.05657072871069, 'gpp_af': 56.62858823465573, 'gpp_b': 0.006999112505425414, 'gpp_d': 1.0088237648985734, 'ign_k': 0.09256855841989636, 'ign_c': 7.832259769732471, 'trop_agb_crit': 1.2489332852689512, 'trop_k_veg': 5.453348988480011, 'fire_amp': 5.44779717154213}.
[I 2026-06-10 19:28:10,072] Trial 346 finished with values: [10.472240208134206, 10.472240208134206] and parameters: {'k1': 0.0009255037589041178, 'D_low': 1.4002277211577039, 'k2': 0.005204862686958021, 'D_high': 1817.0401889219124, 'fire_exp': 1.0601964743503993, 'P_half': 5.4712187293420325, 'pre_dampen_half': 4.847666216751353, 'gpp_af': 0.07302012718529301, 'gpp_b': 0.00047819318414852577, 'gpp_d': 1.0088237648985734, 'ign_k': 0.0032383308053152635, 'ign_c': 7.081721844034206, 'trop_agb_crit': 1.2489332852689512, 'trop_k_veg': 1.6003641872536711, 'fire_amp': 2.7556562114998226}.
[I 2026-06-10 19:28:11,494] Trial 347 finished with values: [10.379300626533214, 10.379300626533214] and parameters: {'k1': 0.03820259936390116, 'D_low': 2228.7087260110166, 'k2': 0.0007731571570012607, 'D_high': 41833.85682146036, 'fire_exp': 1.1593349727271403, 'P_half': 5.4712187293420325, 'pre_dampen_half': 189.36639872354493, 'gpp_af': 56.62858823465573, 'gpp_b': 0.002416023630607169, 'gpp_d': 1.0088237648985734, 'ign_k': 0.09256855841989636, 'ign_c': 21.275785720135406, 'trop_agb_crit': 2.49652474515731, 'trop_k_veg': 5.453348988480011, 'fire_amp': 5.44779717154213}.
[I 2026-06-10 19:28:12,841] Trial 348 finished with values: [10.715231292120203, 10.715231292120203] and parameters: {'k1': 0.00035868164986275477, 'D_low': 50.32059347286801, 'k2': 0.0007731571570012607, 'D_high': 42210.21267871043, 'fire_exp': 1.1633452995374232, 'P_half': 1549.6599265816342, 'pre_dampen_half': 1.8469033699850426, 'gpp_af': 10.25616274847308, 'gpp_b': 0.004411400434514031, 'gpp_d': 700.6693992445935, 'ign_k': 1.2273800987852967, 'ign_c': 0.6235377135673155, 'trop_agb_crit': 1.0189592979395135, 'trop_k_veg': 4.796046723963646, 'fire_amp': 1.2393473789150806}.
[I 2026-06-10 19:28:14,193] Trial 349 finished with values: [10.002079586989419, 10.002079586989419] and parameters: {'k1': 0.012840669372724958, 'D_low': 1.4002277211577039, 'k2': 1.1417577140741129e-05, 'D_high': 431.45617043093523, 'fire_exp': 1.0601964743503993, 'P_half': 2.226799690893868, 'pre_dampen_half': 189.36639872354493, 'gpp_af': 0.035629505481532577, 'gpp_b': 0.005386676499630372, 'gpp_d': 1.0088237648985734, 'ign_k': 0.00840038491455979, 'ign_c': 48.704711413416454, 'trop_agb_crit': 1.8023542850487386, 'trop_k_veg': 1.6648666152166967, 'fire_amp': 4.19233232783727}.
[I 2026-06-10 19:28:15,691] Trial 350 finished with values: [10.83333333328067, 10.83333333328067] and parameters: {'k1': 0.03820259936390116, 'D_low': 2267.735223551285, 'k2': 0.02065142557895925, 'D_high': 11.129666723443188, 'fire_exp': 1.233919071594971, 'P_half': 18.93453091519153, 'pre_dampen_half': 0.02302684507178836, 'gpp_af': 56.62858823465573, 'gpp_b': 1.4540386644083135e-05, 'gpp_d': 0.03927259340973166, 'ign_k': 0.06219881174029358, 'ign_c': 39.52220881906114, 'trop_agb_crit': 1.0189592979395135, 'trop_k_veg': 0.6618107836658104, 'fire_amp': 2.6192385880432525}.
[I 2026-06-10 19:28:17,110] Trial 351 finished with values: [11.094758424158643, 11.094758424158643] and parameters: {'k1': 0.00026539376439360527, 'D_low': 133.4807155996069, 'k2': 0.02065142557895925, 'D_high': 20103.283734409175, 'fire_exp': 1.264103030891254, 'P_half': 157.3644610977214, 'pre_dampen_half': 121.93011993958949, 'gpp_af': 1.9998014714101113, 'gpp_b': 0.0015782327810795573, 'gpp_d': 525.1661172395181, 'ign_k': 0.037151317999473285, 'ign_c': 0.773448215664679, 'trop_agb_crit': 8.0091368834625, 'trop_k_veg': 1.6003641872536711, 'fire_amp': 4.472176921013167}.
[I 2026-06-10 19:28:18,440] Trial 352 finished with values: [10.929386321484165, 10.929386321484165] and parameters: {'k1': 0.0869690639641868, 'D_low': 1.7551403048208316, 'k2': 0.045914852167405346, 'D_high': 16780.50857913099, 'fire_exp': 1.2060040899560858, 'P_half': 157.3644610977214, 'pre_dampen_half': 16.009350908593582, 'gpp_af': 1.9998014714101113, 'gpp_b': 0.00047819318414852577, 'gpp_d': 12.338826503601998, 'ign_k': 1.6270983114897255, 'ign_c': 1.364908766641693, 'trop_agb_crit': 8.0091368834625, 'trop_k_veg': 2.99731137426955, 'fire_amp': 2.6192385880432525}.
[I 2026-06-10 19:28:19,830] Trial 353 finished with values: [-0.378727997552792, 0.9881028345810061] and parameters: {'k1': 0.03820259936390116, 'D_low': 5.08290658294838, 'k2': 0.02065142557895925, 'D_high': 48235.58283024493, 'fire_exp': 1.7505406131449859, 'P_half': 18.93453091519153, 'pre_dampen_half': 9.044346216330972, 'gpp_af': 56.62858823465573, 'gpp_b': 2.800940363375676e-05, 'gpp_d': 14.427333163005196, 'ign_k': 0.06219881174029358, 'ign_c': 1.488823059798356, 'trop_agb_crit': 1.0189592979395135, 'trop_k_veg': 6.825463866194253, 'fire_amp': 2.6192385880432525}.
[I 2026-06-10 19:28:21,167] Trial 354 finished with values: [-0.588168036437726, 0.8620332432936015] and parameters: {'k1': 0.012840669372724958, 'D_low': 171.2446447678494, 'k2': 0.003767022142229395, 'D_high': 48235.58283024493, 'fire_exp': 1.111738490499784, 'P_half': 774.5825831079144, 'pre_dampen_half': 38.00678588560607, 'gpp_af': 1.8730788990929563, 'gpp_b': 0.002416023630607169, 'gpp_d': 1.0088237648985734, 'ign_k': 0.09256855841989636, 'ign_c': 2.2882309479728957, 'trop_agb_crit': 21.086120736447015, 'trop_k_veg': 5.453348988480011, 'fire_amp': 4.19233232783727}.
[I 2026-06-10 19:28:22,586] Trial 355 finished with values: [10.557877472156049, 10.557877472156049] and parameters: {'k1': 0.0869690639641868, 'D_low': 1.605843632310088, 'k2': 0.0007731571570012607, 'D_high': 1817.0401889219124, 'fire_exp': 1.111738490499784, 'P_half': 1.4551749476072258, 'pre_dampen_half': 1.6130673726933187, 'gpp_af': 27.78052183438328, 'gpp_b': 0.007579368252801536, 'gpp_d': 1.0088237648985734, 'ign_k': 1.6270983114897255, 'ign_c': 0.6235377135673155, 'trop_agb_crit': 1.8023542850487386, 'trop_k_veg': 5.453348988480011, 'fire_amp': 2.6192385880432525}.
[I 2026-06-10 19:28:24,018] Trial 356 finished with values: [10.833333333244633, 10.833333333244633] and parameters: {'k1': 0.012840669372724958, 'D_low': 171.2446447678494, 'k2': 0.0004976087827261435, 'D_high': 42210.21267871043, 'fire_exp': 1.2918065501148304, 'P_half': 38.93835424674703, 'pre_dampen_half': 0.011396414164620812, 'gpp_af': 0.2204465010099918, 'gpp_b': 2.176805640408474e-05, 'gpp_d': 47.35384181058586, 'ign_k': 3.965503094323014, 'ign_c': 39.52220881906114, 'trop_agb_crit': 6.351751286408562, 'trop_k_veg': 4.0068236274914755, 'fire_amp': 3.0602124456299986}.
[I 2026-06-10 19:28:25,393] Trial 357 finished with values: [10.317663547107385, 10.317663547107385] and parameters: {'k1': 0.03648456083047798, 'D_low': 1.7551403048208316, 'k2': 0.005204862686958021, 'D_high': 42210.21267871043, 'fire_exp': 1.2060040899560858, 'P_half': 251.23618639978196, 'pre_dampen_half': 4.847666216751353, 'gpp_af': 0.07302012718529301, 'gpp_b': 0.00036184510553922684, 'gpp_d': 1.4397852866783676, 'ign_k': 0.0032383308053152635, 'ign_c': 7.081721844034206, 'trop_agb_crit': 2.0527418919564324, 'trop_k_veg': 2.99731137426955, 'fire_amp': 2.7806853670293616}.
[I 2026-06-10 19:28:26,802] Trial 358 finished with values: [10.428157350864817, 10.428157350864817] and parameters: {'k1': 0.03820259936390116, 'D_low': 50.32059347286801, 'k2': 0.0001280886335404798, 'D_high': 1817.0401889219124, 'fire_exp': 1.0601964743503993, 'P_half': 5.4712187293420325, 'pre_dampen_half': 42.05657072871069, 'gpp_af': 56.62858823465573, 'gpp_b': 0.00013164432569139702, 'gpp_d': 1.0088237648985734, 'ign_k': 0.8945150807271531, 'ign_c': 0.773448215664679, 'trop_agb_crit': 1.0693376406863295, 'trop_k_veg': 1.6003641872536711, 'fire_amp': 1.686388377130032}.
[I 2026-06-10 19:28:28,315] Trial 359 finished with values: [10.784627630988847, 10.784627630988847] and parameters: {'k1': 0.03820259936390116, 'D_low': 602.4590664672947, 'k2': 0.0001280886335404798, 'D_high': 1266.9536563782303, 'fire_exp': 1.264103030891254, 'P_half': 2757.3353505786354, 'pre_dampen_half': 42.05657072871069, 'gpp_af': 3.030008727251782, 'gpp_b': 5.0875243087016374e-05, 'gpp_d': 7.631016235941559, 'ign_k': 0.09256855841989636, 'ign_c': 7.832259769732471, 'trop_agb_crit': 1.2489332852689512, 'trop_k_veg': 2.1406449943451844, 'fire_amp': 2.042193818779288}.
[I 2026-06-10 19:28:29,779] Trial 360 finished with values: [10.813746986501453, 10.813746986501453] and parameters: {'k1': 0.0001887567630782227, 'D_low': 2186.356344942016, 'k2': 1.1417577140741129e-05, 'D_high': 1266.9536563782303, 'fire_exp': 1.9136159174067866, 'P_half': 1316.4487472745689, 'pre_dampen_half': 189.36639872354493, 'gpp_af': 3.030008727251782, 'gpp_b': 0.049565458633074926, 'gpp_d': 7.631016235941559, 'ign_k': 3.965503094323014, 'ign_c': 7.832259769732471, 'trop_agb_crit': 6.351751286408562, 'trop_k_veg': 4.0068236274914755, 'fire_amp': 2.042193818779288}.
[I 2026-06-10 19:28:31,250] Trial 361 finished with values: [10.471861164705052, 10.471861164705052] and parameters: {'k1': 0.0869690639641868, 'D_low': 2186.356344942016, 'k2': 1.1417577140741129e-05, 'D_high': 48235.58283024493, 'fire_exp': 1.111738490499784, 'P_half': 12.262543158860007, 'pre_dampen_half': 1.6130673726933187, 'gpp_af': 27.448645214004376, 'gpp_b': 1.7286734109794885e-05, 'gpp_d': 7.631016235941559, 'ign_k': 0.09256855841989636, 'ign_c': 7.832259769732471, 'trop_agb_crit': 3.058280993112277, 'trop_k_veg': 0.6618107836658104, 'fire_amp': 2.6192385880432525}.
[I 2026-06-10 19:28:32,697] Trial 362 finished with values: [10.849534194014709, 10.849534194014709] and parameters: {'k1': 0.012840669372724958, 'D_low': 83.56564873457052, 'k2': 0.005204862686958021, 'D_high': 1817.0401889219124, 'fire_exp': 1.2060040899560858, 'P_half': 2.226799690893868, 'pre_dampen_half': 189.36639872354493, 'gpp_af': 0.07302012718529301, 'gpp_b': 0.00036184510553922684, 'gpp_d': 1.4397852866783676, 'ign_k': 0.09256855841989636, 'ign_c': 7.081721844034206, 'trop_agb_crit': 2.0527418919564324, 'trop_k_veg': 2.99731137426955, 'fire_amp': 2.7806853670293616}.
[I 2026-06-10 19:28:34,153] Trial 363 finished with values: [-0.268602991563726, 0.8219860162921925] and parameters: {'k1': 0.03820259936390116, 'D_low': 43.2326421037033, 'k2': 0.02065142557895925, 'D_high': 1817.0401889219124, 'fire_exp': 1.7505406131449859, 'P_half': 1.4551749476072258, 'pre_dampen_half': 903.3231300044874, 'gpp_af': 56.62858823465573, 'gpp_b': 0.002416023630607169, 'gpp_d': 1.0088237648985734, 'ign_k': 0.8945150807271531, 'ign_c': 7.832259769732471, 'trop_agb_crit': 21.086120736447015, 'trop_k_veg': 6.825463866194253, 'fire_amp': 5.44779717154213}.
[I 2026-06-10 19:28:35,533] Trial 364 finished with values: [-0.2830158928166118, 0.9653846654051832] and parameters: {'k1': 0.00026539376439360527, 'D_low': 2186.356344942016, 'k2': 1.1417577140741129e-05, 'D_high': 1266.9536563782303, 'fire_exp': 1.111738490499784, 'P_half': 12.262543158860007, 'pre_dampen_half': 189.36639872354493, 'gpp_af': 3.030008727251782, 'gpp_b': 5.0875243087016374e-05, 'gpp_d': 7.631016235941559, 'ign_k': 0.09256855841989636, 'ign_c': 7.832259769732471, 'trop_agb_crit': 1.8023542850487386, 'trop_k_veg': 1.6648666152166967, 'fire_amp': 2.042193818779288}.
[I 2026-06-10 19:28:36,951] Trial 365 finished with values: [11.369385061527842, 11.369385061527842] and parameters: {'k1': 5.7909642338812115e-05, 'D_low': 1.4002277211577039, 'k2': 0.0007731571570012607, 'D_high': 18108.14362107968, 'fire_exp': 1.2732983562135975, 'P_half': 1.4551749476072258, 'pre_dampen_half': 189.36639872354493, 'gpp_af': 5.470750401264765, 'gpp_b': 0.006999112505425414, 'gpp_d': 47.35384181058586, 'ign_k': 3.965503094323014, 'ign_c': 7.832259769732471, 'trop_agb_crit': 6.351751286408562, 'trop_k_veg': 5.453348988480011, 'fire_amp': 3.0602124456299986}.
[I 2026-06-10 19:28:38,403] Trial 366 finished with values: [-0.4189346113981827, 0.8336488181094668] and parameters: {'k1': 9.293516267059069e-05, 'D_low': 133.4807155996069, 'k2': 0.02065142557895925, 'D_high': 32311.521854410956, 'fire_exp': 1.6901885781909627, 'P_half': 157.3644610977214, 'pre_dampen_half': 857.6556763881457, 'gpp_af': 0.07302012718529301, 'gpp_b': 1.1008110571039521e-05, 'gpp_d': 525.1661172395181, 'ign_k': 0.0032383308053152635, 'ign_c': 7.081721844034206, 'trop_agb_crit': 1.2489332852689512, 'trop_k_veg': 2.99731137426955, 'fire_amp': 4.472176921013167}.
[I 2026-06-10 19:28:39,837] Trial 367 finished with values: [10.831552097796916, 10.831552097796916] and parameters: {'k1': 0.00026539376439360527, 'D_low': 1074.940539517341, 'k2': 0.02065142557895925, 'D_high': 267.3088310781672, 'fire_exp': 1.111738490499784, 'P_half': 12.262543158860007, 'pre_dampen_half': 189.36639872354493, 'gpp_af': 1.9998014714101113, 'gpp_b': 0.5903603324157484, 'gpp_d': 0.1619054449471649, 'ign_k': 0.00840038491455979, 'ign_c': 16.497426799845446, 'trop_agb_crit': 8.0091368834625, 'trop_k_veg': 1.6648666152166967, 'fire_amp': 1.290871715123794}.
[I 2026-06-10 19:28:41,226] Trial 368 finished with values: [10.551517812310893, 10.551517812310893] and parameters: {'k1': 0.00026539376439360527, 'D_low': 1074.940539517341, 'k2': 1.1417577140741129e-05, 'D_high': 6682.9607218310075, 'fire_exp': 1.0601964743503993, 'P_half': 2.226799690893868, 'pre_dampen_half': 189.36639872354493, 'gpp_af': 1.9706963379095486, 'gpp_b': 0.05314875633348467, 'gpp_d': 7.631016235941559, 'ign_k': 0.00840038491455979, 'ign_c': 48.704711413416454, 'trop_agb_crit': 1.1683326952092081, 'trop_k_veg': 1.6648666152166967, 'fire_amp': 2.042193818779288}.
[I 2026-06-10 19:28:42,642] Trial 369 finished with values: [13.275983192796692, 13.275983192796692] and parameters: {'k1': 0.0869690639641868, 'D_low': 50.32059347286801, 'k2': 0.0001280886335404798, 'D_high': 41833.85682146036, 'fire_exp': 1.111738490499784, 'P_half': 5.4712187293420325, 'pre_dampen_half': 189.36639872354493, 'gpp_af': 56.62858823465573, 'gpp_b': 0.00013164432569139702, 'gpp_d': 525.1661172395181, 'ign_k': 0.00660597889201953, 'ign_c': 0.773448215664679, 'trop_agb_crit': 1.0900492537293804, 'trop_k_veg': 6.825463866194253, 'fire_amp': 4.472176921013167}.
