[I 2026-08-06 11:34:53,721] Trial 589 finished with values: [10.196656154427359, 10.196656154427359] and parameters: {'k1': 0.008912611835817005, 'D_low': 7.299348683062307, 'k2': 0.003419108473554454, 'D_high': 21.947742689197344, 'fire_exp': 1.1263716762638152, 'P_half': 3.3380638755873893, 'pre_dampen_half': 63.6685916079943, 'gpp_af': 0.6403036652671171, 'gpp_b': 0.22727308251068193, 'gpp_d': 5.1715677287580455, 'ign_k': 0.11619873314872933, 'ign_c': 1.9580595319750387, 'trop_agb_crit': 7.500118950416987, 'trop_k_veg': 1.0594599158279707}.
[I 2026-08-06 11:34:55,600] Trial 590 finished with values: [10.634813563940435, 10.634813563940435] and parameters: {'k1': 0.011966626407443505, 'D_low': 40.12413353131991, 'k2': 0.03538758864779238, 'D_high': 1236.6924205139144, 'fire_exp': 9.328698242431635, 'P_half': 4.213183643253957, 'pre_dampen_half': 63.6685916079943, 'gpp_af': 0.6403036652671171, 'gpp_b': 0.0054502936945582505, 'gpp_d': 229.41380323183625, 'ign_k': 5.351470428717437, 'ign_c': 6.533684593224968, 'trop_agb_crit': 6.119263728555865, 'trop_k_veg': 0.6673124511410327}.
[I 2026-08-06 11:34:57,687] Trial 591 finished with values: [-0.5237124041598009, 0.021586083111339582] and parameters: {'k1': 0.01889771394135163, 'D_low': 1.9977959434035766, 'k2': 2.246290894032394e-05, 'D_high': 21.947742689197344, 'fire_exp': 1.3170256885255098, 'P_half': 3.313942437345199, 'pre_dampen_half': 63.6685916079943, 'gpp_af': 0.6403036652671171, 'gpp_b': 0.14577755664212386, 'gpp_d': 229.41380323183625, 'ign_k': 8.926311370835233, 'ign_c': 2.414259639010457, 'trop_agb_crit': 3.2954785755570537, 'trop_k_veg': 6.45312300188076}.
[I 2026-08-06 11:34:59,472] Trial 592 finished with values: [10.685724598638348, 10.685724598638348] and parameters: {'k1': 0.01889771394135163, 'D_low': 1.9977959434035766, 'k2': 2.246290894032394e-05, 'D_high': 21.947742689197344, 'fire_exp': 1.0362310858538248, 'P_half': 3.313942437345199, 'pre_dampen_half': 63.6685916079943, 'gpp_af': 0.015144408538724483, 'gpp_b': 0.14577755664212386, 'gpp_d': 229.41380323183625, 'ign_k': 0.0019678273362633988, 'ign_c': 2.414259639010457, 'trop_agb_crit': 3.2954785755570537, 'trop_k_veg': 6.45312300188076}.
[I 2026-08-06 11:35:01,351] Trial 593 finished with values: [12.698540432190942, 12.698540432190942] and parameters: {'k1': 0.01889771394135163, 'D_low': 40.12413353131991, 'k2': 0.03538758864779238, 'D_high': 774.2116473996249, 'fire_exp': 1.1263716762638152, 'P_half': 1.605843632310088, 'pre_dampen_half': 502.5175192217655, 'gpp_af': 0.7539992074650279, 'gpp_b': 1.284284091405877e-05, 'gpp_d': 16.460426816350523, 'ign_k': 0.21006485619596416, 'ign_c': 1.2389052918551067, 'trop_agb_crit': 10.691477813613638, 'trop_k_veg': 1.4584243470991722}.
[I 2026-08-06 11:35:03,170] Trial 594 finished with values: [10.742862077784949, 10.742862077784949] and parameters: {'k1': 0.011966626407443505, 'D_low': 4.775640431359602, 'k2': 1.1065812688893481e-05, 'D_high': 1123.9682517242118, 'fire_exp': 3.3095881169246266, 'P_half': 175.2878790340412, 'pre_dampen_half': 5.048653998722947, 'gpp_af': 0.6403036652671171, 'gpp_b': 2.176805640408474e-05, 'gpp_d': 16.460426816350523, 'ign_k': 0.11619873314872933, 'ign_c': 0.70689749506246, 'trop_agb_crit': 7.500118950416987, 'trop_k_veg': 0.6673124511410327}.
[I 2026-08-06 11:35:04,941] Trial 595 finished with values: [10.306419476486152, 10.306419476486152] and parameters: {'k1': 0.011966626407443505, 'D_low': 12.105387404469584, 'k2': 0.0002228500345352386, 'D_high': 774.2116473996249, 'fire_exp': 1.3170256885255098, 'P_half': 4.213183643253957, 'pre_dampen_half': 63.6685916079943, 'gpp_af': 0.00111906222790675, 'gpp_b': 0.0005739662837359252, 'gpp_d': 1.493264336549928, 'ign_k': 0.12329098365270515, 'ign_c': 11.400863701127316, 'trop_agb_crit': 7.500118950416987, 'trop_k_veg': 0.6673124511410327}.
[I 2026-08-06 11:35:06,726] Trial 596 finished with values: [10.615652609309036, 10.615652609309036] and parameters: {'k1': 0.008912611835817005, 'D_low': 2067.91871434888, 'k2': 0.03538758864779238, 'D_high': 37954.79274251299, 'fire_exp': 1.4665043946307825, 'P_half': 9.324787201197319, 'pre_dampen_half': 1.4270448359329697, 'gpp_af': 0.6403036652671171, 'gpp_b': 2.176805640408474e-05, 'gpp_d': 1.493264336549928, 'ign_k': 0.0680787482656459, 'ign_c': 5.13055176058983, 'trop_agb_crit': 25.382873076016292, 'trop_k_veg': 1.4584243470991722}.
[I 2026-08-06 11:35:08,509] Trial 597 finished with values: [-0.5658739226806848, 0.06253321171460158] and parameters: {'k1': 0.0029282035181080004, 'D_low': 5.59983195169599, 'k2': 0.011715293025123641, 'D_high': 1123.9682517242118, 'fire_exp': 1.3170256885255098, 'P_half': 1.605843632310088, 'pre_dampen_half': 63.6685916079943, 'gpp_af': 0.6403036652671171, 'gpp_b': 0.0005739662837359252, 'gpp_d': 1.493264336549928, 'ign_k': 0.21006485619596416, 'ign_c': 8.40543912931368, 'trop_agb_crit': 6.119263728555865, 'trop_k_veg': 0.6673124511410327}.
[I 2026-08-06 11:35:10,294] Trial 598 finished with values: [10.571922902196647, 10.571922902196647] and parameters: {'k1': 0.008912611835817005, 'D_low': 40.12413353131991, 'k2': 0.03538758864779238, 'D_high': 21.356209987689077, 'fire_exp': 1.1263716762638152, 'P_half': 1593.4806585556198, 'pre_dampen_half': 63.6685916079943, 'gpp_af': 0.6403036652671171, 'gpp_b': 1.3289448722869181e-05, 'gpp_d': 229.41380323183625, 'ign_k': 8.926311370835233, 'ign_c': 0.6318310680434649, 'trop_agb_crit': 10.965064494899984, 'trop_k_veg': 1.0594599158279707}.
[I 2026-08-06 11:35:12,111] Trial 599 finished with values: [10.29241878494616, 10.29241878494616] and parameters: {'k1': 0.0029282035181080004, 'D_low': 12.105387404469584, 'k2': 0.03538758864779238, 'D_high': 3712.591045287726, 'fire_exp': 1.4665043946307825, 'P_half': 9.324787201197319, 'pre_dampen_half': 502.5175192217655, 'gpp_af': 1.1300566419249864, 'gpp_b': 0.0005739662837359252, 'gpp_d': 2.944272359149677, 'ign_k': 0.0680787482656459, 'ign_c': 11.400863701127316, 'trop_agb_crit': 24.584290528289387, 'trop_k_veg': 0.6673124511410327}.
[I 2026-08-06 11:35:13,932] Trial 600 finished with values: [-0.5116430384959252, 0.05120045533203266] and parameters: {'k1': 0.01889771394135163, 'D_low': 1.9977959434035766, 'k2': 1.1065812688893481e-05, 'D_high': 21.947742689197344, 'fire_exp': 1.0362310858538248, 'P_half': 3.313942437345199, 'pre_dampen_half': 63.6685916079943, 'gpp_af': 0.6403036652671171, 'gpp_b': 0.14577755664212386, 'gpp_d': 229.41380323183625, 'ign_k': 0.010167079878196114, 'ign_c': 2.414259639010457, 'trop_agb_crit': 7.500118950416987, 'trop_k_veg': 6.45312300188076}.
[I 2026-08-06 11:35:15,723] Trial 601 finished with values: [10.588802770894887, 10.588802770894887] and parameters: {'k1': 0.00031134168041628584, 'D_low': 12.105387404469584, 'k2': 0.003419108473554454, 'D_high': 774.2116473996249, 'fire_exp': 1.3170256885255098, 'P_half': 4.213183643253957, 'pre_dampen_half': 502.5175192217655, 'gpp_af': 0.6403036652671171, 'gpp_b': 0.0005739662837359252, 'gpp_d': 2.944272359149677, 'ign_k': 0.21006485619596416, 'ign_c': 11.400863701127316, 'trop_agb_crit': 24.584290528289387, 'trop_k_veg': 3.1473758868965476}.
[I 2026-08-06 11:35:17,536] Trial 602 finished with values: [-0.5510110899190102, 0.125472406075801] and parameters: {'k1': 9.882278532808775e-05, 'D_low': 5.59983195169599, 'k2': 0.011715293025123641, 'D_high': 37954.79274251299, 'fire_exp': 1.3170256885255098, 'P_half': 1.605843632310088, 'pre_dampen_half': 63.6685916079943, 'gpp_af': 0.6403036652671171, 'gpp_b': 0.0021331409710300844, 'gpp_d': 1.493264336549928, 'ign_k': 0.1550134937334847, 'ign_c': 8.40543912931368, 'trop_agb_crit': 14.948114979829949, 'trop_k_veg': 0.6743482387129308}.
