[I 2026-06-08 12:23:28,627] Trial 744 finished with values: [-0.5110190840155664, 0.18123583872246485] and parameters: {'k1': 0.008287522363768155, 'D_low': 34.459310919273356, 'k2': 1.915468390724633e-05, 'D_high': 42210.21267871043, 'fire_exp': 2.2471014875823556, 'P_half': 4.213183643253957, 'pre_dampen_half': 502.5175192217655, 'gpp_af': 0.05511595477601767, 'gpp_b': 0.0021331409710300844, 'gpp_d': 10.369565216756202, 'ign_k': 2.1368329072358767, 'ign_c': 0.70689749506246, 'trop_agb_crit': 24.584290528289387, 'trop_k_veg': 0.5349971555643298}.
[I 2026-06-08 12:23:29,784] Trial 745 finished with values: [-0.5545392461043691, 0.14572971642003674] and parameters: {'k1': 0.01889771394135163, 'D_low': 4.484744524732794, 'k2': 2.246290894032394e-05, 'D_high': 2940.51756322311, 'fire_exp': 1.3170256885255098, 'P_half': 2.5449737887285035, 'pre_dampen_half': 502.5175192217655, 'gpp_af': 0.7539992074650279, 'gpp_b': 0.008226792720717493, 'gpp_d': 84.31013932082456, 'ign_k': 8.708806168038567, 'ign_c': 15.221840161091626, 'trop_agb_crit': 3.2954785755570537, 'trop_k_veg': 1.4584243470991722}.
[I 2026-06-08 12:23:30,909] Trial 746 finished with values: [10.101362562077147, 10.101362562077147] and parameters: {'k1': 0.008912611835817005, 'D_low': 4.484744524732794, 'k2': 0.001462400459012571, 'D_high': 42210.21267871043, 'fire_exp': 1.3170256885255098, 'P_half': 523.1053126909052, 'pre_dampen_half': 502.5175192217655, 'gpp_af': 0.05511595477601767, 'gpp_b': 0.0021331409710300844, 'gpp_d': 10.369565216756202, 'ign_k': 0.010167079878196114, 'ign_c': 5.13055176058983, 'trop_agb_crit': 2.3949151201661625, 'trop_k_veg': 0.5349971555643298}.
[I 2026-06-08 12:23:32,054] Trial 747 finished with values: [10.02852526921625, 10.02852526921625] and parameters: {'k1': 0.00013787693098630266, 'D_low': 38.82837025280678, 'k2': 0.0012040762895973265, 'D_high': 2940.51756322311, 'fire_exp': 1.0629462657398439, 'P_half': 220.3445560633069, 'pre_dampen_half': 502.5175192217655, 'gpp_af': 0.7539992074650279, 'gpp_b': 0.0021331409710300844, 'gpp_d': 16.460426816350523, 'ign_k': 0.0315101491238403, 'ign_c': 5.13055176058983, 'trop_agb_crit': 1.14876138417489, 'trop_k_veg': 2.573214588078609}.
[I 2026-06-08 12:23:33,265] Trial 748 finished with values: [10.07781967175637, 10.07781967175637] and parameters: {'k1': 0.004312951023617458, 'D_low': 4.484744524732794, 'k2': 1.1065812688893481e-05, 'D_high': 2940.51756322311, 'fire_exp': 1.0629462657398439, 'P_half': 220.3445560633069, 'pre_dampen_half': 502.5175192217655, 'gpp_af': 0.7539992074650279, 'gpp_b': 0.0006978141787680361, 'gpp_d': 16.460426816350523, 'ign_k': 0.0680787482656459, 'ign_c': 7.4063809263110905, 'trop_agb_crit': 3.2954785755570537, 'trop_k_veg': 4.633503917129022}.
[I 2026-06-08 12:23:34,474] Trial 749 finished with values: [10.805241545123216, 10.805241545123216] and parameters: {'k1': 0.008471801418819975, 'D_low': 64.39790863101601, 'k2': 0.001462400459012571, 'D_high': 42210.21267871043, 'fire_exp': 3.4606786740074256, 'P_half': 56.22114524476698, 'pre_dampen_half': 0.3601956766557959, 'gpp_af': 0.1476584299248268, 'gpp_b': 1.3289448722869181e-05, 'gpp_d': 14.792055086678463, 'ign_k': 0.0680787482656459, 'ign_c': 0.70689749506246, 'trop_agb_crit': 24.584290528289387, 'trop_k_veg': 0.83140195149031}.
[I 2026-06-08 12:23:35,631] Trial 750 finished with values: [10.994733485267677, 10.994733485267677] and parameters: {'k1': 0.008287522363768155, 'D_low': 4.484744524732794, 'k2': 0.0012040762895973265, 'D_high': 42210.21267871043, 'fire_exp': 1.3170256885255098, 'P_half': 220.3445560633069, 'pre_dampen_half': 502.5175192217655, 'gpp_af': 0.7539992074650279, 'gpp_b': 0.0021331409710300844, 'gpp_d': 14.792055086678463, 'ign_k': 0.0680787482656459, 'ign_c': 5.13055176058983, 'trop_agb_crit': 24.584290528289387, 'trop_k_veg': 2.520089655463604}.
[I 2026-06-08 12:23:36,966] Trial 751 finished with values: [10.093665787762413, 10.093665787762413] and parameters: {'k1': 0.01889771394135163, 'D_low': 4.484744524732794, 'k2': 1.1065812688893481e-05, 'D_high': 2940.51756322311, 'fire_exp': 1.0601964743503993, 'P_half': 220.3445560633069, 'pre_dampen_half': 107.40052367919465, 'gpp_af': 0.10409127568994281, 'gpp_b': 0.0054502936945582505, 'gpp_d': 84.31013932082456, 'ign_k': 8.708806168038567, 'ign_c': 15.221840161091626, 'trop_agb_crit': 7.500118950416987, 'trop_k_veg': 2.194427136482602}.
[I 2026-06-08 12:23:38,093] Trial 752 finished with values: [10.716898302016538, 10.716898302016538] and parameters: {'k1': 0.012840669372724958, 'D_low': 38.82837025280678, 'k2': 0.0012040762895973265, 'D_high': 42210.21267871043, 'fire_exp': 1.165368636520435, 'P_half': 276.27089412392087, 'pre_dampen_half': 502.5175192217655, 'gpp_af': 0.2204465010099918, 'gpp_b': 0.0005752434266899163, 'gpp_d': 1.493264336549928, 'ign_k': 0.0680787482656459, 'ign_c': 5.13055176058983, 'trop_agb_crit': 3.5747129226002423, 'trop_k_veg': 3.869465953383845}.
[I 2026-06-08 12:23:39,299] Trial 753 finished with values: [10.266263602863846, 10.266263602863846] and parameters: {'k1': 0.004312951023617458, 'D_low': 355.00125258511594, 'k2': 1.915468390724633e-05, 'D_high': 7321.544340709298, 'fire_exp': 1.0629462657398439, 'P_half': 4.213183643253957, 'pre_dampen_half': 502.5175192217655, 'gpp_af': 0.7539992074650279, 'gpp_b': 0.0021331409710300844, 'gpp_d': 0.23073846740741236, 'ign_k': 0.0680787482656459, 'ign_c': 5.13055176058983, 'trop_agb_crit': 24.584290528289387, 'trop_k_veg': 2.520089655463604}.
[I 2026-06-08 12:23:40,532] Trial 754 finished with values: [10.842840859154226, 10.842840859154226] and parameters: {'k1': 0.01889771394135163, 'D_low': 1.3577269394141454, 'k2': 0.012758211164590085, 'D_high': 1493.5213816355397, 'fire_exp': 1.0601964743503993, 'P_half': 93.43302657318476, 'pre_dampen_half': 107.40052367919465, 'gpp_af': 0.10409127568994281, 'gpp_b': 0.0005752434266899163, 'gpp_d': 84.31013932082456, 'ign_k': 8.708806168038567, 'ign_c': 30.28574109895626, 'trop_agb_crit': 3.5747129226002423, 'trop_k_veg': 3.49157152291552}.
[I 2026-06-08 12:23:41,705] Trial 755 finished with values: [10.13582423053532, 10.13582423053532] and parameters: {'k1': 0.00031134168041628584, 'D_low': 4.484744524732794, 'k2': 0.0012040762895973265, 'D_high': 42210.21267871043, 'fire_exp': 1.3170256885255098, 'P_half': 220.3445560633069, 'pre_dampen_half': 63.6685916079943, 'gpp_af': 0.7539992074650279, 'gpp_b': 0.0021331409710300844, 'gpp_d': 16.460426816350523, 'ign_k': 0.0680787482656459, 'ign_c': 5.13055176058983, 'trop_agb_crit': 4.0818981835727985, 'trop_k_veg': 1.4584243470991722}.
[I 2026-06-08 12:23:42,793] Trial 756 finished with values: [-0.4758189481221621, 0.3115586865875034] and parameters: {'k1': 0.004312951023617458, 'D_low': 70.18267183720735, 'k2': 1.1065812688893481e-05, 'D_high': 2940.51756322311, 'fire_exp': 1.0629462657398439, 'P_half': 4.213183643253957, 'pre_dampen_half': 107.40052367919465, 'gpp_af': 1.9706963379095486, 'gpp_b': 0.0021331409710300844, 'gpp_d': 84.31013932082456, 'ign_k': 0.0030728713149666426, 'ign_c': 15.221840161091626, 'trop_agb_crit': 24.584290528289387, 'trop_k_veg': 1.4584243470991722}.
[I 2026-06-08 12:23:43,971] Trial 757 finished with values: [10.865126843753085, 10.865126843753085] and parameters: {'k1': 0.004312951023617458, 'D_low': 64.39790863101601, 'k2': 1.915468390724633e-05, 'D_high': 2940.51756322311, 'fire_exp': 1.1430983876313219, 'P_half': 220.3445560633069, 'pre_dampen_half': 0.08049089337224259, 'gpp_af': 0.05511595477601767, 'gpp_b': 0.0021331409710300844, 'gpp_d': 25.4442274895789, 'ign_k': 2.1368329072358767, 'ign_c': 20.03995359361212, 'trop_agb_crit': 18.785197416433792, 'trop_k_veg': 6.9782110227926815}.
[I 2026-06-08 12:23:45,125] Trial 758 finished with values: [-0.5189260094463276, 0.1444652579317991] and parameters: {'k1': 0.007299613382801458, 'D_low': 355.00125258511594, 'k2': 0.001462400459012571, 'D_high': 42210.21267871043, 'fire_exp': 1.3170256885255098, 'P_half': 220.3445560633069, 'pre_dampen_half': 502.5175192217655, 'gpp_af': 0.2204465010099918, 'gpp_b': 0.0021331409710300844, 'gpp_d': 14.792055086678463, 'ign_k': 0.0680787482656459, 'ign_c': 5.13055176058983, 'trop_agb_crit': 24.584290528289387, 'trop_k_veg': 2.520089655463604}.
[I 2026-06-08 12:23:46,278] Trial 759 finished with values: [10.241933480088775, 10.241933480088775] and parameters: {'k1': 0.01889771394135163, 'D_low': 4.484744524732794, 'k2': 1.1065812688893481e-05, 'D_high': 2940.51756322311, 'fire_exp': 1.165368636520435, 'P_half': 4.213183643253957, 'pre_dampen_half': 502.5175192217655, 'gpp_af': 0.008075914984851893, 'gpp_b': 0.0054502936945582505, 'gpp_d': 16.460426816350523, 'ign_k': 0.0680787482656459, 'ign_c': 15.221840161091626, 'trop_agb_crit': 24.584290528289387, 'trop_k_veg': 2.144518162606203}.
[I 2026-06-08 12:23:47,561] Trial 760 finished with values: [10.046752377859944, 10.046752377859944] and parameters: {'k1': 0.037704815040649445, 'D_low': 38.82837025280678, 'k2': 0.012758211164590085, 'D_high': 3712.591045287726, 'fire_exp': 1.3170256885255098, 'P_half': 220.3445560633069, 'pre_dampen_half': 107.40052367919465, 'gpp_af': 0.7539992074650279, 'gpp_b': 0.0005752434266899163, 'gpp_d': 5.1715677287580455, 'ign_k': 0.0315101491238403, 'ign_c': 15.221840161091626, 'trop_agb_crit': 3.5747129226002423, 'trop_k_veg': 1.4584243470991722}.
[I 2026-06-08 12:23:48,839] Trial 761 finished with values: [10.158594792817711, 10.158594792817711] and parameters: {'k1': 0.008287522363768155, 'D_low': 38.82837025280678, 'k2': 7.914423612155373e-05, 'D_high': 4316.517111160399, 'fire_exp': 1.3170256885255098, 'P_half': 220.3445560633069, 'pre_dampen_half': 241.69519319206728, 'gpp_af': 0.2204465010099918, 'gpp_b': 1.4540386644083135e-05, 'gpp_d': 14.792055086678463, 'ign_k': 0.010167079878196114, 'ign_c': 5.13055176058983, 'trop_agb_crit': 24.584290528289387, 'trop_k_veg': 0.5349971555643298}.
[I 2026-06-08 12:23:50,123] Trial 762 finished with values: [10.655413756899593, 10.655413756899593] and parameters: {'k1': 0.008471801418819975, 'D_low': 685.7803657667797, 'k2': 0.012758211164590085, 'D_high': 2940.51756322311, 'fire_exp': 1.1430983876313219, 'P_half': 56.22114524476698, 'pre_dampen_half': 10.129197956845726, 'gpp_af': 0.1476584299248268, 'gpp_b': 4.377856668016338e-05, 'gpp_d': 10.369565216756202, 'ign_k': 8.708806168038567, 'ign_c': 18.588694009815857, 'trop_agb_crit': 24.584290528289387, 'trop_k_veg': 6.2065960186008615}.
[I 2026-06-08 12:23:51,215] Trial 763 finished with values: [11.00342382143127, 11.00342382143127] and parameters: {'k1': 0.01889771394135163, 'D_low': 4.484744524732794, 'k2': 1.4665316366397004e-05, 'D_high': 2940.51756322311, 'fire_exp': 1.165368636520435, 'P_half': 4.213183643253957, 'pre_dampen_half': 502.5175192217655, 'gpp_af': 0.7539992074650279, 'gpp_b': 0.0054502936945582505, 'gpp_d': 84.31013932082456, 'ign_k': 8.708806168038567, 'ign_c': 1.0623096700264116, 'trop_agb_crit': 24.584290528289387, 'trop_k_veg': 1.4584243470991722}.
[I 2026-06-08 12:23:52,305] Trial 764 finished with values: [10.931529030800462, 10.931529030800462] and parameters: {'k1': 0.03635503353478365, 'D_low': 38.82837025280678, 'k2': 0.012758211164590085, 'D_high': 2940.51756322311, 'fire_exp': 1.165368636520435, 'P_half': 12.808863354047988, 'pre_dampen_half': 107.40052367919465, 'gpp_af': 0.1476584299248268, 'gpp_b': 0.0005752434266899163, 'gpp_d': 229.41380323183625, 'ign_k': 8.708806168038567, 'ign_c': 5.13055176058983, 'trop_agb_crit': 3.5747129226002423, 'trop_k_veg': 0.83140195149031}.
[I 2026-06-08 12:23:53,445] Trial 765 finished with values: [10.848051224242294, 10.848051224242294] and parameters: {'k1': 0.01889771394135163, 'D_low': 77.31571570012609, 'k2': 0.0012040762895973265, 'D_high': 1493.5213816355397, 'fire_exp': 9.181779843422994, 'P_half': 4.213183643253957, 'pre_dampen_half': 107.40052367919465, 'gpp_af': 0.7539992074650279, 'gpp_b': 0.0005752434266899163, 'gpp_d': 84.31013932082456, 'ign_k': 8.708806168038567, 'ign_c': 7.4063809263110905, 'trop_agb_crit': 24.584290528289387, 'trop_k_veg': 1.4584243470991722}.
[I 2026-06-08 12:23:54,680] Trial 766 finished with values: [11.051346834387356, 11.051346834387356] and parameters: {'k1': 0.004312951023617458, 'D_low': 4.484744524732794, 'k2': 0.015763894361785387, 'D_high': 2940.51756322311, 'fire_exp': 1.165368636520435, 'P_half': 4.213183643253957, 'pre_dampen_half': 502.5175192217655, 'gpp_af': 0.7539992074650279, 'gpp_b': 0.0005752434266899163, 'gpp_d': 84.31013932082456, 'ign_k': 8.708806168038567, 'ign_c': 15.221840161091626, 'trop_agb_crit': 7.500118950416987, 'trop_k_veg': 3.1473758868965476}.
[I 2026-06-08 12:23:55,901] Trial 767 finished with values: [10.08718054679209, 10.08718054679209] and parameters: {'k1': 0.004312951023617458, 'D_low': 77.31571570012609, 'k2': 8.923807143379776e-05, 'D_high': 783.2259769732478, 'fire_exp': 1.0629462657398439, 'P_half': 220.3445560633069, 'pre_dampen_half': 502.5175192217655, 'gpp_af': 1.200191344086032, 'gpp_b': 0.00796661592919428, 'gpp_d': 150.14555442537656, 'ign_k': 0.0315101491238403, 'ign_c': 7.4063809263110905, 'trop_agb_crit': 1.14876138417489, 'trop_k_veg': 1.4584243470991722}.
[I 2026-06-08 12:23:57,298] Trial 768 finished with values: [10.50426521922254, 10.50426521922254] and parameters: {'k1': 0.016748279468858224, 'D_low': 355.00125258511594, 'k2': 0.001462400459012571, 'D_high': 1588.2035726402378, 'fire_exp': 1.3170256885255098, 'P_half': 4.213183643253957, 'pre_dampen_half': 63.6685916079943, 'gpp_af': 0.2204465010099918, 'gpp_b': 0.0021331409710300844, 'gpp_d': 14.792055086678463, 'ign_k': 0.0680787482656459, 'ign_c': 5.13055176058983, 'trop_agb_crit': 24.584290528289387, 'trop_k_veg': 0.5349971555643298}.
[I 2026-06-08 12:23:58,403] Trial 769 finished with values: [10.039843250011439, 10.039843250011439] and parameters: {'k1': 0.01889771394135163, 'D_low': 1.9623826481168343, 'k2': 1.4665316366397004e-05, 'D_high': 1493.5213816355397, 'fire_exp': 1.165368636520435, 'P_half': 4.213183643253957, 'pre_dampen_half': 107.40052367919465, 'gpp_af': 0.017199513788543352, 'gpp_b': 0.0005752434266899163, 'gpp_d': 84.31013932082456, 'ign_k': 8.708806168038567, 'ign_c': 15.221840161091626, 'trop_agb_crit': 7.500118950416987, 'trop_k_veg': 0.5639542873522186}.
[I 2026-06-08 12:23:59,586] Trial 770 finished with values: [10.723586909409317, 10.723586909409317] and parameters: {'k1': 0.008287522363768155, 'D_low': 355.00125258511594, 'k2': 0.0012040762895973265, 'D_high': 42210.21267871043, 'fire_exp': 1.165368636520435, 'P_half': 4.213183643253957, 'pre_dampen_half': 107.40052367919465, 'gpp_af': 0.2204465010099918, 'gpp_b': 0.0005752434266899163, 'gpp_d': 84.31013932082456, 'ign_k': 8.708806168038567, 'ign_c': 5.13055176058983, 'trop_agb_crit': 24.584290528289387, 'trop_k_veg': 2.194427136482602}.
[I 2026-06-08 12:24:00,727] Trial 771 finished with values: [10.284564028628136, 10.284564028628136] and parameters: {'k1': 0.01889771394135163, 'D_low': 4.484744524732794, 'k2': 0.001462400459012571, 'D_high': 3712.591045287726, 'fire_exp': 1.165368636520435, 'P_half': 220.3445560633069, 'pre_dampen_half': 107.40052367919465, 'gpp_af': 0.05511595477601767, 'gpp_b': 0.0021331409710300844, 'gpp_d': 84.31013932082456, 'ign_k': 8.708806168038567, 'ign_c': 15.221840161091626, 'trop_agb_crit': 18.785197416433792, 'trop_k_veg': 2.194427136482602}.
[I 2026-06-08 12:24:01,905] Trial 772 finished with values: [10.892857142659844, 10.892857142659844] and parameters: {'k1': 0.008471801418819975, 'D_low': 2.143851363193517, 'k2': 0.012758211164590085, 'D_high': 3712.591045287726, 'fire_exp': 1.3170256885255098, 'P_half': 220.3445560633069, 'pre_dampen_half': 10.129197956845726, 'gpp_af': 0.7539992074650279, 'gpp_b': 0.0054502936945582505, 'gpp_d': 10.369565216756202, 'ign_k': 0.34088312486613137, 'ign_c': 639.1655642276438, 'trop_agb_crit': 24.584290528289387, 'trop_k_veg': 0.5349971555643298}.
[I 2026-06-08 12:24:03,128] Trial 773 finished with values: [10.26795787896403, 10.26795787896403] and parameters: {'k1': 0.00031134168041628584, 'D_low': 38.82837025280678, 'k2': 0.012758211164590085, 'D_high': 3712.591045287726, 'fire_exp': 1.3170256885255098, 'P_half': 220.3445560633069, 'pre_dampen_half': 107.40052367919465, 'gpp_af': 0.2204465010099918, 'gpp_b': 0.0021331409710300844, 'gpp_d': 16.460426816350523, 'ign_k': 0.0315101491238403, 'ign_c': 5.13055176058983, 'trop_agb_crit': 3.5747129226002423, 'trop_k_veg': 2.520089655463604}.
[I 2026-06-08 12:24:04,401] Trial 774 finished with values: [10.112588501383986, 10.112588501383986] and parameters: {'k1': 0.002549454588329709, 'D_low': 4.484744524732794, 'k2': 1.1065812688893481e-05, 'D_high': 2940.51756322311, 'fire_exp': 1.0601964743503993, 'P_half': 220.3445560633069, 'pre_dampen_half': 124.72235343584714, 'gpp_af': 1.9706963379095486, 'gpp_b': 0.0054502936945582505, 'gpp_d': 84.31013932082456, 'ign_k': 0.0680787482656459, 'ign_c': 15.221840161091626, 'trop_agb_crit': 21.20801447986448, 'trop_k_veg': 1.4584243470991722}.
[I 2026-06-08 12:24:05,613] Trial 775 finished with values: [10.744551997444564, 10.744551997444564] and parameters: {'k1': 0.007828534228218626, 'D_low': 38.82837025280678, 'k2': 1.1065812688893481e-05, 'D_high': 3712.591045287726, 'fire_exp': 1.0601964743503993, 'P_half': 220.3445560633069, 'pre_dampen_half': 502.5175192217655, 'gpp_af': 1.9706963379095486, 'gpp_b': 0.0021331409710300844, 'gpp_d': 10.369565216756202, 'ign_k': 0.5524095129928631, 'ign_c': 30.28574109895626, 'trop_agb_crit': 24.584290528289387, 'trop_k_veg': 1.4584243470991722}.
[I 2026-06-08 12:24:06,736] Trial 776 finished with values: [10.814878060617337, 10.814878060617337] and parameters: {'k1': 0.008287522363768155, 'D_low': 34.459310919273356, 'k2': 1.915468390724633e-05, 'D_high': 42210.21267871043, 'fire_exp': 1.3170256885255098, 'P_half': 220.3445560633069, 'pre_dampen_half': 502.5175192217655, 'gpp_af': 0.2204465010099918, 'gpp_b': 2.0194763897972194, 'gpp_d': 10.369565216756202, 'ign_k': 2.1368329072358767, 'ign_c': 5.13055176058983, 'trop_agb_crit': 18.785197416433792, 'trop_k_veg': 0.5349971555643298}.
[I 2026-06-08 12:24:07,904] Trial 777 finished with values: [10.503707227926006, 10.503707227926006] and parameters: {'k1': 0.01889771394135163, 'D_low': 1.9623826481168343, 'k2': 1.4665316366397004e-05, 'D_high': 81.71825567718662, 'fire_exp': 1.6294642623991613, 'P_half': 4.213183643253957, 'pre_dampen_half': 107.40052367919465, 'gpp_af': 0.1476584299248268, 'gpp_b': 0.0005752434266899163, 'gpp_d': 84.31013932082456, 'ign_k': 0.010167079878196114, 'ign_c': 15.221840161091626, 'trop_agb_crit': 7.500118950416987, 'trop_k_veg': 2.194427136482602}.
[I 2026-06-08 12:24:09,077] Trial 778 finished with values: [10.085148323166774, 10.085148323166774] and parameters: {'k1': 0.01889771394135163, 'D_low': 4.484744524732794, 'k2': 0.012758211164590085, 'D_high': 2940.51756322311, 'fire_exp': 1.0601964743503993, 'P_half': 220.3445560633069, 'pre_dampen_half': 502.5175192217655, 'gpp_af': 0.5981605330890939, 'gpp_b': 0.04633252119753636, 'gpp_d': 0.986538195779616, 'ign_k': 0.04406703994564747, 'ign_c': 20.03995359361212, 'trop_agb_crit': 3.5747129226002423, 'trop_k_veg': 2.4978545597116653}.
[I 2026-06-08 12:24:10,345] Trial 779 finished with values: [10.711045952942035, 10.711045952942035] and parameters: {'k1': 0.004312951023617458, 'D_low': 38.82837025280678, 'k2': 0.001362731161143793, 'D_high': 61536.58035691648, 'fire_exp': 1.3170256885255098, 'P_half': 2287.943057317364, 'pre_dampen_half': 63.6685916079943, 'gpp_af': 0.2204465010099918, 'gpp_b': 0.0005752434266899163, 'gpp_d': 5.1715677287580455, 'ign_k': 0.010167079878196114, 'ign_c': 5.13055176058983, 'trop_agb_crit': 2.1861040860339416, 'trop_k_veg': 2.520089655463604}.
[I 2026-06-08 12:24:11,587] Trial 780 finished with values: [-0.5066419501916053, 0.19592816413518288] and parameters: {'k1': 0.004312951023617458, 'D_low': 70.18267183720735, 'k2': 1.1065812688893481e-05, 'D_high': 39819.19662051714, 'fire_exp': 1.0629462657398439, 'P_half': 4.213183643253957, 'pre_dampen_half': 107.40052367919465, 'gpp_af': 0.05849340411085125, 'gpp_b': 0.0021331409710300844, 'gpp_d': 84.31013932082456, 'ign_k': 0.0680787482656459, 'ign_c': 15.221840161091626, 'trop_agb_crit': 24.584290528289387, 'trop_k_veg': 1.4584243470991722}.
[I 2026-06-08 12:24:12,733] Trial 781 finished with values: [10.4533430792117, 10.4533430792117] and parameters: {'k1': 0.004312951023617458, 'D_low': 4.484744524732794, 'k2': 8.923807143379776e-05, 'D_high': 3712.591045287726, 'fire_exp': 1.0629462657398439, 'P_half': 220.3445560633069, 'pre_dampen_half': 502.5175192217655, 'gpp_af': 0.7539992074650279, 'gpp_b': 0.0021331409710300844, 'gpp_d': 16.460426816350523, 'ign_k': 0.0680787482656459, 'ign_c': 0.70689749506246, 'trop_agb_crit': 24.584290528289387, 'trop_k_veg': 1.4584243470991722}.
[I 2026-06-08 12:24:13,822] Trial 782 finished with values: [10.256811591475138, 10.256811591475138] and parameters: {'k1': 8.860989784957121e-05, 'D_low': 4.484744524732794, 'k2': 0.001462400459012571, 'D_high': 3712.591045287726, 'fire_exp': 1.3170256885255098, 'P_half': 220.3445560633069, 'pre_dampen_half': 502.5175192217655, 'gpp_af': 0.7539992074650279, 'gpp_b': 0.0021331409710300844, 'gpp_d': 5.1715677287580455, 'ign_k': 0.0680787482656459, 'ign_c': 20.03995359361212, 'trop_agb_crit': 24.584290528289387, 'trop_k_veg': 1.4584243470991722}.
[I 2026-06-08 12:24:15,039] Trial 783 finished with values: [10.189834913534328, 10.189834913534328] and parameters: {'k1': 0.008471801418819975, 'D_low': 2.143851363193517, 'k2': 0.012758211164590085, 'D_high': 783.2259769732478, 'fire_exp': 1.165368636520435, 'P_half': 12.808863354047988, 'pre_dampen_half': 107.40052367919465, 'gpp_af': 0.7539992074650279, 'gpp_b': 0.0005752434266899163, 'gpp_d': 16.460426816350523, 'ign_k': 8.708806168038567, 'ign_c': 7.4063809263110905, 'trop_agb_crit': 1.0911298587990423, 'trop_k_veg': 6.2065960186008615}.
