[I 2026-06-11 00:54:25,800] Trial 315 finished with values: [10.741932921131164, 10.741932921131164] and parameters: {'k1': 9.969469187531805e-05, 'D_low': 90.71933427331369, 'k2': 7.67074891445376e-05, 'D_high': 3712.591045287726, 'fire_exp': 1.0629462657398439, 'P_half': 1.4378290221680121, 'pre_dampen_half': 0.10017312476738939, 'gpp_af': 0.015350904103515228, 'gpp_b': 0.00012118589392553798, 'gpp_d': 61.829022221636144, 'ign_k': 0.004144296901136395, 'ign_c': 15.221840161091626, 'trop_agb_crit': 26.402883285404346, 'trop_k_veg': 0.5772603928610088, 'fuel_k': 0.029193888522073733, 'fuel_half': 52.00581729114123}.
[I 2026-06-11 00:54:27,097] Trial 316 finished with values: [10.70515993511155, 10.70515993511155] and parameters: {'k1': 2.27847364377152e-05, 'D_low': 414.99690434975446, 'k2': 1.915468390724633e-05, 'D_high': 204.16881527138202, 'fire_exp': 1.1258453832483524, 'P_half': 10.226988730324324, 'pre_dampen_half': 0.03333029838740256, 'gpp_af': 0.12243451886824051, 'gpp_b': 7.402343469704428e-05, 'gpp_d': 9.004606022643067, 'ign_k': 8.761971101023693, 'ign_c': 0.9294394155644988, 'trop_agb_crit': 9.836162684900028, 'trop_k_veg': 2.8224577471047865, 'fuel_k': 0.05597555634027867, 'fuel_half': 1.3547291924247344}.
[I 2026-06-11 00:54:28,455] Trial 317 finished with values: [10.587787252793927, 10.587787252793927] and parameters: {'k1': 0.00016480446427978953, 'D_low': 2.5379946629058443, 'k2': 0.01567230746060024, 'D_high': 146.1896279370497, 'fire_exp': 1.182396148413737, 'P_half': 1938.3858782150498, 'pre_dampen_half': 347.79988160923324, 'gpp_af': 0.06789053271698488, 'gpp_b': 0.0054502936945582505, 'gpp_d': 2.8006820077310213, 'ign_k': 0.018707420137660268, 'ign_c': 0.15239409361703363, 'trop_agb_crit': 29.789943908227905, 'trop_k_veg': 4.1309639246402785, 'fuel_k': 2.6379166421137854, 'fuel_half': 0.32476735706274484}.
[I 2026-06-11 00:54:29,824] Trial 318 finished with values: [10.698374510840871, 10.698374510840871] and parameters: {'k1': 0.004312951023617458, 'D_low': 2.5379946629058443, 'k2': 7.67074891445376e-05, 'D_high': 89263.11370835223, 'fire_exp': 1.182396148413737, 'P_half': 1938.3858782150498, 'pre_dampen_half': 33.9790424311127, 'gpp_af': 42.29037995744429, 'gpp_b': 3.228689523591491e-05, 'gpp_d': 6.913948698657619, 'ign_k': 0.018707420137660268, 'ign_c': 15.221840161091626, 'trop_agb_crit': 15.870971677383487, 'trop_k_veg': 0.5772603928610088, 'fuel_k': 3.6992394681929337, 'fuel_half': 8.115041565366717}.
[I 2026-06-11 00:54:31,115] Trial 319 finished with values: [10.471059541677839, 10.471059541677839] and parameters: {'k1': 0.00013649087666416944, 'D_low': 4.484744524732794, 'k2': 0.0034207303670092245, 'D_high': 15000.328053766281, 'fire_exp': 1.2310899049053081, 'P_half': 669.7348618512094, 'pre_dampen_half': 294.75617712568373, 'gpp_af': 0.008562341633595545, 'gpp_b': 0.0021331409710300844, 'gpp_d': 0.0581159974343924, 'ign_k': 0.5131654955148326, 'ign_c': 0.11650681118986138, 'trop_agb_crit': 24.584290528289387, 'trop_k_veg': 3.138530300785082, 'fuel_k': 0.07925709222907362, 'fuel_half': 49.011305842597814}.
[I 2026-06-11 00:54:32,412] Trial 320 finished with values: [10.64459431823604, 10.64459431823604] and parameters: {'k1': 0.004312951023617458, 'D_low': 2.2281634177046414, 'k2': 0.0005708731724249573, 'D_high': 3712.591045287726, 'fire_exp': 1.0629462657398439, 'P_half': 16.051347487097576, 'pre_dampen_half': 0.014385690886336346, 'gpp_af': 42.29037995744429, 'gpp_b': 1.7565109007473816e-05, 'gpp_d': 9.004606022643067, 'ign_k': 5.557109890966287, 'ign_c': 15.221840161091626, 'trop_agb_crit': 24.584290528289387, 'trop_k_veg': 2.8224577471047865, 'fuel_k': 3.6992394681929337, 'fuel_half': 81.8794158253808}.
[I 2026-06-11 00:54:33,719] Trial 321 finished with values: [-0.7600458996642696, 0.6931671955944015] and parameters: {'k1': 0.00013783578294796384, 'D_low': 92.55037589041179, 'k2': 1.915468390724633e-05, 'D_high': 204.16881527138202, 'fire_exp': 1.2310899049053081, 'P_half': 16.051347487097576, 'pre_dampen_half': 502.5175192217655, 'gpp_af': 0.015769192447197523, 'gpp_b': 7.402343469704428e-05, 'gpp_d': 2.8006820077310213, 'ign_k': 8.761971101023693, 'ign_c': 0.9294394155644988, 'trop_agb_crit': 1.2440687631821843, 'trop_k_veg': 4.1309639246402785, 'fuel_k': 3.6992394681929337, 'fuel_half': 0.14319038307687884}.
[I 2026-06-11 00:54:35,034] Trial 322 finished with values: [10.047417004791535, 10.047417004791535] and parameters: {'k1': 0.00013783578294796384, 'D_low': 1.4045842344024697, 'k2': 1.915468390724633e-05, 'D_high': 204.16881527138202, 'fire_exp': 1.0881360604103363, 'P_half': 13.019246714361572, 'pre_dampen_half': 347.79988160923324, 'gpp_af': 0.326288637536534, 'gpp_b': 7.402343469704428e-05, 'gpp_d': 2.8006820077310213, 'ign_k': 8.761971101023693, 'ign_c': 0.9294394155644988, 'trop_agb_crit': 9.836162684900028, 'trop_k_veg': 1.140286245977296, 'fuel_k': 3.6992394681929337, 'fuel_half': 0.6370755274604819}.
[I 2026-06-11 00:54:36,421] Trial 323 finished with values: [10.070684622427818, 10.070684622427818] and parameters: {'k1': 0.09738633019266786, 'D_low': 4.484744524732794, 'k2': 0.03865036856259725, 'D_high': 1024.9816559563214, 'fire_exp': 1.2310899049053081, 'P_half': 10.226988730324324, 'pre_dampen_half': 502.5175192217655, 'gpp_af': 0.7539992074650279, 'gpp_b': 0.00010318352929732131, 'gpp_d': 9.004606022643067, 'ign_k': 0.5131654955148326, 'ign_c': 0.11650681118986138, 'trop_agb_crit': 9.836162684900028, 'trop_k_veg': 2.242620244133255, 'fuel_k': 0.05597555634027867, 'fuel_half': 13.402368611128821}.
[I 2026-06-11 00:54:37,789] Trial 324 finished with values: [10.099380978555129, 10.099380978555129] and parameters: {'k1': 0.00013783578294796384, 'D_low': 1.4045842344024697, 'k2': 0.0027431991397796683, 'D_high': 1024.9816559563214, 'fire_exp': 1.1258453832483524, 'P_half': 13.019246714361572, 'pre_dampen_half': 347.79988160923324, 'gpp_af': 0.015769192447197523, 'gpp_b': 7.402343469704428e-05, 'gpp_d': 2.8006820077310213, 'ign_k': 8.761971101023693, 'ign_c': 0.9294394155644988, 'trop_agb_crit': 9.836162684900028, 'trop_k_veg': 4.1309639246402785, 'fuel_k': 0.04572914063536324, 'fuel_half': 15.29850686893745}.
[I 2026-06-11 00:54:39,121] Trial 325 finished with values: [10.500785220699779, 10.500785220699779] and parameters: {'k1': 0.004312951023617458, 'D_low': 2.062120257534816, 'k2': 1.127217425995114e-05, 'D_high': 30470.283500219237, 'fire_exp': 1.0881360604103363, 'P_half': 13.019246714361572, 'pre_dampen_half': 502.5175192217655, 'gpp_af': 42.29037995744429, 'gpp_b': 0.00012118589392553798, 'gpp_d': 0.5121071390703817, 'ign_k': 0.034321391362415854, 'ign_c': 15.221840161091626, 'trop_agb_crit': 19.189415375617013, 'trop_k_veg': 2.8224577471047865, 'fuel_k': 0.05597555634027867, 'fuel_half': 52.00581729114123}.
[I 2026-06-11 00:54:40,393] Trial 326 finished with values: [10.720789405420897, 10.720789405420897] and parameters: {'k1': 0.004312951023617458, 'D_low': 338.23872019362165, 'k2': 7.67074891445376e-05, 'D_high': 1390.2686711035008, 'fire_exp': 1.2310899049053081, 'P_half': 13.019246714361572, 'pre_dampen_half': 37.19072637334467, 'gpp_af': 42.29037995744429, 'gpp_b': 0.646202298465551, 'gpp_d': 2.8006820077310213, 'ign_k': 4.591485216740537, 'ign_c': 0.1867876836333246, 'trop_agb_crit': 9.836162684900028, 'trop_k_veg': 0.6112301235084354, 'fuel_k': 0.04572914063536324, 'fuel_half': 0.3335026483569958}.
[I 2026-06-11 00:54:41,667] Trial 327 finished with values: [10.481464824416898, 10.481464824416898] and parameters: {'k1': 0.05233480488540085, 'D_low': 2757.3353505786354, 'k2': 0.0034207303670092245, 'D_high': 15000.328053766281, 'fire_exp': 1.0889492364376547, 'P_half': 13.019246714361572, 'pre_dampen_half': 502.5175192217655, 'gpp_af': 0.015769192447197523, 'gpp_b': 1.7565109007473816e-05, 'gpp_d': 0.5121071390703817, 'ign_k': 0.034321391362415854, 'ign_c': 6.160975294741436, 'trop_agb_crit': 7.359282739093333, 'trop_k_veg': 2.8224577471047865, 'fuel_k': 0.05597555634027867, 'fuel_half': 7.860326410149304}.
[I 2026-06-11 00:54:42,972] Trial 328 finished with values: [-0.45095587797894576, 0.6750246365106762] and parameters: {'k1': 0.004312951023617458, 'D_low': 4.484744524732794, 'k2': 1.915468390724633e-05, 'D_high': 30608.522106722474, 'fire_exp': 1.0629462657398439, 'P_half': 38.82837025280678, 'pre_dampen_half': 502.5175192217655, 'gpp_af': 0.049802479194577566, 'gpp_b': 0.00012118589392553798, 'gpp_d': 16.460426816350523, 'ign_k': 0.0680787482656459, 'ign_c': 15.221840161091626, 'trop_agb_crit': 24.584290528289387, 'trop_k_veg': 1.140286245977296, 'fuel_k': 3.6992394681929337, 'fuel_half': 52.00581729114123}.
[I 2026-06-11 00:54:44,497] Trial 329 finished with values: [-0.5457969199355551, 0.5065009756538581] and parameters: {'k1': 0.00013783578294796384, 'D_low': 1.4045842344024697, 'k2': 1.127217425995114e-05, 'D_high': 1024.9816559563214, 'fire_exp': 1.0881360604103363, 'P_half': 13.019246714361572, 'pre_dampen_half': 347.79988160923324, 'gpp_af': 0.7539992074650279, 'gpp_b': 0.0054502936945582505, 'gpp_d': 2.8006820077310213, 'ign_k': 0.0680787482656459, 'ign_c': 15.221840161091626, 'trop_agb_crit': 9.836162684900028, 'trop_k_veg': 2.8224577471047865, 'fuel_k': 4.680936683972861, 'fuel_half': 0.6370755274604819}.
[I 2026-06-11 00:54:46,134] Trial 330 finished with values: [10.374597164380804, 10.374597164380804] and parameters: {'k1': 0.00013783578294796384, 'D_low': 1816.7721131483863, 'k2': 0.0034207303670092245, 'D_high': 204.16881527138202, 'fire_exp': 1.1258453832483524, 'P_half': 136.0956887810302, 'pre_dampen_half': 294.75617712568373, 'gpp_af': 0.008562341633595545, 'gpp_b': 7.402343469704428e-05, 'gpp_d': 2.8006820077310213, 'ign_k': 8.761971101023693, 'ign_c': 0.11650681118986138, 'trop_agb_crit': 5.707205898008383, 'trop_k_veg': 1.140286245977296, 'fuel_k': 3.6992394681929337, 'fuel_half': 2.9236782115513154}.
[I 2026-06-11 00:54:47,866] Trial 331 finished with values: [-0.6816187041010664, 0.5834096509897119] and parameters: {'k1': 0.0015974581244256687, 'D_low': 5.59983195169599, 'k2': 0.0007081721844034209, 'D_high': 89263.11370835223, 'fire_exp': 1.0629462657398439, 'P_half': 2.0915073038472545, 'pre_dampen_half': 502.5175192217655, 'gpp_af': 42.29037995744429, 'gpp_b': 2.3382984208508275, 'gpp_d': 314.6826989726468, 'ign_k': 0.1550134937334847, 'ign_c': 15.221840161091626, 'trop_agb_crit': 2.419699259862185, 'trop_k_veg': 2.8224577471047865, 'fuel_k': 3.6992394681929337, 'fuel_half': 52.00581729114123}.
[I 2026-06-11 00:54:49,341] Trial 332 finished with values: [10.012459402231691, 10.012459402231691] and parameters: {'k1': 9.969469187531805e-05, 'D_low': 90.71933427331369, 'k2': 0.0034207303670092245, 'D_high': 1919.1689944397538, 'fire_exp': 1.0889492364376547, 'P_half': 1.4378290221680121, 'pre_dampen_half': 518.2609891091987, 'gpp_af': 0.015350904103515228, 'gpp_b': 0.00012118589392553798, 'gpp_d': 0.0581159974343924, 'ign_k': 0.5131654955148326, 'ign_c': 0.13670484737132343, 'trop_agb_crit': 26.402883285404346, 'trop_k_veg': 0.9369104721775232, 'fuel_k': 1.8645619680420142, 'fuel_half': 81.8794158253808}.
[I 2026-06-11 00:54:50,840] Trial 333 finished with values: [10.314894253326205, 10.314894253326205] and parameters: {'k1': 0.0015974581244256687, 'D_low': 2.2281634177046414, 'k2': 0.0007081721844034209, 'D_high': 28087.330790064407, 'fire_exp': 1.0881360604103363, 'P_half': 16.051347487097576, 'pre_dampen_half': 36.876350096203005, 'gpp_af': 0.326288637536534, 'gpp_b': 0.011750724729953272, 'gpp_d': 314.6826989726468, 'ign_k': 0.034321391362415854, 'ign_c': 6.445745262301892, 'trop_agb_crit': 6.1198430581046965, 'trop_k_veg': 2.8224577471047865, 'fuel_k': 0.05597555634027867, 'fuel_half': 81.8794158253808}.
[I 2026-06-11 00:54:52,362] Trial 334 finished with values: [10.355748534676367, 10.355748534676367] and parameters: {'k1': 0.004312951023617458, 'D_low': 4.484744524732794, 'k2': 7.67074891445376e-05, 'D_high': 3712.591045287726, 'fire_exp': 1.0629462657398439, 'P_half': 220.3445560633069, 'pre_dampen_half': 502.5175192217655, 'gpp_af': 42.29037995744429, 'gpp_b': 1.7565109007473816e-05, 'gpp_d': 9.004606022643067, 'ign_k': 0.5131654955148326, 'ign_c': 14.452451441203321, 'trop_agb_crit': 19.28597237496244, 'trop_k_veg': 0.5772603928610088, 'fuel_k': 0.6137000782082779, 'fuel_half': 81.8794158253808}.
[I 2026-06-11 00:54:53,941] Trial 335 finished with values: [10.568496099403248, 10.568496099403248] and parameters: {'k1': 0.00013649087666416944, 'D_low': 2757.3353505786354, 'k2': 0.0034207303670092245, 'D_high': 15000.328053766281, 'fire_exp': 2.2703704516008885, 'P_half': 127.52949611679996, 'pre_dampen_half': 502.5175192217655, 'gpp_af': 0.005618069878716736, 'gpp_b': 0.00012118589392553798, 'gpp_d': 16.460426816350523, 'ign_k': 4.591485216740537, 'ign_c': 0.9294394155644988, 'trop_agb_crit': 9.836162684900028, 'trop_k_veg': 4.1309639246402785, 'fuel_k': 0.04572914063536324, 'fuel_half': 2.9236782115513154}.
[I 2026-06-11 00:54:55,495] Trial 336 finished with values: [-0.4175606838135184, 0.9739706128479856] and parameters: {'k1': 0.00013783578294796384, 'D_low': 844.0303958079087, 'k2': 1.915468390724633e-05, 'D_high': 89263.11370835223, 'fire_exp': 1.0629462657398439, 'P_half': 13.019246714361572, 'pre_dampen_half': 502.5175192217655, 'gpp_af': 42.29037995744429, 'gpp_b': 7.402343469704428e-05, 'gpp_d': 9.004606022643067, 'ign_k': 8.761971101023693, 'ign_c': 0.9294394155644988, 'trop_agb_crit': 9.836162684900028, 'trop_k_veg': 1.140286245977296, 'fuel_k': 3.6992394681929337, 'fuel_half': 2.9236782115513154}.
[I 2026-06-11 00:54:57,187] Trial 337 finished with values: [10.690937467270818, 10.690937467270818] and parameters: {'k1': 0.05233480488540085, 'D_low': 4.484744524732794, 'k2': 0.0005708731724249573, 'D_high': 21.208987108343724, 'fire_exp': 2.2703704516008885, 'P_half': 16.051347487097576, 'pre_dampen_half': 33.9790424311127, 'gpp_af': 0.0016008221370480654, 'gpp_b': 0.00012118589392553798, 'gpp_d': 6.913948698657619, 'ign_k': 4.591485216740537, 'ign_c': 15.221840161091626, 'trop_agb_crit': 24.584290528289387, 'trop_k_veg': 1.4584243470991722, 'fuel_k': 3.6992394681929337, 'fuel_half': 81.8794158253808}.
[I 2026-06-11 00:54:58,707] Trial 338 finished with values: [-0.7359743735344337, 0.5676332021691908] and parameters: {'k1': 2.27847364377152e-05, 'D_low': 572.6112503516231, 'k2': 7.67074891445376e-05, 'D_high': 1024.9816559563214, 'fire_exp': 1.2310899049053081, 'P_half': 16.051347487097576, 'pre_dampen_half': 502.5175192217655, 'gpp_af': 0.326288637536534, 'gpp_b': 7.402343469704428e-05, 'gpp_d': 16.460426816350523, 'ign_k': 0.5131654955148326, 'ign_c': 0.11650681118986138, 'trop_agb_crit': 5.707205898008383, 'trop_k_veg': 4.60227373948169, 'fuel_k': 3.6992394681929337, 'fuel_half': 0.6370755274604819}.
[I 2026-06-11 00:55:00,064] Trial 339 finished with values: [10.61827731815827, 10.61827731815827] and parameters: {'k1': 0.004312951023617458, 'D_low': 4.484744524732794, 'k2': 1.915468390724633e-05, 'D_high': 89263.11370835223, 'fire_exp': 2.2703704516008885, 'P_half': 16.051347487097576, 'pre_dampen_half': 502.5175192217655, 'gpp_af': 0.005618069878716736, 'gpp_b': 0.011750724729953272, 'gpp_d': 314.6826989726468, 'ign_k': 4.591485216740537, 'ign_c': 15.221840161091626, 'trop_agb_crit': 24.584290528289387, 'trop_k_veg': 2.8224577471047865, 'fuel_k': 3.6992394681929337, 'fuel_half': 2.9236782115513154}.
[I 2026-06-11 00:55:01,393] Trial 340 finished with values: [-0.4599375347880537, 0.7820809536037168] and parameters: {'k1': 0.003242143344038315, 'D_low': 4.484744524732794, 'k2': 1.127217425995114e-05, 'D_high': 1024.9816559563214, 'fire_exp': 1.0629462657398439, 'P_half': 16.051347487097576, 'pre_dampen_half': 294.75617712568373, 'gpp_af': 0.015769192447197523, 'gpp_b': 1.7565109007473816e-05, 'gpp_d': 314.6826989726468, 'ign_k': 0.5131654955148326, 'ign_c': 15.221840161091626, 'trop_agb_crit': 5.707205898008383, 'trop_k_veg': 0.5910730452888154, 'fuel_k': 0.04572914063536324, 'fuel_half': 7.860326410149304}.
[I 2026-06-11 00:55:02,683] Trial 341 finished with values: [10.141024830722142, 10.141024830722142] and parameters: {'k1': 0.05233480488540085, 'D_low': 5.59983195169599, 'k2': 7.67074891445376e-05, 'D_high': 204.16881527138202, 'fire_exp': 1.3175349115759807, 'P_half': 220.3445560633069, 'pre_dampen_half': 502.5175192217655, 'gpp_af': 1.4558259811306473, 'gpp_b': 0.00012118589392553798, 'gpp_d': 9.004606022643067, 'ign_k': 4.591485216740537, 'ign_c': 15.221840161091626, 'trop_agb_crit': 19.189415375617013, 'trop_k_veg': 3.94974057158301, 'fuel_k': 3.884320409093511, 'fuel_half': 52.00581729114123}.
[I 2026-06-11 00:55:03,973] Trial 342 finished with values: [-0.5647404911158802, 0.7871916390965618] and parameters: {'k1': 0.003242143344038315, 'D_low': 1.4045842344024697, 'k2': 1.915468390724633e-05, 'D_high': 15000.328053766281, 'fire_exp': 1.1258453832483524, 'P_half': 13.019246714361572, 'pre_dampen_half': 294.75617712568373, 'gpp_af': 0.008562341633595545, 'gpp_b': 1.7565109007473816e-05, 'gpp_d': 2.8006820077310213, 'ign_k': 0.5131654955148326, 'ign_c': 0.9736725715035878, 'trop_agb_crit': 5.707205898008383, 'trop_k_veg': 4.1309639246402785, 'fuel_k': 1.3128815679924584, 'fuel_half': 15.29850686893745}.
[I 2026-06-11 00:55:05,405] Trial 343 finished with values: [10.384670784206463, 10.384670784206463] and parameters: {'k1': 0.004312951023617458, 'D_low': 338.23872019362165, 'k2': 1.915468390724633e-05, 'D_high': 1390.2686711035008, 'fire_exp': 1.4439251473259103, 'P_half': 16.051347487097576, 'pre_dampen_half': 502.5175192217655, 'gpp_af': 42.29037995744429, 'gpp_b': 1.7565109007473816e-05, 'gpp_d': 2.8006820077310213, 'ign_k': 4.591485216740537, 'ign_c': 0.1867876836333246, 'trop_agb_crit': 21.825752290961518, 'trop_k_veg': 1.140286245977296, 'fuel_k': 3.6992394681929337, 'fuel_half': 0.3335026483569958}.
[I 2026-06-11 00:55:06,697] Trial 344 finished with values: [10.538977177440042, 10.538977177440042] and parameters: {'k1': 0.00013649087666416944, 'D_low': 5949.270019168345, 'k2': 0.0034207303670092245, 'D_high': 15000.328053766281, 'fire_exp': 1.0889492364376547, 'P_half': 16.051347487097576, 'pre_dampen_half': 294.75617712568373, 'gpp_af': 0.008562341633595545, 'gpp_b': 0.011750724729953272, 'gpp_d': 314.6826989726468, 'ign_k': 0.5131654955148326, 'ign_c': 0.11650681118986138, 'trop_agb_crit': 26.402883285404346, 'trop_k_veg': 0.9369104721775232, 'fuel_k': 1.3128815679924584, 'fuel_half': 49.011305842597814}.
[I 2026-06-11 00:55:08,060] Trial 345 finished with values: [10.316568413010865, 10.316568413010865] and parameters: {'k1': 0.00013783578294796384, 'D_low': 1.4403740929157833, 'k2': 0.030699709531122967, 'D_high': 3712.591045287726, 'fire_exp': 1.182396148413737, 'P_half': 343.5759946100352, 'pre_dampen_half': 502.5175192217655, 'gpp_af': 0.8226361776146098, 'gpp_b': 0.011750724729953272, 'gpp_d': 2.292633983096564, 'ign_k': 0.5131654955148326, 'ign_c': 14.452451441203321, 'trop_agb_crit': 24.584290528289387, 'trop_k_veg': 1.4584243470991722, 'fuel_k': 0.09252659617259135, 'fuel_half': 81.8794158253808}.
[I 2026-06-11 00:55:09,406] Trial 346 finished with values: [10.49617798776678, 10.49617798776678] and parameters: {'k1': 0.0015974581244256687, 'D_low': 602.4590664672947, 'k2': 0.0007081721844034209, 'D_high': 89263.11370835223, 'fire_exp': 1.0629462657398439, 'P_half': 16.051347487097576, 'pre_dampen_half': 0.12475844033340494, 'gpp_af': 42.29037995744429, 'gpp_b': 0.0024605285374226047, 'gpp_d': 12.00191344086031, 'ign_k': 0.34703605955441524, 'ign_c': 3.0378658251922155, 'trop_agb_crit': 15.870971677383487, 'trop_k_veg': 1.6340262437673854, 'fuel_k': 5.141635443132286, 'fuel_half': 38.211294416912246}.
[I 2026-06-11 00:55:10,704] Trial 347 finished with values: [10.146766055313714, 10.146766055313714] and parameters: {'k1': 0.09738633019266786, 'D_low': 5.59983195169599, 'k2': 0.0027431991397796683, 'D_high': 1390.2686711035008, 'fire_exp': 1.2310899049053081, 'P_half': 13.019246714361572, 'pre_dampen_half': 502.5175192217655, 'gpp_af': 0.7539992074650279, 'gpp_b': 0.00010318352929732131, 'gpp_d': 2.8006820077310213, 'ign_k': 0.050667002161528835, 'ign_c': 15.221840161091626, 'trop_agb_crit': 24.584290528289387, 'trop_k_veg': 0.5772603928610088, 'fuel_k': 0.05597555634027867, 'fuel_half': 52.00581729114123}.
[I 2026-06-11 00:55:12,003] Trial 348 finished with values: [10.412826315968864, 10.412826315968864] and parameters: {'k1': 0.09738633019266786, 'D_low': 22.262973383312627, 'k2': 2.1698375693549493e-05, 'D_high': 1024.9816559563214, 'fire_exp': 1.1258453832483524, 'P_half': 13.019246714361572, 'pre_dampen_half': 33.9790424311127, 'gpp_af': 0.7539992074650279, 'gpp_b': 3.228689523591491e-05, 'gpp_d': 0.08139347272614299, 'ign_k': 8.761971101023693, 'ign_c': 15.221840161091626, 'trop_agb_crit': 9.836162684900028, 'trop_k_veg': 0.5772603928610088, 'fuel_k': 0.04572914063536324, 'fuel_half': 15.29850686893745}.
[I 2026-06-11 00:55:13,280] Trial 349 finished with values: [10.214839566680524, 10.214839566680524] and parameters: {'k1': 0.004312951023617458, 'D_low': 4.484744524732794, 'k2': 1.915468390724633e-05, 'D_high': 3712.591045287726, 'fire_exp': 1.0629462657398439, 'P_half': 13.019246714361572, 'pre_dampen_half': 502.5175192217655, 'gpp_af': 0.7539992074650279, 'gpp_b': 0.011750724729953272, 'gpp_d': 16.460426816350523, 'ign_k': 0.0680787482656459, 'ign_c': 15.221840161091626, 'trop_agb_crit': 14.671700390275891, 'trop_k_veg': 1.4584243470991722, 'fuel_k': 3.6992394681929337, 'fuel_half': 52.00581729114123}.
