[I 2026-08-14 14:35:28,051] Trial 1088 finished with values: [-0.3953762256542925, 5.3677088329706635e-09] and parameters: {'k1': 0.0012329098365270509, 'D_low': 4.043300846639722, 'k2': 0.0005708731724249573, 'D_high': 316055.11434645514, 'fire_exp': 3.27790247797386, 'P_half': 65.33684593224972, 'pre_dampen_half': 0.15144408538724474, 'gpp_af': 0.0025511964576171086, 'gpp_b': 0.00024732964314480056, 'gpp_d': 2.292633983096564, 'ign_k': 0.04380580767905655, 'ign_c': 105.24574681335613, 'trop_agb_crit': 5.273338791937182, 'trop_k_veg': 0.8258248924958269, 'fuel_k': 1.6630228777630973, 'fuel_half': 10.013658413533488}.
[I 2026-08-14 14:35:29,986] Trial 1089 finished with values: [-0.35553850451979946, 0.0] and parameters: {'k1': 0.0004688858519834985, 'D_low': 9.222492453004657, 'k2': 1.263794633808287e-05, 'D_high': 16.752866684650684, 'fire_exp': 1.2429193829348841, 'P_half': 1535.1441568398143, 'pre_dampen_half': 0.10609580257119508, 'gpp_af': 0.0023751383317256927, 'gpp_b': 2.788681037423117, 'gpp_d': 0.06888046676681166, 'ign_k': 0.04380580767905655, 'ign_c': 105.24574681335613, 'trop_agb_crit': 2.1775224101934065, 'trop_k_veg': 0.6921865222804094, 'fuel_k': 1.6630228777630973, 'fuel_half': 12.136386887218588}.
[I 2026-08-14 14:35:31,950] Trial 1090 finished with values: [-0.4200551457423473, 2.368159970567163e-05] and parameters: {'k1': 0.0010204225357677778, 'D_low': 3507.515213502105, 'k2': 1.854837679096716e-05, 'D_high': 625838.668783032, 'fire_exp': 1.6214575867079866, 'P_half': 9848.952560187112, 'pre_dampen_half': 0.03411860497758073, 'gpp_af': 0.008983355849178878, 'gpp_b': 0.00024732964314480056, 'gpp_d': 0.012472726063715429, 'ign_k': 0.567034633562729, 'ign_c': 15.221840161091626, 'trop_agb_crit': 13.98132484257899, 'trop_k_veg': 2.1816482703680733, 'fuel_k': 3.91137961690532, 'fuel_half': 8.46633791940142}.
[I 2026-08-14 14:35:33,969] Trial 1091 finished with values: [-0.4291527079402099, 0.0023935323146009324] and parameters: {'k1': 0.0012329098365270509, 'D_low': 4.043300846639722, 'k2': 1.854837679096716e-05, 'D_high': 316055.11434645514, 'fire_exp': 1.6214575867079866, 'P_half': 351.2704726270846, 'pre_dampen_half': 0.03411860497758073, 'gpp_af': 0.008983355849178878, 'gpp_b': 0.00012906175696809457, 'gpp_d': 597.9617889501159, 'ign_k': 0.04380580767905655, 'ign_c': 3.0378658251922155, 'trop_agb_crit': 13.98132484257899, 'trop_k_veg': 2.417028380770307, 'fuel_k': 0.28630931797361614, 'fuel_half': 12.136386887218588}.
[I 2026-08-14 14:35:35,841] Trial 1092 finished with values: [-0.4246955799296862, 0.00036873184840069406] and parameters: {'k1': 1.0477226564098276e-05, 'D_low': 2.0349553327469425, 'k2': 1.3243445838637965e-05, 'D_high': 316055.11434645514, 'fire_exp': 1.6214575867079866, 'P_half': 1535.1441568398143, 'pre_dampen_half': 0.10609580257119508, 'gpp_af': 0.008983355849178878, 'gpp_b': 0.00024732964314480056, 'gpp_d': 0.012284844784580964, 'ign_k': 0.04380580767905655, 'ign_c': 0.13229646467088635, 'trop_agb_crit': 2.419699259862185, 'trop_k_veg': 2.1816482703680733, 'fuel_k': 1.6630228777630973, 'fuel_half': 6.692398883561895}.
[I 2026-08-14 14:35:38,395] Trial 1093 finished with values: [-0.40683010027702604, 0.005660569025574214] and parameters: {'k1': 0.0012329098365270509, 'D_low': 367.4904945305323, 'k2': 1.263794633808287e-05, 'D_high': 316055.11434645514, 'fire_exp': 1.2429193829348841, 'P_half': 1535.1441568398143, 'pre_dampen_half': 0.10609580257119508, 'gpp_af': 0.05591545464042534, 'gpp_b': 1.6569065206637924e-05, 'gpp_d': 0.012284844784580964, 'ign_k': 0.002860112654741167, 'ign_c': 105.24574681335613, 'trop_agb_crit': 5.881906289439389, 'trop_k_veg': 2.417028380770307, 'fuel_k': 1.6630228777630973, 'fuel_half': 12.136386887218588}.
[I 2026-08-14 14:35:40,398] Trial 1094 finished with values: [-0.4015994393035637, 5.379748457823297e-08] and parameters: {'k1': 0.00016312233285809254, 'D_low': 367.4904945305323, 'k2': 1.263794633808287e-05, 'D_high': 38111.59226078823, 'fire_exp': 1.2429193829348841, 'P_half': 48.464976792190825, 'pre_dampen_half': 0.011501973785501987, 'gpp_af': 0.0023751383317256927, 'gpp_b': 2.788681037423117, 'gpp_d': 0.32837927360248453, 'ign_k': 0.567034633562729, 'ign_c': 5.486676498816058, 'trop_agb_crit': 2.1775224101934065, 'trop_k_veg': 0.6189606672462583, 'fuel_k': 0.06382243375381637, 'fuel_half': 12.136386887218588}.
[I 2026-08-14 14:35:42,346] Trial 1095 finished with values: [-0.3648530067074761, 5.016553838999016e-11] and parameters: {'k1': 6.069662445477729e-05, 'D_low': 4.043300846639722, 'k2': 0.00019472216066157317, 'D_high': 16.752866684650684, 'fire_exp': 1.2429193829348841, 'P_half': 1535.1441568398143, 'pre_dampen_half': 0.10609580257119508, 'gpp_af': 0.0023751383317256927, 'gpp_b': 2.788681037423117, 'gpp_d': 0.06888046676681166, 'ign_k': 0.03141110271934876, 'ign_c': 105.24574681335613, 'trop_agb_crit': 16.86264052240002, 'trop_k_veg': 3.4508425771776365, 'fuel_k': 1.6630228777630973, 'fuel_half': 15.581254655530845}.
[I 2026-08-14 14:35:44,211] Trial 1096 finished with values: [-0.40496338094046, 1.3666177487436926e-06] and parameters: {'k1': 0.00016312233285809254, 'D_low': 367.4904945305323, 'k2': 1.854837679096716e-05, 'D_high': 316055.11434645514, 'fire_exp': 1.3224672913793163, 'P_half': 1212.4080603355412, 'pre_dampen_half': 0.03411860497758073, 'gpp_af': 0.34902252478382495, 'gpp_b': 2.788681037423117, 'gpp_d': 0.05704717510936691, 'ign_k': 0.567034633562729, 'ign_c': 5.486676498816058, 'trop_agb_crit': 13.365572767895445, 'trop_k_veg': 0.6189606672462583, 'fuel_k': 0.06382243375381637, 'fuel_half': 12.136386887218588}.
[I 2026-08-14 14:35:46,224] Trial 1097 finished with values: [-0.38506017096619394, 2.17718287842672e-09] and parameters: {'k1': 1.0477226564098276e-05, 'D_low': 9.222492453004657, 'k2': 7.966502922679658e-05, 'D_high': 44.39648242927527, 'fire_exp': 1.075051292556307, 'P_half': 48.464976792190825, 'pre_dampen_half': 0.10609580257119508, 'gpp_af': 0.0023751383317256927, 'gpp_b': 2.788681037423117, 'gpp_d': 0.06888046676681166, 'ign_k': 0.04380580767905655, 'ign_c': 105.24574681335613, 'trop_agb_crit': 2.1775224101934065, 'trop_k_veg': 2.8224577471047865, 'fuel_k': 0.06382243375381637, 'fuel_half': 3.7093134348291836}.
[I 2026-08-14 14:35:48,249] Trial 1098 finished with values: [-0.3688913274155888, 2.006617094707508e-11] and parameters: {'k1': 0.0004688858519834985, 'D_low': 367.4904945305323, 'k2': 0.00010939944910100016, 'D_high': 316055.11434645514, 'fire_exp': 1.2429193829348841, 'P_half': 1938.3858782150498, 'pre_dampen_half': 0.011501973785501987, 'gpp_af': 0.0023751383317256927, 'gpp_b': 2.788681037423117, 'gpp_d': 2.292633983096564, 'ign_k': 0.04380580767905655, 'ign_c': 105.24574681335613, 'trop_agb_crit': 5.881906289439389, 'trop_k_veg': 3.4508425771776365, 'fuel_k': 0.06382243375381637, 'fuel_half': 3.7093134348291836}.
[I 2026-08-14 14:35:50,604] Trial 1099 finished with values: [-0.35608087519259163, 0.0] and parameters: {'k1': 6.069662445477729e-05, 'D_low': 128395.48332743198, 'k2': 0.00010089430320527378, 'D_high': 316055.11434645514, 'fire_exp': 7.089507362101403, 'P_half': 1938.3858782150498, 'pre_dampen_half': 0.03627422119926134, 'gpp_af': 0.0023751383317256927, 'gpp_b': 0.00017826376967587887, 'gpp_d': 2.292633983096564, 'ign_k': 0.03141110271934876, 'ign_c': 0.18316165443932733, 'trop_agb_crit': 2.1775224101934065, 'trop_k_veg': 3.4508425771776365, 'fuel_k': 5.486054129200969, 'fuel_half': 15.581254655530845}.
[I 2026-08-14 14:35:52,860] Trial 1100 finished with values: [-0.3554625854118624, 0.0] and parameters: {'k1': 0.05554169083020911, 'D_low': 367.4904945305323, 'k2': 1.263794633808287e-05, 'D_high': 44.39648242927527, 'fire_exp': 1.2429193829348841, 'P_half': 351.2704726270846, 'pre_dampen_half': 0.011501973785501987, 'gpp_af': 0.0023751383317256927, 'gpp_b': 2.788681037423117, 'gpp_d': 3.0023172465753074, 'ign_k': 0.567034633562729, 'ign_c': 105.24574681335613, 'trop_agb_crit': 2.3118820898020997, 'trop_k_veg': 2.8224577471047865, 'fuel_k': 1.772261104101594, 'fuel_half': 3.7093134348291836}.
[I 2026-08-14 14:35:54,846] Trial 1101 finished with values: [-0.410941385280164, 3.488667990869665e-05] and parameters: {'k1': 0.0003713474360443033, 'D_low': 3507.515213502105, 'k2': 0.0005708731724249573, 'D_high': 316055.11434645514, 'fire_exp': 1.7973831035976209, 'P_half': 269.74113434525447, 'pre_dampen_half': 0.03426913908389044, 'gpp_af': 0.008983355849178878, 'gpp_b': 0.03103333227753725, 'gpp_d': 6.399026982042284, 'ign_k': 0.31014294272127446, 'ign_c': 0.18316165443932733, 'trop_agb_crit': 13.98132484257899, 'trop_k_veg': 2.1816482703680733, 'fuel_k': 1.6630228777630973, 'fuel_half': 52.00581729114123}.
[I 2026-08-14 14:35:56,826] Trial 1102 finished with values: [-0.4189712711916756, 0.0009103627811477555] and parameters: {'k1': 0.05554169083020911, 'D_low': 3735.16768760467, 'k2': 1.854837679096716e-05, 'D_high': 316055.11434645514, 'fire_exp': 1.2429193829348841, 'P_half': 1938.3858782150498, 'pre_dampen_half': 0.03627422119926134, 'gpp_af': 0.34902252478382495, 'gpp_b': 0.03103333227753725, 'gpp_d': 3.0023172465753074, 'ign_k': 0.567034633562729, 'ign_c': 0.3296550135838091, 'trop_agb_crit': 16.86264052240002, 'trop_k_veg': 3.4508425771776365, 'fuel_k': 1.772261104101594, 'fuel_half': 15.581254655530845}.
[I 2026-08-14 14:35:59,346] Trial 1103 finished with values: [-0.40350196576942565, 6.710085151517831e-06] and parameters: {'k1': 6.069662445477729e-05, 'D_low': 4.043300846639722, 'k2': 0.00019472216066157317, 'D_high': 13814.827557709841, 'fire_exp': 1.182396148413737, 'P_half': 7683.876502998063, 'pre_dampen_half': 0.0195172246414495, 'gpp_af': 0.0025511964576171086, 'gpp_b': 0.07311344697279921, 'gpp_d': 0.07525142212697536, 'ign_k': 0.04380580767905655, 'ign_c': 0.28778985970624854, 'trop_agb_crit': 2.3118820898020997, 'trop_k_veg': 0.6921865222804094, 'fuel_k': 5.486054129200969, 'fuel_half': 0.14319038307687884}.
[I 2026-08-14 14:36:01,253] Trial 1104 finished with values: [-0.41465110294626617, 3.7558842023166505e-06] and parameters: {'k1': 0.0004688858519834985, 'D_low': 9.222492453004657, 'k2': 1.263794633808287e-05, 'D_high': 16.752866684650684, 'fire_exp': 1.075051292556307, 'P_half': 1535.1441568398143, 'pre_dampen_half': 0.011501973785501987, 'gpp_af': 19.984738355074416, 'gpp_b': 2.788681037423117, 'gpp_d': 8.144272585223819, 'ign_k': 0.04380580767905655, 'ign_c': 105.24574681335613, 'trop_agb_crit': 2.1775224101934065, 'trop_k_veg': 0.6921865222804094, 'fuel_k': 1.6630228777630973, 'fuel_half': 3.7093134348291836}.
[I 2026-08-14 14:36:03,159] Trial 1105 finished with values: [-0.4073403060862839, 5.796822925008271e-07] and parameters: {'k1': 6.069662445477729e-05, 'D_low': 2.607160725470918, 'k2': 0.0011811772263023127, 'D_high': 625838.668783032, 'fire_exp': 1.182396148413737, 'P_half': 1866.9871096222266, 'pre_dampen_half': 0.03627422119926134, 'gpp_af': 0.0025511964576171086, 'gpp_b': 1.1728753685919104, 'gpp_d': 0.07525142212697536, 'ign_k': 0.476373748459372, 'ign_c': 0.18316165443932733, 'trop_agb_crit': 2.3118820898020997, 'trop_k_veg': 3.4508425771776365, 'fuel_k': 5.486054129200969, 'fuel_half': 15.581254655530845}.
[I 2026-08-14 14:36:05,037] Trial 1106 finished with values: [-0.5817847162673001, 0.025530304356570666] and parameters: {'k1': 0.0012329098365270509, 'D_low': 4.043300846639722, 'k2': 1.854837679096716e-05, 'D_high': 217213.00271457067, 'fire_exp': 1.6214575867079866, 'P_half': 269.74113434525447, 'pre_dampen_half': 0.10609580257119508, 'gpp_af': 0.008983355849178878, 'gpp_b': 0.00012906175696809457, 'gpp_d': 597.9617889501159, 'ign_k': 0.567034633562729, 'ign_c': 3.0378658251922155, 'trop_agb_crit': 12.090290534777825, 'trop_k_veg': 1.128469461526162, 'fuel_k': 5.486054129200969, 'fuel_half': 0.30455368715396786}.
[I 2026-08-14 14:36:06,947] Trial 1107 finished with values: [-0.43769378962963285, 0.003999791300590028] and parameters: {'k1': 0.0003713474360443033, 'D_low': 367.4904945305323, 'k2': 0.0009670857606743155, 'D_high': 316055.11434645514, 'fire_exp': 1.3224672913793163, 'P_half': 1212.4080603355412, 'pre_dampen_half': 0.03627422119926134, 'gpp_af': 0.030592049838223532, 'gpp_b': 0.00024732964314480056, 'gpp_d': 314.6826989726468, 'ign_k': 0.567034633562729, 'ign_c': 0.1864976860001822, 'trop_agb_crit': 13.98132484257899, 'trop_k_veg': 1.0540721475196824, 'fuel_k': 5.486054129200969, 'fuel_half': 15.581254655530845}.
[I 2026-08-14 14:36:08,869] Trial 1108 finished with values: [-0.4025280008774018, 1.600639475962673e-06] and parameters: {'k1': 0.0004688858519834985, 'D_low': 17660.80858015482, 'k2': 0.00010939944910100016, 'D_high': 316055.11434645514, 'fire_exp': 1.2429193829348841, 'P_half': 3910.3637457741784, 'pre_dampen_half': 0.03426913908389044, 'gpp_af': 0.0023751383317256927, 'gpp_b': 0.03103333227753725, 'gpp_d': 0.012284844784580964, 'ign_k': 0.602755130171958, 'ign_c': 15.221840161091626, 'trop_agb_crit': 13.98132484257899, 'trop_k_veg': 2.8224577471047865, 'fuel_k': 0.021123235354472927, 'fuel_half': 65.99277195883643}.
[I 2026-08-14 14:36:11,702] Trial 1109 finished with values: [-0.36796690644572655, 0.0005117326058906579] and parameters: {'k1': 0.0012329098365270509, 'D_low': 128395.48332743198, 'k2': 0.00010939944910100016, 'D_high': 316055.11434645514, 'fire_exp': 1.6214575867079866, 'P_half': 351.2704726270846, 'pre_dampen_half': 0.0195172246414495, 'gpp_af': 0.008983355849178878, 'gpp_b': 3.228689523591491e-05, 'gpp_d': 5.1227685768715014, 'ign_k': 0.03141110271934876, 'ign_c': 0.18316165443932733, 'trop_agb_crit': 2.1775224101934065, 'trop_k_veg': 3.4508425771776365, 'fuel_k': 0.021123235354472927, 'fuel_half': 0.30455368715396786}.
[I 2026-08-14 14:36:13,555] Trial 1110 finished with values: [-0.40574544782573074, 1.5620533300175765e-07] and parameters: {'k1': 0.0012329098365270509, 'D_low': 367.4904945305323, 'k2': 0.0009670857606743155, 'D_high': 316055.11434645514, 'fire_exp': 1.182396148413737, 'P_half': 7683.876502998063, 'pre_dampen_half': 0.03411860497758073, 'gpp_af': 0.0025511964576171086, 'gpp_b': 0.015382154459808445, 'gpp_d': 2.292633983096564, 'ign_k': 0.04380580767905655, 'ign_c': 105.24574681335613, 'trop_agb_crit': 2.1775224101934065, 'trop_k_veg': 2.417028380770307, 'fuel_k': 0.28630931797361614, 'fuel_half': 12.136386887218588}.
[I 2026-08-14 14:36:15,592] Trial 1111 finished with values: [-0.4478928302052436, 0.004438954543815488] and parameters: {'k1': 0.07573282902008706, 'D_low': 367.4904945305323, 'k2': 1.263794633808287e-05, 'D_high': 142222.41542049937, 'fire_exp': 1.6214575867079866, 'P_half': 149.33199578396216, 'pre_dampen_half': 0.03411860497758073, 'gpp_af': 0.34902252478382495, 'gpp_b': 0.03103333227753725, 'gpp_d': 3.0023172465753074, 'ign_k': 0.567034633562729, 'ign_c': 0.3296550135838091, 'trop_agb_crit': 2.447085645036977, 'trop_k_veg': 1.128469461526162, 'fuel_k': 1.772261104101594, 'fuel_half': 0.30455368715396786}.
[I 2026-08-14 14:36:17,457] Trial 1112 finished with values: [-0.42267993020468336, 0.00012143991864033143] and parameters: {'k1': 1.8595266457134027e-05, 'D_low': 14787.382840410779, 'k2': 0.00010939944910100016, 'D_high': 316055.11434645514, 'fire_exp': 1.2429193829348841, 'P_half': 351.2704726270846, 'pre_dampen_half': 0.10609580257119508, 'gpp_af': 0.0023751383317256927, 'gpp_b': 3.228689523591491e-05, 'gpp_d': 2.292633983096564, 'ign_k': 0.04380580767905655, 'ign_c': 105.24574681335613, 'trop_agb_crit': 2.1775224101934065, 'trop_k_veg': 3.4508425771776365, 'fuel_k': 0.010340193296440528, 'fuel_half': 12.136386887218588}.
[I 2026-08-14 14:36:19,873] Trial 1113 finished with values: [-0.40774052945943895, 3.450118142145353e-05] and parameters: {'k1': 0.0004688858519834985, 'D_low': 4.043300846639722, 'k2': 0.00010939944910100016, 'D_high': 16.752866684650684, 'fire_exp': 1.2429193829348841, 'P_half': 351.2704726270846, 'pre_dampen_half': 0.10609580257119508, 'gpp_af': 0.008983355849178878, 'gpp_b': 0.00012906175696809457, 'gpp_d': 8.144272585223819, 'ign_k': 0.04380580767905655, 'ign_c': 105.24574681335613, 'trop_agb_crit': 5.881906289439389, 'trop_k_veg': 1.128469461526162, 'fuel_k': 1.6630228777630973, 'fuel_half': 3.7093134348291836}.
[I 2026-08-14 14:36:21,691] Trial 1114 finished with values: [-0.5920041480535181, 0.055394717141428296] and parameters: {'k1': 0.0012329098365270509, 'D_low': 4.043300846639722, 'k2': 1.854837679096716e-05, 'D_high': 316055.11434645514, 'fire_exp': 1.2070502372556005, 'P_half': 351.2704726270846, 'pre_dampen_half': 0.10609580257119508, 'gpp_af': 0.008983355849178878, 'gpp_b': 0.00024732964314480056, 'gpp_d': 314.6826989726468, 'ign_k': 0.28298168613109503, 'ign_c': 3.0378658251922155, 'trop_agb_crit': 12.090290534777825, 'trop_k_veg': 1.128469461526162, 'fuel_k': 5.486054129200969, 'fuel_half': 0.30455368715396786}.
[I 2026-08-14 14:36:23,591] Trial 1115 finished with values: [-0.4148285719375056, 1.6998566452208763e-06] and parameters: {'k1': 0.0004688858519834985, 'D_low': 3507.515213502105, 'k2': 0.0005708731724249573, 'D_high': 316055.11434645514, 'fire_exp': 1.2429193829348841, 'P_half': 269.74113434525447, 'pre_dampen_half': 0.03627422119926134, 'gpp_af': 0.030007090451279302, 'gpp_b': 2.788681037423117, 'gpp_d': 0.07525142212697536, 'ign_k': 0.567034633562729, 'ign_c': 15.221840161091626, 'trop_agb_crit': 13.98132484257899, 'trop_k_veg': 1.0540721475196824, 'fuel_k': 0.18759812799043146, 'fuel_half': 15.581254655530845}.
[I 2026-08-14 14:36:25,497] Trial 1116 finished with values: [-0.46600267991791827, 0.15095417810961476] and parameters: {'k1': 0.0010204225357677778, 'D_low': 4.043300846639722, 'k2': 0.00010939944910100016, 'D_high': 160625.60954780428, 'fire_exp': 1.6214575867079866, 'P_half': 351.2704726270846, 'pre_dampen_half': 11.886796841435256, 'gpp_af': 0.34902252478382495, 'gpp_b': 0.00012906175696809457, 'gpp_d': 2.6514377522418138, 'ign_k': 0.004603606140283047, 'ign_c': 0.19678273362633986, 'trop_agb_crit': 13.98132484257899, 'trop_k_veg': 1.128469461526162, 'fuel_k': 1.6460650207153917, 'fuel_half': 8.115041565366717}.
[I 2026-08-14 14:36:27,421] Trial 1117 finished with values: [-0.3554625854118624, 0.0] and parameters: {'k1': 1.0477226564098276e-05, 'D_low': 9.222492453004657, 'k2': 1.263794633808287e-05, 'D_high': 316055.11434645514, 'fire_exp': 8.824663358577489, 'P_half': 269.74113434525447, 'pre_dampen_half': 0.10609580257119508, 'gpp_af': 0.030007090451279302, 'gpp_b': 2.788681037423117, 'gpp_d': 314.6826989726468, 'ign_k': 0.567034633562729, 'ign_c': 105.24574681335613, 'trop_agb_crit': 13.98132484257899, 'trop_k_veg': 0.6921865222804094, 'fuel_k': 1.6630228777630973, 'fuel_half': 12.136386887218588}.
[I 2026-08-14 14:36:30,076] Trial 1118 finished with values: [-0.3554625854118624, 0.0] and parameters: {'k1': 0.0012329098365270509, 'D_low': 4.043300846639722, 'k2': 0.0005708731724249573, 'D_high': 316055.11434645514, 'fire_exp': 1.6214575867079866, 'P_half': 269.74113434525447, 'pre_dampen_half': 0.15144408538724474, 'gpp_af': 0.0025511964576171086, 'gpp_b': 0.00024732964314480056, 'gpp_d': 2.292633983096564, 'ign_k': 0.567034633562729, 'ign_c': 105.24574681335613, 'trop_agb_crit': 13.98132484257899, 'trop_k_veg': 1.0540721475196824, 'fuel_k': 2.2980535316449786, 'fuel_half': 10.013658413533488}.
[I 2026-08-14 14:36:31,959] Trial 1119 finished with values: [-0.4177848057796121, 4.193044729539075e-06] and parameters: {'k1': 1.8595266457134027e-05, 'D_low': 128395.48332743198, 'k2': 0.00010939944910100016, 'D_high': 316055.11434645514, 'fire_exp': 1.2429193829348841, 'P_half': 1938.3858782150498, 'pre_dampen_half': 0.0195172246414495, 'gpp_af': 0.0023751383317256927, 'gpp_b': 0.00017826376967587887, 'gpp_d': 2.292633983096564, 'ign_k': 0.03141110271934876, 'ign_c': 105.24574681335613, 'trop_agb_crit': 2.1775224101934065, 'trop_k_veg': 3.4508425771776365, 'fuel_k': 5.486054129200969, 'fuel_half': 15.581254655530845}.
[I 2026-08-14 14:36:33,865] Trial 1120 finished with values: [-0.4423949368016175, 0.0030242016993700105] and parameters: {'k1': 0.0012329098365270509, 'D_low': 10330.801667725173, 'k2': 0.0005708731724249573, 'D_high': 316055.11434645514, 'fire_exp': 1.6214575867079866, 'P_half': 351.2704726270846, 'pre_dampen_half': 0.03426913908389044, 'gpp_af': 0.008983355849178878, 'gpp_b': 0.00024732964314480056, 'gpp_d': 314.6826989726468, 'ign_k': 0.567034633562729, 'ign_c': 3.0378658251922155, 'trop_agb_crit': 13.98132484257899, 'trop_k_veg': 1.0540721475196824, 'fuel_k': 1.6460650207153917, 'fuel_half': 0.30455368715396786}.
[I 2026-08-14 14:36:35,793] Trial 1121 finished with values: [-0.3705447058077128, 1.003308547353754e-11] and parameters: {'k1': 0.0004688858519834985, 'D_low': 367.4904945305323, 'k2': 1.263794633808287e-05, 'D_high': 44.39648242927527, 'fire_exp': 1.2429193829348841, 'P_half': 48.464976792190825, 'pre_dampen_half': 0.011501973785501987, 'gpp_af': 0.0023751383317256927, 'gpp_b': 2.788681037423117, 'gpp_d': 8.144272585223819, 'ign_k': 0.04380580767905655, 'ign_c': 105.24574681335613, 'trop_agb_crit': 2.1775224101934065, 'trop_k_veg': 2.8224577471047865, 'fuel_k': 0.06382243375381637, 'fuel_half': 3.7093134348291836}.
[I 2026-08-14 14:36:37,652] Trial 1122 finished with values: [-0.41377605647644167, 0.000196729079257274] and parameters: {'k1': 0.0007066140101361139, 'D_low': 4.043300846639722, 'k2': 0.00019472216066157317, 'D_high': 625838.668783032, 'fire_exp': 1.2429193829348841, 'P_half': 1866.9871096222266, 'pre_dampen_half': 0.03627422119926134, 'gpp_af': 0.008983355849178878, 'gpp_b': 0.07311344697279921, 'gpp_d': 1.145058586925208, 'ign_k': 0.04380580767905655, 'ign_c': 0.18316165443932733, 'trop_agb_crit': 2.3118820898020997, 'trop_k_veg': 3.4508425771776365, 'fuel_k': 5.486054129200969, 'fuel_half': 0.14319038307687884}.
