[I 2026-08-19 17:50:43,876] Trial 1768 finished with value: 0.5127238691079876 and parameters: {'k1': 0.004469803007176841, 'D_low': 2.907250828037508, 'k2': 0.0002702510866355281, 'D_high': 2293709.547023793, 'fire_exp': 7.807921561906931, 'P_half': 3.2477013118137767, 'pre_dampen_half': 0.2379453821147508, 'gpp_af': 0.037490177194576986, 'gpp_b': 0.0005147222834820586, 'gpp_d': 551.8459306957287, 'ign_k': 0.16808551513329215, 'ign_c': 1.3725779695665727, 'trop_agb_crit': 25.668109716911207, 'trop_k_veg': 1.9964040009762052, 'pop_amp': 0.002723879636726098, 'pop_peak': 0.8366488714327829, 'pop_sig': 0.34644247190311883, 'fuel_k': 1.119563435635187, 'fuel_half': 0.17108897198776918}. Best is trial 1622 with value: -0.6125870653324885.
  trial 1769/2500  best_overall=0.6126  (52.3 min)
[I 2026-08-19 17:50:46,469] Trial 1769 finished with value: 0.5216998830124375 and parameters: {'k1': 0.006036700140993346, 'D_low': 41.72963835340102, 'k2': 0.00044658856113753085, 'D_high': 99369.73062861373, 'fire_exp': 1.522106359506116, 'P_half': 1140.4485927421606, 'pre_dampen_half': 0.9275997135988052, 'gpp_af': 0.018462037049197196, 'gpp_b': 0.015819457808446027, 'gpp_d': 35.05329610510147, 'ign_k': 4.451091840477438, 'ign_c': 0.7819861448039527, 'trop_agb_crit': 14.025855396218821, 'trop_k_veg': 5.188931324980239, 'pop_amp': 1.0742747120676224, 'pop_peak': 0.07504617180407322, 'pop_sig': 0.7534448205279793, 'fuel_k': 2.090067526919959, 'fuel_half': 0.14394601589797643}. Best is trial 1622 with value: -0.6125870653324885.
[I 2026-08-19 17:50:48,594] Trial 1770 finished with value: 0.6445374145881376 and parameters: {'k1': 0.03187808798208263, 'D_low': 234.9655227429839, 'k2': 0.06076587631570124, 'D_high': 164996.05834254783, 'fire_exp': 3.2685967045472752, 'P_half': 5.118082890069201, 'pre_dampen_half': 146.48337885113767, 'gpp_af': 0.00576193432083512, 'gpp_b': 1.4523641097257988e-05, 'gpp_d': 256.446872947553, 'ign_k': 2.3589035235205844, 'ign_c': 133.30772797984562, 'trop_agb_crit': 6.3587262819429835, 'trop_k_veg': 1.6726329402872804, 'pop_amp': 0.0441732220716608, 'pop_peak': 76.3952887967452, 'pop_sig': 1.2650253807937628, 'fuel_k': 0.06089900160567182, 'fuel_half': 0.17741765539926482}. Best is trial 1622 with value: -0.6125870653324885.
[I 2026-08-19 17:50:50,736] Trial 1771 finished with value: 0.603083211774816 and parameters: {'k1': 0.005275931032939268, 'D_low': 3700.1019847360753, 'k2': 0.0010799655648422383, 'D_high': 6909.1479730688, 'fire_exp': 3.59987369691847, 'P_half': 2.0919607345600904, 'pre_dampen_half': 1.2470863104380534, 'gpp_af': 0.00448548033796422, 'gpp_b': 0.009295228916717132, 'gpp_d': 235.9107484289433, 'ign_k': 0.09282966963119163, 'ign_c': 0.25907551142381086, 'trop_agb_crit': 2.4851121068307704, 'trop_k_veg': 1.3368411703036291, 'pop_amp': 2.4404765557329458, 'pop_peak': 4.4800685831718114, 'pop_sig': 0.5336792884317618, 'fuel_k': 0.19391492819427647, 'fuel_half': 2.65005982089976}. Best is trial 1622 with value: -0.6125870653324885.
[I 2026-08-19 17:50:52,836] Trial 1772 finished with value: 0.4473302738882011 and parameters: {'k1': 0.028579873385709033, 'D_low': 88.78412670014457, 'k2': 5.221605104089131e-05, 'D_high': 2095772.8475595536, 'fire_exp': 1.153937274886173, 'P_half': 17.010397179912058, 'pre_dampen_half': 0.05777664734668055, 'gpp_af': 0.021918385867837707, 'gpp_b': 0.00028125774893381853, 'gpp_d': 166.5917792120574, 'ign_k': 0.408605002827747, 'ign_c': 21.7473335092231, 'trop_agb_crit': 11.128030145430117, 'trop_k_veg': 7.9127470411636285, 'pop_amp': 0.002265072197747229, 'pop_peak': 0.28433822585203844, 'pop_sig': 0.6319682457641213, 'fuel_k': 3.10211132581845, 'fuel_half': 0.3670437797925254}. Best is trial 1622 with value: -0.6125870653324885.
[I 2026-08-19 17:50:54,938] Trial 1773 finished with value: 0.5446388881443779 and parameters: {'k1': 0.001222505604137774, 'D_low': 25.56740935590988, 'k2': 0.015688232213162328, 'D_high': 1438150.9003003268, 'fire_exp': 1.3323130439336575, 'P_half': 121.71995492924266, 'pre_dampen_half': 0.12918945855034658, 'gpp_af': 0.2577797571859182, 'gpp_b': 0.0058336687814043095, 'gpp_d': 5.50646793778799, 'ign_k': 0.03499452311386489, 'ign_c': 2.050349640917102, 'trop_agb_crit': 9.661472822295561, 'trop_k_veg': 0.6625092179366604, 'pop_amp': 0.09207957531312085, 'pop_peak': 0.16901815346264387, 'pop_sig': 1.7212275132689512, 'fuel_k': 0.2873051654011306, 'fuel_half': 17.03233691688951}. Best is trial 1622 with value: -0.6125870653324885.
[I 2026-08-19 17:50:57,087] Trial 1774 finished with value: 0.571164591877169 and parameters: {'k1': 0.025724104276107367, 'D_low': 4.600172985732484, 'k2': 0.0020418627268768133, 'D_high': 8315828.69802675, 'fire_exp': 2.405342141331959, 'P_half': 19.7543831341726, 'pre_dampen_half': 2.426150754016479, 'gpp_af': 0.0017745215087308147, 'gpp_b': 0.0011816889097900013, 'gpp_d': 14.229352615089413, 'ign_k': 0.03733638089034839, 'ign_c': 1.0681115178922589, 'trop_agb_crit': 8.067651912626728, 'trop_k_veg': 6.973797874115302, 'pop_amp': 0.016411657686248186, 'pop_peak': 0.423119165866372, 'pop_sig': 0.5353870850117386, 'fuel_k': 0.18290287119851992, 'fuel_half': 0.17536601043706632}. Best is trial 1622 with value: -0.6125870653324885.
[I 2026-08-19 17:50:59,279] Trial 1775 finished with value: 0.5339758707032322 and parameters: {'k1': 0.006128187638267863, 'D_low': 24.175727535124246, 'k2': 0.0006637404843885065, 'D_high': 341980.59387922037, 'fire_exp': 1.3602549718598524, 'P_half': 7.21877370351108, 'pre_dampen_half': 0.10937714520993883, 'gpp_af': 0.013541911773930333, 'gpp_b': 0.009477134542995973, 'gpp_d': 808.9846741038398, 'ign_k': 2.204090106043368, 'ign_c': 0.5655780111771527, 'trop_agb_crit': 23.595252448385786, 'trop_k_veg': 4.555773354615991, 'pop_amp': 0.9282389737379059, 'pop_peak': 2.8536691989574217, 'pop_sig': 0.3380479419616151, 'fuel_k': 0.28780984845354607, 'fuel_half': 1.3222715861139454}. Best is trial 1622 with value: -0.6125870653324885.
[I 2026-08-19 17:51:01,400] Trial 1776 finished with value: 0.5959232106814114 and parameters: {'k1': 0.0008913701476968656, 'D_low': 11013.605836619407, 'k2': 0.00042170512208168425, 'D_high': 7234.679109892931, 'fire_exp': 2.7035723475033935, 'P_half': 66.77183915886178, 'pre_dampen_half': 15.9893493434614, 'gpp_af': 0.5644516617445813, 'gpp_b': 0.0001417241205889435, 'gpp_d': 12.260609156705982, 'ign_k': 2.158974053112881, 'ign_c': 0.12195971018374674, 'trop_agb_crit': 3.8214443808508047, 'trop_k_veg': 1.919485844075493, 'pop_amp': 0.020906070442077245, 'pop_peak': 12.127286358166213, 'pop_sig': 0.5045834975249066, 'fuel_k': 0.013981349446050728, 'fuel_half': 0.3614222930113134}. Best is trial 1622 with value: -0.6125870653324885.
[I 2026-08-19 17:51:03,548] Trial 1777 finished with value: 0.4756003799290285 and parameters: {'k1': 0.0016490158062977696, 'D_low': 1793.9010159754614, 'k2': 0.0001921610476677337, 'D_high': 8827100.963001758, 'fire_exp': 1.7638820278591405, 'P_half': 4.62128237735043, 'pre_dampen_half': 4.761600500199795, 'gpp_af': 0.017173718749062865, 'gpp_b': 0.007867238766685419, 'gpp_d': 458.5477731883285, 'ign_k': 0.236771233483503, 'ign_c': 0.8762858313450904, 'trop_agb_crit': 9.70568827091815, 'trop_k_veg': 0.9408301576040441, 'pop_amp': 0.04194351005740348, 'pop_peak': 2.8059668553533337, 'pop_sig': 0.4511122368968454, 'fuel_k': 0.23569340504248085, 'fuel_half': 0.14435074589640173}. Best is trial 1622 with value: -0.6125870653324885.
[I 2026-08-19 17:51:05,656] Trial 1778 finished with value: 0.6445374145881376 and parameters: {'k1': 2.8983760578913442e-05, 'D_low': 1.5346337221361448, 'k2': 0.027348320952878133, 'D_high': 38467.92695259422, 'fire_exp': 1.4628444968182714, 'P_half': 28.242107874746875, 'pre_dampen_half': 10.625728765841181, 'gpp_af': 0.010683700452284221, 'gpp_b': 0.00012213719684318376, 'gpp_d': 111.56329759751479, 'ign_k': 1.136395349664357, 'ign_c': 162.2509285642941, 'trop_agb_crit': 1.0402949072827283, 'trop_k_veg': 2.4312250935921416, 'pop_amp': 0.12317805140498611, 'pop_peak': 10.229318805576758, 'pop_sig': 1.8346682873815874, 'fuel_k': 0.026230721734523017, 'fuel_half': 0.1829763630914771}. Best is trial 1622 with value: -0.6125870653324885.
  trial 1779/2500  best_overall=0.6126  (52.7 min)
[I 2026-08-19 17:51:08,492] Trial 1779 finished with value: -0.5870903436524251 and parameters: {'k1': 0.028322696549999374, 'D_low': 2.8686811189810038, 'k2': 0.010482981016022847, 'D_high': 796330.2087573011, 'fire_exp': 2.0036447442707446, 'P_half': 2.4245869329751533, 'pre_dampen_half': 3.52643588009206, 'gpp_af': 0.22460492692246892, 'gpp_b': 0.037481107290677176, 'gpp_d': 379.28995785910644, 'ign_k': 5.08012103184007, 'ign_c': 13.285921390587367, 'trop_agb_crit': 13.426979939767095, 'trop_k_veg': 2.5654720637598816, 'pop_amp': 0.004412286649363517, 'pop_peak': 1.0099425357534262, 'pop_sig': 0.6086858246386843, 'fuel_k': 0.8884240784408757, 'fuel_half': 2.545838881365308}. Best is trial 1622 with value: -0.6125870653324885.
[I 2026-08-19 17:51:10,627] Trial 1780 finished with value: 0.6445374145881376 and parameters: {'k1': 2.0085142471285242e-05, 'D_low': 3.6694370389865654, 'k2': 0.008280126632638909, 'D_high': 5481514.427346479, 'fire_exp': 2.878693711556442, 'P_half': 71.03431310201219, 'pre_dampen_half': 0.42239759907763336, 'gpp_af': 0.008318013588422808, 'gpp_b': 2.2258005931073096e-05, 'gpp_d': 22.910183838450614, 'ign_k': 3.03467541405987, 'ign_c': 458.38002219150974, 'trop_agb_crit': 1.8266132970695068, 'trop_k_veg': 3.109523715693427, 'pop_amp': 0.013803625549623475, 'pop_peak': 6.3490551857370585, 'pop_sig': 0.7004255886817295, 'fuel_k': 0.0746753170852139, 'fuel_half': 1.844376415975016}. Best is trial 1622 with value: -0.6125870653324885.
[I 2026-08-19 17:51:12,798] Trial 1781 finished with value: 0.6109488919859765 and parameters: {'k1': 0.03568506637737604, 'D_low': 161.45631102689612, 'k2': 2.8976825404413287e-05, 'D_high': 101451.3347345486, 'fire_exp': 1.3104718386968788, 'P_half': 8996.996252599023, 'pre_dampen_half': 10.895154628939029, 'gpp_af': 0.011562052205909834, 'gpp_b': 0.1140982174091897, 'gpp_d': 22.174154140805104, 'ign_k': 5.576078933543018, 'ign_c': 0.43450852766791936, 'trop_agb_crit': 2.1633540306836707, 'trop_k_veg': 4.380116780095817, 'pop_amp': 11.230145157033832, 'pop_peak': 428.08488318115445, 'pop_sig': 0.5565601196267556, 'fuel_k': 0.45157581046694695, 'fuel_half': 28.61397965344956}. Best is trial 1622 with value: -0.6125870653324885.
[I 2026-08-19 17:51:14,735] Trial 1782 finished with value: 0.5451094541685045 and parameters: {'k1': 0.0008261874145292986, 'D_low': 28.637656281566585, 'k2': 0.008455811904040654, 'D_high': 981506.6477209306, 'fire_exp': 4.3356019544202224, 'P_half': 6.520894579659293, 'pre_dampen_half': 11.719597870905545, 'gpp_af': 0.46554726487858605, 'gpp_b': 3.8813988793240994e-05, 'gpp_d': 742.6946132480625, 'ign_k': 0.006263675419278361, 'ign_c': 1.8175062109162734, 'trop_agb_crit': 24.18674025173728, 'trop_k_veg': 2.8838803809026636, 'pop_amp': 0.004023356760297201, 'pop_peak': 0.1291862062810208, 'pop_sig': 0.5597634032218114, 'fuel_k': 4.0231125950802396, 'fuel_half': 0.22722796946385748}. Best is trial 1622 with value: -0.6125870653324885.
[I 2026-08-19 17:51:16,809] Trial 1783 finished with value: 0.5445923446441061 and parameters: {'k1': 0.0038323294688039798, 'D_low': 1.4152527038605038, 'k2': 0.002250179917971454, 'D_high': 102467.90629198722, 'fire_exp': 1.7578914019386191, 'P_half': 139.74451619341679, 'pre_dampen_half': 0.011236308046720484, 'gpp_af': 0.04440536363540647, 'gpp_b': 0.015884837654526435, 'gpp_d': 7.1175388197529355, 'ign_k': 1.6235462660041755, 'ign_c': 3.4366022567475074, 'trop_agb_crit': 9.501639656754696, 'trop_k_veg': 0.8488794126443955, 'pop_amp': 4.469690590495331, 'pop_peak': 3.437758991511404, 'pop_sig': 0.30404633629241434, 'fuel_k': 0.16451549868966192, 'fuel_half': 0.15990380255565453}. Best is trial 1622 with value: -0.6125870653324885.
[I 2026-08-19 17:51:18,955] Trial 1784 finished with value: 0.5023237467350791 and parameters: {'k1': 0.002906180821270017, 'D_low': 19.976504918172942, 'k2': 0.0004576591746900764, 'D_high': 1017122.6983615531, 'fire_exp': 2.575958427902969, 'P_half': 1.0972100313984632, 'pre_dampen_half': 0.15486455275137578, 'gpp_af': 0.08200998632360362, 'gpp_b': 0.001238308556195186, 'gpp_d': 6.298894678038631, 'ign_k': 4.962213962289565, 'ign_c': 2.646050254434709, 'trop_agb_crit': 18.641197369272607, 'trop_k_veg': 2.378046336894311, 'pop_amp': 0.001338963877488848, 'pop_peak': 0.2146876271103518, 'pop_sig': 1.061580915673604, 'fuel_k': 0.2653117620145644, 'fuel_half': 7.61003476841296}. Best is trial 1622 with value: -0.6125870653324885.
[I 2026-08-19 17:51:21,130] Trial 1785 finished with value: -0.532340970857345 and parameters: {'k1': 0.0426846168338189, 'D_low': 7.4443285469944795, 'k2': 0.007744144679454689, 'D_high': 708669.7623384311, 'fire_exp': 5.59040899310464, 'P_half': 10.923969812022202, 'pre_dampen_half': 38.99584362036149, 'gpp_af': 0.022593814691433237, 'gpp_b': 0.008277246508999971, 'gpp_d': 144.62586130416662, 'ign_k': 0.20998657310851426, 'ign_c': 0.5279624756659124, 'trop_agb_crit': 25.154853758783478, 'trop_k_veg': 0.8142807325129624, 'pop_amp': 0.1120928333007821, 'pop_peak': 6.9509808940623925, 'pop_sig': 0.5756653791917938, 'fuel_k': 0.8211037090878278, 'fuel_half': 0.5000210527775628}. Best is trial 1622 with value: -0.6125870653324885.
[I 2026-08-19 17:51:23,352] Trial 1786 finished with value: 0.4137235138821763 and parameters: {'k1': 0.038622915892440046, 'D_low': 52.027586224345214, 'k2': 0.005459562975571683, 'D_high': 73766.73912938783, 'fire_exp': 1.4802609750872295, 'P_half': 175.12093635024806, 'pre_dampen_half': 13.069434479841005, 'gpp_af': 0.00287965872898733, 'gpp_b': 5.8224521181518865e-05, 'gpp_d': 31.005217916984385, 'ign_k': 1.6965446677753755, 'ign_c': 15.419686803677921, 'trop_agb_crit': 5.4334944287272124, 'trop_k_veg': 4.00366483511673, 'pop_amp': 0.004010517296425978, 'pop_peak': 0.3627108002514103, 'pop_sig': 0.49247020521308604, 'fuel_k': 0.6332734507679181, 'fuel_half': 15.13367520667672}. Best is trial 1622 with value: -0.6125870653324885.
[I 2026-08-19 17:51:25,489] Trial 1787 finished with value: 0.5098084431247852 and parameters: {'k1': 0.024514160607766962, 'D_low': 2.9789793154055153, 'k2': 1.9183778282357265e-05, 'D_high': 211514.00944350625, 'fire_exp': 3.632687097337379, 'P_half': 2.174825448278874, 'pre_dampen_half': 0.1089456169564497, 'gpp_af': 0.008173393389665782, 'gpp_b': 7.079126658442522e-05, 'gpp_d': 234.9449008645214, 'ign_k': 5.863985296392851, 'ign_c': 3.588019216893935, 'trop_agb_crit': 3.879285835792965, 'trop_k_veg': 3.7192715090926947, 'pop_amp': 0.00321675021270034, 'pop_peak': 18.23639909406772, 'pop_sig': 0.7078901735022135, 'fuel_k': 1.5878497455882483, 'fuel_half': 1.1322353596230519}. Best is trial 1622 with value: -0.6125870653324885.
[I 2026-08-19 17:51:27,565] Trial 1788 finished with value: 0.47938578411923005 and parameters: {'k1': 0.05585486497435152, 'D_low': 1.2221469380124583, 'k2': 0.008031358735680932, 'D_high': 8786768.259283757, 'fire_exp': 6.294706419576507, 'P_half': 2.1035048960825597, 'pre_dampen_half': 40.86975588456142, 'gpp_af': 0.053106881310504284, 'gpp_b': 2.7691411019221828e-05, 'gpp_d': 447.95590380136576, 'ign_k': 0.07622610551701083, 'ign_c': 0.6455081766228858, 'trop_agb_crit': 19.64235727969252, 'trop_k_veg': 4.258747751540699, 'pop_amp': 0.0010902076524457803, 'pop_peak': 0.8589192260147612, 'pop_sig': 0.5496309709308894, 'fuel_k': 4.579750713443086, 'fuel_half': 0.11869810627194063}. Best is trial 1622 with value: -0.6125870653324885.
  trial 1789/2500  best_overall=0.6126  (53.1 min)
[I 2026-08-19 17:51:30,248] Trial 1789 finished with value: 0.5013550987949611 and parameters: {'k1': 0.04499343046514257, 'D_low': 27.46135311616269, 'k2': 0.0040780854831156624, 'D_high': 8433635.562287247, 'fire_exp': 1.1630364111415934, 'P_half': 3446.6643732496773, 'pre_dampen_half': 31.161454570422688, 'gpp_af': 0.0019959417480837714, 'gpp_b': 0.0006670122714396374, 'gpp_d': 8.064855109808597, 'ign_k': 1.094677965645888, 'ign_c': 12.742964548055987, 'trop_agb_crit': 3.9911839297855933, 'trop_k_veg': 4.262661326493991, 'pop_amp': 0.0047154474082887, 'pop_peak': 0.26209083937298033, 'pop_sig': 0.4300146215123366, 'fuel_k': 1.2180419216180216, 'fuel_half': 0.8536393418476693}. Best is trial 1622 with value: -0.6125870653324885.
[I 2026-08-19 17:51:32,362] Trial 1790 finished with value: 0.570670678450966 and parameters: {'k1': 3.777344647292232e-05, 'D_low': 23.14806808463816, 'k2': 0.004957743191205339, 'D_high': 4969489.68208362, 'fire_exp': 2.7347562240471532, 'P_half': 66.60343161460584, 'pre_dampen_half': 134.06344472400085, 'gpp_af': 0.06654994284159255, 'gpp_b': 1.549456952863478e-05, 'gpp_d': 7.808142937315184, 'ign_k': 0.2279823299050562, 'ign_c': 25.788896390390107, 'trop_agb_crit': 1.3575791294481756, 'trop_k_veg': 0.7405811910901904, 'pop_amp': 0.04073068023783776, 'pop_peak': 1.4119616430857618, 'pop_sig': 1.4736856865688006, 'fuel_k': 0.027994479792615518, 'fuel_half': 0.26733882648912205}. Best is trial 1622 with value: -0.6125870653324885.
[I 2026-08-19 17:51:34,522] Trial 1791 finished with value: 0.6445374145881376 and parameters: {'k1': 0.002357658700769492, 'D_low': 141.22853337691498, 'k2': 0.0013650638742494646, 'D_high': 879467.0706851111, 'fire_exp': 1.3828382482692816, 'P_half': 66.05588843450833, 'pre_dampen_half': 1.186496994366439, 'gpp_af': 0.015742485340347584, 'gpp_b': 0.002296284636796764, 'gpp_d': 46.588280200774996, 'ign_k': 0.8924100346258556, 'ign_c': 64.64923084422762, 'trop_agb_crit': 2.4949922217343623, 'trop_k_veg': 7.831398398852798, 'pop_amp': 0.001184666989774076, 'pop_peak': 1.1203488694858645, 'pop_sig': 0.38925458166681765, 'fuel_k': 3.3966244721317795, 'fuel_half': 3.853459094583565}. Best is trial 1622 with value: -0.6125870653324885.
[I 2026-08-19 17:51:36,600] Trial 1792 finished with value: 0.539386722485364 and parameters: {'k1': 0.001059732104351914, 'D_low': 36808.087083291546, 'k2': 0.02340364477528851, 'D_high': 1279244.774819789, 'fire_exp': 2.1604663748147, 'P_half': 37.00254429053511, 'pre_dampen_half': 1.0898715747972683, 'gpp_af': 0.02105241199118404, 'gpp_b': 0.0005480805996537306, 'gpp_d': 5.535426051998307, 'ign_k': 6.192186273067861, 'ign_c': 0.9049433542420304, 'trop_agb_crit': 26.723276014228816, 'trop_k_veg': 3.194523910425585, 'pop_amp': 0.31350323759529336, 'pop_peak': 0.25160141529377766, 'pop_sig': 0.514244304223352, 'fuel_k': 2.634114510503074, 'fuel_half': 0.6574286425287337}. Best is trial 1622 with value: -0.6125870653324885.
[I 2026-08-19 17:51:38,708] Trial 1793 finished with value: 0.614026930587923 and parameters: {'k1': 0.026097500678770116, 'D_low': 6.190364052458592, 'k2': 0.0030842622505509666, 'D_high': 498749.07144784136, 'fire_exp': 9.087462111578514, 'P_half': 9.397790061445223, 'pre_dampen_half': 13.718158709310634, 'gpp_af': 0.004713205524758052, 'gpp_b': 0.006776995532539767, 'gpp_d': 495.6714293308457, 'ign_k': 0.02412630881967027, 'ign_c': 0.1897662953277972, 'trop_agb_crit': 28.870866954940713, 'trop_k_veg': 1.515636551763861, 'pop_amp': 0.4526159335047907, 'pop_peak': 1.182765748157611, 'pop_sig': 0.5786356919579142, 'fuel_k': 0.3378821362277862, 'fuel_half': 0.11757314316796709}. Best is trial 1622 with value: -0.6125870653324885.
[I 2026-08-19 17:51:40,712] Trial 1794 finished with value: 0.6137183755788755 and parameters: {'k1': 0.0005089536697833215, 'D_low': 2246.670471470744, 'k2': 0.002669678664555589, 'D_high': 9627182.098495796, 'fire_exp': 1.147994666640506, 'P_half': 843.9833245900732, 'pre_dampen_half': 758.5322138256365, 'gpp_af': 0.2164217849801423, 'gpp_b': 0.00011151222765385101, 'gpp_d': 107.57202479588327, 'ign_k': 0.7145292511163384, 'ign_c': 34.289764770182586, 'trop_agb_crit': 17.05969425074406, 'trop_k_veg': 3.5629423363139874, 'pop_amp': 0.004763931959696765, 'pop_peak': 24.199525108439165, 'pop_sig': 0.822964087503117, 'fuel_k': 0.2852341962497867, 'fuel_half': 0.40785492455634714}. Best is trial 1622 with value: -0.6125870653324885.
[I 2026-08-19 17:51:42,753] Trial 1795 finished with value: 0.4636197242374618 and parameters: {'k1': 0.008971823187283715, 'D_low': 830.5027200750355, 'k2': 0.0006615952749870548, 'D_high': 383921.94170963834, 'fire_exp': 1.77445992147245, 'P_half': 1.731168192048986, 'pre_dampen_half': 0.176460684592106, 'gpp_af': 0.23343918100009728, 'gpp_b': 0.07026972565240425, 'gpp_d': 853.9230078671638, 'ign_k': 0.8784070283428499, 'ign_c': 5.468487095710478, 'trop_agb_crit': 4.110614599062994, 'trop_k_veg': 2.230234490791323, 'pop_amp': 1.2599625101390712, 'pop_peak': 3.4533570266392317, 'pop_sig': 1.2044225664737707, 'fuel_k': 0.17501346599869036, 'fuel_half': 0.4392485549082605}. Best is trial 1622 with value: -0.6125870653324885.
[I 2026-08-19 17:51:44,751] Trial 1796 finished with value: 0.4543105794668272 and parameters: {'k1': 0.00037323744203694514, 'D_low': 8450.20158293169, 'k2': 0.0023378122444900422, 'D_high': 8291778.225149171, 'fire_exp': 2.980326470003404, 'P_half': 132.6645913010487, 'pre_dampen_half': 195.5685198268832, 'gpp_af': 1.0785920853266597, 'gpp_b': 3.561636255494875e-05, 'gpp_d': 7.095562943155145, 'ign_k': 0.33098136443604204, 'ign_c': 0.3039784417352651, 'trop_agb_crit': 11.742298355964971, 'trop_k_veg': 1.8508651191292025, 'pop_amp': 0.5380078532058722, 'pop_peak': 180.7083089174269, 'pop_sig': 0.747592015078243, 'fuel_k': 0.022243554551578316, 'fuel_half': 0.141022926809439}. Best is trial 1622 with value: -0.6125870653324885.
