[I 2026-08-19 15:38:13,733] Trial 1275 finished with value: -0.4441753444990203 and parameters: {'k1': 0.0026527375637451266, 'D_low': 6307.5725953708925, 'k2': 0.024289142503344734, 'D_high': 3793590.805814571, 'fire_exp': 2.448497153480657, 'P_half': 14.576499549561145, 'pre_dampen_half': 0.8981620901377605, 'gpp_af': 0.011635255187867653, 'gpp_b': 0.014264279946856851, 'gpp_d': 10.21572606838102, 'ign_k': 4.156141379625008, 'ign_c': 0.25491824339733776, 'trop_agb_crit': 28.383012080753616, 'trop_k_veg': 2.598204426522257, 'pop_amp': 0.002771327999650925, 'pop_peak': 2.1365997593111037, 'pop_sig': 0.3190759870466254, 'fuel_k': 3.8326316384294916, 'fuel_half': 0.25906500113933223}. Best is trial 421 with value: -0.6216386034937503.
[I 2026-08-19 15:38:18,588] Trial 1276 finished with value: -0.40772904205507177 and parameters: {'k1': 0.0013023493819975388, 'D_low': 5846.125847846438, 'k2': 0.004931547578626958, 'D_high': 18936.639191239447, 'fire_exp': 2.49322600989522, 'P_half': 1031.571628150963, 'pre_dampen_half': 0.02659788908599895, 'gpp_af': 0.0023233768328123384, 'gpp_b': 3.063627265384334e-05, 'gpp_d': 0.08375336401505341, 'ign_k': 0.04128506089626036, 'ign_c': 1.624939797008415, 'trop_agb_crit': 27.19533541731788, 'trop_k_veg': 2.281926140161462, 'pop_amp': 0.030515957535456505, 'pop_peak': 0.4435728147931512, 'pop_sig': 0.444284646993866, 'fuel_k': 0.31696081887965216, 'fuel_half': 0.18239854428557592}. Best is trial 421 with value: -0.6216386034937503.
[I 2026-08-19 15:38:22,665] Trial 1277 finished with value: -0.4964426365055054 and parameters: {'k1': 0.012843992118126677, 'D_low': 35.95987974523266, 'k2': 0.03305372516346179, 'D_high': 11368.411530602945, 'fire_exp': 1.0910564867191954, 'P_half': 2.2453571739624887, 'pre_dampen_half': 8.294482457134222, 'gpp_af': 0.1463717114618719, 'gpp_b': 9.409733240473826e-05, 'gpp_d': 35.21498663948354, 'ign_k': 0.03318401908309627, 'ign_c': 11.368041279738833, 'trop_agb_crit': 14.27461550734924, 'trop_k_veg': 0.5479161182737049, 'pop_amp': 1.8170492928657727, 'pop_peak': 209.66900957750352, 'pop_sig': 0.3239020780252506, 'fuel_k': 0.3290027818546711, 'fuel_half': 0.4036791509778731}. Best is trial 421 with value: -0.6216386034937503.
[I 2026-08-19 15:38:26,006] Trial 1278 finished with value: -0.4770112307674485 and parameters: {'k1': 0.004166201353863641, 'D_low': 1315.9571213070938, 'k2': 0.0020141516077956663, 'D_high': 68471.8991476401, 'fire_exp': 3.057872223886167, 'P_half': 91.22481941354559, 'pre_dampen_half': 0.5501336635010945, 'gpp_af': 0.0010598832920778868, 'gpp_b': 4.909591817748916e-05, 'gpp_d': 311.326088170678, 'ign_k': 0.4853484695350535, 'ign_c': 0.3619749899745197, 'trop_agb_crit': 25.8319005493768, 'trop_k_veg': 1.5381378649458035, 'pop_amp': 0.06128188897025481, 'pop_peak': 0.9787817712894327, 'pop_sig': 0.5191546532839146, 'fuel_k': 0.4801617011900745, 'fuel_half': 0.6942974087276155}. Best is trial 421 with value: -0.6216386034937503.
  trial 1279/2500  best_overall=0.6216  (74.4 min)
[I 2026-08-19 15:38:30,712] Trial 1279 finished with value: -0.43824730828874336 and parameters: {'k1': 7.977877141130626e-05, 'D_low': 340.4058090341429, 'k2': 1.3696993480781388e-05, 'D_high': 271751.84276022867, 'fire_exp': 6.090921860291629, 'P_half': 54.21812599570214, 'pre_dampen_half': 1.3822292332485095, 'gpp_af': 0.005105624577959789, 'gpp_b': 0.0003584561479614783, 'gpp_d': 0.7810835525378157, 'ign_k': 1.0419752906655517, 'ign_c': 0.7666316064019039, 'trop_agb_crit': 7.859564539438006, 'trop_k_veg': 2.4766151632094053, 'pop_amp': 1.4643235527501222, 'pop_peak': 43.268295642538604, 'pop_sig': 1.6396728584311302, 'fuel_k': 0.04502855842687825, 'fuel_half': 2.6490866234217467}. Best is trial 421 with value: -0.6216386034937503.
[I 2026-08-19 15:38:33,758] Trial 1280 finished with value: -0.467455485885373 and parameters: {'k1': 0.0007514849554018459, 'D_low': 64.34248848732668, 'k2': 0.0015398120499851553, 'D_high': 18903.411272399844, 'fire_exp': 1.7289455103840716, 'P_half': 207.63699676013263, 'pre_dampen_half': 14.598733354293902, 'gpp_af': 3.9464178646375383, 'gpp_b': 0.003231594451426336, 'gpp_d': 4.121514805861068, 'ign_k': 0.2534160010189164, 'ign_c': 4.212032809986004, 'trop_agb_crit': 7.9181350559960135, 'trop_k_veg': 3.6530362981336735, 'pop_amp': 0.0012656585386030166, 'pop_peak': 56.3266902852685, 'pop_sig': 1.415285232487977, 'fuel_k': 2.5493381120040826, 'fuel_half': 0.9024410254408961}. Best is trial 421 with value: -0.6216386034937503.
[I 2026-08-19 15:38:36,669] Trial 1281 finished with value: -0.4370886886010596 and parameters: {'k1': 0.006509739122249033, 'D_low': 15.787601856278966, 'k2': 5.2529761598563184e-05, 'D_high': 2730303.7209908264, 'fire_exp': 2.543726543803895, 'P_half': 592.0921864644182, 'pre_dampen_half': 0.09817030860445927, 'gpp_af': 0.012359636676032695, 'gpp_b': 1.5755326488142068e-05, 'gpp_d': 1.0866406119793655, 'ign_k': 0.2186437411386582, 'ign_c': 1.587930150179442, 'trop_agb_crit': 4.824549020470888, 'trop_k_veg': 2.5144048335411897, 'pop_amp': 0.7051815750506109, 'pop_peak': 0.14265189778469903, 'pop_sig': 0.6884664185890339, 'fuel_k': 0.024613089407129418, 'fuel_half': 6.504364110669146}. Best is trial 421 with value: -0.6216386034937503.
[I 2026-08-19 15:38:39,646] Trial 1282 finished with value: -0.5979036918751803 and parameters: {'k1': 0.0002556617384415658, 'D_low': 361.9079702780206, 'k2': 0.00045716295081827735, 'D_high': 983714.3207384883, 'fire_exp': 1.1360895517994056, 'P_half': 1.3836812330551416, 'pre_dampen_half': 1.116731588607156, 'gpp_af': 11.738410883042407, 'gpp_b': 0.05197558413390952, 'gpp_d': 300.43807263939226, 'ign_k': 0.3176643643855928, 'ign_c': 0.6597918918554571, 'trop_agb_crit': 15.367209911524052, 'trop_k_veg': 4.965812184807749, 'pop_amp': 0.31933376711832995, 'pop_peak': 6.504686764743259, 'pop_sig': 0.7989809216182577, 'fuel_k': 0.11049878020269453, 'fuel_half': 0.12980023917200856}. Best is trial 421 with value: -0.6216386034937503.
[I 2026-08-19 15:38:43,727] Trial 1283 finished with value: -0.45768560765998706 and parameters: {'k1': 8.205339401379279e-05, 'D_low': 580.0318908224547, 'k2': 0.0022042160744031826, 'D_high': 1534675.4930574575, 'fire_exp': 1.2726094016585716, 'P_half': 22.638977650093356, 'pre_dampen_half': 6.697408126894755, 'gpp_af': 0.0010264691949469764, 'gpp_b': 1.4451590291263204e-05, 'gpp_d': 0.5642270089927733, 'ign_k': 0.928119125985602, 'ign_c': 0.2838725941547803, 'trop_agb_crit': 29.31843833075548, 'trop_k_veg': 1.322941079131141, 'pop_amp': 0.10712010220892895, 'pop_peak': 17.997653647153236, 'pop_sig': 0.4445188357040303, 'fuel_k': 4.22585399773645, 'fuel_half': 0.7242805520023814}. Best is trial 421 with value: -0.6216386034937503.
[I 2026-08-19 15:38:47,166] Trial 1284 finished with value: -0.44878640479155224 and parameters: {'k1': 0.0002077668077746546, 'D_low': 1426.1072675458156, 'k2': 0.05715839338566472, 'D_high': 1007987.8569527429, 'fire_exp': 1.7169592723152531, 'P_half': 228.96966388728384, 'pre_dampen_half': 0.6119049739693384, 'gpp_af': 0.042951891715436716, 'gpp_b': 0.009917778454485519, 'gpp_d': 1.5011786939778857, 'ign_k': 0.05360347522429617, 'ign_c': 12.340764092282408, 'trop_agb_crit': 6.252035323483749, 'trop_k_veg': 2.7507588381372967, 'pop_amp': 0.0011650010963649635, 'pop_peak': 14.978751699702043, 'pop_sig': 1.453535226309446, 'fuel_k': 1.4242413157357081, 'fuel_half': 0.4657013645942999}. Best is trial 421 with value: -0.6216386034937503.
  trial 1285/2500  best_overall=0.6216  (74.7 min)
[I 2026-08-19 15:38:52,567] Trial 1285 finished with value: -0.5148547198410091 and parameters: {'k1': 0.001110202050559179, 'D_low': 226.80594036762815, 'k2': 0.012655135478370856, 'D_high': 27082.902110875595, 'fire_exp': 1.4490564297475632, 'P_half': 157.68776179393575, 'pre_dampen_half': 60.01468887401187, 'gpp_af': 0.002127056887099399, 'gpp_b': 0.00011145892787483619, 'gpp_d': 45.14177661595071, 'ign_k': 0.15950846595108006, 'ign_c': 0.10819505762203349, 'trop_agb_crit': 21.261931774239144, 'trop_k_veg': 1.5457428548547485, 'pop_amp': 0.0022297373494740568, 'pop_peak': 20.16922805227221, 'pop_sig': 0.6860408556254647, 'fuel_k': 0.705658223735484, 'fuel_half': 0.4631446781569228}. Best is trial 421 with value: -0.6216386034937503.
[I 2026-08-19 15:38:55,618] Trial 1286 finished with value: -0.5381791880594013 and parameters: {'k1': 0.025553561884771477, 'D_low': 2526.987450749164, 'k2': 0.06603206155696323, 'D_high': 6127738.581659667, 'fire_exp': 1.0659187707741153, 'P_half': 1.9895771623468808, 'pre_dampen_half': 253.59075017220752, 'gpp_af': 0.009288915156419927, 'gpp_b': 0.001046903383498131, 'gpp_d': 0.5112426463054361, 'ign_k': 0.05568630771890024, 'ign_c': 2.716573471957277, 'trop_agb_crit': 24.16797713415072, 'trop_k_veg': 5.210676797259651, 'pop_amp': 0.0024842484975513518, 'pop_peak': 1.004229400101172, 'pop_sig': 0.4463323122258752, 'fuel_k': 0.27892615491207856, 'fuel_half': 0.14000951302151288}. Best is trial 421 with value: -0.6216386034937503.
[I 2026-08-19 15:38:58,875] Trial 1287 finished with value: -0.593104396772478 and parameters: {'k1': 0.0005380695779595084, 'D_low': 29.38133521874194, 'k2': 0.0008134672326766737, 'D_high': 230590.2432994673, 'fire_exp': 2.256922604151211, 'P_half': 2.1472802719179236, 'pre_dampen_half': 2.654887479046666, 'gpp_af': 0.010359665128011647, 'gpp_b': 2.8386943171145e-05, 'gpp_d': 0.19210302697258858, 'ign_k': 2.3819219361457526, 'ign_c': 0.21352391361357612, 'trop_agb_crit': 11.964810533890736, 'trop_k_veg': 4.873213221140336, 'pop_amp': 0.0025794837255997036, 'pop_peak': 0.05299301530502041, 'pop_sig': 0.3913925276185606, 'fuel_k': 1.3376512057258263, 'fuel_half': 0.6766047399593694}. Best is trial 421 with value: -0.6216386034937503.
[I 2026-08-19 15:39:02,220] Trial 1288 finished with value: -0.5413812210829974 and parameters: {'k1': 0.0030844703097166744, 'D_low': 26.853573551052556, 'k2': 0.011027418887589404, 'D_high': 26636.25897219244, 'fire_exp': 1.2390596571487131, 'P_half': 19.572598890180636, 'pre_dampen_half': 3.6277679128967835, 'gpp_af': 0.002147873798973738, 'gpp_b': 0.0004692236410900632, 'gpp_d': 9.41460248572171, 'ign_k': 1.1003391880461313, 'ign_c': 0.17790033636551295, 'trop_agb_crit': 21.867089880171275, 'trop_k_veg': 2.104521894197383, 'pop_amp': 0.00261816239415002, 'pop_peak': 1.4008566016723234, 'pop_sig': 0.37263531248883913, 'fuel_k': 0.4259013603652624, 'fuel_half': 2.442499312620359}. Best is trial 421 with value: -0.6216386034937503.
[I 2026-08-19 15:39:05,206] Trial 1289 finished with value: -0.5940945175502439 and parameters: {'k1': 0.0008081417393956786, 'D_low': 194.15913081393407, 'k2': 0.008948841820052553, 'D_high': 271846.1646520597, 'fire_exp': 3.492659632734135, 'P_half': 59.09625878161177, 'pre_dampen_half': 2.1558843548538893, 'gpp_af': 0.07383334062092561, 'gpp_b': 8.152060280177649e-05, 'gpp_d': 20.062545085330243, 'ign_k': 0.24053548836089778, 'ign_c': 0.1316497427041641, 'trop_agb_crit': 26.280707884854266, 'trop_k_veg': 1.7720989027939185, 'pop_amp': 0.004837506142277786, 'pop_peak': 1.5427970298451565, 'pop_sig': 0.2717193817127338, 'fuel_k': 3.4962564711203608, 'fuel_half': 0.3227363849978121}. Best is trial 421 with value: -0.6216386034937503.
[I 2026-08-19 15:39:08,374] Trial 1290 finished with value: -0.5348750206460543 and parameters: {'k1': 3.7642339661578814e-05, 'D_low': 1960.3952666323441, 'k2': 0.00039168526194296587, 'D_high': 6430792.36682374, 'fire_exp': 1.1190200641881667, 'P_half': 401.68700501174175, 'pre_dampen_half': 0.4441923907005033, 'gpp_af': 0.7240813792147212, 'gpp_b': 0.0013670277394972718, 'gpp_d': 1.551077670639399, 'ign_k': 0.07688769224027016, 'ign_c': 1.0684646102209285, 'trop_agb_crit': 19.272320162571408, 'trop_k_veg': 4.846925195817165, 'pop_amp': 0.009903556553829919, 'pop_peak': 2.2870418315195042, 'pop_sig': 1.4976863175985966, 'fuel_k': 1.9252076062520629, 'fuel_half': 0.1831187107326204}. Best is trial 421 with value: -0.6216386034937503.
  trial 1291/2500  best_overall=0.6216  (75.1 min)
[I 2026-08-19 15:39:11,498] Trial 1291 finished with value: -0.5488169782672436 and parameters: {'k1': 0.017547890170471737, 'D_low': 125.33956573353947, 'k2': 0.001898829796427134, 'D_high': 4830245.041308975, 'fire_exp': 2.0544809857635222, 'P_half': 1.0246953375258494, 'pre_dampen_half': 0.7201846427077329, 'gpp_af': 0.46205764915856556, 'gpp_b': 0.00045136018331117867, 'gpp_d': 2.1091723760476713, 'ign_k': 0.07922431268344696, 'ign_c': 0.33733391434341187, 'trop_agb_crit': 5.9148828432982965, 'trop_k_veg': 1.8240150683991831, 'pop_amp': 0.04764659889059471, 'pop_peak': 360.4270597588388, 'pop_sig': 0.4095352445906329, 'fuel_k': 0.47392129438972175, 'fuel_half': 0.13460807493021798}. Best is trial 421 with value: -0.6216386034937503.
[I 2026-08-19 15:39:14,364] Trial 1292 finished with value: -0.5182003407045497 and parameters: {'k1': 0.00017195740823443506, 'D_low': 25.64738621335482, 'k2': 0.0029363868864514735, 'D_high': 1582027.3960220087, 'fire_exp': 1.7896501017135427, 'P_half': 1.059732221463621, 'pre_dampen_half': 0.5386575963302794, 'gpp_af': 0.4774827200525446, 'gpp_b': 0.06760538954254693, 'gpp_d': 83.98918949977981, 'ign_k': 0.20609275042119993, 'ign_c': 0.5607515057608622, 'trop_agb_crit': 11.795130916530203, 'trop_k_veg': 1.306594901203362, 'pop_amp': 0.08260381567104125, 'pop_peak': 50.220421651021766, 'pop_sig': 0.2715363419224731, 'fuel_k': 0.7671722818966256, 'fuel_half': 0.9343967008783274}. Best is trial 421 with value: -0.6216386034937503.
[I 2026-08-19 15:39:17,175] Trial 1293 finished with value: -0.47940465516886643 and parameters: {'k1': 0.0004610556721954722, 'D_low': 11551.961473622052, 'k2': 0.0013413368926181504, 'D_high': 412364.0331650684, 'fire_exp': 1.1922225183886361, 'P_half': 7.110052236992589, 'pre_dampen_half': 4.173804513784623, 'gpp_af': 0.19804282126792494, 'gpp_b': 0.0014093367155688077, 'gpp_d': 0.1635255156467832, 'ign_k': 0.003643901908936007, 'ign_c': 0.26187715618556473, 'trop_agb_crit': 23.260587926139703, 'trop_k_veg': 1.5874009476880424, 'pop_amp': 0.048072301880958665, 'pop_peak': 6.824905153384252, 'pop_sig': 0.6580003024502274, 'fuel_k': 1.4250099483454008, 'fuel_half': 2.176072511597278}. Best is trial 421 with value: -0.6216386034937503.
[I 2026-08-19 15:39:21,112] Trial 1294 finished with value: -0.5521306266916919 and parameters: {'k1': 0.0002501458698767602, 'D_low': 946.8987723105797, 'k2': 0.09320804134427836, 'D_high': 3425551.320439675, 'fire_exp': 1.53499311241476, 'P_half': 124.9573934448725, 'pre_dampen_half': 248.63189617019395, 'gpp_af': 1.7783666853772278, 'gpp_b': 0.00024353509530422726, 'gpp_d': 49.82150025734335, 'ign_k': 0.07471174847530186, 'ign_c': 30.245593443162694, 'trop_agb_crit': 24.140872940435276, 'trop_k_veg': 0.7022128879047376, 'pop_amp': 0.006138795288317521, 'pop_peak': 102.00544981929643, 'pop_sig': 0.8758804001238145, 'fuel_k': 4.905499666223528, 'fuel_half': 2.653739853195338}. Best is trial 421 with value: -0.6216386034937503.
[I 2026-08-19 15:39:25,179] Trial 1295 finished with value: -0.41561462871903104 and parameters: {'k1': 0.0016287581012040555, 'D_low': 222.79447157969543, 'k2': 0.00046602436408297356, 'D_high': 1157355.878100927, 'fire_exp': 5.383519628332372, 'P_half': 22.680939377550548, 'pre_dampen_half': 6.185437183618013, 'gpp_af': 0.007065838918626224, 'gpp_b': 1.694665987686692e-05, 'gpp_d': 1.301183472846041, 'ign_k': 0.027421312262707435, 'ign_c': 180.66118570744015, 'trop_agb_crit': 3.3327914266756085, 'trop_k_veg': 1.77147303076922, 'pop_amp': 0.09825326902405145, 'pop_peak': 2.5572346629085914, 'pop_sig': 1.8242729774310833, 'fuel_k': 0.5682602244351156, 'fuel_half': 0.6013822991692896}. Best is trial 421 with value: -0.6216386034937503.
[I 2026-08-19 15:39:28,831] Trial 1296 finished with value: -0.4370081774941267 and parameters: {'k1': 0.004481418818667949, 'D_low': 26.165139639552176, 'k2': 7.264058129980153e-05, 'D_high': 19720.099293562904, 'fire_exp': 3.716398056475063, 'P_half': 75.28112280644754, 'pre_dampen_half': 18.521960051227467, 'gpp_af': 0.006365282918777806, 'gpp_b': 0.0002906894932117296, 'gpp_d': 11.524451634314858, 'ign_k': 0.0932562596608564, 'ign_c': 0.22060554895001905, 'trop_agb_crit': 26.438743994772036, 'trop_k_veg': 3.64154107750106, 'pop_amp': 1.2919651900629263, 'pop_peak': 7.0785976335194665, 'pop_sig': 0.759577313815211, 'fuel_k': 1.2361706930337284, 'fuel_half': 18.49608601674024}. Best is trial 421 with value: -0.6216386034937503.
  trial 1297/2500  best_overall=0.6216  (75.4 min)
[I 2026-08-19 15:39:34,758] Trial 1297 finished with value: -0.5660569928200929 and parameters: {'k1': 0.0004102192662853022, 'D_low': 7.203231838313156, 'k2': 0.00010905554250215564, 'D_high': 1954951.1113416548, 'fire_exp': 1.428020356422648, 'P_half': 2.4354976125988372, 'pre_dampen_half': 3.2225970499549947, 'gpp_af': 0.0022513144263260044, 'gpp_b': 0.0001236843091375, 'gpp_d': 0.05950198201521415, 'ign_k': 0.21544619656246516, 'ign_c': 0.15752027955086229, 'trop_agb_crit': 15.132095681449368, 'trop_k_veg': 4.571747460635021, 'pop_amp': 0.00168176147052303, 'pop_peak': 1.877680249681693, 'pop_sig': 0.6490094304468781, 'fuel_k': 1.2042321767667676, 'fuel_half': 0.14272293039622685}. Best is trial 421 with value: -0.6216386034937503.
[I 2026-08-19 15:39:37,728] Trial 1298 finished with value: -0.5713009845237205 and parameters: {'k1': 0.0008309070247816695, 'D_low': 15275.427593518572, 'k2': 1.5077218976202291e-05, 'D_high': 3106974.4624743145, 'fire_exp': 1.0930257405154955, 'P_half': 8.06845358527723, 'pre_dampen_half': 4.564972930838844, 'gpp_af': 0.0033363508080229004, 'gpp_b': 3.372725922746502e-05, 'gpp_d': 0.02503569093321901, 'ign_k': 2.988013503438956, 'ign_c': 7.217526826219492, 'trop_agb_crit': 3.416109208230736, 'trop_k_veg': 2.5010620705018662, 'pop_amp': 0.0050128458115174445, 'pop_peak': 0.057786962351631055, 'pop_sig': 1.4759919190102648, 'fuel_k': 0.10023277548232468, 'fuel_half': 0.4084164940613054}. Best is trial 421 with value: -0.6216386034937503.
[I 2026-08-19 15:39:40,618] Trial 1299 finished with value: -0.4826717067138471 and parameters: {'k1': 6.000418334902123e-05, 'D_low': 54.761281989329596, 'k2': 0.014726894900186471, 'D_high': 1534682.9706929817, 'fire_exp': 2.4926861991543485, 'P_half': 44.0712869902256, 'pre_dampen_half': 2.175427333729346, 'gpp_af': 0.23879222047045506, 'gpp_b': 0.0003398539068466933, 'gpp_d': 2.5936124294445246, 'ign_k': 0.05696714612274958, 'ign_c': 16.931813441097347, 'trop_agb_crit': 16.94647479528767, 'trop_k_veg': 3.5270238165268544, 'pop_amp': 0.002664719759112561, 'pop_peak': 16.95913883451796, 'pop_sig': 0.5871145765665023, 'fuel_k': 4.20190534596454, 'fuel_half': 0.5272828826063307}. Best is trial 421 with value: -0.6216386034937503.
[I 2026-08-19 15:39:43,408] Trial 1300 finished with value: -0.5185961713450292 and parameters: {'k1': 0.008406799713290678, 'D_low': 858.5745346703236, 'k2': 0.009081076675368229, 'D_high': 3546770.2579981266, 'fire_exp': 1.643903409756988, 'P_half': 48.42331026696805, 'pre_dampen_half': 4.537562078783867, 'gpp_af': 0.007067541707881875, 'gpp_b': 0.00046552516878674397, 'gpp_d': 4.700919162591197, 'ign_k': 1.0661563679683994, 'ign_c': 0.1197529744487577, 'trop_agb_crit': 15.156214705412394, 'trop_k_veg': 2.392042356924281, 'pop_amp': 0.006780411167110954, 'pop_peak': 35.45530743055425, 'pop_sig': 0.6947437660240909, 'fuel_k': 4.674981911096958, 'fuel_half': 1.7462854710765223}. Best is trial 421 with value: -0.6216386034937503.
[I 2026-08-19 15:39:45,788] Trial 1301 finished with value: -0.5834488011345271 and parameters: {'k1': 0.003009320236328121, 'D_low': 311.56144496467516, 'k2': 0.000848866215297423, 'D_high': 605756.084859116, 'fire_exp': 1.1435467495538527, 'P_half': 9.369910713275795, 'pre_dampen_half': 1.0086037975793216, 'gpp_af': 0.06663495658925708, 'gpp_b': 4.804344379998852e-05, 'gpp_d': 0.6118906914693143, 'ign_k': 0.26952936575831216, 'ign_c': 0.12265761704484779, 'trop_agb_crit': 6.465156686976134, 'trop_k_veg': 7.252732458710621, 'pop_amp': 0.001241531084176424, 'pop_peak': 9.952583309509352, 'pop_sig': 0.5496682974776863, 'fuel_k': 2.1115335368269323, 'fuel_half': 0.9242206354005528}. Best is trial 421 with value: -0.6216386034937503.
[I 2026-08-19 15:39:48,413] Trial 1302 finished with value: -0.6016939213064244 and parameters: {'k1': 0.004608951569163766, 'D_low': 28.37547351001638, 'k2': 0.0639819258586805, 'D_high': 362877.3348504828, 'fire_exp': 3.2650705351154614, 'P_half': 39.74597275847708, 'pre_dampen_half': 6.19650411979343, 'gpp_af': 0.008127005329309812, 'gpp_b': 7.261263353024029e-05, 'gpp_d': 30.832577154208042, 'ign_k': 0.3677587350454404, 'ign_c': 0.4293039821928237, 'trop_agb_crit': 20.07292650117377, 'trop_k_veg': 1.9934788721030807, 'pop_amp': 0.00540927974302167, 'pop_peak': 0.7392536036026243, 'pop_sig': 0.5679289955749981, 'fuel_k': 0.5055910677703428, 'fuel_half': 0.4382391061573176}. Best is trial 421 with value: -0.6216386034937503.
[I 2026-08-19 15:39:51,398] Trial 1303 finished with value: -0.6060939146173491 and parameters: {'k1': 0.006313919675333886, 'D_low': 196.42332367727062, 'k2': 0.03704674128084948, 'D_high': 2935582.262992873, 'fire_exp': 4.770999925233538, 'P_half': 98.10019734855277, 'pre_dampen_half': 11.763170136304705, 'gpp_af': 0.019411791986140747, 'gpp_b': 3.794317042185945e-05, 'gpp_d': 88.70216214589006, 'ign_k': 0.8688001925917241, 'ign_c': 4.639713067529955, 'trop_agb_crit': 10.88227537077947, 'trop_k_veg': 2.914030404221281, 'pop_amp': 0.0028327555025233434, 'pop_peak': 1.6692806567335792, 'pop_sig': 0.645398389842667, 'fuel_k': 0.808231668340212, 'fuel_half': 0.3851291183321651}. Best is trial 421 with value: -0.6216386034937503.
  trial 1304/2500  best_overall=0.6216  (75.8 min)
