[I 2026-07-25 00:34:26,849] Trial 656 finished with value: 0.5477102446011018 and parameters: {'k1': 0.03387583870813511, 'D_low': 1.312290250616746, 'k2': 0.01974383338738023, 'D_high': 61291.684428843204, 'fire_exp': 1.1618357842303186, 'P_half': 3916.947375737488, 'pre_dampen_half': 226.06383857281662, 'gpp_af': 0.061833723420829614, 'gpp_b': 0.00010788304331408372, 'gpp_d': 710.710572872482, 'ign_k': 0.11361442344690519, 'ign_c': 43.56645175404733, 'trop_agb_crit': 19.81680551603243, 'trop_k_veg': 1.3136538657069305, 'gdp_gamma': 1.3450236540839535, 'cure_k': 0.01735801616362539, 'cure_p_min': 87.00317756838058, 'cure_gpp_ref': 1.2625513944535798, 'cure_agb_crit': 2.9583307117121063, 'fuel_k': 0.035741795019052953, 'fuel_half': 3.2739618590220383}. Best is trial 577 with value: -0.629883323094065.
[I 2026-07-25 00:34:27,301] Trial 657 finished with value: 0.528464470886332 and parameters: {'k1': 0.0008120625255258472, 'D_low': 7.382834789523239, 'k2': 0.003376412565415646, 'D_high': 322563.02707255475, 'fire_exp': 2.39040236495041, 'P_half': 615.6392065875469, 'pre_dampen_half': 0.2482174013210709, 'gpp_af': 0.003926563621782608, 'gpp_b': 3.0360400681179578e-05, 'gpp_d': 46.44057379389313, 'ign_k': 0.0011010399434780993, 'ign_c': 29.57731656934262, 'trop_agb_crit': 23.269561416539453, 'trop_k_veg': 3.2521358748951155, 'gdp_gamma': 0.6638322337552416, 'cure_k': 0.043564063168743464, 'cure_p_min': 175.33772489831358, 'cure_gpp_ref': 0.10403245298708026, 'cure_agb_crit': 6.459593408794061, 'fuel_k': 0.06698508725508524, 'fuel_half': 3.7930592521418602}. Best is trial 577 with value: -0.629883323094065.
[I 2026-07-25 00:34:27,753] Trial 658 finished with value: 0.5250623718176334 and parameters: {'k1': 0.00018054049548753422, 'D_low': 22.740539315471047, 'k2': 0.004638398021225833, 'D_high': 4024402.7909595785, 'fire_exp': 2.52275044193537, 'P_half': 430.174131679103, 'pre_dampen_half': 3.588828934030836, 'gpp_af': 7.71882835941365, 'gpp_b': 9.99832750314108e-05, 'gpp_d': 95.69850405223711, 'ign_k': 0.010439093427012455, 'ign_c': 10.14892360975466, 'trop_agb_crit': 24.206488721256083, 'trop_k_veg': 3.5399914090026536, 'gdp_gamma': 0.6960036167004806, 'cure_k': 0.0013128020638810175, 'cure_p_min': 321.44857056840937, 'cure_gpp_ref': 1.0707955765952861, 'cure_agb_crit': 3.1562710634990814, 'fuel_k': 0.18225411738865693, 'fuel_half': 0.519445575329185}. Best is trial 577 with value: -0.629883323094065.
[I 2026-07-25 00:34:28,205] Trial 659 finished with value: 0.5835429394151215 and parameters: {'k1': 0.0008105481996721984, 'D_low': 42825.9499103386, 'k2': 0.06781211104205952, 'D_high': 8480.295873497145, 'fire_exp': 1.0440375454702364, 'P_half': 3.472649398930287, 'pre_dampen_half': 0.5949595416661937, 'gpp_af': 3.0836985364529186, 'gpp_b': 0.10483827418827303, 'gpp_d': 85.01088931919215, 'ign_k': 0.001828055602111631, 'ign_c': 0.26448137136666283, 'trop_agb_crit': 2.745861608746205, 'trop_k_veg': 2.264728905312806, 'gdp_gamma': 0.11550274012310399, 'cure_k': 0.06771115174497253, 'cure_p_min': 281.96528835882475, 'cure_gpp_ref': 1.3526718555263362, 'cure_agb_crit': 2.9289958694311045, 'fuel_k': 1.1701154369294655, 'fuel_half': 17.532722424819912}. Best is trial 577 with value: -0.629883323094065.
[I 2026-07-25 00:34:28,662] Trial 660 finished with value: 0.49179359040844006 and parameters: {'k1': 0.00019651868817126348, 'D_low': 14441.207423049194, 'k2': 0.0037307084930778747, 'D_high': 5331509.122704169, 'fire_exp': 1.0875184404006317, 'P_half': 11.51800842881995, 'pre_dampen_half': 0.20946319113259848, 'gpp_af': 2.363597452632926, 'gpp_b': 0.05155559539070536, 'gpp_d': 12.535632598022268, 'ign_k': 0.0013517793723442518, 'ign_c': 0.334765189745707, 'trop_agb_crit': 1.8601856931877776, 'trop_k_veg': 6.741684582600646, 'gdp_gamma': 0.4320241071120505, 'cure_k': 0.003888358111761912, 'cure_p_min': 295.50803222664285, 'cure_gpp_ref': 1.339816790530363, 'cure_agb_crit': 4.7134173429927175, 'fuel_k': 4.750969965493338, 'fuel_half': 38.902983262797086}. Best is trial 577 with value: -0.629883323094065.
[I 2026-07-25 00:34:29,113] Trial 661 finished with value: -0.6194860885983642 and parameters: {'k1': 4.642462126521062e-05, 'D_low': 761.6536419335497, 'k2': 1.2903684248899731e-05, 'D_high': 3229295.3974696496, 'fire_exp': 1.8766615992445128, 'P_half': 1.3915921624364262, 'pre_dampen_half': 2.1417856930200725, 'gpp_af': 0.0049533744913052595, 'gpp_b': 0.0011261674365880756, 'gpp_d': 4.411527192454959, 'ign_k': 0.11039236545013857, 'ign_c': 4.068641615380206, 'trop_agb_crit': 1.86815369216378, 'trop_k_veg': 0.693763377281505, 'gdp_gamma': 1.8689738887803369, 'cure_k': 0.08856713475954642, 'cure_p_min': 363.0520745280897, 'cure_gpp_ref': 0.06599672759854137, 'cure_agb_crit': 1.7143529312162344, 'fuel_k': 0.0439184478392582, 'fuel_half': 57.474706184463194}. Best is trial 577 with value: -0.629883323094065.
[I 2026-07-25 00:34:29,566] Trial 662 finished with value: 0.513798779597836 and parameters: {'k1': 6.380947180160702e-05, 'D_low': 55744.85104321808, 'k2': 1.4991667795443076e-05, 'D_high': 3375633.8371900553, 'fire_exp': 1.1425670604421692, 'P_half': 11.538388119452716, 'pre_dampen_half': 5.901642015771829, 'gpp_af': 0.034592525926358544, 'gpp_b': 0.00044795833582300876, 'gpp_d': 26.03765584857631, 'ign_k': 0.8543595988984182, 'ign_c': 1.5518972642137967, 'trop_agb_crit': 2.038061574784992, 'trop_k_veg': 0.535755165802269, 'gdp_gamma': 1.1454146020784188, 'cure_k': 0.07136934120814306, 'cure_p_min': 345.1414932261677, 'cure_gpp_ref': 0.40081358529116856, 'cure_agb_crit': 1.4396302673962422, 'fuel_k': 0.25084973554843765, 'fuel_half': 45.734151730998015}. Best is trial 577 with value: -0.629883323094065.
[I 2026-07-25 00:34:30,017] Trial 663 finished with value: 0.511135765540233 and parameters: {'k1': 8.073272773569649e-05, 'D_low': 284.722421032889, 'k2': 4.784726738687522e-05, 'D_high': 839350.445425374, 'fire_exp': 1.115843120879433, 'P_half': 1.0020328876045645, 'pre_dampen_half': 12.16829261805521, 'gpp_af': 0.029410849272582935, 'gpp_b': 0.07762574970387771, 'gpp_d': 0.1765252738485743, 'ign_k': 0.0640061276272244, 'ign_c': 27.46041311853188, 'trop_agb_crit': 1.6043220174484203, 'trop_k_veg': 0.5269847024739999, 'gdp_gamma': 0.3536194616289977, 'cure_k': 0.14983242390582166, 'cure_p_min': 369.10065703533985, 'cure_gpp_ref': 0.06286925331389179, 'cure_agb_crit': 1.0993064590523611, 'fuel_k': 0.041496959046486044, 'fuel_half': 44.6978031479002}. Best is trial 577 with value: -0.629883323094065.
[I 2026-07-25 00:34:30,474] Trial 664 finished with value: 0.45682819986462975 and parameters: {'k1': 0.0035532923965823624, 'D_low': 19540.006731098118, 'k2': 0.00011979960961755962, 'D_high': 266675.70481369656, 'fire_exp': 1.014861278341353, 'P_half': 14.712366889480563, 'pre_dampen_half': 0.3122754868295077, 'gpp_af': 2.602427281480948, 'gpp_b': 0.01283807087489404, 'gpp_d': 0.8867131233120729, 'ign_k': 0.08928153102587276, 'ign_c': 3.3937353331256563, 'trop_agb_crit': 22.518484975266713, 'trop_k_veg': 1.4025332606753527, 'gdp_gamma': 0.6051657062895665, 'cure_k': 0.0048057940335643505, 'cure_p_min': 366.9900436345963, 'cure_gpp_ref': 1.7346499865460072, 'cure_agb_crit': 2.352125760887025, 'fuel_k': 0.23434485430070665, 'fuel_half': 0.8283767500941763}. Best is trial 577 with value: -0.629883323094065.
[I 2026-07-25 00:34:30,933] Trial 665 finished with value: 0.5057139859547802 and parameters: {'k1': 0.0019105283357747117, 'D_low': 100.17070867744692, 'k2': 0.004572165148335104, 'D_high': 7030624.039489852, 'fire_exp': 1.811033574949216, 'P_half': 739.4492420395715, 'pre_dampen_half': 4.113648366026932, 'gpp_af': 0.014561505535554907, 'gpp_b': 0.0054246855722593496, 'gpp_d': 509.0278278482419, 'ign_k': 0.00683756728831992, 'ign_c': 8.302536944297156, 'trop_agb_crit': 14.51867755484459, 'trop_k_veg': 1.5295504915828475, 'gdp_gamma': 1.2880016831959913, 'cure_k': 0.002828066416780617, 'cure_p_min': 118.83824037637467, 'cure_gpp_ref': 0.3739361634280344, 'cure_agb_crit': 3.9239760224374636, 'fuel_k': 0.019116211136829715, 'fuel_half': 7.4258180022578655}. Best is trial 577 with value: -0.629883323094065.
[I 2026-07-25 00:34:31,384] Trial 666 finished with value: 0.5265709619349838 and parameters: {'k1': 0.09622824723171933, 'D_low': 2306.732569798863, 'k2': 0.0019899655577309116, 'D_high': 5441559.907148807, 'fire_exp': 2.599034990475099, 'P_half': 29.318469779985573, 'pre_dampen_half': 86.84041974293734, 'gpp_af': 0.12264361959667537, 'gpp_b': 0.0009592709417993802, 'gpp_d': 347.96864778759834, 'ign_k': 0.0053648133719657225, 'ign_c': 20.031086993441857, 'trop_agb_crit': 19.158622450520493, 'trop_k_veg': 1.6974688087805785, 'gdp_gamma': 0.03812581848741279, 'cure_k': 0.026298662569503382, 'cure_p_min': 202.7447179927879, 'cure_gpp_ref': 0.4203051118572169, 'cure_agb_crit': 1.1928668841381107, 'fuel_k': 0.03295451107970157, 'fuel_half': 67.74038761180795}. Best is trial 577 with value: -0.629883323094065.
[I 2026-07-25 00:34:31,842] Trial 667 finished with value: 0.5950465964594318 and parameters: {'k1': 0.00039063483840912414, 'D_low': 292.37052039808975, 'k2': 0.011351757814830582, 'D_high': 68424.46080444998, 'fire_exp': 1.202403990401045, 'P_half': 1.4072919063673888, 'pre_dampen_half': 0.15835983777662746, 'gpp_af': 0.059166390813760884, 'gpp_b': 7.718766585288298e-05, 'gpp_d': 9.759833470181443, 'ign_k': 0.26523503155515876, 'ign_c': 53.06998606926297, 'trop_agb_crit': 7.169281665083968, 'trop_k_veg': 3.1981244995336287, 'gdp_gamma': 0.16933922358437062, 'cure_k': 0.001743968300460473, 'cure_p_min': 287.2832044423477, 'cure_gpp_ref': 0.785329269194914, 'cure_agb_crit': 2.0229236423350363, 'fuel_k': 0.35580529856801746, 'fuel_half': 0.4118120631059057}. Best is trial 577 with value: -0.629883323094065.
[I 2026-07-25 00:34:32,293] Trial 668 finished with value: 0.49160154311436544 and parameters: {'k1': 2.45291670523996e-05, 'D_low': 33.45658500535089, 'k2': 4.624059595559298e-05, 'D_high': 1953971.14165067, 'fire_exp': 2.0269027700598468, 'P_half': 5.515666570588343, 'pre_dampen_half': 434.30057415604074, 'gpp_af': 0.0015080512262779272, 'gpp_b': 0.0001231978428155677, 'gpp_d': 12.798667738277201, 'ign_k': 0.00982904081527958, 'ign_c': 0.8884273572509492, 'trop_agb_crit': 1.2195692324052363, 'trop_k_veg': 0.8631368878441996, 'gdp_gamma': 0.4941819445086307, 'cure_k': 0.010896080176676934, 'cure_p_min': 306.37454946048695, 'cure_gpp_ref': 0.052000569987757934, 'cure_agb_crit': 1.5721581967811742, 'fuel_k': 0.1627504926459618, 'fuel_half': 11.602407118603859}. Best is trial 577 with value: -0.629883323094065.
[I 2026-07-25 00:34:32,745] Trial 669 finished with value: 0.5826672276900977 and parameters: {'k1': 0.006641092938145898, 'D_low': 834.6723352156781, 'k2': 0.0005434750071158883, 'D_high': 7397.971136833409, 'fire_exp': 1.01078686244055, 'P_half': 55.17180733337002, 'pre_dampen_half': 0.02363358900763237, 'gpp_af': 0.16279639285314007, 'gpp_b': 0.008538611281194854, 'gpp_d': 400.1780857481853, 'ign_k': 0.854206509124944, 'ign_c': 0.27558519675487264, 'trop_agb_crit': 24.26807534151922, 'trop_k_veg': 2.7558089092688154, 'gdp_gamma': 0.2666423167630249, 'cure_k': 0.0041329446576819345, 'cure_p_min': 346.27854927391826, 'cure_gpp_ref': 1.2291151806415854, 'cure_agb_crit': 1.7408213332964828, 'fuel_k': 0.04968794419243685, 'fuel_half': 0.2994647755185844}. Best is trial 577 with value: -0.629883323094065.
[I 2026-07-25 00:34:33,204] Trial 670 finished with value: 0.4636638849566188 and parameters: {'k1': 0.019930815873748634, 'D_low': 67985.15002188977, 'k2': 3.040748887377182e-05, 'D_high': 1057301.527114155, 'fire_exp': 1.1834335806072114, 'P_half': 20.50002218077931, 'pre_dampen_half': 0.33802013470799874, 'gpp_af': 0.0011129830553707942, 'gpp_b': 0.016337930020014938, 'gpp_d': 0.04023167768636678, 'ign_k': 0.08561823968506332, 'ign_c': 1.150161583560726, 'trop_agb_crit': 24.959573998912788, 'trop_k_veg': 3.2390536822550327, 'gdp_gamma': 1.890245232193892, 'cure_k': 0.16643320871549958, 'cure_p_min': 253.3527654124026, 'cure_gpp_ref': 1.8339102764768953, 'cure_agb_crit': 2.467406798433207, 'fuel_k': 0.03401046296101402, 'fuel_half': 0.2624628298690737}. Best is trial 577 with value: -0.629883323094065.
[I 2026-07-25 00:34:33,657] Trial 671 finished with value: 0.5708823377273828 and parameters: {'k1': 3.7667538465629944e-05, 'D_low': 134.26064297119285, 'k2': 2.0085153239288756e-05, 'D_high': 8572686.099510988, 'fire_exp': 3.1728369200835145, 'P_half': 6.946024244393911, 'pre_dampen_half': 0.8293472154397051, 'gpp_af': 0.0033582582925809367, 'gpp_b': 0.042680728002395786, 'gpp_d': 1.7229602455108668, 'ign_k': 0.008652179541493676, 'ign_c': 0.5162658091488711, 'trop_agb_crit': 5.432410954583883, 'trop_k_veg': 2.171511197021173, 'gdp_gamma': 1.5629164915596085, 'cure_k': 0.033704752019246505, 'cure_p_min': 289.4169077768185, 'cure_gpp_ref': 0.05127890750949958, 'cure_agb_crit': 1.0118365212913234, 'fuel_k': 0.05614968042997942, 'fuel_half': 55.46981669328525}. Best is trial 577 with value: -0.629883323094065.
[I 2026-07-25 00:34:34,169] Trial 672 finished with value: 0.5195020135520233 and parameters: {'k1': 0.0016345768347866727, 'D_low': 3.422399229159198, 'k2': 0.0015992180644894506, 'D_high': 949108.8917406612, 'fire_exp': 1.1578125148307903, 'P_half': 20.548697733771093, 'pre_dampen_half': 0.2706668024289447, 'gpp_af': 8.62350121333997, 'gpp_b': 0.008098853222479814, 'gpp_d': 918.9225390337072, 'ign_k': 0.04381561373538518, 'ign_c': 2.2174637328956677, 'trop_agb_crit': 6.14079387630762, 'trop_k_veg': 2.5612964963177056, 'gdp_gamma': 1.98774506720908, 'cure_k': 0.04012778249036755, 'cure_p_min': 314.7639639894164, 'cure_gpp_ref': 1.2803097586084595, 'cure_agb_crit': 2.2356694511839947, 'fuel_k': 0.018919548307580435, 'fuel_half': 7.854014361224169}. Best is trial 577 with value: -0.629883323094065.
[I 2026-07-25 00:34:34,627] Trial 673 finished with value: 0.4936425059247004 and parameters: {'k1': 0.002556957150784728, 'D_low': 904.4932806394168, 'k2': 0.02455888545220306, 'D_high': 43108.00000956221, 'fire_exp': 3.598647267488665, 'P_half': 2.2264114070725523, 'pre_dampen_half': 2.52193804657884, 'gpp_af': 0.5202387111336726, 'gpp_b': 0.00041319507494433756, 'gpp_d': 92.69301827653533, 'ign_k': 0.01937530833540809, 'ign_c': 1.453195380131533, 'trop_agb_crit': 4.366104571317466, 'trop_k_veg': 1.880894760403943, 'gdp_gamma': 1.8011149323714146, 'cure_k': 0.002629562806589925, 'cure_p_min': 233.41296529385204, 'cure_gpp_ref': 0.7347381422969461, 'cure_agb_crit': 1.3100450515843909, 'fuel_k': 0.2452052346716415, 'fuel_half': 37.53143375923462}. Best is trial 577 with value: -0.629883323094065.
[I 2026-07-25 00:34:35,118] Trial 674 finished with value: -0.558581237910533 and parameters: {'k1': 0.0015084963259318785, 'D_low': 76279.04891383344, 'k2': 0.0010589341008797313, 'D_high': 588.8800185407077, 'fire_exp': 1.3232079729596546, 'P_half': 3.799817849804654, 'pre_dampen_half': 3.851526104112577, 'gpp_af': 2.0648196251300672, 'gpp_b': 0.004650308078496121, 'gpp_d': 122.16896729627736, 'ign_k': 0.015239193230518613, 'ign_c': 30.318608764452268, 'trop_agb_crit': 5.221964563923928, 'trop_k_veg': 4.682239642764454, 'gdp_gamma': 0.38327166925342493, 'cure_k': 0.2424667121993784, 'cure_p_min': 387.92093876015997, 'cure_gpp_ref': 0.6247086521395607, 'cure_agb_crit': 6.933801008798321, 'fuel_k': 0.21101451034437824, 'fuel_half': 6.901557649430218}. Best is trial 577 with value: -0.629883323094065.
[I 2026-07-25 00:34:35,584] Trial 675 finished with value: 0.4091865818538932 and parameters: {'k1': 0.03641257106963671, 'D_low': 462.9938682521116, 'k2': 0.00598213864686223, 'D_high': 2095401.033747618, 'fire_exp': 1.123471434328271, 'P_half': 31.749685409182668, 'pre_dampen_half': 13.679629099092065, 'gpp_af': 0.0010936009881767842, 'gpp_b': 1.687881876664218e-05, 'gpp_d': 128.2603738358186, 'ign_k': 0.007666423486987183, 'ign_c': 15.44813776696796, 'trop_agb_crit': 26.053574674908976, 'trop_k_veg': 1.1388567544264465, 'gdp_gamma': 0.11396598939650555, 'cure_k': 0.0748975800000241, 'cure_p_min': 103.96821986156495, 'cure_gpp_ref': 0.1835623902128302, 'cure_agb_crit': 6.91053347361444, 'fuel_k': 0.048806236514139685, 'fuel_half': 5.016991908959138}. Best is trial 577 with value: -0.629883323094065.
[I 2026-07-25 00:34:36,042] Trial 676 finished with value: 0.5462200466462642 and parameters: {'k1': 0.0018799317090507134, 'D_low': 2924.505725414605, 'k2': 0.00042637812132653236, 'D_high': 132037.93463623003, 'fire_exp': 1.880752863008124, 'P_half': 14.827951510406393, 'pre_dampen_half': 0.14672409216777474, 'gpp_af': 2.9439339811771066, 'gpp_b': 0.00045661455702838147, 'gpp_d': 109.93833857836725, 'ign_k': 0.009958526016067136, 'ign_c': 30.976199929107292, 'trop_agb_crit': 29.07746508586524, 'trop_k_veg': 3.144919089285797, 'gdp_gamma': 0.37619606821271573, 'cure_k': 0.004944794292881681, 'cure_p_min': 169.33844353431743, 'cure_gpp_ref': 0.13024499867363465, 'cure_agb_crit': 3.279713149490263, 'fuel_k': 0.01985983743500215, 'fuel_half': 18.620425961680382}. Best is trial 577 with value: -0.629883323094065.
[I 2026-07-25 00:34:36,498] Trial 677 finished with value: 0.60456324684757 and parameters: {'k1': 0.0005658558725052332, 'D_low': 384.43726422113474, 'k2': 0.001627992347253683, 'D_high': 6336563.263688054, 'fire_exp': 4.8818029857975676, 'P_half': 32.80953097685749, 'pre_dampen_half': 75.74424622799003, 'gpp_af': 0.007076282537694312, 'gpp_b': 0.00027596338562148613, 'gpp_d': 0.3050482618333578, 'ign_k': 0.08361346318875033, 'ign_c': 130.4757060306144, 'trop_agb_crit': 9.408997054996577, 'trop_k_veg': 1.3906313275658355, 'gdp_gamma': 0.9073032210637608, 'cure_k': 0.0030104024397888366, 'cure_p_min': 95.75597688858142, 'cure_gpp_ref': 0.05950024837461722, 'cure_agb_crit': 1.44104265802956, 'fuel_k': 0.4141431523268755, 'fuel_half': 66.6702637206427}. Best is trial 577 with value: -0.629883323094065.
[I 2026-07-25 00:34:36,953] Trial 678 finished with value: 0.6068664149572165 and parameters: {'k1': 0.021078507429184337, 'D_low': 662.4687410016883, 'k2': 0.0013784681432234657, 'D_high': 2947359.975332766, 'fire_exp': 2.4968713777097817, 'P_half': 12.675026622206305, 'pre_dampen_half': 90.69603688800888, 'gpp_af': 0.0019420266629280986, 'gpp_b': 3.71533281378455e-05, 'gpp_d': 978.7172091564873, 'ign_k': 0.015204086818519149, 'ign_c': 589.3041459067138, 'trop_agb_crit': 14.937733768845291, 'trop_k_veg': 1.6413153166333123, 'gdp_gamma': 0.1522361338499053, 'cure_k': 0.004132687748182284, 'cure_p_min': 106.61138443248656, 'cure_gpp_ref': 0.3481688478409391, 'cure_agb_crit': 1.4949755567675076, 'fuel_k': 0.04806479495606904, 'fuel_half': 43.79029019195867}. Best is trial 577 with value: -0.629883323094065.
[I 2026-07-25 00:34:37,405] Trial 679 finished with value: 0.5666806462040086 and parameters: {'k1': 0.00017943026395267857, 'D_low': 4638.779980861602, 'k2': 1.6254103552133713e-05, 'D_high': 55098.36879462796, 'fire_exp': 1.6426016260694851, 'P_half': 2.275479986441643, 'pre_dampen_half': 0.020863442179139755, 'gpp_af': 0.0012201358956147258, 'gpp_b': 0.003294531583931554, 'gpp_d': 3.1816955158539573, 'ign_k': 0.040958428607581976, 'ign_c': 49.21622062814674, 'trop_agb_crit': 2.00765191786807, 'trop_k_veg': 0.5031977394607315, 'gdp_gamma': 1.2804862708970166, 'cure_k': 0.03527639608774331, 'cure_p_min': 335.0787006043571, 'cure_gpp_ref': 0.055584899304137896, 'cure_agb_crit': 1.3218990201005512, 'fuel_k': 0.011292227218326664, 'fuel_half': 61.628364006783926}. Best is trial 577 with value: -0.629883323094065.
[I 2026-07-25 00:34:37,858] Trial 680 finished with value: 0.41196498757522626 and parameters: {'k1': 3.797612984412965e-05, 'D_low': 13492.716724283011, 'k2': 0.00010490890116124412, 'D_high': 5734481.553621721, 'fire_exp': 3.150552507579948, 'P_half': 12.92546198115457, 'pre_dampen_half': 6.523594928483752, 'gpp_af': 0.023143348773967756, 'gpp_b': 0.0002924462801911414, 'gpp_d': 169.1134946807746, 'ign_k': 0.15720378523741116, 'ign_c': 4.629272791551795, 'trop_agb_crit': 2.872093671181571, 'trop_k_veg': 0.715817425055172, 'gdp_gamma': 0.8612369102585619, 'cure_k': 0.005772728173095931, 'cure_p_min': 369.0762100744085, 'cure_gpp_ref': 0.07703098389290236, 'cure_agb_crit': 2.0794925910602764, 'fuel_k': 0.09290889027961406, 'fuel_half': 17.766694645085618}. Best is trial 577 with value: -0.629883323094065.
[I 2026-07-25 00:34:38,315] Trial 681 finished with value: -0.540968956748175 and parameters: {'k1': 0.0009187863812951475, 'D_low': 286969.274375078, 'k2': 2.7705544390965006e-05, 'D_high': 6164585.929097351, 'fire_exp': 1.1299002224413677, 'P_half': 4.51551303387233, 'pre_dampen_half': 0.48688025340688634, 'gpp_af': 1.7002032999187628, 'gpp_b': 1.0499782010996896e-05, 'gpp_d': 296.3309665306979, 'ign_k': 0.013939191917940047, 'ign_c': 1.6334787056351885, 'trop_agb_crit': 6.512808794493276, 'trop_k_veg': 1.9188192343078476, 'gdp_gamma': 1.2255960885136923, 'cure_k': 0.09059962562059151, 'cure_p_min': 319.95805191037465, 'cure_gpp_ref': 0.5187720373023678, 'cure_agb_crit': 2.9811445972353185, 'fuel_k': 0.015358861234534539, 'fuel_half': 6.066339988135414}. Best is trial 577 with value: -0.629883323094065.
