[I 2026-07-22 18:44:29,182] Trial 384 finished with values: [-0.5479735092020085, 0.40864406576897194] and parameters: {'k1': 0.052334804885400876, 'D_low': 13.25142220631392, 'k2': 2.8459703343413838e-05, 'D_high': 708572.1663941594, 'fire_exp': 2.0165721691808587, 'P_half': 2.843767489444367, 'pre_dampen_half': 3.9885726374014694, 'gpp_af': 18.235072804314193, 'gpp_b': 0.0005392415140872105, 'gpp_d': 9.00460602264307, 'ign_k': 0.5131654955148324, 'ign_c': 14.452451441203314, 'trop_agb_crit': 5.707205898008383, 'trop_k_veg': 0.5415365826598848, 'fuel_k': 1.1820218758583807, 'fuel_half': 38.21129441691226}.
  trial  385/2500  pareto_size=4  best_taylor=0.6516  best_ilamb=0.5836  (2.7 min)
[I 2026-07-22 18:44:29,653] Trial 385 finished with values: [-0.6472632203733506, 0.27679870792962225] and parameters: {'k1': 0.0003199177539819797, 'D_low': 8454.098152188677, 'k2': 0.002342238625792905, 'D_high': 8433503.858791472, 'fire_exp': 8.791426299948917, 'P_half': 1.4378290221680121, 'pre_dampen_half': 33.71909132517388, 'gpp_af': 0.015350904103515228, 'gpp_b': 1.1698276136056565e-05, 'gpp_d': 6.91394869865762, 'ign_k': 4.59148521674054, 'ign_c': 0.13670484737132343, 'trop_agb_crit': 10.719494362768906, 'trop_k_veg': 2.3408809609838257, 'fuel_k': 3.6992394681929355, 'fuel_half': 81.87941582538087}.
[I 2026-07-22 18:44:30,064] Trial 386 finished with values: [10.766610338436612, 10.766610338436612] and parameters: {'k1': 0.0029282035181080004, 'D_low': 126.11058927054879, 'k2': 2.1698375693549493e-05, 'D_high': 160625.60954780428, 'fire_exp': 4.281147786738949, 'P_half': 1535.1441568398143, 'pre_dampen_half': 347.79988160923324, 'gpp_af': 0.25562996323356013, 'gpp_b': 0.0054502936945582505, 'gpp_d': 700.6693992445935, 'ign_k': 0.006290644294586149, 'ign_c': 11.40086370112731, 'trop_agb_crit': 20.205002815711154, 'trop_k_veg': 0.6921865222804094, 'fuel_k': 0.48736180483849406, 'fuel_half': 15.824830509704693}.
[I 2026-07-22 18:44:30,473] Trial 387 finished with values: [10.698307501645305, 10.698307501645305] and parameters: {'k1': 1.8205657658407255e-05, 'D_low': 247.75146043208053, 'k2': 1.6559474674046002e-05, 'D_high': 708572.1663941594, 'fire_exp': 1.3175349115759807, 'P_half': 7.890004262668578, 'pre_dampen_half': 0.04548188184581417, 'gpp_af': 0.005618069878716736, 'gpp_b': 8.129227514069975e-05, 'gpp_d': 8.057329182285729, 'ign_k': 0.0022267996908938684, 'ign_c': 72.99613382801451, 'trop_agb_crit': 5.707205898008383, 'trop_k_veg': 1.7518409078083697, 'fuel_k': 0.018207179480706392, 'fuel_half': 0.3335026483569958}.
[I 2026-07-22 18:44:30,886] Trial 388 finished with values: [10.762224614205993, 10.762224614205993] and parameters: {'k1': 0.0003199177539819797, 'D_low': 2.9612221068836555, 'k2': 0.035891558714508394, 'D_high': 2283.4228779494524, 'fire_exp': 1.182396148413737, 'P_half': 38.82837025280678, 'pre_dampen_half': 420.2116526335304, 'gpp_af': 0.015350904103515228, 'gpp_b': 2.8457393813758034, 'gpp_d': 2.2044650100999164, 'ign_k': 0.5670346335627292, 'ign_c': 3.0378658251922155, 'trop_agb_crit': 15.870971677383487, 'trop_k_veg': 1.7518409078083697, 'fuel_k': 0.6137000782082781, 'fuel_half': 38.21129441691226}.
[I 2026-07-22 18:44:31,298] Trial 389 finished with values: [-0.19781543917226033, 0.3631981361400529] and parameters: {'k1': 9.969469187531805e-05, 'D_low': 864.0717009254879, 'k2': 7.67074891445376e-05, 'D_high': 580966.5602369158, 'fire_exp': 1.4439251473259103, 'P_half': 9.324787201197319, 'pre_dampen_half': 33.71909132517388, 'gpp_af': 8.769726637617675, 'gpp_b': 3.228689523591491e-05, 'gpp_d': 302.3127748796295, 'ign_k': 0.009861808369679786, 'ign_c': 94.57692079529029, 'trop_agb_crit': 2.419699259862185, 'trop_k_veg': 1.140286245977296, 'fuel_k': 3.6992394681929355, 'fuel_half': 38.21129441691226}.
[I 2026-07-22 18:44:31,725] Trial 390 finished with values: [11.715320827092016, 11.715320827092016] and parameters: {'k1': 5.232779509048979e-05, 'D_low': 126.11058927054879, 'k2': 0.015109086063191909, 'D_high': 145242.37928628005, 'fire_exp': 2.1931399753552863, 'P_half': 2.843767489444367, 'pre_dampen_half': 94.20121790275627, 'gpp_af': 0.3259758793317361, 'gpp_b': 1.1698276136056565e-05, 'gpp_d': 3.0023172465753087, 'ign_k': 0.5670346335627292, 'ign_c': 4.1108484350212295, 'trop_agb_crit': 6.058402553512053, 'trop_k_veg': 3.024803048559367, 'fuel_k': 0.6211831489538813, 'fuel_half': 0.3625056554880307}.
[I 2026-07-22 18:44:32,141] Trial 391 finished with values: [10.758471443798584, 10.758471443798584] and parameters: {'k1': 0.011966626407443505, 'D_low': 105.0448464633852, 'k2': 0.01567230746060024, 'D_high': 558.9524205217922, 'fire_exp': 1.2242398136753672, 'P_half': 2.458603276328005, 'pre_dampen_half': 0.15406948278020088, 'gpp_af': 0.06789053271698488, 'gpp_b': 0.0054502936945582505, 'gpp_d': 0.08139347272614299, 'ign_k': 0.0013726318898045872, 'ign_c': 11.40086370112731, 'trop_agb_crit': 6.119263728555865, 'trop_k_veg': 2.417028380770307, 'fuel_k': 0.48736180483849406, 'fuel_half': 0.32476735706274484}.
[I 2026-07-22 18:44:32,566] Trial 392 finished with values: [10.4488284343772, 10.4488284343772] and parameters: {'k1': 0.00016480446427978953, 'D_low': 13.25142220631392, 'k2': 0.0009562822793888481, 'D_high': 107013.64911724928, 'fire_exp': 1.1258453832483524, 'P_half': 7683.876502998063, 'pre_dampen_half': 347.79988160923324, 'gpp_af': 0.49740621749684094, 'gpp_b': 0.0054502936945582505, 'gpp_d': 3.0023172465753087, 'ign_k': 0.5670346335627292, 'ign_c': 4.1108484350212295, 'trop_agb_crit': 20.205002815711154, 'trop_k_veg': 0.8258248924958269, 'fuel_k': 0.48736180483849406, 'fuel_half': 38.21129441691226}.
[I 2026-07-22 18:44:32,984] Trial 393 finished with values: [10.767557353358022, 10.767557353358022] and parameters: {'k1': 0.011966626407443505, 'D_low': 126.11058927054879, 'k2': 2.1698375693549493e-05, 'D_high': 316055.11434645456, 'fire_exp': 7.15130158264227, 'P_half': 7.890004262668578, 'pre_dampen_half': 6.881834772031151, 'gpp_af': 0.12243451886824051, 'gpp_b': 0.0005392415140872105, 'gpp_d': 0.08139347272614299, 'ign_k': 0.0013726318898045872, 'ign_c': 11.40086370112731, 'trop_agb_crit': 20.205002815711154, 'trop_k_veg': 2.417028380770307, 'fuel_k': 0.08612665817296865, 'fuel_half': 0.3335026483569958}.
[I 2026-07-22 18:44:33,404] Trial 394 finished with values: [12.605368032523147, 12.605368032523147] and parameters: {'k1': 0.00016480446427978953, 'D_low': 163.4864778201543, 'k2': 0.01567230746060024, 'D_high': 305369.47947832284, 'fire_exp': 1.0881360604103363, 'P_half': 13.019246714361572, 'pre_dampen_half': 36.876350096202984, 'gpp_af': 0.06789053271698488, 'gpp_b': 1.1698276136056565e-05, 'gpp_d': 2.8932721207381635, 'ign_k': 0.006039096247545781, 'ign_c': 0.9748197009262509, 'trop_agb_crit': 29.789943908227905, 'trop_k_veg': 4.130963924640279, 'fuel_k': 0.48736180483849406, 'fuel_half': 0.33988503110784557}.
[I 2026-07-22 18:44:33,825] Trial 395 finished with values: [10.43747218151102, 10.43747218151102] and parameters: {'k1': 9.969469187531805e-05, 'D_low': 1407.7923139972395, 'k2': 0.0038341488164556755, 'D_high': 580966.5602369158, 'fire_exp': 1.7124099831271415, 'P_half': 7.890004262668578, 'pre_dampen_half': 294.75617712568373, 'gpp_af': 0.005618069878716736, 'gpp_b': 0.0054502936945582505, 'gpp_d': 225.8132942030758, 'ign_k': 0.006290644294586149, 'ign_c': 11.40086370112731, 'trop_agb_crit': 5.707205898008383, 'trop_k_veg': 2.417028380770307, 'fuel_k': 0.48736180483849406, 'fuel_half': 2.276766792290519}.
[I 2026-07-22 18:44:34,259] Trial 396 finished with values: [-0.44504601986692593, 0.2094274015252382] and parameters: {'k1': 0.052334804885400876, 'D_low': 126.11058927054879, 'k2': 2.1698375693549493e-05, 'D_high': 160625.60954780428, 'fire_exp': 1.7124099831271415, 'P_half': 60.42560675552672, 'pre_dampen_half': 26.373339933815235, 'gpp_af': 0.49740621749684094, 'gpp_b': 0.0005392415140872105, 'gpp_d': 700.6693992445935, 'ign_k': 0.009861808369679786, 'ign_c': 8.405439129313676, 'trop_agb_crit': 15.870971677383487, 'trop_k_veg': 6.911478238001162, 'fuel_k': 5.486054129200971, 'fuel_half': 38.21129441691226}.
[I 2026-07-22 18:44:34,679] Trial 397 finished with values: [-0.47195059162049846, 0.26256586520577974] and parameters: {'k1': 0.011966626407443505, 'D_low': 140.92119204434155, 'k2': 2.8459703343413838e-05, 'D_high': 316055.11434645456, 'fire_exp': 1.2242398136753672, 'P_half': 2.843767489444367, 'pre_dampen_half': 3.9885726374014694, 'gpp_af': 0.06789053271698488, 'gpp_b': 0.0005392415140872105, 'gpp_d': 9.00460602264307, 'ign_k': 0.0013726318898045872, 'ign_c': 11.462237838612072, 'trop_agb_crit': 6.119263728555865, 'trop_k_veg': 2.417028380770307, 'fuel_k': 0.08612665817296865, 'fuel_half': 0.33988503110784557}.
[I 2026-07-22 18:44:35,104] Trial 398 finished with values: [10.400003409821823, 10.400003409821823] and parameters: {'k1': 0.003242143344038315, 'D_low': 143.02113373766244, 'k2': 0.001566517163094646, 'D_high': 580966.5602369158, 'fire_exp': 1.7124099831271415, 'P_half': 7.890004262668578, 'pre_dampen_half': 294.75617712568373, 'gpp_af': 0.12243451886824051, 'gpp_b': 0.03611645441147494, 'gpp_d': 12.151631524283598, 'ign_k': 0.009861808369679786, 'ign_c': 94.57692079529029, 'trop_agb_crit': 5.707205898008383, 'trop_k_veg': 2.417028380770307, 'fuel_k': 0.018207179480706392, 'fuel_half': 0.3335026483569958}.
[I 2026-07-22 18:44:35,521] Trial 399 finished with values: [10.76923076903347, 10.76923076903347] and parameters: {'k1': 9.969469187531805e-05, 'D_low': 864.0717009254879, 'k2': 4.509158385973329e-05, 'D_high': 708572.1663941594, 'fire_exp': 1.4439251473259103, 'P_half': 38.82837025280678, 'pre_dampen_half': 33.71909132517388, 'gpp_af': 8.769726637617675, 'gpp_b': 0.0005995821881487623, 'gpp_d': 6.91394869865762, 'ign_k': 0.5131654955148324, 'ign_c': 94.57692079529029, 'trop_agb_crit': 2.419699259862185, 'trop_k_veg': 1.7518409078083697, 'fuel_k': 3.6992394681929355, 'fuel_half': 38.21129441691226}.
[I 2026-07-22 18:44:35,937] Trial 400 finished with values: [10.927218016601843, 10.927218016601843] and parameters: {'k1': 0.0003199177539819797, 'D_low': 105.0448464633852, 'k2': 2.1698375693549493e-05, 'D_high': 8433503.858791472, 'fire_exp': 1.2242398136753672, 'P_half': 1.4378290221680121, 'pre_dampen_half': 26.373339933815235, 'gpp_af': 0.015350904103515228, 'gpp_b': 1.1698276136056565e-05, 'gpp_d': 0.08139347272614299, 'ign_k': 0.0013726318898045872, 'ign_c': 11.40086370112731, 'trop_agb_crit': 10.719494362768906, 'trop_k_veg': 2.417028380770307, 'fuel_k': 0.08612665817296865, 'fuel_half': 81.87941582538087}.
[I 2026-07-22 18:44:36,352] Trial 401 finished with values: [10.640300748217735, 10.640300748217735] and parameters: {'k1': 0.0003667128654092894, 'D_low': 1407.7923139972395, 'k2': 0.005259118659251229, 'D_high': 1026.0852623190942, 'fire_exp': 1.3411849220480432, 'P_half': 38.82837025280678, 'pre_dampen_half': 347.79988160923324, 'gpp_af': 70.3172069106713, 'gpp_b': 2.711380409817698e-05, 'gpp_d': 2.8006820077310226, 'ign_k': 0.01077788960207927, 'ign_c': 3.0378658251922155, 'trop_agb_crit': 12.285102065067687, 'trop_k_veg': 1.7518409078083697, 'fuel_k': 0.0500651901928747, 'fuel_half': 2.276766792290519}.
[I 2026-07-22 18:44:36,768] Trial 402 finished with values: [10.217874321208065, 10.217874321208065] and parameters: {'k1': 0.00016480446427978953, 'D_low': 11.459566575664761, 'k2': 0.0009670857606743155, 'D_high': 558.9524205217922, 'fire_exp': 1.1258453832483524, 'P_half': 12.38905291855107, 'pre_dampen_half': 19.21689966904806, 'gpp_af': 0.0023751383317256927, 'gpp_b': 1.1698276136056565e-05, 'gpp_d': 6.91394869865762, 'ign_k': 0.5670346335627292, 'ign_c': 16.626592254031866, 'trop_agb_crit': 5.115968405120539, 'trop_k_veg': 4.844706510617516, 'fuel_k': 1.663022877763097, 'fuel_half': 0.7498730336620313}.
[I 2026-07-22 18:44:37,184] Trial 403 finished with values: [-0.38449857623844796, 0.4951525267212098] and parameters: {'k1': 0.00016480446427978953, 'D_low': 89.35942907009701, 'k2': 0.012413450098922581, 'D_high': 160625.60954780428, 'fire_exp': 1.182396148413737, 'P_half': 13.019246714361572, 'pre_dampen_half': 347.79988160923324, 'gpp_af': 18.235072804314193, 'gpp_b': 0.0005995821881487623, 'gpp_d': 2.8006820077310226, 'ign_k': 0.003338063875587391, 'ign_c': 11.40086370112731, 'trop_agb_crit': 1.1195539271968775, 'trop_k_veg': 4.130963924640279, 'fuel_k': 0.48736180483849406, 'fuel_half': 18.202647368248815}.
[I 2026-07-22 18:44:37,607] Trial 404 finished with values: [10.717962413404967, 10.717962413404967] and parameters: {'k1': 0.07573282902008706, 'D_low': 2.9612221068836555, 'k2': 0.015109086063191909, 'D_high': 2283.4228779494524, 'fire_exp': 1.182396148413737, 'P_half': 65.33684593224972, 'pre_dampen_half': 0.15144408538724474, 'gpp_af': 0.3259758793317361, 'gpp_b': 0.0054502936945582505, 'gpp_d': 19.948958651882567, 'ign_k': 0.5670346335627292, 'ign_c': 16.626592254031866, 'trop_agb_crit': 15.870971677383487, 'trop_k_veg': 3.024803048559367, 'fuel_k': 0.6137000782082781, 'fuel_half': 18.202647368248815}.
[I 2026-07-22 18:44:38,043] Trial 405 finished with values: [10.320281522279892, 10.320281522279892] and parameters: {'k1': 1.8205657658407255e-05, 'D_low': 102.19595065529477, 'k2': 1.6559474674046002e-05, 'D_high': 708572.1663941594, 'fire_exp': 1.3175349115759807, 'P_half': 2.458603276328005, 'pre_dampen_half': 26.373339933815235, 'gpp_af': 0.12243451886824051, 'gpp_b': 8.129227514069975e-05, 'gpp_d': 8.057329182285729, 'ign_k': 0.0022267996908938684, 'ign_c': 0.19678273362633986, 'trop_agb_crit': 1.7813653882411722, 'trop_k_veg': 2.417028380770307, 'fuel_k': 0.08612665817296865, 'fuel_half': 0.3335026483569958}.
[I 2026-07-22 18:44:38,471] Trial 406 finished with values: [11.882898528011232, 11.882898528011232] and parameters: {'k1': 0.0003199177539819797, 'D_low': 13.25142220631392, 'k2': 1.6559474674046002e-05, 'D_high': 708572.1663941594, 'fire_exp': 1.3411849220480432, 'P_half': 119.9763911113096, 'pre_dampen_half': 26.373339933815235, 'gpp_af': 0.005618069878716736, 'gpp_b': 1.1698276136056565e-05, 'gpp_d': 2.2044650100999164, 'ign_k': 0.5131654955148324, 'ign_c': 3.0378658251922155, 'trop_agb_crit': 6.119263728555865, 'trop_k_veg': 1.7518409078083697, 'fuel_k': 0.0500651901928747, 'fuel_half': 38.21129441691226}.
[I 2026-07-22 18:44:38,891] Trial 407 finished with values: [10.76923076903347, 10.76923076903347] and parameters: {'k1': 9.969469187531805e-05, 'D_low': 864.0717009254879, 'k2': 0.0009670857606743155, 'D_high': 580966.5602369158, 'fire_exp': 1.4439251473259103, 'P_half': 1212.4080603355412, 'pre_dampen_half': 33.71909132517388, 'gpp_af': 8.769726637617675, 'gpp_b': 0.0054502936945582505, 'gpp_d': 6.91394869865762, 'ign_k': 0.5670346335627292, 'ign_c': 94.57692079529029, 'trop_agb_crit': 2.419699259862185, 'trop_k_veg': 4.844706510617516, 'fuel_k': 3.6992394681929355, 'fuel_half': 0.3625056554880307}.
[I 2026-07-22 18:44:39,322] Trial 408 finished with values: [10.393585741909074, 10.393585741909074] and parameters: {'k1': 0.011966626407443505, 'D_low': 105.0448464633852, 'k2': 0.0007081721844034209, 'D_high': 316055.11434645456, 'fire_exp': 1.2310899049053081, 'P_half': 1025.3368317956683, 'pre_dampen_half': 26.373339933815235, 'gpp_af': 0.3259758793317361, 'gpp_b': 1.1698276136056565e-05, 'gpp_d': 0.08139347272614299, 'ign_k': 0.0013726318898045872, 'ign_c': 11.40086370112731, 'trop_agb_crit': 9.362115196011851, 'trop_k_veg': 2.417028380770307, 'fuel_k': 0.6211831489538813, 'fuel_half': 0.3335026483569958}.
[I 2026-07-22 18:44:39,747] Trial 409 finished with values: [10.006678372601227, 10.006678372601227] and parameters: {'k1': 0.00023352156626184448, 'D_low': 247.75146043208053, 'k2': 1.6559474674046002e-05, 'D_high': 708572.1663941594, 'fire_exp': 1.2310899049053081, 'P_half': 38.82837025280678, 'pre_dampen_half': 0.46504594134732663, 'gpp_af': 18.235072804314193, 'gpp_b': 1.7565109007473816e-05, 'gpp_d': 8.057329182285729, 'ign_k': 0.5131654955148324, 'ign_c': 14.074279366401672, 'trop_agb_crit': 9.362115196011851, 'trop_k_veg': 1.7518409078083697, 'fuel_k': 0.0500651901928747, 'fuel_half': 0.3335026483569958}.
[I 2026-07-22 18:44:40,162] Trial 410 finished with values: [10.089409516288933, 10.089409516288933] and parameters: {'k1': 2.27847364377152e-05, 'D_low': 4.043300846639722, 'k2': 0.030699709531122953, 'D_high': 16392.60991832772, 'fire_exp': 1.2310899049053081, 'P_half': 7.890004262668578, 'pre_dampen_half': 294.75617712568373, 'gpp_af': 0.008562341633595545, 'gpp_b': 0.0005995821881487623, 'gpp_d': 9.00460602264307, 'ign_k': 0.03141110271934876, 'ign_c': 0.11650681118986138, 'trop_agb_crit': 5.707205898008383, 'trop_k_veg': 2.417028380770307, 'fuel_k': 0.48736180483849406, 'fuel_half': 81.87941582538087}.
[I 2026-07-22 18:44:40,580] Trial 411 finished with values: [10.617498329611982, 10.617498329611982] and parameters: {'k1': 0.00023352156626184448, 'D_low': 4.043300846639722, 'k2': 1.6559474674046002e-05, 'D_high': 160625.60954780428, 'fire_exp': 1.182396148413737, 'P_half': 1938.3858782150498, 'pre_dampen_half': 33.97904243111269, 'gpp_af': 18.235072804314193, 'gpp_b': 3.228689523591491e-05, 'gpp_d': 0.4841900740994021, 'ign_k': 0.5131654955148324, 'ign_c': 4.1108484350212295, 'trop_agb_crit': 29.789943908227905, 'trop_k_veg': 1.7518409078083697, 'fuel_k': 5.486054129200971, 'fuel_half': 18.202647368248815}.
[I 2026-07-22 18:44:40,998] Trial 412 finished with values: [11.671341905934264, 11.671341905934264] and parameters: {'k1': 0.0029707920514735983, 'D_low': 4.043300846639722, 'k2': 0.020679187143488792, 'D_high': 8433503.858791472, 'fire_exp': 8.791426299948917, 'P_half': 1.4378290221680121, 'pre_dampen_half': 33.71909132517388, 'gpp_af': 42.29037995744429, 'gpp_b': 3.228689523591491e-05, 'gpp_d': 857.4284557962626, 'ign_k': 4.59148521674054, 'ign_c': 0.13670484737132343, 'trop_agb_crit': 10.719494362768906, 'trop_k_veg': 1.140286245977296, 'fuel_k': 5.486054129200971, 'fuel_half': 18.202647368248815}.
[I 2026-07-22 18:44:41,418] Trial 413 finished with values: [10.76783940503644, 10.76783940503644] and parameters: {'k1': 0.011966626407443505, 'D_low': 1.7887890916820506, 'k2': 0.001566517163094646, 'D_high': 3848.7982105145707, 'fire_exp': 1.2242398136753672, 'P_half': 7.890004262668578, 'pre_dampen_half': 0.4016986062226068, 'gpp_af': 0.017521503225602402, 'gpp_b': 1.7565109007473816e-05, 'gpp_d': 9.00460602264307, 'ign_k': 3.284529979576942, 'ign_c': 29.415751391396558, 'trop_agb_crit': 9.362115196011851, 'trop_k_veg': 3.5482529660381696, 'fuel_k': 0.08612665817296865, 'fuel_half': 0.3335026483569958}.
[I 2026-07-22 18:44:41,836] Trial 414 finished with values: [10.763697800795402, 10.763697800795402] and parameters: {'k1': 0.002971796631657383, 'D_low': 163.4864778201543, 'k2': 0.0007081721844034209, 'D_high': 305369.47947832284, 'fire_exp': 8.791426299948917, 'P_half': 1025.3368317956683, 'pre_dampen_half': 33.71909132517388, 'gpp_af': 0.015350904103515228, 'gpp_b': 1.1698276136056565e-05, 'gpp_d': 2.2044650100999164, 'ign_k': 4.59148521674054, 'ign_c': 0.13670484737132343, 'trop_agb_crit': 10.719494362768906, 'trop_k_veg': 3.024803048559367, 'fuel_k': 0.029111707920759254, 'fuel_half': 81.87941582538087}.
[I 2026-07-22 18:44:42,255] Trial 415 finished with values: [10.654119588789602, 10.654119588789602] and parameters: {'k1': 0.0029282035181080004, 'D_low': 13.25142220631392, 'k2': 0.001566517163094646, 'D_high': 708572.1663941594, 'fire_exp': 1.2242398136753672, 'P_half': 1535.1441568398143, 'pre_dampen_half': 0.4016986062226068, 'gpp_af': 0.49740621749684094, 'gpp_b': 1.7565109007473816e-05, 'gpp_d': 0.06888046676681166, 'ign_k': 3.284529979576942, 'ign_c': 11.40086370112731, 'trop_agb_crit': 9.362115196011851, 'trop_k_veg': 3.028464701337094, 'fuel_k': 0.48736180483849406, 'fuel_half': 38.21129441691226}.
[I 2026-07-22 18:44:42,669] Trial 416 finished with values: [10.52237472396681, 10.52237472396681] and parameters: {'k1': 0.0029707920514735983, 'D_low': 1.7887890916820506, 'k2': 0.001566517163094646, 'D_high': 316055.11434645456, 'fire_exp': 1.182396148413737, 'P_half': 1938.3858782150498, 'pre_dampen_half': 0.4016986062226068, 'gpp_af': 0.0025511964576171086, 'gpp_b': 3.228689523591491e-05, 'gpp_d': 9.00460602264307, 'ign_k': 3.284529979576942, 'ign_c': 11.40086370112731, 'trop_agb_crit': 15.870971677383487, 'trop_k_veg': 2.417028380770307, 'fuel_k': 5.486054129200971, 'fuel_half': 18.202647368248815}.
[I 2026-07-22 18:44:43,087] Trial 417 finished with values: [10.584398475865424, 10.584398475865424] and parameters: {'k1': 0.052334804885400876, 'D_low': 4.043300846639722, 'k2': 2.8459703343413838e-05, 'D_high': 160625.60954780428, 'fire_exp': 2.0165721691808587, 'P_half': 1938.3858782150498, 'pre_dampen_half': 33.97904243111269, 'gpp_af': 18.235072804314193, 'gpp_b': 3.228689523591491e-05, 'gpp_d': 857.4284557962626, 'ign_k': 0.03141110271934876, 'ign_c': 3.0378658251922155, 'trop_agb_crit': 15.870971677383487, 'trop_k_veg': 6.911478238001162, 'fuel_k': 1.1820218758583807, 'fuel_half': 38.21129441691226}.
[I 2026-07-22 18:44:43,504] Trial 418 finished with values: [-0.5380361366062427, 0.4025063533040544] and parameters: {'k1': 0.002968335334246999, 'D_low': 126.11058927054879, 'k2': 0.0007081721844034209, 'D_high': 580966.5602369158, 'fire_exp': 1.7124099831271415, 'P_half': 7.890004262668578, 'pre_dampen_half': 6.881834772031151, 'gpp_af': 0.12243451886824051, 'gpp_b': 3.228689523591491e-05, 'gpp_d': 0.015253065480601964, 'ign_k': 3.210808548911192, 'ign_c': 11.40086370112731, 'trop_agb_crit': 1.5774541406529003, 'trop_k_veg': 1.6340262437673856, 'fuel_k': 0.48736180483849406, 'fuel_half': 0.32476735706274484}.
