[I 2026-08-20 01:07:37,172] Trial 2242 finished with value: 0.6516376920617901 and parameters: {'k1': 0.011009243042468047, 'D_low': 2.071971430682246, 'k2': 0.001513487274870159, 'D_high': 108863.99872638601, 'fire_exp': 1.590927258036575, 'P_half': 1.6998280348776607, 'pre_dampen_half': 5.1464803601968665, 'gpp_af': 71.40222573654802, 'gpp_b': 0.001301528859029849, 'gpp_d': 744.2797528735163, 'ign_k': 2.5806370717301323, 'ign_c': 36.366829787380894, 'trop_agb_crit': 16.792332356273846, 'trop_k_veg': 3.3393407448797117}. Best is trial 1285 with value: -0.6015874360929447.
[I 2026-08-20 01:07:38,574] Trial 2243 finished with value: 0.6445374145881376 and parameters: {'k1': 0.001347720672691804, 'D_low': 14968.656541108227, 'k2': 0.013330689480084538, 'D_high': 247.7743571122797, 'fire_exp': 9.173099350092032, 'P_half': 2.333977192686949, 'pre_dampen_half': 2.453352986081331, 'gpp_af': 0.07718223217392328, 'gpp_b': 2.3357278468951077, 'gpp_d': 165.3153081001283, 'ign_k': 0.0021980905680769685, 'ign_c': 1.2896663640357713, 'trop_agb_crit': 20.096199596922972, 'trop_k_veg': 2.5820283274436315}. Best is trial 1285 with value: -0.6015874360929447.
[I 2026-08-20 01:07:40,010] Trial 2244 finished with value: 0.6445374145881376 and parameters: {'k1': 0.000180778781279154, 'D_low': 64.9882486196596, 'k2': 2.8541946062178914e-05, 'D_high': 68319.97815773197, 'fire_exp': 9.735473439977683, 'P_half': 224.50998734336096, 'pre_dampen_half': 469.3721949799129, 'gpp_af': 25.042347600892047, 'gpp_b': 2.249493057577139, 'gpp_d': 0.023580741643048957, 'ign_k': 0.029344988542276244, 'ign_c': 83.39671866971183, 'trop_agb_crit': 13.478370216858764, 'trop_k_veg': 5.1390691576838865}. Best is trial 1285 with value: -0.6015874360929447.
[I 2026-08-20 01:07:41,445] Trial 2245 finished with value: 0.5434452457987364 and parameters: {'k1': 0.0061291200774861955, 'D_low': 71.11749346611137, 'k2': 1.4185119692946378e-05, 'D_high': 2180676.4019008623, 'fire_exp': 1.709910973547595, 'P_half': 8.476784354329613, 'pre_dampen_half': 0.04559357932850532, 'gpp_af': 22.10915061415013, 'gpp_b': 0.0005498670565831578, 'gpp_d': 349.2872813731889, 'ign_k': 0.0478671845392669, 'ign_c': 14.801893185444381, 'trop_agb_crit': 24.108778856939097, 'trop_k_veg': 1.8802684344552558}. Best is trial 1285 with value: -0.6015874360929447.
[I 2026-08-20 01:07:42,900] Trial 2246 finished with value: -0.5678895777022059 and parameters: {'k1': 0.011157113030048115, 'D_low': 3871.7336722823575, 'k2': 0.00013487579903935946, 'D_high': 2492174.8362881015, 'fire_exp': 2.5165491667710045, 'P_half': 25.262947301744376, 'pre_dampen_half': 2.3601668023405753, 'gpp_af': 10.28436708200853, 'gpp_b': 0.0024863621492932308, 'gpp_d': 169.13232593083615, 'ign_k': 0.29429648784540885, 'ign_c': 0.7212368095197383, 'trop_agb_crit': 26.893123131395136, 'trop_k_veg': 4.3351999928653004}. Best is trial 1285 with value: -0.6015874360929447.
[I 2026-08-20 01:07:44,336] Trial 2247 finished with value: 0.5769583575352367 and parameters: {'k1': 0.0014916145874508764, 'D_low': 10791.426642495468, 'k2': 0.001333311633757702, 'D_high': 1353267.1565541953, 'fire_exp': 1.390148930592714, 'P_half': 1803.8834782637655, 'pre_dampen_half': 0.19402848590838045, 'gpp_af': 1.1951632094152889, 'gpp_b': 1.691575025711456e-05, 'gpp_d': 172.18625151709256, 'ign_k': 1.0718096474821608, 'ign_c': 20.878147938142245, 'trop_agb_crit': 26.591516973427524, 'trop_k_veg': 1.4028765727673465}. Best is trial 1285 with value: -0.6015874360929447.
[I 2026-08-20 01:07:45,833] Trial 2248 finished with value: 0.6447577226121542 and parameters: {'k1': 0.0036930026562713575, 'D_low': 2.469271115804695, 'k2': 0.00041606090063650846, 'D_high': 2992.3428281133965, 'fire_exp': 4.95384674816807, 'P_half': 6901.687592945674, 'pre_dampen_half': 242.7806320709891, 'gpp_af': 0.029194732118089768, 'gpp_b': 0.1429083379787882, 'gpp_d': 2.3356285057277257, 'ign_k': 0.01674945270164482, 'ign_c': 5.78927667921232, 'trop_agb_crit': 13.740228496483189, 'trop_k_veg': 4.211414606962664}. Best is trial 1285 with value: -0.6015874360929447.
[I 2026-08-20 01:07:47,305] Trial 2249 finished with value: 0.6302970898556377 and parameters: {'k1': 0.007121258829418302, 'D_low': 2.1675247767315593, 'k2': 0.000832051858661614, 'D_high': 323050.69480300124, 'fire_exp': 6.669054960516979, 'P_half': 207.471082018911, 'pre_dampen_half': 469.96262986707643, 'gpp_af': 0.06724404383074485, 'gpp_b': 0.07463100439723105, 'gpp_d': 23.500275602542228, 'ign_k': 6.370669469395468, 'ign_c': 22.66126622377826, 'trop_agb_crit': 10.085352859596664, 'trop_k_veg': 3.193999199915276}. Best is trial 1285 with value: -0.6015874360929447.
[I 2026-08-20 01:07:48,732] Trial 2250 finished with value: 0.5232996217808408 and parameters: {'k1': 0.004037372184040773, 'D_low': 4520.665182016536, 'k2': 3.693718722325441e-05, 'D_high': 757539.7105390892, 'fire_exp': 2.2275710436673046, 'P_half': 21.03950504356578, 'pre_dampen_half': 1.5961098435284138, 'gpp_af': 0.26571775797675873, 'gpp_b': 0.05845343954782806, 'gpp_d': 404.3993131661678, 'ign_k': 0.2359584358839836, 'ign_c': 1.9265578321901269, 'trop_agb_crit': 6.663549455242655, 'trop_k_veg': 4.830842208113542}. Best is trial 1285 with value: -0.6015874360929447.
[I 2026-08-20 01:07:50,178] Trial 2251 finished with value: 0.590138717133218 and parameters: {'k1': 0.0002631990258980663, 'D_low': 48.60809343449348, 'k2': 0.0004494048806114239, 'D_high': 146229.75167314493, 'fire_exp': 2.6806452133999517, 'P_half': 92.39207398780806, 'pre_dampen_half': 3.3245890411106074, 'gpp_af': 0.004094472871703523, 'gpp_b': 0.0047321330337423625, 'gpp_d': 3.8297203088723317, 'ign_k': 5.935379666619544, 'ign_c': 4.818529893785453, 'trop_agb_crit': 3.111277543320677, 'trop_k_veg': 1.4219493297634351}. Best is trial 1285 with value: -0.6015874360929447.
[I 2026-08-20 01:07:51,663] Trial 2252 finished with value: 0.605232648123417 and parameters: {'k1': 0.035623124590707565, 'D_low': 38880.06006931255, 'k2': 0.0002751163213072609, 'D_high': 157847.60811931954, 'fire_exp': 3.1105666945309074, 'P_half': 73.75002259475663, 'pre_dampen_half': 3.7817160540265684, 'gpp_af': 1.8846823705672453, 'gpp_b': 0.17452841458582832, 'gpp_d': 116.72332094017118, 'ign_k': 1.6084469030096487, 'ign_c': 3.5586035687191986, 'trop_agb_crit': 9.41839302920572, 'trop_k_veg': 1.422311768963871}. Best is trial 1285 with value: -0.6015874360929447.
[I 2026-08-20 01:07:53,044] Trial 2253 finished with value: -0.5438917310957988 and parameters: {'k1': 0.09882394314219015, 'D_low': 23.4124089003192, 'k2': 5.0736448703773786e-05, 'D_high': 3076532.7563950676, 'fire_exp': 2.1938685375314946, 'P_half': 1.1091895384624069, 'pre_dampen_half': 1.4964731319526787, 'gpp_af': 7.590743274046101, 'gpp_b': 0.00344441623713928, 'gpp_d': 33.397993348086096, 'ign_k': 0.0757863258326797, 'ign_c': 1.5634815633295505, 'trop_agb_crit': 19.764640703093722, 'trop_k_veg': 2.4791072890947885}. Best is trial 1285 with value: -0.6015874360929447.
[I 2026-08-20 01:07:54,958] Trial 2254 finished with value: 0.5840898386012243 and parameters: {'k1': 0.045508577822530066, 'D_low': 35730.47404385526, 'k2': 0.0001333334924267257, 'D_high': 1036680.7723887257, 'fire_exp': 2.516005311720889, 'P_half': 9.766335338345275, 'pre_dampen_half': 1.8763707263446334, 'gpp_af': 1.7447279823820607, 'gpp_b': 0.11069985509158609, 'gpp_d': 67.02901396362452, 'ign_k': 0.8282453682053316, 'ign_c': 2.762090168211451, 'trop_agb_crit': 22.35856856816452, 'trop_k_veg': 2.416326079708847}. Best is trial 1285 with value: -0.6015874360929447.
[I 2026-08-20 01:07:56,367] Trial 2255 finished with value: 0.47224821097383063 and parameters: {'k1': 0.003861049694263045, 'D_low': 1361.0249077737315, 'k2': 0.0029794806997838655, 'D_high': 4045511.418500333, 'fire_exp': 4.661447459115685, 'P_half': 68.87965294746097, 'pre_dampen_half': 3.2992699883715537, 'gpp_af': 10.452652672480966, 'gpp_b': 0.029928476288856008, 'gpp_d': 715.8121601349844, 'ign_k': 3.4995492286688714, 'ign_c': 4.676247575602915, 'trop_agb_crit': 24.72728107828735, 'trop_k_veg': 2.3880856034645355}. Best is trial 1285 with value: -0.6015874360929447.
[I 2026-08-20 01:07:57,817] Trial 2256 finished with value: 0.6236306037759366 and parameters: {'k1': 0.07584316800834145, 'D_low': 148.06274148447778, 'k2': 4.8981905314853375e-05, 'D_high': 214090.5527516087, 'fire_exp': 3.94541680768898, 'P_half': 284.9675729478512, 'pre_dampen_half': 324.2351032413971, 'gpp_af': 1.552486416104262, 'gpp_b': 2.319398105577003, 'gpp_d': 39.235878237669816, 'ign_k': 0.7643475620945404, 'ign_c': 25.812844176693975, 'trop_agb_crit': 15.264333491009978, 'trop_k_veg': 2.8203124266935644}. Best is trial 1285 with value: -0.6015874360929447.
[I 2026-08-20 01:07:59,246] Trial 2257 finished with value: 0.6445374145881376 and parameters: {'k1': 0.03981624706588603, 'D_low': 30.359073561088902, 'k2': 0.01722631817559358, 'D_high': 647863.7981259282, 'fire_exp': 2.8883913824476037, 'P_half': 125.87565836432357, 'pre_dampen_half': 0.027392959778706566, 'gpp_af': 79.14367856989003, 'gpp_b': 0.7310907437861838, 'gpp_d': 0.022582317532875887, 'ign_k': 0.005578222462149256, 'ign_c': 0.22152782104289104, 'trop_agb_crit': 10.754059622122796, 'trop_k_veg': 1.7974030950514872}. Best is trial 1285 with value: -0.6015874360929447.
[I 2026-08-20 01:08:00,673] Trial 2258 finished with value: 0.5831577254163692 and parameters: {'k1': 4.5984718631102216e-05, 'D_low': 26.35446827564351, 'k2': 0.0012270102934669265, 'D_high': 614086.2450737046, 'fire_exp': 4.735592001808972, 'P_half': 75.54151868615452, 'pre_dampen_half': 4.743846767658699, 'gpp_af': 4.506901961475144, 'gpp_b': 0.0025297430404371294, 'gpp_d': 1.2382648420168851, 'ign_k': 3.8706634258739756, 'ign_c': 8.361002439068693, 'trop_agb_crit': 27.582380783452727, 'trop_k_veg': 4.528953025053679}. Best is trial 1285 with value: -0.6015874360929447.
[I 2026-08-20 01:08:02,054] Trial 2259 finished with value: 0.4376288011378835 and parameters: {'k1': 0.022920759601409962, 'D_low': 3.108174508731287, 'k2': 1.2166509354707245e-05, 'D_high': 6984492.543879166, 'fire_exp': 4.705055271451904, 'P_half': 4.729827216533245, 'pre_dampen_half': 91.02632675310694, 'gpp_af': 0.07294916496800152, 'gpp_b': 0.000239405568408771, 'gpp_d': 320.2523144473653, 'ign_k': 0.23306685925802997, 'ign_c': 4.719036297414698, 'trop_agb_crit': 9.782689769260214, 'trop_k_veg': 2.769588822577621}. Best is trial 1285 with value: -0.6015874360929447.
[I 2026-08-20 01:08:03,449] Trial 2260 finished with value: 0.5037082461122157 and parameters: {'k1': 4.853010580637695e-05, 'D_low': 122.34021720096108, 'k2': 2.3655335791241092e-05, 'D_high': 720365.0004046605, 'fire_exp': 3.050221103249027, 'P_half': 3.7548674416361987, 'pre_dampen_half': 1.3124983807437756, 'gpp_af': 2.5690689510150246, 'gpp_b': 0.012207257555911415, 'gpp_d': 167.74046133797276, 'ign_k': 0.7259755489101033, 'ign_c': 6.501360411118037, 'trop_agb_crit': 9.015914568505726, 'trop_k_veg': 3.1777462611352685}. Best is trial 1285 with value: -0.6015874360929447.
[I 2026-08-20 01:08:04,852] Trial 2261 finished with value: 0.5257184924660312 and parameters: {'k1': 0.05391169339290471, 'D_low': 62.77070313812802, 'k2': 0.0005577074902108793, 'D_high': 1136132.867823827, 'fire_exp': 3.0815973975723145, 'P_half': 50.083156249577215, 'pre_dampen_half': 1.1883214210199264, 'gpp_af': 1.718119866428691, 'gpp_b': 0.00020048520146420258, 'gpp_d': 172.6206304096286, 'ign_k': 0.08230796886816656, 'ign_c': 10.511961804940979, 'trop_agb_crit': 17.370793176505373, 'trop_k_veg': 2.652724731185207}. Best is trial 1285 with value: -0.6015874360929447.
[I 2026-08-20 01:08:06,277] Trial 2262 finished with value: 0.4565794340777225 and parameters: {'k1': 0.05757693193575946, 'D_low': 545.9564072596661, 'k2': 0.00014609262106477693, 'D_high': 354210.24477638706, 'fire_exp': 1.7481777630547861, 'P_half': 12.414951083219664, 'pre_dampen_half': 0.39497437101300714, 'gpp_af': 1.8526839393907213, 'gpp_b': 0.016112556703030762, 'gpp_d': 183.4876515076544, 'ign_k': 1.535702904144562, 'ign_c': 1.5131741482671046, 'trop_agb_crit': 11.659522881206307, 'trop_k_veg': 2.7127625504930015}. Best is trial 1285 with value: -0.6015874360929447.
[I 2026-08-20 01:08:07,647] Trial 2263 finished with value: 0.45977145903407846 and parameters: {'k1': 0.0010997422002767643, 'D_low': 2969.173680238776, 'k2': 0.0001590923217901774, 'D_high': 7805231.718132051, 'fire_exp': 1.6976873213956758, 'P_half': 365.7137916376266, 'pre_dampen_half': 43.942037087182776, 'gpp_af': 0.3217335027029237, 'gpp_b': 0.007878083344729883, 'gpp_d': 27.935114604148747, 'ign_k': 0.06549427919245282, 'ign_c': 5.534814942464273, 'trop_agb_crit': 11.273036120502793, 'trop_k_veg': 6.679645561786674}. Best is trial 1285 with value: -0.6015874360929447.
[I 2026-08-20 01:08:09,181] Trial 2264 finished with value: 0.6445374145881376 and parameters: {'k1': 0.005153047698466749, 'D_low': 27343.969670710565, 'k2': 0.0017728618878660478, 'D_high': 22.374130097956446, 'fire_exp': 1.6788422843820718, 'P_half': 5.397566907358211, 'pre_dampen_half': 16.445116923511808, 'gpp_af': 0.008453764032327884, 'gpp_b': 0.35200342371559906, 'gpp_d': 292.18145593057403, 'ign_k': 0.0031902971991412724, 'ign_c': 27.93450858799989, 'trop_agb_crit': 1.7047126912322244, 'trop_k_veg': 5.663622936408991}. Best is trial 1285 with value: -0.6015874360929447.
[I 2026-08-20 01:08:10,585] Trial 2265 finished with value: 0.5793450417582795 and parameters: {'k1': 0.03439848978198239, 'D_low': 27.244419965164163, 'k2': 4.2004839902653516e-05, 'D_high': 107323.740909448, 'fire_exp': 1.7088082644809415, 'P_half': 26.635569151314538, 'pre_dampen_half': 0.5006812647633564, 'gpp_af': 89.91089894954644, 'gpp_b': 0.0005642566564777608, 'gpp_d': 36.31116207833845, 'ign_k': 0.030044770316392272, 'ign_c': 11.66196815989815, 'trop_agb_crit': 17.193887127944553, 'trop_k_veg': 5.897503699245051}. Best is trial 1285 with value: -0.6015874360929447.
[I 2026-08-20 01:08:12,030] Trial 2266 finished with value: 0.6337032162954697 and parameters: {'k1': 0.05249165734431697, 'D_low': 21.981558872170943, 'k2': 0.005512256460957111, 'D_high': 72.16390730312092, 'fire_exp': 5.760111599583426, 'P_half': 10.12682196948226, 'pre_dampen_half': 657.7920456942064, 'gpp_af': 1.6914387609169939, 'gpp_b': 1.9098662798035737, 'gpp_d': 15.507260560341324, 'ign_k': 0.07210015510503723, 'ign_c': 1.632809181692691, 'trop_agb_crit': 1.403011543242261, 'trop_k_veg': 0.612937403420809}. Best is trial 1285 with value: -0.6015874360929447.
[I 2026-08-20 01:08:13,401] Trial 2267 finished with value: 0.5889678133984548 and parameters: {'k1': 0.01132168919453077, 'D_low': 4.408713623499547, 'k2': 0.00037033371379153443, 'D_high': 95175.25034391675, 'fire_exp': 2.301370573447646, 'P_half': 46.42636634651167, 'pre_dampen_half': 0.03127729826984948, 'gpp_af': 0.7792279172722303, 'gpp_b': 0.0023700287817356096, 'gpp_d': 5.491266610090257, 'ign_k': 0.2529191258757389, 'ign_c': 31.586192812215227, 'trop_agb_crit': 24.65082621290699, 'trop_k_veg': 2.2900212194762197}. Best is trial 1285 with value: -0.6015874360929447.
[I 2026-08-20 01:08:14,870] Trial 2268 finished with value: 0.6327073165041355 and parameters: {'k1': 0.06614270561525412, 'D_low': 193.84818757409136, 'k2': 0.002050188831378292, 'D_high': 32263.64287218241, 'fire_exp': 7.008712450624132, 'P_half': 18.857432757068622, 'pre_dampen_half': 179.69871580311943, 'gpp_af': 0.21120142040518236, 'gpp_b': 3.595692497572082e-05, 'gpp_d': 0.029458434184114826, 'ign_k': 0.0015175547053176393, 'ign_c': 23.22238019764886, 'trop_agb_crit': 26.853652572549088, 'trop_k_veg': 0.6072441035320961}. Best is trial 1285 with value: -0.6015874360929447.
[I 2026-08-20 01:08:16,789] Trial 2269 finished with value: 0.6148755546362321 and parameters: {'k1': 0.004512174599327978, 'D_low': 2.593524983894613, 'k2': 0.06107409550919549, 'D_high': 959.6163561778958, 'fire_exp': 3.3057033098889463, 'P_half': 962.3223693008417, 'pre_dampen_half': 715.0459822558025, 'gpp_af': 9.693408394140038, 'gpp_b': 1.824007263256015e-05, 'gpp_d': 397.48153723755786, 'ign_k': 0.0053310222800154825, 'ign_c': 9.393500097901216, 'trop_agb_crit': 11.020827542258427, 'trop_k_veg': 2.3472291862781356}. Best is trial 1285 with value: -0.6015874360929447.
[I 2026-08-20 01:08:18,179] Trial 2270 finished with value: 0.6138984749304236 and parameters: {'k1': 0.006474336656978897, 'D_low': 1.6233998517666322, 'k2': 0.015264923510004861, 'D_high': 798173.948415263, 'fire_exp': 1.4330517518610022, 'P_half': 3938.9870464076052, 'pre_dampen_half': 11.477048986729274, 'gpp_af': 0.014353178963884345, 'gpp_b': 0.6628713998604291, 'gpp_d': 24.79552858708212, 'ign_k': 0.4093317764579186, 'ign_c': 1.9250648457695414, 'trop_agb_crit': 3.2439214322366796, 'trop_k_veg': 0.5171422557245404}. Best is trial 1285 with value: -0.6015874360929447.
[I 2026-08-20 01:08:19,593] Trial 2271 finished with value: 0.5271784667391138 and parameters: {'k1': 0.0010298916150015198, 'D_low': 46.524691627554056, 'k2': 0.0003872124714445485, 'D_high': 112174.91324492363, 'fire_exp': 6.0395370525151115, 'P_half': 67.36394603472662, 'pre_dampen_half': 8.08151869227842, 'gpp_af': 0.25366014721117547, 'gpp_b': 0.0001555155103477172, 'gpp_d': 18.094331726011383, 'ign_k': 1.4748993657490888, 'ign_c': 13.297314889587915, 'trop_agb_crit': 2.6943091197461406, 'trop_k_veg': 0.8576261332330144}. Best is trial 1285 with value: -0.6015874360929447.
[I 2026-08-20 01:08:21,049] Trial 2272 finished with value: 0.6445905746794152 and parameters: {'k1': 0.00010485129614837064, 'D_low': 232456.91183508644, 'k2': 0.002506302326280281, 'D_high': 415081.66943563684, 'fire_exp': 2.467153579319488, 'P_half': 1.003059546115752, 'pre_dampen_half': 0.23304341615636576, 'gpp_af': 2.6508548117979105, 'gpp_b': 1.4501721706367003, 'gpp_d': 633.8524181740506, 'ign_k': 0.03602888390163065, 'ign_c': 158.09389818838352, 'trop_agb_crit': 12.526227879686735, 'trop_k_veg': 4.900485877562149}. Best is trial 1285 with value: -0.6015874360929447.
[I 2026-08-20 01:08:22,500] Trial 2273 finished with value: 0.5985637423834802 and parameters: {'k1': 0.008575669493063374, 'D_low': 11.687596682071876, 'k2': 0.00043274581323865904, 'D_high': 8058217.542234187, 'fire_exp': 7.703103911342301, 'P_half': 840.2048827781241, 'pre_dampen_half': 684.7151615925586, 'gpp_af': 0.3116579803425473, 'gpp_b': 0.0005639202462618224, 'gpp_d': 23.249181139755127, 'ign_k': 6.8980691885847225, 'ign_c': 6.458826577822873, 'trop_agb_crit': 3.3128718694372186, 'trop_k_veg': 4.148681079458383}. Best is trial 1285 with value: -0.6015874360929447.
[I 2026-08-20 01:08:23,908] Trial 2274 finished with value: 0.4608355090049916 and parameters: {'k1': 0.009220459822679841, 'D_low': 452.0363705061888, 'k2': 0.00016253296477524093, 'D_high': 9296969.149501812, 'fire_exp': 7.966434644178422, 'P_half': 175.5102961400808, 'pre_dampen_half': 360.9484058010184, 'gpp_af': 2.339712261543046, 'gpp_b': 0.005522802099303965, 'gpp_d': 248.53834106961608, 'ign_k': 1.2958352158279862, 'ign_c': 0.6421445197129217, 'trop_agb_crit': 10.61622534279486, 'trop_k_veg': 4.016411922169855}. Best is trial 1285 with value: -0.6015874360929447.
[I 2026-08-20 01:08:25,363] Trial 2275 finished with value: 0.48312602679413374 and parameters: {'k1': 0.04452793055105517, 'D_low': 1031.8355938323493, 'k2': 2.3572600692987404e-05, 'D_high': 1973105.3152025242, 'fire_exp': 2.5054605969194648, 'P_half': 17.195501149112996, 'pre_dampen_half': 57.887250027582844, 'gpp_af': 20.879647820725204, 'gpp_b': 0.0024602293969230513, 'gpp_d': 346.1258388717066, 'ign_k': 1.7371080855969223, 'ign_c': 2.919173843790267, 'trop_agb_crit': 14.938310691658, 'trop_k_veg': 1.999249927362851}. Best is trial 1285 with value: -0.6015874360929447.
[I 2026-08-20 01:08:26,784] Trial 2276 finished with value: 0.6445374145881376 and parameters: {'k1': 1.9299856801602082e-05, 'D_low': 3.795421676976118, 'k2': 0.00020336713419790765, 'D_high': 8301947.748437546, 'fire_exp': 8.31900590866198, 'P_half': 36.612980235196886, 'pre_dampen_half': 0.029672352475131225, 'gpp_af': 22.65570651980216, 'gpp_b': 0.11766807361114329, 'gpp_d': 25.42609512718152, 'ign_k': 5.33512690355841, 'ign_c': 137.83821936243558, 'trop_agb_crit': 9.830242892283943, 'trop_k_veg': 0.5381711803168823}. Best is trial 1285 with value: -0.6015874360929447.
[I 2026-08-20 01:08:28,168] Trial 2277 finished with value: 0.462308082527604 and parameters: {'k1': 0.09728162101931001, 'D_low': 2.7102979865526913, 'k2': 5.404363303015505e-05, 'D_high': 879220.8020447367, 'fire_exp': 8.360311920956915, 'P_half': 7.236501316151468, 'pre_dampen_half': 11.029386309279353, 'gpp_af': 79.80026269234772, 'gpp_b': 0.41323204076596737, 'gpp_d': 810.1489593493212, 'ign_k': 5.263546979041264, 'ign_c': 1.889638902332886, 'trop_agb_crit': 3.479167302789152, 'trop_k_veg': 2.6562875091291955}. Best is trial 1285 with value: -0.6015874360929447.
[I 2026-08-20 01:08:29,570] Trial 2278 finished with value: 0.6445374145881376 and parameters: {'k1': 1.623289510986919e-05, 'D_low': 45473.644727839695, 'k2': 0.0042873581122803844, 'D_high': 17005.760962872755, 'fire_exp': 3.996156460628342, 'P_half': 2678.0474285965583, 'pre_dampen_half': 661.4458265159092, 'gpp_af': 1.5242420800504486, 'gpp_b': 3.838934326392844, 'gpp_d': 2.5761221564181787, 'ign_k': 0.005986021682201782, 'ign_c': 0.1416735146089946, 'trop_agb_crit': 3.814607417567148, 'trop_k_veg': 0.846381754478458}. Best is trial 1285 with value: -0.6015874360929447.
