[I 2026-07-22 20:37:37,027] Trial 279 finished with values: [10.625664818655526, 10.625664818655526] and parameters: {'k1': 0.007926237587961899, 'D_low': 216.6574784061471, 'k2': 0.06598741607403362, 'D_high': 2552396.0446765427, 'fire_exp': 1.8702969605969864, 'P_half': 13.30003421978439, 'pre_dampen_half': 1.2531420756075002, 'gpp_af': 0.017324270154949098, 'gpp_b': 0.005419266601560437, 'gpp_d': 483.22422323215085, 'ign_k': 0.0011417577140741143, 'ign_c': 0.5655677524618509, 'trop_agb_crit': 1.1693687409928537, 'trop_k_veg': 1.331829048405031, 'fuel_k': 0.45000412754978936, 'fuel_half': 0.17108183937377372}.
[I 2026-07-22 20:37:37,442] Trial 280 finished with values: [11.116957499163453, 11.116957499163453] and parameters: {'k1': 0.0011101191524846067, 'D_low': 2240.9155921647994, 'k2': 0.004679839449773939, 'D_high': 2742371.6496047364, 'fire_exp': 1.0674039642039916, 'P_half': 18.875676307822275, 'pre_dampen_half': 167.63957643123777, 'gpp_af': 0.017638479543546873, 'gpp_b': 2.176805640408474e-05, 'gpp_d': 352.0481045526035, 'ign_k': 0.0029519227433917453, 'ign_c': 6.968111190775308, 'trop_agb_crit': 9.286923253577127, 'trop_k_veg': 2.1144348148283285, 'fuel_k': 4.710433409437071, 'fuel_half': 20.547809652912342}.
[I 2026-07-22 20:37:37,856] Trial 281 finished with values: [10.38047444915781, 10.38047444915781] and parameters: {'k1': 0.008471801418819975, 'D_low': 166.32295851843423, 'k2': 4.207988669606632e-05, 'D_high': 3714594.1935037985, 'fire_exp': 1.4324834025078965, 'P_half': 11.545165697879465, 'pre_dampen_half': 0.1261583527429052, 'gpp_af': 3.470266988650414, 'gpp_b': 1.3289448722869181e-05, 'gpp_d': 707.2114131472224, 'ign_k': 0.003296550135838091, 'ign_c': 0.7068974950624601, 'trop_agb_crit': 18.785197416433792, 'trop_k_veg': 5.876643247346734, 'fuel_k': 0.025620781631399487, 'fuel_half': 3.75205585512428}.
[I 2026-07-22 20:37:38,271] Trial 282 finished with values: [10.531545402642916, 10.531545402642916] and parameters: {'k1': 1.844951990812239e-05, 'D_low': 117138.42185325298, 'k2': 4.207988669606632e-05, 'D_high': 1124534.1807254383, 'fire_exp': 1.1366349889439396, 'P_half': 24.617096698415132, 'pre_dampen_half': 0.10189118197357125, 'gpp_af': 3.470266988650414, 'gpp_b': 0.0008239138919814073, 'gpp_d': 707.2114131472224, 'ign_k': 4.59148521674054, 'ign_c': 0.7068974950624601, 'trop_agb_crit': 13.308365272632319, 'trop_k_veg': 1.733613253381165, 'fuel_k': 0.07002142869039267, 'fuel_half': 3.75205585512428}.
[I 2026-07-22 20:37:38,690] Trial 283 finished with values: [10.561066533325603, 10.561066533325603] and parameters: {'k1': 0.0009299619346742016, 'D_low': 216.6574784061471, 'k2': 3.3139424373452e-05, 'D_high': 354469.7472374598, 'fire_exp': 1.9325784557452017, 'P_half': 20.654107883022302, 'pre_dampen_half': 14.689407256107613, 'gpp_af': 0.6378078463802856, 'gpp_b': 0.05719024141066792, 'gpp_d': 59.945376567988106, 'ign_k': 0.003252245757497283, 'ign_c': 183.3717796770994, 'trop_agb_crit': 1.111888584843313, 'trop_k_veg': 0.7194565721530269, 'fuel_k': 0.03201034713747641, 'fuel_half': 1.0889347318773486}.
[I 2026-07-22 20:37:39,103] Trial 284 finished with values: [10.845546964987923, 10.845546964987923] and parameters: {'k1': 0.008471801418819975, 'D_low': 1.6752866684650682, 'k2': 0.0009562822793888481, 'D_high': 693439.2750387826, 'fire_exp': 1.0302520044298926, 'P_half': 355.00125258511594, 'pre_dampen_half': 9.16302609334724, 'gpp_af': 3.470266988650414, 'gpp_b': 1.3289448722869181e-05, 'gpp_d': 402.0122056582937, 'ign_k': 2.7142572552186843, 'ign_c': 17.583640270008498, 'trop_agb_crit': 10.584071370490857, 'trop_k_veg': 2.7637004570645396, 'fuel_k': 0.025620781631399487, 'fuel_half': 1.0889347318773486}.
[I 2026-07-22 20:37:39,519] Trial 285 finished with values: [10.209808659114476, 10.209808659114476] and parameters: {'k1': 1.3243445838637965e-05, 'D_low': 1.6752866684650682, 'k2': 0.0006863458703786212, 'D_high': 601483.5383075798, 'fire_exp': 1.1234725391720877, 'P_half': 108.21382910613987, 'pre_dampen_half': 14.689407256107613, 'gpp_af': 0.017638479543546873, 'gpp_b': 2.852199954727099e-05, 'gpp_d': 59.945376567988106, 'ign_k': 0.008226074946221037, 'ign_c': 13.348071559960674, 'trop_agb_crit': 2.679156169946616, 'trop_k_veg': 1.9001185153938336, 'fuel_k': 3.826843441487285, 'fuel_half': 26.56813924114493}.
  trial  286/2500  pareto_size=2  best_taylor=0.7599  best_ilamb=0.6028  (2.0 min)
[I 2026-07-22 20:37:39,976] Trial 286 finished with values: [10.614973917390603, 10.614973917390603] and parameters: {'k1': 0.0016150602315370215, 'D_low': 32677.376097937307, 'k2': 0.03699867920489092, 'D_high': 61211.32154754238, 'fire_exp': 2.0131182980979285, 'P_half': 94.99072859745384, 'pre_dampen_half': 272.9378165037472, 'gpp_af': 0.2736251365128465, 'gpp_b': 0.004458440839692221, 'gpp_d': 59.945376567988106, 'ign_k': 0.05021737623389565, 'ign_c': 0.12299210465793126, 'trop_agb_crit': 7.513532694186442, 'trop_k_veg': 0.7818074020304813, 'fuel_k': 3.826843441487285, 'fuel_half': 72.7420826493834}.
[I 2026-07-22 20:37:40,388] Trial 287 finished with values: [11.116905391741275, 11.116905391741275] and parameters: {'k1': 0.004898620823554844, 'D_low': 1.6752866684650682, 'k2': 0.0195165137832656, 'D_high': 34634.27660734638, 'fire_exp': 1.1234725391720877, 'P_half': 56.22114524476698, 'pre_dampen_half': 70.78932406899753, 'gpp_af': 0.05511595477601764, 'gpp_b': 0.004458440839692221, 'gpp_d': 274.48645214004335, 'ign_k': 0.038563028138793747, 'ign_c': 0.2946000090510885, 'trop_agb_crit': 6.289029460848807, 'trop_k_veg': 4.129715873342729, 'fuel_k': 0.025620781631399487, 'fuel_half': 84.6362160256194}.
[I 2026-07-22 20:37:40,805] Trial 288 finished with values: [-0.5487555077777095, 0.2670509817586545] and parameters: {'k1': 0.008471801418819975, 'D_low': 166.32295851843423, 'k2': 0.010056781316817115, 'D_high': 3714594.1935037985, 'fire_exp': 1.0770888543508004, 'P_half': 19.625093208439857, 'pre_dampen_half': 0.1261583527429052, 'gpp_af': 3.470266988650414, 'gpp_b': 0.0011087183655158347, 'gpp_d': 450.59526947401275, 'ign_k': 2.5383218374507304, 'ign_c': 1.8522006003174372, 'trop_agb_crit': 1.530786397511255, 'trop_k_veg': 3.345591145807529, 'fuel_k': 0.019341658237934812, 'fuel_half': 1.953969069312433}.
[I 2026-07-22 20:37:41,227] Trial 289 finished with values: [-0.29060216975258873, 0.40432280502725526] and parameters: {'k1': 0.0009299619346742016, 'D_low': 35.437765484261625, 'k2': 4.1265168740903634e-05, 'D_high': 7589190.453000005, 'fire_exp': 1.1234725391720877, 'P_half': 20.654107883022302, 'pre_dampen_half': 14.689407256107613, 'gpp_af': 0.6378078463802856, 'gpp_b': 2.852199954727099e-05, 'gpp_d': 0.04409594046630608, 'ign_k': 0.003252245757497283, 'ign_c': 183.3717796770994, 'trop_agb_crit': 1.6034837661963206, 'trop_k_veg': 2.927602344444864, 'fuel_k': 0.03201034713747641, 'fuel_half': 1.0889347318773486}.
[I 2026-07-22 20:37:41,658] Trial 290 finished with values: [10.040943926837468, 10.040943926837468] and parameters: {'k1': 0.007926237587961899, 'D_low': 15.964244118164824, 'k2': 0.00018245734513362482, 'D_high': 267535.550698083, 'fire_exp': 1.8702969605969864, 'P_half': 4.395816797119711, 'pre_dampen_half': 0.1261583527429052, 'gpp_af': 7.62192732934522, 'gpp_b': 1.3289448722869181e-05, 'gpp_d': 450.59526947401275, 'ign_k': 2.5383218374507304, 'ign_c': 0.29126651668813763, 'trop_agb_crit': 1.1693687409928537, 'trop_k_veg': 1.331829048405031, 'fuel_k': 0.41829719944607047, 'fuel_half': 0.1614670469622492}.
[I 2026-07-22 20:37:42,100] Trial 291 finished with values: [-0.22069330691704298, 0.25483554853489643] and parameters: {'k1': 0.00022704877557909215, 'D_low': 890.3633614906976, 'k2': 0.0009562822793888481, 'D_high': 2413579.2291304003, 'fire_exp': 1.5532616753672623, 'P_half': 93.43302657318476, 'pre_dampen_half': 13.472769577631588, 'gpp_af': 0.04897515106470033, 'gpp_b': 1.3289448722869181e-05, 'gpp_d': 0.020943279341034755, 'ign_k': 0.0029519227433917453, 'ign_c': 44.67752817973901, 'trop_agb_crit': 9.286923253577127, 'trop_k_veg': 2.1144348148283285, 'fuel_k': 4.710433409437071, 'fuel_half': 1.3323297901105766}.
[I 2026-07-22 20:37:42,545] Trial 292 finished with values: [10.295447961102973, 10.295447961102973] and parameters: {'k1': 9.580682294110428e-05, 'D_low': 4.439648242927527, 'k2': 0.00016536937182824412, 'D_high': 65835.85310972678, 'fire_exp': 1.8719045352638064, 'P_half': 15.434297335162846, 'pre_dampen_half': 14.689407256107613, 'gpp_af': 0.2991469302130216, 'gpp_b': 0.0028993292583566945, 'gpp_d': 59.945376567988106, 'ign_k': 0.008226074946221037, 'ign_c': 0.7240382572465286, 'trop_agb_crit': 1.111888584843313, 'trop_k_veg': 1.034587866621145, 'fuel_k': 0.03201034713747641, 'fuel_half': 0.43540407017515786}.
[I 2026-07-22 20:37:42,960] Trial 293 finished with values: [-0.6170061468048472, 0.07293505829015634] and parameters: {'k1': 0.012840669372724958, 'D_low': 3103.3332277537256, 'k2': 0.014666151770108535, 'D_high': 2742371.6496047364, 'fire_exp': 1.8719045352638064, 'P_half': 93.43302657318476, 'pre_dampen_half': 13.472769577631588, 'gpp_af': 0.2991469302130216, 'gpp_b': 0.0028993292583566945, 'gpp_d': 352.0481045526035, 'ign_k': 0.0029519227433917453, 'ign_c': 0.2939463458625969, 'trop_agb_crit': 2.679156169946616, 'trop_k_veg': 2.1144348148283285, 'fuel_k': 4.710433409437071, 'fuel_half': 1.3323297901105766}.
[I 2026-07-22 20:37:43,383] Trial 294 finished with values: [10.066696916130176, 10.066696916130176] and parameters: {'k1': 0.0009299619346742016, 'D_low': 35.437765484261625, 'k2': 0.0006863458703786212, 'D_high': 7589190.453000005, 'fire_exp': 1.5704801393982246, 'P_half': 20.654107883022302, 'pre_dampen_half': 14.689407256107613, 'gpp_af': 0.6378078463802856, 'gpp_b': 2.852199954727099e-05, 'gpp_d': 0.04409594046630608, 'ign_k': 0.0011417577140741143, 'ign_c': 0.2939463458625969, 'trop_agb_crit': 1.1693687409928537, 'trop_k_veg': 0.559773544096922, 'fuel_k': 0.03201034713747641, 'fuel_half': 0.43540407017515786}.
[I 2026-07-22 20:37:43,794] Trial 295 finished with values: [10.337929489913577, 10.337929489913577] and parameters: {'k1': 0.00022704877557909215, 'D_low': 35.437765484261625, 'k2': 0.0006863458703786212, 'D_high': 7589190.453000005, 'fire_exp': 1.5704801393982246, 'P_half': 1316.7465326936142, 'pre_dampen_half': 14.689407256107613, 'gpp_af': 0.015875524914818664, 'gpp_b': 2.852199954727099e-05, 'gpp_d': 0.04409594046630608, 'ign_k': 0.26651167490553546, 'ign_c': 1.1911696453733047, 'trop_agb_crit': 2.7395739167173065, 'trop_k_veg': 2.9556982260250564, 'fuel_k': 0.03201034713747641, 'fuel_half': 1.0889347318773486}.
[I 2026-07-22 20:37:44,213] Trial 296 finished with values: [10.36123223536019, 10.36123223536019] and parameters: {'k1': 0.00022704877557909215, 'D_low': 216.6574784061471, 'k2': 0.00014281536924924868, 'D_high': 2413579.2291304003, 'fire_exp': 1.4452547028705351, 'P_half': 1316.7465326936142, 'pre_dampen_half': 9.16302609334724, 'gpp_af': 0.002634509839733607, 'gpp_b': 9.327650919528727e-05, 'gpp_d': 36.831884165358964, 'ign_k': 0.26651167490553546, 'ign_c': 17.583640270008498, 'trop_agb_crit': 12.647327018493208, 'trop_k_veg': 3.1470652177597604, 'fuel_k': 0.3302507755382605, 'fuel_half': 0.3036855685244964}.
[I 2026-07-22 20:37:44,627] Trial 297 finished with values: [10.523395188724358, 10.523395188724358] and parameters: {'k1': 0.01549659926581634, 'D_low': 72.80676817361987, 'k2': 0.000252551664529441, 'D_high': 25566.506194206, 'fire_exp': 1.4324834025078965, 'P_half': 56.22114524476698, 'pre_dampen_half': 24.551654436784784, 'gpp_af': 0.6739998811889463, 'gpp_b': 0.0008239138919814073, 'gpp_d': 59.945376567988106, 'ign_k': 0.038563028138793747, 'ign_c': 0.7240382572465286, 'trop_agb_crit': 18.785197416433792, 'trop_k_veg': 6.955154171468271, 'fuel_k': 3.826843441487285, 'fuel_half': 60.223067871697125}.
[I 2026-07-22 20:37:45,039] Trial 298 finished with values: [-0.29037710833190394, 0.2590115675594953] and parameters: {'k1': 0.0001971137615017176, 'D_low': 216.6574784061471, 'k2': 0.06598741607403362, 'D_high': 2742371.6496047364, 'fire_exp': 1.0425212905832526, 'P_half': 93.43302657318476, 'pre_dampen_half': 1.2531420756075002, 'gpp_af': 0.017324270154949098, 'gpp_b': 2.176805640408474e-05, 'gpp_d': 483.22422323215085, 'ign_k': 0.0011417577140741143, 'ign_c': 39.52220881906112, 'trop_agb_crit': 1.1693687409928537, 'trop_k_veg': 2.520089655463604, 'fuel_k': 0.014999101825504624, 'fuel_half': 0.17108183937377372}.
[I 2026-07-22 20:37:45,452] Trial 299 finished with values: [10.4374317225237, 10.4374317225237] and parameters: {'k1': 0.00021066486017042195, 'D_low': 86.64406862241785, 'k2': 0.0006863458703786212, 'D_high': 7589190.453000005, 'fire_exp': 1.5704801393982246, 'P_half': 44.71679901231308, 'pre_dampen_half': 272.9378165037472, 'gpp_af': 0.015875524914818664, 'gpp_b': 2.852199954727099e-05, 'gpp_d': 36.831884165358964, 'ign_k': 0.003252245757497283, 'ign_c': 6.62034460831704, 'trop_agb_crit': 12.856643861355176, 'trop_k_veg': 4.050700716504253, 'fuel_k': 0.03201034713747641, 'fuel_half': 0.10835815948483889}.
[I 2026-07-22 20:37:45,868] Trial 300 finished with values: [10.607402134706073, 10.607402134706073] and parameters: {'k1': 1.263794633808287e-05, 'D_low': 32677.376097937307, 'k2': 0.03699867920489092, 'D_high': 61211.32154754238, 'fire_exp': 1.0871627347485018, 'P_half': 94.99072859745384, 'pre_dampen_half': 0.1261583527429052, 'gpp_af': 0.4840298156332326, 'gpp_b': 1.3289448722869181e-05, 'gpp_d': 722.6207258080483, 'ign_k': 0.013276678836047658, 'ign_c': 1.8522006003174372, 'trop_agb_crit': 7.513532694186442, 'trop_k_veg': 1.1514990646668624, 'fuel_k': 0.07002142869039267, 'fuel_half': 72.7420826493834}.
[I 2026-07-22 20:37:46,283] Trial 301 finished with values: [10.050822050335977, 10.050822050335977] and parameters: {'k1': 0.07799059237255677, 'D_low': 2.720704198255245, 'k2': 0.03699867920489092, 'D_high': 7589190.453000005, 'fire_exp': 2.0715108722728917, 'P_half': 102.4585893986732, 'pre_dampen_half': 7.665128204660192, 'gpp_af': 0.015875524914818664, 'gpp_b': 2.852199954727099e-05, 'gpp_d': 0.9172078901566356, 'ign_k': 0.08312953263874531, 'ign_c': 0.12510188850164433, 'trop_agb_crit': 8.983402272488592, 'trop_k_veg': 0.8170196702261714, 'fuel_k': 4.0995500417030915, 'fuel_half': 72.7420826493834}.
[I 2026-07-22 20:37:46,696] Trial 302 finished with values: [10.193000227691869, 10.193000227691869] and parameters: {'k1': 0.008471801418819975, 'D_low': 216.6574784061471, 'k2': 4.207988669606632e-05, 'D_high': 354469.7472374598, 'fire_exp': 1.4284956407464617, 'P_half': 1.104970302415413, 'pre_dampen_half': 14.689407256107613, 'gpp_af': 0.015875524914818664, 'gpp_b': 2.852199954727099e-05, 'gpp_d': 10.00236596950633, 'ign_k': 0.003252245757497283, 'ign_c': 0.5655677524618509, 'trop_agb_crit': 1.111888584843313, 'trop_k_veg': 1.733613253381165, 'fuel_k': 0.07002142869039267, 'fuel_half': 1.0889347318773486}.
[I 2026-07-22 20:37:47,123] Trial 303 finished with values: [-0.2794073108422338, 0.2805892470867254] and parameters: {'k1': 9.580682294110428e-05, 'D_low': 2.4063018320720926, 'k2': 4.207988669606632e-05, 'D_high': 65835.85310972678, 'fire_exp': 1.3338126188125452, 'P_half': 108.21382910613987, 'pre_dampen_half': 24.551654436784784, 'gpp_af': 0.6739998811889463, 'gpp_b': 0.0028993292583566945, 'gpp_d': 59.945376567988106, 'ign_k': 0.008226074946221037, 'ign_c': 1.0944963667961969, 'trop_agb_crit': 2.679156169946616, 'trop_k_veg': 1.9658897090912955, 'fuel_k': 3.826843441487285, 'fuel_half': 26.56813924114493}.
[I 2026-07-22 20:37:47,538] Trial 304 finished with values: [10.540571353608234, 10.540571353608234] and parameters: {'k1': 0.003045524314144144, 'D_low': 56.23095666134975, 'k2': 1.3357240411974104e-05, 'D_high': 25566.506194206, 'fire_exp': 1.0722486667069802, 'P_half': 11.545165697879465, 'pre_dampen_half': 345.01054536130147, 'gpp_af': 3.470266988650414, 'gpp_b': 0.0008239138919814073, 'gpp_d': 0.01693207443721426, 'ign_k': 0.003296550135838091, 'ign_c': 0.2031980983842498, 'trop_agb_crit': 18.785197416433792, 'trop_k_veg': 0.7818074020304813, 'fuel_k': 0.025620781631399487, 'fuel_half': 60.223067871697125}.
[I 2026-07-22 20:37:47,954] Trial 305 finished with values: [13.589737455562819, 13.589737455562819] and parameters: {'k1': 0.0011101191524846067, 'D_low': 356.959242804259, 'k2': 0.015602015889668856, 'D_high': 2742371.6496047364, 'fire_exp': 1.1109593465084138, 'P_half': 93.43302657318476, 'pre_dampen_half': 233.5530649297829, 'gpp_af': 0.8057329182285735, 'gpp_b': 0.0001484082099455773, 'gpp_d': 29.84760101168661, 'ign_k': 0.13500744867919376, 'ign_c': 0.8053471030316095, 'trop_agb_crit': 3.1419938725278875, 'trop_k_veg': 2.1144348148283285, 'fuel_k': 4.0995500417030915, 'fuel_half': 38.051097851665226}.
[I 2026-07-22 20:37:48,376] Trial 306 finished with values: [10.28101969739562, 10.28101969739562] and parameters: {'k1': 0.0016150602315370215, 'D_low': 86.64406862241785, 'k2': 0.0006863458703786212, 'D_high': 4905912.994162975, 'fire_exp': 2.0433083477815366, 'P_half': 20.654107883022302, 'pre_dampen_half': 14.689407256107613, 'gpp_af': 0.2736251365128465, 'gpp_b': 2.852199954727099e-05, 'gpp_d': 0.04409594046630608, 'ign_k': 0.001609633064821938, 'ign_c': 0.12299210465793126, 'trop_agb_crit': 1.6034837661963206, 'trop_k_veg': 2.927602344444864, 'fuel_k': 0.5753052119333703, 'fuel_half': 1.0889347318773486}.
[I 2026-07-22 20:37:48,801] Trial 307 finished with values: [-0.15778632890146527, 0.31719826185142375] and parameters: {'k1': 1.4403740929157842e-05, 'D_low': 3907.96715682288, 'k2': 4.207988669606632e-05, 'D_high': 25566.506194206, 'fire_exp': 1.4284956407464617, 'P_half': 1.104970302415413, 'pre_dampen_half': 10.129197956845726, 'gpp_af': 3.470266988650414, 'gpp_b': 0.0008239138919814073, 'gpp_d': 707.2114131472224, 'ign_k': 4.59148521674054, 'ign_c': 0.7068974950624601, 'trop_agb_crit': 1.8559980846490576, 'trop_k_veg': 1.733613253381165, 'fuel_k': 0.07002142869039267, 'fuel_half': 3.75205585512428}.
[I 2026-07-22 20:37:49,251] Trial 308 finished with values: [-0.452657363937435, 0.1918106837809389] and parameters: {'k1': 0.0009299619346742016, 'D_low': 35.437765484261625, 'k2': 4.1265168740903634e-05, 'D_high': 7589190.453000005, 'fire_exp': 1.1234725391720877, 'P_half': 56.22114524476698, 'pre_dampen_half': 14.689407256107613, 'gpp_af': 0.05511595477601764, 'gpp_b': 0.004458440839692221, 'gpp_d': 274.48645214004335, 'ign_k': 0.038563028138793747, 'ign_c': 30.785541778315018, 'trop_agb_crit': 5.12586335774155, 'trop_k_veg': 4.129715873342729, 'fuel_k': 0.025620781631399487, 'fuel_half': 1.0889347318773486}.
[I 2026-07-22 20:37:49,697] Trial 309 finished with values: [10.647442580420021, 10.647442580420021] and parameters: {'k1': 0.008471801418819975, 'D_low': 4.261682297254185, 'k2': 3.3139424373452e-05, 'D_high': 3714594.1935037985, 'fire_exp': 1.9325784557452017, 'P_half': 8.318314747941244, 'pre_dampen_half': 0.1261583527429052, 'gpp_af': 0.015875524914818664, 'gpp_b': 2.852199954727099e-05, 'gpp_d': 722.6207258080483, 'ign_k': 0.003252245757497283, 'ign_c': 0.5655677524618509, 'trop_agb_crit': 1.111888584843313, 'trop_k_veg': 1.1514990646668624, 'fuel_k': 0.07002142869039267, 'fuel_half': 3.75205585512428}.
[I 2026-07-22 20:37:50,113] Trial 310 finished with values: [10.114818990257486, 10.114818990257486] and parameters: {'k1': 0.008471801418819975, 'D_low': 35.437765484261625, 'k2': 0.002173988526401145, 'D_high': 267535.550698083, 'fire_exp': 1.8702969605969864, 'P_half': 13.30003421978439, 'pre_dampen_half': 14.689407256107613, 'gpp_af': 28.2695515681613, 'gpp_b': 0.0002833153434644105, 'gpp_d': 707.2114131472224, 'ign_k': 0.003252245757497283, 'ign_c': 0.29126651668813763, 'trop_agb_crit': 1.1693687409928537, 'trop_k_veg': 1.331829048405031, 'fuel_k': 0.41829719944607047, 'fuel_half': 1.0889347318773486}.
[I 2026-07-22 20:37:50,534] Trial 311 finished with values: [12.371464498202034, 12.371464498202034] and parameters: {'k1': 0.004898620823554844, 'D_low': 1.6752866684650682, 'k2': 0.0006863458703786212, 'D_high': 34634.27660734638, 'fire_exp': 1.1234725391720877, 'P_half': 56.22114524476698, 'pre_dampen_half': 857.6556763881457, 'gpp_af': 0.05511595477601764, 'gpp_b': 0.004458440839692221, 'gpp_d': 274.48645214004335, 'ign_k': 2.7142572552186843, 'ign_c': 5.199673923878318, 'trop_agb_crit': 6.289029460848807, 'trop_k_veg': 4.129715873342729, 'fuel_k': 0.019341658237934812, 'fuel_half': 84.6362160256194}.
[I 2026-07-22 20:37:50,957] Trial 312 finished with values: [10.745518197042765, 10.745518197042765] and parameters: {'k1': 0.0009299619346742016, 'D_low': 35.437765484261625, 'k2': 0.06598741607403362, 'D_high': 267535.550698083, 'fire_exp': 1.6618799814410974, 'P_half': 94.99072859745384, 'pre_dampen_half': 0.05157956967276609, 'gpp_af': 0.017324270154949098, 'gpp_b': 0.0013672126623075966, 'gpp_d': 0.04409594046630608, 'ign_k': 0.0011417577140741143, 'ign_c': 5.199673923878318, 'trop_agb_crit': 1.6034837661963206, 'trop_k_veg': 0.559773544096922, 'fuel_k': 0.03201034713747641, 'fuel_half': 0.43540407017515786}.
[I 2026-07-22 20:37:51,373] Trial 313 finished with values: [10.056068478846427, 10.056068478846427] and parameters: {'k1': 0.0006579066240690734, 'D_low': 984.7566464935828, 'k2': 0.0009562822793888481, 'D_high': 65835.85310972678, 'fire_exp': 1.9325784557452017, 'P_half': 8.318314747941244, 'pre_dampen_half': 9.16302609334724, 'gpp_af': 3.470266988650414, 'gpp_b': 0.005419266601560437, 'gpp_d': 36.831884165358964, 'ign_k': 0.008226074946221037, 'ign_c': 0.5655677524618509, 'trop_agb_crit': 1.111888584843313, 'trop_k_veg': 2.775260001374338, 'fuel_k': 3.826843441487285, 'fuel_half': 3.75205585512428}.
