[I 2026-08-20 00:56:13,158] Trial 1798 finished with value: 0.5884728883565005 and parameters: {'k1': 0.0006465801420029172, 'D_low': 117.21456868959727, 'k2': 2.9122186060737824e-05, 'D_high': 3941513.527413797, 'fire_exp': 5.722216311911487, 'P_half': 2111.4642871045808, 'pre_dampen_half': 37.983562420270125, 'gpp_af': 0.0074185249136916355, 'gpp_b': 5.803315554560416e-05, 'gpp_d': 202.44429285495124, 'ign_k': 3.675136184086254, 'ign_c': 5.113867400012049, 'trop_agb_crit': 5.32133257742214, 'trop_k_veg': 1.671712231562884}. Best is trial 1285 with value: -0.6015874360929447.
[I 2026-08-20 00:56:15,073] Trial 1799 finished with value: 0.6184691501003978 and parameters: {'k1': 0.07881248456847874, 'D_low': 324.9320101151556, 'k2': 0.008646883744329361, 'D_high': 32.600579569521074, 'fire_exp': 1.2212127400724593, 'P_half': 6.027877492791727, 'pre_dampen_half': 0.9614233175614403, 'gpp_af': 68.31370285248266, 'gpp_b': 0.1026433517103559, 'gpp_d': 108.05184277185988, 'ign_k': 0.15684635243058492, 'ign_c': 43.76735269058342, 'trop_agb_crit': 3.957707579642119, 'trop_k_veg': 1.16932386766769}. Best is trial 1285 with value: -0.6015874360929447.
[I 2026-08-20 00:56:17,294] Trial 1800 finished with value: 0.6440744385787829 and parameters: {'k1': 0.004024686605494447, 'D_low': 191415.4357182905, 'k2': 0.029895688955062102, 'D_high': 246425.9577618963, 'fire_exp': 2.822235842896173, 'P_half': 20.522748463391377, 'pre_dampen_half': 106.22388762261272, 'gpp_af': 0.4272790686817271, 'gpp_b': 6.232434113807323, 'gpp_d': 37.84898865758664, 'ign_k': 0.2619513643990046, 'ign_c': 0.2223407612955617, 'trop_agb_crit': 21.216032613769183, 'trop_k_veg': 2.7553228766402973}. Best is trial 1285 with value: -0.6015874360929447.
[I 2026-08-20 00:56:19,840] Trial 1801 finished with value: 0.6445374145881376 and parameters: {'k1': 0.027055901161254677, 'D_low': 6.451975551830526, 'k2': 8.401541609310836e-05, 'D_high': 3066522.398015876, 'fire_exp': 2.7388416077706106, 'P_half': 12.025725975246127, 'pre_dampen_half': 4.274750952021247, 'gpp_af': 1.9003062589013417, 'gpp_b': 0.0002091836763121655, 'gpp_d': 600.7645524056379, 'ign_k': 2.240785530568686, 'ign_c': 581.9249534544767, 'trop_agb_crit': 1.17245548407284, 'trop_k_veg': 1.8855007605439593}. Best is trial 1285 with value: -0.6015874360929447.
[I 2026-08-20 00:56:21,814] Trial 1802 finished with value: 0.6445374145881376 and parameters: {'k1': 0.0002080627473869977, 'D_low': 1.9196715379645872, 'k2': 3.124822337107995e-05, 'D_high': 69.37785801534181, 'fire_exp': 5.144874068900943, 'P_half': 3126.148103439553, 'pre_dampen_half': 5.1842537469986345, 'gpp_af': 0.0019450047706454643, 'gpp_b': 0.01769444625692839, 'gpp_d': 0.564756663960344, 'ign_k': 0.03365980962605905, 'ign_c': 2.663485110783056, 'trop_agb_crit': 9.90530199312388, 'trop_k_veg': 1.03225860177289}. Best is trial 1285 with value: -0.6015874360929447.
[I 2026-08-20 00:56:23,775] Trial 1803 finished with value: 0.4549829927340304 and parameters: {'k1': 0.00029212926718576247, 'D_low': 61.256118891593275, 'k2': 0.00031728984918269796, 'D_high': 250733.74950222278, 'fire_exp': 2.787215258578511, 'P_half': 9.840532177435175, 'pre_dampen_half': 120.9286828753415, 'gpp_af': 0.03849402279047451, 'gpp_b': 0.00012107689662358414, 'gpp_d': 1.110912253489461, 'ign_k': 4.661128871779473, 'ign_c': 5.380867125647666, 'trop_agb_crit': 28.616718380905777, 'trop_k_veg': 7.676467183138537}. Best is trial 1285 with value: -0.6015874360929447.
[I 2026-08-20 00:56:25,832] Trial 1804 finished with value: 0.5229922011319827 and parameters: {'k1': 0.0003132396831969316, 'D_low': 60.7311260659437, 'k2': 0.0024019643567235738, 'D_high': 51645.993319877554, 'fire_exp': 2.6416422542669493, 'P_half': 1.298815689231784, 'pre_dampen_half': 3.049121311934838, 'gpp_af': 0.9749984926148874, 'gpp_b': 0.018955553225112644, 'gpp_d': 432.21509537422594, 'ign_k': 0.16543829556479528, 'ign_c': 11.965330668245194, 'trop_agb_crit': 27.001110498056004, 'trop_k_veg': 1.58043955650063}. Best is trial 1285 with value: -0.6015874360929447.
[I 2026-08-20 00:56:28,206] Trial 1805 finished with value: 0.3919951621289781 and parameters: {'k1': 0.02241464484608073, 'D_low': 80.87566960480612, 'k2': 0.0002299609436487015, 'D_high': 6729910.670610887, 'fire_exp': 2.040602693462756, 'P_half': 183.34915317652016, 'pre_dampen_half': 36.717537425033484, 'gpp_af': 3.3647725097596464, 'gpp_b': 0.013945405563346778, 'gpp_d': 606.4465548803979, 'ign_k': 3.852525276039023, 'ign_c': 17.119694306793345, 'trop_agb_crit': 26.064632954096826, 'trop_k_veg': 1.2881186212534315}. Best is trial 1285 with value: -0.6015874360929447.
[I 2026-08-20 00:56:30,196] Trial 1806 finished with value: 0.6445374145881376 and parameters: {'k1': 0.010510833606938691, 'D_low': 3.9341266535325627, 'k2': 0.003287952059663194, 'D_high': 26.61875759600237, 'fire_exp': 7.549472579558281, 'P_half': 52.32314754631111, 'pre_dampen_half': 67.64443016968907, 'gpp_af': 0.001015329887187814, 'gpp_b': 0.0007240104218194536, 'gpp_d': 0.02145674385051393, 'ign_k': 0.0011539306511133118, 'ign_c': 0.1081498517350407, 'trop_agb_crit': 1.7906269299644564, 'trop_k_veg': 5.38352569368165}. Best is trial 1285 with value: -0.6015874360929447.
[I 2026-08-20 00:56:32,172] Trial 1807 finished with value: 0.5754501815830433 and parameters: {'k1': 0.0009536159939016883, 'D_low': 1.0356750690763759, 'k2': 0.0001643460878327312, 'D_high': 2726423.0705241817, 'fire_exp': 9.53336236451284, 'P_half': 21.419344703564583, 'pre_dampen_half': 0.6298044582625064, 'gpp_af': 0.032629378306659455, 'gpp_b': 3.5838807347253624e-05, 'gpp_d': 976.1274291555865, 'ign_k': 3.0468903157572034, 'ign_c': 24.162378179478644, 'trop_agb_crit': 2.2722489071030583, 'trop_k_veg': 2.8717621101081425}. Best is trial 1285 with value: -0.6015874360929447.
[I 2026-08-20 00:56:34,068] Trial 1808 finished with value: 0.6149490681246872 and parameters: {'k1': 0.0019334743398088869, 'D_low': 26597.030226790284, 'k2': 0.05814016989151524, 'D_high': 2661825.0669861436, 'fire_exp': 2.1149186660045003, 'P_half': 1.2626491433416112, 'pre_dampen_half': 4.35783695363591, 'gpp_af': 0.0019593020293118247, 'gpp_b': 0.006703847211368733, 'gpp_d': 310.464004932302, 'ign_k': 0.02688240774666582, 'ign_c': 0.13198549159605216, 'trop_agb_crit': 2.056794799501679, 'trop_k_veg': 0.7250015581872348}. Best is trial 1285 with value: -0.6015874360929447.
[I 2026-08-20 00:56:36,018] Trial 1809 finished with value: 0.6445374145881376 and parameters: {'k1': 4.9055079423649187e-05, 'D_low': 6037.91344945041, 'k2': 0.010226711641629159, 'D_high': 66907.12011484517, 'fire_exp': 5.805905805136523, 'P_half': 543.9435611190243, 'pre_dampen_half': 37.3814767414871, 'gpp_af': 3.795846079804441, 'gpp_b': 1.4042227163120278, 'gpp_d': 0.05019476402211274, 'ign_k': 4.46472949504396, 'ign_c': 0.45175722594888074, 'trop_agb_crit': 21.158892008407335, 'trop_k_veg': 1.7380385848291982}. Best is trial 1285 with value: -0.6015874360929447.
[I 2026-08-20 00:56:37,937] Trial 1810 finished with value: 0.5458476675877877 and parameters: {'k1': 0.03490440156910094, 'D_low': 8.766526298173599, 'k2': 0.00011713569765133882, 'D_high': 4986066.223352901, 'fire_exp': 9.29996345700071, 'P_half': 11.73339981040724, 'pre_dampen_half': 1.5143815378355676, 'gpp_af': 0.31683521906273454, 'gpp_b': 0.0033834967571901016, 'gpp_d': 115.11020757491028, 'ign_k': 0.12802583831673675, 'ign_c': 1.3439782393552038, 'trop_agb_crit': 21.153272987903296, 'trop_k_veg': 1.8103551186412252}. Best is trial 1285 with value: -0.6015874360929447.
[I 2026-08-20 00:56:39,829] Trial 1811 finished with value: 0.6445374145881376 and parameters: {'k1': 3.747159830602357e-05, 'D_low': 394891.0609549303, 'k2': 0.0446395815740374, 'D_high': 7221.4126818152145, 'fire_exp': 2.497010998931761, 'P_half': 215.02072461792352, 'pre_dampen_half': 0.015312266568152499, 'gpp_af': 0.06977974507839285, 'gpp_b': 0.21841195491444415, 'gpp_d': 0.18533201234662494, 'ign_k': 0.0031096323060466587, 'ign_c': 0.14789341964998112, 'trop_agb_crit': 1.9059236172506153, 'trop_k_veg': 2.9397855140069162}. Best is trial 1285 with value: -0.6015874360929447.
[I 2026-08-20 00:56:41,705] Trial 1812 finished with value: 0.45074684485181293 and parameters: {'k1': 0.0007804737478300319, 'D_low': 1.239725037052087, 'k2': 0.000219276846712088, 'D_high': 4354561.198149875, 'fire_exp': 5.845495878519728, 'P_half': 1.0689607259036351, 'pre_dampen_half': 9.512527873792893, 'gpp_af': 3.910541250353146, 'gpp_b': 0.00011317814213089213, 'gpp_d': 130.7511001545449, 'ign_k': 5.9209351394968035, 'ign_c': 3.8994141097922586, 'trop_agb_crit': 2.572127333322493, 'trop_k_veg': 1.1139770111433325}. Best is trial 1285 with value: -0.6015874360929447.
[I 2026-08-20 00:56:43,629] Trial 1813 finished with value: 0.5341986306869869 and parameters: {'k1': 1.787043441485522e-05, 'D_low': 203.63591073384742, 'k2': 0.0003532473660262068, 'D_high': 3890241.5675607817, 'fire_exp': 2.741554411828216, 'P_half': 39.71460290475131, 'pre_dampen_half': 2.791283915901376, 'gpp_af': 0.02693815410873879, 'gpp_b': 0.00030675926830815524, 'gpp_d': 25.790891568993864, 'ign_k': 0.7369959157888057, 'ign_c': 4.250888034745604, 'trop_agb_crit': 27.55501278723486, 'trop_k_veg': 1.064935193132095}. Best is trial 1285 with value: -0.6015874360929447.
[I 2026-08-20 00:56:45,610] Trial 1814 finished with value: 0.48017367785857956 and parameters: {'k1': 0.0028011566977759234, 'D_low': 3.384061670558303, 'k2': 7.221297731741034e-05, 'D_high': 6313625.506242703, 'fire_exp': 5.7727763021604375, 'P_half': 2.4235324390508937, 'pre_dampen_half': 1.0908210834079157, 'gpp_af': 0.20690870626877383, 'gpp_b': 0.0008516149343517712, 'gpp_d': 13.473075021274608, 'ign_k': 6.998395926328358, 'ign_c': 11.152940717111084, 'trop_agb_crit': 4.203007332696622, 'trop_k_veg': 1.7988612561357225}. Best is trial 1285 with value: -0.6015874360929447.
[I 2026-08-20 00:56:47,871] Trial 1815 finished with value: 0.6388617566595632 and parameters: {'k1': 0.001134091331499986, 'D_low': 98.05796737917015, 'k2': 2.275515885116946e-05, 'D_high': 1005.0954280107765, 'fire_exp': 3.0518298167919737, 'P_half': 43.99563239652326, 'pre_dampen_half': 0.872286207994428, 'gpp_af': 0.006657398468678058, 'gpp_b': 0.0008016282650746725, 'gpp_d': 300.9429574214517, 'ign_k': 4.844048693488281, 'ign_c': 28.141217721918153, 'trop_agb_crit': 3.2492445045893383, 'trop_k_veg': 0.570125671616631}. Best is trial 1285 with value: -0.6015874360929447.
[I 2026-08-20 00:56:50,532] Trial 1816 finished with value: 0.5985441709138046 and parameters: {'k1': 0.010904497267126575, 'D_low': 2481.298342831655, 'k2': 0.08075788503405748, 'D_high': 54757.0911526013, 'fire_exp': 2.7025772684101423, 'P_half': 8010.885014544933, 'pre_dampen_half': 63.78038814263326, 'gpp_af': 0.0010404046005721638, 'gpp_b': 1.0369764480930371e-05, 'gpp_d': 841.2801496528408, 'ign_k': 0.02679984159374932, 'ign_c': 16.421352639929594, 'trop_agb_crit': 1.3992502687198514, 'trop_k_veg': 1.0134852501644322}. Best is trial 1285 with value: -0.6015874360929447.
[I 2026-08-20 00:56:52,630] Trial 1817 finished with value: 0.603069633076679 and parameters: {'k1': 8.623694870883582e-05, 'D_low': 38.13042690504994, 'k2': 0.0001031665941850755, 'D_high': 8221082.285661287, 'fire_exp': 5.083174705216566, 'P_half': 5.147977174781319, 'pre_dampen_half': 2.084206453992188, 'gpp_af': 0.029868507714335784, 'gpp_b': 0.0002429657250943416, 'gpp_d': 822.1449460812412, 'ign_k': 1.8311688197027531, 'ign_c': 26.909762706669802, 'trop_agb_crit': 3.290883761982484, 'trop_k_veg': 1.7548923284726554}. Best is trial 1285 with value: -0.6015874360929447.
[I 2026-08-20 00:56:54,535] Trial 1818 finished with value: 0.6445374145881376 and parameters: {'k1': 0.07692645960485146, 'D_low': 338.40903839431684, 'k2': 0.000869667005452912, 'D_high': 9763439.192570837, 'fire_exp': 2.2768163106901262, 'P_half': 39.658574571145316, 'pre_dampen_half': 5.159807037272152, 'gpp_af': 0.03915164176070739, 'gpp_b': 0.10820828264416689, 'gpp_d': 0.024706642489643695, 'ign_k': 1.9538530446361397, 'ign_c': 313.8443534097055, 'trop_agb_crit': 1.9308349089384906, 'trop_k_veg': 4.159147915543421}. Best is trial 1285 with value: -0.6015874360929447.
[I 2026-08-20 00:56:56,660] Trial 1819 finished with value: 0.48341704025512766 and parameters: {'k1': 0.0001842642327523641, 'D_low': 376.12610597904853, 'k2': 0.00015089770931934958, 'D_high': 3545313.6857663216, 'fire_exp': 5.143479015898523, 'P_half': 12.009868864181234, 'pre_dampen_half': 1.7672603900572803, 'gpp_af': 0.05278361349245136, 'gpp_b': 5.9612401574742065e-05, 'gpp_d': 907.9625947315064, 'ign_k': 5.725518901280697, 'ign_c': 0.36891108406285666, 'trop_agb_crit': 3.3310669635728707, 'trop_k_veg': 1.9772246640055873}. Best is trial 1285 with value: -0.6015874360929447.
[I 2026-08-20 00:56:58,767] Trial 1820 finished with value: 0.6368854513271562 and parameters: {'k1': 1.1575116616336267e-05, 'D_low': 424143.36705855967, 'k2': 0.00040615724497900023, 'D_high': 2631412.2603353094, 'fire_exp': 2.9682045412447122, 'P_half': 2161.3061089219213, 'pre_dampen_half': 0.23016621790822622, 'gpp_af': 5.352108510785008, 'gpp_b': 0.0006256588464266307, 'gpp_d': 18.731682746169504, 'ign_k': 0.6330232575882699, 'ign_c': 0.3614669066858329, 'trop_agb_crit': 1.1945894822425236, 'trop_k_veg': 0.7603617432773205}. Best is trial 1285 with value: -0.6015874360929447.
[I 2026-08-20 00:57:00,769] Trial 1821 finished with value: 0.5852911618682853 and parameters: {'k1': 0.025625054814894275, 'D_low': 1528.6902544482575, 'k2': 0.0005448898134962901, 'D_high': 2322518.1887568487, 'fire_exp': 3.5445633854724203, 'P_half': 81.01203502952421, 'pre_dampen_half': 13.154543321172664, 'gpp_af': 0.001186451280462081, 'gpp_b': 1.0253556116939448e-05, 'gpp_d': 36.511428516563335, 'ign_k': 0.006585440421672536, 'ign_c': 39.84732209512016, 'trop_agb_crit': 1.4219561526334843, 'trop_k_veg': 0.5946374147087629}. Best is trial 1285 with value: -0.6015874360929447.
[I 2026-08-20 00:57:03,773] Trial 1822 finished with value: 0.6218247168050273 and parameters: {'k1': 5.7528096752687075e-05, 'D_low': 7.731728707395573, 'k2': 0.0014561959150071805, 'D_high': 10.377685232005348, 'fire_exp': 1.1796403838237943, 'P_half': 5201.517126703342, 'pre_dampen_half': 14.408561038903699, 'gpp_af': 0.016205897318394342, 'gpp_b': 3.757494177821626e-05, 'gpp_d': 3.0432597376329205, 'ign_k': 0.007376754400810644, 'ign_c': 128.54589702594467, 'trop_agb_crit': 5.987262473935441, 'trop_k_veg': 1.3884755402419646}. Best is trial 1285 with value: -0.6015874360929447.
[I 2026-08-20 00:57:06,319] Trial 1823 finished with value: -0.5632697084619085 and parameters: {'k1': 0.00033821700120351003, 'D_low': 18.608414918962378, 'k2': 8.989258855954298e-05, 'D_high': 124326.61073824872, 'fire_exp': 3.2629958572065667, 'P_half': 1.0570262876414804, 'pre_dampen_half': 7.258751967706268, 'gpp_af': 3.177445191970281, 'gpp_b': 0.0026831709041093017, 'gpp_d': 34.796401261724334, 'ign_k': 0.7645664885739973, 'ign_c': 6.857025464731147, 'trop_agb_crit': 23.441624336432742, 'trop_k_veg': 7.9159870965492125}. Best is trial 1285 with value: -0.6015874360929447.
[I 2026-08-20 00:57:07,931] Trial 1824 finished with value: 0.6445374145881376 and parameters: {'k1': 0.004046953733051319, 'D_low': 268.5982653408045, 'k2': 4.153638734011651e-05, 'D_high': 4555543.432179534, 'fire_exp': 6.424975370374374, 'P_half': 14.526346546088774, 'pre_dampen_half': 1.4392584835886182, 'gpp_af': 0.03578078820889544, 'gpp_b': 0.00018045638753240345, 'gpp_d': 136.7218874057438, 'ign_k': 5.694579414101864, 'ign_c': 81.04475909049911, 'trop_agb_crit': 1.9802947722140223, 'trop_k_veg': 1.4450947777100756}. Best is trial 1285 with value: -0.6015874360929447.
[I 2026-08-20 00:57:09,442] Trial 1825 finished with value: -0.5545480698041346 and parameters: {'k1': 0.001578548264942613, 'D_low': 55.20651878827207, 'k2': 1.3416061022503267e-05, 'D_high': 6586917.065095708, 'fire_exp': 2.365010902590248, 'P_half': 82.43186840803213, 'pre_dampen_half': 4.350699820910303, 'gpp_af': 0.039392642685947166, 'gpp_b': 0.0005827890767202635, 'gpp_d': 95.43881183871132, 'ign_k': 1.683250336365249, 'ign_c': 1.9668409700559224, 'trop_agb_crit': 1.5246688313410648, 'trop_k_veg': 1.2695473794289363}. Best is trial 1285 with value: -0.6015874360929447.
[I 2026-08-20 00:57:11,186] Trial 1826 finished with value: 0.6101883018298526 and parameters: {'k1': 0.0030864215241878986, 'D_low': 1708.3371166403629, 'k2': 0.0152473616609467, 'D_high': 1234.6817845756955, 'fire_exp': 1.1721678062587553, 'P_half': 6448.266963669013, 'pre_dampen_half': 322.47502636390897, 'gpp_af': 58.71323563663292, 'gpp_b': 0.054566732294416956, 'gpp_d': 423.72658706413864, 'ign_k': 4.108040545062082, 'ign_c': 0.10562537406227579, 'trop_agb_crit': 17.051972919845422, 'trop_k_veg': 0.5198802313219489}. Best is trial 1285 with value: -0.6015874360929447.
[I 2026-08-20 00:57:12,496] Trial 1827 finished with value: 0.6445374145881376 and parameters: {'k1': 0.00023676442772039313, 'D_low': 351.2922311374533, 'k2': 3.2280037632953675e-05, 'D_high': 3157350.4937830544, 'fire_exp': 7.2773603041089485, 'P_half': 5571.367471737053, 'pre_dampen_half': 0.030821280537171678, 'gpp_af': 0.0026320335937082507, 'gpp_b': 4.724520615751902, 'gpp_d': 3.0341766639098693, 'ign_k': 0.189673135049568, 'ign_c': 4.491146151593939, 'trop_agb_crit': 4.0428883969495075, 'trop_k_veg': 2.1029528564087494}. Best is trial 1285 with value: -0.6015874360929447.
[I 2026-08-20 00:57:13,841] Trial 1828 finished with value: 0.6440453753926273 and parameters: {'k1': 0.0932876771640407, 'D_low': 203.90930926495489, 'k2': 0.08010647920441243, 'D_high': 360.2850149075023, 'fire_exp': 5.051833581402684, 'P_half': 48.671372576311306, 'pre_dampen_half': 0.025603778912140614, 'gpp_af': 0.4568776573921362, 'gpp_b': 7.44572515122988e-05, 'gpp_d': 31.89612816549679, 'ign_k': 0.0010054150007551888, 'ign_c': 6.04375438858541, 'trop_agb_crit': 13.502834984306109, 'trop_k_veg': 0.651954490280963}. Best is trial 1285 with value: -0.6015874360929447.
[I 2026-08-20 00:57:15,187] Trial 1829 finished with value: 0.6053898093753682 and parameters: {'k1': 0.001106691421268854, 'D_low': 1.8057587366202739, 'k2': 2.3931782783963163e-05, 'D_high': 180026.39362165416, 'fire_exp': 2.7041423484764398, 'P_half': 2.7001445546934058, 'pre_dampen_half': 2.280800440962046, 'gpp_af': 0.3651503389470047, 'gpp_b': 0.0003591530407952145, 'gpp_d': 905.8063123143604, 'ign_k': 2.5096975823200243, 'ign_c': 27.927561805456307, 'trop_agb_crit': 1.3103192618573969, 'trop_k_veg': 1.8040273954332178}. Best is trial 1285 with value: -0.6015874360929447.
[I 2026-08-20 00:57:16,518] Trial 1830 finished with value: 0.6423721925681033 and parameters: {'k1': 0.00010567396175665941, 'D_low': 25.963181478107956, 'k2': 0.007514998960406729, 'D_high': 200.62238098724, 'fire_exp': 9.120989350465383, 'P_half': 4.696952005421424, 'pre_dampen_half': 18.33809300867617, 'gpp_af': 0.1379483650068408, 'gpp_b': 1.4761068770170605e-05, 'gpp_d': 0.010979278026349282, 'ign_k': 0.9957699593349486, 'ign_c': 2.2562601717206907, 'trop_agb_crit': 1.242225108509806, 'trop_k_veg': 0.6194516921107185}. Best is trial 1285 with value: -0.6015874360929447.
[I 2026-08-20 00:57:17,886] Trial 1831 finished with value: 0.5530700752951191 and parameters: {'k1': 0.0008086006930781915, 'D_low': 7.606955672487558, 'k2': 0.00048097286537026576, 'D_high': 474152.2841379915, 'fire_exp': 6.926617328536505, 'P_half': 322.6441947247145, 'pre_dampen_half': 60.05610317536705, 'gpp_af': 0.023347102256126958, 'gpp_b': 3.373881685691534e-05, 'gpp_d': 42.8004205306582, 'ign_k': 5.508497111777283, 'ign_c': 0.5446445241568624, 'trop_agb_crit': 4.859174827479965, 'trop_k_veg': 2.0052786858483596}. Best is trial 1285 with value: -0.6015874360929447.
[I 2026-08-20 00:57:19,232] Trial 1832 finished with value: -0.5364916685179585 and parameters: {'k1': 0.00014092813454936445, 'D_low': 70.13467196199775, 'k2': 7.121336112968877e-05, 'D_high': 337957.78961680894, 'fire_exp': 1.5619231628123813, 'P_half': 3.0558524319197597, 'pre_dampen_half': 2.409870749706014, 'gpp_af': 6.894681317289091, 'gpp_b': 0.13240644511251623, 'gpp_d': 880.9897334053436, 'ign_k': 0.056065636200517854, 'ign_c': 1.292187092106361, 'trop_agb_crit': 9.573483615620622, 'trop_k_veg': 2.497540297525322}. Best is trial 1285 with value: -0.6015874360929447.
[I 2026-08-20 00:57:20,604] Trial 1833 finished with value: 0.6440755927855534 and parameters: {'k1': 5.264670080580703e-05, 'D_low': 811.22471963097, 'k2': 0.0018863341731531855, 'D_high': 14.87521877647662, 'fire_exp': 3.1756223406170205, 'P_half': 3088.0919547573203, 'pre_dampen_half': 0.02658495022706993, 'gpp_af': 0.012412963157240449, 'gpp_b': 0.00011119735235398948, 'gpp_d': 0.43596457906263997, 'ign_k': 0.043384357722897664, 'ign_c': 7.34173826214691, 'trop_agb_crit': 9.768361645288476, 'trop_k_veg': 2.2362591493610453}. Best is trial 1285 with value: -0.6015874360929447.
[I 2026-08-20 00:57:21,912] Trial 1834 finished with value: 0.5029473171385178 and parameters: {'k1': 0.01753820659857984, 'D_low': 8.726450780306964, 'k2': 0.0004991879031657681, 'D_high': 1245476.2088944146, 'fire_exp': 1.042122820390989, 'P_half': 3.5852344913034804, 'pre_dampen_half': 0.035628665904814616, 'gpp_af': 5.137137816073484, 'gpp_b': 0.07663162904999263, 'gpp_d': 296.71337176692975, 'ign_k': 0.13821823790904905, 'ign_c': 0.5755081416163101, 'trop_agb_crit': 7.784226421965308, 'trop_k_veg': 3.5926106283125208}. Best is trial 1285 with value: -0.6015874360929447.
