[I 2026-06-10 19:32:12,180] Trial 518 finished with values: [10.70017157659745, 10.70017157659745] and parameters: {'k1': 5.7909642338812115e-05, 'D_low': 2186.356344942016, 'k2': 0.005204862686958021, 'D_high': 16.91793781734267, 'fire_exp': 1.111738490499784, 'P_half': 12.262543158860007, 'pre_dampen_half': 189.36639872354493, 'gpp_af': 3.030008727251782, 'gpp_b': 0.002416023630607169, 'gpp_d': 1.0088237648985734, 'ign_k': 0.09256855841989636, 'ign_c': 2.2882309479728957, 'trop_agb_crit': 1.0189592979395135, 'trop_k_veg': 3.1055119128084763, 'fire_amp': 4.472176921013167}.
[I 2026-06-10 19:32:13,537] Trial 519 finished with values: [-0.3235528679931381, 0.9960941508102913] and parameters: {'k1': 0.03820259936390116, 'D_low': 2267.735223551285, 'k2': 0.02065142557895925, 'D_high': 41833.85682146036, 'fire_exp': 1.264103030891254, 'P_half': 5.4712187293420325, 'pre_dampen_half': 42.05657072871069, 'gpp_af': 56.62858823465573, 'gpp_b': 0.015382154459808445, 'gpp_d': 14.427333163005196, 'ign_k': 0.06219881174029358, 'ign_c': 1.488823059798356, 'trop_agb_crit': 1.2489332852689512, 'trop_k_veg': 2.1406449943451844, 'fire_amp': 2.6192385880432525}.
[I 2026-06-10 19:32:14,870] Trial 520 finished with values: [10.10685947137631, 10.10685947137631] and parameters: {'k1': 5.7909642338812115e-05, 'D_low': 43.2326421037033, 'k2': 7.531057256501231e-05, 'D_high': 431.45617043093523, 'fire_exp': 1.264103030891254, 'P_half': 1.9678273362633985, 'pre_dampen_half': 189.36639872354493, 'gpp_af': 3.030008727251782, 'gpp_b': 0.00013164432569139702, 'gpp_d': 1.0088237648985734, 'ign_k': 0.03845635122720663, 'ign_c': 7.832259769732471, 'trop_agb_crit': 8.0091368834625, 'trop_k_veg': 3.1055119128084763, 'fire_amp': 5.3557573266024745}.
[I 2026-06-10 19:32:16,205] Trial 521 finished with values: [10.044981578353099, 10.044981578353099] and parameters: {'k1': 5.7909642338812115e-05, 'D_low': 2186.356344942016, 'k2': 0.005204862686958021, 'D_high': 1817.0401889219124, 'fire_exp': 1.111738490499784, 'P_half': 2.226799690893868, 'pre_dampen_half': 189.36639872354493, 'gpp_af': 3.298293484806585, 'gpp_b': 0.001674375583895437, 'gpp_d': 7.631016235941559, 'ign_k': 0.8945150807271531, 'ign_c': 2.2882309479728957, 'trop_agb_crit': 1.0189592979395135, 'trop_k_veg': 5.453348988480011, 'fire_amp': 2.6192385880432525}.
[I 2026-06-10 19:32:17,595] Trial 522 finished with values: [10.290464212669791, 10.290464212669791] and parameters: {'k1': 0.0869690639641868, 'D_low': 236.79352040223893, 'k2': 1.1417577140741129e-05, 'D_high': 6682.9607218310075, 'fire_exp': 1.2060040899560858, 'P_half': 114.62237838612074, 'pre_dampen_half': 9.044346216330972, 'gpp_af': 0.8594202650742228, 'gpp_b': 0.001674375583895437, 'gpp_d': 1.4397852866783676, 'ign_k': 1.6270983114897255, 'ign_c': 1.364908766641693, 'trop_agb_crit': 8.462233625364036, 'trop_k_veg': 2.9779319378885387, 'fire_amp': 2.6192385880432525}.
[I 2026-06-10 19:32:19,009] Trial 523 finished with values: [10.269853755081916, 10.269853755081916] and parameters: {'k1': 0.03820259936390116, 'D_low': 24.28756508761176, 'k2': 1.1417577140741129e-05, 'D_high': 6682.9607218310075, 'fire_exp': 1.0948220627025493, 'P_half': 1.4551749476072258, 'pre_dampen_half': 0.04078961160746153, 'gpp_af': 56.62858823465573, 'gpp_b': 0.005166473066540598, 'gpp_d': 467.0625946819548, 'ign_k': 0.018391807805583135, 'ign_c': 7.832259769732471, 'trop_agb_crit': 5.613675661974366, 'trop_k_veg': 1.6648666152166967, 'fire_amp': 5.831305332032283}.
[I 2026-06-10 19:32:20,608] Trial 524 finished with values: [10.35703942695788, 10.35703942695788] and parameters: {'k1': 0.0007916322947490366, 'D_low': 2186.356344942016, 'k2': 0.005204862686958021, 'D_high': 1817.0401889219124, 'fire_exp': 1.111738490499784, 'P_half': 157.3644610977214, 'pre_dampen_half': 189.36639872354493, 'gpp_af': 1.9998014714101113, 'gpp_b': 0.002416023630607169, 'gpp_d': 7.631016235941559, 'ign_k': 0.09256855841989636, 'ign_c': 0.14665316366397016, 'trop_agb_crit': 8.0091368834625, 'trop_k_veg': 5.453348988480011, 'fire_amp': 2.6192385880432525}.
[I 2026-06-10 19:32:21,985] Trial 525 finished with values: [10.833836326925873, 10.833836326925873] and parameters: {'k1': 5.7909642338812115e-05, 'D_low': 9.882278532808778, 'k2': 2.316457903103837e-05, 'D_high': 41833.85682146036, 'fire_exp': 1.1490848108902036, 'P_half': 3.9207829763785726, 'pre_dampen_half': 857.3351203969089, 'gpp_af': 56.62858823465573, 'gpp_b': 0.002416023630607169, 'gpp_d': 1.4397852866783676, 'ign_k': 7.252283715822169, 'ign_c': 0.773448215664679, 'trop_agb_crit': 1.0189592979395135, 'trop_k_veg': 6.825463866194253, 'fire_amp': 5.667622640988655}.
[I 2026-06-10 19:32:23,308] Trial 526 finished with values: [10.033161065831482, 10.033161065831482] and parameters: {'k1': 1.0465498595171737e-05, 'D_low': 1.4002277211577039, 'k2': 0.0007731571570012607, 'D_high': 1817.0401889219124, 'fire_exp': 1.0601964743503993, 'P_half': 70.91190338709636, 'pre_dampen_half': 38.00678588560607, 'gpp_af': 1.9706963379095486, 'gpp_b': 0.049565458633074926, 'gpp_d': 47.35384181058586, 'ign_k': 6.415745702132089, 'ign_c': 1.3431925993528124, 'trop_agb_crit': 1.850652607502099, 'trop_k_veg': 1.6003641872536711, 'fire_amp': 3.0602124456299986}.
[I 2026-06-10 19:32:24,672] Trial 527 finished with values: [10.725796904565277, 10.725796904565277] and parameters: {'k1': 5.7909642338812115e-05, 'D_low': 1074.940539517341, 'k2': 0.0001280886335404798, 'D_high': 6682.9607218310075, 'fire_exp': 1.9095652801045373, 'P_half': 12.262543158860007, 'pre_dampen_half': 189.36639872354493, 'gpp_af': 0.07118041471054574, 'gpp_b': 1.4008921101492135e-05, 'gpp_d': 14.427333163005196, 'ign_k': 0.00840038491455979, 'ign_c': 0.5232779509048977, 'trop_agb_crit': 2.0527418919564324, 'trop_k_veg': 1.6648666152166967, 'fire_amp': 1.5719333351012774}.
[I 2026-06-10 19:32:26,095] Trial 528 finished with values: [10.625299905339071, 10.625299905339071] and parameters: {'k1': 0.0007916322947490366, 'D_low': 50.32059347286801, 'k2': 0.005204862686958021, 'D_high': 1817.0401889219124, 'fire_exp': 1.2060040899560858, 'P_half': 157.3644610977214, 'pre_dampen_half': 1.8469033699850426, 'gpp_af': 0.07302012718529301, 'gpp_b': 0.001674375583895437, 'gpp_d': 76.38081075786287, 'ign_k': 0.09256855841989636, 'ign_c': 16.497426799845446, 'trop_agb_crit': 8.0091368834625, 'trop_k_veg': 2.99731137426955, 'fire_amp': 2.6192385880432525}.
[I 2026-06-10 19:32:27,501] Trial 529 finished with values: [10.067778264631233, 10.067778264631233] and parameters: {'k1': 5.7909642338812115e-05, 'D_low': 1.4002277211577039, 'k2': 0.0036014695835220327, 'D_high': 41833.85682146036, 'fire_exp': 1.264103030891254, 'P_half': 1.4551749476072258, 'pre_dampen_half': 42.05657072871069, 'gpp_af': 56.62858823465573, 'gpp_b': 0.00013164432569139702, 'gpp_d': 0.26636419343091605, 'ign_k': 0.09256855841989636, 'ign_c': 0.773448215664679, 'trop_agb_crit': 1.2489332852689512, 'trop_k_veg': 2.1406449943451844, 'fire_amp': 5.44779717154213}.
[I 2026-06-10 19:32:28,862] Trial 530 finished with values: [10.69809488146784, 10.69809488146784] and parameters: {'k1': 0.0006042560675552671, 'D_low': 2962.601088597272, 'k2': 0.02065142557895925, 'D_high': 48235.58283024493, 'fire_exp': 1.111738490499784, 'P_half': 996.7983879709292, 'pre_dampen_half': 1.6130673726933187, 'gpp_af': 1.9998014714101113, 'gpp_b': 0.002416023630607169, 'gpp_d': 14.427333163005196, 'ign_k': 1.6270983114897255, 'ign_c': 2.2882309479728957, 'trop_agb_crit': 8.0091368834625, 'trop_k_veg': 5.453348988480011, 'fire_amp': 2.2586887422726973}.
[I 2026-06-10 19:32:30,192] Trial 531 finished with values: [10.171229557763414, 10.171229557763414] and parameters: {'k1': 5.7909642338812115e-05, 'D_low': 236.79352040223893, 'k2': 0.005204862686958021, 'D_high': 1817.0401889219124, 'fire_exp': 1.111738490499784, 'P_half': 18.93453091519153, 'pre_dampen_half': 9.044346216330972, 'gpp_af': 0.8594202650742228, 'gpp_b': 0.002416023630607169, 'gpp_d': 7.631016235941559, 'ign_k': 0.8945150807271531, 'ign_c': 0.773448215664679, 'trop_agb_crit': 1.438876022196885, 'trop_k_veg': 5.453348988480011, 'fire_amp': 2.6192385880432525}.
[I 2026-06-10 19:32:31,616] Trial 532 finished with values: [10.305687821770707, 10.305687821770707] and parameters: {'k1': 0.03820259936390116, 'D_low': 236.79352040223893, 'k2': 0.02065142557895925, 'D_high': 48235.58283024493, 'fire_exp': 1.9095652801045373, 'P_half': 2.226799690893868, 'pre_dampen_half': 9.044346216330972, 'gpp_af': 21.635028947225102, 'gpp_b': 0.001674375583895437, 'gpp_d': 14.427333163005196, 'ign_k': 1.6270983114897255, 'ign_c': 1.364908766641693, 'trop_agb_crit': 1.0189592979395135, 'trop_k_veg': 2.99731137426955, 'fire_amp': 2.6192385880432525}.
[I 2026-06-10 19:32:33,104] Trial 533 finished with values: [-0.30318487148188794, 0.9679013698448065] and parameters: {'k1': 0.00026539376439360527, 'D_low': 1074.940539517341, 'k2': 0.02065142557895925, 'D_high': 42210.21267871043, 'fire_exp': 1.0601964743503993, 'P_half': 12.262543158860007, 'pre_dampen_half': 189.36639872354493, 'gpp_af': 0.07118041471054574, 'gpp_b': 1.4008921101492135e-05, 'gpp_d': 1.0088237648985734, 'ign_k': 0.00840038491455979, 'ign_c': 2.2882309479728957, 'trop_agb_crit': 8.0091368834625, 'trop_k_veg': 5.453348988480011, 'fire_amp': 1.5719333351012774}.
[I 2026-06-10 19:32:34,585] Trial 534 finished with values: [10.02341165957452, 10.02341165957452] and parameters: {'k1': 0.0869690639641868, 'D_low': 43.2326421037033, 'k2': 7.531057256501231e-05, 'D_high': 1817.0401889219124, 'fire_exp': 1.264103030891254, 'P_half': 1.4551749476072258, 'pre_dampen_half': 9.044346216330972, 'gpp_af': 0.37842528170684203, 'gpp_b': 0.00013164432569139702, 'gpp_d': 1.0088237648985734, 'ign_k': 1.6270983114897255, 'ign_c': 7.832259769732471, 'trop_agb_crit': 1.0189592979395135, 'trop_k_veg': 5.453348988480011, 'fire_amp': 3.890668402773863}.
[I 2026-06-10 19:32:36,005] Trial 535 finished with values: [10.75109926153081, 10.75109926153081] and parameters: {'k1': 0.0007916322947490366, 'D_low': 236.79352040223893, 'k2': 0.005204862686958021, 'D_high': 1817.0401889219124, 'fire_exp': 3.0820989694255045, 'P_half': 157.3644610977214, 'pre_dampen_half': 189.36639872354493, 'gpp_af': 1.9998014714101113, 'gpp_b': 0.001674375583895437, 'gpp_d': 76.38081075786287, 'ign_k': 0.09256855841989636, 'ign_c': 16.497426799845446, 'trop_agb_crit': 8.0091368834625, 'trop_k_veg': 5.453348988480011, 'fire_amp': 2.6192385880432525}.
[I 2026-06-10 19:32:37,409] Trial 536 finished with values: [10.05226013459825, 10.05226013459825] and parameters: {'k1': 0.012840669372724958, 'D_low': 16.480446427978972, 'k2': 0.0001280886335404798, 'D_high': 18108.14362107968, 'fire_exp': 1.811096651915224, 'P_half': 5.4712187293420325, 'pre_dampen_half': 21.593412825402957, 'gpp_af': 5.470750401264765, 'gpp_b': 0.049565458633074926, 'gpp_d': 47.35384181058586, 'ign_k': 0.9419612235978201, 'ign_c': 7.081721844034206, 'trop_agb_crit': 6.351751286408562, 'trop_k_veg': 0.7808079158649266, 'fire_amp': 3.0602124456299986}.
[I 2026-06-10 19:32:38,810] Trial 537 finished with values: [10.510052074080406, 10.510052074080406] and parameters: {'k1': 0.0006042560675552671, 'D_low': 2186.356344942016, 'k2': 0.0007731571570012607, 'D_high': 1817.0401889219124, 'fire_exp': 1.111738490499784, 'P_half': 996.7983879709292, 'pre_dampen_half': 189.36639872354493, 'gpp_af': 1.9998014714101113, 'gpp_b': 0.002416023630607169, 'gpp_d': 1.0088237648985734, 'ign_k': 0.8945150807271531, 'ign_c': 2.2882309479728957, 'trop_agb_crit': 8.0091368834625, 'trop_k_veg': 5.453348988480011, 'fire_amp': 5.44779717154213}.
[I 2026-06-10 19:32:40,245] Trial 538 finished with values: [10.748793150816875, 10.748793150816875] and parameters: {'k1': 0.0001887567630782227, 'D_low': 236.79352040223893, 'k2': 0.018467059900514494, 'D_high': 1817.0401889219124, 'fire_exp': 1.3792762394455726, 'P_half': 2.226799690893868, 'pre_dampen_half': 269.0845367054866, 'gpp_af': 5.470750401264765, 'gpp_b': 0.001674375583895437, 'gpp_d': 0.014121081168145975, 'ign_k': 0.09256855841989636, 'ign_c': 1.3431925993528124, 'trop_agb_crit': 6.351751286408562, 'trop_k_veg': 4.0068236274914755, 'fire_amp': 3.0602124456299986}.
[I 2026-06-10 19:32:42,019] Trial 539 finished with values: [10.067653107067875, 10.067653107067875] and parameters: {'k1': 0.00026539376439360527, 'D_low': 2186.356344942016, 'k2': 1.1417577140741129e-05, 'D_high': 6682.9607218310075, 'fire_exp': 1.111738490499784, 'P_half': 12.262543158860007, 'pre_dampen_half': 189.36639872354493, 'gpp_af': 3.030008727251782, 'gpp_b': 0.00013164432569139702, 'gpp_d': 7.631016235941559, 'ign_k': 0.09256855841989636, 'ign_c': 7.832259769732471, 'trop_agb_crit': 5.335241529707116, 'trop_k_veg': 2.520089655463604, 'fire_amp': 1.7362652332618447}.
[I 2026-06-10 19:32:43,424] Trial 540 finished with values: [10.83333333328067, 10.83333333328067] and parameters: {'k1': 0.0869690639641868, 'D_low': 236.79352040223893, 'k2': 0.005204862686958021, 'D_high': 267.3088310781672, 'fire_exp': 1.2060040899560858, 'P_half': 114.62237838612074, 'pre_dampen_half': 220.35141300841897, 'gpp_af': 0.8594202650742228, 'gpp_b': 0.001674375583895437, 'gpp_d': 1.4397852866783676, 'ign_k': 0.8945150807271531, 'ign_c': 65.87536748686888, 'trop_agb_crit': 8.0091368834625, 'trop_k_veg': 5.453348988480011, 'fire_amp': 4.472176921013167}.
[I 2026-06-10 19:32:44,824] Trial 541 finished with values: [10.276128850121237, 10.276128850121237] and parameters: {'k1': 0.00026539376439360527, 'D_low': 236.79352040223893, 'k2': 0.02065142557895925, 'D_high': 6682.9607218310075, 'fire_exp': 1.9095652801045373, 'P_half': 78.13392238162733, 'pre_dampen_half': 189.36639872354493, 'gpp_af': 27.448645214004376, 'gpp_b': 0.002416023630607169, 'gpp_d': 525.1661172395181, 'ign_k': 1.6270983114897255, 'ign_c': 16.497426799845446, 'trop_agb_crit': 3.058280993112277, 'trop_k_veg': 0.9660523662864217, 'fire_amp': 1.4357291436937847}.
[I 2026-06-10 19:32:46,214] Trial 542 finished with values: [10.076662164427038, 10.076662164427038] and parameters: {'k1': 0.03820259936390116, 'D_low': 50.32059347286801, 'k2': 0.02065142557895925, 'D_high': 41833.85682146036, 'fire_exp': 1.7505406131449859, 'P_half': 5.4712187293420325, 'pre_dampen_half': 42.05657072871069, 'gpp_af': 56.62858823465573, 'gpp_b': 0.00013164432569139702, 'gpp_d': 14.427333163005196, 'ign_k': 0.03845635122720663, 'ign_c': 1.488823059798356, 'trop_agb_crit': 1.2489332852689512, 'trop_k_veg': 6.825463866194253, 'fire_amp': 2.6192385880432525}.
[I 2026-06-10 19:32:47,611] Trial 543 finished with values: [10.313747819297761, 10.313747819297761] and parameters: {'k1': 0.0869690639641868, 'D_low': 16.480446427978972, 'k2': 0.02065142557895925, 'D_high': 6682.9607218310075, 'fire_exp': 4.7144651891518725, 'P_half': 114.62237838612074, 'pre_dampen_half': 189.36639872354493, 'gpp_af': 0.004409093791567215, 'gpp_b': 0.001674375583895437, 'gpp_d': 1.4397852866783676, 'ign_k': 0.8945150807271531, 'ign_c': 7.081721844034206, 'trop_agb_crit': 2.100813292597435, 'trop_k_veg': 2.99731137426955, 'fire_amp': 3.8500040010232275}.
[I 2026-06-10 19:32:49,047] Trial 544 finished with values: [10.82457825469289, 10.82457825469289] and parameters: {'k1': 5.7909642338812115e-05, 'D_low': 1.4002277211577039, 'k2': 0.02065142557895925, 'D_high': 1817.0401889219124, 'fire_exp': 1.111738490499784, 'P_half': 5.4712187293420325, 'pre_dampen_half': 189.36639872354493, 'gpp_af': 1.9998014714101113, 'gpp_b': 6.598911085146508, 'gpp_d': 1.0088237648985734, 'ign_k': 0.00840038491455979, 'ign_c': 2.2882309479728957, 'trop_agb_crit': 8.0091368834625, 'trop_k_veg': 2.9779319378885387, 'fire_amp': 1.1832294197682733}.
[I 2026-06-10 19:32:50,482] Trial 545 finished with values: [10.798744940619022, 10.798744940619022] and parameters: {'k1': 0.004902396944106613, 'D_low': 236.79352040223893, 'k2': 0.02065142557895925, 'D_high': 267.3088310781672, 'fire_exp': 1.9095652801045373, 'P_half': 78.13392238162733, 'pre_dampen_half': 350.88322284755304, 'gpp_af': 27.448645214004376, 'gpp_b': 0.5903603324157484, 'gpp_d': 14.427333163005196, 'ign_k': 0.8945150807271531, 'ign_c': 0.5232779509048977, 'trop_agb_crit': 3.058280993112277, 'trop_k_veg': 0.9660523662864217, 'fire_amp': 4.472176921013167}.
[I 2026-06-10 19:32:51,857] Trial 546 finished with values: [10.18307168646131, 10.18307168646131] and parameters: {'k1': 0.012840669372724958, 'D_low': 16.480446427978972, 'k2': 0.0001280886335404798, 'D_high': 595.6633466901683, 'fire_exp': 1.1490848108902036, 'P_half': 5.4712187293420325, 'pre_dampen_half': 9.044346216330972, 'gpp_af': 0.004409093791567215, 'gpp_b': 0.00013164432569139702, 'gpp_d': 0.47379914349407487, 'ign_k': 0.00660597889201953, 'ign_c': 0.773448215664679, 'trop_agb_crit': 2.100813292597435, 'trop_k_veg': 6.825463866194253, 'fire_amp': 5.615047466686494}.
[I 2026-06-10 19:32:53,238] Trial 547 finished with values: [10.804020925834719, 10.804020925834719] and parameters: {'k1': 0.0869690639641868, 'D_low': 2186.356344942016, 'k2': 0.0007731571570012607, 'D_high': 1266.9536563782303, 'fire_exp': 1.2060040899560858, 'P_half': 1.4551749476072258, 'pre_dampen_half': 9.044346216330972, 'gpp_af': 3.298293484806585, 'gpp_b': 0.001674375583895437, 'gpp_d': 7.631016235941559, 'ign_k': 1.6270983114897255, 'ign_c': 7.832259769732471, 'trop_agb_crit': 1.0189592979395135, 'trop_k_veg': 0.9923523017201868, 'fire_amp': 2.042193818779288}.
[I 2026-06-10 19:32:54,622] Trial 548 finished with values: [10.833204767880368, 10.833204767880368] and parameters: {'k1': 0.03648456083047798, 'D_low': 236.79352040223893, 'k2': 0.029687184908302574, 'D_high': 24.9899605789089, 'fire_exp': 1.2060040899560858, 'P_half': 61.6097529474144, 'pre_dampen_half': 189.88136301569827, 'gpp_af': 0.8594202650742228, 'gpp_b': 0.001674375583895437, 'gpp_d': 1.4397852866783676, 'ign_k': 0.00660597889201953, 'ign_c': 1.364908766641693, 'trop_agb_crit': 3.058280993112277, 'trop_k_veg': 2.99731137426955, 'fire_amp': 5.831305332032283}.
[I 2026-06-10 19:32:56,045] Trial 549 finished with values: [10.807321657426826, 10.807321657426826] and parameters: {'k1': 0.012840669372724958, 'D_low': 2186.356344942016, 'k2': 1.1417577140741129e-05, 'D_high': 1266.9536563782303, 'fire_exp': 1.5036604936020428, 'P_half': 12.262543158860007, 'pre_dampen_half': 189.36639872354493, 'gpp_af': 0.004409093791567215, 'gpp_b': 0.0015782327810795573, 'gpp_d': 0.47379914349407487, 'ign_k': 0.09256855841989636, 'ign_c': 7.832259769732471, 'trop_agb_crit': 2.100813292597435, 'trop_k_veg': 0.7808079158649266, 'fire_amp': 2.042193818779288}.
[I 2026-06-10 19:32:57,505] Trial 550 finished with values: [10.481246303868998, 10.481246303868998] and parameters: {'k1': 5.7909642338812115e-05, 'D_low': 50.32059347286801, 'k2': 0.0001280886335404798, 'D_high': 41833.85682146036, 'fire_exp': 1.111738490499784, 'P_half': 589.5271473887282, 'pre_dampen_half': 189.36639872354493, 'gpp_af': 56.62858823465573, 'gpp_b': 0.00013164432569139702, 'gpp_d': 0.26636419343091605, 'ign_k': 0.00660597889201953, 'ign_c': 0.773448215664679, 'trop_agb_crit': 1.438876022196885, 'trop_k_veg': 6.825463866194253, 'fire_amp': 5.615047466686494}.
[I 2026-06-10 19:32:58,829] Trial 551 finished with values: [10.750194398278506, 10.750194398278506] and parameters: {'k1': 0.0007916322947490366, 'D_low': 236.79352040223893, 'k2': 0.0004976087827261435, 'D_high': 1817.0401889219124, 'fire_exp': 1.4572158037266703, 'P_half': 157.3644610977214, 'pre_dampen_half': 155.08737608723771, 'gpp_af': 1.9998014714101113, 'gpp_b': 0.001674375583895437, 'gpp_d': 76.38081075786287, 'ign_k': 0.09256855841989636, 'ign_c': 39.52220881906114, 'trop_agb_crit': 12.647327018493208, 'trop_k_veg': 5.453348988480011, 'fire_amp': 2.6192385880432525}.
[I 2026-06-10 19:33:00,177] Trial 552 finished with values: [10.381677438047305, 10.381677438047305] and parameters: {'k1': 0.03648456083047798, 'D_low': 171.2446447678494, 'k2': 0.005204862686958021, 'D_high': 48235.58283024493, 'fire_exp': 1.111738490499784, 'P_half': 6004.223886195538, 'pre_dampen_half': 38.00678588560607, 'gpp_af': 0.07302012718529301, 'gpp_b': 0.002416023630607169, 'gpp_d': 1.0088237648985734, 'ign_k': 0.5407445028694732, 'ign_c': 0.33139424373451987, 'trop_agb_crit': 21.086120736447015, 'trop_k_veg': 5.453348988480011, 'fire_amp': 5.44779717154213}.
[I 2026-06-10 19:33:01,533] Trial 553 finished with values: [10.891136028125416, 10.891136028125416] and parameters: {'k1': 5.7909642338812115e-05, 'D_low': 97.43142535650219, 'k2': 0.0007731571570012607, 'D_high': 1817.0401889219124, 'fire_exp': 1.111738490499784, 'P_half': 1.4551749476072258, 'pre_dampen_half': 189.36639872354493, 'gpp_af': 1.9998014714101113, 'gpp_b': 0.006999112505425414, 'gpp_d': 12.281069836814826, 'ign_k': 0.09256855841989636, 'ign_c': 2.2882309479728957, 'trop_agb_crit': 1.8023542850487386, 'trop_k_veg': 5.453348988480011, 'fire_amp': 5.44779717154213}.
[I 2026-06-10 19:33:03,126] Trial 554 finished with values: [10.732054849086419, 10.732054849086419] and parameters: {'k1': 0.0869690639641868, 'D_low': 236.79352040223893, 'k2': 0.005204862686958021, 'D_high': 267.3088310781672, 'fire_exp': 1.111738490499784, 'P_half': 2.226799690893868, 'pre_dampen_half': 189.36639872354493, 'gpp_af': 0.8594202650742228, 'gpp_b': 0.5903603324157484, 'gpp_d': 1.4397852866783676, 'ign_k': 0.8945150807271531, 'ign_c': 16.497426799845446, 'trop_agb_crit': 8.0091368834625, 'trop_k_veg': 1.6003641872536711, 'fire_amp': 2.6192385880432525}.
