[I 2026-08-06 10:51:15,661] Trial 443 finished with values: [11.454436442087832, 11.454436442087832] and parameters: {'k1': 0.01889771394135163, 'D_low': 7.299348683062307, 'k2': 0.0005262881356087174, 'D_high': 5670.3463356272905, 'fire_exp': 1.5868092618912009, 'P_half': 4.213183643253957, 'pre_dampen_half': 63.6685916079943, 'gpp_af': 0.6403036652671171, 'gpp_b': 0.00431329787498825, 'gpp_d': 757.2868182332339, 'ign_k': 0.09255037589041182, 'ign_c': 1.9580595319750387, 'trop_agb_crit': 8.997007571451054, 'trop_k_veg': 1.0594599158279707}.
[I 2026-08-06 10:51:16,957] Trial 444 finished with values: [10.237900981776614, 10.237900981776614] and parameters: {'k1': 0.00488137519160367, 'D_low': 520.4862686958022, 'k2': 8.923807143379776e-05, 'D_high': 18.064907756357265, 'fire_exp': 1.3170256885255098, 'P_half': 4.213183643253957, 'pre_dampen_half': 331.7366635899375, 'gpp_af': 0.6403036652671171, 'gpp_b': 0.0005739662837359252, 'gpp_d': 2.944272359149677, 'ign_k': 0.019192001101561888, 'ign_c': 30.785541778315018, 'trop_agb_crit': 18.785197416433792, 'trop_k_veg': 1.140286245977296}.
[I 2026-08-06 10:51:18,368] Trial 445 finished with values: [10.243172228017727, 10.243172228017727] and parameters: {'k1': 2.316457903103837e-05, 'D_low': 2945.620569202742, 'k2': 0.004579192310322934, 'D_high': 60107.420288647554, 'fire_exp': 1.3170256885255098, 'P_half': 4.213183643253957, 'pre_dampen_half': 63.6685916079943, 'gpp_af': 1.9706963379095486, 'gpp_b': 3.481277316673104e-05, 'gpp_d': 150.14555442537656, 'ign_k': 0.019192001101561888, 'ign_c': 2.4936660834465174, 'trop_agb_crit': 7.500118950416987, 'trop_k_veg': 3.49157152291552}.
[I 2026-08-06 10:51:19,571] Trial 446 finished with values: [-0.5500260614519904, 0.14094633050052408] and parameters: {'k1': 0.05778755734457457, 'D_low': 355.00125258511594, 'k2': 0.014344484793173472, 'D_high': 42210.21267871043, 'fire_exp': 1.1263716762638152, 'P_half': 221.2683656611821, 'pre_dampen_half': 38.00678588560607, 'gpp_af': 1.6059727222314273, 'gpp_b': 0.01666658176842624, 'gpp_d': 229.41380323183625, 'ign_k': 0.019192001101561888, 'ign_c': 3.470490935437501, 'trop_agb_crit': 1.0693376406863295, 'trop_k_veg': 5.580504276549027}.
[I 2026-08-06 10:51:20,758] Trial 447 finished with values: [10.098806854839088, 10.098806854839088] and parameters: {'k1': 0.012021930484915042, 'D_low': 355.00125258511594, 'k2': 8.923807143379776e-05, 'D_high': 78.57247967427125, 'fire_exp': 1.221575427404682, 'P_half': 140.74279366401683, 'pre_dampen_half': 331.7366635899375, 'gpp_af': 5.335773317316405, 'gpp_b': 0.01666658176842624, 'gpp_d': 757.2868182332339, 'ign_k': 0.019192001101561888, 'ign_c': 21.275785720135406, 'trop_agb_crit': 7.628718523810018, 'trop_k_veg': 2.5878603012249104}.
[I 2026-08-06 10:51:21,945] Trial 448 finished with values: [10.360274317899705, 10.360274317899705] and parameters: {'k1': 0.00488137519160367, 'D_low': 520.4862686958022, 'k2': 1.1065812688893481e-05, 'D_high': 5670.3463356272905, 'fire_exp': 1.3170256885255098, 'P_half': 140.74279366401683, 'pre_dampen_half': 63.6685916079943, 'gpp_af': 0.022129266663052607, 'gpp_b': 0.012132126638791128, 'gpp_d': 82.84476373292449, 'ign_k': 0.21006485619596416, 'ign_c': 0.557280750002996, 'trop_agb_crit': 18.785197416433792, 'trop_k_veg': 1.140286245977296}.
[I 2026-08-06 10:51:23,195] Trial 449 finished with values: [10.366147286254606, 10.366147286254606] and parameters: {'k1': 0.01549659926581634, 'D_low': 38.82837025280678, 'k2': 8.923807143379776e-05, 'D_high': 8182.111518618414, 'fire_exp': 1.7329145403564932, 'P_half': 221.2683656611821, 'pre_dampen_half': 38.00678588560607, 'gpp_af': 0.6403036652671171, 'gpp_b': 0.0005739662837359252, 'gpp_d': 1.493264336549928, 'ign_k': 0.060759029110813774, 'ign_c': 1.2431017136067033, 'trop_agb_crit': 8.997007571451054, 'trop_k_veg': 1.140286245977296}.
[I 2026-08-06 10:51:24,430] Trial 450 finished with values: [10.226109865870262, 10.226109865870262] and parameters: {'k1': 0.008912611835817005, 'D_low': 12.105387404469584, 'k2': 1.1065812688893481e-05, 'D_high': 42210.21267871043, 'fire_exp': 1.3170256885255098, 'P_half': 4.213183643253957, 'pre_dampen_half': 63.6685916079943, 'gpp_af': 0.6403036652671171, 'gpp_b': 0.0007280676817361986, 'gpp_d': 1.493264336549928, 'ign_k': 0.21006485619596416, 'ign_c': 11.400863701127316, 'trop_agb_crit': 8.997007571451054, 'trop_k_veg': 1.7664838950757566}.
[I 2026-08-06 10:51:25,631] Trial 451 finished with values: [-0.5811180773304647, 0.1035853358358122] and parameters: {'k1': 0.00488137519160367, 'D_low': 520.4862686958022, 'k2': 8.923807143379776e-05, 'D_high': 8182.111518618414, 'fire_exp': 1.0271184723288342, 'P_half': 221.2683656611821, 'pre_dampen_half': 331.7366635899375, 'gpp_af': 0.6403036652671171, 'gpp_b': 2.176805640408474e-05, 'gpp_d': 82.84476373292449, 'ign_k': 0.060759029110813774, 'ign_c': 30.785541778315018, 'trop_agb_crit': 8.997007571451054, 'trop_k_veg': 1.140286245977296}.
[I 2026-08-06 10:51:26,831] Trial 452 finished with values: [-0.5460539206585557, 0.10287840511738966] and parameters: {'k1': 0.01889771394135163, 'D_low': 12.105387404469584, 'k2': 8.923807143379776e-05, 'D_high': 774.2116473996249, 'fire_exp': 1.2611826901294014, 'P_half': 140.74279366401683, 'pre_dampen_half': 331.7366635899375, 'gpp_af': 5.335773317316405, 'gpp_b': 0.01666658176842624, 'gpp_d': 757.2868182332339, 'ign_k': 0.019192001101561888, 'ign_c': 54.079797238871784, 'trop_agb_crit': 7.628718523810018, 'trop_k_veg': 1.0594599158279707}.
[I 2026-08-06 10:51:28,032] Trial 453 finished with values: [-0.5690499116341144, 0.08468139458606183] and parameters: {'k1': 0.05778755734457457, 'D_low': 38.82837025280678, 'k2': 0.014344484793173472, 'D_high': 42210.21267871043, 'fire_exp': 1.7329145403564932, 'P_half': 221.2683656611821, 'pre_dampen_half': 38.00678588560607, 'gpp_af': 1.6059727222314273, 'gpp_b': 2.176805640408474e-05, 'gpp_d': 229.41380323183625, 'ign_k': 0.01364908766641695, 'ign_c': 0.1948891005130867, 'trop_agb_crit': 3.799798565960999, 'trop_k_veg': 2.520089655463604}.
[I 2026-08-06 10:51:29,262] Trial 454 finished with values: [10.640533362330634, 10.640533362330634] and parameters: {'k1': 0.01889771394135163, 'D_low': 7.299348683062307, 'k2': 0.003767022142229395, 'D_high': 21.947742689197344, 'fire_exp': 1.1263716762638152, 'P_half': 4.213183643253957, 'pre_dampen_half': 5.048653998722947, 'gpp_af': 1.9706963379095486, 'gpp_b': 0.01666658176842624, 'gpp_d': 84.31013932082456, 'ign_k': 0.019192001101561888, 'ign_c': 1.9580595319750387, 'trop_agb_crit': 1.0693376406863295, 'trop_k_veg': 5.580504276549027}.
[I 2026-08-06 10:51:30,493] Trial 455 finished with values: [-0.5692275883524751, 0.13881618532495665] and parameters: {'k1': 0.008912611835817005, 'D_low': 355.00125258511594, 'k2': 1.1065812688893481e-05, 'D_high': 645.2946500764235, 'fire_exp': 1.3170256885255098, 'P_half': 83.12953263874529, 'pre_dampen_half': 63.6685916079943, 'gpp_af': 0.6403036652671171, 'gpp_b': 0.0005739662837359252, 'gpp_d': 2.944272359149677, 'ign_k': 0.21006485619596416, 'ign_c': 5.13055176058983, 'trop_agb_crit': 1.0903028125370984, 'trop_k_veg': 3.1473758868965476}.
[I 2026-08-06 10:51:31,711] Trial 456 finished with values: [10.298104268330835, 10.298104268330835] and parameters: {'k1': 0.002155595057104387, 'D_low': 7.299348683062307, 'k2': 8.923807143379776e-05, 'D_high': 78.57247967427125, 'fire_exp': 1.221575427404682, 'P_half': 221.2683656611821, 'pre_dampen_half': 10.00236596950633, 'gpp_af': 5.335773317316405, 'gpp_b': 0.0005623095666134974, 'gpp_d': 82.84476373292449, 'ign_k': 0.602459066467295, 'ign_c': 5.13055176058983, 'trop_agb_crit': 1.0903028125370984, 'trop_k_veg': 5.580504276549027}.
[I 2026-08-06 10:51:32,939] Trial 457 finished with values: [10.763984200473427, 10.763984200473427] and parameters: {'k1': 0.008912611835817005, 'D_low': 40.52505887227999, 'k2': 0.0003432139136241583, 'D_high': 645.2946500764235, 'fire_exp': 7.2464015659352805, 'P_half': 4.213183643253957, 'pre_dampen_half': 234.12640025944248, 'gpp_af': 0.6403036652671171, 'gpp_b': 0.0005739662837359252, 'gpp_d': 79.2966690166476, 'ign_k': 0.21006485619596416, 'ign_c': 5.13055176058983, 'trop_agb_crit': 1.0903028125370984, 'trop_k_veg': 2.194427136482602}.
[I 2026-08-06 10:51:34,206] Trial 458 finished with values: [-0.5884570626950639, 0.08177926178779849] and parameters: {'k1': 0.008912611835817005, 'D_low': 40.52505887227999, 'k2': 0.031536006085184705, 'D_high': 5670.3463356272905, 'fire_exp': 3.3801590342525687, 'P_half': 4.213183643253957, 'pre_dampen_half': 63.6685916079943, 'gpp_af': 0.6403036652671171, 'gpp_b': 0.00431329787498825, 'gpp_d': 757.2868182332339, 'ign_k': 0.07091190338709638, 'ign_c': 5.13055176058983, 'trop_agb_crit': 8.997007571451054, 'trop_k_veg': 4.030242248006271}.
[I 2026-08-06 10:51:35,465] Trial 459 finished with values: [10.357613067926213, 10.357613067926213] and parameters: {'k1': 0.01889771394135163, 'D_low': 7.299348683062307, 'k2': 0.004149969043497543, 'D_high': 8182.111518618414, 'fire_exp': 1.221575427404682, 'P_half': 4.213183643253957, 'pre_dampen_half': 5.048653998722947, 'gpp_af': 1.9706963379095486, 'gpp_b': 0.0054502936945582505, 'gpp_d': 19.600139992927435, 'ign_k': 3.589155871450839, 'ign_c': 1.9580595319750387, 'trop_agb_crit': 8.997007571451054, 'trop_k_veg': 1.0594599158279707}.
[I 2026-08-06 10:51:36,682] Trial 460 finished with values: [10.108228647959939, 10.108228647959939] and parameters: {'k1': 0.00016480446427978953, 'D_low': 355.00125258511594, 'k2': 1.4403740929157842e-05, 'D_high': 5670.3463356272905, 'fire_exp': 1.3170256885255098, 'P_half': 4.213183643253957, 'pre_dampen_half': 234.12640025944248, 'gpp_af': 0.6403036652671171, 'gpp_b': 0.08128322984179755, 'gpp_d': 84.31013932082456, 'ign_k': 0.21006485619596416, 'ign_c': 5.13055176058983, 'trop_agb_crit': 6.275146677376727, 'trop_k_veg': 1.0594599158279707}.
[I 2026-08-06 10:51:37,885] Trial 461 finished with values: [10.769230768877819, 10.769230768877819] and parameters: {'k1': 0.00488137519160367, 'D_low': 12.105387404469584, 'k2': 0.003101429427212743, 'D_high': 8182.111518618414, 'fire_exp': 1.1263716762638152, 'P_half': 4.213183643253957, 'pre_dampen_half': 63.6685916079943, 'gpp_af': 1.9706963379095486, 'gpp_b': 0.3682510091559943, 'gpp_d': 19.600139992927435, 'ign_k': 2.5253810447657927, 'ign_c': 48.704711413416454, 'trop_agb_crit': 3.848553322122042, 'trop_k_veg': 2.4336356947036335}.
[I 2026-08-06 10:51:39,364] Trial 462 finished with values: [10.55955373186083, 10.55955373186083] and parameters: {'k1': 0.05778755734457457, 'D_low': 38.82837025280678, 'k2': 8.923807143379776e-05, 'D_high': 42210.21267871043, 'fire_exp': 1.3170256885255098, 'P_half': 221.2683656611821, 'pre_dampen_half': 63.6685916079943, 'gpp_af': 0.6403036652671171, 'gpp_b': 3.481277316673104e-05, 'gpp_d': 229.41380323183625, 'ign_k': 0.010939944910100021, 'ign_c': 0.557280750002996, 'trop_agb_crit': 8.997007571451054, 'trop_k_veg': 2.520089655463604}.
[I 2026-08-06 10:51:40,643] Trial 463 finished with values: [10.46417679982931, 10.46417679982931] and parameters: {'k1': 0.00488137519160367, 'D_low': 12.105387404469584, 'k2': 8.923807143379776e-05, 'D_high': 8182.111518618414, 'fire_exp': 1.3170256885255098, 'P_half': 4.213183643253957, 'pre_dampen_half': 2.5265897869422167, 'gpp_af': 0.6403036652671171, 'gpp_b': 3.481277316673104e-05, 'gpp_d': 1.493264336549928, 'ign_k': 0.019192001101561888, 'ign_c': 0.557280750002996, 'trop_agb_crit': 8.997007571451054, 'trop_k_veg': 2.4336356947036335}.
[I 2026-08-06 10:51:42,109] Trial 464 finished with values: [10.099234834691096, 10.099234834691096] and parameters: {'k1': 2.6285770615112825e-05, 'D_low': 520.4862686958022, 'k2': 0.014344484793173472, 'D_high': 8182.111518618414, 'fire_exp': 1.221575427404682, 'P_half': 712.8188058401365, 'pre_dampen_half': 63.6685916079943, 'gpp_af': 1.6059727222314273, 'gpp_b': 2.176805640408474e-05, 'gpp_d': 19.600139992927435, 'ign_k': 2.5253810447657927, 'ign_c': 3.470490935437501, 'trop_agb_crit': 8.997007571451054, 'trop_k_veg': 2.520089655463604}.
[I 2026-08-06 10:51:44,009] Trial 465 finished with values: [10.226280828038647, 10.226280828038647] and parameters: {'k1': 0.05778755734457457, 'D_low': 520.4862686958022, 'k2': 8.923807143379776e-05, 'D_high': 42210.21267871043, 'fire_exp': 1.7329145403564932, 'P_half': 140.74279366401683, 'pre_dampen_half': 38.00678588560607, 'gpp_af': 5.335773317316405, 'gpp_b': 2.176805640408474e-05, 'gpp_d': 82.84476373292449, 'ign_k': 0.019192001101561888, 'ign_c': 0.557280750002996, 'trop_agb_crit': 18.785197416433792, 'trop_k_veg': 1.140286245977296}.
[I 2026-08-06 10:51:45,228] Trial 466 finished with values: [11.682503389265039, 11.682503389265039] and parameters: {'k1': 0.008912611835817005, 'D_low': 40.52505887227999, 'k2': 0.0007047307383115598, 'D_high': 5670.3463356272905, 'fire_exp': 1.1263716762638152, 'P_half': 4.213183643253957, 'pre_dampen_half': 63.6685916079943, 'gpp_af': 0.6403036652671171, 'gpp_b': 0.0005739662837359252, 'gpp_d': 2.944272359149677, 'ign_k': 0.21006485619596416, 'ign_c': 1.9580595319750387, 'trop_agb_crit': 1.0903028125370984, 'trop_k_veg': 4.989748894578724}.
[I 2026-08-06 10:51:46,371] Trial 467 finished with values: [-0.5777692613741114, 0.2738391538052043] and parameters: {'k1': 0.00488137519160367, 'D_low': 12.105387404469584, 'k2': 8.923807143379776e-05, 'D_high': 8182.111518618414, 'fire_exp': 1.3170256885255098, 'P_half': 4.213183643253957, 'pre_dampen_half': 63.6685916079943, 'gpp_af': 1.9706963379095486, 'gpp_b': 3.481277316673104e-05, 'gpp_d': 19.600139992927435, 'ign_k': 0.0049611344501914005, 'ign_c': 1.9580595319750387, 'trop_agb_crit': 3.848553322122042, 'trop_k_veg': 0.9781855536301391}.
[I 2026-08-06 10:51:47,477] Trial 468 finished with values: [10.183985255959117, 10.183985255959117] and parameters: {'k1': 0.05778755734457457, 'D_low': 12.105387404469584, 'k2': 0.001462400459012571, 'D_high': 42210.21267871043, 'fire_exp': 1.7329145403564932, 'P_half': 221.2683656611821, 'pre_dampen_half': 63.6685916079943, 'gpp_af': 1.6059727222314273, 'gpp_b': 0.22727308251068193, 'gpp_d': 5.1715677287580455, 'ign_k': 2.1368329072358767, 'ign_c': 1.9580595319750387, 'trop_agb_crit': 10.691477813613638, 'trop_k_veg': 2.520089655463604}.
[I 2026-08-06 10:51:48,556] Trial 469 finished with values: [10.149904489104967, 10.149904489104967] and parameters: {'k1': 0.00016480446427978953, 'D_low': 355.00125258511594, 'k2': 8.923807143379776e-05, 'D_high': 8182.111518618414, 'fire_exp': 1.3170256885255098, 'P_half': 4.213183643253957, 'pre_dampen_half': 63.6685916079943, 'gpp_af': 1.9706963379095486, 'gpp_b': 0.22727308251068193, 'gpp_d': 84.31013932082456, 'ign_k': 0.0049611344501914005, 'ign_c': 0.557280750002996, 'trop_agb_crit': 8.997007571451054, 'trop_k_veg': 0.6673124511410327}.
[I 2026-08-06 10:51:49,602] Trial 470 finished with values: [-0.5861375217974014, 0.10021168302339489] and parameters: {'k1': 0.00488137519160367, 'D_low': 355.00125258511594, 'k2': 8.923807143379776e-05, 'D_high': 78.57247967427125, 'fire_exp': 1.221575427404682, 'P_half': 140.74279366401683, 'pre_dampen_half': 331.7366635899375, 'gpp_af': 5.335773317316405, 'gpp_b': 0.01666658176842624, 'gpp_d': 82.84476373292449, 'ign_k': 0.019192001101561888, 'ign_c': 5.13055176058983, 'trop_agb_crit': 7.628718523810018, 'trop_k_veg': 2.5878603012249104}.
[I 2026-08-06 10:51:50,646] Trial 471 finished with values: [-0.576562571228183, 0.13881149364523349] and parameters: {'k1': 0.00488137519160367, 'D_low': 355.00125258511594, 'k2': 8.923807143379776e-05, 'D_high': 11832.967057468773, 'fire_exp': 1.221575427404682, 'P_half': 4.213183643253957, 'pre_dampen_half': 331.7366635899375, 'gpp_af': 0.6403036652671171, 'gpp_b': 0.22727308251068193, 'gpp_d': 82.84476373292449, 'ign_k': 0.019192001101561888, 'ign_c': 5.13055176058983, 'trop_agb_crit': 7.628718523810018, 'trop_k_veg': 0.6673124511410327}.
[I 2026-08-06 10:51:51,685] Trial 472 finished with values: [-0.5918585686096066, 0.12894954416405058] and parameters: {'k1': 0.00488137519160367, 'D_low': 355.00125258511594, 'k2': 8.923807143379776e-05, 'D_high': 11069.082134755383, 'fire_exp': 1.221575427404682, 'P_half': 221.2683656611821, 'pre_dampen_half': 63.6685916079943, 'gpp_af': 5.335773317316405, 'gpp_b': 0.012132126638791128, 'gpp_d': 82.84476373292449, 'ign_k': 0.019192001101561888, 'ign_c': 1.9580595319750387, 'trop_agb_crit': 28.66951114938682, 'trop_k_veg': 1.140286245977296}.
[I 2026-08-06 10:51:52,732] Trial 473 finished with values: [-0.5610142702763068, 0.08417414326053674] and parameters: {'k1': 0.012021930484915042, 'D_low': 7.46475488144212, 'k2': 0.003101429427212743, 'D_high': 42210.21267871043, 'fire_exp': 1.5185721648966928, 'P_half': 102.4585893986732, 'pre_dampen_half': 5.048653998722947, 'gpp_af': 0.00515795696727661, 'gpp_b': 2.176805640408474e-05, 'gpp_d': 14.792055086678463, 'ign_k': 0.07091190338709638, 'ign_c': 2.4936660834465174, 'trop_agb_crit': 10.691477813613638, 'trop_k_veg': 1.9938441068366917}.
[I 2026-08-06 10:51:53,779] Trial 474 finished with values: [10.06147880396869, 10.06147880396869] and parameters: {'k1': 0.01889771394135163, 'D_low': 7.299348683062307, 'k2': 1.1065812688893481e-05, 'D_high': 21.947742689197344, 'fire_exp': 1.0601964743503993, 'P_half': 4.213183643253957, 'pre_dampen_half': 63.6685916079943, 'gpp_af': 0.6403036652671171, 'gpp_b': 0.0005739662837359252, 'gpp_d': 84.31013932082456, 'ign_k': 0.21006485619596416, 'ign_c': 29.690870944846793, 'trop_agb_crit': 7.500118950416987, 'trop_k_veg': 1.0594599158279707}.
[I 2026-08-06 10:51:54,839] Trial 475 finished with values: [10.834358793688029, 10.834358793688029] and parameters: {'k1': 0.005272264723319183, 'D_low': 40.52505887227999, 'k2': 0.0003432139136241583, 'D_high': 8182.111518618414, 'fire_exp': 1.221575427404682, 'P_half': 712.8188058401365, 'pre_dampen_half': 63.6685916079943, 'gpp_af': 0.6403036652671171, 'gpp_b': 0.0005739662837359252, 'gpp_d': 19.600139992927435, 'ign_k': 2.5253810447657927, 'ign_c': 5.13055176058983, 'trop_agb_crit': 10.905006748783771, 'trop_k_veg': 3.1473758868965476}.
[I 2026-08-06 10:51:55,902] Trial 476 finished with values: [10.03945899653341, 10.03945899653341] and parameters: {'k1': 0.012021930484915042, 'D_low': 173.2186836611753, 'k2': 8.923807143379776e-05, 'D_high': 8182.111518618414, 'fire_exp': 1.221575427404682, 'P_half': 56.22114524476698, 'pre_dampen_half': 63.6685916079943, 'gpp_af': 0.0049748543504537545, 'gpp_b': 2.176805640408474e-05, 'gpp_d': 14.792055086678463, 'ign_k': 0.019192001101561888, 'ign_c': 3.470490935437501, 'trop_agb_crit': 10.691477813613638, 'trop_k_veg': 1.9799513595694562}.
[I 2026-08-06 10:51:56,957] Trial 477 finished with values: [10.744963823933084, 10.744963823933084] and parameters: {'k1': 0.05778755734457457, 'D_low': 355.00125258511594, 'k2': 0.014344484793173472, 'D_high': 42210.21267871043, 'fire_exp': 1.1263716762638152, 'P_half': 221.2683656611821, 'pre_dampen_half': 38.00678588560607, 'gpp_af': 0.00111906222790675, 'gpp_b': 0.01666658176842624, 'gpp_d': 229.41380323183625, 'ign_k': 0.019192001101561888, 'ign_c': 3.470490935437501, 'trop_agb_crit': 1.0693376406863295, 'trop_k_veg': 5.580504276549027}.
[I 2026-08-06 10:51:57,987] Trial 478 finished with values: [10.65353347157669, 10.65353347157669] and parameters: {'k1': 0.05778755734457457, 'D_low': 20.22298375423134, 'k2': 0.014344484793173472, 'D_high': 42210.21267871043, 'fire_exp': 1.5185721648966928, 'P_half': 221.2683656611821, 'pre_dampen_half': 38.00678588560607, 'gpp_af': 1.6059727222314273, 'gpp_b': 2.176805640408474e-05, 'gpp_d': 229.41380323183625, 'ign_k': 0.07091190338709638, 'ign_c': 3.470490935437501, 'trop_agb_crit': 8.997007571451054, 'trop_k_veg': 1.9799513595694562}.
[I 2026-08-06 10:51:59,040] Trial 479 finished with values: [10.769230768877819, 10.769230768877819] and parameters: {'k1': 0.07111611367121734, 'D_low': 7.299348683062307, 'k2': 0.003101429427212743, 'D_high': 1177.190025324204, 'fire_exp': 1.2611826901294014, 'P_half': 4.213183643253957, 'pre_dampen_half': 63.6685916079943, 'gpp_af': 0.6403036652671171, 'gpp_b': 0.22727308251068193, 'gpp_d': 84.31013932082456, 'ign_k': 3.589155871450839, 'ign_c': 48.704711413416454, 'trop_agb_crit': 8.997007571451054, 'trop_k_veg': 0.6673124511410327}.
[I 2026-08-06 10:52:00,246] Trial 480 finished with values: [-0.5783142681001799, 0.11072495791111714] and parameters: {'k1': 2.316457903103837e-05, 'D_low': 40.52505887227999, 'k2': 2.246290894032394e-05, 'D_high': 60107.420288647554, 'fire_exp': 1.1263716762638152, 'P_half': 3.313942437345199, 'pre_dampen_half': 63.6685916079943, 'gpp_af': 0.6403036652671171, 'gpp_b': 0.22727308251068193, 'gpp_d': 2.944272359149677, 'ign_k': 0.21006485619596416, 'ign_c': 1.9580595319750387, 'trop_agb_crit': 3.2954785755570537, 'trop_k_veg': 4.989748894578724}.
[I 2026-08-06 10:52:01,288] Trial 481 finished with values: [10.76446230944359, 10.76446230944359] and parameters: {'k1': 0.008912611835817005, 'D_low': 7.299348683062307, 'k2': 0.003101429427212743, 'D_high': 3346.220103048382, 'fire_exp': 1.2611826901294014, 'P_half': 102.4585893986732, 'pre_dampen_half': 8.144272585223819, 'gpp_af': 0.0049748543504537545, 'gpp_b': 0.22727308251068193, 'gpp_d': 0.5363092465892282, 'ign_k': 0.0049611344501914005, 'ign_c': 48.704711413416454, 'trop_agb_crit': 6.119263728555865, 'trop_k_veg': 3.1473758868965476}.
[I 2026-08-06 10:52:02,342] Trial 482 finished with values: [-0.607929397489827, 0.10842768200339903] and parameters: {'k1': 0.002155595057104387, 'D_low': 1.3577269394141454, 'k2': 1.1065812688893481e-05, 'D_high': 21.947742689197344, 'fire_exp': 1.3170256885255098, 'P_half': 221.2683656611821, 'pre_dampen_half': 63.6685916079943, 'gpp_af': 0.6403036652671171, 'gpp_b': 3.481277316673104e-05, 'gpp_d': 5.1715677287580455, 'ign_k': 0.12329098365270515, 'ign_c': 1.9580595319750387, 'trop_agb_crit': 10.691477813613638, 'trop_k_veg': 5.580504276549027}.
