[I 2026-06-10 17:42:27,427] Trial 814 finished with values: [10.605156906534491, 10.605156906534491] and parameters: {'k1': 0.016973078532467004, 'D_low': 12.105387404469584, 'k2': 0.045914852167405346, 'D_high': 42210.21267871043, 'fire_exp': 1.069663761954776, 'P_half': 157.80309954142965, 'pre_dampen_half': 1.8469033699850426, 'gpp_af': 0.003375385817830422, 'gpp_b': 2.800940363375676e-05, 'gpp_d': 545.0253444559129, 'ign_k': 0.0467351899956275, 'ign_c': 36.58518527736812, 'trop_agb_crit': 1.5033346993841157, 'trop_k_veg': 4.796046723963646, 'fire_amp': 1.7362652332618447}.
[I 2026-06-10 17:42:28,765] Trial 815 finished with values: [11.132368933525521, 11.132368933525521] and parameters: {'k1': 0.00026539376439360527, 'D_low': 24.28756508761176, 'k2': 0.0001016707987819611, 'D_high': 44974.07193749848, 'fire_exp': 3.2459542834651627, 'P_half': 1.4551749476072258, 'pre_dampen_half': 903.3231300044874, 'gpp_af': 27.448645214004376, 'gpp_b': 2.800940363375676e-05, 'gpp_d': 95.2715755007094, 'ign_k': 3.965503094323014, 'ign_c': 0.10435856341129002, 'trop_agb_crit': 25.429516249301212, 'trop_k_veg': 2.6508357486965424, 'fire_amp': 1.5719333351012774}.
[I 2026-06-10 17:42:30,112] Trial 816 finished with values: [10.812250430353675, 10.812250430353675] and parameters: {'k1': 0.016973078532467004, 'D_low': 12.105387404469584, 'k2': 0.02065142557895925, 'D_high': 2427.054417940131, 'fire_exp': 1.069663761954776, 'P_half': 157.80309954142965, 'pre_dampen_half': 1.8469033699850426, 'gpp_af': 27.448645214004376, 'gpp_b': 0.00012118589392553798, 'gpp_d': 0.12027930570908299, 'ign_k': 0.0467351899956275, 'ign_c': 22.126836566118193, 'trop_agb_crit': 1.5033346993841157, 'trop_k_veg': 2.724170387400844, 'fire_amp': 1.5587346124822492}.
[I 2026-06-10 17:42:31,507] Trial 817 finished with values: [10.356319255370463, 10.356319255370463] and parameters: {'k1': 0.016973078532467004, 'D_low': 43.2326421037033, 'k2': 0.0001016707987819611, 'D_high': 22.636544662054543, 'fire_exp': 1.5191397119156032, 'P_half': 69.68111190775313, 'pre_dampen_half': 8.259599205585761, 'gpp_af': 0.0662749342026412, 'gpp_b': 1.4540386644083135e-05, 'gpp_d': 28.312234265202243, 'ign_k': 0.00840038491455979, 'ign_c': 22.126836566118193, 'trop_agb_crit': 1.5033346993841157, 'trop_k_veg': 0.9923523017201868, 'fire_amp': 4.783836175730692}.
[I 2026-06-10 17:42:33,079] Trial 818 finished with values: [10.811440624228828, 10.811440624228828] and parameters: {'k1': 0.0869690639641868, 'D_low': 1739.6167422846984, 'k2': 0.0001016707987819611, 'D_high': 44974.07193749848, 'fire_exp': 4.164740583255681, 'P_half': 69.68111190775313, 'pre_dampen_half': 33.71909132517384, 'gpp_af': 0.09885838682552685, 'gpp_b': 1.1008110571039521e-05, 'gpp_d': 17.82401184029455, 'ign_k': 0.00840038491455979, 'ign_c': 0.10435856341129002, 'trop_agb_crit': 3.5874145253515306, 'trop_k_veg': 0.6618107836658104, 'fire_amp': 4.783836175730692}.
[I 2026-06-10 17:42:34,549] Trial 819 finished with values: [10.025908915522248, 10.025908915522248] and parameters: {'k1': 0.006079905434073396, 'D_low': 43.2326421037033, 'k2': 0.0001016707987819611, 'D_high': 42210.21267871043, 'fire_exp': 1.9365919987098117, 'P_half': 157.80309954142965, 'pre_dampen_half': 9.044346216330972, 'gpp_af': 0.3939208112794227, 'gpp_b': 0.00012118589392553798, 'gpp_d': 545.0253444559129, 'ign_k': 3.965503094323014, 'ign_c': 0.10435856341129002, 'trop_agb_crit': 3.5874145253515306, 'trop_k_veg': 4.796046723963646, 'fire_amp': 1.5587346124822492}.
[I 2026-06-10 17:42:35,891] Trial 820 finished with values: [10.047220021215626, 10.047220021215626] and parameters: {'k1': 0.006079905434073396, 'D_low': 43.2326421037033, 'k2': 0.0001016707987819611, 'D_high': 2427.054417940131, 'fire_exp': 1.4690410989404576, 'P_half': 8.318314747941244, 'pre_dampen_half': 8.259599205585761, 'gpp_af': 27.448645214004376, 'gpp_b': 8.168628001294799e-05, 'gpp_d': 545.0253444559129, 'ign_k': 0.004105873950290761, 'ign_c': 22.126836566118193, 'trop_agb_crit': 1.23202873794675, 'trop_k_veg': 6.172643383211297, 'fire_amp': 5.44779717154213}.
[I 2026-06-10 17:42:37,294] Trial 821 finished with values: [14.72265867401989, 14.72265867401989] and parameters: {'k1': 0.0326979063339169, 'D_low': 43.2326421037033, 'k2': 0.045914852167405346, 'D_high': 13275.361137191961, 'fire_exp': 1.4690410989404576, 'P_half': 157.80309954142965, 'pre_dampen_half': 903.3231300044874, 'gpp_af': 27.448645214004376, 'gpp_b': 0.00012118589392553798, 'gpp_d': 545.0253444559129, 'ign_k': 3.965503094323014, 'ign_c': 0.10435856341129002, 'trop_agb_crit': 2.1989086830950257, 'trop_k_veg': 3.9199250904984653, 'fire_amp': 1.5587346124822492}.
[I 2026-06-10 17:42:38,646] Trial 822 finished with values: [10.402293878087658, 10.402293878087658] and parameters: {'k1': 0.016973078532467004, 'D_low': 43.2326421037033, 'k2': 0.02065142557895925, 'D_high': 42210.21267871043, 'fire_exp': 1.9365919987098117, 'P_half': 118.94665366442581, 'pre_dampen_half': 9.044346216330972, 'gpp_af': 0.8057329182285734, 'gpp_b': 2.800940363375676e-05, 'gpp_d': 545.0253444559129, 'ign_k': 0.4303356629825978, 'ign_c': 22.126836566118193, 'trop_agb_crit': 3.5874145253515306, 'trop_k_veg': 2.724170387400844, 'fire_amp': 1.3503088148200095}.
[I 2026-06-10 17:42:40,092] Trial 823 finished with values: [10.035533485338698, 10.035533485338698] and parameters: {'k1': 0.006079905434073396, 'D_low': 427.93836042014675, 'k2': 0.0001016707987819611, 'D_high': 99461.47674311613, 'fire_exp': 1.069663761954776, 'P_half': 157.80309954142965, 'pre_dampen_half': 1.8469033699850426, 'gpp_af': 5.975195267844334, 'gpp_b': 0.00012118589392553798, 'gpp_d': 545.0253444559129, 'ign_k': 3.965503094323014, 'ign_c': 7.081721844034206, 'trop_agb_crit': 8.188098178380693, 'trop_k_veg': 6.172643383211297, 'fire_amp': 1.5587346124822492}.
[I 2026-06-10 17:42:41,652] Trial 824 finished with values: [18.044781440235436, 18.044781440235436] and parameters: {'k1': 0.0326979063339169, 'D_low': 69.05604395130307, 'k2': 0.02939607009739149, 'D_high': 18108.14362107968, 'fire_exp': 1.4690410989404576, 'P_half': 1.7086581483996572, 'pre_dampen_half': 98.05638874011484, 'gpp_af': 0.8057329182285734, 'gpp_b': 2.1309331861011757e-05, 'gpp_d': 12.338826503601998, 'ign_k': 0.4303356629825978, 'ign_c': 0.10435856341129002, 'trop_agb_crit': 3.5874145253515306, 'trop_k_veg': 0.6618107836658104, 'fire_amp': 2.6192385880432525}.
[I 2026-06-10 17:42:43,064] Trial 825 finished with values: [10.223452586621782, 10.223452586621782] and parameters: {'k1': 0.028401063201780267, 'D_low': 24.28756508761176, 'k2': 0.0001016707987819611, 'D_high': 2427.054417940131, 'fire_exp': 1.4690410989404576, 'P_half': 1.4551749476072258, 'pre_dampen_half': 8.259599205585761, 'gpp_af': 0.10098504976210308, 'gpp_b': 1.1008110571039521e-05, 'gpp_d': 12.338826503601998, 'ign_k': 5.276924233362289, 'ign_c': 22.126836566118193, 'trop_agb_crit': 1.5033346993841157, 'trop_k_veg': 2.724170387400844, 'fire_amp': 5.44779717154213}.
[I 2026-06-10 17:42:44,438] Trial 826 finished with values: [10.352884029831976, 10.352884029831976] and parameters: {'k1': 0.028401063201780267, 'D_low': 1739.6167422846984, 'k2': 0.0001016707987819611, 'D_high': 44974.07193749848, 'fire_exp': 1.5191397119156032, 'P_half': 157.80309954142965, 'pre_dampen_half': 8.259599205585761, 'gpp_af': 0.10098504976210308, 'gpp_b': 2.1309331861011757e-05, 'gpp_d': 942.6090081952854, 'ign_k': 0.4303356629825978, 'ign_c': 1.4091459170104739, 'trop_agb_crit': 2.1989086830950257, 'trop_k_veg': 2.724170387400844, 'fire_amp': 5.44779717154213}.
[I 2026-06-10 17:42:46,065] Trial 827 finished with values: [10.420241319214748, 10.420241319214748] and parameters: {'k1': 0.016973078532467004, 'D_low': 24.28756508761176, 'k2': 1.702637694606324e-05, 'D_high': 35.136541394511, 'fire_exp': 1.5191397119156032, 'P_half': 8.318314747941244, 'pre_dampen_half': 8.259599205585761, 'gpp_af': 2.9865936975455876, 'gpp_b': 1.1008110571039521e-05, 'gpp_d': 545.0253444559129, 'ign_k': 3.965503094323014, 'ign_c': 22.126836566118193, 'trop_agb_crit': 28.38004294664272, 'trop_k_veg': 2.724170387400844, 'fire_amp': 5.44779717154213}.
[I 2026-06-10 17:42:47,583] Trial 828 finished with values: [10.563168405609996, 10.563168405609996] and parameters: {'k1': 0.00031134168041628584, 'D_low': 427.93836042014675, 'k2': 0.0001016707987819611, 'D_high': 42210.21267871043, 'fire_exp': 1.4690410989404576, 'P_half': 157.80309954142965, 'pre_dampen_half': 1.8469033699850426, 'gpp_af': 0.0900595929114129, 'gpp_b': 0.00043225896016820903, 'gpp_d': 0.1570003140297517, 'ign_k': 3.965503094323014, 'ign_c': 22.126836566118193, 'trop_agb_crit': 1.6222566606523396, 'trop_k_veg': 0.6618107836658104, 'fire_amp': 5.606809127618709}.
[I 2026-06-10 17:42:49,176] Trial 829 finished with values: [11.227083445154406, 11.227083445154406] and parameters: {'k1': 0.016973078532467004, 'D_low': 24.28756508761176, 'k2': 0.0001016707987819611, 'D_high': 35.136541394511, 'fire_exp': 1.4690410989404576, 'P_half': 157.80309954142965, 'pre_dampen_half': 857.6556763881457, 'gpp_af': 0.10098504976210308, 'gpp_b': 5.349456206882108e-05, 'gpp_d': 0.7698760608299932, 'ign_k': 3.965503094323014, 'ign_c': 22.126836566118193, 'trop_agb_crit': 2.8052667649738585, 'trop_k_veg': 0.6618107836658104, 'fire_amp': 5.44779717154213}.
[I 2026-06-10 17:42:50,606] Trial 830 finished with values: [10.57695066054841, 10.57695066054841] and parameters: {'k1': 0.0326979063339169, 'D_low': 1739.6167422846984, 'k2': 0.0001016707987819611, 'D_high': 44974.07193749848, 'fire_exp': 1.14171776851287, 'P_half': 101.40635645866499, 'pre_dampen_half': 9.044346216330972, 'gpp_af': 0.8057329182285734, 'gpp_b': 0.0004125336560355494, 'gpp_d': 0.03200582711952312, 'ign_k': 0.4303356629825978, 'ign_c': 0.10435856341129002, 'trop_agb_crit': 2.1989086830950257, 'trop_k_veg': 4.796046723963646, 'fire_amp': 1.1202509284327942}.
[I 2026-06-10 17:42:51,967] Trial 831 finished with values: [10.541026734935173, 10.541026734935173] and parameters: {'k1': 0.00587009820297804, 'D_low': 43.2326421037033, 'k2': 3.152468275632564e-05, 'D_high': 17.74872630983488, 'fire_exp': 1.4690410989404576, 'P_half': 157.80309954142965, 'pre_dampen_half': 33.71909132517384, 'gpp_af': 0.0662749342026412, 'gpp_b': 1.1008110571039521e-05, 'gpp_d': 545.0253444559129, 'ign_k': 3.965503094323014, 'ign_c': 22.126836566118193, 'trop_agb_crit': 1.5033346993841157, 'trop_k_veg': 0.6618107836658104, 'fire_amp': 1.5719333351012774}.
[I 2026-06-10 17:42:53,463] Trial 832 finished with values: [10.498351741570499, 10.498351741570499] and parameters: {'k1': 0.0326979063339169, 'D_low': 1739.6167422846984, 'k2': 0.02939607009739149, 'D_high': 44974.07193749848, 'fire_exp': 3.2459542834651627, 'P_half': 109.0657807452408, 'pre_dampen_half': 98.05638874011484, 'gpp_af': 0.09885838682552685, 'gpp_b': 2.1309331861011757e-05, 'gpp_d': 95.2715755007094, 'ign_k': 0.4303356629825978, 'ign_c': 0.10435856341129002, 'trop_agb_crit': 3.5874145253515306, 'trop_k_veg': 0.6618107836658104, 'fire_amp': 1.1202509284327942}.
[I 2026-06-10 17:42:55,039] Trial 833 finished with values: [11.557841170932967, 11.557841170932967] and parameters: {'k1': 0.0869690639641868, 'D_low': 1739.6167422846984, 'k2': 0.0001016707987819611, 'D_high': 44974.07193749848, 'fire_exp': 1.4572158037266703, 'P_half': 101.40635645866499, 'pre_dampen_half': 98.05638874011484, 'gpp_af': 96.26851425803589, 'gpp_b': 2.1309331861011757e-05, 'gpp_d': 95.2715755007094, 'ign_k': 1.6270983114897255, 'ign_c': 0.10435856341129002, 'trop_agb_crit': 2.1989086830950257, 'trop_k_veg': 4.776259022974975, 'fire_amp': 2.6192385880432525}.
[I 2026-06-10 17:42:56,616] Trial 834 finished with values: [10.852038256897169, 10.852038256897169] and parameters: {'k1': 0.016973078532467004, 'D_low': 288.98663158858795, 'k2': 0.0001016707987819611, 'D_high': 44974.07193749848, 'fire_exp': 3.2459542834651627, 'P_half': 101.40635645866499, 'pre_dampen_half': 98.05638874011484, 'gpp_af': 0.09885838682552685, 'gpp_b': 2.1309331861011757e-05, 'gpp_d': 0.33983499890855334, 'ign_k': 3.965503094323014, 'ign_c': 22.126836566118193, 'trop_agb_crit': 3.5874145253515306, 'trop_k_veg': 2.724170387400844, 'fire_amp': 5.44779717154213}.
[I 2026-06-10 17:42:57,959] Trial 835 finished with values: [10.079471025276236, 10.079471025276236] and parameters: {'k1': 0.00031134168041628584, 'D_low': 43.2326421037033, 'k2': 0.045914852167405346, 'D_high': 22.636544662054543, 'fire_exp': 1.0601964743503993, 'P_half': 69.68111190775313, 'pre_dampen_half': 33.71909132517384, 'gpp_af': 0.8057329182285734, 'gpp_b': 1.4540386644083135e-05, 'gpp_d': 12.338826503601998, 'ign_k': 0.00840038491455979, 'ign_c': 7.081721844034206, 'trop_agb_crit': 8.347757040088627, 'trop_k_veg': 0.9923523017201868, 'fire_amp': 4.783836175730692}.
[I 2026-06-10 17:42:59,270] Trial 836 finished with values: [10.491753317296084, 10.491753317296084] and parameters: {'k1': 0.0326979063339169, 'D_low': 43.2326421037033, 'k2': 0.0001016707987819611, 'D_high': 262.11304189124235, 'fire_exp': 1.4690410989404576, 'P_half': 3.591771421517613, 'pre_dampen_half': 269.0845367054866, 'gpp_af': 27.448645214004376, 'gpp_b': 0.6089142387470042, 'gpp_d': 12.338826503601998, 'ign_k': 0.4303356629825978, 'ign_c': 7.081721844034206, 'trop_agb_crit': 2.1989086830950257, 'trop_k_veg': 0.5535297685306277, 'fire_amp': 1.5719333351012774}.
[I 2026-06-10 17:43:00,671] Trial 837 finished with values: [10.49196729977867, 10.49196729977867] and parameters: {'k1': 0.012840669372724958, 'D_low': 24.28756508761176, 'k2': 3.152468275632564e-05, 'D_high': 262.11304189124235, 'fire_exp': 1.14171776851287, 'P_half': 157.80309954142965, 'pre_dampen_half': 28.01075698398644, 'gpp_af': 27.448645214004376, 'gpp_b': 0.0004125336560355494, 'gpp_d': 0.7698760608299932, 'ign_k': 3.965503094323014, 'ign_c': 0.10435856341129002, 'trop_agb_crit': 3.430044314610246, 'trop_k_veg': 0.6618107836658104, 'fire_amp': 1.1202509284327942}.
[I 2026-06-10 17:43:02,139] Trial 838 finished with values: [10.593259490978115, 10.593259490978115] and parameters: {'k1': 0.00031134168041628584, 'D_low': 43.2326421037033, 'k2': 0.0001016707987819611, 'D_high': 42210.21267871043, 'fire_exp': 1.4690410989404576, 'P_half': 118.94665366442581, 'pre_dampen_half': 1.8469033699850426, 'gpp_af': 0.3939208112794227, 'gpp_b': 0.00043225896016820903, 'gpp_d': 545.0253444559129, 'ign_k': 0.4303356629825978, 'ign_c': 0.10435856341129002, 'trop_agb_crit': 8.188098178380693, 'trop_k_veg': 0.5535297685306277, 'fire_amp': 1.3503088148200095}.
[I 2026-06-10 17:43:03,742] Trial 839 finished with values: [10.129176767387591, 10.129176767387591] and parameters: {'k1': 0.00031134168041628584, 'D_low': 43.2326421037033, 'k2': 3.152468275632564e-05, 'D_high': 2427.054417940131, 'fire_exp': 1.5191397119156032, 'P_half': 157.80309954142965, 'pre_dampen_half': 8.259599205585761, 'gpp_af': 0.4317251206640925, 'gpp_b': 0.00012118589392553798, 'gpp_d': 12.338826503601998, 'ign_k': 5.276924233362289, 'ign_c': 1.4091459170104739, 'trop_agb_crit': 1.5033346993841157, 'trop_k_veg': 0.6618107836658104, 'fire_amp': 5.44779717154213}.
[I 2026-06-10 17:43:05,099] Trial 840 finished with values: [10.891646868365982, 10.891646868365982] and parameters: {'k1': 0.006079905434073396, 'D_low': 43.2326421037033, 'k2': 0.045914852167405346, 'D_high': 198.3056154955596, 'fire_exp': 2.6673707465506062, 'P_half': 157.80309954142965, 'pre_dampen_half': 1.8469033699850426, 'gpp_af': 27.448645214004376, 'gpp_b': 0.00012118589392553798, 'gpp_d': 12.338826503601998, 'ign_k': 0.0467351899956275, 'ign_c': 1.4091459170104739, 'trop_agb_crit': 2.1989086830950257, 'trop_k_veg': 6.172643383211297, 'fire_amp': 1.5587346124822492}.
[I 2026-06-10 17:43:06,716] Trial 841 finished with values: [10.143100663509252, 10.143100663509252] and parameters: {'k1': 0.028401063201780267, 'D_low': 43.2326421037033, 'k2': 0.0001016707987819611, 'D_high': 2427.054417940131, 'fire_exp': 1.4572158037266703, 'P_half': 69.68111190775313, 'pre_dampen_half': 8.259599205585761, 'gpp_af': 0.10098504976210308, 'gpp_b': 0.00012118589392553798, 'gpp_d': 28.312234265202243, 'ign_k': 0.00840038491455979, 'ign_c': 22.126836566118193, 'trop_agb_crit': 8.188098178380693, 'trop_k_veg': 2.724170387400844, 'fire_amp': 4.783836175730692}.
[I 2026-06-10 17:43:08,019] Trial 842 finished with values: [10.702268448761394, 10.702268448761394] and parameters: {'k1': 0.016973078532467004, 'D_low': 1440.3650379563878, 'k2': 0.0001016707987819611, 'D_high': 33.33047530921621, 'fire_exp': 1.0601964743503993, 'P_half': 1.4551749476072258, 'pre_dampen_half': 8.259599205585761, 'gpp_af': 0.10098504976210308, 'gpp_b': 1.1008110571039521e-05, 'gpp_d': 271.0323160002808, 'ign_k': 3.965503094323014, 'ign_c': 22.126836566118193, 'trop_agb_crit': 4.617282690749149, 'trop_k_veg': 2.724170387400844, 'fire_amp': 1.417247667573402}.
[I 2026-06-10 17:43:09,436] Trial 843 finished with values: [14.245867017089193, 14.245867017089193] and parameters: {'k1': 0.0869690639641868, 'D_low': 2.414672422128219, 'k2': 0.02939607009739149, 'D_high': 99461.47674311613, 'fire_exp': 1.069663761954776, 'P_half': 157.80309954142965, 'pre_dampen_half': 98.05638874011484, 'gpp_af': 27.448645214004376, 'gpp_b': 0.00012118589392553798, 'gpp_d': 545.0253444559129, 'ign_k': 3.965503094323014, 'ign_c': 7.081721844034206, 'trop_agb_crit': 3.5874145253515306, 'trop_k_veg': 0.6618107836658104, 'fire_amp': 1.5587346124822492}.
[I 2026-06-10 17:43:10,950] Trial 844 finished with values: [10.782494774305121, 10.782494774305121] and parameters: {'k1': 0.0002958267235643845, 'D_low': 43.2326421037033, 'k2': 0.0001016707987819611, 'D_high': 2427.054417940131, 'fire_exp': 1.5191397119156032, 'P_half': 8.318314747941244, 'pre_dampen_half': 8.259599205585761, 'gpp_af': 0.10098504976210308, 'gpp_b': 1.1008110571039521e-05, 'gpp_d': 1.1766539651208914, 'ign_k': 0.4303356629825978, 'ign_c': 22.126836566118193, 'trop_agb_crit': 3.1419938725278875, 'trop_k_veg': 2.724170387400844, 'fire_amp': 1.1202509284327942}.
[I 2026-06-10 17:43:12,384] Trial 845 finished with values: [10.146316930588807, 10.146316930588807] and parameters: {'k1': 0.012840669372724958, 'D_low': 43.2326421037033, 'k2': 3.152468275632564e-05, 'D_high': 76838.76502998071, 'fire_exp': 3.2459542834651627, 'P_half': 101.40635645866499, 'pre_dampen_half': 28.01075698398644, 'gpp_af': 27.448645214004376, 'gpp_b': 2.1309331861011757e-05, 'gpp_d': 545.0253444559129, 'ign_k': 0.4303356629825978, 'ign_c': 0.10435856341129002, 'trop_agb_crit': 8.188098178380693, 'trop_k_veg': 0.6618107836658104, 'fire_amp': 2.6192385880432525}.
[I 2026-06-10 17:43:13,764] Trial 846 finished with values: [10.029620668981046, 10.029620668981046] and parameters: {'k1': 0.0326979063339169, 'D_low': 1739.6167422846984, 'k2': 0.0001016707987819611, 'D_high': 44974.07193749848, 'fire_exp': 1.4572158037266703, 'P_half': 157.80309954142965, 'pre_dampen_half': 155.08737608723771, 'gpp_af': 27.448645214004376, 'gpp_b': 2.1309331861011757e-05, 'gpp_d': 545.0253444559129, 'ign_k': 0.4303356629825978, 'ign_c': 0.10435856341129002, 'trop_agb_crit': 3.1419938725278875, 'trop_k_veg': 2.724170387400844, 'fire_amp': 1.1202509284327942}.
[I 2026-06-10 17:43:15,174] Trial 847 finished with values: [10.824064707681172, 10.824064707681172] and parameters: {'k1': 0.012840669372724958, 'D_low': 1739.6167422846984, 'k2': 0.0001016707987819611, 'D_high': 76838.76502998071, 'fire_exp': 6.722609665434056, 'P_half': 157.80309954142965, 'pre_dampen_half': 103.54508504947606, 'gpp_af': 27.448645214004376, 'gpp_b': 0.0006809980431188124, 'gpp_d': 545.0253444559129, 'ign_k': 3.965503094323014, 'ign_c': 0.10435856341129002, 'trop_agb_crit': 8.188098178380693, 'trop_k_veg': 0.6618107836658104, 'fire_amp': 1.1202509284327942}.
[I 2026-06-10 17:43:16,548] Trial 848 finished with values: [10.860876592405063, 10.860876592405063] and parameters: {'k1': 0.0869690639641868, 'D_low': 12.105387404469584, 'k2': 0.045914852167405346, 'D_high': 44974.07193749848, 'fire_exp': 3.2459542834651627, 'P_half': 3.591771421517613, 'pre_dampen_half': 98.05638874011484, 'gpp_af': 0.10098504976210308, 'gpp_b': 0.00807491410172472, 'gpp_d': 46.566318342356254, 'ign_k': 0.09256855841989636, 'ign_c': 35.133466168692735, 'trop_agb_crit': 3.5874145253515306, 'trop_k_veg': 1.6648666152166967, 'fire_amp': 2.6192385880432525}.
[I 2026-06-10 17:43:18,091] Trial 849 finished with values: [10.630857222067739, 10.630857222067739] and parameters: {'k1': 0.016973078532467004, 'D_low': 1739.6167422846984, 'k2': 0.0001016707987819611, 'D_high': 44974.07193749848, 'fire_exp': 1.5191397119156032, 'P_half': 8.318314747941244, 'pre_dampen_half': 8.259599205585761, 'gpp_af': 0.09885838682552685, 'gpp_b': 2.1309331861011757e-05, 'gpp_d': 545.0253444559129, 'ign_k': 0.4303356629825978, 'ign_c': 22.126836566118193, 'trop_agb_crit': 2.1989086830950257, 'trop_k_veg': 2.724170387400844, 'fire_amp': 1.1202509284327942}.
[I 2026-06-10 17:43:19,546] Trial 850 finished with values: [10.885645786010304, 10.885645786010304] and parameters: {'k1': 0.0869690639641868, 'D_low': 43.2326421037033, 'k2': 0.011945919244900459, 'D_high': 11.069424888528069, 'fire_exp': 3.2459542834651627, 'P_half': 118.94665366442581, 'pre_dampen_half': 98.05638874011484, 'gpp_af': 0.3939208112794227, 'gpp_b': 2.800940363375676e-05, 'gpp_d': 545.0253444559129, 'ign_k': 3.965503094323014, 'ign_c': 0.10435856341129002, 'trop_agb_crit': 25.429516249301212, 'trop_k_veg': 0.6618107836658104, 'fire_amp': 2.6192385880432525}.
