[I 2026-08-19 18:00:39,462] Trial 2058 finished with value: 0.4003698802742217 and parameters: {'k1': 0.0171567044785449, 'D_low': 834.7242157378208, 'k2': 0.0004381603390751656, 'D_high': 1596866.9214925703, 'fire_exp': 1.0703534453471448, 'P_half': 242.98870373261764, 'pre_dampen_half': 6.737718129033234, 'gpp_af': 0.847912918142218, 'gpp_b': 0.0024115583101074175, 'gpp_d': 48.165240183520865, 'ign_k': 1.6826599636268824, 'ign_c': 9.017479307191389, 'trop_agb_crit': 29.77615305449546, 'trop_k_veg': 2.573367420932521, 'pop_amp': 0.0027724261740752205, 'pop_peak': 36.55591076452636, 'pop_sig': 0.6560312373733515, 'fuel_k': 0.09473045519505661, 'fuel_half': 0.19477696980316841}. Best is trial 1622 with value: -0.6125870653324885.
[I 2026-08-19 18:00:41,315] Trial 2059 finished with value: 0.5660832678558168 and parameters: {'k1': 0.0014826094180150787, 'D_low': 21373.91635133117, 'k2': 0.0011759235656782468, 'D_high': 1375591.7791021124, 'fire_exp': 1.3636861301696805, 'P_half': 394.13460705178204, 'pre_dampen_half': 2.0540226842547202, 'gpp_af': 0.001542726775149088, 'gpp_b': 0.0008137594743307952, 'gpp_d': 3.6787290998806124, 'ign_k': 0.5265802450821296, 'ign_c': 0.2991955929910211, 'trop_agb_crit': 5.024505160943685, 'trop_k_veg': 2.585770566527305, 'pop_amp': 0.07823689079477637, 'pop_peak': 0.23069508687403162, 'pop_sig': 0.2576514074739365, 'fuel_k': 2.68872014323858, 'fuel_half': 0.9740793616399995}. Best is trial 1622 with value: -0.6125870653324885.
[I 2026-08-19 18:00:43,119] Trial 2060 finished with value: 0.4190635897990511 and parameters: {'k1': 0.0005791573009284863, 'D_low': 86.87740055174007, 'k2': 0.0005612779087827792, 'D_high': 768603.4506860543, 'fire_exp': 2.55502776708669, 'P_half': 20.050539431587833, 'pre_dampen_half': 120.70618291260828, 'gpp_af': 5.053009822224312, 'gpp_b': 0.03583697526245106, 'gpp_d': 84.38107759965608, 'ign_k': 0.06374588835520541, 'ign_c': 0.6005693799179109, 'trop_agb_crit': 9.548914068295977, 'trop_k_veg': 3.1187390246126796, 'pop_amp': 0.0011931992641457903, 'pop_peak': 1.3362296179064372, 'pop_sig': 0.35874511255505337, 'fuel_k': 0.08676837224281927, 'fuel_half': 20.014598972569857}. Best is trial 1622 with value: -0.6125870653324885.
[I 2026-08-19 18:00:44,907] Trial 2061 finished with value: 0.4460778346852563 and parameters: {'k1': 0.009523026634750806, 'D_low': 429.57785143449763, 'k2': 0.00010361019812220994, 'D_high': 856235.5182008574, 'fire_exp': 1.8691596788457137, 'P_half': 73.1711134432623, 'pre_dampen_half': 36.66935995991011, 'gpp_af': 0.05939938715503518, 'gpp_b': 7.529526876612927e-05, 'gpp_d': 74.23171002095413, 'ign_k': 2.8497183472287295, 'ign_c': 4.605258801114707, 'trop_agb_crit': 19.18869822948003, 'trop_k_veg': 2.890833288556449, 'pop_amp': 0.0015284921544411365, 'pop_peak': 7.08302699865138, 'pop_sig': 0.4409086927262673, 'fuel_k': 0.0562745368591864, 'fuel_half': 2.5445066934002956}. Best is trial 1622 with value: -0.6125870653324885.
  trial 2062/2500  best_overall=0.6126  (62.4 min)
[I 2026-08-19 18:00:47,222] Trial 2062 finished with value: 0.5604856682063435 and parameters: {'k1': 0.001136368165155974, 'D_low': 114.22133524682046, 'k2': 0.0030389352214351788, 'D_high': 125204.68556746366, 'fire_exp': 1.1903433457206165, 'P_half': 1150.6152337037379, 'pre_dampen_half': 0.08433792217768625, 'gpp_af': 0.04680974886900722, 'gpp_b': 0.0038050674200909964, 'gpp_d': 25.358329472654273, 'ign_k': 1.1463964418609192, 'ign_c': 0.1882214882096804, 'trop_agb_crit': 8.670052638973196, 'trop_k_veg': 1.8647788039026163, 'pop_amp': 0.001979200764267205, 'pop_peak': 1.7846115610222213, 'pop_sig': 0.4268780398230591, 'fuel_k': 0.2954496635168247, 'fuel_half': 1.0909789198055513}. Best is trial 1622 with value: -0.6125870653324885.
[I 2026-08-19 18:00:49,007] Trial 2063 finished with value: 0.5863784983426716 and parameters: {'k1': 0.003596283940386356, 'D_low': 15184.908232517322, 'k2': 0.006588854730955163, 'D_high': 53682.37608340993, 'fire_exp': 1.6819078697532552, 'P_half': 1754.6322169964294, 'pre_dampen_half': 1.4791131377690396, 'gpp_af': 0.0583583529217727, 'gpp_b': 0.0014585281298730131, 'gpp_d': 8.714314461411101, 'ign_k': 3.308619164424713, 'ign_c': 2.919755249221619, 'trop_agb_crit': 3.344462472980586, 'trop_k_veg': 3.47276010453694, 'pop_amp': 0.05642756486278345, 'pop_peak': 0.5971543643561005, 'pop_sig': 0.5235868474821683, 'fuel_k': 2.2392055618312443, 'fuel_half': 0.25380197468194265}. Best is trial 1622 with value: -0.6125870653324885.
[I 2026-08-19 18:00:50,813] Trial 2064 finished with value: -0.5838664986213097 and parameters: {'k1': 0.002429278027968766, 'D_low': 756.2247681141356, 'k2': 0.0165130021608982, 'D_high': 879837.3417643347, 'fire_exp': 1.289094453165206, 'P_half': 64.76922040407119, 'pre_dampen_half': 2.0001364468525327, 'gpp_af': 0.20422517605962112, 'gpp_b': 0.02561143044639265, 'gpp_d': 468.2831170882055, 'ign_k': 9.88523117839948, 'ign_c': 0.13494444890230906, 'trop_agb_crit': 3.6279128697778464, 'trop_k_veg': 2.95453704817862, 'pop_amp': 0.012033498111061651, 'pop_peak': 1.38195781614346, 'pop_sig': 0.3746671815786507, 'fuel_k': 0.45276872766557713, 'fuel_half': 0.44463486107635025}. Best is trial 1622 with value: -0.6125870653324885.
[I 2026-08-19 18:00:52,653] Trial 2065 finished with value: 0.6002654688921847 and parameters: {'k1': 0.017945041257320108, 'D_low': 185.37919879724095, 'k2': 0.00023796596430166378, 'D_high': 151155.9727623087, 'fire_exp': 1.8154085970664986, 'P_half': 9809.867223424368, 'pre_dampen_half': 46.27813316088759, 'gpp_af': 0.8463841369131297, 'gpp_b': 9.428089444393081e-05, 'gpp_d': 33.37814703011379, 'ign_k': 9.50684387679984, 'ign_c': 24.91036247328886, 'trop_agb_crit': 19.478037265380713, 'trop_k_veg': 2.1342549796770403, 'pop_amp': 0.029548971415868697, 'pop_peak': 14.005022204222655, 'pop_sig': 0.7399815317311015, 'fuel_k': 0.08674136754655187, 'fuel_half': 4.549526184354508}. Best is trial 1622 with value: -0.6125870653324885.
[I 2026-08-19 18:00:54,401] Trial 2066 finished with value: -0.547831410169955 and parameters: {'k1': 3.518844816936255e-05, 'D_low': 1290.1910923981345, 'k2': 0.0015721843799656689, 'D_high': 1694250.3093083848, 'fire_exp': 1.2308745792853144, 'P_half': 44.32230411981622, 'pre_dampen_half': 0.546806671555884, 'gpp_af': 0.3672602709700212, 'gpp_b': 0.00294298224769758, 'gpp_d': 681.1663885138684, 'ign_k': 2.3264918115693507, 'ign_c': 0.948696303178238, 'trop_agb_crit': 4.267359003497536, 'trop_k_veg': 2.931120365559277, 'pop_amp': 0.005348758689249618, 'pop_peak': 0.1263401983989776, 'pop_sig': 0.2938700134243926, 'fuel_k': 2.5690077416152723, 'fuel_half': 7.069553099878878}. Best is trial 1622 with value: -0.6125870653324885.
[I 2026-08-19 18:00:56,235] Trial 2067 finished with value: -0.5564863341165381 and parameters: {'k1': 0.020339882316513687, 'D_low': 11118.993547006983, 'k2': 0.002898980486660054, 'D_high': 1030792.126193085, 'fire_exp': 1.3334126843412735, 'P_half': 145.35891586569485, 'pre_dampen_half': 707.2477707461379, 'gpp_af': 0.0766236437723807, 'gpp_b': 0.003632242103413596, 'gpp_d': 11.619803158132836, 'ign_k': 4.6457234665363005, 'ign_c': 6.176065235443241, 'trop_agb_crit': 15.892637611965998, 'trop_k_veg': 5.217603562601756, 'pop_amp': 0.00382036429104489, 'pop_peak': 10.148782364105402, 'pop_sig': 0.4452372846229089, 'fuel_k': 0.05703571832874667, 'fuel_half': 21.812698354770866}. Best is trial 1622 with value: -0.6125870653324885.
[I 2026-08-19 18:00:58,095] Trial 2068 finished with value: 0.6445374145881376 and parameters: {'k1': 0.028547331971429234, 'D_low': 36402.121774550855, 'k2': 0.06097112826431711, 'D_high': 799856.2487609228, 'fire_exp': 1.2604065615517155, 'P_half': 98.83733069735095, 'pre_dampen_half': 17.489759660500287, 'gpp_af': 10.825893685089845, 'gpp_b': 0.0018514756219479974, 'gpp_d': 39.232505047359034, 'ign_k': 6.993234384445647, 'ign_c': 102.40265648135895, 'trop_agb_crit': 26.173763154567425, 'trop_k_veg': 2.8330433356794713, 'pop_amp': 0.0026404508891840527, 'pop_peak': 55.380967267549295, 'pop_sig': 0.5967238415361839, 'fuel_k': 0.02732049099950397, 'fuel_half': 4.223195801699204}. Best is trial 1622 with value: -0.6125870653324885.
[I 2026-08-19 18:00:59,877] Trial 2069 finished with value: 0.46818545524174005 and parameters: {'k1': 0.08345452052147528, 'D_low': 34.29607246705172, 'k2': 5.845577554914505e-05, 'D_high': 1146217.7902282386, 'fire_exp': 5.11148923738528, 'P_half': 301.5258301204909, 'pre_dampen_half': 21.632885160164218, 'gpp_af': 0.05711526799993947, 'gpp_b': 0.0003512853411377222, 'gpp_d': 17.787871131882167, 'ign_k': 0.6057694459048204, 'ign_c': 3.127494741358466, 'trop_agb_crit': 4.6920941609056666, 'trop_k_veg': 7.103844828728793, 'pop_amp': 0.004190779942741035, 'pop_peak': 0.487840606436696, 'pop_sig': 0.32618660040364233, 'fuel_k': 0.750334264424709, 'fuel_half': 0.17929633102767892}. Best is trial 1622 with value: -0.6125870653324885.
[I 2026-08-19 18:01:01,784] Trial 2070 finished with value: 0.6087175007163229 and parameters: {'k1': 0.002450753409894123, 'D_low': 822.9381629356906, 'k2': 0.004396935294949909, 'D_high': 125043.51067978093, 'fire_exp': 1.1642156936525168, 'P_half': 2013.0063451003743, 'pre_dampen_half': 0.21450820765902687, 'gpp_af': 0.03854746182778804, 'gpp_b': 0.0005539126564260734, 'gpp_d': 10.314444213928473, 'ign_k': 1.3907950179709616, 'ign_c': 41.78247478786638, 'trop_agb_crit': 27.11306261650991, 'trop_k_veg': 4.376998255156258, 'pop_amp': 0.01508470257627469, 'pop_peak': 55.87861043721638, 'pop_sig': 0.2856979729990888, 'fuel_k': 0.05793476912669156, 'fuel_half': 3.041657370653014}. Best is trial 1622 with value: -0.6125870653324885.
[I 2026-08-19 18:01:03,667] Trial 2071 finished with value: 0.5047553584799243 and parameters: {'k1': 0.016036046342069097, 'D_low': 2.3411510300513227, 'k2': 3.599344447191974e-05, 'D_high': 1469129.4529804524, 'fire_exp': 4.546029581770244, 'P_half': 4.527729467325061, 'pre_dampen_half': 26.892578737489572, 'gpp_af': 0.29633655802161324, 'gpp_b': 0.0009236922952468373, 'gpp_d': 326.3443262946731, 'ign_k': 0.13831227507036156, 'ign_c': 0.3476705606199414, 'trop_agb_crit': 4.1580292955600475, 'trop_k_veg': 1.4882365778261282, 'pop_amp': 3.0458869532765873, 'pop_peak': 0.22605218264083246, 'pop_sig': 1.0676048017201498, 'fuel_k': 0.12606313472543976, 'fuel_half': 0.12534549507137682}. Best is trial 1622 with value: -0.6125870653324885.
[I 2026-08-19 18:01:05,485] Trial 2072 finished with value: 0.5864878183259361 and parameters: {'k1': 0.0025168079799948147, 'D_low': 2556.947435791849, 'k2': 0.00278745815770471, 'D_high': 38424.995005462835, 'fire_exp': 2.7610119090894627, 'P_half': 1976.2664921796377, 'pre_dampen_half': 0.02380229715704402, 'gpp_af': 0.126565464600539, 'gpp_b': 1.7868692080504876e-05, 'gpp_d': 72.12819330846747, 'ign_k': 0.6442726824990422, 'ign_c': 0.237003582805516, 'trop_agb_crit': 2.3425502455319935, 'trop_k_veg': 5.594353493686541, 'pop_amp': 0.03216868363500723, 'pop_peak': 0.1043054398750284, 'pop_sig': 0.2710517054438415, 'fuel_k': 3.583319234787943, 'fuel_half': 0.5011399375831318}. Best is trial 1622 with value: -0.6125870653324885.
  trial 2073/2500  best_overall=0.6126  (62.7 min)
[I 2026-08-19 18:01:07,918] Trial 2073 finished with value: 0.6445374145881376 and parameters: {'k1': 0.0010304362902386578, 'D_low': 405969.9243122392, 'k2': 0.094736602330069, 'D_high': 9895.019454871564, 'fire_exp': 1.5022927068987209, 'P_half': 211.48868072565733, 'pre_dampen_half': 2.6473472853866538, 'gpp_af': 3.2228897955484057, 'gpp_b': 0.0011602911640237771, 'gpp_d': 0.017062989533328483, 'ign_k': 0.007121529025998763, 'ign_c': 0.9284606948799801, 'trop_agb_crit': 5.8065769317519855, 'trop_k_veg': 0.8122251842133411, 'pop_amp': 1.0369616184034003, 'pop_peak': 483.3272842905631, 'pop_sig': 1.1561203893749823, 'fuel_k': 1.1345747164513653, 'fuel_half': 6.738474020564994}. Best is trial 1622 with value: -0.6125870653324885.
[I 2026-08-19 18:01:09,706] Trial 2074 finished with value: 0.5847027562635743 and parameters: {'k1': 0.0006496858796212275, 'D_low': 44378.194778678146, 'k2': 0.0029009527160928678, 'D_high': 4914059.619134539, 'fire_exp': 1.161015258307258, 'P_half': 1460.2619049552907, 'pre_dampen_half': 0.23336901287246462, 'gpp_af': 0.01744568451284801, 'gpp_b': 0.0017708044257639035, 'gpp_d': 3.494416827012155, 'ign_k': 2.8435081856519155, 'ign_c': 0.6840745377028784, 'trop_agb_crit': 9.787659363227492, 'trop_k_veg': 7.02145647214533, 'pop_amp': 0.02612468162778927, 'pop_peak': 1.2229336691365311, 'pop_sig': 0.28349391396709683, 'fuel_k': 1.858158249308001, 'fuel_half': 0.1868463238560215}. Best is trial 1622 with value: -0.6125870653324885.
[I 2026-08-19 18:01:11,500] Trial 2075 finished with value: 0.4800081311857973 and parameters: {'k1': 0.00013276202244425964, 'D_low': 2.1937723092026267, 'k2': 0.0007618883254152408, 'D_high': 738075.4773026024, 'fire_exp': 2.398542359554511, 'P_half': 7.646511675597671, 'pre_dampen_half': 15.818017928765927, 'gpp_af': 3.323342571844314, 'gpp_b': 0.16039518968916525, 'gpp_d': 6.338572384768534, 'ign_k': 0.3567797495901399, 'ign_c': 0.13001221718126396, 'trop_agb_crit': 3.6073540004971543, 'trop_k_veg': 3.687450154956242, 'pop_amp': 0.005603783766419742, 'pop_peak': 0.9083851416441049, 'pop_sig': 0.8066827342965611, 'fuel_k': 0.023008240418210042, 'fuel_half': 60.77614822266399}. Best is trial 1622 with value: -0.6125870653324885.
[I 2026-08-19 18:01:13,394] Trial 2076 finished with value: 0.47947491784804497 and parameters: {'k1': 0.0016738243342897838, 'D_low': 315.06729559963424, 'k2': 0.01654376039710214, 'D_high': 6443737.093346564, 'fire_exp': 1.760772839281363, 'P_half': 144.11145451710289, 'pre_dampen_half': 3.866248433250737, 'gpp_af': 0.013317790456309776, 'gpp_b': 0.021183795080972012, 'gpp_d': 44.16109714869074, 'ign_k': 0.6871487226506574, 'ign_c': 0.18059791072022796, 'trop_agb_crit': 3.293204836524346, 'trop_k_veg': 2.2214340500359113, 'pop_amp': 0.0024438164907399987, 'pop_peak': 0.16677458241233054, 'pop_sig': 0.3101267455971343, 'fuel_k': 5.529262921805067, 'fuel_half': 1.3027563498815418}. Best is trial 1622 with value: -0.6125870653324885.
[I 2026-08-19 18:01:15,235] Trial 2077 finished with value: -0.539097038576697 and parameters: {'k1': 0.014161256932918025, 'D_low': 207.81224353125143, 'k2': 0.0002511749738000986, 'D_high': 38127.04680737816, 'fire_exp': 1.056129143578421, 'P_half': 837.5870275766033, 'pre_dampen_half': 8.891526157572379, 'gpp_af': 0.34538915043066293, 'gpp_b': 0.0008724560118149552, 'gpp_d': 539.9030724543585, 'ign_k': 6.188413625129878, 'ign_c': 11.098233960972246, 'trop_agb_crit': 28.78539215977077, 'trop_k_veg': 0.9924295313746465, 'pop_amp': 0.007498492264818723, 'pop_peak': 109.61667191288814, 'pop_sig': 0.42061996286200964, 'fuel_k': 0.030013519402164884, 'fuel_half': 6.048033200644345}. Best is trial 1622 with value: -0.6125870653324885.
[I 2026-08-19 18:01:17,092] Trial 2078 finished with value: 0.5963436188506228 and parameters: {'k1': 7.392308193543237e-05, 'D_low': 109.77009242252542, 'k2': 0.002980595670270574, 'D_high': 3837144.181240749, 'fire_exp': 4.886964554008064, 'P_half': 33.54972795591572, 'pre_dampen_half': 9.0565818182088, 'gpp_af': 2.96521151637746, 'gpp_b': 0.0005460142958529705, 'gpp_d': 0.7100857200706157, 'ign_k': 0.017295430370907857, 'ign_c': 0.6317081035207923, 'trop_agb_crit': 4.396542651034298, 'trop_k_veg': 0.8719283074605538, 'pop_amp': 5.85159995455723, 'pop_peak': 1.2760623004589313, 'pop_sig': 1.0083005602777304, 'fuel_k': 0.04667051035981951, 'fuel_half': 2.990176121386625}. Best is trial 1622 with value: -0.6125870653324885.
[I 2026-08-19 18:01:18,846] Trial 2079 finished with value: 0.4674352448410476 and parameters: {'k1': 0.004895350717608364, 'D_low': 1309.239032236859, 'k2': 0.0001349645195797584, 'D_high': 389059.28908666444, 'fire_exp': 1.2794015317399439, 'P_half': 1707.4241540198502, 'pre_dampen_half': 180.25664274506877, 'gpp_af': 0.002709910702909432, 'gpp_b': 0.00021777044786241157, 'gpp_d': 4.049509958372789, 'ign_k': 7.137129443611761, 'ign_c': 7.565577457316091, 'trop_agb_crit': 27.624346926883796, 'trop_k_veg': 2.7594203247679547, 'pop_amp': 0.001837260720816933, 'pop_peak': 33.48831078866457, 'pop_sig': 0.48834830941724144, 'fuel_k': 0.1474762763333715, 'fuel_half': 4.786369027751025}. Best is trial 1622 with value: -0.6125870653324885.
[I 2026-08-19 18:01:20,626] Trial 2080 finished with value: 0.5124268696802158 and parameters: {'k1': 0.00029232445667002596, 'D_low': 664.5700166147038, 'k2': 0.001582553163619924, 'D_high': 2011366.107465854, 'fire_exp': 1.104640793797773, 'P_half': 1478.5704241352826, 'pre_dampen_half': 0.7116061547390079, 'gpp_af': 0.04962160593542783, 'gpp_b': 0.0009527984144215018, 'gpp_d': 5.458827522486767, 'ign_k': 5.958421124948613, 'ign_c': 0.37741066788138744, 'trop_agb_crit': 2.471629600120205, 'trop_k_veg': 3.8580237900497463, 'pop_amp': 0.008855885966394297, 'pop_peak': 2.0880389033227265, 'pop_sig': 0.5208118978669235, 'fuel_k': 1.0577573998416334, 'fuel_half': 1.6740495708902734}. Best is trial 1622 with value: -0.6125870653324885.
[I 2026-08-19 18:01:22,436] Trial 2081 finished with value: 0.4167048207827716 and parameters: {'k1': 0.0004548800646868964, 'D_low': 3.367281564834201, 'k2': 0.003694412934600062, 'D_high': 5417836.6218959885, 'fire_exp': 2.2692556760350326, 'P_half': 43.863836852671575, 'pre_dampen_half': 24.00381627801145, 'gpp_af': 0.056832455378221916, 'gpp_b': 0.00106314394469977, 'gpp_d': 193.3542035245091, 'ign_k': 0.8700773454505889, 'ign_c': 0.698712521615637, 'trop_agb_crit': 4.703108794290043, 'trop_k_veg': 2.5518534588499255, 'pop_amp': 0.016047152724627832, 'pop_peak': 4.500673554637436, 'pop_sig': 0.6640480312608202, 'fuel_k': 0.010676030066299363, 'fuel_half': 40.55496120610769}. Best is trial 1622 with value: -0.6125870653324885.
[I 2026-08-19 18:01:24,215] Trial 2082 finished with value: -0.5745729080154136 and parameters: {'k1': 6.41690505202133e-05, 'D_low': 9764.99927979774, 'k2': 0.007811307908361751, 'D_high': 582794.8971700065, 'fire_exp': 1.5400930688056598, 'P_half': 222.1670601934778, 'pre_dampen_half': 3.961569878104884, 'gpp_af': 0.04832144872482798, 'gpp_b': 0.005400825194091055, 'gpp_d': 30.788486746783388, 'ign_k': 8.688229911835208, 'ign_c': 0.13134247899038187, 'trop_agb_crit': 4.1720481350077225, 'trop_k_veg': 3.5462497359432197, 'pop_amp': 0.03149302794361987, 'pop_peak': 0.09494973676789151, 'pop_sig': 0.4473398953671776, 'fuel_k': 2.1811945585579315, 'fuel_half': 0.47360892762867485}. Best is trial 1622 with value: -0.6125870653324885.
[I 2026-08-19 18:01:26,022] Trial 2083 finished with value: 0.658639680956347 and parameters: {'k1': 0.04728870188224763, 'D_low': 74438.49374428763, 'k2': 0.0011368162650725747, 'D_high': 150256.41593494124, 'fire_exp': 1.2173241592461734, 'P_half': 1595.3599247376374, 'pre_dampen_half': 33.2888177707184, 'gpp_af': 0.04929937664577679, 'gpp_b': 0.0008358600528332554, 'gpp_d': 576.4926810140868, 'ign_k': 6.358713769761699, 'ign_c': 34.603167674453566, 'trop_agb_crit': 29.802864080286678, 'trop_k_veg': 1.5252855712730278, 'pop_amp': 0.0069205571905973295, 'pop_peak': 92.95251585851078, 'pop_sig': 0.5555391813054564, 'fuel_k': 0.01567912249310012, 'fuel_half': 0.25725514259874843}. Best is trial 1622 with value: -0.6125870653324885.
[I 2026-08-19 18:01:27,861] Trial 2084 finished with value: 0.5023451579995978 and parameters: {'k1': 0.0009966947128880331, 'D_low': 7983.9857276780995, 'k2': 0.06648360067031933, 'D_high': 2535300.8734507146, 'fire_exp': 4.257398586756989, 'P_half': 7.33645361614944, 'pre_dampen_half': 0.28669765030801286, 'gpp_af': 0.051223406000495166, 'gpp_b': 6.644562591570913e-05, 'gpp_d': 58.190915068263244, 'ign_k': 5.067421243221556, 'ign_c': 17.120236148460453, 'trop_agb_crit': 6.4313685078036364, 'trop_k_veg': 1.0769194179121622, 'pop_amp': 0.4322953402671054, 'pop_peak': 0.6112648153784779, 'pop_sig': 0.8733982574930236, 'fuel_k': 0.24308768672500153, 'fuel_half': 0.42776532963826286}. Best is trial 1622 with value: -0.6125870653324885.
  trial 2085/2500  best_overall=0.6126  (63.1 min)
[I 2026-08-19 18:01:30,130] Trial 2085 finished with value: 0.5272034196537914 and parameters: {'k1': 0.0002743160195502423, 'D_low': 84028.42909079269, 'k2': 0.0032686039112349123, 'D_high': 789792.7376052323, 'fire_exp': 1.0664123780594446, 'P_half': 279.4195182889155, 'pre_dampen_half': 2.617684692932875, 'gpp_af': 0.6136701423232458, 'gpp_b': 0.0008632674752803596, 'gpp_d': 1.5509738728970948, 'ign_k': 0.14261017441340265, 'ign_c': 0.737668228566241, 'trop_agb_crit': 4.038849649317604, 'trop_k_veg': 5.260811880082815, 'pop_amp': 0.09546627189223411, 'pop_peak': 0.06488640659649704, 'pop_sig': 0.3771062513181088, 'fuel_k': 2.0866326739343175, 'fuel_half': 0.2716825695705803}. Best is trial 1622 with value: -0.6125870653324885.
[I 2026-08-19 18:01:31,916] Trial 2086 finished with value: 0.6445374145881376 and parameters: {'k1': 0.0017460773533233417, 'D_low': 98.06709804446795, 'k2': 0.0012025621890333533, 'D_high': 81483.95807806579, 'fire_exp': 1.4130192904915975, 'P_half': 1084.266181902711, 'pre_dampen_half': 22.504319575883585, 'gpp_af': 0.005113649383576914, 'gpp_b': 0.00017028623739818652, 'gpp_d': 12.30935028890353, 'ign_k': 9.952405147880876, 'ign_c': 73.71978222417307, 'trop_agb_crit': 10.293189980948872, 'trop_k_veg': 6.358444023060269, 'pop_amp': 0.0018995397626096974, 'pop_peak': 0.39359743927243923, 'pop_sig': 0.5602645559323272, 'fuel_k': 0.4063898451243109, 'fuel_half': 2.6807459353095173}. Best is trial 1622 with value: -0.6125870653324885.
