[I 2026-06-10 21:37:30,046] Trial 888 finished with values: [-0.43808444647621214, 0.05542453628742339] and parameters: {'k1': 9.293516267059069e-05, 'D_low': 171.2446447678494, 'k2': 0.00037358626308127543, 'D_high': 8912.611835817017, 'fire_exp': 1.6901885781909627, 'P_half': 93.43302657318476, 'pre_dampen_half': 857.6556763881457, 'gpp_af': 20.12115544906385, 'gpp_b': 0.015062722325200045, 'gpp_d': 0.09467055845337147, 'ign_k': 0.17320535908244444, 'ign_c': 14.709699119495124, 'trop_agb_crit': 24.199763404822136, 'trop_k_veg': 5.453348988480011, 'fire_amp': 5.606809127618709}.
[I 2026-06-10 21:37:32,030] Trial 889 finished with values: [10.353357216044145, 10.353357216044145] and parameters: {'k1': 0.00026539376439360527, 'D_low': 1739.6167422846984, 'k2': 1.1417577140741129e-05, 'D_high': 69868.4759244566, 'fire_exp': 1.9783727454920947, 'P_half': 1.4551749476072258, 'pre_dampen_half': 191.62369310763663, 'gpp_af': 1.1739995320396222, 'gpp_b': 0.0004360709560327289, 'gpp_d': 0.030844007727232167, 'ign_k': 0.02779045054796808, 'ign_c': 0.6960633318526378, 'trop_agb_crit': 1.8023542850487386, 'trop_k_veg': 2.724170387400844, 'fire_amp': 1.1268480791003903}.
[I 2026-06-10 21:37:34,059] Trial 890 finished with values: [10.483906621326803, 10.483906621326803] and parameters: {'k1': 0.016973078532467004, 'D_low': 24.28756508761176, 'k2': 2.091507303847255e-05, 'D_high': 8912.611835817017, 'fire_exp': 1.6901885781909627, 'P_half': 277.00025557434554, 'pre_dampen_half': 1.8469033699850426, 'gpp_af': 1.7775411110039254, 'gpp_b': 0.015062722325200045, 'gpp_d': 20.81401325574021, 'ign_k': 0.17320535908244444, 'ign_c': 1.1698039424426816, 'trop_agb_crit': 1.3063813396521713, 'trop_k_veg': 1.6648666152166967, 'fire_amp': 2.804180410489304}.
[I 2026-06-10 21:37:36,148] Trial 891 finished with values: [10.666216789672383, 10.666216789672383] and parameters: {'k1': 0.05705198955850472, 'D_low': 1739.6167422846984, 'k2': 0.0011847646505012493, 'D_high': 44974.07193749848, 'fire_exp': 3.2459542834651627, 'P_half': 101.40635645866499, 'pre_dampen_half': 98.05638874011484, 'gpp_af': 1.7775411110039254, 'gpp_b': 0.002416023630607169, 'gpp_d': 0.7698760608299932, 'ign_k': 0.00660597889201953, 'ign_c': 2.2489542843914485, 'trop_agb_crit': 3.5874145253515306, 'trop_k_veg': 0.5450786550840475, 'fire_amp': 1.1655705619308396}.
[I 2026-06-10 21:37:38,160] Trial 892 finished with values: [10.644447034556617, 10.644447034556617] and parameters: {'k1': 0.00026539376439360527, 'D_low': 1074.940539517341, 'k2': 0.0002442377596403892, 'D_high': 39.872732880952434, 'fire_exp': 1.6901885781909627, 'P_half': 1.4551749476072258, 'pre_dampen_half': 1.8469033699850426, 'gpp_af': 1.3954498518315706, 'gpp_b': 0.05719024141066792, 'gpp_d': 47.35384181058586, 'ign_k': 0.17320535908244444, 'ign_c': 7.832259769732471, 'trop_agb_crit': 24.199763404822136, 'trop_k_veg': 1.6648666152166967, 'fire_amp': 4.2446263054164195}.
[I 2026-06-10 21:37:40,218] Trial 893 finished with values: [10.002615672940475, 10.002615672940475] and parameters: {'k1': 0.00890707429605718, 'D_low': 171.2446447678494, 'k2': 0.01567230746060024, 'D_high': 44974.07193749848, 'fire_exp': 1.2918065501148304, 'P_half': 101.40635645866499, 'pre_dampen_half': 3.640068899312672, 'gpp_af': 0.016306190741524337, 'gpp_b': 0.0004125336560355494, 'gpp_d': 0.7698760608299932, 'ign_k': 0.0029519227433917453, 'ign_c': 2.2489542843914485, 'trop_agb_crit': 3.5874145253515306, 'trop_k_veg': 0.6488368931910606, 'fire_amp': 1.2393473789150806}.
[I 2026-06-10 21:37:42,405] Trial 894 finished with values: [16.634601778925983, 16.634601778925983] and parameters: {'k1': 0.012840669372724958, 'D_low': 43.2326421037033, 'k2': 0.0010726091927327822, 'D_high': 5259.096221580009, 'fire_exp': 1.7792742686803427, 'P_half': 277.00025557434554, 'pre_dampen_half': 98.05638874011484, 'gpp_af': 1.7775411110039254, 'gpp_b': 0.16285506249643175, 'gpp_d': 95.2715755007094, 'ign_k': 3.6309591863459096, 'ign_c': 0.1611736893633666, 'trop_agb_crit': 3.5874145253515306, 'trop_k_veg': 0.9923523017201868, 'fire_amp': 1.7912500010961188}.
[I 2026-06-10 21:37:47,440] Trial 895 finished with values: [15.52277246693207, 15.52277246693207] and parameters: {'k1': 0.004467752817973905, 'D_low': 1074.940539517341, 'k2': 0.0002442377596403892, 'D_high': 8912.611835817017, 'fire_exp': 1.4690410989404576, 'P_half': 277.00025557434554, 'pre_dampen_half': 903.3231300044874, 'gpp_af': 20.12115544906385, 'gpp_b': 0.05719024141066792, 'gpp_d': 20.81401325574021, 'ign_k': 0.09256855841989636, 'ign_c': 7.832259769732471, 'trop_agb_crit': 8.188098178380693, 'trop_k_veg': 5.453348988480011, 'fire_amp': 5.416595007374148}.
[I 2026-06-10 21:37:49,540] Trial 896 finished with values: [10.630520730838553, 10.630520730838553] and parameters: {'k1': 0.012840669372724958, 'D_low': 24.28756508761176, 'k2': 0.0002442377596403892, 'D_high': 42210.21267871043, 'fire_exp': 1.2918065501148304, 'P_half': 51.10120656497163, 'pre_dampen_half': 0.01615714055429207, 'gpp_af': 0.016306190741524337, 'gpp_b': 0.0004125336560355494, 'gpp_d': 20.81401325574021, 'ign_k': 0.0029519227433917453, 'ign_c': 14.709699119495124, 'trop_agb_crit': 1.334283419016584, 'trop_k_veg': 2.520089655463604, 'fire_amp': 5.416595007374148}.
[I 2026-06-10 21:37:52,023] Trial 897 finished with values: [-0.5898240631446925, 0.012747195359873564] and parameters: {'k1': 0.012840669372724958, 'D_low': 171.2446447678494, 'k2': 0.0011135501184757278, 'D_high': 8912.611835817017, 'fire_exp': 1.2918065501148304, 'P_half': 51.10120656497163, 'pre_dampen_half': 4.603480758878793, 'gpp_af': 0.00474057962703787, 'gpp_b': 0.0004125336560355494, 'gpp_d': 0.7698760608299932, 'ign_k': 0.0029519227433917453, 'ign_c': 2.226297338331262, 'trop_agb_crit': 2.0527418919564324, 'trop_k_veg': 2.520089655463604, 'fire_amp': 1.2393473789150806}.
[I 2026-06-10 21:37:54,278] Trial 898 finished with values: [10.337889468037071, 10.337889468037071] and parameters: {'k1': 0.08006837661379566, 'D_low': 171.2446447678494, 'k2': 0.0011135501184757278, 'D_high': 7333.200379637292, 'fire_exp': 1.6901885781909627, 'P_half': 51.10120656497163, 'pre_dampen_half': 4.603480758878793, 'gpp_af': 0.016306190741524337, 'gpp_b': 0.0004125336560355494, 'gpp_d': 0.7698760608299932, 'ign_k': 0.0029519227433917453, 'ign_c': 2.226297338331262, 'trop_agb_crit': 2.0527418919564324, 'trop_k_veg': 2.520089655463604, 'fire_amp': 1.2393473789150806}.
[I 2026-06-10 21:37:56,913] Trial 899 finished with values: [10.798864425551042, 10.798864425551042] and parameters: {'k1': 0.016973078532467004, 'D_low': 1739.6167422846984, 'k2': 0.0002442377596403892, 'D_high': 44974.07193749848, 'fire_exp': 3.2459542834651627, 'P_half': 101.40635645866499, 'pre_dampen_half': 1.8469033699850426, 'gpp_af': 20.12115544906385, 'gpp_b': 0.16285506249643175, 'gpp_d': 20.81401325574021, 'ign_k': 0.17320535908244444, 'ign_c': 14.709699119495124, 'trop_agb_crit': 3.5874145253515306, 'trop_k_veg': 0.6488368931910606, 'fire_amp': 2.818314238665462}.
[I 2026-06-10 21:37:58,719] Trial 900 finished with values: [10.223385905039656, 10.223385905039656] and parameters: {'k1': 0.08006837661379566, 'D_low': 171.2446447678494, 'k2': 0.02939607009739149, 'D_high': 44974.07193749848, 'fire_exp': 1.2918065501148304, 'P_half': 61.6097529474144, 'pre_dampen_half': 4.603480758878793, 'gpp_af': 1.7775411110039254, 'gpp_b': 0.0004125336560355494, 'gpp_d': 0.7698760608299932, 'ign_k': 0.0029519227433917453, 'ign_c': 2.226297338331262, 'trop_agb_crit': 3.5874145253515306, 'trop_k_veg': 0.6488368931910606, 'fire_amp': 1.2393473789150806}.
[I 2026-06-10 21:38:00,672] Trial 901 finished with values: [40.027543072511385, 40.027543072511385] and parameters: {'k1': 0.012840669372724958, 'D_low': 24.28756508761176, 'k2': 0.00037358626308127543, 'D_high': 8912.611835817017, 'fire_exp': 1.6901885781909627, 'P_half': 93.43302657318476, 'pre_dampen_half': 857.6556763881457, 'gpp_af': 20.12115544906385, 'gpp_b': 0.0004125336560355494, 'gpp_d': 20.81401325574021, 'ign_k': 0.0029519227433917453, 'ign_c': 14.709699119495124, 'trop_agb_crit': 24.199763404822136, 'trop_k_veg': 2.520089655463604, 'fire_amp': 5.606809127618709}.
[I 2026-06-10 21:38:02,765] Trial 902 finished with values: [26.72503544496591, 26.72503544496591] and parameters: {'k1': 0.016973078532467004, 'D_low': 171.2446447678494, 'k2': 8.968733598183248e-05, 'D_high': 44974.07193749848, 'fire_exp': 1.7792742686803427, 'P_half': 1.9423940721007245, 'pre_dampen_half': 189.88136301569827, 'gpp_af': 1.7775411110039254, 'gpp_b': 0.16285506249643175, 'gpp_d': 20.81401325574021, 'ign_k': 3.6309591863459096, 'ign_c': 2.2489542843914485, 'trop_agb_crit': 3.5874145253515306, 'trop_k_veg': 0.6363741063482814, 'fire_amp': 2.818314238665462}.
[I 2026-06-10 21:38:04,627] Trial 903 finished with values: [10.833333332159754, 10.833333332159754] and parameters: {'k1': 0.012840669372724958, 'D_low': 1739.6167422846984, 'k2': 0.01567230746060024, 'D_high': 44974.07193749848, 'fire_exp': 3.2459542834651627, 'P_half': 101.40635645866499, 'pre_dampen_half': 0.022713477905714423, 'gpp_af': 0.0011495884087462723, 'gpp_b': 0.16285506249643175, 'gpp_d': 95.2715755007094, 'ign_k': 0.0029519227433917453, 'ign_c': 2.2489542843914485, 'trop_agb_crit': 2.0527418919564324, 'trop_k_veg': 0.828441460847982, 'fire_amp': 2.818314238665462}.
[I 2026-06-10 21:38:06,945] Trial 904 finished with values: [10.41693903855914, 10.41693903855914] and parameters: {'k1': 0.006079905434073396, 'D_low': 43.2326421037033, 'k2': 4.933751600448335e-05, 'D_high': 44974.07193749848, 'fire_exp': 3.2459542834651627, 'P_half': 101.40635645866499, 'pre_dampen_half': 98.05638874011484, 'gpp_af': 1.9998014714101113, 'gpp_b': 0.16285506249643175, 'gpp_d': 594.7389794988394, 'ign_k': 3.6309591863459096, 'ign_c': 16.497426799845446, 'trop_agb_crit': 3.5874145253515306, 'trop_k_veg': 0.9923523017201868, 'fire_amp': 2.818314238665462}.
[I 2026-06-10 21:38:08,653] Trial 905 finished with values: [10.354975535696939, 10.354975535696939] and parameters: {'k1': 0.0008779848797373387, 'D_low': 1739.6167422846984, 'k2': 0.0011135501184757278, 'D_high': 42210.21267871043, 'fire_exp': 1.2918065501148304, 'P_half': 61.6097529474144, 'pre_dampen_half': 4.603480758878793, 'gpp_af': 0.016306190741524337, 'gpp_b': 0.0004125336560355494, 'gpp_d': 0.7698760608299932, 'ign_k': 0.0029519227433917453, 'ign_c': 2.226297338331262, 'trop_agb_crit': 3.5874145253515306, 'trop_k_veg': 0.6488368931910606, 'fire_amp': 1.2393473789150806}.
[I 2026-06-10 21:38:10,562] Trial 906 finished with values: [16.974009941176615, 16.974009941176615] and parameters: {'k1': 0.00026539376439360527, 'D_low': 1074.940539517341, 'k2': 0.0010726091927327822, 'D_high': 29.126651668813768, 'fire_exp': 1.5305744365500176, 'P_half': 277.00025557434554, 'pre_dampen_half': 606.0479569222907, 'gpp_af': 1.3954498518315706, 'gpp_b': 2.176805640408474e-05, 'gpp_d': 47.35384181058586, 'ign_k': 0.8945150807271531, 'ign_c': 0.1611736893633666, 'trop_agb_crit': 12.285399209683808, 'trop_k_veg': 2.520089655463604, 'fire_amp': 4.2446263054164195}.
[I 2026-06-10 21:38:12,588] Trial 907 finished with values: [10.832637262278768, 10.832637262278768] and parameters: {'k1': 0.012840669372724958, 'D_low': 171.2446447678494, 'k2': 0.01567230746060024, 'D_high': 24.9899605789089, 'fire_exp': 3.2459542834651627, 'P_half': 61.6097529474144, 'pre_dampen_half': 189.88136301569827, 'gpp_af': 1.7775411110039254, 'gpp_b': 0.16285506249643175, 'gpp_d': 29.9035514860849, 'ign_k': 3.6309591863459096, 'ign_c': 2.2489542843914485, 'trop_agb_crit': 3.5874145253515306, 'trop_k_veg': 2.520089655463604, 'fire_amp': 1.2393473789150806}.
[I 2026-06-10 21:38:14,456] Trial 908 finished with values: [13.651740646348259, 13.651740646348259] and parameters: {'k1': 0.0002588246491696491, 'D_low': 24.28756508761176, 'k2': 0.0011135501184757278, 'D_high': 8912.611835817017, 'fire_exp': 1.2918065501148304, 'P_half': 51.10120656497163, 'pre_dampen_half': 4.603480758878793, 'gpp_af': 1.7775411110039254, 'gpp_b': 0.0004125336560355494, 'gpp_d': 20.81401325574021, 'ign_k': 0.17320535908244444, 'ign_c': 14.709699119495124, 'trop_agb_crit': 2.0527418919564324, 'trop_k_veg': 5.453348988480011, 'fire_amp': 5.416595007374148}.
[I 2026-06-10 21:38:16,536] Trial 909 finished with values: [10.546153128080173, 10.546153128080173] and parameters: {'k1': 0.00015351199834018532, 'D_low': 24.28756508761176, 'k2': 1.1417577140741129e-05, 'D_high': 8912.611835817017, 'fire_exp': 1.2918065501148304, 'P_half': 61.6097529474144, 'pre_dampen_half': 4.603480758878793, 'gpp_af': 0.00474057962703787, 'gpp_b': 0.0004125336560355494, 'gpp_d': 20.81401325574021, 'ign_k': 0.0029519227433917453, 'ign_c': 14.709699119495124, 'trop_agb_crit': 2.0527418919564324, 'trop_k_veg': 2.520089655463604, 'fire_amp': 1.2393473789150806}.
[I 2026-06-10 21:38:18,926] Trial 910 finished with values: [-0.6169539955288714, 0.011885290334463505] and parameters: {'k1': 0.012840669372724958, 'D_low': 43.2326421037033, 'k2': 0.0011135501184757278, 'D_high': 42210.21267871043, 'fire_exp': 1.2918065501148304, 'P_half': 157.3644610977214, 'pre_dampen_half': 4.603480758878793, 'gpp_af': 0.016306190741524337, 'gpp_b': 0.00047819318414852577, 'gpp_d': 0.7698760608299932, 'ign_k': 0.8945150807271531, 'ign_c': 16.497426799845446, 'trop_agb_crit': 3.285141446715206, 'trop_k_veg': 0.828441460847982, 'fire_amp': 1.2393473789150806}.
[I 2026-06-10 21:38:21,409] Trial 911 finished with values: [10.073965097503754, 10.073965097503754] and parameters: {'k1': 0.016973078532467004, 'D_low': 235.39834531862078, 'k2': 2.091507303847255e-05, 'D_high': 8912.611835817017, 'fire_exp': 1.6901885781909627, 'P_half': 1.4551749476072258, 'pre_dampen_half': 1.8469033699850426, 'gpp_af': 1.7775411110039254, 'gpp_b': 0.015062722325200045, 'gpp_d': 74.6908936941915, 'ign_k': 0.09256855841989636, 'ign_c': 2.226297338331262, 'trop_agb_crit': 24.199763404822136, 'trop_k_veg': 5.453348988480011, 'fire_amp': 4.2446263054164195}.
[I 2026-06-10 21:38:24,048] Trial 912 finished with values: [-0.48928207189079453, 0.017632474113574492] and parameters: {'k1': 0.004420612468360113, 'D_low': 24.28756508761176, 'k2': 0.0002442377596403892, 'D_high': 8912.611835817017, 'fire_exp': 1.6901885781909627, 'P_half': 51.10120656497163, 'pre_dampen_half': 1.8469033699850426, 'gpp_af': 20.12115544906385, 'gpp_b': 0.05719024141066792, 'gpp_d': 20.81401325574021, 'ign_k': 0.17320535908244444, 'ign_c': 14.709699119495124, 'trop_agb_crit': 24.199763404822136, 'trop_k_veg': 5.453348988480011, 'fire_amp': 5.416595007374148}.
[I 2026-06-10 21:38:26,464] Trial 913 finished with values: [10.667818325571872, 10.667818325571872] and parameters: {'k1': 0.017276056747028225, 'D_low': 5.505316245273476, 'k2': 0.0002442377596403892, 'D_high': 44974.07193749848, 'fire_exp': 1.2918065501148304, 'P_half': 101.40635645866499, 'pre_dampen_half': 98.05638874011484, 'gpp_af': 0.00474057962703787, 'gpp_b': 0.16285506249643175, 'gpp_d': 20.81401325574021, 'ign_k': 3.6309591863459096, 'ign_c': 2.2489542843914485, 'trop_agb_crit': 24.199763404822136, 'trop_k_veg': 0.6488368931910606, 'fire_amp': 1.2393473789150806}.
[I 2026-06-10 21:38:29,585] Trial 914 finished with values: [15.484829370037275, 15.484829370037275] and parameters: {'k1': 0.012840669372724958, 'D_low': 43.2326421037033, 'k2': 4.970926495623716e-05, 'D_high': 29.126651668813768, 'fire_exp': 1.7792742686803427, 'P_half': 2.4750421470385136, 'pre_dampen_half': 189.36639872354493, 'gpp_af': 1.9998014714101113, 'gpp_b': 0.002416023630607169, 'gpp_d': 594.7389794988394, 'ign_k': 0.8945150807271531, 'ign_c': 16.497426799845446, 'trop_agb_crit': 3.5874145253515306, 'trop_k_veg': 0.6488368931910606, 'fire_amp': 3.264490333625322}.
[I 2026-06-10 21:38:31,878] Trial 915 finished with values: [12.371216517306651, 12.371216517306651] and parameters: {'k1': 0.016973078532467004, 'D_low': 24.28756508761176, 'k2': 0.011415387250465888, 'D_high': 8912.611835817017, 'fire_exp': 1.2918065501148304, 'P_half': 51.10120656497163, 'pre_dampen_half': 1.8469033699850426, 'gpp_af': 20.12115544906385, 'gpp_b': 0.015062722325200045, 'gpp_d': 20.81401325574021, 'ign_k': 0.0029519227433917453, 'ign_c': 14.709699119495124, 'trop_agb_crit': 24.199763404822136, 'trop_k_veg': 2.520089655463604, 'fire_amp': 5.416595007374148}.
[I 2026-06-10 21:38:34,378] Trial 916 finished with values: [10.832241869900542, 10.832241869900542] and parameters: {'k1': 0.012840669372724958, 'D_low': 408.3047491580097, 'k2': 1.1417577140741129e-05, 'D_high': 29.126651668813768, 'fire_exp': 1.633445707733642, 'P_half': 9.580682294110435, 'pre_dampen_half': 0.21146190563366668, 'gpp_af': 0.0012726963692462898, 'gpp_b': 0.002416023630607169, 'gpp_d': 0.7698760608299932, 'ign_k': 0.00660597889201953, 'ign_c': 7.832259769732471, 'trop_agb_crit': 2.1989086830950257, 'trop_k_veg': 1.6648666152166967, 'fire_amp': 1.1655705619308396}.
[I 2026-06-10 21:38:36,710] Trial 917 finished with values: [-0.4279429325134013, 0.044867210016253156] and parameters: {'k1': 0.00026539376439360527, 'D_low': 1074.940539517341, 'k2': 8.968733598183248e-05, 'D_high': 8912.611835817017, 'fire_exp': 1.7505406131449859, 'P_half': 51.10120656497163, 'pre_dampen_half': 30.456909077772018, 'gpp_af': 0.013816526035853764, 'gpp_b': 0.002416023630607169, 'gpp_d': 20.81401325574021, 'ign_k': 0.0029519227433917453, 'ign_c': 14.709699119495124, 'trop_agb_crit': 1.8023542850487386, 'trop_k_veg': 1.6648666152166967, 'fire_amp': 4.2446263054164195}.
[I 2026-06-10 21:38:38,669] Trial 918 finished with values: [10.311935269976955, 10.311935269976955] and parameters: {'k1': 0.012840669372724958, 'D_low': 1739.6167422846984, 'k2': 1.1417577140741129e-05, 'D_high': 24.9899605789089, 'fire_exp': 1.7505406131449859, 'P_half': 1.4551749476072258, 'pre_dampen_half': 189.88136301569827, 'gpp_af': 0.016306190741524337, 'gpp_b': 0.0004125336560355494, 'gpp_d': 3.257094673454639, 'ign_k': 0.004105873950290761, 'ign_c': 1.4879588507789996, 'trop_agb_crit': 5.588032458772675, 'trop_k_veg': 2.724170387400844, 'fire_amp': 5.44779717154213}.
[I 2026-06-10 21:38:40,480] Trial 919 finished with values: [10.562184836815558, 10.562184836815558] and parameters: {'k1': 0.012840669372724958, 'D_low': 1739.6167422846984, 'k2': 2.1315065419408075e-05, 'D_high': 42210.21267871043, 'fire_exp': 1.2918065501148304, 'P_half': 9.580682294110435, 'pre_dampen_half': 4.603480758878793, 'gpp_af': 0.016306190741524337, 'gpp_b': 0.00047819318414852577, 'gpp_d': 0.7698760608299932, 'ign_k': 0.02779045054796808, 'ign_c': 1.9423015749984096, 'trop_agb_crit': 3.5874145253515306, 'trop_k_veg': 2.520089655463604, 'fire_amp': 1.2393473789150806}.
[I 2026-06-10 21:38:42,347] Trial 920 finished with values: [-0.3126882353802195, 0.010567357363649221] and parameters: {'k1': 0.017276056747028225, 'D_low': 1739.6167422846984, 'k2': 0.02939607009739149, 'D_high': 44974.07193749848, 'fire_exp': 3.2459542834651627, 'P_half': 101.40635645866499, 'pre_dampen_half': 98.05638874011484, 'gpp_af': 1.7775411110039254, 'gpp_b': 0.16285506249643175, 'gpp_d': 95.2715755007094, 'ign_k': 3.6309591863459096, 'ign_c': 2.2489542843914485, 'trop_agb_crit': 3.5874145253515306, 'trop_k_veg': 0.6488368931910606, 'fire_amp': 2.818314238665462}.
[I 2026-06-10 21:38:44,160] Trial 921 finished with values: [10.151455491559105, 10.151455491559105] and parameters: {'k1': 0.012840669372724958, 'D_low': 408.3047491580097, 'k2': 1.1417577140741129e-05, 'D_high': 949.9072859745386, 'fire_exp': 1.4690410989404576, 'P_half': 277.00025557434554, 'pre_dampen_half': 189.36639872354493, 'gpp_af': 3.298293484806585, 'gpp_b': 0.002416023630607169, 'gpp_d': 0.7698760608299932, 'ign_k': 0.00660597889201953, 'ign_c': 7.832259769732471, 'trop_agb_crit': 2.1989086830950257, 'trop_k_veg': 0.6618107836658104, 'fire_amp': 1.1655705619308396}.
[I 2026-06-10 21:38:46,021] Trial 922 finished with values: [10.62478163425566, 10.62478163425566] and parameters: {'k1': 0.004467752817973905, 'D_low': 1739.6167422846984, 'k2': 0.02939607009739149, 'D_high': 44974.07193749848, 'fire_exp': 1.4690410989404576, 'P_half': 277.00025557434554, 'pre_dampen_half': 903.3231300044874, 'gpp_af': 1.7775411110039254, 'gpp_b': 0.16285506249643175, 'gpp_d': 942.6090081952854, 'ign_k': 7.437725385707939, 'ign_c': 1.1698039424426816, 'trop_agb_crit': 8.188098178380693, 'trop_k_veg': 0.6618107836658104, 'fire_amp': 1.7912500010961188}.
[I 2026-06-10 21:38:47,980] Trial 923 finished with values: [10.61770499128785, 10.61770499128785] and parameters: {'k1': 0.012840669372724958, 'D_low': 1074.940539517341, 'k2': 8.968733598183248e-05, 'D_high': 29.126651668813768, 'fire_exp': 1.2918065501148304, 'P_half': 1.4551749476072258, 'pre_dampen_half': 4.603480758878793, 'gpp_af': 0.013816526035853764, 'gpp_b': 0.006999112505425414, 'gpp_d': 21.899070557043984, 'ign_k': 0.09256855841989636, 'ign_c': 7.832259769732471, 'trop_agb_crit': 1.8023542850487386, 'trop_k_veg': 1.6648666152166967, 'fire_amp': 4.2446263054164195}.
[I 2026-06-10 21:38:50,506] Trial 924 finished with values: [10.256979112808956, 10.256979112808956] and parameters: {'k1': 0.00015197743481843557, 'D_low': 171.2446447678494, 'k2': 1.1417577140741129e-05, 'D_high': 42210.21267871043, 'fire_exp': 1.2918065501148304, 'P_half': 61.6097529474144, 'pre_dampen_half': 4.603480758878793, 'gpp_af': 1.3954498518315706, 'gpp_b': 0.0004125336560355494, 'gpp_d': 47.35384181058586, 'ign_k': 0.0029519227433917453, 'ign_c': 119.36928467636464, 'trop_agb_crit': 2.0527418919564324, 'trop_k_veg': 0.828441460847982, 'fire_amp': 1.2393473789150806}.
