[I 2026-07-24 02:08:09,466] Trial 288 finished with value: 0.6445374145881376 and parameters: {'k1': 0.00013687005355593926, 'D_low': 1.2490760887749917, 'k2': 0.00026371601158305666, 'D_high': 1912739.2075925446, 'fire_exp': 8.49851907601838, 'P_half': 45.463635977502236, 'pre_dampen_half': 4.25420417277265, 'gpp_af': 0.06785196798774557, 'gpp_b': 0.0019582024360153285, 'gpp_d': 0.3876056286061446, 'ign_k': 0.7683256872943631, 'ign_c': 84.65058447908211, 'trop_agb_crit': 5.455899333233651, 'trop_k_veg': 1.5308956345295202, 'gdp_gamma': 0.0013777753734476343, 'fuel_k': 2.71110407920804, 'fuel_half': 1.612510690978568}. Best is trial 0 with value: -0.6086958580586874.
[I 2026-07-24 02:08:09,914] Trial 289 finished with value: 0.5926730416029533 and parameters: {'k1': 0.0008098328515559486, 'D_low': 15.855547560740982, 'k2': 0.03430433629869498, 'D_high': 55724.50107119563, 'fire_exp': 3.433464662423202, 'P_half': 155.36818494283892, 'pre_dampen_half': 3.2419420596531587, 'gpp_af': 2.6219828461956776, 'gpp_b': 1.0819661024340817e-05, 'gpp_d': 19.225194183630244, 'ign_k': 0.16658375231640254, 'ign_c': 39.19429569312489, 'trop_agb_crit': 15.800278734687414, 'trop_k_veg': 2.094334794231729, 'gdp_gamma': 0.002256936149920695, 'fuel_k': 1.8557109084584316, 'fuel_half': 0.11659234805466358}. Best is trial 0 with value: -0.6086958580586874.
[I 2026-07-24 02:08:10,364] Trial 290 finished with value: 0.48888375161332254 and parameters: {'k1': 0.0030480382010860665, 'D_low': 13348.288583844896, 'k2': 0.002872640428451824, 'D_high': 2106389.9859276316, 'fire_exp': 1.1408204588427098, 'P_half': 2.5485638867891915, 'pre_dampen_half': 0.2227762809628776, 'gpp_af': 1.7590081805801288, 'gpp_b': 0.0001577521551273061, 'gpp_d': 118.58709189102565, 'ign_k': 0.0030583376879418714, 'ign_c': 4.3588412019645855, 'trop_agb_crit': 10.357365643025076, 'trop_k_veg': 0.5416780216160023, 'gdp_gamma': 0.2756584588927355, 'fuel_k': 0.09159427600272006, 'fuel_half': 10.780761012039024}. Best is trial 0 with value: -0.6086958580586874.
[I 2026-07-24 02:08:10,813] Trial 291 finished with value: 0.5066366026335964 and parameters: {'k1': 0.0021490001564678255, 'D_low': 2875.3208646163766, 'k2': 0.09569203474024825, 'D_high': 1276417.7566968598, 'fire_exp': 1.2223871041773315, 'P_half': 18.775198274922502, 'pre_dampen_half': 0.267673770411425, 'gpp_af': 0.14993097731034197, 'gpp_b': 7.18239016091994e-05, 'gpp_d': 0.5211019586746676, 'ign_k': 0.007534880956137333, 'ign_c': 26.21244416388773, 'trop_agb_crit': 13.007908144876376, 'trop_k_veg': 0.5022196113202876, 'gdp_gamma': 0.19374047378469147, 'fuel_k': 0.47244692259031634, 'fuel_half': 84.70141632962381}. Best is trial 0 with value: -0.6086958580586874.
[I 2026-07-24 02:08:11,252] Trial 292 finished with value: 0.5424453371904473 and parameters: {'k1': 0.0001429641835910928, 'D_low': 1055.278937379111, 'k2': 0.007139130298961062, 'D_high': 7208726.62378281, 'fire_exp': 1.2208774929925177, 'P_half': 211.06869579945365, 'pre_dampen_half': 0.11648360441164599, 'gpp_af': 3.111599034270373, 'gpp_b': 0.01286125833191016, 'gpp_d': 0.1530016934235124, 'ign_k': 0.01648885209037959, 'ign_c': 2.6806078405228053, 'trop_agb_crit': 26.922479159547354, 'trop_k_veg': 0.7534133952759287, 'gdp_gamma': 1.121466244203389, 'fuel_k': 0.6521217425833786, 'fuel_half': 9.152858390507829}. Best is trial 0 with value: -0.6086958580586874.
[I 2026-07-24 02:08:11,692] Trial 293 finished with value: 0.4918828635550574 and parameters: {'k1': 3.329747376424728e-05, 'D_low': 1939.1073633469045, 'k2': 0.019082813937365464, 'D_high': 893672.3044257298, 'fire_exp': 1.2750000093197202, 'P_half': 24.08025688208134, 'pre_dampen_half': 0.4198902705784139, 'gpp_af': 5.00982937749472, 'gpp_b': 0.000466173182959304, 'gpp_d': 0.5162508173745247, 'ign_k': 0.01229543172243168, 'ign_c': 19.13823056601486, 'trop_agb_crit': 7.167319374696164, 'trop_k_veg': 0.7301816774483029, 'gdp_gamma': 0.5926991790150192, 'fuel_k': 0.28912802910867014, 'fuel_half': 37.85636133378469}. Best is trial 0 with value: -0.6086958580586874.
[I 2026-07-24 02:08:12,129] Trial 294 finished with value: -0.6131773577992308 and parameters: {'k1': 2.3518477746940394e-05, 'D_low': 2.5158510120560647, 'k2': 0.00024964930094169133, 'D_high': 202389.21215881754, 'fire_exp': 1.1509742859708367, 'P_half': 1.2757240942775927, 'pre_dampen_half': 2.984834237425457, 'gpp_af': 0.013806667918474154, 'gpp_b': 0.0004919375176880187, 'gpp_d': 0.27885561100589057, 'ign_k': 0.0010216589509840712, 'ign_c': 368.7173418301666, 'trop_agb_crit': 10.104528315668002, 'trop_k_veg': 1.2336619662180146, 'gdp_gamma': 0.7650693291932658, 'fuel_k': 0.09096191381932395, 'fuel_half': 37.83780071938697}. Best is trial 294 with value: -0.6131773577992308.
[I 2026-07-24 02:08:12,576] Trial 295 finished with value: 0.4814392489621365 and parameters: {'k1': 3.551477480709772e-05, 'D_low': 3.058805937395727, 'k2': 0.0005824549390934357, 'D_high': 83861.3422561531, 'fire_exp': 1.1427963534270285, 'P_half': 1.9512812913854414, 'pre_dampen_half': 8.094091029034526, 'gpp_af': 0.010109281684062136, 'gpp_b': 4.719021482557341e-05, 'gpp_d': 1.4418743716987212, 'ign_k': 0.004276922037782564, 'ign_c': 22.92474419078293, 'trop_agb_crit': 5.748993600722588, 'trop_k_veg': 1.2383589068445156, 'gdp_gamma': 1.6576894465790937, 'fuel_k': 0.0958732176190573, 'fuel_half': 2.460101688574745}. Best is trial 294 with value: -0.6131773577992308.
[I 2026-07-24 02:08:13,018] Trial 296 finished with value: 0.47494103131045196 and parameters: {'k1': 0.00014671488808076902, 'D_low': 9.941846315586401, 'k2': 0.0005470166215549704, 'D_high': 1711901.014828833, 'fire_exp': 4.180014709735055, 'P_half': 5.838249849578847, 'pre_dampen_half': 29.60575466949989, 'gpp_af': 0.7723475494899121, 'gpp_b': 8.60398735294973e-05, 'gpp_d': 587.6359540048753, 'ign_k': 0.06536026398837147, 'ign_c': 1.57149577354239, 'trop_agb_crit': 9.356434307771496, 'trop_k_veg': 1.4425979362086148, 'gdp_gamma': 0.001283507093434151, 'fuel_k': 5.909373791198822, 'fuel_half': 0.11030146218846391}. Best is trial 294 with value: -0.6131773577992308.
[I 2026-07-24 02:08:13,464] Trial 297 finished with value: 0.6445374145881376 and parameters: {'k1': 6.0938033703274206e-05, 'D_low': 6.023047514763748, 'k2': 0.05386842473788295, 'D_high': 207983.45776217678, 'fire_exp': 3.517974856765178, 'P_half': 2.6550638512360982, 'pre_dampen_half': 149.98748159179002, 'gpp_af': 0.007642179501262669, 'gpp_b': 0.007276981239098226, 'gpp_d': 409.479266388626, 'ign_k': 0.13129451333571382, 'ign_c': 348.22948295965756, 'trop_agb_crit': 13.955100919630885, 'trop_k_veg': 0.5753949362361622, 'gdp_gamma': 1.5573283994562381, 'fuel_k': 0.27566346025568705, 'fuel_half': 25.59446297802092}. Best is trial 294 with value: -0.6131773577992308.
[I 2026-07-24 02:08:13,920] Trial 298 finished with value: 0.588224784395078 and parameters: {'k1': 0.00010409750280728485, 'D_low': 2.2320240428363762, 'k2': 0.0016358044647881052, 'D_high': 11394.00461868402, 'fire_exp': 5.11889069940136, 'P_half': 56.8800740472262, 'pre_dampen_half': 15.557957892678514, 'gpp_af': 1.6618402084102546, 'gpp_b': 6.462282244163646e-05, 'gpp_d': 12.803007801352042, 'ign_k': 0.07292344538482642, 'ign_c': 8.135413851217416, 'trop_agb_crit': 16.819720893877474, 'trop_k_veg': 1.472214167078033, 'gdp_gamma': 0.001868012459906063, 'fuel_k': 1.1883611127898783, 'fuel_half': 0.12675301614030673}. Best is trial 294 with value: -0.6131773577992308.
[I 2026-07-24 02:08:14,370] Trial 299 finished with value: 0.5836295196894759 and parameters: {'k1': 0.00013505447776021733, 'D_low': 6.198314334981159, 'k2': 0.00010211620730613344, 'D_high': 1408495.8375299762, 'fire_exp': 7.043994602987643, 'P_half': 589.8245209484562, 'pre_dampen_half': 2.254634320522795, 'gpp_af': 0.054502683412438, 'gpp_b': 6.966450431731175e-05, 'gpp_d': 0.06328051612383362, 'ign_k': 2.4372150611030983, 'ign_c': 3.4115656126585523, 'trop_agb_crit': 28.874343784898713, 'trop_k_veg': 0.5856257467903486, 'gdp_gamma': 0.003363703614469529, 'fuel_k': 3.2728089015855164, 'fuel_half': 0.45369494910164326}. Best is trial 294 with value: -0.6131773577992308.
[I 2026-07-24 02:08:14,848] Trial 300 finished with value: 0.6095079538994945 and parameters: {'k1': 1.7643320973501674e-05, 'D_low': 58.256767514601286, 'k2': 0.001532113634418863, 'D_high': 451758.5210976347, 'fire_exp': 2.4568171442297957, 'P_half': 2.9391247243512395, 'pre_dampen_half': 162.86586339545158, 'gpp_af': 0.006035779161265978, 'gpp_b': 4.223976628766984e-05, 'gpp_d': 0.633776536397526, 'ign_k': 0.016109356141804542, 'ign_c': 886.224239992618, 'trop_agb_crit': 8.18259959074927, 'trop_k_veg': 1.4693417944082026, 'gdp_gamma': 1.696394654243744, 'fuel_k': 0.10773645437981651, 'fuel_half': 28.635124427592526}. Best is trial 294 with value: -0.6131773577992308.
[I 2026-07-24 02:08:15,300] Trial 301 finished with value: -0.583005908728737 and parameters: {'k1': 0.06426072779269316, 'D_low': 2827.285902466259, 'k2': 3.455429242429087e-05, 'D_high': 2431934.388131218, 'fire_exp': 1.5921572396879513, 'P_half': 171.96447961152825, 'pre_dampen_half': 115.0589048948989, 'gpp_af': 0.01184662461124352, 'gpp_b': 2.271149280688587e-05, 'gpp_d': 4.508639382290461, 'ign_k': 0.12615699709813694, 'ign_c': 19.082394681034867, 'trop_agb_crit': 11.05343963206536, 'trop_k_veg': 0.5140549498986852, 'gdp_gamma': 0.1497785430264514, 'fuel_k': 0.010555945245972797, 'fuel_half': 7.7705086950245645}. Best is trial 294 with value: -0.6131773577992308.
[I 2026-07-24 02:08:15,742] Trial 302 finished with value: 0.571255520909917 and parameters: {'k1': 0.005831683900767621, 'D_low': 15718.158204310514, 'k2': 0.0013635547415477669, 'D_high': 32813.165259665875, 'fire_exp': 1.1423966847351954, 'P_half': 83.06671815596943, 'pre_dampen_half': 0.07936549072816677, 'gpp_af': 86.64087019023164, 'gpp_b': 2.569381326621336e-05, 'gpp_d': 53.532526526501535, 'ign_k': 0.17956448585491172, 'ign_c': 0.5361221904856326, 'trop_agb_crit': 11.532050613488884, 'trop_k_veg': 0.5657437606127753, 'gdp_gamma': 1.0139373680724044, 'fuel_k': 0.08337034661078592, 'fuel_half': 57.99353439593}. Best is trial 294 with value: -0.6131773577992308.
[I 2026-07-24 02:08:16,182] Trial 303 finished with value: 0.5754245590455513 and parameters: {'k1': 2.2706099660313723e-05, 'D_low': 1.2704865316351197, 'k2': 0.00023387850621710992, 'D_high': 2236880.616699823, 'fire_exp': 1.2243378156062206, 'P_half': 22.95509430177811, 'pre_dampen_half': 18.69701889449198, 'gpp_af': 0.001147370605527458, 'gpp_b': 1.9134874615008384e-05, 'gpp_d': 10.409778101180208, 'ign_k': 0.03682116244855006, 'ign_c': 132.03130500886328, 'trop_agb_crit': 4.444613377097387, 'trop_k_veg': 0.9709473488368082, 'gdp_gamma': 0.8477176188884787, 'fuel_k': 0.48185069136441516, 'fuel_half': 20.247174309553333}. Best is trial 294 with value: -0.6131773577992308.
[I 2026-07-24 02:08:16,617] Trial 304 finished with value: -0.5604848096986641 and parameters: {'k1': 4.2939401027108626e-05, 'D_low': 197.45509903718133, 'k2': 0.08769032096166836, 'D_high': 7961993.514708819, 'fire_exp': 1.3810722705092573, 'P_half': 15.373483230197461, 'pre_dampen_half': 32.50086466500865, 'gpp_af': 0.019694522558963166, 'gpp_b': 0.015440359648614172, 'gpp_d': 172.39245437247976, 'ign_k': 0.006903265766740685, 'ign_c': 6.141004281116899, 'trop_agb_crit': 19.188652822749507, 'trop_k_veg': 0.6633827681032722, 'gdp_gamma': 0.5409166819525939, 'fuel_k': 0.02848619245587923, 'fuel_half': 10.818742760446472}. Best is trial 294 with value: -0.6131773577992308.
[I 2026-07-24 02:08:17,055] Trial 305 finished with value: 0.5703691279341503 and parameters: {'k1': 3.88539823367452e-05, 'D_low': 88.76772692341389, 'k2': 0.0063255294032132925, 'D_high': 166050.9877263794, 'fire_exp': 5.290244414392274, 'P_half': 8.091988713480248, 'pre_dampen_half': 108.97201747790743, 'gpp_af': 0.7195064785129925, 'gpp_b': 9.56030985474416e-05, 'gpp_d': 38.09258929738845, 'ign_k': 0.029585312026355687, 'ign_c': 1.2637291954763978, 'trop_agb_crit': 14.821336131514816, 'trop_k_veg': 1.057291293524688, 'gdp_gamma': 0.016662076530941393, 'fuel_k': 4.864902050732045, 'fuel_half': 0.4853140108269312}. Best is trial 294 with value: -0.6131773577992308.
[I 2026-07-24 02:08:17,492] Trial 306 finished with value: -0.6100552066648288 and parameters: {'k1': 0.0005782701145228638, 'D_low': 61.85664916095184, 'k2': 0.006397891870233699, 'D_high': 612541.0612568994, 'fire_exp': 2.305299908943769, 'P_half': 63.18379673763003, 'pre_dampen_half': 1.5787161097652942, 'gpp_af': 0.058170099375067126, 'gpp_b': 7.146271000722267e-05, 'gpp_d': 1.1921827379911998, 'ign_k': 0.02068237826386237, 'ign_c': 6.703058416333218, 'trop_agb_crit': 13.446960979600416, 'trop_k_veg': 0.9676837548003265, 'gdp_gamma': 1.2621926252409066, 'fuel_k': 0.4139331448216055, 'fuel_half': 52.45711940679799}. Best is trial 294 with value: -0.6131773577992308.
[I 2026-07-24 02:08:17,929] Trial 307 finished with value: -0.5640428738280849 and parameters: {'k1': 0.013935560030405901, 'D_low': 2430.08133611864, 'k2': 0.02123835165582072, 'D_high': 110415.2442788308, 'fire_exp': 1.512019682649224, 'P_half': 85.08007001315075, 'pre_dampen_half': 31.791330644802592, 'gpp_af': 0.011324194923486566, 'gpp_b': 0.0028500927005535343, 'gpp_d': 288.41787119622114, 'ign_k': 0.0011587973880539013, 'ign_c': 39.88927007454988, 'trop_agb_crit': 5.43333043547663, 'trop_k_veg': 1.5663182816176728, 'gdp_gamma': 1.1839854678056037, 'fuel_k': 0.060391882293128966, 'fuel_half': 6.594300760803425}. Best is trial 294 with value: -0.6131773577992308.
[I 2026-07-24 02:08:18,364] Trial 308 finished with value: 0.6061565508989291 and parameters: {'k1': 0.017782379432128608, 'D_low': 2834.75113137805, 'k2': 1.5291076611996786e-05, 'D_high': 135079.9629904927, 'fire_exp': 1.5259897898285395, 'P_half': 847.5951681105587, 'pre_dampen_half': 27.351906398877517, 'gpp_af': 0.004312613892402414, 'gpp_b': 0.00012066992744853997, 'gpp_d': 134.43021131267588, 'ign_k': 0.17855669726988682, 'ign_c': 111.49729244823526, 'trop_agb_crit': 14.49122367480959, 'trop_k_veg': 0.8338576390830796, 'gdp_gamma': 0.046148557085766304, 'fuel_k': 0.01579241338456502, 'fuel_half': 1.171166806115876}. Best is trial 294 with value: -0.6131773577992308.
[I 2026-07-24 02:08:18,799] Trial 309 finished with value: 0.5853649140192962 and parameters: {'k1': 0.00010295183119741002, 'D_low': 2.6629225259596105, 'k2': 2.1148305691319187e-05, 'D_high': 2736.253342699987, 'fire_exp': 1.9483350441846605, 'P_half': 1.106049577105343, 'pre_dampen_half': 5.708858174990928, 'gpp_af': 0.03768212955470298, 'gpp_b': 5.3287137952292154e-05, 'gpp_d': 0.9608782317052798, 'ign_k': 0.0015323999153191846, 'ign_c': 93.80839750547844, 'trop_agb_crit': 24.974050579633683, 'trop_k_veg': 0.5183288612546897, 'gdp_gamma': 0.08949844673171142, 'fuel_k': 0.08715235698167831, 'fuel_half': 49.117796514193806}. Best is trial 294 with value: -0.6131773577992308.
[I 2026-07-24 02:08:19,232] Trial 310 finished with value: 0.5724275814238824 and parameters: {'k1': 0.03645850574341181, 'D_low': 2670.2538742235342, 'k2': 5.606117708178538e-05, 'D_high': 387028.10372574074, 'fire_exp': 2.7898875070731846, 'P_half': 58.69590863231971, 'pre_dampen_half': 37.58685204329328, 'gpp_af': 0.004162393879946861, 'gpp_b': 0.00019655734079619507, 'gpp_d': 0.4878152911085988, 'ign_k': 0.26055181579190323, 'ign_c': 30.37576083419218, 'trop_agb_crit': 8.716125784008915, 'trop_k_veg': 0.7405376301081998, 'gdp_gamma': 1.684222265766004, 'fuel_k': 0.024344899398779055, 'fuel_half': 3.106431889847325}. Best is trial 294 with value: -0.6131773577992308.
[I 2026-07-24 02:08:19,668] Trial 311 finished with value: 0.6996439787878707 and parameters: {'k1': 0.08922695881488567, 'D_low': 4331.610146459516, 'k2': 1.3611497597136573e-05, 'D_high': 3951670.675254046, 'fire_exp': 1.0868013355089017, 'P_half': 55.779732157932195, 'pre_dampen_half': 106.0810185128982, 'gpp_af': 0.029567575436226692, 'gpp_b': 1.427934262063025e-05, 'gpp_d': 1.9487134182295023, 'ign_k': 0.10658175995670836, 'ign_c': 5.049672771393712, 'trop_agb_crit': 19.78001131655058, 'trop_k_veg': 0.7816742702520423, 'gdp_gamma': 1.656370825150863, 'fuel_k': 0.02028928174287788, 'fuel_half': 10.509309404196497}. Best is trial 294 with value: -0.6131773577992308.
[I 2026-07-24 02:08:20,103] Trial 312 finished with value: 0.542208256850208 and parameters: {'k1': 0.09214395186330449, 'D_low': 148.59005990511292, 'k2': 0.00010579610203998761, 'D_high': 283523.85261353455, 'fire_exp': 2.861637761347487, 'P_half': 57.759973829532726, 'pre_dampen_half': 390.84516322015025, 'gpp_af': 0.06677653473723422, 'gpp_b': 0.0003076569030334864, 'gpp_d': 4.02648674673727, 'ign_k': 0.002507070911966799, 'ign_c': 5.8682737504958915, 'trop_agb_crit': 19.78584879691606, 'trop_k_veg': 1.3040423389830358, 'gdp_gamma': 0.05847514431332549, 'fuel_k': 0.06471047717023858, 'fuel_half': 6.629770539183866}. Best is trial 294 with value: -0.6131773577992308.
[I 2026-07-24 02:08:20,538] Trial 313 finished with value: 0.574709175565357 and parameters: {'k1': 0.004680535394543424, 'D_low': 1.8480395669015643, 'k2': 0.004262845756633644, 'D_high': 3086520.474466051, 'fire_exp': 3.9022829182706404, 'P_half': 155.4645997150874, 'pre_dampen_half': 0.13057969113424295, 'gpp_af': 0.03663828791904094, 'gpp_b': 0.0001366628585776121, 'gpp_d': 0.12990187604106096, 'ign_k': 0.0023931857770046164, 'ign_c': 1.4608300687336646, 'trop_agb_crit': 5.022191144967696, 'trop_k_veg': 1.2440572451595724, 'gdp_gamma': 1.8331207006825743, 'fuel_k': 2.3948644047923007, 'fuel_half': 28.48139166762278}. Best is trial 294 with value: -0.6131773577992308.
[I 2026-07-24 02:08:21,002] Trial 314 finished with value: 0.49947227077983447 and parameters: {'k1': 2.8527374848542522e-05, 'D_low': 1.1965809773355378, 'k2': 0.0011962151997866703, 'D_high': 337709.35044852376, 'fire_exp': 3.9732305406771853, 'P_half': 327.05721284476766, 'pre_dampen_half': 20.336905654689158, 'gpp_af': 0.03682531625540442, 'gpp_b': 0.00013544304463824434, 'gpp_d': 1.516444470050807, 'ign_k': 0.08657886797215468, 'ign_c': 1.9932045017989555, 'trop_agb_crit': 10.193342162095346, 'trop_k_veg': 4.421582687613852, 'gdp_gamma': 0.0019764965929387895, 'fuel_k': 5.972654884382181, 'fuel_half': 0.12491578644162908}. Best is trial 294 with value: -0.6131773577992308.
[I 2026-07-24 02:08:21,701] Trial 315 finished with value: 0.6445374145881376 and parameters: {'k1': 0.041800774545039894, 'D_low': 14840.465613042721, 'k2': 0.005435225328511936, 'D_high': 2181.794037807368, 'fire_exp': 1.0422213573958647, 'P_half': 45.99441915195205, 'pre_dampen_half': 87.88143562871348, 'gpp_af': 0.044184391179503506, 'gpp_b': 0.00539042488989329, 'gpp_d': 831.4365303155645, 'ign_k': 0.002556441184617701, 'ign_c': 93.51891228307441, 'trop_agb_crit': 2.7271539240569798, 'trop_k_veg': 1.5803842455682295, 'gdp_gamma': 0.2898213009755353, 'fuel_k': 0.06665547092976164, 'fuel_half': 0.897685681610379}. Best is trial 294 with value: -0.6131773577992308.
[I 2026-07-24 02:08:22,185] Trial 316 finished with value: 0.6232798217471291 and parameters: {'k1': 0.035003732510383, 'D_low': 36164.3975745839, 'k2': 0.07027127420744998, 'D_high': 80351.13671061062, 'fire_exp': 2.3010420268328247, 'P_half': 105.25265546945829, 'pre_dampen_half': 5.092066111877918, 'gpp_af': 0.001111731289889662, 'gpp_b': 0.15342850078997047, 'gpp_d': 18.479349129005016, 'ign_k': 0.002758595077851438, 'ign_c': 26.082160185192276, 'trop_agb_crit': 4.166957650786619, 'trop_k_veg': 2.449997884938417, 'gdp_gamma': 0.8656549003263296, 'fuel_k': 0.01762480172166084, 'fuel_half': 2.454797599799498}. Best is trial 294 with value: -0.6131773577992308.
[I 2026-07-24 02:08:22,632] Trial 317 finished with value: 0.6347439419235339 and parameters: {'k1': 0.004935930358109342, 'D_low': 151998.3311724424, 'k2': 0.004365596483760073, 'D_high': 5467181.605486851, 'fire_exp': 1.125811454320096, 'P_half': 19.924516557852577, 'pre_dampen_half': 0.08673461014645859, 'gpp_af': 2.03820601284435, 'gpp_b': 4.700775666572676e-05, 'gpp_d': 488.773133449557, 'ign_k': 0.13616575473540388, 'ign_c': 118.8190120166174, 'trop_agb_crit': 10.53147391858002, 'trop_k_veg': 0.5604327378634959, 'gdp_gamma': 0.419299358177753, 'fuel_k': 0.5408330194255, 'fuel_half': 33.24575984428523}. Best is trial 294 with value: -0.6131773577992308.
[I 2026-07-24 02:08:23,081] Trial 318 finished with value: 0.4673541505164135 and parameters: {'k1': 0.0001269220158844242, 'D_low': 21175.40122133904, 'k2': 0.04397174540937605, 'D_high': 2204251.20442527, 'fire_exp': 1.2824461433897243, 'P_half': 8.56053438042887, 'pre_dampen_half': 15.77176866729017, 'gpp_af': 0.007102776239674751, 'gpp_b': 0.004095210371715067, 'gpp_d': 883.7391117130151, 'ign_k': 0.0064789005491691825, 'ign_c': 21.534228773774178, 'trop_agb_crit': 17.04637226460731, 'trop_k_veg': 0.5496552337640106, 'gdp_gamma': 1.0899691637150986, 'fuel_k': 0.08970771814009963, 'fuel_half': 1.7936396806774877}. Best is trial 294 with value: -0.6131773577992308.
[I 2026-07-24 02:08:23,530] Trial 319 finished with value: 0.4654871304692332 and parameters: {'k1': 8.529323001653869e-05, 'D_low': 76.95497163761057, 'k2': 0.08491331470083573, 'D_high': 77297.95691910315, 'fire_exp': 1.0286297317233217, 'P_half': 1.6079753163790251, 'pre_dampen_half': 1.646610520102694, 'gpp_af': 0.04372062127869525, 'gpp_b': 1.731613466682814e-05, 'gpp_d': 0.027036834100255928, 'ign_k': 0.0024622221155495934, 'ign_c': 2.079053142298485, 'trop_agb_crit': 26.20258074065246, 'trop_k_veg': 1.0206969023415826, 'gdp_gamma': 1.3581173316019626, 'fuel_k': 0.37757732208546196, 'fuel_half': 10.080477774752032}. Best is trial 294 with value: -0.6131773577992308.
