[I 2026-08-19 18:06:08,071] Trial 2232 finished with value: 0.595519029407064 and parameters: {'k1': 3.503544022213135e-05, 'D_low': 51.51248166378034, 'k2': 0.002388213610596176, 'D_high': 1937326.9334076375, 'fire_exp': 1.782162174511287, 'P_half': 30.72284779374285, 'pre_dampen_half': 5.013092246847875, 'gpp_af': 0.0019853699435285316, 'gpp_b': 0.127810257687374, 'gpp_d': 0.3624953214055949, 'ign_k': 0.4799885364571994, 'ign_c': 0.1752018700993206, 'trop_agb_crit': 9.312870835951063, 'trop_k_veg': 0.5743749118624683, 'pop_amp': 0.014666437157928437, 'pop_peak': 757.0198780266974, 'pop_sig': 1.6502179425743975, 'fuel_k': 0.014526309194801253, 'fuel_half': 68.08253853935408}. Best is trial 1622 with value: -0.6125870653324885.
[I 2026-08-19 18:06:09,922] Trial 2233 finished with value: 0.4164334098706207 and parameters: {'k1': 0.000817051075305239, 'D_low': 7.130021073695555, 'k2': 1.880683100910266e-05, 'D_high': 206481.94667718094, 'fire_exp': 1.365873482647522, 'P_half': 123.79092807693507, 'pre_dampen_half': 21.035366556968203, 'gpp_af': 0.004050437533675416, 'gpp_b': 0.00017746265018137933, 'gpp_d': 9.376007357048106, 'ign_k': 0.19472608152814197, 'ign_c': 5.084801547978042, 'trop_agb_crit': 20.2025460207222, 'trop_k_veg': 0.8318725510381398, 'pop_amp': 0.012938283818362215, 'pop_peak': 264.24330026042776, 'pop_sig': 1.6431368023639887, 'fuel_k': 0.020902341822137366, 'fuel_half': 7.0395807079297095}. Best is trial 1622 with value: -0.6125870653324885.
[I 2026-08-19 18:06:11,746] Trial 2234 finished with value: 0.6445374145881376 and parameters: {'k1': 0.00020001162576281507, 'D_low': 86.80491136053188, 'k2': 0.0008746792730533039, 'D_high': 3030123.017577303, 'fire_exp': 2.2499662775713505, 'P_half': 20.2463195284032, 'pre_dampen_half': 25.014591632715856, 'gpp_af': 0.1410914714857216, 'gpp_b': 0.00026115393586543644, 'gpp_d': 5.499870814552357, 'ign_k': 0.35972499114233186, 'ign_c': 133.14034514646812, 'trop_agb_crit': 27.68972856662455, 'trop_k_veg': 0.9253624039578786, 'pop_amp': 0.15019441794579727, 'pop_peak': 28.570171056895422, 'pop_sig': 0.74079858693514, 'fuel_k': 0.030793462283678633, 'fuel_half': 19.395531207613075}. Best is trial 1622 with value: -0.6125870653324885.
[I 2026-08-19 18:06:13,679] Trial 2235 finished with value: -0.5607869159951446 and parameters: {'k1': 0.003344256879740414, 'D_low': 466.1307479387245, 'k2': 2.2838815609984282e-05, 'D_high': 140520.20586062412, 'fire_exp': 1.5380010046740522, 'P_half': 9.327632839891109, 'pre_dampen_half': 7.848804257456257, 'gpp_af': 0.013642591166420533, 'gpp_b': 0.00036355443013761523, 'gpp_d': 61.37240045695824, 'ign_k': 0.0789180110138461, 'ign_c': 8.020313985366638, 'trop_agb_crit': 28.661248200727336, 'trop_k_veg': 0.9346743932350909, 'pop_amp': 0.002947045864895783, 'pop_peak': 5.118961028215221, 'pop_sig': 1.0255900744669557, 'fuel_k': 0.32626311384654894, 'fuel_half': 24.12220152497792}. Best is trial 1622 with value: -0.6125870653324885.
[I 2026-08-19 18:06:15,516] Trial 2236 finished with value: 0.5443318076220153 and parameters: {'k1': 3.158816024527829e-05, 'D_low': 1.9686212565208285, 'k2': 0.0032759223797504595, 'D_high': 5832900.169024713, 'fire_exp': 2.0893746341547055, 'P_half': 187.57986627438942, 'pre_dampen_half': 13.759642360834713, 'gpp_af': 0.013530219016845094, 'gpp_b': 0.004589480851696432, 'gpp_d': 1.3718638137261203, 'ign_k': 2.5206413110856656, 'ign_c': 9.954188700713958, 'trop_agb_crit': 10.467181997474091, 'trop_k_veg': 1.1147260282622253, 'pop_amp': 0.06518765766691037, 'pop_peak': 532.5997157130308, 'pop_sig': 1.409479499301025, 'fuel_k': 0.07171886006127966, 'fuel_half': 43.83021924595035}. Best is trial 1622 with value: -0.6125870653324885.
[I 2026-08-19 18:06:17,350] Trial 2237 finished with value: 0.42156269025579596 and parameters: {'k1': 0.000879681315889772, 'D_low': 42.743450703107705, 'k2': 0.00029011115879272307, 'D_high': 317783.6873624846, 'fire_exp': 1.5775415673993287, 'P_half': 1.4443249906416566, 'pre_dampen_half': 1.62101935633904, 'gpp_af': 0.701994827305523, 'gpp_b': 0.0003861340289760113, 'gpp_d': 19.653124601147706, 'ign_k': 1.208240918353937, 'ign_c': 0.5670123458101521, 'trop_agb_crit': 19.22088598422042, 'trop_k_veg': 1.1858761076489235, 'pop_amp': 0.3255238815646005, 'pop_peak': 453.49377612667365, 'pop_sig': 1.227026944178011, 'fuel_k': 0.014505597814778129, 'fuel_half': 38.45209190767752}. Best is trial 1622 with value: -0.6125870653324885.
[I 2026-08-19 18:06:19,253] Trial 2238 finished with value: 0.579266794152082 and parameters: {'k1': 0.010262225293857903, 'D_low': 2513.6707765496208, 'k2': 0.00024699723339215537, 'D_high': 3157140.900733727, 'fire_exp': 1.3765723577478441, 'P_half': 173.1709559105693, 'pre_dampen_half': 2.114854714929996, 'gpp_af': 0.07406383466477301, 'gpp_b': 0.00034326970405477406, 'gpp_d': 517.898224628676, 'ign_k': 6.5768502522873185, 'ign_c': 28.506616784880656, 'trop_agb_crit': 20.62881027719754, 'trop_k_veg': 0.7878618787879524, 'pop_amp': 0.0024669212767945603, 'pop_peak': 1.2978630617252318, 'pop_sig': 1.461674010711996, 'fuel_k': 0.6133858497380608, 'fuel_half': 7.11778248788509}. Best is trial 1622 with value: -0.6125870653324885.
[I 2026-08-19 18:06:21,135] Trial 2239 finished with value: 0.6544037885046158 and parameters: {'k1': 0.002832936198065839, 'D_low': 1.9770217427151018, 'k2': 0.00012411944080397, 'D_high': 2475662.4136165436, 'fire_exp': 1.41405656092285, 'P_half': 5.260758581230855, 'pre_dampen_half': 6.518728442708534, 'gpp_af': 0.017165173182810127, 'gpp_b': 0.0006983019377038239, 'gpp_d': 0.04624303178450524, 'ign_k': 2.894204912641827, 'ign_c': 40.98708051491829, 'trop_agb_crit': 14.140210278669386, 'trop_k_veg': 0.9242734239734641, 'pop_amp': 0.11729511681300274, 'pop_peak': 55.81693870984606, 'pop_sig': 0.7601879630750656, 'fuel_k': 0.06642078886667838, 'fuel_half': 39.40625218061806}. Best is trial 1622 with value: -0.6125870653324885.
[I 2026-08-19 18:06:22,940] Trial 2240 finished with value: 0.6445374145881376 and parameters: {'k1': 0.08961961568935733, 'D_low': 5.3365829452912035, 'k2': 0.0002105252099417258, 'D_high': 7183400.926086519, 'fire_exp': 2.3580762386807015, 'P_half': 252.09512137708873, 'pre_dampen_half': 13.578236538858441, 'gpp_af': 0.05178202112513565, 'gpp_b': 4.65597071699265e-05, 'gpp_d': 14.028075883003215, 'ign_k': 4.885195867828617, 'ign_c': 259.26620517908253, 'trop_agb_crit': 5.28855681098407, 'trop_k_veg': 6.691626245388295, 'pop_amp': 0.003714715095028587, 'pop_peak': 0.14573557784344568, 'pop_sig': 0.3470843710365563, 'fuel_k': 0.2757140097353536, 'fuel_half': 1.042936393171671}. Best is trial 1622 with value: -0.6125870653324885.
  trial 2241/2500  best_overall=0.6126  (68.0 min)
[I 2026-08-19 18:06:25,270] Trial 2241 finished with value: 0.5868940610503359 and parameters: {'k1': 0.0002664504426376832, 'D_low': 34518.50471686123, 'k2': 0.09334095726602636, 'D_high': 173400.94865237747, 'fire_exp': 1.4841737974942133, 'P_half': 611.9227192437905, 'pre_dampen_half': 1.9112477271024944, 'gpp_af': 33.18829749443189, 'gpp_b': 3.49265522316605e-05, 'gpp_d': 7.564832338620982, 'ign_k': 1.6129619159240502, 'ign_c': 1.4937631193084817, 'trop_agb_crit': 5.384926711232162, 'trop_k_veg': 2.036227718877548, 'pop_amp': 0.005405300450062998, 'pop_peak': 0.19715200233423075, 'pop_sig': 0.34702747726550165, 'fuel_k': 4.631571715480348, 'fuel_half': 1.0142473812231088}. Best is trial 1622 with value: -0.6125870653324885.
[I 2026-08-19 18:06:27,104] Trial 2242 finished with value: 0.6445374145881376 and parameters: {'k1': 0.029645669561532365, 'D_low': 186.19895049957248, 'k2': 0.08790165077162758, 'D_high': 7228478.253033855, 'fire_exp': 9.890081405048884, 'P_half': 76.22589140284475, 'pre_dampen_half': 138.33807176385088, 'gpp_af': 0.3658101990817793, 'gpp_b': 0.0001774505364038241, 'gpp_d': 87.79945249224453, 'ign_k': 8.7467697538122, 'ign_c': 421.18009843254725, 'trop_agb_crit': 4.413640619536889, 'trop_k_veg': 6.3294989531623775, 'pop_amp': 0.022468280041832923, 'pop_peak': 950.2246184032632, 'pop_sig': 2.1105510437341986, 'fuel_k': 0.03014673643959048, 'fuel_half': 0.12570781152819774}. Best is trial 1622 with value: -0.6125870653324885.
[I 2026-08-19 18:06:29,244] Trial 2243 finished with value: 0.46478828817415363 and parameters: {'k1': 0.0006765150357502583, 'D_low': 1902.3446310953482, 'k2': 0.00015852347960114977, 'D_high': 5757252.097313464, 'fire_exp': 1.1904836722214105, 'P_half': 109.01663547069455, 'pre_dampen_half': 10.54921776556639, 'gpp_af': 1.0541717052283024, 'gpp_b': 0.007615612101786283, 'gpp_d': 107.00404278737226, 'ign_k': 2.076351784299172, 'ign_c': 26.547206874742535, 'trop_agb_crit': 17.716810518160088, 'trop_k_veg': 0.8252762217803392, 'pop_amp': 0.0029107996036110244, 'pop_peak': 84.48977132260164, 'pop_sig': 0.531193138090364, 'fuel_k': 0.027736262426280175, 'fuel_half': 3.1216395559252934}. Best is trial 1622 with value: -0.6125870653324885.
[I 2026-08-19 18:06:31,645] Trial 2244 finished with value: 0.5432840224648563 and parameters: {'k1': 0.001744638356268794, 'D_low': 62.642185065577955, 'k2': 0.00035968692249027466, 'D_high': 208847.09200918733, 'fire_exp': 1.3511701437829358, 'P_half': 1436.9103722082725, 'pre_dampen_half': 21.65186933414238, 'gpp_af': 1.6410394442107914, 'gpp_b': 0.0017732055152735507, 'gpp_d': 54.27250444304713, 'ign_k': 1.880413385749354, 'ign_c': 26.08468159518578, 'trop_agb_crit': 14.960057766600796, 'trop_k_veg': 5.270693854018438, 'pop_amp': 0.0018725795738289528, 'pop_peak': 27.062021887006477, 'pop_sig': 0.4847872106501868, 'fuel_k': 0.01747296548944661, 'fuel_half': 4.499109023765044}. Best is trial 1622 with value: -0.6125870653324885.
[I 2026-08-19 18:06:34,267] Trial 2245 finished with value: 0.45459127826855195 and parameters: {'k1': 0.00657369969583086, 'D_low': 1285.8217531249568, 'k2': 0.007556626322973405, 'D_high': 2725149.9218298052, 'fire_exp': 1.3444933173039746, 'P_half': 344.14714278808697, 'pre_dampen_half': 2.9429657243031064, 'gpp_af': 0.49411956299102544, 'gpp_b': 3.784398977168653e-05, 'gpp_d': 179.30805266860852, 'ign_k': 4.264456671290701, 'ign_c': 0.808088055301615, 'trop_agb_crit': 2.729967472702625, 'trop_k_veg': 3.370164235766954, 'pop_amp': 0.01232929201727494, 'pop_peak': 0.9184283468274757, 'pop_sig': 0.3325998667254236, 'fuel_k': 4.580899109384756, 'fuel_half': 0.6831184411548556}. Best is trial 1622 with value: -0.6125870653324885.
[I 2026-08-19 18:06:36,409] Trial 2246 finished with value: -0.5226796828158035 and parameters: {'k1': 3.1881506621313106e-05, 'D_low': 11.175834530153548, 'k2': 2.5272414318894102e-05, 'D_high': 5062835.30550599, 'fire_exp': 1.3388894169707297, 'P_half': 3.6702970162696085, 'pre_dampen_half': 6.067453096377145, 'gpp_af': 0.0077792091661217635, 'gpp_b': 0.0024007873626147713, 'gpp_d': 0.44940133207402344, 'ign_k': 1.4280115234513129, 'ign_c': 5.546772924954211, 'trop_agb_crit': 24.661450674489387, 'trop_k_veg': 0.9085642101665337, 'pop_amp': 0.03086711615680392, 'pop_peak': 727.0196941270674, 'pop_sig': 1.1481386239163314, 'fuel_k': 0.013440462626759984, 'fuel_half': 12.246168692066062}. Best is trial 1622 with value: -0.6125870653324885.
[I 2026-08-19 18:06:38,608] Trial 2247 finished with value: -0.556628878685846 and parameters: {'k1': 0.007143383451591794, 'D_low': 5.904185715870592, 'k2': 0.0013035202661210751, 'D_high': 464905.61609565193, 'fire_exp': 2.061053996840902, 'P_half': 4.6221523618935345, 'pre_dampen_half': 113.169304166852, 'gpp_af': 0.10797517422495125, 'gpp_b': 0.00023551506540046144, 'gpp_d': 0.812767654223512, 'ign_k': 0.3387081088652968, 'ign_c': 23.65432170666877, 'trop_agb_crit': 13.285699129676372, 'trop_k_veg': 0.6721030178437409, 'pop_amp': 0.0042284506626627605, 'pop_peak': 679.1555989539522, 'pop_sig': 0.917566190231525, 'fuel_k': 0.06409584386329172, 'fuel_half': 26.806565101213376}. Best is trial 1622 with value: -0.6125870653324885.
[I 2026-08-19 18:06:40,512] Trial 2248 finished with value: 0.5993891942705647 and parameters: {'k1': 0.001556758799451061, 'D_low': 32.57638999288457, 'k2': 0.00012988092436484996, 'D_high': 6337152.518897024, 'fire_exp': 1.0202972586007863, 'P_half': 7.102877389704742, 'pre_dampen_half': 1.6407042522549353, 'gpp_af': 0.0234599526402991, 'gpp_b': 0.010776373332353026, 'gpp_d': 22.70216830583945, 'ign_k': 0.5437633979046665, 'ign_c': 76.74545279497828, 'trop_agb_crit': 14.756154604431009, 'trop_k_veg': 1.713730721298221, 'pop_amp': 0.10992660239589305, 'pop_peak': 614.2530567243983, 'pop_sig': 0.6230934450725248, 'fuel_k': 0.07008535195329857, 'fuel_half': 2.671522142511712}. Best is trial 1622 with value: -0.6125870653324885.
[I 2026-08-19 18:06:42,408] Trial 2249 finished with value: 0.6445374145881376 and parameters: {'k1': 3.2730240936709264e-05, 'D_low': 56.345237822812685, 'k2': 0.0006433383495730316, 'D_high': 165779.8895867457, 'fire_exp': 3.7488965349244707, 'P_half': 13.985200167314755, 'pre_dampen_half': 296.76988007528945, 'gpp_af': 0.04292178031784781, 'gpp_b': 0.000237725523152457, 'gpp_d': 266.576178667439, 'ign_k': 1.522927002914652, 'ign_c': 153.12178138043086, 'trop_agb_crit': 6.25133763447977, 'trop_k_veg': 2.6457351086029837, 'pop_amp': 0.005274555819474552, 'pop_peak': 0.619497840382142, 'pop_sig': 0.76055852401167, 'fuel_k': 0.1376377770176257, 'fuel_half': 0.22890465411163458}. Best is trial 1622 with value: -0.6125870653324885.
[I 2026-08-19 18:06:44,196] Trial 2250 finished with value: 0.46791485088352536 and parameters: {'k1': 0.0817395527140477, 'D_low': 241.93820195522002, 'k2': 0.00025029726783473607, 'D_high': 3868371.4911736287, 'fire_exp': 1.2702191845732538, 'P_half': 1976.4879594190063, 'pre_dampen_half': 229.26476909993664, 'gpp_af': 0.0015821669064896042, 'gpp_b': 2.2226091158804054e-05, 'gpp_d': 227.81369746479018, 'ign_k': 0.28801529821960475, 'ign_c': 13.845637596665336, 'trop_agb_crit': 7.230271443410126, 'trop_k_veg': 1.798510580590721, 'pop_amp': 0.016690539259992563, 'pop_peak': 0.1197214991748313, 'pop_sig': 0.8836825509300004, 'fuel_k': 0.03074666516363498, 'fuel_half': 25.82826356733648}. Best is trial 1622 with value: -0.6125870653324885.
  trial 2251/2500  best_overall=0.6126  (68.3 min)
[I 2026-08-19 18:06:46,578] Trial 2251 finished with value: 0.6445374145881376 and parameters: {'k1': 0.007332482998279688, 'D_low': 34313.453617572384, 'k2': 0.0002658689894666034, 'D_high': 703192.4454031592, 'fire_exp': 1.035239155506762, 'P_half': 309.71945349181254, 'pre_dampen_half': 2.47562031373386, 'gpp_af': 0.08995663807334876, 'gpp_b': 6.887934226116052e-05, 'gpp_d': 41.3055986272221, 'ign_k': 6.444206378174969, 'ign_c': 65.13828762067469, 'trop_agb_crit': 13.892846315240023, 'trop_k_veg': 1.0883002455485313, 'pop_amp': 0.015240635089036088, 'pop_peak': 1.2427428324066312, 'pop_sig': 0.5686750339959672, 'fuel_k': 0.056935859320683194, 'fuel_half': 1.7808047036922279}. Best is trial 1622 with value: -0.6125870653324885.
[I 2026-08-19 18:06:48,404] Trial 2252 finished with value: 0.5797422018581684 and parameters: {'k1': 0.01337774925103533, 'D_low': 340.9584250817246, 'k2': 1.1036919104313693e-05, 'D_high': 59016.02748694813, 'fire_exp': 2.0381641409203697, 'P_half': 38.555125389648914, 'pre_dampen_half': 0.8586515627679516, 'gpp_af': 0.001424846055829029, 'gpp_b': 1.55162992928843e-05, 'gpp_d': 1.9442102011165254, 'ign_k': 0.09905213822518587, 'ign_c': 25.198934491095827, 'trop_agb_crit': 11.384474583939232, 'trop_k_veg': 1.121147335847238, 'pop_amp': 0.010772540488728851, 'pop_peak': 16.840095284948834, 'pop_sig': 1.744747623986378, 'fuel_k': 0.07330506792992954, 'fuel_half': 50.90871821778499}. Best is trial 1622 with value: -0.6125870653324885.
[I 2026-08-19 18:06:50,213] Trial 2253 finished with value: 0.48289775662036427 and parameters: {'k1': 0.034478866051161586, 'D_low': 151.19874163343965, 'k2': 0.0005798863410447732, 'D_high': 420467.861530423, 'fire_exp': 1.5302188019992857, 'P_half': 81.85911856267265, 'pre_dampen_half': 0.8374040334688724, 'gpp_af': 0.09606941109118332, 'gpp_b': 3.825364675527172e-05, 'gpp_d': 3.6743265722497322, 'ign_k': 0.04965759629267861, 'ign_c': 4.802300408222552, 'trop_agb_crit': 23.524645963748807, 'trop_k_veg': 2.1385676393147284, 'pop_amp': 0.013228601380593834, 'pop_peak': 0.681677588678074, 'pop_sig': 1.0124137110429985, 'fuel_k': 0.016419986196251173, 'fuel_half': 70.34101795202417}. Best is trial 1622 with value: -0.6125870653324885.
[I 2026-08-19 18:06:52,060] Trial 2254 finished with value: -0.5037711297571157 and parameters: {'k1': 0.0025261440461082823, 'D_low': 1.6929950793757034, 'k2': 0.0029899655092881046, 'D_high': 136700.24188012455, 'fire_exp': 1.3164322703660207, 'P_half': 17.87221685288549, 'pre_dampen_half': 26.3013378829819, 'gpp_af': 0.14725481621847472, 'gpp_b': 0.0005467558692510868, 'gpp_d': 0.035107637932391696, 'ign_k': 0.7562220306106657, 'ign_c': 4.823046364598629, 'trop_agb_crit': 17.395889515971813, 'trop_k_veg': 1.6746851114148515, 'pop_amp': 0.008687492715008552, 'pop_peak': 615.9795183665499, 'pop_sig': 0.3401741752080309, 'fuel_k': 0.016638887528337486, 'fuel_half': 20.134991679615446}. Best is trial 1622 with value: -0.6125870653324885.
[I 2026-08-19 18:06:53,843] Trial 2255 finished with value: 0.6445374145881376 and parameters: {'k1': 0.0638201257924392, 'D_low': 233.61235524681246, 'k2': 1.732260508622816e-05, 'D_high': 4338110.107212614, 'fire_exp': 1.2599951664911384, 'P_half': 11.345031148031271, 'pre_dampen_half': 12.677880067472461, 'gpp_af': 0.0019960966515433186, 'gpp_b': 0.0013340021907647945, 'gpp_d': 92.50999942761011, 'ign_k': 7.2864517034177485, 'ign_c': 80.20719581699842, 'trop_agb_crit': 13.011340541965245, 'trop_k_veg': 1.3933252587255776, 'pop_amp': 0.05765073527954618, 'pop_peak': 2.3042353996808678, 'pop_sig': 0.8972442396055764, 'fuel_k': 0.6110541786597979, 'fuel_half': 45.72548960237282}. Best is trial 1622 with value: -0.6125870653324885.
[I 2026-08-19 18:06:55,641] Trial 2256 finished with value: 0.48716647921867595 and parameters: {'k1': 0.0004129019627078546, 'D_low': 1.0610473579218807, 'k2': 0.0005429494802325365, 'D_high': 7157196.501373516, 'fire_exp': 1.045235192876923, 'P_half': 95.40076759581497, 'pre_dampen_half': 45.11522604573367, 'gpp_af': 0.0014315326710371782, 'gpp_b': 0.0021197184783107756, 'gpp_d': 0.3674525375266115, 'ign_k': 1.1843936256422227, 'ign_c': 1.7921026493753787, 'trop_agb_crit': 7.520630810327593, 'trop_k_veg': 0.5860113636823563, 'pop_amp': 0.009768198493155234, 'pop_peak': 591.2089677922795, 'pop_sig': 0.8959760573309729, 'fuel_k': 0.010295028877330857, 'fuel_half': 34.341110869536706}. Best is trial 1622 with value: -0.6125870653324885.
[I 2026-08-19 18:06:57,513] Trial 2257 finished with value: 0.41927055220567566 and parameters: {'k1': 0.000304600733288977, 'D_low': 4.6169273360544345, 'k2': 6.956584032296104e-05, 'D_high': 332586.17369976256, 'fire_exp': 2.2113096786254367, 'P_half': 1.018227367612406, 'pre_dampen_half': 145.5158102678224, 'gpp_af': 0.0035057347696183516, 'gpp_b': 1.0933000460129861e-05, 'gpp_d': 0.3995005478206292, 'ign_k': 0.07875707863406857, 'ign_c': 6.446560320287977, 'trop_agb_crit': 22.70920346243078, 'trop_k_veg': 2.6158422229390763, 'pop_amp': 0.00709907654302704, 'pop_peak': 399.2091772221378, 'pop_sig': 0.9330704375307073, 'fuel_k': 0.020106759224165473, 'fuel_half': 16.762220130119733}. Best is trial 1622 with value: -0.6125870653324885.
[I 2026-08-19 18:06:59,404] Trial 2258 finished with value: 0.45643357247414695 and parameters: {'k1': 0.0019264850690393202, 'D_low': 30.156121617968374, 'k2': 0.0005602945629147935, 'D_high': 1702836.0879608197, 'fire_exp': 1.2822241833538943, 'P_half': 25.327226706614294, 'pre_dampen_half': 7.4570976956960155, 'gpp_af': 0.006828582272626068, 'gpp_b': 0.0005026989317288743, 'gpp_d': 1.7191081072092054, 'ign_k': 3.370513996243031, 'ign_c': 25.32186782041946, 'trop_agb_crit': 27.883130510056667, 'trop_k_veg': 1.009469495106103, 'pop_amp': 0.05525171324283245, 'pop_peak': 964.5130798290131, 'pop_sig': 1.8840562567843526, 'fuel_k': 0.012530911670876973, 'fuel_half': 20.17256885662761}. Best is trial 1622 with value: -0.6125870653324885.
[I 2026-08-19 18:07:01,512] Trial 2259 finished with value: 0.4404899284709618 and parameters: {'k1': 0.016287782549612627, 'D_low': 46.27594463396598, 'k2': 0.00010739824639044843, 'D_high': 664202.8198561643, 'fire_exp': 1.1462974431509951, 'P_half': 8.254895703820461, 'pre_dampen_half': 6.0206854053836505, 'gpp_af': 0.0023148665084213246, 'gpp_b': 0.0011708890760830377, 'gpp_d': 61.612258792826566, 'ign_k': 0.6579803095079605, 'ign_c': 8.544066872957568, 'trop_agb_crit': 10.587736812500463, 'trop_k_veg': 1.302407642986326, 'pop_amp': 0.003164260733829907, 'pop_peak': 0.3986024549140651, 'pop_sig': 1.7972365102638674, 'fuel_k': 0.019314787227212683, 'fuel_half': 20.60573419332767}. Best is trial 1622 with value: -0.6125870653324885.
[I 2026-08-19 18:07:03,720] Trial 2260 finished with value: 0.5663155868666854 and parameters: {'k1': 0.001359266276302781, 'D_low': 18.209130609243914, 'k2': 0.0035377650641088723, 'D_high': 138452.19051584898, 'fire_exp': 7.851933205388862, 'P_half': 263.22048783366756, 'pre_dampen_half': 9.981767891560027, 'gpp_af': 0.3224632653033509, 'gpp_b': 0.013057774924040384, 'gpp_d': 161.3799794263482, 'ign_k': 0.5840615604349674, 'ign_c': 6.2128433012833435, 'trop_agb_crit': 4.334357539544742, 'trop_k_veg': 2.4198414124782555, 'pop_amp': 0.020790583481172378, 'pop_peak': 128.21659210840093, 'pop_sig': 0.6530754137611826, 'fuel_k': 0.34081757493372355, 'fuel_half': 0.156041143899033}. Best is trial 1622 with value: -0.6125870653324885.
