[I 2026-06-10 21:24:25,537] Trial 350 finished with values: [10.253282273420735, 10.253282273420735] and parameters: {'k1': 0.008471801418819975, 'D_low': 323.7668055684038, 'k2': 0.002173988526401145, 'D_high': 12124.080603355414, 'fire_exp': 1.423480109671474, 'P_half': 11.545165697879465, 'pre_dampen_half': 10.129197956845726, 'gpp_af': 28.269551568161315, 'gpp_b': 0.00012118589392553798, 'gpp_d': 12.6084874067596, 'ign_k': 4.591485216740537, 'ign_c': 1.1911696453733045, 'trop_agb_crit': 5.526463318565575, 'trop_k_veg': 1.331829048405031, 'fuel_k': 0.18055462089373125, 'fuel_half': 0.17108183937377372}.
[I 2026-06-10 21:24:27,316] Trial 351 finished with values: [10.001754959227508, 10.001754959227508] and parameters: {'k1': 0.001906534551939351, 'D_low': 375.241428659295, 'k2': 0.002884223471687844, 'D_high': 91246.32886689917, 'fire_exp': 1.3806513288500464, 'P_half': 13.30003421978439, 'pre_dampen_half': 243.70551632385417, 'gpp_af': 5.056419398267455, 'gpp_b': 2.176805640408474e-05, 'gpp_d': 32.54021513867688, 'ign_k': 0.012868405331151606, 'ign_c': 0.5655677524618509, 'trop_agb_crit': 5.12586335774155, 'trop_k_veg': 1.331829048405031, 'fuel_k': 2.563645943471902, 'fuel_half': 54.91887821601532}.
[I 2026-06-10 21:24:29,076] Trial 352 finished with values: [-0.513459731276899, 0.7574869833759937] and parameters: {'k1': 0.02228708726011016, 'D_low': 7.857247967427123, 'k2': 0.0004976087827261435, 'D_high': 42210.21267871043, 'fire_exp': 1.2918065501148304, 'P_half': 118.39097834757698, 'pre_dampen_half': 13.472769577631583, 'gpp_af': 0.22965432344634354, 'gpp_b': 2.176805640408474e-05, 'gpp_d': 32.54021513867688, 'ign_k': 0.038563028138793747, 'ign_c': 0.5655677524618509, 'trop_agb_crit': 12.647327018493208, 'trop_k_veg': 4.7254560805090735, 'fuel_k': 4.710433409437072, 'fuel_half': 1.9170041589170652}.
[I 2026-06-10 21:24:31,123] Trial 353 finished with values: [10.397067236835994, 10.397067236835994] and parameters: {'k1': 0.0001971137615017176, 'D_low': 323.7668055684038, 'k2': 0.015109086063191909, 'D_high': 3512.7047262708465, 'fire_exp': 1.2918065501148304, 'P_half': 221.2683656611821, 'pre_dampen_half': 243.70551632385417, 'gpp_af': 0.3002317246575309, 'gpp_b': 1.284284091405877e-05, 'gpp_d': 229.41380323183625, 'ign_k': 0.02741350741975827, 'ign_c': 0.5655677524618509, 'trop_agb_crit': 3.1419938725278875, 'trop_k_veg': 6.45312300188076, 'fuel_k': 0.9221804185592763, 'fuel_half': 11.781063202742125}.
[I 2026-06-10 21:24:33,205] Trial 354 finished with values: [10.380238559294577, 10.380238559294577] and parameters: {'k1': 0.028401063201780267, 'D_low': 127.52949611679996, 'k2': 0.002884223471687844, 'D_high': 15351.441568398131, 'fire_exp': 1.3806513288500464, 'P_half': 13.30003421978439, 'pre_dampen_half': 13.472769577631583, 'gpp_af': 4.5493317586228175, 'gpp_b': 2.176805640408474e-05, 'gpp_d': 32.54021513867688, 'ign_k': 0.0029519227433917453, 'ign_c': 1.4940577239079738, 'trop_agb_crit': 3.8662963191024917, 'trop_k_veg': 1.9001185153938336, 'fuel_k': 4.710433409437072, 'fuel_half': 71.14476009343416}.
[I 2026-06-10 21:24:35,883] Trial 355 finished with values: [10.005778653315772, 10.005778653315772] and parameters: {'k1': 0.03865036856259725, 'D_low': 2.4474057445796826, 'k2': 0.002884223471687844, 'D_high': 91246.32886689917, 'fire_exp': 1.3806513288500464, 'P_half': 118.39097834757698, 'pre_dampen_half': 272.9378165037474, 'gpp_af': 5.056419398267455, 'gpp_b': 0.00011536203425923768, 'gpp_d': 59.94537656798816, 'ign_k': 0.02741350741975827, 'ign_c': 22.126836566118193, 'trop_agb_crit': 2.679156169946616, 'trop_k_veg': 4.7254560805090735, 'fuel_k': 2.563645943471902, 'fuel_half': 54.91887821601532}.
[I 2026-06-10 21:24:38,421] Trial 356 finished with values: [10.408376738384137, 10.408376738384137] and parameters: {'k1': 0.0009670857606743155, 'D_low': 525.4883437268169, 'k2': 0.0002172578929502367, 'D_high': 42210.21267871043, 'fire_exp': 1.2781983515972553, 'P_half': 108.21382910613987, 'pre_dampen_half': 13.472769577631583, 'gpp_af': 0.3002317246575309, 'gpp_b': 1.284284091405877e-05, 'gpp_d': 0.025594692142876057, 'ign_k': 5.351470428717437, 'ign_c': 1.4940577239079738, 'trop_agb_crit': 1.22785574342871, 'trop_k_veg': 0.7818074020304813, 'fuel_k': 0.2503625235956924, 'fuel_half': 11.781063202742125}.
[I 2026-06-10 21:24:41,017] Trial 357 finished with values: [10.49080240169288, 10.49080240169288] and parameters: {'k1': 0.004898620823554844, 'D_low': 9.73672571503588, 'k2': 0.002173988526401145, 'D_high': 43.46890702031289, 'fire_exp': 1.2781983515972553, 'P_half': 221.2683656611821, 'pre_dampen_half': 331.7366635899375, 'gpp_af': 0.05511595477601767, 'gpp_b': 0.004458440839692221, 'gpp_d': 483.22422323215085, 'ign_k': 0.038563028138793747, 'ign_c': 18.219343937475102, 'trop_agb_crit': 10.691477813613638, 'trop_k_veg': 6.45312300188076, 'fuel_k': 2.6420839059036854, 'fuel_half': 0.28682508353628944}.
[I 2026-06-10 21:24:42,916] Trial 358 finished with values: [10.742899190340587, 10.742899190340587] and parameters: {'k1': 0.028401063201780267, 'D_low': 37.35862630812753, 'k2': 7.531057256501231e-05, 'D_high': 38202.59936390114, 'fire_exp': 1.2336901664320323, 'P_half': 7.46475488144212, 'pre_dampen_half': 132.86323715350125, 'gpp_af': 0.5592994749372486, 'gpp_b': 7.164593173316088, 'gpp_d': 562.7426550259207, 'ign_k': 6.344955605329754, 'ign_c': 22.126836566118193, 'trop_agb_crit': 10.691477813613638, 'trop_k_veg': 2.724170387400844, 'fuel_k': 0.06525050422102326, 'fuel_half': 70.25166339242152}.
[I 2026-06-10 21:24:44,679] Trial 359 finished with values: [-0.26069281741338995, 0.9714461474990405] and parameters: {'k1': 0.0006579066240690734, 'D_low': 323.7668055684038, 'k2': 0.002173988526401145, 'D_high': 61536.58035691648, 'fire_exp': 1.1103154430776774, 'P_half': 13.30003421978439, 'pre_dampen_half': 243.70551632385417, 'gpp_af': 5.056419398267455, 'gpp_b': 0.00012118589392553798, 'gpp_d': 12.338826503601998, 'ign_k': 0.02226297338331263, 'ign_c': 0.5655677524618509, 'trop_agb_crit': 28.4191188830683, 'trop_k_veg': 6.45312300188076, 'fuel_k': 0.3356098860138198, 'fuel_half': 0.17108183937377372}.
[I 2026-06-10 21:24:46,447] Trial 360 finished with values: [10.387188816770227, 10.387188816770227] and parameters: {'k1': 0.07799059237255677, 'D_low': 7.857247967427123, 'k2': 0.0004976087827261435, 'D_high': 61536.58035691648, 'fire_exp': 1.2918065501148304, 'P_half': 118.39097834757698, 'pre_dampen_half': 3.3841016089580034, 'gpp_af': 0.22965432344634354, 'gpp_b': 0.0002833153434644105, 'gpp_d': 30.715480126452004, 'ign_k': 0.013276678836047658, 'ign_c': 18.219343937475102, 'trop_agb_crit': 10.691477813613638, 'trop_k_veg': 4.7254560805090735, 'fuel_k': 4.710433409437072, 'fuel_half': 1.9170041589170652}.
[I 2026-06-10 21:24:48,268] Trial 361 finished with values: [10.406425736658338, 10.406425736658338] and parameters: {'k1': 0.02228708726011016, 'D_low': 7.857247967427123, 'k2': 0.0004976087827261435, 'D_high': 2427.054417940131, 'fire_exp': 1.423480109671474, 'P_half': 157.80309954142965, 'pre_dampen_half': 132.86323715350125, 'gpp_af': 1.1409619915696267, 'gpp_b': 2.176805640408474e-05, 'gpp_d': 562.7426550259207, 'ign_k': 0.013276678836047658, 'ign_c': 1.4940577239079738, 'trop_agb_crit': 12.647327018493208, 'trop_k_veg': 4.7254560805090735, 'fuel_k': 4.710433409437072, 'fuel_half': 70.25166339242152}.
[I 2026-06-10 21:24:50,220] Trial 362 finished with values: [-0.4093966530253908, 0.954218244883251] and parameters: {'k1': 0.012840669372724958, 'D_low': 5.351452349843333, 'k2': 0.002173988526401145, 'D_high': 40237.59749324181, 'fire_exp': 1.5191397119156032, 'P_half': 13.30003421978439, 'pre_dampen_half': 13.472769577631583, 'gpp_af': 5.056419398267455, 'gpp_b': 0.00012118589392553798, 'gpp_d': 32.54021513867688, 'ign_k': 3.965503094323014, 'ign_c': 0.5655677524618509, 'trop_agb_crit': 5.526463318565575, 'trop_k_veg': 4.129715873342728, 'fuel_k': 4.710433409437072, 'fuel_half': 71.14476009343416}.
[I 2026-06-10 21:24:52,231] Trial 363 finished with values: [10.051264432652731, 10.051264432652731] and parameters: {'k1': 0.014414315663330233, 'D_low': 1.3670484737132342, 'k2': 0.002173988526401145, 'D_high': 2289.1315306837046, 'fire_exp': 1.1103154430776774, 'P_half': 13.30003421978439, 'pre_dampen_half': 565.0116730717873, 'gpp_af': 28.269551568161315, 'gpp_b': 0.00011536203425923768, 'gpp_d': 59.94537656798816, 'ign_k': 0.012868405331151606, 'ign_c': 0.5655677524618509, 'trop_agb_crit': 2.679156169946616, 'trop_k_veg': 4.129715873342728, 'fuel_k': 0.2503625235956924, 'fuel_half': 11.781063202742125}.
[I 2026-06-10 21:24:54,063] Trial 364 finished with values: [10.658636382915684, 10.658636382915684] and parameters: {'k1': 0.01549659926581634, 'D_low': 36.07301614542843, 'k2': 0.002173988526401145, 'D_high': 2289.1315306837046, 'fire_exp': 1.2781983515972553, 'P_half': 93.43302657318476, 'pre_dampen_half': 13.472769577631583, 'gpp_af': 28.269551568161315, 'gpp_b': 2.176805640408474e-05, 'gpp_d': 32.54021513867688, 'ign_k': 0.038563028138793747, 'ign_c': 43.13512908201517, 'trop_agb_crit': 9.286923253577127, 'trop_k_veg': 1.9900199112631034, 'fuel_k': 0.4182971994460706, 'fuel_half': 1.3323297901105768}.
[I 2026-06-10 21:24:56,301] Trial 365 finished with values: [10.609449410567587, 10.609449410567587] and parameters: {'k1': 0.028401063201780267, 'D_low': 36.07301614542843, 'k2': 0.0001906331412032436, 'D_high': 38202.59936390114, 'fire_exp': 1.5191397119156032, 'P_half': 355.00125258511594, 'pre_dampen_half': 5.981605330890935, 'gpp_af': 0.0028604435659156367, 'gpp_b': 0.00012118589392553798, 'gpp_d': 562.7426550259207, 'ign_k': 3.965503094323014, 'ign_c': 22.126836566118193, 'trop_agb_crit': 5.526463318565575, 'trop_k_veg': 2.724170387400844, 'fuel_k': 4.710433409437072, 'fuel_half': 71.14476009343416}.
[I 2026-06-10 21:24:58,442] Trial 366 finished with values: [10.477331508451654, 10.477331508451654] and parameters: {'k1': 0.0010495653625093638, 'D_low': 2022.2268128429641, 'k2': 0.014666151770108535, 'D_high': 61536.58035691648, 'fire_exp': 1.423480109671474, 'P_half': 7.46475488144212, 'pre_dampen_half': 3.3841016089580034, 'gpp_af': 0.5592994749372486, 'gpp_b': 0.0001484082099455773, 'gpp_d': 229.41380323183625, 'ign_k': 0.7530210437963519, 'ign_c': 1.4940577239079738, 'trop_agb_crit': 10.691477813613638, 'trop_k_veg': 2.724170387400844, 'fuel_k': 0.06525050422102326, 'fuel_half': 0.9682636678036001}.
[I 2026-06-10 21:25:00,292] Trial 367 finished with values: [10.464737913249804, 10.464737913249804] and parameters: {'k1': 0.008471801418819975, 'D_low': 37.35862630812753, 'k2': 4.207988669606632e-05, 'D_high': 82.00096539027479, 'fire_exp': 1.423480109671474, 'P_half': 11.545165697879465, 'pre_dampen_half': 10.129197956845726, 'gpp_af': 3.4702669886504163, 'gpp_b': 0.00012118589392553798, 'gpp_d': 14.423399576193098, 'ign_k': 4.591485216740537, 'ign_c': 1.0944963667961967, 'trop_agb_crit': 29.628250251065673, 'trop_k_veg': 7.459984581009153, 'fuel_k': 0.07002142869039264, 'fuel_half': 72.7420826493834}.
[I 2026-06-10 21:25:02,089] Trial 368 finished with values: [-0.44269077697690384, 0.9522108985812886] and parameters: {'k1': 0.012840669372724958, 'D_low': 525.4883437268169, 'k2': 0.0002172578929502367, 'D_high': 42210.21267871043, 'fire_exp': 1.1103154430776774, 'P_half': 2.0598022365449626, 'pre_dampen_half': 13.472769577631583, 'gpp_af': 0.05511595477601767, 'gpp_b': 2.176805640408474e-05, 'gpp_d': 32.54021513867688, 'ign_k': 5.351470428717437, 'ign_c': 0.5655677524618509, 'trop_agb_crit': 10.691477813613638, 'trop_k_veg': 4.129715873342728, 'fuel_k': 4.710433409437072, 'fuel_half': 1.3323297901105768}.
[I 2026-06-10 21:25:03,994] Trial 369 finished with values: [10.553958916595981, 10.553958916595981] and parameters: {'k1': 0.07799059237255677, 'D_low': 37.35862630812753, 'k2': 0.002173988526401145, 'D_high': 34288.10943862523, 'fire_exp': 1.423480109671474, 'P_half': 399.3031584056686, 'pre_dampen_half': 13.472769577631583, 'gpp_af': 0.05511595477601767, 'gpp_b': 0.0001484082099455773, 'gpp_d': 229.41380323183625, 'ign_k': 0.038563028138793747, 'ign_c': 18.219343937475102, 'trop_agb_crit': 10.691477813613638, 'trop_k_veg': 6.45312300188076, 'fuel_k': 4.710433409437072, 'fuel_half': 60.22306787169707}.
[I 2026-06-10 21:25:06,087] Trial 370 finished with values: [10.329382716675802, 10.329382716675802] and parameters: {'k1': 0.0009670857606743155, 'D_low': 525.4883437268169, 'k2': 0.0002172578929502367, 'D_high': 42210.21267871043, 'fire_exp': 1.5191397119156032, 'P_half': 24.184227958471602, 'pre_dampen_half': 13.472769577631583, 'gpp_af': 0.3002317246575309, 'gpp_b': 1.284284091405877e-05, 'gpp_d': 59.94537656798816, 'ign_k': 0.02741350741975827, 'ign_c': 1.4940577239079738, 'trop_agb_crit': 2.679156169946616, 'trop_k_veg': 0.7818074020304813, 'fuel_k': 4.710433409437072, 'fuel_half': 1.3323297901105768}.
[I 2026-06-10 21:25:07,925] Trial 371 finished with values: [10.382419169955371, 10.382419169955371] and parameters: {'k1': 0.002155595057104387, 'D_low': 1.3670484737132342, 'k2': 0.004679839449773939, 'D_high': 61536.58035691648, 'fire_exp': 1.5570014564238306, 'P_half': 221.2683656611821, 'pre_dampen_half': 243.70551632385417, 'gpp_af': 0.024714492403026287, 'gpp_b': 1.284284091405877e-05, 'gpp_d': 229.41380323183625, 'ign_k': 0.02741350741975827, 'ign_c': 18.219343937475102, 'trop_agb_crit': 2.679156169946616, 'trop_k_veg': 6.45312300188076, 'fuel_k': 0.03583926624481473, 'fuel_half': 11.781063202742125}.
[I 2026-06-10 21:25:09,836] Trial 372 finished with values: [10.764059797137005, 10.764059797137005] and parameters: {'k1': 0.001906534551939351, 'D_low': 171.2446447678494, 'k2': 0.002884223471687844, 'D_high': 42210.21267871043, 'fire_exp': 4.788817013389301, 'P_half': 93.43302657318476, 'pre_dampen_half': 8.259599205585761, 'gpp_af': 5.056419398267455, 'gpp_b': 2.176805640408474e-05, 'gpp_d': 12.338826503601998, 'ign_k': 0.0029519227433917453, 'ign_c': 1.4940577239079738, 'trop_agb_crit': 15.68644624233575, 'trop_k_veg': 4.7254560805090735, 'fuel_k': 4.710433409437072, 'fuel_half': 54.91887821601532}.
[I 2026-06-10 21:25:11,607] Trial 373 finished with values: [-0.14271563104810234, 0.8650022815364607] and parameters: {'k1': 0.0006579066240690734, 'D_low': 2.4474057445796826, 'k2': 7.841214856323651e-05, 'D_high': 91246.32886689917, 'fire_exp': 1.0283820194309468, 'P_half': 56.22114524476698, 'pre_dampen_half': 565.0116730717873, 'gpp_af': 0.24002253099641147, 'gpp_b': 0.00012118589392553798, 'gpp_d': 229.41380323183625, 'ign_k': 0.001973268844408891, 'ign_c': 30.785541778315018, 'trop_agb_crit': 27.025726513675966, 'trop_k_veg': 7.732256834860708, 'fuel_k': 0.5604857991960507, 'fuel_half': 1.3323297901105768}.
[I 2026-06-10 21:25:14,102] Trial 374 finished with values: [10.626403603323714, 10.626403603323714] and parameters: {'k1': 0.028401063201780267, 'D_low': 2.4474057445796826, 'k2': 0.002884223471687844, 'D_high': 61536.58035691648, 'fire_exp': 1.2781983515972553, 'P_half': 24.184227958471602, 'pre_dampen_half': 272.9378165037474, 'gpp_af': 0.2204465010099918, 'gpp_b': 0.00012118589392553798, 'gpp_d': 36.831884165358986, 'ign_k': 1.1044350847124695, 'ign_c': 18.219343937475102, 'trop_agb_crit': 5.526463318565575, 'trop_k_veg': 1.9658897090912955, 'fuel_k': 0.9221804185592763, 'fuel_half': 71.14476009343416}.
[I 2026-06-10 21:25:15,933] Trial 375 finished with values: [10.380261443639833, 10.380261443639833] and parameters: {'k1': 0.03865036856259725, 'D_low': 323.7668055684038, 'k2': 0.002173988526401145, 'D_high': 40237.59749324181, 'fire_exp': 1.1103154430776774, 'P_half': 56.22114524476698, 'pre_dampen_half': 243.70551632385417, 'gpp_af': 5.056419398267455, 'gpp_b': 0.15208782389892764, 'gpp_d': 32.54021513867688, 'ign_k': 0.001973268844408891, 'ign_c': 1.4940577239079738, 'trop_agb_crit': 28.4191188830683, 'trop_k_veg': 2.132271839889451, 'fuel_k': 0.2503625235956924, 'fuel_half': 11.781063202742125}.
[I 2026-06-10 21:25:17,725] Trial 376 finished with values: [10.508063616788958, 10.508063616788958] and parameters: {'k1': 0.00021901578520649233, 'D_low': 40.12413353131991, 'k2': 0.0002172578929502367, 'D_high': 3512.7047262708465, 'fire_exp': 1.2781983515972553, 'P_half': 221.2683656611821, 'pre_dampen_half': 243.70551632385417, 'gpp_af': 0.3002317246575309, 'gpp_b': 2.176805640408474e-05, 'gpp_d': 229.41380323183625, 'ign_k': 0.02741350741975827, 'ign_c': 18.219343937475102, 'trop_agb_crit': 12.647327018493208, 'trop_k_veg': 6.45312300188076, 'fuel_k': 0.9221804185592763, 'fuel_half': 1.9170041589170652}.
[I 2026-06-10 21:25:19,520] Trial 377 finished with values: [10.321453285345411, 10.321453285345411] and parameters: {'k1': 0.012840669372724958, 'D_low': 171.2446447678494, 'k2': 0.002884223471687844, 'D_high': 42210.21267871043, 'fire_exp': 1.3806513288500464, 'P_half': 93.43302657318476, 'pre_dampen_half': 13.472769577631583, 'gpp_af': 0.00846501200807743, 'gpp_b': 2.176805640408474e-05, 'gpp_d': 32.54021513867688, 'ign_k': 0.0019444359227799842, 'ign_c': 0.13262030086414142, 'trop_agb_crit': 12.647327018493208, 'trop_k_veg': 4.306116678141662, 'fuel_k': 4.710433409437072, 'fuel_half': 1.3323297901105768}.
[I 2026-06-10 21:25:21,735] Trial 378 finished with values: [10.531209829996568, 10.531209829996568] and parameters: {'k1': 0.012840669372724958, 'D_low': 37.35862630812753, 'k2': 0.0002172578929502367, 'D_high': 42210.21267871043, 'fire_exp': 1.8100179779646608, 'P_half': 221.2683656611821, 'pre_dampen_half': 32.53305539860191, 'gpp_af': 0.24002253099641147, 'gpp_b': 0.0001484082099455773, 'gpp_d': 229.41380323183625, 'ign_k': 0.0029519227433917453, 'ign_c': 1.4940577239079738, 'trop_agb_crit': 15.68644624233575, 'trop_k_veg': 4.7254560805090735, 'fuel_k': 0.9221804185592763, 'fuel_half': 1.3323297901105768}.
[I 2026-06-10 21:25:23,671] Trial 379 finished with values: [10.489678415599139, 10.489678415599139] and parameters: {'k1': 0.028401063201780267, 'D_low': 171.2446447678494, 'k2': 0.0002172578929502367, 'D_high': 42210.21267871043, 'fire_exp': 1.2781983515972553, 'P_half': 93.43302657318476, 'pre_dampen_half': 8.259599205585761, 'gpp_af': 5.056419398267455, 'gpp_b': 0.005966748607593809, 'gpp_d': 229.41380323183625, 'ign_k': 0.0029519227433917453, 'ign_c': 1.4940577239079738, 'trop_agb_crit': 19.166542329626346, 'trop_k_veg': 4.7254560805090735, 'fuel_k': 4.710433409437072, 'fuel_half': 71.14476009343416}.
[I 2026-06-10 21:25:25,496] Trial 380 finished with values: [10.750011088843555, 10.750011088843555] and parameters: {'k1': 0.07799059237255677, 'D_low': 37.35862630812753, 'k2': 0.002884223471687844, 'D_high': 8103.567967717587, 'fire_exp': 5.529763037113281, 'P_half': 2.0598022365449626, 'pre_dampen_half': 3.3841016089580034, 'gpp_af': 1.1409619915696267, 'gpp_b': 0.0002833153434644105, 'gpp_d': 229.41380323183625, 'ign_k': 0.013276678836047658, 'ign_c': 1.4940577239079738, 'trop_agb_crit': 10.691477813613638, 'trop_k_veg': 6.863422129054255, 'fuel_k': 0.3302507755382605, 'fuel_half': 0.14265186058187057}.
[I 2026-06-10 21:25:27,286] Trial 381 finished with values: [10.052879276861615, 10.052879276861615] and parameters: {'k1': 0.002155595057104387, 'D_low': 36.07301614542843, 'k2': 0.002173988526401145, 'D_high': 2427.054417940131, 'fire_exp': 1.423480109671474, 'P_half': 50.34696988263488, 'pre_dampen_half': 13.472769577631583, 'gpp_af': 0.053663001820106804, 'gpp_b': 0.00012118589392553798, 'gpp_d': 229.41380323183625, 'ign_k': 5.351470428717437, 'ign_c': 1.4940577239079738, 'trop_agb_crit': 5.526463318565575, 'trop_k_veg': 1.3987664054208562, 'fuel_k': 4.710433409437072, 'fuel_half': 1.3323297901105768}.
[I 2026-06-10 21:25:29,142] Trial 382 finished with values: [10.685712361308438, 10.685712361308438] and parameters: {'k1': 0.03865036856259725, 'D_low': 1.3670484737132342, 'k2': 0.0002172578929502367, 'D_high': 89247.95116437436, 'fire_exp': 1.5191397119156032, 'P_half': 24.184227958471602, 'pre_dampen_half': 565.0116730717873, 'gpp_af': 0.03522602097143089, 'gpp_b': 0.00011536203425923768, 'gpp_d': 12.6084874067596, 'ign_k': 5.351470428717437, 'ign_c': 0.5655677524618509, 'trop_agb_crit': 9.286923253577127, 'trop_k_veg': 0.7818074020304813, 'fuel_k': 0.4182971994460706, 'fuel_half': 1.3323297901105768}.
[I 2026-06-10 21:25:31,136] Trial 383 finished with values: [10.569081220052956, 10.569081220052956] and parameters: {'k1': 0.0009670857606743155, 'D_low': 40.12413353131991, 'k2': 0.0004976087827261435, 'D_high': 61536.58035691648, 'fire_exp': 1.2781983515972553, 'P_half': 118.39097834757698, 'pre_dampen_half': 0.011396414164620812, 'gpp_af': 0.22965432344634354, 'gpp_b': 1.284284091405877e-05, 'gpp_d': 30.715480126452004, 'ign_k': 1.1044350847124695, 'ign_c': 18.219343937475102, 'trop_agb_crit': 12.647327018493208, 'trop_k_veg': 4.7254560805090735, 'fuel_k': 0.9221804185592763, 'fuel_half': 0.28682508353628944}.
[I 2026-06-10 21:25:33,224] Trial 384 finished with values: [-0.44269077697690384, 0.9522108985812886] and parameters: {'k1': 0.012840669372724958, 'D_low': 525.4883437268169, 'k2': 0.0002172578929502367, 'D_high': 42210.21267871043, 'fire_exp': 1.1103154430776774, 'P_half': 2.0598022365449626, 'pre_dampen_half': 13.472769577631583, 'gpp_af': 0.05511595477601767, 'gpp_b': 2.176805640408474e-05, 'gpp_d': 32.54021513867688, 'ign_k': 5.351470428717437, 'ign_c': 0.5655677524618509, 'trop_agb_crit': 10.691477813613638, 'trop_k_veg': 4.129715873342728, 'fuel_k': 4.710433409437072, 'fuel_half': 1.3323297901105768}.
