[I 2026-08-20 00:59:03,062] Trial 1504 finished with value: -0.5834844609250778 and parameters: {'k1': 4.9404607843844584e-05, 'D_low': 3816.988488538708, 'k2': 0.07219228090867898, 'D_high': 5726971.217541741, 'fire_exp': 2.8051993271284337, 'P_half': 34.164408555812265, 'pre_dampen_half': 1.2534408304590399, 'gpp_af': 0.09543736188019822, 'gpp_b': 7.667819918390746e-05, 'gpp_d': 873.5515636860052, 'ign_k': 0.0678582956474732, 'ign_c': 0.2132498694387134, 'trop_agb_crit': 9.472005133612125, 'trop_k_veg': 5.498304626237434, 'pop_amp': 3.863824647264728, 'pop_peak': 83.24549660387937, 'pop_sig': 1.936063175603044}. Best is trial 1128 with value: -0.620386984093161.
[I 2026-08-20 00:59:04,944] Trial 1505 finished with value: 0.5402986587440888 and parameters: {'k1': 0.03409684960434784, 'D_low': 2.3216984195107395, 'k2': 0.00041737895756429087, 'D_high': 157002.87522240658, 'fire_exp': 5.78945771847437, 'P_half': 13.23171147747106, 'pre_dampen_half': 7.066621233231196, 'gpp_af': 0.04366810566656004, 'gpp_b': 0.0016600413403526151, 'gpp_d': 98.30294331584886, 'ign_k': 0.10132062906533844, 'ign_c': 5.563831733296874, 'trop_agb_crit': 1.6731212863069311, 'trop_k_veg': 3.068890658596117, 'pop_amp': 0.0068667066143166915, 'pop_peak': 0.3358441371806086, 'pop_sig': 0.7478473291717729}. Best is trial 1128 with value: -0.620386984093161.
[I 2026-08-20 00:59:06,797] Trial 1506 finished with value: 0.5643271366877907 and parameters: {'k1': 4.029554473024131e-05, 'D_low': 4214.183848471984, 'k2': 0.08836736680099352, 'D_high': 1004680.1701628793, 'fire_exp': 1.5230326332979505, 'P_half': 314.32001944899963, 'pre_dampen_half': 1.4223829065445315, 'gpp_af': 13.143432422385938, 'gpp_b': 0.0005354833336533061, 'gpp_d': 8.192249418570112, 'ign_k': 0.012301281924420602, 'ign_c': 0.30696214088802154, 'trop_agb_crit': 2.954535469058751, 'trop_k_veg': 2.5578311063055814, 'pop_amp': 0.26353725215347157, 'pop_peak': 8.17432098829036, 'pop_sig': 1.4796487970450665}. Best is trial 1128 with value: -0.620386984093161.
[I 2026-08-20 00:59:08,587] Trial 1507 finished with value: 0.5308819884549105 and parameters: {'k1': 0.0013010672870662596, 'D_low': 21.28961397268404, 'k2': 0.0009523862194359926, 'D_high': 24296.78138682122, 'fire_exp': 1.5574995532209053, 'P_half': 8.891212832877747, 'pre_dampen_half': 0.34659713415501886, 'gpp_af': 0.0010052202476416533, 'gpp_b': 1.448032782141118e-05, 'gpp_d': 358.1854181283919, 'ign_k': 6.307532580223545, 'ign_c': 5.919278536619634, 'trop_agb_crit': 4.228960400339362, 'trop_k_veg': 4.755086495684832, 'pop_amp': 0.006332980250079483, 'pop_peak': 1.4828105285893682, 'pop_sig': 1.6199916267827748}. Best is trial 1128 with value: -0.620386984093161.
[I 2026-08-20 00:59:10,394] Trial 1508 finished with value: 0.5205512814992617 and parameters: {'k1': 0.001684365576867773, 'D_low': 2120.7280280310397, 'k2': 0.005487393564376914, 'D_high': 5464182.854563087, 'fire_exp': 1.7004623448922218, 'P_half': 94.74575287935644, 'pre_dampen_half': 0.04257011105346549, 'gpp_af': 0.0010835370670888064, 'gpp_b': 0.0002704251820436175, 'gpp_d': 0.0751179292075276, 'ign_k': 0.10103134075482822, 'ign_c': 13.028907019817092, 'trop_agb_crit': 2.895739554160021, 'trop_k_veg': 7.279991665074661, 'pop_amp': 4.017195323994496, 'pop_peak': 66.16674931080856, 'pop_sig': 1.0030507922348415}. Best is trial 1128 with value: -0.620386984093161.
[I 2026-08-20 00:59:12,284] Trial 1509 finished with value: 0.5674815259131505 and parameters: {'k1': 0.0004406176953697862, 'D_low': 84.11058861120966, 'k2': 0.08792513680767866, 'D_high': 184897.38538220854, 'fire_exp': 2.224069539264578, 'P_half': 960.5122736359174, 'pre_dampen_half': 3.18046085843303, 'gpp_af': 0.3163339176123812, 'gpp_b': 3.510482272384849e-05, 'gpp_d': 883.2565500503833, 'ign_k': 0.07575417655068935, 'ign_c': 1.0986845394793325, 'trop_agb_crit': 1.0934280147493707, 'trop_k_veg': 2.459809388350618, 'pop_amp': 0.005853097668649116, 'pop_peak': 143.39212213016404, 'pop_sig': 1.5616775453558411}. Best is trial 1128 with value: -0.620386984093161.
[I 2026-08-20 00:59:14,116] Trial 1510 finished with value: 0.47974150007471705 and parameters: {'k1': 0.0017273852669159298, 'D_low': 6.819008037458318, 'k2': 0.002035927090422104, 'D_high': 2409257.383247871, 'fire_exp': 3.413559259986315, 'P_half': 161.904728027567, 'pre_dampen_half': 2.179609453252316, 'gpp_af': 0.4690490591672775, 'gpp_b': 0.004271037517659439, 'gpp_d': 547.2705178460192, 'ign_k': 0.6417913673258792, 'ign_c': 0.11896498230475501, 'trop_agb_crit': 8.09669119784838, 'trop_k_veg': 7.97500297347876, 'pop_amp': 11.219104596333548, 'pop_peak': 0.09217443215004194, 'pop_sig': 1.5067442330916616}. Best is trial 1128 with value: -0.620386984093161.
[I 2026-08-20 00:59:15,929] Trial 1511 finished with value: 0.6445374145881376 and parameters: {'k1': 0.011816397100440539, 'D_low': 1.8214806131135075, 'k2': 0.0007281339111535634, 'D_high': 665454.0496609093, 'fire_exp': 1.0264213117403054, 'P_half': 1531.9944656813295, 'pre_dampen_half': 196.08298739184647, 'gpp_af': 0.033534227226688834, 'gpp_b': 0.0008296845055660502, 'gpp_d': 0.015125219318886286, 'ign_k': 2.835247757481901, 'ign_c': 76.40654417194577, 'trop_agb_crit': 2.4552977560490006, 'trop_k_veg': 6.110337676069122, 'pop_amp': 1.5559160725309342, 'pop_peak': 0.8335167873710911, 'pop_sig': 0.32258319600580904}. Best is trial 1128 with value: -0.620386984093161.
[I 2026-08-20 00:59:17,743] Trial 1512 finished with value: -0.5652140458900974 and parameters: {'k1': 0.0006160548036977613, 'D_low': 2604.0362523652216, 'k2': 0.06378785983822864, 'D_high': 2353341.368584248, 'fire_exp': 1.150101941708019, 'P_half': 445.2098989767388, 'pre_dampen_half': 29.91776006160852, 'gpp_af': 0.056986413417292825, 'gpp_b': 0.05436298740205163, 'gpp_d': 49.302328938411215, 'ign_k': 0.10909901446684786, 'ign_c': 0.1640052271766224, 'trop_agb_crit': 4.905697276614587, 'trop_k_veg': 2.156907155402735, 'pop_amp': 1.674226051477141, 'pop_peak': 149.86888732474813, 'pop_sig': 1.3818764434172848}. Best is trial 1128 with value: -0.620386984093161.
[I 2026-08-20 00:59:19,575] Trial 1513 finished with value: 0.5769607743675762 and parameters: {'k1': 0.00037885248261076797, 'D_low': 2784.7541852260542, 'k2': 0.038970041534018396, 'D_high': 63100.12775474036, 'fire_exp': 3.008168513980906, 'P_half': 273.1116065977396, 'pre_dampen_half': 1.4867525364550505, 'gpp_af': 1.3462108640809025, 'gpp_b': 0.0004013102879765963, 'gpp_d': 161.31212569880765, 'ign_k': 0.010607324898236112, 'ign_c': 3.258882082428333, 'trop_agb_crit': 1.301805652503847, 'trop_k_veg': 2.7552457942210964, 'pop_amp': 2.812309810806786, 'pop_peak': 58.95786252999884, 'pop_sig': 1.5118069351231496}. Best is trial 1128 with value: -0.620386984093161.
[I 2026-08-20 00:59:21,447] Trial 1514 finished with value: -0.5272198453629342 and parameters: {'k1': 0.00029043215752299554, 'D_low': 173.56649943375373, 'k2': 0.0006994700544086582, 'D_high': 28341.099061603003, 'fire_exp': 2.958914047734847, 'P_half': 35.31026832056886, 'pre_dampen_half': 22.24889587562568, 'gpp_af': 0.034071449670586444, 'gpp_b': 0.0007965257652122158, 'gpp_d': 284.7310031016273, 'ign_k': 0.3678660125100186, 'ign_c': 5.534087432301651, 'trop_agb_crit': 10.808573912638511, 'trop_k_veg': 5.909589404367341, 'pop_amp': 0.15265158984003246, 'pop_peak': 7.336700673632599, 'pop_sig': 0.594652229935181}. Best is trial 1128 with value: -0.620386984093161.
[I 2026-08-20 00:59:23,645] Trial 1515 finished with value: 0.5511677867711573 and parameters: {'k1': 0.0005358152927057014, 'D_low': 3672.5023000109973, 'k2': 0.028970905978585124, 'D_high': 9786028.761550179, 'fire_exp': 1.2955359340499506, 'P_half': 90.207105665472, 'pre_dampen_half': 0.6362386988909006, 'gpp_af': 0.28247419512974087, 'gpp_b': 0.00017129479332680586, 'gpp_d': 303.66748637772554, 'ign_k': 0.3623433323474275, 'ign_c': 0.12699561943281695, 'trop_agb_crit': 6.652755839559544, 'trop_k_veg': 2.4258483137319247, 'pop_amp': 4.139498616064772, 'pop_peak': 20.798399843193444, 'pop_sig': 1.7483784085531608}. Best is trial 1128 with value: -0.620386984093161.
[I 2026-08-20 00:59:25,482] Trial 1516 finished with value: 0.5517981971822452 and parameters: {'k1': 0.0004460521864664466, 'D_low': 55145.57155763178, 'k2': 0.039984450234847764, 'D_high': 2669347.512653812, 'fire_exp': 2.3551978201118113, 'P_half': 13.573325041425777, 'pre_dampen_half': 0.4757811474352231, 'gpp_af': 5.546185718010585, 'gpp_b': 0.0008614580182107719, 'gpp_d': 292.5143813580475, 'ign_k': 0.28313533441099764, 'ign_c': 0.11269155532739335, 'trop_agb_crit': 6.00518279116505, 'trop_k_veg': 1.7803124982548015, 'pop_amp': 0.026949289539203683, 'pop_peak': 415.6709325559197, 'pop_sig': 1.3512681824374178}. Best is trial 1128 with value: -0.620386984093161.
[I 2026-08-20 00:59:27,379] Trial 1517 finished with value: 0.5821842883714338 and parameters: {'k1': 0.00016350586106147577, 'D_low': 1591.1767106796908, 'k2': 0.0034652461579353843, 'D_high': 610525.2039769175, 'fire_exp': 1.4620617301021275, 'P_half': 711.7581898964527, 'pre_dampen_half': 3.044975530946352, 'gpp_af': 0.09618704573161235, 'gpp_b': 0.0007718227515805274, 'gpp_d': 1.6056504571652654, 'ign_k': 1.164802899238686, 'ign_c': 0.47801887169413176, 'trop_agb_crit': 1.3397873583502367, 'trop_k_veg': 6.449665718349013, 'pop_amp': 14.345350925451317, 'pop_peak': 4.459817856657904, 'pop_sig': 1.0227897934519097}. Best is trial 1128 with value: -0.620386984093161.
[I 2026-08-20 00:59:29,201] Trial 1518 finished with value: 0.5871736454991295 and parameters: {'k1': 0.000911313672299376, 'D_low': 3394.8985610418067, 'k2': 0.011949362099662653, 'D_high': 14319.633924936297, 'fire_exp': 2.09115364302864, 'P_half': 195.68726714022847, 'pre_dampen_half': 4.425722722390257, 'gpp_af': 9.626441088644196, 'gpp_b': 1.3881916594357668e-05, 'gpp_d': 12.509239199783103, 'ign_k': 0.12337387451152244, 'ign_c': 0.17232491906338104, 'trop_agb_crit': 2.4017547164204216, 'trop_k_veg': 1.3371603014938855, 'pop_amp': 0.14241208089093205, 'pop_peak': 113.51260703512217, 'pop_sig': 1.4028725207001778}. Best is trial 1128 with value: -0.620386984093161.
[I 2026-08-20 00:59:31,005] Trial 1519 finished with value: 0.5376351183287362 and parameters: {'k1': 1.5312900908468657e-05, 'D_low': 1007.8502694362719, 'k2': 0.006670588663714575, 'D_high': 881198.267416407, 'fire_exp': 1.7306057542110203, 'P_half': 621.0990390992847, 'pre_dampen_half': 18.562755418656987, 'gpp_af': 0.2787405948864378, 'gpp_b': 2.3648022171576557e-05, 'gpp_d': 6.13624005741694, 'ign_k': 0.024127103280534037, 'ign_c': 0.31357797531774134, 'trop_agb_crit': 2.9881663726390926, 'trop_k_veg': 2.0205875284603496, 'pop_amp': 0.39232184564352496, 'pop_peak': 100.4877802836267, 'pop_sig': 2.0956178826406546}. Best is trial 1128 with value: -0.620386984093161.
[I 2026-08-20 00:59:32,841] Trial 1520 finished with value: 0.6445374145881376 and parameters: {'k1': 0.08300103514947417, 'D_low': 21725.11966892464, 'k2': 3.21283103329382e-05, 'D_high': 240950.02361105432, 'fire_exp': 7.781669100127395, 'P_half': 24.7300917030297, 'pre_dampen_half': 185.07072925117976, 'gpp_af': 0.016284824976810552, 'gpp_b': 0.5144670502149855, 'gpp_d': 34.67571664195314, 'ign_k': 0.041219777974851095, 'ign_c': 334.367482347624, 'trop_agb_crit': 2.9060627986653644, 'trop_k_veg': 1.5000705970540862, 'pop_amp': 0.029557727158434608, 'pop_peak': 197.28019955033255, 'pop_sig': 1.0927008005352385}. Best is trial 1128 with value: -0.620386984093161.
[I 2026-08-20 00:59:34,628] Trial 1521 finished with value: 0.4738967610710598 and parameters: {'k1': 0.0004388883850833005, 'D_low': 28.291031048359027, 'k2': 0.0935936297237873, 'D_high': 81961.10975227848, 'fire_exp': 2.6031970604972137, 'P_half': 194.42328120114897, 'pre_dampen_half': 2.2004814290824792, 'gpp_af': 0.29324628309466283, 'gpp_b': 0.003049107769253391, 'gpp_d': 243.48945184147018, 'ign_k': 0.06347937226830541, 'ign_c': 0.19122160898117113, 'trop_agb_crit': 3.0730448368261065, 'trop_k_veg': 4.373861385705822, 'pop_amp': 1.8382913299369348, 'pop_peak': 65.52980369739207, 'pop_sig': 1.3043460224549097}. Best is trial 1128 with value: -0.620386984093161.
[I 2026-08-20 00:59:36,461] Trial 1522 finished with value: 0.6445374145881376 and parameters: {'k1': 6.132375528941255e-05, 'D_low': 22359.715482995125, 'k2': 3.277068452009748e-05, 'D_high': 993.1224606172342, 'fire_exp': 4.314143673637176, 'P_half': 15.596257037126271, 'pre_dampen_half': 0.08181333498180016, 'gpp_af': 0.8987374358484979, 'gpp_b': 1.3755127293229577, 'gpp_d': 0.41074923164333804, 'ign_k': 0.6199233197683369, 'ign_c': 116.77656111058243, 'trop_agb_crit': 1.1516791579401264, 'trop_k_veg': 2.1750299558471324, 'pop_amp': 0.05227304471878097, 'pop_peak': 4.997588519024062, 'pop_sig': 0.45440862105772445}. Best is trial 1128 with value: -0.620386984093161.
[I 2026-08-20 00:59:38,284] Trial 1523 finished with value: 0.45852478464448887 and parameters: {'k1': 0.05024564225897917, 'D_low': 2948.5590474431183, 'k2': 0.000266732371485362, 'D_high': 3313335.699284294, 'fire_exp': 1.8997715812569105, 'P_half': 5.3935715861222215, 'pre_dampen_half': 0.26329919519352674, 'gpp_af': 0.3039809105105713, 'gpp_b': 0.00020745690516200304, 'gpp_d': 13.313535828452114, 'ign_k': 2.3429018903042103, 'ign_c': 10.521645226275076, 'trop_agb_crit': 4.7181476382786345, 'trop_k_veg': 7.284722771752742, 'pop_amp': 0.017637780561261054, 'pop_peak': 3.4924234930228706, 'pop_sig': 0.5007236451585917}. Best is trial 1128 with value: -0.620386984093161.
[I 2026-08-20 00:59:40,079] Trial 1524 finished with value: 0.4587251236820876 and parameters: {'k1': 0.0003005456711763342, 'D_low': 15997.036750399644, 'k2': 0.012506127365984013, 'D_high': 3407972.442781084, 'fire_exp': 1.0424297858778047, 'P_half': 3.5065367759410933, 'pre_dampen_half': 1.1602935730254176, 'gpp_af': 0.0039111114609168725, 'gpp_b': 0.00010753486931714013, 'gpp_d': 0.8501485849716757, 'ign_k': 1.06014002333573, 'ign_c': 0.32092266539119524, 'trop_agb_crit': 1.7885625228831592, 'trop_k_veg': 4.259809990816865, 'pop_amp': 0.08669253378514101, 'pop_peak': 0.21006362759274547, 'pop_sig': 0.575929376447253}. Best is trial 1128 with value: -0.620386984093161.
[I 2026-08-20 00:59:41,858] Trial 1525 finished with value: 0.5326985783762072 and parameters: {'k1': 0.09253822354829261, 'D_low': 109.73547515002805, 'k2': 1.4278314176482149e-05, 'D_high': 87186.10507069799, 'fire_exp': 2.18611502272613, 'P_half': 12.097385029751509, 'pre_dampen_half': 2.6526067860291747, 'gpp_af': 0.2234498660880856, 'gpp_b': 0.001098551793951545, 'gpp_d': 750.5211993328332, 'ign_k': 0.0991523430930084, 'ign_c': 0.8712486228815234, 'trop_agb_crit': 2.222860071294544, 'trop_k_veg': 5.876664032005687, 'pop_amp': 0.019321122351970463, 'pop_peak': 9.971712134792076, 'pop_sig': 0.6111678310361962}. Best is trial 1128 with value: -0.620386984093161.
[I 2026-08-20 00:59:44,044] Trial 1526 finished with value: 0.6338303772642863 and parameters: {'k1': 7.672676214831146e-05, 'D_low': 10314.679873134619, 'k2': 0.00029795490785798086, 'D_high': 486.8632980892258, 'fire_exp': 2.25799590411359, 'P_half': 1014.3827490122986, 'pre_dampen_half': 15.733680104882719, 'gpp_af': 0.6175219738438001, 'gpp_b': 1.6278709951894081, 'gpp_d': 0.02192418569995143, 'ign_k': 0.0021891590438076316, 'ign_c': 0.11436388356141801, 'trop_agb_crit': 1.7880507751364265, 'trop_k_veg': 5.248624061445156, 'pop_amp': 0.03269917988522549, 'pop_peak': 0.12523023240556347, 'pop_sig': 0.29249790878652804}. Best is trial 1128 with value: -0.620386984093161.
[I 2026-08-20 00:59:45,886] Trial 1527 finished with value: 0.41913079981867907 and parameters: {'k1': 0.012260963729745354, 'D_low': 11.476079944113001, 'k2': 9.60144677882748e-05, 'D_high': 2118601.5670812814, 'fire_exp': 1.5496558037188424, 'P_half': 6.704393814851447, 'pre_dampen_half': 22.728970856300347, 'gpp_af': 0.013479633154014249, 'gpp_b': 2.9498269406614934e-05, 'gpp_d': 955.3672195132223, 'ign_k': 0.049182424309843584, 'ign_c': 4.446451700267294, 'trop_agb_crit': 6.4189038926243125, 'trop_k_veg': 7.725320824578175, 'pop_amp': 0.001413350153947228, 'pop_peak': 1.0143393776135616, 'pop_sig': 1.0254631142610289}. Best is trial 1128 with value: -0.620386984093161.
[I 2026-08-20 00:59:47,716] Trial 1528 finished with value: 0.6445374145881376 and parameters: {'k1': 0.00902372608943123, 'D_low': 1.7802467290401272, 'k2': 0.002593594257161668, 'D_high': 6136354.49568422, 'fire_exp': 2.2076912316178494, 'P_half': 1115.2568960714786, 'pre_dampen_half': 0.2882432714559214, 'gpp_af': 0.002489611457636064, 'gpp_b': 1.0528315072508294e-05, 'gpp_d': 0.6358277529317377, 'ign_k': 1.3507028038313489, 'ign_c': 263.0283385800441, 'trop_agb_crit': 1.3499364822657578, 'trop_k_veg': 2.7701021798176986, 'pop_amp': 9.934895875885733, 'pop_peak': 0.08833043199900194, 'pop_sig': 0.3601489159865668}. Best is trial 1128 with value: -0.620386984093161.
[I 2026-08-20 00:59:49,533] Trial 1529 finished with value: 0.45995249152336326 and parameters: {'k1': 0.00021252511883805672, 'D_low': 2.835938942059166, 'k2': 0.05190036067917151, 'D_high': 611619.9523393654, 'fire_exp': 1.2812291983059128, 'P_half': 1.3030758185401394, 'pre_dampen_half': 0.0279728243388933, 'gpp_af': 0.49649192754857485, 'gpp_b': 0.0035011147313296783, 'gpp_d': 42.57726162820178, 'ign_k': 0.1305053675140298, 'ign_c': 3.2061806495353973, 'trop_agb_crit': 12.441280267336296, 'trop_k_veg': 1.7166179044443257, 'pop_amp': 0.9218744427980464, 'pop_peak': 6.695841722474732, 'pop_sig': 2.0684566942341536}. Best is trial 1128 with value: -0.620386984093161.
[I 2026-08-20 00:59:51,334] Trial 1530 finished with value: 0.620743919996944 and parameters: {'k1': 0.017979239624714424, 'D_low': 1.2498729995509463, 'k2': 9.982387011782712e-05, 'D_high': 1919727.3294975336, 'fire_exp': 1.5750669871589684, 'P_half': 127.87025672630581, 'pre_dampen_half': 1.1795755703150843, 'gpp_af': 0.001268913072243096, 'gpp_b': 1.966159546897369e-05, 'gpp_d': 400.76626899482983, 'ign_k': 0.6080544970483109, 'ign_c': 60.52267013939222, 'trop_agb_crit': 8.699451057582007, 'trop_k_veg': 3.00952665104712, 'pop_amp': 0.0034008939629164014, 'pop_peak': 7.860974306764719, 'pop_sig': 0.5054757421249694}. Best is trial 1128 with value: -0.620386984093161.
[I 2026-08-20 00:59:53,122] Trial 1531 finished with value: 0.5796644114266437 and parameters: {'k1': 0.002669359757014351, 'D_low': 463.94655143613045, 'k2': 0.00021405208124414846, 'D_high': 2854688.1353825806, 'fire_exp': 4.975126912822816, 'P_half': 1072.9449157305532, 'pre_dampen_half': 0.11097824215677896, 'gpp_af': 2.4390112303733225, 'gpp_b': 0.0002719280035866858, 'gpp_d': 209.95160459279077, 'ign_k': 0.36429142540837545, 'ign_c': 0.18667439678215575, 'trop_agb_crit': 2.763640023258035, 'trop_k_veg': 3.123193941612659, 'pop_amp': 5.174480516285868, 'pop_peak': 1.0722939611797044, 'pop_sig': 0.9264906390849861}. Best is trial 1128 with value: -0.620386984093161.
[I 2026-08-20 00:59:54,929] Trial 1532 finished with value: 0.5103924127930295 and parameters: {'k1': 0.005580089295357512, 'D_low': 1285.4251825340073, 'k2': 0.00021018666768961693, 'D_high': 5793741.243151752, 'fire_exp': 3.5201599118410987, 'P_half': 6.591168876946311, 'pre_dampen_half': 0.5019917816838627, 'gpp_af': 16.5889501798402, 'gpp_b': 0.0010272192146748758, 'gpp_d': 5.283471699036019, 'ign_k': 0.3708623746074648, 'ign_c': 0.3054865958625009, 'trop_agb_crit': 5.330596335272776, 'trop_k_veg': 2.834358838667535, 'pop_amp': 0.07986052176340025, 'pop_peak': 0.21283673057228675, 'pop_sig': 1.045558045861732}. Best is trial 1128 with value: -0.620386984093161.
[I 2026-08-20 00:59:56,740] Trial 1533 finished with value: -0.5697077640557542 and parameters: {'k1': 0.07942007573896376, 'D_low': 5.036712974417458, 'k2': 0.00021251054668350859, 'D_high': 4695348.040706329, 'fire_exp': 1.9197448296853503, 'P_half': 6.925476531416801, 'pre_dampen_half': 2.1507372949074544, 'gpp_af': 0.024019387663011045, 'gpp_b': 0.00011696602835765598, 'gpp_d': 41.76691936398478, 'ign_k': 0.08455086620083149, 'ign_c': 3.211020905675931, 'trop_agb_crit': 4.9890826137272795, 'trop_k_veg': 4.828079005414727, 'pop_amp': 0.027856481465009946, 'pop_peak': 4.831266534443883, 'pop_sig': 0.4255516177412301}. Best is trial 1128 with value: -0.620386984093161.
[I 2026-08-20 00:59:58,553] Trial 1534 finished with value: 0.5595540776300589 and parameters: {'k1': 0.0020807400320858455, 'D_low': 4585.604373983355, 'k2': 0.00534010438819481, 'D_high': 824359.1745099497, 'fire_exp': 2.9809662856106613, 'P_half': 1187.2144228590155, 'pre_dampen_half': 0.14649449874304804, 'gpp_af': 0.0042511319665932855, 'gpp_b': 8.798147465175888e-05, 'gpp_d': 32.86174749388543, 'ign_k': 0.044680541057146146, 'ign_c': 0.23318109896137648, 'trop_agb_crit': 2.5119676376205584, 'trop_k_veg': 3.152736373329604, 'pop_amp': 13.91436110640258, 'pop_peak': 38.383038144040846, 'pop_sig': 2.004625294242542}. Best is trial 1128 with value: -0.620386984093161.
[I 2026-08-20 01:00:00,356] Trial 1535 finished with value: 0.510059121623042 and parameters: {'k1': 0.0012463018384065777, 'D_low': 37873.26774943399, 'k2': 0.023781428877207116, 'D_high': 256584.9555466882, 'fire_exp': 2.389482113440502, 'P_half': 219.68164922057449, 'pre_dampen_half': 127.26383875381929, 'gpp_af': 1.2255457442600517, 'gpp_b': 2.8221560301300524e-05, 'gpp_d': 112.25670984116829, 'ign_k': 0.00971719389445479, 'ign_c': 0.28063076147528276, 'trop_agb_crit': 1.8317886460270645, 'trop_k_veg': 4.322945919697356, 'pop_amp': 2.7119181068068654, 'pop_peak': 79.87183757370477, 'pop_sig': 2.2752118698191826}. Best is trial 1128 with value: -0.620386984093161.
