[I 2026-07-22 21:57:36,594] Trial 737 finished with values: [-0.6063358640788573, 0.12491507709139482] and parameters: {'k1': 9.969469187531805e-05, 'D_low': 4.043300846639722, 'k2': 2.1698375693549493e-05, 'D_high': 1693415.5410667954, 'fire_exp': 2.2271826002669806, 'P_half': 3.6138942712165267, 'pre_dampen_half': 868.1843415114095, 'gpp_af': 2.114381609520638, 'gpp_b': 3.228689523591491e-05, 'gpp_d': 0.4841900740994021, 'ign_k': 4.59148521674054, 'ign_c': 8.356564873457042, 'trop_agb_crit': 2.419699259862185, 'trop_k_veg': 6.911478238001162, 'fuel_k': 0.028970790717327534, 'fuel_half': 38.21129441691226}.
[I 2026-07-22 21:57:37,018] Trial 738 finished with values: [10.496884884226299, 10.496884884226299] and parameters: {'k1': 0.003242143344038315, 'D_low': 4.039009420067191, 'k2': 1.6559474674046002e-05, 'D_high': 142222.4154204991, 'fire_exp': 2.2271826002669806, 'P_half': 119.9763911113096, 'pre_dampen_half': 33.97904243111269, 'gpp_af': 1.4498445474033743, 'gpp_b': 3.228689523591491e-05, 'gpp_d': 6.91394869865762, 'ign_k': 0.23872908899163253, 'ign_c': 0.13670484737132343, 'trop_agb_crit': 5.707205898008383, 'trop_k_veg': 6.911478238001162, 'fuel_k': 0.09252659617259135, 'fuel_half': 38.21129441691226}.
[I 2026-07-22 21:57:37,442] Trial 739 finished with values: [10.426183299922272, 10.426183299922272] and parameters: {'k1': 9.969469187531805e-05, 'D_low': 4.043300846639722, 'k2': 1.7748726309834853e-05, 'D_high': 5109990.035268142, 'fire_exp': 2.3123511487896353, 'P_half': 1.4378290221680121, 'pre_dampen_half': 10.059683154936915, 'gpp_af': 42.29037995744429, 'gpp_b': 1.7565109007473816e-05, 'gpp_d': 0.9921551226341596, 'ign_k': 0.050667002161528835, 'ign_c': 2.4423775964038934, 'trop_agb_crit': 10.719494362768906, 'trop_k_veg': 1.140286245977296, 'fuel_k': 0.028970790717327534, 'fuel_half': 2.276766792290519}.
[I 2026-07-22 21:57:37,865] Trial 740 finished with values: [10.769230768838547, 10.769230768838547] and parameters: {'k1': 9.969469187531805e-05, 'D_low': 1.1640589436768796, 'k2': 1.6559474674046002e-05, 'D_high': 8433503.858791472, 'fire_exp': 1.0689448798385355, 'P_half': 9.324787201197319, 'pre_dampen_half': 10.059683154936915, 'gpp_af': 42.29037995744429, 'gpp_b': 0.011390237215927782, 'gpp_d': 6.91394869865762, 'ign_k': 4.59148521674054, 'ign_c': 970.0350245893909, 'trop_agb_crit': 15.934292526012918, 'trop_k_veg': 0.977663002683211, 'fuel_k': 3.6992394681929355, 'fuel_half': 16.371966573507315}.
[I 2026-07-22 21:57:38,292] Trial 741 finished with values: [10.208300391836662, 10.208300391836662] and parameters: {'k1': 6.693990428538841e-05, 'D_low': 11.437258028094242, 'k2': 0.002342238625792905, 'D_high': 2512533.442757688, 'fire_exp': 2.3123511487896353, 'P_half': 27.59069025439785, 'pre_dampen_half': 10.059683154936915, 'gpp_af': 1.4498445474033743, 'gpp_b': 0.002022832315155261, 'gpp_d': 6.91394869865762, 'ign_k': 0.04732407125181112, 'ign_c': 0.13670484737132343, 'trop_agb_crit': 5.707205898008383, 'trop_k_veg': 0.977663002683211, 'fuel_k': 3.6992394681929355, 'fuel_half': 2.276766792290519}.
[I 2026-07-22 21:57:38,718] Trial 742 finished with values: [11.227055660836468, 11.227055660836468] and parameters: {'k1': 0.003242143344038315, 'D_low': 4.043300846639722, 'k2': 1.6559474674046002e-05, 'D_high': 2512533.442757688, 'fire_exp': 2.2271826002669806, 'P_half': 119.9763911113096, 'pre_dampen_half': 33.97904243111269, 'gpp_af': 2.114381609520638, 'gpp_b': 3.228689523591491e-05, 'gpp_d': 11.91508626986522, 'ign_k': 4.59148521674054, 'ign_c': 3.4084279109230433, 'trop_agb_crit': 5.707205898008383, 'trop_k_veg': 1.140286245977296, 'fuel_k': 0.09252659617259135, 'fuel_half': 38.21129441691226}.
[I 2026-07-22 21:57:39,138] Trial 743 finished with values: [-0.3799595421534677, 0.08330848271828117] and parameters: {'k1': 0.003242143344038315, 'D_low': 11.437258028094242, 'k2': 0.0007406380926311093, 'D_high': 1693415.5410667954, 'fire_exp': 2.264545306066772, 'P_half': 8.606931125089957, 'pre_dampen_half': 6.881834772031151, 'gpp_af': 1.1300566419249867, 'gpp_b': 0.002022832315155261, 'gpp_d': 373.3014953695604, 'ign_k': 0.004144296901136395, 'ign_c': 0.19678273362633986, 'trop_agb_crit': 1.7813653882411722, 'trop_k_veg': 1.6340262437673856, 'fuel_k': 3.6992394681929355, 'fuel_half': 38.21129441691226}.
[I 2026-07-22 21:57:39,561] Trial 744 finished with values: [-0.32126443096813684, 0.07796806354378127] and parameters: {'k1': 0.09738633019266786, 'D_low': 13.25142220631392, 'k2': 3.5281132746849994e-05, 'D_high': 1693415.5410667954, 'fire_exp': 2.092714390386472, 'P_half': 270.15957920129443, 'pre_dampen_half': 89.15632969317363, 'gpp_af': 0.033373034352042676, 'gpp_b': 0.00011277885258222645, 'gpp_d': 373.3014953695604, 'ign_k': 0.004144296901136395, 'ign_c': 3.0378658251922155, 'trop_agb_crit': 2.8338296020180445, 'trop_k_veg': 0.5415365826598848, 'fuel_k': 0.028970790717327534, 'fuel_half': 81.87941582538087}.
[I 2026-07-22 21:57:39,983] Trial 745 finished with values: [-0.4294994265858185, 0.12592125992911374] and parameters: {'k1': 0.09738633019266786, 'D_low': 4.043300846639722, 'k2': 0.07799059237255677, 'D_high': 1693415.5410667954, 'fire_exp': 2.3123511487896353, 'P_half': 3.6138942712165267, 'pre_dampen_half': 6.881834772031151, 'gpp_af': 0.06789053271698488, 'gpp_b': 1.2892705405728861e-05, 'gpp_d': 8.057329182285729, 'ign_k': 0.006039096247545781, 'ign_c': 4.1108484350212295, 'trop_agb_crit': 15.870971677383487, 'trop_k_veg': 2.8197814416756284, 'fuel_k': 1.8731335591844647, 'fuel_half': 38.21129441691226}.
[I 2026-07-22 21:57:40,403] Trial 746 finished with values: [10.143844057760415, 10.143844057760415] and parameters: {'k1': 9.969469187531805e-05, 'D_low': 8454.098152188677, 'k2': 0.002342238625792905, 'D_high': 8433503.858791472, 'fire_exp': 2.2271826002669806, 'P_half': 1.4378290221680121, 'pre_dampen_half': 33.71909132517388, 'gpp_af': 0.06789053271698488, 'gpp_b': 0.002022832315155261, 'gpp_d': 373.3014953695604, 'ign_k': 4.59148521674054, 'ign_c': 0.13670484737132343, 'trop_agb_crit': 10.719494362768906, 'trop_k_veg': 0.977663002683211, 'fuel_k': 0.48736180483849406, 'fuel_half': 81.87941582538087}.
[I 2026-07-22 21:57:40,828] Trial 747 finished with values: [10.740248503082693, 10.740248503082693] and parameters: {'k1': 6.693990428538841e-05, 'D_low': 1.1640589436768796, 'k2': 0.002342238625792905, 'D_high': 14529.436909277043, 'fire_exp': 2.3750840427797026, 'P_half': 28.15630081597223, 'pre_dampen_half': 1.3502584986530783, 'gpp_af': 2.114381609520638, 'gpp_b': 1.2892705405728861e-05, 'gpp_d': 25.017068255320467, 'ign_k': 4.59148521674054, 'ign_c': 16.626592254031866, 'trop_agb_crit': 6.058402553512053, 'trop_k_veg': 0.977663002683211, 'fuel_k': 3.6992394681929355, 'fuel_half': 42.6871254378718}.
[I 2026-07-22 21:57:41,249] Trial 748 finished with values: [10.11269857633845, 10.11269857633845] and parameters: {'k1': 6.693990428538841e-05, 'D_low': 8454.098152188677, 'k2': 0.002342238625792905, 'D_high': 8433503.858791472, 'fire_exp': 2.3750840427797026, 'P_half': 1.4378290221680121, 'pre_dampen_half': 33.71909132517388, 'gpp_af': 42.29037995744429, 'gpp_b': 0.002022832315155261, 'gpp_d': 6.91394869865762, 'ign_k': 4.59148521674054, 'ign_c': 0.13670484737132343, 'trop_agb_crit': 10.719494362768906, 'trop_k_veg': 6.911478238001162, 'fuel_k': 3.6992394681929355, 'fuel_half': 18.202647368248815}.
[I 2026-07-22 21:57:41,671] Trial 749 finished with values: [10.103020379280272, 10.103020379280272] and parameters: {'k1': 9.969469187531805e-05, 'D_low': 1.1640589436768796, 'k2': 0.030699709531122953, 'D_high': 2512533.442757688, 'fire_exp': 2.3750840427797026, 'P_half': 1.4378290221680121, 'pre_dampen_half': 33.71909132517388, 'gpp_af': 1.4498445474033743, 'gpp_b': 0.00011277885258222645, 'gpp_d': 373.3014953695604, 'ign_k': 4.59148521674054, 'ign_c': 16.626592254031866, 'trop_agb_crit': 10.719494362768906, 'trop_k_veg': 1.140286245977296, 'fuel_k': 0.017262921159278164, 'fuel_half': 16.371966573507315}.
[I 2026-07-22 21:57:42,111] Trial 750 finished with values: [11.417179843345455, 11.417179843345455] and parameters: {'k1': 0.003242143344038315, 'D_low': 1.1640589436768796, 'k2': 0.030699709531122953, 'D_high': 580966.5602369158, 'fire_exp': 2.3123511487896353, 'P_half': 1.4378290221680121, 'pre_dampen_half': 868.1843415114095, 'gpp_af': 1.4498445474033743, 'gpp_b': 0.00011277885258222645, 'gpp_d': 373.3014953695604, 'ign_k': 0.04732407125181112, 'ign_c': 3.0378658251922155, 'trop_agb_crit': 15.870971677383487, 'trop_k_veg': 1.140286245977296, 'fuel_k': 0.028970790717327534, 'fuel_half': 16.371966573507315}.
[I 2026-07-22 21:57:42,533] Trial 751 finished with values: [-0.6080624466459787, 0.11538513196524036] and parameters: {'k1': 9.969469187531805e-05, 'D_low': 6.08502350914002, 'k2': 1.6559474674046002e-05, 'D_high': 8433503.858791472, 'fire_exp': 2.3123511487896353, 'P_half': 27.59069025439785, 'pre_dampen_half': 10.059683154936915, 'gpp_af': 27.103231600028096, 'gpp_b': 3.228689523591491e-05, 'gpp_d': 6.91394869865762, 'ign_k': 4.59148521674054, 'ign_c': 0.19678273362633986, 'trop_agb_crit': 1.7813653882411722, 'trop_k_veg': 1.140286245977296, 'fuel_k': 0.028970790717327534, 'fuel_half': 2.276766792290519}.
[I 2026-07-22 21:57:42,957] Trial 752 finished with values: [10.767042695687257, 10.767042695687257] and parameters: {'k1': 0.0029707920514735983, 'D_low': 8454.098152188677, 'k2': 2.8459703343413838e-05, 'D_high': 8433503.858791472, 'fire_exp': 2.3750840427797026, 'P_half': 9.324787201197319, 'pre_dampen_half': 33.71909132517388, 'gpp_af': 0.0025511964576171086, 'gpp_b': 0.004996983241344723, 'gpp_d': 1.050978521342778, 'ign_k': 4.59148521674054, 'ign_c': 0.13670484737132343, 'trop_agb_crit': 15.870971677383487, 'trop_k_veg': 6.911478238001162, 'fuel_k': 0.6199941538390381, 'fuel_half': 18.202647368248815}.
[I 2026-07-22 21:57:43,378] Trial 753 finished with values: [10.719588648601098, 10.719588648601098] and parameters: {'k1': 6.004682478324439e-05, 'D_low': 13.25142220631392, 'k2': 0.0007406380926311093, 'D_high': 30235.506416287044, 'fire_exp': 2.264545306066772, 'P_half': 1.4378290221680121, 'pre_dampen_half': 33.71909132517388, 'gpp_af': 0.10349059737742376, 'gpp_b': 1.2892705405728861e-05, 'gpp_d': 8.057329182285729, 'ign_k': 0.5884974770225297, 'ign_c': 0.13670484737132343, 'trop_agb_crit': 15.870971677383487, 'trop_k_veg': 6.911478238001162, 'fuel_k': 0.09687984402504125, 'fuel_half': 38.21129441691226}.
  trial  754/1500  pareto_size=3  best_taylor=0.7430  best_ilamb=0.5761  (5.4 min)
[I 2026-07-22 21:57:43,921] Trial 754 finished with values: [10.045160338867385, 10.045160338867385] and parameters: {'k1': 9.969469187531805e-05, 'D_low': 13.25142220631392, 'k2': 0.030699709531122953, 'D_high': 1609.0002266066606, 'fire_exp': 1.5922031489278718, 'P_half': 9.324787201197319, 'pre_dampen_half': 3.9885726374014694, 'gpp_af': 0.0025511964576171086, 'gpp_b': 1.7565109007473816e-05, 'gpp_d': 373.3014953695604, 'ign_k': 4.59148521674054, 'ign_c': 4.1108484350212295, 'trop_agb_crit': 15.870971677383487, 'trop_k_veg': 2.2426202441332554, 'fuel_k': 0.6199941538390381, 'fuel_half': 1.7473876325395623}.
[I 2026-07-22 21:57:44,344] Trial 755 finished with values: [-0.6503088622030602, 0.06523028444917645] and parameters: {'k1': 0.0029707920514735983, 'D_low': 2364.7263747938764, 'k2': 2.1698375693549493e-05, 'D_high': 8433503.858791472, 'fire_exp': 2.3123511487896353, 'P_half': 27.59069025439785, 'pre_dampen_half': 33.71909132517388, 'gpp_af': 18.235072804314193, 'gpp_b': 3.228689523591491e-05, 'gpp_d': 25.017068255320467, 'ign_k': 0.04732407125181112, 'ign_c': 0.19678273362633986, 'trop_agb_crit': 6.119263728555865, 'trop_k_veg': 0.977663002683211, 'fuel_k': 0.48736180483849406, 'fuel_half': 0.33988503110784557}.
[I 2026-07-22 21:57:44,764] Trial 756 finished with values: [-0.5032927521282209, 0.13964533487460595] and parameters: {'k1': 0.0029707920514735983, 'D_low': 11.437258028094242, 'k2': 2.1698375693549493e-05, 'D_high': 160625.60954780428, 'fire_exp': 2.2271826002669806, 'P_half': 28.15630081597223, 'pre_dampen_half': 10.059683154936915, 'gpp_af': 1.4498445474033743, 'gpp_b': 3.228689523591491e-05, 'gpp_d': 25.017068255320467, 'ign_k': 0.04732407125181112, 'ign_c': 3.0378658251922155, 'trop_agb_crit': 15.870971677383487, 'trop_k_veg': 6.911478238001162, 'fuel_k': 0.028970790717327534, 'fuel_half': 18.202647368248815}.
[I 2026-07-22 21:57:45,185] Trial 757 finished with values: [10.774255072980965, 10.774255072980965] and parameters: {'k1': 0.003242143344038315, 'D_low': 4.043300846639722, 'k2': 1.6559474674046002e-05, 'D_high': 2512533.442757688, 'fire_exp': 2.134570176612083, 'P_half': 27.59069025439785, 'pre_dampen_half': 33.71909132517388, 'gpp_af': 18.235072804314193, 'gpp_b': 0.00011277885258222645, 'gpp_d': 46.56631834235629, 'ign_k': 0.050667002161528835, 'ign_c': 0.19678273362633986, 'trop_agb_crit': 1.7813653882411722, 'trop_k_veg': 4.219931482382712, 'fuel_k': 0.010731156315400357, 'fuel_half': 16.371966573507315}.
[I 2026-07-22 21:57:45,607] Trial 758 finished with values: [10.634993470382717, 10.634993470382717] and parameters: {'k1': 0.0004619723604324944, 'D_low': 11.437258028094242, 'k2': 1.6559474674046002e-05, 'D_high': 2512533.442757688, 'fire_exp': 2.3123511487896353, 'P_half': 119.9763911113096, 'pre_dampen_half': 33.97904243111269, 'gpp_af': 0.0025511964576171086, 'gpp_b': 0.002022832315155261, 'gpp_d': 2.5510604992870736, 'ign_k': 0.04732407125181112, 'ign_c': 3.0378658251922155, 'trop_agb_crit': 5.707205898008383, 'trop_k_veg': 6.911478238001162, 'fuel_k': 0.09252659617259135, 'fuel_half': 18.202647368248815}.
[I 2026-07-22 21:57:46,036] Trial 759 finished with values: [10.452331481087718, 10.452331481087718] and parameters: {'k1': 0.003663433473924883, 'D_low': 11.437258028094242, 'k2': 2.1698375693549493e-05, 'D_high': 580966.5602369158, 'fire_exp': 2.3123511487896353, 'P_half': 28.15630081597223, 'pre_dampen_half': 10.059683154936915, 'gpp_af': 1.4498445474033743, 'gpp_b': 1.7565109007473816e-05, 'gpp_d': 0.012472726063715429, 'ign_k': 0.04732407125181112, 'ign_c': 3.0378658251922155, 'trop_agb_crit': 15.870971677383487, 'trop_k_veg': 0.9369104721775232, 'fuel_k': 0.028970790717327534, 'fuel_half': 18.202647368248815}.
[I 2026-07-22 21:57:46,456] Trial 760 finished with values: [10.753822343802291, 10.753822343802291] and parameters: {'k1': 0.003242143344038315, 'D_low': 4.043300846639722, 'k2': 1.6559474674046002e-05, 'D_high': 2512533.442757688, 'fire_exp': 2.2271826002669806, 'P_half': 27.59069025439785, 'pre_dampen_half': 0.19909760862828824, 'gpp_af': 2.114381609520638, 'gpp_b': 3.228689523591491e-05, 'gpp_d': 0.4841900740994021, 'ign_k': 0.04732407125181112, 'ign_c': 0.19678273362633986, 'trop_agb_crit': 1.7813653882411722, 'trop_k_veg': 6.911478238001162, 'fuel_k': 0.09252659617259135, 'fuel_half': 0.33988503110784557}.
[I 2026-07-22 21:57:46,884] Trial 761 finished with values: [10.820677939884288, 10.820677939884288] and parameters: {'k1': 0.09738633019266786, 'D_low': 1.1640589436768796, 'k2': 0.05438762195226743, 'D_high': 2512533.442757688, 'fire_exp': 2.3750840427797026, 'P_half': 119.9763911113096, 'pre_dampen_half': 868.1843415114095, 'gpp_af': 0.3259758793317361, 'gpp_b': 0.00012118589392553819, 'gpp_d': 373.3014953695604, 'ign_k': 0.050667002161528835, 'ign_c': 0.13670484737132343, 'trop_agb_crit': 10.719494362768906, 'trop_k_veg': 0.5695379443977426, 'fuel_k': 3.6992394681929355, 'fuel_half': 18.202647368248815}.
[I 2026-07-22 21:57:47,308] Trial 762 finished with values: [-0.5461582620473884, 0.141400561217916] and parameters: {'k1': 0.003663433473924883, 'D_low': 11.437258028094242, 'k2': 2.1698375693549493e-05, 'D_high': 580966.5602369158, 'fire_exp': 2.3123511487896353, 'P_half': 28.15630081597223, 'pre_dampen_half': 10.059683154936915, 'gpp_af': 1.4498445474033743, 'gpp_b': 1.7565109007473816e-05, 'gpp_d': 25.017068255320467, 'ign_k': 0.04732407125181112, 'ign_c': 3.0378658251922155, 'trop_agb_crit': 15.870971677383487, 'trop_k_veg': 0.9369104721775232, 'fuel_k': 0.028970790717327534, 'fuel_half': 18.202647368248815}.
[I 2026-07-22 21:57:47,731] Trial 763 finished with values: [10.5195428040264, 10.5195428040264] and parameters: {'k1': 6.693990428538841e-05, 'D_low': 8454.098152188677, 'k2': 0.002342238625792905, 'D_high': 8433503.858791472, 'fire_exp': 2.3750840427797026, 'P_half': 1.4378290221680121, 'pre_dampen_half': 33.71909132517388, 'gpp_af': 6.330661837630909, 'gpp_b': 0.002022832315155261, 'gpp_d': 25.017068255320467, 'ign_k': 4.59148521674054, 'ign_c': 16.626592254031866, 'trop_agb_crit': 10.719494362768906, 'trop_k_veg': 1.7428926895756522, 'fuel_k': 0.09252659617259135, 'fuel_half': 2.276766792290519}.
[I 2026-07-22 21:57:48,152] Trial 764 finished with values: [10.350830472560816, 10.350830472560816] and parameters: {'k1': 9.969469187531805e-05, 'D_low': 4.043300846639722, 'k2': 0.030699709531122953, 'D_high': 1693415.5410667954, 'fire_exp': 2.2271826002669806, 'P_half': 1.4378290221680121, 'pre_dampen_half': 33.97904243111269, 'gpp_af': 0.0025511964576171086, 'gpp_b': 3.228689523591491e-05, 'gpp_d': 373.3014953695604, 'ign_k': 4.59148521674054, 'ign_c': 3.0378658251922155, 'trop_agb_crit': 10.719494362768906, 'trop_k_veg': 0.7312511141991346, 'fuel_k': 0.017262921159278164, 'fuel_half': 18.202647368248815}.
[I 2026-07-22 21:57:48,575] Trial 765 finished with values: [-0.6467372079966928, 0.12167921515927249] and parameters: {'k1': 6.693990428538841e-05, 'D_low': 13.25142220631392, 'k2': 2.8459703343413838e-05, 'D_high': 8433503.858791472, 'fire_exp': 2.3750840427797026, 'P_half': 9.324787201197319, 'pre_dampen_half': 33.71909132517388, 'gpp_af': 1.4498445474033743, 'gpp_b': 0.002022832315155261, 'gpp_d': 8.057329182285729, 'ign_k': 4.59148521674054, 'ign_c': 4.1108484350212295, 'trop_agb_crit': 15.870971677383487, 'trop_k_veg': 0.977663002683211, 'fuel_k': 3.6992394681929355, 'fuel_half': 81.87941582538087}.
[I 2026-07-22 21:57:48,994] Trial 766 finished with values: [-0.38641208407786415, 0.0954428991320112] and parameters: {'k1': 9.969469187531805e-05, 'D_low': 13.25142220631392, 'k2': 2.8459703343413838e-05, 'D_high': 1693415.5410667954, 'fire_exp': 2.2271826002669806, 'P_half': 1.4378290221680121, 'pre_dampen_half': 10.059683154936915, 'gpp_af': 0.0025511964576171086, 'gpp_b': 0.00011277885258222645, 'gpp_d': 373.3014953695604, 'ign_k': 4.59148521674054, 'ign_c': 4.1108484350212295, 'trop_agb_crit': 15.870971677383487, 'trop_k_veg': 2.2426202441332554, 'fuel_k': 0.09687984402504125, 'fuel_half': 16.371966573507315}.
[I 2026-07-22 21:57:49,413] Trial 767 finished with values: [10.133065979223876, 10.133065979223876] and parameters: {'k1': 9.969469187531805e-05, 'D_low': 1.1640589436768796, 'k2': 2.8459703343413838e-05, 'D_high': 8433503.858791472, 'fire_exp': 1.0482996836046896, 'P_half': 1.4378290221680121, 'pre_dampen_half': 10.059683154936915, 'gpp_af': 0.06789053271698488, 'gpp_b': 0.02048523887932671, 'gpp_d': 373.3014953695604, 'ign_k': 4.59148521674054, 'ign_c': 16.626592254031866, 'trop_agb_crit': 10.719494362768906, 'trop_k_veg': 1.140286245977296, 'fuel_k': 0.48736180483849406, 'fuel_half': 2.276766792290519}.
[I 2026-07-22 21:57:49,863] Trial 768 finished with values: [-0.6285444517773158, 0.07449193613266969] and parameters: {'k1': 0.09738633019266786, 'D_low': 1628.7738522891475, 'k2': 2.1698375693549493e-05, 'D_high': 1693415.5410667954, 'fire_exp': 2.3123511487896353, 'P_half': 9.324787201197319, 'pre_dampen_half': 10.059683154936915, 'gpp_af': 1.1300566419249867, 'gpp_b': 1.7565109007473816e-05, 'gpp_d': 8.057329182285729, 'ign_k': 0.050667002161528835, 'ign_c': 0.7257841640690941, 'trop_agb_crit': 15.870971677383487, 'trop_k_veg': 6.911478238001162, 'fuel_k': 0.7156083490235493, 'fuel_half': 18.202647368248815}.
[I 2026-07-22 21:57:50,292] Trial 769 finished with values: [10.285832447001827, 10.285832447001827] and parameters: {'k1': 9.969469187531805e-05, 'D_low': 864.0717009254879, 'k2': 2.8459703343413838e-05, 'D_high': 1693415.5410667954, 'fire_exp': 2.2271826002669806, 'P_half': 9.324787201197319, 'pre_dampen_half': 10.059683154936915, 'gpp_af': 0.16548212780921995, 'gpp_b': 1.7565109007473816e-05, 'gpp_d': 8.057329182285729, 'ign_k': 4.59148521674054, 'ign_c': 0.13670484737132343, 'trop_agb_crit': 10.719494362768906, 'trop_k_veg': 6.911478238001162, 'fuel_k': 3.6992394681929355, 'fuel_half': 81.87941582538087}.
[I 2026-07-22 21:57:50,722] Trial 770 finished with values: [10.481554301294318, 10.481554301294318] and parameters: {'k1': 1.118106310430073e-05, 'D_low': 4.043300846639722, 'k2': 1.6559474674046002e-05, 'D_high': 580966.5602369158, 'fire_exp': 2.3123511487896353, 'P_half': 1.4378290221680121, 'pre_dampen_half': 10.059683154936915, 'gpp_af': 1.4498445474033743, 'gpp_b': 3.228689523591491e-05, 'gpp_d': 25.017068255320467, 'ign_k': 4.59148521674054, 'ign_c': 16.626592254031866, 'trop_agb_crit': 5.707205898008383, 'trop_k_veg': 1.7428926895756522, 'fuel_k': 0.09252659617259135, 'fuel_half': 0.33988503110784557}.
[I 2026-07-22 21:57:51,155] Trial 771 finished with values: [10.765778721902835, 10.765778721902835] and parameters: {'k1': 6.693990428538841e-05, 'D_low': 8454.098152188677, 'k2': 0.002342238625792905, 'D_high': 8433503.858791472, 'fire_exp': 2.3750840427797026, 'P_half': 1.4378290221680121, 'pre_dampen_half': 0.16069682196977472, 'gpp_af': 1.4498445474033743, 'gpp_b': 0.002022832315155261, 'gpp_d': 6.91394869865762, 'ign_k': 4.59148521674054, 'ign_c': 0.13670484737132343, 'trop_agb_crit': 10.719494362768906, 'trop_k_veg': 0.977663002683211, 'fuel_k': 3.6992394681929355, 'fuel_half': 81.87941582538087}.
