[I 2026-08-20 00:48:41,132] Trial 1502 finished with value: 0.4966753947475645 and parameters: {'k1': 0.09673853399588328, 'D_low': 1.059202510306012, 'k2': 3.346265249336983e-05, 'D_high': 2194496.6249157335, 'fire_exp': 5.654646513067543, 'P_half': 32.46070796633853, 'pre_dampen_half': 3.7760082409183924, 'gpp_af': 5.793634556384402, 'gpp_b': 1.603734787407919e-05, 'gpp_d': 606.609835494881, 'ign_k': 0.09287038460657232, 'ign_c': 1.10501564617552, 'trop_agb_crit': 17.57783628203799, 'trop_k_veg': 3.4506020302904616}. Best is trial 1285 with value: -0.6015874360929447.
[I 2026-08-20 00:48:42,524] Trial 1503 finished with value: 0.43309049753469453 and parameters: {'k1': 0.0558569231647319, 'D_low': 53.00047662232611, 'k2': 0.00023682892062799088, 'D_high': 494893.28812122566, 'fire_exp': 5.089889501712731, 'P_half': 16.993053203143365, 'pre_dampen_half': 35.28501150833851, 'gpp_af': 2.416684837285048, 'gpp_b': 1.8543165706758992e-05, 'gpp_d': 420.29549502404626, 'ign_k': 0.5861502052164083, 'ign_c': 4.571783646639661, 'trop_agb_crit': 26.439455661075197, 'trop_k_veg': 1.4526059506706692}. Best is trial 1285 with value: -0.6015874360929447.
[I 2026-08-20 00:48:43,929] Trial 1504 finished with value: 0.6355679775140043 and parameters: {'k1': 7.822987412638338e-05, 'D_low': 46.41927204136884, 'k2': 0.003315013039461044, 'D_high': 11.828471334108329, 'fire_exp': 3.2729361326842143, 'P_half': 39.85392784647011, 'pre_dampen_half': 172.2141951179259, 'gpp_af': 2.9290591906665737, 'gpp_b': 0.00029366738279562257, 'gpp_d': 135.15714721392203, 'ign_k': 9.75063587080821, 'ign_c': 18.867952520351423, 'trop_agb_crit': 2.0929266550328123, 'trop_k_veg': 4.256819485258863}. Best is trial 1285 with value: -0.6015874360929447.
[I 2026-08-20 00:48:45,384] Trial 1505 finished with value: 0.5467892064755457 and parameters: {'k1': 0.003370368918439015, 'D_low': 3.7417829919090995, 'k2': 1.8213045305239693e-05, 'D_high': 923542.7011570026, 'fire_exp': 4.069025573864714, 'P_half': 1.5999228716469525, 'pre_dampen_half': 11.761693887749207, 'gpp_af': 8.120514735272398, 'gpp_b': 0.0017492527631905387, 'gpp_d': 3.2981272275210407, 'ign_k': 3.165379022570523, 'ign_c': 26.119277118698278, 'trop_agb_crit': 1.6867589760081314, 'trop_k_veg': 3.2373722976679793}. Best is trial 1285 with value: -0.6015874360929447.
[I 2026-08-20 00:48:46,790] Trial 1506 finished with value: 0.6445374145881376 and parameters: {'k1': 3.0924749005797784e-05, 'D_low': 12357.132319430712, 'k2': 0.016360193192510593, 'D_high': 53278.8500392913, 'fire_exp': 8.162362014907115, 'P_half': 6.293167185963247, 'pre_dampen_half': 0.047884297742208315, 'gpp_af': 0.00931094101939272, 'gpp_b': 0.060487367089181586, 'gpp_d': 1.0335994261642283, 'ign_k': 0.04377744996240721, 'ign_c': 337.27221964763174, 'trop_agb_crit': 4.061355852657846, 'trop_k_veg': 2.265966896373383}. Best is trial 1285 with value: -0.6015874360929447.
[I 2026-08-20 00:48:48,160] Trial 1507 finished with value: 0.5839695139441996 and parameters: {'k1': 2.1141177361203293e-05, 'D_low': 402.5130036714887, 'k2': 3.079123890065788e-05, 'D_high': 857154.5569371687, 'fire_exp': 2.8122248444531337, 'P_half': 5.930120596549705, 'pre_dampen_half': 2.3153899204820965, 'gpp_af': 0.4278195942067564, 'gpp_b': 0.07537478546326067, 'gpp_d': 214.7270556229615, 'ign_k': 0.009289263973048778, 'ign_c': 25.82361084759692, 'trop_agb_crit': 11.678177876181689, 'trop_k_veg': 3.080400622871288}. Best is trial 1285 with value: -0.6015874360929447.
[I 2026-08-20 00:48:49,743] Trial 1508 finished with value: 0.6447992779427165 and parameters: {'k1': 0.0032863875795683638, 'D_low': 186.10267238716497, 'k2': 1.7082204496115093e-05, 'D_high': 7182151.271149817, 'fire_exp': 1.7867562967157056, 'P_half': 2.0940577963645426, 'pre_dampen_half': 14.755855794448333, 'gpp_af': 24.699852998999585, 'gpp_b': 0.043490282763740236, 'gpp_d': 86.50214406438552, 'ign_k': 7.602199820333401, 'ign_c': 37.53499663868545, 'trop_agb_crit': 3.02817135020882, 'trop_k_veg': 1.0285396308898445}. Best is trial 1285 with value: -0.6015874360929447.
[I 2026-08-20 00:48:51,133] Trial 1509 finished with value: 0.5697083069886629 and parameters: {'k1': 9.862747880935458e-05, 'D_low': 1851.1950533063955, 'k2': 0.0005621651644838869, 'D_high': 930381.6499998493, 'fire_exp': 2.5041275012998105, 'P_half': 29.448353573476275, 'pre_dampen_half': 45.75981964497677, 'gpp_af': 8.153101149079713, 'gpp_b': 0.005206060857437256, 'gpp_d': 341.3306202557451, 'ign_k': 0.03087420158152892, 'ign_c': 34.457504860162004, 'trop_agb_crit': 5.778272919397934, 'trop_k_veg': 6.250958994685197}. Best is trial 1285 with value: -0.6015874360929447.
[I 2026-08-20 00:48:52,828] Trial 1510 finished with value: 0.6445374145881376 and parameters: {'k1': 0.00063135263364951, 'D_low': 4.416854991753539, 'k2': 0.0007816861222073347, 'D_high': 68.22025165400923, 'fire_exp': 3.997481195234161, 'P_half': 201.98982974595424, 'pre_dampen_half': 0.28169765973744726, 'gpp_af': 57.45353094346029, 'gpp_b': 0.004196462849261131, 'gpp_d': 66.97372375703907, 'ign_k': 0.024601721951319377, 'ign_c': 124.06489697453918, 'trop_agb_crit': 1.8729601750222484, 'trop_k_veg': 1.859992127563153}. Best is trial 1285 with value: -0.6015874360929447.
[I 2026-08-20 00:48:54,205] Trial 1511 finished with value: 0.5269815562366638 and parameters: {'k1': 5.9920775976304265e-05, 'D_low': 65.63266879087243, 'k2': 0.00035126398230499916, 'D_high': 1109171.046686534, 'fire_exp': 2.5831338237974126, 'P_half': 9.313766587740522, 'pre_dampen_half': 98.62947065935995, 'gpp_af': 61.1057306305181, 'gpp_b': 0.004677654157530802, 'gpp_d': 642.1014991484554, 'ign_k': 0.02551736595373316, 'ign_c': 11.197950165853918, 'trop_agb_crit': 7.218236270670632, 'trop_k_veg': 2.219666765021546}. Best is trial 1285 with value: -0.6015874360929447.
[I 2026-08-20 00:48:55,653] Trial 1512 finished with value: 0.6006389109492623 and parameters: {'k1': 8.503436194488682e-05, 'D_low': 12990.094809550166, 'k2': 0.001603844142051049, 'D_high': 6684.418425958737, 'fire_exp': 1.873312367626701, 'P_half': 2.6303409791322148, 'pre_dampen_half': 0.5488694688685171, 'gpp_af': 40.16488689220217, 'gpp_b': 0.0001175060266528796, 'gpp_d': 19.89030395860253, 'ign_k': 0.00114356104484697, 'ign_c': 125.99485855345895, 'trop_agb_crit': 2.8098127950665632, 'trop_k_veg': 0.9995727717912677}. Best is trial 1285 with value: -0.6015874360929447.
[I 2026-08-20 00:48:57,098] Trial 1513 finished with value: 0.6443727191128941 and parameters: {'k1': 0.00034020406054454213, 'D_low': 71.64334561071426, 'k2': 0.008603421953359225, 'D_high': 496850.5334688761, 'fire_exp': 9.490065503164805, 'P_half': 4501.977519745247, 'pre_dampen_half': 49.89284108101478, 'gpp_af': 2.2337175670450464, 'gpp_b': 0.0008081226099927078, 'gpp_d': 0.04998128922204449, 'ign_k': 0.07780675641693938, 'ign_c': 0.8374629002097967, 'trop_agb_crit': 27.396318614782235, 'trop_k_veg': 0.8185846759559986}. Best is trial 1285 with value: -0.6015874360929447.
[I 2026-08-20 00:48:58,507] Trial 1514 finished with value: 0.6207594827053633 and parameters: {'k1': 0.0007627832210365354, 'D_low': 5.046555201372834, 'k2': 0.004038400525562821, 'D_high': 38.41299339578963, 'fire_exp': 1.407601876247187, 'P_half': 10.051235903921135, 'pre_dampen_half': 0.05700591109336099, 'gpp_af': 0.21457957897750374, 'gpp_b': 0.00032963189718349247, 'gpp_d': 2.3828018849199717, 'ign_k': 0.017931570275259205, 'ign_c': 0.34545136897501716, 'trop_agb_crit': 11.572984146310715, 'trop_k_veg': 3.3125225305601202}. Best is trial 1285 with value: -0.6015874360929447.
[I 2026-08-20 00:48:59,889] Trial 1515 finished with value: 0.5493437716890075 and parameters: {'k1': 0.0002120985560584748, 'D_low': 7.76410531740872, 'k2': 0.0002141592010233821, 'D_high': 167631.63757973886, 'fire_exp': 1.7137167440053656, 'P_half': 1.830486462657443, 'pre_dampen_half': 0.6871534561228659, 'gpp_af': 55.82562945520306, 'gpp_b': 0.023301686505564623, 'gpp_d': 832.6934654502622, 'ign_k': 0.4049811487540115, 'ign_c': 25.76189531717215, 'trop_agb_crit': 15.087580605675814, 'trop_k_veg': 1.3877716747775233}. Best is trial 1285 with value: -0.6015874360929447.
[I 2026-08-20 00:49:01,281] Trial 1516 finished with value: 0.6128558438755671 and parameters: {'k1': 1.688523493609484e-05, 'D_low': 8.92757657353783, 'k2': 0.000122413662048574, 'D_high': 351271.4411362264, 'fire_exp': 2.1413987562099956, 'P_half': 1.6491143468705391, 'pre_dampen_half': 497.31041836469524, 'gpp_af': 3.319150755773707, 'gpp_b': 3.3984372221629218, 'gpp_d': 0.9736136195224314, 'ign_k': 7.258792992347843, 'ign_c': 5.001083891084295, 'trop_agb_crit': 8.229280593355812, 'trop_k_veg': 1.4458237588495586}. Best is trial 1285 with value: -0.6015874360929447.
[I 2026-08-20 00:49:02,674] Trial 1517 finished with value: 0.6142288517055591 and parameters: {'k1': 0.002548425231141491, 'D_low': 3.2555524917754233, 'k2': 2.1858639787670335e-05, 'D_high': 5799343.002819479, 'fire_exp': 3.5598062400700474, 'P_half': 2.5751524341030465, 'pre_dampen_half': 74.84129144574337, 'gpp_af': 5.379577384360374, 'gpp_b': 0.0001786764101352412, 'gpp_d': 803.2009025173423, 'ign_k': 0.14614118272453328, 'ign_c': 49.62255502238968, 'trop_agb_crit': 16.411786439016133, 'trop_k_veg': 1.6664534143407594}. Best is trial 1285 with value: -0.6015874360929447.
[I 2026-08-20 00:49:04,084] Trial 1518 finished with value: 0.6003594393165629 and parameters: {'k1': 0.0014572035583574072, 'D_low': 223.5444787538937, 'k2': 0.00041530028592855445, 'D_high': 642202.0801185593, 'fire_exp': 5.235192852040521, 'P_half': 6.286544554377796, 'pre_dampen_half': 7.01380159613444, 'gpp_af': 11.6429312176424, 'gpp_b': 0.008817956800314223, 'gpp_d': 233.1647767822122, 'ign_k': 6.6079716875282895, 'ign_c': 28.473326026360294, 'trop_agb_crit': 2.9983243868095237, 'trop_k_veg': 2.019366679642726}. Best is trial 1285 with value: -0.6015874360929447.
[I 2026-08-20 00:49:05,469] Trial 1519 finished with value: -0.5887941272769831 and parameters: {'k1': 0.019273162749961176, 'D_low': 3.167050744882615, 'k2': 5.89635772885845e-05, 'D_high': 3400592.1234674943, 'fire_exp': 7.48071652008562, 'P_half': 34.5793359480488, 'pre_dampen_half': 23.54690623846879, 'gpp_af': 5.599002265937904, 'gpp_b': 0.00028441404125284113, 'gpp_d': 458.18013052903456, 'ign_k': 0.2931203193370643, 'ign_c': 8.753046400478876, 'trop_agb_crit': 16.22225312062578, 'trop_k_veg': 1.8482648651613405}. Best is trial 1285 with value: -0.6015874360929447.
[I 2026-08-20 00:49:06,929] Trial 1520 finished with value: -0.5537373105034149 and parameters: {'k1': 0.0007178922388845256, 'D_low': 84.70827901378591, 'k2': 0.0014751194233436553, 'D_high': 4639834.873532559, 'fire_exp': 6.304582502374719, 'P_half': 32.268421922575904, 'pre_dampen_half': 114.0735537768324, 'gpp_af': 0.9635478237453552, 'gpp_b': 2.8381005560989665e-05, 'gpp_d': 825.7242418567644, 'ign_k': 9.004192084945595, 'ign_c': 24.939517582230444, 'trop_agb_crit': 5.869623024877252, 'trop_k_veg': 1.388802846146129}. Best is trial 1285 with value: -0.6015874360929447.
[I 2026-08-20 00:49:08,375] Trial 1521 finished with value: 0.6445374145881376 and parameters: {'k1': 0.07976522321828003, 'D_low': 736378.7172726345, 'k2': 0.0019384528050499755, 'D_high': 77.31334879683116, 'fire_exp': 1.3407898178670128, 'P_half': 202.60680650665952, 'pre_dampen_half': 0.954096451454108, 'gpp_af': 0.556080969257848, 'gpp_b': 5.079196707578453, 'gpp_d': 70.04481343862798, 'ign_k': 0.013446115870003581, 'ign_c': 1.3721965959159927, 'trop_agb_crit': 1.7870201586038539, 'trop_k_veg': 1.238275734515108}. Best is trial 1285 with value: -0.6015874360929447.
[I 2026-08-20 00:49:09,791] Trial 1522 finished with value: 0.5981840947891013 and parameters: {'k1': 0.041318160710132876, 'D_low': 2.6723689431382036, 'k2': 1.0976645213969888e-05, 'D_high': 1043623.8055448609, 'fire_exp': 7.532856232702675, 'P_half': 880.5920686394059, 'pre_dampen_half': 18.633519821129955, 'gpp_af': 10.494460348041779, 'gpp_b': 7.187028212126799e-05, 'gpp_d': 286.1660088098383, 'ign_k': 0.020332280079439335, 'ign_c': 53.37661221704943, 'trop_agb_crit': 14.72234867485037, 'trop_k_veg': 1.9033441576871597}. Best is trial 1285 with value: -0.6015874360929447.
[I 2026-08-20 00:49:11,244] Trial 1523 finished with value: 0.6445374145881376 and parameters: {'k1': 0.0029771740943757732, 'D_low': 38829.752045473935, 'k2': 5.3041238045959974e-05, 'D_high': 5237036.430204566, 'fire_exp': 4.999996133444672, 'P_half': 793.953267048697, 'pre_dampen_half': 292.16370293158303, 'gpp_af': 3.2505185394897627, 'gpp_b': 0.7365731766262653, 'gpp_d': 0.04334658657825761, 'ign_k': 0.046081928823806434, 'ign_c': 0.4266069568418127, 'trop_agb_crit': 22.76479751598723, 'trop_k_veg': 0.874971033932001}. Best is trial 1285 with value: -0.6015874360929447.
[I 2026-08-20 00:49:12,625] Trial 1524 finished with value: -0.5756452771717979 and parameters: {'k1': 0.0330814016579604, 'D_low': 4.2361506099855255, 'k2': 2.35772359860231e-05, 'D_high': 2576537.6746257734, 'fire_exp': 5.342758169749888, 'P_half': 5.172027067055902, 'pre_dampen_half': 23.10166795354889, 'gpp_af': 10.529164480649317, 'gpp_b': 0.0018507409566523197, 'gpp_d': 137.73683238160206, 'ign_k': 0.17764895152972465, 'ign_c': 10.262509065287874, 'trop_agb_crit': 17.428515355442638, 'trop_k_veg': 2.0020559810953893}. Best is trial 1285 with value: -0.6015874360929447.
[I 2026-08-20 00:49:14,407] Trial 1525 finished with value: 0.5706596273796943 and parameters: {'k1': 6.904921075673559e-05, 'D_low': 23.002691268569656, 'k2': 0.00023724322495364744, 'D_high': 1058548.4214222506, 'fire_exp': 3.910306489554146, 'P_half': 6.065357479325502, 'pre_dampen_half': 2.836086795407654, 'gpp_af': 15.849100126305757, 'gpp_b': 0.001518283190359658, 'gpp_d': 214.3897533423297, 'ign_k': 0.020367329677073536, 'ign_c': 0.6122855572667493, 'trop_agb_crit': 12.868035683131753, 'trop_k_veg': 3.0651037447238085}. Best is trial 1285 with value: -0.6015874360929447.
[I 2026-08-20 00:49:15,832] Trial 1526 finished with value: 0.6445374145881376 and parameters: {'k1': 0.0001345292776411105, 'D_low': 45277.86200274253, 'k2': 0.011539015943878819, 'D_high': 249.0317214342208, 'fire_exp': 7.011464590034351, 'P_half': 679.821770876152, 'pre_dampen_half': 15.99488892026674, 'gpp_af': 0.049801919215648596, 'gpp_b': 1.2440132629806861e-05, 'gpp_d': 0.08320213733973253, 'ign_k': 0.018157394838120774, 'ign_c': 12.60404008414607, 'trop_agb_crit': 1.9349043225348463, 'trop_k_veg': 0.5922904526675838}. Best is trial 1285 with value: -0.6015874360929447.
[I 2026-08-20 00:49:17,252] Trial 1527 finished with value: 0.43403150470073526 and parameters: {'k1': 0.00333427605377949, 'D_low': 3.399123697900358, 'k2': 0.00018213632961963669, 'D_high': 6990656.212905413, 'fire_exp': 4.956034045383575, 'P_half': 9.222911445103975, 'pre_dampen_half': 45.47190350162106, 'gpp_af': 1.1002279328589544, 'gpp_b': 1.9854862442304814e-05, 'gpp_d': 136.69540077791405, 'ign_k': 0.18253216223267862, 'ign_c': 1.2057772911717766, 'trop_agb_crit': 17.0265286858529, 'trop_k_veg': 1.5419853002520507}. Best is trial 1285 with value: -0.6015874360929447.
[I 2026-08-20 00:49:18,675] Trial 1528 finished with value: 0.6445374145881376 and parameters: {'k1': 0.022345538342251368, 'D_low': 5361.8129002916385, 'k2': 2.0253450535627876e-05, 'D_high': 1016.5286627015228, 'fire_exp': 1.4333975854949195, 'P_half': 3315.633279077119, 'pre_dampen_half': 0.09066378412407422, 'gpp_af': 0.36240280570035704, 'gpp_b': 2.8952541499842295, 'gpp_d': 0.29705042650401725, 'ign_k': 0.15511821970273892, 'ign_c': 235.5785617401659, 'trop_agb_crit': 19.963553674601417, 'trop_k_veg': 6.6195763490343476}. Best is trial 1285 with value: -0.6015874360929447.
[I 2026-08-20 00:49:20,148] Trial 1529 finished with value: 0.6445374145881376 and parameters: {'k1': 0.014017878258206534, 'D_low': 4.0384507239171885, 'k2': 7.07629726772583e-05, 'D_high': 199023.69258293297, 'fire_exp': 5.320441236441899, 'P_half': 6.115723181522256, 'pre_dampen_half': 5.798546422690003, 'gpp_af': 1.2029624465488369, 'gpp_b': 0.00036080730217286197, 'gpp_d': 13.178282842151093, 'ign_k': 0.45483772952384205, 'ign_c': 52.86205743896457, 'trop_agb_crit': 23.114717507536973, 'trop_k_veg': 2.6009222658801914}. Best is trial 1285 with value: -0.6015874360929447.
[I 2026-08-20 00:49:21,558] Trial 1530 finished with value: 0.644834670857737 and parameters: {'k1': 0.01549099020876601, 'D_low': 5771.031396007235, 'k2': 0.00011733689798128355, 'D_high': 826952.8876824402, 'fire_exp': 2.2620255795060564, 'P_half': 7839.084978921824, 'pre_dampen_half': 0.03888825356048108, 'gpp_af': 0.0031588862113447864, 'gpp_b': 0.5991046041379832, 'gpp_d': 486.545308387781, 'ign_k': 0.0872864230587907, 'ign_c': 0.21928912897492914, 'trop_agb_crit': 14.215692078199208, 'trop_k_veg': 1.439369888124015}. Best is trial 1285 with value: -0.6015874360929447.
[I 2026-08-20 00:49:23,048] Trial 1531 finished with value: 0.6445374145881376 and parameters: {'k1': 0.0045839413727515495, 'D_low': 81.27684570904395, 'k2': 1.1264426907646657e-05, 'D_high': 435669.3570637878, 'fire_exp': 9.686767350147504, 'P_half': 2.4249416102570867, 'pre_dampen_half': 75.36271839322883, 'gpp_af': 56.4709785382905, 'gpp_b': 1.1885528364743575e-05, 'gpp_d': 81.68988552001285, 'ign_k': 0.09424961504343084, 'ign_c': 97.42000221261902, 'trop_agb_crit': 25.2050062251918, 'trop_k_veg': 2.9474184459173514}. Best is trial 1285 with value: -0.6015874360929447.
[I 2026-08-20 00:49:24,435] Trial 1532 finished with value: 0.4077078908196434 and parameters: {'k1': 0.003996082202309057, 'D_low': 1.0280782262424095, 'k2': 7.244942848942013e-05, 'D_high': 463246.8499585602, 'fire_exp': 7.344845848104825, 'P_half': 10.93028535482931, 'pre_dampen_half': 17.152386461788613, 'gpp_af': 5.385325145438051, 'gpp_b': 0.0001868757931431887, 'gpp_d': 395.6235203045892, 'ign_k': 0.3995366300504899, 'ign_c': 7.345610267868448, 'trop_agb_crit': 17.547780851093272, 'trop_k_veg': 1.4914666909373275}. Best is trial 1285 with value: -0.6015874360929447.
[I 2026-08-20 00:49:25,816] Trial 1533 finished with value: 0.5396400344327017 and parameters: {'k1': 0.002298167011962609, 'D_low': 1.8551822581511128, 'k2': 0.014764690877823117, 'D_high': 2829228.7795795333, 'fire_exp': 5.3544816234801855, 'P_half': 1.9126488929418235, 'pre_dampen_half': 1.0073545266370068, 'gpp_af': 0.012702392832570521, 'gpp_b': 0.00025699340127116886, 'gpp_d': 0.04425940669874803, 'ign_k': 1.0247809160887666, 'ign_c': 2.220989571901121, 'trop_agb_crit': 19.971999878641334, 'trop_k_veg': 5.375574238619768}. Best is trial 1285 with value: -0.6015874360929447.
[I 2026-08-20 00:49:27,226] Trial 1534 finished with value: 0.5979954162344556 and parameters: {'k1': 0.00016223356902443585, 'D_low': 2058.1374525108113, 'k2': 0.048981758428036065, 'D_high': 334407.5604025768, 'fire_exp': 3.627990270806543, 'P_half': 1537.051260901745, 'pre_dampen_half': 0.03169262356107453, 'gpp_af': 0.006576554474085203, 'gpp_b': 8.778828759110877e-05, 'gpp_d': 0.2514652735685021, 'ign_k': 0.0231376609271996, 'ign_c': 2.015389355442926, 'trop_agb_crit': 1.7620318474223857, 'trop_k_veg': 1.1174602449518733}. Best is trial 1285 with value: -0.6015874360929447.
[I 2026-08-20 00:49:28,704] Trial 1535 finished with value: 0.6445374145881376 and parameters: {'k1': 0.0021094321745225115, 'D_low': 2867.1152821577443, 'k2': 0.0004026647986050548, 'D_high': 1252012.1292121317, 'fire_exp': 1.5078594215937702, 'P_half': 323.5104823359465, 'pre_dampen_half': 10.43989019981467, 'gpp_af': 0.022371960401324976, 'gpp_b': 1.0214468082396119e-05, 'gpp_d': 4.627426878833029, 'ign_k': 3.5072568591418536, 'ign_c': 156.50722652137938, 'trop_agb_crit': 29.121470118732077, 'trop_k_veg': 2.4924740395346667}. Best is trial 1285 with value: -0.6015874360929447.
[I 2026-08-20 00:49:30,103] Trial 1536 finished with value: 0.6194883864936098 and parameters: {'k1': 7.074330052628827e-05, 'D_low': 2356.7846025626986, 'k2': 0.00791848007221467, 'D_high': 529.8066318567866, 'fire_exp': 2.2932718639218472, 'P_half': 2.2590360908718607, 'pre_dampen_half': 10.97495920873685, 'gpp_af': 31.568966332778757, 'gpp_b': 0.01021168422050459, 'gpp_d': 383.62955719847207, 'ign_k': 0.11369329457443458, 'ign_c': 14.386525166256082, 'trop_agb_crit': 12.60790524524165, 'trop_k_veg': 1.8386430966444953}. Best is trial 1285 with value: -0.6015874360929447.
[I 2026-08-20 00:49:31,464] Trial 1537 finished with value: 0.5911023495571316 and parameters: {'k1': 0.05783633345657788, 'D_low': 7.758461742908175, 'k2': 1.0710726140349966e-05, 'D_high': 1559750.67055743, 'fire_exp': 1.0036192330203801, 'P_half': 2544.9229065403765, 'pre_dampen_half': 0.33011563227320617, 'gpp_af': 0.04241631940270258, 'gpp_b': 9.143406413034768, 'gpp_d': 747.2777582768216, 'ign_k': 1.042972796268047, 'ign_c': 3.3444359685851848, 'trop_agb_crit': 1.0176544862607275, 'trop_k_veg': 0.7008892029611072}. Best is trial 1285 with value: -0.6015874360929447.
[I 2026-08-20 00:49:32,886] Trial 1538 finished with value: 0.6445374145881376 and parameters: {'k1': 0.009208322120489233, 'D_low': 134161.64685322033, 'k2': 0.0018863394004981933, 'D_high': 1049.958864236805, 'fire_exp': 1.02609146348416, 'P_half': 22.24241665018614, 'pre_dampen_half': 0.01710600552710223, 'gpp_af': 0.0019124418495557582, 'gpp_b': 2.1360838175439854e-05, 'gpp_d': 60.6720436704095, 'ign_k': 0.007425834498083723, 'ign_c': 1.4382110526453187, 'trop_agb_crit': 14.576033543415344, 'trop_k_veg': 0.581340499548549}. Best is trial 1285 with value: -0.6015874360929447.
