[I 2026-07-22 22:01:09,492] Trial 1227 finished with values: [-0.7360531337575019, 0.030525457694605573] and parameters: {'k1': 0.003242143344038315, 'D_low': 1.1640589436768796, 'k2': 0.030699709531122953, 'D_high': 1693415.5410667954, 'fire_exp': 2.3123511487896353, 'P_half': 1.4378290221680121, 'pre_dampen_half': 10.059683154936915, 'gpp_af': 1.1300566419249867, 'gpp_b': 0.00011277885258222645, 'gpp_d': 25.017068255320467, 'ign_k': 2.9663798365255736, 'ign_c': 16.626592254031866, 'trop_agb_crit': 5.707205898008383, 'trop_k_veg': 4.599337386928772, 'fuel_k': 0.8398846716543956, 'fuel_half': 38.21129441691226}.
[I 2026-07-22 22:01:09,942] Trial 1228 finished with values: [-0.7778813732071946, 0.03125256589098169] and parameters: {'k1': 0.003242143344038315, 'D_low': 1.1640589436768796, 'k2': 0.003658518527736814, 'D_high': 8433503.858791472, 'fire_exp': 2.3750840427797026, 'P_half': 1.4378290221680121, 'pre_dampen_half': 33.71909132517388, 'gpp_af': 1.4498445474033743, 'gpp_b': 0.002022832315155261, 'gpp_d': 25.017068255320467, 'ign_k': 4.59148521674054, 'ign_c': 16.626592254031866, 'trop_agb_crit': 5.707205898008383, 'trop_k_veg': 1.7428926895756522, 'fuel_k': 3.6992394681929355, 'fuel_half': 81.87941582538087}.
[I 2026-07-22 22:01:10,393] Trial 1229 finished with values: [10.4481858101042, 10.4481858101042] and parameters: {'k1': 0.003242143344038315, 'D_low': 1.1640589436768796, 'k2': 0.030699709531122953, 'D_high': 2512533.442757688, 'fire_exp': 2.3750840427797026, 'P_half': 1.4378290221680121, 'pre_dampen_half': 10.059683154936915, 'gpp_af': 1.4498445474033743, 'gpp_b': 3.228689523591491e-05, 'gpp_d': 0.0318557175945047, 'ign_k': 4.59148521674054, 'ign_c': 16.626592254031866, 'trop_agb_crit': 10.719494362768906, 'trop_k_veg': 1.6340262437673856, 'fuel_k': 3.6992394681929355, 'fuel_half': 2.276766792290519}.
[I 2026-07-22 22:01:10,844] Trial 1230 finished with values: [10.150229920549375, 10.150229920549375] and parameters: {'k1': 0.003242143344038315, 'D_low': 1.1640589436768796, 'k2': 0.030699709531122953, 'D_high': 8433503.858791472, 'fire_exp': 2.264545306066772, 'P_half': 1.4378290221680121, 'pre_dampen_half': 33.71909132517388, 'gpp_af': 1.4498445474033743, 'gpp_b': 0.0002749442721369228, 'gpp_d': 25.017068255320467, 'ign_k': 4.59148521674054, 'ign_c': 16.626592254031866, 'trop_agb_crit': 5.707205898008383, 'trop_k_veg': 4.599337386928772, 'fuel_k': 3.6992394681929355, 'fuel_half': 81.87941582538087}.
[I 2026-07-22 22:01:11,334] Trial 1231 finished with values: [-0.7211338932480987, 0.026572901443882913] and parameters: {'k1': 0.003242143344038315, 'D_low': 7.109383445138647, 'k2': 0.030699709531122953, 'D_high': 217213.00271457067, 'fire_exp': 2.3123511487896353, 'P_half': 1.4378290221680121, 'pre_dampen_half': 10.059683154936915, 'gpp_af': 1.1300566419249867, 'gpp_b': 0.00011277885258222645, 'gpp_d': 8.057329182285729, 'ign_k': 2.9663798365255736, 'ign_c': 16.626592254031866, 'trop_agb_crit': 5.707205898008383, 'trop_k_veg': 1.140286245977296, 'fuel_k': 0.017262921159278164, 'fuel_half': 16.371966573507315}.
[I 2026-07-22 22:01:11,793] Trial 1232 finished with values: [-0.7272693366569712, 0.02948170657075333] and parameters: {'k1': 0.052334804885400876, 'D_low': 1.1640589436768796, 'k2': 2.1698375693549493e-05, 'D_high': 2512533.442757688, 'fire_exp': 2.3786532049674034, 'P_half': 1.4378290221680121, 'pre_dampen_half': 10.059683154936915, 'gpp_af': 2.114381609520638, 'gpp_b': 3.167995163828261e-05, 'gpp_d': 8.057329182285729, 'ign_k': 4.59148521674054, 'ign_c': 16.626592254031866, 'trop_agb_crit': 5.707205898008383, 'trop_k_veg': 1.7428926895756522, 'fuel_k': 0.09252659617259135, 'fuel_half': 16.371966573507315}.
[I 2026-07-22 22:01:12,362] Trial 1233 finished with values: [-0.7827640052319197, 0.04667651590647437] and parameters: {'k1': 0.003242143344038315, 'D_low': 1.1640589436768796, 'k2': 0.030699709531122953, 'D_high': 2512533.442757688, 'fire_exp': 2.3750840427797026, 'P_half': 1.4378290221680121, 'pre_dampen_half': 10.059683154936915, 'gpp_af': 1.4498445474033743, 'gpp_b': 0.00011277885258222645, 'gpp_d': 373.3014953695604, 'ign_k': 4.59148521674054, 'ign_c': 16.626592254031866, 'trop_agb_crit': 10.719494362768906, 'trop_k_veg': 1.7428926895756522, 'fuel_k': 3.6992394681929355, 'fuel_half': 2.276766792290519}.
[I 2026-07-22 22:01:12,855] Trial 1234 finished with values: [10.695784691173928, 10.695784691173928] and parameters: {'k1': 0.052334804885400876, 'D_low': 1.1640589436768796, 'k2': 2.1698375693549493e-05, 'D_high': 2512533.442757688, 'fire_exp': 2.0053720199464102, 'P_half': 1.4378290221680121, 'pre_dampen_half': 0.549170320288776, 'gpp_af': 1.1300566419249867, 'gpp_b': 0.00011277885258222645, 'gpp_d': 373.3014953695604, 'ign_k': 4.59148521674054, 'ign_c': 16.626592254031866, 'trop_agb_crit': 5.707205898008383, 'trop_k_veg': 6.911478238001162, 'fuel_k': 0.7156083490235493, 'fuel_half': 2.276766792290519}.
[I 2026-07-22 22:01:13,331] Trial 1235 finished with values: [-0.7659271349226117, 0.039400822090148946] and parameters: {'k1': 0.052334804885400876, 'D_low': 1.1640589436768796, 'k2': 0.032985830257901944, 'D_high': 2512533.442757688, 'fire_exp': 2.264545306066772, 'P_half': 1.4378290221680121, 'pre_dampen_half': 10.059683154936915, 'gpp_af': 0.3259758793317361, 'gpp_b': 0.00011277885258222645, 'gpp_d': 225.3679349322475, 'ign_k': 2.9663798365255736, 'ign_c': 16.626592254031866, 'trop_agb_crit': 4.626185073645362, 'trop_k_veg': 4.599337386928772, 'fuel_k': 4.1053408532534545, 'fuel_half': 16.371966573507315}.
[I 2026-07-22 22:01:13,794] Trial 1236 finished with values: [-0.7466664340644733, 0.035074323148066466] and parameters: {'k1': 0.003242143344038315, 'D_low': 1.1640589436768796, 'k2': 2.1698375693549493e-05, 'D_high': 217213.00271457067, 'fire_exp': 2.3123511487896353, 'P_half': 1.4378290221680121, 'pre_dampen_half': 10.059683154936915, 'gpp_af': 1.1300566419249867, 'gpp_b': 3.228689523591491e-05, 'gpp_d': 258.2746858912496, 'ign_k': 4.59148521674054, 'ign_c': 16.626592254031866, 'trop_agb_crit': 5.707205898008383, 'trop_k_veg': 1.140286245977296, 'fuel_k': 0.017262921159278164, 'fuel_half': 16.371966573507315}.
[I 2026-07-22 22:01:14,272] Trial 1237 finished with values: [-0.7109390102913093, 0.01731555651538319] and parameters: {'k1': 0.003242143344038315, 'D_low': 2311.854866544268, 'k2': 2.1698375693549493e-05, 'D_high': 2512533.442757688, 'fire_exp': 1.9860398529053203, 'P_half': 1.4378290221680121, 'pre_dampen_half': 868.1843415114095, 'gpp_af': 0.3259758793317361, 'gpp_b': 0.00011277885258222645, 'gpp_d': 373.3014953695604, 'ign_k': 2.9663798365255736, 'ign_c': 16.626592254031866, 'trop_agb_crit': 10.719494362768906, 'trop_k_veg': 6.911478238001162, 'fuel_k': 0.8398846716543956, 'fuel_half': 16.371966573507315}.
[I 2026-07-22 22:01:14,736] Trial 1238 finished with values: [10.769230768838547, 10.769230768838547] and parameters: {'k1': 0.003242143344038315, 'D_low': 1.1640589436768796, 'k2': 0.00036821611602060956, 'D_high': 1693415.5410667954, 'fire_exp': 2.3123511487896353, 'P_half': 9.324787201197319, 'pre_dampen_half': 10.059683154936915, 'gpp_af': 2.114381609520638, 'gpp_b': 0.00011277885258222645, 'gpp_d': 8.057329182285729, 'ign_k': 4.59148521674054, 'ign_c': 40.23373392740452, 'trop_agb_crit': 5.707205898008383, 'trop_k_veg': 2.7966782201015787, 'fuel_k': 0.7156083490235493, 'fuel_half': 2.276766792290519}.
[I 2026-07-22 22:01:15,186] Trial 1239 finished with values: [-0.7208626107190241, 0.020302680809693885] and parameters: {'k1': 0.003242143344038315, 'D_low': 91.66403471455098, 'k2': 4.2837023971014874e-05, 'D_high': 8433503.858791472, 'fire_exp': 2.3123511487896353, 'P_half': 1.4378290221680121, 'pre_dampen_half': 10.059683154936915, 'gpp_af': 1.1300566419249867, 'gpp_b': 0.002022832315155261, 'gpp_d': 8.057329182285729, 'ign_k': 4.59148521674054, 'ign_c': 16.626592254031866, 'trop_agb_crit': 5.707205898008383, 'trop_k_veg': 1.7428926895756522, 'fuel_k': 3.6992394681929355, 'fuel_half': 2.276766792290519}.
[I 2026-07-22 22:01:15,684] Trial 1240 finished with values: [10.032880131123292, 10.032880131123292] and parameters: {'k1': 0.003242143344038315, 'D_low': 1.1640589436768796, 'k2': 0.003658518527736814, 'D_high': 1693415.5410667954, 'fire_exp': 2.3750840427797026, 'P_half': 1.4378290221680121, 'pre_dampen_half': 10.059683154936915, 'gpp_af': 1.4498445474033743, 'gpp_b': 0.002022832315155261, 'gpp_d': 25.017068255320467, 'ign_k': 2.9663798365255736, 'ign_c': 16.626592254031866, 'trop_agb_crit': 5.707205898008383, 'trop_k_veg': 1.7428926895756522, 'fuel_k': 3.6992394681929355, 'fuel_half': 38.21129441691226}.
[I 2026-07-22 22:01:16,133] Trial 1241 finished with values: [10.57388594768928, 10.57388594768928] and parameters: {'k1': 0.003242143344038315, 'D_low': 1.1640589436768796, 'k2': 0.003658518527736814, 'D_high': 2512533.442757688, 'fire_exp': 2.3123511487896353, 'P_half': 1.4378290221680121, 'pre_dampen_half': 868.1843415114095, 'gpp_af': 0.3259758793317361, 'gpp_b': 0.00011277885258222645, 'gpp_d': 25.017068255320467, 'ign_k': 4.59148521674054, 'ign_c': 16.626592254031866, 'trop_agb_crit': 5.707205898008383, 'trop_k_veg': 1.7428926895756522, 'fuel_k': 0.09252659617259135, 'fuel_half': 16.371966573507315}.
[I 2026-07-22 22:01:16,582] Trial 1242 finished with values: [-0.6932282666501827, 0.019666845115176357] and parameters: {'k1': 0.003242143344038315, 'D_low': 91.66403471455098, 'k2': 2.1698375693549493e-05, 'D_high': 2512533.442757688, 'fire_exp': 2.264545306066772, 'P_half': 1.4378290221680121, 'pre_dampen_half': 10.059683154936915, 'gpp_af': 0.05779293266899788, 'gpp_b': 0.00011277885258222645, 'gpp_d': 25.017068255320467, 'ign_k': 4.59148521674054, 'ign_c': 16.626592254031866, 'trop_agb_crit': 5.707205898008383, 'trop_k_veg': 4.599337386928772, 'fuel_k': 0.8398846716543956, 'fuel_half': 38.21129441691226}.
[I 2026-07-22 22:01:17,126] Trial 1243 finished with values: [10.060153782163093, 10.060153782163093] and parameters: {'k1': 0.003242143344038315, 'D_low': 1.1640589436768796, 'k2': 0.00036821611602060956, 'D_high': 8433503.858791472, 'fire_exp': 2.3123511487896353, 'P_half': 1.4378290221680121, 'pre_dampen_half': 10.059683154936915, 'gpp_af': 1.4498445474033743, 'gpp_b': 0.002022832315155261, 'gpp_d': 8.057329182285729, 'ign_k': 4.59148521674054, 'ign_c': 16.626592254031866, 'trop_agb_crit': 5.707205898008383, 'trop_k_veg': 6.911478238001162, 'fuel_k': 0.7156083490235493, 'fuel_half': 2.276766792290519}.
[I 2026-07-22 22:01:17,575] Trial 1244 finished with values: [-0.7659648411622839, 0.043136562817821744] and parameters: {'k1': 0.02321615060145498, 'D_low': 1.1640589436768796, 'k2': 2.1698375693549493e-05, 'D_high': 2512533.442757688, 'fire_exp': 2.3123511487896353, 'P_half': 1.4378290221680121, 'pre_dampen_half': 10.059683154936915, 'gpp_af': 2.114381609520638, 'gpp_b': 0.00011277885258222645, 'gpp_d': 373.3014953695604, 'ign_k': 4.59148521674054, 'ign_c': 16.626592254031866, 'trop_agb_crit': 5.707205898008383, 'trop_k_veg': 1.8469549401909453, 'fuel_k': 0.8398846716543956, 'fuel_half': 38.21129441691226}.
[I 2026-07-22 22:01:18,024] Trial 1245 finished with values: [-0.7614562205982319, 0.04040955135928048] and parameters: {'k1': 0.0824935041788078, 'D_low': 1.1640589436768796, 'k2': 0.030699709531122953, 'D_high': 2512533.442757688, 'fire_exp': 2.3123511487896353, 'P_half': 1.4378290221680121, 'pre_dampen_half': 10.059683154936915, 'gpp_af': 2.114381609520638, 'gpp_b': 0.00011277885258222645, 'gpp_d': 25.017068255320467, 'ign_k': 4.59148521674054, 'ign_c': 16.626592254031866, 'trop_agb_crit': 10.719494362768906, 'trop_k_veg': 4.599337386928772, 'fuel_k': 0.5777537518777749, 'fuel_half': 2.276766792290519}.
[I 2026-07-22 22:01:18,487] Trial 1246 finished with values: [10.327293804333177, 10.327293804333177] and parameters: {'k1': 0.003242143344038315, 'D_low': 1.1640589436768796, 'k2': 0.003658518527736814, 'D_high': 2512533.442757688, 'fire_exp': 2.3750840427797026, 'P_half': 1.4378290221680121, 'pre_dampen_half': 33.71909132517388, 'gpp_af': 0.004278816952793263, 'gpp_b': 0.002022832315155261, 'gpp_d': 25.017068255320467, 'ign_k': 4.59148521674054, 'ign_c': 16.626592254031866, 'trop_agb_crit': 5.707205898008383, 'trop_k_veg': 1.7428926895756522, 'fuel_k': 3.6992394681929355, 'fuel_half': 81.87941582538087}.
[I 2026-07-22 22:01:18,939] Trial 1247 finished with values: [10.05068655896313, 10.05068655896313] and parameters: {'k1': 0.005066525680701903, 'D_low': 91.66403471455098, 'k2': 2.1698375693549493e-05, 'D_high': 2512533.442757688, 'fire_exp': 2.3750840427797026, 'P_half': 1.4378290221680121, 'pre_dampen_half': 33.71909132517388, 'gpp_af': 2.114381609520638, 'gpp_b': 0.002022832315155261, 'gpp_d': 373.3014953695604, 'ign_k': 4.59148521674054, 'ign_c': 16.626592254031866, 'trop_agb_crit': 5.707205898008383, 'trop_k_veg': 6.911478238001162, 'fuel_k': 3.6992394681929355, 'fuel_half': 81.87941582538087}.
[I 2026-07-22 22:01:19,364] Trial 1248 finished with values: [-0.747717276193187, 0.03503005144335025] and parameters: {'k1': 0.003242143344038315, 'D_low': 4.043300846639722, 'k2': 0.0001997174727159274, 'D_high': 1693415.5410667954, 'fire_exp': 2.3123511487896353, 'P_half': 1.4378290221680121, 'pre_dampen_half': 10.059683154936915, 'gpp_af': 0.3259758793317361, 'gpp_b': 3.228689523591491e-05, 'gpp_d': 258.2746858912496, 'ign_k': 4.59148521674054, 'ign_c': 16.626592254031866, 'trop_agb_crit': 5.707205898008383, 'trop_k_veg': 1.6340262437673856, 'fuel_k': 0.8398846716543956, 'fuel_half': 16.371966573507315}.
[I 2026-07-22 22:01:19,791] Trial 1249 finished with values: [10.57039516999199, 10.57039516999199] and parameters: {'k1': 0.003242143344038315, 'D_low': 13120.886542273083, 'k2': 2.1698375693549493e-05, 'D_high': 2512533.442757688, 'fire_exp': 1.065891500446383, 'P_half': 1.4378290221680121, 'pre_dampen_half': 10.059683154936915, 'gpp_af': 0.3259758793317361, 'gpp_b': 0.00011201820858026725, 'gpp_d': 373.3014953695604, 'ign_k': 4.59148521674054, 'ign_c': 16.626592254031866, 'trop_agb_crit': 5.707205898008383, 'trop_k_veg': 6.911478238001162, 'fuel_k': 0.7156083490235493, 'fuel_half': 16.371966573507315}.
[I 2026-07-22 22:01:20,216] Trial 1250 finished with values: [10.55214941759464, 10.55214941759464] and parameters: {'k1': 0.003242143344038315, 'D_low': 1.1640589436768796, 'k2': 0.003658518527736814, 'D_high': 1693415.5410667954, 'fire_exp': 2.3123511487896353, 'P_half': 1.4378290221680121, 'pre_dampen_half': 189.97055631564925, 'gpp_af': 0.3259758793317361, 'gpp_b': 0.00011277885258222645, 'gpp_d': 25.017068255320467, 'ign_k': 4.59148521674054, 'ign_c': 16.626592254031866, 'trop_agb_crit': 2.165567635777746, 'trop_k_veg': 1.7428926895756522, 'fuel_k': 2.11556731529933, 'fuel_half': 16.371966573507315}.
[I 2026-07-22 22:01:20,640] Trial 1251 finished with values: [-0.747717276193187, 0.03503005144335025] and parameters: {'k1': 0.003242143344038315, 'D_low': 4.043300846639722, 'k2': 2.1698375693549493e-05, 'D_high': 1693415.5410667954, 'fire_exp': 2.3123511487896353, 'P_half': 1.4378290221680121, 'pre_dampen_half': 10.059683154936915, 'gpp_af': 0.3259758793317361, 'gpp_b': 3.228689523591491e-05, 'gpp_d': 258.2746858912496, 'ign_k': 4.59148521674054, 'ign_c': 16.626592254031866, 'trop_agb_crit': 5.707205898008383, 'trop_k_veg': 1.6340262437673856, 'fuel_k': 0.8398846716543956, 'fuel_half': 16.371966573507315}.
[I 2026-07-22 22:01:21,083] Trial 1252 finished with values: [10.005570693271137, 10.005570693271137] and parameters: {'k1': 0.003242143344038315, 'D_low': 91.66403471455098, 'k2': 2.1698375693549493e-05, 'D_high': 2512533.442757688, 'fire_exp': 2.3750840427797026, 'P_half': 1.4378290221680121, 'pre_dampen_half': 10.059683154936915, 'gpp_af': 0.3259758793317361, 'gpp_b': 0.0004738670710886234, 'gpp_d': 25.017068255320467, 'ign_k': 4.59148521674054, 'ign_c': 16.626592254031866, 'trop_agb_crit': 5.707205898008383, 'trop_k_veg': 6.911478238001162, 'fuel_k': 0.8398846716543956, 'fuel_half': 8.484880500561488}.
[I 2026-07-22 22:01:21,544] Trial 1253 finished with values: [10.712188321560088, 10.712188321560088] and parameters: {'k1': 0.003242143344038315, 'D_low': 14618.52117171286, 'k2': 0.00036821611602060956, 'D_high': 2512533.442757688, 'fire_exp': 2.4366873535186158, 'P_half': 1.4378290221680121, 'pre_dampen_half': 3.6582532384424273, 'gpp_af': 2.114381609520638, 'gpp_b': 0.002022832315155261, 'gpp_d': 25.017068255320467, 'ign_k': 4.59148521674054, 'ign_c': 16.626592254031866, 'trop_agb_crit': 2.8247556751182876, 'trop_k_veg': 0.5695379443977426, 'fuel_k': 3.6992394681929355, 'fuel_half': 2.276766792290519}.
[I 2026-07-22 22:01:22,011] Trial 1254 finished with values: [10.537531263741219, 10.537531263741219] and parameters: {'k1': 0.003242143344038315, 'D_low': 1.1640589436768796, 'k2': 0.030699709531122953, 'D_high': 188.7410028249909, 'fire_exp': 1.030878238819558, 'P_half': 1.4378290221680121, 'pre_dampen_half': 10.059683154936915, 'gpp_af': 2.114381609520638, 'gpp_b': 0.00011277885258222645, 'gpp_d': 25.017068255320467, 'ign_k': 4.59148521674054, 'ign_c': 16.626592254031866, 'trop_agb_crit': 2.8116786914477667, 'trop_k_veg': 4.599337386928772, 'fuel_k': 0.8398846716543956, 'fuel_half': 9.109370612400516}.
[I 2026-07-22 22:01:22,457] Trial 1255 finished with values: [10.019696465361635, 10.019696465361635] and parameters: {'k1': 9.969469187531805e-05, 'D_low': 1.1640589436768796, 'k2': 0.030699709531122953, 'D_high': 2512533.442757688, 'fire_exp': 2.3123511487896353, 'P_half': 1.4378290221680121, 'pre_dampen_half': 868.1843415114095, 'gpp_af': 1.1300566419249867, 'gpp_b': 0.00011277885258222645, 'gpp_d': 8.057329182285729, 'ign_k': 4.59148521674054, 'ign_c': 16.626592254031866, 'trop_agb_crit': 5.707205898008383, 'trop_k_veg': 1.140286245977296, 'fuel_k': 0.09252659617259135, 'fuel_half': 16.371966573507315}.
[I 2026-07-22 22:01:22,891] Trial 1256 finished with values: [-0.7324924827227958, 0.030910206051697475] and parameters: {'k1': 0.003242143344038315, 'D_low': 1.1640589436768796, 'k2': 0.00036821611602060956, 'D_high': 4264115.018815137, 'fire_exp': 2.4366873535186158, 'P_half': 1.4378290221680121, 'pre_dampen_half': 10.059683154936915, 'gpp_af': 1.1300566419249867, 'gpp_b': 0.00011277885258222645, 'gpp_d': 373.3014953695604, 'ign_k': 2.9663798365255736, 'ign_c': 16.626592254031866, 'trop_agb_crit': 5.707205898008383, 'trop_k_veg': 1.140286245977296, 'fuel_k': 0.7156083490235493, 'fuel_half': 16.371966573507315}.
[I 2026-07-22 22:01:23,329] Trial 1257 finished with values: [-0.7622847464698341, 0.040053944533358865] and parameters: {'k1': 0.030536406552994083, 'D_low': 1.1640589436768796, 'k2': 0.01159468905150514, 'D_high': 2512533.442757688, 'fire_exp': 2.3123511487896353, 'P_half': 1.4378290221680121, 'pre_dampen_half': 10.059683154936915, 'gpp_af': 2.114381609520638, 'gpp_b': 0.00011277885258222645, 'gpp_d': 25.017068255320467, 'ign_k': 4.59148521674054, 'ign_c': 16.626592254031866, 'trop_agb_crit': 5.707205898008383, 'trop_k_veg': 4.599337386928772, 'fuel_k': 0.7156083490235493, 'fuel_half': 2.276766792290519}.
[I 2026-07-22 22:01:23,758] Trial 1258 finished with values: [10.74712294004354, 10.74712294004354] and parameters: {'k1': 0.003242143344038315, 'D_low': 53787.834449992246, 'k2': 2.1698375693549493e-05, 'D_high': 1693415.5410667954, 'fire_exp': 2.2271826002669806, 'P_half': 1.4378290221680121, 'pre_dampen_half': 10.059683154936915, 'gpp_af': 1.1300566419249867, 'gpp_b': 0.00011277885258222645, 'gpp_d': 8.057329182285729, 'ign_k': 2.9663798365255736, 'ign_c': 16.626592254031866, 'trop_agb_crit': 5.707205898008383, 'trop_k_veg': 1.7428926895756522, 'fuel_k': 0.8398846716543956, 'fuel_half': 38.21129441691226}.
[I 2026-07-22 22:01:24,184] Trial 1259 finished with values: [10.107888790249817, 10.107888790249817] and parameters: {'k1': 0.003242143344038315, 'D_low': 1.1640589436768796, 'k2': 0.030699709531122953, 'D_high': 2512533.442757688, 'fire_exp': 2.3123511487896353, 'P_half': 1.4378290221680121, 'pre_dampen_half': 10.059683154936915, 'gpp_af': 1.4498445474033743, 'gpp_b': 0.002022832315155261, 'gpp_d': 8.057329182285729, 'ign_k': 2.9663798365255736, 'ign_c': 16.626592254031866, 'trop_agb_crit': 5.707205898008383, 'trop_k_veg': 4.599337386928772, 'fuel_k': 0.8398846716543956, 'fuel_half': 81.87941582538087}.
[I 2026-07-22 22:01:24,612] Trial 1260 finished with values: [-0.7652244998861967, 0.04341564197477599] and parameters: {'k1': 9.969469187531805e-05, 'D_low': 91.66403471455098, 'k2': 0.003658518527736814, 'D_high': 2512533.442757688, 'fire_exp': 1.8391794184086074, 'P_half': 1.4378290221680121, 'pre_dampen_half': 868.1843415114095, 'gpp_af': 1.4498445474033743, 'gpp_b': 1.2892705405728861e-05, 'gpp_d': 373.3014953695604, 'ign_k': 2.9663798365255736, 'ign_c': 16.626592254031866, 'trop_agb_crit': 10.719494362768906, 'trop_k_veg': 6.911478238001162, 'fuel_k': 0.8398846716543956, 'fuel_half': 81.87941582538087}.
[I 2026-07-22 22:01:25,039] Trial 1261 finished with values: [10.759509252679146, 10.759509252679146] and parameters: {'k1': 0.003242143344038315, 'D_low': 1.1640589436768796, 'k2': 0.00036821611602060956, 'D_high': 8433503.858791472, 'fire_exp': 2.3123511487896353, 'P_half': 1.4378290221680121, 'pre_dampen_half': 0.2001862701105098, 'gpp_af': 34.35382931294009, 'gpp_b': 0.00011277885258222645, 'gpp_d': 8.057329182285729, 'ign_k': 4.59148521674054, 'ign_c': 16.626592254031866, 'trop_agb_crit': 5.707205898008383, 'trop_k_veg': 1.7428926895756522, 'fuel_k': 3.6992394681929355, 'fuel_half': 2.276766792290519}.
