[I 2026-08-19 17:49:41,352] Trial 1739 finished with value: 0.6160026376600982 and parameters: {'k1': 0.09325034291703141, 'D_low': 382.4248064768927, 'k2': 4.115135456519092e-05, 'D_high': 205266.6441197675, 'fire_exp': 1.2417302468333973, 'P_half': 105.77464957962967, 'pre_dampen_half': 91.2408841398114, 'gpp_af': 0.01283017722868584, 'gpp_b': 1.6686277654792555e-05, 'gpp_d': 190.70083923758165, 'ign_k': 1.215523650747786, 'ign_c': 9.937721572806975, 'trop_agb_crit': 11.201682052960745, 'trop_k_veg': 7.891977301036011, 'pop_amp': 0.010819365425672025, 'pop_peak': 1.4872493167405605, 'pop_sig': 0.3127950260979202, 'fuel_k': 3.833921238042112, 'fuel_half': 1.6115730539716435}. Best is trial 1622 with value: -0.6125870653324885.
[I 2026-08-19 17:49:43,391] Trial 1740 finished with value: 0.5079375026943409 and parameters: {'k1': 0.0006536960811783667, 'D_low': 29.608450110628738, 'k2': 0.012947554833513394, 'D_high': 3257776.4309324278, 'fire_exp': 3.45708984846323, 'P_half': 6.203176952718829, 'pre_dampen_half': 26.94846492491098, 'gpp_af': 0.22848677193092162, 'gpp_b': 0.00031769488825383776, 'gpp_d': 683.0345138527128, 'ign_k': 6.377453166940105, 'ign_c': 27.27280542889906, 'trop_agb_crit': 1.4557339902231687, 'trop_k_veg': 1.0205498896927896, 'pop_amp': 0.04853195167455854, 'pop_peak': 0.6031133208840751, 'pop_sig': 1.443935580072618, 'fuel_k': 0.19857320537368878, 'fuel_half': 0.48437887856590955}. Best is trial 1622 with value: -0.6125870653324885.
[I 2026-08-19 17:49:45,438] Trial 1741 finished with value: 0.6445374145881376 and parameters: {'k1': 0.05723663137652341, 'D_low': 1.907754906201865, 'k2': 0.0034225340608474808, 'D_high': 95960.99860714012, 'fire_exp': 1.1474521756077392, 'P_half': 137.1287184359429, 'pre_dampen_half': 85.31098306904352, 'gpp_af': 0.00820990240899879, 'gpp_b': 0.0004490404763516807, 'gpp_d': 31.8852433439523, 'ign_k': 1.048030605094743, 'ign_c': 87.87491464817562, 'trop_agb_crit': 13.598480224118894, 'trop_k_veg': 6.4148786117118295, 'pop_amp': 0.012905631677756711, 'pop_peak': 0.5523563230303327, 'pop_sig': 0.8777283935330176, 'fuel_k': 1.4851735842767377, 'fuel_half': 7.389781674392548}. Best is trial 1622 with value: -0.6125870653324885.
[I 2026-08-19 17:49:47,592] Trial 1742 finished with value: 0.6238332107358654 and parameters: {'k1': 0.0003768264360105227, 'D_low': 4.384869047620317, 'k2': 0.0036285355086234654, 'D_high': 246084.67744563025, 'fire_exp': 7.250419715035854, 'P_half': 213.27546801852063, 'pre_dampen_half': 16.251866105474015, 'gpp_af': 15.304397477469678, 'gpp_b': 0.00033577297679010146, 'gpp_d': 0.8640709876627888, 'ign_k': 8.110498513151164, 'ign_c': 13.708572966529086, 'trop_agb_crit': 3.5565637265465644, 'trop_k_veg': 2.1485546448230686, 'pop_amp': 0.35428637582548594, 'pop_peak': 203.02303659551927, 'pop_sig': 1.0819860214532835, 'fuel_k': 0.06101571233028169, 'fuel_half': 0.7124767240815527}. Best is trial 1622 with value: -0.6125870653324885.
[I 2026-08-19 17:49:49,728] Trial 1743 finished with value: 0.5078999276595118 and parameters: {'k1': 0.0034247997398335218, 'D_low': 3510.6167869205333, 'k2': 5.2710498368683705e-05, 'D_high': 6566295.100633363, 'fire_exp': 1.4304245791490373, 'P_half': 48.21113135139806, 'pre_dampen_half': 14.10887966500074, 'gpp_af': 2.396094139613057, 'gpp_b': 0.11279074375970392, 'gpp_d': 672.0125620249404, 'ign_k': 0.0021801826862920667, 'ign_c': 9.574075826247503, 'trop_agb_crit': 1.3282265301023128, 'trop_k_veg': 1.6018234771343656, 'pop_amp': 0.0031154784488148027, 'pop_peak': 8.836820799521295, 'pop_sig': 0.2964278051909153, 'fuel_k': 0.12224528359296338, 'fuel_half': 12.87088544492525}. Best is trial 1622 with value: -0.6125870653324885.
[I 2026-08-19 17:49:52,097] Trial 1744 finished with value: 0.4551197054935887 and parameters: {'k1': 0.004604083502621974, 'D_low': 61.720803949435705, 'k2': 2.0788902427157135e-05, 'D_high': 4242329.14426392, 'fire_exp': 2.1138691233121194, 'P_half': 321.59465648920906, 'pre_dampen_half': 1.7267103105690889, 'gpp_af': 0.3491295121460199, 'gpp_b': 0.00015654611853278393, 'gpp_d': 4.333811922617761, 'ign_k': 2.0440966528691544, 'ign_c': 1.871310467633047, 'trop_agb_crit': 8.291710477008204, 'trop_k_veg': 6.375193010736456, 'pop_amp': 0.006922266042938951, 'pop_peak': 0.06362112975281671, 'pop_sig': 0.5023493699693816, 'fuel_k': 0.9924296436383789, 'fuel_half': 1.2754448803503382}. Best is trial 1622 with value: -0.6125870653324885.
[I 2026-08-19 17:49:54,461] Trial 1745 finished with value: -0.4564064255906726 and parameters: {'k1': 0.0024719317598346493, 'D_low': 1.3093365009736562, 'k2': 0.018613700844496026, 'D_high': 8082.0255563562, 'fire_exp': 1.655914504766221, 'P_half': 18.539456324232262, 'pre_dampen_half': 3.767618828046579, 'gpp_af': 6.933282756053244, 'gpp_b': 0.0015001716843442011, 'gpp_d': 54.31366198197326, 'ign_k': 0.32591161667562846, 'ign_c': 4.014660558017401, 'trop_agb_crit': 29.091624075046504, 'trop_k_veg': 2.759052994472918, 'pop_amp': 0.012506612462943921, 'pop_peak': 0.055464960784686976, 'pop_sig': 0.9886137057493737, 'fuel_k': 0.2128973714673718, 'fuel_half': 1.740362946812818}. Best is trial 1622 with value: -0.6125870653324885.
[I 2026-08-19 17:49:56,638] Trial 1746 finished with value: 0.43054875031400175 and parameters: {'k1': 0.022331464714126482, 'D_low': 1.5657600967594352, 'k2': 0.00017095196032999957, 'D_high': 3332344.645865462, 'fire_exp': 1.9421382898317632, 'P_half': 3.7760857784659447, 'pre_dampen_half': 5.895871692748645, 'gpp_af': 0.1706650213052065, 'gpp_b': 0.0001311283413633296, 'gpp_d': 7.7202902403329405, 'ign_k': 0.21656384274181975, 'ign_c': 3.3672288116221845, 'trop_agb_crit': 15.038614017616572, 'trop_k_veg': 2.7563047323203578, 'pop_amp': 0.009632028270578026, 'pop_peak': 0.30499997015099584, 'pop_sig': 0.4040465881956995, 'fuel_k': 1.0773053994956232, 'fuel_half': 0.7828179690487208}. Best is trial 1622 with value: -0.6125870653324885.
[I 2026-08-19 17:49:58,782] Trial 1747 finished with value: 0.5358861994197223 and parameters: {'k1': 0.0004569196409076814, 'D_low': 1.2878411615697014, 'k2': 0.0032272156478909135, 'D_high': 1634546.6533692863, 'fire_exp': 1.8436384093117857, 'P_half': 86.85940550425876, 'pre_dampen_half': 0.7948375290716522, 'gpp_af': 0.26901629778096975, 'gpp_b': 0.10359134837184086, 'gpp_d': 19.532414899376477, 'ign_k': 0.15388399791200832, 'ign_c': 5.819641023833775, 'trop_agb_crit': 17.02939184725887, 'trop_k_veg': 1.8062483422860152, 'pop_amp': 0.0016466315579762606, 'pop_peak': 0.5384972311117597, 'pop_sig': 0.38507724184863357, 'fuel_k': 0.42258528108020327, 'fuel_half': 2.3934932792034074}. Best is trial 1622 with value: -0.6125870653324885.
[I 2026-08-19 17:50:00,885] Trial 1748 finished with value: -0.5844405000997167 and parameters: {'k1': 0.00011377740913917239, 'D_low': 769.2035023032208, 'k2': 0.003513254960929327, 'D_high': 2260453.8394836085, 'fire_exp': 1.9142195986592319, 'P_half': 293.6029371951452, 'pre_dampen_half': 31.630157240590073, 'gpp_af': 0.1003783793659788, 'gpp_b': 0.00016651162382772856, 'gpp_d': 1.4019815630646664, 'ign_k': 0.35013500135157954, 'ign_c': 6.7146133142285365, 'trop_agb_crit': 1.9364057024740597, 'trop_k_veg': 2.1925899857628552, 'pop_amp': 0.018851357200984582, 'pop_peak': 0.5424646189107439, 'pop_sig': 1.755354384808708, 'fuel_k': 0.23446925800824636, 'fuel_half': 2.0398683000179}. Best is trial 1622 with value: -0.6125870653324885.
  trial 1749/2500  best_overall=0.6126  (51.6 min)
[I 2026-08-19 17:50:03,553] Trial 1749 finished with value: 0.5470856015309099 and parameters: {'k1': 0.09471915851041665, 'D_low': 8.399244606145025, 'k2': 0.00030634268627767583, 'D_high': 158380.61716689778, 'fire_exp': 1.858686863842596, 'P_half': 721.5001160857279, 'pre_dampen_half': 1.0964197057905203, 'gpp_af': 0.01072493857662517, 'gpp_b': 0.0018993591676165606, 'gpp_d': 0.11071673436697978, 'ign_k': 3.581021626166177, 'ign_c': 0.7223108829068149, 'trop_agb_crit': 4.7494192097605845, 'trop_k_veg': 5.9056100001599745, 'pop_amp': 0.002034485723451921, 'pop_peak': 2.8816784969237843, 'pop_sig': 0.5053718754665316, 'fuel_k': 0.5714647910086054, 'fuel_half': 0.7945728155374768}. Best is trial 1622 with value: -0.6125870653324885.
[I 2026-08-19 17:50:05,667] Trial 1750 finished with value: 0.5643199138303098 and parameters: {'k1': 0.036630674372730265, 'D_low': 35.262101944121554, 'k2': 0.0027704990572591987, 'D_high': 1088909.5872624067, 'fire_exp': 3.239562259277653, 'P_half': 14.636361277011343, 'pre_dampen_half': 0.5731896168728726, 'gpp_af': 0.027705479720165977, 'gpp_b': 0.0013010236062989725, 'gpp_d': 16.26237919061247, 'ign_k': 0.021767302757396727, 'ign_c': 1.2206803923579104, 'trop_agb_crit': 6.181995427939477, 'trop_k_veg': 6.349379810556189, 'pop_amp': 0.001076703337054401, 'pop_peak': 0.2966311121190548, 'pop_sig': 0.4059463151240285, 'fuel_k': 1.9411645344500066, 'fuel_half': 2.0546361175606873}. Best is trial 1622 with value: -0.6125870653324885.
[I 2026-08-19 17:50:07,838] Trial 1751 finished with value: 0.5834600909384119 and parameters: {'k1': 0.04384955259580945, 'D_low': 19.22113861061967, 'k2': 0.0024885112588230213, 'D_high': 4172152.580594406, 'fire_exp': 1.6782183888781497, 'P_half': 35.00651604431819, 'pre_dampen_half': 66.21730603287347, 'gpp_af': 0.003473609010443443, 'gpp_b': 9.179067204756805e-05, 'gpp_d': 53.23478186735729, 'ign_k': 0.2385416383269946, 'ign_c': 8.417284568951324, 'trop_agb_crit': 3.4000928271924984, 'trop_k_veg': 6.070751701107309, 'pop_amp': 0.0014484458385650332, 'pop_peak': 0.0817140967070666, 'pop_sig': 0.38731462410002215, 'fuel_k': 2.593467762401182, 'fuel_half': 0.742770049411656}. Best is trial 1622 with value: -0.6125870653324885.
[I 2026-08-19 17:50:09,960] Trial 1752 finished with value: 0.5468521979856932 and parameters: {'k1': 0.004118354265974105, 'D_low': 224.6095876207451, 'k2': 0.0002564669220477362, 'D_high': 9718686.185340283, 'fire_exp': 4.565136891161057, 'P_half': 294.89941536239485, 'pre_dampen_half': 163.59252544225353, 'gpp_af': 0.09939828045945595, 'gpp_b': 0.031652900558911075, 'gpp_d': 1.03026339083406, 'ign_k': 0.13634437854612727, 'ign_c': 0.4136328496100517, 'trop_agb_crit': 9.364717513021455, 'trop_k_veg': 2.1289911081320647, 'pop_amp': 17.41143820168199, 'pop_peak': 10.927816119267382, 'pop_sig': 0.6999434755932021, 'fuel_k': 0.5046841234616558, 'fuel_half': 0.3390553895435598}. Best is trial 1622 with value: -0.6125870653324885.
[I 2026-08-19 17:50:12,091] Trial 1753 finished with value: 0.5712370269076867 and parameters: {'k1': 0.0017899032891990142, 'D_low': 5414.134381135607, 'k2': 0.0007554679768246122, 'D_high': 8869304.726056, 'fire_exp': 1.8993536358038723, 'P_half': 13.138315634042296, 'pre_dampen_half': 1.126233093285058, 'gpp_af': 0.011668082612420073, 'gpp_b': 0.012182173950360121, 'gpp_d': 59.134949025223584, 'ign_k': 5.970544758705386, 'ign_c': 0.2964489417741184, 'trop_agb_crit': 9.003681946850564, 'trop_k_veg': 0.8499117638358273, 'pop_amp': 0.004010462720689078, 'pop_peak': 25.04335069707761, 'pop_sig': 0.7588442151991074, 'fuel_k': 0.39863416575184085, 'fuel_half': 0.23520428551073444}. Best is trial 1622 with value: -0.6125870653324885.
[I 2026-08-19 17:50:13,990] Trial 1754 finished with value: 0.5974324960359729 and parameters: {'k1': 0.008733682225679015, 'D_low': 1.6876379806948383, 'k2': 0.034280612768811336, 'D_high': 3347755.5243612803, 'fire_exp': 6.836937932024047, 'P_half': 1.0571802805691701, 'pre_dampen_half': 1.1864535878349343, 'gpp_af': 0.02403086705824381, 'gpp_b': 0.02499309165936236, 'gpp_d': 659.2733739572457, 'ign_k': 0.10220197753478104, 'ign_c': 3.226916829170454, 'trop_agb_crit': 25.554961948171176, 'trop_k_veg': 1.3208590245411609, 'pop_amp': 0.0018073466384378243, 'pop_peak': 0.09706133340137481, 'pop_sig': 0.30273400846046306, 'fuel_k': 1.534642529767257, 'fuel_half': 0.859716593030371}. Best is trial 1622 with value: -0.6125870653324885.
[I 2026-08-19 17:50:16,047] Trial 1755 finished with value: 0.6445374145881376 and parameters: {'k1': 0.06391338914229334, 'D_low': 89.54168980606606, 'k2': 0.0036130841820330895, 'D_high': 8416792.659840351, 'fire_exp': 1.4098431213799387, 'P_half': 2137.6066629162087, 'pre_dampen_half': 32.544545161272836, 'gpp_af': 0.0015847523232668016, 'gpp_b': 8.13947227435006e-05, 'gpp_d': 0.3528090379075144, 'ign_k': 6.623565062409937, 'ign_c': 544.0586633581388, 'trop_agb_crit': 8.73407296135377, 'trop_k_veg': 4.4250514171197155, 'pop_amp': 0.027557513318598244, 'pop_peak': 0.11257422051369546, 'pop_sig': 0.6940041289321092, 'fuel_k': 1.674475154988943, 'fuel_half': 0.43557515794004276}. Best is trial 1622 with value: -0.6125870653324885.
[I 2026-08-19 17:50:18,155] Trial 1756 finished with value: 0.5850859274057487 and parameters: {'k1': 0.00992636281419209, 'D_low': 5.212502706876697, 'k2': 0.003093449470500341, 'D_high': 1632095.1265867734, 'fire_exp': 2.6568466819556895, 'P_half': 2.6055763775716443, 'pre_dampen_half': 24.770413598824238, 'gpp_af': 0.11919444029664586, 'gpp_b': 0.004273083617854279, 'gpp_d': 446.66554843497175, 'ign_k': 0.3217844336597519, 'ign_c': 29.448712152325317, 'trop_agb_crit': 19.58452447831449, 'trop_k_veg': 3.3892554417021117, 'pop_amp': 0.00225774803553122, 'pop_peak': 0.2874145898463663, 'pop_sig': 0.8052473283458408, 'fuel_k': 0.1675271216969076, 'fuel_half': 11.733139755037719}. Best is trial 1622 with value: -0.6125870653324885.
[I 2026-08-19 17:50:20,326] Trial 1757 finished with value: 0.453855981186299 and parameters: {'k1': 0.00010585482027345785, 'D_low': 1531.9632576655085, 'k2': 0.002797016933222574, 'D_high': 9798846.863775237, 'fire_exp': 1.436221445154193, 'P_half': 321.20429274099394, 'pre_dampen_half': 1.2015656303498492, 'gpp_af': 0.6703287640335704, 'gpp_b': 0.0006280608411828751, 'gpp_d': 5.009173108810595, 'ign_k': 0.26894031225598747, 'ign_c': 5.079615776653357, 'trop_agb_crit': 11.270023994447747, 'trop_k_veg': 1.5557649376050955, 'pop_amp': 0.018486109331821765, 'pop_peak': 55.97905097883983, 'pop_sig': 0.9344963688224085, 'fuel_k': 0.35786591929039624, 'fuel_half': 0.1173516555671831}. Best is trial 1622 with value: -0.6125870653324885.
[I 2026-08-19 17:50:22,395] Trial 1758 finished with value: 0.5520053724183578 and parameters: {'k1': 0.03130551103370847, 'D_low': 93.64546800477353, 'k2': 0.00018175526728858444, 'D_high': 1799678.618161179, 'fire_exp': 2.168942210897423, 'P_half': 159.16778508641647, 'pre_dampen_half': 3.336353841620516, 'gpp_af': 0.002198204105185858, 'gpp_b': 7.503435001714447e-05, 'gpp_d': 70.7339127519904, 'ign_k': 0.31123908951965845, 'ign_c': 25.059458665078694, 'trop_agb_crit': 9.866380083439894, 'trop_k_veg': 7.861669988338932, 'pop_amp': 0.002357343955815412, 'pop_peak': 0.1484729898101484, 'pop_sig': 0.3674413729087497, 'fuel_k': 0.13078967529086935, 'fuel_half': 1.580332987568034}. Best is trial 1622 with value: -0.6125870653324885.
  trial 1759/2500  best_overall=0.6126  (52.0 min)
[I 2026-08-19 17:50:24,962] Trial 1759 finished with value: 0.49037449221655904 and parameters: {'k1': 0.0004984314041065058, 'D_low': 35.42733092343219, 'k2': 0.00022261401730755182, 'D_high': 1620185.5053994167, 'fire_exp': 4.308134982470748, 'P_half': 6.892423433215575, 'pre_dampen_half': 0.34103663080229896, 'gpp_af': 0.13394096294263463, 'gpp_b': 1.2172905604078304e-05, 'gpp_d': 24.67938803442422, 'ign_k': 0.44507436982648807, 'ign_c': 17.123109944330384, 'trop_agb_crit': 4.514055403727299, 'trop_k_veg': 3.41940750161776, 'pop_amp': 0.02639639535319443, 'pop_peak': 83.09230850017912, 'pop_sig': 1.6897914102763782, 'fuel_k': 0.18244821477507556, 'fuel_half': 0.4584211492325679}. Best is trial 1622 with value: -0.6125870653324885.
[I 2026-08-19 17:50:27,060] Trial 1760 finished with value: 0.6445374145881376 and parameters: {'k1': 0.0005359544847342486, 'D_low': 47.34055861484646, 'k2': 8.710844819803365e-05, 'D_high': 2587996.2794498177, 'fire_exp': 1.6298087905667433, 'P_half': 214.85074184145608, 'pre_dampen_half': 27.322660450146333, 'gpp_af': 1.5812048771754106, 'gpp_b': 0.005068627168788925, 'gpp_d': 9.283193099710635, 'ign_k': 8.76278537661341, 'ign_c': 142.64468104697303, 'trop_agb_crit': 29.10606491450473, 'trop_k_veg': 0.5679439984343349, 'pop_amp': 7.716002332928852, 'pop_peak': 51.74631625456314, 'pop_sig': 0.521411390530692, 'fuel_k': 0.024765406372201093, 'fuel_half': 0.6029084323249905}. Best is trial 1622 with value: -0.6125870653324885.
[I 2026-08-19 17:50:29,193] Trial 1761 finished with value: 0.5831682075636084 and parameters: {'k1': 0.0008538913802432921, 'D_low': 5.291178391969247, 'k2': 7.894994740323265e-05, 'D_high': 102110.89416258286, 'fire_exp': 4.205375086364322, 'P_half': 551.7912579348346, 'pre_dampen_half': 5.696408782840691, 'gpp_af': 0.23164623463539788, 'gpp_b': 0.014378360061393296, 'gpp_d': 11.816008564150367, 'ign_k': 0.05149580234113914, 'ign_c': 0.2323785432577981, 'trop_agb_crit': 4.592627141955121, 'trop_k_veg': 0.5854574054109735, 'pop_amp': 0.23437563808388703, 'pop_peak': 44.43365307326391, 'pop_sig': 0.852532581754369, 'fuel_k': 1.4475465619507195, 'fuel_half': 0.3623385779215702}. Best is trial 1622 with value: -0.6125870653324885.
[I 2026-08-19 17:50:31,359] Trial 1762 finished with value: 0.6208931852575855 and parameters: {'k1': 0.01966887202785484, 'D_low': 12543.750886335874, 'k2': 3.9120097245710736e-05, 'D_high': 914451.5159056518, 'fire_exp': 9.514596345690897, 'P_half': 64.65948374451585, 'pre_dampen_half': 0.11660376340094325, 'gpp_af': 0.5421527661706719, 'gpp_b': 0.015978517300344254, 'gpp_d': 0.09853173042500675, 'ign_k': 0.0037882301000588376, 'ign_c': 87.1703623072188, 'trop_agb_crit': 26.601476754219505, 'trop_k_veg': 0.5667166295187732, 'pop_amp': 0.14212698261334286, 'pop_peak': 10.40988715590103, 'pop_sig': 1.1269035279229482, 'fuel_k': 0.21467608824716652, 'fuel_half': 49.18846988506349}. Best is trial 1622 with value: -0.6125870653324885.
[I 2026-08-19 17:50:33,492] Trial 1763 finished with value: 0.6325622634640677 and parameters: {'k1': 0.0002706620055138162, 'D_low': 9.465839593924715, 'k2': 0.000986340373148431, 'D_high': 1354.8097321357789, 'fire_exp': 7.173461366429328, 'P_half': 1.4623569061548853, 'pre_dampen_half': 391.76941436019376, 'gpp_af': 0.014077685638494, 'gpp_b': 0.006021987719063985, 'gpp_d': 2.330780201593342, 'ign_k': 1.2356654700841845, 'ign_c': 0.8593936467290246, 'trop_agb_crit': 3.5959080123289326, 'trop_k_veg': 5.662327803815695, 'pop_amp': 0.2767590653763082, 'pop_peak': 817.047144929018, 'pop_sig': 2.173816307554697, 'fuel_k': 0.033413504737365055, 'fuel_half': 17.00554678118726}. Best is trial 1622 with value: -0.6125870653324885.
[I 2026-08-19 17:50:35,619] Trial 1764 finished with value: 0.4313098684032367 and parameters: {'k1': 0.02202748011157942, 'D_low': 1.2011245416445475, 'k2': 0.00978143949612493, 'D_high': 59811.06294200098, 'fire_exp': 1.3016942854650941, 'P_half': 102.26287443620976, 'pre_dampen_half': 5.1274855707094735, 'gpp_af': 0.001807316056467097, 'gpp_b': 0.0004782549711556806, 'gpp_d': 4.636662777916325, 'ign_k': 4.0393200947090735, 'ign_c': 11.811543203421547, 'trop_agb_crit': 9.90978615606333, 'trop_k_veg': 7.42306481738157, 'pop_amp': 0.0019760878390456924, 'pop_peak': 0.31208190252585394, 'pop_sig': 0.28763541868580145, 'fuel_k': 0.5462947708468943, 'fuel_half': 1.3795940255631534}. Best is trial 1622 with value: -0.6125870653324885.
[I 2026-08-19 17:50:37,705] Trial 1765 finished with value: 0.586331576501281 and parameters: {'k1': 0.04615423478347654, 'D_low': 2561.257293000604, 'k2': 0.0007768184472485067, 'D_high': 3217906.9547595205, 'fire_exp': 4.2052302235868275, 'P_half': 2205.8496369634477, 'pre_dampen_half': 0.5638254656817753, 'gpp_af': 0.7441012174645152, 'gpp_b': 0.00020640218954569113, 'gpp_d': 79.8322597138939, 'ign_k': 0.04803942643126865, 'ign_c': 1.4173213006540446, 'trop_agb_crit': 8.385849634090281, 'trop_k_veg': 2.3159539158449216, 'pop_amp': 1.818067025982996, 'pop_peak': 35.33006416483398, 'pop_sig': 0.3850019337310247, 'fuel_k': 0.011058812982747168, 'fuel_half': 0.25613086438353316}. Best is trial 1622 with value: -0.6125870653324885.
[I 2026-08-19 17:50:39,800] Trial 1766 finished with value: -0.5673069804484026 and parameters: {'k1': 0.023914899512358794, 'D_low': 247.73208911597672, 'k2': 1.0092563599393056e-05, 'D_high': 8618170.89799872, 'fire_exp': 2.0640129067213593, 'P_half': 552.2798678666721, 'pre_dampen_half': 9.662036453903434, 'gpp_af': 0.0969661849985566, 'gpp_b': 0.00034908424003165226, 'gpp_d': 356.4207946436868, 'ign_k': 9.330033602469507, 'ign_c': 9.212491613590176, 'trop_agb_crit': 7.303627527319311, 'trop_k_veg': 4.4160910471279, 'pop_amp': 0.0017518257322918682, 'pop_peak': 0.15820951767616853, 'pop_sig': 0.5145799455313079, 'fuel_k': 0.2828620743818772, 'fuel_half': 0.13445159528111372}. Best is trial 1622 with value: -0.6125870653324885.
[I 2026-08-19 17:50:42,037] Trial 1767 finished with value: 0.5877975046465751 and parameters: {'k1': 5.056446139210367e-05, 'D_low': 673.7020475847332, 'k2': 2.5054572782801008e-05, 'D_high': 3266.8882365198283, 'fire_exp': 1.4622551340237113, 'P_half': 20.110341459883315, 'pre_dampen_half': 0.17512076715922192, 'gpp_af': 0.04719262732049456, 'gpp_b': 7.6483724086914116, 'gpp_d': 0.059154151276196505, 'ign_k': 0.013459092745436812, 'ign_c': 3.596100320656977, 'trop_agb_crit': 1.6765493130366398, 'trop_k_veg': 1.7266495660950594, 'pop_amp': 6.4339320175573, 'pop_peak': 82.13480852705457, 'pop_sig': 0.36207126538240486, 'fuel_k': 0.35832357817229793, 'fuel_half': 95.68258947152263}. Best is trial 1622 with value: -0.6125870653324885.
