[I 2026-08-19 18:12:31,959] Trial 2435 finished with value: 0.4074728756820779 and parameters: {'k1': 0.00027753131064643346, 'D_low': 332.9156574509087, 'k2': 0.004672140170732468, 'D_high': 3061854.601642403, 'fire_exp': 1.0631122956517054, 'P_half': 595.2502386744416, 'pre_dampen_half': 0.8395400743803897, 'gpp_af': 0.06277619154535126, 'gpp_b': 0.006575227748137074, 'gpp_d': 813.0328491338421, 'ign_k': 6.437950574299457, 'ign_c': 0.14697940878833526, 'trop_agb_crit': 13.258141195571808, 'trop_k_veg': 5.046423702755791, 'pop_amp': 0.006392258439713914, 'pop_peak': 1.0240923651820077, 'pop_sig': 0.40588728462159357, 'fuel_k': 3.3712818478406716, 'fuel_half': 0.19776292990129057}. Best is trial 1622 with value: -0.6125870653324885.
[I 2026-08-19 18:12:33,788] Trial 2436 finished with value: 0.6040229017180656 and parameters: {'k1': 0.01309408397598043, 'D_low': 3.662940896404784, 'k2': 0.006138693127678096, 'D_high': 186667.79590008987, 'fire_exp': 2.8807739027546013, 'P_half': 1.0801404461371629, 'pre_dampen_half': 30.912060483571388, 'gpp_af': 0.27771771738606615, 'gpp_b': 0.0007052843406019294, 'gpp_d': 157.69984730667966, 'ign_k': 0.20025371814404677, 'ign_c': 5.994877335217798, 'trop_agb_crit': 19.620319953093713, 'trop_k_veg': 3.5210674639879094, 'pop_amp': 0.44888152136028053, 'pop_peak': 0.07449561919842787, 'pop_sig': 0.5176457242798552, 'fuel_k': 2.5551581834670314, 'fuel_half': 0.19014162112375252}. Best is trial 1622 with value: -0.6125870653324885.
[I 2026-08-19 18:12:35,581] Trial 2437 finished with value: 0.43298345046791076 and parameters: {'k1': 0.00012069337372828831, 'D_low': 1.088207353882686, 'k2': 0.0007366257030716111, 'D_high': 1844097.8769911102, 'fire_exp': 1.0049215122393746, 'P_half': 39.47023267621405, 'pre_dampen_half': 14.434145400826065, 'gpp_af': 0.034457862058955575, 'gpp_b': 0.009597512283988802, 'gpp_d': 1.4608104804486504, 'ign_k': 3.534989781976039, 'ign_c': 3.6794063962631847, 'trop_agb_crit': 29.433804461966687, 'trop_k_veg': 1.0722447090563785, 'pop_amp': 0.009096919142061004, 'pop_peak': 296.0943620941805, 'pop_sig': 0.9692442309014702, 'fuel_k': 0.01793377008103746, 'fuel_half': 5.518605215849061}. Best is trial 1622 with value: -0.6125870653324885.
[I 2026-08-19 18:12:37,412] Trial 2438 finished with value: 0.5663767672814729 and parameters: {'k1': 0.03877166343712855, 'D_low': 1.4192700923760844, 'k2': 3.8927286720038217e-05, 'D_high': 4177.883820330931, 'fire_exp': 2.7786919223785382, 'P_half': 18.1781823569296, 'pre_dampen_half': 530.2369280240607, 'gpp_af': 0.01887408981906792, 'gpp_b': 0.000309945816130078, 'gpp_d': 285.11881653187464, 'ign_k': 0.06877420636782461, 'ign_c': 4.75059425895769, 'trop_agb_crit': 6.469324869318854, 'trop_k_veg': 5.821838283433074, 'pop_amp': 0.001496754754442163, 'pop_peak': 1.997549046764092, 'pop_sig': 0.6799587244834208, 'fuel_k': 2.243592317518115, 'fuel_half': 0.5267687005298298}. Best is trial 1622 with value: -0.6125870653324885.
[I 2026-08-19 18:12:39,192] Trial 2439 finished with value: 0.638166190529573 and parameters: {'k1': 0.00010769712924152122, 'D_low': 14.767170335627865, 'k2': 0.001268690214337334, 'D_high': 1464159.5128603128, 'fire_exp': 3.7993643891103295, 'P_half': 20.54433982719323, 'pre_dampen_half': 711.6973213820432, 'gpp_af': 0.01268703367905155, 'gpp_b': 0.036684824124507874, 'gpp_d': 7.621167142527426, 'ign_k': 3.7012706583399186, 'ign_c': 4.488315776962935, 'trop_agb_crit': 20.97869956622892, 'trop_k_veg': 1.9094959122013548, 'pop_amp': 0.3412258465478775, 'pop_peak': 849.5242075499635, 'pop_sig': 0.5599484779506918, 'fuel_k': 0.020245662521534147, 'fuel_half': 9.959729858125353}. Best is trial 1622 with value: -0.6125870653324885.
[I 2026-08-19 18:12:41,003] Trial 2440 finished with value: 0.6545412090899307 and parameters: {'k1': 0.0953536973870763, 'D_low': 23.25096806482757, 'k2': 1.5774977482232436e-05, 'D_high': 4526400.102298368, 'fire_exp': 3.9491914266459514, 'P_half': 1.781646123504902, 'pre_dampen_half': 392.0857104539987, 'gpp_af': 0.05331461707563456, 'gpp_b': 0.00015291350442512427, 'gpp_d': 68.0858099801151, 'ign_k': 0.2311457432209811, 'ign_c': 70.47976708832053, 'trop_agb_crit': 15.220865048084187, 'trop_k_veg': 0.6355826065287394, 'pop_amp': 0.03295446482301198, 'pop_peak': 0.6674015841894433, 'pop_sig': 1.1521036580532784, 'fuel_k': 0.05498968860047511, 'fuel_half': 2.8698407099933387}. Best is trial 1622 with value: -0.6125870653324885.
[I 2026-08-19 18:12:42,864] Trial 2441 finished with value: 0.46785889810517056 and parameters: {'k1': 0.003954217140969297, 'D_low': 484.9524646902022, 'k2': 0.0004765860127970451, 'D_high': 464111.98279165616, 'fire_exp': 1.1978038329396659, 'P_half': 566.755897636926, 'pre_dampen_half': 9.173995475132225, 'gpp_af': 0.001954048914286023, 'gpp_b': 8.186328915583068e-05, 'gpp_d': 0.6369698761575262, 'ign_k': 0.8922282665232188, 'ign_c': 4.247094370580111, 'trop_agb_crit': 3.793777429356704, 'trop_k_veg': 6.143629603762712, 'pop_amp': 0.06900375027395392, 'pop_peak': 0.06945010445043823, 'pop_sig': 0.6093512299436495, 'fuel_k': 3.713759272431997, 'fuel_half': 1.1111661209479098}. Best is trial 1622 with value: -0.6125870653324885.
[I 2026-08-19 18:12:44,669] Trial 2442 finished with value: -0.5595839594811085 and parameters: {'k1': 0.012078447374902247, 'D_low': 16.717124720013828, 'k2': 1.644871465177411e-05, 'D_high': 8376732.790437374, 'fire_exp': 1.7809752992111847, 'P_half': 1.369565095248478, 'pre_dampen_half': 0.962710244448233, 'gpp_af': 0.24898035337101007, 'gpp_b': 0.007385343587102797, 'gpp_d': 36.175179981582104, 'ign_k': 6.086794037258098, 'ign_c': 4.765209643275168, 'trop_agb_crit': 14.046836681461576, 'trop_k_veg': 0.5825782548363306, 'pop_amp': 0.0112423809052893, 'pop_peak': 0.6108443834827905, 'pop_sig': 1.9247336112569418, 'fuel_k': 0.17017815980288475, 'fuel_half': 2.3269869978419924}. Best is trial 1622 with value: -0.6125870653324885.
[I 2026-08-19 18:12:46,497] Trial 2443 finished with value: 0.6445374145881376 and parameters: {'k1': 2.8365122789613953e-05, 'D_low': 47.384338261274266, 'k2': 4.839461576748174e-05, 'D_high': 821896.2027461401, 'fire_exp': 3.4631450395053336, 'P_half': 143.4786884818883, 'pre_dampen_half': 119.59518491734049, 'gpp_af': 3.2957582065700746, 'gpp_b': 1.114132983830234e-05, 'gpp_d': 0.7206112103172443, 'ign_k': 2.970605695982536, 'ign_c': 123.40268016542115, 'trop_agb_crit': 1.5213895133700752, 'trop_k_veg': 3.4026178218393763, 'pop_amp': 0.005993582961611232, 'pop_peak': 112.59576449371728, 'pop_sig': 1.6934241126812069, 'fuel_k': 0.13671643622299853, 'fuel_half': 0.30027003894766485}. Best is trial 1622 with value: -0.6125870653324885.
[I 2026-08-19 18:12:48,379] Trial 2444 finished with value: 0.5449523711252484 and parameters: {'k1': 0.0004002449929254235, 'D_low': 44.157529818875325, 'k2': 9.472999210901997e-05, 'D_high': 3923627.8649266167, 'fire_exp': 1.5982202998753525, 'P_half': 18.474516365151793, 'pre_dampen_half': 0.6132680669080093, 'gpp_af': 0.836856973491199, 'gpp_b': 0.00026720963655088836, 'gpp_d': 4.758858657346314, 'ign_k': 0.011108354094811595, 'ign_c': 29.49375594682094, 'trop_agb_crit': 11.230065192723707, 'trop_k_veg': 0.6706129044973331, 'pop_amp': 0.006038395127253749, 'pop_peak': 922.0462847283977, 'pop_sig': 2.086144572418393, 'fuel_k': 0.012482530907057407, 'fuel_half': 12.858739158688236}. Best is trial 1622 with value: -0.6125870653324885.
[I 2026-08-19 18:12:50,183] Trial 2445 finished with value: 0.41846231682037216 and parameters: {'k1': 0.06575599032912592, 'D_low': 11.349516344638403, 'k2': 4.214302109021209e-05, 'D_high': 842102.4050123631, 'fire_exp': 1.2677820062998588, 'P_half': 1.808589917714387, 'pre_dampen_half': 16.82222176968624, 'gpp_af': 0.043645614487785166, 'gpp_b': 5.747970038670254e-05, 'gpp_d': 652.8056782098396, 'ign_k': 0.9210741400426673, 'ign_c': 21.038066494233924, 'trop_agb_crit': 15.02912682577437, 'trop_k_veg': 0.8891160394898497, 'pop_amp': 0.015509108263993005, 'pop_peak': 8.32253566135521, 'pop_sig': 0.47651388189969024, 'fuel_k': 0.03206721306092836, 'fuel_half': 6.9086452095424695}. Best is trial 1622 with value: -0.6125870653324885.
  trial 2446/2500  best_overall=0.6126  (74.4 min)
[I 2026-08-19 18:12:52,568] Trial 2446 finished with value: 0.5065162042818228 and parameters: {'k1': 0.005054847078390054, 'D_low': 85.99589818471944, 'k2': 0.0004603442404578305, 'D_high': 8867.353148382997, 'fire_exp': 1.0650429556000403, 'P_half': 1.321474394422711, 'pre_dampen_half': 5.183986634716523, 'gpp_af': 0.025635768330913994, 'gpp_b': 0.010263010921394096, 'gpp_d': 3.8937106887970563, 'ign_k': 1.824527286451801, 'ign_c': 0.2939747082764415, 'trop_agb_crit': 7.268756343834662, 'trop_k_veg': 2.6433855002326827, 'pop_amp': 0.10004479279962322, 'pop_peak': 224.06097835356604, 'pop_sig': 0.7985838286422011, 'fuel_k': 0.1081890050420275, 'fuel_half': 14.982955295487852}. Best is trial 1622 with value: -0.6125870653324885.
[I 2026-08-19 18:12:54,387] Trial 2447 finished with value: 0.5950552004867482 and parameters: {'k1': 0.0033369908998235037, 'D_low': 2.6433718770897543, 'k2': 0.0051701635021084895, 'D_high': 9678972.43539148, 'fire_exp': 4.445671089054636, 'P_half': 10.157674067434636, 'pre_dampen_half': 71.02596964180941, 'gpp_af': 0.002903270390743356, 'gpp_b': 0.0002436140741991508, 'gpp_d': 295.27958271447534, 'ign_k': 0.11337069847257152, 'ign_c': 38.24538502842728, 'trop_agb_crit': 17.561189392281467, 'trop_k_veg': 3.1360717233188535, 'pop_amp': 0.0013277787284178728, 'pop_peak': 0.2194834153344598, 'pop_sig': 1.2034858548664886, 'fuel_k': 0.022863709763767216, 'fuel_half': 0.6991005461101519}. Best is trial 1622 with value: -0.6125870653324885.
[I 2026-08-19 18:12:56,161] Trial 2448 finished with value: 0.6445374145881376 and parameters: {'k1': 0.0065042205252899684, 'D_low': 5.1787470981451795, 'k2': 0.008030761765729973, 'D_high': 158617.6070087885, 'fire_exp': 7.359972421566219, 'P_half': 42.56887386945473, 'pre_dampen_half': 304.8287718674258, 'gpp_af': 0.9062737133678412, 'gpp_b': 5.900086566406037e-05, 'gpp_d': 504.33076671544046, 'ign_k': 0.5437360752833018, 'ign_c': 436.53384231032464, 'trop_agb_crit': 4.061529039677318, 'trop_k_veg': 1.9949475984088674, 'pop_amp': 0.15221297683468743, 'pop_peak': 157.65123739902236, 'pop_sig': 1.7131286785601267, 'fuel_k': 0.1733778054184076, 'fuel_half': 0.7646671945058668}. Best is trial 1622 with value: -0.6125870653324885.
[I 2026-08-19 18:12:57,978] Trial 2449 finished with value: 0.4620966799416881 and parameters: {'k1': 0.00011042094144896556, 'D_low': 101292.86120961412, 'k2': 1.2209009731349425e-05, 'D_high': 3329179.194625136, 'fire_exp': 1.3664848237248117, 'P_half': 49.236910726322016, 'pre_dampen_half': 13.106756892553186, 'gpp_af': 0.16104829493527684, 'gpp_b': 0.007715838079048574, 'gpp_d': 206.06475246060202, 'ign_k': 0.05018697777193849, 'ign_c': 0.7624127991729076, 'trop_agb_crit': 22.15765203902646, 'trop_k_veg': 4.895726883743267, 'pop_amp': 13.135086655514971, 'pop_peak': 7.986996530148419, 'pop_sig': 0.5465605877033709, 'fuel_k': 1.3876805441878408, 'fuel_half': 5.6035750517915455}. Best is trial 1622 with value: -0.6125870653324885.
[I 2026-08-19 18:12:59,798] Trial 2450 finished with value: 0.4503882511607834 and parameters: {'k1': 6.090194250625551e-05, 'D_low': 16710.7582906911, 'k2': 1.1016616108871694e-05, 'D_high': 4552764.2810214795, 'fire_exp': 1.292341416121257, 'P_half': 21.01341876534123, 'pre_dampen_half': 0.025095900052608498, 'gpp_af': 0.18257458949411018, 'gpp_b': 0.00017380160268445013, 'gpp_d': 78.00590036360089, 'ign_k': 0.04307830634010347, 'ign_c': 7.531227201012877, 'trop_agb_crit': 18.469617051858837, 'trop_k_veg': 4.6795114288682145, 'pop_amp': 0.8616336826977713, 'pop_peak': 12.937077679508167, 'pop_sig': 0.7414427592571194, 'fuel_k': 3.7776842939186115, 'fuel_half': 0.11528340215375724}. Best is trial 1622 with value: -0.6125870653324885.
[I 2026-08-19 18:13:01,584] Trial 2451 finished with value: 0.6445374145881376 and parameters: {'k1': 0.014661122077843489, 'D_low': 2.0338794859059255, 'k2': 0.006003593117284097, 'D_high': 2273552.6635711105, 'fire_exp': 1.4456674197070194, 'P_half': 15.809605194857575, 'pre_dampen_half': 1.0792621342947444, 'gpp_af': 0.0017636170671296051, 'gpp_b': 0.0007095693948012284, 'gpp_d': 29.875726202730956, 'ign_k': 1.3327621726622894, 'ign_c': 217.2912535608032, 'trop_agb_crit': 20.316627901169987, 'trop_k_veg': 6.533990329510885, 'pop_amp': 0.019463096234740757, 'pop_peak': 0.09132233732567233, 'pop_sig': 0.3961088797755949, 'fuel_k': 1.7453907873587398, 'fuel_half': 29.19589748428032}. Best is trial 1622 with value: -0.6125870653324885.
[I 2026-08-19 18:13:03,429] Trial 2452 finished with value: 0.6400355530257933 and parameters: {'k1': 0.0019729786775641777, 'D_low': 164.36181289231737, 'k2': 0.004826887372957608, 'D_high': 93.80895216237185, 'fire_exp': 3.1274072632011696, 'P_half': 2.5785106272088805, 'pre_dampen_half': 36.52286627302192, 'gpp_af': 2.8803400196678677, 'gpp_b': 0.6054810868194525, 'gpp_d': 0.06478294456429895, 'ign_k': 0.014694743425321202, 'ign_c': 3.2277305342395297, 'trop_agb_crit': 2.819930664425268, 'trop_k_veg': 4.795012172503476, 'pop_amp': 0.10650167196791228, 'pop_peak': 0.17112937626193014, 'pop_sig': 0.6566796602896673, 'fuel_k': 0.018355435862730154, 'fuel_half': 2.9710309035311604}. Best is trial 1622 with value: -0.6125870653324885.
[I 2026-08-19 18:13:05,235] Trial 2453 finished with value: 0.6354811892409918 and parameters: {'k1': 0.018115869400114826, 'D_low': 1.3483634728040634, 'k2': 3.0158420598992837e-05, 'D_high': 2275143.1935398416, 'fire_exp': 1.6147732862009143, 'P_half': 2.161079552749966, 'pre_dampen_half': 33.7089728914624, 'gpp_af': 0.0669370839930367, 'gpp_b': 1.74806998943209e-05, 'gpp_d': 148.70089435547868, 'ign_k': 4.58964000550458, 'ign_c': 32.57066731884537, 'trop_agb_crit': 18.935324286060954, 'trop_k_veg': 1.004362384741924, 'pop_amp': 0.017626402606016615, 'pop_peak': 27.99937264447392, 'pop_sig': 0.8627111768780228, 'fuel_k': 0.6387769173454623, 'fuel_half': 14.127877709534062}. Best is trial 1622 with value: -0.6125870653324885.
[I 2026-08-19 18:13:07,017] Trial 2454 finished with value: 0.6445374145881376 and parameters: {'k1': 0.00011675022947079422, 'D_low': 258.82013473338844, 'k2': 7.4423189085775e-05, 'D_high': 1135.9125558110175, 'fire_exp': 1.312292176406695, 'P_half': 49.462998815075046, 'pre_dampen_half': 20.598270463700572, 'gpp_af': 0.0037336440965736353, 'gpp_b': 0.00020478603153015301, 'gpp_d': 1.1186576120575704, 'ign_k': 0.6008988923317431, 'ign_c': 85.37216360400717, 'trop_agb_crit': 23.293786488921835, 'trop_k_veg': 2.1767179832413994, 'pop_amp': 0.039431490143817714, 'pop_peak': 225.4019409599126, 'pop_sig': 0.862387022463462, 'fuel_k': 0.056905890905248564, 'fuel_half': 7.07683281429261}. Best is trial 1622 with value: -0.6125870653324885.
[I 2026-08-19 18:13:08,859] Trial 2455 finished with value: 0.5247106539268843 and parameters: {'k1': 0.00034006802799927365, 'D_low': 4.1247615635991695, 'k2': 0.002946110017698852, 'D_high': 1439190.122180114, 'fire_exp': 1.7351010530590902, 'P_half': 1.8857953218530672, 'pre_dampen_half': 0.024705960856779733, 'gpp_af': 0.0013552360529445028, 'gpp_b': 1.33991827664855e-05, 'gpp_d': 1.2906542116135642, 'ign_k': 0.259265914772595, 'ign_c': 6.225532935881313, 'trop_agb_crit': 20.352299870797395, 'trop_k_veg': 1.6155779085777866, 'pop_amp': 0.19966006738437303, 'pop_peak': 616.969122445206, 'pop_sig': 1.2558121826069768, 'fuel_k': 0.1009958930890977, 'fuel_half': 25.357143177152054}. Best is trial 1622 with value: -0.6125870653324885.
[I 2026-08-19 18:13:10,686] Trial 2456 finished with value: 0.6445374145881376 and parameters: {'k1': 1.747021226077064e-05, 'D_low': 23147.72030091068, 'k2': 0.003936635695664788, 'D_high': 82954.74105975681, 'fire_exp': 9.597740678908417, 'P_half': 1418.3940718130018, 'pre_dampen_half': 1.181985550593277, 'gpp_af': 0.12210069797131128, 'gpp_b': 0.0011446365836638983, 'gpp_d': 2.648525045410094, 'ign_k': 0.34746665545960037, 'ign_c': 70.65628594188449, 'trop_agb_crit': 5.3173562644157135, 'trop_k_veg': 0.7032984757439694, 'pop_amp': 0.020759109309950646, 'pop_peak': 0.0906316573848893, 'pop_sig': 0.3034547086832438, 'fuel_k': 0.34558483466734197, 'fuel_half': 1.1084870124049508}. Best is trial 1622 with value: -0.6125870653324885.
[I 2026-08-19 18:13:12,490] Trial 2457 finished with value: 0.5978205812731407 and parameters: {'k1': 0.0005083203058086099, 'D_low': 790.7762355461742, 'k2': 9.975345103907563e-05, 'D_high': 128534.82967906659, 'fire_exp': 3.8176136543950183, 'P_half': 3.9385052168338337, 'pre_dampen_half': 0.046078134711398655, 'gpp_af': 0.0016236155401685869, 'gpp_b': 0.0010481438322727215, 'gpp_d': 1.5226534749915335, 'ign_k': 5.070990606881303, 'ign_c': 25.159097614109463, 'trop_agb_crit': 20.63949347596012, 'trop_k_veg': 2.4548212890868006, 'pop_amp': 0.05536626221856246, 'pop_peak': 623.3499958822154, 'pop_sig': 0.99210350588786, 'fuel_k': 0.04502371790245999, 'fuel_half': 8.57901148899778}. Best is trial 1622 with value: -0.6125870653324885.
  trial 2458/2500  best_overall=0.6126  (74.8 min)
[I 2026-08-19 18:13:14,852] Trial 2458 finished with value: -0.5094012465853524 and parameters: {'k1': 0.05664311695136395, 'D_low': 2.2757338384016235, 'k2': 0.0052038304041068534, 'D_high': 4840223.754894122, 'fire_exp': 6.21358716246797, 'P_half': 54.09418205155867, 'pre_dampen_half': 181.76197205762713, 'gpp_af': 4.676807821063602, 'gpp_b': 0.0009396848265924834, 'gpp_d': 5.061229363538102, 'ign_k': 1.7324350256136987, 'ign_c': 7.483961385621746, 'trop_agb_crit': 2.901661570957037, 'trop_k_veg': 1.9368087083662946, 'pop_amp': 0.013179379245138083, 'pop_peak': 672.0788126636196, 'pop_sig': 0.8678908580945167, 'fuel_k': 0.2031999624310242, 'fuel_half': 7.600147420469665}. Best is trial 1622 with value: -0.6125870653324885.
[I 2026-08-19 18:13:16,685] Trial 2459 finished with value: 0.5929559683587261 and parameters: {'k1': 0.005666826338403308, 'D_low': 3188.7578535151356, 'k2': 0.00011674049544766435, 'D_high': 8297.895239514406, 'fire_exp': 2.131822552265111, 'P_half': 26.788303716329843, 'pre_dampen_half': 105.48192083180655, 'gpp_af': 0.012296811120335847, 'gpp_b': 0.0004206635565307659, 'gpp_d': 283.62354080212936, 'ign_k': 0.12043720998219862, 'ign_c': 21.20349997676674, 'trop_agb_crit': 27.05723248738654, 'trop_k_veg': 3.0340413753555544, 'pop_amp': 0.0024554381805808076, 'pop_peak': 0.8145710635792116, 'pop_sig': 2.2150638662715005, 'fuel_k': 0.03190958598995383, 'fuel_half': 58.54387500387455}. Best is trial 1622 with value: -0.6125870653324885.
[I 2026-08-19 18:13:18,474] Trial 2460 finished with value: 0.5881851275874032 and parameters: {'k1': 0.0020260643953694804, 'D_low': 6471.582610655456, 'k2': 3.659912021312063e-05, 'D_high': 336.01641300064745, 'fire_exp': 1.886071287884633, 'P_half': 22.211288633777944, 'pre_dampen_half': 0.027761234222724647, 'gpp_af': 0.008926866035521073, 'gpp_b': 4.445932849968007e-05, 'gpp_d': 1.587014388449753, 'ign_k': 0.8118853530696357, 'ign_c': 0.18687468232366752, 'trop_agb_crit': 17.426164769940904, 'trop_k_veg': 1.029526977803939, 'pop_amp': 0.003620580212969322, 'pop_peak': 618.6556627551939, 'pop_sig': 0.8126890407857436, 'fuel_k': 0.042082074819883596, 'fuel_half': 6.479843729643853}. Best is trial 1622 with value: -0.6125870653324885.
[I 2026-08-19 18:13:20,312] Trial 2461 finished with value: 0.6527598378529869 and parameters: {'k1': 0.0048224458297821465, 'D_low': 3.6703570562498857, 'k2': 0.0003777225220504558, 'D_high': 2937655.3761134967, 'fire_exp': 2.2275614387948575, 'P_half': 155.34192046698075, 'pre_dampen_half': 2.9374347106221723, 'gpp_af': 0.005973468473433171, 'gpp_b': 2.625256609093808e-05, 'gpp_d': 40.852000680176104, 'ign_k': 3.1926427981167693, 'ign_c': 33.441799116361416, 'trop_agb_crit': 1.680962704805865, 'trop_k_veg': 5.992526243857961, 'pop_amp': 0.01994049303933542, 'pop_peak': 1.3847858527536425, 'pop_sig': 1.0259657376573128, 'fuel_k': 2.8954498118116816, 'fuel_half': 50.328894012277935}. Best is trial 1622 with value: -0.6125870653324885.
[I 2026-08-19 18:13:22,105] Trial 2462 finished with value: 0.43970589285397743 and parameters: {'k1': 0.004874417366553219, 'D_low': 17.5295243763113, 'k2': 0.0037009304403184127, 'D_high': 4343647.442653292, 'fire_exp': 2.6380031284676475, 'P_half': 12.587595993482354, 'pre_dampen_half': 0.048430881984637554, 'gpp_af': 0.24083460379394286, 'gpp_b': 0.00035615510953417, 'gpp_d': 834.1117357192018, 'ign_k': 0.3936199549870173, 'ign_c': 0.48835336223430753, 'trop_agb_crit': 2.041619824988036, 'trop_k_veg': 0.866013961258928, 'pop_amp': 1.2638271282862261, 'pop_peak': 6.141443418155185, 'pop_sig': 1.0951738165601959, 'fuel_k': 0.7190823086607316, 'fuel_half': 0.20414899151093666}. Best is trial 1622 with value: -0.6125870653324885.
[I 2026-08-19 18:13:23,920] Trial 2463 finished with value: 0.5093600603157494 and parameters: {'k1': 0.0005702160507195145, 'D_low': 2962.557422288428, 'k2': 0.07822848254819172, 'D_high': 3242738.6967903613, 'fire_exp': 2.392934431533852, 'P_half': 552.4208169254297, 'pre_dampen_half': 0.8757350283962315, 'gpp_af': 0.015282252765912102, 'gpp_b': 0.0002775864347770236, 'gpp_d': 0.4489295537497896, 'ign_k': 0.6901974305161362, 'ign_c': 1.0762339618224988, 'trop_agb_crit': 4.9554039713605045, 'trop_k_veg': 7.084892514690017, 'pop_amp': 0.0027484685430410214, 'pop_peak': 0.1423879872847388, 'pop_sig': 0.26411489689551804, 'fuel_k': 5.949753109739204, 'fuel_half': 2.3913179297604814}. Best is trial 1622 with value: -0.6125870653324885.
