[I 2026-07-25 00:39:04,896] Trial 1255 finished with value: 0.5154472990896519 and parameters: {'k1': 0.0020626854443151657, 'D_low': 86.65479067876348, 'k2': 0.001877326041431065, 'D_high': 180093.9803047752, 'fire_exp': 1.5257277713205293, 'P_half': 106.8584391982951, 'pre_dampen_half': 5.594925219619168, 'gpp_af': 0.008096180903150936, 'gpp_b': 0.003749862486828244, 'gpp_d': 50.11907189222342, 'ign_k': 0.7664816863600644, 'ign_c': 0.17645359857126486, 'trop_agb_crit': 3.570083009868041, 'trop_k_veg': 2.117641528822882, 'gdp_gamma': 0.6207826711141183, 'cure_k': 0.0011030942531262398, 'cure_p_min': 130.2149499442176, 'cure_gpp_ref': 1.0930783399612165, 'cure_agb_crit': 3.742494030325562, 'fuel_k': 1.4543367118715897, 'fuel_half': 4.8946171716651286}. Best is trial 1132 with value: -0.6317570269256394.
[I 2026-07-25 00:39:05,376] Trial 1256 finished with value: 0.5863449151005351 and parameters: {'k1': 0.00023937583390515682, 'D_low': 2351.0107387669063, 'k2': 0.00028685023951758394, 'D_high': 39740.588362322276, 'fire_exp': 1.6953488780439705, 'P_half': 225.43197548791989, 'pre_dampen_half': 4.504403904461807, 'gpp_af': 0.03329872481725494, 'gpp_b': 0.0010577928297783713, 'gpp_d': 352.33632634028555, 'ign_k': 0.08132772911492302, 'ign_c': 50.3943507947714, 'trop_agb_crit': 10.723760110475942, 'trop_k_veg': 3.2425619394313276, 'gdp_gamma': 0.17971207945053302, 'cure_k': 0.0036915909988036555, 'cure_p_min': 371.4579552340804, 'cure_gpp_ref': 0.23751121955315702, 'cure_agb_crit': 2.88362131755867, 'fuel_k': 0.8649176438136833, 'fuel_half': 4.360154248538104}. Best is trial 1132 with value: -0.6317570269256394.
[I 2026-07-25 00:39:05,873] Trial 1257 finished with value: 0.49340860853567725 and parameters: {'k1': 0.021839510983309388, 'D_low': 10.634159476319597, 'k2': 0.0015755599709429513, 'D_high': 683120.914400694, 'fire_exp': 1.1404077372848878, 'P_half': 89.17928153579273, 'pre_dampen_half': 8.743924688165983, 'gpp_af': 0.009902878019945245, 'gpp_b': 1.607071190217843e-05, 'gpp_d': 235.56977724460017, 'ign_k': 0.023002586847231787, 'ign_c': 28.02815314160202, 'trop_agb_crit': 29.46747200668594, 'trop_k_veg': 2.100509782764825, 'gdp_gamma': 0.502186358683063, 'cure_k': 0.0013019655721582455, 'cure_p_min': 154.70852281837688, 'cure_gpp_ref': 1.0750859260958148, 'cure_agb_crit': 6.449276047574468, 'fuel_k': 0.8214825990957111, 'fuel_half': 0.8673057718339984}. Best is trial 1132 with value: -0.6317570269256394.
[I 2026-07-25 00:39:06,342] Trial 1258 finished with value: 0.5959007833659801 and parameters: {'k1': 0.05838087378268965, 'D_low': 172.42723629958155, 'k2': 0.002014524821983336, 'D_high': 6842750.2997835465, 'fire_exp': 2.1113633578059265, 'P_half': 126.45689845611179, 'pre_dampen_half': 7.5395512016684245, 'gpp_af': 0.020439399571557656, 'gpp_b': 0.05121778462364108, 'gpp_d': 1.3663997446146403, 'ign_k': 0.0012153793481589875, 'ign_c': 0.32155132243185214, 'trop_agb_crit': 13.171688149642558, 'trop_k_veg': 0.5967598936783681, 'gdp_gamma': 0.8751145137443093, 'cure_k': 0.0010206139177398354, 'cure_p_min': 321.65670067407007, 'cure_gpp_ref': 0.1351651946114009, 'cure_agb_crit': 2.066319330353363, 'fuel_k': 0.0645559920627061, 'fuel_half': 81.25052509637166}. Best is trial 1132 with value: -0.6317570269256394.
[I 2026-07-25 00:39:06,800] Trial 1259 finished with value: 0.5548356520487119 and parameters: {'k1': 0.039737972536942424, 'D_low': 1397.6037507990611, 'k2': 9.36675108713554e-05, 'D_high': 29931.332795752918, 'fire_exp': 2.162506140120382, 'P_half': 20.600325047692976, 'pre_dampen_half': 4.2764154497602975, 'gpp_af': 0.1656224968860677, 'gpp_b': 1.3674803809692055, 'gpp_d': 336.7076046066114, 'ign_k': 0.06285549045616654, 'ign_c': 23.664169928199527, 'trop_agb_crit': 2.4853458524681105, 'trop_k_veg': 7.31593630580657, 'gdp_gamma': 0.9766150130664221, 'cure_k': 0.3336807578232912, 'cure_p_min': 387.6601094568921, 'cure_gpp_ref': 1.6210660916432573, 'cure_agb_crit': 4.0431498512626565, 'fuel_k': 0.010467685851673899, 'fuel_half': 1.6758916717759351}. Best is trial 1132 with value: -0.6317570269256394.
[I 2026-07-25 00:39:07,259] Trial 1260 finished with value: 0.509461987150946 and parameters: {'k1': 0.02853565896891991, 'D_low': 4.486536476702396, 'k2': 0.009359494442561544, 'D_high': 5063501.849951633, 'fire_exp': 1.0313781469945331, 'P_half': 47.558324728189895, 'pre_dampen_half': 1.423679499401479, 'gpp_af': 0.0029998832235792862, 'gpp_b': 0.0001153967707663963, 'gpp_d': 26.428327478810896, 'ign_k': 0.19753439558412667, 'ign_c': 26.98800431073118, 'trop_agb_crit': 19.38643073573316, 'trop_k_veg': 1.0614327824908623, 'gdp_gamma': 0.37552735597452575, 'cure_k': 0.5551896458012777, 'cure_p_min': 268.28800668492073, 'cure_gpp_ref': 1.8077434860594497, 'cure_agb_crit': 4.934105053724833, 'fuel_k': 1.7746259593881535, 'fuel_half': 10.27409076077123}. Best is trial 1132 with value: -0.6317570269256394.
[I 2026-07-25 00:39:07,724] Trial 1261 finished with value: 0.5437663914950763 and parameters: {'k1': 0.03830933923060995, 'D_low': 93.09417744501455, 'k2': 0.004906155363635102, 'D_high': 1017856.6180091283, 'fire_exp': 1.5514172345998034, 'P_half': 30.138649452431448, 'pre_dampen_half': 40.629865079125686, 'gpp_af': 0.3658803270097385, 'gpp_b': 1.8685960824508106e-05, 'gpp_d': 12.130858376401907, 'ign_k': 0.0030744223737076575, 'ign_c': 0.2702455023242331, 'trop_agb_crit': 24.334035078888338, 'trop_k_veg': 1.3407807719008338, 'gdp_gamma': 0.7324308875909716, 'cure_k': 0.0010669344388794632, 'cure_p_min': 324.7578086642676, 'cure_gpp_ref': 0.09578303011124166, 'cure_agb_crit': 1.2103703982832963, 'fuel_k': 0.0987430608111784, 'fuel_half': 90.76185669444908}. Best is trial 1132 with value: -0.6317570269256394.
[I 2026-07-25 00:39:08,206] Trial 1262 finished with value: 0.5765713007543362 and parameters: {'k1': 0.05446104574290749, 'D_low': 16.331988820075743, 'k2': 0.005087340820452181, 'D_high': 6857062.378180792, 'fire_exp': 2.4815553032290407, 'P_half': 565.156853131769, 'pre_dampen_half': 0.05948427898858455, 'gpp_af': 0.14619807913396568, 'gpp_b': 9.896967410324106e-05, 'gpp_d': 22.762732127547093, 'ign_k': 0.3224617505344416, 'ign_c': 59.92237482764422, 'trop_agb_crit': 13.164163523120504, 'trop_k_veg': 1.232171840998696, 'gdp_gamma': 1.6857047143066972, 'cure_k': 0.020296239556371904, 'cure_p_min': 160.26409852329746, 'cure_gpp_ref': 0.7613199637326592, 'cure_agb_crit': 4.912121275345745, 'fuel_k': 0.4157864384375029, 'fuel_half': 53.71246960835135}. Best is trial 1132 with value: -0.6317570269256394.
[I 2026-07-25 00:39:08,698] Trial 1263 finished with value: 0.5073459559547835 and parameters: {'k1': 5.458832252154011e-05, 'D_low': 71.1676938886488, 'k2': 0.0014057509837916485, 'D_high': 2936725.2382962904, 'fire_exp': 1.7107650837586574, 'P_half': 326.8585937697407, 'pre_dampen_half': 0.029971293184366827, 'gpp_af': 1.164273361158889, 'gpp_b': 0.00623520921238773, 'gpp_d': 4.30887032648174, 'ign_k': 0.12062643535297797, 'ign_c': 13.964626431210164, 'trop_agb_crit': 4.032978257311907, 'trop_k_veg': 1.118632682923502, 'gdp_gamma': 0.56375634896183, 'cure_k': 0.01707560036213906, 'cure_p_min': 255.44333312665964, 'cure_gpp_ref': 0.29089626876989966, 'cure_agb_crit': 2.872645287646545, 'fuel_k': 3.3026323926022036, 'fuel_half': 4.258674108285897}. Best is trial 1132 with value: -0.6317570269256394.
[I 2026-07-25 00:39:09,170] Trial 1264 finished with value: 0.5190514908166324 and parameters: {'k1': 0.00037875835379622846, 'D_low': 3.9579612578289916, 'k2': 0.00032164123573728576, 'D_high': 1371031.9765766684, 'fire_exp': 2.0249210251062877, 'P_half': 23.83230740173199, 'pre_dampen_half': 0.16353240693628462, 'gpp_af': 0.015394134900061847, 'gpp_b': 0.008376942164717552, 'gpp_d': 13.035670064432011, 'ign_k': 0.2862026299603832, 'ign_c': 5.274580618023715, 'trop_agb_crit': 3.324683729847951, 'trop_k_veg': 5.988410338288734, 'gdp_gamma': 0.4046687332090025, 'cure_k': 0.007183362027424707, 'cure_p_min': 124.2467351732228, 'cure_gpp_ref': 0.9275416185247068, 'cure_agb_crit': 5.741126869694608, 'fuel_k': 0.5326681218268402, 'fuel_half': 68.2168401774122}. Best is trial 1132 with value: -0.6317570269256394.
[I 2026-07-25 00:39:09,629] Trial 1265 finished with value: 0.5929900704564515 and parameters: {'k1': 0.000655217887515369, 'D_low': 10.154809488994356, 'k2': 2.8780250435114438e-05, 'D_high': 2523656.618025905, 'fire_exp': 2.390770020511603, 'P_half': 4.665914352672871, 'pre_dampen_half': 0.23593716935385164, 'gpp_af': 0.0921830465507403, 'gpp_b': 2.2962824878945067, 'gpp_d': 11.326063931056167, 'ign_k': 1.2588041853988488, 'ign_c': 0.22464537918760424, 'trop_agb_crit': 5.132393858972805, 'trop_k_veg': 2.159296330343815, 'gdp_gamma': 1.6036170937803471, 'cure_k': 0.001585301396000672, 'cure_p_min': 341.90621122774644, 'cure_gpp_ref': 0.3642882209921381, 'cure_agb_crit': 4.398823504554945, 'fuel_k': 1.1279698449719735, 'fuel_half': 3.035760320081045}. Best is trial 1132 with value: -0.6317570269256394.
[I 2026-07-25 00:39:10,088] Trial 1266 finished with value: -0.5380605477371432 and parameters: {'k1': 0.0001427360145181542, 'D_low': 7956.105871622231, 'k2': 1.4962513673301802e-05, 'D_high': 2183162.936157954, 'fire_exp': 1.000536309419397, 'P_half': 18.108294828859066, 'pre_dampen_half': 4.41812153421055, 'gpp_af': 0.003632302491282346, 'gpp_b': 0.20804125832058373, 'gpp_d': 15.850453715269113, 'ign_k': 0.010728327424340609, 'ign_c': 0.2864081278505163, 'trop_agb_crit': 1.1171885969441777, 'trop_k_veg': 0.7668453098287072, 'gdp_gamma': 1.3072656603345514, 'cure_k': 0.19734296600627016, 'cure_p_min': 334.7848364016874, 'cure_gpp_ref': 0.07221231211097748, 'cure_agb_crit': 1.08497283571787, 'fuel_k': 0.24031022421096496, 'fuel_half': 24.72098775613662}. Best is trial 1132 with value: -0.6317570269256394.
[I 2026-07-25 00:39:10,554] Trial 1267 finished with value: 0.5682799443835249 and parameters: {'k1': 3.87139507663852e-05, 'D_low': 15.962126820357767, 'k2': 0.07474466137779273, 'D_high': 3547679.7362143015, 'fire_exp': 3.3976602894941, 'P_half': 50.49996516457757, 'pre_dampen_half': 0.038434504943241236, 'gpp_af': 1.0696072046271379, 'gpp_b': 0.02390562001337433, 'gpp_d': 55.58525710655569, 'ign_k': 0.0342777836202416, 'ign_c': 5.214861408821276, 'trop_agb_crit': 2.2223388099133383, 'trop_k_veg': 2.836193776383543, 'gdp_gamma': 1.4227629156810493, 'cure_k': 0.006243516620925025, 'cure_p_min': 272.8507266638067, 'cure_gpp_ref': 0.30501035256126874, 'cure_agb_crit': 3.6976166448191528, 'fuel_k': 0.2843845020241111, 'fuel_half': 24.88098656958458}. Best is trial 1132 with value: -0.6317570269256394.
[I 2026-07-25 00:39:11,014] Trial 1268 finished with value: 0.4577922228546477 and parameters: {'k1': 0.00012942690944829876, 'D_low': 3.3703371382789635, 'k2': 0.0017982857350022643, 'D_high': 124815.86201514519, 'fire_exp': 1.0671413850401912, 'P_half': 35.986749466105024, 'pre_dampen_half': 0.9268234394004089, 'gpp_af': 2.1467235866279526, 'gpp_b': 0.12897640545783, 'gpp_d': 130.01967429471125, 'ign_k': 0.03043411886947054, 'ign_c': 38.000935988420366, 'trop_agb_crit': 1.2959359563069481, 'trop_k_veg': 2.2857876291181856, 'gdp_gamma': 0.8254757778601419, 'cure_k': 0.004070311470567674, 'cure_p_min': 371.1134903644769, 'cure_gpp_ref': 0.5523012416129752, 'cure_agb_crit': 2.5913713798814175, 'fuel_k': 3.1474156431277325, 'fuel_half': 0.9472840063070409}. Best is trial 1132 with value: -0.6317570269256394.
[I 2026-07-25 00:39:11,476] Trial 1269 finished with value: 0.45652942035643984 and parameters: {'k1': 0.0013391123701242847, 'D_low': 643.9306871315163, 'k2': 0.0009236621305509173, 'D_high': 3514988.0864759856, 'fire_exp': 1.1443894061372355, 'P_half': 76.34083259492316, 'pre_dampen_half': 1.8691396329704435, 'gpp_af': 0.2224743160103545, 'gpp_b': 0.013435705228082363, 'gpp_d': 117.20939566758983, 'ign_k': 0.8190877216440352, 'ign_c': 2.68810412921431, 'trop_agb_crit': 3.75855661454769, 'trop_k_veg': 1.9061156511807937, 'gdp_gamma': 0.47323290364959236, 'cure_k': 0.0014142316385348558, 'cure_p_min': 241.28756902763965, 'cure_gpp_ref': 0.929227042572498, 'cure_agb_crit': 3.7013906182613674, 'fuel_k': 0.21566681831381887, 'fuel_half': 7.837220021376088}. Best is trial 1132 with value: -0.6317570269256394.
[I 2026-07-25 00:39:11,942] Trial 1270 finished with value: 0.5912737385966744 and parameters: {'k1': 0.0895934745034099, 'D_low': 2530.7008816862353, 'k2': 0.028135719230910294, 'D_high': 5889593.942298046, 'fire_exp': 2.027238959351359, 'P_half': 202.7225921763681, 'pre_dampen_half': 0.3010487914343756, 'gpp_af': 0.03577519390947123, 'gpp_b': 0.19207264871829574, 'gpp_d': 2.5057056975373397, 'ign_k': 0.0010178138912458746, 'ign_c': 0.31443533272271795, 'trop_agb_crit': 17.342135744609013, 'trop_k_veg': 2.5976600893576163, 'gdp_gamma': 0.12916609181958827, 'cure_k': 0.007033271858496622, 'cure_p_min': 290.05984672448045, 'cure_gpp_ref': 0.29199276994215706, 'cure_agb_crit': 1.0717741027152479, 'fuel_k': 0.18230770325149062, 'fuel_half': 46.04601052245835}. Best is trial 1132 with value: -0.6317570269256394.
[I 2026-07-25 00:39:12,404] Trial 1271 finished with value: 0.4009815184416132 and parameters: {'k1': 0.004802247213854808, 'D_low': 211.07569547564972, 'k2': 0.014194759586891283, 'D_high': 1128988.2083285933, 'fire_exp': 2.4561267189288736, 'P_half': 76.1157005142904, 'pre_dampen_half': 60.81200861046735, 'gpp_af': 0.04796952386189669, 'gpp_b': 0.000982533664334191, 'gpp_d': 16.715495172474306, 'ign_k': 0.004530584105636187, 'ign_c': 0.10205828594672815, 'trop_agb_crit': 17.250203892802045, 'trop_k_veg': 1.2627852227857916, 'gdp_gamma': 0.6761335969819041, 'cure_k': 0.10768846401028802, 'cure_p_min': 381.85770432350466, 'cure_gpp_ref': 0.19248676727474348, 'cure_agb_crit': 1.552275972725226, 'fuel_k': 0.05535066562744483, 'fuel_half': 43.96266257890023}. Best is trial 1132 with value: -0.6317570269256394.
[I 2026-07-25 00:39:12,868] Trial 1272 finished with value: 0.5213665072529311 and parameters: {'k1': 0.007962395182372494, 'D_low': 161.54220071054743, 'k2': 0.05682696693938202, 'D_high': 543955.6764372909, 'fire_exp': 2.5820786800084248, 'P_half': 1044.061162329076, 'pre_dampen_half': 1.8812307414667502, 'gpp_af': 0.0076415599521644974, 'gpp_b': 2.9118130967811047e-05, 'gpp_d': 291.57093212678757, 'ign_k': 0.0032565459721171364, 'ign_c': 0.6428385973189009, 'trop_agb_crit': 21.912367212290377, 'trop_k_veg': 2.7691511694658884, 'gdp_gamma': 0.9714359888041241, 'cure_k': 0.025492146443328218, 'cure_p_min': 377.16717567323286, 'cure_gpp_ref': 0.6769783800236434, 'cure_agb_crit': 1.4726795913964685, 'fuel_k': 0.01251089800758078, 'fuel_half': 18.104889084290928}. Best is trial 1132 with value: -0.6317570269256394.
[I 2026-07-25 00:39:13,327] Trial 1273 finished with value: 0.579897299270646 and parameters: {'k1': 0.000354586380792862, 'D_low': 144.51220570892764, 'k2': 0.004876463132969149, 'D_high': 667114.349909436, 'fire_exp': 1.7293412854464043, 'P_half': 31.301347274473237, 'pre_dampen_half': 0.1262937724256781, 'gpp_af': 0.06673323098503997, 'gpp_b': 0.12657347419354273, 'gpp_d': 0.06924459613009183, 'ign_k': 0.021346088367034013, 'ign_c': 0.4451468973669718, 'trop_agb_crit': 7.497790501689155, 'trop_k_veg': 3.745992165886571, 'gdp_gamma': 1.0687735955021764, 'cure_k': 0.0010211731214794658, 'cure_p_min': 197.80090408563808, 'cure_gpp_ref': 0.9546530231962663, 'cure_agb_crit': 3.7391645468698624, 'fuel_k': 2.0740452828537657, 'fuel_half': 28.108890712106362}. Best is trial 1132 with value: -0.6317570269256394.
[I 2026-07-25 00:39:13,788] Trial 1274 finished with value: 0.5296219141815921 and parameters: {'k1': 0.00014165817748692893, 'D_low': 54.69998180955911, 'k2': 0.00019052789116004264, 'D_high': 236590.1163897381, 'fire_exp': 1.212821958333379, 'P_half': 3719.3665363681635, 'pre_dampen_half': 1.3570419443783404, 'gpp_af': 0.08490273619230435, 'gpp_b': 0.03315286075407769, 'gpp_d': 50.999267382663604, 'ign_k': 0.024395775327737068, 'ign_c': 5.613438249191262, 'trop_agb_crit': 5.161464026805344, 'trop_k_veg': 3.4273215580958403, 'gdp_gamma': 1.9808804869734935, 'cure_k': 0.01233164675915961, 'cure_p_min': 392.6019538101278, 'cure_gpp_ref': 0.3255981789771578, 'cure_agb_crit': 4.1801300219663, 'fuel_k': 0.9615130248297488, 'fuel_half': 28.153427710719317}. Best is trial 1132 with value: -0.6317570269256394.
[I 2026-07-25 00:39:14,252] Trial 1275 finished with value: 0.4317085900702281 and parameters: {'k1': 0.0051026115857207895, 'D_low': 84.65623138541416, 'k2': 0.0002795586768132364, 'D_high': 1245897.029991334, 'fire_exp': 1.293049836145845, 'P_half': 221.90729049765844, 'pre_dampen_half': 0.120642258349286, 'gpp_af': 20.540719907557158, 'gpp_b': 0.023265729847148458, 'gpp_d': 142.69465902260566, 'ign_k': 0.043784859137365566, 'ign_c': 34.09972484506725, 'trop_agb_crit': 8.838647344762643, 'trop_k_veg': 7.650391196768453, 'gdp_gamma': 1.1348512369721264, 'cure_k': 0.001981223004010761, 'cure_p_min': 375.0738934421311, 'cure_gpp_ref': 1.6031334829606987, 'cure_agb_crit': 5.215731476852668, 'fuel_k': 0.013987387678111229, 'fuel_half': 0.8473973686276364}. Best is trial 1132 with value: -0.6317570269256394.
[I 2026-07-25 00:39:14,719] Trial 1276 finished with value: 0.39707486053251795 and parameters: {'k1': 0.048960717463476924, 'D_low': 14.862320702791315, 'k2': 0.010174042600713883, 'D_high': 5280609.33419335, 'fire_exp': 1.1614764468609686, 'P_half': 238.3616796048605, 'pre_dampen_half': 0.6719028531671987, 'gpp_af': 0.0011399399778606037, 'gpp_b': 1.3907063747344134e-05, 'gpp_d': 14.358875348651022, 'ign_k': 0.11039097377559647, 'ign_c': 1.0323399763466248, 'trop_agb_crit': 18.562875961314383, 'trop_k_veg': 0.9594727011969156, 'gdp_gamma': 0.5323927804595835, 'cure_k': 0.001163248942638408, 'cure_p_min': 239.02440746312448, 'cure_gpp_ref': 1.3353343848297914, 'cure_agb_crit': 1.1025050404156889, 'fuel_k': 0.2704515168383559, 'fuel_half': 65.10056460390669}. Best is trial 1132 with value: -0.6317570269256394.
[I 2026-07-25 00:39:15,181] Trial 1277 finished with value: 0.5910381380594791 and parameters: {'k1': 0.00017884591421881446, 'D_low': 300.8719466370061, 'k2': 0.005200730565078458, 'D_high': 198710.5267072514, 'fire_exp': 1.6648790626217733, 'P_half': 302.8831505096251, 'pre_dampen_half': 0.018284808189713238, 'gpp_af': 0.0867081172475754, 'gpp_b': 0.3507826091705586, 'gpp_d': 315.02274422126646, 'ign_k': 0.6285089290195729, 'ign_c': 1.746433373398572, 'trop_agb_crit': 2.055579192982995, 'trop_k_veg': 4.348392945676544, 'gdp_gamma': 0.08139317275891672, 'cure_k': 0.0017265991636275272, 'cure_p_min': 350.0036047199312, 'cure_gpp_ref': 0.41799583123343087, 'cure_agb_crit': 2.5619014687598702, 'fuel_k': 0.9041617695802783, 'fuel_half': 1.563276826496042}. Best is trial 1132 with value: -0.6317570269256394.
[I 2026-07-25 00:39:15,646] Trial 1278 finished with value: 0.5727578925004403 and parameters: {'k1': 2.0750794145493926e-05, 'D_low': 19.63117317012311, 'k2': 0.001068553727500947, 'D_high': 8622856.900846446, 'fire_exp': 1.490510456002901, 'P_half': 95.62994101525756, 'pre_dampen_half': 0.12512109215435172, 'gpp_af': 0.03526118009120626, 'gpp_b': 0.11553314507373204, 'gpp_d': 674.643245602642, 'ign_k': 0.15344619151279493, 'ign_c': 1.1623546898750097, 'trop_agb_crit': 4.442343132814628, 'trop_k_veg': 2.845784293207174, 'gdp_gamma': 0.6531742746922057, 'cure_k': 0.004088287468828606, 'cure_p_min': 198.33793893015365, 'cure_gpp_ref': 1.9852078286852581, 'cure_agb_crit': 2.950568559096136, 'fuel_k': 0.6675861066138254, 'fuel_half': 1.1599426763042495}. Best is trial 1132 with value: -0.6317570269256394.
[I 2026-07-25 00:39:16,121] Trial 1279 finished with value: 0.479641860241539 and parameters: {'k1': 2.8451599991102123e-05, 'D_low': 137.96561484370721, 'k2': 0.0025972109369734285, 'D_high': 1297923.3391824923, 'fire_exp': 1.1393458906272913, 'P_half': 30.6070607160165, 'pre_dampen_half': 1.724512277137595, 'gpp_af': 0.015519030259699773, 'gpp_b': 0.0005346431368491413, 'gpp_d': 575.0731339241752, 'ign_k': 0.1584346872764036, 'ign_c': 0.6381349051588063, 'trop_agb_crit': 2.4071112071018006, 'trop_k_veg': 3.8497039589005033, 'gdp_gamma': 0.7324156287621514, 'cure_k': 0.012576558380362559, 'cure_p_min': 238.4265065656828, 'cure_gpp_ref': 1.1061535779047778, 'cure_agb_crit': 5.4859198390496475, 'fuel_k': 1.2328917726034136, 'fuel_half': 18.204125853797063}. Best is trial 1132 with value: -0.6317570269256394.
[I 2026-07-25 00:39:16,622] Trial 1280 finished with value: 0.5598378898424783 and parameters: {'k1': 0.024795921124753723, 'D_low': 2.1796735358968875, 'k2': 1.8410167122779643e-05, 'D_high': 2725503.4281427786, 'fire_exp': 2.735073329974859, 'P_half': 10.653504664186075, 'pre_dampen_half': 0.09242278824781462, 'gpp_af': 0.036608090632771324, 'gpp_b': 0.0034879056040078163, 'gpp_d': 86.62614720827288, 'ign_k': 0.0017272947636416923, 'ign_c': 309.7328845007514, 'trop_agb_crit': 13.78061285714414, 'trop_k_veg': 1.462658812080385, 'gdp_gamma': 1.1685949703593743, 'cure_k': 0.010654972277626856, 'cure_p_min': 212.18412584527888, 'cure_gpp_ref': 1.3196232038350357, 'cure_agb_crit': 5.962946188713259, 'fuel_k': 3.4224122439113507, 'fuel_half': 26.047073461409834}. Best is trial 1132 with value: -0.6317570269256394.
