[I 2026-06-11 01:53:43,823] Trial 239 finished with values: [-0.5340635012165735, 0.37825364441174847] and parameters: {'k1': 0.0018697387216131526, 'D_low': 1.7551403048208316, 'k2': 0.0001280886335404798, 'D_high': 32311.521854410956, 'fire_exp': 1.811096651915224, 'P_half': 5.4712187293420325, 'pre_dampen_half': 16.009350908593582, 'gpp_af': 0.07118041471054574, 'gpp_b': 0.00031478066835753096, 'gpp_d': 0.1619054449471649, 'ign_k': 0.002357279455676982, 'ign_c': 7.081721844034206, 'trop_agb_crit': 4.902399583903479, 'trop_k_veg': 4.989748894578724, 'fire_amp': 3.1543496524370136}.
[I 2026-06-11 01:53:45,121] Trial 240 finished with values: [10.481743545150675, 10.481743545150675] and parameters: {'k1': 0.012840669372724958, 'D_low': 171.2446447678494, 'k2': 0.0001280886335404798, 'D_high': 36998.679204890876, 'fire_exp': 1.811096651915224, 'P_half': 24.617096698415132, 'pre_dampen_half': 1.8469033699850426, 'gpp_af': 0.07118041471054574, 'gpp_b': 0.00031478066835753096, 'gpp_d': 0.1619054449471649, 'ign_k': 0.002357279455676982, 'ign_c': 51.53053011412483, 'trop_agb_crit': 12.708819454040446, 'trop_k_veg': 5.85168037586392, 'fire_amp': 2.330529660087218}.
[I 2026-06-11 01:53:46,656] Trial 241 finished with values: [10.713571003033465, 10.713571003033465] and parameters: {'k1': 5.7909642338812115e-05, 'D_low': 1216.4139351417061, 'k2': 0.0007731571570012607, 'D_high': 271.55819552829405, 'fire_exp': 1.305777134899723, 'P_half': 2.969335773129636, 'pre_dampen_half': 1.8469033699850426, 'gpp_af': 1.3954498518315706, 'gpp_b': 2.4063018320720924e-05, 'gpp_d': 0.3588488911386258, 'ign_k': 0.01998634077852888, 'ign_c': 1.3431925993528124, 'trop_agb_crit': 1.8285200278523417, 'trop_k_veg': 5.85168037586392, 'fire_amp': 2.7556562114998226}.
[I 2026-06-11 01:53:48,339] Trial 242 finished with values: [10.608150392180685, 10.608150392180685] and parameters: {'k1': 0.0001887567630782227, 'D_low': 2396.0796124300746, 'k2': 1.2390468928182031e-05, 'D_high': 18108.14362107968, 'fire_exp': 1.9136159174067866, 'P_half': 2.969335773129636, 'pre_dampen_half': 30.456909077772018, 'gpp_af': 1.3954498518315706, 'gpp_b': 1.8400604093141188, 'gpp_d': 47.35384181058586, 'ign_k': 1.636529060071807, 'ign_c': 1.1698039424426816, 'trop_agb_crit': 1.8285200278523417, 'trop_k_veg': 4.0068236274914755, 'fire_amp': 4.2446263054164195}.
[I 2026-06-11 01:53:49,857] Trial 243 finished with values: [10.314650777356634, 10.314650777356634] and parameters: {'k1': 0.0326979063339169, 'D_low': 1.4002277211577039, 'k2': 0.0007731571570012607, 'D_high': 48235.58283024493, 'fire_exp': 1.1633452995374232, 'P_half': 3.591771421517613, 'pre_dampen_half': 9.044346216330972, 'gpp_af': 10.25616274847308, 'gpp_b': 0.6089142387470042, 'gpp_d': 1.0088237648985734, 'ign_k': 0.4303356629825978, 'ign_c': 7.081721844034206, 'trop_agb_crit': 1.0189592979395135, 'trop_k_veg': 6.825463866194253, 'fire_amp': 2.6192385880432525}.
[I 2026-06-11 01:53:51,377] Trial 244 finished with values: [10.734783007235855, 10.734783007235855] and parameters: {'k1': 0.0018697387216131526, 'D_low': 1.7551403048208316, 'k2': 0.045914852167405346, 'D_high': 16780.50857913099, 'fire_exp': 1.41873960828944, 'P_half': 3.591771421517613, 'pre_dampen_half': 16.009350908593582, 'gpp_af': 0.060029341913968644, 'gpp_b': 1.2690840169394997, 'gpp_d': 1.4397852866783676, 'ign_k': 0.07867677706257832, 'ign_c': 1.364908766641693, 'trop_agb_crit': 19.102873436429586, 'trop_k_veg': 2.99731137426955, 'fire_amp': 1.5719333351012774}.
[I 2026-06-11 01:53:52,901] Trial 245 finished with values: [10.35794239035325, 10.35794239035325] and parameters: {'k1': 0.00026539376439360527, 'D_low': 1074.940539517341, 'k2': 1.1417577140741129e-05, 'D_high': 29.126651668813768, 'fire_exp': 1.9783727454920947, 'P_half': 9.580682294110435, 'pre_dampen_half': 189.88136301569827, 'gpp_af': 14.161176080022173, 'gpp_b': 0.002416023630607169, 'gpp_d': 21.899070557043984, 'ign_k': 0.00660597889201953, 'ign_c': 7.832259769732471, 'trop_agb_crit': 21.086120736447015, 'trop_k_veg': 0.5183533149347164, 'fire_amp': 4.2446263054164195}.
[I 2026-06-11 01:53:54,466] Trial 246 finished with values: [10.701611231718793, 10.701611231718793] and parameters: {'k1': 0.006814781046529926, 'D_low': 12.105387404469584, 'k2': 1.1417577140741129e-05, 'D_high': 1817.0401889219124, 'fire_exp': 1.111738490499784, 'P_half': 1.4551749476072258, 'pre_dampen_half': 1.8469033699850426, 'gpp_af': 3.298293484806585, 'gpp_b': 0.006999112505425414, 'gpp_d': 0.030844007727232167, 'ign_k': 0.17320535908244444, 'ign_c': 7.832259769732471, 'trop_agb_crit': 1.8023542850487386, 'trop_k_veg': 1.6648666152166967, 'fire_amp': 2.042193818779288}.
[I 2026-06-11 01:53:55,962] Trial 247 finished with values: [10.736546640780489, 10.736546640780489] and parameters: {'k1': 5.7909642338812115e-05, 'D_low': 2228.7087260110166, 'k2': 1.5178052094448868e-05, 'D_high': 30.357607606785333, 'fire_exp': 1.5191397119156032, 'P_half': 102.93072560417136, 'pre_dampen_half': 191.62369310763663, 'gpp_af': 1.9654778690222015, 'gpp_b': 9.497440085397415e-05, 'gpp_d': 0.02253428262837267, 'ign_k': 0.371259104528773, 'ign_c': 22.126836566118193, 'trop_agb_crit': 7.332660227137139, 'trop_k_veg': 6.778288138489648, 'fire_amp': 1.147839669817869}.
[I 2026-06-11 01:53:57,313] Trial 248 finished with values: [-0.6820535860925117, 0.03155641361135586] and parameters: {'k1': 0.006164329525571074, 'D_low': 171.2446447678494, 'k2': 0.00037358626308127543, 'D_high': 36998.679204890876, 'fire_exp': 1.41873960828944, 'P_half': 1265.0580856641704, 'pre_dampen_half': 30.456909077772018, 'gpp_af': 0.2204465010099918, 'gpp_b': 0.12046049142392454, 'gpp_d': 1.0088237648985734, 'ign_k': 0.17320535908244444, 'ign_c': 7.081721844034206, 'trop_agb_crit': 1.8566494291193822, 'trop_k_veg': 5.453348988480011, 'fire_amp': 5.44779717154213}.
[I 2026-06-11 01:53:58,619] Trial 249 finished with values: [10.529190671059098, 10.529190671059098] and parameters: {'k1': 0.05705198955850472, 'D_low': 450.9719064153485, 'k2': 0.002981573452453104, 'D_high': 69868.4759244566, 'fire_exp': 1.2918065501148304, 'P_half': 1025.3368317956683, 'pre_dampen_half': 98.05638874011484, 'gpp_af': 0.2204465010099918, 'gpp_b': 0.16285506249643175, 'gpp_d': 0.39400557434451433, 'ign_k': 3.6309591863459096, 'ign_c': 2.2489542843914485, 'trop_agb_crit': 2.0420012944047587, 'trop_k_veg': 6.030247256556128, 'fire_amp': 1.3286749923230772}.
[I 2026-06-11 01:53:59,918] Trial 250 finished with values: [10.187793827852124, 10.187793827852124] and parameters: {'k1': 0.0018697387216131526, 'D_low': 1.7551403048208316, 'k2': 0.0004976087827261435, 'D_high': 27.55546207779663, 'fire_exp': 1.2918065501148304, 'P_half': 3.591771421517613, 'pre_dampen_half': 253.71947027764784, 'gpp_af': 0.008117091133892173, 'gpp_b': 0.00807491410172472, 'gpp_d': 20.81401325574021, 'ign_k': 0.002357279455676982, 'ign_c': 388.02797007866826, 'trop_agb_crit': 24.199763404822136, 'trop_k_veg': 0.5535297685306277, 'fire_amp': 5.606809127618709}.
[I 2026-06-11 01:54:01,297] Trial 251 finished with values: [11.431654198657377, 11.431654198657377] and parameters: {'k1': 0.0032360993995751053, 'D_low': 1.7551403048208316, 'k2': 0.003767022142229395, 'D_high': 32311.521854410956, 'fire_exp': 1.0601964743503993, 'P_half': 1265.0580856641704, 'pre_dampen_half': 121.93011993958949, 'gpp_af': 0.07118041471054574, 'gpp_b': 1.4540386644083135e-05, 'gpp_d': 46.010874324515754, 'ign_k': 0.002357279455676982, 'ign_c': 7.081721844034206, 'trop_agb_crit': 12.708819454040446, 'trop_k_veg': 5.636143940068465, 'fire_amp': 1.5719333351012774}.
[I 2026-06-11 01:54:02,785] Trial 252 finished with values: [10.69051770506178, 10.69051770506178] and parameters: {'k1': 0.0018697387216131526, 'D_low': 1.4002277211577039, 'k2': 0.0001016707987819611, 'D_high': 1817.0401889219124, 'fire_exp': 1.1633452995374232, 'P_half': 4303.306161410612, 'pre_dampen_half': 16.009350908593582, 'gpp_af': 0.008117091133892173, 'gpp_b': 0.004411400434514031, 'gpp_d': 545.0253444559129, 'ign_k': 0.004105873950290761, 'ign_c': 22.126836566118193, 'trop_agb_crit': 5.588032458772675, 'trop_k_veg': 2.724170387400844, 'fire_amp': 1.5719333351012774}.
[I 2026-06-11 01:54:04,336] Trial 253 finished with values: [10.769230768877819, 10.769230768877819] and parameters: {'k1': 0.0001887567630782227, 'D_low': 12.105387404469584, 'k2': 0.03071666851587867, 'D_high': 22.636544662054543, 'fire_exp': 1.069663761954776, 'P_half': 2.969335773129636, 'pre_dampen_half': 30.456909077772018, 'gpp_af': 0.0662749342026412, 'gpp_b': 1.8400604093141188, 'gpp_d': 28.312234265202243, 'ign_k': 1.636529060071807, 'ign_c': 157.63098727399432, 'trop_agb_crit': 1.8285200278523417, 'trop_k_veg': 4.0068236274914755, 'fire_amp': 4.2446263054164195}.
[I 2026-06-11 01:54:05,730] Trial 254 finished with values: [10.769230768877819, 10.769230768877819] and parameters: {'k1': 0.016973078532467004, 'D_low': 3840.3004190988563, 'k2': 0.003767022142229395, 'D_high': 20103.283734409175, 'fire_exp': 1.0601964743503993, 'P_half': 69.68111190775313, 'pre_dampen_half': 33.71909132517384, 'gpp_af': 0.004409093791567215, 'gpp_b': 1.1008110571039521e-05, 'gpp_d': 0.47379914349407487, 'ign_k': 0.9419612235978201, 'ign_c': 157.63098727399432, 'trop_agb_crit': 1.5033346993841157, 'trop_k_veg': 0.7808079158649266, 'fire_amp': 5.416595007374148}.
[I 2026-06-11 01:54:07,079] Trial 255 finished with values: [10.103456982538376, 10.103456982538376] and parameters: {'k1': 3.609310926766545e-05, 'D_low': 171.2446447678494, 'k2': 0.0004976087827261435, 'D_high': 1266.9536563782303, 'fire_exp': 1.4848387260494937, 'P_half': 51.10120656497163, 'pre_dampen_half': 123.04779330083686, 'gpp_af': 42.29037995744429, 'gpp_b': 0.015062722325200045, 'gpp_d': 96.93415502195788, 'ign_k': 0.002357279455676982, 'ign_c': 388.02797007866826, 'trop_agb_crit': 11.664190932505923, 'trop_k_veg': 1.2749676887479542, 'fire_amp': 5.606809127618709}.
[I 2026-06-11 01:54:08,553] Trial 256 finished with values: [10.769230768877819, 10.769230768877819] and parameters: {'k1': 0.05705198955850472, 'D_low': 1739.6167422846984, 'k2': 0.003767022142229395, 'D_high': 252.84086172415604, 'fire_exp': 1.4848387260494937, 'P_half': 12.280874862135363, 'pre_dampen_half': 98.05638874011484, 'gpp_af': 1.7775411110039254, 'gpp_b': 0.00012118589392553798, 'gpp_d': 95.2715755007094, 'ign_k': 3.6309591863459096, 'ign_c': 48.704711413416454, 'trop_agb_crit': 3.5874145253515306, 'trop_k_veg': 4.989748894578724, 'fire_amp': 2.818314238665462}.
[I 2026-06-11 01:54:09,974] Trial 257 finished with values: [15.579289396362888, 15.579289396362888] and parameters: {'k1': 0.03648456083047798, 'D_low': 12.105387404469584, 'k2': 0.0004976087827261435, 'D_high': 18701.140647651915, 'fire_exp': 1.0601964743503993, 'P_half': 51.10120656497163, 'pre_dampen_half': 123.04779330083686, 'gpp_af': 0.10098504976210308, 'gpp_b': 1.4540386644083135e-05, 'gpp_d': 0.12878367369717508, 'ign_k': 0.002357279455676982, 'ign_c': 48.704711413416454, 'trop_agb_crit': 24.199763404822136, 'trop_k_veg': 5.022956259243681, 'fire_amp': 2.7806853670293616}.
[I 2026-06-11 01:54:11,522] Trial 258 finished with values: [-0.5411770830897018, 0.26285335202539617] and parameters: {'k1': 0.0018697387216131526, 'D_low': 171.2446447678494, 'k2': 0.00037358626308127543, 'D_high': 32311.521854410956, 'fire_exp': 1.811096651915224, 'P_half': 5.4712187293420325, 'pre_dampen_half': 3.4461856429915305, 'gpp_af': 0.016306190741524337, 'gpp_b': 0.00031478066835753096, 'gpp_d': 0.7698760608299932, 'ign_k': 0.0029519227433917453, 'ign_c': 7.081721844034206, 'trop_agb_crit': 2.0527418919564324, 'trop_k_veg': 0.5089315327929785, 'fire_amp': 5.44779717154213}.
[I 2026-06-11 01:54:12,979] Trial 259 finished with values: [10.614694382779442, 10.614694382779442] and parameters: {'k1': 0.006079905434073396, 'D_low': 2267.735223551285, 'k2': 4.933751600448335e-05, 'D_high': 42.242359735170886, 'fire_exp': 1.7792742686803427, 'P_half': 157.3644610977214, 'pre_dampen_half': 37.40930273158252, 'gpp_af': 0.09885838682552685, 'gpp_b': 0.00047819318414852577, 'gpp_d': 0.4742269251269962, 'ign_k': 1.6270983114897255, 'ign_c': 0.10435856341129002, 'trop_agb_crit': 8.0091368834625, 'trop_k_veg': 1.508040082046931, 'fire_amp': 1.5587346124822492}.
[I 2026-06-11 01:54:14,371] Trial 260 finished with values: [10.379272993839942, 10.379272993839942] and parameters: {'k1': 0.006079905434073396, 'D_low': 1.7551403048208316, 'k2': 4.933751600448335e-05, 'D_high': 42.242359735170886, 'fire_exp': 1.9365919987098117, 'P_half': 157.3644610977214, 'pre_dampen_half': 37.40930273158252, 'gpp_af': 0.07118041471054574, 'gpp_b': 0.00047819318414852577, 'gpp_d': 12.151631524283598, 'ign_k': 0.002357279455676982, 'ign_c': 16.497426799845446, 'trop_agb_crit': 4.902399583903479, 'trop_k_veg': 1.6003641872536711, 'fire_amp': 3.1543496524370136}.
[I 2026-06-11 01:54:15,699] Trial 261 finished with values: [13.156071673050313, 13.156071673050313] and parameters: {'k1': 0.08409006963311547, 'D_low': 12.105387404469584, 'k2': 0.0007731571570012607, 'D_high': 16780.50857913099, 'fire_exp': 1.0601964743503993, 'P_half': 4.213183643253957, 'pre_dampen_half': 16.009350908593582, 'gpp_af': 1.9706963379095486, 'gpp_b': 0.004411400434514031, 'gpp_d': 1.0088237648985734, 'ign_k': 0.17320535908244444, 'ign_c': 7.081721844034206, 'trop_agb_crit': 1.8566494291193822, 'trop_k_veg': 6.825463866194253, 'fire_amp': 3.102033517490054}.
[I 2026-06-11 01:54:17,022] Trial 262 finished with values: [10.343168966831021, 10.343168966831021] and parameters: {'k1': 0.0326979063339169, 'D_low': 1.4002277211577039, 'k2': 0.0007731571570012607, 'D_high': 48235.58283024493, 'fire_exp': 1.1633452995374232, 'P_half': 10.94496366796197, 'pre_dampen_half': 9.044346216330972, 'gpp_af': 10.25616274847308, 'gpp_b': 0.6089142387470042, 'gpp_d': 1.0088237648985734, 'ign_k': 0.4303356629825978, 'ign_c': 7.081721844034206, 'trop_agb_crit': 1.0189592979395135, 'trop_k_veg': 6.825463866194253, 'fire_amp': 2.6192385880432525}.
[I 2026-06-11 01:54:18,487] Trial 263 finished with values: [10.623486379850984, 10.623486379850984] and parameters: {'k1': 3.609310926766545e-05, 'D_low': 171.2446447678494, 'k2': 0.0004976087827261435, 'D_high': 1266.9536563782303, 'fire_exp': 1.9136159174067866, 'P_half': 51.10120656497163, 'pre_dampen_half': 123.04779330083686, 'gpp_af': 42.29037995744429, 'gpp_b': 0.015062722325200045, 'gpp_d': 96.93415502195788, 'ign_k': 0.0029519227433917453, 'ign_c': 342.8810943862522, 'trop_agb_crit': 8.639792249596399, 'trop_k_veg': 1.2749676887479542, 'fire_amp': 5.606809127618709}.
[I 2026-06-11 01:54:19,947] Trial 264 finished with values: [15.02881186794173, 15.02881186794173] and parameters: {'k1': 0.0018697387216131526, 'D_low': 1.7551403048208316, 'k2': 0.01567230746060024, 'D_high': 44974.07193749848, 'fire_exp': 1.2918065501148304, 'P_half': 3.591771421517613, 'pre_dampen_half': 253.71947027764784, 'gpp_af': 1.7775411110039254, 'gpp_b': 0.16285506249643175, 'gpp_d': 95.2715755007094, 'ign_k': 0.002357279455676982, 'ign_c': 2.2489542843914485, 'trop_agb_crit': 3.5874145253515306, 'trop_k_veg': 0.5535297685306277, 'fire_amp': 2.818314238665462}.
[I 2026-06-11 01:54:21,294] Trial 265 finished with values: [11.805438271838913, 11.805438271838913] and parameters: {'k1': 0.0014452451441203328, 'D_low': 1.4002277211577039, 'k2': 0.0007731571570012607, 'D_high': 16780.50857913099, 'fire_exp': 1.1633452995374232, 'P_half': 3.591771421517613, 'pre_dampen_half': 79.2915624488668, 'gpp_af': 0.008117091133892173, 'gpp_b': 0.004411400434514031, 'gpp_d': 1.0088237648985734, 'ign_k': 0.17320535908244444, 'ign_c': 7.081721844034206, 'trop_agb_crit': 1.8566494291193822, 'trop_k_veg': 6.825463866194253, 'fire_amp': 1.5719333351012774}.
[I 2026-06-11 01:54:22,595] Trial 266 finished with values: [10.745601554110758, 10.745601554110758] and parameters: {'k1': 3.609310926766545e-05, 'D_low': 1074.940539517341, 'k2': 0.00037358626308127543, 'D_high': 1266.9536563782303, 'fire_exp': 1.4848387260494937, 'P_half': 1.4551749476072258, 'pre_dampen_half': 30.456909077772018, 'gpp_af': 1.3954498518315706, 'gpp_b': 2.176805640408474e-05, 'gpp_d': 0.09467055845337147, 'ign_k': 0.09256855841989636, 'ign_c': 39.52220881906114, 'trop_agb_crit': 1.8023542850487386, 'trop_k_veg': 4.989748894578724, 'fire_amp': 4.2446263054164195}.
[I 2026-06-11 01:54:23,897] Trial 267 finished with values: [10.702447979313819, 10.702447979313819] and parameters: {'k1': 0.006164329525571074, 'D_low': 1.7551403048208316, 'k2': 0.00037358626308127543, 'D_high': 36998.679204890876, 'fire_exp': 1.811096651915224, 'P_half': 5.4712187293420325, 'pre_dampen_half': 30.456909077772018, 'gpp_af': 0.07118041471054574, 'gpp_b': 0.12046049142392454, 'gpp_d': 0.1619054449471649, 'ign_k': 0.002357279455676982, 'ign_c': 7.081721844034206, 'trop_agb_crit': 1.438876022196885, 'trop_k_veg': 5.453348988480011, 'fire_amp': 1.5719333351012774}.
[I 2026-06-11 01:54:25,320] Trial 268 finished with values: [-0.6808270030647734, 0.07096730281626817] and parameters: {'k1': 3.609310926766545e-05, 'D_low': 43.03411264066069, 'k2': 0.0007731571570012607, 'D_high': 252.84086172415604, 'fire_exp': 1.4848387260494937, 'P_half': 1265.0580856641704, 'pre_dampen_half': 170.71098124594695, 'gpp_af': 1.9706963379095486, 'gpp_b': 0.00012118589392553798, 'gpp_d': 96.93415502195788, 'ign_k': 0.17320535908244444, 'ign_c': 0.4177928311636542, 'trop_agb_crit': 11.664190932505923, 'trop_k_veg': 4.989748894578724, 'fire_amp': 3.1543496524370136}.
[I 2026-06-11 01:54:26,828] Trial 269 finished with values: [10.524880013414334, 10.524880013414334] and parameters: {'k1': 5.7909642338812115e-05, 'D_low': 171.2446447678494, 'k2': 0.00037358626308127543, 'D_high': 36998.679204890876, 'fire_exp': 1.9136159174067866, 'P_half': 93.43302657318476, 'pre_dampen_half': 30.456909077772018, 'gpp_af': 6.384685545228285, 'gpp_b': 2.176805640408474e-05, 'gpp_d': 1.0088237648985734, 'ign_k': 0.0029519227433917453, 'ign_c': 39.52220881906114, 'trop_agb_crit': 1.8285200278523417, 'trop_k_veg': 2.520089655463604, 'fire_amp': 5.44779717154213}.
[I 2026-06-11 01:54:28,262] Trial 270 finished with values: [10.610438660520916, 10.610438660520916] and parameters: {'k1': 0.0001887567630782227, 'D_low': 1.4002277211577039, 'k2': 0.005204862686958021, 'D_high': 18108.14362107968, 'fire_exp': 1.1633452995374232, 'P_half': 2.226799690893868, 'pre_dampen_half': 0.058813839452486964, 'gpp_af': 0.8594202650742228, 'gpp_b': 0.004411400434514031, 'gpp_d': 1.0088237648985734, 'ign_k': 0.0032383308053152635, 'ign_c': 7.081721844034206, 'trop_agb_crit': 1.8566494291193822, 'trop_k_veg': 6.825463866194253, 'fire_amp': 2.7806853670293616}.
[I 2026-06-11 01:54:29,713] Trial 271 finished with values: [10.479966315387497, 10.479966315387497] and parameters: {'k1': 5.7909642338812115e-05, 'D_low': 146.24004590125713, 'k2': 0.0007731571570012607, 'D_high': 36998.679204890876, 'fire_exp': 1.1633452995374232, 'P_half': 3.591771421517613, 'pre_dampen_half': 9.044346216330972, 'gpp_af': 10.25616274847308, 'gpp_b': 2.176805640408474e-05, 'gpp_d': 1.0088237648985734, 'ign_k': 0.4303356629825978, 'ign_c': 7.081721844034206, 'trop_agb_crit': 1.0189592979395135, 'trop_k_veg': 6.825463866194253, 'fire_amp': 5.44779717154213}.
[I 2026-06-11 01:54:31,029] Trial 272 finished with values: [10.769230768877819, 10.769230768877819] and parameters: {'k1': 0.0018697387216131526, 'D_low': 171.2446447678494, 'k2': 0.00037358626308127543, 'D_high': 36998.679204890876, 'fire_exp': 1.9136159174067866, 'P_half': 93.43302657318476, 'pre_dampen_half': 16.009350908593582, 'gpp_af': 0.016306190741524337, 'gpp_b': 2.176805640408474e-05, 'gpp_d': 0.7698760608299932, 'ign_k': 0.07867677706257832, 'ign_c': 342.8810943862522, 'trop_agb_crit': 4.902399583903479, 'trop_k_veg': 4.989748894578724, 'fire_amp': 5.615047466686494}.
[I 2026-06-11 01:54:32,409] Trial 273 finished with values: [10.013951437454894, 10.013951437454894] and parameters: {'k1': 3.609310926766545e-05, 'D_low': 171.2446447678494, 'k2': 0.0004976087827261435, 'D_high': 32311.521854410956, 'fire_exp': 1.4848387260494937, 'P_half': 5.4712187293420325, 'pre_dampen_half': 121.93011993958949, 'gpp_af': 0.07118041471054574, 'gpp_b': 0.015062722325200045, 'gpp_d': 0.1619054449471649, 'ign_k': 0.002357279455676982, 'ign_c': 7.081721844034206, 'trop_agb_crit': 11.664190932505923, 'trop_k_veg': 1.2749676887479542, 'fire_amp': 1.5719333351012774}.
[I 2026-06-11 01:54:33,917] Trial 274 finished with values: [10.685496784606812, 10.685496784606812] and parameters: {'k1': 0.00023134781612225627, 'D_low': 23.307122788234057, 'k2': 0.045914852167405346, 'D_high': 32311.521854410956, 'fire_exp': 4.291626251159958, 'P_half': 5.4712187293420325, 'pre_dampen_half': 30.456909077772018, 'gpp_af': 0.008117091133892173, 'gpp_b': 0.00031478066835753096, 'gpp_d': 12.338826503601998, 'ign_k': 0.09256855841989636, 'ign_c': 7.081721844034206, 'trop_agb_crit': 1.8023542850487386, 'trop_k_veg': 1.6648666152166967, 'fire_amp': 1.5719333351012774}.
[I 2026-06-11 01:54:35,454] Trial 275 finished with values: [10.58370445254688, 10.58370445254688] and parameters: {'k1': 0.05347027553411487, 'D_low': 236.79352040223893, 'k2': 0.00037358626308127543, 'D_high': 6682.9607218310075, 'fire_exp': 1.9136159174067866, 'P_half': 93.43302657318476, 'pre_dampen_half': 30.456909077772018, 'gpp_af': 1.7775411110039254, 'gpp_b': 0.001674375583895437, 'gpp_d': 0.7698760608299932, 'ign_k': 0.0029519227433917453, 'ign_c': 342.8810943862522, 'trop_agb_crit': 12.9667438075127, 'trop_k_veg': 2.99731137426955, 'fire_amp': 5.44779717154213}.
