[I 2026-06-08 12:11:31,201] Trial 195 finished with values: [10.791066892224741, 10.791066892224741] and parameters: {'k1': 0.04669327135003539, 'D_low': 38.82837025280678, 'k2': 1.1065812688893481e-05, 'D_high': 76.7074891445377, 'fire_exp': 1.695318866910499, 'P_half': 4.213183643253957, 'pre_dampen_half': 0.2888838362365318, 'gpp_af': 1.9706963379095486, 'gpp_b': 1.3289448722869181e-05, 'gpp_d': 1.6983565276584263, 'ign_k': 2.1368329072358767, 'ign_c': 0.70689749506246, 'trop_agb_crit': 7.500118950416987, 'trop_k_veg': 0.6673124511410327}.
[I 2026-06-08 12:11:33,363] Trial 196 finished with values: [10.195820280456607, 10.195820280456607] and parameters: {'k1': 0.008912611835817005, 'D_low': 355.00125258511594, 'k2': 0.0007047307383115598, 'D_high': 61536.58035691648, 'fire_exp': 1.3170256885255098, 'P_half': 5.076307782729897, 'pre_dampen_half': 63.6685916079943, 'gpp_af': 3.4702669886504163, 'gpp_b': 0.01777482313117792, 'gpp_d': 229.41380323183625, 'ign_k': 8.926311370835233, 'ign_c': 5.13055176058983, 'trop_agb_crit': 24.80219492452611, 'trop_k_veg': 0.83140195149031}.
[I 2026-06-08 12:11:35,807] Trial 197 finished with values: [10.891155274856862, 10.891155274856862] and parameters: {'k1': 0.012021930484915042, 'D_low': 38.82837025280678, 'k2': 0.0016497426799845453, 'D_high': 14.378290221680125, 'fire_exp': 2.627846918579106, 'P_half': 133.4807155996069, 'pre_dampen_half': 241.69519319206728, 'gpp_af': 6.155035361040188, 'gpp_b': 1.220003093173824e-05, 'gpp_d': 0.03805074835058821, 'ign_k': 0.0036065195493704487, 'ign_c': 0.14551749476072262, 'trop_agb_crit': 18.3492792986878, 'trop_k_veg': 3.517697529584014}.
[I 2026-06-08 12:11:38,073] Trial 198 finished with values: [10.662557422690226, 10.662557422690226] and parameters: {'k1': 0.008912611835817005, 'D_low': 38.82837025280678, 'k2': 0.03538758864779238, 'D_high': 645.2946500764235, 'fire_exp': 1.3170256885255098, 'P_half': 4.213183643253957, 'pre_dampen_half': 38.00678588560607, 'gpp_af': 0.6403036652671171, 'gpp_b': 1.4540386644083135e-05, 'gpp_d': 0.2204889335659561, 'ign_k': 0.010167079878196114, 'ign_c': 30.28574109895626, 'trop_agb_crit': 1.0903028125370984, 'trop_k_veg': 3.1473758868965476}.
[I 2026-06-08 12:11:40,286] Trial 199 finished with values: [10.31163119942308, 10.31163119942308] and parameters: {'k1': 0.00031134168041628584, 'D_low': 1.54121727098019, 'k2': 1.915468390724633e-05, 'D_high': 3712.591045287726, 'fire_exp': 1.4665043946307825, 'P_half': 4.213183643253957, 'pre_dampen_half': 502.5175192217655, 'gpp_af': 0.2204465010099918, 'gpp_b': 2.176805640408474e-05, 'gpp_d': 84.31013932082456, 'ign_k': 0.0680787482656459, 'ign_c': 15.221840161091626, 'trop_agb_crit': 7.500118950416987, 'trop_k_veg': 0.6673124511410327}.
[I 2026-06-08 12:11:42,315] Trial 200 finished with values: [10.506974190836745, 10.506974190836745] and parameters: {'k1': 0.006642027816373391, 'D_low': 355.00125258511594, 'k2': 0.03538758864779238, 'D_high': 3712.591045287726, 'fire_exp': 1.3170256885255098, 'P_half': 220.3445560633069, 'pre_dampen_half': 552.4163637315892, 'gpp_af': 0.7539992074650279, 'gpp_b': 0.14577755664212386, 'gpp_d': 5.1715677287580455, 'ign_k': 0.12329098365270515, 'ign_c': 15.221840161091626, 'trop_agb_crit': 24.584290528289387, 'trop_k_veg': 0.6743482387129308}.
[I 2026-06-08 12:11:44,309] Trial 201 finished with values: [10.864084333437374, 10.864084333437374] and parameters: {'k1': 0.04669327135003539, 'D_low': 5023.348046919797, 'k2': 1.1065812688893481e-05, 'D_high': 1578.0309954142967, 'fire_exp': 1.1430983876313219, 'P_half': 2897.5337521324113, 'pre_dampen_half': 502.5175192217655, 'gpp_af': 0.7539992074650279, 'gpp_b': 3.481277316673104e-05, 'gpp_d': 1.6983565276584263, 'ign_k': 2.1368329072358767, 'ign_c': 0.70689749506246, 'trop_agb_crit': 1.14876138417489, 'trop_k_veg': 0.6673124511410327}.
[I 2026-06-08 12:11:46,477] Trial 202 finished with values: [10.850020423836998, 10.850020423836998] and parameters: {'k1': 5.2759586181451185e-05, 'D_low': 6542.056762893129, 'k2': 0.0007047307383115598, 'D_high': 107.53522341516504, 'fire_exp': 1.0362310858538248, 'P_half': 4.213183643253957, 'pre_dampen_half': 1.3833139021965035, 'gpp_af': 1.6059727222314273, 'gpp_b': 0.14577755664212386, 'gpp_d': 5.1715677287580455, 'ign_k': 0.18697387216131534, 'ign_c': 3.470490935437501, 'trop_agb_crit': 1.0693376406863295, 'trop_k_veg': 0.6673124511410327}.
[I 2026-06-08 12:11:48,344] Trial 203 finished with values: [10.745733578948975, 10.745733578948975] and parameters: {'k1': 2.316457903103837e-05, 'D_low': 40.12413353131991, 'k2': 0.03538758864779238, 'D_high': 645.2946500764235, 'fire_exp': 1.3170256885255098, 'P_half': 140.74279366401683, 'pre_dampen_half': 8.594202650742222, 'gpp_af': 5.335773317316405, 'gpp_b': 1.3289448722869181e-05, 'gpp_d': 229.41380323183625, 'ign_k': 0.01364908766641695, 'ign_c': 18.219343937475102, 'trop_agb_crit': 8.997007571451054, 'trop_k_veg': 3.49157152291552}.
[I 2026-06-08 12:11:50,169] Trial 204 finished with values: [10.87872926155079, 10.87872926155079] and parameters: {'k1': 0.00031134168041628584, 'D_low': 4.484744524732794, 'k2': 0.015763894361785387, 'D_high': 3712.591045287726, 'fire_exp': 1.0629462657398439, 'P_half': 220.3445560633069, 'pre_dampen_half': 0.012952289461753311, 'gpp_af': 0.7539992074650279, 'gpp_b': 0.0021331409710300844, 'gpp_d': 0.2204889335659561, 'ign_k': 0.0680787482656459, 'ign_c': 30.28574109895626, 'trop_agb_crit': 10.965064494899984, 'trop_k_veg': 1.4584243470991722}.
[I 2026-06-08 12:11:52,058] Trial 205 finished with values: [10.799752034462408, 10.799752034462408] and parameters: {'k1': 0.00031134168041628584, 'D_low': 40.12413353131991, 'k2': 0.0007047307383115598, 'D_high': 21.947742689197344, 'fire_exp': 1.1263716762638152, 'P_half': 221.2683656611821, 'pre_dampen_half': 5.048653998722947, 'gpp_af': 1.5386842469144075, 'gpp_b': 1.5385046399532158e-05, 'gpp_d': 757.2868182332339, 'ign_k': 0.0035281132746849977, 'ign_c': 11.400863701127316, 'trop_agb_crit': 7.500118950416987, 'trop_k_veg': 0.6673124511410327}.
[I 2026-06-08 12:11:54,058] Trial 206 finished with values: [10.816131373115738, 10.816131373115738] and parameters: {'k1': 0.05778755734457457, 'D_low': 1683.621997588799, 'k2': 1.1065812688893481e-05, 'D_high': 45914.852167405326, 'fire_exp': 1.0601964743503993, 'P_half': 4.213183643253957, 'pre_dampen_half': 0.2888838362365318, 'gpp_af': 0.2204465010099918, 'gpp_b': 1.598364670380439e-05, 'gpp_d': 84.31013932082456, 'ign_k': 0.0035281132746849977, 'ign_c': 3.470490935437501, 'trop_agb_crit': 12.647327018493208, 'trop_k_veg': 0.6673124511410327}.
[I 2026-06-08 12:11:55,886] Trial 207 finished with values: [10.75508893080973, 10.75508893080973] and parameters: {'k1': 0.04669327135003539, 'D_low': 3.525936800597896, 'k2': 1.1065812688893481e-05, 'D_high': 1578.0309954142967, 'fire_exp': 1.423480109671474, 'P_half': 4.213183643253957, 'pre_dampen_half': 0.2888838362365318, 'gpp_af': 1.9706963379095486, 'gpp_b': 1.3289448722869181e-05, 'gpp_d': 1.6983565276584263, 'ign_k': 0.6161423618045312, 'ign_c': 0.70689749506246, 'trop_agb_crit': 7.500118950416987, 'trop_k_veg': 0.6673124511410327}.
[I 2026-06-08 12:11:57,687] Trial 208 finished with values: [10.79249313264883, 10.79249313264883] and parameters: {'k1': 0.00031134168041628584, 'D_low': 1228.2126524008484, 'k2': 0.0012040762895973265, 'D_high': 25628.666000163565, 'fire_exp': 1.0601964743503993, 'P_half': 4.213183643253957, 'pre_dampen_half': 63.6685916079943, 'gpp_af': 0.10409127568994281, 'gpp_b': 0.42247700890263645, 'gpp_d': 2.944272359149677, 'ign_k': 0.00840038491455979, 'ign_c': 5.13055176058983, 'trop_agb_crit': 1.0903028125370984, 'trop_k_veg': 1.140286245977296}.
[I 2026-06-08 12:11:59,603] Trial 209 finished with values: [-0.4766749194107918, 0.2022390672315636] and parameters: {'k1': 0.00031134168041628584, 'D_low': 4.484744524732794, 'k2': 0.0012040762895973265, 'D_high': 25628.666000163565, 'fire_exp': 1.0601964743503993, 'P_half': 220.3445560633069, 'pre_dampen_half': 502.5175192217655, 'gpp_af': 0.7539992074650279, 'gpp_b': 0.0021331409710300844, 'gpp_d': 418.77522137884927, 'ign_k': 0.0680787482656459, 'ign_c': 30.28574109895626, 'trop_agb_crit': 10.965064494899984, 'trop_k_veg': 1.4584243470991722}.
[I 2026-06-08 12:12:01,610] Trial 210 finished with values: [10.88433135332768, 10.88433135332768] and parameters: {'k1': 0.00031134168041628584, 'D_low': 7660.074273652683, 'k2': 0.05985024829384177, 'D_high': 431.45617043093523, 'fire_exp': 1.4900535273878766, 'P_half': 54.37591736923918, 'pre_dampen_half': 38.00678588560607, 'gpp_af': 1.9706963379095486, 'gpp_b': 1.319554058182653e-05, 'gpp_d': 1.279742971294904, 'ign_k': 0.00840038491455979, 'ign_c': 15.221840161091626, 'trop_agb_crit': 20.824968728078442, 'trop_k_veg': 0.6673124511410327}.
[I 2026-06-08 12:12:03,399] Trial 211 finished with values: [10.464020564770335, 10.464020564770335] and parameters: {'k1': 0.05778755734457457, 'D_low': 78.86001704920405, 'k2': 0.004579192310322934, 'D_high': 61536.58035691648, 'fire_exp': 1.0362310858538248, 'P_half': 3227.0237615158, 'pre_dampen_half': 502.5175192217655, 'gpp_af': 12.10590321196177, 'gpp_b': 1.4868114807380364, 'gpp_d': 150.14555442537656, 'ign_k': 0.0680787482656459, 'ign_c': 0.557280750002996, 'trop_agb_crit': 7.444615346113405, 'trop_k_veg': 1.3602724017812755}.
[I 2026-06-08 12:12:05,287] Trial 212 finished with values: [10.069927648658272, 10.069927648658272] and parameters: {'k1': 0.01889771394135163, 'D_low': 70.18267183720735, 'k2': 0.0003432139136241583, 'D_high': 1493.5213816355397, 'fire_exp': 1.0601964743503993, 'P_half': 4.213183643253957, 'pre_dampen_half': 107.40052367919465, 'gpp_af': 1.6059727222314273, 'gpp_b': 0.0054502936945582505, 'gpp_d': 84.31013932082456, 'ign_k': 8.708806168038567, 'ign_c': 20.03995359361212, 'trop_agb_crit': 7.500118950416987, 'trop_k_veg': 2.194427136482602}.
[I 2026-06-08 12:12:07,331] Trial 213 finished with values: [10.677807970657337, 10.677807970657337] and parameters: {'k1': 0.00031134168041628584, 'D_low': 1.54121727098019, 'k2': 0.0012040762895973265, 'D_high': 774.2116473996249, 'fire_exp': 1.3170256885255098, 'P_half': 93.43302657318476, 'pre_dampen_half': 63.6685916079943, 'gpp_af': 0.10409127568994281, 'gpp_b': 2.176805640408474e-05, 'gpp_d': 0.2204889335659561, 'ign_k': 0.12329098365270515, 'ign_c': 15.221840161091626, 'trop_agb_crit': 24.584290528289387, 'trop_k_veg': 5.198868247525917}.
[I 2026-06-08 12:12:09,389] Trial 214 finished with values: [10.8928540024137, 10.8928540024137] and parameters: {'k1': 0.06598741607403362, 'D_low': 34.08427910923046, 'k2': 0.0001889739291279833, 'D_high': 1493.5213816355397, 'fire_exp': 2.627846918579106, 'P_half': 175.2878790340412, 'pre_dampen_half': 241.69519319206728, 'gpp_af': 6.155035361040188, 'gpp_b': 0.22727308251068193, 'gpp_d': 0.03805074835058821, 'ign_k': 0.0015276032303600073, 'ign_c': 0.14551749476072262, 'trop_agb_crit': 14.948114979829949, 'trop_k_veg': 1.0594599158279707}.
[I 2026-06-08 12:12:11,271] Trial 215 finished with values: [10.88811401507045, 10.88811401507045] and parameters: {'k1': 0.04669327135003539, 'D_low': 4182.178526757453, 'k2': 1.1065812688893481e-05, 'D_high': 18.942844905792818, 'fire_exp': 1.1430983876313219, 'P_half': 2068.53034640896, 'pre_dampen_half': 0.029662981696401067, 'gpp_af': 2.6003623362924237, 'gpp_b': 2.6738182964551835e-05, 'gpp_d': 1.6983565276584263, 'ign_k': 2.1368329072358767, 'ign_c': 0.70689749506246, 'trop_agb_crit': 7.500118950416987, 'trop_k_veg': 1.0923378209074766}.
[I 2026-06-08 12:12:13,120] Trial 216 finished with values: [10.82593862845257, 10.82593862845257] and parameters: {'k1': 2.316457903103837e-05, 'D_low': 520.4862686958022, 'k2': 0.014344484793173472, 'D_high': 3712.591045287726, 'fire_exp': 1.695318866910499, 'P_half': 140.74279366401683, 'pre_dampen_half': 8.594202650742222, 'gpp_af': 5.335773317316405, 'gpp_b': 7.210246166617508e-05, 'gpp_d': 4.25060659305504, 'ign_k': 0.01364908766641695, 'ign_c': 2.8335389417624683, 'trop_agb_crit': 24.584290528289387, 'trop_k_veg': 3.49157152291552}.
[I 2026-06-08 12:12:15,081] Trial 217 finished with values: [10.705476165348959, 10.705476165348959] and parameters: {'k1': 0.00031134168041628584, 'D_low': 7.240382572465288, 'k2': 0.0012040762895973265, 'D_high': 42210.21267871043, 'fire_exp': 1.3170256885255098, 'P_half': 4.213183643253957, 'pre_dampen_half': 38.00678588560607, 'gpp_af': 0.2204465010099918, 'gpp_b': 0.14577755664212386, 'gpp_d': 5.1715677287580455, 'ign_k': 0.00840038491455979, 'ign_c': 0.1406146398517664, 'trop_agb_crit': 1.0903028125370984, 'trop_k_veg': 2.520089655463604}.
[I 2026-06-08 12:12:17,143] Trial 218 finished with values: [10.851707274928254, 10.851707274928254] and parameters: {'k1': 0.008912611835817005, 'D_low': 984.098934375832, 'k2': 0.0007047307383115598, 'D_high': 61536.58035691648, 'fire_exp': 1.423480109671474, 'P_half': 751.9407491506673, 'pre_dampen_half': 3.3841016089580034, 'gpp_af': 0.030592049838223532, 'gpp_b': 0.0004408910919257112, 'gpp_d': 229.41380323183625, 'ign_k': 5.351470428717437, 'ign_c': 5.13055176058983, 'trop_agb_crit': 7.599113148200974, 'trop_k_veg': 6.45312300188076}.
[I 2026-06-08 12:12:18,980] Trial 219 finished with values: [10.820308448943829, 10.820308448943829] and parameters: {'k1': 0.008912611835817005, 'D_low': 436.4516946807792, 'k2': 0.012758211164590085, 'D_high': 645.2946500764235, 'fire_exp': 1.0601964743503993, 'P_half': 4.213183643253957, 'pre_dampen_half': 3.3841016089580034, 'gpp_af': 0.030592049838223532, 'gpp_b': 0.0054502936945582505, 'gpp_d': 229.41380323183625, 'ign_k': 5.351470428717437, 'ign_c': 2.4936660834465174, 'trop_agb_crit': 1.0903028125370984, 'trop_k_veg': 6.45312300188076}.
[I 2026-06-08 12:12:20,849] Trial 220 finished with values: [10.879438533602574, 10.879438533602574] and parameters: {'k1': 2.316457903103837e-05, 'D_low': 1228.2126524008484, 'k2': 0.0003432139136241583, 'D_high': 1493.5213816355397, 'fire_exp': 1.423480109671474, 'P_half': 140.74279366401683, 'pre_dampen_half': 0.14126812677903758, 'gpp_af': 5.335773317316405, 'gpp_b': 1.284284091405877e-05, 'gpp_d': 229.41380323183625, 'ign_k': 0.00840038491455979, 'ign_c': 18.219343937475102, 'trop_agb_crit': 10.965064494899984, 'trop_k_veg': 0.6984687829911091}.
[I 2026-06-08 12:12:22,851] Trial 221 finished with values: [11.194594647664951, 11.194594647664951] and parameters: {'k1': 0.004312951023617458, 'D_low': 4.484744524732794, 'k2': 0.015763894361785387, 'D_high': 3712.591045287726, 'fire_exp': 1.0629462657398439, 'P_half': 2.0314811950454943, 'pre_dampen_half': 502.5175192217655, 'gpp_af': 0.7539992074650279, 'gpp_b': 0.0021331409710300844, 'gpp_d': 29.749683811098393, 'ign_k': 0.0680787482656459, 'ign_c': 15.221840161091626, 'trop_agb_crit': 24.584290528289387, 'trop_k_veg': 1.4584243470991722}.
[I 2026-06-08 12:12:24,726] Trial 222 finished with values: [10.891665349355891, 10.891665349355891] and parameters: {'k1': 0.011966626407443505, 'D_low': 1112.9571947046009, 'k2': 6.069662445477729e-05, 'D_high': 985.7545621889059, 'fire_exp': 4.969226308995625, 'P_half': 9.324787201197319, 'pre_dampen_half': 502.5175192217655, 'gpp_af': 2.6003623362924237, 'gpp_b': 0.0038900687554386305, 'gpp_d': 150.14555442537656, 'ign_k': 0.01364908766641695, 'ign_c': 0.1239046892818203, 'trop_agb_crit': 6.119263728555865, 'trop_k_veg': 1.4584243470991722}.
[I 2026-06-08 12:12:26,530] Trial 223 finished with values: [10.887289394033715, 10.887289394033715] and parameters: {'k1': 0.0007883068789768041, 'D_low': 2.4622754931226587, 'k2': 2.683416249684868e-05, 'D_high': 3712.591045287726, 'fire_exp': 2.1871318436814167, 'P_half': 54.37591736923918, 'pre_dampen_half': 0.9829324480069708, 'gpp_af': 0.2204465010099918, 'gpp_b': 2.176805640408474e-05, 'gpp_d': 16.460426816350523, 'ign_k': 0.0680787482656459, 'ign_c': 31.874227118134094, 'trop_agb_crit': 20.824968728078442, 'trop_k_veg': 5.905704303105107}.
[I 2026-06-08 12:12:28,422] Trial 224 finished with values: [10.693067430703886, 10.693067430703886] and parameters: {'k1': 0.012021930484915042, 'D_low': 2.143851363193517, 'k2': 0.003101429427212743, 'D_high': 42.070539502879384, 'fire_exp': 1.1430983876313219, 'P_half': 56.22114524476698, 'pre_dampen_half': 10.129197956845726, 'gpp_af': 0.05511595477601767, 'gpp_b': 0.00431329787498825, 'gpp_d': 757.2868182332339, 'ign_k': 2.1368329072358767, 'ign_c': 1.9580595319750387, 'trop_agb_crit': 18.785197416433792, 'trop_k_veg': 1.0594599158279707}.
[I 2026-06-08 12:12:30,485] Trial 225 finished with values: [10.886074241611286, 10.886074241611286] and parameters: {'k1': 0.06994589881535453, 'D_low': 171.2446447678494, 'k2': 0.03538758864779238, 'D_high': 774.2116473996249, 'fire_exp': 1.2611826901294014, 'P_half': 1.1827346017839087, 'pre_dampen_half': 0.011396414164620812, 'gpp_af': 0.2204465010099918, 'gpp_b': 0.42247700890263645, 'gpp_d': 2.944272359149677, 'ign_k': 0.12329098365270515, 'ign_c': 5.13055176058983, 'trop_agb_crit': 15.961316409649486, 'trop_k_veg': 0.6743482387129308}.
[I 2026-06-08 12:12:32,331] Trial 226 finished with values: [10.864381447724009, 10.864381447724009] and parameters: {'k1': 3.23559867820537e-05, 'D_low': 520.4862686958022, 'k2': 1.915468390724633e-05, 'D_high': 783.2259769732478, 'fire_exp': 1.221575427404682, 'P_half': 140.74279366401683, 'pre_dampen_half': 0.9829324480069708, 'gpp_af': 5.335773317316405, 'gpp_b': 1.319554058182653e-05, 'gpp_d': 1.279742971294904, 'ign_k': 0.0315101491238403, 'ign_c': 31.874227118134094, 'trop_agb_crit': 20.824968728078442, 'trop_k_veg': 6.2065960186008615}.
[I 2026-06-08 12:12:34,138] Trial 227 finished with values: [10.878482672625907, 10.878482672625907] and parameters: {'k1': 0.016780508579130986, 'D_low': 520.4862686958022, 'k2': 0.0007047307383115598, 'D_high': 1578.0309954142967, 'fire_exp': 2.100650708889295, 'P_half': 140.74279366401683, 'pre_dampen_half': 8.594202650742222, 'gpp_af': 5.335773317316405, 'gpp_b': 0.0004408910919257112, 'gpp_d': 4.25060659305504, 'ign_k': 0.01364908766641695, 'ign_c': 3.470490935437501, 'trop_agb_crit': 8.997007571451054, 'trop_k_veg': 5.982827017670783}.
[I 2026-06-08 12:12:36,024] Trial 228 finished with values: [10.79936435353602, 10.79936435353602] and parameters: {'k1': 0.002155595057104387, 'D_low': 40.12413353131991, 'k2': 0.0007047307383115598, 'D_high': 42.070539502879384, 'fire_exp': 1.423480109671474, 'P_half': 221.2683656611821, 'pre_dampen_half': 10.129197956845726, 'gpp_af': 3.4702669886504163, 'gpp_b': 1.284284091405877e-05, 'gpp_d': 229.41380323183625, 'ign_k': 5.351470428717437, 'ign_c': 18.219343937475102, 'trop_agb_crit': 10.691477813613638, 'trop_k_veg': 0.83140195149031}.
[I 2026-06-08 12:12:38,072] Trial 229 finished with values: [10.317158235267593, 10.317158235267593] and parameters: {'k1': 0.004312951023617458, 'D_low': 792.6237587961899, 'k2': 0.015763894361785387, 'D_high': 3712.591045287726, 'fire_exp': 1.0629462657398439, 'P_half': 220.3445560633069, 'pre_dampen_half': 502.5175192217655, 'gpp_af': 0.7539992074650279, 'gpp_b': 0.0021331409710300844, 'gpp_d': 29.749683811098393, 'ign_k': 0.0680787482656459, 'ign_c': 15.221840161091626, 'trop_agb_crit': 24.584290528289387, 'trop_k_veg': 1.4584243470991722}.
[I 2026-06-08 12:12:39,954] Trial 230 finished with values: [10.568312966207493, 10.568312966207493] and parameters: {'k1': 0.008471801418819975, 'D_low': 984.098934375832, 'k2': 0.00025255166452944054, 'D_high': 61536.58035691648, 'fire_exp': 1.1430983876313219, 'P_half': 221.2683656611821, 'pre_dampen_half': 10.129197956845726, 'gpp_af': 2.555721998081808, 'gpp_b': 1.3289448722869181e-05, 'gpp_d': 54.620376657085984, 'ign_k': 0.0018256829646330853, 'ign_c': 0.70689749506246, 'trop_agb_crit': 2.9222815721218716, 'trop_k_veg': 0.83140195149031}.
[I 2026-06-08 12:12:42,296] Trial 231 finished with values: [10.891770019383822, 10.891770019383822] and parameters: {'k1': 0.008471801418819975, 'D_low': 40.12413353131991, 'k2': 1.1065812688893481e-05, 'D_high': 61536.58035691648, 'fire_exp': 3.4633094058711813, 'P_half': 1455.0993923603367, 'pre_dampen_half': 0.3924302839842014, 'gpp_af': 3.4702669886504163, 'gpp_b': 1.3289448722869181e-05, 'gpp_d': 13.472769577631583, 'ign_k': 5.351470428717437, 'ign_c': 11.400863701127316, 'trop_agb_crit': 10.691477813613638, 'trop_k_veg': 0.6673124511410327}.
[I 2026-06-08 12:12:44,315] Trial 232 finished with values: [10.892857141505157, 10.892857141505157] and parameters: {'k1': 3.23559867820537e-05, 'D_low': 40.12413353131991, 'k2': 0.014344484793173472, 'D_high': 21.947742689197344, 'fire_exp': 7.690910336830845, 'P_half': 221.2683656611821, 'pre_dampen_half': 552.4163637315892, 'gpp_af': 5.335773317316405, 'gpp_b': 7.210246166617508e-05, 'gpp_d': 4.25060659305504, 'ign_k': 0.01364908766641695, 'ign_c': 2.8335389417624683, 'trop_agb_crit': 10.691477813613638, 'trop_k_veg': 3.49157152291552}.
[I 2026-06-08 12:12:46,249] Trial 233 finished with values: [10.863594407711622, 10.863594407711622] and parameters: {'k1': 0.002155595057104387, 'D_low': 355.00125258511594, 'k2': 0.0007047307383115598, 'D_high': 21.947742689197344, 'fire_exp': 1.423480109671474, 'P_half': 221.2683656611821, 'pre_dampen_half': 12.003722333832918, 'gpp_af': 1.5386842469144075, 'gpp_b': 0.14577755664212386, 'gpp_d': 229.41380323183625, 'ign_k': 0.0036065195493704487, 'ign_c': 18.219343937475102, 'trop_agb_crit': 10.691477813613638, 'trop_k_veg': 2.194427136482602}.
