[I 2026-06-10 19:31:20,756] Trial 481 finished with values: [10.232230191399058, 10.232230191399058] and parameters: {'k1': 0.03820259936390116, 'D_low': 236.79352040223893, 'k2': 0.005204862686958021, 'D_high': 48235.58283024493, 'fire_exp': 1.2060040899560858, 'P_half': 2.226799690893868, 'pre_dampen_half': 9.044346216330972, 'gpp_af': 56.62858823465573, 'gpp_b': 0.001674375583895437, 'gpp_d': 14.427333163005196, 'ign_k': 0.06219881174029358, 'ign_c': 1.364908766641693, 'trop_agb_crit': 1.0189592979395135, 'trop_k_veg': 6.825463866194253, 'fire_amp': 2.6192385880432525}.
[I 2026-06-10 19:31:22,094] Trial 482 finished with values: [14.313921074692617, 14.313921074692617] and parameters: {'k1': 9.293516267059069e-05, 'D_low': 133.4807155996069, 'k2': 0.02065142557895925, 'D_high': 42210.21267871043, 'fire_exp': 1.111738490499784, 'P_half': 12.262543158860007, 'pre_dampen_half': 189.36639872354493, 'gpp_af': 1.9998014714101113, 'gpp_b': 1.4008921101492135e-05, 'gpp_d': 525.1661172395181, 'ign_k': 7.544827057709847, 'ign_c': 7.081721844034206, 'trop_agb_crit': 1.2489332852689512, 'trop_k_veg': 2.99731137426955, 'fire_amp': 4.472176921013167}.
[I 2026-06-10 19:31:23,407] Trial 483 finished with values: [14.063884928460489, 14.063884928460489] and parameters: {'k1': 0.00010777889602079265, 'D_low': 133.4807155996069, 'k2': 0.02065142557895925, 'D_high': 32311.521854410956, 'fire_exp': 1.111738490499784, 'P_half': 1.4551749476072258, 'pre_dampen_half': 857.6556763881457, 'gpp_af': 3.298293484806585, 'gpp_b': 0.006999112505425414, 'gpp_d': 525.1661172395181, 'ign_k': 0.09256855841989636, 'ign_c': 7.081721844034206, 'trop_agb_crit': 1.8023542850487386, 'trop_k_veg': 2.99731137426955, 'fire_amp': 5.44779717154213}.
[I 2026-06-10 19:31:24,802] Trial 484 finished with values: [10.524491783909053, 10.524491783909053] and parameters: {'k1': 2.570626095678496e-05, 'D_low': 236.79352040223893, 'k2': 0.005204862686958021, 'D_high': 1817.0401889219124, 'fire_exp': 1.111738490499784, 'P_half': 5.4712187293420325, 'pre_dampen_half': 19.21689966904807, 'gpp_af': 0.004409093791567215, 'gpp_b': 0.006999112505425414, 'gpp_d': 479.80109106752894, 'ign_k': 0.8945150807271531, 'ign_c': 7.081721844034206, 'trop_agb_crit': 1.456074715900995, 'trop_k_veg': 5.453348988480011, 'fire_amp': 3.8500040010232275}.
[I 2026-06-10 19:31:26,214] Trial 485 finished with values: [10.211764239298702, 10.211764239298702] and parameters: {'k1': 0.012840669372724958, 'D_low': 1.605843632310088, 'k2': 2.316457903103837e-05, 'D_high': 48235.58283024493, 'fire_exp': 1.7505406131449859, 'P_half': 61.6097529474144, 'pre_dampen_half': 189.88136301569827, 'gpp_af': 1.8730788990929563, 'gpp_b': 0.0012749409641020352, 'gpp_d': 1.4397852866783676, 'ign_k': 0.0029519227433917453, 'ign_c': 48.704711413416454, 'trop_agb_crit': 3.058280993112277, 'trop_k_veg': 2.99731137426955, 'fire_amp': 4.19233232783727}.
[I 2026-06-10 19:31:27,535] Trial 486 finished with values: [10.621462053308939, 10.621462053308939] and parameters: {'k1': 0.00026539376439360527, 'D_low': 5.08290658294838, 'k2': 0.02065142557895925, 'D_high': 267.3088310781672, 'fire_exp': 1.111738490499784, 'P_half': 19.987581927614485, 'pre_dampen_half': 9.044346216330972, 'gpp_af': 56.62858823465573, 'gpp_b': 2.800940363375676e-05, 'gpp_d': 76.38081075786287, 'ign_k': 0.8945150807271531, 'ign_c': 16.497426799845446, 'trop_agb_crit': 1.0189592979395135, 'trop_k_veg': 5.453348988480011, 'fire_amp': 4.472176921013167}.
[I 2026-06-10 19:31:28,938] Trial 487 finished with values: [10.673504881624464, 10.673504881624464] and parameters: {'k1': 0.012840669372724958, 'D_low': 1.4002277211577039, 'k2': 0.02065142557895925, 'D_high': 431.45617043093523, 'fire_exp': 1.6901885781909627, 'P_half': 1241.3450098922583, 'pre_dampen_half': 189.36639872354493, 'gpp_af': 0.004511991819672033, 'gpp_b': 1.1008110571039521e-05, 'gpp_d': 1.0088237648985734, 'ign_k': 0.0032383308053152635, 'ign_c': 7.081721844034206, 'trop_agb_crit': 1.2489332852689512, 'trop_k_veg': 1.6648666152166967, 'fire_amp': 4.472176921013167}.
[I 2026-06-10 19:31:30,258] Trial 488 finished with values: [10.742273414060147, 10.742273414060147] and parameters: {'k1': 0.012840669372724958, 'D_low': 171.2446447678494, 'k2': 0.003767022142229395, 'D_high': 48235.58283024493, 'fire_exp': 1.111738490499784, 'P_half': 774.5825831079144, 'pre_dampen_half': 38.00678588560607, 'gpp_af': 1.8730788990929563, 'gpp_b': 6.590619977704117, 'gpp_d': 21.899070557043984, 'ign_k': 0.0029519227433917453, 'ign_c': 48.704711413416454, 'trop_agb_crit': 21.086120736447015, 'trop_k_veg': 2.520089655463604, 'fire_amp': 4.19233232783727}.
[I 2026-06-10 19:31:31,649] Trial 489 finished with values: [10.654709194587399, 10.654709194587399] and parameters: {'k1': 5.7909642338812115e-05, 'D_low': 236.79352040223893, 'k2': 0.005204862686958021, 'D_high': 1266.9536563782303, 'fire_exp': 1.2060040899560858, 'P_half': 2.226799690893868, 'pre_dampen_half': 1.8575807716793389, 'gpp_af': 3.030008727251782, 'gpp_b': 0.002416023630607169, 'gpp_d': 1.0088237648985734, 'ign_k': 0.09256855841989636, 'ign_c': 2.2882309479728957, 'trop_agb_crit': 8.0091368834625, 'trop_k_veg': 3.1055119128084763, 'fire_amp': 2.6192385880432525}.
[I 2026-06-10 19:31:33,092] Trial 490 finished with values: [10.410061898007092, 10.410061898007092] and parameters: {'k1': 5.7909642338812115e-05, 'D_low': 236.79352040223893, 'k2': 0.005204862686958021, 'D_high': 1817.0401889219124, 'fire_exp': 1.7220686611084326, 'P_half': 2.226799690893868, 'pre_dampen_half': 189.36639872354493, 'gpp_af': 0.8594202650742228, 'gpp_b': 0.001674375583895437, 'gpp_d': 1.0088237648985734, 'ign_k': 0.09256855841989636, 'ign_c': 2.2882309479728957, 'trop_agb_crit': 1.0189592979395135, 'trop_k_veg': 5.453348988480011, 'fire_amp': 2.6192385880432525}.
[I 2026-06-10 19:31:34,468] Trial 491 finished with values: [-0.44244689344528076, 0.9511716674877694] and parameters: {'k1': 0.012840669372724958, 'D_low': 43.2326421037033, 'k2': 7.531057256501231e-05, 'D_high': 431.45617043093523, 'fire_exp': 1.264103030891254, 'P_half': 1.9678273362633985, 'pre_dampen_half': 189.36639872354493, 'gpp_af': 3.298293484806585, 'gpp_b': 0.00013164432569139702, 'gpp_d': 1.0088237648985734, 'ign_k': 0.03845635122720663, 'ign_c': 7.832259769732471, 'trop_agb_crit': 1.8023542850487386, 'trop_k_veg': 2.1406449943451844, 'fire_amp': 4.19233232783727}.
[I 2026-06-10 19:31:35,826] Trial 492 finished with values: [10.372771291907148, 10.372771291907148] and parameters: {'k1': 0.0009898117700885534, 'D_low': 1.4002277211577039, 'k2': 0.02065142557895925, 'D_high': 1817.0401889219124, 'fire_exp': 1.111738490499784, 'P_half': 12.262543158860007, 'pre_dampen_half': 189.36639872354493, 'gpp_af': 0.8594202650742228, 'gpp_b': 1.4008921101492135e-05, 'gpp_d': 1.0088237648985734, 'ign_k': 0.004775640431359605, 'ign_c': 2.2882309479728957, 'trop_agb_crit': 1.0189592979395135, 'trop_k_veg': 1.6648666152166967, 'fire_amp': 1.5719333351012774}.
[I 2026-06-10 19:31:37,158] Trial 493 finished with values: [10.292200565794076, 10.292200565794076] and parameters: {'k1': 0.00026539376439360527, 'D_low': 236.79352040223893, 'k2': 2.316457903103837e-05, 'D_high': 24.9899605789089, 'fire_exp': 1.111738490499784, 'P_half': 157.3644610977214, 'pre_dampen_half': 220.35141300841897, 'gpp_af': 14.161176080022173, 'gpp_b': 0.001674375583895437, 'gpp_d': 1.4397852866783676, 'ign_k': 0.00660597889201953, 'ign_c': 0.9736725715035878, 'trop_agb_crit': 3.058280993112277, 'trop_k_veg': 5.453348988480011, 'fire_amp': 4.472176921013167}.
[I 2026-06-10 19:31:38,787] Trial 494 finished with values: [10.724127473425055, 10.724127473425055] and parameters: {'k1': 0.03820259936390116, 'D_low': 5.08290658294838, 'k2': 0.02065142557895925, 'D_high': 267.3088310781672, 'fire_exp': 1.7505406131449859, 'P_half': 5.4712187293420325, 'pre_dampen_half': 3.970724383334912, 'gpp_af': 0.004409093791567215, 'gpp_b': 0.0010520080391520565, 'gpp_d': 0.47379914349407487, 'ign_k': 0.06219881174029358, 'ign_c': 7.081721844034206, 'trop_agb_crit': 1.0189592979395135, 'trop_k_veg': 1.6003641872536711, 'fire_amp': 3.8500040010232275}.
[I 2026-06-10 19:31:40,205] Trial 495 finished with values: [-0.3985349724781095, 0.9788852030899239] and parameters: {'k1': 5.7909642338812115e-05, 'D_low': 2067.91871434888, 'k2': 0.0001280886335404798, 'D_high': 48235.58283024493, 'fire_exp': 1.264103030891254, 'P_half': 1.4551749476072258, 'pre_dampen_half': 1.4270448359329697, 'gpp_af': 56.62858823465573, 'gpp_b': 0.006999112505425414, 'gpp_d': 14.427333163005196, 'ign_k': 0.05681482545113266, 'ign_c': 7.832259769732471, 'trop_agb_crit': 1.2489332852689512, 'trop_k_veg': 4.796046723963646, 'fire_amp': 5.831305332032283}.
[I 2026-06-10 19:31:41,619] Trial 496 finished with values: [-0.5050271054968698, 0.8038398688171446] and parameters: {'k1': 5.7909642338812115e-05, 'D_low': 9.882278532808778, 'k2': 0.028670350305540694, 'D_high': 6682.9607218310075, 'fire_exp': 1.111738490499784, 'P_half': 78.13392238162733, 'pre_dampen_half': 9.044346216330972, 'gpp_af': 3.298293484806585, 'gpp_b': 0.002416023630607169, 'gpp_d': 1.4397852866783676, 'ign_k': 0.29415751391396583, 'ign_c': 1.364908766641693, 'trop_agb_crit': 1.0189592979395135, 'trop_k_veg': 2.99731137426955, 'fire_amp': 5.667622640988655}.
[I 2026-06-10 19:31:42,987] Trial 497 finished with values: [11.122458153293376, 11.122458153293376] and parameters: {'k1': 5.7909642338812115e-05, 'D_low': 1.4002277211577039, 'k2': 0.0001280886335404798, 'D_high': 41833.85682146036, 'fire_exp': 1.264103030891254, 'P_half': 1.4551749476072258, 'pre_dampen_half': 42.05657072871069, 'gpp_af': 56.62858823465573, 'gpp_b': 0.006999112505425414, 'gpp_d': 34.18897529667503, 'ign_k': 0.09256855841989636, 'ign_c': 7.832259769732471, 'trop_agb_crit': 1.2489332852689512, 'trop_k_veg': 5.453348988480011, 'fire_amp': 5.44779717154213}.
[I 2026-06-10 19:31:44,322] Trial 498 finished with values: [10.3888960764725, 10.3888960764725] and parameters: {'k1': 0.03820259936390116, 'D_low': 43.2326421037033, 'k2': 0.02065142557895925, 'D_high': 1817.0401889219124, 'fire_exp': 1.7505406131449859, 'P_half': 157.3644610977214, 'pre_dampen_half': 189.36639872354493, 'gpp_af': 1.9998014714101113, 'gpp_b': 0.002416023630607169, 'gpp_d': 1.0088237648985734, 'ign_k': 0.8945150807271531, 'ign_c': 2.2882309479728957, 'trop_agb_crit': 8.0091368834625, 'trop_k_veg': 5.453348988480011, 'fire_amp': 1.348912780545359}.
[I 2026-06-10 19:31:45,666] Trial 499 finished with values: [10.517676701188128, 10.517676701188128] and parameters: {'k1': 0.03648456083047798, 'D_low': 50.32059347286801, 'k2': 0.0001280886335404798, 'D_high': 42210.21267871043, 'fire_exp': 1.264103030891254, 'P_half': 5.4712187293420325, 'pre_dampen_half': 9.044346216330972, 'gpp_af': 56.62858823465573, 'gpp_b': 0.00036184510553922684, 'gpp_d': 1.4397852866783676, 'ign_k': 0.00660597889201953, 'ign_c': 0.773448215664679, 'trop_agb_crit': 3.1419938725278875, 'trop_k_veg': 6.825463866194253, 'fire_amp': 1.3503088148200095}.
[I 2026-06-10 19:31:47,026] Trial 500 finished with values: [10.675556969128937, 10.675556969128937] and parameters: {'k1': 0.03820259936390116, 'D_low': 50.32059347286801, 'k2': 0.005204862686958021, 'D_high': 42210.21267871043, 'fire_exp': 1.7505406131449859, 'P_half': 996.7983879709292, 'pre_dampen_half': 1.8469033699850426, 'gpp_af': 0.07302012718529301, 'gpp_b': 0.00036184510553922684, 'gpp_d': 1.4397852866783676, 'ign_k': 0.06219881174029358, 'ign_c': 0.33139424373451987, 'trop_agb_crit': 3.1419938725278875, 'trop_k_veg': 6.825463866194253, 'fire_amp': 2.6192385880432525}.
[I 2026-06-10 19:31:48,427] Trial 501 finished with values: [10.620397041349356, 10.620397041349356] and parameters: {'k1': 0.03820259936390116, 'D_low': 5.08290658294838, 'k2': 0.02065142557895925, 'D_high': 1817.0401889219124, 'fire_exp': 1.0881065558452814, 'P_half': 18.93453091519153, 'pre_dampen_half': 189.36639872354493, 'gpp_af': 0.8594202650742228, 'gpp_b': 0.001674375583895437, 'gpp_d': 1.0088237648985734, 'ign_k': 0.09256855841989636, 'ign_c': 1.488823059798356, 'trop_agb_crit': 1.0189592979395135, 'trop_k_veg': 5.453348988480011, 'fire_amp': 2.6192385880432525}.
[I 2026-06-10 19:31:49,828] Trial 502 finished with values: [-0.3463456591531514, 0.9761747307245645] and parameters: {'k1': 0.0869690639641868, 'D_low': 1.605843632310088, 'k2': 2.316457903103837e-05, 'D_high': 41833.85682146036, 'fire_exp': 1.1490848108902036, 'P_half': 61.6097529474144, 'pre_dampen_half': 9.044346216330972, 'gpp_af': 56.62858823465573, 'gpp_b': 0.00013164432569139702, 'gpp_d': 1.4397852866783676, 'ign_k': 0.00660597889201953, 'ign_c': 0.773448215664679, 'trop_agb_crit': 21.086120736447015, 'trop_k_veg': 6.825463866194253, 'fire_amp': 5.615047466686494}.
[I 2026-06-10 19:31:51,172] Trial 503 finished with values: [10.16642344828364, 10.16642344828364] and parameters: {'k1': 0.00026539376439360527, 'D_low': 1074.940539517341, 'k2': 1.1417577140741129e-05, 'D_high': 431.45617043093523, 'fire_exp': 1.0601964743503993, 'P_half': 12.262543158860007, 'pre_dampen_half': 189.36639872354493, 'gpp_af': 1.9706963379095486, 'gpp_b': 2.800940363375676e-05, 'gpp_d': 14.427333163005196, 'ign_k': 0.06219881174029358, 'ign_c': 1.488823059798356, 'trop_agb_crit': 1.0693376406863295, 'trop_k_veg': 6.825463866194253, 'fire_amp': 2.6192385880432525}.
[I 2026-06-10 19:31:52,603] Trial 504 finished with values: [11.645138451459902, 11.645138451459902] and parameters: {'k1': 0.03820259936390116, 'D_low': 5.08290658294838, 'k2': 0.02065142557895925, 'D_high': 48235.58283024493, 'fire_exp': 1.111738490499784, 'P_half': 18.93453091519153, 'pre_dampen_half': 189.36639872354493, 'gpp_af': 56.62858823465573, 'gpp_b': 5.0875243087016374e-05, 'gpp_d': 14.427333163005196, 'ign_k': 0.06219881174029358, 'ign_c': 1.488823059798356, 'trop_agb_crit': 1.8023542850487386, 'trop_k_veg': 6.825463866194253, 'fire_amp': 2.6192385880432525}.
[I 2026-06-10 19:31:53,984] Trial 505 finished with values: [10.533997347020572, 10.533997347020572] and parameters: {'k1': 0.03648456083047798, 'D_low': 50.32059347286801, 'k2': 2.316457903103837e-05, 'D_high': 41833.85682146036, 'fire_exp': 1.1490848108902036, 'P_half': 882.2833027501578, 'pre_dampen_half': 20.84599542460349, 'gpp_af': 14.161176080022173, 'gpp_b': 0.00013164432569139702, 'gpp_d': 0.26636419343091605, 'ign_k': 0.00660597889201953, 'ign_c': 0.9736725715035878, 'trop_agb_crit': 3.058280993112277, 'trop_k_veg': 2.99731137426955, 'fire_amp': 5.615047466686494}.
[I 2026-06-10 19:31:55,380] Trial 506 finished with values: [10.673827558104275, 10.673827558104275] and parameters: {'k1': 0.00026539376439360527, 'D_low': 13.012518385211498, 'k2': 0.0014539199187561544, 'D_high': 708.7479683081002, 'fire_exp': 1.111738490499784, 'P_half': 1.4551749476072258, 'pre_dampen_half': 189.36639872354493, 'gpp_af': 1.9998014714101113, 'gpp_b': 0.5903603324157484, 'gpp_d': 1.0088237648985734, 'ign_k': 0.057001421052469435, 'ign_c': 7.832259769732471, 'trop_agb_crit': 1.0900492537293804, 'trop_k_veg': 1.6648666152166967, 'fire_amp': 4.472176921013167}.
[I 2026-06-10 19:31:56,770] Trial 507 finished with values: [-0.7129761236723567, 0.28587849457840964] and parameters: {'k1': 0.0007916322947490366, 'D_low': 236.79352040223893, 'k2': 0.005204862686958021, 'D_high': 1817.0401889219124, 'fire_exp': 1.2060040899560858, 'P_half': 157.3644610977214, 'pre_dampen_half': 189.36639872354493, 'gpp_af': 1.9998014714101113, 'gpp_b': 0.001674375583895437, 'gpp_d': 76.38081075786287, 'ign_k': 0.09256855841989636, 'ign_c': 16.497426799845446, 'trop_agb_crit': 8.0091368834625, 'trop_k_veg': 5.453348988480011, 'fire_amp': 2.6192385880432525}.
[I 2026-06-10 19:31:58,124] Trial 508 finished with values: [10.578420731187812, 10.578420731187812] and parameters: {'k1': 0.03820259936390116, 'D_low': 133.4807155996069, 'k2': 0.02065142557895925, 'D_high': 267.3088310781672, 'fire_exp': 1.111738490499784, 'P_half': 18.93453091519153, 'pre_dampen_half': 9.044346216330972, 'gpp_af': 1.9998014714101113, 'gpp_b': 2.800940363375676e-05, 'gpp_d': 14.427333163005196, 'ign_k': 2.3805746020770413, 'ign_c': 1.488823059798356, 'trop_agb_crit': 1.0189592979395135, 'trop_k_veg': 1.6003641872536711, 'fire_amp': 2.6192385880432525}.
[I 2026-06-10 19:31:59,693] Trial 509 finished with values: [11.884558862671373, 11.884558862671373] and parameters: {'k1': 0.03820259936390116, 'D_low': 37.13474360443033, 'k2': 0.02065142557895925, 'D_high': 18108.14362107968, 'fire_exp': 1.233919071594971, 'P_half': 70.91190338709636, 'pre_dampen_half': 269.0845367054866, 'gpp_af': 56.62858823465573, 'gpp_b': 2.800940363375676e-05, 'gpp_d': 14.427333163005196, 'ign_k': 0.06219881174029358, 'ign_c': 1.3431925993528124, 'trop_agb_crit': 6.351751286408562, 'trop_k_veg': 4.796046723963646, 'fire_amp': 3.890668402773863}.
[I 2026-06-10 19:32:01,100] Trial 510 finished with values: [10.490479313597502, 10.490479313597502] and parameters: {'k1': 5.7909642338812115e-05, 'D_low': 5.08290658294838, 'k2': 0.005204862686958021, 'D_high': 48235.58283024493, 'fire_exp': 1.7505406131449859, 'P_half': 18.93453091519153, 'pre_dampen_half': 9.044346216330972, 'gpp_af': 56.62858823465573, 'gpp_b': 2.800940363375676e-05, 'gpp_d': 1.4397852866783676, 'ign_k': 0.06219881174029358, 'ign_c': 2.2882309479728957, 'trop_agb_crit': 1.0189592979395135, 'trop_k_veg': 4.667598965682156, 'fire_amp': 2.6192385880432525}.
[I 2026-06-10 19:32:02,498] Trial 511 finished with values: [10.544420827735847, 10.544420827735847] and parameters: {'k1': 0.03648456083047798, 'D_low': 1.605843632310088, 'k2': 2.316457903103837e-05, 'D_high': 24.9899605789089, 'fire_exp': 1.1490848108902036, 'P_half': 996.7983879709292, 'pre_dampen_half': 1.8469033699850426, 'gpp_af': 14.161176080022173, 'gpp_b': 0.0012749409641020352, 'gpp_d': 1.4397852866783676, 'ign_k': 0.13500744867919376, 'ign_c': 0.9736725715035878, 'trop_agb_crit': 3.058280993112277, 'trop_k_veg': 2.99731137426955, 'fire_amp': 5.831305332032283}.
[I 2026-06-10 19:32:03,948] Trial 512 finished with values: [10.072315621104671, 10.072315621104671] and parameters: {'k1': 0.0021949137421473017, 'D_low': 236.79352040223893, 'k2': 0.005204862686958021, 'D_high': 6682.9607218310075, 'fire_exp': 1.233919071594971, 'P_half': 18.93453091519153, 'pre_dampen_half': 9.044346216330972, 'gpp_af': 0.8594202650742228, 'gpp_b': 2.800940363375676e-05, 'gpp_d': 14.427333163005196, 'ign_k': 0.09256855841989636, 'ign_c': 0.773448215664679, 'trop_agb_crit': 6.351751286408562, 'trop_k_veg': 4.796046723963646, 'fire_amp': 2.6192385880432525}.
[I 2026-06-10 19:32:05,295] Trial 513 finished with values: [11.075728019284684, 11.075728019284684] and parameters: {'k1': 0.0869690639641868, 'D_low': 50.32059347286801, 'k2': 0.003767022142229395, 'D_high': 48235.58283024493, 'fire_exp': 1.7505406131449859, 'P_half': 18.93453091519153, 'pre_dampen_half': 38.00678588560607, 'gpp_af': 1.8730788990929563, 'gpp_b': 0.00013164432569139702, 'gpp_d': 21.899070557043984, 'ign_k': 0.0029519227433917453, 'ign_c': 0.773448215664679, 'trop_agb_crit': 21.086120736447015, 'trop_k_veg': 2.520089655463604, 'fire_amp': 5.615047466686494}.
[I 2026-06-10 19:32:06,643] Trial 514 finished with values: [-0.6328229169822475, 0.3929866227025466] and parameters: {'k1': 5.7909642338812115e-05, 'D_low': 1.4002277211577039, 'k2': 0.02065142557895925, 'D_high': 1817.0401889219124, 'fire_exp': 1.111738490499784, 'P_half': 157.3644610977214, 'pre_dampen_half': 189.36639872354493, 'gpp_af': 3.298293484806585, 'gpp_b': 0.002416023630607169, 'gpp_d': 1.0088237648985734, 'ign_k': 0.09256855841989636, 'ign_c': 7.832259769732471, 'trop_agb_crit': 1.8023542850487386, 'trop_k_veg': 5.453348988480011, 'fire_amp': 4.472176921013167}.
[I 2026-06-10 19:32:07,978] Trial 515 finished with values: [10.518815772010983, 10.518815772010983] and parameters: {'k1': 0.0006042560675552671, 'D_low': 2972.248537653567, 'k2': 0.02065142557895925, 'D_high': 1817.0401889219124, 'fire_exp': 1.111738490499784, 'P_half': 5.4712187293420325, 'pre_dampen_half': 189.36639872354493, 'gpp_af': 3.298293484806585, 'gpp_b': 0.002416023630607169, 'gpp_d': 0.26636419343091605, 'ign_k': 0.09256855841989636, 'ign_c': 0.6658322706867178, 'trop_agb_crit': 8.462233625364036, 'trop_k_veg': 5.453348988480011, 'fire_amp': 5.44779717154213}.
[I 2026-06-10 19:32:09,295] Trial 516 finished with values: [10.257667758065642, 10.257667758065642] and parameters: {'k1': 5.7909642338812115e-05, 'D_low': 236.79352040223893, 'k2': 0.02065142557895925, 'D_high': 6682.9607218310075, 'fire_exp': 1.111738490499784, 'P_half': 2.226799690893868, 'pre_dampen_half': 9.044346216330972, 'gpp_af': 0.8594202650742228, 'gpp_b': 0.001674375583895437, 'gpp_d': 1.0088237648985734, 'ign_k': 0.002803357452303278, 'ign_c': 2.2882309479728957, 'trop_agb_crit': 1.0189592979395135, 'trop_k_veg': 2.99731137426955, 'fire_amp': 4.472176921013167}.
[I 2026-06-10 19:32:10,755] Trial 517 finished with values: [10.392849530029999, 10.392849530029999] and parameters: {'k1': 0.0869690639641868, 'D_low': 236.79352040223893, 'k2': 0.005204862686958021, 'D_high': 6682.9607218310075, 'fire_exp': 1.111738490499784, 'P_half': 996.7983879709292, 'pre_dampen_half': 9.044346216330972, 'gpp_af': 0.8594202650742228, 'gpp_b': 0.001674375583895437, 'gpp_d': 1.0088237648985734, 'ign_k': 0.13500744867919376, 'ign_c': 1.364908766641693, 'trop_agb_crit': 8.0091368834625, 'trop_k_veg': 1.056284487623406, 'fire_amp': 2.6192385880432525}.
