[I 2026-08-20 01:29:34,176] Trial 2432 finished with value: -0.5981198882635831 and parameters: {'k1': 0.0007474970885704495, 'D_low': 16.158690175040384, 'k2': 0.009419630554783518, 'D_high': 8225575.51753991, 'fire_exp': 1.785716476053607, 'P_half': 82.48296951780088, 'pre_dampen_half': 4.359940056323877, 'gpp_af': 0.0017625158773622131, 'gpp_b': 1.934039110626413e-05, 'gpp_d': 847.4099245126207, 'ign_k': 0.2674264215506994, 'ign_c': 11.468349959582671, 'trop_agb_crit': 9.861582233988013, 'trop_k_veg': 5.599470923634069, 'pop_amp': 0.0013533212761783562, 'pop_peak': 0.3238353938623172, 'pop_sig': 0.6295553221157473}. Best is trial 1128 with value: -0.620386984093161.
[I 2026-08-20 01:29:35,912] Trial 2433 finished with value: 0.6445374145881376 and parameters: {'k1': 0.008832395118561537, 'D_low': 12665.105116427438, 'k2': 0.0009135032729284691, 'D_high': 359.7169950665677, 'fire_exp': 2.1203463632780224, 'P_half': 4.6988738231059015, 'pre_dampen_half': 0.02538599890787796, 'gpp_af': 0.011897387480384342, 'gpp_b': 0.0001613789743570967, 'gpp_d': 0.029246715594511016, 'ign_k': 1.24885366950931, 'ign_c': 548.5543144606661, 'trop_agb_crit': 1.863292704969452, 'trop_k_veg': 0.8631458729112648, 'pop_amp': 0.04860063878644337, 'pop_peak': 422.80781843204, 'pop_sig': 0.4309459997776962}. Best is trial 1128 with value: -0.620386984093161.
[I 2026-08-20 01:29:37,634] Trial 2434 finished with value: 0.6445374145881376 and parameters: {'k1': 0.004356410027223642, 'D_low': 28007.52236113584, 'k2': 0.004035164558317258, 'D_high': 1522953.5816492934, 'fire_exp': 1.611525464569259, 'P_half': 81.00569062995743, 'pre_dampen_half': 0.6015296284602978, 'gpp_af': 0.0689061906372167, 'gpp_b': 7.019215628874969e-05, 'gpp_d': 382.4007520370748, 'ign_k': 9.12838279150035, 'ign_c': 721.5877104553048, 'trop_agb_crit': 5.07007678649999, 'trop_k_veg': 3.6673292326854385, 'pop_amp': 0.0012773739461639008, 'pop_peak': 0.5921776279093168, 'pop_sig': 0.3024583938080802}. Best is trial 1128 with value: -0.620386984093161.
[I 2026-08-20 01:29:39,404] Trial 2435 finished with value: 0.5192425418203036 and parameters: {'k1': 0.00042282467892426634, 'D_low': 34.43003510359266, 'k2': 0.02572150224508285, 'D_high': 7639759.673132922, 'fire_exp': 2.0800363317811095, 'P_half': 77.95876586872676, 'pre_dampen_half': 0.4967694747284799, 'gpp_af': 0.0015157160719121057, 'gpp_b': 2.669123316039734e-05, 'gpp_d': 672.4130576323867, 'ign_k': 0.12544311734477204, 'ign_c': 8.78073549944714, 'trop_agb_crit': 8.892403356393936, 'trop_k_veg': 4.972017502821581, 'pop_amp': 0.002655309791992315, 'pop_peak': 4.456313418227636, 'pop_sig': 0.8396882903315016}. Best is trial 1128 with value: -0.620386984093161.
[I 2026-08-20 01:29:41,109] Trial 2436 finished with value: 0.46741088482333315 and parameters: {'k1': 0.0009345195017131511, 'D_low': 6.757939747677993, 'k2': 0.0036724680050826686, 'D_high': 9580063.532775678, 'fire_exp': 1.4801775008323876, 'P_half': 28.37389554533915, 'pre_dampen_half': 165.97499269080052, 'gpp_af': 0.01717294884307322, 'gpp_b': 2.9294736070095352e-05, 'gpp_d': 23.112268490846272, 'ign_k': 4.172204536078115, 'ign_c': 17.354041815746424, 'trop_agb_crit': 6.670545178164027, 'trop_k_veg': 1.5411313967066147, 'pop_amp': 0.009761836674037435, 'pop_peak': 0.3336337324425648, 'pop_sig': 0.2776486716951598}. Best is trial 1128 with value: -0.620386984093161.
[I 2026-08-20 01:29:42,784] Trial 2437 finished with value: 0.4076208561148147 and parameters: {'k1': 6.179648464493973e-05, 'D_low': 82.41692912927012, 'k2': 0.00634565072544961, 'D_high': 2044784.8238000085, 'fire_exp': 1.371090776579826, 'P_half': 24.860281062663567, 'pre_dampen_half': 7.29420030750031, 'gpp_af': 0.0028651854464997214, 'gpp_b': 9.841165851698393e-05, 'gpp_d': 41.332447845710675, 'ign_k': 0.9245223609910335, 'ign_c': 10.276529521944735, 'trop_agb_crit': 19.6874570485738, 'trop_k_veg': 6.60810524560642, 'pop_amp': 0.0015712168739073602, 'pop_peak': 0.8190240884643347, 'pop_sig': 0.7831617217810583}. Best is trial 1128 with value: -0.620386984093161.
[I 2026-08-20 01:29:44,542] Trial 2438 finished with value: 0.6501058690316076 and parameters: {'k1': 0.0004652740430091253, 'D_low': 13.199788667456602, 'k2': 0.0015401297318587612, 'D_high': 6101007.6711860215, 'fire_exp': 2.438856260759266, 'P_half': 55.963410417085996, 'pre_dampen_half': 5.519684502885364, 'gpp_af': 0.002725950811506546, 'gpp_b': 0.0001976505103261229, 'gpp_d': 403.6315567273346, 'ign_k': 0.8863193872848885, 'ign_c': 43.60959287094454, 'trop_agb_crit': 7.429978812861782, 'trop_k_veg': 3.375234364815657, 'pop_amp': 0.0014903559318834802, 'pop_peak': 0.11088743483530071, 'pop_sig': 0.46186808089316345}. Best is trial 1128 with value: -0.620386984093161.
[I 2026-08-20 01:29:46,345] Trial 2439 finished with value: 0.5759703942420165 and parameters: {'k1': 0.00020169081188228506, 'D_low': 11.356439529539104, 'k2': 0.050651273599455135, 'D_high': 416271.32955106796, 'fire_exp': 2.388974385111445, 'P_half': 2.093377662165508, 'pre_dampen_half': 0.07272753094411792, 'gpp_af': 0.04774437444757412, 'gpp_b': 0.00010980664416908497, 'gpp_d': 55.38975997981577, 'ign_k': 0.0766761906964806, 'ign_c': 37.28345118289345, 'trop_agb_crit': 8.238420023898437, 'trop_k_veg': 3.1441176548664713, 'pop_amp': 1.2542331211179285, 'pop_peak': 30.543950910491045, 'pop_sig': 0.4069934407519038}. Best is trial 1128 with value: -0.620386984093161.
[I 2026-08-20 01:29:48,078] Trial 2440 finished with value: 0.5521943228257531 and parameters: {'k1': 0.0695837465941638, 'D_low': 744.8488549734177, 'k2': 0.01181835799640715, 'D_high': 8517441.040369218, 'fire_exp': 2.199675441037537, 'P_half': 1269.2443191545576, 'pre_dampen_half': 72.75824198338819, 'gpp_af': 0.17426800173050971, 'gpp_b': 0.0002355323364787942, 'gpp_d': 0.7517679807493356, 'ign_k': 1.1366688248229473, 'ign_c': 2.8056804571028415, 'trop_agb_crit': 18.917203460103625, 'trop_k_veg': 1.2389826481428248, 'pop_amp': 0.007211884419929552, 'pop_peak': 4.0828445617053015, 'pop_sig': 1.315822966190627}. Best is trial 1128 with value: -0.620386984093161.
[I 2026-08-20 01:29:50,456] Trial 2441 finished with value: -0.5905936727513618 and parameters: {'k1': 0.0007409621047300479, 'D_low': 2928.569721970438, 'k2': 0.004996204250119767, 'D_high': 336683.7985790873, 'fire_exp': 1.409887411672043, 'P_half': 1.873877232714602, 'pre_dampen_half': 1.2145488813517034, 'gpp_af': 0.002473223470951473, 'gpp_b': 0.00014932814233954036, 'gpp_d': 698.5861610898909, 'ign_k': 9.748312146496353, 'ign_c': 1.3719254414160371, 'trop_agb_crit': 5.665241228788699, 'trop_k_veg': 1.4238582903056711, 'pop_amp': 1.633285479780427, 'pop_peak': 17.830016008198104, 'pop_sig': 0.49023141536892156}. Best is trial 1128 with value: -0.620386984093161.
[I 2026-08-20 01:29:52,192] Trial 2442 finished with value: 0.6445191703491273 and parameters: {'k1': 0.0005086977150044138, 'D_low': 2036.7834041219328, 'k2': 0.00013003876935335708, 'D_high': 6064847.565153025, 'fire_exp': 1.094070432043106, 'P_half': 9.04217081964511, 'pre_dampen_half': 0.11978983513335463, 'gpp_af': 0.05972727060295124, 'gpp_b': 7.964235771314626e-05, 'gpp_d': 531.7081191809035, 'ign_k': 4.789251684168727, 'ign_c': 44.590016142306574, 'trop_agb_crit': 10.728048846384102, 'trop_k_veg': 3.159756106384995, 'pop_amp': 0.008984185669136713, 'pop_peak': 0.7108434991257518, 'pop_sig': 0.31649706045770026}. Best is trial 1128 with value: -0.620386984093161.
[I 2026-08-20 01:29:53,900] Trial 2443 finished with value: 0.5298130160856418 and parameters: {'k1': 0.0026280350662963546, 'D_low': 72.0555174318538, 'k2': 0.018874665890322162, 'D_high': 29433.641460511742, 'fire_exp': 2.90960072376614, 'P_half': 144.09868403205877, 'pre_dampen_half': 2.0066646346401344, 'gpp_af': 0.005239281412087733, 'gpp_b': 8.864822919551254e-05, 'gpp_d': 724.6146223387295, 'ign_k': 0.8001385862234587, 'ign_c': 3.6909082447308332, 'trop_agb_crit': 22.93149656583398, 'trop_k_veg': 4.2180911011125986, 'pop_amp': 0.004471961601655194, 'pop_peak': 1.7837185847038286, 'pop_sig': 0.7472895709109459}. Best is trial 1128 with value: -0.620386984093161.
[I 2026-08-20 01:29:55,594] Trial 2444 finished with value: 0.4582371211116335 and parameters: {'k1': 0.0024145870798167914, 'D_low': 7.644625307076474, 'k2': 0.011028933647756077, 'D_high': 628566.0446516026, 'fire_exp': 3.87158762641112, 'P_half': 20.674725073403245, 'pre_dampen_half': 1.213465505146866, 'gpp_af': 0.0036898324440712265, 'gpp_b': 1.1283595050138382e-05, 'gpp_d': 121.58502002637518, 'ign_k': 0.32436034085077775, 'ign_c': 7.806465979204561, 'trop_agb_crit': 8.926822588789971, 'trop_k_veg': 5.438605394731519, 'pop_amp': 0.001994228056362168, 'pop_peak': 0.05328813325906271, 'pop_sig': 0.7738664982494712}. Best is trial 1128 with value: -0.620386984093161.
[I 2026-08-20 01:29:57,362] Trial 2445 finished with value: 0.49953452327525893 and parameters: {'k1': 0.0016914926882613817, 'D_low': 101.46154021644082, 'k2': 0.003202383489396828, 'D_high': 2357928.5979148014, 'fire_exp': 1.010178841937454, 'P_half': 3.9919340838046384, 'pre_dampen_half': 0.022957158192293513, 'gpp_af': 0.047680432558251565, 'gpp_b': 0.00033634261743997886, 'gpp_d': 282.7524623502168, 'ign_k': 0.6333031962241544, 'ign_c': 12.961787745279455, 'trop_agb_crit': 3.317207974335526, 'trop_k_veg': 4.2747008952119, 'pop_amp': 0.8881851080360895, 'pop_peak': 0.11422959229482334, 'pop_sig': 0.3290306855560389}. Best is trial 1128 with value: -0.620386984093161.
[I 2026-08-20 01:29:59,032] Trial 2446 finished with value: 0.5590022913732846 and parameters: {'k1': 0.00036363492856882117, 'D_low': 1.7839673175935344, 'k2': 0.0038996174559479822, 'D_high': 603793.0666180227, 'fire_exp': 3.2071920515080508, 'P_half': 255.72494798765857, 'pre_dampen_half': 1.1831118402416139, 'gpp_af': 0.0012650801431576505, 'gpp_b': 0.00014302381601405192, 'gpp_d': 235.2913130472211, 'ign_k': 0.28284585836374665, 'ign_c': 15.324536439446735, 'trop_agb_crit': 11.709387854855766, 'trop_k_veg': 0.603560692433637, 'pop_amp': 0.5077514883313515, 'pop_peak': 15.737317958259675, 'pop_sig': 0.9302867785179223}. Best is trial 1128 with value: -0.620386984093161.
[I 2026-08-20 01:30:00,863] Trial 2447 finished with value: 0.5708551064390803 and parameters: {'k1': 0.0003080494011365453, 'D_low': 701.5127236729236, 'k2': 0.0025715926574424973, 'D_high': 749963.0345156636, 'fire_exp': 5.196402663625382, 'P_half': 1016.500520966098, 'pre_dampen_half': 3.0983588479317437, 'gpp_af': 5.9486970651570115, 'gpp_b': 0.011620299369398636, 'gpp_d': 162.62868593941096, 'ign_k': 0.21495384662250985, 'ign_c': 0.5144238525297639, 'trop_agb_crit': 7.469259362959937, 'trop_k_veg': 3.836263878593976, 'pop_amp': 3.5392197162454275, 'pop_peak': 3.6029846364148534, 'pop_sig': 1.671489375334354}. Best is trial 1128 with value: -0.620386984093161.
[I 2026-08-20 01:30:02,723] Trial 2448 finished with value: 0.43162988824324877 and parameters: {'k1': 0.0023187018031673562, 'D_low': 1720.7770383653242, 'k2': 0.0011012744091120257, 'D_high': 9746604.815423094, 'fire_exp': 1.6467749833420433, 'P_half': 50.73203821879205, 'pre_dampen_half': 84.30419160475212, 'gpp_af': 0.008718088863934272, 'gpp_b': 0.00024057411997633149, 'gpp_d': 0.8356656095480751, 'ign_k': 7.06120646696167, 'ign_c': 14.807978389458277, 'trop_agb_crit': 16.09659902260946, 'trop_k_veg': 2.072404836413433, 'pop_amp': 0.0072307404581249055, 'pop_peak': 12.261016279850141, 'pop_sig': 0.8442818636848093}. Best is trial 1128 with value: -0.620386984093161.
[I 2026-08-20 01:30:04,497] Trial 2449 finished with value: -0.49267176361077514 and parameters: {'k1': 0.005283199846500202, 'D_low': 105.30113257288345, 'k2': 0.001650808959390396, 'D_high': 11335.177422894938, 'fire_exp': 2.682227680076979, 'P_half': 39.60844379191122, 'pre_dampen_half': 868.1290403193798, 'gpp_af': 0.004130210792754975, 'gpp_b': 1.4946758695421565e-05, 'gpp_d': 49.41898763901222, 'ign_k': 0.06604757154142804, 'ign_c': 0.5533459969585609, 'trop_agb_crit': 7.881106902788955, 'trop_k_veg': 6.14067243400419, 'pop_amp': 0.007145027833488074, 'pop_peak': 0.1655139303709282, 'pop_sig': 1.092151656846049}. Best is trial 1128 with value: -0.620386984093161.
[I 2026-08-20 01:30:06,329] Trial 2450 finished with value: 0.4209524909161333 and parameters: {'k1': 0.00024362335269053324, 'D_low': 39.85487769490096, 'k2': 0.0351175614257593, 'D_high': 701293.0982083916, 'fire_exp': 2.612702975538274, 'P_half': 3.342124385347444, 'pre_dampen_half': 0.9333963026218182, 'gpp_af': 0.015751262802694434, 'gpp_b': 0.006644537571980366, 'gpp_d': 235.2275815484838, 'ign_k': 0.5708940816339407, 'ign_c': 9.928225002427832, 'trop_agb_crit': 7.41715075460509, 'trop_k_veg': 3.650076731234091, 'pop_amp': 3.548267496539565, 'pop_peak': 20.617753518816098, 'pop_sig': 2.2519112882524484}. Best is trial 1128 with value: -0.620386984093161.
[I 2026-08-20 01:30:08,118] Trial 2451 finished with value: 0.6445374145881376 and parameters: {'k1': 0.0012313604507958567, 'D_low': 407158.980023679, 'k2': 0.004401809739015809, 'D_high': 81.4653172136177, 'fire_exp': 4.658126551377286, 'P_half': 54.97882621930456, 'pre_dampen_half': 11.411921347508876, 'gpp_af': 0.03767104531253799, 'gpp_b': 0.0015299817734903565, 'gpp_d': 2.6207639623644843, 'ign_k': 0.023364362865910315, 'ign_c': 17.331209506985147, 'trop_agb_crit': 1.3438385118747318, 'trop_k_veg': 2.2350368998225134, 'pop_amp': 0.2011744486452657, 'pop_peak': 3.7315018038051844, 'pop_sig': 0.443814687836629}. Best is trial 1128 with value: -0.620386984093161.
[I 2026-08-20 01:30:09,882] Trial 2452 finished with value: 0.5481171846443307 and parameters: {'k1': 0.0008966189545308225, 'D_low': 9.447135963210549, 'k2': 0.009156958507964254, 'D_high': 2964026.3117412203, 'fire_exp': 1.5084941051932281, 'P_half': 3052.685003815329, 'pre_dampen_half': 7.999071149841821, 'gpp_af': 0.2495110657339511, 'gpp_b': 2.027937886616393e-05, 'gpp_d': 686.0614735690978, 'ign_k': 0.9953450550698726, 'ign_c': 0.46011567977544326, 'trop_agb_crit': 8.21980476637763, 'trop_k_veg': 7.970986549607528, 'pop_amp': 0.0023906699377639596, 'pop_peak': 0.8671385116893158, 'pop_sig': 0.9451800902239991}. Best is trial 1128 with value: -0.620386984093161.
[I 2026-08-20 01:30:12,320] Trial 2453 finished with value: 0.4318216279141496 and parameters: {'k1': 0.0008212731878526529, 'D_low': 9.007182574606412, 'k2': 0.00020676537504455672, 'D_high': 962566.9725661152, 'fire_exp': 2.3266189141485722, 'P_half': 129.9204403453036, 'pre_dampen_half': 258.75688152239013, 'gpp_af': 0.056458440180729694, 'gpp_b': 1.5073647353911602e-05, 'gpp_d': 121.1597694264489, 'ign_k': 0.5648616163129446, 'ign_c': 9.039566397743728, 'trop_agb_crit': 12.011653732618353, 'trop_k_veg': 3.513610685738355, 'pop_amp': 0.0017468793043632623, 'pop_peak': 0.13194913459503232, 'pop_sig': 0.3316902618768763}. Best is trial 1128 with value: -0.620386984093161.
[I 2026-08-20 01:30:14,040] Trial 2454 finished with value: 0.521791770699562 and parameters: {'k1': 0.0004942406409107595, 'D_low': 5.097117226570013, 'k2': 0.037813093035958624, 'D_high': 6038.081582303307, 'fire_exp': 1.6027796520582391, 'P_half': 6.267015586604686, 'pre_dampen_half': 1.9055035455399458, 'gpp_af': 0.14558230277651518, 'gpp_b': 0.0003790732348769278, 'gpp_d': 120.25099409971484, 'ign_k': 0.04119886207909719, 'ign_c': 2.360200501747723, 'trop_agb_crit': 9.971240700861827, 'trop_k_veg': 1.1864353940701113, 'pop_amp': 14.459796097844459, 'pop_peak': 151.12106662498644, 'pop_sig': 1.251441656382559}. Best is trial 1128 with value: -0.620386984093161.
[I 2026-08-20 01:30:15,752] Trial 2455 finished with value: -0.5793985651556538 and parameters: {'k1': 0.000598866264345169, 'D_low': 2575.5645436355517, 'k2': 0.0011413477747486995, 'D_high': 8242619.142554571, 'fire_exp': 2.686712393105155, 'P_half': 278.76077006390955, 'pre_dampen_half': 3.785655334887842, 'gpp_af': 0.0010423616343762032, 'gpp_b': 0.00011653408183956078, 'gpp_d': 0.07892206719699899, 'ign_k': 9.781602114984187, 'ign_c': 0.5116596082271937, 'trop_agb_crit': 2.119635263423914, 'trop_k_veg': 6.0809260583679565, 'pop_amp': 5.233182551935985, 'pop_peak': 57.25563009795623, 'pop_sig': 1.3340525742848754}. Best is trial 1128 with value: -0.620386984093161.
[I 2026-08-20 01:30:17,449] Trial 2456 finished with value: 0.643814225637209 and parameters: {'k1': 0.00042169799147664786, 'D_low': 5483.876039106215, 'k2': 0.010155576991362934, 'D_high': 359.9480729685807, 'fire_exp': 2.3066236534023257, 'P_half': 1002.484794191863, 'pre_dampen_half': 33.682491319518206, 'gpp_af': 34.22032461131683, 'gpp_b': 3.523877644460349e-05, 'gpp_d': 0.010131612472718885, 'ign_k': 0.0011130569225580006, 'ign_c': 0.17024185003575684, 'trop_agb_crit': 18.104691294724187, 'trop_k_veg': 2.3615589525901264, 'pop_amp': 0.015651173245375703, 'pop_peak': 2.27660746020296, 'pop_sig': 1.5763753324636973}. Best is trial 1128 with value: -0.620386984093161.
[I 2026-08-20 01:30:19,167] Trial 2457 finished with value: 0.6445374145881376 and parameters: {'k1': 0.00025715444282335047, 'D_low': 3410.4862726880515, 'k2': 0.003820318078825595, 'D_high': 5972766.349598483, 'fire_exp': 1.3157471748066354, 'P_half': 5.861887884494199, 'pre_dampen_half': 99.54447639060803, 'gpp_af': 0.0010630866650639995, 'gpp_b': 0.0004966796669597786, 'gpp_d': 171.6093086264816, 'ign_k': 8.567981710306674, 'ign_c': 56.472381396859326, 'trop_agb_crit': 23.523987808908565, 'trop_k_veg': 2.114022384915666, 'pop_amp': 0.021777949102177185, 'pop_peak': 0.1089595295643551, 'pop_sig': 0.2751566074561805}. Best is trial 1128 with value: -0.620386984093161.
[I 2026-08-20 01:30:20,974] Trial 2458 finished with value: 0.6445374145881376 and parameters: {'k1': 0.0007323824849781821, 'D_low': 183.12517026872078, 'k2': 0.00044924255735179095, 'D_high': 7870387.933388285, 'fire_exp': 3.213265284255554, 'P_half': 4.6647933149993515, 'pre_dampen_half': 0.4347951643992542, 'gpp_af': 0.00895864549282075, 'gpp_b': 5.337957035469933e-05, 'gpp_d': 913.0598077738721, 'ign_k': 9.717962722698395, 'ign_c': 52.480105382018714, 'trop_agb_crit': 3.723058814631633, 'trop_k_veg': 4.007726411493119, 'pop_amp': 0.13456146624692558, 'pop_peak': 0.26867142797775645, 'pop_sig': 0.5283384216283249}. Best is trial 1128 with value: -0.620386984093161.
[I 2026-08-20 01:30:22,730] Trial 2459 finished with value: 0.6445374145881376 and parameters: {'k1': 0.0012670733225261684, 'D_low': 40.77974305870366, 'k2': 7.749878598079122e-05, 'D_high': 790947.2606212064, 'fire_exp': 2.6671692230418427, 'P_half': 44.08046285519395, 'pre_dampen_half': 6.601465517402657, 'gpp_af': 0.009715822170929454, 'gpp_b': 1.4382850746950391e-05, 'gpp_d': 44.118998916489005, 'ign_k': 1.7324625944507974, 'ign_c': 638.9365945486892, 'trop_agb_crit': 11.34880329237666, 'trop_k_veg': 6.240649221989011, 'pop_amp': 0.00971046616149079, 'pop_peak': 2.555349776168802, 'pop_sig': 0.774108538943437}. Best is trial 1128 with value: -0.620386984093161.
[I 2026-08-20 01:30:24,484] Trial 2460 finished with value: -0.5987719106560685 and parameters: {'k1': 0.00013376323474414655, 'D_low': 279.0282835720098, 'k2': 0.011812983677405646, 'D_high': 3911701.6247361316, 'fire_exp': 2.0519768095941058, 'P_half': 2899.5888441320835, 'pre_dampen_half': 37.074240017863495, 'gpp_af': 0.034461186912252056, 'gpp_b': 1.8790542468548344e-05, 'gpp_d': 1.237972483420408, 'ign_k': 7.750574351692709, 'ign_c': 0.13215536685724452, 'trop_agb_crit': 1.571914092041338, 'trop_k_veg': 3.8327371899930642, 'pop_amp': 10.269493129513096, 'pop_peak': 23.645744196381678, 'pop_sig': 2.4892583640462305}. Best is trial 1128 with value: -0.620386984093161.
[I 2026-08-20 01:30:26,307] Trial 2461 finished with value: 0.543686174439235 and parameters: {'k1': 0.0020048800965594186, 'D_low': 34.654019769412116, 'k2': 0.008331689715077679, 'D_high': 6907334.057581351, 'fire_exp': 1.3812255787334156, 'P_half': 6090.653001059004, 'pre_dampen_half': 9.477245170727233, 'gpp_af': 0.008435441546099893, 'gpp_b': 3.814929994516807e-05, 'gpp_d': 0.466135473982055, 'ign_k': 3.3414988487680026, 'ign_c': 0.32272624973092806, 'trop_agb_crit': 1.523559352007531, 'trop_k_veg': 3.269472167971443, 'pop_amp': 1.1555778297648307, 'pop_peak': 6.6285426767430495, 'pop_sig': 2.1576622229585025}. Best is trial 1128 with value: -0.620386984093161.
[I 2026-08-20 01:30:28,137] Trial 2462 finished with value: 0.4279016045615327 and parameters: {'k1': 1.0770822065518333e-05, 'D_low': 167.9669380044152, 'k2': 0.0014802567652974238, 'D_high': 3011729.4781101854, 'fire_exp': 1.3086798283091126, 'P_half': 2432.7923495990335, 'pre_dampen_half': 152.56201364036244, 'gpp_af': 0.014792257041551009, 'gpp_b': 2.117093658675303e-05, 'gpp_d': 32.76252899345822, 'ign_k': 5.290707264591021, 'ign_c': 0.10640686496384866, 'trop_agb_crit': 1.6666404109960609, 'trop_k_veg': 4.999815576170629, 'pop_amp': 2.6316200396860205, 'pop_peak': 143.40115623816007, 'pop_sig': 2.4001220454484176}. Best is trial 1128 with value: -0.620386984093161.
[I 2026-08-20 01:30:30,046] Trial 2463 finished with value: 0.42386088649065135 and parameters: {'k1': 0.004940526001081929, 'D_low': 6.747558638236745, 'k2': 0.00016338756858717805, 'D_high': 292021.68573658983, 'fire_exp': 1.6618179830216806, 'P_half': 172.9312458945602, 'pre_dampen_half': 36.80765702730688, 'gpp_af': 0.00514262817540793, 'gpp_b': 1.3765855853180296e-05, 'gpp_d': 948.3178343988446, 'ign_k': 6.1149574560680335, 'ign_c': 8.60708377396446, 'trop_agb_crit': 7.864842443273502, 'trop_k_veg': 2.237585748597596, 'pop_amp': 0.01854680866089344, 'pop_peak': 4.688724949668829, 'pop_sig': 1.8873467713758953}. Best is trial 1128 with value: -0.620386984093161.
