[I 2026-06-09 12:53:20,648] Trial 2499 finished with values: [11.585220853721996, 11.585220853721996] and parameters: {'k1': 0.01549659926581634, 'D_low': 1.254144753902608, 'k2': 0.0005700142105246941, 'D_high': 39655.03094323017, 'fire_exp': 2.10707132280748, 'P_half': 28.647019533509873, 'pre_dampen_half': 103.02162547570735, 'gpp_af': 1.3218737536384089, 'gpp_b': 0.00015304633681488832, 'gpp_d': 26.003623362924223, 'ign_k': 3.1536006085184716, 'ign_c': 2.5239580778931354, 'trop_agb_crit': 1.5144860262751405, 'trop_k_veg': 2.1288004557592703}.
[setup] CRUJRA climate from data/crujra/, GPP from global_baseline_modelC_inputs_1997-2016.nc ...
[setup] loading GFED5 reference from burntArea.nc ...
[setup] land cells (GFED5 burnable): 13916 / 64800 (21.5%)
[setup] GFED5 land-mean monthly frac: 0.005068
[opt] warm-start from params.tropfix2.k4.json
[warm] Overall=0.6090  bias=0.6855 rmse=0.3698 seas=0.8286 spatial=0.7914
[opt] sampler=NSGAIISampler seed=42
[opt] running 2500 trials against GFED5 ...
  trial   20/2500  pareto_size=1  best_ilamb=0.6090  (0.3 min)
  trial   39/2500  pareto_size=1  best_ilamb=0.6090  (0.7 min)
  trial   58/2500  pareto_size=1  best_ilamb=0.6090  (1.0 min)
  trial   78/2500  pareto_size=1  best_ilamb=0.5377  (1.4 min)
  trial   97/2500  pareto_size=1  best_ilamb=0.5377  (1.7 min)
  trial  116/2500  pareto_size=1  best_ilamb=0.5377  (2.0 min)
  trial  133/2500  pareto_size=1  best_ilamb=0.5377  (2.4 min)
  trial  151/2500  pareto_size=1  best_ilamb=0.5377  (2.7 min)
  trial  166/2500  pareto_size=1  best_ilamb=0.5377  (3.1 min)
  trial  182/2500  pareto_size=1  best_ilamb=0.5377  (3.4 min)
  trial  198/2500  pareto_size=1  best_ilamb=0.5377  (3.8 min)
  trial  214/2500  pareto_size=1  best_ilamb=0.5377  (4.1 min)
  trial  231/2500  pareto_size=2  best_ilamb=0.5377  (4.5 min)
  trial  247/2500  pareto_size=2  best_ilamb=0.5377  (4.8 min)
  trial  263/2500  pareto_size=2  best_ilamb=0.5377  (5.2 min)
  trial  278/2500  pareto_size=2  best_ilamb=0.5377  (5.5 min)
  trial  293/2500  pareto_size=2  best_ilamb=0.5377  (5.9 min)
  trial  306/2500  pareto_size=2  best_ilamb=0.5377  (6.2 min)
  trial  318/2500  pareto_size=2  best_ilamb=0.5377  (6.6 min)
  trial  332/2500  pareto_size=3  best_ilamb=0.5377  (6.9 min)
  trial  347/2500  pareto_size=3  best_ilamb=0.5377  (7.3 min)
  trial  362/2500  pareto_size=3  best_ilamb=0.5377  (7.6 min)
  trial  377/2500  pareto_size=2  best_ilamb=0.5377  (7.9 min)
  trial  393/2500  pareto_size=2  best_ilamb=0.5377  (8.3 min)
  trial  409/2500  pareto_size=2  best_ilamb=0.5377  (8.6 min)
  trial  426/2500  pareto_size=2  best_ilamb=0.5377  (9.0 min)
  trial  443/2500  pareto_size=1  best_ilamb=0.5725  (9.3 min)
  trial  460/2500  pareto_size=1  best_ilamb=0.5725  (9.7 min)
  trial  477/2500  pareto_size=1  best_ilamb=0.5725  (10.0 min)
  trial  493/2500  pareto_size=1  best_ilamb=0.5725  (10.4 min)
  trial  510/2500  pareto_size=1  best_ilamb=0.5725  (10.7 min)
  trial  528/2500  pareto_size=2  best_ilamb=0.5725  (11.1 min)
  trial  546/2500  pareto_size=2  best_ilamb=0.5725  (11.4 min)
  trial  563/2500  pareto_size=2  best_ilamb=0.5725  (11.8 min)
  trial  580/2500  pareto_size=2  best_ilamb=0.5725  (12.1 min)
  trial  597/2500  pareto_size=2  best_ilamb=0.5725  (12.5 min)
  trial  614/2500  pareto_size=3  best_ilamb=0.5725  (12.8 min)
  trial  630/2500  pareto_size=3  best_ilamb=0.5725  (13.2 min)
  trial  647/2500  pareto_size=4  best_ilamb=0.5871  (13.5 min)
  trial  664/2500  pareto_size=5  best_ilamb=0.5871  (13.9 min)
  trial  682/2500  pareto_size=5  best_ilamb=0.5871  (14.2 min)
  trial  699/2500  pareto_size=5  best_ilamb=0.5871  (14.5 min)
  trial  716/2500  pareto_size=5  best_ilamb=0.5871  (14.9 min)
  trial  733/2500  pareto_size=6  best_ilamb=0.5871  (15.2 min)
  trial  749/2500  pareto_size=6  best_ilamb=0.5871  (15.6 min)
  trial  766/2500  pareto_size=6  best_ilamb=0.5871  (16.0 min)
  trial  783/2500  pareto_size=6  best_ilamb=0.5871  (16.3 min)
  trial  801/2500  pareto_size=6  best_ilamb=0.5871  (16.7 min)
  trial  819/2500  pareto_size=7  best_ilamb=0.5871  (17.0 min)
  trial  837/2500  pareto_size=7  best_ilamb=0.5871  (17.3 min)
  trial  854/2500  pareto_size=8  best_ilamb=0.5871  (17.7 min)
  trial  866/2500  pareto_size=8  best_ilamb=0.5871  (18.1 min)
  trial  878/2500  pareto_size=8  best_ilamb=0.5871  (18.4 min)
  trial  888/2500  pareto_size=8  best_ilamb=0.5871  (18.7 min)
  trial  898/2500  pareto_size=8  best_ilamb=0.5871  (19.1 min)
  trial  909/2500  pareto_size=9  best_ilamb=0.5871  (19.5 min)
  trial  924/2500  pareto_size=9  best_ilamb=0.5871  (19.8 min)
  trial  942/2500  pareto_size=9  best_ilamb=0.5871  (20.2 min)
  trial  959/2500  pareto_size=6  best_ilamb=0.5871  (20.5 min)
  trial  976/2500  pareto_size=7  best_ilamb=0.5871  (20.8 min)
  trial  993/2500  pareto_size=8  best_ilamb=0.5871  (21.2 min)
  trial 1010/2500  pareto_size=8  best_ilamb=0.5871  (21.6 min)
  trial 1027/2500  pareto_size=8  best_ilamb=0.5871  (21.9 min)
  trial 1045/2500  pareto_size=9  best_ilamb=0.5906  (22.3 min)
  trial 1062/2500  pareto_size=8  best_ilamb=0.5906  (22.6 min)
  trial 1079/2500  pareto_size=8  best_ilamb=0.5906  (23.0 min)
  trial 1096/2500  pareto_size=8  best_ilamb=0.5906  (23.3 min)
  trial 1112/2500  pareto_size=8  best_ilamb=0.5906  (23.7 min)
  trial 1129/2500  pareto_size=9  best_ilamb=0.5906  (24.0 min)
  trial 1146/2500  pareto_size=9  best_ilamb=0.5906  (24.4 min)
  trial 1164/2500  pareto_size=10  best_ilamb=0.5906  (24.7 min)
  trial 1182/2500  pareto_size=10  best_ilamb=0.5906  (25.1 min)
  trial 1199/2500  pareto_size=11  best_ilamb=0.5906  (25.4 min)
  trial 1216/2500  pareto_size=11  best_ilamb=0.5906  (25.8 min)
  trial 1233/2500  pareto_size=11  best_ilamb=0.5906  (26.1 min)
  trial 1249/2500  pareto_size=12  best_ilamb=0.5906  (26.5 min)
  trial 1266/2500  pareto_size=5  best_ilamb=0.5906  (26.8 min)
  trial 1284/2500  pareto_size=5  best_ilamb=0.5906  (27.2 min)
  trial 1302/2500  pareto_size=5  best_ilamb=0.5906  (27.5 min)
  trial 1319/2500  pareto_size=5  best_ilamb=0.5906  (27.9 min)
  trial 1336/2500  pareto_size=5  best_ilamb=0.5906  (28.2 min)
  trial 1353/2500  pareto_size=6  best_ilamb=0.5906  (28.6 min)
  trial 1370/2500  pareto_size=5  best_ilamb=0.5906  (28.9 min)
  trial 1388/2500  pareto_size=5  best_ilamb=0.5906  (29.3 min)
  trial 1406/2500  pareto_size=5  best_ilamb=0.5906  (29.7 min)
  trial 1423/2500  pareto_size=5  best_ilamb=0.5906  (30.0 min)
  trial 1440/2500  pareto_size=5  best_ilamb=0.5906  (30.4 min)
  trial 1456/2500  pareto_size=6  best_ilamb=0.5906  (30.7 min)
  trial 1473/2500  pareto_size=7  best_ilamb=0.5906  (31.1 min)
  trial 1491/2500  pareto_size=5  best_ilamb=0.5906  (31.4 min)
  trial 1508/2500  pareto_size=5  best_ilamb=0.5906  (31.8 min)
  trial 1525/2500  pareto_size=5  best_ilamb=0.5906  (32.1 min)
  trial 1542/2500  pareto_size=5  best_ilamb=0.5906  (32.5 min)
  trial 1558/2500  pareto_size=5  best_ilamb=0.5906  (32.8 min)
  trial 1575/2500  pareto_size=5  best_ilamb=0.5906  (33.2 min)
  trial 1591/2500  pareto_size=5  best_ilamb=0.5906  (33.5 min)
  trial 1608/2500  pareto_size=5  best_ilamb=0.5906  (33.9 min)
  trial 1625/2500  pareto_size=5  best_ilamb=0.5906  (34.2 min)
  trial 1642/2500  pareto_size=5  best_ilamb=0.5906  (34.6 min)
  trial 1659/2500  pareto_size=5  best_ilamb=0.5906  (35.0 min)
  trial 1677/2500  pareto_size=6  best_ilamb=0.5906  (35.3 min)
  trial 1695/2500  pareto_size=6  best_ilamb=0.5906  (35.7 min)
  trial 1712/2500  pareto_size=4  best_ilamb=0.5906  (36.0 min)
  trial 1727/2500  pareto_size=5  best_ilamb=0.5906  (36.4 min)
  trial 1738/2500  pareto_size=6  best_ilamb=0.5917  (36.8 min)
  trial 1749/2500  pareto_size=6  best_ilamb=0.5917  (37.1 min)
  trial 1760/2500  pareto_size=6  best_ilamb=0.5917  (37.5 min)
  trial 1771/2500  pareto_size=6  best_ilamb=0.5917  (37.9 min)
  trial 1786/2500  pareto_size=3  best_ilamb=0.5945  (38.2 min)
  trial 1803/2500  pareto_size=3  best_ilamb=0.5945  (38.6 min)
  trial 1821/2500  pareto_size=3  best_ilamb=0.5945  (38.9 min)
  trial 1837/2500  pareto_size=4  best_ilamb=0.5990  (39.3 min)
  trial 1857/2500  pareto_size=4  best_ilamb=0.5990  (39.6 min)
  trial 1877/2500  pareto_size=4  best_ilamb=0.5990  (40.0 min)
  trial 1897/2500  pareto_size=4  best_ilamb=0.5990  (40.3 min)
  trial 1917/2500  pareto_size=3  best_ilamb=0.5990  (40.7 min)
  trial 1936/2500  pareto_size=3  best_ilamb=0.5990  (41.0 min)
  trial 1956/2500  pareto_size=4  best_ilamb=0.5990  (41.4 min)
  trial 1975/2500  pareto_size=4  best_ilamb=0.5990  (41.7 min)
  trial 1994/2500  pareto_size=5  best_ilamb=0.5990  (42.1 min)
  trial 2013/2500  pareto_size=5  best_ilamb=0.5990  (42.4 min)
  trial 2032/2500  pareto_size=5  best_ilamb=0.5990  (42.8 min)
  trial 2051/2500  pareto_size=5  best_ilamb=0.5990  (43.1 min)
  trial 2069/2500  pareto_size=5  best_ilamb=0.5990  (43.5 min)
  trial 2088/2500  pareto_size=6  best_ilamb=0.5990  (43.8 min)
  trial 2106/2500  pareto_size=6  best_ilamb=0.5990  (44.2 min)
  trial 2124/2500  pareto_size=6  best_ilamb=0.5990  (44.6 min)
  trial 2141/2500  pareto_size=7  best_ilamb=0.5990  (44.9 min)
  trial 2159/2500  pareto_size=7  best_ilamb=0.5990  (45.3 min)
  trial 2175/2500  pareto_size=7  best_ilamb=0.5990  (45.6 min)
  trial 2194/2500  pareto_size=7  best_ilamb=0.5990  (46.0 min)
  trial 2212/2500  pareto_size=7  best_ilamb=0.5990  (46.3 min)
  trial 2231/2500  pareto_size=7  best_ilamb=0.5990  (46.7 min)
  trial 2250/2500  pareto_size=7  best_ilamb=0.5990  (47.0 min)
  trial 2269/2500  pareto_size=4  best_ilamb=0.6019  (47.4 min)
  trial 2288/2500  pareto_size=4  best_ilamb=0.6019  (47.7 min)
  trial 2307/2500  pareto_size=4  best_ilamb=0.6019  (48.1 min)
  trial 2325/2500  pareto_size=4  best_ilamb=0.6019  (48.4 min)
  trial 2343/2500  pareto_size=4  best_ilamb=0.6019  (48.8 min)
  trial 2357/2500  pareto_size=5  best_ilamb=0.6019  (49.2 min)
  trial 2375/2500  pareto_size=5  best_ilamb=0.6019  (49.5 min)
  trial 2393/2500  pareto_size=5  best_ilamb=0.6019  (49.9 min)
  trial 2410/2500  pareto_size=5  best_ilamb=0.6019  (50.2 min)
  trial 2428/2500  pareto_size=5  best_ilamb=0.6019  (50.6 min)
  trial 2447/2500  pareto_size=6  best_ilamb=0.6034  (51.0 min)
  trial 2464/2500  pareto_size=6  best_ilamb=0.6034  (51.3 min)
  trial 2474/2500  pareto_size=6  best_ilamb=0.6034  (51.7 min)
  trial 2484/2500  pareto_size=6  best_ilamb=0.6034  (52.1 min)
  trial 2493/2500  pareto_size=6  best_ilamb=0.6034  (52.5 min)

[done] 2500 trials in 52.7 min
[pareto] 6 non-dominated trials, 6 with fp_score >= 0.85
[chosen] trial 2438: ILAMB=0.6034  fp_score=0.9307  ratio=1.11
[best] Bias=0.6739  RMSE=0.3799  Seas=0.8212  Spatial=0.7622  Overall=0.6034
[diag] raw rate land-mean (yr^-1): 0.06896  (target ~ 0.06082)
[write] D:\FIRE_OFFLINE\models\C\params.seasonal.json
[write] D:\FIRE_OFFLINE\ilamb\MODELS\ED-ModelC-final\burntArea.seasonal.nc  (8.5 MB)

[FIX2] dumping top-6 Pareto candidates -> D:\FIRE_OFFLINE\ilamb\MODELS_TOPK_seasonal
  k1: trial 2438  internal_overall=0.6034  fp=0.931  ratio=1.11
  k2: trial 2260  internal_overall=0.6019  fp=0.970  ratio=0.95
  k3: trial 1904  internal_overall=0.5931  fp=0.971  ratio=0.97
  k4: trial 2131  internal_overall=0.5931  fp=0.971  ratio=0.97
  k5: trial 2092  internal_overall=0.5922  fp=0.974  ratio=0.95
  k6: trial 2345  internal_overall=0.5894  fp=0.975  ratio=0.91
[FIX2] manifest -> D:\FIRE_OFFLINE\models\C\topk.seasonal.json
[FIX2] re-score all candidates with official ILAMB (CLAUDE.md recipe; clean ._* first), e.g. --model_root "$PWD/ilamb/MODELS_TOPK_seasonal"
[FIX2] promote the candidate with the best OFFICIAL Overall, NOT the internal one.
REFIT_EXIT=0
