[I 2026-07-25 00:40:05,879] Trial 1385 finished with value: 0.4909680845610629 and parameters: {'k1': 3.380380585047259e-05, 'D_low': 130.16646859607738, 'k2': 2.046527784986946e-05, 'D_high': 45038.431587133375, 'fire_exp': 1.4040942920188597, 'P_half': 1.0552835582192392, 'pre_dampen_half': 0.3740531205620239, 'gpp_af': 0.22162641522871088, 'gpp_b': 2.3518528471153446e-05, 'gpp_d': 1.040812542044258, 'ign_k': 5.823792750011116, 'ign_c': 13.698992496123113, 'trop_agb_crit': 1.6663938816580544, 'trop_k_veg': 0.6846790182148256, 'gdp_gamma': 0.542585755286323, 'cure_k': 0.01097731233796768, 'cure_p_min': 371.0527307219678, 'cure_gpp_ref': 0.0873347601883144, 'cure_agb_crit': 1.3547497106643087, 'fuel_k': 0.771564768258179, 'fuel_half': 34.037282749487886}. Best is trial 1132 with value: -0.6317570269256394.
[I 2026-07-25 00:40:06,344] Trial 1386 finished with value: -0.5931511200819618 and parameters: {'k1': 0.00047159427173919856, 'D_low': 27.83538190136406, 'k2': 0.0004486249204503465, 'D_high': 47890.776324562525, 'fire_exp': 2.0323964666340726, 'P_half': 61.73196385707803, 'pre_dampen_half': 0.7877702773983628, 'gpp_af': 0.008296877698872987, 'gpp_b': 0.0007598506463654913, 'gpp_d': 733.1936773676354, 'ign_k': 0.1260929023490548, 'ign_c': 6.3889115834809855, 'trop_agb_crit': 7.575174415055449, 'trop_k_veg': 1.171514821495828, 'gdp_gamma': 0.4606761546920275, 'cure_k': 0.011730090821523117, 'cure_p_min': 367.5168105913721, 'cure_gpp_ref': 0.28471389848715134, 'cure_agb_crit': 6.2879177988351165, 'fuel_k': 2.5031865681447756, 'fuel_half': 1.4627667559737865}. Best is trial 1132 with value: -0.6317570269256394.
[I 2026-07-25 00:40:06,804] Trial 1387 finished with value: 0.6019071613398681 and parameters: {'k1': 9.729752265716218e-05, 'D_low': 1.6782007839862592, 'k2': 1.894803952482171e-05, 'D_high': 132113.44394647234, 'fire_exp': 2.0443464349176628, 'P_half': 46.935837481781434, 'pre_dampen_half': 4.095099517590261, 'gpp_af': 0.0044691944618121746, 'gpp_b': 5.266538212940142, 'gpp_d': 23.034981250552615, 'ign_k': 0.008504932591876955, 'ign_c': 1.8359308513928834, 'trop_agb_crit': 25.629457457540315, 'trop_k_veg': 2.89758213478949, 'gdp_gamma': 0.4839585713360308, 'cure_k': 0.028298593090678472, 'cure_p_min': 270.23256373937693, 'cure_gpp_ref': 0.06043543413953996, 'cure_agb_crit': 6.211445601473191, 'fuel_k': 0.12152325623802898, 'fuel_half': 0.4772448329278777}. Best is trial 1132 with value: -0.6317570269256394.
[I 2026-07-25 00:40:07,269] Trial 1388 finished with value: 0.4549481073370806 and parameters: {'k1': 9.686342861752518e-05, 'D_low': 1.4179449001865652, 'k2': 0.00010767925635307143, 'D_high': 23864.20037893049, 'fire_exp': 1.171874653142128, 'P_half': 14.929834020474214, 'pre_dampen_half': 27.128266588273554, 'gpp_af': 3.3999242165474732, 'gpp_b': 0.00981056061046403, 'gpp_d': 8.62114097671351, 'ign_k': 0.10036479797424781, 'ign_c': 26.6491768832717, 'trop_agb_crit': 1.177120993630364, 'trop_k_veg': 2.6022133657036632, 'gdp_gamma': 1.3310619451286128, 'cure_k': 0.1485537863141232, 'cure_p_min': 323.51012871800975, 'cure_gpp_ref': 0.2542273537666762, 'cure_agb_crit': 1.8949583423445988, 'fuel_k': 0.14570262840736947, 'fuel_half': 84.94782820654714}. Best is trial 1132 with value: -0.6317570269256394.
[I 2026-07-25 00:40:07,734] Trial 1389 finished with value: -0.6038067701277113 and parameters: {'k1': 0.00022691086978018278, 'D_low': 3.3122942086392215, 'k2': 0.003625455749449909, 'D_high': 331098.89784906263, 'fire_exp': 1.4057790201975804, 'P_half': 588.9367979904861, 'pre_dampen_half': 0.0969190381819598, 'gpp_af': 0.03468578326992059, 'gpp_b': 0.0009821479660843133, 'gpp_d': 28.216825092834256, 'ign_k': 0.6338636801007917, 'ign_c': 17.559641437622275, 'trop_agb_crit': 5.797677372799797, 'trop_k_veg': 3.5191977538869548, 'gdp_gamma': 0.5083640339026334, 'cure_k': 0.09954475876919486, 'cure_p_min': 319.8006154687223, 'cure_gpp_ref': 0.4429193828370924, 'cure_agb_crit': 4.912052442262336, 'fuel_k': 0.9726044345487943, 'fuel_half': 4.284931104103686}. Best is trial 1132 with value: -0.6317570269256394.
[I 2026-07-25 00:40:08,197] Trial 1390 finished with value: 0.545251617350033 and parameters: {'k1': 0.0034790846946957834, 'D_low': 7577.661501564447, 'k2': 0.0008889178554169491, 'D_high': 277099.4008747678, 'fire_exp': 2.0861932720428586, 'P_half': 69.25901623753303, 'pre_dampen_half': 0.40759013958369794, 'gpp_af': 0.028654083693871523, 'gpp_b': 0.007624434857088747, 'gpp_d': 560.3736997435957, 'ign_k': 0.08694482784560423, 'ign_c': 2.1271720832618373, 'trop_agb_crit': 1.8405730439972654, 'trop_k_veg': 3.833598202218663, 'gdp_gamma': 0.20855913422010314, 'cure_k': 0.021535988874883248, 'cure_p_min': 355.9852588658877, 'cure_gpp_ref': 0.13550663559811618, 'cure_agb_crit': 3.806327452420551, 'fuel_k': 2.349768412611083, 'fuel_half': 7.049538679396607}. Best is trial 1132 with value: -0.6317570269256394.
[I 2026-07-25 00:40:08,663] Trial 1391 finished with value: 0.5571783816658133 and parameters: {'k1': 0.0017008002670403344, 'D_low': 11.234755868873362, 'k2': 1.3940261572411883e-05, 'D_high': 2669639.1985930144, 'fire_exp': 1.0021653976888931, 'P_half': 426.626433056664, 'pre_dampen_half': 0.15283093500001177, 'gpp_af': 0.251648640140881, 'gpp_b': 0.2706396411981962, 'gpp_d': 581.3921418582851, 'ign_k': 0.022373787344003533, 'ign_c': 0.33571143966921047, 'trop_agb_crit': 7.3314859701544774, 'trop_k_veg': 7.817859829753966, 'gdp_gamma': 0.15192669978450496, 'cure_k': 0.03402495145528081, 'cure_p_min': 283.1723899472792, 'cure_gpp_ref': 0.3190609324071158, 'cure_agb_crit': 3.006896638939997, 'fuel_k': 0.058223901071390034, 'fuel_half': 0.17483628049545344}. Best is trial 1132 with value: -0.6317570269256394.
[I 2026-07-25 00:40:09,126] Trial 1392 finished with value: 0.4960945572063744 and parameters: {'k1': 0.0017951242108590715, 'D_low': 47.687399458385826, 'k2': 0.0003767361626249263, 'D_high': 4408923.546765295, 'fire_exp': 1.436980873064036, 'P_half': 322.83796842517177, 'pre_dampen_half': 0.09296884199965245, 'gpp_af': 0.011035265707699068, 'gpp_b': 0.0009094004508669626, 'gpp_d': 468.68151890926964, 'ign_k': 0.1706861103036317, 'ign_c': 1.1510687992501463, 'trop_agb_crit': 3.6900987686423945, 'trop_k_veg': 3.093722959251191, 'gdp_gamma': 0.15348164530295605, 'cure_k': 0.009181464678729517, 'cure_p_min': 266.7883959989992, 'cure_gpp_ref': 0.3760493968787891, 'cure_agb_crit': 3.8855764180532915, 'fuel_k': 1.3641874124418234, 'fuel_half': 1.6122941998434928}. Best is trial 1132 with value: -0.6317570269256394.
[I 2026-07-25 00:40:09,598] Trial 1393 finished with value: 0.5921434070299423 and parameters: {'k1': 0.016668077715800908, 'D_low': 2.244327111223921, 'k2': 0.0005333820690693852, 'D_high': 2088699.259303583, 'fire_exp': 2.159317295218808, 'P_half': 25.10016628235158, 'pre_dampen_half': 170.70082280871017, 'gpp_af': 0.05580191475390273, 'gpp_b': 0.00011059299087528283, 'gpp_d': 151.61480062143627, 'ign_k': 0.1245334114296833, 'ign_c': 14.336064788876033, 'trop_agb_crit': 8.190613195439612, 'trop_k_veg': 0.7653041967909197, 'gdp_gamma': 0.545944787752633, 'cure_k': 0.08921763655392966, 'cure_p_min': 294.4326414274244, 'cure_gpp_ref': 0.24691063932219334, 'cure_agb_crit': 4.30610961359601, 'fuel_k': 2.6555131278692783, 'fuel_half': 21.865057597920245}. Best is trial 1132 with value: -0.6317570269256394.
[I 2026-07-25 00:40:10,071] Trial 1394 finished with value: -0.5178346232205288 and parameters: {'k1': 0.04880772791693438, 'D_low': 716.2920618213351, 'k2': 0.024092228146237155, 'D_high': 711356.6556301777, 'fire_exp': 1.0596652274251281, 'P_half': 69.04105766051885, 'pre_dampen_half': 0.9943828978027042, 'gpp_af': 0.47502035240219626, 'gpp_b': 0.00024226076630129632, 'gpp_d': 0.06985211025974888, 'ign_k': 2.312771714841666, 'ign_c': 1.4219553751385747, 'trop_agb_crit': 6.061554935662262, 'trop_k_veg': 0.6346455491138189, 'gdp_gamma': 0.31304509334836644, 'cure_k': 0.0026596905720732075, 'cure_p_min': 269.23280848106947, 'cure_gpp_ref': 0.8053311043190828, 'cure_agb_crit': 1.5748689647060576, 'fuel_k': 0.011111203739567787, 'fuel_half': 52.07744642986122}. Best is trial 1132 with value: -0.6317570269256394.
[I 2026-07-25 00:40:10,553] Trial 1395 finished with value: -0.5848217113566077 and parameters: {'k1': 0.0010954273659041854, 'D_low': 64.73947507098644, 'k2': 0.0001958646957298507, 'D_high': 623985.2485049955, 'fire_exp': 1.711417139067616, 'P_half': 15.925986989119425, 'pre_dampen_half': 18.427518844283647, 'gpp_af': 0.048519667767354294, 'gpp_b': 0.07038714153000085, 'gpp_d': 9.524304192596496, 'ign_k': 0.03049940399717053, 'ign_c': 1.8944630546986363, 'trop_agb_crit': 8.095795786253001, 'trop_k_veg': 3.5226528957292333, 'gdp_gamma': 1.5308043242734852, 'cure_k': 0.02766603315527004, 'cure_p_min': 287.9576386295211, 'cure_gpp_ref': 0.12519454478730174, 'cure_agb_crit': 4.923103019613606, 'fuel_k': 0.40874157206227024, 'fuel_half': 0.498910664471419}. Best is trial 1132 with value: -0.6317570269256394.
[I 2026-07-25 00:40:11,053] Trial 1396 finished with value: 0.4386984325082134 and parameters: {'k1': 6.847671609653934e-05, 'D_low': 297.2191800597769, 'k2': 1.2140033704730671e-05, 'D_high': 18357.653205594503, 'fire_exp': 1.2205513659943246, 'P_half': 1.6783337056402274, 'pre_dampen_half': 40.34887723627817, 'gpp_af': 0.03597307718498736, 'gpp_b': 0.006081426133118557, 'gpp_d': 42.99786197586357, 'ign_k': 0.35442832583622785, 'ign_c': 6.666660724634368, 'trop_agb_crit': 1.0874625335259247, 'trop_k_veg': 0.8284477974449803, 'gdp_gamma': 1.1592450516346928, 'cure_k': 0.01229295870449811, 'cure_p_min': 284.43683378849715, 'cure_gpp_ref': 0.09559776294229254, 'cure_agb_crit': 1.3669057935717437, 'fuel_k': 1.8488359161256622, 'fuel_half': 38.15440410955901}. Best is trial 1132 with value: -0.6317570269256394.
[I 2026-07-25 00:40:11,521] Trial 1397 finished with value: 0.6002678570163552 and parameters: {'k1': 0.0005149000410858261, 'D_low': 277.3954340050774, 'k2': 0.03577439607157846, 'D_high': 5800582.57012437, 'fire_exp': 2.143478611419367, 'P_half': 3246.713265187099, 'pre_dampen_half': 0.11349029102366927, 'gpp_af': 0.10961223633963044, 'gpp_b': 0.0005368419881280719, 'gpp_d': 168.92014339939564, 'ign_k': 0.6248932562144172, 'ign_c': 60.343029724904795, 'trop_agb_crit': 1.7480763203595813, 'trop_k_veg': 2.421991554772789, 'gdp_gamma': 0.893295181684405, 'cure_k': 0.007492529916506141, 'cure_p_min': 290.26154904591493, 'cure_gpp_ref': 0.6577975738989283, 'cure_agb_crit': 4.361371985853586, 'fuel_k': 4.4431320846841365, 'fuel_half': 29.271728201721363}. Best is trial 1132 with value: -0.6317570269256394.
[I 2026-07-25 00:40:11,983] Trial 1398 finished with value: 0.5401375650707471 and parameters: {'k1': 1.2201856581848894e-05, 'D_low': 3610.45403214564, 'k2': 1.0693923463407748e-05, 'D_high': 2729387.248283688, 'fire_exp': 2.269268222136214, 'P_half': 4.580482701768451, 'pre_dampen_half': 0.25184576261058494, 'gpp_af': 0.03306362945589377, 'gpp_b': 0.00032933833391167103, 'gpp_d': 0.7908051249695759, 'ign_k': 0.0296863848619516, 'ign_c': 0.4965481353535614, 'trop_agb_crit': 1.7281500351899919, 'trop_k_veg': 1.346206946466891, 'gdp_gamma': 0.37248149127696223, 'cure_k': 0.040073168296615815, 'cure_p_min': 186.29577064746914, 'cure_gpp_ref': 0.19371788267935017, 'cure_agb_crit': 1.5277637083640094, 'fuel_k': 0.029212624531753988, 'fuel_half': 27.4817280436254}. Best is trial 1132 with value: -0.6317570269256394.
[I 2026-07-25 00:40:12,445] Trial 1399 finished with value: -0.5785778732162823 and parameters: {'k1': 1.1647215599877575e-05, 'D_low': 5.3926645373486055, 'k2': 1.5165543132307126e-05, 'D_high': 65401.198157443534, 'fire_exp': 1.2448041554407026, 'P_half': 4.391723621292522, 'pre_dampen_half': 0.1497651855751598, 'gpp_af': 0.0242607007470815, 'gpp_b': 0.0017619585801824048, 'gpp_d': 0.17498132416638168, 'ign_k': 0.18655466758964828, 'ign_c': 6.6697212375236505, 'trop_agb_crit': 1.185880788863261, 'trop_k_veg': 0.8432039349575077, 'gdp_gamma': 0.7608637541167522, 'cure_k': 0.12613618278663513, 'cure_p_min': 276.89081753736036, 'cure_gpp_ref': 0.06460462601811637, 'cure_agb_crit': 2.2225722705691475, 'fuel_k': 0.638060204701414, 'fuel_half': 22.172336320183824}. Best is trial 1132 with value: -0.6317570269256394.
[I 2026-07-25 00:40:12,912] Trial 1400 finished with value: 0.5489442383593267 and parameters: {'k1': 0.013192214921139174, 'D_low': 9.675620335907984, 'k2': 0.00015688770934490126, 'D_high': 2462416.9282833394, 'fire_exp': 1.2025435624705565, 'P_half': 2242.017525824571, 'pre_dampen_half': 0.7997158877425398, 'gpp_af': 1.882168272326249, 'gpp_b': 3.6524991975153847, 'gpp_d': 10.284117422924133, 'ign_k': 0.17295992574260985, 'ign_c': 1.2502386498254843, 'trop_agb_crit': 7.853864544416882, 'trop_k_veg': 4.16524908768089, 'gdp_gamma': 0.5354560597737588, 'cure_k': 0.0180669607430266, 'cure_p_min': 375.54474356495246, 'cure_gpp_ref': 1.3127985290445823, 'cure_agb_crit': 2.616129400740758, 'fuel_k': 0.09681572767654009, 'fuel_half': 0.2756515147649632}. Best is trial 1132 with value: -0.6317570269256394.
[I 2026-07-25 00:40:13,375] Trial 1401 finished with value: -0.5572854706918101 and parameters: {'k1': 2.0368609891023127e-05, 'D_low': 2.7592399800326852, 'k2': 1.407543512027588e-05, 'D_high': 44725.04661580328, 'fire_exp': 1.6493083631236647, 'P_half': 29.264649374696795, 'pre_dampen_half': 0.07150472268809316, 'gpp_af': 0.0010149880747466543, 'gpp_b': 0.00121524724399416, 'gpp_d': 317.9217440423307, 'ign_k': 0.24819149598891513, 'ign_c': 13.445543877364198, 'trop_agb_crit': 2.4013938432312543, 'trop_k_veg': 1.7211668145425043, 'gdp_gamma': 1.7160578772905866, 'cure_k': 0.14452699504150945, 'cure_p_min': 338.70960842182404, 'cure_gpp_ref': 0.14424784004991664, 'cure_agb_crit': 2.7672691600285777, 'fuel_k': 0.1731179205336169, 'fuel_half': 11.777678393915405}. Best is trial 1132 with value: -0.6317570269256394.
[I 2026-07-25 00:40:13,841] Trial 1402 finished with value: 0.44282407483094743 and parameters: {'k1': 1.4815532379883638e-05, 'D_low': 2.4029951439749992, 'k2': 4.601809298145155e-05, 'D_high': 862565.5014446813, 'fire_exp': 1.294446737808202, 'P_half': 1.667893285239522, 'pre_dampen_half': 0.6889237073341155, 'gpp_af': 1.2155424126165322, 'gpp_b': 3.218861140772062e-05, 'gpp_d': 4.775027309100439, 'ign_k': 0.04729243237216287, 'ign_c': 15.626265281362047, 'trop_agb_crit': 1.282599005775008, 'trop_k_veg': 0.8738686491016966, 'gdp_gamma': 0.3858273713797339, 'cure_k': 0.31930224013423203, 'cure_p_min': 368.945060771893, 'cure_gpp_ref': 0.08387812914995553, 'cure_agb_crit': 1.8720460126759486, 'fuel_k': 0.04975756130187644, 'fuel_half': 13.791488809833977}. Best is trial 1132 with value: -0.6317570269256394.
[I 2026-07-25 00:40:14,309] Trial 1403 finished with value: 0.5957760361749111 and parameters: {'k1': 0.00019001252055891673, 'D_low': 366.2128235255675, 'k2': 3.3855753907677396e-05, 'D_high': 706892.2290818425, 'fire_exp': 1.5995298069289894, 'P_half': 79.94671414166297, 'pre_dampen_half': 3.281993386583865, 'gpp_af': 0.15851239764705505, 'gpp_b': 0.027668680545026955, 'gpp_d': 41.9601122770911, 'ign_k': 0.6834171995209011, 'ign_c': 31.624949302846932, 'trop_agb_crit': 20.20185932137853, 'trop_k_veg': 0.9796643358934767, 'gdp_gamma': 0.6108226350047615, 'cure_k': 0.0059441821851714685, 'cure_p_min': 395.0065831584232, 'cure_gpp_ref': 1.7380021211929564, 'cure_agb_crit': 2.312777854431447, 'fuel_k': 0.07773660619698386, 'fuel_half': 0.3441997297582647}. Best is trial 1132 with value: -0.6317570269256394.
[I 2026-07-25 00:40:14,783] Trial 1404 finished with value: -0.5617560189436162 and parameters: {'k1': 3.987471091684854e-05, 'D_low': 12.235017911188445, 'k2': 8.446917249092133e-05, 'D_high': 63978.95211681619, 'fire_exp': 1.2145342447454077, 'P_half': 8.590706485356957, 'pre_dampen_half': 0.142224153404968, 'gpp_af': 0.009859607476077586, 'gpp_b': 0.009396299439285442, 'gpp_d': 71.42372596236567, 'ign_k': 0.04532255227598611, 'ign_c': 15.916298432340485, 'trop_agb_crit': 1.092586844240241, 'trop_k_veg': 0.7730072858211576, 'gdp_gamma': 1.732809761393726, 'cure_k': 0.16224456629862757, 'cure_p_min': 363.1884438998774, 'cure_gpp_ref': 0.06014411230278561, 'cure_agb_crit': 1.5501052925970558, 'fuel_k': 0.24570797185894627, 'fuel_half': 41.43412545606714}. Best is trial 1132 with value: -0.6317570269256394.
[I 2026-07-25 00:40:15,254] Trial 1405 finished with value: 0.5950680383233429 and parameters: {'k1': 0.00011058489477130845, 'D_low': 1.916468039211845, 'k2': 1.886715863686143e-05, 'D_high': 26537.67281060325, 'fire_exp': 1.933228230776606, 'P_half': 4.634662344243977, 'pre_dampen_half': 64.77211592446059, 'gpp_af': 0.027039862539711017, 'gpp_b': 0.008910942741908552, 'gpp_d': 20.7498964405622, 'ign_k': 1.8565358481064678, 'ign_c': 114.03011117165232, 'trop_agb_crit': 2.078514755327493, 'trop_k_veg': 0.6032812436602387, 'gdp_gamma': 1.7286834326717533, 'cure_k': 0.018852544995690237, 'cure_p_min': 332.7964290562016, 'cure_gpp_ref': 0.05072467231995681, 'cure_agb_crit': 2.1856394559619425, 'fuel_k': 0.11582257764758207, 'fuel_half': 67.61207931995699}. Best is trial 1132 with value: -0.6317570269256394.
[I 2026-07-25 00:40:15,718] Trial 1406 finished with value: 0.5529726797715596 and parameters: {'k1': 0.00020485614281217756, 'D_low': 7.227971679433842, 'k2': 1.1586617102838257e-05, 'D_high': 325.2802707559689, 'fire_exp': 1.865957598001616, 'P_half': 1.4162835599394512, 'pre_dampen_half': 0.285263822259886, 'gpp_af': 0.00788355287234768, 'gpp_b': 0.0001596832701837136, 'gpp_d': 62.038019287350494, 'ign_k': 0.9925574344496217, 'ign_c': 13.502262191796696, 'trop_agb_crit': 1.025647366996053, 'trop_k_veg': 0.8464292901746129, 'gdp_gamma': 0.5779471685370963, 'cure_k': 0.013793589051554764, 'cure_p_min': 286.8470729294008, 'cure_gpp_ref': 0.054662775167614204, 'cure_agb_crit': 2.6014432090750774, 'fuel_k': 0.25998037823056186, 'fuel_half': 90.26685120018699}. Best is trial 1132 with value: -0.6317570269256394.
[I 2026-07-25 00:40:16,189] Trial 1407 finished with value: 0.5849574870631512 and parameters: {'k1': 0.06895066384443445, 'D_low': 1772.1545481252467, 'k2': 0.016869918442084294, 'D_high': 1281834.9528463874, 'fire_exp': 3.2972033338769964, 'P_half': 573.8657048744598, 'pre_dampen_half': 17.44920259425903, 'gpp_af': 0.036210441598656114, 'gpp_b': 0.0009847020179005366, 'gpp_d': 0.07993229774186436, 'ign_k': 0.07041185529844508, 'ign_c': 7.950709774821774, 'trop_agb_crit': 16.3656749781191, 'trop_k_veg': 1.190521400146657, 'gdp_gamma': 0.11227433081901456, 'cure_k': 0.003543538708855492, 'cure_p_min': 227.04744378724172, 'cure_gpp_ref': 0.7380804289702125, 'cure_agb_crit': 1.1700718784016817, 'fuel_k': 0.05291268140875921, 'fuel_half': 97.91523563830322}. Best is trial 1132 with value: -0.6317570269256394.
[I 2026-07-25 00:40:16,656] Trial 1408 finished with value: 0.4622473999058526 and parameters: {'k1': 0.02184930236172703, 'D_low': 1.2090613620116253, 'k2': 0.0012545997087230639, 'D_high': 5443148.08121985, 'fire_exp': 1.8807759292068065, 'P_half': 64.03524930685141, 'pre_dampen_half': 0.3565628695750228, 'gpp_af': 0.007349435159578015, 'gpp_b': 0.0005112876487304703, 'gpp_d': 5.760962000457743, 'ign_k': 0.005385878663381258, 'ign_c': 69.2668000222348, 'trop_agb_crit': 15.18059338825209, 'trop_k_veg': 1.4699948790726902, 'gdp_gamma': 1.225821483598317, 'cure_k': 0.01724315941861884, 'cure_p_min': 196.59488273149137, 'cure_gpp_ref': 0.42300516956867085, 'cure_agb_crit': 7.866763599689655, 'fuel_k': 0.93557181352434, 'fuel_half': 94.36824727706964}. Best is trial 1132 with value: -0.6317570269256394.
[I 2026-07-25 00:40:17,123] Trial 1409 finished with value: 0.4904342835329697 and parameters: {'k1': 0.01247679180123211, 'D_low': 2370.041094801805, 'k2': 0.004459340107068126, 'D_high': 2968853.5632895175, 'fire_exp': 2.8824799609450684, 'P_half': 14.850404138206994, 'pre_dampen_half': 122.73482590461191, 'gpp_af': 0.0021378961635624633, 'gpp_b': 1.7678800681358752e-05, 'gpp_d': 0.022548304796093453, 'ign_k': 0.053021462683186825, 'ign_c': 8.049070077809976, 'trop_agb_crit': 7.500101463163728, 'trop_k_veg': 0.5650574794878542, 'gdp_gamma': 1.142985585378941, 'cure_k': 0.010394194430712113, 'cure_p_min': 285.36761468711825, 'cure_gpp_ref': 0.7368519249095712, 'cure_agb_crit': 2.110140177241319, 'fuel_k': 0.044414268099409286, 'fuel_half': 11.601723716808031}. Best is trial 1132 with value: -0.6317570269256394.
[I 2026-07-25 00:40:17,590] Trial 1410 finished with value: 0.4740435924109605 and parameters: {'k1': 4.1330661196389245e-05, 'D_low': 260.1184266875154, 'k2': 0.00542763859051056, 'D_high': 1273033.201495186, 'fire_exp': 1.3607919035090934, 'P_half': 10.171577049116086, 'pre_dampen_half': 0.15326605652084319, 'gpp_af': 0.1822707087540223, 'gpp_b': 0.006909735698359473, 'gpp_d': 289.49837887308627, 'ign_k': 0.00423458316070672, 'ign_c': 95.31098374871574, 'trop_agb_crit': 7.132621766534196, 'trop_k_veg': 1.3216923044854372, 'gdp_gamma': 1.110477169566709, 'cure_k': 0.0038297182105989547, 'cure_p_min': 97.06249296334244, 'cure_gpp_ref': 0.16895293371291756, 'cure_agb_crit': 1.505265631394639, 'fuel_k': 0.021176135176684367, 'fuel_half': 39.094999671783626}. Best is trial 1132 with value: -0.6317570269256394.
