[I 2026-08-19 18:09:47,614] Trial 2348 finished with value: 0.4095725747230936 and parameters: {'k1': 2.116108506407111e-05, 'D_low': 311.034760209844, 'k2': 0.002715459981121778, 'D_high': 843440.3461531955, 'fire_exp': 1.4514987898609066, 'P_half': 267.31029133731465, 'pre_dampen_half': 5.739957789892257, 'gpp_af': 0.2644476971934647, 'gpp_b': 0.004209910353565597, 'gpp_d': 81.16736643075296, 'ign_k': 2.7301194539237117, 'ign_c': 0.1014928037350801, 'trop_agb_crit': 15.399850045278692, 'trop_k_veg': 6.953046371210284, 'pop_amp': 0.008081884252770608, 'pop_peak': 0.06691226990054264, 'pop_sig': 0.3043903502041765, 'fuel_k': 2.6409496184702115, 'fuel_half': 0.2064405491196614}. Best is trial 1622 with value: -0.6125870653324885.
[I 2026-08-19 18:09:49,408] Trial 2349 finished with value: 0.4669222257223371 and parameters: {'k1': 1.9579726181136996e-05, 'D_low': 15861.775793418923, 'k2': 1.168329254006484e-05, 'D_high': 330872.24429264094, 'fire_exp': 1.074722496932872, 'P_half': 69.98136164604779, 'pre_dampen_half': 2.4487108700369573, 'gpp_af': 0.026191045821151136, 'gpp_b': 0.07818809557930487, 'gpp_d': 695.0000107749003, 'ign_k': 0.009420355584527824, 'ign_c': 0.595319260025885, 'trop_agb_crit': 25.58068055190164, 'trop_k_veg': 5.8616685136713755, 'pop_amp': 12.627613491042476, 'pop_peak': 6.315475759226762, 'pop_sig': 0.9982069890531491, 'fuel_k': 1.1944936236253283, 'fuel_half': 0.1696383057237658}. Best is trial 1622 with value: -0.6125870653324885.
[I 2026-08-19 18:09:51,254] Trial 2350 finished with value: 0.5837584789817587 and parameters: {'k1': 0.0003689957276564043, 'D_low': 2104.1936777607852, 'k2': 0.01730995142405122, 'D_high': 1816141.8951099205, 'fire_exp': 2.5220570434361194, 'P_half': 1713.4358788394388, 'pre_dampen_half': 0.199041039436233, 'gpp_af': 0.33116829380823304, 'gpp_b': 0.17952434229807876, 'gpp_d': 23.595209249453394, 'ign_k': 3.6489511560475862, 'ign_c': 0.5133770179894953, 'trop_agb_crit': 2.210065366478301, 'trop_k_veg': 2.662647412622653, 'pop_amp': 0.01673475450241702, 'pop_peak': 10.773063461095628, 'pop_sig': 0.2634667757654991, 'fuel_k': 2.3928407995501475, 'fuel_half': 3.8405259396093028}. Best is trial 1622 with value: -0.6125870653324885.
[I 2026-08-19 18:09:53,048] Trial 2351 finished with value: 0.6054892029303124 and parameters: {'k1': 0.08239676506500383, 'D_low': 25.144951062109158, 'k2': 0.0008580036638946419, 'D_high': 5124.129327656752, 'fire_exp': 8.057599837510825, 'P_half': 1.3957137437295486, 'pre_dampen_half': 0.3652112133401458, 'gpp_af': 0.0028889343143723854, 'gpp_b': 0.0013811626674890606, 'gpp_d': 742.6037296867154, 'ign_k': 0.028832021678339103, 'ign_c': 2.024527014111562, 'trop_agb_crit': 16.575336160134523, 'trop_k_veg': 1.2157599268170032, 'pop_amp': 0.07709688198388764, 'pop_peak': 3.6228974641810745, 'pop_sig': 0.7016424478785188, 'fuel_k': 0.6694755478283378, 'fuel_half': 0.20901578169516516}. Best is trial 1622 with value: -0.6125870653324885.
[I 2026-08-19 18:09:54,908] Trial 2352 finished with value: 0.46315388365062904 and parameters: {'k1': 0.02320935959204894, 'D_low': 40.33701908093786, 'k2': 0.0003215027122521934, 'D_high': 691888.4808842818, 'fire_exp': 5.463356617676718, 'P_half': 50.197547307340855, 'pre_dampen_half': 3.309703461223397, 'gpp_af': 0.003918314049413891, 'gpp_b': 8.184897182471775e-05, 'gpp_d': 321.1040863296353, 'ign_k': 0.6881350346599543, 'ign_c': 0.12019931146126255, 'trop_agb_crit': 23.916813848286193, 'trop_k_veg': 1.366022393484749, 'pop_amp': 0.004669631442977939, 'pop_peak': 3.6040091606098974, 'pop_sig': 0.68969430276663, 'fuel_k': 0.20806358588666865, 'fuel_half': 0.1894852973500604}. Best is trial 1622 with value: -0.6125870653324885.
[I 2026-08-19 18:09:56,710] Trial 2353 finished with value: -0.5470355854288398 and parameters: {'k1': 0.08051859863922457, 'D_low': 32.08332926574935, 'k2': 0.00045287427846377035, 'D_high': 58283.75366030971, 'fire_exp': 2.175459262238245, 'P_half': 745.0084751804951, 'pre_dampen_half': 534.0196018220635, 'gpp_af': 0.0085269867675742, 'gpp_b': 0.00015316051526631175, 'gpp_d': 0.5545243163973971, 'ign_k': 6.992052193905352, 'ign_c': 1.9112993287184978, 'trop_agb_crit': 9.47627857409527, 'trop_k_veg': 6.3431615374780534, 'pop_amp': 0.0011020884318579853, 'pop_peak': 0.06656000807722585, 'pop_sig': 0.7283441713872416, 'fuel_k': 0.30802540785160787, 'fuel_half': 1.8274025315128075}. Best is trial 1622 with value: -0.6125870653324885.
[I 2026-08-19 18:09:58,507] Trial 2354 finished with value: 0.4089059147438844 and parameters: {'k1': 0.003953085646044096, 'D_low': 1029.2798699116183, 'k2': 6.509073947952262e-05, 'D_high': 265552.4098039483, 'fire_exp': 1.1561390153816915, 'P_half': 195.27682254782135, 'pre_dampen_half': 4.078492851220384, 'gpp_af': 0.06434024432464656, 'gpp_b': 0.00039475283217726113, 'gpp_d': 46.36302835778008, 'ign_k': 1.6232107190894398, 'ign_c': 2.6614548405627874, 'trop_agb_crit': 7.281431241636904, 'trop_k_veg': 0.7700166912140217, 'pop_amp': 0.028275378715545533, 'pop_peak': 15.115630153229514, 'pop_sig': 0.48798978737188475, 'fuel_k': 0.11897701554770639, 'fuel_half': 33.93545242971831}. Best is trial 1622 with value: -0.6125870653324885.
[I 2026-08-19 18:10:00,342] Trial 2355 finished with value: 0.42334066677536697 and parameters: {'k1': 0.002554907662700365, 'D_low': 509.7205872628256, 'k2': 0.0012150762526628865, 'D_high': 263688.0896664432, 'fire_exp': 1.2945654254124448, 'P_half': 230.66835983060312, 'pre_dampen_half': 41.881797823582815, 'gpp_af': 0.5787399622752352, 'gpp_b': 0.019538624386479686, 'gpp_d': 29.16868964539508, 'ign_k': 1.6424593618868943, 'ign_c': 3.8271423018296162, 'trop_agb_crit': 27.33248134648116, 'trop_k_veg': 1.0060160992592833, 'pop_amp': 0.0025332019447216894, 'pop_peak': 15.084692747439949, 'pop_sig': 1.6134705139548786, 'fuel_k': 0.022790466859428392, 'fuel_half': 9.230908711235651}. Best is trial 1622 with value: -0.6125870653324885.
[I 2026-08-19 18:10:02,213] Trial 2356 finished with value: 0.6445374145881376 and parameters: {'k1': 8.94959297653016e-05, 'D_low': 303.91024385805105, 'k2': 7.706691860880642e-05, 'D_high': 2615488.3964824947, 'fire_exp': 1.8370173796334934, 'P_half': 263.4293312072882, 'pre_dampen_half': 11.0517663078162, 'gpp_af': 0.05665670306180311, 'gpp_b': 0.0006299272010671867, 'gpp_d': 12.940677690187947, 'ign_k': 4.906849103896424, 'ign_c': 148.89773209552274, 'trop_agb_crit': 23.150193331598597, 'trop_k_veg': 1.6857549301633603, 'pop_amp': 0.014272485432568312, 'pop_peak': 65.25535828069553, 'pop_sig': 0.6064969000324392, 'fuel_k': 0.1874444201401472, 'fuel_half': 0.35779151347012855}. Best is trial 1622 with value: -0.6125870653324885.
  trial 2357/2500  best_overall=0.6126  (71.6 min)
[I 2026-08-19 18:10:04,698] Trial 2357 finished with value: 0.6077140763463328 and parameters: {'k1': 0.0006349058531168464, 'D_low': 124525.2328802322, 'k2': 0.0007979913285739094, 'D_high': 4870338.385744938, 'fire_exp': 1.1047046611856612, 'P_half': 325.9430556905649, 'pre_dampen_half': 9.038704068236093, 'gpp_af': 0.3989851341158964, 'gpp_b': 0.00516540358983613, 'gpp_d': 779.9603948193304, 'ign_k': 5.787138353457823, 'ign_c': 7.703080643390314, 'trop_agb_crit': 17.27081760263569, 'trop_k_veg': 0.8083534902484912, 'pop_amp': 0.0023166626593105195, 'pop_peak': 1.6547522992485069, 'pop_sig': 0.5661521409613702, 'fuel_k': 0.15525059636294483, 'fuel_half': 4.155173849381648}. Best is trial 1622 with value: -0.6125870653324885.
[I 2026-08-19 18:10:06,629] Trial 2358 finished with value: 0.6062049850924521 and parameters: {'k1': 4.639414979671051e-05, 'D_low': 3.863629805384317, 'k2': 0.00013400529477217363, 'D_high': 10.951201195975209, 'fire_exp': 3.186435506491962, 'P_half': 782.4932603631653, 'pre_dampen_half': 4.229432677977441, 'gpp_af': 0.0030606035387966872, 'gpp_b': 1.3925612662331349e-05, 'gpp_d': 11.257103914529754, 'ign_k': 0.011614999711608546, 'ign_c': 676.1336388586844, 'trop_agb_crit': 2.8514826090920193, 'trop_k_veg': 2.1132342541135785, 'pop_amp': 0.0022564672815487807, 'pop_peak': 22.560525679843142, 'pop_sig': 0.46092559460627514, 'fuel_k': 0.21768075444848395, 'fuel_half': 0.7008201317129455}. Best is trial 1622 with value: -0.6125870653324885.
[I 2026-08-19 18:10:08,463] Trial 2359 finished with value: 0.46304269120919894 and parameters: {'k1': 0.003715361298943471, 'D_low': 1.0557049910361982, 'k2': 8.128702914097026e-05, 'D_high': 969175.8706189371, 'fire_exp': 1.3137883262698342, 'P_half': 14.417491600441997, 'pre_dampen_half': 64.4114441541635, 'gpp_af': 0.46730520508513823, 'gpp_b': 0.000159043767654016, 'gpp_d': 0.9049061941380346, 'ign_k': 0.3722426869692441, 'ign_c': 20.549887364035964, 'trop_agb_crit': 4.42674138325858, 'trop_k_veg': 2.605596758838166, 'pop_amp': 0.0182466917314216, 'pop_peak': 708.4601757269236, 'pop_sig': 0.8394640686679578, 'fuel_k': 0.01940867323149015, 'fuel_half': 5.757384618267517}. Best is trial 1622 with value: -0.6125870653324885.
[I 2026-08-19 18:10:10,300] Trial 2360 finished with value: 0.6249780761263504 and parameters: {'k1': 0.00019526022990047507, 'D_low': 1210.0337655081512, 'k2': 0.0005281087761634796, 'D_high': 1640.0226881686226, 'fire_exp': 2.457613952675523, 'P_half': 6.06828279307414, 'pre_dampen_half': 54.82302615897005, 'gpp_af': 0.002506459791985852, 'gpp_b': 4.511385030665216, 'gpp_d': 0.02557044985374953, 'ign_k': 0.006749039994831777, 'ign_c': 1.39644899775532, 'trop_agb_crit': 3.918188717931576, 'trop_k_veg': 3.0201681492181307, 'pop_amp': 0.010627400641903118, 'pop_peak': 40.2338648698591, 'pop_sig': 1.7638058863900778, 'fuel_k': 1.1802556171078518, 'fuel_half': 5.461991839549505}. Best is trial 1622 with value: -0.6125870653324885.
[I 2026-08-19 18:10:12,133] Trial 2361 finished with value: 0.4678947352531132 and parameters: {'k1': 0.0005046641698396511, 'D_low': 462.982415166229, 'k2': 0.000356489263665506, 'D_high': 40081.41514831697, 'fire_exp': 1.1476754810572198, 'P_half': 115.53888639865623, 'pre_dampen_half': 1.9248622920477416, 'gpp_af': 0.022400786298538852, 'gpp_b': 0.005898145559115128, 'gpp_d': 26.399023488048062, 'ign_k': 9.065273879280964, 'ign_c': 0.2649907841674863, 'trop_agb_crit': 14.729062258464587, 'trop_k_veg': 2.697917098726637, 'pop_amp': 0.0181835790812872, 'pop_peak': 0.08614573187686027, 'pop_sig': 0.27401346636355095, 'fuel_k': 2.58048150809854, 'fuel_half': 0.18649477584856877}. Best is trial 1622 with value: -0.6125870653324885.
[I 2026-08-19 18:10:13,973] Trial 2362 finished with value: 0.39719548960469986 and parameters: {'k1': 0.0027415290352842186, 'D_low': 2.5241947757641103, 'k2': 0.03736901418293121, 'D_high': 2893159.148150955, 'fire_exp': 5.395202221154366, 'P_half': 36.52286335450815, 'pre_dampen_half': 33.994019653080144, 'gpp_af': 0.19442940028575018, 'gpp_b': 0.0004887347137537836, 'gpp_d': 7.036513447326482, 'ign_k': 0.6538360213873093, 'ign_c': 10.170466424993212, 'trop_agb_crit': 5.920130678656903, 'trop_k_veg': 1.2992824472352988, 'pop_amp': 0.029986725528424962, 'pop_peak': 163.4257127572188, 'pop_sig': 0.6977149146702685, 'fuel_k': 0.48179319041578406, 'fuel_half': 0.10176114627106125}. Best is trial 1622 with value: -0.6125870653324885.
[I 2026-08-19 18:10:15,751] Trial 2363 finished with value: 0.6020657680968665 and parameters: {'k1': 0.0012292853787187043, 'D_low': 460.05382275703613, 'k2': 0.0001164778640718528, 'D_high': 6808718.553379569, 'fire_exp': 1.9062732927984218, 'P_half': 1291.7221970411454, 'pre_dampen_half': 14.308599291580897, 'gpp_af': 0.06901162294426696, 'gpp_b': 0.00017441415048007468, 'gpp_d': 0.9942562907738248, 'ign_k': 0.200362334975422, 'ign_c': 98.80637296150005, 'trop_agb_crit': 22.71167482147829, 'trop_k_veg': 1.8573164588001005, 'pop_amp': 0.001255367222272965, 'pop_peak': 37.99887589018191, 'pop_sig': 1.161260618855681, 'fuel_k': 0.4599245983930157, 'fuel_half': 0.2100660258513984}. Best is trial 1622 with value: -0.6125870653324885.
[I 2026-08-19 18:10:17,596] Trial 2364 finished with value: 0.5927056293721173 and parameters: {'k1': 0.06628609032997254, 'D_low': 46.934980352538794, 'k2': 6.0256571954134106e-05, 'D_high': 4819.2731610884375, 'fire_exp': 4.826865051869494, 'P_half': 8.118748962770196, 'pre_dampen_half': 0.3897193805133957, 'gpp_af': 0.7337129435667552, 'gpp_b': 0.006628849007437999, 'gpp_d': 145.71170270641582, 'ign_k': 0.2643575628253805, 'ign_c': 1.334551656686691, 'trop_agb_crit': 6.462259914731661, 'trop_k_veg': 2.7013269292520565, 'pop_amp': 0.002432664032836193, 'pop_peak': 7.2126715839044, 'pop_sig': 0.2647635813267588, 'fuel_k': 0.694787549411865, 'fuel_half': 2.036206599735548}. Best is trial 1622 with value: -0.6125870653324885.
[I 2026-08-19 18:10:19,379] Trial 2365 finished with value: 0.5273332498577767 and parameters: {'k1': 0.004171326435959233, 'D_low': 1060.2088059773469, 'k2': 0.0005621258361800544, 'D_high': 9687086.280791502, 'fire_exp': 2.2930187779256888, 'P_half': 28.18884067831645, 'pre_dampen_half': 80.65927082298163, 'gpp_af': 0.001783828642759941, 'gpp_b': 0.0001562624902912516, 'gpp_d': 104.66045733920474, 'ign_k': 0.07802956634827662, 'ign_c': 29.178055907902255, 'trop_agb_crit': 15.143851855208458, 'trop_k_veg': 4.960697857289119, 'pop_amp': 0.016753171571081037, 'pop_peak': 0.13086225679999738, 'pop_sig': 0.2869906434401125, 'fuel_k': 0.9169878901629395, 'fuel_half': 0.17015505216815405}. Best is trial 1622 with value: -0.6125870653324885.
[I 2026-08-19 18:10:21,192] Trial 2366 finished with value: 0.4245236660802071 and parameters: {'k1': 0.0011502210618973103, 'D_low': 753.5234041180943, 'k2': 5.350023780521781e-05, 'D_high': 4816515.775196727, 'fire_exp': 1.8317730614374437, 'P_half': 5.559005771550458, 'pre_dampen_half': 1.5372720430328877, 'gpp_af': 0.2784278313834726, 'gpp_b': 1.656348428858681e-05, 'gpp_d': 6.796074243168795, 'ign_k': 0.18666381581287528, 'ign_c': 0.41316107475381275, 'trop_agb_crit': 6.036613409062548, 'trop_k_veg': 2.0179459720860584, 'pop_amp': 0.223472272437464, 'pop_peak': 0.3085697295957912, 'pop_sig': 0.4652423311969979, 'fuel_k': 0.041321431459014096, 'fuel_half': 0.41344035372850574}. Best is trial 1622 with value: -0.6125870653324885.
[I 2026-08-19 18:10:22,994] Trial 2367 finished with value: -0.5957712826088952 and parameters: {'k1': 0.07085992580658976, 'D_low': 2.817107801921678, 'k2': 3.162466481610101e-05, 'D_high': 5913207.158153931, 'fire_exp': 2.1260206085013316, 'P_half': 1.7187264879443245, 'pre_dampen_half': 15.668045647479355, 'gpp_af': 0.04276416948595803, 'gpp_b': 0.0005094890899023607, 'gpp_d': 506.126363793641, 'ign_k': 0.693548253759255, 'ign_c': 21.364675576465967, 'trop_agb_crit': 14.104089836228416, 'trop_k_veg': 0.7064341043908807, 'pop_amp': 0.009885635140364172, 'pop_peak': 3.9934124142125413, 'pop_sig': 0.8321952273178849, 'fuel_k': 0.05577479519392287, 'fuel_half': 17.09794191913252}. Best is trial 1622 with value: -0.6125870653324885.
  trial 2368/2500  best_overall=0.6126  (72.0 min)
[I 2026-08-19 18:10:25,342] Trial 2368 finished with value: 0.42698399600100534 and parameters: {'k1': 0.0207598422698286, 'D_low': 36.564051158634165, 'k2': 6.135460360678823e-05, 'D_high': 1500543.8148813783, 'fire_exp': 1.6083795683486835, 'P_half': 3.359716250444722, 'pre_dampen_half': 7.4236939675260185, 'gpp_af': 1.530599717630931, 'gpp_b': 0.11290169026204323, 'gpp_d': 36.92465230237795, 'ign_k': 0.5574951143617672, 'ign_c': 1.0446239080243411, 'trop_agb_crit': 6.056469920747302, 'trop_k_veg': 1.0376162035991614, 'pop_amp': 0.019172332011983765, 'pop_peak': 0.8680323355662201, 'pop_sig': 0.49883040096030073, 'fuel_k': 0.0779654504280528, 'fuel_half': 14.697492085365356}. Best is trial 1622 with value: -0.6125870653324885.
[I 2026-08-19 18:10:27,171] Trial 2369 finished with value: 0.5013921752621823 and parameters: {'k1': 0.003440783337355332, 'D_low': 956.2890099259399, 'k2': 0.0007922173418998771, 'D_high': 557352.1847313186, 'fire_exp': 4.064296222403456, 'P_half': 36.07596198473838, 'pre_dampen_half': 9.768549214680466, 'gpp_af': 1.123940925364235, 'gpp_b': 0.0004692003104678539, 'gpp_d': 814.6479110758887, 'ign_k': 0.05153832187798979, 'ign_c': 10.103278000670903, 'trop_agb_crit': 28.95657045343137, 'trop_k_veg': 3.6939296613609, 'pop_amp': 0.00403933027200093, 'pop_peak': 0.4958181924199105, 'pop_sig': 0.8049401283483136, 'fuel_k': 2.3026787518039042, 'fuel_half': 0.47341686655124604}. Best is trial 1622 with value: -0.6125870653324885.
[I 2026-08-19 18:10:28,992] Trial 2370 finished with value: 0.41758609480275066 and parameters: {'k1': 0.09627817653300472, 'D_low': 1.5210317591727247, 'k2': 1.560845922581775e-05, 'D_high': 5396680.340212772, 'fire_exp': 2.0771782997921675, 'P_half': 5.814607664832158, 'pre_dampen_half': 5.634963370079605, 'gpp_af': 0.004206640435014985, 'gpp_b': 0.00016428067406993596, 'gpp_d': 71.98959289591278, 'ign_k': 4.177705922694309, 'ign_c': 6.393655832474255, 'trop_agb_crit': 16.7492429416948, 'trop_k_veg': 0.9122202023490841, 'pop_amp': 0.0013319407543940854, 'pop_peak': 1.8973847116327613, 'pop_sig': 1.6036622584883096, 'fuel_k': 0.07869592952249056, 'fuel_half': 87.85820439238448}. Best is trial 1622 with value: -0.6125870653324885.
[I 2026-08-19 18:10:30,782] Trial 2371 finished with value: 0.6445396989944523 and parameters: {'k1': 0.05462518726183066, 'D_low': 1.045150649088041, 'k2': 1.0229107555981824e-05, 'D_high': 125267.71170807796, 'fire_exp': 2.6471432128364007, 'P_half': 1.5481329260136474, 'pre_dampen_half': 84.49448151848594, 'gpp_af': 0.7874112039785512, 'gpp_b': 0.0006497928608159783, 'gpp_d': 61.559321522019154, 'ign_k': 0.17408065274589135, 'ign_c': 108.80802698868034, 'trop_agb_crit': 12.463983753899663, 'trop_k_veg': 1.0924900370308188, 'pop_amp': 0.007897038757516054, 'pop_peak': 94.0648014349935, 'pop_sig': 0.7496338966783074, 'fuel_k': 0.24992571217659224, 'fuel_half': 24.9623373193652}. Best is trial 1622 with value: -0.6125870653324885.
[I 2026-08-19 18:10:32,638] Trial 2372 finished with value: 0.6132940499611913 and parameters: {'k1': 0.0002971554507177933, 'D_low': 77774.02282499669, 'k2': 0.008488048384579516, 'D_high': 154812.33835637683, 'fire_exp': 2.7581447063559574, 'P_half': 167.99441813323287, 'pre_dampen_half': 4.444196667697064, 'gpp_af': 0.3463843544471781, 'gpp_b': 0.0019812938401784423, 'gpp_d': 3.272800789440452, 'ign_k': 0.651317579270205, 'ign_c': 0.22891583963225914, 'trop_agb_crit': 3.6427220520946317, 'trop_k_veg': 2.831632432063664, 'pop_amp': 0.06339239105055451, 'pop_peak': 0.12405641170525106, 'pop_sig': 0.2904655243155126, 'fuel_k': 5.425305018937913, 'fuel_half': 3.6284637863425755}. Best is trial 1622 with value: -0.6125870653324885.
[I 2026-08-19 18:10:34,459] Trial 2373 finished with value: 0.5547715508659455 and parameters: {'k1': 0.0003398736892661325, 'D_low': 2622.655014159036, 'k2': 0.0009157639014477384, 'D_high': 31539.779078057763, 'fire_exp': 1.2026353721304663, 'P_half': 1818.4748867554893, 'pre_dampen_half': 4.303335904674715, 'gpp_af': 0.09870945792245948, 'gpp_b': 0.0025553176749479596, 'gpp_d': 756.4897418348684, 'ign_k': 3.1207500257134475, 'ign_c': 6.737760493266373, 'trop_agb_crit': 17.069306752557054, 'trop_k_veg': 2.5620492326629525, 'pop_amp': 0.006090265830112708, 'pop_peak': 6.84941537786272, 'pop_sig': 0.33991044860643027, 'fuel_k': 0.06610599769064127, 'fuel_half': 1.394077012548425}. Best is trial 1622 with value: -0.6125870653324885.
[I 2026-08-19 18:10:36,255] Trial 2374 finished with value: 0.6445374145881376 and parameters: {'k1': 0.05447330088054589, 'D_low': 2.696872785701943, 'k2': 8.805612954033083e-05, 'D_high': 6520516.114515017, 'fire_exp': 1.0850352271478167, 'P_half': 3.7954622420349393, 'pre_dampen_half': 98.94026991467221, 'gpp_af': 0.09599204975303265, 'gpp_b': 0.00022288162650821358, 'gpp_d': 964.9789927736069, 'ign_k': 0.300604366588805, 'ign_c': 490.2319426556367, 'trop_agb_crit': 18.515085516953892, 'trop_k_veg': 0.5286469285422634, 'pop_amp': 0.0022657356315646205, 'pop_peak': 4.358946123330218, 'pop_sig': 1.1151117567201887, 'fuel_k': 0.16115582985328233, 'fuel_half': 47.80678150750198}. Best is trial 1622 with value: -0.6125870653324885.
[I 2026-08-19 18:10:38,145] Trial 2375 finished with value: 0.4851844430050617 and parameters: {'k1': 0.07163243108952938, 'D_low': 22.04170321044811, 'k2': 3.315301975432627e-05, 'D_high': 691800.0727211674, 'fire_exp': 1.700601468388093, 'P_half': 3.0341566292565108, 'pre_dampen_half': 95.61396965900127, 'gpp_af': 0.10099154709694484, 'gpp_b': 0.0004586994522938295, 'gpp_d': 170.272324498837, 'ign_k': 2.5509797352040184, 'ign_c': 8.53566589797861, 'trop_agb_crit': 10.641321858765725, 'trop_k_veg': 0.8755246737478222, 'pop_amp': 0.005094596354754653, 'pop_peak': 1.0015505503726754, 'pop_sig': 0.6752220649622471, 'fuel_k': 0.12761455297340124, 'fuel_half': 28.25135132993042}. Best is trial 1622 with value: -0.6125870653324885.
[I 2026-08-19 18:10:40,023] Trial 2376 finished with value: 0.6028150627505297 and parameters: {'k1': 0.047658043147578245, 'D_low': 1.1564651760190392, 'k2': 6.744783152325465e-05, 'D_high': 775145.7945652792, 'fire_exp': 1.9584481754045786, 'P_half': 231.14704938349968, 'pre_dampen_half': 4.088905171392178, 'gpp_af': 0.002772961354590204, 'gpp_b': 0.03223761880588118, 'gpp_d': 569.553237887381, 'ign_k': 0.15618432630881934, 'ign_c': 30.868813060525767, 'trop_agb_crit': 2.3459745884882564, 'trop_k_veg': 0.8404915436636596, 'pop_amp': 0.010100629579233739, 'pop_peak': 8.802842008453341, 'pop_sig': 0.7730845106317557, 'fuel_k': 0.15930492426951343, 'fuel_half': 8.665493751792132}. Best is trial 1622 with value: -0.6125870653324885.
