[I 2026-07-25 00:31:38,901] Trial 288 finished with value: 0.5680106544606647 and parameters: {'k1': 1.961828357989376e-05, 'D_low': 17.74357283726348, 'k2': 0.0005512853531426872, 'D_high': 1218.6578362934401, 'fire_exp': 1.5318734130216614, 'P_half': 41.663316991918464, 'pre_dampen_half': 0.03235562693810673, 'gpp_af': 0.0116154347780292, 'gpp_b': 6.821944451174536e-05, 'gpp_d': 115.53676484941755, 'ign_k': 0.2678232591674936, 'ign_c': 0.15299723152764064, 'trop_agb_crit': 3.1207693300200563, 'trop_k_veg': 6.785079071667036, 'gdp_gamma': 0.7803817876329369, 'cure_k': 0.026448672124403366, 'cure_p_min': 305.83093963746364, 'cure_gpp_ref': 0.4705634157327284, 'cure_agb_crit': 2.019998880006038, 'fuel_k': 0.0789524370528172, 'fuel_half': 2.030131912983975}. Best is trial 0 with value: -0.6232552202351066.
[I 2026-07-25 00:31:39,347] Trial 289 finished with value: 0.6005786436921036 and parameters: {'k1': 0.0009794904861406427, 'D_low': 59244.372992248216, 'k2': 0.018403055901583962, 'D_high': 9094936.131115982, 'fire_exp': 3.964792974923001, 'P_half': 8.793444227793996, 'pre_dampen_half': 5.649806892912039, 'gpp_af': 52.758949689138845, 'gpp_b': 0.00031891576891112565, 'gpp_d': 134.03065252916187, 'ign_k': 0.004085844387844018, 'ign_c': 0.21470815282348593, 'trop_agb_crit': 14.116701981426269, 'trop_k_veg': 1.3258113768931192, 'gdp_gamma': 1.9090501337279542, 'cure_k': 0.6596605953474255, 'cure_p_min': 206.22907350686793, 'cure_gpp_ref': 0.20169813883271573, 'cure_agb_crit': 4.041401951157578, 'fuel_k': 0.013241755390229055, 'fuel_half': 9.682172394107058}. Best is trial 0 with value: -0.6232552202351066.
[I 2026-07-25 00:31:39,795] Trial 290 finished with value: 0.4618937571575754 and parameters: {'k1': 0.00014583195597051753, 'D_low': 144.31862805462143, 'k2': 0.000173763081227758, 'D_high': 34922.22610270166, 'fire_exp': 2.3083180021638707, 'P_half': 210.29918958455585, 'pre_dampen_half': 353.8580126225648, 'gpp_af': 0.027093487870042635, 'gpp_b': 0.0015611027294130755, 'gpp_d': 691.5052693301687, 'ign_k': 0.01780429842875014, 'ign_c': 42.387861744104136, 'trop_agb_crit': 1.906690289064877, 'trop_k_veg': 4.897544701269917, 'gdp_gamma': 0.5657219300823391, 'cure_k': 0.27190480482679086, 'cure_p_min': 237.22429517729017, 'cure_gpp_ref': 0.21812137136767232, 'cure_agb_crit': 1.4639685584454536, 'fuel_k': 0.09316415532196416, 'fuel_half': 18.998326363996803}. Best is trial 0 with value: -0.6232552202351066.
[I 2026-07-25 00:31:40,244] Trial 291 finished with value: 0.5696704010704672 and parameters: {'k1': 0.00010702131698708006, 'D_low': 14.127043046497004, 'k2': 3.0067311787578078e-05, 'D_high': 2333.2018582279266, 'fire_exp': 1.245478010931047, 'P_half': 1008.9974631160997, 'pre_dampen_half': 340.75422219270644, 'gpp_af': 0.058279749243831724, 'gpp_b': 1.787508566537361e-05, 'gpp_d': 0.590299694835538, 'ign_k': 0.003548836896353472, 'ign_c': 822.0931836989063, 'trop_agb_crit': 4.566832407817515, 'trop_k_veg': 4.473627201524411, 'gdp_gamma': 1.1830376807637732, 'cure_k': 0.3799791547397643, 'cure_p_min': 233.3633912555635, 'cure_gpp_ref': 1.0651214173719532, 'cure_agb_crit': 1.0433843560110223, 'fuel_k': 0.42888948943795846, 'fuel_half': 2.833651957115664}. Best is trial 0 with value: -0.6232552202351066.
[I 2026-07-25 00:31:40,690] Trial 292 finished with value: 0.5873479894062518 and parameters: {'k1': 0.00010195332495764501, 'D_low': 1499.9218233433076, 'k2': 0.005370264911754179, 'D_high': 962.3263610623753, 'fire_exp': 1.2508714253740867, 'P_half': 8.709301690433847, 'pre_dampen_half': 1.2732271563241948, 'gpp_af': 0.2158375418477837, 'gpp_b': 0.00011106904970002153, 'gpp_d': 28.673254162303408, 'ign_k': 0.015555174779648122, 'ign_c': 0.10606344165656803, 'trop_agb_crit': 5.552276768021465, 'trop_k_veg': 6.029918326400415, 'gdp_gamma': 0.4587123780411891, 'cure_k': 0.06530306743621078, 'cure_p_min': 375.2059262611396, 'cure_gpp_ref': 0.0972860618714252, 'cure_agb_crit': 2.289943634941555, 'fuel_k': 0.012882322932284251, 'fuel_half': 0.9067568441340706}. Best is trial 0 with value: -0.6232552202351066.
[I 2026-07-25 00:31:41,136] Trial 293 finished with value: 0.5065587831113454 and parameters: {'k1': 1.2347186900574628e-05, 'D_low': 119.6721759333127, 'k2': 4.2283736355010416e-05, 'D_high': 446707.6634013371, 'fire_exp': 1.3990764554059558, 'P_half': 63.68086179389894, 'pre_dampen_half': 3.8101402232049204, 'gpp_af': 0.3413262790550611, 'gpp_b': 9.206605994164913e-05, 'gpp_d': 1.4981072253038576, 'ign_k': 0.031392824734519716, 'ign_c': 8.002822833541305, 'trop_agb_crit': 1.217800808309815, 'trop_k_veg': 4.7188293024716055, 'gdp_gamma': 0.026017876121670506, 'cure_k': 0.007307272932029694, 'cure_p_min': 389.3413949436245, 'cure_gpp_ref': 0.3407688938014079, 'cure_agb_crit': 2.0547463561104746, 'fuel_k': 0.08363842693833912, 'fuel_half': 3.3464688843481993}. Best is trial 0 with value: -0.6232552202351066.
[I 2026-07-25 00:31:41,593] Trial 294 finished with value: 0.5622928878276987 and parameters: {'k1': 7.952792017112913e-05, 'D_low': 29885.413016885872, 'k2': 5.943082727118986e-05, 'D_high': 54042.5193400396, 'fire_exp': 1.5399129858507772, 'P_half': 3.728339946561054, 'pre_dampen_half': 28.68673036628322, 'gpp_af': 0.0028925066946713144, 'gpp_b': 2.27061500253954e-05, 'gpp_d': 8.388687881401497, 'ign_k': 0.0021469231342992716, 'ign_c': 244.84990062171954, 'trop_agb_crit': 6.066378993462553, 'trop_k_veg': 1.985360119367323, 'gdp_gamma': 0.6704187519515628, 'cure_k': 0.01161824480720175, 'cure_p_min': 374.4773507075888, 'cure_gpp_ref': 0.08850906198520984, 'cure_agb_crit': 1.1201261228990205, 'fuel_k': 0.02458258664475259, 'fuel_half': 4.484817506293365}. Best is trial 0 with value: -0.6232552202351066.
[I 2026-07-25 00:31:42,078] Trial 295 finished with value: 0.5644241078584012 and parameters: {'k1': 0.0019277297983200515, 'D_low': 10.311865030104956, 'k2': 0.00023642810404664584, 'D_high': 583031.8666673797, 'fire_exp': 3.7690476602273595, 'P_half': 229.86863302706686, 'pre_dampen_half': 87.60720433391529, 'gpp_af': 0.006924507144307819, 'gpp_b': 4.2293429454646686e-05, 'gpp_d': 1.1698650580804115, 'ign_k': 0.004871346363537872, 'ign_c': 1.4776594181787541, 'trop_agb_crit': 12.040950207030749, 'trop_k_veg': 6.007811350664227, 'gdp_gamma': 0.26124055423777504, 'cure_k': 0.017540333480270606, 'cure_p_min': 329.7631006543233, 'cure_gpp_ref': 0.18422352391679309, 'cure_agb_crit': 1.1141556870084333, 'fuel_k': 0.018635093632175272, 'fuel_half': 0.1646722363493807}. Best is trial 0 with value: -0.6232552202351066.
[I 2026-07-25 00:31:42,536] Trial 296 finished with value: 0.535705440559786 and parameters: {'k1': 0.00011089753267738682, 'D_low': 176.0575629998962, 'k2': 0.02798733504858558, 'D_high': 61202.817609038466, 'fire_exp': 1.67496765990672, 'P_half': 2.43661790099755, 'pre_dampen_half': 4.931816602928825, 'gpp_af': 0.07946675495591388, 'gpp_b': 3.290147086062456e-05, 'gpp_d': 48.50522457585978, 'ign_k': 0.007534171259036307, 'ign_c': 0.4454381065011489, 'trop_agb_crit': 11.939458264979345, 'trop_k_veg': 1.127345838210368, 'gdp_gamma': 0.10964567967257528, 'cure_k': 0.004715131707883685, 'cure_p_min': 147.7386649699981, 'cure_gpp_ref': 0.16360969647946336, 'cure_agb_crit': 1.937455725460145, 'fuel_k': 0.21603517296685215, 'fuel_half': 17.18003961823515}. Best is trial 0 with value: -0.6232552202351066.
[I 2026-07-25 00:31:42,986] Trial 297 finished with value: 0.5822163798285052 and parameters: {'k1': 0.042980914740024564, 'D_low': 8329.582525432985, 'k2': 0.0935530380534389, 'D_high': 4375784.502620747, 'fire_exp': 3.730353223994523, 'P_half': 96.48615470576513, 'pre_dampen_half': 297.4971486699459, 'gpp_af': 0.0013674034255160058, 'gpp_b': 5.8514075958651575e-05, 'gpp_d': 62.79388583107759, 'ign_k': 0.015933705596823475, 'ign_c': 6.6557224228329295, 'trop_agb_crit': 3.8547405435679876, 'trop_k_veg': 0.5469844618678892, 'gdp_gamma': 0.37377399035672554, 'cure_k': 0.006063749665879594, 'cure_p_min': 128.54519339725638, 'cure_gpp_ref': 0.3884105522584235, 'cure_agb_crit': 5.4104223441569035, 'fuel_k': 0.193301543896854, 'fuel_half': 1.7145966867491258}. Best is trial 0 with value: -0.6232552202351066.
[I 2026-07-25 00:31:43,432] Trial 298 finished with value: -0.5264637335729926 and parameters: {'k1': 6.661107633104578e-05, 'D_low': 140.5926951627102, 'k2': 3.6382701648995976e-05, 'D_high': 520.5651437376856, 'fire_exp': 2.5662291932074157, 'P_half': 1.5669419505836526, 'pre_dampen_half': 23.22267477639085, 'gpp_af': 0.006341376138729267, 'gpp_b': 3.931693772137389e-05, 'gpp_d': 37.304635944497576, 'ign_k': 0.0027928153090902375, 'ign_c': 2.929946756802096, 'trop_agb_crit': 6.94877024644639, 'trop_k_veg': 7.488083792845797, 'gdp_gamma': 1.0314614227142818, 'cure_k': 0.24029801247914748, 'cure_p_min': 365.51909639858474, 'cure_gpp_ref': 0.11652991419744214, 'cure_agb_crit': 1.334790177531105, 'fuel_k': 0.026545374828297198, 'fuel_half': 0.16561069221280458}. Best is trial 0 with value: -0.6232552202351066.
[I 2026-07-25 00:31:43,879] Trial 299 finished with value: 0.49458069953003037 and parameters: {'k1': 5.0084507844678206e-05, 'D_low': 1.3883023233332017, 'k2': 0.0001255074471286989, 'D_high': 293944.2684630614, 'fire_exp': 1.0295975751247588, 'P_half': 900.8584894852919, 'pre_dampen_half': 0.43751289101036667, 'gpp_af': 0.025019108883391452, 'gpp_b': 0.0001936949431135972, 'gpp_d': 2.6159376640605743, 'ign_k': 0.10563966817548394, 'ign_c': 0.8298089860236106, 'trop_agb_crit': 1.6441411505827082, 'trop_k_veg': 7.944835686250956, 'gdp_gamma': 0.10441426298128431, 'cure_k': 0.0868517456521589, 'cure_p_min': 268.0450144260524, 'cure_gpp_ref': 0.09097377195673466, 'cure_agb_crit': 1.9788777553530776, 'fuel_k': 0.011343424321483676, 'fuel_half': 3.6794528256233496}. Best is trial 0 with value: -0.6232552202351066.
[I 2026-07-25 00:31:44,324] Trial 300 finished with value: 0.5592650938119018 and parameters: {'k1': 3.5716863501466384e-05, 'D_low': 1.4872301393913816, 'k2': 0.054070066655037156, 'D_high': 1663708.7162186129, 'fire_exp': 5.365269780507092, 'P_half': 27.466798384022653, 'pre_dampen_half': 313.44673449852365, 'gpp_af': 0.6185459621349302, 'gpp_b': 1.7375761366967362e-05, 'gpp_d': 184.4018365393871, 'ign_k': 0.014237587748987535, 'ign_c': 4.368904900328499, 'trop_agb_crit': 3.2555303711895007, 'trop_k_veg': 0.8019062323155302, 'gdp_gamma': 0.9172195243413293, 'cure_k': 0.002643591178775836, 'cure_p_min': 235.39915310792185, 'cure_gpp_ref': 0.41960683720633424, 'cure_agb_crit': 1.8537876444630095, 'fuel_k': 3.4712355845455294, 'fuel_half': 4.363895754344044}. Best is trial 0 with value: -0.6232552202351066.
[I 2026-07-25 00:31:44,774] Trial 301 finished with value: 0.5394248850802702 and parameters: {'k1': 0.00011239395858571886, 'D_low': 16.356587397241867, 'k2': 0.09861890797848695, 'D_high': 69658.2947719976, 'fire_exp': 6.922002332164495, 'P_half': 266.6810223567917, 'pre_dampen_half': 68.10818278812394, 'gpp_af': 0.0010645799641184558, 'gpp_b': 0.0001853060491770408, 'gpp_d': 0.15652623990256073, 'ign_k': 0.2838242412860527, 'ign_c': 5.2418826797799, 'trop_agb_crit': 17.07758294919099, 'trop_k_veg': 1.7457243021509263, 'gdp_gamma': 0.9586594560434503, 'cure_k': 0.004776874557857508, 'cure_p_min': 170.3789896507745, 'cure_gpp_ref': 0.06477196441237312, 'cure_agb_crit': 2.3158874827258433, 'fuel_k': 2.633890574899462, 'fuel_half': 21.450931343348532}. Best is trial 0 with value: -0.6232552202351066.
[I 2026-07-25 00:31:45,220] Trial 302 finished with value: 0.5624972270558826 and parameters: {'k1': 1.751605627845076e-05, 'D_low': 2023.0938859175913, 'k2': 2.624383062110041e-05, 'D_high': 469802.64845379326, 'fire_exp': 1.6225219092201424, 'P_half': 6.617397459882258, 'pre_dampen_half': 5.294910110334673, 'gpp_af': 0.0011044172617977782, 'gpp_b': 0.00024331545405938262, 'gpp_d': 94.78255933610629, 'ign_k': 0.006765360412118606, 'ign_c': 35.395401317661964, 'trop_agb_crit': 13.55640355314676, 'trop_k_veg': 3.1342232178312868, 'gdp_gamma': 0.5943138586170907, 'cure_k': 0.8942902355630918, 'cure_p_min': 287.0627701208546, 'cure_gpp_ref': 0.24354609458552628, 'cure_agb_crit': 1.0177096109283943, 'fuel_k': 0.04894377019342191, 'fuel_half': 1.213789814328675}. Best is trial 0 with value: -0.6232552202351066.
[I 2026-07-25 00:31:45,666] Trial 303 finished with value: -0.5607519610551951 and parameters: {'k1': 0.0001870312105095181, 'D_low': 66.42384708264251, 'k2': 0.0011536068260089595, 'D_high': 3009.3877097977056, 'fire_exp': 1.0162787264993653, 'P_half': 13.903926633827796, 'pre_dampen_half': 0.8220716242113213, 'gpp_af': 0.002572768129863106, 'gpp_b': 1.76212697523349e-05, 'gpp_d': 418.2726536607521, 'ign_k': 0.04638188321522323, 'ign_c': 1.5552621744713782, 'trop_agb_crit': 4.100896646316913, 'trop_k_veg': 5.601028200341909, 'gdp_gamma': 1.156170281219592, 'cure_k': 0.08785799186493792, 'cure_p_min': 398.5945718706825, 'cure_gpp_ref': 0.4273602605790343, 'cure_agb_crit': 2.4624792974791427, 'fuel_k': 0.015590460762499963, 'fuel_half': 1.5507300116666092}. Best is trial 0 with value: -0.6232552202351066.
[I 2026-07-25 00:31:46,112] Trial 304 finished with value: 0.5678452591546813 and parameters: {'k1': 0.0007847559215866002, 'D_low': 898.2502642242746, 'k2': 0.012213916594628822, 'D_high': 1419099.762344431, 'fire_exp': 3.2368031827754575, 'P_half': 528.1848283956043, 'pre_dampen_half': 2.408557823286826, 'gpp_af': 6.945637980155167, 'gpp_b': 9.919271334433142e-05, 'gpp_d': 2.8482267847241745, 'ign_k': 0.006615853614906089, 'ign_c': 0.30074902538651294, 'trop_agb_crit': 4.783602590332672, 'trop_k_veg': 1.007062805947783, 'gdp_gamma': 0.5527475378597294, 'cure_k': 0.05000435732019574, 'cure_p_min': 338.0587610702663, 'cure_gpp_ref': 0.1300939889731488, 'cure_agb_crit': 6.3933119685299244, 'fuel_k': 0.11826432998821684, 'fuel_half': 7.6524704415356855}. Best is trial 0 with value: -0.6232552202351066.
[I 2026-07-25 00:31:46,564] Trial 305 finished with value: -0.5132070068722904 and parameters: {'k1': 6.56162420552289e-05, 'D_low': 5.827897537129232, 'k2': 0.004771602789788069, 'D_high': 56252.56454873911, 'fire_exp': 1.2509804997124483, 'P_half': 68.76440629418785, 'pre_dampen_half': 3.1939257572725164, 'gpp_af': 0.02987058571359014, 'gpp_b': 2.9820744755769265e-05, 'gpp_d': 741.003087076811, 'ign_k': 0.029568886624639818, 'ign_c': 2.394756517007306, 'trop_agb_crit': 7.036660266246504, 'trop_k_veg': 1.4272384365954431, 'gdp_gamma': 0.18888094917411125, 'cure_k': 0.003571263392711765, 'cure_p_min': 172.446808784791, 'cure_gpp_ref': 0.24602458852377845, 'cure_agb_crit': 3.7247868268896047, 'fuel_k': 0.1346004041692095, 'fuel_half': 82.25525289627163}. Best is trial 0 with value: -0.6232552202351066.
[I 2026-07-25 00:31:47,012] Trial 306 finished with value: 0.6584160115408721 and parameters: {'k1': 0.0002243708452006688, 'D_low': 50.837307215512176, 'k2': 0.0010488538949494511, 'D_high': 228185.18898272532, 'fire_exp': 1.085931663668257, 'P_half': 10.408290333204592, 'pre_dampen_half': 27.367613488795207, 'gpp_af': 0.03078989569327538, 'gpp_b': 2.7026682112551672e-05, 'gpp_d': 138.50207156887973, 'ign_k': 0.07181001273650241, 'ign_c': 1.770993211032488, 'trop_agb_crit': 2.685374094085931, 'trop_k_veg': 6.3460765083337405, 'gdp_gamma': 1.0831112432504142, 'cure_k': 0.03968938456143546, 'cure_p_min': 278.2829445426355, 'cure_gpp_ref': 0.28413734720822714, 'cure_agb_crit': 1.790903287305893, 'fuel_k': 0.1360723462541556, 'fuel_half': 2.059108116822696}. Best is trial 0 with value: -0.6232552202351066.
[I 2026-07-25 00:31:47,459] Trial 307 finished with value: 0.4055668095784617 and parameters: {'k1': 0.011108008784637701, 'D_low': 128.04982321802078, 'k2': 0.00014125748234291975, 'D_high': 2410642.655999567, 'fire_exp': 1.2025518114817622, 'P_half': 1233.0309098332948, 'pre_dampen_half': 1.1162865626862049, 'gpp_af': 0.014732870786296001, 'gpp_b': 0.00023389051705607905, 'gpp_d': 650.1568061896212, 'ign_k': 0.0032266743001129333, 'ign_c': 52.72760119202217, 'trop_agb_crit': 18.302473252442766, 'trop_k_veg': 2.176427759721165, 'gdp_gamma': 0.995143428961627, 'cure_k': 0.003682897571591207, 'cure_p_min': 170.6464516406226, 'cure_gpp_ref': 0.11128762260750343, 'cure_agb_crit': 4.124179700913466, 'fuel_k': 0.013189205531891608, 'fuel_half': 8.338920805487778}. Best is trial 0 with value: -0.6232552202351066.
[I 2026-07-25 00:31:47,911] Trial 308 finished with value: 0.49472894983471094 and parameters: {'k1': 0.012587815191610736, 'D_low': 5.90830013096249, 'k2': 0.004993988172520397, 'D_high': 5057713.0005539395, 'fire_exp': 1.373031306951417, 'P_half': 2025.3658827448044, 'pre_dampen_half': 240.9318893147587, 'gpp_af': 0.07170774326225936, 'gpp_b': 6.990241545435123e-05, 'gpp_d': 857.9322104609091, 'ign_k': 0.004795721633231793, 'ign_c': 261.2298168376076, 'trop_agb_crit': 9.027431384658131, 'trop_k_veg': 0.924485175727019, 'gdp_gamma': 1.1481026238147758, 'cure_k': 0.0011990771572200109, 'cure_p_min': 125.09554019524896, 'cure_gpp_ref': 0.7764582267275488, 'cure_agb_crit': 4.887553862206138, 'fuel_k': 0.018484511364915267, 'fuel_half': 89.73322802099509}. Best is trial 0 with value: -0.6232552202351066.
[I 2026-07-25 00:31:48,357] Trial 309 finished with value: 0.49869660975830277 and parameters: {'k1': 7.165978467463428e-05, 'D_low': 2.491813840883129, 'k2': 0.0010952387910956008, 'D_high': 19083.330890142097, 'fire_exp': 1.6026945460988262, 'P_half': 36.36984244822184, 'pre_dampen_half': 0.0665128968589412, 'gpp_af': 0.01882412060720836, 'gpp_b': 5.6555379965246376e-05, 'gpp_d': 264.92626329350674, 'ign_k': 0.01156758379442076, 'ign_c': 1.2218629627014108, 'trop_agb_crit': 8.361952920580237, 'trop_k_veg': 6.021139229428454, 'gdp_gamma': 1.1531266383356273, 'cure_k': 0.043748956775658404, 'cure_p_min': 379.5927143005467, 'cure_gpp_ref': 0.18735721513594197, 'cure_agb_crit': 1.4215157024379326, 'fuel_k': 0.017632287122554748, 'fuel_half': 0.8017294535181644}. Best is trial 0 with value: -0.6232552202351066.
[I 2026-07-25 00:31:48,802] Trial 310 finished with value: 0.5745095447224637 and parameters: {'k1': 0.0013010156271283009, 'D_low': 15.415407201967717, 'k2': 0.0011388784049123225, 'D_high': 3730.641829396136, 'fire_exp': 1.0243372397281412, 'P_half': 67.32346210996093, 'pre_dampen_half': 9.588422270907724, 'gpp_af': 0.01878439219959725, 'gpp_b': 1.7000890207168082e-05, 'gpp_d': 144.15824146657604, 'ign_k': 0.13539536428996848, 'ign_c': 2.512950158173466, 'trop_agb_crit': 9.167374487006429, 'trop_k_veg': 5.254558925380734, 'gdp_gamma': 1.8598048601601658, 'cure_k': 0.05626638232962076, 'cure_p_min': 282.8020751603235, 'cure_gpp_ref': 0.3927952758136319, 'cure_agb_crit': 2.16137993945669, 'fuel_k': 0.011855180250078314, 'fuel_half': 2.044753008059115}. Best is trial 0 with value: -0.6232552202351066.
[I 2026-07-25 00:31:49,247] Trial 311 finished with value: 0.6054537269034628 and parameters: {'k1': 0.03917342200975142, 'D_low': 30.068573773670636, 'k2': 0.012297845074301818, 'D_high': 5503593.680646466, 'fire_exp': 1.2131901785616312, 'P_half': 789.7318450079604, 'pre_dampen_half': 880.9260808528957, 'gpp_af': 0.012514779472797456, 'gpp_b': 4.540046401886214e-05, 'gpp_d': 311.0409532045502, 'ign_k': 2.418577825574267, 'ign_c': 942.1610263220429, 'trop_agb_crit': 29.994318149321067, 'trop_k_veg': 1.831746426482301, 'gdp_gamma': 0.10475735941304504, 'cure_k': 0.0015114515631798795, 'cure_p_min': 198.3855064098957, 'cure_gpp_ref': 0.7935761870042157, 'cure_agb_crit': 6.383983788598027, 'fuel_k': 0.019657718889822873, 'fuel_half': 1.849022488233673}. Best is trial 0 with value: -0.6232552202351066.
[I 2026-07-25 00:31:49,694] Trial 312 finished with value: 0.5521342557850674 and parameters: {'k1': 0.0007074475512024351, 'D_low': 45.34285370100146, 'k2': 1.4654932875044794e-05, 'D_high': 965751.6837302143, 'fire_exp': 1.3225101998757283, 'P_half': 5619.117998482536, 'pre_dampen_half': 19.00317573149034, 'gpp_af': 0.001925813829030048, 'gpp_b': 0.3475162935648317, 'gpp_d': 82.79840994503544, 'ign_k': 0.011723886569438425, 'ign_c': 5.093721178586116, 'trop_agb_crit': 1.2021480535063063, 'trop_k_veg': 5.447749196422939, 'gdp_gamma': 0.4098002775119984, 'cure_k': 0.0861670289721268, 'cure_p_min': 188.24775138974698, 'cure_gpp_ref': 0.32387341544220083, 'cure_agb_crit': 1.3719473102618134, 'fuel_k': 0.046479368926133004, 'fuel_half': 11.604309096119833}. Best is trial 0 with value: -0.6232552202351066.
[I 2026-07-25 00:31:50,137] Trial 313 finished with value: 0.5822453275239168 and parameters: {'k1': 0.0010722847348714408, 'D_low': 496.1813668503621, 'k2': 0.0017539352102496002, 'D_high': 5627737.034804669, 'fire_exp': 1.0389597766021743, 'P_half': 3715.7688467788994, 'pre_dampen_half': 11.159274581077558, 'gpp_af': 0.001244944974925542, 'gpp_b': 0.0011509994552727253, 'gpp_d': 149.42960317200487, 'ign_k': 0.002736332115472977, 'ign_c': 2.69125310392041, 'trop_agb_crit': 21.205964376934336, 'trop_k_veg': 1.77728337300216, 'gdp_gamma': 0.09650973321333757, 'cure_k': 0.0050178062048457156, 'cure_p_min': 109.50892717686624, 'cure_gpp_ref': 0.09673795843992242, 'cure_agb_crit': 5.626298614548462, 'fuel_k': 0.03714040481835281, 'fuel_half': 19.306867045952142}. Best is trial 0 with value: -0.6232552202351066.
