[I 2026-08-14 14:24:43,799] Trial 773 finished with values: [-0.40218314083471995, 0.738994191199492] and parameters: {'k1': 0.0003713474360443033, 'D_low': 126.11058927054879, 'k2': 0.006051580666890612, 'D_high': 160625.60954780428, 'fire_exp': 1.182396148413737, 'P_half': 269.74113434525447, 'pre_dampen_half': 3.659675301686169, 'gpp_af': 0.0876577878178163, 'gpp_b': 0.00024732964314480056, 'gpp_d': 314.6826989726468, 'ign_k': 1.6074906204277295, 'ign_c': 0.18316165443932733, 'trop_agb_crit': 2.3118820898020997, 'trop_k_veg': 4.844706510617515, 'fuel_k': 5.486054129200969, 'fuel_half': 0.14319038307687884}.
[I 2026-08-14 14:24:45,726] Trial 774 finished with values: [-0.41914955785773617, 0.0005927714845305188] and parameters: {'k1': 0.0131638092522722, 'D_low': 2.0349553327469425, 'k2': 2.5299503921303695e-05, 'D_high': 160625.60954780428, 'fire_exp': 1.7973831035976209, 'P_half': 1938.3858782150498, 'pre_dampen_half': 0.03333029838740256, 'gpp_af': 0.16983565276584273, 'gpp_b': 0.00012906175696809457, 'gpp_d': 3.0023172465753074, 'ign_k': 0.03141110271934876, 'ign_c': 3.0378658251922155, 'trop_agb_crit': 15.53776736258787, 'trop_k_veg': 3.1061628445647007, 'fuel_k': 0.029111707920759254, 'fuel_half': 35.2847426865637}.
[I 2026-08-14 14:24:47,721] Trial 775 finished with values: [-0.39986895324117433, 3.169054691998241e-07] and parameters: {'k1': 0.0012329098365270509, 'D_low': 2.607160725470918, 'k2': 0.0009670857606743155, 'D_high': 316055.11434645514, 'fire_exp': 1.9439887028475722, 'P_half': 7683.876502998063, 'pre_dampen_half': 0.03411860497758073, 'gpp_af': 0.03934396739328546, 'gpp_b': 0.015382154459808445, 'gpp_d': 0.01307253094873642, 'ign_k': 0.04380580767905655, 'ign_c': 0.13229646467088635, 'trop_agb_crit': 2.1775224101934065, 'trop_k_veg': 2.417028380770307, 'fuel_k': 0.5588539902953054, 'fuel_half': 42.89592532297351}.
[I 2026-08-14 14:24:49,795] Trial 776 finished with values: [-0.4229853594682841, 0.0005704430607322841] and parameters: {'k1': 0.0029282035181080004, 'D_low': 367.4904945305323, 'k2': 0.011469197890812934, 'D_high': 39079.671568228776, 'fire_exp': 1.6733848721157607, 'P_half': 1938.3858782150498, 'pre_dampen_half': 0.043181981126981975, 'gpp_af': 0.008983355849178878, 'gpp_b': 1.6569065206637924e-05, 'gpp_d': 0.012284844784580964, 'ign_k': 0.567034633562729, 'ign_c': 15.221840161091626, 'trop_agb_crit': 13.98132484257899, 'trop_k_veg': 0.6921865222804094, 'fuel_k': 5.486054129200969, 'fuel_half': 2.100333410321807}.
[I 2026-08-14 14:24:52,115] Trial 777 finished with values: [-0.36551283841694315, 0.0] and parameters: {'k1': 0.0004688858519834985, 'D_low': 367.4904945305323, 'k2': 1.263794633808287e-05, 'D_high': 16.752866684650684, 'fire_exp': 1.2429193829348841, 'P_half': 1535.1441568398143, 'pre_dampen_half': 0.10609580257119508, 'gpp_af': 0.0023751383317256927, 'gpp_b': 2.788681037423117, 'gpp_d': 8.144272585223819, 'ign_k': 0.04380580767905655, 'ign_c': 105.24574681335613, 'trop_agb_crit': 5.881906289439389, 'trop_k_veg': 7.151800917825274, 'fuel_k': 1.6630228777630973, 'fuel_half': 3.7093134348291836}.
[I 2026-08-14 14:24:54,076] Trial 778 finished with values: [-0.4082112597720274, 7.924240141843342e-07] and parameters: {'k1': 0.0004688858519834985, 'D_low': 9.222492453004657, 'k2': 1.854837679096716e-05, 'D_high': 5568672.881423475, 'fire_exp': 1.2429193829348841, 'P_half': 48.464976792190825, 'pre_dampen_half': 0.10609580257119508, 'gpp_af': 0.0023751383317256927, 'gpp_b': 0.07311344697279921, 'gpp_d': 8.144272585223819, 'ign_k': 0.04380580767905655, 'ign_c': 105.24574681335613, 'trop_agb_crit': 2.3118820898020997, 'trop_k_veg': 0.6921865222804094, 'fuel_k': 0.06382243375381637, 'fuel_half': 57.882001937752435}.
[I 2026-08-14 14:24:56,060] Trial 779 finished with values: [-0.37255768441425147, 1.0033096575767786e-10] and parameters: {'k1': 0.0010204225357677778, 'D_low': 4.043300846639722, 'k2': 0.00010939944910100016, 'D_high': 38111.59226078823, 'fire_exp': 2.1589564941849333, 'P_half': 1212.4080603355412, 'pre_dampen_half': 0.03411860497758073, 'gpp_af': 0.0023751383317256927, 'gpp_b': 0.9407903301838397, 'gpp_d': 2.292633983096564, 'ign_k': 0.567034633562729, 'ign_c': 3.0378658251922155, 'trop_agb_crit': 13.98132484257899, 'trop_k_veg': 1.128469461526162, 'fuel_k': 1.6630228777630973, 'fuel_half': 12.136386887218588}.
[I 2026-08-14 14:24:58,077] Trial 780 finished with values: [-0.4131685194117723, 0.0002776752310650332] and parameters: {'k1': 6.069662445477729e-05, 'D_low': 2.0349553327469425, 'k2': 2.5299503921303695e-05, 'D_high': 15766.91474499966, 'fire_exp': 1.7973831035976209, 'P_half': 4.961134450191397, 'pre_dampen_half': 0.03426913908389044, 'gpp_af': 0.03934396739328546, 'gpp_b': 0.00845520737216933, 'gpp_d': 3.0023172465753074, 'ign_k': 0.03141110271934876, 'ign_c': 3.0378658251922155, 'trop_agb_crit': 13.98132484257899, 'trop_k_veg': 1.128469461526162, 'fuel_k': 0.5588539902953054, 'fuel_half': 10.013658413533488}.
[I 2026-08-14 14:25:00,015] Trial 781 finished with values: [-0.393594012473217, 4.9463186879705745e-09] and parameters: {'k1': 0.0012329098365270509, 'D_low': 367.4904945305323, 'k2': 0.0009670857606743155, 'D_high': 316055.11434645514, 'fire_exp': 2.1589564941849333, 'P_half': 7683.876502998063, 'pre_dampen_half': 0.10609580257119508, 'gpp_af': 0.0025511964576171086, 'gpp_b': 1.6569065206637924e-05, 'gpp_d': 0.012284844784580964, 'ign_k': 0.04380580767905655, 'ign_c': 105.24574681335613, 'trop_agb_crit': 2.3118820898020997, 'trop_k_veg': 2.417028380770307, 'fuel_k': 0.28630931797361614, 'fuel_half': 12.136386887218588}.
[I 2026-08-14 14:25:02,179] Trial 782 finished with values: [-0.41036175184052687, 8.984842127968129e-06] and parameters: {'k1': 0.0012329098365270509, 'D_low': 9.222492453004657, 'k2': 1.854837679096716e-05, 'D_high': 1620420.329328003, 'fire_exp': 1.6214575867079866, 'P_half': 6.658322706867178, 'pre_dampen_half': 0.0195172246414495, 'gpp_af': 0.0025511964576171086, 'gpp_b': 0.03103333227753725, 'gpp_d': 0.07525142212697536, 'ign_k': 0.0680787482656459, 'ign_c': 15.221840161091626, 'trop_agb_crit': 13.98132484257899, 'trop_k_veg': 1.0540721475196824, 'fuel_k': 0.28630931797361614, 'fuel_half': 0.14319038307687884}.
[I 2026-08-14 14:25:04,457] Trial 783 finished with values: [-0.4682918524745171, 0.018550783338201926] and parameters: {'k1': 0.0003713474360443033, 'D_low': 3507.515213502105, 'k2': 0.0005708731724249573, 'D_high': 316055.11434645514, 'fire_exp': 1.182396148413737, 'P_half': 65.33684593224972, 'pre_dampen_half': 0.03333029838740256, 'gpp_af': 0.008983355849178878, 'gpp_b': 0.00024732964314480056, 'gpp_d': 314.6826989726468, 'ign_k': 0.567034633562729, 'ign_c': 3.0378658251922155, 'trop_agb_crit': 13.98132484257899, 'trop_k_veg': 0.6778062263834121, 'fuel_k': 1.6630228777630973, 'fuel_half': 10.013658413533488}.
[I 2026-08-14 14:25:06,631] Trial 784 finished with values: [-0.40474826368944106, 4.722980718740999e-07] and parameters: {'k1': 1.0477226564098276e-05, 'D_low': 3507.515213502105, 'k2': 1.263794633808287e-05, 'D_high': 16.752866684650684, 'fire_exp': 1.075051292556307, 'P_half': 1535.1441568398143, 'pre_dampen_half': 0.10609580257119508, 'gpp_af': 0.0023751383317256927, 'gpp_b': 2.788681037423117, 'gpp_d': 0.06888046676681166, 'ign_k': 0.04380580767905655, 'ign_c': 0.18316165443932733, 'trop_agb_crit': 2.419699259862185, 'trop_k_veg': 0.6921865222804094, 'fuel_k': 0.33290041721916036, 'fuel_half': 2.100333410321807}.
[I 2026-08-14 14:25:08,743] Trial 785 finished with values: [-0.464217051702348, 0.0351302703812848] and parameters: {'k1': 0.0010204225357677778, 'D_low': 3735.16768760467, 'k2': 0.00010939944910100016, 'D_high': 316055.11434645514, 'fire_exp': 1.6214575867079866, 'P_half': 351.2704726270846, 'pre_dampen_half': 0.10609580257119508, 'gpp_af': 0.34902252478382495, 'gpp_b': 3.228689523591491e-05, 'gpp_d': 2.292633983096564, 'ign_k': 0.567034633562729, 'ign_c': 3.0378658251922155, 'trop_agb_crit': 13.98132484257899, 'trop_k_veg': 1.128469461526162, 'fuel_k': 0.18294854512033595, 'fuel_half': 0.30455368715396786}.
[I 2026-08-14 14:25:10,678] Trial 786 finished with values: [-0.5886692537892803, 0.13145911085675166] and parameters: {'k1': 0.0010204225357677778, 'D_low': 3507.515213502105, 'k2': 0.00010939944910100016, 'D_high': 316055.11434645514, 'fire_exp': 1.182396148413737, 'P_half': 269.74113434525447, 'pre_dampen_half': 3.659675301686169, 'gpp_af': 0.008983355849178878, 'gpp_b': 0.00024732964314480056, 'gpp_d': 314.6826989726468, 'ign_k': 0.567034633562729, 'ign_c': 0.18316165443932733, 'trop_agb_crit': 17.66923689636204, 'trop_k_veg': 2.1816482703680733, 'fuel_k': 1.6630228777630973, 'fuel_half': 0.30455368715396786}.
[I 2026-08-14 14:25:13,098] Trial 787 finished with values: [-0.5162731203012441, 0.0848986205842912] and parameters: {'k1': 0.0012329098365270509, 'D_low': 367.4904945305323, 'k2': 0.00019472216066157317, 'D_high': 316055.11434645514, 'fire_exp': 1.182396148413737, 'P_half': 2.467915713171983, 'pre_dampen_half': 0.03426913908389044, 'gpp_af': 0.16983565276584273, 'gpp_b': 0.00024732964314480056, 'gpp_d': 314.6826989726468, 'ign_k': 0.04380580767905655, 'ign_c': 0.18316165443932733, 'trop_agb_crit': 2.3118820898020997, 'trop_k_veg': 7.260694958828215, 'fuel_k': 1.6630228777630973, 'fuel_half': 0.30455368715396786}.
[I 2026-08-14 14:25:15,037] Trial 788 finished with values: [-0.3781604866630279, 1.6052958962120556e-10] and parameters: {'k1': 0.00016312233285809254, 'D_low': 2.607160725470918, 'k2': 1.263794633808287e-05, 'D_high': 8500.54600545206, 'fire_exp': 1.6733848721157607, 'P_half': 48.464976792190825, 'pre_dampen_half': 0.03333029838740256, 'gpp_af': 0.0025511964576171086, 'gpp_b': 2.788681037423117, 'gpp_d': 0.01307253094873642, 'ign_k': 0.03141110271934876, 'ign_c': 0.18316165443932733, 'trop_agb_crit': 16.86264052240002, 'trop_k_veg': 3.4508425771776365, 'fuel_k': 5.486054129200969, 'fuel_half': 15.581254655530845}.
[I 2026-08-14 14:25:17,063] Trial 789 finished with values: [-0.3554625854118624, 0.0] and parameters: {'k1': 6.069662445477729e-05, 'D_low': 2.607160725470918, 'k2': 0.00019472216066157317, 'D_high': 79.48624630829237, 'fire_exp': 1.9439887028475722, 'P_half': 1938.3858782150498, 'pre_dampen_half': 0.022695682239207024, 'gpp_af': 0.03934396739328546, 'gpp_b': 1.1728753685919104, 'gpp_d': 0.01307253094873642, 'ign_k': 0.476373748459372, 'ign_c': 0.13229646467088635, 'trop_agb_crit': 2.3118820898020997, 'trop_k_veg': 2.417028380770307, 'fuel_k': 0.5588539902953054, 'fuel_half': 10.013658413533488}.
[I 2026-08-14 14:25:19,006] Trial 790 finished with values: [-0.3807273068460071, 0.0026417090607327998] and parameters: {'k1': 0.0012329098365270509, 'D_low': 3507.515213502105, 'k2': 0.0005708731724249573, 'D_high': 625838.668783032, 'fire_exp': 1.6214575867079866, 'P_half': 65.33684593224972, 'pre_dampen_half': 502.5175192217655, 'gpp_af': 0.008983355849178878, 'gpp_b': 0.03103333227753725, 'gpp_d': 314.6826989726468, 'ign_k': 0.0680787482656459, 'ign_c': 0.7257841640690941, 'trop_agb_crit': 3.017072264804548, 'trop_k_veg': 4.844706510617515, 'fuel_k': 1.6630228777630973, 'fuel_half': 52.00581729114123}.
[I 2026-08-14 14:25:20,948] Trial 791 finished with values: [-0.4099921988776206, 0.00021660693390834762] and parameters: {'k1': 0.00040091494283268605, 'D_low': 126.11058927054879, 'k2': 0.006051580666890612, 'D_high': 316055.11434645514, 'fire_exp': 1.9439887028475722, 'P_half': 8.606931125089957, 'pre_dampen_half': 0.10609580257119508, 'gpp_af': 0.0876577878178163, 'gpp_b': 0.2655476511633661, 'gpp_d': 8.144272585223819, 'ign_k': 0.567034633562729, 'ign_c': 0.18316165443932733, 'trop_agb_crit': 2.3118820898020997, 'trop_k_veg': 2.8224577471047865, 'fuel_k': 0.021123235354472927, 'fuel_half': 0.3995528014939306}.
[I 2026-08-14 14:25:22,925] Trial 792 finished with values: [-0.4529343867579011, 0.014105686484344515] and parameters: {'k1': 0.0010204225357677778, 'D_low': 3735.16768760467, 'k2': 0.00010939944910100016, 'D_high': 316055.11434645514, 'fire_exp': 1.182396148413737, 'P_half': 1938.3858782150498, 'pre_dampen_half': 0.10609580257119508, 'gpp_af': 0.34902252478382495, 'gpp_b': 0.00012906175696809457, 'gpp_d': 2.292633983096564, 'ign_k': 0.567034633562729, 'ign_c': 3.0378658251922155, 'trop_agb_crit': 13.98132484257899, 'trop_k_veg': 1.128469461526162, 'fuel_k': 5.486054129200969, 'fuel_half': 2.6795038667664257}.
[I 2026-08-14 14:25:25,408] Trial 793 finished with values: [-0.3554625854118624, 0.0] and parameters: {'k1': 0.0012329098365270509, 'D_low': 3735.16768760467, 'k2': 0.0005708731724249573, 'D_high': 316055.11434645514, 'fire_exp': 3.27790247797386, 'P_half': 1938.3858782150498, 'pre_dampen_half': 0.15144408538724474, 'gpp_af': 0.34902252478382495, 'gpp_b': 0.03103333227753725, 'gpp_d': 2.292633983096564, 'ign_k': 0.18170401889219123, 'ign_c': 105.24574681335613, 'trop_agb_crit': 13.98132484257899, 'trop_k_veg': 1.0540721475196824, 'fuel_k': 1.6630228777630973, 'fuel_half': 10.013658413533488}.
[I 2026-08-14 14:25:27,363] Trial 794 finished with values: [-0.3554625854118624, 0.0] and parameters: {'k1': 0.00016312233285809254, 'D_low': 367.4904945305323, 'k2': 1.263794633808287e-05, 'D_high': 1826.6972566585878, 'fire_exp': 2.376228963596799, 'P_half': 48.464976792190825, 'pre_dampen_half': 0.10609580257119508, 'gpp_af': 0.004598575950307868, 'gpp_b': 2.788681037423117, 'gpp_d': 0.01307253094873642, 'ign_k': 0.04380580767905655, 'ign_c': 3.783599106879794, 'trop_agb_crit': 2.447085645036977, 'trop_k_veg': 2.8224577471047865, 'fuel_k': 0.06382243375381637, 'fuel_half': 57.882001937752435}.
[I 2026-08-14 14:25:29,406] Trial 795 finished with values: [-0.3834602377535254, 7.424494352648026e-10] and parameters: {'k1': 0.00040091494283268605, 'D_low': 126.11058927054879, 'k2': 0.006051580666890612, 'D_high': 316055.11434645514, 'fire_exp': 1.9439887028475722, 'P_half': 8.606931125089957, 'pre_dampen_half': 0.0195172246414495, 'gpp_af': 0.0025511964576171086, 'gpp_b': 0.07311344697279921, 'gpp_d': 0.07525142212697536, 'ign_k': 0.04380580767905655, 'ign_c': 105.24574681335613, 'trop_agb_crit': 2.3118820898020997, 'trop_k_veg': 2.8224577471047865, 'fuel_k': 5.486054129200969, 'fuel_half': 0.3995528014939306}.
[I 2026-08-14 14:25:31,379] Trial 796 finished with values: [-0.5474370366423392, 0.071813048566444] and parameters: {'k1': 0.07573282902008706, 'D_low': 126.11058927054879, 'k2': 2.5299503921303695e-05, 'D_high': 625838.668783032, 'fire_exp': 1.2429193829348841, 'P_half': 65.33684593224972, 'pre_dampen_half': 0.15144408538724474, 'gpp_af': 0.0023751383317256927, 'gpp_b': 2.325239859823921e-05, 'gpp_d': 1.105785410092522, 'ign_k': 0.31014294272127446, 'ign_c': 0.4213183643253957, 'trop_agb_crit': 1.8730954962803803, 'trop_k_veg': 4.844706510617515, 'fuel_k': 1.6630228777630973, 'fuel_half': 2.841639333505349}.
[I 2026-08-14 14:25:33,914] Trial 797 finished with values: [-0.41011098506188953, 1.334612200643015e-06] and parameters: {'k1': 1.0477226564098276e-05, 'D_low': 2.0349553327469425, 'k2': 1.263794633808287e-05, 'D_high': 16.752866684650684, 'fire_exp': 2.8803599816230356, 'P_half': 1535.1441568398143, 'pre_dampen_half': 0.10609580257119508, 'gpp_af': 0.008983355849178878, 'gpp_b': 1.6569065206637924e-05, 'gpp_d': 285.57196407381804, 'ign_k': 0.04380580767905655, 'ign_c': 0.1254144753902608, 'trop_agb_crit': 2.1775224101934065, 'trop_k_veg': 0.7312511141991346, 'fuel_k': 0.06382243375381637, 'fuel_half': 0.30455368715396786}.
[I 2026-08-14 14:25:35,890] Trial 798 finished with values: [-0.4118447989251866, 2.9383937771854107e-07] and parameters: {'k1': 6.069662445477729e-05, 'D_low': 4.043300846639722, 'k2': 0.00019472216066157317, 'D_high': 625838.668783032, 'fire_exp': 1.2429193829348841, 'P_half': 1938.3858782150498, 'pre_dampen_half': 0.03627422119926134, 'gpp_af': 0.008983355849178878, 'gpp_b': 1.1728753685919104, 'gpp_d': 0.01307253094873642, 'ign_k': 0.03141110271934876, 'ign_c': 0.18316165443932733, 'trop_agb_crit': 16.86264052240002, 'trop_k_veg': 3.4508425771776365, 'fuel_k': 5.486054129200969, 'fuel_half': 15.581254655530845}.
[I 2026-08-14 14:25:37,902] Trial 799 finished with values: [-0.3929109898504058, 1.3226635808827325e-07] and parameters: {'k1': 6.069662445477729e-05, 'D_low': 1628.7738522891475, 'k2': 0.00019472216066157317, 'D_high': 512978.6177841196, 'fire_exp': 1.6214575867079866, 'P_half': 6.658322706867178, 'pre_dampen_half': 0.022695682239207024, 'gpp_af': 0.03934396739328546, 'gpp_b': 2.2516875868588024, 'gpp_d': 0.01307253094873642, 'ign_k': 0.0680787482656459, 'ign_c': 0.13229646467088635, 'trop_agb_crit': 2.3118820898020997, 'trop_k_veg': 1.0540721475196824, 'fuel_k': 0.28630931797361614, 'fuel_half': 52.00581729114123}.
[I 2026-08-14 14:25:40,063] Trial 800 finished with values: [-0.3653642236887303, 1.003308547353754e-11] and parameters: {'k1': 0.00016312233285809254, 'D_low': 2.221689517798535, 'k2': 0.00010939944910100016, 'D_high': 16.752866684650684, 'fire_exp': 1.6733848721157607, 'P_half': 220.3445560633069, 'pre_dampen_half': 0.03333029838740256, 'gpp_af': 0.0023751383317256927, 'gpp_b': 2.788681037423117, 'gpp_d': 285.57196407381804, 'ign_k': 0.04380580767905655, 'ign_c': 0.1254144753902608, 'trop_agb_crit': 2.3118820898020997, 'trop_k_veg': 2.8224577471047865, 'fuel_k': 0.021123235354472927, 'fuel_half': 0.30455368715396786}.
[I 2026-08-14 14:25:42,014] Trial 801 finished with values: [-0.43280772598058714, 0.003436922463653236] and parameters: {'k1': 0.0012329098365270509, 'D_low': 1.7887890916820506, 'k2': 0.00019472216066157317, 'D_high': 316055.11434645514, 'fire_exp': 1.6214575867079866, 'P_half': 351.2704726270846, 'pre_dampen_half': 0.10609580257119508, 'gpp_af': 0.0023751383317256927, 'gpp_b': 0.00012906175696809457, 'gpp_d': 5.1227685768715014, 'ign_k': 0.03141110271934876, 'ign_c': 0.18316165443932733, 'trop_agb_crit': 13.98132484257899, 'trop_k_veg': 7.260694958828215, 'fuel_k': 0.06382243375381637, 'fuel_half': 0.30455368715396786}.
[I 2026-08-14 14:25:44,042] Trial 802 finished with values: [-0.43078356991762295, 0.0014402475169440487] and parameters: {'k1': 0.0012329098365270509, 'D_low': 4.043300846639722, 'k2': 1.854837679096716e-05, 'D_high': 316055.11434645514, 'fire_exp': 1.6214575867079866, 'P_half': 351.2704726270846, 'pre_dampen_half': 0.03426913908389044, 'gpp_af': 0.16983565276584273, 'gpp_b': 0.03103333227753725, 'gpp_d': 597.9617889501159, 'ign_k': 0.03141110271934876, 'ign_c': 3.0378658251922155, 'trop_agb_crit': 13.98132484257899, 'trop_k_veg': 1.128469461526162, 'fuel_k': 1.6460650207153917, 'fuel_half': 0.30455368715396786}.
[I 2026-08-14 14:25:46,120] Trial 803 finished with values: [-0.3580612663251998, 2.1627349577890698e-07] and parameters: {'k1': 0.0003713474360443033, 'D_low': 128395.48332743198, 'k2': 0.0005708731724249573, 'D_high': 316055.11434645514, 'fire_exp': 6.122141825699288, 'P_half': 269.74113434525447, 'pre_dampen_half': 0.0195172246414495, 'gpp_af': 0.0023751383317256927, 'gpp_b': 0.00017826376967587887, 'gpp_d': 0.015163585438685893, 'ign_k': 0.567034633562729, 'ign_c': 0.18316165443932733, 'trop_agb_crit': 2.1775224101934065, 'trop_k_veg': 2.1816482703680733, 'fuel_k': 1.6630228777630973, 'fuel_half': 15.581254655530845}.
[I 2026-08-14 14:25:48,114] Trial 804 finished with values: [-0.4045424461218593, 3.6181104566379574e-05] and parameters: {'k1': 1.8595266457134027e-05, 'D_low': 14787.382840410779, 'k2': 0.00010939944910100016, 'D_high': 160625.60954780428, 'fire_exp': 1.2429193829348841, 'P_half': 351.2704726270846, 'pre_dampen_half': 0.37760216765950283, 'gpp_af': 0.0025511964576171086, 'gpp_b': 0.23395511097933275, 'gpp_d': 2.292633983096564, 'ign_k': 0.04380580767905655, 'ign_c': 3.0378658251922155, 'trop_agb_crit': 2.1775224101934065, 'trop_k_veg': 2.8224577471047865, 'fuel_k': 0.021123235354472927, 'fuel_half': 8.115041565366717}.
[I 2026-08-14 14:25:50,163] Trial 805 finished with values: [-0.40362576112616483, 2.9293639891569967e-07] and parameters: {'k1': 0.0012329098365270509, 'D_low': 4.043300846639722, 'k2': 0.00019472216066157317, 'D_high': 316055.11434645514, 'fire_exp': 1.6733848721157607, 'P_half': 351.2704726270846, 'pre_dampen_half': 0.011501973785501987, 'gpp_af': 0.0023751383317256927, 'gpp_b': 0.07311344697279921, 'gpp_d': 5.1227685768715014, 'ign_k': 0.03141110271934876, 'ign_c': 56.56383208363866, 'trop_agb_crit': 13.98132484257899, 'trop_k_veg': 0.6921865222804094, 'fuel_k': 3.8488790096189716, 'fuel_half': 0.30455368715396786}.
[I 2026-08-14 14:25:52,147] Trial 806 finished with values: [-0.38289425300596636, 3.5520619126261366e-05] and parameters: {'k1': 0.00040091494283268605, 'D_low': 9.222492453004657, 'k2': 0.0005708731724249573, 'D_high': 160625.60954780428, 'fire_exp': 1.9439887028475722, 'P_half': 56.28756950174212, 'pre_dampen_half': 39.37581228093823, 'gpp_af': 0.0025511964576171086, 'gpp_b': 0.23395511097933275, 'gpp_d': 1.105785410092522, 'ign_k': 0.04380580767905655, 'ign_c': 15.221840161091626, 'trop_agb_crit': 5.273338791937182, 'trop_k_veg': 3.715819581962784, 'fuel_k': 5.486054129200969, 'fuel_half': 8.115041565366717}.
[I 2026-08-14 14:25:54,715] Trial 807 finished with values: [-0.3999438122460405, 0.0005409513866782012] and parameters: {'k1': 0.07573282902008706, 'D_low': 4.043300846639722, 'k2': 0.0005708731724249573, 'D_high': 16.752866684650684, 'fire_exp': 1.7975071312964603, 'P_half': 48.464976792190825, 'pre_dampen_half': 0.03333029838740256, 'gpp_af': 0.008983355849178878, 'gpp_b': 0.00024732964314480056, 'gpp_d': 314.6826989726468, 'ign_k': 0.31014294272127446, 'ign_c': 3.0378658251922155, 'trop_agb_crit': 5.273338791937182, 'trop_k_veg': 4.844706510617515, 'fuel_k': 1.6630228777630973, 'fuel_half': 0.30455368715396786}.
