[I 2026-08-05 23:35:56,628] Trial 1350 finished with values: [-0.6274436072664653, 0.3291699025447] and parameters: {'k1': 0.02641449645424223, 'D_low': 2.8778985970624857, 'k2': 0.03071666851587867, 'D_high': 1665.1532285161688, 'fire_exp': 1.3239942327296237, 'P_half': 13.019246714361572, 'pre_dampen_half': 304.7488318185732, 'gpp_af': 0.0021836613912815635, 'gpp_b': 1.0749238062021576e-05, 'gpp_d': 5.878566318396007, 'ign_k': 0.34703605955441524, 'ign_c': 8.671454322584175}.
[I 2026-08-05 23:35:57,593] Trial 1351 finished with values: [-0.5811326328376042, 0.20987790911418847] and parameters: {'k1': 0.06415745702132086, 'D_low': 6.1642743507854245, 'k2': 0.03071666851587867, 'D_high': 633.1166646948959, 'fire_exp': 1.010722707674549, 'P_half': 271.7121699145744, 'pre_dampen_half': 304.7488318185732, 'gpp_af': 0.0021836613912815635, 'gpp_b': 7.402343469704428e-05, 'gpp_d': 891.8036602897795, 'ign_k': 0.4702627143647234, 'ign_c': 0.9294394155644988}.
[I 2026-08-05 23:35:58,543] Trial 1352 finished with values: [-0.6241324763658674, 0.35716644812364107] and parameters: {'k1': 0.06415745702132086, 'D_low': 9.882278532808778, 'k2': 0.08894151386481904, 'D_high': 2941.5751391396584, 'fire_exp': 1.1044852285094786, 'P_half': 10.226988730324324, 'pre_dampen_half': 304.7488318185732, 'gpp_af': 0.0021836613912815635, 'gpp_b': 7.402343469704428e-05, 'gpp_d': 368.30088529547436, 'ign_k': 0.34703605955441524, 'ign_c': 8.671454322584175}.
[I 2026-08-05 23:35:59,523] Trial 1353 finished with values: [10.769230769178105, 10.769230769178105] and parameters: {'k1': 0.025383218374507292, 'D_low': 18.89739291279832, 'k2': 0.03071666851587867, 'D_high': 633.1166646948959, 'fire_exp': 1.010722707674549, 'P_half': 25.49709775062068, 'pre_dampen_half': 199.84738355074384, 'gpp_af': 0.0021836613912815635, 'gpp_b': 0.00012797528816608022, 'gpp_d': 891.8036602897795, 'ign_k': 0.4702627143647234, 'ign_c': 77.84974831204799}.
[I 2026-08-05 23:36:00,505] Trial 1354 finished with values: [10.07978314911272, 10.07978314911272] and parameters: {'k1': 0.025383218374507292, 'D_low': 1.4045842344024697, 'k2': 0.08894151386481904, 'D_high': 1665.1532285161688, 'fire_exp': 1.1258453832483524, 'P_half': 13.019246714361572, 'pre_dampen_half': 703.6426675556048, 'gpp_af': 0.5107061330406066, 'gpp_b': 3.481277316673104e-05, 'gpp_d': 891.8036602897795, 'ign_k': 5.9736167866478125, 'ign_c': 8.671454322584175}.
[I 2026-08-05 23:36:01,501] Trial 1355 finished with values: [-0.5765742075733353, 0.316351314304277] and parameters: {'k1': 1.8649768600018216e-05, 'D_low': 9.882278532808778, 'k2': 0.03071666851587867, 'D_high': 2941.5751391396584, 'fire_exp': 1.1258453832483524, 'P_half': 13.019246714361572, 'pre_dampen_half': 703.6426675556048, 'gpp_af': 0.0055518823149351484, 'gpp_b': 3.481277316673104e-05, 'gpp_d': 34.607919041513284, 'ign_k': 0.4902396944106615, 'ign_c': 8.671454322584175}.
[I 2026-08-05 23:36:02,465] Trial 1356 finished with values: [-0.6007837446116605, 0.25771187684360686] and parameters: {'k1': 0.06415745702132086, 'D_low': 12.492307509390828, 'k2': 0.0027431991397796683, 'D_high': 2941.5751391396584, 'fire_exp': 1.404276171936119, 'P_half': 105.53846463525653, 'pre_dampen_half': 304.7488318185732, 'gpp_af': 0.0021836613912815635, 'gpp_b': 0.00012797528816608022, 'gpp_d': 0.16069682196977472, 'ign_k': 8.761971101023693, 'ign_c': 8.671454322584175}.
[I 2026-08-05 23:36:03,430] Trial 1357 finished with values: [10.470701941629756, 10.470701941629756] and parameters: {'k1': 0.06415745702132086, 'D_low': 2.1234210963705626, 'k2': 0.00375241428659295, 'D_high': 1665.1532285161688, 'fire_exp': 1.2039307685751104, 'P_half': 13.019246714361572, 'pre_dampen_half': 5.220247411657379, 'gpp_af': 0.001339466259146302, 'gpp_b': 7.402343469704428e-05, 'gpp_d': 223.60515435267138, 'ign_k': 0.34703605955441524, 'ign_c': 8.671454322584175}.
[I 2026-08-05 23:36:04,395] Trial 1358 finished with values: [10.05905573374453, 10.05905573374453] and parameters: {'k1': 0.06415745702132086, 'D_low': 2.122762382987707, 'k2': 0.03071666851587867, 'D_high': 2941.5751391396584, 'fire_exp': 1.010722707674549, 'P_half': 13.019246714361572, 'pre_dampen_half': 703.6426675556048, 'gpp_af': 0.0021836613912815635, 'gpp_b': 3.481277316673104e-05, 'gpp_d': 368.30088529547436, 'ign_k': 0.34703605955441524, 'ign_c': 8.671454322584175}.
[I 2026-08-05 23:36:06,058] Trial 1359 finished with values: [-0.6036549024382304, 0.24872883725596517] and parameters: {'k1': 0.06415745702132086, 'D_low': 68.10869610924271, 'k2': 0.0027431991397796683, 'D_high': 1665.1532285161688, 'fire_exp': 1.010722707674549, 'P_half': 13.019246714361572, 'pre_dampen_half': 304.7488318185732, 'gpp_af': 0.0021836613912815635, 'gpp_b': 7.402343469704428e-05, 'gpp_d': 891.8036602897795, 'ign_k': 0.4702627143647234, 'ign_c': 0.9294394155644988}.
[I 2026-08-05 23:36:07,390] Trial 1360 finished with values: [10.228207318625428, 10.228207318625428] and parameters: {'k1': 0.06415745702132086, 'D_low': 1.4045842344024697, 'k2': 0.03071666851587867, 'D_high': 2941.5751391396584, 'fire_exp': 1.1258453832483524, 'P_half': 10.226988730324324, 'pre_dampen_half': 703.6426675556048, 'gpp_af': 0.2651437752241816, 'gpp_b': 0.00012797528816608022, 'gpp_d': 368.30088529547436, 'ign_k': 0.4702627143647234, 'ign_c': 8.671454322584175}.
[I 2026-08-05 23:36:08,528] Trial 1361 finished with values: [-0.6157556726324602, 0.3006705652604432] and parameters: {'k1': 0.06415745702132086, 'D_low': 4.603606140283045, 'k2': 0.03071666851587867, 'D_high': 1665.1532285161688, 'fire_exp': 1.1044852285094786, 'P_half': 24.136213194527585, 'pre_dampen_half': 703.6426675556048, 'gpp_af': 0.001339466259146302, 'gpp_b': 7.402343469704428e-05, 'gpp_d': 1.4794382088887477, 'ign_k': 0.34703605955441524, 'ign_c': 8.671454322584175}.
[I 2026-08-05 23:36:09,903] Trial 1362 finished with values: [-0.6216560855408337, 0.36252592362520064] and parameters: {'k1': 0.06415745702132086, 'D_low': 1.4045842344024697, 'k2': 0.08894151386481904, 'D_high': 2941.5751391396584, 'fire_exp': 1.010722707674549, 'P_half': 10.226988730324324, 'pre_dampen_half': 304.7488318185732, 'gpp_af': 0.001339466259146302, 'gpp_b': 7.402343469704428e-05, 'gpp_d': 891.8036602897795, 'ign_k': 6.0644663134385235, 'ign_c': 2.4511692798424947}.
[I 2026-08-05 23:36:10,836] Trial 1363 finished with values: [10.721960329782638, 10.721960329782638] and parameters: {'k1': 0.025383218374507292, 'D_low': 1.4045842344024697, 'k2': 0.08894151386481904, 'D_high': 1665.1532285161688, 'fire_exp': 7.079056384398646, 'P_half': 474.3395631897005, 'pre_dampen_half': 304.7488318185732, 'gpp_af': 0.0021836613912815635, 'gpp_b': 0.00012797528816608022, 'gpp_d': 891.8036602897795, 'ign_k': 0.4702627143647234, 'ign_c': 8.671454322584175}.
[I 2026-08-05 23:36:11,746] Trial 1364 finished with values: [10.56255046841285, 10.56255046841285] and parameters: {'k1': 0.06415745702132086, 'D_low': 1.4045842344024697, 'k2': 0.03071666851587867, 'D_high': 2941.5751391396584, 'fire_exp': 1.1044852285094786, 'P_half': 70.66140101361141, 'pre_dampen_half': 1.145058586925208, 'gpp_af': 0.0021836613912815635, 'gpp_b': 7.402343469704428e-05, 'gpp_d': 15.186467669014625, 'ign_k': 0.4702627143647234, 'ign_c': 8.671454322584175}.
[I 2026-08-05 23:36:12,629] Trial 1365 finished with values: [10.413336377845692, 10.413336377845692] and parameters: {'k1': 0.02641449645424223, 'D_low': 2.1234210963705626, 'k2': 0.0027431991397796683, 'D_high': 4016.926345849039, 'fire_exp': 1.1044852285094786, 'P_half': 10.226988730324324, 'pre_dampen_half': 304.7488318185732, 'gpp_af': 0.533530617354796, 'gpp_b': 7.402343469704428e-05, 'gpp_d': 0.020481677776252226, 'ign_k': 0.4902396944106615, 'ign_c': 8.671454322584175}.
[I 2026-08-05 23:36:13,497] Trial 1366 finished with values: [-0.6076979300430759, 0.27512350273440034] and parameters: {'k1': 0.06415745702132086, 'D_low': 2.3548462628715368, 'k2': 0.0027431991397796683, 'D_high': 1665.1532285161688, 'fire_exp': 1.010722707674549, 'P_half': 10.226988730324324, 'pre_dampen_half': 304.7488318185732, 'gpp_af': 0.001339466259146302, 'gpp_b': 7.402343469704428e-05, 'gpp_d': 0.011495884087462726, 'ign_k': 8.761971101023693, 'ign_c': 0.3528113274684997}.
[I 2026-08-05 23:36:14,383] Trial 1367 finished with values: [-0.6338505141537608, 0.4024243774357269] and parameters: {'k1': 0.02641449645424223, 'D_low': 2.1234210963705626, 'k2': 0.01153590300936118, 'D_high': 2941.5751391396584, 'fire_exp': 1.1044852285094786, 'P_half': 13.019246714361572, 'pre_dampen_half': 304.7488318185732, 'gpp_af': 0.0055518823149351484, 'gpp_b': 7.402343469704428e-05, 'gpp_d': 5.878566318396007, 'ign_k': 0.4702627143647234, 'ign_c': 8.671454322584175}.
[I 2026-08-05 23:36:15,252] Trial 1368 finished with values: [-0.6168825050705496, 0.34611553528956296] and parameters: {'k1': 0.025383218374507292, 'D_low': 4.051452710153359, 'k2': 0.0011220458274837075, 'D_high': 2941.5751391396584, 'fire_exp': 1.144329066180296, 'P_half': 12.808863354047988, 'pre_dampen_half': 703.6426675556048, 'gpp_af': 0.0021836613912815635, 'gpp_b': 0.00012797528816608022, 'gpp_d': 223.60515435267138, 'ign_k': 0.34703605955441524, 'ign_c': 8.671454322584175}.
[I 2026-08-05 23:36:16,137] Trial 1369 finished with values: [-0.6134914788228721, 0.294059444480563] and parameters: {'k1': 0.06415745702132086, 'D_low': 9.882278532808778, 'k2': 0.0036014695835220327, 'D_high': 1665.1532285161688, 'fire_exp': 1.1258453832483524, 'P_half': 10.226988730324324, 'pre_dampen_half': 304.7488318185732, 'gpp_af': 0.0021836613912815635, 'gpp_b': 7.402343469704428e-05, 'gpp_d': 5.878566318396007, 'ign_k': 8.761971101023693, 'ign_c': 0.3528113274684997}.
[I 2026-08-05 23:36:17,026] Trial 1370 finished with values: [10.247014429927612, 10.247014429927612] and parameters: {'k1': 0.06415745702132086, 'D_low': 18.89739291279832, 'k2': 0.0027431991397796683, 'D_high': 2941.5751391396584, 'fire_exp': 1.010722707674549, 'P_half': 1681.1809836782468, 'pre_dampen_half': 304.7488318185732, 'gpp_af': 0.0021836613912815635, 'gpp_b': 7.402343469704428e-05, 'gpp_d': 5.878566318396007, 'ign_k': 0.34703605955441524, 'ign_c': 8.671454322584175}.
[I 2026-08-05 23:36:17,896] Trial 1371 finished with values: [10.528667186685704, 10.528667186685704] and parameters: {'k1': 0.06415745702132086, 'D_low': 4.051452710153359, 'k2': 0.00375241428659295, 'D_high': 2941.5751391396584, 'fire_exp': 1.1258453832483524, 'P_half': 13.019246714361572, 'pre_dampen_half': 1.977877490681658, 'gpp_af': 0.001339466259146302, 'gpp_b': 7.402343469704428e-05, 'gpp_d': 5.878566318396007, 'ign_k': 0.34703605955441524, 'ign_c': 8.671454322584175}.
[I 2026-08-05 23:36:18,781] Trial 1372 finished with values: [-0.6021592467028534, 0.2695523201183291] and parameters: {'k1': 0.06415745702132086, 'D_low': 12.492307509390828, 'k2': 0.03071666851587867, 'D_high': 2941.5751391396584, 'fire_exp': 1.127084760238533, 'P_half': 24.136213194527585, 'pre_dampen_half': 159.77732284872855, 'gpp_af': 0.0021836613912815635, 'gpp_b': 7.402343469704428e-05, 'gpp_d': 1.4794382088887477, 'ign_k': 0.34703605955441524, 'ign_c': 17.40494815019437}.
[I 2026-08-05 23:36:19,649] Trial 1373 finished with values: [-0.632529128512574, 0.41390673655822696] and parameters: {'k1': 0.025383218374507292, 'D_low': 6.1642743507854245, 'k2': 0.03071666851587867, 'D_high': 2941.5751391396584, 'fire_exp': 1.010722707674549, 'P_half': 25.49709775062068, 'pre_dampen_half': 304.7488318185732, 'gpp_af': 0.0021836613912815635, 'gpp_b': 3.481277316673104e-05, 'gpp_d': 891.8036602897795, 'ign_k': 0.4902396944106615, 'ign_c': 0.9294394155644988}.
[I 2026-08-05 23:36:20,503] Trial 1374 finished with values: [-0.5916315894839043, 0.24447484769817673] and parameters: {'k1': 0.06415745702132086, 'D_low': 2.1234210963705626, 'k2': 0.013967310812223448, 'D_high': 633.1166646948959, 'fire_exp': 1.1258453832483524, 'P_half': 13.019246714361572, 'pre_dampen_half': 304.7488318185732, 'gpp_af': 0.0021836613912815635, 'gpp_b': 3.228689523591491e-05, 'gpp_d': 891.8036602897795, 'ign_k': 0.4702627143647234, 'ign_c': 8.671454322584175}.
[I 2026-08-05 23:36:21,372] Trial 1375 finished with values: [-0.6033567795488322, 0.24859323135909606] and parameters: {'k1': 0.06415745702132086, 'D_low': 2.1234210963705626, 'k2': 0.03071666851587867, 'D_high': 984.0626059011972, 'fire_exp': 1.1258453832483524, 'P_half': 13.019246714361572, 'pre_dampen_half': 304.7488318185732, 'gpp_af': 0.0021836613912815635, 'gpp_b': 0.00012797528816608022, 'gpp_d': 368.30088529547436, 'ign_k': 8.761971101023693, 'ign_c': 8.671454322584175}.
[I 2026-08-05 23:36:22,285] Trial 1376 finished with values: [-0.599016121352403, 0.22426109449241405] and parameters: {'k1': 0.025383218374507292, 'D_low': 6.1642743507854245, 'k2': 0.03071666851587867, 'D_high': 633.1166646948959, 'fire_exp': 1.010722707674549, 'P_half': 25.49709775062068, 'pre_dampen_half': 304.7488318185732, 'gpp_af': 0.0021836613912815635, 'gpp_b': 0.00012797528816608022, 'gpp_d': 891.8036602897795, 'ign_k': 3.529389593576794, 'ign_c': 0.9294394155644988}.
[I 2026-08-05 23:36:23,160] Trial 1377 finished with values: [10.297306887720081, 10.297306887720081] and parameters: {'k1': 0.008956420301712053, 'D_low': 9.882278532808778, 'k2': 6.389327191882587e-05, 'D_high': 633.1166646948959, 'fire_exp': 1.404276171936119, 'P_half': 10.826381820576978, 'pre_dampen_half': 304.7488318185732, 'gpp_af': 0.0021836613912815635, 'gpp_b': 7.402343469704428e-05, 'gpp_d': 368.30088529547436, 'ign_k': 0.34703605955441524, 'ign_c': 8.671454322584175}.
[I 2026-08-05 23:36:24,029] Trial 1378 finished with values: [10.027597544761923, 10.027597544761923] and parameters: {'k1': 0.06415745702132086, 'D_low': 18.89739291279832, 'k2': 0.00375241428659295, 'D_high': 633.1166646948959, 'fire_exp': 1.010722707674549, 'P_half': 12.808863354047988, 'pre_dampen_half': 304.7488318185732, 'gpp_af': 0.001339466259146302, 'gpp_b': 7.402343469704428e-05, 'gpp_d': 5.878566318396007, 'ign_k': 8.761971101023693, 'ign_c': 0.4558536260712558}.
[I 2026-08-05 23:36:24,930] Trial 1379 finished with values: [10.7689952103234, 10.7689952103234] and parameters: {'k1': 0.06415745702132086, 'D_low': 1.4045842344024697, 'k2': 0.08894151386481904, 'D_high': 209.34387533543727, 'fire_exp': 1.7128214059652005, 'P_half': 13.019246714361572, 'pre_dampen_half': 304.7488318185732, 'gpp_af': 0.0021836613912815635, 'gpp_b': 0.3471434970420557, 'gpp_d': 5.878566318396007, 'ign_k': 0.4702627143647234, 'ign_c': 8.671454322584175}.
[I 2026-08-05 23:36:25,826] Trial 1380 finished with values: [10.10872175161516, 10.10872175161516] and parameters: {'k1': 0.06415745702132086, 'D_low': 2.1234210963705626, 'k2': 0.00375241428659295, 'D_high': 1665.1532285161688, 'fire_exp': 3.306631963306035, 'P_half': 13.019246714361572, 'pre_dampen_half': 304.7488318185732, 'gpp_af': 0.001339466259146302, 'gpp_b': 3.228689523591491e-05, 'gpp_d': 891.8036602897795, 'ign_k': 0.34703605955441524, 'ign_c': 0.9294394155644988}.
[I 2026-08-05 23:36:26,721] Trial 1381 finished with values: [10.026088191655658, 10.026088191655658] and parameters: {'k1': 6.59971370969243e-05, 'D_low': 9.882278532808778, 'k2': 0.03245789213111113, 'D_high': 2941.5751391396584, 'fire_exp': 1.1044852285094786, 'P_half': 24.136213194527585, 'pre_dampen_half': 304.7488318185732, 'gpp_af': 0.0021836613912815635, 'gpp_b': 7.402343469704428e-05, 'gpp_d': 368.30088529547436, 'ign_k': 0.34703605955441524, 'ign_c': 8.671454322584175}.
[I 2026-08-05 23:36:27,637] Trial 1382 finished with values: [-0.6204981558647196, 0.3518358330092415] and parameters: {'k1': 0.06415745702132086, 'D_low': 1.7807904329970783, 'k2': 0.032985830257901916, 'D_high': 2941.5751391396584, 'fire_exp': 1.010722707674549, 'P_half': 10.226988730324324, 'pre_dampen_half': 225.3679349322475, 'gpp_af': 0.001339466259146302, 'gpp_b': 7.402343469704428e-05, 'gpp_d': 5.878566318396007, 'ign_k': 8.761971101023693, 'ign_c': 8.671454322584175}.
[I 2026-08-05 23:36:28,525] Trial 1383 finished with values: [-0.6218437319964878, 0.33876279215359895] and parameters: {'k1': 0.06415745702132086, 'D_low': 1.4045842344024697, 'k2': 0.0027431991397796683, 'D_high': 2941.5751391396584, 'fire_exp': 1.3239942327296237, 'P_half': 10.226988730324324, 'pre_dampen_half': 304.7488318185732, 'gpp_af': 0.0021836613912815635, 'gpp_b': 7.402343469704428e-05, 'gpp_d': 891.8036602897795, 'ign_k': 0.34703605955441524, 'ign_c': 8.671454322584175}.
[I 2026-08-05 23:36:29,404] Trial 1384 finished with values: [-0.5908673596841935, 0.23709017992809367] and parameters: {'k1': 0.06415745702132086, 'D_low': 9.882278532808778, 'k2': 0.00375241428659295, 'D_high': 1665.1532285161688, 'fire_exp': 1.3239942327296237, 'P_half': 10.226988730324324, 'pre_dampen_half': 304.7488318185732, 'gpp_af': 0.0021836613912815635, 'gpp_b': 0.00027088020428497265, 'gpp_d': 1.8038346327156136, 'ign_k': 8.708806168038564, 'ign_c': 8.671454322584175}.
[I 2026-08-05 23:36:30,702] Trial 1385 finished with values: [10.769230769178105, 10.769230769178105] and parameters: {'k1': 0.06415745702132086, 'D_low': 1224.75692929812, 'k2': 0.08894151386481904, 'D_high': 633.1166646948959, 'fire_exp': 1.1044852285094786, 'P_half': 13.019246714361572, 'pre_dampen_half': 304.7488318185732, 'gpp_af': 0.0013672159181644784, 'gpp_b': 3.228689523591491e-05, 'gpp_d': 891.8036602897795, 'ign_k': 0.4702627143647234, 'ign_c': 8.671454322584175}.
[I 2026-08-05 23:36:31,589] Trial 1386 finished with values: [-0.6270783185115991, 0.3741491972248535] and parameters: {'k1': 0.02641449645424223, 'D_low': 4.051452710153359, 'k2': 0.0027431991397796683, 'D_high': 2941.5751391396584, 'fire_exp': 1.144329066180296, 'P_half': 13.019246714361572, 'pre_dampen_half': 703.6426675556048, 'gpp_af': 0.0021836613912815635, 'gpp_b': 7.402343469704428e-05, 'gpp_d': 368.30088529547436, 'ign_k': 0.34703605955441524, 'ign_c': 8.671454322584175}.
[I 2026-08-05 23:36:32,509] Trial 1387 finished with values: [10.100624542457243, 10.100624542457243] and parameters: {'k1': 0.06415745702132086, 'D_low': 2.1234210963705626, 'k2': 0.08894151386481904, 'D_high': 2941.5751391396584, 'fire_exp': 1.1044852285094786, 'P_half': 13.019246714361572, 'pre_dampen_half': 304.7488318185732, 'gpp_af': 0.0021836613912815635, 'gpp_b': 7.402343469704428e-05, 'gpp_d': 15.186467669014625, 'ign_k': 0.0018231330540095124, 'ign_c': 8.671454322584175}.
[I 2026-08-05 23:36:33,418] Trial 1388 finished with values: [-0.624005703878425, 0.3727805852562469] and parameters: {'k1': 0.06415745702132086, 'D_low': 2.1234210963705626, 'k2': 0.0027431991397796683, 'D_high': 2941.5751391396584, 'fire_exp': 1.1044852285094786, 'P_half': 10.226988730324324, 'pre_dampen_half': 304.7488318185732, 'gpp_af': 0.0021836613912815635, 'gpp_b': 7.402343469704428e-05, 'gpp_d': 5.878566318396007, 'ign_k': 8.761971101023693, 'ign_c': 0.3528113274684997}.
[I 2026-08-05 23:36:34,310] Trial 1389 finished with values: [-0.6326778711280812, 0.394070948855315] and parameters: {'k1': 0.025383218374507292, 'D_low': 9.882278532808778, 'k2': 0.03071666851587867, 'D_high': 2941.5751391396584, 'fire_exp': 1.1258453832483524, 'P_half': 13.019246714361572, 'pre_dampen_half': 304.7488318185732, 'gpp_af': 0.0055518823149351484, 'gpp_b': 7.402343469704428e-05, 'gpp_d': 368.30088529547436, 'ign_k': 0.4902396944106615, 'ign_c': 8.671454322584175}.
[I 2026-08-05 23:36:35,201] Trial 1390 finished with values: [-0.6213214044022696, 0.28846661340306556] and parameters: {'k1': 0.06415745702132086, 'D_low': 2.1234210963705626, 'k2': 0.03071666851587867, 'D_high': 1665.1532285161688, 'fire_exp': 1.404276171936119, 'P_half': 24.136213194527585, 'pre_dampen_half': 304.7488318185732, 'gpp_af': 0.0021836613912815635, 'gpp_b': 3.228689523591491e-05, 'gpp_d': 891.8036602897795, 'ign_k': 0.34703605955441524, 'ign_c': 8.671454322584175}.
[I 2026-08-05 23:36:36,077] Trial 1391 finished with values: [-0.621670283720497, 0.32981626024465627] and parameters: {'k1': 0.06415745702132086, 'D_low': 2.1234210963705626, 'k2': 0.03071666851587867, 'D_high': 1665.1532285161688, 'fire_exp': 1.010722707674549, 'P_half': 13.019246714361572, 'pre_dampen_half': 304.7488318185732, 'gpp_af': 0.0021836613912815635, 'gpp_b': 7.402343469704428e-05, 'gpp_d': 5.878566318396007, 'ign_k': 0.4702627143647234, 'ign_c': 0.796650292267966}.
[I 2026-08-05 23:36:36,959] Trial 1392 finished with values: [-0.6182564290876055, 0.3551243656216675] and parameters: {'k1': 0.06415745702132086, 'D_low': 12.492307509390828, 'k2': 0.0027431991397796683, 'D_high': 2941.5751391396584, 'fire_exp': 1.010722707674549, 'P_half': 13.019246714361572, 'pre_dampen_half': 304.7488318185732, 'gpp_af': 0.0021836613912815635, 'gpp_b': 0.00012797528816608022, 'gpp_d': 0.16069682196977472, 'ign_k': 0.34703605955441524, 'ign_c': 0.9294394155644988}.
[I 2026-08-05 23:36:37,890] Trial 1393 finished with values: [-0.6225754303121297, 0.3351462246528303] and parameters: {'k1': 0.02641449645424223, 'D_low': 9.882278532808778, 'k2': 0.03071666851587867, 'D_high': 2941.5751391396584, 'fire_exp': 1.1044852285094786, 'P_half': 13.019246714361572, 'pre_dampen_half': 304.7488318185732, 'gpp_af': 0.001339466259146302, 'gpp_b': 7.402343469704428e-05, 'gpp_d': 368.30088529547436, 'ign_k': 0.4702627143647234, 'ign_c': 8.671454322584175}.
[I 2026-08-05 23:36:38,864] Trial 1394 finished with values: [-0.6072010661766589, 0.2176030958024363] and parameters: {'k1': 0.025383218374507292, 'D_low': 6.1642743507854245, 'k2': 0.03071666851587867, 'D_high': 1665.1532285161688, 'fire_exp': 2.9102572298675855, 'P_half': 10.226988730324324, 'pre_dampen_half': 703.6426675556048, 'gpp_af': 0.001339466259146302, 'gpp_b': 3.228689523591491e-05, 'gpp_d': 891.8036602897795, 'ign_k': 3.529389593576794, 'ign_c': 3.0378658251922155}.
