[I 2026-08-19 18:10:42,123] Trial 2377 finished with value: 0.426602973948787 and parameters: {'k1': 0.01258304964538544, 'D_low': 2.9520909399496595, 'k2': 8.87077215898166e-05, 'D_high': 3614166.340205795, 'fire_exp': 1.4329757632853475, 'P_half': 1.1126812725055515, 'pre_dampen_half': 2.9559021315834118, 'gpp_af': 1.3256155216629075, 'gpp_b': 0.0002009615836170265, 'gpp_d': 249.04261824653676, 'ign_k': 0.09276726933476198, 'ign_c': 14.213485402705947, 'trop_agb_crit': 18.164149645676584, 'trop_k_veg': 0.5175129704265603, 'pop_amp': 0.046612268726163454, 'pop_peak': 0.7762145608130885, 'pop_sig': 0.7286120052348608, 'fuel_k': 0.2753012425174626, 'fuel_half': 5.237918865734925}. Best is trial 1622 with value: -0.6125870653324885.
[I 2026-08-19 18:10:44,074] Trial 2378 finished with value: 0.5148400571133107 and parameters: {'k1': 0.0005863690220129249, 'D_low': 1.5996117747860696, 'k2': 0.0013023055474093788, 'D_high': 2507626.189663952, 'fire_exp': 2.349334936644854, 'P_half': 2.3000159054149796, 'pre_dampen_half': 0.9382309885381126, 'gpp_af': 0.4821980834735257, 'gpp_b': 0.00017173233804263716, 'gpp_d': 0.07979317883853694, 'ign_k': 0.6405800154167208, 'ign_c': 11.976438508392219, 'trop_agb_crit': 19.217231669862862, 'trop_k_veg': 4.155102076257894, 'pop_amp': 0.03632441133208644, 'pop_peak': 951.6628082248665, 'pop_sig': 0.8785252458669353, 'fuel_k': 0.11064683378345987, 'fuel_half': 67.32036832214371}. Best is trial 1622 with value: -0.6125870653324885.
  trial 2379/2500  best_overall=0.6126  (72.3 min)
[I 2026-08-19 18:10:46,460] Trial 2379 finished with value: 0.5729914047725431 and parameters: {'k1': 0.022622626286169633, 'D_low': 2.424651828362565, 'k2': 0.00023609224794220212, 'D_high': 4380121.655039479, 'fire_exp': 2.6590919959358743, 'P_half': 21.681414082129873, 'pre_dampen_half': 2.978505203928412, 'gpp_af': 0.0811062343530622, 'gpp_b': 0.005656379379882207, 'gpp_d': 0.0416658832426538, 'ign_k': 0.9145915642070597, 'ign_c': 3.818184844358661, 'trop_agb_crit': 13.217441068122941, 'trop_k_veg': 1.226373409686646, 'pop_amp': 0.003594781452921843, 'pop_peak': 0.24641919033174797, 'pop_sig': 0.7105290648207456, 'fuel_k': 0.37002636694451574, 'fuel_half': 4.147047106222623}. Best is trial 1622 with value: -0.6125870653324885.
[I 2026-08-19 18:10:48,306] Trial 2380 finished with value: 0.45131570646192665 and parameters: {'k1': 0.0069116006684238705, 'D_low': 5.645315669834554, 'k2': 8.806608762092318e-05, 'D_high': 4486623.001956185, 'fire_exp': 2.0009040431648217, 'P_half': 2.2300991445214517, 'pre_dampen_half': 1.9290200598383636, 'gpp_af': 0.04642390031174824, 'gpp_b': 0.002892993928746178, 'gpp_d': 989.6468043432761, 'ign_k': 0.34353965447886586, 'ign_c': 14.552828728864716, 'trop_agb_crit': 14.546910469944708, 'trop_k_veg': 0.7999514829980521, 'pop_amp': 0.007055166634929442, 'pop_peak': 1.219691557413096, 'pop_sig': 0.7498606886048685, 'fuel_k': 0.06988762367547087, 'fuel_half': 44.62634365145823}. Best is trial 1622 with value: -0.6125870653324885.
[I 2026-08-19 18:10:50,136] Trial 2381 finished with value: 0.6445374145881376 and parameters: {'k1': 0.06572414151160981, 'D_low': 142.27613021346244, 'k2': 4.71909301262735e-05, 'D_high': 2703777.981331044, 'fire_exp': 1.8570731926652317, 'P_half': 4.779428178752627, 'pre_dampen_half': 1.2281920639647699, 'gpp_af': 0.16343226962605403, 'gpp_b': 0.021085431217708964, 'gpp_d': 834.8065570387895, 'ign_k': 0.5350917901066231, 'ign_c': 144.2753292285719, 'trop_agb_crit': 16.55781247872469, 'trop_k_veg': 1.3454675277530852, 'pop_amp': 0.0072818891312961456, 'pop_peak': 0.7048264901580477, 'pop_sig': 0.7113844571251441, 'fuel_k': 0.13711078741034743, 'fuel_half': 2.1773826197883235}. Best is trial 1622 with value: -0.6125870653324885.
[I 2026-08-19 18:10:51,941] Trial 2382 finished with value: 0.6445374145881376 and parameters: {'k1': 3.1542224367041734e-05, 'D_low': 944.9050076782781, 'k2': 6.820508030322121e-05, 'D_high': 217.45352603307765, 'fire_exp': 8.139487517086724, 'P_half': 1588.885530066346, 'pre_dampen_half': 155.51400310759777, 'gpp_af': 0.02007553349730799, 'gpp_b': 0.8676425900439659, 'gpp_d': 0.45432224806665905, 'ign_k': 0.0019823471600899467, 'ign_c': 5.357408289148445, 'trop_agb_crit': 6.3878376085096695, 'trop_k_veg': 6.433974305419794, 'pop_amp': 0.05973930940642968, 'pop_peak': 0.19844611833406808, 'pop_sig': 0.3264646480454908, 'fuel_k': 0.6081375975451316, 'fuel_half': 95.87363700008603}. Best is trial 1622 with value: -0.6125870653324885.
[I 2026-08-19 18:10:53,809] Trial 2383 finished with value: 0.5928314229871715 and parameters: {'k1': 0.00010318711879957733, 'D_low': 11.201498186700944, 'k2': 0.0002135377845314475, 'D_high': 5205309.57224837, 'fire_exp': 4.26593541127425, 'P_half': 490.4788325471685, 'pre_dampen_half': 3.968836627848972, 'gpp_af': 1.0365621582864628, 'gpp_b': 0.01219721302191063, 'gpp_d': 0.6906234000347483, 'ign_k': 0.009710065959658735, 'ign_c': 0.8895217778776462, 'trop_agb_crit': 4.004827021492411, 'trop_k_veg': 1.060514602347849, 'pop_amp': 13.381097857505775, 'pop_peak': 19.868562900858507, 'pop_sig': 0.8869532637711476, 'fuel_k': 0.2858965253644083, 'fuel_half': 0.7689250308093648}. Best is trial 1622 with value: -0.6125870653324885.
[I 2026-08-19 18:10:55,597] Trial 2384 finished with value: 0.5821123786013273 and parameters: {'k1': 0.0012750845766821713, 'D_low': 147.40617366806956, 'k2': 2.7540833180154078e-05, 'D_high': 2877173.682853437, 'fire_exp': 5.588088178013466, 'P_half': 103.87378238944547, 'pre_dampen_half': 1.793253842840398, 'gpp_af': 0.4421237913770877, 'gpp_b': 0.0029139606538591636, 'gpp_d': 260.772130902907, 'ign_k': 0.0037472831569453995, 'ign_c': 1.4446595024057072, 'trop_agb_crit': 4.190144297313708, 'trop_k_veg': 0.511987043971283, 'pop_amp': 3.8671560951003294, 'pop_peak': 75.32437656000842, 'pop_sig': 1.505003158078323, 'fuel_k': 0.02721874993255336, 'fuel_half': 10.11608811482679}. Best is trial 1622 with value: -0.6125870653324885.
[I 2026-08-19 18:10:57,403] Trial 2385 finished with value: 0.6445374145881376 and parameters: {'k1': 0.061021975555208746, 'D_low': 2.4910084083076947, 'k2': 0.00011997421959541633, 'D_high': 3223195.42969767, 'fire_exp': 2.0279179787479866, 'P_half': 2.4618348269547066, 'pre_dampen_half': 5.440959907986252, 'gpp_af': 0.008494362349746274, 'gpp_b': 0.13486439631234817, 'gpp_d': 12.790126206651767, 'ign_k': 1.0355793969036615, 'ign_c': 947.7497833314357, 'trop_agb_crit': 27.293323370769844, 'trop_k_veg': 1.3886972515172613, 'pop_amp': 0.005314869003507385, 'pop_peak': 1.0978326024714076, 'pop_sig': 1.2488943651794548, 'fuel_k': 0.029270120964305212, 'fuel_half': 69.83633609954293}. Best is trial 1622 with value: -0.6125870653324885.
[I 2026-08-19 18:10:59,221] Trial 2386 finished with value: 0.4527767424014064 and parameters: {'k1': 0.001644630264632245, 'D_low': 10.521138357465743, 'k2': 0.0001340367423910685, 'D_high': 2059924.72253612, 'fire_exp': 1.3344618645796378, 'P_half': 19.032675967875072, 'pre_dampen_half': 20.38531232666584, 'gpp_af': 0.07981661805052352, 'gpp_b': 0.00035434475912412265, 'gpp_d': 0.6266506156983064, 'ign_k': 0.43887592921605284, 'ign_c': 0.6728952211910039, 'trop_agb_crit': 24.242348300112575, 'trop_k_veg': 1.9364698900408852, 'pop_amp': 0.11188537663437402, 'pop_peak': 702.9199162743059, 'pop_sig': 0.7276928047886041, 'fuel_k': 0.03932364098362362, 'fuel_half': 10.557461453045619}. Best is trial 1622 with value: -0.6125870653324885.
[I 2026-08-19 18:11:01,054] Trial 2387 finished with value: 0.6445374145881376 and parameters: {'k1': 0.008289407392645857, 'D_low': 2705.6684619642615, 'k2': 4.2912589287023893e-05, 'D_high': 381858.7889140297, 'fire_exp': 1.488354465805127, 'P_half': 1.5904371335765575, 'pre_dampen_half': 3.3468593555734096, 'gpp_af': 0.1005726704121861, 'gpp_b': 6.692066882197034e-05, 'gpp_d': 18.703941369899447, 'ign_k': 5.726639826852318, 'ign_c': 57.57553427832894, 'trop_agb_crit': 14.544361982112568, 'trop_k_veg': 3.6474096432249365, 'pop_amp': 0.009431967911501218, 'pop_peak': 0.147038856157976, 'pop_sig': 1.9523435672436296, 'fuel_k': 0.1203630357318107, 'fuel_half': 90.06298952080276}. Best is trial 1622 with value: -0.6125870653324885.
[I 2026-08-19 18:11:03,007] Trial 2388 finished with value: 0.4512415455442247 and parameters: {'k1': 0.07183453249722838, 'D_low': 8.992904856964548, 'k2': 2.841371844249527e-05, 'D_high': 4797724.373624188, 'fire_exp': 1.8445262951038472, 'P_half': 12.715011743820561, 'pre_dampen_half': 19.102948973064944, 'gpp_af': 0.5389614691028224, 'gpp_b': 0.0007605083074166004, 'gpp_d': 115.65129285139638, 'ign_k': 0.3449568846532642, 'ign_c': 0.31070689265834545, 'trop_agb_crit': 16.39295688885179, 'trop_k_veg': 0.6338720377638035, 'pop_amp': 0.0022300338223095193, 'pop_peak': 29.37022320172234, 'pop_sig': 0.7907150338332845, 'fuel_k': 0.06251420509663301, 'fuel_half': 5.686833782150634}. Best is trial 1622 with value: -0.6125870653324885.
[I 2026-08-19 18:11:04,867] Trial 2389 finished with value: 0.6445374145881376 and parameters: {'k1': 0.003553439200139689, 'D_low': 1.2924970371575961, 'k2': 2.6999488983071912e-05, 'D_high': 691745.7811769099, 'fire_exp': 1.920061725801281, 'P_half': 8.244585037757235, 'pre_dampen_half': 3.7658067137848645, 'gpp_af': 0.11550190664995662, 'gpp_b': 3.2294211716429686e-05, 'gpp_d': 246.71538293653018, 'ign_k': 3.2690023501516285, 'ign_c': 48.8513269821028, 'trop_agb_crit': 5.770203357241339, 'trop_k_veg': 1.471159366485805, 'pop_amp': 0.003636539505529216, 'pop_peak': 97.12327148944553, 'pop_sig': 2.004173920955315, 'fuel_k': 0.18554035047299222, 'fuel_half': 5.637429326686873}. Best is trial 1622 with value: -0.6125870653324885.
  trial 2390/2500  best_overall=0.6126  (72.7 min)
[I 2026-08-19 18:11:07,206] Trial 2390 finished with value: 0.6445374145881376 and parameters: {'k1': 0.003198291256704025, 'D_low': 17.296695875447973, 'k2': 0.00048013048279823, 'D_high': 922216.1360122694, 'fire_exp': 1.824092746447654, 'P_half': 87.55942506519557, 'pre_dampen_half': 17.227327189273257, 'gpp_af': 0.0021395375563511274, 'gpp_b': 0.0017861304424919124, 'gpp_d': 13.31121531519161, 'ign_k': 1.661758750815316, 'ign_c': 51.73159319501221, 'trop_agb_crit': 21.787675730341114, 'trop_k_veg': 1.0935461933174024, 'pop_amp': 0.0017518967644618267, 'pop_peak': 2.3892134346654506, 'pop_sig': 0.9302145183813858, 'fuel_k': 0.030995228033021818, 'fuel_half': 70.40183405918428}. Best is trial 1622 with value: -0.6125870653324885.
[I 2026-08-19 18:11:09,077] Trial 2391 finished with value: -0.5388327416367089 and parameters: {'k1': 0.009168534173457159, 'D_low': 112.70251725913552, 'k2': 0.001088320238176356, 'D_high': 2782800.391232236, 'fire_exp': 1.1854098839022502, 'P_half': 2.4195995099316145, 'pre_dampen_half': 4.133098195834324, 'gpp_af': 0.004825094694567347, 'gpp_b': 0.002478943505751541, 'gpp_d': 0.03572267475557196, 'ign_k': 0.15153589590692393, 'ign_c': 4.29474104283971, 'trop_agb_crit': 6.637887157983672, 'trop_k_veg': 1.5837768523379538, 'pop_amp': 0.615845060613065, 'pop_peak': 862.9391411957008, 'pop_sig': 0.6405007349286352, 'fuel_k': 0.05294143890074175, 'fuel_half': 8.36749599662895}. Best is trial 1622 with value: -0.6125870653324885.
[I 2026-08-19 18:11:10,929] Trial 2392 finished with value: 0.6445374145881376 and parameters: {'k1': 0.06119076376653387, 'D_low': 74.77543018925833, 'k2': 0.0001729539410194026, 'D_high': 2405761.1684646136, 'fire_exp': 1.3381242580209793, 'P_half': 475.9335326720835, 'pre_dampen_half': 3.2449809467538335, 'gpp_af': 0.037134659119008644, 'gpp_b': 0.00010598260884027677, 'gpp_d': 74.10287370198427, 'ign_k': 0.9723719164289304, 'ign_c': 93.80400378384347, 'trop_agb_crit': 18.368352965152702, 'trop_k_veg': 0.7413016629190226, 'pop_amp': 0.004818858552184355, 'pop_peak': 0.16686624781442908, 'pop_sig': 0.610849881440817, 'fuel_k': 0.16498405660458731, 'fuel_half': 55.130841216026376}. Best is trial 1622 with value: -0.6125870653324885.
[I 2026-08-19 18:11:12,688] Trial 2393 finished with value: 0.6446164896100078 and parameters: {'k1': 0.0007265865951608128, 'D_low': 14182.950628379605, 'k2': 0.0020128166229644437, 'D_high': 31.738441328626422, 'fire_exp': 2.7032655589689205, 'P_half': 256.03468128405274, 'pre_dampen_half': 29.046721621727738, 'gpp_af': 0.0036532381086112078, 'gpp_b': 0.0013029007318555651, 'gpp_d': 0.4326819487245798, 'ign_k': 1.124073192076687, 'ign_c': 30.074338352909734, 'trop_agb_crit': 11.90816781236653, 'trop_k_veg': 0.5594292222924664, 'pop_amp': 0.029256457532230752, 'pop_peak': 0.8209386135256774, 'pop_sig': 0.35424125256200345, 'fuel_k': 0.4114934889999403, 'fuel_half': 0.6937686549514244}. Best is trial 1622 with value: -0.6125870653324885.
[I 2026-08-19 18:11:14,566] Trial 2394 finished with value: 0.6170801356286708 and parameters: {'k1': 4.207664929321384e-05, 'D_low': 3.5932127721350606, 'k2': 0.024279882396619858, 'D_high': 88129.4843662774, 'fire_exp': 2.7444470973156174, 'P_half': 1685.072304713992, 'pre_dampen_half': 641.1627002938326, 'gpp_af': 0.6453114959603589, 'gpp_b': 9.460329276525165, 'gpp_d': 0.06826650909972985, 'ign_k': 9.86451899170518, 'ign_c': 0.42288926956111134, 'trop_agb_crit': 13.657590928446437, 'trop_k_veg': 1.114574346222735, 'pop_amp': 2.9299589847873677, 'pop_peak': 305.4366941273542, 'pop_sig': 1.337309372871229, 'fuel_k': 0.14881126604773084, 'fuel_half': 40.67380887082143}. Best is trial 1622 with value: -0.6125870653324885.
[I 2026-08-19 18:11:16,396] Trial 2395 finished with value: 0.41815687862084294 and parameters: {'k1': 0.0007154155173566445, 'D_low': 3870.6438371016075, 'k2': 0.0005650932839707031, 'D_high': 166953.63590401394, 'fire_exp': 1.7448444974506083, 'P_half': 244.18935479447626, 'pre_dampen_half': 20.055496014306506, 'gpp_af': 0.6908194192040841, 'gpp_b': 0.00014424994721602986, 'gpp_d': 507.83306294131285, 'ign_k': 4.045947744443621, 'ign_c': 1.8646097254974823, 'trop_agb_crit': 18.82000190263933, 'trop_k_veg': 0.9525614858155053, 'pop_amp': 0.0010594215491373216, 'pop_peak': 42.32983421242859, 'pop_sig': 0.7773418496086963, 'fuel_k': 0.6814459372895868, 'fuel_half': 17.328618339242766}. Best is trial 1622 with value: -0.6125870653324885.
[I 2026-08-19 18:11:18,205] Trial 2396 finished with value: 0.61761980285387 and parameters: {'k1': 0.007201211088067794, 'D_low': 2.582139512492796, 'k2': 0.0017982722372427932, 'D_high': 1866153.8470111876, 'fire_exp': 3.678012672855023, 'P_half': 163.12697038769048, 'pre_dampen_half': 54.02023057610184, 'gpp_af': 0.009183888355069444, 'gpp_b': 0.04249382408249485, 'gpp_d': 1.006805170760124, 'ign_k': 0.7396523076869517, 'ign_c': 0.31697960989459767, 'trop_agb_crit': 7.996381169228974, 'trop_k_veg': 0.5297573285689241, 'pop_amp': 7.902323060418663, 'pop_peak': 21.701168197493285, 'pop_sig': 0.7188070455728814, 'fuel_k': 0.440147669581428, 'fuel_half': 1.0897857536140716}. Best is trial 1622 with value: -0.6125870653324885.
[I 2026-08-19 18:11:20,082] Trial 2397 finished with value: 0.39251927746448256 and parameters: {'k1': 0.061779374966744294, 'D_low': 5.479978589217835, 'k2': 0.0008261976731909102, 'D_high': 1568560.7974026517, 'fire_exp': 2.2981141873653286, 'P_half': 74.99134204016327, 'pre_dampen_half': 21.448742599641005, 'gpp_af': 0.00829387874930006, 'gpp_b': 2.940852369235266e-05, 'gpp_d': 3.6788364366260766, 'ign_k': 0.7534618289239846, 'ign_c': 20.558019303252976, 'trop_agb_crit': 8.580163816265767, 'trop_k_veg': 7.41538016855902, 'pop_amp': 0.008011975258901013, 'pop_peak': 0.05640180302180742, 'pop_sig': 0.5695104001883554, 'fuel_k': 2.7571474344583793, 'fuel_half': 12.627606142147071}. Best is trial 1622 with value: -0.6125870653324885.
[I 2026-08-19 18:11:21,849] Trial 2398 finished with value: 0.520261969521312 and parameters: {'k1': 0.09747583558699933, 'D_low': 1.189847253522264, 'k2': 0.0001871993413303634, 'D_high': 98399.04482462083, 'fire_exp': 5.529839981215566, 'P_half': 4.074857391895875, 'pre_dampen_half': 1.1828146804787218, 'gpp_af': 0.006013433324265992, 'gpp_b': 0.00010857623577561659, 'gpp_d': 9.269310713749627, 'ign_k': 0.06737896207122875, 'ign_c': 0.8030892594718662, 'trop_agb_crit': 5.89163606813882, 'trop_k_veg': 6.840470318663038, 'pop_amp': 0.0013221715793713185, 'pop_peak': 0.5129942524558117, 'pop_sig': 0.29463964601477843, 'fuel_k': 5.366548940976242, 'fuel_half': 1.644408598443741}. Best is trial 1622 with value: -0.6125870653324885.
[I 2026-08-19 18:11:23,641] Trial 2399 finished with value: 0.4393567190221024 and parameters: {'k1': 0.055377629252124916, 'D_low': 34.12964274538223, 'k2': 4.7377537339821595e-05, 'D_high': 4765466.468867376, 'fire_exp': 3.0365744991165626, 'P_half': 3.842049390828836, 'pre_dampen_half': 11.36315670407016, 'gpp_af': 0.06349999578360849, 'gpp_b': 5.8820732821346875e-05, 'gpp_d': 114.32665980083155, 'ign_k': 2.0385234581418588, 'ign_c': 0.8665552684022039, 'trop_agb_crit': 28.914433684035913, 'trop_k_veg': 0.5099705647478951, 'pop_amp': 0.005279193991941777, 'pop_peak': 0.565360542817459, 'pop_sig': 0.40893425842917674, 'fuel_k': 0.02482185468513186, 'fuel_half': 5.186601273972064}. Best is trial 1622 with value: -0.6125870653324885.
[I 2026-08-19 18:11:25,469] Trial 2400 finished with value: 0.4726851801809199 and parameters: {'k1': 0.0008464542725706047, 'D_low': 10703.653132816344, 'k2': 0.00010368968192573569, 'D_high': 3039624.7987230187, 'fire_exp': 1.0442874569494434, 'P_half': 37.70324100162163, 'pre_dampen_half': 21.996647149719227, 'gpp_af': 0.08162522128244093, 'gpp_b': 1.4135333136664741e-05, 'gpp_d': 10.126778816939332, 'ign_k': 9.495433738349158, 'ign_c': 1.5731548680599725, 'trop_agb_crit': 16.309627864739113, 'trop_k_veg': 0.9103283201376992, 'pop_amp': 0.0021016277601796805, 'pop_peak': 27.984941607234546, 'pop_sig': 1.1013424832986862, 'fuel_k': 0.16899922918857715, 'fuel_half': 39.79674472224581}. Best is trial 1622 with value: -0.6125870653324885.
  trial 2401/2500  best_overall=0.6126  (73.0 min)
[I 2026-08-19 18:11:27,811] Trial 2401 finished with value: 0.6445374145881376 and parameters: {'k1': 0.02453892832886675, 'D_low': 129288.7662420653, 'k2': 0.0001850057110233826, 'D_high': 70938.27313013107, 'fire_exp': 4.838146152498316, 'P_half': 1.4911740163751854, 'pre_dampen_half': 18.427683136991526, 'gpp_af': 11.947912076838838, 'gpp_b': 1.3202177926984773, 'gpp_d': 0.1250675127219493, 'ign_k': 0.40063865416859923, 'ign_c': 0.7639851864452188, 'trop_agb_crit': 9.69685849910825, 'trop_k_veg': 0.9108747707850937, 'pop_amp': 0.002033418270741428, 'pop_peak': 1.7988398908026393, 'pop_sig': 0.2804715171970915, 'fuel_k': 2.782956622826685, 'fuel_half': 1.6736560761501569}. Best is trial 1622 with value: -0.6125870653324885.
[I 2026-08-19 18:11:29,701] Trial 2402 finished with value: 0.6445374145881376 and parameters: {'k1': 0.049295113379142, 'D_low': 27.33941594237183, 'k2': 5.59062283056659e-05, 'D_high': 1129212.689992414, 'fire_exp': 2.4364360881105065, 'P_half': 18.929261011141485, 'pre_dampen_half': 98.69928830653046, 'gpp_af': 0.007413185444230965, 'gpp_b': 3.6263714596520576e-05, 'gpp_d': 190.05642597874515, 'ign_k': 1.4539402286996093, 'ign_c': 112.9843248203758, 'trop_agb_crit': 3.372856152640739, 'trop_k_veg': 0.6229279442944391, 'pop_amp': 0.26475094526640647, 'pop_peak': 1.3786647579842595, 'pop_sig': 0.6669941758825831, 'fuel_k': 0.04015435116865279, 'fuel_half': 8.266974990972598}. Best is trial 1622 with value: -0.6125870653324885.
[I 2026-08-19 18:11:31,520] Trial 2403 finished with value: 0.5590824910567191 and parameters: {'k1': 0.0007668329206028746, 'D_low': 491.9246037741612, 'k2': 0.03743773344720815, 'D_high': 1283906.381381048, 'fire_exp': 1.9440017366928601, 'P_half': 3232.5079839062705, 'pre_dampen_half': 6.361782533300023, 'gpp_af': 0.2218171646097092, 'gpp_b': 0.00563688412627521, 'gpp_d': 0.4948346828731811, 'ign_k': 6.008275122074319, 'ign_c': 0.1550888996973443, 'trop_agb_crit': 8.659647970864722, 'trop_k_veg': 2.7122775801674104, 'pop_amp': 0.017754820838973236, 'pop_peak': 1.1760178321253965, 'pop_sig': 0.34185172196802327, 'fuel_k': 3.9670028501587105, 'fuel_half': 0.23046083884166796}. Best is trial 1622 with value: -0.6125870653324885.
[I 2026-08-19 18:11:33,312] Trial 2404 finished with value: 0.5439847747702518 and parameters: {'k1': 0.0004201538693365589, 'D_low': 1.2253647479169074, 'k2': 0.00035284011096338105, 'D_high': 28435.930573981677, 'fire_exp': 1.859789251163944, 'P_half': 8.39608117039431, 'pre_dampen_half': 1.165314999120982, 'gpp_af': 0.0069028701574499664, 'gpp_b': 1.3418611464847759e-05, 'gpp_d': 0.35559252495028837, 'ign_k': 1.2871283391391186, 'ign_c': 20.435247715806558, 'trop_agb_crit': 14.371693128861054, 'trop_k_veg': 0.9517939233527538, 'pop_amp': 0.3688745993138558, 'pop_peak': 281.9535454528008, 'pop_sig': 0.7330840805008034, 'fuel_k': 0.014931476462010974, 'fuel_half': 81.05336810837406}. Best is trial 1622 with value: -0.6125870653324885.
[I 2026-08-19 18:11:35,190] Trial 2405 finished with value: 0.42836009554343735 and parameters: {'k1': 0.0028128761900706365, 'D_low': 121.69671852460664, 'k2': 0.0006535802708427913, 'D_high': 2741041.1507985373, 'fire_exp': 2.230277163731041, 'P_half': 28.49839818865755, 'pre_dampen_half': 1.1962837033118408, 'gpp_af': 0.6239793175098135, 'gpp_b': 0.0224081674631227, 'gpp_d': 4.498299867488656, 'ign_k': 0.1341420987155363, 'ign_c': 0.33979649646758736, 'trop_agb_crit': 7.597897770117794, 'trop_k_veg': 1.0359762186491335, 'pop_amp': 0.2881870845975879, 'pop_peak': 4.347108294645041, 'pop_sig': 1.2632129301330828, 'fuel_k': 0.6565704561759993, 'fuel_half': 0.25806389110603517}. Best is trial 1622 with value: -0.6125870653324885.
