[I 2026-06-11 01:30:04,970] Trial 529 finished with values: [11.700523196054826, 11.700523196054826] and parameters: {'k1': 9.132348475718357e-05, 'D_low': 236.79352040223893, 'k2': 0.0036014695835220327, 'D_high': 1266.9536563782303, 'fire_exp': 1.2060040899560858, 'P_half': 5.4712187293420325, 'pre_dampen_half': 121.93011993958949, 'gpp_af': 0.060029341913968644, 'gpp_b': 0.001674375583895437, 'gpp_d': 304.7488318185732, 'ign_k': 2.3805746020770413, 'ign_c': 1.364908766641693, 'trop_agb_crit': 3.108985631683375, 'trop_k_veg': 5.453348988480011, 'fire_amp': 1.5719333351012774}.
[I 2026-06-11 01:30:06,418] Trial 530 finished with values: [10.743036366605777, 10.743036366605777] and parameters: {'k1': 0.0001599021369655865, 'D_low': 2962.601088597272, 'k2': 0.0007731571570012607, 'D_high': 6682.9607218310075, 'fire_exp': 1.111738490499784, 'P_half': 1.4551749476072258, 'pre_dampen_half': 4.847666216751353, 'gpp_af': 0.005061568304359487, 'gpp_b': 5.0875243087016374e-05, 'gpp_d': 0.1619054449471649, 'ign_k': 7.544827057709847, 'ign_c': 22.126836566118193, 'trop_agb_crit': 1.8023542850487386, 'trop_k_veg': 6.030247256556128, 'fire_amp': 2.2586887422726973}.
[I 2026-06-11 01:30:08,033] Trial 531 finished with values: [-0.36762325303391097, 0.15511802456110213] and parameters: {'k1': 5.178197947282869e-05, 'D_low': 1.3376564232104105, 'k2': 0.0001280886335404798, 'D_high': 8912.611835817017, 'fire_exp': 1.811096651915224, 'P_half': 5.4712187293420325, 'pre_dampen_half': 189.88136301569827, 'gpp_af': 6.384685545228285, 'gpp_b': 5.0875243087016374e-05, 'gpp_d': 0.47379914349407487, 'ign_k': 0.00660597889201953, 'ign_c': 7.081721844034206, 'trop_agb_crit': 1.8023542850487386, 'trop_k_veg': 0.7808079158649266, 'fire_amp': 2.042193818779288}.
[I 2026-06-11 01:30:09,550] Trial 532 finished with values: [18.016383939382884, 18.016383939382884] and parameters: {'k1': 5.7909642338812115e-05, 'D_low': 1.7551403048208316, 'k2': 0.019383858782150494, 'D_high': 6682.9607218310075, 'fire_exp': 1.1633452995374232, 'P_half': 5.4712187293420325, 'pre_dampen_half': 121.93011993958949, 'gpp_af': 2.5017068255320485, 'gpp_b': 0.00031478066835753096, 'gpp_d': 364.60005353173506, 'ign_k': 0.002357279455676982, 'ign_c': 7.081721844034206, 'trop_agb_crit': 5.335241529707116, 'trop_k_veg': 0.9923523017201868, 'fire_amp': 2.7806853670293616}.
[I 2026-06-11 01:30:10,946] Trial 533 finished with values: [10.245016646070455, 10.245016646070455] and parameters: {'k1': 9.132348475718357e-05, 'D_low': 2186.356344942016, 'k2': 0.0001280886335404798, 'D_high': 20103.283734409175, 'fire_exp': 1.811096651915224, 'P_half': 3.591771421517613, 'pre_dampen_half': 121.93011993958949, 'gpp_af': 0.07118041471054574, 'gpp_b': 5.0875243087016374e-05, 'gpp_d': 0.030844007727232167, 'ign_k': 0.9419612235978201, 'ign_c': 7.081721844034206, 'trop_agb_crit': 1.8023542850487386, 'trop_k_veg': 0.5535297685306277, 'fire_amp': 1.4475279918261055}.
[I 2026-06-11 01:30:12,312] Trial 534 finished with values: [10.102209297279392, 10.102209297279392] and parameters: {'k1': 9.132348475718357e-05, 'D_low': 408.3047491580097, 'k2': 0.0001280886335404798, 'D_high': 27.55546207779663, 'fire_exp': 1.811096651915224, 'P_half': 2.226799690893868, 'pre_dampen_half': 121.93011993958949, 'gpp_af': 0.37842528170684203, 'gpp_b': 0.00031478066835753096, 'gpp_d': 20.81401325574021, 'ign_k': 0.002357279455676982, 'ign_c': 7.081721844034206, 'trop_agb_crit': 12.9667438075127, 'trop_k_veg': 2.99731137426955, 'fire_amp': 5.416595007374148}.
[I 2026-06-11 01:30:13,724] Trial 535 finished with values: [10.7562297435375, 10.7562297435375] and parameters: {'k1': 0.0007916322947490366, 'D_low': 236.79352040223893, 'k2': 0.019383858782150494, 'D_high': 1817.0401889219124, 'fire_exp': 3.0820989694255045, 'P_half': 3.591771421517613, 'pre_dampen_half': 4.847666216751353, 'gpp_af': 0.9219336658511308, 'gpp_b': 5.0875243087016374e-05, 'gpp_d': 1.4397852866783676, 'ign_k': 0.0032383308053152635, 'ign_c': 2.226297338331262, 'trop_agb_crit': 12.9667438075127, 'trop_k_veg': 0.828441460847982, 'fire_amp': 2.7806853670293616}.
[I 2026-06-11 01:30:15,222] Trial 536 finished with values: [10.321453309345229, 10.321453309345229] and parameters: {'k1': 0.0869690639641868, 'D_low': 148.21691630007544, 'k2': 0.002090955698118952, 'D_high': 6682.9607218310075, 'fire_exp': 1.5191397119156032, 'P_half': 157.80309954142965, 'pre_dampen_half': 21.593412825402957, 'gpp_af': 0.9219336658511308, 'gpp_b': 0.001674375583895437, 'gpp_d': 0.1619054449471649, 'ign_k': 0.004105873950290761, 'ign_c': 22.126836566118193, 'trop_agb_crit': 5.588032458772675, 'trop_k_veg': 2.724170387400844, 'fire_amp': 5.44779717154213}.
[I 2026-06-11 01:30:16,734] Trial 537 finished with values: [10.896621646782647, 10.896621646782647] and parameters: {'k1': 0.00026539376439360527, 'D_low': 83.56564873457052, 'k2': 0.0001280886335404798, 'D_high': 8912.611835817017, 'fire_exp': 1.5191397119156032, 'P_half': 12.262543158860007, 'pre_dampen_half': 903.3231300044874, 'gpp_af': 0.5970408652384318, 'gpp_b': 5.0875243087016374e-05, 'gpp_d': 0.1619054449471649, 'ign_k': 0.00660597889201953, 'ign_c': 0.5232779509048977, 'trop_agb_crit': 5.588032458772675, 'trop_k_veg': 0.7808079158649266, 'fire_amp': 2.042193818779288}.
[I 2026-06-11 01:30:18,115] Trial 538 finished with values: [10.294147827733301, 10.294147827733301] and parameters: {'k1': 0.03648456083047798, 'D_low': 236.79352040223893, 'k2': 0.019383858782150494, 'D_high': 6682.9607218310075, 'fire_exp': 1.3792762394455726, 'P_half': 157.80309954142965, 'pre_dampen_half': 4.847666216751353, 'gpp_af': 0.060029341913968644, 'gpp_b': 2.1309331861011757e-05, 'gpp_d': 0.014121081168145975, 'ign_k': 0.004105873950290761, 'ign_c': 1.364908766641693, 'trop_agb_crit': 1.8023542850487386, 'trop_k_veg': 1.6648666152166967, 'fire_amp': 2.7806853670293616}.
[I 2026-06-11 01:30:19,418] Trial 539 finished with values: [10.58833535332162, 10.58833535332162] and parameters: {'k1': 0.0869690639641868, 'D_low': 148.21691630007544, 'k2': 2.091507303847255e-05, 'D_high': 1266.9536563782303, 'fire_exp': 1.5191397119156032, 'P_half': 61.6097529474144, 'pre_dampen_half': 9.044346216330972, 'gpp_af': 0.5970408652384318, 'gpp_b': 0.0004360709560327289, 'gpp_d': 0.1619054449471649, 'ign_k': 0.004105873950290761, 'ign_c': 1.9423015749984096, 'trop_agb_crit': 5.588032458772675, 'trop_k_veg': 1.6648666152166967, 'fire_amp': 1.7362652332618447}.
[I 2026-06-11 01:30:20,851] Trial 540 finished with values: [17.931541457627556, 17.931541457627556] and parameters: {'k1': 5.7909642338812115e-05, 'D_low': 408.3047491580097, 'k2': 0.019383858782150494, 'D_high': 8912.611835817017, 'fire_exp': 1.1633452995374232, 'P_half': 3.591771421517613, 'pre_dampen_half': 903.3231300044874, 'gpp_af': 2.5017068255320485, 'gpp_b': 0.001674375583895437, 'gpp_d': 364.60005353173506, 'ign_k': 0.00660597889201953, 'ign_c': 65.87536748686888, 'trop_agb_crit': 2.1989086830950257, 'trop_k_veg': 5.453348988480011, 'fire_amp': 3.1045399027418377}.
[I 2026-06-11 01:30:22,311] Trial 541 finished with values: [10.278273608576216, 10.278273608576216] and parameters: {'k1': 0.0869690639641868, 'D_low': 1.7551403048208316, 'k2': 0.0001870742013766025, 'D_high': 55.22071973135807, 'fire_exp': 1.353841071397002, 'P_half': 5.4712187293420325, 'pre_dampen_half': 9.044346216330972, 'gpp_af': 0.07118041471054574, 'gpp_b': 5.0875243087016374e-05, 'gpp_d': 0.4742269251269962, 'ign_k': 0.002357279455676982, 'ign_c': 22.126836566118193, 'trop_agb_crit': 12.708819454040446, 'trop_k_veg': 1.6648666152166967, 'fire_amp': 1.4357291436937847}.
[I 2026-06-11 01:30:24,101] Trial 542 finished with values: [10.689173957006352, 10.689173957006352] and parameters: {'k1': 0.00026539376439360527, 'D_low': 2267.735223551285, 'k2': 0.002090955698118952, 'D_high': 6682.9607218310075, 'fire_exp': 1.7505406131449859, 'P_half': 3.591771421517613, 'pre_dampen_half': 4.847666216751353, 'gpp_af': 0.9219336658511308, 'gpp_b': 0.001674375583895437, 'gpp_d': 0.4742269251269962, 'ign_k': 0.0032383308053152635, 'ign_c': 1.4879588507789996, 'trop_agb_crit': 3.108985631683375, 'trop_k_veg': 0.5183533149347164, 'fire_amp': 2.042193818779288}.
[I 2026-06-11 01:30:25,484] Trial 543 finished with values: [10.746985397366402, 10.746985397366402] and parameters: {'k1': 5.7909642338812115e-05, 'D_low': 2.843767489444367, 'k2': 0.0499774937030317, 'D_high': 6682.9607218310075, 'fire_exp': 4.7144651891518725, 'P_half': 3.591771421517613, 'pre_dampen_half': 121.93011993958949, 'gpp_af': 20.12115544906385, 'gpp_b': 0.001674375583895437, 'gpp_d': 364.60005353173506, 'ign_k': 0.002357279455676982, 'ign_c': 0.2946000090510885, 'trop_agb_crit': 1.8023542850487386, 'trop_k_veg': 5.453348988480011, 'fire_amp': 2.042193818779288}.
[I 2026-06-11 01:30:26,835] Trial 544 finished with values: [10.769221264876133, 10.769221264876133] and parameters: {'k1': 5.7909642338812115e-05, 'D_low': 148.21691630007544, 'k2': 2.091507303847255e-05, 'D_high': 6682.9607218310075, 'fire_exp': 1.5191397119156032, 'P_half': 3.591771421517613, 'pre_dampen_half': 4.847666216751353, 'gpp_af': 0.5970408652384318, 'gpp_b': 6.598911085146508, 'gpp_d': 0.1619054449471649, 'ign_k': 0.004105873950290761, 'ign_c': 1.9423015749984096, 'trop_agb_crit': 5.588032458772675, 'trop_k_veg': 5.453348988480011, 'fire_amp': 1.1832294197682733}.
[I 2026-06-11 01:30:28,127] Trial 545 finished with values: [11.715819443035324, 11.715819443035324] and parameters: {'k1': 0.004902396944106613, 'D_low': 1.7551403048208316, 'k2': 0.0001280886335404798, 'D_high': 6682.9607218310075, 'fire_exp': 1.353841071397002, 'P_half': 5.4712187293420325, 'pre_dampen_half': 121.93011993958949, 'gpp_af': 0.07118041471054574, 'gpp_b': 0.001674375583895437, 'gpp_d': 0.47379914349407487, 'ign_k': 0.0032383308053152635, 'ign_c': 72.99613382801451, 'trop_agb_crit': 12.708819454040446, 'trop_k_veg': 1.6648666152166967, 'fire_amp': 2.7806853670293616}.
[I 2026-06-11 01:30:29,476] Trial 546 finished with values: [10.372083234739742, 10.372083234739742] and parameters: {'k1': 0.0004846497679219079, 'D_low': 408.3047491580097, 'k2': 0.0011135501184757278, 'D_high': 595.6633466901683, 'fire_exp': 1.5191397119156032, 'P_half': 45.55085098454082, 'pre_dampen_half': 9.044346216330972, 'gpp_af': 0.005061568304359487, 'gpp_b': 2.1309331861011757e-05, 'gpp_d': 0.7698760608299932, 'ign_k': 0.002357279455676982, 'ign_c': 22.126836566118193, 'trop_agb_crit': 2.1989086830950257, 'trop_k_veg': 2.8926781829782864, 'fire_amp': 5.44779717154213}.
[I 2026-06-11 01:30:31,052] Trial 547 finished with values: [10.21730596564215, 10.21730596564215] and parameters: {'k1': 0.0002418422795847161, 'D_low': 1.7551403048208316, 'k2': 0.02065142557895925, 'D_high': 32311.521854410956, 'fire_exp': 1.2060040899560858, 'P_half': 2.226799690893868, 'pre_dampen_half': 9.044346216330972, 'gpp_af': 0.060029341913968644, 'gpp_b': 0.001674375583895437, 'gpp_d': 0.1619054449471649, 'ign_k': 0.0032383308053152635, 'ign_c': 0.6235377135673155, 'trop_agb_crit': 12.9667438075127, 'trop_k_veg': 0.9923523017201868, 'fire_amp': 1.5719333351012774}.
[I 2026-06-11 01:30:32,635] Trial 548 finished with values: [10.036392800669567, 10.036392800669567] and parameters: {'k1': 9.132348475718357e-05, 'D_low': 1.7551403048208316, 'k2': 0.029687184908302574, 'D_high': 1266.9536563782303, 'fire_exp': 1.811096651915224, 'P_half': 5.4712187293420325, 'pre_dampen_half': 121.93011993958949, 'gpp_af': 0.07118041471054574, 'gpp_b': 0.00031478066835753096, 'gpp_d': 0.1619054449471649, 'ign_k': 2.3805746020770413, 'ign_c': 7.081721844034206, 'trop_agb_crit': 12.708819454040446, 'trop_k_veg': 1.6648666152166967, 'fire_amp': 1.5719333351012774}.
[I 2026-06-11 01:30:34,009] Trial 549 finished with values: [10.734978816803254, 10.734978816803254] and parameters: {'k1': 0.0004846497679219079, 'D_low': 148.21691630007544, 'k2': 0.0001870742013766025, 'D_high': 1817.0401889219124, 'fire_exp': 1.5036604936020428, 'P_half': 51.10120656497163, 'pre_dampen_half': 9.044346216330972, 'gpp_af': 0.005061568304359487, 'gpp_b': 0.010307896803108956, 'gpp_d': 0.7698760608299932, 'ign_k': 0.002357279455676982, 'ign_c': 22.126836566118193, 'trop_agb_crit': 2.1989086830950257, 'trop_k_veg': 6.030247256556128, 'fire_amp': 5.44779717154213}.
[I 2026-06-11 01:30:35,370] Trial 550 finished with values: [10.694741316144835, 10.694741316144835] and parameters: {'k1': 0.030699709531122967, 'D_low': 1.7551403048208316, 'k2': 0.0002442377596403892, 'D_high': 8912.611835817017, 'fire_exp': 1.5191397119156032, 'P_half': 589.5271473887282, 'pre_dampen_half': 9.044346216330972, 'gpp_af': 0.005061568304359487, 'gpp_b': 0.00031478066835753096, 'gpp_d': 1.0088237648985734, 'ign_k': 0.0032383308053152635, 'ign_c': 342.8810943862522, 'trop_agb_crit': 2.100813292597435, 'trop_k_veg': 5.453348988480011, 'fire_amp': 3.1045399027418377}.
[I 2026-06-11 01:30:36,742] Trial 551 finished with values: [-0.45554807729762903, 0.1679200348609563] and parameters: {'k1': 0.0007916322947490366, 'D_low': 236.79352040223893, 'k2': 0.0001280886335404798, 'D_high': 1817.0401889219124, 'fire_exp': 1.811096651915224, 'P_half': 3.591771421517613, 'pre_dampen_half': 155.08737608723771, 'gpp_af': 0.9219336658511308, 'gpp_b': 5.0875243087016374e-05, 'gpp_d': 1.4397852866783676, 'ign_k': 0.0032383308053152635, 'ign_c': 7.081721844034206, 'trop_agb_crit': 24.199763404822136, 'trop_k_veg': 0.828441460847982, 'fire_amp': 2.7806853670293616}.
[I 2026-06-11 01:30:38,169] Trial 552 finished with values: [10.63347963886218, 10.63347963886218] and parameters: {'k1': 0.00023134781612225627, 'D_low': 236.79352040223893, 'k2': 0.0001280886335404798, 'D_high': 6682.9607218310075, 'fire_exp': 1.2060040899560858, 'P_half': 6004.223886195538, 'pre_dampen_half': 189.36639872354493, 'gpp_af': 37.28155624293858, 'gpp_b': 0.00031478066835753096, 'gpp_d': 94.19931479490882, 'ign_k': 0.5407445028694732, 'ign_c': 1.4879588507789996, 'trop_agb_crit': 2.100813292597435, 'trop_k_veg': 6.963655030926962, 'fire_amp': 1.5719333351012774}.
[I 2026-06-11 01:30:39,737] Trial 553 finished with values: [-0.444035340983702, 0.11377278387740919] and parameters: {'k1': 0.0003445931091927334, 'D_low': 97.43142535650219, 'k2': 4.933751600448335e-05, 'D_high': 6682.9607218310075, 'fire_exp': 1.5191397119156032, 'P_half': 5.4712187293420325, 'pre_dampen_half': 9.044346216330972, 'gpp_af': 2.5017068255320485, 'gpp_b': 0.00031478066835753096, 'gpp_d': 12.281069836814826, 'ign_k': 0.0032383308053152635, 'ign_c': 1.364908766641693, 'trop_agb_crit': 1.8023542850487386, 'trop_k_veg': 2.724170387400844, 'fire_amp': 5.44779717154213}.
[I 2026-06-11 01:30:41,238] Trial 554 finished with values: [-0.5983698839334969, 0.07401653613302073] and parameters: {'k1': 0.0869690639641868, 'D_low': 148.21691630007544, 'k2': 0.002090955698118952, 'D_high': 6682.9607218310075, 'fire_exp': 1.2060040899560858, 'P_half': 157.80309954142965, 'pre_dampen_half': 4.847666216751353, 'gpp_af': 0.10098504976210308, 'gpp_b': 0.001674375583895437, 'gpp_d': 0.4742269251269962, 'ign_k': 0.0032383308053152635, 'ign_c': 1.364908766641693, 'trop_agb_crit': 2.100813292597435, 'trop_k_veg': 6.963655030926962, 'fire_amp': 5.44779717154213}.
[I 2026-06-11 01:30:42,544] Trial 555 finished with values: [10.769230631914542, 10.769230631914542] and parameters: {'k1': 9.132348475718357e-05, 'D_low': 146.24004590125713, 'k2': 0.0001280886335404798, 'D_high': 32311.521854410956, 'fire_exp': 7.394434809371433, 'P_half': 191.61918406231337, 'pre_dampen_half': 4.847666216751353, 'gpp_af': 2.5017068255320485, 'gpp_b': 1.5216765859697215e-05, 'gpp_d': 304.7488318185732, 'ign_k': 0.002357279455676982, 'ign_c': 1.364908766641693, 'trop_agb_crit': 2.100813292597435, 'trop_k_veg': 6.963655030926962, 'fire_amp': 2.7806853670293616}.
[I 2026-06-11 01:30:44,006] Trial 556 finished with values: [10.592205661527995, 10.592205661527995] and parameters: {'k1': 0.0869690639641868, 'D_low': 148.21691630007544, 'k2': 0.0001280886335404798, 'D_high': 20103.283734409175, 'fire_exp': 8.529993407276715, 'P_half': 3.591771421517613, 'pre_dampen_half': 121.93011993958949, 'gpp_af': 0.9219336658511308, 'gpp_b': 5.0875243087016374e-05, 'gpp_d': 0.1619054449471649, 'ign_k': 0.9419612235978201, 'ign_c': 1.9423015749984096, 'trop_agb_crit': 5.588032458772675, 'trop_k_veg': 5.636143940068465, 'fire_amp': 1.4475279918261055}.
[I 2026-06-11 01:30:45,777] Trial 557 finished with values: [10.739857951380554, 10.739857951380554] and parameters: {'k1': 0.0869690639641868, 'D_low': 235.39834531862078, 'k2': 0.006802810205786726, 'D_high': 1817.0401889219124, 'fire_exp': 1.2060040899560858, 'P_half': 1.4551749476072258, 'pre_dampen_half': 4.847666216751353, 'gpp_af': 0.005061568304359487, 'gpp_b': 0.001674375583895437, 'gpp_d': 0.1619054449471649, 'ign_k': 7.544827057709847, 'ign_c': 22.126836566118193, 'trop_agb_crit': 5.588032458772675, 'trop_k_veg': 5.636143940068465, 'fire_amp': 5.44779717154213}.
[I 2026-06-11 01:30:47,285] Trial 558 finished with values: [11.90970033970253, 11.90970033970253] and parameters: {'k1': 0.0057293717735696316, 'D_low': 236.79352040223893, 'k2': 0.0007731571570012607, 'D_high': 6682.9607218310075, 'fire_exp': 1.1633452995374232, 'P_half': 3.591771421517613, 'pre_dampen_half': 4.847666216751353, 'gpp_af': 2.5017068255320485, 'gpp_b': 0.001674375583895437, 'gpp_d': 304.7488318185732, 'ign_k': 0.0032383308053152635, 'ign_c': 1.364908766641693, 'trop_agb_crit': 2.100813292597435, 'trop_k_veg': 5.453348988480011, 'fire_amp': 5.44779717154213}.
[I 2026-06-11 01:30:48,717] Trial 559 finished with values: [10.529198418058929, 10.529198418058929] and parameters: {'k1': 0.08006837661379566, 'D_low': 1.7551403048208316, 'k2': 0.0001280886335404798, 'D_high': 32311.521854410956, 'fire_exp': 1.811096651915224, 'P_half': 5.4712187293420325, 'pre_dampen_half': 4.847666216751353, 'gpp_af': 0.9219336658511308, 'gpp_b': 0.001674375583895437, 'gpp_d': 1.4397852866783676, 'ign_k': 0.0032383308053152635, 'ign_c': 2.226297338331262, 'trop_agb_crit': 12.708819454040446, 'trop_k_veg': 0.5535297685306277, 'fire_amp': 1.5719333351012774}.
[I 2026-06-11 01:30:50,087] Trial 560 finished with values: [10.463089508183602, 10.463089508183602] and parameters: {'k1': 9.132348475718357e-05, 'D_low': 236.79352040223893, 'k2': 0.005082220961627801, 'D_high': 6682.9607218310075, 'fire_exp': 1.2060040899560858, 'P_half': 3.591771421517613, 'pre_dampen_half': 4.847666216751353, 'gpp_af': 2.5017068255320485, 'gpp_b': 0.001674375583895437, 'gpp_d': 0.1197776427957647, 'ign_k': 0.4320578308497379, 'ign_c': 1.364908766641693, 'trop_agb_crit': 2.100813292597435, 'trop_k_veg': 6.963655030926962, 'fire_amp': 2.7806853670293616}.
[I 2026-06-11 01:30:51,423] Trial 561 finished with values: [10.123537045301395, 10.123537045301395] and parameters: {'k1': 9.132348475718357e-05, 'D_low': 1.7551403048208316, 'k2': 4.933751600448335e-05, 'D_high': 32311.521854410956, 'fire_exp': 1.811096651915224, 'P_half': 5.4712187293420325, 'pre_dampen_half': 220.35141300841897, 'gpp_af': 0.005061568304359487, 'gpp_b': 0.00031478066835753096, 'gpp_d': 0.1619054449471649, 'ign_k': 0.002357279455676982, 'ign_c': 16.497426799845446, 'trop_agb_crit': 2.100813292597435, 'trop_k_veg': 1.6648666152166967, 'fire_amp': 1.5719333351012774}.
[I 2026-06-11 01:30:52,827] Trial 562 finished with values: [10.841545037272414, 10.841545037272414] and parameters: {'k1': 0.0869690639641868, 'D_low': 148.21691630007544, 'k2': 0.0007731571570012607, 'D_high': 6682.9607218310075, 'fire_exp': 1.111738490499784, 'P_half': 1.4551749476072258, 'pre_dampen_half': 8.259599205585761, 'gpp_af': 0.9219336658511308, 'gpp_b': 0.001674375583895437, 'gpp_d': 0.7698760608299932, 'ign_k': 0.037151317999473285, 'ign_c': 3.7623363852696734, 'trop_agb_crit': 1.8023542850487386, 'trop_k_veg': 6.030247256556128, 'fire_amp': 3.211868494428654}.
[I 2026-06-11 01:30:54,349] Trial 563 finished with values: [12.316716467567412, 12.316716467567412] and parameters: {'k1': 0.00026539376439360527, 'D_low': 1.7551403048208316, 'k2': 0.0001280886335404798, 'D_high': 32311.521854410956, 'fire_exp': 1.111738490499784, 'P_half': 12.262543158860007, 'pre_dampen_half': 121.93011993958949, 'gpp_af': 0.07118041471054574, 'gpp_b': 5.0875243087016374e-05, 'gpp_d': 0.030844007727232167, 'ign_k': 0.002357279455676982, 'ign_c': 7.081721844034206, 'trop_agb_crit': 1.8023542850487386, 'trop_k_veg': 1.6648666152166967, 'fire_amp': 1.5719333351012774}.
[I 2026-06-11 01:30:55,873] Trial 564 finished with values: [11.701172434302268, 11.701172434302268] and parameters: {'k1': 9.132348475718357e-05, 'D_low': 236.79352040223893, 'k2': 0.019383858782150494, 'D_high': 20103.283734409175, 'fire_exp': 1.2060040899560858, 'P_half': 2.6691447170887805, 'pre_dampen_half': 121.93011993958949, 'gpp_af': 0.07118041471054574, 'gpp_b': 0.0022206965604739644, 'gpp_d': 0.47379914349407487, 'ign_k': 0.9419612235978201, 'ign_c': 1.364908766641693, 'trop_agb_crit': 1.8023542850487386, 'trop_k_veg': 1.6648666152166967, 'fire_amp': 1.4475279918261055}.
[I 2026-06-11 01:30:57,290] Trial 565 finished with values: [10.003309975609021, 10.003309975609021] and parameters: {'k1': 0.0869690639641868, 'D_low': 408.3047491580097, 'k2': 2.091507303847255e-05, 'D_high': 24.9899605789089, 'fire_exp': 1.5191397119156032, 'P_half': 12.262543158860007, 'pre_dampen_half': 9.044346216330972, 'gpp_af': 3.030008727251782, 'gpp_b': 2.1309331861011757e-05, 'gpp_d': 0.1619054449471649, 'ign_k': 0.00660597889201953, 'ign_c': 1.4879588507789996, 'trop_agb_crit': 5.588032458772675, 'trop_k_veg': 0.5183533149347164, 'fire_amp': 5.44779717154213}.
