[I 2026-06-09 12:15:14,728] Trial 702 finished with values: [10.973776529322581, 10.973776529322581] and parameters: {'k1': 1.263794633808287e-05, 'D_low': 1.533916259116362, 'k2': 0.0021314828404757746, 'D_high': 69868.4759244566, 'fire_exp': 1.14171776851287, 'P_half': 64.52946500764233, 'pre_dampen_half': 673.2248920775328, 'gpp_af': 5.244830565633045, 'gpp_b': 2.036444166653217e-05, 'gpp_d': 27.50607428241511, 'ign_k': 0.3242143344038317, 'ign_c': 11.921396716829824, 'trop_agb_crit': 2.064341235744835, 'trop_k_veg': 3.6260119779455584}.
[I 2026-06-09 12:15:15,949] Trial 703 finished with values: [10.797010564837056, 10.797010564837056] and parameters: {'k1': 0.015161591075671724, 'D_low': 125.32726386250698, 'k2': 0.0005700142105246941, 'D_high': 825.5198309657575, 'fire_exp': 1.608176525358426, 'P_half': 17.655835392092534, 'pre_dampen_half': 673.2248920775328, 'gpp_af': 5.244830565633045, 'gpp_b': 1.7213644875359617e-05, 'gpp_d': 0.0735311909944862, 'ign_k': 0.3242143344038317, 'ign_c': 18.43395662181926, 'trop_agb_crit': 1.5144860262751405, 'trop_k_veg': 4.8737397608275925}.
[I 2026-06-09 12:15:17,260] Trial 704 finished with values: [10.768577236738592, 10.768577236738592] and parameters: {'k1': 6.404854675916172e-05, 'D_low': 1.254144753902608, 'k2': 4.540076719227351e-05, 'D_high': 14268.845807630427, 'fire_exp': 2.10707132280748, 'P_half': 149.35213816355395, 'pre_dampen_half': 340.6909167027263, 'gpp_af': 1.3218737536384089, 'gpp_b': 0.002262927522655115, 'gpp_d': 26.003623362924223, 'ign_k': 0.3242143344038317, 'ign_c': 21.132597710340573, 'trop_agb_crit': 19.51558406059598, 'trop_k_veg': 4.51930447316402}.
[I 2026-06-09 12:15:18,452] Trial 705 finished with values: [10.89423390024209, 10.89423390024209] and parameters: {'k1': 0.01549659926581634, 'D_low': 1.254144753902608, 'k2': 0.037633129263701104, 'D_high': 14268.845807630427, 'fire_exp': 2.10707132280748, 'P_half': 149.35213816355395, 'pre_dampen_half': 566.2858823465564, 'gpp_af': 0.01942738928156656, 'gpp_b': 0.002262927522655115, 'gpp_d': 99.3234953243749, 'ign_k': 0.3242143344038317, 'ign_c': 0.12663923057989626, 'trop_agb_crit': 19.51558406059598, 'trop_k_veg': 1.8981057964668895}.
[I 2026-06-09 12:15:19,619] Trial 706 finished with values: [-0.48013721662041914, 0.31541224679867597] and parameters: {'k1': 0.01549659926581634, 'D_low': 12.115155843077673, 'k2': 0.06994589881535453, 'D_high': 231.73482832991365, 'fire_exp': 1.4848387260494937, 'P_half': 108.21382910613987, 'pre_dampen_half': 340.6909167027263, 'gpp_af': 0.07961191926812566, 'gpp_b': 0.002262927522655115, 'gpp_d': 26.003623362924223, 'ign_k': 0.3242143344038317, 'ign_c': 0.21234210963705627, 'trop_agb_crit': 2.6695352180079177, 'trop_k_veg': 1.8981057964668895}.
[I 2026-06-09 12:15:20,792] Trial 707 finished with values: [-0.4704766485034937, 0.36669588286217425] and parameters: {'k1': 0.007519407491506672, 'D_low': 1.533916259116362, 'k2': 1.3357240411974104e-05, 'D_high': 41821.78526757458, 'fire_exp': 1.060109541566103, 'P_half': 45.55085098454082, 'pre_dampen_half': 340.6909167027263, 'gpp_af': 1.8075983730158514, 'gpp_b': 0.0006724850206557243, 'gpp_d': 0.0735311909944862, 'ign_k': 0.5456725485601477, 'ign_c': 1.0022396791143333, 'trop_agb_crit': 2.679156169946616, 'trop_k_veg': 3.6260119779455584}.
[I 2026-06-09 12:15:22,080] Trial 708 finished with values: [10.395723861219881, 10.395723861219881] and parameters: {'k1': 0.01549659926581634, 'D_low': 39.38139750079108, 'k2': 0.0005700142105246941, 'D_high': 14268.845807630427, 'fire_exp': 2.10707132280748, 'P_half': 50.32059347286801, 'pre_dampen_half': 566.2858823465564, 'gpp_af': 1.3218737536384089, 'gpp_b': 0.00977702299083608, 'gpp_d': 26.003623362924223, 'ign_k': 3.1536006085184716, 'ign_c': 21.132597710340573, 'trop_agb_crit': 19.51558406059598, 'trop_k_veg': 4.51930447316402}.
[I 2026-06-09 12:15:23,313] Trial 709 finished with values: [10.383657452718339, 10.383657452718339] and parameters: {'k1': 0.00234238498471129, 'D_low': 12.115155843077673, 'k2': 0.0005700142105246941, 'D_high': 2092.6156883786707, 'fire_exp': 1.060109541566103, 'P_half': 140.571633510225, 'pre_dampen_half': 11.164047352793695, 'gpp_af': 0.0012900833126964447, 'gpp_b': 5.0279186721731925e-05, 'gpp_d': 26.003623362924223, 'ign_k': 0.3242143344038317, 'ign_c': 0.9083381663660584, 'trop_agb_crit': 6.475515989686909, 'trop_k_veg': 0.6618107836658104}.
[I 2026-06-09 12:15:24,561] Trial 710 finished with values: [10.35322774084847, 10.35322774084847] and parameters: {'k1': 0.001362731161143793, 'D_low': 2.3244932709566686, 'k2': 0.0005700142105246941, 'D_high': 2701.595792012945, 'fire_exp': 2.4902446681314054, 'P_half': 1.4045842344024697, 'pre_dampen_half': 340.6909167027263, 'gpp_af': 0.5107061330406066, 'gpp_b': 0.0028993292583566945, 'gpp_d': 26.003623362924223, 'ign_k': 3.1536006085184716, 'ign_c': 0.20319809838424974, 'trop_agb_crit': 1.259515631748535, 'trop_k_veg': 1.1517712915946832}.
[I 2026-06-09 12:15:25,703] Trial 711 finished with values: [10.891010645156673, 10.891010645156673] and parameters: {'k1': 5.105542986365652e-05, 'D_low': 35.02761367842313, 'k2': 8.488887549001697e-05, 'D_high': 39655.03094323017, 'fire_exp': 5.8194676931800995, 'P_half': 1.4045842344024697, 'pre_dampen_half': 673.2248920775328, 'gpp_af': 0.13767835510755025, 'gpp_b': 1.7213644875359617e-05, 'gpp_d': 1.6983565276584263, 'ign_k': 0.0019264360371306567, 'ign_c': 0.20319809838424974, 'trop_agb_crit': 1.6369193980425034, 'trop_k_veg': 1.0540721475196824}.
[I 2026-06-09 12:15:26,909] Trial 712 finished with values: [10.644941331512365, 10.644941331512365] and parameters: {'k1': 5.105542986365652e-05, 'D_low': 1786.2529328349215, 'k2': 8.488887549001697e-05, 'D_high': 39655.03094323017, 'fire_exp': 1.608176525358426, 'P_half': 1.4045842344024697, 'pre_dampen_half': 38.95968000367898, 'gpp_af': 59.926440149254184, 'gpp_b': 1.7213644875359617e-05, 'gpp_d': 1.6983565276584263, 'ign_k': 0.0019264360371306567, 'ign_c': 0.20319809838424974, 'trop_agb_crit': 1.6369193980425034, 'trop_k_veg': 1.0540721475196824}.
[I 2026-06-09 12:15:28,215] Trial 713 finished with values: [10.879746862968046, 10.879746862968046] and parameters: {'k1': 1.263794633808287e-05, 'D_low': 125.32726386250698, 'k2': 4.540076719227351e-05, 'D_high': 26.198194454351665, 'fire_exp': 1.608176525358426, 'P_half': 108.21382910613987, 'pre_dampen_half': 0.012335674846568605, 'gpp_af': 21.258647437649888, 'gpp_b': 2.036444166653217e-05, 'gpp_d': 1.5988721385117124, 'ign_k': 0.3242143344038317, 'ign_c': 0.21234210963705627, 'trop_agb_crit': 2.064341235744835, 'trop_k_veg': 4.51930447316402}.
[I 2026-06-09 12:15:29,474] Trial 714 finished with values: [-0.4878921545044471, 0.2784373520416976] and parameters: {'k1': 6.615437365561391e-05, 'D_low': 12.115155843077673, 'k2': 0.013475408399574632, 'D_high': 18125.870836716233, 'fire_exp': 1.157110862187662, 'P_half': 108.21382910613987, 'pre_dampen_half': 269.0845367054866, 'gpp_af': 1.3218737536384089, 'gpp_b': 0.050107402158164165, 'gpp_d': 26.003623362924223, 'ign_k': 0.0019264360371306567, 'ign_c': 0.21234210963705627, 'trop_agb_crit': 1.9462015937208994, 'trop_k_veg': 4.51930447316402}.
[I 2026-06-09 12:15:30,784] Trial 715 finished with values: [10.380454082646661, 10.380454082646661] and parameters: {'k1': 6.404854675916172e-05, 'D_low': 12.115155843077673, 'k2': 4.540076719227351e-05, 'D_high': 39655.03094323017, 'fire_exp': 1.0227532009936005, 'P_half': 108.21382910613987, 'pre_dampen_half': 340.6909167027263, 'gpp_af': 0.32613327839065587, 'gpp_b': 0.002262927522655115, 'gpp_d': 0.42885111268165765, 'ign_k': 3.1536006085184716, 'ign_c': 0.21234210963705627, 'trop_agb_crit': 19.51558406059598, 'trop_k_veg': 4.51930447316402}.
[I 2026-06-09 12:15:32,302] Trial 716 finished with values: [10.006793694047685, 10.006793694047685] and parameters: {'k1': 6.404854675916172e-05, 'D_low': 12.115155843077673, 'k2': 0.06994589881535453, 'D_high': 14268.845807630427, 'fire_exp': 1.4848387260494937, 'P_half': 108.21382910613987, 'pre_dampen_half': 340.6909167027263, 'gpp_af': 5.244830565633045, 'gpp_b': 2.036444166653217e-05, 'gpp_d': 1.5988721385117124, 'ign_k': 1.1215915868662767, 'ign_c': 1.0022396791143333, 'trop_agb_crit': 1.6369193980425034, 'trop_k_veg': 3.6260119779455584}.
[I 2026-06-09 12:15:33,501] Trial 717 finished with values: [10.888736338649101, 10.888736338649101] and parameters: {'k1': 0.01549659926581634, 'D_low': 1.254144753902608, 'k2': 0.06994589881535453, 'D_high': 10.721400017185365, 'fire_exp': 4.440938042233734, 'P_half': 1.4045842344024697, 'pre_dampen_half': 673.2248920775328, 'gpp_af': 0.5107061330406066, 'gpp_b': 0.0028993292583566945, 'gpp_d': 26.003623362924223, 'ign_k': 0.3242143344038317, 'ign_c': 0.20319809838424974, 'trop_agb_crit': 19.51558406059598, 'trop_k_veg': 1.1517712915946832}.
[I 2026-06-09 12:15:34,675] Trial 718 finished with values: [12.074060374327914, 12.074060374327914] and parameters: {'k1': 9.969469187531805e-05, 'D_low': 1.2164034504723769, 'k2': 0.06994589881535453, 'D_high': 39655.03094323017, 'fire_exp': 1.4408046627835394, 'P_half': 1.4045842344024697, 'pre_dampen_half': 340.6909167027263, 'gpp_af': 1.3218737536384089, 'gpp_b': 3.686869490609954e-05, 'gpp_d': 309.13825046274377, 'ign_k': 0.3242143344038317, 'ign_c': 0.628303969797272, 'trop_agb_crit': 19.51558406059598, 'trop_k_veg': 0.9820913887992886}.
[I 2026-06-09 12:15:35,921] Trial 719 finished with values: [10.414342624235797, 10.414342624235797] and parameters: {'k1': 0.05832560268546887, 'D_low': 1593.4806585556198, 'k2': 0.06994589881535453, 'D_high': 69868.4759244566, 'fire_exp': 1.4848387260494937, 'P_half': 64.52946500764233, 'pre_dampen_half': 673.2248920775328, 'gpp_af': 96.4653310890222, 'gpp_b': 0.00977702299083608, 'gpp_d': 26.003623362924223, 'ign_k': 0.0018548376790967168, 'ign_c': 1.887567630782227, 'trop_agb_crit': 2.0420012944047587, 'trop_k_veg': 4.51930447316402}.
[I 2026-06-09 12:15:37,183] Trial 720 finished with values: [10.716238507070978, 10.716238507070978] and parameters: {'k1': 0.015161591075671724, 'D_low': 12.115155843077673, 'k2': 0.051066745285265565, 'D_high': 18125.870836716233, 'fire_exp': 1.060109541566103, 'P_half': 108.21382910613987, 'pre_dampen_half': 151.32148777056312, 'gpp_af': 0.0018077112775902943, 'gpp_b': 2.036444166653217e-05, 'gpp_d': 26.003623362924223, 'ign_k': 0.0019264360371306567, 'ign_c': 1.0022396791143333, 'trop_agb_crit': 1.6059119829430093, 'trop_k_veg': 5.06204715641377}.
[I 2026-06-09 12:15:38,484] Trial 721 finished with values: [-0.5089749455416008, 0.21852407973343235] and parameters: {'k1': 0.007519407491506672, 'D_low': 2.3244932709566686, 'k2': 1.5412172709801895e-05, 'D_high': 69868.4759244566, 'fire_exp': 2.4902446681314054, 'P_half': 1.4045842344024697, 'pre_dampen_half': 673.2248920775328, 'gpp_af': 0.5107061330406066, 'gpp_b': 0.0028993292583566945, 'gpp_d': 1.6983565276584263, 'ign_k': 0.5456725485601477, 'ign_c': 0.20319809838424974, 'trop_agb_crit': 1.259515631748535, 'trop_k_veg': 1.1517712915946832}.
[I 2026-06-09 12:15:39,711] Trial 722 finished with values: [10.502468012547808, 10.502468012547808] and parameters: {'k1': 0.01549659926581634, 'D_low': 115.44738876452311, 'k2': 1.742085881788942e-05, 'D_high': 39655.03094323017, 'fire_exp': 2.10707132280748, 'P_half': 1.4045842344024697, 'pre_dampen_half': 566.2858823465564, 'gpp_af': 1.3218737536384089, 'gpp_b': 0.00977702299083608, 'gpp_d': 26.003623362924223, 'ign_k': 0.3242143344038317, 'ign_c': 21.132597710340573, 'trop_agb_crit': 2.6695352180079177, 'trop_k_veg': 4.51930447316402}.
[I 2026-06-09 12:15:40,908] Trial 723 finished with values: [11.295454482696357, 11.295454482696357] and parameters: {'k1': 0.007519407491506672, 'D_low': 35.02761367842313, 'k2': 0.0009749762207436118, 'D_high': 39655.03094323017, 'fire_exp': 1.4408046627835394, 'P_half': 1.4045842344024697, 'pre_dampen_half': 566.2858823465564, 'gpp_af': 0.01942738928156656, 'gpp_b': 0.002262927522655115, 'gpp_d': 26.003623362924223, 'ign_k': 0.3242143344038317, 'ign_c': 0.20319809838424974, 'trop_agb_crit': 1.259515631748535, 'trop_k_veg': 1.1517712915946832}.
[I 2026-06-09 12:15:42,088] Trial 724 finished with values: [10.35832916775631, 10.35832916775631] and parameters: {'k1': 6.404854675916172e-05, 'D_low': 12.115155843077673, 'k2': 0.06994589881535453, 'D_high': 54669.374787660905, 'fire_exp': 1.4848387260494937, 'P_half': 108.21382910613987, 'pre_dampen_half': 269.0845367054866, 'gpp_af': 1.3218737536384089, 'gpp_b': 2.036444166653217e-05, 'gpp_d': 0.5729456628445242, 'ign_k': 0.004224235973517089, 'ign_c': 0.2544973788728504, 'trop_agb_crit': 5.22025241019041, 'trop_k_veg': 4.51930447316402}.
[I 2026-06-09 12:15:43,365] Trial 725 finished with values: [10.032637675017769, 10.032637675017769] and parameters: {'k1': 0.01549659926581634, 'D_low': 115.44738876452311, 'k2': 0.06994589881535453, 'D_high': 18125.870836716233, 'fire_exp': 2.10707132280748, 'P_half': 50.32059347286801, 'pre_dampen_half': 269.0845367054866, 'gpp_af': 1.3218737536384089, 'gpp_b': 0.00977702299083608, 'gpp_d': 26.003623362924223, 'ign_k': 0.4303356629825978, 'ign_c': 21.132597710340573, 'trop_agb_crit': 19.51558406059598, 'trop_k_veg': 1.8981057964668895}.
[I 2026-06-09 12:15:44,650] Trial 726 finished with values: [10.216109348392136, 10.216109348392136] and parameters: {'k1': 0.015161591075671724, 'D_low': 10.16551026641873, 'k2': 0.0005700142105246941, 'D_high': 3512.7047262708465, 'fire_exp': 1.060109541566103, 'P_half': 17.655835392092534, 'pre_dampen_half': 11.164047352793695, 'gpp_af': 0.0018077112775902943, 'gpp_b': 2.036444166653217e-05, 'gpp_d': 1.2434469102435366, 'ign_k': 0.004224235973517089, 'ign_c': 0.9083381663660584, 'trop_agb_crit': 8.404607864475192, 'trop_k_veg': 5.06204715641377}.
[I 2026-06-09 12:15:45,897] Trial 727 finished with values: [10.669887009556493, 10.669887009556493] and parameters: {'k1': 6.615437365561391e-05, 'D_low': 2.3244932709566686, 'k2': 1.5412172709801895e-05, 'D_high': 18125.870836716233, 'fire_exp': 2.10707132280748, 'P_half': 50.32059347286801, 'pre_dampen_half': 673.2248920775328, 'gpp_af': 0.5107061330406066, 'gpp_b': 0.0028993292583566945, 'gpp_d': 1.6983565276584263, 'ign_k': 0.4303356629825978, 'ign_c': 0.20319809838424974, 'trop_agb_crit': 1.259515631748535, 'trop_k_veg': 7.987006584710702}.
[I 2026-06-09 12:15:47,092] Trial 728 finished with values: [-0.5597548700411095, 0.07049278175457252] and parameters: {'k1': 0.01549659926581634, 'D_low': 1.254144753902608, 'k2': 0.06994589881535453, 'D_high': 14268.845807630427, 'fire_exp': 2.10707132280748, 'P_half': 1.4045842344024697, 'pre_dampen_half': 566.2858823465564, 'gpp_af': 0.01942738928156656, 'gpp_b': 0.002262927522655115, 'gpp_d': 26.003623362924223, 'ign_k': 0.3242143344038317, 'ign_c': 21.132597710340573, 'trop_agb_crit': 19.51558406059598, 'trop_k_veg': 4.51930447316402}.
[I 2026-06-09 12:15:48,352] Trial 729 finished with values: [10.511331480709421, 10.511331480709421] and parameters: {'k1': 5.105542986365652e-05, 'D_low': 35.02761367842313, 'k2': 0.0005700142105246941, 'D_high': 39655.03094323017, 'fire_exp': 1.608176525358426, 'P_half': 50.32059347286801, 'pre_dampen_half': 673.2248920775328, 'gpp_af': 1.3218737536384089, 'gpp_b': 0.00977702299083608, 'gpp_d': 1.6983565276584263, 'ign_k': 3.1536006085184716, 'ign_c': 21.132597710340573, 'trop_agb_crit': 1.6369193980425034, 'trop_k_veg': 1.0540721475196824}.
[I 2026-06-09 12:15:49,600] Trial 730 finished with values: [10.765398110629668, 10.765398110629668] and parameters: {'k1': 0.0030219760889797966, 'D_low': 2.7012557725439073, 'k2': 0.037633129263701104, 'D_high': 14268.845807630427, 'fire_exp': 1.9268171109476195, 'P_half': 818.2111518618419, 'pre_dampen_half': 11.164047352793695, 'gpp_af': 0.0018077112775902943, 'gpp_b': 2.036444166653217e-05, 'gpp_d': 7.070472286699648, 'ign_k': 1.1215915868662767, 'ign_c': 1.0022396791143333, 'trop_agb_crit': 1.6369193980425034, 'trop_k_veg': 5.06204715641377}.
[I 2026-06-09 12:15:50,916] Trial 731 finished with values: [10.282114166082915, 10.282114166082915] and parameters: {'k1': 6.404854675916172e-05, 'D_low': 10.644034434866999, 'k2': 4.540076719227351e-05, 'D_high': 26.198194454351665, 'fire_exp': 1.060109541566103, 'P_half': 108.21382910613987, 'pre_dampen_half': 340.6909167027263, 'gpp_af': 1.3218737536384089, 'gpp_b': 0.050107402158164165, 'gpp_d': 1.5988721385117124, 'ign_k': 0.3242143344038317, 'ign_c': 0.21234210963705627, 'trop_agb_crit': 19.51558406059598, 'trop_k_veg': 4.51930447316402}.
[I 2026-06-09 12:15:52,297] Trial 732 finished with values: [10.838112140181298, 10.838112140181298] and parameters: {'k1': 6.404854675916172e-05, 'D_low': 35.02761367842313, 'k2': 0.037633129263701104, 'D_high': 26.198194454351665, 'fire_exp': 2.10707132280748, 'P_half': 1.4045842344024697, 'pre_dampen_half': 566.2858823465564, 'gpp_af': 0.01942738928156656, 'gpp_b': 0.002262927522655115, 'gpp_d': 26.003623362924223, 'ign_k': 0.3242143344038317, 'ign_c': 21.132597710340573, 'trop_agb_crit': 19.51558406059598, 'trop_k_veg': 4.51930447316402}.
[I 2026-06-09 12:15:53,728] Trial 733 finished with values: [-0.4551857326790384, 0.3577475340960571] and parameters: {'k1': 5.105542986365652e-05, 'D_low': 35.02761367842313, 'k2': 8.488887549001697e-05, 'D_high': 39655.03094323017, 'fire_exp': 1.608176525358426, 'P_half': 1.4045842344024697, 'pre_dampen_half': 673.2248920775328, 'gpp_af': 0.13767835510755025, 'gpp_b': 1.7213644875359617e-05, 'gpp_d': 26.003623362924223, 'ign_k': 0.0019264360371306567, 'ign_c': 1.887567630782227, 'trop_agb_crit': 1.6369193980425034, 'trop_k_veg': 1.0540721475196824}.
[I 2026-06-09 12:15:54,978] Trial 734 finished with values: [10.249567811830833, 10.249567811830833] and parameters: {'k1': 6.404854675916172e-05, 'D_low': 12.115155843077673, 'k2': 0.06994589881535453, 'D_high': 39655.03094323017, 'fire_exp': 1.4408046627835394, 'P_half': 108.21382910613987, 'pre_dampen_half': 269.0845367054866, 'gpp_af': 0.13767835510755025, 'gpp_b': 0.0005119616284138921, 'gpp_d': 1.6983565276584263, 'ign_k': 0.3242143344038317, 'ign_c': 0.21234210963705627, 'trop_agb_crit': 1.259515631748535, 'trop_k_veg': 1.1517712915946832}.
[I 2026-06-09 12:15:56,255] Trial 735 finished with values: [10.460494659776955, 10.460494659776955] and parameters: {'k1': 5.105542986365652e-05, 'D_low': 16.949615850184813, 'k2': 0.0009749762207436118, 'D_high': 39655.03094323017, 'fire_exp': 1.4408046627835394, 'P_half': 1.4045842344024697, 'pre_dampen_half': 17.849597677210657, 'gpp_af': 21.258647437649888, 'gpp_b': 3.686869490609954e-05, 'gpp_d': 7.070472286699648, 'ign_k': 0.3242143344038317, 'ign_c': 18.43395662181926, 'trop_agb_crit': 1.6369193980425034, 'trop_k_veg': 4.51930447316402}.
[I 2026-06-09 12:15:57,578] Trial 736 finished with values: [10.08946373799765, 10.08946373799765] and parameters: {'k1': 0.007519407491506672, 'D_low': 115.44738876452311, 'k2': 0.01629684711478996, 'D_high': 39655.03094323017, 'fire_exp': 2.10707132280748, 'P_half': 50.32059347286801, 'pre_dampen_half': 340.6909167027263, 'gpp_af': 1.3218737536384089, 'gpp_b': 0.0006724850206557243, 'gpp_d': 0.0735311909944862, 'ign_k': 3.1536006085184716, 'ign_c': 1.0022396791143333, 'trop_agb_crit': 2.679156169946616, 'trop_k_veg': 3.6260119779455584}.
[I 2026-06-09 12:15:58,975] Trial 737 finished with values: [10.545746259329084, 10.545746259329084] and parameters: {'k1': 0.00515305301141249, 'D_low': 125.32726386250698, 'k2': 8.488887549001697e-05, 'D_high': 20.59802236544963, 'fire_exp': 1.14171776851287, 'P_half': 71.44571308652827, 'pre_dampen_half': 673.2248920775328, 'gpp_af': 1.3218737536384089, 'gpp_b': 0.0006724850206557243, 'gpp_d': 27.50607428241511, 'ign_k': 0.5456725485601477, 'ign_c': 0.20319809838424974, 'trop_agb_crit': 2.064341235744835, 'trop_k_veg': 5.476805317861599}.
[I 2026-06-09 12:16:00,261] Trial 738 finished with values: [10.01283654596208, 10.01283654596208] and parameters: {'k1': 0.015161591075671724, 'D_low': 2.7012557725439073, 'k2': 0.0005700142105246941, 'D_high': 3512.7047262708465, 'fire_exp': 1.060109541566103, 'P_half': 818.2111518618419, 'pre_dampen_half': 151.32148777056312, 'gpp_af': 0.0018077112775902943, 'gpp_b': 2.036444166653217e-05, 'gpp_d': 1.2434469102435366, 'ign_k': 0.004224235973517089, 'ign_c': 1.0022396791143333, 'trop_agb_crit': 6.257582463115516, 'trop_k_veg': 5.06204715641377}.
[I 2026-06-09 12:16:01,520] Trial 739 finished with values: [-0.49959561097108435, 0.23783829924573396] and parameters: {'k1': 6.615437365561391e-05, 'D_low': 12.115155843077673, 'k2': 0.0005700142105246941, 'D_high': 18125.870836716233, 'fire_exp': 2.10707132280748, 'P_half': 50.32059347286801, 'pre_dampen_half': 269.0845367054866, 'gpp_af': 1.946375023772638, 'gpp_b': 0.00977702299083608, 'gpp_d': 467.0625946819548, 'ign_k': 0.4303356629825978, 'ign_c': 0.21234210963705627, 'trop_agb_crit': 19.51558406059598, 'trop_k_veg': 7.987006584710702}.
[I 2026-06-09 12:16:02,718] Trial 740 finished with values: [-0.5193185251633248, 0.2055506725395192] and parameters: {'k1': 1.263794633808287e-05, 'D_low': 125.32726386250698, 'k2': 8.488887549001697e-05, 'D_high': 39655.03094323017, 'fire_exp': 1.608176525358426, 'P_half': 28.647019533509873, 'pre_dampen_half': 673.2248920775328, 'gpp_af': 21.258647437649888, 'gpp_b': 1.7213644875359617e-05, 'gpp_d': 500.2195003344709, 'ign_k': 0.3242143344038317, 'ign_c': 18.43395662181926, 'trop_agb_crit': 2.064341235744835, 'trop_k_veg': 4.8737397608275925}.
