[I 2026-08-20 01:18:34,547] Trial 2080 finished with value: -0.5733752165988993 and parameters: {'k1': 0.007714496768960053, 'D_low': 3.448028120577342, 'k2': 0.006101057079946842, 'D_high': 2717825.7895657015, 'fire_exp': 1.0391860602445648, 'P_half': 15.937096858928307, 'pre_dampen_half': 0.4408660687117201, 'gpp_af': 0.0072056610529376225, 'gpp_b': 0.00025034124791232273, 'gpp_d': 206.35969833182708, 'ign_k': 0.7689321835657434, 'ign_c': 11.103262432294146, 'trop_agb_crit': 1.1943447012292019, 'trop_k_veg': 6.506208969587015, 'pop_amp': 0.20336574444542946, 'pop_peak': 0.962606212427153, 'pop_sig': 0.6718621561957829}. Best is trial 1128 with value: -0.620386984093161.
[I 2026-08-20 01:18:36,132] Trial 2081 finished with value: 0.42826434740861496 and parameters: {'k1': 0.0026150190243335886, 'D_low': 2707.368631736623, 'k2': 0.0018788315034041659, 'D_high': 8279566.416035654, 'fire_exp': 7.06552320531531, 'P_half': 64.60818262136704, 'pre_dampen_half': 2.837836031990655, 'gpp_af': 0.9173437934054132, 'gpp_b': 5.878585170338787e-05, 'gpp_d': 507.9398232726765, 'ign_k': 2.0835595777603744, 'ign_c': 2.3835327190415385, 'trop_agb_crit': 5.057736516233078, 'trop_k_veg': 4.847955409664762, 'pop_amp': 1.239117352343278, 'pop_peak': 1.6601802832767427, 'pop_sig': 1.0802334475920066}. Best is trial 1128 with value: -0.620386984093161.
[I 2026-08-20 01:18:38,167] Trial 2082 finished with value: 0.6336100975596695 and parameters: {'k1': 0.0005559597976880431, 'D_low': 10729.15295112069, 'k2': 0.06116509131238447, 'D_high': 73.86912925569688, 'fire_exp': 1.994877882152392, 'P_half': 7857.161584556302, 'pre_dampen_half': 67.33235544756228, 'gpp_af': 0.013761170748971136, 'gpp_b': 2.385195292928306, 'gpp_d': 79.22445847365644, 'ign_k': 0.030805808247493044, 'ign_c': 0.7425019484116574, 'trop_agb_crit': 4.877752631584848, 'trop_k_veg': 0.766442436340121, 'pop_amp': 2.5484188629114977, 'pop_peak': 18.91286440427634, 'pop_sig': 1.6996146678382236}. Best is trial 1128 with value: -0.620386984093161.
[I 2026-08-20 01:18:39,816] Trial 2083 finished with value: 0.660954504065436 and parameters: {'k1': 0.00021435336855820219, 'D_low': 1.618699946339686, 'k2': 0.00177780837019086, 'D_high': 958354.1352525649, 'fire_exp': 2.8696426571238063, 'P_half': 23.37808824032217, 'pre_dampen_half': 3.252441785734634, 'gpp_af': 0.0030103649625548698, 'gpp_b': 1.061532392720608e-05, 'gpp_d': 9.468435581182995, 'ign_k': 0.5469401095477238, 'ign_c': 5.436856717180552, 'trop_agb_crit': 11.686848003271036, 'trop_k_veg': 1.1454648249315924, 'pop_amp': 18.611235980732506, 'pop_peak': 4.797139947980006, 'pop_sig': 1.952107200428776}. Best is trial 1128 with value: -0.620386984093161.
[I 2026-08-20 01:18:41,466] Trial 2084 finished with value: 0.42512467606675397 and parameters: {'k1': 0.01345049317134518, 'D_low': 172.51388435778625, 'k2': 0.002682249609133102, 'D_high': 2658443.743053271, 'fire_exp': 4.485261337536389, 'P_half': 742.8492233072266, 'pre_dampen_half': 13.408446694522578, 'gpp_af': 0.4394007410983028, 'gpp_b': 0.0001257314789961945, 'gpp_d': 27.420610428419998, 'ign_k': 1.686223754304546, 'ign_c': 0.16396651255922542, 'trop_agb_crit': 7.753290578974413, 'trop_k_veg': 3.101803925712404, 'pop_amp': 15.21849639721972, 'pop_peak': 0.07823964694914892, 'pop_sig': 1.1976452302977991}. Best is trial 1128 with value: -0.620386984093161.
[I 2026-08-20 01:18:43,089] Trial 2085 finished with value: 0.5625158457396626 and parameters: {'k1': 0.002922840369750502, 'D_low': 43.09529265790816, 'k2': 0.0006593690682873857, 'D_high': 22083.474456302334, 'fire_exp': 3.933466375772933, 'P_half': 230.5380507597256, 'pre_dampen_half': 36.50679403127543, 'gpp_af': 0.3885819697600875, 'gpp_b': 0.0009340362637895187, 'gpp_d': 446.637276355676, 'ign_k': 0.0785239296257092, 'ign_c': 0.1578181130777339, 'trop_agb_crit': 4.400946039980426, 'trop_k_veg': 2.7972411075795853, 'pop_amp': 0.3077461779680654, 'pop_peak': 0.6752748064421924, 'pop_sig': 0.39184105200797364}. Best is trial 1128 with value: -0.620386984093161.
[I 2026-08-20 01:18:44,655] Trial 2086 finished with value: -0.5835882991066136 and parameters: {'k1': 0.0001335538119980393, 'D_low': 1.1775432861991473, 'k2': 0.03173840107391655, 'D_high': 65795.16765816328, 'fire_exp': 1.6740526981008106, 'P_half': 9.654510471854383, 'pre_dampen_half': 1.1566200795321926, 'gpp_af': 0.21482165342422008, 'gpp_b': 0.0003371210388507658, 'gpp_d': 752.4645203715929, 'ign_k': 7.529345658758211, 'ign_c': 14.584676492578106, 'trop_agb_crit': 4.412820816139348, 'trop_k_veg': 2.2397882891770053, 'pop_amp': 1.4547285779700105, 'pop_peak': 9.648319538429254, 'pop_sig': 0.6156789971911719}. Best is trial 1128 with value: -0.620386984093161.
[I 2026-08-20 01:18:46,220] Trial 2087 finished with value: 0.5412344654686424 and parameters: {'k1': 0.023381215499277214, 'D_low': 84.97275015144596, 'k2': 0.006356354951248736, 'D_high': 466568.1349788965, 'fire_exp': 1.0280412143621735, 'P_half': 1404.1797482059771, 'pre_dampen_half': 0.21616410001033057, 'gpp_af': 0.001909743624245497, 'gpp_b': 0.00011892920455738122, 'gpp_d': 1.9891534627368284, 'ign_k': 0.15216363838332206, 'ign_c': 28.28413015394913, 'trop_agb_crit': 1.733754714653134, 'trop_k_veg': 4.992368298705474, 'pop_amp': 2.055994024486321, 'pop_peak': 62.29830183262416, 'pop_sig': 1.3627448257951265}. Best is trial 1128 with value: -0.620386984093161.
[I 2026-08-20 01:18:47,846] Trial 2088 finished with value: 0.6445374145881376 and parameters: {'k1': 0.0009103558960767495, 'D_low': 14.195547378145559, 'k2': 0.05737834770332235, 'D_high': 8471425.080044229, 'fire_exp': 2.192363396479537, 'P_half': 1.7929131355176484, 'pre_dampen_half': 1.7408508710857267, 'gpp_af': 0.011075985981249595, 'gpp_b': 7.957280776814103e-05, 'gpp_d': 1.6709511435399644, 'ign_k': 0.19343728321093642, 'ign_c': 235.12311832967688, 'trop_agb_crit': 3.485491058520026, 'trop_k_veg': 0.8868383814228602, 'pop_amp': 0.22594541573891253, 'pop_peak': 4.077337125542924, 'pop_sig': 2.169961088943355}. Best is trial 1128 with value: -0.620386984093161.
[I 2026-08-20 01:18:49,417] Trial 2089 finished with value: 0.5829251523661119 and parameters: {'k1': 0.0006349064983137886, 'D_low': 34.39704345942147, 'k2': 0.009742046226142033, 'D_high': 759343.7186176198, 'fire_exp': 6.306408860867553, 'P_half': 160.80613180663346, 'pre_dampen_half': 0.3692979908047984, 'gpp_af': 0.00389716734390721, 'gpp_b': 3.842765324085838e-05, 'gpp_d': 2.7949053421120573, 'ign_k': 0.017586712139163043, 'ign_c': 12.547224481172705, 'trop_agb_crit': 7.022245708720925, 'trop_k_veg': 0.5496924268810812, 'pop_amp': 0.19895117978053167, 'pop_peak': 9.489702236887995, 'pop_sig': 1.714211278219994}. Best is trial 1128 with value: -0.620386984093161.
[I 2026-08-20 01:18:50,985] Trial 2090 finished with value: 0.4934580615004176 and parameters: {'k1': 0.02164056142969475, 'D_low': 23.473737985356365, 'k2': 0.05149272584981888, 'D_high': 235515.9149261033, 'fire_exp': 1.515771046820213, 'P_half': 43.3880471146145, 'pre_dampen_half': 2.0151981460309183, 'gpp_af': 0.003069031947546682, 'gpp_b': 0.01847089642151307, 'gpp_d': 718.5284300644281, 'ign_k': 0.36422711156262366, 'ign_c': 3.50086442738826, 'trop_agb_crit': 15.7597087372249, 'trop_k_veg': 1.4243001724671631, 'pop_amp': 10.022899748293217, 'pop_peak': 52.505580191324064, 'pop_sig': 1.595698611706783}. Best is trial 1128 with value: -0.620386984093161.
[I 2026-08-20 01:18:52,559] Trial 2091 finished with value: 0.5778419775545266 and parameters: {'k1': 4.4337926824549913e-05, 'D_low': 7.028674907904413, 'k2': 0.005379088341457443, 'D_high': 9198673.32592065, 'fire_exp': 3.6993559239559004, 'P_half': 162.09788800494806, 'pre_dampen_half': 3.5677646341141345, 'gpp_af': 0.08319522870879095, 'gpp_b': 0.00031048015359541955, 'gpp_d': 30.659260959544387, 'ign_k': 0.028338667029384357, 'ign_c': 42.48532190378927, 'trop_agb_crit': 5.786883868791368, 'trop_k_veg': 0.657165379436597, 'pop_amp': 5.287161530213704, 'pop_peak': 10.2534733543056, 'pop_sig': 1.6700593826067796}. Best is trial 1128 with value: -0.620386984093161.
[I 2026-08-20 01:18:54,125] Trial 2092 finished with value: 0.5594547861300148 and parameters: {'k1': 0.016191059467676457, 'D_low': 151.00488980305107, 'k2': 0.008950727178934822, 'D_high': 1571178.9820276096, 'fire_exp': 3.400914950000113, 'P_half': 71.0431555521403, 'pre_dampen_half': 0.638537447829633, 'gpp_af': 2.315486020575334, 'gpp_b': 0.00015360302888312843, 'gpp_d': 813.3155616021484, 'ign_k': 0.027182275160427465, 'ign_c': 4.37233514213032, 'trop_agb_crit': 12.630573882790081, 'trop_k_veg': 4.597675354304549, 'pop_amp': 1.3707009781361603, 'pop_peak': 440.80899914879785, 'pop_sig': 0.8513638131069337}. Best is trial 1128 with value: -0.620386984093161.
[I 2026-08-20 01:18:55,698] Trial 2093 finished with value: 0.6445374145881376 and parameters: {'k1': 0.000897436680223429, 'D_low': 17.585966701613774, 'k2': 0.0007420814094637228, 'D_high': 1203056.5591061309, 'fire_exp': 3.076670938037321, 'P_half': 82.54427986815898, 'pre_dampen_half': 2.15502243013592, 'gpp_af': 0.09630145635147878, 'gpp_b': 7.288860203338251e-05, 'gpp_d': 240.4128263986473, 'ign_k': 2.3885556198605347, 'ign_c': 111.24078556007848, 'trop_agb_crit': 3.3937519936472014, 'trop_k_veg': 4.273772678453557, 'pop_amp': 3.094556682276647, 'pop_peak': 475.26883883384795, 'pop_sig': 0.5379308870244398}. Best is trial 1128 with value: -0.620386984093161.
[I 2026-08-20 01:18:57,340] Trial 2094 finished with value: -0.5580607406190484 and parameters: {'k1': 0.0003159404881519386, 'D_low': 38.19339908776002, 'k2': 0.007952355818541534, 'D_high': 185797.40878618343, 'fire_exp': 3.0441939563863594, 'P_half': 32.03875864423749, 'pre_dampen_half': 0.19932273380986024, 'gpp_af': 0.1644012937292426, 'gpp_b': 3.0071488275545786e-05, 'gpp_d': 4.649066883099859, 'ign_k': 0.037691510027428356, 'ign_c': 0.4439102662363771, 'trop_agb_crit': 3.9563555759991793, 'trop_k_veg': 0.5203963869938487, 'pop_amp': 9.160558141129561, 'pop_peak': 2.325885434824249, 'pop_sig': 1.8981535851888172}. Best is trial 1128 with value: -0.620386984093161.
[I 2026-08-20 01:18:59,613] Trial 2095 finished with value: 0.6013590209183739 and parameters: {'k1': 0.0003610359517849926, 'D_low': 2288.089876803656, 'k2': 0.0018363868136908276, 'D_high': 3303.699409340553, 'fire_exp': 3.649768203910464, 'P_half': 304.2460751644977, 'pre_dampen_half': 0.7118979028502762, 'gpp_af': 0.05505026627387616, 'gpp_b': 3.621378870069717e-05, 'gpp_d': 2.2002150488830496, 'ign_k': 1.0879515999640827, 'ign_c': 0.3455804601233396, 'trop_agb_crit': 3.0416565232226613, 'trop_k_veg': 3.56862693128472, 'pop_amp': 2.970539338578125, 'pop_peak': 10.340966348952957, 'pop_sig': 1.3740047034697738}. Best is trial 1128 with value: -0.620386984093161.
[I 2026-08-20 01:19:01,292] Trial 2096 finished with value: 0.6445374145881376 and parameters: {'k1': 0.04987092729066366, 'D_low': 423.788629963484, 'k2': 8.762541250757518e-05, 'D_high': 315340.5685634512, 'fire_exp': 4.868024248568585, 'P_half': 78.23156337546231, 'pre_dampen_half': 145.08939748610567, 'gpp_af': 0.20471750079882212, 'gpp_b': 4.457409596748072, 'gpp_d': 73.54499074165403, 'ign_k': 0.10526684990620049, 'ign_c': 401.23745160643045, 'trop_agb_crit': 19.576077173763576, 'trop_k_veg': 0.9583825229984245, 'pop_amp': 1.2740172207488591, 'pop_peak': 0.32981853621932655, 'pop_sig': 0.32263827621823726}. Best is trial 1128 with value: -0.620386984093161.
[I 2026-08-20 01:19:02,932] Trial 2097 finished with value: 0.5398050531752634 and parameters: {'k1': 1.664900033539394e-05, 'D_low': 4.533863313456972, 'k2': 0.019377054280773635, 'D_high': 139947.10409341028, 'fire_exp': 5.967493544734815, 'P_half': 8.34995533265157, 'pre_dampen_half': 14.170505767645484, 'gpp_af': 0.009524251875736968, 'gpp_b': 0.001200099113426456, 'gpp_d': 56.806894035888284, 'ign_k': 0.8723487375505076, 'ign_c': 1.2841532995204414, 'trop_agb_crit': 3.9008878560101214, 'trop_k_veg': 0.861912655785124, 'pop_amp': 10.659607575055947, 'pop_peak': 6.650678658685838, 'pop_sig': 2.020029783103653}. Best is trial 1128 with value: -0.620386984093161.
[I 2026-08-20 01:19:04,530] Trial 2098 finished with value: 0.5117720487801887 and parameters: {'k1': 0.0003820484629551025, 'D_low': 13.825096191631639, 'k2': 0.009167857006622773, 'D_high': 3564777.8894905346, 'fire_exp': 3.3569642891623173, 'P_half': 74.18841198025916, 'pre_dampen_half': 4.947548403908816, 'gpp_af': 0.006072519427911173, 'gpp_b': 0.00033522355667508927, 'gpp_d': 284.732128893597, 'ign_k': 0.8664553062971809, 'ign_c': 8.866139430457368, 'trop_agb_crit': 2.5517718875259137, 'trop_k_veg': 0.6935639045820281, 'pop_amp': 0.23714972859228153, 'pop_peak': 0.571644822102452, 'pop_sig': 1.46068958076147}. Best is trial 1128 with value: -0.620386984093161.
[I 2026-08-20 01:19:06,138] Trial 2099 finished with value: 0.5287526910555073 and parameters: {'k1': 0.011365595963316304, 'D_low': 137.52304958924864, 'k2': 0.023185361466226555, 'D_high': 5969450.401777617, 'fire_exp': 2.248074479215327, 'P_half': 1.871533333078787, 'pre_dampen_half': 0.9202851733284362, 'gpp_af': 0.17138289543346066, 'gpp_b': 0.008075448733763198, 'gpp_d': 86.53590472831988, 'ign_k': 0.4775065493695581, 'ign_c': 13.509123381606438, 'trop_agb_crit': 10.797235289264139, 'trop_k_veg': 2.61458044356937, 'pop_amp': 7.576779200285054, 'pop_peak': 54.92332160983985, 'pop_sig': 1.1811889601287622}. Best is trial 1128 with value: -0.620386984093161.
[I 2026-08-20 01:19:07,767] Trial 2100 finished with value: 0.6445374145881376 and parameters: {'k1': 0.0032440326169961243, 'D_low': 1183.397924392585, 'k2': 0.0001678362760104012, 'D_high': 31.09124591862146, 'fire_exp': 7.287483483453698, 'P_half': 8733.044544135859, 'pre_dampen_half': 0.026937949120935577, 'gpp_af': 39.91301563850545, 'gpp_b': 0.29591279545767574, 'gpp_d': 0.03590236519336844, 'ign_k': 0.00673665899674606, 'ign_c': 17.179112626394772, 'trop_agb_crit': 2.5956457873177117, 'trop_k_veg': 2.0794852543421296, 'pop_amp': 2.666688874721991, 'pop_peak': 0.7500099133110096, 'pop_sig': 0.4002975722742947}. Best is trial 1128 with value: -0.620386984093161.
[I 2026-08-20 01:19:09,345] Trial 2101 finished with value: 0.6116280757630894 and parameters: {'k1': 0.022976484316253012, 'D_low': 14.961286771216667, 'k2': 0.004597909292364338, 'D_high': 512498.71205799555, 'fire_exp': 3.927870653033248, 'P_half': 26.94585895813015, 'pre_dampen_half': 3.908447398005548, 'gpp_af': 52.950856159882754, 'gpp_b': 0.004602922979097661, 'gpp_d': 16.23197767849297, 'ign_k': 0.587130866193291, 'ign_c': 1.0357726950068256, 'trop_agb_crit': 4.036368583258504, 'trop_k_veg': 2.2578986715494294, 'pop_amp': 13.37275743537232, 'pop_peak': 0.99086795359678, 'pop_sig': 1.178786343493779}. Best is trial 1128 with value: -0.620386984093161.
[I 2026-08-20 01:19:10,919] Trial 2102 finished with value: 0.5988696242378606 and parameters: {'k1': 0.00610243816924823, 'D_low': 2057.9792213195997, 'k2': 0.00015796018548412338, 'D_high': 9741589.618063722, 'fire_exp': 7.150518110905221, 'P_half': 39.60695682394344, 'pre_dampen_half': 63.20687075328542, 'gpp_af': 10.980919924727104, 'gpp_b': 0.002518974833346135, 'gpp_d': 112.58750175631906, 'ign_k': 0.011730483191338867, 'ign_c': 10.717049565127459, 'trop_agb_crit': 6.120345789723707, 'trop_k_veg': 3.9742288468595977, 'pop_amp': 0.3872064579552579, 'pop_peak': 4.2343915062418, 'pop_sig': 0.3022662108660882}. Best is trial 1128 with value: -0.620386984093161.
[I 2026-08-20 01:19:12,527] Trial 2103 finished with value: 0.5648960808263862 and parameters: {'k1': 4.4407943667608475e-05, 'D_low': 15.927071898433102, 'k2': 0.0077022462493136655, 'D_high': 2713692.89084774, 'fire_exp': 2.622914714523124, 'P_half': 2.661066264566076, 'pre_dampen_half': 0.35556730767525396, 'gpp_af': 0.2013059292258259, 'gpp_b': 1.3072650115387306e-05, 'gpp_d': 77.04313398898906, 'ign_k': 0.016611486108340703, 'ign_c': 23.204424755520037, 'trop_agb_crit': 5.353213447535763, 'trop_k_veg': 1.5934555159614063, 'pop_amp': 0.5034194152692223, 'pop_peak': 0.948141743742283, 'pop_sig': 2.2264119674226843}. Best is trial 1128 with value: -0.620386984093161.
[I 2026-08-20 01:19:14,135] Trial 2104 finished with value: 0.5000398953649843 and parameters: {'k1': 0.0004797674426253621, 'D_low': 2.982885143666308, 'k2': 0.0014257964968744919, 'D_high': 7132961.116383473, 'fire_exp': 3.6036295561113527, 'P_half': 12.671669442077853, 'pre_dampen_half': 0.10819209263691114, 'gpp_af': 0.6544799138075205, 'gpp_b': 0.0007294426371269906, 'gpp_d': 25.26119780227174, 'ign_k': 0.38365525303370934, 'ign_c': 0.5637526867285496, 'trop_agb_crit': 2.071154447524693, 'trop_k_veg': 5.362125133813361, 'pop_amp': 0.2520875931269334, 'pop_peak': 1.9777733301341776, 'pop_sig': 1.175952286490934}. Best is trial 1128 with value: -0.620386984093161.
[I 2026-08-20 01:19:15,752] Trial 2105 finished with value: 0.48035965811820813 and parameters: {'k1': 0.00015983131706297853, 'D_low': 28.388582769658814, 'k2': 0.049060989924510655, 'D_high': 175059.07211048034, 'fire_exp': 1.8345277359661458, 'P_half': 251.9717044475866, 'pre_dampen_half': 4.355506507025896, 'gpp_af': 0.024262025873512644, 'gpp_b': 0.0007641906938649994, 'gpp_d': 861.6357506219101, 'ign_k': 2.371470663214139, 'ign_c': 1.4235207939406025, 'trop_agb_crit': 2.5140795860579592, 'trop_k_veg': 7.973658580815093, 'pop_amp': 0.0016450277849085109, 'pop_peak': 6.913837751103551, 'pop_sig': 0.2749427999135272}. Best is trial 1128 with value: -0.620386984093161.
[I 2026-08-20 01:19:17,376] Trial 2106 finished with value: 0.5219611433358249 and parameters: {'k1': 0.0029226237278322407, 'D_low': 421.0561677828282, 'k2': 0.0001324902538908278, 'D_high': 1872609.517562676, 'fire_exp': 3.0870701424012235, 'P_half': 62.2607134526226, 'pre_dampen_half': 19.856883598449716, 'gpp_af': 1.0748636735736874, 'gpp_b': 0.002476546302508405, 'gpp_d': 601.6408474410665, 'ign_k': 0.005182881724985334, 'ign_c': 0.6167386483206287, 'trop_agb_crit': 8.972282939848345, 'trop_k_veg': 3.1551646396371402, 'pop_amp': 1.666753715066001, 'pop_peak': 18.26583076154173, 'pop_sig': 0.41918512550790443}. Best is trial 1128 with value: -0.620386984093161.
[I 2026-08-20 01:19:19,005] Trial 2107 finished with value: 0.4396921747000512 and parameters: {'k1': 3.0119934074059834e-05, 'D_low': 26.204826121112127, 'k2': 0.0034948230005749908, 'D_high': 583950.8490961337, 'fire_exp': 1.7261638821798866, 'P_half': 180.14284197609695, 'pre_dampen_half': 66.44797122975258, 'gpp_af': 0.005297016858771213, 'gpp_b': 0.0012944116164742864, 'gpp_d': 0.01117518214952708, 'ign_k': 6.11826672049803, 'ign_c': 0.7127235125332977, 'trop_agb_crit': 1.254900903404969, 'trop_k_veg': 7.988781803950642, 'pop_amp': 2.7362824850674707, 'pop_peak': 1.251519993884252, 'pop_sig': 1.8535202102067674}. Best is trial 1128 with value: -0.620386984093161.
[I 2026-08-20 01:19:21,095] Trial 2108 finished with value: 0.4995464840950471 and parameters: {'k1': 0.003707447316162583, 'D_low': 6302.1463398352835, 'k2': 0.002227080760856893, 'D_high': 9699694.010956693, 'fire_exp': 6.5123656198858715, 'P_half': 250.51315740100733, 'pre_dampen_half': 1.5200107891664674, 'gpp_af': 89.38588263922172, 'gpp_b': 0.0016699356465148306, 'gpp_d': 43.59894399727359, 'ign_k': 0.11732510287782363, 'ign_c': 1.260935159055388, 'trop_agb_crit': 8.322970056375047, 'trop_k_veg': 2.1919598163224743, 'pop_amp': 14.500150762848394, 'pop_peak': 5.368954352770767, 'pop_sig': 2.423906491873952}. Best is trial 1128 with value: -0.620386984093161.
[I 2026-08-20 01:19:22,707] Trial 2109 finished with value: 0.5051713719914787 and parameters: {'k1': 0.0002307916392746932, 'D_low': 4.593407662627411, 'k2': 0.009015234953026592, 'D_high': 5628835.009452542, 'fire_exp': 2.3796143942658676, 'P_half': 9.43122147081459, 'pre_dampen_half': 1.8287753179778046, 'gpp_af': 0.009568097809286701, 'gpp_b': 2.5277027160014562e-05, 'gpp_d': 151.4876392842418, 'ign_k': 0.021938602508539646, 'ign_c': 4.529903044413747, 'trop_agb_crit': 7.975742447486447, 'trop_k_veg': 1.617018767324232, 'pop_amp': 11.682419946859389, 'pop_peak': 9.523727340009172, 'pop_sig': 2.0048794170818764}. Best is trial 1128 with value: -0.620386984093161.
[I 2026-08-20 01:19:24,323] Trial 2110 finished with value: 0.5465579032371046 and parameters: {'k1': 0.00027040107800810516, 'D_low': 59.03635414824568, 'k2': 0.07308539852045717, 'D_high': 2092154.5195588898, 'fire_exp': 3.7939961640899593, 'P_half': 3.3274315911030388, 'pre_dampen_half': 4.652102946208255, 'gpp_af': 0.0402382660894926, 'gpp_b': 0.0009336786262697154, 'gpp_d': 123.63352164139144, 'ign_k': 0.01600826295750104, 'ign_c': 5.865727885897685, 'trop_agb_crit': 7.640258852778631, 'trop_k_veg': 5.159302101415965, 'pop_amp': 2.2116261614956305, 'pop_peak': 27.187741995166757, 'pop_sig': 1.2143632140531917}. Best is trial 1128 with value: -0.620386984093161.
[I 2026-08-20 01:19:25,891] Trial 2111 finished with value: 0.6434816408825352 and parameters: {'k1': 0.00040362101536811016, 'D_low': 34549.33352484422, 'k2': 0.0002863522440145782, 'D_high': 2613906.989288171, 'fire_exp': 1.4787456701709878, 'P_half': 430.17123616553397, 'pre_dampen_half': 0.3712199139645318, 'gpp_af': 19.06959237868752, 'gpp_b': 8.035766786970904e-05, 'gpp_d': 0.0113742929976693, 'ign_k': 0.012357725192787777, 'ign_c': 627.5205926350675, 'trop_agb_crit': 28.94560902928418, 'trop_k_veg': 3.1560156632808325, 'pop_amp': 0.7591861797949391, 'pop_peak': 1.0306297064818504, 'pop_sig': 1.4670349846928257}. Best is trial 1128 with value: -0.620386984093161.
