[I 2026-06-10 21:26:42,103] Trial 420 finished with values: [10.242382171584595, 10.242382171584595] and parameters: {'k1': 0.002155595057104387, 'D_low': 323.7668055684038, 'k2': 0.002173988526401145, 'D_high': 61536.58035691648, 'fire_exp': 1.4782840976392544, 'P_half': 11.545165697879465, 'pre_dampen_half': 3.3841016089580034, 'gpp_af': 28.269551568161315, 'gpp_b': 0.00012118589392553798, 'gpp_d': 229.41380323183625, 'ign_k': 5.351470428717437, 'ign_c': 18.219343937475102, 'trop_agb_crit': 10.691477813613638, 'trop_k_veg': 6.45312300188076, 'fuel_k': 0.3356098860138198, 'fuel_half': 0.17108183937377372}.
[I 2026-06-10 21:26:43,873] Trial 421 finished with values: [10.309487519675063, 10.309487519675063] and parameters: {'k1': 0.001906534551939351, 'D_low': 375.241428659295, 'k2': 0.0002172578929502367, 'D_high': 91246.32886689917, 'fire_exp': 3.3095881169246266, 'P_half': 13.30003421978439, 'pre_dampen_half': 13.472769577631583, 'gpp_af': 0.3002317246575309, 'gpp_b': 1.284284091405877e-05, 'gpp_d': 229.41380323183625, 'ign_k': 5.351470428717437, 'ign_c': 1.4940577239079738, 'trop_agb_crit': 5.12586335774155, 'trop_k_veg': 1.331829048405031, 'fuel_k': 2.563645943471902, 'fuel_half': 1.0256744313631188}.
[I 2026-06-10 21:26:45,670] Trial 422 finished with values: [10.85916371186288, 10.85916371186288] and parameters: {'k1': 0.07799059237255677, 'D_low': 37.35862630812753, 'k2': 0.03699867920489089, 'D_high': 42210.21267871043, 'fire_exp': 1.3806513288500464, 'P_half': 102.4585893986732, 'pre_dampen_half': 32.53305539860191, 'gpp_af': 1.1409619915696267, 'gpp_b': 0.0001484082099455773, 'gpp_d': 229.41380323183625, 'ign_k': 5.351470428717437, 'ign_c': 1.4940577239079738, 'trop_agb_crit': 10.691477813613638, 'trop_k_veg': 4.7254560805090735, 'fuel_k': 4.710433409437072, 'fuel_half': 1.3323297901105768}.
[I 2026-06-10 21:26:47,759] Trial 423 finished with values: [-0.4246890834434134, 0.7909484942720417] and parameters: {'k1': 0.0006579066240690734, 'D_low': 323.7668055684038, 'k2': 0.002173988526401145, 'D_high': 20679.187143488783, 'fire_exp': 1.1103154430776774, 'P_half': 52.911502562008664, 'pre_dampen_half': 565.0116730717873, 'gpp_af': 28.269551568161315, 'gpp_b': 0.014662453726154785, 'gpp_d': 32.54021513867688, 'ign_k': 0.012868405331151606, 'ign_c': 30.785541778315018, 'trop_agb_crit': 4.84104109932157, 'trop_k_veg': 1.331829048405031, 'fuel_k': 2.563645943471902, 'fuel_half': 0.17108183937377372}.
[I 2026-06-10 21:26:49,516] Trial 424 finished with values: [10.183604119911962, 10.183604119911962] and parameters: {'k1': 0.07799059237255677, 'D_low': 37.35862630812753, 'k2': 0.0006863458703786212, 'D_high': 42210.21267871043, 'fire_exp': 1.3806513288500464, 'P_half': 20.654107883022302, 'pre_dampen_half': 32.53305539860191, 'gpp_af': 0.2204465010099918, 'gpp_b': 2.852199954727099e-05, 'gpp_d': 229.41380323183625, 'ign_k': 0.0029519227433917453, 'ign_c': 1.4940577239079738, 'trop_agb_crit': 10.691477813613638, 'trop_k_veg': 4.7254560805090735, 'fuel_k': 0.28328975157735103, 'fuel_half': 38.581832549157696}.
[I 2026-06-10 21:26:51,286] Trial 425 finished with values: [10.69654303967979, 10.69654303967979] and parameters: {'k1': 0.0006579066240690734, 'D_low': 323.7668055684038, 'k2': 0.004679839449773939, 'D_high': 3512.7047262708465, 'fire_exp': 1.0283820194309468, 'P_half': 108.21382910613987, 'pre_dampen_half': 0.175215032256024, 'gpp_af': 0.024714492403026287, 'gpp_b': 0.00012118589392553798, 'gpp_d': 922.1975850381748, 'ign_k': 0.02741350741975827, 'ign_c': 1.4940577239079738, 'trop_agb_crit': 2.679156169946616, 'trop_k_veg': 2.132271839889451, 'fuel_k': 0.2503625235956924, 'fuel_half': 11.781063202742125}.
[I 2026-06-10 21:26:53,048] Trial 426 finished with values: [-0.5845824558232976, 0.5733449531065328] and parameters: {'k1': 0.02228708726011016, 'D_low': 7.857247967427123, 'k2': 0.0004976087827261435, 'D_high': 40237.59749324181, 'fire_exp': 1.2918065501148304, 'P_half': 13.30003421978439, 'pre_dampen_half': 243.70551632385417, 'gpp_af': 5.056419398267455, 'gpp_b': 0.15208782389892764, 'gpp_d': 32.54021513867688, 'ign_k': 0.038563028138793747, 'ign_c': 0.5655677524618509, 'trop_agb_crit': 12.647327018493208, 'trop_k_veg': 1.331829048405031, 'fuel_k': 0.5182294818798785, 'fuel_half': 1.9170041589170652}.
[I 2026-06-10 21:26:54,822] Trial 427 finished with values: [-0.758721068649149, 0.35219587983476686] and parameters: {'k1': 0.012840669372724958, 'D_low': 40.12413353131991, 'k2': 0.002884223471687844, 'D_high': 3512.7047262708465, 'fire_exp': 1.2781983515972553, 'P_half': 221.2683656611821, 'pre_dampen_half': 857.6556763881457, 'gpp_af': 0.3002317246575309, 'gpp_b': 2.176805640408474e-05, 'gpp_d': 229.41380323183625, 'ign_k': 1.1044350847124695, 'ign_c': 22.126836566118193, 'trop_agb_crit': 10.215415653610627, 'trop_k_veg': 6.45312300188076, 'fuel_k': 0.28328975157735103, 'fuel_half': 11.781063202742125}.
[I 2026-06-10 21:26:56,616] Trial 428 finished with values: [10.603892779533693, 10.603892779533693] and parameters: {'k1': 0.0006579066240690734, 'D_low': 323.7668055684038, 'k2': 4.207988669606632e-05, 'D_high': 12124.080603355414, 'fire_exp': 1.3806513288500464, 'P_half': 13.30003421978439, 'pre_dampen_half': 32.53305539860191, 'gpp_af': 3.4702669886504163, 'gpp_b': 0.005419266601560437, 'gpp_d': 14.423399576193098, 'ign_k': 0.012868405331151606, 'ign_c': 0.5655677524618509, 'trop_agb_crit': 10.691477813613638, 'trop_k_veg': 5.876643247346733, 'fuel_k': 0.4182971994460706, 'fuel_half': 0.1257793442986093}.
[I 2026-06-10 21:26:58,408] Trial 429 finished with values: [10.503624189182634, 10.503624189182634] and parameters: {'k1': 0.0006579066240690734, 'D_low': 7.857247967427123, 'k2': 0.002173988526401145, 'D_high': 42210.21267871043, 'fire_exp': 5.090696629975503, 'P_half': 118.39097834757698, 'pre_dampen_half': 565.0116730717873, 'gpp_af': 0.22965432344634354, 'gpp_b': 0.0001005197610186807, 'gpp_d': 12.6084874067596, 'ign_k': 5.351470428717437, 'ign_c': 0.5655677524618509, 'trop_agb_crit': 12.647327018493208, 'trop_k_veg': 4.129715873342728, 'fuel_k': 4.710433409437072, 'fuel_half': 1.3323297901105768}.
[I 2026-06-10 21:27:00,481] Trial 430 finished with values: [10.09277211543882, 10.09277211543882] and parameters: {'k1': 0.001906534551939351, 'D_low': 2.4474057445796826, 'k2': 0.002884223471687844, 'D_high': 91246.32886689917, 'fire_exp': 1.1103154430776774, 'P_half': 1.6139316358793205, 'pre_dampen_half': 565.0116730717873, 'gpp_af': 5.056419398267455, 'gpp_b': 0.005419266601560437, 'gpp_d': 12.6084874067596, 'ign_k': 0.02741350741975827, 'ign_c': 1.4940577239079738, 'trop_agb_crit': 1.7684545676288064, 'trop_k_veg': 4.7254560805090735, 'fuel_k': 0.9221804185592763, 'fuel_half': 0.17108183937377372}.
[I 2026-06-10 21:27:02,198] Trial 431 finished with values: [10.535900547589435, 10.535900547589435] and parameters: {'k1': 0.0006579066240690734, 'D_low': 323.7668055684038, 'k2': 0.015109086063191909, 'D_high': 3512.7047262708465, 'fire_exp': 1.1103154430776774, 'P_half': 221.2683656611821, 'pre_dampen_half': 243.70551632385417, 'gpp_af': 28.269551568161315, 'gpp_b': 1.284284091405877e-05, 'gpp_d': 12.6084874067596, 'ign_k': 0.012868405331151606, 'ign_c': 1.4940577239079738, 'trop_agb_crit': 10.584071370490857, 'trop_k_veg': 1.331829048405031, 'fuel_k': 0.4182971994460706, 'fuel_half': 11.781063202742125}.
[I 2026-06-10 21:27:03,939] Trial 432 finished with values: [10.0604003830311, 10.0604003830311] and parameters: {'k1': 0.002155595057104387, 'D_low': 36.07301614542843, 'k2': 0.002173988526401145, 'D_high': 42210.21267871043, 'fire_exp': 1.423480109671474, 'P_half': 50.34696988263488, 'pre_dampen_half': 13.472769577631583, 'gpp_af': 0.22965432344634354, 'gpp_b': 0.00012118589392553798, 'gpp_d': 229.41380323183625, 'ign_k': 0.038563028138793747, 'ign_c': 1.4940577239079738, 'trop_agb_crit': 12.647327018493208, 'trop_k_veg': 1.3987664054208562, 'fuel_k': 4.710433409437072, 'fuel_half': 1.3323297901105768}.
[I 2026-06-10 21:27:05,704] Trial 433 finished with values: [-0.3318314068576095, 0.7942314398487662] and parameters: {'k1': 0.03865036856259725, 'D_low': 2.4474057445796826, 'k2': 0.002884223471687844, 'D_high': 40237.59749324181, 'fire_exp': 1.3806513288500464, 'P_half': 118.39097834757698, 'pre_dampen_half': 857.6556763881457, 'gpp_af': 5.056419398267455, 'gpp_b': 2.176805640408474e-05, 'gpp_d': 32.54021513867688, 'ign_k': 0.02741350741975827, 'ign_c': 22.126836566118193, 'trop_agb_crit': 2.679156169946616, 'trop_k_veg': 4.7254560805090735, 'fuel_k': 0.28328975157735103, 'fuel_half': 0.12882919135887003}.
[I 2026-06-10 21:27:07,494] Trial 434 finished with values: [10.196020401346049, 10.196020401346049] and parameters: {'k1': 0.07799059237255677, 'D_low': 36.07301614542843, 'k2': 0.03699867920489089, 'D_high': 42210.21267871043, 'fire_exp': 1.3806513288500464, 'P_half': 102.4585893986732, 'pre_dampen_half': 13.472769577631583, 'gpp_af': 0.053663001820106804, 'gpp_b': 0.0001484082099455773, 'gpp_d': 229.41380323183625, 'ign_k': 0.0029519227433917453, 'ign_c': 1.4940577239079738, 'trop_agb_crit': 10.691477813613638, 'trop_k_veg': 1.3987664054208562, 'fuel_k': 4.710433409437072, 'fuel_half': 1.3323297901105768}.
[I 2026-06-10 21:27:09,287] Trial 435 finished with values: [10.34612496404178, 10.34612496404178] and parameters: {'k1': 0.03865036856259725, 'D_low': 40.12413353131991, 'k2': 0.002173988526401145, 'D_high': 2289.1315306837046, 'fire_exp': 1.1103154430776774, 'P_half': 882.2833027501578, 'pre_dampen_half': 243.70551632385417, 'gpp_af': 0.05511595477601767, 'gpp_b': 1.284284091405877e-05, 'gpp_d': 229.41380323183625, 'ign_k': 0.02741350741975827, 'ign_c': 1.4940577239079738, 'trop_agb_crit': 2.7395739167173065, 'trop_k_veg': 4.129715873342728, 'fuel_k': 0.45000412754978936, 'fuel_half': 11.781063202742125}.
[I 2026-06-10 21:27:11,516] Trial 436 finished with values: [10.378345909184839, 10.378345909184839] and parameters: {'k1': 0.012840669372724958, 'D_low': 171.2446447678494, 'k2': 0.0002172578929502367, 'D_high': 42210.21267871043, 'fire_exp': 4.611099860306482, 'P_half': 93.43302657318476, 'pre_dampen_half': 13.472769577631583, 'gpp_af': 0.3002317246575309, 'gpp_b': 1.284284091405877e-05, 'gpp_d': 229.41380323183625, 'ign_k': 5.351470428717437, 'ign_c': 0.13262030086414142, 'trop_agb_crit': 9.286923253577127, 'trop_k_veg': 6.45312300188076, 'fuel_k': 4.710433409437072, 'fuel_half': 1.3323297901105768}.
[I 2026-06-10 21:27:13,238] Trial 437 finished with values: [10.137989203789754, 10.137989203789754] and parameters: {'k1': 0.014414315663330233, 'D_low': 1.3670484737132342, 'k2': 0.0007916322947490366, 'D_high': 61536.58035691648, 'fire_exp': 1.1103154430776774, 'P_half': 13.30003421978439, 'pre_dampen_half': 565.0116730717873, 'gpp_af': 5.056419398267455, 'gpp_b': 0.00012118589392553798, 'gpp_d': 59.94537656798816, 'ign_k': 0.012868405331151606, 'ign_c': 0.5655677524618509, 'trop_agb_crit': 2.679156169946616, 'trop_k_veg': 6.45312300188076, 'fuel_k': 0.2503625235956924, 'fuel_half': 11.781063202742125}.
[I 2026-06-10 21:27:14,998] Trial 438 finished with values: [10.073278866758214, 10.073278866758214] and parameters: {'k1': 0.0006579066240690734, 'D_low': 40.12413353131991, 'k2': 0.015109086063191909, 'D_high': 40237.59749324181, 'fire_exp': 1.2781983515972553, 'P_half': 221.2683656611821, 'pre_dampen_half': 243.70551632385417, 'gpp_af': 0.3002317246575309, 'gpp_b': 1.284284091405877e-05, 'gpp_d': 12.6084874067596, 'ign_k': 0.02741350741975827, 'ign_c': 1.4940577239079738, 'trop_agb_crit': 10.584071370490857, 'trop_k_veg': 6.45312300188076, 'fuel_k': 0.4182971994460706, 'fuel_half': 11.781063202742125}.
[I 2026-06-10 21:27:16,793] Trial 439 finished with values: [10.00818863738905, 10.00818863738905] and parameters: {'k1': 0.012840669372724958, 'D_low': 525.4883437268169, 'k2': 0.0002172578929502367, 'D_high': 40237.59749324181, 'fire_exp': 6.985064954051974, 'P_half': 2.0598022365449626, 'pre_dampen_half': 106.74579222939708, 'gpp_af': 5.056419398267455, 'gpp_b': 0.00012118589392553798, 'gpp_d': 229.41380323183625, 'ign_k': 5.351470428717437, 'ign_c': 1.4940577239079738, 'trop_agb_crit': 10.691477813613638, 'trop_k_veg': 6.45312300188076, 'fuel_k': 4.710433409437072, 'fuel_half': 1.3323297901105768}.
[I 2026-06-10 21:27:18,586] Trial 440 finished with values: [-0.6436831226730617, 0.804609585022507] and parameters: {'k1': 0.012840669372724958, 'D_low': 36.07301614542843, 'k2': 7.841214856323651e-05, 'D_high': 91246.32886689917, 'fire_exp': 1.1103154430776774, 'P_half': 93.43302657318476, 'pre_dampen_half': 13.472769577631583, 'gpp_af': 0.24002253099641147, 'gpp_b': 0.00012118589392553798, 'gpp_d': 32.54021513867688, 'ign_k': 0.038563028138793747, 'ign_c': 0.5655677524618509, 'trop_agb_crit': 27.025726513675966, 'trop_k_veg': 4.129715873342728, 'fuel_k': 4.710433409437072, 'fuel_half': 1.3323297901105768}.
[I 2026-06-10 21:27:20,397] Trial 441 finished with values: [10.135771274399026, 10.135771274399026] and parameters: {'k1': 0.012840669372724958, 'D_low': 171.2446447678494, 'k2': 0.002173988526401145, 'D_high': 15351.441568398131, 'fire_exp': 1.3806513288500464, 'P_half': 13.30003421978439, 'pre_dampen_half': 13.472769577631583, 'gpp_af': 5.056419398267455, 'gpp_b': 2.176805640408474e-05, 'gpp_d': 922.1975850381748, 'ign_k': 0.012868405331151606, 'ign_c': 30.785541778315018, 'trop_agb_crit': 28.4191188830683, 'trop_k_veg': 1.9001185153938336, 'fuel_k': 2.563645943471902, 'fuel_half': 0.17108183937377372}.
[I 2026-06-10 21:27:22,766] Trial 442 finished with values: [-0.31628114222956205, 0.9496137341314114] and parameters: {'k1': 0.0021949137421473017, 'D_low': 5.351452349843333, 'k2': 0.029722485376535667, 'D_high': 40237.59749324181, 'fire_exp': 1.606353818654556, 'P_half': 13.30003421978439, 'pre_dampen_half': 13.472769577631583, 'gpp_af': 5.056419398267455, 'gpp_b': 2.176805640408474e-05, 'gpp_d': 32.54021513867688, 'ign_k': 3.965503094323014, 'ign_c': 0.5655677524618509, 'trop_agb_crit': 5.12586335774155, 'trop_k_veg': 4.7254560805090735, 'fuel_k': 4.710433409437072, 'fuel_half': 71.14476009343416}.
[I 2026-06-10 21:27:24,506] Trial 443 finished with values: [10.359075197385561, 10.359075197385561] and parameters: {'k1': 0.0006579066240690734, 'D_low': 2.6285770615112845, 'k2': 0.014666151770108535, 'D_high': 40237.59749324181, 'fire_exp': 1.3806513288500464, 'P_half': 1206.784354929152, 'pre_dampen_half': 565.0116730717873, 'gpp_af': 0.4840298156332327, 'gpp_b': 2.176805640408474e-05, 'gpp_d': 12.338826503601998, 'ign_k': 0.42702329684055446, 'ign_c': 0.2939463458625969, 'trop_agb_crit': 7.513532694186442, 'trop_k_veg': 0.681921925779883, 'fuel_k': 0.10978148458640455, 'fuel_half': 71.14476009343416}.
[I 2026-06-10 21:27:26,255] Trial 444 finished with values: [-0.686413149689779, 0.5564162283420764] and parameters: {'k1': 0.014414315663330233, 'D_low': 1.3670484737132342, 'k2': 0.0002172578929502367, 'D_high': 2289.1315306837046, 'fire_exp': 1.1103154430776774, 'P_half': 93.43302657318476, 'pre_dampen_half': 565.0116730717873, 'gpp_af': 0.3002317246575309, 'gpp_b': 0.00011536203425923768, 'gpp_d': 59.94537656798816, 'ign_k': 5.351470428717437, 'ign_c': 0.5655677524618509, 'trop_agb_crit': 2.679156169946616, 'trop_k_veg': 4.129715873342728, 'fuel_k': 4.710433409437072, 'fuel_half': 11.781063202742125}.
[I 2026-06-10 21:27:28,016] Trial 445 finished with values: [10.355701674823347, 10.355701674823347] and parameters: {'k1': 0.012840669372724958, 'D_low': 36.07301614542843, 'k2': 0.002173988526401145, 'D_high': 42210.21267871043, 'fire_exp': 1.1103154430776774, 'P_half': 56.22114524476698, 'pre_dampen_half': 13.472769577631583, 'gpp_af': 0.05511595477601767, 'gpp_b': 0.004458440839692221, 'gpp_d': 32.54021513867688, 'ign_k': 0.038563028138793747, 'ign_c': 0.5655677524618509, 'trop_agb_crit': 12.647327018493208, 'trop_k_veg': 4.129715873342728, 'fuel_k': 4.710433409437072, 'fuel_half': 60.22306787169707}.
[I 2026-06-10 21:27:29,766] Trial 446 finished with values: [10.230265143746271, 10.230265143746271] and parameters: {'k1': 0.001906534551939351, 'D_low': 2.4474057445796826, 'k2': 0.002884223471687844, 'D_high': 91246.32886689917, 'fire_exp': 1.3806513288500464, 'P_half': 93.43302657318476, 'pre_dampen_half': 243.70551632385417, 'gpp_af': 5.056419398267455, 'gpp_b': 0.005419266601560437, 'gpp_d': 12.6084874067596, 'ign_k': 0.012868405331151606, 'ign_c': 0.5655677524618509, 'trop_agb_crit': 15.68644624233575, 'trop_k_veg': 4.7254560805090735, 'fuel_k': 4.710433409437072, 'fuel_half': 54.91887821601532}.
[I 2026-06-10 21:27:31,699] Trial 447 finished with values: [10.218159748512116, 10.218159748512116] and parameters: {'k1': 0.002155595057104387, 'D_low': 2.4474057445796826, 'k2': 0.002884223471687844, 'D_high': 91246.32886689917, 'fire_exp': 1.8610138768957027, 'P_half': 2.0598022365449626, 'pre_dampen_half': 13.472769577631583, 'gpp_af': 5.056419398267455, 'gpp_b': 0.00011536203425923768, 'gpp_d': 59.94537656798816, 'ign_k': 5.351470428717437, 'ign_c': 22.126836566118193, 'trop_agb_crit': 10.691477813613638, 'trop_k_veg': 0.5857461307917441, 'fuel_k': 0.29899869194373824, 'fuel_half': 54.91887821601532}.
[I 2026-06-10 21:27:33,520] Trial 448 finished with values: [-0.5287683897876118, 0.34138511760903556] and parameters: {'k1': 0.0010495653625093638, 'D_low': 323.7668055684038, 'k2': 0.002173988526401145, 'D_high': 2289.1315306837046, 'fire_exp': 1.1103154430776774, 'P_half': 93.43302657318476, 'pre_dampen_half': 565.0116730717873, 'gpp_af': 0.3002317246575309, 'gpp_b': 0.00011536203425923768, 'gpp_d': 12.6084874067596, 'ign_k': 6.344955605329754, 'ign_c': 0.5655677524618509, 'trop_agb_crit': 5.526463318565575, 'trop_k_veg': 1.331829048405031, 'fuel_k': 0.4182971994460706, 'fuel_half': 11.781063202742125}.
[I 2026-06-10 21:27:35,330] Trial 449 finished with values: [-0.6827459419526374, 0.5467223910479999] and parameters: {'k1': 0.012840669372724958, 'D_low': 2.4474057445796826, 'k2': 0.015109086063191909, 'D_high': 3512.7047262708465, 'fire_exp': 1.5191397119156032, 'P_half': 13.30003421978439, 'pre_dampen_half': 565.0116730717873, 'gpp_af': 5.056419398267455, 'gpp_b': 0.00012118589392553798, 'gpp_d': 32.54021513867688, 'ign_k': 0.02741350741975827, 'ign_c': 1.4940577239079738, 'trop_agb_crit': 5.526463318565575, 'trop_k_veg': 4.129715873342728, 'fuel_k': 0.9221804185592763, 'fuel_half': 0.17108183937377372}.
[I 2026-06-10 21:27:37,078] Trial 450 finished with values: [10.465143565829319, 10.465143565829319] and parameters: {'k1': 0.002155595057104387, 'D_low': 525.4883437268169, 'k2': 0.0002172578929502367, 'D_high': 2289.1315306837046, 'fire_exp': 1.423480109671474, 'P_half': 2.0598022365449626, 'pre_dampen_half': 13.472769577631583, 'gpp_af': 0.3002317246575309, 'gpp_b': 0.00011536203425923768, 'gpp_d': 59.94537656798816, 'ign_k': 5.351470428717437, 'ign_c': 0.5655677524618509, 'trop_agb_crit': 2.679156169946616, 'trop_k_veg': 6.710511644250376, 'fuel_k': 4.710433409437072, 'fuel_half': 1.3323297901105768}.
[I 2026-06-10 21:27:38,837] Trial 451 finished with values: [10.273238871241613, 10.273238871241613] and parameters: {'k1': 0.03865036856259725, 'D_low': 2.4474057445796826, 'k2': 0.002884223471687844, 'D_high': 91246.32886689917, 'fire_exp': 1.1103154430776774, 'P_half': 7.46475488144212, 'pre_dampen_half': 857.6556763881457, 'gpp_af': 5.056419398267455, 'gpp_b': 2.176805640408474e-05, 'gpp_d': 706.4887089740599, 'ign_k': 0.02741350741975827, 'ign_c': 22.126836566118193, 'trop_agb_crit': 2.679156169946616, 'trop_k_veg': 6.45312300188076, 'fuel_k': 0.28328975157735103, 'fuel_half': 0.13122924251987642}.
[I 2026-06-10 21:27:40,599] Trial 452 finished with values: [-0.34981931476574996, 0.9574726780721213] and parameters: {'k1': 0.014414315663330233, 'D_low': 2.4474057445796826, 'k2': 0.002884223471687844, 'D_high': 61536.58035691648, 'fire_exp': 1.3246767503919348, 'P_half': 13.30003421978439, 'pre_dampen_half': 565.0116730717873, 'gpp_af': 5.056419398267455, 'gpp_b': 2.176805640408474e-05, 'gpp_d': 32.54021513867688, 'ign_k': 0.012868405331151606, 'ign_c': 0.5655677524618509, 'trop_agb_crit': 4.655354911933648, 'trop_k_veg': 6.45312300188076, 'fuel_k': 0.2503625235956924, 'fuel_half': 63.33226970652639}.
[I 2026-06-10 21:27:42,456] Trial 453 finished with values: [-0.4016670192898486, 0.913705660098266] and parameters: {'k1': 0.002155595057104387, 'D_low': 525.4883437268169, 'k2': 0.0002172578929502367, 'D_high': 42210.21267871043, 'fire_exp': 1.3806513288500464, 'P_half': 2.0598022365449626, 'pre_dampen_half': 857.6556763881457, 'gpp_af': 0.3002317246575309, 'gpp_b': 0.0001484082099455773, 'gpp_d': 32.54021513867688, 'ign_k': 0.02741350741975827, 'ign_c': 1.4940577239079738, 'trop_agb_crit': 2.679156169946616, 'trop_k_veg': 4.7254560805090735, 'fuel_k': 0.28328975157735103, 'fuel_half': 0.12882919135887003}.
[I 2026-06-10 21:27:44,566] Trial 454 finished with values: [10.068382171471978, 10.068382171471978] and parameters: {'k1': 0.0001839180780558311, 'D_low': 2.4474057445796826, 'k2': 0.002173988526401145, 'D_high': 91246.32886689917, 'fire_exp': 1.1103154430776774, 'P_half': 1.6139316358793205, 'pre_dampen_half': 565.0116730717873, 'gpp_af': 28.269551568161315, 'gpp_b': 0.005419266601560437, 'gpp_d': 12.6084874067596, 'ign_k': 0.012868405331151606, 'ign_c': 1.1911696453733045, 'trop_agb_crit': 5.613675661974366, 'trop_k_veg': 0.6217101289242648, 'fuel_k': 0.9221804185592763, 'fuel_half': 0.17108183937377372}.
