[I 2026-07-25 00:34:50,648] Trial 708 finished with value: 0.565154402053951 and parameters: {'k1': 0.009324608473782055, 'D_low': 4415.561607557524, 'k2': 0.06831271863840169, 'D_high': 443770.90306039754, 'fire_exp': 2.022954448620379, 'P_half': 580.6381540719001, 'pre_dampen_half': 2.636744165957635, 'gpp_af': 0.1820208786091281, 'gpp_b': 9.973579231518385e-05, 'gpp_d': 172.3972383399414, 'ign_k': 0.002697163325079052, 'ign_c': 59.8557758992331, 'trop_agb_crit': 29.53051810786356, 'trop_k_veg': 2.247961430096946, 'gdp_gamma': 0.24664503722380418, 'cure_k': 0.015147446563138435, 'cure_p_min': 145.64292464808554, 'cure_gpp_ref': 0.21554752051098794, 'cure_agb_crit': 5.053557631362684, 'fuel_k': 0.0653492835633113, 'fuel_half': 15.29988943124205}. Best is trial 577 with value: -0.629883323094065.
[I 2026-07-25 00:34:51,105] Trial 709 finished with value: 0.5912074926373578 and parameters: {'k1': 0.0011247935499922438, 'D_low': 2577.2506136903135, 'k2': 3.503518181624196e-05, 'D_high': 1921.267812694917, 'fire_exp': 4.4825621184556, 'P_half': 1.0766011305806642, 'pre_dampen_half': 11.841265480489664, 'gpp_af': 0.827071505145752, 'gpp_b': 2.8473985719307112e-05, 'gpp_d': 12.208879330231033, 'ign_k': 0.006763415819232662, 'ign_c': 1.8072533261987098, 'trop_agb_crit': 8.211907274338813, 'trop_k_veg': 1.2720407216851652, 'gdp_gamma': 0.3451605022998359, 'cure_k': 0.022097302003678796, 'cure_p_min': 305.21911925547334, 'cure_gpp_ref': 0.3004052330622961, 'cure_agb_crit': 4.7998194929287825, 'fuel_k': 0.02436902574105637, 'fuel_half': 8.32334437443737}. Best is trial 577 with value: -0.629883323094065.
[I 2026-07-25 00:34:51,555] Trial 710 finished with value: 0.5687971023763744 and parameters: {'k1': 0.0781836700784084, 'D_low': 9046.914485651738, 'k2': 0.00496789004543367, 'D_high': 14843.589585352787, 'fire_exp': 1.1431500119169642, 'P_half': 132.72305380168197, 'pre_dampen_half': 83.41456192727115, 'gpp_af': 0.7991901122019134, 'gpp_b': 0.5767129455974693, 'gpp_d': 30.831753949619827, 'ign_k': 0.018259529780266598, 'ign_c': 0.31773623011581587, 'trop_agb_crit': 3.9509655994981534, 'trop_k_veg': 3.260709175409679, 'gdp_gamma': 0.8177244215254793, 'cure_k': 0.4365959515259704, 'cure_p_min': 380.0119717765141, 'cure_gpp_ref': 0.5041914574012661, 'cure_agb_crit': 2.999784966603119, 'fuel_k': 4.225681838624343, 'fuel_half': 21.387864660955067}. Best is trial 577 with value: -0.629883323094065.
[I 2026-07-25 00:34:52,011] Trial 711 finished with value: 0.5734176041645982 and parameters: {'k1': 0.0004424230874279259, 'D_low': 89244.29488821245, 'k2': 0.05791063685776197, 'D_high': 398522.74764288985, 'fire_exp': 1.5129312012158325, 'P_half': 2.542432496429897, 'pre_dampen_half': 0.11871735188227325, 'gpp_af': 46.54972796441446, 'gpp_b': 0.0014664092279464108, 'gpp_d': 2.775856456642736, 'ign_k': 0.0011989902123246726, 'ign_c': 0.3492272635422173, 'trop_agb_crit': 7.304624389508792, 'trop_k_veg': 4.504135436407335, 'gdp_gamma': 0.2916245962767042, 'cure_k': 0.0474732219513752, 'cure_p_min': 359.44013645849384, 'cure_gpp_ref': 0.524492330872813, 'cure_agb_crit': 3.5770557870986384, 'fuel_k': 0.22958832405225812, 'fuel_half': 16.794543196074343}. Best is trial 577 with value: -0.629883323094065.
[I 2026-07-25 00:34:52,464] Trial 712 finished with value: 0.426034687153072 and parameters: {'k1': 0.00020585173036493385, 'D_low': 4222.846454664643, 'k2': 1.9279382405902814e-05, 'D_high': 894874.7285693627, 'fire_exp': 1.5364314854500056, 'P_half': 34.85813122472629, 'pre_dampen_half': 0.1822822723452103, 'gpp_af': 0.37833983805481575, 'gpp_b': 0.0029688537108154577, 'gpp_d': 293.3840491104838, 'ign_k': 0.05124003631120895, 'ign_c': 25.367167633489736, 'trop_agb_crit': 13.75725901763583, 'trop_k_veg': 1.5599724736442637, 'gdp_gamma': 1.0864535157828632, 'cure_k': 0.0015319785265315471, 'cure_p_min': 314.3314099578669, 'cure_gpp_ref': 0.18721619319283006, 'cure_agb_crit': 2.5920444352122933, 'fuel_k': 0.056439032218044104, 'fuel_half': 5.3887149214946115}. Best is trial 577 with value: -0.629883323094065.
[I 2026-07-25 00:34:52,920] Trial 713 finished with value: -0.5996327549696099 and parameters: {'k1': 0.009807305505517604, 'D_low': 33.244255785035605, 'k2': 0.0022627218894234954, 'D_high': 968125.9593071307, 'fire_exp': 2.047606414031179, 'P_half': 189.04293926885452, 'pre_dampen_half': 2.281714457172241, 'gpp_af': 0.029042256580749815, 'gpp_b': 1.1445381675558652e-05, 'gpp_d': 412.3963349023914, 'ign_k': 0.0016224139679328947, 'ign_c': 51.644215712854034, 'trop_agb_crit': 20.65730924114419, 'trop_k_veg': 1.208691147596704, 'gdp_gamma': 0.947263337914214, 'cure_k': 0.002680608565349435, 'cure_p_min': 175.79381531912915, 'cure_gpp_ref': 0.3286890741092338, 'cure_agb_crit': 6.564184492793982, 'fuel_k': 0.04327285580554275, 'fuel_half': 16.558126717515343}. Best is trial 577 with value: -0.629883323094065.
[I 2026-07-25 00:34:53,373] Trial 714 finished with value: 0.5338929008468706 and parameters: {'k1': 0.016710553082393727, 'D_low': 15.68229085945812, 'k2': 0.0018311779507927076, 'D_high': 159872.76707605258, 'fire_exp': 2.2139333856384127, 'P_half': 6.697749871466815, 'pre_dampen_half': 0.8567683911703436, 'gpp_af': 0.02233816874861532, 'gpp_b': 0.0006016952528321696, 'gpp_d': 108.77016527913095, 'ign_k': 0.004764450516380645, 'ign_c': 192.26164508715533, 'trop_agb_crit': 16.505759058405555, 'trop_k_veg': 0.9250500748939086, 'gdp_gamma': 0.8617430979638643, 'cure_k': 0.01354257867157653, 'cure_p_min': 228.62312519913465, 'cure_gpp_ref': 0.5518044204490804, 'cure_agb_crit': 6.887251655984, 'fuel_k': 0.03879000946140637, 'fuel_half': 19.23818846084431}. Best is trial 577 with value: -0.629883323094065.
[I 2026-07-25 00:34:53,830] Trial 715 finished with value: -0.5680315532036027 and parameters: {'k1': 0.0011686390739813939, 'D_low': 5.226059953082375, 'k2': 0.0001717465452675244, 'D_high': 32144.054332892876, 'fire_exp': 1.5148226560664162, 'P_half': 63.91564435180126, 'pre_dampen_half': 0.7565468985944577, 'gpp_af': 12.732240035768987, 'gpp_b': 0.0013719330336805532, 'gpp_d': 507.19251156269587, 'ign_k': 0.008728929294924774, 'ign_c': 19.310932115859277, 'trop_agb_crit': 29.436184918636982, 'trop_k_veg': 1.7678806201442805, 'gdp_gamma': 1.618811406008219, 'cure_k': 0.00282113939222329, 'cure_p_min': 330.4874235179357, 'cure_gpp_ref': 0.4260321556297746, 'cure_agb_crit': 2.344695335126963, 'fuel_k': 0.06741750953452347, 'fuel_half': 6.685957769997292}. Best is trial 577 with value: -0.629883323094065.
[I 2026-07-25 00:34:54,366] Trial 716 finished with value: 0.6002352056761198 and parameters: {'k1': 0.005520871713036152, 'D_low': 7.959868846481481, 'k2': 0.00013575523161641744, 'D_high': 6563845.183565233, 'fire_exp': 1.4465847813734043, 'P_half': 407.85348123047527, 'pre_dampen_half': 1.5318449428970895, 'gpp_af': 25.118275431759102, 'gpp_b': 0.00039937706955501645, 'gpp_d': 10.024237333201228, 'ign_k': 0.9687001831343395, 'ign_c': 32.7414999332292, 'trop_agb_crit': 20.220560041676556, 'trop_k_veg': 1.1034743236992708, 'gdp_gamma': 0.04752283210394534, 'cure_k': 0.05678250412490921, 'cure_p_min': 179.57108138296633, 'cure_gpp_ref': 0.26868708689104104, 'cure_agb_crit': 5.492740249804172, 'fuel_k': 0.19438321019522728, 'fuel_half': 0.20346362386995184}. Best is trial 577 with value: -0.629883323094065.
[I 2026-07-25 00:34:54,824] Trial 717 finished with value: 0.5940356543055689 and parameters: {'k1': 0.0010445117867361026, 'D_low': 342997.34682349034, 'k2': 1.2782347424327253e-05, 'D_high': 91366.64226424323, 'fire_exp': 3.0227242829471552, 'P_half': 15.825586064542685, 'pre_dampen_half': 0.6771042759436305, 'gpp_af': 0.8096847130231677, 'gpp_b': 1.1381544429322203e-05, 'gpp_d': 431.60072690553073, 'ign_k': 0.0022680272473096226, 'ign_c': 0.31100279723523916, 'trop_agb_crit': 19.207897622295857, 'trop_k_veg': 0.9167040320713236, 'gdp_gamma': 1.336253740244739, 'cure_k': 0.0066087755716554295, 'cure_p_min': 397.9534484305446, 'cure_gpp_ref': 1.2563578244678264, 'cure_agb_crit': 4.508836930569649, 'fuel_k': 0.1188947458670192, 'fuel_half': 1.719823986214699}. Best is trial 577 with value: -0.629883323094065.
[I 2026-07-25 00:34:55,275] Trial 718 finished with value: 0.6047656861077965 and parameters: {'k1': 0.0024056118974896436, 'D_low': 1.1825287276846188, 'k2': 0.01788271164483859, 'D_high': 4761049.731914735, 'fire_exp': 1.5292374116370744, 'P_half': 4064.963380238886, 'pre_dampen_half': 238.63058305106262, 'gpp_af': 0.0020302789159528916, 'gpp_b': 3.9744556487244067e-05, 'gpp_d': 63.44535430778631, 'ign_k': 0.024841071816883185, 'ign_c': 306.96618969518073, 'trop_agb_crit': 17.89403681259396, 'trop_k_veg': 0.5927577706213805, 'gdp_gamma': 0.5665133189223207, 'cure_k': 0.004866966913051084, 'cure_p_min': 122.48194207032509, 'cure_gpp_ref': 0.40339235752162894, 'cure_agb_crit': 6.382133536409227, 'fuel_k': 0.013090108989368805, 'fuel_half': 12.350380293394593}. Best is trial 577 with value: -0.629883323094065.
[I 2026-07-25 00:34:55,736] Trial 719 finished with value: 0.41180908593171806 and parameters: {'k1': 0.0055752218848814155, 'D_low': 24.642713754607378, 'k2': 1.776441539670356e-05, 'D_high': 7950.458925013016, 'fire_exp': 1.0258612707056187, 'P_half': 2.762658823411611, 'pre_dampen_half': 0.9674530268260229, 'gpp_af': 0.027501696664643062, 'gpp_b': 0.0007032733201681818, 'gpp_d': 0.30363764792246645, 'ign_k': 0.07950272970882132, 'ign_c': 0.2715529142929354, 'trop_agb_crit': 1.4567709488258538, 'trop_k_veg': 3.4187884871411947, 'gdp_gamma': 1.2302481637348714, 'cure_k': 0.002019336440718347, 'cure_p_min': 284.4324680603289, 'cure_gpp_ref': 0.20711422407180283, 'cure_agb_crit': 1.0399197164187846, 'fuel_k': 0.036674719735585386, 'fuel_half': 19.129133739842207}. Best is trial 577 with value: -0.629883323094065.
[I 2026-07-25 00:34:56,188] Trial 720 finished with value: 0.4862167928665271 and parameters: {'k1': 0.007102925700289189, 'D_low': 25.36343179193892, 'k2': 0.001698795601592476, 'D_high': 51041.11145819246, 'fire_exp': 2.051224617374304, 'P_half': 500.2610385646806, 'pre_dampen_half': 1.7699998737120726, 'gpp_af': 0.049238493435471126, 'gpp_b': 0.0004815988106616802, 'gpp_d': 345.307010753142, 'ign_k': 0.0057899719688573196, 'ign_c': 25.350172957536437, 'trop_agb_crit': 16.688019909756495, 'trop_k_veg': 1.8186265226977743, 'gdp_gamma': 1.5183746491062708, 'cure_k': 0.02072611381173896, 'cure_p_min': 142.9020549411421, 'cure_gpp_ref': 0.21057827484281993, 'cure_agb_crit': 7.786621588037688, 'fuel_k': 0.2079634142078612, 'fuel_half': 26.94923073224778}. Best is trial 577 with value: -0.629883323094065.
[I 2026-07-25 00:34:56,677] Trial 721 finished with value: 0.5991704046747692 and parameters: {'k1': 0.0581915256922309, 'D_low': 104.4554092115258, 'k2': 0.09484296363472046, 'D_high': 5519525.424997132, 'fire_exp': 1.638196967635488, 'P_half': 214.06575743761724, 'pre_dampen_half': 614.7223302434629, 'gpp_af': 0.21830968277745658, 'gpp_b': 0.0007545536158585618, 'gpp_d': 72.64354906283158, 'ign_k': 0.19262969818336717, 'ign_c': 107.54280779798343, 'trop_agb_crit': 14.014928139460666, 'trop_k_veg': 1.0904771289878483, 'gdp_gamma': 0.4461969919264822, 'cure_k': 0.018700499517234195, 'cure_p_min': 94.49932243755926, 'cure_gpp_ref': 0.1890241112775254, 'cure_agb_crit': 7.837965737718501, 'fuel_k': 0.016030749189746715, 'fuel_half': 6.849704776283765}. Best is trial 577 with value: -0.629883323094065.
[I 2026-07-25 00:34:57,155] Trial 722 finished with value: 0.6070510991589008 and parameters: {'k1': 0.0006305443933218575, 'D_low': 42963.29536034963, 'k2': 0.00038555723106251783, 'D_high': 2541.4044858540656, 'fire_exp': 1.0561035177923357, 'P_half': 121.14505979336103, 'pre_dampen_half': 16.042691993138824, 'gpp_af': 6.403349953715523, 'gpp_b': 2.498990637753949e-05, 'gpp_d': 28.445607793826202, 'ign_k': 0.008926818139946497, 'ign_c': 0.1359485301646642, 'trop_agb_crit': 8.80466433145864, 'trop_k_veg': 1.0238932240093335, 'gdp_gamma': 0.3799933690906151, 'cure_k': 0.0035602193123294864, 'cure_p_min': 354.3746787979643, 'cure_gpp_ref': 0.5653627573198867, 'cure_agb_crit': 2.9082322921424386, 'fuel_k': 0.07020996167524583, 'fuel_half': 1.5471717290278664}. Best is trial 577 with value: -0.629883323094065.
[I 2026-07-25 00:34:57,608] Trial 723 finished with value: 0.5411400706172554 and parameters: {'k1': 3.096300570233536e-05, 'D_low': 4.129237180245383, 'k2': 1.3525017087085795e-05, 'D_high': 1554370.4229205255, 'fire_exp': 1.0883205066592332, 'P_half': 1.3517028012959151, 'pre_dampen_half': 1.7752843451543503, 'gpp_af': 0.0011289434050484476, 'gpp_b': 0.004397784586242482, 'gpp_d': 15.710596010089322, 'ign_k': 0.11963429611002876, 'ign_c': 1.6783359834739, 'trop_agb_crit': 3.0214989188240233, 'trop_k_veg': 0.5214952021047254, 'gdp_gamma': 0.5807185397837102, 'cure_k': 0.0025937401335519128, 'cure_p_min': 309.5055888945633, 'cure_gpp_ref': 0.09314012407628143, 'cure_agb_crit': 2.4294827089895676, 'fuel_k': 0.03304738635094891, 'fuel_half': 24.43270753428834}. Best is trial 577 with value: -0.629883323094065.
[I 2026-07-25 00:34:58,063] Trial 724 finished with value: 0.49152410611161446 and parameters: {'k1': 0.016993406667938086, 'D_low': 92.61825585694025, 'k2': 7.802752312893401e-05, 'D_high': 3730939.7147142333, 'fire_exp': 1.0831215076810476, 'P_half': 183.5274922520573, 'pre_dampen_half': 2.766300283341271, 'gpp_af': 0.43075061118850433, 'gpp_b': 0.0024451037177833277, 'gpp_d': 133.74585429144324, 'ign_k': 0.027462531074567486, 'ign_c': 12.586846100258665, 'trop_agb_crit': 8.069240939137007, 'trop_k_veg': 1.682172516391917, 'gdp_gamma': 0.9531564933553933, 'cure_k': 0.0027407550045817726, 'cure_p_min': 314.21059627522345, 'cure_gpp_ref': 1.752751917378793, 'cure_agb_crit': 6.474669583951364, 'fuel_k': 0.06287647314892719, 'fuel_half': 3.9830219865973358}. Best is trial 577 with value: -0.629883323094065.
[I 2026-07-25 00:34:58,517] Trial 725 finished with value: -0.5851094566365218 and parameters: {'k1': 0.0005348266749384993, 'D_low': 56.30411405890439, 'k2': 3.8234340808654735e-05, 'D_high': 2400661.37572586, 'fire_exp': 1.8479258203899787, 'P_half': 60.42751706210432, 'pre_dampen_half': 0.3128257352576851, 'gpp_af': 2.6099511989584205, 'gpp_b': 0.00010663412561050736, 'gpp_d': 41.45976531305702, 'ign_k': 0.0052425120597029955, 'ign_c': 2.808533262871204, 'trop_agb_crit': 22.566975001532207, 'trop_k_veg': 1.0407145569304692, 'gdp_gamma': 1.2236980862756073, 'cure_k': 0.001288078184178374, 'cure_p_min': 308.0060807833029, 'cure_gpp_ref': 0.6154262095973205, 'cure_agb_crit': 3.9581169642645193, 'fuel_k': 0.05888441400465708, 'fuel_half': 16.602934835707018}. Best is trial 577 with value: -0.629883323094065.
[I 2026-07-25 00:34:58,980] Trial 726 finished with value: 0.5949130443369701 and parameters: {'k1': 0.007761577311333807, 'D_low': 79.4930518681482, 'k2': 0.0013539590341980659, 'D_high': 4233517.844318802, 'fire_exp': 2.621526181625119, 'P_half': 3762.874703287623, 'pre_dampen_half': 986.6535274344211, 'gpp_af': 0.0980600058009752, 'gpp_b': 0.00012492674359359843, 'gpp_d': 21.201053780009893, 'ign_k': 0.005781640404822607, 'ign_c': 0.7280771129754423, 'trop_agb_crit': 19.611516490566984, 'trop_k_veg': 0.8395840540917213, 'gdp_gamma': 1.1556747581651852, 'cure_k': 0.003402834139260887, 'cure_p_min': 225.0618167612037, 'cure_gpp_ref': 0.35680592723737753, 'cure_agb_crit': 2.454817793526709, 'fuel_k': 0.11698403538121248, 'fuel_half': 7.8010819099406925}. Best is trial 577 with value: -0.629883323094065.
[I 2026-07-25 00:34:59,434] Trial 727 finished with value: 0.5538729338890253 and parameters: {'k1': 0.0006534904464690804, 'D_low': 2507.7424394099125, 'k2': 1.9504722761173205e-05, 'D_high': 1873293.3519673438, 'fire_exp': 1.7988156234487809, 'P_half': 21.791582592968084, 'pre_dampen_half': 3.4603727314308417, 'gpp_af': 0.0016918265174096746, 'gpp_b': 0.0024264044444417816, 'gpp_d': 4.460239650413335, 'ign_k': 0.02772246637299714, 'ign_c': 5.6587495388104, 'trop_agb_crit': 1.6708650669151806, 'trop_k_veg': 0.910096227499013, 'gdp_gamma': 0.8266936463234126, 'cure_k': 0.015048596818629096, 'cure_p_min': 310.9620584304515, 'cure_gpp_ref': 0.08810669544478, 'cure_agb_crit': 1.624979155825652, 'fuel_k': 0.04476961555442283, 'fuel_half': 72.5491230039796}. Best is trial 577 with value: -0.629883323094065.
[I 2026-07-25 00:34:59,891] Trial 728 finished with value: 0.5070130878174421 and parameters: {'k1': 9.358142032357614e-05, 'D_low': 195.13339051955995, 'k2': 8.325909870566555e-05, 'D_high': 5932542.552261637, 'fire_exp': 1.0635905496808984, 'P_half': 29.66938062066564, 'pre_dampen_half': 0.5223992042543646, 'gpp_af': 2.953840356411218, 'gpp_b': 2.7222520743475882e-05, 'gpp_d': 14.036099137613018, 'ign_k': 0.03547738131535941, 'ign_c': 2.820675914310714, 'trop_agb_crit': 24.39882948569343, 'trop_k_veg': 0.8865961160024717, 'gdp_gamma': 1.2836974719177479, 'cure_k': 0.0014702410015192096, 'cure_p_min': 266.644700955387, 'cure_gpp_ref': 0.2047996239585098, 'cure_agb_crit': 5.597103337678881, 'fuel_k': 0.12981089229385911, 'fuel_half': 27.414887058211754}. Best is trial 577 with value: -0.629883323094065.
[I 2026-07-25 00:35:00,344] Trial 729 finished with value: 0.46927875195400526 and parameters: {'k1': 0.00015866230327533408, 'D_low': 3562.3068904430993, 'k2': 0.07398977215061027, 'D_high': 551150.3902408325, 'fire_exp': 2.777584947739427, 'P_half': 50.91487323830244, 'pre_dampen_half': 2.607391173023189, 'gpp_af': 22.785273848093368, 'gpp_b': 0.0015072999550528696, 'gpp_d': 640.295624597366, 'ign_k': 0.1164727342329009, 'ign_c': 13.535947837524121, 'trop_agb_crit': 29.9224494774617, 'trop_k_veg': 3.1163728975730103, 'gdp_gamma': 1.2707177215201166, 'cure_k': 0.02384996743449574, 'cure_p_min': 310.36551603880474, 'cure_gpp_ref': 1.9745599862499108, 'cure_agb_crit': 5.729457432700352, 'fuel_k': 0.2266930205579118, 'fuel_half': 0.49252414111433185}. Best is trial 577 with value: -0.629883323094065.
[I 2026-07-25 00:35:00,800] Trial 730 finished with value: 0.5404389594094008 and parameters: {'k1': 0.02070754570585563, 'D_low': 652.5155369706288, 'k2': 0.007615519659449371, 'D_high': 2715816.163434355, 'fire_exp': 1.0958216619865302, 'P_half': 421.0641397915915, 'pre_dampen_half': 2.029520534216574, 'gpp_af': 0.00166843187061682, 'gpp_b': 1.2518322927801986e-05, 'gpp_d': 405.5979021795495, 'ign_k': 0.009457104298537137, 'ign_c': 132.57266370049246, 'trop_agb_crit': 23.542645408399157, 'trop_k_veg': 3.840110831975993, 'gdp_gamma': 0.1438860033366533, 'cure_k': 0.0037682364655626595, 'cure_p_min': 83.61223508652768, 'cure_gpp_ref': 0.05302436994427987, 'cure_agb_crit': 5.782945162867086, 'fuel_k': 0.06843507050855081, 'fuel_half': 12.404635493930334}. Best is trial 577 with value: -0.629883323094065.
[I 2026-07-25 00:35:01,250] Trial 731 finished with value: 0.6044993423394651 and parameters: {'k1': 0.00016660554971481377, 'D_low': 34.15336499779804, 'k2': 0.005578673916905516, 'D_high': 1401941.6869478598, 'fire_exp': 6.383874847826575, 'P_half': 4.55402590148947, 'pre_dampen_half': 0.5361046029145261, 'gpp_af': 0.0010277604054542103, 'gpp_b': 0.0014316831310750876, 'gpp_d': 13.746807966367953, 'ign_k': 0.45740820306845287, 'ign_c': 225.99654205097863, 'trop_agb_crit': 6.043768900264622, 'trop_k_veg': 1.0051300130007388, 'gdp_gamma': 1.667079862920642, 'cure_k': 0.0026701382140858513, 'cure_p_min': 170.77902718003625, 'cure_gpp_ref': 0.13498135398613528, 'cure_agb_crit': 2.241362786906535, 'fuel_k': 2.5846308117574686, 'fuel_half': 45.668568350600005}. Best is trial 577 with value: -0.629883323094065.
[I 2026-07-25 00:35:01,706] Trial 732 finished with value: 0.5905531871315036 and parameters: {'k1': 0.005581643805164069, 'D_low': 3.80310155463592, 'k2': 0.004438296529480218, 'D_high': 7922591.513278245, 'fire_exp': 1.058810861422121, 'P_half': 108.61930360229866, 'pre_dampen_half': 28.622455402103682, 'gpp_af': 0.0012613376235491769, 'gpp_b': 0.00014303990571826498, 'gpp_d': 86.72680128731648, 'ign_k': 0.054989171511685295, 'ign_c': 177.96897079828565, 'trop_agb_crit': 6.0101214302036805, 'trop_k_veg': 0.6786988920803415, 'gdp_gamma': 0.7692186722115976, 'cure_k': 0.0012009785517388563, 'cure_p_min': 144.60378763345287, 'cure_gpp_ref': 0.7057896470692784, 'cure_agb_crit': 6.648621315014502, 'fuel_k': 0.22652740391469958, 'fuel_half': 4.986487455407896}. Best is trial 577 with value: -0.629883323094065.
[I 2026-07-25 00:35:02,160] Trial 733 finished with value: 0.5843416375728393 and parameters: {'k1': 0.0005788950713217087, 'D_low': 319.1885579402106, 'k2': 0.00010864380910306947, 'D_high': 17314.779754991952, 'fire_exp': 2.58221554751795, 'P_half': 29.258928930521503, 'pre_dampen_half': 8.373413594555203, 'gpp_af': 0.43051500789468994, 'gpp_b': 0.0003414994770410456, 'gpp_d': 21.162884382091207, 'ign_k': 0.008729589206522293, 'ign_c': 0.11088107023488172, 'trop_agb_crit': 8.622178268106232, 'trop_k_veg': 1.3423892891055387, 'gdp_gamma': 0.10334976338809977, 'cure_k': 0.025261970490153465, 'cure_p_min': 312.949488696796, 'cure_gpp_ref': 0.7822636172366687, 'cure_agb_crit': 2.6532122519846957, 'fuel_k': 0.018136165103657627, 'fuel_half': 8.832817399848842}. Best is trial 577 with value: -0.629883323094065.
