[I 2026-07-22 18:57:50,419] Trial 2204 finished with values: [10.639265848895846, 10.639265848895846] and parameters: {'k1': 0.0003199177539819797, 'D_low': 8454.098152188677, 'k2': 0.001566517163094646, 'D_high': 708572.1663941594, 'fire_exp': 8.791426299948917, 'P_half': 7.890004262668578, 'pre_dampen_half': 19.35385178601914, 'gpp_af': 0.12243451886824051, 'gpp_b': 0.01736771891291939, 'gpp_d': 6.91394869865762, 'ign_k': 3.284529979576942, 'ign_c': 14.452451441203314, 'trop_agb_crit': 28.412323986638135, 'trop_k_veg': 2.417028380770307, 'fuel_k': 0.035776935204404385, 'fuel_half': 0.32476735706274484}.
[I 2026-07-22 18:57:50,847] Trial 2205 finished with values: [-0.7597400386878091, 0.050511058072826076] and parameters: {'k1': 0.052334804885400876, 'D_low': 8454.098152188677, 'k2': 0.06176637358253255, 'D_high': 316055.11434645456, 'fire_exp': 7.541713787581004, 'P_half': 7.890004262668578, 'pre_dampen_half': 3.9885726374014694, 'gpp_af': 0.0022992297821705253, 'gpp_b': 1.1698276136056565e-05, 'gpp_d': 6.91394869865762, 'ign_k': 4.59148521674054, 'ign_c': 14.452451441203314, 'trop_agb_crit': 10.719494362768906, 'trop_k_veg': 7.063879971757455, 'fuel_k': 3.6992394681929355, 'fuel_half': 0.3335026483569958}.
[I 2026-07-22 18:57:51,281] Trial 2206 finished with values: [10.31937789418867, 10.31937789418867] and parameters: {'k1': 0.0003199177539819797, 'D_low': 8454.098152188677, 'k2': 0.07144913305606662, 'D_high': 887331.2884015184, 'fire_exp': 8.791426299948917, 'P_half': 7.890004262668578, 'pre_dampen_half': 128.97804892610964, 'gpp_af': 0.25562996323356013, 'gpp_b': 0.013007495393832228, 'gpp_d': 6.91394869865762, 'ign_k': 3.284529979576942, 'ign_c': 14.452451441203314, 'trop_agb_crit': 5.707205898008383, 'trop_k_veg': 7.26254292602904, 'fuel_k': 0.7626317773965817, 'fuel_half': 1.3843950013804345}.
[I 2026-07-22 18:57:51,708] Trial 2207 finished with values: [10.766065396427063, 10.766065396427063] and parameters: {'k1': 0.052334804885400876, 'D_low': 1.7887890916820506, 'k2': 0.0007081721844034209, 'D_high': 580966.5602369158, 'fire_exp': 8.791426299948917, 'P_half': 7.890004262668578, 'pre_dampen_half': 3.9885726374014694, 'gpp_af': 0.0022992297821705253, 'gpp_b': 0.0054502936945582505, 'gpp_d': 15.936032650336307, 'ign_k': 4.59148521674054, 'ign_c': 14.452451441203314, 'trop_agb_crit': 20.205002815711154, 'trop_k_veg': 2.3408809609838257, 'fuel_k': 3.6992394681929355, 'fuel_half': 0.3335026483569958}.
[I 2026-07-22 18:57:52,141] Trial 2208 finished with values: [10.23641513190816, 10.23641513190816] and parameters: {'k1': 0.052334804885400876, 'D_low': 8454.098152188677, 'k2': 0.0002958993090345125, 'D_high': 708572.1663941594, 'fire_exp': 8.791426299948917, 'P_half': 7.890004262668578, 'pre_dampen_half': 3.9885726374014694, 'gpp_af': 0.0022992297821705253, 'gpp_b': 1.1698276136056565e-05, 'gpp_d': 6.91394869865762, 'ign_k': 4.59148521674054, 'ign_c': 14.452451441203314, 'trop_agb_crit': 9.362115196011851, 'trop_k_veg': 2.3408809609838257, 'fuel_k': 1.127936485025907, 'fuel_half': 0.10996048888054737}.
[I 2026-07-22 18:57:52,573] Trial 2209 finished with values: [10.53978070509876, 10.53978070509876] and parameters: {'k1': 0.052334804885400876, 'D_low': 8454.098152188677, 'k2': 0.033209248548898895, 'D_high': 316055.11434645456, 'fire_exp': 7.089507362101403, 'P_half': 7.890004262668578, 'pre_dampen_half': 0.1745345062941194, 'gpp_af': 0.015350904103515228, 'gpp_b': 1.7565109007473816e-05, 'gpp_d': 6.91394869865762, 'ign_k': 0.8015297379101401, 'ign_c': 14.452451441203314, 'trop_agb_crit': 9.362115196011851, 'trop_k_veg': 0.6921865222804094, 'fuel_k': 3.6992394681929355, 'fuel_half': 0.3335026483569958}.
[I 2026-07-22 18:57:53,011] Trial 2210 finished with values: [-0.7603980401703259, 0.05711872375372318] and parameters: {'k1': 0.052334804885400876, 'D_low': 8454.098152188677, 'k2': 0.002342238625792905, 'D_high': 708572.1663941594, 'fire_exp': 8.791426299948917, 'P_half': 7.204866398015031, 'pre_dampen_half': 3.9885726374014694, 'gpp_af': 0.015350904103515228, 'gpp_b': 3.936122422430193e-05, 'gpp_d': 6.91394869865762, 'ign_k': 4.59148521674054, 'ign_c': 14.452451441203314, 'trop_agb_crit': 9.362115196011851, 'trop_k_veg': 1.7428926895756522, 'fuel_k': 3.6992394681929355, 'fuel_half': 0.3335026483569958}.
[I 2026-07-22 18:57:53,458] Trial 2211 finished with values: [12.676307249157727, 12.676307249157727] and parameters: {'k1': 0.052334804885400876, 'D_low': 8454.098152188677, 'k2': 0.00012112263552846882, 'D_high': 708572.1663941594, 'fire_exp': 1.1939316554379447, 'P_half': 7.890004262668578, 'pre_dampen_half': 19.35385178601914, 'gpp_af': 0.015350904103515228, 'gpp_b': 0.0003057444777327144, 'gpp_d': 6.91394869865762, 'ign_k': 0.8015297379101401, 'ign_c': 0.17787101485639484, 'trop_agb_crit': 9.362115196011851, 'trop_k_veg': 2.417028380770307, 'fuel_k': 3.6992394681929355, 'fuel_half': 0.3335026483569958}.
[I 2026-07-22 18:57:53,925] Trial 2212 finished with values: [10.384049218879799, 10.384049218879799] and parameters: {'k1': 0.0003199177539819797, 'D_low': 8454.098152188677, 'k2': 0.001566517163094646, 'D_high': 887331.2884015184, 'fire_exp': 3.9865235442286613, 'P_half': 68.51127760917167, 'pre_dampen_half': 0.4016986062226068, 'gpp_af': 0.12243451886824051, 'gpp_b': 3.936122422430193e-05, 'gpp_d': 135.99933935738707, 'ign_k': 0.8015297379101401, 'ign_c': 14.452451441203314, 'trop_agb_crit': 9.362115196011851, 'trop_k_veg': 2.417028380770307, 'fuel_k': 3.6992394681929355, 'fuel_half': 0.3335026483569958}.
[I 2026-07-22 18:57:54,408] Trial 2213 finished with values: [-0.7612720998056653, 0.05616722097556437] and parameters: {'k1': 0.052334804885400876, 'D_low': 8454.098152188677, 'k2': 0.002342238625792905, 'D_high': 708572.1663941594, 'fire_exp': 8.791426299948917, 'P_half': 7.890004262668578, 'pre_dampen_half': 3.9885726374014694, 'gpp_af': 0.015350904103515228, 'gpp_b': 3.936122422430193e-05, 'gpp_d': 46.09643867796705, 'ign_k': 4.59148521674054, 'ign_c': 14.452451441203314, 'trop_agb_crit': 9.362115196011851, 'trop_k_veg': 1.7428926895756522, 'fuel_k': 3.7875356197077763, 'fuel_half': 0.3335026483569958}.
[I 2026-07-22 18:57:55,010] Trial 2214 finished with values: [-0.6321302978020327, 0.1760398161066118] and parameters: {'k1': 0.052334804885400876, 'D_low': 8454.098152188677, 'k2': 0.06176637358253255, 'D_high': 316055.11434645456, 'fire_exp': 8.791426299948917, 'P_half': 7.890004262668578, 'pre_dampen_half': 3.9885726374014694, 'gpp_af': 1.0805842260509197, 'gpp_b': 1.1698276136056565e-05, 'gpp_d': 6.91394869865762, 'ign_k': 4.59148521674054, 'ign_c': 14.452451441203314, 'trop_agb_crit': 5.707205898008383, 'trop_k_veg': 7.063879971757455, 'fuel_k': 3.6992394681929355, 'fuel_half': 0.3335026483569958}.
[I 2026-07-22 18:57:55,480] Trial 2215 finished with values: [-0.718698656017144, 0.07170155028470193] and parameters: {'k1': 0.052334804885400876, 'D_low': 726.7761028313123, 'k2': 0.0002958993090345125, 'D_high': 708572.1663941594, 'fire_exp': 7.089507362101403, 'P_half': 7.890004262668578, 'pre_dampen_half': 3.9885726374014694, 'gpp_af': 0.015350904103515228, 'gpp_b': 3.936122422430193e-05, 'gpp_d': 6.91394869865762, 'ign_k': 0.8015297379101401, 'ign_c': 14.452451441203314, 'trop_agb_crit': 9.362115196011851, 'trop_k_veg': 1.7428926895756522, 'fuel_k': 3.6992394681929355, 'fuel_half': 0.3335026483569958}.
[I 2026-07-22 18:57:55,920] Trial 2216 finished with values: [10.167587891523624, 10.167587891523624] and parameters: {'k1': 0.052334804885400876, 'D_low': 8454.098152188677, 'k2': 0.004914583003830406, 'D_high': 1681956.433827372, 'fire_exp': 9.39892454268678, 'P_half': 7.890004262668578, 'pre_dampen_half': 3.9885726374014694, 'gpp_af': 0.015350904103515228, 'gpp_b': 3.936122422430193e-05, 'gpp_d': 6.91394869865762, 'ign_k': 0.5131654955148324, 'ign_c': 14.452451441203314, 'trop_agb_crit': 9.362115196011851, 'trop_k_veg': 7.26254292602904, 'fuel_k': 3.204249205987706, 'fuel_half': 0.3335026483569958}.
[I 2026-07-22 18:57:56,358] Trial 2217 finished with values: [12.101814534932974, 12.101814534932974] and parameters: {'k1': 0.0027544168616671395, 'D_low': 8454.098152188677, 'k2': 0.00448940480666442, 'D_high': 316055.11434645456, 'fire_exp': 3.313658135010505, 'P_half': 7.890004262668578, 'pre_dampen_half': 33.71909132517388, 'gpp_af': 0.015350904103515228, 'gpp_b': 3.936122422430193e-05, 'gpp_d': 6.91394869865762, 'ign_k': 3.316094907565961, 'ign_c': 14.452451441203314, 'trop_agb_crit': 28.412323986638135, 'trop_k_veg': 7.26254292602904, 'fuel_k': 3.6992394681929355, 'fuel_half': 0.17516508154827565}.
[I 2026-07-22 18:57:56,784] Trial 2218 finished with values: [10.32879221711104, 10.32879221711104] and parameters: {'k1': 0.052334804885400876, 'D_low': 1.7887890916820506, 'k2': 0.0009562822793888481, 'D_high': 1081394.0266397293, 'fire_exp': 8.791426299948917, 'P_half': 7.890004262668578, 'pre_dampen_half': 0.4016986062226068, 'gpp_af': 0.0011404858917882907, 'gpp_b': 1.1698276136056565e-05, 'gpp_d': 58.858544453955275, 'ign_k': 3.284529979576942, 'ign_c': 14.452451441203314, 'trop_agb_crit': 9.362115196011851, 'trop_k_veg': 2.094772457111161, 'fuel_k': 3.6992394681929355, 'fuel_half': 0.3335026483569958}.
[I 2026-07-22 18:57:57,241] Trial 2219 finished with values: [12.597525105260043, 12.597525105260043] and parameters: {'k1': 0.052334804885400876, 'D_low': 8454.098152188677, 'k2': 0.00021153782194224395, 'D_high': 708572.1663941594, 'fire_exp': 1.1939316554379447, 'P_half': 7.890004262668578, 'pre_dampen_half': 19.35385178601914, 'gpp_af': 0.015350904103515228, 'gpp_b': 3.936122422430193e-05, 'gpp_d': 6.91394869865762, 'ign_k': 0.8015297379101401, 'ign_c': 14.452451441203314, 'trop_agb_crit': 9.362115196011851, 'trop_k_veg': 2.417028380770307, 'fuel_k': 3.6992394681929355, 'fuel_half': 0.3335026483569958}.
[I 2026-07-22 18:57:57,695] Trial 2220 finished with values: [10.767804580567393, 10.767804580567393] and parameters: {'k1': 0.052334804885400876, 'D_low': 1.7887890916820506, 'k2': 0.00010089430320527378, 'D_high': 1681956.433827372, 'fire_exp': 3.9865235442286613, 'P_half': 6396.801005548084, 'pre_dampen_half': 3.9885726374014694, 'gpp_af': 0.015350904103515228, 'gpp_b': 3.936122422430193e-05, 'gpp_d': 700.6693992445935, 'ign_k': 0.5131654955148324, 'ign_c': 11.40086370112731, 'trop_agb_crit': 10.719494362768906, 'trop_k_veg': 0.6921865222804094, 'fuel_k': 3.6992394681929355, 'fuel_half': 0.22120706380461633}.
[I 2026-07-22 18:57:58,134] Trial 2221 finished with values: [10.732844029438898, 10.732844029438898] and parameters: {'k1': 0.052334804885400876, 'D_low': 8454.098152188677, 'k2': 0.0007081721844034209, 'D_high': 887331.2884015184, 'fire_exp': 8.791426299948917, 'P_half': 7.890004262668578, 'pre_dampen_half': 33.71909132517388, 'gpp_af': 0.015350904103515228, 'gpp_b': 0.01736771891291939, 'gpp_d': 6.91394869865762, 'ign_k': 3.284529979576942, 'ign_c': 14.452451441203314, 'trop_agb_crit': 9.362115196011851, 'trop_k_veg': 2.3408809609838257, 'fuel_k': 3.7875356197077763, 'fuel_half': 0.3335026483569958}.
[I 2026-07-22 18:57:58,567] Trial 2222 finished with values: [10.746041071190504, 10.746041071190504] and parameters: {'k1': 0.052334804885400876, 'D_low': 8454.098152188677, 'k2': 0.001566517163094646, 'D_high': 887331.2884015184, 'fire_exp': 3.2181803496180783, 'P_half': 2259.265837476389, 'pre_dampen_half': 33.71909132517388, 'gpp_af': 10.603557419492665, 'gpp_b': 0.01736771891291939, 'gpp_d': 6.91394869865762, 'ign_k': 3.284529979576942, 'ign_c': 14.452451441203314, 'trop_agb_crit': 9.362115196011851, 'trop_k_veg': 1.7428926895756522, 'fuel_k': 3.7875356197077763, 'fuel_half': 0.3335026483569958}.
[I 2026-07-22 18:57:59,001] Trial 2223 finished with values: [10.76923076903347, 10.76923076903347] and parameters: {'k1': 0.052334804885400876, 'D_low': 8454.098152188677, 'k2': 0.00021153782194224395, 'D_high': 708572.1663941594, 'fire_exp': 8.791426299948917, 'P_half': 7.890004262668578, 'pre_dampen_half': 3.9885726374014694, 'gpp_af': 0.015350904103515228, 'gpp_b': 0.8667679220053083, 'gpp_d': 6.91394869865762, 'ign_k': 4.59148521674054, 'ign_c': 14.452451441203314, 'trop_agb_crit': 10.719494362768906, 'trop_k_veg': 1.7428926895756522, 'fuel_k': 3.6992394681929355, 'fuel_half': 0.3335026483569958}.
[I 2026-07-22 18:57:59,439] Trial 2224 finished with values: [10.76874281366764, 10.76874281366764] and parameters: {'k1': 0.00016480446427978953, 'D_low': 8454.098152188677, 'k2': 0.001566517163094646, 'D_high': 887331.2884015184, 'fire_exp': 3.2181803496180783, 'P_half': 5380.740313460449, 'pre_dampen_half': 3.9885726374014694, 'gpp_af': 0.015350904103515228, 'gpp_b': 0.01736771891291939, 'gpp_d': 700.6693992445935, 'ign_k': 3.284529979576942, 'ign_c': 11.40086370112731, 'trop_agb_crit': 9.362115196011851, 'trop_k_veg': 7.26254292602904, 'fuel_k': 3.6992394681929355, 'fuel_half': 0.47684363915653316}.
[I 2026-07-22 18:57:59,878] Trial 2225 finished with values: [10.569272120317176, 10.569272120317176] and parameters: {'k1': 0.006033623633620595, 'D_low': 1842.99347097746, 'k2': 0.0015336323622246685, 'D_high': 708572.1663941594, 'fire_exp': 8.791426299948917, 'P_half': 7.890004262668578, 'pre_dampen_half': 33.71909132517388, 'gpp_af': 0.25562996323356013, 'gpp_b': 1.7565109007473816e-05, 'gpp_d': 6.91394869865762, 'ign_k': 0.5131654955148324, 'ign_c': 0.6325983742603178, 'trop_agb_crit': 9.362115196011851, 'trop_k_veg': 2.764722019934449, 'fuel_k': 1.1820218758583807, 'fuel_half': 16.929513614922364}.
[I 2026-07-22 18:58:00,338] Trial 2226 finished with values: [10.372173302439812, 10.372173302439812] and parameters: {'k1': 0.052334804885400876, 'D_low': 8454.098152188677, 'k2': 0.0002958993090345125, 'D_high': 267611.24600477156, 'fire_exp': 2.0165721691808587, 'P_half': 97.75959835044559, 'pre_dampen_half': 3.9885726374014694, 'gpp_af': 0.22983121915789692, 'gpp_b': 0.0134491285594467, 'gpp_d': 135.99933935738707, 'ign_k': 3.284529979576942, 'ign_c': 14.452451441203314, 'trop_agb_crit': 28.412323986638135, 'trop_k_veg': 2.417028380770307, 'fuel_k': 0.015494896394848282, 'fuel_half': 0.32476735706274484}.
[I 2026-07-22 18:58:00,787] Trial 2227 finished with values: [-0.734230490335581, 0.025603731118867934] and parameters: {'k1': 0.00016480446427978953, 'D_low': 1.7887890916820506, 'k2': 0.001566517163094646, 'D_high': 887331.2884015184, 'fire_exp': 8.791426299948917, 'P_half': 7.890004262668578, 'pre_dampen_half': 33.71909132517388, 'gpp_af': 0.07170751825576907, 'gpp_b': 0.0054502936945582505, 'gpp_d': 6.91394869865762, 'ign_k': 0.5131654955148324, 'ign_c': 11.40086370112731, 'trop_agb_crit': 17.530135633155123, 'trop_k_veg': 2.3408809609838257, 'fuel_k': 3.6992394681929355, 'fuel_half': 0.3335026483569958}.
[I 2026-07-22 18:58:01,218] Trial 2228 finished with values: [10.76923076903347, 10.76923076903347] and parameters: {'k1': 0.003454058352359339, 'D_low': 334656.797519218, 'k2': 0.033209248548898895, 'D_high': 580966.5602369158, 'fire_exp': 8.791426299948917, 'P_half': 2.843767489444367, 'pre_dampen_half': 3.9885726374014694, 'gpp_af': 0.015350904103515228, 'gpp_b': 0.032113930159475036, 'gpp_d': 6.91394869865762, 'ign_k': 3.284529979576942, 'ign_c': 14.452451441203314, 'trop_agb_crit': 9.362115196011851, 'trop_k_veg': 2.3408809609838257, 'fuel_k': 1.2528108647479208, 'fuel_half': 0.3335026483569958}.
[I 2026-07-22 18:58:01,652] Trial 2229 finished with values: [10.52405098537873, 10.52405098537873] and parameters: {'k1': 0.052334804885400876, 'D_low': 8454.098152188677, 'k2': 0.06176637358253255, 'D_high': 708572.1663941594, 'fire_exp': 8.791426299948917, 'P_half': 142.34026597981352, 'pre_dampen_half': 3.9885726374014694, 'gpp_af': 0.0022992297821705253, 'gpp_b': 1.1698276136056565e-05, 'gpp_d': 6.91394869865762, 'ign_k': 4.59148521674054, 'ign_c': 14.452451441203314, 'trop_agb_crit': 5.707205898008383, 'trop_k_veg': 1.7428926895756522, 'fuel_k': 3.7875356197077763, 'fuel_half': 0.3335026483569958}.
[I 2026-07-22 18:58:02,082] Trial 2230 finished with values: [-0.7244862810161402, 0.0207492445927685] and parameters: {'k1': 0.052334804885400876, 'D_low': 1.7887890916820506, 'k2': 0.0002958993090345125, 'D_high': 1153182.3436959793, 'fire_exp': 8.791426299948917, 'P_half': 7.890004262668578, 'pre_dampen_half': 33.71909132517388, 'gpp_af': 0.015350904103515228, 'gpp_b': 0.0054502936945582505, 'gpp_d': 6.91394869865762, 'ign_k': 0.5131654955148324, 'ign_c': 14.452451441203314, 'trop_agb_crit': 10.719494362768906, 'trop_k_veg': 2.3408809609838257, 'fuel_k': 3.6992394681929355, 'fuel_half': 0.3335026483569958}.
[I 2026-07-22 18:58:02,505] Trial 2231 finished with values: [10.571352257403, 10.571352257403] and parameters: {'k1': 0.052334804885400876, 'D_low': 726.7761028313123, 'k2': 0.001566517163094646, 'D_high': 708572.1663941594, 'fire_exp': 3.9865235442286613, 'P_half': 7.890004262668578, 'pre_dampen_half': 3.9885726374014694, 'gpp_af': 0.015350904103515228, 'gpp_b': 3.936122422430193e-05, 'gpp_d': 6.91394869865762, 'ign_k': 0.8015297379101401, 'ign_c': 14.452451441203314, 'trop_agb_crit': 9.362115196011851, 'trop_k_veg': 1.7428926895756522, 'fuel_k': 3.6992394681929355, 'fuel_half': 0.3335026483569958}.
[I 2026-07-22 18:58:02,934] Trial 2232 finished with values: [-0.7324305820527504, 0.0194715172831883] and parameters: {'k1': 0.052334804885400876, 'D_low': 41.03184885505047, 'k2': 0.002342238625792905, 'D_high': 799408.6663109845, 'fire_exp': 8.791426299948917, 'P_half': 7.890004262668578, 'pre_dampen_half': 3.9885726374014694, 'gpp_af': 0.015350904103515228, 'gpp_b': 0.0016244020148419233, 'gpp_d': 6.91394869865762, 'ign_k': 3.316094907565961, 'ign_c': 14.452451441203314, 'trop_agb_crit': 9.362115196011851, 'trop_k_veg': 7.26254292602904, 'fuel_k': 3.6992394681929355, 'fuel_half': 0.3335026483569958}.
[I 2026-07-22 18:58:03,357] Trial 2233 finished with values: [10.76923076903347, 10.76923076903347] and parameters: {'k1': 0.0002902170966238275, 'D_low': 1.7887890916820506, 'k2': 0.00021153782194224395, 'D_high': 887331.2884015184, 'fire_exp': 8.791426299948917, 'P_half': 7.890004262668578, 'pre_dampen_half': 33.71909132517388, 'gpp_af': 0.015350904103515228, 'gpp_b': 3.936122422430193e-05, 'gpp_d': 6.91394869865762, 'ign_k': 4.59148521674054, 'ign_c': 381.40322118758536, 'trop_agb_crit': 10.719494362768906, 'trop_k_veg': 1.7428926895756522, 'fuel_k': 3.6992394681929355, 'fuel_half': 0.3335026483569958}.
[I 2026-07-22 18:58:03,780] Trial 2234 finished with values: [-0.7320441537894355, 0.058127535555670184] and parameters: {'k1': 0.052334804885400876, 'D_low': 8454.098152188677, 'k2': 2.1698375693549493e-05, 'D_high': 316055.11434645456, 'fire_exp': 7.089507362101403, 'P_half': 7.890004262668578, 'pre_dampen_half': 3.9885726374014694, 'gpp_af': 0.0022992297821705253, 'gpp_b': 3.936122422430193e-05, 'gpp_d': 6.91394869865762, 'ign_k': 0.5131654955148324, 'ign_c': 1.6473841324027205, 'trop_agb_crit': 20.205002815711154, 'trop_k_veg': 2.417028380770307, 'fuel_k': 3.6992394681929355, 'fuel_half': 0.3335026483569958}.
[I 2026-07-22 18:58:04,208] Trial 2235 finished with values: [11.673537286383443, 11.673537286383443] and parameters: {'k1': 0.052334804885400876, 'D_low': 8454.098152188677, 'k2': 0.00448940480666442, 'D_high': 1153182.3436959793, 'fire_exp': 3.313658135010505, 'P_half': 7.890004262668578, 'pre_dampen_half': 33.71909132517388, 'gpp_af': 0.015350904103515228, 'gpp_b': 3.936122422430193e-05, 'gpp_d': 6.91394869865762, 'ign_k': 0.8015297379101401, 'ign_c': 14.452451441203314, 'trop_agb_crit': 28.412323986638135, 'trop_k_veg': 2.3408809609838257, 'fuel_k': 3.6992394681929355, 'fuel_half': 0.3335026483569958}.
[I 2026-07-22 18:58:04,643] Trial 2236 finished with values: [10.309213388513934, 10.309213388513934] and parameters: {'k1': 0.052334804885400876, 'D_low': 8454.098152188677, 'k2': 0.0002958993090345125, 'D_high': 708572.1663941594, 'fire_exp': 8.791426299948917, 'P_half': 7.890004262668578, 'pre_dampen_half': 3.9885726374014694, 'gpp_af': 0.015350904103515228, 'gpp_b': 3.936122422430193e-05, 'gpp_d': 6.91394869865762, 'ign_k': 3.284529979576942, 'ign_c': 14.452451441203314, 'trop_agb_crit': 20.205002815711154, 'trop_k_veg': 1.7428926895756522, 'fuel_k': 0.710452666849663, 'fuel_half': 0.3335026483569958}.
[I 2026-07-22 18:58:05,076] Trial 2237 finished with values: [11.227638669117418, 11.227638669117418] and parameters: {'k1': 0.014110685325437092, 'D_low': 8454.098152188677, 'k2': 0.001566517163094646, 'D_high': 316055.11434645456, 'fire_exp': 8.791426299948917, 'P_half': 2.843767489444367, 'pre_dampen_half': 33.71909132517388, 'gpp_af': 0.12243451886824051, 'gpp_b': 1.1698276136056565e-05, 'gpp_d': 700.6693992445935, 'ign_k': 4.59148521674054, 'ign_c': 14.452451441203314, 'trop_agb_crit': 17.530135633155123, 'trop_k_veg': 1.7428926895756522, 'fuel_k': 3.6992394681929355, 'fuel_half': 0.3335026483569958}.
[I 2026-07-22 18:58:05,505] Trial 2238 finished with values: [10.769155063979893, 10.769155063979893] and parameters: {'k1': 0.0006567221920408831, 'D_low': 1.7887890916820506, 'k2': 0.0033188595792563603, 'D_high': 309.2442636940832, 'fire_exp': 7.089507362101403, 'P_half': 7.890004262668578, 'pre_dampen_half': 19.35385178601914, 'gpp_af': 0.015350904103515228, 'gpp_b': 0.01736771891291939, 'gpp_d': 6.91394869865762, 'ign_k': 0.8015297379101401, 'ign_c': 11.40086370112731, 'trop_agb_crit': 9.362115196011851, 'trop_k_veg': 2.417028380770307, 'fuel_k': 3.6992394681929355, 'fuel_half': 0.32476735706274484}.
