[I 2026-07-25 00:37:52,244] Trial 1099 finished with value: -0.6145029159404324 and parameters: {'k1': 0.0025946135540009115, 'D_low': 10.145324665596334, 'k2': 0.0015394895622868289, 'D_high': 5913772.359998676, 'fire_exp': 1.7456356257426247, 'P_half': 32.333568462873316, 'pre_dampen_half': 1.2762529962298164, 'gpp_af': 0.009281106829094858, 'gpp_b': 3.605516341223303e-05, 'gpp_d': 364.8323568974533, 'ign_k': 0.0017032233770787552, 'ign_c': 76.37800249983216, 'trop_agb_crit': 18.346430259205597, 'trop_k_veg': 1.310137045002854, 'gdp_gamma': 0.7309442657920783, 'cure_k': 0.003597664226208742, 'cure_p_min': 218.81165272475772, 'cure_gpp_ref': 0.6720605384834811, 'cure_agb_crit': 5.297601854130958, 'fuel_k': 0.818259068136282, 'fuel_half': 39.27630784406156}. Best is trial 577 with value: -0.629883323094065.
[I 2026-07-25 00:37:52,704] Trial 1100 finished with value: -0.5340427072421051 and parameters: {'k1': 0.018600464024734236, 'D_low': 18.26744941607602, 'k2': 0.002670600371001645, 'D_high': 4738360.257261167, 'fire_exp': 1.228179431784948, 'P_half': 5.377209707914874, 'pre_dampen_half': 0.7640229920841206, 'gpp_af': 0.15664882696018848, 'gpp_b': 6.40609066153513e-05, 'gpp_d': 143.21658029719296, 'ign_k': 0.0015310774599547308, 'ign_c': 295.0491522832409, 'trop_agb_crit': 24.1734275571917, 'trop_k_veg': 1.3092687747068106, 'gdp_gamma': 0.22154863446518563, 'cure_k': 0.009052890725528, 'cure_p_min': 180.9669128333427, 'cure_gpp_ref': 0.4519096105685871, 'cure_agb_crit': 2.945464174835525, 'fuel_k': 2.0139110674695684, 'fuel_half': 24.085186645098904}. Best is trial 577 with value: -0.629883323094065.
[I 2026-07-25 00:37:53,163] Trial 1101 finished with value: 0.42290824744198174 and parameters: {'k1': 0.0009298498800661165, 'D_low': 1.3304973141841674, 'k2': 0.00441651528388011, 'D_high': 650815.4075399835, 'fire_exp': 1.987733442199106, 'P_half': 110.44198333845465, 'pre_dampen_half': 19.424994100467707, 'gpp_af': 0.37368267887273104, 'gpp_b': 1.3960656443074188e-05, 'gpp_d': 552.459742630041, 'ign_k': 0.0011736139391974856, 'ign_c': 40.55093305208821, 'trop_agb_crit': 17.54319764733875, 'trop_k_veg': 1.10396643132243, 'gdp_gamma': 1.6864882926028302, 'cure_k': 0.006029726564537431, 'cure_p_min': 205.95376846106953, 'cure_gpp_ref': 0.4904631070399227, 'cure_agb_crit': 5.627750823146559, 'fuel_k': 0.047959517287138126, 'fuel_half': 9.944407483743454}. Best is trial 577 with value: -0.629883323094065.
[I 2026-07-25 00:37:53,626] Trial 1102 finished with value: 0.5543640872145588 and parameters: {'k1': 0.002288535349280731, 'D_low': 7.875896510340259, 'k2': 0.002631301924253969, 'D_high': 2837055.747765702, 'fire_exp': 2.9673519598513978, 'P_half': 106.74100876521753, 'pre_dampen_half': 0.19960913029233698, 'gpp_af': 0.008532879670470521, 'gpp_b': 0.00015361606144711256, 'gpp_d': 6.789451461051156, 'ign_k': 0.002534487163373418, 'ign_c': 16.781890756451048, 'trop_agb_crit': 12.82285743889315, 'trop_k_veg': 1.196861957508414, 'gdp_gamma': 1.1838035783975178, 'cure_k': 0.00132672030879627, 'cure_p_min': 208.8143378816878, 'cure_gpp_ref': 1.5088070773873812, 'cure_agb_crit': 3.9527160359561364, 'fuel_k': 0.5209984631469011, 'fuel_half': 28.29863149403199}. Best is trial 577 with value: -0.629883323094065.
[I 2026-07-25 00:37:54,083] Trial 1103 finished with value: 0.3859155448725259 and parameters: {'k1': 0.0015985513782887772, 'D_low': 9.126532071814996, 'k2': 5.5208614180589576e-05, 'D_high': 4147826.4355451, 'fire_exp': 1.1986909630009979, 'P_half': 4.620859062013728, 'pre_dampen_half': 2.9188316169288755, 'gpp_af': 0.010698024530485895, 'gpp_b': 0.00017076753568733474, 'gpp_d': 619.0662345822492, 'ign_k': 0.0010327727892079255, 'ign_c': 20.27362729422889, 'trop_agb_crit': 8.861046500557986, 'trop_k_veg': 1.0707912109498088, 'gdp_gamma': 0.39267491364593526, 'cure_k': 0.00122098591529529, 'cure_p_min': 262.07068111285037, 'cure_gpp_ref': 0.5102422664179579, 'cure_agb_crit': 4.52823014961884, 'fuel_k': 0.5116286240059372, 'fuel_half': 12.490419427182843}. Best is trial 577 with value: -0.629883323094065.
[I 2026-07-25 00:37:54,540] Trial 1104 finished with value: -0.5790128741865777 and parameters: {'k1': 0.00037568664449455654, 'D_low': 73.77887915927803, 'k2': 0.067882105932173, 'D_high': 3285924.913734742, 'fire_exp': 1.1498109980673412, 'P_half': 580.1589607993973, 'pre_dampen_half': 145.8281362994913, 'gpp_af': 0.0025347684059622184, 'gpp_b': 0.00017197932255313283, 'gpp_d': 508.7992165589601, 'ign_k': 0.017805991079820626, 'ign_c': 57.43428032593312, 'trop_agb_crit': 9.54035765078428, 'trop_k_veg': 1.8248233752908036, 'gdp_gamma': 0.3721496542917857, 'cure_k': 0.00172800046725509, 'cure_p_min': 90.1865628409593, 'cure_gpp_ref': 0.7065754106458327, 'cure_agb_crit': 4.110030915459557, 'fuel_k': 0.0333441121742296, 'fuel_half': 90.77511888611723}. Best is trial 577 with value: -0.629883323094065.
[I 2026-07-25 00:37:55,005] Trial 1105 finished with value: 0.45945337779433293 and parameters: {'k1': 0.000526440812250383, 'D_low': 5.425596072856811, 'k2': 0.0001579832272124683, 'D_high': 8354246.578468573, 'fire_exp': 2.067068740437697, 'P_half': 43.67002664438908, 'pre_dampen_half': 17.925558193711502, 'gpp_af': 2.2912385523853995, 'gpp_b': 0.00014840723703384755, 'gpp_d': 701.4949504371245, 'ign_k': 0.0012861037881680046, 'ign_c': 59.33305280240448, 'trop_agb_crit': 14.636255574493687, 'trop_k_veg': 2.6470731967505934, 'gdp_gamma': 0.0764683330312713, 'cure_k': 0.10260961638576714, 'cure_p_min': 177.2429792601803, 'cure_gpp_ref': 1.6126901056210883, 'cure_agb_crit': 6.414187315144519, 'fuel_k': 1.2741776443061157, 'fuel_half': 27.880491350589146}. Best is trial 577 with value: -0.629883323094065.
[I 2026-07-25 00:37:55,465] Trial 1106 finished with value: 0.4974493453578165 and parameters: {'k1': 2.5752694987952828e-05, 'D_low': 15247.791143187213, 'k2': 9.529572442956579e-05, 'D_high': 505073.99049317825, 'fire_exp': 1.6573209520396839, 'P_half': 562.7857894077629, 'pre_dampen_half': 0.31951041432907346, 'gpp_af': 4.016931762464706, 'gpp_b': 0.0002825783509567117, 'gpp_d': 116.96957977386344, 'ign_k': 0.007615920714920691, 'ign_c': 1.7866559389551555, 'trop_agb_crit': 20.37626576528179, 'trop_k_veg': 0.8681354898975213, 'gdp_gamma': 1.5535662203853198, 'cure_k': 0.008287449221825116, 'cure_p_min': 105.65286177852416, 'cure_gpp_ref': 0.08014993012499191, 'cure_agb_crit': 1.9561680522902352, 'fuel_k': 1.6327179611257787, 'fuel_half': 4.569561531057276}. Best is trial 577 with value: -0.629883323094065.
[I 2026-07-25 00:37:55,924] Trial 1107 finished with value: 0.5195166779430143 and parameters: {'k1': 0.006612999334354089, 'D_low': 13.093863257994155, 'k2': 0.0006847282025762179, 'D_high': 9161551.313169414, 'fire_exp': 1.5370619607658804, 'P_half': 1.6250496590578876, 'pre_dampen_half': 0.18031787092596802, 'gpp_af': 1.5275448306466544, 'gpp_b': 0.0002807238757509081, 'gpp_d': 115.9445260609835, 'ign_k': 0.03768576848301368, 'ign_c': 20.980677617117376, 'trop_agb_crit': 7.89789606181679, 'trop_k_veg': 2.080766009216798, 'gdp_gamma': 0.06814913640284209, 'cure_k': 0.02206827805920916, 'cure_p_min': 87.57176497940321, 'cure_gpp_ref': 0.1549059066335135, 'cure_agb_crit': 3.067596144199869, 'fuel_k': 0.012143117420526029, 'fuel_half': 80.72548958872568}. Best is trial 577 with value: -0.629883323094065.
[I 2026-07-25 00:37:56,384] Trial 1108 finished with value: 0.4963295365433319 and parameters: {'k1': 0.00443265864141102, 'D_low': 168.8879596902979, 'k2': 0.001420460594949859, 'D_high': 4886669.904621289, 'fire_exp': 2.675887760879773, 'P_half': 15.775120742311689, 'pre_dampen_half': 1.4441973483759127, 'gpp_af': 0.006728971450160079, 'gpp_b': 0.0002721198481963123, 'gpp_d': 4.706289443808754, 'ign_k': 0.007974855850223696, 'ign_c': 21.539102811421014, 'trop_agb_crit': 21.341315927052307, 'trop_k_veg': 2.049361368090291, 'gdp_gamma': 0.6168549156977355, 'cure_k': 0.009425714755683844, 'cure_p_min': 300.6922570042353, 'cure_gpp_ref': 0.3717287085009349, 'cure_agb_crit': 5.814663146015254, 'fuel_k': 1.0944037959738153, 'fuel_half': 20.767098267831006}. Best is trial 577 with value: -0.629883323094065.
[I 2026-07-25 00:37:56,844] Trial 1109 finished with value: 0.5677960813994986 and parameters: {'k1': 0.027869409921541927, 'D_low': 11.633772801375969, 'k2': 0.07831478219240798, 'D_high': 625234.28050276, 'fire_exp': 1.6127703088048098, 'P_half': 259.02083749768246, 'pre_dampen_half': 980.284826979383, 'gpp_af': 0.056189876048656, 'gpp_b': 0.00037982886636853764, 'gpp_d': 105.38740623917643, 'ign_k': 0.10255027245387872, 'ign_c': 0.16934882917140048, 'trop_agb_crit': 3.707136463646503, 'trop_k_veg': 0.5085262163761262, 'gdp_gamma': 0.5336580407905245, 'cure_k': 0.003284338367225984, 'cure_p_min': 184.48035603335111, 'cure_gpp_ref': 0.7886798813274624, 'cure_agb_crit': 3.377319931545681, 'fuel_k': 0.12148150878501893, 'fuel_half': 2.4295289152693473}. Best is trial 577 with value: -0.629883323094065.
[I 2026-07-25 00:37:57,302] Trial 1110 finished with value: 0.5628445956066732 and parameters: {'k1': 2.791730807874351e-05, 'D_low': 815.3282884164706, 'k2': 2.192741900148089e-05, 'D_high': 252549.310803201, 'fire_exp': 2.8702711365296802, 'P_half': 6.89080754352667, 'pre_dampen_half': 0.07166489877380666, 'gpp_af': 0.00395481814459505, 'gpp_b': 0.0004909694997429614, 'gpp_d': 39.29541265408045, 'ign_k': 0.5585715277146198, 'ign_c': 16.02232476074966, 'trop_agb_crit': 1.472832196288744, 'trop_k_veg': 0.6262842830339375, 'gdp_gamma': 0.6530859999733174, 'cure_k': 0.02028402584477745, 'cure_p_min': 296.1335076568198, 'cure_gpp_ref': 0.06269904792406131, 'cure_agb_crit': 3.2528515022883973, 'fuel_k': 0.060053414109054085, 'fuel_half': 36.5457882977659}. Best is trial 577 with value: -0.629883323094065.
[I 2026-07-25 00:37:57,864] Trial 1111 finished with value: 0.4199234790154276 and parameters: {'k1': 0.030318762006140768, 'D_low': 625.18995507717, 'k2': 0.0002862876330596603, 'D_high': 3042963.9573538387, 'fire_exp': 1.3009959863804366, 'P_half': 43.34503082238858, 'pre_dampen_half': 387.8708439886503, 'gpp_af': 0.002931332025769393, 'gpp_b': 6.0509883584924966e-05, 'gpp_d': 47.47701167032636, 'ign_k': 0.002066183782883289, 'ign_c': 1.1021116638545916, 'trop_agb_crit': 24.938218646857962, 'trop_k_veg': 1.1908435048872628, 'gdp_gamma': 0.21769411010401735, 'cure_k': 0.011031269157302103, 'cure_p_min': 314.03715577913624, 'cure_gpp_ref': 0.4018334584320231, 'cure_agb_crit': 1.6051843720694667, 'fuel_k': 0.037112017945571306, 'fuel_half': 83.64621905235661}. Best is trial 577 with value: -0.629883323094065.
[I 2026-07-25 00:37:58,321] Trial 1112 finished with value: 0.4393172356041386 and parameters: {'k1': 0.03078294420966283, 'D_low': 869.5271119977092, 'k2': 0.0022064346834049318, 'D_high': 1499923.7116715978, 'fire_exp': 1.728196230444557, 'P_half': 495.7045814194307, 'pre_dampen_half': 212.69593093300222, 'gpp_af': 0.029988360023208968, 'gpp_b': 8.58041684365087e-05, 'gpp_d': 33.45531517513956, 'ign_k': 0.004706767793265226, 'ign_c': 1.0620753379291232, 'trop_agb_crit': 14.141945689589063, 'trop_k_veg': 1.305165477365045, 'gdp_gamma': 0.939221094381606, 'cure_k': 0.004441111609840486, 'cure_p_min': 257.4436702208853, 'cure_gpp_ref': 1.524755774920325, 'cure_agb_crit': 1.1260632034823752, 'fuel_k': 0.09020429162337598, 'fuel_half': 24.517282321310233}. Best is trial 577 with value: -0.629883323094065.
[I 2026-07-25 00:37:58,784] Trial 1113 finished with value: 0.40093764321401815 and parameters: {'k1': 0.0005639992408293682, 'D_low': 7.368063780188035, 'k2': 0.0011792989582515825, 'D_high': 6364927.754176513, 'fire_exp': 1.2307076696497292, 'P_half': 50.55484881920303, 'pre_dampen_half': 3.971581787205675, 'gpp_af': 0.01307142865297297, 'gpp_b': 3.622093221323985e-05, 'gpp_d': 413.18306771888444, 'ign_k': 0.001476368941021899, 'ign_c': 58.15557199000379, 'trop_agb_crit': 17.06517085073675, 'trop_k_veg': 0.7290106586731445, 'gdp_gamma': 0.2934813439176054, 'cure_k': 0.006052365747184686, 'cure_p_min': 164.8759712902729, 'cure_gpp_ref': 0.6557537509265903, 'cure_agb_crit': 5.933245289220186, 'fuel_k': 0.3593827490518146, 'fuel_half': 53.18885469677746}. Best is trial 577 with value: -0.629883323094065.
[I 2026-07-25 00:37:59,246] Trial 1114 finished with value: 0.6061268513287594 and parameters: {'k1': 0.030301318625359647, 'D_low': 1701.4698630118908, 'k2': 0.002585344654875706, 'D_high': 142030.22309655868, 'fire_exp': 2.689128682398188, 'P_half': 5137.3096868652165, 'pre_dampen_half': 548.6767121561867, 'gpp_af': 0.20565274315783239, 'gpp_b': 0.0004455668352267339, 'gpp_d': 82.17348697535603, 'ign_k': 0.0119158360475621, 'ign_c': 89.26044756602239, 'trop_agb_crit': 20.060342679664206, 'trop_k_veg': 0.8046706660624481, 'gdp_gamma': 1.6760320832253763, 'cure_k': 0.0012370730220749907, 'cure_p_min': 261.45813493718987, 'cure_gpp_ref': 0.4001576380021884, 'cure_agb_crit': 2.805083942080087, 'fuel_k': 0.10988410537831814, 'fuel_half': 51.315092082401925}. Best is trial 577 with value: -0.629883323094065.
[I 2026-07-25 00:37:59,705] Trial 1115 finished with value: 0.5794455693833699 and parameters: {'k1': 0.005171442768424, 'D_low': 3455.3455212632066, 'k2': 0.0005012561487460437, 'D_high': 1231384.177415006, 'fire_exp': 1.5995741471759453, 'P_half': 965.6101125773854, 'pre_dampen_half': 0.03560143501549808, 'gpp_af': 0.002054189229831288, 'gpp_b': 1.4450441371716962e-05, 'gpp_d': 752.0020391485159, 'ign_k': 0.004906831374630956, 'ign_c': 14.125621806349631, 'trop_agb_crit': 22.33447377846492, 'trop_k_veg': 0.9109450188636531, 'gdp_gamma': 0.1369233958665869, 'cure_k': 0.01267636315605444, 'cure_p_min': 181.8230141470725, 'cure_gpp_ref': 0.26225374401331364, 'cure_agb_crit': 6.959445983776932, 'fuel_k': 0.027752062310957996, 'fuel_half': 2.4095213421685124}. Best is trial 577 with value: -0.629883323094065.
[I 2026-07-25 00:38:00,163] Trial 1116 finished with value: 0.5718125226067939 and parameters: {'k1': 0.0005525739178336677, 'D_low': 2.2408002369325746, 'k2': 0.0034233871548159846, 'D_high': 6556501.49071921, 'fire_exp': 2.793522352983202, 'P_half': 3.152744865569489, 'pre_dampen_half': 3.5645509717540818, 'gpp_af': 0.003288715121611701, 'gpp_b': 0.0003583508125133974, 'gpp_d': 539.5554633399234, 'ign_k': 0.0013992588093972292, 'ign_c': 178.86943698394205, 'trop_agb_crit': 11.800320383582301, 'trop_k_veg': 1.1758752521900826, 'gdp_gamma': 0.17669580829009388, 'cure_k': 0.0021468785087065093, 'cure_p_min': 315.8810691701851, 'cure_gpp_ref': 0.6201401082356733, 'cure_agb_crit': 7.55193297806419, 'fuel_k': 5.21431564590941, 'fuel_half': 14.75503494789637}. Best is trial 577 with value: -0.629883323094065.
[I 2026-07-25 00:38:00,653] Trial 1117 finished with value: 0.39894930523541083 and parameters: {'k1': 0.02508219549205198, 'D_low': 43.3901568338853, 'k2': 0.012185815004203878, 'D_high': 1427141.2622009, 'fire_exp': 1.4337947418676635, 'P_half': 140.9225495173669, 'pre_dampen_half': 0.3291651553074136, 'gpp_af': 0.0017586413578503503, 'gpp_b': 0.00014617224959185025, 'gpp_d': 873.1209928383818, 'ign_k': 0.009363496422182522, 'ign_c': 0.29868981386969395, 'trop_agb_crit': 18.57805021944085, 'trop_k_veg': 0.6732620783926425, 'gdp_gamma': 1.9097681262907915, 'cure_k': 0.0012639703340313563, 'cure_p_min': 278.42986823307314, 'cure_gpp_ref': 0.22646560215132922, 'cure_agb_crit': 1.475004177759245, 'fuel_k': 0.03160318652250797, 'fuel_half': 35.891955811442635}. Best is trial 577 with value: -0.629883323094065.
[I 2026-07-25 00:38:01,145] Trial 1118 finished with value: 0.5118717892949987 and parameters: {'k1': 6.213726698729655e-05, 'D_low': 4871.098475240195, 'k2': 0.017427907716515787, 'D_high': 12221.079443528131, 'fire_exp': 2.7722281841810057, 'P_half': 2.149462834260968, 'pre_dampen_half': 8.464454053999257, 'gpp_af': 1.0149809816578872, 'gpp_b': 0.012913519459777282, 'gpp_d': 339.04991473101984, 'ign_k': 0.0012885720037721657, 'ign_c': 7.116164968405061, 'trop_agb_crit': 22.930139583392187, 'trop_k_veg': 0.8545686013006537, 'gdp_gamma': 1.3422339918025126, 'cure_k': 0.05802473446009481, 'cure_p_min': 81.2134686805198, 'cure_gpp_ref': 0.057514683018567596, 'cure_agb_crit': 2.549019372884068, 'fuel_k': 0.01500518613066324, 'fuel_half': 54.576088322171074}. Best is trial 577 with value: -0.629883323094065.
[I 2026-07-25 00:38:01,606] Trial 1119 finished with value: 0.4763341320602946 and parameters: {'k1': 0.05174836138604587, 'D_low': 101.74386516714705, 'k2': 0.0006804821263012947, 'D_high': 5339728.712495768, 'fire_exp': 2.7013686657443983, 'P_half': 7.84509699341492, 'pre_dampen_half': 0.8121512832799037, 'gpp_af': 0.22326739777172966, 'gpp_b': 9.649002632089081e-05, 'gpp_d': 363.56584300206663, 'ign_k': 0.021194400329514567, 'ign_c': 4.450080484894768, 'trop_agb_crit': 10.72572322744567, 'trop_k_veg': 0.540060363238469, 'gdp_gamma': 0.499493830412875, 'cure_k': 0.0022706041266487274, 'cure_p_min': 169.98353534532976, 'cure_gpp_ref': 0.9142674953969836, 'cure_agb_crit': 7.4593247855665465, 'fuel_k': 0.5442251251144168, 'fuel_half': 29.107394416050816}. Best is trial 577 with value: -0.629883323094065.
[I 2026-07-25 00:38:02,070] Trial 1120 finished with value: 0.502585895258199 and parameters: {'k1': 0.0013525186952027075, 'D_low': 872.702619323287, 'k2': 0.0019221064010832847, 'D_high': 6610880.811141657, 'fire_exp': 2.422893213653856, 'P_half': 867.2296234467402, 'pre_dampen_half': 31.402867444230253, 'gpp_af': 0.03335051335460054, 'gpp_b': 0.0001656572021706766, 'gpp_d': 569.0031121547612, 'ign_k': 0.0010568477838711597, 'ign_c': 30.81853582855604, 'trop_agb_crit': 28.078594640376764, 'trop_k_veg': 1.1099377476169099, 'gdp_gamma': 0.9714989197784483, 'cure_k': 0.010159278675248394, 'cure_p_min': 99.09426913247842, 'cure_gpp_ref': 0.21733093625858904, 'cure_agb_crit': 6.685067039877147, 'fuel_k': 0.03254423164722644, 'fuel_half': 8.14259552203121}. Best is trial 577 with value: -0.629883323094065.
[I 2026-07-25 00:38:02,528] Trial 1121 finished with value: 0.5874319708717759 and parameters: {'k1': 0.0003613129065014333, 'D_low': 11179.230373589415, 'k2': 7.497943092472861e-05, 'D_high': 266752.33127803646, 'fire_exp': 1.7928430386641871, 'P_half': 16.778623279091853, 'pre_dampen_half': 0.045849778562140696, 'gpp_af': 3.609313800503422, 'gpp_b': 0.021754093152740274, 'gpp_d': 154.20201181938845, 'ign_k': 0.02811281391033895, 'ign_c': 204.14356305473729, 'trop_agb_crit': 8.13179332942981, 'trop_k_veg': 2.318358350523958, 'gdp_gamma': 1.2843391763616274, 'cure_k': 0.007497538474479897, 'cure_p_min': 197.6337289360111, 'cure_gpp_ref': 1.531793297968057, 'cure_agb_crit': 5.120627182853563, 'fuel_k': 0.037454246680622486, 'fuel_half': 1.635967861114717}. Best is trial 577 with value: -0.629883323094065.
[I 2026-07-25 00:38:02,995] Trial 1122 finished with value: -0.6306327113836951 and parameters: {'k1': 0.016758768706247856, 'D_low': 6.195288190801602, 'k2': 0.002061663694653042, 'D_high': 4182520.520887454, 'fire_exp': 1.744168514759587, 'P_half': 137.4457804654411, 'pre_dampen_half': 5.528705643173382, 'gpp_af': 0.004474851552861911, 'gpp_b': 0.0003438822459891645, 'gpp_d': 168.4562527031257, 'ign_k': 0.022999924332647755, 'ign_c': 38.700245003294555, 'trop_agb_crit': 17.638601488140633, 'trop_k_veg': 1.4242666545261877, 'gdp_gamma': 1.2345035313212827, 'cure_k': 0.005040602914708849, 'cure_p_min': 164.49167097080775, 'cure_gpp_ref': 0.6384692451726834, 'cure_agb_crit': 6.128615295010231, 'fuel_k': 3.4776715583444977, 'fuel_half': 14.337411854985017}. Best is trial 1122 with value: -0.6306327113836951.
[I 2026-07-25 00:38:03,455] Trial 1123 finished with value: 0.520675745667728 and parameters: {'k1': 0.004260196616716351, 'D_low': 13.082171016023368, 'k2': 0.04949751600296895, 'D_high': 4486429.168867406, 'fire_exp': 1.289048455735594, 'P_half': 404.66123127016857, 'pre_dampen_half': 78.31741748086436, 'gpp_af': 0.0017374436757688527, 'gpp_b': 0.005131636297660781, 'gpp_d': 114.91480604334217, 'ign_k': 0.021748861264253065, 'ign_c': 43.61454061665219, 'trop_agb_crit': 23.725335765188703, 'trop_k_veg': 0.7408801531337472, 'gdp_gamma': 1.1276873964700316, 'cure_k': 0.002615186939122255, 'cure_p_min': 168.74850430933026, 'cure_gpp_ref': 0.5845484297988376, 'cure_agb_crit': 4.174323096375337, 'fuel_k': 0.02673715154973499, 'fuel_half': 14.829976760951956}. Best is trial 1122 with value: -0.6306327113836951.
[I 2026-07-25 00:38:03,929] Trial 1124 finished with value: 0.5579984920491645 and parameters: {'k1': 0.0016670093331802572, 'D_low': 2.210639205024323, 'k2': 0.0032630270790043854, 'D_high': 6446355.435925425, 'fire_exp': 1.3462037588595925, 'P_half': 5099.556803310074, 'pre_dampen_half': 4.3444759627465555, 'gpp_af': 0.10095185331721825, 'gpp_b': 0.0015244795688040696, 'gpp_d': 134.68782727229504, 'ign_k': 0.022261651406469952, 'ign_c': 8.2468532714858, 'trop_agb_crit': 16.58912744086081, 'trop_k_veg': 2.22092885354149, 'gdp_gamma': 0.3732137324573377, 'cure_k': 0.003641448729215295, 'cure_p_min': 87.75179601853858, 'cure_gpp_ref': 1.4591977359731279, 'cure_agb_crit': 7.946777829250464, 'fuel_k': 5.281595882247432, 'fuel_half': 47.123720463901904}. Best is trial 1122 with value: -0.6306327113836951.
