[I 2026-08-20 00:37:22,111] Trial 1056 finished with value: 0.6445374145881376 and parameters: {'k1': 0.0002613580756443258, 'D_low': 1.094204398946488, 'k2': 5.2677177848836356e-05, 'D_high': 9313678.68070851, 'fire_exp': 3.9308415096736526, 'P_half': 5.319192231206558, 'pre_dampen_half': 8.518394180099284, 'gpp_af': 81.50928980543173, 'gpp_b': 0.0020102823976211976, 'gpp_d': 673.4812374666599, 'ign_k': 9.814384077612024, 'ign_c': 54.013635990991084, 'trop_agb_crit': 3.6307941660365204, 'trop_k_veg': 1.9443512317622393}. Best is trial 0 with value: -0.5989088506199346.
[I 2026-08-20 00:37:23,488] Trial 1057 finished with value: 0.5654780976870508 and parameters: {'k1': 0.00036901860167240275, 'D_low': 5.305855725616342, 'k2': 0.0012196349775976472, 'D_high': 294613.21672506415, 'fire_exp': 3.2558684086659255, 'P_half': 1.6982601403735358, 'pre_dampen_half': 3.9248930766966326, 'gpp_af': 0.9463006846292582, 'gpp_b': 0.48748013693816855, 'gpp_d': 145.7481043101376, 'ign_k': 2.0049494830076258, 'ign_c': 4.582918065933941, 'trop_agb_crit': 1.9434730510456313, 'trop_k_veg': 2.2421205325225335}. Best is trial 0 with value: -0.5989088506199346.
[I 2026-08-20 00:37:24,988] Trial 1058 finished with value: 0.6475052891637442 and parameters: {'k1': 0.00011839864217292137, 'D_low': 145.0564410252253, 'k2': 0.00037601814799023036, 'D_high': 2710397.276845925, 'fire_exp': 6.375947868457403, 'P_half': 7.508693628993742, 'pre_dampen_half': 95.17873019334276, 'gpp_af': 0.6319103924171084, 'gpp_b': 3.1327327844404618, 'gpp_d': 908.2775416893656, 'ign_k': 0.02493789699597193, 'ign_c': 16.856451551507504, 'trop_agb_crit': 8.666296786492298, 'trop_k_veg': 0.9649619297453793}. Best is trial 0 with value: -0.5989088506199346.
[I 2026-08-20 00:37:26,432] Trial 1059 finished with value: 0.5861417735414224 and parameters: {'k1': 0.0009629644637789329, 'D_low': 943.2866231550151, 'k2': 0.0035099386488816873, 'D_high': 269912.43048645096, 'fire_exp': 1.59923972383567, 'P_half': 1.1808929471303469, 'pre_dampen_half': 1.0792848295045927, 'gpp_af': 0.4995298256949116, 'gpp_b': 0.03288688741701991, 'gpp_d': 88.43470501721575, 'ign_k': 0.40836583762956136, 'ign_c': 31.237813324984014, 'trop_agb_crit': 7.143508248230155, 'trop_k_veg': 0.8386071501601898}. Best is trial 0 with value: -0.5989088506199346.
[I 2026-08-20 00:37:27,854] Trial 1060 finished with value: 0.5563189293941749 and parameters: {'k1': 0.005823275663024669, 'D_low': 62.72992919870247, 'k2': 0.007990185788420283, 'D_high': 434289.2164441732, 'fire_exp': 2.744027589848934, 'P_half': 100.4152621052768, 'pre_dampen_half': 0.23392759126944093, 'gpp_af': 2.1667608311888436, 'gpp_b': 0.342857249537898, 'gpp_d': 42.23138647529896, 'ign_k': 0.4275492390500797, 'ign_c': 0.1030039174465463, 'trop_agb_crit': 11.148666227165593, 'trop_k_veg': 1.2892887555025372}. Best is trial 0 with value: -0.5989088506199346.
[I 2026-08-20 00:37:29,217] Trial 1061 finished with value: 0.5960826435463129 and parameters: {'k1': 8.303226786574276e-05, 'D_low': 90155.5732554702, 'k2': 0.001367848904335458, 'D_high': 1487565.9842030776, 'fire_exp': 1.6269947585535904, 'P_half': 47.58044952552706, 'pre_dampen_half': 15.505910944751633, 'gpp_af': 0.1305092061913982, 'gpp_b': 0.029032144429876297, 'gpp_d': 2.4172540089505548, 'ign_k': 0.8041940877871055, 'ign_c': 0.23206715093881441, 'trop_agb_crit': 8.209335314993194, 'trop_k_veg': 1.9976880705653466}. Best is trial 0 with value: -0.5989088506199346.
[I 2026-08-20 00:37:30,616] Trial 1062 finished with value: 0.6171056636362985 and parameters: {'k1': 1.860020485237037e-05, 'D_low': 328.1365038168306, 'k2': 0.000277147496940532, 'D_high': 1060321.4632139062, 'fire_exp': 4.1471093152735685, 'P_half': 1.7397933555926555, 'pre_dampen_half': 33.235746698669296, 'gpp_af': 0.11691917441923247, 'gpp_b': 0.15050995673235426, 'gpp_d': 218.00918287957035, 'ign_k': 1.2574859546597628, 'ign_c': 20.190474575684352, 'trop_agb_crit': 6.8542744891555465, 'trop_k_veg': 1.2334363999303417}. Best is trial 0 with value: -0.5989088506199346.
[I 2026-08-20 00:37:31,972] Trial 1063 finished with value: 0.5550876520710408 and parameters: {'k1': 0.00028364726713026766, 'D_low': 11.818351685168677, 'k2': 1.166471938467144e-05, 'D_high': 122845.32435694861, 'fire_exp': 1.3575280322177583, 'P_half': 2.196816622633368, 'pre_dampen_half': 0.03534669194797351, 'gpp_af': 0.00179681376216508, 'gpp_b': 3.145157518087504e-05, 'gpp_d': 0.020140144233165146, 'ign_k': 0.23764407941848228, 'ign_c': 0.10950443326169426, 'trop_agb_crit': 2.4306116480076607, 'trop_k_veg': 2.9907852426763895}. Best is trial 0 with value: -0.5989088506199346.
[I 2026-08-20 00:37:33,388] Trial 1064 finished with value: 0.6445374145881376 and parameters: {'k1': 4.0844563908839624e-05, 'D_low': 193495.03585380208, 'k2': 0.000526336017093038, 'D_high': 743467.0537849917, 'fire_exp': 7.218335578710155, 'P_half': 2539.3376170832025, 'pre_dampen_half': 0.14049842235828483, 'gpp_af': 0.46190344748735224, 'gpp_b': 0.00013150574455756542, 'gpp_d': 6.633848762406886, 'ign_k': 2.345821622667948, 'ign_c': 299.52601100526937, 'trop_agb_crit': 3.839147570329382, 'trop_k_veg': 2.5321007486057594}. Best is trial 0 with value: -0.5989088506199346.
[I 2026-08-20 00:37:35,011] Trial 1065 finished with value: 0.6416906726068805 and parameters: {'k1': 0.0004119900781427633, 'D_low': 2.1067166313780166, 'k2': 0.005254010123079661, 'D_high': 1043966.244575472, 'fire_exp': 2.511899243553633, 'P_half': 931.7704689625712, 'pre_dampen_half': 870.238417558675, 'gpp_af': 0.002577350135458541, 'gpp_b': 0.13272735307184905, 'gpp_d': 0.11947074998248265, 'ign_k': 0.0013059809891294073, 'ign_c': 741.355677251499, 'trop_agb_crit': 1.725221687823041, 'trop_k_veg': 4.867837210694778}. Best is trial 0 with value: -0.5989088506199346.
[I 2026-08-20 00:37:36,350] Trial 1066 finished with value: 0.5993285787598555 and parameters: {'k1': 0.00020336664136048807, 'D_low': 6.61879084745923, 'k2': 1.7272580626227694e-05, 'D_high': 337455.94236351404, 'fire_exp': 2.0865089139570845, 'P_half': 1.5563967153621374, 'pre_dampen_half': 201.2641838218872, 'gpp_af': 7.780827379387136, 'gpp_b': 0.04962001379041089, 'gpp_d': 469.46057096526783, 'ign_k': 0.08904411662021879, 'ign_c': 42.11678528791976, 'trop_agb_crit': 7.359986310421154, 'trop_k_veg': 1.4251099798428661}. Best is trial 0 with value: -0.5989088506199346.
[I 2026-08-20 00:37:37,700] Trial 1067 finished with value: 0.5717016578659024 and parameters: {'k1': 4.505664600259082e-05, 'D_low': 264.80757722231203, 'k2': 0.00027253680191780693, 'D_high': 2511047.4101058305, 'fire_exp': 3.3723755992151223, 'P_half': 11.411002411039066, 'pre_dampen_half': 171.0823839440929, 'gpp_af': 2.4369397496614704, 'gpp_b': 0.03602499791908872, 'gpp_d': 19.545023293068475, 'ign_k': 0.06665203746444148, 'ign_c': 15.737945664113557, 'trop_agb_crit': 9.917690737488389, 'trop_k_veg': 1.7767603956906013}. Best is trial 0 with value: -0.5989088506199346.
[I 2026-08-20 00:37:39,071] Trial 1068 finished with value: 0.4690833672210639 and parameters: {'k1': 0.00013430470238069798, 'D_low': 1586.327164462694, 'k2': 0.011121894226659273, 'D_high': 79298.5264744508, 'fire_exp': 1.074370550496385, 'P_half': 1.8834818176288073, 'pre_dampen_half': 57.84231721839598, 'gpp_af': 0.005467876505999146, 'gpp_b': 0.00014846411082230325, 'gpp_d': 11.593777381385697, 'ign_k': 0.17889230776232481, 'ign_c': 0.11038686646482458, 'trop_agb_crit': 3.2271301429505903, 'trop_k_veg': 4.031031703920572}. Best is trial 0 with value: -0.5989088506199346.
[I 2026-08-20 00:37:40,416] Trial 1069 finished with value: 0.6546608892219226 and parameters: {'k1': 0.0012527165172927734, 'D_low': 15.795827169796167, 'k2': 2.1152255235565976e-05, 'D_high': 15884.670218438047, 'fire_exp': 1.4041441958979217, 'P_half': 105.8471530541616, 'pre_dampen_half': 3.386028428731025, 'gpp_af': 0.6523363908038529, 'gpp_b': 0.00018623645384600865, 'gpp_d': 0.2468304183866431, 'ign_k': 0.4423167661764984, 'ign_c': 47.74053850137433, 'trop_agb_crit': 4.3014019623709405, 'trop_k_veg': 4.788151312085352}. Best is trial 0 with value: -0.5989088506199346.
[I 2026-08-20 00:37:41,768] Trial 1070 finished with value: 0.5406902995513446 and parameters: {'k1': 0.0007228079426032037, 'D_low': 97.68405951668696, 'k2': 3.231932062921099e-05, 'D_high': 700110.0336173801, 'fire_exp': 1.2297634778129585, 'P_half': 13.688243981755942, 'pre_dampen_half': 0.9096693719867681, 'gpp_af': 0.05909087450426439, 'gpp_b': 9.546768166801718e-05, 'gpp_d': 0.016428122479544977, 'ign_k': 0.02404477060907011, 'ign_c': 1.16496173177403, 'trop_agb_crit': 2.4183391752345402, 'trop_k_veg': 6.0032411483221635}. Best is trial 0 with value: -0.5989088506199346.
[I 2026-08-20 00:37:43,176] Trial 1071 finished with value: -0.4860628610250467 and parameters: {'k1': 0.00014229052361280396, 'D_low': 227.05989290596818, 'k2': 0.005108356011739392, 'D_high': 166986.60616162803, 'fire_exp': 3.342952906912633, 'P_half': 10.354662559781104, 'pre_dampen_half': 161.23800756587804, 'gpp_af': 6.165986064627212, 'gpp_b': 0.007098903303022746, 'gpp_d': 1.7008751742907355, 'ign_k': 2.9172951367180953, 'ign_c': 0.19618092337264423, 'trop_agb_crit': 22.92664800301224, 'trop_k_veg': 6.428009070050722}. Best is trial 0 with value: -0.5989088506199346.
[I 2026-08-20 00:37:44,554] Trial 1072 finished with value: 0.6445374145881376 and parameters: {'k1': 0.0011281086998962216, 'D_low': 4.155830559941196, 'k2': 4.004745633653756e-05, 'D_high': 1539054.4627627637, 'fire_exp': 2.665600565703169, 'P_half': 1.0962505390509738, 'pre_dampen_half': 0.11627204777155865, 'gpp_af': 1.307246075081779, 'gpp_b': 0.13174096545557576, 'gpp_d': 915.2704717094913, 'ign_k': 5.361571612682036, 'ign_c': 41.03689890208577, 'trop_agb_crit': 4.637248740444343, 'trop_k_veg': 2.3045804295931243}. Best is trial 0 with value: -0.5989088506199346.
[I 2026-08-20 00:37:45,914] Trial 1073 finished with value: 0.4496936860469717 and parameters: {'k1': 0.00021455834904601152, 'D_low': 6.266004867956466, 'k2': 1.1006707114909166e-05, 'D_high': 5460559.150744837, 'fire_exp': 1.2892900659820343, 'P_half': 51.509436741305684, 'pre_dampen_half': 0.2659273984877959, 'gpp_af': 0.026032019229712704, 'gpp_b': 1.9599242087903963e-05, 'gpp_d': 2.933757945358865, 'ign_k': 3.676125884177107, 'ign_c': 11.286658312036032, 'trop_agb_crit': 2.197324833519189, 'trop_k_veg': 6.834630817393721}. Best is trial 0 with value: -0.5989088506199346.
[I 2026-08-20 00:37:47,264] Trial 1074 finished with value: 0.5239145081462516 and parameters: {'k1': 0.04832477227723033, 'D_low': 10.026032584818054, 'k2': 0.0032074523550253598, 'D_high': 271510.76216057234, 'fire_exp': 4.072633850750316, 'P_half': 261.1757373211675, 'pre_dampen_half': 87.26731439993382, 'gpp_af': 0.013378559461000888, 'gpp_b': 2.7651128130205664e-05, 'gpp_d': 1.9215377374236735, 'ign_k': 0.1547638617108991, 'ign_c': 14.717664402321669, 'trop_agb_crit': 3.984487203284742, 'trop_k_veg': 5.86077476968719}. Best is trial 0 with value: -0.5989088506199346.
[I 2026-08-20 00:37:48,658] Trial 1075 finished with value: 0.4806315641723138 and parameters: {'k1': 0.04414023705021767, 'D_low': 4.0084650455583155, 'k2': 0.0010888154576895173, 'D_high': 57953.49606793305, 'fire_exp': 1.6207862893136569, 'P_half': 4.024305789046126, 'pre_dampen_half': 26.814874357072863, 'gpp_af': 0.18345507314920523, 'gpp_b': 0.0027001328177443397, 'gpp_d': 286.1655365008307, 'ign_k': 6.057756652777716, 'ign_c': 6.056466175955894, 'trop_agb_crit': 5.522475337794605, 'trop_k_veg': 7.637532102689287}. Best is trial 0 with value: -0.5989088506199346.
[I 2026-08-20 00:37:50,039] Trial 1076 finished with value: 0.5991929887565817 and parameters: {'k1': 0.029513943218349263, 'D_low': 1.0713116923340515, 'k2': 0.020873448947953965, 'D_high': 52771.53646581455, 'fire_exp': 8.344995758176966, 'P_half': 1978.8747230256265, 'pre_dampen_half': 0.3822454350950372, 'gpp_af': 0.14084607272257846, 'gpp_b': 5.872328003091551e-05, 'gpp_d': 121.52102201455347, 'ign_k': 4.013041412650612, 'ign_c': 2.432453506931453, 'trop_agb_crit': 3.9886746763496252, 'trop_k_veg': 5.4400343232534665}. Best is trial 0 with value: -0.5989088506199346.
[I 2026-08-20 00:37:51,410] Trial 1077 finished with value: 0.6445374145881376 and parameters: {'k1': 0.0009941090032761569, 'D_low': 78249.92026703287, 'k2': 0.08088107363486687, 'D_high': 299.2984770498375, 'fire_exp': 7.506098409624609, 'P_half': 1.2675424372527997, 'pre_dampen_half': 4.157592337977867, 'gpp_af': 80.35656807650436, 'gpp_b': 0.00015835340101962066, 'gpp_d': 0.047669885490819214, 'ign_k': 0.02310914545464844, 'ign_c': 24.160423638514928, 'trop_agb_crit': 1.823246812083366, 'trop_k_veg': 2.645168442729232}. Best is trial 0 with value: -0.5989088506199346.
[I 2026-08-20 00:37:52,802] Trial 1078 finished with value: 0.6445374145881376 and parameters: {'k1': 0.00031100756203302995, 'D_low': 91.56442609414077, 'k2': 0.010610709162888926, 'D_high': 7427160.299347371, 'fire_exp': 5.221214088984608, 'P_half': 187.28313682460148, 'pre_dampen_half': 0.3813607428632908, 'gpp_af': 0.06401477616293508, 'gpp_b': 4.928521643324543, 'gpp_d': 900.9791747801719, 'ign_k': 0.011023372928338828, 'ign_c': 403.6064913029808, 'trop_agb_crit': 3.7318321212626695, 'trop_k_veg': 1.632665247844139}. Best is trial 0 with value: -0.5989088506199346.
[I 2026-08-20 00:37:54,191] Trial 1079 finished with value: 0.5184552783034466 and parameters: {'k1': 0.0002061995583168818, 'D_low': 309.43034721431525, 'k2': 5.429638126694143e-05, 'D_high': 8966792.9978397, 'fire_exp': 2.8994244407598333, 'P_half': 17.28245024283338, 'pre_dampen_half': 7.572208803437939, 'gpp_af': 2.2535993725173338, 'gpp_b': 0.37314944217802637, 'gpp_d': 82.61166865683407, 'ign_k': 0.1521818164431751, 'ign_c': 6.150382905828205, 'trop_agb_crit': 8.416681722957993, 'trop_k_veg': 1.2232825523568083}. Best is trial 0 with value: -0.5989088506199346.
[I 2026-08-20 00:37:55,796] Trial 1080 finished with value: 0.5732015268521211 and parameters: {'k1': 0.0001428730549817072, 'D_low': 189.50136667110743, 'k2': 0.0012660573837097434, 'D_high': 11770.521657086068, 'fire_exp': 2.4630896888551077, 'P_half': 7.790442392281267, 'pre_dampen_half': 12.73693980431788, 'gpp_af': 8.236557180189447, 'gpp_b': 0.23336901466687401, 'gpp_d': 90.26789465196948, 'ign_k': 4.132898223483743, 'ign_c': 6.533138187222438, 'trop_agb_crit': 9.0285933737097, 'trop_k_veg': 0.8693637455612743}. Best is trial 0 with value: -0.5989088506199346.
[I 2026-08-20 00:37:57,151] Trial 1081 finished with value: 0.4312179060618402 and parameters: {'k1': 9.480122354127242e-05, 'D_low': 46.93513936007162, 'k2': 0.002608920906506628, 'D_high': 595731.8376815759, 'fire_exp': 1.2837979280947576, 'P_half': 1.8146177740188516, 'pre_dampen_half': 58.79590971922237, 'gpp_af': 0.010649155456632552, 'gpp_b': 0.00020630221196100504, 'gpp_d': 0.02982292891971035, 'ign_k': 0.3077363782095055, 'ign_c': 11.048219843941768, 'trop_agb_crit': 1.2864686334583446, 'trop_k_veg': 3.1069628378376484}. Best is trial 0 with value: -0.5989088506199346.
[I 2026-08-20 00:37:58,491] Trial 1082 finished with value: -0.5575845740776744 and parameters: {'k1': 0.00019546016034337131, 'D_low': 501.83431094066174, 'k2': 5.970025794276529e-05, 'D_high': 7915421.485626091, 'fire_exp': 1.2865984547513638, 'P_half': 3.9124916444093834, 'pre_dampen_half': 0.48544541386068785, 'gpp_af': 0.12681668991303346, 'gpp_b': 2.3514450272741712e-05, 'gpp_d': 0.690849987492948, 'ign_k': 0.23211915935771676, 'ign_c': 15.85708753128779, 'trop_agb_crit': 3.902926567276179, 'trop_k_veg': 6.551529983090923}. Best is trial 0 with value: -0.5989088506199346.
[I 2026-08-20 00:37:59,865] Trial 1083 finished with value: 0.4193280963218635 and parameters: {'k1': 0.004399871034508652, 'D_low': 24.50452536841853, 'k2': 9.65571091901952e-05, 'D_high': 5991075.05586489, 'fire_exp': 1.0915463474709899, 'P_half': 669.4463602423483, 'pre_dampen_half': 55.960494193657716, 'gpp_af': 0.005244140893403809, 'gpp_b': 2.1396354424545126e-05, 'gpp_d': 0.732905423691818, 'ign_k': 7.107920391416707, 'ign_c': 0.22005702025370621, 'trop_agb_crit': 1.5195798697045855, 'trop_k_veg': 1.0067989974940283}. Best is trial 0 with value: -0.5989088506199346.
[I 2026-08-20 00:38:01,231] Trial 1084 finished with value: 0.6445374145881376 and parameters: {'k1': 0.00480892820941534, 'D_low': 104.0250696690251, 'k2': 0.00043094672810107686, 'D_high': 1499.5659957097064, 'fire_exp': 2.897801851344956, 'P_half': 126.1131616206628, 'pre_dampen_half': 2.180018650699546, 'gpp_af': 0.0020884742812244126, 'gpp_b': 1.1447774749822894, 'gpp_d': 5.338001066649781, 'ign_k': 0.0014343244956313596, 'ign_c': 27.443433377168606, 'trop_agb_crit': 1.9404566089124435, 'trop_k_veg': 2.890964908280286}. Best is trial 0 with value: -0.5989088506199346.
[I 2026-08-20 00:38:02,617] Trial 1085 finished with value: 0.4990857184465354 and parameters: {'k1': 0.04909265138245053, 'D_low': 5214.241871350491, 'k2': 0.0005253625367060212, 'D_high': 6445122.502710235, 'fire_exp': 3.121265275007056, 'P_half': 141.4594385770423, 'pre_dampen_half': 6.2897274360265225, 'gpp_af': 60.80224012272622, 'gpp_b': 0.5547284806959715, 'gpp_d': 654.0530839667722, 'ign_k': 0.3354680958982265, 'ign_c': 11.137045804327458, 'trop_agb_crit': 16.5388947973307, 'trop_k_veg': 4.162771875259566}. Best is trial 0 with value: -0.5989088506199346.
[I 2026-08-20 00:38:04,008] Trial 1086 finished with value: 0.6410712001023916 and parameters: {'k1': 0.00021068950319683762, 'D_low': 9.834054983994378, 'k2': 0.051291552864684974, 'D_high': 156658.8595140718, 'fire_exp': 1.1927996455500796, 'P_half': 4622.601824367617, 'pre_dampen_half': 0.10519025279124891, 'gpp_af': 17.32156506060692, 'gpp_b': 0.007700891570272235, 'gpp_d': 0.018291924632661744, 'ign_k': 0.15037758826987926, 'ign_c': 2.1260861965031106, 'trop_agb_crit': 2.0621210382654938, 'trop_k_veg': 0.5613189507764789}. Best is trial 0 with value: -0.5989088506199346.
[I 2026-08-20 00:38:05,416] Trial 1087 finished with value: 0.5337326215582557 and parameters: {'k1': 0.014796897169122804, 'D_low': 10.808202565425411, 'k2': 0.014812287504937231, 'D_high': 2030712.7171524428, 'fire_exp': 6.559396417464336, 'P_half': 12.374835533704749, 'pre_dampen_half': 2.769394908776314, 'gpp_af': 3.202414937663701, 'gpp_b': 1.2966249316080624e-05, 'gpp_d': 0.6929208545908152, 'ign_k': 2.727154271938853, 'ign_c': 0.3071160460557497, 'trop_agb_crit': 3.7825858572838955, 'trop_k_veg': 5.544098456647785}. Best is trial 0 with value: -0.5989088506199346.
[I 2026-08-20 00:38:06,805] Trial 1088 finished with value: 0.41919285352647484 and parameters: {'k1': 0.01657138267910974, 'D_low': 58.65631218138657, 'k2': 0.009259575980901309, 'D_high': 307086.0740929216, 'fire_exp': 2.5914921004191154, 'P_half': 73.78122028627769, 'pre_dampen_half': 21.770400358837435, 'gpp_af': 0.026470752919568234, 'gpp_b': 0.0001714289550697801, 'gpp_d': 32.33845668604656, 'ign_k': 1.449611555698647, 'ign_c': 0.49017981656942905, 'trop_agb_crit': 6.816189863504544, 'trop_k_veg': 1.709159998896812}. Best is trial 0 with value: -0.5989088506199346.
[I 2026-08-20 00:38:08,150] Trial 1089 finished with value: -0.5579411424868485 and parameters: {'k1': 0.0009724512245613302, 'D_low': 4.513205795329034, 'k2': 0.00011999828439101239, 'D_high': 176297.79805220495, 'fire_exp': 2.3382588374987923, 'P_half': 1.4835971729166808, 'pre_dampen_half': 2.0328698126800453, 'gpp_af': 3.1444908200957546, 'gpp_b': 0.006505854052056462, 'gpp_d': 110.19871875385336, 'ign_k': 0.140359924972352, 'ign_c': 1.309831716550641, 'trop_agb_crit': 1.4069512196995169, 'trop_k_veg': 2.7404954716062404}. Best is trial 0 with value: -0.5989088506199346.
[I 2026-08-20 00:38:09,531] Trial 1090 finished with value: 0.5727937397073262 and parameters: {'k1': 0.001045275910183166, 'D_low': 6749.812796015471, 'k2': 0.00030366960666184116, 'D_high': 2969630.925592426, 'fire_exp': 1.2510026061291628, 'P_half': 2907.1507879660235, 'pre_dampen_half': 2.5683995178017134, 'gpp_af': 0.00786571219334513, 'gpp_b': 0.0010525268922219773, 'gpp_d': 3.5630740273748596, 'ign_k': 2.370620456886038, 'ign_c': 21.851995005367797, 'trop_agb_crit': 26.606509297418228, 'trop_k_veg': 2.522034295246673}. Best is trial 0 with value: -0.5989088506199346.
[I 2026-08-20 00:38:10,854] Trial 1091 finished with value: 0.46833191307992283 and parameters: {'k1': 0.0001540761312619625, 'D_low': 123.98328405248668, 'k2': 1.8404977326276052e-05, 'D_high': 3377069.2920008204, 'fire_exp': 1.5111099586536345, 'P_half': 7.83057410576493, 'pre_dampen_half': 3.4381453926973164, 'gpp_af': 0.0023866838259317073, 'gpp_b': 0.000517871976527126, 'gpp_d': 1.940768168719731, 'ign_k': 0.21450075657864806, 'ign_c': 3.2921534238604964, 'trop_agb_crit': 1.7272713415633325, 'trop_k_veg': 7.302753661225964}. Best is trial 0 with value: -0.5989088506199346.
[I 2026-08-20 00:38:12,216] Trial 1092 finished with value: 0.6445374145881376 and parameters: {'k1': 9.281857408654542e-05, 'D_low': 240487.45912486335, 'k2': 0.00010286902747902773, 'D_high': 6433652.799888266, 'fire_exp': 7.895844609042211, 'P_half': 198.09783312609053, 'pre_dampen_half': 8.501641379562459, 'gpp_af': 0.011828502530507256, 'gpp_b': 3.3581302599869787, 'gpp_d': 0.6283702187911334, 'ign_k': 0.002047071684296722, 'ign_c': 0.3174488215278555, 'trop_agb_crit': 9.841305689238958, 'trop_k_veg': 0.9437243931709592}. Best is trial 0 with value: -0.5989088506199346.
