[I 2026-08-20 00:49:28,621] Trial 1216 finished with value: 0.5324252638750576 and parameters: {'k1': 0.0001823232150045355, 'D_low': 11.844867744696348, 'k2': 0.04883656528847986, 'D_high': 3716114.4463027953, 'fire_exp': 1.8577396052706971, 'P_half': 46.024059670139344, 'pre_dampen_half': 1.8038315253515902, 'gpp_af': 0.01490629524162518, 'gpp_b': 0.020352241205809068, 'gpp_d': 8.266556994426582, 'ign_k': 0.006992179452225019, 'ign_c': 9.295945412788669, 'trop_agb_crit': 13.683056490363269, 'trop_k_veg': 0.7555860142808698, 'pop_amp': 12.149623587737382, 'pop_peak': 96.1058736116773, 'pop_sig': 0.9992693121771157}. Best is trial 1128 with value: -0.620386984093161.
[I 2026-08-20 00:49:30,426] Trial 1217 finished with value: -0.6030538669515214 and parameters: {'k1': 0.0014875342343680952, 'D_low': 636.8549611724053, 'k2': 0.00805704441402682, 'D_high': 1676417.1678222108, 'fire_exp': 3.464536951144263, 'P_half': 647.4864258166431, 'pre_dampen_half': 37.65448859418748, 'gpp_af': 0.4618707867560243, 'gpp_b': 0.002458127514217524, 'gpp_d': 183.27253306929381, 'ign_k': 0.3099586120246707, 'ign_c': 0.10480060847630736, 'trop_agb_crit': 7.95769034482901, 'trop_k_veg': 4.380704588493082, 'pop_amp': 7.270658337373006, 'pop_peak': 0.2029706895900178, 'pop_sig': 1.1297377490408407}. Best is trial 1128 with value: -0.620386984093161.
[I 2026-08-20 00:49:32,545] Trial 1218 finished with value: 0.6572506976157069 and parameters: {'k1': 0.003784767622753925, 'D_low': 71455.14459907671, 'k2': 0.002131116374293278, 'D_high': 5000594.984268063, 'fire_exp': 4.604027075987806, 'P_half': 8.284340876058101, 'pre_dampen_half': 10.747333081416036, 'gpp_af': 0.2616948377686064, 'gpp_b': 0.057908932396148444, 'gpp_d': 9.630931292600614, 'ign_k': 2.2194131785863584, 'ign_c': 32.63040868790872, 'trop_agb_crit': 14.984253771073016, 'trop_k_veg': 3.5731017215292673, 'pop_amp': 0.009358585688139767, 'pop_peak': 0.18412578448476596, 'pop_sig': 1.5190177348424236}. Best is trial 1128 with value: -0.620386984093161.
[I 2026-08-20 00:49:34,355] Trial 1219 finished with value: 0.4372555238108522 and parameters: {'k1': 0.00041631320364426933, 'D_low': 260.016206014723, 'k2': 0.004038615228797969, 'D_high': 9366936.161383808, 'fire_exp': 3.3442627443271804, 'P_half': 2088.5304051642324, 'pre_dampen_half': 591.8243817954814, 'gpp_af': 0.7556785738494861, 'gpp_b': 0.00012288175333630326, 'gpp_d': 52.91058764952577, 'ign_k': 0.851018778664183, 'ign_c': 3.6625399710515314, 'trop_agb_crit': 5.825748758842766, 'trop_k_veg': 4.476680668584235, 'pop_amp': 13.143114643487353, 'pop_peak': 0.46673826568729293, 'pop_sig': 2.2051540897464927}. Best is trial 1128 with value: -0.620386984093161.
[I 2026-08-20 00:49:36,112] Trial 1220 finished with value: 0.5350459619538854 and parameters: {'k1': 0.009804803613216229, 'D_low': 24.475500689148365, 'k2': 0.0005026077921252974, 'D_high': 360485.23815413885, 'fire_exp': 2.3616791832670825, 'P_half': 398.3144858376785, 'pre_dampen_half': 4.645469816053137, 'gpp_af': 0.008046142564544105, 'gpp_b': 0.00014791928471530512, 'gpp_d': 114.61675049963584, 'ign_k': 0.44907830808538557, 'ign_c': 22.144850014260825, 'trop_agb_crit': 13.61449852631191, 'trop_k_veg': 3.9835647289841245, 'pop_amp': 0.03649949705550238, 'pop_peak': 0.47939493253307097, 'pop_sig': 1.1666250100261457}. Best is trial 1128 with value: -0.620386984093161.
[I 2026-08-20 00:49:37,948] Trial 1221 finished with value: 0.5088787033549746 and parameters: {'k1': 0.0009971283079093151, 'D_low': 378.06181867161007, 'k2': 0.0008306183599002021, 'D_high': 555258.3351094027, 'fire_exp': 3.713535590167442, 'P_half': 6.263814836593084, 'pre_dampen_half': 1.099515120674893, 'gpp_af': 0.0021289310009239234, 'gpp_b': 0.0002490488886104838, 'gpp_d': 488.01932406773636, 'ign_k': 0.9785404151356365, 'ign_c': 6.565018730058283, 'trop_agb_crit': 7.559052721678536, 'trop_k_veg': 4.555965231591942, 'pop_amp': 0.0018460694739713549, 'pop_peak': 1.2017789900914155, 'pop_sig': 0.5638193028284005}. Best is trial 1128 with value: -0.620386984093161.
[I 2026-08-20 00:49:39,753] Trial 1222 finished with value: 0.5379199205307191 and parameters: {'k1': 0.0011276654586982841, 'D_low': 32258.95521967185, 'k2': 1.8274619612795237e-05, 'D_high': 1482844.474933033, 'fire_exp': 1.8297083203313114, 'P_half': 60.37115457584865, 'pre_dampen_half': 4.9995247941183525, 'gpp_af': 0.03057075535239957, 'gpp_b': 0.0001789733169165798, 'gpp_d': 2.5834127455677836, 'ign_k': 5.378718631336906, 'ign_c': 24.747981911928235, 'trop_agb_crit': 15.683970651737821, 'trop_k_veg': 3.4860934259641136, 'pop_amp': 0.0015123400570952483, 'pop_peak': 124.99797828723595, 'pop_sig': 0.7394915258826373}. Best is trial 1128 with value: -0.620386984093161.
[I 2026-08-20 00:49:41,549] Trial 1223 finished with value: 0.4761294244238541 and parameters: {'k1': 0.02264476355843612, 'D_low': 953.4442751429921, 'k2': 0.0022057805629847596, 'D_high': 5431994.397209791, 'fire_exp': 4.2945127491262705, 'P_half': 115.0891221434495, 'pre_dampen_half': 4.503669218693324, 'gpp_af': 1.6934656812407625, 'gpp_b': 0.0014346396459784742, 'gpp_d': 111.08126855620881, 'ign_k': 0.061670669750296295, 'ign_c': 0.14743440981682548, 'trop_agb_crit': 4.209099350463092, 'trop_k_veg': 4.43299884738831, 'pop_amp': 3.015668641935774, 'pop_peak': 0.05294876283669546, 'pop_sig': 1.3700628407288993}. Best is trial 1128 with value: -0.620386984093161.
[I 2026-08-20 00:49:43,405] Trial 1224 finished with value: 0.591403858654107 and parameters: {'k1': 0.00041266535930386855, 'D_low': 20.867681538217077, 'k2': 0.0016296255577932218, 'D_high': 5466.425274905165, 'fire_exp': 6.055430385826113, 'P_half': 11.685644916891214, 'pre_dampen_half': 13.463082481401276, 'gpp_af': 7.194058012136993, 'gpp_b': 0.0014536642821734828, 'gpp_d': 137.95473378696576, 'ign_k': 2.854789384234393, 'ign_c': 0.10726609135725332, 'trop_agb_crit': 4.685123103914136, 'trop_k_veg': 7.608891534523292, 'pop_amp': 6.313706029095913, 'pop_peak': 0.2816602383433806, 'pop_sig': 1.5344343859688687}. Best is trial 1128 with value: -0.620386984093161.
[I 2026-08-20 00:49:45,198] Trial 1225 finished with value: 0.48308455606253453 and parameters: {'k1': 0.00015493945437561885, 'D_low': 2214.546518116933, 'k2': 0.050136983259964164, 'D_high': 88276.89477377012, 'fire_exp': 1.7357513078972808, 'P_half': 16.497507667612627, 'pre_dampen_half': 2.5467180142791332, 'gpp_af': 0.0013842860160145603, 'gpp_b': 9.070488103593845e-05, 'gpp_d': 1.7820673239160012, 'ign_k': 0.8806980691973532, 'ign_c': 0.7046949366182433, 'trop_agb_crit': 1.0391216941526038, 'trop_k_veg': 3.5733926551028357, 'pop_amp': 0.003548287889216922, 'pop_peak': 0.09889145462679759, 'pop_sig': 0.768008053106769}. Best is trial 1128 with value: -0.620386984093161.
[I 2026-08-20 00:49:47,019] Trial 1226 finished with value: 0.5689991780263596 and parameters: {'k1': 0.0010024898206779447, 'D_low': 14.202366291332382, 'k2': 0.002854116874580404, 'D_high': 263690.8484660763, 'fire_exp': 1.1823450208570179, 'P_half': 7237.717110629277, 'pre_dampen_half': 0.8973249943313242, 'gpp_af': 0.0015655316835097995, 'gpp_b': 1.4126509891542546e-05, 'gpp_d': 0.27717812048305107, 'ign_k': 0.06320705128347925, 'ign_c': 9.768513933983934, 'trop_agb_crit': 2.842354230522094, 'trop_k_veg': 7.572170721002698, 'pop_amp': 0.8045045259904886, 'pop_peak': 10.845815809509753, 'pop_sig': 1.3572879049319078}. Best is trial 1128 with value: -0.620386984093161.
[I 2026-08-20 00:49:48,895] Trial 1227 finished with value: 0.5199286769921632 and parameters: {'k1': 0.0006877427670190817, 'D_low': 18.311180081092754, 'k2': 0.00022344224478080025, 'D_high': 465184.34669309156, 'fire_exp': 1.5796624282012037, 'P_half': 28.836867517115678, 'pre_dampen_half': 0.11441147478983735, 'gpp_af': 0.2204982908005343, 'gpp_b': 0.00013283618127967888, 'gpp_d': 0.05345970456540879, 'ign_k': 0.726880698977014, 'ign_c': 16.471839544822508, 'trop_agb_crit': 1.3075896115033896, 'trop_k_veg': 2.9087962358431545, 'pop_amp': 3.009345353825247, 'pop_peak': 0.4391491702449091, 'pop_sig': 0.265089248992665}. Best is trial 1128 with value: -0.620386984093161.
[I 2026-08-20 00:49:50,707] Trial 1228 finished with value: 0.6008626747562917 and parameters: {'k1': 0.0012016174878798575, 'D_low': 307.9643840265434, 'k2': 0.061914197705700065, 'D_high': 3785806.25113901, 'fire_exp': 7.494892966777237, 'P_half': 1520.1992315230325, 'pre_dampen_half': 10.068623272478469, 'gpp_af': 0.03452429417377693, 'gpp_b': 0.014316653593186962, 'gpp_d': 339.30674539598556, 'ign_k': 0.42270269430390384, 'ign_c': 0.4727605409338472, 'trop_agb_crit': 7.43591428198775, 'trop_k_veg': 3.2418220516565417, 'pop_amp': 0.5797718183327932, 'pop_peak': 0.4149079649684739, 'pop_sig': 0.9052080720483612}. Best is trial 1128 with value: -0.620386984093161.
[I 2026-08-20 00:49:52,887] Trial 1229 finished with value: 0.603917001121234 and parameters: {'k1': 0.07047982037907076, 'D_low': 2.517298757341566, 'k2': 0.00341386013763043, 'D_high': 114239.33145870898, 'fire_exp': 1.0727086424001897, 'P_half': 353.3025031412812, 'pre_dampen_half': 9.730508437061552, 'gpp_af': 0.0011774141710169234, 'gpp_b': 1.0740974860679032e-05, 'gpp_d': 0.6043274587882496, 'ign_k': 0.24148583124705936, 'ign_c': 139.47814975048018, 'trop_agb_crit': 2.6258140686835345, 'trop_k_veg': 4.692940340424403, 'pop_amp': 6.529325668862728, 'pop_peak': 14.251320238697984, 'pop_sig': 1.3076618506819695}. Best is trial 1128 with value: -0.620386984093161.
[I 2026-08-20 00:49:54,734] Trial 1230 finished with value: 0.608431022972905 and parameters: {'k1': 0.0015924392026829932, 'D_low': 11201.89042250027, 'k2': 0.004591886089702363, 'D_high': 4317755.768080869, 'fire_exp': 3.552733012877572, 'P_half': 4565.9470862644675, 'pre_dampen_half': 192.79459360062037, 'gpp_af': 4.86697503886142, 'gpp_b': 0.0003733309608583053, 'gpp_d': 480.4786187336405, 'ign_k': 0.015410652096420525, 'ign_c': 0.9771444514226545, 'trop_agb_crit': 2.630230841626855, 'trop_k_veg': 5.247469680969699, 'pop_amp': 12.421279633151563, 'pop_peak': 0.30335192738063643, 'pop_sig': 0.7798530348495764}. Best is trial 1128 with value: -0.620386984093161.
[I 2026-08-20 00:49:56,518] Trial 1231 finished with value: 0.5156838264630934 and parameters: {'k1': 0.0002833280776913735, 'D_low': 108.00875742675694, 'k2': 0.009890957169703306, 'D_high': 2414422.1655838545, 'fire_exp': 1.9723309752188858, 'P_half': 153.4219488848085, 'pre_dampen_half': 305.47033095863367, 'gpp_af': 0.012301935753226868, 'gpp_b': 0.0001221661928127882, 'gpp_d': 772.5184267459954, 'ign_k': 0.30245479694396726, 'ign_c': 0.1539590008067955, 'trop_agb_crit': 18.2167170566439, 'trop_k_veg': 5.136581303128665, 'pop_amp': 1.3583675581671242, 'pop_peak': 0.17129043842224215, 'pop_sig': 1.5205854972055843}. Best is trial 1128 with value: -0.620386984093161.
[I 2026-08-20 00:49:58,335] Trial 1232 finished with value: 0.5230947283001386 and parameters: {'k1': 0.0001366069449418054, 'D_low': 90.54848801363138, 'k2': 0.0012831506726335778, 'D_high': 1262687.7390938047, 'fire_exp': 3.46115926275951, 'P_half': 128.07706828190774, 'pre_dampen_half': 0.8581582379417285, 'gpp_af': 1.3522936972539117, 'gpp_b': 0.0047659815188348, 'gpp_d': 24.953214334749077, 'ign_k': 0.3841042737847176, 'ign_c': 0.13821266877299557, 'trop_agb_crit': 5.614697335359782, 'trop_k_veg': 5.328007145408877, 'pop_amp': 1.090207643029113, 'pop_peak': 0.20037744637027083, 'pop_sig': 0.6581262448619009}. Best is trial 1128 with value: -0.620386984093161.
[I 2026-08-20 00:50:00,138] Trial 1233 finished with value: -0.5937683919307158 and parameters: {'k1': 3.195533053232229e-05, 'D_low': 28.20875943587042, 'k2': 0.02940365279019609, 'D_high': 941821.7071244547, 'fire_exp': 1.625226930736456, 'P_half': 1190.5554555351453, 'pre_dampen_half': 5.956592920318285, 'gpp_af': 0.016967613265260063, 'gpp_b': 0.0016732818775165219, 'gpp_d': 0.3505368677120175, 'ign_k': 7.165987639147496, 'ign_c': 0.12578090527880348, 'trop_agb_crit': 2.0115797374560342, 'trop_k_veg': 6.533477017058931, 'pop_amp': 6.245449032080804, 'pop_peak': 1.6995322279218767, 'pop_sig': 2.389411200462077}. Best is trial 1128 with value: -0.620386984093161.
[I 2026-08-20 00:50:01,981] Trial 1234 finished with value: 0.6756308058599805 and parameters: {'k1': 0.0006796521946737992, 'D_low': 2131.881742511887, 'k2': 0.01501097413024029, 'D_high': 191229.74248737458, 'fire_exp': 2.5936449435663165, 'P_half': 207.94687119803257, 'pre_dampen_half': 225.29303633144977, 'gpp_af': 7.994814600067541, 'gpp_b': 0.00016341404894789892, 'gpp_d': 85.26357158797256, 'ign_k': 0.5606540767208079, 'ign_c': 0.11940163095972668, 'trop_agb_crit': 15.312805460632317, 'trop_k_veg': 5.897159949852253, 'pop_amp': 6.969054969466907, 'pop_peak': 0.17470739417975437, 'pop_sig': 1.6330808647041022}. Best is trial 1128 with value: -0.620386984093161.
[I 2026-08-20 00:50:03,792] Trial 1235 finished with value: 0.46905713270593286 and parameters: {'k1': 0.0001212871555547226, 'D_low': 8.671172698352741, 'k2': 0.09585664491981534, 'D_high': 3144777.2628657585, 'fire_exp': 2.2469186909317456, 'P_half': 1967.8549744841912, 'pre_dampen_half': 4.535280203431031, 'gpp_af': 0.006629300420027201, 'gpp_b': 0.0013966802016321246, 'gpp_d': 0.14036870700535967, 'ign_k': 0.4903920620666636, 'ign_c': 0.3908149987814709, 'trop_agb_crit': 2.0006049297297737, 'trop_k_veg': 5.3937671932472675, 'pop_amp': 17.69434857416848, 'pop_peak': 2.042832504864042, 'pop_sig': 1.1400230946196435}. Best is trial 1128 with value: -0.620386984093161.
[I 2026-08-20 00:50:05,597] Trial 1236 finished with value: 0.5571719294027545 and parameters: {'k1': 2.095709300806443e-05, 'D_low': 66.54025528491646, 'k2': 0.003584661539625545, 'D_high': 58370.95261525921, 'fire_exp': 1.060541817293897, 'P_half': 522.9885217454083, 'pre_dampen_half': 11.080668792510394, 'gpp_af': 0.004046823326487255, 'gpp_b': 0.007528097933367641, 'gpp_d': 0.12273453676479376, 'ign_k': 5.438713421998861, 'ign_c': 0.33789879499827474, 'trop_agb_crit': 2.9789676067180415, 'trop_k_veg': 4.385520906639786, 'pop_amp': 12.904492772180777, 'pop_peak': 0.21243841632654825, 'pop_sig': 2.3741417062708026}. Best is trial 1128 with value: -0.620386984093161.
[I 2026-08-20 00:50:07,412] Trial 1237 finished with value: 0.4609196234914441 and parameters: {'k1': 0.00040720583383586494, 'D_low': 8.554857442078887, 'k2': 0.05760114503238628, 'D_high': 419854.03429990844, 'fire_exp': 1.3840872090049066, 'P_half': 169.24236803799087, 'pre_dampen_half': 0.9818085145689633, 'gpp_af': 0.08835862252944823, 'gpp_b': 0.0013818296160665535, 'gpp_d': 0.4736678169340872, 'ign_k': 1.0934356061487986, 'ign_c': 0.13962382388552366, 'trop_agb_crit': 1.1614924109330602, 'trop_k_veg': 3.1924995537115155, 'pop_amp': 0.10682090682612111, 'pop_peak': 0.5597100211524231, 'pop_sig': 2.333142890933821}. Best is trial 1128 with value: -0.620386984093161.
[I 2026-08-20 00:50:09,294] Trial 1238 finished with value: 0.46764241115903604 and parameters: {'k1': 0.006271955362705114, 'D_low': 85.11486205785415, 'k2': 0.000839452851753372, 'D_high': 120600.68749399297, 'fire_exp': 4.389754668422996, 'P_half': 65.29081229061754, 'pre_dampen_half': 3.794287073257313, 'gpp_af': 0.089783074727868, 'gpp_b': 4.001651122286989e-05, 'gpp_d': 899.7389896803028, 'ign_k': 2.0281021273308246, 'ign_c': 16.69350602100184, 'trop_agb_crit': 7.945470400658332, 'trop_k_veg': 1.9433898535049163, 'pop_amp': 0.005941276415042305, 'pop_peak': 0.20684957711624008, 'pop_sig': 1.172073454908871}. Best is trial 1128 with value: -0.620386984093161.
[I 2026-08-20 00:50:11,096] Trial 1239 finished with value: 0.6445374145881376 and parameters: {'k1': 0.0005347271003504189, 'D_low': 1.424761544492807, 'k2': 9.003439884408533e-05, 'D_high': 1506474.3750211087, 'fire_exp': 1.3928967511773025, 'P_half': 43.71921889953631, 'pre_dampen_half': 0.9939015729730394, 'gpp_af': 0.0050381708129232546, 'gpp_b': 0.002531519490352721, 'gpp_d': 0.4178219235943045, 'ign_k': 2.548810366803712, 'ign_c': 130.39994355659374, 'trop_agb_crit': 2.3075605147994107, 'trop_k_veg': 4.062821676319065, 'pop_amp': 1.9068241878974912, 'pop_peak': 0.06287537198879974, 'pop_sig': 0.363939780370299}. Best is trial 1128 with value: -0.620386984093161.
[I 2026-08-20 00:50:13,243] Trial 1240 finished with value: 0.5929197515222706 and parameters: {'k1': 0.0022602232795788627, 'D_low': 6.951429015762969, 'k2': 0.0006002703899480048, 'D_high': 32119.567442367825, 'fire_exp': 1.5370250740262752, 'P_half': 68.28830234403802, 'pre_dampen_half': 15.48256159627873, 'gpp_af': 0.10905553543960175, 'gpp_b': 0.00024130667327251532, 'gpp_d': 0.024290449970304093, 'ign_k': 1.3967249830739392, 'ign_c': 21.90053773736609, 'trop_agb_crit': 1.3107982947787549, 'trop_k_veg': 1.5529069080063382, 'pop_amp': 0.19252190543789183, 'pop_peak': 0.07900188127520841, 'pop_sig': 0.5478608030927699}. Best is trial 1128 with value: -0.620386984093161.
[I 2026-08-20 00:50:15,078] Trial 1241 finished with value: 0.40321782510778514 and parameters: {'k1': 1.822676572469553e-05, 'D_low': 24.74062755765584, 'k2': 0.01957032518616791, 'D_high': 275435.4485771285, 'fire_exp': 1.4558261140029278, 'P_half': 407.88838347104956, 'pre_dampen_half': 3.850693770941464, 'gpp_af': 0.010048219017543278, 'gpp_b': 0.0003053743503074121, 'gpp_d': 0.11445674645904905, 'ign_k': 0.5001231500355316, 'ign_c': 0.10082933954502185, 'trop_agb_crit': 1.206384486827163, 'trop_k_veg': 4.350503205492058, 'pop_amp': 3.175870824739675, 'pop_peak': 56.220595598739116, 'pop_sig': 1.910344883149449}. Best is trial 1128 with value: -0.620386984093161.
[I 2026-08-20 00:50:16,929] Trial 1242 finished with value: 0.6552647468741054 and parameters: {'k1': 0.006680282275396113, 'D_low': 164.06803438550605, 'k2': 0.0001435976902466563, 'D_high': 6387289.088846722, 'fire_exp': 3.906599871210299, 'P_half': 16.83344168919832, 'pre_dampen_half': 65.7673157608486, 'gpp_af': 0.007212205188132422, 'gpp_b': 2.6182721437212376e-05, 'gpp_d': 984.8816416153903, 'ign_k': 0.8595021006197491, 'ign_c': 39.24595617515121, 'trop_agb_crit': 10.01044488989814, 'trop_k_veg': 3.5808139889226576, 'pop_amp': 0.010739814612748389, 'pop_peak': 62.87176579482221, 'pop_sig': 1.3204434726255367}. Best is trial 1128 with value: -0.620386984093161.
[I 2026-08-20 00:50:18,884] Trial 1243 finished with value: 0.5319750309169868 and parameters: {'k1': 0.00019413971906696197, 'D_low': 2542.5658695381153, 'k2': 0.0006364640807273627, 'D_high': 8111243.037115881, 'fire_exp': 4.040116803500545, 'P_half': 317.4177089684808, 'pre_dampen_half': 322.6210091512092, 'gpp_af': 0.018755081426975413, 'gpp_b': 0.0010008934339911127, 'gpp_d': 99.27712130793135, 'ign_k': 8.880395387122368, 'ign_c': 8.569040179348029, 'trop_agb_crit': 12.823455148544765, 'trop_k_veg': 0.9068274848253322, 'pop_amp': 0.2835243202176587, 'pop_peak': 0.16921874690434277, 'pop_sig': 0.550668798544963}. Best is trial 1128 with value: -0.620386984093161.
[I 2026-08-20 00:50:20,776] Trial 1244 finished with value: 0.5912739848991692 and parameters: {'k1': 0.0034174096294351027, 'D_low': 773.3023213159065, 'k2': 0.01360408614960061, 'D_high': 61568.978337718996, 'fire_exp': 7.028795877975617, 'P_half': 8684.078008732711, 'pre_dampen_half': 51.02413835303883, 'gpp_af': 0.4714963222376889, 'gpp_b': 0.0009745316556252483, 'gpp_d': 522.8736600264359, 'ign_k': 0.11224699210355465, 'ign_c': 0.12199895286437959, 'trop_agb_crit': 12.076039607831474, 'trop_k_veg': 5.7316387405075435, 'pop_amp': 1.0954410916418096, 'pop_peak': 0.2701740221329704, 'pop_sig': 1.1523798249255397}. Best is trial 1128 with value: -0.620386984093161.
[I 2026-08-20 00:50:22,586] Trial 1245 finished with value: 0.4992737247189819 and parameters: {'k1': 0.0005958278938420047, 'D_low': 20311.836775257565, 'k2': 0.004318541324432603, 'D_high': 491827.02499131154, 'fire_exp': 3.4838278602912083, 'P_half': 38.59635347478263, 'pre_dampen_half': 4.079604116557063, 'gpp_af': 0.14054485122911697, 'gpp_b': 0.027711272808950634, 'gpp_d': 59.14168138579745, 'ign_k': 0.10679652061616199, 'ign_c': 0.17255374630484002, 'trop_agb_crit': 11.039485017066161, 'trop_k_veg': 4.615806286230674, 'pop_amp': 15.75888372263937, 'pop_peak': 0.08787121412384717, 'pop_sig': 0.956516652775062}. Best is trial 1128 with value: -0.620386984093161.
[I 2026-08-20 00:50:24,433] Trial 1246 finished with value: 0.5356651234430639 and parameters: {'k1': 0.002226792880621488, 'D_low': 117.17865461259808, 'k2': 0.01641803526778484, 'D_high': 236651.59868784808, 'fire_exp': 2.8324202363278768, 'P_half': 590.2602785617037, 'pre_dampen_half': 13.259084240028592, 'gpp_af': 17.93077613563588, 'gpp_b': 0.0006456447113779484, 'gpp_d': 9.826064891473164, 'ign_k': 0.152210288596655, 'ign_c': 0.22452448672590483, 'trop_agb_crit': 3.943072405715849, 'trop_k_veg': 5.247916841153535, 'pop_amp': 1.897261072192816, 'pop_peak': 5.098747649649857, 'pop_sig': 1.6491543102814492}. Best is trial 1128 with value: -0.620386984093161.
[I 2026-08-20 00:50:26,313] Trial 1247 finished with value: 0.582623658089011 and parameters: {'k1': 0.0001494705196657462, 'D_low': 2289.501966106286, 'k2': 0.0032425692634199927, 'D_high': 2811494.1759753106, 'fire_exp': 2.4436965163101947, 'P_half': 3942.6386476541657, 'pre_dampen_half': 110.75262820619594, 'gpp_af': 0.3717498105048555, 'gpp_b': 0.0035221881021342697, 'gpp_d': 81.55699034713213, 'ign_k': 0.6689064236839689, 'ign_c': 0.6182910769431305, 'trop_agb_crit': 6.350458069714143, 'trop_k_veg': 4.704067434031339, 'pop_amp': 1.6484346107768744, 'pop_peak': 1.1686753844645852, 'pop_sig': 0.8035076450175148}. Best is trial 1128 with value: -0.620386984093161.
