[I 2026-08-06 10:13:11,052] Trial 117 finished with values: [10.768816157499671, 10.768816157499671] and parameters: {'k1': 0.07537201787998425, 'D_low': 5.6556775246185085, 'k2': 0.0032930213963426706, 'D_high': 259.06510073644523, 'fire_exp': 3.83403534181858, 'P_half': 2.0461550877877857, 'pre_dampen_half': 8.347790852520644, 'gpp_af': 85.32056493640629, 'gpp_b': 1.873606058421592e-05, 'gpp_d': 4.79161407246161, 'ign_k': 0.017302564033031168, 'ign_c': 1.228087486213536, 'trop_agb_crit': 4.710426964286611, 'trop_k_veg': 0.7848385206902946}.
[I 2026-08-06 10:13:12,227] Trial 118 finished with values: [10.769229657442484, 10.769229657442484] and parameters: {'k1': 0.035346441441965824, 'D_low': 1316.7465326936142, 'k2': 0.0036993598999597497, 'D_high': 39.780451630530095, 'fire_exp': 1.450870712623418, 'P_half': 3928.4095134792283, 'pre_dampen_half': 10.768254179081206, 'gpp_af': 1.6059727222314273, 'gpp_b': 1.2892705405728861e-05, 'gpp_d': 5.1715677287580455, 'ign_k': 0.001047722656409829, 'ign_c': 0.4397766894483963, 'trop_agb_crit': 6.464669746492398, 'trop_k_veg': 6.2065960186008615}.
[I 2026-08-06 10:13:13,436] Trial 119 finished with values: [10.769230768838547, 10.769230768838547] and parameters: {'k1': 1.5167330688076188e-05, 'D_low': 37.35862630812753, 'k2': 0.00035868164986275477, 'D_high': 121.72958098369969, 'fire_exp': 6.741204610702761, 'P_half': 26.7308831078167, 'pre_dampen_half': 0.2539057572102413, 'gpp_af': 0.29012721497386246, 'gpp_b': 7.007213496896404e-05, 'gpp_d': 40.950628944766926, 'ign_k': 0.013276678836047658, 'ign_c': 886.2326508576241, 'trop_agb_crit': 13.826083091896752, 'trop_k_veg': 0.8170196702261714}.
[I 2026-08-06 10:13:14,601] Trial 120 finished with values: [10.769230768838547, 10.769230768838547] and parameters: {'k1': 0.04541457206426165, 'D_low': 125.61043700013555, 'k2': 0.00025255166452944054, 'D_high': 146.1896279370497, 'fire_exp': 4.091220574443785, 'P_half': 3.6138942712165267, 'pre_dampen_half': 0.2888838362365318, 'gpp_af': 0.0038793182938363898, 'gpp_b': 0.012132126638791128, 'gpp_d': 82.84476373292449, 'ign_k': 0.006290644294586149, 'ign_c': 20.2332618520664, 'trop_agb_crit': 7.500118950416987, 'trop_k_veg': 6.955154171468271}.
[I 2026-08-06 10:13:15,807] Trial 121 finished with values: [10.76922708201408, 10.76922708201408] and parameters: {'k1': 0.016780508579130986, 'D_low': 984.098934375832, 'k2': 5.471218729342035e-05, 'D_high': 91167.68553735342, 'fire_exp': 2.100650708889295, 'P_half': 1735.792403594532, 'pre_dampen_half': 0.1875872314533727, 'gpp_af': 2.555721998081808, 'gpp_b': 0.0004408910919257112, 'gpp_d': 54.620376657085984, 'ign_k': 0.1647069822172432, 'ign_c': 4.439802552990464, 'trop_agb_crit': 11.316283925181681, 'trop_k_veg': 5.982827017670783}.
[I 2026-08-06 10:13:17,043] Trial 122 finished with values: [10.769230768838547, 10.769230768838547] and parameters: {'k1': 3.0376902301221646e-05, 'D_low': 1812.5870836716226, 'k2': 6.688594595986188e-05, 'D_high': 1236.6924205139144, 'fire_exp': 3.187258374159921, 'P_half': 577.536337635295, 'pre_dampen_half': 18.075983730158487, 'gpp_af': 12.10590321196177, 'gpp_b': 0.0585332093505296, 'gpp_d': 0.7668707039273328, 'ign_k': 3.1211489608802356, 'ign_c': 482.49142811802585, 'trop_agb_crit': 1.2308908766048772, 'trop_k_veg': 1.0773676061600252}.
[I 2026-08-06 10:13:18,233] Trial 123 finished with values: [10.594138343540951, 10.594138343540951] and parameters: {'k1': 0.008287522363768155, 'D_low': 7.299348683062307, 'k2': 0.003101429427212743, 'D_high': 21.947742689197344, 'fire_exp': 1.1263716762638152, 'P_half': 712.8188058401365, 'pre_dampen_half': 63.6685916079943, 'gpp_af': 0.6403036652671171, 'gpp_b': 0.22727308251068193, 'gpp_d': 757.2868182332339, 'ign_k': 0.12329098365270515, 'ign_c': 1.9580595319750387, 'trop_agb_crit': 1.0903028125370984, 'trop_k_veg': 4.989748894578724}.
[I 2026-08-06 10:13:19,436] Trial 124 finished with values: [10.76824727406055, 10.76824727406055] and parameters: {'k1': 0.004053638704742309, 'D_low': 355.00125258511594, 'k2': 0.03538758864779238, 'D_high': 774.2116473996249, 'fire_exp': 2.1154350616377124, 'P_half': 968.2012086882471, 'pre_dampen_half': 63.6685916079943, 'gpp_af': 17.624510039685536, 'gpp_b': 0.42247700890263645, 'gpp_d': 2.944272359149677, 'ign_k': 0.12329098365270515, 'ign_c': 5.13055176058983, 'trop_agb_crit': 2.4645410377327237, 'trop_k_veg': 0.6743482387129308}.
[I 2026-08-06 10:13:20,623] Trial 125 finished with values: [10.769230768838547, 10.769230768838547] and parameters: {'k1': 3.5917714215176105e-05, 'D_low': 3.4487261314487374, 'k2': 1.7926680648388784e-05, 'D_high': 91167.68553735342, 'fire_exp': 2.100650708889295, 'P_half': 78.6767770625783, 'pre_dampen_half': 0.1875872314533727, 'gpp_af': 0.010767288724535778, 'gpp_b': 0.36422282566934233, 'gpp_d': 9.510288748158525, 'ign_k': 0.07696703458159235, 'ign_c': 1.3012518385211496, 'trop_agb_crit': 3.275825291386224, 'trop_k_veg': 6.5801322358877785}.
[I 2026-08-06 10:13:22,509] Trial 126 finished with values: [10.748466843143865, 10.748466843143865] and parameters: {'k1': 0.00031134168041628584, 'D_low': 12.105387404469584, 'k2': 1.1065812688893481e-05, 'D_high': 431.45617043093523, 'fire_exp': 1.0601964743503993, 'P_half': 4.213183643253957, 'pre_dampen_half': 0.2888838362365318, 'gpp_af': 1.9706963379095486, 'gpp_b': 0.0054502936945582505, 'gpp_d': 84.31013932082456, 'ign_k': 0.0035281132746849977, 'ign_c': 11.400863701127316, 'trop_agb_crit': 7.500118950416987, 'trop_k_veg': 0.6673124511410327}.
[I 2026-08-06 10:13:23,930] Trial 127 finished with values: [10.769230666866942, 10.769230666866942] and parameters: {'k1': 0.035346441441965824, 'D_low': 3.4487261314487374, 'k2': 1.7926680648388784e-05, 'D_high': 21.705003488711135, 'fire_exp': 1.450870712623418, 'P_half': 1735.792403594532, 'pre_dampen_half': 10.768254179081206, 'gpp_af': 0.001111693990724459, 'gpp_b': 2.512533442757689, 'gpp_d': 9.510288748158525, 'ign_k': 0.001047722656409829, 'ign_c': 4.439802552990464, 'trop_agb_crit': 3.275825291386224, 'trop_k_veg': 3.4048253345625987}.
[I 2026-08-06 10:13:25,245] Trial 128 finished with values: [10.667999733998448, 10.667999733998448] and parameters: {'k1': 0.00488137519160367, 'D_low': 40.12413353131991, 'k2': 8.923807143379776e-05, 'D_high': 8182.111518618414, 'fire_exp': 1.423480109671474, 'P_half': 221.2683656611821, 'pre_dampen_half': 3.3841016089580034, 'gpp_af': 1.5386842469144075, 'gpp_b': 3.481277316673104e-05, 'gpp_d': 150.14555442537656, 'ign_k': 0.019192001101561888, 'ign_c': 0.557280750002996, 'trop_agb_crit': 10.691477813613638, 'trop_k_veg': 1.0594599158279707}.
[I 2026-08-06 10:13:26,546] Trial 129 finished with values: [-0.4589233413906501, 0.15277558158041937] and parameters: {'k1': 0.012021930484915042, 'D_low': 7.299348683062307, 'k2': 0.0003432139136241583, 'D_high': 1493.5213816355397, 'fire_exp': 1.1263716762638152, 'P_half': 314.0161493033586, 'pre_dampen_half': 234.12640025944248, 'gpp_af': 1.6059727222314273, 'gpp_b': 0.14577755664212386, 'gpp_d': 757.2868182332339, 'ign_k': 0.0036065195493704487, 'ign_c': 1.9580595319750387, 'trop_agb_crit': 7.628718523810018, 'trop_k_veg': 2.194427136482602}.
[I 2026-08-06 10:13:28,065] Trial 130 finished with values: [10.601272214642936, 10.601272214642936] and parameters: {'k1': 1.4002277211577026e-05, 'D_low': 252.38726750780188, 'k2': 0.003101429427212743, 'D_high': 1236.6924205139144, 'fire_exp': 1.1263716762638152, 'P_half': 65.03622711342449, 'pre_dampen_half': 502.5175192217655, 'gpp_af': 0.15988721385117122, 'gpp_b': 0.00431329787498825, 'gpp_d': 21.14381609520636, 'ign_k': 0.07091190338709638, 'ign_c': 1.9580595319750387, 'trop_agb_crit': 14.948114979829949, 'trop_k_veg': 1.0594599158279707}.
[I 2026-08-06 10:13:29,272] Trial 131 finished with values: [10.766116357494806, 10.766116357494806] and parameters: {'k1': 0.00031134168041628584, 'D_low': 1228.2126524008484, 'k2': 7.914423612155373e-05, 'D_high': 645.2946500764235, 'fire_exp': 1.0601964743503993, 'P_half': 4.213183643253957, 'pre_dampen_half': 3.103407916899917, 'gpp_af': 0.10409127568994281, 'gpp_b': 1.4540386644083135e-05, 'gpp_d': 0.6485888757042115, 'ign_k': 0.21006485619596416, 'ign_c': 33.81093273170848, 'trop_agb_crit': 1.8157022975489, 'trop_k_veg': 3.1473758868965476}.
[I 2026-08-06 10:13:30,456] Trial 132 finished with values: [10.764672719112582, 10.764672719112582] and parameters: {'k1': 0.0007883068789768041, 'D_low': 2.4622754931226587, 'k2': 0.0009256855841989632, 'D_high': 783.2259769732478, 'fire_exp': 1.0601964743503993, 'P_half': 4.213183643253957, 'pre_dampen_half': 0.2888838362365318, 'gpp_af': 1.9706963379095486, 'gpp_b': 0.0054502936945582505, 'gpp_d': 0.016846901973653922, 'ign_k': 0.0035281132746849977, 'ign_c': 31.874227118134094, 'trop_agb_crit': 7.500118950416987, 'trop_k_veg': 0.6673124511410327}.
[I 2026-08-06 10:13:31,708] Trial 133 finished with values: [10.769230768838547, 10.769230768838547] and parameters: {'k1': 0.0007883068789768041, 'D_low': 4546.192107824457, 'k2': 0.0018170401889219116, 'D_high': 3712.591045287726, 'fire_exp': 5.963862427044409, 'P_half': 54.37591736923918, 'pre_dampen_half': 0.9829324480069708, 'gpp_af': 1.200191344086032, 'gpp_b': 1.319554058182653e-05, 'gpp_d': 6.283500537123675, 'ign_k': 0.0680787482656459, 'ign_c': 31.874227118134094, 'trop_agb_crit': 18.748298427129946, 'trop_k_veg': 5.905704303105107}.
[I 2026-08-06 10:13:32,895] Trial 134 finished with values: [10.759655775677516, 10.759655775677516] and parameters: {'k1': 8.488887549001697e-05, 'D_low': 1112.9571947046009, 'k2': 8.923807143379776e-05, 'D_high': 8182.111518618414, 'fire_exp': 1.695318866910499, 'P_half': 338.23872019362165, 'pre_dampen_half': 39.827466658711515, 'gpp_af': 0.47739011308437823, 'gpp_b': 0.14577755664212386, 'gpp_d': 0.4726373877250429, 'ign_k': 0.0036065195493704487, 'ign_c': 0.557280750002996, 'trop_agb_crit': 1.8545640943955186, 'trop_k_veg': 2.573214588078609}.
[I 2026-08-06 10:13:34,144] Trial 135 finished with values: [10.7066559604652, 10.7066559604652] and parameters: {'k1': 0.00047324071251811085, 'D_low': 520.4862686958022, 'k2': 7.914423612155373e-05, 'D_high': 3712.591045287726, 'fire_exp': 1.2171655955604195, 'P_half': 220.3445560633069, 'pre_dampen_half': 502.5175192217655, 'gpp_af': 5.335773317316405, 'gpp_b': 2.5261484261151592e-05, 'gpp_d': 0.043441170039664925, 'ign_k': 0.0680787482656459, 'ign_c': 33.81093273170848, 'trop_agb_crit': 1.0455434848969813, 'trop_k_veg': 5.555327265518883}.
[I 2026-08-06 10:13:35,331] Trial 136 finished with values: [10.76922869142135, 10.76922869142135] and parameters: {'k1': 0.06598741607403362, 'D_low': 34.08427910923046, 'k2': 0.0016497426799845453, 'D_high': 91167.68553735342, 'fire_exp': 2.627846918579106, 'P_half': 1735.792403594532, 'pre_dampen_half': 0.1875872314533727, 'gpp_af': 6.155035361040188, 'gpp_b': 1.220003093173824e-05, 'gpp_d': 0.03805074835058821, 'ign_k': 0.0015276032303600073, 'ign_c': 0.14551749476072262, 'trop_agb_crit': 18.3492792986878, 'trop_k_veg': 3.517697529584014}.
[I 2026-08-06 10:13:36,513] Trial 137 finished with values: [10.719676386683458, 10.719676386683458] and parameters: {'k1': 2.316457903103837e-05, 'D_low': 6542.056762893129, 'k2': 0.014344484793173472, 'D_high': 61536.58035691648, 'fire_exp': 1.0362310858538248, 'P_half': 221.2683656611821, 'pre_dampen_half': 1.3833139021965035, 'gpp_af': 5.335773317316405, 'gpp_b': 0.01777482313117792, 'gpp_d': 4.25060659305504, 'ign_k': 5.351470428717437, 'ign_c': 3.470490935437501, 'trop_agb_crit': 8.997007571451054, 'trop_k_veg': 3.49157152291552}.
[I 2026-08-06 10:13:37,729] Trial 138 finished with values: [10.562256955101711, 10.562256955101711] and parameters: {'k1': 0.00031134168041628584, 'D_low': 7.299348683062307, 'k2': 0.003419108473554454, 'D_high': 107.53522341516504, 'fire_exp': 1.1263716762638152, 'P_half': 4.213183643253957, 'pre_dampen_half': 38.00678588560607, 'gpp_af': 1.6059727222314273, 'gpp_b': 0.22727308251068193, 'gpp_d': 5.1715677287580455, 'ign_k': 0.010167079878196114, 'ign_c': 1.9580595319750387, 'trop_agb_crit': 1.0693376406863295, 'trop_k_veg': 4.989748894578724}.
[I 2026-08-06 10:13:38,909] Trial 139 finished with values: [10.376903979874422, 10.376903979874422] and parameters: {'k1': 0.002367935204022389, 'D_low': 7.299348683062307, 'k2': 0.003101429427212743, 'D_high': 21.947742689197344, 'fire_exp': 1.221575427404682, 'P_half': 140.74279366401683, 'pre_dampen_half': 63.6685916079943, 'gpp_af': 5.335773317316405, 'gpp_b': 0.0038900687554386305, 'gpp_d': 757.2868182332339, 'ign_k': 0.01364908766641695, 'ign_c': 11.903394335305014, 'trop_agb_crit': 1.0903028125370984, 'trop_k_veg': 2.4336356947036335}.
[I 2026-08-06 10:13:40,103] Trial 140 finished with values: [10.527290405047502, 10.527290405047502] and parameters: {'k1': 0.00016480446427978953, 'D_low': 1.54121727098019, 'k2': 1.915468390724633e-05, 'D_high': 3712.591045287726, 'fire_exp': 1.4665043946307825, 'P_half': 338.23872019362165, 'pre_dampen_half': 502.5175192217655, 'gpp_af': 0.06789053271698488, 'gpp_b': 3.481277316673104e-05, 'gpp_d': 16.460426816350523, 'ign_k': 0.0680787482656459, 'ign_c': 15.221840161091626, 'trop_agb_crit': 24.584290528289387, 'trop_k_veg': 3.869465953383845}.
[I 2026-08-06 10:13:41,260] Trial 141 finished with values: [10.324050767781609, 10.324050767781609] and parameters: {'k1': 0.008471801418819975, 'D_low': 2.143851363193517, 'k2': 7.914423612155373e-05, 'D_high': 42.070539502879384, 'fire_exp': 1.1430983876313219, 'P_half': 220.3445560633069, 'pre_dampen_half': 10.129197956845726, 'gpp_af': 0.7539992074650279, 'gpp_b': 1.3289448722869181e-05, 'gpp_d': 10.369565216756202, 'ign_k': 2.1368329072358767, 'ign_c': 0.70689749506246, 'trop_agb_crit': 1.0455434848969813, 'trop_k_veg': 0.83140195149031}.
[I 2026-08-06 10:13:42,450] Trial 142 finished with values: [10.7691926357922, 10.7691926357922] and parameters: {'k1': 0.06598741607403362, 'D_low': 894.5150807271528, 'k2': 1.915468390724633e-05, 'D_high': 3712.591045287726, 'fire_exp': 2.627846918579106, 'P_half': 220.3445560633069, 'pre_dampen_half': 0.6023700815747873, 'gpp_af': 6.155035361040188, 'gpp_b': 1.220003093173824e-05, 'gpp_d': 0.03805074835058821, 'ign_k': 0.010167079878196114, 'ign_c': 0.9580682294110432, 'trop_agb_crit': 18.3492792986878, 'trop_k_veg': 3.517697529584014}.
[I 2026-08-06 10:13:43,686] Trial 143 finished with values: [10.769230768838547, 10.769230768838547] and parameters: {'k1': 0.012021930484915042, 'D_low': 8832.039346746853, 'k2': 0.003101429427212743, 'D_high': 360.73016145428437, 'fire_exp': 1.264103030891254, 'P_half': 133.4807155996069, 'pre_dampen_half': 5.048653998722947, 'gpp_af': 1.5386842469144075, 'gpp_b': 0.22727308251068193, 'gpp_d': 757.2868182332339, 'ign_k': 0.004937355303501836, 'ign_c': 386.4218705871767, 'trop_agb_crit': 14.948114979829949, 'trop_k_veg': 1.0594599158279707}.
[I 2026-08-06 10:13:44,842] Trial 144 finished with values: [10.752650326045282, 10.752650326045282] and parameters: {'k1': 0.008912611835817005, 'D_low': 355.00125258511594, 'k2': 0.03538758864779238, 'D_high': 88.90110660871557, 'fire_exp': 1.264103030891254, 'P_half': 4.087300390305745, 'pre_dampen_half': 63.6685916079943, 'gpp_af': 0.006359264168909611, 'gpp_b': 0.00013164432569139702, 'gpp_d': 2.944272359149677, 'ign_k': 0.21006485619596416, 'ign_c': 5.13055176058983, 'trop_agb_crit': 1.0903028125370984, 'trop_k_veg': 2.1406449943451844}.
[I 2026-08-06 10:13:46,015] Trial 145 finished with values: [10.76027354002033, 10.76027354002033] and parameters: {'k1': 1.4002277211577026e-05, 'D_low': 77.31571570012609, 'k2': 2.683416249684868e-05, 'D_high': 616.0975294741442, 'fire_exp': 3.408923587626441, 'P_half': 9.330007965781027, 'pre_dampen_half': 502.5175192217655, 'gpp_af': 0.07698760608299937, 'gpp_b': 1.319554058182653e-05, 'gpp_d': 0.4077517446321826, 'ign_k': 0.007011194706512118, 'ign_c': 15.221840161091626, 'trop_agb_crit': 1.5028069346088124, 'trop_k_veg': 5.905704303105107}.
[I 2026-08-06 10:13:47,163] Trial 146 finished with values: [10.667575828506111, 10.667575828506111] and parameters: {'k1': 0.002367935204022389, 'D_low': 520.4862686958022, 'k2': 0.003767022142229395, 'D_high': 985.7545621889059, 'fire_exp': 1.221575427404682, 'P_half': 14.281536924924877, 'pre_dampen_half': 8.594202650742222, 'gpp_af': 1.9706963379095486, 'gpp_b': 1.4540386644083135e-05, 'gpp_d': 0.043441170039664925, 'ign_k': 0.01364908766641695, 'ign_c': 48.704711413416454, 'trop_agb_crit': 1.0693376406863295, 'trop_k_veg': 2.4336356947036335}.
[I 2026-08-06 10:13:48,392] Trial 147 finished with values: [10.767324996647801, 10.767324996647801] and parameters: {'k1': 0.012021930484915042, 'D_low': 4.075267974954964, 'k2': 0.003101429427212743, 'D_high': 21.947742689197344, 'fire_exp': 1.1263716762638152, 'P_half': 140.74279366401683, 'pre_dampen_half': 5.048653998722947, 'gpp_af': 0.060029341913968644, 'gpp_b': 0.22727308251068193, 'gpp_d': 0.043441170039664925, 'ign_k': 0.11619873314872933, 'ign_c': 1.9580595319750387, 'trop_agb_crit': 14.948114979829949, 'trop_k_veg': 2.4336356947036335}.
[I 2026-08-06 10:13:49,520] Trial 148 finished with values: [10.769082707812757, 10.769082707812757] and parameters: {'k1': 0.016780508579130986, 'D_low': 894.5150807271528, 'k2': 0.00023295358953467695, 'D_high': 455.5085098454081, 'fire_exp': 2.627846918579106, 'P_half': 9.793184984206247, 'pre_dampen_half': 0.6023700815747873, 'gpp_af': 6.155035361040188, 'gpp_b': 1.220003093173824e-05, 'gpp_d': 54.620376657085984, 'ign_k': 0.0015276032303600073, 'ign_c': 1.0226988730324322, 'trop_agb_crit': 18.3492792986878, 'trop_k_veg': 5.982827017670783}.
[I 2026-08-06 10:13:50,653] Trial 149 finished with values: [10.755947121581068, 10.755947121581068] and parameters: {'k1': 4.540076719227351e-05, 'D_low': 40.12413353131991, 'k2': 0.0007047307383115598, 'D_high': 1236.6924205139144, 'fire_exp': 1.423480109671474, 'P_half': 751.9407491506673, 'pre_dampen_half': 3.3841016089580034, 'gpp_af': 0.030592049838223532, 'gpp_b': 1.284284091405877e-05, 'gpp_d': 229.41380323183625, 'ign_k': 5.351470428717437, 'ign_c': 1.6051347487097574, 'trop_agb_crit': 12.71480504859747, 'trop_k_veg': 6.45312300188076}.
[I 2026-08-06 10:13:51,948] Trial 150 finished with values: [10.413621335429786, 10.413621335429786] and parameters: {'k1': 0.012840669372724958, 'D_low': 7.890004262668578, 'k2': 0.007058572590901788, 'D_high': 42210.21267871043, 'fire_exp': 2.1154350616377124, 'P_half': 93.43302657318476, 'pre_dampen_half': 17.707795393478506, 'gpp_af': 0.2204465010099918, 'gpp_b': 2.176805640408474e-05, 'gpp_d': 6.792399189485706, 'ign_k': 0.0029519227433917453, 'ign_c': 2.957080941494347, 'trop_agb_crit': 2.4645410377327237, 'trop_k_veg': 0.983473833513531}.
[I 2026-08-06 10:13:53,260] Trial 151 finished with values: [10.769025550304171, 10.769025550304171] and parameters: {'k1': 0.06598741607403362, 'D_low': 894.5150807271528, 'k2': 0.03699867920489089, 'D_high': 3346.220103048382, 'fire_exp': 6.234638880169447, 'P_half': 9.793184984206247, 'pre_dampen_half': 7.665128204660195, 'gpp_af': 6.155035361040188, 'gpp_b': 0.0001484082099455773, 'gpp_d': 0.03805074835058821, 'ign_k': 0.0802050305902781, 'ign_c': 0.12510188850164433, 'trop_agb_crit': 18.3492792986878, 'trop_k_veg': 3.1485436349029405}.
[I 2026-08-06 10:13:54,741] Trial 152 finished with values: [10.769230768838547, 10.769230768838547] and parameters: {'k1': 0.002367935204022389, 'D_low': 248.10409748678117, 'k2': 0.014344484793173472, 'D_high': 42.070539502879384, 'fire_exp': 8.646288834805796, 'P_half': 2915.443189153754, 'pre_dampen_half': 10.129197956845726, 'gpp_af': 5.335773317316405, 'gpp_b': 0.0038900687554386305, 'gpp_d': 707.2114131472224, 'ign_k': 0.8517034154701657, 'ign_c': 0.70689749506246, 'trop_agb_crit': 8.997007571451054, 'trop_k_veg': 2.4336356947036335}.
[I 2026-08-06 10:13:55,933] Trial 153 finished with values: [10.756064611428931, 10.756064611428931] and parameters: {'k1': 0.00031134168041628584, 'D_low': 7.240382572465288, 'k2': 0.003419108473554454, 'D_high': 88.9193644629625, 'fire_exp': 2.1154350616377124, 'P_half': 4.213183643253957, 'pre_dampen_half': 38.00678588560607, 'gpp_af': 17.624510039685536, 'gpp_b': 0.12746711578215045, 'gpp_d': 5.1715677287580455, 'ign_k': 0.010167079878196114, 'ign_c': 2.414259639010457, 'trop_agb_crit': 1.0693376406863295, 'trop_k_veg': 0.983473833513531}.
[I 2026-08-06 10:13:57,094] Trial 154 finished with values: [-0.46469140269362663, 0.1237018218128555] and parameters: {'k1': 0.004312951023617458, 'D_low': 4.484744524732794, 'k2': 1.915468390724633e-05, 'D_high': 3712.591045287726, 'fire_exp': 1.0629462657398439, 'P_half': 220.3445560633069, 'pre_dampen_half': 552.4163637315892, 'gpp_af': 0.7539992074650279, 'gpp_b': 0.14577755664212386, 'gpp_d': 16.460426816350523, 'ign_k': 0.010167079878196114, 'ign_c': 15.221840161091626, 'trop_agb_crit': 24.584290528289387, 'trop_k_veg': 6.2065960186008615}.
[I 2026-08-06 10:13:58,286] Trial 155 finished with values: [10.713471125116493, 10.713471125116493] and parameters: {'k1': 0.012021930484915042, 'D_low': 38.82837025280678, 'k2': 0.003101429427212743, 'D_high': 1493.5213816355397, 'fire_exp': 1.1263716762638152, 'P_half': 133.4807155996069, 'pre_dampen_half': 5.048653998722947, 'gpp_af': 1.5386842469144075, 'gpp_b': 0.22727308251068193, 'gpp_d': 0.4726373877250429, 'ign_k': 0.0036065195493704487, 'ign_c': 1.9580595319750387, 'trop_agb_crit': 14.948114979829949, 'trop_k_veg': 1.0594599158279707}.
