[I 2026-08-05 23:59:30,882] Trial 1140 finished with values: [10.444304716962645, 10.444304716962645] and parameters: {'k1': 0.005643426708406567, 'D_low': 4.051452710153359, 'k2': 7.145711288893928e-05, 'D_high': 85018.70149611714, 'fire_exp': 1.151006986743773, 'P_half': 39.03214299767183, 'pre_dampen_half': 703.6426675556048, 'gpp_af': 35.20481045526041, 'gpp_b': 0.7987896438549947, 'gpp_d': 4.5768578731086835, 'ign_k': 5.9736167866478125, 'ign_c': 14.810800730363484}.
[I 2026-08-05 23:59:32,108] Trial 1141 finished with values: [10.058679037290892, 10.058679037290892] and parameters: {'k1': 0.016973078532467004, 'D_low': 2.458603276328005, 'k2': 0.0499774937030317, 'D_high': 85018.70149611714, 'fire_exp': 1.151006986743773, 'P_half': 105.53846463525653, 'pre_dampen_half': 159.77732284872855, 'gpp_af': 35.20481045526041, 'gpp_b': 0.7987896438549947, 'gpp_d': 34.37107943937136, 'ign_k': 5.9736167866478125, 'ign_c': 14.810800730363484}.
[I 2026-08-05 23:59:33,208] Trial 1142 finished with values: [10.769230768838547, 10.769230768838547] and parameters: {'k1': 0.005643426708406567, 'D_low': 31.117676855667376, 'k2': 0.00038791280730284417, 'D_high': 85018.70149611714, 'fire_exp': 1.151006986743773, 'P_half': 39.03214299767183, 'pre_dampen_half': 703.6426675556048, 'gpp_af': 35.20481045526041, 'gpp_b': 0.10123867001105968, 'gpp_d': 34.37107943937136, 'ign_k': 5.9736167866478125, 'ign_c': 85.35052150482585}.
[I 2026-08-05 23:59:34,254] Trial 1143 finished with values: [10.344566908417853, 10.344566908417853] and parameters: {'k1': 0.0014755326436446132, 'D_low': 158.82035726402376, 'k2': 0.002298215566004573, 'D_high': 85018.70149611714, 'fire_exp': 1.151006986743773, 'P_half': 12.808863354047988, 'pre_dampen_half': 111.37963167994629, 'gpp_af': 11.234842109991876, 'gpp_b': 0.7987896438549947, 'gpp_d': 4.5768578731086835, 'ign_k': 5.9736167866478125, 'ign_c': 10.800458379640933}.
[I 2026-08-05 23:59:35,284] Trial 1144 finished with values: [11.838401844217103, 11.838401844217103] and parameters: {'k1': 0.016973078532467004, 'D_low': 4.051452710153359, 'k2': 0.00015495079374286172, 'D_high': 85018.70149611714, 'fire_exp': 1.5201277403788451, 'P_half': 12.808863354047988, 'pre_dampen_half': 703.6426675556048, 'gpp_af': 35.20481045526041, 'gpp_b': 0.10123867001105968, 'gpp_d': 34.37107943937136, 'ign_k': 5.9736167866478125, 'ign_c': 0.11433485956638717}.
[I 2026-08-05 23:59:36,644] Trial 1145 finished with values: [10.404747514695199, 10.404747514695199] and parameters: {'k1': 0.015602015889668856, 'D_low': 4.051452710153359, 'k2': 0.0007081721844034209, 'D_high': 85018.70149611714, 'fire_exp': 1.151006986743773, 'P_half': 12.808863354047988, 'pre_dampen_half': 703.6426675556048, 'gpp_af': 35.20481045526041, 'gpp_b': 0.7987896438549947, 'gpp_d': 4.5768578731086835, 'ign_k': 5.9736167866478125, 'ign_c': 14.810800730363484}.
[I 2026-08-05 23:59:37,766] Trial 1146 finished with values: [10.423947501089339, 10.423947501089339] and parameters: {'k1': 0.016973078532467004, 'D_low': 2.458603276328005, 'k2': 0.0018200694976756812, 'D_high': 85018.70149611714, 'fire_exp': 1.5201277403788451, 'P_half': 12.808863354047988, 'pre_dampen_half': 703.6426675556048, 'gpp_af': 11.234842109991876, 'gpp_b': 0.7987896438549947, 'gpp_d': 4.5768578731086835, 'ign_k': 5.9736167866478125, 'ign_c': 14.810800730363484}.
[I 2026-08-05 23:59:38,788] Trial 1147 finished with values: [10.645363035379662, 10.645363035379662] and parameters: {'k1': 0.016973078532467004, 'D_low': 2.458603276328005, 'k2': 0.005695622647004589, 'D_high': 85018.70149611714, 'fire_exp': 1.151006986743773, 'P_half': 3113.806805121377, 'pre_dampen_half': 703.6426675556048, 'gpp_af': 35.20481045526041, 'gpp_b': 0.7987896438549947, 'gpp_d': 4.5768578731086835, 'ign_k': 0.03783599106879795, 'ign_c': 0.5505316245273476}.
[I 2026-08-05 23:59:39,856] Trial 1148 finished with values: [10.614117892956816, 10.614117892956816] and parameters: {'k1': 0.016973078532467004, 'D_low': 29.89885508829526, 'k2': 0.00038791280730284417, 'D_high': 6455.595882939566, 'fire_exp': 1.5201277403788451, 'P_half': 12.808863354047988, 'pre_dampen_half': 703.6426675556048, 'gpp_af': 35.20481045526041, 'gpp_b': 0.7987896438549947, 'gpp_d': 34.37107943937136, 'ign_k': 5.9736167866478125, 'ign_c': 0.17036120617148395}.
[I 2026-08-05 23:59:40,901] Trial 1149 finished with values: [10.276720902635116, 10.276720902635116] and parameters: {'k1': 0.016973078532467004, 'D_low': 2.458603276328005, 'k2': 0.0007081721844034209, 'D_high': 85018.70149611714, 'fire_exp': 1.5201277403788451, 'P_half': 12.808863354047988, 'pre_dampen_half': 703.6426675556048, 'gpp_af': 35.20481045526041, 'gpp_b': 0.7987896438549947, 'gpp_d': 15.186467669014625, 'ign_k': 5.9736167866478125, 'ign_c': 0.11433485956638717}.
[I 2026-08-05 23:59:41,944] Trial 1150 finished with values: [-0.5640732920674608, 0.07355147984089938] and parameters: {'k1': 0.016973078532467004, 'D_low': 29.89885508829526, 'k2': 0.034987345440353576, 'D_high': 85018.70149611714, 'fire_exp': 1.151006986743773, 'P_half': 12.808863354047988, 'pre_dampen_half': 111.37963167994629, 'gpp_af': 35.20481045526041, 'gpp_b': 0.7987896438549947, 'gpp_d': 4.5768578731086835, 'ign_k': 0.12828203940471886, 'ign_c': 0.11433485956638717}.
[I 2026-08-05 23:59:43,023] Trial 1151 finished with values: [-0.5694743069508366, 0.05800015993540619] and parameters: {'k1': 0.016973078532467004, 'D_low': 2.458603276328005, 'k2': 0.011078632295006514, 'D_high': 85018.70149611714, 'fire_exp': 1.4456782093093066, 'P_half': 12.808863354047988, 'pre_dampen_half': 703.6426675556048, 'gpp_af': 35.20481045526041, 'gpp_b': 0.7987896438549947, 'gpp_d': 4.5768578731086835, 'ign_k': 0.476373748459372, 'ign_c': 0.11433485956638717}.
[I 2026-08-05 23:59:44,072] Trial 1152 finished with values: [-0.5821000387899001, 0.07999900548226169] and parameters: {'k1': 0.007333200379637282, 'D_low': 70.18267183720735, 'k2': 0.0007081721844034209, 'D_high': 85018.70149611714, 'fire_exp': 1.151006986743773, 'P_half': 1.0897490003652053, 'pre_dampen_half': 703.6426675556048, 'gpp_af': 35.20481045526041, 'gpp_b': 0.7987896438549947, 'gpp_d': 4.5768578731086835, 'ign_k': 0.4702627143647234, 'ign_c': 0.11433485956638717}.
[I 2026-08-05 23:59:45,106] Trial 1153 finished with values: [-0.5539051173287024, 0.054396717850085374] and parameters: {'k1': 0.016973078532467004, 'D_low': 2.458603276328005, 'k2': 0.00038791280730284417, 'D_high': 85018.70149611714, 'fire_exp': 1.5201277403788451, 'P_half': 39.03214299767183, 'pre_dampen_half': 703.6426675556048, 'gpp_af': 11.234842109991876, 'gpp_b': 0.7987896438549947, 'gpp_d': 34.37107943937136, 'ign_k': 5.9736167866478125, 'ign_c': 14.810800730363484}.
[I 2026-08-05 23:59:46,132] Trial 1154 finished with values: [-0.5887382425666187, 0.09512943485195247] and parameters: {'k1': 0.015602015889668856, 'D_low': 4.051452710153359, 'k2': 0.00038791280730284417, 'D_high': 54669.374787660905, 'fire_exp': 1.5201277403788451, 'P_half': 39.03214299767183, 'pre_dampen_half': 53.73093479067421, 'gpp_af': 35.20481045526041, 'gpp_b': 0.10123867001105968, 'gpp_d': 34.37107943937136, 'ign_k': 5.9736167866478125, 'ign_c': 6.160975294741436}.
[I 2026-08-05 23:59:47,162] Trial 1155 finished with values: [10.476941647492065, 10.476941647492065] and parameters: {'k1': 0.016973078532467004, 'D_low': 4.051452710153359, 'k2': 0.0007081721844034209, 'D_high': 85018.70149611714, 'fire_exp': 1.2943117749495199, 'P_half': 39.03214299767183, 'pre_dampen_half': 703.6426675556048, 'gpp_af': 35.20481045526041, 'gpp_b': 0.7987896438549947, 'gpp_d': 4.5768578731086835, 'ign_k': 5.9736167866478125, 'ign_c': 14.810800730363484}.
[I 2026-08-05 23:59:48,246] Trial 1156 finished with values: [-0.5801680979870565, 0.09021018371898426] and parameters: {'k1': 0.006697348618512094, 'D_low': 2.458603276328005, 'k2': 0.0007081721844034209, 'D_high': 85018.70149611714, 'fire_exp': 1.0473002272689056, 'P_half': 12.808863354047988, 'pre_dampen_half': 703.6426675556048, 'gpp_af': 35.20481045526041, 'gpp_b': 0.7987896438549947, 'gpp_d': 4.5768578731086835, 'ign_k': 5.9736167866478125, 'ign_c': 0.9698743148715472}.
[I 2026-08-05 23:59:49,309] Trial 1157 finished with values: [-0.5774824662131193, 0.07581828673229807] and parameters: {'k1': 0.016973078532467004, 'D_low': 4.051452710153359, 'k2': 0.0007081721844034209, 'D_high': 85018.70149611714, 'fire_exp': 1.2943117749495199, 'P_half': 12.808863354047988, 'pre_dampen_half': 703.6426675556048, 'gpp_af': 29.925002022877802, 'gpp_b': 0.7987896438549947, 'gpp_d': 4.5768578731086835, 'ign_k': 0.476373748459372, 'ign_c': 0.11433485956638717}.
[I 2026-08-05 23:59:50,323] Trial 1158 finished with values: [-0.5785863590379096, 0.08413943712014116] and parameters: {'k1': 0.016973078532467004, 'D_low': 4.051452710153359, 'k2': 0.0007081721844034209, 'D_high': 6455.595882939566, 'fire_exp': 1.151006986743773, 'P_half': 12.808863354047988, 'pre_dampen_half': 703.6426675556048, 'gpp_af': 35.20481045526041, 'gpp_b': 0.7987896438549947, 'gpp_d': 4.5768578731086835, 'ign_k': 5.9736167866478125, 'ign_c': 0.3253741042140523}.
[I 2026-08-05 23:59:51,354] Trial 1159 finished with values: [10.769087001780925, 10.769087001780925] and parameters: {'k1': 0.006697348618512094, 'D_low': 4.051452710153359, 'k2': 0.0007081721844034209, 'D_high': 85018.70149611714, 'fire_exp': 1.151006986743773, 'P_half': 12.808863354047988, 'pre_dampen_half': 703.6426675556048, 'gpp_af': 35.20481045526041, 'gpp_b': 0.10123867001105968, 'gpp_d': 4.5768578731086835, 'ign_k': 0.12828203940471886, 'ign_c': 80.50945012618057}.
[I 2026-08-05 23:59:52,389] Trial 1160 finished with values: [10.738405538956538, 10.738405538956538] and parameters: {'k1': 0.002971796631657383, 'D_low': 2.458603276328005, 'k2': 0.034987345440353576, 'D_high': 85018.70149611714, 'fire_exp': 1.151006986743773, 'P_half': 9273.417344841548, 'pre_dampen_half': 703.6426675556048, 'gpp_af': 35.20481045526041, 'gpp_b': 0.7987896438549947, 'gpp_d': 4.5768578731086835, 'ign_k': 5.9736167866478125, 'ign_c': 0.24929432851508837}.
[I 2026-08-05 23:59:53,482] Trial 1161 finished with values: [10.360653667075304, 10.360653667075304] and parameters: {'k1': 0.03232155805617897, 'D_low': 4.051452710153359, 'k2': 0.0007081721844034209, 'D_high': 85018.70149611714, 'fire_exp': 1.010722707674549, 'P_half': 12.808863354047988, 'pre_dampen_half': 111.37963167994629, 'gpp_af': 35.20481045526041, 'gpp_b': 0.7987896438549947, 'gpp_d': 1.017352787351922, 'ign_k': 5.9736167866478125, 'ign_c': 0.17036120617148395}.
[I 2026-08-05 23:59:55,367] Trial 1162 finished with values: [-0.495057109046461, 0.10892429346324617] and parameters: {'k1': 0.016973078532467004, 'D_low': 4.051452710153359, 'k2': 0.0007081721844034209, 'D_high': 85018.70149611714, 'fire_exp': 1.151006986743773, 'P_half': 12.808863354047988, 'pre_dampen_half': 100.0817391226047, 'gpp_af': 35.20481045526041, 'gpp_b': 0.7987896438549947, 'gpp_d': 4.5768578731086835, 'ign_k': 0.006548510655446338, 'ign_c': 0.11433485956638717}.
[I 2026-08-05 23:59:57,144] Trial 1163 finished with values: [10.17169242567747, 10.17169242567747] and parameters: {'k1': 0.005643426708406567, 'D_low': 31.117676855667376, 'k2': 0.00038791280730284417, 'D_high': 85018.70149611714, 'fire_exp': 1.151006986743773, 'P_half': 39.03214299767183, 'pre_dampen_half': 703.6426675556048, 'gpp_af': 11.234842109991876, 'gpp_b': 0.10123867001105968, 'gpp_d': 34.37107943937136, 'ign_k': 5.9736167866478125, 'ign_c': 14.810800730363484}.
[I 2026-08-05 23:59:58,715] Trial 1164 finished with values: [10.296280306636305, 10.296280306636305] and parameters: {'k1': 0.0016608858962356998, 'D_low': 70.18267183720735, 'k2': 0.0007081721844034209, 'D_high': 6455.595882939566, 'fire_exp': 1.5201277403788451, 'P_half': 39.03214299767183, 'pre_dampen_half': 703.6426675556048, 'gpp_af': 35.20481045526041, 'gpp_b': 0.7987896438549947, 'gpp_d': 4.5768578731086835, 'ign_k': 0.4702627143647234, 'ign_c': 0.11433485956638717}.
[I 2026-08-05 23:59:59,894] Trial 1165 finished with values: [-0.5804470276123588, 0.08983160004973867] and parameters: {'k1': 0.016973078532467004, 'D_low': 2.458603276328005, 'k2': 0.0007081721844034209, 'D_high': 68913.86015952702, 'fire_exp': 1.151006986743773, 'P_half': 39.03214299767183, 'pre_dampen_half': 703.6426675556048, 'gpp_af': 29.925002022877802, 'gpp_b': 0.7987896438549947, 'gpp_d': 4.5768578731086835, 'ign_k': 0.476373748459372, 'ign_c': 0.11433485956638717}.
[I 2026-08-06 00:00:01,060] Trial 1166 finished with values: [10.131393473221497, 10.131393473221497] and parameters: {'k1': 0.03232155805617897, 'D_low': 29.89885508829526, 'k2': 0.0499774937030317, 'D_high': 85018.70149611714, 'fire_exp': 1.5201277403788451, 'P_half': 39.03214299767183, 'pre_dampen_half': 917.1017259920797, 'gpp_af': 11.234842109991876, 'gpp_b': 0.10123867001105968, 'gpp_d': 34.37107943937136, 'ign_k': 5.9736167866478125, 'ign_c': 14.810800730363484}.
[I 2026-08-06 00:00:02,217] Trial 1167 finished with values: [10.56282410186815, 10.56282410186815] and parameters: {'k1': 0.016973078532467004, 'D_low': 4.051452710153359, 'k2': 0.0007081721844034209, 'D_high': 85018.70149611714, 'fire_exp': 1.5201277403788451, 'P_half': 39.03214299767183, 'pre_dampen_half': 46.27607115144257, 'gpp_af': 29.925002022877802, 'gpp_b': 0.7987896438549947, 'gpp_d': 4.5768578731086835, 'ign_k': 0.29103270846582247, 'ign_c': 6.160975294741436}.
[I 2026-08-06 00:00:03,253] Trial 1168 finished with values: [11.038337624570545, 11.038337624570545] and parameters: {'k1': 0.005643426708406567, 'D_low': 2.458603276328005, 'k2': 5.650656901535326e-05, 'D_high': 85018.70149611714, 'fire_exp': 1.151006986743773, 'P_half': 12.808863354047988, 'pre_dampen_half': 703.6426675556048, 'gpp_af': 35.20481045526041, 'gpp_b': 0.7987896438549947, 'gpp_d': 34.37107943937136, 'ign_k': 0.12828203940471886, 'ign_c': 2.6396009423965827}.
[I 2026-08-06 00:00:04,335] Trial 1169 finished with values: [10.146273515185209, 10.146273515185209] and parameters: {'k1': 0.015602015889668856, 'D_low': 4.051452710153359, 'k2': 0.00038791280730284417, 'D_high': 54669.374787660905, 'fire_exp': 1.151006986743773, 'P_half': 39.03214299767183, 'pre_dampen_half': 53.73093479067421, 'gpp_af': 35.20481045526041, 'gpp_b': 0.7987896438549947, 'gpp_d': 4.5768578731086835, 'ign_k': 0.4702627143647234, 'ign_c': 0.11433485956638717}.
[I 2026-08-06 00:00:05,395] Trial 1170 finished with values: [-0.5691795430598805, 0.07039320137754823] and parameters: {'k1': 0.016973078532467004, 'D_low': 2.458603276328005, 'k2': 0.034987345440353576, 'D_high': 85018.70149611714, 'fire_exp': 1.151006986743773, 'P_half': 12.808863354047988, 'pre_dampen_half': 111.37963167994629, 'gpp_af': 35.20481045526041, 'gpp_b': 0.7987896438549947, 'gpp_d': 4.5768578731086835, 'ign_k': 5.9736167866478125, 'ign_c': 0.11433485956638717}.
[I 2026-08-06 00:00:06,441] Trial 1171 finished with values: [12.030407650939555, 12.030407650939555] and parameters: {'k1': 0.005643426708406567, 'D_low': 31.117676855667376, 'k2': 0.013651083965650523, 'D_high': 85018.70149611714, 'fire_exp': 1.151006986743773, 'P_half': 39.03214299767183, 'pre_dampen_half': 246.93224594675561, 'gpp_af': 35.20481045526041, 'gpp_b': 0.021152372444252342, 'gpp_d': 34.37107943937136, 'ign_k': 5.9736167866478125, 'ign_c': 0.11433485956638717}.
[I 2026-08-06 00:00:07,453] Trial 1172 finished with values: [10.557753399619601, 10.557753399619601] and parameters: {'k1': 0.03232155805617897, 'D_low': 29.89885508829526, 'k2': 0.00038791280730284417, 'D_high': 85018.70149611714, 'fire_exp': 1.5201277403788451, 'P_half': 12.808863354047988, 'pre_dampen_half': 53.73093479067421, 'gpp_af': 35.20481045526041, 'gpp_b': 1.0749238062021576e-05, 'gpp_d': 34.37107943937136, 'ign_k': 5.9736167866478125, 'ign_c': 6.160975294741436}.
[I 2026-08-06 00:00:08,481] Trial 1173 finished with values: [10.129875677952413, 10.129875677952413] and parameters: {'k1': 0.016973078532467004, 'D_low': 4.051452710153359, 'k2': 0.0007081721844034209, 'D_high': 85018.70149611714, 'fire_exp': 1.151006986743773, 'P_half': 12.808863354047988, 'pre_dampen_half': 703.6426675556048, 'gpp_af': 35.20481045526041, 'gpp_b': 0.3680819831637284, 'gpp_d': 4.5768578731086835, 'ign_k': 5.9736167866478125, 'ign_c': 0.11433485956638717}.
[I 2026-08-06 00:00:09,542] Trial 1174 finished with values: [10.766220480177726, 10.766220480177726] and parameters: {'k1': 0.015602015889668856, 'D_low': 4.051452710153359, 'k2': 0.00038791280730284417, 'D_high': 85018.70149611714, 'fire_exp': 1.5201277403788451, 'P_half': 12.808863354047988, 'pre_dampen_half': 703.6426675556048, 'gpp_af': 35.20481045526041, 'gpp_b': 0.10123867001105968, 'gpp_d': 0.015016086960969847, 'ign_k': 0.4702627143647234, 'ign_c': 14.810800730363484}.
[I 2026-08-06 00:00:10,601] Trial 1175 finished with values: [-0.5812023386750902, 0.07584364789893083] and parameters: {'k1': 0.016973078532467004, 'D_low': 65.69152413762717, 'k2': 0.0499774937030317, 'D_high': 85018.70149611714, 'fire_exp': 1.151006986743773, 'P_half': 12.808863354047988, 'pre_dampen_half': 703.6426675556048, 'gpp_af': 35.20481045526041, 'gpp_b': 0.7987896438549947, 'gpp_d': 4.5768578731086835, 'ign_k': 0.9614686563869651, 'ign_c': 0.11433485956638717}.
[I 2026-08-06 00:00:11,643] Trial 1176 finished with values: [-0.5776902731246982, 0.08361031486918957] and parameters: {'k1': 0.005643426708406567, 'D_low': 2.458603276328005, 'k2': 0.0007081721844034209, 'D_high': 85018.70149611714, 'fire_exp': 1.151006986743773, 'P_half': 12.808863354047988, 'pre_dampen_half': 703.6426675556048, 'gpp_af': 35.20481045526041, 'gpp_b': 0.7987896438549947, 'gpp_d': 4.5768578731086835, 'ign_k': 5.9736167866478125, 'ign_c': 0.11433485956638717}.
[I 2026-08-06 00:00:12,687] Trial 1177 finished with values: [10.758531875246712, 10.758531875246712] and parameters: {'k1': 0.016973078532467004, 'D_low': 6.455386366109263, 'k2': 1.702637694606324e-05, 'D_high': 85018.70149611714, 'fire_exp': 9.079741411661926, 'P_half': 12.808863354047988, 'pre_dampen_half': 703.6426675556048, 'gpp_af': 2.9865936975455876, 'gpp_b': 0.10123867001105968, 'gpp_d': 4.5768578731086835, 'ign_k': 5.9736167866478125, 'ign_c': 14.810800730363484}.
[I 2026-08-06 00:00:13,730] Trial 1178 finished with values: [11.695634915403913, 11.695634915403913] and parameters: {'k1': 0.03232155805617897, 'D_low': 29.89885508829526, 'k2': 0.0007081721844034209, 'D_high': 85018.70149611714, 'fire_exp': 1.151006986743773, 'P_half': 29.632139204027364, 'pre_dampen_half': 703.6426675556048, 'gpp_af': 35.20481045526041, 'gpp_b': 0.0009153552948098625, 'gpp_d': 4.5768578731086835, 'ign_k': 0.476373748459372, 'ign_c': 0.11433485956638717}.
[I 2026-08-06 00:00:14,761] Trial 1179 finished with values: [10.765807840913295, 10.765807840913295] and parameters: {'k1': 0.016973078532467004, 'D_low': 29.89885508829526, 'k2': 0.00038791280730284417, 'D_high': 85018.70149611714, 'fire_exp': 1.5201277403788451, 'P_half': 12.808863354047988, 'pre_dampen_half': 917.1017259920797, 'gpp_af': 0.0055518823149351484, 'gpp_b': 0.7987896438549947, 'gpp_d': 34.37107943937136, 'ign_k': 0.4702627143647234, 'ign_c': 6.160975294741436}.
[I 2026-08-06 00:00:15,807] Trial 1180 finished with values: [-0.5920866981176335, 0.08128136888299065] and parameters: {'k1': 0.015602015889668856, 'D_low': 29.89885508829526, 'k2': 0.00016688483049782368, 'D_high': 85018.70149611714, 'fire_exp': 1.5201277403788451, 'P_half': 39.03214299767183, 'pre_dampen_half': 53.73093479067421, 'gpp_af': 35.20481045526041, 'gpp_b': 0.10123867001105968, 'gpp_d': 34.37107943937136, 'ign_k': 0.4702627143647234, 'ign_c': 6.160975294741436}.
[I 2026-08-06 00:00:16,834] Trial 1181 finished with values: [12.216939050937793, 12.216939050937793] and parameters: {'k1': 0.03232155805617897, 'D_low': 31.117676855667376, 'k2': 0.0499774937030317, 'D_high': 85018.70149611714, 'fire_exp': 1.151006986743773, 'P_half': 12.808863354047988, 'pre_dampen_half': 111.37963167994629, 'gpp_af': 24.16872883741271, 'gpp_b': 0.7987896438549947, 'gpp_d': 958.6756313271846, 'ign_k': 5.9736167866478125, 'ign_c': 1.6676205667297381}.
[I 2026-08-06 00:00:17,878] Trial 1182 finished with values: [-0.5382009123846919, 0.10530901364226031] and parameters: {'k1': 0.015602015889668856, 'D_low': 2.458603276328005, 'k2': 1.702637694606324e-05, 'D_high': 85018.70149611714, 'fire_exp': 1.151006986743773, 'P_half': 12.808863354047988, 'pre_dampen_half': 703.6426675556048, 'gpp_af': 35.20481045526041, 'gpp_b': 0.7987896438549947, 'gpp_d': 4.5768578731086835, 'ign_k': 0.029732958317875816, 'ign_c': 0.11433485956638717}.
[I 2026-08-06 00:00:19,233] Trial 1183 finished with values: [-0.5611270338921063, 0.06408418028974916] and parameters: {'k1': 0.016973078532467004, 'D_low': 2.458603276328005, 'k2': 0.0007081721844034209, 'D_high': 85018.70149611714, 'fire_exp': 1.151006986743773, 'P_half': 177.4954658911452, 'pre_dampen_half': 703.6426675556048, 'gpp_af': 35.20481045526041, 'gpp_b': 0.7987896438549947, 'gpp_d': 4.5768578731086835, 'ign_k': 0.4702627143647234, 'ign_c': 0.11433485956638717}.
[I 2026-08-06 00:00:20,294] Trial 1184 finished with values: [10.337541246581823, 10.337541246581823] and parameters: {'k1': 0.015602015889668856, 'D_low': 70.18267183720735, 'k2': 0.0007081721844034209, 'D_high': 54669.374787660905, 'fire_exp': 1.151006986743773, 'P_half': 39.03214299767183, 'pre_dampen_half': 703.6426675556048, 'gpp_af': 35.20481045526041, 'gpp_b': 0.10123867001105968, 'gpp_d': 4.5768578731086835, 'ign_k': 0.4702627143647234, 'ign_c': 0.11433485956638717}.
