[I 2026-06-08 12:29:02,267] Trial 1019 finished with values: [-0.5295618396458652, 0.210944108290819] and parameters: {'k1': 0.037704815040649445, 'D_low': 38.82837025280678, 'k2': 0.012758211164590085, 'D_high': 3712.591045287726, 'fire_exp': 1.0601964743503993, 'P_half': 93.43302657318476, 'pre_dampen_half': 107.40052367919465, 'gpp_af': 0.1476584299248268, 'gpp_b': 0.0005752434266899163, 'gpp_d': 10.369565216756202, 'ign_k': 0.0315101491238403, 'ign_c': 30.28574109895626, 'trop_agb_crit': 3.5747129226002423, 'trop_k_veg': 4.282977578566486}.
[I 2026-06-08 12:29:03,472] Trial 1020 finished with values: [10.441655877897556, 10.441655877897556] and parameters: {'k1': 0.01889771394135163, 'D_low': 2.143851363193517, 'k2': 0.0012040762895973265, 'D_high': 1493.5213816355397, 'fire_exp': 1.3170256885255098, 'P_half': 442.0612468360114, 'pre_dampen_half': 107.40052367919465, 'gpp_af': 0.1476584299248268, 'gpp_b': 0.0005752434266899163, 'gpp_d': 150.14555442537656, 'ign_k': 5.595401979134829, 'ign_c': 20.03995359361212, 'trop_agb_crit': 1.0911298587990423, 'trop_k_veg': 2.573214588078609}.
[I 2026-06-08 12:29:04,610] Trial 1021 finished with values: [10.670110339071872, 10.670110339071872] and parameters: {'k1': 0.008471801418819975, 'D_low': 2.143851363193517, 'k2': 0.012758211164590085, 'D_high': 2940.51756322311, 'fire_exp': 1.165368636520435, 'P_half': 5.505316245273476, 'pre_dampen_half': 502.5175192217655, 'gpp_af': 0.1476584299248268, 'gpp_b': 0.0005752434266899163, 'gpp_d': 84.31013932082456, 'ign_k': 8.708806168038567, 'ign_c': 15.221840161091626, 'trop_agb_crit': 1.0911298587990423, 'trop_k_veg': 6.2065960186008615}.
[I 2026-06-08 12:29:05,795] Trial 1022 finished with values: [10.406558197556583, 10.406558197556583] and parameters: {'k1': 0.008287522363768155, 'D_low': 4.484744524732794, 'k2': 2.246290894032394e-05, 'D_high': 42210.21267871043, 'fire_exp': 1.3170256885255098, 'P_half': 4.213183643253957, 'pre_dampen_half': 63.6685916079943, 'gpp_af': 0.2204465010099918, 'gpp_b': 0.0021331409710300844, 'gpp_d': 0.07422439676110873, 'ign_k': 8.708806168038567, 'ign_c': 5.13055176058983, 'trop_agb_crit': 3.2954785755570537, 'trop_k_veg': 0.6568257529739655}.
[I 2026-06-08 12:29:06,953] Trial 1023 finished with values: [10.001999661524742, 10.001999661524742] and parameters: {'k1': 0.03635503353478365, 'D_low': 70.18267183720735, 'k2': 0.0012040762895973265, 'D_high': 2940.51756322311, 'fire_exp': 1.165368636520435, 'P_half': 12.808863354047988, 'pre_dampen_half': 107.40052367919465, 'gpp_af': 0.1476584299248268, 'gpp_b': 0.0005752434266899163, 'gpp_d': 660.9129108295722, 'ign_k': 8.708806168038567, 'ign_c': 20.03995359361212, 'trop_agb_crit': 1.0911298587990423, 'trop_k_veg': 6.9782110227926815}.
[I 2026-06-08 12:29:08,076] Trial 1024 finished with values: [10.065371679999469, 10.065371679999469] and parameters: {'k1': 0.008471801418819975, 'D_low': 2.143851363193517, 'k2': 0.012758211164590085, 'D_high': 2940.51756322311, 'fire_exp': 1.1430983876313219, 'P_half': 56.22114524476698, 'pre_dampen_half': 10.129197956845726, 'gpp_af': 0.7539992074650279, 'gpp_b': 0.0054502936945582505, 'gpp_d': 29.749683811098393, 'ign_k': 1.4047969156119493, 'ign_c': 1.2389052918551067, 'trop_agb_crit': 18.785197416433792, 'trop_k_veg': 0.5349971555643298}.
[I 2026-06-08 12:29:09,229] Trial 1025 finished with values: [10.116355855112822, 10.116355855112822] and parameters: {'k1': 0.004377346027756646, 'D_low': 1.3577269394141454, 'k2': 1.1065812688893481e-05, 'D_high': 2940.51756322311, 'fire_exp': 1.165368636520435, 'P_half': 220.3445560633069, 'pre_dampen_half': 502.5175192217655, 'gpp_af': 0.017199513788543352, 'gpp_b': 0.0005752434266899163, 'gpp_d': 66.3534198237528, 'ign_k': 8.708806168038567, 'ign_c': 20.03995359361212, 'trop_agb_crit': 24.584290528289387, 'trop_k_veg': 2.194427136482602}.
[I 2026-06-08 12:29:10,465] Trial 1026 finished with values: [10.53892816954026, 10.53892816954026] and parameters: {'k1': 0.01889771394135163, 'D_low': 64.39790863101601, 'k2': 0.0012040762895973265, 'D_high': 1493.5213816355397, 'fire_exp': 1.3170256885255098, 'P_half': 220.3445560633069, 'pre_dampen_half': 107.40052367919465, 'gpp_af': 10.178541681137117, 'gpp_b': 0.0005752434266899163, 'gpp_d': 10.369565216756202, 'ign_k': 0.011486447007152062, 'ign_c': 20.03995359361212, 'trop_agb_crit': 24.584290528289387, 'trop_k_veg': 0.5349971555643298}.
[I 2026-06-08 12:29:11,942] Trial 1027 finished with values: [10.065595759060137, 10.065595759060137] and parameters: {'k1': 0.008471801418819975, 'D_low': 1.212773905999145, 'k2': 1.915468390724633e-05, 'D_high': 2940.51756322311, 'fire_exp': 1.3170256885255098, 'P_half': 4.213183643253957, 'pre_dampen_half': 80.13235942571127, 'gpp_af': 0.1476584299248268, 'gpp_b': 3.111931329093809e-05, 'gpp_d': 10.369565216756202, 'ign_k': 8.708806168038567, 'ign_c': 20.03995359361212, 'trop_agb_crit': 24.584290528289387, 'trop_k_veg': 2.520089655463604}.
[I 2026-06-08 12:29:13,085] Trial 1028 finished with values: [10.263165714546288, 10.263165714546288] and parameters: {'k1': 0.03635503353478365, 'D_low': 38.82837025280678, 'k2': 0.0012040762895973265, 'D_high': 2940.51756322311, 'fire_exp': 1.3170256885255098, 'P_half': 220.3445560633069, 'pre_dampen_half': 107.40052367919465, 'gpp_af': 1.200191344086032, 'gpp_b': 0.0005752434266899163, 'gpp_d': 150.14555442537656, 'ign_k': 7.437725385707939, 'ign_c': 5.13055176058983, 'trop_agb_crit': 1.14876138417489, 'trop_k_veg': 2.573214588078609}.
[I 2026-06-08 12:29:14,201] Trial 1029 finished with values: [-0.5366505024551331, 0.13319519612159747] and parameters: {'k1': 0.01889771394135163, 'D_low': 1.9623826481168343, 'k2': 1.4665316366397004e-05, 'D_high': 1493.5213816355397, 'fire_exp': 1.3170256885255098, 'P_half': 4.213183643253957, 'pre_dampen_half': 107.40052367919465, 'gpp_af': 0.2204465010099918, 'gpp_b': 0.0021331409710300844, 'gpp_d': 14.792055086678463, 'ign_k': 8.708806168038567, 'ign_c': 15.221840161091626, 'trop_agb_crit': 24.584290528289387, 'trop_k_veg': 2.194427136482602}.
[I 2026-06-08 12:29:15,394] Trial 1030 finished with values: [10.10757745805233, 10.10757745805233] and parameters: {'k1': 0.004312951023617458, 'D_low': 64.39790863101601, 'k2': 0.012758211164590085, 'D_high': 2940.51756322311, 'fire_exp': 1.3170256885255098, 'P_half': 220.3445560633069, 'pre_dampen_half': 107.40052367919465, 'gpp_af': 0.1476584299248268, 'gpp_b': 0.0005752434266899163, 'gpp_d': 84.31013932082456, 'ign_k': 8.708806168038567, 'ign_c': 20.03995359361212, 'trop_agb_crit': 24.584290528289387, 'trop_k_veg': 0.5349971555643298}.
[I 2026-06-08 12:29:16,555] Trial 1031 finished with values: [10.318495959299755, 10.318495959299755] and parameters: {'k1': 0.004312951023617458, 'D_low': 1.9623826481168343, 'k2': 0.00015197743481843557, 'D_high': 1493.5213816355397, 'fire_exp': 1.165368636520435, 'P_half': 12.808863354047988, 'pre_dampen_half': 107.40052367919465, 'gpp_af': 0.1476584299248268, 'gpp_b': 0.0005752434266899163, 'gpp_d': 84.31013932082456, 'ign_k': 8.708806168038567, 'ign_c': 20.03995359361212, 'trop_agb_crit': 1.0911298587990423, 'trop_k_veg': 1.9358464828856796}.
[I 2026-06-08 12:29:17,775] Trial 1032 finished with values: [10.198709435075658, 10.198709435075658] and parameters: {'k1': 0.01889771394135163, 'D_low': 1.3577269394141454, 'k2': 1.1065812688893481e-05, 'D_high': 11936.92846763647, 'fire_exp': 1.165368636520435, 'P_half': 220.3445560633069, 'pre_dampen_half': 107.40052367919465, 'gpp_af': 0.7539992074650279, 'gpp_b': 0.0021331409710300844, 'gpp_d': 84.31013932082456, 'ign_k': 8.708806168038567, 'ign_c': 20.03995359361212, 'trop_agb_crit': 7.500118950416987, 'trop_k_veg': 1.4584243470991722}.
[I 2026-06-08 12:29:18,943] Trial 1033 finished with values: [10.359702339122334, 10.359702339122334] and parameters: {'k1': 0.01889771394135163, 'D_low': 64.39790863101601, 'k2': 1.4665316366397004e-05, 'D_high': 1493.5213816355397, 'fire_exp': 1.3170256885255098, 'P_half': 315.2494048956088, 'pre_dampen_half': 107.40052367919465, 'gpp_af': 0.1476584299248268, 'gpp_b': 0.0021331409710300844, 'gpp_d': 10.369565216756202, 'ign_k': 8.708806168038567, 'ign_c': 15.221840161091626, 'trop_agb_crit': 29.480726565384675, 'trop_k_veg': 2.194427136482602}.
[I 2026-06-08 12:29:20,112] Trial 1034 finished with values: [10.824485650290384, 10.824485650290384] and parameters: {'k1': 0.008471801418819975, 'D_low': 2.143851363193517, 'k2': 0.012758211164590085, 'D_high': 2940.51756322311, 'fire_exp': 1.165368636520435, 'P_half': 33.70998494872883, 'pre_dampen_half': 107.40052367919465, 'gpp_af': 0.7539992074650279, 'gpp_b': 0.0054502936945582505, 'gpp_d': 10.369565216756202, 'ign_k': 8.708806168038567, 'ign_c': 1.2389052918551067, 'trop_agb_crit': 2.012913102604422, 'trop_k_veg': 6.2065960186008615}.
[I 2026-06-08 12:29:21,268] Trial 1035 finished with values: [-0.5438566217118334, 0.11158389896492427] and parameters: {'k1': 0.01889771394135163, 'D_low': 1.9623826481168343, 'k2': 1.4665316366397004e-05, 'D_high': 2940.51756322311, 'fire_exp': 1.165368636520435, 'P_half': 4.213183643253957, 'pre_dampen_half': 107.40052367919465, 'gpp_af': 0.017199513788543352, 'gpp_b': 0.0005752434266899163, 'gpp_d': 84.31013932082456, 'ign_k': 8.708806168038567, 'ign_c': 15.221840161091626, 'trop_agb_crit': 7.500118950416987, 'trop_k_veg': 2.194427136482602}.
[I 2026-06-08 12:29:22,397] Trial 1036 finished with values: [-0.5807554472584076, 0.05064783232239756] and parameters: {'k1': 0.01889771394135163, 'D_low': 1.9623826481168343, 'k2': 0.0012040762895973265, 'D_high': 1493.5213816355397, 'fire_exp': 1.165368636520435, 'P_half': 4.213183643253957, 'pre_dampen_half': 107.40052367919465, 'gpp_af': 0.10409127568994281, 'gpp_b': 0.0005752434266899163, 'gpp_d': 84.31013932082456, 'ign_k': 8.708806168038567, 'ign_c': 20.03995359361212, 'trop_agb_crit': 7.500118950416987, 'trop_k_veg': 2.194427136482602}.
[I 2026-06-08 12:29:23,573] Trial 1037 finished with values: [-0.5682618291010253, 0.05889687431305368] and parameters: {'k1': 0.01889771394135163, 'D_low': 2.143851363193517, 'k2': 0.012758211164590085, 'D_high': 2940.51756322311, 'fire_exp': 1.165368636520435, 'P_half': 220.3445560633069, 'pre_dampen_half': 502.5175192217655, 'gpp_af': 0.05511595477601767, 'gpp_b': 0.0021331409710300844, 'gpp_d': 10.369565216756202, 'ign_k': 2.1368329072358767, 'ign_c': 20.03995359361212, 'trop_agb_crit': 1.0911298587990423, 'trop_k_veg': 0.7000576665556255}.
[I 2026-06-08 12:29:24,763] Trial 1038 finished with values: [10.730332159864465, 10.730332159864465] and parameters: {'k1': 0.01889771394135163, 'D_low': 4.484744524732794, 'k2': 2.246290894032394e-05, 'D_high': 1493.5213816355397, 'fire_exp': 1.3170256885255098, 'P_half': 2.5449737887285035, 'pre_dampen_half': 107.40052367919465, 'gpp_af': 0.017199513788543352, 'gpp_b': 0.04898665760408784, 'gpp_d': 84.31013932082456, 'ign_k': 8.708806168038567, 'ign_c': 15.221840161091626, 'trop_agb_crit': 13.938884581439597, 'trop_k_veg': 2.194427136482602}.
[I 2026-06-08 12:29:26,014] Trial 1039 finished with values: [10.571941139584162, 10.571941139584162] and parameters: {'k1': 0.008471801418819975, 'D_low': 376.3717463557541, 'k2': 0.0013219302264066773, 'D_high': 1493.5213816355397, 'fire_exp': 1.165368636520435, 'P_half': 93.43302657318476, 'pre_dampen_half': 107.40052367919465, 'gpp_af': 0.1476584299248268, 'gpp_b': 0.0021331409710300844, 'gpp_d': 84.31013932082456, 'ign_k': 0.0680787482656459, 'ign_c': 20.03995359361212, 'trop_agb_crit': 7.500118950416987, 'trop_k_veg': 6.2065960186008615}.
[I 2026-06-08 12:29:27,198] Trial 1040 finished with values: [-0.5258310895635333, 0.154454720925856] and parameters: {'k1': 0.012840669372724958, 'D_low': 355.00125258511594, 'k2': 0.001462400459012571, 'D_high': 42210.21267871043, 'fire_exp': 1.3170256885255098, 'P_half': 93.43302657318476, 'pre_dampen_half': 502.5175192217655, 'gpp_af': 0.2204465010099918, 'gpp_b': 0.0021331409710300844, 'gpp_d': 1.493264336549928, 'ign_k': 0.0680787482656459, 'ign_c': 5.13055176058983, 'trop_agb_crit': 24.584290528289387, 'trop_k_veg': 2.520089655463604}.
[I 2026-06-08 12:29:28,306] Trial 1041 finished with values: [-0.5160152187833092, 0.2183569051342572] and parameters: {'k1': 0.037704815040649445, 'D_low': 38.82837025280678, 'k2': 0.012758211164590085, 'D_high': 2940.51756322311, 'fire_exp': 1.0601964743503993, 'P_half': 220.3445560633069, 'pre_dampen_half': 502.5175192217655, 'gpp_af': 0.05511595477601767, 'gpp_b': 0.0021331409710300844, 'gpp_d': 10.369565216756202, 'ign_k': 0.0315101491238403, 'ign_c': 30.28574109895626, 'trop_agb_crit': 24.584290528289387, 'trop_k_veg': 0.5349971555643298}.
[I 2026-06-08 12:29:29,430] Trial 1042 finished with values: [10.27522614888955, 10.27522614888955] and parameters: {'k1': 0.01889771394135163, 'D_low': 64.39790863101601, 'k2': 1.4665316366397004e-05, 'D_high': 2940.51756322311, 'fire_exp': 1.165368636520435, 'P_half': 220.3445560633069, 'pre_dampen_half': 107.40052367919465, 'gpp_af': 0.017199513788543352, 'gpp_b': 0.0005752434266899163, 'gpp_d': 29.749683811098393, 'ign_k': 8.708806168038567, 'ign_c': 15.221840161091626, 'trop_agb_crit': 18.785197416433792, 'trop_k_veg': 0.5349971555643298}.
[I 2026-06-08 12:29:30,610] Trial 1043 finished with values: [10.272342936636411, 10.272342936636411] and parameters: {'k1': 1.4716512163645849e-05, 'D_low': 64.39790863101601, 'k2': 0.001462400459012571, 'D_high': 42210.21267871043, 'fire_exp': 1.3170256885255098, 'P_half': 220.3445560633069, 'pre_dampen_half': 63.6685916079943, 'gpp_af': 0.2204465010099918, 'gpp_b': 0.0021331409710300844, 'gpp_d': 14.792055086678463, 'ign_k': 0.0680787482656459, 'ign_c': 5.13055176058983, 'trop_agb_crit': 24.584290528289387, 'trop_k_veg': 0.5349971555643298}.
[I 2026-06-08 12:29:31,826] Trial 1044 finished with values: [10.892857142659844, 10.892857142659844] and parameters: {'k1': 0.01889771394135163, 'D_low': 7480.921720804117, 'k2': 0.012758211164590085, 'D_high': 3712.591045287726, 'fire_exp': 1.165368636520435, 'P_half': 4.213183643253957, 'pre_dampen_half': 107.40052367919465, 'gpp_af': 0.1476584299248268, 'gpp_b': 0.0005752434266899163, 'gpp_d': 10.369565216756202, 'ign_k': 0.0315101491238403, 'ign_c': 30.28574109895626, 'trop_agb_crit': 7.500118950416987, 'trop_k_veg': 3.49157152291552}.
[I 2026-06-08 12:29:33,335] Trial 1045 finished with values: [10.799314146128845, 10.799314146128845] and parameters: {'k1': 0.004312951023617458, 'D_low': 4.484744524732794, 'k2': 0.012758211164590085, 'D_high': 3712.591045287726, 'fire_exp': 1.0601964743503993, 'P_half': 220.3445560633069, 'pre_dampen_half': 107.40052367919465, 'gpp_af': 0.1476584299248268, 'gpp_b': 0.6198479224692378, 'gpp_d': 0.986538195779616, 'ign_k': 8.708806168038567, 'ign_c': 20.03995359361212, 'trop_agb_crit': 1.0911298587990423, 'trop_k_veg': 1.9358464828856796}.
[I 2026-06-08 12:29:34,449] Trial 1046 finished with values: [-0.543716616618554, 0.11103051300712496] and parameters: {'k1': 0.01889771394135163, 'D_low': 4.484744524732794, 'k2': 1.4665316366397004e-05, 'D_high': 2940.51756322311, 'fire_exp': 1.165368636520435, 'P_half': 4.213183643253957, 'pre_dampen_half': 107.40052367919465, 'gpp_af': 0.017199513788543352, 'gpp_b': 0.0005752434266899163, 'gpp_d': 84.31013932082456, 'ign_k': 8.708806168038567, 'ign_c': 15.221840161091626, 'trop_agb_crit': 7.500118950416987, 'trop_k_veg': 2.194427136482602}.
[I 2026-06-08 12:29:35,617] Trial 1047 finished with values: [10.69965068709578, 10.69965068709578] and parameters: {'k1': 0.008471801418819975, 'D_low': 1.3577269394141454, 'k2': 0.0012040762895973265, 'D_high': 1493.5213816355397, 'fire_exp': 1.165368636520435, 'P_half': 12.808863354047988, 'pre_dampen_half': 107.40052367919465, 'gpp_af': 10.178541681137117, 'gpp_b': 0.0005752434266899163, 'gpp_d': 84.31013932082456, 'ign_k': 8.708806168038567, 'ign_c': 1.483502036384642, 'trop_agb_crit': 7.500118950416987, 'trop_k_veg': 2.194427136482602}.
[I 2026-06-08 12:29:36,755] Trial 1048 finished with values: [10.892857142659844, 10.892857142659844] and parameters: {'k1': 0.01889771394135163, 'D_low': 1.9623826481168343, 'k2': 0.012758211164590085, 'D_high': 2940.51756322311, 'fire_exp': 1.1430983876313219, 'P_half': 56.22114524476698, 'pre_dampen_half': 107.40052367919465, 'gpp_af': 0.017199513788543352, 'gpp_b': 1.3289448722869181e-05, 'gpp_d': 84.31013932082456, 'ign_k': 8.708806168038567, 'ign_c': 831.5365004960594, 'trop_agb_crit': 7.7455469160099035, 'trop_k_veg': 2.194427136482602}.
[I 2026-06-08 12:29:37,861] Trial 1049 finished with values: [10.126859247214007, 10.126859247214007] and parameters: {'k1': 0.002136439666839362, 'D_low': 1.3577269394141454, 'k2': 0.0012040762895973265, 'D_high': 1493.5213816355397, 'fire_exp': 1.165368636520435, 'P_half': 12.808863354047988, 'pre_dampen_half': 107.40052367919465, 'gpp_af': 0.1476584299248268, 'gpp_b': 0.0005752434266899163, 'gpp_d': 84.31013932082456, 'ign_k': 8.708806168038567, 'ign_c': 20.03995359361212, 'trop_agb_crit': 7.500118950416987, 'trop_k_veg': 6.2065960186008615}.
[I 2026-06-08 12:29:39,048] Trial 1050 finished with values: [10.810304270675994, 10.810304270675994] and parameters: {'k1': 0.037704815040649445, 'D_low': 982.409871499049, 'k2': 0.0012040762895973265, 'D_high': 1493.5213816355397, 'fire_exp': 1.165368636520435, 'P_half': 4.213183643253957, 'pre_dampen_half': 107.40052367919465, 'gpp_af': 11.451145698676878, 'gpp_b': 0.08687036454256601, 'gpp_d': 10.369565216756202, 'ign_k': 0.0315101491238403, 'ign_c': 20.03995359361212, 'trop_agb_crit': 7.500118950416987, 'trop_k_veg': 2.194427136482602}.
[I 2026-06-08 12:29:40,299] Trial 1051 finished with values: [10.093302715997288, 10.093302715997288] and parameters: {'k1': 0.008287522363768155, 'D_low': 1.9623826481168343, 'k2': 1.915468390724633e-05, 'D_high': 1493.5213816355397, 'fire_exp': 1.165368636520435, 'P_half': 4.213183643253957, 'pre_dampen_half': 107.40052367919465, 'gpp_af': 0.05511595477601767, 'gpp_b': 0.0021331409710300844, 'gpp_d': 84.31013932082456, 'ign_k': 8.708806168038567, 'ign_c': 0.70689749506246, 'trop_agb_crit': 24.584290528289387, 'trop_k_veg': 0.5349971555643298}.
[I 2026-06-08 12:29:41,454] Trial 1052 finished with values: [10.789269558203307, 10.789269558203307] and parameters: {'k1': 0.037704815040649445, 'D_low': 38.82837025280678, 'k2': 0.012758211164590085, 'D_high': 32.53741042140524, 'fire_exp': 1.165368636520435, 'P_half': 22.54602706347901, 'pre_dampen_half': 107.40052367919465, 'gpp_af': 0.1476584299248268, 'gpp_b': 0.0005752434266899163, 'gpp_d': 10.369565216756202, 'ign_k': 0.0315101491238403, 'ign_c': 30.28574109895626, 'trop_agb_crit': 3.5747129226002423, 'trop_k_veg': 3.49157152291552}.
[I 2026-06-08 12:29:42,562] Trial 1053 finished with values: [10.43703770124325, 10.43703770124325] and parameters: {'k1': 0.01889771394135163, 'D_low': 1.3577269394141454, 'k2': 0.012758211164590085, 'D_high': 2940.51756322311, 'fire_exp': 1.0601964743503993, 'P_half': 220.3445560633069, 'pre_dampen_half': 107.40052367919465, 'gpp_af': 0.1476584299248268, 'gpp_b': 0.0005752434266899163, 'gpp_d': 84.31013932082456, 'ign_k': 6.891386015952696, 'ign_c': 15.221840161091626, 'trop_agb_crit': 7.500118950416987, 'trop_k_veg': 2.4978545597116653}.
[I 2026-06-08 12:29:43,654] Trial 1054 finished with values: [10.892857142659844, 10.892857142659844] and parameters: {'k1': 0.008287522363768155, 'D_low': 1.3577269394141454, 'k2': 0.001462400459012571, 'D_high': 1493.5213816355397, 'fire_exp': 1.165368636520435, 'P_half': 4.213183643253957, 'pre_dampen_half': 63.6685916079943, 'gpp_af': 0.2204465010099918, 'gpp_b': 0.0005752434266899163, 'gpp_d': 84.31013932082456, 'ign_k': 8.708806168038567, 'ign_c': 515.6257069134119, 'trop_agb_crit': 24.584290528289387, 'trop_k_veg': 2.194427136482602}.
[I 2026-06-08 12:29:44,778] Trial 1055 finished with values: [10.09564069114073, 10.09564069114073] and parameters: {'k1': 0.01889771394135163, 'D_low': 38.82837025280678, 'k2': 1.4665316366397004e-05, 'D_high': 3658.5185277368187, 'fire_exp': 1.165368636520435, 'P_half': 220.3445560633069, 'pre_dampen_half': 107.40052367919465, 'gpp_af': 0.1476584299248268, 'gpp_b': 0.0005752434266899163, 'gpp_d': 10.369565216756202, 'ign_k': 8.708806168038567, 'ign_c': 15.221840161091626, 'trop_agb_crit': 7.500118950416987, 'trop_k_veg': 2.194427136482602}.
[I 2026-06-08 12:29:45,991] Trial 1056 finished with values: [10.24314282331904, 10.24314282331904] and parameters: {'k1': 0.008287522363768155, 'D_low': 64.39790863101601, 'k2': 1.4665316366397004e-05, 'D_high': 42210.21267871043, 'fire_exp': 1.165368636520435, 'P_half': 220.3445560633069, 'pre_dampen_half': 63.6685916079943, 'gpp_af': 0.013276330623901841, 'gpp_b': 0.0005752434266899163, 'gpp_d': 84.31013932082456, 'ign_k': 8.708806168038567, 'ign_c': 15.221840161091626, 'trop_agb_crit': 24.584290528289387, 'trop_k_veg': 0.5349971555643298}.
[I 2026-06-08 12:29:47,235] Trial 1057 finished with values: [10.015833829953879, 10.015833829953879] and parameters: {'k1': 0.004312951023617458, 'D_low': 38.82837025280678, 'k2': 0.012758211164590085, 'D_high': 1493.5213816355397, 'fire_exp': 1.165368636520435, 'P_half': 4.213183643253957, 'pre_dampen_half': 107.40052367919465, 'gpp_af': 0.017199513788543352, 'gpp_b': 0.0005752434266899163, 'gpp_d': 84.31013932082456, 'ign_k': 8.708806168038567, 'ign_c': 20.03995359361212, 'trop_agb_crit': 7.500118950416987, 'trop_k_veg': 2.194427136482602}.
