[I 2026-06-08 12:51:23,728] Trial 2101 finished with values: [-0.5936613165551178, 0.044121670704182825] and parameters: {'k1': 0.01889771394135163, 'D_low': 1.4960850709142384, 'k2': 0.04333919331865372, 'D_high': 1493.5213816355397, 'fire_exp': 1.165368636520435, 'P_half': 12.808863354047988, 'pre_dampen_half': 107.40052367919465, 'gpp_af': 0.1476584299248268, 'gpp_b': 0.0005752434266899163, 'gpp_d': 10.369565216756202, 'ign_k': 8.708806168038567, 'ign_c': 20.03995359361212, 'trop_agb_crit': 3.5747129226002423, 'trop_k_veg': 6.9782110227926815}.
[I 2026-06-08 12:51:25,026] Trial 2102 finished with values: [10.074190416634513, 10.074190416634513] and parameters: {'k1': 0.03635503353478365, 'D_low': 2.018165937474199, 'k2': 0.012758211164590085, 'D_high': 2940.51756322311, 'fire_exp': 1.165368636520435, 'P_half': 12.808863354047988, 'pre_dampen_half': 107.40052367919465, 'gpp_af': 0.11144494111584484, 'gpp_b': 0.0005752434266899163, 'gpp_d': 10.369565216756202, 'ign_k': 8.708806168038567, 'ign_c': 20.03995359361212, 'trop_agb_crit': 3.5747129226002423, 'trop_k_veg': 6.9782110227926815}.
[I 2026-06-08 12:51:26,245] Trial 2103 finished with values: [-0.593972506681601, 0.042369559259526346] and parameters: {'k1': 0.01889771394135163, 'D_low': 1.4960850709142384, 'k2': 0.012758211164590085, 'D_high': 1493.5213816355397, 'fire_exp': 1.165368636520435, 'P_half': 12.808863354047988, 'pre_dampen_half': 107.40052367919465, 'gpp_af': 0.10409127568994281, 'gpp_b': 0.0005752434266899163, 'gpp_d': 660.9129108295722, 'ign_k': 8.708806168038567, 'ign_c': 20.03995359361212, 'trop_agb_crit': 3.5747129226002423, 'trop_k_veg': 7.079636637334668}.
[I 2026-06-08 12:51:27,432] Trial 2104 finished with values: [10.092769374590471, 10.092769374590471] and parameters: {'k1': 0.03635503353478365, 'D_low': 70.18267183720735, 'k2': 0.04333919331865372, 'D_high': 1493.5213816355397, 'fire_exp': 1.165368636520435, 'P_half': 12.808863354047988, 'pre_dampen_half': 107.40052367919465, 'gpp_af': 0.017199513788543352, 'gpp_b': 0.0005752434266899163, 'gpp_d': 10.369565216756202, 'ign_k': 8.708806168038567, 'ign_c': 20.03995359361212, 'trop_agb_crit': 3.5747129226002423, 'trop_k_veg': 6.9782110227926815}.
[I 2026-06-08 12:51:28,633] Trial 2105 finished with values: [-0.5946453837229887, 0.045998897006659156] and parameters: {'k1': 0.01889771394135163, 'D_low': 2.143851363193517, 'k2': 0.012758211164590085, 'D_high': 1493.5213816355397, 'fire_exp': 1.165368636520435, 'P_half': 12.808863354047988, 'pre_dampen_half': 107.40052367919465, 'gpp_af': 0.1476584299248268, 'gpp_b': 0.0005752434266899163, 'gpp_d': 10.369565216756202, 'ign_k': 8.708806168038567, 'ign_c': 20.03995359361212, 'trop_agb_crit': 3.5747129226002423, 'trop_k_veg': 2.194427136482602}.
[I 2026-06-08 12:51:29,889] Trial 2106 finished with values: [10.892857142659844, 10.892857142659844] and parameters: {'k1': 0.01889771394135163, 'D_low': 2.143851363193517, 'k2': 0.012758211164590085, 'D_high': 1493.5213816355397, 'fire_exp': 1.165368636520435, 'P_half': 1751.920215616966, 'pre_dampen_half': 107.40052367919465, 'gpp_af': 0.1476584299248268, 'gpp_b': 0.0005752434266899163, 'gpp_d': 21.828476026538596, 'ign_k': 8.708806168038567, 'ign_c': 220.44675565696602, 'trop_agb_crit': 3.5747129226002423, 'trop_k_veg': 1.255937030058642}.
[I 2026-06-08 12:51:31,191] Trial 2107 finished with values: [-0.591403585951061, 0.06099203597321168] and parameters: {'k1': 0.008471801418819975, 'D_low': 2.143851363193517, 'k2': 0.012758211164590085, 'D_high': 1493.5213816355397, 'fire_exp': 1.165368636520435, 'P_half': 2.1570307680573153, 'pre_dampen_half': 107.40052367919465, 'gpp_af': 2.9382604362132305, 'gpp_b': 0.0005752434266899163, 'gpp_d': 32.59634197484904, 'ign_k': 8.708806168038567, 'ign_c': 20.03995359361212, 'trop_agb_crit': 7.500118950416987, 'trop_k_veg': 6.197108275106861}.
[I 2026-06-08 12:51:32,463] Trial 2108 finished with values: [-0.585708027335204, 0.03470772843736025] and parameters: {'k1': 0.03635503353478365, 'D_low': 70.18267183720735, 'k2': 0.04333919331865372, 'D_high': 1493.5213816355397, 'fire_exp': 1.165368636520435, 'P_half': 12.808863354047988, 'pre_dampen_half': 107.40052367919465, 'gpp_af': 0.10409127568994281, 'gpp_b': 0.0005752434266899163, 'gpp_d': 64.49247782660952, 'ign_k': 8.708806168038567, 'ign_c': 20.03995359361212, 'trop_agb_crit': 3.5747129226002423, 'trop_k_veg': 4.241255110779208}.
[I 2026-06-08 12:51:33,636] Trial 2109 finished with values: [10.161793621287414, 10.161793621287414] and parameters: {'k1': 0.01889771394135163, 'D_low': 70.18267183720735, 'k2': 0.012758211164590085, 'D_high': 2940.51756322311, 'fire_exp': 1.165368636520435, 'P_half': 415.5303477689715, 'pre_dampen_half': 107.40052367919465, 'gpp_af': 0.017199513788543352, 'gpp_b': 0.0005752434266899163, 'gpp_d': 660.9129108295722, 'ign_k': 8.708806168038567, 'ign_c': 20.03995359361212, 'trop_agb_crit': 7.500118950416987, 'trop_k_veg': 6.197108275106861}.
[I 2026-06-08 12:51:34,838] Trial 2110 finished with values: [-0.5918747504421003, 0.042778007376496174] and parameters: {'k1': 0.01889771394135163, 'D_low': 4.039990084442394, 'k2': 0.012758211164590085, 'D_high': 1493.5213816355397, 'fire_exp': 1.165368636520435, 'P_half': 12.808863354047988, 'pre_dampen_half': 107.40052367919465, 'gpp_af': 0.1476584299248268, 'gpp_b': 0.0005752434266899163, 'gpp_d': 2.894858897509171, 'ign_k': 8.708806168038567, 'ign_c': 20.03995359361212, 'trop_agb_crit': 3.5747129226002423, 'trop_k_veg': 5.670721616128258}.
[I 2026-06-08 12:51:35,977] Trial 2111 finished with values: [10.0716035730776, 10.0716035730776] and parameters: {'k1': 0.01889771394135163, 'D_low': 1.9623826481168343, 'k2': 0.012758211164590085, 'D_high': 1493.5213816355397, 'fire_exp': 1.165368636520435, 'P_half': 148.62721357628138, 'pre_dampen_half': 107.40052367919465, 'gpp_af': 0.029723297046800014, 'gpp_b': 0.0005752434266899163, 'gpp_d': 660.9129108295722, 'ign_k': 0.1433435681799585, 'ign_c': 20.03995359361212, 'trop_agb_crit': 3.5747129226002423, 'trop_k_veg': 7.963430468552991}.
[I 2026-06-08 12:51:37,180] Trial 2112 finished with values: [-0.5882093776475024, 0.029809379649305523] and parameters: {'k1': 0.01889771394135163, 'D_low': 70.18267183720735, 'k2': 0.04333919331865372, 'D_high': 1493.5213816355397, 'fire_exp': 1.165368636520435, 'P_half': 4.213183643253957, 'pre_dampen_half': 107.40052367919465, 'gpp_af': 0.025844142788784538, 'gpp_b': 0.0005752434266899163, 'gpp_d': 10.369565216756202, 'ign_k': 8.708806168038567, 'ign_c': 20.03995359361212, 'trop_agb_crit': 7.500118950416987, 'trop_k_veg': 6.197108275106861}.
[I 2026-06-08 12:51:38,449] Trial 2113 finished with values: [10.294638877893858, 10.294638877893858] and parameters: {'k1': 0.01889771394135163, 'D_low': 1.175464326398279, 'k2': 0.012758211164590085, 'D_high': 502.2416692171871, 'fire_exp': 1.165368636520435, 'P_half': 4.213183643253957, 'pre_dampen_half': 107.40052367919465, 'gpp_af': 0.1476584299248268, 'gpp_b': 0.0005752434266899163, 'gpp_d': 660.9129108295722, 'ign_k': 8.708806168038567, 'ign_c': 20.03995359361212, 'trop_agb_crit': 1.136310595307313, 'trop_k_veg': 2.1104394500982346}.
[I 2026-06-08 12:51:39,778] Trial 2114 finished with values: [10.830419638228594, 10.830419638228594] and parameters: {'k1': 0.01889771394135163, 'D_low': 1.9623826481168343, 'k2': 0.012758211164590085, 'D_high': 2940.51756322311, 'fire_exp': 1.165368636520435, 'P_half': 12.808863354047988, 'pre_dampen_half': 0.043584694489762696, 'gpp_af': 0.017199513788543352, 'gpp_b': 0.0005752434266899163, 'gpp_d': 32.59634197484904, 'ign_k': 8.708806168038567, 'ign_c': 20.03995359361212, 'trop_agb_crit': 3.5747129226002423, 'trop_k_veg': 4.176188992026632}.
[I 2026-06-08 12:51:40,995] Trial 2115 finished with values: [10.019874976084765, 10.019874976084765] and parameters: {'k1': 0.02348808493262077, 'D_low': 2.018165937474199, 'k2': 0.012758211164590085, 'D_high': 1493.5213816355397, 'fire_exp': 1.0000267903731224, 'P_half': 46.37279940675019, 'pre_dampen_half': 107.40052367919465, 'gpp_af': 0.10409127568994281, 'gpp_b': 0.0005752434266899163, 'gpp_d': 660.9129108295722, 'ign_k': 8.708806168038567, 'ign_c': 20.03995359361212, 'trop_agb_crit': 3.5747129226002423, 'trop_k_veg': 2.194427136482602}.
[I 2026-06-08 12:51:42,132] Trial 2116 finished with values: [-0.5853800922044808, 0.03662338429613332] and parameters: {'k1': 0.03635503353478365, 'D_low': 70.18267183720735, 'k2': 0.012758211164590085, 'D_high': 1493.5213816355397, 'fire_exp': 1.165368636520435, 'P_half': 12.808863354047988, 'pre_dampen_half': 107.40052367919465, 'gpp_af': 0.1476584299248268, 'gpp_b': 0.0005752434266899163, 'gpp_d': 10.369565216756202, 'ign_k': 8.708806168038567, 'ign_c': 20.03995359361212, 'trop_agb_crit': 3.5747129226002423, 'trop_k_veg': 6.9782110227926815}.
[I 2026-06-08 12:51:43,903] Trial 2117 finished with values: [-0.5853430976931553, 0.03353660000193226] and parameters: {'k1': 0.01889771394135163, 'D_low': 1.4960850709142384, 'k2': 0.005130610786079737, 'D_high': 1493.5213816355397, 'fire_exp': 1.165368636520435, 'P_half': 12.808863354047988, 'pre_dampen_half': 107.40052367919465, 'gpp_af': 0.017199513788543352, 'gpp_b': 0.0005752434266899163, 'gpp_d': 84.31013932082456, 'ign_k': 8.708806168038567, 'ign_c': 20.03995359361212, 'trop_agb_crit': 3.5747129226002423, 'trop_k_veg': 6.9782110227926815}.
[I 2026-06-08 12:51:45,112] Trial 2118 finished with values: [-0.5971719854747928, 0.053470920723462045] and parameters: {'k1': 0.03635503353478365, 'D_low': 70.18267183720735, 'k2': 0.012758211164590085, 'D_high': 2940.51756322311, 'fire_exp': 1.165368636520435, 'P_half': 4.213183643253957, 'pre_dampen_half': 129.6205834341811, 'gpp_af': 0.10409127568994281, 'gpp_b': 0.0005752434266899163, 'gpp_d': 32.59634197484904, 'ign_k': 8.708806168038567, 'ign_c': 20.03995359361212, 'trop_agb_crit': 3.5747129226002423, 'trop_k_veg': 2.3955239707119294}.
[I 2026-06-08 12:51:46,388] Trial 2119 finished with values: [-0.5890544161858249, 0.03887757108586076] and parameters: {'k1': 0.03635503353478365, 'D_low': 43.50263661868244, 'k2': 0.04333919331865372, 'D_high': 1493.5213816355397, 'fire_exp': 1.165368636520435, 'P_half': 4.213183643253957, 'pre_dampen_half': 107.40052367919465, 'gpp_af': 0.10409127568994281, 'gpp_b': 0.0005752434266899163, 'gpp_d': 660.9129108295722, 'ign_k': 8.708806168038567, 'ign_c': 20.03995359361212, 'trop_agb_crit': 3.5747129226002423, 'trop_k_veg': 4.241255110779208}.
[I 2026-06-08 12:51:48,047] Trial 2120 finished with values: [-0.5886403074998423, 0.038979100085563156] and parameters: {'k1': 0.03635503353478365, 'D_low': 1.4960850709142384, 'k2': 0.012758211164590085, 'D_high': 1493.5213816355397, 'fire_exp': 1.165368636520435, 'P_half': 123.03841400786972, 'pre_dampen_half': 107.40052367919465, 'gpp_af': 0.1476584299248268, 'gpp_b': 0.0005752434266899163, 'gpp_d': 32.59634197484904, 'ign_k': 8.708806168038567, 'ign_c': 20.03995359361212, 'trop_agb_crit': 3.5747129226002423, 'trop_k_veg': 7.079636637334668}.
[I 2026-06-08 12:51:49,704] Trial 2121 finished with values: [10.07829105307431, 10.07829105307431] and parameters: {'k1': 0.01889771394135163, 'D_low': 70.18267183720735, 'k2': 0.012758211164590085, 'D_high': 1493.5213816355397, 'fire_exp': 1.165368636520435, 'P_half': 12.808863354047988, 'pre_dampen_half': 107.40052367919465, 'gpp_af': 0.017199513788543352, 'gpp_b': 0.0005752434266899163, 'gpp_d': 32.59634197484904, 'ign_k': 8.708806168038567, 'ign_c': 20.03995359361212, 'trop_agb_crit': 3.5747129226002423, 'trop_k_veg': 2.3955239707119294}.
[I 2026-06-08 12:51:51,172] Trial 2122 finished with values: [-0.5926673766558961, 0.0419769123612761] and parameters: {'k1': 0.01889771394135163, 'D_low': 2.143851363193517, 'k2': 0.04333919331865372, 'D_high': 2940.51756322311, 'fire_exp': 1.165368636520435, 'P_half': 4.213183643253957, 'pre_dampen_half': 107.40052367919465, 'gpp_af': 0.017199513788543352, 'gpp_b': 0.0005752434266899163, 'gpp_d': 10.369565216756202, 'ign_k': 8.708806168038567, 'ign_c': 20.03995359361212, 'trop_agb_crit': 3.5747129226002423, 'trop_k_veg': 6.9782110227926815}.
[I 2026-06-08 12:51:52,358] Trial 2123 finished with values: [10.774538053670936, 10.774538053670936] and parameters: {'k1': 0.03635503353478365, 'D_low': 1.4960850709142384, 'k2': 0.04333919331865372, 'D_high': 16.540082826456523, 'fire_exp': 1.0210299208259914, 'P_half': 12.808863354047988, 'pre_dampen_half': 107.40052367919465, 'gpp_af': 0.10409127568994281, 'gpp_b': 0.0005752434266899163, 'gpp_d': 84.31013932082456, 'ign_k': 8.708806168038567, 'ign_c': 20.03995359361212, 'trop_agb_crit': 3.5747129226002423, 'trop_k_veg': 4.241255110779208}.
[I 2026-06-08 12:51:53,720] Trial 2124 finished with values: [10.398174383567714, 10.398174383567714] and parameters: {'k1': 0.01889771394135163, 'D_low': 1.4960850709142384, 'k2': 0.012758211164590085, 'D_high': 2940.51756322311, 'fire_exp': 1.165368636520435, 'P_half': 12.808863354047988, 'pre_dampen_half': 107.40052367919465, 'gpp_af': 73.34842873656453, 'gpp_b': 0.0005752434266899163, 'gpp_d': 10.369565216756202, 'ign_k': 8.708806168038567, 'ign_c': 20.03995359361212, 'trop_agb_crit': 3.5747129226002423, 'trop_k_veg': 5.233860299050363}.
[I 2026-06-08 12:51:55,192] Trial 2125 finished with values: [10.065803505556282, 10.065803505556282] and parameters: {'k1': 0.01889771394135163, 'D_low': 1.4960850709142384, 'k2': 0.012758211164590085, 'D_high': 1493.5213816355397, 'fire_exp': 1.165368636520435, 'P_half': 12.808863354047988, 'pre_dampen_half': 107.40052367919465, 'gpp_af': 0.029723297046800014, 'gpp_b': 0.0005752434266899163, 'gpp_d': 0.13509107456844294, 'ign_k': 1.692864311695629, 'ign_c': 20.03995359361212, 'trop_agb_crit': 3.5747129226002423, 'trop_k_veg': 2.194427136482602}.
[I 2026-06-08 12:51:56,298] Trial 2126 finished with values: [10.119289950620487, 10.119289950620487] and parameters: {'k1': 0.03635503353478365, 'D_low': 1.0520180629652964, 'k2': 0.00016473841324027213, 'D_high': 1493.5213816355397, 'fire_exp': 1.165368636520435, 'P_half': 4.213183643253957, 'pre_dampen_half': 107.40052367919465, 'gpp_af': 0.1476584299248268, 'gpp_b': 0.0005752434266899163, 'gpp_d': 660.9129108295722, 'ign_k': 6.705921794825829, 'ign_c': 20.03995359361212, 'trop_agb_crit': 3.5747129226002423, 'trop_k_veg': 2.194427136482602}.
[I 2026-06-08 12:51:57,445] Trial 2127 finished with values: [-0.5891799658040476, 0.03924108631024714] and parameters: {'k1': 0.02348808493262077, 'D_low': 70.18267183720735, 'k2': 0.012758211164590085, 'D_high': 1493.5213816355397, 'fire_exp': 1.165368636520435, 'P_half': 4.213183643253957, 'pre_dampen_half': 107.40052367919465, 'gpp_af': 0.1476584299248268, 'gpp_b': 0.0005752434266899163, 'gpp_d': 660.9129108295722, 'ign_k': 8.708806168038567, 'ign_c': 20.03995359361212, 'trop_agb_crit': 3.5747129226002423, 'trop_k_veg': 2.194427136482602}.
[I 2026-06-08 12:51:58,657] Trial 2128 finished with values: [-0.594869042781091, 0.04543916412301874] and parameters: {'k1': 0.01889771394135163, 'D_low': 1.175464326398279, 'k2': 0.012758211164590085, 'D_high': 1493.5213816355397, 'fire_exp': 1.165368636520435, 'P_half': 4.213183643253957, 'pre_dampen_half': 107.40052367919465, 'gpp_af': 0.1476584299248268, 'gpp_b': 0.0005752434266899163, 'gpp_d': 660.9129108295722, 'ign_k': 8.708806168038567, 'ign_c': 20.03995359361212, 'trop_agb_crit': 3.5747129226002423, 'trop_k_veg': 7.079636637334668}.
[I 2026-06-08 12:52:00,070] Trial 2129 finished with values: [10.136962789974898, 10.136962789974898] and parameters: {'k1': 0.03635503353478365, 'D_low': 70.18267183720735, 'k2': 0.04333919331865372, 'D_high': 1493.5213816355397, 'fire_exp': 1.165368636520435, 'P_half': 4.213183643253957, 'pre_dampen_half': 107.40052367919465, 'gpp_af': 0.10907247178366643, 'gpp_b': 0.0005752434266899163, 'gpp_d': 0.33091203415654347, 'ign_k': 8.708806168038567, 'ign_c': 20.03995359361212, 'trop_agb_crit': 3.5747129226002423, 'trop_k_veg': 6.9782110227926815}.
[I 2026-06-08 12:52:01,651] Trial 2130 finished with values: [-0.5948859054188407, 0.04507986713754086] and parameters: {'k1': 0.01889771394135163, 'D_low': 1.4960850709142384, 'k2': 0.012758211164590085, 'D_high': 1493.5213816355397, 'fire_exp': 1.165368636520435, 'P_half': 4.213183643253957, 'pre_dampen_half': 107.40052367919465, 'gpp_af': 0.10409127568994281, 'gpp_b': 0.0005752434266899163, 'gpp_d': 660.9129108295722, 'ign_k': 1.692864311695629, 'ign_c': 20.03995359361212, 'trop_agb_crit': 3.5747129226002423, 'trop_k_veg': 6.9782110227926815}.
[I 2026-06-08 12:52:03,180] Trial 2131 finished with values: [10.130434361118366, 10.130434361118366] and parameters: {'k1': 0.01889771394135163, 'D_low': 1.175464326398279, 'k2': 8.349618802917238e-05, 'D_high': 1493.5213816355397, 'fire_exp': 1.165368636520435, 'P_half': 4.213183643253957, 'pre_dampen_half': 107.40052367919465, 'gpp_af': 0.1476584299248268, 'gpp_b': 0.0005752434266899163, 'gpp_d': 660.9129108295722, 'ign_k': 8.708806168038567, 'ign_c': 20.03995359361212, 'trop_agb_crit': 3.5747129226002423, 'trop_k_veg': 2.194427136482602}.
[I 2026-06-08 12:52:09,035] Trial 2132 finished with values: [-0.5978660430544629, 0.04909075254847528] and parameters: {'k1': 0.01889771394135163, 'D_low': 32.83796190364696, 'k2': 0.012758211164590085, 'D_high': 2940.51756322311, 'fire_exp': 1.165368636520435, 'P_half': 12.808863354047988, 'pre_dampen_half': 107.40052367919465, 'gpp_af': 0.05511595477601767, 'gpp_b': 0.0005752434266899163, 'gpp_d': 10.369565216756202, 'ign_k': 8.708806168038567, 'ign_c': 20.03995359361212, 'trop_agb_crit': 3.5747129226002423, 'trop_k_veg': 2.194427136482602}.
[I 2026-06-08 12:52:11,604] Trial 2133 finished with values: [10.82864801463113, 10.82864801463113] and parameters: {'k1': 0.01889771394135163, 'D_low': 70.18267183720735, 'k2': 0.012758211164590085, 'D_high': 10.136669535704064, 'fire_exp': 1.165368636520435, 'P_half': 4.213183643253957, 'pre_dampen_half': 107.40052367919465, 'gpp_af': 0.05511595477601767, 'gpp_b': 0.0005752434266899163, 'gpp_d': 10.369565216756202, 'ign_k': 8.708806168038567, 'ign_c': 20.03995359361212, 'trop_agb_crit': 3.5747129226002423, 'trop_k_veg': 6.9782110227926815}.
[I 2026-06-08 12:52:14,825] Trial 2134 finished with values: [-0.5971438167828573, 0.048318480187818924] and parameters: {'k1': 0.02348808493262077, 'D_low': 2.018165937474199, 'k2': 0.012758211164590085, 'D_high': 1493.5213816355397, 'fire_exp': 1.165368636520435, 'P_half': 4.213183643253957, 'pre_dampen_half': 129.6205834341811, 'gpp_af': 0.10409127568994281, 'gpp_b': 0.0005752434266899163, 'gpp_d': 660.9129108295722, 'ign_k': 8.708806168038567, 'ign_c': 20.03995359361212, 'trop_agb_crit': 3.5747129226002423, 'trop_k_veg': 2.194427136482602}.
[I 2026-06-08 12:52:17,674] Trial 2135 finished with values: [-0.5904831985990723, 0.03815225874603412] and parameters: {'k1': 0.02348808493262077, 'D_low': 70.18267183720735, 'k2': 0.012758211164590085, 'D_high': 1493.5213816355397, 'fire_exp': 1.165368636520435, 'P_half': 4.213183643253957, 'pre_dampen_half': 107.40052367919465, 'gpp_af': 0.1476584299248268, 'gpp_b': 0.0005752434266899163, 'gpp_d': 660.9129108295722, 'ign_k': 8.708806168038567, 'ign_c': 20.03995359361212, 'trop_agb_crit': 4.5511277305037705, 'trop_k_veg': 7.079636637334668}.
[I 2026-06-08 12:52:20,598] Trial 2136 finished with values: [-0.5954537907841722, 0.0507257893373072] and parameters: {'k1': 0.03635503353478365, 'D_low': 70.18267183720735, 'k2': 0.012758211164590085, 'D_high': 2940.51756322311, 'fire_exp': 1.165368636520435, 'P_half': 12.808863354047988, 'pre_dampen_half': 107.40052367919465, 'gpp_af': 0.10409127568994281, 'gpp_b': 0.0005752434266899163, 'gpp_d': 84.31013932082456, 'ign_k': 8.708806168038567, 'ign_c': 20.03995359361212, 'trop_agb_crit': 3.5747129226002423, 'trop_k_veg': 2.194427136482602}.
[I 2026-06-08 12:52:23,379] Trial 2137 finished with values: [10.892857142659844, 10.892857142659844] and parameters: {'k1': 0.03635503353478365, 'D_low': 52.44744178276729, 'k2': 0.012758211164590085, 'D_high': 1493.5213816355397, 'fire_exp': 1.165368636520435, 'P_half': 4.213183643253957, 'pre_dampen_half': 107.40052367919465, 'gpp_af': 0.029723297046800014, 'gpp_b': 0.0005752434266899163, 'gpp_d': 150.14555442537656, 'ign_k': 8.708806168038567, 'ign_c': 82.67594665214538, 'trop_agb_crit': 3.5747129226002423, 'trop_k_veg': 1.9327677328474036}.
[I 2026-06-08 12:52:26,152] Trial 2138 finished with values: [-0.5865789889056209, 0.03650436588307571] and parameters: {'k1': 0.03635503353478365, 'D_low': 70.18267183720735, 'k2': 0.012758211164590085, 'D_high': 1493.5213816355397, 'fire_exp': 1.165368636520435, 'P_half': 4.213183643253957, 'pre_dampen_half': 107.40052367919465, 'gpp_af': 0.10409127568994281, 'gpp_b': 0.0005752434266899163, 'gpp_d': 84.31013932082456, 'ign_k': 7.368549395727129, 'ign_c': 20.03995359361212, 'trop_agb_crit': 3.5747129226002423, 'trop_k_veg': 2.194427136482602}.
[I 2026-06-08 12:52:30,502] Trial 2139 finished with values: [10.78765806117665, 10.78765806117665] and parameters: {'k1': 0.01889771394135163, 'D_low': 70.18267183720735, 'k2': 0.04333919331865372, 'D_high': 78.91761161002496, 'fire_exp': 1.165368636520435, 'P_half': 4.213183643253957, 'pre_dampen_half': 107.40052367919465, 'gpp_af': 0.1476584299248268, 'gpp_b': 0.0005752434266899163, 'gpp_d': 10.369565216756202, 'ign_k': 8.708806168038567, 'ign_c': 20.03995359361212, 'trop_agb_crit': 7.500118950416987, 'trop_k_veg': 2.194427136482602}.
