[I 2026-07-22 21:58:06,525] Trial 807 finished with values: [10.08891113115447, 10.08891113115447] and parameters: {'k1': 0.003242143344038315, 'D_low': 91.66403471455098, 'k2': 2.1698375693549493e-05, 'D_high': 8433503.858791472, 'fire_exp': 1.262826333392102, 'P_half': 1.4378290221680121, 'pre_dampen_half': 10.059683154936915, 'gpp_af': 1.1300566419249867, 'gpp_b': 0.00011277885258222645, 'gpp_d': 8.057329182285729, 'ign_k': 2.9663798365255736, 'ign_c': 16.626592254031866, 'trop_agb_crit': 5.707205898008383, 'trop_k_veg': 1.7428926895756522, 'fuel_k': 0.7156083490235493, 'fuel_half': 81.87941582538087}.
[I 2026-07-22 21:58:06,948] Trial 808 finished with values: [10.765782041937623, 10.765782041937623] and parameters: {'k1': 0.003242143344038315, 'D_low': 4.043300846639722, 'k2': 1.6559474674046002e-05, 'D_high': 1693415.5410667954, 'fire_exp': 2.3123511487896353, 'P_half': 2309.331703082654, 'pre_dampen_half': 10.059683154936915, 'gpp_af': 0.0015564377110419772, 'gpp_b': 0.002022832315155261, 'gpp_d': 25.017068255320467, 'ign_k': 0.04732407125181112, 'ign_c': 0.19678273362633986, 'trop_agb_crit': 1.7813653882411722, 'trop_k_veg': 1.6340262437673856, 'fuel_k': 3.200598563635171, 'fuel_half': 18.202647368248815}.
[I 2026-07-22 21:58:07,373] Trial 809 finished with values: [10.265240457884795, 10.265240457884795] and parameters: {'k1': 9.969469187531805e-05, 'D_low': 8454.098152188677, 'k2': 1.6559474674046002e-05, 'D_high': 8433503.858791472, 'fire_exp': 2.2271826002669806, 'P_half': 70.13097205353067, 'pre_dampen_half': 10.059683154936915, 'gpp_af': 1.4498445474033743, 'gpp_b': 0.002022832315155261, 'gpp_d': 34.972243108738105, 'ign_k': 0.3538391696694434, 'ign_c': 0.13670484737132343, 'trop_agb_crit': 10.719494362768906, 'trop_k_veg': 1.6340262437673856, 'fuel_k': 3.6992394681929355, 'fuel_half': 2.276766792290519}.
[I 2026-07-22 21:58:07,797] Trial 810 finished with values: [-0.257370316523505, 0.10037365597170356] and parameters: {'k1': 9.969469187531805e-05, 'D_low': 4.043300846639722, 'k2': 0.004339260158221388, 'D_high': 1693415.5410667954, 'fire_exp': 2.3750840427797026, 'P_half': 1.4378290221680121, 'pre_dampen_half': 868.1843415114095, 'gpp_af': 0.3259758793317361, 'gpp_b': 0.00011277885258222645, 'gpp_d': 1.050978521342778, 'ign_k': 0.004144296901136395, 'ign_c': 4.1108484350212295, 'trop_agb_crit': 15.870971677383487, 'trop_k_veg': 0.5695379443977426, 'fuel_k': 0.6199941538390381, 'fuel_half': 18.202647368248815}.
[I 2026-07-22 21:58:08,222] Trial 811 finished with values: [10.245867205982817, 10.245867205982817] and parameters: {'k1': 0.003242143344038315, 'D_low': 1.1640589436768796, 'k2': 0.030699709531122953, 'D_high': 2512533.442757688, 'fire_exp': 2.270926935434187, 'P_half': 27.59069025439785, 'pre_dampen_half': 10.059683154936915, 'gpp_af': 2.114381609520638, 'gpp_b': 1.2892705405728861e-05, 'gpp_d': 129.7393125993744, 'ign_k': 0.050667002161528835, 'ign_c': 0.19678273362633986, 'trop_agb_crit': 5.707205898008383, 'trop_k_veg': 1.618831710447345, 'fuel_k': 0.09252659617259135, 'fuel_half': 2.276766792290519}.
[I 2026-07-22 21:58:08,649] Trial 812 finished with values: [13.219047137667925, 13.219047137667925] and parameters: {'k1': 0.003242143344038315, 'D_low': 4.043300846639722, 'k2': 0.00352110299468884, 'D_high': 1693415.5410667954, 'fire_exp': 2.2271826002669806, 'P_half': 3.6138942712165267, 'pre_dampen_half': 868.1843415114095, 'gpp_af': 1.1300566419249867, 'gpp_b': 3.228689523591491e-05, 'gpp_d': 8.057329182285729, 'ign_k': 4.59148521674054, 'ign_c': 8.356564873457042, 'trop_agb_crit': 5.707205898008383, 'trop_k_veg': 6.911478238001162, 'fuel_k': 0.028970790717327534, 'fuel_half': 38.21129441691226}.
[I 2026-07-22 21:58:09,067] Trial 813 finished with values: [10.54886401031074, 10.54886401031074] and parameters: {'k1': 0.09738633019266786, 'D_low': 91.66403471455098, 'k2': 2.1698375693549493e-05, 'D_high': 8433503.858791472, 'fire_exp': 2.3123511487896353, 'P_half': 9.324787201197319, 'pre_dampen_half': 33.71909132517388, 'gpp_af': 0.06789053271698488, 'gpp_b': 3.228689523591491e-05, 'gpp_d': 373.3014953695604, 'ign_k': 0.050667002161528835, 'ign_c': 4.1108484350212295, 'trop_agb_crit': 15.870971677383487, 'trop_k_veg': 6.911478238001162, 'fuel_k': 0.48736180483849406, 'fuel_half': 16.371966573507315}.
[I 2026-07-22 21:58:09,488] Trial 814 finished with values: [10.533920677727235, 10.533920677727235] and parameters: {'k1': 0.0029707920514735983, 'D_low': 4826.157696742554, 'k2': 2.8459703343413838e-05, 'D_high': 1693415.5410667954, 'fire_exp': 1.5922031489278718, 'P_half': 9.324787201197319, 'pre_dampen_half': 3.9885726374014694, 'gpp_af': 0.0025511964576171086, 'gpp_b': 1.7565109007473816e-05, 'gpp_d': 8.057329182285729, 'ign_k': 0.004144296901136395, 'ign_c': 4.1108484350212295, 'trop_agb_crit': 15.870971677383487, 'trop_k_veg': 0.6014881258938517, 'fuel_k': 0.09687984402504125, 'fuel_half': 13.402368611128821}.
[I 2026-07-22 21:58:09,910] Trial 815 finished with values: [10.493511454135815, 10.493511454135815] and parameters: {'k1': 9.969469187531805e-05, 'D_low': 1.1640589436768796, 'k2': 0.030699709531122953, 'D_high': 2512533.442757688, 'fire_exp': 2.3750840427797026, 'P_half': 1.4378290221680121, 'pre_dampen_half': 6.881834772031151, 'gpp_af': 1.782401184029456, 'gpp_b': 0.00011277885258222645, 'gpp_d': 3.9087699398345475, 'ign_k': 4.59148521674054, 'ign_c': 16.626592254031866, 'trop_agb_crit': 10.719494362768906, 'trop_k_veg': 0.7582134759384036, 'fuel_k': 0.8398846716543956, 'fuel_half': 16.304268028731595}.
[I 2026-07-22 21:58:10,327] Trial 816 finished with values: [10.637526990114504, 10.637526990114504] and parameters: {'k1': 9.969469187531805e-05, 'D_low': 1.1640589436768796, 'k2': 2.8459703343413838e-05, 'D_high': 1693415.5410667954, 'fire_exp': 2.3750840427797026, 'P_half': 9.324787201197319, 'pre_dampen_half': 3.9885726374014694, 'gpp_af': 0.0025511964576171086, 'gpp_b': 1.2892705405728861e-05, 'gpp_d': 1.050978521342778, 'ign_k': 4.59148521674054, 'ign_c': 16.626592254031866, 'trop_agb_crit': 15.870971677383487, 'trop_k_veg': 6.911478238001162, 'fuel_k': 0.6199941538390381, 'fuel_half': 18.202647368248815}.
[I 2026-07-22 21:58:10,751] Trial 817 finished with values: [10.454192249214943, 10.454192249214943] and parameters: {'k1': 0.0029707920514735983, 'D_low': 2364.7263747938764, 'k2': 1.6559474674046002e-05, 'D_high': 8433503.858791472, 'fire_exp': 2.3123511487896353, 'P_half': 27.59069025439785, 'pre_dampen_half': 3.640068899312673, 'gpp_af': 18.235072804314193, 'gpp_b': 3.228689523591491e-05, 'gpp_d': 25.184822598549903, 'ign_k': 0.04732407125181112, 'ign_c': 0.19678273362633986, 'trop_agb_crit': 1.7813653882411722, 'trop_k_veg': 0.977663002683211, 'fuel_k': 0.028970790717327534, 'fuel_half': 0.33988503110784557}.
[I 2026-07-22 21:58:11,175] Trial 818 finished with values: [10.43058447345965, 10.43058447345965] and parameters: {'k1': 9.969469187531805e-05, 'D_low': 1.1640589436768796, 'k2': 3.5281132746849994e-05, 'D_high': 1693415.5410667954, 'fire_exp': 2.092714390386472, 'P_half': 270.15957920129443, 'pre_dampen_half': 10.059683154936915, 'gpp_af': 2.114381609520638, 'gpp_b': 0.00011277885258222645, 'gpp_d': 373.3014953695604, 'ign_k': 0.004144296901136395, 'ign_c': 3.0378658251922155, 'trop_agb_crit': 10.719494362768906, 'trop_k_veg': 0.5695379443977426, 'fuel_k': 0.028970790717327534, 'fuel_half': 16.371966573507315}.
[I 2026-07-22 21:58:11,596] Trial 819 finished with values: [-0.5768659778135354, 0.07827573852295222] and parameters: {'k1': 9.969469187531805e-05, 'D_low': 8454.098152188677, 'k2': 0.030699709531122953, 'D_high': 2512533.442757688, 'fire_exp': 2.1877314568674895, 'P_half': 1.467883546187449, 'pre_dampen_half': 33.71909132517388, 'gpp_af': 1.4498445474033743, 'gpp_b': 0.00011277885258222645, 'gpp_d': 373.3014953695604, 'ign_k': 4.59148521674054, 'ign_c': 8.356564873457042, 'trop_agb_crit': 10.719494362768906, 'trop_k_veg': 1.140286245977296, 'fuel_k': 0.017262921159278164, 'fuel_half': 16.371966573507315}.
[I 2026-07-22 21:58:12,017] Trial 820 finished with values: [10.90837614867911, 10.90837614867911] and parameters: {'k1': 6.693990428538841e-05, 'D_low': 1.1640589436768796, 'k2': 2.8459703343413838e-05, 'D_high': 580966.5602369158, 'fire_exp': 2.3123511487896353, 'P_half': 1.4378290221680121, 'pre_dampen_half': 33.71909132517388, 'gpp_af': 1.4498445474033743, 'gpp_b': 0.0002637687576667052, 'gpp_d': 25.017068255320467, 'ign_k': 4.59148521674054, 'ign_c': 0.13670484737132343, 'trop_agb_crit': 5.707205898008383, 'trop_k_veg': 1.140286245977296, 'fuel_k': 3.6992394681929355, 'fuel_half': 81.87941582538087}.
[I 2026-07-22 21:58:12,436] Trial 821 finished with values: [10.445658315650759, 10.445658315650759] and parameters: {'k1': 2.1835747526693533e-05, 'D_low': 1.1640589436768796, 'k2': 0.07799059237255677, 'D_high': 1693415.5410667954, 'fire_exp': 2.2271826002669806, 'P_half': 119.9763911113096, 'pre_dampen_half': 33.97904243111269, 'gpp_af': 0.0025511964576171086, 'gpp_b': 0.00011277885258222645, 'gpp_d': 373.3014953695604, 'ign_k': 0.050667002161528835, 'ign_c': 3.0378658251922155, 'trop_agb_crit': 15.870971677383487, 'trop_k_veg': 1.140286245977296, 'fuel_k': 0.017262921159278164, 'fuel_half': 16.371966573507315}.
[I 2026-07-22 21:58:12,856] Trial 822 finished with values: [12.447193031976944, 12.447193031976944] and parameters: {'k1': 0.09738633019266786, 'D_low': 4.043300846639722, 'k2': 2.8459703343413838e-05, 'D_high': 2512533.442757688, 'fire_exp': 1.0482996836046896, 'P_half': 9.324787201197319, 'pre_dampen_half': 38.16075340079142, 'gpp_af': 0.4224904711663322, 'gpp_b': 3.228689523591491e-05, 'gpp_d': 0.4841900740994021, 'ign_k': 0.050667002161528835, 'ign_c': 16.626592254031866, 'trop_agb_crit': 2.419699259862185, 'trop_k_veg': 6.911478238001162, 'fuel_k': 0.028970790717327534, 'fuel_half': 38.21129441691226}.
[I 2026-07-22 21:58:13,280] Trial 823 finished with values: [10.288007646670513, 10.288007646670513] and parameters: {'k1': 0.003242143344038315, 'D_low': 91.66403471455098, 'k2': 0.0034207303670092245, 'D_high': 1693415.5410667954, 'fire_exp': 2.3123511487896353, 'P_half': 1.4378290221680121, 'pre_dampen_half': 10.059683154936915, 'gpp_af': 0.0025511964576171086, 'gpp_b': 0.00011277885258222645, 'gpp_d': 8.057329182285729, 'ign_k': 2.9663798365255736, 'ign_c': 16.626592254031866, 'trop_agb_crit': 5.707205898008383, 'trop_k_veg': 0.9369104721775232, 'fuel_k': 0.7156083490235493, 'fuel_half': 42.6871254378718}.
[I 2026-07-22 21:58:13,698] Trial 824 finished with values: [-0.6942096045293767, 0.029206535793108612] and parameters: {'k1': 0.003242143344038315, 'D_low': 4.043300846639722, 'k2': 2.8459703343413838e-05, 'D_high': 1693415.5410667954, 'fire_exp': 1.5922031489278718, 'P_half': 1.4378290221680121, 'pre_dampen_half': 3.9885726374014694, 'gpp_af': 2.114381609520638, 'gpp_b': 3.228689523591491e-05, 'gpp_d': 25.017068255320467, 'ign_k': 4.59148521674054, 'ign_c': 16.626592254031866, 'trop_agb_crit': 5.707205898008383, 'trop_k_veg': 6.911478238001162, 'fuel_k': 0.09252659617259135, 'fuel_half': 2.276766792290519}.
[I 2026-07-22 21:58:14,119] Trial 825 finished with values: [-0.5360155722149287, 0.09029744216997893] and parameters: {'k1': 0.09738633019266786, 'D_low': 4.043300846639722, 'k2': 1.9423940721007243e-05, 'D_high': 8433503.858791472, 'fire_exp': 2.3750840427797026, 'P_half': 27.59069025439785, 'pre_dampen_half': 10.059683154936915, 'gpp_af': 0.0025511964576171086, 'gpp_b': 3.228689523591491e-05, 'gpp_d': 373.3014953695604, 'ign_k': 0.050667002161528835, 'ign_c': 0.13670484737132343, 'trop_agb_crit': 10.719494362768906, 'trop_k_veg': 6.911478238001162, 'fuel_k': 0.028970790717327534, 'fuel_half': 18.202647368248815}.
[I 2026-07-22 21:58:14,559] Trial 826 finished with values: [10.152119756124543, 10.152119756124543] and parameters: {'k1': 1.927644355988153e-05, 'D_low': 1.1640589436768796, 'k2': 0.030699709531122953, 'D_high': 2512533.442757688, 'fire_exp': 2.3750840427797026, 'P_half': 1.4378290221680121, 'pre_dampen_half': 868.1843415114095, 'gpp_af': 1.4498445474033743, 'gpp_b': 0.00011277885258222645, 'gpp_d': 373.3014953695604, 'ign_k': 4.59148521674054, 'ign_c': 16.626592254031866, 'trop_agb_crit': 10.719494362768906, 'trop_k_veg': 1.140286245977296, 'fuel_k': 0.017262921159278164, 'fuel_half': 16.371966573507315}.
[I 2026-07-22 21:58:14,997] Trial 827 finished with values: [10.50608312242204, 10.50608312242204] and parameters: {'k1': 0.003242143344038315, 'D_low': 91.66403471455098, 'k2': 2.1698375693549493e-05, 'D_high': 1693415.5410667954, 'fire_exp': 2.3123511487896353, 'P_half': 119.9763911113096, 'pre_dampen_half': 10.059683154936915, 'gpp_af': 0.004385018674829579, 'gpp_b': 1.1820908383754237e-05, 'gpp_d': 8.057329182285729, 'ign_k': 0.050667002161528835, 'ign_c': 16.626592254031866, 'trop_agb_crit': 15.870971677383487, 'trop_k_veg': 1.7428926895756522, 'fuel_k': 0.028970790717327534, 'fuel_half': 2.276766792290519}.
[I 2026-07-22 21:58:15,430] Trial 828 finished with values: [10.769230768838547, 10.769230768838547] and parameters: {'k1': 6.693990428538841e-05, 'D_low': 548287.5567588649, 'k2': 0.002342238625792905, 'D_high': 266103.23651976336, 'fire_exp': 2.3750840427797026, 'P_half': 1.4378290221680121, 'pre_dampen_half': 33.71909132517388, 'gpp_af': 1.4498445474033743, 'gpp_b': 0.0002637687576667052, 'gpp_d': 6.91394869865762, 'ign_k': 4.59148521674054, 'ign_c': 0.13670484737132343, 'trop_agb_crit': 10.719494362768906, 'trop_k_veg': 1.140286245977296, 'fuel_k': 3.6992394681929355, 'fuel_half': 81.87941582538087}.
[I 2026-07-22 21:58:15,892] Trial 829 finished with values: [-0.5231036730914347, 0.09743161420629065] and parameters: {'k1': 0.09738633019266786, 'D_low': 4.043300846639722, 'k2': 2.1698375693549493e-05, 'D_high': 1693415.5410667954, 'fire_exp': 2.3123511487896353, 'P_half': 119.9763911113096, 'pre_dampen_half': 33.97904243111269, 'gpp_af': 0.0025511964576171086, 'gpp_b': 3.228689523591491e-05, 'gpp_d': 373.3014953695604, 'ign_k': 0.050667002161528835, 'ign_c': 3.0378658251922155, 'trop_agb_crit': 15.870971677383487, 'trop_k_veg': 6.911478238001162, 'fuel_k': 0.028970790717327534, 'fuel_half': 18.202647368248815}.
[I 2026-07-22 21:58:16,333] Trial 830 finished with values: [10.069977374325768, 10.069977374325768] and parameters: {'k1': 9.969469187531805e-05, 'D_low': 1.1640589436768796, 'k2': 1.6559474674046002e-05, 'D_high': 8433503.858791472, 'fire_exp': 2.3123511487896353, 'P_half': 1.4378290221680121, 'pre_dampen_half': 10.059683154936915, 'gpp_af': 42.29037995744429, 'gpp_b': 3.228689523591491e-05, 'gpp_d': 25.017068255320467, 'ign_k': 4.59148521674054, 'ign_c': 0.19678273362633986, 'trop_agb_crit': 10.719494362768906, 'trop_k_veg': 1.140286245977296, 'fuel_k': 3.6992394681929355, 'fuel_half': 2.276766792290519}.
[I 2026-07-22 21:58:16,757] Trial 831 finished with values: [10.690998982184157, 10.690998982184157] and parameters: {'k1': 6.693990428538841e-05, 'D_low': 6.08502350914002, 'k2': 2.8459703343413838e-05, 'D_high': 1316.7655356434918, 'fire_exp': 2.3123511487896353, 'P_half': 27.59069025439785, 'pre_dampen_half': 10.059683154936915, 'gpp_af': 27.103231600028096, 'gpp_b': 0.002022832315155261, 'gpp_d': 8.057329182285729, 'ign_k': 4.59148521674054, 'ign_c': 4.1108484350212295, 'trop_agb_crit': 1.7813653882411722, 'trop_k_veg': 1.140286245977296, 'fuel_k': 3.6992394681929355, 'fuel_half': 81.87941582538087}.
[I 2026-07-22 21:58:17,187] Trial 832 finished with values: [10.086574730649405, 10.086574730649405] and parameters: {'k1': 9.969469187531805e-05, 'D_low': 8454.098152188677, 'k2': 0.030699709531122953, 'D_high': 2512533.442757688, 'fire_exp': 2.3750840427797026, 'P_half': 1.4378290221680121, 'pre_dampen_half': 868.1843415114095, 'gpp_af': 1.4498445474033743, 'gpp_b': 0.00011277885258222645, 'gpp_d': 373.3014953695604, 'ign_k': 4.59148521674054, 'ign_c': 0.13670484737132343, 'trop_agb_crit': 10.719494362768906, 'trop_k_veg': 1.140286245977296, 'fuel_k': 0.8398846716543956, 'fuel_half': 16.371966573507315}.
[I 2026-07-22 21:58:17,613] Trial 833 finished with values: [-0.5331462444204818, 0.11162902199140978] and parameters: {'k1': 0.09738633019266786, 'D_low': 91.66403471455098, 'k2': 2.1698375693549493e-05, 'D_high': 1693415.5410667954, 'fire_exp': 2.3123511487896353, 'P_half': 27.59069025439785, 'pre_dampen_half': 10.059683154936915, 'gpp_af': 2.114381609520638, 'gpp_b': 1.7565109007473816e-05, 'gpp_d': 8.057329182285729, 'ign_k': 0.04732407125181112, 'ign_c': 4.1108484350212295, 'trop_agb_crit': 15.870971677383487, 'trop_k_veg': 0.9369104721775232, 'fuel_k': 0.7156083490235493, 'fuel_half': 18.202647368248815}.
[I 2026-07-22 21:58:18,038] Trial 834 finished with values: [10.158551704948342, 10.158551704948342] and parameters: {'k1': 9.969469187531805e-05, 'D_low': 1628.7738522891475, 'k2': 1.6559474674046002e-05, 'D_high': 1693415.5410667954, 'fire_exp': 2.3123511487896353, 'P_half': 27.59069025439785, 'pre_dampen_half': 10.059683154936915, 'gpp_af': 1.1300566419249867, 'gpp_b': 3.228689523591491e-05, 'gpp_d': 6.91394869865762, 'ign_k': 0.050667002161528835, 'ign_c': 0.19678273362633986, 'trop_agb_crit': 1.7813653882411722, 'trop_k_veg': 6.911478238001162, 'fuel_k': 0.7156083490235493, 'fuel_half': 0.7755445385675653}.
[I 2026-07-22 21:58:18,460] Trial 835 finished with values: [11.037440589324662, 11.037440589324662] and parameters: {'k1': 0.003242143344038315, 'D_low': 125.37743435802929, 'k2': 2.8459703343413838e-05, 'D_high': 1693415.5410667954, 'fire_exp': 1.5922031489278718, 'P_half': 1.4378290221680121, 'pre_dampen_half': 74.69089369419144, 'gpp_af': 2.0269967639447075, 'gpp_b': 3.228689523591491e-05, 'gpp_d': 25.017068255320467, 'ign_k': 0.050667002161528835, 'ign_c': 16.626592254031866, 'trop_agb_crit': 5.707205898008383, 'trop_k_veg': 0.8355408513214738, 'fuel_k': 0.09252659617259135, 'fuel_half': 2.276766792290519}.
[I 2026-07-22 21:58:18,884] Trial 836 finished with values: [-0.5871732041516011, 0.035377009891721656] and parameters: {'k1': 0.003242143344038315, 'D_low': 1.1640589436768796, 'k2': 0.030699709531122953, 'D_high': 2512533.442757688, 'fire_exp': 2.3750840427797026, 'P_half': 1.4378290221680121, 'pre_dampen_half': 868.1843415114095, 'gpp_af': 1.782401184029456, 'gpp_b': 1.2892705405728861e-05, 'gpp_d': 0.4841900740994021, 'ign_k': 4.59148521674054, 'ign_c': 16.626592254031866, 'trop_agb_crit': 10.719494362768906, 'trop_k_veg': 4.599337386928772, 'fuel_k': 0.030458048063161637, 'fuel_half': 16.371966573507315}.
[I 2026-07-22 21:58:19,305] Trial 837 finished with values: [10.630595116014407, 10.630595116014407] and parameters: {'k1': 2.4750421470385117e-05, 'D_low': 8454.098152188677, 'k2': 0.030699709531122953, 'D_high': 1693415.5410667954, 'fire_exp': 2.1877314568674895, 'P_half': 1.467883546187449, 'pre_dampen_half': 10.059683154936915, 'gpp_af': 1.4498445474033743, 'gpp_b': 0.0915833063055066, 'gpp_d': 8.057329182285729, 'ign_k': 0.050667002161528835, 'ign_c': 8.356564873457042, 'trop_agb_crit': 15.870971677383487, 'trop_k_veg': 4.162616497508856, 'fuel_k': 0.017262921159278164, 'fuel_half': 18.202647368248815}.
[I 2026-07-22 21:58:19,727] Trial 838 finished with values: [10.841396599999285, 10.841396599999285] and parameters: {'k1': 0.003242143344038315, 'D_low': 1.1640589436768796, 'k2': 0.003658518527736814, 'D_high': 8433503.858791472, 'fire_exp': 2.3750840427797026, 'P_half': 1.4378290221680121, 'pre_dampen_half': 10.059683154936915, 'gpp_af': 42.29037995744429, 'gpp_b': 0.002022832315155261, 'gpp_d': 25.017068255320467, 'ign_k': 4.59148521674054, 'ign_c': 0.13670484737132343, 'trop_agb_crit': 10.719494362768906, 'trop_k_veg': 1.7428926895756522, 'fuel_k': 3.6992394681929355, 'fuel_half': 81.87941582538087}.
[I 2026-07-22 21:58:20,149] Trial 839 finished with values: [-0.7193957132859062, 0.025523907748262742] and parameters: {'k1': 0.003242143344038315, 'D_low': 91.66403471455098, 'k2': 2.1698375693549493e-05, 'D_high': 1693415.5410667954, 'fire_exp': 2.2271826002669806, 'P_half': 1.4378290221680121, 'pre_dampen_half': 10.059683154936915, 'gpp_af': 2.114381609520638, 'gpp_b': 3.228689523591491e-05, 'gpp_d': 8.057329182285729, 'ign_k': 2.9663798365255736, 'ign_c': 16.626592254031866, 'trop_agb_crit': 5.707205898008383, 'trop_k_veg': 6.911478238001162, 'fuel_k': 0.7156083490235493, 'fuel_half': 38.21129441691226}.
[I 2026-07-22 21:58:20,575] Trial 840 finished with values: [10.172509451222153, 10.172509451222153] and parameters: {'k1': 9.969469187531805e-05, 'D_low': 8454.098152188677, 'k2': 2.1698375693549493e-05, 'D_high': 1693415.5410667954, 'fire_exp': 2.2271826002669806, 'P_half': 1.467883546187449, 'pre_dampen_half': 33.71909132517388, 'gpp_af': 0.02114619056336667, 'gpp_b': 3.228689523591491e-05, 'gpp_d': 0.4841900740994021, 'ign_k': 4.59148521674054, 'ign_c': 8.356564873457042, 'trop_agb_crit': 2.419699259862185, 'trop_k_veg': 6.911478238001162, 'fuel_k': 0.017262921159278164, 'fuel_half': 38.21129441691226}.
[I 2026-07-22 21:58:20,994] Trial 841 finished with values: [10.637149094132528, 10.637149094132528] and parameters: {'k1': 0.003242143344038315, 'D_low': 4.043300846639722, 'k2': 2.1698375693549493e-05, 'D_high': 13.355795670407744, 'fire_exp': 2.3123511487896353, 'P_half': 1.4378290221680121, 'pre_dampen_half': 10.059683154936915, 'gpp_af': 0.0025511964576171086, 'gpp_b': 0.00011277885258222645, 'gpp_d': 0.4841900740994021, 'ign_k': 0.050667002161528835, 'ign_c': 3.4084279109230433, 'trop_agb_crit': 1.3224446882783567, 'trop_k_veg': 7.151800917825274, 'fuel_k': 0.7156083490235493, 'fuel_half': 38.21129441691226}.
