[I 2026-08-06 11:10:15,339] Trial 1121 finished with values: [10.417715278096388, 10.417715278096388] and parameters: {'k1': 0.05778755734457457, 'D_low': 38.82837025280678, 'k2': 0.019894080167856886, 'D_high': 1236.6924205139144, 'fire_exp': 1.2048119960437906, 'P_half': 712.8188058401365, 'pre_dampen_half': 63.6685916079943, 'gpp_af': 0.6403036652671171, 'gpp_b': 0.0012213924959062798, 'gpp_d': 350.88322284755304, 'ign_k': 0.12329098365270515, 'ign_c': 1.9580595319750387, 'trop_agb_crit': 6.119263728555865, 'trop_k_veg': 2.520089655463604}.
[I 2026-08-06 11:10:17,435] Trial 1122 finished with values: [10.245307710177462, 10.245307710177462] and parameters: {'k1': 0.0002639600942396584, 'D_low': 38.82837025280678, 'k2': 0.013651083965650523, 'D_high': 1236.6924205139144, 'fire_exp': 1.2611826901294014, 'P_half': 523.1053126909052, 'pre_dampen_half': 38.00678588560607, 'gpp_af': 0.6403036652671171, 'gpp_b': 0.0012213924959062798, 'gpp_d': 350.88322284755304, 'ign_k': 0.010939944910100021, 'ign_c': 2.4936660834465174, 'trop_agb_crit': 6.119263728555865, 'trop_k_veg': 2.520089655463604}.
[I 2026-08-06 11:10:19,586] Trial 1123 finished with values: [12.832865894937076, 12.832865894937076] and parameters: {'k1': 0.008912611835817005, 'D_low': 12.105387404469584, 'k2': 0.004149969043497543, 'D_high': 61536.58035691648, 'fire_exp': 1.221575427404682, 'P_half': 712.8188058401365, 'pre_dampen_half': 719.4083432823455, 'gpp_af': 1.6059727222314273, 'gpp_b': 0.13713885091300912, 'gpp_d': 82.84476373292449, 'ign_k': 0.6161423618045312, 'ign_c': 1.9580595319750387, 'trop_agb_crit': 8.997007571451054, 'trop_k_veg': 2.4336356947036335}.
[I 2026-08-06 11:10:21,792] Trial 1124 finished with values: [10.342610600665205, 10.342610600665205] and parameters: {'k1': 0.01889771394135163, 'D_low': 7.299348683062307, 'k2': 0.019894080167856886, 'D_high': 1236.6924205139144, 'fire_exp': 1.2611826901294014, 'P_half': 523.1053126909052, 'pre_dampen_half': 38.00678588560607, 'gpp_af': 0.6403036652671171, 'gpp_b': 2.176805640408474e-05, 'gpp_d': 350.88322284755304, 'ign_k': 0.12329098365270515, 'ign_c': 1.9580595319750387, 'trop_agb_crit': 6.119263728555865, 'trop_k_veg': 2.4336356947036335}.
[I 2026-08-06 11:10:23,813] Trial 1125 finished with values: [10.135079560706528, 10.135079560706528] and parameters: {'k1': 0.0016478059113980209, 'D_low': 1.0493453785498237, 'k2': 0.019894080167856886, 'D_high': 1236.6924205139144, 'fire_exp': 1.221575427404682, 'P_half': 1106.5296106642575, 'pre_dampen_half': 38.00678588560607, 'gpp_af': 0.6403036652671171, 'gpp_b': 0.0012213924959062798, 'gpp_d': 19.600139992927435, 'ign_k': 0.21006485619596416, 'ign_c': 1.9580595319750387, 'trop_agb_crit': 1.1276106081812864, 'trop_k_veg': 2.4336356947036335}.
[I 2026-08-06 11:10:25,766] Trial 1126 finished with values: [13.433282221918155, 13.433282221918155] and parameters: {'k1': 0.008912611835817005, 'D_low': 7.299348683062307, 'k2': 0.009614686563869648, 'D_high': 1588.2035726402378, 'fire_exp': 1.3170256885255098, 'P_half': 6.455386366109263, 'pre_dampen_half': 719.4083432823455, 'gpp_af': 1.6059727222314273, 'gpp_b': 0.04633252119753636, 'gpp_d': 84.31013932082456, 'ign_k': 0.12329098365270515, 'ign_c': 1.9580595319750387, 'trop_agb_crit': 6.119263728555865, 'trop_k_veg': 2.4336356947036335}.
[I 2026-08-06 11:10:27,783] Trial 1127 finished with values: [-0.6149949895657489, 0.06592713939402639] and parameters: {'k1': 0.00488137519160367, 'D_low': 38.82837025280678, 'k2': 0.019894080167856886, 'D_high': 1236.6924205139144, 'fire_exp': 1.2611826901294014, 'P_half': 712.8188058401365, 'pre_dampen_half': 38.00678588560607, 'gpp_af': 10.178541681137117, 'gpp_b': 0.0012213924959062798, 'gpp_d': 350.88322284755304, 'ign_k': 6.891386015952696, 'ign_c': 0.8916132699546893, 'trop_agb_crit': 6.119263728555865, 'trop_k_veg': 2.4336356947036335}.
[I 2026-08-06 11:10:29,828] Trial 1128 finished with values: [10.769230768877819, 10.769230768877819] and parameters: {'k1': 0.004708159793250189, 'D_low': 38.82837025280678, 'k2': 1.1065812688893481e-05, 'D_high': 8182.111518618414, 'fire_exp': 1.221575427404682, 'P_half': 712.8188058401365, 'pre_dampen_half': 719.4083432823455, 'gpp_af': 5.335773317316405, 'gpp_b': 0.04633252119753636, 'gpp_d': 84.31013932082456, 'ign_k': 0.6161423618045312, 'ign_c': 679.6634575348644, 'trop_agb_crit': 6.119263728555865, 'trop_k_veg': 2.4336356947036335}.
[I 2026-08-06 11:10:32,415] Trial 1129 finished with values: [10.226920384087647, 10.226920384087647] and parameters: {'k1': 0.016748279468858224, 'D_low': 38.82837025280678, 'k2': 0.0002963213920402737, 'D_high': 1588.2035726402378, 'fire_exp': 1.221575427404682, 'P_half': 712.8188058401365, 'pre_dampen_half': 38.00678588560607, 'gpp_af': 1.9706963379095486, 'gpp_b': 0.01666658176842624, 'gpp_d': 350.88322284755304, 'ign_k': 0.010939944910100021, 'ign_c': 1.9580595319750387, 'trop_agb_crit': 8.997007571451054, 'trop_k_veg': 2.4336356947036335}.
[I 2026-08-06 11:10:34,347] Trial 1130 finished with values: [10.057888528612004, 10.057888528612004] and parameters: {'k1': 0.05778755734457457, 'D_low': 38.82837025280678, 'k2': 0.019894080167856886, 'D_high': 1236.6924205139144, 'fire_exp': 1.2611826901294014, 'P_half': 712.8188058401365, 'pre_dampen_half': 38.00678588560607, 'gpp_af': 0.6403036652671171, 'gpp_b': 0.0009153552948098625, 'gpp_d': 350.88322284755304, 'ign_k': 0.003940507889165403, 'ign_c': 1.9580595319750387, 'trop_agb_crit': 6.119263728555865, 'trop_k_veg': 4.167664671344212}.
[I 2026-08-06 11:10:36,331] Trial 1131 finished with values: [10.071030473067186, 10.071030473067186] and parameters: {'k1': 0.002136439666839362, 'D_low': 16.68848304978238, 'k2': 0.032107245391642135, 'D_high': 96680.15778295342, 'fire_exp': 1.2611826901294014, 'P_half': 712.8188058401365, 'pre_dampen_half': 38.00678588560607, 'gpp_af': 10.178541681137117, 'gpp_b': 0.0012213924959062798, 'gpp_d': 84.31013932082456, 'ign_k': 6.891386015952696, 'ign_c': 6.905604395130303, 'trop_agb_crit': 6.119263728555865, 'trop_k_veg': 2.4336356947036335}.
[I 2026-08-06 11:10:38,297] Trial 1132 finished with values: [10.31979262560075, 10.31979262560075] and parameters: {'k1': 0.012021930484915042, 'D_low': 520.4862686958022, 'k2': 1.1065812688893481e-05, 'D_high': 1236.6924205139144, 'fire_exp': 1.3170256885255098, 'P_half': 712.8188058401365, 'pre_dampen_half': 124.72235343584714, 'gpp_af': 0.6403036652671171, 'gpp_b': 0.0012213924959062798, 'gpp_d': 19.600139992927435, 'ign_k': 0.21006485619596416, 'ign_c': 2.9732958317875804, 'trop_agb_crit': 7.500118950416987, 'trop_k_veg': 2.4336356947036335}.
[I 2026-08-06 11:10:40,282] Trial 1133 finished with values: [10.375269779677586, 10.375269779677586] and parameters: {'k1': 0.00488137519160367, 'D_low': 520.4862686958022, 'k2': 0.019894080167856886, 'D_high': 622.9347004284257, 'fire_exp': 1.221575427404682, 'P_half': 523.1053126909052, 'pre_dampen_half': 63.6685916079943, 'gpp_af': 5.335773317316405, 'gpp_b': 0.01666658176842624, 'gpp_d': 350.88322284755304, 'ign_k': 2.5253810447657927, 'ign_c': 0.8916132699546893, 'trop_agb_crit': 7.500118950416987, 'trop_k_veg': 2.4336356947036335}.
[I 2026-08-06 11:10:42,424] Trial 1134 finished with values: [10.856041060772894, 10.856041060772894] and parameters: {'k1': 0.004708159793250189, 'D_low': 7.299348683062307, 'k2': 0.019894080167856886, 'D_high': 3005.809024615141, 'fire_exp': 1.7329145403564932, 'P_half': 712.8188058401365, 'pre_dampen_half': 719.4083432823455, 'gpp_af': 1.6059727222314273, 'gpp_b': 0.04633252119753636, 'gpp_d': 82.84476373292449, 'ign_k': 0.6161423618045312, 'ign_c': 6.905604395130303, 'trop_agb_crit': 8.997007571451054, 'trop_k_veg': 2.520089655463604}.
[I 2026-08-06 11:10:44,610] Trial 1135 finished with values: [10.769230768877819, 10.769230768877819] and parameters: {'k1': 0.00488137519160367, 'D_low': 520.4862686958022, 'k2': 0.019894080167856886, 'D_high': 1236.6924205139144, 'fire_exp': 1.221575427404682, 'P_half': 712.8188058401365, 'pre_dampen_half': 40.77131237195129, 'gpp_af': 5.335773317316405, 'gpp_b': 0.0012213924959062798, 'gpp_d': 350.88322284755304, 'ign_k': 2.5253810447657927, 'ign_c': 350.5767590795628, 'trop_agb_crit': 6.119263728555865, 'trop_k_veg': 2.4336356947036335}.
[I 2026-08-06 11:10:46,650] Trial 1136 finished with values: [-0.6305783956407407, 0.04585969374630372] and parameters: {'k1': 0.008912611835817005, 'D_low': 40.52505887227999, 'k2': 0.031536006085184705, 'D_high': 5670.3463356272905, 'fire_exp': 1.221575427404682, 'P_half': 712.8188058401365, 'pre_dampen_half': 63.6685916079943, 'gpp_af': 0.6403036652671171, 'gpp_b': 2.176805640408474e-05, 'gpp_d': 757.2868182332339, 'ign_k': 0.07091190338709638, 'ign_c': 23.5601112448067, 'trop_agb_crit': 8.997007571451054, 'trop_k_veg': 5.492385920002873}.
[I 2026-08-06 11:10:48,886] Trial 1137 finished with values: [10.423237608147558, 10.423237608147558] and parameters: {'k1': 0.01889771394135163, 'D_low': 520.4862686958022, 'k2': 0.019894080167856886, 'D_high': 1588.2035726402378, 'fire_exp': 1.7329145403564932, 'P_half': 523.1053126909052, 'pre_dampen_half': 63.6685916079943, 'gpp_af': 1.9706963379095486, 'gpp_b': 0.00223436535646235, 'gpp_d': 82.84476373292449, 'ign_k': 0.12329098365270515, 'ign_c': 1.9580595319750387, 'trop_agb_crit': 8.997007571451054, 'trop_k_veg': 2.4336356947036335}.
[I 2026-08-06 11:10:50,934] Trial 1138 finished with values: [10.659668315545364, 10.659668315545364] and parameters: {'k1': 0.00488137519160367, 'D_low': 38.82837025280678, 'k2': 0.0154776166709383, 'D_high': 42210.21267871043, 'fire_exp': 2.585960226157379, 'P_half': 712.8188058401365, 'pre_dampen_half': 63.6685916079943, 'gpp_af': 1.9706963379095486, 'gpp_b': 2.176805640408474e-05, 'gpp_d': 19.600139992927435, 'ign_k': 0.01364908766641695, 'ign_c': 1.9580595319750387, 'trop_agb_crit': 8.997007571451054, 'trop_k_veg': 2.520089655463604}.
[I 2026-08-06 11:10:53,830] Trial 1139 finished with values: [-0.6069042669226129, 0.07249641218188008] and parameters: {'k1': 0.00488137519160367, 'D_low': 38.82837025280678, 'k2': 0.019894080167856886, 'D_high': 6059.999467262209, 'fire_exp': 1.221575427404682, 'P_half': 712.8188058401365, 'pre_dampen_half': 38.00678588560607, 'gpp_af': 0.6403036652671171, 'gpp_b': 0.0012213924959062798, 'gpp_d': 350.88322284755304, 'ign_k': 0.010939944910100021, 'ign_c': 1.1994950112756755, 'trop_agb_crit': 8.997007571451054, 'trop_k_veg': 7.936472946233041}.
[I 2026-08-06 11:10:55,960] Trial 1140 finished with values: [10.75785285685546, 10.75785285685546] and parameters: {'k1': 0.00488137519160367, 'D_low': 38.82837025280678, 'k2': 1.1065812688893481e-05, 'D_high': 1236.6924205139144, 'fire_exp': 1.221575427404682, 'P_half': 523.1053126909052, 'pre_dampen_half': 0.01037746597276956, 'gpp_af': 0.6403036652671171, 'gpp_b': 0.0012213924959062798, 'gpp_d': 2.944272359149677, 'ign_k': 0.010939944910100021, 'ign_c': 1.9580595319750387, 'trop_agb_crit': 8.997007571451054, 'trop_k_veg': 7.936472946233041}.
[I 2026-08-06 11:10:58,025] Trial 1141 finished with values: [11.464684820843829, 11.464684820843829] and parameters: {'k1': 0.002136439666839362, 'D_low': 38.82837025280678, 'k2': 0.019894080167856886, 'D_high': 1236.6924205139144, 'fire_exp': 1.2611826901294014, 'P_half': 523.1053126909052, 'pre_dampen_half': 719.4083432823455, 'gpp_af': 10.178541681137117, 'gpp_b': 0.22727308251068193, 'gpp_d': 350.88322284755304, 'ign_k': 6.891386015952696, 'ign_c': 1.9580595319750387, 'trop_agb_crit': 6.119263728555865, 'trop_k_veg': 2.7863130345574474}.
[I 2026-08-06 11:10:59,933] Trial 1142 finished with values: [-0.5866286729903919, 0.03849748153149157] and parameters: {'k1': 0.05778755734457457, 'D_low': 38.82837025280678, 'k2': 0.019894080167856886, 'D_high': 1236.6924205139144, 'fire_exp': 1.2611826901294014, 'P_half': 523.1053126909052, 'pre_dampen_half': 38.00678588560607, 'gpp_af': 0.6403036652671171, 'gpp_b': 0.0012213924959062798, 'gpp_d': 350.88322284755304, 'ign_k': 0.010939944910100021, 'ign_c': 2.4936660834465174, 'trop_agb_crit': 6.119263728555865, 'trop_k_veg': 2.520089655463604}.
[I 2026-08-06 11:11:01,916] Trial 1143 finished with values: [10.324117788222612, 10.324117788222612] and parameters: {'k1': 0.01889771394135163, 'D_low': 7.299348683062307, 'k2': 1.1065812688893481e-05, 'D_high': 8182.111518618414, 'fire_exp': 1.7329145403564932, 'P_half': 712.8188058401365, 'pre_dampen_half': 63.6685916079943, 'gpp_af': 1.9706963379095486, 'gpp_b': 0.0013581822883038843, 'gpp_d': 19.600139992927435, 'ign_k': 1.5024129734649199, 'ign_c': 1.9580595319750387, 'trop_agb_crit': 6.119263728555865, 'trop_k_veg': 2.4336356947036335}.
[I 2026-08-06 11:11:03,806] Trial 1144 finished with values: [10.128113703368685, 10.128113703368685] and parameters: {'k1': 2.3548462628715368e-05, 'D_low': 38.82837025280678, 'k2': 0.019894080167856886, 'D_high': 2253.2483815366227, 'fire_exp': 1.2611826901294014, 'P_half': 523.1053126909052, 'pre_dampen_half': 63.6685916079943, 'gpp_af': 0.6403036652671171, 'gpp_b': 0.007688424240620812, 'gpp_d': 16.278996489926016, 'ign_k': 0.010939944910100021, 'ign_c': 2.4936660834465174, 'trop_agb_crit': 6.119263728555865, 'trop_k_veg': 4.167664671344212}.
[I 2026-08-06 11:11:05,856] Trial 1145 finished with values: [10.560327262204835, 10.560327262204835] and parameters: {'k1': 0.002155595057104387, 'D_low': 7.299348683062307, 'k2': 0.019894080167856886, 'D_high': 1236.6924205139144, 'fire_exp': 1.7329145403564932, 'P_half': 712.8188058401365, 'pre_dampen_half': 63.6685916079943, 'gpp_af': 1.6059727222314273, 'gpp_b': 0.0012213924959062798, 'gpp_d': 84.31013932082456, 'ign_k': 0.0018172487463735136, 'ign_c': 20.889841735420323, 'trop_agb_crit': 6.119263728555865, 'trop_k_veg': 0.6673124511410327}.
[I 2026-08-06 11:11:07,937] Trial 1146 finished with values: [-0.609499020431715, 0.05020712610998135] and parameters: {'k1': 0.00488137519160367, 'D_low': 520.4862686958022, 'k2': 0.019894080167856886, 'D_high': 1236.6924205139144, 'fire_exp': 1.221575427404682, 'P_half': 523.1053126909052, 'pre_dampen_half': 719.4083432823455, 'gpp_af': 75.74758210832029, 'gpp_b': 0.01666658176842624, 'gpp_d': 350.88322284755304, 'ign_k': 2.5253810447657927, 'ign_c': 0.8916132699546893, 'trop_agb_crit': 6.119263728555865, 'trop_k_veg': 2.520089655463604}.
[I 2026-08-06 11:11:09,889] Trial 1147 finished with values: [10.393750865839653, 10.393750865839653] and parameters: {'k1': 0.016748279468858224, 'D_low': 520.4862686958022, 'k2': 1.1065812688893481e-05, 'D_high': 1588.2035726402378, 'fire_exp': 1.221575427404682, 'P_half': 712.8188058401365, 'pre_dampen_half': 63.6685916079943, 'gpp_af': 0.6403036652671171, 'gpp_b': 0.01666658176842624, 'gpp_d': 82.84476373292449, 'ign_k': 0.12329098365270515, 'ign_c': 1.9580595319750387, 'trop_agb_crit': 7.500118950416987, 'trop_k_veg': 2.4336356947036335}.
[I 2026-08-06 11:11:11,785] Trial 1148 finished with values: [10.013222762245, 10.013222762245] and parameters: {'k1': 0.05778755734457457, 'D_low': 38.82837025280678, 'k2': 0.019894080167856886, 'D_high': 60107.420288647554, 'fire_exp': 1.3170256885255098, 'P_half': 523.1053126909052, 'pre_dampen_half': 63.6685916079943, 'gpp_af': 0.6403036652671171, 'gpp_b': 0.0012213924959062798, 'gpp_d': 350.88322284755304, 'ign_k': 0.010939944910100021, 'ign_c': 2.4936660834465174, 'trop_agb_crit': 7.500118950416987, 'trop_k_veg': 2.520089655463604}.
[I 2026-08-06 11:11:14,307] Trial 1149 finished with values: [10.099536049047416, 10.099536049047416] and parameters: {'k1': 0.001761725951418538, 'D_low': 1.3577269394141454, 'k2': 0.0017483983085324361, 'D_high': 1236.6924205139144, 'fire_exp': 1.3170256885255098, 'P_half': 523.1053126909052, 'pre_dampen_half': 719.4083432823455, 'gpp_af': 5.335773317316405, 'gpp_b': 0.22727308251068193, 'gpp_d': 5.1715677287580455, 'ign_k': 2.5253810447657927, 'ign_c': 1.9580595319750387, 'trop_agb_crit': 8.997007571451054, 'trop_k_veg': 1.9799513595694562}.
[I 2026-08-06 11:11:16,191] Trial 1150 finished with values: [10.401106956566469, 10.401106956566469] and parameters: {'k1': 0.00488137519160367, 'D_low': 1.3577269394141454, 'k2': 0.004149969043497543, 'D_high': 2593.8846934540597, 'fire_exp': 1.2611826901294014, 'P_half': 508.009400629485, 'pre_dampen_half': 38.00678588560607, 'gpp_af': 10.591195835776093, 'gpp_b': 0.22727308251068193, 'gpp_d': 5.1715677287580455, 'ign_k': 2.5253810447657927, 'ign_c': 1.9580595319750387, 'trop_agb_crit': 6.119263728555865, 'trop_k_veg': 2.4336356947036335}.
[I 2026-08-06 11:11:18,204] Trial 1151 finished with values: [10.35931930644878, 10.35931930644878] and parameters: {'k1': 0.004377346027756646, 'D_low': 38.82837025280678, 'k2': 0.019894080167856886, 'D_high': 1236.6924205139144, 'fire_exp': 1.8613186123969219, 'P_half': 712.8188058401365, 'pre_dampen_half': 133.42802292606774, 'gpp_af': 0.6403036652671171, 'gpp_b': 0.22727308251068193, 'gpp_d': 3.099405585241116, 'ign_k': 0.12329098365270515, 'ign_c': 1.9580595319750387, 'trop_agb_crit': 6.119263728555865, 'trop_k_veg': 5.580504276549027}.
[I 2026-08-06 11:11:20,124] Trial 1152 finished with values: [-0.6204155752136955, 0.04232182058046219] and parameters: {'k1': 0.002155595057104387, 'D_low': 7.299348683062307, 'k2': 0.019894080167856886, 'D_high': 1236.6924205139144, 'fire_exp': 1.3170256885255098, 'P_half': 712.8188058401365, 'pre_dampen_half': 38.00678588560607, 'gpp_af': 1.6059727222314273, 'gpp_b': 2.176805640408474e-05, 'gpp_d': 84.31013932082456, 'ign_k': 0.12329098365270515, 'ign_c': 2.4936660834465174, 'trop_agb_crit': 6.119263728555865, 'trop_k_veg': 2.4336356947036335}.
[I 2026-08-06 11:11:21,966] Trial 1153 finished with values: [10.112372944453412, 10.112372944453412] and parameters: {'k1': 0.002549454588329709, 'D_low': 38.82837025280678, 'k2': 8.923807143379776e-05, 'D_high': 1588.2035726402378, 'fire_exp': 1.221575427404682, 'P_half': 523.1053126909052, 'pre_dampen_half': 719.4083432823455, 'gpp_af': 0.6403036652671171, 'gpp_b': 0.22727308251068193, 'gpp_d': 82.84476373292449, 'ign_k': 0.21006485619596416, 'ign_c': 1.9580595319750387, 'trop_agb_crit': 6.119263728555865, 'trop_k_veg': 2.4336356947036335}.
[I 2026-08-06 11:11:23,850] Trial 1154 finished with values: [10.772110804210177, 10.772110804210177] and parameters: {'k1': 0.05778755734457457, 'D_low': 2.033448213394542, 'k2': 0.0154776166709383, 'D_high': 42210.21267871043, 'fire_exp': 1.221575427404682, 'P_half': 712.8188058401365, 'pre_dampen_half': 38.00678588560607, 'gpp_af': 0.6403036652671171, 'gpp_b': 2.176805640408474e-05, 'gpp_d': 350.88322284755304, 'ign_k': 0.12329098365270515, 'ign_c': 1.9580595319750387, 'trop_agb_crit': 6.119263728555865, 'trop_k_veg': 2.520089655463604}.
[I 2026-08-06 11:11:25,771] Trial 1155 finished with values: [-0.6247093184508679, 0.03544198031238255] and parameters: {'k1': 0.002155595057104387, 'D_low': 520.4862686958022, 'k2': 0.019894080167856886, 'D_high': 1236.6924205139144, 'fire_exp': 1.3170256885255098, 'P_half': 712.8188058401365, 'pre_dampen_half': 124.72235343584714, 'gpp_af': 0.6403036652671171, 'gpp_b': 0.0012213924959062798, 'gpp_d': 19.600139992927435, 'ign_k': 0.12329098365270515, 'ign_c': 2.4936660834465174, 'trop_agb_crit': 6.119263728555865, 'trop_k_veg': 2.4336356947036335}.
[I 2026-08-06 11:11:27,682] Trial 1156 finished with values: [10.605754516564796, 10.605754516564796] and parameters: {'k1': 0.00488137519160367, 'D_low': 38.82837025280678, 'k2': 0.0154776166709383, 'D_high': 17.147614717763165, 'fire_exp': 1.221575427404682, 'P_half': 712.8188058401365, 'pre_dampen_half': 63.6685916079943, 'gpp_af': 1.9706963379095486, 'gpp_b': 0.22727308251068193, 'gpp_d': 66.3534198237528, 'ign_k': 0.12329098365270515, 'ign_c': 1.9580595319750387, 'trop_agb_crit': 6.119263728555865, 'trop_k_veg': 2.520089655463604}.
[I 2026-08-06 11:11:29,603] Trial 1157 finished with values: [-0.617916437610529, 0.028747323000054115] and parameters: {'k1': 0.01889771394135163, 'D_low': 1.3577269394141454, 'k2': 0.019894080167856886, 'D_high': 8182.111518618414, 'fire_exp': 2.1589287943408615, 'P_half': 712.8188058401365, 'pre_dampen_half': 84.03977588241656, 'gpp_af': 1.6059727222314273, 'gpp_b': 2.176805640408474e-05, 'gpp_d': 84.31013932082456, 'ign_k': 0.12329098365270515, 'ign_c': 1.9580595319750387, 'trop_agb_crit': 8.997007571451054, 'trop_k_veg': 4.375785248100498}.
[I 2026-08-06 11:11:31,473] Trial 1158 finished with values: [10.05791839980295, 10.05791839980295] and parameters: {'k1': 0.05778755734457457, 'D_low': 38.82837025280678, 'k2': 0.019894080167856886, 'D_high': 1236.6924205139144, 'fire_exp': 1.2611826901294014, 'P_half': 523.1053126909052, 'pre_dampen_half': 38.00678588560607, 'gpp_af': 0.6403036652671171, 'gpp_b': 0.17623234026513296, 'gpp_d': 350.88322284755304, 'ign_k': 0.010939944910100021, 'ign_c': 2.4936660834465174, 'trop_agb_crit': 6.119263728555865, 'trop_k_veg': 2.520089655463604}.
[I 2026-08-06 11:11:33,424] Trial 1159 finished with values: [10.268031371658834, 10.268031371658834] and parameters: {'k1': 0.002155595057104387, 'D_low': 97.43142535650219, 'k2': 0.0154776166709383, 'D_high': 14271.179172965916, 'fire_exp': 1.2611826901294014, 'P_half': 712.8188058401365, 'pre_dampen_half': 63.6685916079943, 'gpp_af': 0.6403036652671171, 'gpp_b': 0.00796661592919428, 'gpp_d': 82.84476373292449, 'ign_k': 0.12329098365270515, 'ign_c': 1.9580595319750387, 'trop_agb_crit': 6.119263728555865, 'trop_k_veg': 2.0980895061968847}.
[I 2026-08-06 11:11:35,989] Trial 1160 finished with values: [10.501460016123255, 10.501460016123255] and parameters: {'k1': 0.002549454588329709, 'D_low': 520.4862686958022, 'k2': 0.019894080167856886, 'D_high': 1236.6924205139144, 'fire_exp': 1.221575427404682, 'P_half': 712.8188058401365, 'pre_dampen_half': 38.00678588560607, 'gpp_af': 0.6403036652671171, 'gpp_b': 0.22727308251068193, 'gpp_d': 19.600139992927435, 'ign_k': 0.010939944910100021, 'ign_c': 1.1994950112756755, 'trop_agb_crit': 8.997007571451054, 'trop_k_veg': 7.936472946233041}.
