[I 2026-06-11 12:32:49,161] Trial 140 finished with values: [10.769230769179362, 10.769230769179362] and parameters: {'k1': 0.02641449645424223, 'D_low': 652.5765108342365, 'k2': 0.0001971137615017176, 'D_high': 24.622754931226588, 'fire_exp': 1.075051292556307, 'P_half': 78.32259769732477, 'pre_dampen_half': 33.71909132517384, 'gpp_af': 0.34902252478382495, 'gpp_b': 0.00012118589392553798, 'gpp_d': 12.00191344086031, 'ign_k': 0.34703605955441524, 'ign_c': 238.88979300769842, 'trop_agb_crit': 2.1775224101934065, 'trop_k_veg': 1.140286245977296, 'fuel_k': 0.08612665817296865, 'fuel_half': 0.30455368715396786}.
[I 2026-06-11 12:32:50,110] Trial 141 finished with values: [10.468609444194238, 10.468609444194238] and parameters: {'k1': 0.0013054148118849399, 'D_low': 25.14786015817362, 'k2': 1.915468390724633e-05, 'D_high': 204.16881527138202, 'fire_exp': 1.3175349115759807, 'P_half': 1.7036120617148391, 'pre_dampen_half': 502.5175192217655, 'gpp_af': 49.583649914027546, 'gpp_b': 0.5432846462741858, 'gpp_d': 700.6693992445935, 'ign_k': 0.0680787482656459, 'ign_c': 14.074279366401672, 'trop_agb_crit': 20.205002815711154, 'trop_k_veg': 3.94974057158301, 'fuel_k': 0.15820328899546293, 'fuel_half': 52.00581729114123}.
[I 2026-06-11 12:32:51,062] Trial 142 finished with values: [10.769230769179362, 10.769230769179362] and parameters: {'k1': 2.27847364377152e-05, 'D_low': 338.23872019362165, 'k2': 0.0001971137615017176, 'D_high': 503.20593472868046, 'fire_exp': 3.2181803496180783, 'P_half': 9.324787201197319, 'pre_dampen_half': 0.4016986062226067, 'gpp_af': 0.12243451886824051, 'gpp_b': 0.0005392415140872105, 'gpp_d': 9.004606022643067, 'ign_k': 3.284529979576944, 'ign_c': 514.0544615226304, 'trop_agb_crit': 21.825752290961518, 'trop_k_veg': 7.887845482514075, 'fuel_k': 0.08612665817296865, 'fuel_half': 0.25307196127108805}.
[I 2026-06-11 12:32:51,993] Trial 143 finished with values: [10.578203942988234, 10.578203942988234] and parameters: {'k1': 0.05233480488540085, 'D_low': 290.70516815839375, 'k2': 2.1698375693549493e-05, 'D_high': 30608.522106722474, 'fire_exp': 1.182396148413737, 'P_half': 4.961134450191397, 'pre_dampen_half': 33.9790424311127, 'gpp_af': 0.0016008221370480654, 'gpp_b': 3.228689523591491e-05, 'gpp_d': 0.24714492403026284, 'ign_k': 0.018707420137660268, 'ign_c': 3.0378658251922155, 'trop_agb_crit': 1.5072795582679794, 'trop_k_veg': 1.793919400078986, 'fuel_k': 0.03743055596010634, 'fuel_half': 38.211294416912246}.
[I 2026-06-11 12:32:52,917] Trial 144 finished with values: [10.769230363091353, 10.769230363091353] and parameters: {'k1': 0.002968335334246999, 'D_low': 652.5765108342365, 'k2': 0.0007883068789768041, 'D_high': 4856.157707765675, 'fire_exp': 3.313658135010505, 'P_half': 78.32259769732477, 'pre_dampen_half': 0.37306104754535907, 'gpp_af': 0.34902252478382495, 'gpp_b': 2.788681037423117, 'gpp_d': 6.378078463802853, 'ign_k': 3.210808548911191, 'ign_c': 4.110848435021229, 'trop_agb_crit': 2.1775224101934065, 'trop_k_veg': 0.6189606672462583, 'fuel_k': 0.24991287225033346, 'fuel_half': 7.259866824755668}.
[I 2026-06-11 12:32:53,949] Trial 145 finished with values: [10.76567548527811, 10.76567548527811] and parameters: {'k1': 0.003242143344038315, 'D_low': 21.85860582960182, 'k2': 0.0007081721844034209, 'D_high': 15000.328053766281, 'fire_exp': 4.169392260794133, 'P_half': 136.0956887810302, 'pre_dampen_half': 36.876350096203005, 'gpp_af': 8.769726637617666, 'gpp_b': 0.011750724729953272, 'gpp_d': 0.9576572359933988, 'ign_k': 0.009861808369679778, 'ign_c': 6.160975294741436, 'trop_agb_crit': 1.1208086449693282, 'trop_k_veg': 2.42764713875812, 'fuel_k': 0.05597555634027867, 'fuel_half': 1.3547291924247344}.
[I 2026-06-11 12:32:54,885] Trial 146 finished with values: [10.364412369347546, 10.364412369347546] and parameters: {'k1': 9.969469187531805e-05, 'D_low': 90.71933427331369, 'k2': 7.67074891445376e-05, 'D_high': 1919.1689944397538, 'fire_exp': 1.0889492364376547, 'P_half': 1.4378290221680121, 'pre_dampen_half': 518.2609891091987, 'gpp_af': 0.015350904103515228, 'gpp_b': 0.00012118589392553798, 'gpp_d': 61.829022221636144, 'ign_k': 0.02847858516856297, 'ign_c': 0.13670484737132343, 'trop_agb_crit': 26.402883285404346, 'trop_k_veg': 3.4439936249445045, 'fuel_k': 0.030315034760496778, 'fuel_half': 81.8794158253808}.
[I 2026-06-11 12:32:55,828] Trial 147 finished with values: [10.768837378027104, 10.768837378027104] and parameters: {'k1': 2.0937989739527727e-05, 'D_low': 125.32726386250698, 'k2': 1.127217425995114e-05, 'D_high': 85018.70149611714, 'fire_exp': 1.6139358000526771, 'P_half': 39.03214299767183, 'pre_dampen_half': 703.6426675556048, 'gpp_af': 21.258647437649888, 'gpp_b': 0.7987896438549947, 'gpp_d': 0.19476644406315288, 'ign_k': 0.0048255892187380085, 'ign_c': 47.268615251255675, 'trop_agb_crit': 2.4165727141234647, 'trop_k_veg': 1.4327328555223249, 'fuel_k': 0.38728128264655554, 'fuel_half': 0.6370755274604819}.
[I 2026-06-11 12:32:56,771] Trial 148 finished with values: [10.768881994197187, 10.768881994197187] and parameters: {'k1': 0.028340904295147733, 'D_low': 338.23872019362165, 'k2': 0.0034207303670092245, 'D_high': 17.956984225677637, 'fire_exp': 2.0463613363481596, 'P_half': 19.986340778528874, 'pre_dampen_half': 294.75617712568373, 'gpp_af': 1.5409457762881555, 'gpp_b': 1.7565109007473816e-05, 'gpp_d': 0.058813839452486964, 'ign_k': 0.003008686821445846, 'ign_c': 71.2818805840135, 'trop_agb_crit': 16.035571745273074, 'trop_k_veg': 2.370364278801894, 'fuel_k': 1.386319828528516, 'fuel_half': 3.0296104428212476}.
[I 2026-06-11 12:32:57,706] Trial 149 finished with values: [10.710792247910577, 10.710792247910577] and parameters: {'k1': 2.27847364377152e-05, 'D_low': 338.23872019362165, 'k2': 0.0005708731724249573, 'D_high': 1390.2686711035008, 'fire_exp': 1.2310899049053081, 'P_half': 16.051347487097576, 'pre_dampen_half': 0.13249602803264168, 'gpp_af': 0.8226361776146098, 'gpp_b': 0.00024732964314480056, 'gpp_d': 9.004606022643067, 'ign_k': 5.98502482938418, 'ign_c': 0.11650681118986138, 'trop_agb_crit': 2.1409462099712546, 'trop_k_veg': 2.8224577471047865, 'fuel_k': 0.021123235354472927, 'fuel_half': 0.3335026483569958}.
[I 2026-06-11 12:32:58,781] Trial 150 finished with values: [10.768509142492125, 10.768509142492125] and parameters: {'k1': 0.003242143344038315, 'D_low': 338.23872019362165, 'k2': 0.0014057163351022498, 'D_high': 21.980325699763856, 'fire_exp': 3.916877009398767, 'P_half': 136.0956887810302, 'pre_dampen_half': 294.75617712568373, 'gpp_af': 0.8226361776146098, 'gpp_b': 0.00024732964314480056, 'gpp_d': 290.642121800538, 'ign_k': 0.5131654955148326, 'ign_c': 0.11650681118986138, 'trop_agb_crit': 5.707205898008383, 'trop_k_veg': 0.9369104721775232, 'fuel_k': 1.3128815679924584, 'fuel_half': 42.6871254378718}.
[I 2026-06-11 12:32:59,966] Trial 151 finished with values: [10.767941273902865, 10.767941273902865] and parameters: {'k1': 0.00031489116479568613, 'D_low': 6351.221010640702, 'k2': 0.008471801418819975, 'D_high': 2090.955698118953, 'fire_exp': 1.4322493718230251, 'P_half': 4.2070539502879365, 'pre_dampen_half': 0.0195172246414495, 'gpp_af': 21.42302175774105, 'gpp_b': 0.040428727350273294, 'gpp_d': 34.70266988650411, 'ign_k': 0.0012087541473056963, 'ign_c': 757.9479953347999, 'trop_agb_crit': 16.967533607196547, 'trop_k_veg': 0.9008485225328876, 'fuel_k': 0.03199906289308566, 'fuel_half': 0.35498788321965025}.
[I 2026-06-11 12:33:01,058] Trial 152 finished with values: [10.760698982784534, 10.760698982784534] and parameters: {'k1': 1.8205657658407255e-05, 'D_low': 5.59983195169599, 'k2': 0.0001971137615017176, 'D_high': 23.224552232891565, 'fire_exp': 2.0165721691808587, 'P_half': 2.458603276328005, 'pre_dampen_half': 26.373339933815235, 'gpp_af': 0.15876781526924, 'gpp_b': 0.0005392415140872105, 'gpp_d': 8.057329182285729, 'ign_k': 0.0013726318898045872, 'ign_c': 8.40543912931368, 'trop_agb_crit': 6.119263728555865, 'trop_k_veg': 0.5772603928610088, 'fuel_k': 0.08612665817296865, 'fuel_half': 0.25307196127108805}.
[I 2026-06-11 12:33:02,010] Trial 153 finished with values: [10.769230377896308, 10.769230377896308] and parameters: {'k1': 5.325873749322162e-05, 'D_low': 4303.306161410612, 'k2': 0.002155595057104387, 'D_high': 401.2413353131992, 'fire_exp': 2.897382306276318, 'P_half': 6153.658035691652, 'pre_dampen_half': 0.05844629901057142, 'gpp_af': 0.8533931648032835, 'gpp_b': 0.010847560307977218, 'gpp_d': 11.40961991569626, 'ign_k': 0.001181519069025321, 'ign_c': 307.96093943652454, 'trop_agb_crit': 23.815062574705927, 'trop_k_veg': 2.3958419424586768, 'fuel_k': 0.8617898156534978, 'fuel_half': 58.54612336582598}.
[I 2026-06-11 12:33:02,967] Trial 154 finished with values: [10.752554418944564, 10.752554418944564] and parameters: {'k1': 0.00023352156626184448, 'D_low': 90.71933427331369, 'k2': 1.6559474674046002e-05, 'D_high': 89263.11370835223, 'fire_exp': 1.3411849220480432, 'P_half': 1.4378290221680121, 'pre_dampen_half': 33.71909132517384, 'gpp_af': 0.005618069878716736, 'gpp_b': 0.016763844265536048, 'gpp_d': 397.4459556835019, 'ign_k': 0.004144296901136395, 'ign_c': 2.442377596403893, 'trop_agb_crit': 12.285102065067687, 'trop_k_veg': 1.140286245977296, 'fuel_k': 0.08612665817296865, 'fuel_half': 42.892621277245716}.
[I 2026-06-11 12:33:03,935] Trial 155 finished with values: [10.743341592382455, 10.743341592382455] and parameters: {'k1': 0.00013649087666416944, 'D_low': 1927.6545985682426, 'k2': 0.0038341488164556755, 'D_high': 1919.1689944397538, 'fire_exp': 1.2310899049053081, 'P_half': 38.82837025280678, 'pre_dampen_half': 0.4016986062226067, 'gpp_af': 0.12243451886824051, 'gpp_b': 0.0002374151186079093, 'gpp_d': 0.0581159974343924, 'ign_k': 0.009634538433595985, 'ign_c': 0.11650681118986138, 'trop_agb_crit': 21.825752290961518, 'trop_k_veg': 1.1021959069423406, 'fuel_k': 0.030315034760496778, 'fuel_half': 1.0891507139853283}.
[I 2026-06-11 12:33:04,940] Trial 156 finished with values: [10.753705708110427, 10.753705708110427] and parameters: {'k1': 0.00014879588507789985, 'D_low': 1927.6545985682426, 'k2': 1.127217425995114e-05, 'D_high': 115.45165697879467, 'fire_exp': 1.6139358000526771, 'P_half': 1.2768174677433957, 'pre_dampen_half': 96.93415502195788, 'gpp_af': 0.8226361776146098, 'gpp_b': 0.003377126304540961, 'gpp_d': 0.0581159974343924, 'ign_k': 0.009634538433595985, 'ign_c': 0.3296550135838091, 'trop_agb_crit': 10.593659188108404, 'trop_k_veg': 1.4327328555223249, 'fuel_k': 0.43644410574317105, 'fuel_half': 0.6370755274604819}.
[I 2026-06-11 12:33:05,879] Trial 157 finished with values: [10.531019875977178, 10.531019875977178] and parameters: {'k1': 0.004312951023617458, 'D_low': 5.59983195169599, 'k2': 0.03589155871450837, 'D_high': 3712.591045287726, 'fire_exp': 3.1018148805490564, 'P_half': 220.3445560633069, 'pre_dampen_half': 502.5175192217655, 'gpp_af': 0.7539992074650279, 'gpp_b': 0.0024605285374226047, 'gpp_d': 12.00191344086031, 'ign_k': 0.34703605955441524, 'ign_c': 0.15178052094448868, 'trop_agb_crit': 3.575594457014808, 'trop_k_veg': 0.5772603928610088, 'fuel_k': 0.24991287225033346, 'fuel_half': 37.108168807575375}.
[I 2026-06-11 12:33:06,834] Trial 158 finished with values: [10.768538850007229, 10.768538850007229] and parameters: {'k1': 0.0003713474360443033, 'D_low': 21.85860582960182, 'k2': 0.0005708731724249573, 'D_high': 321.9420593085824, 'fire_exp': 2.901882247501255, 'P_half': 16.051347487097576, 'pre_dampen_half': 294.75617712568373, 'gpp_af': 8.769726637617666, 'gpp_b': 0.00024732964314480056, 'gpp_d': 0.3619181297408274, 'ign_k': 0.009861808369679778, 'ign_c': 14.935213816355384, 'trop_agb_crit': 1.1208086449693282, 'trop_k_veg': 2.8224577471047865, 'fuel_k': 0.021123235354472927, 'fuel_half': 65.99277195883643}.
[I 2026-06-11 12:33:07,869] Trial 159 finished with values: [10.769217513840786, 10.769217513840786] and parameters: {'k1': 0.00014879588507789985, 'D_low': 2.5379946629058443, 'k2': 2.5299503921303695e-05, 'D_high': 21.980325699763856, 'fire_exp': 5.464901034480522, 'P_half': 539.5442811888478, 'pre_dampen_half': 33.9790424311127, 'gpp_af': 0.8226361776146098, 'gpp_b': 0.003377126304540961, 'gpp_d': 2.292633983096564, 'ign_k': 0.18170401889219123, 'ign_c': 0.18316165443932733, 'trop_agb_crit': 13.98132484257899, 'trop_k_veg': 1.7570501127699654, 'fuel_k': 4.517981047227402, 'fuel_half': 18.202647368248826}.
[I 2026-06-11 12:33:08,838] Trial 160 finished with values: [10.655650820997359, 10.655650820997359] and parameters: {'k1': 0.02641449645424223, 'D_low': 652.5765108342365, 'k2': 1.127217425995114e-05, 'D_high': 28087.330790064407, 'fire_exp': 1.6139358000526771, 'P_half': 19.986340778528874, 'pre_dampen_half': 44.46628955475442, 'gpp_af': 0.8226361776146098, 'gpp_b': 1.6569065206637924e-05, 'gpp_d': 2.292633983096564, 'ign_k': 0.003008686821445846, 'ign_c': 0.15178052094448868, 'trop_agb_crit': 13.98132484257899, 'trop_k_veg': 1.7570501127699654, 'fuel_k': 0.24991287225033346, 'fuel_half': 3.0296104428212476}.
[I 2026-06-11 12:33:09,825] Trial 161 finished with values: [10.746814234363923, 10.746814234363923] and parameters: {'k1': 0.004312951023617458, 'D_low': 4.484744524732794, 'k2': 0.017300724838654365, 'D_high': 3712.591045287726, 'fire_exp': 2.0165721691808587, 'P_half': 220.3445560633069, 'pre_dampen_half': 26.373339933815235, 'gpp_af': 0.7539992074650279, 'gpp_b': 0.0021331409710300844, 'gpp_d': 2.991469302130215, 'ign_k': 0.0680787482656459, 'ign_c': 41.779950639915185, 'trop_agb_crit': 24.584290528289387, 'trop_k_veg': 3.138530300785082, 'fuel_k': 4.680936683972861, 'fuel_half': 3.632486956676605}.
[I 2026-06-11 12:33:10,771] Trial 162 finished with values: [10.616316452895589, 10.616316452895589] and parameters: {'k1': 0.05233480488540085, 'D_low': 2.5379946629058443, 'k2': 2.1698375693549493e-05, 'D_high': 30608.522106722474, 'fire_exp': 1.182396148413737, 'P_half': 1938.3858782150498, 'pre_dampen_half': 347.79988160923324, 'gpp_af': 0.06789053271698488, 'gpp_b': 0.0054502936945582505, 'gpp_d': 2.8006820077310213, 'ign_k': 0.018707420137660268, 'ign_c': 3.0378658251922155, 'trop_agb_crit': 29.789943908227905, 'trop_k_veg': 1.6340262437673854, 'fuel_k': 0.487361804838494, 'fuel_half': 38.211294416912246}.
[I 2026-06-11 12:33:11,714] Trial 163 finished with values: [10.398247981629765, 10.398247981629765] and parameters: {'k1': 0.0015974581244256687, 'D_low': 2.2281634177046414, 'k2': 0.0007081721844034209, 'D_high': 9769.756791866093, 'fire_exp': 1.0881360604103363, 'P_half': 16.051347487097576, 'pre_dampen_half': 36.876350096203005, 'gpp_af': 0.326288637536534, 'gpp_b': 0.011750724729953272, 'gpp_d': 314.6826989726468, 'ign_k': 0.034321391362415854, 'ign_c': 14.935213816355384, 'trop_agb_crit': 6.1198430581046965, 'trop_k_veg': 2.8224577471047865, 'fuel_k': 0.05597555634027867, 'fuel_half': 65.99277195883643}.
[I 2026-06-11 12:33:12,684] Trial 164 finished with values: [10.766502836297644, 10.766502836297644] and parameters: {'k1': 0.0013054148118849399, 'D_low': 19.4230157499841, 'k2': 0.055836727227548205, 'D_high': 35.48818403010949, 'fire_exp': 1.3175349115759807, 'P_half': 3648.4560830477985, 'pre_dampen_half': 420.2116526335304, 'gpp_af': 0.11022143612695982, 'gpp_b': 0.5432846462741858, 'gpp_d': 16.460426816350523, 'ign_k': 1.857328833311487, 'ign_c': 14.074279366401672, 'trop_agb_crit': 3.5522713231614182, 'trop_k_veg': 3.94974057158301, 'fuel_k': 0.15820328899546293, 'fuel_half': 49.16400722913762}.
[I 2026-06-11 12:33:13,625] Trial 165 finished with values: [10.736687236533296, 10.736687236533296] and parameters: {'k1': 0.002968335334246999, 'D_low': 3848.9589040216215, 'k2': 2.8459703343413838e-05, 'D_high': 4856.157707765675, 'fire_exp': 1.7124099831271415, 'P_half': 1.2768174677433957, 'pre_dampen_half': 0.08075644182853793, 'gpp_af': 18.23507280431421, 'gpp_b': 1.7565109007473816e-05, 'gpp_d': 290.642121800538, 'ign_k': 1.8611194462546792, 'ign_c': 2.329535895346768, 'trop_agb_crit': 2.4165727141234647, 'trop_k_veg': 0.5415365826598848, 'fuel_k': 0.43644410574317105, 'fuel_half': 0.6370755274604819}.
[I 2026-06-11 12:33:14,567] Trial 166 finished with values: [10.74787014288245, 10.74787014288245] and parameters: {'k1': 0.004312951023617458, 'D_low': 4.484744524732794, 'k2': 1.915468390724633e-05, 'D_high': 3712.591045287726, 'fire_exp': 2.2703704516008885, 'P_half': 38.82837025280678, 'pre_dampen_half': 502.5175192217655, 'gpp_af': 0.005618069878716736, 'gpp_b': 0.0021331409710300844, 'gpp_d': 16.460426816350523, 'ign_k': 0.009634538433595985, 'ign_c': 15.221840161091626, 'trop_agb_crit': 24.584290528289387, 'trop_k_veg': 1.4584243470991722, 'fuel_k': 0.030315034760496778, 'fuel_half': 52.00581729114123}.
[I 2026-06-11 12:33:15,587] Trial 167 finished with values: [10.769230769179362, 10.769230769179362] and parameters: {'k1': 5.325873749322162e-05, 'D_low': 10.753522341516506, 'k2': 1.915468390724633e-05, 'D_high': 401.2413353131992, 'fire_exp': 2.897382306276318, 'P_half': 8.547476176667196, 'pre_dampen_half': 502.5175192217655, 'gpp_af': 0.7539992074650279, 'gpp_b': 0.0021331409710300844, 'gpp_d': 372.8155624293852, 'ign_k': 0.0680787482656459, 'ign_c': 307.96093943652454, 'trop_agb_crit': 24.584290528289387, 'trop_k_veg': 2.3241642204298145, 'fuel_k': 0.64527429712409, 'fuel_half': 58.54612336582598}.
[I 2026-06-11 12:33:16,517] Trial 168 finished with values: [10.759440265774408, 10.759440265774408] and parameters: {'k1': 9.969469187531805e-05, 'D_low': 28.3353894176247, 'k2': 0.00010939944910100016, 'D_high': 1919.1689944397538, 'fire_exp': 1.0889492364376547, 'P_half': 8832.039346746853, 'pre_dampen_half': 33.71909132517384, 'gpp_af': 42.29037995744429, 'gpp_b': 4.0803257466853524e-05, 'gpp_d': 6.913948698657619, 'ign_k': 4.591485216740537, 'ign_c': 0.43926387967502156, 'trop_agb_crit': 10.719494362768906, 'trop_k_veg': 3.715819581962784, 'fuel_k': 0.030315034760496778, 'fuel_half': 81.8794158253808}.
[I 2026-06-11 12:33:17,440] Trial 169 finished with values: [10.241005318941903, 10.241005318941903] and parameters: {'k1': 0.004312951023617458, 'D_low': 4.484744524732794, 'k2': 1.915468390724633e-05, 'D_high': 146.1896279370497, 'fire_exp': 1.1258453832483524, 'P_half': 13.019246714361572, 'pre_dampen_half': 502.5175192217655, 'gpp_af': 0.7539992074650279, 'gpp_b': 0.0054502936945582505, 'gpp_d': 16.460426816350523, 'ign_k': 0.0680787482656459, 'ign_c': 15.221840161091626, 'trop_agb_crit': 24.584290528289387, 'trop_k_veg': 1.4584243470991722, 'fuel_k': 4.680936683972861, 'fuel_half': 52.00581729114123}.
[I 2026-06-11 12:33:18,377] Trial 170 finished with values: [10.762902177010954, 10.762902177010954] and parameters: {'k1': 2.27847364377152e-05, 'D_low': 338.23872019362165, 'k2': 0.0005708731724249573, 'D_high': 1390.2686711035008, 'fire_exp': 3.1323893237815805, 'P_half': 220.3445560633069, 'pre_dampen_half': 502.5175192217655, 'gpp_af': 0.12243451886824051, 'gpp_b': 1.7565109007473816e-05, 'gpp_d': 9.004606022643067, 'ign_k': 0.0680787482656459, 'ign_c': 15.221840161091626, 'trop_agb_crit': 21.825752290961518, 'trop_k_veg': 1.4584243470991722, 'fuel_k': 0.021123235354472927, 'fuel_half': 52.00581729114123}.
[I 2026-06-11 12:33:19,337] Trial 171 finished with values: [10.769230377896308, 10.769230377896308] and parameters: {'k1': 5.325873749322162e-05, 'D_low': 4303.306161410612, 'k2': 0.002155595057104387, 'D_high': 401.2413353131992, 'fire_exp': 2.897382306276318, 'P_half': 6153.658035691652, 'pre_dampen_half': 0.05844629901057142, 'gpp_af': 0.8533931648032835, 'gpp_b': 0.010847560307977218, 'gpp_d': 11.40961991569626, 'ign_k': 0.001181519069025321, 'ign_c': 307.96093943652454, 'trop_agb_crit': 23.815062574705927, 'trop_k_veg': 2.3958419424586768, 'fuel_k': 0.8617898156534978, 'fuel_half': 58.54612336582598}.
[I 2026-06-11 12:33:20,313] Trial 172 finished with values: [10.768061012704099, 10.768061012704099] and parameters: {'k1': 1.8205657658407255e-05, 'D_low': 5.59983195169599, 'k2': 0.055836727227548205, 'D_high': 35.48818403010949, 'fire_exp': 2.0165721691808587, 'P_half': 2.1095259085905753, 'pre_dampen_half': 26.373339933815235, 'gpp_af': 24.361092841799916, 'gpp_b': 0.0003528984625415794, 'gpp_d': 19.94895865188256, 'ign_k': 0.0075985864315887865, 'ign_c': 16.62659225403186, 'trop_agb_crit': 6.119263728555865, 'trop_k_veg': 3.324264218444254, 'fuel_k': 0.08612665817296865, 'fuel_half': 0.25307196127108805}.
[I 2026-06-11 12:33:21,235] Trial 173 finished with values: [10.76105674785329, 10.76105674785329] and parameters: {'k1': 2.27847364377152e-05, 'D_low': 2.016152775259861, 'k2': 1.854837679096716e-05, 'D_high': 9996.359851911324, 'fire_exp': 1.2310899049053081, 'P_half': 3910.3637457741784, 'pre_dampen_half': 0.10609580257119508, 'gpp_af': 0.12243451886824051, 'gpp_b': 1.6569065206637924e-05, 'gpp_d': 2.292633983096564, 'ign_k': 3.284529979576944, 'ign_c': 0.11650681118986138, 'trop_agb_crit': 21.825752290961518, 'trop_k_veg': 1.7570501127699654, 'fuel_k': 0.28630931797361614, 'fuel_half': 0.3335026483569958}.
[I 2026-06-11 12:33:22,152] Trial 174 finished with values: [10.507149631602019, 10.507149631602019] and parameters: {'k1': 0.00013783578294796384, 'D_low': 29.89885508829526, 'k2': 0.0007081721844034209, 'D_high': 9769.756791866093, 'fire_exp': 1.0881360604103363, 'P_half': 13.019246714361572, 'pre_dampen_half': 347.79988160923324, 'gpp_af': 29.925002022877802, 'gpp_b': 0.011750724729953272, 'gpp_d': 4.5768578731086835, 'ign_k': 0.0026834162496848666, 'ign_c': 2.329535895346768, 'trop_agb_crit': 6.1198430581046965, 'trop_k_veg': 0.9793402026070162, 'fuel_k': 0.05597555634027867, 'fuel_half': 0.6370755274604819}.
