[I 2026-06-10 21:31:50,982] Trial 740 finished with values: [10.238409639257629, 10.238409639257629] and parameters: {'k1': 0.012840669372724958, 'D_low': 1739.6167422846984, 'k2': 0.01567230746060024, 'D_high': 44974.07193749848, 'fire_exp': 3.2459542834651627, 'P_half': 277.00025557434554, 'pre_dampen_half': 28.01075698398644, 'gpp_af': 1.7775411110039254, 'gpp_b': 2.176805640408474e-05, 'gpp_d': 29.9035514860849, 'ign_k': 0.8945150807271531, 'ign_c': 2.2489542843914485, 'trop_agb_crit': 3.1419938725278875, 'trop_k_veg': 0.6488368931910606, 'fire_amp': 1.7912500010961188}.
[I 2026-06-10 21:31:52,819] Trial 741 finished with values: [-0.5744731670520148, 0.020159106695458173] and parameters: {'k1': 0.0031213520322039886, 'D_low': 171.2446447678494, 'k2': 0.0011135501184757278, 'D_high': 42210.21267871043, 'fire_exp': 1.2918065501148304, 'P_half': 10.94496366796197, 'pre_dampen_half': 4.603480758878793, 'gpp_af': 0.002790115363936195, 'gpp_b': 0.00047819318414852577, 'gpp_d': 0.7698760608299932, 'ign_k': 0.02779045054796808, 'ign_c': 1.9423015749984096, 'trop_agb_crit': 2.0527418919564324, 'trop_k_veg': 0.828441460847982, 'fire_amp': 1.2393473789150806}.
[I 2026-06-10 21:31:54,596] Trial 742 finished with values: [12.564751021193294, 12.564751021193294] and parameters: {'k1': 0.012840669372724958, 'D_low': 408.3047491580097, 'k2': 8.968733598183248e-05, 'D_high': 42.242359735170886, 'fire_exp': 1.5305744365500176, 'P_half': 9.580682294110435, 'pre_dampen_half': 189.88136301569827, 'gpp_af': 1.9998014714101113, 'gpp_b': 0.002416023630607169, 'gpp_d': 21.899070557043984, 'ign_k': 0.8945150807271531, 'ign_c': 1.4879588507789996, 'trop_agb_crit': 3.1419938725278875, 'trop_k_veg': 2.520089655463604, 'fire_amp': 1.1655705619308396}.
[I 2026-06-10 21:31:56,360] Trial 743 finished with values: [-0.10412191756199275, 0.059596904353497515] and parameters: {'k1': 5.178197947282869e-05, 'D_low': 408.3047491580097, 'k2': 8.968733598183248e-05, 'D_high': 24.9899605789089, 'fire_exp': 1.7505406131449859, 'P_half': 9.580682294110435, 'pre_dampen_half': 189.88136301569827, 'gpp_af': 5.975195267844334, 'gpp_b': 0.015382154459808445, 'gpp_d': 21.899070557043984, 'ign_k': 0.00660597889201953, 'ign_c': 1.4879588507789996, 'trop_agb_crit': 21.086120736447015, 'trop_k_veg': 0.5183533149347164, 'fire_amp': 1.1655705619308396}.
[I 2026-06-10 21:31:58,494] Trial 744 finished with values: [10.683852861379986, 10.683852861379986] and parameters: {'k1': 0.05705198955850472, 'D_low': 1739.6167422846984, 'k2': 0.0002442377596403892, 'D_high': 8912.611835817017, 'fire_exp': 3.2459542834651627, 'P_half': 101.40635645866499, 'pre_dampen_half': 98.05638874011484, 'gpp_af': 20.12115544906385, 'gpp_b': 0.16285506249643175, 'gpp_d': 20.81401325574021, 'ign_k': 0.17320535908244444, 'ign_c': 14.709699119495124, 'trop_agb_crit': 24.199763404822136, 'trop_k_veg': 5.453348988480011, 'fire_amp': 2.818314238665462}.
[I 2026-06-10 21:32:00,228] Trial 745 finished with values: [-0.3632949594549709, 0.03646503978846782] and parameters: {'k1': 0.012840669372724958, 'D_low': 235.39834531862078, 'k2': 3.2423055114836195e-05, 'D_high': 42210.21267871043, 'fire_exp': 1.2918065501148304, 'P_half': 277.00025557434554, 'pre_dampen_half': 4.603480758878793, 'gpp_af': 1.9998014714101113, 'gpp_b': 2.176805640408474e-05, 'gpp_d': 594.7389794988394, 'ign_k': 0.0029519227433917453, 'ign_c': 0.1611736893633666, 'trop_agb_crit': 2.0527418919564324, 'trop_k_veg': 0.828441460847982, 'fire_amp': 1.2393473789150806}.
[I 2026-06-10 21:32:02,023] Trial 746 finished with values: [10.623166241605931, 10.623166241605931] and parameters: {'k1': 0.012840669372724958, 'D_low': 1739.6167422846984, 'k2': 0.020149789847008874, 'D_high': 44974.07193749848, 'fire_exp': 3.2459542834651627, 'P_half': 101.40635645866499, 'pre_dampen_half': 81.30934046917365, 'gpp_af': 0.016306190741524337, 'gpp_b': 0.0004125336560355494, 'gpp_d': 95.2715755007094, 'ign_k': 0.00660597889201953, 'ign_c': 1.4879588507789996, 'trop_agb_crit': 3.5874145253515306, 'trop_k_veg': 0.6488368931910606, 'fire_amp': 2.818314238665462}.
[I 2026-06-10 21:32:03,835] Trial 747 finished with values: [10.139497116796573, 10.139497116796573] and parameters: {'k1': 0.012840669372724958, 'D_low': 1739.6167422846984, 'k2': 0.0011135501184757278, 'D_high': 42210.21267871043, 'fire_exp': 3.2459542834651627, 'P_half': 101.40635645866499, 'pre_dampen_half': 98.05638874011484, 'gpp_af': 1.7775411110039254, 'gpp_b': 0.0004125336560355494, 'gpp_d': 29.9035514860849, 'ign_k': 0.0029519227433917453, 'ign_c': 2.2489542843914485, 'trop_agb_crit': 2.0527418919564324, 'trop_k_veg': 2.520089655463604, 'fire_amp': 2.818314238665462}.
[I 2026-06-10 21:32:05,475] Trial 748 finished with values: [10.067071707968585, 10.067071707968585] and parameters: {'k1': 0.012840669372724958, 'D_low': 408.3047491580097, 'k2': 8.968733598183248e-05, 'D_high': 29.126651668813768, 'fire_exp': 1.633445707733642, 'P_half': 9.580682294110435, 'pre_dampen_half': 28.01075698398644, 'gpp_af': 3.4972243108738175, 'gpp_b': 0.002416023630607169, 'gpp_d': 0.7698760608299932, 'ign_k': 0.00660597889201953, 'ign_c': 0.1611736893633666, 'trop_agb_crit': 1.850652607502099, 'trop_k_veg': 2.520089655463604, 'fire_amp': 1.7912500010961188}.
[I 2026-06-10 21:32:07,107] Trial 749 finished with values: [10.816959253106479, 10.816959253106479] and parameters: {'k1': 0.006079905434073396, 'D_low': 1739.6167422846984, 'k2': 1.1417577140741129e-05, 'D_high': 29.126651668813768, 'fire_exp': 1.9783727454920947, 'P_half': 102.93072560417136, 'pre_dampen_half': 30.456909077772018, 'gpp_af': 0.07118041471054574, 'gpp_b': 0.006999112505425414, 'gpp_d': 0.030844007727232167, 'ign_k': 0.02779045054796808, 'ign_c': 0.6960633318526378, 'trop_agb_crit': 1.8023542850487386, 'trop_k_veg': 2.724170387400844, 'fire_amp': 1.348912780545359}.
[I 2026-06-10 21:32:08,924] Trial 750 finished with values: [10.832693722178247, 10.832693722178247] and parameters: {'k1': 0.012840669372724958, 'D_low': 1739.6167422846984, 'k2': 2.316457903103837e-05, 'D_high': 42210.21267871043, 'fire_exp': 3.2459542834651627, 'P_half': 45.55085098454082, 'pre_dampen_half': 0.015163585438685893, 'gpp_af': 27.448645214004376, 'gpp_b': 0.004411400434514031, 'gpp_d': 0.7698760608299932, 'ign_k': 0.004105873950290761, 'ign_c': 1.6312233285809252, 'trop_agb_crit': 2.447085645036977, 'trop_k_veg': 2.520089655463604, 'fire_amp': 1.2393473789150806}.
[I 2026-06-10 21:32:10,701] Trial 751 finished with values: [10.292508834197227, 10.292508834197227] and parameters: {'k1': 0.012840669372724958, 'D_low': 408.3047491580097, 'k2': 8.968733598183248e-05, 'D_high': 29.126651668813768, 'fire_exp': 1.633445707733642, 'P_half': 9.580682294110435, 'pre_dampen_half': 189.36639872354493, 'gpp_af': 3.298293484806585, 'gpp_b': 0.002416023630607169, 'gpp_d': 0.7698760608299932, 'ign_k': 0.00660597889201953, 'ign_c': 7.832259769732471, 'trop_agb_crit': 1.850652607502099, 'trop_k_veg': 0.5450786550840475, 'fire_amp': 1.9065166209115891}.
[I 2026-06-10 21:32:13,188] Trial 752 finished with values: [10.188050596917474, 10.188050596917474] and parameters: {'k1': 0.012840669372724958, 'D_low': 171.2446447678494, 'k2': 0.0002442377596403892, 'D_high': 8912.611835817017, 'fire_exp': 1.7505406131449859, 'P_half': 51.10120656497163, 'pre_dampen_half': 1.8469033699850426, 'gpp_af': 20.12115544906385, 'gpp_b': 0.05719024141066792, 'gpp_d': 20.81401325574021, 'ign_k': 0.00660597889201953, 'ign_c': 14.709699119495124, 'trop_agb_crit': 24.199763404822136, 'trop_k_veg': 5.453348988480011, 'fire_amp': 5.416595007374148}.
[I 2026-06-10 21:32:15,648] Trial 753 finished with values: [14.718440334833673, 14.718440334833673] and parameters: {'k1': 0.016973078532467004, 'D_low': 24.28756508761176, 'k2': 0.01567230746060024, 'D_high': 44974.07193749848, 'fire_exp': 3.2459542834651627, 'P_half': 101.40635645866499, 'pre_dampen_half': 98.05638874011484, 'gpp_af': 1.7775411110039254, 'gpp_b': 0.16285506249643175, 'gpp_d': 20.81401325574021, 'ign_k': 3.6309591863459096, 'ign_c': 2.2489542843914485, 'trop_agb_crit': 3.5874145253515306, 'trop_k_veg': 0.6488368931910606, 'fire_amp': 2.818314238665462}.
[I 2026-06-10 21:32:18,148] Trial 754 finished with values: [-0.3126882353802195, 0.010567357363649221] and parameters: {'k1': 0.017276056747028225, 'D_low': 1739.6167422846984, 'k2': 0.02939607009739149, 'D_high': 44974.07193749848, 'fire_exp': 3.2459542834651627, 'P_half': 101.40635645866499, 'pre_dampen_half': 98.05638874011484, 'gpp_af': 1.7775411110039254, 'gpp_b': 0.16285506249643175, 'gpp_d': 95.2715755007094, 'ign_k': 3.6309591863459096, 'ign_c': 2.2489542843914485, 'trop_agb_crit': 3.5874145253515306, 'trop_k_veg': 0.6488368931910606, 'fire_amp': 2.818314238665462}.
[I 2026-06-10 21:32:20,986] Trial 755 finished with values: [10.825086154141257, 10.825086154141257] and parameters: {'k1': 0.012840669372724958, 'D_low': 171.2446447678494, 'k2': 0.0010726091927327822, 'D_high': 2427.054417940131, 'fire_exp': 3.150954985759691, 'P_half': 9.580682294110435, 'pre_dampen_half': 0.02742923743141574, 'gpp_af': 48.393732009256986, 'gpp_b': 0.00047819318414852577, 'gpp_d': 2.5450745565416026, 'ign_k': 0.16413793406858565, 'ign_c': 1.9423015749984096, 'trop_agb_crit': 2.0527418919564324, 'trop_k_veg': 2.520089655463604, 'fire_amp': 1.2393473789150806}.
[I 2026-06-10 21:32:23,035] Trial 756 finished with values: [10.344199063486549, 10.344199063486549] and parameters: {'k1': 0.016973078532467004, 'D_low': 50.32059347286801, 'k2': 0.0010726091927327822, 'D_high': 8912.611835817017, 'fire_exp': 3.150954985759691, 'P_half': 2.226799690893868, 'pre_dampen_half': 1.8469033699850426, 'gpp_af': 0.8594202650742228, 'gpp_b': 1.1008110571039521e-05, 'gpp_d': 20.81401325574021, 'ign_k': 0.0032383308053152635, 'ign_c': 0.1611736893633666, 'trop_agb_crit': 21.086120736447015, 'trop_k_veg': 5.453348988480011, 'fire_amp': 5.416595007374148}.
[I 2026-06-10 21:32:25,770] Trial 757 finished with values: [10.730047036263043, 10.730047036263043] and parameters: {'k1': 0.016973078532467004, 'D_low': 43.2326421037033, 'k2': 4.933751600448335e-05, 'D_high': 8912.611835817017, 'fire_exp': 1.6901885781909627, 'P_half': 51.10120656497163, 'pre_dampen_half': 37.40930273158252, 'gpp_af': 1.9998014714101113, 'gpp_b': 0.015062722325200045, 'gpp_d': 594.7389794988394, 'ign_k': 0.8945150807271531, 'ign_c': 16.497426799845446, 'trop_agb_crit': 8.0091368834625, 'trop_k_veg': 5.453348988480011, 'fire_amp': 1.5587346124822492}.
[I 2026-06-10 21:32:28,920] Trial 758 finished with values: [10.335634360531918, 10.335634360531918] and parameters: {'k1': 0.05705198955850472, 'D_low': 171.2446447678494, 'k2': 0.01567230746060024, 'D_high': 42210.21267871043, 'fire_exp': 3.2459542834651627, 'P_half': 101.40635645866499, 'pre_dampen_half': 4.603480758878793, 'gpp_af': 27.448645214004376, 'gpp_b': 0.0006809980431188124, 'gpp_d': 0.7698760608299932, 'ign_k': 3.6309591863459096, 'ign_c': 2.2489542843914485, 'trop_agb_crit': 3.5874145253515306, 'trop_k_veg': 1.5030844497004798, 'fire_amp': 2.818314238665462}.
[I 2026-06-10 21:32:31,121] Trial 759 finished with values: [11.253287415960244, 11.253287415960244] and parameters: {'k1': 0.003968136435370146, 'D_low': 1074.940539517341, 'k2': 1.1417577140741129e-05, 'D_high': 29.126651668813768, 'fire_exp': 1.4690410989404576, 'P_half': 61.49080265244801, 'pre_dampen_half': 30.456909077772018, 'gpp_af': 0.5970408652384318, 'gpp_b': 0.006999112505425414, 'gpp_d': 10.068659791784794, 'ign_k': 0.09256855841989636, 'ign_c': 0.13577269394141456, 'trop_agb_crit': 1.8023542850487386, 'trop_k_veg': 1.6648666152166967, 'fire_amp': 4.2446263054164195}.
[I 2026-06-10 21:32:33,420] Trial 760 finished with values: [10.597623779807684, 10.597623779807684] and parameters: {'k1': 0.016973078532467004, 'D_low': 1739.6167422846984, 'k2': 0.02939607009739149, 'D_high': 8912.611835817017, 'fire_exp': 1.6901885781909627, 'P_half': 101.40635645866499, 'pre_dampen_half': 1.8469033699850426, 'gpp_af': 20.12115544906385, 'gpp_b': 0.16285506249643175, 'gpp_d': 20.81401325574021, 'ign_k': 3.6309591863459096, 'ign_c': 14.709699119495124, 'trop_agb_crit': 24.199763404822136, 'trop_k_veg': 0.6488368931910606, 'fire_amp': 2.5192808848916854}.
[I 2026-06-10 21:32:35,936] Trial 761 finished with values: [11.141253222909922, 11.141253222909922] and parameters: {'k1': 0.006079905434073396, 'D_low': 43.2326421037033, 'k2': 4.933751600448335e-05, 'D_high': 42.242359735170886, 'fire_exp': 1.7792742686803427, 'P_half': 277.00025557434554, 'pre_dampen_half': 28.01075698398644, 'gpp_af': 1.9998014714101113, 'gpp_b': 0.00047819318414852577, 'gpp_d': 594.7389794988394, 'ign_k': 0.8945150807271531, 'ign_c': 0.1611736893633666, 'trop_agb_crit': 3.1419938725278875, 'trop_k_veg': 6.397764520599931, 'fire_amp': 2.436198972102523}.
[I 2026-06-10 21:32:37,958] Trial 762 finished with values: [10.462237471668445, 10.462237471668445] and parameters: {'k1': 0.09303193611755875, 'D_low': 37.13474360443033, 'k2': 0.0011135501184757278, 'D_high': 42.242359735170886, 'fire_exp': 1.2918065501148304, 'P_half': 51.10120656497163, 'pre_dampen_half': 180.76934679960573, 'gpp_af': 0.016306190741524337, 'gpp_b': 0.00047819318414852577, 'gpp_d': 0.030844007727232167, 'ign_k': 0.002357279455676982, 'ign_c': 0.17036120617148395, 'trop_agb_crit': 2.0323350754982386, 'trop_k_veg': 0.6363741063482814, 'fire_amp': 1.2393473789150806}.
[I 2026-06-10 21:32:40,043] Trial 763 finished with values: [-0.11913750268455553, 0.0738008256863314] and parameters: {'k1': 5.178197947282869e-05, 'D_low': 1074.940539517341, 'k2': 1.1417577140741129e-05, 'D_high': 29.126651668813768, 'fire_exp': 1.7505406131449859, 'P_half': 9.580682294110435, 'pre_dampen_half': 189.36639872354493, 'gpp_af': 3.298293484806585, 'gpp_b': 0.002416023630607169, 'gpp_d': 21.899070557043984, 'ign_k': 0.00660597889201953, 'ign_c': 1.4879588507789996, 'trop_agb_crit': 2.1989086830950257, 'trop_k_veg': 1.6648666152166967, 'fire_amp': 1.1655705619308396}.
[I 2026-06-10 21:32:44,487] Trial 764 finished with values: [13.070758537636664, 13.070758537636664] and parameters: {'k1': 5.178197947282869e-05, 'D_low': 1739.6167422846984, 'k2': 0.02939607009739149, 'D_high': 24.9899605789089, 'fire_exp': 1.2918065501148304, 'P_half': 9.580682294110435, 'pre_dampen_half': 189.88136301569827, 'gpp_af': 1.7775411110039254, 'gpp_b': 0.16285506249643175, 'gpp_d': 21.899070557043984, 'ign_k': 5.276924233362289, 'ign_c': 1.4879588507789996, 'trop_agb_crit': 3.5874145253515306, 'trop_k_veg': 0.5183533149347164, 'fire_amp': 2.818314238665462}.
[I 2026-06-10 21:32:48,017] Trial 765 finished with values: [10.83333272024212, 10.83333272024212] and parameters: {'k1': 0.017276056747028225, 'D_low': 1739.6167422846984, 'k2': 2.316457903103837e-05, 'D_high': 44974.07193749848, 'fire_exp': 3.2459542834651627, 'P_half': 61.6097529474144, 'pre_dampen_half': 4.603480758878793, 'gpp_af': 0.016306190741524337, 'gpp_b': 0.16285506249643175, 'gpp_d': 95.2715755007094, 'ign_k': 0.0029519227433917453, 'ign_c': 0.29205563600251844, 'trop_agb_crit': 3.5874145253515306, 'trop_k_veg': 0.6488368931910606, 'fire_amp': 2.818314238665462}.
[I 2026-06-10 21:32:51,282] Trial 766 finished with values: [10.26357927804493, 10.26357927804493] and parameters: {'k1': 0.016973078532467004, 'D_low': 24.28756508761176, 'k2': 0.02939607009739149, 'D_high': 44974.07193749848, 'fire_exp': 1.6901885781909627, 'P_half': 51.10120656497163, 'pre_dampen_half': 1.8469033699850426, 'gpp_af': 1.7775411110039254, 'gpp_b': 0.16285506249643175, 'gpp_d': 95.2715755007094, 'ign_k': 0.17320535908244444, 'ign_c': 14.709699119495124, 'trop_agb_crit': 24.199763404822136, 'trop_k_veg': 5.453348988480011, 'fire_amp': 5.416595007374148}.
[I 2026-06-10 21:32:54,689] Trial 767 finished with values: [-0.3126882353802195, 0.010567357363649221] and parameters: {'k1': 0.017276056747028225, 'D_low': 1739.6167422846984, 'k2': 0.02939607009739149, 'D_high': 44974.07193749848, 'fire_exp': 3.2459542834651627, 'P_half': 101.40635645866499, 'pre_dampen_half': 98.05638874011484, 'gpp_af': 1.7775411110039254, 'gpp_b': 0.16285506249643175, 'gpp_d': 95.2715755007094, 'ign_k': 3.6309591863459096, 'ign_c': 2.2489542843914485, 'trop_agb_crit': 3.5874145253515306, 'trop_k_veg': 0.6488368931910606, 'fire_amp': 2.818314238665462}.
[I 2026-06-10 21:32:57,075] Trial 768 finished with values: [10.107247322126415, 10.107247322126415] and parameters: {'k1': 0.006079905434073396, 'D_low': 171.2446447678494, 'k2': 0.0011135501184757278, 'D_high': 42.242359735170886, 'fire_exp': 1.2918065501148304, 'P_half': 157.3644610977214, 'pre_dampen_half': 37.40930273158252, 'gpp_af': 1.9998014714101113, 'gpp_b': 0.0004125336560355494, 'gpp_d': 0.7698760608299932, 'ign_k': 0.8945150807271531, 'ign_c': 2.226297338331262, 'trop_agb_crit': 2.0527418919564324, 'trop_k_veg': 1.6003641872536711, 'fire_amp': 1.5587346124822492}.
[I 2026-06-10 21:33:00,107] Trial 769 finished with values: [-0.1665858310423883, 0.06790715287054327] and parameters: {'k1': 5.178197947282869e-05, 'D_low': 408.3047491580097, 'k2': 8.968733598183248e-05, 'D_high': 24.9899605789089, 'fire_exp': 1.7505406131449859, 'P_half': 9.580682294110435, 'pre_dampen_half': 189.88136301569827, 'gpp_af': 0.3097266550170567, 'gpp_b': 0.002416023630607169, 'gpp_d': 21.899070557043984, 'ign_k': 0.00660597889201953, 'ign_c': 1.4879588507789996, 'trop_agb_crit': 21.086120736447015, 'trop_k_veg': 0.5183533149347164, 'fire_amp': 1.1655705619308396}.
[I 2026-06-10 21:33:02,969] Trial 770 finished with values: [10.687177828863664, 10.687177828863664] and parameters: {'k1': 0.05705198955850472, 'D_low': 1739.6167422846984, 'k2': 1.1417577140741129e-05, 'D_high': 44974.07193749848, 'fire_exp': 6.5682505141693035, 'P_half': 1.4551749476072258, 'pre_dampen_half': 98.05638874011484, 'gpp_af': 1.7775411110039254, 'gpp_b': 0.006999112505425414, 'gpp_d': 47.35384181058586, 'ign_k': 3.6309591863459096, 'ign_c': 0.6960633318526378, 'trop_agb_crit': 3.5874145253515306, 'trop_k_veg': 0.6488368931910606, 'fire_amp': 2.818314238665462}.
[I 2026-06-10 21:33:05,751] Trial 771 finished with values: [-0.4132445660250201, 0.0470977470882199] and parameters: {'k1': 0.012840669372724958, 'D_low': 43.2326421037033, 'k2': 2.316457903103837e-05, 'D_high': 42210.21267871043, 'fire_exp': 2.4022781627753544, 'P_half': 9.580682294110435, 'pre_dampen_half': 37.40930273158252, 'gpp_af': 1.9998014714101113, 'gpp_b': 0.00047819318414852577, 'gpp_d': 0.7698760608299932, 'ign_k': 0.02779045054796808, 'ign_c': 1.9423015749984096, 'trop_agb_crit': 5.335241529707116, 'trop_k_veg': 2.520089655463604, 'fire_amp': 1.5587346124822492}.
[I 2026-06-10 21:33:08,424] Trial 772 finished with values: [10.829039167358898, 10.829039167358898] and parameters: {'k1': 5.178197947282869e-05, 'D_low': 1079.0778643024298, 'k2': 4.933751600448335e-05, 'D_high': 451.02062878998754, 'fire_exp': 1.111738490499784, 'P_half': 9.580682294110435, 'pre_dampen_half': 98.05638874011484, 'gpp_af': 1.7775411110039254, 'gpp_b': 1.8400604093141188, 'gpp_d': 0.030844007727232167, 'ign_k': 3.6309591863459096, 'ign_c': 0.17036120617148395, 'trop_agb_crit': 8.0091368834625, 'trop_k_veg': 1.6003641872536711, 'fire_amp': 1.1655705619308396}.
[I 2026-06-10 21:33:10,941] Trial 773 finished with values: [14.335897235912562, 14.335897235912562] and parameters: {'k1': 0.012840669372724958, 'D_low': 171.2446447678494, 'k2': 3.2423055114836195e-05, 'D_high': 42210.21267871043, 'fire_exp': 1.5305744365500176, 'P_half': 277.00025557434554, 'pre_dampen_half': 28.01075698398644, 'gpp_af': 24.539832961133826, 'gpp_b': 2.176805640408474e-05, 'gpp_d': 594.7389794988394, 'ign_k': 2.9663798365255736, 'ign_c': 0.1611736893633666, 'trop_agb_crit': 2.0527418919564324, 'trop_k_veg': 0.828441460847982, 'fire_amp': 1.7912500010961188}.
[I 2026-06-10 21:33:13,541] Trial 774 finished with values: [10.83333010846062, 10.83333010846062] and parameters: {'k1': 0.012840669372724958, 'D_low': 171.2446447678494, 'k2': 0.0010726091927327822, 'D_high': 42.242359735170886, 'fire_exp': 6.396249560187033, 'P_half': 61.6097529474144, 'pre_dampen_half': 4.603480758878793, 'gpp_af': 1.9998014714101113, 'gpp_b': 2.176805640408474e-05, 'gpp_d': 594.7389794988394, 'ign_k': 0.0029519227433917453, 'ign_c': 0.1611736893633666, 'trop_agb_crit': 3.1419938725278875, 'trop_k_veg': 2.520089655463604, 'fire_amp': 1.2393473789150806}.
[I 2026-06-10 21:33:16,202] Trial 775 finished with values: [11.572223789534267, 11.572223789534267] and parameters: {'k1': 0.016973078532467004, 'D_low': 24.28756508761176, 'k2': 0.0002442377596403892, 'D_high': 42210.21267871043, 'fire_exp': 1.2918065501148304, 'P_half': 61.6097529474144, 'pre_dampen_half': 1.8469033699850426, 'gpp_af': 20.12115544906385, 'gpp_b': 0.0004125336560355494, 'gpp_d': 0.7698760608299932, 'ign_k': 0.0029519227433917453, 'ign_c': 14.709699119495124, 'trop_agb_crit': 24.199763404822136, 'trop_k_veg': 0.828441460847982, 'fire_amp': 5.416595007374148}.
[I 2026-06-10 21:33:18,649] Trial 776 finished with values: [10.49230703635706, 10.49230703635706] and parameters: {'k1': 0.012840669372724958, 'D_low': 1074.940539517341, 'k2': 3.2423055114836195e-05, 'D_high': 29.126651668813768, 'fire_exp': 1.7505406131449859, 'P_half': 277.00025557434554, 'pre_dampen_half': 30.456909077772018, 'gpp_af': 1.9998014714101113, 'gpp_b': 2.176805640408474e-05, 'gpp_d': 21.899070557043984, 'ign_k': 0.09256855841989636, 'ign_c': 7.832259769732471, 'trop_agb_crit': 1.8023542850487386, 'trop_k_veg': 1.6648666152166967, 'fire_amp': 1.2393473789150806}.
