[I 2026-08-19 17:42:15,188] Trial 1536 finished with value: 0.5044421494443798 and parameters: {'k1': 0.022331301412800764, 'D_low': 13.452924757582466, 'k2': 0.0007158921614383663, 'D_high': 753608.3883760502, 'fire_exp': 1.4659343487020462, 'P_half': 1.2156454582156742, 'pre_dampen_half': 0.22695971519657862, 'gpp_af': 0.45764821457540306, 'gpp_b': 0.008640068223274466, 'gpp_d': 405.67168077596114, 'ign_k': 0.013828877710570456, 'ign_c': 0.4466417652269098, 'trop_agb_crit': 3.8295751121108967, 'trop_k_veg': 0.9785532832374951, 'pop_amp': 0.49289539590780335, 'pop_peak': 10.428265233385238, 'pop_sig': 0.9041354319115001, 'fuel_k': 0.32067549586016264, 'fuel_half': 0.13042212663408556}. Best is trial 0 with value: -0.6094076133578652.
[I 2026-08-19 17:42:17,347] Trial 1537 finished with value: 0.5349433348559458 and parameters: {'k1': 0.0012046960644341864, 'D_low': 7.151030472051339, 'k2': 0.06401013971545803, 'D_high': 218179.38490646053, 'fire_exp': 1.5558298734597722, 'P_half': 124.63835141093405, 'pre_dampen_half': 0.9449043712403172, 'gpp_af': 0.18545359631309727, 'gpp_b': 0.0014399161697093753, 'gpp_d': 606.106375324029, 'ign_k': 0.0888662643117396, 'ign_c': 21.520863140340012, 'trop_agb_crit': 13.208957748336454, 'trop_k_veg': 1.4139139051598777, 'pop_amp': 0.0033109302230543147, 'pop_peak': 2.2878597479379863, 'pop_sig': 0.4732178085793943, 'fuel_k': 0.16243875387524895, 'fuel_half': 12.054461132311307}. Best is trial 0 with value: -0.6094076133578652.
[I 2026-08-19 17:42:19,461] Trial 1538 finished with value: 0.6019504081092191 and parameters: {'k1': 0.044048219595936064, 'D_low': 7.491892127160328, 'k2': 0.0340172157712632, 'D_high': 5036698.299831122, 'fire_exp': 3.7933406666136356, 'P_half': 1.7588718501406375, 'pre_dampen_half': 24.601847895463216, 'gpp_af': 0.0012787319979167115, 'gpp_b': 0.00010687927424063746, 'gpp_d': 16.869322795094867, 'ign_k': 1.0399763244686215, 'ign_c': 0.19640559461948878, 'trop_agb_crit': 6.780530495826803, 'trop_k_veg': 5.805587998052838, 'pop_amp': 3.713666610088608, 'pop_peak': 16.568505762494556, 'pop_sig': 0.5423306972489099, 'fuel_k': 0.026798040763041563, 'fuel_half': 1.2193954005392018}. Best is trial 0 with value: -0.6094076133578652.
  trial 1539/2500  best_overall=0.6094  (43.9 min)
[I 2026-08-19 17:42:22,119] Trial 1539 finished with value: 0.6445374145881376 and parameters: {'k1': 0.015509883946099243, 'D_low': 79.57505257609952, 'k2': 0.004341705929830149, 'D_high': 1380943.736107865, 'fire_exp': 4.455100405236402, 'P_half': 16.04311303792368, 'pre_dampen_half': 278.8048886332882, 'gpp_af': 1.552260183141516, 'gpp_b': 4.789288074649165e-05, 'gpp_d': 4.374787918077689, 'ign_k': 4.378741287243278, 'ign_c': 295.28928612611946, 'trop_agb_crit': 4.797430133246752, 'trop_k_veg': 2.18464255736584, 'pop_amp': 0.06175422119293097, 'pop_peak': 779.0545121847383, 'pop_sig': 0.9378531295218525, 'fuel_k': 0.06287537577938844, 'fuel_half': 0.1164655107012873}. Best is trial 0 with value: -0.6094076133578652.
[I 2026-08-19 17:42:24,338] Trial 1540 finished with value: 0.644529820531082 and parameters: {'k1': 0.003435362745104412, 'D_low': 56696.690945266506, 'k2': 0.00045035096420839447, 'D_high': 5651584.344850133, 'fire_exp': 1.1687010864201108, 'P_half': 7630.5092704899635, 'pre_dampen_half': 40.59026085881872, 'gpp_af': 0.0754050393774629, 'gpp_b': 0.0002174839823026747, 'gpp_d': 183.35344386151712, 'ign_k': 4.5166719881143225, 'ign_c': 44.499415064648886, 'trop_agb_crit': 28.59324315402885, 'trop_k_veg': 3.106267399292675, 'pop_amp': 0.0031315546923390064, 'pop_peak': 7.634839536659608, 'pop_sig': 0.5728594330423489, 'fuel_k': 1.5402086177147036, 'fuel_half': 0.7072488634519206}. Best is trial 0 with value: -0.6094076133578652.
[I 2026-08-19 17:42:26,509] Trial 1541 finished with value: -0.5873032722010464 and parameters: {'k1': 0.0017105311770152635, 'D_low': 1.993954787682869, 'k2': 0.06879673097539221, 'D_high': 749409.0171316862, 'fire_exp': 1.4713441163213392, 'P_half': 303.7732651681427, 'pre_dampen_half': 3.0967922577806917, 'gpp_af': 0.0059085749502443335, 'gpp_b': 1.2015357584614992e-05, 'gpp_d': 96.96536731965512, 'ign_k': 0.27080945075881513, 'ign_c': 6.456965018262818, 'trop_agb_crit': 1.8590096371069735, 'trop_k_veg': 1.2283749681203697, 'pop_amp': 0.12811624116943113, 'pop_peak': 27.647096117728225, 'pop_sig': 1.3694168310945634, 'fuel_k': 0.09580496357688195, 'fuel_half': 0.10790477557917945}. Best is trial 0 with value: -0.6094076133578652.
[I 2026-08-19 17:42:28,645] Trial 1542 finished with value: 0.5291519785790072 and parameters: {'k1': 0.0027540687756528897, 'D_low': 1.1993558329284209, 'k2': 0.015353694842611312, 'D_high': 567969.0833689587, 'fire_exp': 1.6275637468467918, 'P_half': 349.9445836080652, 'pre_dampen_half': 1.7080622429981067, 'gpp_af': 0.0031732497815119875, 'gpp_b': 0.0008616424955035675, 'gpp_d': 540.6205417330467, 'ign_k': 0.3402368459879058, 'ign_c': 4.751855186384574, 'trop_agb_crit': 1.0867628742133537, 'trop_k_veg': 1.4011600657942263, 'pop_amp': 0.048478760165237916, 'pop_peak': 182.6003287483805, 'pop_sig': 1.1086795654372346, 'fuel_k': 0.11517232661450728, 'fuel_half': 0.3242359107182575}. Best is trial 0 with value: -0.6094076133578652.
[I 2026-08-19 17:42:30,940] Trial 1543 finished with value: 0.4835590106931231 and parameters: {'k1': 0.00838418674020227, 'D_low': 100.66885131578313, 'k2': 0.0003615357368363761, 'D_high': 2745784.9989551837, 'fire_exp': 2.891750521967788, 'P_half': 271.90872509630213, 'pre_dampen_half': 0.15132924394740227, 'gpp_af': 0.26135475503453887, 'gpp_b': 0.002183200314543719, 'gpp_d': 12.867364501798265, 'ign_k': 7.7810674480585815, 'ign_c': 14.203445918269844, 'trop_agb_crit': 6.636471898168936, 'trop_k_veg': 0.900007318091036, 'pop_amp': 7.3989376664317685, 'pop_peak': 86.99417643958864, 'pop_sig': 0.26722771394142053, 'fuel_k': 0.05474212505682846, 'fuel_half': 0.32953670692137127}. Best is trial 0 with value: -0.6094076133578652.
[I 2026-08-19 17:42:33,118] Trial 1544 finished with value: 0.5998530860288631 and parameters: {'k1': 0.006181884330469023, 'D_low': 14.914996421326784, 'k2': 0.011579138855068716, 'D_high': 6097874.185280452, 'fire_exp': 3.854208956612907, 'P_half': 1.5352757172297908, 'pre_dampen_half': 1.8011971621346068, 'gpp_af': 0.0025452816526935857, 'gpp_b': 0.012637255452797338, 'gpp_d': 36.34527802525869, 'ign_k': 0.058163823871941266, 'ign_c': 25.161183225851623, 'trop_agb_crit': 10.871523004333719, 'trop_k_veg': 2.316274929414369, 'pop_amp': 0.020066796477953987, 'pop_peak': 0.06032450281930424, 'pop_sig': 0.7144958911968659, 'fuel_k': 0.2667398393795706, 'fuel_half': 0.40011247209439244}. Best is trial 0 with value: -0.6094076133578652.
[I 2026-08-19 17:42:35,283] Trial 1545 finished with value: 0.5907729186132324 and parameters: {'k1': 0.00012229678368185832, 'D_low': 3.129115085930353, 'k2': 0.01035836318592041, 'D_high': 396700.9053119181, 'fire_exp': 3.4546197622732397, 'P_half': 31.60763861923628, 'pre_dampen_half': 16.60543261953378, 'gpp_af': 0.020644162912591246, 'gpp_b': 0.03703773649542851, 'gpp_d': 16.49440653660848, 'ign_k': 2.057151764971822, 'ign_c': 0.30623611783527965, 'trop_agb_crit': 5.998594626265434, 'trop_k_veg': 0.8496286196364786, 'pop_amp': 0.664413313025639, 'pop_peak': 11.681915272440632, 'pop_sig': 0.5979656414523219, 'fuel_k': 0.2365142851645933, 'fuel_half': 1.7006122844437495}. Best is trial 0 with value: -0.6094076133578652.
[I 2026-08-19 17:42:37,570] Trial 1546 finished with value: 0.5732160140222667 and parameters: {'k1': 0.002284531269269201, 'D_low': 2.035627408300096, 'k2': 0.0006629960049656129, 'D_high': 763407.0288877886, 'fire_exp': 2.643884336757277, 'P_half': 843.5190962829145, 'pre_dampen_half': 0.08074144988852251, 'gpp_af': 0.5502189461494105, 'gpp_b': 0.04440026465377117, 'gpp_d': 0.5500531745845687, 'ign_k': 0.23421906988125646, 'ign_c': 0.23061659198599502, 'trop_agb_crit': 8.617928513425996, 'trop_k_veg': 0.6266530274111037, 'pop_amp': 2.160056399319185, 'pop_peak': 1.7756072770885958, 'pop_sig': 0.7367119201256772, 'fuel_k': 0.3315178607033414, 'fuel_half': 0.14455236639753077}. Best is trial 0 with value: -0.6094076133578652.
[I 2026-08-19 17:42:39,767] Trial 1547 finished with value: 0.5879912205932165 and parameters: {'k1': 0.0017671303495896632, 'D_low': 2.006080330615794, 'k2': 0.0009217688909134469, 'D_high': 1927170.865896264, 'fire_exp': 4.2806159638961745, 'P_half': 2.437747144879359, 'pre_dampen_half': 2.342257537640995, 'gpp_af': 0.03696806307991897, 'gpp_b': 7.563314837843916e-05, 'gpp_d': 30.952182570688553, 'ign_k': 0.12717586987680046, 'ign_c': 60.67613652783402, 'trop_agb_crit': 20.0590431011766, 'trop_k_veg': 2.764958168829331, 'pop_amp': 0.17420382603840054, 'pop_peak': 0.2651436242546983, 'pop_sig': 0.40056567306689844, 'fuel_k': 0.9398240443309616, 'fuel_half': 0.23059331330441968}. Best is trial 0 with value: -0.6094076133578652.
[I 2026-08-19 17:42:42,005] Trial 1548 finished with value: 0.6445374145881376 and parameters: {'k1': 0.003974140330285704, 'D_low': 160.89912201833118, 'k2': 0.02082080972675624, 'D_high': 3411395.834290741, 'fire_exp': 3.6813568069355367, 'P_half': 27.211303349610453, 'pre_dampen_half': 203.47958624603015, 'gpp_af': 0.004141329767599699, 'gpp_b': 2.4531525885742044e-05, 'gpp_d': 0.5815007086673205, 'ign_k': 2.7521617586426186, 'ign_c': 44.063446388635974, 'trop_agb_crit': 2.2433659805973525, 'trop_k_veg': 2.366903628210898, 'pop_amp': 0.008164123731603294, 'pop_peak': 27.851258345482783, 'pop_sig': 2.064886128797553, 'fuel_k': 0.04010923542463338, 'fuel_half': 0.3454543156562335}. Best is trial 0 with value: -0.6094076133578652.
  trial 1549/2500  best_overall=0.6094  (44.3 min)
[I 2026-08-19 17:42:44,470] Trial 1549 finished with value: 0.5211861891748858 and parameters: {'k1': 0.005196771994105926, 'D_low': 8.044705153105015, 'k2': 0.09104316830428756, 'D_high': 1256273.0793742498, 'fire_exp': 1.2648511276131467, 'P_half': 38.246889620333455, 'pre_dampen_half': 52.73899786977526, 'gpp_af': 0.03631524853148109, 'gpp_b': 3.596774678428023e-05, 'gpp_d': 363.92203171751197, 'ign_k': 0.7757165195603674, 'ign_c': 20.076003881730156, 'trop_agb_crit': 1.654951389095948, 'trop_k_veg': 2.442807460835396, 'pop_amp': 0.36180568563451315, 'pop_peak': 13.40458197759437, 'pop_sig': 2.3302318402531026, 'fuel_k': 0.31785134146358385, 'fuel_half': 0.2354243968465244}. Best is trial 0 with value: -0.6094076133578652.
[I 2026-08-19 17:42:46,652] Trial 1550 finished with value: 0.5194926097581143 and parameters: {'k1': 0.001433922925341669, 'D_low': 462.18679511630603, 'k2': 0.004477757241826663, 'D_high': 681015.2636188368, 'fire_exp': 1.7903180229809503, 'P_half': 5.815888591026917, 'pre_dampen_half': 8.057654763890069, 'gpp_af': 0.05785601926264065, 'gpp_b': 0.024275728747606157, 'gpp_d': 559.532311591974, 'ign_k': 0.995360509409526, 'ign_c': 0.8389466521098913, 'trop_agb_crit': 24.61570274334008, 'trop_k_veg': 6.808840927843775, 'pop_amp': 0.026455268062060378, 'pop_peak': 0.061021146611584975, 'pop_sig': 0.36863619032618333, 'fuel_k': 2.5888650705431804, 'fuel_half': 0.1154689830958155}. Best is trial 0 with value: -0.6094076133578652.
[I 2026-08-19 17:42:48,803] Trial 1551 finished with value: 0.5658003833172418 and parameters: {'k1': 0.0003477089107996905, 'D_low': 7944.638095266871, 'k2': 0.004317911467836156, 'D_high': 5160458.409475079, 'fire_exp': 3.2744952820959186, 'P_half': 161.60390590219117, 'pre_dampen_half': 0.1121063264679067, 'gpp_af': 0.050054177647535655, 'gpp_b': 0.0011472602790596168, 'gpp_d': 3.678815458597642, 'ign_k': 0.08474880673080244, 'ign_c': 0.17253392880734722, 'trop_agb_crit': 3.868761667523603, 'trop_k_veg': 2.5017044915522058, 'pop_amp': 2.4831569845199053, 'pop_peak': 1.826751949729408, 'pop_sig': 0.36582446690997605, 'fuel_k': 0.08569692561838704, 'fuel_half': 1.1886317770353103}. Best is trial 0 with value: -0.6094076133578652.
[I 2026-08-19 17:42:50,985] Trial 1552 finished with value: 0.4974254159898359 and parameters: {'k1': 0.04791385223594791, 'D_low': 15.276368622620815, 'k2': 0.04959268506772198, 'D_high': 13541.025426928676, 'fire_exp': 1.4097036348703065, 'P_half': 100.79045025253347, 'pre_dampen_half': 5.272106307222375, 'gpp_af': 0.07312367230568478, 'gpp_b': 0.0007773160490277943, 'gpp_d': 58.027775781782225, 'ign_k': 2.0539815078314594, 'ign_c': 1.6971373817435333, 'trop_agb_crit': 1.0524764802861444, 'trop_k_veg': 1.3013181597588455, 'pop_amp': 0.18398872298469676, 'pop_peak': 5.655125246592938, 'pop_sig': 1.5311367884343197, 'fuel_k': 0.1082641217149336, 'fuel_half': 0.10210774190894929}. Best is trial 0 with value: -0.6094076133578652.
[I 2026-08-19 17:42:53,234] Trial 1553 finished with value: 0.4344093226663591 and parameters: {'k1': 0.0006579440964018946, 'D_low': 1.4580581174181542, 'k2': 0.025866465627106996, 'D_high': 657603.5707634826, 'fire_exp': 1.6669549680023437, 'P_half': 46.98392365247026, 'pre_dampen_half': 0.18868789732279245, 'gpp_af': 0.00493024945161335, 'gpp_b': 3.403609151185654e-05, 'gpp_d': 677.6248356971803, 'ign_k': 0.10718976899438908, 'ign_c': 2.306974239262293, 'trop_agb_crit': 1.9110339107236851, 'trop_k_veg': 1.6883349871703786, 'pop_amp': 0.9899119315854031, 'pop_peak': 41.4413212562699, 'pop_sig': 1.209298773619916, 'fuel_k': 0.06522667015280968, 'fuel_half': 0.12025199302245301}. Best is trial 0 with value: -0.6094076133578652.
[I 2026-08-19 17:42:55,473] Trial 1554 finished with value: 0.5475752039890731 and parameters: {'k1': 0.0002653690874230574, 'D_low': 2910.5295781024906, 'k2': 4.319250968667053e-05, 'D_high': 3451780.0726756686, 'fire_exp': 1.0554435950756471, 'P_half': 73.82323529159777, 'pre_dampen_half': 0.1747411539772048, 'gpp_af': 0.052332756597325364, 'gpp_b': 0.016306969860292155, 'gpp_d': 340.3171287852857, 'ign_k': 0.0013101057530214269, 'ign_c': 5.03762553562582, 'trop_agb_crit': 26.028196632529177, 'trop_k_veg': 3.7343971455354503, 'pop_amp': 1.1393988726692172, 'pop_peak': 205.94540700906214, 'pop_sig': 0.597580035837496, 'fuel_k': 0.9274592081208235, 'fuel_half': 5.440145100265555}. Best is trial 0 with value: -0.6094076133578652.
[I 2026-08-19 17:42:57,686] Trial 1555 finished with value: -0.4896807021136098 and parameters: {'k1': 2.0070183402296662e-05, 'D_low': 53465.77110927564, 'k2': 0.0001573060030450446, 'D_high': 4577837.332216086, 'fire_exp': 1.1250602343133316, 'P_half': 107.22316643859403, 'pre_dampen_half': 2.434097882560524, 'gpp_af': 0.1760190994933404, 'gpp_b': 0.0019302637165218661, 'gpp_d': 153.65522834916274, 'ign_k': 0.0014114864788670443, 'ign_c': 2.633950629054086, 'trop_agb_crit': 27.614592228710727, 'trop_k_veg': 3.564931115609501, 'pop_amp': 0.18222844821138467, 'pop_peak': 5.552746933744405, 'pop_sig': 0.5706419955547276, 'fuel_k': 3.2816728747926995, 'fuel_half': 1.5957854378220426}. Best is trial 0 with value: -0.6094076133578652.
[I 2026-08-19 17:42:59,848] Trial 1556 finished with value: 0.5826493665753414 and parameters: {'k1': 0.000724698353845556, 'D_low': 453.6401475086284, 'k2': 2.2745010183749003e-05, 'D_high': 1640714.641882296, 'fire_exp': 3.57234793522609, 'P_half': 4521.861296335385, 'pre_dampen_half': 5.079185249101175, 'gpp_af': 0.9560471291409668, 'gpp_b': 0.012150008308140385, 'gpp_d': 9.551615242706381, 'ign_k': 0.01883120949011239, 'ign_c': 5.844144318330734, 'trop_agb_crit': 2.793467906171638, 'trop_k_veg': 1.849414638944279, 'pop_amp': 9.593897140233361, 'pop_peak': 14.410845092628511, 'pop_sig': 0.8294913880503446, 'fuel_k': 0.9182752064823064, 'fuel_half': 5.974051848730265}. Best is trial 0 with value: -0.6094076133578652.
[I 2026-08-19 17:43:02,059] Trial 1557 finished with value: 0.4344363360285255 and parameters: {'k1': 0.0005911544220185602, 'D_low': 49.449288112714356, 'k2': 0.07637669631247168, 'D_high': 4160333.061191573, 'fire_exp': 1.5307950862020465, 'P_half': 57.21874326175977, 'pre_dampen_half': 19.08952672554298, 'gpp_af': 1.100004014246494, 'gpp_b': 0.00017250582229890222, 'gpp_d': 5.394189068072269, 'ign_k': 0.09580584145347505, 'ign_c': 1.2209126286063783, 'trop_agb_crit': 9.605857720900877, 'trop_k_veg': 0.5031792065875992, 'pop_amp': 0.04523319394462501, 'pop_peak': 0.09922487628162091, 'pop_sig': 1.0205872199455517, 'fuel_k': 0.3466978180492438, 'fuel_half': 41.65886354593613}. Best is trial 0 with value: -0.6094076133578652.
[I 2026-08-19 17:43:04,196] Trial 1558 finished with value: 0.4316752275310475 and parameters: {'k1': 0.03325807221984984, 'D_low': 2.07359225985155, 'k2': 1.3235332629087857e-05, 'D_high': 6298170.456987722, 'fire_exp': 4.383980467954188, 'P_half': 1.0492118715246732, 'pre_dampen_half': 0.9368751091683813, 'gpp_af': 0.021256442099662497, 'gpp_b': 1.0867588588904874e-05, 'gpp_d': 7.718895073639571, 'ign_k': 0.2233150458667643, 'ign_c': 2.577097941890073, 'trop_agb_crit': 8.449164961243275, 'trop_k_veg': 3.7868133477981987, 'pop_amp': 0.00336478673860145, 'pop_peak': 0.25304845891390104, 'pop_sig': 1.1111827027034706, 'fuel_k': 3.5696500070167887, 'fuel_half': 9.384454940089066}. Best is trial 0 with value: -0.6094076133578652.
  trial 1559/2500  best_overall=0.6094  (44.7 min)
[I 2026-08-19 17:43:06,792] Trial 1559 finished with value: 0.5735039775109703 and parameters: {'k1': 0.0007826533158836718, 'D_low': 7682.219641003587, 'k2': 0.0013213893997146046, 'D_high': 5345294.317787288, 'fire_exp': 3.461345715554919, 'P_half': 443.7177439948708, 'pre_dampen_half': 1.446369538472309, 'gpp_af': 7.070649904607383, 'gpp_b': 0.00011163979619637425, 'gpp_d': 11.101252322583266, 'ign_k': 1.6820657964754702, 'ign_c': 0.13609619239804946, 'trop_agb_crit': 3.668432081247858, 'trop_k_veg': 3.1488357402738334, 'pop_amp': 0.5364783474989784, 'pop_peak': 0.6700953249524937, 'pop_sig': 0.3724604884232168, 'fuel_k': 0.014219569101338637, 'fuel_half': 0.13784774279808307}. Best is trial 0 with value: -0.6094076133578652.
[I 2026-08-19 17:43:08,979] Trial 1560 finished with value: 0.3995390476699996 and parameters: {'k1': 0.000363761371951212, 'D_low': 148.74060097308572, 'k2': 0.00021288735014462546, 'D_high': 578805.6430750524, 'fire_exp': 2.6361889726618712, 'P_half': 4.6307983349330355, 'pre_dampen_half': 6.135455003162275, 'gpp_af': 0.04650080212123832, 'gpp_b': 0.0016460535426323954, 'gpp_d': 532.0483857730314, 'ign_k': 0.1266591854672967, 'ign_c': 0.17807479112313865, 'trop_agb_crit': 11.495036161121899, 'trop_k_veg': 0.831814933745168, 'pop_amp': 0.020930656180323023, 'pop_peak': 0.31051633751041346, 'pop_sig': 0.6747157943786817, 'fuel_k': 1.9984079492847713, 'fuel_half': 0.5670499199886715}. Best is trial 0 with value: -0.6094076133578652.
[I 2026-08-19 17:43:11,177] Trial 1561 finished with value: 0.4579848032523449 and parameters: {'k1': 0.0004126263662394113, 'D_low': 5671.7681783987255, 'k2': 0.0007848072164633596, 'D_high': 732904.8745783186, 'fire_exp': 1.3797943982649243, 'P_half': 76.5043542784875, 'pre_dampen_half': 60.179511975824546, 'gpp_af': 0.14020759902182772, 'gpp_b': 0.00035368436702863816, 'gpp_d': 8.425764829070053, 'ign_k': 0.1676035262142964, 'ign_c': 1.415824714407164, 'trop_agb_crit': 8.352356705479552, 'trop_k_veg': 2.592682023909315, 'pop_amp': 0.3950036264094048, 'pop_peak': 5.133718101414174, 'pop_sig': 0.5159691057221438, 'fuel_k': 0.05695061881089924, 'fuel_half': 0.2962598222910438}. Best is trial 0 with value: -0.6094076133578652.
[I 2026-08-19 17:43:13,245] Trial 1562 finished with value: -0.5822621112959081 and parameters: {'k1': 0.0015001696895030588, 'D_low': 6906.034116053717, 'k2': 0.0001387760704089806, 'D_high': 9921954.001688993, 'fire_exp': 4.369925860394911, 'P_half': 83.28450052739399, 'pre_dampen_half': 12.032738865776592, 'gpp_af': 0.10990921771713381, 'gpp_b': 0.00011675075781079405, 'gpp_d': 26.213716701551977, 'ign_k': 0.2164996982742519, 'ign_c': 0.5149105066375181, 'trop_agb_crit': 24.31572822852779, 'trop_k_veg': 1.3355352564519014, 'pop_amp': 3.7621934765125524, 'pop_peak': 2.042316601514837, 'pop_sig': 0.3525382982208435, 'fuel_k': 0.052846721272880336, 'fuel_half': 1.2480218448430689}. Best is trial 0 with value: -0.6094076133578652.
[I 2026-08-19 17:43:15,403] Trial 1563 finished with value: 0.4074559181628322 and parameters: {'k1': 0.0015732094372265897, 'D_low': 4.442704973348426, 'k2': 0.018302968699202816, 'D_high': 823118.8663200658, 'fire_exp': 1.1617920883465582, 'P_half': 966.3827210289858, 'pre_dampen_half': 13.109925336674873, 'gpp_af': 0.002189188902187221, 'gpp_b': 5.708037070467695e-05, 'gpp_d': 7.261567601858783, 'ign_k': 0.23989288803481595, 'ign_c': 1.0562464756172603, 'trop_agb_crit': 2.470478116350932, 'trop_k_veg': 2.1681106185813985, 'pop_amp': 0.3360665962185895, 'pop_peak': 21.133970204351733, 'pop_sig': 1.497107345588497, 'fuel_k': 0.11982993364859665, 'fuel_half': 0.314270322079908}. Best is trial 0 with value: -0.6094076133578652.
[I 2026-08-19 17:43:17,550] Trial 1564 finished with value: 0.5552192803212196 and parameters: {'k1': 4.944270166542725e-05, 'D_low': 696.4223338417386, 'k2': 0.007782485566108159, 'D_high': 3381198.575981216, 'fire_exp': 2.497525198150347, 'P_half': 649.4041441753175, 'pre_dampen_half': 7.735748416036641, 'gpp_af': 0.052051691601641296, 'gpp_b': 6.37282813097003e-05, 'gpp_d': 141.5184198297209, 'ign_k': 0.10671960734380807, 'ign_c': 4.378017121168954, 'trop_agb_crit': 3.77898706201938, 'trop_k_veg': 2.075338079967344, 'pop_amp': 0.06258081043655397, 'pop_peak': 25.742842988743487, 'pop_sig': 1.8682635498473925, 'fuel_k': 0.04591573980622539, 'fuel_half': 0.6706966471648378}. Best is trial 0 with value: -0.6094076133578652.
