[I 2026-06-11 01:22:56,804] Trial 233 finished with values: [10.560709879603579, 10.560709879603579] and parameters: {'k1': 0.012840669372724958, 'D_low': 408.3047491580097, 'k2': 8.968733598183248e-05, 'D_high': 949.9072859745386, 'fire_exp': 1.2918065501148304, 'P_half': 157.80309954142965, 'pre_dampen_half': 9.044346216330972, 'gpp_af': 0.2204465010099918, 'gpp_b': 2.1309331861011757e-05, 'gpp_d': 26.07917317941345, 'ign_k': 0.0029519227433917453, 'ign_c': 0.10435856341129002, 'trop_agb_crit': 21.086120736447015, 'trop_k_veg': 0.6175053058034194, 'fire_amp': 1.1655705619308396}.
[I 2026-06-11 01:22:58,288] Trial 234 finished with values: [10.759441013070216, 10.759441013070216] and parameters: {'k1': 5.7909642338812115e-05, 'D_low': 1216.4139351417061, 'k2': 0.0002442377596403892, 'D_high': 271.55819552829405, 'fire_exp': 1.305777134899723, 'P_half': 7.914423612155368, 'pre_dampen_half': 1.8469033699850426, 'gpp_af': 0.005061568304359487, 'gpp_b': 0.004411400434514031, 'gpp_d': 0.3588488911386258, 'ign_k': 0.00660597889201953, 'ign_c': 3.470490935437501, 'trop_agb_crit': 18.081400596781233, 'trop_k_veg': 5.85168037586392, 'fire_amp': 2.330529660087218}.
[I 2026-06-11 01:22:59,697] Trial 235 finished with values: [10.766156183762115, 10.766156183762115] and parameters: {'k1': 0.0032360993995751053, 'D_low': 148.21691630007544, 'k2': 0.0001016707987819611, 'D_high': 949.9072859745386, 'fire_exp': 1.5191397119156032, 'P_half': 61.6097529474144, 'pre_dampen_half': 1.6130673726933187, 'gpp_af': 0.016306190741524337, 'gpp_b': 0.005916090676703775, 'gpp_d': 0.03848886303127135, 'ign_k': 4.869640941520899, 'ign_c': 1.9423015749984096, 'trop_agb_crit': 8.188098178380693, 'trop_k_veg': 0.6618107836658104, 'fire_amp': 1.1626468420952578}.
[I 2026-06-11 01:23:01,062] Trial 236 finished with values: [10.544158870319565, 10.544158870319565] and parameters: {'k1': 0.0869690639641868, 'D_low': 236.79352040223893, 'k2': 0.019383858782150494, 'D_high': 6682.9607218310075, 'fire_exp': 1.2060040899560858, 'P_half': 2539.9645554516837, 'pre_dampen_half': 9.044346216330972, 'gpp_af': 0.060029341913968644, 'gpp_b': 2.1309331861011757e-05, 'gpp_d': 2.990423074145505, 'ign_k': 1.6270983114897255, 'ign_c': 1.364908766641693, 'trop_agb_crit': 8.188098178380693, 'trop_k_veg': 0.6618107836658104, 'fire_amp': 2.7806853670293616}.
[I 2026-06-11 01:23:02,546] Trial 237 finished with values: [10.676438778932038, 10.676438778932038] and parameters: {'k1': 0.0008362695993649681, 'D_low': 408.3047491580097, 'k2': 0.08661811390647982, 'D_high': 24.9899605789089, 'fire_exp': 1.7505406131449859, 'P_half': 9.580682294110435, 'pre_dampen_half': 189.88136301569827, 'gpp_af': 0.10098504976210308, 'gpp_b': 0.002416023630607169, 'gpp_d': 21.899070557043984, 'ign_k': 0.004105873950290761, 'ign_c': 23.422386257929038, 'trop_agb_crit': 21.086120736447015, 'trop_k_veg': 0.5183533149347164, 'fire_amp': 1.1655705619308396}.
[I 2026-06-11 01:23:03,979] Trial 238 finished with values: [10.769230768838547, 10.769230768838547] and parameters: {'k1': 5.7909642338812115e-05, 'D_low': 1216.4139351417061, 'k2': 0.0001870742013766025, 'D_high': 27.55546207779663, 'fire_exp': 6.678531303406035, 'P_half': 774.5825831079144, 'pre_dampen_half': 123.04779330083686, 'gpp_af': 68.11991466118579, 'gpp_b': 2.4063018320720924e-05, 'gpp_d': 0.3588488911386258, 'ign_k': 0.01998634077852888, 'ign_c': 0.773448215664679, 'trop_agb_crit': 1.5033346993841157, 'trop_k_veg': 5.85168037586392, 'fire_amp': 2.330529660087218}.
[I 2026-06-11 01:23:05,590] Trial 239 finished with values: [10.655909063327764, 10.655909063327764] and parameters: {'k1': 0.00026539376439360527, 'D_low': 408.3047491580097, 'k2': 8.968733598183248e-05, 'D_high': 24.9899605789089, 'fire_exp': 1.7505406131449859, 'P_half': 774.5825831079144, 'pre_dampen_half': 189.36639872354493, 'gpp_af': 14.161176080022173, 'gpp_b': 0.002416023630607169, 'gpp_d': 21.899070557043984, 'ign_k': 0.00660597889201953, 'ign_c': 7.832259769732471, 'trop_agb_crit': 1.8023542850487386, 'trop_k_veg': 1.6648666152166967, 'fire_amp': 2.042193818779288}.
[I 2026-06-11 01:23:07,023] Trial 240 finished with values: [10.714891560022044, 10.714891560022044] and parameters: {'k1': 9.132348475718357e-05, 'D_low': 236.79352040223893, 'k2': 0.0001280886335404798, 'D_high': 6682.9607218310075, 'fire_exp': 1.811096651915224, 'P_half': 24.617096698415132, 'pre_dampen_half': 4.847666216751353, 'gpp_af': 0.07118041471054574, 'gpp_b': 0.00031478066835753096, 'gpp_d': 0.1619054449471649, 'ign_k': 0.002357279455676982, 'ign_c': 51.53053011412483, 'trop_agb_crit': 12.708819454040446, 'trop_k_veg': 6.963655030926962, 'fire_amp': 2.7806853670293616}.
[I 2026-06-11 01:23:08,407] Trial 241 finished with values: [10.248231190489628, 10.248231190489628] and parameters: {'k1': 0.012840669372724958, 'D_low': 408.3047491580097, 'k2': 8.968733598183248e-05, 'D_high': 24.9899605789089, 'fire_exp': 1.2918065501148304, 'P_half': 93.43302657318476, 'pre_dampen_half': 189.88136301569827, 'gpp_af': 0.2204465010099918, 'gpp_b': 0.002416023630607169, 'gpp_d': 0.03927259340973166, 'ign_k': 0.0029519227433917453, 'ign_c': 39.52220881906114, 'trop_agb_crit': 21.086120736447015, 'trop_k_veg': 0.5183533149347164, 'fire_amp': 2.7556562114998226}.
[I 2026-06-11 01:23:09,842] Trial 242 finished with values: [10.621633839513443, 10.621633839513443] and parameters: {'k1': 0.017276056747028225, 'D_low': 1739.6167422846984, 'k2': 0.02939607009739149, 'D_high': 44974.07193749848, 'fire_exp': 3.2459542834651627, 'P_half': 101.40635645866499, 'pre_dampen_half': 98.05638874011484, 'gpp_af': 1.7775411110039254, 'gpp_b': 0.16285506249643175, 'gpp_d': 95.2715755007094, 'ign_k': 3.6309591863459096, 'ign_c': 1.1698039424426816, 'trop_agb_crit': 3.5874145253515306, 'trop_k_veg': 0.6488368931910606, 'fire_amp': 2.818314238665462}.
[I 2026-06-11 01:23:11,216] Trial 243 finished with values: [10.744037169167845, 10.744037169167845] and parameters: {'k1': 0.0326979063339169, 'D_low': 408.3047491580097, 'k2': 8.968733598183248e-05, 'D_high': 24.9899605789089, 'fire_exp': 1.7505406131449859, 'P_half': 157.80309954142965, 'pre_dampen_half': 189.88136301569827, 'gpp_af': 0.2204465010099918, 'gpp_b': 0.6089142387470042, 'gpp_d': 21.899070557043984, 'ign_k': 0.4303356629825978, 'ign_c': 0.10435856341129002, 'trop_agb_crit': 21.086120736447015, 'trop_k_veg': 6.825463866194253, 'fire_amp': 1.1655705619308396}.
[I 2026-06-11 01:23:12,798] Trial 244 finished with values: [10.399935970993633, 10.399935970993633] and parameters: {'k1': 0.00023134781612225627, 'D_low': 1.7551403048208316, 'k2': 0.0001280886335404798, 'D_high': 32311.521854410956, 'fire_exp': 1.811096651915224, 'P_half': 5.4712187293420325, 'pre_dampen_half': 121.93011993958949, 'gpp_af': 14.161176080022173, 'gpp_b': 1.2690840169394997, 'gpp_d': 21.899070557043984, 'ign_k': 0.002357279455676982, 'ign_c': 1.4879588507789996, 'trop_agb_crit': 19.102873436429586, 'trop_k_veg': 0.5183533149347164, 'fire_amp': 1.5719333351012774}.
[I 2026-06-11 01:23:14,345] Trial 245 finished with values: [10.733627026957105, 10.733627026957105] and parameters: {'k1': 0.0869690639641868, 'D_low': 148.21691630007544, 'k2': 3.152468275632564e-05, 'D_high': 949.9072859745386, 'fire_exp': 1.14171776851287, 'P_half': 1265.0580856641704, 'pre_dampen_half': 1.8469033699850426, 'gpp_af': 0.41874665092828456, 'gpp_b': 0.004411400434514031, 'gpp_d': 1.0088237648985734, 'ign_k': 0.17320535908244444, 'ign_c': 0.10435856341129002, 'trop_agb_crit': 1.8566494291193822, 'trop_k_veg': 5.453348988480011, 'fire_amp': 2.6192385880432525}.
[I 2026-06-11 01:23:15,724] Trial 246 finished with values: [10.718488085185806, 10.718488085185806] and parameters: {'k1': 0.006814781046529926, 'D_low': 1074.940539517341, 'k2': 8.968733598183248e-05, 'D_high': 29.126651668813768, 'fire_exp': 1.7505406131449859, 'P_half': 252.38726750780188, 'pre_dampen_half': 189.88136301569827, 'gpp_af': 0.007531064950403672, 'gpp_b': 0.002416023630607169, 'gpp_d': 21.899070557043984, 'ign_k': 0.09256855841989636, 'ign_c': 11.903394335305014, 'trop_agb_crit': 21.086120736447015, 'trop_k_veg': 0.7928574866766803, 'fire_amp': 3.7523365308330816}.
[I 2026-06-11 01:23:17,127] Trial 247 finished with values: [10.73938663519386, 10.73938663519386] and parameters: {'k1': 0.0869690639641868, 'D_low': 2228.7087260110166, 'k2': 0.02065142557895925, 'D_high': 48235.58283024493, 'fire_exp': 1.5191397119156032, 'P_half': 118.94665366442581, 'pre_dampen_half': 42.05657072871069, 'gpp_af': 0.10098504976210308, 'gpp_b': 0.004411400434514031, 'gpp_d': 0.4742269251269962, 'ign_k': 1.6270983114897255, 'ign_c': 22.126836566118193, 'trop_agb_crit': 1.2489332852689512, 'trop_k_veg': 4.796046723963646, 'fire_amp': 2.6192385880432525}.
[I 2026-06-11 01:23:18,475] Trial 248 finished with values: [18.163111665843783, 18.163111665843783] and parameters: {'k1': 0.006164329525571074, 'D_low': 2.843767489444367, 'k2': 0.0001870742013766025, 'D_high': 32311.521854410956, 'fire_exp': 1.2060040899560858, 'P_half': 3.591771421517613, 'pre_dampen_half': 121.93011993958949, 'gpp_af': 0.5970408652384318, 'gpp_b': 0.12046049142392454, 'gpp_d': 304.7488318185732, 'ign_k': 0.0032383308053152635, 'ign_c': 1.364908766641693, 'trop_agb_crit': 2.100813292597435, 'trop_k_veg': 6.963655030926962, 'fire_amp': 5.416595007374148}.
[I 2026-06-11 01:23:19,942] Trial 249 finished with values: [10.756654900836022, 10.756654900836022] and parameters: {'k1': 5.178197947282869e-05, 'D_low': 408.3047491580097, 'k2': 0.002981573452453104, 'D_high': 24.9899605789089, 'fire_exp': 1.7505406131449859, 'P_half': 1025.3368317956683, 'pre_dampen_half': 121.93011993958949, 'gpp_af': 3.030008727251782, 'gpp_b': 0.002416023630607169, 'gpp_d': 21.899070557043984, 'ign_k': 0.002357279455676982, 'ign_c': 388.02797007866826, 'trop_agb_crit': 1.8023542850487386, 'trop_k_veg': 0.5183533149347164, 'fire_amp': 1.3286749923230772}.
[I 2026-06-11 01:23:21,507] Trial 250 finished with values: [10.563614010384116, 10.563614010384116] and parameters: {'k1': 0.00026539376439360527, 'D_low': 1074.940539517341, 'k2': 4.933751600448335e-05, 'D_high': 42.242359735170886, 'fire_exp': 1.7792742686803427, 'P_half': 1.4551749476072258, 'pre_dampen_half': 253.71947027764784, 'gpp_af': 3.298293484806585, 'gpp_b': 0.006999112505425414, 'gpp_d': 594.7389794988394, 'ign_k': 0.8945150807271531, 'ign_c': 16.497426799845446, 'trop_agb_crit': 8.0091368834625, 'trop_k_veg': 1.6648666152166967, 'fire_amp': 1.5587346124822492}.
[I 2026-06-11 01:23:22,925] Trial 251 finished with values: [-0.48069486420620744, 0.167941019556078] and parameters: {'k1': 0.0004846497679219079, 'D_low': 408.3047491580097, 'k2': 0.0011135501184757278, 'D_high': 8912.611835817017, 'fire_exp': 1.2918065501148304, 'P_half': 45.55085098454082, 'pre_dampen_half': 903.3231300044874, 'gpp_af': 0.005061568304359487, 'gpp_b': 0.010307896803108956, 'gpp_d': 0.7698760608299932, 'ign_k': 0.00660597889201953, 'ign_c': 14.709699119495124, 'trop_agb_crit': 2.1989086830950257, 'trop_k_veg': 6.030247256556128, 'fire_amp': 3.1045399027418377}.
[I 2026-06-11 01:23:24,270] Trial 252 finished with values: [10.769230768838547, 10.769230768838547] and parameters: {'k1': 0.012840669372724958, 'D_low': 171.2446447678494, 'k2': 0.0499774937030317, 'D_high': 27.55546207779663, 'fire_exp': 4.2769938521987285, 'P_half': 51.10120656497163, 'pre_dampen_half': 30.697381831179275, 'gpp_af': 0.2204465010099918, 'gpp_b': 2.176805640408474e-05, 'gpp_d': 20.81401325574021, 'ign_k': 0.002357279455676982, 'ign_c': 388.02797007866826, 'trop_agb_crit': 24.199763404822136, 'trop_k_veg': 1.2749676887479542, 'fire_amp': 5.606809127618709}.
[I 2026-06-11 01:23:25,682] Trial 253 finished with values: [10.769230768838547, 10.769230768838547] and parameters: {'k1': 0.017276056747028225, 'D_low': 171.2446447678494, 'k2': 0.03071666851587867, 'D_high': 36998.679204890876, 'fire_exp': 1.069663761954776, 'P_half': 101.40635645866499, 'pre_dampen_half': 98.05638874011484, 'gpp_af': 0.2204465010099918, 'gpp_b': 0.16285506249643175, 'gpp_d': 0.09467055845337147, 'ign_k': 3.6309591863459096, 'ign_c': 39.52220881906114, 'trop_agb_crit': 3.5874145253515306, 'trop_k_veg': 0.6488368931910606, 'fire_amp': 2.818314238665462}.
[I 2026-06-11 01:23:27,139] Trial 254 finished with values: [10.043000454109695, 10.043000454109695] and parameters: {'k1': 0.0003445931091927334, 'D_low': 2186.356344942016, 'k2': 0.0001280886335404798, 'D_high': 20103.283734409175, 'fire_exp': 1.811096651915224, 'P_half': 5.4712187293420325, 'pre_dampen_half': 121.93011993958949, 'gpp_af': 0.004409093791567215, 'gpp_b': 5.0875243087016374e-05, 'gpp_d': 0.47379914349407487, 'ign_k': 0.9419612235978201, 'ign_c': 7.081721844034206, 'trop_agb_crit': 1.8023542850487386, 'trop_k_veg': 0.7808079158649266, 'fire_amp': 1.4475279918261055}.
[I 2026-06-11 01:23:28,682] Trial 255 finished with values: [-0.4829619642331337, 0.1893470631236378] and parameters: {'k1': 5.178197947282869e-05, 'D_low': 408.3047491580097, 'k2': 0.0002442377596403892, 'D_high': 31301.15118850836, 'fire_exp': 1.7505406131449859, 'P_half': 7.914423612155368, 'pre_dampen_half': 903.3231300044874, 'gpp_af': 0.007531064950403672, 'gpp_b': 0.004411400434514031, 'gpp_d': 21.899070557043984, 'ign_k': 0.00660597889201953, 'ign_c': 14.709699119495124, 'trop_agb_crit': 21.086120736447015, 'trop_k_veg': 5.453348988480011, 'fire_amp': 3.1045399027418377}.
[I 2026-06-11 01:23:30,162] Trial 256 finished with values: [10.134822026654781, 10.134822026654781] and parameters: {'k1': 5.178197947282869e-05, 'D_low': 408.3047491580097, 'k2': 0.0001016707987819611, 'D_high': 1537.592023548176, 'fire_exp': 1.5191397119156032, 'P_half': 61.6097529474144, 'pre_dampen_half': 121.93011993958949, 'gpp_af': 0.5970408652384318, 'gpp_b': 0.005916090676703775, 'gpp_d': 0.1619054449471649, 'ign_k': 0.002357279455676982, 'ign_c': 1.9423015749984096, 'trop_agb_crit': 21.380932890222198, 'trop_k_veg': 5.636143940068465, 'fire_amp': 3.7523365308330816}.
[I 2026-06-11 01:23:31,503] Trial 257 finished with values: [10.53007619402926, 10.53007619402926] and parameters: {'k1': 5.178197947282869e-05, 'D_low': 236.79352040223893, 'k2': 0.019383858782150494, 'D_high': 18701.140647651915, 'fire_exp': 1.2060040899560858, 'P_half': 2539.9645554516837, 'pre_dampen_half': 9.044346216330972, 'gpp_af': 0.04513257622008944, 'gpp_b': 2.1309331861011757e-05, 'gpp_d': 2.990423074145505, 'ign_k': 1.6270983114897255, 'ign_c': 1.364908766641693, 'trop_agb_crit': 8.188098178380693, 'trop_k_veg': 5.022956259243681, 'fire_amp': 3.7523365308330816}.
[I 2026-06-11 01:23:32,893] Trial 258 finished with values: [10.549443580822041, 10.549443580822041] and parameters: {'k1': 9.132348475718357e-05, 'D_low': 408.3047491580097, 'k2': 8.968733598183248e-05, 'D_high': 6682.9607218310075, 'fire_exp': 1.2060040899560858, 'P_half': 3.591771421517613, 'pre_dampen_half': 3.4461856429915305, 'gpp_af': 14.161176080022173, 'gpp_b': 0.001674375583895437, 'gpp_d': 21.899070557043984, 'ign_k': 0.00660597889201953, 'ign_c': 1.364908766641693, 'trop_agb_crit': 21.086120736447015, 'trop_k_veg': 0.5089315327929785, 'fire_amp': 1.1655705619308396}.
[I 2026-06-11 01:23:34,286] Trial 259 finished with values: [10.64308569426331, 10.64308569426331] and parameters: {'k1': 0.00026539376439360527, 'D_low': 1074.940539517341, 'k2': 1.1417577140741129e-05, 'D_high': 29.126651668813768, 'fire_exp': 1.9783727454920947, 'P_half': 12.262543158860007, 'pre_dampen_half': 189.88136301569827, 'gpp_af': 14.161176080022173, 'gpp_b': 0.006999112505425414, 'gpp_d': 21.899070557043984, 'ign_k': 0.09256855841989636, 'ign_c': 7.832259769732471, 'trop_agb_crit': 1.8023542850487386, 'trop_k_veg': 1.6648666152166967, 'fire_amp': 1.1655705619308396}.
[I 2026-06-11 01:23:35,779] Trial 260 finished with values: [10.243583479355937, 10.243583479355937] and parameters: {'k1': 0.00026539376439360527, 'D_low': 2.843767489444367, 'k2': 4.933751600448335e-05, 'D_high': 42.242359735170886, 'fire_exp': 1.9365919987098117, 'P_half': 1.4551749476072258, 'pre_dampen_half': 253.71947027764784, 'gpp_af': 27.448645214004376, 'gpp_b': 0.006999112505425414, 'gpp_d': 12.151631524283598, 'ign_k': 0.002357279455676982, 'ign_c': 16.497426799845446, 'trop_agb_crit': 8.188098178380693, 'trop_k_veg': 1.6648666152166967, 'fire_amp': 2.6192385880432525}.
[I 2026-06-11 01:23:37,304] Trial 261 finished with values: [10.6733470152179, 10.6733470152179] and parameters: {'k1': 0.08409006963311547, 'D_low': 2267.735223551285, 'k2': 0.019383858782150494, 'D_high': 6682.9607218310075, 'fire_exp': 1.1633452995374232, 'P_half': 318.834644588275, 'pre_dampen_half': 4.847666216751353, 'gpp_af': 0.41874665092828456, 'gpp_b': 0.001674375583895437, 'gpp_d': 304.7488318185732, 'ign_k': 0.0032383308053152635, 'ign_c': 1.364908766641693, 'trop_agb_crit': 2.100813292597435, 'trop_k_veg': 6.963655030926962, 'fire_amp': 3.102033517490054}.
[I 2026-06-11 01:23:38,682] Trial 262 finished with values: [10.407550080355273, 10.407550080355273] and parameters: {'k1': 0.00023134781612225627, 'D_low': 1.7551403048208316, 'k2': 0.0001280886335404798, 'D_high': 32311.521854410956, 'fire_exp': 1.811096651915224, 'P_half': 10.94496366796197, 'pre_dampen_half': 121.93011993958949, 'gpp_af': 14.161176080022173, 'gpp_b': 1.2690840169394997, 'gpp_d': 21.899070557043984, 'ign_k': 0.002357279455676982, 'ign_c': 1.4879588507789996, 'trop_agb_crit': 19.102873436429586, 'trop_k_veg': 0.5183533149347164, 'fire_amp': 1.5719333351012774}.
[I 2026-06-11 01:23:40,012] Trial 263 finished with values: [10.598466017912303, 10.598466017912303] and parameters: {'k1': 5.178197947282869e-05, 'D_low': 2186.356344942016, 'k2': 0.0001016707987819611, 'D_high': 1537.592023548176, 'fire_exp': 1.811096651915224, 'P_half': 61.6097529474144, 'pre_dampen_half': 121.93011993958949, 'gpp_af': 0.5970408652384318, 'gpp_b': 0.005916090676703775, 'gpp_d': 0.1619054449471649, 'ign_k': 0.9419612235978201, 'ign_c': 7.081721844034206, 'trop_agb_crit': 8.639792249596399, 'trop_k_veg': 5.636143940068465, 'fire_amp': 3.7523365308330816}.
[I 2026-06-11 01:23:41,354] Trial 264 finished with values: [10.173393896537803, 10.173393896537803] and parameters: {'k1': 5.178197947282869e-05, 'D_low': 408.3047491580097, 'k2': 0.0001280886335404798, 'D_high': 32311.521854410956, 'fire_exp': 1.7505406131449859, 'P_half': 7.914423612155368, 'pre_dampen_half': 903.3231300044874, 'gpp_af': 14.161176080022173, 'gpp_b': 1.2690840169394997, 'gpp_d': 21.899070557043984, 'ign_k': 0.00660597889201953, 'ign_c': 1.4879588507789996, 'trop_agb_crit': 19.102873436429586, 'trop_k_veg': 5.453348988480011, 'fire_amp': 1.5719333351012774}.
[I 2026-06-11 01:23:42,785] Trial 265 finished with values: [16.883726154746075, 16.883726154746075] and parameters: {'k1': 0.0014452451441203328, 'D_low': 236.79352040223893, 'k2': 0.019383858782150494, 'D_high': 6682.9607218310075, 'fire_exp': 1.2060040899560858, 'P_half': 3.591771421517613, 'pre_dampen_half': 79.2915624488668, 'gpp_af': 2.5017068255320485, 'gpp_b': 0.001674375583895437, 'gpp_d': 304.7488318185732, 'ign_k': 0.0032383308053152635, 'ign_c': 1.364908766641693, 'trop_agb_crit': 2.100813292597435, 'trop_k_veg': 6.963655030926962, 'fire_amp': 2.7806853670293616}.
[I 2026-06-11 01:23:44,338] Trial 266 finished with values: [10.65717684923468, 10.65717684923468] and parameters: {'k1': 0.00026539376439360527, 'D_low': 2.843767489444367, 'k2': 0.0011239682517242113, 'D_high': 42210.21267871043, 'fire_exp': 1.111738490499784, 'P_half': 157.80309954142965, 'pre_dampen_half': 1.6130673726933187, 'gpp_af': 0.060029341913968644, 'gpp_b': 0.006999112505425414, 'gpp_d': 0.1423472425072452, 'ign_k': 0.0032383308053152635, 'ign_c': 7.832259769732471, 'trop_agb_crit': 12.9667438075127, 'trop_k_veg': 2.520089655463604, 'fire_amp': 2.7806853670293616}.
[I 2026-06-11 01:23:45,866] Trial 267 finished with values: [10.320023870447532, 10.320023870447532] and parameters: {'k1': 0.0004846497679219079, 'D_low': 408.3047491580097, 'k2': 0.0011135501184757278, 'D_high': 8912.611835817017, 'fire_exp': 1.7505406131449859, 'P_half': 774.5825831079144, 'pre_dampen_half': 903.3231300044874, 'gpp_af': 14.161176080022173, 'gpp_b': 0.010307896803108956, 'gpp_d': 21.899070557043984, 'ign_k': 0.00660597889201953, 'ign_c': 14.709699119495124, 'trop_agb_crit': 1.438876022196885, 'trop_k_veg': 6.030247256556128, 'fire_amp': 2.042193818779288}.
[I 2026-06-11 01:23:47,370] Trial 268 finished with values: [10.027585350721925, 10.027585350721925] and parameters: {'k1': 0.0003445931091927334, 'D_low': 2186.356344942016, 'k2': 0.08661811390647982, 'D_high': 1817.0401889219124, 'fire_exp': 1.111738490499784, 'P_half': 1.4551749476072258, 'pre_dampen_half': 8.259599205585761, 'gpp_af': 0.060029341913968644, 'gpp_b': 1.4008921101492135e-05, 'gpp_d': 1.4397852866783676, 'ign_k': 0.004105873950290761, 'ign_c': 22.126836566118193, 'trop_agb_crit': 1.8023542850487386, 'trop_k_veg': 1.6648666152166967, 'fire_amp': 1.4475279918261055}.
[I 2026-06-11 01:23:48,884] Trial 269 finished with values: [-0.39852044570286516, 0.13770732241078143] and parameters: {'k1': 0.00023134781612225627, 'D_low': 1.7551403048208316, 'k2': 0.0001280886335404798, 'D_high': 32311.521854410956, 'fire_exp': 1.811096651915224, 'P_half': 5.4712187293420325, 'pre_dampen_half': 121.93011993958949, 'gpp_af': 6.384685545228285, 'gpp_b': 0.00031478066835753096, 'gpp_d': 0.1619054449471649, 'ign_k': 0.002357279455676982, 'ign_c': 7.081721844034206, 'trop_agb_crit': 12.708819454040446, 'trop_k_veg': 0.5535297685306277, 'fire_amp': 1.5719333351012774}.
