[I 2026-08-19 17:52:50,396] Trial 1826 finished with value: 0.4379196944334186 and parameters: {'k1': 8.826991890331469e-05, 'D_low': 4.703097370573118, 'k2': 0.07110068679985329, 'D_high': 5811151.3823511135, 'fire_exp': 1.735360994482328, 'P_half': 33.50660804764867, 'pre_dampen_half': 6.914472553998546, 'gpp_af': 0.0013416634195270662, 'gpp_b': 0.00017799634357828584, 'gpp_d': 5.333635065573696, 'ign_k': 0.8967533538581158, 'ign_c': 18.1321619537159, 'trop_agb_crit': 5.70758290871088, 'trop_k_veg': 2.0325653044227106, 'pop_amp': 0.22435401323108983, 'pop_peak': 0.3645985317572299, 'pop_sig': 1.679443008187335, 'fuel_k': 0.048628841901811486, 'fuel_half': 0.5307478488460871}. Best is trial 1622 with value: -0.6125870653324885.
[I 2026-08-19 17:52:52,549] Trial 1827 finished with value: 0.5451748756120451 and parameters: {'k1': 0.01885241495507667, 'D_low': 3.6079604247816808, 'k2': 0.00022212828623645323, 'D_high': 1064984.1027349336, 'fire_exp': 5.675214029261291, 'P_half': 1.4808647820806218, 'pre_dampen_half': 109.31606241339222, 'gpp_af': 0.010741338847539096, 'gpp_b': 0.00022616371548925813, 'gpp_d': 308.9329569388294, 'ign_k': 2.0738745697906196, 'ign_c': 0.19419325611376972, 'trop_agb_crit': 29.05505943525767, 'trop_k_veg': 3.111007118936957, 'pop_amp': 0.001863545748677057, 'pop_peak': 0.05228131522156898, 'pop_sig': 0.26856104091499156, 'fuel_k': 0.6767811603905006, 'fuel_half': 0.11552270581569378}. Best is trial 1622 with value: -0.6125870653324885.
  trial 1828/2500  best_overall=0.6126  (54.5 min)
[I 2026-08-19 17:52:55,218] Trial 1828 finished with value: 0.5301968497030407 and parameters: {'k1': 0.00028707318167292377, 'D_low': 342.1990870544593, 'k2': 0.007496848101816336, 'D_high': 931159.1520365492, 'fire_exp': 1.1684685976833245, 'P_half': 292.8617023239512, 'pre_dampen_half': 0.13034144898204383, 'gpp_af': 3.3161727230342177, 'gpp_b': 0.009612914091324287, 'gpp_d': 12.502416941065603, 'ign_k': 0.07187624747067894, 'ign_c': 0.1597364513142684, 'trop_agb_crit': 6.08212753682532, 'trop_k_veg': 0.662094702932881, 'pop_amp': 0.017358143512655504, 'pop_peak': 0.12087161653098971, 'pop_sig': 1.0984645785216198, 'fuel_k': 0.0220000290042834, 'fuel_half': 69.00327541536372}. Best is trial 1622 with value: -0.6125870653324885.
[I 2026-08-19 17:52:57,350] Trial 1829 finished with value: 0.5952394805018568 and parameters: {'k1': 0.002021108064727356, 'D_low': 3.6009336506283334, 'k2': 0.014472139781593223, 'D_high': 6496193.816244369, 'fire_exp': 2.134416548163965, 'P_half': 6.807870016770182, 'pre_dampen_half': 3.0703364019891604, 'gpp_af': 0.1304934567329256, 'gpp_b': 0.4059485572029444, 'gpp_d': 1.663465366802215, 'ign_k': 0.11124251352012764, 'ign_c': 11.117156044101824, 'trop_agb_crit': 2.5272928651201103, 'trop_k_veg': 1.7677872783620308, 'pop_amp': 0.0055596093944133935, 'pop_peak': 0.8131250895016807, 'pop_sig': 1.977431302954346, 'fuel_k': 0.15301962549741452, 'fuel_half': 0.5046485813126167}. Best is trial 1622 with value: -0.6125870653324885.
[I 2026-08-19 17:52:59,491] Trial 1830 finished with value: 0.5121199424737973 and parameters: {'k1': 0.014297999598579966, 'D_low': 1.6452615093886782, 'k2': 0.00028914413035623196, 'D_high': 1981512.6732094141, 'fire_exp': 2.3336703960669, 'P_half': 37.03150289791017, 'pre_dampen_half': 2.674348106702632, 'gpp_af': 0.19519838433581063, 'gpp_b': 0.0006560246104384379, 'gpp_d': 3.8598315575019893, 'ign_k': 0.07694029627823394, 'ign_c': 15.693706150201255, 'trop_agb_crit': 4.275493866256686, 'trop_k_veg': 6.739342882756528, 'pop_amp': 0.0017661961921441364, 'pop_peak': 0.1480177814576356, 'pop_sig': 0.8608424567624015, 'fuel_k': 0.322620840924709, 'fuel_half': 1.7273625872720992}. Best is trial 1622 with value: -0.6125870653324885.
[I 2026-08-19 17:53:01,590] Trial 1831 finished with value: 0.5600024546389742 and parameters: {'k1': 0.00019937739939256873, 'D_low': 15.967888370435944, 'k2': 0.013595306208448336, 'D_high': 8881081.130227521, 'fire_exp': 3.1811226462715845, 'P_half': 11.304436308058504, 'pre_dampen_half': 1.4705063413683586, 'gpp_af': 0.02722304891643313, 'gpp_b': 0.0022793228031561153, 'gpp_d': 2.3845688837587615, 'ign_k': 3.243616247185648, 'ign_c': 24.10641905692583, 'trop_agb_crit': 2.3552190734163956, 'trop_k_veg': 1.2642371814903235, 'pop_amp': 0.11255591761879606, 'pop_peak': 7.746592060853232, 'pop_sig': 1.0744836172718102, 'fuel_k': 0.11927770190157476, 'fuel_half': 0.2853130540805088}. Best is trial 1622 with value: -0.6125870653324885.
[I 2026-08-19 17:53:03,869] Trial 1832 finished with value: 0.6685338932489421 and parameters: {'k1': 0.002134852292002309, 'D_low': 86.84135000140284, 'k2': 0.018527832555185888, 'D_high': 4883022.980747788, 'fire_exp': 2.7580600901721377, 'P_half': 3.816169815144677, 'pre_dampen_half': 842.0192390353865, 'gpp_af': 0.007389804574868142, 'gpp_b': 0.0004682632776533147, 'gpp_d': 178.99385588997615, 'ign_k': 0.21573715157834833, 'ign_c': 1.2976442781676545, 'trop_agb_crit': 7.2060365278549785, 'trop_k_veg': 2.5003505178212397, 'pop_amp': 0.0016207167144660832, 'pop_peak': 0.05987906471810559, 'pop_sig': 0.7629504995811746, 'fuel_k': 4.890127528816263, 'fuel_half': 0.7671040375211899}. Best is trial 1622 with value: -0.6125870653324885.
[I 2026-08-19 17:53:06,255] Trial 1833 finished with value: 0.6445374145881376 and parameters: {'k1': 0.0002753012844218341, 'D_low': 215.71347112061744, 'k2': 0.00024476713021474335, 'D_high': 112.52524641667696, 'fire_exp': 2.979252266820628, 'P_half': 5.72300452508579, 'pre_dampen_half': 0.07724264138047522, 'gpp_af': 0.04198642100429305, 'gpp_b': 0.09389431414641362, 'gpp_d': 74.2078626097423, 'ign_k': 0.15462536419316303, 'ign_c': 671.6446915103379, 'trop_agb_crit': 3.4792602007326505, 'trop_k_veg': 1.9381130910999473, 'pop_amp': 0.0029708490571351684, 'pop_peak': 8.873044593334026, 'pop_sig': 1.3746892445692076, 'fuel_k': 1.3493880193711607, 'fuel_half': 0.8452129697239912}. Best is trial 1622 with value: -0.6125870653324885.
[I 2026-08-19 17:53:08,460] Trial 1834 finished with value: 0.5724416766428558 and parameters: {'k1': 0.0012437714656470301, 'D_low': 3.647763746160058, 'k2': 0.0032633932177795447, 'D_high': 29468.47667387382, 'fire_exp': 9.174775302572586, 'P_half': 5.068938069114661, 'pre_dampen_half': 3.50001473038169, 'gpp_af': 0.03128483252663178, 'gpp_b': 2.0136923095860084e-05, 'gpp_d': 275.1062606310046, 'ign_k': 0.08705757528629125, 'ign_c': 1.6880672459761248, 'trop_agb_crit': 19.265870601489862, 'trop_k_veg': 2.3751838979866284, 'pop_amp': 0.10501885048615993, 'pop_peak': 0.5169748662166368, 'pop_sig': 0.4297005239671665, 'fuel_k': 0.4341276478993823, 'fuel_half': 0.3052069714358383}. Best is trial 1622 with value: -0.6125870653324885.
[I 2026-08-19 17:53:10,597] Trial 1835 finished with value: 0.5036660482978419 and parameters: {'k1': 0.002387040604369614, 'D_low': 446.09581886751533, 'k2': 0.007086407751578532, 'D_high': 221744.00064820214, 'fire_exp': 1.0551831254890576, 'P_half': 110.74639499271827, 'pre_dampen_half': 4.628777645302797, 'gpp_af': 1.5774373080272621, 'gpp_b': 0.0004737664698729486, 'gpp_d': 332.5303206826575, 'ign_k': 0.16986286722497138, 'ign_c': 0.29730672455797114, 'trop_agb_crit': 5.805919661303549, 'trop_k_veg': 0.7514047000342104, 'pop_amp': 2.038297807323218, 'pop_peak': 0.4196521786296722, 'pop_sig': 1.059495126815715, 'fuel_k': 0.2102832558993084, 'fuel_half': 15.726344053185844}. Best is trial 1622 with value: -0.6125870653324885.
[I 2026-08-19 17:53:12,740] Trial 1836 finished with value: 0.45717261725415737 and parameters: {'k1': 0.0025732851386220646, 'D_low': 1.8047094791892044, 'k2': 0.0009437928592641641, 'D_high': 346383.94813584257, 'fire_exp': 3.3019193022726636, 'P_half': 4.884207376996095, 'pre_dampen_half': 10.043243319873037, 'gpp_af': 0.09018810873581772, 'gpp_b': 0.0004383452112042591, 'gpp_d': 159.67236968546078, 'ign_k': 0.05564581492623498, 'ign_c': 6.460608618504938, 'trop_agb_crit': 19.48608593946887, 'trop_k_veg': 2.3068163348176323, 'pop_amp': 0.001593252821462348, 'pop_peak': 0.3957641762264863, 'pop_sig': 0.3700333739609664, 'fuel_k': 0.5880990062816309, 'fuel_half': 0.15291122785882555}. Best is trial 1622 with value: -0.6125870653324885.
[I 2026-08-19 17:53:14,775] Trial 1837 finished with value: 0.6268036674950572 and parameters: {'k1': 0.0030943572278117762, 'D_low': 74.88220118195937, 'k2': 0.00219293894630813, 'D_high': 2193860.7151725567, 'fire_exp': 1.8663642426665619, 'P_half': 83.99719842240977, 'pre_dampen_half': 19.781176312129066, 'gpp_af': 0.01168172017943297, 'gpp_b': 2.363199313410382e-05, 'gpp_d': 44.52515296895344, 'ign_k': 0.17583443653712433, 'ign_c': 0.9616826655089158, 'trop_agb_crit': 23.468935972609227, 'trop_k_veg': 3.029220419855908, 'pop_amp': 8.65194648535937, 'pop_peak': 4.2415316172637985, 'pop_sig': 0.3774265146929517, 'fuel_k': 0.03285887623391935, 'fuel_half': 0.8070331815841382}. Best is trial 1622 with value: -0.6125870653324885.
  trial 1838/2500  best_overall=0.6126  (54.8 min)
[I 2026-08-19 17:53:17,786] Trial 1838 finished with value: 0.6445374145881376 and parameters: {'k1': 0.02269417453340948, 'D_low': 16.599054077571996, 'k2': 0.0007688930195235264, 'D_high': 2562973.754601568, 'fire_exp': 1.7771252185444566, 'P_half': 2271.3000239827898, 'pre_dampen_half': 1.3242280434114917, 'gpp_af': 0.0010114135335833625, 'gpp_b': 5.993898772959568e-05, 'gpp_d': 3.0268215451626252, 'ign_k': 2.1333373197588053, 'ign_c': 66.58888597083542, 'trop_agb_crit': 14.728120076911159, 'trop_k_veg': 4.145674923772684, 'pop_amp': 0.001231622453352019, 'pop_peak': 0.09126219365678535, 'pop_sig': 0.8367442596129655, 'fuel_k': 0.5042245504867314, 'fuel_half': 2.6611466127039325}. Best is trial 1622 with value: -0.6125870653324885.
[I 2026-08-19 17:53:19,972] Trial 1839 finished with value: 0.6133803400955842 and parameters: {'k1': 0.00124936992641786, 'D_low': 26.561956305348378, 'k2': 0.018402261288677862, 'D_high': 24716.608739874995, 'fire_exp': 1.8213639582839565, 'P_half': 4.5840740541609435, 'pre_dampen_half': 7.000896614335702, 'gpp_af': 0.011115579367699836, 'gpp_b': 0.000470958517216027, 'gpp_d': 143.50538590620548, 'ign_k': 1.769534182928709, 'ign_c': 29.767131654204217, 'trop_agb_crit': 5.033269001697434, 'trop_k_veg': 1.3210728745448341, 'pop_amp': 0.02255337641547907, 'pop_peak': 1.9277933687618092, 'pop_sig': 1.2951421007184323, 'fuel_k': 0.029049133274160345, 'fuel_half': 0.14431056868126077}. Best is trial 1622 with value: -0.6125870653324885.
[I 2026-08-19 17:53:22,076] Trial 1840 finished with value: -0.5164397897008496 and parameters: {'k1': 0.021915781779497837, 'D_low': 4.104859425793242, 'k2': 0.0018709462246361544, 'D_high': 960981.1186336476, 'fire_exp': 2.5784404145540867, 'P_half': 29.207058120458505, 'pre_dampen_half': 33.65502864802763, 'gpp_af': 0.7174133693639233, 'gpp_b': 0.003993196284141033, 'gpp_d': 15.586980774848113, 'ign_k': 0.029293302547695677, 'ign_c': 4.913078312709424, 'trop_agb_crit': 10.111944675833257, 'trop_k_veg': 3.039012952847417, 'pop_amp': 0.001820450139821417, 'pop_peak': 2.679888537032741, 'pop_sig': 1.406472754696862, 'fuel_k': 0.08890879498170115, 'fuel_half': 3.485366951026526}. Best is trial 1622 with value: -0.6125870653324885.
[I 2026-08-19 17:53:24,148] Trial 1841 finished with value: 0.49499517113088687 and parameters: {'k1': 0.022359971517987295, 'D_low': 70.31238324846962, 'k2': 5.44374064126238e-05, 'D_high': 2971299.15884561, 'fire_exp': 1.8250083530889227, 'P_half': 45.37378994576023, 'pre_dampen_half': 0.3049101407942858, 'gpp_af': 0.010625538505487506, 'gpp_b': 0.0021284089258256094, 'gpp_d': 104.11218213446021, 'ign_k': 0.5407782975532784, 'ign_c': 1.249778680834535, 'trop_agb_crit': 10.939352195493955, 'trop_k_veg': 6.209490481961848, 'pop_amp': 0.0052006747865512805, 'pop_peak': 0.1138782600405973, 'pop_sig': 0.31666235409823706, 'fuel_k': 0.7420797777438993, 'fuel_half': 1.3212378897053394}. Best is trial 1622 with value: -0.6125870653324885.
[I 2026-08-19 17:53:26,143] Trial 1842 finished with value: -0.5021529757305402 and parameters: {'k1': 0.0006986181061266119, 'D_low': 41.47699147381239, 'k2': 0.0003714093250649426, 'D_high': 314242.79010662436, 'fire_exp': 2.4312001082023644, 'P_half': 10.720654388663569, 'pre_dampen_half': 8.934949466830014, 'gpp_af': 0.47104697785628485, 'gpp_b': 0.00035638907886649724, 'gpp_d': 178.17408714675895, 'ign_k': 0.02194827899356112, 'ign_c': 0.34647494651840327, 'trop_agb_crit': 8.701326781277654, 'trop_k_veg': 0.9974807484042717, 'pop_amp': 0.008210006469085507, 'pop_peak': 4.117233622046514, 'pop_sig': 0.624574484943234, 'fuel_k': 0.179091981171236, 'fuel_half': 0.15134821321538658}. Best is trial 1622 with value: -0.6125870653324885.
[I 2026-08-19 17:53:28,215] Trial 1843 finished with value: -0.5877668715046263 and parameters: {'k1': 0.0007401039208860302, 'D_low': 9.142567142194652, 'k2': 0.06246006934169717, 'D_high': 4344114.309415071, 'fire_exp': 1.8421972498632015, 'P_half': 34.371465567392306, 'pre_dampen_half': 2.0763134834555217, 'gpp_af': 1.801255970935545, 'gpp_b': 0.005586375997062542, 'gpp_d': 110.40195347826507, 'ign_k': 0.9144890330297821, 'ign_c': 1.9336717460543345, 'trop_agb_crit': 9.008486862432768, 'trop_k_veg': 1.1444426178899079, 'pop_amp': 0.001059153192001926, 'pop_peak': 0.3385544235260455, 'pop_sig': 0.49992221850914587, 'fuel_k': 0.09154093782971003, 'fuel_half': 4.5052801172508445}. Best is trial 1622 with value: -0.6125870653324885.
[I 2026-08-19 17:53:30,360] Trial 1844 finished with value: -0.570673787542477 and parameters: {'k1': 0.04666150664703998, 'D_low': 2.974986854157947, 'k2': 0.00042941632142272444, 'D_high': 1514017.5541548687, 'fire_exp': 2.8306401146754596, 'P_half': 377.94590168733623, 'pre_dampen_half': 8.495706894188604, 'gpp_af': 0.33769600978099246, 'gpp_b': 0.06827080301639477, 'gpp_d': 174.72768262545048, 'ign_k': 0.34479168244179376, 'ign_c': 2.5745792290077696, 'trop_agb_crit': 5.406387075229308, 'trop_k_veg': 1.8051010702911563, 'pop_amp': 3.1128690774817476, 'pop_peak': 42.43304661026171, 'pop_sig': 0.4732414689606897, 'fuel_k': 0.026621488404007375, 'fuel_half': 0.44012530939830613}. Best is trial 1622 with value: -0.6125870653324885.
[I 2026-08-19 17:53:32,387] Trial 1845 finished with value: -0.5468495111871331 and parameters: {'k1': 0.0004390265990252863, 'D_low': 6.347476009403729, 'k2': 0.014239222872156062, 'D_high': 5155013.70210098, 'fire_exp': 1.2568381051075386, 'P_half': 430.33968069059074, 'pre_dampen_half': 16.241420141045335, 'gpp_af': 21.907841434567825, 'gpp_b': 0.7656465623253379, 'gpp_d': 42.266570815284005, 'ign_k': 1.8792119626647552, 'ign_c': 12.894254714742997, 'trop_agb_crit': 6.269254068699816, 'trop_k_veg': 0.9652165261706157, 'pop_amp': 0.0020084965411145206, 'pop_peak': 1.9632774976737173, 'pop_sig': 0.31421227810420915, 'fuel_k': 0.09251248006508478, 'fuel_half': 40.21026082779224}. Best is trial 1622 with value: -0.6125870653324885.
[I 2026-08-19 17:53:34,593] Trial 1846 finished with value: 0.5740019113885293 and parameters: {'k1': 0.00018008356642134273, 'D_low': 856.8677487153385, 'k2': 0.00914938033202841, 'D_high': 60834.11736453555, 'fire_exp': 1.6943537534781858, 'P_half': 124.0740831724571, 'pre_dampen_half': 0.4233594045512819, 'gpp_af': 0.19957793730526519, 'gpp_b': 6.750217706093302e-05, 'gpp_d': 105.9538201525304, 'ign_k': 1.110340774828978, 'ign_c': 24.862866422346052, 'trop_agb_crit': 2.8018062065862694, 'trop_k_veg': 1.3288828888182964, 'pop_amp': 0.14933525018621596, 'pop_peak': 97.91591162512711, 'pop_sig': 1.858900843780781, 'fuel_k': 0.08179028973722478, 'fuel_half': 0.10719774746626706}. Best is trial 1622 with value: -0.6125870653324885.
[I 2026-08-19 17:53:36,771] Trial 1847 finished with value: 0.4119453441784555 and parameters: {'k1': 0.09281759421149878, 'D_low': 28.503054755180816, 'k2': 0.004972841501157698, 'D_high': 142901.4331736202, 'fire_exp': 1.0135210074702785, 'P_half': 538.5689475965249, 'pre_dampen_half': 2.6671618778733275, 'gpp_af': 0.03944627128877729, 'gpp_b': 0.00010405209073981278, 'gpp_d': 273.4386391691231, 'ign_k': 1.5099497584624362, 'ign_c': 8.736803961953184, 'trop_agb_crit': 4.229209820234801, 'trop_k_veg': 5.931914689659001, 'pop_amp': 0.01220534281907788, 'pop_peak': 1.027085331313946, 'pop_sig': 0.341802544804741, 'fuel_k': 1.7742105415863063, 'fuel_half': 0.7191176830641884}. Best is trial 1622 with value: -0.6125870653324885.
  trial 1848/2500  best_overall=0.6126  (55.2 min)
[I 2026-08-19 17:53:39,270] Trial 1848 finished with value: -0.4871675675181143 and parameters: {'k1': 0.004250471674560323, 'D_low': 6.556473617120326, 'k2': 0.056654520405227865, 'D_high': 15762.413925404442, 'fire_exp': 1.930092919386241, 'P_half': 70.31804229128834, 'pre_dampen_half': 3.199283795179712, 'gpp_af': 4.9360492168066585, 'gpp_b': 0.04362233874011609, 'gpp_d': 212.30388682008612, 'ign_k': 3.1880577110506083, 'ign_c': 0.29416037916496934, 'trop_agb_crit': 12.80791520130578, 'trop_k_veg': 1.1765264965741522, 'pop_amp': 0.0023858436354036055, 'pop_peak': 0.27967293794290193, 'pop_sig': 0.330574173049275, 'fuel_k': 0.058166007786587905, 'fuel_half': 1.1647707949087138}. Best is trial 1622 with value: -0.6125870653324885.
[I 2026-08-19 17:53:41,763] Trial 1849 finished with value: 0.5697406264303102 and parameters: {'k1': 2.4278735213469224e-05, 'D_low': 907.3195705049161, 'k2': 0.04429699902418891, 'D_high': 3803948.0137873027, 'fire_exp': 2.113498795231184, 'P_half': 24.262187653248674, 'pre_dampen_half': 0.26743499811561056, 'gpp_af': 0.03942380005527395, 'gpp_b': 0.0055034101884945145, 'gpp_d': 75.34278047435284, 'ign_k': 0.07882428074441922, 'ign_c': 0.800954827028726, 'trop_agb_crit': 10.007737335004775, 'trop_k_veg': 0.5011679920654987, 'pop_amp': 0.1744384237533452, 'pop_peak': 0.13636677527541852, 'pop_sig': 1.0227877704854638, 'fuel_k': 0.5000668656743408, 'fuel_half': 86.8974733830068}. Best is trial 1622 with value: -0.6125870653324885.
[I 2026-08-19 17:53:43,840] Trial 1850 finished with value: 0.4013107787624701 and parameters: {'k1': 0.059905237294936055, 'D_low': 33.42680264573908, 'k2': 0.0034917173400286845, 'D_high': 1834006.7431641023, 'fire_exp': 2.3678658116804576, 'P_half': 2.1036217579027032, 'pre_dampen_half': 3.5614745846483045, 'gpp_af': 0.033264473279372986, 'gpp_b': 5.520669080163969e-05, 'gpp_d': 81.43696813024562, 'ign_k': 0.12959429144171758, 'ign_c': 2.9755515803903068, 'trop_agb_crit': 13.496924007350064, 'trop_k_veg': 1.6859662083031035, 'pop_amp': 0.0011010156748629302, 'pop_peak': 1.9378828231651615, 'pop_sig': 1.125436215785513, 'fuel_k': 0.45152785059027317, 'fuel_half': 2.4557519339019267}. Best is trial 1622 with value: -0.6125870653324885.
[I 2026-08-19 17:53:46,091] Trial 1851 finished with value: 0.443800447074407 and parameters: {'k1': 0.012470884674157736, 'D_low': 1.9242779584083538, 'k2': 2.07981705748626e-05, 'D_high': 966397.7067545184, 'fire_exp': 2.7169583906585575, 'P_half': 65.40684831912367, 'pre_dampen_half': 15.968161704814527, 'gpp_af': 0.2005014299461636, 'gpp_b': 0.006536374344467447, 'gpp_d': 18.857910410079892, 'ign_k': 0.12494591869797912, 'ign_c': 0.1285215040019404, 'trop_agb_crit': 3.9906351733355034, 'trop_k_veg': 1.5374052497398325, 'pop_amp': 2.1643706746295965, 'pop_peak': 7.826136163719972, 'pop_sig': 0.4114791241902414, 'fuel_k': 0.5544546016782301, 'fuel_half': 2.7832460030016204}. Best is trial 1622 with value: -0.6125870653324885.
[I 2026-08-19 17:53:48,247] Trial 1852 finished with value: 0.4759840379492717 and parameters: {'k1': 6.990648905291494e-05, 'D_low': 39.491466411314356, 'k2': 0.006729592573507285, 'D_high': 2597412.3337525376, 'fire_exp': 2.3511296914949544, 'P_half': 3.0284506221302845, 'pre_dampen_half': 4.6485876562731345, 'gpp_af': 0.05557468482594757, 'gpp_b': 0.0010852228983722974, 'gpp_d': 554.1010021450252, 'ign_k': 1.618618060913031, 'ign_c': 20.669714220411702, 'trop_agb_crit': 14.857197500212052, 'trop_k_veg': 1.0252171396524274, 'pop_amp': 0.0024787057650620904, 'pop_peak': 0.16470112211804427, 'pop_sig': 0.4349444241267147, 'fuel_k': 0.04750769857378633, 'fuel_half': 4.076313786628475}. Best is trial 1622 with value: -0.6125870653324885.
[I 2026-08-19 17:53:50,454] Trial 1853 finished with value: 0.48632868556197006 and parameters: {'k1': 0.002300905311351864, 'D_low': 1619.5243949696007, 'k2': 0.033723097833641684, 'D_high': 3974334.8347102264, 'fire_exp': 1.0448997343457513, 'P_half': 77.86343630807791, 'pre_dampen_half': 26.46605761826947, 'gpp_af': 0.014856441057753671, 'gpp_b': 0.0007575513561647117, 'gpp_d': 22.694733269505797, 'ign_k': 0.6961350144028249, 'ign_c': 0.4147808227326764, 'trop_agb_crit': 5.155731078682503, 'trop_k_veg': 0.5840558918682466, 'pop_amp': 1.2275809200624481, 'pop_peak': 0.0893929392906083, 'pop_sig': 1.4351589163660867, 'fuel_k': 0.05607311854714031, 'fuel_half': 20.340946716396466}. Best is trial 1622 with value: -0.6125870653324885.
[I 2026-08-19 17:53:52,605] Trial 1854 finished with value: 0.4109850010310012 and parameters: {'k1': 0.0070895034123177395, 'D_low': 40.40885787055307, 'k2': 0.05185093447485536, 'D_high': 4734351.5339656165, 'fire_exp': 1.0124057130017938, 'P_half': 16.627918291692612, 'pre_dampen_half': 1.224162449323346, 'gpp_af': 0.6014145962453555, 'gpp_b': 0.0048598328523281826, 'gpp_d': 332.825065605218, 'ign_k': 1.53586982438415, 'ign_c': 2.593237681111004, 'trop_agb_crit': 8.09183823555643, 'trop_k_veg': 0.6851404633984137, 'pop_amp': 0.0027242367132507056, 'pop_peak': 0.1622570530340342, 'pop_sig': 0.45114221862210513, 'fuel_k': 0.1196230218189054, 'fuel_half': 1.8275607950406776}. Best is trial 1622 with value: -0.6125870653324885.
