[I 2026-07-22 20:39:36,427] Trial 559 finished with values: [10.164997971706084, 10.164997971706084] and parameters: {'k1': 0.028401063201780267, 'D_low': 2.4063018320720926, 'k2': 0.015109086063191909, 'D_high': 2413579.2291304003, 'fire_exp': 1.5191397119156032, 'P_half': 50.34696988263488, 'pre_dampen_half': 9.16302609334724, 'gpp_af': 3.470266988650414, 'gpp_b': 1.3289448722869181e-05, 'gpp_d': 12.338826503601998, 'ign_k': 2.136832907235876, 'ign_c': 22.126836566118193, 'trop_agb_crit': 12.647327018493208, 'trop_k_veg': 1.3987664054208562, 'fuel_k': 0.07002142869039267, 'fuel_half': 0.23209098944724488}.
[I 2026-07-22 20:39:36,844] Trial 560 finished with values: [10.759130899914549, 10.759130899914549] and parameters: {'k1': 0.0009299619346742016, 'D_low': 35.437765484261625, 'k2': 0.0009562822793888481, 'D_high': 122.15073856450012, 'fire_exp': 1.5704801393982246, 'P_half': 44.71679901231308, 'pre_dampen_half': 0.7245868181143029, 'gpp_af': 0.015875524914818664, 'gpp_b': 1.3289448722869181e-05, 'gpp_d': 36.831884165358964, 'ign_k': 0.530238692540731, 'ign_c': 17.583640270008498, 'trop_agb_crit': 12.856643861355176, 'trop_k_veg': 4.050700716504253, 'fuel_k': 0.057024351269772615, 'fuel_half': 1.0889347318773486}.
[I 2026-07-22 20:39:37,277] Trial 561 finished with values: [10.563653248971484, 10.563653248971484] and parameters: {'k1': 0.028401063201780267, 'D_low': 3.86371393182755, 'k2': 0.06598741607403362, 'D_high': 122.63941950198256, 'fire_exp': 1.5191397119156032, 'P_half': 93.43302657318476, 'pre_dampen_half': 8.259599205585763, 'gpp_af': 0.2991469302130216, 'gpp_b': 0.004458440839692221, 'gpp_d': 483.22422323215085, 'ign_k': 0.0011417577140741143, 'ign_c': 39.52220881906112, 'trop_agb_crit': 8.983402272488592, 'trop_k_veg': 1.3987664054208562, 'fuel_k': 0.2877287844582797, 'fuel_half': 0.17108183937377372}.
[I 2026-07-22 20:39:37,698] Trial 562 finished with values: [15.043834264622182, 15.043834264622182] and parameters: {'k1': 0.006857803657667796, 'D_low': 2240.9155921647994, 'k2': 0.00016536937182824412, 'D_high': 2742371.6496047364, 'fire_exp': 1.1028859488710654, 'P_half': 185.8869400981587, 'pre_dampen_half': 16.224010950061366, 'gpp_af': 0.2991469302130216, 'gpp_b': 1.3289448722869181e-05, 'gpp_d': 36.831884165358964, 'ign_k': 2.136832907235876, 'ign_c': 1.0623096700264116, 'trop_agb_crit': 2.7395739167173065, 'trop_k_veg': 2.1144348148283285, 'fuel_k': 4.710433409437071, 'fuel_half': 0.3036855685244964}.
[I 2026-07-22 20:39:38,124] Trial 563 finished with values: [10.76923076903347, 10.76923076903347] and parameters: {'k1': 0.0009299619346742016, 'D_low': 2240.9155921647994, 'k2': 0.015109086063191909, 'D_high': 2742371.6496047364, 'fire_exp': 1.8719045352638064, 'P_half': 2.0598022365449626, 'pre_dampen_half': 13.472769577631588, 'gpp_af': 0.2991469302130216, 'gpp_b': 2.176805640408474e-05, 'gpp_d': 274.48645214004335, 'ign_k': 1.104435084712469, 'ign_c': 44.67752817973901, 'trop_agb_crit': 12.647327018493208, 'trop_k_veg': 2.2447221162684823, 'fuel_k': 4.710433409437071, 'fuel_half': 1.0889347318773486}.
[I 2026-07-22 20:39:38,555] Trial 564 finished with values: [10.68687699680179, 10.68687699680179] and parameters: {'k1': 0.012840669372724958, 'D_low': 2240.9155921647994, 'k2': 0.014666151770108535, 'D_high': 2007776.2367162877, 'fire_exp': 1.8719045352638064, 'P_half': 60.759029110813756, 'pre_dampen_half': 652.580926529461, 'gpp_af': 0.2991469302130216, 'gpp_b': 0.0028993292583566945, 'gpp_d': 2.616545152752115, 'ign_k': 0.013276678836047658, 'ign_c': 167.4827946885821, 'trop_agb_crit': 2.679156169946616, 'trop_k_veg': 0.8170196702261714, 'fuel_k': 4.710433409437071, 'fuel_half': 1.3323297901105766}.
[I 2026-07-22 20:39:38,973] Trial 565 finished with values: [10.49611345184522, 10.49611345184522] and parameters: {'k1': 0.0011101191524846067, 'D_low': 2240.9155921647994, 'k2': 0.0009256855841989632, 'D_high': 2742371.6496047364, 'fire_exp': 1.9025702662542903, 'P_half': 93.43302657318476, 'pre_dampen_half': 13.472769577631588, 'gpp_af': 0.04897515106470033, 'gpp_b': 0.020015168607057772, 'gpp_d': 352.0481045526035, 'ign_k': 0.013276678836047658, 'ign_c': 44.67752817973901, 'trop_agb_crit': 9.286923253577127, 'trop_k_veg': 0.8170196702261714, 'fuel_k': 4.710433409437071, 'fuel_half': 1.3323297901105766}.
[I 2026-07-22 20:39:39,389] Trial 566 finished with values: [10.989765243469531, 10.989765243469531] and parameters: {'k1': 0.0009299619346742016, 'D_low': 16.00237013173313, 'k2': 0.015109086063191909, 'D_high': 6525529.853354094, 'fire_exp': 1.0405802616992856, 'P_half': 157.80309954142965, 'pre_dampen_half': 8.259599205585763, 'gpp_af': 0.05511595477601764, 'gpp_b': 0.004458440839692221, 'gpp_d': 274.48645214004335, 'ign_k': 0.3408831248661314, 'ign_c': 5.199673923878318, 'trop_agb_crit': 10.584071370490857, 'trop_k_veg': 2.724170387400844, 'fuel_k': 0.10978148458640455, 'fuel_half': 71.14476009343416}.
[I 2026-07-22 20:39:39,806] Trial 567 finished with values: [10.045949153674554, 10.045949153674554] and parameters: {'k1': 1.263794633808287e-05, 'D_low': 2240.9155921647994, 'k2': 0.0004976087827261435, 'D_high': 3714594.1935037985, 'fire_exp': 1.0871627347485018, 'P_half': 355.00125258511594, 'pre_dampen_half': 13.472769577631588, 'gpp_af': 3.470266988650414, 'gpp_b': 0.0001484082099455773, 'gpp_d': 571.500626779166, 'ign_k': 0.0029519227433917453, 'ign_c': 0.2939463458625969, 'trop_agb_crit': 3.1419938725278875, 'trop_k_veg': 2.650835748696542, 'fuel_k': 4.0632364973692425, 'fuel_half': 28.679169997417873}.
[I 2026-07-22 20:39:40,224] Trial 568 finished with values: [-0.4789866250588631, 0.21744946125721765] and parameters: {'k1': 1.263794633808287e-05, 'D_low': 2240.9155921647994, 'k2': 0.0004976087827261435, 'D_high': 3714594.1935037985, 'fire_exp': 1.0871627347485018, 'P_half': 94.99072859745384, 'pre_dampen_half': 0.2774295811500811, 'gpp_af': 0.03522602097143089, 'gpp_b': 2.852199954727099e-05, 'gpp_d': 450.59526947401275, 'ign_k': 0.0029519227433917453, 'ign_c': 17.583640270008498, 'trop_agb_crit': 20.23392615019611, 'trop_k_veg': 4.050700716504253, 'fuel_k': 4.0632364973692425, 'fuel_half': 0.13122924251987642}.
[I 2026-07-22 20:39:40,639] Trial 569 finished with values: [-0.6797458371851269, 0.08405601892759151] and parameters: {'k1': 0.008471801418819975, 'D_low': 2240.9155921647994, 'k2': 0.015109086063191909, 'D_high': 693439.2750387826, 'fire_exp': 1.5532616753672623, 'P_half': 355.00125258511594, 'pre_dampen_half': 13.472769577631588, 'gpp_af': 0.2901272149738624, 'gpp_b': 0.004458440839692221, 'gpp_d': 274.48645214004335, 'ign_k': 2.136832907235876, 'ign_c': 0.26691447170887805, 'trop_agb_crit': 12.647327018493208, 'trop_k_veg': 0.8170196702261714, 'fuel_k': 0.07002142869039267, 'fuel_half': 3.75205585512428}.
[I 2026-07-22 20:39:41,062] Trial 570 finished with values: [10.76923076903347, 10.76923076903347] and parameters: {'k1': 0.028401063201780267, 'D_low': 16.00237013173313, 'k2': 0.00033271381912662167, 'D_high': 693439.2750387826, 'fire_exp': 1.5191397119156032, 'P_half': 50.34696988263488, 'pre_dampen_half': 8.259599205585763, 'gpp_af': 0.053663001820106804, 'gpp_b': 2.176805640408474e-05, 'gpp_d': 352.0481045526035, 'ign_k': 3.965503094323014, 'ign_c': 44.67752817973901, 'trop_agb_crit': 5.526463318565575, 'trop_k_veg': 1.3987664054208562, 'fuel_k': 4.710433409437071, 'fuel_half': 1.3323297901105766}.
  trial  571/2500  pareto_size=5  best_taylor=0.7785  best_ilamb=0.6078  (4.0 min)
[I 2026-07-22 20:39:41,572] Trial 571 finished with values: [10.313757872711541, 10.313757872711541] and parameters: {'k1': 8.17182556771865e-05, 'D_low': 3.86371393182755, 'k2': 0.0004976087827261435, 'D_high': 2742371.6496047364, 'fire_exp': 1.8719045352638064, 'P_half': 93.43302657318476, 'pre_dampen_half': 0.9829324480069707, 'gpp_af': 0.2991469302130216, 'gpp_b': 0.00018718413612076905, 'gpp_d': 40.95062894476691, 'ign_k': 0.008226074946221037, 'ign_c': 39.52220881906112, 'trop_agb_crit': 8.983402272488592, 'trop_k_veg': 3.345591145807529, 'fuel_k': 4.710433409437071, 'fuel_half': 0.30817917005205625}.
[I 2026-07-22 20:39:41,997] Trial 572 finished with values: [12.652564396503237, 12.652564396503237] and parameters: {'k1': 0.0009299619346742016, 'D_low': 86.64406862241785, 'k2': 0.015109086063191909, 'D_high': 693439.2750387826, 'fire_exp': 1.1234725391720877, 'P_half': 56.22114524476698, 'pre_dampen_half': 14.689407256107613, 'gpp_af': 1.1347624185662222, 'gpp_b': 0.004458440839692221, 'gpp_d': 274.48645214004335, 'ign_k': 2.7142572552186843, 'ign_c': 5.199673923878318, 'trop_agb_crit': 10.584071370490857, 'trop_k_veg': 4.129715873342729, 'fuel_k': 0.13864341824340873, 'fuel_half': 1.0889347318773486}.
[I 2026-07-22 20:39:42,422] Trial 573 finished with values: [10.541093982852804, 10.541093982852804] and parameters: {'k1': 0.012840669372724958, 'D_low': 109437.91673360582, 'k2': 0.00033271381912662167, 'D_high': 6525529.853354094, 'fire_exp': 1.5191397119156032, 'P_half': 93.43302657318476, 'pre_dampen_half': 8.259599205585763, 'gpp_af': 0.2991469302130216, 'gpp_b': 0.0001484082099455773, 'gpp_d': 12.338826503601998, 'ign_k': 3.965503094323014, 'ign_c': 22.126836566118193, 'trop_agb_crit': 8.983402272488592, 'trop_k_veg': 2.724170387400844, 'fuel_k': 4.710433409437071, 'fuel_half': 71.14476009343416}.
[I 2026-07-22 20:39:42,847] Trial 574 finished with values: [10.729347480984622, 10.729347480984622] and parameters: {'k1': 0.00022704877557909215, 'D_low': 251268.90108305923, 'k2': 0.014666151770108535, 'D_high': 2413579.2291304003, 'fire_exp': 1.382421586667478, 'P_half': 93.43302657318476, 'pre_dampen_half': 16.224010950061366, 'gpp_af': 3.470266988650414, 'gpp_b': 0.0028993292583566945, 'gpp_d': 36.831884165358964, 'ign_k': 0.0029519227433917453, 'ign_c': 0.2939463458625969, 'trop_agb_crit': 2.7395739167173065, 'trop_k_veg': 2.1144348148283285, 'fuel_k': 0.07002142869039267, 'fuel_half': 1.3323297901105766}.
[I 2026-07-22 20:39:43,277] Trial 575 finished with values: [10.753517764432598, 10.753517764432598] and parameters: {'k1': 0.028401063201780267, 'D_low': 16.00237013173313, 'k2': 0.0009256855841989632, 'D_high': 6525529.853354094, 'fire_exp': 1.2423966517238743, 'P_half': 102.4585893986732, 'pre_dampen_half': 0.9829324480069707, 'gpp_af': 0.03522602097143089, 'gpp_b': 0.4821177171208457, 'gpp_d': 40.95062894476691, 'ign_k': 0.0011417577140741143, 'ign_c': 22.126836566118193, 'trop_agb_crit': 8.983402272488592, 'trop_k_veg': 1.0711972352464538, 'fuel_k': 4.0632364973692425, 'fuel_half': 29.365875657112234}.
[I 2026-07-22 20:39:43,702] Trial 576 finished with values: [-0.2225281194697069, 0.20671471826028343] and parameters: {'k1': 0.0009299619346742016, 'D_low': 35.437765484261625, 'k2': 0.014666151770108535, 'D_high': 3486.8199478810416, 'fire_exp': 1.8719045352638064, 'P_half': 50.34696988263488, 'pre_dampen_half': 13.472769577631588, 'gpp_af': 0.053663001820106804, 'gpp_b': 0.0028993292583566945, 'gpp_d': 450.59526947401275, 'ign_k': 0.4679501568332819, 'ign_c': 0.2410689383785279, 'trop_agb_crit': 12.856643861355176, 'trop_k_veg': 4.050700716504253, 'fuel_k': 0.057024351269772615, 'fuel_half': 1.0889347318773486}.
[I 2026-07-22 20:39:44,126] Trial 577 finished with values: [10.538757095513844, 10.538757095513844] and parameters: {'k1': 0.028401063201780267, 'D_low': 3.86371393182755, 'k2': 0.015109086063191909, 'D_high': 693439.2750387826, 'fire_exp': 1.5532616753672623, 'P_half': 93.43302657318476, 'pre_dampen_half': 0.9829324480069707, 'gpp_af': 0.053663001820106804, 'gpp_b': 0.0028993292583566945, 'gpp_d': 66.7446265922751, 'ign_k': 0.31292286563608623, 'ign_c': 22.126836566118193, 'trop_agb_crit': 10.584071370490857, 'trop_k_veg': 0.8170196702261714, 'fuel_k': 0.025620781631399487, 'fuel_half': 3.75205585512428}.
[I 2026-07-22 20:39:44,546] Trial 578 finished with values: [10.170924126849249, 10.170924126849249] and parameters: {'k1': 8.31416087354964e-05, 'D_low': 2240.9155921647994, 'k2': 0.00033271381912662167, 'D_high': 693439.2750387826, 'fire_exp': 1.5532616753672623, 'P_half': 355.00125258511594, 'pre_dampen_half': 13.472769577631588, 'gpp_af': 0.015875524914818664, 'gpp_b': 0.005135775987795958, 'gpp_d': 274.48645214004335, 'ign_k': 3.965503094323014, 'ign_c': 0.26691447170887805, 'trop_agb_crit': 2.679156169946616, 'trop_k_veg': 2.9556982260250564, 'fuel_k': 0.07002142869039267, 'fuel_half': 5.752086250639554}.
[I 2026-07-22 20:39:44,979] Trial 579 finished with values: [10.10365538403891, 10.10365538403891] and parameters: {'k1': 0.012840669372724958, 'D_low': 2240.9155921647994, 'k2': 0.014666151770108535, 'D_high': 2007776.2367162877, 'fire_exp': 1.8719045352638064, 'P_half': 355.00125258511594, 'pre_dampen_half': 16.224010950061366, 'gpp_af': 0.03522602097143089, 'gpp_b': 2.852199954727099e-05, 'gpp_d': 12.338826503601998, 'ign_k': 0.013276678836047658, 'ign_c': 17.583640270008498, 'trop_agb_crit': 2.7395739167173065, 'trop_k_veg': 4.050700716504253, 'fuel_k': 4.710433409437071, 'fuel_half': 1.3323297901105766}.
[I 2026-07-22 20:39:45,405] Trial 580 finished with values: [10.304334766705418, 10.304334766705418] and parameters: {'k1': 0.0007883068789768041, 'D_low': 2240.9155921647994, 'k2': 0.0009256855841989632, 'D_high': 2742371.6496047364, 'fire_exp': 1.8719045352638064, 'P_half': 102.4585893986732, 'pre_dampen_half': 0.9829324480069707, 'gpp_af': 0.007914355321045717, 'gpp_b': 0.0001484082099455773, 'gpp_d': 12.151631524283598, 'ign_k': 0.00891606651464436, 'ign_c': 0.12510188850164433, 'trop_agb_crit': 8.983402272488592, 'trop_k_veg': 0.8170196702261714, 'fuel_k': 4.0632364973692425, 'fuel_half': 0.30817917005205625}.
[I 2026-07-22 20:39:45,841] Trial 581 finished with values: [13.956009565696174, 13.956009565696174] and parameters: {'k1': 0.012840669372724958, 'D_low': 216.6574784061471, 'k2': 0.0009562822793888481, 'D_high': 2742371.6496047364, 'fire_exp': 1.5532616753672623, 'P_half': 355.00125258511594, 'pre_dampen_half': 13.472769577631588, 'gpp_af': 0.2991469302130216, 'gpp_b': 0.00010187913441794782, 'gpp_d': 36.831884165358964, 'ign_k': 2.136832907235876, 'ign_c': 0.2939463458625969, 'trop_agb_crit': 2.679156169946616, 'trop_k_veg': 2.1144348148283285, 'fuel_k': 4.710433409437071, 'fuel_half': 0.3036855685244964}.
[I 2026-07-22 20:39:46,273] Trial 582 finished with values: [10.110635607545259, 10.110635607545259] and parameters: {'k1': 0.008861249804463229, 'D_low': 16.00237013173313, 'k2': 0.00033271381912662167, 'D_high': 6525529.853354094, 'fire_exp': 1.5191397119156032, 'P_half': 102.4585893986732, 'pre_dampen_half': 1.5063176818232538, 'gpp_af': 0.2901272149738624, 'gpp_b': 0.00012118589392553798, 'gpp_d': 12.338826503601998, 'ign_k': 3.965503094323014, 'ign_c': 22.126836566118193, 'trop_agb_crit': 2.679156169946616, 'trop_k_veg': 2.724170387400844, 'fuel_k': 0.10978148458640455, 'fuel_half': 1.3323297901105766}.
[I 2026-07-22 20:39:46,698] Trial 583 finished with values: [-0.7271446459547533, 0.0873790683559833] and parameters: {'k1': 0.043264339974928574, 'D_low': 2240.9155921647994, 'k2': 0.00016536937182824412, 'D_high': 2742371.6496047364, 'fire_exp': 1.8719045352638064, 'P_half': 102.4585893986732, 'pre_dampen_half': 14.689407256107613, 'gpp_af': 0.2991469302130216, 'gpp_b': 0.0028993292583566945, 'gpp_d': 206.05605824266914, 'ign_k': 0.00891606651464436, 'ign_c': 0.12510188850164433, 'trop_agb_crit': 12.647327018493208, 'trop_k_veg': 2.1144348148283285, 'fuel_k': 4.710433409437071, 'fuel_half': 1.3323297901105766}.
[I 2026-07-22 20:39:47,128] Trial 584 finished with values: [-0.2069946229666235, 0.24818798756356564] and parameters: {'k1': 0.00022704877557909215, 'D_low': 216.6574784061471, 'k2': 0.00016536937182824412, 'D_high': 2742371.6496047364, 'fire_exp': 1.8719045352638064, 'P_half': 93.43302657318476, 'pre_dampen_half': 14.689407256107613, 'gpp_af': 0.2991469302130216, 'gpp_b': 1.3289448722869181e-05, 'gpp_d': 352.0481045526035, 'ign_k': 0.0029519227433917453, 'ign_c': 0.13035590385085064, 'trop_agb_crit': 12.647327018493208, 'trop_k_veg': 2.1144348148283285, 'fuel_k': 0.07002142869039267, 'fuel_half': 1.3323297901105766}.
[I 2026-07-22 20:39:47,555] Trial 585 finished with values: [-0.5892284949260131, 0.20435669653152133] and parameters: {'k1': 0.0009299619346742016, 'D_low': 35.437765484261625, 'k2': 0.0006863458703786212, 'D_high': 693439.2750387826, 'fire_exp': 1.5704801393982246, 'P_half': 44.71679901231308, 'pre_dampen_half': 0.7245868181143029, 'gpp_af': 0.015875524914818664, 'gpp_b': 2.852199954727099e-05, 'gpp_d': 450.59526947401275, 'ign_k': 2.7142572552186843, 'ign_c': 0.29126651668813763, 'trop_agb_crit': 1.1693687409928537, 'trop_k_veg': 4.050700716504253, 'fuel_k': 0.057024351269772615, 'fuel_half': 1.0889347318773486}.
[I 2026-07-22 20:39:47,978] Trial 586 finished with values: [12.61765953086988, 12.61765953086988] and parameters: {'k1': 0.008471801418819975, 'D_low': 2.4063018320720926, 'k2': 0.0009562822793888481, 'D_high': 2742371.6496047364, 'fire_exp': 1.5532616753672623, 'P_half': 7.361379380357789, 'pre_dampen_half': 9.16302609334724, 'gpp_af': 3.470266988650414, 'gpp_b': 0.0011087183655158347, 'gpp_d': 450.59526947401275, 'ign_k': 2.136832907235876, 'ign_c': 1.8522006003174372, 'trop_agb_crit': 1.530786397511255, 'trop_k_veg': 3.345591145807529, 'fuel_k': 0.019341658237934812, 'fuel_half': 0.19370626469730526}.
[I 2026-07-22 20:39:48,404] Trial 587 finished with values: [10.76467844831654, 10.76467844831654] and parameters: {'k1': 0.0009299619346742016, 'D_low': 3.86371393182755, 'k2': 0.0009256855841989632, 'D_high': 693439.2750387826, 'fire_exp': 1.1234725391720877, 'P_half': 56.22114524476698, 'pre_dampen_half': 0.9829324480069707, 'gpp_af': 0.2991469302130216, 'gpp_b': 0.0001484082099455773, 'gpp_d': 40.95062894476691, 'ign_k': 0.008226074946221037, 'ign_c': 0.12510188850164433, 'trop_agb_crit': 10.584071370490857, 'trop_k_veg': 0.8170196702261714, 'fuel_k': 4.710433409437071, 'fuel_half': 1.0889347318773486}.
[I 2026-07-22 20:39:48,822] Trial 588 finished with values: [-0.48497970769912263, 0.18932141042580342] and parameters: {'k1': 0.012840669372724958, 'D_low': 2240.9155921647994, 'k2': 0.014666151770108535, 'D_high': 2742371.6496047364, 'fire_exp': 1.8719045352638064, 'P_half': 93.43302657318476, 'pre_dampen_half': 13.472769577631588, 'gpp_af': 0.2991469302130216, 'gpp_b': 1.3289448722869181e-05, 'gpp_d': 36.831884165358964, 'ign_k': 0.0029519227433917453, 'ign_c': 0.2939463458625969, 'trop_agb_crit': 9.369518687683199, 'trop_k_veg': 2.1144348148283285, 'fuel_k': 4.710433409437071, 'fuel_half': 3.75205585512428}.
[I 2026-07-22 20:39:49,244] Trial 589 finished with values: [10.054029202613616, 10.054029202613616] and parameters: {'k1': 0.012840669372724958, 'D_low': 2240.9155921647994, 'k2': 0.0009562822793888481, 'D_high': 2742371.6496047364, 'fire_exp': 1.5532616753672623, 'P_half': 102.4585893986732, 'pre_dampen_half': 13.472769577631588, 'gpp_af': 3.470266988650414, 'gpp_b': 1.3289448722869181e-05, 'gpp_d': 352.0481045526035, 'ign_k': 0.001243238195131606, 'ign_c': 0.12510188850164433, 'trop_agb_crit': 12.647327018493208, 'trop_k_veg': 1.9658897090912955, 'fuel_k': 4.710433409437071, 'fuel_half': 3.75205585512428}.
[I 2026-07-22 20:39:49,667] Trial 590 finished with values: [10.660704259435763, 10.660704259435763] and parameters: {'k1': 0.028401063201780267, 'D_low': 86.64406862241785, 'k2': 0.00033271381912662167, 'D_high': 6525529.853354094, 'fire_exp': 1.5191397119156032, 'P_half': 157.80309954142965, 'pre_dampen_half': 0.7245868181143029, 'gpp_af': 0.03522602097143089, 'gpp_b': 0.07109335384630296, 'gpp_d': 274.48645214004335, 'ign_k': 1.104435084712469, 'ign_c': 5.199673923878318, 'trop_agb_crit': 10.584071370490857, 'trop_k_veg': 2.2447221162684823, 'fuel_k': 0.025620781631399487, 'fuel_half': 1.0889347318773486}.
[I 2026-07-22 20:39:50,089] Trial 591 finished with values: [11.089668026522443, 11.089668026522443] and parameters: {'k1': 0.028401063201780267, 'D_low': 16.00237013173313, 'k2': 4.1265168740903634e-05, 'D_high': 7589190.453000005, 'fire_exp': 1.1234725391720877, 'P_half': 56.22114524476698, 'pre_dampen_half': 14.689407256107613, 'gpp_af': 1.0851010417962397, 'gpp_b': 2.852199954727099e-05, 'gpp_d': 274.48645214004335, 'ign_k': 0.038563028138793747, 'ign_c': 22.126836566118193, 'trop_agb_crit': 2.7395739167173065, 'trop_k_veg': 2.724170387400844, 'fuel_k': 0.10978148458640455, 'fuel_half': 4.1446115222565965}.
[I 2026-07-22 20:39:50,508] Trial 592 finished with values: [10.491938157692045, 10.491938157692045] and parameters: {'k1': 0.012840669372724958, 'D_low': 216.6574784061471, 'k2': 0.0009562822793888481, 'D_high': 2007776.2367162877, 'fire_exp': 1.8719045352638064, 'P_half': 355.00125258511594, 'pre_dampen_half': 13.472769577631588, 'gpp_af': 3.470266988650414, 'gpp_b': 0.0028993292583566945, 'gpp_d': 5.41361121994224, 'ign_k': 0.013276678836047658, 'ign_c': 17.583640270008498, 'trop_agb_crit': 2.7395739167173065, 'trop_k_veg': 2.1144348148283285, 'fuel_k': 0.07002142869039267, 'fuel_half': 0.3036855685244964}.
[I 2026-07-22 20:39:50,949] Trial 593 finished with values: [10.04291406490113, 10.04291406490113] and parameters: {'k1': 8.468146923166077e-05, 'D_low': 3103.3332277537256, 'k2': 0.00033271381912662167, 'D_high': 6525529.853354094, 'fire_exp': 1.5191397119156032, 'P_half': 93.43302657318476, 'pre_dampen_half': 13.472769577631588, 'gpp_af': 0.2991469302130216, 'gpp_b': 0.002215317485674688, 'gpp_d': 12.338826503601998, 'ign_k': 0.0029519227433917453, 'ign_c': 22.126836566118193, 'trop_agb_crit': 5.526463318565575, 'trop_k_veg': 2.724170387400844, 'fuel_k': 4.710433409437071, 'fuel_half': 71.14476009343416}.
