[I 2026-07-25 00:31:27,149] Trial 262 finished with value: 0.4046212604374595 and parameters: {'k1': 8.719128988314841e-05, 'D_low': 537.0174567326723, 'k2': 0.0005054945084519354, 'D_high': 36750.67195049943, 'fire_exp': 1.0781238329374128, 'P_half': 54.52003915102097, 'pre_dampen_half': 0.7311199722222317, 'gpp_af': 0.007463542092938736, 'gpp_b': 0.00024932723505087414, 'gpp_d': 53.8432909803778, 'ign_k': 0.00348965370897339, 'ign_c': 11.956703628476538, 'trop_agb_crit': 6.147392568754366, 'trop_k_veg': 7.767788359536752, 'gdp_gamma': 0.5115803886935859, 'cure_k': 0.1627429688988105, 'cure_p_min': 236.51245841967506, 'cure_gpp_ref': 0.23903446776619466, 'cure_agb_crit': 1.2271079077815603, 'fuel_k': 0.014541298167866997, 'fuel_half': 1.2170818987167182}. Best is trial 0 with value: -0.6232552202351066.
[I 2026-07-25 00:31:27,595] Trial 263 finished with value: 0.5505688663364292 and parameters: {'k1': 2.320861942799113e-05, 'D_low': 72.57810589752759, 'k2': 0.00023815502876477554, 'D_high': 49588.77862738573, 'fire_exp': 1.4225809486099412, 'P_half': 9.910249025015515, 'pre_dampen_half': 5.174464596924724, 'gpp_af': 0.015561182998956079, 'gpp_b': 0.007328756647493484, 'gpp_d': 20.24625746025108, 'ign_k': 0.058973880137542935, 'ign_c': 0.6307756132992322, 'trop_agb_crit': 2.4361265425507295, 'trop_k_veg': 5.1799323935153, 'gdp_gamma': 0.06880851363182566, 'cure_k': 0.004330072563891591, 'cure_p_min': 219.7295869144371, 'cure_gpp_ref': 0.5215420596111342, 'cure_agb_crit': 1.0409714223532598, 'fuel_k': 0.035977591162241036, 'fuel_half': 0.45475389795404464}. Best is trial 0 with value: -0.6232552202351066.
[I 2026-07-25 00:31:28,043] Trial 264 finished with value: -0.5521189056844646 and parameters: {'k1': 0.0005994611659319511, 'D_low': 1304.503914953794, 'k2': 1.0890547155755637e-05, 'D_high': 146837.5776223408, 'fire_exp': 2.1225163160917595, 'P_half': 374.9006597466609, 'pre_dampen_half': 66.3192954941511, 'gpp_af': 0.018165441316134776, 'gpp_b': 0.0039651391652141986, 'gpp_d': 780.2357653400732, 'ign_k': 0.008323119439196844, 'ign_c': 12.362038486674848, 'trop_agb_crit': 2.259075197309937, 'trop_k_veg': 5.306705256085322, 'gdp_gamma': 0.29401066226229744, 'cure_k': 0.38814937062587784, 'cure_p_min': 287.89689959917285, 'cure_gpp_ref': 0.1492967733696112, 'cure_agb_crit': 1.0842155628677508, 'fuel_k': 0.09845483932058241, 'fuel_half': 22.764739944273458}. Best is trial 0 with value: -0.6232552202351066.
[I 2026-07-25 00:31:28,492] Trial 265 finished with value: 0.5021338453744881 and parameters: {'k1': 6.485061206265752e-05, 'D_low': 86.62473197299921, 'k2': 0.0002149392977802906, 'D_high': 754776.9917755233, 'fire_exp': 1.5140195253200746, 'P_half': 14.301861165985368, 'pre_dampen_half': 0.5735847663001807, 'gpp_af': 0.014920124211852095, 'gpp_b': 0.001798844766207726, 'gpp_d': 84.84402728653612, 'ign_k': 0.6354644301295673, 'ign_c': 0.2505746052936351, 'trop_agb_crit': 2.150231904096662, 'trop_k_veg': 3.434053232781088, 'gdp_gamma': 0.025756256566842557, 'cure_k': 0.029974296101466104, 'cure_p_min': 378.62687445653654, 'cure_gpp_ref': 0.41516129725866713, 'cure_agb_crit': 3.1434336578127713, 'fuel_k': 0.016151714323252308, 'fuel_half': 2.8362103989448175}. Best is trial 0 with value: -0.6232552202351066.
[I 2026-07-25 00:31:28,937] Trial 266 finished with value: 0.6617321354063905 and parameters: {'k1': 4.7234115162070244e-05, 'D_low': 1534.7756429507288, 'k2': 0.0005510539130546864, 'D_high': 5579.85952138152, 'fire_exp': 4.1216941922292865, 'P_half': 175.53116662452283, 'pre_dampen_half': 0.11896533314888325, 'gpp_af': 0.9267312268316272, 'gpp_b': 4.2448969196176654e-05, 'gpp_d': 30.27350624411781, 'ign_k': 0.0017915836697319967, 'ign_c': 176.96203996128042, 'trop_agb_crit': 2.0850506708595486, 'trop_k_veg': 5.248649094088763, 'gdp_gamma': 1.337992344442155, 'cure_k': 0.8681267519895464, 'cure_p_min': 364.3318828633309, 'cure_gpp_ref': 1.54845647297181, 'cure_agb_crit': 1.3106320956329993, 'fuel_k': 0.02633436917599514, 'fuel_half': 0.290298481922165}. Best is trial 0 with value: -0.6232552202351066.
[I 2026-07-25 00:31:29,384] Trial 267 finished with value: 0.6008439056602431 and parameters: {'k1': 0.0008699090093568083, 'D_low': 1228.1387530374216, 'k2': 0.001917110245342793, 'D_high': 3804599.2431436405, 'fire_exp': 1.4952827506812518, 'P_half': 994.0387646509863, 'pre_dampen_half': 761.7523582097815, 'gpp_af': 0.08311102470435003, 'gpp_b': 0.000733879400084458, 'gpp_d': 614.3220896048291, 'ign_k': 0.009098747741561193, 'ign_c': 392.74209306860587, 'trop_agb_crit': 20.43935230393091, 'trop_k_veg': 1.931201420330684, 'gdp_gamma': 0.8351056369356149, 'cure_k': 0.0029126578900864923, 'cure_p_min': 171.19677796405915, 'cure_gpp_ref': 0.07863830909356143, 'cure_agb_crit': 1.401451399050783, 'fuel_k': 0.10777186953895343, 'fuel_half': 18.491088700233576}. Best is trial 0 with value: -0.6232552202351066.
[I 2026-07-25 00:31:29,832] Trial 268 finished with value: 0.601844255044546 and parameters: {'k1': 0.0019671859481045872, 'D_low': 122.70517852662283, 'k2': 0.0863285151346914, 'D_high': 1228929.505123591, 'fire_exp': 1.478344629341495, 'P_half': 1703.5221450719448, 'pre_dampen_half': 179.8434373352632, 'gpp_af': 0.07447773724483098, 'gpp_b': 0.0012054723423624623, 'gpp_d': 171.06215662582125, 'ign_k': 0.12947680719327556, 'ign_c': 52.66517295580327, 'trop_agb_crit': 6.935754234433227, 'trop_k_veg': 0.8543121219054819, 'gdp_gamma': 0.8663732581272116, 'cure_k': 0.004962761275298936, 'cure_p_min': 251.57079220110083, 'cure_gpp_ref': 1.001564437676066, 'cure_agb_crit': 2.936813978059074, 'fuel_k': 0.13691416683343596, 'fuel_half': 0.4677667496743278}. Best is trial 0 with value: -0.6232552202351066.
[I 2026-07-25 00:31:30,278] Trial 269 finished with value: 0.4206557284319088 and parameters: {'k1': 6.37979578953414e-05, 'D_low': 145.50016022885382, 'k2': 2.3278895428580668e-05, 'D_high': 1272443.1961433752, 'fire_exp': 1.6083521238165694, 'P_half': 161.03473014977536, 'pre_dampen_half': 158.69984469541689, 'gpp_af': 0.03412207034369041, 'gpp_b': 3.675947740882068e-05, 'gpp_d': 1.3038633252646872, 'ign_k': 0.06568147532767037, 'ign_c': 0.3213888499571936, 'trop_agb_crit': 5.493906804360608, 'trop_k_veg': 7.678018109909537, 'gdp_gamma': 0.09958444719848585, 'cure_k': 0.10532859643835414, 'cure_p_min': 391.0178858628307, 'cure_gpp_ref': 0.2306886131667732, 'cure_agb_crit': 1.3849565366868435, 'fuel_k': 0.02633638509110093, 'fuel_half': 1.6919066380440426}. Best is trial 0 with value: -0.6232552202351066.
[I 2026-07-25 00:31:30,726] Trial 270 finished with value: 0.5506786433584039 and parameters: {'k1': 0.0005757887697110649, 'D_low': 19.21571298507492, 'k2': 0.0001975608034862789, 'D_high': 9495.487387878153, 'fire_exp': 1.3037774567195262, 'P_half': 307.2351284864223, 'pre_dampen_half': 591.0907340483708, 'gpp_af': 0.009613291174104139, 'gpp_b': 2.7297210424161595e-05, 'gpp_d': 0.8041485921204944, 'ign_k': 0.7109621188383052, 'ign_c': 0.3495265836955427, 'trop_agb_crit': 9.6425638143609, 'trop_k_veg': 2.1395305091959873, 'gdp_gamma': 0.17602808996246733, 'cure_k': 1.237254071782427, 'cure_p_min': 301.1799585820847, 'cure_gpp_ref': 0.3784043367692197, 'cure_agb_crit': 1.1800032973613146, 'fuel_k': 0.17670708051909656, 'fuel_half': 0.8235130837062891}. Best is trial 0 with value: -0.6232552202351066.
[I 2026-07-25 00:31:31,212] Trial 271 finished with value: 0.5634284191346568 and parameters: {'k1': 0.0014312659673018963, 'D_low': 21.448857072660548, 'k2': 0.00024977539408626355, 'D_high': 93353.24590771022, 'fire_exp': 4.207823206580692, 'P_half': 157.06514605448285, 'pre_dampen_half': 118.38243743569983, 'gpp_af': 0.0017452962685896578, 'gpp_b': 0.0410302427070224, 'gpp_d': 47.24478977381498, 'ign_k': 0.00603539133616462, 'ign_c': 2.638561023136, 'trop_agb_crit': 2.648992763372735, 'trop_k_veg': 4.0471674912622415, 'gdp_gamma': 0.9279175035793481, 'cure_k': 0.050908053813761435, 'cure_p_min': 245.61210198820513, 'cure_gpp_ref': 0.09616139792821887, 'cure_agb_crit': 1.0187138225506098, 'fuel_k': 0.8795166573655022, 'fuel_half': 14.659673185199745}. Best is trial 0 with value: -0.6232552202351066.
[I 2026-07-25 00:31:31,700] Trial 272 finished with value: 0.5860107737897148 and parameters: {'k1': 6.298673004799779e-05, 'D_low': 33797.79152447493, 'k2': 1.5405805735034156e-05, 'D_high': 19699.090632507778, 'fire_exp': 2.506737453643417, 'P_half': 234.1869748561472, 'pre_dampen_half': 6.224653315654008, 'gpp_af': 0.09843659397650394, 'gpp_b': 0.0002028852003759644, 'gpp_d': 317.08951654384987, 'ign_k': 0.005875156312167051, 'ign_c': 1.8257604307258373, 'trop_agb_crit': 4.457587801861164, 'trop_k_veg': 4.586150347477796, 'gdp_gamma': 0.06849487878464211, 'cure_k': 0.066748376870375, 'cure_p_min': 301.77208376725093, 'cure_gpp_ref': 0.30844216666888025, 'cure_agb_crit': 1.512578706860137, 'fuel_k': 0.05032506044358164, 'fuel_half': 23.921473232256346}. Best is trial 0 with value: -0.6232552202351066.
[I 2026-07-25 00:31:32,144] Trial 273 finished with value: 0.591336109195111 and parameters: {'k1': 4.9507715358117224e-05, 'D_low': 16368.122763199937, 'k2': 0.00013426806285253792, 'D_high': 204187.14716630676, 'fire_exp': 2.7352428998951903, 'P_half': 315.67074987826885, 'pre_dampen_half': 29.583379634236444, 'gpp_af': 0.06881884773426296, 'gpp_b': 0.010605196485549726, 'gpp_d': 268.181865951385, 'ign_k': 0.03787962905958438, 'ign_c': 18.690332656561598, 'trop_agb_crit': 1.7214568156210457, 'trop_k_veg': 5.29546977235823, 'gdp_gamma': 0.04467751094903317, 'cure_k': 2.530174353378862, 'cure_p_min': 314.141644940334, 'cure_gpp_ref': 0.10885919403463959, 'cure_agb_crit': 1.742541944386904, 'fuel_k': 0.40865271767462236, 'fuel_half': 48.98542064519968}. Best is trial 0 with value: -0.6232552202351066.
[I 2026-07-25 00:31:32,593] Trial 274 finished with value: 0.49414678266352574 and parameters: {'k1': 0.0004547054978307522, 'D_low': 1.9484925182668702, 'k2': 3.060241834342237e-05, 'D_high': 4874.706481571576, 'fire_exp': 2.113588998304375, 'P_half': 3642.516749879703, 'pre_dampen_half': 178.01947896007172, 'gpp_af': 0.007981184065647727, 'gpp_b': 2.5409839389256714e-05, 'gpp_d': 2.6471118300246936, 'ign_k': 0.2511708283341595, 'ign_c': 1.412852069891273, 'trop_agb_crit': 10.55494535019132, 'trop_k_veg': 2.7147198385819657, 'gdp_gamma': 0.08163860833283773, 'cure_k': 1.031384702271564, 'cure_p_min': 334.97066006700555, 'cure_gpp_ref': 0.0912142792479438, 'cure_agb_crit': 2.6378699907858256, 'fuel_k': 0.11425915415939118, 'fuel_half': 4.589510122904599}. Best is trial 0 with value: -0.6232552202351066.
[I 2026-07-25 00:31:33,058] Trial 275 finished with value: 0.49894328019795353 and parameters: {'k1': 0.07074740801931197, 'D_low': 92.95131169917254, 'k2': 0.05638944634847223, 'D_high': 3017169.9935371242, 'fire_exp': 2.085745576396054, 'P_half': 1110.677638114289, 'pre_dampen_half': 504.771502859057, 'gpp_af': 0.1972317534122012, 'gpp_b': 1.1684124717424182e-05, 'gpp_d': 135.6278304734401, 'ign_k': 0.04170033446712183, 'ign_c': 1.2527344468366879, 'trop_agb_crit': 13.060018714157321, 'trop_k_veg': 1.5704453072320819, 'gdp_gamma': 0.20425061870749595, 'cure_k': 0.0030778774253225442, 'cure_p_min': 130.502547618858, 'cure_gpp_ref': 1.2129440626206147, 'cure_agb_crit': 7.774147410164068, 'fuel_k': 0.023042879199203566, 'fuel_half': 0.5413704061270981}. Best is trial 0 with value: -0.6232552202351066.
[I 2026-07-25 00:31:33,516] Trial 276 finished with value: 0.4748159523374651 and parameters: {'k1': 0.0020703483981097575, 'D_low': 5085.100246552275, 'k2': 1.5677682727044247e-05, 'D_high': 7218.816913357787, 'fire_exp': 3.102413478415262, 'P_half': 28.20358711187216, 'pre_dampen_half': 306.50183408894, 'gpp_af': 0.033546662125480936, 'gpp_b': 0.5337221459026554, 'gpp_d': 129.76980685509932, 'ign_k': 0.0029590655989329443, 'ign_c': 8.955167543171184, 'trop_agb_crit': 1.0392281528235159, 'trop_k_veg': 5.1480190304383475, 'gdp_gamma': 0.20997278410018763, 'cure_k': 0.43473065160274876, 'cure_p_min': 261.73969800150894, 'cure_gpp_ref': 0.33374471343054185, 'cure_agb_crit': 1.581502480671355, 'fuel_k': 0.029040329662364944, 'fuel_half': 16.085143829898445}. Best is trial 0 with value: -0.6232552202351066.
[I 2026-07-25 00:31:33,962] Trial 277 finished with value: 0.5729103160739825 and parameters: {'k1': 0.005558040463060075, 'D_low': 554.6921683937052, 'k2': 8.568005083980758e-05, 'D_high': 4739626.825838672, 'fire_exp': 1.3801828181852056, 'P_half': 50.86225903257903, 'pre_dampen_half': 3.329965312108004, 'gpp_af': 0.001035005498124887, 'gpp_b': 0.001798491202519254, 'gpp_d': 947.3269644268538, 'ign_k': 0.0160400752673535, 'ign_c': 16.165743268271815, 'trop_agb_crit': 19.86205043667291, 'trop_k_veg': 0.8475043480735588, 'gdp_gamma': 0.2590029746986781, 'cure_k': 0.0020125624155047203, 'cure_p_min': 117.32778929549136, 'cure_gpp_ref': 0.12979901269813304, 'cure_agb_crit': 2.6451777143497455, 'fuel_k': 0.018613483672184194, 'fuel_half': 6.819941712836017}. Best is trial 0 with value: -0.6232552202351066.
[I 2026-07-25 00:31:34,411] Trial 278 finished with value: 0.45135961327783614 and parameters: {'k1': 2.8691712878562845e-05, 'D_low': 68.23344502535154, 'k2': 0.0007263902861016712, 'D_high': 45049.76121325871, 'fire_exp': 4.305889889149422, 'P_half': 10.684854647464379, 'pre_dampen_half': 4.328997048775088, 'gpp_af': 0.01529963212403054, 'gpp_b': 0.0008848079851996845, 'gpp_d': 206.34794150340016, 'ign_k': 0.0022022371413095605, 'ign_c': 102.92069625521988, 'trop_agb_crit': 5.792720193511211, 'trop_k_veg': 5.361497767715099, 'gdp_gamma': 0.14446492250796794, 'cure_k': 0.6348183544865426, 'cure_p_min': 367.5707569376016, 'cure_gpp_ref': 0.31880981506782935, 'cure_agb_crit': 1.0408697062569878, 'fuel_k': 0.01961824836857542, 'fuel_half': 1.1057373246165318}. Best is trial 0 with value: -0.6232552202351066.
[I 2026-07-25 00:31:34,860] Trial 279 finished with value: -0.524801529784254 and parameters: {'k1': 0.00029056627302605865, 'D_low': 322.1729639102396, 'k2': 1.0092178435495194e-05, 'D_high': 3656586.790219071, 'fire_exp': 2.5907118850894184, 'P_half': 96.80582529754845, 'pre_dampen_half': 25.897797748266626, 'gpp_af': 0.0034882002539759465, 'gpp_b': 0.0005664722452600447, 'gpp_d': 981.6074364140078, 'ign_k': 0.004161998001090537, 'ign_c': 3.084996925444147, 'trop_agb_crit': 3.36940446925976, 'trop_k_veg': 7.487196856594379, 'gdp_gamma': 0.05407131161337398, 'cure_k': 0.31815778372396303, 'cure_p_min': 387.7760239253428, 'cure_gpp_ref': 0.23974014595776363, 'cure_agb_crit': 1.1276605463787974, 'fuel_k': 0.026133749931998716, 'fuel_half': 1.9113393075940608}. Best is trial 0 with value: -0.6232552202351066.
[I 2026-07-25 00:31:35,313] Trial 280 finished with value: 0.4854733316052011 and parameters: {'k1': 0.00740454378806587, 'D_low': 2342.7655626564483, 'k2': 1.0244724442425321e-05, 'D_high': 260413.03274155018, 'fire_exp': 3.056361338505397, 'P_half': 322.5387618392985, 'pre_dampen_half': 3.6341383321541127, 'gpp_af': 0.06821323387004431, 'gpp_b': 0.001767854893319656, 'gpp_d': 632.8907731984772, 'ign_k': 1.159033700034938, 'ign_c': 152.21102695634454, 'trop_agb_crit': 3.960807748376448, 'trop_k_veg': 5.073815442670107, 'gdp_gamma': 0.6674845672060113, 'cure_k': 0.12085488111549478, 'cure_p_min': 256.66202933397176, 'cure_gpp_ref': 0.11755418578434233, 'cure_agb_crit': 1.8953044268479948, 'fuel_k': 0.14510130159539686, 'fuel_half': 29.38390692111946}. Best is trial 0 with value: -0.6232552202351066.
[I 2026-07-25 00:31:35,758] Trial 281 finished with value: -0.5090604714486332 and parameters: {'k1': 0.060682771164471225, 'D_low': 544.1523283648955, 'k2': 0.00684806389578678, 'D_high': 35073.40159653835, 'fire_exp': 1.7235040818125555, 'P_half': 38.615800240326415, 'pre_dampen_half': 64.29054817836217, 'gpp_af': 0.01888511716042278, 'gpp_b': 0.0007607870488089107, 'gpp_d': 37.85510333589827, 'ign_k': 0.0020852198811049842, 'ign_c': 11.298159968575636, 'trop_agb_crit': 15.859382794998481, 'trop_k_veg': 0.6421991205963958, 'gdp_gamma': 0.02769899967248059, 'cure_k': 0.07407636867926262, 'cure_p_min': 116.25021582350371, 'cure_gpp_ref': 1.0010847592821988, 'cure_agb_crit': 4.38738929188285, 'fuel_k': 1.7318817845231511, 'fuel_half': 8.26472868522158}. Best is trial 0 with value: -0.6232552202351066.
[I 2026-07-25 00:31:36,206] Trial 282 finished with value: 0.4910115206192136 and parameters: {'k1': 0.0012109169170233663, 'D_low': 31.982320281440007, 'k2': 0.012880774305561435, 'D_high': 1640528.7484243996, 'fire_exp': 2.4628118273095394, 'P_half': 15.789544937546674, 'pre_dampen_half': 0.5606742255917595, 'gpp_af': 0.2631968648180799, 'gpp_b': 7.320242030485088e-05, 'gpp_d': 160.51237108603289, 'ign_k': 0.002487302438287315, 'ign_c': 129.4596703495503, 'trop_agb_crit': 9.626129097216824, 'trop_k_veg': 0.6462673077468839, 'gdp_gamma': 0.981363990529258, 'cure_k': 0.004918991146904936, 'cure_p_min': 236.11095390636697, 'cure_gpp_ref': 0.11096684893307845, 'cure_agb_crit': 3.3784049026803955, 'fuel_k': 0.16672107125747723, 'fuel_half': 89.86758118291135}. Best is trial 0 with value: -0.6232552202351066.
[I 2026-07-25 00:31:36,661] Trial 283 finished with value: 0.5744642882633159 and parameters: {'k1': 0.005837734111236124, 'D_low': 777.1502754717158, 'k2': 0.0002176772830971294, 'D_high': 3232947.734999814, 'fire_exp': 3.7154694071781043, 'P_half': 367.5369792251762, 'pre_dampen_half': 3.277633176280184, 'gpp_af': 0.005680341552970541, 'gpp_b': 3.169530594441428e-05, 'gpp_d': 633.5069302458469, 'ign_k': 0.0011106079394446154, 'ign_c': 151.62048989527534, 'trop_agb_crit': 14.508831382102716, 'trop_k_veg': 2.0856976733319565, 'gdp_gamma': 1.1420308897502118, 'cure_k': 0.0022077427157568695, 'cure_p_min': 106.60824900835308, 'cure_gpp_ref': 0.11089269128689419, 'cure_agb_crit': 1.448495191909827, 'fuel_k': 0.7441789006080254, 'fuel_half': 23.314715148647622}. Best is trial 0 with value: -0.6232552202351066.
[I 2026-07-25 00:31:37,107] Trial 284 finished with value: 0.5481216079336402 and parameters: {'k1': 0.0005763380132340586, 'D_low': 67151.12417005454, 'k2': 2.694820853268443e-05, 'D_high': 2190637.1534467037, 'fire_exp': 1.7311116854165043, 'P_half': 759.183998518381, 'pre_dampen_half': 514.9520146324907, 'gpp_af': 0.015414346314730041, 'gpp_b': 0.0020974175561435603, 'gpp_d': 113.49793332692883, 'ign_k': 0.0026423360595539064, 'ign_c': 0.9575439334068178, 'trop_agb_crit': 1.7035037101855757, 'trop_k_veg': 3.329954169129864, 'gdp_gamma': 0.4818174509766913, 'cure_k': 0.7705502410551719, 'cure_p_min': 363.80564057208363, 'cure_gpp_ref': 0.0863344143824459, 'cure_agb_crit': 1.0990633059946695, 'fuel_k': 0.5772612099198947, 'fuel_half': 29.20827261028951}. Best is trial 0 with value: -0.6232552202351066.
[I 2026-07-25 00:31:37,554] Trial 285 finished with value: 0.4103214360633214 and parameters: {'k1': 3.218850253373237e-05, 'D_low': 19.65371814212596, 'k2': 0.00016110778244869306, 'D_high': 1929918.9585471207, 'fire_exp': 1.199314330538912, 'P_half': 65.3192258844253, 'pre_dampen_half': 10.185152890413267, 'gpp_af': 0.05676024285694824, 'gpp_b': 2.0975920402244086e-05, 'gpp_d': 47.20625129372371, 'ign_k': 0.09293276744906305, 'ign_c': 0.12315566355133167, 'trop_agb_crit': 5.566881372229949, 'trop_k_veg': 5.969201592109546, 'gdp_gamma': 0.06797914772360339, 'cure_k': 0.018214724128066507, 'cure_p_min': 279.2884088687328, 'cure_gpp_ref': 1.1467559851153732, 'cure_agb_crit': 1.071928102139196, 'fuel_k': 0.036354820310202186, 'fuel_half': 2.208151095392097}. Best is trial 0 with value: -0.6232552202351066.
[I 2026-07-25 00:31:38,001] Trial 286 finished with value: -0.5103369397772576 and parameters: {'k1': 0.006147595763204952, 'D_low': 28.485660077300643, 'k2': 0.09657070074595157, 'D_high': 6573.867334488313, 'fire_exp': 1.357915350263328, 'P_half': 1248.5995840921453, 'pre_dampen_half': 288.7847630446153, 'gpp_af': 0.05752179498802067, 'gpp_b': 0.0009911496935792394, 'gpp_d': 122.73468373701776, 'ign_k': 0.004810599174424458, 'ign_c': 4.286380059614528, 'trop_agb_crit': 8.611894368318275, 'trop_k_veg': 0.5989632427171627, 'gdp_gamma': 0.7413644569369805, 'cure_k': 0.011991697157320059, 'cure_p_min': 175.6283805502075, 'cure_gpp_ref': 1.0821231594681435, 'cure_agb_crit': 2.544719013625007, 'fuel_k': 0.17314728084125525, 'fuel_half': 9.14136160588555}. Best is trial 0 with value: -0.6232552202351066.
[I 2026-07-25 00:31:38,450] Trial 287 finished with value: 0.5964213860576726 and parameters: {'k1': 0.00025197163742617465, 'D_low': 2.7999064998034626, 'k2': 0.09167816081659112, 'D_high': 2037555.8669063658, 'fire_exp': 4.594416388005255, 'P_half': 15.95739931096665, 'pre_dampen_half': 96.13835574158506, 'gpp_af': 39.893964678522046, 'gpp_b': 0.0014868075933630667, 'gpp_d': 3.885554382146915, 'ign_k': 0.025722529103866805, 'ign_c': 0.4034336037102571, 'trop_agb_crit': 4.091790524408108, 'trop_k_veg': 1.3578690028135847, 'gdp_gamma': 0.9369740123822903, 'cure_k': 0.39072463118537876, 'cure_p_min': 286.2102457675961, 'cure_gpp_ref': 0.42160683530690307, 'cure_agb_crit': 3.4864241228446304, 'fuel_k': 0.05360243190593134, 'fuel_half': 22.86539452931699}. Best is trial 0 with value: -0.6232552202351066.
