[I 2026-06-09 12:31:59,226] Trial 1487 finished with values: [-0.5777996542291074, 0.0571246384063161] and parameters: {'k1': 0.01549659926581634, 'D_low': 9.178481720510277, 'k2': 0.06994589881535453, 'D_high': 20424.506990274727, 'fire_exp': 2.10707132280748, 'P_half': 1.4045842344024697, 'pre_dampen_half': 566.2858823465564, 'gpp_af': 0.004050483631781762, 'gpp_b': 0.00015304633681488832, 'gpp_d': 26.003623362924223, 'ign_k': 0.3242143344038317, 'ign_c': 21.132597710340573, 'trop_agb_crit': 12.123761779314275, 'trop_k_veg': 4.51930447316402}.
[I 2026-06-09 12:32:00,325] Trial 1488 finished with values: [10.151341566921554, 10.151341566921554] and parameters: {'k1': 0.01549659926581634, 'D_low': 13.180029267201178, 'k2': 0.037633129263701104, 'D_high': 14268.845807630427, 'fire_exp': 1.608176525358426, 'P_half': 149.35213816355395, 'pre_dampen_half': 673.2248920775328, 'gpp_af': 0.01942738928156656, 'gpp_b': 0.002262927522655115, 'gpp_d': 26.003623362924223, 'ign_k': 0.001522632102442002, 'ign_c': 21.132597710340573, 'trop_agb_crit': 1.5144860262751405, 'trop_k_veg': 1.8981057964668895}.
[I 2026-06-09 12:32:01,464] Trial 1489 finished with values: [10.333316626525978, 10.333316626525978] and parameters: {'k1': 0.05156257069134124, 'D_low': 68.8314745893381, 'k2': 0.0005700142105246941, 'D_high': 14268.845807630427, 'fire_exp': 2.10707132280748, 'P_half': 50.32059347286801, 'pre_dampen_half': 566.2858823465564, 'gpp_af': 1.3218737536384089, 'gpp_b': 0.002262927522655115, 'gpp_d': 26.003623362924223, 'ign_k': 3.1536006085184716, 'ign_c': 21.132597710340573, 'trop_agb_crit': 2.6695352180079177, 'trop_k_veg': 4.51930447316402}.
[I 2026-06-09 12:32:02,594] Trial 1490 finished with values: [10.295542711377877, 10.295542711377877] and parameters: {'k1': 0.01549659926581634, 'D_low': 12.115155843077673, 'k2': 0.037633129263701104, 'D_high': 14268.845807630427, 'fire_exp': 2.10707132280748, 'P_half': 149.35213816355395, 'pre_dampen_half': 566.2858823465564, 'gpp_af': 0.01942738928156656, 'gpp_b': 0.002262927522655115, 'gpp_d': 288.68448554985713, 'ign_k': 0.3242143344038317, 'ign_c': 21.132597710340573, 'trop_agb_crit': 19.51558406059598, 'trop_k_veg': 0.7371838601739603}.
[I 2026-06-09 12:32:04,244] Trial 1491 finished with values: [10.858755325853862, 10.858755325853862] and parameters: {'k1': 0.01549659926581634, 'D_low': 13.180029267201178, 'k2': 0.037633129263701104, 'D_high': 14268.845807630427, 'fire_exp': 2.10707132280748, 'P_half': 28.647019533509873, 'pre_dampen_half': 0.2421427882467926, 'gpp_af': 0.01942738928156656, 'gpp_b': 0.002262927522655115, 'gpp_d': 99.3234953243749, 'ign_k': 0.3242143344038317, 'ign_c': 21.132597710340573, 'trop_agb_crit': 19.51558406059598, 'trop_k_veg': 3.0581330220610963}.
[I 2026-06-09 12:32:05,470] Trial 1492 finished with values: [10.170991150083822, 10.170991150083822] and parameters: {'k1': 0.01549659926581634, 'D_low': 125.32726386250698, 'k2': 0.06994589881535453, 'D_high': 39655.03094323017, 'fire_exp': 1.608176525358426, 'P_half': 149.35213816355395, 'pre_dampen_half': 673.2248920775328, 'gpp_af': 1.3218737536384089, 'gpp_b': 0.002262927522655115, 'gpp_d': 288.68448554985713, 'ign_k': 0.3242143344038317, 'ign_c': 21.132597710340573, 'trop_agb_crit': 19.51558406059598, 'trop_k_veg': 7.392850625534579}.
[I 2026-06-09 12:32:06,659] Trial 1493 finished with values: [-0.5590088073428392, 0.06177122388458234] and parameters: {'k1': 0.01549659926581634, 'D_low': 1.254144753902608, 'k2': 0.06994589881535453, 'D_high': 39655.03094323017, 'fire_exp': 2.10707132280748, 'P_half': 1.4045842344024697, 'pre_dampen_half': 566.2858823465564, 'gpp_af': 0.01942738928156656, 'gpp_b': 0.002262927522655115, 'gpp_d': 26.003623362924223, 'ign_k': 0.3242143344038317, 'ign_c': 21.132597710340573, 'trop_agb_crit': 19.51558406059598, 'trop_k_veg': 1.8981057964668895}.
[I 2026-06-09 12:32:07,827] Trial 1494 finished with values: [10.490437010498695, 10.490437010498695] and parameters: {'k1': 0.01549659926581634, 'D_low': 1.254144753902608, 'k2': 0.0004471851399162796, 'D_high': 14268.845807630427, 'fire_exp': 2.10707132280748, 'P_half': 28.647019533509873, 'pre_dampen_half': 673.2248920775328, 'gpp_af': 0.045366474985150604, 'gpp_b': 0.00977702299083608, 'gpp_d': 500.2195003344709, 'ign_k': 0.3242143344038317, 'ign_c': 8.475478615572438, 'trop_agb_crit': 2.6695352180079177, 'trop_k_veg': 6.167017837012027}.
[I 2026-06-09 12:32:08,947] Trial 1495 finished with values: [10.1356914936142, 10.1356914936142] and parameters: {'k1': 0.01549659926581634, 'D_low': 13.180029267201178, 'k2': 0.0205587644059359, 'D_high': 2471.1617679707197, 'fire_exp': 2.10707132280748, 'P_half': 149.35213816355395, 'pre_dampen_half': 566.2858823465564, 'gpp_af': 1.3218737536384089, 'gpp_b': 0.00015017107042034582, 'gpp_d': 26.003623362924223, 'ign_k': 0.4303356629825978, 'ign_c': 21.132597710340573, 'trop_agb_crit': 1.5144860262751405, 'trop_k_veg': 1.8981057964668895}.
[I 2026-06-09 12:32:10,051] Trial 1496 finished with values: [-0.5641435254847451, 0.06320908989803276] and parameters: {'k1': 0.01549659926581634, 'D_low': 1.254144753902608, 'k2': 0.0027740883231995596, 'D_high': 14268.845807630427, 'fire_exp': 2.10707132280748, 'P_half': 1.4045842344024697, 'pre_dampen_half': 566.2858823465564, 'gpp_af': 0.025317223617431887, 'gpp_b': 0.002262927522655115, 'gpp_d': 26.003623362924223, 'ign_k': 0.3242143344038317, 'ign_c': 21.132597710340573, 'trop_agb_crit': 19.51558406059598, 'trop_k_veg': 1.8981057964668895}.
[I 2026-06-09 12:32:11,351] Trial 1497 finished with values: [10.7077216614292, 10.7077216614292] and parameters: {'k1': 0.01549659926581634, 'D_low': 13.180029267201178, 'k2': 0.0005700142105246941, 'D_high': 67.29306564643534, 'fire_exp': 2.10707132280748, 'P_half': 50.32059347286801, 'pre_dampen_half': 566.2858823465564, 'gpp_af': 1.3218737536384089, 'gpp_b': 0.00977702299083608, 'gpp_d': 26.003623362924223, 'ign_k': 3.1536006085184716, 'ign_c': 21.132597710340573, 'trop_agb_crit': 2.6695352180079177, 'trop_k_veg': 1.8981057964668895}.
[I 2026-06-09 12:32:12,618] Trial 1498 finished with values: [10.003949723424027, 10.003949723424027] and parameters: {'k1': 0.01549659926581634, 'D_low': 115.44738876452311, 'k2': 0.06994589881535453, 'D_high': 39655.03094323017, 'fire_exp': 1.608176525358426, 'P_half': 50.32059347286801, 'pre_dampen_half': 340.6909167027263, 'gpp_af': 0.01942738928156656, 'gpp_b': 0.0017100237531775793, 'gpp_d': 26.003623362924223, 'ign_k': 3.1536006085184716, 'ign_c': 21.132597710340573, 'trop_agb_crit': 2.6695352180079177, 'trop_k_veg': 4.51930447316402}.
[I 2026-06-09 12:32:13,755] Trial 1499 finished with values: [10.418208013484781, 10.418208013484781] and parameters: {'k1': 0.01549659926581634, 'D_low': 1.254144753902608, 'k2': 0.0205587644059359, 'D_high': 14268.845807630427, 'fire_exp': 2.10707132280748, 'P_half': 1.4045842344024697, 'pre_dampen_half': 673.2248920775328, 'gpp_af': 0.01942738928156656, 'gpp_b': 1.7213644875359617e-05, 'gpp_d': 500.2195003344709, 'ign_k': 0.4303356629825978, 'ign_c': 21.132597710340573, 'trop_agb_crit': 1.5144860262751405, 'trop_k_veg': 4.51930447316402}.
[I 2026-06-09 12:32:14,905] Trial 1500 finished with values: [-0.5678453608918159, 0.0753068257112991] and parameters: {'k1': 0.01549659926581634, 'D_low': 13.180029267201178, 'k2': 0.06994589881535453, 'D_high': 14268.845807630427, 'fire_exp': 2.10707132280748, 'P_half': 149.35213816355395, 'pre_dampen_half': 566.2858823465564, 'gpp_af': 1.3218737536384089, 'gpp_b': 0.002262927522655115, 'gpp_d': 26.003623362924223, 'ign_k': 0.3242143344038317, 'ign_c': 21.132597710340573, 'trop_agb_crit': 19.51558406059598, 'trop_k_veg': 1.8981057964668895}.
[I 2026-06-09 12:32:16,028] Trial 1501 finished with values: [10.019745873541302, 10.019745873541302] and parameters: {'k1': 0.05156257069134124, 'D_low': 13.180029267201178, 'k2': 0.037633129263701104, 'D_high': 14268.845807630427, 'fire_exp': 2.10707132280748, 'P_half': 149.35213816355395, 'pre_dampen_half': 566.2858823465564, 'gpp_af': 1.3218737536384089, 'gpp_b': 0.002262927522655115, 'gpp_d': 26.003623362924223, 'ign_k': 0.3242143344038317, 'ign_c': 21.132597710340573, 'trop_agb_crit': 2.6695352180079177, 'trop_k_veg': 1.8981057964668895}.
[I 2026-06-09 12:32:17,131] Trial 1502 finished with values: [10.188029238719139, 10.188029238719139] and parameters: {'k1': 0.01549659926581634, 'D_low': 1.254144753902608, 'k2': 0.06994589881535453, 'D_high': 14268.845807630427, 'fire_exp': 2.10707132280748, 'P_half': 1.4045842344024697, 'pre_dampen_half': 566.2858823465564, 'gpp_af': 0.01942738928156656, 'gpp_b': 0.002262927522655115, 'gpp_d': 500.2195003344709, 'ign_k': 0.3242143344038317, 'ign_c': 18.43395662181926, 'trop_agb_crit': 19.51558406059598, 'trop_k_veg': 1.8981057964668895}.
[I 2026-06-09 12:32:18,349] Trial 1503 finished with values: [10.241876032525358, 10.241876032525358] and parameters: {'k1': 0.01549659926581634, 'D_low': 115.44738876452311, 'k2': 0.06994589881535453, 'D_high': 14268.845807630427, 'fire_exp': 2.10707132280748, 'P_half': 28.647019533509873, 'pre_dampen_half': 340.6909167027263, 'gpp_af': 0.01942738928156656, 'gpp_b': 0.002262927522655115, 'gpp_d': 17.98321496666857, 'ign_k': 0.4303356629825978, 'ign_c': 21.132597710340573, 'trop_agb_crit': 19.51558406059598, 'trop_k_veg': 1.8981057964668895}.
[I 2026-06-09 12:32:19,631] Trial 1504 finished with values: [10.11501549549313, 10.11501549549313] and parameters: {'k1': 0.01549659926581634, 'D_low': 13.180029267201178, 'k2': 0.0004471851399162796, 'D_high': 39655.03094323017, 'fire_exp': 3.2852818052073594, 'P_half': 50.32059347286801, 'pre_dampen_half': 673.2248920775328, 'gpp_af': 1.3218737536384089, 'gpp_b': 0.002262927522655115, 'gpp_d': 26.003623362924223, 'ign_k': 0.3242143344038317, 'ign_c': 21.132597710340573, 'trop_agb_crit': 19.51558406059598, 'trop_k_veg': 1.8981057964668895}.
[I 2026-06-09 12:32:20,806] Trial 1505 finished with values: [10.19431503233784, 10.19431503233784] and parameters: {'k1': 0.01549659926581634, 'D_low': 13.180029267201178, 'k2': 0.0005700142105246941, 'D_high': 39655.03094323017, 'fire_exp': 2.10707132280748, 'P_half': 149.35213816355395, 'pre_dampen_half': 340.6909167027263, 'gpp_af': 1.3218737536384089, 'gpp_b': 0.002262927522655115, 'gpp_d': 26.003623362924223, 'ign_k': 3.1536006085184716, 'ign_c': 21.132597710340573, 'trop_agb_crit': 19.51558406059598, 'trop_k_veg': 1.8981057964668895}.
[I 2026-06-09 12:32:21,955] Trial 1506 finished with values: [10.451979683354567, 10.451979683354567] and parameters: {'k1': 0.05156257069134124, 'D_low': 1.0520180629652964, 'k2': 1.0731393763781533e-05, 'D_high': 39655.03094323017, 'fire_exp': 2.10707132280748, 'P_half': 50.32059347286801, 'pre_dampen_half': 340.6909167027263, 'gpp_af': 1.3218737536384089, 'gpp_b': 0.00977702299083608, 'gpp_d': 26.003623362924223, 'ign_k': 3.1536006085184716, 'ign_c': 21.132597710340573, 'trop_agb_crit': 2.6695352180079177, 'trop_k_veg': 1.8981057964668895}.
[I 2026-06-09 12:32:23,094] Trial 1507 finished with values: [10.091946408842258, 10.091946408842258] and parameters: {'k1': 0.01549659926581634, 'D_low': 9.178481720510277, 'k2': 0.06994589881535453, 'D_high': 14268.845807630427, 'fire_exp': 1.608176525358426, 'P_half': 61.40760722406964, 'pre_dampen_half': 566.2858823465564, 'gpp_af': 0.004050483631781762, 'gpp_b': 0.0017100237531775793, 'gpp_d': 26.003623362924223, 'ign_k': 0.3242143344038317, 'ign_c': 21.132597710340573, 'trop_agb_crit': 12.123761779314275, 'trop_k_veg': 4.51930447316402}.
[I 2026-06-09 12:32:24,796] Trial 1508 finished with values: [10.344209640825435, 10.344209640825435] and parameters: {'k1': 0.01549659926581634, 'D_low': 13.180029267201178, 'k2': 0.037633129263701104, 'D_high': 20424.506990274727, 'fire_exp': 2.10707132280748, 'P_half': 1.4045842344024697, 'pre_dampen_half': 566.2858823465564, 'gpp_af': 1.3218737536384089, 'gpp_b': 0.002262927522655115, 'gpp_d': 26.003623362924223, 'ign_k': 0.3242143344038317, 'ign_c': 21.132597710340573, 'trop_agb_crit': 19.51558406059598, 'trop_k_veg': 1.8981057964668895}.
[I 2026-06-09 12:32:26,068] Trial 1509 finished with values: [10.019121783233924, 10.019121783233924] and parameters: {'k1': 0.01549659926581634, 'D_low': 13.180029267201178, 'k2': 0.0005700142105246941, 'D_high': 39655.03094323017, 'fire_exp': 2.10707132280748, 'P_half': 50.32059347286801, 'pre_dampen_half': 566.2858823465564, 'gpp_af': 0.13767835510755025, 'gpp_b': 0.002262927522655115, 'gpp_d': 0.12455008994697062, 'ign_k': 3.1536006085184716, 'ign_c': 0.1402443745647864, 'trop_agb_crit': 19.51558406059598, 'trop_k_veg': 1.8981057964668895}.
[I 2026-06-09 12:32:27,300] Trial 1510 finished with values: [10.694151245617578, 10.694151245617578] and parameters: {'k1': 0.01549659926581634, 'D_low': 1.254144753902608, 'k2': 0.06994589881535453, 'D_high': 39655.03094323017, 'fire_exp': 1.608176525358426, 'P_half': 28.647019533509873, 'pre_dampen_half': 673.2248920775328, 'gpp_af': 0.01942738928156656, 'gpp_b': 1.7213644875359617e-05, 'gpp_d': 500.2195003344709, 'ign_k': 0.4303356629825978, 'ign_c': 21.132597710340573, 'trop_agb_crit': 1.5144860262751405, 'trop_k_veg': 4.51930447316402}.
[I 2026-06-09 12:32:28,485] Trial 1511 finished with values: [10.6224449876847, 10.6224449876847] and parameters: {'k1': 0.01549659926581634, 'D_low': 13.180029267201178, 'k2': 2.7045998307622467e-05, 'D_high': 226.69534239644676, 'fire_exp': 2.10707132280748, 'P_half': 149.35213816355395, 'pre_dampen_half': 673.2248920775328, 'gpp_af': 1.3218737536384089, 'gpp_b': 1.7213644875359617e-05, 'gpp_d': 500.2195003344709, 'ign_k': 0.4303356629825978, 'ign_c': 21.132597710340573, 'trop_agb_crit': 1.5144860262751405, 'trop_k_veg': 4.51930447316402}.
[I 2026-06-09 12:32:29,635] Trial 1512 finished with values: [-0.5904663652818466, 0.1019628883757212] and parameters: {'k1': 0.08638558450754014, 'D_low': 1.254144753902608, 'k2': 8.488887549001697e-05, 'D_high': 39655.03094323017, 'fire_exp': 1.608176525358426, 'P_half': 50.32059347286801, 'pre_dampen_half': 103.02162547570735, 'gpp_af': 1.3218737536384089, 'gpp_b': 0.00977702299083608, 'gpp_d': 500.2195003344709, 'ign_k': 0.3242143344038317, 'ign_c': 19.417556319623248, 'trop_agb_crit': 2.6695352180079177, 'trop_k_veg': 1.8981057964668895}.
[I 2026-06-09 12:32:30,816] Trial 1513 finished with values: [-0.5871250890244768, 0.07965411785348242] and parameters: {'k1': 0.01549659926581634, 'D_low': 115.44738876452311, 'k2': 0.0005700142105246941, 'D_high': 39655.03094323017, 'fire_exp': 2.10707132280748, 'P_half': 50.32059347286801, 'pre_dampen_half': 340.6909167027263, 'gpp_af': 1.3218737536384089, 'gpp_b': 0.00977702299083608, 'gpp_d': 26.003623362924223, 'ign_k': 3.1536006085184716, 'ign_c': 21.132597710340573, 'trop_agb_crit': 2.6695352180079177, 'trop_k_veg': 1.8981057964668895}.
[I 2026-06-09 12:32:32,060] Trial 1514 finished with values: [10.20336544505486, 10.20336544505486] and parameters: {'k1': 0.01549659926581634, 'D_low': 115.44738876452311, 'k2': 0.0005700142105246941, 'D_high': 2471.1617679707197, 'fire_exp': 2.10707132280748, 'P_half': 28.647019533509873, 'pre_dampen_half': 340.6909167027263, 'gpp_af': 0.01942738928156656, 'gpp_b': 1.7213644875359617e-05, 'gpp_d': 17.98321496666857, 'ign_k': 3.1536006085184716, 'ign_c': 21.132597710340573, 'trop_agb_crit': 19.51558406059598, 'trop_k_veg': 4.51930447316402}.
[I 2026-06-09 12:32:33,441] Trial 1515 finished with values: [10.490037629658687, 10.490037629658687] and parameters: {'k1': 0.01549659926581634, 'D_low': 13.180029267201178, 'k2': 0.06994589881535453, 'D_high': 14268.845807630427, 'fire_exp': 1.608176525358426, 'P_half': 1.4045842344024697, 'pre_dampen_half': 566.2858823465564, 'gpp_af': 0.01942738928156656, 'gpp_b': 0.002262927522655115, 'gpp_d': 500.2195003344709, 'ign_k': 0.3242143344038317, 'ign_c': 18.43395662181926, 'trop_agb_crit': 12.123761779314275, 'trop_k_veg': 4.8737397608275925}.
[I 2026-06-09 12:32:34,636] Trial 1516 finished with values: [10.427001227284094, 10.427001227284094] and parameters: {'k1': 0.05156257069134124, 'D_low': 13.180029267201178, 'k2': 0.0011237531026710888, 'D_high': 20424.506990274727, 'fire_exp': 2.10707132280748, 'P_half': 1.4045842344024697, 'pre_dampen_half': 566.2858823465564, 'gpp_af': 1.5166550780280448, 'gpp_b': 0.00977702299083608, 'gpp_d': 26.003623362924223, 'ign_k': 3.1536006085184716, 'ign_c': 21.132597710340573, 'trop_agb_crit': 2.6695352180079177, 'trop_k_veg': 1.8981057964668895}.
[I 2026-06-09 12:32:35,818] Trial 1517 finished with values: [-0.5694691812847865, 0.0696092949884064] and parameters: {'k1': 0.01549659926581634, 'D_low': 14.9264074616045, 'k2': 0.0005700142105246941, 'D_high': 39655.03094323017, 'fire_exp': 2.10707132280748, 'P_half': 50.32059347286801, 'pre_dampen_half': 566.2858823465564, 'gpp_af': 1.3218737536384089, 'gpp_b': 0.00977702299083608, 'gpp_d': 26.003623362924223, 'ign_k': 0.3242143344038317, 'ign_c': 21.132597710340573, 'trop_agb_crit': 2.6695352180079177, 'trop_k_veg': 1.8981057964668895}.
[I 2026-06-09 12:32:36,989] Trial 1518 finished with values: [10.886563829991665, 10.886563829991665] and parameters: {'k1': 0.01549659926581634, 'D_low': 5333.531663832789, 'k2': 0.037633129263701104, 'D_high': 16581.625694391, 'fire_exp': 2.10707132280748, 'P_half': 50.32059347286801, 'pre_dampen_half': 0.9662181831947991, 'gpp_af': 1.3218737536384089, 'gpp_b': 0.00977702299083608, 'gpp_d': 26.003623362924223, 'ign_k': 3.1536006085184716, 'ign_c': 21.132597710340573, 'trop_agb_crit': 2.6695352180079177, 'trop_k_veg': 0.5255960076816012}.
[I 2026-06-09 12:32:38,127] Trial 1519 finished with values: [10.767120101420975, 10.767120101420975] and parameters: {'k1': 0.01549659926581634, 'D_low': 2.2303399685706644, 'k2': 0.06994589881535453, 'D_high': 14268.845807630427, 'fire_exp': 2.10707132280748, 'P_half': 232.69585603744846, 'pre_dampen_half': 566.2858823465564, 'gpp_af': 0.004050483631781762, 'gpp_b': 0.00977702299083608, 'gpp_d': 26.003623362924223, 'ign_k': 0.6464502270739557, 'ign_c': 21.132597710340573, 'trop_agb_crit': 19.51558406059598, 'trop_k_veg': 1.8981057964668895}.
[I 2026-06-09 12:32:39,406] Trial 1520 finished with values: [12.570577974314022, 12.570577974314022] and parameters: {'k1': 0.01549659926581634, 'D_low': 1.254144753902608, 'k2': 0.06994589881535453, 'D_high': 39655.03094323017, 'fire_exp': 2.10707132280748, 'P_half': 1.4045842344024697, 'pre_dampen_half': 566.2858823465564, 'gpp_af': 1.3218737536384089, 'gpp_b': 0.002262927522655115, 'gpp_d': 17.98321496666857, 'ign_k': 0.2939449913540216, 'ign_c': 0.2853340323531802, 'trop_agb_crit': 2.6695352180079177, 'trop_k_veg': 1.8981057964668895}.
[I 2026-06-09 12:32:40,689] Trial 1521 finished with values: [-0.5192469181941881, 0.19634989077866705] and parameters: {'k1': 0.01549659926581634, 'D_low': 13.180029267201178, 'k2': 0.06994589881535453, 'D_high': 20424.506990274727, 'fire_exp': 1.608176525358426, 'P_half': 149.35213816355395, 'pre_dampen_half': 566.2858823465564, 'gpp_af': 0.13767835510755025, 'gpp_b': 0.002262927522655115, 'gpp_d': 26.003623362924223, 'ign_k': 0.024037681209108104, 'ign_c': 21.132597710340573, 'trop_agb_crit': 12.123761779314275, 'trop_k_veg': 2.0415257362939614}.
[I 2026-06-09 12:32:41,880] Trial 1522 finished with values: [10.211975275882619, 10.211975275882619] and parameters: {'k1': 0.01549659926581634, 'D_low': 68.8314745893381, 'k2': 0.06994589881535453, 'D_high': 14268.845807630427, 'fire_exp': 2.10707132280748, 'P_half': 1.4045842344024697, 'pre_dampen_half': 566.2858823465564, 'gpp_af': 1.3218737536384089, 'gpp_b': 0.002262927522655115, 'gpp_d': 288.68448554985713, 'ign_k': 0.3242143344038317, 'ign_c': 21.132597710340573, 'trop_agb_crit': 12.123761779314275, 'trop_k_veg': 1.8981057964668895}.
[I 2026-06-09 12:32:43,063] Trial 1523 finished with values: [10.159168452386556, 10.159168452386556] and parameters: {'k1': 0.01549659926581634, 'D_low': 13.180029267201178, 'k2': 0.06994589881535453, 'D_high': 14268.845807630427, 'fire_exp': 2.10707132280748, 'P_half': 149.35213816355395, 'pre_dampen_half': 566.2858823465564, 'gpp_af': 1.3218737536384089, 'gpp_b': 0.00977702299083608, 'gpp_d': 26.003623362924223, 'ign_k': 3.1536006085184716, 'ign_c': 21.132597710340573, 'trop_agb_crit': 19.558370667886592, 'trop_k_veg': 1.8981057964668895}.
[I 2026-06-09 12:32:44,259] Trial 1524 finished with values: [10.181448295195553, 10.181448295195553] and parameters: {'k1': 0.01549659926581634, 'D_low': 13.180029267201178, 'k2': 0.06994589881535453, 'D_high': 16581.625694391, 'fire_exp': 2.10707132280748, 'P_half': 149.35213816355395, 'pre_dampen_half': 566.2858823465564, 'gpp_af': 1.3218737536384089, 'gpp_b': 0.00977702299083608, 'gpp_d': 2.935843504232836, 'ign_k': 3.1536006085184716, 'ign_c': 21.132597710340573, 'trop_agb_crit': 2.6695352180079177, 'trop_k_veg': 1.8981057964668895}.
[I 2026-06-09 12:32:46,027] Trial 1525 finished with values: [10.650588959151136, 10.650588959151136] and parameters: {'k1': 0.01549659926581634, 'D_low': 644.2212766401307, 'k2': 0.06994589881535453, 'D_high': 20424.506990274727, 'fire_exp': 2.10707132280748, 'P_half': 1.4045842344024697, 'pre_dampen_half': 566.2858823465564, 'gpp_af': 0.01942738928156656, 'gpp_b': 0.002262927522655115, 'gpp_d': 26.003623362924223, 'ign_k': 0.3242143344038317, 'ign_c': 21.132597710340573, 'trop_agb_crit': 19.51558406059598, 'trop_k_veg': 4.51930447316402}.
[I 2026-06-09 12:32:47,389] Trial 1526 finished with values: [10.892838215700383, 10.892838215700383] and parameters: {'k1': 0.01549659926581634, 'D_low': 115.44738876452311, 'k2': 0.0005700142105246941, 'D_high': 39655.03094323017, 'fire_exp': 9.835961926872917, 'P_half': 232.69585603744846, 'pre_dampen_half': 340.6909167027263, 'gpp_af': 1.3218737536384089, 'gpp_b': 0.00977702299083608, 'gpp_d': 0.04544076137271542, 'ign_k': 3.1536006085184716, 'ign_c': 21.132597710340573, 'trop_agb_crit': 2.6695352180079177, 'trop_k_veg': 1.8981057964668895}.
