[I 2026-08-06 02:24:37,259] Trial 765 finished with values: [10.712603321277989, 10.712603321277989] and parameters: {'k1': 0.0004846497679219079, 'D_low': 7.068974950624602, 'k2': 4.860905111373887e-05, 'D_high': 75773.14388518519, 'fire_exp': 1.1044852285094786, 'P_half': 125.61043700013555, 'pre_dampen_half': 1.4445251022763053, 'gpp_af': 0.028585493941961918, 'gpp_b': 0.00028899729610231095, 'gpp_d': 5.878566318396007, 'ign_k': 0.005522071973135812, 'ign_c': 510.6674528526552}.
[I 2026-08-06 02:24:38,226] Trial 766 finished with values: [-0.5413487157664796, 0.022402847917278867] and parameters: {'k1': 0.025383218374507292, 'D_low': 18.522006003174383, 'k2': 3.5917714215176105e-05, 'D_high': 17.420858817889425, 'fire_exp': 1.010722707674549, 'P_half': 608.3019192425825, 'pre_dampen_half': 14.689898077648792, 'gpp_af': 22.766850248686247, 'gpp_b': 0.10123867001105968, 'gpp_d': 39.827466658711515, 'ign_k': 3.7173717478250508, 'ign_c': 14.367095138664217}.
[I 2026-08-06 02:24:39,203] Trial 767 finished with values: [13.52856352035883, 13.52856352035883] and parameters: {'k1': 0.003381093273170853, 'D_low': 1.2299210465793122, 'k2': 0.0499774937030317, 'D_high': 54669.374787660905, 'fire_exp': 1.2680134752324452, 'P_half': 403.3495283157659, 'pre_dampen_half': 25.15960733455044, 'gpp_af': 0.5107061330406066, 'gpp_b': 5.2308563179361105e-05, 'gpp_d': 300.3420512048734, 'ign_k': 7.799059237255681, 'ign_c': 3.735862630812751}.
[I 2026-08-06 02:24:40,465] Trial 768 finished with values: [10.449435257522998, 10.449435257522998] and parameters: {'k1': 0.021368329072358756, 'D_low': 1.2299210465793122, 'k2': 4.763991596630584e-05, 'D_high': 55772.84121799238, 'fire_exp': 1.2680134752324452, 'P_half': 25.49709775062068, 'pre_dampen_half': 3.3594011166738142, 'gpp_af': 0.028585493941961918, 'gpp_b': 1.722111409234053e-05, 'gpp_d': 4.982605027348069, 'ign_k': 0.01474275315991467, 'ign_c': 0.7724824966785973}.
[I 2026-08-06 02:24:41,446] Trial 769 finished with values: [-0.5330585993189804, 0.0274550735587743] and parameters: {'k1': 0.025383218374507292, 'D_low': 2.5449737887285035, 'k2': 4.763991596630584e-05, 'D_high': 400.9149428326862, 'fire_exp': 1.0473002272689056, 'P_half': 664.2027816373393, 'pre_dampen_half': 14.689898077648792, 'gpp_af': 22.766850248686247, 'gpp_b': 0.008226792720717493, 'gpp_d': 39.827466658711515, 'ign_k': 3.7173717478250508, 'ign_c': 14.367095138664217}.
[I 2026-08-06 02:24:42,457] Trial 770 finished with values: [10.629462166550066, 10.629462166550066] and parameters: {'k1': 0.021368329072358756, 'D_low': 51.9967392387832, 'k2': 0.006138509947844854, 'D_high': 106.44034434867002, 'fire_exp': 1.9269608977575319, 'P_half': 125.61043700013555, 'pre_dampen_half': 14.689898077648792, 'gpp_af': 0.004339536161007625, 'gpp_b': 0.000832333943844274, 'gpp_d': 5.878566318396007, 'ign_k': 0.6454459531371669, 'ign_c': 2.92043384718141}.
[I 2026-08-06 02:24:43,422] Trial 771 finished with values: [-0.5689294085490391, 0.024445519909374158] and parameters: {'k1': 0.021368329072358756, 'D_low': 9.330007965781027, 'k2': 4.763991596630584e-05, 'D_high': 6455.595882939566, 'fire_exp': 1.0473002272689056, 'P_half': 664.2027816373393, 'pre_dampen_half': 14.689898077648792, 'gpp_af': 22.766850248686247, 'gpp_b': 1.5938003265859821, 'gpp_d': 368.30088529547436, 'ign_k': 3.7173717478250508, 'ign_c': 14.367095138664217}.
[I 2026-08-06 02:24:44,370] Trial 772 finished with values: [10.709030168732122, 10.709030168732122] and parameters: {'k1': 0.021368329072358756, 'D_low': 18.522006003174383, 'k2': 3.5917714215176105e-05, 'D_high': 31030.112026960956, 'fire_exp': 2.029036992298765, 'P_half': 608.3019192425825, 'pre_dampen_half': 14.689898077648792, 'gpp_af': 4.582731702170249, 'gpp_b': 0.10123867001105968, 'gpp_d': 107.84642153666701, 'ign_k': 0.03141110271934876, 'ign_c': 34.19108473554449}.
[I 2026-08-06 02:24:45,379] Trial 773 finished with values: [10.768282647798841, 10.768282647798841] and parameters: {'k1': 0.003381093273170853, 'D_low': 616.4329525571076, 'k2': 0.0004381141781653133, 'D_high': 24939.838794891497, 'fire_exp': 6.353688190122706, 'P_half': 403.3495283157659, 'pre_dampen_half': 4.963709806241684, 'gpp_af': 11.234842109991876, 'gpp_b': 1.5938003265859821, 'gpp_d': 300.3420512048734, 'ign_k': 7.799059237255681, 'ign_c': 3.735862630812751}.
[I 2026-08-06 02:24:46,360] Trial 774 finished with values: [10.561434367046836, 10.561434367046836] and parameters: {'k1': 0.0001758858073588738, 'D_low': 7.068974950624602, 'k2': 0.021307706784814803, 'D_high': 75773.14388518519, 'fire_exp': 1.1044852285094786, 'P_half': 125.61043700013555, 'pre_dampen_half': 3.3594011166738142, 'gpp_af': 0.028585493941961918, 'gpp_b': 2.7719116797094715e-05, 'gpp_d': 4.982605027348069, 'ign_k': 3.7173717478250508, 'ign_c': 0.6235377135673155}.
[I 2026-08-06 02:24:47,331] Trial 775 finished with values: [10.714016774204607, 10.714016774204607] and parameters: {'k1': 0.021368329072358756, 'D_low': 18.522006003174383, 'k2': 4.763991596630584e-05, 'D_high': 400.9149428326862, 'fire_exp': 1.0473002272689056, 'P_half': 608.3019192425825, 'pre_dampen_half': 1.4445251022763053, 'gpp_af': 0.028585493941961918, 'gpp_b': 0.10123867001105968, 'gpp_d': 5.878566318396007, 'ign_k': 3.7173717478250508, 'ign_c': 14.367095138664217}.
[I 2026-08-06 02:24:48,325] Trial 776 finished with values: [-0.5665905029675401, 0.017682665047820012] and parameters: {'k1': 0.08926311370835228, 'D_low': 31.117676855667376, 'k2': 0.0499774937030317, 'D_high': 1687.3495104568947, 'fire_exp': 1.2680134752324452, 'P_half': 276.27089412392087, 'pre_dampen_half': 14.689898077648792, 'gpp_af': 22.766850248686247, 'gpp_b': 0.1676789742547917, 'gpp_d': 39.827466658711515, 'ign_k': 7.799059237255681, 'ign_c': 14.367095138664217}.
[I 2026-08-06 02:24:49,283] Trial 777 finished with values: [10.585535783504685, 10.585535783504685] and parameters: {'k1': 0.021368329072358756, 'D_low': 7.068974950624602, 'k2': 0.007321544340709295, 'D_high': 75773.14388518519, 'fire_exp': 1.010722707674549, 'P_half': 12.316746498627493, 'pre_dampen_half': 1.4445251022763053, 'gpp_af': 0.2343193755572473, 'gpp_b': 3.228689523591491e-05, 'gpp_d': 39.827466658711515, 'ign_k': 0.03141110271934876, 'ign_c': 14.367095138664217}.
[I 2026-08-06 02:24:50,280] Trial 778 finished with values: [10.983261414178163, 10.983261414178163] and parameters: {'k1': 0.03232155805617897, 'D_low': 1.2299210465793122, 'k2': 0.0499774937030317, 'D_high': 949.9072859745386, 'fire_exp': 1.0473002272689056, 'P_half': 11.877073321543955, 'pre_dampen_half': 3.3594011166738142, 'gpp_af': 22.766850248686247, 'gpp_b': 5.2308563179361105e-05, 'gpp_d': 368.30088529547436, 'ign_k': 3.7173717478250508, 'ign_c': 0.7724824966785973}.
[I 2026-08-06 02:24:51,304] Trial 779 finished with values: [10.962864240166, 10.962864240166] and parameters: {'k1': 2.0937989739527727e-05, 'D_low': 26.21130418912424, 'k2': 0.00014091459170104733, 'D_high': 24939.838794891497, 'fire_exp': 1.2680134752324452, 'P_half': 119.21396716829831, 'pre_dampen_half': 25.15960733455044, 'gpp_af': 11.234842109991876, 'gpp_b': 0.004282452111192166, 'gpp_d': 5.878566318396007, 'ign_k': 7.799059237255681, 'ign_c': 0.7724824966785973}.
[I 2026-08-06 02:24:52,334] Trial 780 finished with values: [10.743199569963469, 10.743199569963469] and parameters: {'k1': 0.08926311370835228, 'D_low': 334.62201030483817, 'k2': 0.0022957398214549472, 'D_high': 3660.150802571655, 'fire_exp': 2.5914873994986967, 'P_half': 5.15399351160314, 'pre_dampen_half': 14.689898077648792, 'gpp_af': 0.2343193755572473, 'gpp_b': 0.1676789742547917, 'gpp_d': 0.6380717024176037, 'ign_k': 0.04563289369649656, 'ign_c': 0.1457050032975653}.
[I 2026-08-06 02:24:53,297] Trial 781 finished with values: [-0.49752133432411627, 0.011170911938930828] and parameters: {'k1': 0.021368329072358756, 'D_low': 616.4329525571076, 'k2': 0.0004381141781653133, 'D_high': 24939.838794891497, 'fire_exp': 1.3239942327296237, 'P_half': 39.03214299767183, 'pre_dampen_half': 25.15960733455044, 'gpp_af': 11.234842109991876, 'gpp_b': 1.5938003265859821, 'gpp_d': 300.3420512048734, 'ign_k': 0.0037322156377670697, 'ign_c': 3.735862630812751}.
[I 2026-08-06 02:24:54,268] Trial 782 finished with values: [10.05516891161424, 10.05516891161424] and parameters: {'k1': 0.08926311370835228, 'D_low': 9.330007965781027, 'k2': 4.763991596630584e-05, 'D_high': 949.9072859745386, 'fire_exp': 1.1044852285094786, 'P_half': 11.877073321543955, 'pre_dampen_half': 14.689898077648792, 'gpp_af': 22.766850248686247, 'gpp_b': 0.1676789742547917, 'gpp_d': 5.878566318396007, 'ign_k': 3.7173717478250508, 'ign_c': 14.367095138664217}.
[I 2026-08-06 02:24:55,273] Trial 783 finished with values: [-0.5544859737867563, 0.022657494203895845] and parameters: {'k1': 0.025383218374507292, 'D_low': 18.522006003174383, 'k2': 3.5917714215176105e-05, 'D_high': 1687.3495104568947, 'fire_exp': 1.010722707674549, 'P_half': 608.3019192425825, 'pre_dampen_half': 14.689898077648792, 'gpp_af': 0.2343193755572473, 'gpp_b': 0.10123867001105968, 'gpp_d': 39.827466658711515, 'ign_k': 3.7173717478250508, 'ign_c': 14.367095138664217}.
[I 2026-08-06 02:24:56,283] Trial 784 finished with values: [-0.5272492132897079, 0.03209447171233237] and parameters: {'k1': 0.025383218374507292, 'D_low': 9.330007965781027, 'k2': 0.0499774937030317, 'D_high': 949.9072859745386, 'fire_exp': 1.2680134752324452, 'P_half': 11.877073321543955, 'pre_dampen_half': 3.3594011166738142, 'gpp_af': 0.028585493941961918, 'gpp_b': 5.2308563179361105e-05, 'gpp_d': 300.3420512048734, 'ign_k': 0.01474275315991467, 'ign_c': 0.7724824966785973}.
[I 2026-08-06 02:24:57,258] Trial 785 finished with values: [10.769222612912001, 10.769222612912001] and parameters: {'k1': 0.08926311370835228, 'D_low': 18.522006003174383, 'k2': 4.763991596630584e-05, 'D_high': 949.9072859745386, 'fire_exp': 1.0473002272689056, 'P_half': 608.3019192425825, 'pre_dampen_half': 14.689898077648792, 'gpp_af': 22.766850248686247, 'gpp_b': 0.1676789742547917, 'gpp_d': 5.878566318396007, 'ign_k': 3.7173717478250508, 'ign_c': 34.19108473554449}.
[I 2026-08-06 02:24:58,248] Trial 786 finished with values: [10.32763609930342, 10.32763609930342] and parameters: {'k1': 0.003381093273170853, 'D_low': 5.303925290996657, 'k2': 4.763991596630584e-05, 'D_high': 24939.838794891497, 'fire_exp': 1.2680134752324452, 'P_half': 608.3019192425825, 'pre_dampen_half': 25.4442274895789, 'gpp_af': 22.766850248686247, 'gpp_b': 1.5938003265859821, 'gpp_d': 300.3420512048734, 'ign_k': 3.7173717478250508, 'ign_c': 3.735862630812751}.
[I 2026-08-06 02:24:59,241] Trial 787 finished with values: [10.756736923142387, 10.756736923142387] and parameters: {'k1': 0.003381093273170853, 'D_low': 616.4329525571076, 'k2': 3.5917714215176105e-05, 'D_high': 24939.838794891497, 'fire_exp': 1.518582349269638, 'P_half': 608.3019192425825, 'pre_dampen_half': 25.15960733455044, 'gpp_af': 0.2343193755572473, 'gpp_b': 1.5938003265859821, 'gpp_d': 300.3420512048734, 'ign_k': 3.7173717478250508, 'ign_c': 3.735862630812751}.
[I 2026-08-06 02:25:00,250] Trial 788 finished with values: [10.47039942766714, 10.47039942766714] and parameters: {'k1': 0.021368329072358756, 'D_low': 7.068974950624602, 'k2': 0.0499774937030317, 'D_high': 400.9149428326862, 'fire_exp': 1.0473002272689056, 'P_half': 39.03214299767183, 'pre_dampen_half': 1.4445251022763053, 'gpp_af': 22.766850248686247, 'gpp_b': 0.10123867001105968, 'gpp_d': 39.827466658711515, 'ign_k': 3.7173717478250508, 'ign_c': 14.367095138664217}.
[I 2026-08-06 02:25:01,579] Trial 789 finished with values: [10.76922941325112, 10.76922941325112] and parameters: {'k1': 0.08926311370835228, 'D_low': 10.733257635049776, 'k2': 0.0499774937030317, 'D_high': 949.9072859745386, 'fire_exp': 1.0473002272689056, 'P_half': 608.3019192425825, 'pre_dampen_half': 14.689898077648792, 'gpp_af': 0.2343193755572473, 'gpp_b': 3.228689523591491e-05, 'gpp_d': 5.878566318396007, 'ign_k': 3.7173717478250508, 'ign_c': 34.19108473554449}.
[I 2026-08-06 02:25:02,641] Trial 790 finished with values: [10.18085436997899, 10.18085436997899] and parameters: {'k1': 0.021368329072358756, 'D_low': 7.068974950624602, 'k2': 4.763991596630584e-05, 'D_high': 400.9149428326862, 'fire_exp': 1.0473002272689056, 'P_half': 664.2027816373393, 'pre_dampen_half': 14.689898077648792, 'gpp_af': 0.028585493941961918, 'gpp_b': 2.800940363375676e-05, 'gpp_d': 5.878566318396007, 'ign_k': 0.0037322156377670697, 'ign_c': 34.19108473554449}.
[I 2026-08-06 02:25:03,659] Trial 791 finished with values: [10.291928596893337, 10.291928596893337] and parameters: {'k1': 0.001260821293027586, 'D_low': 1.2299210465793122, 'k2': 4.763991596630584e-05, 'D_high': 1687.3495104568947, 'fire_exp': 1.010722707674549, 'P_half': 685.7803657667797, 'pre_dampen_half': 14.689898077648792, 'gpp_af': 0.2343193755572473, 'gpp_b': 0.1676789742547917, 'gpp_d': 4.982605027348069, 'ign_k': 0.002676132993402929, 'ign_c': 0.7724824966785973}.
[I 2026-08-06 02:25:04,643] Trial 792 finished with values: [10.76844973551454, 10.76844973551454] and parameters: {'k1': 0.0018588694009815867, 'D_low': 9.330007965781027, 'k2': 0.00010623096700264125, 'D_high': 400.9149428326862, 'fire_exp': 1.0473002272689056, 'P_half': 125.61043700013555, 'pre_dampen_half': 1.4445251022763053, 'gpp_af': 0.028585493941961918, 'gpp_b': 5.991854397410505, 'gpp_d': 368.30088529547436, 'ign_k': 0.005522071973135812, 'ign_c': 14.367095138664217}.
[I 2026-08-06 02:25:05,669] Trial 793 finished with values: [10.76923076805719, 10.76923076805719] and parameters: {'k1': 0.025383218374507292, 'D_low': 18.522006003174383, 'k2': 0.006138509947844854, 'D_high': 859.3747454677427, 'fire_exp': 6.397238610685558, 'P_half': 958.8659498594012, 'pre_dampen_half': 14.689898077648792, 'gpp_af': 0.004339536161007625, 'gpp_b': 0.10123867001105968, 'gpp_d': 39.827466658711515, 'ign_k': 0.6454459531371669, 'ign_c': 14.367095138664217}.
[I 2026-08-06 02:25:06,709] Trial 794 finished with values: [11.050858397055714, 11.050858397055714] and parameters: {'k1': 0.021368329072358756, 'D_low': 158.82035726402376, 'k2': 4.763991596630584e-05, 'D_high': 55772.84121799238, 'fire_exp': 1.1044852285094786, 'P_half': 39.03214299767183, 'pre_dampen_half': 5.542030950268268, 'gpp_af': 0.028585493941961918, 'gpp_b': 0.0005995821881487623, 'gpp_d': 5.878566318396007, 'ign_k': 3.7173717478250508, 'ign_c': 0.7724824966785973}.
[I 2026-08-06 02:25:07,702] Trial 795 finished with values: [10.26380201545974, 10.26380201545974] and parameters: {'k1': 2.0937989739527727e-05, 'D_low': 26.21130418912424, 'k2': 0.00014091459170104733, 'D_high': 949.9072859745386, 'fire_exp': 1.010722707674549, 'P_half': 11.877073321543955, 'pre_dampen_half': 1.823875297964684, 'gpp_af': 0.028585493941961918, 'gpp_b': 1.821693031918062e-05, 'gpp_d': 5.878566318396007, 'ign_k': 0.01474275315991467, 'ign_c': 34.19108473554449}.
[I 2026-08-06 02:25:08,711] Trial 796 finished with values: [10.769225314373136, 10.769225314373136] and parameters: {'k1': 0.025383218374507292, 'D_low': 9.330007965781027, 'k2': 4.763991596630584e-05, 'D_high': 24939.838794891497, 'fire_exp': 1.0473002272689056, 'P_half': 664.2027816373393, 'pre_dampen_half': 14.689898077648792, 'gpp_af': 22.766850248686247, 'gpp_b': 0.35446974723746, 'gpp_d': 368.30088529547436, 'ign_k': 7.799059237255681, 'ign_c': 34.088312486613106}.
[I 2026-08-06 02:25:09,732] Trial 797 finished with values: [10.026680823337756, 10.026680823337756] and parameters: {'k1': 0.0016129739560722712, 'D_low': 334.62201030483817, 'k2': 4.763991596630584e-05, 'D_high': 3660.150802571655, 'fire_exp': 1.2680134752324452, 'P_half': 5.15399351160314, 'pre_dampen_half': 3.3594011166738142, 'gpp_af': 0.028585493941961918, 'gpp_b': 1.722111409234053e-05, 'gpp_d': 4.982605027348069, 'ign_k': 0.04563289369649656, 'ign_c': 0.1457050032975653}.
[I 2026-08-06 02:25:10,794] Trial 798 finished with values: [10.76923076805719, 10.76923076805719] and parameters: {'k1': 0.08926311370835228, 'D_low': 6391.655642276445, 'k2': 0.0499774937030317, 'D_high': 1687.3495104568947, 'fire_exp': 1.010722707674549, 'P_half': 11.877073321543955, 'pre_dampen_half': 3.3594011166738142, 'gpp_af': 0.5107061330406066, 'gpp_b': 0.04070717093750775, 'gpp_d': 300.3420512048734, 'ign_k': 7.799059237255681, 'ign_c': 0.7724824966785973}.
[I 2026-08-06 02:25:11,860] Trial 799 finished with values: [10.110222941418956, 10.110222941418956] and parameters: {'k1': 0.025383218374507292, 'D_low': 616.4329525571076, 'k2': 4.763991596630584e-05, 'D_high': 24939.838794891497, 'fire_exp': 1.0473002272689056, 'P_half': 664.2027816373393, 'pre_dampen_half': 25.15960733455044, 'gpp_af': 11.234842109991876, 'gpp_b': 1.5938003265859821, 'gpp_d': 368.30088529547436, 'ign_k': 7.799059237255681, 'ign_c': 3.735862630812751}.
[I 2026-08-06 02:25:12,905] Trial 800 finished with values: [10.116761654481424, 10.116761654481424] and parameters: {'k1': 2.0937989739527727e-05, 'D_low': 26.21130418912424, 'k2': 3.5917714215176105e-05, 'D_high': 24939.838794891497, 'fire_exp': 1.1044852285094786, 'P_half': 11.877073321543955, 'pre_dampen_half': 5.542030950268268, 'gpp_af': 0.028585493941961918, 'gpp_b': 0.004282452111192166, 'gpp_d': 39.827466658711515, 'ign_k': 3.7173717478250508, 'ign_c': 14.367095138664217}.
[I 2026-08-06 02:25:13,932] Trial 801 finished with values: [11.37443204945088, 11.37443204945088] and parameters: {'k1': 0.025383218374507292, 'D_low': 18.522006003174383, 'k2': 4.763991596630584e-05, 'D_high': 1687.3495104568947, 'fire_exp': 1.010722707674549, 'P_half': 608.3019192425825, 'pre_dampen_half': 14.689898077648792, 'gpp_af': 0.028585493941961918, 'gpp_b': 2.7719116797094715e-05, 'gpp_d': 124.72235343584714, 'ign_k': 3.7173717478250508, 'ign_c': 0.6235377135673155}.
[I 2026-08-06 02:25:14,970] Trial 802 finished with values: [10.3762608010621, 10.3762608010621] and parameters: {'k1': 0.08926311370835228, 'D_low': 18.522006003174383, 'k2': 3.5917714215176105e-05, 'D_high': 400.9149428326862, 'fire_exp': 1.0473002272689056, 'P_half': 39.03214299767183, 'pre_dampen_half': 14.689898077648792, 'gpp_af': 22.766850248686247, 'gpp_b': 1.5938003265859821, 'gpp_d': 263.6527567943319, 'ign_k': 3.7173717478250508, 'ign_c': 14.367095138664217}.
[I 2026-08-06 02:25:16,042] Trial 803 finished with values: [10.893684116163195, 10.893684116163195] and parameters: {'k1': 2.0937989739527727e-05, 'D_low': 18.522006003174383, 'k2': 3.5917714215176105e-05, 'D_high': 75773.14388518519, 'fire_exp': 1.010722707674549, 'P_half': 63.585411411994926, 'pre_dampen_half': 703.6426675556048, 'gpp_af': 0.2343193755572473, 'gpp_b': 3.228689523591491e-05, 'gpp_d': 39.827466658711515, 'ign_k': 0.13054148118849407, 'ign_c': 34.19108473554449}.
[I 2026-08-06 02:25:17,146] Trial 804 finished with values: [10.429589775955344, 10.429589775955344] and parameters: {'k1': 0.003381093273170853, 'D_low': 9.330007965781027, 'k2': 8.17182556771865e-05, 'D_high': 6455.595882939566, 'fire_exp': 1.6294642623991613, 'P_half': 11.877073321543955, 'pre_dampen_half': 3.3594011166738142, 'gpp_af': 22.766850248686247, 'gpp_b': 2.800940363375676e-05, 'gpp_d': 4.982605027348069, 'ign_k': 3.7173717478250508, 'ign_c': 14.367095138664217}.
[I 2026-08-06 02:25:18,186] Trial 805 finished with values: [10.755465558059015, 10.755465558059015] and parameters: {'k1': 0.021368329072358756, 'D_low': 9.330007965781027, 'k2': 0.034987345440353576, 'D_high': 949.9072859745386, 'fire_exp': 1.0473002272689056, 'P_half': 39.03214299767183, 'pre_dampen_half': 1.823875297964684, 'gpp_af': 0.028585493941961918, 'gpp_b': 1.5938003265859821, 'gpp_d': 11.347624185662207, 'ign_k': 3.7173717478250508, 'ign_c': 14.367095138664217}.
[I 2026-08-06 02:25:19,179] Trial 806 finished with values: [10.598264522710732, 10.598264522710732] and parameters: {'k1': 0.025383218374507292, 'D_low': 18.522006003174383, 'k2': 3.5917714215176105e-05, 'D_high': 400.9149428326862, 'fire_exp': 1.010722707674549, 'P_half': 608.3019192425825, 'pre_dampen_half': 25.15960733455044, 'gpp_af': 0.11353829000087724, 'gpp_b': 1.5938003265859821, 'gpp_d': 158.2364439052928, 'ign_k': 7.799059237255681, 'ign_c': 3.735862630812751}.
[I 2026-08-06 02:25:20,157] Trial 807 finished with values: [10.769228272651581, 10.769228272651581] and parameters: {'k1': 0.021368329072358756, 'D_low': 7.068974950624602, 'k2': 1.1184534120760473e-05, 'D_high': 75773.14388518519, 'fire_exp': 7.943705287383083, 'P_half': 664.2027816373393, 'pre_dampen_half': 14.689898077648792, 'gpp_af': 0.028585493941961918, 'gpp_b': 2.7719116797094715e-05, 'gpp_d': 5.878566318396007, 'ign_k': 0.01474275315991467, 'ign_c': 14.367095138664217}.
[I 2026-08-06 02:25:21,122] Trial 808 finished with values: [10.392337732269732, 10.392337732269732] and parameters: {'k1': 0.03232155805617897, 'D_low': 9.330007965781027, 'k2': 0.0499774937030317, 'D_high': 949.9072859745386, 'fire_exp': 1.0473002272689056, 'P_half': 664.2027816373393, 'pre_dampen_half': 14.689898077648792, 'gpp_af': 22.766850248686247, 'gpp_b': 1.5938003265859821, 'gpp_d': 5.878566318396007, 'ign_k': 0.0037322156377670697, 'ign_c': 2.592301536155855}.
[I 2026-08-06 02:25:22,388] Trial 809 finished with values: [-0.49405969036820546, 0.028955682936330773] and parameters: {'k1': 0.021368329072358756, 'D_low': 7.068974950624602, 'k2': 1.4378290221680118e-05, 'D_high': 75773.14388518519, 'fire_exp': 1.1044852285094786, 'P_half': 125.61043700013555, 'pre_dampen_half': 1.4445251022763053, 'gpp_af': 0.028585493941961918, 'gpp_b': 2.7719116797094715e-05, 'gpp_d': 300.3420512048734, 'ign_k': 0.01474275315991467, 'ign_c': 0.8794311679173451}.
