[I 2026-06-08 12:34:30,754] Trial 1292 finished with values: [-0.5862225983664089, 0.03780143528361202] and parameters: {'k1': 0.03635503353478365, 'D_low': 1.9623826481168343, 'k2': 0.012758211164590085, 'D_high': 1493.5213816355397, 'fire_exp': 1.165368636520435, 'P_half': 4.213183643253957, 'pre_dampen_half': 107.40052367919465, 'gpp_af': 0.017199513788543352, 'gpp_b': 0.0005752434266899163, 'gpp_d': 660.9129108295722, 'ign_k': 8.708806168038567, 'ign_c': 20.03995359361212, 'trop_agb_crit': 3.5747129226002423, 'trop_k_veg': 2.194427136482602}.
[I 2026-06-08 12:34:32,020] Trial 1293 finished with values: [10.311646588638954, 10.311646588638954] and parameters: {'k1': 0.008471801418819975, 'D_low': 38.82837025280678, 'k2': 6.59971370969243e-05, 'D_high': 2940.51756322311, 'fire_exp': 1.165368636520435, 'P_half': 220.3445560633069, 'pre_dampen_half': 244.9911468744101, 'gpp_af': 0.10409127568994281, 'gpp_b': 0.0005752434266899163, 'gpp_d': 84.31013932082456, 'ign_k': 8.708806168038567, 'ign_c': 20.03995359361212, 'trop_agb_crit': 1.0911298587990423, 'trop_k_veg': 6.2065960186008615}.
[I 2026-06-08 12:34:33,258] Trial 1294 finished with values: [10.0399733956983, 10.0399733956983] and parameters: {'k1': 0.008471801418819975, 'D_low': 1.9623826481168343, 'k2': 0.0012040762895973265, 'D_high': 1493.5213816355397, 'fire_exp': 1.165368636520435, 'P_half': 4.213183643253957, 'pre_dampen_half': 107.40052367919465, 'gpp_af': 0.1476584299248268, 'gpp_b': 0.0005752434266899163, 'gpp_d': 660.9129108295722, 'ign_k': 8.708806168038567, 'ign_c': 20.03995359361212, 'trop_agb_crit': 3.5747129226002423, 'trop_k_veg': 6.2065960186008615}.
[I 2026-06-08 12:34:34,509] Trial 1295 finished with values: [10.892451336010328, 10.892451336010328] and parameters: {'k1': 0.008471801418819975, 'D_low': 3298.583025790192, 'k2': 0.012758211164590085, 'D_high': 2940.51756322311, 'fire_exp': 1.165368636520435, 'P_half': 12.808863354047988, 'pre_dampen_half': 107.40052367919465, 'gpp_af': 0.10409127568994281, 'gpp_b': 0.0005752434266899163, 'gpp_d': 660.9129108295722, 'ign_k': 3.0360834202771856, 'ign_c': 20.03995359361212, 'trop_agb_crit': 3.5747129226002423, 'trop_k_veg': 6.2065960186008615}.
[I 2026-06-08 12:34:35,664] Trial 1296 finished with values: [-0.5655222540275162, 0.0668872415386822] and parameters: {'k1': 0.01889771394135163, 'D_low': 9.019549482887358, 'k2': 0.0012040762895973265, 'D_high': 1493.5213816355397, 'fire_exp': 1.165368636520435, 'P_half': 63.82008477114845, 'pre_dampen_half': 841.294947480074, 'gpp_af': 0.1476584299248268, 'gpp_b': 0.0005752434266899163, 'gpp_d': 84.31013932082456, 'ign_k': 2.1368329072358767, 'ign_c': 20.03995359361212, 'trop_agb_crit': 1.0911298587990423, 'trop_k_veg': 0.7000576665556255}.
[I 2026-06-08 12:34:36,852] Trial 1297 finished with values: [10.083995745010812, 10.083995745010812] and parameters: {'k1': 0.01889771394135163, 'D_low': 1.9623826481168343, 'k2': 0.0012040762895973265, 'D_high': 1493.5213816355397, 'fire_exp': 1.165368636520435, 'P_half': 220.3445560633069, 'pre_dampen_half': 72.45400246802097, 'gpp_af': 0.1476584299248268, 'gpp_b': 0.0005752434266899163, 'gpp_d': 84.31013932082456, 'ign_k': 0.0012843094700513468, 'ign_c': 20.03995359361212, 'trop_agb_crit': 7.500118950416987, 'trop_k_veg': 6.2065960186008615}.
[I 2026-06-08 12:34:38,007] Trial 1298 finished with values: [10.8482899400047, 10.8482899400047] and parameters: {'k1': 0.01889771394135163, 'D_low': 1.9623826481168343, 'k2': 0.0012040762895973265, 'D_high': 1493.5213816355397, 'fire_exp': 1.0601964743503993, 'P_half': 4.213183643253957, 'pre_dampen_half': 0.021184731123199272, 'gpp_af': 0.017199513788543352, 'gpp_b': 0.0005752434266899163, 'gpp_d': 0.986538195779616, 'ign_k': 8.708806168038567, 'ign_c': 20.03995359361212, 'trop_agb_crit': 1.0911298587990423, 'trop_k_veg': 2.4978545597116653}.
[I 2026-06-08 12:34:39,211] Trial 1299 finished with values: [-0.5711985462301047, 0.08255038223373046] and parameters: {'k1': 0.01889771394135163, 'D_low': 2.143851363193517, 'k2': 0.0007173407578159455, 'D_high': 1493.5213816355397, 'fire_exp': 1.165368636520435, 'P_half': 4.213183643253957, 'pre_dampen_half': 107.40052367919465, 'gpp_af': 10.178541681137117, 'gpp_b': 0.0005752434266899163, 'gpp_d': 232.60260771259067, 'ign_k': 6.705921794825829, 'ign_c': 20.03995359361212, 'trop_agb_crit': 7.500118950416987, 'trop_k_veg': 2.194427136482602}.
[I 2026-06-08 12:34:40,542] Trial 1300 finished with values: [-0.5864949494467548, 0.03646153506597294] and parameters: {'k1': 0.03635503353478365, 'D_low': 70.18267183720735, 'k2': 0.04333919331865372, 'D_high': 1493.5213816355397, 'fire_exp': 1.165368636520435, 'P_half': 4.213183643253957, 'pre_dampen_half': 107.40052367919465, 'gpp_af': 0.10409127568994281, 'gpp_b': 0.0005752434266899163, 'gpp_d': 84.31013932082456, 'ign_k': 8.708806168038567, 'ign_c': 20.03995359361212, 'trop_agb_crit': 3.5747129226002423, 'trop_k_veg': 2.194427136482602}.
[I 2026-06-08 12:34:41,826] Trial 1301 finished with values: [10.186724957527469, 10.186724957527469] and parameters: {'k1': 0.008471801418819975, 'D_low': 2.143851363193517, 'k2': 0.012758211164590085, 'D_high': 1493.5213816355397, 'fire_exp': 1.165368636520435, 'P_half': 220.3445560633069, 'pre_dampen_half': 107.40052367919465, 'gpp_af': 0.1588528422491509, 'gpp_b': 0.017069106484260625, 'gpp_d': 150.14555442537656, 'ign_k': 8.708806168038567, 'ign_c': 20.03995359361212, 'trop_agb_crit': 4.789307037039607, 'trop_k_veg': 2.194427136482602}.
[I 2026-06-08 12:34:42,981] Trial 1302 finished with values: [10.031975381443969, 10.031975381443969] and parameters: {'k1': 0.01889771394135163, 'D_low': 1.9623826481168343, 'k2': 0.000980054060008331, 'D_high': 1493.5213816355397, 'fire_exp': 1.2748928925302399, 'P_half': 4.213183643253957, 'pre_dampen_half': 107.40052367919465, 'gpp_af': 0.10409127568994281, 'gpp_b': 0.0005752434266899163, 'gpp_d': 150.14555442537656, 'ign_k': 8.708806168038567, 'ign_c': 20.03995359361212, 'trop_agb_crit': 7.500118950416987, 'trop_k_veg': 2.194427136482602}.
[I 2026-06-08 12:34:44,104] Trial 1303 finished with values: [-0.5842483540349445, 0.03759347170242999] and parameters: {'k1': 0.03635503353478365, 'D_low': 1.9623826481168343, 'k2': 0.004237604478368561, 'D_high': 1493.5213816355397, 'fire_exp': 1.165368636520435, 'P_half': 4.213183643253957, 'pre_dampen_half': 107.40052367919465, 'gpp_af': 0.017199513788543352, 'gpp_b': 0.0005752434266899163, 'gpp_d': 660.9129108295722, 'ign_k': 8.708806168038567, 'ign_c': 20.03995359361212, 'trop_agb_crit': 3.5747129226002423, 'trop_k_veg': 2.194427136482602}.
[I 2026-06-08 12:34:45,374] Trial 1304 finished with values: [10.059602293515775, 10.059602293515775] and parameters: {'k1': 0.01889771394135163, 'D_low': 70.18267183720735, 'k2': 0.012758211164590085, 'D_high': 2940.51756322311, 'fire_exp': 1.165368636520435, 'P_half': 12.808863354047988, 'pre_dampen_half': 502.5175192217655, 'gpp_af': 0.1476584299248268, 'gpp_b': 0.0005752434266899163, 'gpp_d': 660.9129108295722, 'ign_k': 8.708806168038567, 'ign_c': 20.03995359361212, 'trop_agb_crit': 1.0911298587990423, 'trop_k_veg': 6.9782110227926815}.
[I 2026-06-08 12:34:46,685] Trial 1305 finished with values: [-0.586797336980737, 0.05584911726618891] and parameters: {'k1': 0.019427308755001847, 'D_low': 1.3577269394141454, 'k2': 0.0012040762895973265, 'D_high': 2940.51756322311, 'fire_exp': 1.165368636520435, 'P_half': 220.3445560633069, 'pre_dampen_half': 107.40052367919465, 'gpp_af': 0.10409127568994281, 'gpp_b': 0.0019165495198471324, 'gpp_d': 84.31013932082456, 'ign_k': 8.708806168038567, 'ign_c': 20.03995359361212, 'trop_agb_crit': 13.985331027461328, 'trop_k_veg': 6.2065960186008615}.
[I 2026-06-08 12:34:47,953] Trial 1306 finished with values: [10.879401405743213, 10.879401405743213] and parameters: {'k1': 0.008471801418819975, 'D_low': 2.143851363193517, 'k2': 0.0012040762895973265, 'D_high': 1493.5213816355397, 'fire_exp': 9.21460353030674, 'P_half': 12.808863354047988, 'pre_dampen_half': 107.40052367919465, 'gpp_af': 0.010443168746673469, 'gpp_b': 0.0005752434266899163, 'gpp_d': 1.1207905189367506, 'ign_k': 6.705921794825829, 'ign_c': 20.03995359361212, 'trop_agb_crit': 5.929544346558723, 'trop_k_veg': 2.194427136482602}.
[I 2026-06-08 12:34:49,489] Trial 1307 finished with values: [10.03662775999407, 10.03662775999407] and parameters: {'k1': 0.01889771394135163, 'D_low': 38.82837025280678, 'k2': 0.0012040762895973265, 'D_high': 2940.51756322311, 'fire_exp': 1.165368636520435, 'P_half': 12.808863354047988, 'pre_dampen_half': 107.40052367919465, 'gpp_af': 0.05511595477601767, 'gpp_b': 0.0005752434266899163, 'gpp_d': 84.31013932082456, 'ign_k': 8.708806168038567, 'ign_c': 20.03995359361212, 'trop_agb_crit': 1.0911298587990423, 'trop_k_veg': 1.1084562524454336}.
[I 2026-06-08 12:34:50,643] Trial 1308 finished with values: [-0.5903779013145393, 0.0642200335251295] and parameters: {'k1': 0.008471801418819975, 'D_low': 4.484744524732794, 'k2': 0.012758211164590085, 'D_high': 3658.5185277368187, 'fire_exp': 1.165368636520435, 'P_half': 220.3445560633069, 'pre_dampen_half': 107.40052367919465, 'gpp_af': 1.200191344086032, 'gpp_b': 0.0005752434266899163, 'gpp_d': 150.14555442537656, 'ign_k': 8.708806168038567, 'ign_c': 20.03995359361212, 'trop_agb_crit': 4.789307037039607, 'trop_k_veg': 4.5046583040732875}.
[I 2026-06-08 12:34:51,815] Trial 1309 finished with values: [10.637610389601416, 10.637610389601416] and parameters: {'k1': 0.01889771394135163, 'D_low': 4.484744524732794, 'k2': 0.012758211164590085, 'D_high': 2940.51756322311, 'fire_exp': 1.165368636520435, 'P_half': 12.808863354047988, 'pre_dampen_half': 7.72621571462232, 'gpp_af': 0.1476584299248268, 'gpp_b': 0.06419400996240236, 'gpp_d': 1.1207905189367506, 'ign_k': 8.708806168038567, 'ign_c': 15.221840161091626, 'trop_agb_crit': 1.0911298587990423, 'trop_k_veg': 2.4978545597116653}.
[I 2026-06-08 12:34:53,018] Trial 1310 finished with values: [10.886660572480935, 10.886660572480935] and parameters: {'k1': 0.01889771394135163, 'D_low': 1554.7359415440887, 'k2': 0.012758211164590085, 'D_high': 1493.5213816355397, 'fire_exp': 1.165368636520435, 'P_half': 4.213183643253957, 'pre_dampen_half': 107.40052367919465, 'gpp_af': 1.200191344086032, 'gpp_b': 0.0005752434266899163, 'gpp_d': 150.14555442537656, 'ign_k': 8.708806168038567, 'ign_c': 20.03995359361212, 'trop_agb_crit': 1.0911298587990423, 'trop_k_veg': 2.573214588078609}.
[I 2026-06-08 12:34:54,220] Trial 1311 finished with values: [10.004860627503334, 10.004860627503334] and parameters: {'k1': 0.03635503353478365, 'D_low': 38.3602907874811, 'k2': 0.012758211164590085, 'D_high': 2940.51756322311, 'fire_exp': 1.165368636520435, 'P_half': 12.808863354047988, 'pre_dampen_half': 107.40052367919465, 'gpp_af': 0.1476584299248268, 'gpp_b': 0.0005752434266899163, 'gpp_d': 660.9129108295722, 'ign_k': 4.57467529327748, 'ign_c': 20.03995359361212, 'trop_agb_crit': 3.5747129226002423, 'trop_k_veg': 6.9782110227926815}.
[I 2026-06-08 12:34:55,678] Trial 1312 finished with values: [10.520208637103185, 10.520208637103185] and parameters: {'k1': 0.01889771394135163, 'D_low': 38.82837025280678, 'k2': 0.0012040762895973265, 'D_high': 2940.51756322311, 'fire_exp': 3.4121559122647493, 'P_half': 12.808863354047988, 'pre_dampen_half': 502.5175192217655, 'gpp_af': 0.0061627438103753155, 'gpp_b': 0.0005752434266899163, 'gpp_d': 84.31013932082456, 'ign_k': 8.708806168038567, 'ign_c': 20.03995359361212, 'trop_agb_crit': 1.0911298587990423, 'trop_k_veg': 1.9358464828856796}.
[I 2026-06-08 12:34:56,991] Trial 1313 finished with values: [-0.5900737024040295, 0.08582480050198549] and parameters: {'k1': 0.008471801418819975, 'D_low': 2.143851363193517, 'k2': 0.012758211164590085, 'D_high': 6075.702114214176, 'fire_exp': 1.165368636520435, 'P_half': 12.808863354047988, 'pre_dampen_half': 107.40052367919465, 'gpp_af': 0.1476584299248268, 'gpp_b': 0.0005752434266899163, 'gpp_d': 10.369565216756202, 'ign_k': 8.708806168038567, 'ign_c': 20.03995359361212, 'trop_agb_crit': 1.0911298587990423, 'trop_k_veg': 6.2065960186008615}.
[I 2026-06-08 12:34:58,120] Trial 1314 finished with values: [10.461538536795535, 10.461538536795535] and parameters: {'k1': 0.03635503353478365, 'D_low': 70.18267183720735, 'k2': 0.012758211164590085, 'D_high': 2940.51756322311, 'fire_exp': 1.165368636520435, 'P_half': 1489.5167857414556, 'pre_dampen_half': 107.40052367919465, 'gpp_af': 0.1476584299248268, 'gpp_b': 0.0005752434266899163, 'gpp_d': 660.9129108295722, 'ign_k': 8.708806168038567, 'ign_c': 20.03995359361212, 'trop_agb_crit': 3.5747129226002423, 'trop_k_veg': 1.2033419844148296}.
[I 2026-06-08 12:34:59,284] Trial 1315 finished with values: [-0.5795837383591831, 0.05633259999095497] and parameters: {'k1': 0.026835953334046134, 'D_low': 1.3577269394141454, 'k2': 0.0012040762895973265, 'D_high': 1493.5213816355397, 'fire_exp': 1.165368636520435, 'P_half': 4.213183643253957, 'pre_dampen_half': 107.40052367919465, 'gpp_af': 0.1476584299248268, 'gpp_b': 0.0005752434266899163, 'gpp_d': 84.31013932082456, 'ign_k': 8.708806168038567, 'ign_c': 20.03995359361212, 'trop_agb_crit': 7.500118950416987, 'trop_k_veg': 1.9358464828856796}.
[I 2026-06-08 12:35:01,466] Trial 1316 finished with values: [10.416252141348266, 10.416252141348266] and parameters: {'k1': 0.01889771394135163, 'D_low': 1.9623826481168343, 'k2': 0.0012040762895973265, 'D_high': 1493.5213816355397, 'fire_exp': 1.3170256885255098, 'P_half': 12.808863354047988, 'pre_dampen_half': 107.40052367919465, 'gpp_af': 33.940346662065195, 'gpp_b': 0.0021331409710300844, 'gpp_d': 29.749683811098393, 'ign_k': 8.708806168038567, 'ign_c': 20.03995359361212, 'trop_agb_crit': 1.0911298587990423, 'trop_k_veg': 7.963430468552991}.
[I 2026-06-08 12:35:03,383] Trial 1317 finished with values: [10.157767977651977, 10.157767977651977] and parameters: {'k1': 0.008471801418819975, 'D_low': 2.143851363193517, 'k2': 0.012758211164590085, 'D_high': 2940.51756322311, 'fire_exp': 1.165368636520435, 'P_half': 4.213183643253957, 'pre_dampen_half': 107.40052367919465, 'gpp_af': 0.1588528422491509, 'gpp_b': 0.0005752434266899163, 'gpp_d': 0.24239431891241692, 'ign_k': 8.708806168038567, 'ign_c': 20.03995359361212, 'trop_agb_crit': 1.0911298587990423, 'trop_k_veg': 2.194427136482602}.
[I 2026-06-08 12:35:04,635] Trial 1318 finished with values: [10.619820626504856, 10.619820626504856] and parameters: {'k1': 0.01889771394135163, 'D_low': 1.3577269394141454, 'k2': 0.012758211164590085, 'D_high': 1493.5213816355397, 'fire_exp': 9.62767613678815, 'P_half': 4.213183643253957, 'pre_dampen_half': 107.40052367919465, 'gpp_af': 0.1588528422491509, 'gpp_b': 0.0005752434266899163, 'gpp_d': 84.31013932082456, 'ign_k': 6.891386015952696, 'ign_c': 20.03995359361212, 'trop_agb_crit': 7.500118950416987, 'trop_k_veg': 2.194427136482602}.
[I 2026-06-08 12:35:05,758] Trial 1319 finished with values: [10.23214401140291, 10.23214401140291] and parameters: {'k1': 0.01889771394135163, 'D_low': 1.3577269394141454, 'k2': 0.0012040762895973265, 'D_high': 2940.51756322311, 'fire_exp': 1.0601964743503993, 'P_half': 4.213183643253957, 'pre_dampen_half': 107.40052367919465, 'gpp_af': 0.10409127568994281, 'gpp_b': 6.986652907140114e-05, 'gpp_d': 0.986538195779616, 'ign_k': 5.595401979134829, 'ign_c': 20.03995359361212, 'trop_agb_crit': 7.500118950416987, 'trop_k_veg': 2.194427136482602}.
[I 2026-06-08 12:35:07,277] Trial 1320 finished with values: [10.009809256554188, 10.009809256554188] and parameters: {'k1': 0.03635503353478365, 'D_low': 1.3577269394141454, 'k2': 0.0012040762895973265, 'D_high': 1493.5213816355397, 'fire_exp': 1.165368636520435, 'P_half': 4.213183643253957, 'pre_dampen_half': 107.40052367919465, 'gpp_af': 0.01023477599883959, 'gpp_b': 0.0005752434266899163, 'gpp_d': 150.14555442537656, 'ign_k': 8.708806168038567, 'ign_c': 20.03995359361212, 'trop_agb_crit': 7.500118950416987, 'trop_k_veg': 2.573214588078609}.
[I 2026-06-08 12:35:09,234] Trial 1321 finished with values: [10.188898154649937, 10.188898154649937] and parameters: {'k1': 5.456314022643801e-05, 'D_low': 1.3577269394141454, 'k2': 0.03766680988255312, 'D_high': 1493.5213816355397, 'fire_exp': 1.165368636520435, 'P_half': 12.808863354047988, 'pre_dampen_half': 107.40052367919465, 'gpp_af': 0.10409127568994281, 'gpp_b': 0.0005752434266899163, 'gpp_d': 18.683694679300007, 'ign_k': 8.708806168038567, 'ign_c': 20.03995359361212, 'trop_agb_crit': 7.500118950416987, 'trop_k_veg': 2.194427136482602}.
[I 2026-06-08 12:35:10,964] Trial 1322 finished with values: [-0.5072114102347247, 0.2863707184066321] and parameters: {'k1': 0.008471801418819975, 'D_low': 4.484744524732794, 'k2': 0.012758211164590085, 'D_high': 2940.51756322311, 'fire_exp': 1.165368636520435, 'P_half': 220.3445560633069, 'pre_dampen_half': 107.40052367919465, 'gpp_af': 1.200191344086032, 'gpp_b': 0.0005752434266899163, 'gpp_d': 84.31013932082456, 'ign_k': 0.004058982070039651, 'ign_c': 20.03995359361212, 'trop_agb_crit': 1.0911298587990423, 'trop_k_veg': 1.9358464828856796}.
[I 2026-06-08 12:35:12,216] Trial 1323 finished with values: [10.856476643711211, 10.856476643711211] and parameters: {'k1': 0.01889771394135163, 'D_low': 38.82837025280678, 'k2': 0.0012040762895973265, 'D_high': 577.1566094775104, 'fire_exp': 1.3170256885255098, 'P_half': 220.3445560633069, 'pre_dampen_half': 107.40052367919465, 'gpp_af': 0.10409127568994281, 'gpp_b': 0.0005752434266899163, 'gpp_d': 84.31013932082456, 'ign_k': 8.708806168038567, 'ign_c': 28.919587916447927, 'trop_agb_crit': 1.0911298587990423, 'trop_k_veg': 1.9358464828856796}.
[I 2026-06-08 12:35:13,354] Trial 1324 finished with values: [-0.5834952946136349, 0.03899217432151625] and parameters: {'k1': 0.008471801418819975, 'D_low': 2.143851363193517, 'k2': 0.012758211164590085, 'D_high': 1493.5213816355397, 'fire_exp': 1.165368636520435, 'P_half': 2.1570307680573153, 'pre_dampen_half': 107.40052367919465, 'gpp_af': 0.1476584299248268, 'gpp_b': 0.0005752434266899163, 'gpp_d': 1.1207905189367506, 'ign_k': 8.708806168038567, 'ign_c': 20.03995359361212, 'trop_agb_crit': 3.5747129226002423, 'trop_k_veg': 5.774377687181984}.
[I 2026-06-08 12:35:14,490] Trial 1325 finished with values: [10.170629531311606, 10.170629531311606] and parameters: {'k1': 0.004312951023617458, 'D_low': 38.82837025280678, 'k2': 0.012758211164590085, 'D_high': 2940.51756322311, 'fire_exp': 1.165368636520435, 'P_half': 220.3445560633069, 'pre_dampen_half': 107.40052367919465, 'gpp_af': 0.1476584299248268, 'gpp_b': 0.0005752434266899163, 'gpp_d': 10.369565216756202, 'ign_k': 8.708806168038567, 'ign_c': 20.03995359361212, 'trop_agb_crit': 1.0911298587990423, 'trop_k_veg': 1.9358464828856796}.
[I 2026-06-08 12:35:15,597] Trial 1326 finished with values: [-0.5326293436398727, 0.14183932121607568] and parameters: {'k1': 0.01889771394135163, 'D_low': 1.3577269394141454, 'k2': 0.0012040762895973265, 'D_high': 1493.5213816355397, 'fire_exp': 1.165368636520435, 'P_half': 4.213183643253957, 'pre_dampen_half': 104.23598559895899, 'gpp_af': 0.10409127568994281, 'gpp_b': 0.0005752434266899163, 'gpp_d': 150.14555442537656, 'ign_k': 0.10491246574185645, 'ign_c': 20.03995359361212, 'trop_agb_crit': 7.500118950416987, 'trop_k_veg': 2.194427136482602}.
[I 2026-06-08 12:35:16,906] Trial 1327 finished with values: [10.08150774507732, 10.08150774507732] and parameters: {'k1': 0.03635503353478365, 'D_low': 1.9623826481168343, 'k2': 0.012758211164590085, 'D_high': 1493.5213816355397, 'fire_exp': 1.165368636520435, 'P_half': 4.213183643253957, 'pre_dampen_half': 107.40052367919465, 'gpp_af': 0.1476584299248268, 'gpp_b': 0.0005752434266899163, 'gpp_d': 660.9129108295722, 'ign_k': 8.708806168038567, 'ign_c': 20.03995359361212, 'trop_agb_crit': 7.500118950416987, 'trop_k_veg': 6.2065960186008615}.
[I 2026-06-08 12:35:18,182] Trial 1328 finished with values: [10.24649219304779, 10.24649219304779] and parameters: {'k1': 0.01889771394135163, 'D_low': 1.3577269394141454, 'k2': 0.012758211164590085, 'D_high': 1493.5213816355397, 'fire_exp': 1.165368636520435, 'P_half': 220.3445560633069, 'pre_dampen_half': 684.9093205085047, 'gpp_af': 0.05511595477601767, 'gpp_b': 0.0005752434266899163, 'gpp_d': 84.31013932082456, 'ign_k': 8.708806168038567, 'ign_c': 20.03995359361212, 'trop_agb_crit': 7.500118950416987, 'trop_k_veg': 1.5922246657536958}.
[I 2026-06-08 12:35:19,368] Trial 1329 finished with values: [-0.5852307265848506, 0.036726954389144195] and parameters: {'k1': 0.03635503353478365, 'D_low': 70.18267183720735, 'k2': 0.012758211164590085, 'D_high': 1493.5213816355397, 'fire_exp': 1.165368636520435, 'P_half': 220.3445560633069, 'pre_dampen_half': 502.5175192217655, 'gpp_af': 0.1476584299248268, 'gpp_b': 0.0005752434266899163, 'gpp_d': 660.9129108295722, 'ign_k': 8.708806168038567, 'ign_c': 20.03995359361212, 'trop_agb_crit': 3.5747129226002423, 'trop_k_veg': 1.9358464828856796}.
[I 2026-06-08 12:35:20,648] Trial 1330 finished with values: [10.584666667287996, 10.584666667287996] and parameters: {'k1': 0.01889771394135163, 'D_low': 1.3577269394141454, 'k2': 0.0012040762895973265, 'D_high': 2940.51756322311, 'fire_exp': 1.165368636520435, 'P_half': 4.213183643253957, 'pre_dampen_half': 832.8208611404456, 'gpp_af': 0.05511595477601767, 'gpp_b': 0.0005752434266899163, 'gpp_d': 150.14555442537656, 'ign_k': 5.595401979134829, 'ign_c': 20.03995359361212, 'trop_agb_crit': 7.500118950416987, 'trop_k_veg': 2.194427136482602}.
