[I 2026-07-24 02:13:30,054] Trial 992 finished with value: 0.4352236663637964 and parameters: {'k1': 1.886314720692215e-05, 'D_low': 34.20322607662704, 'k2': 0.013592425199021286, 'D_high': 1486080.9385204029, 'fire_exp': 1.0183834485956933, 'P_half': 17.370446286842768, 'pre_dampen_half': 0.0608393415696093, 'gpp_af': 0.004137390778694544, 'gpp_b': 0.0013563750663655705, 'gpp_d': 117.93131505204799, 'ign_k': 0.19997521543955932, 'ign_c': 0.7038526406416554, 'trop_agb_crit': 2.4994403136963688, 'trop_k_veg': 0.9491492282490046, 'gdp_gamma': 0.6854064053388815, 'fuel_k': 0.10382914869263649, 'fuel_half': 0.1937329736628108}. Best is trial 335 with value: -0.6233152110406992.
[I 2026-07-24 02:13:30,512] Trial 993 finished with value: -0.5981968680276425 and parameters: {'k1': 2.6673294040425055e-05, 'D_low': 49.13299859190775, 'k2': 0.0009350179336830989, 'D_high': 7870509.080079678, 'fire_exp': 1.494303070215432, 'P_half': 2.8858280290928087, 'pre_dampen_half': 2.057406915237511, 'gpp_af': 0.020758337911621155, 'gpp_b': 3.822641913205535e-05, 'gpp_d': 0.47424383187428293, 'ign_k': 0.0029302286446613738, 'ign_c': 0.2591402510661018, 'trop_agb_crit': 1.3042061378762073, 'trop_k_veg': 1.3049399780256121, 'gdp_gamma': 0.7728676912894447, 'fuel_k': 0.1737434086349776, 'fuel_half': 0.6714444424028997}. Best is trial 335 with value: -0.6233152110406992.
[I 2026-07-24 02:13:30,968] Trial 994 finished with value: 0.4070560414453086 and parameters: {'k1': 0.00074505401273406, 'D_low': 102.29654152844206, 'k2': 0.04802291489690715, 'D_high': 339093.5547151199, 'fire_exp': 1.2026506796014567, 'P_half': 51.52598287011383, 'pre_dampen_half': 27.159882857374562, 'gpp_af': 0.14719911352759402, 'gpp_b': 2.196416080588523e-05, 'gpp_d': 49.44460272515161, 'ign_k': 0.009868291633440912, 'ign_c': 72.22072263749439, 'trop_agb_crit': 8.353381064821109, 'trop_k_veg': 1.7695919974210192, 'gdp_gamma': 0.4121113579106198, 'fuel_k': 0.037823059759449565, 'fuel_half': 47.97232434801017}. Best is trial 335 with value: -0.6233152110406992.
[I 2026-07-24 02:13:31,500] Trial 995 finished with value: 0.6041746099756201 and parameters: {'k1': 4.14188932613641e-05, 'D_low': 2.0882489954472416, 'k2': 0.0011150521887724077, 'D_high': 2607.6984902507484, 'fire_exp': 1.645068875037271, 'P_half': 1.8692929307964263, 'pre_dampen_half': 0.4239892554294805, 'gpp_af': 0.011987604018765176, 'gpp_b': 1.973353910495452e-05, 'gpp_d': 54.16863453569411, 'ign_k': 0.019745016970938965, 'ign_c': 1.4024918228520484, 'trop_agb_crit': 4.071504304266935, 'trop_k_veg': 0.6830976070239145, 'gdp_gamma': 0.2619383315579675, 'fuel_k': 0.02390918043306251, 'fuel_half': 1.5649796109771301}. Best is trial 335 with value: -0.6233152110406992.
[I 2026-07-24 02:13:31,956] Trial 996 finished with value: -0.562105086505432 and parameters: {'k1': 0.0001581892986020706, 'D_low': 19.704145959889143, 'k2': 0.0005254267550589272, 'D_high': 5179147.437873903, 'fire_exp': 1.4356798005863536, 'P_half': 13.277538305013753, 'pre_dampen_half': 0.03528213517121018, 'gpp_af': 0.09111357207058918, 'gpp_b': 1.8357495752101003e-05, 'gpp_d': 40.503612655904945, 'ign_k': 0.016295884946810616, 'ign_c': 1.3652454414110144, 'trop_agb_crit': 3.919078389889305, 'trop_k_veg': 0.6890526162134393, 'gdp_gamma': 1.404601747931627, 'fuel_k': 0.18663487854000343, 'fuel_half': 0.19824809940921498}. Best is trial 335 with value: -0.6233152110406992.
[I 2026-07-24 02:13:32,419] Trial 997 finished with value: 0.5487733972913144 and parameters: {'k1': 1.4065096822021805e-05, 'D_low': 315.8489634986525, 'k2': 0.003350479054718353, 'D_high': 1723420.499599223, 'fire_exp': 3.103730823986073, 'P_half': 2.4649171482826073, 'pre_dampen_half': 0.5870707364245519, 'gpp_af': 0.0027271029125579423, 'gpp_b': 0.00025438282762538727, 'gpp_d': 2.519807695839948, 'ign_k': 0.05411934560778815, 'ign_c': 0.7786777503171781, 'trop_agb_crit': 1.6956290168856776, 'trop_k_veg': 1.7283334406047879, 'gdp_gamma': 1.9670968869061187, 'fuel_k': 0.013752465431880153, 'fuel_half': 3.0970944863058008}. Best is trial 335 with value: -0.6233152110406992.
[I 2026-07-24 02:13:32,874] Trial 998 finished with value: 0.5156552476423539 and parameters: {'k1': 0.001491086797996869, 'D_low': 28.62615611022848, 'k2': 0.00026283961250187984, 'D_high': 3983476.086370626, 'fire_exp': 1.0749456429822382, 'P_half': 11.639737844326458, 'pre_dampen_half': 0.29450040989343546, 'gpp_af': 0.0016343313472304219, 'gpp_b': 1.864292841744249e-05, 'gpp_d': 0.19167788319994947, 'ign_k': 0.007635560875332643, 'ign_c': 11.330505198585962, 'trop_agb_crit': 1.3134764463867867, 'trop_k_veg': 3.295965099079698, 'gdp_gamma': 0.00629947460270291, 'fuel_k': 0.043660248473342385, 'fuel_half': 1.1690013273420472}. Best is trial 335 with value: -0.6233152110406992.
[I 2026-07-24 02:13:33,330] Trial 999 finished with value: 0.6445374145881376 and parameters: {'k1': 0.022567162290499022, 'D_low': 29.454611179203905, 'k2': 0.0008397499612663684, 'D_high': 25.888351098436793, 'fire_exp': 1.255782740497183, 'P_half': 157.2276813052594, 'pre_dampen_half': 0.20695685508646497, 'gpp_af': 1.1437859990661707, 'gpp_b': 0.08510402116609649, 'gpp_d': 0.12403735980291858, 'ign_k': 4.649351358908804, 'ign_c': 930.9478862837655, 'trop_agb_crit': 5.428214120428673, 'trop_k_veg': 0.8514690419505546, 'gdp_gamma': 0.6728484436099623, 'fuel_k': 1.0997067962467186, 'fuel_half': 35.32218549831998}. Best is trial 335 with value: -0.6233152110406992.
[I 2026-07-24 02:13:33,790] Trial 1000 finished with value: 0.43620424784519307 and parameters: {'k1': 3.643812770146986e-05, 'D_low': 9.372419989861756, 'k2': 0.0032691957216012205, 'D_high': 470492.7561321644, 'fire_exp': 1.0762877882754642, 'P_half': 1.3926882572015087, 'pre_dampen_half': 0.06268789125562947, 'gpp_af': 0.02847323560058664, 'gpp_b': 0.00013178837951867902, 'gpp_d': 220.02519621973053, 'ign_k': 0.34423747170569297, 'ign_c': 0.21841540004348592, 'trop_agb_crit': 1.4498494045348858, 'trop_k_veg': 0.7800053425357059, 'gdp_gamma': 0.3358815773226275, 'fuel_k': 0.01189510919975025, 'fuel_half': 0.12304088423876106}. Best is trial 335 with value: -0.6233152110406992.
[I 2026-07-24 02:13:34,243] Trial 1001 finished with value: 0.4161301294979646 and parameters: {'k1': 3.609848170486863e-05, 'D_low': 30.03961492168214, 'k2': 0.0014807136733502291, 'D_high': 1029725.3117653813, 'fire_exp': 1.6833947018218403, 'P_half': 3.4834903445311656, 'pre_dampen_half': 0.12415332681678455, 'gpp_af': 0.010600972067963054, 'gpp_b': 0.00011209624373108752, 'gpp_d': 13.032274934957291, 'ign_k': 0.11658946132046735, 'ign_c': 12.09705360201412, 'trop_agb_crit': 2.2866914343502303, 'trop_k_veg': 0.6177545048443599, 'gdp_gamma': 1.030220201376405, 'fuel_k': 0.017187176030102065, 'fuel_half': 0.325466370709573}. Best is trial 335 with value: -0.6233152110406992.
[I 2026-07-24 02:13:34,698] Trial 1002 finished with value: -0.6049014917428719 and parameters: {'k1': 0.00033051774854083897, 'D_low': 46.39100230323432, 'k2': 0.00027687772824169256, 'D_high': 1496942.8564294812, 'fire_exp': 1.2757457291913874, 'P_half': 9.389767571243844, 'pre_dampen_half': 1.9089488465453557, 'gpp_af': 0.00416189793189247, 'gpp_b': 0.00043926955178391684, 'gpp_d': 16.78011654710938, 'ign_k': 0.007756894429194521, 'ign_c': 6.389063555584008, 'trop_agb_crit': 1.0928178021867057, 'trop_k_veg': 1.583352073889106, 'gdp_gamma': 0.6416636761602615, 'fuel_k': 0.010383961149282885, 'fuel_half': 2.427029064096338}. Best is trial 335 with value: -0.6233152110406992.
[I 2026-07-24 02:13:35,155] Trial 1003 finished with value: 0.5130615939655448 and parameters: {'k1': 0.00014765156982962066, 'D_low': 10.271449893980193, 'k2': 0.00024504068450035903, 'D_high': 6528913.167642283, 'fire_exp': 1.152433401252257, 'P_half': 1.8828450026379364, 'pre_dampen_half': 3.2031653927878403, 'gpp_af': 0.005468760669675572, 'gpp_b': 0.0028523839605206843, 'gpp_d': 8.563643471954094, 'ign_k': 0.0030544302768532065, 'ign_c': 25.390233511078314, 'trop_agb_crit': 1.4345980281495472, 'trop_k_veg': 1.3520310398509454, 'gdp_gamma': 0.2776620592662473, 'fuel_k': 0.0234902818327402, 'fuel_half': 1.2052391342714657}. Best is trial 335 with value: -0.6233152110406992.
[I 2026-07-24 02:13:35,606] Trial 1004 finished with value: 0.5747799445040228 and parameters: {'k1': 5.383984532542982e-05, 'D_low': 2.841888325868526, 'k2': 9.29905910925568e-05, 'D_high': 7079.673408758982, 'fire_exp': 1.0575404878926569, 'P_half': 16.626804732948035, 'pre_dampen_half': 0.3103337437225664, 'gpp_af': 0.002271936490835074, 'gpp_b': 0.0006301130436084651, 'gpp_d': 1.0912278089729206, 'ign_k': 0.039760656356036726, 'ign_c': 29.267641986741925, 'trop_agb_crit': 1.0157483854983447, 'trop_k_veg': 5.681121550201365, 'gdp_gamma': 0.7241626744740408, 'fuel_k': 0.03362683460515079, 'fuel_half': 3.5859199667804473}. Best is trial 335 with value: -0.6233152110406992.
[I 2026-07-24 02:13:36,062] Trial 1005 finished with value: 0.5899606200756906 and parameters: {'k1': 0.0493309792242296, 'D_low': 3.686233029967641, 'k2': 0.001532563883252277, 'D_high': 4331.721499155533, 'fire_exp': 1.8969940819945756, 'P_half': 3.0116728340324883, 'pre_dampen_half': 0.907446823383546, 'gpp_af': 0.010885307981973916, 'gpp_b': 0.0005932467493160894, 'gpp_d': 0.9662529380633351, 'ign_k': 0.0011540832499777303, 'ign_c': 1.1440444775920582, 'trop_agb_crit': 1.100377524702097, 'trop_k_veg': 1.484269548038272, 'gdp_gamma': 1.0968285807448983, 'fuel_k': 0.040409412357374976, 'fuel_half': 1.7908861046792306}. Best is trial 335 with value: -0.6233152110406992.
[I 2026-07-24 02:13:36,530] Trial 1006 finished with value: 0.5806800109412538 and parameters: {'k1': 0.0005830767143873929, 'D_low': 15.332779338826619, 'k2': 1.322609127343492e-05, 'D_high': 54230.23579838332, 'fire_exp': 2.4540727569906204, 'P_half': 28.696559122068507, 'pre_dampen_half': 0.054006149677282615, 'gpp_af': 5.008814421542989, 'gpp_b': 0.0012217046114561493, 'gpp_d': 0.7906070183488907, 'ign_k': 0.06787078603867065, 'ign_c': 0.13126498107351056, 'trop_agb_crit': 1.6111860826077216, 'trop_k_veg': 0.9264668241355616, 'gdp_gamma': 1.489304571486493, 'fuel_k': 0.034337837693638365, 'fuel_half': 4.36226357476387}. Best is trial 335 with value: -0.6233152110406992.
[I 2026-07-24 02:13:36,986] Trial 1007 finished with value: 0.6445374145881376 and parameters: {'k1': 0.0034584707907860867, 'D_low': 1875.341052196039, 'k2': 0.00020068409183044436, 'D_high': 120876.35658190149, 'fire_exp': 1.3516533369220838, 'P_half': 3.767790154203905, 'pre_dampen_half': 46.24632347033745, 'gpp_af': 0.009955929088228154, 'gpp_b': 0.001964133539513791, 'gpp_d': 0.37138688950589266, 'ign_k': 0.13362739087570397, 'ign_c': 278.3722852441295, 'trop_agb_crit': 23.85214579815243, 'trop_k_veg': 1.8012885723103544, 'gdp_gamma': 1.1393118504302944, 'fuel_k': 1.0291745807873824, 'fuel_half': 50.0746284443448}. Best is trial 335 with value: -0.6233152110406992.
[I 2026-07-24 02:13:37,440] Trial 1008 finished with value: 0.5525299858344083 and parameters: {'k1': 0.000791429333707133, 'D_low': 5.906773149371138, 'k2': 0.001350149388790673, 'D_high': 3484012.163973581, 'fire_exp': 2.593813718951823, 'P_half': 8.704313004083504, 'pre_dampen_half': 24.843458561099204, 'gpp_af': 0.0013575017514877224, 'gpp_b': 5.194281973402443e-05, 'gpp_d': 14.165336390481269, 'ign_k': 0.0017431984777316225, 'ign_c': 610.2087373817877, 'trop_agb_crit': 29.92577908555963, 'trop_k_veg': 2.0208939746280095, 'gdp_gamma': 1.5626543267076052, 'fuel_k': 0.03719318745650579, 'fuel_half': 98.45255655809856}. Best is trial 335 with value: -0.6233152110406992.
[I 2026-07-24 02:13:37,897] Trial 1009 finished with value: 0.5271922095063003 and parameters: {'k1': 0.0009528898845926296, 'D_low': 6.110755190124812, 'k2': 6.480004421552348e-05, 'D_high': 580425.1868608361, 'fire_exp': 2.2512665059324957, 'P_half': 24.87693532774178, 'pre_dampen_half': 0.18977021856324433, 'gpp_af': 0.00435393058902871, 'gpp_b': 0.000825549449222435, 'gpp_d': 25.187950343947062, 'ign_k': 0.005679815274145221, 'ign_c': 3.783507952034071, 'trop_agb_crit': 3.0500806054946135, 'trop_k_veg': 2.209284840147742, 'gdp_gamma': 1.232248233721834, 'fuel_k': 0.05198163416477968, 'fuel_half': 5.329923462384997}. Best is trial 335 with value: -0.6233152110406992.
[I 2026-07-24 02:13:38,347] Trial 1010 finished with value: 0.4741412489015979 and parameters: {'k1': 0.00010074701925802802, 'D_low': 247.38906567493746, 'k2': 0.033990663512644605, 'D_high': 8242064.658592148, 'fire_exp': 1.9040452584286953, 'P_half': 1.5586302421422895, 'pre_dampen_half': 5.6277657311548355, 'gpp_af': 0.00746706719032323, 'gpp_b': 1.4645456347868592e-05, 'gpp_d': 5.331377575133414, 'ign_k': 0.06622401852527679, 'ign_c': 20.158286699516236, 'trop_agb_crit': 1.5674796844944276, 'trop_k_veg': 1.1930488017847656, 'gdp_gamma': 0.1896569514139542, 'fuel_k': 0.0791223020628892, 'fuel_half': 1.4143754202667227}. Best is trial 335 with value: -0.6233152110406992.
[I 2026-07-24 02:13:38,806] Trial 1011 finished with value: 0.5191599525731668 and parameters: {'k1': 1.9787351540079726e-05, 'D_low': 90.18189437209259, 'k2': 0.00201207256473979, 'D_high': 7375966.742768723, 'fire_exp': 2.032858460265561, 'P_half': 2.3156555999619894, 'pre_dampen_half': 0.23199070417322357, 'gpp_af': 0.0027639730976922695, 'gpp_b': 4.1725481206134474e-05, 'gpp_d': 1.501191705330428, 'ign_k': 0.010885307786732324, 'ign_c': 0.3990829272998277, 'trop_agb_crit': 4.622129401050467, 'trop_k_veg': 0.7086066339593742, 'gdp_gamma': 1.2152141517170565, 'fuel_k': 0.023970227879885373, 'fuel_half': 1.4908934312955722}. Best is trial 335 with value: -0.6233152110406992.
[I 2026-07-24 02:13:39,270] Trial 1012 finished with value: 0.5654007868228884 and parameters: {'k1': 0.00016262448668920512, 'D_low': 3483.2526766876563, 'k2': 3.9857635808370486e-05, 'D_high': 238000.09144263042, 'fire_exp': 1.1087859598781118, 'P_half': 2.601331369821687, 'pre_dampen_half': 0.3131456875113596, 'gpp_af': 0.019598272345242747, 'gpp_b': 0.011948504429428564, 'gpp_d': 52.26663510874891, 'ign_k': 0.013172210637318833, 'ign_c': 2.971638509541293, 'trop_agb_crit': 1.527283177793844, 'trop_k_veg': 2.275179509384822, 'gdp_gamma': 0.09523398884809102, 'fuel_k': 0.010842355264414306, 'fuel_half': 4.062891573417094}. Best is trial 335 with value: -0.6233152110406992.
[I 2026-07-24 02:13:39,729] Trial 1013 finished with value: 0.4671007217387968 and parameters: {'k1': 3.1023164835608295e-05, 'D_low': 29.463318263675667, 'k2': 0.0002930859873738753, 'D_high': 49699.844860029945, 'fire_exp': 1.2885135483344154, 'P_half': 2.6927993798200243, 'pre_dampen_half': 0.20546615217611114, 'gpp_af': 0.3890873134879267, 'gpp_b': 0.00023264215360666984, 'gpp_d': 53.083274145089455, 'ign_k': 0.01949562960657583, 'ign_c': 1.446215348679444, 'trop_agb_crit': 3.0741530605035416, 'trop_k_veg': 0.5488389668647121, 'gdp_gamma': 1.4293384988283229, 'fuel_k': 0.02015366471232877, 'fuel_half': 0.2620410521875435}. Best is trial 335 with value: -0.6233152110406992.
[I 2026-07-24 02:13:40,187] Trial 1014 finished with value: 0.4276566793156086 and parameters: {'k1': 0.0020401267404460788, 'D_low': 2.49344587970329, 'k2': 0.00012458935534054763, 'D_high': 1336241.9335113338, 'fire_exp': 5.378416301024328, 'P_half': 6.593562938858855, 'pre_dampen_half': 19.380799232087423, 'gpp_af': 0.03594269191182147, 'gpp_b': 0.0002532473910178222, 'gpp_d': 34.76215598049949, 'ign_k': 0.6682208977399726, 'ign_c': 7.56742621402007, 'trop_agb_crit': 5.481790487949817, 'trop_k_veg': 0.7264640079871275, 'gdp_gamma': 0.0030196622941226717, 'fuel_k': 1.0744879495289137, 'fuel_half': 0.10278317644652116}. Best is trial 335 with value: -0.6233152110406992.
[I 2026-07-24 02:13:40,641] Trial 1015 finished with value: 0.5746425207007053 and parameters: {'k1': 0.00017130276437178534, 'D_low': 4276.3596057203085, 'k2': 0.023808986037658696, 'D_high': 3782635.1763465893, 'fire_exp': 2.8868450456966754, 'P_half': 26.20340063987577, 'pre_dampen_half': 1.0648882137490179, 'gpp_af': 0.008150042278222738, 'gpp_b': 0.0004671337456809764, 'gpp_d': 0.5095703736109872, 'ign_k': 0.0010034416867218895, 'ign_c': 3.9886850356147936, 'trop_agb_crit': 9.474379194085628, 'trop_k_veg': 1.9075927563794433, 'gdp_gamma': 0.3009116334204832, 'fuel_k': 0.05668115141117685, 'fuel_half': 3.3854551401774278}. Best is trial 335 with value: -0.6233152110406992.
[I 2026-07-24 02:13:41,098] Trial 1016 finished with value: -0.6157745663249379 and parameters: {'k1': 0.00010019361316865228, 'D_low': 5.388445232288127, 'k2': 0.0004994741926166084, 'D_high': 394051.8080801634, 'fire_exp': 1.3169668475581837, 'P_half': 77.9100660590314, 'pre_dampen_half': 1.155084677163321, 'gpp_af': 0.00326018776630499, 'gpp_b': 2.389605049742805e-05, 'gpp_d': 2.861764459091812, 'ign_k': 0.0027801486225782356, 'ign_c': 0.21593595200186547, 'trop_agb_crit': 5.851230363437648, 'trop_k_veg': 0.5343087573507007, 'gdp_gamma': 0.7660740226819642, 'fuel_k': 0.014234949992097635, 'fuel_half': 10.119616407256647}. Best is trial 335 with value: -0.6233152110406992.
[I 2026-07-24 02:13:41,554] Trial 1017 finished with value: -0.6092437942418363 and parameters: {'k1': 0.0001525533983492017, 'D_low': 1.4484300841084234, 'k2': 0.0004071845589276846, 'D_high': 77228.38121298733, 'fire_exp': 1.3581866409880545, 'P_half': 441.7502720787156, 'pre_dampen_half': 6.292908968152004, 'gpp_af': 0.0015792223258550386, 'gpp_b': 2.080242095230393e-05, 'gpp_d': 3.8263998150318623, 'ign_k': 0.004282241379928074, 'ign_c': 0.3561378109760834, 'trop_agb_crit': 3.570589528238878, 'trop_k_veg': 1.1720135232228537, 'gdp_gamma': 1.4971014968146994, 'fuel_k': 0.01189095747358102, 'fuel_half': 11.364459515360437}. Best is trial 335 with value: -0.6233152110406992.
[I 2026-07-24 02:13:42,011] Trial 1018 finished with value: -0.5856746487692736 and parameters: {'k1': 0.00031108267872846873, 'D_low': 16.703928164641233, 'k2': 6.775339793180909e-05, 'D_high': 772608.9700497604, 'fire_exp': 1.0592366662481416, 'P_half': 14.1008097250191, 'pre_dampen_half': 0.033734049091311086, 'gpp_af': 0.004708454473819182, 'gpp_b': 1.5746162892485865e-05, 'gpp_d': 0.2981982151226119, 'ign_k': 0.007971174048019909, 'ign_c': 20.709459380533424, 'trop_agb_crit': 1.2365317806723566, 'trop_k_veg': 1.3904558387712234, 'gdp_gamma': 1.6011686821460314, 'fuel_k': 0.011303312301340433, 'fuel_half': 1.2961244684698117}. Best is trial 335 with value: -0.6233152110406992.
[I 2026-07-24 02:13:42,468] Trial 1019 finished with value: 0.4971118663960945 and parameters: {'k1': 0.00011022097366683027, 'D_low': 175.2750013991497, 'k2': 0.00047530760288841845, 'D_high': 4228389.071619915, 'fire_exp': 1.207094323483453, 'P_half': 185.27919510314317, 'pre_dampen_half': 3.154749592462324, 'gpp_af': 0.07490400753073088, 'gpp_b': 0.0009635999649866822, 'gpp_d': 2.268286085917409, 'ign_k': 0.0038029604273055596, 'ign_c': 0.23975806471881797, 'trop_agb_crit': 4.740776135273908, 'trop_k_veg': 0.7196064304674274, 'gdp_gamma': 0.1321352503454678, 'fuel_k': 0.026669759941505305, 'fuel_half': 34.70949360455782}. Best is trial 335 with value: -0.6233152110406992.
[I 2026-07-24 02:13:42,933] Trial 1020 finished with value: 0.6330457656365877 and parameters: {'k1': 0.0012493877209734721, 'D_low': 3.0615069303264395, 'k2': 0.00033385217863351866, 'D_high': 7021814.698977731, 'fire_exp': 7.802250822317043, 'P_half': 9.896738989547075, 'pre_dampen_half': 61.823477117999005, 'gpp_af': 0.0330262325069109, 'gpp_b': 0.00018695914524161935, 'gpp_d': 0.16273697212285465, 'ign_k': 0.3982352127829091, 'ign_c': 36.80110912006345, 'trop_agb_crit': 19.911735434449042, 'trop_k_veg': 0.6302749842533412, 'gdp_gamma': 0.001084514079427282, 'fuel_k': 3.6870653582963957, 'fuel_half': 0.4240773820012587}. Best is trial 335 with value: -0.6233152110406992.
[I 2026-07-24 02:13:43,388] Trial 1021 finished with value: 0.5149361173566785 and parameters: {'k1': 0.000768330797146299, 'D_low': 1.4610364921010266, 'k2': 0.0004014516329924839, 'D_high': 809145.8658426799, 'fire_exp': 1.1040449152249274, 'P_half': 479.51726156911184, 'pre_dampen_half': 4.754860580365408, 'gpp_af': 0.0019245429697396126, 'gpp_b': 0.0008070223218905736, 'gpp_d': 10.330501702929595, 'ign_k': 0.011579951996025992, 'ign_c': 0.17508195625417866, 'trop_agb_crit': 5.104275552665099, 'trop_k_veg': 0.5115409024811601, 'gdp_gamma': 0.2352892615533906, 'fuel_k': 0.023625598296872333, 'fuel_half': 5.622283429986692}. Best is trial 335 with value: -0.6233152110406992.
[I 2026-07-24 02:13:43,849] Trial 1022 finished with value: 0.4274816007257376 and parameters: {'k1': 1.951315783644094e-05, 'D_low': 10.225143611362121, 'k2': 0.09301567827534941, 'D_high': 3101229.7403069343, 'fire_exp': 2.1030281470375924, 'P_half': 2.1085473685506546, 'pre_dampen_half': 0.3774035276844674, 'gpp_af': 0.11658534741740961, 'gpp_b': 7.960111959213311e-05, 'gpp_d': 50.778148579698794, 'ign_k': 0.0322341400114957, 'ign_c': 1.06997360334487, 'trop_agb_crit': 3.6894479305513266, 'trop_k_veg': 0.6459383448326018, 'gdp_gamma': 1.0492326239752539, 'fuel_k': 0.07977784147754087, 'fuel_half': 0.10921913097495378}. Best is trial 335 with value: -0.6233152110406992.
[I 2026-07-24 02:13:44,305] Trial 1023 finished with value: 0.4464229064502415 and parameters: {'k1': 9.354816422323886e-05, 'D_low': 11.048705605385567, 'k2': 0.0030788051850306774, 'D_high': 5639722.195068184, 'fire_exp': 1.3244447150604222, 'P_half': 1.3315458134959963, 'pre_dampen_half': 8.392835348234778, 'gpp_af': 0.007760403259047789, 'gpp_b': 9.509254187866048e-05, 'gpp_d': 0.574022913771499, 'ign_k': 0.015720217374717183, 'ign_c': 0.5543785591072781, 'trop_agb_crit': 1.7821321708067301, 'trop_k_veg': 1.1465275663769414, 'gdp_gamma': 0.6489213689028654, 'fuel_k': 0.0364053161471625, 'fuel_half': 4.6409369879560955}. Best is trial 335 with value: -0.6233152110406992.
