[I 2026-08-19 15:22:46,995] Trial 1043 finished with value: -0.5225633948603807 and parameters: {'k1': 0.0015548436131287292, 'D_low': 12.46180215660461, 'k2': 2.4468989595472387e-05, 'D_high': 2240214.6522893044, 'fire_exp': 1.0493245141477445, 'P_half': 1528.951440623823, 'pre_dampen_half': 2.4688848042848677, 'gpp_af': 0.007160814859993051, 'gpp_b': 0.000189819958794694, 'gpp_d': 4.3334508788233235, 'ign_k': 9.270674262253836, 'ign_c': 1.0312892190284808, 'trop_agb_crit': 6.177581715153714, 'trop_k_veg': 1.5262562212645372, 'pop_amp': 0.09058681561098383, 'pop_peak': 0.577495745774441, 'pop_sig': 1.9530592016952733, 'fuel_k': 0.08084429874761923, 'fuel_half': 0.1739325941392711}. Best is trial 421 with value: -0.6216386034937503.
[I 2026-08-19 15:22:51,533] Trial 1044 finished with value: -0.43519517669059116 and parameters: {'k1': 0.00010013263522540159, 'D_low': 110.22932844155737, 'k2': 0.0010068104587853724, 'D_high': 3568.1371177450187, 'fire_exp': 4.511625195669102, 'P_half': 40.16066490777494, 'pre_dampen_half': 110.15133909923232, 'gpp_af': 0.0022416804372090565, 'gpp_b': 1.9127574599687253e-05, 'gpp_d': 0.320992462843042, 'ign_k': 0.20353132973341892, 'ign_c': 0.38688425156577216, 'trop_agb_crit': 12.757088516319365, 'trop_k_veg': 5.444179035854088, 'pop_amp': 6.5192122125253, 'pop_peak': 4.6628615889909515, 'pop_sig': 1.247865067033171, 'fuel_k': 0.8801277044367277, 'fuel_half': 0.4477913459971891}. Best is trial 421 with value: -0.6216386034937503.
[I 2026-08-19 15:22:55,417] Trial 1045 finished with value: -0.5706806765243491 and parameters: {'k1': 0.0008622211825103086, 'D_low': 9.172894406163369, 'k2': 0.0002600762962516425, 'D_high': 445106.12470246427, 'fire_exp': 1.927581494926233, 'P_half': 58.70459186173943, 'pre_dampen_half': 5.374547647246532, 'gpp_af': 0.0013839815948096502, 'gpp_b': 0.00027068108282536727, 'gpp_d': 0.018271063497330455, 'ign_k': 0.1489424841093174, 'ign_c': 5.049206109356094, 'trop_agb_crit': 8.416453284829515, 'trop_k_veg': 4.359382762841883, 'pop_amp': 0.23630002260650795, 'pop_peak': 0.98501968477179, 'pop_sig': 0.4869152072682384, 'fuel_k': 0.5189382798912912, 'fuel_half': 0.2464011913453587}. Best is trial 421 with value: -0.6216386034937503.
  trial 1046/2500  best_overall=0.6216  (58.9 min)
[I 2026-08-19 15:23:02,129] Trial 1046 finished with value: -0.42418517494359165 and parameters: {'k1': 2.873047949557443e-05, 'D_low': 226646.3609651098, 'k2': 0.00012674902459045728, 'D_high': 3519439.6614617216, 'fire_exp': 1.298448519433222, 'P_half': 991.3721424965067, 'pre_dampen_half': 0.1214335675582566, 'gpp_af': 0.0010583596063897251, 'gpp_b': 1.2823369155387066e-05, 'gpp_d': 0.04003452087356736, 'ign_k': 1.8663513719059055, 'ign_c': 4.3862353517171, 'trop_agb_crit': 10.505548501597271, 'trop_k_veg': 1.1329879806433276, 'pop_amp': 0.9966604374090924, 'pop_peak': 6.152569026160561, 'pop_sig': 1.4853753803626155, 'fuel_k': 0.4522453267718459, 'fuel_half': 2.529306528499287}. Best is trial 421 with value: -0.6216386034937503.
[I 2026-08-19 15:23:09,421] Trial 1047 finished with value: -0.5634935899825007 and parameters: {'k1': 0.0002184998858605167, 'D_low': 131.8670783130541, 'k2': 4.47861718629119e-05, 'D_high': 8364627.174208206, 'fire_exp': 1.0214128205900304, 'P_half': 64.04823061666863, 'pre_dampen_half': 7.341051648237992, 'gpp_af': 0.03521220597485348, 'gpp_b': 1.0073676829761018e-05, 'gpp_d': 1.9061604662061515, 'ign_k': 5.114289344390347, 'ign_c': 0.36862324217141224, 'trop_agb_crit': 24.302649966332257, 'trop_k_veg': 1.6266477036851739, 'pop_amp': 0.027183939140863995, 'pop_peak': 20.600210250631967, 'pop_sig': 2.370133263268061, 'fuel_k': 0.34693636302784836, 'fuel_half': 4.879544636661298}. Best is trial 421 with value: -0.6216386034937503.
[I 2026-08-19 15:23:15,972] Trial 1048 finished with value: -0.4107047685790475 and parameters: {'k1': 0.011517528549352452, 'D_low': 9.080158882105751, 'k2': 1.7231369586096195e-05, 'D_high': 237924.5410409612, 'fire_exp': 3.189316609215423, 'P_half': 3245.3329274427465, 'pre_dampen_half': 148.72996118902338, 'gpp_af': 0.0011832029344396205, 'gpp_b': 1.4197284403015061e-05, 'gpp_d': 1.7941737374308406, 'ign_k': 0.3092188706552358, 'ign_c': 0.44846942253671795, 'trop_agb_crit': 5.899569713600216, 'trop_k_veg': 4.967156148286118, 'pop_amp': 0.3885931113334964, 'pop_peak': 4.380791087384713, 'pop_sig': 0.36403355860337844, 'fuel_k': 0.8757919670850643, 'fuel_half': 5.471641762518652}. Best is trial 421 with value: -0.6216386034937503.
[I 2026-08-19 15:23:21,640] Trial 1049 finished with value: -0.41795815797690306 and parameters: {'k1': 0.00010618361320095655, 'D_low': 48522.12662313527, 'k2': 1.595243247204147e-05, 'D_high': 172134.0031872753, 'fire_exp': 1.8683735252594516, 'P_half': 566.3053171974111, 'pre_dampen_half': 47.24617880737287, 'gpp_af': 0.06305482072785165, 'gpp_b': 0.00034604260459436754, 'gpp_d': 4.241327975442488, 'ign_k': 4.152145929126444, 'ign_c': 0.7637749974551999, 'trop_agb_crit': 10.765784415122233, 'trop_k_veg': 5.735755519513412, 'pop_amp': 0.3067471404081066, 'pop_peak': 52.27915679093541, 'pop_sig': 0.7598710546155792, 'fuel_k': 0.03023058552765483, 'fuel_half': 2.731261401667438}. Best is trial 421 with value: -0.6216386034937503.
  trial 1050/2500  best_overall=0.6216  (59.3 min)
[I 2026-08-19 15:23:27,520] Trial 1050 finished with value: -0.3957849191863899 and parameters: {'k1': 0.0003031981411348059, 'D_low': 237.16542020541365, 'k2': 2.104302402092723e-05, 'D_high': 152781.87795512992, 'fire_exp': 1.1180418604523008, 'P_half': 178.98360582072849, 'pre_dampen_half': 22.752444794252686, 'gpp_af': 0.009300896863549197, 'gpp_b': 1.445032781693421e-05, 'gpp_d': 1.4239647631675583, 'ign_k': 0.5098395120865208, 'ign_c': 34.255672389826465, 'trop_agb_crit': 4.440482455775501, 'trop_k_veg': 2.291529763462696, 'pop_amp': 0.1926476069166171, 'pop_peak': 0.885306720624657, 'pop_sig': 2.1071126199269212, 'fuel_k': 0.07383625887554092, 'fuel_half': 0.14242249155840817}. Best is trial 421 with value: -0.6216386034937503.
[I 2026-08-19 15:23:33,311] Trial 1051 finished with value: -0.4431007688634163 and parameters: {'k1': 0.00038853341895947745, 'D_low': 2.813555831344999, 'k2': 1.8865354336682754e-05, 'D_high': 722930.4114485851, 'fire_exp': 3.685370489263854, 'P_half': 172.22719046833453, 'pre_dampen_half': 6.044838397325291, 'gpp_af': 0.008152001646106221, 'gpp_b': 5.609502595517617e-05, 'gpp_d': 0.6344728310407867, 'ign_k': 0.38381157420363426, 'ign_c': 22.950603928396013, 'trop_agb_crit': 6.838165599145774, 'trop_k_veg': 1.5102854462838622, 'pop_amp': 0.059324461563013374, 'pop_peak': 12.36949578824515, 'pop_sig': 1.5423960442493554, 'fuel_k': 0.0482041297536229, 'fuel_half': 0.17428961647057742}. Best is trial 421 with value: -0.6216386034937503.
[I 2026-08-19 15:23:39,865] Trial 1052 finished with value: -0.3554625854118624 and parameters: {'k1': 0.0003436666451849106, 'D_low': 6440.863145278315, 'k2': 1.6836940996981022e-05, 'D_high': 825.1565414973481, 'fire_exp': 1.8506497673051017, 'P_half': 14.290867658842004, 'pre_dampen_half': 0.10490690874701393, 'gpp_af': 0.007770263850283243, 'gpp_b': 0.00016654150842891277, 'gpp_d': 1.0272843749709466, 'ign_k': 8.168720757015512, 'ign_c': 287.5861848761808, 'trop_agb_crit': 27.024786405047404, 'trop_k_veg': 0.6137482641307297, 'pop_amp': 1.7259299827146988, 'pop_peak': 5.890132461875253, 'pop_sig': 2.256847060505929, 'fuel_k': 0.8580893476679159, 'fuel_half': 0.3790610059571812}. Best is trial 421 with value: -0.6216386034937503.
[I 2026-08-19 15:23:45,907] Trial 1053 finished with value: -0.4120488399175642 and parameters: {'k1': 0.0008635382664149979, 'D_low': 192.214637145393, 'k2': 1.783138207847998e-05, 'D_high': 128298.45445917198, 'fire_exp': 1.272641658259503, 'P_half': 9.941362117753307, 'pre_dampen_half': 0.06876570165430347, 'gpp_af': 0.07156814230296767, 'gpp_b': 0.0010837927460200824, 'gpp_d': 0.013625827633308451, 'ign_k': 0.004223851955224312, 'ign_c': 0.17142286414565522, 'trop_agb_crit': 27.85834704640383, 'trop_k_veg': 1.132203077352755, 'pop_amp': 0.9590984229972765, 'pop_peak': 1.2494393254090894, 'pop_sig': 0.2653156538473475, 'fuel_k': 2.796179760202683, 'fuel_half': 0.5147301317659058}. Best is trial 421 with value: -0.6216386034937503.
  trial 1054/2500  best_overall=0.6216  (59.7 min)
[I 2026-08-19 15:23:52,035] Trial 1054 finished with value: -0.4177249847416869 and parameters: {'k1': 0.00011432225221316562, 'D_low': 2362.3222466083007, 'k2': 0.002443726441119376, 'D_high': 5319173.155695659, 'fire_exp': 1.628023771845403, 'P_half': 3144.7317874271243, 'pre_dampen_half': 4.962854747889963, 'gpp_af': 0.15429728856582534, 'gpp_b': 0.00010245843248174813, 'gpp_d': 4.781221004857929, 'ign_k': 7.035885147051659, 'ign_c': 24.89798986142734, 'trop_agb_crit': 19.079282327031397, 'trop_k_veg': 1.2121302105782834, 'pop_amp': 0.00269799663311258, 'pop_peak': 33.77608775712281, 'pop_sig': 1.1686021317044948, 'fuel_k': 0.6465299598953903, 'fuel_half': 0.7942875662215763}. Best is trial 421 with value: -0.6216386034937503.
[I 2026-08-19 15:23:57,111] Trial 1055 finished with value: -0.5900783461603992 and parameters: {'k1': 0.0005177307692056416, 'D_low': 2.1005296303005627, 'k2': 8.8833044025239e-05, 'D_high': 224892.22865091532, 'fire_exp': 1.6764433692682992, 'P_half': 73.08406997009925, 'pre_dampen_half': 14.551567936206572, 'gpp_af': 0.004244777226782007, 'gpp_b': 1.0924565492884745e-05, 'gpp_d': 0.24968935282083154, 'ign_k': 1.0092626240223224, 'ign_c': 12.517312780669236, 'trop_agb_crit': 12.752374498063364, 'trop_k_veg': 5.360913351437063, 'pop_amp': 0.16378833581880475, 'pop_peak': 11.059338941496135, 'pop_sig': 1.5746501155347816, 'fuel_k': 0.025046310947474865, 'fuel_half': 2.444777555280631}. Best is trial 421 with value: -0.6216386034937503.
[I 2026-08-19 15:24:02,931] Trial 1056 finished with value: -0.5732452103268988 and parameters: {'k1': 0.0402450670252601, 'D_low': 21.08956193932978, 'k2': 0.0002029890799523842, 'D_high': 226606.95453759574, 'fire_exp': 1.3801612757150952, 'P_half': 6.670992424240204, 'pre_dampen_half': 13.038831118344582, 'gpp_af': 0.08541382551532381, 'gpp_b': 1.299312816319671e-05, 'gpp_d': 2.7389042389515996, 'ign_k': 0.15597192916463182, 'ign_c': 24.545013101196687, 'trop_agb_crit': 10.029877328535166, 'trop_k_veg': 1.469213371913395, 'pop_amp': 0.0013371460627288109, 'pop_peak': 5.315198032973571, 'pop_sig': 0.5619355420173122, 'fuel_k': 0.4754563166441412, 'fuel_half': 0.6941828927148235}. Best is trial 421 with value: -0.6216386034937503.
[I 2026-08-19 15:24:10,291] Trial 1057 finished with value: -0.45865715223708803 and parameters: {'k1': 1.7458557676193268e-05, 'D_low': 3.4606109508441114, 'k2': 2.0212809321203772e-05, 'D_high': 6909651.365433529, 'fire_exp': 1.8290223988935428, 'P_half': 2.71041340613671, 'pre_dampen_half': 2.0728313872636823, 'gpp_af': 0.4997414610345803, 'gpp_b': 0.05271652719763383, 'gpp_d': 562.734567214494, 'ign_k': 0.025560627533233612, 'ign_c': 10.760586302034547, 'trop_agb_crit': 13.921393201686108, 'trop_k_veg': 7.057927122210091, 'pop_amp': 1.3483317761659852, 'pop_peak': 30.563982320319937, 'pop_sig': 0.3974973673259286, 'fuel_k': 0.7264859370858119, 'fuel_half': 3.589730644697101}. Best is trial 421 with value: -0.6216386034937503.
  trial 1058/2500  best_overall=0.6216  (60.1 min)
[I 2026-08-19 15:24:18,219] Trial 1058 finished with value: -0.589231954198295 and parameters: {'k1': 0.0010351541185314747, 'D_low': 755.1247938459918, 'k2': 0.0002154071727425581, 'D_high': 6367608.403831668, 'fire_exp': 1.3405966324258147, 'P_half': 181.71788845223583, 'pre_dampen_half': 0.7041556529306616, 'gpp_af': 0.013172465365013847, 'gpp_b': 4.5831773495649417e-05, 'gpp_d': 6.663796115936989, 'ign_k': 0.4497400095935775, 'ign_c': 7.860615494998305, 'trop_agb_crit': 12.869336534252614, 'trop_k_veg': 1.6257910432756413, 'pop_amp': 0.34316595553332174, 'pop_peak': 2.5752157128783746, 'pop_sig': 1.4180342836731823, 'fuel_k': 0.021426751144607632, 'fuel_half': 0.9763340839531052}. Best is trial 421 with value: -0.6216386034937503.
[I 2026-08-19 15:24:22,449] Trial 1059 finished with value: -0.4771669336878886 and parameters: {'k1': 0.000355251821171663, 'D_low': 51.03109916695968, 'k2': 0.00020564352888597336, 'D_high': 8758814.464449687, 'fire_exp': 1.4486071430517033, 'P_half': 1.1278205592931239, 'pre_dampen_half': 0.49979277872212363, 'gpp_af': 1.7873397862750577, 'gpp_b': 0.0023400803263272894, 'gpp_d': 0.18853921514691258, 'ign_k': 0.43012652398232937, 'ign_c': 7.465944563352906, 'trop_agb_crit': 7.971778843612067, 'trop_k_veg': 4.300794649006238, 'pop_amp': 0.014620498130286942, 'pop_peak': 44.046052652966914, 'pop_sig': 0.3356939074393511, 'fuel_k': 0.8021675547466237, 'fuel_half': 0.3772639600721991}. Best is trial 421 with value: -0.6216386034937503.
[I 2026-08-19 15:24:27,118] Trial 1060 finished with value: -0.40583540492226444 and parameters: {'k1': 4.292448709146439e-05, 'D_low': 677431.1401948736, 'k2': 3.010261547497695e-05, 'D_high': 1851301.505764967, 'fire_exp': 1.0153483947080582, 'P_half': 76.19513849213037, 'pre_dampen_half': 14.824097175177501, 'gpp_af': 0.0033218020364087155, 'gpp_b': 0.0005042676150391095, 'gpp_d': 67.69245533917818, 'ign_k': 3.9605428012997232, 'ign_c': 4.033865067265636, 'trop_agb_crit': 17.10255469667855, 'trop_k_veg': 1.4094176066344173, 'pop_amp': 0.16858343524351593, 'pop_peak': 13.643632882597055, 'pop_sig': 0.9342432021861536, 'fuel_k': 1.0440581919827343, 'fuel_half': 1.5045963593782585}. Best is trial 421 with value: -0.6216386034937503.
[I 2026-08-19 15:24:32,482] Trial 1061 finished with value: -0.41889383784615425 and parameters: {'k1': 0.0009502659507743356, 'D_low': 5620.458388082614, 'k2': 2.1740334709844024e-05, 'D_high': 203113.27599362071, 'fire_exp': 5.573732249961961, 'P_half': 928.2859528190439, 'pre_dampen_half': 2.065926643456815, 'gpp_af': 0.011000761663734124, 'gpp_b': 7.719033907361642e-05, 'gpp_d': 61.44557723825149, 'ign_k': 0.5844178421994091, 'ign_c': 8.53330913813752, 'trop_agb_crit': 13.237395749732809, 'trop_k_veg': 2.728249597837793, 'pop_amp': 5.562742136215762, 'pop_peak': 239.1963777374202, 'pop_sig': 1.014114338850546, 'fuel_k': 0.10099128607227557, 'fuel_half': 2.9514823002316564}. Best is trial 421 with value: -0.6216386034937503.
[I 2026-08-19 15:24:38,255] Trial 1062 finished with value: -0.5910190576026475 and parameters: {'k1': 0.038210426462657335, 'D_low': 476.91929462990544, 'k2': 1.3638032555219241e-05, 'D_high': 359373.8889935623, 'fire_exp': 2.8038850214240587, 'P_half': 256.5550181454545, 'pre_dampen_half': 4.9848407955680925, 'gpp_af': 0.3164947010332708, 'gpp_b': 0.001315245219648194, 'gpp_d': 0.6604886109134801, 'ign_k': 5.110274315109038, 'ign_c': 0.3278383854836915, 'trop_agb_crit': 15.346351064685978, 'trop_k_veg': 1.6480902830314803, 'pop_amp': 3.4858526206072327, 'pop_peak': 8.331207457196824, 'pop_sig': 0.831260856046019, 'fuel_k': 0.02602765517253132, 'fuel_half': 0.45219088731119766}. Best is trial 421 with value: -0.6216386034937503.
  trial 1063/2500  best_overall=0.6216  (60.6 min)
[I 2026-08-19 15:24:44,480] Trial 1063 finished with value: -0.5419603987016826 and parameters: {'k1': 0.001492233848029332, 'D_low': 1349.1761596132583, 'k2': 0.0011665431570952892, 'D_high': 72117.11589485628, 'fire_exp': 4.893056326999731, 'P_half': 55.86533054734072, 'pre_dampen_half': 10.950340921738569, 'gpp_af': 0.006232196819558008, 'gpp_b': 6.110448900398496e-05, 'gpp_d': 17.74974730236144, 'ign_k': 0.8623599463987597, 'ign_c': 16.688073375809534, 'trop_agb_crit': 2.7661602000609666, 'trop_k_veg': 2.841640844273422, 'pop_amp': 0.3737217781341882, 'pop_peak': 12.46731279329314, 'pop_sig': 1.4875773479640508, 'fuel_k': 0.07064242609443194, 'fuel_half': 5.149330430826913}. Best is trial 421 with value: -0.6216386034937503.
[I 2026-08-19 15:24:49,405] Trial 1064 finished with value: -0.48580354636864725 and parameters: {'k1': 0.006913857200173994, 'D_low': 1.1719931770463587, 'k2': 2.2672630764248337e-05, 'D_high': 1431845.6392536305, 'fire_exp': 1.8907810036314152, 'P_half': 12.435114426208806, 'pre_dampen_half': 42.43937008125128, 'gpp_af': 0.014411042358488146, 'gpp_b': 1.3382866350829523e-05, 'gpp_d': 1.1771302913523751, 'ign_k': 0.1141834066472352, 'ign_c': 4.001174008399714, 'trop_agb_crit': 10.907474753807676, 'trop_k_veg': 2.1065107137146817, 'pop_amp': 0.7233856449276248, 'pop_peak': 2.468480469001052, 'pop_sig': 1.476316032667286, 'fuel_k': 0.014274298360333022, 'fuel_half': 2.0941851721762554}. Best is trial 421 with value: -0.6216386034937503.
[I 2026-08-19 15:24:55,425] Trial 1065 finished with value: -0.44842661908989456 and parameters: {'k1': 2.4306947267278744e-05, 'D_low': 14894.362854948185, 'k2': 3.2166470776395864e-05, 'D_high': 395.81277252233787, 'fire_exp': 1.1254639536340811, 'P_half': 37.0167997221848, 'pre_dampen_half': 0.03606679862436535, 'gpp_af': 0.030103618656348096, 'gpp_b': 0.000161648775539447, 'gpp_d': 1.291054779281954, 'ign_k': 3.8675247771173225, 'ign_c': 0.504875564869467, 'trop_agb_crit': 7.7405011048697325, 'trop_k_veg': 1.8222061468741537, 'pop_amp': 0.6505177085648797, 'pop_peak': 52.43631875057183, 'pop_sig': 1.5360972492496907, 'fuel_k': 4.806427771226005, 'fuel_half': 0.7430483778073871}. Best is trial 421 with value: -0.6216386034937503.
[I 2026-08-19 15:24:59,885] Trial 1066 finished with value: -0.35683691435141907 and parameters: {'k1': 0.001923853160544156, 'D_low': 5582.119857203719, 'k2': 0.00112972147164806, 'D_high': 13.071588238791216, 'fire_exp': 2.405938572246884, 'P_half': 6.443973612946601, 'pre_dampen_half': 6.647889792230813, 'gpp_af': 0.5512430795891157, 'gpp_b': 0.00012049536353596705, 'gpp_d': 0.010403970373979617, 'ign_k': 0.026663025351959323, 'ign_c': 117.68522128725515, 'trop_agb_crit': 28.714490563479895, 'trop_k_veg': 0.6985116172221677, 'pop_amp': 0.04165037018386867, 'pop_peak': 0.4600531230182844, 'pop_sig': 0.7553412840990583, 'fuel_k': 0.12322521483415819, 'fuel_half': 0.5110356268371061}. Best is trial 421 with value: -0.6216386034937503.
  trial 1067/2500  best_overall=0.6216  (60.9 min)
[I 2026-08-19 15:25:05,337] Trial 1067 finished with value: -0.586995601539589 and parameters: {'k1': 0.0009469424714231643, 'D_low': 16.43617509629629, 'k2': 1.881218771828898e-05, 'D_high': 8110662.368483251, 'fire_exp': 1.342725219657382, 'P_half': 3.3314980613271574, 'pre_dampen_half': 5.271738286451365, 'gpp_af': 0.0918918153803512, 'gpp_b': 0.00030795108586159365, 'gpp_d': 4.270941594595599, 'ign_k': 0.05860766615195424, 'ign_c': 2.180646420778071, 'trop_agb_crit': 4.597476672051127, 'trop_k_veg': 1.7825451765204394, 'pop_amp': 0.015466428458781644, 'pop_peak': 2.5200842349890413, 'pop_sig': 0.36305848778085403, 'fuel_k': 0.07459204323783385, 'fuel_half': 0.3708104133222262}. Best is trial 421 with value: -0.6216386034937503.
[I 2026-08-19 15:25:09,541] Trial 1068 finished with value: -0.5512138362037622 and parameters: {'k1': 0.0008015315014775758, 'D_low': 1262.4600051021384, 'k2': 0.009065407887740292, 'D_high': 798337.126001705, 'fire_exp': 1.0058421615300137, 'P_half': 1.7133603041960477, 'pre_dampen_half': 0.3575789704267119, 'gpp_af': 0.037272351272765104, 'gpp_b': 0.0013086026913452734, 'gpp_d': 64.85229638724635, 'ign_k': 0.007501084272299327, 'ign_c': 5.1693176025914225, 'trop_agb_crit': 2.73716879141124, 'trop_k_veg': 0.8116646637854088, 'pop_amp': 1.1235453355148954, 'pop_peak': 31.88366022229681, 'pop_sig': 0.5001894885992685, 'fuel_k': 0.2952638101101587, 'fuel_half': 0.44204256224614125}. Best is trial 421 with value: -0.6216386034937503.
[I 2026-08-19 15:25:13,881] Trial 1069 finished with value: -0.5839291395289725 and parameters: {'k1': 0.0011039499936748639, 'D_low': 1407.001171072084, 'k2': 1.9034077357589926e-05, 'D_high': 1342928.9414848182, 'fire_exp': 1.7509520924116921, 'P_half': 169.14789657375562, 'pre_dampen_half': 6.334069663718212, 'gpp_af': 0.005002405795562117, 'gpp_b': 1.6860635848246032e-05, 'gpp_d': 0.5948924829824885, 'ign_k': 8.209846298183976, 'ign_c': 7.2472936742578105, 'trop_agb_crit': 8.806956340484204, 'trop_k_veg': 0.9714804059291489, 'pop_amp': 0.9623574145347314, 'pop_peak': 17.5467252683876, 'pop_sig': 2.0811822965400015, 'fuel_k': 0.1890804480254624, 'fuel_half': 4.958611449318809}. Best is trial 421 with value: -0.6216386034937503.
[I 2026-08-19 15:25:18,248] Trial 1070 finished with value: -0.5446682931742197 and parameters: {'k1': 5.186589641511888e-05, 'D_low': 509.4611724263162, 'k2': 0.00044944698445815854, 'D_high': 1942569.8972680978, 'fire_exp': 1.0254667686040069, 'P_half': 11.291587027969852, 'pre_dampen_half': 5.928096915657776, 'gpp_af': 17.54232490815434, 'gpp_b': 0.018644091490586195, 'gpp_d': 10.49223077974291, 'ign_k': 0.06226104015251475, 'ign_c': 0.20099977049802714, 'trop_agb_crit': 13.233156516335518, 'trop_k_veg': 7.612346549859642, 'pop_amp': 0.14182784814916286, 'pop_peak': 1.007965297258774, 'pop_sig': 0.3724456881302922, 'fuel_k': 1.5890606235103144, 'fuel_half': 0.3126656684612593}. Best is trial 421 with value: -0.6216386034937503.
[I 2026-08-19 15:25:22,727] Trial 1071 finished with value: -0.4087454492399962 and parameters: {'k1': 0.0002747889199632816, 'D_low': 784.7011882116622, 'k2': 6.294206951533417e-05, 'D_high': 1776163.5857176688, 'fire_exp': 1.9061491542302225, 'P_half': 8.395393336128318, 'pre_dampen_half': 3.5843963498729448, 'gpp_af': 0.5508641244047712, 'gpp_b': 3.957713203189524e-05, 'gpp_d': 1.4151044475511123, 'ign_k': 0.12412605131180092, 'ign_c': 68.71847764674725, 'trop_agb_crit': 2.9933461311261267, 'trop_k_veg': 7.173017664111618, 'pop_amp': 0.039039069133414296, 'pop_peak': 24.532486421634253, 'pop_sig': 0.44247638106900117, 'fuel_k': 4.625474544976523, 'fuel_half': 0.6199170625911918}. Best is trial 421 with value: -0.6216386034937503.
  trial 1072/2500  best_overall=0.6216  (61.3 min)
