[I 2026-08-19 17:56:01,706] Trial 1913 finished with value: 0.618977222828184 and parameters: {'k1': 0.03747588571836977, 'D_low': 6.990797864919014, 'k2': 0.0001355351570664882, 'D_high': 28.355863406516296, 'fire_exp': 1.4369916333946073, 'P_half': 9682.049585683064, 'pre_dampen_half': 641.8504212502187, 'gpp_af': 0.09395791794590679, 'gpp_b': 3.2870596100940888, 'gpp_d': 37.33725065004273, 'ign_k': 1.671155483869438, 'ign_c': 2.214668924919108, 'trop_agb_crit': 10.461113067190183, 'trop_k_veg': 1.0366120897659619, 'pop_amp': 1.0889833720091233, 'pop_peak': 156.3096723417517, 'pop_sig': 2.1942276420626006, 'fuel_k': 0.29596159887550744, 'fuel_half': 3.2471017043473887}. Best is trial 1622 with value: -0.6125870653324885.
[I 2026-08-19 17:56:03,872] Trial 1914 finished with value: 0.6117508422961682 and parameters: {'k1': 0.0012947147502356839, 'D_low': 10.074044891059852, 'k2': 0.0016953909882080347, 'D_high': 2320.6231959480388, 'fire_exp': 2.4483030246981685, 'P_half': 114.49256515878713, 'pre_dampen_half': 9.469769551131602, 'gpp_af': 0.05071744511176044, 'gpp_b': 0.22735201341179995, 'gpp_d': 9.854414635737315, 'ign_k': 0.027819256829871387, 'ign_c': 0.10124670915171766, 'trop_agb_crit': 13.911891386785921, 'trop_k_veg': 1.1922603690883042, 'pop_amp': 1.794198815277796, 'pop_peak': 2.9786392584829167, 'pop_sig': 0.7728109414953214, 'fuel_k': 0.6262091484366321, 'fuel_half': 1.1276004931814543}. Best is trial 1622 with value: -0.6125870653324885.
[I 2026-08-19 17:56:05,970] Trial 1915 finished with value: 0.6066494868799992 and parameters: {'k1': 0.03806786283707225, 'D_low': 15.76081749735853, 'k2': 0.00237749781907776, 'D_high': 97199.8917120154, 'fire_exp': 1.1742396439376286, 'P_half': 295.96278760670833, 'pre_dampen_half': 0.051455114452721405, 'gpp_af': 0.002040770418657626, 'gpp_b': 3.385290777279828e-05, 'gpp_d': 12.618019771129873, 'ign_k': 0.9502827527405215, 'ign_c': 51.97917611046948, 'trop_agb_crit': 10.638965672846886, 'trop_k_veg': 5.683986866717629, 'pop_amp': 0.0014435823864976931, 'pop_peak': 0.23187135664008654, 'pop_sig': 0.37831793661566704, 'fuel_k': 2.9237717776127785, 'fuel_half': 4.378396912798358}. Best is trial 1622 with value: -0.6125870653324885.
[I 2026-08-19 17:56:08,083] Trial 1916 finished with value: 0.4342763920539767 and parameters: {'k1': 0.0008851312916459283, 'D_low': 2.853346506533476, 'k2': 0.059877634444961775, 'D_high': 640058.4715691897, 'fire_exp': 1.0192825643158645, 'P_half': 45.09526630778888, 'pre_dampen_half': 10.34898677252144, 'gpp_af': 0.9867709755874767, 'gpp_b': 0.3417740420317764, 'gpp_d': 250.12206961434478, 'ign_k': 0.1107182110828026, 'ign_c': 0.7016584805531251, 'trop_agb_crit': 5.212942313628893, 'trop_k_veg': 1.021613388801768, 'pop_amp': 0.0020909538316915446, 'pop_peak': 0.2891425144496634, 'pop_sig': 0.9797149118849715, 'fuel_k': 0.25565759832491614, 'fuel_half': 2.4658556147442994}. Best is trial 1622 with value: -0.6125870653324885.
[I 2026-08-19 17:56:10,175] Trial 1917 finished with value: -0.5677822987070428 and parameters: {'k1': 0.0009313971038045262, 'D_low': 4483.784669921615, 'k2': 0.09963668763550845, 'D_high': 7768300.346109743, 'fire_exp': 1.6067203901347646, 'P_half': 94.71531328727876, 'pre_dampen_half': 6.322193262009332, 'gpp_af': 0.2823864132531505, 'gpp_b': 0.019223938713787674, 'gpp_d': 20.847033758791767, 'ign_k': 0.07476752102083023, 'ign_c': 7.037882036965424, 'trop_agb_crit': 5.409709613064273, 'trop_k_veg': 1.7322713455939938, 'pop_amp': 6.502383211425448, 'pop_peak': 0.1992791664385958, 'pop_sig': 0.49806593944249905, 'fuel_k': 0.23805831761078838, 'fuel_half': 65.52350993296275}. Best is trial 1622 with value: -0.6125870653324885.
  trial 1918/2500  best_overall=0.6126  (57.8 min)
[I 2026-08-19 17:56:12,811] Trial 1918 finished with value: 0.4468808333196814 and parameters: {'k1': 0.0008590339824186733, 'D_low': 445.02435644856644, 'k2': 5.579698013734849e-05, 'D_high': 2147630.486885734, 'fire_exp': 1.6183390329099683, 'P_half': 6.477371713067871, 'pre_dampen_half': 4.765080721723699, 'gpp_af': 0.11487838404682249, 'gpp_b': 0.012033277559177182, 'gpp_d': 180.42927941881325, 'ign_k': 0.23224642910750343, 'ign_c': 0.18640778154253126, 'trop_agb_crit': 3.6191963719250873, 'trop_k_veg': 1.3689284892740554, 'pop_amp': 0.9461739541373619, 'pop_peak': 2.1416564550378245, 'pop_sig': 1.2302489107612835, 'fuel_k': 0.2929993211856386, 'fuel_half': 0.1316842471890069}. Best is trial 1622 with value: -0.6125870653324885.
[I 2026-08-19 17:56:14,789] Trial 1919 finished with value: 0.5873309804463108 and parameters: {'k1': 0.0022689003445837777, 'D_low': 6.81637433288867, 'k2': 0.08500469207935325, 'D_high': 9836044.833726801, 'fire_exp': 5.965350198208279, 'P_half': 383.59300188948157, 'pre_dampen_half': 0.17201731464997574, 'gpp_af': 0.14603390648865786, 'gpp_b': 0.05570968191889863, 'gpp_d': 631.3094103393737, 'ign_k': 0.6967223353527086, 'ign_c': 0.8045506013283953, 'trop_agb_crit': 6.840560075415542, 'trop_k_veg': 1.8205768787691394, 'pop_amp': 0.0014307720534033775, 'pop_peak': 3.2254364790817265, 'pop_sig': 0.6986397332869361, 'fuel_k': 0.11553203877077138, 'fuel_half': 5.706119485301898}. Best is trial 1622 with value: -0.6125870653324885.
[I 2026-08-19 17:56:16,923] Trial 1920 finished with value: 0.5292698217568167 and parameters: {'k1': 0.0001351865038041041, 'D_low': 165.88753852296983, 'k2': 0.06281771497240217, 'D_high': 7867865.62663436, 'fire_exp': 2.30498516782487, 'P_half': 160.49207268341735, 'pre_dampen_half': 16.505147442845654, 'gpp_af': 0.410230047678465, 'gpp_b': 0.12927199871004, 'gpp_d': 272.1633982692062, 'ign_k': 0.2505538717098777, 'ign_c': 0.33086321161459836, 'trop_agb_crit': 12.545364516931395, 'trop_k_veg': 0.6918400321044048, 'pop_amp': 0.0061819518774854434, 'pop_peak': 9.485596287237302, 'pop_sig': 0.3698054055108337, 'fuel_k': 0.06462856352174247, 'fuel_half': 7.346938111712273}. Best is trial 1622 with value: -0.6125870653324885.
[I 2026-08-19 17:56:19,088] Trial 1921 finished with value: 0.4834878980552102 and parameters: {'k1': 0.005328437786554194, 'D_low': 3.690552214530757, 'k2': 0.0004035964907396684, 'D_high': 6756656.267146009, 'fire_exp': 1.894028600967183, 'P_half': 6.1480336332782475, 'pre_dampen_half': 73.55788885691996, 'gpp_af': 3.328317024435997, 'gpp_b': 0.0007733513430277692, 'gpp_d': 79.50932652843983, 'ign_k': 0.834287658605115, 'ign_c': 15.22090452880176, 'trop_agb_crit': 25.35519192594926, 'trop_k_veg': 2.225108287275255, 'pop_amp': 0.0040978968835266825, 'pop_peak': 0.09224864614004563, 'pop_sig': 0.6546192131890357, 'fuel_k': 0.31049726845850995, 'fuel_half': 2.10307406606305}. Best is trial 1622 with value: -0.6125870653324885.
[I 2026-08-19 17:56:21,196] Trial 1922 finished with value: 0.6445374145881376 and parameters: {'k1': 5.667154634521499e-05, 'D_low': 42.04661951557086, 'k2': 0.08194725371641087, 'D_high': 344409.9100756012, 'fire_exp': 3.1910550253516137, 'P_half': 4.128430665439894, 'pre_dampen_half': 48.34903030523216, 'gpp_af': 2.7515725435755605, 'gpp_b': 5.098755978579283e-05, 'gpp_d': 7.753953128713618, 'ign_k': 0.7074248626828645, 'ign_c': 636.1104903038063, 'trop_agb_crit': 3.1807156598797297, 'trop_k_veg': 2.003681782417086, 'pop_amp': 0.1029132548520458, 'pop_peak': 4.494456938917202, 'pop_sig': 0.8231837577056281, 'fuel_k': 0.05184403453511431, 'fuel_half': 0.22272219976441585}. Best is trial 1622 with value: -0.6125870653324885.
[I 2026-08-19 17:56:23,234] Trial 1923 finished with value: 0.39117084267535396 and parameters: {'k1': 0.007451399579970877, 'D_low': 3.559481718643684, 'k2': 0.00048179436963918565, 'D_high': 877732.0032157729, 'fire_exp': 1.5838239115987907, 'P_half': 84.14966352417089, 'pre_dampen_half': 7.5810276040444196, 'gpp_af': 0.01073541826295506, 'gpp_b': 0.0004312650294006694, 'gpp_d': 145.37384287202863, 'ign_k': 0.879096791893422, 'ign_c': 16.032691135029516, 'trop_agb_crit': 9.389069334861304, 'trop_k_veg': 5.20358282898917, 'pop_amp': 0.005260290928932547, 'pop_peak': 0.09489492414463875, 'pop_sig': 0.6855481780936284, 'fuel_k': 0.6870387642354735, 'fuel_half': 28.758424886309676}. Best is trial 1622 with value: -0.6125870653324885.
[I 2026-08-19 17:56:25,373] Trial 1924 finished with value: 0.6445374145881376 and parameters: {'k1': 0.0033273644330618865, 'D_low': 77.35109923741494, 'k2': 0.08397689958242262, 'D_high': 6319898.0205137255, 'fire_exp': 6.580015914572572, 'P_half': 36.46865754523248, 'pre_dampen_half': 543.8267184173494, 'gpp_af': 0.0025152413312045634, 'gpp_b': 0.0002684724621522737, 'gpp_d': 154.62738656217186, 'ign_k': 1.2116705227594162, 'ign_c': 45.63575514733628, 'trop_agb_crit': 7.003014222364846, 'trop_k_veg': 1.8995374652744048, 'pop_amp': 0.0030103433579907876, 'pop_peak': 398.49264981212104, 'pop_sig': 2.110218028174091, 'fuel_k': 0.05511772902337223, 'fuel_half': 0.10476718734437997}. Best is trial 1622 with value: -0.6125870653324885.
[I 2026-08-19 17:56:27,479] Trial 1925 finished with value: -0.5895273385292024 and parameters: {'k1': 0.0004426331700022418, 'D_low': 2.290352864799695, 'k2': 0.007552324080759313, 'D_high': 1669311.6085417112, 'fire_exp': 2.689600261140155, 'P_half': 32.312352778389574, 'pre_dampen_half': 7.298733055240719, 'gpp_af': 0.6614612726302587, 'gpp_b': 0.00510890581505708, 'gpp_d': 32.81263434028471, 'ign_k': 0.9424979518701312, 'ign_c': 0.5397725146191321, 'trop_agb_crit': 7.677910117028952, 'trop_k_veg': 2.7178819672464707, 'pop_amp': 0.004708058254596842, 'pop_peak': 2.6902546996565535, 'pop_sig': 0.5290712247752039, 'fuel_k': 0.026187010156246446, 'fuel_half': 54.442160719702976}. Best is trial 1622 with value: -0.6125870653324885.
[I 2026-08-19 17:56:29,644] Trial 1926 finished with value: 0.6480573900221523 and parameters: {'k1': 0.0011080272890862844, 'D_low': 2.4526976021493834, 'k2': 0.03964386196566321, 'D_high': 479576.7956426656, 'fire_exp': 2.249931784942646, 'P_half': 964.2262270361236, 'pre_dampen_half': 56.824955953041226, 'gpp_af': 3.635122804778904, 'gpp_b': 7.668804545196655e-05, 'gpp_d': 4.913279533227976, 'ign_k': 8.77236611298155, 'ign_c': 36.486572498840175, 'trop_agb_crit': 1.8827481914301525, 'trop_k_veg': 0.8162937804612196, 'pop_amp': 0.0011796858085750266, 'pop_peak': 34.54577197330254, 'pop_sig': 1.4606128243120646, 'fuel_k': 1.7455714173530799, 'fuel_half': 0.20981941207497776}. Best is trial 1622 with value: -0.6125870653324885.
[I 2026-08-19 17:56:31,740] Trial 1927 finished with value: 0.5423625822073093 and parameters: {'k1': 0.00039544966287328813, 'D_low': 1.9216187801532572, 'k2': 0.0012567213306638077, 'D_high': 615418.4836399478, 'fire_exp': 3.464343910297195, 'P_half': 93.49522660802825, 'pre_dampen_half': 4.926352400951078, 'gpp_af': 1.5666435290626388, 'gpp_b': 0.10636579857544382, 'gpp_d': 4.85183685178817, 'ign_k': 0.8156548623310995, 'ign_c': 0.4480318004254885, 'trop_agb_crit': 6.008214185313559, 'trop_k_veg': 5.534015362205113, 'pop_amp': 0.040227728268558985, 'pop_peak': 20.01544853134661, 'pop_sig': 0.37290990342943237, 'fuel_k': 0.01594042608084076, 'fuel_half': 3.226190995483537}. Best is trial 1622 with value: -0.6125870653324885.
  trial 1928/2500  best_overall=0.6126  (58.1 min)
[I 2026-08-19 17:56:34,451] Trial 1928 finished with value: 0.47962506822487805 and parameters: {'k1': 0.00023182835470974563, 'D_low': 328.38045798210123, 'k2': 0.0010082152473664483, 'D_high': 411693.9219533135, 'fire_exp': 2.0067371799665676, 'P_half': 197.5220543437501, 'pre_dampen_half': 1.2777133294177592, 'gpp_af': 6.483611769393845, 'gpp_b': 0.0029299231352318406, 'gpp_d': 88.14713546094055, 'ign_k': 0.234691621552549, 'ign_c': 0.14020526972683764, 'trop_agb_crit': 3.6347478904594817, 'trop_k_veg': 2.2204176354302056, 'pop_amp': 0.0061924200930721434, 'pop_peak': 156.47526235891277, 'pop_sig': 0.39576973256542114, 'fuel_k': 0.031818309731120646, 'fuel_half': 18.06954888427148}. Best is trial 1622 with value: -0.6125870653324885.
[I 2026-08-19 17:56:36,566] Trial 1929 finished with value: 0.45450599793519886 and parameters: {'k1': 0.005073057958955608, 'D_low': 2.989181599926611, 'k2': 0.06387402731855424, 'D_high': 6852998.193698022, 'fire_exp': 3.700554527173429, 'P_half': 54.5451529818394, 'pre_dampen_half': 4.037033011221701, 'gpp_af': 0.37073270382410106, 'gpp_b': 0.015272734092748888, 'gpp_d': 136.52928808933655, 'ign_k': 0.9282348801754325, 'ign_c': 0.8812302850668505, 'trop_agb_crit': 5.226327398349668, 'trop_k_veg': 5.005114985816556, 'pop_amp': 0.02360392634585733, 'pop_peak': 15.305821633145834, 'pop_sig': 0.44605383760567346, 'fuel_k': 0.14583508885501575, 'fuel_half': 72.38244509180538}. Best is trial 1622 with value: -0.6125870653324885.
[I 2026-08-19 17:56:38,652] Trial 1930 finished with value: -0.5720088768903848 and parameters: {'k1': 0.0006173515147209369, 'D_low': 75.04529043491513, 'k2': 0.004340134829871905, 'D_high': 749518.2004693011, 'fire_exp': 1.8525483925441497, 'P_half': 316.58188457026307, 'pre_dampen_half': 9.174642316029798, 'gpp_af': 1.4273760455728906, 'gpp_b': 0.0003468886576846488, 'gpp_d': 9.315810782024519, 'ign_k': 0.2547084164198588, 'ign_c': 0.24888855831705647, 'trop_agb_crit': 12.526858487310855, 'trop_k_veg': 2.906003376787722, 'pop_amp': 0.0019631983918512916, 'pop_peak': 0.7321279488386847, 'pop_sig': 0.7278798363142157, 'fuel_k': 0.1383632500157142, 'fuel_half': 55.03310786436364}. Best is trial 1622 with value: -0.6125870653324885.
[I 2026-08-19 17:56:40,782] Trial 1931 finished with value: 0.519477191252236 and parameters: {'k1': 0.0002593379937831088, 'D_low': 36.82048216826848, 'k2': 0.0026226897255204286, 'D_high': 156314.1012152252, 'fire_exp': 2.4582116598087027, 'P_half': 85.4568158354304, 'pre_dampen_half': 0.9983812720678918, 'gpp_af': 0.25396948143561815, 'gpp_b': 0.009824149975199101, 'gpp_d': 3.767025371309262, 'ign_k': 1.315085688860786, 'ign_c': 0.5066841525537905, 'trop_agb_crit': 15.520204627487129, 'trop_k_veg': 2.9829090770464637, 'pop_amp': 0.001763431502137794, 'pop_peak': 17.025002532808518, 'pop_sig': 0.7805046495658392, 'fuel_k': 0.012628270421846041, 'fuel_half': 64.54733908333775}. Best is trial 1622 with value: -0.6125870653324885.
[I 2026-08-19 17:56:42,870] Trial 1932 finished with value: 0.6445374145881376 and parameters: {'k1': 0.0037059309648750185, 'D_low': 426.4365358592468, 'k2': 0.00017612009970603863, 'D_high': 459000.9762856667, 'fire_exp': 1.9570571981064453, 'P_half': 4.188407906494177, 'pre_dampen_half': 26.977849574847127, 'gpp_af': 0.10737380562132513, 'gpp_b': 1.4420109364378472e-05, 'gpp_d': 6.035847923444316, 'ign_k': 2.5854415114697975, 'ign_c': 508.4843379083721, 'trop_agb_crit': 8.581664935503133, 'trop_k_veg': 3.5761172377305344, 'pop_amp': 0.006802577932885888, 'pop_peak': 0.26105507869568717, 'pop_sig': 0.5803582637752763, 'fuel_k': 4.949854537262338, 'fuel_half': 9.227239115579017}. Best is trial 1622 with value: -0.6125870653324885.
[I 2026-08-19 17:56:44,791] Trial 1933 finished with value: -0.5711781542125449 and parameters: {'k1': 0.00030509587748500736, 'D_low': 2.4890415430667647, 'k2': 0.0013553215491898356, 'D_high': 958498.318668316, 'fire_exp': 4.031918765707051, 'P_half': 24.80999137029596, 'pre_dampen_half': 25.24878174460053, 'gpp_af': 0.15737685879852167, 'gpp_b': 0.007242136711805689, 'gpp_d': 14.006161131027428, 'ign_k': 1.7333704988554062, 'ign_c': 1.5319409264482595, 'trop_agb_crit': 11.589855904047177, 'trop_k_veg': 2.627482505347156, 'pop_amp': 0.002537300686566813, 'pop_peak': 2.2806296114396463, 'pop_sig': 0.7256439641489121, 'fuel_k': 0.06309852059911769, 'fuel_half': 45.642208382581664}. Best is trial 1622 with value: -0.6125870653324885.
[I 2026-08-19 17:56:46,900] Trial 1934 finished with value: 0.5660034595119255 and parameters: {'k1': 0.001314522150677682, 'D_low': 54.186966917479175, 'k2': 0.001263825528727829, 'D_high': 6491822.765488875, 'fire_exp': 2.608816623962236, 'P_half': 964.2782451836117, 'pre_dampen_half': 0.7269088438520052, 'gpp_af': 0.3258704739386118, 'gpp_b': 0.005428354218641299, 'gpp_d': 132.9888495291353, 'ign_k': 0.664181213281705, 'ign_c': 2.549807953484804, 'trop_agb_crit': 5.891763193529992, 'trop_k_veg': 2.5526005931256015, 'pop_amp': 0.0077881457539270465, 'pop_peak': 2.49700366083022, 'pop_sig': 0.39801298177881406, 'fuel_k': 0.012012522424294488, 'fuel_half': 35.00407803618356}. Best is trial 1622 with value: -0.6125870653324885.
[I 2026-08-19 17:56:48,949] Trial 1935 finished with value: 0.5325034879586453 and parameters: {'k1': 2.5956836188638253e-05, 'D_low': 277.7736513633643, 'k2': 0.00030064912327516287, 'D_high': 3265475.602177202, 'fire_exp': 1.6835863877021133, 'P_half': 12.994065328629908, 'pre_dampen_half': 24.507530154284325, 'gpp_af': 0.08812144635936713, 'gpp_b': 0.0003873810636657614, 'gpp_d': 395.1162028432278, 'ign_k': 0.04092296506068892, 'ign_c': 35.22528926501421, 'trop_agb_crit': 23.379834608744517, 'trop_k_veg': 3.5296601518390074, 'pop_amp': 0.001018386780434222, 'pop_peak': 0.35280610693515707, 'pop_sig': 0.4153547322220779, 'fuel_k': 0.7250533286154778, 'fuel_half': 0.9777516815584325}. Best is trial 1622 with value: -0.6125870653324885.
[I 2026-08-19 17:56:50,815] Trial 1936 finished with value: 0.440814566677483 and parameters: {'k1': 1.2736550937491717e-05, 'D_low': 526.5356943206009, 'k2': 0.00096922776934549, 'D_high': 3811628.5810767594, 'fire_exp': 2.5169238371065985, 'P_half': 2.0176316841321995, 'pre_dampen_half': 73.68817307724778, 'gpp_af': 0.5907312009308862, 'gpp_b': 0.005724524671594992, 'gpp_d': 800.4408325236928, 'ign_k': 2.6250232353386003, 'ign_c': 2.61192236065498, 'trop_agb_crit': 8.875820806292017, 'trop_k_veg': 3.095464871286155, 'pop_amp': 0.00278959326658372, 'pop_peak': 0.8022042225284329, 'pop_sig': 0.6810942866879117, 'fuel_k': 0.5275685876775957, 'fuel_half': 1.0389162401609138}. Best is trial 1622 with value: -0.6125870653324885.
[I 2026-08-19 17:56:52,618] Trial 1937 finished with value: 0.4663217103392856 and parameters: {'k1': 0.0005832134380410964, 'D_low': 3.6121073223058215, 'k2': 0.009072173629341469, 'D_high': 551680.2476101497, 'fire_exp': 2.781174187341044, 'P_half': 5.560776979106017, 'pre_dampen_half': 0.5646524013292185, 'gpp_af': 0.4699108435218786, 'gpp_b': 0.0017867415103117457, 'gpp_d': 225.907678366015, 'ign_k': 1.5675804086457708, 'ign_c': 0.29784894146080526, 'trop_agb_crit': 3.967577494322917, 'trop_k_veg': 1.2488439449394075, 'pop_amp': 0.014361604881511046, 'pop_peak': 4.224249844700525, 'pop_sig': 0.4755136772642017, 'fuel_k': 0.08403520468080544, 'fuel_half': 32.45531213428474}. Best is trial 1622 with value: -0.6125870653324885.
  trial 1938/2500  best_overall=0.6126  (58.5 min)
[I 2026-08-19 17:56:54,835] Trial 1938 finished with value: 0.47119085055656007 and parameters: {'k1': 0.07740064213794567, 'D_low': 5.094733476186616, 'k2': 0.0008955252213556948, 'D_high': 861894.887636345, 'fire_exp': 4.049742490781183, 'P_half': 1.4589670451741266, 'pre_dampen_half': 74.78899873719527, 'gpp_af': 0.4906342098840132, 'gpp_b': 0.0011540456058469273, 'gpp_d': 13.663519829921503, 'ign_k': 0.5308720454065898, 'ign_c': 1.227132207298871, 'trop_agb_crit': 9.613171126286597, 'trop_k_veg': 1.7298358034113306, 'pop_amp': 0.0017863883129021667, 'pop_peak': 0.07687751720679321, 'pop_sig': 1.0158771593065152, 'fuel_k': 0.1750328594326349, 'fuel_half': 0.7561554676726421}. Best is trial 1622 with value: -0.6125870653324885.
[I 2026-08-19 17:56:56,667] Trial 1939 finished with value: 0.5388652829523795 and parameters: {'k1': 0.0245903186964216, 'D_low': 43.744482112243624, 'k2': 0.0003675723407581879, 'D_high': 55263.15995625516, 'fire_exp': 4.23912488611843, 'P_half': 226.39905621253865, 'pre_dampen_half': 3.2718392547531363, 'gpp_af': 0.0012356953702654942, 'gpp_b': 3.660697066158772e-05, 'gpp_d': 204.34846466297054, 'ign_k': 1.8674473775569784, 'ign_c': 10.577690919684047, 'trop_agb_crit': 25.392834508533912, 'trop_k_veg': 5.311535488804257, 'pop_amp': 0.0016221317176398913, 'pop_peak': 0.2509063193318794, 'pop_sig': 0.34236276037262303, 'fuel_k': 1.8592919818901774, 'fuel_half': 54.45587240514772}. Best is trial 1622 with value: -0.6125870653324885.
[I 2026-08-19 17:56:58,458] Trial 1940 finished with value: 0.46923503528145927 and parameters: {'k1': 0.010588607146522313, 'D_low': 307.1440489809872, 'k2': 0.0006982870170852401, 'D_high': 4010765.4997757464, 'fire_exp': 2.3203403471932558, 'P_half': 90.18332688494338, 'pre_dampen_half': 0.4118598504863501, 'gpp_af': 0.0161211691994958, 'gpp_b': 2.03995522136031e-05, 'gpp_d': 3.9796237195430297, 'ign_k': 2.4280738642451363, 'ign_c': 7.733128178716885, 'trop_agb_crit': 14.241921394453177, 'trop_k_veg': 7.1743248160181015, 'pop_amp': 0.011584921759546516, 'pop_peak': 0.09551624959948213, 'pop_sig': 0.7928221380595891, 'fuel_k': 5.388193342138147, 'fuel_half': 38.38274169954506}. Best is trial 1622 with value: -0.6125870653324885.
[I 2026-08-19 17:57:00,271] Trial 1941 finished with value: 0.5691757075081502 and parameters: {'k1': 0.00022972438268876284, 'D_low': 9.563910472746098, 'k2': 0.024067840961362802, 'D_high': 5910.193868390071, 'fire_exp': 2.3552369335966463, 'P_half': 25.846019143218232, 'pre_dampen_half': 73.82475338477902, 'gpp_af': 0.07869043581431949, 'gpp_b': 0.025926846972257507, 'gpp_d': 16.12522448369009, 'ign_k': 1.303039097121096, 'ign_c': 1.004726081348419, 'trop_agb_crit': 3.734413688289362, 'trop_k_veg': 2.8107654043796786, 'pop_amp': 0.00621797862931538, 'pop_peak': 0.3125100591280181, 'pop_sig': 0.6515535677510284, 'fuel_k': 0.013517785168938994, 'fuel_half': 36.78119202827867}. Best is trial 1622 with value: -0.6125870653324885.
