[I 2026-06-10 19:39:49,093] Trial 851 finished with values: [10.290276922477267, 10.290276922477267] and parameters: {'k1': 0.012840669372724958, 'D_low': 669.7348618512094, 'k2': 0.0001280886335404798, 'D_high': 20103.283734409175, 'fire_exp': 1.2060040899560858, 'P_half': 114.62237838612074, 'pre_dampen_half': 9.044346216330972, 'gpp_af': 0.8594202650742228, 'gpp_b': 0.0008861657881839811, 'gpp_d': 1.0088237648985734, 'ign_k': 0.09256855841989636, 'ign_c': 4.619723604324942, 'trop_agb_crit': 1.0189592979395135, 'trop_k_veg': 2.99731137426955, 'fire_amp': 2.6192385880432525}.
[I 2026-06-10 19:39:50,275] Trial 852 finished with values: [-0.5133651654010528, 0.6620634356948172] and parameters: {'k1': 0.0869690639641868, 'D_low': 1.4002277211577039, 'k2': 0.0007731571570012607, 'D_high': 1817.0401889219124, 'fire_exp': 1.2060040899560858, 'P_half': 17.671138565264357, 'pre_dampen_half': 9.044346216330972, 'gpp_af': 3.298293484806585, 'gpp_b': 0.001674375583895437, 'gpp_d': 1.0088237648985734, 'ign_k': 0.10581992548039146, 'ign_c': 2.2882309479728957, 'trop_agb_crit': 8.0091368834625, 'trop_k_veg': 1.6911993818705504, 'fire_amp': 5.44779717154213}.
[I 2026-06-10 19:39:51,458] Trial 853 finished with values: [-0.5979891695889247, 0.5657015996370162] and parameters: {'k1': 0.012840669372724958, 'D_low': 16.480446427978972, 'k2': 0.0007731571570012607, 'D_high': 1817.0401889219124, 'fire_exp': 1.111738490499784, 'P_half': 5.4712187293420325, 'pre_dampen_half': 189.36639872354493, 'gpp_af': 1.8730788990929563, 'gpp_b': 0.002416023630607169, 'gpp_d': 0.47379914349407487, 'ign_k': 0.9419612235978201, 'ign_c': 2.2882309479728957, 'trop_agb_crit': 1.438876022196885, 'trop_k_veg': 5.453348988480011, 'fire_amp': 2.368964504291618}.
[I 2026-06-10 19:39:52,629] Trial 854 finished with values: [10.373922240170515, 10.373922240170515] and parameters: {'k1': 1.193353489272344e-05, 'D_low': 266.07970538371484, 'k2': 0.02065142557895925, 'D_high': 267.3088310781672, 'fire_exp': 1.111738490499784, 'P_half': 774.5825831079144, 'pre_dampen_half': 189.36639872354493, 'gpp_af': 1.9998014714101113, 'gpp_b': 0.5903603324157484, 'gpp_d': 525.1661172395181, 'ign_k': 0.09256855841989636, 'ign_c': 2.2882309479728957, 'trop_agb_crit': 2.41977849576758, 'trop_k_veg': 1.6003641872536711, 'fire_amp': 4.19233232783727}.
[I 2026-06-10 19:39:53,788] Trial 855 finished with values: [10.102694371727909, 10.102694371727909] and parameters: {'k1': 0.0006042560675552671, 'D_low': 2.5449737887285035, 'k2': 0.02065142557895925, 'D_high': 1817.0401889219124, 'fire_exp': 1.111738490499784, 'P_half': 2.226799690893868, 'pre_dampen_half': 189.36639872354493, 'gpp_af': 56.62858823465573, 'gpp_b': 0.002416023630607169, 'gpp_d': 14.427333163005196, 'ign_k': 0.06219881174029358, 'ign_c': 2.2882309479728957, 'trop_agb_crit': 1.23202873794675, 'trop_k_veg': 5.453348988480011, 'fire_amp': 2.6192385880432525}.
[I 2026-06-10 19:39:54,987] Trial 856 finished with values: [10.31134494298644, 10.31134494298644] and parameters: {'k1': 5.7909642338812115e-05, 'D_low': 1.4002277211577039, 'k2': 0.0007731571570012607, 'D_high': 10994.090116844662, 'fire_exp': 1.2060040899560858, 'P_half': 1.4551749476072258, 'pre_dampen_half': 189.36639872354493, 'gpp_af': 3.030008727251782, 'gpp_b': 0.002416023630607169, 'gpp_d': 1.0088237648985734, 'ign_k': 0.10581992548039146, 'ign_c': 2.2882309479728957, 'trop_agb_crit': 1.8023542850487386, 'trop_k_veg': 1.6911993818705504, 'fire_amp': 1.2784745553082768}.
[I 2026-06-10 19:39:56,241] Trial 857 finished with values: [10.833332544678152, 10.833332544678152] and parameters: {'k1': 0.0869690639641868, 'D_low': 2186.356344942016, 'k2': 0.02065142557895925, 'D_high': 1817.0401889219124, 'fire_exp': 1.2060040899560858, 'P_half': 1.4551749476072258, 'pre_dampen_half': 9.044346216330972, 'gpp_af': 3.030008727251782, 'gpp_b': 0.002416023630607169, 'gpp_d': 1.0088237648985734, 'ign_k': 0.09256855841989636, 'ign_c': 2.2882309479728957, 'trop_agb_crit': 8.0091368834625, 'trop_k_veg': 2.2057060303254308, 'fire_amp': 5.44779717154213}.
[I 2026-06-10 19:39:57,461] Trial 858 finished with values: [10.326273197723157, 10.326273197723157] and parameters: {'k1': 0.0869690639641868, 'D_low': 16.480446427978972, 'k2': 0.0007731571570012607, 'D_high': 1817.0401889219124, 'fire_exp': 1.811096651915224, 'P_half': 1.4551749476072258, 'pre_dampen_half': 9.044346216330972, 'gpp_af': 0.004409093791567215, 'gpp_b': 0.00019552902383918484, 'gpp_d': 0.47379914349407487, 'ign_k': 0.9419612235978201, 'ign_c': 7.081721844034206, 'trop_agb_crit': 1.0189592979395135, 'trop_k_veg': 0.7808079158649266, 'fire_amp': 3.8500040010232275}.
[I 2026-06-10 19:39:58,660] Trial 859 finished with values: [10.385579592426955, 10.385579592426955] and parameters: {'k1': 5.7909642338812115e-05, 'D_low': 1.4002277211577039, 'k2': 0.0007731571570012607, 'D_high': 1817.0401889219124, 'fire_exp': 1.2060040899560858, 'P_half': 17.671138565264357, 'pre_dampen_half': 9.044346216330972, 'gpp_af': 3.298293484806585, 'gpp_b': 0.001674375583895437, 'gpp_d': 1.0088237648985734, 'ign_k': 0.09256855841989636, 'ign_c': 2.2882309479728957, 'trop_agb_crit': 1.8023542850487386, 'trop_k_veg': 5.453348988480011, 'fire_amp': 5.44779717154213}.
[I 2026-06-10 19:39:59,866] Trial 860 finished with values: [10.670974891758265, 10.670974891758265] and parameters: {'k1': 5.7909642338812115e-05, 'D_low': 49.539659199197295, 'k2': 0.02065142557895925, 'D_high': 1817.0401889219124, 'fire_exp': 1.111738490499784, 'P_half': 139.09474988024093, 'pre_dampen_half': 0.011497512044959184, 'gpp_af': 56.62858823465573, 'gpp_b': 0.002416023630607169, 'gpp_d': 7.631016235941559, 'ign_k': 0.09256855841989636, 'ign_c': 0.24361599465623282, 'trop_agb_crit': 1.0189592979395135, 'trop_k_veg': 0.975900407343733, 'fire_amp': 4.19233232783727}.
[I 2026-06-10 19:40:01,066] Trial 861 finished with values: [10.798367251907166, 10.798367251907166] and parameters: {'k1': 5.7909642338812115e-05, 'D_low': 13.012518385211498, 'k2': 0.02065142557895925, 'D_high': 1266.9536563782303, 'fire_exp': 1.2060040899560858, 'P_half': 8007.464457322735, 'pre_dampen_half': 189.36639872354493, 'gpp_af': 1.9998014714101113, 'gpp_b': 0.002416023630607169, 'gpp_d': 1.0088237648985734, 'ign_k': 1.6074906204277295, 'ign_c': 2.2882309479728957, 'trop_agb_crit': 26.146349182924812, 'trop_k_veg': 5.453348988480011, 'fire_amp': 2.042193818779288}.
[I 2026-06-10 19:40:02,646] Trial 862 finished with values: [11.938309885813425, 11.938309885813425] and parameters: {'k1': 0.00026539376439360527, 'D_low': 43.2326421037033, 'k2': 0.02065142557895925, 'D_high': 1266.9536563782303, 'fire_exp': 1.111738490499784, 'P_half': 12.262543158860007, 'pre_dampen_half': 189.36639872354493, 'gpp_af': 3.030008727251782, 'gpp_b': 0.002416023630607169, 'gpp_d': 525.1661172395181, 'ign_k': 0.8945150807271531, 'ign_c': 7.832259769732471, 'trop_agb_crit': 8.0091368834625, 'trop_k_veg': 1.6003641872536711, 'fire_amp': 4.472176921013167}.
[I 2026-06-10 19:40:03,893] Trial 863 finished with values: [10.506600705440006, 10.506600705440006] and parameters: {'k1': 0.00026539376439360527, 'D_low': 50.32059347286801, 'k2': 0.02065142557895925, 'D_high': 1266.9536563782303, 'fire_exp': 1.111738490499784, 'P_half': 2.6691447170887805, 'pre_dampen_half': 2.7496044350174866, 'gpp_af': 3.030008727251782, 'gpp_b': 0.002416023630607169, 'gpp_d': 7.631016235941559, 'ign_k': 0.09256855841989636, 'ign_c': 0.2747544877072544, 'trop_agb_crit': 1.8023542850487386, 'trop_k_veg': 5.453348988480011, 'fire_amp': 2.042193818779288}.
[I 2026-06-10 19:40:05,080] Trial 864 finished with values: [10.61658735866223, 10.61658735866223] and parameters: {'k1': 0.00026539376439360527, 'D_low': 50.32059347286801, 'k2': 0.02065142557895925, 'D_high': 1266.9536563782303, 'fire_exp': 1.1633452995374232, 'P_half': 996.7983879709292, 'pre_dampen_half': 189.36639872354493, 'gpp_af': 3.030008727251782, 'gpp_b': 0.002416023630607169, 'gpp_d': 1.4397852866783676, 'ign_k': 0.09256855841989636, 'ign_c': 0.33139424373451987, 'trop_agb_crit': 1.8023542850487386, 'trop_k_veg': 5.453348988480011, 'fire_amp': 2.042193818779288}.
[I 2026-06-10 19:40:06,271] Trial 865 finished with values: [10.83333333328067, 10.83333333328067] and parameters: {'k1': 0.012840669372724958, 'D_low': 155.5385177474217, 'k2': 0.005204862686958021, 'D_high': 1817.0401889219124, 'fire_exp': 1.2060040899560858, 'P_half': 5.4712187293420325, 'pre_dampen_half': 189.36639872354493, 'gpp_af': 0.8594202650742228, 'gpp_b': 0.005324318259022292, 'gpp_d': 0.47379914349407487, 'ign_k': 0.09256855841989636, 'ign_c': 238.46702350126745, 'trop_agb_crit': 2.100813292597435, 'trop_k_veg': 5.453348988480011, 'fire_amp': 3.8500040010232275}.
[I 2026-06-10 19:40:07,465] Trial 866 finished with values: [10.300741694981728, 10.300741694981728] and parameters: {'k1': 0.00026539376439360527, 'D_low': 43.2326421037033, 'k2': 0.02065142557895925, 'D_high': 1817.0401889219124, 'fire_exp': 1.7505406131449859, 'P_half': 12.262543158860007, 'pre_dampen_half': 189.36639872354493, 'gpp_af': 0.8594202650742228, 'gpp_b': 0.001674375583895437, 'gpp_d': 1.0088237648985734, 'ign_k': 0.8945150807271531, 'ign_c': 0.24679157131719837, 'trop_agb_crit': 8.0091368834625, 'trop_k_veg': 1.6003641872536711, 'fire_amp': 2.3984211831442845}.
[I 2026-06-10 19:40:08,613] Trial 867 finished with values: [10.874470394182238, 10.874470394182238] and parameters: {'k1': 0.00026539376439360527, 'D_low': 43.2326421037033, 'k2': 0.02065142557895925, 'D_high': 20103.283734409175, 'fire_exp': 1.111738490499784, 'P_half': 5.4712187293420325, 'pre_dampen_half': 189.36639872354493, 'gpp_af': 0.004409093791567215, 'gpp_b': 0.0015782327810795573, 'gpp_d': 0.47379914349407487, 'ign_k': 0.9419612235978201, 'ign_c': 7.832259769732471, 'trop_agb_crit': 3.1920112940578624, 'trop_k_veg': 1.6003641872536711, 'fire_amp': 4.472176921013167}.
[I 2026-06-10 19:40:09,811] Trial 868 finished with values: [-0.5999844128514225, 0.5195245788207362] and parameters: {'k1': 5.7909642338812115e-05, 'D_low': 1.873653322520581, 'k2': 0.02065142557895925, 'D_high': 1817.0401889219124, 'fire_exp': 1.4126958348191876, 'P_half': 18.93453091519153, 'pre_dampen_half': 189.36639872354493, 'gpp_af': 3.030008727251782, 'gpp_b': 0.0008861657881839811, 'gpp_d': 1.0088237648985734, 'ign_k': 0.09256855841989636, 'ign_c': 7.832259769732471, 'trop_agb_crit': 8.0091368834625, 'trop_k_veg': 1.6003641872536711, 'fire_amp': 5.44779717154213}.
[I 2026-06-10 19:40:11,065] Trial 869 finished with values: [-0.6329966399907404, 0.8125151353226885] and parameters: {'k1': 0.012840669372724958, 'D_low': 9.882278532808778, 'k2': 0.0001280886335404798, 'D_high': 20103.283734409175, 'fire_exp': 1.111738490499784, 'P_half': 114.62237838612074, 'pre_dampen_half': 9.044346216330972, 'gpp_af': 0.8594202650742228, 'gpp_b': 0.002416023630607169, 'gpp_d': 1.4397852866783676, 'ign_k': 0.9419612235978201, 'ign_c': 1.364908766641693, 'trop_agb_crit': 1.0189592979395135, 'trop_k_veg': 2.99731137426955, 'fire_amp': 2.6192385880432525}.
[I 2026-06-10 19:40:12,309] Trial 870 finished with values: [-0.5050271054968698, 0.8038398688171446] and parameters: {'k1': 5.7909642338812115e-05, 'D_low': 9.882278532808778, 'k2': 0.028670350305540694, 'D_high': 6682.9607218310075, 'fire_exp': 1.111738490499784, 'P_half': 78.13392238162733, 'pre_dampen_half': 9.044346216330972, 'gpp_af': 3.298293484806585, 'gpp_b': 0.002416023630607169, 'gpp_d': 1.4397852866783676, 'ign_k': 0.29415751391396583, 'ign_c': 1.364908766641693, 'trop_agb_crit': 1.0189592979395135, 'trop_k_veg': 2.99731137426955, 'fire_amp': 5.667622640988655}.
[I 2026-06-10 19:40:13,463] Trial 871 finished with values: [10.85716973998689, 10.85716973998689] and parameters: {'k1': 0.00026539376439360527, 'D_low': 19.89315688058566, 'k2': 0.005204862686958021, 'D_high': 1817.0401889219124, 'fire_exp': 1.2060040899560858, 'P_half': 12.262543158860007, 'pre_dampen_half': 189.36639872354493, 'gpp_af': 0.8594202650742228, 'gpp_b': 0.001674375583895437, 'gpp_d': 76.38081075786287, 'ign_k': 0.09256855841989636, 'ign_c': 16.497426799845446, 'trop_agb_crit': 12.279079504118675, 'trop_k_veg': 5.453348988480011, 'fire_amp': 4.472176921013167}.
[I 2026-06-10 19:40:14,639] Trial 872 finished with values: [10.144763393578469, 10.144763393578469] and parameters: {'k1': 0.0869690639641868, 'D_low': 80.1811936889058, 'k2': 0.005204862686958021, 'D_high': 6682.9607218310075, 'fire_exp': 1.2060040899560858, 'P_half': 157.3644610977214, 'pre_dampen_half': 9.044346216330972, 'gpp_af': 0.07576025464197739, 'gpp_b': 5.0875243087016374e-05, 'gpp_d': 1.4397852866783676, 'ign_k': 0.09256855841989636, 'ign_c': 1.364908766641693, 'trop_agb_crit': 8.0091368834625, 'trop_k_veg': 5.453348988480011, 'fire_amp': 2.6192385880432525}.
[I 2026-06-10 19:40:15,799] Trial 873 finished with values: [10.1085166344289, 10.1085166344289] and parameters: {'k1': 5.7909642338812115e-05, 'D_low': 669.7348618512094, 'k2': 0.0007731571570012607, 'D_high': 1817.0401889219124, 'fire_exp': 1.111738490499784, 'P_half': 18.93453091519153, 'pre_dampen_half': 189.36639872354493, 'gpp_af': 3.298293484806585, 'gpp_b': 0.0008861657881839811, 'gpp_d': 1.0088237648985734, 'ign_k': 0.09256855841989636, 'ign_c': 7.832259769732471, 'trop_agb_crit': 1.8023542850487386, 'trop_k_veg': 5.453348988480011, 'fire_amp': 3.890668402773863}.
[I 2026-06-10 19:40:17,031] Trial 874 finished with values: [11.403899548131918, 11.403899548131918] and parameters: {'k1': 0.00026539376439360527, 'D_low': 236.79352040223893, 'k2': 0.02065142557895925, 'D_high': 1817.0401889219124, 'fire_exp': 1.2060040899560858, 'P_half': 2.6691447170887805, 'pre_dampen_half': 189.36639872354493, 'gpp_af': 3.298293484806585, 'gpp_b': 0.001674375583895437, 'gpp_d': 7.631016235941559, 'ign_k': 1.6270983114897255, 'ign_c': 2.2882309479728957, 'trop_agb_crit': 1.8023542850487386, 'trop_k_veg': 5.453348988480011, 'fire_amp': 5.44779717154213}.
[I 2026-06-10 19:40:18,309] Trial 875 finished with values: [-0.6949777985148705, 0.4143084245415135] and parameters: {'k1': 0.0003783599106879794, 'D_low': 2.5449737887285035, 'k2': 0.02065142557895925, 'D_high': 1817.0401889219124, 'fire_exp': 1.2060040899560858, 'P_half': 2.226799690893868, 'pre_dampen_half': 189.36639872354493, 'gpp_af': 0.8594202650742228, 'gpp_b': 0.002416023630607169, 'gpp_d': 1.0088237648985734, 'ign_k': 0.09256855841989636, 'ign_c': 0.24361599465623282, 'trop_agb_crit': 8.0091368834625, 'trop_k_veg': 5.453348988480011, 'fire_amp': 2.6192385880432525}.
[I 2026-06-10 19:40:19,503] Trial 876 finished with values: [10.22308534620965, 10.22308534620965] and parameters: {'k1': 0.0006883147458933808, 'D_low': 236.79352040223893, 'k2': 0.028670350305540694, 'D_high': 6682.9607218310075, 'fire_exp': 1.111738490499784, 'P_half': 78.13392238162733, 'pre_dampen_half': 9.044346216330972, 'gpp_af': 3.298293484806585, 'gpp_b': 0.002416023630607169, 'gpp_d': 1.4397852866783676, 'ign_k': 1.6270983114897255, 'ign_c': 1.364908766641693, 'trop_agb_crit': 1.0189592979395135, 'trop_k_veg': 2.99731137426955, 'fire_amp': 5.667622640988655}.
[I 2026-06-10 19:40:20,668] Trial 877 finished with values: [10.833325760694727, 10.833325760694727] and parameters: {'k1': 0.00026539376439360527, 'D_low': 236.79352040223893, 'k2': 0.005204862686958021, 'D_high': 6682.9607218310075, 'fire_exp': 1.2060040899560858, 'P_half': 157.3644610977214, 'pre_dampen_half': 189.36639872354493, 'gpp_af': 1.9998014714101113, 'gpp_b': 5.0875243087016374e-05, 'gpp_d': 76.38081075786287, 'ign_k': 0.09256855841989636, 'ign_c': 138.05946158117075, 'trop_agb_crit': 8.0091368834625, 'trop_k_veg': 5.453348988480011, 'fire_amp': 2.6192385880432525}.
[I 2026-06-10 19:40:21,820] Trial 878 finished with values: [10.790088823736335, 10.790088823736335] and parameters: {'k1': 5.7909642338812115e-05, 'D_low': 1.4002277211577039, 'k2': 0.02065142557895925, 'D_high': 42210.21267871043, 'fire_exp': 7.7998219494546595, 'P_half': 1.4551749476072258, 'pre_dampen_half': 189.36639872354493, 'gpp_af': 3.298293484806585, 'gpp_b': 0.00036184510553922684, 'gpp_d': 1.4397852866783676, 'ign_k': 0.09256855841989636, 'ign_c': 7.832259769732471, 'trop_agb_crit': 8.0091368834625, 'trop_k_veg': 5.453348988480011, 'fire_amp': 5.538534697983617}.
[I 2026-06-10 19:40:23,340] Trial 879 finished with values: [10.16984662140035, 10.16984662140035] and parameters: {'k1': 0.0007916322947490366, 'D_low': 236.79352040223893, 'k2': 0.005204862686958021, 'D_high': 1817.0401889219124, 'fire_exp': 1.2060040899560858, 'P_half': 18.93453091519153, 'pre_dampen_half': 189.36639872354493, 'gpp_af': 0.8594202650742228, 'gpp_b': 0.001674375583895437, 'gpp_d': 1.0088237648985734, 'ign_k': 0.09256855841989636, 'ign_c': 16.497426799845446, 'trop_agb_crit': 1.0189592979395135, 'trop_k_veg': 2.99731137426955, 'fire_amp': 2.6192385880432525}.
[I 2026-06-10 19:40:24,578] Trial 880 finished with values: [10.70493173873449, 10.70493173873449] and parameters: {'k1': 0.004439732043401208, 'D_low': 1.4002277211577039, 'k2': 0.0007731571570012607, 'D_high': 48235.58283024493, 'fire_exp': 6.122141825699288, 'P_half': 1.4551749476072258, 'pre_dampen_half': 189.36639872354493, 'gpp_af': 21.635028947225102, 'gpp_b': 0.006999112505425414, 'gpp_d': 0.37760216765950283, 'ign_k': 0.09256855841989636, 'ign_c': 7.832259769732471, 'trop_agb_crit': 1.8023542850487386, 'trop_k_veg': 3.7910619738560545, 'fire_amp': 2.6192385880432525}.
[I 2026-06-10 19:40:25,812] Trial 881 finished with values: [10.743815785028785, 10.743815785028785] and parameters: {'k1': 0.0869690639641868, 'D_low': 266.07970538371484, 'k2': 0.003767022142229395, 'D_high': 48235.58283024493, 'fire_exp': 1.111738490499784, 'P_half': 774.5825831079144, 'pre_dampen_half': 27.58503443495818, 'gpp_af': 1.8730788990929563, 'gpp_b': 0.004222977274601172, 'gpp_d': 1.0088237648985734, 'ign_k': 0.010439567055209046, 'ign_c': 230.93317030826512, 'trop_agb_crit': 1.139620825053645, 'trop_k_veg': 4.167664671344212, 'fire_amp': 4.19233232783727}.
[I 2026-06-10 19:40:26,988] Trial 882 finished with values: [10.01330324158567, 10.01330324158567] and parameters: {'k1': 0.04046205802397579, 'D_low': 236.79352040223893, 'k2': 0.005204862686958021, 'D_high': 6682.9607218310075, 'fire_exp': 1.2060040899560858, 'P_half': 114.62237838612074, 'pre_dampen_half': 189.36639872354493, 'gpp_af': 1.9998014714101113, 'gpp_b': 0.001674375583895437, 'gpp_d': 1.4397852866783676, 'ign_k': 0.09256855841989636, 'ign_c': 16.497426799845446, 'trop_agb_crit': 8.0091368834625, 'trop_k_veg': 5.453348988480011, 'fire_amp': 2.6192385880432525}.
[I 2026-06-10 19:40:28,147] Trial 883 finished with values: [-0.620500207692654, 0.45362989155384337] and parameters: {'k1': 5.7909642338812115e-05, 'D_low': 236.79352040223893, 'k2': 0.02065142557895925, 'D_high': 1817.0401889219124, 'fire_exp': 1.2060040899560858, 'P_half': 70.13097205353067, 'pre_dampen_half': 189.36639872354493, 'gpp_af': 3.298293484806585, 'gpp_b': 0.002416023630607169, 'gpp_d': 1.0088237648985734, 'ign_k': 0.09256855841989636, 'ign_c': 7.832259769732471, 'trop_agb_crit': 1.8023542850487386, 'trop_k_veg': 5.453348988480011, 'fire_amp': 5.015960627273085}.
[I 2026-06-10 19:40:29,351] Trial 884 finished with values: [10.833333329299686, 10.833333329299686] and parameters: {'k1': 5.7909642338812115e-05, 'D_low': 236.79352040223893, 'k2': 0.02065142557895925, 'D_high': 1817.0401889219124, 'fire_exp': 1.7505406131449859, 'P_half': 353.8391696694433, 'pre_dampen_half': 189.36639872354493, 'gpp_af': 3.030008727251782, 'gpp_b': 0.002416023630607169, 'gpp_d': 525.1661172395181, 'ign_k': 0.8945150807271531, 'ign_c': 43.39260158221387, 'trop_agb_crit': 3.1920112940578624, 'trop_k_veg': 1.6003641872536711, 'fire_amp': 5.015960627273085}.
[I 2026-06-10 19:40:30,531] Trial 885 finished with values: [10.228359970194338, 10.228359970194338] and parameters: {'k1': 0.0869690639641868, 'D_low': 16.480446427978972, 'k2': 0.003767022142229395, 'D_high': 20103.283734409175, 'fire_exp': 1.811096651915224, 'P_half': 5.4712187293420325, 'pre_dampen_half': 38.00678588560607, 'gpp_af': 1.8730788990929563, 'gpp_b': 0.001674375583895437, 'gpp_d': 0.47379914349407487, 'ign_k': 0.09256855841989636, 'ign_c': 7.081721844034206, 'trop_agb_crit': 21.086120736447015, 'trop_k_veg': 0.7808079158649266, 'fire_amp': 4.19233232783727}.
[I 2026-06-10 19:40:31,743] Trial 886 finished with values: [10.387916252686054, 10.387916252686054] and parameters: {'k1': 5.7909642338812115e-05, 'D_low': 2186.356344942016, 'k2': 0.0001280886335404798, 'D_high': 1266.9536563782303, 'fire_exp': 1.2060040899560858, 'P_half': 12.262543158860007, 'pre_dampen_half': 189.36639872354493, 'gpp_af': 3.030008727251782, 'gpp_b': 0.002416023630607169, 'gpp_d': 1.0088237648985734, 'ign_k': 0.9419612235978201, 'ign_c': 2.2882309479728957, 'trop_agb_crit': 2.100813292597435, 'trop_k_veg': 3.1055119128084763, 'fire_amp': 2.6192385880432525}.
[I 2026-06-10 19:40:32,989] Trial 887 finished with values: [11.542892621291623, 11.542892621291623] and parameters: {'k1': 5.7909642338812115e-05, 'D_low': 1.4002277211577039, 'k2': 0.02065142557895925, 'D_high': 1817.0401889219124, 'fire_exp': 1.111738490499784, 'P_half': 12.262543158860007, 'pre_dampen_half': 189.36639872354493, 'gpp_af': 3.030008727251782, 'gpp_b': 0.002416023630607169, 'gpp_d': 298.943216845222, 'ign_k': 0.09256855841989636, 'ign_c': 7.832259769732471, 'trop_agb_crit': 8.0091368834625, 'trop_k_veg': 2.9214381145106936, 'fire_amp': 4.472176921013167}.
