[I 2026-06-11 01:44:35,560] Trial 1084 finished with values: [10.400146700006154, 10.400146700006154] and parameters: {'k1': 0.000854821601517369, 'D_low': 148.21691630007544, 'k2': 7.531057256501231e-05, 'D_high': 17663.59719322428, 'fire_exp': 1.5191397119156032, 'P_half': 157.80309954142965, 'pre_dampen_half': 4.847666216751353, 'gpp_af': 0.004649431590340411, 'gpp_b': 2.1309331861011757e-05, 'gpp_d': 0.1619054449471649, 'ign_k': 0.0021009032602888056, 'ign_c': 1.364908766641693, 'trop_agb_crit': 2.100813292597435, 'trop_k_veg': 2.724170387400844, 'fire_amp': 5.44779717154213}.
[I 2026-06-11 01:44:37,646] Trial 1085 finished with values: [10.453176758156399, 10.453176758156399] and parameters: {'k1': 9.132348475718357e-05, 'D_low': 422.58534248395387, 'k2': 0.0001280886335404798, 'D_high': 8161.260265732991, 'fire_exp': 1.811096651915224, 'P_half': 157.80309954142965, 'pre_dampen_half': 121.93011993958949, 'gpp_af': 0.07118041471054574, 'gpp_b': 0.0006809980431188124, 'gpp_d': 0.47379914349407487, 'ign_k': 0.0032383308053152635, 'ign_c': 7.081721844034206, 'trop_agb_crit': 1.8023542850487386, 'trop_k_veg': 2.2057060303254308, 'fire_amp': 1.4475279918261055}.
[I 2026-06-11 01:44:38,993] Trial 1086 finished with values: [-0.5196419072609559, 0.04876760267617597] and parameters: {'k1': 0.00023134781612225627, 'D_low': 236.79352040223893, 'k2': 7.531057256501231e-05, 'D_high': 6682.9607218310075, 'fire_exp': 1.2060040899560858, 'P_half': 7.914423612155368, 'pre_dampen_half': 121.93011993958949, 'gpp_af': 0.07118041471054574, 'gpp_b': 0.004411400434514031, 'gpp_d': 304.7488318185732, 'ign_k': 7.544827057709847, 'ign_c': 14.709699119495124, 'trop_agb_crit': 24.199763404822136, 'trop_k_veg': 2.724170387400844, 'fire_amp': 1.5719333351012774}.
[I 2026-06-11 01:44:40,314] Trial 1087 finished with values: [10.4727403241021, 10.4727403241021] and parameters: {'k1': 0.03648456083047798, 'D_low': 96.79314683873939, 'k2': 0.0007731571570012607, 'D_high': 6682.9607218310075, 'fire_exp': 1.5191397119156032, 'P_half': 157.80309954142965, 'pre_dampen_half': 9.044346216330972, 'gpp_af': 0.060029341913968644, 'gpp_b': 0.001674375583895437, 'gpp_d': 0.4742269251269962, 'ign_k': 2.3805746020770413, 'ign_c': 5.589884191278512, 'trop_agb_crit': 2.100813292597435, 'trop_k_veg': 0.8262197191676174, 'fire_amp': 1.5719333351012774}.
[I 2026-06-11 01:44:41,605] Trial 1088 finished with values: [10.045858844089897, 10.045858844089897] and parameters: {'k1': 0.03648456083047798, 'D_low': 148.21691630007544, 'k2': 0.019383858782150494, 'D_high': 6682.9607218310075, 'fire_exp': 1.2060040899560858, 'P_half': 828.0049147416808, 'pre_dampen_half': 9.044346216330972, 'gpp_af': 0.060029341913968644, 'gpp_b': 0.001674375583895437, 'gpp_d': 0.4742269251269962, 'ign_k': 0.0032383308053152635, 'ign_c': 4.619723604324942, 'trop_agb_crit': 2.100813292597435, 'trop_k_veg': 2.2057060303254308, 'fire_amp': 5.44779717154213}.
[I 2026-06-11 01:44:43,069] Trial 1089 finished with values: [10.172911235306573, 10.172911235306573] and parameters: {'k1': 0.0869690639641868, 'D_low': 148.21691630007544, 'k2': 7.531057256501231e-05, 'D_high': 11535.903009361185, 'fire_exp': 1.4418104459395558, 'P_half': 7.914423612155368, 'pre_dampen_half': 903.3231300044874, 'gpp_af': 0.10098504976210308, 'gpp_b': 0.04585122011467926, 'gpp_d': 0.4742269251269962, 'ign_k': 0.0032383308053152635, 'ign_c': 14.709699119495124, 'trop_agb_crit': 2.100813292597435, 'trop_k_veg': 2.6646585294137255, 'fire_amp': 3.1045399027418377}.
[I 2026-06-11 01:44:44,645] Trial 1090 finished with values: [10.348464428833626, 10.348464428833626] and parameters: {'k1': 9.132348475718357e-05, 'D_low': 235.39834531862078, 'k2': 0.006802810205786726, 'D_high': 6682.9607218310075, 'fire_exp': 1.5191397119156032, 'P_half': 3.591771421517613, 'pre_dampen_half': 4.847666216751353, 'gpp_af': 0.07576025464197739, 'gpp_b': 5.0875243087016374e-05, 'gpp_d': 0.1619054449471649, 'ign_k': 7.544827057709847, 'ign_c': 7.081721844034206, 'trop_agb_crit': 1.5846537833319025, 'trop_k_veg': 5.636143940068465, 'fire_amp': 5.44779717154213}.
[I 2026-06-11 01:44:46,121] Trial 1091 finished with values: [-0.45366792527828287, 0.133986145318852] and parameters: {'k1': 0.00023134781612225627, 'D_low': 236.79352040223893, 'k2': 0.0007731571570012607, 'D_high': 10127.455512700302, 'fire_exp': 1.811096651915224, 'P_half': 3.591771421517613, 'pre_dampen_half': 121.93011993958949, 'gpp_af': 0.046239120540552445, 'gpp_b': 0.0004360709560327289, 'gpp_d': 0.1619054449471649, 'ign_k': 0.0032383308053152635, 'ign_c': 2.226297338331262, 'trop_agb_crit': 12.708819454040446, 'trop_k_veg': 0.5535297685306277, 'fire_amp': 1.5719333351012774}.
[I 2026-06-11 01:44:47,475] Trial 1092 finished with values: [-0.683187422670519, 0.1037381361968509] and parameters: {'k1': 0.0869690639641868, 'D_low': 236.79352040223893, 'k2': 7.531057256501231e-05, 'D_high': 6682.9607218310075, 'fire_exp': 1.2060040899560858, 'P_half': 157.80309954142965, 'pre_dampen_half': 19.26530022550305, 'gpp_af': 0.9219336658511308, 'gpp_b': 0.0004360709560327289, 'gpp_d': 0.1619054449471649, 'ign_k': 7.544827057709847, 'ign_c': 1.364908766641693, 'trop_agb_crit': 2.100813292597435, 'trop_k_veg': 2.6646585294137255, 'fire_amp': 3.1045399027418377}.
[I 2026-06-11 01:44:48,790] Trial 1093 finished with values: [10.656483848941477, 10.656483848941477] and parameters: {'k1': 0.03648456083047798, 'D_low': 236.79352040223893, 'k2': 5.12525027816961e-05, 'D_high': 6682.9607218310075, 'fire_exp': 1.2060040899560858, 'P_half': 157.80309954142965, 'pre_dampen_half': 4.847666216751353, 'gpp_af': 0.9219336658511308, 'gpp_b': 0.004411400434514031, 'gpp_d': 0.1619054449471649, 'ign_k': 6.705921794825829, 'ign_c': 14.709699119495124, 'trop_agb_crit': 2.100813292597435, 'trop_k_veg': 6.963655030926962, 'fire_amp': 5.44779717154213}.
[I 2026-06-11 01:44:50,128] Trial 1094 finished with values: [17.430685857274234, 17.430685857274234] and parameters: {'k1': 0.030699709531122967, 'D_low': 148.21691630007544, 'k2': 7.531057256501231e-05, 'D_high': 6682.9607218310075, 'fire_exp': 1.5191397119156032, 'P_half': 5.4712187293420325, 'pre_dampen_half': 903.3231300044874, 'gpp_af': 0.10098504976210308, 'gpp_b': 2.1309331861011757e-05, 'gpp_d': 0.4742269251269962, 'ign_k': 0.001887261434847181, 'ign_c': 14.709699119495124, 'trop_agb_crit': 2.100813292597435, 'trop_k_veg': 0.5535297685306277, 'fire_amp': 5.44779717154213}.
[I 2026-06-11 01:44:51,645] Trial 1095 finished with values: [-0.6917054227861699, 0.1738085062283511] and parameters: {'k1': 9.132348475718357e-05, 'D_low': 1.6912931293332942, 'k2': 0.0007731571570012607, 'D_high': 6682.9607218310075, 'fire_exp': 1.2060040899560858, 'P_half': 3.591771421517613, 'pre_dampen_half': 4.847666216751353, 'gpp_af': 0.9219336658511308, 'gpp_b': 1.4008921101492135e-05, 'gpp_d': 0.1619054449471649, 'ign_k': 7.544827057709847, 'ign_c': 1.9423015749984096, 'trop_agb_crit': 1.8023542850487386, 'trop_k_veg': 0.5535297685306277, 'fire_amp': 5.44779717154213}.
[I 2026-06-11 01:44:53,205] Trial 1096 finished with values: [-0.5983184953644005, 0.0924046616269647] and parameters: {'k1': 0.0869690639641868, 'D_low': 148.21691630007544, 'k2': 0.002090955698118952, 'D_high': 6682.9607218310075, 'fire_exp': 1.5191397119156032, 'P_half': 157.80309954142965, 'pre_dampen_half': 4.847666216751353, 'gpp_af': 0.025759378080856075, 'gpp_b': 2.1309331861011757e-05, 'gpp_d': 304.7488318185732, 'ign_k': 2.9663798365255736, 'ign_c': 1.364908766641693, 'trop_agb_crit': 2.100813292597435, 'trop_k_veg': 2.724170387400844, 'fire_amp': 5.44779717154213}.
[I 2026-06-11 01:44:54,592] Trial 1097 finished with values: [-0.6379965265975046, 0.1433223031485965] and parameters: {'k1': 0.030699709531122967, 'D_low': 1.7551403048208316, 'k2': 0.0001280886335404798, 'D_high': 6682.9607218310075, 'fire_exp': 1.5191397119156032, 'P_half': 157.80309954142965, 'pre_dampen_half': 9.044346216330972, 'gpp_af': 2.5017068255320485, 'gpp_b': 2.1309331861011757e-05, 'gpp_d': 0.4311794772837057, 'ign_k': 2.3805746020770413, 'ign_c': 0.24361599465623282, 'trop_agb_crit': 2.4354040724741646, 'trop_k_veg': 2.724170387400844, 'fire_amp': 5.44779717154213}.
[I 2026-06-11 01:44:55,988] Trial 1098 finished with values: [-0.565073071790756, 0.05603819277268296] and parameters: {'k1': 0.03648456083047798, 'D_low': 236.79352040223893, 'k2': 0.019383858782150494, 'D_high': 1266.9536563782303, 'fire_exp': 1.5191397119156032, 'P_half': 5.4712187293420325, 'pre_dampen_half': 4.847666216751353, 'gpp_af': 0.060029341913968644, 'gpp_b': 1.4008921101492135e-05, 'gpp_d': 0.4742269251269962, 'ign_k': 0.0032383308053152635, 'ign_c': 22.126836566118193, 'trop_agb_crit': 12.708819454040446, 'trop_k_veg': 0.9916584379003145, 'fire_amp': 5.44779717154213}.
[I 2026-06-11 01:44:57,305] Trial 1099 finished with values: [-0.6489908125729993, 0.16105787404723826] and parameters: {'k1': 0.030699709531122967, 'D_low': 236.79352040223893, 'k2': 0.019383858782150494, 'D_high': 6682.9607218310075, 'fire_exp': 1.2060040899560858, 'P_half': 157.80309954142965, 'pre_dampen_half': 4.847666216751353, 'gpp_af': 24.539832961133826, 'gpp_b': 2.1309331861011757e-05, 'gpp_d': 0.4690202496211708, 'ign_k': 2.9663798365255736, 'ign_c': 1.364908766641693, 'trop_agb_crit': 12.9667438075127, 'trop_k_veg': 6.168921645828263, 'fire_amp': 5.44779717154213}.
[I 2026-06-11 01:44:59,261] Trial 1100 finished with values: [10.527495581200881, 10.527495581200881] and parameters: {'k1': 0.030699709531122967, 'D_low': 1.7551403048208316, 'k2': 0.0001280886335404798, 'D_high': 6682.9607218310075, 'fire_exp': 1.7764222324085959, 'P_half': 157.80309954142965, 'pre_dampen_half': 4.847666216751353, 'gpp_af': 0.005061568304359487, 'gpp_b': 8.168628001294799e-05, 'gpp_d': 0.1619054449471649, 'ign_k': 2.3805746020770413, 'ign_c': 1.364908766641693, 'trop_agb_crit': 1.23202873794675, 'trop_k_veg': 6.963655030926962, 'fire_amp': 5.44779717154213}.
[I 2026-06-11 01:45:00,781] Trial 1101 finished with values: [11.430360742303534, 11.430360742303534] and parameters: {'k1': 0.0869690639641868, 'D_low': 148.21691630007544, 'k2': 4.933751600448335e-05, 'D_high': 6682.9607218310075, 'fire_exp': 1.5191397119156032, 'P_half': 7.914423612155368, 'pre_dampen_half': 903.3231300044874, 'gpp_af': 0.9219336658511308, 'gpp_b': 2.1309331861011757e-05, 'gpp_d': 3.257094673454639, 'ign_k': 0.004105873950290761, 'ign_c': 14.709699119495124, 'trop_agb_crit': 2.100813292597435, 'trop_k_veg': 2.724170387400844, 'fire_amp': 1.6278636271176736}.
[I 2026-06-11 01:45:02,154] Trial 1102 finished with values: [10.624290987551838, 10.624290987551838] and parameters: {'k1': 0.08006837661379566, 'D_low': 148.21691630007544, 'k2': 0.0007731571570012607, 'D_high': 6682.9607218310075, 'fire_exp': 1.2060040899560858, 'P_half': 3.591771421517613, 'pre_dampen_half': 9.044346216330972, 'gpp_af': 0.060029341913968644, 'gpp_b': 0.001674375583895437, 'gpp_d': 1.4397852866783676, 'ign_k': 0.0032383308053152635, 'ign_c': 2.226297338331262, 'trop_agb_crit': 12.9667438075127, 'trop_k_veg': 0.828441460847982, 'fire_amp': 3.8987618470047547}.
[I 2026-06-11 01:45:03,557] Trial 1103 finished with values: [13.268807247561488, 13.268807247561488] and parameters: {'k1': 0.0869690639641868, 'D_low': 236.79352040223893, 'k2': 0.0001280886335404798, 'D_high': 20103.283734409175, 'fire_exp': 1.2060040899560858, 'P_half': 3.591771421517613, 'pre_dampen_half': 121.93011993958949, 'gpp_af': 0.07118041471054574, 'gpp_b': 5.0875243087016374e-05, 'gpp_d': 1.4397852866783676, 'ign_k': 0.9419612235978201, 'ign_c': 4.142619760188259, 'trop_agb_crit': 12.9667438075127, 'trop_k_veg': 1.7398457059623473, 'fire_amp': 1.4475279918261055}.
[I 2026-06-11 01:45:05,176] Trial 1104 finished with values: [10.165922284931014, 10.165922284931014] and parameters: {'k1': 0.0013219302264066773, 'D_low': 2267.735223551285, 'k2': 0.0001280886335404798, 'D_high': 32311.521854410956, 'fire_exp': 1.101415600186218, 'P_half': 7.914423612155368, 'pre_dampen_half': 695.7350580318054, 'gpp_af': 9.853056162364394, 'gpp_b': 0.004411400434514031, 'gpp_d': 0.1619054449471649, 'ign_k': 1.2789166099816516, 'ign_c': 1.4879588507789996, 'trop_agb_crit': 19.102873436429586, 'trop_k_veg': 0.9923523017201868, 'fire_amp': 1.1242548175501417}.
[I 2026-06-11 01:45:06,748] Trial 1105 finished with values: [10.144478771581566, 10.144478771581566] and parameters: {'k1': 9.132348475718357e-05, 'D_low': 148.21691630007544, 'k2': 0.0002442377596403892, 'D_high': 6682.9607218310075, 'fire_exp': 1.2060040899560858, 'P_half': 157.80309954142965, 'pre_dampen_half': 2.740665093065578, 'gpp_af': 0.07118041471054574, 'gpp_b': 5.0875243087016374e-05, 'gpp_d': 0.1619054449471649, 'ign_k': 0.0013628699025451329, 'ign_c': 104.75330041760883, 'trop_agb_crit': 4.789307037039607, 'trop_k_veg': 2.6508357486965424, 'fire_amp': 5.44779717154213}.
[I 2026-06-11 01:45:08,272] Trial 1106 finished with values: [11.28820009169462, 11.28820009169462] and parameters: {'k1': 1.7807904329970765e-05, 'D_low': 148.21691630007544, 'k2': 0.0007731571570012607, 'D_high': 17663.59719322428, 'fire_exp': 1.2060040899560858, 'P_half': 5.4712187293420325, 'pre_dampen_half': 4.847666216751353, 'gpp_af': 0.9219336658511308, 'gpp_b': 5.0875243087016374e-05, 'gpp_d': 3.257094673454639, 'ign_k': 0.0032383308053152635, 'ign_c': 22.126836566118193, 'trop_agb_crit': 2.100813292597435, 'trop_k_veg': 2.2057060303254308, 'fire_amp': 5.44779717154213}.
[I 2026-06-11 01:45:09,644] Trial 1107 finished with values: [10.75506995759049, 10.75506995759049] and parameters: {'k1': 0.0869690639641868, 'D_low': 4224.251951471085, 'k2': 0.002090955698118952, 'D_high': 6682.9607218310075, 'fire_exp': 1.2060040899560858, 'P_half': 157.80309954142965, 'pre_dampen_half': 4.847666216751353, 'gpp_af': 0.10098504976210308, 'gpp_b': 0.001674375583895437, 'gpp_d': 0.4742269251269962, 'ign_k': 0.003605632705900142, 'ign_c': 1.364908766641693, 'trop_agb_crit': 2.5313878860438592, 'trop_k_veg': 2.1028049920164067, 'fire_amp': 5.44779717154213}.
[I 2026-06-11 01:45:10,975] Trial 1108 finished with values: [10.461528404839832, 10.461528404839832] and parameters: {'k1': 0.030699709531122967, 'D_low': 235.39834531862078, 'k2': 0.019383858782150494, 'D_high': 6682.9607218310075, 'fire_exp': 1.2060040899560858, 'P_half': 157.80309954142965, 'pre_dampen_half': 4.847666216751353, 'gpp_af': 0.07576025464197739, 'gpp_b': 5.0875243087016374e-05, 'gpp_d': 0.4690202496211708, 'ign_k': 0.004105873950290761, 'ign_c': 1.364908766641693, 'trop_agb_crit': 2.100813292597435, 'trop_k_veg': 2.188106151302721, 'fire_amp': 5.44779717154213}.
[I 2026-06-11 01:45:12,417] Trial 1109 finished with values: [11.174726327291467, 11.174726327291467] and parameters: {'k1': 0.030699709531122967, 'D_low': 236.79352040223893, 'k2': 0.00044094295721828597, 'D_high': 6682.9607218310075, 'fire_exp': 1.2060040899560858, 'P_half': 157.80309954142965, 'pre_dampen_half': 9.044346216330972, 'gpp_af': 24.539832961133826, 'gpp_b': 2.1309331861011757e-05, 'gpp_d': 0.4742269251269962, 'ign_k': 0.004105873950290761, 'ign_c': 1.364908766641693, 'trop_agb_crit': 2.100813292597435, 'trop_k_veg': 2.724170387400844, 'fire_amp': 5.44779717154213}.
[I 2026-06-11 01:45:13,813] Trial 1110 finished with values: [-0.5877115751945546, 0.06732701849292722] and parameters: {'k1': 0.030699709531122967, 'D_low': 236.79352040223893, 'k2': 4.933751600448335e-05, 'D_high': 6682.9607218310075, 'fire_exp': 1.2060040899560858, 'P_half': 3.591771421517613, 'pre_dampen_half': 9.044346216330972, 'gpp_af': 0.10098504976210308, 'gpp_b': 0.001674375583895437, 'gpp_d': 3.257094673454639, 'ign_k': 0.0032383308053152635, 'ign_c': 22.126836566118193, 'trop_agb_crit': 12.9667438075127, 'trop_k_veg': 0.828441460847982, 'fire_amp': 5.44779717154213}.
[I 2026-06-11 01:45:15,365] Trial 1111 finished with values: [10.55296432946508, 10.55296432946508] and parameters: {'k1': 0.030699709531122967, 'D_low': 236.79352040223893, 'k2': 7.531057256501231e-05, 'D_high': 6682.9607218310075, 'fire_exp': 2.2250681963525234, 'P_half': 157.80309954142965, 'pre_dampen_half': 9.044346216330972, 'gpp_af': 24.539832961133826, 'gpp_b': 2.1309331861011757e-05, 'gpp_d': 304.7488318185732, 'ign_k': 2.9663798365255736, 'ign_c': 1.364908766641693, 'trop_agb_crit': 2.100813292597435, 'trop_k_veg': 2.724170387400844, 'fire_amp': 5.44779717154213}.
[I 2026-06-11 01:45:16,859] Trial 1112 finished with values: [10.301764312649414, 10.301764312649414] and parameters: {'k1': 0.0869690639641868, 'D_low': 148.21691630007544, 'k2': 0.002090955698118952, 'D_high': 6682.9607218310075, 'fire_exp': 1.2060040899560858, 'P_half': 157.80309954142965, 'pre_dampen_half': 4.847666216751353, 'gpp_af': 0.9219336658511308, 'gpp_b': 2.1309331861011757e-05, 'gpp_d': 0.4742269251269962, 'ign_k': 7.544827057709847, 'ign_c': 0.24361599465623282, 'trop_agb_crit': 2.100813292597435, 'trop_k_veg': 5.636143940068465, 'fire_amp': 5.014255309984818}.
[I 2026-06-11 01:45:18,256] Trial 1113 finished with values: [10.7690925633327, 10.7690925633327] and parameters: {'k1': 0.03648456083047798, 'D_low': 235.39834531862078, 'k2': 0.019383858782150494, 'D_high': 1266.9536563782303, 'fire_exp': 1.5191397119156032, 'P_half': 5.4712187293420325, 'pre_dampen_half': 0.012856329182448098, 'gpp_af': 0.005061568304359487, 'gpp_b': 5.0875243087016374e-05, 'gpp_d': 0.4742269251269962, 'ign_k': 0.0032383308053152635, 'ign_c': 22.126836566118193, 'trop_agb_crit': 2.100813292597435, 'trop_k_veg': 2.724170387400844, 'fire_amp': 5.44779717154213}.
[I 2026-06-11 01:45:20,043] Trial 1114 finished with values: [10.561668069495937, 10.561668069495937] and parameters: {'k1': 0.0002418422795847161, 'D_low': 408.3047491580097, 'k2': 7.531057256501231e-05, 'D_high': 6682.9607218310075, 'fire_exp': 1.5191397119156032, 'P_half': 5.4712187293420325, 'pre_dampen_half': 121.93011993958949, 'gpp_af': 0.3939208112794227, 'gpp_b': 0.001674375583895437, 'gpp_d': 0.1619054449471649, 'ign_k': 2.3805746020770413, 'ign_c': 14.709699119495124, 'trop_agb_crit': 2.100813292597435, 'trop_k_veg': 2.99731137426955, 'fire_amp': 1.5719333351012774}.
[I 2026-06-11 01:45:21,479] Trial 1115 finished with values: [10.769230768838547, 10.769230768838547] and parameters: {'k1': 0.030699709531122967, 'D_low': 148.21691630007544, 'k2': 0.0007731571570012607, 'D_high': 6682.9607218310075, 'fire_exp': 1.5191397119156032, 'P_half': 157.80309954142965, 'pre_dampen_half': 9.044346216330972, 'gpp_af': 0.07118041471054574, 'gpp_b': 2.1309331861011757e-05, 'gpp_d': 304.7488318185732, 'ign_k': 7.544827057709847, 'ign_c': 45.20211383882605, 'trop_agb_crit': 28.779217872092953, 'trop_k_veg': 0.5535297685306277, 'fire_amp': 5.44779717154213}.
[I 2026-06-11 01:45:23,027] Trial 1116 finished with values: [10.659081273671795, 10.659081273671795] and parameters: {'k1': 0.030699709531122967, 'D_low': 236.79352040223893, 'k2': 0.006802810205786726, 'D_high': 6682.9607218310075, 'fire_exp': 1.5191397119156032, 'P_half': 157.80309954142965, 'pre_dampen_half': 4.847666216751353, 'gpp_af': 65.61032228556527, 'gpp_b': 0.0004360709560327289, 'gpp_d': 0.4742269251269962, 'ign_k': 2.3805746020770413, 'ign_c': 1.364908766641693, 'trop_agb_crit': 2.100813292597435, 'trop_k_veg': 5.636143940068465, 'fire_amp': 1.5719333351012774}.
[I 2026-06-11 01:45:24,540] Trial 1117 finished with values: [-0.5585801033929139, 0.10720443760653564] and parameters: {'k1': 0.0869690639641868, 'D_low': 174.04948150194383, 'k2': 0.019383858782150494, 'D_high': 1266.9536563782303, 'fire_exp': 1.2060040899560858, 'P_half': 157.80309954142965, 'pre_dampen_half': 9.044346216330972, 'gpp_af': 0.046239120540552445, 'gpp_b': 0.001674375583895437, 'gpp_d': 6.418343258142458, 'ign_k': 0.002357279455676982, 'ign_c': 1.9423015749984096, 'trop_agb_crit': 12.708819454040446, 'trop_k_veg': 6.963655030926962, 'fire_amp': 5.44779717154213}.
[I 2026-06-11 01:45:25,907] Trial 1118 finished with values: [10.366643168366112, 10.366643168366112] and parameters: {'k1': 0.04046205802397579, 'D_low': 235.39834531862078, 'k2': 0.0007731571570012607, 'D_high': 6682.9607218310075, 'fire_exp': 1.2060040899560858, 'P_half': 3.591771421517613, 'pre_dampen_half': 4.847666216751353, 'gpp_af': 0.005061568304359487, 'gpp_b': 5.0875243087016374e-05, 'gpp_d': 0.4742269251269962, 'ign_k': 0.0032383308053152635, 'ign_c': 2.226297338331262, 'trop_agb_crit': 12.9667438075127, 'trop_k_veg': 0.828441460847982, 'fire_amp': 5.44779717154213}.
[I 2026-06-11 01:45:27,228] Trial 1119 finished with values: [10.67104141353158, 10.67104141353158] and parameters: {'k1': 0.030699709531122967, 'D_low': 148.21691630007544, 'k2': 7.531057256501231e-05, 'D_high': 6682.9607218310075, 'fire_exp': 1.2060040899560858, 'P_half': 5588.430421438936, 'pre_dampen_half': 9.044346216330972, 'gpp_af': 24.539832961133826, 'gpp_b': 5.0875243087016374e-05, 'gpp_d': 304.7488318185732, 'ign_k': 2.9663798365255736, 'ign_c': 7.081721844034206, 'trop_agb_crit': 25.429516249301212, 'trop_k_veg': 2.6508357486965424, 'fire_amp': 5.44779717154213}.
[I 2026-06-11 01:45:28,536] Trial 1120 finished with values: [-0.6153833819142835, 0.07005459897368604] and parameters: {'k1': 0.0869690639641868, 'D_low': 235.39834531862078, 'k2': 0.0001870742013766025, 'D_high': 4213.54222759551, 'fire_exp': 1.5191397119156032, 'P_half': 5.4712187293420325, 'pre_dampen_half': 9.044346216330972, 'gpp_af': 0.060029341913968644, 'gpp_b': 5.0875243087016374e-05, 'gpp_d': 0.1619054449471649, 'ign_k': 0.004105873950290761, 'ign_c': 1.364908766641693, 'trop_agb_crit': 2.100813292597435, 'trop_k_veg': 2.8926781829782864, 'fire_amp': 5.44779717154213}.
