[I 2026-08-19 15:09:12,450] Trial 840 finished with value: -0.4727678835484371 and parameters: {'k1': 0.0006878692056657406, 'D_low': 2641.2394069807997, 'k2': 0.0034262050044974466, 'D_high': 4232286.592612797, 'fire_exp': 1.1754188838784185, 'P_half': 2.0110602915313613, 'pre_dampen_half': 0.2001785199261356, 'gpp_af': 0.8730736279464559, 'gpp_b': 3.6426766953194875e-05, 'gpp_d': 19.739645372089957, 'ign_k': 0.03735462440694037, 'ign_c': 7.625383485484281, 'trop_agb_crit': 8.842644333761214, 'trop_k_veg': 0.9560468775671547, 'pop_amp': 12.547053478875366, 'pop_peak': 23.889116264152005, 'pop_sig': 0.25369499759818276, 'fuel_k': 0.26556717535507535, 'fuel_half': 0.10272807712015856}. Best is trial 421 with value: -0.6216386034937503.
  trial  841/2500  best_overall=0.6216  (45.1 min)
[I 2026-08-19 15:09:17,459] Trial 841 finished with value: -0.4961899204538508 and parameters: {'k1': 0.0035529936064207074, 'D_low': 417.08673537819203, 'k2': 0.00010406683529742222, 'D_high': 122385.77655903336, 'fire_exp': 3.876974423276365, 'P_half': 383.69795205964886, 'pre_dampen_half': 7.5030737625687465, 'gpp_af': 0.04736423587599463, 'gpp_b': 0.00026587172105648404, 'gpp_d': 10.74542673925295, 'ign_k': 0.4786045723198859, 'ign_c': 0.2304429555928958, 'trop_agb_crit': 12.96104036505113, 'trop_k_veg': 3.6815469745892546, 'pop_amp': 0.6110399645355975, 'pop_peak': 41.589442688075785, 'pop_sig': 1.0864650722250753, 'fuel_k': 0.06193547563799909, 'fuel_half': 7.338623639219194}. Best is trial 421 with value: -0.6216386034937503.
[I 2026-08-19 15:09:20,378] Trial 842 finished with value: -0.4826022317033967 and parameters: {'k1': 0.00023054709260254157, 'D_low': 5.572169699850939, 'k2': 1.9564790499343932e-05, 'D_high': 74498.84099680338, 'fire_exp': 1.202489973436319, 'P_half': 1.953064591898594, 'pre_dampen_half': 2.9310095761751236, 'gpp_af': 0.07484987057784241, 'gpp_b': 1.5107756245493012e-05, 'gpp_d': 9.719947840123693, 'ign_k': 0.10763712651941587, 'ign_c': 21.24301742185564, 'trop_agb_crit': 11.408251311391677, 'trop_k_veg': 1.501133625632703, 'pop_amp': 0.025539922555055102, 'pop_peak': 4.845296044678593, 'pop_sig': 0.41503417457479325, 'fuel_k': 0.06595944260181072, 'fuel_half': 3.3056558617173772}. Best is trial 421 with value: -0.6216386034937503.
[I 2026-08-19 15:09:23,444] Trial 843 finished with value: -0.408922344924932 and parameters: {'k1': 0.005791896668188521, 'D_low': 47.233763944855646, 'k2': 0.0008394489386851024, 'D_high': 81255.21289276835, 'fire_exp': 4.6264049875050794, 'P_half': 37.30215510236638, 'pre_dampen_half': 26.06024212602028, 'gpp_af': 0.0030462412833752476, 'gpp_b': 3.57034071076298e-05, 'gpp_d': 0.07419375461987976, 'ign_k': 0.04228562396318758, 'ign_c': 38.9624201076524, 'trop_agb_crit': 2.811784211997027, 'trop_k_veg': 3.4211084199131374, 'pop_amp': 0.823480204846262, 'pop_peak': 5.448974279592691, 'pop_sig': 1.1346650858419827, 'fuel_k': 0.04543073406205913, 'fuel_half': 4.896629972643022}. Best is trial 421 with value: -0.6216386034937503.
[I 2026-08-19 15:09:26,094] Trial 844 finished with value: -0.5167468852408573 and parameters: {'k1': 2.265412922050863e-05, 'D_low': 31.11541495806854, 'k2': 0.0003693552518919133, 'D_high': 669798.763205455, 'fire_exp': 1.1642831429569105, 'P_half': 2.7766453278015018, 'pre_dampen_half': 0.15398146152648062, 'gpp_af': 0.24856174414961726, 'gpp_b': 0.004159697298232745, 'gpp_d': 1.18745743970625, 'ign_k': 1.0336580550382262, 'ign_c': 1.1076850572306491, 'trop_agb_crit': 5.489323556796005, 'trop_k_veg': 4.104920849325871, 'pop_amp': 0.062981835053081, 'pop_peak': 9.27420688056551, 'pop_sig': 0.37180695811037506, 'fuel_k': 0.6803488472487468, 'fuel_half': 0.2612513146147866}. Best is trial 421 with value: -0.6216386034937503.
[I 2026-08-19 15:09:29,109] Trial 845 finished with value: -0.3554625854118624 and parameters: {'k1': 2.440218177781951e-05, 'D_low': 2353.2624234937275, 'k2': 1.4983685049194011e-05, 'D_high': 39744.71924002423, 'fire_exp': 1.3537836505830487, 'P_half': 72.50693806436564, 'pre_dampen_half': 2.516661230403099, 'gpp_af': 0.006071428001482899, 'gpp_b': 5.085412530463331e-05, 'gpp_d': 12.754769560099609, 'ign_k': 3.8084972472112057, 'ign_c': 77.871391542831, 'trop_agb_crit': 9.3870962752352, 'trop_k_veg': 0.6858688340858131, 'pop_amp': 4.445465144630337, 'pop_peak': 142.62178497976555, 'pop_sig': 1.9308590241381747, 'fuel_k': 5.928002249753503, 'fuel_half': 1.3847165377189161}. Best is trial 421 with value: -0.6216386034937503.
[I 2026-08-19 15:09:32,067] Trial 846 finished with value: -0.4243180507857809 and parameters: {'k1': 0.006680246978411887, 'D_low': 4.9345574373874195, 'k2': 7.363193874540824e-05, 'D_high': 5007926.105150917, 'fire_exp': 2.717851673198022, 'P_half': 1.3307823144825799, 'pre_dampen_half': 1.5941595399901878, 'gpp_af': 0.30212137475403383, 'gpp_b': 0.0013473213307893432, 'gpp_d': 1.482190005793309, 'ign_k': 0.11686685112978681, 'ign_c': 31.972561385087694, 'trop_agb_crit': 2.727046963866884, 'trop_k_veg': 3.7011517848558473, 'pop_amp': 0.006888743612878936, 'pop_peak': 1.784939945747826, 'pop_sig': 0.44927762129493465, 'fuel_k': 0.041628787719530394, 'fuel_half': 2.829368434968058}. Best is trial 421 with value: -0.6216386034937503.
[I 2026-08-19 15:09:35,657] Trial 847 finished with value: -0.4816665599109597 and parameters: {'k1': 0.008117967518512167, 'D_low': 459.81396046390154, 'k2': 0.0012135237983209892, 'D_high': 4201.312560767704, 'fire_exp': 1.278531322314967, 'P_half': 2.0654388087667908, 'pre_dampen_half': 26.053070461815413, 'gpp_af': 0.0971983616299614, 'gpp_b': 8.563694976332482e-05, 'gpp_d': 55.72841508430779, 'ign_k': 0.07689729278834218, 'ign_c': 3.446107806834428, 'trop_agb_crit': 13.159032685162407, 'trop_k_veg': 0.5550649804582907, 'pop_amp': 0.03984477960320324, 'pop_peak': 111.0805225715639, 'pop_sig': 0.2683954247268396, 'fuel_k': 2.619604044084397, 'fuel_half': 0.27578951967636106}. Best is trial 421 with value: -0.6216386034937503.
  trial  848/2500  best_overall=0.6216  (45.5 min)
[I 2026-08-19 15:09:39,238] Trial 848 finished with value: -0.4034235821099955 and parameters: {'k1': 0.004459978311091584, 'D_low': 685.2277512305478, 'k2': 0.010898780542489462, 'D_high': 6716.541198094045, 'fire_exp': 1.121289417434141, 'P_half': 4.393741155731113, 'pre_dampen_half': 0.012650965028870403, 'gpp_af': 0.030567357960822845, 'gpp_b': 0.0017616197701555139, 'gpp_d': 3.2699011170734487, 'ign_k': 0.04518341878159752, 'ign_c': 27.47293600867067, 'trop_agb_crit': 4.7131403882289655, 'trop_k_veg': 1.6429862947531562, 'pop_amp': 1.9836117078343587, 'pop_peak': 282.16318610621425, 'pop_sig': 0.5075190186494787, 'fuel_k': 0.23032587244487152, 'fuel_half': 0.26531822326299437}. Best is trial 421 with value: -0.6216386034937503.
[I 2026-08-19 15:09:42,157] Trial 849 finished with value: -0.5260528901196322 and parameters: {'k1': 0.022936649566140267, 'D_low': 129.09036536680688, 'k2': 0.023604278621156705, 'D_high': 1708500.3868612205, 'fire_exp': 1.963130441468161, 'P_half': 1.0265130497602737, 'pre_dampen_half': 3.677603945577993, 'gpp_af': 0.015880555533582908, 'gpp_b': 3.264969403366774e-05, 'gpp_d': 2.2538101515817823, 'ign_k': 0.02158943289368739, 'ign_c': 6.950439483959179, 'trop_agb_crit': 9.814059551343819, 'trop_k_veg': 2.367723465440144, 'pop_amp': 0.36824001055188105, 'pop_peak': 84.8363540132486, 'pop_sig': 0.5361891338309611, 'fuel_k': 0.06693495425750384, 'fuel_half': 0.17907463922389683}. Best is trial 421 with value: -0.6216386034937503.
[I 2026-08-19 15:09:45,162] Trial 850 finished with value: -0.35252054387671566 and parameters: {'k1': 3.987567543700005e-05, 'D_low': 103825.79348962584, 'k2': 2.6052137878177815e-05, 'D_high': 21016.049401411543, 'fire_exp': 1.028277909851399, 'P_half': 110.32015127310241, 'pre_dampen_half': 0.77311293866704, 'gpp_af': 0.011983234113846436, 'gpp_b': 1.8221970281838674e-05, 'gpp_d': 0.10888307375335926, 'ign_k': 3.8443788475391916, 'ign_c': 42.50324695744037, 'trop_agb_crit': 11.726461069761617, 'trop_k_veg': 0.7777188607813118, 'pop_amp': 0.19750311308909033, 'pop_peak': 14.729892119286701, 'pop_sig': 1.1365219416019443, 'fuel_k': 0.06379555065994941, 'fuel_half': 0.9043253186195982}. Best is trial 421 with value: -0.6216386034937503.
[I 2026-08-19 15:09:47,873] Trial 851 finished with value: -0.38327457359707257 and parameters: {'k1': 0.00034726359180185627, 'D_low': 354.5382820567478, 'k2': 0.0018990959996978112, 'D_high': 5083668.555842271, 'fire_exp': 1.0683626804925954, 'P_half': 1979.9709722666094, 'pre_dampen_half': 127.63290678408603, 'gpp_af': 0.011834998303532027, 'gpp_b': 5.3011349363189485e-05, 'gpp_d': 0.2580762019284202, 'ign_k': 1.5680632049035033, 'ign_c': 34.5644787446189, 'trop_agb_crit': 10.763239969324486, 'trop_k_veg': 3.3073586194253206, 'pop_amp': 0.0012084241789380615, 'pop_peak': 200.38241315968554, 'pop_sig': 0.6843688030020321, 'fuel_k': 0.42265361986238303, 'fuel_half': 0.8672034732999421}. Best is trial 421 with value: -0.6216386034937503.
[I 2026-08-19 15:09:51,264] Trial 852 finished with value: -0.5519642197650046 and parameters: {'k1': 0.0049299545424961845, 'D_low': 35.91286124809019, 'k2': 0.000790480130447547, 'D_high': 93324.92306838895, 'fire_exp': 1.962279182531227, 'P_half': 77.30758024442527, 'pre_dampen_half': 1.6599756548480282, 'gpp_af': 0.0094347796612092, 'gpp_b': 4.076399256327176e-05, 'gpp_d': 0.057200856310838696, 'ign_k': 1.4137677968102127, 'ign_c': 0.4664326158985171, 'trop_agb_crit': 11.031257486099973, 'trop_k_veg': 6.957817681294066, 'pop_amp': 0.11675509737353486, 'pop_peak': 0.4986262654772019, 'pop_sig': 0.5479395538413483, 'fuel_k': 0.688204850357333, 'fuel_half': 1.4812788887031323}. Best is trial 421 with value: -0.6216386034937503.
[I 2026-08-19 15:09:54,760] Trial 853 finished with value: -0.41080197230588356 and parameters: {'k1': 0.00025973111429893763, 'D_low': 395.7560304743536, 'k2': 0.0007288320616295951, 'D_high': 14242.498902404343, 'fire_exp': 1.2907263771311477, 'P_half': 6.134613386620757, 'pre_dampen_half': 0.23083646061957389, 'gpp_af': 0.014338321560219679, 'gpp_b': 0.0009352035526951031, 'gpp_d': 154.9466341790548, 'ign_k': 0.09537583131728841, 'ign_c': 104.40957311110374, 'trop_agb_crit': 8.075609248794963, 'trop_k_veg': 1.023280123831621, 'pop_amp': 0.4081590118853261, 'pop_peak': 981.9142862711831, 'pop_sig': 0.3345473420179954, 'fuel_k': 0.1895746968527021, 'fuel_half': 2.208564040861445}. Best is trial 421 with value: -0.6216386034937503.
[I 2026-08-19 15:09:58,365] Trial 854 finished with value: -0.4165083218346409 and parameters: {'k1': 0.0008056471222376634, 'D_low': 1825.9202604205698, 'k2': 0.028592051740213564, 'D_high': 76763.50673872487, 'fire_exp': 1.0544195201929216, 'P_half': 1.2193278409559432, 'pre_dampen_half': 0.3051454708556054, 'gpp_af': 0.1711929092049493, 'gpp_b': 7.785899608918348e-05, 'gpp_d': 4.420081934308623, 'ign_k': 0.2408753551098152, 'ign_c': 36.97216030577506, 'trop_agb_crit': 7.665729861379126, 'trop_k_veg': 0.6731402418499736, 'pop_amp': 0.24540694681523595, 'pop_peak': 18.78655394329112, 'pop_sig': 0.333384498331618, 'fuel_k': 0.21904459473134985, 'fuel_half': 0.13370959539198005}. Best is trial 421 with value: -0.6216386034937503.
  trial  855/2500  best_overall=0.6216  (45.9 min)
[I 2026-08-19 15:10:04,532] Trial 855 finished with value: -0.5887848541291623 and parameters: {'k1': 0.00595378287522101, 'D_low': 1.64577441106997, 'k2': 2.3641206543735175e-05, 'D_high': 1626400.7120543122, 'fire_exp': 1.2829551153456502, 'P_half': 11.254867249884429, 'pre_dampen_half': 1.5514277188656977, 'gpp_af': 0.011258745325385212, 'gpp_b': 0.0001381365798895692, 'gpp_d': 0.9948328597108093, 'ign_k': 0.05671135115714803, 'ign_c': 1.2243035398728268, 'trop_agb_crit': 10.876863945439988, 'trop_k_veg': 1.4869843030711318, 'pop_amp': 0.04605476136896407, 'pop_peak': 4.762170846021802, 'pop_sig': 0.4892503378831612, 'fuel_k': 1.1345827648038818, 'fuel_half': 2.7520036256617266}. Best is trial 421 with value: -0.6216386034937503.
[I 2026-08-19 15:10:09,154] Trial 856 finished with value: -0.46890329461381997 and parameters: {'k1': 0.020157631051940135, 'D_low': 15.566664566384517, 'k2': 2.5130311724613013e-05, 'D_high': 475751.7788061936, 'fire_exp': 1.6338420903351667, 'P_half': 2.1493333551595395, 'pre_dampen_half': 0.24401550330320435, 'gpp_af': 0.009259073974870448, 'gpp_b': 0.0035576765483548815, 'gpp_d': 0.36093237313070475, 'ign_k': 0.1557041330793212, 'ign_c': 11.10623090028358, 'trop_agb_crit': 9.815738145664334, 'trop_k_veg': 1.4657899799098013, 'pop_amp': 0.0020579934960364395, 'pop_peak': 16.206515692158312, 'pop_sig': 0.654350402668647, 'fuel_k': 0.42541354636607703, 'fuel_half': 0.16815600614337595}. Best is trial 421 with value: -0.6216386034937503.
[I 2026-08-19 15:10:13,246] Trial 857 finished with value: -0.5245709712494533 and parameters: {'k1': 0.013691791693544052, 'D_low': 55.72959693715357, 'k2': 0.0006957688509140729, 'D_high': 5320548.200121805, 'fire_exp': 1.066118667422636, 'P_half': 1.4728404522445118, 'pre_dampen_half': 1.5072511223015883, 'gpp_af': 0.011152447032798761, 'gpp_b': 0.01755529791537651, 'gpp_d': 10.177928074790806, 'ign_k': 0.025461750632921394, 'ign_c': 9.623766816801284, 'trop_agb_crit': 11.051698084955518, 'trop_k_veg': 2.1612189747668573, 'pop_amp': 0.009996910774185857, 'pop_peak': 195.85010977959155, 'pop_sig': 0.3611646383843755, 'fuel_k': 2.719698159488424, 'fuel_half': 0.5719912700029801}. Best is trial 421 with value: -0.6216386034937503.
[I 2026-08-19 15:10:17,422] Trial 858 finished with value: -0.5425615519165907 and parameters: {'k1': 0.0011103933151119269, 'D_low': 667.3182246062465, 'k2': 0.002428632206026671, 'D_high': 4919938.686112438, 'fire_exp': 1.2564217809340217, 'P_half': 1.0398933156117312, 'pre_dampen_half': 0.18636397387602704, 'gpp_af': 0.049721769856820995, 'gpp_b': 0.00041039361973464484, 'gpp_d': 0.10302470966515136, 'ign_k': 0.02161886539797618, 'ign_c': 7.373532112810366, 'trop_agb_crit': 3.5391687874967857, 'trop_k_veg': 1.2734084759926994, 'pop_amp': 0.015180719278868791, 'pop_peak': 45.57240319761974, 'pop_sig': 0.6142631016875445, 'fuel_k': 3.2575136033910455, 'fuel_half': 0.19441398708438276}. Best is trial 421 with value: -0.6216386034937503.
[I 2026-08-19 15:10:20,073] Trial 859 finished with value: -0.3508181516633627 and parameters: {'k1': 3.66027335587583e-05, 'D_low': 467422.4079686623, 'k2': 0.00017158448650698613, 'D_high': 1955273.2108211531, 'fire_exp': 1.1265846474651369, 'P_half': 69.98359992761358, 'pre_dampen_half': 2.192362052204755, 'gpp_af': 0.010243470500455966, 'gpp_b': 1.2137542922056109e-05, 'gpp_d': 0.643987232166154, 'ign_k': 2.4452764811914904, 'ign_c': 42.96495442154442, 'trop_agb_crit': 27.170906773029166, 'trop_k_veg': 1.5799392907542544, 'pop_amp': 4.624934427413467, 'pop_peak': 1.8013436329125254, 'pop_sig': 1.8364890439497448, 'fuel_k': 0.18760998497932088, 'fuel_half': 1.1023961947473524}. Best is trial 421 with value: -0.6216386034937503.
  trial  860/2500  best_overall=0.6216  (46.3 min)
[I 2026-08-19 15:10:23,699] Trial 860 finished with value: -0.5782801609181211 and parameters: {'k1': 0.025128840079504597, 'D_low': 28.093629892729087, 'k2': 0.00017096353156614673, 'D_high': 1695105.3334670293, 'fire_exp': 1.147965371541033, 'P_half': 1.2426538503555769, 'pre_dampen_half': 54.8973470376639, 'gpp_af': 0.016577590958051554, 'gpp_b': 0.0014543389106257344, 'gpp_d': 0.43825117332872693, 'ign_k': 0.21696071334179265, 'ign_c': 20.99658771797787, 'trop_agb_crit': 9.116397258695832, 'trop_k_veg': 2.306610000021039, 'pop_amp': 0.1255797899239443, 'pop_peak': 11.82042393045647, 'pop_sig': 0.3425720497663608, 'fuel_k': 0.6449211468923843, 'fuel_half': 2.922513608472783}. Best is trial 421 with value: -0.6216386034937503.
[I 2026-08-19 15:10:27,114] Trial 861 finished with value: -0.5733138640484787 and parameters: {'k1': 0.03982390042176509, 'D_low': 13.083596705710121, 'k2': 1.8450419378123125e-05, 'D_high': 315984.3265450719, 'fire_exp': 1.7769645052735428, 'P_half': 300.837651755575, 'pre_dampen_half': 39.593039097132, 'gpp_af': 0.003276921559859182, 'gpp_b': 0.0005922388099133485, 'gpp_d': 0.0668990117995157, 'ign_k': 0.09509217880017541, 'ign_c': 5.11587562685168, 'trop_agb_crit': 10.864222059799607, 'trop_k_veg': 7.732528533858874, 'pop_amp': 0.06430389739069686, 'pop_peak': 3.5410838749572267, 'pop_sig': 0.5513216429730577, 'fuel_k': 0.7026691099662244, 'fuel_half': 0.5700523223361629}. Best is trial 421 with value: -0.6216386034937503.
[I 2026-08-19 15:10:31,741] Trial 862 finished with value: -0.4765388805670436 and parameters: {'k1': 3.94695584103622e-05, 'D_low': 2.3910821924683874, 'k2': 1.1822089848913516e-05, 'D_high': 1332672.3723878523, 'fire_exp': 2.0633866529735085, 'P_half': 5.995614588232058, 'pre_dampen_half': 0.4757572339723686, 'gpp_af': 0.04974900245172654, 'gpp_b': 0.0014350605425232814, 'gpp_d': 17.52427419050575, 'ign_k': 0.1923141070930975, 'ign_c': 2.764285867238091, 'trop_agb_crit': 8.889004219005457, 'trop_k_veg': 6.008920134314999, 'pop_amp': 0.01396256614369317, 'pop_peak': 47.137486028284115, 'pop_sig': 0.44436177358087947, 'fuel_k': 0.22452645449491085, 'fuel_half': 0.8711110795261954}. Best is trial 421 with value: -0.6216386034937503.
[I 2026-08-19 15:10:35,695] Trial 863 finished with value: -0.3554625854118624 and parameters: {'k1': 0.00018589307250354927, 'D_low': 15.505155652515057, 'k2': 0.003051225146659225, 'D_high': 241681.63886214615, 'fire_exp': 1.0713463136616552, 'P_half': 231.90259091906947, 'pre_dampen_half': 107.2851348698416, 'gpp_af': 0.0017293906444257592, 'gpp_b': 0.0003601656466539111, 'gpp_d': 3.6983202532932764, 'ign_k': 1.9575648760773878, 'ign_c': 828.2658243301844, 'trop_agb_crit': 25.506222711703547, 'trop_k_veg': 1.079188065314376, 'pop_amp': 0.0010145579988053324, 'pop_peak': 6.504015202339579, 'pop_sig': 0.8303021975530109, 'fuel_k': 0.5656419575078739, 'fuel_half': 0.9959029289895048}. Best is trial 421 with value: -0.6216386034937503.
[I 2026-08-19 15:10:39,153] Trial 864 finished with value: -0.5919546283876691 and parameters: {'k1': 0.00022053014917025257, 'D_low': 1573.8986790088697, 'k2': 4.215562061807314e-05, 'D_high': 1710293.9689623702, 'fire_exp': 1.1857535137944228, 'P_half': 2.7935812044807697, 'pre_dampen_half': 2.3869908578359476, 'gpp_af': 0.011083659048172902, 'gpp_b': 1.62857521072018e-05, 'gpp_d': 0.7821401251464224, 'ign_k': 0.3633974607279703, 'ign_c': 17.21522095139077, 'trop_agb_crit': 5.976374377777425, 'trop_k_veg': 3.673145331880676, 'pop_amp': 0.8509670217103756, 'pop_peak': 0.22298148312603983, 'pop_sig': 1.7647928606689176, 'fuel_k': 0.05540618091904177, 'fuel_half': 3.4285681088708615}. Best is trial 421 with value: -0.6216386034937503.
[I 2026-08-19 15:10:42,591] Trial 865 finished with value: -0.41501966609116564 and parameters: {'k1': 0.005689002141615905, 'D_low': 331.79249207497975, 'k2': 0.013729543190992836, 'D_high': 1089235.095712651, 'fire_exp': 1.2704432883119825, 'P_half': 22.797731085393995, 'pre_dampen_half': 1.0909606380591617, 'gpp_af': 0.010444722604716553, 'gpp_b': 0.00642862066873809, 'gpp_d': 25.432661276389734, 'ign_k': 0.25881123860844557, 'ign_c': 61.8565829865707, 'trop_agb_crit': 10.314001974506045, 'trop_k_veg': 1.5900926343119002, 'pop_amp': 0.5009220275738315, 'pop_peak': 483.0865192695994, 'pop_sig': 0.287375751167385, 'fuel_k': 0.6626791866347973, 'fuel_half': 0.23833225969264968}. Best is trial 421 with value: -0.6216386034937503.
  trial  866/2500  best_overall=0.6216  (46.6 min)
[I 2026-08-19 15:10:47,546] Trial 866 finished with value: -0.3554625854118624 and parameters: {'k1': 0.0003949421725678223, 'D_low': 205414.13841623015, 'k2': 6.119604109394788e-05, 'D_high': 103407.87033467207, 'fire_exp': 1.315399390828832, 'P_half': 253.5593314863488, 'pre_dampen_half': 0.5092559728535037, 'gpp_af': 0.008006698622736733, 'gpp_b': 2.8696104873700244e-05, 'gpp_d': 0.4155627533917399, 'ign_k': 8.2927029651687, 'ign_c': 55.85986837003505, 'trop_agb_crit': 9.840901635190477, 'trop_k_veg': 1.1499169245138567, 'pop_amp': 3.4902769589993397, 'pop_peak': 9.131056995102483, 'pop_sig': 2.1817676679852323, 'fuel_k': 1.158016933289345, 'fuel_half': 2.543074879022796}. Best is trial 421 with value: -0.6216386034937503.
[I 2026-08-19 15:10:50,581] Trial 867 finished with value: -0.6037732592254217 and parameters: {'k1': 0.005446361620154075, 'D_low': 81.10707402675274, 'k2': 1.3767714948398485e-05, 'D_high': 1361925.3730234087, 'fire_exp': 2.839200011105523, 'P_half': 129.76731846762658, 'pre_dampen_half': 3.668430434403383, 'gpp_af': 0.04896582815910452, 'gpp_b': 0.00013203713450832486, 'gpp_d': 2.4383621499707817, 'ign_k': 0.1780048580544955, 'ign_c': 1.3753387368263432, 'trop_agb_crit': 14.687535862039176, 'trop_k_veg': 2.5241768434582097, 'pop_amp': 2.5856527268689997, 'pop_peak': 1.3447207590830441, 'pop_sig': 1.25135396825211, 'fuel_k': 0.025054919578072724, 'fuel_half': 0.9637142011384703}. Best is trial 421 with value: -0.6216386034937503.
[I 2026-08-19 15:10:54,196] Trial 868 finished with value: -0.4173453694858981 and parameters: {'k1': 0.012524180959066185, 'D_low': 6184.288288353743, 'k2': 0.00040843299499934227, 'D_high': 81242.28059296893, 'fire_exp': 3.327496471603281, 'P_half': 357.5343356230334, 'pre_dampen_half': 0.11293946162560355, 'gpp_af': 0.18221882410937607, 'gpp_b': 2.829287993834141e-05, 'gpp_d': 0.8539433752083392, 'ign_k': 0.29967550525297293, 'ign_c': 6.471051285696178, 'trop_agb_crit': 12.365919691933211, 'trop_k_veg': 6.711317479748854, 'pop_amp': 0.0789374118198953, 'pop_peak': 0.1140935954502157, 'pop_sig': 0.9976383545993371, 'fuel_k': 0.06752859239716999, 'fuel_half': 0.4018728620246185}. Best is trial 421 with value: -0.6216386034937503.
