[I 2026-08-20 00:27:35,940] Trial 544 finished with value: 0.6082077121569729 and parameters: {'k1': 0.0012116413982760591, 'D_low': 39201.643377077926, 'k2': 8.597495661959666e-05, 'D_high': 42638.855432423334, 'fire_exp': 1.1864049414681823, 'P_half': 28.78506055408348, 'pre_dampen_half': 0.7337706552069468, 'gpp_af': 0.024813383621736542, 'gpp_b': 0.00027675997314582435, 'gpp_d': 0.18394125393327315, 'ign_k': 0.922194774703435, 'ign_c': 0.48888514611963735, 'trop_agb_crit': 11.830728723364683, 'trop_k_veg': 2.6321755543965257, 'pop_amp': 0.06028206052995662, 'pop_peak': 0.7116100368844406, 'pop_sig': 2.4453938375125146}. Best is trial 274 with value: -0.604910391627968.
[I 2026-08-20 00:27:37,778] Trial 545 finished with value: 0.5939307715324237 and parameters: {'k1': 0.00027834575675855485, 'D_low': 23797.20211796074, 'k2': 4.1667046576237177e-05, 'D_high': 1022652.0586753055, 'fire_exp': 2.4850758762606464, 'P_half': 198.69559566300697, 'pre_dampen_half': 199.09799273182003, 'gpp_af': 0.001929437840577749, 'gpp_b': 0.0006660728277056976, 'gpp_d': 779.346922410104, 'ign_k': 3.790186608154607, 'ign_c': 3.272695473761807, 'trop_agb_crit': 4.9254881391500245, 'trop_k_veg': 4.523575675991772, 'pop_amp': 0.0024579376003916065, 'pop_peak': 6.374189297427423, 'pop_sig': 0.8240556022993685}. Best is trial 274 with value: -0.604910391627968.
[I 2026-08-20 00:27:39,637] Trial 546 finished with value: 0.5085994736267965 and parameters: {'k1': 0.022140555355107436, 'D_low': 476.27457664804064, 'k2': 0.05076876657699115, 'D_high': 622587.0185052936, 'fire_exp': 2.571863839256386, 'P_half': 2.2589576957012776, 'pre_dampen_half': 0.4570923330531429, 'gpp_af': 0.010079124115641182, 'gpp_b': 0.00013872708466277676, 'gpp_d': 0.029912174353202585, 'ign_k': 0.598374688809416, 'ign_c': 1.2485859137977662, 'trop_agb_crit': 1.6606757941209485, 'trop_k_veg': 1.832665284778412, 'pop_amp': 0.00429564911911415, 'pop_peak': 9.28752746204471, 'pop_sig': 0.43913180001954094}. Best is trial 274 with value: -0.604910391627968.
[I 2026-08-20 00:27:41,351] Trial 547 finished with value: 0.6445374145881376 and parameters: {'k1': 0.0022772252179318266, 'D_low': 376.09477459157097, 'k2': 0.0004151321133548208, 'D_high': 12133.752625180383, 'fire_exp': 2.2132019659217637, 'P_half': 120.23168781616687, 'pre_dampen_half': 0.49820275885045623, 'gpp_af': 0.0012660823301994693, 'gpp_b': 1.216007061637345e-05, 'gpp_d': 117.19064476610497, 'ign_k': 6.519785708785234, 'ign_c': 273.41228519674326, 'trop_agb_crit': 9.009891213913418, 'trop_k_veg': 1.5399815665606649, 'pop_amp': 0.016266313393432562, 'pop_peak': 2.014384865815864, 'pop_sig': 1.5000551389509174}. Best is trial 274 with value: -0.604910391627968.
[I 2026-08-20 00:27:43,101] Trial 548 finished with value: 0.5148911266258251 and parameters: {'k1': 0.0001573291431722016, 'D_low': 1115.0878559133098, 'k2': 0.022653915078289396, 'D_high': 1992837.4210783155, 'fire_exp': 1.4308156905345568, 'P_half': 3.5056047511282666, 'pre_dampen_half': 0.9655044884549011, 'gpp_af': 0.03361243343148102, 'gpp_b': 0.004311555486778353, 'gpp_d': 75.62762996616604, 'ign_k': 0.019719244219280983, 'ign_c': 7.302427253264964, 'trop_agb_crit': 14.835129748460345, 'trop_k_veg': 0.756259010982917, 'pop_amp': 0.6816849317260884, 'pop_peak': 49.331856684660146, 'pop_sig': 1.462577488331648}. Best is trial 274 with value: -0.604910391627968.
[I 2026-08-20 00:27:44,819] Trial 549 finished with value: -0.5640279077375151 and parameters: {'k1': 0.025188413401428276, 'D_low': 183.41233396887793, 'k2': 0.004928935303236289, 'D_high': 9181847.23009882, 'fire_exp': 1.6698449225141256, 'P_half': 15.409075634098352, 'pre_dampen_half': 1.1777766872065851, 'gpp_af': 0.001792205827823076, 'gpp_b': 3.894008058236816e-05, 'gpp_d': 117.11114239936074, 'ign_k': 8.249297426384713, 'ign_c': 1.3765345399921922, 'trop_agb_crit': 3.028735343954305, 'trop_k_veg': 0.9928263737053932, 'pop_amp': 0.009415001127166308, 'pop_peak': 18.831289253376465, 'pop_sig': 0.8976790934173939}. Best is trial 274 with value: -0.604910391627968.
[I 2026-08-20 00:27:46,656] Trial 550 finished with value: 0.46511317640858363 and parameters: {'k1': 0.022957368202079664, 'D_low': 292.9305051073642, 'k2': 0.004308022159282406, 'D_high': 1282245.4887786314, 'fire_exp': 1.5490091646375386, 'P_half': 34.9036872399021, 'pre_dampen_half': 29.513973997321287, 'gpp_af': 0.009688882455770738, 'gpp_b': 5.3004689566452844e-05, 'gpp_d': 19.55861103896197, 'ign_k': 1.4186490507417473, 'ign_c': 1.0785975986594323, 'trop_agb_crit': 2.3771712131564886, 'trop_k_veg': 1.8892765743138236, 'pop_amp': 0.05105977719961317, 'pop_peak': 37.96442097654548, 'pop_sig': 0.7519825079931443}. Best is trial 274 with value: -0.604910391627968.
[I 2026-08-20 00:27:48,452] Trial 551 finished with value: 0.4632269806936329 and parameters: {'k1': 0.046117717553903766, 'D_low': 1171.6501129549142, 'k2': 0.04410398824807787, 'D_high': 164497.08703613532, 'fire_exp': 1.6043684505024425, 'P_half': 47.47226480080298, 'pre_dampen_half': 965.8398402683088, 'gpp_af': 0.02509373088188648, 'gpp_b': 0.00011127633608352667, 'gpp_d': 60.76322354121031, 'ign_k': 0.03542201410463449, 'ign_c': 0.230561689762969, 'trop_agb_crit': 8.875952817136383, 'trop_k_veg': 7.697895328986826, 'pop_amp': 0.9828117476388957, 'pop_peak': 0.32844758109363487, 'pop_sig': 0.6385813700363114}. Best is trial 274 with value: -0.604910391627968.
[I 2026-08-20 00:27:50,180] Trial 552 finished with value: 0.6161140321717165 and parameters: {'k1': 0.0010063541480622488, 'D_low': 21389.108810228438, 'k2': 0.007260516278269847, 'D_high': 3824992.5961660156, 'fire_exp': 1.232167459852264, 'P_half': 1292.2863702613934, 'pre_dampen_half': 52.09963468075679, 'gpp_af': 0.001441734016116605, 'gpp_b': 0.22305471667729165, 'gpp_d': 3.945850410513043, 'ign_k': 3.162834904792482, 'ign_c': 17.6937025946505, 'trop_agb_crit': 8.416612591555015, 'trop_k_veg': 2.9959407567669025, 'pop_amp': 0.0022509456324686164, 'pop_peak': 8.255476982092402, 'pop_sig': 1.1461374545766985}. Best is trial 274 with value: -0.604910391627968.
[I 2026-08-20 00:27:51,905] Trial 553 finished with value: 0.6318008111799944 and parameters: {'k1': 0.00011274497297102065, 'D_low': 95852.56805978151, 'k2': 0.0006316399852545569, 'D_high': 3969355.413318994, 'fire_exp': 3.0875971391486297, 'P_half': 8.753823352293788, 'pre_dampen_half': 880.6756697709869, 'gpp_af': 0.0014296858164433122, 'gpp_b': 0.0005529245763137683, 'gpp_d': 120.47025773445003, 'ign_k': 5.877414994617916, 'ign_c': 0.3163880273461218, 'trop_agb_crit': 14.580497624579012, 'trop_k_veg': 0.9775105442641315, 'pop_amp': 0.07311080531955126, 'pop_peak': 937.6456729024635, 'pop_sig': 0.554309189402869}. Best is trial 274 with value: -0.604910391627968.
[I 2026-08-20 00:27:53,607] Trial 554 finished with value: 0.6039553357715748 and parameters: {'k1': 0.0037761320071774754, 'D_low': 9344.398524432361, 'k2': 0.002224221094074995, 'D_high': 5478.3425470650045, 'fire_exp': 2.131786626687051, 'P_half': 4.58684338568983, 'pre_dampen_half': 18.586017567529286, 'gpp_af': 0.08846710222683757, 'gpp_b': 0.0012681865634682388, 'gpp_d': 5.552575863012365, 'ign_k': 0.0028227131828117346, 'ign_c': 604.2878684907151, 'trop_agb_crit': 20.921379533610814, 'trop_k_veg': 0.9823009239704624, 'pop_amp': 0.031505517861165684, 'pop_peak': 6.01079381085986, 'pop_sig': 1.5053028112054607}. Best is trial 274 with value: -0.604910391627968.
[I 2026-08-20 00:27:55,320] Trial 555 finished with value: 0.46113043044512825 and parameters: {'k1': 0.0983307508544607, 'D_low': 29.21558375812314, 'k2': 8.478998930401389e-05, 'D_high': 34486.69361069385, 'fire_exp': 1.0797776020161334, 'P_half': 348.8861889122393, 'pre_dampen_half': 1.5853439171474268, 'gpp_af': 55.160162855268744, 'gpp_b': 0.07419549470083829, 'gpp_d': 242.2070881488348, 'ign_k': 0.11412039047357347, 'ign_c': 0.5108672040605957, 'trop_agb_crit': 3.152946372583631, 'trop_k_veg': 0.5713259588552057, 'pop_amp': 2.3356707663024143, 'pop_peak': 254.18485407525642, 'pop_sig': 0.9155910973683608}. Best is trial 274 with value: -0.604910391627968.
[I 2026-08-20 00:27:57,354] Trial 556 finished with value: 0.5985325896629576 and parameters: {'k1': 0.09327685171734862, 'D_low': 10056.543556367327, 'k2': 0.03127322311444592, 'D_high': 258883.28871970883, 'fire_exp': 1.9091413411656248, 'P_half': 2253.444692027606, 'pre_dampen_half': 193.75515242040998, 'gpp_af': 0.00788874362784372, 'gpp_b': 0.0021407548700586327, 'gpp_d': 12.975041802196422, 'ign_k': 0.12540711764983103, 'ign_c': 0.43603634755433707, 'trop_agb_crit': 4.71982632625991, 'trop_k_veg': 3.6961864918478993, 'pop_amp': 0.5407572301670103, 'pop_peak': 0.3569499783207257, 'pop_sig': 1.1806760682911945}. Best is trial 274 with value: -0.604910391627968.
[I 2026-08-20 00:28:00,055] Trial 557 finished with value: 0.6445374145881376 and parameters: {'k1': 0.0027122021526693606, 'D_low': 99627.72202751515, 'k2': 0.00016176455925833547, 'D_high': 43792.78767513613, 'fire_exp': 2.2273211660354884, 'P_half': 136.13703999389892, 'pre_dampen_half': 395.36643554867845, 'gpp_af': 0.005411084589272023, 'gpp_b': 1.9622756239555846e-05, 'gpp_d': 560.0637748373452, 'ign_k': 0.2545678689443037, 'ign_c': 204.88451759802672, 'trop_agb_crit': 1.9624880487870873, 'trop_k_veg': 3.072272543271633, 'pop_amp': 0.003617941240975413, 'pop_peak': 6.8694067883399565, 'pop_sig': 0.6921972096876241}. Best is trial 274 with value: -0.604910391627968.
[I 2026-08-20 00:28:02,764] Trial 558 finished with value: 0.5902899026065633 and parameters: {'k1': 0.021273557772326177, 'D_low': 345.29278764915364, 'k2': 0.0006765877530145531, 'D_high': 6711.5767525635265, 'fire_exp': 1.6638813601577467, 'P_half': 22.13174126413092, 'pre_dampen_half': 3.2726151531038927, 'gpp_af': 0.001393378892546014, 'gpp_b': 0.002436338093567278, 'gpp_d': 0.8024627030766256, 'ign_k': 0.1676097043413063, 'ign_c': 12.7893185500225, 'trop_agb_crit': 12.757483577433876, 'trop_k_veg': 4.873734031578305, 'pop_amp': 0.6352745451077587, 'pop_peak': 91.13123622873509, 'pop_sig': 1.3479276811738923}. Best is trial 274 with value: -0.604910391627968.
[I 2026-08-20 00:28:05,282] Trial 559 finished with value: 0.6445374145881376 and parameters: {'k1': 0.0024243742459068795, 'D_low': 12170.407226043972, 'k2': 0.008135009585338256, 'D_high': 3803.4296726578914, 'fire_exp': 1.9950506911853845, 'P_half': 1.1546535131530922, 'pre_dampen_half': 3.653943966116797, 'gpp_af': 2.75651963657263, 'gpp_b': 3.830128562279614e-05, 'gpp_d': 1.789531766556625, 'ign_k': 0.004981104415225446, 'ign_c': 5.370833319975742, 'trop_agb_crit': 12.57927231647651, 'trop_k_veg': 1.153107119626813, 'pop_amp': 1.2268089772289261, 'pop_peak': 28.313357111302818, 'pop_sig': 2.200154712892489}. Best is trial 274 with value: -0.604910391627968.
[I 2026-08-20 00:28:07,880] Trial 560 finished with value: 0.462233777077768 and parameters: {'k1': 0.023930731749165168, 'D_low': 256.83712968825563, 'k2': 0.00664756060599636, 'D_high': 3174418.8183635, 'fire_exp': 3.1226328884413705, 'P_half': 9.346124800064045, 'pre_dampen_half': 0.9739340309059207, 'gpp_af': 0.0034315110848189643, 'gpp_b': 3.152307278451179e-05, 'gpp_d': 70.13309142492386, 'ign_k': 4.611206395602335, 'ign_c': 0.6652793414606495, 'trop_agb_crit': 3.50400261346031, 'trop_k_veg': 1.3256176011698035, 'pop_amp': 0.00260541728072945, 'pop_peak': 19.890198377356025, 'pop_sig': 1.165643086478723}. Best is trial 274 with value: -0.604910391627968.
[I 2026-08-20 00:28:10,440] Trial 561 finished with value: 0.46317815562410103 and parameters: {'k1': 0.0173301230638576, 'D_low': 88.67566267161988, 'k2': 1.5834581802537734e-05, 'D_high': 113046.4347355509, 'fire_exp': 1.3316328918105258, 'P_half': 265.41460375599127, 'pre_dampen_half': 0.06004863573983746, 'gpp_af': 89.73512708721816, 'gpp_b': 0.0002669289815707817, 'gpp_d': 363.55460813639934, 'ign_k': 0.4325583754386293, 'ign_c': 1.1277260892972647, 'trop_agb_crit': 9.409672890777486, 'trop_k_veg': 0.5619427029184755, 'pop_amp': 14.29885602334992, 'pop_peak': 1.3812500865055872, 'pop_sig': 1.0501954753609644}. Best is trial 274 with value: -0.604910391627968.
[I 2026-08-20 00:28:12,895] Trial 562 finished with value: 0.6445374145881376 and parameters: {'k1': 5.915836639959188e-05, 'D_low': 656.8370060569088, 'k2': 0.001008100528795496, 'D_high': 2496172.910196903, 'fire_exp': 1.428340208537631, 'P_half': 40.79013519416776, 'pre_dampen_half': 45.97686892069388, 'gpp_af': 0.07851236124408435, 'gpp_b': 0.00029030265365610254, 'gpp_d': 4.506962196494855, 'ign_k': 4.980161562144862, 'ign_c': 61.32908767081342, 'trop_agb_crit': 9.088300714047234, 'trop_k_veg': 2.8709756712779164, 'pop_amp': 0.011067669430998893, 'pop_peak': 37.16871453001296, 'pop_sig': 0.7103403252370392}. Best is trial 274 with value: -0.604910391627968.
[I 2026-08-20 00:28:15,579] Trial 563 finished with value: 0.5607370027526987 and parameters: {'k1': 0.08046644212128537, 'D_low': 4970.126725681128, 'k2': 0.04668471165500495, 'D_high': 23565.15721446626, 'fire_exp': 2.6541767588695264, 'P_half': 818.5446630064067, 'pre_dampen_half': 249.78029377457415, 'gpp_af': 0.10519752485319211, 'gpp_b': 0.003035639928540787, 'gpp_d': 20.462964688525958, 'ign_k': 0.5598049999944668, 'ign_c': 16.64675504994367, 'trop_agb_crit': 14.404510842915608, 'trop_k_veg': 4.521041024454018, 'pop_amp': 0.7011657236243608, 'pop_peak': 1.4312600862733043, 'pop_sig': 0.5705810231866708}. Best is trial 274 with value: -0.604910391627968.
[I 2026-08-20 00:28:18,184] Trial 564 finished with value: 0.5962713042461053 and parameters: {'k1': 0.0003661014518506242, 'D_low': 1006.0088452432043, 'k2': 0.0025756859741267804, 'D_high': 146127.17726430096, 'fire_exp': 3.0524682559817404, 'P_half': 1088.6973363976495, 'pre_dampen_half': 5.501434350588486, 'gpp_af': 0.16027329784236097, 'gpp_b': 0.5477607846565568, 'gpp_d': 2.6696156803939077, 'ign_k': 0.22287335539867204, 'ign_c': 2.777379649677506, 'trop_agb_crit': 9.167408014229066, 'trop_k_veg': 2.351930105190939, 'pop_amp': 0.4051162409213714, 'pop_peak': 2.575609670610231, 'pop_sig': 1.4111969971998435}. Best is trial 274 with value: -0.604910391627968.
[I 2026-08-20 00:28:20,737] Trial 565 finished with value: 0.4296372700843586 and parameters: {'k1': 0.00253381548252392, 'D_low': 914.4996574490302, 'k2': 0.0009225441278029433, 'D_high': 7651352.926916444, 'fire_exp': 1.922245024388678, 'P_half': 177.2355807767316, 'pre_dampen_half': 58.487520502486845, 'gpp_af': 0.08176256410420263, 'gpp_b': 8.08183224448062e-05, 'gpp_d': 1.5134792846014655, 'ign_k': 4.70962517580827, 'ign_c': 0.4251738846456114, 'trop_agb_crit': 11.688356788394016, 'trop_k_veg': 2.576701276806853, 'pop_amp': 0.24223736679934255, 'pop_peak': 24.277859582533413, 'pop_sig': 0.510611212963665}. Best is trial 274 with value: -0.604910391627968.
[I 2026-08-20 00:28:23,549] Trial 566 finished with value: 0.5035159644969386 and parameters: {'k1': 0.024789239245048778, 'D_low': 3168.110112557642, 'k2': 0.0035045099345677117, 'D_high': 20100.656266852966, 'fire_exp': 1.2035477905534213, 'P_half': 15.716113091936537, 'pre_dampen_half': 11.767187399156546, 'gpp_af': 0.0016414368414791286, 'gpp_b': 2.1004951585607008e-05, 'gpp_d': 2.757202510016072, 'ign_k': 0.0875448858421264, 'ign_c': 7.238618895099531, 'trop_agb_crit': 3.349795883546729, 'trop_k_veg': 3.8953646567494173, 'pop_amp': 0.03655247263125648, 'pop_peak': 392.0578149566955, 'pop_sig': 2.4374332413118784}. Best is trial 274 with value: -0.604910391627968.
[I 2026-08-20 00:28:26,165] Trial 567 finished with value: 0.5051227632196013 and parameters: {'k1': 0.009577057657923318, 'D_low': 186.17516319748785, 'k2': 0.00018536535236000893, 'D_high': 25791.414777327966, 'fire_exp': 1.5042022003999431, 'P_half': 986.7267654062392, 'pre_dampen_half': 51.82567693441113, 'gpp_af': 0.00808444103423836, 'gpp_b': 0.0006475121830923549, 'gpp_d': 253.23481335697434, 'ign_k': 4.6747355370770105, 'ign_c': 4.894093718506813, 'trop_agb_crit': 10.417392352220624, 'trop_k_veg': 3.283883731614235, 'pop_amp': 0.010859330858424106, 'pop_peak': 96.16627955385457, 'pop_sig': 0.7158543494859534}. Best is trial 274 with value: -0.604910391627968.
[I 2026-08-20 00:28:28,712] Trial 568 finished with value: 0.424690460971478 and parameters: {'k1': 0.021101854752005468, 'D_low': 58.34646996166539, 'k2': 0.016642075066606175, 'D_high': 1845564.293116825, 'fire_exp': 1.1697539512994877, 'P_half': 6.464906298817383, 'pre_dampen_half': 1.4154324720216118, 'gpp_af': 0.013270416449346767, 'gpp_b': 4.551165542007807e-05, 'gpp_d': 328.06319566868973, 'ign_k': 1.9966190271281936, 'ign_c': 0.13523169335811813, 'trop_agb_crit': 2.829793675716082, 'trop_k_veg': 0.9275120828108131, 'pop_amp': 0.34449588130916514, 'pop_peak': 33.9885668191132, 'pop_sig': 1.017161282173721}. Best is trial 274 with value: -0.604910391627968.
[I 2026-08-20 00:28:31,321] Trial 569 finished with value: 0.5598594792068385 and parameters: {'k1': 0.004401567457251231, 'D_low': 22503.863074916786, 'k2': 0.08320785937377305, 'D_high': 327376.0284914363, 'fire_exp': 2.848939920940762, 'P_half': 4.359882871599123, 'pre_dampen_half': 0.10516187385884627, 'gpp_af': 0.06465377706745871, 'gpp_b': 1.8451193285050542e-05, 'gpp_d': 0.21191175473529494, 'ign_k': 0.22575507960695698, 'ign_c': 0.3575054523840277, 'trop_agb_crit': 3.0093651271252218, 'trop_k_veg': 4.047642235782515, 'pop_amp': 0.0022241164817011, 'pop_peak': 0.05639000043964255, 'pop_sig': 0.9462692989757026}. Best is trial 274 with value: -0.604910391627968.
[I 2026-08-20 00:28:33,902] Trial 570 finished with value: 0.6585553059345064 and parameters: {'k1': 0.0008333427029389667, 'D_low': 2499.594775750316, 'k2': 0.002655377170426587, 'D_high': 685921.7046282617, 'fire_exp': 1.2466846110021688, 'P_half': 213.37874402592809, 'pre_dampen_half': 58.10032413515945, 'gpp_af': 0.06869165935750418, 'gpp_b': 0.0001587732804174402, 'gpp_d': 4.67539664216461, 'ign_k': 1.544179955861106, 'ign_c': 48.187284598435966, 'trop_agb_crit': 17.584280948404768, 'trop_k_veg': 2.066311020444371, 'pop_amp': 0.0022508398026287748, 'pop_peak': 1.7756042360212472, 'pop_sig': 1.0632197160617365}. Best is trial 274 with value: -0.604910391627968.
[I 2026-08-20 00:28:36,647] Trial 571 finished with value: 0.412331064460678 and parameters: {'k1': 0.0007742684738973859, 'D_low': 2.2753898417932747, 'k2': 0.029781652378942584, 'D_high': 538800.1398118827, 'fire_exp': 1.7800534911052799, 'P_half': 10.221340805625877, 'pre_dampen_half': 3.897252723311716, 'gpp_af': 0.30829696668475254, 'gpp_b': 0.0016834303273721562, 'gpp_d': 470.2987433358049, 'ign_k': 0.00493868917875243, 'ign_c': 1.0812710106919199, 'trop_agb_crit': 20.03257478327102, 'trop_k_veg': 1.1991870114080432, 'pop_amp': 4.2245862626997654, 'pop_peak': 7.938074545922449, 'pop_sig': 0.7638997247008628}. Best is trial 274 with value: -0.604910391627968.
[I 2026-08-20 00:28:39,545] Trial 572 finished with value: 0.5728197881165855 and parameters: {'k1': 0.0015474772592076994, 'D_low': 180.06102969807236, 'k2': 0.010691727239907347, 'D_high': 9856100.180160375, 'fire_exp': 3.5702393984245737, 'P_half': 2.4649891684067575, 'pre_dampen_half': 0.13768990022231725, 'gpp_af': 0.024186029724962713, 'gpp_b': 0.008917581751295806, 'gpp_d': 0.5829262433150401, 'ign_k': 0.5132625039844483, 'ign_c': 0.8713901851215209, 'trop_agb_crit': 1.2836879252797033, 'trop_k_veg': 1.9850375426575217, 'pop_amp': 0.030129122492435167, 'pop_peak': 0.07840927622109355, 'pop_sig': 0.877927794752376}. Best is trial 274 with value: -0.604910391627968.
[I 2026-08-20 00:28:42,264] Trial 573 finished with value: 0.5954257083715087 and parameters: {'k1': 0.007602824374301866, 'D_low': 586.2741423304071, 'k2': 4.6879849755216255e-05, 'D_high': 1160.8016777491964, 'fire_exp': 2.781412675389252, 'P_half': 67.02684111898422, 'pre_dampen_half': 13.25535006757923, 'gpp_af': 0.005770703893044835, 'gpp_b': 4.6164137874433415e-05, 'gpp_d': 38.769067081456456, 'ign_k': 1.7176102072899566, 'ign_c': 18.281579046193603, 'trop_agb_crit': 5.2688049872368214, 'trop_k_veg': 4.376299501067514, 'pop_amp': 0.0015858325690438072, 'pop_peak': 72.18649538076147, 'pop_sig': 0.6002934613173024}. Best is trial 274 with value: -0.604910391627968.
[I 2026-08-20 00:28:45,548] Trial 574 finished with value: 0.6549068620098234 and parameters: {'k1': 0.0030426628868525864, 'D_low': 13188.690360766797, 'k2': 0.00014501103554470646, 'D_high': 505485.56801254116, 'fire_exp': 1.1472092587731308, 'P_half': 291.382994988713, 'pre_dampen_half': 3.831792817072228, 'gpp_af': 0.003677031869553409, 'gpp_b': 2.4412046334727063e-05, 'gpp_d': 19.12804044979987, 'ign_k': 8.200964081177014, 'ign_c': 36.42474212748425, 'trop_agb_crit': 4.051823799891451, 'trop_k_veg': 3.6974260337614044, 'pop_amp': 0.0036035898768946167, 'pop_peak': 26.966594862196057, 'pop_sig': 1.1201389440689569}. Best is trial 274 with value: -0.604910391627968.
[I 2026-08-20 00:28:48,274] Trial 575 finished with value: 0.44852160816524334 and parameters: {'k1': 0.0028962173931824436, 'D_low': 324.5484147055281, 'k2': 0.0006527375797901939, 'D_high': 123395.53815282485, 'fire_exp': 3.849442225846607, 'P_half': 43.26589798813742, 'pre_dampen_half': 150.49475161827374, 'gpp_af': 0.03371171585226344, 'gpp_b': 0.00014504401180836433, 'gpp_d': 3.6146553116816618, 'ign_k': 4.296611347876107, 'ign_c': 0.5676010020134018, 'trop_agb_crit': 17.90444815451009, 'trop_k_veg': 2.1640571318935455, 'pop_amp': 0.004912250109107805, 'pop_peak': 126.96898299735203, 'pop_sig': 0.40294423131005686}. Best is trial 274 with value: -0.604910391627968.
