[I 2026-07-25 00:31:50,586] Trial 314 finished with value: 0.5195385480386754 and parameters: {'k1': 0.03115589472471963, 'D_low': 2298.4125342833754, 'k2': 0.0029220318028582927, 'D_high': 5334735.639962693, 'fire_exp': 2.6891786300807254, 'P_half': 302.3850113198526, 'pre_dampen_half': 280.5590448365513, 'gpp_af': 0.001651924122955418, 'gpp_b': 0.00013358112066948522, 'gpp_d': 772.5012898751006, 'ign_k': 0.0018778875165755234, 'ign_c': 31.75344604510479, 'trop_agb_crit': 10.969007992261659, 'trop_k_veg': 0.9401326404605981, 'gdp_gamma': 0.4876452718096086, 'cure_k': 0.016246554855846574, 'cure_p_min': 199.12871668094823, 'cure_gpp_ref': 1.009190680422073, 'cure_agb_crit': 1.7970400714014108, 'fuel_k': 0.17013760629386557, 'fuel_half': 1.679497857006413}. Best is trial 0 with value: -0.6232552202351066.
[I 2026-07-25 00:31:51,034] Trial 315 finished with value: 0.581143523875216 and parameters: {'k1': 0.0025573160442950676, 'D_low': 35.13780454612254, 'k2': 0.013182271507245666, 'D_high': 1302747.9799506185, 'fire_exp': 4.0204191738571, 'P_half': 803.3000877765577, 'pre_dampen_half': 14.914866115397556, 'gpp_af': 0.6447337232617031, 'gpp_b': 2.238233364492998e-05, 'gpp_d': 995.0610685980678, 'ign_k': 0.0036233223640595195, 'ign_c': 152.78097251945985, 'trop_agb_crit': 18.35461886693994, 'trop_k_veg': 0.997531203069568, 'gdp_gamma': 1.4986708507229365, 'cure_k': 0.009002901680502022, 'cure_p_min': 227.62442855779943, 'cure_gpp_ref': 0.18126483500985857, 'cure_agb_crit': 4.145323216584177, 'fuel_k': 0.016252542558030342, 'fuel_half': 16.42333650102614}. Best is trial 0 with value: -0.6232552202351066.
[I 2026-07-25 00:31:51,481] Trial 316 finished with value: 0.4852144331182572 and parameters: {'k1': 0.0012831700153394848, 'D_low': 9377.231685424887, 'k2': 1.735889662760275e-05, 'D_high': 6017.716061956559, 'fire_exp': 1.1161239387563724, 'P_half': 547.1848760773694, 'pre_dampen_half': 113.47237108400635, 'gpp_af': 0.02476558344608208, 'gpp_b': 0.09160350343011203, 'gpp_d': 172.92997098680001, 'ign_k': 0.024341385461442634, 'ign_c': 18.826256008840645, 'trop_agb_crit': 5.021641291828403, 'trop_k_veg': 7.283438653937915, 'gdp_gamma': 1.0280488016424818, 'cure_k': 0.18101580511068763, 'cure_p_min': 260.68284274558005, 'cure_gpp_ref': 0.16801925313762137, 'cure_agb_crit': 1.7245230226134516, 'fuel_k': 0.07096431968079296, 'fuel_half': 16.944266058772758}. Best is trial 0 with value: -0.6232552202351066.
[I 2026-07-25 00:31:51,955] Trial 317 finished with value: -0.5431506274586183 and parameters: {'k1': 1.6353996303212894e-05, 'D_low': 128.1622973643675, 'k2': 1.2861748206407271e-05, 'D_high': 4119509.3854377903, 'fire_exp': 1.531837069403159, 'P_half': 20.572597442897454, 'pre_dampen_half': 1.535897636345967, 'gpp_af': 0.13257885567194186, 'gpp_b': 0.00018469583667318212, 'gpp_d': 164.83750262777411, 'ign_k': 0.09096510088718067, 'ign_c': 0.36572157670748257, 'trop_agb_crit': 4.17495050164226, 'trop_k_veg': 5.126349445135911, 'gdp_gamma': 0.03567464597686875, 'cure_k': 0.0028169420071510317, 'cure_p_min': 331.7647937171403, 'cure_gpp_ref': 0.16568591871963922, 'cure_agb_crit': 1.1169080862672025, 'fuel_k': 0.3443632109682831, 'fuel_half': 0.5964602208165362}. Best is trial 0 with value: -0.6232552202351066.
[I 2026-07-25 00:31:52,414] Trial 318 finished with value: -0.5340852999270009 and parameters: {'k1': 0.0003789733399682791, 'D_low': 1050.877040129005, 'k2': 0.012296192193991518, 'D_high': 73551.99703678738, 'fire_exp': 5.855555420354671, 'P_half': 115.86432988958197, 'pre_dampen_half': 0.122172934862362, 'gpp_af': 0.00592616105670922, 'gpp_b': 0.008307205264022285, 'gpp_d': 2.5352754420194796, 'ign_k': 0.0015019474840403375, 'ign_c': 33.903597598339815, 'trop_agb_crit': 5.331855073863921, 'trop_k_veg': 7.612476633714804, 'gdp_gamma': 0.23790301479286155, 'cure_k': 0.2597983637060905, 'cure_p_min': 210.75325466585588, 'cure_gpp_ref': 0.6618816662099456, 'cure_agb_crit': 1.442064455514195, 'fuel_k': 0.07098388221494956, 'fuel_half': 0.34676862641721323}. Best is trial 0 with value: -0.6232552202351066.
[I 2026-07-25 00:31:52,905] Trial 319 finished with value: 0.5674278571947649 and parameters: {'k1': 5.2373353344345565e-05, 'D_low': 636.9968597799127, 'k2': 2.2665858993063712e-05, 'D_high': 575279.9709592151, 'fire_exp': 2.092729668640901, 'P_half': 1022.7251046357511, 'pre_dampen_half': 0.3153954854690266, 'gpp_af': 0.3791127413533828, 'gpp_b': 7.72661434619717e-05, 'gpp_d': 207.5888785479159, 'ign_k': 0.20541627695122935, 'ign_c': 0.13883785992020095, 'trop_agb_crit': 2.6863762760783674, 'trop_k_veg': 3.24509536249499, 'gdp_gamma': 0.007051600444932147, 'cure_k': 0.003126295825201385, 'cure_p_min': 291.23357942558073, 'cure_gpp_ref': 0.07566031892487955, 'cure_agb_crit': 1.9262160006890932, 'fuel_k': 0.24591577984711657, 'fuel_half': 1.0036246607525108}. Best is trial 0 with value: -0.6232552202351066.
[I 2026-07-25 00:31:53,374] Trial 320 finished with value: 0.5405021318337021 and parameters: {'k1': 0.00100872891992807, 'D_low': 29.56858617989042, 'k2': 0.06527789690612122, 'D_high': 737909.2200714652, 'fire_exp': 1.9090696814003554, 'P_half': 1274.891750739464, 'pre_dampen_half': 14.151776126830374, 'gpp_af': 0.0058038304418285705, 'gpp_b': 2.7299639276923153e-05, 'gpp_d': 286.82524823843636, 'ign_k': 0.015332102149016154, 'ign_c': 53.41819309466759, 'trop_agb_crit': 11.372723540424273, 'trop_k_veg': 0.682706008803998, 'gdp_gamma': 1.0111157437216263, 'cure_k': 0.0010149378060336038, 'cure_p_min': 208.10004590090446, 'cure_gpp_ref': 0.4943154509013998, 'cure_agb_crit': 2.4283836811098514, 'fuel_k': 0.0530176489231999, 'fuel_half': 51.341588250297605}. Best is trial 0 with value: -0.6232552202351066.
[I 2026-07-25 00:31:53,831] Trial 321 finished with value: 0.41097695703693815 and parameters: {'k1': 0.00018118492980605686, 'D_low': 124.45017335309407, 'k2': 1.6841665906501012e-05, 'D_high': 2596726.188247034, 'fire_exp': 1.8028149548937455, 'P_half': 13.471918483698628, 'pre_dampen_half': 8.239153258581268, 'gpp_af': 0.11772440649386402, 'gpp_b': 3.81667584108022e-05, 'gpp_d': 68.43487272255071, 'ign_k': 0.06492731172504812, 'ign_c': 0.6932733297129949, 'trop_agb_crit': 4.094655317537893, 'trop_k_veg': 3.9016694623610197, 'gdp_gamma': 0.026548517533847363, 'cure_k': 0.035345252671727306, 'cure_p_min': 329.8499265900729, 'cure_gpp_ref': 0.22485380782635186, 'cure_agb_crit': 1.5231858088445964, 'fuel_k': 1.472059804824833, 'fuel_half': 2.693788202342087}. Best is trial 0 with value: -0.6232552202351066.
[I 2026-07-25 00:31:54,285] Trial 322 finished with value: 0.44722221591577327 and parameters: {'k1': 1.3400273586651076e-05, 'D_low': 5.838253461984945, 'k2': 0.017838395776908492, 'D_high': 20210.02357671338, 'fire_exp': 1.2865430655565118, 'P_half': 10.753616679928701, 'pre_dampen_half': 56.07964621732417, 'gpp_af': 0.22536373060839332, 'gpp_b': 2.140026906855876e-05, 'gpp_d': 42.0763586837301, 'ign_k': 0.0029502022553852506, 'ign_c': 0.291261670992611, 'trop_agb_crit': 1.6440281969968906, 'trop_k_veg': 1.0808910634268551, 'gdp_gamma': 0.7149707743261113, 'cure_k': 0.00736984162722752, 'cure_p_min': 201.31141537427877, 'cure_gpp_ref': 0.16561128418578078, 'cure_agb_crit': 1.2520840900408268, 'fuel_k': 0.2002067808917622, 'fuel_half': 9.54533239059074}. Best is trial 0 with value: -0.6232552202351066.
[I 2026-07-25 00:31:54,735] Trial 323 finished with value: 0.6475627142511294 and parameters: {'k1': 0.00037030565433381123, 'D_low': 63.02818627401058, 'k2': 0.0007461954177383715, 'D_high': 50778.614490794054, 'fire_exp': 1.4613031256829474, 'P_half': 34.24285093807334, 'pre_dampen_half': 1.0501558408140945, 'gpp_af': 0.0029272857613859716, 'gpp_b': 0.0021822229060722426, 'gpp_d': 710.2383413666938, 'ign_k': 0.15210137495535933, 'ign_c': 0.11525225813387051, 'trop_agb_crit': 3.3395341210900584, 'trop_k_veg': 5.904021765518408, 'gdp_gamma': 1.3231331316831807, 'cure_k': 1.041089364561056, 'cure_p_min': 322.88717230485355, 'cure_gpp_ref': 0.36734244899388946, 'cure_agb_crit': 4.489745649057703, 'fuel_k': 0.16495652787162055, 'fuel_half': 2.1377161966734524}. Best is trial 0 with value: -0.6232552202351066.
[I 2026-07-25 00:31:55,188] Trial 324 finished with value: 0.47979146055185473 and parameters: {'k1': 0.0006547012535768371, 'D_low': 757.1501701118285, 'k2': 2.8098815281245317e-05, 'D_high': 249562.20556856232, 'fire_exp': 1.1737022836222306, 'P_half': 93.70269914387936, 'pre_dampen_half': 0.053051481126653595, 'gpp_af': 0.40749692264500487, 'gpp_b': 0.006362872842074382, 'gpp_d': 870.5414560677916, 'ign_k': 0.14733044990148866, 'ign_c': 0.9931856405307024, 'trop_agb_crit': 17.568303641359446, 'trop_k_veg': 4.1408022835821505, 'gdp_gamma': 0.07613882473168039, 'cure_k': 0.010080088002298612, 'cure_p_min': 385.8452902221706, 'cure_gpp_ref': 0.287022542350205, 'cure_agb_crit': 1.164092179963895, 'fuel_k': 0.5840737435451491, 'fuel_half': 0.25056822731310174}. Best is trial 0 with value: -0.6232552202351066.
[I 2026-07-25 00:31:55,643] Trial 325 finished with value: 0.6248925748016759 and parameters: {'k1': 0.0018495876322574237, 'D_low': 133.22676025122936, 'k2': 1.2833837071484267e-05, 'D_high': 1303480.969980959, 'fire_exp': 1.5946740520662073, 'P_half': 72.08237393937665, 'pre_dampen_half': 2.450507281194235, 'gpp_af': 0.002566268437488098, 'gpp_b': 0.003742242836118634, 'gpp_d': 15.381463933636363, 'ign_k': 0.12233345360595918, 'ign_c': 576.1427766394975, 'trop_agb_crit': 1.924582721181069, 'trop_k_veg': 6.468952476488369, 'gdp_gamma': 0.618287739513107, 'cure_k': 2.3801232211479237, 'cure_p_min': 257.1989350436579, 'cure_gpp_ref': 0.0714840415605106, 'cure_agb_crit': 1.665622529094279, 'fuel_k': 0.014655568080108464, 'fuel_half': 11.783554066458402}. Best is trial 0 with value: -0.6232552202351066.
[I 2026-07-25 00:31:56,094] Trial 326 finished with value: -0.5633728676985683 and parameters: {'k1': 6.715721043535482e-05, 'D_low': 12.35630530898993, 'k2': 4.4351076083834175e-05, 'D_high': 611.236669207509, 'fire_exp': 1.0803610084912467, 'P_half': 6.042894981039335, 'pre_dampen_half': 2.495165481797493, 'gpp_af': 0.0015452080574203076, 'gpp_b': 3.450080761906639e-05, 'gpp_d': 84.56659073765152, 'ign_k': 0.006954255628830604, 'ign_c': 0.13147391683764817, 'trop_agb_crit': 2.5440250590683555, 'trop_k_veg': 5.283957020789734, 'gdp_gamma': 1.905638487433654, 'cure_k': 0.028044315281361885, 'cure_p_min': 275.7531264318395, 'cure_gpp_ref': 0.30446094248847677, 'cure_agb_crit': 1.6109623083525626, 'fuel_k': 0.016452687831679125, 'fuel_half': 2.4538281384402363}. Best is trial 0 with value: -0.6232552202351066.
[I 2026-07-25 00:31:56,552] Trial 327 finished with value: 0.42938429454007976 and parameters: {'k1': 0.0015764392174985385, 'D_low': 255.22348267611972, 'k2': 0.05983107054362995, 'D_high': 8348934.591945256, 'fire_exp': 1.3614498158712456, 'P_half': 8.727926898864599, 'pre_dampen_half': 94.62335446732153, 'gpp_af': 0.8554131630940617, 'gpp_b': 0.0008510186901939576, 'gpp_d': 310.71496441552785, 'ign_k': 0.0046444795208768, 'ign_c': 5.842232122750429, 'trop_agb_crit': 11.836345231939015, 'trop_k_veg': 0.828507312056701, 'gdp_gamma': 0.06216467274011295, 'cure_k': 0.0011110981680305168, 'cure_p_min': 201.98537841531393, 'cure_gpp_ref': 0.23413541658429662, 'cure_agb_crit': 2.9332696805106417, 'fuel_k': 0.013638488129415543, 'fuel_half': 76.03060070619158}. Best is trial 0 with value: -0.6232552202351066.
[I 2026-07-25 00:31:57,010] Trial 328 finished with value: 0.40947607953287135 and parameters: {'k1': 5.9578790954381694e-05, 'D_low': 507.2245283654419, 'k2': 6.244339321108195e-05, 'D_high': 889948.7181804312, 'fire_exp': 2.119508274614945, 'P_half': 14.172932625470121, 'pre_dampen_half': 23.074462404321594, 'gpp_af': 0.05934887411170841, 'gpp_b': 6.0947467828930656e-05, 'gpp_d': 179.336647311797, 'ign_k': 0.08468647996510291, 'ign_c': 1.3274821224199937, 'trop_agb_crit': 11.240682452014783, 'trop_k_veg': 3.8804788051408745, 'gdp_gamma': 0.045295211905089436, 'cure_k': 0.0011250643456629952, 'cure_p_min': 324.40741263380363, 'cure_gpp_ref': 0.12283306490681499, 'cure_agb_crit': 1.291770300405239, 'fuel_k': 0.10200122621030566, 'fuel_half': 0.4416841480578329}. Best is trial 0 with value: -0.6232552202351066.
[I 2026-07-25 00:31:57,466] Trial 329 finished with value: 0.4843893752561874 and parameters: {'k1': 1.9852462355076262e-05, 'D_low': 5.312424266192986, 'k2': 1.199052752101205e-05, 'D_high': 379.64218513678674, 'fire_exp': 1.2813991535372844, 'P_half': 861.2041912914825, 'pre_dampen_half': 0.7595293133571717, 'gpp_af': 0.008662995959158443, 'gpp_b': 1.004352932781137e-05, 'gpp_d': 58.791509012187085, 'ign_k': 0.001436613643075264, 'ign_c': 363.6378428406146, 'trop_agb_crit': 8.50827844837397, 'trop_k_veg': 3.3375577783277492, 'gdp_gamma': 1.3894240392048443, 'cure_k': 0.05172167067337983, 'cure_p_min': 211.28512839201062, 'cure_gpp_ref': 0.21902797582412825, 'cure_agb_crit': 1.6821336835410472, 'fuel_k': 0.012579256090943201, 'fuel_half': 9.149958688862895}. Best is trial 0 with value: -0.6232552202351066.
[I 2026-07-25 00:31:57,919] Trial 330 finished with value: 0.4785646360447161 and parameters: {'k1': 0.0010899219492966532, 'D_low': 93.57123331381143, 'k2': 2.2383830672734644e-05, 'D_high': 28.6745578336659, 'fire_exp': 1.8261599558492316, 'P_half': 3.2461101537256143, 'pre_dampen_half': 11.541354486039182, 'gpp_af': 0.0024108618152805937, 'gpp_b': 0.0002649646659640069, 'gpp_d': 166.50298003696938, 'ign_k': 0.08560074353661395, 'ign_c': 0.22373388288940574, 'trop_agb_crit': 1.3093982229474945, 'trop_k_veg': 6.390902624930547, 'gdp_gamma': 0.49275937652605695, 'cure_k': 0.04345834283968525, 'cure_p_min': 391.9974625184238, 'cure_gpp_ref': 0.515444986000292, 'cure_agb_crit': 2.6760932850117816, 'fuel_k': 0.04327237800740671, 'fuel_half': 2.4065651719206436}. Best is trial 0 with value: -0.6232552202351066.
[I 2026-07-25 00:31:58,375] Trial 331 finished with value: 0.40831710639298724 and parameters: {'k1': 1.7232360806688983e-05, 'D_low': 398.9900133035614, 'k2': 1.4828699097204259e-05, 'D_high': 3425.6403005942925, 'fire_exp': 1.0106318533875964, 'P_half': 2.1883653794986344, 'pre_dampen_half': 3.1955177630194904, 'gpp_af': 0.03349640114137864, 'gpp_b': 0.00012089547068777676, 'gpp_d': 923.5198174814211, 'ign_k': 0.014252288986075334, 'ign_c': 0.10839987644914059, 'trop_agb_crit': 1.2450157282650858, 'trop_k_veg': 5.123151624112438, 'gdp_gamma': 0.6606708295221059, 'cure_k': 0.05938414158676941, 'cure_p_min': 212.52518208121967, 'cure_gpp_ref': 0.1936141732346447, 'cure_agb_crit': 1.15631851623432, 'fuel_k': 0.02828068483529222, 'fuel_half': 0.6847403633573218}. Best is trial 0 with value: -0.6232552202351066.
[I 2026-07-25 00:31:58,831] Trial 332 finished with value: -0.5631993826284982 and parameters: {'k1': 0.00014018342522716934, 'D_low': 75.65698126271215, 'k2': 0.050962267793779485, 'D_high': 4453202.694126353, 'fire_exp': 3.6451543898694596, 'P_half': 13.485874197032933, 'pre_dampen_half': 0.5304359401360452, 'gpp_af': 8.622306136609902, 'gpp_b': 0.0002365377320815632, 'gpp_d': 182.5554838345378, 'ign_k': 0.06219008826690352, 'ign_c': 0.3672164834046968, 'trop_agb_crit': 6.2256986989943295, 'trop_k_veg': 0.9498572606480157, 'gdp_gamma': 0.44278322350471966, 'cure_k': 0.08996137805623215, 'cure_p_min': 300.27545641396705, 'cure_gpp_ref': 0.17332837629979367, 'cure_agb_crit': 4.401430130172363, 'fuel_k': 0.051286656772569314, 'fuel_half': 10.24340862055212}. Best is trial 0 with value: -0.6232552202351066.
[I 2026-07-25 00:31:59,284] Trial 333 finished with value: 0.49534133956025894 and parameters: {'k1': 0.0001686099951058273, 'D_low': 59.40077173520245, 'k2': 0.03682222385478735, 'D_high': 2347587.4187031374, 'fire_exp': 2.5106679306865662, 'P_half': 5.509835085483072, 'pre_dampen_half': 0.10876380024204091, 'gpp_af': 25.48946227861325, 'gpp_b': 0.04540373035303506, 'gpp_d': 869.8487731606101, 'ign_k': 0.05966498422496974, 'ign_c': 1.6690970793535935, 'trop_agb_crit': 7.284319079897414, 'trop_k_veg': 0.7697999805442732, 'gdp_gamma': 0.21280160457017244, 'cure_k': 0.08425109034160498, 'cure_p_min': 263.66805302732024, 'cure_gpp_ref': 0.17269812702685583, 'cure_agb_crit': 6.656040749297183, 'fuel_k': 0.058333035439776006, 'fuel_half': 9.081150949650961}. Best is trial 0 with value: -0.6232552202351066.
[I 2026-07-25 00:31:59,741] Trial 334 finished with value: -0.5722621978903943 and parameters: {'k1': 0.0009258165215863443, 'D_low': 1435.96915201106, 'k2': 0.01021371443959121, 'D_high': 545987.147633622, 'fire_exp': 2.5737661916738137, 'P_half': 11.352541834279686, 'pre_dampen_half': 0.6767276741348001, 'gpp_af': 3.0276284244759033, 'gpp_b': 5.656230578074684e-05, 'gpp_d': 97.79780106519037, 'ign_k': 0.021650791301214504, 'ign_c': 0.5163529019715961, 'trop_agb_crit': 14.125976709538154, 'trop_k_veg': 0.9558649337874648, 'gdp_gamma': 1.7771830717164119, 'cure_k': 0.026231052280721735, 'cure_p_min': 331.7546043735402, 'cure_gpp_ref': 0.11120403758021014, 'cure_agb_crit': 4.8406017157457475, 'fuel_k': 0.05058892611461669, 'fuel_half': 3.1010050768241526}. Best is trial 0 with value: -0.6232552202351066.
[I 2026-07-25 00:32:00,195] Trial 335 finished with value: -0.5786832485773086 and parameters: {'k1': 0.0002676943416163685, 'D_low': 443.0767096589777, 'k2': 0.0024349883354008576, 'D_high': 1227603.395261576, 'fire_exp': 2.20043492367741, 'P_half': 12.443898502266029, 'pre_dampen_half': 0.40651351457621965, 'gpp_af': 13.6792064047854, 'gpp_b': 0.0007987516177855544, 'gpp_d': 211.39078734452534, 'ign_k': 0.006399330701959112, 'ign_c': 0.4260658331522324, 'trop_agb_crit': 12.564665655641509, 'trop_k_veg': 1.164089812298781, 'gdp_gamma': 1.4907420146445987, 'cure_k': 0.01760770164587626, 'cure_p_min': 386.78604393327896, 'cure_gpp_ref': 0.2407432280525902, 'cure_agb_crit': 6.486053670075108, 'fuel_k': 0.03861066322038628, 'fuel_half': 1.9821726362179775}. Best is trial 0 with value: -0.6232552202351066.
[I 2026-07-25 00:32:00,654] Trial 336 finished with value: 0.5950959115295741 and parameters: {'k1': 7.435552283514492e-05, 'D_low': 10212.80594031319, 'k2': 0.00012895175351302035, 'D_high': 15292.925160989334, 'fire_exp': 2.321320262653648, 'P_half': 9.594061878988125, 'pre_dampen_half': 0.04699431387662338, 'gpp_af': 17.01629255168908, 'gpp_b': 0.006376735341638442, 'gpp_d': 20.624957301683605, 'ign_k': 0.02617853964774403, 'ign_c': 0.6656279277951521, 'trop_agb_crit': 15.215258214551763, 'trop_k_veg': 0.8384695154403884, 'gdp_gamma': 0.11478716035237332, 'cure_k': 0.008577563952315147, 'cure_p_min': 328.03246613965575, 'cure_gpp_ref': 0.3112984755997007, 'cure_agb_crit': 6.925882254054807, 'fuel_k': 0.025692821483500775, 'fuel_half': 1.7552666990049026}. Best is trial 0 with value: -0.6232552202351066.
[I 2026-07-25 00:32:01,108] Trial 337 finished with value: -0.5733174307476253 and parameters: {'k1': 0.0004626642710401863, 'D_low': 189.89519973085527, 'k2': 3.523394954021874e-05, 'D_high': 295307.3069765254, 'fire_exp': 1.7367915645994023, 'P_half': 43.93091372064816, 'pre_dampen_half': 1.0989388151562636, 'gpp_af': 51.37595504139377, 'gpp_b': 7.673121656548154e-05, 'gpp_d': 81.00498845448544, 'ign_k': 0.0071524166021771024, 'ign_c': 8.599045062117815, 'trop_agb_crit': 16.53117356355871, 'trop_k_veg': 2.11010900969189, 'gdp_gamma': 0.6688384303493566, 'cure_k': 0.041216960419091744, 'cure_p_min': 350.60395089421553, 'cure_gpp_ref': 0.24002553638949503, 'cure_agb_crit': 7.010702517983375, 'fuel_k': 0.05319442463988227, 'fuel_half': 0.9394788820631104}. Best is trial 0 with value: -0.6232552202351066.
[I 2026-07-25 00:32:01,563] Trial 338 finished with value: 0.4097582036396352 and parameters: {'k1': 0.00048383587990300615, 'D_low': 179.58111226765715, 'k2': 0.0049055909522393755, 'D_high': 98250.93473713115, 'fire_exp': 1.9250448488207015, 'P_half': 6.011721624186976, 'pre_dampen_half': 4.139164515054495, 'gpp_af': 2.0799778774490405, 'gpp_b': 0.00013163203837187817, 'gpp_d': 25.21235625003649, 'ign_k': 0.004062412214242965, 'ign_c': 0.8669359417126465, 'trop_agb_crit': 20.824328390669507, 'trop_k_veg': 1.1595138229208075, 'gdp_gamma': 0.6182551389513857, 'cure_k': 0.04013238959586903, 'cure_p_min': 272.97822281277905, 'cure_gpp_ref': 0.15662527050967273, 'cure_agb_crit': 7.907739487511817, 'fuel_k': 0.016493964289552583, 'fuel_half': 1.3826843267010047}. Best is trial 0 with value: -0.6232552202351066.
[I 2026-07-25 00:32:02,016] Trial 339 finished with value: 0.5773048985126231 and parameters: {'k1': 0.0010875013178966695, 'D_low': 78.75970444954775, 'k2': 2.357911036780585e-05, 'D_high': 113366.6835485179, 'fire_exp': 1.1711768125275173, 'P_half': 60.067680396329784, 'pre_dampen_half': 34.52281175713859, 'gpp_af': 45.99848505484969, 'gpp_b': 0.0001051217618698299, 'gpp_d': 130.6698715848479, 'ign_k': 0.0017330673553020638, 'ign_c': 2.4537041576591165, 'trop_agb_crit': 14.915970233838397, 'trop_k_veg': 1.521700441976776, 'gdp_gamma': 1.776209932641042, 'cure_k': 0.07516925606758205, 'cure_p_min': 383.19432431334116, 'cure_gpp_ref': 0.1677486643214514, 'cure_agb_crit': 5.563247715377159, 'fuel_k': 0.12419583808963199, 'fuel_half': 0.5582792535350558}. Best is trial 0 with value: -0.6232552202351066.
