[I 2026-07-25 00:30:40,242] Trial 158 finished with value: 0.534599594328197 and parameters: {'k1': 9.069945884184457e-05, 'D_low': 14.742281879806198, 'k2': 1.2251171975974102e-05, 'D_high': 9564.995092095709, 'fire_exp': 2.044942868723441, 'P_half': 9327.237320537128, 'pre_dampen_half': 288.55198432607733, 'gpp_af': 0.0014252212117294258, 'gpp_b': 0.0005412669109442778, 'gpp_d': 15.220516824950492, 'ign_k': 0.029604942199618414, 'ign_c': 0.19868743824226823, 'trop_agb_crit': 12.633584080943356, 'trop_k_veg': 0.9589938125879808, 'gdp_gamma': 0.06494742172229644, 'cure_k': 0.9586622210349447, 'cure_p_min': 246.8788775167504, 'cure_gpp_ref': 0.1933717105357703, 'cure_agb_crit': 1.1852517530369742, 'fuel_k': 0.02299517274266304, 'fuel_half': 1.9300781433118803}. Best is trial 0 with value: -0.6232552202351066.
[I 2026-07-25 00:30:40,684] Trial 159 finished with value: 0.525427417571119 and parameters: {'k1': 1.4364712074228651e-05, 'D_low': 7.627513739965014, 'k2': 0.006021109260488495, 'D_high': 2599472.5413371664, 'fire_exp': 1.4502260984953268, 'P_half': 6970.334600982886, 'pre_dampen_half': 55.47532556374704, 'gpp_af': 0.012358924057692839, 'gpp_b': 0.00012900702929407714, 'gpp_d': 0.022190414106110005, 'ign_k': 0.00231660038739588, 'ign_c': 5.8069328968740335, 'trop_agb_crit': 19.415067050354068, 'trop_k_veg': 2.3701561058262226, 'gdp_gamma': 0.04826526829976128, 'cure_k': 1.0939108339842725, 'cure_p_min': 273.498505440692, 'cure_gpp_ref': 0.3959665567825221, 'cure_agb_crit': 2.120665337742796, 'fuel_k': 0.2734528131767921, 'fuel_half': 6.22766896867531}. Best is trial 0 with value: -0.6232552202351066.
[I 2026-07-25 00:30:41,124] Trial 160 finished with value: 0.5855443268822192 and parameters: {'k1': 0.0029356826924164005, 'D_low': 3.6154752478724124, 'k2': 1.886241579720358e-05, 'D_high': 3519.2597397448594, 'fire_exp': 2.19141139224987, 'P_half': 439.36759829231744, 'pre_dampen_half': 422.95788174852237, 'gpp_af': 0.01048935034736972, 'gpp_b': 0.00036088587337514377, 'gpp_d': 6.226636010957277, 'ign_k': 0.0018979743784775962, 'ign_c': 9.96033666338917, 'trop_agb_crit': 29.017013719330997, 'trop_k_veg': 1.3596599797702043, 'gdp_gamma': 0.1706064659325944, 'cure_k': 2.520361759739632, 'cure_p_min': 371.90881915759155, 'cure_gpp_ref': 0.08354231795499671, 'cure_agb_crit': 1.2291740459517648, 'fuel_k': 0.011638243646309093, 'fuel_half': 1.982798849071461}. Best is trial 0 with value: -0.6232552202351066.
[I 2026-07-25 00:30:41,568] Trial 161 finished with value: 0.4665374736907115 and parameters: {'k1': 0.0009454638664177427, 'D_low': 1646.51742913135, 'k2': 0.0034839985603275407, 'D_high': 1584847.392669794, 'fire_exp': 5.379959957649896, 'P_half': 625.7493343058566, 'pre_dampen_half': 0.839508278506618, 'gpp_af': 49.526891240649455, 'gpp_b': 8.829619544906599e-05, 'gpp_d': 275.94360497051883, 'ign_k': 0.04411030660179348, 'ign_c': 0.5995617925000273, 'trop_agb_crit': 19.39291040727907, 'trop_k_veg': 0.8181600703243447, 'gdp_gamma': 0.5072830105597476, 'cure_k': 0.16021684431537506, 'cure_p_min': 315.2377357214076, 'cure_gpp_ref': 0.1589626011678504, 'cure_agb_crit': 3.232547997336529, 'fuel_k': 0.011757571317573118, 'fuel_half': 16.227432689507836}. Best is trial 0 with value: -0.6232552202351066.
[I 2026-07-25 00:30:42,013] Trial 162 finished with value: 0.5963112190254503 and parameters: {'k1': 0.02393674412971786, 'D_low': 555.3316054856652, 'k2': 0.009370673881928132, 'D_high': 10044.13803353545, 'fire_exp': 2.466908899071058, 'P_half': 190.4267292399542, 'pre_dampen_half': 7.810874773643979, 'gpp_af': 0.022241382018875964, 'gpp_b': 1.0355658840603484e-05, 'gpp_d': 61.24772333429985, 'ign_k': 0.15058994668724301, 'ign_c': 48.89408240451038, 'trop_agb_crit': 13.537016589607244, 'trop_k_veg': 1.827705181637871, 'gdp_gamma': 0.11728290750129812, 'cure_k': 0.013902889554598178, 'cure_p_min': 132.77980262423017, 'cure_gpp_ref': 0.5095791020236801, 'cure_agb_crit': 1.865811245816865, 'fuel_k': 0.09873890755880321, 'fuel_half': 43.81049869828136}. Best is trial 0 with value: -0.6232552202351066.
[I 2026-07-25 00:30:42,454] Trial 163 finished with value: 0.5589593804498993 and parameters: {'k1': 0.00015228500414574605, 'D_low': 421.0921029823648, 'k2': 0.001016290000560819, 'D_high': 1830718.5337350192, 'fire_exp': 1.06143561952801, 'P_half': 640.2027319367419, 'pre_dampen_half': 18.73060744036356, 'gpp_af': 0.007195614605839746, 'gpp_b': 0.0003124661878580229, 'gpp_d': 0.3640729155102994, 'ign_k': 0.009595813139639415, 'ign_c': 49.2991364645857, 'trop_agb_crit': 14.441861029576762, 'trop_k_veg': 5.584014281275695, 'gdp_gamma': 0.124886735781045, 'cure_k': 1.682057253171688, 'cure_p_min': 281.29846012326874, 'cure_gpp_ref': 0.2221358372682984, 'cure_agb_crit': 1.2258782172412983, 'fuel_k': 0.010085637602412507, 'fuel_half': 0.5412717656333382}. Best is trial 0 with value: -0.6232552202351066.
[I 2026-07-25 00:30:42,897] Trial 164 finished with value: 0.5823426564892082 and parameters: {'k1': 1.1776843255327997e-05, 'D_low': 1.6047989730226162, 'k2': 0.00017916842949105568, 'D_high': 1798518.3455224624, 'fire_exp': 2.897939285449704, 'P_half': 8583.998467311236, 'pre_dampen_half': 88.52401223409332, 'gpp_af': 0.0013527156442175363, 'gpp_b': 0.001354733748054684, 'gpp_d': 0.014910614800354275, 'ign_k': 0.00380145329926891, 'ign_c': 4.976901804487164, 'trop_agb_crit': 5.188838895582022, 'trop_k_veg': 3.849830706998212, 'gdp_gamma': 0.07481805552065893, 'cure_k': 0.12033091518728806, 'cure_p_min': 202.1787240813791, 'cure_gpp_ref': 0.1453952308978809, 'cure_agb_crit': 1.0296402599170826, 'fuel_k': 0.14817043799397994, 'fuel_half': 9.73444167577979}. Best is trial 0 with value: -0.6232552202351066.
[I 2026-07-25 00:30:43,339] Trial 165 finished with value: -0.5732847292967775 and parameters: {'k1': 0.0003325749180266879, 'D_low': 26.128419056500306, 'k2': 1.6317283809354503e-05, 'D_high': 30293.60748509466, 'fire_exp': 1.7778265711772945, 'P_half': 68.00432836601053, 'pre_dampen_half': 342.40627954851544, 'gpp_af': 0.0062950437883837725, 'gpp_b': 0.0002008495619010024, 'gpp_d': 34.00991989247364, 'ign_k': 0.0014053583443490428, 'ign_c': 585.5458933301048, 'trop_agb_crit': 10.144378039351691, 'trop_k_veg': 6.195313019453666, 'gdp_gamma': 1.0668633481854006, 'cure_k': 0.0638319250194696, 'cure_p_min': 339.077722341427, 'cure_gpp_ref': 0.7068165218529497, 'cure_agb_crit': 1.2292929001677058, 'fuel_k': 0.10474658091449081, 'fuel_half': 1.366080151331432}. Best is trial 0 with value: -0.6232552202351066.
[I 2026-07-25 00:30:43,782] Trial 166 finished with value: 0.5330874454153303 and parameters: {'k1': 0.001544262264770366, 'D_low': 42.58598440096301, 'k2': 1.697870841439481e-05, 'D_high': 36000.907511691075, 'fire_exp': 2.3042649486596645, 'P_half': 22.505277137808235, 'pre_dampen_half': 240.50787580149355, 'gpp_af': 0.0020794246984141705, 'gpp_b': 0.05548111579163945, 'gpp_d': 29.943123258696225, 'ign_k': 0.014471093181109815, 'ign_c': 63.78264481191357, 'trop_agb_crit': 5.132769490992039, 'trop_k_veg': 7.6490921131168506, 'gdp_gamma': 0.7574692619721138, 'cure_k': 0.05992157874938599, 'cure_p_min': 282.30098609139714, 'cure_gpp_ref': 0.6412403374571487, 'cure_agb_crit': 1.4169238454099349, 'fuel_k': 0.28647077541203747, 'fuel_half': 0.7486920239873349}. Best is trial 0 with value: -0.6232552202351066.
[I 2026-07-25 00:30:44,224] Trial 167 finished with value: -0.606085990584401 and parameters: {'k1': 0.005427337762376062, 'D_low': 14.36438874647619, 'k2': 0.02709262702002077, 'D_high': 3951188.684188222, 'fire_exp': 1.2271432942647362, 'P_half': 612.950213987211, 'pre_dampen_half': 93.38178157848733, 'gpp_af': 0.005961408703568276, 'gpp_b': 5.370199351324381e-05, 'gpp_d': 184.50545461830578, 'ign_k': 0.01660033891529972, 'ign_c': 106.68114177788355, 'trop_agb_crit': 10.534168636784901, 'trop_k_veg': 0.9603069199421208, 'gdp_gamma': 1.0777738610927077, 'cure_k': 0.0013666527977416571, 'cure_p_min': 156.27190515185154, 'cure_gpp_ref': 0.5473996860580345, 'cure_agb_crit': 5.2068166373895215, 'fuel_k': 0.01633163067222782, 'fuel_half': 42.86413376144385}. Best is trial 0 with value: -0.6232552202351066.
[I 2026-07-25 00:30:44,665] Trial 168 finished with value: 0.47579356477259804 and parameters: {'k1': 0.000491982821252016, 'D_low': 655.8516706261631, 'k2': 5.580163403463058e-05, 'D_high': 4916.501789243066, 'fire_exp': 1.1944388298427377, 'P_half': 187.86187797600024, 'pre_dampen_half': 540.8810422917068, 'gpp_af': 0.004533608340950071, 'gpp_b': 0.00027890191448584227, 'gpp_d': 46.627411966900446, 'ign_k': 0.0022101094818600883, 'ign_c': 802.9404043593272, 'trop_agb_crit': 14.05486466822901, 'trop_k_veg': 7.057045539710415, 'gdp_gamma': 0.5441662034336123, 'cure_k': 0.305885974145837, 'cure_p_min': 152.05278131592507, 'cure_gpp_ref': 0.597855321327798, 'cure_agb_crit': 1.656566010334371, 'fuel_k': 0.022386300499800747, 'fuel_half': 2.139407224996898}. Best is trial 0 with value: -0.6232552202351066.
[I 2026-07-25 00:30:45,112] Trial 169 finished with value: 0.5997467100264544 and parameters: {'k1': 0.06306534432245849, 'D_low': 2.2628255337076406, 'k2': 0.059305521158384146, 'D_high': 78544.85209712415, 'fire_exp': 1.3036530561309967, 'P_half': 604.5690980010506, 'pre_dampen_half': 349.2501133541792, 'gpp_af': 0.037900025082681546, 'gpp_b': 0.0003524337699705558, 'gpp_d': 449.08291707338697, 'ign_k': 0.05434463210379332, 'ign_c': 377.37732644395237, 'trop_agb_crit': 8.741411514159838, 'trop_k_veg': 1.021935397239375, 'gdp_gamma': 0.3683707283393649, 'cure_k': 0.01809548871132524, 'cure_p_min': 195.94108266193686, 'cure_gpp_ref': 0.40358637719491497, 'cure_agb_crit': 7.604338363957314, 'fuel_k': 0.02372653572969937, 'fuel_half': 99.42650788136933}. Best is trial 0 with value: -0.6232552202351066.
[I 2026-07-25 00:30:45,554] Trial 170 finished with value: 0.5495726857971498 and parameters: {'k1': 0.00013183070620827569, 'D_low': 71.1134096732287, 'k2': 4.458776783811804e-05, 'D_high': 454044.48397566524, 'fire_exp': 1.8111472486504423, 'P_half': 47.53589823299597, 'pre_dampen_half': 20.16994258696233, 'gpp_af': 0.004822643566479242, 'gpp_b': 5.74657270880417e-05, 'gpp_d': 4.899752071568509, 'ign_k': 0.0065883241503527125, 'ign_c': 844.498186269028, 'trop_agb_crit': 4.111905632679146, 'trop_k_veg': 5.357976304070827, 'gdp_gamma': 1.8304723166851473, 'cure_k': 0.031486854564163905, 'cure_p_min': 353.06499189518354, 'cure_gpp_ref': 0.4511289951726266, 'cure_agb_crit': 2.1771499150110674, 'fuel_k': 0.11793894801130632, 'fuel_half': 1.7335100777881076}. Best is trial 0 with value: -0.6232552202351066.
[I 2026-07-25 00:30:46,001] Trial 171 finished with value: 0.43927126603903 and parameters: {'k1': 0.0005828706178536941, 'D_low': 54.77813976482116, 'k2': 8.681884360539598e-05, 'D_high': 1014.0600714585894, 'fire_exp': 1.1480992906190748, 'P_half': 114.3659248085043, 'pre_dampen_half': 855.3494968742071, 'gpp_af': 0.1987484108349409, 'gpp_b': 0.00031300049536463827, 'gpp_d': 8.825689139968361, 'ign_k': 0.0011321362381541708, 'ign_c': 263.4804310596021, 'trop_agb_crit': 14.943249465564975, 'trop_k_veg': 2.451957461509935, 'gdp_gamma': 0.8730170555096304, 'cure_k': 0.015167133278335196, 'cure_p_min': 356.54856430865635, 'cure_gpp_ref': 0.6269250198651747, 'cure_agb_crit': 2.1643159049724274, 'fuel_k': 0.16117861361663705, 'fuel_half': 0.7264689354140028}. Best is trial 0 with value: -0.6232552202351066.
[I 2026-07-25 00:30:46,445] Trial 172 finished with value: 0.43629881254499103 and parameters: {'k1': 1.1638493082324e-05, 'D_low': 8.172317453650905, 'k2': 3.091641481967483e-05, 'D_high': 2918.3485970601923, 'fire_exp': 1.275564445343639, 'P_half': 17.16592062129221, 'pre_dampen_half': 553.425656011046, 'gpp_af': 0.009389369625567927, 'gpp_b': 0.0020619595495992354, 'gpp_d': 62.19955729836682, 'ign_k': 0.0012330364119199388, 'ign_c': 201.9766703055471, 'trop_agb_crit': 5.752878963518116, 'trop_k_veg': 4.516087872621121, 'gdp_gamma': 0.0415216394310802, 'cure_k': 0.47339469797258477, 'cure_p_min': 310.39151942252573, 'cure_gpp_ref': 1.3235145892334392, 'cure_agb_crit': 1.0875260585566677, 'fuel_k': 0.5654024954184131, 'fuel_half': 10.656025539381172}. Best is trial 0 with value: -0.6232552202351066.
[I 2026-07-25 00:30:46,900] Trial 173 finished with value: 0.5809268676104057 and parameters: {'k1': 4.2150581532211906e-05, 'D_low': 1.6067342561622944, 'k2': 0.008987998996926263, 'D_high': 29609.575291875226, 'fire_exp': 3.161986291568249, 'P_half': 90.58113209238262, 'pre_dampen_half': 74.69497349637919, 'gpp_af': 0.0014922480492395836, 'gpp_b': 6.70762838598552e-05, 'gpp_d': 21.687511673898747, 'ign_k': 0.004020022182828259, 'ign_c': 0.10392030363899733, 'trop_agb_crit': 13.351822131851023, 'trop_k_veg': 1.74214231698923, 'gdp_gamma': 0.6037376077768042, 'cure_k': 0.0010560740451061143, 'cure_p_min': 118.63789238347312, 'cure_gpp_ref': 0.3222536330051251, 'cure_agb_crit': 1.4816467458170672, 'fuel_k': 0.07397073605310175, 'fuel_half': 13.985243914603954}. Best is trial 0 with value: -0.6232552202351066.
[I 2026-07-25 00:30:47,350] Trial 174 finished with value: 0.44937085351923445 and parameters: {'k1': 0.019282188305573975, 'D_low': 45.43615129661964, 'k2': 0.002206585774362737, 'D_high': 5676546.336104928, 'fire_exp': 1.6455557214727705, 'P_half': 13.692987680039908, 'pre_dampen_half': 501.41599827863286, 'gpp_af': 0.008258770206559364, 'gpp_b': 0.0005785775405439583, 'gpp_d': 59.532759268986034, 'ign_k': 0.06330870838631114, 'ign_c': 34.88252253487268, 'trop_agb_crit': 11.905305696481932, 'trop_k_veg': 1.6555383058217317, 'gdp_gamma': 1.9616839950351221, 'cure_k': 0.005402313526710453, 'cure_p_min': 130.30473831462882, 'cure_gpp_ref': 0.5506826254955103, 'cure_agb_crit': 6.8682755193077885, 'fuel_k': 0.10770824140296294, 'fuel_half': 37.91982835778606}. Best is trial 0 with value: -0.6232552202351066.
[I 2026-07-25 00:30:47,827] Trial 175 finished with value: 0.4839587708693911 and parameters: {'k1': 0.0004957270747882054, 'D_low': 43.79609974089376, 'k2': 0.058413731075678516, 'D_high': 189093.31115258625, 'fire_exp': 1.268219179827964, 'P_half': 560.9188154225587, 'pre_dampen_half': 14.13109662295792, 'gpp_af': 0.005754835056190122, 'gpp_b': 1.1260677347035447e-05, 'gpp_d': 3.124034352381479, 'ign_k': 0.004748241929033487, 'ign_c': 159.32151101142895, 'trop_agb_crit': 19.965494744119557, 'trop_k_veg': 1.5004566741150662, 'gdp_gamma': 0.3123260715213488, 'cure_k': 0.006390143043744811, 'cure_p_min': 144.4315245319811, 'cure_gpp_ref': 0.48229322323357715, 'cure_agb_crit': 4.544263706040441, 'fuel_k': 0.016619207289395865, 'fuel_half': 36.3608131707731}. Best is trial 0 with value: -0.6232552202351066.
[I 2026-07-25 00:30:48,295] Trial 176 finished with value: -0.47336193965849915 and parameters: {'k1': 1.2554832670831844e-05, 'D_low': 1.7011881654729128, 'k2': 0.0013812845141192268, 'D_high': 1039020.7301132058, 'fire_exp': 1.0995834812564644, 'P_half': 7055.818950730797, 'pre_dampen_half': 40.34862896998563, 'gpp_af': 0.0010782744426056001, 'gpp_b': 0.004469452573241308, 'gpp_d': 0.01876850941979438, 'ign_k': 0.01140138439730635, 'ign_c': 405.1711385506655, 'trop_agb_crit': 1.859067125974861, 'trop_k_veg': 1.197609137722503, 'gdp_gamma': 0.03976042833806711, 'cure_k': 0.21307323560614475, 'cure_p_min': 180.1553709728694, 'cure_gpp_ref': 0.5940488969272936, 'cure_agb_crit': 1.068087514835052, 'fuel_k': 1.741831933554974, 'fuel_half': 0.3027118229382088}. Best is trial 0 with value: -0.6232552202351066.
[I 2026-07-25 00:30:48,736] Trial 177 finished with value: 0.4673406609139713 and parameters: {'k1': 1.838701094614274e-05, 'D_low': 2.3793458419695765, 'k2': 0.0003164407389673313, 'D_high': 4885082.379355198, 'fire_exp': 1.0533418436566488, 'P_half': 8863.451695514086, 'pre_dampen_half': 300.64357922855646, 'gpp_af': 0.0011334576473089318, 'gpp_b': 0.0027064283891987772, 'gpp_d': 0.023847394221778295, 'ign_k': 0.0011618029161210098, 'ign_c': 516.903235942901, 'trop_agb_crit': 2.351867376341475, 'trop_k_veg': 2.5244756854020816, 'gdp_gamma': 0.21106691472658173, 'cure_k': 0.5394619163287745, 'cure_p_min': 378.8294962143993, 'cure_gpp_ref': 0.7282583883633913, 'cure_agb_crit': 2.617533396878241, 'fuel_k': 0.10708173631507201, 'fuel_half': 0.4970821402015287}. Best is trial 0 with value: -0.6232552202351066.
[I 2026-07-25 00:30:49,178] Trial 178 finished with value: 0.5968343716403386 and parameters: {'k1': 0.003464524383795948, 'D_low': 125.39191833836577, 'k2': 0.027560554806868847, 'D_high': 350308.06385282637, 'fire_exp': 2.173055537207314, 'P_half': 1464.4691942132235, 'pre_dampen_half': 102.98859104587542, 'gpp_af': 0.019680649320017913, 'gpp_b': 0.00425402792284617, 'gpp_d': 390.86653741114924, 'ign_k': 0.0021696606670999563, 'ign_c': 562.5967919917907, 'trop_agb_crit': 8.560670289322005, 'trop_k_veg': 1.7701091561284195, 'gdp_gamma': 0.6267611270334063, 'cure_k': 0.0015421569047446878, 'cure_p_min': 149.4924702607038, 'cure_gpp_ref': 0.2752148484430941, 'cure_agb_crit': 5.28116203605115, 'fuel_k': 0.01054906724825585, 'fuel_half': 69.65346567552454}. Best is trial 0 with value: -0.6232552202351066.
[I 2026-07-25 00:30:49,625] Trial 179 finished with value: 0.5592699426651297 and parameters: {'k1': 0.00021723593762278302, 'D_low': 30.522239801084964, 'k2': 0.000252666100907414, 'D_high': 286.9959208443303, 'fire_exp': 1.3066440414492235, 'P_half': 389.8626236990084, 'pre_dampen_half': 401.47020694883514, 'gpp_af': 0.03646276377482596, 'gpp_b': 0.00097533640238474, 'gpp_d': 3.3986319871379993, 'ign_k': 0.5003129217753904, 'ign_c': 4.997844071213078, 'trop_agb_crit': 5.681172339909153, 'trop_k_veg': 3.3009222613100038, 'gdp_gamma': 0.036426767429624404, 'cure_k': 0.11432766406691154, 'cure_p_min': 337.85828192329217, 'cure_gpp_ref': 0.6974243035821718, 'cure_agb_crit': 1.893352323956507, 'fuel_k': 0.18268202943822856, 'fuel_half': 3.194302846966235}. Best is trial 0 with value: -0.6232552202351066.
[I 2026-07-25 00:30:50,075] Trial 180 finished with value: 0.5424766976468824 and parameters: {'k1': 1.5186476460449982e-05, 'D_low': 48.523722460463155, 'k2': 0.03781180014203197, 'D_high': 47933.450138720444, 'fire_exp': 1.5103251034140013, 'P_half': 5.392626678077059, 'pre_dampen_half': 0.38625517505691404, 'gpp_af': 0.018436398988451546, 'gpp_b': 1.0146260796388878e-05, 'gpp_d': 5.9166486112708805, 'ign_k': 0.009390894729765486, 'ign_c': 2.327640556886827, 'trop_agb_crit': 1.2446871935550736, 'trop_k_veg': 0.7689251571422381, 'gdp_gamma': 0.6278949181985521, 'cure_k': 0.0010145125737578162, 'cure_p_min': 212.81521733024354, 'cure_gpp_ref': 0.5996885136037469, 'cure_agb_crit': 1.460900556012951, 'fuel_k': 1.0853399624299085, 'fuel_half': 35.96377476688675}. Best is trial 0 with value: -0.6232552202351066.
[I 2026-07-25 00:30:50,515] Trial 181 finished with value: 0.5585808688867477 and parameters: {'k1': 0.025623663686731447, 'D_low': 68.64732136523259, 'k2': 2.146889051569309e-05, 'D_high': 2460.6009774035706, 'fire_exp': 1.5153901540236363, 'P_half': 2490.5658596676662, 'pre_dampen_half': 44.92906683132785, 'gpp_af': 0.0015456266129378847, 'gpp_b': 6.526763022299735e-05, 'gpp_d': 10.040011931672957, 'ign_k': 0.03361954823322727, 'ign_c': 0.7456946820076737, 'trop_agb_crit': 5.47120750408384, 'trop_k_veg': 1.6315702397608647, 'gdp_gamma': 0.047171708843797046, 'cure_k': 1.6724651929517351, 'cure_p_min': 361.5821671291016, 'cure_gpp_ref': 0.5165210462611095, 'cure_agb_crit': 2.0832728307058876, 'fuel_k': 0.1235833860243567, 'fuel_half': 1.1328435507519359}. Best is trial 0 with value: -0.6232552202351066.
[I 2026-07-25 00:30:50,977] Trial 182 finished with value: 0.5776322370616322 and parameters: {'k1': 0.09953631401496743, 'D_low': 6.307492914873899, 'k2': 0.04568397957521908, 'D_high': 1708641.8507829465, 'fire_exp': 1.455482831824404, 'P_half': 6104.73610840677, 'pre_dampen_half': 0.7029165237626311, 'gpp_af': 0.003407642825546945, 'gpp_b': 2.2033202683088958e-05, 'gpp_d': 52.79923150304694, 'ign_k': 0.0030449820147074006, 'ign_c': 224.73467423456623, 'trop_agb_crit': 28.729678678258185, 'trop_k_veg': 0.522688824903669, 'gdp_gamma': 0.6605036376478385, 'cure_k': 0.0010337792567997805, 'cure_p_min': 212.5445845138761, 'cure_gpp_ref': 0.14809070335803184, 'cure_agb_crit': 1.8555007469036642, 'fuel_k': 0.23134200999727716, 'fuel_half': 1.3394054164479514}. Best is trial 0 with value: -0.6232552202351066.
[I 2026-07-25 00:30:51,421] Trial 183 finished with value: 0.5485829808234393 and parameters: {'k1': 0.00019619071753692937, 'D_low': 4779.144172900712, 'k2': 2.0183054229598598e-05, 'D_high': 406944.4242351581, 'fire_exp': 1.8885839506030153, 'P_half': 5736.547602982458, 'pre_dampen_half': 7.372285889406772, 'gpp_af': 0.002010745276325397, 'gpp_b': 0.025843102538815832, 'gpp_d': 0.07206893483632697, 'ign_k': 0.09303062151174052, 'ign_c': 9.378885635876678, 'trop_agb_crit': 6.039524654414556, 'trop_k_veg': 5.997300105940433, 'gdp_gamma': 0.02973256823703454, 'cure_k': 0.1541857601755008, 'cure_p_min': 360.5742914727415, 'cure_gpp_ref': 1.2731330021205307, 'cure_agb_crit': 1.391875935882996, 'fuel_k': 0.0671206001084229, 'fuel_half': 0.3885684611508417}. Best is trial 0 with value: -0.6232552202351066.
