[I 2026-08-06 10:38:02,746] Trial 1368 finished with values: [-0.5645735616934742, 0.020760371203445316] and parameters: {'k1': 0.008912611835817005, 'D_low': 355.00125258511594, 'k2': 0.03538758864779238, 'D_high': 11832.967057468773, 'fire_exp': 1.0629462657398439, 'P_half': 5.076307782729897, 'pre_dampen_half': 552.4163637315892, 'gpp_af': 1.9706963379095486, 'gpp_b': 0.0325181766809307, 'gpp_d': 2.944272359149677, 'ign_k': 3.589155871450839, 'ign_c': 15.221840161091626, 'trop_agb_crit': 19.3289574092866, 'trop_k_veg': 3.1473758868965476}.
[I 2026-08-06 10:38:03,839] Trial 1369 finished with values: [10.747829513711105, 10.747829513711105] and parameters: {'k1': 0.001761725951418538, 'D_low': 355.00125258511594, 'k2': 0.0017483983085324361, 'D_high': 39819.19662051714, 'fire_exp': 1.0629462657398439, 'P_half': 5.076307782729897, 'pre_dampen_half': 0.5779293266899784, 'gpp_af': 0.6403036652671171, 'gpp_b': 0.0021331409710300844, 'gpp_d': 2.944272359149677, 'ign_k': 2.9818972317055166, 'ign_c': 15.221840161091626, 'trop_agb_crit': 19.3289574092866, 'trop_k_veg': 2.7863130345574474}.
[I 2026-08-06 10:38:04,998] Trial 1370 finished with values: [10.085291359404893, 10.085291359404893] and parameters: {'k1': 0.008912611835817005, 'D_low': 355.00125258511594, 'k2': 0.03538758864779238, 'D_high': 39819.19662051714, 'fire_exp': 1.3170256885255098, 'P_half': 4.455881402182092, 'pre_dampen_half': 161.15276650140873, 'gpp_af': 1.9706963379095486, 'gpp_b': 0.006906522645653115, 'gpp_d': 2.944272359149677, 'ign_k': 2.9818972317055166, 'ign_c': 7.676242208810515, 'trop_agb_crit': 27.9419502163791, 'trop_k_veg': 2.7863130345574474}.
[I 2026-08-06 10:38:06,111] Trial 1371 finished with values: [10.198918452310192, 10.198918452310192] and parameters: {'k1': 0.008912611835817005, 'D_low': 671.5971856456824, 'k2': 0.0017483983085324361, 'D_high': 11832.967057468773, 'fire_exp': 1.0629462657398439, 'P_half': 5.076307782729897, 'pre_dampen_half': 552.4163637315892, 'gpp_af': 0.7539992074650279, 'gpp_b': 0.06380472332302699, 'gpp_d': 2.944272359149677, 'ign_k': 0.21006485619596416, 'ign_c': 15.221840161091626, 'trop_agb_crit': 24.584290528289387, 'trop_k_veg': 3.1473758868965476}.
[I 2026-08-06 10:38:07,234] Trial 1372 finished with values: [10.365730284872706, 10.365730284872706] and parameters: {'k1': 0.008912611835817005, 'D_low': 355.00125258511594, 'k2': 0.03538758864779238, 'D_high': 11832.967057468773, 'fire_exp': 1.1263716762638152, 'P_half': 5.076307782729897, 'pre_dampen_half': 502.5175192217655, 'gpp_af': 0.6403036652671171, 'gpp_b': 0.0021331409710300844, 'gpp_d': 0.04278816952793264, 'ign_k': 8.103949702339497, 'ign_c': 15.221840161091626, 'trop_agb_crit': 19.3289574092866, 'trop_k_veg': 3.1473758868965476}.
[I 2026-08-06 10:38:08,336] Trial 1373 finished with values: [11.188169308686088, 11.188169308686088] and parameters: {'k1': 0.008912611835817005, 'D_low': 355.00125258511594, 'k2': 0.03538758864779238, 'D_high': 39819.19662051714, 'fire_exp': 1.0629462657398439, 'P_half': 5.076307782729897, 'pre_dampen_half': 552.4163637315892, 'gpp_af': 1.9706963379095486, 'gpp_b': 0.006906522645653115, 'gpp_d': 24.03741770431653, 'ign_k': 0.01997174727159275, 'ign_c': 15.221840161091626, 'trop_agb_crit': 1.0911298587990423, 'trop_k_veg': 3.1473758868965476}.
[I 2026-08-06 10:38:09,426] Trial 1374 finished with values: [-0.555947287951022, 0.026777904798237495] and parameters: {'k1': 0.008912611835817005, 'D_low': 355.00125258511594, 'k2': 0.03538758864779238, 'D_high': 11936.92846763647, 'fire_exp': 1.0629462657398439, 'P_half': 5.076307782729897, 'pre_dampen_half': 502.5175192217655, 'gpp_af': 0.7539992074650279, 'gpp_b': 0.0325181766809307, 'gpp_d': 2.944272359149677, 'ign_k': 2.9818972317055166, 'ign_c': 15.221840161091626, 'trop_agb_crit': 1.0903028125370984, 'trop_k_veg': 4.375785248100498}.
[I 2026-08-06 10:38:10,552] Trial 1375 finished with values: [-0.5723004500986036, 0.05427686346778515] and parameters: {'k1': 0.008912611835817005, 'D_low': 4.484744524732794, 'k2': 0.03538758864779238, 'D_high': 15351.441568398131, 'fire_exp': 1.1174086754605184, 'P_half': 220.3445560633069, 'pre_dampen_half': 502.5175192217655, 'gpp_af': 1.9706963379095486, 'gpp_b': 0.0021331409710300844, 'gpp_d': 4.25060659305504, 'ign_k': 2.9818972317055166, 'ign_c': 15.221840161091626, 'trop_agb_crit': 1.0903028125370984, 'trop_k_veg': 2.194427136482602}.
[I 2026-08-06 10:38:12,142] Trial 1376 finished with values: [10.125246786202933, 10.125246786202933] and parameters: {'k1': 0.008912611835817005, 'D_low': 520.4862686958022, 'k2': 0.014344484793173472, 'D_high': 3712.591045287726, 'fire_exp': 1.0629462657398439, 'P_half': 220.3445560633069, 'pre_dampen_half': 502.5175192217655, 'gpp_af': 1.9706963379095486, 'gpp_b': 0.0021331409710300844, 'gpp_d': 4.25060659305504, 'ign_k': 0.5562996500551195, 'ign_c': 15.221840161091626, 'trop_agb_crit': 1.0903028125370984, 'trop_k_veg': 0.983473833513531}.
[I 2026-08-06 10:38:13,292] Trial 1377 finished with values: [10.693716717835086, 10.693716717835086] and parameters: {'k1': 0.008912611835817005, 'D_low': 355.00125258511594, 'k2': 0.03538758864779238, 'D_high': 3712.591045287726, 'fire_exp': 1.3170256885255098, 'P_half': 5.076307782729897, 'pre_dampen_half': 63.6685916079943, 'gpp_af': 0.7539992074650279, 'gpp_b': 0.006906522645653115, 'gpp_d': 0.022294910887137375, 'ign_k': 3.589155871450839, 'ign_c': 15.221840161091626, 'trop_agb_crit': 24.584290528289387, 'trop_k_veg': 4.375785248100498}.
[I 2026-08-06 10:38:14,372] Trial 1378 finished with values: [-0.5350721851672553, 0.028739744429415737] and parameters: {'k1': 0.008912611835817005, 'D_low': 355.00125258511594, 'k2': 0.0003432139136241583, 'D_high': 11832.967057468773, 'fire_exp': 1.1263716762638152, 'P_half': 5.076307782729897, 'pre_dampen_half': 552.4163637315892, 'gpp_af': 0.7539992074650279, 'gpp_b': 0.14577755664212386, 'gpp_d': 16.460426816350523, 'ign_k': 3.589155871450839, 'ign_c': 15.221840161091626, 'trop_agb_crit': 1.0903028125370984, 'trop_k_veg': 3.1473758868965476}.
[I 2026-08-06 10:38:15,527] Trial 1379 finished with values: [-0.5471792365733632, 0.07312272535726694] and parameters: {'k1': 0.008912611835817005, 'D_low': 4.484744524732794, 'k2': 0.03538758864779238, 'D_high': 39819.19662051714, 'fire_exp': 1.0629462657398439, 'P_half': 220.3445560633069, 'pre_dampen_half': 502.5175192217655, 'gpp_af': 0.05849340411085125, 'gpp_b': 0.0021331409710300844, 'gpp_d': 2.944272359149677, 'ign_k': 8.103949702339497, 'ign_c': 15.221840161091626, 'trop_agb_crit': 1.0903028125370984, 'trop_k_veg': 0.8119854317980615}.
[I 2026-08-06 10:38:16,633] Trial 1380 finished with values: [-0.578508498457101, 0.09108665504397306] and parameters: {'k1': 0.008912611835817005, 'D_low': 355.00125258511594, 'k2': 7.914423612155373e-05, 'D_high': 15351.441568398131, 'fire_exp': 1.1174086754605184, 'P_half': 5.076307782729897, 'pre_dampen_half': 502.5175192217655, 'gpp_af': 0.7539992074650279, 'gpp_b': 0.0021331409710300844, 'gpp_d': 2.944272359149677, 'ign_k': 0.0680787482656459, 'ign_c': 15.221840161091626, 'trop_agb_crit': 1.0903028125370984, 'trop_k_veg': 2.194427136482602}.
[I 2026-08-06 10:38:17,738] Trial 1381 finished with values: [-0.5645224978227932, 0.02907345908260439] and parameters: {'k1': 0.03974965675011386, 'D_low': 355.00125258511594, 'k2': 0.03538758864779238, 'D_high': 3712.591045287726, 'fire_exp': 1.051534186853412, 'P_half': 5.076307782729897, 'pre_dampen_half': 552.4163637315892, 'gpp_af': 4.4416173741744, 'gpp_b': 0.006906522645653115, 'gpp_d': 2.944272359149677, 'ign_k': 3.589155871450839, 'ign_c': 15.221840161091626, 'trop_agb_crit': 24.584290528289387, 'trop_k_veg': 3.1473758868965476}.
[I 2026-08-06 10:38:18,844] Trial 1382 finished with values: [-0.5776047250124504, 0.045789310224395696] and parameters: {'k1': 0.008912611835817005, 'D_low': 520.4862686958022, 'k2': 0.0005128126758785009, 'D_high': 39819.19662051714, 'fire_exp': 1.0629462657398439, 'P_half': 5.076307782729897, 'pre_dampen_half': 63.6685916079943, 'gpp_af': 1.9706963379095486, 'gpp_b': 0.0325181766809307, 'gpp_d': 2.944272359149677, 'ign_k': 0.21006485619596416, 'ign_c': 5.13055176058983, 'trop_agb_crit': 1.0903028125370984, 'trop_k_veg': 3.1473758868965476}.
[I 2026-08-06 10:38:19,937] Trial 1383 finished with values: [10.126668502772455, 10.126668502772455] and parameters: {'k1': 0.008912611835817005, 'D_low': 355.00125258511594, 'k2': 0.026481893558424546, 'D_high': 11832.967057468773, 'fire_exp': 1.1174086754605184, 'P_half': 5.076307782729897, 'pre_dampen_half': 552.4163637315892, 'gpp_af': 0.013674069569182738, 'gpp_b': 0.006906522645653115, 'gpp_d': 16.460426816350523, 'ign_k': 2.9818972317055166, 'ign_c': 15.221840161091626, 'trop_agb_crit': 19.3289574092866, 'trop_k_veg': 3.1473758868965476}.
[I 2026-08-06 10:38:21,053] Trial 1384 finished with values: [-0.5970174838693069, 0.06229450379762913] and parameters: {'k1': 0.008912611835817005, 'D_low': 355.00125258511594, 'k2': 0.03538758864779238, 'D_high': 11832.967057468773, 'fire_exp': 1.1263716762638152, 'P_half': 5.076307782729897, 'pre_dampen_half': 63.6685916079943, 'gpp_af': 4.4416173741744, 'gpp_b': 0.0325181766809307, 'gpp_d': 2.944272359149677, 'ign_k': 0.21006485619596416, 'ign_c': 5.13055176058983, 'trop_agb_crit': 1.0903028125370984, 'trop_k_veg': 3.1473758868965476}.
[I 2026-08-06 10:38:22,137] Trial 1385 finished with values: [10.207854918964882, 10.207854918964882] and parameters: {'k1': 0.008912611835817005, 'D_low': 4.484744524732794, 'k2': 0.0008941619307827924, 'D_high': 11832.967057468773, 'fire_exp': 1.3170256885255098, 'P_half': 5.076307782729897, 'pre_dampen_half': 552.4163637315892, 'gpp_af': 0.6403036652671171, 'gpp_b': 0.006906522645653115, 'gpp_d': 2.944272359149677, 'ign_k': 2.9818972317055166, 'ign_c': 15.221840161091626, 'trop_agb_crit': 19.3289574092866, 'trop_k_veg': 4.167664671344212}.
[I 2026-08-06 10:38:23,228] Trial 1386 finished with values: [-0.5505970227205617, 0.023299514803395427] and parameters: {'k1': 0.008912611835817005, 'D_low': 355.00125258511594, 'k2': 0.03538758864779238, 'D_high': 11832.967057468773, 'fire_exp': 1.0629462657398439, 'P_half': 220.3445560633069, 'pre_dampen_half': 502.5175192217655, 'gpp_af': 0.7539992074650279, 'gpp_b': 0.006906522645653115, 'gpp_d': 2.944272359149677, 'ign_k': 8.103949702339497, 'ign_c': 15.221840161091626, 'trop_agb_crit': 17.234997993001663, 'trop_k_veg': 2.7863130345574474}.
[I 2026-08-06 10:38:24,352] Trial 1387 finished with values: [-0.5840520275286715, 0.07071608289500264] and parameters: {'k1': 0.008912611835817005, 'D_low': 355.00125258511594, 'k2': 0.014344484793173472, 'D_high': 3712.591045287726, 'fire_exp': 1.0629462657398439, 'P_half': 220.3445560633069, 'pre_dampen_half': 552.4163637315892, 'gpp_af': 1.9706963379095486, 'gpp_b': 0.0325181766809307, 'gpp_d': 2.944272359149677, 'ign_k': 0.21006485619596416, 'ign_c': 4.2425976091860935, 'trop_agb_crit': 1.0911298587990423, 'trop_k_veg': 4.167664671344212}.
[I 2026-08-06 10:38:25,477] Trial 1388 finished with values: [10.546018097648497, 10.546018097648497] and parameters: {'k1': 0.008912611835817005, 'D_low': 355.00125258511594, 'k2': 0.03538758864779238, 'D_high': 11832.967057468773, 'fire_exp': 1.051534186853412, 'P_half': 5.076307782729897, 'pre_dampen_half': 63.6685916079943, 'gpp_af': 4.4416173741744, 'gpp_b': 0.0325181766809307, 'gpp_d': 0.24910385142714164, 'ign_k': 2.9818972317055166, 'ign_c': 15.221840161091626, 'trop_agb_crit': 1.0903028125370984, 'trop_k_veg': 3.1473758868965476}.
[I 2026-08-06 10:38:26,600] Trial 1389 finished with values: [10.325600990613452, 10.325600990613452] and parameters: {'k1': 0.008912611835817005, 'D_low': 355.00125258511594, 'k2': 5.52207197313581e-05, 'D_high': 3712.591045287726, 'fire_exp': 1.0629462657398439, 'P_half': 5.076307782729897, 'pre_dampen_half': 502.5175192217655, 'gpp_af': 1.9706963379095486, 'gpp_b': 0.07199319710880853, 'gpp_d': 2.944272359149677, 'ign_k': 2.9818972317055166, 'ign_c': 15.221840161091626, 'trop_agb_crit': 1.0455434848969813, 'trop_k_veg': 2.7863130345574474}.
[I 2026-08-06 10:38:27,707] Trial 1390 finished with values: [10.26888957107056, 10.26888957107056] and parameters: {'k1': 0.008912611835817005, 'D_low': 355.00125258511594, 'k2': 0.03538758864779238, 'D_high': 11832.967057468773, 'fire_exp': 1.1174086754605184, 'P_half': 5.076307782729897, 'pre_dampen_half': 29.563297076194115, 'gpp_af': 1.9706963379095486, 'gpp_b': 0.006906522645653115, 'gpp_d': 2.944272359149677, 'ign_k': 0.21006485619596416, 'ign_c': 15.221840161091626, 'trop_agb_crit': 19.3289574092866, 'trop_k_veg': 3.1473758868965476}.
[I 2026-08-06 10:38:28,815] Trial 1391 finished with values: [10.73162423693761, 10.73162423693761] and parameters: {'k1': 0.008912611835817005, 'D_low': 355.00125258511594, 'k2': 0.0003432139136241583, 'D_high': 3712.591045287726, 'fire_exp': 1.3170256885255098, 'P_half': 140.74279366401683, 'pre_dampen_half': 3.6582532384424273, 'gpp_af': 1.9706963379095486, 'gpp_b': 0.0325181766809307, 'gpp_d': 2.944272359149677, 'ign_k': 2.9818972317055166, 'ign_c': 5.13055176058983, 'trop_agb_crit': 19.3289574092866, 'trop_k_veg': 4.375785248100498}.
[I 2026-08-06 10:38:29,923] Trial 1392 finished with values: [-0.5527533277174428, 0.07586132519719468] and parameters: {'k1': 0.008912611835817005, 'D_low': 355.00125258511594, 'k2': 0.014344484793173472, 'D_high': 39819.19662051714, 'fire_exp': 1.0629462657398439, 'P_half': 220.3445560633069, 'pre_dampen_half': 552.4163637315892, 'gpp_af': 1.9706963379095486, 'gpp_b': 0.0325181766809307, 'gpp_d': 4.25060659305504, 'ign_k': 0.016643425133733857, 'ign_c': 15.221840161091626, 'trop_agb_crit': 19.3289574092866, 'trop_k_veg': 2.7863130345574474}.
[I 2026-08-06 10:38:31,051] Trial 1393 finished with values: [11.875669505841605, 11.875669505841605] and parameters: {'k1': 0.03974965675011386, 'D_low': 4.484744524732794, 'k2': 0.03538758864779238, 'D_high': 11832.967057468773, 'fire_exp': 1.051534186853412, 'P_half': 5.076307782729897, 'pre_dampen_half': 63.6685916079943, 'gpp_af': 1.9706963379095486, 'gpp_b': 0.006906522645653115, 'gpp_d': 2.944272359149677, 'ign_k': 0.007088878053884102, 'ign_c': 15.221840161091626, 'trop_agb_crit': 1.119501554740411, 'trop_k_veg': 3.1473758868965476}.
[I 2026-08-06 10:38:32,649] Trial 1394 finished with values: [-0.5805659546993461, 0.04715774615308743] and parameters: {'k1': 0.008912611835817005, 'D_low': 355.00125258511594, 'k2': 0.0003432139136241583, 'D_high': 3712.591045287726, 'fire_exp': 1.3170256885255098, 'P_half': 5.076307782729897, 'pre_dampen_half': 552.4163637315892, 'gpp_af': 1.9706963379095486, 'gpp_b': 0.0325181766809307, 'gpp_d': 2.944272359149677, 'ign_k': 0.21006485619596416, 'ign_c': 4.2425976091860935, 'trop_agb_crit': 1.0911298587990423, 'trop_k_veg': 4.167664671344212}.
[I 2026-08-06 10:38:33,740] Trial 1395 finished with values: [-0.5671372618800904, 0.032818124246192015] and parameters: {'k1': 0.008912611835817005, 'D_low': 4.484744524732794, 'k2': 0.03538758864779238, 'D_high': 11832.967057468773, 'fire_exp': 1.1174086754605184, 'P_half': 16.43560158374934, 'pre_dampen_half': 63.6685916079943, 'gpp_af': 1.9706963379095486, 'gpp_b': 0.006906522645653115, 'gpp_d': 2.944272359149677, 'ign_k': 2.9818972317055166, 'ign_c': 15.221840161091626, 'trop_agb_crit': 19.3289574092866, 'trop_k_veg': 4.375785248100498}.
[I 2026-08-06 10:38:34,833] Trial 1396 finished with values: [-0.5555870576661642, 0.04330068370239071] and parameters: {'k1': 0.008912611835817005, 'D_low': 355.00125258511594, 'k2': 0.0007173407578159455, 'D_high': 15351.441568398131, 'fire_exp': 1.0629462657398439, 'P_half': 5.076307782729897, 'pre_dampen_half': 552.4163637315892, 'gpp_af': 0.6403036652671171, 'gpp_b': 0.0021331409710300844, 'gpp_d': 2.944272359149677, 'ign_k': 8.103949702339497, 'ign_c': 15.221840161091626, 'trop_agb_crit': 1.0903028125370984, 'trop_k_veg': 3.1473758868965476}.
[I 2026-08-06 10:38:35,939] Trial 1397 finished with values: [10.087370219146639, 10.087370219146639] and parameters: {'k1': 0.008912611835817005, 'D_low': 355.00125258511594, 'k2': 0.03538758864779238, 'D_high': 11832.967057468773, 'fire_exp': 1.3170256885255098, 'P_half': 5.076307782729897, 'pre_dampen_half': 63.6685916079943, 'gpp_af': 0.6403036652671171, 'gpp_b': 0.0021331409710300844, 'gpp_d': 2.944272359149677, 'ign_k': 2.9818972317055166, 'ign_c': 15.221840161091626, 'trop_agb_crit': 24.584290528289387, 'trop_k_veg': 3.1473758868965476}.
[I 2026-08-06 10:38:37,083] Trial 1398 finished with values: [10.015488743959411, 10.015488743959411] and parameters: {'k1': 0.008912611835817005, 'D_low': 4.484744524732794, 'k2': 0.03538758864779238, 'D_high': 3712.591045287726, 'fire_exp': 1.3170256885255098, 'P_half': 220.3445560633069, 'pre_dampen_half': 552.4163637315892, 'gpp_af': 4.4416173741744, 'gpp_b': 0.0325181766809307, 'gpp_d': 2.944272359149677, 'ign_k': 8.103949702339497, 'ign_c': 4.2425976091860935, 'trop_agb_crit': 1.0911298587990423, 'trop_k_veg': 3.1473758868965476}.
[I 2026-08-06 10:38:38,201] Trial 1399 finished with values: [-0.567557894731147, 0.03216888760097414] and parameters: {'k1': 0.008912611835817005, 'D_low': 355.00125258511594, 'k2': 0.0005128126758785009, 'D_high': 11832.967057468773, 'fire_exp': 1.0629462657398439, 'P_half': 140.74279366401683, 'pre_dampen_half': 552.4163637315892, 'gpp_af': 1.9706963379095486, 'gpp_b': 0.0021331409710300844, 'gpp_d': 2.944272359149677, 'ign_k': 2.9818972317055166, 'ign_c': 15.221840161091626, 'trop_agb_crit': 9.22148025506912, 'trop_k_veg': 0.6673124511410327}.
[I 2026-08-06 10:38:39,307] Trial 1400 finished with values: [-0.5460895543154239, 0.04912338110000014] and parameters: {'k1': 0.008912611835817005, 'D_low': 671.5971856456824, 'k2': 5.52207197313581e-05, 'D_high': 39819.19662051714, 'fire_exp': 1.0629462657398439, 'P_half': 5.076307782729897, 'pre_dampen_half': 552.4163637315892, 'gpp_af': 1.9706963379095486, 'gpp_b': 0.0325181766809307, 'gpp_d': 2.944272359149677, 'ign_k': 2.9818972317055166, 'ign_c': 5.13055176058983, 'trop_agb_crit': 24.584290528289387, 'trop_k_veg': 3.1473758868965476}.
[I 2026-08-06 10:38:40,414] Trial 1401 finished with values: [10.054764057740073, 10.054764057740073] and parameters: {'k1': 0.008912611835817005, 'D_low': 355.00125258511594, 'k2': 0.0003432139136241583, 'D_high': 3712.591045287726, 'fire_exp': 1.3170256885255098, 'P_half': 5.076307782729897, 'pre_dampen_half': 63.6685916079943, 'gpp_af': 1.9706963379095486, 'gpp_b': 0.006906522645653115, 'gpp_d': 2.944272359149677, 'ign_k': 0.21006485619596416, 'ign_c': 4.2425976091860935, 'trop_agb_crit': 1.0911298587990423, 'trop_k_veg': 4.167664671344212}.
[I 2026-08-06 10:38:41,573] Trial 1402 finished with values: [10.413873892448231, 10.413873892448231] and parameters: {'k1': 0.010127455512700306, 'D_low': 355.00125258511594, 'k2': 0.05665252534977915, 'D_high': 30536.40655299408, 'fire_exp': 1.3170256885255098, 'P_half': 5.076307782729897, 'pre_dampen_half': 502.5175192217655, 'gpp_af': 0.6403036652671171, 'gpp_b': 0.39481046816626336, 'gpp_d': 2.944272359149677, 'ign_k': 1.4249163607123374, 'ign_c': 15.221840161091626, 'trop_agb_crit': 1.0903028125370984, 'trop_k_veg': 4.375785248100498}.
[I 2026-08-06 10:38:42,665] Trial 1403 finished with values: [10.10859331877063, 10.10859331877063] and parameters: {'k1': 0.008912611835817005, 'D_low': 355.00125258511594, 'k2': 0.004570246386060225, 'D_high': 11832.967057468773, 'fire_exp': 1.1430983876313219, 'P_half': 5.076307782729897, 'pre_dampen_half': 502.5175192217655, 'gpp_af': 8.915632969317377, 'gpp_b': 0.0021331409710300844, 'gpp_d': 2.944272359149677, 'ign_k': 0.0680787482656459, 'ign_c': 15.221840161091626, 'trop_agb_crit': 1.0903028125370984, 'trop_k_veg': 3.1473758868965476}.
[I 2026-08-06 10:38:43,788] Trial 1404 finished with values: [10.739652360030354, 10.739652360030354] and parameters: {'k1': 0.008912611835817005, 'D_low': 355.00125258511594, 'k2': 0.03538758864779238, 'D_high': 109.93789830771857, 'fire_exp': 1.3170256885255098, 'P_half': 5.076307782729897, 'pre_dampen_half': 552.4163637315892, 'gpp_af': 0.7539992074650279, 'gpp_b': 0.006906522645653115, 'gpp_d': 2.944272359149677, 'ign_k': 0.21006485619596416, 'ign_c': 5.13055176058983, 'trop_agb_crit': 1.0911298587990423, 'trop_k_veg': 3.1473758868965476}.
[I 2026-08-06 10:38:44,896] Trial 1405 finished with values: [10.272763056573684, 10.272763056573684] and parameters: {'k1': 0.008912611835817005, 'D_low': 4.484744524732794, 'k2': 0.0008941619307827924, 'D_high': 11832.967057468773, 'fire_exp': 1.1174086754605184, 'P_half': 5.076307782729897, 'pre_dampen_half': 343.5382931294007, 'gpp_af': 0.6403036652671171, 'gpp_b': 0.006906522645653115, 'gpp_d': 2.944272359149677, 'ign_k': 2.9818972317055166, 'ign_c': 15.221840161091626, 'trop_agb_crit': 19.3289574092866, 'trop_k_veg': 3.1473758868965476}.
[I 2026-08-06 10:38:46,036] Trial 1406 finished with values: [10.162523989838327, 10.162523989838327] and parameters: {'k1': 0.008912611835817005, 'D_low': 355.00125258511594, 'k2': 0.03538758864779238, 'D_high': 11832.967057468773, 'fire_exp': 1.1174086754605184, 'P_half': 481.8692882815973, 'pre_dampen_half': 502.5175192217655, 'gpp_af': 0.6403036652671171, 'gpp_b': 0.0021331409710300844, 'gpp_d': 2.944272359149677, 'ign_k': 8.103949702339497, 'ign_c': 15.221840161091626, 'trop_agb_crit': 1.0903028125370984, 'trop_k_veg': 2.194427136482602}.
