[I 2026-08-19 18:07:05,612] Trial 2261 finished with value: 0.6445374145881376 and parameters: {'k1': 0.06271001014323711, 'D_low': 209232.55840643242, 'k2': 0.000299635860687381, 'D_high': 61814.794844277276, 'fire_exp': 1.1668356599270622, 'P_half': 16.9244980957425, 'pre_dampen_half': 1.513899034589656, 'gpp_af': 41.644720467120436, 'gpp_b': 0.14140281483448636, 'gpp_d': 2.987380741300282, 'ign_k': 9.65941274983389, 'ign_c': 26.046984282880576, 'trop_agb_crit': 2.2981924707313834, 'trop_k_veg': 3.385862214355916, 'pop_amp': 0.0013363288743843571, 'pop_peak': 0.11251481246334531, 'pop_sig': 0.5308976221407802, 'fuel_k': 0.02275933032754811, 'fuel_half': 0.675053524586287}. Best is trial 1622 with value: -0.6125870653324885.
  trial 2262/2500  best_overall=0.6126  (68.7 min)
[I 2026-08-19 18:07:08,039] Trial 2262 finished with value: 0.5504645595481755 and parameters: {'k1': 0.003731495006274456, 'D_low': 20.989756439665516, 'k2': 0.000485483965644334, 'D_high': 1636831.0297350409, 'fire_exp': 3.4312373823477107, 'P_half': 653.5057562565628, 'pre_dampen_half': 18.9593399723039, 'gpp_af': 0.0049560231515320225, 'gpp_b': 0.00019966528336717152, 'gpp_d': 1.5082771167657443, 'ign_k': 1.2400001500465532, 'ign_c': 2.9058374321608085, 'trop_agb_crit': 21.560250997086985, 'trop_k_veg': 0.7518070989135429, 'pop_amp': 0.09015502705324509, 'pop_peak': 423.1272280736214, 'pop_sig': 0.6973771511683586, 'fuel_k': 0.01769719387080419, 'fuel_half': 49.855305331136634}. Best is trial 1622 with value: -0.6125870653324885.
[I 2026-08-19 18:07:09,825] Trial 2263 finished with value: 0.5874375305544722 and parameters: {'k1': 0.0006999163565211952, 'D_low': 2.640023928417903, 'k2': 1.4413936009289605e-05, 'D_high': 34316.56788692343, 'fire_exp': 2.7301174828052006, 'P_half': 2.186694565779708, 'pre_dampen_half': 0.41409003584448983, 'gpp_af': 0.0022634185804881195, 'gpp_b': 0.001501340044863707, 'gpp_d': 145.9004697485942, 'ign_k': 0.5710098198760164, 'ign_c': 7.237147820336744, 'trop_agb_crit': 8.865161079598735, 'trop_k_veg': 4.625827959985837, 'pop_amp': 0.0025912322253904005, 'pop_peak': 0.6637711084755332, 'pop_sig': 0.5397284969260384, 'fuel_k': 0.6431093481606914, 'fuel_half': 1.0595086364568842}. Best is trial 1622 with value: -0.6125870653324885.
[I 2026-08-19 18:07:11,683] Trial 2264 finished with value: 0.6445374145881376 and parameters: {'k1': 0.08612639604013674, 'D_low': 445.01160477170424, 'k2': 0.04012669999584739, 'D_high': 115.68503017571568, 'fire_exp': 3.2648141212641506, 'P_half': 1047.7706503896436, 'pre_dampen_half': 0.06061800231161926, 'gpp_af': 0.014296377067345331, 'gpp_b': 2.4428918924384675, 'gpp_d': 494.53986021605124, 'ign_k': 0.02011424615101186, 'ign_c': 116.83762502147775, 'trop_agb_crit': 9.783431022293502, 'trop_k_veg': 1.489508372475251, 'pop_amp': 2.301809148588381, 'pop_peak': 520.1875717114359, 'pop_sig': 0.4512679218116855, 'fuel_k': 0.018183776338511124, 'fuel_half': 0.38265919196257636}. Best is trial 1622 with value: -0.6125870653324885.
[I 2026-08-19 18:07:13,518] Trial 2265 finished with value: 0.46729048973087217 and parameters: {'k1': 0.017168070471554744, 'D_low': 4.384877194965895, 'k2': 0.000680589847399567, 'D_high': 6926764.63657866, 'fire_exp': 1.142747797166138, 'P_half': 49.606310957353095, 'pre_dampen_half': 2.1500620825344576, 'gpp_af': 0.043462957173569676, 'gpp_b': 0.018751188758398728, 'gpp_d': 2.2077047912444674, 'ign_k': 0.5529948377016732, 'ign_c': 14.212422967596144, 'trop_agb_crit': 21.924940017604943, 'trop_k_veg': 0.5087489458158655, 'pop_amp': 0.005602911788288456, 'pop_peak': 278.6460816495919, 'pop_sig': 1.1149152182800057, 'fuel_k': 0.021553321532642417, 'fuel_half': 16.80026172380421}. Best is trial 1622 with value: -0.6125870653324885.
[I 2026-08-19 18:07:15,326] Trial 2266 finished with value: 0.4593382015602657 and parameters: {'k1': 0.0020109632264322095, 'D_low': 2.6929928985100973, 'k2': 0.001106671102231563, 'D_high': 92764.69356551886, 'fire_exp': 9.712426429884262, 'P_half': 4.855480884200724, 'pre_dampen_half': 39.24728086733271, 'gpp_af': 0.018865266326834506, 'gpp_b': 0.0006051042835548196, 'gpp_d': 979.4185583051848, 'ign_k': 1.6656631049893174, 'ign_c': 1.5270473166794367, 'trop_agb_crit': 17.145166372238798, 'trop_k_veg': 1.8897974609238288, 'pop_amp': 0.0012038199596078043, 'pop_peak': 2.9044646887011756, 'pop_sig': 0.2659822716406597, 'fuel_k': 1.1682295694620037, 'fuel_half': 0.14146419850563863}. Best is trial 1622 with value: -0.6125870653324885.
[I 2026-08-19 18:07:17,097] Trial 2267 finished with value: 0.4406020898655998 and parameters: {'k1': 0.0004858187356007523, 'D_low': 3081.000813020803, 'k2': 0.06895234380915947, 'D_high': 68618.04537678331, 'fire_exp': 1.9314664254627276, 'P_half': 29.618740902055297, 'pre_dampen_half': 0.13272495602405326, 'gpp_af': 0.02912836809324492, 'gpp_b': 0.0005603931975318127, 'gpp_d': 5.222279025730254, 'ign_k': 0.9081530587313652, 'ign_c': 0.109489194528356, 'trop_agb_crit': 4.499066989437567, 'trop_k_veg': 2.9324082189856835, 'pop_amp': 0.018509451843679265, 'pop_peak': 0.2224812814330356, 'pop_sig': 0.31644130222718914, 'fuel_k': 3.9000844885285413, 'fuel_half': 0.2634944076179097}. Best is trial 1622 with value: -0.6125870653324885.
[I 2026-08-19 18:07:18,924] Trial 2268 finished with value: 0.6445374145881376 and parameters: {'k1': 0.00141758720595804, 'D_low': 322.7141059887848, 'k2': 0.0009174527341460577, 'D_high': 5418853.005309118, 'fire_exp': 1.6256059753082273, 'P_half': 85.73876475475988, 'pre_dampen_half': 11.549548322922732, 'gpp_af': 0.004801083541912686, 'gpp_b': 5.000820184444373e-05, 'gpp_d': 152.05464544631374, 'ign_k': 2.1353162908500636, 'ign_c': 88.26588551460308, 'trop_agb_crit': 11.396282370727128, 'trop_k_veg': 0.5044636060474801, 'pop_amp': 0.017393157811759243, 'pop_peak': 2.325028954369123, 'pop_sig': 0.41783980976001023, 'fuel_k': 0.07240086625658468, 'fuel_half': 10.170391999539575}. Best is trial 1622 with value: -0.6125870653324885.
[I 2026-08-19 18:07:20,707] Trial 2269 finished with value: -0.5510521952309303 and parameters: {'k1': 0.018056842035666505, 'D_low': 616.0162463802695, 'k2': 0.002406874295894196, 'D_high': 2480176.069622983, 'fire_exp': 2.799566451348749, 'P_half': 13.98484321124593, 'pre_dampen_half': 0.6785177095854247, 'gpp_af': 1.0629722277900726, 'gpp_b': 2.2150138412200436e-05, 'gpp_d': 5.941068020329115, 'ign_k': 1.735768643975883, 'ign_c': 0.20247097755709742, 'trop_agb_crit': 12.925345721283122, 'trop_k_veg': 1.0803631180633197, 'pop_amp': 0.3994932506496658, 'pop_peak': 115.38212310877609, 'pop_sig': 0.3630174562430443, 'fuel_k': 0.014635513494619945, 'fuel_half': 2.0929741564117226}. Best is trial 1622 with value: -0.6125870653324885.
[I 2026-08-19 18:07:22,501] Trial 2270 finished with value: 0.6002502741370419 and parameters: {'k1': 0.027406028802819178, 'D_low': 38.86909635700216, 'k2': 1.5079411349729846e-05, 'D_high': 3554.028550384628, 'fire_exp': 4.355688235871473, 'P_half': 3.999841905293869, 'pre_dampen_half': 2.431893093973482, 'gpp_af': 0.02092143739856623, 'gpp_b': 3.2327054475841214e-05, 'gpp_d': 3.2702316705111305, 'ign_k': 0.9500681389834289, 'ign_c': 27.353968630708966, 'trop_agb_crit': 22.256204858307548, 'trop_k_veg': 2.5529542747600993, 'pop_amp': 0.10766131660998253, 'pop_peak': 256.7550228748545, 'pop_sig': 0.6274202927856964, 'fuel_k': 0.014066880474031446, 'fuel_half': 27.719606127467088}. Best is trial 1622 with value: -0.6125870653324885.
[I 2026-08-19 18:07:24,346] Trial 2271 finished with value: 0.6445374145881376 and parameters: {'k1': 0.0036572502511209013, 'D_low': 195.77414327922048, 'k2': 0.0008538614028745923, 'D_high': 1802770.7761835984, 'fire_exp': 1.001928903840415, 'P_half': 5553.309492306848, 'pre_dampen_half': 17.707608454939272, 'gpp_af': 0.038834815450100896, 'gpp_b': 0.0030886145608908936, 'gpp_d': 619.4676235611953, 'ign_k': 2.094104134048892, 'ign_c': 79.69275490234254, 'trop_agb_crit': 27.644156568405656, 'trop_k_veg': 1.9543170298767247, 'pop_amp': 0.0016675224137108367, 'pop_peak': 208.54906547645786, 'pop_sig': 0.5190538188274351, 'fuel_k': 0.06923826661557424, 'fuel_half': 1.0790295981904443}. Best is trial 1622 with value: -0.6125870653324885.
[I 2026-08-19 18:07:26,136] Trial 2272 finished with value: 0.5756516459753369 and parameters: {'k1': 0.00016168105490853142, 'D_low': 1700.7547997203808, 'k2': 0.0008652484428768503, 'D_high': 242853.1860606195, 'fire_exp': 1.294172996267995, 'P_half': 5366.87904061614, 'pre_dampen_half': 1.9529638827647253, 'gpp_af': 0.04736510625583835, 'gpp_b': 0.02981479169253864, 'gpp_d': 905.5769545723774, 'ign_k': 8.180671380433262, 'ign_c': 0.10697550684032925, 'trop_agb_crit': 14.492220815785487, 'trop_k_veg': 5.066425319933011, 'pop_amp': 0.09087592311709249, 'pop_peak': 2.6785336265212027, 'pop_sig': 0.2732773400566286, 'fuel_k': 2.5448564766288277, 'fuel_half': 1.5356584334669914}. Best is trial 1622 with value: -0.6125870653324885.
[I 2026-08-19 18:07:27,916] Trial 2273 finished with value: 0.4439519420172974 and parameters: {'k1': 0.048032661724888744, 'D_low': 608.6186698028598, 'k2': 0.0032906558282323316, 'D_high': 73502.65493843947, 'fire_exp': 1.0778239747114802, 'P_half': 262.34239405952144, 'pre_dampen_half': 190.5335056467606, 'gpp_af': 0.09198547203729418, 'gpp_b': 5.126043394650739e-05, 'gpp_d': 848.8998565853996, 'ign_k': 5.19057755998865, 'ign_c': 18.834088235124057, 'trop_agb_crit': 18.384768839891432, 'trop_k_veg': 1.62671771617469, 'pop_amp': 0.0019066741390002103, 'pop_peak': 12.318469001985504, 'pop_sig': 0.6027457318779048, 'fuel_k': 0.1527847529019719, 'fuel_half': 3.4590689980550144}. Best is trial 1622 with value: -0.6125870653324885.
  trial 2274/2500  best_overall=0.6126  (69.1 min)
[I 2026-08-19 18:07:30,329] Trial 2274 finished with value: 0.48446097966478074 and parameters: {'k1': 0.009790365811869739, 'D_low': 424.0774983981615, 'k2': 0.00017659792559331864, 'D_high': 3347124.016320446, 'fire_exp': 1.5346457697072369, 'P_half': 21.063514861553756, 'pre_dampen_half': 163.17952163164216, 'gpp_af': 0.0010856953034244143, 'gpp_b': 7.200041653838605e-05, 'gpp_d': 6.704533644427321, 'ign_k': 0.5361717037107084, 'ign_c': 4.880153537047478, 'trop_agb_crit': 12.692347543573396, 'trop_k_veg': 3.3201213817282125, 'pop_amp': 0.0015985682120517038, 'pop_peak': 17.64935193724508, 'pop_sig': 2.2236120081441615, 'fuel_k': 0.011118138170618649, 'fuel_half': 87.7045687685994}. Best is trial 1622 with value: -0.6125870653324885.
[I 2026-08-19 18:07:32,164] Trial 2275 finished with value: 0.39406402173409705 and parameters: {'k1': 0.016122154788103145, 'D_low': 6.067750506810568, 'k2': 0.012559112186382037, 'D_high': 1192491.6954620848, 'fire_exp': 8.207168513613746, 'P_half': 1.250565692085231, 'pre_dampen_half': 28.917772628724485, 'gpp_af': 0.06027859264138822, 'gpp_b': 0.00036634176451151465, 'gpp_d': 40.174154502011284, 'ign_k': 0.16179041512378867, 'ign_c': 0.4502466679924012, 'trop_agb_crit': 26.202875288524314, 'trop_k_veg': 2.6951769588835726, 'pop_amp': 0.0011926149460090671, 'pop_peak': 0.2660800698924419, 'pop_sig': 0.4596801762549841, 'fuel_k': 0.44289165475050574, 'fuel_half': 0.11916490356283509}. Best is trial 1622 with value: -0.6125870653324885.
[I 2026-08-19 18:07:34,065] Trial 2276 finished with value: 0.5451317771986525 and parameters: {'k1': 0.0036818931300488375, 'D_low': 33516.43079466295, 'k2': 0.0019972951264613783, 'D_high': 161063.1969328057, 'fire_exp': 1.6225022522071826, 'P_half': 15.000679748970255, 'pre_dampen_half': 0.5389722158075918, 'gpp_af': 0.4948286099626517, 'gpp_b': 0.00039285330600370873, 'gpp_d': 5.551806501137991, 'ign_k': 0.7538529682966257, 'ign_c': 0.6725481279202197, 'trop_agb_crit': 2.7972566732253017, 'trop_k_veg': 2.5764455807783024, 'pop_amp': 0.001675254458178822, 'pop_peak': 0.21896524004509393, 'pop_sig': 0.6652207851389726, 'fuel_k': 2.0139222318778085, 'fuel_half': 0.8188490171633607}. Best is trial 1622 with value: -0.6125870653324885.
[I 2026-08-19 18:07:35,845] Trial 2277 finished with value: 0.5116120295335567 and parameters: {'k1': 0.0008087522011642472, 'D_low': 4189.91867858801, 'k2': 0.001503806210008905, 'D_high': 591271.4083005878, 'fire_exp': 1.0244269478339387, 'P_half': 6.861365908428176, 'pre_dampen_half': 82.78555638609859, 'gpp_af': 7.76315784777155, 'gpp_b': 4.338682150055182e-05, 'gpp_d': 82.41685507217454, 'ign_k': 1.750410815045177, 'ign_c': 11.409539611413924, 'trop_agb_crit': 8.223509585731609, 'trop_k_veg': 6.050910771652955, 'pop_amp': 0.003851582409166188, 'pop_peak': 80.55774693897423, 'pop_sig': 0.43331419556271117, 'fuel_k': 0.019859674051265982, 'fuel_half': 1.2273042233905256}. Best is trial 1622 with value: -0.6125870653324885.
[I 2026-08-19 18:07:37,624] Trial 2278 finished with value: 0.5926868886880499 and parameters: {'k1': 0.0003838899652598495, 'D_low': 6.627227283268219, 'k2': 0.0012907698866893166, 'D_high': 331875.6846393646, 'fire_exp': 3.0533326722683496, 'P_half': 30.86873471813452, 'pre_dampen_half': 40.26963388558918, 'gpp_af': 0.04115146966249583, 'gpp_b': 0.01707704101419345, 'gpp_d': 0.01794896384042163, 'ign_k': 0.04467704381450372, 'ign_c': 2.5404188553119753, 'trop_agb_crit': 12.300729170869019, 'trop_k_veg': 0.9710549479232605, 'pop_amp': 0.015658369034245827, 'pop_peak': 522.2771005676565, 'pop_sig': 0.766633500717927, 'fuel_k': 0.01945322856589345, 'fuel_half': 4.423928364504886}. Best is trial 1622 with value: -0.6125870653324885.
[I 2026-08-19 18:07:39,496] Trial 2279 finished with value: 0.5708338008463066 and parameters: {'k1': 0.009673532480471021, 'D_low': 537.7920215783823, 'k2': 0.0004810995208308728, 'D_high': 8631944.58707505, 'fire_exp': 1.512686596690262, 'P_half': 44.91565883331825, 'pre_dampen_half': 0.3959192174075193, 'gpp_af': 0.02356119953953625, 'gpp_b': 0.007430590023971959, 'gpp_d': 12.79327210958372, 'ign_k': 8.227375339590353, 'ign_c': 24.64700987625682, 'trop_agb_crit': 21.09125125724425, 'trop_k_veg': 0.6573065477566169, 'pop_amp': 0.0027393513570132294, 'pop_peak': 50.42783858915711, 'pop_sig': 0.5788870629079008, 'fuel_k': 0.10067762500742436, 'fuel_half': 51.57451641447951}. Best is trial 1622 with value: -0.6125870653324885.
[I 2026-08-19 18:07:41,271] Trial 2280 finished with value: 0.42114407933344045 and parameters: {'k1': 0.0007092033747030371, 'D_low': 4.289551427581466, 'k2': 0.0002180638123833772, 'D_high': 115907.53633516062, 'fire_exp': 2.600918410559705, 'P_half': 9.18905702792775, 'pre_dampen_half': 37.25381597589516, 'gpp_af': 0.007608241047356435, 'gpp_b': 7.792840064163806e-05, 'gpp_d': 14.216238921989694, 'ign_k': 2.9849091315303173, 'ign_c': 14.250564592693129, 'trop_agb_crit': 14.444640006808909, 'trop_k_veg': 7.975716479297856, 'pop_amp': 0.06503235347268324, 'pop_peak': 0.0578318064232393, 'pop_sig': 0.720045108428823, 'fuel_k': 0.6149041145680316, 'fuel_half': 23.767781954659625}. Best is trial 1622 with value: -0.6125870653324885.
[I 2026-08-19 18:07:43,078] Trial 2281 finished with value: 0.5813346910571585 and parameters: {'k1': 0.009765828303872058, 'D_low': 2310.0428906196375, 'k2': 0.000828367135548808, 'D_high': 118959.29126925267, 'fire_exp': 1.62385262396986, 'P_half': 23.20566484052862, 'pre_dampen_half': 43.843216120350604, 'gpp_af': 0.0012100756890589, 'gpp_b': 0.00319006898405502, 'gpp_d': 158.41420311549592, 'ign_k': 2.496515265313037, 'ign_c': 8.11943083405516, 'trop_agb_crit': 18.790268484151294, 'trop_k_veg': 0.796354420466288, 'pop_amp': 0.009748948476346228, 'pop_peak': 2.144445113074726, 'pop_sig': 0.5620116291584839, 'fuel_k': 0.28452460802148477, 'fuel_half': 7.058464193818884}. Best is trial 1622 with value: -0.6125870653324885.
[I 2026-08-19 18:07:44,895] Trial 2282 finished with value: 0.6031081400471472 and parameters: {'k1': 0.0022797856969070025, 'D_low': 8.067356193369342, 'k2': 0.00022544481385586694, 'D_high': 2229413.1783278636, 'fire_exp': 1.5068910891296252, 'P_half': 6.211710968389653, 'pre_dampen_half': 28.848545482024328, 'gpp_af': 0.015003332597765635, 'gpp_b': 0.12745798773620898, 'gpp_d': 0.1517045758648243, 'ign_k': 0.23929836537118523, 'ign_c': 6.933918208296792, 'trop_agb_crit': 25.259632426037882, 'trop_k_veg': 1.1195261641108423, 'pop_amp': 0.0420369996768611, 'pop_peak': 91.35206186564352, 'pop_sig': 1.0345946596344107, 'fuel_k': 0.0315539045995462, 'fuel_half': 35.881986790985415}. Best is trial 1622 with value: -0.6125870653324885.
[I 2026-08-19 18:07:46,693] Trial 2283 finished with value: 0.4212508391459384 and parameters: {'k1': 0.0017140174602500256, 'D_low': 6698.348045592274, 'k2': 0.0015262135975571954, 'D_high': 3961380.9300007396, 'fire_exp': 1.1369255347861207, 'P_half': 4.6554023926056, 'pre_dampen_half': 7.119580644957786, 'gpp_af': 0.08902469591689706, 'gpp_b': 0.0003840554225827835, 'gpp_d': 26.10944050464928, 'ign_k': 3.4786402009899193, 'ign_c': 10.391757022934259, 'trop_agb_crit': 8.530041776963719, 'trop_k_veg': 0.715976609028475, 'pop_amp': 0.00605574868448638, 'pop_peak': 58.216912086663065, 'pop_sig': 0.8047036099115508, 'fuel_k': 0.23746182039347846, 'fuel_half': 21.47274364453094}. Best is trial 1622 with value: -0.6125870653324885.
[I 2026-08-19 18:07:48,456] Trial 2284 finished with value: 0.47273610210462225 and parameters: {'k1': 0.09729269654599072, 'D_low': 73.48575377820865, 'k2': 0.002957433740955693, 'D_high': 75752.36787477498, 'fire_exp': 3.7218174268723896, 'P_half': 28.44644812760513, 'pre_dampen_half': 432.88863080239884, 'gpp_af': 0.01224742495165538, 'gpp_b': 0.0007747908233854881, 'gpp_d': 265.99313876599615, 'ign_k': 0.07109575817571195, 'ign_c': 0.1877316573221652, 'trop_agb_crit': 29.367043711403326, 'trop_k_veg': 1.746934829814068, 'pop_amp': 0.02937581801664953, 'pop_peak': 1.4996266961066917, 'pop_sig': 0.439228926471637, 'fuel_k': 0.9957733647441844, 'fuel_half': 0.15867292801552677}. Best is trial 1622 with value: -0.6125870653324885.
[I 2026-08-19 18:07:50,320] Trial 2285 finished with value: 0.46056952393553874 and parameters: {'k1': 8.269249367820789e-05, 'D_low': 198.48445198225568, 'k2': 0.0006165701694216789, 'D_high': 90195.81594935726, 'fire_exp': 1.3279486032986003, 'P_half': 167.88401906800195, 'pre_dampen_half': 0.048909419300994794, 'gpp_af': 0.4246485853289434, 'gpp_b': 0.019080828843947895, 'gpp_d': 513.4324192702715, 'ign_k': 9.962015698585809, 'ign_c': 1.8708826515722976, 'trop_agb_crit': 19.441911168246605, 'trop_k_veg': 5.763639657642776, 'pop_amp': 0.03829148319930596, 'pop_peak': 6.336676054829923, 'pop_sig': 0.335702086901791, 'fuel_k': 3.547927621619277, 'fuel_half': 0.11766816750197928}. Best is trial 1622 with value: -0.6125870653324885.
  trial 2286/2500  best_overall=0.6126  (69.4 min)
[I 2026-08-19 18:07:52,619] Trial 2286 finished with value: 0.4587835335362853 and parameters: {'k1': 0.024411134741429766, 'D_low': 621.1442747919815, 'k2': 0.0006782936404583162, 'D_high': 302757.76374029, 'fire_exp': 3.0145101506633694, 'P_half': 541.4319330845632, 'pre_dampen_half': 8.389524279449052, 'gpp_af': 0.007281158156782627, 'gpp_b': 1.0489526152485026e-05, 'gpp_d': 91.93729836202726, 'ign_k': 1.3779862040600628, 'ign_c': 1.2440269214769515, 'trop_agb_crit': 7.026615819362153, 'trop_k_veg': 6.03877680194644, 'pop_amp': 0.00399889124818322, 'pop_peak': 0.3610874914136863, 'pop_sig': 0.4770771796649883, 'fuel_k': 1.6369603264503363, 'fuel_half': 0.697201884438191}. Best is trial 1622 with value: -0.6125870653324885.
[I 2026-08-19 18:07:54,430] Trial 2287 finished with value: -0.5661760760459462 and parameters: {'k1': 0.004880513473852113, 'D_low': 1.7294043690115175, 'k2': 5.3658123775057505e-05, 'D_high': 716298.9810437396, 'fire_exp': 1.7677729628553605, 'P_half': 13.161881410545318, 'pre_dampen_half': 0.8727383490013522, 'gpp_af': 0.04910633998150559, 'gpp_b': 0.00039377449059471703, 'gpp_d': 2.287693784673176, 'ign_k': 8.746168704679528, 'ign_c': 5.377683783702677, 'trop_agb_crit': 13.063647323340895, 'trop_k_veg': 0.6108712288515377, 'pop_amp': 0.11240660171659579, 'pop_peak': 634.6323398210989, 'pop_sig': 0.9008041395379879, 'fuel_k': 0.0528632987522826, 'fuel_half': 9.529065929782144}. Best is trial 1622 with value: -0.6125870653324885.
[I 2026-08-19 18:07:56,252] Trial 2288 finished with value: 0.5287981993383709 and parameters: {'k1': 0.00010393056569890768, 'D_low': 974.2252674467761, 'k2': 2.8898492618121944e-05, 'D_high': 801111.5860707314, 'fire_exp': 1.5278307908057316, 'P_half': 7.94167594109582, 'pre_dampen_half': 0.4272736836673505, 'gpp_af': 0.19045105345401955, 'gpp_b': 0.004090926962851018, 'gpp_d': 0.48873628270089103, 'ign_k': 0.12209734201031083, 'ign_c': 19.70712860666801, 'trop_agb_crit': 16.010898627050988, 'trop_k_veg': 1.7360804392912401, 'pop_amp': 1.05588073812477, 'pop_peak': 765.4206270261768, 'pop_sig': 1.0519165828930843, 'fuel_k': 0.01284884244389612, 'fuel_half': 21.497136842202693}. Best is trial 1622 with value: -0.6125870653324885.
[I 2026-08-19 18:07:58,021] Trial 2289 finished with value: 0.5744537637371373 and parameters: {'k1': 1.0780526182176012e-05, 'D_low': 109.64802688853665, 'k2': 0.00031211990874268687, 'D_high': 7256310.15427388, 'fire_exp': 3.9719100982237037, 'P_half': 100.3417897934602, 'pre_dampen_half': 28.047652928696042, 'gpp_af': 0.6493329592159074, 'gpp_b': 0.0016748390902864138, 'gpp_d': 145.254404206405, 'ign_k': 0.02561169846688936, 'ign_c': 4.346569905348355, 'trop_agb_crit': 14.552473442995353, 'trop_k_veg': 2.081401030189853, 'pop_amp': 0.0010669589261267283, 'pop_peak': 3.8705822894716166, 'pop_sig': 0.4420584471039994, 'fuel_k': 0.662735993823692, 'fuel_half': 0.16068194258445406}. Best is trial 1622 with value: -0.6125870653324885.
