[I 2026-07-22 22:02:13,202] Trial 1367 finished with values: [10.750929614472232, 10.750929614472232] and parameters: {'k1': 0.003242143344038315, 'D_low': 1.1640589436768796, 'k2': 0.003658518527736814, 'D_high': 18.78851574285102, 'fire_exp': 2.3750840427797026, 'P_half': 2.467915713171983, 'pre_dampen_half': 33.71909132517388, 'gpp_af': 1.4498445474033743, 'gpp_b': 0.002022832315155261, 'gpp_d': 25.017068255320467, 'ign_k': 4.59148521674054, 'ign_c': 16.626592254031866, 'trop_agb_crit': 5.707205898008383, 'trop_k_veg': 6.911478238001162, 'fuel_k': 0.017262921159278164, 'fuel_half': 18.202647368248815}.
[I 2026-07-22 22:02:13,746] Trial 1368 finished with values: [10.01444280688934, 10.01444280688934] and parameters: {'k1': 0.003242143344038315, 'D_low': 91.66403471455098, 'k2': 2.1698375693549493e-05, 'D_high': 1693415.5410667954, 'fire_exp': 2.3123511487896353, 'P_half': 1.4378290221680121, 'pre_dampen_half': 10.059683154936915, 'gpp_af': 0.05779293266899788, 'gpp_b': 0.00011277885258222645, 'gpp_d': 373.3014953695604, 'ign_k': 2.9663798365255736, 'ign_c': 16.626592254031866, 'trop_agb_crit': 5.707205898008383, 'trop_k_veg': 1.7428926895756522, 'fuel_k': 3.6992394681929355, 'fuel_half': 38.21129441691226}.
[I 2026-07-22 22:02:14,199] Trial 1369 finished with values: [10.745585581875224, 10.745585581875224] and parameters: {'k1': 3.631586476779822e-05, 'D_low': 2.199522084499044, 'k2': 0.00036821611602060956, 'D_high': 458.0214810546628, 'fire_exp': 2.4356323148615706, 'P_half': 1.4378290221680121, 'pre_dampen_half': 10.059683154936915, 'gpp_af': 0.3259758793317361, 'gpp_b': 0.002022832315155261, 'gpp_d': 373.3014953695604, 'ign_k': 4.59148521674054, 'ign_c': 16.626592254031866, 'trop_agb_crit': 5.707205898008383, 'trop_k_veg': 0.5695379443977426, 'fuel_k': 3.6992394681929355, 'fuel_half': 16.371966573507315}.
[I 2026-07-22 22:02:14,669] Trial 1370 finished with values: [-0.7272693366569712, 0.02948170657075333] and parameters: {'k1': 0.052334804885400876, 'D_low': 1.1640589436768796, 'k2': 0.00021153782194224395, 'D_high': 2512533.442757688, 'fire_exp': 2.3786532049674034, 'P_half': 1.4378290221680121, 'pre_dampen_half': 10.059683154936915, 'gpp_af': 2.114381609520638, 'gpp_b': 3.167995163828261e-05, 'gpp_d': 8.057329182285729, 'ign_k': 4.59148521674054, 'ign_c': 16.626592254031866, 'trop_agb_crit': 5.707205898008383, 'trop_k_veg': 1.7428926895756522, 'fuel_k': 0.09252659617259135, 'fuel_half': 16.371966573507315}.
[I 2026-07-22 22:02:15,134] Trial 1371 finished with values: [-0.7489991869539285, 0.03744113393821469] and parameters: {'k1': 0.052334804885400876, 'D_low': 2.199522084499044, 'k2': 0.00036821611602060956, 'D_high': 2512533.442757688, 'fire_exp': 2.4366873535186158, 'P_half': 1.4378290221680121, 'pre_dampen_half': 10.059683154936915, 'gpp_af': 0.25716110934596487, 'gpp_b': 3.167995163828261e-05, 'gpp_d': 8.057329182285729, 'ign_k': 4.59148521674054, 'ign_c': 16.626592254031866, 'trop_agb_crit': 5.707205898008383, 'trop_k_veg': 1.7428926895756522, 'fuel_k': 0.035058158957889, 'fuel_half': 1.95560991716028}.
[I 2026-07-22 22:02:15,593] Trial 1372 finished with values: [10.20500142769179, 10.20500142769179] and parameters: {'k1': 0.003242143344038315, 'D_low': 1.1640589436768796, 'k2': 2.1698375693549493e-05, 'D_high': 2512533.442757688, 'fire_exp': 2.2271826002669806, 'P_half': 1.4378290221680121, 'pre_dampen_half': 33.71909132517388, 'gpp_af': 0.3259758793317361, 'gpp_b': 0.00011277885258222645, 'gpp_d': 25.017068255320467, 'ign_k': 4.59148521674054, 'ign_c': 16.626592254031866, 'trop_agb_crit': 5.707205898008383, 'trop_k_veg': 1.6456154580440219, 'fuel_k': 3.6992394681929355, 'fuel_half': 38.21129441691226}.
[I 2026-07-22 22:02:16,054] Trial 1373 finished with values: [10.409746682911972, 10.409746682911972] and parameters: {'k1': 0.003242143344038315, 'D_low': 91.66403471455098, 'k2': 2.1698375693549493e-05, 'D_high': 1693415.5410667954, 'fire_exp': 2.3123511487896353, 'P_half': 2.1095259085905753, 'pre_dampen_half': 10.059683154936915, 'gpp_af': 0.3259758793317361, 'gpp_b': 0.046204090565793, 'gpp_d': 8.057329182285729, 'ign_k': 4.59148521674054, 'ign_c': 16.626592254031866, 'trop_agb_crit': 5.707205898008383, 'trop_k_veg': 0.5695379443977426, 'fuel_k': 1.0527505957829522, 'fuel_half': 16.371966573507315}.
[I 2026-07-22 22:02:16,496] Trial 1374 finished with values: [10.088635023538195, 10.088635023538195] and parameters: {'k1': 0.003242143344038315, 'D_low': 1.1640589436768796, 'k2': 0.00013265782180694696, 'D_high': 8433503.858791472, 'fire_exp': 2.3123511487896353, 'P_half': 1.4378290221680121, 'pre_dampen_half': 33.71909132517388, 'gpp_af': 1.1300566419249867, 'gpp_b': 0.00017456431583038663, 'gpp_d': 8.057329182285729, 'ign_k': 4.59148521674054, 'ign_c': 16.626592254031866, 'trop_agb_crit': 5.707205898008383, 'trop_k_veg': 1.7428926895756522, 'fuel_k': 0.7156083490235493, 'fuel_half': 2.276766792290519}.
[I 2026-07-22 22:02:16,966] Trial 1375 finished with values: [-0.7100980041498886, 0.024138225983020067] and parameters: {'k1': 0.003242143344038315, 'D_low': 2311.854866544268, 'k2': 0.0011649050119023644, 'D_high': 2512533.442757688, 'fire_exp': 1.641358586909244, 'P_half': 2.467915713171983, 'pre_dampen_half': 33.71909132517388, 'gpp_af': 1.4498445474033743, 'gpp_b': 0.00011277885258222645, 'gpp_d': 25.017068255320467, 'ign_k': 4.59148521674054, 'ign_c': 16.626592254031866, 'trop_agb_crit': 10.719494362768906, 'trop_k_veg': 6.911478238001162, 'fuel_k': 0.8398846716543956, 'fuel_half': 16.371966573507315}.
[I 2026-07-22 22:02:17,501] Trial 1376 finished with values: [10.137948638643989, 10.137948638643989] and parameters: {'k1': 0.003242143344038315, 'D_low': 2.199522084499044, 'k2': 0.00036821611602060956, 'D_high': 2512533.442757688, 'fire_exp': 2.4366873535186158, 'P_half': 1.0520180629652964, 'pre_dampen_half': 33.71909132517388, 'gpp_af': 0.3259758793317361, 'gpp_b': 0.00011277885258222645, 'gpp_d': 373.3014953695604, 'ign_k': 4.59148521674054, 'ign_c': 16.626592254031866, 'trop_agb_crit': 18.150854837099246, 'trop_k_veg': 1.6456154580440219, 'fuel_k': 0.8398846716543956, 'fuel_half': 16.371966573507315}.
[I 2026-07-22 22:02:17,981] Trial 1377 finished with values: [-0.7121708557471473, 0.0158046299407274] and parameters: {'k1': 0.003242143344038315, 'D_low': 2311.854866544268, 'k2': 2.1698375693549493e-05, 'D_high': 1693415.5410667954, 'fire_exp': 2.3123511487896353, 'P_half': 1.4378290221680121, 'pre_dampen_half': 868.1843415114095, 'gpp_af': 0.3259758793317361, 'gpp_b': 0.00011277885258222645, 'gpp_d': 373.3014953695604, 'ign_k': 2.9663798365255736, 'ign_c': 16.626592254031866, 'trop_agb_crit': 5.707205898008383, 'trop_k_veg': 1.140286245977296, 'fuel_k': 0.7156083490235493, 'fuel_half': 16.371966573507315}.
[I 2026-07-22 22:02:18,463] Trial 1378 finished with values: [10.252880388549892, 10.252880388549892] and parameters: {'k1': 0.003242143344038315, 'D_low': 2311.854866544268, 'k2': 2.1698375693549493e-05, 'D_high': 1693415.5410667954, 'fire_exp': 2.3123511487896353, 'P_half': 1.4378290221680121, 'pre_dampen_half': 10.059683154936915, 'gpp_af': 0.3259758793317361, 'gpp_b': 0.00011277885258222645, 'gpp_d': 373.3014953695604, 'ign_k': 4.59148521674054, 'ign_c': 16.626592254031866, 'trop_agb_crit': 5.707205898008383, 'trop_k_veg': 1.140286245977296, 'fuel_k': 3.6992394681929355, 'fuel_half': 16.371966573507315}.
[I 2026-07-22 22:02:18,893] Trial 1379 finished with values: [13.133635616248114, 13.133635616248114] and parameters: {'k1': 0.003242143344038315, 'D_low': 1.1640589436768796, 'k2': 0.003658518527736814, 'D_high': 2512533.442757688, 'fire_exp': 2.3750840427797026, 'P_half': 1.4378290221680121, 'pre_dampen_half': 10.059683154936915, 'gpp_af': 1.4498445474033743, 'gpp_b': 1.1116912717713166e-05, 'gpp_d': 25.017068255320467, 'ign_k': 4.59148521674054, 'ign_c': 0.7520993899473574, 'trop_agb_crit': 10.719494362768906, 'trop_k_veg': 1.7428926895756522, 'fuel_k': 3.6992394681929355, 'fuel_half': 2.276766792290519}.
[I 2026-07-22 22:02:19,327] Trial 1380 finished with values: [-0.7304545411283823, 0.028323653150424066] and parameters: {'k1': 0.003242143344038315, 'D_low': 91.66403471455098, 'k2': 0.030699709531122953, 'D_high': 2512533.442757688, 'fire_exp': 2.3123511487896353, 'P_half': 1.4378290221680121, 'pre_dampen_half': 10.059683154936915, 'gpp_af': 1.1300566419249867, 'gpp_b': 0.00011277885258222645, 'gpp_d': 8.057329182285729, 'ign_k': 4.59148521674054, 'ign_c': 16.626592254031866, 'trop_agb_crit': 5.707205898008383, 'trop_k_veg': 4.599337386928772, 'fuel_k': 0.8398846716543956, 'fuel_half': 2.276766792290519}.
[I 2026-07-22 22:02:19,779] Trial 1381 finished with values: [-0.7766949195122271, 0.042270805445146165] and parameters: {'k1': 0.003242143344038315, 'D_low': 1.1640589436768796, 'k2': 0.003658518527736814, 'D_high': 8433503.858791472, 'fire_exp': 2.264545306066772, 'P_half': 1.4378290221680121, 'pre_dampen_half': 10.059683154936915, 'gpp_af': 2.114381609520638, 'gpp_b': 8.168628001294799e-05, 'gpp_d': 25.017068255320467, 'ign_k': 4.59148521674054, 'ign_c': 16.626592254031866, 'trop_agb_crit': 5.707205898008383, 'trop_k_veg': 1.7428926895756522, 'fuel_k': 3.6992394681929355, 'fuel_half': 2.276766792290519}.
[I 2026-07-22 22:02:20,241] Trial 1382 finished with values: [10.261585208987727, 10.261585208987727] and parameters: {'k1': 1.4024437456478637e-05, 'D_low': 438.4706318209642, 'k2': 0.030699709531122953, 'D_high': 2512533.442757688, 'fire_exp': 1.7573234381332221, 'P_half': 1.4378290221680121, 'pre_dampen_half': 10.059683154936915, 'gpp_af': 1.1300566419249867, 'gpp_b': 0.00011277885258222645, 'gpp_d': 373.3014953695604, 'ign_k': 4.59148521674054, 'ign_c': 16.626592254031866, 'trop_agb_crit': 10.719494362768906, 'trop_k_veg': 0.5695379443977426, 'fuel_k': 0.8398846716543956, 'fuel_half': 16.371966573507315}.
[I 2026-07-22 22:02:20,689] Trial 1383 finished with values: [-0.7480662791183762, 0.027300480089075374] and parameters: {'k1': 0.003242143344038315, 'D_low': 4.447894982964895, 'k2': 0.003658518527736814, 'D_high': 2512533.442757688, 'fire_exp': 2.3750840427797026, 'P_half': 1.4378290221680121, 'pre_dampen_half': 10.059683154936915, 'gpp_af': 2.114381609520638, 'gpp_b': 0.002022832315155261, 'gpp_d': 25.017068255320467, 'ign_k': 4.59148521674054, 'ign_c': 16.626592254031866, 'trop_agb_crit': 5.707205898008383, 'trop_k_veg': 0.5695379443977426, 'fuel_k': 3.6992394681929355, 'fuel_half': 2.276766792290519}.
[I 2026-07-22 22:02:21,132] Trial 1384 finished with values: [-0.7778813732071946, 0.03125256589098169] and parameters: {'k1': 0.003242143344038315, 'D_low': 1.1640589436768796, 'k2': 0.003658518527736814, 'D_high': 2512533.442757688, 'fire_exp': 2.3750840427797026, 'P_half': 1.4378290221680121, 'pre_dampen_half': 33.71909132517388, 'gpp_af': 1.4498445474033743, 'gpp_b': 0.002022832315155261, 'gpp_d': 25.017068255320467, 'ign_k': 4.59148521674054, 'ign_c': 16.626592254031866, 'trop_agb_crit': 5.707205898008383, 'trop_k_veg': 1.7428926895756522, 'fuel_k': 3.6992394681929355, 'fuel_half': 81.87941582538087}.
[I 2026-07-22 22:02:21,564] Trial 1385 finished with values: [-0.7778813732071946, 0.03125256589098169] and parameters: {'k1': 0.003242143344038315, 'D_low': 1.1640589436768796, 'k2': 0.003658518527736814, 'D_high': 8433503.858791472, 'fire_exp': 2.3750840427797026, 'P_half': 1.4378290221680121, 'pre_dampen_half': 33.71909132517388, 'gpp_af': 1.4498445474033743, 'gpp_b': 0.002022832315155261, 'gpp_d': 25.017068255320467, 'ign_k': 4.59148521674054, 'ign_c': 16.626592254031866, 'trop_agb_crit': 5.707205898008383, 'trop_k_veg': 0.5695379443977426, 'fuel_k': 3.6992394681929355, 'fuel_half': 81.87941582538087}.
[I 2026-07-22 22:02:21,994] Trial 1386 finished with values: [-0.7786132531228589, 0.03200657733746082] and parameters: {'k1': 0.003242143344038315, 'D_low': 1.1640589436768796, 'k2': 2.820470499715577e-05, 'D_high': 2512533.442757688, 'fire_exp': 2.3750840427797026, 'P_half': 1.4378290221680121, 'pre_dampen_half': 33.71909132517388, 'gpp_af': 1.4498445474033743, 'gpp_b': 0.002022832315155261, 'gpp_d': 25.017068255320467, 'ign_k': 4.59148521674054, 'ign_c': 16.626592254031866, 'trop_agb_crit': 10.719494362768906, 'trop_k_veg': 1.7428926895756522, 'fuel_k': 3.6992394681929355, 'fuel_half': 38.21129441691226}.
[I 2026-07-22 22:02:22,451] Trial 1387 finished with values: [10.029746382302807, 10.029746382302807] and parameters: {'k1': 0.003242143344038315, 'D_low': 107.93539769061978, 'k2': 0.003658518527736814, 'D_high': 2512533.442757688, 'fire_exp': 2.0053720199464102, 'P_half': 1.4378290221680121, 'pre_dampen_half': 33.71909132517388, 'gpp_af': 1.4498445474033743, 'gpp_b': 0.002022832315155261, 'gpp_d': 25.017068255320467, 'ign_k': 4.59148521674054, 'ign_c': 16.626592254031866, 'trop_agb_crit': 5.707205898008383, 'trop_k_veg': 1.7428926895756522, 'fuel_k': 3.6992394681929355, 'fuel_half': 25.57154914543343}.
[I 2026-07-22 22:02:22,891] Trial 1388 finished with values: [-0.7128771911770668, 0.019625929862248648] and parameters: {'k1': 0.0019417556319623257, 'D_low': 2311.854866544268, 'k2': 2.1698375693549493e-05, 'D_high': 2512533.442757688, 'fire_exp': 1.641358586909244, 'P_half': 1.4378290221680121, 'pre_dampen_half': 868.1843415114095, 'gpp_af': 0.3259758793317361, 'gpp_b': 0.00011277885258222645, 'gpp_d': 373.3014953695604, 'ign_k': 2.9663798365255736, 'ign_c': 16.626592254031866, 'trop_agb_crit': 10.719494362768906, 'trop_k_veg': 6.911478238001162, 'fuel_k': 0.8398846716543956, 'fuel_half': 2.276766792290519}.
[I 2026-07-22 22:02:23,359] Trial 1389 finished with values: [10.366399353051005, 10.366399353051005] and parameters: {'k1': 0.003242143344038315, 'D_low': 1.1640589436768796, 'k2': 2.1698375693549493e-05, 'D_high': 1693415.5410667954, 'fire_exp': 2.3123511487896353, 'P_half': 1.4378290221680121, 'pre_dampen_half': 33.71909132517388, 'gpp_af': 2.114381609520638, 'gpp_b': 3.228689523591491e-05, 'gpp_d': 373.3014953695604, 'ign_k': 4.59148521674054, 'ign_c': 16.626592254031866, 'trop_agb_crit': 5.707205898008383, 'trop_k_veg': 1.7428926895756522, 'fuel_k': 0.7156083490235493, 'fuel_half': 16.371966573507315}.
[I 2026-07-22 22:02:23,813] Trial 1390 finished with values: [10.06218883923464, 10.06218883923464] and parameters: {'k1': 0.003242143344038315, 'D_low': 1191.2594415394453, 'k2': 0.003658518527736814, 'D_high': 2512533.442757688, 'fire_exp': 2.264545306066772, 'P_half': 1.4378290221680121, 'pre_dampen_half': 10.059683154936915, 'gpp_af': 2.114381609520638, 'gpp_b': 0.00011277885258222645, 'gpp_d': 25.017068255320467, 'ign_k': 4.59148521674054, 'ign_c': 16.626592254031866, 'trop_agb_crit': 10.719494362768906, 'trop_k_veg': 1.140286245977296, 'fuel_k': 0.02030479245853923, 'fuel_half': 16.371966573507315}.
[I 2026-07-22 22:02:24,242] Trial 1391 finished with values: [-0.7408759216268215, 0.028493828849646463] and parameters: {'k1': 0.003242143344038315, 'D_low': 57.66774099783053, 'k2': 0.030699709531122953, 'D_high': 2512533.442757688, 'fire_exp': 2.2271826002669806, 'P_half': 1.4378290221680121, 'pre_dampen_half': 10.059683154936915, 'gpp_af': 0.3259758793317361, 'gpp_b': 0.00011277885258222645, 'gpp_d': 373.3014953695604, 'ign_k': 5.333531663832791, 'ign_c': 16.626592254031866, 'trop_agb_crit': 5.707205898008383, 'trop_k_veg': 6.911478238001162, 'fuel_k': 0.09252659617259135, 'fuel_half': 2.276766792290519}.
[I 2026-07-22 22:02:24,689] Trial 1392 finished with values: [10.418137000887176, 10.418137000887176] and parameters: {'k1': 0.003242143344038315, 'D_low': 438.4706318209642, 'k2': 0.030699709531122953, 'D_high': 2512533.442757688, 'fire_exp': 2.264545306066772, 'P_half': 1.4378290221680121, 'pre_dampen_half': 6.881834772031151, 'gpp_af': 0.3259758793317361, 'gpp_b': 0.002022832315155261, 'gpp_d': 0.966218183194799, 'ign_k': 4.59148521674054, 'ign_c': 16.626592254031866, 'trop_agb_crit': 5.707205898008383, 'trop_k_veg': 4.599337386928772, 'fuel_k': 0.09252659617259135, 'fuel_half': 0.182506484807446}.
[I 2026-07-22 22:02:25,117] Trial 1393 finished with values: [11.621705631307195, 11.621705631307195] and parameters: {'k1': 0.003242143344038315, 'D_low': 1.1640589436768796, 'k2': 0.030699709531122953, 'D_high': 1693415.5410667954, 'fire_exp': 1.7601734048304918, 'P_half': 1.4378290221680121, 'pre_dampen_half': 10.059683154936915, 'gpp_af': 1.4498445474033743, 'gpp_b': 0.002022832315155261, 'gpp_d': 373.3014953695604, 'ign_k': 0.002853340323531802, 'ign_c': 2.403768120910809, 'trop_agb_crit': 5.707205898008383, 'trop_k_veg': 1.7428926895756522, 'fuel_k': 3.6992394681929355, 'fuel_half': 2.276766792290519}.
[I 2026-07-22 22:02:25,545] Trial 1394 finished with values: [-0.7069720553816528, 0.02285830298131941] and parameters: {'k1': 0.015076936815785055, 'D_low': 1.1640589436768796, 'k2': 0.001070650575728445, 'D_high': 2512533.442757688, 'fire_exp': 2.3750840427797026, 'P_half': 1.4378290221680121, 'pre_dampen_half': 10.059683154936915, 'gpp_af': 1.4498445474033743, 'gpp_b': 0.002022832315155261, 'gpp_d': 25.017068255320467, 'ign_k': 4.59148521674054, 'ign_c': 16.626592254031866, 'trop_agb_crit': 5.707205898008383, 'trop_k_veg': 1.7428926895756522, 'fuel_k': 0.17760095864122427, 'fuel_half': 81.87941582538087}.
[I 2026-07-22 22:02:25,974] Trial 1395 finished with values: [-0.7778813732071946, 0.03125256589098169] and parameters: {'k1': 0.003242143344038315, 'D_low': 1.1640589436768796, 'k2': 0.003658518527736814, 'D_high': 8433503.858791472, 'fire_exp': 2.3750840427797026, 'P_half': 1.4378290221680121, 'pre_dampen_half': 33.71909132517388, 'gpp_af': 1.4498445474033743, 'gpp_b': 0.002022832315155261, 'gpp_d': 25.017068255320467, 'ign_k': 4.59148521674054, 'ign_c': 16.626592254031866, 'trop_agb_crit': 5.707205898008383, 'trop_k_veg': 1.7428926895756522, 'fuel_k': 3.6992394681929355, 'fuel_half': 81.87941582538087}.
[I 2026-07-22 22:02:26,403] Trial 1396 finished with values: [-0.7327825153053659, 0.0257562087328983] and parameters: {'k1': 0.003242143344038315, 'D_low': 91.66403471455098, 'k2': 2.1698375693549493e-05, 'D_high': 2512533.442757688, 'fire_exp': 2.2271826002669806, 'P_half': 1.4378290221680121, 'pre_dampen_half': 10.059683154936915, 'gpp_af': 0.3259758793317361, 'gpp_b': 0.00011277885258222645, 'gpp_d': 235.02422184428158, 'ign_k': 2.9663798365255736, 'ign_c': 16.626592254031866, 'trop_agb_crit': 5.707205898008383, 'trop_k_veg': 6.911478238001162, 'fuel_k': 0.8398846716543956, 'fuel_half': 38.21129441691226}.
[I 2026-07-22 22:02:26,829] Trial 1397 finished with values: [10.27834802702058, 10.27834802702058] and parameters: {'k1': 0.003242143344038315, 'D_low': 91.66403471455098, 'k2': 0.00010089430320527378, 'D_high': 2512533.442757688, 'fire_exp': 1.7057766180040508, 'P_half': 1.4378290221680121, 'pre_dampen_half': 33.71909132517388, 'gpp_af': 1.1300566419249867, 'gpp_b': 0.00011277885258222645, 'gpp_d': 8.057329182285729, 'ign_k': 4.59148521674054, 'ign_c': 16.626592254031866, 'trop_agb_crit': 5.707205898008383, 'trop_k_veg': 1.7428926895756522, 'fuel_k': 3.6992394681929355, 'fuel_half': 81.87941582538087}.
[I 2026-07-22 22:02:27,263] Trial 1398 finished with values: [10.169149899346765, 10.169149899346765] and parameters: {'k1': 0.003242143344038315, 'D_low': 1.1640589436768796, 'k2': 2.1698375693549493e-05, 'D_high': 2512533.442757688, 'fire_exp': 1.5718168149924143, 'P_half': 1.4378290221680121, 'pre_dampen_half': 33.71909132517388, 'gpp_af': 0.3259758793317361, 'gpp_b': 0.002022832315155261, 'gpp_d': 373.3014953695604, 'ign_k': 4.59148521674054, 'ign_c': 16.626592254031866, 'trop_agb_crit': 5.707205898008383, 'trop_k_veg': 1.7428926895756522, 'fuel_k': 0.49578999904399057, 'fuel_half': 81.87941582538087}.
[I 2026-07-22 22:02:27,705] Trial 1399 finished with values: [10.32060664280363, 10.32060664280363] and parameters: {'k1': 0.003242143344038315, 'D_low': 1.1640589436768796, 'k2': 2.1698375693549493e-05, 'D_high': 8433503.858791472, 'fire_exp': 1.9030791861971532, 'P_half': 1.4378290221680121, 'pre_dampen_half': 33.71909132517388, 'gpp_af': 0.3259758793317361, 'gpp_b': 0.00011277885258222645, 'gpp_d': 25.017068255320467, 'ign_k': 4.59148521674054, 'ign_c': 16.626592254031866, 'trop_agb_crit': 10.719494362768906, 'trop_k_veg': 0.5695379443977426, 'fuel_k': 3.6992394681929355, 'fuel_half': 81.87941582538087}.
[I 2026-07-22 22:02:28,173] Trial 1400 finished with values: [-0.7778813732071946, 0.03125256589098169] and parameters: {'k1': 0.003242143344038315, 'D_low': 1.1640589436768796, 'k2': 0.003658518527736814, 'D_high': 8433503.858791472, 'fire_exp': 2.3750840427797026, 'P_half': 1.4378290221680121, 'pre_dampen_half': 33.71909132517388, 'gpp_af': 1.4498445474033743, 'gpp_b': 0.002022832315155261, 'gpp_d': 25.017068255320467, 'ign_k': 4.59148521674054, 'ign_c': 16.626592254031866, 'trop_agb_crit': 10.719494362768906, 'trop_k_veg': 0.5695379443977426, 'fuel_k': 3.6992394681929355, 'fuel_half': 81.87941582538087}.
[I 2026-07-22 22:02:28,705] Trial 1401 finished with values: [10.05113676913627, 10.05113676913627] and parameters: {'k1': 0.052334804885400876, 'D_low': 1.1640589436768796, 'k2': 0.003658518527736814, 'D_high': 2512533.442757688, 'fire_exp': 2.0053720199464102, 'P_half': 1.4378290221680121, 'pre_dampen_half': 10.059683154936915, 'gpp_af': 2.114381609520638, 'gpp_b': 0.00011277885258222645, 'gpp_d': 373.3014953695604, 'ign_k': 4.59148521674054, 'ign_c': 16.626592254031866, 'trop_agb_crit': 10.719494362768906, 'trop_k_veg': 1.7428926895756522, 'fuel_k': 3.6992394681929355, 'fuel_half': 16.371966573507315}.
