[I 2026-08-19 13:06:42,066] Trial 420 finished with values: [-0.46536518386884873, 0.051026311947241276] and parameters: {'k1': 1.844951990812239e-05, 'D_low': 2.1309331861011747, 'k2': 0.0019856031481305684, 'D_high': 656327.636151562, 'fire_exp': 1.010722707674549, 'P_half': 1636.5290600718067, 'pre_dampen_half': 0.9791370130598966, 'gpp_af': 0.4863825828994064, 'gpp_b': 9.67374839440457e-05, 'gpp_d': 0.5391752791214324, 'ign_k': 9.162638829638215, 'ign_c': 12.366924205139131, 'trop_agb_crit': 3.544180417534903, 'trop_k_veg': 5.691473319778836, 'pop_amp': 0.08829902947227952, 'pop_peak': 0.17274196344453516, 'pop_sig': 1.804482856986987, 'fuel_k': 0.24240470828760216, 'fuel_half': 1.8062437132536941}.
[I 2026-08-19 13:06:45,396] Trial 421 finished with values: [-0.41440316167665464, 0.002162904925492093] and parameters: {'k1': 0.09372580613581186, 'D_low': 2.400213216646464, 'k2': 0.00044067039945647435, 'D_high': 6543576.946931886, 'fire_exp': 1.3796609641485171, 'P_half': 10.436686039715203, 'pre_dampen_half': 0.2571419084734534, 'gpp_af': 0.0077125451401819246, 'gpp_b': 0.05825704883392061, 'gpp_d': 118.26972885708257, 'ign_k': 9.162638829638215, 'ign_c': 0.13492881864712067, 'trop_agb_crit': 23.606263788786194, 'trop_k_veg': 4.30392173391187, 'pop_amp': 0.029228481237926353, 'pop_peak': 0.17274196344453516, 'pop_sig': 1.0424917012813995, 'fuel_k': 0.15552861105540366, 'fuel_half': 0.3497028715561063}.
[I 2026-08-19 13:06:50,313] Trial 422 finished with values: [-0.4810004472837105, 0.07692286230215761] and parameters: {'k1': 0.0029070516815839368, 'D_low': 2.400213216646464, 'k2': 0.0019856031481305684, 'D_high': 24493.271671328574, 'fire_exp': 1.1633452995374232, 'P_half': 3153.600608518471, 'pre_dampen_half': 4.412509669839992, 'gpp_af': 0.18737227240512885, 'gpp_b': 0.620439464939785, 'gpp_d': 8.347790852520644, 'ign_k': 0.3818468247973969, 'ign_c': 0.5110256715654393, 'trop_agb_crit': 23.606263788786194, 'trop_k_veg': 5.712262369489803, 'pop_amp': 6.746076139939917, 'pop_peak': 286.20780896012474, 'pop_sig': 0.6339869673360993, 'fuel_k': 1.3626356448811705, 'fuel_half': 0.3497028715561063}.
[I 2026-08-19 13:06:55,013] Trial 423 finished with values: [-0.3554625854118624, 0.0] and parameters: {'k1': 4.042960692360327e-05, 'D_low': 74.18778535608804, 'k2': 9.861808369679773e-05, 'D_high': 2979751.682713254, 'fire_exp': 1.0802702964942565, 'P_half': 190.35256770834567, 'pre_dampen_half': 0.19674328025306115, 'gpp_af': 0.11134482360128048, 'gpp_b': 0.0011284712324279547, 'gpp_d': 127.72812100441641, 'ign_k': 1.6172900811143154, 'ign_c': 243.11355106292382, 'trop_agb_crit': 1.542823384648628, 'trop_k_veg': 1.504359281141135, 'pop_amp': 0.008683934086503814, 'pop_peak': 0.22068324240460466, 'pop_sig': 0.42382971672762476, 'fuel_k': 0.03848144961814478, 'fuel_half': 33.08140213679067}.
[I 2026-08-19 13:06:58,704] Trial 424 finished with values: [-0.41965864762487504, 6.196523716950342e-05] and parameters: {'k1': 9.67404566214593e-05, 'D_low': 15150.361381456718, 'k2': 6.340140860251457e-05, 'D_high': 1819372.4578178402, 'fire_exp': 2.5321117364280843, 'P_half': 1636.5290600718067, 'pre_dampen_half': 0.2571419084734534, 'gpp_af': 5.966041614891422, 'gpp_b': 3.1906667956153174, 'gpp_d': 108.18665579547857, 'ign_k': 9.162638829638215, 'ign_c': 6.0816733722841345, 'trop_agb_crit': 3.544180417534903, 'trop_k_veg': 1.321659218733981, 'pop_amp': 5.682850415992685, 'pop_peak': 0.17274196344453516, 'pop_sig': 1.9859263218457708, 'fuel_k': 3.250046746707412, 'fuel_half': 17.890117928710357}.
  trial  425/2500  pareto_size=27  best_ilamb=0.6094  (21.3 min)
[I 2026-08-19 13:07:03,020] Trial 425 finished with values: [-0.3554625854118624, 0.0] and parameters: {'k1': 0.01703663299029594, 'D_low': 1.6569065206637925, 'k2': 0.00027413507419758244, 'D_high': 577.4987726789047, 'fire_exp': 3.7695400350033266, 'P_half': 1265.0580856641704, 'pre_dampen_half': 1.8469033699850426, 'gpp_af': 36.830088529547496, 'gpp_b': 0.010442814210473004, 'gpp_d': 64.77772237567407, 'ign_k': 0.17320535908244444, 'ign_c': 89.12611835816996, 'trop_agb_crit': 3.3269496724241128, 'trop_k_veg': 0.5443513380244235, 'pop_amp': 0.008683934086503814, 'pop_peak': 1.421337820414783, 'pop_sig': 1.804482856986987, 'fuel_k': 0.5260631478628153, 'fuel_half': 17.890117928710357}.
[I 2026-08-19 13:07:05,918] Trial 426 finished with values: [-0.3939157036042099, 1.3568257628548963e-11] and parameters: {'k1': 0.004279383604201466, 'D_low': 286.06841726052676, 'k2': 0.0019856031481305684, 'D_high': 24493.271671328574, 'fire_exp': 3.7695400350033266, 'P_half': 6220.327170121322, 'pre_dampen_half': 0.2571419084734534, 'gpp_af': 0.053663001820106804, 'gpp_b': 1.624829724391053, 'gpp_d': 1.0088237648985734, 'ign_k': 9.946147674311604, 'ign_c': 0.15590073239763044, 'trop_agb_crit': 1.257433437731036, 'trop_k_veg': 5.691473319778836, 'pop_amp': 2.1219303004144856, 'pop_peak': 1.421337820414783, 'pop_sig': 2.1785636353327757, 'fuel_k': 0.27631890369709744, 'fuel_half': 1.683458881839943}.
[I 2026-08-19 13:07:09,015] Trial 427 finished with values: [-0.40355788597153575, 0.0004014061940726954] and parameters: {'k1': 1.844951990812239e-05, 'D_low': 27972.024228472703, 'k2': 0.00027413507419758244, 'D_high': 577.4987726789047, 'fire_exp': 1.3796609641485171, 'P_half': 1636.5290600718067, 'pre_dampen_half': 0.15288074657312162, 'gpp_af': 24.20071425273804, 'gpp_b': 0.48211771712084567, 'gpp_d': 650.4921701204659, 'ign_k': 0.43129510236174595, 'ign_c': 0.4484744524732794, 'trop_agb_crit': 1.542823384648628, 'trop_k_veg': 0.8084202024508578, 'pop_amp': 0.0013002472438361158, 'pop_peak': 1.421337820414783, 'pop_sig': 1.804482856986987, 'fuel_k': 0.27631890369709744, 'fuel_half': 17.890117928710357}.
[I 2026-08-19 13:07:11,733] Trial 428 finished with values: [-0.4221669272484469, 0.0026679209215065836] and parameters: {'k1': 5.7909642338812115e-05, 'D_low': 1.6569065206637925, 'k2': 0.015109330261674455, 'D_high': 24493.271671328574, 'fire_exp': 1.8828080026194418, 'P_half': 1265.0580856641704, 'pre_dampen_half': 0.09467055845337147, 'gpp_af': 36.830088529547496, 'gpp_b': 0.010442814210473004, 'gpp_d': 64.77772237567407, 'ign_k': 0.3818468247973969, 'ign_c': 0.5110256715654393, 'trop_agb_crit': 24.500297851058132, 'trop_k_veg': 4.541505658710469, 'pop_amp': 11.72926995754655, 'pop_peak': 2.016436598480055, 'pop_sig': 0.4663206866626952, 'fuel_k': 0.27631890369709744, 'fuel_half': 17.890117928710357}.
[I 2026-08-19 13:07:14,620] Trial 429 finished with values: [-0.4227565881296937, 0.004669817607645399] and parameters: {'k1': 0.0029070516815839368, 'D_low': 1.6569065206637925, 'k2': 0.0003856302813879373, 'D_high': 102159.03721716054, 'fire_exp': 6.646826130271435, 'P_half': 49.539659199197295, 'pre_dampen_half': 1.8469033699850426, 'gpp_af': 0.13402388198950174, 'gpp_b': 0.0004837646996135023, 'gpp_d': 0.16294786031575217, 'ign_k': 0.17320535908244444, 'ign_c': 0.5110256715654393, 'trop_agb_crit': 2.6689615974393592, 'trop_k_veg': 0.5443513380244235, 'pop_amp': 0.004612311905749002, 'pop_peak': 0.5393162598439744, 'pop_sig': 1.1627595307476326, 'fuel_k': 0.013930721937333756, 'fuel_half': 1.9255395572015603}.
[I 2026-08-19 13:07:17,834] Trial 430 finished with values: [-0.4086890499307203, 0.00024146134648994622] and parameters: {'k1': 1.844951990812239e-05, 'D_low': 437.4364439939077, 'k2': 0.0067445742055710165, 'D_high': 9355.38060645217, 'fire_exp': 3.7695400350033266, 'P_half': 267.2146013620241, 'pre_dampen_half': 0.19674328025306115, 'gpp_af': 0.053663001820106804, 'gpp_b': 9.67374839440457e-05, 'gpp_d': 118.26972885708257, 'ign_k': 0.45791923103229365, 'ign_c': 0.5488047000766043, 'trop_agb_crit': 17.69486533706496, 'trop_k_veg': 5.691473319778836, 'pop_amp': 0.0034369873301918173, 'pop_peak': 352.89806695809773, 'pop_sig': 1.8528333992769594, 'fuel_k': 3.640039183945803, 'fuel_half': 0.18427970406864538}.
[I 2026-08-19 13:07:20,438] Trial 431 finished with values: [-0.5040220826668905, 0.03797458678553722] and parameters: {'k1': 0.005456725485601475, 'D_low': 437.4364439939077, 'k2': 3.077180271250682e-05, 'D_high': 24493.271671328574, 'fire_exp': 1.0824018381500955, 'P_half': 4337.920697490941, 'pre_dampen_half': 0.19674328025306115, 'gpp_af': 2.0540519425388455, 'gpp_b': 0.0007417652034871827, 'gpp_d': 3.9841905944346854, 'ign_k': 0.1537592023548176, 'ign_c': 0.5488047000766043, 'trop_agb_crit': 17.69486533706496, 'trop_k_veg': 4.288672925586801, 'pop_amp': 10.985330528057915, 'pop_peak': 2.016436598480055, 'pop_sig': 0.9904669476016459, 'fuel_k': 3.640039183945803, 'fuel_half': 1.9255395572015603}.
  trial  432/2500  pareto_size=27  best_ilamb=0.6094  (21.7 min)
[I 2026-08-19 13:07:23,656] Trial 432 finished with values: [-0.4462961187439989, 0.012821421905933494] and parameters: {'k1': 0.0008020503059027807, 'D_low': 2.1309331861011747, 'k2': 3.077180271250682e-05, 'D_high': 24493.271671328574, 'fire_exp': 1.2460495533150313, 'P_half': 4337.920697490941, 'pre_dampen_half': 0.19674328025306115, 'gpp_af': 2.0540519425388455, 'gpp_b': 0.0007417652034871827, 'gpp_d': 3.032712462969173, 'ign_k': 0.1537592023548176, 'ign_c': 0.5488047000766043, 'trop_agb_crit': 14.188434224699876, 'trop_k_veg': 0.6719347333876377, 'pop_amp': 10.985330528057915, 'pop_peak': 352.89806695809773, 'pop_sig': 0.4663206866626952, 'fuel_k': 3.640039183945803, 'fuel_half': 0.18427970406864538}.
[I 2026-08-19 13:07:26,121] Trial 433 finished with values: [-0.4250158466080086, 0.00968445177541033] and parameters: {'k1': 5.7909642338812115e-05, 'D_low': 1.6569065206637925, 'k2': 0.0007731571570012607, 'D_high': 24493.271671328574, 'fire_exp': 1.0802702964942565, 'P_half': 1265.0580856641704, 'pre_dampen_half': 0.2571419084734534, 'gpp_af': 0.41874665092828456, 'gpp_b': 9.67374839440457e-05, 'gpp_d': 1.0088237648985734, 'ign_k': 0.17320535908244444, 'ign_c': 12.366924205139131, 'trop_agb_crit': 3.544180417534903, 'trop_k_veg': 5.453348988480011, 'pop_amp': 0.029228481237926353, 'pop_peak': 2.016436598480055, 'pop_sig': 0.4663206866626952, 'fuel_k': 1.0151421859083098, 'fuel_half': 17.890117928710357}.
[I 2026-08-19 13:07:28,822] Trial 434 finished with values: [-0.38792787139313717, 1.2212453270876722e-15] and parameters: {'k1': 0.004279383604201466, 'D_low': 286.06841726052676, 'k2': 0.0019856031481305684, 'D_high': 24493.271671328574, 'fire_exp': 3.7695400350033266, 'P_half': 6220.327170121322, 'pre_dampen_half': 0.2571419084734534, 'gpp_af': 0.005018406982902927, 'gpp_b': 1.624829724391053, 'gpp_d': 1.0088237648985734, 'ign_k': 9.946147674311604, 'ign_c': 0.15590073239763044, 'trop_agb_crit': 1.257433437731036, 'trop_k_veg': 2.819496004876631, 'pop_amp': 2.1219303004144856, 'pop_peak': 1.421337820414783, 'pop_sig': 0.2777678917098414, 'fuel_k': 0.27631890369709744, 'fuel_half': 1.683458881839943}.
[I 2026-08-19 13:07:31,656] Trial 435 finished with values: [-0.3555219472396302, 0.0] and parameters: {'k1': 4.042960692360327e-05, 'D_low': 716328.9063135319, 'k2': 9.861808369679773e-05, 'D_high': 24493.271671328574, 'fire_exp': 1.1633452995374232, 'P_half': 6220.327170121322, 'pre_dampen_half': 65.77017096798056, 'gpp_af': 24.20071425273804, 'gpp_b': 0.0011284712324279547, 'gpp_d': 118.26972885708257, 'ign_k': 9.162638829638215, 'ign_c': 12.366924205139131, 'trop_agb_crit': 1.542823384648628, 'trop_k_veg': 0.8084202024508578, 'pop_amp': 0.04874366481145617, 'pop_peak': 2.016436598480055, 'pop_sig': 0.42382971672762476, 'fuel_k': 0.11148299766359336, 'fuel_half': 17.890117928710357}.
[I 2026-08-19 13:07:34,071] Trial 436 finished with values: [-0.4087495502487221, 1.1974976565909401e-11] and parameters: {'k1': 0.0004846497679219079, 'D_low': 1.6569065206637925, 'k2': 4.392638796750218e-05, 'D_high': 24493.271671328574, 'fire_exp': 1.8678802571070678, 'P_half': 1265.0580856641704, 'pre_dampen_half': 1.8469033699850426, 'gpp_af': 0.0025186552636979184, 'gpp_b': 1.788789091682049e-05, 'gpp_d': 0.050654860639753524, 'ign_k': 0.17320535908244444, 'ign_c': 89.12611835816996, 'trop_agb_crit': 27.05166881899929, 'trop_k_veg': 4.288672925586801, 'pop_amp': 5.27924855752961, 'pop_peak': 0.05281056279423359, 'pop_sig': 0.9904669476016459, 'fuel_k': 0.9199338799678547, 'fuel_half': 1.7895437790635824}.
[I 2026-08-19 13:07:36,536] Trial 437 finished with values: [-0.4061740244873593, 0.00644272971962101] and parameters: {'k1': 0.0006413139914374974, 'D_low': 1.6569065206637925, 'k2': 0.0002001342062287998, 'D_high': 9355.38060645217, 'fire_exp': 1.8678802571070678, 'P_half': 1265.0580856641704, 'pre_dampen_half': 1.8469033699850426, 'gpp_af': 0.11134482360128048, 'gpp_b': 0.0007417652034871827, 'gpp_d': 0.050654860639753524, 'ign_k': 0.17320535908244444, 'ign_c': 0.5488047000766043, 'trop_agb_crit': 7.353461604940162, 'trop_k_veg': 0.5443513380244235, 'pop_amp': 10.985330528057915, 'pop_peak': 0.05281056279423359, 'pop_sig': 0.4663206866626952, 'fuel_k': 3.640039183945803, 'fuel_half': 1.7895437790635824}.
[I 2026-08-19 13:07:38,817] Trial 438 finished with values: [-0.40984319825216353, 7.048484529137422e-05] and parameters: {'k1': 9.67404566214593e-05, 'D_low': 286.06841726052676, 'k2': 6.340140860251457e-05, 'D_high': 147291.8866762514, 'fire_exp': 1.8713074096420792, 'P_half': 6281.776703992854, 'pre_dampen_half': 0.7465571739720183, 'gpp_af': 0.006919441448399073, 'gpp_b': 0.010442814210473004, 'gpp_d': 108.18665579547857, 'ign_k': 6.32338195106678, 'ign_c': 6.0816733722841345, 'trop_agb_crit': 1.271272336700571, 'trop_k_veg': 2.968382718115938, 'pop_amp': 0.0013002472438361158, 'pop_peak': 10.679600530994481, 'pop_sig': 1.804482856986987, 'fuel_k': 0.6763941362086655, 'fuel_half': 1.4605276344629996}.
[I 2026-08-19 13:07:41,450] Trial 439 finished with values: [-0.41646972045698494, 6.676270323247024e-07] and parameters: {'k1': 4.929552311643645e-05, 'D_low': 50340.563942871704, 'k2': 0.0032792262899971644, 'D_high': 1840060.4093141211, 'fire_exp': 5.433392060430592, 'P_half': 1636.5290600718067, 'pre_dampen_half': 0.7465571739720183, 'gpp_af': 1.3467890557370734, 'gpp_b': 0.010442814210473004, 'gpp_d': 108.18665579547857, 'ign_k': 0.43129510236174595, 'ign_c': 0.4484744524732794, 'trop_agb_crit': 3.544180417534903, 'trop_k_veg': 2.968382718115938, 'pop_amp': 0.0013002472438361158, 'pop_peak': 503.7153440645595, 'pop_sig': 1.804482856986987, 'fuel_k': 0.022805907608636752, 'fuel_half': 17.890117928710357}.
  trial  440/2500  pareto_size=29  best_ilamb=0.6094  (22.0 min)
[I 2026-08-19 13:07:44,770] Trial 440 finished with values: [-0.38932533593193375, 9.703349235223868e-14] and parameters: {'k1': 0.006117912981900519, 'D_low': 437.4364439939077, 'k2': 0.00027413507419758244, 'D_high': 1661855.441285105, 'fire_exp': 6.454675979546216, 'P_half': 4337.920697490941, 'pre_dampen_half': 1.3202414283299975, 'gpp_af': 0.18737227240512885, 'gpp_b': 4.038332634638232, 'gpp_d': 8.347790852520644, 'ign_k': 0.1537592023548176, 'ign_c': 0.5488047000766043, 'trop_agb_crit': 28.49245476864681, 'trop_k_veg': 4.891066132801691, 'pop_amp': 10.985330528057915, 'pop_peak': 4.557885026195722, 'pop_sig': 0.9904669476016459, 'fuel_k': 0.27631890369709744, 'fuel_half': 0.3497028715561063}.
[I 2026-08-19 13:07:47,392] Trial 441 finished with values: [-0.43175984352151603, 0.002421811795069395] and parameters: {'k1': 2.9693357731296325e-05, 'D_low': 27972.024228472703, 'k2': 0.0019856031481305684, 'D_high': 1840060.4093141211, 'fire_exp': 1.3796609641485171, 'P_half': 1636.5290600718067, 'pre_dampen_half': 0.2571419084734534, 'gpp_af': 0.0077125451401819246, 'gpp_b': 9.67374839440457e-05, 'gpp_d': 118.26972885708257, 'ign_k': 9.162638829638215, 'ign_c': 12.366924205139131, 'trop_agb_crit': 3.544180417534903, 'trop_k_veg': 4.30392173391187, 'pop_amp': 0.029228481237926353, 'pop_peak': 0.17274196344453516, 'pop_sig': 1.804482856986987, 'fuel_k': 0.15552861105540366, 'fuel_half': 17.890117928710357}.
[I 2026-08-19 13:07:50,247] Trial 442 finished with values: [-0.4010098120645834, 6.041689509961312e-05] and parameters: {'k1': 0.05217998579193211, 'D_low': 2190.672003635833, 'k2': 0.0019339745640818936, 'D_high': 9355.38060645217, 'fire_exp': 1.0824018381500955, 'P_half': 5347.027553411488, 'pre_dampen_half': 0.4153327541909818, 'gpp_af': 0.13402388198950174, 'gpp_b': 0.011108675282673156, 'gpp_d': 0.043181981126981975, 'ign_k': 0.1537592023548176, 'ign_c': 27.70002555743451, 'trop_agb_crit': 17.69486533706496, 'trop_k_veg': 4.288672925586801, 'pop_amp': 0.004612311905749002, 'pop_peak': 5.866350595696869, 'pop_sig': 0.8521762792373568, 'fuel_k': 3.640039183945803, 'fuel_half': 8.17127270071559}.
[I 2026-08-19 13:07:53,245] Trial 443 finished with values: [-0.44627107919826436, 0.03785712204448266] and parameters: {'k1': 1.844951990812239e-05, 'D_low': 1.6569065206637925, 'k2': 0.0002191739661157602, 'D_high': 24493.271671328574, 'fire_exp': 1.1633452995374232, 'P_half': 388.9545503367577, 'pre_dampen_half': 1.8469033699850426, 'gpp_af': 0.41874665092828456, 'gpp_b': 0.004411400434514031, 'gpp_d': 118.26972885708257, 'ign_k': 9.162638829638215, 'ign_c': 12.366924205139131, 'trop_agb_crit': 3.544180417534903, 'trop_k_veg': 5.453348988480011, 'pop_amp': 0.04874366481145617, 'pop_peak': 2.016436598480055, 'pop_sig': 1.804482856986987, 'fuel_k': 0.11148299766359336, 'fuel_half': 17.890117928710357}.
[I 2026-08-19 13:07:56,266] Trial 444 finished with values: [-0.4110149872196576, 0.0019403095222565447] and parameters: {'k1': 2.9693357731296325e-05, 'D_low': 27972.024228472703, 'k2': 0.0019856031481305684, 'D_high': 147291.8866762514, 'fire_exp': 1.8713074096420792, 'P_half': 10.436686039715203, 'pre_dampen_half': 0.6380717024176037, 'gpp_af': 0.18737227240512885, 'gpp_b': 0.05825704883392061, 'gpp_d': 0.04831624275180356, 'ign_k': 0.04439802552990466, 'ign_c': 6.0816733722841345, 'trop_agb_crit': 3.544180417534903, 'trop_k_veg': 6.972354563243685, 'pop_amp': 5.682850415992685, 'pop_peak': 4.557885026195722, 'pop_sig': 1.363998063102292, 'fuel_k': 0.6763941362086655, 'fuel_half': 17.890117928710357}.
[I 2026-08-19 13:07:59,649] Trial 445 finished with values: [-0.42020736496419814, 0.002858991978886616] and parameters: {'k1': 4.0873003903057456e-05, 'D_low': 27972.024228472703, 'k2': 4.392638796750218e-05, 'D_high': 9355.38060645217, 'fire_exp': 1.3796609641485171, 'P_half': 4.937355303501834, 'pre_dampen_half': 0.19674328025306115, 'gpp_af': 0.005018406982902927, 'gpp_b': 9.67374839440457e-05, 'gpp_d': 118.26972885708257, 'ign_k': 9.162638829638215, 'ign_c': 12.366924205139131, 'trop_agb_crit': 27.05166881899929, 'trop_k_veg': 5.691473319778836, 'pop_amp': 0.04874366481145617, 'pop_peak': 10.679600530994481, 'pop_sig': 0.9904669476016459, 'fuel_k': 0.11148299766359336, 'fuel_half': 0.10355826161899183}.
[I 2026-08-19 13:08:02,583] Trial 446 finished with values: [-0.3920385386277009, 0.006543530199976111] and parameters: {'k1': 0.08924795116437424, 'D_low': 74.18778535608804, 'k2': 0.0019856031481305684, 'D_high': 1814.597053180889, 'fire_exp': 1.0802702964942565, 'P_half': 8894.151386481904, 'pre_dampen_half': 5.221127581184657, 'gpp_af': 0.9346598275601615, 'gpp_b': 9.67374839440457e-05, 'gpp_d': 2.3230017312141893, 'ign_k': 0.0023181776112903506, 'ign_c': 12.366924205139131, 'trop_agb_crit': 3.544180417534903, 'trop_k_veg': 0.7356483920677926, 'pop_amp': 0.001487684490383978, 'pop_peak': 0.08738617022933418, 'pop_sig': 0.7020782687730053, 'fuel_k': 3.0434684030233257, 'fuel_half': 17.890117928710357}.
  trial  447/2500  pareto_size=29  best_ilamb=0.6094  (22.4 min)
[I 2026-08-19 13:08:05,635] Trial 447 finished with values: [-0.3710316477652392, 0.0] and parameters: {'k1': 0.004279383604201466, 'D_low': 286.06841726052676, 'k2': 0.0019856031481305684, 'D_high': 24493.271671328574, 'fire_exp': 5.433392060430592, 'P_half': 2826.1051090193655, 'pre_dampen_half': 0.2571419084734534, 'gpp_af': 0.0077125451401819246, 'gpp_b': 1.624829724391053, 'gpp_d': 118.26972885708257, 'ign_k': 0.43129510236174595, 'ign_c': 0.15590073239763044, 'trop_agb_crit': 1.257433437731036, 'trop_k_veg': 5.453348988480011, 'pop_amp': 0.029228481237926353, 'pop_peak': 1.421337820414783, 'pop_sig': 0.2777678917098414, 'fuel_k': 0.022805907608636752, 'fuel_half': 1.683458881839943}.
[I 2026-08-19 13:08:08,123] Trial 448 finished with values: [-0.5058667451634421, 0.03548214458123844] and parameters: {'k1': 1.844951990812239e-05, 'D_low': 27972.024228472703, 'k2': 0.0019856031481305684, 'D_high': 9355.38060645217, 'fire_exp': 1.3796609641485171, 'P_half': 7.361379380357789, 'pre_dampen_half': 0.19674328025306115, 'gpp_af': 0.00301004353953023, 'gpp_b': 0.0007417652034871827, 'gpp_d': 118.26972885708257, 'ign_k': 0.1537592023548176, 'ign_c': 12.366924205139131, 'trop_agb_crit': 17.69486533706496, 'trop_k_veg': 5.691473319778836, 'pop_amp': 10.985330528057915, 'pop_peak': 352.89806695809773, 'pop_sig': 0.6871869718280653, 'fuel_k': 3.640039183945803, 'fuel_half': 0.18427970406864538}.
[I 2026-08-19 13:08:11,752] Trial 449 finished with values: [-0.4190032531831811, 3.840941504829054e-05] and parameters: {'k1': 1.844951990812239e-05, 'D_low': 15150.361381456718, 'k2': 0.0019856031481305684, 'D_high': 1124534.1807254362, 'fire_exp': 1.8713074096420792, 'P_half': 1265.0580856641704, 'pre_dampen_half': 0.2571419084734534, 'gpp_af': 0.41874665092828456, 'gpp_b': 3.1906667956153174, 'gpp_d': 1.0088237648985734, 'ign_k': 0.3818468247973969, 'ign_c': 6.0816733722841345, 'trop_agb_crit': 24.500297851058132, 'trop_k_veg': 5.691473319778836, 'pop_amp': 11.72926995754655, 'pop_peak': 2.016436598480055, 'pop_sig': 1.804482856986987, 'fuel_k': 0.6153584041797165, 'fuel_half': 1.9255395572015603}.
