[I 2026-06-11 13:17:22,947] Trial 879 finished with values: [10.107689101259982, 10.107689101259982] and parameters: {'k1': 0.08409006963311547, 'D_low': 236.79352040223893, 'k2': 0.02939607009739149, 'D_high': 32311.521854410956, 'fire_exp': 1.41873960828944, 'P_half': 2.226799690893868, 'pre_dampen_half': 4.847666216751353, 'gpp_af': 0.060029341913968644, 'gpp_b': 0.0036065155862388338, 'gpp_d': 545.0253444559129, 'ign_k': 3.6309591863459096, 'ign_c': 23.422386257929038, 'trop_agb_crit': 5.588032458772675, 'trop_k_veg': 2.99731137426955, 'fire_amp': 2.7806853670293616}.
[I 2026-06-11 13:17:23,817] Trial 880 finished with values: [10.769195894094981, 10.769195894094981] and parameters: {'k1': 5.025876001070713e-05, 'D_low': 236.79352040223893, 'k2': 0.045914852167405346, 'D_high': 32311.521854410956, 'fire_exp': 6.122141825699288, 'P_half': 5.4712187293420325, 'pre_dampen_half': 30.456909077772018, 'gpp_af': 0.008117091133892173, 'gpp_b': 0.0036065155862388338, 'gpp_d': 0.37760216765950283, 'ign_k': 0.09256855841989636, 'ign_c': 29.690870944846793, 'trop_agb_crit': 8.0091368834625, 'trop_k_veg': 2.99731137426955, 'fire_amp': 1.5180207449214471}.
[I 2026-06-11 13:17:24,688] Trial 881 finished with values: [10.675844298314257, 10.675844298314257] and parameters: {'k1': 4.944223106753944e-05, 'D_low': 236.79352040223893, 'k2': 0.019383858782150494, 'D_high': 32311.521854410956, 'fire_exp': 1.3807440352456883, 'P_half': 5.4712187293420325, 'pre_dampen_half': 27.58503443495818, 'gpp_af': 0.060029341913968644, 'gpp_b': 0.004222977274601172, 'gpp_d': 0.09467055845337147, 'ign_k': 0.010439567055209046, 'ign_c': 230.93317030826512, 'trop_agb_crit': 1.139620825053645, 'trop_k_veg': 4.989748894578724, 'fire_amp': 3.102033517490054}.
[I 2026-06-11 13:17:25,578] Trial 882 finished with values: [-0.6460884822661142, 0.07003011447781782] and parameters: {'k1': 0.04046205802397579, 'D_low': 13.012518385211498, 'k2': 0.019383858782150494, 'D_high': 714.4571308652828, 'fire_exp': 1.41873960828944, 'P_half': 5.4712187293420325, 'pre_dampen_half': 16.009350908593582, 'gpp_af': 0.060029341913968644, 'gpp_b': 0.0036065155862388338, 'gpp_d': 0.7923715993309053, 'ign_k': 0.0032383308053152635, 'ign_c': 7.081721844034206, 'trop_agb_crit': 8.462233625364036, 'trop_k_veg': 0.5667990147757791, 'fire_amp': 1.5719333351012774}.
[I 2026-06-11 13:17:26,448] Trial 883 finished with values: [11.045649047085798, 11.045649047085798] and parameters: {'k1': 0.08409006963311547, 'D_low': 236.79352040223893, 'k2': 5.153993511603138e-05, 'D_high': 32311.521854410956, 'fire_exp': 1.3807440352456883, 'P_half': 70.13097205353067, 'pre_dampen_half': 79.2915624488668, 'gpp_af': 0.41874665092828456, 'gpp_b': 0.010307896803108956, 'gpp_d': 1.336803341156552, 'ign_k': 0.001229921046579313, 'ign_c': 29.690870944846793, 'trop_agb_crit': 8.0091368834625, 'trop_k_veg': 6.030247256556128, 'fire_amp': 3.102033517490054}.
[I 2026-06-11 13:17:27,321] Trial 884 finished with values: [-0.6874184299334204, 0.1097385670710177] and parameters: {'k1': 0.0057293717735696316, 'D_low': 236.79352040223893, 'k2': 0.045914852167405346, 'D_high': 32311.521854410956, 'fire_exp': 1.41873960828944, 'P_half': 353.8391696694433, 'pre_dampen_half': 16.009350908593582, 'gpp_af': 0.008117091133892173, 'gpp_b': 8.168628001294799e-05, 'gpp_d': 94.19931479490882, 'ign_k': 0.002676132993402929, 'ign_c': 43.39260158221387, 'trop_agb_crit': 1.23202873794675, 'trop_k_veg': 3.4439936249445045, 'fire_amp': 3.102033517490054}.
[I 2026-06-11 13:17:28,190] Trial 885 finished with values: [12.695399736285758, 12.695399736285758] and parameters: {'k1': 4.944223106753944e-05, 'D_low': 1.4002277211577039, 'k2': 0.019383858782150494, 'D_high': 1817.0401889219124, 'fire_exp': 1.0812994412809738, 'P_half': 2.226799690893868, 'pre_dampen_half': 16.009350908593582, 'gpp_af': 0.060029341913968644, 'gpp_b': 0.010307896803108956, 'gpp_d': 1.4397852866783676, 'ign_k': 0.09256855841989636, 'ign_c': 1.364908766641693, 'trop_agb_crit': 12.9667438075127, 'trop_k_veg': 5.453348988480011, 'fire_amp': 3.102033517490054}.
[I 2026-06-11 13:17:29,045] Trial 886 finished with values: [10.18809182114165, 10.18809182114165] and parameters: {'k1': 0.08409006963311547, 'D_low': 236.79352040223893, 'k2': 0.045914852167405346, 'D_high': 32311.521854410956, 'fire_exp': 1.3807440352456883, 'P_half': 1265.0580856641704, 'pre_dampen_half': 30.456909077772018, 'gpp_af': 0.060029341913968644, 'gpp_b': 0.0036065155862388338, 'gpp_d': 47.35384181058586, 'ign_k': 0.09256855841989636, 'ign_c': 29.690870944846793, 'trop_agb_crit': 8.0091368834625, 'trop_k_veg': 3.4439936249445045, 'fire_amp': 3.102033517490054}.
[I 2026-06-11 13:17:29,917] Trial 887 finished with values: [10.843701141051667, 10.843701141051667] and parameters: {'k1': 0.03648456083047798, 'D_low': 1.4002277211577039, 'k2': 0.045914852167405346, 'D_high': 714.4571308652828, 'fire_exp': 1.41873960828944, 'P_half': 2.226799690893868, 'pre_dampen_half': 16.009350908593582, 'gpp_af': 0.060029341913968644, 'gpp_b': 0.0036065155862388338, 'gpp_d': 298.943216845222, 'ign_k': 0.002676132993402929, 'ign_c': 23.422386257929038, 'trop_agb_crit': 8.462233625364036, 'trop_k_veg': 2.9214381145106936, 'fire_amp': 3.102033517490054}.
[I 2026-06-11 13:17:30,787] Trial 888 finished with values: [-0.6521159295847052, 0.05229466865444643] and parameters: {'k1': 0.0006042560675552671, 'D_low': 236.79352040223893, 'k2': 0.005204862686958021, 'D_high': 32311.521854410956, 'fire_exp': 1.811096651915224, 'P_half': 5.4712187293420325, 'pre_dampen_half': 269.0845367054866, 'gpp_af': 0.060029341913968644, 'gpp_b': 0.0036065155862388338, 'gpp_d': 5.981605330890935, 'ign_k': 0.09256855841989636, 'ign_c': 29.690870944846793, 'trop_agb_crit': 2.49652474515731, 'trop_k_veg': 4.0068236274914755, 'fire_amp': 3.102033517490054}.
[I 2026-06-11 13:17:31,675] Trial 889 finished with values: [10.285575682631356, 10.285575682631356] and parameters: {'k1': 6.784924519083143e-05, 'D_low': 427.93836042014675, 'k2': 0.0004976087827261435, 'D_high': 99461.47674311613, 'fire_exp': 1.4848387260494937, 'P_half': 93.43302657318476, 'pre_dampen_half': 28.01075698398644, 'gpp_af': 1.1739995320396222, 'gpp_b': 0.0036065155862388338, 'gpp_d': 47.35384181058586, 'ign_k': 0.0029519227433917453, 'ign_c': 23.40999464613212, 'trop_agb_crit': 8.0091368834625, 'trop_k_veg': 0.5588127200017643, 'fire_amp': 1.1268480791003903}.
[I 2026-06-11 13:17:32,545] Trial 890 finished with values: [10.406213764439112, 10.406213764439112] and parameters: {'k1': 0.0057293717735696316, 'D_low': 236.79352040223893, 'k2': 0.045914852167405346, 'D_high': 32311.521854410956, 'fire_exp': 1.3807440352456883, 'P_half': 1265.0580856641704, 'pre_dampen_half': 79.2915624488668, 'gpp_af': 0.008117091133892173, 'gpp_b': 0.010307896803108956, 'gpp_d': 47.35384181058586, 'ign_k': 0.09256855841989636, 'ign_c': 29.690870944846793, 'trop_agb_crit': 1.8023542850487386, 'trop_k_veg': 1.6648666152166967, 'fire_amp': 5.869450070968175}.
[I 2026-06-11 13:17:33,433] Trial 891 finished with values: [10.299006249964421, 10.299006249964421] and parameters: {'k1': 0.08409006963311547, 'D_low': 1.4002277211577039, 'k2': 0.0011847646505012493, 'D_high': 32311.521854410956, 'fire_exp': 1.41873960828944, 'P_half': 1265.0580856641704, 'pre_dampen_half': 79.2915624488668, 'gpp_af': 0.41874665092828456, 'gpp_b': 0.0036065155862388338, 'gpp_d': 0.7923715993309053, 'ign_k': 0.0032383308053152635, 'ign_c': 29.690870944846793, 'trop_agb_crit': 8.0091368834625, 'trop_k_veg': 0.5667990147757791, 'fire_amp': 1.5719333351012774}.
[I 2026-06-11 13:17:34,305] Trial 892 finished with values: [10.767993397474415, 10.767993397474415] and parameters: {'k1': 0.03648456083047798, 'D_low': 148.21691630007544, 'k2': 0.045914852167405346, 'D_high': 39.872732880952434, 'fire_exp': 1.41873960828944, 'P_half': 2.226799690893868, 'pre_dampen_half': 30.456909077772018, 'gpp_af': 0.060029341913968644, 'gpp_b': 0.0036065155862388338, 'gpp_d': 545.0253444559129, 'ign_k': 0.09256855841989636, 'ign_c': 0.17036120617148395, 'trop_agb_crit': 8.0091368834625, 'trop_k_veg': 2.99731137426955, 'fire_amp': 1.5180207449214471}.
[I 2026-06-11 13:17:35,161] Trial 893 finished with values: [10.37072852965337, 10.37072852965337] and parameters: {'k1': 0.00890707429605718, 'D_low': 236.79352040223893, 'k2': 0.019383858782150494, 'D_high': 714.4571308652828, 'fire_exp': 1.3807440352456883, 'P_half': 2.226799690893868, 'pre_dampen_half': 3.640068899312672, 'gpp_af': 0.060029341913968644, 'gpp_b': 0.010307896803108956, 'gpp_d': 0.09467055845337147, 'ign_k': 0.09256855841989636, 'ign_c': 2.2489542843914485, 'trop_agb_crit': 1.23202873794675, 'trop_k_veg': 3.4439936249445045, 'fire_amp': 3.102033517490054}.
[I 2026-06-11 13:17:36,060] Trial 894 finished with values: [10.123743526750728, 10.123743526750728] and parameters: {'k1': 0.08409006963311547, 'D_low': 1.4002277211577039, 'k2': 0.045914852167405346, 'D_high': 5259.096221580009, 'fire_exp': 1.41873960828944, 'P_half': 1265.0580856641704, 'pre_dampen_half': 30.456909077772018, 'gpp_af': 0.008117091133892173, 'gpp_b': 0.0036065155862388338, 'gpp_d': 47.35384181058586, 'ign_k': 0.09256855841989636, 'ign_c': 29.690870944846793, 'trop_agb_crit': 8.0091368834625, 'trop_k_veg': 6.030247256556128, 'fire_amp': 3.102033517490054}.
[I 2026-06-11 13:17:36,950] Trial 895 finished with values: [13.167572985513539, 13.167572985513539] and parameters: {'k1': 0.08006837661379566, 'D_low': 1.4002277211577039, 'k2': 0.045914852167405346, 'D_high': 32311.521854410956, 'fire_exp': 1.811096651915224, 'P_half': 109.0657807452408, 'pre_dampen_half': 269.0845367054866, 'gpp_af': 0.41874665092828456, 'gpp_b': 0.0036065155862388338, 'gpp_d': 47.35384181058586, 'ign_k': 0.0029519227433917453, 'ign_c': 3.7623363852696734, 'trop_agb_crit': 2.49652474515731, 'trop_k_veg': 1.6648666152166967, 'fire_amp': 3.102033517490054}.
[I 2026-06-11 13:17:38,148] Trial 896 finished with values: [10.749216853961647, 10.749216853961647] and parameters: {'k1': 0.08409006963311547, 'D_low': 236.79352040223893, 'k2': 0.045914852167405346, 'D_high': 32311.521854410956, 'fire_exp': 1.41873960828944, 'P_half': 1265.0580856641704, 'pre_dampen_half': 0.01615714055429207, 'gpp_af': 0.008117091133892173, 'gpp_b': 0.0036065155862388338, 'gpp_d': 47.35384181058586, 'ign_k': 0.09256855841989636, 'ign_c': 29.690870944846793, 'trop_agb_crit': 1.334283419016584, 'trop_k_veg': 3.4439936249445045, 'fire_amp': 2.7556562114998226}.
[I 2026-06-11 13:17:39,021] Trial 897 finished with values: [10.080065780373605, 10.080065780373605] and parameters: {'k1': 0.08409006963311547, 'D_low': 148.21691630007544, 'k2': 0.045914852167405346, 'D_high': 32311.521854410956, 'fire_exp': 1.2060040899560858, 'P_half': 1265.0580856641704, 'pre_dampen_half': 4.847666216751353, 'gpp_af': 0.41874665092828456, 'gpp_b': 0.0036065155862388338, 'gpp_d': 545.0253444559129, 'ign_k': 0.09256855841989636, 'ign_c': 23.422386257929038, 'trop_agb_crit': 5.588032458772675, 'trop_k_veg': 6.030247256556128, 'fire_amp': 3.102033517490054}.
[I 2026-06-11 13:17:39,897] Trial 898 finished with values: [-0.7276148091250829, 0.0335698970642635] and parameters: {'k1': 0.08409006963311547, 'D_low': 236.79352040223893, 'k2': 0.045914852167405346, 'D_high': 7333.200379637292, 'fire_exp': 1.41873960828944, 'P_half': 5.4712187293420325, 'pre_dampen_half': 30.456909077772018, 'gpp_af': 0.008117091133892173, 'gpp_b': 0.0036065155862388338, 'gpp_d': 47.35384181058586, 'ign_k': 0.09256855841989636, 'ign_c': 29.690870944846793, 'trop_agb_crit': 8.0091368834625, 'trop_k_veg': 3.4439936249445045, 'fire_amp': 3.102033517490054}.
[I 2026-06-11 13:17:40,785] Trial 899 finished with values: [10.428833251189682, 10.428833251189682] and parameters: {'k1': 0.00038698408508416947, 'D_low': 1.4002277211577039, 'k2': 0.02939607009739149, 'D_high': 32311.521854410956, 'fire_exp': 1.41873960828944, 'P_half': 1265.0580856641704, 'pre_dampen_half': 4.847666216751353, 'gpp_af': 0.060029341913968644, 'gpp_b': 0.0036065155862388338, 'gpp_d': 545.0253444559129, 'ign_k': 3.6309591863459096, 'ign_c': 23.422386257929038, 'trop_agb_crit': 8.0091368834625, 'trop_k_veg': 1.6648666152166967, 'fire_amp': 3.102033517490054}.
[I 2026-06-11 13:17:41,708] Trial 900 finished with values: [10.213577858015025, 10.213577858015025] and parameters: {'k1': 0.08006837661379566, 'D_low': 236.79352040223893, 'k2': 5.153993511603138e-05, 'D_high': 32311.521854410956, 'fire_exp': 1.3807440352456883, 'P_half': 5.4712187293420325, 'pre_dampen_half': 79.2915624488668, 'gpp_af': 0.008117091133892173, 'gpp_b': 0.0036065155862388338, 'gpp_d': 0.1619054449471649, 'ign_k': 0.0029519227433917453, 'ign_c': 65.87536748686888, 'trop_agb_crit': 8.0091368834625, 'trop_k_veg': 6.030247256556128, 'fire_amp': 2.7806853670293616}.
[I 2026-06-11 13:17:42,582] Trial 901 finished with values: [11.754625593780322, 11.754625593780322] and parameters: {'k1': 0.08409006963311547, 'D_low': 1.4002277211577039, 'k2': 0.005204862686958021, 'D_high': 32311.521854410956, 'fire_exp': 1.811096651915224, 'P_half': 5.4712187293420325, 'pre_dampen_half': 269.0845367054866, 'gpp_af': 0.060029341913968644, 'gpp_b': 0.0036065155862388338, 'gpp_d': 1.336803341156552, 'ign_k': 0.09256855841989636, 'ign_c': 29.690870944846793, 'trop_agb_crit': 8.0091368834625, 'trop_k_veg': 6.030247256556128, 'fire_amp': 3.102033517490054}.
[I 2026-06-11 13:17:43,449] Trial 902 finished with values: [-0.7255061896851602, 0.035233972680472014] and parameters: {'k1': 0.08409006963311547, 'D_low': 236.79352040223893, 'k2': 0.00037358626308127543, 'D_high': 32311.521854410956, 'fire_exp': 1.41873960828944, 'P_half': 1.9423940721007245, 'pre_dampen_half': 28.01075698398644, 'gpp_af': 0.008117091133892173, 'gpp_b': 0.0036065155862388338, 'gpp_d': 47.35384181058586, 'ign_k': 0.09256855841989636, 'ign_c': 29.690870944846793, 'trop_agb_crit': 8.0091368834625, 'trop_k_veg': 2.99731137426955, 'fire_amp': 3.102033517490054}.
[I 2026-06-11 13:17:44,383] Trial 903 finished with values: [10.76824053858199, 10.76824053858199] and parameters: {'k1': 0.08409006963311547, 'D_low': 1.4002277211577039, 'k2': 0.045914852167405346, 'D_high': 32311.521854410956, 'fire_exp': 1.41873960828944, 'P_half': 1265.0580856641704, 'pre_dampen_half': 0.022713477905714423, 'gpp_af': 0.0011495884087462723, 'gpp_b': 0.0036065155862388338, 'gpp_d': 47.35384181058586, 'ign_k': 3.6309591863459096, 'ign_c': 29.690870944846793, 'trop_agb_crit': 5.588032458772675, 'trop_k_veg': 2.99731137426955, 'fire_amp': 3.102033517490054}.
[I 2026-06-11 13:17:45,253] Trial 904 finished with values: [10.09505504358869, 10.09505504358869] and parameters: {'k1': 0.08409006963311547, 'D_low': 236.79352040223893, 'k2': 0.045914852167405346, 'D_high': 1817.0401889219124, 'fire_exp': 1.0812994412809738, 'P_half': 2.226799690893868, 'pre_dampen_half': 4.847666216751353, 'gpp_af': 0.060029341913968644, 'gpp_b': 0.004411400434514031, 'gpp_d': 47.35384181058586, 'ign_k': 0.0032383308053152635, 'ign_c': 29.690870944846793, 'trop_agb_crit': 1.8566494291193822, 'trop_k_veg': 3.4439936249445045, 'fire_amp': 1.5180207449214471}.
[I 2026-06-11 13:17:46,126] Trial 905 finished with values: [-0.6361247392644247, 0.0825461137276764] and parameters: {'k1': 0.0057293717735696316, 'D_low': 13.012518385211498, 'k2': 0.019383858782150494, 'D_high': 32311.521854410956, 'fire_exp': 1.41873960828944, 'P_half': 5.4712187293420325, 'pre_dampen_half': 16.009350908593582, 'gpp_af': 0.008117091133892173, 'gpp_b': 0.010307896803108956, 'gpp_d': 47.35384181058586, 'ign_k': 0.0032383308053152635, 'ign_c': 23.422386257929038, 'trop_agb_crit': 8.462233625364036, 'trop_k_veg': 0.5667990147757791, 'fire_amp': 3.102033517490054}.
[I 2026-06-11 13:17:47,013] Trial 906 finished with values: [20.03699388850023, 20.03699388850023] and parameters: {'k1': 0.00026539376439360527, 'D_low': 236.79352040223893, 'k2': 0.00037358626308127543, 'D_high': 6682.9607218310075, 'fire_exp': 1.2060040899560858, 'P_half': 93.43302657318476, 'pre_dampen_half': 606.0479569222907, 'gpp_af': 0.008117091133892173, 'gpp_b': 0.0010881810414580882, 'gpp_d': 12.338826503601998, 'ign_k': 3.6309591863459096, 'ign_c': 23.422386257929038, 'trop_agb_crit': 12.285399209683808, 'trop_k_veg': 2.99731137426955, 'fire_amp': 4.2446263054164195}.
[I 2026-06-11 13:17:47,884] Trial 907 finished with values: [-0.670334933154987, 0.08377443520646344] and parameters: {'k1': 0.08409006963311547, 'D_low': 236.79352040223893, 'k2': 0.005204862686958021, 'D_high': 32311.521854410956, 'fire_exp': 1.811096651915224, 'P_half': 5.4712187293420325, 'pre_dampen_half': 30.456909077772018, 'gpp_af': 0.015627364027979502, 'gpp_b': 0.006999112505425414, 'gpp_d': 942.6090081952854, 'ign_k': 0.0032383308053152635, 'ign_c': 7.832259769732471, 'trop_agb_crit': 8.0091368834625, 'trop_k_veg': 3.4439936249445045, 'fire_amp': 3.102033517490054}.
[I 2026-06-11 13:17:48,754] Trial 908 finished with values: [10.24991986558584, 10.24991986558584] and parameters: {'k1': 0.0002588246491696491, 'D_low': 1.7551403048208316, 'k2': 0.019383858782150494, 'D_high': 6682.9607218310075, 'fire_exp': 1.2060040899560858, 'P_half': 2.226799690893868, 'pre_dampen_half': 4.847666216751353, 'gpp_af': 0.008117091133892173, 'gpp_b': 0.001674375583895437, 'gpp_d': 0.1619054449471649, 'ign_k': 0.0029519227433917453, 'ign_c': 23.422386257929038, 'trop_agb_crit': 5.588032458772675, 'trop_k_veg': 3.4439936249445045, 'fire_amp': 1.5835969292419834}.
[I 2026-06-11 13:17:49,609] Trial 909 finished with values: [-0.7270583632543505, 0.1281846753980156] and parameters: {'k1': 0.00015351199834018532, 'D_low': 1.4002277211577039, 'k2': 0.045914852167405346, 'D_high': 32311.521854410956, 'fire_exp': 1.41873960828944, 'P_half': 1.4551749476072258, 'pre_dampen_half': 30.456909077772018, 'gpp_af': 0.41874665092828456, 'gpp_b': 0.0036065155862388338, 'gpp_d': 47.35384181058586, 'ign_k': 0.09256855841989636, 'ign_c': 29.690870944846793, 'trop_agb_crit': 8.0091368834625, 'trop_k_veg': 1.6648666152166967, 'fire_amp': 3.102033517490054}.
[I 2026-06-11 13:17:50,482] Trial 910 finished with values: [-0.7110050568870916, 0.07201272328546593] and parameters: {'k1': 0.03648456083047798, 'D_low': 80.1811936889058, 'k2': 0.019383858782150494, 'D_high': 6682.9607218310075, 'fire_exp': 1.2060040899560858, 'P_half': 5.4712187293420325, 'pre_dampen_half': 4.847666216751353, 'gpp_af': 0.060029341913968644, 'gpp_b': 0.0036065155862388338, 'gpp_d': 545.0253444559129, 'ign_k': 0.09256855841989636, 'ign_c': 23.422386257929038, 'trop_agb_crit': 3.285141446715206, 'trop_k_veg': 2.99731137426955, 'fire_amp': 1.5180207449214471}.
[I 2026-06-11 13:17:51,350] Trial 911 finished with values: [10.230139809954602, 10.230139809954602] and parameters: {'k1': 0.00023134781612225627, 'D_low': 1.4002277211577039, 'k2': 0.0018588694009815867, 'D_high': 32311.521854410956, 'fire_exp': 1.2060040899560858, 'P_half': 1265.0580856641704, 'pre_dampen_half': 28.01075698398644, 'gpp_af': 0.008117091133892173, 'gpp_b': 0.0036065155862388338, 'gpp_d': 74.6908936941915, 'ign_k': 0.09256855841989636, 'ign_c': 29.690870944846793, 'trop_agb_crit': 8.0091368834625, 'trop_k_veg': 3.4439936249445045, 'fire_amp': 3.102033517490054}.
[I 2026-06-11 13:17:52,288] Trial 912 finished with values: [10.097422662145338, 10.097422662145338] and parameters: {'k1': 0.004420612468360113, 'D_low': 1.4002277211577039, 'k2': 0.045914852167405346, 'D_high': 32311.521854410956, 'fire_exp': 1.41873960828944, 'P_half': 1265.0580856641704, 'pre_dampen_half': 30.456909077772018, 'gpp_af': 0.41874665092828456, 'gpp_b': 0.0036065155862388338, 'gpp_d': 47.35384181058586, 'ign_k': 0.09256855841989636, 'ign_c': 29.690870944846793, 'trop_agb_crit': 8.0091368834625, 'trop_k_veg': 1.6648666152166967, 'fire_amp': 3.102033517490054}.
[I 2026-06-11 13:17:53,186] Trial 913 finished with values: [10.450814965122468, 10.450814965122468] and parameters: {'k1': 3.609310926766545e-05, 'D_low': 5.505316245273476, 'k2': 0.045914852167405346, 'D_high': 1266.9536563782303, 'fire_exp': 1.41873960828944, 'P_half': 93.43302657318476, 'pre_dampen_half': 170.71098124594695, 'gpp_af': 0.41874665092828456, 'gpp_b': 0.00031478066835753096, 'gpp_d': 1.336803341156552, 'ign_k': 0.0029519227433917453, 'ign_c': 75.30210437963517, 'trop_agb_crit': 8.0091368834625, 'trop_k_veg': 4.989748894578724, 'fire_amp': 3.102033517490054}.
[I 2026-06-11 13:17:54,083] Trial 914 finished with values: [11.830359577044039, 11.830359577044039] and parameters: {'k1': 0.08409006963311547, 'D_low': 236.79352040223893, 'k2': 4.970926495623716e-05, 'D_high': 32311.521854410956, 'fire_exp': 1.41873960828944, 'P_half': 2.4750421470385136, 'pre_dampen_half': 30.456909077772018, 'gpp_af': 0.3939208112794227, 'gpp_b': 0.0036065155862388338, 'gpp_d': 34.18897529667503, 'ign_k': 0.00840038491455979, 'ign_c': 1.364908766641693, 'trop_agb_crit': 8.0091368834625, 'trop_k_veg': 1.6648666152166967, 'fire_amp': 3.264490333625322}.
[I 2026-06-11 13:17:54,935] Trial 915 finished with values: [10.70175854325569, 10.70175854325569] and parameters: {'k1': 0.08409006963311547, 'D_low': 1.4002277211577039, 'k2': 0.011415387250465888, 'D_high': 32311.521854410956, 'fire_exp': 1.41873960828944, 'P_half': 5.4712187293420325, 'pre_dampen_half': 28.01075698398644, 'gpp_af': 0.07576025464197739, 'gpp_b': 0.0036065155862388338, 'gpp_d': 1.336803341156552, 'ign_k': 0.09256855841989636, 'ign_c': 29.690870944846793, 'trop_agb_crit': 8.0091368834625, 'trop_k_veg': 3.4439936249445045, 'fire_amp': 2.7806853670293616}.
