[I 2026-06-09 12:13:40,778] Trial 624 finished with values: [-0.43464025359565, 0.40282916472914554] and parameters: {'k1': 6.404854675916172e-05, 'D_low': 102.53722513378383, 'k2': 0.06994589881535453, 'D_high': 18125.870836716233, 'fire_exp': 1.4848387260494937, 'P_half': 1.8942844905792813, 'pre_dampen_half': 340.6909167027263, 'gpp_af': 1.3218737536384089, 'gpp_b': 1.0706311760886018e-05, 'gpp_d': 1.5988721385117124, 'ign_k': 0.0019264360371306567, 'ign_c': 0.21234210963705627, 'trop_agb_crit': 19.51558406059598, 'trop_k_veg': 4.51930447316402}.
[I 2026-06-09 12:13:41,995] Trial 625 finished with values: [12.26401818780747, 12.26401818780747] and parameters: {'k1': 5.105542986365652e-05, 'D_low': 1593.4806585556198, 'k2': 0.06994589881535453, 'D_high': 14268.845807630427, 'fire_exp': 1.14171776851287, 'P_half': 1.8942844905792813, 'pre_dampen_half': 574.194366311956, 'gpp_af': 1.3218737536384089, 'gpp_b': 1.7213644875359617e-05, 'gpp_d': 26.003623362924223, 'ign_k': 3.4288109438625263, 'ign_c': 0.21234210963705627, 'trop_agb_crit': 1.6369193980425034, 'trop_k_veg': 3.6260119779455584}.
[I 2026-06-09 12:13:43,227] Trial 626 finished with values: [10.615869987873966, 10.615869987873966] and parameters: {'k1': 5.105542986365652e-05, 'D_low': 1.8064907756357262, 'k2': 8.488887549001697e-05, 'D_high': 39655.03094323017, 'fire_exp': 1.608176525358426, 'P_half': 1.4045842344024697, 'pre_dampen_half': 11.164047352793695, 'gpp_af': 1.3218737536384089, 'gpp_b': 1.7213644875359617e-05, 'gpp_d': 26.003623362924223, 'ign_k': 0.0019264360371306567, 'ign_c': 0.21234210963705627, 'trop_agb_crit': 1.6369193980425034, 'trop_k_veg': 4.51930447316402}.
[I 2026-06-09 12:13:44,542] Trial 627 finished with values: [10.448366456238322, 10.448366456238322] and parameters: {'k1': 5.105542986365652e-05, 'D_low': 35.02761367842313, 'k2': 8.488887549001697e-05, 'D_high': 39655.03094323017, 'fire_exp': 1.4848387260494937, 'P_half': 1.4045842344024697, 'pre_dampen_half': 340.6909167027263, 'gpp_af': 0.010017312476738942, 'gpp_b': 0.002262927522655115, 'gpp_d': 26.003623362924223, 'ign_k': 0.0019264360371306567, 'ign_c': 0.21234210963705627, 'trop_agb_crit': 1.6369193980425034, 'trop_k_veg': 1.0540721475196824}.
[I 2026-06-09 12:13:45,934] Trial 628 finished with values: [10.44046244255264, 10.44046244255264] and parameters: {'k1': 9.969469187531805e-05, 'D_low': 1.533916259116362, 'k2': 0.0021314828404757746, 'D_high': 14268.845807630427, 'fire_exp': 1.9268171109476195, 'P_half': 17.655835392092534, 'pre_dampen_half': 673.2248920775328, 'gpp_af': 5.244830565633045, 'gpp_b': 0.00977702299083608, 'gpp_d': 26.003623362924223, 'ign_k': 0.0018548376790967168, 'ign_c': 1.0022396791143333, 'trop_agb_crit': 2.0420012944047587, 'trop_k_veg': 4.51930447316402}.
[I 2026-06-09 12:13:47,212] Trial 629 finished with values: [11.06543387630929, 11.06543387630929] and parameters: {'k1': 1.263794633808287e-05, 'D_low': 10.16551026641873, 'k2': 8.488887549001697e-05, 'D_high': 14268.845807630427, 'fire_exp': 1.0227532009936005, 'P_half': 149.35213816355395, 'pre_dampen_half': 340.6909167027263, 'gpp_af': 21.258647437649888, 'gpp_b': 1.7213644875359617e-05, 'gpp_d': 99.3234953243749, 'ign_k': 0.3242143344038317, 'ign_c': 1.0022396791143333, 'trop_agb_crit': 19.51558406059598, 'trop_k_veg': 4.8737397608275925}.
[I 2026-06-09 12:13:48,697] Trial 630 finished with values: [10.482576518003235, 10.482576518003235] and parameters: {'k1': 5.105542986365652e-05, 'D_low': 35.02761367842313, 'k2': 8.488887549001697e-05, 'D_high': 39655.03094323017, 'fire_exp': 1.608176525358426, 'P_half': 360.14695835220334, 'pre_dampen_half': 673.2248920775328, 'gpp_af': 0.010017312476738942, 'gpp_b': 1.7213644875359617e-05, 'gpp_d': 218.57046318155545, 'ign_k': 0.0019264360371306567, 'ign_c': 1.887567630782227, 'trop_agb_crit': 1.6369193980425034, 'trop_k_veg': 1.7641331114149523}.
[I 2026-06-09 12:13:49,897] Trial 631 finished with values: [-0.5871250890244768, 0.07965411785348242] and parameters: {'k1': 0.01549659926581634, 'D_low': 115.44738876452311, 'k2': 0.0005700142105246941, 'D_high': 39655.03094323017, 'fire_exp': 2.10707132280748, 'P_half': 50.32059347286801, 'pre_dampen_half': 340.6909167027263, 'gpp_af': 1.3218737536384089, 'gpp_b': 0.00977702299083608, 'gpp_d': 26.003623362924223, 'ign_k': 3.1536006085184716, 'ign_c': 21.132597710340573, 'trop_agb_crit': 2.6695352180079177, 'trop_k_veg': 1.8981057964668895}.
[I 2026-06-09 12:13:51,146] Trial 632 finished with values: [10.776737414158994, 10.776737414158994] and parameters: {'k1': 0.00090237347532821, 'D_low': 12.115155843077673, 'k2': 0.06994589881535453, 'D_high': 69868.4759244566, 'fire_exp': 2.10707132280748, 'P_half': 45.55085098454082, 'pre_dampen_half': 340.6909167027263, 'gpp_af': 1.3218737536384089, 'gpp_b': 0.10027335482292994, 'gpp_d': 1.2434469102435366, 'ign_k': 0.008226074946221037, 'ign_c': 0.21234210963705627, 'trop_agb_crit': 2.6695352180079177, 'trop_k_veg': 4.51930447316402}.
[I 2026-06-09 12:13:52,508] Trial 633 finished with values: [10.214434074514557, 10.214434074514557] and parameters: {'k1': 6.404854675916172e-05, 'D_low': 12.115155843077673, 'k2': 3.619136963999883e-05, 'D_high': 69868.4759244566, 'fire_exp': 1.060109541566103, 'P_half': 108.21382910613987, 'pre_dampen_half': 340.6909167027263, 'gpp_af': 1.8075983730158514, 'gpp_b': 2.036444166653217e-05, 'gpp_d': 0.0735311909944862, 'ign_k': 0.008226074946221037, 'ign_c': 1.0022396791143333, 'trop_agb_crit': 19.51558406059598, 'trop_k_veg': 4.51930447316402}.
[I 2026-06-09 12:13:53,741] Trial 634 finished with values: [10.557131541462697, 10.557131541462697] and parameters: {'k1': 5.105542986365652e-05, 'D_low': 35.02761367842313, 'k2': 8.488887549001697e-05, 'D_high': 39655.03094323017, 'fire_exp': 1.14171776851287, 'P_half': 1.4045842344024697, 'pre_dampen_half': 11.164047352793695, 'gpp_af': 0.0012900833126964447, 'gpp_b': 5.0279186721731925e-05, 'gpp_d': 1.6983565276584263, 'ign_k': 0.0019264360371306567, 'ign_c': 0.20319809838424974, 'trop_agb_crit': 2.679156169946616, 'trop_k_veg': 1.0540721475196824}.
[I 2026-06-09 12:13:54,926] Trial 635 finished with values: [10.524456909981856, 10.524456909981856] and parameters: {'k1': 5.105542986365652e-05, 'D_low': 35.02761367842313, 'k2': 1.3179361165291593e-05, 'D_high': 39655.03094323017, 'fire_exp': 1.608176525358426, 'P_half': 1.4045842344024697, 'pre_dampen_half': 673.2248920775328, 'gpp_af': 0.13767835510755025, 'gpp_b': 0.0007040113316769033, 'gpp_d': 26.003623362924223, 'ign_k': 0.0019264360371306567, 'ign_c': 1.887567630782227, 'trop_agb_crit': 1.6369193980425034, 'trop_k_veg': 1.0540721475196824}.
[I 2026-06-09 12:13:56,176] Trial 636 finished with values: [10.329048196908298, 10.329048196908298] and parameters: {'k1': 0.0030219760889797966, 'D_low': 1.533916259116362, 'k2': 0.06994589881535453, 'D_high': 41821.78526757458, 'fire_exp': 1.1615865989246452, 'P_half': 17.655835392092534, 'pre_dampen_half': 673.2248920775328, 'gpp_af': 5.244830565633045, 'gpp_b': 0.0006724850206557243, 'gpp_d': 0.0735311909944862, 'ign_k': 0.5456725485601477, 'ign_c': 0.20319809838424974, 'trop_agb_crit': 10.98750112200266, 'trop_k_veg': 3.6260119779455584}.
[I 2026-06-09 12:13:57,345] Trial 637 finished with values: [10.866887669515927, 10.866887669515927] and parameters: {'k1': 0.01549659926581634, 'D_low': 35.02761367842313, 'k2': 5.153993511603138e-05, 'D_high': 69868.4759244566, 'fire_exp': 2.10707132280748, 'P_half': 64.52946500764233, 'pre_dampen_half': 0.10215679533276684, 'gpp_af': 0.01942738928156656, 'gpp_b': 0.00977702299083608, 'gpp_d': 26.003623362924223, 'ign_k': 0.3242143344038317, 'ign_c': 5.762487216478598, 'trop_agb_crit': 2.0420012944047587, 'trop_k_veg': 4.51930447316402}.
[I 2026-06-09 12:13:58,608] Trial 638 finished with values: [10.097924696435138, 10.097924696435138] and parameters: {'k1': 6.404854675916172e-05, 'D_low': 12.115155843077673, 'k2': 4.540076719227351e-05, 'D_high': 18125.870836716233, 'fire_exp': 1.0227532009936005, 'P_half': 108.21382910613987, 'pre_dampen_half': 673.2248920775328, 'gpp_af': 1.8075983730158514, 'gpp_b': 0.002262927522655115, 'gpp_d': 0.42885111268165765, 'ign_k': 1.1215915868662767, 'ign_c': 0.21234210963705627, 'trop_agb_crit': 19.51558406059598, 'trop_k_veg': 4.51930447316402}.
[I 2026-06-09 12:13:59,914] Trial 639 finished with values: [-0.4662264107227035, 0.3661369982927749] and parameters: {'k1': 6.404854675916172e-05, 'D_low': 12.115155843077673, 'k2': 0.0005700142105246941, 'D_high': 14268.845807630427, 'fire_exp': 1.060109541566103, 'P_half': 140.571633510225, 'pre_dampen_half': 340.6909167027263, 'gpp_af': 0.9219336658511308, 'gpp_b': 5.0279186721731925e-05, 'gpp_d': 0.0735311909944862, 'ign_k': 0.3242143344038317, 'ign_c': 0.21234210963705627, 'trop_agb_crit': 6.475515989686909, 'trop_k_veg': 4.51930447316402}.
[I 2026-06-09 12:14:01,109] Trial 640 finished with values: [10.694682308709204, 10.694682308709204] and parameters: {'k1': 6.615437365561391e-05, 'D_low': 2.7012557725439073, 'k2': 0.0005700142105246941, 'D_high': 39655.03094323017, 'fire_exp': 1.060109541566103, 'P_half': 1.4045842344024697, 'pre_dampen_half': 340.6909167027263, 'gpp_af': 1.3218737536384089, 'gpp_b': 2.036444166653217e-05, 'gpp_d': 1.2434469102435366, 'ign_k': 0.0019264360371306567, 'ign_c': 1.0022396791143333, 'trop_agb_crit': 8.404607864475192, 'trop_k_veg': 4.51930447316402}.
[I 2026-06-09 12:14:02,294] Trial 641 finished with values: [10.098795633975485, 10.098795633975485] and parameters: {'k1': 6.404854675916172e-05, 'D_low': 12.115155843077673, 'k2': 4.540076719227351e-05, 'D_high': 39655.03094323017, 'fire_exp': 1.608176525358426, 'P_half': 108.21382910613987, 'pre_dampen_half': 340.6909167027263, 'gpp_af': 1.3218737536384089, 'gpp_b': 0.050107402158164165, 'gpp_d': 23.289607349723003, 'ign_k': 7.5796331133161265, 'ign_c': 1.8836925134820866, 'trop_agb_crit': 1.6059119829430093, 'trop_k_veg': 4.51930447316402}.
[I 2026-06-09 12:14:03,479] Trial 642 finished with values: [10.520104319989986, 10.520104319989986] and parameters: {'k1': 2.3746677989874033e-05, 'D_low': 35.02761367842313, 'k2': 0.004902396944106613, 'D_high': 39655.03094323017, 'fire_exp': 1.3340920378182823, 'P_half': 59.56633466901682, 'pre_dampen_half': 673.2248920775328, 'gpp_af': 5.244830565633045, 'gpp_b': 3.686869490609954e-05, 'gpp_d': 0.0735311909944862, 'ign_k': 0.0019264360371306567, 'ign_c': 55.24095129928624, 'trop_agb_crit': 1.6369193980425034, 'trop_k_veg': 3.6260119779455584}.
[I 2026-06-09 12:14:04,617] Trial 643 finished with values: [10.232389230522212, 10.232389230522212] and parameters: {'k1': 6.404854675916172e-05, 'D_low': 27.79045054796807, 'k2': 4.540076719227351e-05, 'D_high': 29687.18490830256, 'fire_exp': 1.5036604936020428, 'P_half': 108.21382910613987, 'pre_dampen_half': 340.6909167027263, 'gpp_af': 1.3218737536384089, 'gpp_b': 0.002262927522655115, 'gpp_d': 99.3234953243749, 'ign_k': 0.3242143344038317, 'ign_c': 0.21234210963705627, 'trop_agb_crit': 19.51558406059598, 'trop_k_veg': 4.51930447316402}.
[I 2026-06-09 12:14:05,898] Trial 644 finished with values: [-0.5871250890244768, 0.07965411785348242] and parameters: {'k1': 0.01549659926581634, 'D_low': 115.44738876452311, 'k2': 0.0005700142105246941, 'D_high': 39655.03094323017, 'fire_exp': 2.10707132280748, 'P_half': 50.32059347286801, 'pre_dampen_half': 340.6909167027263, 'gpp_af': 1.3218737536384089, 'gpp_b': 0.00977702299083608, 'gpp_d': 26.003623362924223, 'ign_k': 3.1536006085184716, 'ign_c': 21.132597710340573, 'trop_agb_crit': 2.6695352180079177, 'trop_k_veg': 1.8981057964668895}.
[I 2026-06-09 12:14:07,223] Trial 645 finished with values: [10.206127467707752, 10.206127467707752] and parameters: {'k1': 0.0630731811849173, 'D_low': 13.180029267201178, 'k2': 0.0005700142105246941, 'D_high': 39655.03094323017, 'fire_exp': 2.10707132280748, 'P_half': 50.32059347286801, 'pre_dampen_half': 566.2858823465564, 'gpp_af': 1.3218737536384089, 'gpp_b': 0.002262927522655115, 'gpp_d': 1.2434469102435366, 'ign_k': 0.3242143344038317, 'ign_c': 21.132597710340573, 'trop_agb_crit': 2.6695352180079177, 'trop_k_veg': 1.8981057964668895}.
[I 2026-06-09 12:14:08,392] Trial 646 finished with values: [10.209885781409973, 10.209885781409973] and parameters: {'k1': 6.404854675916172e-05, 'D_low': 12.115155843077673, 'k2': 4.540076719227351e-05, 'D_high': 39655.03094323017, 'fire_exp': 2.10707132280748, 'P_half': 50.32059347286801, 'pre_dampen_half': 340.6909167027263, 'gpp_af': 1.3218737536384089, 'gpp_b': 0.00977702299083608, 'gpp_d': 26.003623362924223, 'ign_k': 3.1536006085184716, 'ign_c': 1.8836925134820866, 'trop_agb_crit': 10.546115311381248, 'trop_k_veg': 4.51930447316402}.
[I 2026-06-09 12:14:09,737] Trial 647 finished with values: [10.66555567022665, 10.66555567022665] and parameters: {'k1': 0.01549659926581634, 'D_low': 13.180029267201178, 'k2': 4.540076719227351e-05, 'D_high': 22514.440483870192, 'fire_exp': 1.060109541566103, 'P_half': 6004.223886195538, 'pre_dampen_half': 340.6909167027263, 'gpp_af': 0.32613327839065587, 'gpp_b': 2.036444166653217e-05, 'gpp_d': 0.2473046721099913, 'ign_k': 0.3242143344038317, 'ign_c': 0.21234210963705627, 'trop_agb_crit': 19.51558406059598, 'trop_k_veg': 1.8981057964668895}.
[I 2026-06-09 12:14:10,882] Trial 648 finished with values: [10.482807908751958, 10.482807908751958] and parameters: {'k1': 0.01549659926581634, 'D_low': 115.44738876452311, 'k2': 0.0005700142105246941, 'D_high': 39655.03094323017, 'fire_exp': 2.10707132280748, 'P_half': 540.7445028694731, 'pre_dampen_half': 340.6909167027263, 'gpp_af': 1.3218737536384089, 'gpp_b': 0.00977702299083608, 'gpp_d': 26.003623362924223, 'ign_k': 3.1536006085184716, 'ign_c': 21.132597710340573, 'trop_agb_crit': 2.6695352180079177, 'trop_k_veg': 1.8981057964668895}.
[I 2026-06-09 12:14:12,042] Trial 649 finished with values: [10.631720388900462, 10.631720388900462] and parameters: {'k1': 6.404854675916172e-05, 'D_low': 12.115155843077673, 'k2': 4.540076719227351e-05, 'D_high': 974.3142535650221, 'fire_exp': 1.608176525358426, 'P_half': 108.21382910613987, 'pre_dampen_half': 340.6909167027263, 'gpp_af': 1.3218737536384089, 'gpp_b': 0.002262927522655115, 'gpp_d': 1.5988721385117124, 'ign_k': 0.3242143344038317, 'ign_c': 1.8836925134820866, 'trop_agb_crit': 19.51558406059598, 'trop_k_veg': 4.51930447316402}.
[I 2026-06-09 12:14:13,318] Trial 650 finished with values: [10.426060520546303, 10.426060520546303] and parameters: {'k1': 0.0004846497679219079, 'D_low': 102.53722513378383, 'k2': 0.06994589881535453, 'D_high': 18125.870836716233, 'fire_exp': 1.14171776851287, 'P_half': 108.21382910613987, 'pre_dampen_half': 345.01054536130147, 'gpp_af': 1.3218737536384089, 'gpp_b': 0.0012749409641020352, 'gpp_d': 99.3234953243749, 'ign_k': 0.0019264360371306567, 'ign_c': 29.606628946299654, 'trop_agb_crit': 1.5144860262751405, 'trop_k_veg': 4.51930447316402}.
[I 2026-06-09 12:14:14,576] Trial 651 finished with values: [-0.49893088560241977, 0.25933443560660874] and parameters: {'k1': 0.01549659926581634, 'D_low': 35.02761367842313, 'k2': 0.0009749762207436118, 'D_high': 39655.03094323017, 'fire_exp': 2.10707132280748, 'P_half': 1.4045842344024697, 'pre_dampen_half': 566.2858823465564, 'gpp_af': 1.3218737536384089, 'gpp_b': 0.002262927522655115, 'gpp_d': 26.003623362924223, 'ign_k': 0.0019264360371306567, 'ign_c': 1.887567630782227, 'trop_agb_crit': 1.6369193980425034, 'trop_k_veg': 4.51930447316402}.
[I 2026-06-09 12:14:15,710] Trial 652 finished with values: [10.827770394794069, 10.827770394794069] and parameters: {'k1': 0.015161591075671724, 'D_low': 12.115155843077673, 'k2': 4.540076719227351e-05, 'D_high': 14268.845807630427, 'fire_exp': 1.9268171109476195, 'P_half': 2989.6471756156616, 'pre_dampen_half': 340.6909167027263, 'gpp_af': 1.3218737536384089, 'gpp_b': 5.0279186721731925e-05, 'gpp_d': 7.129330255115469, 'ign_k': 0.3242143344038317, 'ign_c': 1.8836925134820866, 'trop_agb_crit': 1.3063813396521713, 'trop_k_veg': 4.51930447316402}.
[I 2026-06-09 12:14:16,822] Trial 653 finished with values: [10.094990984157201, 10.094990984157201] and parameters: {'k1': 0.015161591075671724, 'D_low': 1.3229646467088636, 'k2': 0.0005700142105246941, 'D_high': 39655.03094323017, 'fire_exp': 2.10707132280748, 'P_half': 50.32059347286801, 'pre_dampen_half': 340.6909167027263, 'gpp_af': 1.3218737536384089, 'gpp_b': 2.036444166653217e-05, 'gpp_d': 1.2434469102435366, 'ign_k': 0.004224235973517089, 'ign_c': 1.0022396791143333, 'trop_agb_crit': 2.6695352180079177, 'trop_k_veg': 5.06204715641377}.
[I 2026-06-09 12:14:17,943] Trial 654 finished with values: [-0.5221015902893739, 0.245103550781971] and parameters: {'k1': 5.105542986365652e-05, 'D_low': 125.32726386250698, 'k2': 8.488887549001697e-05, 'D_high': 39655.03094323017, 'fire_exp': 1.608176525358426, 'P_half': 28.647019533509873, 'pre_dampen_half': 673.2248920775328, 'gpp_af': 21.258647437649888, 'gpp_b': 1.7213644875359617e-05, 'gpp_d': 500.2195003344709, 'ign_k': 0.3242143344038317, 'ign_c': 18.43395662181926, 'trop_agb_crit': 1.5144860262751405, 'trop_k_veg': 4.8737397608275925}.
[I 2026-06-09 12:14:19,063] Trial 655 finished with values: [10.43239578852079, 10.43239578852079] and parameters: {'k1': 0.05832560268546887, 'D_low': 1.533916259116362, 'k2': 0.0005700142105246941, 'D_high': 69868.4759244566, 'fire_exp': 1.4848387260494937, 'P_half': 64.52946500764233, 'pre_dampen_half': 340.6909167027263, 'gpp_af': 1.3218737536384089, 'gpp_b': 0.00977702299083608, 'gpp_d': 26.003623362924223, 'ign_k': 0.0018548376790967168, 'ign_c': 1.8836925134820866, 'trop_agb_crit': 2.6695352180079177, 'trop_k_veg': 4.51930447316402}.
[I 2026-06-09 12:14:20,286] Trial 656 finished with values: [10.877421466248277, 10.877421466248277] and parameters: {'k1': 0.007519407491506672, 'D_low': 2.3244932709566686, 'k2': 0.06994589881535453, 'D_high': 69868.4759244566, 'fire_exp': 1.14171776851287, 'P_half': 1.8942844905792813, 'pre_dampen_half': 11.164047352793695, 'gpp_af': 0.5107061330406066, 'gpp_b': 5.0279186721731925e-05, 'gpp_d': 26.003623362924223, 'ign_k': 0.5456725485601477, 'ign_c': 0.9083381663660584, 'trop_agb_crit': 1.259515631748535, 'trop_k_veg': 0.6618107836658104}.
[I 2026-06-09 12:14:21,512] Trial 657 finished with values: [10.398398667752746, 10.398398667752746] and parameters: {'k1': 0.01549659926581634, 'D_low': 125.32726386250698, 'k2': 8.488887549001697e-05, 'D_high': 14268.845807630427, 'fire_exp': 2.10707132280748, 'P_half': 1.4045842344024697, 'pre_dampen_half': 566.2858823465564, 'gpp_af': 45.15891277793631, 'gpp_b': 0.002262927522655115, 'gpp_d': 26.003623362924223, 'ign_k': 0.3242143344038317, 'ign_c': 21.132597710340573, 'trop_agb_crit': 1.5144860262751405, 'trop_k_veg': 4.51930447316402}.
[I 2026-06-09 12:14:22,629] Trial 658 finished with values: [10.628514827620425, 10.628514827620425] and parameters: {'k1': 0.0057293717735696316, 'D_low': 35.02761367842313, 'k2': 0.0009749762207436118, 'D_high': 14268.845807630427, 'fire_exp': 1.14171776851287, 'P_half': 1.4045842344024697, 'pre_dampen_half': 11.164047352793695, 'gpp_af': 0.13767835510755025, 'gpp_b': 3.686869490609954e-05, 'gpp_d': 26.003623362924223, 'ign_k': 3.4288109438625263, 'ign_c': 1.887567630782227, 'trop_agb_crit': 1.6369193980425034, 'trop_k_veg': 4.51930447316402}.
[I 2026-06-09 12:14:23,734] Trial 659 finished with values: [10.540255847019013, 10.540255847019013] and parameters: {'k1': 1.263794633808287e-05, 'D_low': 125.32726386250698, 'k2': 0.037633129263701104, 'D_high': 14268.845807630427, 'fire_exp': 1.9268171109476195, 'P_half': 17.655835392092534, 'pre_dampen_half': 11.164047352793695, 'gpp_af': 0.32613327839065587, 'gpp_b': 2.036444166653217e-05, 'gpp_d': 27.50607428241511, 'ign_k': 1.1215915868662767, 'ign_c': 0.9083381663660584, 'trop_agb_crit': 1.6369193980425034, 'trop_k_veg': 4.8737397608275925}.
[I 2026-06-09 12:14:24,864] Trial 660 finished with values: [-0.5871250890244768, 0.07965411785348242] and parameters: {'k1': 0.01549659926581634, 'D_low': 115.44738876452311, 'k2': 0.0005700142105246941, 'D_high': 39655.03094323017, 'fire_exp': 2.10707132280748, 'P_half': 50.32059347286801, 'pre_dampen_half': 340.6909167027263, 'gpp_af': 1.3218737536384089, 'gpp_b': 0.00977702299083608, 'gpp_d': 26.003623362924223, 'ign_k': 3.1536006085184716, 'ign_c': 21.132597710340573, 'trop_agb_crit': 2.6695352180079177, 'trop_k_veg': 1.8981057964668895}.
[I 2026-06-09 12:14:25,958] Trial 661 finished with values: [10.199632960389824, 10.199632960389824] and parameters: {'k1': 0.0004846497679219079, 'D_low': 102.53722513378383, 'k2': 0.06994589881535453, 'D_high': 39655.03094323017, 'fire_exp': 1.14171776851287, 'P_half': 50.32059347286801, 'pre_dampen_half': 340.6909167027263, 'gpp_af': 5.244830565633045, 'gpp_b': 3.686869490609954e-05, 'gpp_d': 1.2434469102435366, 'ign_k': 0.0019264360371306567, 'ign_c': 1.8836925134820866, 'trop_agb_crit': 1.6369193980425034, 'trop_k_veg': 4.51930447316402}.
[I 2026-06-09 12:14:27,315] Trial 662 finished with values: [10.892013417555505, 10.892013417555505] and parameters: {'k1': 6.404854675916172e-05, 'D_low': 35.02761367842313, 'k2': 4.540076719227351e-05, 'D_high': 26.198194454351665, 'fire_exp': 4.748029250401424, 'P_half': 1.4045842344024697, 'pre_dampen_half': 11.164047352793695, 'gpp_af': 1.3218737536384089, 'gpp_b': 2.036444166653217e-05, 'gpp_d': 1.5988721385117124, 'ign_k': 0.3242143344038317, 'ign_c': 1.887567630782227, 'trop_agb_crit': 1.6369193980425034, 'trop_k_veg': 4.51930447316402}.
