[I 2026-08-06 11:30:53,078] Trial 470 finished with values: [10.072459641607153, 10.072459641607153] and parameters: {'k1': 0.008471801418819975, 'D_low': 2.143851363193517, 'k2': 1.1065812688893481e-05, 'D_high': 42.070539502879384, 'fire_exp': 1.1430983876313219, 'P_half': 175.2878790340412, 'pre_dampen_half': 63.6685916079943, 'gpp_af': 0.10409127568994281, 'gpp_b': 1.3289448722869181e-05, 'gpp_d': 1.493264336549928, 'ign_k': 2.1368329072358767, 'ign_c': 0.70689749506246, 'trop_agb_crit': 10.965064494899984, 'trop_k_veg': 0.6673124511410327}.
[I 2026-08-06 11:30:55,227] Trial 471 finished with values: [-0.5234843505530173, 0.20454113666018892] and parameters: {'k1': 0.004312951023617458, 'D_low': 38.82837025280678, 'k2': 1.1065812688893481e-05, 'D_high': 21.356209987689077, 'fire_exp': 1.0629462657398439, 'P_half': 4.213183643253957, 'pre_dampen_half': 63.6685916079943, 'gpp_af': 0.6403036652671171, 'gpp_b': 1.3289448722869181e-05, 'gpp_d': 84.31013932082456, 'ign_k': 0.010167079878196114, 'ign_c': 7.4063809263110905, 'trop_agb_crit': 7.500118950416987, 'trop_k_veg': 0.6673124511410327}.
[I 2026-08-06 11:30:57,333] Trial 472 finished with values: [10.468600420784734, 10.468600420784734] and parameters: {'k1': 0.00031134168041628584, 'D_low': 40.12413353131991, 'k2': 1.1065812688893481e-05, 'D_high': 1236.6924205139144, 'fire_exp': 1.0601964743503993, 'P_half': 1.605843632310088, 'pre_dampen_half': 3.3841016089580034, 'gpp_af': 1.9706963379095486, 'gpp_b': 0.012132126638791128, 'gpp_d': 82.84476373292449, 'ign_k': 0.038563028138793747, 'ign_c': 1.9580595319750387, 'trop_agb_crit': 28.66951114938682, 'trop_k_veg': 0.6673124511410327}.
[I 2026-08-06 11:30:59,506] Trial 473 finished with values: [10.731345859781815, 10.731345859781815] and parameters: {'k1': 0.008912611835817005, 'D_low': 7.299348683062307, 'k2': 0.003419108473554454, 'D_high': 774.2116473996249, 'fire_exp': 1.1263716762638152, 'P_half': 4.213183643253957, 'pre_dampen_half': 63.6685916079943, 'gpp_af': 0.00515795696727661, 'gpp_b': 0.22727308251068193, 'gpp_d': 5.1715677287580455, 'ign_k': 0.11619873314872933, 'ign_c': 5.13055176058983, 'trop_agb_crit': 7.500118950416987, 'trop_k_veg': 1.9938441068366917}.
[I 2026-08-06 11:31:01,995] Trial 474 finished with values: [10.43480655806345, 10.43480655806345] and parameters: {'k1': 0.01889771394135163, 'D_low': 7.299348683062307, 'k2': 1.1065812688893481e-05, 'D_high': 21.947742689197344, 'fire_exp': 1.0601964743503993, 'P_half': 4.213183643253957, 'pre_dampen_half': 5.048653998722947, 'gpp_af': 1.9706963379095486, 'gpp_b': 2.176805640408474e-05, 'gpp_d': 84.31013932082456, 'ign_k': 0.11619873314872933, 'ign_c': 29.690870944846793, 'trop_agb_crit': 7.500118950416987, 'trop_k_veg': 1.0594599158279707}.
[I 2026-08-06 11:31:04,178] Trial 475 finished with values: [10.76923076892712, 10.76923076892712] and parameters: {'k1': 0.01889771394135163, 'D_low': 78.86001704920405, 'k2': 0.0007047307383115598, 'D_high': 536.2153030688613, 'fire_exp': 1.1263716762638152, 'P_half': 1.605843632310088, 'pre_dampen_half': 5.048653998722947, 'gpp_af': 0.7951170003631387, 'gpp_b': 1.284284091405877e-05, 'gpp_d': 84.31013932082456, 'ign_k': 0.11619873314872933, 'ign_c': 323.47703263192955, 'trop_agb_crit': 10.905006748783771, 'trop_k_veg': 1.0594599158279707}.
[I 2026-08-06 11:31:06,341] Trial 476 finished with values: [-0.5601845480003095, 0.11277341033330168] and parameters: {'k1': 0.0029282035181080004, 'D_low': 173.2186836611753, 'k2': 0.003419108473554454, 'D_high': 3712.591045287726, 'fire_exp': 1.0629462657398439, 'P_half': 4.213183643253957, 'pre_dampen_half': 63.6685916079943, 'gpp_af': 0.6403036652671171, 'gpp_b': 0.0005739662837359252, 'gpp_d': 1.493264336549928, 'ign_k': 0.0680787482656459, 'ign_c': 11.400863701127316, 'trop_agb_crit': 7.500118950416987, 'trop_k_veg': 0.6673124511410327}.
[I 2026-08-06 11:31:08,569] Trial 477 finished with values: [-0.529281699853862, 0.029236564985901214] and parameters: {'k1': 0.0029282035181080004, 'D_low': 12.105387404469584, 'k2': 0.03538758864779238, 'D_high': 774.2116473996249, 'fire_exp': 1.3170256885255098, 'P_half': 4.213183643253957, 'pre_dampen_half': 63.6685916079943, 'gpp_af': 0.00111906222790675, 'gpp_b': 0.0005739662837359252, 'gpp_d': 1.493264336549928, 'ign_k': 0.21006485619596416, 'ign_c': 11.400863701127316, 'trop_agb_crit': 7.500118950416987, 'trop_k_veg': 0.6673124511410327}.
[I 2026-08-06 11:31:10,883] Trial 478 finished with values: [10.000061402652594, 10.000061402652594] and parameters: {'k1': 0.00031134168041628584, 'D_low': 20.22298375423134, 'k2': 0.0007047307383115598, 'D_high': 61536.58035691648, 'fire_exp': 1.2918065501148304, 'P_half': 4.213183643253957, 'pre_dampen_half': 63.6685916079943, 'gpp_af': 1.9706963379095486, 'gpp_b': 2.176805640408474e-05, 'gpp_d': 0.12878367369717508, 'ign_k': 8.708806168038567, 'ign_c': 11.400863701127316, 'trop_agb_crit': 1.0693376406863295, 'trop_k_veg': 0.6673124511410327}.
[I 2026-08-06 11:31:13,097] Trial 479 finished with values: [-0.5370831935835634, 0.11034824142426958] and parameters: {'k1': 0.06598741607403362, 'D_low': 1.54121727098019, 'k2': 7.639737756882014e-05, 'D_high': 1177.190025324204, 'fire_exp': 1.1430983876313219, 'P_half': 175.2878790340412, 'pre_dampen_half': 63.6685916079943, 'gpp_af': 14.476743839391009, 'gpp_b': 1.3289448722869181e-05, 'gpp_d': 16.460426816350523, 'ign_k': 0.11619873314872933, 'ign_c': 7.4063809263110905, 'trop_agb_crit': 24.584290528289387, 'trop_k_veg': 0.6673124511410327}.
[I 2026-08-06 11:31:15,302] Trial 480 finished with values: [-0.5024089835796102, 0.04294365686994084] and parameters: {'k1': 0.01889771394135163, 'D_low': 1.9977959434035766, 'k2': 2.246290894032394e-05, 'D_high': 21.947742689197344, 'fire_exp': 1.0362310858538248, 'P_half': 3.313942437345199, 'pre_dampen_half': 63.6685916079943, 'gpp_af': 0.6403036652671171, 'gpp_b': 0.14577755664212386, 'gpp_d': 229.41380323183625, 'ign_k': 0.010167079878196114, 'ign_c': 2.414259639010457, 'trop_agb_crit': 3.2954785755570537, 'trop_k_veg': 6.45312300188076}.
[I 2026-08-06 11:31:17,512] Trial 481 finished with values: [10.286577254851185, 10.286577254851185] and parameters: {'k1': 0.011966626407443505, 'D_low': 5.59983195169599, 'k2': 1.1065812688893481e-05, 'D_high': 5670.3463356272905, 'fire_exp': 1.1430983876313219, 'P_half': 1.605843632310088, 'pre_dampen_half': 63.6685916079943, 'gpp_af': 0.6403036652671171, 'gpp_b': 1.3289448722869181e-05, 'gpp_d': 2.944272359149677, 'ign_k': 2.1368329072358767, 'ign_c': 7.4063809263110905, 'trop_agb_crit': 10.965064494899984, 'trop_k_veg': 0.6743482387129308}.
[I 2026-08-06 11:31:19,724] Trial 482 finished with values: [12.78728289204407, 12.78728289204407] and parameters: {'k1': 0.06598741607403362, 'D_low': 1.3577269394141454, 'k2': 0.011715293025123641, 'D_high': 3712.591045287726, 'fire_exp': 1.1430983876313219, 'P_half': 140.74279366401683, 'pre_dampen_half': 502.5175192217655, 'gpp_af': 0.7539992074650279, 'gpp_b': 0.0021331409710300844, 'gpp_d': 2.944272359149677, 'ign_k': 0.21006485619596416, 'ign_c': 5.13055176058983, 'trop_agb_crit': 24.584290528289387, 'trop_k_veg': 3.1473758868965476}.
[I 2026-08-06 11:31:21,945] Trial 483 finished with values: [-0.5598476071223206, 0.1942544814490541] and parameters: {'k1': 0.011966626407443505, 'D_low': 5.59983195169599, 'k2': 1.1065812688893481e-05, 'D_high': 5670.3463356272905, 'fire_exp': 1.0629462657398439, 'P_half': 2.062120257534816, 'pre_dampen_half': 63.6685916079943, 'gpp_af': 1.6059727222314273, 'gpp_b': 0.0005739662837359252, 'gpp_d': 2.944272359149677, 'ign_k': 0.12329098365270515, 'ign_c': 8.40543912931368, 'trop_agb_crit': 6.119263728555865, 'trop_k_veg': 0.6743482387129308}.
[I 2026-08-06 11:31:24,407] Trial 484 finished with values: [10.556246376555832, 10.556246376555832] and parameters: {'k1': 0.008912611835817005, 'D_low': 1.54121727098019, 'k2': 0.03538758864779238, 'D_high': 774.2116473996249, 'fire_exp': 2.494154063094566, 'P_half': 4.213183643253957, 'pre_dampen_half': 63.6685916079943, 'gpp_af': 0.6403036652671171, 'gpp_b': 0.42247700890263645, 'gpp_d': 16.460426816350523, 'ign_k': 0.12329098365270515, 'ign_c': 11.400863701127316, 'trop_agb_crit': 24.80219492452611, 'trop_k_veg': 0.6673124511410327}.
[I 2026-08-06 11:31:26,617] Trial 485 finished with values: [10.018097711097973, 10.018097711097973] and parameters: {'k1': 0.008912611835817005, 'D_low': 171.2446447678494, 'k2': 0.003419108473554454, 'D_high': 11069.082134755383, 'fire_exp': 1.3170256885255098, 'P_half': 4.213183643253957, 'pre_dampen_half': 63.6685916079943, 'gpp_af': 0.6403036652671171, 'gpp_b': 2.176805640408474e-05, 'gpp_d': 5.1715677287580455, 'ign_k': 0.12329098365270515, 'ign_c': 15.221840161091626, 'trop_agb_crit': 7.500118950416987, 'trop_k_veg': 0.6673124511410327}.
[I 2026-08-06 11:31:28,846] Trial 486 finished with values: [-0.5624615029073895, 0.19710358330103483] and parameters: {'k1': 0.011966626407443505, 'D_low': 7.46475488144212, 'k2': 1.1065812688893481e-05, 'D_high': 3712.591045287726, 'fire_exp': 1.3170256885255098, 'P_half': 5.076307782729897, 'pre_dampen_half': 63.6685916079943, 'gpp_af': 0.6403036652671171, 'gpp_b': 1.284284091405877e-05, 'gpp_d': 1.6983565276584263, 'ign_k': 0.21006485619596416, 'ign_c': 8.40543912931368, 'trop_agb_crit': 7.500118950416987, 'trop_k_veg': 3.1473758868965476}.
[I 2026-08-06 11:31:31,114] Trial 487 finished with values: [10.976377195901415, 10.976377195901415] and parameters: {'k1': 0.01889771394135163, 'D_low': 78.86001704920405, 'k2': 0.0007047307383115598, 'D_high': 3712.591045287726, 'fire_exp': 1.0629462657398439, 'P_half': 4.213183643253957, 'pre_dampen_half': 552.4163637315892, 'gpp_af': 0.7951170003631387, 'gpp_b': 6.255968081638362e-05, 'gpp_d': 16.460426816350523, 'ign_k': 0.0043958167971197126, 'ign_c': 0.10605801312906209, 'trop_agb_crit': 6.891704535458281, 'trop_k_veg': 3.3819606566552936}.
[I 2026-08-06 11:31:33,368] Trial 488 finished with values: [-0.5485258079600952, 0.17230617459693642] and parameters: {'k1': 0.01889771394135163, 'D_low': 78.86001704920405, 'k2': 0.03538758864779238, 'D_high': 3712.591045287726, 'fire_exp': 1.2918065501148304, 'P_half': 4.213183643253957, 'pre_dampen_half': 552.4163637315892, 'gpp_af': 14.476743839391009, 'gpp_b': 1.284284091405877e-05, 'gpp_d': 16.460426816350523, 'ign_k': 0.0043958167971197126, 'ign_c': 5.13055176058983, 'trop_agb_crit': 24.584290528289387, 'trop_k_veg': 0.6673124511410327}.
[I 2026-08-06 11:31:35,713] Trial 489 finished with values: [-0.5782783804239309, 0.05413166002997272] and parameters: {'k1': 0.008912611835817005, 'D_low': 40.12413353131991, 'k2': 0.03538758864779238, 'D_high': 1236.6924205139144, 'fire_exp': 1.1263716762638152, 'P_half': 1593.4806585556198, 'pre_dampen_half': 63.6685916079943, 'gpp_af': 0.6403036652671171, 'gpp_b': 0.0054502936945582505, 'gpp_d': 229.41380323183625, 'ign_k': 8.926311370835233, 'ign_c': 0.6318310680434649, 'trop_agb_crit': 24.80219492452611, 'trop_k_veg': 1.0594599158279707}.
[I 2026-08-06 11:31:38,006] Trial 490 finished with values: [-0.5345193144680361, 0.10469406304798223] and parameters: {'k1': 0.01889771394135163, 'D_low': 7.299348683062307, 'k2': 1.1065812688893481e-05, 'D_high': 3712.591045287726, 'fire_exp': 1.4705594362141987, 'P_half': 9.324787201197319, 'pre_dampen_half': 502.5175192217655, 'gpp_af': 1.1300566419249864, 'gpp_b': 0.0005392415140872105, 'gpp_d': 16.460426816350523, 'ign_k': 0.0680787482656459, 'ign_c': 15.221840161091626, 'trop_agb_crit': 7.500118950416987, 'trop_k_veg': 0.6673124511410327}.
[I 2026-08-06 11:31:40,189] Trial 491 finished with values: [10.931675893282833, 10.931675893282833] and parameters: {'k1': 0.01889771394135163, 'D_low': 40.12413353131991, 'k2': 0.03538758864779238, 'D_high': 1236.6924205139144, 'fire_exp': 1.2722364682603622, 'P_half': 1.605843632310088, 'pre_dampen_half': 502.5175192217655, 'gpp_af': 0.7539992074650279, 'gpp_b': 0.0005392415140872105, 'gpp_d': 15.210771689632104, 'ign_k': 0.0680787482656459, 'ign_c': 15.221840161091626, 'trop_agb_crit': 6.119263728555865, 'trop_k_veg': 1.0594599158279707}.
[I 2026-08-06 11:31:42,845] Trial 492 finished with values: [-0.5533201674634516, 0.1071991518907015] and parameters: {'k1': 0.011966626407443505, 'D_low': 171.2446447678494, 'k2': 1.1065812688893481e-05, 'D_high': 11069.082134755383, 'fire_exp': 1.3170256885255098, 'P_half': 4.213183643253957, 'pre_dampen_half': 63.6685916079943, 'gpp_af': 0.6403036652671171, 'gpp_b': 0.0005739662837359252, 'gpp_d': 16.460426816350523, 'ign_k': 0.6697348618512097, 'ign_c': 15.221840161091626, 'trop_agb_crit': 6.119263728555865, 'trop_k_veg': 0.6673124511410327}.
[I 2026-08-06 11:31:45,995] Trial 493 finished with values: [10.769142290277264, 10.769142290277264] and parameters: {'k1': 5.2759586181451185e-05, 'D_low': 7.46475488144212, 'k2': 0.032845299795769424, 'D_high': 774.2116473996249, 'fire_exp': 1.3170256885255098, 'P_half': 4.213183643253957, 'pre_dampen_half': 331.7366635899375, 'gpp_af': 0.0014385690886336343, 'gpp_b': 4.1426045463636205, 'gpp_d': 82.84476373292449, 'ign_k': 0.038563028138793747, 'ign_c': 5.13055176058983, 'trop_agb_crit': 18.785197416433792, 'trop_k_veg': 0.6673124511410327}.
[I 2026-08-06 11:31:48,376] Trial 494 finished with values: [10.024048520440582, 10.024048520440582] and parameters: {'k1': 0.004312951023617458, 'D_low': 355.00125258511594, 'k2': 1.1065812688893481e-05, 'D_high': 3712.591045287726, 'fire_exp': 1.3170256885255098, 'P_half': 9.324787201197319, 'pre_dampen_half': 63.6685916079943, 'gpp_af': 0.6403036652671171, 'gpp_b': 1.284284091405877e-05, 'gpp_d': 8.057329182285729, 'ign_k': 5.351470428717437, 'ign_c': 5.13055176058983, 'trop_agb_crit': 10.691477813613638, 'trop_k_veg': 0.5772603928610088}.
[I 2026-08-06 11:31:50,516] Trial 495 finished with values: [10.723040323159802, 10.723040323159802] and parameters: {'k1': 0.008912611835817005, 'D_low': 7.299348683062307, 'k2': 0.003419108473554454, 'D_high': 774.2116473996249, 'fire_exp': 1.1263716762638152, 'P_half': 4.213183643253957, 'pre_dampen_half': 63.6685916079943, 'gpp_af': 0.6403036652671171, 'gpp_b': 1.284284091405877e-05, 'gpp_d': 5.1715677287580455, 'ign_k': 5.351470428717437, 'ign_c': 5.13055176058983, 'trop_agb_crit': 10.691477813613638, 'trop_k_veg': 0.5772603928610088}.
[I 2026-08-06 11:31:52,641] Trial 496 finished with values: [-0.5229083488869744, 0.1260701414366162] and parameters: {'k1': 0.008912611835817005, 'D_low': 12.105387404469584, 'k2': 1.1065812688893481e-05, 'D_high': 16.139316358793206, 'fire_exp': 1.3170256885255098, 'P_half': 4.213183643253957, 'pre_dampen_half': 502.5175192217655, 'gpp_af': 1.1300566419249864, 'gpp_b': 0.0005739662837359252, 'gpp_d': 1.493264336549928, 'ign_k': 0.0680787482656459, 'ign_c': 11.400863701127316, 'trop_agb_crit': 7.500118950416987, 'trop_k_veg': 0.6673124511410327}.
[I 2026-08-06 11:31:54,564] Trial 497 finished with values: [10.030454938693474, 10.030454938693474] and parameters: {'k1': 0.0014628013120517715, 'D_low': 1.54121727098019, 'k2': 0.03538758864779238, 'D_high': 3712.591045287726, 'fire_exp': 1.0629462657398439, 'P_half': 4.213183643253957, 'pre_dampen_half': 331.7366635899375, 'gpp_af': 3.509963475591817, 'gpp_b': 0.14577755664212386, 'gpp_d': 5.1715677287580455, 'ign_k': 0.0680787482656459, 'ign_c': 30.785541778315018, 'trop_agb_crit': 24.584290528289387, 'trop_k_veg': 0.6743482387129308}.
[I 2026-08-06 11:31:56,451] Trial 498 finished with values: [10.034925864196046, 10.034925864196046] and parameters: {'k1': 0.00031134168041628584, 'D_low': 355.00125258511594, 'k2': 1.915468390724633e-05, 'D_high': 30470.283500219237, 'fire_exp': 1.0629462657398439, 'P_half': 4.213183643253957, 'pre_dampen_half': 63.6685916079943, 'gpp_af': 0.7539992074650279, 'gpp_b': 0.0021331409710300844, 'gpp_d': 5.1715677287580455, 'ign_k': 0.0680787482656459, 'ign_c': 2.414259639010457, 'trop_agb_crit': 11.344699198303248, 'trop_k_veg': 4.61686111043599}.
[I 2026-08-06 11:31:58,350] Trial 499 finished with values: [10.629545864595162, 10.629545864595162] and parameters: {'k1': 0.000227929621949939, 'D_low': 355.00125258511594, 'k2': 0.0007047307383115598, 'D_high': 3712.591045287726, 'fire_exp': 1.0629462657398439, 'P_half': 4.213183643253957, 'pre_dampen_half': 63.6685916079943, 'gpp_af': 11.861116422456565, 'gpp_b': 1.284284091405877e-05, 'gpp_d': 0.025152098893118636, 'ign_k': 0.0680787482656459, 'ign_c': 0.70689749506246, 'trop_agb_crit': 24.584290528289387, 'trop_k_veg': 0.6673124511410327}.
[I 2026-08-06 11:32:00,156] Trial 500 finished with values: [-0.5623456746509746, 0.18306205705092393] and parameters: {'k1': 0.008912611835817005, 'D_low': 4.484744524732794, 'k2': 1.1065812688893481e-05, 'D_high': 37954.79274251299, 'fire_exp': 1.3170256885255098, 'P_half': 4.213183643253957, 'pre_dampen_half': 63.6685916079943, 'gpp_af': 0.6403036652671171, 'gpp_b': 2.176805640408474e-05, 'gpp_d': 1.493264336549928, 'ign_k': 0.1550134937334847, 'ign_c': 15.221840161091626, 'trop_agb_crit': 25.382873076016292, 'trop_k_veg': 1.4584243470991722}.
[I 2026-08-06 11:32:02,084] Trial 501 finished with values: [10.179037811095048, 10.179037811095048] and parameters: {'k1': 0.011966626407443505, 'D_low': 355.00125258511594, 'k2': 0.03538758864779238, 'D_high': 5670.3463356272905, 'fire_exp': 1.0629462657398439, 'P_half': 140.74279366401683, 'pre_dampen_half': 63.6685916079943, 'gpp_af': 14.476743839391009, 'gpp_b': 0.0021331409710300844, 'gpp_d': 2.944272359149677, 'ign_k': 0.0680787482656459, 'ign_c': 0.70689749506246, 'trop_agb_crit': 24.584290528289387, 'trop_k_veg': 0.6673124511410327}.
[I 2026-08-06 11:32:04,197] Trial 502 finished with values: [11.938338550957056, 11.938338550957056] and parameters: {'k1': 0.008912611835817005, 'D_low': 12.105387404469584, 'k2': 0.018586220273069057, 'D_high': 3712.591045287726, 'fire_exp': 1.3170256885255098, 'P_half': 140.74279366401683, 'pre_dampen_half': 502.5175192217655, 'gpp_af': 0.7951170003631387, 'gpp_b': 0.0005739662837359252, 'gpp_d': 16.460426816350523, 'ign_k': 0.12329098365270515, 'ign_c': 8.40543912931368, 'trop_agb_crit': 24.584290528289387, 'trop_k_veg': 0.6673124511410327}.
[I 2026-08-06 11:32:06,181] Trial 503 finished with values: [10.69161337610735, 10.69161337610735] and parameters: {'k1': 0.008912611835817005, 'D_low': 1.54121727098019, 'k2': 0.03538758864779238, 'D_high': 11069.082134755383, 'fire_exp': 1.3170256885255098, 'P_half': 323.6099399575106, 'pre_dampen_half': 502.5175192217655, 'gpp_af': 14.476743839391009, 'gpp_b': 1.284284091405877e-05, 'gpp_d': 16.460426816350523, 'ign_k': 0.11619873314872933, 'ign_c': 0.70689749506246, 'trop_agb_crit': 24.584290528289387, 'trop_k_veg': 1.7523283580965605}.
[I 2026-08-06 11:32:07,943] Trial 504 finished with values: [-0.5507377275989501, 0.1945176503272079] and parameters: {'k1': 0.06994589881535453, 'D_low': 1.54121727098019, 'k2': 1.1065812688893481e-05, 'D_high': 11069.082134755383, 'fire_exp': 1.3170256885255098, 'P_half': 4.213183643253957, 'pre_dampen_half': 63.6685916079943, 'gpp_af': 0.6403036652671171, 'gpp_b': 2.176805640408474e-05, 'gpp_d': 2.944272359149677, 'ign_k': 0.0680787482656459, 'ign_c': 5.13055176058983, 'trop_agb_crit': 24.584290528289387, 'trop_k_veg': 0.6743482387129308}.
[I 2026-08-06 11:32:09,779] Trial 505 finished with values: [-0.5200645785071132, 0.1154172227289052] and parameters: {'k1': 0.01889771394135163, 'D_low': 7.299348683062307, 'k2': 1.1065812688893481e-05, 'D_high': 3712.591045287726, 'fire_exp': 1.4665043946307825, 'P_half': 9.324787201197319, 'pre_dampen_half': 502.5175192217655, 'gpp_af': 1.6515376395739698, 'gpp_b': 0.0005392415140872105, 'gpp_d': 16.460426816350523, 'ign_k': 0.010167079878196114, 'ign_c': 7.4063809263110905, 'trop_agb_crit': 7.500118950416987, 'trop_k_veg': 1.8914629029068306}.
[I 2026-08-06 11:32:11,612] Trial 506 finished with values: [10.33667825734115, 10.33667825734115] and parameters: {'k1': 0.05705198955850472, 'D_low': 7.46475488144212, 'k2': 0.03538758864779238, 'D_high': 3712.591045287726, 'fire_exp': 1.3170256885255098, 'P_half': 4.213183643253957, 'pre_dampen_half': 4.285616492506616, 'gpp_af': 0.6403036652671171, 'gpp_b': 0.14577755664212386, 'gpp_d': 8.057329182285729, 'ign_k': 5.351470428717437, 'ign_c': 7.4063809263110905, 'trop_agb_crit': 1.0455434848969813, 'trop_k_veg': 3.1473758868965476}.
[I 2026-08-06 11:32:14,974] Trial 507 finished with values: [10.354264986448246, 10.354264986448246] and parameters: {'k1': 0.06598741607403362, 'D_low': 159.7458124425669, 'k2': 1.915468390724633e-05, 'D_high': 22.281634177046417, 'fire_exp': 1.0629462657398439, 'P_half': 4.213183643253957, 'pre_dampen_half': 502.5175192217655, 'gpp_af': 0.6403036652671171, 'gpp_b': 2.176805640408474e-05, 'gpp_d': 16.460426816350523, 'ign_k': 8.708806168038567, 'ign_c': 8.40543912931368, 'trop_agb_crit': 7.500118950416987, 'trop_k_veg': 3.8009448355772393}.
[I 2026-08-06 11:32:16,751] Trial 508 finished with values: [10.065893610126421, 10.065893610126421] and parameters: {'k1': 0.06994589881535453, 'D_low': 38.82837025280678, 'k2': 0.03538758864779238, 'D_high': 3712.591045287726, 'fire_exp': 1.3170256885255098, 'P_half': 9.324787201197319, 'pre_dampen_half': 38.00678588560607, 'gpp_af': 0.6403036652671171, 'gpp_b': 0.42247700890263645, 'gpp_d': 5.1715677287580455, 'ign_k': 0.0680787482656459, 'ign_c': 0.21208987108343724, 'trop_agb_crit': 24.584290528289387, 'trop_k_veg': 0.6673124511410327}.
