[I 2026-07-24 02:11:32,653] Trial 736 finished with value: 0.5773782593893445 and parameters: {'k1': 4.065745450666049e-05, 'D_low': 16.94075564993117, 'k2': 6.544266768783577e-05, 'D_high': 6896029.654876111, 'fire_exp': 2.2070885673695693, 'P_half': 2.8424495894990978, 'pre_dampen_half': 6.973897300950361, 'gpp_af': 0.0012646986588228588, 'gpp_b': 0.0004309397516264477, 'gpp_d': 7.628709412997845, 'ign_k': 0.0036690727830672866, 'ign_c': 132.1837946503735, 'trop_agb_crit': 3.825584010129441, 'trop_k_veg': 3.2115910180136993, 'gdp_gamma': 0.20812718374178535, 'fuel_k': 1.0457999865401237, 'fuel_half': 2.8812693852787525}. Best is trial 335 with value: -0.6233152110406992.
[I 2026-07-24 02:11:33,108] Trial 737 finished with value: 0.5324264816058518 and parameters: {'k1': 0.005626838063334591, 'D_low': 256.50608656137786, 'k2': 0.016397718982359567, 'D_high': 140095.9325493122, 'fire_exp': 1.9313008184964102, 'P_half': 43.448457475879245, 'pre_dampen_half': 0.5405026885557168, 'gpp_af': 2.2115735401307353, 'gpp_b': 0.00014759567225432346, 'gpp_d': 576.3226547312343, 'ign_k': 0.3559534242365485, 'ign_c': 0.32200605224665524, 'trop_agb_crit': 6.093420127306257, 'trop_k_veg': 1.6584445042990468, 'gdp_gamma': 1.4127025177550323, 'fuel_k': 0.25459457892406157, 'fuel_half': 1.891686603937843}. Best is trial 335 with value: -0.6233152110406992.
[I 2026-07-24 02:11:33,562] Trial 738 finished with value: 0.5490781241036766 and parameters: {'k1': 9.516134653348923e-05, 'D_low': 4.272775302629075, 'k2': 0.00031692285896107726, 'D_high': 6105994.956509759, 'fire_exp': 1.4202996200969475, 'P_half': 1.5426847509868216, 'pre_dampen_half': 458.75191199277054, 'gpp_af': 0.002534972357122765, 'gpp_b': 1.9708858406751095e-05, 'gpp_d': 228.1631339975652, 'ign_k': 0.0018651055987688313, 'ign_c': 236.29084887076374, 'trop_agb_crit': 2.522717100915321, 'trop_k_veg': 1.6779530381588807, 'gdp_gamma': 0.7297220829626094, 'fuel_k': 2.2901717536952195, 'fuel_half': 1.9684753463412714}. Best is trial 335 with value: -0.6233152110406992.
[I 2026-07-24 02:11:34,017] Trial 739 finished with value: 0.5851768704069494 and parameters: {'k1': 0.00016088011754027175, 'D_low': 5.429608747670138, 'k2': 0.0005785280184769003, 'D_high': 1967013.6796156464, 'fire_exp': 2.2863166204673453, 'P_half': 145.7442260769599, 'pre_dampen_half': 10.012938038489452, 'gpp_af': 0.006112468173029424, 'gpp_b': 8.769622124012837e-05, 'gpp_d': 109.8418560003188, 'ign_k': 0.009330475376838345, 'ign_c': 426.72285505630305, 'trop_agb_crit': 7.511705323630984, 'trop_k_veg': 1.3523835586674815, 'gdp_gamma': 1.1051496476212281, 'fuel_k': 0.08341712414385456, 'fuel_half': 1.1860098829973458}. Best is trial 335 with value: -0.6233152110406992.
[I 2026-07-24 02:11:34,470] Trial 740 finished with value: 0.5355729373132546 and parameters: {'k1': 2.620918301489297e-05, 'D_low': 1.3983594300558397, 'k2': 0.00014913285685985944, 'D_high': 1358984.3545141893, 'fire_exp': 1.6859460144244396, 'P_half': 105.91791652163872, 'pre_dampen_half': 4.296603863368599, 'gpp_af': 0.017476371857267664, 'gpp_b': 6.956637656070253e-05, 'gpp_d': 0.5612995101211984, 'ign_k': 0.0026632139584111584, 'ign_c': 448.8401929696191, 'trop_agb_crit': 1.0416230594032965, 'trop_k_veg': 2.5356947204718576, 'gdp_gamma': 0.880076191524914, 'fuel_k': 0.014832865189488755, 'fuel_half': 0.3928650749600436}. Best is trial 335 with value: -0.6233152110406992.
[I 2026-07-24 02:11:34,921] Trial 741 finished with value: 0.5822115357306157 and parameters: {'k1': 6.98674359553111e-05, 'D_low': 3.2404402948824655, 'k2': 8.530237201844677e-05, 'D_high': 3908225.663560909, 'fire_exp': 1.3962748284932287, 'P_half': 8.900590877066266, 'pre_dampen_half': 0.32767284778059363, 'gpp_af': 0.0013773839404406566, 'gpp_b': 0.0025178470489997194, 'gpp_d': 2.160220352656757, 'ign_k': 0.002855979723025065, 'ign_c': 555.2916705541933, 'trop_agb_crit': 5.776503839004122, 'trop_k_veg': 0.5122852253067097, 'gdp_gamma': 1.156481383606831, 'fuel_k': 0.01412388432098493, 'fuel_half': 13.25391134610494}. Best is trial 335 with value: -0.6233152110406992.
[I 2026-07-24 02:11:35,374] Trial 742 finished with value: 0.4570321235759237 and parameters: {'k1': 0.0024564842065087997, 'D_low': 70.5640712898021, 'k2': 0.014741824928220073, 'D_high': 151953.12866206013, 'fire_exp': 1.676521097071465, 'P_half': 9.803237029726157, 'pre_dampen_half': 0.22379174037639118, 'gpp_af': 0.001417051901658739, 'gpp_b': 0.00015503665013797508, 'gpp_d': 3.0638134424561008, 'ign_k': 0.006838776495179582, 'ign_c': 1.23539834550481, 'trop_agb_crit': 11.712949778301008, 'trop_k_veg': 0.7178614375315083, 'gdp_gamma': 1.0180062003383985, 'fuel_k': 0.2771486099741272, 'fuel_half': 78.88147301865168}. Best is trial 335 with value: -0.6233152110406992.
[I 2026-07-24 02:11:35,826] Trial 743 finished with value: 0.5385926394975588 and parameters: {'k1': 0.01913412012385762, 'D_low': 26.877176619464517, 'k2': 0.0338986178424982, 'D_high': 220295.5449273386, 'fire_exp': 1.2058005140388768, 'P_half': 92.30578397920371, 'pre_dampen_half': 5.340188649439224, 'gpp_af': 6.416141624969838, 'gpp_b': 0.0006454245688675768, 'gpp_d': 413.12283131893173, 'ign_k': 0.002350497435352837, 'ign_c': 1.030235469649514, 'trop_agb_crit': 7.283673664762986, 'trop_k_veg': 5.966497021106011, 'gdp_gamma': 1.1228477041550962, 'fuel_k': 0.3395923970593387, 'fuel_half': 1.1153660825480973}. Best is trial 335 with value: -0.6233152110406992.
[I 2026-07-24 02:11:36,284] Trial 744 finished with value: 0.5017649001343916 and parameters: {'k1': 0.02055464012415961, 'D_low': 35237.55978995209, 'k2': 0.007382254880740655, 'D_high': 1226520.3247904673, 'fire_exp': 1.7974138289847026, 'P_half': 257.22615298640693, 'pre_dampen_half': 0.7237334795079564, 'gpp_af': 0.07389958031283438, 'gpp_b': 3.7281455354582705e-05, 'gpp_d': 45.05743429344782, 'ign_k': 0.01571994977139096, 'ign_c': 3.032365896754148, 'trop_agb_crit': 11.672218984524267, 'trop_k_veg': 2.623053624140243, 'gdp_gamma': 1.9830007689645988, 'fuel_k': 0.1089534574521039, 'fuel_half': 16.096148623312704}. Best is trial 335 with value: -0.6233152110406992.
[I 2026-07-24 02:11:36,739] Trial 745 finished with value: -0.5420322851121206 and parameters: {'k1': 0.0004187003334602456, 'D_low': 102.66902416862924, 'k2': 0.0036834881153524515, 'D_high': 12140.808922506538, 'fire_exp': 2.152619903515799, 'P_half': 195.30228326546498, 'pre_dampen_half': 465.1871374757046, 'gpp_af': 2.2009231978879162, 'gpp_b': 0.09965983072941076, 'gpp_d': 47.50222269821868, 'ign_k': 0.010613420338084545, 'ign_c': 0.15925610129385356, 'trop_agb_crit': 12.096484562215677, 'trop_k_veg': 2.5648768631078926, 'gdp_gamma': 1.6191148041603118, 'fuel_k': 0.15046056237634442, 'fuel_half': 77.92019320678763}. Best is trial 335 with value: -0.6233152110406992.
[I 2026-07-24 02:11:37,192] Trial 746 finished with value: 0.5859400352887663 and parameters: {'k1': 1.1824914993016298e-05, 'D_low': 3.3761693758670908, 'k2': 0.002375482481198354, 'D_high': 252623.14322324438, 'fire_exp': 1.4222091559119445, 'P_half': 2.6447776368144567, 'pre_dampen_half': 0.26119967009076167, 'gpp_af': 0.4949495310130288, 'gpp_b': 2.3617888687158748e-05, 'gpp_d': 0.02690074078507097, 'ign_k': 0.0031535962635711665, 'ign_c': 15.381967513079672, 'trop_agb_crit': 10.945954002210254, 'trop_k_veg': 1.2298208479443071, 'gdp_gamma': 0.39811029789431784, 'fuel_k': 0.15544684241084927, 'fuel_half': 41.396944760666415}. Best is trial 335 with value: -0.6233152110406992.
[I 2026-07-24 02:11:37,640] Trial 747 finished with value: 0.5842512324363707 and parameters: {'k1': 0.0018246841353695472, 'D_low': 15390.646217136124, 'k2': 0.029508239902724387, 'D_high': 198328.16311797843, 'fire_exp': 1.4922957319348427, 'P_half': 676.427855726194, 'pre_dampen_half': 0.5512155515088846, 'gpp_af': 46.44763345376665, 'gpp_b': 0.0002797330992995488, 'gpp_d': 811.505192625068, 'ign_k': 0.013374358729170675, 'ign_c': 1.2141749000906223, 'trop_agb_crit': 10.927081876538676, 'trop_k_veg': 2.9928391826657097, 'gdp_gamma': 0.06681253561090678, 'fuel_k': 0.02444307102004342, 'fuel_half': 11.140512143309413}. Best is trial 335 with value: -0.6233152110406992.
[I 2026-07-24 02:11:38,088] Trial 748 finished with value: 0.4198040581442778 and parameters: {'k1': 0.000214753296962992, 'D_low': 270.612658772615, 'k2': 0.011367225401872886, 'D_high': 395209.7304519525, 'fire_exp': 2.7043501352467896, 'P_half': 64.03728758038974, 'pre_dampen_half': 5.078351924839253, 'gpp_af': 0.1047519464051711, 'gpp_b': 0.002763679394745056, 'gpp_d': 1.211073103046011, 'ign_k': 0.1589133619637696, 'ign_c': 10.160379604704598, 'trop_agb_crit': 28.34026425071735, 'trop_k_veg': 1.104617181693483, 'gdp_gamma': 1.7832853043600663, 'fuel_k': 0.3644140986499972, 'fuel_half': 64.8735009341674}. Best is trial 335 with value: -0.6233152110406992.
[I 2026-07-24 02:11:38,546] Trial 749 finished with value: 0.43966053949274875 and parameters: {'k1': 2.9880061406544006e-05, 'D_low': 14.333387818577883, 'k2': 0.00048798394737561106, 'D_high': 2014150.8887852146, 'fire_exp': 1.2590720364136236, 'P_half': 10.6542099645806, 'pre_dampen_half': 55.39969141065891, 'gpp_af': 0.0013285735390273761, 'gpp_b': 1.2471209276969228e-05, 'gpp_d': 1.4957096753645867, 'ign_k': 0.002792376393134335, 'ign_c': 17.85023216291279, 'trop_agb_crit': 2.5242779581514476, 'trop_k_veg': 4.8121873239867385, 'gdp_gamma': 0.4380869060841585, 'fuel_k': 0.9228658343143635, 'fuel_half': 2.2338978334060076}. Best is trial 335 with value: -0.6233152110406992.
[I 2026-07-24 02:11:39,006] Trial 750 finished with value: 0.5728101917403072 and parameters: {'k1': 0.020835587896935646, 'D_low': 615.5473237135053, 'k2': 0.09448685049332488, 'D_high': 1591756.293939242, 'fire_exp': 2.8731555196778817, 'P_half': 87.5616101355111, 'pre_dampen_half': 0.18616345331251552, 'gpp_af': 17.306082386905587, 'gpp_b': 2.9073806176410497e-05, 'gpp_d': 82.79195915747148, 'ign_k': 0.015211081613359932, 'ign_c': 3.792885846516207, 'trop_agb_crit': 7.028536625810509, 'trop_k_veg': 1.8357650584365608, 'gdp_gamma': 0.16634870731892226, 'fuel_k': 0.14095042532484145, 'fuel_half': 4.680064430614503}. Best is trial 335 with value: -0.6233152110406992.
[I 2026-07-24 02:11:39,452] Trial 751 finished with value: 0.5064662101871288 and parameters: {'k1': 4.7629682916362194e-05, 'D_low': 1.8693951991101143, 'k2': 0.0005503610937622872, 'D_high': 43266.884799805914, 'fire_exp': 1.6207691218630127, 'P_half': 3.766721548042679, 'pre_dampen_half': 20.98469568986226, 'gpp_af': 0.0013957039419957885, 'gpp_b': 7.37452589831887e-05, 'gpp_d': 21.78560056870409, 'ign_k': 0.008589321653025679, 'ign_c': 38.49065852643708, 'trop_agb_crit': 7.576261159644974, 'trop_k_veg': 1.7251813512344367, 'gdp_gamma': 0.28403934327910374, 'fuel_k': 1.1036560107247555, 'fuel_half': 3.105543797001791}. Best is trial 335 with value: -0.6233152110406992.
[I 2026-07-24 02:11:39,910] Trial 752 finished with value: 0.580627826354976 and parameters: {'k1': 0.0006608369731971427, 'D_low': 10.506008031060757, 'k2': 5.6740444625775e-05, 'D_high': 301573.186256244, 'fire_exp': 2.181836694176346, 'P_half': 2.789423060443943, 'pre_dampen_half': 1.1357432675829746, 'gpp_af': 0.004069331157766727, 'gpp_b': 0.00014785379897208872, 'gpp_d': 0.4201241693778174, 'ign_k': 0.05059398977080661, 'ign_c': 126.70554752002138, 'trop_agb_crit': 4.797478882456918, 'trop_k_veg': 1.4692477841494134, 'gdp_gamma': 0.3431887807594312, 'fuel_k': 0.09189414152532076, 'fuel_half': 51.73495202818919}. Best is trial 335 with value: -0.6233152110406992.
[I 2026-07-24 02:11:40,362] Trial 753 finished with value: 0.5321997466903022 and parameters: {'k1': 0.00040722526665040157, 'D_low': 29476.276857279347, 'k2': 0.0011432890177629385, 'D_high': 892091.1037415861, 'fire_exp': 1.263192556617121, 'P_half': 47.11201310774801, 'pre_dampen_half': 29.75519285452517, 'gpp_af': 0.19017740664116287, 'gpp_b': 0.00017255075238056496, 'gpp_d': 0.6191299347284456, 'ign_k': 0.001177572665366142, 'ign_c': 17.811891053344876, 'trop_agb_crit': 18.71616562818286, 'trop_k_veg': 1.6173642680643339, 'gdp_gamma': 1.0693092752452935, 'fuel_k': 0.020670507187849123, 'fuel_half': 17.707690062837084}. Best is trial 335 with value: -0.6233152110406992.
[I 2026-07-24 02:11:40,811] Trial 754 finished with value: 0.4400817639001884 and parameters: {'k1': 2.2668975537750784e-05, 'D_low': 25.2727953618512, 'k2': 7.757218896216339e-05, 'D_high': 2371607.486756679, 'fire_exp': 2.3736513050943087, 'P_half': 20.364842319624913, 'pre_dampen_half': 244.91277078503958, 'gpp_af': 0.0034283769651195805, 'gpp_b': 4.7395415238211724e-05, 'gpp_d': 1.5094641289386166, 'ign_k': 0.002024834549036973, 'ign_c': 77.62052679380939, 'trop_agb_crit': 8.691631248320563, 'trop_k_veg': 1.6192045932838521, 'gdp_gamma': 0.7522754150811994, 'fuel_k': 0.3712031544218976, 'fuel_half': 8.410909769350882}. Best is trial 335 with value: -0.6233152110406992.
[I 2026-07-24 02:11:41,266] Trial 755 finished with value: 0.46177495655353873 and parameters: {'k1': 0.00032903042909983684, 'D_low': 4.136274604204226, 'k2': 0.02886141980191822, 'D_high': 431734.15424342384, 'fire_exp': 2.904317711897691, 'P_half': 41.571708224129566, 'pre_dampen_half': 18.27017707997363, 'gpp_af': 0.0015276183175369764, 'gpp_b': 3.944841685382413e-05, 'gpp_d': 4.683252924523065, 'ign_k': 0.07476719530818855, 'ign_c': 0.5265010916849955, 'trop_agb_crit': 1.7551402714329716, 'trop_k_veg': 1.8241743177436516, 'gdp_gamma': 0.7393132429010855, 'fuel_k': 0.025880877499434133, 'fuel_half': 5.361996076398735}. Best is trial 335 with value: -0.6233152110406992.
[I 2026-07-24 02:11:41,719] Trial 756 finished with value: 0.4561964658212887 and parameters: {'k1': 8.237353808413861e-05, 'D_low': 6.202118476623396, 'k2': 0.015874223144353557, 'D_high': 390853.64164327673, 'fire_exp': 2.5404101816479683, 'P_half': 90.94879087624739, 'pre_dampen_half': 448.5457431396394, 'gpp_af': 0.0010741544380101693, 'gpp_b': 3.8619773056152835e-05, 'gpp_d': 0.11785022358056865, 'ign_k': 0.006359878589471219, 'ign_c': 47.3447081781381, 'trop_agb_crit': 1.5119133980989905, 'trop_k_veg': 1.585945485727845, 'gdp_gamma': 1.6521365335112197, 'fuel_k': 0.01564121351730262, 'fuel_half': 27.589580376866774}. Best is trial 335 with value: -0.6233152110406992.
[I 2026-07-24 02:11:42,169] Trial 757 finished with value: 0.4757906930982754 and parameters: {'k1': 1.0023605730701897e-05, 'D_low': 125.5312623468283, 'k2': 0.0003295200248312952, 'D_high': 5689796.807389033, 'fire_exp': 1.1062655707260423, 'P_half': 6.128837429166947, 'pre_dampen_half': 3.4486085121639407, 'gpp_af': 0.0017565791916747053, 'gpp_b': 3.994699710894535e-05, 'gpp_d': 48.12919503420395, 'ign_k': 0.003603305980271246, 'ign_c': 503.0432734411543, 'trop_agb_crit': 4.442917080646957, 'trop_k_veg': 3.496832043587776, 'gdp_gamma': 1.0883760331049641, 'fuel_k': 0.28672819849951725, 'fuel_half': 82.66220021346206}. Best is trial 335 with value: -0.6233152110406992.
[I 2026-07-24 02:11:42,621] Trial 758 finished with value: 0.6180609531481042 and parameters: {'k1': 3.9444599475508646e-05, 'D_low': 7.784480444201682, 'k2': 0.0027442439865004564, 'D_high': 77780.29650623095, 'fire_exp': 1.009286821542562, 'P_half': 632.2728563969841, 'pre_dampen_half': 17.0344780917237, 'gpp_af': 2.8862765976900207, 'gpp_b': 0.002144981812061175, 'gpp_d': 0.12283983183423126, 'ign_k': 0.0028635819366514825, 'ign_c': 858.9131326151228, 'trop_agb_crit': 1.6169906177744464, 'trop_k_veg': 4.083537480053325, 'gdp_gamma': 0.5782222567661636, 'fuel_k': 0.011297377231057495, 'fuel_half': 2.9306783113339963}. Best is trial 335 with value: -0.6233152110406992.
[I 2026-07-24 02:11:43,072] Trial 759 finished with value: 0.5816989121629154 and parameters: {'k1': 4.603586036102296e-05, 'D_low': 1.2495522296176589, 'k2': 0.001606043903734942, 'D_high': 5464693.900333024, 'fire_exp': 4.2037180572324315, 'P_half': 4.516539572875643, 'pre_dampen_half': 6.347574516177733, 'gpp_af': 0.002398574981869914, 'gpp_b': 5.619104184006992e-05, 'gpp_d': 106.88546576626848, 'ign_k': 0.0046786106788070485, 'ign_c': 32.76641315016427, 'trop_agb_crit': 2.318738677411307, 'trop_k_veg': 2.824816846159732, 'gdp_gamma': 0.025259816077541148, 'fuel_k': 0.3838046500029946, 'fuel_half': 28.94546811515172}. Best is trial 335 with value: -0.6233152110406992.
[I 2026-07-24 02:11:43,522] Trial 760 finished with value: 0.5331145289662389 and parameters: {'k1': 0.00016330848589643545, 'D_low': 59.556652311954025, 'k2': 0.0404435920509458, 'D_high': 150398.55625691995, 'fire_exp': 2.542312653368632, 'P_half': 255.70193866700356, 'pre_dampen_half': 12.040605332245084, 'gpp_af': 0.0072667029970819655, 'gpp_b': 0.0006096132701549204, 'gpp_d': 0.41181073742682617, 'ign_k': 0.0019877609932921554, 'ign_c': 12.353482297130386, 'trop_agb_crit': 2.268411795389255, 'trop_k_veg': 1.8706626166486835, 'gdp_gamma': 1.031715804553714, 'fuel_k': 0.012991336229128297, 'fuel_half': 74.59606313061688}. Best is trial 335 with value: -0.6233152110406992.
[I 2026-07-24 02:11:43,969] Trial 761 finished with value: 0.5735604922403638 and parameters: {'k1': 0.00031081450900276227, 'D_low': 5.632627152796401, 'k2': 0.0021498650919762013, 'D_high': 4066105.083693125, 'fire_exp': 3.3580462843168535, 'P_half': 46.45706349045854, 'pre_dampen_half': 12.32545106777868, 'gpp_af': 0.006257619958661766, 'gpp_b': 1.4924467592752717e-05, 'gpp_d': 6.810650486782908, 'ign_k': 0.0016300470726968055, 'ign_c': 206.8470606065744, 'trop_agb_crit': 4.465820926608427, 'trop_k_veg': 1.4193101287919019, 'gdp_gamma': 0.3347075005476871, 'fuel_k': 0.32798373077360216, 'fuel_half': 94.52401431469893}. Best is trial 335 with value: -0.6233152110406992.
[I 2026-07-24 02:11:44,424] Trial 762 finished with value: 0.51146316094414 and parameters: {'k1': 1.4876159563692028e-05, 'D_low': 7.838520152714021, 'k2': 0.0024771892877120004, 'D_high': 7267293.625465952, 'fire_exp': 1.2917172749408996, 'P_half': 836.5946093645617, 'pre_dampen_half': 1.9398644646949728, 'gpp_af': 0.003628003543338879, 'gpp_b': 0.0006074212205288949, 'gpp_d': 0.13939358451607467, 'ign_k': 0.007907477776740085, 'ign_c': 46.703336089933735, 'trop_agb_crit': 1.6485921722681471, 'trop_k_veg': 3.826272085793403, 'gdp_gamma': 1.8989393810530508, 'fuel_k': 0.01088004159878523, 'fuel_half': 3.8093394821854187}. Best is trial 335 with value: -0.6233152110406992.
[I 2026-07-24 02:11:44,873] Trial 763 finished with value: 0.4085178252299191 and parameters: {'k1': 2.8482282801347186e-05, 'D_low': 6.103975245317833, 'k2': 0.0005376815540221905, 'D_high': 3868956.27408931, 'fire_exp': 1.3428882470134242, 'P_half': 8.252534953777596, 'pre_dampen_half': 67.87217627306484, 'gpp_af': 0.004014492299852018, 'gpp_b': 0.00010507778572777982, 'gpp_d': 698.1293317376717, 'ign_k': 0.005001591808200769, 'ign_c': 9.771701243442159, 'trop_agb_crit': 4.185466276708475, 'trop_k_veg': 6.1554993915350575, 'gdp_gamma': 0.2826873705035926, 'fuel_k': 0.8214611308848297, 'fuel_half': 6.951312061686119}. Best is trial 335 with value: -0.6233152110406992.
[I 2026-07-24 02:11:45,321] Trial 764 finished with value: 0.5380868960481666 and parameters: {'k1': 0.05027208545039082, 'D_low': 2707.8082349997135, 'k2': 0.005897116772966801, 'D_high': 40768.94694112009, 'fire_exp': 3.6885785853873734, 'P_half': 175.6076788619934, 'pre_dampen_half': 1.4149171568972259, 'gpp_af': 5.804815338908486, 'gpp_b': 0.00018557704869131604, 'gpp_d': 230.53996321086785, 'ign_k': 0.3269762954880653, 'ign_c': 0.16379248516357817, 'trop_agb_crit': 12.93200411483394, 'trop_k_veg': 1.3131823034508388, 'gdp_gamma': 0.1932339467166409, 'fuel_k': 0.031330923267255145, 'fuel_half': 2.211817919981351}. Best is trial 335 with value: -0.6233152110406992.
[I 2026-07-24 02:11:45,776] Trial 765 finished with value: 0.5883445164881657 and parameters: {'k1': 5.890010511382155e-05, 'D_low': 1.7365567623274993, 'k2': 0.00010250666810751697, 'D_high': 1628.8345935658194, 'fire_exp': 1.133077400531668, 'P_half': 1.015718213653837, 'pre_dampen_half': 0.07869590673850305, 'gpp_af': 0.2691127357519988, 'gpp_b': 0.0002897961943101002, 'gpp_d': 0.2945474241117527, 'ign_k': 0.007481768936067948, 'ign_c': 530.5880729559391, 'trop_agb_crit': 3.712327186931732, 'trop_k_veg': 1.5809241287802085, 'gdp_gamma': 1.505592315543599, 'fuel_k': 0.19417700957485368, 'fuel_half': 14.92635648993229}. Best is trial 335 with value: -0.6233152110406992.
[I 2026-07-24 02:11:46,233] Trial 766 finished with value: 0.5808048113701079 and parameters: {'k1': 0.0006043459977066085, 'D_low': 6.262176259860104, 'k2': 0.003530299008563032, 'D_high': 2154586.1482076417, 'fire_exp': 2.765851172056642, 'P_half': 372.2293551935077, 'pre_dampen_half': 61.20511627311805, 'gpp_af': 0.40103534676570046, 'gpp_b': 2.3832150764729993e-05, 'gpp_d': 141.8684328980595, 'ign_k': 0.0015951065612020967, 'ign_c': 202.94560543733976, 'trop_agb_crit': 8.810282294985825, 'trop_k_veg': 0.7218231140433976, 'gdp_gamma': 0.11188722784807772, 'fuel_k': 0.03380521311319772, 'fuel_half': 98.76188478739925}. Best is trial 335 with value: -0.6233152110406992.
[I 2026-07-24 02:11:46,681] Trial 767 finished with value: -0.6036872688556997 and parameters: {'k1': 0.006868546028927946, 'D_low': 51.88735339306766, 'k2': 0.003824740321115418, 'D_high': 1095899.950545135, 'fire_exp': 1.998133854432524, 'P_half': 420.41317920251566, 'pre_dampen_half': 1.0333789811094207, 'gpp_af': 0.8768528312638337, 'gpp_b': 1.266861277484622e-05, 'gpp_d': 350.53868867985636, 'ign_k': 0.019826172703730924, 'ign_c': 0.14563673496815066, 'trop_agb_crit': 17.207715163333084, 'trop_k_veg': 2.3947555380555547, 'gdp_gamma': 1.5021419581679971, 'fuel_k': 0.04948843410581385, 'fuel_half': 6.1571466709333516}. Best is trial 335 with value: -0.6233152110406992.
