[I 2026-08-06 00:09:49,383] Trial 210 finished with values: [10.688179833229185, 10.688179833229185] and parameters: {'k1': 0.006117912981900519, 'D_low': 1112.9571947046009, 'k2': 2.316457903103837e-05, 'D_high': 949.9072859745386, 'fire_exp': 1.14171776851287, 'P_half': 157.80309954142965, 'pre_dampen_half': 1.6130673726933187, 'gpp_af': 0.47739011308437823, 'gpp_b': 3.481277316673104e-05, 'gpp_d': 150.14555442537656, 'ign_k': 0.019192001101561888, 'ign_c': 6.160975294741436}.
[I 2026-08-06 00:09:50,347] Trial 211 finished with values: [13.230504977219008, 13.230504977219008] and parameters: {'k1': 0.00324789183891923, 'D_low': 4.051452710153359, 'k2': 0.0005552724374419548, 'D_high': 48249.14281180252, 'fire_exp': 1.5201277403788451, 'P_half': 22.4895428439145, 'pre_dampen_half': 304.7488318185732, 'gpp_af': 0.47739011308437823, 'gpp_b': 8.539677611488478e-05, 'gpp_d': 150.14555442537656, 'ign_k': 0.03033111747878116, 'ign_c': 1.5061320080433496}.
[I 2026-08-06 00:09:51,323] Trial 212 finished with values: [10.395850177437357, 10.395850177437357] and parameters: {'k1': 0.002971796631657383, 'D_low': 74.92772870670282, 'k2': 0.0007081721844034209, 'D_high': 9769.756791866093, 'fire_exp': 1.0881360604103363, 'P_half': 10.226988730324324, 'pre_dampen_half': 36.876350096203005, 'gpp_af': 29.925002022877802, 'gpp_b': 0.011750724729953272, 'gpp_d': 4.5768578731086835, 'ign_k': 0.0026834162496848666, 'ign_c': 298.123706972088}.
[I 2026-08-06 00:09:52,373] Trial 213 finished with values: [10.769230544476036, 10.769230544476036] and parameters: {'k1': 0.002971796631657383, 'D_low': 29.89885508829526, 'k2': 0.0007081721844034209, 'D_high': 9769.756791866093, 'fire_exp': 8.880824892701195, 'P_half': 1627.0983114897251, 'pre_dampen_half': 65.77017096798056, 'gpp_af': 29.925002022877802, 'gpp_b': 0.011750724729953272, 'gpp_d': 309.22275645044783, 'ign_k': 0.0026834162496848666, 'ign_c': 6.160975294741436}.
[I 2026-08-06 00:09:53,339] Trial 214 finished with values: [11.741136485791872, 11.741136485791872] and parameters: {'k1': 3.634567200581791e-05, 'D_low': 918.4900818511542, 'k2': 3.5917714215176105e-05, 'D_high': 43033.06161410616, 'fire_exp': 1.5201277403788451, 'P_half': 24.136213194527585, 'pre_dampen_half': 304.7488318185732, 'gpp_af': 21.995805943313187, 'gpp_b': 3.481277316673104e-05, 'gpp_d': 368.30088529547436, 'ign_k': 0.11101191524846071, 'ign_c': 0.11272174259951144}.
[I 2026-08-06 00:09:54,321] Trial 215 finished with values: [-0.5571686821534241, 0.16874888824577783] and parameters: {'k1': 0.025383218374507292, 'D_low': 125.32726386250698, 'k2': 0.0004381141781653133, 'D_high': 233.52156626184438, 'fire_exp': 1.010722707674549, 'P_half': 39.03214299767183, 'pre_dampen_half': 703.6426675556048, 'gpp_af': 0.0025511964576171086, 'gpp_b': 3.228689523591491e-05, 'gpp_d': 0.19476644406315288, 'ign_k': 0.03141110271934876, 'ign_c': 47.268615251255675}.
[I 2026-08-06 00:09:55,270] Trial 216 finished with values: [10.611646034139426, 10.611646034139426] and parameters: {'k1': 0.00324789183891923, 'D_low': 2.1234210963705626, 'k2': 2.1698375693549493e-05, 'D_high': 57.90964233881214, 'fire_exp': 1.182396148413737, 'P_half': 4.397766894483963, 'pre_dampen_half': 0.6199100007802261, 'gpp_af': 0.0025511964576171086, 'gpp_b': 3.228689523591491e-05, 'gpp_d': 2.736251365128462, 'ign_k': 0.03141110271934876, 'ign_c': 8.671454322584175}.
[I 2026-08-06 00:09:56,219] Trial 217 finished with values: [10.4799432538621, 10.4799432538621] and parameters: {'k1': 0.03232155805617897, 'D_low': 2.458603276328005, 'k2': 0.006138509947844854, 'D_high': 6455.595882939566, 'fire_exp': 2.2881850891698634, 'P_half': 958.8659498594012, 'pre_dampen_half': 111.37963167994629, 'gpp_af': 29.700320404259642, 'gpp_b': 0.0035057749039614167, 'gpp_d': 39.827466658711515, 'ign_k': 0.8826264591983531, 'ign_c': 14.810800730363484}.
[I 2026-08-06 00:09:57,168] Trial 218 finished with values: [10.587850319439946, 10.587850319439946] and parameters: {'k1': 7.841214856323651e-05, 'D_low': 918.4900818511542, 'k2': 1.1184534120760473e-05, 'D_high': 43033.06161410616, 'fire_exp': 2.2881850891698634, 'P_half': 10.226988730324324, 'pre_dampen_half': 53.73093479067421, 'gpp_af': 29.925002022877802, 'gpp_b': 0.6296968715955544, 'gpp_d': 368.30088529547436, 'ign_k': 0.11101191524846071, 'ign_c': 6.160975294741436}.
[I 2026-08-06 00:09:58,102] Trial 219 finished with values: [10.725370917176999, 10.725370917176999] and parameters: {'k1': 0.006117912981900519, 'D_low': 50.217376233895635, 'k2': 2.316457903103837e-05, 'D_high': 949.9072859745386, 'fire_exp': 1.14171776851287, 'P_half': 157.80309954142965, 'pre_dampen_half': 1.6130673726933187, 'gpp_af': 29.925002022877802, 'gpp_b': 0.011750724729953272, 'gpp_d': 4.5768578731086835, 'ign_k': 0.0026834162496848666, 'ign_c': 6.160975294741436}.
[I 2026-08-06 00:09:59,050] Trial 220 finished with values: [11.232159421588085, 11.232159421588085] and parameters: {'k1': 0.002971796631657383, 'D_low': 29.89885508829526, 'k2': 0.0007081721844034209, 'D_high': 10427.291060979045, 'fire_exp': 1.0881360604103363, 'P_half': 10.226988730324324, 'pre_dampen_half': 36.876350096203005, 'gpp_af': 29.925002022877802, 'gpp_b': 0.011750724729953272, 'gpp_d': 300.3420512048734, 'ign_k': 0.0026834162496848666, 'ign_c': 6.160975294741436}.
[I 2026-08-06 00:09:59,998] Trial 221 finished with values: [10.693766797633684, 10.693766797633684] and parameters: {'k1': 0.002971796631657383, 'D_low': 74.92772870670282, 'k2': 0.0007081721844034209, 'D_high': 1687.3495104568947, 'fire_exp': 1.010722707674549, 'P_half': 608.3019192425825, 'pre_dampen_half': 36.876350096203005, 'gpp_af': 29.925002022877802, 'gpp_b': 0.6637926838138378, 'gpp_d': 4.5768578731086835, 'ign_k': 0.0026834162496848666, 'ign_c': 6.160975294741436}.
[I 2026-08-06 00:10:00,947] Trial 222 finished with values: [10.010470016092949, 10.010470016092949] and parameters: {'k1': 0.002971796631657383, 'D_low': 29.89885508829526, 'k2': 0.0007081721844034209, 'D_high': 3660.150802571655, 'fire_exp': 1.5201277403788451, 'P_half': 2.157758652553991, 'pre_dampen_half': 76.86605275420082, 'gpp_af': 29.925002022877802, 'gpp_b': 0.011750724729953272, 'gpp_d': 39.827466658711515, 'ign_k': 0.017654048052495083, 'ign_c': 6.160975294741436}.
[I 2026-08-06 00:10:01,864] Trial 223 finished with values: [10.505199768889632, 10.505199768889632] and parameters: {'k1': 6.615437365561391e-05, 'D_low': 1.2299210465793122, 'k2': 0.0007081721844034209, 'D_high': 9769.756791866093, 'fire_exp': 1.182396148413737, 'P_half': 11.877073321543955, 'pre_dampen_half': 33.9790424311127, 'gpp_af': 0.5107061330406066, 'gpp_b': 0.011750724729953272, 'gpp_d': 668.5510162938966, 'ign_k': 0.03141110271934876, 'ign_c': 6.160975294741436}.
[I 2026-08-06 00:10:02,828] Trial 224 finished with values: [10.752598609046036, 10.752598609046036] and parameters: {'k1': 0.002971796631657383, 'D_low': 74.92772870670282, 'k2': 1.1184534120760473e-05, 'D_high': 9769.756791866093, 'fire_exp': 1.1044852285094786, 'P_half': 215.55950571043874, 'pre_dampen_half': 5.542030950268268, 'gpp_af': 2.8805537835688413, 'gpp_b': 0.0025416076006960116, 'gpp_d': 0.13223503889537183, 'ign_k': 0.11101191524846071, 'ign_c': 34.19108473554449}.
[I 2026-08-06 00:10:03,808] Trial 225 finished with values: [10.527783827959299, 10.527783827959299] and parameters: {'k1': 0.025383218374507292, 'D_low': 2.1234210963705626, 'k2': 0.0004381141781653133, 'D_high': 85018.70149611714, 'fire_exp': 1.010722707674549, 'P_half': 10.753522341516506, 'pre_dampen_half': 107.40052367919465, 'gpp_af': 21.258647437649888, 'gpp_b': 3.251606690398149e-05, 'gpp_d': 0.04974854350453755, 'ign_k': 0.03033111747878116, 'ign_c': 8.671454322584175}.
[I 2026-08-06 00:10:04,742] Trial 226 finished with values: [10.594030081678786, 10.594030081678786] and parameters: {'k1': 0.03232155805617897, 'D_low': 9.330007965781027, 'k2': 0.006138509947844854, 'D_high': 6455.595882939566, 'fire_exp': 1.0473002272689056, 'P_half': 19.4230157499841, 'pre_dampen_half': 111.37963167994629, 'gpp_af': 0.04339970334001348, 'gpp_b': 5.2308563179361105e-05, 'gpp_d': 0.03848886303127135, 'ign_k': 0.0037322156377670697, 'ign_c': 10.140635645866492}.
[I 2026-08-06 00:10:05,659] Trial 227 finished with values: [10.160314083926709, 10.160314083926709] and parameters: {'k1': 0.002971796631657383, 'D_low': 175.2878790340412, 'k2': 0.0001870742013766025, 'D_high': 9769.756791866093, 'fire_exp': 1.0881360604103363, 'P_half': 1627.0983114897251, 'pre_dampen_half': 59.66041614891413, 'gpp_af': 13.560863064135962, 'gpp_b': 4.038332634638232, 'gpp_d': 149.50343942182866, 'ign_k': 0.0026834162496848666, 'ign_c': 0.11049703024154134}.
[I 2026-08-06 00:10:06,592] Trial 228 finished with values: [10.56372874259849, 10.56372874259849] and parameters: {'k1': 0.0017320535908244437, 'D_low': 2.1234210963705626, 'k2': 0.0499774937030317, 'D_high': 3660.150802571655, 'fire_exp': 1.5201277403788451, 'P_half': 12.808863354047988, 'pre_dampen_half': 107.40052367919465, 'gpp_af': 83.56239973758213, 'gpp_b': 8.539677611488478e-05, 'gpp_d': 4.25060659305504, 'ign_k': 0.002357279455676982, 'ign_c': 14.810800730363484}.
[I 2026-08-06 00:10:07,510] Trial 229 finished with values: [10.20260387459721, 10.20260387459721] and parameters: {'k1': 3.252245757497282e-05, 'D_low': 1112.9571947046009, 'k2': 4.860905111373887e-05, 'D_high': 6455.595882939566, 'fire_exp': 1.0881360604103363, 'P_half': 24.136213194527585, 'pre_dampen_half': 36.876350096203005, 'gpp_af': 29.925002022877802, 'gpp_b': 3.481277316673104e-05, 'gpp_d': 150.14555442537656, 'ign_k': 0.11101191524846071, 'ign_c': 0.1457050032975653}.
[I 2026-08-06 00:10:08,476] Trial 230 finished with values: [10.713953169424489, 10.713953169424489] and parameters: {'k1': 0.002971796631657383, 'D_low': 74.92772870670282, 'k2': 0.00012280874862135373, 'D_high': 9769.756791866093, 'fire_exp': 1.0881360604103363, 'P_half': 1627.0983114897251, 'pre_dampen_half': 53.73093479067421, 'gpp_af': 29.925002022877802, 'gpp_b': 0.011750724729953272, 'gpp_d': 4.5768578731086835, 'ign_k': 0.0026834162496848666, 'ign_c': 298.123706972088}.
[I 2026-08-06 00:10:09,395] Trial 231 finished with values: [-0.5124739261535659, 0.2263793181895355] and parameters: {'k1': 0.0029707920514735983, 'D_low': 2.5379946629058443, 'k2': 0.0004381141781653133, 'D_high': 6366.1449945522045, 'fire_exp': 1.182396148413737, 'P_half': 1938.3858782150498, 'pre_dampen_half': 703.6426675556048, 'gpp_af': 0.0025511964576171086, 'gpp_b': 3.228689523591491e-05, 'gpp_d': 0.19476644406315288, 'ign_k': 0.03141110271934876, 'ign_c': 47.268615251255675}.
[I 2026-08-06 00:10:10,345] Trial 232 finished with values: [10.37322965777496, 10.37322965777496] and parameters: {'k1': 1.1845753911529365e-05, 'D_low': 4.051452710153359, 'k2': 0.00038791280730284417, 'D_high': 9769.756791866093, 'fire_exp': 1.0881360604103363, 'P_half': 10.226988730324324, 'pre_dampen_half': 36.876350096203005, 'gpp_af': 37.28155624293858, 'gpp_b': 0.10123867001105968, 'gpp_d': 4.5768578731086835, 'ign_k': 0.4702627143647234, 'ign_c': 6.160975294741436}.
[I 2026-08-06 00:10:11,263] Trial 233 finished with values: [-0.47766517336376574, 0.16452587298150134] and parameters: {'k1': 0.0002656971546588439, 'D_low': 29.89885508829526, 'k2': 3.5917714215176105e-05, 'D_high': 29.580419692843236, 'fire_exp': 1.5201277403788451, 'P_half': 22.4895428439145, 'pre_dampen_half': 304.7488318185732, 'gpp_af': 0.47739011308437823, 'gpp_b': 0.028780534359197463, 'gpp_d': 300.3420512048734, 'ign_k': 0.005877005203443299, 'ign_c': 1.24801809651176}.
[I 2026-08-06 00:10:12,180] Trial 234 finished with values: [10.487615907426619, 10.487615907426619] and parameters: {'k1': 3.252245757497282e-05, 'D_low': 164.70698221724317, 'k2': 1.1184534120760473e-05, 'D_high': 8182.111518618414, 'fire_exp': 1.5201277403788451, 'P_half': 403.3495283157659, 'pre_dampen_half': 53.73093479067421, 'gpp_af': 0.028585493941961918, 'gpp_b': 3.481277316673104e-05, 'gpp_d': 5.878566318396007, 'ign_k': 0.019192001101561888, 'ign_c': 0.1457050032975653}.
[I 2026-08-06 00:10:13,209] Trial 235 finished with values: [10.72775054740417, 10.72775054740417] and parameters: {'k1': 3.8751982355100445e-05, 'D_low': 2084.3335294724207, 'k2': 4.763991596630584e-05, 'D_high': 1687.3495104568947, 'fire_exp': 1.010722707674549, 'P_half': 608.3019192425825, 'pre_dampen_half': 2.9046276683520458, 'gpp_af': 22.766850248686247, 'gpp_b': 0.00017319192149311345, 'gpp_d': 3.57879245350232, 'ign_k': 0.0467351899956275, 'ign_c': 0.3277320296937064}.
[I 2026-08-06 00:10:14,177] Trial 236 finished with values: [10.033588665788614, 10.033588665788614] and parameters: {'k1': 0.00324789183891923, 'D_low': 1.1065812688893482, 'k2': 0.006138509947844854, 'D_high': 6455.595882939566, 'fire_exp': 1.151006986743773, 'P_half': 958.8659498594012, 'pre_dampen_half': 111.37963167994629, 'gpp_af': 5.511863475708366, 'gpp_b': 0.0024194895091734425, 'gpp_d': 13.076473382928533, 'ign_k': 0.031134168041628628, 'ign_c': 0.3528113274684997}.
[I 2026-08-06 00:10:15,126] Trial 237 finished with values: [10.045834837325733, 10.045834837325733] and parameters: {'k1': 3.252245757497282e-05, 'D_low': 2.1234210963705626, 'k2': 0.0499774937030317, 'D_high': 8182.111518618414, 'fire_exp': 1.811096651915224, 'P_half': 12.808863354047988, 'pre_dampen_half': 304.7488318185732, 'gpp_af': 0.47739011308437823, 'gpp_b': 3.481277316673104e-05, 'gpp_d': 150.14555442537656, 'ign_k': 0.002357279455676982, 'ign_c': 0.1457050032975653}.
[I 2026-08-06 00:10:16,042] Trial 238 finished with values: [10.769230768877819, 10.769230768877819] and parameters: {'k1': 0.002971796631657383, 'D_low': 29.89885508829526, 'k2': 2.316457903103837e-05, 'D_high': 1687.3495104568947, 'fire_exp': 7.943623315519552, 'P_half': 608.3019192425825, 'pre_dampen_half': 14.689898077648792, 'gpp_af': 22.766850248686247, 'gpp_b': 0.00011783328148730701, 'gpp_d': 891.8036602897795, 'ign_k': 0.0026834162496848666, 'ign_c': 313.01151188508345}.
[I 2026-08-06 00:10:16,959] Trial 239 finished with values: [10.695925642196595, 10.695925642196595] and parameters: {'k1': 0.025383218374507292, 'D_low': 18.522006003174383, 'k2': 8.923807143379776e-05, 'D_high': 1687.3495104568947, 'fire_exp': 2.332293128354265, 'P_half': 608.3019192425825, 'pre_dampen_half': 14.689898077648792, 'gpp_af': 11.234842109991876, 'gpp_b': 0.6637926838138378, 'gpp_d': 891.8036602897795, 'ign_k': 0.11101191524846071, 'ign_c': 10.140635645866492}.
[I 2026-08-06 00:10:17,909] Trial 240 finished with values: [10.207895368989469, 10.207895368989469] and parameters: {'k1': 0.04897760278488444, 'D_low': 2.458603276328005, 'k2': 0.08790311296857814, 'D_high': 10316.033434719713, 'fire_exp': 2.3782613909771353, 'P_half': 2.157758652553991, 'pre_dampen_half': 111.37963167994629, 'gpp_af': 11.234842109991876, 'gpp_b': 0.03841303420847976, 'gpp_d': 368.30088529547436, 'ign_k': 0.017654048052495083, 'ign_c': 10.140635645866492}.
[I 2026-08-06 00:10:18,875] Trial 241 finished with values: [10.367846212284194, 10.367846212284194] and parameters: {'k1': 0.00324789183891923, 'D_low': 2.1234210963705626, 'k2': 0.002523872675078018, 'D_high': 8241.92526487646, 'fire_exp': 1.151006986743773, 'P_half': 12.808863354047988, 'pre_dampen_half': 0.6199100007802261, 'gpp_af': 5.511863475708366, 'gpp_b': 0.09777324906074064, 'gpp_d': 368.30088529547436, 'ign_k': 0.11101191524846071, 'ign_c': 8.671454322584175}.
[I 2026-08-06 00:10:19,791] Trial 242 finished with values: [10.484907833532514, 10.484907833532514] and parameters: {'k1': 3.252245757497282e-05, 'D_low': 1112.9571947046009, 'k2': 0.010080550999930625, 'D_high': 8182.111518618414, 'fire_exp': 1.5201277403788451, 'P_half': 24.136213194527585, 'pre_dampen_half': 3.3594011166738142, 'gpp_af': 0.47739011308437823, 'gpp_b': 0.000832333943844274, 'gpp_d': 150.14555442537656, 'ign_k': 0.03604182012888638, 'ign_c': 0.11049703024154134}.
[I 2026-08-06 00:10:20,708] Trial 243 finished with values: [10.74356708982191, 10.74356708982191] and parameters: {'k1': 0.0002656971546588439, 'D_low': 1112.9571947046009, 'k2': 8.923807143379776e-05, 'D_high': 8182.111518618414, 'fire_exp': 1.264103030891254, 'P_half': 338.23872019362165, 'pre_dampen_half': 0.16974173693738634, 'gpp_af': 0.006359264168909611, 'gpp_b': 0.00011277885258222645, 'gpp_d': 150.14555442537656, 'ign_k': 0.019192001101561888, 'ign_c': 0.557280750002996}.
[I 2026-08-06 00:10:21,625] Trial 244 finished with values: [10.308640997394203, 10.308640997394203] and parameters: {'k1': 0.01783192664937594, 'D_low': 1.2834648227562822, 'k2': 8.923807143379776e-05, 'D_high': 949.9072859745386, 'fire_exp': 1.0473002272689056, 'P_half': 4546.192107824457, 'pre_dampen_half': 76.86605275420082, 'gpp_af': 0.6194713831445294, 'gpp_b': 0.003510201564752293, 'gpp_d': 150.14555442537656, 'ign_k': 0.0027847738314446878, 'ign_c': 9.34330265731847}.
[I 2026-08-06 00:10:22,604] Trial 245 finished with values: [10.078257047100989, 10.078257047100989] and parameters: {'k1': 0.03232155805617897, 'D_low': 98.57545621889057, 'k2': 0.031211489608802344, 'D_high': 6455.595882939566, 'fire_exp': 2.2881850891698634, 'P_half': 12.808863354047988, 'pre_dampen_half': 111.37963167994629, 'gpp_af': 0.004344117003966495, 'gpp_b': 0.0035057749039614167, 'gpp_d': 0.11136446029400991, 'ign_k': 0.8826264591983531, 'ign_c': 8.671454322584175}.
[I 2026-08-06 00:10:23,522] Trial 246 finished with values: [-0.5018996967850782, 0.1977266299704219] and parameters: {'k1': 6.615437365561391e-05, 'D_low': 175.2878790340412, 'k2': 2.1698375693549493e-05, 'D_high': 57.90964233881214, 'fire_exp': 1.3614924220931135, 'P_half': 4.397766894483963, 'pre_dampen_half': 59.66041614891413, 'gpp_af': 13.560863064135962, 'gpp_b': 3.228689523591491e-05, 'gpp_d': 668.5510162938966, 'ign_k': 0.03141110271934876, 'ign_c': 0.11049703024154134}.
[I 2026-08-06 00:10:24,487] Trial 247 finished with values: [10.735045092754687, 10.735045092754687] and parameters: {'k1': 3.252245757497282e-05, 'D_low': 918.4900818511542, 'k2': 0.006138509947844854, 'D_high': 6455.595882939566, 'fire_exp': 1.5201277403788451, 'P_half': 24.136213194527585, 'pre_dampen_half': 1.241231030920016, 'gpp_af': 29.925002022877802, 'gpp_b': 3.481277316673104e-05, 'gpp_d': 4.5768578731086835, 'ign_k': 0.019192001101561888, 'ign_c': 0.1457050032975653}.
[I 2026-08-06 00:10:25,402] Trial 248 finished with values: [-0.5724890439994165, 0.1670246012231733] and parameters: {'k1': 0.002971796631657383, 'D_low': 74.92772870670282, 'k2': 0.0007081721844034209, 'D_high': 9769.756791866093, 'fire_exp': 1.0881360604103363, 'P_half': 10.226988730324324, 'pre_dampen_half': 5.542030950268268, 'gpp_af': 0.08235550625917108, 'gpp_b': 0.011750724729953272, 'gpp_d': 4.5768578731086835, 'ign_k': 0.11903394335305037, 'ign_c': 6.160975294741436}.
[I 2026-08-06 00:10:26,332] Trial 249 finished with values: [-0.567741240059092, 0.19427515175138743] and parameters: {'k1': 0.002971796631657383, 'D_low': 1.54121727098019, 'k2': 1.1184534120760473e-05, 'D_high': 8182.111518618414, 'fire_exp': 1.4665043946307825, 'P_half': 125.61043700013555, 'pre_dampen_half': 304.7488318185732, 'gpp_af': 0.47739011308437823, 'gpp_b': 0.011750724729953272, 'gpp_d': 5.878566318396007, 'ign_k': 0.019192001101561888, 'ign_c': 0.1457050032975653}.
[I 2026-08-06 00:10:27,306] Trial 250 finished with values: [12.24519555125418, 12.24519555125418] and parameters: {'k1': 0.008956420301712053, 'D_low': 2.1234210963705626, 'k2': 0.0499774937030317, 'D_high': 9769.756791866093, 'fire_exp': 1.0881360604103363, 'P_half': 125.61043700013555, 'pre_dampen_half': 107.40052367919465, 'gpp_af': 0.5970408652384318, 'gpp_b': 3.139005000572696e-05, 'gpp_d': 5.878566318396007, 'ign_k': 0.002357279455676982, 'ign_c': 2.92043384718141}.
[I 2026-08-06 00:10:28,215] Trial 251 finished with values: [10.728226726793292, 10.728226726793292] and parameters: {'k1': 0.015602015889668856, 'D_low': 29.89885508829526, 'k2': 0.00038791280730284417, 'D_high': 9769.756791866093, 'fire_exp': 4.010071437770751, 'P_half': 2.157758652553991, 'pre_dampen_half': 36.876350096203005, 'gpp_af': 35.20481045526041, 'gpp_b': 0.011750724729953272, 'gpp_d': 34.37107943937136, 'ign_k': 0.009580682294110432, 'ign_c': 14.810800730363484}.
[I 2026-08-06 00:10:29,160] Trial 252 finished with values: [10.305969432806329, 10.305969432806329] and parameters: {'k1': 0.014666151770108535, 'D_low': 532.1216007763549, 'k2': 8.923807143379776e-05, 'D_high': 57.90964233881214, 'fire_exp': 1.182396148413737, 'P_half': 4.397766894483963, 'pre_dampen_half': 33.9790424311127, 'gpp_af': 0.0025511964576171086, 'gpp_b': 3.228689523591491e-05, 'gpp_d': 150.14555442537656, 'ign_k': 0.0037322156377670697, 'ign_c': 0.7724824966785973}.
[I 2026-08-06 00:10:30,127] Trial 253 finished with values: [10.633855719820232, 10.633855719820232] and parameters: {'k1': 0.025383218374507292, 'D_low': 29.89885508829526, 'k2': 0.0003607301614542842, 'D_high': 9769.756791866093, 'fire_exp': 1.010722707674549, 'P_half': 608.3019192425825, 'pre_dampen_half': 14.689898077648792, 'gpp_af': 22.766850248686247, 'gpp_b': 0.6637926838138378, 'gpp_d': 4.5768578731086835, 'ign_k': 0.0026834162496848666, 'ign_c': 14.367095138664217}.
[I 2026-08-06 00:10:31,087] Trial 254 finished with values: [10.584693890828811, 10.584693890828811] and parameters: {'k1': 0.00014281536924924868, 'D_low': 532.1216007763549, 'k2': 2.1698375693549493e-05, 'D_high': 48249.14281180252, 'fire_exp': 1.151006986743773, 'P_half': 4.397766894483963, 'pre_dampen_half': 107.40052367919465, 'gpp_af': 5.511863475708366, 'gpp_b': 0.00012797528816608022, 'gpp_d': 0.11136446029400991, 'ign_k': 0.03141110271934876, 'ign_c': 8.671454322584175}.
