[I 2026-08-19 15:10:57,042] Trial 869 finished with value: -0.5321091930956557 and parameters: {'k1': 0.0010760565608515576, 'D_low': 473.81625512104563, 'k2': 0.002923524738037103, 'D_high': 21506.657629983503, 'fire_exp': 1.6727924112548842, 'P_half': 3.195490041385867, 'pre_dampen_half': 2.3195935613991, 'gpp_af': 0.0077466793818697565, 'gpp_b': 6.394550512350991e-05, 'gpp_d': 18.261933073512886, 'ign_k': 0.24460600197509746, 'ign_c': 12.00629883632312, 'trop_agb_crit': 19.56931369771486, 'trop_k_veg': 0.8071210340734357, 'pop_amp': 0.794599842821868, 'pop_peak': 26.29156264964171, 'pop_sig': 0.34489649747118667, 'fuel_k': 0.230122282089878, 'fuel_half': 0.44531581163820827}. Best is trial 421 with value: -0.6216386034937503.
[I 2026-08-19 15:10:59,966] Trial 870 finished with value: -0.34218938402687654 and parameters: {'k1': 0.0008169445712515192, 'D_low': 52.032584068520556, 'k2': 2.4844875589527198e-05, 'D_high': 829536.7412401503, 'fire_exp': 3.862623292312284, 'P_half': 35.535002109756704, 'pre_dampen_half': 9.607970680499824, 'gpp_af': 0.19487940520959907, 'gpp_b': 0.00011917043519299945, 'gpp_d': 6.255053908705256, 'ign_k': 0.2100318420121277, 'ign_c': 0.199935768136315, 'trop_agb_crit': 9.813018243055017, 'trop_k_veg': 1.541369529224523, 'pop_amp': 16.811576265370338, 'pop_peak': 0.11790313320128408, 'pop_sig': 1.4685980401993826, 'fuel_k': 0.03704528549183618, 'fuel_half': 2.338063768386934}. Best is trial 421 with value: -0.6216386034937503.
[I 2026-08-19 15:11:03,865] Trial 871 finished with value: -0.41422115625896794 and parameters: {'k1': 0.015764243393757767, 'D_low': 3678.205898046256, 'k2': 1.1011100351588852e-05, 'D_high': 1054642.8987002834, 'fire_exp': 2.972461711378201, 'P_half': 2661.212081883868, 'pre_dampen_half': 22.087425891843235, 'gpp_af': 0.17791308402752543, 'gpp_b': 3.6701501982746596e-05, 'gpp_d': 8.34902474034871, 'ign_k': 0.05594501567119382, 'ign_c': 0.4816033714251919, 'trop_agb_crit': 26.963627618961933, 'trop_k_veg': 4.458056197207008, 'pop_amp': 3.4799771930489762, 'pop_peak': 0.27614026042195594, 'pop_sig': 1.417319645703591, 'fuel_k': 0.017032626549950015, 'fuel_half': 1.4827919206237}. Best is trial 421 with value: -0.6216386034937503.
  trial  872/2500  best_overall=0.6216  (47.0 min)
[I 2026-08-19 15:11:08,607] Trial 872 finished with value: -0.4122296132094146 and parameters: {'k1': 0.002553211895151961, 'D_low': 55.576973624536876, 'k2': 0.0006585206620174501, 'D_high': 1147177.2708879504, 'fire_exp': 3.523422851765645, 'P_half': 2136.556596705276, 'pre_dampen_half': 13.689627208582401, 'gpp_af': 0.03714076280191958, 'gpp_b': 0.00011770887569730287, 'gpp_d': 0.08391247591217069, 'ign_k': 0.135249361090119, 'ign_c': 3.1254614423428375, 'trop_agb_crit': 12.049734694671177, 'trop_k_veg': 2.7509882215083574, 'pop_amp': 0.02766320321211734, 'pop_peak': 0.6430884669294006, 'pop_sig': 0.9027901513854212, 'fuel_k': 0.024190385774999313, 'fuel_half': 3.857405658682006}. Best is trial 421 with value: -0.6216386034937503.
[I 2026-08-19 15:11:13,060] Trial 873 finished with value: -0.491507454174287 and parameters: {'k1': 0.004313891602129636, 'D_low': 13271.973457105, 'k2': 2.7886865840573897e-05, 'D_high': 2764.2774341588997, 'fire_exp': 1.1995227894241407, 'P_half': 19.29401995390409, 'pre_dampen_half': 44.91149961163307, 'gpp_af': 0.0015690157745467904, 'gpp_b': 1.1116937226235798e-05, 'gpp_d': 0.010964216117738769, 'ign_k': 1.1204985393226838, 'ign_c': 6.958079644801369, 'trop_agb_crit': 12.850658773551627, 'trop_k_veg': 3.9866618024511578, 'pop_amp': 0.13034623319240668, 'pop_peak': 0.06970573797988627, 'pop_sig': 0.509413270668085, 'fuel_k': 1.9765889629255493, 'fuel_half': 0.40573431968710805}. Best is trial 421 with value: -0.6216386034937503.
[I 2026-08-19 15:11:16,951] Trial 874 finished with value: -0.4723335954292961 and parameters: {'k1': 0.021015660429803244, 'D_low': 12.746617946389815, 'k2': 1.8795820529705188e-05, 'D_high': 2279988.302106162, 'fire_exp': 3.593787290770394, 'P_half': 93.58953192345852, 'pre_dampen_half': 0.5606312415216802, 'gpp_af': 0.07158460404391324, 'gpp_b': 0.0039261618268532725, 'gpp_d': 309.7845678142719, 'ign_k': 0.19845817641625446, 'ign_c': 4.750426064406002, 'trop_agb_crit': 6.290921232371345, 'trop_k_veg': 3.4316414257307657, 'pop_amp': 0.21892542574434098, 'pop_peak': 0.9927053573252292, 'pop_sig': 1.0131843495865596, 'fuel_k': 0.030762064757377725, 'fuel_half': 1.9308548957983513}. Best is trial 421 with value: -0.6216386034937503.
[I 2026-08-19 15:11:19,811] Trial 875 finished with value: -0.38253485980561275 and parameters: {'k1': 0.0022863873294691477, 'D_low': 15.174957060123964, 'k2': 2.121079461737074e-05, 'D_high': 24057.461354815503, 'fire_exp': 7.542450909500627, 'P_half': 764.7302381721536, 'pre_dampen_half': 27.183818719186927, 'gpp_af': 0.001646464303479366, 'gpp_b': 0.00844132409766421, 'gpp_d': 13.246119987173563, 'ign_k': 0.25133549866031146, 'ign_c': 4.816756653847656, 'trop_agb_crit': 13.392931960804527, 'trop_k_veg': 3.4552002597722495, 'pop_amp': 2.9395109911739654, 'pop_peak': 4.545808582983195, 'pop_sig': 0.268029485478816, 'fuel_k': 1.3554599273102728, 'fuel_half': 5.466054819889626}. Best is trial 421 with value: -0.6216386034937503.
[I 2026-08-19 15:11:22,390] Trial 876 finished with value: -0.4263388408200101 and parameters: {'k1': 0.0009366057186050032, 'D_low': 50.93456532822769, 'k2': 0.00831688135627249, 'D_high': 233112.57884389255, 'fire_exp': 1.9440903760266384, 'P_half': 3.0269492915039478, 'pre_dampen_half': 0.011607273371506336, 'gpp_af': 0.008148802747366091, 'gpp_b': 1.4898624189434444e-05, 'gpp_d': 3.6904936084255633, 'ign_k': 0.006031577961355426, 'ign_c': 21.7397799469916, 'trop_agb_crit': 13.891246871796373, 'trop_k_veg': 1.1570397457770134, 'pop_amp': 0.49674702594968684, 'pop_peak': 389.4396021504944, 'pop_sig': 0.3938882808221677, 'fuel_k': 0.45701262867601805, 'fuel_half': 0.23892947162527067}. Best is trial 421 with value: -0.6216386034937503.
[I 2026-08-19 15:11:25,103] Trial 877 finished with value: -0.5730015659409498 and parameters: {'k1': 0.004837633293908525, 'D_low': 8556.398528593187, 'k2': 0.0009886647884434809, 'D_high': 1688259.6687560533, 'fire_exp': 1.2170104964764035, 'P_half': 169.6729930489954, 'pre_dampen_half': 29.507664927572154, 'gpp_af': 0.0017580696465542163, 'gpp_b': 0.00032249711608935323, 'gpp_d': 0.04011079730886954, 'ign_k': 0.769732084986532, 'ign_c': 13.196762810272238, 'trop_agb_crit': 13.829563541041555, 'trop_k_veg': 5.334876119293407, 'pop_amp': 1.0332236485301598, 'pop_peak': 0.26733270133825876, 'pop_sig': 0.3710820035070861, 'fuel_k': 0.8014504729636321, 'fuel_half': 1.283234201380968}. Best is trial 421 with value: -0.6216386034937503.
  trial  878/2500  best_overall=0.6216  (47.4 min)
[I 2026-08-19 15:11:28,406] Trial 878 finished with value: -0.5441793036203961 and parameters: {'k1': 0.008035365035021289, 'D_low': 413.72507918128144, 'k2': 1.6426794856599873e-05, 'D_high': 5446743.825745916, 'fire_exp': 3.205455395694003, 'P_half': 172.60804798100264, 'pre_dampen_half': 7.08714661401507, 'gpp_af': 0.045141604796144257, 'gpp_b': 0.00016693558874970676, 'gpp_d': 0.3710157890994326, 'ign_k': 0.5118350964693557, 'ign_c': 1.4282147857336862, 'trop_agb_crit': 18.997871469954006, 'trop_k_veg': 2.7558359617644825, 'pop_amp': 0.4184744299754418, 'pop_peak': 0.11017013516466562, 'pop_sig': 0.9273464574187263, 'fuel_k': 0.017051055923866305, 'fuel_half': 1.1778510202334054}. Best is trial 421 with value: -0.6216386034937503.
[I 2026-08-19 15:11:31,056] Trial 879 finished with value: -0.5657723098733324 and parameters: {'k1': 0.04004108323971245, 'D_low': 3.8141044483430813, 'k2': 4.976654578135392e-05, 'D_high': 2088486.5343478515, 'fire_exp': 2.40757461583274, 'P_half': 19.705125628841024, 'pre_dampen_half': 0.5800230407237437, 'gpp_af': 0.012411272175276808, 'gpp_b': 1.6379853724549998e-05, 'gpp_d': 0.540151903321254, 'ign_k': 9.586900952757446, 'ign_c': 1.2422483065033434, 'trop_agb_crit': 27.55392223603109, 'trop_k_veg': 1.5554097624685812, 'pop_amp': 0.290159561153646, 'pop_peak': 2.8851460214652684, 'pop_sig': 0.45236617351341063, 'fuel_k': 0.03433707503739156, 'fuel_half': 0.2258247485778609}. Best is trial 421 with value: -0.6216386034937503.
[I 2026-08-19 15:11:34,285] Trial 880 finished with value: -0.5243193269433075 and parameters: {'k1': 0.00033780264908515845, 'D_low': 98.80541726895629, 'k2': 0.004611410102308237, 'D_high': 34692.739074014535, 'fire_exp': 1.1843169989015487, 'P_half': 1.2195988034364575, 'pre_dampen_half': 0.23866001625530797, 'gpp_af': 0.012603828748356303, 'gpp_b': 0.00017495265417677498, 'gpp_d': 22.80068825450065, 'ign_k': 0.5414359815116445, 'ign_c': 21.456498054616894, 'trop_agb_crit': 9.376323587169493, 'trop_k_veg': 1.4569766293971333, 'pop_amp': 10.160435763457127, 'pop_peak': 680.7865824311765, 'pop_sig': 0.45080838595006734, 'fuel_k': 0.3661449345254066, 'fuel_half': 0.20992987453955647}. Best is trial 421 with value: -0.6216386034937503.
[I 2026-08-19 15:11:38,930] Trial 881 finished with value: -0.4304021350004337 and parameters: {'k1': 0.0035634821299904496, 'D_low': 329.94061463064816, 'k2': 0.00011339543840490887, 'D_high': 4890674.144570856, 'fire_exp': 3.7312485939267934, 'P_half': 143.49081913599426, 'pre_dampen_half': 1.7100147622936723, 'gpp_af': 0.03366004369005171, 'gpp_b': 0.0005673020173888386, 'gpp_d': 1.141662203152981, 'ign_k': 0.02304966217179676, 'ign_c': 22.944096285520097, 'trop_agb_crit': 14.286358025203818, 'trop_k_veg': 1.0147552193889307, 'pop_amp': 3.8181415811017843, 'pop_peak': 0.37800940832548374, 'pop_sig': 1.7807222983783586, 'fuel_k': 0.024601295462174683, 'fuel_half': 0.6896126064153054}. Best is trial 421 with value: -0.6216386034937503.
[I 2026-08-19 15:11:44,516] Trial 882 finished with value: -0.44288410045024706 and parameters: {'k1': 0.0021112265112213477, 'D_low': 30.122553176040604, 'k2': 0.0026402020851498845, 'D_high': 7857963.0658201575, 'fire_exp': 1.0323134910184992, 'P_half': 1.1202409047370414, 'pre_dampen_half': 0.06978603105305807, 'gpp_af': 0.39892916305754245, 'gpp_b': 0.03276625597357378, 'gpp_d': 4.405617562766703, 'ign_k': 0.04451290710949882, 'ign_c': 42.88870815810419, 'trop_agb_crit': 14.745595373103509, 'trop_k_veg': 0.7029902216460292, 'pop_amp': 0.36190346645912524, 'pop_peak': 435.59924248786973, 'pop_sig': 0.3760175357274723, 'fuel_k': 0.9855538567556443, 'fuel_half': 0.5167868001798035}. Best is trial 421 with value: -0.6216386034937503.
[I 2026-08-19 15:11:49,331] Trial 883 finished with value: -0.4068891406705985 and parameters: {'k1': 0.0032288074316049616, 'D_low': 1.0042459287261687, 'k2': 1.6501251908523013e-05, 'D_high': 106380.47609870283, 'fire_exp': 1.9976752375823197, 'P_half': 1.3767766453485797, 'pre_dampen_half': 0.08644074917077199, 'gpp_af': 4.460291897944459, 'gpp_b': 0.0002535585139681057, 'gpp_d': 0.24046908939124997, 'ign_k': 0.36195239568047277, 'ign_c': 9.817621311536117, 'trop_agb_crit': 15.902331639308375, 'trop_k_veg': 3.0287031152818753, 'pop_amp': 0.01738566936232961, 'pop_peak': 12.195265214212622, 'pop_sig': 0.6211662925324375, 'fuel_k': 0.3030938651912802, 'fuel_half': 0.688175010402612}. Best is trial 421 with value: -0.6216386034937503.
  trial  884/2500  best_overall=0.6216  (47.8 min)
[I 2026-08-19 15:11:58,026] Trial 884 finished with value: -0.472443312941497 and parameters: {'k1': 0.01652186567073811, 'D_low': 9.106315260279517, 'k2': 0.0006115687260797654, 'D_high': 407575.7077577762, 'fire_exp': 1.3682698054130573, 'P_half': 1.6207004473979338, 'pre_dampen_half': 32.26633565969542, 'gpp_af': 1.2597954972095622, 'gpp_b': 0.00035925759078083694, 'gpp_d': 0.29578199474049593, 'ign_k': 0.38395924210739807, 'ign_c': 0.5577610453370249, 'trop_agb_crit': 8.944876657705047, 'trop_k_veg': 1.9148100648673907, 'pop_amp': 0.004364974553438493, 'pop_peak': 6.544409154420467, 'pop_sig': 0.29234955242231886, 'fuel_k': 0.13727890495330686, 'fuel_half': 1.0745042517029146}. Best is trial 421 with value: -0.6216386034937503.
[I 2026-08-19 15:12:04,342] Trial 885 finished with value: -0.41909855755978553 and parameters: {'k1': 0.00013347231426405885, 'D_low': 281.46890338386487, 'k2': 0.0001409463126672092, 'D_high': 1623945.326156495, 'fire_exp': 7.910430222644762, 'P_half': 3979.680594917506, 'pre_dampen_half': 0.9570846201118304, 'gpp_af': 0.01479638023762493, 'gpp_b': 7.840906837746247e-05, 'gpp_d': 0.4665232212269239, 'ign_k': 1.0376293419629854, 'ign_c': 0.142883601903057, 'trop_agb_crit': 15.221568089573623, 'trop_k_veg': 2.71549212406154, 'pop_amp': 4.052532607439921, 'pop_peak': 432.11918845583546, 'pop_sig': 1.4786977809495487, 'fuel_k': 0.010626832557373287, 'fuel_half': 1.697083389386389}. Best is trial 421 with value: -0.6216386034937503.
[I 2026-08-19 15:12:10,138] Trial 886 finished with value: -0.597100477689705 and parameters: {'k1': 0.0003075881743445328, 'D_low': 3309.32518059934, 'k2': 0.010742590709353654, 'D_high': 194363.10381878514, 'fire_exp': 1.1137553977291381, 'P_half': 1.0302417698827024, 'pre_dampen_half': 0.5170510444562018, 'gpp_af': 0.012524415218952721, 'gpp_b': 0.0002087186798877014, 'gpp_d': 75.36105903785597, 'ign_k': 0.05553462163220365, 'ign_c': 1.624523431390145, 'trop_agb_crit': 16.635982886978923, 'trop_k_veg': 1.1163065984567613, 'pop_amp': 0.16823034952461524, 'pop_peak': 127.40044481322997, 'pop_sig': 0.5045773640699115, 'fuel_k': 2.08745152067595, 'fuel_half': 0.1648294794079852}. Best is trial 421 with value: -0.6216386034937503.
[I 2026-08-19 15:12:17,089] Trial 887 finished with value: -0.509044455573614 and parameters: {'k1': 0.001838629237121652, 'D_low': 8047.609857842242, 'k2': 0.00010481961683170773, 'D_high': 318336.76661526866, 'fire_exp': 1.1708069350713193, 'P_half': 159.3281184891054, 'pre_dampen_half': 13.04362913276127, 'gpp_af': 0.012184728732777476, 'gpp_b': 1.4416170801501039e-05, 'gpp_d': 0.015701655733800092, 'ign_k': 0.012434071553160897, 'ign_c': 5.499637062296405, 'trop_agb_crit': 11.399431618642522, 'trop_k_veg': 2.4096571458499576, 'pop_amp': 0.15327592885852134, 'pop_peak': 1.209871727275922, 'pop_sig': 0.5650959043512482, 'fuel_k': 0.4869790331213992, 'fuel_half': 0.8980021760916499}. Best is trial 421 with value: -0.6216386034937503.
  trial  888/2500  best_overall=0.6216  (48.2 min)
[I 2026-08-19 15:12:23,761] Trial 888 finished with value: -0.5485779050371087 and parameters: {'k1': 7.24065172278599e-05, 'D_low': 406.97081653886875, 'k2': 0.0002060866251497337, 'D_high': 5586482.2555668885, 'fire_exp': 3.8743315559910667, 'P_half': 145.57636461758844, 'pre_dampen_half': 46.21471635717749, 'gpp_af': 0.016859469626584078, 'gpp_b': 2.4760071774317335e-05, 'gpp_d': 0.4252413811428295, 'ign_k': 0.1584832729556211, 'ign_c': 2.4980811604969997, 'trop_agb_crit': 5.7493544584491385, 'trop_k_veg': 3.840420154135231, 'pop_amp': 3.869816829794702, 'pop_peak': 188.8602681077508, 'pop_sig': 1.3921186170840674, 'fuel_k': 0.01626369812973108, 'fuel_half': 0.4381435676664812}. Best is trial 421 with value: -0.6216386034937503.
[I 2026-08-19 15:12:28,520] Trial 889 finished with value: -0.5193369374681629 and parameters: {'k1': 0.0129854170405952, 'D_low': 67.08665940427012, 'k2': 0.00024040810232624237, 'D_high': 13533.427429593401, 'fire_exp': 3.883096793495909, 'P_half': 394.9938342354035, 'pre_dampen_half': 61.8754272936003, 'gpp_af': 0.03605674191572687, 'gpp_b': 2.768646946984403e-05, 'gpp_d': 0.8922633810350927, 'ign_k': 0.15524214313129733, 'ign_c': 0.43281002272569746, 'trop_agb_crit': 19.626756730123656, 'trop_k_veg': 5.415572957839878, 'pop_amp': 12.979193172055288, 'pop_peak': 2.3115841102724604, 'pop_sig': 0.4318969150815074, 'fuel_k': 0.19300967832029178, 'fuel_half': 1.8338498872020232}. Best is trial 421 with value: -0.6216386034937503.
[I 2026-08-19 15:12:33,157] Trial 890 finished with value: -0.3511730831315687 and parameters: {'k1': 0.00031138554367349773, 'D_low': 131.30908232916033, 'k2': 5.225507299289663e-05, 'D_high': 9428285.944641111, 'fire_exp': 1.0225049029194817, 'P_half': 572.6514817370785, 'pre_dampen_half': 1.2708379479818361, 'gpp_af': 0.0014391752655027862, 'gpp_b': 2.635567293162012e-05, 'gpp_d': 0.8753598426766939, 'ign_k': 6.3266983189726655, 'ign_c': 33.408439954642255, 'trop_agb_crit': 5.483632122008, 'trop_k_veg': 4.541040978146954, 'pop_amp': 0.1856028779424203, 'pop_peak': 0.3319829579015025, 'pop_sig': 2.010828826047106, 'fuel_k': 0.41149302413521754, 'fuel_half': 1.4265353853863396}. Best is trial 421 with value: -0.6216386034937503.
[I 2026-08-19 15:12:37,970] Trial 891 finished with value: -0.4722557517189895 and parameters: {'k1': 0.001980102402808688, 'D_low': 1.0984205896936337, 'k2': 1.6513058727680257e-05, 'D_high': 104318.14466085265, 'fire_exp': 1.258187282930377, 'P_half': 1.0802041211550844, 'pre_dampen_half': 0.6121476106774535, 'gpp_af': 0.1063154579842804, 'gpp_b': 0.0005523096397779774, 'gpp_d': 2.4934436587796878, 'ign_k': 0.006851717085559801, 'ign_c': 11.536708003577626, 'trop_agb_crit': 16.884707071695885, 'trop_k_veg': 1.6905696730248716, 'pop_amp': 0.01101256694989056, 'pop_peak': 15.876496367611077, 'pop_sig': 0.46633720519718896, 'fuel_k': 0.47855732271326434, 'fuel_half': 0.12257464482332708}. Best is trial 421 with value: -0.6216386034937503.
  trial  892/2500  best_overall=0.6216  (48.6 min)
[I 2026-08-19 15:12:44,964] Trial 892 finished with value: -0.5686451585871565 and parameters: {'k1': 0.010982787999755678, 'D_low': 2978.8730390798237, 'k2': 0.0001573701820923536, 'D_high': 66057.96503221372, 'fire_exp': 1.461597534065342, 'P_half': 53.76121769475651, 'pre_dampen_half': 0.2498444199315898, 'gpp_af': 0.01969770221265074, 'gpp_b': 0.0008314869110140514, 'gpp_d': 1.5830955860921712, 'ign_k': 0.18942012051499676, 'ign_c': 0.22578658968376017, 'trop_agb_crit': 13.831760339522093, 'trop_k_veg': 2.2708343564402957, 'pop_amp': 4.527779712340321, 'pop_peak': 0.1902730539454129, 'pop_sig': 1.654388149745675, 'fuel_k': 0.05246350773069083, 'fuel_half': 0.5947155241793893}. Best is trial 421 with value: -0.6216386034937503.
[I 2026-08-19 15:12:48,494] Trial 893 finished with value: -0.5871240942973917 and parameters: {'k1': 3.517738567393681e-05, 'D_low': 3089.0324300774987, 'k2': 0.003984696229750659, 'D_high': 662488.934032723, 'fire_exp': 1.2713563108439538, 'P_half': 2.1473679802033674, 'pre_dampen_half': 38.67571507478895, 'gpp_af': 0.14179887346365247, 'gpp_b': 0.03382050921562986, 'gpp_d': 105.32161782316709, 'ign_k': 2.205751244573707, 'ign_c': 19.370281174381596, 'trop_agb_crit': 13.901946703777744, 'trop_k_veg': 0.708898128068341, 'pop_amp': 0.3620034917143346, 'pop_peak': 25.630124581722114, 'pop_sig': 0.2675381209669759, 'fuel_k': 0.4959184718104203, 'fuel_half': 0.3219525742116788}. Best is trial 421 with value: -0.6216386034937503.
[I 2026-08-19 15:12:52,836] Trial 894 finished with value: -0.43529974792932774 and parameters: {'k1': 0.018047594580136234, 'D_low': 96.7696272388355, 'k2': 7.990947861480653e-05, 'D_high': 6712017.358677026, 'fire_exp': 1.5168978983824832, 'P_half': 79.53046912947629, 'pre_dampen_half': 5.493343040384096, 'gpp_af': 0.01737421898231141, 'gpp_b': 1.2881433022478615e-05, 'gpp_d': 14.610312982757598, 'ign_k': 1.83716521185757, 'ign_c': 29.82018859212425, 'trop_agb_crit': 25.448803125708636, 'trop_k_veg': 1.9095016411396308, 'pop_amp': 0.00243015012820104, 'pop_peak': 33.5919801303806, 'pop_sig': 1.1205412381906643, 'fuel_k': 0.864643867493277, 'fuel_half': 0.18317941975344348}. Best is trial 421 with value: -0.6216386034937503.
[I 2026-08-19 15:12:56,699] Trial 895 finished with value: -0.592824952802388 and parameters: {'k1': 0.012173674579273742, 'D_low': 1.6787759592846094, 'k2': 9.212220958215114e-05, 'D_high': 7309324.350581657, 'fire_exp': 1.0610665439891416, 'P_half': 1.3536232738863139, 'pre_dampen_half': 5.51607913652682, 'gpp_af': 0.002467789148646462, 'gpp_b': 1.4748827769266265e-05, 'gpp_d': 0.013013727831663166, 'ign_k': 0.18458670361616478, 'ign_c': 10.645213086169022, 'trop_agb_crit': 6.315506302182436, 'trop_k_veg': 2.555430866324317, 'pop_amp': 0.0017894863293885688, 'pop_peak': 96.37329230924092, 'pop_sig': 0.29954336060434894, 'fuel_k': 0.17726979819684174, 'fuel_half': 1.5097993299043113}. Best is trial 421 with value: -0.6216386034937503.
[I 2026-08-19 15:13:01,632] Trial 896 finished with value: -0.5513702593101942 and parameters: {'k1': 0.00012547125641558236, 'D_low': 18.94746852683377, 'k2': 0.00010519807598632542, 'D_high': 745571.0990790381, 'fire_exp': 5.514996590354833, 'P_half': 170.1980617649659, 'pre_dampen_half': 218.74909587776258, 'gpp_af': 0.01041782330914653, 'gpp_b': 4.046682488779428e-05, 'gpp_d': 0.5565255252813859, 'ign_k': 0.37345054080922957, 'ign_c': 0.42237394832170233, 'trop_agb_crit': 12.746267617965541, 'trop_k_veg': 3.397917706211801, 'pop_amp': 1.6070711382782679, 'pop_peak': 68.95860986302405, 'pop_sig': 1.6986010804735359, 'fuel_k': 1.4986059487396182, 'fuel_half': 0.8909882378786405}. Best is trial 421 with value: -0.6216386034937503.
  trial  897/2500  best_overall=0.6216  (49.0 min)
[I 2026-08-19 15:13:06,201] Trial 897 finished with value: -0.410890841007331 and parameters: {'k1': 0.00019723233111531899, 'D_low': 329.24148006012905, 'k2': 2.4898469629000074e-05, 'D_high': 816527.7638066637, 'fire_exp': 1.2532051483957696, 'P_half': 641.1353583552456, 'pre_dampen_half': 17.995098812539553, 'gpp_af': 0.00204946957028721, 'gpp_b': 0.015625007228556545, 'gpp_d': 0.1018856875412087, 'ign_k': 8.790418952328457, 'ign_c': 1.2280787542976126, 'trop_agb_crit': 13.131052490214453, 'trop_k_veg': 1.7414134480042658, 'pop_amp': 0.02612706480820745, 'pop_peak': 2.8037676017542545, 'pop_sig': 1.6756358684185029, 'fuel_k': 0.20667437911283165, 'fuel_half': 0.8286518671631719}. Best is trial 421 with value: -0.6216386034937503.
