[I 2026-08-19 13:23:55,936] Trial 780 finished with values: [-0.4132071492280246, 2.0074053530549918e-11] and parameters: {'k1': 6.548510655446336e-05, 'D_low': 286.06841726052676, 'k2': 4.392638796750218e-05, 'D_high': 1840060.4093141211, 'fire_exp': 6.464773756830049, 'P_half': 8894.151386481904, 'pre_dampen_half': 0.2571419084734534, 'gpp_af': 6.635341982375291, 'gpp_b': 1.624829724391053, 'gpp_d': 8.347790852520644, 'ign_k': 1.327536113719196, 'ign_c': 12.366924205139131, 'trop_agb_crit': 23.606263788786194, 'trop_k_veg': 4.30392173391187, 'pop_amp': 6.746076139939917, 'pop_peak': 4.557885026195722, 'pop_sig': 1.0424917012813995, 'fuel_k': 0.18940660610935214, 'fuel_half': 0.3497028715561063}.
[I 2026-08-19 13:23:59,093] Trial 781 finished with values: [-0.40515225601291416, 1.6353420962955667e-06] and parameters: {'k1': 0.005456725485601475, 'D_low': 437.4364439939077, 'k2': 0.0019856031481305684, 'D_high': 1840060.4093141211, 'fire_exp': 3.7695400350033266, 'P_half': 4337.920697490941, 'pre_dampen_half': 0.7465571739720183, 'gpp_af': 0.0077125451401819246, 'gpp_b': 0.021404727132250466, 'gpp_d': 118.26972885708257, 'ign_k': 0.43129510236174595, 'ign_c': 0.5488047000766043, 'trop_agb_crit': 17.69486533706496, 'trop_k_veg': 4.288672925586801, 'pop_amp': 10.985330528057915, 'pop_peak': 4.557885026195722, 'pop_sig': 0.9904669476016459, 'fuel_k': 3.640039183945803, 'fuel_half': 17.890117928710357}.
[I 2026-08-19 13:24:02,195] Trial 782 finished with values: [-0.35956780804467303, 4.816147480823929e-12] and parameters: {'k1': 0.0004846497679219079, 'D_low': 1.6569065206637925, 'k2': 4.392638796750218e-05, 'D_high': 250280.93928264856, 'fire_exp': 4.130336642987559, 'P_half': 8894.151386481904, 'pre_dampen_half': 0.2571419084734534, 'gpp_af': 36.830088529547496, 'gpp_b': 0.14222241542049918, 'gpp_d': 0.08712116476450107, 'ign_k': 0.009935023909063692, 'ign_c': 4.4716799012313055, 'trop_agb_crit': 2.6689615974393592, 'trop_k_veg': 4.288672925586801, 'pop_amp': 5.27924855752961, 'pop_peak': 1.884221947092994, 'pop_sig': 0.28855712799307187, 'fuel_k': 2.8606142106392465, 'fuel_half': 17.890117928710357}.
[I 2026-08-19 13:24:04,707] Trial 783 finished with values: [-0.44145463328006446, 0.0029625238058370584] and parameters: {'k1': 9.67404566214593e-05, 'D_low': 2048.523887932672, 'k2': 6.340140860251457e-05, 'D_high': 1819372.4578178402, 'fire_exp': 2.5321117364280843, 'P_half': 229.5739821454948, 'pre_dampen_half': 0.2571419084734534, 'gpp_af': 0.0028701881471957036, 'gpp_b': 9.67374839440457e-05, 'gpp_d': 108.18665579547857, 'ign_k': 9.162638829638215, 'ign_c': 2.6396009423965827, 'trop_agb_crit': 1.050713312531254, 'trop_k_veg': 2.246382792334124, 'pop_amp': 0.024891633080683897, 'pop_peak': 1.884221947092994, 'pop_sig': 1.804482856986987, 'fuel_k': 3.250046746707412, 'fuel_half': 17.890117928710357}.
[I 2026-08-19 13:24:07,769] Trial 784 finished with values: [-0.42626730303362026, 7.695191820422664e-07] and parameters: {'k1': 1.844951990812239e-05, 'D_low': 1.6569065206637925, 'k2': 0.0014455983984872978, 'D_high': 1907543.828944448, 'fire_exp': 2.8938596518938504, 'P_half': 8894.151386481904, 'pre_dampen_half': 0.2571419084734534, 'gpp_af': 0.18737227240512885, 'gpp_b': 0.007179740972016222, 'gpp_d': 1.0088237648985734, 'ign_k': 0.45791923103229365, 'ign_c': 12.366924205139131, 'trop_agb_crit': 3.544180417534903, 'trop_k_veg': 5.691473319778836, 'pop_amp': 0.04874366481145617, 'pop_peak': 162.62551614461097, 'pop_sig': 0.6871869718280653, 'fuel_k': 0.11148299766359336, 'fuel_half': 17.890117928710357}.
[I 2026-08-19 13:24:11,004] Trial 785 finished with values: [-0.3980383949693896, 1.814980757464113e-06] and parameters: {'k1': 4.0873003903057456e-05, 'D_low': 1368.9795993592197, 'k2': 0.0019856031481305684, 'D_high': 9355.38060645217, 'fire_exp': 6.078435105998158, 'P_half': 229.5739821454948, 'pre_dampen_half': 0.05393491030297468, 'gpp_af': 0.41874665092828456, 'gpp_b': 0.007179740972016222, 'gpp_d': 5.903812696362548, 'ign_k': 0.3699359899959751, 'ign_c': 13.219302264066766, 'trop_agb_crit': 1.050713312531254, 'trop_k_veg': 4.30392173391187, 'pop_amp': 5.27924855752961, 'pop_peak': 0.07575363458033918, 'pop_sig': 0.2530286056251873, 'fuel_k': 3.640039183945803, 'fuel_half': 0.10355826161899183}.
[I 2026-08-19 13:24:13,510] Trial 786 finished with values: [-0.4078097909936516, 5.396628588449914e-09] and parameters: {'k1': 9.67404566214593e-05, 'D_low': 286.06841726052676, 'k2': 6.340140860251457e-05, 'D_high': 1819372.4578178402, 'fire_exp': 4.3161213924316595, 'P_half': 229.5739821454948, 'pre_dampen_half': 0.2571419084734534, 'gpp_af': 0.18737227240512885, 'gpp_b': 1.624829724391053, 'gpp_d': 108.18665579547857, 'ign_k': 0.04439802552990466, 'ign_c': 6.0816733722841345, 'trop_agb_crit': 14.188434224699876, 'trop_k_veg': 3.754644404143055, 'pop_amp': 0.008683934086503814, 'pop_peak': 1.884221947092994, 'pop_sig': 1.804482856986987, 'fuel_k': 3.250046746707412, 'fuel_half': 1.7895437790635824}.
  trial  787/2500  pareto_size=25  best_ilamb=0.6094  (38.6 min)
[I 2026-08-19 13:24:16,759] Trial 787 finished with values: [-0.5926915421715558, 0.0278236648239365] and parameters: {'k1': 1.844951990812239e-05, 'D_low': 27972.024228472703, 'k2': 0.0019856031481305684, 'D_high': 1840060.4093141211, 'fire_exp': 1.3796609641485171, 'P_half': 267.2146013620241, 'pre_dampen_half': 0.05393491030297468, 'gpp_af': 0.0077125451401819246, 'gpp_b': 0.0001605469768042801, 'gpp_d': 118.26972885708257, 'ign_k': 0.45791923103229365, 'ign_c': 12.366924205139131, 'trop_agb_crit': 28.49245476864681, 'trop_k_veg': 4.30392173391187, 'pop_amp': 10.985330528057915, 'pop_peak': 456.60279198301936, 'pop_sig': 1.804482856986987, 'fuel_k': 0.15552861105540366, 'fuel_half': 0.18427970406864538}.
[I 2026-08-19 13:24:19,054] Trial 788 finished with values: [-0.3554625854118624, 0.0] and parameters: {'k1': 0.08924795116437424, 'D_low': 1368.9795993592197, 'k2': 0.0002001342062287998, 'D_high': 24493.271671328574, 'fire_exp': 1.8678802571070678, 'P_half': 267.2146013620241, 'pre_dampen_half': 0.2571419084734534, 'gpp_af': 0.9346598275601615, 'gpp_b': 1.788789091682049e-05, 'gpp_d': 108.18665579547857, 'ign_k': 0.17320535908244444, 'ign_c': 225.58738962142354, 'trop_agb_crit': 9.561362341798622, 'trop_k_veg': 4.123767628499741, 'pop_amp': 0.004708042915737182, 'pop_peak': 1.421337820414783, 'pop_sig': 0.4663206866626952, 'fuel_k': 0.9666195090843235, 'fuel_half': 1.7895437790635824}.
[I 2026-08-19 13:24:21,516] Trial 789 finished with values: [-0.41715433798110046, 3.698068840041202e-08] and parameters: {'k1': 9.67404566214593e-05, 'D_low': 1.6288013838597386, 'k2': 0.0002001342062287998, 'D_high': 1840060.4093141211, 'fire_exp': 4.4758690202162805, 'P_half': 10.436686039715203, 'pre_dampen_half': 0.2571419084734534, 'gpp_af': 0.18737227240512885, 'gpp_b': 0.0004837646996135023, 'gpp_d': 118.26972885708257, 'ign_k': 0.04439802552990466, 'ign_c': 89.12611835816996, 'trop_agb_crit': 3.544180417534903, 'trop_k_veg': 4.30392173391187, 'pop_amp': 0.008683934086503814, 'pop_peak': 1.884221947092994, 'pop_sig': 0.6871869718280653, 'fuel_k': 3.250046746707412, 'fuel_half': 1.7895437790635824}.
[I 2026-08-19 13:24:24,539] Trial 790 finished with values: [-0.3550872681902262, 0.0] and parameters: {'k1': 1.844951990812239e-05, 'D_low': 6293.732112193172, 'k2': 0.0067445742055710165, 'D_high': 1840060.4093141211, 'fire_exp': 5.568443054627199, 'P_half': 6281.776703992854, 'pre_dampen_half': 0.0971297898952573, 'gpp_af': 0.0077125451401819246, 'gpp_b': 1.1645080536732737, 'gpp_d': 118.26972885708257, 'ign_k': 0.43129510236174595, 'ign_c': 13.909474988024083, 'trop_agb_crit': 28.49245476864681, 'trop_k_veg': 6.972354563243685, 'pop_amp': 0.0013002472438361158, 'pop_peak': 4.557885026195722, 'pop_sig': 1.804482856986987, 'fuel_k': 4.04437775870989, 'fuel_half': 17.890117928710357}.
[I 2026-08-19 13:24:27,236] Trial 791 finished with values: [-0.3554625854118624, 0.0] and parameters: {'k1': 4.0873003903057456e-05, 'D_low': 27972.024228472703, 'k2': 6.455386366109267e-05, 'D_high': 9355.38060645217, 'fire_exp': 6.464773756830049, 'P_half': 4.937355303501834, 'pre_dampen_half': 0.2571419084734534, 'gpp_af': 0.005018406982902927, 'gpp_b': 1.1645080536732737, 'gpp_d': 118.26972885708257, 'ign_k': 0.3699359899959751, 'ign_c': 12.366924205139131, 'trop_agb_crit': 28.49245476864681, 'trop_k_veg': 7.122056695907176, 'pop_amp': 0.04874366481145617, 'pop_peak': 0.17274196344453516, 'pop_sig': 0.6871869718280653, 'fuel_k': 3.640039183945803, 'fuel_half': 0.10355826161899183}.
[I 2026-08-19 13:24:29,712] Trial 792 finished with values: [-0.41689032747160065, 9.219480734401486e-11] and parameters: {'k1': 9.67404566214593e-05, 'D_low': 1.6569065206637925, 'k2': 0.0019856031481305684, 'D_high': 1661855.441285105, 'fire_exp': 6.454675979546216, 'P_half': 8894.151386481904, 'pre_dampen_half': 0.2571419084734534, 'gpp_af': 0.18737227240512885, 'gpp_b': 0.0004837646996135023, 'gpp_d': 118.26972885708257, 'ign_k': 0.04439802552990466, 'ign_c': 12.366924205139131, 'trop_agb_crit': 14.188434224699876, 'trop_k_veg': 4.30392173391187, 'pop_amp': 10.985330528057915, 'pop_peak': 1.884221947092994, 'pop_sig': 0.6871869718280653, 'fuel_k': 3.250046746707412, 'fuel_half': 1.7895437790635824}.
[I 2026-08-19 13:24:32,429] Trial 793 finished with values: [-0.38343061785947335, 3.3306690738754696e-16] and parameters: {'k1': 2.9693357731296325e-05, 'D_low': 286.06841726052676, 'k2': 0.0003856302813879373, 'D_high': 5109990.03526815, 'fire_exp': 6.464773756830049, 'P_half': 8894.151386481904, 'pre_dampen_half': 0.0971297898952573, 'gpp_af': 0.18737227240512885, 'gpp_b': 1.1645080536732737, 'gpp_d': 118.26972885708257, 'ign_k': 0.45791923103229365, 'ign_c': 12.366924205139131, 'trop_agb_crit': 2.6689615974393592, 'trop_k_veg': 3.754644404143055, 'pop_amp': 0.0013002472438361158, 'pop_peak': 4.557885026195722, 'pop_sig': 1.8528333992769594, 'fuel_k': 0.11148299766359336, 'fuel_half': 17.890117928710357}.
[I 2026-08-19 13:24:34,975] Trial 794 finished with values: [-0.4118266907206471, 9.445171014854647e-05] and parameters: {'k1': 4.929552311643645e-05, 'D_low': 286.06841726052676, 'k2': 0.0002963213920402737, 'D_high': 24493.271671328574, 'fire_exp': 5.433392060430592, 'P_half': 1.332700437360483, 'pre_dampen_half': 0.2571419084734534, 'gpp_af': 0.18737227240512885, 'gpp_b': 0.0007417652034871827, 'gpp_d': 118.26972885708257, 'ign_k': 0.04439802552990466, 'ign_c': 0.15590073239763044, 'trop_agb_crit': 17.69486533706496, 'trop_k_veg': 0.8084202024508578, 'pop_amp': 0.008683934086503814, 'pop_peak': 1.9043491615789352, 'pop_sig': 0.6871869718280653, 'fuel_k': 0.9199338799678547, 'fuel_half': 1.7895437790635824}.
  trial  795/2500  pareto_size=25  best_ilamb=0.6094  (38.9 min)
[I 2026-08-19 13:24:38,102] Trial 795 finished with values: [-0.42743531930737433, 0.0007891206597024913] and parameters: {'k1': 2.9693357731296325e-05, 'D_low': 15150.361381456718, 'k2': 0.0032792262899971644, 'D_high': 1124534.1807254362, 'fire_exp': 1.8678802571070678, 'P_half': 1636.5290600718067, 'pre_dampen_half': 0.2571419084734534, 'gpp_af': 0.0077125451401819246, 'gpp_b': 9.67374839440457e-05, 'gpp_d': 118.26972885708257, 'ign_k': 0.45791923103229365, 'ign_c': 4.4716799012313055, 'trop_agb_crit': 3.544180417534903, 'trop_k_veg': 4.30392173391187, 'pop_amp': 0.029228481237926353, 'pop_peak': 503.7153440645595, 'pop_sig': 1.804482856986987, 'fuel_k': 0.08095906404593219, 'fuel_half': 17.890117928710357}.
[I 2026-08-19 13:24:40,517] Trial 796 finished with values: [-0.42954782236986044, 8.069761934237363e-07] and parameters: {'k1': 1.844951990812239e-05, 'D_low': 286.06841726052676, 'k2': 0.0014455983984872978, 'D_high': 1840060.4093141211, 'fire_exp': 3.7695400350033266, 'P_half': 6281.776703992854, 'pre_dampen_half': 0.2571419084734534, 'gpp_af': 69.07170464178779, 'gpp_b': 0.0001605469768042801, 'gpp_d': 118.26972885708257, 'ign_k': 0.17320535908244444, 'ign_c': 13.909474988024083, 'trop_agb_crit': 14.188434224699876, 'trop_k_veg': 6.972354563243685, 'pop_amp': 0.0013002472438361158, 'pop_peak': 0.17274196344453516, 'pop_sig': 1.804482856986987, 'fuel_k': 2.8606142106392465, 'fuel_half': 0.27968176455765076}.
[I 2026-08-19 13:24:42,779] Trial 797 finished with values: [-0.5766744205414714, 0.1110809500211809] and parameters: {'k1': 0.005456725485601475, 'D_low': 437.4364439939077, 'k2': 0.0019856031481305684, 'D_high': 1840060.4093141211, 'fire_exp': 1.0824018381500955, 'P_half': 267.2146013620241, 'pre_dampen_half': 0.19674328025306115, 'gpp_af': 0.9346598275601615, 'gpp_b': 0.0007417652034871827, 'gpp_d': 108.18665579547857, 'ign_k': 0.009935023909063692, 'ign_c': 1.668848304978237, 'trop_agb_crit': 9.561362341798622, 'trop_k_veg': 0.8084202024508578, 'pop_amp': 0.004708042915737182, 'pop_peak': 1.9043491615789352, 'pop_sig': 0.5314193463179775, 'fuel_k': 3.640039183945803, 'fuel_half': 0.18427970406864538}.
[I 2026-08-19 13:24:45,094] Trial 798 finished with values: [-0.4136195793374763, 9.919667420810185e-09] and parameters: {'k1': 4.0873003903057456e-05, 'D_low': 1.6569065206637925, 'k2': 0.0019856031481305684, 'D_high': 1840060.4093141211, 'fire_exp': 6.464773756830049, 'P_half': 1636.5290600718067, 'pre_dampen_half': 0.05393491030297468, 'gpp_af': 0.005018406982902927, 'gpp_b': 0.0007417652034871827, 'gpp_d': 118.26972885708257, 'ign_k': 0.04439802552990466, 'ign_c': 12.366924205139131, 'trop_agb_crit': 27.05166881899929, 'trop_k_veg': 6.972354563243685, 'pop_amp': 6.746076139939917, 'pop_peak': 1.9043491615789352, 'pop_sig': 0.6871869718280653, 'fuel_k': 5.706437033023268, 'fuel_half': 42.65326544784389}.
[I 2026-08-19 13:24:47,628] Trial 799 finished with values: [-0.41982053222339716, 1.3057392389548284e-08] and parameters: {'k1': 1.844951990812239e-05, 'D_low': 27972.024228472703, 'k2': 0.0014455983984872978, 'D_high': 1840060.4093141211, 'fire_exp': 4.4758690202162805, 'P_half': 8894.151386481904, 'pre_dampen_half': 0.2571419084734534, 'gpp_af': 0.18737227240512885, 'gpp_b': 5.349456206882108e-05, 'gpp_d': 118.26972885708257, 'ign_k': 0.0023181776112903506, 'ign_c': 12.366924205139131, 'trop_agb_crit': 3.544180417534903, 'trop_k_veg': 4.30392173391187, 'pop_amp': 10.985330528057915, 'pop_peak': 503.7153440645595, 'pop_sig': 0.6871869718280653, 'fuel_k': 0.022805907608636752, 'fuel_half': 0.18427970406864538}.
[I 2026-08-19 13:24:49,959] Trial 800 finished with values: [-0.42401906174040105, 0.0006057446319838178] and parameters: {'k1': 0.005456725485601475, 'D_low': 437.4364439939077, 'k2': 4.392638796750218e-05, 'D_high': 6543576.946931886, 'fire_exp': 1.0824018381500955, 'P_half': 4337.920697490941, 'pre_dampen_half': 0.19674328025306115, 'gpp_af': 0.18737227240512885, 'gpp_b': 0.620439464939785, 'gpp_d': 117.2128156438701, 'ign_k': 0.3699359899959751, 'ign_c': 30.08512495286993, 'trop_agb_crit': 17.69486533706496, 'trop_k_veg': 7.919104787255823, 'pop_amp': 10.985330528057915, 'pop_peak': 0.22533749272964107, 'pop_sig': 1.804482856986987, 'fuel_k': 3.640039183945803, 'fuel_half': 1.273293703632144}.
[I 2026-08-19 13:24:52,402] Trial 801 finished with values: [-0.415124978029767, 3.922299406955432e-05] and parameters: {'k1': 0.005456725485601475, 'D_low': 437.4364439939077, 'k2': 3.077180271250682e-05, 'D_high': 1661855.441285105, 'fire_exp': 7.856097010829145, 'P_half': 62.29347004284256, 'pre_dampen_half': 0.19674328025306115, 'gpp_af': 0.9346598275601615, 'gpp_b': 0.620439464939785, 'gpp_d': 108.18665579547857, 'ign_k': 0.1537592023548176, 'ign_c': 0.5488047000766043, 'trop_agb_crit': 3.3887235042490564, 'trop_k_veg': 0.8084202024508578, 'pop_amp': 10.985330528057915, 'pop_peak': 13.10465149744836, 'pop_sig': 0.4663206866626952, 'fuel_k': 1.3626356448811705, 'fuel_half': 0.18427970406864538}.
[I 2026-08-19 13:24:54,940] Trial 802 finished with values: [-0.4373740946010316, 0.012816975243044482] and parameters: {'k1': 4.929552311643645e-05, 'D_low': 2.400213216646464, 'k2': 0.0019856031481305684, 'D_high': 1840060.4093141211, 'fire_exp': 3.7695400350033266, 'P_half': 267.2146013620241, 'pre_dampen_half': 0.7465571739720183, 'gpp_af': 69.07170464178779, 'gpp_b': 0.0001605469768042801, 'gpp_d': 118.26972885708257, 'ign_k': 0.43129510236174595, 'ign_c': 0.13492881864712067, 'trop_agb_crit': 28.49245476864681, 'trop_k_veg': 6.972354563243685, 'pop_amp': 0.0013002472438361158, 'pop_peak': 4.557885026195722, 'pop_sig': 1.804482856986987, 'fuel_k': 4.04437775870989, 'fuel_half': 17.890117928710357}.
[I 2026-08-19 13:24:57,439] Trial 803 finished with values: [-0.38866029552040804, 1.7085610926059758e-08] and parameters: {'k1': 0.005456725485601475, 'D_low': 437.4364439939077, 'k2': 3.077180271250682e-05, 'D_high': 1661855.441285105, 'fire_exp': 1.0824018381500955, 'P_half': 4337.920697490941, 'pre_dampen_half': 0.19674328025306115, 'gpp_af': 2.0540519425388455, 'gpp_b': 0.05825704883392061, 'gpp_d': 0.050654860639753524, 'ign_k': 0.1537592023548176, 'ign_c': 89.12611835816996, 'trop_agb_crit': 17.69486533706496, 'trop_k_veg': 4.891066132801691, 'pop_amp': 0.008683934086503814, 'pop_peak': 1.884221947092994, 'pop_sig': 1.804482856986987, 'fuel_k': 3.640039183945803, 'fuel_half': 0.18427970406864538}.
  trial  804/2500  pareto_size=25  best_ilamb=0.6094  (39.3 min)
[I 2026-08-19 13:25:00,670] Trial 804 finished with values: [-0.39071540478842254, 0.0013112277851088372] and parameters: {'k1': 0.005456725485601475, 'D_low': 21499.36481818443, 'k2': 0.0002001342062287998, 'D_high': 1661855.441285105, 'fire_exp': 6.454675979546216, 'P_half': 10.436686039715203, 'pre_dampen_half': 30.11226646948154, 'gpp_af': 49.583649914027546, 'gpp_b': 0.7652822088380072, 'gpp_d': 117.2128156438701, 'ign_k': 0.04439802552990466, 'ign_c': 12.366924205139131, 'trop_agb_crit': 28.49245476864681, 'trop_k_veg': 0.5443513380244235, 'pop_amp': 0.008683934086503814, 'pop_peak': 1.884221947092994, 'pop_sig': 1.804482856986987, 'fuel_k': 0.622529758569628, 'fuel_half': 1.7895437790635824}.
[I 2026-08-19 13:25:03,704] Trial 805 finished with values: [-0.3554625854118624, 0.0] and parameters: {'k1': 9.67404566214593e-05, 'D_low': 286.06841726052676, 'k2': 6.340140860251457e-05, 'D_high': 1819372.4578178402, 'fire_exp': 4.3161213924316595, 'P_half': 229.5739821454948, 'pre_dampen_half': 0.2571419084734534, 'gpp_af': 0.0028701881471957036, 'gpp_b': 1.624829724391053, 'gpp_d': 108.18665579547857, 'ign_k': 9.162638829638215, 'ign_c': 350.5767590795628, 'trop_agb_crit': 1.4383685371489123, 'trop_k_veg': 3.754644404143055, 'pop_amp': 0.024891633080683897, 'pop_peak': 1.884221947092994, 'pop_sig': 0.9904669476016459, 'fuel_k': 3.640039183945803, 'fuel_half': 6.013578749623096}.
[I 2026-08-19 13:25:06,578] Trial 806 finished with values: [-0.5850723282279853, 0.15444741219134694] and parameters: {'k1': 1.844951990812239e-05, 'D_low': 27972.024228472703, 'k2': 0.0019856031481305684, 'D_high': 1124534.1807254362, 'fire_exp': 1.1633452995374232, 'P_half': 1517.2922775770444, 'pre_dampen_half': 0.19674328025306115, 'gpp_af': 2.0540519425388455, 'gpp_b': 9.67374839440457e-05, 'gpp_d': 118.26972885708257, 'ign_k': 7.107346698112278, 'ign_c': 0.7313962512403624, 'trop_agb_crit': 3.3887235042490564, 'trop_k_veg': 5.691473319778836, 'pop_amp': 10.985330528057915, 'pop_peak': 162.62551614461097, 'pop_sig': 0.9904669476016459, 'fuel_k': 0.11148299766359336, 'fuel_half': 0.18427970406864538}.
[I 2026-08-19 13:25:08,808] Trial 807 finished with values: [-0.35515196980003066, 0.0] and parameters: {'k1': 4.0873003903057456e-05, 'D_low': 286.06841726052676, 'k2': 0.0003682161160206092, 'D_high': 1840060.4093141211, 'fire_exp': 7.856097010829145, 'P_half': 8894.151386481904, 'pre_dampen_half': 0.2571419084734534, 'gpp_af': 0.005018406982902927, 'gpp_b': 0.14222241542049918, 'gpp_d': 108.18665579547857, 'ign_k': 0.1537592023548176, 'ign_c': 0.5488047000766043, 'trop_agb_crit': 27.05166881899929, 'trop_k_veg': 4.288672925586801, 'pop_amp': 0.0021433490423168255, 'pop_peak': 352.89806695809773, 'pop_sig': 0.9904669476016459, 'fuel_k': 3.640039183945803, 'fuel_half': 17.890117928710357}.
[I 2026-08-19 13:25:10,986] Trial 808 finished with values: [-0.38463049640208624, 1.7586603284769353e-09] and parameters: {'k1': 9.67404566214593e-05, 'D_low': 1.6569065206637925, 'k2': 0.0002001342062287998, 'D_high': 1661855.441285105, 'fire_exp': 1.8678802571070678, 'P_half': 10.436686039715203, 'pre_dampen_half': 30.11226646948154, 'gpp_af': 0.18737227240512885, 'gpp_b': 1.788789091682049e-05, 'gpp_d': 0.050654860639753524, 'ign_k': 0.17320535908244444, 'ign_c': 89.12611835816996, 'trop_agb_crit': 14.188434224699876, 'trop_k_veg': 0.5443513380244235, 'pop_amp': 0.059524932878216974, 'pop_peak': 0.05281056279423359, 'pop_sig': 1.804482856986987, 'fuel_k': 3.250046746707412, 'fuel_half': 1.7895437790635824}.
[I 2026-08-19 13:25:13,466] Trial 809 finished with values: [-0.3554625854118624, 0.0] and parameters: {'k1': 0.006059999467262206, 'D_low': 393.5385399037397, 'k2': 0.0021608491389795734, 'D_high': 1907543.828944448, 'fire_exp': 6.464773756830049, 'P_half': 8894.151386481904, 'pre_dampen_half': 0.10189118197357125, 'gpp_af': 0.18737227240512885, 'gpp_b': 0.05825704883392061, 'gpp_d': 0.050654860639753524, 'ign_k': 0.3818468247973969, 'ign_c': 89.12611835816996, 'trop_agb_crit': 14.188434224699876, 'trop_k_veg': 5.691473319778836, 'pop_amp': 6.746076139939917, 'pop_peak': 4.557885026195722, 'pop_sig': 0.4663206866626952, 'fuel_k': 5.706437033023268, 'fuel_half': 17.890117928710357}.
