[I 2026-06-11 13:06:00,654] Trial 176 finished with values: [10.71981781551009, 10.71981781551009] and parameters: {'k1': 4.739584301027366e-05, 'D_low': 13.012518385211498, 'k2': 5.105542986365652e-05, 'D_high': 22.636544662054543, 'fire_exp': 1.0420149135640993, 'P_half': 7556.810141274427, 'pre_dampen_half': 75.10418138777538, 'gpp_af': 49.830438374949125, 'gpp_b': 1.8400604093141188, 'gpp_d': 9.761125443110442, 'ign_k': 0.0014363112408604436, 'ign_c': 0.22592797420156951, 'trop_agb_crit': 8.462233625364036, 'trop_k_veg': 0.5667990147757791, 'fire_amp': 5.869450070968175}.
[I 2026-06-11 13:06:01,581] Trial 177 finished with values: [10.649690431737016, 10.649690431737016] and parameters: {'k1': 0.006079905434073396, 'D_low': 2267.735223551285, 'k2': 4.933751600448335e-05, 'D_high': 42.242359735170886, 'fire_exp': 1.7792742686803427, 'P_half': 157.3644610977214, 'pre_dampen_half': 37.40930273158252, 'gpp_af': 0.09885838682552685, 'gpp_b': 0.00047819318414852577, 'gpp_d': 0.4742269251269962, 'ign_k': 1.6270983114897255, 'ign_c': 0.10435856341129002, 'trop_agb_crit': 8.0091368834625, 'trop_k_veg': 1.508040082046931, 'fire_amp': 1.5587346124822492}.
[I 2026-06-11 13:06:02,530] Trial 178 finished with values: [10.765702252588044, 10.765702252588044] and parameters: {'k1': 0.017276056747028225, 'D_low': 1739.6167422846984, 'k2': 0.02939607009739149, 'D_high': 44974.07193749848, 'fire_exp': 3.2459542834651627, 'P_half': 101.40635645866499, 'pre_dampen_half': 1.3767835510755015, 'gpp_af': 1.7775411110039254, 'gpp_b': 0.010483435442445016, 'gpp_d': 95.2715755007094, 'ign_k': 0.0014363112408604436, 'ign_c': 2.2489542843914485, 'trop_agb_crit': 3.5874145253515306, 'trop_k_veg': 2.6621805854739096, 'fire_amp': 1.032981306188127}.
[I 2026-06-11 13:06:03,467] Trial 179 finished with values: [10.759603545784863, 10.759603545784863] and parameters: {'k1': 0.0001887567630782227, 'D_low': 2396.0796124300746, 'k2': 0.0001870742013766025, 'D_high': 18108.14362107968, 'fire_exp': 1.9136159174067866, 'P_half': 4303.306161410612, 'pre_dampen_half': 123.04779330083686, 'gpp_af': 1.3954498518315706, 'gpp_b': 1.8400604093141188, 'gpp_d': 3.57879245350232, 'ign_k': 0.0467351899956275, 'ign_c': 0.773448215664679, 'trop_agb_crit': 1.8285200278523417, 'trop_k_veg': 2.724170387400844, 'fire_amp': 4.2446263054164195}.
[I 2026-06-11 13:06:04,400] Trial 180 finished with values: [10.759049421474543, 10.759049421474543] and parameters: {'k1': 0.0003445931091927334, 'D_low': 1.7551403048208316, 'k2': 0.045914852167405346, 'D_high': 431.45617043093523, 'fire_exp': 1.41873960828944, 'P_half': 3.591771421517613, 'pre_dampen_half': 0.011396414164620812, 'gpp_af': 1.9706963379095486, 'gpp_b': 0.00807491410172472, 'gpp_d': 46.010874324515754, 'ign_k': 0.00840038491455979, 'ign_c': 48.704711413416454, 'trop_agb_crit': 12.708819454040446, 'trop_k_veg': 0.5535297685306277, 'fire_amp': 1.5719333351012774}.
[I 2026-06-11 13:06:05,359] Trial 181 finished with values: [10.760557059393632, 10.760557059393632] and parameters: {'k1': 9.132348475718357e-05, 'D_low': 6351.221010640702, 'k2': 0.008471801418819975, 'D_high': 2481.0409748678126, 'fire_exp': 1.4322493718230251, 'P_half': 3.591771421517613, 'pre_dampen_half': 0.0195172246414495, 'gpp_af': 2.5017068255320485, 'gpp_b': 0.040428727350273294, 'gpp_d': 304.7488318185732, 'ign_k': 0.0012087541473056963, 'ign_c': 757.9479953347999, 'trop_agb_crit': 2.100813292597435, 'trop_k_veg': 6.963655030926962, 'fire_amp': 1.3851197621057665}.
[I 2026-06-11 13:06:06,294] Trial 182 finished with values: [10.769091396299357, 10.769091396299357] and parameters: {'k1': 0.006079905434073396, 'D_low': 43.2326421037033, 'k2': 0.0001870742013766025, 'D_high': 42.242359735170886, 'fire_exp': 1.7792742686803427, 'P_half': 157.3644610977214, 'pre_dampen_half': 37.40930273158252, 'gpp_af': 0.10098504976210308, 'gpp_b': 0.5224805001589191, 'gpp_d': 0.027993358856978585, 'ign_k': 0.8945150807271531, 'ign_c': 16.497426799845446, 'trop_agb_crit': 4.1382568201479, 'trop_k_veg': 1.6003641872536711, 'fire_amp': 1.5587346124822492}.
[I 2026-06-11 13:06:07,243] Trial 183 finished with values: [10.757367955445368, 10.757367955445368] and parameters: {'k1': 5.7909642338812115e-05, 'D_low': 408.3047491580097, 'k2': 0.032845299795769424, 'D_high': 24.9899605789089, 'fire_exp': 1.7505406131449859, 'P_half': 4303.306161410612, 'pre_dampen_half': 189.88136301569827, 'gpp_af': 14.161176080022173, 'gpp_b': 0.002416023630607169, 'gpp_d': 545.0253444559129, 'ign_k': 0.00660597889201953, 'ign_c': 22.126836566118193, 'trop_agb_crit': 21.086120736447015, 'trop_k_veg': 0.5183533149347164, 'fire_amp': 1.1655705619308396}.
[I 2026-06-11 13:06:08,176] Trial 184 finished with values: [10.740908736812461, 10.740908736812461] and parameters: {'k1': 0.0004110848435021229, 'D_low': 236.79352040223893, 'k2': 0.015763894361785387, 'D_high': 69868.4759244566, 'fire_exp': 1.4081947723562425, 'P_half': 2.226799690893868, 'pre_dampen_half': 0.11609694921678075, 'gpp_af': 96.4653310890222, 'gpp_b': 0.010307896803108956, 'gpp_d': 9.482548804624958, 'ign_k': 0.0018548376790967168, 'ign_c': 99.96359851911319, 'trop_agb_crit': 2.0420012944047587, 'trop_k_veg': 6.133177812136482, 'fire_amp': 1.4442077384959786}.
[I 2026-06-11 13:06:09,212] Trial 185 finished with values: [10.541497805625074, 10.541497805625074] and parameters: {'k1': 0.0018697387216131526, 'D_low': 6010.742028864748, 'k2': 0.045914852167405346, 'D_high': 16780.50857913099, 'fire_exp': 1.41873960828944, 'P_half': 12.280874862135363, 'pre_dampen_half': 16.009350908593582, 'gpp_af': 0.008117091133892173, 'gpp_b': 0.00012118589392553798, 'gpp_d': 12.338826503601998, 'ign_k': 0.07867677706257832, 'ign_c': 7.081721844034206, 'trop_agb_crit': 4.902399583903479, 'trop_k_veg': 4.989748894578724, 'fire_amp': 3.1543496524370136}.
[I 2026-06-11 13:06:10,150] Trial 186 finished with values: [11.92958265441117, 11.92958265441117] and parameters: {'k1': 0.0001887567630782227, 'D_low': 2396.0796124300746, 'k2': 0.003767022142229395, 'D_high': 431.45617043093523, 'fire_exp': 1.0601964743503993, 'P_half': 4.213183643253957, 'pre_dampen_half': 30.456909077772018, 'gpp_af': 1.3954498518315706, 'gpp_b': 1.4540386644083135e-05, 'gpp_d': 47.35384181058586, 'ign_k': 1.636529060071807, 'ign_c': 1.3431925993528124, 'trop_agb_crit': 1.8285200278523417, 'trop_k_veg': 0.6673124511410327, 'fire_amp': 4.19233232783727}.
[I 2026-06-11 13:06:11,090] Trial 187 finished with values: [10.7692307688997, 10.7692307688997] and parameters: {'k1': 0.017276056747028225, 'D_low': 1739.6167422846984, 'k2': 0.02939607009739149, 'D_high': 32.52245757497283, 'fire_exp': 1.41873960828944, 'P_half': 101.40635645866499, 'pre_dampen_half': 98.05638874011484, 'gpp_af': 1.7775411110039254, 'gpp_b': 0.0011857788502887916, 'gpp_d': 304.7488318185732, 'ign_k': 3.6309591863459096, 'ign_c': 46.798394497739366, 'trop_agb_crit': 1.7969555911761859, 'trop_k_veg': 0.8521362768401355, 'fire_amp': 2.818314238665462}.
[I 2026-06-11 13:06:12,069] Trial 188 finished with values: [10.609791226234435, 10.609791226234435] and parameters: {'k1': 1.1281785190969807e-05, 'D_low': 15.0613200804335, 'k2': 5.153993511603138e-05, 'D_high': 69868.4759244566, 'fire_exp': 1.3807440352456883, 'P_half': 2.226799690893868, 'pre_dampen_half': 4.847666216751353, 'gpp_af': 29.700320404259642, 'gpp_b': 0.010307896803108956, 'gpp_d': 1.336803341156552, 'ign_k': 0.001229921046579313, 'ign_c': 1.364908766641693, 'trop_agb_crit': 12.9667438075127, 'trop_k_veg': 6.030247256556128, 'fire_amp': 2.7806853670293616}.
[I 2026-06-11 13:06:13,009] Trial 189 finished with values: [10.75125550971699, 10.75125550971699] and parameters: {'k1': 0.005967518552547517, 'D_low': 148.21691630007544, 'k2': 0.0001016707987819611, 'D_high': 22.636544662054543, 'fire_exp': 1.3201882743050743, 'P_half': 4303.306161410612, 'pre_dampen_half': 11.669626228257902, 'gpp_af': 0.10098504976210308, 'gpp_b': 0.010483435442445016, 'gpp_d': 545.0253444559129, 'ign_k': 0.004105873950290761, 'ign_c': 157.63098727399432, 'trop_agb_crit': 5.588032458772675, 'trop_k_veg': 2.724170387400844, 'fire_amp': 1.032981306188127}.
[I 2026-06-11 13:06:14,299] Trial 190 finished with values: [12.292748620643273, 12.292748620643273] and parameters: {'k1': 0.006079905434073396, 'D_low': 43.2326421037033, 'k2': 0.045914852167405346, 'D_high': 16780.50857913099, 'fire_exp': 1.4690410989404576, 'P_half': 3.591771421517613, 'pre_dampen_half': 903.3231300044874, 'gpp_af': 0.008117091133892173, 'gpp_b': 0.00807491410172472, 'gpp_d': 12.338826503601998, 'ign_k': 0.8945150807271531, 'ign_c': 7.081721844034206, 'trop_agb_crit': 2.1989086830950257, 'trop_k_veg': 0.5535297685306277, 'fire_amp': 1.5719333351012774}.
[I 2026-06-11 13:06:15,814] Trial 191 finished with values: [10.253684577701526, 10.253684577701526] and parameters: {'k1': 0.0018697387216131526, 'D_low': 1.4002277211577039, 'k2': 0.0007731571570012607, 'D_high': 16780.50857913099, 'fire_exp': 1.1633452995374232, 'P_half': 3.591771421517613, 'pre_dampen_half': 16.009350908593582, 'gpp_af': 0.008117091133892173, 'gpp_b': 0.004411400434514031, 'gpp_d': 1.0088237648985734, 'ign_k': 0.17320535908244444, 'ign_c': 7.081721844034206, 'trop_agb_crit': 1.8566494291193822, 'trop_k_veg': 6.825463866194253, 'fire_amp': 1.5719333351012774}.
[I 2026-06-11 13:06:16,938] Trial 192 finished with values: [10.23049145250475, 10.23049145250475] and parameters: {'k1': 0.016973078532467004, 'D_low': 171.2446447678494, 'k2': 0.0004976087827261435, 'D_high': 27.55546207779663, 'fire_exp': 1.2918065501148304, 'P_half': 51.10120656497163, 'pre_dampen_half': 123.04779330083686, 'gpp_af': 0.2204465010099918, 'gpp_b': 0.015062722325200045, 'gpp_d': 20.81401325574021, 'ign_k': 0.002357279455676982, 'ign_c': 388.02797007866826, 'trop_agb_crit': 24.199763404822136, 'trop_k_veg': 1.2749676887479542, 'fire_amp': 5.606809127618709}.
[I 2026-06-11 13:06:17,982] Trial 193 finished with values: [10.161775762803389, 10.161775762803389] and parameters: {'k1': 0.003968136435370146, 'D_low': 12.105387404469584, 'k2': 0.003767022142229395, 'D_high': 6682.9607218310075, 'fire_exp': 1.0601964743503993, 'P_half': 1265.0580856641704, 'pre_dampen_half': 10.931606102061748, 'gpp_af': 0.060029341913968644, 'gpp_b': 0.001674375583895437, 'gpp_d': 1.4397852866783676, 'ign_k': 0.0032383308053152635, 'ign_c': 1.364908766641693, 'trop_agb_crit': 12.9667438075127, 'trop_k_veg': 5.636143940068465, 'fire_amp': 2.7806853670293616}.
[I 2026-06-11 13:06:19,045] Trial 194 finished with values: [10.765139879327426, 10.765139879327426] and parameters: {'k1': 0.05705198955850472, 'D_low': 1739.6167422846984, 'k2': 0.0011239682517242113, 'D_high': 16780.50857913099, 'fire_exp': 3.2459542834651627, 'P_half': 3.591771421517613, 'pre_dampen_half': 98.05638874011484, 'gpp_af': 1.7775411110039254, 'gpp_b': 0.16285506249643175, 'gpp_d': 0.1423472425072452, 'ign_k': 3.6309591863459096, 'ign_c': 2.2489542843914485, 'trop_agb_crit': 12.708819454040446, 'trop_k_veg': 0.5535297685306277, 'fire_amp': 1.5719333351012774}.
[I 2026-06-11 13:06:20,088] Trial 195 finished with values: [10.590524753556206, 10.590524753556206] and parameters: {'k1': 0.00023134781612225627, 'D_low': 5.08290658294838, 'k2': 0.0001280886335404798, 'D_high': 24.9899605789089, 'fire_exp': 1.811096651915224, 'P_half': 9.580682294110435, 'pre_dampen_half': 121.93011993958949, 'gpp_af': 0.07118041471054574, 'gpp_b': 1.4008921101492135e-05, 'gpp_d': 0.1619054449471649, 'ign_k': 0.002357279455676982, 'ign_c': 7.081721844034206, 'trop_agb_crit': 21.086120736447015, 'trop_k_veg': 0.5183533149347164, 'fire_amp': 1.5719333351012774}.
[I 2026-06-11 13:06:21,027] Trial 196 finished with values: [10.558036860443911, 10.558036860443911] and parameters: {'k1': 0.00026539376439360527, 'D_low': 1074.940539517341, 'k2': 1.1417577140741129e-05, 'D_high': 29.126651668813768, 'fire_exp': 1.111738490499784, 'P_half': 2.226799690893868, 'pre_dampen_half': 4.847666216751353, 'gpp_af': 0.060029341913968644, 'gpp_b': 0.006999112505425414, 'gpp_d': 0.030844007727232167, 'ign_k': 0.09256855841989636, 'ign_c': 0.7619822175388142, 'trop_agb_crit': 1.8023542850487386, 'trop_k_veg': 1.6648666152166967, 'fire_amp': 2.042193818779288}.
[I 2026-06-11 13:06:21,951] Trial 197 finished with values: [10.326768472488107, 10.326768472488107] and parameters: {'k1': 0.00026539376439360527, 'D_low': 1074.940539517341, 'k2': 5.5686900831970225e-05, 'D_high': 29.126651668813768, 'fire_exp': 1.9783727454920947, 'P_half': 1.4551749476072258, 'pre_dampen_half': 30.456909077772018, 'gpp_af': 1.3954498518315706, 'gpp_b': 0.006999112505425414, 'gpp_d': 79.05373031352391, 'ign_k': 0.09256855841989636, 'ign_c': 7.832259769732471, 'trop_agb_crit': 1.8023542850487386, 'trop_k_veg': 1.6648666152166967, 'fire_amp': 4.2446263054164195}.
[I 2026-06-11 13:06:22,904] Trial 198 finished with values: [10.336611452966174, 10.336611452966174] and parameters: {'k1': 0.00031134168041628584, 'D_low': 12.105387404469584, 'k2': 0.0004976087827261435, 'D_high': 27.55546207779663, 'fire_exp': 1.0601964743503993, 'P_half': 51.10120656497163, 'pre_dampen_half': 123.04779330083686, 'gpp_af': 1.9706963379095486, 'gpp_b': 1.4540386644083135e-05, 'gpp_d': 0.12878367369717508, 'ign_k': 0.002357279455676982, 'ign_c': 48.704711413416454, 'trop_agb_crit': 24.199763404822136, 'trop_k_veg': 1.2749676887479542, 'fire_amp': 4.19233232783727}.
[I 2026-06-11 13:06:23,821] Trial 199 finished with values: [10.127538841766357, 10.127538841766357] and parameters: {'k1': 0.0001887567630782227, 'D_low': 236.79352040223893, 'k2': 0.00037358626308127543, 'D_high': 18108.14362107968, 'fire_exp': 1.305777134899723, 'P_half': 2.226799690893868, 'pre_dampen_half': 1.8469033699850426, 'gpp_af': 0.04513257622008944, 'gpp_b': 0.0012611058927054877, 'gpp_d': 47.35384181058586, 'ign_k': 0.0032383308053152635, 'ign_c': 0.4177928311636542, 'trop_agb_crit': 3.438084743887884, 'trop_k_veg': 4.0068236274914755, 'fire_amp': 2.7806853670293616}.
[I 2026-06-11 13:06:24,801] Trial 200 finished with values: [-0.6180605414340798, 0.20512028129759974] and parameters: {'k1': 0.03648456083047798, 'D_low': 148.21691630007544, 'k2': 0.019383858782150494, 'D_high': 6682.9607218310075, 'fire_exp': 1.2060040899560858, 'P_half': 2.226799690893868, 'pre_dampen_half': 4.847666216751353, 'gpp_af': 0.060029341913968644, 'gpp_b': 0.001674375583895437, 'gpp_d': 545.0253444559129, 'ign_k': 0.0032383308053152635, 'ign_c': 0.17036120617148395, 'trop_agb_crit': 5.588032458772675, 'trop_k_veg': 2.99731137426955, 'fire_amp': 1.5180207449214471}.
[I 2026-06-11 13:06:25,745] Trial 201 finished with values: [10.736912924312177, 10.736912924312177] and parameters: {'k1': 3.609310926766545e-05, 'D_low': 347.03605955441515, 'k2': 1.5178052094448868e-05, 'D_high': 252.84086172415604, 'fire_exp': 1.305777134899723, 'P_half': 2834.090429514774, 'pre_dampen_half': 1.8469033699850426, 'gpp_af': 1.9706963379095486, 'gpp_b': 9.497440085397415e-05, 'gpp_d': 700.6693992445935, 'ign_k': 0.012480180965117606, 'ign_c': 48.704711413416454, 'trop_agb_crit': 11.664190932505923, 'trop_k_veg': 4.989748894578724, 'fire_amp': 3.1543496524370136}.
[I 2026-06-11 13:06:26,698] Trial 202 finished with values: [10.719025480895857, 10.719025480895857] and parameters: {'k1': 0.012840669372724958, 'D_low': 1121.5915868662764, 'k2': 0.032141234030334316, 'D_high': 1266.9536563782303, 'fire_exp': 1.4848387260494937, 'P_half': 12.280874862135363, 'pre_dampen_half': 170.71098124594695, 'gpp_af': 0.016306190741524337, 'gpp_b': 0.00012118589392553798, 'gpp_d': 0.7698760608299932, 'ign_k': 0.0029519227433917453, 'ign_c': 342.8810943862522, 'trop_agb_crit': 2.0527418919564324, 'trop_k_veg': 2.520089655463604, 'fire_amp': 3.1543496524370136}.
[I 2026-06-11 13:06:27,650] Trial 203 finished with values: [10.340355953379694, 10.340355953379694] and parameters: {'k1': 0.03648456083047798, 'D_low': 1074.940539517341, 'k2': 1.1417577140741129e-05, 'D_high': 6682.9607218310075, 'fire_exp': 1.9783727454920947, 'P_half': 2.226799690893868, 'pre_dampen_half': 30.456909077772018, 'gpp_af': 1.3954498518315706, 'gpp_b': 2.800940363375676e-05, 'gpp_d': 47.35384181058586, 'ign_k': 0.0032383308053152635, 'ign_c': 7.832259769732471, 'trop_agb_crit': 1.8023542850487386, 'trop_k_veg': 1.6648666152166967, 'fire_amp': 4.2446263054164195}.
[I 2026-06-11 13:06:28,573] Trial 204 finished with values: [10.739707053624972, 10.739707053624972] and parameters: {'k1': 0.00031134168041628584, 'D_low': 171.2446447678494, 'k2': 0.003767022142229395, 'D_high': 431.45617043093523, 'fire_exp': 1.0601964743503993, 'P_half': 61.6097529474144, 'pre_dampen_half': 435.2726865811943, 'gpp_af': 94.30595410350193, 'gpp_b': 1.4540386644083135e-05, 'gpp_d': 0.12878367369717508, 'ign_k': 0.00840038491455979, 'ign_c': 48.704711413416454, 'trop_agb_crit': 1.0693376406863295, 'trop_k_veg': 0.8097682578073301, 'fire_amp': 1.8357623383234334}.
[I 2026-06-11 13:06:29,518] Trial 205 finished with values: [10.667009075622133, 10.667009075622133] and parameters: {'k1': 5.7909642338812115e-05, 'D_low': 171.2446447678494, 'k2': 0.00037358626308127543, 'D_high': 1817.0401889219124, 'fire_exp': 1.1633452995374232, 'P_half': 2834.090429514774, 'pre_dampen_half': 1.8469033699850426, 'gpp_af': 0.41874665092828456, 'gpp_b': 0.004411400434514031, 'gpp_d': 1.0088237648985734, 'ign_k': 0.03845635122720663, 'ign_c': 0.4177928311636542, 'trop_agb_crit': 12.647327018493208, 'trop_k_veg': 5.453348988480011, 'fire_amp': 3.890668402773863}.
[I 2026-06-11 13:06:30,466] Trial 206 finished with values: [10.222232832371482, 10.222232832371482] and parameters: {'k1': 0.03648456083047798, 'D_low': 236.79352040223893, 'k2': 0.045914852167405346, 'D_high': 6682.9607218310075, 'fire_exp': 1.41873960828944, 'P_half': 2.226799690893868, 'pre_dampen_half': 16.009350908593582, 'gpp_af': 0.008117091133892173, 'gpp_b': 2.800940363375676e-05, 'gpp_d': 12.338826503601998, 'ign_k': 0.0032383308053152635, 'ign_c': 1.364908766641693, 'trop_agb_crit': 8.0091368834625, 'trop_k_veg': 3.4439936249445045, 'fire_amp': 1.5719333351012774}.
[I 2026-06-11 13:06:31,413] Trial 207 finished with values: [10.734336823685174, 10.734336823685174] and parameters: {'k1': 0.00023134781612225627, 'D_low': 1.4002277211577039, 'k2': 0.0001280886335404798, 'D_high': 24.9899605789089, 'fire_exp': 1.1633452995374232, 'P_half': 9.580682294110435, 'pre_dampen_half': 0.058813839452486964, 'gpp_af': 0.07118041471054574, 'gpp_b': 0.004411400434514031, 'gpp_d': 1.0088237648985734, 'ign_k': 0.002357279455676982, 'ign_c': 7.081721844034206, 'trop_agb_crit': 1.8566494291193822, 'trop_k_veg': 6.825463866194253, 'fire_amp': 1.5719333351012774}.
[I 2026-06-11 13:06:32,347] Trial 208 finished with values: [10.511379388597266, 10.511379388597266] and parameters: {'k1': 3.609310926766545e-05, 'D_low': 1074.940539517341, 'k2': 0.032141234030334316, 'D_high': 18337.177967709995, 'fire_exp': 1.4848387260494937, 'P_half': 1.4551749476072258, 'pre_dampen_half': 0.13249602803264168, 'gpp_af': 42.29037995744429, 'gpp_b': 0.00012118589392553798, 'gpp_d': 96.93415502195788, 'ign_k': 0.09256855841989636, 'ign_c': 7.832259769732471, 'trop_agb_crit': 11.664190932505923, 'trop_k_veg': 1.6648666152166967, 'fire_amp': 4.2446263054164195}.
[I 2026-06-11 13:06:33,299] Trial 209 finished with values: [10.769230728745345, 10.769230728745345] and parameters: {'k1': 6.784924519083143e-05, 'D_low': 1.2768174677433957, 'k2': 7.857247967427128e-05, 'D_high': 36998.679204890876, 'fire_exp': 4.2769938521987285, 'P_half': 93.43302657318476, 'pre_dampen_half': 231.59500020699807, 'gpp_af': 0.2204465010099918, 'gpp_b': 0.01666658176842624, 'gpp_d': 0.09467055845337147, 'ign_k': 0.22970993031159073, 'ign_c': 39.52220881906114, 'trop_agb_crit': 12.647327018493208, 'trop_k_veg': 2.520089655463604, 'fire_amp': 3.713485315741754}.
[I 2026-06-11 13:06:34,221] Trial 210 finished with values: [10.71991910632701, 10.71991910632701] and parameters: {'k1': 3.609310926766545e-05, 'D_low': 1739.6167422846984, 'k2': 0.02939607009739149, 'D_high': 44974.07193749848, 'fire_exp': 3.2459542834651627, 'P_half': 101.40635645866499, 'pre_dampen_half': 98.05638874011484, 'gpp_af': 1.9706963379095486, 'gpp_b': 0.00012118589392553798, 'gpp_d': 95.2715755007094, 'ign_k': 0.012480180965117606, 'ign_c': 48.704711413416454, 'trop_agb_crit': 3.5874145253515306, 'trop_k_veg': 4.989748894578724, 'fire_amp': 3.1543496524370136}.
[I 2026-06-11 13:06:35,170] Trial 211 finished with values: [10.624450450034024, 10.624450450034024] and parameters: {'k1': 0.00023134781612225627, 'D_low': 1.7551403048208316, 'k2': 0.0001280886335404798, 'D_high': 6682.9607218310075, 'fire_exp': 1.811096651915224, 'P_half': 2.226799690893868, 'pre_dampen_half': 4.847666216751353, 'gpp_af': 0.9219336658511308, 'gpp_b': 0.001674375583895437, 'gpp_d': 1.4397852866783676, 'ign_k': 0.0032383308053152635, 'ign_c': 1.364908766641693, 'trop_agb_crit': 21.086120736447015, 'trop_k_veg': 0.5183533149347164, 'fire_amp': 2.7806853670293616}.
[I 2026-06-11 13:06:36,167] Trial 212 finished with values: [10.998936575181956, 10.998936575181956] and parameters: {'k1': 0.00023134781612225627, 'D_low': 2.843767489444367, 'k2': 0.002090955698118952, 'D_high': 32311.521854410956, 'fire_exp': 1.1633452995374232, 'P_half': 5.4712187293420325, 'pre_dampen_half': 121.93011993958949, 'gpp_af': 0.5970408652384318, 'gpp_b': 0.00031478066835753096, 'gpp_d': 0.1619054449471649, 'ign_k': 0.17320535908244444, 'ign_c': 0.4177928311636542, 'trop_agb_crit': 1.8566494291193822, 'trop_k_veg': 5.453348988480011, 'fire_amp': 1.8357623383234334}.
