[I 2026-08-06 10:47:57,094] Trial 286 finished with values: [10.582158010696123, 10.582158010696123] and parameters: {'k1': 0.008912611835817005, 'D_low': 355.00125258511594, 'k2': 1.1065812688893481e-05, 'D_high': 21.947742689197344, 'fire_exp': 1.3170256885255098, 'P_half': 4.213183643253957, 'pre_dampen_half': 3.3841016089580034, 'gpp_af': 1.5386842469144075, 'gpp_b': 0.14577755664212386, 'gpp_d': 2.944272359149677, 'ign_k': 5.351470428717437, 'ign_c': 7.4063809263110905, 'trop_agb_crit': 1.0903028125370984, 'trop_k_veg': 1.8914629029068306}.
[I 2026-08-06 10:47:58,344] Trial 287 finished with values: [10.118327591673168, 10.118327591673168] and parameters: {'k1': 0.01889771394135163, 'D_low': 284.21405887320833, 'k2': 1.1065812688893481e-05, 'D_high': 21.947742689197344, 'fire_exp': 1.1263716762638152, 'P_half': 4.213183643253957, 'pre_dampen_half': 5.048653998722947, 'gpp_af': 1.9706963379095486, 'gpp_b': 0.0054502936945582505, 'gpp_d': 84.31013932082456, 'ign_k': 0.11619873314872933, 'ign_c': 1.9580595319750387, 'trop_agb_crit': 7.500118950416987, 'trop_k_veg': 1.0594599158279707}.
[I 2026-08-06 10:47:59,605] Trial 288 finished with values: [10.746076281444925, 10.746076281444925] and parameters: {'k1': 0.002155595057104387, 'D_low': 520.4862686958022, 'k2': 8.923807143379776e-05, 'D_high': 61536.58035691648, 'fire_exp': 1.4690410989404576, 'P_half': 9218.802364707573, 'pre_dampen_half': 8.594202650742222, 'gpp_af': 5.335773317316405, 'gpp_b': 1.284284091405877e-05, 'gpp_d': 229.41380323183625, 'ign_k': 5.351470428717437, 'ign_c': 18.219343937475102, 'trop_agb_crit': 10.691477813613638, 'trop_k_veg': 6.45312300188076}.
[I 2026-08-06 10:48:00,859] Trial 289 finished with values: [10.71765926251028, 10.71765926251028] and parameters: {'k1': 0.00031134168041628584, 'D_low': 8.446694862290624, 'k2': 0.003767022142229395, 'D_high': 431.45617043093523, 'fire_exp': 1.0601964743503993, 'P_half': 4.213183643253957, 'pre_dampen_half': 38.00678588560607, 'gpp_af': 1.9706963379095486, 'gpp_b': 1.4540386644083135e-05, 'gpp_d': 0.12878367369717508, 'ign_k': 0.00840038491455979, 'ign_c': 48.704711413416454, 'trop_agb_crit': 1.0693376406863295, 'trop_k_veg': 0.6673124511410327}.
[I 2026-08-06 10:48:02,143] Trial 290 finished with values: [-0.5562338990885933, 0.060275138948169826] and parameters: {'k1': 0.05778755734457457, 'D_low': 40.52505887227999, 'k2': 0.0007047307383115598, 'D_high': 645.2946500764235, 'fire_exp': 1.1263716762638152, 'P_half': 4.213183643253957, 'pre_dampen_half': 63.6685916079943, 'gpp_af': 0.6403036652671171, 'gpp_b': 0.22727308251068193, 'gpp_d': 2.944272359149677, 'ign_k': 0.21006485619596416, 'ign_c': 1.9580595319750387, 'trop_agb_crit': 1.0903028125370984, 'trop_k_veg': 4.989748894578724}.
[I 2026-08-06 10:48:03,381] Trial 291 finished with values: [10.566278923249936, 10.566278923249936] and parameters: {'k1': 0.008287522363768155, 'D_low': 7.299348683062307, 'k2': 1.1065812688893481e-05, 'D_high': 21.947742689197344, 'fire_exp': 1.1263716762638152, 'P_half': 712.8188058401365, 'pre_dampen_half': 5.048653998722947, 'gpp_af': 0.6403036652671171, 'gpp_b': 0.22727308251068193, 'gpp_d': 84.31013932082456, 'ign_k': 0.12329098365270515, 'ign_c': 1.9580595319750387, 'trop_agb_crit': 1.0903028125370984, 'trop_k_veg': 1.0594599158279707}.
[I 2026-08-06 10:48:04,647] Trial 292 finished with values: [10.585201473250313, 10.585201473250313] and parameters: {'k1': 0.01889771394135163, 'D_low': 355.00125258511594, 'k2': 1.1065812688893481e-05, 'D_high': 76.7074891445377, 'fire_exp': 1.3170256885255098, 'P_half': 712.8188058401365, 'pre_dampen_half': 63.6685916079943, 'gpp_af': 1.9706963379095486, 'gpp_b': 0.01777482313117792, 'gpp_d': 84.31013932082456, 'ign_k': 0.12329098365270515, 'ign_c': 24.398964530167703, 'trop_agb_crit': 7.500118950416987, 'trop_k_veg': 1.0594599158279707}.
[I 2026-08-06 10:48:05,919] Trial 293 finished with values: [10.671884070059928, 10.671884070059928] and parameters: {'k1': 0.008912611835817005, 'D_low': 40.52505887227999, 'k2': 1.1065812688893481e-05, 'D_high': 645.2946500764235, 'fire_exp': 1.3170256885255098, 'P_half': 221.2683656611821, 'pre_dampen_half': 3.3841016089580034, 'gpp_af': 0.10409127568994281, 'gpp_b': 0.0005739662837359252, 'gpp_d': 0.2204889335659561, 'ign_k': 0.21006485619596416, 'ign_c': 18.219343937475102, 'trop_agb_crit': 1.0903028125370984, 'trop_k_veg': 0.6673124511410327}.
[I 2026-08-06 10:48:07,171] Trial 294 finished with values: [10.634772521062933, 10.634772521062933] and parameters: {'k1': 0.00010758866306767925, 'D_low': 436.4516946807792, 'k2': 0.004579192310322934, 'D_high': 1236.6924205139144, 'fire_exp': 1.0601964743503993, 'P_half': 4.213183643253957, 'pre_dampen_half': 0.2888838362365318, 'gpp_af': 1.9706963379095486, 'gpp_b': 0.0054502936945582505, 'gpp_d': 14.638860976621418, 'ign_k': 5.901020135452, 'ign_c': 2.4936660834465174, 'trop_agb_crit': 7.500118950416987, 'trop_k_veg': 0.6673124511410327}.
[I 2026-08-06 10:48:08,452] Trial 295 finished with values: [10.737245036651483, 10.737245036651483] and parameters: {'k1': 0.008287522363768155, 'D_low': 355.00125258511594, 'k2': 0.011715293025123641, 'D_high': 774.2116473996249, 'fire_exp': 1.3170256885255098, 'P_half': 712.8188058401365, 'pre_dampen_half': 3.2432098597317145, 'gpp_af': 68.11991466118579, 'gpp_b': 0.07904599925873733, 'gpp_d': 56.20854611217179, 'ign_k': 0.038563028138793747, 'ign_c': 1.9580595319750387, 'trop_agb_crit': 7.901343398678964, 'trop_k_veg': 0.6743482387129308}.
[I 2026-08-06 10:48:09,752] Trial 296 finished with values: [10.589544483803632, 10.589544483803632] and parameters: {'k1': 0.05778755734457457, 'D_low': 7.299348683062307, 'k2': 0.0007047307383115598, 'D_high': 1123.9682517242118, 'fire_exp': 1.2918065501148304, 'P_half': 221.2683656611821, 'pre_dampen_half': 1.3833139021965035, 'gpp_af': 1.5386842469144075, 'gpp_b': 0.22727308251068193, 'gpp_d': 757.2868182332339, 'ign_k': 5.351470428717437, 'ign_c': 18.219343937475102, 'trop_agb_crit': 10.691477813613638, 'trop_k_veg': 1.0594599158279707}.
[I 2026-08-06 10:48:11,224] Trial 297 finished with values: [10.245438478011463, 10.245438478011463] and parameters: {'k1': 0.012021930484915042, 'D_low': 12.105387404469584, 'k2': 0.003767022142229395, 'D_high': 8182.111518618414, 'fire_exp': 1.7008648718913113, 'P_half': 338.23872019362165, 'pre_dampen_half': 5.048653998722947, 'gpp_af': 0.47739011308437823, 'gpp_b': 1.5385046399532158e-05, 'gpp_d': 757.2868182332339, 'ign_k': 0.11619873314872933, 'ign_c': 0.557280750002996, 'trop_agb_crit': 10.691477813613638, 'trop_k_veg': 0.8157008881455025}.
[I 2026-08-06 10:48:12,556] Trial 298 finished with values: [10.769230768877819, 10.769230768877819] and parameters: {'k1': 0.06994589881535453, 'D_low': 355.00125258511594, 'k2': 0.03538758864779238, 'D_high': 76.19822175388143, 'fire_exp': 3.3801590342525687, 'P_half': 4.213183643253957, 'pre_dampen_half': 63.6685916079943, 'gpp_af': 0.6403036652671171, 'gpp_b': 0.0001314103502608067, 'gpp_d': 2.944272359149677, 'ign_k': 0.12329098365270515, 'ign_c': 5.13055176058983, 'trop_agb_crit': 8.997007571451054, 'trop_k_veg': 0.6743482387129308}.
[I 2026-08-06 10:48:13,824] Trial 299 finished with values: [10.470309908473482, 10.470309908473482] and parameters: {'k1': 0.008912611835817005, 'D_low': 1313.2212275639863, 'k2': 0.031536006085184705, 'D_high': 5670.3463356272905, 'fire_exp': 3.3801590342525687, 'P_half': 25.14786015817362, 'pre_dampen_half': 63.6685916079943, 'gpp_af': 0.6403036652671171, 'gpp_b': 0.0005739662837359252, 'gpp_d': 1.493264336549928, 'ign_k': 0.21006485619596416, 'ign_c': 0.557280750002996, 'trop_agb_crit': 8.997007571451054, 'trop_k_veg': 0.586974895308737}.
[I 2026-08-06 10:48:15,075] Trial 300 finished with values: [10.597454827463464, 10.597454827463464] and parameters: {'k1': 0.05778755734457457, 'D_low': 38.82837025280678, 'k2': 0.0007047307383115598, 'D_high': 42210.21267871043, 'fire_exp': 1.2918065501148304, 'P_half': 140.74279366401683, 'pre_dampen_half': 38.00678588560607, 'gpp_af': 0.2204465010099918, 'gpp_b': 2.176805640408474e-05, 'gpp_d': 229.41380323183625, 'ign_k': 0.01364908766641695, 'ign_c': 3.470490935437501, 'trop_agb_crit': 10.691477813613638, 'trop_k_veg': 2.520089655463604}.
[I 2026-08-06 10:48:16,358] Trial 301 finished with values: [10.748016399916674, 10.748016399916674] and parameters: {'k1': 0.002155595057104387, 'D_low': 355.00125258511594, 'k2': 0.0007047307383115598, 'D_high': 774.2116473996249, 'fire_exp': 1.3170256885255098, 'P_half': 221.2683656611821, 'pre_dampen_half': 63.6685916079943, 'gpp_af': 68.11991466118579, 'gpp_b': 0.22727308251068193, 'gpp_d': 5.1715677287580455, 'ign_k': 0.12329098365270515, 'ign_c': 24.398964530167703, 'trop_agb_crit': 10.691477813613638, 'trop_k_veg': 5.580504276549027}.
[I 2026-08-06 10:48:17,643] Trial 302 finished with values: [10.769230768877819, 10.769230768877819] and parameters: {'k1': 0.00031134168041628584, 'D_low': 7.299348683062307, 'k2': 8.923807143379776e-05, 'D_high': 11832.967057468773, 'fire_exp': 1.0601964743503993, 'P_half': 4.213183643253957, 'pre_dampen_half': 38.00678588560607, 'gpp_af': 68.11991466118579, 'gpp_b': 1.4540386644083135e-05, 'gpp_d': 0.12878367369717508, 'ign_k': 5.351470428717437, 'ign_c': 48.704711413416454, 'trop_agb_crit': 1.0693376406863295, 'trop_k_veg': 2.4336356947036335}.
[I 2026-08-06 10:48:18,928] Trial 303 finished with values: [10.765316258156709, 10.765316258156709] and parameters: {'k1': 0.00488137519160367, 'D_low': 7660.074273652683, 'k2': 0.05985024829384177, 'D_high': 61536.58035691648, 'fire_exp': 1.1263716762638152, 'P_half': 7523.33707868091, 'pre_dampen_half': 7.665128204660195, 'gpp_af': 26.237921284430897, 'gpp_b': 0.22727308251068193, 'gpp_d': 229.41380323183625, 'ign_k': 5.351470428717437, 'ign_c': 0.557280750002996, 'trop_agb_crit': 10.691477813613638, 'trop_k_veg': 2.4336356947036335}.
[I 2026-08-06 10:48:20,189] Trial 304 finished with values: [10.010432734254442, 10.010432734254442] and parameters: {'k1': 0.00031134168041628584, 'D_low': 7.299348683062307, 'k2': 1.1065812688893481e-05, 'D_high': 774.2116473996249, 'fire_exp': 1.2611826901294014, 'P_half': 4.213183643253957, 'pre_dampen_half': 38.00678588560607, 'gpp_af': 43.527268658119496, 'gpp_b': 0.0054502936945582505, 'gpp_d': 84.31013932082456, 'ign_k': 0.6161423618045312, 'ign_c': 5.13055176058983, 'trop_agb_crit': 1.0693376406863295, 'trop_k_veg': 1.0594599158279707}.
[I 2026-08-06 10:48:21,481] Trial 305 finished with values: [10.371174236736534, 10.371174236736534] and parameters: {'k1': 0.00016480446427978953, 'D_low': 355.00125258511594, 'k2': 8.923807143379776e-05, 'D_high': 645.2946500764235, 'fire_exp': 1.221575427404682, 'P_half': 56.22114524476698, 'pre_dampen_half': 63.6685916079943, 'gpp_af': 5.335773317316405, 'gpp_b': 0.0059594790418686545, 'gpp_d': 2.944272359149677, 'ign_k': 0.21006485619596416, 'ign_c': 0.8547476176667198, 'trop_agb_crit': 8.997007571451054, 'trop_k_veg': 0.5349971555643298}.
[I 2026-08-06 10:48:22,777] Trial 306 finished with values: [10.756035937425311, 10.756035937425311] and parameters: {'k1': 0.05778755734457457, 'D_low': 7.299348683062307, 'k2': 0.003101429427212743, 'D_high': 61536.58035691648, 'fire_exp': 9.883433002836895, 'P_half': 221.2683656611821, 'pre_dampen_half': 1.3833139021965035, 'gpp_af': 1.5386842469144075, 'gpp_b': 0.22727308251068193, 'gpp_d': 229.41380323183625, 'ign_k': 0.11619873314872933, 'ign_c': 1.9580595319750387, 'trop_agb_crit': 14.948114979829949, 'trop_k_veg': 4.989748894578724}.
[I 2026-08-06 10:48:24,060] Trial 307 finished with values: [10.129760632307637, 10.129760632307637] and parameters: {'k1': 0.008912611835817005, 'D_low': 7.299348683062307, 'k2': 0.003101429427212743, 'D_high': 3346.220103048382, 'fire_exp': 1.3170256885255098, 'P_half': 102.4585893986732, 'pre_dampen_half': 5.048653998722947, 'gpp_af': 0.0049748543504537545, 'gpp_b': 0.0005739662837359252, 'gpp_d': 757.2868182332339, 'ign_k': 0.21006485619596416, 'ign_c': 5.13055176058983, 'trop_agb_crit': 1.0903028125370984, 'trop_k_veg': 3.1473758868965476}.
[I 2026-08-06 10:48:25,292] Trial 308 finished with values: [10.091804730427274, 10.091804730427274] and parameters: {'k1': 0.00031134168041628584, 'D_low': 12.105387404469584, 'k2': 0.003101429427212743, 'D_high': 11832.967057468773, 'fire_exp': 1.1263716762638152, 'P_half': 4.213183643253957, 'pre_dampen_half': 63.6685916079943, 'gpp_af': 1.9706963379095486, 'gpp_b': 0.22727308251068193, 'gpp_d': 757.2868182332339, 'ign_k': 0.0049611344501914005, 'ign_c': 48.704711413416454, 'trop_agb_crit': 3.848553322122042, 'trop_k_veg': 0.6673124511410327}.
[I 2026-08-06 10:48:26,648] Trial 309 finished with values: [10.66001524619171, 10.66001524619171] and parameters: {'k1': 0.00031134168041628584, 'D_low': 355.00125258511594, 'k2': 0.0003432139136241583, 'D_high': 21.947742689197344, 'fire_exp': 1.2611826901294014, 'P_half': 4.213183643253957, 'pre_dampen_half': 3.3841016089580034, 'gpp_af': 1.5386842469144075, 'gpp_b': 0.14577755664212386, 'gpp_d': 2.944272359149677, 'ign_k': 5.351470428717437, 'ign_c': 5.13055176058983, 'trop_agb_crit': 10.691477813613638, 'trop_k_veg': 0.6743482387129308}.
[I 2026-08-06 10:48:27,999] Trial 310 finished with values: [10.243416139113819, 10.243416139113819] and parameters: {'k1': 0.008471801418819975, 'D_low': 7.240382572465288, 'k2': 0.0007047307383115598, 'D_high': 42210.21267871043, 'fire_exp': 1.2918065501148304, 'P_half': 221.2683656611821, 'pre_dampen_half': 1.3833139021965035, 'gpp_af': 3.4702669886504163, 'gpp_b': 2.176805640408474e-05, 'gpp_d': 229.41380323183625, 'ign_k': 5.351470428717437, 'ign_c': 3.470490935437501, 'trop_agb_crit': 1.8559980846490576, 'trop_k_veg': 2.520089655463604}.
[I 2026-08-06 10:48:29,309] Trial 311 finished with values: [10.769036271346389, 10.769036271346389] and parameters: {'k1': 0.012021930484915042, 'D_low': 1078.832206002305, 'k2': 0.03538758864779238, 'D_high': 774.2116473996249, 'fire_exp': 1.1263716762638152, 'P_half': 3227.0237615158, 'pre_dampen_half': 63.6685916079943, 'gpp_af': 2.6003623362924237, 'gpp_b': 0.42247700890263645, 'gpp_d': 2.944272359149677, 'ign_k': 0.12329098365270515, 'ign_c': 1.9580595319750387, 'trop_agb_crit': 14.948114979829949, 'trop_k_veg': 0.6743482387129308}.
[I 2026-08-06 10:48:30,581] Trial 312 finished with values: [10.488510817629374, 10.488510817629374] and parameters: {'k1': 0.00488137519160367, 'D_low': 7.240382572465288, 'k2': 8.923807143379776e-05, 'D_high': 42210.21267871043, 'fire_exp': 1.1263716762638152, 'P_half': 221.2683656611821, 'pre_dampen_half': 1.3833139021965035, 'gpp_af': 0.2204465010099918, 'gpp_b': 0.1500112079985056, 'gpp_d': 229.41380323183625, 'ign_k': 5.351470428717437, 'ign_c': 3.470490935437501, 'trop_agb_crit': 1.6878075072665546, 'trop_k_veg': 2.4336356947036335}.
[I 2026-08-06 10:48:32,031] Trial 313 finished with values: [10.766584727110223, 10.766584727110223] and parameters: {'k1': 0.00031134168041628584, 'D_low': 355.00125258511594, 'k2': 0.03538758864779238, 'D_high': 8182.111518618414, 'fire_exp': 6.543846824249409, 'P_half': 4.213183643253957, 'pre_dampen_half': 38.00678588560607, 'gpp_af': 1.9706963379095486, 'gpp_b': 3.481277316673104e-05, 'gpp_d': 150.14555442537656, 'ign_k': 0.019192001101561888, 'ign_c': 0.7902459656172902, 'trop_agb_crit': 1.0693376406863295, 'trop_k_veg': 0.5349971555643298}.
[I 2026-08-06 10:48:33,319] Trial 314 finished with values: [-0.5861375217974014, 0.10021168302339489] and parameters: {'k1': 0.00488137519160367, 'D_low': 355.00125258511594, 'k2': 8.923807143379776e-05, 'D_high': 78.57247967427125, 'fire_exp': 1.221575427404682, 'P_half': 140.74279366401683, 'pre_dampen_half': 331.7366635899375, 'gpp_af': 5.335773317316405, 'gpp_b': 0.01666658176842624, 'gpp_d': 82.84476373292449, 'ign_k': 0.019192001101561888, 'ign_c': 5.13055176058983, 'trop_agb_crit': 7.628718523810018, 'trop_k_veg': 2.5878603012249104}.
[I 2026-08-06 10:48:34,599] Trial 315 finished with values: [-0.5656999254399031, 0.1725637919129619] and parameters: {'k1': 0.008912611835817005, 'D_low': 40.52505887227999, 'k2': 0.0003432139136241583, 'D_high': 1493.5213816355397, 'fire_exp': 1.2611826901294014, 'P_half': 4.213183643253957, 'pre_dampen_half': 234.12640025944248, 'gpp_af': 1.6059727222314273, 'gpp_b': 0.0005739662837359252, 'gpp_d': 2.944272359149677, 'ign_k': 0.0036065195493704487, 'ign_c': 5.13055176058983, 'trop_agb_crit': 1.0903028125370984, 'trop_k_veg': 2.194427136482602}.
[I 2026-08-06 10:48:35,896] Trial 316 finished with values: [10.621866877578508, 10.621866877578508] and parameters: {'k1': 0.00488137519160367, 'D_low': 520.4862686958022, 'k2': 0.0007047307383115598, 'D_high': 8182.111518618414, 'fire_exp': 1.221575427404682, 'P_half': 221.2683656611821, 'pre_dampen_half': 8.594202650742222, 'gpp_af': 0.7951170003631387, 'gpp_b': 0.22727308251068193, 'gpp_d': 150.14555442537656, 'ign_k': 0.0023224552232891564, 'ign_c': 323.47703263192955, 'trop_agb_crit': 8.997007571451054, 'trop_k_veg': 5.580504276549027}.
[I 2026-08-06 10:48:37,265] Trial 317 finished with values: [-0.5761281798708436, 0.10622704315057152] and parameters: {'k1': 0.012021930484915042, 'D_low': 7.299348683062307, 'k2': 0.031536006085184705, 'D_high': 5670.3463356272905, 'fire_exp': 3.3801590342525687, 'P_half': 4.213183643253957, 'pre_dampen_half': 63.6685916079943, 'gpp_af': 0.6403036652671171, 'gpp_b': 0.00431329787498825, 'gpp_d': 757.2868182332339, 'ign_k': 0.07091190338709638, 'ign_c': 1.9580595319750387, 'trop_agb_crit': 8.997007571451054, 'trop_k_veg': 0.6743482387129308}.
[I 2026-08-06 10:48:38,533] Trial 318 finished with values: [10.73115360019941, 10.73115360019941] and parameters: {'k1': 0.008287522363768155, 'D_low': 7.299348683062307, 'k2': 0.003101429427212743, 'D_high': 774.2116473996249, 'fire_exp': 1.1263716762638152, 'P_half': 712.8188058401365, 'pre_dampen_half': 0.21281400894533783, 'gpp_af': 0.6403036652671171, 'gpp_b': 2.6738182964551835e-05, 'gpp_d': 757.2868182332339, 'ign_k': 0.004144296901136395, 'ign_c': 1.9580595319750387, 'trop_agb_crit': 1.553492793799819, 'trop_k_veg': 0.6743482387129308}.
[I 2026-08-06 10:48:39,753] Trial 319 finished with values: [-0.5495435177776145, 0.24065898997062063] and parameters: {'k1': 0.01889771394135163, 'D_low': 7.299348683062307, 'k2': 1.1065812688893481e-05, 'D_high': 21.947742689197344, 'fire_exp': 1.0601964743503993, 'P_half': 4.213183643253957, 'pre_dampen_half': 5.048653998722947, 'gpp_af': 1.9706963379095486, 'gpp_b': 0.0054502936945582505, 'gpp_d': 84.31013932082456, 'ign_k': 3.589155871450839, 'ign_c': 1.9580595319750387, 'trop_agb_crit': 7.500118950416987, 'trop_k_veg': 1.0594599158279707}.
[I 2026-08-06 10:48:40,960] Trial 320 finished with values: [10.731640625326506, 10.731640625326506] and parameters: {'k1': 0.00031134168041628584, 'D_low': 12.105387404469584, 'k2': 0.003767022142229395, 'D_high': 774.2116473996249, 'fire_exp': 1.2611826901294014, 'P_half': 4.213183643253957, 'pre_dampen_half': 38.00678588560607, 'gpp_af': 1.9706963379095486, 'gpp_b': 0.0054502936945582505, 'gpp_d': 0.12878367369717508, 'ign_k': 0.00840038491455979, 'ign_c': 5.13055176058983, 'trop_agb_crit': 1.0693376406863295, 'trop_k_veg': 1.0594599158279707}.
[I 2026-08-06 10:48:42,203] Trial 321 finished with values: [10.412738640571588, 10.412738640571588] and parameters: {'k1': 0.06646698709242517, 'D_low': 40.52505887227999, 'k2': 0.014344484793173472, 'D_high': 1493.5213816355397, 'fire_exp': 1.2611826901294014, 'P_half': 2808.7330790064375, 'pre_dampen_half': 234.12640025944248, 'gpp_af': 1.6059727222314273, 'gpp_b': 7.210246166617508e-05, 'gpp_d': 4.25060659305504, 'ign_k': 0.0036065195493704487, 'ign_c': 2.8335389417624683, 'trop_agb_crit': 8.997007571451054, 'trop_k_veg': 2.194427136482602}.
[I 2026-08-06 10:48:43,431] Trial 322 finished with values: [10.338910466811386, 10.338910466811386] and parameters: {'k1': 0.00016480446427978953, 'D_low': 2.143851363193517, 'k2': 8.923807143379776e-05, 'D_high': 8182.111518618414, 'fire_exp': 1.2611826901294014, 'P_half': 56.22114524476698, 'pre_dampen_half': 14.711215379121963, 'gpp_af': 3.4702669886504163, 'gpp_b': 3.481277316673104e-05, 'gpp_d': 150.14555442537656, 'ign_k': 0.019192001101561888, 'ign_c': 0.8547476176667198, 'trop_agb_crit': 1.8559980846490576, 'trop_k_veg': 0.5349971555643298}.
[I 2026-08-06 10:48:44,686] Trial 323 finished with values: [10.769230768877819, 10.769230768877819] and parameters: {'k1': 0.008287522363768155, 'D_low': 1730.0724838654367, 'k2': 0.031536006085184705, 'D_high': 21.947742689197344, 'fire_exp': 3.3801590342525687, 'P_half': 25.14786015817362, 'pre_dampen_half': 63.6685916079943, 'gpp_af': 0.6403036652671171, 'gpp_b': 0.0005739662837359252, 'gpp_d': 1.493264336549928, 'ign_k': 0.12329098365270515, 'ign_c': 1.9580595319750387, 'trop_agb_crit': 9.286923253577127, 'trop_k_veg': 4.989748894578724}.
[I 2026-08-06 10:48:45,905] Trial 324 finished with values: [10.742187049359671, 10.742187049359671] and parameters: {'k1': 0.00010758866306767925, 'D_low': 159.7458124425669, 'k2': 0.004579192310322934, 'D_high': 22.281634177046417, 'fire_exp': 1.3170256885255098, 'P_half': 4.213183643253957, 'pre_dampen_half': 5.048653998722947, 'gpp_af': 0.6403036652671171, 'gpp_b': 0.0054502936945582505, 'gpp_d': 1.493264336549928, 'ign_k': 0.0035281132746849977, 'ign_c': 2.4936660834465174, 'trop_agb_crit': 8.997007571451054, 'trop_k_veg': 1.0594599158279707}.
