[I 2026-08-06 02:36:50,077] Trial 1485 finished with values: [10.286513126276592, 10.286513126276592] and parameters: {'k1': 0.021368329072358756, 'D_low': 18.522006003174383, 'k2': 0.006138509947844854, 'D_high': 1687.3495104568947, 'fire_exp': 1.0473002272689056, 'P_half': 664.2027816373393, 'pre_dampen_half': 14.689898077648792, 'gpp_af': 4.582731702170249, 'gpp_b': 0.9321708428673128, 'gpp_d': 891.8036602897795, 'ign_k': 3.7173717478250508, 'ign_c': 14.367095138664217}.
[I 2026-08-06 02:36:51,407] Trial 1486 finished with values: [13.298733289210082, 13.298733289210082] and parameters: {'k1': 0.025383218374507292, 'D_low': 18.522006003174383, 'k2': 0.0004381141781653133, 'D_high': 24939.838794891497, 'fire_exp': 1.3239942327296237, 'P_half': 39.03214299767183, 'pre_dampen_half': 25.15960733455044, 'gpp_af': 11.234842109991876, 'gpp_b': 0.09760461369620549, 'gpp_d': 300.3420512048734, 'ign_k': 0.016435601583749338, 'ign_c': 3.735862630812751}.
[I 2026-08-06 02:36:52,355] Trial 1487 finished with values: [10.764030637707092, 10.764030637707092] and parameters: {'k1': 0.025383218374507292, 'D_low': 31.117676855667376, 'k2': 0.0004381141781653133, 'D_high': 1687.3495104568947, 'fire_exp': 4.4994848154903435, 'P_half': 608.3019192425825, 'pre_dampen_half': 14.689898077648792, 'gpp_af': 4.582731702170249, 'gpp_b': 0.10123867001105968, 'gpp_d': 39.827466658711515, 'ign_k': 3.7173717478250508, 'ign_c': 14.367095138664217}.
[I 2026-08-06 02:36:53,271] Trial 1488 finished with values: [-0.5692934743095925, 0.028659108647818288] and parameters: {'k1': 0.025383218374507292, 'D_low': 18.522006003174383, 'k2': 0.0004381141781653133, 'D_high': 400.9149428326862, 'fire_exp': 1.010722707674549, 'P_half': 608.3019192425825, 'pre_dampen_half': 14.689898077648792, 'gpp_af': 22.766850248686247, 'gpp_b': 0.09760461369620549, 'gpp_d': 300.3420512048734, 'ign_k': 1.193692846763647, 'ign_c': 14.367095138664217}.
[I 2026-08-06 02:36:54,157] Trial 1489 finished with values: [10.718244094664405, 10.718244094664405] and parameters: {'k1': 0.08926311370835228, 'D_low': 18.522006003174383, 'k2': 0.05665252534977915, 'D_high': 30536.40655299408, 'fire_exp': 1.0473002272689056, 'P_half': 608.3019192425825, 'pre_dampen_half': 14.689898077648792, 'gpp_af': 0.004339536161007625, 'gpp_b': 0.10123867001105968, 'gpp_d': 67.65873641051081, 'ign_k': 3.7173717478250508, 'ign_c': 19.19168994439752}.
[I 2026-08-06 02:36:55,075] Trial 1490 finished with values: [10.767685219051863, 10.767685219051863] and parameters: {'k1': 0.014249163607123368, 'D_low': 18.522006003174383, 'k2': 0.006138509947844854, 'D_high': 400.9149428326862, 'fire_exp': 4.623649488375329, 'P_half': 177.4954658911452, 'pre_dampen_half': 14.689898077648792, 'gpp_af': 0.004339536161007625, 'gpp_b': 0.000832333943844274, 'gpp_d': 7.797126586048889, 'ign_k': 0.010993789830771867, 'ign_c': 19.19168994439752}.
[I 2026-08-06 02:36:55,978] Trial 1491 finished with values: [10.293578686173182, 10.293578686173182] and parameters: {'k1': 0.03232155805617897, 'D_low': 31.117676855667376, 'k2': 0.0499774937030317, 'D_high': 1578.0404945802954, 'fire_exp': 1.2680134752324452, 'P_half': 608.3019192425825, 'pre_dampen_half': 14.689898077648792, 'gpp_af': 1.6278996489926025, 'gpp_b': 2.7744070810402452, 'gpp_d': 300.3420512048734, 'ign_k': 7.799059237255681, 'ign_c': 14.367095138664217}.
[I 2026-08-06 02:36:56,874] Trial 1492 finished with values: [-0.570616649650378, 0.021648105402807594] and parameters: {'k1': 0.021368329072358756, 'D_low': 31.117676855667376, 'k2': 0.0004381141781653133, 'D_high': 1049.1246574185643, 'fire_exp': 1.0473002272689056, 'P_half': 664.2027816373393, 'pre_dampen_half': 14.689898077648792, 'gpp_af': 4.582731702170249, 'gpp_b': 0.10123867001105968, 'gpp_d': 39.827466658711515, 'ign_k': 3.7173717478250508, 'ign_c': 14.367095138664217}.
[I 2026-08-06 02:36:57,856] Trial 1493 finished with values: [10.748902101378247, 10.748902101378247] and parameters: {'k1': 0.004818692882815972, 'D_low': 18.522006003174383, 'k2': 7.915210103365496e-05, 'D_high': 6455.595882939566, 'fire_exp': 3.634466171907605, 'P_half': 276.27089412392087, 'pre_dampen_half': 14.689898077648792, 'gpp_af': 22.766850248686247, 'gpp_b': 1.5938003265859821, 'gpp_d': 891.8036602897795, 'ign_k': 3.7173717478250508, 'ign_c': 14.367095138664217}.
[I 2026-08-06 02:36:58,787] Trial 1494 finished with values: [10.752584978782089, 10.752584978782089] and parameters: {'k1': 0.025383218374507292, 'D_low': 31.117676855667376, 'k2': 0.006138509947844854, 'D_high': 1687.3495104568947, 'fire_exp': 1.0473002272689056, 'P_half': 608.3019192425825, 'pre_dampen_half': 14.689898077648792, 'gpp_af': 4.582731702170249, 'gpp_b': 0.09760461369620549, 'gpp_d': 0.03588784215299428, 'ign_k': 3.7173717478250508, 'ign_c': 14.367095138664217}.
[I 2026-08-06 02:36:59,705] Trial 1495 finished with values: [10.430249835804611, 10.430249835804611] and parameters: {'k1': 0.08926311370835228, 'D_low': 31.117676855667376, 'k2': 0.0006229347004284254, 'D_high': 440.94295721828615, 'fire_exp': 1.2680134752324452, 'P_half': 177.4954658911452, 'pre_dampen_half': 14.689898077648792, 'gpp_af': 4.077131237195135, 'gpp_b': 0.004812084698458953, 'gpp_d': 2.0035092691103578, 'ign_k': 7.799059237255681, 'ign_c': 14.367095138664217}.
[I 2026-08-06 02:37:00,592] Trial 1496 finished with values: [-0.5371808720828662, 0.044250774534098314] and parameters: {'k1': 0.021368329072358756, 'D_low': 18.522006003174383, 'k2': 4.763991596630584e-05, 'D_high': 28724.62965685646, 'fire_exp': 1.0473002272689056, 'P_half': 664.2027816373393, 'pre_dampen_half': 14.689898077648792, 'gpp_af': 0.5410546089881338, 'gpp_b': 0.6637926838138378, 'gpp_d': 891.8036602897795, 'ign_k': 3.7173717478250508, 'ign_c': 3.3235498402793757}.
[I 2026-08-06 02:37:01,537] Trial 1497 finished with values: [-0.560195067538995, 0.012023487674811872] and parameters: {'k1': 0.021368329072358756, 'D_low': 31.117676855667376, 'k2': 0.0499774937030317, 'D_high': 80760.9304904705, 'fire_exp': 1.7164931785633317, 'P_half': 276.27089412392087, 'pre_dampen_half': 14.689898077648792, 'gpp_af': 4.582731702170249, 'gpp_b': 0.1676789742547917, 'gpp_d': 39.827466658711515, 'ign_k': 3.7173717478250508, 'ign_c': 14.367095138664217}.
[I 2026-08-06 02:37:02,452] Trial 1498 finished with values: [10.70217241194156, 10.70217241194156] and parameters: {'k1': 0.025383218374507292, 'D_low': 18.522006003174383, 'k2': 0.0004381141781653133, 'D_high': 27.725690651664003, 'fire_exp': 1.2680134752324452, 'P_half': 608.3019192425825, 'pre_dampen_half': 25.15960733455044, 'gpp_af': 22.766850248686247, 'gpp_b': 0.09760461369620549, 'gpp_d': 1.2964093110665396, 'ign_k': 3.7173717478250508, 'ign_c': 14.367095138664217}.
[I 2026-08-06 02:37:03,369] Trial 1499 finished with values: [-0.5746807221320924, 0.011763463666538465] and parameters: {'k1': 0.08926311370835228, 'D_low': 18.522006003174383, 'k2': 0.006138509947844854, 'D_high': 2969.087094484682, 'fire_exp': 1.010722707674549, 'P_half': 958.8659498594012, 'pre_dampen_half': 14.689898077648792, 'gpp_af': 0.004339536161007625, 'gpp_b': 0.000832333943844274, 'gpp_d': 7.797126586048889, 'ign_k': 3.7173717478250508, 'ign_c': 19.19168994439752}.
[setup] CRUJRA climate from data/crujra/, GPP from global_baseline_modelC_inputs_1997-2016.nc ...
[setup] loading GFED5 reference from burntArea.nc ...
[setup] land cells (GFED5 burnable): 13916 / 64800 (21.5%)
[setup] GFED5 land-mean monthly frac: 0.005068
[opt] REGION=N.America: fitting 2666 land cells only
[opt] warm-start from params.nsga2.json
[warm] Overall=0.4012  bias=0.5248 rmse=0.2402 seas=0.6826 spatial=0.3182
[opt] sampler=NSGAIISampler seed=42
[opt] running 1500 trials against GFED5 ...
  trial   19/1500  pareto_size=1  best_ilamb=0.4374  (0.3 min)
  trial   38/1500  pareto_size=1  best_ilamb=0.4578  (0.7 min)
  trial   57/1500  pareto_size=1  best_ilamb=0.4578  (1.0 min)
  trial   76/1500  pareto_size=1  best_ilamb=0.4578  (1.4 min)
  trial   97/1500  pareto_size=1  best_ilamb=0.4578  (1.7 min)
  trial  117/1500  pareto_size=1  best_ilamb=0.5685  (2.0 min)
  trial  137/1500  pareto_size=2  best_ilamb=0.5685  (2.4 min)
  trial  157/1500  pareto_size=2  best_ilamb=0.5685  (2.7 min)
  trial  177/1500  pareto_size=2  best_ilamb=0.5685  (3.1 min)
  trial  197/1500  pareto_size=2  best_ilamb=0.5685  (3.4 min)
  trial  217/1500  pareto_size=2  best_ilamb=0.5685  (3.7 min)
  trial  237/1500  pareto_size=2  best_ilamb=0.5685  (4.1 min)
  trial  258/1500  pareto_size=2  best_ilamb=0.5685  (4.4 min)
  trial  279/1500  pareto_size=3  best_ilamb=0.5685  (4.8 min)
  trial  300/1500  pareto_size=3  best_ilamb=0.5685  (5.1 min)
  trial  322/1500  pareto_size=3  best_ilamb=0.5685  (5.5 min)
  trial  342/1500  pareto_size=3  best_ilamb=0.5685  (5.8 min)
  trial  361/1500  pareto_size=5  best_ilamb=0.5685  (6.1 min)
  trial  382/1500  pareto_size=5  best_ilamb=0.5685  (6.5 min)
  trial  402/1500  pareto_size=5  best_ilamb=0.5685  (6.8 min)
  trial  424/1500  pareto_size=6  best_ilamb=0.5685  (7.2 min)
  trial  445/1500  pareto_size=6  best_ilamb=0.5685  (7.5 min)
  trial  467/1500  pareto_size=6  best_ilamb=0.5685  (7.9 min)
  trial  489/1500  pareto_size=6  best_ilamb=0.5685  (8.2 min)
  trial  511/1500  pareto_size=6  best_ilamb=0.5685  (8.6 min)
  trial  532/1500  pareto_size=6  best_ilamb=0.5685  (8.9 min)
  trial  554/1500  pareto_size=1  best_ilamb=0.5905  (9.2 min)
  trial  577/1500  pareto_size=1  best_ilamb=0.5905  (9.6 min)
  trial  600/1500  pareto_size=1  best_ilamb=0.5905  (9.9 min)
  trial  621/1500  pareto_size=1  best_ilamb=0.5905  (10.3 min)
  trial  641/1500  pareto_size=1  best_ilamb=0.5905  (10.6 min)
  trial  663/1500  pareto_size=1  best_ilamb=0.5905  (11.0 min)
  trial  684/1500  pareto_size=1  best_ilamb=0.5905  (11.3 min)
  trial  705/1500  pareto_size=1  best_ilamb=0.5905  (11.7 min)
  trial  726/1500  pareto_size=1  best_ilamb=0.5905  (12.0 min)
  trial  747/1500  pareto_size=1  best_ilamb=0.5905  (12.3 min)
  trial  768/1500  pareto_size=1  best_ilamb=0.5905  (12.7 min)
  trial  789/1500  pareto_size=2  best_ilamb=0.5905  (13.0 min)
  trial  809/1500  pareto_size=2  best_ilamb=0.5905  (13.4 min)
  trial  828/1500  pareto_size=2  best_ilamb=0.5905  (13.7 min)
  trial  847/1500  pareto_size=3  best_ilamb=0.5905  (14.1 min)
  trial  866/1500  pareto_size=3  best_ilamb=0.5905  (14.4 min)
  trial  884/1500  pareto_size=3  best_ilamb=0.5905  (14.8 min)
  trial  902/1500  pareto_size=3  best_ilamb=0.5905  (15.1 min)
  trial  919/1500  pareto_size=3  best_ilamb=0.5905  (15.5 min)
  trial  936/1500  pareto_size=3  best_ilamb=0.5905  (15.8 min)
  trial  959/1500  pareto_size=3  best_ilamb=0.5905  (16.2 min)
  trial  979/1500  pareto_size=3  best_ilamb=0.5905  (16.5 min)
  trial 1001/1500  pareto_size=3  best_ilamb=0.5905  (16.9 min)
  trial 1022/1500  pareto_size=3  best_ilamb=0.5905  (17.2 min)
  trial 1043/1500  pareto_size=3  best_ilamb=0.5905  (17.6 min)
  trial 1064/1500  pareto_size=3  best_ilamb=0.5905  (17.9 min)
  trial 1084/1500  pareto_size=3  best_ilamb=0.5905  (18.3 min)
  trial 1104/1500  pareto_size=3  best_ilamb=0.5905  (18.6 min)
  trial 1124/1500  pareto_size=3  best_ilamb=0.5905  (19.0 min)
  trial 1144/1500  pareto_size=3  best_ilamb=0.5905  (19.3 min)
  trial 1167/1500  pareto_size=3  best_ilamb=0.5905  (19.7 min)
  trial 1189/1500  pareto_size=3  best_ilamb=0.5905  (20.0 min)
  trial 1211/1500  pareto_size=3  best_ilamb=0.5905  (20.4 min)
  trial 1233/1500  pareto_size=4  best_ilamb=0.5905  (20.7 min)
  trial 1253/1500  pareto_size=2  best_ilamb=0.5905  (21.1 min)
  trial 1275/1500  pareto_size=2  best_ilamb=0.5905  (21.4 min)
  trial 1295/1500  pareto_size=2  best_ilamb=0.5905  (21.7 min)
  trial 1316/1500  pareto_size=2  best_ilamb=0.5905  (22.1 min)
  trial 1338/1500  pareto_size=2  best_ilamb=0.5905  (22.4 min)
  trial 1359/1500  pareto_size=2  best_ilamb=0.5905  (22.8 min)
  trial 1380/1500  pareto_size=2  best_ilamb=0.5905  (23.1 min)
  trial 1401/1500  pareto_size=3  best_ilamb=0.5905  (23.5 min)
  trial 1422/1500  pareto_size=3  best_ilamb=0.5905  (23.8 min)
  trial 1441/1500  pareto_size=3  best_ilamb=0.5905  (24.2 min)
  trial 1464/1500  pareto_size=4  best_ilamb=0.5905  (24.5 min)
  trial 1486/1500  pareto_size=4  best_ilamb=0.5905  (24.9 min)

[done] 1500 trials in 25.1 min
[pareto] 4 non-dominated trials, 4 with fp_score >= 0.8
[chosen] trial 551: ILAMB=0.5905  fp_score=0.9884  ratio=0.86
[best] Bias=0.7164  RMSE=0.3329  Seas=0.7503  Spatial=0.8201  Overall=0.5905
[diag] raw rate land-mean (yr^-1): 0.02373  (target ~ 0.06082)
[write] D:\FIRE_OFFLINE\models\C\params.G_NAmerica.json
[write] D:\FIRE_OFFLINE\ilamb\MODELS\ED-ModelC-final\burntArea.G_NAmerica.nc  (11.2 MB)

[FIX2] dumping top-4 Pareto candidates -> D:\FIRE_OFFLINE\ilamb\MODELS_TOPK_G_NAmerica
  k1: trial 551  internal_overall=0.5905  taylor=0.0000  sigma=0.000  fp=0.988  ratio=0.86  amp=1.00
  k2: trial 1429  internal_overall=0.5837  taylor=0.0000  sigma=0.000  fp=0.990  ratio=0.90  amp=1.00
  k3: trial 1445  internal_overall=0.5812  taylor=0.0000  sigma=0.000  fp=0.991  ratio=0.88  amp=1.00
  k4: trial 1443  internal_overall=0.5735  taylor=0.0000  sigma=0.000  fp=0.992  ratio=0.79  amp=1.00
[FIX2] manifest -> D:\FIRE_OFFLINE\models\C\topk.G_NAmerica.json
[FIX2] re-score all candidates with official ILAMB (CLAUDE.md recipe; clean ._* first), e.g. --model_root "$PWD/ilamb/MODELS_TOPK_G_NAmerica"
[FIX2] promote the candidate with the best OFFICIAL Overall, NOT the internal one.
=== done N.America  02:37:18 ===
=== Model G: fitting Australia  (tag=G_Australia, N_TRIALS=1500)  02:37:18 ===
[I 2026-08-06 02:37:30,706] A new study created in memory with name: no-name-e42c3a83-76da-4be7-bb5f-a993c5dfcf02
[I 2026-08-06 02:37:31,823] Trial 0 finished with values: [-0.5053421535098336, 0.07563264364092004] and parameters: {'k1': 0.03635503353478365, 'D_low': 70.18267183720735, 'k2': 0.012758211164590085, 'D_high': 2940.51756322311, 'fire_exp': 1.165368636520435, 'P_half': 12.808863354047988, 'pre_dampen_half': 107.40052367919465, 'gpp_af': 0.1476584299248268, 'gpp_b': 0.0005752434266899163, 'gpp_d': 660.9129108295722, 'ign_k': 8.708806168038567, 'ign_c': 20.03995359361212}.
[I 2026-08-06 02:37:32,945] Trial 1 finished with values: [10.768645367860678, 10.768645367860678] and parameters: {'k1': 0.00031489116479568613, 'D_low': 6351.221010640702, 'k2': 0.008471801418819975, 'D_high': 2481.0409748678126, 'fire_exp': 1.4322493718230251, 'P_half': 4.2070539502879365, 'pre_dampen_half': 0.0195172246414495, 'gpp_af': 21.42302175774105, 'gpp_b': 0.040428727350273294, 'gpp_d': 34.70266988650411, 'ign_k': 0.0012087541473056963, 'ign_c': 757.9479953347999}.
[I 2026-08-06 02:37:34,072] Trial 2 finished with values: [10.769115051468907, 10.769115051468907] and parameters: {'k1': 0.021368329072358756, 'D_low': 7.068974950624602, 'k2': 5.3370327626039544e-05, 'D_high': 54.1524411940254, 'fire_exp': 2.0148477884158655, 'P_half': 125.61043700013555, 'pre_dampen_half': 1.4445251022763053, 'gpp_af': 0.028585493941961918, 'gpp_b': 0.046894009635376835, 'gpp_d': 0.04982752357076448, 'ign_k': 0.01474275315991467, 'ign_c': 2.92043384718141}.
[I 2026-08-06 02:37:35,216] Trial 3 finished with values: [10.769230769045793, 10.769230769045793] and parameters: {'k1': 0.0006672367170464204, 'D_low': 1382.6232179369867, 'k2': 6.290644294586152e-05, 'D_high': 1140.0863701127325, 'fire_exp': 3.9121416285496955, 'P_half': 1.533916259116362, 'pre_dampen_half': 10.90747583515769, 'gpp_af': 0.007122305833333868, 'gpp_b': 2.4564592152507503e-05, 'gpp_d': 555.1721685244722, 'ign_k': 7.2866537374910445, 'ign_c': 171.23375973163948}.
[I 2026-08-06 02:37:36,324] Trial 4 finished with values: [10.765297436833855, 10.765297436833855] and parameters: {'k1': 0.00016536937182824412, 'D_low': 2.458603276328005, 'k2': 0.005456725485601475, 'D_high': 576.2487216478603, 'fire_exp': 1.324458134009935, 'P_half': 95.65499215943822, 'pre_dampen_half': 0.014857392806279237, 'gpp_af': 35.20481045526041, 'gpp_b': 0.0003570095960030948, 'gpp_d': 20.54051942538844, 'ign_k': 0.017654048052495083, 'ign_c': 12.03017887115466}.
[I 2026-08-06 02:37:37,436] Trial 5 finished with values: [10.769230769045793, 10.769230769045793] and parameters: {'k1': 0.0015375920235481753, 'D_low': 5.488047000766042, 'k2': 0.07556810141274425, 'D_high': 12604.664585649456, 'fire_exp': 8.699593128513321, 'P_half': 3795.8531426706395, 'pre_dampen_half': 9.761125443110442, 'gpp_af': 40.679084943595456, 'gpp_b': 3.395900933162749e-05, 'gpp_d': 0.09548041810464164, 'ign_k': 0.0015167330688076208, 'ign_c': 2.001342062287997}.
[I 2026-08-06 02:37:38,579] Trial 6 finished with values: [10.76842530985473, 10.76842530985473] and parameters: {'k1': 0.00035868164986275477, 'D_low': 12.172958098369968, 'k2': 0.02065142557895925, 'D_high': 267.3088310781672, 'fire_exp': 1.9095652801045373, 'P_half': 148.17820606039086, 'pre_dampen_half': 0.050654860639753524, 'gpp_af': 10.25616274847308, 'gpp_b': 2.800940363375676e-05, 'gpp_d': 859.8737339212263, 'ign_k': 1.2273800987852967, 'ign_c': 0.6235377135673155}.
[I 2026-08-06 02:37:39,753] Trial 7 finished with values: [10.769230769045793, 10.769230769045793] and parameters: {'k1': 1.0521761868451132e-05, 'D_low': 1827.4508859816024, 'k2': 0.00672093005015611, 'D_high': 8241.92526487646, 'fire_exp': 5.905685925060636, 'P_half': 1.9777828512462716, 'pre_dampen_half': 0.6199100007802261, 'gpp_af': 0.0037961668958008117, 'gpp_b': 1.5087613675681661, 'gpp_d': 13.076473382928533, 'ign_k': 0.021066486017042207, 'ign_c': 0.17956984225677627}.
[I 2026-08-06 02:37:40,914] Trial 8 finished with values: [10.769226839368438, 10.769226839368438] and parameters: {'k1': 0.00017535949529764417, 'D_low': 19.986340778528874, 'k2': 0.008287522363768155, 'D_high': 3550.0125258511603, 'fire_exp': 7.712811947156349, 'P_half': 77.42116473996248, 'pre_dampen_half': 0.039625178325723404, 'gpp_af': 3.6831884165358977, 'gpp_b': 0.36703737625293875, 'gpp_d': 6.403036652671167, 'ign_k': 1.2130221181165162, 'ign_c': 9.444574254983557}.
[I 2026-08-06 02:37:42,016] Trial 9 finished with values: [10.769225917325228, 10.769225917325228] and parameters: {'k1': 0.0012329098365270509, 'D_low': 51.30551760589834, 'k2': 1.263794633808287e-05, 'D_high': 27.012557725439073, 'fire_exp': 1.075051292556307, 'P_half': 351.2704726270846, 'pre_dampen_half': 0.37306104754535907, 'gpp_af': 0.34902252478382495, 'gpp_b': 2.788681037423117, 'gpp_d': 0.17638479543546878, 'ign_k': 0.04380580767905655, 'ign_c': 105.24574681335613}.
[I 2026-08-06 02:37:43,155] Trial 10 finished with values: [10.769230769045793, 10.769230769045793] and parameters: {'k1': 8.226074946221034e-05, 'D_low': 2.0319809838424976, 'k2': 0.00014421346497969477, 'D_high': 44.1453687649448, 'fire_exp': 8.505456981059524, 'P_half': 1707.9750342958232, 'pre_dampen_half': 14.689898077648792, 'gpp_af': 22.766850248686247, 'gpp_b': 0.6637926838138378, 'gpp_d': 0.08567424667875059, 'ign_k': 3.7173717478250508, 'ign_c': 14.367095138664217}.
[I 2026-08-06 02:37:44,363] Trial 11 finished with values: [10.714044753236847, 10.714044753236847] and parameters: {'k1': 0.016973078532467004, 'D_low': 3840.3004190988563, 'k2': 0.0001870742013766025, 'D_high': 27.55546207779663, 'fire_exp': 1.6901885781909627, 'P_half': 51.10120656497163, 'pre_dampen_half': 123.04779330083686, 'gpp_af': 20.12115544906385, 'gpp_b': 1.1008110571039521e-05, 'gpp_d': 3.57879245350232, 'ign_k': 0.0467351899956275, 'ign_c': 0.773448215664679}.
[I 2026-08-06 02:37:45,491] Trial 12 finished with values: [10.769230769045793, 10.769230769045793] and parameters: {'k1': 3.0162092627967762e-05, 'D_low': 22.41097161910951, 'k2': 0.059106986190885426, 'D_high': 196.25093208439853, 'fire_exp': 3.302103045515253, 'P_half': 648.7477066058678, 'pre_dampen_half': 0.6578820119123174, 'gpp_af': 72.26207258080494, 'gpp_b': 5.952285716284423, 'gpp_d': 0.18151456496577564, 'ign_k': 0.09749762207436122, 'ign_c': 1.597766235483386}.
[I 2026-08-06 02:37:46,594] Trial 13 finished with values: [10.055563868549555, 10.055563868549555] and parameters: {'k1': 0.00013783578294796384, 'D_low': 1.4045842344024697, 'k2': 0.0027431991397796683, 'D_high': 1024.9816559563214, 'fire_exp': 1.1258453832483524, 'P_half': 13.019246714361572, 'pre_dampen_half': 347.79988160923324, 'gpp_af': 0.015769192447197523, 'gpp_b': 7.402343469704428e-05, 'gpp_d': 2.8006820077310213, 'ign_k': 8.761971101023693, 'ign_c': 0.9294394155644988}.
[I 2026-08-06 02:37:47,687] Trial 14 finished with values: [10.755068592269858, 10.755068592269858] and parameters: {'k1': 0.00488137519160367, 'D_low': 1112.9571947046009, 'k2': 8.923807143379776e-05, 'D_high': 8182.111518618414, 'fire_exp': 2.332293128354265, 'P_half': 338.23872019362165, 'pre_dampen_half': 14.711215379121963, 'gpp_af': 0.47739011308437823, 'gpp_b': 3.481277316673104e-05, 'gpp_d': 150.14555442537656, 'ign_k': 0.019192001101561888, 'ign_c': 0.557280750002996}.
[I 2026-08-06 02:37:48,799] Trial 15 finished with values: [10.769230716671759, 10.769230716671759] and parameters: {'k1': 1.4557961490251982e-05, 'D_low': 230.97861492693565, 'k2': 0.0051316549551483235, 'D_high': 11.650681118986137, 'fire_exp': 3.251569628166816, 'P_half': 8.053471030316096, 'pre_dampen_half': 16.821470258034143, 'gpp_af': 0.007444441903453077, 'gpp_b': 0.1398383943321133, 'gpp_d': 0.8583743499363278, 'ign_k': 5.583672722754823, 'ign_c': 0.3548818403010947}.
[I 2026-08-06 02:37:49,916] Trial 16 finished with values: [10.759300285439629, 10.759300285439629] and parameters: {'k1': 0.00023134781612225627, 'D_low': 2.843767489444367, 'k2': 0.0499774937030317, 'D_high': 32311.521854410956, 'fire_exp': 1.811096651915224, 'P_half': 436.4516946807792, 'pre_dampen_half': 121.93011993958949, 'gpp_af': 0.5970408652384318, 'gpp_b': 0.015062722325200045, 'gpp_d': 0.1619054449471649, 'ign_k': 0.002357279455676982, 'ign_c': 388.02797007866826}.
