[I 2026-07-22 21:54:34,183] Trial 317 finished with values: [-0.5354085718698921, 0.13686671839349962] and parameters: {'k1': 0.003242143344038315, 'D_low': 11.437258028094242, 'k2': 0.0034207303670092245, 'D_high': 580966.5602369158, 'fire_exp': 2.3123511487896353, 'P_half': 28.15630081597223, 'pre_dampen_half': 10.059683154936915, 'gpp_af': 1.4498445474033743, 'gpp_b': 1.7565109007473816e-05, 'gpp_d': 25.017068255320467, 'ign_k': 0.04732407125181112, 'ign_c': 3.4084279109230433, 'trop_agb_crit': 5.707205898008383, 'trop_k_veg': 0.9369104721775232, 'fuel_k': 0.028970790717327534, 'fuel_half': 42.6871254378718}.
[I 2026-07-22 21:54:34,628] Trial 318 finished with values: [-0.23874041484769268, 0.09771540303948345] and parameters: {'k1': 0.002968335334246999, 'D_low': 4.043300846639722, 'k2': 0.07799059237255677, 'D_high': 107013.64911724928, 'fire_exp': 2.2271826002669806, 'P_half': 245.27450543222417, 'pre_dampen_half': 33.97904243111269, 'gpp_af': 18.235072804314193, 'gpp_b': 3.228689523591491e-05, 'gpp_d': 302.3127748796295, 'ign_k': 0.04732407125181112, 'ign_c': 3.0378658251922155, 'trop_agb_crit': 15.870971677383487, 'trop_k_veg': 1.6340262437673856, 'fuel_k': 1.2528108647479208, 'fuel_half': 8.115041565366713}.
[I 2026-07-22 21:54:35,051] Trial 319 finished with values: [10.652204917365914, 10.652204917365914] and parameters: {'k1': 0.052334804885400876, 'D_low': 1.1640589436768796, 'k2': 0.07799059237255677, 'D_high': 1693415.5410667954, 'fire_exp': 2.2271826002669806, 'P_half': 669.7348618512094, 'pre_dampen_half': 33.97904243111269, 'gpp_af': 0.0025511964576171086, 'gpp_b': 0.00011277885258222645, 'gpp_d': 302.3127748796295, 'ign_k': 0.006039096247545781, 'ign_c': 77.59048401667629, 'trop_agb_crit': 5.841230872704112, 'trop_k_veg': 0.5695379443977426, 'fuel_k': 3.6992394681929355, 'fuel_half': 38.21129441691226}.
[I 2026-07-22 21:54:35,474] Trial 320 finished with values: [10.769230768838547, 10.769230768838547] and parameters: {'k1': 0.003242143344038315, 'D_low': 4956.545863307493, 'k2': 0.0034207303670092245, 'D_high': 16392.60991832772, 'fire_exp': 1.8435203341118644, 'P_half': 4.889669266916749, 'pre_dampen_half': 0.014385690886336346, 'gpp_af': 1.4498445474033743, 'gpp_b': 1.7565109007473816e-05, 'gpp_d': 9.00460602264307, 'ign_k': 5.557109890966285, 'ign_c': 98.40989343758308, 'trop_agb_crit': 5.707205898008383, 'trop_k_veg': 1.793919400078986, 'fuel_k': 0.017262921159278164, 'fuel_half': 2.84163933350535}.
[I 2026-07-22 21:54:35,889] Trial 321 finished with values: [10.538689382862135, 10.538689382862135] and parameters: {'k1': 0.011966626407443505, 'D_low': 3.169598846855015, 'k2': 2.8459703343413838e-05, 'D_high': 558.9524205217922, 'fire_exp': 1.4750777427176416, 'P_half': 4.889669266916749, 'pre_dampen_half': 3.9885726374014694, 'gpp_af': 0.06789053271698488, 'gpp_b': 0.02048523887932671, 'gpp_d': 61.82902222163609, 'ign_k': 0.006290644294586149, 'ign_c': 4.1108484350212295, 'trop_agb_crit': 1.5774541406529003, 'trop_k_veg': 3.4439936249445045, 'fuel_k': 0.03743055596010634, 'fuel_half': 0.14319038307687884}.
[I 2026-07-22 21:54:36,352] Trial 322 finished with values: [10.212207994568201, 10.212207994568201] and parameters: {'k1': 0.09738633019266786, 'D_low': 4.043300846639722, 'k2': 3.5281132746849994e-05, 'D_high': 2512533.442757688, 'fire_exp': 2.2271826002669806, 'P_half': 245.27450543222417, 'pre_dampen_half': 33.71909132517388, 'gpp_af': 42.29037995744429, 'gpp_b': 0.00011277885258222645, 'gpp_d': 27.50607428241511, 'ign_k': 0.050667002161528835, 'ign_c': 3.0378658251922155, 'trop_agb_crit': 15.870971677383487, 'trop_k_veg': 6.911478238001162, 'fuel_k': 0.028970790717327534, 'fuel_half': 16.371966573507315}.
[I 2026-07-22 21:54:36,822] Trial 323 finished with values: [-0.5705392448538804, 0.1334387145009206] and parameters: {'k1': 0.0029707920514735983, 'D_low': 13.25142220631392, 'k2': 2.8459703343413838e-05, 'D_high': 1693415.5410667954, 'fire_exp': 1.5922031489278718, 'P_half': 9.324787201197319, 'pre_dampen_half': 3.9885726374014694, 'gpp_af': 0.0025511964576171086, 'gpp_b': 1.7565109007473816e-05, 'gpp_d': 8.057329182285729, 'ign_k': 0.004144296901136395, 'ign_c': 4.1108484350212295, 'trop_agb_crit': 15.870971677383487, 'trop_k_veg': 2.2426202441332554, 'fuel_k': 0.6199941538390381, 'fuel_half': 13.402368611128821}.
[I 2026-07-22 21:54:37,279] Trial 324 finished with values: [-0.3648958211605229, 0.1270956841112001] and parameters: {'k1': 0.0029707920514735983, 'D_low': 4.043300846639722, 'k2': 2.1698375693549493e-05, 'D_high': 160625.60954780428, 'fire_exp': 1.0689448798385355, 'P_half': 1938.3858782150498, 'pre_dampen_half': 33.97904243111269, 'gpp_af': 0.0025511964576171086, 'gpp_b': 3.228689523591491e-05, 'gpp_d': 857.4284557962626, 'ign_k': 0.03141110271934876, 'ign_c': 3.0378658251922155, 'trop_agb_crit': 15.870971677383487, 'trop_k_veg': 6.911478238001162, 'fuel_k': 5.486054129200971, 'fuel_half': 18.202647368248815}.
[I 2026-07-22 21:54:37,715] Trial 325 finished with values: [10.761115734077258, 10.761115734077258] and parameters: {'k1': 2.27847364377152e-05, 'D_low': 4.043300846639722, 'k2': 2.1698375693549493e-05, 'D_high': 1681956.433827372, 'fire_exp': 2.2271826002669806, 'P_half': 245.27450543222417, 'pre_dampen_half': 0.4016986062226068, 'gpp_af': 0.12243451886824051, 'gpp_b': 1.7565109007473816e-05, 'gpp_d': 857.4284557962626, 'ign_k': 0.04732407125181112, 'ign_c': 0.11650681118986138, 'trop_agb_crit': 9.362115196011851, 'trop_k_veg': 6.911478238001162, 'fuel_k': 0.028970790717327534, 'fuel_half': 0.3335026483569958}.
[I 2026-07-22 21:54:38,150] Trial 326 finished with values: [10.727758862213221, 10.727758862213221] and parameters: {'k1': 3.277022851928565e-05, 'D_low': 3.169598846855015, 'k2': 0.07799059237255677, 'D_high': 2283.4228779494524, 'fire_exp': 1.4750777427176416, 'P_half': 28.15630081597223, 'pre_dampen_half': 37.19072637334468, 'gpp_af': 0.09791370130598968, 'gpp_b': 0.6462022984655512, 'gpp_d': 25.017068255320467, 'ign_k': 0.005105542986365654, 'ign_c': 94.19612235978188, 'trop_agb_crit': 6.058402553512053, 'trop_k_veg': 1.7518409078083697, 'fuel_k': 0.09252659617259135, 'fuel_half': 5.624789772977319}.
[I 2026-07-22 21:54:38,624] Trial 327 finished with values: [10.356879786164791, 10.356879786164791] and parameters: {'k1': 6.693990428538841e-05, 'D_low': 28.33153434644107, 'k2': 7.67074891445376e-05, 'D_high': 2512533.442757688, 'fire_exp': 2.3750840427797026, 'P_half': 1.4378290221680121, 'pre_dampen_half': 294.75617712568373, 'gpp_af': 1.4498445474033743, 'gpp_b': 1.1983032564333187e-05, 'gpp_d': 2.901272149738622, 'ign_k': 0.0029580419692843236, 'ign_c': 201.0328373440913, 'trop_agb_crit': 1.1208086449693282, 'trop_k_veg': 0.5695379443977426, 'fuel_k': 1.312881567992459, 'fuel_half': 81.87941582538087}.
[I 2026-07-22 21:54:39,069] Trial 328 finished with values: [10.747993145668852, 10.747993145668852] and parameters: {'k1': 0.002968335334246999, 'D_low': 4.043300846639722, 'k2': 0.07799059237255677, 'D_high': 2512533.442757688, 'fire_exp': 2.2271826002669806, 'P_half': 3648.4560830477985, 'pre_dampen_half': 94.20121790275627, 'gpp_af': 0.049802479194577566, 'gpp_b': 3.228689523591491e-05, 'gpp_d': 302.3127748796295, 'ign_k': 0.04732407125181112, 'ign_c': 3.0378658251922155, 'trop_agb_crit': 12.285102065067687, 'trop_k_veg': 1.6340262437673856, 'fuel_k': 1.2528108647479208, 'fuel_half': 2.276766792290519}.
[I 2026-07-22 21:54:39,498] Trial 329 finished with values: [10.170662044847807, 10.170662044847807] and parameters: {'k1': 2.6285770615112825e-05, 'D_low': 28.33153434644107, 'k2': 7.67074891445376e-05, 'D_high': 2512533.442757688, 'fire_exp': 2.3750840427797026, 'P_half': 1.4378290221680121, 'pre_dampen_half': 868.1843415114095, 'gpp_af': 0.0025511964576171086, 'gpp_b': 3.228689523591491e-05, 'gpp_d': 12.151631524283598, 'ign_k': 0.018707420137660268, 'ign_c': 3.0378658251922155, 'trop_agb_crit': 10.719494362768906, 'trop_k_veg': 1.140286245977296, 'fuel_k': 1.8731335591844647, 'fuel_half': 81.87941582538087}.
[I 2026-07-22 21:54:39,924] Trial 330 finished with values: [10.76433777932237, 10.76433777932237] and parameters: {'k1': 0.09738633019266786, 'D_low': 77437.38566267729, 'k2': 0.0034207303670092245, 'D_high': 2512533.442757688, 'fire_exp': 2.2271826002669806, 'P_half': 136.0956887810302, 'pre_dampen_half': 294.75617712568373, 'gpp_af': 0.008562341633595545, 'gpp_b': 3.228689523591491e-05, 'gpp_d': 373.3014953695604, 'ign_k': 0.050667002161528835, 'ign_c': 0.11650681118986138, 'trop_agb_crit': 5.707205898008383, 'trop_k_veg': 6.911478238001162, 'fuel_k': 0.028970790717327534, 'fuel_half': 18.202647368248815}.
[I 2026-07-22 21:54:40,356] Trial 331 finished with values: [10.769009994753105, 10.769009994753105] and parameters: {'k1': 5.3397427849512415e-05, 'D_low': 3.169598846855015, 'k2': 0.038650368562597265, 'D_high': 6978.624673182437, 'fire_exp': 1.4750777427176416, 'P_half': 2.0915073038472545, 'pre_dampen_half': 3.9885726374014694, 'gpp_af': 0.008562341633595545, 'gpp_b': 2.3382984208508284, 'gpp_d': 9.00460602264307, 'ign_k': 0.1550134937334847, 'ign_c': 4.1108484350212295, 'trop_agb_crit': 5.707205898008383, 'trop_k_veg': 0.9369104721775232, 'fuel_k': 0.03743055596010634, 'fuel_half': 0.33988503110784557}.
  trial  332/1500  pareto_size=2  best_taylor=0.6408  best_ilamb=0.5578  (2.4 min)
[I 2026-07-22 21:54:40,872] Trial 332 finished with values: [10.080987886023973, 10.080987886023973] and parameters: {'k1': 6.693990428538841e-05, 'D_low': 2.9612221068836555, 'k2': 0.002342238625792905, 'D_high': 2512533.442757688, 'fire_exp': 2.3123511487896353, 'P_half': 19.986340778528874, 'pre_dampen_half': 294.75617712568373, 'gpp_af': 1.540945776288155, 'gpp_b': 1.7565109007473816e-05, 'gpp_d': 8.057329182285729, 'ign_k': 0.004144296901136395, 'ign_c': 71.28188058401358, 'trop_agb_crit': 6.119263728555865, 'trop_k_veg': 0.977663002683211, 'fuel_k': 1.8645619680420138, 'fuel_half': 42.6871254378718}.
[I 2026-07-22 21:54:41,296] Trial 333 finished with values: [10.754716128449559, 10.754716128449559] and parameters: {'k1': 0.002968335334246999, 'D_low': 4.043300846639722, 'k2': 0.07799059237255677, 'D_high': 2512533.442757688, 'fire_exp': 2.2271826002669806, 'P_half': 1.4378290221680121, 'pre_dampen_half': 33.97904243111269, 'gpp_af': 18.235072804314193, 'gpp_b': 3.228689523591491e-05, 'gpp_d': 302.3127748796295, 'ign_k': 0.04732407125181112, 'ign_c': 6.44574526230189, 'trop_agb_crit': 15.870971677383487, 'trop_k_veg': 1.6340262437673856, 'fuel_k': 1.2528108647479208, 'fuel_half': 16.371966573507315}.
[I 2026-07-22 21:54:41,761] Trial 334 finished with values: [10.665190325197132, 10.665190325197132] and parameters: {'k1': 5.3397427849512415e-05, 'D_low': 2.9612221068836555, 'k2': 0.038650368562597265, 'D_high': 2512533.442757688, 'fire_exp': 1.8435203341118644, 'P_half': 4.889669266916749, 'pre_dampen_half': 294.75617712568373, 'gpp_af': 1.4498445474033743, 'gpp_b': 1.7565109007473816e-05, 'gpp_d': 2.901272149738622, 'ign_k': 0.03141110271934876, 'ign_c': 71.28188058401358, 'trop_agb_crit': 6.058402553512053, 'trop_k_veg': 1.793919400078986, 'fuel_k': 0.6137000782082781, 'fuel_half': 2.84163933350535}.
[I 2026-07-22 21:54:42,206] Trial 335 finished with values: [10.480368851501582, 10.480368851501582] and parameters: {'k1': 3.277022851928565e-05, 'D_low': 13702.184620615577, 'k2': 0.0007406380926311093, 'D_high': 2283.4228779494524, 'fire_exp': 1.034491242472073, 'P_half': 127.52949611679996, 'pre_dampen_half': 94.20121790275627, 'gpp_af': 18.235072804314193, 'gpp_b': 3.228689523591491e-05, 'gpp_d': 302.3127748796295, 'ign_k': 0.006039096247545781, 'ign_c': 94.19612235978188, 'trop_agb_crit': 12.285102065067687, 'trop_k_veg': 4.60227373948169, 'fuel_k': 0.04207132303652083, 'fuel_half': 0.33988503110784557}.
[I 2026-07-22 21:54:42,641] Trial 336 finished with values: [10.763451771340245, 10.763451771340245] and parameters: {'k1': 0.09738633019266786, 'D_low': 24520.940895977496, 'k2': 3.5281132746849994e-05, 'D_high': 558.9524205217922, 'fire_exp': 1.4750777427176416, 'P_half': 245.27450543222417, 'pre_dampen_half': 33.97904243111269, 'gpp_af': 0.06789053271698488, 'gpp_b': 3.228689523591491e-05, 'gpp_d': 6.91394869865762, 'ign_k': 0.050667002161528835, 'ign_c': 3.0378658251922155, 'trop_agb_crit': 15.870971677383487, 'trop_k_veg': 6.911478238001162, 'fuel_k': 0.028970790717327534, 'fuel_half': 18.202647368248815}.
[I 2026-07-22 21:54:43,079] Trial 337 finished with values: [10.343624418362188, 10.343624418362188] and parameters: {'k1': 3.277022851928565e-05, 'D_low': 890.3633614906976, 'k2': 0.038650368562597265, 'D_high': 30.887296151492574, 'fire_exp': 2.2271826002669806, 'P_half': 21.901578520649217, 'pre_dampen_half': 233.2883871089529, 'gpp_af': 1.4498445474033743, 'gpp_b': 0.002022832315155261, 'gpp_d': 6.91394869865762, 'ign_k': 4.59148521674054, 'ign_c': 0.13670484737132343, 'trop_agb_crit': 1.2440687631821843, 'trop_k_veg': 1.793919400078986, 'fuel_k': 3.6992394681929355, 'fuel_half': 2.276766792290519}.
[I 2026-07-22 21:54:43,510] Trial 338 finished with values: [-0.48458627925408765, 0.08023187716162328] and parameters: {'k1': 0.003242143344038315, 'D_low': 11.437258028094242, 'k2': 1.6559474674046002e-05, 'D_high': 2512533.442757688, 'fire_exp': 2.3123511487896353, 'P_half': 27.59069025439785, 'pre_dampen_half': 10.059683154936915, 'gpp_af': 2.114381609520638, 'gpp_b': 0.002022832315155261, 'gpp_d': 25.017068255320467, 'ign_k': 0.04732407125181112, 'ign_c': 3.4084279109230433, 'trop_agb_crit': 5.707205898008383, 'trop_k_veg': 0.9369104721775232, 'fuel_k': 0.09252659617259135, 'fuel_half': 2.276766792290519}.
[I 2026-07-22 21:54:43,942] Trial 339 finished with values: [10.769230768838547, 10.769230768838547] and parameters: {'k1': 9.969469187531805e-05, 'D_low': 864.0717009254879, 'k2': 7.67074891445376e-05, 'D_high': 2283.4228779494524, 'fire_exp': 2.3750840427797026, 'P_half': 334.62201030483817, 'pre_dampen_half': 33.71909132517388, 'gpp_af': 42.29037995744429, 'gpp_b': 1.1698276136056565e-05, 'gpp_d': 2.2044650100999164, 'ign_k': 4.59148521674054, 'ign_c': 77.59048401667629, 'trop_agb_crit': 10.719494362768906, 'trop_k_veg': 3.024803048559367, 'fuel_k': 3.6992394681929355, 'fuel_half': 81.87941582538087}.
[I 2026-07-22 21:54:44,402] Trial 340 finished with values: [10.064769119240836, 10.064769119240836] and parameters: {'k1': 3.6595533391425955e-05, 'D_low': 4.043300846639722, 'k2': 0.07799059237255677, 'D_high': 2283.4228779494524, 'fire_exp': 2.264545306066772, 'P_half': 3.6138942712165267, 'pre_dampen_half': 233.2883871089529, 'gpp_af': 0.09791370130598968, 'gpp_b': 2.325239859823921e-05, 'gpp_d': 302.3127748796295, 'ign_k': 0.006290644294586149, 'ign_c': 6.3906950920732175, 'trop_agb_crit': 12.285102065067687, 'trop_k_veg': 0.5910730452888153, 'fuel_k': 0.017262921159278164, 'fuel_half': 30.847886273764168}.
[I 2026-07-22 21:54:44,858] Trial 341 finished with values: [10.761514400814876, 10.761514400814876] and parameters: {'k1': 3.6595533391425955e-05, 'D_low': 4.043300846639722, 'k2': 2.1698375693549493e-05, 'D_high': 30235.506416287044, 'fire_exp': 2.264545306066772, 'P_half': 1938.3858782150498, 'pre_dampen_half': 33.97904243111269, 'gpp_af': 0.06789053271698488, 'gpp_b': 3.228689523591491e-05, 'gpp_d': 302.3127748796295, 'ign_k': 0.018707420137660268, 'ign_c': 3.0378658251922155, 'trop_agb_crit': 15.870971677383487, 'trop_k_veg': 0.5687244174086067, 'fuel_k': 0.017262921159278164, 'fuel_half': 30.847886273764168}.
[I 2026-07-22 21:54:45,296] Trial 342 finished with values: [13.758521262222494, 13.758521262222494] and parameters: {'k1': 0.003242143344038315, 'D_low': 28.33153434644107, 'k2': 7.67074891445376e-05, 'D_high': 580966.5602369158, 'fire_exp': 2.3750840427797026, 'P_half': 1.4378290221680121, 'pre_dampen_half': 294.75617712568373, 'gpp_af': 0.008562341633595545, 'gpp_b': 1.7565109007473816e-05, 'gpp_d': 12.151631524283598, 'ign_k': 0.5131654955148324, 'ign_c': 0.9736725715035879, 'trop_agb_crit': 5.707205898008383, 'trop_k_veg': 1.140286245977296, 'fuel_k': 1.312881567992459, 'fuel_half': 81.87941582538087}.
[I 2026-07-22 21:54:45,734] Trial 343 finished with values: [10.134161200789766, 10.134161200789766] and parameters: {'k1': 3.277022851928565e-05, 'D_low': 3.169598846855015, 'k2': 3.5281132746849994e-05, 'D_high': 2283.4228779494524, 'fire_exp': 1.1574152795747572, 'P_half': 21.901578520649217, 'pre_dampen_half': 233.2883871089529, 'gpp_af': 0.09791370130598968, 'gpp_b': 2.325239859823921e-05, 'gpp_d': 373.3014953695604, 'ign_k': 0.005105542986365654, 'ign_c': 94.19612235978188, 'trop_agb_crit': 12.285102065067687, 'trop_k_veg': 6.911478238001162, 'fuel_k': 0.028970790717327534, 'fuel_half': 5.624789772977319}.
[I 2026-07-22 21:54:46,179] Trial 344 finished with values: [10.65259566691393, 10.65259566691393] and parameters: {'k1': 6.693990428538841e-05, 'D_low': 11.437258028094242, 'k2': 0.002342238625792905, 'D_high': 2512533.442757688, 'fire_exp': 2.3123511487896353, 'P_half': 334.62201030483817, 'pre_dampen_half': 10.059683154936915, 'gpp_af': 1.4498445474033743, 'gpp_b': 1.1698276136056565e-05, 'gpp_d': 2.2044650100999164, 'ign_k': 0.04732407125181112, 'ign_c': 3.4084279109230433, 'trop_agb_crit': 6.058402553512053, 'trop_k_veg': 0.5695379443977426, 'fuel_k': 0.028970790717327534, 'fuel_half': 2.9236782115513154}.
[I 2026-07-22 21:54:46,625] Trial 345 finished with values: [-0.6948068811527052, 0.03138761404546497] and parameters: {'k1': 9.969469187531805e-05, 'D_low': 1.1640589436768796, 'k2': 0.030699709531122953, 'D_high': 2512533.442757688, 'fire_exp': 2.3750840427797026, 'P_half': 1.4378290221680121, 'pre_dampen_half': 868.1843415114095, 'gpp_af': 1.4498445474033743, 'gpp_b': 0.00011277885258222645, 'gpp_d': 373.3014953695604, 'ign_k': 4.59148521674054, 'ign_c': 16.626592254031866, 'trop_agb_crit': 10.719494362768906, 'trop_k_veg': 1.140286245977296, 'fuel_k': 0.017262921159278164, 'fuel_half': 16.371966573507315}.
[I 2026-07-22 21:54:47,061] Trial 346 finished with values: [10.750000462294777, 10.750000462294777] and parameters: {'k1': 0.003242143344038315, 'D_low': 1.1640589436768796, 'k2': 0.07799059237255677, 'D_high': 2283.4228779494524, 'fire_exp': 1.7650286443463072, 'P_half': 2.1095259085905753, 'pre_dampen_half': 0.12475844033340494, 'gpp_af': 0.3259758793317361, 'gpp_b': 0.00011277885258222645, 'gpp_d': 0.058813839452486937, 'ign_k': 0.003008686821445843, 'ign_c': 71.28188058401358, 'trop_agb_crit': 16.035571745273074, 'trop_k_veg': 2.3703642788018935, 'fuel_k': 5.1416354431322855, 'fuel_half': 3.0296104428212485}.
[I 2026-07-22 21:54:47,511] Trial 347 finished with values: [10.630076533159281, 10.630076533159281] and parameters: {'k1': 0.011966626407443505, 'D_low': 13.25142220631392, 'k2': 2.8459703343413838e-05, 'D_high': 3262.5163516684925, 'fire_exp': 2.3123511487896353, 'P_half': 9.324787201197319, 'pre_dampen_half': 3.9885726374014694, 'gpp_af': 0.06789053271698488, 'gpp_b': 1.1983032564333187e-05, 'gpp_d': 61.82902222163609, 'ign_k': 0.006290644294586149, 'ign_c': 4.1108484350212295, 'trop_agb_crit': 6.058402553512053, 'trop_k_veg': 3.4439936249445045, 'fuel_k': 0.017262921159278164, 'fuel_half': 97.86395331218435}.
[I 2026-07-22 21:54:47,987] Trial 348 finished with values: [13.66006021896037, 13.66006021896037] and parameters: {'k1': 0.0029707920514735983, 'D_low': 105.0448464633852, 'k2': 0.002342238625792905, 'D_high': 1693415.5410667954, 'fire_exp': 1.0689448798385355, 'P_half': 28.15630081597223, 'pre_dampen_half': 294.75617712568373, 'gpp_af': 0.0025511964576171086, 'gpp_b': 1.2892705405728861e-05, 'gpp_d': 0.08139347272614299, 'ign_k': 0.04732407125181112, 'ign_c': 3.0378658251922155, 'trop_agb_crit': 6.058402553512053, 'trop_k_veg': 6.911478238001162, 'fuel_k': 0.09252659617259135, 'fuel_half': 38.21129441691226}.
[I 2026-07-22 21:54:48,438] Trial 349 finished with values: [10.763586824217803, 10.763586824217803] and parameters: {'k1': 6.693990428538841e-05, 'D_low': 2.9612221068836555, 'k2': 3.5281132746849994e-05, 'D_high': 30235.506416287044, 'fire_exp': 2.264545306066772, 'P_half': 19.986340778528874, 'pre_dampen_half': 6.881834772031151, 'gpp_af': 1.540945776288155, 'gpp_b': 1.2892705405728861e-05, 'gpp_d': 2.901272149738622, 'ign_k': 0.03141110271934876, 'ign_c': 71.28188058401358, 'trop_agb_crit': 14.671700390275891, 'trop_k_veg': 0.5695379443977426, 'fuel_k': 1.8731335591844647, 'fuel_half': 42.6871254378718}.
[I 2026-07-22 21:54:48,869] Trial 350 finished with values: [10.11669255742259, 10.11669255742259] and parameters: {'k1': 0.002968335334246999, 'D_low': 12.856617791467924, 'k2': 0.07799059237255677, 'D_high': 2283.4228779494524, 'fire_exp': 2.2271826002669806, 'P_half': 21.901578520649217, 'pre_dampen_half': 233.2883871089529, 'gpp_af': 0.09791370130598968, 'gpp_b': 3.228689523591491e-05, 'gpp_d': 0.09548041810464164, 'ign_k': 0.04732407125181112, 'ign_c': 3.0378658251922155, 'trop_agb_crit': 12.285102065067687, 'trop_k_veg': 0.7808079158649266, 'fuel_k': 0.017262921159278164, 'fuel_half': 30.847886273764168}.
[I 2026-07-22 21:54:49,308] Trial 351 finished with values: [10.18375447906442, 10.18375447906442] and parameters: {'k1': 5.3397427849512415e-05, 'D_low': 13.25142220631392, 'k2': 2.8459703343413838e-05, 'D_high': 6978.624673182437, 'fire_exp': 1.8435203341118644, 'P_half': 4.889669266916749, 'pre_dampen_half': 868.1843415114095, 'gpp_af': 0.06789053271698488, 'gpp_b': 1.1983032564333187e-05, 'gpp_d': 61.82902222163609, 'ign_k': 0.005105542986365654, 'ign_c': 4.1108484350212295, 'trop_agb_crit': 6.119263728555865, 'trop_k_veg': 3.4439936249445045, 'fuel_k': 0.6760671437719994, 'fuel_half': 7.259866824755671}.
