[I 2026-08-20 01:09:27,126] Trial 1824 finished with value: 0.41854995544611406 and parameters: {'k1': 0.0013230272210942942, 'D_low': 1040.9933093912825, 'k2': 0.00173483570223823, 'D_high': 3889128.0136211817, 'fire_exp': 2.386645726394078, 'P_half': 19.713987135507846, 'pre_dampen_half': 0.8992726566219805, 'gpp_af': 0.26423099198843897, 'gpp_b': 4.9275830037426106e-05, 'gpp_d': 49.70667497865386, 'ign_k': 3.2285133599750355, 'ign_c': 0.1173001356315309, 'trop_agb_crit': 7.368913843557915, 'trop_k_veg': 5.235316806263637, 'pop_amp': 0.8383326393654239, 'pop_peak': 1.8529482113145515, 'pop_sig': 0.9639150498203402}. Best is trial 1128 with value: -0.620386984093161.
[I 2026-08-20 01:09:28,959] Trial 1825 finished with value: 0.5990985583131561 and parameters: {'k1': 0.00026137368713443287, 'D_low': 59073.56822823614, 'k2': 0.03495393468384852, 'D_high': 1170646.9300926356, 'fire_exp': 2.168464399847106, 'P_half': 2095.563350196312, 'pre_dampen_half': 0.6376991466179345, 'gpp_af': 0.15855283294577957, 'gpp_b': 0.00011358346408429687, 'gpp_d': 59.483392131542146, 'ign_k': 0.13113130307092583, 'ign_c': 0.36639354306936484, 'trop_agb_crit': 1.0200487541136332, 'trop_k_veg': 1.898761135559111, 'pop_amp': 0.1603214659964119, 'pop_peak': 76.79470157579168, 'pop_sig': 1.6887184834282472}. Best is trial 1128 with value: -0.620386984093161.
[I 2026-08-20 01:09:30,776] Trial 1826 finished with value: 0.5943590480094745 and parameters: {'k1': 0.0014031497066253607, 'D_low': 8896.278336574162, 'k2': 0.00206832229356343, 'D_high': 47171.063718165584, 'fire_exp': 5.904228016064651, 'P_half': 35.49126445763181, 'pre_dampen_half': 1.164487152419952, 'gpp_af': 6.890227536682327, 'gpp_b': 0.0008516465631550261, 'gpp_d': 1.661619138447504, 'ign_k': 0.8825912302998576, 'ign_c': 2.8501898412716176, 'trop_agb_crit': 9.48588435184545, 'trop_k_veg': 2.6231542516941766, 'pop_amp': 0.41359381499194653, 'pop_peak': 2.3232044029882988, 'pop_sig': 1.649864811722084}. Best is trial 1128 with value: -0.620386984093161.
[I 2026-08-20 01:09:32,582] Trial 1827 finished with value: 0.5650272723193923 and parameters: {'k1': 0.00019308953027012663, 'D_low': 114.14415877671074, 'k2': 0.031047747686940918, 'D_high': 109713.86665954889, 'fire_exp': 2.6162278553032325, 'P_half': 46.32811474060322, 'pre_dampen_half': 0.032044345408592474, 'gpp_af': 0.028881120772931642, 'gpp_b': 3.613377389582706e-05, 'gpp_d': 67.09437030875678, 'ign_k': 0.07998058347839329, 'ign_c': 0.1401726886581707, 'trop_agb_crit': 4.139055850068991, 'trop_k_veg': 1.9377088433438003, 'pop_amp': 0.10582577662627143, 'pop_peak': 32.60471415932479, 'pop_sig': 2.0042872707338413}. Best is trial 1128 with value: -0.620386984093161.
[I 2026-08-20 01:09:34,425] Trial 1828 finished with value: 0.4870813185717974 and parameters: {'k1': 0.0011285277954701837, 'D_low': 8.995158376268696, 'k2': 0.0009273163931150138, 'D_high': 2155979.5263558603, 'fire_exp': 4.767926750481181, 'P_half': 212.2570261005016, 'pre_dampen_half': 5.280136142947586, 'gpp_af': 2.2228291962449225, 'gpp_b': 0.00010573545653891286, 'gpp_d': 15.493825370695546, 'ign_k': 3.3141673411089894, 'ign_c': 11.593270229759765, 'trop_agb_crit': 4.234850965676143, 'trop_k_veg': 3.384027966731303, 'pop_amp': 1.1346224702654595, 'pop_peak': 0.5833768556682936, 'pop_sig': 1.2953415786406268}. Best is trial 1128 with value: -0.620386984093161.
[I 2026-08-20 01:09:36,213] Trial 1829 finished with value: 0.6445374145881376 and parameters: {'k1': 0.032522358170511266, 'D_low': 99591.79824131288, 'k2': 0.0050219643823034696, 'D_high': 380.11854572640664, 'fire_exp': 1.2142867512745077, 'P_half': 1154.7937728717325, 'pre_dampen_half': 0.012656698160686403, 'gpp_af': 0.004092182256981698, 'gpp_b': 6.002075416374977, 'gpp_d': 12.193172681058398, 'ign_k': 0.7937394857642884, 'ign_c': 1.1516738549619043, 'trop_agb_crit': 6.033545840025204, 'trop_k_veg': 0.7367381662567076, 'pop_amp': 1.7401779431513447, 'pop_peak': 484.69006494726517, 'pop_sig': 1.5257887332586257}. Best is trial 1128 with value: -0.620386984093161.
[I 2026-08-20 01:09:38,015] Trial 1830 finished with value: 0.3986054887533108 and parameters: {'k1': 0.0001237545835962679, 'D_low': 590.9311150210034, 'k2': 0.010554579249409278, 'D_high': 4946577.556976644, 'fire_exp': 1.134542971701388, 'P_half': 268.71802282830515, 'pre_dampen_half': 4.969223021161821, 'gpp_af': 0.003881199656428845, 'gpp_b': 3.5660040971021796e-05, 'gpp_d': 51.899337336687786, 'ign_k': 3.989780020730023, 'ign_c': 14.175529463421112, 'trop_agb_crit': 26.205901336050644, 'trop_k_veg': 1.8782311243958318, 'pop_amp': 0.005561524002581503, 'pop_peak': 12.334076681911434, 'pop_sig': 1.1845281948793427}. Best is trial 1128 with value: -0.620386984093161.
[I 2026-08-20 01:09:39,782] Trial 1831 finished with value: 0.590111985953191 and parameters: {'k1': 0.0001821971422121418, 'D_low': 9.20003875290468, 'k2': 0.007772997618453168, 'D_high': 1398623.1734886214, 'fire_exp': 6.191070266405489, 'P_half': 824.9579586416025, 'pre_dampen_half': 9.651991436779957, 'gpp_af': 0.01885884238761516, 'gpp_b': 0.0005216010736002413, 'gpp_d': 0.3050955738112455, 'ign_k': 0.025397931572217612, 'ign_c': 158.27335475782743, 'trop_agb_crit': 4.4838291786713524, 'trop_k_veg': 4.429542536459679, 'pop_amp': 11.694228081871819, 'pop_peak': 1.2141112832410428, 'pop_sig': 1.1323821624875687}. Best is trial 1128 with value: -0.620386984093161.
[I 2026-08-20 01:09:42,038] Trial 1832 finished with value: 0.5590218536334289 and parameters: {'k1': 0.002290520871405845, 'D_low': 6.460642338953694, 'k2': 0.05023771547184436, 'D_high': 6192219.4185041385, 'fire_exp': 1.4521800819546633, 'P_half': 46.477114520465115, 'pre_dampen_half': 0.024762660581286487, 'gpp_af': 0.31441223948886543, 'gpp_b': 0.0008934881051075251, 'gpp_d': 28.663301432094094, 'ign_k': 0.022088860087566494, 'ign_c': 11.482648207158821, 'trop_agb_crit': 12.061158698091665, 'trop_k_veg': 5.654353956222334, 'pop_amp': 0.09195463345044594, 'pop_peak': 54.37946156283385, 'pop_sig': 1.0602026123764834}. Best is trial 1128 with value: -0.620386984093161.
[I 2026-08-20 01:09:43,833] Trial 1833 finished with value: 0.5632047137173801 and parameters: {'k1': 0.06936887189566812, 'D_low': 11.685574512404157, 'k2': 0.0003337610094218079, 'D_high': 48994.73050437955, 'fire_exp': 2.9844679900084823, 'P_half': 12.471013504592229, 'pre_dampen_half': 1.6214082838637693, 'gpp_af': 0.005138058939589983, 'gpp_b': 0.00015182961303122935, 'gpp_d': 406.6694036324917, 'ign_k': 0.29374780251741645, 'ign_c': 21.003206124937456, 'trop_agb_crit': 13.616632914194145, 'trop_k_veg': 4.499518508092206, 'pop_amp': 0.0020020706221627015, 'pop_peak': 1.1013509734639468, 'pop_sig': 0.7840790478165974}. Best is trial 1128 with value: -0.620386984093161.
[I 2026-08-20 01:09:45,676] Trial 1834 finished with value: 0.53403166123467 and parameters: {'k1': 3.611746162815051e-05, 'D_low': 59.23516767289242, 'k2': 0.029111941227939402, 'D_high': 163581.47243260534, 'fire_exp': 1.444455532158333, 'P_half': 12.152401129350352, 'pre_dampen_half': 0.12322264667099608, 'gpp_af': 0.05228987553598171, 'gpp_b': 5.2332575808402864e-05, 'gpp_d': 779.4467942754659, 'ign_k': 0.043610545701341506, 'ign_c': 0.174747658003098, 'trop_agb_crit': 1.076274226308951, 'trop_k_veg': 5.518162070310379, 'pop_amp': 0.6133335928056165, 'pop_peak': 102.18534331127444, 'pop_sig': 0.9676213753266533}. Best is trial 1128 with value: -0.620386984093161.
[I 2026-08-20 01:09:47,524] Trial 1835 finished with value: 0.517817010723229 and parameters: {'k1': 6.414479479280792e-05, 'D_low': 632.753472076839, 'k2': 0.037250789425721104, 'D_high': 338560.2305240102, 'fire_exp': 2.2965817368122456, 'P_half': 2.0332353775778262, 'pre_dampen_half': 4.643759924185485, 'gpp_af': 0.08272188382664945, 'gpp_b': 2.243306690341951e-05, 'gpp_d': 24.081823866619334, 'ign_k': 0.0300215259397966, 'ign_c': 0.16572557456737866, 'trop_agb_crit': 1.8381681839777966, 'trop_k_veg': 1.7389359499176247, 'pop_amp': 0.012114688679932643, 'pop_peak': 269.1812904649509, 'pop_sig': 0.7728896219218211}. Best is trial 1128 with value: -0.620386984093161.
[I 2026-08-20 01:09:49,361] Trial 1836 finished with value: 0.49675026561181324 and parameters: {'k1': 6.041617290815544e-05, 'D_low': 6.600356577880904, 'k2': 0.016171677937797453, 'D_high': 1462886.7203809223, 'fire_exp': 1.3342216514750722, 'P_half': 5765.065251404713, 'pre_dampen_half': 14.921205803523806, 'gpp_af': 0.11304619405422733, 'gpp_b': 0.012175910777397107, 'gpp_d': 0.2691462338289978, 'ign_k': 3.5120429013836234, 'ign_c': 0.1090241475742875, 'trop_agb_crit': 1.1747394163994453, 'trop_k_veg': 7.156329135658972, 'pop_amp': 9.508075365692568, 'pop_peak': 1.229915439267904, 'pop_sig': 1.4216917409938632}. Best is trial 1128 with value: -0.620386984093161.
[I 2026-08-20 01:09:51,215] Trial 1837 finished with value: 0.5751828118422327 and parameters: {'k1': 2.5998272031046483e-05, 'D_low': 6.281994465713101, 'k2': 0.05379373058402621, 'D_high': 120109.56457273419, 'fire_exp': 3.3605497642316595, 'P_half': 12.637255194041721, 'pre_dampen_half': 0.27803992021641477, 'gpp_af': 0.01335540959205087, 'gpp_b': 0.0009480797176530975, 'gpp_d': 18.487357304479218, 'ign_k': 0.008757087165776169, 'ign_c': 26.15471064104405, 'trop_agb_crit': 3.878501971460866, 'trop_k_veg': 2.3296241029072267, 'pop_amp': 17.67445543416781, 'pop_peak': 0.4024824219484147, 'pop_sig': 1.8417359019014397}. Best is trial 1128 with value: -0.620386984093161.
[I 2026-08-20 01:09:53,042] Trial 1838 finished with value: 0.6405580283845684 and parameters: {'k1': 0.00035539580315916325, 'D_low': 86747.21479548306, 'k2': 0.020789108642581825, 'D_high': 4994772.335013023, 'fire_exp': 8.182221278137025, 'P_half': 73.38638242843426, 'pre_dampen_half': 211.7776256360101, 'gpp_af': 0.09919874502312588, 'gpp_b': 0.07818232204689966, 'gpp_d': 715.6136373644814, 'ign_k': 8.133432361617313, 'ign_c': 9.205755227749048, 'trop_agb_crit': 6.216756193226619, 'trop_k_veg': 1.2302300405497977, 'pop_amp': 1.0996442388608685, 'pop_peak': 9.273068837134238, 'pop_sig': 1.0541666935367884}. Best is trial 1128 with value: -0.620386984093161.
[I 2026-08-20 01:09:54,865] Trial 1839 finished with value: 0.61184218382436 and parameters: {'k1': 0.000460619272733824, 'D_low': 680.4204007602169, 'k2': 4.5114743159252034e-05, 'D_high': 3506.159467425373, 'fire_exp': 4.733752458172838, 'P_half': 642.7559205466818, 'pre_dampen_half': 673.0016928740827, 'gpp_af': 0.843552697801419, 'gpp_b': 0.0008286709661754216, 'gpp_d': 507.33309638912147, 'ign_k': 0.516590142865997, 'ign_c': 28.380533165158365, 'trop_agb_crit': 18.836984181466065, 'trop_k_veg': 6.55249272922598, 'pop_amp': 1.3587721481678157, 'pop_peak': 1.046352497171453, 'pop_sig': 1.6077834067948038}. Best is trial 1128 with value: -0.620386984093161.
[I 2026-08-20 01:09:56,684] Trial 1840 finished with value: 0.6445374145881376 and parameters: {'k1': 0.004426286933014671, 'D_low': 2859.452811696928, 'k2': 0.0019898168832714423, 'D_high': 9093047.862254715, 'fire_exp': 1.5076986484689066, 'P_half': 2094.9817842753937, 'pre_dampen_half': 807.779217175899, 'gpp_af': 0.03372416057960529, 'gpp_b': 0.0002948511120753553, 'gpp_d': 2.7962263223529153, 'ign_k': 8.119522220478602, 'ign_c': 48.87969884048919, 'trop_agb_crit': 9.332857415594521, 'trop_k_veg': 2.0655954568063124, 'pop_amp': 0.00223923003553796, 'pop_peak': 4.4656125401226605, 'pop_sig': 0.387774444604273}. Best is trial 1128 with value: -0.620386984093161.
[I 2026-08-20 01:09:58,504] Trial 1841 finished with value: 0.5898415673343902 and parameters: {'k1': 0.000385481123656885, 'D_low': 3.350186212661114, 'k2': 0.04358296786002648, 'D_high': 10670.72351252993, 'fire_exp': 2.156338892390349, 'P_half': 6.461805216939334, 'pre_dampen_half': 0.11487234607000432, 'gpp_af': 0.005706513173656086, 'gpp_b': 0.00043761480170152696, 'gpp_d': 73.69517027991893, 'ign_k': 0.02565376233412892, 'ign_c': 4.834954671075738, 'trop_agb_crit': 6.8794201785165985, 'trop_k_veg': 2.8689655601431325, 'pop_amp': 1.8508190072020725, 'pop_peak': 500.00780209341633, 'pop_sig': 1.089274373975012}. Best is trial 1128 with value: -0.620386984093161.
[I 2026-08-20 01:10:00,345] Trial 1842 finished with value: 0.5768217081773164 and parameters: {'k1': 0.0203585106400138, 'D_low': 3575.3372561211136, 'k2': 0.09953904770062336, 'D_high': 196592.1888730668, 'fire_exp': 1.7251576608410217, 'P_half': 737.1755377078963, 'pre_dampen_half': 0.013421869121633331, 'gpp_af': 0.0016052623113898914, 'gpp_b': 6.788969718027357e-05, 'gpp_d': 0.45214911598827356, 'ign_k': 2.928539857758624, 'ign_c': 1.7924754123267215, 'trop_agb_crit': 1.0001486637780976, 'trop_k_veg': 5.895719742722984, 'pop_amp': 1.0670703688027217, 'pop_peak': 0.8485029572053463, 'pop_sig': 0.6055296955440611}. Best is trial 1128 with value: -0.620386984093161.
[I 2026-08-20 01:10:02,639] Trial 1843 finished with value: 0.6356947455634866 and parameters: {'k1': 0.009838528421149687, 'D_low': 82868.31384336312, 'k2': 1.116790697527377e-05, 'D_high': 17676.27407558012, 'fire_exp': 5.134707299810168, 'P_half': 54.216172742262486, 'pre_dampen_half': 34.86108208092193, 'gpp_af': 1.7543356756250426, 'gpp_b': 1.209162304297834e-05, 'gpp_d': 25.948030570363635, 'ign_k': 0.022983604447821146, 'ign_c': 0.2274199346525354, 'trop_agb_crit': 6.061121675549317, 'trop_k_veg': 1.3704524877482163, 'pop_amp': 0.0069868876133914164, 'pop_peak': 30.806751669242033, 'pop_sig': 0.9966701402152986}. Best is trial 1128 with value: -0.620386984093161.
[I 2026-08-20 01:10:04,451] Trial 1844 finished with value: 0.5523618998274942 and parameters: {'k1': 0.0002192263102196525, 'D_low': 1328.7094824059595, 'k2': 0.022119188122629602, 'D_high': 1836765.2128261123, 'fire_exp': 1.078435989629425, 'P_half': 7.923753564045393, 'pre_dampen_half': 0.46401906000842424, 'gpp_af': 0.8410657027560186, 'gpp_b': 0.01151374592639953, 'gpp_d': 136.54612784084344, 'ign_k': 0.001312498739384529, 'ign_c': 0.18149858087030774, 'trop_agb_crit': 4.804390177714319, 'trop_k_veg': 0.8760471155369629, 'pop_amp': 12.836590981078313, 'pop_peak': 642.564617078105, 'pop_sig': 2.3278139092162835}. Best is trial 1128 with value: -0.620386984093161.
[I 2026-08-20 01:10:06,297] Trial 1845 finished with value: 0.4952639104302746 and parameters: {'k1': 0.037909479973743235, 'D_low': 6.390957522380262, 'k2': 0.0002729226751775384, 'D_high': 720834.5203273937, 'fire_exp': 2.6807047665042627, 'P_half': 23.10893823334179, 'pre_dampen_half': 9.383738443825695, 'gpp_af': 0.5306741477230427, 'gpp_b': 0.009718100709861236, 'gpp_d': 349.5798970920981, 'ign_k': 0.04195213494134821, 'ign_c': 2.9914580288242805, 'trop_agb_crit': 2.8894861787270023, 'trop_k_veg': 4.192874547420879, 'pop_amp': 9.331058838520018, 'pop_peak': 6.7404265485526595, 'pop_sig': 0.4771855068753641}. Best is trial 1128 with value: -0.620386984093161.
[I 2026-08-20 01:10:08,102] Trial 1846 finished with value: -0.5498821589114989 and parameters: {'k1': 6.0494467659293764e-05, 'D_low': 61.762948004290315, 'k2': 0.03973653924208146, 'D_high': 1079369.29616027, 'fire_exp': 2.8656169056370784, 'P_half': 5.11925080916133, 'pre_dampen_half': 0.062388391254594104, 'gpp_af': 0.4005708577358087, 'gpp_b': 2.7677929851194743e-05, 'gpp_d': 108.40580690487256, 'ign_k': 0.1537308965761204, 'ign_c': 0.34899148915068245, 'trop_agb_crit': 2.1688011965969163, 'trop_k_veg': 1.8011971175745052, 'pop_amp': 2.511990248102145, 'pop_peak': 57.836318166657456, 'pop_sig': 1.5097324005998856}. Best is trial 1128 with value: -0.620386984093161.
[I 2026-08-20 01:10:09,908] Trial 1847 finished with value: 0.6445374145881376 and parameters: {'k1': 7.550162282908074e-05, 'D_low': 108055.2380969653, 'k2': 0.012507613971551958, 'D_high': 110.05101295927493, 'fire_exp': 1.2784032887928463, 'P_half': 1518.0282041530572, 'pre_dampen_half': 59.43343943928921, 'gpp_af': 0.0020995481592512156, 'gpp_b': 0.0007997056315806597, 'gpp_d': 0.3039200476724795, 'ign_k': 2.6775727946150436, 'ign_c': 60.591827074052865, 'trop_agb_crit': 5.68181724179077, 'trop_k_veg': 2.3256266705132758, 'pop_amp': 5.232979089830935, 'pop_peak': 0.15812974672491859, 'pop_sig': 0.34889688416595266}. Best is trial 1128 with value: -0.620386984093161.
[I 2026-08-20 01:10:11,732] Trial 1848 finished with value: 0.6445374145881376 and parameters: {'k1': 0.003379093070707761, 'D_low': 4320.996116310986, 'k2': 0.00141261852740093, 'D_high': 1696536.6485916842, 'fire_exp': 2.313157988365, 'P_half': 1291.9094285837157, 'pre_dampen_half': 90.58912844470449, 'gpp_af': 0.031131042573741646, 'gpp_b': 0.00042539207648942484, 'gpp_d': 6.444472835477707, 'ign_k': 2.02129374829369, 'ign_c': 50.07957270124427, 'trop_agb_crit': 18.192687477169912, 'trop_k_veg': 2.219042152190876, 'pop_amp': 0.0042761969353764945, 'pop_peak': 24.900101125684326, 'pop_sig': 0.804411734371199}. Best is trial 1128 with value: -0.620386984093161.
[I 2026-08-20 01:10:13,541] Trial 1849 finished with value: 0.4648345217739859 and parameters: {'k1': 6.132918435163969e-05, 'D_low': 4984.361380103499, 'k2': 9.839031127909808e-05, 'D_high': 1398635.138349696, 'fire_exp': 9.52522504557815, 'P_half': 87.36302615066566, 'pre_dampen_half': 5.8555253901739075, 'gpp_af': 7.46202330715419, 'gpp_b': 2.0937515452888146e-05, 'gpp_d': 9.900428541013026, 'ign_k': 0.24705480759922951, 'ign_c': 3.300787800393085, 'trop_agb_crit': 11.996025438497034, 'trop_k_veg': 3.738975077878673, 'pop_amp': 17.965414252303496, 'pop_peak': 8.361752320985113, 'pop_sig': 0.4521513255472614}. Best is trial 1128 with value: -0.620386984093161.
[I 2026-08-20 01:10:15,315] Trial 1850 finished with value: -0.6040616035880488 and parameters: {'k1': 0.0005478789455405516, 'D_low': 4.708223552738091, 'k2': 0.007166024477614727, 'D_high': 2845078.601064671, 'fire_exp': 1.6947493643115938, 'P_half': 77.88227465114785, 'pre_dampen_half': 3.307811712317639, 'gpp_af': 0.013927904578354735, 'gpp_b': 1.2079627884397806e-05, 'gpp_d': 278.82192007137706, 'ign_k': 0.9715736681035395, 'ign_c': 15.646210128112148, 'trop_agb_crit': 4.073775002083446, 'trop_k_veg': 7.926361491156158, 'pop_amp': 0.0010673526335422145, 'pop_peak': 1.7771105599161963, 'pop_sig': 0.6324226576550481}. Best is trial 1128 with value: -0.620386984093161.
[I 2026-08-20 01:10:17,112] Trial 1851 finished with value: 0.5049579917055672 and parameters: {'k1': 0.0013616163027489296, 'D_low': 8.634147196654899, 'k2': 0.014316528222612573, 'D_high': 1138289.6300044218, 'fire_exp': 4.7142166067481535, 'P_half': 142.1537771396207, 'pre_dampen_half': 75.09278763150672, 'gpp_af': 0.9490436504206524, 'gpp_b': 0.0007807620263761817, 'gpp_d': 690.6896848971314, 'ign_k': 0.12871787727157874, 'ign_c': 0.11625272431479604, 'trop_agb_crit': 6.509117974780458, 'trop_k_veg': 4.4506923228850885, 'pop_amp': 4.462912634241722, 'pop_peak': 2.411426282809003, 'pop_sig': 0.9471983480443317}. Best is trial 1128 with value: -0.620386984093161.
[I 2026-08-20 01:10:18,926] Trial 1852 finished with value: 0.41850272614898765 and parameters: {'k1': 7.741005586189759e-05, 'D_low': 5.048494592643492, 'k2': 5.876230972151015e-05, 'D_high': 5259012.698877305, 'fire_exp': 2.019859557749925, 'P_half': 6.926758183366169, 'pre_dampen_half': 9.115982364756404, 'gpp_af': 0.0894784176737348, 'gpp_b': 0.00052261839422496, 'gpp_d': 27.09005562200292, 'ign_k': 0.04544186780630642, 'ign_c': 0.44695573868899807, 'trop_agb_crit': 26.524567177865176, 'trop_k_veg': 0.8774947840007067, 'pop_amp': 1.7410651644723396, 'pop_peak': 151.52446104521468, 'pop_sig': 0.6567300698969011}. Best is trial 1128 with value: -0.620386984093161.
[I 2026-08-20 01:10:20,759] Trial 1853 finished with value: 0.6445374145881376 and parameters: {'k1': 0.0022462302836847568, 'D_low': 6.577103550090058, 'k2': 0.007903201632563864, 'D_high': 643587.3928299003, 'fire_exp': 2.255540301537621, 'P_half': 18.127906667712907, 'pre_dampen_half': 12.856088733639918, 'gpp_af': 0.00854358324901942, 'gpp_b': 2.8729924104438437e-05, 'gpp_d': 13.951322951783728, 'ign_k': 4.290525738971704, 'ign_c': 498.2269162757853, 'trop_agb_crit': 3.8352285201156593, 'trop_k_veg': 7.330335442621666, 'pop_amp': 0.003381638804741508, 'pop_peak': 1.2916789845385948, 'pop_sig': 1.536155929682971}. Best is trial 1128 with value: -0.620386984093161.
[I 2026-08-20 01:10:22,611] Trial 1854 finished with value: 0.5342572465700137 and parameters: {'k1': 0.0004435428480460818, 'D_low': 642.0562198747475, 'k2': 0.002624709821139087, 'D_high': 4887971.392169763, 'fire_exp': 4.322216065407052, 'P_half': 218.18392337520177, 'pre_dampen_half': 171.87657960029796, 'gpp_af': 0.2637422592299173, 'gpp_b': 0.00020807231964556879, 'gpp_d': 320.7372228314954, 'ign_k': 7.180451467256064, 'ign_c': 27.13123596728992, 'trop_agb_crit': 17.996047668137837, 'trop_k_veg': 3.2229875217194053, 'pop_amp': 0.2775836598544029, 'pop_peak': 3.008732923645976, 'pop_sig': 1.2199159519431968}. Best is trial 1128 with value: -0.620386984093161.
[I 2026-08-20 01:10:24,887] Trial 1855 finished with value: -0.5651492799259241 and parameters: {'k1': 0.0006919022236965478, 'D_low': 33.60938402326912, 'k2': 3.104476345187673e-05, 'D_high': 82161.33051731707, 'fire_exp': 1.1259858775709495, 'P_half': 367.847953576366, 'pre_dampen_half': 5.626565244005186, 'gpp_af': 0.05500470330442154, 'gpp_b': 3.388234573951195e-05, 'gpp_d': 31.49600756659936, 'ign_k': 3.2858715717083227, 'ign_c': 17.063842214088677, 'trop_agb_crit': 22.762885304972876, 'trop_k_veg': 1.978024155525926, 'pop_amp': 0.0027907124252577005, 'pop_peak': 6.478164022606979, 'pop_sig': 0.39435994226213245}. Best is trial 1128 with value: -0.620386984093161.
