[I 2026-07-22 20:52:01,725] Trial 2239 finished with values: [10.191044518783425, 10.191044518783425] and parameters: {'k1': 0.028401063201780267, 'D_low': 2240.9155921647994, 'k2': 0.0006863458703786212, 'D_high': 6525529.853354094, 'fire_exp': 1.2585476857229763, 'P_half': 157.80309954142965, 'pre_dampen_half': 16.224010950061366, 'gpp_af': 0.03522602097143089, 'gpp_b': 0.006495428294418489, 'gpp_d': 12.338826503601998, 'ign_k': 3.965503094323014, 'ign_c': 22.126836566118193, 'trop_agb_crit': 1.2621815553301352, 'trop_k_veg': 4.134197325749631, 'fuel_k': 0.6149834196910364, 'fuel_half': 1.2981916615947238}.
[I 2026-07-22 20:52:02,162] Trial 2240 finished with values: [-0.7963435833347008, 0.045409096528130743] and parameters: {'k1': 0.028401063201780267, 'D_low': 2240.9155921647994, 'k2': 0.009365392315930438, 'D_high': 267611.24600477156, 'fire_exp': 1.5704801393982246, 'P_half': 355.00125258511594, 'pre_dampen_half': 16.224010950061366, 'gpp_af': 0.03522602097143089, 'gpp_b': 0.00012118589392553798, 'gpp_d': 12.338826503601998, 'ign_k': 2.7142572552186843, 'ign_c': 22.126836566118193, 'trop_agb_crit': 6.187033415477641, 'trop_k_veg': 2.724170387400844, 'fuel_k': 1.3435190130425099, 'fuel_half': 0.6603566884894324}.
[I 2026-07-22 20:52:02,595] Trial 2241 finished with values: [10.63598441112066, 10.63598441112066] and parameters: {'k1': 1.0300849794948197e-05, 'D_low': 216.6574784061471, 'k2': 0.0006863458703786212, 'D_high': 6525529.853354094, 'fire_exp': 1.5191397119156032, 'P_half': 300.85508055280167, 'pre_dampen_half': 401.63637837733205, 'gpp_af': 0.0176901289740541, 'gpp_b': 0.0028993292583566945, 'gpp_d': 12.338826503601998, 'ign_k': 3.965503094323014, 'ign_c': 21.766852735196633, 'trop_agb_crit': 6.187033415477641, 'trop_k_veg': 2.224263599082789, 'fuel_k': 4.710433409437071, 'fuel_half': 0.6603566884894324}.
[I 2026-07-22 20:52:03,022] Trial 2242 finished with values: [-0.7667071136739911, 0.01661718569278625] and parameters: {'k1': 0.028401063201780267, 'D_low': 2240.9155921647994, 'k2': 0.026481893558424535, 'D_high': 6525529.853354094, 'fire_exp': 1.5704801393982246, 'P_half': 355.00125258511594, 'pre_dampen_half': 16.224010950061366, 'gpp_af': 0.03522602097143089, 'gpp_b': 0.0028993292583566945, 'gpp_d': 12.338826503601998, 'ign_k': 2.136832907235876, 'ign_c': 22.126836566118193, 'trop_agb_crit': 8.65937260774655, 'trop_k_veg': 4.050700716504253, 'fuel_k': 1.3435190130425099, 'fuel_half': 0.6603566884894324}.
[I 2026-07-22 20:52:03,445] Trial 2243 finished with values: [10.198875803410674, 10.198875803410674] and parameters: {'k1': 5.006402338982993e-05, 'D_low': 2240.9155921647994, 'k2': 0.023691832645464286, 'D_high': 2413579.2291304003, 'fire_exp': 1.2585476857229763, 'P_half': 355.00125258511594, 'pre_dampen_half': 8.259599205585763, 'gpp_af': 0.03522602097143089, 'gpp_b': 0.0028993292583566945, 'gpp_d': 12.338826503601998, 'ign_k': 3.965503094323014, 'ign_c': 22.126836566118193, 'trop_agb_crit': 5.526463318565575, 'trop_k_veg': 4.050700716504253, 'fuel_k': 0.6149834196910364, 'fuel_half': 0.6603566884894324}.
[I 2026-07-22 20:52:03,874] Trial 2244 finished with values: [10.453769190578045, 10.453769190578045] and parameters: {'k1': 0.028401063201780267, 'D_low': 2240.9155921647994, 'k2': 0.0006863458703786212, 'D_high': 6525529.853354094, 'fire_exp': 1.2793446868821345, 'P_half': 355.00125258511594, 'pre_dampen_half': 0.6954158734292971, 'gpp_af': 0.007914355321045717, 'gpp_b': 0.00012118589392553798, 'gpp_d': 0.36689092618084246, 'ign_k': 2.7142572552186843, 'ign_c': 22.126836566118193, 'trop_agb_crit': 12.647327018493208, 'trop_k_veg': 2.724170387400844, 'fuel_k': 0.6149834196910364, 'fuel_half': 0.6603566884894324}.
[I 2026-07-22 20:52:04,303] Trial 2245 finished with values: [-0.7876797593745556, 0.027747440607080565] and parameters: {'k1': 0.028401063201780267, 'D_low': 2240.9155921647994, 'k2': 0.00033271381912662167, 'D_high': 6525529.853354094, 'fire_exp': 1.5191397119156032, 'P_half': 355.00125258511594, 'pre_dampen_half': 16.224010950061366, 'gpp_af': 0.0176901289740541, 'gpp_b': 0.0004282509714243062, 'gpp_d': 299.73016016733175, 'ign_k': 3.965503094323014, 'ign_c': 22.126836566118193, 'trop_agb_crit': 5.526463318565575, 'trop_k_veg': 6.02985034296454, 'fuel_k': 1.3435190130425099, 'fuel_half': 0.6603566884894324}.
[I 2026-07-22 20:52:04,737] Trial 2246 finished with values: [10.622457068244346, 10.622457068244346] and parameters: {'k1': 0.0008685306488754917, 'D_low': 2240.9155921647994, 'k2': 0.00033271381912662167, 'D_high': 6525529.853354094, 'fire_exp': 1.5820135154740131, 'P_half': 355.00125258511594, 'pre_dampen_half': 16.224010950061366, 'gpp_af': 0.03522602097143089, 'gpp_b': 0.09971908506886899, 'gpp_d': 12.338826503601998, 'ign_k': 1.4110685325437093, 'ign_c': 6.567221920408826, 'trop_agb_crit': 10.584071370490857, 'trop_k_veg': 4.5784420637928775, 'fuel_k': 0.6149834196910364, 'fuel_half': 0.6603566884894324}.
[I 2026-07-22 20:52:05,170] Trial 2247 finished with values: [-0.7780586981002597, 0.05502168054028456] and parameters: {'k1': 0.0002873259906771425, 'D_low': 2240.9155921647994, 'k2': 0.0006863458703786212, 'D_high': 6525529.853354094, 'fire_exp': 1.5704801393982246, 'P_half': 157.80309954142965, 'pre_dampen_half': 16.224010950061366, 'gpp_af': 0.00844599651021394, 'gpp_b': 0.00012118589392553798, 'gpp_d': 12.338826503601998, 'ign_k': 2.7142572552186843, 'ign_c': 22.126836566118193, 'trop_agb_crit': 12.647327018493208, 'trop_k_veg': 4.5784420637928775, 'fuel_k': 1.3435190130425099, 'fuel_half': 0.6603566884894324}.
[I 2026-07-22 20:52:05,621] Trial 2248 finished with values: [10.494069755908034, 10.494069755908034] and parameters: {'k1': 5.006402338982993e-05, 'D_low': 3103.3332277537256, 'k2': 0.026481893558424535, 'D_high': 2413579.2291304003, 'fire_exp': 1.5191397119156032, 'P_half': 355.00125258511594, 'pre_dampen_half': 8.259599205585763, 'gpp_af': 0.03522602097143089, 'gpp_b': 0.06046211246001495, 'gpp_d': 12.338826503601998, 'ign_k': 2.136832907235876, 'ign_c': 22.126836566118193, 'trop_agb_crit': 5.526463318565575, 'trop_k_veg': 4.050700716504253, 'fuel_k': 4.710433409437071, 'fuel_half': 0.6603566884894324}.
[I 2026-07-22 20:52:06,064] Trial 2249 finished with values: [-0.457418616219626, 0.18801684611087643] and parameters: {'k1': 0.0008685306488754917, 'D_low': 216.6574784061471, 'k2': 0.00033271381912662167, 'D_high': 6525529.853354094, 'fire_exp': 1.5704801393982246, 'P_half': 300.85508055280167, 'pre_dampen_half': 16.224010950061366, 'gpp_af': 0.03522602097143089, 'gpp_b': 0.00012118589392553798, 'gpp_d': 12.338826503601998, 'ign_k': 0.009852227574827682, 'ign_c': 22.126836566118193, 'trop_agb_crit': 6.187033415477641, 'trop_k_veg': 3.529549465112766, 'fuel_k': 1.3435190130425099, 'fuel_half': 0.6603566884894324}.
[I 2026-07-22 20:52:06,499] Trial 2250 finished with values: [-0.7813217630321446, 0.022813989055450956] and parameters: {'k1': 0.07183129001193454, 'D_low': 2240.9155921647994, 'k2': 0.006635036573783806, 'D_high': 6525529.853354094, 'fire_exp': 1.5191397119156032, 'P_half': 355.00125258511594, 'pre_dampen_half': 16.224010950061366, 'gpp_af': 0.00978336290980289, 'gpp_b': 0.0004282509714243062, 'gpp_d': 12.338826503601998, 'ign_k': 3.965503094323014, 'ign_c': 22.126836566118193, 'trop_agb_crit': 5.526463318565575, 'trop_k_veg': 4.776259022974975, 'fuel_k': 1.3435190130425099, 'fuel_half': 0.6603566884894324}.
[I 2026-07-22 20:52:06,941] Trial 2251 finished with values: [-0.7425907138054844, 0.01584860278395095] and parameters: {'k1': 5.006402338982993e-05, 'D_low': 2240.9155921647994, 'k2': 0.0006863458703786212, 'D_high': 2413579.2291304003, 'fire_exp': 1.5191397119156032, 'P_half': 355.00125258511594, 'pre_dampen_half': 16.224010950061366, 'gpp_af': 0.007914355321045717, 'gpp_b': 0.002674017920442317, 'gpp_d': 12.338826503601998, 'ign_k': 2.7142572552186843, 'ign_c': 22.126836566118193, 'trop_agb_crit': 5.526463318565575, 'trop_k_veg': 4.050700716504253, 'fuel_k': 4.710433409437071, 'fuel_half': 0.6603566884894324}.
[I 2026-07-22 20:52:07,391] Trial 2252 finished with values: [10.139414611790269, 10.139414611790269] and parameters: {'k1': 0.0005133402701424391, 'D_low': 2240.9155921647994, 'k2': 8.502316981901375e-05, 'D_high': 6525529.853354094, 'fire_exp': 1.2585476857229763, 'P_half': 355.00125258511594, 'pre_dampen_half': 16.224010950061366, 'gpp_af': 0.029723297046800014, 'gpp_b': 0.006495428294418489, 'gpp_d': 124.54249714337958, 'ign_k': 0.058909055444729116, 'ign_c': 22.126836566118193, 'trop_agb_crit': 26.951029433343408, 'trop_k_veg': 4.5784420637928775, 'fuel_k': 0.6149834196910364, 'fuel_half': 0.6603566884894324}.
[I 2026-07-22 20:52:07,825] Trial 2253 finished with values: [10.118401202293608, 10.118401202293608] and parameters: {'k1': 0.09449167675162025, 'D_low': 2240.9155921647994, 'k2': 0.014666151770108535, 'D_high': 6525529.853354094, 'fire_exp': 1.5191397119156032, 'P_half': 300.85508055280167, 'pre_dampen_half': 8.259599205585763, 'gpp_af': 0.059905273073812965, 'gpp_b': 0.0028993292583566945, 'gpp_d': 12.338826503601998, 'ign_k': 3.965503094323014, 'ign_c': 22.126836566118193, 'trop_agb_crit': 5.526463318565575, 'trop_k_veg': 6.02985034296454, 'fuel_k': 4.710433409437071, 'fuel_half': 0.6603566884894324}.
[I 2026-07-22 20:52:08,255] Trial 2254 finished with values: [10.12948898626048, 10.12948898626048] and parameters: {'k1': 0.028401063201780267, 'D_low': 2240.9155921647994, 'k2': 0.026481893558424535, 'D_high': 6525529.853354094, 'fire_exp': 1.5191397119156032, 'P_half': 157.80309954142965, 'pre_dampen_half': 8.259599205585763, 'gpp_af': 0.03522602097143089, 'gpp_b': 0.0028993292583566945, 'gpp_d': 12.338826503601998, 'ign_k': 3.965503094323014, 'ign_c': 22.126836566118193, 'trop_agb_crit': 5.526463318565575, 'trop_k_veg': 4.134197325749631, 'fuel_k': 0.6149834196910364, 'fuel_half': 0.6603566884894324}.
[I 2026-07-22 20:52:08,688] Trial 2255 finished with values: [10.086506729203608, 10.086506729203608] and parameters: {'k1': 0.028401063201780267, 'D_low': 2240.9155921647994, 'k2': 0.0006863458703786212, 'D_high': 6525529.853354094, 'fire_exp': 1.5704801393982246, 'P_half': 355.00125258511594, 'pre_dampen_half': 16.224010950061366, 'gpp_af': 0.007914355321045717, 'gpp_b': 0.00012118589392553798, 'gpp_d': 12.338826503601998, 'ign_k': 2.7142572552186843, 'ign_c': 22.126836566118193, 'trop_agb_crit': 8.65937260774655, 'trop_k_veg': 4.5784420637928775, 'fuel_k': 1.3435190130425099, 'fuel_half': 8.870885501184285}.
[I 2026-07-22 20:52:09,115] Trial 2256 finished with values: [-0.6527908490094811, 0.04983942918190143] and parameters: {'k1': 0.0008685306488754917, 'D_low': 2240.9155921647994, 'k2': 0.023691832645464286, 'D_high': 693439.2750387826, 'fire_exp': 2.358215657851278, 'P_half': 355.00125258511594, 'pre_dampen_half': 16.224010950061366, 'gpp_af': 0.03522602097143089, 'gpp_b': 0.0004282509714243062, 'gpp_d': 12.338826503601998, 'ign_k': 3.965503094323014, 'ign_c': 0.1803123138306413, 'trop_agb_crit': 26.951029433343408, 'trop_k_veg': 7.593526895907392, 'fuel_k': 0.6149834196910364, 'fuel_half': 0.6603566884894324}.
[I 2026-07-22 20:52:09,550] Trial 2257 finished with values: [10.255320624506547, 10.255320624506547] and parameters: {'k1': 5.006402338982993e-05, 'D_low': 2240.9155921647994, 'k2': 0.026481893558424535, 'D_high': 6525529.853354094, 'fire_exp': 1.5191397119156032, 'P_half': 157.80309954142965, 'pre_dampen_half': 8.259599205585763, 'gpp_af': 0.03522602097143089, 'gpp_b': 0.0028993292583566945, 'gpp_d': 12.338826503601998, 'ign_k': 2.136832907235876, 'ign_c': 22.126836566118193, 'trop_agb_crit': 6.187033415477641, 'trop_k_veg': 4.134197325749631, 'fuel_k': 0.6149834196910364, 'fuel_half': 0.6603566884894324}.
[I 2026-07-22 20:52:09,980] Trial 2258 finished with values: [10.631940153877041, 10.631940153877041] and parameters: {'k1': 1.0300849794948197e-05, 'D_low': 2240.9155921647994, 'k2': 0.004695480001817501, 'D_high': 6525529.853354094, 'fire_exp': 1.5704801393982246, 'P_half': 1990.5493511003892, 'pre_dampen_half': 8.259599205585763, 'gpp_af': 0.059905273073812965, 'gpp_b': 0.0028993292583566945, 'gpp_d': 12.338826503601998, 'ign_k': 3.965503094323014, 'ign_c': 22.126836566118193, 'trop_agb_crit': 6.187033415477641, 'trop_k_veg': 2.724170387400844, 'fuel_k': 1.3435190130425099, 'fuel_half': 0.6603566884894324}.
[I 2026-07-22 20:52:10,406] Trial 2259 finished with values: [-0.7176501163140315, 0.04790645962227813] and parameters: {'k1': 5.006402338982993e-05, 'D_low': 2240.9155921647994, 'k2': 0.00033271381912662167, 'D_high': 693439.2750387826, 'fire_exp': 1.5191397119156032, 'P_half': 355.00125258511594, 'pre_dampen_half': 16.224010950061366, 'gpp_af': 0.00844599651021394, 'gpp_b': 0.0028993292583566945, 'gpp_d': 12.338826503601998, 'ign_k': 3.965503094323014, 'ign_c': 22.126836566118193, 'trop_agb_crit': 13.050465147768051, 'trop_k_veg': 4.5784420637928775, 'fuel_k': 4.710433409437071, 'fuel_half': 0.6603566884894324}.
[I 2026-07-22 20:52:10,834] Trial 2260 finished with values: [10.663720519328566, 10.663720519328566] and parameters: {'k1': 0.028401063201780267, 'D_low': 2240.9155921647994, 'k2': 8.502316981901375e-05, 'D_high': 567.9350376603792, 'fire_exp': 1.5704801393982246, 'P_half': 355.00125258511594, 'pre_dampen_half': 16.224010950061366, 'gpp_af': 0.007914355321045717, 'gpp_b': 0.0004282509714243062, 'gpp_d': 12.338826503601998, 'ign_k': 6.440018912938695, 'ign_c': 22.126836566118193, 'trop_agb_crit': 26.951029433343408, 'trop_k_veg': 4.5784420637928775, 'fuel_k': 1.3435190130425099, 'fuel_half': 0.6603566884894324}.
[I 2026-07-22 20:52:11,261] Trial 2261 finished with values: [10.115747480854088, 10.115747480854088] and parameters: {'k1': 5.006402338982993e-05, 'D_low': 2100.23993517399, 'k2': 0.0006863458703786212, 'D_high': 6525529.853354094, 'fire_exp': 1.5019425173383445, 'P_half': 355.00125258511594, 'pre_dampen_half': 8.259599205585763, 'gpp_af': 0.03522602097143089, 'gpp_b': 1.3535676698957203e-05, 'gpp_d': 12.338826503601998, 'ign_k': 2.136832907235876, 'ign_c': 22.126836566118193, 'trop_agb_crit': 5.526463318565575, 'trop_k_veg': 2.724170387400844, 'fuel_k': 4.710433409437071, 'fuel_half': 0.6603566884894324}.
[I 2026-07-22 20:52:11,685] Trial 2262 finished with values: [10.64446257583303, 10.64446257583303] and parameters: {'k1': 0.0008685306488754917, 'D_low': 2240.9155921647994, 'k2': 0.00033271381912662167, 'D_high': 6525529.853354094, 'fire_exp': 1.5191397119156032, 'P_half': 355.00125258511594, 'pre_dampen_half': 16.224010950061366, 'gpp_af': 0.03522602097143089, 'gpp_b': 0.0006401422131702863, 'gpp_d': 12.338826503601998, 'ign_k': 3.965503094323014, 'ign_c': 22.126836566118193, 'trop_agb_crit': 26.951029433343408, 'trop_k_veg': 2.0146440591295924, 'fuel_k': 4.710433409437071, 'fuel_half': 0.6603566884894324}.
[I 2026-07-22 20:52:12,120] Trial 2263 finished with values: [-0.803971439633043, 0.0668643522613166] and parameters: {'k1': 0.0002873259906771425, 'D_low': 2240.9155921647994, 'k2': 0.00033271381912662167, 'D_high': 6525529.853354094, 'fire_exp': 1.5191397119156032, 'P_half': 157.80309954142965, 'pre_dampen_half': 16.224010950061366, 'gpp_af': 0.0176901289740541, 'gpp_b': 0.00012118589392553798, 'gpp_d': 12.338826503601998, 'ign_k': 3.965503094323014, 'ign_c': 22.126836566118193, 'trop_agb_crit': 13.050465147768051, 'trop_k_veg': 4.5784420637928775, 'fuel_k': 0.6149834196910364, 'fuel_half': 0.6603566884894324}.
[I 2026-07-22 20:52:12,562] Trial 2264 finished with values: [10.032291766511168, 10.032291766511168] and parameters: {'k1': 0.028401063201780267, 'D_low': 2240.9155921647994, 'k2': 0.0006863458703786212, 'D_high': 6525529.853354094, 'fire_exp': 1.2585476857229763, 'P_half': 355.00125258511594, 'pre_dampen_half': 16.224010950061366, 'gpp_af': 0.03522602097143089, 'gpp_b': 0.00012118589392553798, 'gpp_d': 12.338826503601998, 'ign_k': 3.965503094323014, 'ign_c': 22.126836566118193, 'trop_agb_crit': 8.65937260774655, 'trop_k_veg': 4.5784420637928775, 'fuel_k': 1.3435190130425099, 'fuel_half': 0.6603566884894324}.
[I 2026-07-22 20:52:12,996] Trial 2265 finished with values: [10.04125518591955, 10.04125518591955] and parameters: {'k1': 0.028401063201780267, 'D_low': 2240.9155921647994, 'k2': 8.502316981901375e-05, 'D_high': 331564.1245971831, 'fire_exp': 1.5704801393982246, 'P_half': 157.80309954142965, 'pre_dampen_half': 16.224010950061366, 'gpp_af': 0.029723297046800014, 'gpp_b': 0.006495428294418489, 'gpp_d': 12.338826503601998, 'ign_k': 3.965503094323014, 'ign_c': 22.126836566118193, 'trop_agb_crit': 26.951029433343408, 'trop_k_veg': 4.5784420637928775, 'fuel_k': 0.6149834196910364, 'fuel_half': 0.14741043644895843}.
[I 2026-07-22 20:52:13,430] Trial 2266 finished with values: [10.241143618665479, 10.241143618665479] and parameters: {'k1': 0.0009212614902087586, 'D_low': 2240.9155921647994, 'k2': 0.00033271381912662167, 'D_high': 6525529.853354094, 'fire_exp': 1.5704801393982246, 'P_half': 355.00125258511594, 'pre_dampen_half': 16.224010950061366, 'gpp_af': 0.007914355321045717, 'gpp_b': 0.002674017920442317, 'gpp_d': 432.06903634934474, 'ign_k': 2.7142572552186843, 'ign_c': 22.126836566118193, 'trop_agb_crit': 6.187033415477641, 'trop_k_veg': 3.529549465112766, 'fuel_k': 1.3435190130425099, 'fuel_half': 0.6603566884894324}.
[I 2026-07-22 20:52:13,857] Trial 2267 finished with values: [10.18491137777007, 10.18491137777007] and parameters: {'k1': 0.07183129001193454, 'D_low': 2240.9155921647994, 'k2': 0.00033271381912662167, 'D_high': 6893963.47019608, 'fire_exp': 1.5704801393982246, 'P_half': 355.00125258511594, 'pre_dampen_half': 16.224010950061366, 'gpp_af': 0.007914355321045717, 'gpp_b': 0.00012118589392553798, 'gpp_d': 12.338826503601998, 'ign_k': 0.002639811232262269, 'ign_c': 22.126836566118193, 'trop_agb_crit': 6.187033415477641, 'trop_k_veg': 2.724170387400844, 'fuel_k': 1.3435190130425099, 'fuel_half': 0.6603566884894324}.
[I 2026-07-22 20:52:14,283] Trial 2268 finished with values: [10.490674079053608, 10.490674079053608] and parameters: {'k1': 0.0008685306488754917, 'D_low': 2240.9155921647994, 'k2': 7.293948905052268e-05, 'D_high': 2413579.2291304003, 'fire_exp': 1.5191397119156032, 'P_half': 355.00125258511594, 'pre_dampen_half': 66.40543720402712, 'gpp_af': 0.03522602097143089, 'gpp_b': 0.00012118589392553798, 'gpp_d': 12.338826503601998, 'ign_k': 3.965503094323014, 'ign_c': 4.351953170952971, 'trop_agb_crit': 25.834351029317236, 'trop_k_veg': 4.050700716504253, 'fuel_k': 0.6149834196910364, 'fuel_half': 9.2367915653022}.
[I 2026-07-22 20:52:14,730] Trial 2269 finished with values: [-0.6678125243799647, 0.013031786935282397] and parameters: {'k1': 0.028401063201780267, 'D_low': 2240.9155921647994, 'k2': 0.0006863458703786212, 'D_high': 6525529.853354094, 'fire_exp': 1.5704801393982246, 'P_half': 355.00125258511594, 'pre_dampen_half': 16.224010950061366, 'gpp_af': 0.007914355321045717, 'gpp_b': 0.0028993292583566945, 'gpp_d': 12.338826503601998, 'ign_k': 2.136832907235876, 'ign_c': 22.126836566118193, 'trop_agb_crit': 12.647327018493208, 'trop_k_veg': 2.724170387400844, 'fuel_k': 4.710433409437071, 'fuel_half': 0.6603566884894324}.
[I 2026-07-22 20:52:15,158] Trial 2270 finished with values: [-0.7960475651815075, 0.02988405649322934] and parameters: {'k1': 0.028401063201780267, 'D_low': 2240.9155921647994, 'k2': 0.0006863458703786212, 'D_high': 6525529.853354094, 'fire_exp': 1.5704801393982246, 'P_half': 355.00125258511594, 'pre_dampen_half': 16.224010950061366, 'gpp_af': 0.007914355321045717, 'gpp_b': 0.00012118589392553798, 'gpp_d': 0.20007046887321508, 'ign_k': 2.7142572552186843, 'ign_c': 22.126836566118193, 'trop_agb_crit': 12.647327018493208, 'trop_k_veg': 2.724170387400844, 'fuel_k': 1.3435190130425099, 'fuel_half': 0.6603566884894324}.
[I 2026-07-22 20:52:15,589] Trial 2271 finished with values: [-0.791659316189402, 0.061633588237351544] and parameters: {'k1': 0.0002873259906771425, 'D_low': 2240.9155921647994, 'k2': 0.00033271381912662167, 'D_high': 6525529.853354094, 'fire_exp': 1.1573596905602725, 'P_half': 157.80309954142965, 'pre_dampen_half': 16.224010950061366, 'gpp_af': 0.00844599651021394, 'gpp_b': 0.00012118589392553798, 'gpp_d': 0.5329785871289656, 'ign_k': 3.965503094323014, 'ign_c': 22.126836566118193, 'trop_agb_crit': 6.187033415477641, 'trop_k_veg': 3.529549465112766, 'fuel_k': 0.027911900770077, 'fuel_half': 0.6603566884894324}.
[I 2026-07-22 20:52:16,012] Trial 2272 finished with values: [-0.7808378250286191, 0.028468579253469684] and parameters: {'k1': 0.002820290687495313, 'D_low': 2100.23993517399, 'k2': 0.00033271381912662167, 'D_high': 6525529.853354094, 'fire_exp': 1.5191397119156032, 'P_half': 157.80309954142965, 'pre_dampen_half': 16.224010950061366, 'gpp_af': 0.007914355321045717, 'gpp_b': 0.0004282509714243062, 'gpp_d': 12.338826503601998, 'ign_k': 3.965503094323014, 'ign_c': 22.126836566118193, 'trop_agb_crit': 26.951029433343408, 'trop_k_veg': 4.134197325749631, 'fuel_k': 0.6149834196910364, 'fuel_half': 0.6603566884894324}.
[I 2026-07-22 20:52:16,436] Trial 2273 finished with values: [10.112166087272014, 10.112166087272014] and parameters: {'k1': 0.07183129001193454, 'D_low': 2240.9155921647994, 'k2': 0.0006863458703786212, 'D_high': 693439.2750387826, 'fire_exp': 1.5704801393982246, 'P_half': 355.00125258511594, 'pre_dampen_half': 16.224010950061366, 'gpp_af': 0.007914355321045717, 'gpp_b': 0.0004282509714243062, 'gpp_d': 12.338826503601998, 'ign_k': 3.965503094323014, 'ign_c': 22.126836566118193, 'trop_agb_crit': 1.2709403009336937, 'trop_k_veg': 2.724170387400844, 'fuel_k': 1.3435190130425099, 'fuel_half': 0.6603566884894324}.
