[I 2026-08-06 02:56:53,365] Trial 210 finished with values: [10.470730550693977, 10.470730550693977] and parameters: {'k1': 0.002971796631657383, 'D_low': 2.011190979341456, 'k2': 3.277320296937061e-05, 'D_high': 53514.70428717441, 'fire_exp': 1.0643782527174972, 'P_half': 7.724824966785975, 'pre_dampen_half': 16.009350908593582, 'gpp_af': 5.37309347906743, 'gpp_b': 3.481277316673104e-05, 'gpp_d': 304.7488318185732, 'ign_k': 0.26721460136202413, 'ign_c': 4.97190343598288, 'gdp_gamma': 0.0037053826502857277}.
[I 2026-08-06 02:56:54,851] Trial 211 finished with values: [-0.5064876839108359, 0.20645866542519153] and parameters: {'k1': 0.0007284371265166888, 'D_low': 1.1102341430568343, 'k2': 0.0007081721844034209, 'D_high': 9769.756791866093, 'fire_exp': 1.0727542652117925, 'P_half': 2.951922743391744, 'pre_dampen_half': 36.876350096203005, 'gpp_af': 0.06323437159998231, 'gpp_b': 0.028369067932328344, 'gpp_d': 4.5768578731086835, 'ign_k': 1.2021930484915047, 'ign_c': 0.6693990428538836, 'gdp_gamma': 0.057304083737274164}.
[I 2026-08-06 02:56:56,340] Trial 212 finished with values: [10.760241204265357, 10.760241204265357] and parameters: {'k1': 0.002791367011873748, 'D_low': 1.1102341430568343, 'k2': 0.06994589881535453, 'D_high': 53514.70428717441, 'fire_exp': 4.951040408076627, 'P_half': 611.791298190052, 'pre_dampen_half': 0.22946987874230512, 'gpp_af': 0.002311080279955305, 'gpp_b': 3.686869490609954e-05, 'gpp_d': 646.9381203459446, 'ign_k': 0.26721460136202413, 'ign_c': 4.97190343598288, 'gdp_gamma': 0.7366679513906507}.
[I 2026-08-06 02:56:57,794] Trial 213 finished with values: [10.074932965889174, 10.074932965889174] and parameters: {'k1': 6.0390962475457836e-05, 'D_low': 376.7022142229396, 'k2': 0.00043415680119616545, 'D_high': 16973.07853246701, 'fire_exp': 1.4322493718230251, 'P_half': 2.951922743391744, 'pre_dampen_half': 17.62185042369633, 'gpp_af': 58.83596555133606, 'gpp_b': 0.02052499618703749, 'gpp_d': 646.9381203459446, 'ign_k': 2.7728241828010627, 'ign_c': 11.37517159258865, 'gdp_gamma': 0.08879103853459468}.
[I 2026-08-06 02:56:59,343] Trial 214 finished with values: [10.769052387691914, 10.769052387691914] and parameters: {'k1': 0.008945150807271526, 'D_low': 57.949672745830284, 'k2': 3.277320296937061e-05, 'D_high': 1453.919918756155, 'fire_exp': 3.6739495096518757, 'P_half': 611.791298190052, 'pre_dampen_half': 17.62185042369633, 'gpp_af': 0.38150632410364566, 'gpp_b': 0.0011857788502887916, 'gpp_d': 0.016982953094030286, 'ign_k': 0.07867677706257832, 'ign_c': 4.849513831853326, 'gdp_gamma': 0.018397201887454705}.
[I 2026-08-06 02:57:00,798] Trial 215 finished with values: [10.11381113167669, 10.11381113167669] and parameters: {'k1': 0.002971796631657383, 'D_low': 29.89885508829526, 'k2': 0.0007081721844034209, 'D_high': 9769.756791866093, 'fire_exp': 1.0727542652117925, 'P_half': 27.79045054796807, 'pre_dampen_half': 36.876350096203005, 'gpp_af': 29.925002022877802, 'gpp_b': 0.011750724729953272, 'gpp_d': 1.2434469102435366, 'ign_k': 1.2021930484915047, 'ign_c': 6.807874826564585, 'gdp_gamma': 0.1138099269777268}.
[I 2026-08-06 02:57:02,317] Trial 216 finished with values: [-0.5296129618189847, 0.15629314579607068] and parameters: {'k1': 0.0030285741098956273, 'D_low': 29.89885508829526, 'k2': 0.060126084038369415, 'D_high': 25037.41931228843, 'fire_exp': 1.8108717155566076, 'P_half': 4.933751600448339, 'pre_dampen_half': 36.876350096203005, 'gpp_af': 0.09145768948268033, 'gpp_b': 0.004215504256370331, 'gpp_d': 37.40930273158252, 'ign_k': 0.48618632318472765, 'ign_c': 0.36093109267665474, 'gdp_gamma': 0.015216188354081242}.
[I 2026-08-06 02:57:03,785] Trial 217 finished with values: [10.769207637823827, 10.769207637823827] and parameters: {'k1': 0.0030285741098956273, 'D_low': 148.10800730363493, 'k2': 0.00043415680119616545, 'D_high': 21863.563449420166, 'fire_exp': 1.4322493718230251, 'P_half': 4.933751600448339, 'pre_dampen_half': 8.904067307938409, 'gpp_af': 0.0028701881471957036, 'gpp_b': 3.1906667956153174, 'gpp_d': 34.70266988650411, 'ign_k': 1.2021930484915047, 'ign_c': 22.126836566118193, 'gdp_gamma': 0.559652086128564}.
[I 2026-08-06 02:57:05,288] Trial 218 finished with values: [-0.5788370440419734, 0.17753380295605226] and parameters: {'k1': 0.0030285741098956273, 'D_low': 1.1102341430568343, 'k2': 4.484744524732793e-05, 'D_high': 35.11445258128688, 'fire_exp': 1.0881360604103363, 'P_half': 25.255166452944085, 'pre_dampen_half': 36.876350096203005, 'gpp_af': 0.09145768948268033, 'gpp_b': 0.004215504256370331, 'gpp_d': 331.7366635899375, 'ign_k': 0.37424230019851973, 'ign_c': 1.3894673469237204, 'gdp_gamma': 0.3862443158940324}.
[I 2026-08-06 02:57:06,983] Trial 219 finished with values: [10.76923076903347, 10.76923076903347] and parameters: {'k1': 0.008945150807271526, 'D_low': 164.97426799845456, 'k2': 3.277320296937061e-05, 'D_high': 2523.8726750780193, 'fire_exp': 1.7690128577054818, 'P_half': 457.2426132532179, 'pre_dampen_half': 17.62185042369633, 'gpp_af': 0.0011802321563258195, 'gpp_b': 0.0011857788502887916, 'gpp_d': 304.7488318185732, 'ign_k': 0.07867677706257832, 'ign_c': 264.14496454242203, 'gdp_gamma': 0.21027890193889434}.
[I 2026-08-06 02:57:08,565] Trial 220 finished with values: [10.493246575601153, 10.493246575601153] and parameters: {'k1': 2.9394634586259703e-05, 'D_low': 3.7322156377670694, 'k2': 0.06994589881535453, 'D_high': 2970.7920514735997, 'fire_exp': 1.0340574447037933, 'P_half': 380.79493367685603, 'pre_dampen_half': 8.904067307938409, 'gpp_af': 0.09145768948268033, 'gpp_b': 0.0020912794881839656, 'gpp_d': 482.66959687866415, 'ign_k': 0.0019264360371306567, 'ign_c': 2.3134781612225597, 'gdp_gamma': 0.0023690787504551864}.
[I 2026-08-06 02:57:10,130] Trial 221 finished with values: [-0.5762095290000444, 0.17917081114044164] and parameters: {'k1': 0.0030285741098956273, 'D_low': 29.89885508829526, 'k2': 4.484744524732793e-05, 'D_high': 35.11445258128688, 'fire_exp': 1.0881360604103363, 'P_half': 25.255166452944085, 'pre_dampen_half': 36.876350096203005, 'gpp_af': 0.09145768948268033, 'gpp_b': 0.004215504256370331, 'gpp_d': 331.7366635899375, 'ign_k': 0.37424230019851973, 'ign_c': 0.3525936800597896, 'gdp_gamma': 0.3862443158940324}.
[I 2026-08-06 02:57:11,844] Trial 222 finished with values: [10.743762136926028, 10.743762136926028] and parameters: {'k1': 0.000985079068311927, 'D_low': 29.89885508829526, 'k2': 0.0007081721844034209, 'D_high': 9769.756791866093, 'fire_exp': 8.917381642936565, 'P_half': 10.226988730324324, 'pre_dampen_half': 36.876350096203005, 'gpp_af': 29.925002022877802, 'gpp_b': 0.028369067932328344, 'gpp_d': 1.2434469102435366, 'ign_k': 0.37424230019851973, 'ign_c': 0.21948188038908775, 'gdp_gamma': 1.8068697350278546}.
[I 2026-08-06 02:57:13,701] Trial 223 finished with values: [10.467258910230788, 10.467258910230788] and parameters: {'k1': 0.05832560268546887, 'D_low': 19.063314120324364, 'k2': 0.03820259936390116, 'D_high': 9769.756791866093, 'fire_exp': 1.0252685873887095, 'P_half': 338.23872019362165, 'pre_dampen_half': 0.03190729641440917, 'gpp_af': 0.16983565276584273, 'gpp_b': 3.481277316673104e-05, 'gpp_d': 37.40930273158252, 'ign_k': 0.43731009905162666, 'ign_c': 1.317454386434276, 'gdp_gamma': 1.419184741934841}.
[I 2026-08-06 02:57:15,429] Trial 224 finished with values: [10.444081816571934, 10.444081816571934] and parameters: {'k1': 0.0016661988193989237, 'D_low': 2.011190979341456, 'k2': 3.277320296937061e-05, 'D_high': 8182.111518618414, 'fire_exp': 1.0643782527174972, 'P_half': 7.724824966785975, 'pre_dampen_half': 16.009350908593582, 'gpp_af': 58.91896867519531, 'gpp_b': 0.011750724729953272, 'gpp_d': 37.40930273158252, 'ign_k': 0.019192001101561888, 'ign_c': 46.798394497739366, 'gdp_gamma': 0.015216188354081242}.
[I 2026-08-06 02:57:17,096] Trial 225 finished with values: [10.719257770072787, 10.719257770072787] and parameters: {'k1': 0.00031489116479568613, 'D_low': 29.89885508829526, 'k2': 0.007519407491506672, 'D_high': 9769.756791866093, 'fire_exp': 1.0881360604103363, 'P_half': 10.226988730324324, 'pre_dampen_half': 503.840323065189, 'gpp_af': 58.83596555133606, 'gpp_b': 0.011750724729953272, 'gpp_d': 0.7092404574999805, 'ign_k': 0.0055021409969507485, 'ign_c': 516.7425813322407, 'gdp_gamma': 0.057304083737274164}.
[I 2026-08-06 02:57:18,777] Trial 226 finished with values: [10.27786706173291, 10.27786706173291] and parameters: {'k1': 5.599831951695988e-05, 'D_low': 1.1065812688893482, 'k2': 0.0007081721844034209, 'D_high': 1072.6091927327825, 'fire_exp': 1.7474700151315987, 'P_half': 10.226988730324324, 'pre_dampen_half': 36.876350096203005, 'gpp_af': 0.002311080279955305, 'gpp_b': 6.626951320510577e-05, 'gpp_d': 5.1227685768715014, 'ign_k': 3.9817553053385444, 'ign_c': 13.500744867919364, 'gdp_gamma': 1.8068697350278546}.
[I 2026-08-06 02:57:20,217] Trial 227 finished with values: [10.180357819430101, 10.180357819430101] and parameters: {'k1': 2.9394634586259703e-05, 'D_low': 3.7322156377670694, 'k2': 0.0007081721844034209, 'D_high': 2970.7920514735997, 'fire_exp': 1.0881360604103363, 'P_half': 2.1698375693549488, 'pre_dampen_half': 31.977584652685227, 'gpp_af': 0.002311080279955305, 'gpp_b': 0.0030742893625766146, 'gpp_d': 4.5768578731086835, 'ign_k': 0.002115412774188856, 'ign_c': 0.21948188038908775, 'gdp_gamma': 1.8068697350278546}.
[I 2026-08-06 02:57:21,677] Trial 228 finished with values: [10.764912457614233, 10.764912457614233] and parameters: {'k1': 6.0390962475457836e-05, 'D_low': 29.89885508829526, 'k2': 0.060126084038369415, 'D_high': 25037.41931228843, 'fire_exp': 1.8108717155566076, 'P_half': 3103.011202696098, 'pre_dampen_half': 36.876350096203005, 'gpp_af': 58.83596555133606, 'gpp_b': 0.011750724729953272, 'gpp_d': 0.7092404574999805, 'ign_k': 0.48618632318472765, 'ign_c': 0.36093109267665474, 'gdp_gamma': 0.015216188354081242}.
[I 2026-08-06 02:57:23,144] Trial 229 finished with values: [10.064968683521883, 10.064968683521883] and parameters: {'k1': 0.00848984078302406, 'D_low': 19.063314120324364, 'k2': 0.0007081721844034209, 'D_high': 9769.756791866093, 'fire_exp': 1.0252685873887095, 'P_half': 10.226988730324324, 'pre_dampen_half': 503.840323065189, 'gpp_af': 29.925002022877802, 'gpp_b': 0.011750724729953272, 'gpp_d': 566.2858823465564, 'ign_k': 0.0026834162496848666, 'ign_c': 516.7425813322407, 'gdp_gamma': 0.057304083737274164}.
[I 2026-08-06 02:57:24,619] Trial 230 finished with values: [10.769228778582837, 10.769228778582837] and parameters: {'k1': 5.599831951695988e-05, 'D_low': 29.89885508829526, 'k2': 0.016836219975887988, 'D_high': 1072.6091927327825, 'fire_exp': 4.55809493901026, 'P_half': 1.2765717873951687, 'pre_dampen_half': 36.876350096203005, 'gpp_af': 0.002311080279955305, 'gpp_b': 0.028369067932328344, 'gpp_d': 1.2434469102435366, 'ign_k': 0.5876331101080223, 'ign_c': 6.807874826564585, 'gdp_gamma': 0.057304083737274164}.
[I 2026-08-06 02:57:26,028] Trial 231 finished with values: [10.520642923888897, 10.520642923888897] and parameters: {'k1': 0.0030285741098956273, 'D_low': 29.89885508829526, 'k2': 0.0007081721844034209, 'D_high': 35.11445258128688, 'fire_exp': 1.0881360604103363, 'P_half': 2493.346326172732, 'pre_dampen_half': 36.876350096203005, 'gpp_af': 0.002311080279955305, 'gpp_b': 0.0030742893625766146, 'gpp_d': 33.9790424311127, 'ign_k': 0.37424230019851973, 'ign_c': 6.807874826564585, 'gdp_gamma': 1.8068697350278546}.
[I 2026-08-06 02:57:27,445] Trial 232 finished with values: [10.760789553676336, 10.760789553676336] and parameters: {'k1': 0.002791367011873748, 'D_low': 1.1102341430568343, 'k2': 0.030796093943652483, 'D_high': 53514.70428717441, 'fire_exp': 1.7690128577054818, 'P_half': 611.791298190052, 'pre_dampen_half': 8.904067307938409, 'gpp_af': 0.0011802321563258195, 'gpp_b': 0.0020912794881839656, 'gpp_d': 0.016982953094030286, 'ign_k': 0.003548818403010949, 'ign_c': 4.97190343598288, 'gdp_gamma': 0.0023690787504551864}.
[I 2026-08-06 02:57:28,876] Trial 233 finished with values: [10.494208615162329, 10.494208615162329] and parameters: {'k1': 0.0030285741098956273, 'D_low': 148.10800730363493, 'k2': 0.00014001191914113747, 'D_high': 21863.563449420166, 'fire_exp': 1.5191397119156032, 'P_half': 4.933751600448339, 'pre_dampen_half': 8.904067307938409, 'gpp_af': 0.017832592720985762, 'gpp_b': 5.7857954539842234e-05, 'gpp_d': 331.7366635899375, 'ign_k': 0.038791280730284435, 'ign_c': 22.126836566118193, 'gdp_gamma': 0.1138099269777268}.
[I 2026-08-06 02:57:30,334] Trial 234 finished with values: [10.646856519016307, 10.646856519016307] and parameters: {'k1': 9.132348475718357e-05, 'D_low': 2.011190979341456, 'k2': 3.277320296937061e-05, 'D_high': 1072.6091927327825, 'fire_exp': 1.7474700151315987, 'P_half': 10.226988730324324, 'pre_dampen_half': 36.876350096203005, 'gpp_af': 0.01771495462602452, 'gpp_b': 0.0011857788502887916, 'gpp_d': 18.075983730158487, 'ign_k': 3.9817553053385444, 'ign_c': 13.500744867919364, 'gdp_gamma': 0.0037053826502857277}.
[I 2026-08-06 02:57:31,773] Trial 235 finished with values: [10.67414033320916, 10.67414033320916] and parameters: {'k1': 1.2629989039319992e-05, 'D_low': 90.71933427331369, 'k2': 0.004898620823554844, 'D_high': 48696.409415208946, 'fire_exp': 1.2260057359187524, 'P_half': 6.0803901902966, 'pre_dampen_half': 0.016832027985721906, 'gpp_af': 0.04233032996527596, 'gpp_b': 0.002148145718198267, 'gpp_d': 0.22737628102536853, 'ign_k': 0.43731009905162666, 'ign_c': 1.317454386434276, 'gdp_gamma': 1.419184741934841}.
[I 2026-08-06 02:57:33,237] Trial 236 finished with values: [10.760018150895252, 10.760018150895252] and parameters: {'k1': 0.008945150807271526, 'D_low': 164.97426799845456, 'k2': 0.0024527450543222412, 'D_high': 2523.8726750780193, 'fire_exp': 1.7690128577054818, 'P_half': 457.2426132532179, 'pre_dampen_half': 0.12765775690366168, 'gpp_af': 0.0011802321563258195, 'gpp_b': 4.970909346198651e-05, 'gpp_d': 0.016982953094030286, 'ign_k': 0.0014551749476072258, 'ign_c': 264.14496454242203, 'gdp_gamma': 0.21027890193889434}.
[I 2026-08-06 02:57:34,780] Trial 237 finished with values: [10.762397851769675, 10.762397851769675] and parameters: {'k1': 0.08926311370835228, 'D_low': 148.10800730363493, 'k2': 0.00014001191914113747, 'D_high': 2308.5168151108014, 'fire_exp': 1.0727542652117925, 'P_half': 1.4105638677535268, 'pre_dampen_half': 36.876350096203005, 'gpp_af': 0.06323437159998231, 'gpp_b': 4.616959214941559, 'gpp_d': 1.2434469102435366, 'ign_k': 1.2021930484915047, 'ign_c': 6.807874826564585, 'gdp_gamma': 0.1138099269777268}.
[I 2026-08-06 02:57:36,203] Trial 238 finished with values: [10.75598710415872, 10.75598710415872] and parameters: {'k1': 0.0009343302657318475, 'D_low': 1.4378290221680121, 'k2': 3.277320296937061e-05, 'D_high': 1453.919918756155, 'fire_exp': 5.0766260330997595, 'P_half': 1.4105638677535268, 'pre_dampen_half': 422.90379957444225, 'gpp_af': 0.06323437159998231, 'gpp_b': 0.0011857788502887916, 'gpp_d': 304.7488318185732, 'ign_k': 1.2021930484915047, 'ign_c': 6.807874826564585, 'gdp_gamma': 0.0037053826502857277}.
[I 2026-08-06 02:57:37,632] Trial 239 finished with values: [10.59291311065566, 10.59291311065566] and parameters: {'k1': 0.0009343302657318475, 'D_low': 35.02761367842313, 'k2': 0.0007492772870670282, 'D_high': 16.796279878430507, 'fire_exp': 1.5155677145630615, 'P_half': 1.8942844905792813, 'pre_dampen_half': 17.62185042369633, 'gpp_af': 0.0012334147231672942, 'gpp_b': 3.686869490609954e-05, 'gpp_d': 6.913948698657619, 'ign_k': 0.031585104499228, 'ign_c': 1.887567630782227, 'gdp_gamma': 0.6151184366315611}.
[I 2026-08-06 02:57:39,075] Trial 240 finished with values: [10.287525723596755, 10.287525723596755] and parameters: {'k1': 0.045914852167405346, 'D_low': 655.1173063184817, 'k2': 2.143851363193518e-05, 'D_high': 28975.337521324145, 'fire_exp': 1.0340574447037933, 'P_half': 2.951922743391744, 'pre_dampen_half': 14.711215379121963, 'gpp_af': 1.036956521675621, 'gpp_b': 0.004215504256370331, 'gpp_d': 331.7366635899375, 'ign_k': 0.038791280730284435, 'ign_c': 4.849513831853326, 'gdp_gamma': 0.3862443158940324}.
[I 2026-08-06 02:57:40,482] Trial 241 finished with values: [-0.5329004027649669, 0.12210116134445737] and parameters: {'k1': 0.0002191739661157602, 'D_low': 1.1102341430568343, 'k2': 0.0007492772870670282, 'D_high': 13.670484737132345, 'fire_exp': 1.314673522286271, 'P_half': 141.1179996668461, 'pre_dampen_half': 397.4459556835019, 'gpp_af': 0.05391752791214327, 'gpp_b': 0.0012070331879029856, 'gpp_d': 48.69745226446181, 'ign_k': 0.031585104499228, 'ign_c': 1.3894673469237204, 'gdp_gamma': 0.7366679513906507}.
[I 2026-08-06 02:57:41,919] Trial 242 finished with values: [10.769079025992937, 10.769079025992937] and parameters: {'k1': 1.2629989039319992e-05, 'D_low': 29.89885508829526, 'k2': 0.0007081721844034209, 'D_high': 6079.905434073399, 'fire_exp': 2.5642061910321017, 'P_half': 3669.20903969591, 'pre_dampen_half': 36.876350096203005, 'gpp_af': 29.925002022877802, 'gpp_b': 0.011750724729953272, 'gpp_d': 4.5768578731086835, 'ign_k': 0.0026834162496848666, 'ign_c': 6.160975294741436, 'gdp_gamma': 0.057304083737274164}.
[I 2026-08-06 02:57:43,367] Trial 243 finished with values: [10.432813039542564, 10.432813039542564] and parameters: {'k1': 0.004083047491580096, 'D_low': 19.063314120324364, 'k2': 0.03820259936390116, 'D_high': 9769.756791866093, 'fire_exp': 1.0252685873887095, 'P_half': 10.226988730324324, 'pre_dampen_half': 0.028604435659156362, 'gpp_af': 29.925002022877802, 'gpp_b': 2.2148920285054975e-05, 'gpp_d': 37.40930273158252, 'ign_k': 1.2021930484915047, 'ign_c': 1.317454386434276, 'gdp_gamma': 1.419184741934841}.
[I 2026-08-06 02:57:44,822] Trial 244 finished with values: [10.739844645045155, 10.739844645045155] and parameters: {'k1': 0.00031489116479568613, 'D_low': 655.1173063184817, 'k2': 0.007519407491506672, 'D_high': 35.11445258128688, 'fire_exp': 1.4322493718230251, 'P_half': 1.2765717873951687, 'pre_dampen_half': 8.904067307938409, 'gpp_af': 0.09145768948268033, 'gpp_b': 0.040428727350273294, 'gpp_d': 331.7366635899375, 'ign_k': 0.038791280730284435, 'ign_c': 6.807874826564585, 'gdp_gamma': 0.559652086128564}.
[I 2026-08-06 02:57:46,236] Trial 245 finished with values: [-0.5340242870060367, 0.09786192352661893] and parameters: {'k1': 2.9394634586259703e-05, 'D_low': 19.063314120324364, 'k2': 0.03820259936390116, 'D_high': 2970.7920514735997, 'fire_exp': 1.0252685873887095, 'P_half': 10.226988730324324, 'pre_dampen_half': 31.977584652685227, 'gpp_af': 0.002311080279955305, 'gpp_b': 0.0030742893625766146, 'gpp_d': 33.9790424311127, 'ign_k': 0.002115412774188856, 'ign_c': 1.317454386434276, 'gdp_gamma': 1.8068697350278546}.
[I 2026-08-06 02:57:47,664] Trial 246 finished with values: [10.103303987332803, 10.103303987332803] and parameters: {'k1': 0.0030285741098956273, 'D_low': 29.89885508829526, 'k2': 0.00014001191914113747, 'D_high': 21863.563449420166, 'fire_exp': 1.5191397119156032, 'P_half': 616.1423618045311, 'pre_dampen_half': 129.7187644086357, 'gpp_af': 0.017832592720985762, 'gpp_b': 0.004215504256370331, 'gpp_d': 189.88136301569827, 'ign_k': 1.2021930484915047, 'ign_c': 6.807874826564585, 'gdp_gamma': 0.1138099269777268}.
[I 2026-08-06 02:57:49,142] Trial 247 finished with values: [10.373125560000448, 10.373125560000448] and parameters: {'k1': 0.0030285741098956273, 'D_low': 655.1173063184817, 'k2': 3.277320296937061e-05, 'D_high': 35.11445258128688, 'fire_exp': 1.0340574447037933, 'P_half': 25.255166452944085, 'pre_dampen_half': 17.62185042369633, 'gpp_af': 0.09145768948268033, 'gpp_b': 0.004215504256370331, 'gpp_d': 304.7488318185732, 'ign_k': 0.07867677706257832, 'ign_c': 4.849513831853326, 'gdp_gamma': 0.3862443158940324}.
[I 2026-08-06 02:57:50,612] Trial 248 finished with values: [10.708899669065907, 10.708899669065907] and parameters: {'k1': 2.9394634586259703e-05, 'D_low': 1.1102341430568343, 'k2': 0.0007492772870670282, 'D_high': 1072.6091927327825, 'fire_exp': 1.0881360604103363, 'P_half': 10.226988730324324, 'pre_dampen_half': 0.03879318293836391, 'gpp_af': 0.7631016235941565, 'gpp_b': 6.626951320510577e-05, 'gpp_d': 0.05913077571285062, 'ign_k': 0.002115412774188856, 'ign_c': 13.500744867919364, 'gdp_gamma': 1.8068697350278546}.
[I 2026-08-06 02:57:52,046] Trial 249 finished with values: [-0.5621976787337892, 0.12007440188998064] and parameters: {'k1': 2.9394634586259703e-05, 'D_low': 1.1102341430568343, 'k2': 0.00015466641867531393, 'D_high': 3419.1084735544555, 'fire_exp': 1.0881360604103363, 'P_half': 141.1179996668461, 'pre_dampen_half': 36.876350096203005, 'gpp_af': 0.05391752791214327, 'gpp_b': 0.0030742893625766146, 'gpp_d': 33.9790424311127, 'ign_k': 0.002115412774188856, 'ign_c': 0.21948188038908775, 'gdp_gamma': 1.8068697350278546}.
[I 2026-08-06 02:57:53,507] Trial 250 finished with values: [-0.48713532970075135, 0.2015034392864853] and parameters: {'k1': 0.0007284371265166888, 'D_low': 148.10800730363493, 'k2': 0.00014001191914113747, 'D_high': 2308.5168151108014, 'fire_exp': 1.0727542652117925, 'P_half': 1.4105638677535268, 'pre_dampen_half': 129.7187644086357, 'gpp_af': 0.06323437159998231, 'gpp_b': 0.028369067932328344, 'gpp_d': 4.08522800366862, 'ign_k': 1.2021930484915047, 'ign_c': 0.7299348683062306, 'gdp_gamma': 0.1138099269777268}.
[I 2026-08-06 02:57:55,029] Trial 251 finished with values: [-0.5327395657456382, 0.21380155813865964] and parameters: {'k1': 2.80643901112427e-05, 'D_low': 57.949672745830284, 'k2': 3.277320296937061e-05, 'D_high': 1453.919918756155, 'fire_exp': 1.0340574447037933, 'P_half': 2.951922743391744, 'pre_dampen_half': 17.62185042369633, 'gpp_af': 1.036956521675621, 'gpp_b': 0.0011857788502887916, 'gpp_d': 304.7488318185732, 'ign_k': 0.07867677706257832, 'ign_c': 0.9580682294110432, 'gdp_gamma': 0.3862443158940324}.
