[I 2026-06-10 22:16:26,727] Trial 964 finished with values: [-0.5186008451677686, 0.030770842055950154] and parameters: {'k1': 0.012840669372724958, 'D_low': 171.2446447678494, 'k2': 0.02065142557895925, 'D_high': 42210.21267871043, 'fire_exp': 1.14171776851287, 'P_half': 61.6097529474144, 'pre_dampen_half': 33.71909132517384, 'gpp_af': 0.016306190741524337, 'gpp_b': 0.0012611058927054877, 'gpp_d': 0.7698760608299932, 'ign_k': 0.0029519227433917453, 'ign_c': 1.9423015749984096, 'trop_agb_crit': 8.0091368834625, 'trop_k_veg': 5.447068407295338, 'fire_amp': 1.5180207449214471}.
[I 2026-06-10 22:16:28,429] Trial 965 finished with values: [11.828229431041086, 11.828229431041086] and parameters: {'k1': 0.012840669372724958, 'D_low': 12.105387404469584, 'k2': 0.02432525237405086, 'D_high': 30227.031291375773, 'fire_exp': 1.0601964743503993, 'P_half': 4.213183643253957, 'pre_dampen_half': 393.2173465242997, 'gpp_af': 0.0662749342026412, 'gpp_b': 2.176805640408474e-05, 'gpp_d': 545.0253444559129, 'ign_k': 0.00840038491455979, 'ign_c': 157.63098727399432, 'trop_agb_crit': 1.8023542850487386, 'trop_k_veg': 2.520089655463604, 'fire_amp': 2.042193818779288}.
[I 2026-06-10 22:16:30,025] Trial 966 finished with values: [10.123764547821878, 10.123764547821878] and parameters: {'k1': 0.012840669372724958, 'D_low': 171.2446447678494, 'k2': 0.02065142557895925, 'D_high': 10994.090116844662, 'fire_exp': 1.7220686611084326, 'P_half': 4.213183643253957, 'pre_dampen_half': 16.009350908593582, 'gpp_af': 0.016306190741524337, 'gpp_b': 0.0012611058927054877, 'gpp_d': 0.7698760608299932, 'ign_k': 0.8861249804463233, 'ign_c': 1.0208550480923066, 'trop_agb_crit': 8.0091368834625, 'trop_k_veg': 2.520089655463604, 'fire_amp': 1.2784745553082768}.
[I 2026-06-10 22:16:31,470] Trial 967 finished with values: [10.8328703835473, 10.8328703835473] and parameters: {'k1': 0.012840669372724958, 'D_low': 1.3376564232104105, 'k2': 0.0004976087827261435, 'D_high': 42210.21267871043, 'fire_exp': 1.2344878997299724, 'P_half': 61.6097529474144, 'pre_dampen_half': 4.847666216751353, 'gpp_af': 0.016306190741524337, 'gpp_b': 0.001674375583895437, 'gpp_d': 0.7698760608299932, 'ign_k': 0.07867677706257832, 'ign_c': 104.75330041760883, 'trop_agb_crit': 4.789307037039607, 'trop_k_veg': 2.99731137426955, 'fire_amp': 1.5180207449214471}.
[I 2026-06-10 22:16:32,819] Trial 968 finished with values: [10.831346979712364, 10.831346979712364] and parameters: {'k1': 0.0018697387216131526, 'D_low': 2.843767489444367, 'k2': 0.0002442377596403892, 'D_high': 83.14160873549643, 'fire_exp': 1.1633452995374232, 'P_half': 93.43302657318476, 'pre_dampen_half': 16.009350908593582, 'gpp_af': 0.008117091133892173, 'gpp_b': 1.1271749208350375, 'gpp_d': 0.03927259340973166, 'ign_k': 0.07867677706257832, 'ign_c': 0.4177928311636542, 'trop_agb_crit': 18.081400596781233, 'trop_k_veg': 5.453348988480011, 'fire_amp': 1.5719333351012774}.
[I 2026-06-10 22:16:34,043] Trial 969 finished with values: [10.58534386358808, 10.58534386358808] and parameters: {'k1': 0.0002588246491696491, 'D_low': 171.2446447678494, 'k2': 0.003767022142229395, 'D_high': 30227.031291375773, 'fire_exp': 1.1633452995374232, 'P_half': 2834.090429514774, 'pre_dampen_half': 33.71909132517384, 'gpp_af': 0.016306190741524337, 'gpp_b': 0.0012611058927054877, 'gpp_d': 7.631016235941559, 'ign_k': 0.00840038491455979, 'ign_c': 1.9423015749984096, 'trop_agb_crit': 1.0693376406863295, 'trop_k_veg': 2.520089655463604, 'fire_amp': 1.5180207449214471}.
[I 2026-06-10 22:16:35,345] Trial 970 finished with values: [10.83325218882367, 10.83325218882367] and parameters: {'k1': 0.012840669372724958, 'D_low': 1.4002277211577039, 'k2': 0.0007731571570012607, 'D_high': 83.14160873549643, 'fire_exp': 5.351686653809503, 'P_half': 61.6097529474144, 'pre_dampen_half': 1.8469033699850426, 'gpp_af': 0.008117091133892173, 'gpp_b': 0.001674375583895437, 'gpp_d': 594.7389794988394, 'ign_k': 0.002357279455676982, 'ign_c': 1.9423015749984096, 'trop_agb_crit': 8.0091368834625, 'trop_k_veg': 1.056284487623406, 'fire_amp': 2.7806853670293616}.
[I 2026-06-10 22:16:36,767] Trial 971 finished with values: [-0.4762893591371678, 0.24566622765188506] and parameters: {'k1': 0.012840669372724958, 'D_low': 148.21691630007544, 'k2': 0.02065142557895925, 'D_high': 42210.21267871043, 'fire_exp': 1.0812994412809738, 'P_half': 93.43302657318476, 'pre_dampen_half': 4.603480758878793, 'gpp_af': 7.6249540788973835, 'gpp_b': 2.800940363375676e-05, 'gpp_d': 21.899070557043984, 'ign_k': 0.002676132993402929, 'ign_c': 1.9423015749984096, 'trop_agb_crit': 8.0091368834625, 'trop_k_veg': 0.828441460847982, 'fire_amp': 1.746805197047088}.
[I 2026-06-10 22:16:38,327] Trial 972 finished with values: [10.749121153714086, 10.749121153714086] and parameters: {'k1': 0.012840669372724958, 'D_low': 171.2446447678494, 'k2': 0.02065142557895925, 'D_high': 4213.54222759551, 'fire_exp': 1.7220686611084326, 'P_half': 2834.090429514774, 'pre_dampen_half': 4.603480758878793, 'gpp_af': 0.016306190741524337, 'gpp_b': 0.0012611058927054877, 'gpp_d': 28.312234265202243, 'ign_k': 0.8861249804463233, 'ign_c': 1.4091459170104739, 'trop_agb_crit': 8.0091368834625, 'trop_k_veg': 2.520089655463604, 'fire_amp': 1.5180207449214471}.
[I 2026-06-10 22:16:39,739] Trial 973 finished with values: [-0.512346240395439, 0.11415098705715487] and parameters: {'k1': 0.012840669372724958, 'D_low': 148.21691630007544, 'k2': 5.12525027816961e-05, 'D_high': 42210.21267871043, 'fire_exp': 1.0812994412809738, 'P_half': 61.6097529474144, 'pre_dampen_half': 4.847666216751353, 'gpp_af': 0.016306190741524337, 'gpp_b': 5.0875243087016374e-05, 'gpp_d': 0.7698760608299932, 'ign_k': 0.002357279455676982, 'ign_c': 0.4177928311636542, 'trop_agb_crit': 1.6222566606523396, 'trop_k_veg': 2.520089655463604, 'fire_amp': 2.368964504291618}.
[I 2026-06-10 22:16:40,986] Trial 974 finished with values: [-0.41811318413063797, 0.04951017680155256] and parameters: {'k1': 0.012840669372724958, 'D_low': 1.4002277211577039, 'k2': 0.0004976087827261435, 'D_high': 83.14160873549643, 'fire_exp': 1.2344878997299724, 'P_half': 61.6097529474144, 'pre_dampen_half': 35.09387368811639, 'gpp_af': 0.016306190741524337, 'gpp_b': 0.001674375583895437, 'gpp_d': 594.7389794988394, 'ign_k': 0.002357279455676982, 'ign_c': 1.4091459170104739, 'trop_agb_crit': 1.8023542850487386, 'trop_k_veg': 2.99731137426955, 'fire_amp': 2.7806853670293616}.
[I 2026-06-10 22:16:42,257] Trial 975 finished with values: [-0.4786428562478294, 0.11060287496734189] and parameters: {'k1': 0.012840669372724958, 'D_low': 171.2446447678494, 'k2': 0.02065142557895925, 'D_high': 42210.21267871043, 'fire_exp': 1.0812994412809738, 'P_half': 61.6097529474144, 'pre_dampen_half': 4.603480758878793, 'gpp_af': 0.016306190741524337, 'gpp_b': 2.800940363375676e-05, 'gpp_d': 0.7698760608299932, 'ign_k': 0.0029519227433917453, 'ign_c': 1.9423015749984096, 'trop_agb_crit': 8.0091368834625, 'trop_k_veg': 2.520089655463604, 'fire_amp': 1.5180207449214471}.
[I 2026-06-10 22:16:43,579] Trial 976 finished with values: [-0.45537638099265176, 0.11827534683795848] and parameters: {'k1': 0.012840669372724958, 'D_low': 171.2446447678494, 'k2': 0.0004976087827261435, 'D_high': 42210.21267871043, 'fire_exp': 1.7220686611084326, 'P_half': 61.6097529474144, 'pre_dampen_half': 16.009350908593582, 'gpp_af': 0.5310489989160803, 'gpp_b': 0.0012611058927054877, 'gpp_d': 0.7698760608299932, 'ign_k': 0.8861249804463233, 'ign_c': 1.9423015749984096, 'trop_agb_crit': 8.0091368834625, 'trop_k_veg': 2.99731137426955, 'fire_amp': 1.5180207449214471}.
[I 2026-06-10 22:16:45,037] Trial 977 finished with values: [10.127820176267813, 10.127820176267813] and parameters: {'k1': 0.012840669372724958, 'D_low': 2.843767489444367, 'k2': 0.02065142557895925, 'D_high': 42210.21267871043, 'fire_exp': 1.14171776851287, 'P_half': 93.43302657318476, 'pre_dampen_half': 1.785889900578207, 'gpp_af': 0.15740732860520312, 'gpp_b': 0.0012611058927054877, 'gpp_d': 298.943216845222, 'ign_k': 0.0029519227433917453, 'ign_c': 0.4177928311636542, 'trop_agb_crit': 8.0091368834625, 'trop_k_veg': 5.453348988480011, 'fire_amp': 1.5180207449214471}.
[I 2026-06-10 22:16:46,489] Trial 978 finished with values: [10.462728699920806, 10.462728699920806] and parameters: {'k1': 0.0868318308250935, 'D_low': 12.105387404469584, 'k2': 0.0004976087827261435, 'D_high': 42210.21267871043, 'fire_exp': 1.1633452995374232, 'P_half': 2834.090429514774, 'pre_dampen_half': 4.847666216751353, 'gpp_af': 0.008117091133892173, 'gpp_b': 0.00019552902383918484, 'gpp_d': 942.6090081952854, 'ign_k': 0.00840038491455979, 'ign_c': 48.704711413416454, 'trop_agb_crit': 8.0091368834625, 'trop_k_veg': 0.6673124511410327, 'fire_amp': 2.7806853670293616}.
[I 2026-06-10 22:16:47,781] Trial 979 finished with values: [10.703366019877356, 10.703366019877356] and parameters: {'k1': 0.012840669372724958, 'D_low': 171.2446447678494, 'k2': 0.02065142557895925, 'D_high': 42210.21267871043, 'fire_exp': 1.14171776851287, 'P_half': 5617.618805806643, 'pre_dampen_half': 16.009350908593582, 'gpp_af': 0.016306190741524337, 'gpp_b': 7.555164990945509e-05, 'gpp_d': 0.7698760608299932, 'ign_k': 0.010733257635049785, 'ign_c': 1.9423015749984096, 'trop_agb_crit': 8.0091368834625, 'trop_k_veg': 2.520089655463604, 'fire_amp': 1.0804276661569383}.
[I 2026-06-10 22:16:49,528] Trial 980 finished with values: [10.015055393302761, 10.015055393302761] and parameters: {'k1': 0.012840669372724958, 'D_low': 148.21691630007544, 'k2': 0.02065142557895925, 'D_high': 42210.21267871043, 'fire_exp': 1.1633452995374232, 'P_half': 93.43302657318476, 'pre_dampen_half': 16.009350908593582, 'gpp_af': 0.008117091133892173, 'gpp_b': 0.0008861657881839811, 'gpp_d': 0.7698760608299932, 'ign_k': 0.002676132993402929, 'ign_c': 1.9423015749984096, 'trop_agb_crit': 8.0091368834625, 'trop_k_veg': 5.453348988480011, 'fire_amp': 1.746805197047088}.
[I 2026-06-10 22:16:50,817] Trial 981 finished with values: [-0.4793561381978544, 0.11084061398118561] and parameters: {'k1': 0.012840669372724958, 'D_low': 171.2446447678494, 'k2': 0.02065142557895925, 'D_high': 42210.21267871043, 'fire_exp': 1.0812994412809738, 'P_half': 61.6097529474144, 'pre_dampen_half': 4.603480758878793, 'gpp_af': 0.016306190741524337, 'gpp_b': 2.800940363375676e-05, 'gpp_d': 0.7698760608299932, 'ign_k': 0.0029519227433917453, 'ign_c': 0.45630923983425714, 'trop_agb_crit': 8.0091368834625, 'trop_k_veg': 2.520089655463604, 'fire_amp': 1.5180207449214471}.
[I 2026-06-10 22:16:52,327] Trial 982 finished with values: [10.833333333029685, 10.833333333029685] and parameters: {'k1': 0.00031134168041628584, 'D_low': 12.105387404469584, 'k2': 0.0007731571570012607, 'D_high': 83.14160873549643, 'fire_exp': 1.1633452995374232, 'P_half': 7.914423612155368, 'pre_dampen_half': 0.045566310715226425, 'gpp_af': 0.008117091133892173, 'gpp_b': 1.3415796596713932e-05, 'gpp_d': 594.7389794988394, 'ign_k': 0.29415751391396583, 'ign_c': 80.15297379101396, 'trop_agb_crit': 1.8566494291193822, 'trop_k_veg': 1.056284487623406, 'fire_amp': 4.783836175730692}.
[I 2026-06-10 22:16:53,823] Trial 983 finished with values: [10.833333333029685, 10.833333333029685] and parameters: {'k1': 0.012840669372724958, 'D_low': 12.105387404469584, 'k2': 4.69955602109909e-05, 'D_high': 262.11304189124235, 'fire_exp': 1.2344878997299724, 'P_half': 4.213183643253957, 'pre_dampen_half': 16.009350908593582, 'gpp_af': 0.016306190741524337, 'gpp_b': 0.001674375583895437, 'gpp_d': 0.7698760608299932, 'ign_k': 0.8861249804463233, 'ign_c': 186.69871096222246, 'trop_agb_crit': 8.0091368834625, 'trop_k_veg': 2.99731137426955, 'fire_amp': 2.042193818779288}.
[I 2026-06-10 22:16:55,177] Trial 984 finished with values: [10.407622266800626, 10.407622266800626] and parameters: {'k1': 0.012840669372724958, 'D_low': 12.105387404469584, 'k2': 0.0002442377596403892, 'D_high': 42210.21267871043, 'fire_exp': 1.5315561686017187, 'P_half': 12.262543158860007, 'pre_dampen_half': 189.36639872354493, 'gpp_af': 0.016306190741524337, 'gpp_b': 0.0012611058927054877, 'gpp_d': 0.7698760608299932, 'ign_k': 0.00840038491455979, 'ign_c': 48.704711413416454, 'trop_agb_crit': 18.081400596781233, 'trop_k_veg': 1.6648666152166967, 'fire_amp': 1.5180207449214471}.
[I 2026-06-10 22:16:56,415] Trial 985 finished with values: [10.089827912671113, 10.089827912671113] and parameters: {'k1': 0.012840669372724958, 'D_low': 171.2446447678494, 'k2': 0.0004976087827261435, 'D_high': 42210.21267871043, 'fire_exp': 1.2344878997299724, 'P_half': 3.591771421517613, 'pre_dampen_half': 33.71909132517384, 'gpp_af': 0.008117091133892173, 'gpp_b': 0.001674375583895437, 'gpp_d': 298.943216845222, 'ign_k': 0.007145711288893931, 'ign_c': 1.9423015749984096, 'trop_agb_crit': 8.0091368834625, 'trop_k_veg': 2.9214381145106936, 'fire_amp': 1.5180207449214471}.
[I 2026-06-10 22:16:57,675] Trial 986 finished with values: [10.517755080982784, 10.517755080982784] and parameters: {'k1': 0.012840669372724958, 'D_low': 171.2446447678494, 'k2': 0.02065142557895925, 'D_high': 42210.21267871043, 'fire_exp': 1.14171776851287, 'P_half': 3.591771421517613, 'pre_dampen_half': 1.8469033699850426, 'gpp_af': 0.008117091133892173, 'gpp_b': 0.001674375583895437, 'gpp_d': 0.7698760608299932, 'ign_k': 0.0029519227433917453, 'ign_c': 1.9423015749984096, 'trop_agb_crit': 8.0091368834625, 'trop_k_veg': 3.4337960558650757, 'fire_amp': 1.85916500023103}.
[I 2026-06-10 22:16:58,981] Trial 987 finished with values: [10.716865255661668, 10.716865255661668] and parameters: {'k1': 0.012840669372724958, 'D_low': 270.15957920129443, 'k2': 0.003767022142229395, 'D_high': 83.14160873549643, 'fire_exp': 1.2344878997299724, 'P_half': 4.213183643253957, 'pre_dampen_half': 35.09387368811639, 'gpp_af': 0.016306190741524337, 'gpp_b': 0.0006809980431188124, 'gpp_d': 0.7698760608299932, 'ign_k': 0.002357279455676982, 'ign_c': 0.4177928311636542, 'trop_agb_crit': 8.188098178380693, 'trop_k_veg': 2.520089655463604, 'fire_amp': 1.746805197047088}.
[I 2026-06-10 22:17:00,428] Trial 988 finished with values: [10.235313333240969, 10.235313333240969] and parameters: {'k1': 0.08006837661379566, 'D_low': 148.21691630007544, 'k2': 0.003767022142229395, 'D_high': 1055.3846463525656, 'fire_exp': 1.0812994412809738, 'P_half': 70.13097205353067, 'pre_dampen_half': 4.847666216751353, 'gpp_af': 15.977732284872852, 'gpp_b': 2.800940363375676e-05, 'gpp_d': 21.899070557043984, 'ign_k': 0.002357279455676982, 'ign_c': 1.9423015749984096, 'trop_agb_crit': 8.0091368834625, 'trop_k_veg': 0.828441460847982, 'fire_amp': 1.746805197047088}.
[I 2026-06-10 22:17:01,854] Trial 989 finished with values: [-0.6566373064794004, 0.017311514028391817] and parameters: {'k1': 0.012840669372724958, 'D_low': 171.2446447678494, 'k2': 0.02065142557895925, 'D_high': 42210.21267871043, 'fire_exp': 1.7220686611084326, 'P_half': 61.6097529474144, 'pre_dampen_half': 33.71909132517384, 'gpp_af': 0.016306190741524337, 'gpp_b': 0.0012611058927054877, 'gpp_d': 545.0253444559129, 'ign_k': 0.8861249804463233, 'ign_c': 1.9423015749984096, 'trop_agb_crit': 8.0091368834625, 'trop_k_veg': 2.520089655463604, 'fire_amp': 1.5180207449214471}.
[I 2026-06-10 22:17:03,177] Trial 990 finished with values: [10.63482081831733, 10.63482081831733] and parameters: {'k1': 0.008535052150482593, 'D_low': 1.4002277211577039, 'k2': 0.0004976087827261435, 'D_high': 83.14160873549643, 'fire_exp': 1.1633452995374232, 'P_half': 3.591771421517613, 'pre_dampen_half': 1.8469033699850426, 'gpp_af': 0.016306190741524337, 'gpp_b': 1.3415796596713932e-05, 'gpp_d': 594.7389794988394, 'ign_k': 0.07867677706257832, 'ign_c': 1.9423015749984096, 'trop_agb_crit': 8.0091368834625, 'trop_k_veg': 2.2484780838355256, 'fire_amp': 5.44779717154213}.
[I 2026-06-10 22:17:04,472] Trial 991 finished with values: [-0.46349910866718164, 0.08870284745148216] and parameters: {'k1': 0.00031134168041628584, 'D_low': 1.3376564232104105, 'k2': 0.0004976087827261435, 'D_high': 2298.2155660045737, 'fire_exp': 1.2344878997299724, 'P_half': 3.591771421517613, 'pre_dampen_half': 1.8469033699850426, 'gpp_af': 0.016306190741524337, 'gpp_b': 1.3415796596713932e-05, 'gpp_d': 700.6693992445935, 'ign_k': 0.002357279455676982, 'ign_c': 7.081721844034206, 'trop_agb_crit': 5.635210829694053, 'trop_k_veg': 2.99731137426955, 'fire_amp': 5.44779717154213}.
[I 2026-06-10 22:17:05,724] Trial 992 finished with values: [-0.3392302419977855, 0.06640815648921627] and parameters: {'k1': 0.012840669372724958, 'D_low': 1.4002277211577039, 'k2': 0.003767022142229395, 'D_high': 36998.679204890876, 'fire_exp': 1.0601964743503993, 'P_half': 2834.090429514774, 'pre_dampen_half': 33.71909132517384, 'gpp_af': 0.008117091133892173, 'gpp_b': 1.3415796596713932e-05, 'gpp_d': 28.312234265202243, 'ign_k': 0.00840038491455979, 'ign_c': 157.63098727399432, 'trop_agb_crit': 1.0693376406863295, 'trop_k_veg': 0.6673124511410327, 'fire_amp': 5.44779717154213}.
[I 2026-06-10 22:17:06,984] Trial 993 finished with values: [10.073813143092277, 10.073813143092277] and parameters: {'k1': 0.012840669372724958, 'D_low': 171.2446447678494, 'k2': 0.0002442377596403892, 'D_high': 154.95079374286178, 'fire_exp': 1.1633452995374232, 'P_half': 182.00694976756813, 'pre_dampen_half': 16.009350908593582, 'gpp_af': 0.008117091133892173, 'gpp_b': 1.3415796596713932e-05, 'gpp_d': 34.18897529667503, 'ign_k': 0.07867677706257832, 'ign_c': 1.4091459170104739, 'trop_agb_crit': 18.081400596781233, 'trop_k_veg': 5.453348988480011, 'fire_amp': 1.5180207449214471}.
[I 2026-06-10 22:17:08,361] Trial 994 finished with values: [10.825585080010521, 10.825585080010521] and parameters: {'k1': 0.012840669372724958, 'D_low': 1.4002277211577039, 'k2': 0.005695622647004589, 'D_high': 30227.031291375773, 'fire_exp': 1.1633452995374232, 'P_half': 3.591771421517613, 'pre_dampen_half': 1.8469033699850426, 'gpp_af': 0.008117091133892173, 'gpp_b': 1.7375507377564614, 'gpp_d': 942.6090081952854, 'ign_k': 0.3508854952536169, 'ign_c': 1.9423015749984096, 'trop_agb_crit': 8.0091368834625, 'trop_k_veg': 4.125263140134148, 'fire_amp': 5.44779717154213}.
[I 2026-06-10 22:17:10,316] Trial 995 finished with values: [11.717094842853554, 11.717094842853554] and parameters: {'k1': 0.012840669372724958, 'D_low': 1.4002277211577039, 'k2': 0.0004976087827261435, 'D_high': 42210.21267871043, 'fire_exp': 1.2344878997299724, 'P_half': 61.6097529474144, 'pre_dampen_half': 35.09387368811639, 'gpp_af': 0.016306190741524337, 'gpp_b': 0.0012611058927054877, 'gpp_d': 0.7698760608299932, 'ign_k': 0.002357279455676982, 'ign_c': 0.14665316366397016, 'trop_agb_crit': 8.0091368834625, 'trop_k_veg': 2.520089655463604, 'fire_amp': 2.7806853670293616}.
[I 2026-06-10 22:17:11,594] Trial 996 finished with values: [10.504260210762382, 10.504260210762382] and parameters: {'k1': 0.012840669372724958, 'D_low': 171.2446447678494, 'k2': 0.02065142557895925, 'D_high': 30227.031291375773, 'fire_exp': 1.0601964743503993, 'P_half': 61.6097529474144, 'pre_dampen_half': 28.01075698398644, 'gpp_af': 0.0662749342026412, 'gpp_b': 9.129138790726056e-05, 'gpp_d': 0.7698760608299932, 'ign_k': 0.00840038491455979, 'ign_c': 7.018267183720731, 'trop_agb_crit': 8.0091368834625, 'trop_k_veg': 2.520089655463604, 'fire_amp': 1.5180207449214471}.
[I 2026-06-10 22:17:12,848] Trial 997 finished with values: [10.308423982387325, 10.308423982387325] and parameters: {'k1': 0.012840669372724958, 'D_low': 12.105387404469584, 'k2': 0.0004976087827261435, 'D_high': 30227.031291375773, 'fire_exp': 1.2344878997299724, 'P_half': 61.6097529474144, 'pre_dampen_half': 28.01075698398644, 'gpp_af': 0.008117091133892173, 'gpp_b': 0.001674375583895437, 'gpp_d': 942.6090081952854, 'ign_k': 0.00840038491455979, 'ign_c': 48.704711413416454, 'trop_agb_crit': 1.8023542850487386, 'trop_k_veg': 2.99731137426955, 'fire_amp': 2.7806853670293616}.
[I 2026-06-10 22:17:14,126] Trial 998 finished with values: [10.079136579611632, 10.079136579611632] and parameters: {'k1': 0.012840669372724958, 'D_low': 171.2446447678494, 'k2': 0.02065142557895925, 'D_high': 30227.031291375773, 'fire_exp': 1.0601964743503993, 'P_half': 2834.090429514774, 'pre_dampen_half': 35.09387368811639, 'gpp_af': 0.016306190741524337, 'gpp_b': 2.800940363375676e-05, 'gpp_d': 594.7389794988394, 'ign_k': 0.0010897490003652056, 'ign_c': 1.9423015749984096, 'trop_agb_crit': 1.8023542850487386, 'trop_k_veg': 1.5030844497004798, 'fire_amp': 4.783836175730692}.
[I 2026-06-10 22:17:15,469] Trial 999 finished with values: [10.860641801529555, 10.860641801529555] and parameters: {'k1': 0.006079905434073396, 'D_low': 1.4002277211577039, 'k2': 0.02065142557895925, 'D_high': 10994.090116844662, 'fire_exp': 1.14171776851287, 'P_half': 4.213183643253957, 'pre_dampen_half': 35.09387368811639, 'gpp_af': 0.016306190741524337, 'gpp_b': 7.555164990945509e-05, 'gpp_d': 594.7389794988394, 'ign_k': 0.010733257635049785, 'ign_c': 1.9423015749984096, 'trop_agb_crit': 1.2489332852689512, 'trop_k_veg': 2.520089655463604, 'fire_amp': 1.5180207449214471}.
[I 2026-06-10 22:17:16,975] Trial 1000 finished with values: [12.612154543111426, 12.612154543111426] and parameters: {'k1': 0.012840669372724958, 'D_low': 148.21691630007544, 'k2': 0.02065142557895925, 'D_high': 42210.21267871043, 'fire_exp': 1.1633452995374232, 'P_half': 9.698743148715474, 'pre_dampen_half': 4.603480758878793, 'gpp_af': 0.4317251206640925, 'gpp_b': 0.0008861657881839811, 'gpp_d': 12.338826503601998, 'ign_k': 0.07867677706257832, 'ign_c': 14.343168707118846, 'trop_agb_crit': 1.8566494291193822, 'trop_k_veg': 2.520089655463604, 'fire_amp': 5.44779717154213}.
