[I 2026-07-24 02:13:15,307] Trial 960 finished with value: 0.5480715126659208 and parameters: {'k1': 0.0006813659372216253, 'D_low': 3.365808032742986, 'k2': 0.0005806245759565062, 'D_high': 890429.614395859, 'fire_exp': 1.7256772286561382, 'P_half': 3.1492945205942617, 'pre_dampen_half': 1.7403630770509873, 'gpp_af': 0.001585697246189273, 'gpp_b': 0.00019454818521442876, 'gpp_d': 0.23789396074089225, 'ign_k': 0.00779008125357338, 'ign_c': 0.15734275400918668, 'trop_agb_crit': 1.1916095245705598, 'trop_k_veg': 0.8388355364245811, 'gdp_gamma': 0.16951533911333394, 'fuel_k': 0.016563555682623337, 'fuel_half': 13.971639550104076}. Best is trial 335 with value: -0.6233152110406992.
[I 2026-07-24 02:13:15,757] Trial 961 finished with value: 0.4167830933511215 and parameters: {'k1': 0.005330902195160879, 'D_low': 59.73546629280289, 'k2': 0.00012002728391336799, 'D_high': 2258791.1047962443, 'fire_exp': 1.4726643013205998, 'P_half': 28.666859079584462, 'pre_dampen_half': 1.7438462102736698, 'gpp_af': 0.04957032320226477, 'gpp_b': 0.01887620704448018, 'gpp_d': 0.3117680035972654, 'ign_k': 0.003631821542668325, 'ign_c': 0.37365381165893097, 'trop_agb_crit': 2.6285275343635934, 'trop_k_veg': 2.2260815598268398, 'gdp_gamma': 1.3675890452746666, 'fuel_k': 0.06645408507982334, 'fuel_half': 67.6311091815429}. Best is trial 335 with value: -0.6233152110406992.
[I 2026-07-24 02:13:16,219] Trial 962 finished with value: 0.47025553103793927 and parameters: {'k1': 0.0020520837582907645, 'D_low': 276.77441061584733, 'k2': 0.00018932142869088382, 'D_high': 675456.7553173322, 'fire_exp': 1.0059396511528436, 'P_half': 55.77555476398244, 'pre_dampen_half': 4.085622336887683, 'gpp_af': 0.010231203685975203, 'gpp_b': 0.0002603424650309579, 'gpp_d': 1.9886717679946833, 'ign_k': 0.001110014654405366, 'ign_c': 4.062262054824149, 'trop_agb_crit': 2.531949263072192, 'trop_k_veg': 0.5347772854817457, 'gdp_gamma': 1.0599455692624928, 'fuel_k': 0.01636920568119181, 'fuel_half': 15.513440846714053}. Best is trial 335 with value: -0.6233152110406992.
[I 2026-07-24 02:13:16,671] Trial 963 finished with value: -0.5653127159102953 and parameters: {'k1': 0.0020844734609547634, 'D_low': 3.801598469763346, 'k2': 0.0003580848880844752, 'D_high': 190195.53281818234, 'fire_exp': 1.5870139430420496, 'P_half': 43.048518725565536, 'pre_dampen_half': 2.266948536868394, 'gpp_af': 0.08987847924004257, 'gpp_b': 0.00010406671613550912, 'gpp_d': 2.4589575964691694, 'ign_k': 0.005431888713474659, 'ign_c': 16.583366429486933, 'trop_agb_crit': 1.6059487092433833, 'trop_k_veg': 1.2241949826327838, 'gdp_gamma': 0.4174285470604645, 'fuel_k': 0.032646867769438, 'fuel_half': 1.310006143844904}. Best is trial 335 with value: -0.6233152110406992.
[I 2026-07-24 02:13:17,124] Trial 964 finished with value: 0.5221279914639215 and parameters: {'k1': 0.0003715989348045443, 'D_low': 1.0495000550276958, 'k2': 0.0009474502262854459, 'D_high': 1478458.657537582, 'fire_exp': 4.02607502257901, 'P_half': 1.8209256437462582, 'pre_dampen_half': 16.49535261983888, 'gpp_af': 0.0010687603728668554, 'gpp_b': 4.044504966916773e-05, 'gpp_d': 1.297264255924822, 'ign_k': 0.012089488118033816, 'ign_c': 0.5174176254428452, 'trop_agb_crit': 1.5349291614845082, 'trop_k_veg': 3.079758672530538, 'gdp_gamma': 0.6532353789831437, 'fuel_k': 0.014104168844976868, 'fuel_half': 8.06363453167874}. Best is trial 335 with value: -0.6233152110406992.
[I 2026-07-24 02:13:17,579] Trial 965 finished with value: 0.5736934070035556 and parameters: {'k1': 0.0005922647099118425, 'D_low': 278.4322242192146, 'k2': 1.2278745396693142e-05, 'D_high': 33839.46898780427, 'fire_exp': 1.8137065529035707, 'P_half': 17.102503999698154, 'pre_dampen_half': 6.205086848977527, 'gpp_af': 0.3298412897667669, 'gpp_b': 0.0003594139126603597, 'gpp_d': 0.11852212513669753, 'ign_k': 0.005408312003099986, 'ign_c': 0.9507192018519293, 'trop_agb_crit': 4.8021039068709, 'trop_k_veg': 1.2402057653164225, 'gdp_gamma': 1.193176380372138, 'fuel_k': 0.218978848854023, 'fuel_half': 10.599810005699895}. Best is trial 335 with value: -0.6233152110406992.
[I 2026-07-24 02:13:18,035] Trial 966 finished with value: 0.6445374145881376 and parameters: {'k1': 5.063714871633465e-05, 'D_low': 5.310914091887897, 'k2': 0.0008571496039826224, 'D_high': 1340110.1475536078, 'fire_exp': 6.806032062771701, 'P_half': 253.2818141745688, 'pre_dampen_half': 32.35852757138251, 'gpp_af': 0.012874205708999949, 'gpp_b': 8.647429037729714e-05, 'gpp_d': 49.10044420553234, 'ign_k': 4.344126750587453, 'ign_c': 58.57702625958635, 'trop_agb_crit': 10.664909628209733, 'trop_k_veg': 0.5116239688587157, 'gdp_gamma': 0.00127961679557823, 'fuel_k': 3.9158789040141766, 'fuel_half': 0.36120295841499794}. Best is trial 335 with value: -0.6233152110406992.
[I 2026-07-24 02:13:18,488] Trial 967 finished with value: -0.6062465464629962 and parameters: {'k1': 3.4305076076426975e-05, 'D_low': 15.36454535773066, 'k2': 0.003361588028696427, 'D_high': 3022505.783353211, 'fire_exp': 1.5112751979839243, 'P_half': 5.077987138301475, 'pre_dampen_half': 1.1243215032881635, 'gpp_af': 0.002127034037389231, 'gpp_b': 1.975483931049969e-05, 'gpp_d': 1.9406200943367273, 'ign_k': 0.0032130136017868302, 'ign_c': 0.33746195622865993, 'trop_agb_crit': 1.7863848310089063, 'trop_k_veg': 1.144045397746684, 'gdp_gamma': 1.9565925551027252, 'fuel_k': 0.037552065887847964, 'fuel_half': 2.382137144132249}. Best is trial 335 with value: -0.6233152110406992.
[I 2026-07-24 02:13:18,954] Trial 968 finished with value: 0.4596709632079371 and parameters: {'k1': 0.0002622357475786059, 'D_low': 7.557877794413189, 'k2': 0.012777909659706656, 'D_high': 1071918.649598937, 'fire_exp': 1.3360022694580815, 'P_half': 33.72716866257492, 'pre_dampen_half': 0.15406974334955617, 'gpp_af': 0.005585770676784823, 'gpp_b': 3.89998470509386e-05, 'gpp_d': 0.8702547621569084, 'ign_k': 0.0021514698811034893, 'ign_c': 0.3209331137722332, 'trop_agb_crit': 1.9175990634706874, 'trop_k_veg': 1.3035473820258099, 'gdp_gamma': 0.5162016120373633, 'fuel_k': 0.028521465357318854, 'fuel_half': 5.364290843945161}. Best is trial 335 with value: -0.6233152110406992.
[I 2026-07-24 02:13:19,411] Trial 969 finished with value: 0.6228721958682579 and parameters: {'k1': 8.898361954044015e-05, 'D_low': 2.6885857969448983, 'k2': 0.008066133985435526, 'D_high': 1558936.6809706036, 'fire_exp': 3.7541374177195244, 'P_half': 2.3058150034256375, 'pre_dampen_half': 83.30627030082145, 'gpp_af': 0.0024478208196800906, 'gpp_b': 0.016027332916915726, 'gpp_d': 11.21738405338755, 'ign_k': 0.009784166478738667, 'ign_c': 0.44547961906529576, 'trop_agb_crit': 4.462692814134346, 'trop_k_veg': 1.203514940976, 'gdp_gamma': 1.9279935999272393, 'fuel_k': 0.012173447893621143, 'fuel_half': 3.303403231879315}. Best is trial 335 with value: -0.6233152110406992.
[I 2026-07-24 02:13:19,865] Trial 970 finished with value: 0.4475803632269305 and parameters: {'k1': 0.0012722067463731184, 'D_low': 251.33870720533895, 'k2': 0.06401847044185184, 'D_high': 2979398.5616428414, 'fire_exp': 1.816192470293164, 'P_half': 8.79938449682759, 'pre_dampen_half': 114.90420486733466, 'gpp_af': 10.51831282886036, 'gpp_b': 0.0001893001789703004, 'gpp_d': 950.1473300530431, 'ign_k': 0.0011084126520939921, 'ign_c': 13.529487701364523, 'trop_agb_crit': 14.100138581824694, 'trop_k_veg': 1.842408553599509, 'gdp_gamma': 0.09547063942799482, 'fuel_k': 0.06032694191553401, 'fuel_half': 62.093425381815635}. Best is trial 335 with value: -0.6233152110406992.
[I 2026-07-24 02:13:20,321] Trial 971 finished with value: 0.5535934259222397 and parameters: {'k1': 0.0015151488110133093, 'D_low': 1.17961853608303, 'k2': 0.0002731652855387562, 'D_high': 346059.8860202349, 'fire_exp': 2.5905750410895116, 'P_half': 17.77747379068466, 'pre_dampen_half': 16.621166949399978, 'gpp_af': 0.001461282966982602, 'gpp_b': 0.0007760149128847539, 'gpp_d': 0.1765351994864448, 'ign_k': 0.0033523361961303824, 'ign_c': 0.12512152310528388, 'trop_agb_crit': 1.4546597423271221, 'trop_k_veg': 1.137989119208323, 'gdp_gamma': 0.9019273712749203, 'fuel_k': 0.07237017677686051, 'fuel_half': 8.344891491829381}. Best is trial 335 with value: -0.6233152110406992.
[I 2026-07-24 02:13:20,781] Trial 972 finished with value: 0.38932834853306253 and parameters: {'k1': 1.2548173877385071e-05, 'D_low': 9.672989995309907, 'k2': 0.02583875891258694, 'D_high': 706049.6799931246, 'fire_exp': 1.2212751921206575, 'P_half': 4.965633545347322, 'pre_dampen_half': 1.6630839400180895, 'gpp_af': 0.0026038858568593077, 'gpp_b': 2.0705460120033355e-05, 'gpp_d': 3.576704666671488, 'ign_k': 0.006930004720588051, 'ign_c': 0.10184470308899937, 'trop_agb_crit': 1.4853594150577571, 'trop_k_veg': 1.3832381791766815, 'gdp_gamma': 0.8553484933154251, 'fuel_k': 0.15164546142490046, 'fuel_half': 15.141338287173483}. Best is trial 335 with value: -0.6233152110406992.
[I 2026-07-24 02:13:21,237] Trial 973 finished with value: 0.5638462030566995 and parameters: {'k1': 0.0006457611467674771, 'D_low': 1513.1471036263497, 'k2': 0.0016514475133113846, 'D_high': 3921481.0051613734, 'fire_exp': 1.9075874590670086, 'P_half': 3.3478860907636077, 'pre_dampen_half': 0.02354496873186152, 'gpp_af': 0.009204244406670973, 'gpp_b': 0.0001492102794997811, 'gpp_d': 8.161981652867404, 'ign_k': 0.0014399319317596642, 'ign_c': 4.494213781213827, 'trop_agb_crit': 1.3215813339144367, 'trop_k_veg': 1.4352010592699778, 'gdp_gamma': 0.36396240809438063, 'fuel_k': 0.015337261081550965, 'fuel_half': 3.2968246979112963}. Best is trial 335 with value: -0.6233152110406992.
[I 2026-07-24 02:13:21,694] Trial 974 finished with value: 0.44518313576224977 and parameters: {'k1': 0.0009767287640307324, 'D_low': 1.9339460300355105, 'k2': 0.0023803517786165195, 'D_high': 1675800.5381277362, 'fire_exp': 2.6316311356002657, 'P_half': 7.6688996564732, 'pre_dampen_half': 9.573518380584074, 'gpp_af': 0.3012365404959286, 'gpp_b': 5.227106452175959e-05, 'gpp_d': 1.5534599551394093, 'ign_k': 0.016543674391160043, 'ign_c': 1.061655819025671, 'trop_agb_crit': 2.619260777702762, 'trop_k_veg': 0.8863649734949499, 'gdp_gamma': 1.917938111771346, 'fuel_k': 0.020962336285120998, 'fuel_half': 83.10960366800698}. Best is trial 335 with value: -0.6233152110406992.
[I 2026-07-24 02:13:22,156] Trial 975 finished with value: 0.504618787062783 and parameters: {'k1': 1.4987941763716354e-05, 'D_low': 341.81019197926616, 'k2': 0.0007921585429633977, 'D_high': 443635.74011664704, 'fire_exp': 2.2018821250542597, 'P_half': 41.091286727207326, 'pre_dampen_half': 3.008308423552486, 'gpp_af': 0.003475798785207926, 'gpp_b': 2.8835979965496674e-05, 'gpp_d': 0.052274902510236206, 'ign_k': 0.0020156475555249092, 'ign_c': 0.5870293724329302, 'trop_agb_crit': 2.8982097972166914, 'trop_k_veg': 0.9763343351470017, 'gdp_gamma': 1.5206790829049588, 'fuel_k': 0.05996465700669059, 'fuel_half': 0.5481670818780839}. Best is trial 335 with value: -0.6233152110406992.
[I 2026-07-24 02:13:22,614] Trial 976 finished with value: 0.48139815921230555 and parameters: {'k1': 4.811684682102139e-05, 'D_low': 1.5357783472639046, 'k2': 0.0002650904073865391, 'D_high': 784023.4151601476, 'fire_exp': 1.472246926837123, 'P_half': 5.1173158221602755, 'pre_dampen_half': 10.971122412153328, 'gpp_af': 0.0012558673588957626, 'gpp_b': 8.090776915627118e-05, 'gpp_d': 4.251568000058352, 'ign_k': 0.0016104927342557465, 'ign_c': 0.2396282318614044, 'trop_agb_crit': 1.437592637143387, 'trop_k_veg': 1.3580000223105537, 'gdp_gamma': 0.2725593181716701, 'fuel_k': 0.011946132003272254, 'fuel_half': 2.460492954689338}. Best is trial 335 with value: -0.6233152110406992.
[I 2026-07-24 02:13:23,083] Trial 977 finished with value: 0.5849722773573349 and parameters: {'k1': 0.0006681836408942107, 'D_low': 3566.1726012056765, 'k2': 0.038433246291377746, 'D_high': 6747775.898871981, 'fire_exp': 3.6292033321784607, 'P_half': 386.9495313177843, 'pre_dampen_half': 29.931780478274685, 'gpp_af': 0.02975315500865521, 'gpp_b': 2.011323906996235e-05, 'gpp_d': 199.8603152341643, 'ign_k': 0.001983359158505658, 'ign_c': 21.617144985591867, 'trop_agb_crit': 28.782469596366155, 'trop_k_veg': 1.155810008262805, 'gdp_gamma': 0.15359791119454852, 'fuel_k': 0.07903169381457423, 'fuel_half': 48.017000384676656}. Best is trial 335 with value: -0.6233152110406992.
[I 2026-07-24 02:13:23,542] Trial 978 finished with value: 0.45598070238482424 and parameters: {'k1': 0.034182497794477365, 'D_low': 2546.8597868144457, 'k2': 0.09163859425510568, 'D_high': 9633476.60807748, 'fire_exp': 1.6048809761498106, 'P_half': 121.97352828015319, 'pre_dampen_half': 10.613173515379536, 'gpp_af': 0.010438008243167094, 'gpp_b': 2.6598059073619774e-05, 'gpp_d': 617.748930338723, 'ign_k': 0.007943702655754432, 'ign_c': 2.861114914976694, 'trop_agb_crit': 10.327533923591856, 'trop_k_veg': 2.2393102958723485, 'gdp_gamma': 1.116490717688289, 'fuel_k': 0.011704252806786464, 'fuel_half': 57.867537777644}. Best is trial 335 with value: -0.6233152110406992.
[I 2026-07-24 02:13:24,004] Trial 979 finished with value: 0.60049559456197 and parameters: {'k1': 0.0013069537427599428, 'D_low': 3204.6659440796, 'k2': 0.002649819157397178, 'D_high': 7643.775782060732, 'fire_exp': 3.2908150605697584, 'P_half': 1042.2960552452903, 'pre_dampen_half': 0.011845332202708007, 'gpp_af': 0.004939142628037942, 'gpp_b': 0.004357930189007983, 'gpp_d': 73.08254806995241, 'ign_k': 0.001978747003998279, 'ign_c': 2.3635355231183617, 'trop_agb_crit': 1.309010552861948, 'trop_k_veg': 0.6260462934113215, 'gdp_gamma': 0.008513162794491437, 'fuel_k': 0.5662833562992263, 'fuel_half': 74.27105876125776}. Best is trial 335 with value: -0.6233152110406992.
[I 2026-07-24 02:13:24,462] Trial 980 finished with value: 0.508707540113224 and parameters: {'k1': 0.00017481055191015496, 'D_low': 1.7175013496737097, 'k2': 0.004587041489923788, 'D_high': 8411767.544342868, 'fire_exp': 1.9433251752734821, 'P_half': 19.59051823134056, 'pre_dampen_half': 0.1069190641912997, 'gpp_af': 0.014338773264209133, 'gpp_b': 1.2993132529464864e-05, 'gpp_d': 0.2207996839216093, 'ign_k': 0.06125706186662721, 'ign_c': 0.29582516737747705, 'trop_agb_crit': 1.855097351970669, 'trop_k_veg': 1.7085818562474475, 'gdp_gamma': 0.14303356818110424, 'fuel_k': 0.018648019659023497, 'fuel_half': 0.3153476920186695}. Best is trial 335 with value: -0.6233152110406992.
[I 2026-07-24 02:13:24,921] Trial 981 finished with value: 0.4570354534800052 and parameters: {'k1': 0.002385937504114397, 'D_low': 186.89551139414982, 'k2': 0.009912091066889282, 'D_high': 2928434.484780364, 'fire_exp': 1.73829467195855, 'P_half': 2.925618359010303, 'pre_dampen_half': 82.65165209121557, 'gpp_af': 0.006592715036097756, 'gpp_b': 0.010671037814143082, 'gpp_d': 4.842541064748413, 'ign_k': 0.009122355627149595, 'ign_c': 16.49447681950135, 'trop_agb_crit': 22.259932036507106, 'trop_k_veg': 2.3424951056270644, 'gdp_gamma': 1.0404386818654596, 'fuel_k': 0.21436639984016834, 'fuel_half': 62.05238206582471}. Best is trial 335 with value: -0.6233152110406992.
[I 2026-07-24 02:13:25,395] Trial 982 finished with value: 0.5715127774831144 and parameters: {'k1': 0.001360237835939282, 'D_low': 5.4471444414313535, 'k2': 0.00014674595896912044, 'D_high': 8414721.336081903, 'fire_exp': 3.2350687408621175, 'P_half': 1.5032955327800084, 'pre_dampen_half': 0.5240564302022964, 'gpp_af': 0.0021194651377110076, 'gpp_b': 1.683086298446283e-05, 'gpp_d': 5.964701085427466, 'ign_k': 0.009142731319055493, 'ign_c': 0.1696554245168372, 'trop_agb_crit': 2.8191340815041532, 'trop_k_veg': 1.2378839924198084, 'gdp_gamma': 0.1467158855877731, 'fuel_k': 0.013495671874801817, 'fuel_half': 7.136450538449541}. Best is trial 335 with value: -0.6233152110406992.
[I 2026-07-24 02:13:25,854] Trial 983 finished with value: 0.525975648658813 and parameters: {'k1': 0.00828541204345631, 'D_low': 11.59478190053822, 'k2': 0.08621553050335352, 'D_high': 327199.0736891274, 'fire_exp': 1.3994295055639934, 'P_half': 3940.6414626277806, 'pre_dampen_half': 6.433785153196107, 'gpp_af': 0.5540381299873829, 'gpp_b': 0.00021837184296843654, 'gpp_d': 469.5929268699588, 'ign_k': 0.0024502512271212147, 'ign_c': 8.615872406544216, 'trop_agb_crit': 6.730965395522366, 'trop_k_veg': 0.6010490369642983, 'gdp_gamma': 1.19083714031098, 'fuel_k': 0.011225350776576834, 'fuel_half': 47.7741434484971}. Best is trial 335 with value: -0.6233152110406992.
[I 2026-07-24 02:13:26,321] Trial 984 finished with value: -0.6071142993692548 and parameters: {'k1': 1.7912485502549524e-05, 'D_low': 13.851245741778946, 'k2': 0.0024869125792119223, 'D_high': 442152.0578036772, 'fire_exp': 1.3282168677665664, 'P_half': 2.05217199211973, 'pre_dampen_half': 0.5063909728384262, 'gpp_af': 0.020462478352848017, 'gpp_b': 0.0001351639343272384, 'gpp_d': 20.795966863477705, 'ign_k': 0.047639503885142445, 'ign_c': 1.1333426486586105, 'trop_agb_crit': 3.1995171003696665, 'trop_k_veg': 0.6334588405598809, 'gdp_gamma': 1.1091750347319522, 'fuel_k': 0.024713452467123285, 'fuel_half': 0.43767110144992666}. Best is trial 335 with value: -0.6233152110406992.
[I 2026-07-24 02:13:26,780] Trial 985 finished with value: 0.43041063141324276 and parameters: {'k1': 3.9167238759783015e-05, 'D_low': 48.9485180318332, 'k2': 0.0007656301629668583, 'D_high': 2216848.3754384317, 'fire_exp': 1.2452018628079249, 'P_half': 30.57765429793612, 'pre_dampen_half': 2.614583991866471, 'gpp_af': 0.0052498191403772595, 'gpp_b': 0.00012405860253921703, 'gpp_d': 27.891452380838334, 'ign_k': 0.03488937650883671, 'ign_c': 0.6011164138994037, 'trop_agb_crit': 1.5164901974061051, 'trop_k_veg': 0.8722078600571116, 'gdp_gamma': 1.5862567195133326, 'fuel_k': 0.18565145013930687, 'fuel_half': 5.767424390122336}. Best is trial 335 with value: -0.6233152110406992.
[I 2026-07-24 02:13:27,242] Trial 986 finished with value: 0.42847394605710887 and parameters: {'k1': 2.433943680248643e-05, 'D_low': 266.9135191753328, 'k2': 0.00986789913059653, 'D_high': 6763027.845085627, 'fire_exp': 1.139675424638704, 'P_half': 3.3405452484439353, 'pre_dampen_half': 5.893665388285223, 'gpp_af': 0.0271643342072029, 'gpp_b': 4.02631828653591e-05, 'gpp_d': 22.108608709931808, 'ign_k': 0.003182701702792886, 'ign_c': 0.2984754046529191, 'trop_agb_crit': 1.6898957198850384, 'trop_k_veg': 0.6052385515938477, 'gdp_gamma': 0.24856643529754338, 'fuel_k': 0.19737885446562495, 'fuel_half': 0.4281908422919777}. Best is trial 335 with value: -0.6233152110406992.
[I 2026-07-24 02:13:27,704] Trial 987 finished with value: 0.5767799059647963 and parameters: {'k1': 1.5944517091828793e-05, 'D_low': 18.440470862135584, 'k2': 0.0009262371936685198, 'D_high': 1350466.9260130504, 'fire_exp': 2.031448920819485, 'P_half': 2.383470640089926, 'pre_dampen_half': 0.02638318484601577, 'gpp_af': 0.0234079834280988, 'gpp_b': 0.0010291745193857294, 'gpp_d': 75.41108257597331, 'ign_k': 0.007029966623835268, 'ign_c': 0.5796660695729239, 'trop_agb_crit': 3.300379452796271, 'trop_k_veg': 1.280195350585288, 'gdp_gamma': 0.07367595753773457, 'fuel_k': 0.03147752790376426, 'fuel_half': 1.7261911980628635}. Best is trial 335 with value: -0.6233152110406992.
[I 2026-07-24 02:13:28,167] Trial 988 finished with value: 0.44019300483394574 and parameters: {'k1': 0.00011589257568501888, 'D_low': 462.54741203409236, 'k2': 0.03047310797174085, 'D_high': 1875643.63088086, 'fire_exp': 1.4551985713363034, 'P_half': 2.4097169224966186, 'pre_dampen_half': 0.22103661716872214, 'gpp_af': 0.0011050012466654754, 'gpp_b': 1.9121263767300026e-05, 'gpp_d': 2.513420279923472, 'ign_k': 0.0010154565198209294, 'ign_c': 0.295381715511114, 'trop_agb_crit': 1.7005120823423236, 'trop_k_veg': 1.049278509961693, 'gdp_gamma': 0.7591405676343901, 'fuel_k': 0.07292116856224351, 'fuel_half': 1.8542895331378058}. Best is trial 335 with value: -0.6233152110406992.
[I 2026-07-24 02:13:28,620] Trial 989 finished with value: 0.5438538619221422 and parameters: {'k1': 7.058942095473839e-05, 'D_low': 25.738964766066292, 'k2': 0.002621247723894535, 'D_high': 94662.86460947666, 'fire_exp': 1.1963061017206995, 'P_half': 1.200419404033009, 'pre_dampen_half': 7.950091041211115, 'gpp_af': 0.015088820642849304, 'gpp_b': 0.008091936632808891, 'gpp_d': 0.23110244835970373, 'ign_k': 0.0012413521380065001, 'ign_c': 108.33988768981882, 'trop_agb_crit': 10.698180109173057, 'trop_k_veg': 1.426442246942262, 'gdp_gamma': 0.1287715317650084, 'fuel_k': 0.07015565224999702, 'fuel_half': 71.75084290176538}. Best is trial 335 with value: -0.6233152110406992.
[I 2026-07-24 02:13:29,109] Trial 990 finished with value: 0.5216675582635354 and parameters: {'k1': 0.00018179375755147836, 'D_low': 553.9168460779144, 'k2': 0.005805959188677987, 'D_high': 26683.488319360684, 'fire_exp': 1.0426902248709065, 'P_half': 2.232675982129939, 'pre_dampen_half': 0.05171336524367692, 'gpp_af': 0.08152869746001598, 'gpp_b': 0.00012976499334295364, 'gpp_d': 1.3126836724909103, 'ign_k': 0.106781294422945, 'ign_c': 1.3726514303674293, 'trop_agb_crit': 5.176474921014267, 'trop_k_veg': 0.5413803940143113, 'gdp_gamma': 0.3818475567409033, 'fuel_k': 0.051267219870739636, 'fuel_half': 0.3200375681388932}. Best is trial 335 with value: -0.6233152110406992.
[I 2026-07-24 02:13:29,600] Trial 991 finished with value: 0.5815452298618304 and parameters: {'k1': 0.0009279467497243805, 'D_low': 2.8146465535185516, 'k2': 0.0003509836787017951, 'D_high': 564373.9404716262, 'fire_exp': 1.427925031270487, 'P_half': 3.4773499184084833, 'pre_dampen_half': 0.4170069359386037, 'gpp_af': 0.0015250419389784874, 'gpp_b': 0.0022049612032327705, 'gpp_d': 30.90640230051443, 'ign_k': 0.0015391894185313676, 'ign_c': 36.67847375866281, 'trop_agb_crit': 1.2676373514319292, 'trop_k_veg': 2.339790545456631, 'gdp_gamma': 0.14167315725240517, 'fuel_k': 0.020480335248868286, 'fuel_half': 15.228034192758718}. Best is trial 335 with value: -0.6233152110406992.
