[I 2026-06-11 01:30:58,595] Trial 566 finished with values: [10.378329877506879, 10.378329877506879] and parameters: {'k1': 9.132348475718357e-05, 'D_low': 1.7551403048208316, 'k2': 0.0001280886335404798, 'D_high': 32311.521854410956, 'fire_exp': 1.353841071397002, 'P_half': 12.262543158860007, 'pre_dampen_half': 121.93011993958949, 'gpp_af': 0.07118041471054574, 'gpp_b': 0.006999112505425414, 'gpp_d': 0.47379914349407487, 'ign_k': 0.002357279455676982, 'ign_c': 7.081721844034206, 'trop_agb_crit': 1.8023542850487386, 'trop_k_veg': 0.5535297685306277, 'fire_amp': 2.042193818779288}.
[I 2026-06-11 01:30:59,923] Trial 567 finished with values: [10.187249039853617, 10.187249039853617] and parameters: {'k1': 5.7909642338812115e-05, 'D_low': 2267.735223551285, 'k2': 0.0007731571570012607, 'D_high': 32311.521854410956, 'fire_exp': 1.811096651915224, 'P_half': 5.4712187293420325, 'pre_dampen_half': 121.93011993958949, 'gpp_af': 0.9219336658511308, 'gpp_b': 0.00031478066835753096, 'gpp_d': 304.7488318185732, 'ign_k': 0.002357279455676982, 'ign_c': 7.081721844034206, 'trop_agb_crit': 12.708819454040446, 'trop_k_veg': 5.453348988480011, 'fire_amp': 1.5719333351012774}.
[I 2026-06-11 01:31:01,381] Trial 568 finished with values: [14.783463346366919, 14.783463346366919] and parameters: {'k1': 9.132348475718357e-05, 'D_low': 427.93836042014675, 'k2': 0.019383858782150494, 'D_high': 99461.47674311613, 'fire_exp': 1.811096651915224, 'P_half': 3.591771421517613, 'pre_dampen_half': 123.04779330083686, 'gpp_af': 20.12115544906385, 'gpp_b': 0.001674375583895437, 'gpp_d': 304.7488318185732, 'ign_k': 0.0032383308053152635, 'ign_c': 7.081721844034206, 'trop_agb_crit': 2.100813292597435, 'trop_k_veg': 6.963655030926962, 'fire_amp': 5.416595007374148}.
[I 2026-06-11 01:31:02,911] Trial 569 finished with values: [13.262245607892076, 13.262245607892076] and parameters: {'k1': 0.08006837661379566, 'D_low': 1.7551403048208316, 'k2': 0.0001280886335404798, 'D_high': 32311.521854410956, 'fire_exp': 1.811096651915224, 'P_half': 3.591771421517613, 'pre_dampen_half': 121.93011993958949, 'gpp_af': 6.384685545228285, 'gpp_b': 0.001674375583895437, 'gpp_d': 1.4397852866783676, 'ign_k': 0.002357279455676982, 'ign_c': 7.081721844034206, 'trop_agb_crit': 12.9667438075127, 'trop_k_veg': 0.5535297685306277, 'fire_amp': 2.7806853670293616}.
[I 2026-06-11 01:31:04,363] Trial 570 finished with values: [10.769230768838547, 10.769230768838547] and parameters: {'k1': 0.00023134781612225627, 'D_low': 1.3376564232104105, 'k2': 0.0001280886335404798, 'D_high': 15.590073239763052, 'fire_exp': 9.487989255711895, 'P_half': 7.914423612155368, 'pre_dampen_half': 903.3231300044874, 'gpp_af': 0.004409093791567215, 'gpp_b': 0.002416023630607169, 'gpp_d': 0.47379914349407487, 'ign_k': 0.042425976091860974, 'ign_c': 7.081721844034206, 'trop_agb_crit': 12.708819454040446, 'trop_k_veg': 0.7808079158649266, 'fire_amp': 1.4475279918261055}.
[I 2026-06-11 01:31:05,939] Trial 571 finished with values: [10.720810906712458, 10.720810906712458] and parameters: {'k1': 0.0869690639641868, 'D_low': 148.21691630007544, 'k2': 2.091507303847255e-05, 'D_high': 1817.0401889219124, 'fire_exp': 1.5191397119156032, 'P_half': 3040.9816628297017, 'pre_dampen_half': 9.044346216330972, 'gpp_af': 8.164459147354295, 'gpp_b': 2.1309331861011757e-05, 'gpp_d': 6.84039695411256, 'ign_k': 0.004105873950290761, 'ign_c': 1.9423015749984096, 'trop_agb_crit': 5.588032458772675, 'trop_k_veg': 5.636143940068465, 'fire_amp': 5.44779717154213}.
[I 2026-06-11 01:31:07,278] Trial 572 finished with values: [10.55483223374574, 10.55483223374574] and parameters: {'k1': 0.008990768948930035, 'D_low': 236.79352040223893, 'k2': 0.0002442377596403892, 'D_high': 20103.283734409175, 'fire_exp': 1.5191397119156032, 'P_half': 3.591771421517613, 'pre_dampen_half': 9.044346216330972, 'gpp_af': 0.005061568304359487, 'gpp_b': 0.004411400434514031, 'gpp_d': 0.47379914349407487, 'ign_k': 0.004105873950290761, 'ign_c': 7.081721844034206, 'trop_agb_crit': 2.1989086830950257, 'trop_k_veg': 2.724170387400844, 'fire_amp': 5.44779717154213}.
[I 2026-06-11 01:31:08,674] Trial 573 finished with values: [10.516352923358024, 10.516352923358024] and parameters: {'k1': 9.132348475718357e-05, 'D_low': 3266.346436894069, 'k2': 0.019383858782150494, 'D_high': 32311.521854410956, 'fire_exp': 1.2060040899560858, 'P_half': 3.591771421517613, 'pre_dampen_half': 121.93011993958949, 'gpp_af': 2.5017068255320485, 'gpp_b': 0.00265975681233728, 'gpp_d': 0.4316838564848064, 'ign_k': 0.46813761934505577, 'ign_c': 7.081721844034206, 'trop_agb_crit': 15.605813459825825, 'trop_k_veg': 6.963655030926962, 'fire_amp': 2.7806853670293616}.
[I 2026-06-11 01:31:10,211] Trial 574 finished with values: [-0.4659184217565783, 0.1191088869869501] and parameters: {'k1': 0.0002418422795847161, 'D_low': 2267.735223551285, 'k2': 0.0007731571570012607, 'D_high': 6682.9607218310075, 'fire_exp': 1.1633452995374232, 'P_half': 3.591771421517613, 'pre_dampen_half': 4.847666216751353, 'gpp_af': 2.5017068255320485, 'gpp_b': 0.001674375583895437, 'gpp_d': 364.60005353173506, 'ign_k': 0.0032383308053152635, 'ign_c': 1.364908766641693, 'trop_agb_crit': 3.108985631683375, 'trop_k_veg': 5.453348988480011, 'fire_amp': 2.7806853670293616}.
[I 2026-06-11 01:31:11,788] Trial 575 finished with values: [10.769221183250448, 10.769221183250448] and parameters: {'k1': 0.0001599021369655865, 'D_low': 236.79352040223893, 'k2': 0.019383858782150494, 'D_high': 1817.0401889219124, 'fire_exp': 5.784757193037464, 'P_half': 1.4551749476072258, 'pre_dampen_half': 8.259599205585761, 'gpp_af': 0.005061568304359487, 'gpp_b': 5.0875243087016374e-05, 'gpp_d': 0.7698760608299932, 'ign_k': 1.5532973289514227, 'ign_c': 22.126836566118193, 'trop_agb_crit': 1.8023542850487386, 'trop_k_veg': 1.6648666152166967, 'fire_amp': 2.7806853670293616}.
[I 2026-06-11 01:31:13,323] Trial 576 finished with values: [-0.5019047667306236, 0.14493510669455467] and parameters: {'k1': 0.0005525012427854533, 'D_low': 1.3376564232104105, 'k2': 0.0001280886335404798, 'D_high': 32311.521854410956, 'fire_exp': 1.7505406131449859, 'P_half': 5.4712187293420325, 'pre_dampen_half': 189.88136301569827, 'gpp_af': 1.8730788990929563, 'gpp_b': 0.0004360709560327289, 'gpp_d': 0.1619054449471649, 'ign_k': 0.002357279455676982, 'ign_c': 186.78279278246248, 'trop_agb_crit': 12.708819454040446, 'trop_k_veg': 0.5535297685306277, 'fire_amp': 2.042193818779288}.
[I 2026-06-11 01:31:14,722] Trial 577 finished with values: [10.973985811183685, 10.973985811183685] and parameters: {'k1': 5.178197947282869e-05, 'D_low': 2267.735223551285, 'k2': 0.0007731571570012607, 'D_high': 32311.521854410956, 'fire_exp': 1.4690410989404576, 'P_half': 7.914423612155368, 'pre_dampen_half': 121.93011993958949, 'gpp_af': 0.005061568304359487, 'gpp_b': 0.00031478066835753096, 'gpp_d': 0.0399066504395798, 'ign_k': 0.00660597889201953, 'ign_c': 1.4879588507789996, 'trop_agb_crit': 2.1989086830950257, 'trop_k_veg': 5.453348988480011, 'fire_amp': 3.1045399027418377}.
[I 2026-06-11 01:31:16,037] Trial 578 finished with values: [10.446552004470892, 10.446552004470892] and parameters: {'k1': 0.0869690639641868, 'D_low': 2267.735223551285, 'k2': 0.0015064557931192917, 'D_high': 48235.58283024493, 'fire_exp': 1.1633452995374232, 'P_half': 51.10120656497163, 'pre_dampen_half': 9.044346216330972, 'gpp_af': 0.5970408652384318, 'gpp_b': 2.1309331861011757e-05, 'gpp_d': 0.4742269251269962, 'ign_k': 0.17320535908244444, 'ign_c': 22.126836566118193, 'trop_agb_crit': 3.108985631683375, 'trop_k_veg': 5.453348988480011, 'fire_amp': 5.44779717154213}.
[I 2026-06-11 01:31:17,532] Trial 579 finished with values: [14.145280480679915, 14.145280480679915] and parameters: {'k1': 5.178197947282869e-05, 'D_low': 408.3047491580097, 'k2': 0.0002442377596403892, 'D_high': 8912.611835817017, 'fire_exp': 1.4690410989404576, 'P_half': 7.914423612155368, 'pre_dampen_half': 903.3231300044874, 'gpp_af': 0.005061568304359487, 'gpp_b': 1.0828092646426677e-05, 'gpp_d': 1.0088237648985734, 'ign_k': 0.00660597889201953, 'ign_c': 14.709699119495124, 'trop_agb_crit': 2.1989086830950257, 'trop_k_veg': 5.453348988480011, 'fire_amp': 3.1045399027418377}.
[I 2026-06-11 01:31:19,054] Trial 580 finished with values: [10.098553204065455, 10.098553204065455] and parameters: {'k1': 0.00023134781612225627, 'D_low': 2186.356344942016, 'k2': 0.0007731571570012607, 'D_high': 1266.9536563782303, 'fire_exp': 1.2918065501148304, 'P_half': 5.4712187293420325, 'pre_dampen_half': 28.01075698398644, 'gpp_af': 21.635028947225102, 'gpp_b': 0.0008861657881839811, 'gpp_d': 7.631016235941559, 'ign_k': 0.00660597889201953, 'ign_c': 0.4177928311636542, 'trop_agb_crit': 3.108985631683375, 'trop_k_veg': 5.453348988480011, 'fire_amp': 1.5719333351012774}.
[I 2026-06-11 01:31:20,425] Trial 581 finished with values: [10.368603174850783, 10.368603174850783] and parameters: {'k1': 0.0002418422795847161, 'D_low': 408.3047491580097, 'k2': 0.0007731571570012607, 'D_high': 292.31166016118357, 'fire_exp': 1.2060040899560858, 'P_half': 3.591771421517613, 'pre_dampen_half': 4.847666216751353, 'gpp_af': 0.9219336658511308, 'gpp_b': 0.00031478066835753096, 'gpp_d': 1.4397852866783676, 'ign_k': 0.0029519227433917453, 'ign_c': 7.081721844034206, 'trop_agb_crit': 12.9667438075127, 'trop_k_veg': 1.4997174988262807, 'fire_amp': 2.7806853670293616}.
[I 2026-06-11 01:31:21,773] Trial 582 finished with values: [10.671620011253355, 10.671620011253355] and parameters: {'k1': 0.0004846497679219079, 'D_low': 408.3047491580097, 'k2': 0.0002442377596403892, 'D_high': 20103.283734409175, 'fire_exp': 1.2918065501148304, 'P_half': 45.55085098454082, 'pre_dampen_half': 903.3231300044874, 'gpp_af': 0.005061568304359487, 'gpp_b': 0.004411400434514031, 'gpp_d': 0.7698760608299932, 'ign_k': 0.00660597889201953, 'ign_c': 7.081721844034206, 'trop_agb_crit': 2.1989086830950257, 'trop_k_veg': 5.453348988480011, 'fire_amp': 3.1045399027418377}.
[I 2026-06-11 01:31:23,114] Trial 583 finished with values: [11.306384573029835, 11.306384573029835] and parameters: {'k1': 0.08006837661379566, 'D_low': 236.79352040223893, 'k2': 0.006051580666890612, 'D_high': 48235.58283024493, 'fire_exp': 1.2060040899560858, 'P_half': 5.4712187293420325, 'pre_dampen_half': 9.044346216330972, 'gpp_af': 0.41874665092828456, 'gpp_b': 2.1309331861011757e-05, 'gpp_d': 1.4397852866783676, 'ign_k': 0.035828811741825076, 'ign_c': 1.4879588507789996, 'trop_agb_crit': 12.9667438075127, 'trop_k_veg': 0.828441460847982, 'fire_amp': 2.7806853670293616}.
[I 2026-06-11 01:31:24,601] Trial 584 finished with values: [10.36203042987058, 10.36203042987058] and parameters: {'k1': 0.0869690639641868, 'D_low': 148.21691630007544, 'k2': 0.006802810205786726, 'D_high': 623.411042225738, 'fire_exp': 1.5191397119156032, 'P_half': 1.4551749476072258, 'pre_dampen_half': 8.259599205585761, 'gpp_af': 0.10098504976210308, 'gpp_b': 5.0875243087016374e-05, 'gpp_d': 0.7698760608299932, 'ign_k': 0.037151317999473285, 'ign_c': 0.8916132699546893, 'trop_agb_crit': 5.588032458772675, 'trop_k_veg': 2.724170387400844, 'fire_amp': 2.7806853670293616}.
[I 2026-06-11 01:31:26,109] Trial 585 finished with values: [10.762644732373603, 10.762644732373603] and parameters: {'k1': 0.00026539376439360527, 'D_low': 1.7551403048208316, 'k2': 2.091507303847255e-05, 'D_high': 32311.521854410956, 'fire_exp': 1.5191397119156032, 'P_half': 12.262543158860007, 'pre_dampen_half': 0.7349519696695505, 'gpp_af': 0.5970408652384318, 'gpp_b': 0.006999112505425414, 'gpp_d': 0.13688256550323696, 'ign_k': 0.002357279455676982, 'ign_c': 0.5232779509048977, 'trop_agb_crit': 5.588032458772675, 'trop_k_veg': 0.9660523662864217, 'fire_amp': 2.042193818779288}.
[I 2026-06-11 01:31:27,848] Trial 586 finished with values: [10.241045150610564, 10.241045150610564] and parameters: {'k1': 0.0869690639641868, 'D_low': 148.21691630007544, 'k2': 0.002090955698118952, 'D_high': 6682.9607218310075, 'fire_exp': 1.2918065501148304, 'P_half': 157.80309954142965, 'pre_dampen_half': 9.044346216330972, 'gpp_af': 0.10098504976210308, 'gpp_b': 2.1309331861011757e-05, 'gpp_d': 1.0088237648985734, 'ign_k': 0.00660597889201953, 'ign_c': 0.19623826481168347, 'trop_agb_crit': 2.100813292597435, 'trop_k_veg': 6.963655030926962, 'fire_amp': 2.6192385880432525}.
[I 2026-06-11 01:31:29,248] Trial 587 finished with values: [12.068582998275984, 12.068582998275984] and parameters: {'k1': 9.132348475718357e-05, 'D_low': 1.7551403048208316, 'k2': 0.019383858782150494, 'D_high': 6682.9607218310075, 'fire_exp': 1.4690410989404576, 'P_half': 3.591771421517613, 'pre_dampen_half': 220.35141300841897, 'gpp_af': 0.005061568304359487, 'gpp_b': 0.00031478066835753096, 'gpp_d': 364.60005353173506, 'ign_k': 0.0032383308053152635, 'ign_c': 16.497426799845446, 'trop_agb_crit': 3.108985631683375, 'trop_k_veg': 5.453348988480011, 'fire_amp': 3.1045399027418377}.
[I 2026-06-11 01:31:30,570] Trial 588 finished with values: [10.768163754288226, 10.768163754288226] and parameters: {'k1': 5.7909642338812115e-05, 'D_low': 408.3047491580097, 'k2': 0.0007731571570012607, 'D_high': 8912.611835817017, 'fire_exp': 4.0128099657681755, 'P_half': 3.591771421517613, 'pre_dampen_half': 4.847666216751353, 'gpp_af': 2.5017068255320485, 'gpp_b': 0.001674375583895437, 'gpp_d': 364.60005353173506, 'ign_k': 0.0032383308053152635, 'ign_c': 0.4177928311636542, 'trop_agb_crit': 3.108985631683375, 'trop_k_veg': 5.453348988480011, 'fire_amp': 2.6192385880432525}.
[I 2026-06-11 01:31:32,059] Trial 589 finished with values: [-0.5039207976371904, 0.1967454700267839] and parameters: {'k1': 9.132348475718357e-05, 'D_low': 470.815979325019, 'k2': 0.0002442377596403892, 'D_high': 8912.611835817017, 'fire_exp': 1.4690410989404576, 'P_half': 5.4712187293420325, 'pre_dampen_half': 903.3231300044874, 'gpp_af': 0.005061568304359487, 'gpp_b': 0.00031478066835753096, 'gpp_d': 1.0088237648985734, 'ign_k': 0.0032383308053152635, 'ign_c': 342.8810943862522, 'trop_agb_crit': 2.1989086830950257, 'trop_k_veg': 5.453348988480011, 'fire_amp': 3.1045399027418377}.
[I 2026-06-11 01:31:33,665] Trial 590 finished with values: [10.623904404189714, 10.623904404189714] and parameters: {'k1': 0.00023134781612225627, 'D_low': 236.79352040223893, 'k2': 0.0001280886335404798, 'D_high': 6682.9607218310075, 'fire_exp': 1.5191397119156032, 'P_half': 157.80309954142965, 'pre_dampen_half': 9.044346216330972, 'gpp_af': 6.384685545228285, 'gpp_b': 2.1309331861011757e-05, 'gpp_d': 0.1619054449471649, 'ign_k': 0.004105873950290761, 'ign_c': 7.081721844034206, 'trop_agb_crit': 2.100813292597435, 'trop_k_veg': 0.5535297685306277, 'fire_amp': 1.5719333351012774}.
[I 2026-06-11 01:31:35,260] Trial 591 finished with values: [11.084481193692858, 11.084481193692858] and parameters: {'k1': 0.00026539376439360527, 'D_low': 1.7551403048208316, 'k2': 0.0001280886335404798, 'D_high': 32311.521854410956, 'fire_exp': 1.1633452995374232, 'P_half': 3.591771421517613, 'pre_dampen_half': 121.93011993958949, 'gpp_af': 1.2515601598062582, 'gpp_b': 0.001674375583895437, 'gpp_d': 0.030844007727232167, 'ign_k': 0.002357279455676982, 'ign_c': 7.081721844034206, 'trop_agb_crit': 3.108985631683375, 'trop_k_veg': 5.453348988480011, 'fire_amp': 2.7806853670293616}.
[I 2026-06-11 01:31:36,589] Trial 592 finished with values: [10.124668494167194, 10.124668494167194] and parameters: {'k1': 0.0001599021369655865, 'D_low': 236.79352040223893, 'k2': 0.006802810205786726, 'D_high': 714.4571308652828, 'fire_exp': 1.111738490499784, 'P_half': 1.4551749476072258, 'pre_dampen_half': 8.259599205585761, 'gpp_af': 0.005061568304359487, 'gpp_b': 5.0875243087016374e-05, 'gpp_d': 0.7923715993309053, 'ign_k': 0.037151317999473285, 'ign_c': 22.126836566118193, 'trop_agb_crit': 1.8023542850487386, 'trop_k_veg': 6.030247256556128, 'fire_amp': 2.7806853670293616}.
[I 2026-06-11 01:31:37,939] Trial 593 finished with values: [-0.5588294796333522, 0.10773917035977665] and parameters: {'k1': 0.0869690639641868, 'D_low': 148.21691630007544, 'k2': 0.0001870742013766025, 'D_high': 1817.0401889219124, 'fire_exp': 1.5191397119156032, 'P_half': 51.10120656497163, 'pre_dampen_half': 9.044346216330972, 'gpp_af': 0.5970408652384318, 'gpp_b': 2.1309331861011757e-05, 'gpp_d': 0.4742269251269962, 'ign_k': 0.002357279455676982, 'ign_c': 22.126836566118193, 'trop_agb_crit': 5.588032458772675, 'trop_k_veg': 2.8926781829782864, 'fire_amp': 5.44779717154213}.
[I 2026-06-11 01:31:39,274] Trial 594 finished with values: [11.46380627704594, 11.46380627704594] and parameters: {'k1': 9.132348475718357e-05, 'D_low': 2186.356344942016, 'k2': 0.02065142557895925, 'D_high': 20103.283734409175, 'fire_exp': 1.2060040899560858, 'P_half': 2.226799690893868, 'pre_dampen_half': 121.93011993958949, 'gpp_af': 0.060029341913968644, 'gpp_b': 5.0875243087016374e-05, 'gpp_d': 0.47379914349407487, 'ign_k': 0.9419612235978201, 'ign_c': 7.081721844034206, 'trop_agb_crit': 12.9667438075127, 'trop_k_veg': 0.7808079158649266, 'fire_amp': 1.4475279918261055}.
[I 2026-06-11 01:31:40,706] Trial 595 finished with values: [10.180386696550007, 10.180386696550007] and parameters: {'k1': 0.0869690639641868, 'D_low': 148.21691630007544, 'k2': 0.0001280886335404798, 'D_high': 20103.283734409175, 'fire_exp': 1.811096651915224, 'P_half': 3.591771421517613, 'pre_dampen_half': 9.044346216330972, 'gpp_af': 0.10098504976210308, 'gpp_b': 2.1309331861011757e-05, 'gpp_d': 0.4742269251269962, 'ign_k': 0.004105873950290761, 'ign_c': 22.126836566118193, 'trop_agb_crit': 1.8023542850487386, 'trop_k_veg': 2.724170387400844, 'fire_amp': 5.44779717154213}.
[I 2026-06-11 01:31:42,357] Trial 596 finished with values: [10.011077424742162, 10.011077424742162] and parameters: {'k1': 9.132348475718357e-05, 'D_low': 1.7551403048208316, 'k2': 0.0001280886335404798, 'D_high': 32311.521854410956, 'fire_exp': 1.811096651915224, 'P_half': 12.262543158860007, 'pre_dampen_half': 121.93011993958949, 'gpp_af': 1.8730788990929563, 'gpp_b': 0.0004360709560327289, 'gpp_d': 0.1619054449471649, 'ign_k': 0.002357279455676982, 'ign_c': 7.081721844034206, 'trop_agb_crit': 12.708819454040446, 'trop_k_veg': 0.5535297685306277, 'fire_amp': 1.5719333351012774}.
[I 2026-06-11 01:31:43,748] Trial 597 finished with values: [10.646082439592977, 10.646082439592977] and parameters: {'k1': 0.028401063201780267, 'D_low': 408.3047491580097, 'k2': 4.933751600448335e-05, 'D_high': 55.22071973135807, 'fire_exp': 1.2918065501148304, 'P_half': 45.55085098454082, 'pre_dampen_half': 220.35141300841897, 'gpp_af': 0.005061568304359487, 'gpp_b': 2.1309331861011757e-05, 'gpp_d': 1.0088237648985734, 'ign_k': 0.00660597889201953, 'ign_c': 16.497426799845446, 'trop_agb_crit': 2.100813292597435, 'trop_k_veg': 1.6648666152166967, 'fire_amp': 3.1045399027418377}.
[I 2026-06-11 01:31:45,091] Trial 598 finished with values: [10.073758451691809, 10.073758451691809] and parameters: {'k1': 0.0869690639641868, 'D_low': 408.3047491580097, 'k2': 0.0002442377596403892, 'D_high': 31301.15118850836, 'fire_exp': 1.5191397119156032, 'P_half': 51.10120656497163, 'pre_dampen_half': 9.044346216330972, 'gpp_af': 0.007531064950403672, 'gpp_b': 2.1309331861011757e-05, 'gpp_d': 0.4742269251269962, 'ign_k': 0.00660597889201953, 'ign_c': 14.709699119495124, 'trop_agb_crit': 5.588032458772675, 'trop_k_veg': 2.8926781829782864, 'fire_amp': 3.1045399027418377}.
[I 2026-06-11 01:31:46,481] Trial 599 finished with values: [-0.4979012339757658, 0.11656633199681143] and parameters: {'k1': 0.030699709531122967, 'D_low': 148.21691630007544, 'k2': 7.531057256501231e-05, 'D_high': 1817.0401889219124, 'fire_exp': 1.5191397119156032, 'P_half': 61.6097529474144, 'pre_dampen_half': 9.044346216330972, 'gpp_af': 2.5017068255320485, 'gpp_b': 2.1309331861011757e-05, 'gpp_d': 0.1619054449471649, 'ign_k': 0.004105873950290761, 'ign_c': 1.364908766641693, 'trop_agb_crit': 5.588032458772675, 'trop_k_veg': 2.724170387400844, 'fire_amp': 5.44779717154213}.
[I 2026-06-11 01:31:48,106] Trial 600 finished with values: [-0.6908551324291405, 0.12148479786413935] and parameters: {'k1': 0.0002418422795847161, 'D_low': 236.79352040223893, 'k2': 0.0001280886335404798, 'D_high': 6682.9607218310075, 'fire_exp': 1.2060040899560858, 'P_half': 5.4712187293420325, 'pre_dampen_half': 121.93011993958949, 'gpp_af': 0.3939208112794227, 'gpp_b': 0.001674375583895437, 'gpp_d': 0.1619054449471649, 'ign_k': 2.3805746020770413, 'ign_c': 1.364908766641693, 'trop_agb_crit': 12.708819454040446, 'trop_k_veg': 2.99731137426955, 'fire_amp': 1.5719333351012774}.
[I 2026-06-11 01:31:49,618] Trial 601 finished with values: [10.031938695682756, 10.031938695682756] and parameters: {'k1': 0.0001599021369655865, 'D_low': 236.79352040223893, 'k2': 0.0007731571570012607, 'D_high': 6682.9607218310075, 'fire_exp': 1.2060040899560858, 'P_half': 3.591771421517613, 'pre_dampen_half': 4.847666216751353, 'gpp_af': 0.005061568304359487, 'gpp_b': 5.0875243087016374e-05, 'gpp_d': 0.7698760608299932, 'ign_k': 7.544827057709847, 'ign_c': 1.9423015749984096, 'trop_agb_crit': 5.588032458772675, 'trop_k_veg': 6.030247256556128, 'fire_amp': 2.7806853670293616}.
[I 2026-06-11 01:31:51,109] Trial 602 finished with values: [10.12861121754878, 10.12861121754878] and parameters: {'k1': 0.0869690639641868, 'D_low': 148.21691630007544, 'k2': 0.0008255198309657572, 'D_high': 6682.9607218310075, 'fire_exp': 1.2060040899560858, 'P_half': 157.80309954142965, 'pre_dampen_half': 4.847666216751353, 'gpp_af': 0.10098504976210308, 'gpp_b': 0.001674375583895437, 'gpp_d': 304.7488318185732, 'ign_k': 0.0012663923057989628, 'ign_c': 1.364908766641693, 'trop_agb_crit': 3.1920112940578624, 'trop_k_veg': 6.963655030926962, 'fire_amp': 2.7806853670293616}.
