[I 2026-06-10 21:17:56,855] Trial 296 finished with values: [10.105977822971724, 10.105977822971724] and parameters: {'k1': 0.0001969885015387913, 'D_low': 1074.940539517341, 'k2': 1.1417577140741129e-05, 'D_high': 900.6846506533042, 'fire_exp': 1.4690410989404576, 'P_half': 12.262543158860007, 'pre_dampen_half': 903.3231300044874, 'gpp_af': 3.298293484806585, 'gpp_b': 0.006999112505425414, 'gpp_d': 0.030844007727232167, 'ign_k': 0.8945150807271531, 'ign_c': 7.832259769732471, 'trop_agb_crit': 2.1989086830950257, 'trop_k_veg': 1.6648666152166967, 'fire_amp': 2.042193818779288}.
[I 2026-06-10 21:17:58,447] Trial 297 finished with values: [10.833333332159754, 10.833333332159754] and parameters: {'k1': 0.00026539376439360527, 'D_low': 1074.940539517341, 'k2': 1.1417577140741129e-05, 'D_high': 29.126651668813768, 'fire_exp': 1.4690410989404576, 'P_half': 12.262543158860007, 'pre_dampen_half': 30.456909077772018, 'gpp_af': 3.298293484806585, 'gpp_b': 0.006999112505425414, 'gpp_d': 0.030844007727232167, 'ign_k': 0.8945150807271531, 'ign_c': 120.67843549291506, 'trop_agb_crit': 10.2166878366619, 'trop_k_veg': 1.6648666152166967, 'fire_amp': 4.2446263054164195}.
[I 2026-06-10 21:17:59,900] Trial 298 finished with values: [10.239284141818779, 10.239284141818779] and parameters: {'k1': 5.178197947282869e-05, 'D_low': 171.2446447678494, 'k2': 8.968733598183248e-05, 'D_high': 24.9899605789089, 'fire_exp': 1.7505406131449859, 'P_half': 9.580682294110435, 'pre_dampen_half': 189.88136301569827, 'gpp_af': 5.470750401264765, 'gpp_b': 0.002416023630607169, 'gpp_d': 1.6963424566071992, 'ign_k': 0.0029519227433917453, 'ign_c': 1.4879588507789996, 'trop_agb_crit': 2.0527418919564324, 'trop_k_veg': 0.5183533149347164, 'fire_amp': 1.2393473789150806}.
[I 2026-06-10 21:18:01,327] Trial 299 finished with values: [10.108631465479199, 10.108631465479199] and parameters: {'k1': 0.006079905434073396, 'D_low': 43.2326421037033, 'k2': 4.933751600448335e-05, 'D_high': 42.242359735170886, 'fire_exp': 1.7792742686803427, 'P_half': 12.262543158860007, 'pre_dampen_half': 903.3231300044874, 'gpp_af': 5.470750401264765, 'gpp_b': 0.006999112505425414, 'gpp_d': 0.1448983619020909, 'ign_k': 0.8945150807271531, 'ign_c': 7.832259769732471, 'trop_agb_crit': 2.1989086830950257, 'trop_k_veg': 6.172643383211297, 'fire_amp': 1.5587346124822492}.
[I 2026-06-10 21:18:02,766] Trial 300 finished with values: [10.408124757527094, 10.408124757527094] and parameters: {'k1': 9.132348475718357e-05, 'D_low': 171.2446447678494, 'k2': 0.00037358626308127543, 'D_high': 124.31017136067044, 'fire_exp': 1.41873960828944, 'P_half': 157.80309954142965, 'pre_dampen_half': 16.009350908593582, 'gpp_af': 96.74365715402625, 'gpp_b': 2.176805640408474e-05, 'gpp_d': 304.7488318185732, 'ign_k': 0.0029519227433917453, 'ign_c': 39.52220881906114, 'trop_agb_crit': 1.7969555911761859, 'trop_k_veg': 2.520089655463604, 'fire_amp': 1.0759744651553196}.
[I 2026-06-10 21:18:04,154] Trial 301 finished with values: [18.19277828663369, 18.19277828663369] and parameters: {'k1': 0.016973078532467004, 'D_low': 43.03411264066069, 'k2': 0.0002442377596403892, 'D_high': 42210.21267871043, 'fire_exp': 1.6901885781909627, 'P_half': 61.6097529474144, 'pre_dampen_half': 123.04779330083686, 'gpp_af': 0.005061568304359487, 'gpp_b': 0.0036065155862388338, 'gpp_d': 21.899070557043984, 'ign_k': 0.00660597889201953, 'ign_c': 1.9423015749984096, 'trop_agb_crit': 24.199763404822136, 'trop_k_veg': 1.2749676887479542, 'fire_amp': 5.416595007374148}.
[I 2026-06-10 21:18:05,787] Trial 302 finished with values: [12.680374254002166, 12.680374254002166] and parameters: {'k1': 0.0006390695092073222, 'D_low': 50.32059347286801, 'k2': 8.968733598183248e-05, 'D_high': 44974.07193749848, 'fire_exp': 3.2459542834651627, 'P_half': 101.40635645866499, 'pre_dampen_half': 189.88136301569827, 'gpp_af': 0.8594202650742228, 'gpp_b': 1.1008110571039521e-05, 'gpp_d': 95.2715755007094, 'ign_k': 3.6309591863459096, 'ign_c': 2.2489542843914485, 'trop_agb_crit': 1.5033346993841157, 'trop_k_veg': 3.4439936249445045, 'fire_amp': 1.1655705619308396}.
[I 2026-06-10 21:18:07,334] Trial 303 finished with values: [10.61602362343796, 10.61602362343796] and parameters: {'k1': 0.016973078532467004, 'D_low': 1074.940539517341, 'k2': 0.0011239682517242113, 'D_high': 949.9072859745386, 'fire_exp': 1.111738490499784, 'P_half': 157.80309954142965, 'pre_dampen_half': 189.36639872354493, 'gpp_af': 3.298293484806585, 'gpp_b': 0.015062722325200045, 'gpp_d': 0.1423472425072452, 'ign_k': 0.002357279455676982, 'ign_c': 388.02797007866826, 'trop_agb_crit': 8.188098178380693, 'trop_k_veg': 1.2749676887479542, 'fire_amp': 2.6192385880432525}.
[I 2026-06-10 21:18:08,724] Trial 304 finished with values: [10.544380916806945, 10.544380916806945] and parameters: {'k1': 9.132348475718357e-05, 'D_low': 2.843767489444367, 'k2': 2.316457903103837e-05, 'D_high': 949.9072859745386, 'fire_exp': 1.41873960828944, 'P_half': 157.80309954142965, 'pre_dampen_half': 16.009350908593582, 'gpp_af': 27.448645214004376, 'gpp_b': 0.0012749409641020352, 'gpp_d': 304.7488318185732, 'ign_k': 0.002357279455676982, 'ign_c': 388.02797007866826, 'trop_agb_crit': 1.7969555911761859, 'trop_k_veg': 2.8926781829782864, 'fire_amp': 1.0759744651553196}.
[I 2026-06-10 21:18:10,300] Trial 305 finished with values: [13.982334465602527, 13.982334465602527] and parameters: {'k1': 0.016973078532467004, 'D_low': 408.3047491580097, 'k2': 8.968733598183248e-05, 'D_high': 24.9899605789089, 'fire_exp': 1.7505406131449859, 'P_half': 9.580682294110435, 'pre_dampen_half': 123.04779330083686, 'gpp_af': 3.030008727251782, 'gpp_b': 0.002416023630607169, 'gpp_d': 21.899070557043984, 'ign_k': 0.002357279455676982, 'ign_c': 1.4879588507789996, 'trop_agb_crit': 24.199763404822136, 'trop_k_veg': 0.5183533149347164, 'fire_amp': 5.416595007374148}.
[I 2026-06-10 21:18:11,703] Trial 306 finished with values: [21.227255402152444, 21.227255402152444] and parameters: {'k1': 0.017276056747028225, 'D_low': 408.3047491580097, 'k2': 0.02939607009739149, 'D_high': 44974.07193749848, 'fire_exp': 1.7505406131449859, 'P_half': 9.580682294110435, 'pre_dampen_half': 189.88136301569827, 'gpp_af': 1.7775411110039254, 'gpp_b': 0.002416023630607169, 'gpp_d': 95.2715755007094, 'ign_k': 1.6270983114897255, 'ign_c': 1.4879588507789996, 'trop_agb_crit': 21.086120736447015, 'trop_k_veg': 0.5183533149347164, 'fire_amp': 1.1655705619308396}.
[I 2026-06-10 21:18:13,214] Trial 307 finished with values: [14.286850591126328, 14.286850591126328] and parameters: {'k1': 0.004467752817973905, 'D_low': 408.3047491580097, 'k2': 0.0010726091927327822, 'D_high': 1537.592023548176, 'fire_exp': 1.2344878997299724, 'P_half': 118.94665366442581, 'pre_dampen_half': 75.10418138777538, 'gpp_af': 0.0065783822580709386, 'gpp_b': 2.800940363375676e-05, 'gpp_d': 94.19931479490882, 'ign_k': 0.00660597889201953, 'ign_c': 0.6235377135673155, 'trop_agb_crit': 21.086120736447015, 'trop_k_veg': 0.5667990147757791, 'fire_amp': 2.6192385880432525}.
[I 2026-06-10 21:18:14,754] Trial 308 finished with values: [11.536323833480425, 11.536323833480425] and parameters: {'k1': 0.006079905434073396, 'D_low': 171.2446447678494, 'k2': 0.0011239682517242113, 'D_high': 42210.21267871043, 'fire_exp': 1.111738490499784, 'P_half': 157.80309954142965, 'pre_dampen_half': 189.36639872354493, 'gpp_af': 3.298293484806585, 'gpp_b': 0.006999112505425414, 'gpp_d': 0.1423472425072452, 'ign_k': 0.0029519227433917453, 'ign_c': 59.52904331761843, 'trop_agb_crit': 8.188098178380693, 'trop_k_veg': 2.520089655463604, 'fire_amp': 1.2393473789150806}.
[I 2026-06-10 21:18:16,202] Trial 309 finished with values: [12.020716163357438, 12.020716163357438] and parameters: {'k1': 0.012840669372724958, 'D_low': 1074.940539517341, 'k2': 2.316457903103837e-05, 'D_high': 42.242359735170886, 'fire_exp': 1.7792742686803427, 'P_half': 9.580682294110435, 'pre_dampen_half': 253.71947027764784, 'gpp_af': 27.448645214004376, 'gpp_b': 0.006999112505425414, 'gpp_d': 594.7389794988394, 'ign_k': 0.8945150807271531, 'ign_c': 1.9423015749984096, 'trop_agb_crit': 8.0091368834625, 'trop_k_veg': 1.6648666152166967, 'fire_amp': 1.2393473789150806}.
[I 2026-06-10 21:18:17,617] Trial 310 finished with values: [10.821009959446124, 10.821009959446124] and parameters: {'k1': 0.017276056747028225, 'D_low': 236.79352040223893, 'k2': 7.639737756882014e-05, 'D_high': 21.356209987689077, 'fire_exp': 3.2459542834651627, 'P_half': 2.226799690893868, 'pre_dampen_half': 0.11609694921678075, 'gpp_af': 2.9749683811098437, 'gpp_b': 0.12105864607844925, 'gpp_d': 20.81401325574021, 'ign_k': 3.6309591863459096, 'ign_c': 3.706603917411953, 'trop_agb_crit': 24.199763404822136, 'trop_k_veg': 6.133177812136482, 'fire_amp': 2.818314238665462}.
[I 2026-06-10 21:18:19,038] Trial 311 finished with values: [10.051933165779918, 10.051933165779918] and parameters: {'k1': 0.006079905434073396, 'D_low': 43.2326421037033, 'k2': 2.316457903103837e-05, 'D_high': 315.101491238403, 'fire_exp': 1.5305744365500176, 'P_half': 277.00025557434554, 'pre_dampen_half': 189.88136301569827, 'gpp_af': 1.8730788990929563, 'gpp_b': 0.0004360709560327289, 'gpp_d': 0.1619054449471649, 'ign_k': 0.02779045054796808, 'ign_c': 1.4879588507789996, 'trop_agb_crit': 1.8566494291193822, 'trop_k_veg': 0.6618107836658104, 'fire_amp': 1.1655705619308396}.
[I 2026-06-10 21:18:20,619] Trial 312 finished with values: [10.651375369395568, 10.651375369395568] and parameters: {'k1': 0.0869690639641868, 'D_low': 2267.735223551285, 'k2': 0.02065142557895925, 'D_high': 48235.58283024493, 'fire_exp': 1.9095652801045373, 'P_half': 118.94665366442581, 'pre_dampen_half': 9.044346216330972, 'gpp_af': 10.25616274847308, 'gpp_b': 2.800940363375676e-05, 'gpp_d': 0.4742269251269962, 'ign_k': 1.6270983114897255, 'ign_c': 0.6235377135673155, 'trop_agb_crit': 1.0189592979395135, 'trop_k_veg': 4.796046723963646, 'fire_amp': 2.6192385880432525}.
[I 2026-06-10 21:18:22,165] Trial 313 finished with values: [10.833205667966498, 10.833205667966498] and parameters: {'k1': 0.016973078532467004, 'D_low': 43.03411264066069, 'k2': 0.0002442377596403892, 'D_high': 2427.054417940131, 'fire_exp': 8.930248873821906, 'P_half': 7.914423612155368, 'pre_dampen_half': 189.88136301569827, 'gpp_af': 0.8594202650742228, 'gpp_b': 0.015062722325200045, 'gpp_d': 2.5450745565416026, 'ign_k': 0.004020051040432127, 'ign_c': 14.709699119495124, 'trop_agb_crit': 24.199763404822136, 'trop_k_veg': 1.2749676887479542, 'fire_amp': 5.416595007374148}.
[I 2026-06-10 21:18:23,721] Trial 314 finished with values: [10.831061754060961, 10.831061754060961] and parameters: {'k1': 0.0001887567630782227, 'D_low': 347.03605955441515, 'k2': 1.5178052094448868e-05, 'D_high': 315.101491238403, 'fire_exp': 1.1633452995374232, 'P_half': 1265.0580856641704, 'pre_dampen_half': 1.8469033699850426, 'gpp_af': 0.5970408652384318, 'gpp_b': 1.8400604093141188, 'gpp_d': 0.1619054449471649, 'ign_k': 0.8945150807271531, 'ign_c': 1.3431925993528124, 'trop_agb_crit': 1.8566494291193822, 'trop_k_veg': 1.6003641872536711, 'fire_amp': 2.804180410489304}.
[I 2026-06-10 21:18:25,257] Trial 315 finished with values: [10.775054659303681, 10.775054659303681] and parameters: {'k1': 0.016973078532467004, 'D_low': 1739.6167422846984, 'k2': 0.02939607009739149, 'D_high': 44974.07193749848, 'fire_exp': 3.150954985759691, 'P_half': 2.226799690893868, 'pre_dampen_half': 1.4510220269654117, 'gpp_af': 52.24919465719593, 'gpp_b': 0.16285506249643175, 'gpp_d': 95.2715755007094, 'ign_k': 0.0032383308053152635, 'ign_c': 1.1698039424426816, 'trop_agb_crit': 3.5874145253515306, 'trop_k_veg': 1.600928934389327, 'fire_amp': 3.139567065154707}.
[I 2026-06-10 21:18:26,802] Trial 316 finished with values: [10.271063902912447, 10.271063902912447] and parameters: {'k1': 0.017276056747028225, 'D_low': 1739.6167422846984, 'k2': 0.02939607009739149, 'D_high': 44974.07193749848, 'fire_exp': 3.2459542834651627, 'P_half': 38.93835424674703, 'pre_dampen_half': 98.05638874011484, 'gpp_af': 1.7775411110039254, 'gpp_b': 0.16285506249643175, 'gpp_d': 95.2715755007094, 'ign_k': 3.6309591863459096, 'ign_c': 2.2489542843914485, 'trop_agb_crit': 3.5874145253515306, 'trop_k_veg': 0.6488368931910606, 'fire_amp': 2.818314238665462}.
[I 2026-06-10 21:18:28,238] Trial 317 finished with values: [14.393417946369748, 14.393417946369748] and parameters: {'k1': 0.00026539376439360527, 'D_low': 50.32059347286801, 'k2': 0.0011239682517242113, 'D_high': 2427.054417940131, 'fire_exp': 1.111738490499784, 'P_half': 157.80309954142965, 'pre_dampen_half': 189.88136301569827, 'gpp_af': 3.298293484806585, 'gpp_b': 1.1008110571039521e-05, 'gpp_d': 1.4397852866783676, 'ign_k': 0.13500744867919376, 'ign_c': 0.1611736893633666, 'trop_agb_crit': 1.5033346993841157, 'trop_k_veg': 3.4439936249445045, 'fire_amp': 1.1655705619308396}.
[I 2026-06-10 21:18:29,823] Trial 318 finished with values: [10.149855668335078, 10.149855668335078] and parameters: {'k1': 0.012840669372724958, 'D_low': 171.2446447678494, 'k2': 0.0010726091927327822, 'D_high': 1537.592023548176, 'fire_exp': 1.5305744365500176, 'P_half': 277.00025557434554, 'pre_dampen_half': 75.10418138777538, 'gpp_af': 0.8057329182285734, 'gpp_b': 2.176805640408474e-05, 'gpp_d': 0.03927259340973166, 'ign_k': 0.0029519227433917453, 'ign_c': 0.1611736893633666, 'trop_agb_crit': 3.1419938725278875, 'trop_k_veg': 2.520089655463604, 'fire_amp': 1.7912500010961188}.
[I 2026-06-10 21:18:31,548] Trial 319 finished with values: [11.995378038578869, 11.995378038578869] and parameters: {'k1': 5.178197947282869e-05, 'D_low': 171.2446447678494, 'k2': 0.00012498583886387654, 'D_high': 48235.58283024493, 'fire_exp': 1.7505406131449859, 'P_half': 9.580682294110435, 'pre_dampen_half': 189.88136301569827, 'gpp_af': 10.25616274847308, 'gpp_b': 0.01666658176842624, 'gpp_d': 0.4742269251269962, 'ign_k': 8.628009047476775, 'ign_c': 1.4879588507789996, 'trop_agb_crit': 1.0189592979395135, 'trop_k_veg': 4.796046723963646, 'fire_amp': 2.0822063607840695}.
[I 2026-06-10 21:18:33,018] Trial 320 finished with values: [10.073144360898851, 10.073144360898851] and parameters: {'k1': 0.017276056747028225, 'D_low': 1739.6167422846984, 'k2': 2.316457903103837e-05, 'D_high': 42210.21267871043, 'fire_exp': 1.2918065501148304, 'P_half': 9.580682294110435, 'pre_dampen_half': 4.603480758878793, 'gpp_af': 27.448645214004376, 'gpp_b': 0.16285506249643175, 'gpp_d': 95.2715755007094, 'ign_k': 3.6309591863459096, 'ign_c': 1.9423015749984096, 'trop_agb_crit': 3.5874145253515306, 'trop_k_veg': 2.520089655463604, 'fire_amp': 1.2393473789150806}.
[I 2026-06-10 21:18:34,486] Trial 321 finished with values: [10.175834732961114, 10.175834732961114] and parameters: {'k1': 5.7909642338812115e-05, 'D_low': 148.21691630007544, 'k2': 1.1417577140741129e-05, 'D_high': 29.126651668813768, 'fire_exp': 1.111738490499784, 'P_half': 2834.090429514774, 'pre_dampen_half': 2.736251365128462, 'gpp_af': 29.700320404259642, 'gpp_b': 2.4063018320720924e-05, 'gpp_d': 545.0253444559129, 'ign_k': 0.09256855841989636, 'ign_c': 0.7619822175388142, 'trop_agb_crit': 8.74479618932312, 'trop_k_veg': 2.724170387400844, 'fire_amp': 5.44779717154213}.
[I 2026-06-10 21:18:35,900] Trial 322 finished with values: [11.56636872490271, 11.56636872490271] and parameters: {'k1': 0.037704815040649445, 'D_low': 148.21691630007544, 'k2': 0.0001016707987819611, 'D_high': 24.9899605789089, 'fire_exp': 1.5191397119156032, 'P_half': 45.55085098454082, 'pre_dampen_half': 189.88136301569827, 'gpp_af': 29.700320404259642, 'gpp_b': 0.002416023630607169, 'gpp_d': 545.0253444559129, 'ign_k': 0.004105873950290761, 'ign_c': 1.4879588507789996, 'trop_agb_crit': 21.086120736447015, 'trop_k_veg': 0.5183533149347164, 'fire_amp': 1.1655705619308396}.
[I 2026-06-10 21:18:37,651] Trial 323 finished with values: [10.833333332159754, 10.833333332159754] and parameters: {'k1': 0.016973078532467004, 'D_low': 1739.6167422846984, 'k2': 0.02939607009739149, 'D_high': 83.14160873549643, 'fire_exp': 3.2459542834651627, 'P_half': 2.226799690893868, 'pre_dampen_half': 98.05638874011484, 'gpp_af': 0.8594202650742228, 'gpp_b': 1.1008110571039521e-05, 'gpp_d': 2.5450745565416026, 'ign_k': 0.0032383308053152635, 'ign_c': 0.1611736893633666, 'trop_agb_crit': 3.5874145253515306, 'trop_k_veg': 0.6488368931910606, 'fire_amp': 2.818314238665462}.
[I 2026-06-10 21:18:39,421] Trial 324 finished with values: [10.038097959264425, 10.038097959264425] and parameters: {'k1': 0.012840669372724958, 'D_low': 1074.940539517341, 'k2': 1.1417577140741129e-05, 'D_high': 29.126651668813768, 'fire_exp': 1.633445707733642, 'P_half': 61.6097529474144, 'pre_dampen_half': 189.36639872354493, 'gpp_af': 3.298293484806585, 'gpp_b': 0.0004125336560355494, 'gpp_d': 0.7698760608299932, 'ign_k': 0.09256855841989636, 'ign_c': 7.832259769732471, 'trop_agb_crit': 2.0527418919564324, 'trop_k_veg': 0.5450786550840475, 'fire_amp': 1.2393473789150806}.
[I 2026-06-10 21:18:40,995] Trial 325 finished with values: [10.4387368366405, 10.4387368366405] and parameters: {'k1': 0.016973078532467004, 'D_low': 50.32059347286801, 'k2': 0.0001016707987819611, 'D_high': 2427.054417940131, 'fire_exp': 3.150954985759691, 'P_half': 45.55085098454082, 'pre_dampen_half': 18.127341934230078, 'gpp_af': 29.700320404259642, 'gpp_b': 1.1008110571039521e-05, 'gpp_d': 1.4397852866783676, 'ign_k': 0.13500744867919376, 'ign_c': 0.7619822175388142, 'trop_agb_crit': 1.5033346993841157, 'trop_k_veg': 2.724170387400844, 'fire_amp': 5.44779717154213}.
[I 2026-06-10 21:18:42,424] Trial 326 finished with values: [10.787554398623062, 10.787554398623062] and parameters: {'k1': 0.00026539376439360527, 'D_low': 1074.940539517341, 'k2': 0.0001016707987819611, 'D_high': 29.126651668813768, 'fire_exp': 1.111738490499784, 'P_half': 45.55085098454082, 'pre_dampen_half': 0.6960360257735198, 'gpp_af': 29.700320404259642, 'gpp_b': 0.006999112505425414, 'gpp_d': 0.030844007727232167, 'ign_k': 0.09256855841989636, 'ign_c': 7.832259769732471, 'trop_agb_crit': 1.8023542850487386, 'trop_k_veg': 1.6648666152166967, 'fire_amp': 2.042193818779288}.
[I 2026-06-10 21:18:43,855] Trial 327 finished with values: [10.564544554933546, 10.564544554933546] and parameters: {'k1': 0.016973078532467004, 'D_low': 50.32059347286801, 'k2': 0.0010726091927327822, 'D_high': 2427.054417940131, 'fire_exp': 1.3026772381867355, 'P_half': 8.318314747941244, 'pre_dampen_half': 0.2774295811500811, 'gpp_af': 0.8057329182285734, 'gpp_b': 1.1008110571039521e-05, 'gpp_d': 2.5450745565416026, 'ign_k': 0.13500744867919376, 'ign_c': 0.1611736893633666, 'trop_agb_crit': 1.5033346993841157, 'trop_k_veg': 0.7258074184598352, 'fire_amp': 1.1202509284327942}.
[I 2026-06-10 21:18:45,475] Trial 328 finished with values: [10.831274947557482, 10.831274947557482] and parameters: {'k1': 0.0001887567630782227, 'D_low': 43.2326421037033, 'k2': 0.028670350305540694, 'D_high': 315.101491238403, 'fire_exp': 1.9136159174067866, 'P_half': 78.13392238162733, 'pre_dampen_half': 189.88136301569827, 'gpp_af': 1.7775411110039254, 'gpp_b': 1.8400604093141188, 'gpp_d': 0.1619054449471649, 'ign_k': 0.02779045054796808, 'ign_c': 1.4879588507789996, 'trop_agb_crit': 1.8566494291193822, 'trop_k_veg': 0.6618107836658104, 'fire_amp': 5.667622640988655}.
[I 2026-06-10 21:18:46,979] Trial 329 finished with values: [16.29737539069831, 16.29737539069831] and parameters: {'k1': 0.016973078532467004, 'D_low': 24.28756508761176, 'k2': 0.0002442377596403892, 'D_high': 55.22071973135807, 'fire_exp': 1.6901885781909627, 'P_half': 51.10120656497163, 'pre_dampen_half': 220.35141300841897, 'gpp_af': 20.12115544906385, 'gpp_b': 0.015062722325200045, 'gpp_d': 76.38081075786287, 'ign_k': 0.17320535908244444, 'ign_c': 14.709699119495124, 'trop_agb_crit': 24.199763404822136, 'trop_k_veg': 1.2749676887479542, 'fire_amp': 5.416595007374148}.
[I 2026-06-10 21:18:48,425] Trial 330 finished with values: [10.508899336114805, 10.508899336114805] and parameters: {'k1': 0.006079905434073396, 'D_low': 43.2326421037033, 'k2': 2.316457903103837e-05, 'D_high': 42.242359735170886, 'fire_exp': 1.7792742686803427, 'P_half': 277.00025557434554, 'pre_dampen_half': 189.88136301569827, 'gpp_af': 1.8730788990929563, 'gpp_b': 0.006999112505425414, 'gpp_d': 0.1448983619020909, 'ign_k': 0.8945150807271531, 'ign_c': 7.832259769732471, 'trop_agb_crit': 1.8566494291193822, 'trop_k_veg': 6.172643383211297, 'fire_amp': 1.1655705619308396}.
[I 2026-06-10 21:18:49,836] Trial 331 finished with values: [10.63588745037763, 10.63588745037763] and parameters: {'k1': 0.01212515722046018, 'D_low': 148.21691630007544, 'k2': 0.0001016707987819611, 'D_high': 1817.0401889219124, 'fire_exp': 1.5191397119156032, 'P_half': 2.969335773129636, 'pre_dampen_half': 2.736251365128462, 'gpp_af': 2.9749683811098437, 'gpp_b': 1.8400604093141188, 'gpp_d': 167.46194867675757, 'ign_k': 0.004105873950290761, 'ign_c': 110.68683358440691, 'trop_agb_crit': 1.8285200278523417, 'trop_k_veg': 2.724170387400844, 'fire_amp': 5.416595007374148}.
[I 2026-06-10 21:18:51,282] Trial 332 finished with values: [-0.46684356084782674, 0.018226682501580882] and parameters: {'k1': 0.016973078532467004, 'D_low': 24.28756508761176, 'k2': 0.0002442377596403892, 'D_high': 8912.611835817017, 'fire_exp': 1.6901885781909627, 'P_half': 51.10120656497163, 'pre_dampen_half': 1.8469033699850426, 'gpp_af': 20.12115544906385, 'gpp_b': 0.05719024141066792, 'gpp_d': 20.81401325574021, 'ign_k': 0.17320535908244444, 'ign_c': 14.709699119495124, 'trop_agb_crit': 24.199763404822136, 'trop_k_veg': 5.453348988480011, 'fire_amp': 5.416595007374148}.
