[I 2026-08-19 13:41:29,414] Trial 989 finished with values: [-0.4161980125043869, 1.1416507172956614e-07] and parameters: {'k1': 9.67404566214593e-05, 'D_low': 1.6569065206637925, 'k2': 6.340140860251457e-05, 'D_high': 1819372.4578178402, 'fire_exp': 4.3161213924316595, 'P_half': 8894.151386481904, 'pre_dampen_half': 0.2571419084734534, 'gpp_af': 0.0028701881471957036, 'gpp_b': 0.0004837646996135023, 'gpp_d': 108.18665579547857, 'ign_k': 9.162638829638215, 'ign_c': 0.2806439011124269, 'trop_agb_crit': 27.05166881899929, 'trop_k_veg': 2.246382792334124, 'pop_amp': 10.985330528057915, 'pop_peak': 1.884221947092994, 'pop_sig': 0.6871869718280653, 'fuel_k': 1.5946651221026615, 'fuel_half': 17.890117928710357}.
[I 2026-08-19 13:41:32,506] Trial 990 finished with values: [-0.4104172545593995, 2.545741395465484e-13] and parameters: {'k1': 0.08924795116437424, 'D_low': 1.6569065206637925, 'k2': 0.0003856302813879373, 'D_high': 1661855.441285105, 'fire_exp': 6.464773756830049, 'P_half': 4337.920697490941, 'pre_dampen_half': 7.72621571462232, 'gpp_af': 49.583649914027546, 'gpp_b': 4.038332634638232, 'gpp_d': 108.18665579547857, 'ign_k': 0.009935023909063692, 'ign_c': 225.58738962142354, 'trop_agb_crit': 28.49245476864681, 'trop_k_veg': 6.972354563243685, 'pop_amp': 0.020758979942636296, 'pop_peak': 1.421337820414783, 'pop_sig': 1.804482856986987, 'fuel_k': 2.8606142106392465, 'fuel_half': 17.890117928710357}.
[I 2026-08-19 13:41:35,624] Trial 991 finished with values: [-0.3554625854118624, 0.0] and parameters: {'k1': 5.025876001070713e-05, 'D_low': 2.400213216646464, 'k2': 0.0019856031481305684, 'D_high': 6543576.946931886, 'fire_exp': 4.311043623930062, 'P_half': 267.2146013620241, 'pre_dampen_half': 0.19674328025306115, 'gpp_af': 0.18737227240512885, 'gpp_b': 0.0007417652034871827, 'gpp_d': 3.9841905944346854, 'ign_k': 0.3818468247973969, 'ign_c': 155.47359415440883, 'trop_agb_crit': 28.49245476864681, 'trop_k_veg': 6.972354563243685, 'pop_amp': 10.985330528057915, 'pop_peak': 4.557885026195722, 'pop_sig': 1.804482856986987, 'fuel_k': 4.04437775870989, 'fuel_half': 5.940545235233705}.
[I 2026-08-19 13:41:38,408] Trial 992 finished with values: [-0.4143351008527931, 5.178496860003268e-05] and parameters: {'k1': 0.0004846497679219079, 'D_low': 1.6569065206637925, 'k2': 4.392638796750218e-05, 'D_high': 6543576.946931886, 'fire_exp': 2.5321117364280843, 'P_half': 1265.0580856641704, 'pre_dampen_half': 0.2571419084734534, 'gpp_af': 0.0028701881471957036, 'gpp_b': 0.007179740972016222, 'gpp_d': 118.26972885708257, 'ign_k': 0.0629707107611051, 'ign_c': 12.366924205139131, 'trop_agb_crit': 2.6689615974393592, 'trop_k_veg': 2.246382792334124, 'pop_amp': 5.27924855752961, 'pop_peak': 1.884221947092994, 'pop_sig': 1.804482856986987, 'fuel_k': 3.250046746707412, 'fuel_half': 0.10355826161899183}.
[I 2026-08-19 13:41:41,274] Trial 993 finished with values: [-0.39857929730121255, 7.891578501784124e-10] and parameters: {'k1': 2.9693357731296325e-05, 'D_low': 437.4364439939077, 'k2': 0.0014455983984872978, 'D_high': 9355.38060645217, 'fire_exp': 3.7695400350033266, 'P_half': 8894.151386481904, 'pre_dampen_half': 0.2571419084734534, 'gpp_af': 0.18737227240512885, 'gpp_b': 1.624829724391053, 'gpp_d': 15.3464307516782, 'ign_k': 0.45791923103229365, 'ign_c': 0.2806439011124269, 'trop_agb_crit': 27.05166881899929, 'trop_k_veg': 2.968382718115938, 'pop_amp': 5.27924855752961, 'pop_peak': 3.1638262982473893, 'pop_sig': 0.7874005085282932, 'fuel_k': 3.640039183945803, 'fuel_half': 0.10355826161899183}.
[I 2026-08-19 13:41:44,338] Trial 994 finished with values: [-0.5677032189638441, 0.028213373171921963] and parameters: {'k1': 1.844951990812239e-05, 'D_low': 4177.591776484708, 'k2': 0.0019856031481305684, 'D_high': 1840060.4093141211, 'fire_exp': 1.3796609641485171, 'P_half': 267.2146013620241, 'pre_dampen_half': 0.05393491030297468, 'gpp_af': 0.09546679952518865, 'gpp_b': 0.0007417652034871827, 'gpp_d': 118.26972885708257, 'ign_k': 0.04439802552990466, 'ign_c': 12.366924205139131, 'trop_agb_crit': 27.05166881899929, 'trop_k_veg': 4.30392173391187, 'pop_amp': 5.27924855752961, 'pop_peak': 456.60279198301936, 'pop_sig': 0.9904669476016459, 'fuel_k': 3.640039183945803, 'fuel_half': 0.18427970406864538}.
[I 2026-08-19 13:41:47,443] Trial 995 finished with values: [-0.3925043591382049, 2.3302608176400952e-08] and parameters: {'k1': 0.0017404948150194378, 'D_low': 1368.9795993592197, 'k2': 6.340140860251457e-05, 'D_high': 1124534.1807254362, 'fire_exp': 8.22413192675014, 'P_half': 1265.0580856641704, 'pre_dampen_half': 0.2571419084734534, 'gpp_af': 0.006580815488709274, 'gpp_b': 0.007179740972016222, 'gpp_d': 0.050654860639753524, 'ign_k': 0.45791923103229365, 'ign_c': 12.366924205139131, 'trop_agb_crit': 1.050713312531254, 'trop_k_veg': 5.691473319778836, 'pop_amp': 5.27924855752961, 'pop_peak': 162.62551614461097, 'pop_sig': 1.804482856986987, 'fuel_k': 0.11148299766359336, 'fuel_half': 1.7895437790635824}.
  trial  996/2500  pareto_size=29  best_ilamb=0.6094  (56.1 min)
[I 2026-08-19 13:41:51,455] Trial 996 finished with values: [-0.3554625854118624, 0.0] and parameters: {'k1': 2.9693357731296325e-05, 'D_low': 393.5385399037397, 'k2': 3.077180271250682e-05, 'D_high': 15782.405713907123, 'fire_exp': 6.454675979546216, 'P_half': 6281.776703992854, 'pre_dampen_half': 0.2571419084734534, 'gpp_af': 0.18737227240512885, 'gpp_b': 0.0007417652034871827, 'gpp_d': 3.9841905944346854, 'ign_k': 0.3818468247973969, 'ign_c': 89.12611835816996, 'trop_agb_crit': 14.188434224699876, 'trop_k_veg': 4.288672925586801, 'pop_amp': 0.004779345544786229, 'pop_peak': 352.89806695809773, 'pop_sig': 0.4663206866626952, 'fuel_k': 4.04437775870989, 'fuel_half': 0.18427970406864538}.
[I 2026-08-19 13:41:54,811] Trial 997 finished with values: [-0.4203326156073186, 2.2471968730286562e-10] and parameters: {'k1': 4.0873003903057456e-05, 'D_low': 32.04792887019892, 'k2': 3.077180271250682e-05, 'D_high': 1269686.0471076458, 'fire_exp': 2.8938596518938504, 'P_half': 8894.151386481904, 'pre_dampen_half': 0.2571419084734534, 'gpp_af': 0.005018406982902927, 'gpp_b': 0.0007417652034871827, 'gpp_d': 118.26972885708257, 'ign_k': 0.04439802552990466, 'ign_c': 89.12611835816996, 'trop_agb_crit': 27.05166881899929, 'trop_k_veg': 5.691473319778836, 'pop_amp': 0.04874366481145617, 'pop_peak': 10.679600530994481, 'pop_sig': 0.9904669476016459, 'fuel_k': 0.9199338799678547, 'fuel_half': 17.890117928710357}.
[I 2026-08-19 13:41:57,889] Trial 998 finished with values: [-0.4198581464113961, 9.655498622862524e-11] and parameters: {'k1': 1.844951990812239e-05, 'D_low': 14975.961296401258, 'k2': 0.0019856031481305684, 'D_high': 1661855.441285105, 'fire_exp': 6.464773756830049, 'P_half': 8894.151386481904, 'pre_dampen_half': 0.2571419084734534, 'gpp_af': 0.18737227240512885, 'gpp_b': 0.0004837646996135023, 'gpp_d': 118.26972885708257, 'ign_k': 0.45791923103229365, 'ign_c': 0.38887507405855737, 'trop_agb_crit': 14.188434224699876, 'trop_k_veg': 6.972354563243685, 'pop_amp': 0.04874366481145617, 'pop_peak': 0.17274196344453516, 'pop_sig': 0.6871869718280653, 'fuel_k': 5.706437033023268, 'fuel_half': 17.890117928710357}.
[I 2026-08-19 13:42:00,937] Trial 999 finished with values: [-0.386047331888939, 4.0236258769255073e-11] and parameters: {'k1': 0.0004846497679219079, 'D_low': 286.06841726052676, 'k2': 4.392638796750218e-05, 'D_high': 1840060.4093141211, 'fire_exp': 6.464773756830049, 'P_half': 1265.0580856641704, 'pre_dampen_half': 0.2571419084734534, 'gpp_af': 6.635341982375291, 'gpp_b': 0.5748679580293362, 'gpp_d': 0.38353798771897596, 'ign_k': 1.327536113719196, 'ign_c': 12.366924205139131, 'trop_agb_crit': 23.606263788786194, 'trop_k_veg': 3.754644404143055, 'pop_amp': 6.746076139939917, 'pop_peak': 1.884221947092994, 'pop_sig': 1.0424917012813995, 'fuel_k': 3.640039183945803, 'fuel_half': 0.3497028715561063}.
[I 2026-08-19 13:42:04,318] Trial 1000 finished with values: [-0.40663265886535943, 6.923211520182271e-06] and parameters: {'k1': 4.0873003903057456e-05, 'D_low': 15150.361381456718, 'k2': 0.026835953334046134, 'D_high': 9355.38060645217, 'fire_exp': 4.3161213924316595, 'P_half': 1265.0580856641704, 'pre_dampen_half': 0.19674328025306115, 'gpp_af': 0.005018406982902927, 'gpp_b': 9.67374839440457e-05, 'gpp_d': 118.26972885708257, 'ign_k': 0.45791923103229365, 'ign_c': 0.2806439011124269, 'trop_agb_crit': 27.05166881899929, 'trop_k_veg': 6.972354563243685, 'pop_amp': 6.746076139939917, 'pop_peak': 4.557885026195722, 'pop_sig': 0.9904669476016459, 'fuel_k': 3.250046746707412, 'fuel_half': 0.10355826161899183}.
[I 2026-08-19 13:42:08,199] Trial 1001 finished with values: [-0.4199143483778263, 9.144666700600101e-05] and parameters: {'k1': 1.844951990812239e-05, 'D_low': 4177.591776484708, 'k2': 0.0019856031481305684, 'D_high': 1840060.4093141211, 'fire_exp': 7.856097010829145, 'P_half': 10.436686039715203, 'pre_dampen_half': 0.05393491030297468, 'gpp_af': 0.18737227240512885, 'gpp_b': 0.0007417652034871827, 'gpp_d': 108.18665579547857, 'ign_k': 0.04439802552990466, 'ign_c': 12.366924205139131, 'trop_agb_crit': 27.05166881899929, 'trop_k_veg': 0.5984963599845551, 'pop_amp': 5.27924855752961, 'pop_peak': 352.89806695809773, 'pop_sig': 0.9904669476016459, 'fuel_k': 3.640039183945803, 'fuel_half': 0.18427970406864538}.
[I 2026-08-19 13:42:12,141] Trial 1002 finished with values: [-0.42458377582313356, 3.516150265392426e-07] and parameters: {'k1': 9.67404566214593e-05, 'D_low': 1.6569065206637925, 'k2': 6.340140860251457e-05, 'D_high': 1661855.441285105, 'fire_exp': 4.3161213924316595, 'P_half': 8894.151386481904, 'pre_dampen_half': 0.10189118197357125, 'gpp_af': 49.583649914027546, 'gpp_b': 9.67374839440457e-05, 'gpp_d': 339.40346662065144, 'ign_k': 9.162638829638215, 'ign_c': 4.4716799012313055, 'trop_agb_crit': 27.05166881899929, 'trop_k_veg': 2.246382792334124, 'pop_amp': 6.746076139939917, 'pop_peak': 1.884221947092994, 'pop_sig': 0.9904669476016459, 'fuel_k': 5.706437033023268, 'fuel_half': 17.890117928710357}.
  trial 1003/2500  pareto_size=29  best_ilamb=0.6094  (56.5 min)
[I 2026-08-19 13:42:18,051] Trial 1003 finished with values: [-0.4132331010631531, 0.001474105279191562] and parameters: {'k1': 0.0004846497679219079, 'D_low': 1.6569065206637925, 'k2': 4.392638796750218e-05, 'D_high': 1907543.828944448, 'fire_exp': 2.5321117364280843, 'P_half': 1265.0580856641704, 'pre_dampen_half': 0.2571419084734534, 'gpp_af': 0.18737227240512885, 'gpp_b': 9.67374839440457e-05, 'gpp_d': 0.050654860639753524, 'ign_k': 9.162638829638215, 'ign_c': 12.366924205139131, 'trop_agb_crit': 1.050713312531254, 'trop_k_veg': 4.288672925586801, 'pop_amp': 0.04874366481145617, 'pop_peak': 162.62551614461097, 'pop_sig': 1.804482856986987, 'fuel_k': 3.250046746707412, 'fuel_half': 0.6771945622324776}.
[I 2026-08-19 13:42:21,575] Trial 1004 finished with values: [-0.3554625854118624, 0.0] and parameters: {'k1': 0.09372580613581186, 'D_low': 1.6569065206637925, 'k2': 0.0002001342062287998, 'D_high': 6543576.946931886, 'fire_exp': 2.5321117364280843, 'P_half': 8894.151386481904, 'pre_dampen_half': 0.10189118197357125, 'gpp_af': 49.583649914027546, 'gpp_b': 0.05825704883392061, 'gpp_d': 108.18665579547857, 'ign_k': 0.04439802552990466, 'ign_c': 859.1834262827864, 'trop_agb_crit': 14.188434224699876, 'trop_k_veg': 6.972354563243685, 'pop_amp': 0.0021433490423168255, 'pop_peak': 1.884221947092994, 'pop_sig': 1.804482856986987, 'fuel_k': 4.04437775870989, 'fuel_half': 17.890117928710357}.
[I 2026-08-19 13:42:26,661] Trial 1005 finished with values: [-0.42799090912586213, 0.00024616268986643597] and parameters: {'k1': 2.9693357731296325e-05, 'D_low': 1.6569065206637925, 'k2': 0.00021724674331575933, 'D_high': 1661855.441285105, 'fire_exp': 2.5321117364280843, 'P_half': 8894.151386481904, 'pre_dampen_half': 0.19674328025306115, 'gpp_af': 49.583649914027546, 'gpp_b': 9.67374839440457e-05, 'gpp_d': 118.26972885708257, 'ign_k': 9.162638829638215, 'ign_c': 0.5488047000766043, 'trop_agb_crit': 3.3887235042490564, 'trop_k_veg': 5.691473319778836, 'pop_amp': 10.985330528057915, 'pop_peak': 162.62551614461097, 'pop_sig': 1.804482856986987, 'fuel_k': 0.11148299766359336, 'fuel_half': 0.18427970406864538}.
[I 2026-08-19 13:42:29,941] Trial 1006 finished with values: [-0.40311016166251984, 6.3777480820981225e-06] and parameters: {'k1': 4.0873003903057456e-05, 'D_low': 6293.732112193172, 'k2': 0.0067445742055710165, 'D_high': 9355.38060645217, 'fire_exp': 1.3826476761446171, 'P_half': 4.937355303501834, 'pre_dampen_half': 0.2571419084734534, 'gpp_af': 0.005018406982902927, 'gpp_b': 1.624829724391053, 'gpp_d': 3.9841905944346854, 'ign_k': 0.3699359899959751, 'ign_c': 12.366924205139131, 'trop_agb_crit': 28.49245476864681, 'trop_k_veg': 3.754644404143055, 'pop_amp': 5.27924855752961, 'pop_peak': 456.60279198301936, 'pop_sig': 0.9904669476016459, 'fuel_k': 0.036410788315214195, 'fuel_half': 0.10355826161899183}.
[I 2026-08-19 13:42:32,954] Trial 1007 finished with values: [-0.572202762011755, 0.08669640756808406] and parameters: {'k1': 9.67404566214593e-05, 'D_low': 9.732807204448733, 'k2': 0.00021724674331575933, 'D_high': 1819372.4578178402, 'fire_exp': 2.5321117364280843, 'P_half': 229.5739821454948, 'pre_dampen_half': 0.19674328025306115, 'gpp_af': 49.583649914027546, 'gpp_b': 9.67374839440457e-05, 'gpp_d': 118.26972885708257, 'ign_k': 9.162638829638215, 'ign_c': 2.09343875335437, 'trop_agb_crit': 1.050713312531254, 'trop_k_veg': 5.691473319778836, 'pop_amp': 1.7980879277999113, 'pop_peak': 162.62551614461097, 'pop_sig': 1.804482856986987, 'fuel_k': 3.250046746707412, 'fuel_half': 0.18427970406864538}.
[I 2026-08-19 13:42:35,847] Trial 1008 finished with values: [-0.41502773397541226, 2.716746166919748e-07] and parameters: {'k1': 5.025876001070713e-05, 'D_low': 1.6569065206637925, 'k2': 0.0014455983984872978, 'D_high': 6543576.946931886, 'fire_exp': 2.8938596518938504, 'P_half': 6281.776703992854, 'pre_dampen_half': 0.2571419084734534, 'gpp_af': 0.18737227240512885, 'gpp_b': 0.007179740972016222, 'gpp_d': 0.050654860639753524, 'ign_k': 0.45791923103229365, 'ign_c': 12.366924205139131, 'trop_agb_crit': 3.544180417534903, 'trop_k_veg': 5.691473319778836, 'pop_amp': 0.008683934086503814, 'pop_peak': 2.016436598480055, 'pop_sig': 0.6871869718280653, 'fuel_k': 0.11148299766359336, 'fuel_half': 1.7895437790635824}.
  trial 1009/2500  pareto_size=29  best_ilamb=0.6094  (56.9 min)
[I 2026-08-19 13:42:39,943] Trial 1009 finished with values: [-0.4157001498622723, 6.145814429592278e-07] and parameters: {'k1': 0.08924795116437424, 'D_low': 12.74526986171627, 'k2': 1.2748758606816134e-05, 'D_high': 6543576.946931886, 'fire_exp': 4.3161213924316595, 'P_half': 267.2146013620241, 'pre_dampen_half': 0.2571419084734534, 'gpp_af': 0.005018406982902927, 'gpp_b': 0.0007417652034871827, 'gpp_d': 108.18665579547857, 'ign_k': 0.009935023909063692, 'ign_c': 225.58738962142354, 'trop_agb_crit': 27.05166881899929, 'trop_k_veg': 0.8084202024508578, 'pop_amp': 5.27924855752961, 'pop_peak': 1.421337820414783, 'pop_sig': 0.9904669476016459, 'fuel_k': 3.640039183945803, 'fuel_half': 0.10355826161899183}.
[I 2026-08-19 13:42:43,298] Trial 1010 finished with values: [-0.39740949979808493, 7.882583474838611e-15] and parameters: {'k1': 4.0873003903057456e-05, 'D_low': 286.06841726052676, 'k2': 4.392638796750218e-05, 'D_high': 24493.271671328574, 'fire_exp': 4.3161213924316595, 'P_half': 1.332700437360483, 'pre_dampen_half': 0.19674328025306115, 'gpp_af': 0.005018406982902927, 'gpp_b': 1.624829724391053, 'gpp_d': 3.9841905944346854, 'ign_k': 9.162638829638215, 'ign_c': 0.15590073239763044, 'trop_agb_crit': 27.05166881899929, 'trop_k_veg': 3.754644404143055, 'pop_amp': 5.27924855752961, 'pop_peak': 1.9043491615789352, 'pop_sig': 0.6871869718280653, 'fuel_k': 0.9199338799678547, 'fuel_half': 0.10355826161899183}.
[I 2026-08-19 13:42:46,314] Trial 1011 finished with values: [-0.41439439291260827, 1.7784385075714226e-10] and parameters: {'k1': 1.844951990812239e-05, 'D_low': 1368.9795993592197, 'k2': 0.0019856031481305684, 'D_high': 1661855.441285105, 'fire_exp': 6.454675979546216, 'P_half': 8894.151386481904, 'pre_dampen_half': 0.05393491030297468, 'gpp_af': 0.18737227240512885, 'gpp_b': 0.007179740972016222, 'gpp_d': 1.0088237648985734, 'ign_k': 9.162638829638215, 'ign_c': 0.38887507405855737, 'trop_agb_crit': 14.188434224699876, 'trop_k_veg': 4.30392173391187, 'pop_amp': 10.985330528057915, 'pop_peak': 0.07575363458033918, 'pop_sig': 1.804482856986987, 'fuel_k': 3.045359941056165, 'fuel_half': 0.18427970406864538}.
[I 2026-08-19 13:42:49,479] Trial 1012 finished with values: [-0.40814293257566997, 8.679640672859534e-09] and parameters: {'k1': 2.9693357731296325e-05, 'D_low': 393.5385399037397, 'k2': 3.077180271250682e-05, 'D_high': 1661855.441285105, 'fire_exp': 2.5321117364280843, 'P_half': 6281.776703992854, 'pre_dampen_half': 0.19674328025306115, 'gpp_af': 0.18737227240512885, 'gpp_b': 9.67374839440457e-05, 'gpp_d': 118.26972885708257, 'ign_k': 0.3818468247973969, 'ign_c': 41.416196195026565, 'trop_agb_crit': 14.188434224699876, 'trop_k_veg': 4.288672925586801, 'pop_amp': 10.985330528057915, 'pop_peak': 352.89806695809773, 'pop_sig': 0.9904669476016459, 'fuel_k': 0.11148299766359336, 'fuel_half': 0.18427970406864538}.
[I 2026-08-19 13:42:53,105] Trial 1013 finished with values: [-0.430453660433435, 0.0006359555487351898] and parameters: {'k1': 1.844951990812239e-05, 'D_low': 286.06841726052676, 'k2': 0.0019856031481305684, 'D_high': 1840060.4093141211, 'fire_exp': 1.3796609641485171, 'P_half': 6281.776703992854, 'pre_dampen_half': 0.05393491030297468, 'gpp_af': 0.005761312282837745, 'gpp_b': 0.0007417652034871827, 'gpp_d': 118.26972885708257, 'ign_k': 0.43129510236174595, 'ign_c': 12.366924205139131, 'trop_agb_crit': 27.05166881899929, 'trop_k_veg': 4.30392173391187, 'pop_amp': 5.27924855752961, 'pop_peak': 503.7153440645595, 'pop_sig': 1.804482856986987, 'fuel_k': 0.16721878182659813, 'fuel_half': 0.18427970406864538}.
[I 2026-08-19 13:42:56,326] Trial 1014 finished with values: [-0.40750666792110096, 2.070121851716067e-12] and parameters: {'k1': 4.929552311643645e-05, 'D_low': 437.4364439939077, 'k2': 3.077180271250682e-05, 'D_high': 109.93781215236433, 'fire_exp': 5.433392060430592, 'P_half': 8894.151386481904, 'pre_dampen_half': 0.19674328025306115, 'gpp_af': 36.830088529547496, 'gpp_b': 0.0007417652034871827, 'gpp_d': 118.26972885708257, 'ign_k': 0.0023181776112903506, 'ign_c': 4.4716799012313055, 'trop_agb_crit': 2.6689615974393592, 'trop_k_veg': 6.972354563243685, 'pop_amp': 10.985330528057915, 'pop_peak': 503.7153440645595, 'pop_sig': 1.804482856986987, 'fuel_k': 0.022805907608636752, 'fuel_half': 17.890117928710357}.
[I 2026-08-19 13:42:59,399] Trial 1015 finished with values: [-0.38986638760988807, 3.3306690738754696e-16] and parameters: {'k1': 2.9693357731296325e-05, 'D_low': 393.5385399037397, 'k2': 1.7745670917202122e-05, 'D_high': 49179.957649658616, 'fire_exp': 1.1633452995374232, 'P_half': 4.937355303501834, 'pre_dampen_half': 0.2571419084734534, 'gpp_af': 0.005018406982902927, 'gpp_b': 3.167995163828261e-05, 'gpp_d': 3.9841905944346854, 'ign_k': 0.45791923103229365, 'ign_c': 89.12611835816996, 'trop_agb_crit': 27.05166881899929, 'trop_k_veg': 3.754644404143055, 'pop_amp': 5.27924855752961, 'pop_peak': 352.89806695809773, 'pop_sig': 0.9904669476016459, 'fuel_k': 3.640039183945803, 'fuel_half': 1.7895437790635824}.
  trial 1016/2500  pareto_size=30  best_ilamb=0.6094  (57.3 min)
[I 2026-08-19 13:43:05,201] Trial 1016 finished with values: [-0.398269861407369, 0.0002893140393978033] and parameters: {'k1': 0.0017404948150194378, 'D_low': 27972.024228472703, 'k2': 6.340140860251457e-05, 'D_high': 1970145.0890105378, 'fire_exp': 4.4758690202162805, 'P_half': 1517.2922775770444, 'pre_dampen_half': 0.2571419084734534, 'gpp_af': 69.07170464178779, 'gpp_b': 0.0004837646996135023, 'gpp_d': 118.26972885708257, 'ign_k': 0.45791923103229365, 'ign_c': 12.366924205139131, 'trop_agb_crit': 1.050713312531254, 'trop_k_veg': 4.30392173391187, 'pop_amp': 5.27924855752961, 'pop_peak': 162.62551614461097, 'pop_sig': 1.804482856986987, 'fuel_k': 0.11148299766359336, 'fuel_half': 0.18427970406864538}.
[I 2026-08-19 13:43:09,477] Trial 1017 finished with values: [-0.4875822978630591, 0.08093729853922871] and parameters: {'k1': 1.844951990812239e-05, 'D_low': 1368.9795993592197, 'k2': 0.0019856031481305684, 'D_high': 1661855.441285105, 'fire_exp': 1.3796609641485171, 'P_half': 8894.151386481904, 'pre_dampen_half': 104.23598559895899, 'gpp_af': 0.41874665092828456, 'gpp_b': 0.0004837646996135023, 'gpp_d': 118.26972885708257, 'ign_k': 0.10491246574185645, 'ign_c': 12.366924205139131, 'trop_agb_crit': 1.050713312531254, 'trop_k_veg': 4.30392173391187, 'pop_amp': 10.985330528057915, 'pop_peak': 0.07575363458033918, 'pop_sig': 1.804482856986987, 'fuel_k': 0.15552861105540366, 'fuel_half': 0.18427970406864538}.
[I 2026-08-19 13:43:12,621] Trial 1018 finished with values: [-0.4258871053080709, 6.686408453104864e-05] and parameters: {'k1': 9.67404566214593e-05, 'D_low': 286.06841726052676, 'k2': 6.340140860251457e-05, 'D_high': 1840060.4093141211, 'fire_exp': 4.3161213924316595, 'P_half': 229.5739821454948, 'pre_dampen_half': 0.2571419084734534, 'gpp_af': 6.635341982375291, 'gpp_b': 1.624829724391053, 'gpp_d': 8.347790852520644, 'ign_k': 9.162638829638215, 'ign_c': 12.366924205139131, 'trop_agb_crit': 23.606263788786194, 'trop_k_veg': 4.30392173391187, 'pop_amp': 6.746076139939917, 'pop_peak': 1.884221947092994, 'pop_sig': 0.9904669476016459, 'fuel_k': 5.706437033023268, 'fuel_half': 79.68559976694971}.
