[I 2026-08-06 02:18:06,372] Trial 360 finished with values: [10.366992536825988, 10.366992536825988] and parameters: {'k1': 0.025383218374507292, 'D_low': 9.330007965781027, 'k2': 4.763991596630584e-05, 'D_high': 400.9149428326862, 'fire_exp': 1.0473002272689056, 'P_half': 608.3019192425825, 'pre_dampen_half': 1.6130673726933187, 'gpp_af': 22.766850248686247, 'gpp_b': 5.2308563179361105e-05, 'gpp_d': 891.8036602897795, 'ign_k': 3.7173717478250508, 'ign_c': 14.367095138664217}.
[I 2026-08-06 02:18:07,574] Trial 361 finished with values: [13.450530966452607, 13.450530966452607] and parameters: {'k1': 0.025383218374507292, 'D_low': 18.522006003174383, 'k2': 0.08894151386481904, 'D_high': 1687.3495104568947, 'fire_exp': 2.61565689708108, 'P_half': 24.136213194527585, 'pre_dampen_half': 304.7488318185732, 'gpp_af': 22.766850248686247, 'gpp_b': 1.8823910330650002, 'gpp_d': 891.8036602897795, 'ign_k': 3.7173717478250508, 'ign_c': 14.367095138664217}.
[I 2026-08-06 02:18:08,550] Trial 362 finished with values: [10.132682836084824, 10.132682836084824] and parameters: {'k1': 0.021368329072358756, 'D_low': 7.068974950624602, 'k2': 4.763991596630584e-05, 'D_high': 75773.14388518519, 'fire_exp': 1.1044852285094786, 'P_half': 125.61043700013555, 'pre_dampen_half': 1.4445251022763053, 'gpp_af': 52.92490796395662, 'gpp_b': 0.006373956092838178, 'gpp_d': 5.878566318396007, 'ign_k': 0.03141110271934876, 'ign_c': 2.92043384718141}.
[I 2026-08-06 02:18:09,515] Trial 363 finished with values: [10.752513837900187, 10.752513837900187] and parameters: {'k1': 0.0028421405887320826, 'D_low': 1.54121727098019, 'k2': 4.763991596630584e-05, 'D_high': 75773.14388518519, 'fire_exp': 1.4690410989404576, 'P_half': 851.7034154701655, 'pre_dampen_half': 1.6130673726933187, 'gpp_af': 90.33231300044888, 'gpp_b': 2.800940363375676e-05, 'gpp_d': 0.1187686699420959, 'ign_k': 0.01474275315991467, 'ign_c': 34.19108473554449}.
[I 2026-08-06 02:18:10,496] Trial 364 finished with values: [10.61664649152194, 10.61664649152194] and parameters: {'k1': 0.025383218374507292, 'D_low': 9.330007965781027, 'k2': 0.02065142557895925, 'D_high': 400.9149428326862, 'fire_exp': 1.0473002272689056, 'P_half': 63.585411411994926, 'pre_dampen_half': 0.14399867863160215, 'gpp_af': 51.72004221341863, 'gpp_b': 5.2308563179361105e-05, 'gpp_d': 891.8036602897795, 'ign_k': 3.7173717478250508, 'ign_c': 0.7724824966785973}.
[I 2026-08-06 02:18:11,493] Trial 365 finished with values: [13.878256079200778, 13.878256079200778] and parameters: {'k1': 0.0029707920514735983, 'D_low': 9.330007965781027, 'k2': 2.1698375693549493e-05, 'D_high': 949.9072859745386, 'fire_exp': 1.0473002272689056, 'P_half': 63.585411411994926, 'pre_dampen_half': 33.9790424311127, 'gpp_af': 22.766850248686247, 'gpp_b': 0.0006082667040432242, 'gpp_d': 891.8036602897795, 'ign_k': 0.01474275315991467, 'ign_c': 3.0378658251922155}.
[I 2026-08-06 02:18:12,490] Trial 366 finished with values: [12.702652725652605, 12.702652725652605] and parameters: {'k1': 0.015602015889668856, 'D_low': 396.8136435370147, 'k2': 0.08894151386481904, 'D_high': 24939.838794891497, 'fire_exp': 1.5201277403788451, 'P_half': 63.585411411994926, 'pre_dampen_half': 703.6426675556048, 'gpp_af': 10.25616274847308, 'gpp_b': 0.1676789742547917, 'gpp_d': 10.931606102061748, 'ign_k': 6.32338195106678, 'ign_c': 3.0378658251922155}.
[I 2026-08-06 02:18:13,471] Trial 367 finished with values: [10.126918159996873, 10.126918159996873] and parameters: {'k1': 0.014666151770108535, 'D_low': 7.068974950624602, 'k2': 0.00011939136672856547, 'D_high': 1123.9682517242118, 'fire_exp': 1.1044852285094786, 'P_half': 8.369109437186466, 'pre_dampen_half': 1.4445251022763053, 'gpp_af': 0.028585493941961918, 'gpp_b': 5.2308563179361105e-05, 'gpp_d': 5.878566318396007, 'ign_k': 0.01474275315991467, 'ign_c': 0.6235377135673155}.
[I 2026-08-06 02:18:14,497] Trial 368 finished with values: [10.190425130740886, 10.190425130740886] and parameters: {'k1': 0.0026651167490553537, 'D_low': 1.0883991813938128, 'k2': 1.1184534120760473e-05, 'D_high': 75773.14388518519, 'fire_exp': 1.1044852285094786, 'P_half': 4.397766894483963, 'pre_dampen_half': 1.4445251022763053, 'gpp_af': 2.8805537835688413, 'gpp_b': 2.7719116797094715e-05, 'gpp_d': 0.0763203160273735, 'ign_k': 0.01474275315991467, 'ign_c': 2.92043384718141}.
[I 2026-08-06 02:18:15,511] Trial 369 finished with values: [-0.46733453206348763, 0.0500760575516529] and parameters: {'k1': 0.0024398964530167717, 'D_low': 164.70698221724317, 'k2': 2.5461628161276896e-05, 'D_high': 75773.14388518519, 'fire_exp': 2.1589564941849333, 'P_half': 5.15399351160314, 'pre_dampen_half': 59.66041614891413, 'gpp_af': 2.8805537835688413, 'gpp_b': 0.0004837646996135023, 'gpp_d': 0.12659922449669828, 'ign_k': 0.005568690083197025, 'ign_c': 0.5110256715654393}.
[I 2026-08-06 02:18:16,506] Trial 370 finished with values: [10.601256907036852, 10.601256907036852] and parameters: {'k1': 0.021368329072358756, 'D_low': 18.522006003174383, 'k2': 3.5917714215176105e-05, 'D_high': 24939.838794891497, 'fire_exp': 1.6901885781909627, 'P_half': 51.10120656497163, 'pre_dampen_half': 14.689898077648792, 'gpp_af': 0.028585493941961918, 'gpp_b': 2.800940363375676e-05, 'gpp_d': 4.25060659305504, 'ign_k': 0.09071933427331372, 'ign_c': 0.6235377135673155}.
[I 2026-08-06 02:18:17,489] Trial 371 finished with values: [10.511641120191783, 10.511641120191783] and parameters: {'k1': 2.0937989739527727e-05, 'D_low': 125.32726386250698, 'k2': 0.0010204225357677778, 'D_high': 96.74045662145933, 'fire_exp': 1.2943117749495199, 'P_half': 608.3019192425825, 'pre_dampen_half': 7.6110013825922485, 'gpp_af': 10.25616274847308, 'gpp_b': 5.2308563179361105e-05, 'gpp_d': 79.05373031352391, 'ign_k': 0.6097546255373116, 'ign_c': 0.773448215664679}.
[I 2026-08-06 02:18:18,482] Trial 372 finished with values: [-0.48322520467662045, 0.05612116032040104] and parameters: {'k1': 0.0002514786015817364, 'D_low': 51.9967392387832, 'k2': 4.763991596630584e-05, 'D_high': 1687.3495104568947, 'fire_exp': 1.264103030891254, 'P_half': 958.8659498594012, 'pre_dampen_half': 111.37963167994629, 'gpp_af': 22.766850248686247, 'gpp_b': 0.6637926838138378, 'gpp_d': 300.3420512048734, 'ign_k': 0.031134168041628628, 'ign_c': 0.17036120617148395}.
[I 2026-08-06 02:18:19,431] Trial 373 finished with values: [12.118541831070644, 12.118541831070644] and parameters: {'k1': 0.021368329072358756, 'D_low': 9.330007965781027, 'k2': 0.0001870742013766025, 'D_high': 75773.14388518519, 'fire_exp': 1.1044852285094786, 'P_half': 125.61043700013555, 'pre_dampen_half': 7.6110013825922485, 'gpp_af': 0.028585493941961918, 'gpp_b': 5.2308563179361105e-05, 'gpp_d': 5.878566318396007, 'ign_k': 0.01474275315991467, 'ign_c': 2.92043384718141}.
[I 2026-08-06 02:18:20,380] Trial 374 finished with values: [14.356284500299509, 14.356284500299509] and parameters: {'k1': 2.0937989739527727e-05, 'D_low': 1.2299210465793122, 'k2': 0.0499774937030317, 'D_high': 1687.3495104568947, 'fire_exp': 1.010722707674549, 'P_half': 39.03214299767183, 'pre_dampen_half': 700.6693992445935, 'gpp_af': 22.766850248686247, 'gpp_b': 2.800940363375676e-05, 'gpp_d': 4.982605027348069, 'ign_k': 0.01474275315991467, 'ign_c': 0.7724824966785973}.
[I 2026-08-06 02:18:21,345] Trial 375 finished with values: [10.280048990436915, 10.280048990436915] and parameters: {'k1': 2.0937989739527727e-05, 'D_low': 125.32726386250698, 'k2': 4.763991596630584e-05, 'D_high': 31030.112026960956, 'fire_exp': 1.010722707674549, 'P_half': 51.10120656497163, 'pre_dampen_half': 3.3594011166738142, 'gpp_af': 10.25616274847308, 'gpp_b': 0.10123867001105968, 'gpp_d': 2.400225309964113, 'ign_k': 0.0015276032303600073, 'ign_c': 34.19108473554449}.
[I 2026-08-06 02:18:22,310] Trial 376 finished with values: [15.058789245544574, 15.058789245544574] and parameters: {'k1': 0.025383218374507292, 'D_low': 125.32726386250698, 'k2': 4.763991596630584e-05, 'D_high': 75773.14388518519, 'fire_exp': 1.1044852285094786, 'P_half': 39.03214299767183, 'pre_dampen_half': 703.6426675556048, 'gpp_af': 22.766850248686247, 'gpp_b': 3.228689523591491e-05, 'gpp_d': 5.878566318396007, 'ign_k': 0.01474275315991467, 'ign_c': 47.268615251255675}.
[I 2026-08-06 02:18:23,324] Trial 377 finished with values: [10.76923076805719, 10.76923076805719] and parameters: {'k1': 0.0024398964530167717, 'D_low': 175.2878790340412, 'k2': 2.5461628161276896e-05, 'D_high': 34288.10943862523, 'fire_exp': 2.1589564941849333, 'P_half': 5.15399351160314, 'pre_dampen_half': 59.66041614891413, 'gpp_af': 2.8805537835688413, 'gpp_b': 0.0004837646996135023, 'gpp_d': 5.878566318396007, 'ign_k': 1.2124080603355416, 'ign_c': 514.0544615226304}.
[I 2026-08-06 02:18:24,305] Trial 378 finished with values: [11.326024542500674, 11.326024542500674] and parameters: {'k1': 0.0026651167490553537, 'D_low': 1.2834648227562822, 'k2': 0.08790311296857814, 'D_high': 4508.240502480678, 'fire_exp': 1.2680134752324452, 'P_half': 187.6006822030065, 'pre_dampen_half': 76.86605275420082, 'gpp_af': 2.8805537835688413, 'gpp_b': 5.2308563179361105e-05, 'gpp_d': 0.13274681648778813, 'ign_k': 0.7058572590901792, 'ign_c': 3.735862630812751}.
[I 2026-08-06 02:18:25,282] Trial 379 finished with values: [10.022770839794681, 10.022770839794681] and parameters: {'k1': 0.025383218374507292, 'D_low': 125.32726386250698, 'k2': 4.763991596630584e-05, 'D_high': 1687.3495104568947, 'fire_exp': 1.010722707674549, 'P_half': 39.03214299767183, 'pre_dampen_half': 703.6426675556048, 'gpp_af': 22.766850248686247, 'gpp_b': 3.228689523591491e-05, 'gpp_d': 0.19476644406315288, 'ign_k': 0.03141110271934876, 'ign_c': 47.268615251255675}.
[I 2026-08-06 02:18:26,246] Trial 380 finished with values: [10.70691780238681, 10.70691780238681] and parameters: {'k1': 0.025383218374507292, 'D_low': 7.068974950624602, 'k2': 4.763991596630584e-05, 'D_high': 400.9149428326862, 'fire_exp': 1.010722707674549, 'P_half': 9541.821559010194, 'pre_dampen_half': 1.6130673726933187, 'gpp_af': 0.028585493941961918, 'gpp_b': 3.228689523591491e-05, 'gpp_d': 891.8036602897795, 'ign_k': 0.03141110271934876, 'ign_c': 0.7724824966785973}.
[I 2026-08-06 02:18:27,228] Trial 381 finished with values: [10.435373017122414, 10.435373017122414] and parameters: {'k1': 0.03232155805617897, 'D_low': 18.89739291279832, 'k2': 0.0004381141781653133, 'D_high': 6455.595882939566, 'fire_exp': 1.0473002272689056, 'P_half': 1938.3858782150498, 'pre_dampen_half': 33.9790424311127, 'gpp_af': 11.234842109991876, 'gpp_b': 0.0006082667040432242, 'gpp_d': 0.07404167689653945, 'ign_k': 0.03141110271934876, 'ign_c': 10.140635645866492}.
[I 2026-08-06 02:18:28,323] Trial 382 finished with values: [10.221619111302152, 10.221619111302152] and parameters: {'k1': 2.0937989739527727e-05, 'D_low': 7.068974950624602, 'k2': 4.860905111373887e-05, 'D_high': 75773.14388518519, 'fire_exp': 1.1044852285094786, 'P_half': 187.6006822030065, 'pre_dampen_half': 1.4445251022763053, 'gpp_af': 0.028585493941961918, 'gpp_b': 2.800940363375676e-05, 'gpp_d': 5.878566318396007, 'ign_k': 0.0037322156377670697, 'ign_c': 0.6235377135673155}.
[I 2026-08-06 02:18:29,276] Trial 383 finished with values: [10.65219464892664, 10.65219464892664] and parameters: {'k1': 0.015602015889668856, 'D_low': 18.89739291279832, 'k2': 0.0004381141781653133, 'D_high': 24939.838794891497, 'fire_exp': 2.2881850891698634, 'P_half': 45.55085098454082, 'pre_dampen_half': 3.3594011166738142, 'gpp_af': 11.234842109991876, 'gpp_b': 1.5938003265859821, 'gpp_d': 368.30088529547436, 'ign_k': 0.01474275315991467, 'ign_c': 10.140635645866492}.
[I 2026-08-06 02:18:30,272] Trial 384 finished with values: [10.732046646602392, 10.732046646602392] and parameters: {'k1': 2.0937989739527727e-05, 'D_low': 38.45635122720662, 'k2': 0.0004381141781653133, 'D_high': 75773.14388518519, 'fire_exp': 1.1044852285094786, 'P_half': 403.3495283157659, 'pre_dampen_half': 61.829022221636144, 'gpp_af': 0.028585493941961918, 'gpp_b': 1.5938003265859821, 'gpp_d': 5.878566318396007, 'ign_k': 0.01474275315991467, 'ign_c': 3.735862630812751}.
[I 2026-08-06 02:18:31,252] Trial 385 finished with values: [10.331658814486268, 10.331658814486268] and parameters: {'k1': 2.0937989739527727e-05, 'D_low': 164.70698221724317, 'k2': 2.5461628161276896e-05, 'D_high': 75773.14388518519, 'fire_exp': 2.1589564941849333, 'P_half': 5.15399351160314, 'pre_dampen_half': 30.20668663862189, 'gpp_af': 0.005881383945248695, 'gpp_b': 2.800940363375676e-05, 'gpp_d': 0.12659922449669828, 'ign_k': 0.005568690083197025, 'ign_c': 0.6235377135673155}.
[I 2026-08-06 02:18:32,344] Trial 386 finished with values: [10.681191316555168, 10.681191316555168] and parameters: {'k1': 0.01833717796770997, 'D_low': 7.068974950624602, 'k2': 4.763991596630584e-05, 'D_high': 1687.3495104568947, 'fire_exp': 1.676642890914909, 'P_half': 63.585411411994926, 'pre_dampen_half': 1.4445251022763053, 'gpp_af': 22.766850248686247, 'gpp_b': 3.228689523591491e-05, 'gpp_d': 5.878566318396007, 'ign_k': 0.01474275315991467, 'ign_c': 0.6235377135673155}.
[I 2026-08-06 02:18:33,435] Trial 387 finished with values: [12.80847804706595, 12.80847804706595] and parameters: {'k1': 0.0004846497679219079, 'D_low': 7.068974950624602, 'k2': 4.860905111373887e-05, 'D_high': 75773.14388518519, 'fire_exp': 1.010722707674549, 'P_half': 7.857247967427123, 'pre_dampen_half': 14.689898077648792, 'gpp_af': 0.028585493941961918, 'gpp_b': 2.800940363375676e-05, 'gpp_d': 891.8036602897795, 'ign_k': 3.7173717478250508, 'ign_c': 14.367095138664217}.
[I 2026-08-06 02:18:34,497] Trial 388 finished with values: [10.57107583712205, 10.57107583712205] and parameters: {'k1': 0.0014057163351022498, 'D_low': 7.068974950624602, 'k2': 1.1184534120760473e-05, 'D_high': 75773.14388518519, 'fire_exp': 1.264103030891254, 'P_half': 235.37467825486968, 'pre_dampen_half': 1.4445251022763053, 'gpp_af': 0.004339536161007625, 'gpp_b': 2.7719116797094715e-05, 'gpp_d': 5.878566318396007, 'ign_k': 0.031134168041628628, 'ign_c': 19.19168994439752}.
[I 2026-08-06 02:18:36,760] Trial 389 finished with values: [10.751470964690713, 10.751470964690713] and parameters: {'k1': 2.0937989739527727e-05, 'D_low': 125.32726386250698, 'k2': 0.08894151386481904, 'D_high': 322.951013956506, 'fire_exp': 1.5201277403788451, 'P_half': 39.03214299767183, 'pre_dampen_half': 1.4445251022763053, 'gpp_af': 10.25616274847308, 'gpp_b': 3.228689523591491e-05, 'gpp_d': 5.878566318396007, 'ign_k': 0.03141110271934876, 'ign_c': 34.19108473554449}.
[I 2026-08-06 02:18:37,809] Trial 390 finished with values: [10.759667680927645, 10.759667680927645] and parameters: {'k1': 0.0004846497679219079, 'D_low': 9.330007965781027, 'k2': 0.034987345440353576, 'D_high': 75773.14388518519, 'fire_exp': 3.8026487174187142, 'P_half': 39.03214299767183, 'pre_dampen_half': 1.6130673726933187, 'gpp_af': 0.028585493941961918, 'gpp_b': 3.228689523591491e-05, 'gpp_d': 368.30088529547436, 'ign_k': 0.0037322156377670697, 'ign_c': 2.4287565087611744}.
[I 2026-08-06 02:18:38,819] Trial 391 finished with values: [10.469554394655045, 10.469554394655045] and parameters: {'k1': 2.3224552232891533e-05, 'D_low': 3234.7703263192993, 'k2': 4.763991596630584e-05, 'D_high': 75773.14388518519, 'fire_exp': 1.010722707674549, 'P_half': 8.369109437186466, 'pre_dampen_half': 0.21281400894533783, 'gpp_af': 0.028585493941961918, 'gpp_b': 5.2308563179361105e-05, 'gpp_d': 5.878566318396007, 'ign_k': 0.03141110271934876, 'ign_c': 0.6235377135673155}.
[I 2026-08-06 02:18:39,771] Trial 392 finished with values: [-0.4473326789393749, 0.1575189246636849] and parameters: {'k1': 0.014666151770108535, 'D_low': 9.330007965781027, 'k2': 0.034987345440353576, 'D_high': 20.31481195045495, 'fire_exp': 1.2943117749495199, 'P_half': 63.585411411994926, 'pre_dampen_half': 703.6426675556048, 'gpp_af': 10.25616274847308, 'gpp_b': 3.228689523591491e-05, 'gpp_d': 5.878566318396007, 'ign_k': 0.0037322156377670697, 'ign_c': 2.4287565087611744}.
[I 2026-08-06 02:18:40,705] Trial 393 finished with values: [10.769230745875575, 10.769230745875575] and parameters: {'k1': 2.0937989739527727e-05, 'D_low': 7.068974950624602, 'k2': 1.4378290221680118e-05, 'D_high': 32.96550135838091, 'fire_exp': 7.7401268792356985, 'P_half': 39.03214299767183, 'pre_dampen_half': 2.292633983096564, 'gpp_af': 0.028585493941961918, 'gpp_b': 3.228689523591491e-05, 'gpp_d': 0.3924302839842014, 'ign_k': 0.01474275315991467, 'ign_c': 2.92043384718141}.
[I 2026-08-06 02:18:41,637] Trial 394 finished with values: [10.692130769673769, 10.692130769673769] and parameters: {'k1': 0.0029707920514735983, 'D_low': 2.5379946629058443, 'k2': 2.1698375693549493e-05, 'D_high': 6366.1449945522045, 'fire_exp': 1.182396148413737, 'P_half': 6646.698709242519, 'pre_dampen_half': 33.9790424311127, 'gpp_af': 0.0025511964576171086, 'gpp_b': 3.228689523591491e-05, 'gpp_d': 857.4284557962634, 'ign_k': 0.03141110271934876, 'ign_c': 47.268615251255675}.
[I 2026-08-06 02:18:42,581] Trial 395 finished with values: [10.499402002706477, 10.499402002706477] and parameters: {'k1': 2.0937989739527727e-05, 'D_low': 7.068974950624602, 'k2': 4.763991596630584e-05, 'D_high': 6455.595882939566, 'fire_exp': 1.264103030891254, 'P_half': 958.8659498594012, 'pre_dampen_half': 111.37963167994629, 'gpp_af': 10.25616274847308, 'gpp_b': 3.228689523591491e-05, 'gpp_d': 5.878566318396007, 'ign_k': 0.13054148118849407, 'ign_c': 19.19168994439752}.
[I 2026-08-06 02:18:43,516] Trial 396 finished with values: [10.26037956616006, 10.26037956616006] and parameters: {'k1': 2.0937989739527727e-05, 'D_low': 1.2299210465793122, 'k2': 0.0499774937030317, 'D_high': 949.9072859745386, 'fire_exp': 1.1044852285094786, 'P_half': 11.877073321543955, 'pre_dampen_half': 3.3594011166738142, 'gpp_af': 20.44739969013527, 'gpp_b': 2.800940363375676e-05, 'gpp_d': 4.982605027348069, 'ign_k': 0.01474275315991467, 'ign_c': 0.7724824966785973}.
[I 2026-08-06 02:18:44,457] Trial 397 finished with values: [-0.532175312543544, 0.04045440322945604] and parameters: {'k1': 0.021368329072358756, 'D_low': 26.21130418912424, 'k2': 0.00014091459170104733, 'D_high': 17300.724838654387, 'fire_exp': 1.1044852285094786, 'P_half': 403.3495283157659, 'pre_dampen_half': 5.542030950268268, 'gpp_af': 0.028585493941961918, 'gpp_b': 0.0005995821881487623, 'gpp_d': 5.878566318396007, 'ign_k': 0.01474275315991467, 'ign_c': 2.92043384718141}.
[I 2026-08-06 02:18:45,369] Trial 398 finished with values: [10.645867983357254, 10.645867983357254] and parameters: {'k1': 0.021368329072358756, 'D_low': 18.522006003174383, 'k2': 1.1184534120760473e-05, 'D_high': 1687.3495104568947, 'fire_exp': 1.1044852285094786, 'P_half': 608.3019192425825, 'pre_dampen_half': 1.4445251022763053, 'gpp_af': 0.2343193755572473, 'gpp_b': 0.1676789742547917, 'gpp_d': 5.878566318396007, 'ign_k': 3.7173717478250508, 'ign_c': 14.367095138664217}.
[I 2026-08-06 02:18:46,305] Trial 399 finished with values: [10.414780153137475, 10.414780153137475] and parameters: {'k1': 0.0029707920514735983, 'D_low': 2.5379946629058443, 'k2': 0.00014091459170104733, 'D_high': 24939.838794891497, 'fire_exp': 1.1044852285094786, 'P_half': 1938.3858782150498, 'pre_dampen_half': 5.542030950268268, 'gpp_af': 0.0025511964576171086, 'gpp_b': 0.0005995821881487623, 'gpp_d': 857.4284557962634, 'ign_k': 0.03141110271934876, 'ign_c': 0.6235377135673155}.
[I 2026-08-06 02:18:47,237] Trial 400 finished with values: [10.554954752923784, 10.554954752923784] and parameters: {'k1': 2.0937989739527727e-05, 'D_low': 7.068974950624602, 'k2': 4.763991596630584e-05, 'D_high': 1687.3495104568947, 'fire_exp': 1.010722707674549, 'P_half': 417.79950639915216, 'pre_dampen_half': 703.6426675556048, 'gpp_af': 10.25616274847308, 'gpp_b': 3.228689523591491e-05, 'gpp_d': 5.878566318396007, 'ign_k': 0.03141110271934876, 'ign_c': 34.19108473554449}.
[I 2026-08-06 02:18:48,177] Trial 401 finished with values: [10.623357934263325, 10.623357934263325] and parameters: {'k1': 0.025383218374507292, 'D_low': 18.522006003174383, 'k2': 3.5917714215176105e-05, 'D_high': 1687.3495104568947, 'fire_exp': 1.5201277403788451, 'P_half': 45.55085098454082, 'pre_dampen_half': 14.689898077648792, 'gpp_af': 22.766850248686247, 'gpp_b': 0.6637926838138378, 'gpp_d': 5.679195944606101, 'ign_k': 3.7173717478250508, 'ign_c': 14.367095138664217}.
[I 2026-08-06 02:18:49,210] Trial 402 finished with values: [10.534289226643486, 10.534289226643486] and parameters: {'k1': 0.021368329072358756, 'D_low': 7.068974950624602, 'k2': 0.0003607301614542842, 'D_high': 949.9072859745386, 'fire_exp': 1.2943117749495199, 'P_half': 39.03214299767183, 'pre_dampen_half': 1.4445251022763053, 'gpp_af': 10.25616274847308, 'gpp_b': 2.800940363375676e-05, 'gpp_d': 5.878566318396007, 'ign_k': 0.0037322156377670697, 'ign_c': 0.6235377135673155}.
[I 2026-08-06 02:18:50,163] Trial 403 finished with values: [10.167786729111228, 10.167786729111228] and parameters: {'k1': 0.021368329072358756, 'D_low': 7.068974950624602, 'k2': 4.763991596630584e-05, 'D_high': 75773.14388518519, 'fire_exp': 1.1044852285094786, 'P_half': 2.2281634177046414, 'pre_dampen_half': 1.4445251022763053, 'gpp_af': 0.028585493941961918, 'gpp_b': 2.7719116797094715e-05, 'gpp_d': 5.878566318396007, 'ign_k': 0.01474275315991467, 'ign_c': 2.92043384718141}.
[I 2026-08-06 02:18:51,079] Trial 404 finished with values: [-0.5667272682931165, 0.024867906005044293] and parameters: {'k1': 0.025383218374507292, 'D_low': 18.522006003174383, 'k2': 4.763991596630584e-05, 'D_high': 400.9149428326862, 'fire_exp': 1.0473002272689056, 'P_half': 608.3019192425825, 'pre_dampen_half': 14.689898077648792, 'gpp_af': 22.766850248686247, 'gpp_b': 0.6637926838138378, 'gpp_d': 891.8036602897795, 'ign_k': 3.7173717478250508, 'ign_c': 14.367095138664217}.
