[I 2026-07-24 02:11:03,312] Trial 672 finished with value: 0.6393351153645441 and parameters: {'k1': 1.63846876670238e-05, 'D_low': 4.227342430396473, 'k2': 0.006691315047665512, 'D_high': 60642.532696598726, 'fire_exp': 1.5164810257772565, 'P_half': 17.299786803499817, 'pre_dampen_half': 916.8313655718038, 'gpp_af': 0.001179131056599818, 'gpp_b': 0.004444350230350516, 'gpp_d': 0.022746774491009564, 'ign_k': 0.00204111128169802, 'ign_c': 164.18401016320516, 'trop_agb_crit': 1.0201433936688145, 'trop_k_veg': 2.326918003409196, 'gdp_gamma': 1.244716273591886, 'fuel_k': 0.014833034359299552, 'fuel_half': 98.89715948977502}. Best is trial 335 with value: -0.6233152110406992.
[I 2026-07-24 02:11:03,770] Trial 673 finished with value: 0.5865050975123223 and parameters: {'k1': 1.856567203737661e-05, 'D_low': 29444.442996087928, 'k2': 0.001674059664594271, 'D_high': 917898.9515349515, 'fire_exp': 2.573287374215078, 'P_half': 273.93094056395756, 'pre_dampen_half': 17.262277691978795, 'gpp_af': 0.22963502302761066, 'gpp_b': 0.14553200897346674, 'gpp_d': 363.9644289783958, 'ign_k': 0.0037694275448292374, 'ign_c': 0.1592625103324522, 'trop_agb_crit': 21.786947358019464, 'trop_k_veg': 6.209341447137534, 'gdp_gamma': 0.3921466848946754, 'fuel_k': 0.017714317961453833, 'fuel_half': 33.849249552853074}. Best is trial 335 with value: -0.6233152110406992.
[I 2026-07-24 02:11:04,229] Trial 674 finished with value: 0.4132882421089896 and parameters: {'k1': 0.002797857006519471, 'D_low': 704.8792492264013, 'k2': 0.03929821368641006, 'D_high': 4851259.785429476, 'fire_exp': 6.266158532081998, 'P_half': 102.1734545526404, 'pre_dampen_half': 0.5763585288734069, 'gpp_af': 0.062350324281647995, 'gpp_b': 8.159957118878345e-05, 'gpp_d': 0.6291492757366014, 'ign_k': 0.41259050629469524, 'ign_c': 4.837988565621522, 'trop_agb_crit': 13.231953875146312, 'trop_k_veg': 0.9892176911487544, 'gdp_gamma': 0.8985922144998415, 'fuel_k': 0.1400553610888345, 'fuel_half': 60.801838716581976}. Best is trial 335 with value: -0.6233152110406992.
[I 2026-07-24 02:11:04,688] Trial 675 finished with value: 0.4704738000185834 and parameters: {'k1': 5.4622899504719346e-05, 'D_low': 17.50315728638179, 'k2': 0.06598834090225289, 'D_high': 385198.5154608868, 'fire_exp': 3.0486174210173975, 'P_half': 328.7066548683035, 'pre_dampen_half': 337.95954931440974, 'gpp_af': 0.7527089428481363, 'gpp_b': 0.001916137216114603, 'gpp_d': 28.73449510170697, 'ign_k': 0.012214232792998464, 'ign_c': 0.5796412890802543, 'trop_agb_crit': 25.784338292324396, 'trop_k_veg': 6.701195793338684, 'gdp_gamma': 1.7516643362302802, 'fuel_k': 0.06208287313883099, 'fuel_half': 37.0536809297534}. Best is trial 335 with value: -0.6233152110406992.
[I 2026-07-24 02:11:05,139] Trial 676 finished with value: 0.5744401536849734 and parameters: {'k1': 0.0005209963991105213, 'D_low': 1.1814773022589262, 'k2': 0.005090253468552131, 'D_high': 3647899.2014868255, 'fire_exp': 5.377482860436547, 'P_half': 9.96196839049723, 'pre_dampen_half': 2.228216174104823, 'gpp_af': 0.01374733016989828, 'gpp_b': 0.00040664532114054137, 'gpp_d': 11.193431421931553, 'ign_k': 0.039842660098647446, 'ign_c': 2.6432779704180662, 'trop_agb_crit': 1.2916978298740744, 'trop_k_veg': 0.6014325884086912, 'gdp_gamma': 0.5589800406235836, 'fuel_k': 0.013968250022740913, 'fuel_half': 9.87342903973746}. Best is trial 335 with value: -0.6233152110406992.
[I 2026-07-24 02:11:05,597] Trial 677 finished with value: 0.44765134003765006 and parameters: {'k1': 0.0008301100956777254, 'D_low': 9.332150912432622, 'k2': 0.011576783767349117, 'D_high': 55223.587307997586, 'fire_exp': 1.546612936923568, 'P_half': 1.8677128484104288, 'pre_dampen_half': 15.923783359331967, 'gpp_af': 0.0021694801051717555, 'gpp_b': 0.0015129231858270068, 'gpp_d': 25.545326780671445, 'ign_k': 0.006547730769537522, 'ign_c': 0.3980855420166276, 'trop_agb_crit': 1.6090803294276386, 'trop_k_veg': 1.2959580539786186, 'gdp_gamma': 0.670953469625063, 'fuel_k': 0.0595354449622018, 'fuel_half': 36.02113640646409}. Best is trial 335 with value: -0.6233152110406992.
[I 2026-07-24 02:11:06,060] Trial 678 finished with value: 0.4369606893903403 and parameters: {'k1': 0.0036984049422101204, 'D_low': 1.3248692206528037, 'k2': 0.003473527181317918, 'D_high': 9367715.450012198, 'fire_exp': 1.0758230354761342, 'P_half': 12.700732877324882, 'pre_dampen_half': 0.37923833864886713, 'gpp_af': 0.001684492267178915, 'gpp_b': 1.6405293945319968e-05, 'gpp_d': 1.9116218466028916, 'ign_k': 0.032252736732894006, 'ign_c': 0.8007275546273918, 'trop_agb_crit': 1.026707529846191, 'trop_k_veg': 0.5411130602666813, 'gdp_gamma': 1.624761409537568, 'fuel_k': 0.010158443990859413, 'fuel_half': 98.73574245107737}. Best is trial 335 with value: -0.6233152110406992.
[I 2026-07-24 02:11:06,518] Trial 679 finished with value: 0.491723992681237 and parameters: {'k1': 0.005807087188868781, 'D_low': 137.36264374529605, 'k2': 0.0056486332900863336, 'D_high': 41582.54002370819, 'fire_exp': 2.989808888390169, 'P_half': 23.951932353947285, 'pre_dampen_half': 0.5632223672097472, 'gpp_af': 0.02293746736241217, 'gpp_b': 1.3114079286932839e-05, 'gpp_d': 412.8577021576004, 'ign_k': 0.016662708893167545, 'ign_c': 0.9468720271434367, 'trop_agb_crit': 22.525908199986326, 'trop_k_veg': 1.7712271176831844, 'gdp_gamma': 1.4883909628712062, 'fuel_k': 1.1382914908814346, 'fuel_half': 3.7335240451519107}. Best is trial 335 with value: -0.6233152110406992.
[I 2026-07-24 02:11:06,973] Trial 680 finished with value: 0.6445374145881376 and parameters: {'k1': 0.000711236252639994, 'D_low': 2.5137495152534295, 'k2': 0.00011659012737777324, 'D_high': 5520811.289754484, 'fire_exp': 5.028728412665661, 'P_half': 46.33779125716013, 'pre_dampen_half': 15.822735118573965, 'gpp_af': 0.058920201461756555, 'gpp_b': 1.1342924147240362e-05, 'gpp_d': 0.8858002155110193, 'ign_k': 0.07820515089031377, 'ign_c': 311.8953612277688, 'trop_agb_crit': 11.646750267689733, 'trop_k_veg': 1.5749465403659084, 'gdp_gamma': 0.02002764200829406, 'fuel_k': 0.6196803041040988, 'fuel_half': 0.15731090443312998}. Best is trial 335 with value: -0.6233152110406992.
[I 2026-07-24 02:11:07,421] Trial 681 finished with value: 0.4142516497989177 and parameters: {'k1': 0.003144606213013476, 'D_low': 3.1427704263855754, 'k2': 0.011688739241651404, 'D_high': 360143.88468756934, 'fire_exp': 2.0342979139627686, 'P_half': 1.2157573712219973, 'pre_dampen_half': 5.256364020585208, 'gpp_af': 0.006567023750595046, 'gpp_b': 1.44435620816547e-05, 'gpp_d': 0.07780993786987948, 'ign_k': 0.001217335002488262, 'ign_c': 0.6979168342896551, 'trop_agb_crit': 1.0314557524577468, 'trop_k_veg': 1.0617750836441797, 'gdp_gamma': 1.444447673274334, 'fuel_k': 0.08801038264358649, 'fuel_half': 32.80654907215623}. Best is trial 335 with value: -0.6233152110406992.
[I 2026-07-24 02:11:07,870] Trial 682 finished with value: 0.5953951251544833 and parameters: {'k1': 0.0012547089960597054, 'D_low': 24128.23369043887, 'k2': 0.0037205873804534283, 'D_high': 37397.209558224684, 'fire_exp': 1.6501747164598495, 'P_half': 187.69457335065698, 'pre_dampen_half': 0.4164896969517193, 'gpp_af': 0.2404597557065667, 'gpp_b': 1.6582864644126528e-05, 'gpp_d': 571.5272332699057, 'ign_k': 0.0020029744846965414, 'ign_c': 0.7964173925800466, 'trop_agb_crit': 22.321240026169004, 'trop_k_veg': 3.488517620269197, 'gdp_gamma': 1.311682061933663, 'fuel_k': 0.663615777868889, 'fuel_half': 4.583298614377061}. Best is trial 335 with value: -0.6233152110406992.
[I 2026-07-24 02:11:08,322] Trial 683 finished with value: 0.4040675095651294 and parameters: {'k1': 0.00998298333990782, 'D_low': 385.4936626434564, 'k2': 0.04957346548606025, 'D_high': 78532.6800678356, 'fire_exp': 1.7611151239593295, 'P_half': 205.5837806385091, 'pre_dampen_half': 14.204333177473794, 'gpp_af': 0.14323018597621842, 'gpp_b': 1.3032222467065677e-05, 'gpp_d': 154.69949496784415, 'ign_k': 0.0011292265310345868, 'ign_c': 4.753084300355599, 'trop_agb_crit': 3.1437634458193355, 'trop_k_veg': 0.6909587571973973, 'gdp_gamma': 1.3530927477786312, 'fuel_k': 0.026779015632296812, 'fuel_half': 14.031155396801157}. Best is trial 335 with value: -0.6233152110406992.
[I 2026-07-24 02:11:08,784] Trial 684 finished with value: 0.5537358693830519 and parameters: {'k1': 9.841432488342004e-05, 'D_low': 8348.508921857005, 'k2': 0.010651797542051731, 'D_high': 840165.8345019971, 'fire_exp': 1.9240012839841465, 'P_half': 112.24041376583945, 'pre_dampen_half': 0.14755298929565602, 'gpp_af': 0.11856639315831975, 'gpp_b': 1.3296467103772981e-05, 'gpp_d': 17.78396372397042, 'ign_k': 0.0030889214199618397, 'ign_c': 0.28570295964168096, 'trop_agb_crit': 10.587640244606341, 'trop_k_veg': 1.8376845832951325, 'gdp_gamma': 0.31867144008901477, 'fuel_k': 0.05487011663503385, 'fuel_half': 7.303988266916417}. Best is trial 335 with value: -0.6233152110406992.
[I 2026-07-24 02:11:09,244] Trial 685 finished with value: 0.6071613882784501 and parameters: {'k1': 0.04006346202924666, 'D_low': 1848.483194266816, 'k2': 0.0017228656332636137, 'D_high': 1420.3259464866087, 'fire_exp': 2.0900654949474538, 'P_half': 232.8795087350301, 'pre_dampen_half': 1.577545876557792, 'gpp_af': 0.03699555396001946, 'gpp_b': 6.826473724341932e-05, 'gpp_d': 183.37372523173906, 'ign_k': 0.0010971140449463769, 'ign_c': 0.34149587732344366, 'trop_agb_crit': 19.558408742916427, 'trop_k_veg': 2.1041321747429422, 'gdp_gamma': 0.26173624755125857, 'fuel_k': 0.04663450795022668, 'fuel_half': 4.031039449550026}. Best is trial 335 with value: -0.6233152110406992.
[I 2026-07-24 02:11:09,766] Trial 686 finished with value: 0.5228142845157214 and parameters: {'k1': 0.006411692280483533, 'D_low': 37.736681109862644, 'k2': 0.012490738690353683, 'D_high': 971471.209375168, 'fire_exp': 3.167230216417768, 'P_half': 1.7364901788236753, 'pre_dampen_half': 0.32785930188149104, 'gpp_af': 0.6668596658392123, 'gpp_b': 3.7454699621422343e-05, 'gpp_d': 19.84987180761349, 'ign_k': 0.015984134511399656, 'ign_c': 1.2281875308169026, 'trop_agb_crit': 1.0013954669581384, 'trop_k_veg': 0.8130914363534418, 'gdp_gamma': 0.5262408639053896, 'fuel_k': 0.013861464718946441, 'fuel_half': 79.03274415160433}. Best is trial 335 with value: -0.6233152110406992.
[I 2026-07-24 02:11:10,221] Trial 687 finished with value: -0.45782590713057536 and parameters: {'k1': 0.004003390340327083, 'D_low': 131521.95413331082, 'k2': 0.05285815729371951, 'D_high': 1620065.499584241, 'fire_exp': 2.0082263265231703, 'P_half': 60.20253211179546, 'pre_dampen_half': 41.95005655431027, 'gpp_af': 0.17297773786381673, 'gpp_b': 6.13501249187099e-05, 'gpp_d': 544.3929340214962, 'ign_k': 0.46504132218185185, 'ign_c': 5.924325678213733, 'trop_agb_crit': 22.036308475456273, 'trop_k_veg': 1.7809455518432753, 'gdp_gamma': 0.5477738901526619, 'fuel_k': 0.02829889997865016, 'fuel_half': 61.05741963724586}. Best is trial 335 with value: -0.6233152110406992.
[I 2026-07-24 02:11:10,673] Trial 688 finished with value: 0.6122567453997846 and parameters: {'k1': 0.00036023501479251057, 'D_low': 58.17758371361893, 'k2': 0.020676949376202913, 'D_high': 392817.3390557666, 'fire_exp': 1.6683002777944056, 'P_half': 44.62212262210997, 'pre_dampen_half': 172.20188062310007, 'gpp_af': 0.14581142134334893, 'gpp_b': 0.022331221796996342, 'gpp_d': 473.8909204032073, 'ign_k': 0.04772973099867776, 'ign_c': 0.7359248511587436, 'trop_agb_crit': 10.6516750690512, 'trop_k_veg': 4.152194745726528, 'gdp_gamma': 1.277771949860217, 'fuel_k': 0.05338755303379445, 'fuel_half': 97.28746817849579}. Best is trial 335 with value: -0.6233152110406992.
[I 2026-07-24 02:11:11,145] Trial 689 finished with value: -0.5593015996679693 and parameters: {'k1': 4.584265801330856e-05, 'D_low': 1.3546143101897945, 'k2': 0.00874827824995315, 'D_high': 759031.3946231253, 'fire_exp': 2.5391488472516603, 'P_half': 529.1742065196922, 'pre_dampen_half': 68.21896127772864, 'gpp_af': 5.678849442211784, 'gpp_b': 0.00016246772925359692, 'gpp_d': 341.9952449931735, 'ign_k': 0.08115441051006203, 'ign_c': 1.1690210340234246, 'trop_agb_crit': 18.663503616967464, 'trop_k_veg': 1.2047026239641567, 'gdp_gamma': 0.0038764734742068306, 'fuel_k': 2.202586074820497, 'fuel_half': 0.12203720970085588}. Best is trial 335 with value: -0.6233152110406992.
[I 2026-07-24 02:11:11,613] Trial 690 finished with value: 0.5312516828005943 and parameters: {'k1': 0.0005118557526197976, 'D_low': 2.2117582700939598, 'k2': 0.08317513268837898, 'D_high': 8492949.943454491, 'fire_exp': 2.407100974994259, 'P_half': 16.007348621854575, 'pre_dampen_half': 153.0066311869051, 'gpp_af': 17.698620908447662, 'gpp_b': 1.2097065932119247e-05, 'gpp_d': 55.84469196242555, 'ign_k': 0.00979222586440948, 'ign_c': 0.11208588552105131, 'trop_agb_crit': 6.034335816316201, 'trop_k_veg': 1.7631163933048184, 'gdp_gamma': 1.588939834428667, 'fuel_k': 0.011335970369142896, 'fuel_half': 38.797021654636914}. Best is trial 335 with value: -0.6233152110406992.
[I 2026-07-24 02:11:12,065] Trial 691 finished with value: 0.5718590328001288 and parameters: {'k1': 2.698985026180424e-05, 'D_low': 2.0429994349255103, 'k2': 0.0032846881355764056, 'D_high': 7237629.908573985, 'fire_exp': 3.2701417664583534, 'P_half': 78.83754313847633, 'pre_dampen_half': 4.504774361179012, 'gpp_af': 0.4106108236608781, 'gpp_b': 0.0017701638759888515, 'gpp_d': 1.2172719183256209, 'ign_k': 0.001861046256140438, 'ign_c': 0.8459953888876935, 'trop_agb_crit': 2.341475508233156, 'trop_k_veg': 0.6760076760947926, 'gdp_gamma': 0.6713018211467909, 'fuel_k': 0.07617277635480804, 'fuel_half': 80.43479965478105}. Best is trial 335 with value: -0.6233152110406992.
[I 2026-07-24 02:11:12,520] Trial 692 finished with value: 0.6191857397151579 and parameters: {'k1': 1.3566575751094636e-05, 'D_low': 137.10717460244817, 'k2': 0.002171033503791542, 'D_high': 926478.1386746292, 'fire_exp': 1.4793040235104216, 'P_half': 23.538541636561913, 'pre_dampen_half': 107.30985285409174, 'gpp_af': 0.33828062302019946, 'gpp_b': 0.00022073785660146162, 'gpp_d': 0.04919864775097639, 'ign_k': 0.020457439248657432, 'ign_c': 207.81205197085717, 'trop_agb_crit': 6.167532512256866, 'trop_k_veg': 2.3051035713750556, 'gdp_gamma': 0.8066895758841472, 'fuel_k': 0.01413751929657201, 'fuel_half': 15.86037911106565}. Best is trial 335 with value: -0.6233152110406992.
[I 2026-07-24 02:11:12,987] Trial 693 finished with value: 0.5343981330202833 and parameters: {'k1': 5.921970990415134e-05, 'D_low': 5.700008115288385, 'k2': 7.813174329172097e-05, 'D_high': 763938.8181824074, 'fire_exp': 1.211578871548681, 'P_half': 2.9599555546262786, 'pre_dampen_half': 0.13804505285227706, 'gpp_af': 0.03276907550653692, 'gpp_b': 0.002774079714241894, 'gpp_d': 0.05462195730913373, 'ign_k': 0.0036871901647976936, 'ign_c': 49.96551171009823, 'trop_agb_crit': 2.7169476429406485, 'trop_k_veg': 1.0286612561269446, 'gdp_gamma': 0.5211662023987386, 'fuel_k': 0.16855636843122795, 'fuel_half': 65.33615547655376}. Best is trial 335 with value: -0.6233152110406992.
[I 2026-07-24 02:11:13,444] Trial 694 finished with value: 0.5943815650617046 and parameters: {'k1': 0.0014761736289705576, 'D_low': 989.1372468361108, 'k2': 0.005092101961842341, 'D_high': 14993.922777338525, 'fire_exp': 2.0771005917131, 'P_half': 188.07859498229297, 'pre_dampen_half': 7.966876218503806, 'gpp_af': 0.12151074189705846, 'gpp_b': 3.2360629919934704e-05, 'gpp_d': 0.23896448662739855, 'ign_k': 0.18186209858695015, 'ign_c': 33.59541715917202, 'trop_agb_crit': 8.17102027388853, 'trop_k_veg': 1.213773277416058, 'gdp_gamma': 0.20656905069658654, 'fuel_k': 0.30311929300556667, 'fuel_half': 85.54047020897912}. Best is trial 335 with value: -0.6233152110406992.
[I 2026-07-24 02:11:13,899] Trial 695 finished with value: 0.5343852266344854 and parameters: {'k1': 0.0007068900984035113, 'D_low': 1.5517538984655286, 'k2': 0.0010252093264857395, 'D_high': 179182.42195200908, 'fire_exp': 8.38911203587658, 'P_half': 24.717170255748794, 'pre_dampen_half': 37.250826171872504, 'gpp_af': 0.006331349678418544, 'gpp_b': 5.78216970779154e-05, 'gpp_d': 2.1416112721815583, 'ign_k': 0.0664884205595906, 'ign_c': 8.97487323476395, 'trop_agb_crit': 17.385601161710383, 'trop_k_veg': 1.4315390739293856, 'gdp_gamma': 0.0036302350867924516, 'fuel_k': 4.552423101292911, 'fuel_half': 0.11432574145601103}. Best is trial 335 with value: -0.6233152110406992.
[I 2026-07-24 02:11:14,354] Trial 696 finished with value: 0.5786056615212084 and parameters: {'k1': 0.0021245114398232936, 'D_low': 3.9073608287330357, 'k2': 0.00016625632593191185, 'D_high': 1037606.3727077073, 'fire_exp': 8.54218646940292, 'P_half': 308.0772711254801, 'pre_dampen_half': 4.543232577565975, 'gpp_af': 0.007578198091302821, 'gpp_b': 3.609368309081129e-05, 'gpp_d': 4.762756367242308, 'ign_k': 0.1902829088227671, 'ign_c': 16.69246959585404, 'trop_agb_crit': 17.349343549545992, 'trop_k_veg': 0.6197392454408595, 'gdp_gamma': 0.0022145472185719868, 'fuel_k': 2.130868048804934, 'fuel_half': 0.45028477047901666}. Best is trial 335 with value: -0.6233152110406992.
[I 2026-07-24 02:11:14,804] Trial 697 finished with value: 0.6292176524178785 and parameters: {'k1': 8.045159650406236e-05, 'D_low': 60.36591823656467, 'k2': 0.002931116635513472, 'D_high': 9185277.966782365, 'fire_exp': 1.2060199094555248, 'P_half': 751.0914529461724, 'pre_dampen_half': 613.4983348487898, 'gpp_af': 0.9460981620267003, 'gpp_b': 0.03669675799319346, 'gpp_d': 0.013295929080791883, 'ign_k': 0.007862312345781754, 'ign_c': 410.68140143469725, 'trop_agb_crit': 3.5621946148282673, 'trop_k_veg': 4.434156285795912, 'gdp_gamma': 1.886086676146532, 'fuel_k': 0.02227194491921935, 'fuel_half': 53.603843067441595}. Best is trial 335 with value: -0.6233152110406992.
[I 2026-07-24 02:11:15,252] Trial 698 finished with value: 0.48074000092711666 and parameters: {'k1': 0.019142779407297663, 'D_low': 8.869464331868533, 'k2': 0.04737392597962203, 'D_high': 3924411.8190346262, 'fire_exp': 1.899940810850813, 'P_half': 1.480611943397102, 'pre_dampen_half': 2.2423695365044165, 'gpp_af': 0.002876327888034713, 'gpp_b': 4.2717623897752476e-05, 'gpp_d': 6.0944855161101055, 'ign_k': 0.01327053293767698, 'ign_c': 0.1447033904655617, 'trop_agb_crit': 2.3480024495669807, 'trop_k_veg': 1.2642755293949366, 'gdp_gamma': 0.2368020047396256, 'fuel_k': 0.04244796248401178, 'fuel_half': 87.00485742497183}. Best is trial 335 with value: -0.6233152110406992.
[I 2026-07-24 02:11:15,714] Trial 699 finished with value: 0.4140442613892349 and parameters: {'k1': 0.007692323143356595, 'D_low': 13.15928990194297, 'k2': 0.0037271028609800563, 'D_high': 632084.9062965275, 'fire_exp': 1.6439148964888808, 'P_half': 175.98869903836223, 'pre_dampen_half': 9.2244218559958, 'gpp_af': 0.1999273790999805, 'gpp_b': 0.0014998303434472031, 'gpp_d': 1.8723985654860167, 'ign_k': 0.02918750666889393, 'ign_c': 9.02064161798125, 'trop_agb_crit': 12.405893576350712, 'trop_k_veg': 0.5342008443755744, 'gdp_gamma': 1.1507668199425962, 'fuel_k': 0.0815445657845034, 'fuel_half': 60.61988668731048}. Best is trial 335 with value: -0.6233152110406992.
[I 2026-07-24 02:11:16,169] Trial 700 finished with value: 0.4861920434893089 and parameters: {'k1': 0.05345567522568052, 'D_low': 5.75873804899128, 'k2': 0.08500761116160284, 'D_high': 323165.50058202306, 'fire_exp': 1.1076114459246054, 'P_half': 687.1324148192557, 'pre_dampen_half': 90.91582304624015, 'gpp_af': 0.006999579729586046, 'gpp_b': 0.00035455372578276816, 'gpp_d': 175.7715519142775, 'ign_k': 0.0011061006622813609, 'ign_c': 0.6426713636525974, 'trop_agb_crit': 2.438290352133292, 'trop_k_veg': 0.8775486437962353, 'gdp_gamma': 1.0838839000743445, 'fuel_k': 0.012157062688442149, 'fuel_half': 45.92791164422924}. Best is trial 335 with value: -0.6233152110406992.
[I 2026-07-24 02:11:16,617] Trial 701 finished with value: 0.5135221090857576 and parameters: {'k1': 0.0011430971236594339, 'D_low': 6.197518143762529, 'k2': 0.006567664563924538, 'D_high': 2760448.3040167373, 'fire_exp': 1.361904248889825, 'P_half': 4765.019171824404, 'pre_dampen_half': 15.930674055152913, 'gpp_af': 0.007885445503114822, 'gpp_b': 4.223756014914766e-05, 'gpp_d': 517.9726053701423, 'ign_k': 0.00558622907747779, 'ign_c': 1.953791823903013, 'trop_agb_crit': 5.187962128190614, 'trop_k_veg': 0.9399522733861155, 'gdp_gamma': 1.0176357973826504, 'fuel_k': 0.026024314793013932, 'fuel_half': 49.1252625230176}. Best is trial 335 with value: -0.6233152110406992.
[I 2026-07-24 02:11:17,072] Trial 702 finished with value: 0.4907087663963884 and parameters: {'k1': 0.007589482397858297, 'D_low': 2.241443445754545, 'k2': 0.011767803831206134, 'D_high': 384679.5624621937, 'fire_exp': 2.687567891868268, 'P_half': 3.4700327569163973, 'pre_dampen_half': 911.9787577319838, 'gpp_af': 0.0010464887858115544, 'gpp_b': 2.2267975427386736e-05, 'gpp_d': 15.355615043499881, 'ign_k': 0.09592997002253623, 'ign_c': 0.2376633721140583, 'trop_agb_crit': 1.5958363786364966, 'trop_k_veg': 1.2251477090369198, 'gdp_gamma': 0.2576195703647384, 'fuel_k': 0.010121694138540293, 'fuel_half': 43.70633812682734}. Best is trial 335 with value: -0.6233152110406992.
[I 2026-07-24 02:11:17,523] Trial 703 finished with value: 0.41998734107057045 and parameters: {'k1': 0.0031522015163780244, 'D_low': 31.087795147691338, 'k2': 0.0027306283196622825, 'D_high': 843304.8516513327, 'fire_exp': 1.8562327510835115, 'P_half': 3.346705514444904, 'pre_dampen_half': 63.70758116350686, 'gpp_af': 0.04395864682035342, 'gpp_b': 1.6681787062086578e-05, 'gpp_d': 2.8556014179449245, 'ign_k': 0.005495287380247435, 'ign_c': 34.729051930960935, 'trop_agb_crit': 2.7612629180190345, 'trop_k_veg': 0.8893188294565341, 'gdp_gamma': 0.467484961127307, 'fuel_k': 0.013543863129539323, 'fuel_half': 3.430375014877066}. Best is trial 335 with value: -0.6233152110406992.
