[I 2026-08-19 15:35:13,344] Trial 1217 finished with value: -0.6017509675459964 and parameters: {'k1': 0.0003648659363433285, 'D_low': 545.3735253347068, 'k2': 0.02919613294613683, 'D_high': 2728822.77124204, 'fire_exp': 1.2870039143961538, 'P_half': 209.23743923282342, 'pre_dampen_half': 4.720258900250599, 'gpp_af': 0.1278496239373199, 'gpp_b': 0.0012420947127544295, 'gpp_d': 5.098323360160137, 'ign_k': 0.06266402094846733, 'ign_c': 10.478068356843723, 'trop_agb_crit': 16.910164117157514, 'trop_k_veg': 2.8766473730946505, 'pop_amp': 0.0024626344829473137, 'pop_peak': 13.753218096867643, 'pop_sig': 1.1973544870252748, 'fuel_k': 4.3043310025705654, 'fuel_half': 0.9629635726741174}. Best is trial 421 with value: -0.6216386034937503.
[I 2026-08-19 15:35:16,847] Trial 1218 finished with value: -0.46643713893265615 and parameters: {'k1': 0.0003014782728663602, 'D_low': 128.7219735517806, 'k2': 0.04138067554834483, 'D_high': 99512.70948440996, 'fire_exp': 1.4310375542770053, 'P_half': 204.63241479887043, 'pre_dampen_half': 0.08160532517727753, 'gpp_af': 0.06150535384907172, 'gpp_b': 0.016465992250348387, 'gpp_d': 14.55091473638674, 'ign_k': 0.004203817109008201, 'ign_c': 24.53852120634927, 'trop_agb_crit': 13.960211547001254, 'trop_k_veg': 3.349750538768927, 'pop_amp': 0.02034850520927278, 'pop_peak': 4.253393946300062, 'pop_sig': 0.5633872074587437, 'fuel_k': 4.742648471467841, 'fuel_half': 0.1750634463898526}. Best is trial 421 with value: -0.6216386034937503.
[I 2026-08-19 15:35:19,690] Trial 1219 finished with value: -0.575884049658591 and parameters: {'k1': 0.0017233226282892262, 'D_low': 15516.953853464012, 'k2': 0.00903950378900849, 'D_high': 3515052.687834035, 'fire_exp': 1.071505767259782, 'P_half': 167.28394855672218, 'pre_dampen_half': 15.230875879975166, 'gpp_af': 0.17799509473356087, 'gpp_b': 0.0004589138189537469, 'gpp_d': 5.365716994307182, 'ign_k': 0.84294434577688, 'ign_c': 9.444336748485808, 'trop_agb_crit': 17.73365564563782, 'trop_k_veg': 2.900218521047851, 'pop_amp': 0.0011668392332283056, 'pop_peak': 255.01298177706093, 'pop_sig': 1.1170290740887905, 'fuel_k': 1.368655933176011, 'fuel_half': 1.9020187955308223}. Best is trial 421 with value: -0.6216386034937503.
[I 2026-08-19 15:35:23,952] Trial 1220 finished with value: -0.601896352005107 and parameters: {'k1': 0.0008358211654156631, 'D_low': 25.798123293886487, 'k2': 0.0009039542118549763, 'D_high': 901992.5340588172, 'fire_exp': 1.5544558456252568, 'P_half': 3.386105578822299, 'pre_dampen_half': 1.4800430638093298, 'gpp_af': 0.005659898103580755, 'gpp_b': 0.00018231550089403264, 'gpp_d': 0.6220682574010074, 'ign_k': 0.09628778326326352, 'ign_c': 0.35054580197887436, 'trop_agb_crit': 9.259615703406073, 'trop_k_veg': 5.090576522182092, 'pop_amp': 0.0023262771008706355, 'pop_peak': 2.096424092934858, 'pop_sig': 0.5005379386744295, 'fuel_k': 1.3301174377908715, 'fuel_half': 0.1639307711128256}. Best is trial 421 with value: -0.6216386034937503.
[I 2026-08-19 15:35:27,198] Trial 1221 finished with value: -0.5602770612375544 and parameters: {'k1': 0.0004917028210082205, 'D_low': 10725.71025606146, 'k2': 0.009401495225119046, 'D_high': 4739942.7433370715, 'fire_exp': 1.249641247472089, 'P_half': 98.24351439360562, 'pre_dampen_half': 22.174157001432356, 'gpp_af': 0.07461410131313781, 'gpp_b': 0.0012842958373043846, 'gpp_d': 0.5157065756904488, 'ign_k': 0.020518703706559376, 'ign_c': 1.6883790331455115, 'trop_agb_crit': 16.190251754274016, 'trop_k_veg': 4.35047580560986, 'pop_amp': 0.007018515383346444, 'pop_peak': 7.298483583531978, 'pop_sig': 1.4327029230215071, 'fuel_k': 1.1939534590495864, 'fuel_half': 0.8949701762391017}. Best is trial 421 with value: -0.6216386034937503.
[I 2026-08-19 15:35:29,954] Trial 1222 finished with value: -0.48155963490196474 and parameters: {'k1': 0.004484578791897151, 'D_low': 58.988685108986324, 'k2': 0.0003236145636420227, 'D_high': 154951.9985680593, 'fire_exp': 2.052768765061555, 'P_half': 1.475402767411848, 'pre_dampen_half': 0.13331702468148823, 'gpp_af': 0.007455092840004425, 'gpp_b': 0.00013030475285506998, 'gpp_d': 0.7541661561183916, 'ign_k': 0.06145643464611534, 'ign_c': 2.0118853657614557, 'trop_agb_crit': 4.876887973177441, 'trop_k_veg': 7.332486777712854, 'pop_amp': 0.00576908248160872, 'pop_peak': 1.5296921402473276, 'pop_sig': 0.562784034191782, 'fuel_k': 0.8530826866695743, 'fuel_half': 0.11373061069749608}. Best is trial 421 with value: -0.6216386034937503.
  trial 1223/2500  best_overall=0.6216  (71.4 min)
[I 2026-08-19 15:35:33,633] Trial 1223 finished with value: -0.5134834766216037 and parameters: {'k1': 0.00037034590595489986, 'D_low': 33.20422623833326, 'k2': 0.09423195547864173, 'D_high': 8773967.361378398, 'fire_exp': 1.2276443117409779, 'P_half': 115.71379004406732, 'pre_dampen_half': 1.232491004231205, 'gpp_af': 0.025264008444802113, 'gpp_b': 0.009021403427671984, 'gpp_d': 1.0894345715013938, 'ign_k': 0.05849353915267773, 'ign_c': 1.7622420664231917, 'trop_agb_crit': 12.815063048685273, 'trop_k_veg': 2.190231945372986, 'pop_amp': 0.004557701787948328, 'pop_peak': 4.746238539577104, 'pop_sig': 0.7851418224994309, 'fuel_k': 1.7456392208559812, 'fuel_half': 3.0658177663710235}. Best is trial 421 with value: -0.6216386034937503.
[I 2026-08-19 15:35:36,427] Trial 1224 finished with value: -0.5467056289408088 and parameters: {'k1': 0.0004435354102729038, 'D_low': 1345.904945948537, 'k2': 0.0004095001944011377, 'D_high': 785415.2266175782, 'fire_exp': 1.9392948391212248, 'P_half': 606.0988003135982, 'pre_dampen_half': 3.301553092291229, 'gpp_af': 0.001011139423998442, 'gpp_b': 1.3536358292101455e-05, 'gpp_d': 0.10461332447398902, 'ign_k': 0.18172147742955194, 'ign_c': 0.13382263130138994, 'trop_agb_crit': 15.68841888351755, 'trop_k_veg': 0.601190089880096, 'pop_amp': 0.0997184247931039, 'pop_peak': 3.4902749273954554, 'pop_sig': 0.27887725918779244, 'fuel_k': 2.0662579109479187, 'fuel_half': 0.5516791922739953}. Best is trial 421 with value: -0.6216386034937503.
[I 2026-08-19 15:35:38,858] Trial 1225 finished with value: -0.6034635382277734 and parameters: {'k1': 0.0026305178837963132, 'D_low': 252.75324393165565, 'k2': 0.0058431651843126485, 'D_high': 330250.0636731812, 'fire_exp': 2.530036743734781, 'P_half': 34.358891031241384, 'pre_dampen_half': 2.3049693852999784, 'gpp_af': 0.007745091129674885, 'gpp_b': 5.772912251854395e-05, 'gpp_d': 26.166210279144366, 'ign_k': 1.8677545772054633, 'ign_c': 0.15222886806009844, 'trop_agb_crit': 28.22208882427442, 'trop_k_veg': 1.872378645942414, 'pop_amp': 0.0032634490439889816, 'pop_peak': 3.623752525017719, 'pop_sig': 0.5275296147726781, 'fuel_k': 1.2443418437114562, 'fuel_half': 0.7683860239898026}. Best is trial 421 with value: -0.6216386034937503.
[I 2026-08-19 15:35:41,503] Trial 1226 finished with value: -0.5164416769627262 and parameters: {'k1': 0.0003495003969793836, 'D_low': 105.52234152929964, 'k2': 0.000971512864450987, 'D_high': 202480.1836956976, 'fire_exp': 1.5474192901344233, 'P_half': 156.5689524239005, 'pre_dampen_half': 0.14939827574846382, 'gpp_af': 0.001281638459897355, 'gpp_b': 2.6130636526794183e-05, 'gpp_d': 104.584413461624, 'ign_k': 1.9208105804131637, 'ign_c': 0.19704075195610965, 'trop_agb_crit': 6.476930074598659, 'trop_k_veg': 1.8299449048655436, 'pop_amp': 0.0011527285383385035, 'pop_peak': 86.46031024967952, 'pop_sig': 0.46062339624376675, 'fuel_k': 1.3588444674382458, 'fuel_half': 0.6658708124243911}. Best is trial 421 with value: -0.6216386034937503.
[I 2026-08-19 15:35:43,919] Trial 1227 finished with value: -0.5527411122816959 and parameters: {'k1': 0.00036936510046801994, 'D_low': 2319.6691262587474, 'k2': 4.022730353479085e-05, 'D_high': 9790.548439476897, 'fire_exp': 1.615250882299166, 'P_half': 1.2799548485770813, 'pre_dampen_half': 83.56611570461324, 'gpp_af': 0.07872706609918692, 'gpp_b': 1.3127237025794615e-05, 'gpp_d': 0.5326837152834558, 'ign_k': 0.07241105899673471, 'ign_c': 0.1125117635656613, 'trop_agb_crit': 7.081793955265414, 'trop_k_veg': 6.426068183655071, 'pop_amp': 0.001987021551319602, 'pop_peak': 0.2020526833228434, 'pop_sig': 0.4961785221123816, 'fuel_k': 5.057219947224783, 'fuel_half': 0.16978231076026729}. Best is trial 421 with value: -0.6216386034937503.
[I 2026-08-19 15:35:46,475] Trial 1228 finished with value: -0.4551050926303345 and parameters: {'k1': 0.00012104419940276039, 'D_low': 2.751530294078916, 'k2': 0.006836385422577466, 'D_high': 2708632.4008437362, 'fire_exp': 1.0500850356329723, 'P_half': 5606.977286727987, 'pre_dampen_half': 40.464158877094604, 'gpp_af': 0.7167443822081668, 'gpp_b': 0.0006744135946906555, 'gpp_d': 7.886259074265036, 'ign_k': 0.023673268147519144, 'ign_c': 1.304620190179416, 'trop_agb_crit': 18.416120717774845, 'trop_k_veg': 1.9919668339222127, 'pop_amp': 0.0045517100774773375, 'pop_peak': 22.706133040720744, 'pop_sig': 1.1031934068867801, 'fuel_k': 2.224299659379139, 'fuel_half': 2.380713859453678}. Best is trial 421 with value: -0.6216386034937503.
[I 2026-08-19 15:35:49,249] Trial 1229 finished with value: -0.4540686014297327 and parameters: {'k1': 0.006250604974554493, 'D_low': 63.89788782648605, 'k2': 0.006915854902543922, 'D_high': 410339.43595430814, 'fire_exp': 1.3713894141151057, 'P_half': 24.62401158791051, 'pre_dampen_half': 0.7532658677060633, 'gpp_af': 0.002155588191542512, 'gpp_b': 0.009021268596405152, 'gpp_d': 0.022899782683538636, 'ign_k': 0.21853989424102388, 'ign_c': 0.3700379678116354, 'trop_agb_crit': 15.094099386245789, 'trop_k_veg': 1.6133838068583004, 'pop_amp': 0.01893478015916047, 'pop_peak': 7.679779938940663, 'pop_sig': 0.40624415064991665, 'fuel_k': 4.499918977770326, 'fuel_half': 0.4464137873731241}. Best is trial 421 with value: -0.6216386034937503.
[I 2026-08-19 15:35:51,971] Trial 1230 finished with value: -0.4113162203756026 and parameters: {'k1': 4.5291028163569056e-05, 'D_low': 35.24007141823187, 'k2': 0.004217741654899687, 'D_high': 533982.253088759, 'fire_exp': 1.9540352865623234, 'P_half': 50.661852343483886, 'pre_dampen_half': 7.186557889331055, 'gpp_af': 0.6257119027002327, 'gpp_b': 0.027725453768237818, 'gpp_d': 6.196740323440011, 'ign_k': 0.1020793668765507, 'ign_c': 177.12341975587648, 'trop_agb_crit': 5.655527178835813, 'trop_k_veg': 1.888936072044044, 'pop_amp': 0.00992663218925246, 'pop_peak': 41.26841274053706, 'pop_sig': 0.9767693543451638, 'fuel_k': 3.6974744386966325, 'fuel_half': 0.3761112509132607}. Best is trial 421 with value: -0.6216386034937503.
  trial 1231/2500  best_overall=0.6216  (71.8 min)
[I 2026-08-19 15:35:55,350] Trial 1231 finished with value: -0.5306828137973693 and parameters: {'k1': 0.017478904155440688, 'D_low': 10604.980225992706, 'k2': 0.012766819586015766, 'D_high': 643349.3097608653, 'fire_exp': 3.2985915242063903, 'P_half': 9.830962072480125, 'pre_dampen_half': 11.097425588579409, 'gpp_af': 0.003822610200893341, 'gpp_b': 0.00022052237629188476, 'gpp_d': 79.47066598257031, 'ign_k': 0.1319866416597903, 'ign_c': 0.4942904207690326, 'trop_agb_crit': 21.86709489154605, 'trop_k_veg': 2.251355185130052, 'pop_amp': 0.001537045378387846, 'pop_peak': 0.1418527860047361, 'pop_sig': 0.3683607626935118, 'fuel_k': 2.2146797738856003, 'fuel_half': 5.460075590161944}. Best is trial 421 with value: -0.6216386034937503.
[I 2026-08-19 15:35:57,914] Trial 1232 finished with value: -0.40205544437774143 and parameters: {'k1': 0.003915400400687459, 'D_low': 51.60478622320936, 'k2': 0.02287831996944705, 'D_high': 6565.927984083827, 'fire_exp': 1.9471041566669143, 'P_half': 203.56508241912127, 'pre_dampen_half': 0.025041277399021147, 'gpp_af': 0.001540952229544603, 'gpp_b': 0.00130517632633199, 'gpp_d': 15.47740952475348, 'ign_k': 0.1734887588524869, 'ign_c': 3.8491011502205534, 'trop_agb_crit': 20.797756135984493, 'trop_k_veg': 2.6156559228255643, 'pop_amp': 0.0034230975753411267, 'pop_peak': 8.849095196018121, 'pop_sig': 0.5613394597665585, 'fuel_k': 0.6159793982709626, 'fuel_half': 4.222979223204944}. Best is trial 421 with value: -0.6216386034937503.
[I 2026-08-19 15:36:00,485] Trial 1233 finished with value: -0.4634065603107639 and parameters: {'k1': 0.0023245255734672125, 'D_low': 1794.397689042286, 'k2': 0.023640603388973697, 'D_high': 9443598.543457167, 'fire_exp': 2.619647813654159, 'P_half': 182.0292791408723, 'pre_dampen_half': 0.03764100474054409, 'gpp_af': 0.0037346930070915694, 'gpp_b': 2.0310522358814973e-05, 'gpp_d': 7.433833038403316, 'ign_k': 9.392751715211599, 'ign_c': 0.11909305997327212, 'trop_agb_crit': 21.815506216700793, 'trop_k_veg': 1.4326872315171497, 'pop_amp': 0.002481201877232909, 'pop_peak': 2.974290023268524, 'pop_sig': 0.5714981050856663, 'fuel_k': 1.5792785806270744, 'fuel_half': 0.6574235720818555}. Best is trial 421 with value: -0.6216386034937503.
[I 2026-08-19 15:36:03,578] Trial 1234 finished with value: -0.5224443946964524 and parameters: {'k1': 0.006479074194199872, 'D_low': 1262.098560369304, 'k2': 0.0011098458018564095, 'D_high': 464259.5143239897, 'fire_exp': 2.2140873097767373, 'P_half': 24.84597524587509, 'pre_dampen_half': 27.72775963564478, 'gpp_af': 0.01143884135614694, 'gpp_b': 2.9557863178456495e-05, 'gpp_d': 2.623487885866911, 'ign_k': 5.491096140060419, 'ign_c': 0.22781567355938942, 'trop_agb_crit': 12.26892068220429, 'trop_k_veg': 2.2488635208518626, 'pop_amp': 0.010589340941979669, 'pop_peak': 0.5264267598372392, 'pop_sig': 0.7896555323741496, 'fuel_k': 0.6935625447856779, 'fuel_half': 0.4185860907333933}. Best is trial 421 with value: -0.6216386034937503.
[I 2026-08-19 15:36:06,541] Trial 1235 finished with value: -0.38383162246462826 and parameters: {'k1': 0.0005863928111813042, 'D_low': 6551.47713303627, 'k2': 0.028752974466608187, 'D_high': 4362680.782681137, 'fire_exp': 2.0093930288107167, 'P_half': 47.17162867881649, 'pre_dampen_half': 0.31719420235818807, 'gpp_af': 11.046838303094098, 'gpp_b': 0.0002186508681860565, 'gpp_d': 0.2054029713122123, 'ign_k': 0.011987445307934068, 'ign_c': 7.805416098754518, 'trop_agb_crit': 16.921578136948547, 'trop_k_veg': 2.852118345550898, 'pop_amp': 0.02026934321474418, 'pop_peak': 12.059912945723463, 'pop_sig': 0.8130700721400043, 'fuel_k': 4.024147618117917, 'fuel_half': 1.2492651233702434}. Best is trial 421 with value: -0.6216386034937503.
[I 2026-08-19 15:36:09,804] Trial 1236 finished with value: -0.5372242553898662 and parameters: {'k1': 0.00018793303908634404, 'D_low': 10405.341194558494, 'k2': 0.004627180454026343, 'D_high': 3510955.956125626, 'fire_exp': 1.6537447590409704, 'P_half': 156.82734732464667, 'pre_dampen_half': 2.7092157632680878, 'gpp_af': 0.29677048330156086, 'gpp_b': 2.447511814236114e-05, 'gpp_d': 3.2247431274411404, 'ign_k': 0.0686494759606492, 'ign_c': 13.787870571211235, 'trop_agb_crit': 29.273871727626407, 'trop_k_veg': 2.3337055343904067, 'pop_amp': 0.008600586465653823, 'pop_peak': 3.892759271508409, 'pop_sig': 1.1525431948713722, 'fuel_k': 3.2735054969180717, 'fuel_half': 0.789937687433191}. Best is trial 421 with value: -0.6216386034937503.
[I 2026-08-19 15:36:12,593] Trial 1237 finished with value: -0.5681741924545561 and parameters: {'k1': 0.0004200645235252395, 'D_low': 3.5544229955444453, 'k2': 0.0003331929560980053, 'D_high': 114363.0895572493, 'fire_exp': 2.3840185246399037, 'P_half': 2.5544540609205484, 'pre_dampen_half': 6.130892874307355, 'gpp_af': 0.002525359996875951, 'gpp_b': 1.1942906464499685e-05, 'gpp_d': 0.0815165110795226, 'ign_k': 0.058546985100218815, 'ign_c': 2.327295968021597, 'trop_agb_crit': 6.13955478465998, 'trop_k_veg': 3.2750400040910077, 'pop_amp': 0.0010645551428140184, 'pop_peak': 1.283355499906806, 'pop_sig': 0.33256430683958976, 'fuel_k': 1.3508997798382703, 'fuel_half': 0.7304361852032665}. Best is trial 421 with value: -0.6216386034937503.
  trial 1238/2500  best_overall=0.6216  (72.1 min)
[I 2026-08-19 15:36:15,655] Trial 1238 finished with value: -0.482398798353216 and parameters: {'k1': 0.002638294198005811, 'D_low': 20.4596383731898, 'k2': 0.004670424305396578, 'D_high': 8566652.478921749, 'fire_exp': 2.183046530405156, 'P_half': 13.698972662985927, 'pre_dampen_half': 0.07171410450001205, 'gpp_af': 0.009272258550939041, 'gpp_b': 0.00026092222165911827, 'gpp_d': 0.06059191847827077, 'ign_k': 0.11193020025142388, 'ign_c': 0.10507132392675864, 'trop_agb_crit': 10.992643175389219, 'trop_k_veg': 7.05486138772723, 'pop_amp': 0.0015585951384775787, 'pop_peak': 3.225046569362521, 'pop_sig': 0.4810539586246609, 'fuel_k': 1.0772480954900208, 'fuel_half': 0.19454957697415393}. Best is trial 421 with value: -0.6216386034937503.
[I 2026-08-19 15:36:18,533] Trial 1239 finished with value: -0.4242050636135867 and parameters: {'k1': 0.019194411612723686, 'D_low': 1133.6729671146063, 'k2': 0.018070284665565723, 'D_high': 10255.513108964647, 'fire_exp': 3.785634490141935, 'P_half': 59.43946801514804, 'pre_dampen_half': 0.3909377032686033, 'gpp_af': 0.002152672371101041, 'gpp_b': 8.472263447359459e-05, 'gpp_d': 168.58294985838293, 'ign_k': 1.4854991836492646, 'ign_c': 3.3502415905525837, 'trop_agb_crit': 21.294958650778952, 'trop_k_veg': 1.602900473569721, 'pop_amp': 0.004564310705186026, 'pop_peak': 11.483727302871479, 'pop_sig': 0.3646837368682044, 'fuel_k': 3.9307278761887248, 'fuel_half': 3.561583717403854}. Best is trial 421 with value: -0.6216386034937503.
[I 2026-08-19 15:36:21,623] Trial 1240 finished with value: -0.40386056942639337 and parameters: {'k1': 0.06918166871792429, 'D_low': 12.90133177641626, 'k2': 2.926570419490367e-05, 'D_high': 49285.44529299118, 'fire_exp': 1.799057570391555, 'P_half': 35.90341495445091, 'pre_dampen_half': 0.377505142011382, 'gpp_af': 0.016394095929308013, 'gpp_b': 0.0013598598311190947, 'gpp_d': 0.1720774251913562, 'ign_k': 2.637672932728938, 'ign_c': 27.730550854209305, 'trop_agb_crit': 7.453838020519573, 'trop_k_veg': 7.340605732544739, 'pop_amp': 1.7380840070452874, 'pop_peak': 0.20154870985470447, 'pop_sig': 0.4614120170052578, 'fuel_k': 1.6987967848871264, 'fuel_half': 0.11998000507138247}. Best is trial 421 with value: -0.6216386034937503.
[I 2026-08-19 15:36:24,506] Trial 1241 finished with value: -0.5905778070764951 and parameters: {'k1': 0.0007280464246226708, 'D_low': 24.700999903542016, 'k2': 0.01143481442539269, 'D_high': 636414.5936621045, 'fire_exp': 3.178291663228833, 'P_half': 64.04506368544315, 'pre_dampen_half': 0.9254249811497021, 'gpp_af': 0.15132732463614287, 'gpp_b': 3.3713506706838076e-05, 'gpp_d': 17.657381807530356, 'ign_k': 6.417121190277653, 'ign_c': 0.16158728854250723, 'trop_agb_crit': 17.44593570210752, 'trop_k_veg': 1.7578784013221047, 'pop_amp': 0.0024697580634827536, 'pop_peak': 7.33715660571493, 'pop_sig': 0.7532690763452249, 'fuel_k': 3.5269611580008573, 'fuel_half': 0.19693119653883775}. Best is trial 421 with value: -0.6216386034937503.
[I 2026-08-19 15:36:27,934] Trial 1242 finished with value: -0.4403089947729237 and parameters: {'k1': 8.37345319659087e-05, 'D_low': 545.419995697397, 'k2': 0.016098615738038644, 'D_high': 356327.2123155363, 'fire_exp': 1.5349317093352424, 'P_half': 6.750640745219296, 'pre_dampen_half': 0.0989746127683991, 'gpp_af': 0.0038976963864993273, 'gpp_b': 0.001639406443593617, 'gpp_d': 0.18902575488471884, 'ign_k': 0.1071426894871246, 'ign_c': 0.5812003102332574, 'trop_agb_crit': 23.178716206976606, 'trop_k_veg': 1.4159852844557073, 'pop_amp': 0.025351366874388888, 'pop_peak': 0.1683520419134559, 'pop_sig': 0.6304854537361086, 'fuel_k': 0.6371068469134011, 'fuel_half': 0.7493090100447936}. Best is trial 421 with value: -0.6216386034937503.
[I 2026-08-19 15:36:30,683] Trial 1243 finished with value: -0.46599304533414665 and parameters: {'k1': 3.2139880948811226e-05, 'D_low': 579.1869024163817, 'k2': 0.017860485465168895, 'D_high': 1465510.02613997, 'fire_exp': 1.2421109680462248, 'P_half': 877.6834809935201, 'pre_dampen_half': 2.4169339103848997, 'gpp_af': 0.021187053715835593, 'gpp_b': 0.00021212002177570225, 'gpp_d': 28.165892489261722, 'ign_k': 0.03796590386944153, 'ign_c': 0.7691100495533801, 'trop_agb_crit': 18.46453285713509, 'trop_k_veg': 4.696783620249637, 'pop_amp': 0.002454531760376848, 'pop_peak': 3.7166120234740685, 'pop_sig': 1.1053097929830669, 'fuel_k': 0.8233333069297795, 'fuel_half': 4.905574432813978}. Best is trial 421 with value: -0.6216386034937503.
[I 2026-08-19 15:36:33,221] Trial 1244 finished with value: -0.42327108269535074 and parameters: {'k1': 0.0003282192188370774, 'D_low': 14.406769185020172, 'k2': 0.005216503249369691, 'D_high': 7097.113963737345, 'fire_exp': 2.0568790266874304, 'P_half': 1.646336788278357, 'pre_dampen_half': 4.190270317495874, 'gpp_af': 0.008752796165431813, 'gpp_b': 5.754331211647351e-05, 'gpp_d': 1.1542391756962225, 'ign_k': 0.0841736569658677, 'ign_c': 0.1218132702354249, 'trop_agb_crit': 12.076736617184938, 'trop_k_veg': 6.888865813403579, 'pop_amp': 0.006527352657372279, 'pop_peak': 117.68688809167413, 'pop_sig': 0.47428579324457637, 'fuel_k': 0.35575982642890447, 'fuel_half': 1.0237278657042714}. Best is trial 421 with value: -0.6216386034937503.
  trial 1245/2500  best_overall=0.6216  (72.5 min)
[I 2026-08-19 15:36:36,558] Trial 1245 finished with value: -0.44387986769436144 and parameters: {'k1': 0.0005971926060610938, 'D_low': 1.4976534984827918, 'k2': 0.003018872371591402, 'D_high': 5594186.187334599, 'fire_exp': 1.0866614905730272, 'P_half': 2.5322844755515996, 'pre_dampen_half': 0.0546486796877811, 'gpp_af': 0.0014797375904763866, 'gpp_b': 0.0038432689256752807, 'gpp_d': 4.768663413904072, 'ign_k': 0.033562756062598245, 'ign_c': 6.387774749140568, 'trop_agb_crit': 10.516814586474615, 'trop_k_veg': 1.3408432867919484, 'pop_amp': 0.4943965142786465, 'pop_peak': 404.48029963976774, 'pop_sig': 0.4195962305125891, 'fuel_k': 3.6486911809888105, 'fuel_half': 0.1482786375429043}. Best is trial 421 with value: -0.6216386034937503.
