[I 2026-07-25 00:33:38,260] Trial 550 finished with value: 0.4634254655992478 and parameters: {'k1': 0.0004121937871000522, 'D_low': 3224.443830894075, 'k2': 9.248594231022695e-05, 'D_high': 653765.3033182737, 'fire_exp': 4.71007503075022, 'P_half': 2.524271544017094, 'pre_dampen_half': 6.880866256079615, 'gpp_af': 0.6978813326238675, 'gpp_b': 1.0367166885544096e-05, 'gpp_d': 274.60728402034033, 'ign_k': 0.009689980023344636, 'ign_c': 3.5834691075692193, 'trop_agb_crit': 7.256494607446966, 'trop_k_veg': 1.9224004938802592, 'gdp_gamma': 1.4239998633557713, 'cure_k': 0.028183700602067277, 'cure_p_min': 329.73504382783767, 'cure_gpp_ref': 1.170606040221374, 'cure_agb_crit': 4.456525909727692, 'fuel_k': 0.21888338307411712, 'fuel_half': 2.8421615004682947}. Best is trial 0 with value: -0.6232552202351066.
[I 2026-07-25 00:33:38,713] Trial 551 finished with value: 0.567605497311699 and parameters: {'k1': 6.417454257711426e-05, 'D_low': 1.586123826082908, 'k2': 0.00010656116044593358, 'D_high': 332974.6312633422, 'fire_exp': 1.8013462674290888, 'P_half': 5177.029540152034, 'pre_dampen_half': 0.331787082567368, 'gpp_af': 76.58225220209063, 'gpp_b': 0.0001057993434729427, 'gpp_d': 31.672237554292693, 'ign_k': 0.4926014722408294, 'ign_c': 24.41030319409638, 'trop_agb_crit': 24.516310849827228, 'trop_k_veg': 2.800907226299263, 'gdp_gamma': 1.09283117085934, 'cure_k': 0.020738478679540283, 'cure_p_min': 216.85167640429893, 'cure_gpp_ref': 0.7340512654310185, 'cure_agb_crit': 7.053261374207568, 'fuel_k': 0.021254847536199734, 'fuel_half': 0.22939775025231915}. Best is trial 0 with value: -0.6232552202351066.
[I 2026-07-25 00:33:39,164] Trial 552 finished with value: 0.45796004734232443 and parameters: {'k1': 0.026086660394326725, 'D_low': 4.351563847593345, 'k2': 5.524882632201646e-05, 'D_high': 1260694.8280571536, 'fire_exp': 1.1334960280662307, 'P_half': 714.3089870630258, 'pre_dampen_half': 0.062210984903531344, 'gpp_af': 4.115744788563838, 'gpp_b': 0.0046651956314006544, 'gpp_d': 415.93016537371574, 'ign_k': 0.6313124681518143, 'ign_c': 10.749442498558432, 'trop_agb_crit': 6.340771994564828, 'trop_k_veg': 5.056738924296247, 'gdp_gamma': 0.32343897084730355, 'cure_k': 0.0029121307826601877, 'cure_p_min': 204.3283864762207, 'cure_gpp_ref': 0.3427415743650111, 'cure_agb_crit': 7.075023541985555, 'fuel_k': 0.06643263118176565, 'fuel_half': 0.12999896201403124}. Best is trial 0 with value: -0.6232552202351066.
[I 2026-07-25 00:33:39,614] Trial 553 finished with value: -0.5908834067830905 and parameters: {'k1': 0.00010340770237453528, 'D_low': 615.5634178014576, 'k2': 0.007166977720381932, 'D_high': 509036.0464561402, 'fire_exp': 3.128617748772087, 'P_half': 41.95024000550535, 'pre_dampen_half': 4.9048351656101, 'gpp_af': 29.41465977789289, 'gpp_b': 0.00012970833891753713, 'gpp_d': 222.2152584160768, 'ign_k': 0.17492719525070932, 'ign_c': 4.77059803500138, 'trop_agb_crit': 28.00630778802363, 'trop_k_veg': 3.9999012506714093, 'gdp_gamma': 0.28234037640853243, 'cure_k': 0.004707270754631415, 'cure_p_min': 311.8457186850461, 'cure_gpp_ref': 1.0464389039306747, 'cure_agb_crit': 3.800306454519234, 'fuel_k': 0.14258840036982143, 'fuel_half': 0.10720565496616825}. Best is trial 0 with value: -0.6232552202351066.
[I 2026-07-25 00:33:40,069] Trial 554 finished with value: 0.6092571255112201 and parameters: {'k1': 0.013061021708195493, 'D_low': 71.43699234624694, 'k2': 0.05779842602992008, 'D_high': 1542.2141437796877, 'fire_exp': 2.3379520357513592, 'P_half': 24.401428236924293, 'pre_dampen_half': 87.88944572484377, 'gpp_af': 0.15863201912216582, 'gpp_b': 2.525513174799147e-05, 'gpp_d': 6.873881608729391, 'ign_k': 0.006640292448010418, 'ign_c': 167.51233533395782, 'trop_agb_crit': 5.357956422082397, 'trop_k_veg': 1.3555430537281288, 'gdp_gamma': 0.8485946936913501, 'cure_k': 0.0027968761992734795, 'cure_p_min': 198.2353050500372, 'cure_gpp_ref': 0.22691525492695502, 'cure_agb_crit': 1.4746117403097878, 'fuel_k': 0.068116067255484, 'fuel_half': 51.948663773476525}. Best is trial 0 with value: -0.6232552202351066.
[I 2026-07-25 00:33:40,525] Trial 555 finished with value: -0.6028109957235039 and parameters: {'k1': 0.0012373169730268416, 'D_low': 372.2177886249743, 'k2': 0.00020845420889751564, 'D_high': 1081245.6332356033, 'fire_exp': 1.339478017608194, 'P_half': 71.28920497173233, 'pre_dampen_half': 0.3539520053311749, 'gpp_af': 1.108526380918361, 'gpp_b': 0.010300642155803914, 'gpp_d': 145.78362973507873, 'ign_k': 0.04825476530106019, 'ign_c': 13.84823714006884, 'trop_agb_crit': 7.853950722812609, 'trop_k_veg': 4.757605122751584, 'gdp_gamma': 1.116165978899737, 'cure_k': 0.005279895851596353, 'cure_p_min': 375.58435966858565, 'cure_gpp_ref': 1.6863575076134913, 'cure_agb_crit': 4.5576031331759115, 'fuel_k': 0.10909977145820479, 'fuel_half': 1.8394636640340354}. Best is trial 0 with value: -0.6232552202351066.
[I 2026-07-25 00:33:41,012] Trial 556 finished with value: 0.5382356590480498 and parameters: {'k1': 0.010768449273949796, 'D_low': 177.84507571636647, 'k2': 0.00029986810970223087, 'D_high': 11841.353986339755, 'fire_exp': 2.717891157983804, 'P_half': 683.3336721868205, 'pre_dampen_half': 0.5599884930984917, 'gpp_af': 1.6655234033634254, 'gpp_b': 3.373952748260469e-05, 'gpp_d': 997.763140404752, 'ign_k': 0.10135541661900947, 'ign_c': 21.214530123522664, 'trop_agb_crit': 11.968340769088153, 'trop_k_veg': 2.5431799500156833, 'gdp_gamma': 0.6466609788484305, 'cure_k': 0.05395842719575437, 'cure_p_min': 291.60749067235344, 'cure_gpp_ref': 0.24800899146893404, 'cure_agb_crit': 7.651769404646845, 'fuel_k': 0.012977018206780332, 'fuel_half': 0.10701855696623018}. Best is trial 0 with value: -0.6232552202351066.
[I 2026-07-25 00:33:41,485] Trial 557 finished with value: 0.6031704922391089 and parameters: {'k1': 4.154439829491592e-05, 'D_low': 1791.1701374225083, 'k2': 0.00945239536075369, 'D_high': 17299.024977233294, 'fire_exp': 3.048469776373287, 'P_half': 15.448908974574495, 'pre_dampen_half': 8.08782533011245, 'gpp_af': 4.443768480027589, 'gpp_b': 0.00029975438938236734, 'gpp_d': 47.15071493543269, 'ign_k': 0.4050115047841871, 'ign_c': 41.30417310563566, 'trop_agb_crit': 24.607792957110032, 'trop_k_veg': 4.845810109390238, 'gdp_gamma': 0.040687443548859545, 'cure_k': 0.0029865645891179117, 'cure_p_min': 255.8131126351723, 'cure_gpp_ref': 1.4766962924410012, 'cure_agb_crit': 1.9005153917210111, 'fuel_k': 0.302562517852396, 'fuel_half': 0.389054128773148}. Best is trial 0 with value: -0.6232552202351066.
[I 2026-07-25 00:33:41,938] Trial 558 finished with value: 0.5051287930506503 and parameters: {'k1': 0.0001063457657407703, 'D_low': 62.655725517084775, 'k2': 0.004328825454774776, 'D_high': 60465.26207705928, 'fire_exp': 6.168727784703075, 'P_half': 39.75944012925146, 'pre_dampen_half': 24.54180421223025, 'gpp_af': 18.53852341028929, 'gpp_b': 0.00018477759183178685, 'gpp_d': 809.0731814663341, 'ign_k': 1.239597604645551, 'ign_c': 5.447435102110717, 'trop_agb_crit': 16.518748160711592, 'trop_k_veg': 2.9016196456134296, 'gdp_gamma': 0.18880754650589318, 'cure_k': 0.012032220699492757, 'cure_p_min': 304.27857299627607, 'cure_gpp_ref': 0.39616578103466343, 'cure_agb_crit': 3.7735213931748626, 'fuel_k': 0.06061718495095693, 'fuel_half': 0.21664610620264668}. Best is trial 0 with value: -0.6232552202351066.
[I 2026-07-25 00:33:42,389] Trial 559 finished with value: -0.5315682802426928 and parameters: {'k1': 0.07621953307431749, 'D_low': 66.39068211813985, 'k2': 0.021247892852974723, 'D_high': 202180.81133701903, 'fire_exp': 1.4332146087241238, 'P_half': 538.6277386297519, 'pre_dampen_half': 291.18849688985716, 'gpp_af': 0.0012303938755179147, 'gpp_b': 0.0008858431226232204, 'gpp_d': 411.44837724056123, 'ign_k': 0.003050358673111715, 'ign_c': 15.98306983968133, 'trop_agb_crit': 23.609359614124738, 'trop_k_veg': 0.5798231179710154, 'gdp_gamma': 0.8398256516711691, 'cure_k': 0.001620318505436217, 'cure_p_min': 140.25371006963778, 'cure_gpp_ref': 0.21900649291449098, 'cure_agb_crit': 3.5117707011876265, 'fuel_k': 0.5344273885124063, 'fuel_half': 1.1588284813896612}. Best is trial 0 with value: -0.6232552202351066.
[I 2026-07-25 00:33:42,840] Trial 560 finished with value: 0.5896519594534352 and parameters: {'k1': 0.00011314572408237872, 'D_low': 1317.5900487874117, 'k2': 0.0001985153988977486, 'D_high': 16520.26377171132, 'fire_exp': 4.494009908878385, 'P_half': 6.965230548638832, 'pre_dampen_half': 5.886198013106961, 'gpp_af': 0.02026531846432866, 'gpp_b': 0.00018514785159252505, 'gpp_d': 0.06029597696116731, 'ign_k': 0.06654436731622101, 'ign_c': 25.83374704632938, 'trop_agb_crit': 7.888700979220764, 'trop_k_veg': 1.8308902883396985, 'gdp_gamma': 0.6519493087842387, 'cure_k': 0.005671605882801707, 'cure_p_min': 160.2411339617884, 'cure_gpp_ref': 0.06905692687050596, 'cure_agb_crit': 3.2017947891045435, 'fuel_k': 0.7703172029931874, 'fuel_half': 96.75643004936276}. Best is trial 0 with value: -0.6232552202351066.
[I 2026-07-25 00:33:43,293] Trial 561 finished with value: 0.5674320767096941 and parameters: {'k1': 0.0006065908854787631, 'D_low': 115.1626909920866, 'k2': 0.00021102724709833214, 'D_high': 347221.9696124554, 'fire_exp': 1.590554823160456, 'P_half': 153.8256164244445, 'pre_dampen_half': 0.12337087999748353, 'gpp_af': 0.18085275358089353, 'gpp_b': 0.005540956029667418, 'gpp_d': 280.59111364016695, 'ign_k': 0.11935136334777718, 'ign_c': 37.44516661551438, 'trop_agb_crit': 5.13689657228325, 'trop_k_veg': 7.721887304862314, 'gdp_gamma': 0.815399172385202, 'cure_k': 0.0032843064016260617, 'cure_p_min': 269.91251153320127, 'cure_gpp_ref': 1.3175407077466827, 'cure_agb_crit': 7.9247527060836545, 'fuel_k': 0.06838036317212945, 'fuel_half': 0.9939620220813506}. Best is trial 0 with value: -0.6232552202351066.
[I 2026-07-25 00:33:43,741] Trial 562 finished with value: 0.4385844412151233 and parameters: {'k1': 1.8165464970517123e-05, 'D_low': 1.5185994620809702, 'k2': 0.0005479639902682468, 'D_high': 1959027.0950451582, 'fire_exp': 2.007767001391071, 'P_half': 1.475430987416306, 'pre_dampen_half': 13.712382375160812, 'gpp_af': 0.0012719612171386942, 'gpp_b': 2.749233482501431e-05, 'gpp_d': 94.94401458228572, 'ign_k': 0.0010003742750449504, 'ign_c': 0.18933862954837424, 'trop_agb_crit': 7.382090169348354, 'trop_k_veg': 3.197238039787026, 'gdp_gamma': 0.5707335595594824, 'cure_k': 0.026403311622404092, 'cure_p_min': 345.048630407821, 'cure_gpp_ref': 0.2316157363347899, 'cure_agb_crit': 1.498790369416521, 'fuel_k': 0.028916446537368825, 'fuel_half': 1.0758927818457469}. Best is trial 0 with value: -0.6232552202351066.
[I 2026-07-25 00:33:44,192] Trial 563 finished with value: 0.6029245183659221 and parameters: {'k1': 0.0009043723762706721, 'D_low': 490.97163302965373, 'k2': 0.00029295704967392924, 'D_high': 740875.1419873305, 'fire_exp': 1.316520954727462, 'P_half': 1340.8938333970452, 'pre_dampen_half': 6.365777044454723, 'gpp_af': 9.549144066235133, 'gpp_b': 4.8977955380520154e-05, 'gpp_d': 17.457516098196006, 'ign_k': 0.36806059660081036, 'ign_c': 261.2316760858787, 'trop_agb_crit': 5.176333983759896, 'trop_k_veg': 1.3618416553092425, 'gdp_gamma': 0.2753800705672669, 'cure_k': 0.011514226363889766, 'cure_p_min': 295.72136789243666, 'cure_gpp_ref': 0.3774359507004704, 'cure_agb_crit': 4.841539488548264, 'fuel_k': 0.014003852669801512, 'fuel_half': 0.288107270078124}. Best is trial 0 with value: -0.6232552202351066.
[I 2026-07-25 00:33:44,643] Trial 564 finished with value: 0.5479606364080489 and parameters: {'k1': 0.00028240871159014976, 'D_low': 172.72784459493064, 'k2': 1.580979817662442e-05, 'D_high': 919547.0270473487, 'fire_exp': 1.0497553851370975, 'P_half': 27.11553067828613, 'pre_dampen_half': 5.485316750230164, 'gpp_af': 0.005763938210817619, 'gpp_b': 0.00029254695302350763, 'gpp_d': 0.1389288292478456, 'ign_k': 0.059279342247871215, 'ign_c': 14.72765668224315, 'trop_agb_crit': 7.800752581777106, 'trop_k_veg': 0.5967079987009254, 'gdp_gamma': 1.5319721373737352, 'cure_k': 0.21997793758492185, 'cure_p_min': 237.94852595542346, 'cure_gpp_ref': 0.05726788278394535, 'cure_agb_crit': 2.2760191694323537, 'fuel_k': 0.11433625817386073, 'fuel_half': 14.044608223768673}. Best is trial 0 with value: -0.6232552202351066.
[I 2026-07-25 00:33:45,097] Trial 565 finished with value: 0.5805973962425155 and parameters: {'k1': 0.00015534207032322326, 'D_low': 27.50414945796642, 'k2': 0.000381031192564947, 'D_high': 29989.701757020477, 'fire_exp': 2.0498161065026537, 'P_half': 8.885166322241934, 'pre_dampen_half': 1.0073067961136242, 'gpp_af': 0.06862128857051047, 'gpp_b': 0.026345127566698313, 'gpp_d': 3.3371411019940465, 'ign_k': 0.007802570945652163, 'ign_c': 179.08303537975064, 'trop_agb_crit': 16.67434804960367, 'trop_k_veg': 4.259346116150257, 'gdp_gamma': 0.8171209297576627, 'cure_k': 0.007910655683942423, 'cure_p_min': 369.90165278213607, 'cure_gpp_ref': 1.9035868079629783, 'cure_agb_crit': 3.623184975689451, 'fuel_k': 0.10430610321004387, 'fuel_half': 16.08623420132848}. Best is trial 0 with value: -0.6232552202351066.
[I 2026-07-25 00:33:45,551] Trial 566 finished with value: 0.6450101824709753 and parameters: {'k1': 0.0013131925561136479, 'D_low': 118.95602996105633, 'k2': 4.120231441690007e-05, 'D_high': 1993409.1226368877, 'fire_exp': 1.191751399442144, 'P_half': 58.36447234750193, 'pre_dampen_half': 6.997037278042997, 'gpp_af': 0.32411798433558403, 'gpp_b': 0.0010952725991647432, 'gpp_d': 50.041497597068755, 'ign_k': 3.1109897098597767, 'ign_c': 15.82145330362322, 'trop_agb_crit': 10.698687745477608, 'trop_k_veg': 3.807422990383664, 'gdp_gamma': 1.0339988461031029, 'cure_k': 0.00824013809998383, 'cure_p_min': 315.5036392074725, 'cure_gpp_ref': 1.5972413185743122, 'cure_agb_crit': 3.9854707811524053, 'fuel_k': 0.40371550147616303, 'fuel_half': 12.53944828097933}. Best is trial 0 with value: -0.6232552202351066.
[I 2026-07-25 00:33:46,007] Trial 567 finished with value: -0.5963360083169533 and parameters: {'k1': 0.0019789084369766243, 'D_low': 3062.5356738280093, 'k2': 0.00014045641519006236, 'D_high': 51426.162615025314, 'fire_exp': 1.073277216486627, 'P_half': 132.9476158399576, 'pre_dampen_half': 0.2935920530490841, 'gpp_af': 0.3818837393597816, 'gpp_b': 0.03212016729103893, 'gpp_d': 7.654811131214063, 'ign_k': 0.046036158056302574, 'ign_c': 2.3589049367810664, 'trop_agb_crit': 29.00425517984802, 'trop_k_veg': 2.4854067425023234, 'gdp_gamma': 1.434513638273669, 'cure_k': 0.006325331214525589, 'cure_p_min': 365.8768836222719, 'cure_gpp_ref': 1.5634866806378294, 'cure_agb_crit': 3.310937182367146, 'fuel_k': 0.05896135642531224, 'fuel_half': 0.5979958247554318}. Best is trial 0 with value: -0.6232552202351066.
[I 2026-07-25 00:33:46,456] Trial 568 finished with value: -0.5542944967370241 and parameters: {'k1': 0.0005143097954768323, 'D_low': 518.5571012683123, 'k2': 3.32300376889307e-05, 'D_high': 5373881.098102538, 'fire_exp': 1.8636183829162667, 'P_half': 3.415213575313173, 'pre_dampen_half': 5.568555614336971, 'gpp_af': 0.08167544307916273, 'gpp_b': 0.004377096063049367, 'gpp_d': 12.192652989081262, 'ign_k': 0.09450427056786517, 'ign_c': 1.9071026826438795, 'trop_agb_crit': 1.1046701557698242, 'trop_k_veg': 1.1599144779001664, 'gdp_gamma': 0.060383379153802576, 'cure_k': 0.01133977138013079, 'cure_p_min': 297.67547341304436, 'cure_gpp_ref': 0.07407720358152928, 'cure_agb_crit': 2.55374215999252, 'fuel_k': 0.03611285317537084, 'fuel_half': 5.108189447767864}. Best is trial 0 with value: -0.6232552202351066.
[I 2026-07-25 00:33:46,906] Trial 569 finished with value: 0.5900435912293354 and parameters: {'k1': 2.9405513045380133e-05, 'D_low': 888.3689252156581, 'k2': 0.013644430372109809, 'D_high': 132671.94866079633, 'fire_exp': 2.875604495088451, 'P_half': 53.514163920096514, 'pre_dampen_half': 0.16276010145711156, 'gpp_af': 7.187971097914912, 'gpp_b': 4.525012322118859e-05, 'gpp_d': 140.23298919038035, 'ign_k': 0.321741493662019, 'ign_c': 30.200397878090374, 'trop_agb_crit': 18.25702449528274, 'trop_k_veg': 2.99968352188588, 'gdp_gamma': 0.2518863817713712, 'cure_k': 0.024693863512825646, 'cure_p_min': 357.410469290815, 'cure_gpp_ref': 1.1052331198558092, 'cure_agb_crit': 2.931838463469799, 'fuel_k': 0.06381838994161075, 'fuel_half': 0.14849928937007753}. Best is trial 0 with value: -0.6232552202351066.
[I 2026-07-25 00:33:47,356] Trial 570 finished with value: 0.5937929280945252 and parameters: {'k1': 0.00015113706190305769, 'D_low': 483.49499077284713, 'k2': 0.0003085917085623185, 'D_high': 5661.529604355248, 'fire_exp': 1.887822635580142, 'P_half': 418.35148538953223, 'pre_dampen_half': 0.0662684873359589, 'gpp_af': 8.689164060000321, 'gpp_b': 4.317179519843839e-05, 'gpp_d': 703.8740640607392, 'ign_k': 0.051558977403097964, 'ign_c': 0.275366296965064, 'trop_agb_crit': 6.701700060297705, 'trop_k_veg': 7.285071747155502, 'gdp_gamma': 0.875030908151957, 'cure_k': 0.002432921930449543, 'cure_p_min': 368.41561605572406, 'cure_gpp_ref': 1.4489374641609574, 'cure_agb_crit': 7.313390980504301, 'fuel_k': 0.05602809075875059, 'fuel_half': 3.7153474982000065}. Best is trial 0 with value: -0.6232552202351066.
[I 2026-07-25 00:33:47,817] Trial 571 finished with value: 0.5222506471506736 and parameters: {'k1': 0.00034848577234230805, 'D_low': 432.9746100476742, 'k2': 4.63337729086177e-05, 'D_high': 114557.01411611645, 'fire_exp': 1.0747703453012452, 'P_half': 455.7334846378137, 'pre_dampen_half': 0.6062830088159314, 'gpp_af': 0.01576723334276833, 'gpp_b': 0.0032608418554658483, 'gpp_d': 35.64687509813037, 'ign_k': 0.00982375721563875, 'ign_c': 9.028336463711902, 'trop_agb_crit': 6.7442091414811625, 'trop_k_veg': 1.6524369067306803, 'gdp_gamma': 0.25030340348683405, 'cure_k': 0.013032319224240606, 'cure_p_min': 308.51510021037313, 'cure_gpp_ref': 1.4617807275600505, 'cure_agb_crit': 3.257536990831097, 'fuel_k': 0.10340487038650399, 'fuel_half': 0.5889720193009498}. Best is trial 0 with value: -0.6232552202351066.
[I 2026-07-25 00:33:48,276] Trial 572 finished with value: 0.6039289218199086 and parameters: {'k1': 0.0004654504215721773, 'D_low': 1120.3336952247182, 'k2': 0.0005647676535829652, 'D_high': 30130.724031036865, 'fire_exp': 1.4042825232972465, 'P_half': 32.19412021608214, 'pre_dampen_half': 0.23176494231378597, 'gpp_af': 43.58627834958441, 'gpp_b': 0.00025518006048627244, 'gpp_d': 41.54441776530656, 'ign_k': 0.9741657516229691, 'ign_c': 60.47362225990203, 'trop_agb_crit': 13.08152904341009, 'trop_k_veg': 4.9623332735820345, 'gdp_gamma': 0.37682157063607147, 'cure_k': 0.007714835084250726, 'cure_p_min': 246.46983217557892, 'cure_gpp_ref': 0.19286946431359805, 'cure_agb_crit': 6.916550087501591, 'fuel_k': 0.1595854189918147, 'fuel_half': 0.31903689110745265}. Best is trial 0 with value: -0.6232552202351066.
[I 2026-07-25 00:33:48,727] Trial 573 finished with value: 0.5012382427303528 and parameters: {'k1': 2.231920698911365e-05, 'D_low': 1198.3959535771126, 'k2': 0.000389381700025342, 'D_high': 1814.862586495299, 'fire_exp': 1.5759552717699572, 'P_half': 27.69918125617037, 'pre_dampen_half': 0.01591956439110506, 'gpp_af': 0.006962160935422623, 'gpp_b': 0.00016898150246819082, 'gpp_d': 1.085514003944151, 'ign_k': 3.193568588540755, 'ign_c': 2.8726612095799062, 'trop_agb_crit': 2.339937329545083, 'trop_k_veg': 1.0467614428885175, 'gdp_gamma': 0.39004068896700433, 'cure_k': 0.18612271123478777, 'cure_p_min': 309.58512266654293, 'cure_gpp_ref': 0.07099641105536196, 'cure_agb_crit': 1.8403467320060551, 'fuel_k': 0.01393296622406597, 'fuel_half': 7.0866478868840765}. Best is trial 0 with value: -0.6232552202351066.
[I 2026-07-25 00:33:49,176] Trial 574 finished with value: 0.580163030742474 and parameters: {'k1': 0.00045839795455843217, 'D_low': 64.4575522904785, 'k2': 0.00017317201242013705, 'D_high': 1006.9030562622868, 'fire_exp': 1.0377874051266498, 'P_half': 36.77660135144325, 'pre_dampen_half': 0.5043932011629674, 'gpp_af': 3.6720301582865518, 'gpp_b': 0.2077326930353025, 'gpp_d': 7.610945030115521, 'ign_k': 0.021738343621839823, 'ign_c': 2.6642934786233945, 'trop_agb_crit': 26.895667903421142, 'trop_k_veg': 2.739769660570973, 'gdp_gamma': 0.40770238225049965, 'cure_k': 0.005741525612372298, 'cure_p_min': 321.5577825814723, 'cure_gpp_ref': 1.4566544253194285, 'cure_agb_crit': 2.872847900301657, 'fuel_k': 0.2986059436872353, 'fuel_half': 1.178387518517453}. Best is trial 0 with value: -0.6232552202351066.
[I 2026-07-25 00:33:49,630] Trial 575 finished with value: 0.6254690352216505 and parameters: {'k1': 0.00024525876331990635, 'D_low': 1943.1563042896694, 'k2': 5.8637250010156486e-05, 'D_high': 298242.5079835202, 'fire_exp': 1.0740518415954672, 'P_half': 93.02795734036992, 'pre_dampen_half': 4.601027958811779, 'gpp_af': 24.928370768279777, 'gpp_b': 4.978122823800122e-05, 'gpp_d': 631.4423416638413, 'ign_k': 0.3923221454037212, 'ign_c': 2.4008592359452368, 'trop_agb_crit': 16.25339172554772, 'trop_k_veg': 1.6668435757672788, 'gdp_gamma': 0.8537298217232753, 'cure_k': 0.0027970448472903787, 'cure_p_min': 182.40404242987336, 'cure_gpp_ref': 0.7706656828818058, 'cure_agb_crit': 7.065612966336984, 'fuel_k': 0.0409728296428392, 'fuel_half': 0.10754508876183351}. Best is trial 0 with value: -0.6232552202351066.
[I 2026-07-25 00:33:50,080] Trial 576 finished with value: 0.5286629818686147 and parameters: {'k1': 0.002393456302645234, 'D_low': 468.5595321853994, 'k2': 8.854387541214175e-05, 'D_high': 1157094.5693427066, 'fire_exp': 1.2477429013412613, 'P_half': 108.52178224343615, 'pre_dampen_half': 29.9435660323161, 'gpp_af': 0.16726475186472717, 'gpp_b': 0.2024597700592729, 'gpp_d': 20.345598531369987, 'ign_k': 0.1558015212543329, 'ign_c': 4.367996532466168, 'trop_agb_crit': 23.0907233998868, 'trop_k_veg': 4.031237437124921, 'gdp_gamma': 0.536307917901993, 'cure_k': 0.031069687165982247, 'cure_p_min': 390.08354320770707, 'cure_gpp_ref': 1.3124442777119274, 'cure_agb_crit': 2.617488728425926, 'fuel_k': 0.2603864211599138, 'fuel_half': 0.36704491590189703}. Best is trial 0 with value: -0.6232552202351066.
