[I 2026-06-08 12:10:27,097] Trial 156 finished with values: [10.66296914141364, 10.66296914141364] and parameters: {'k1': 0.012021930484915042, 'D_low': 40.12413353131991, 'k2': 0.0007047307383115598, 'D_high': 21.947742689197344, 'fire_exp': 1.1263716762638152, 'P_half': 221.2683656611821, 'pre_dampen_half': 5.048653998722947, 'gpp_af': 1.5386842469144075, 'gpp_b': 1.5385046399532158e-05, 'gpp_d': 757.2868182332339, 'ign_k': 0.11619873314872933, 'ign_c': 1.9580595319750387, 'trop_agb_crit': 10.691477813613638, 'trop_k_veg': 1.0345878666211452}.
[I 2026-06-08 12:10:28,296] Trial 157 finished with values: [10.889425703443141, 10.889425703443141] and parameters: {'k1': 0.0002220327882582422, 'D_low': 3.4487261314487374, 'k2': 0.03538758864779238, 'D_high': 91167.68553735342, 'fire_exp': 3.936207012318799, 'P_half': 1.605843632310088, 'pre_dampen_half': 63.6685916079943, 'gpp_af': 0.6403036652671171, 'gpp_b': 0.36422282566934233, 'gpp_d': 2.944272359149677, 'ign_k': 0.12329098365270515, 'ign_c': 4.439802552990464, 'trop_agb_crit': 3.275825291386224, 'trop_k_veg': 0.6743482387129308}.
[I 2026-06-08 12:10:29,494] Trial 158 finished with values: [10.886916259845101, 10.886916259845101] and parameters: {'k1': 0.00031134168041628584, 'D_low': 4.484744524732794, 'k2': 1.915468390724633e-05, 'D_high': 431.45617043093523, 'fire_exp': 1.695318866910499, 'P_half': 4.213183643253957, 'pre_dampen_half': 552.4163637315892, 'gpp_af': 0.7539992074650279, 'gpp_b': 0.14577755664212386, 'gpp_d': 0.12878367369717508, 'ign_k': 0.010167079878196114, 'ign_c': 15.221840161091626, 'trop_agb_crit': 24.584290528289387, 'trop_k_veg': 1.9799513595694562}.
[I 2026-06-08 12:10:30,685] Trial 159 finished with values: [10.89276861853496, 10.89276861853496] and parameters: {'k1': 2.316457903103837e-05, 'D_low': 520.4862686958022, 'k2': 0.014344484793173472, 'D_high': 302.4369161272648, 'fire_exp': 1.221575427404682, 'P_half': 2.0461550877877857, 'pre_dampen_half': 1.3833139021965035, 'gpp_af': 85.32056493640629, 'gpp_b': 6.049505313715197, 'gpp_d': 4.79161407246161, 'ign_k': 0.017302564033031168, 'ign_c': 179.96169659044335, 'trop_agb_crit': 8.997007571451054, 'trop_k_veg': 3.49157152291552}.
[I 2026-06-08 12:10:31,824] Trial 160 finished with values: [10.62280315258333, 10.62280315258333] and parameters: {'k1': 0.008912611835817005, 'D_low': 38.82837025280678, 'k2': 0.03538758864779238, 'D_high': 645.2946500764235, 'fire_exp': 1.3170256885255098, 'P_half': 5.076307782729897, 'pre_dampen_half': 38.00678588560607, 'gpp_af': 0.6403036652671171, 'gpp_b': 0.14577755664212386, 'gpp_d': 5.1715677287580455, 'ign_k': 0.010167079878196114, 'ign_c': 5.13055176058983, 'trop_agb_crit': 1.0903028125370984, 'trop_k_veg': 3.1473758868965476}.
[I 2026-06-08 12:10:32,952] Trial 161 finished with values: [10.840098064709585, 10.840098064709585] and parameters: {'k1': 0.00031134168041628584, 'D_low': 355.00125258511594, 'k2': 0.0012040762895973265, 'D_high': 774.2116473996249, 'fire_exp': 1.3170256885255098, 'P_half': 712.8188058401365, 'pre_dampen_half': 63.6685916079943, 'gpp_af': 0.10409127568994281, 'gpp_b': 1.4540386644083135e-05, 'gpp_d': 0.2204889335659561, 'ign_k': 0.12329098365270515, 'ign_c': 24.398964530167703, 'trop_agb_crit': 10.965064494899984, 'trop_k_veg': 0.6743482387129308}.
[I 2026-06-08 12:10:34,124] Trial 162 finished with values: [10.892855163612913, 10.892855163612913] and parameters: {'k1': 5.153993511603138e-05, 'D_low': 171.2446447678494, 'k2': 3.93233864214816e-05, 'D_high': 3346.220103048382, 'fire_exp': 1.2171655955604195, 'P_half': 93.43302657318476, 'pre_dampen_half': 0.011396414164620812, 'gpp_af': 0.9482548804624964, 'gpp_b': 2.5261484261151592e-05, 'gpp_d': 0.03927259340973166, 'ign_k': 0.02172578929502367, 'ign_c': 391.0363745774181, 'trop_agb_crit': 2.009167401373723, 'trop_k_veg': 1.0264716153881357}.
[I 2026-06-08 12:10:35,285] Trial 163 finished with values: [10.78647773812914, 10.78647773812914] and parameters: {'k1': 3.23559867820537e-05, 'D_low': 40.12413353131991, 'k2': 0.0007047307383115598, 'D_high': 21.947742689197344, 'fire_exp': 1.695318866910499, 'P_half': 221.2683656611821, 'pre_dampen_half': 552.4163637315892, 'gpp_af': 0.7539992074650279, 'gpp_b': 1.284284091405877e-05, 'gpp_d': 5.1715677287580455, 'ign_k': 0.010167079878196114, 'ign_c': 15.221840161091626, 'trop_agb_crit': 10.691477813613638, 'trop_k_veg': 6.2065960186008615}.
[I 2026-06-08 12:10:36,536] Trial 164 finished with values: [10.892817683113593, 10.892817683113593] and parameters: {'k1': 0.012840669372724958, 'D_low': 171.2446447678494, 'k2': 0.00023295358953467695, 'D_high': 3346.220103048382, 'fire_exp': 5.90081778156971, 'P_half': 93.43302657318476, 'pre_dampen_half': 0.011396414164620812, 'gpp_af': 0.2204465010099918, 'gpp_b': 2.176805640408474e-05, 'gpp_d': 0.03927259340973166, 'ign_k': 0.0029519227433917453, 'ign_c': 0.12510188850164433, 'trop_agb_crit': 12.647327018493208, 'trop_k_veg': 1.0264716153881357}.
[I 2026-06-08 12:10:37,805] Trial 165 finished with values: [10.892854557749185, 10.892854557749185] and parameters: {'k1': 0.004053638704742309, 'D_low': 37.35862630812753, 'k2': 1.8205657658407255e-05, 'D_high': 3346.220103048382, 'fire_exp': 6.234638880169447, 'P_half': 102.4585893986732, 'pre_dampen_half': 7.665128204660195, 'gpp_af': 0.29012721497386246, 'gpp_b': 0.12746711578215045, 'gpp_d': 40.950628944766926, 'ign_k': 0.013276678836047658, 'ign_c': 2.957080941494347, 'trop_agb_crit': 8.983402272488592, 'trop_k_veg': 0.983473833513531}.
[I 2026-06-08 12:10:38,959] Trial 166 finished with values: [10.87745318067462, 10.87745318067462] and parameters: {'k1': 3.511445258128687e-05, 'D_low': 2.6692731167228954, 'k2': 0.00025255166452944054, 'D_high': 2289.1315306837046, 'fire_exp': 2.467425479508436, 'P_half': 65.03622711342449, 'pre_dampen_half': 502.5175192217655, 'gpp_af': 0.15988721385117122, 'gpp_b': 0.012132126638791128, 'gpp_d': 82.84476373292449, 'ign_k': 0.0680787482656459, 'ign_c': 30.785541778315018, 'trop_agb_crit': 18.785197416433792, 'trop_k_veg': 6.889798778165608}.
[I 2026-06-08 12:10:40,152] Trial 167 finished with values: [10.890405211221031, 10.890405211221031] and parameters: {'k1': 0.008287522363768155, 'D_low': 1112.9571947046009, 'k2': 0.03538758864779238, 'D_high': 774.2116473996249, 'fire_exp': 1.0629462657398439, 'P_half': 712.8188058401365, 'pre_dampen_half': 63.6685916079943, 'gpp_af': 0.6403036652671171, 'gpp_b': 3.481277316673104e-05, 'gpp_d': 150.14555442537656, 'ign_k': 0.0680787482656459, 'ign_c': 5.13055176058983, 'trop_agb_crit': 1.14876138417489, 'trop_k_veg': 0.6743482387129308}.
[I 2026-06-08 12:10:41,321] Trial 168 finished with values: [10.374345136400105, 10.374345136400105] and parameters: {'k1': 0.002155595057104387, 'D_low': 1.9977959434035766, 'k2': 0.0007047307383115598, 'D_high': 61536.58035691648, 'fire_exp': 1.0362310858538248, 'P_half': 221.2683656611821, 'pre_dampen_half': 3.3841016089580034, 'gpp_af': 68.11991466118579, 'gpp_b': 1.284284091405877e-05, 'gpp_d': 229.41380323183625, 'ign_k': 5.351470428717437, 'ign_c': 18.219343937475102, 'trop_agb_crit': 10.691477813613638, 'trop_k_veg': 6.45312300188076}.
[I 2026-06-08 12:10:42,464] Trial 169 finished with values: [10.74653054092038, 10.74653054092038] and parameters: {'k1': 2.316457903103837e-05, 'D_low': 40.12413353131991, 'k2': 0.014344484793173472, 'D_high': 1578.0309954142967, 'fire_exp': 1.423480109671474, 'P_half': 140.74279366401683, 'pre_dampen_half': 8.594202650742222, 'gpp_af': 5.335773317316405, 'gpp_b': 1.284284091405877e-05, 'gpp_d': 229.41380323183625, 'ign_k': 0.01364908766641695, 'ign_c': 18.219343937475102, 'trop_agb_crit': 8.997007571451054, 'trop_k_veg': 3.49157152291552}.
[I 2026-06-08 12:10:43,674] Trial 170 finished with values: [10.820651151969049, 10.820651151969049] and parameters: {'k1': 3.23559867820537e-05, 'D_low': 520.4862686958022, 'k2': 1.915468390724633e-05, 'D_high': 3712.591045287726, 'fire_exp': 1.221575427404682, 'P_half': 140.74279366401683, 'pre_dampen_half': 8.594202650742222, 'gpp_af': 5.335773317316405, 'gpp_b': 7.210246166617508e-05, 'gpp_d': 4.25060659305504, 'ign_k': 0.010167079878196114, 'ign_c': 81.80032418045731, 'trop_agb_crit': 24.584290528289387, 'trop_k_veg': 6.2065960186008615}.
[I 2026-06-08 12:10:44,889] Trial 171 finished with values: [10.892810354427205, 10.892810354427205] and parameters: {'k1': 0.012840669372724958, 'D_low': 520.4862686958022, 'k2': 0.014344484793173472, 'D_high': 455.5085098454081, 'fire_exp': 1.2171655955604195, 'P_half': 9716.212563514906, 'pre_dampen_half': 3.0023172465753074, 'gpp_af': 5.335773317316405, 'gpp_b': 2.5261484261151592e-05, 'gpp_d': 0.043441170039664925, 'ign_k': 0.006912296717033066, 'ign_c': 39.52220881906114, 'trop_agb_crit': 2.009167401373723, 'trop_k_veg': 5.555327265518883}.
[I 2026-06-08 12:10:46,079] Trial 172 finished with values: [10.35658713064019, 10.35658713064019] and parameters: {'k1': 0.008471801418819975, 'D_low': 12.105387404469584, 'k2': 1.1065812688893481e-05, 'D_high': 5670.3463356272905, 'fire_exp': 1.1430983876313219, 'P_half': 4.213183643253957, 'pre_dampen_half': 10.129197956845726, 'gpp_af': 3.4702669886504163, 'gpp_b': 1.3289448722869181e-05, 'gpp_d': 1.493264336549928, 'ign_k': 2.1368329072358767, 'ign_c': 11.400863701127316, 'trop_agb_crit': 7.500118950416987, 'trop_k_veg': 0.6673124511410327}.
[I 2026-06-08 12:10:47,248] Trial 173 finished with values: [10.886874393843847, 10.886874393843847] and parameters: {'k1': 5.153993511603138e-05, 'D_low': 1112.9571947046009, 'k2': 8.923807143379776e-05, 'D_high': 455.5085098454081, 'fire_exp': 1.2171655955604195, 'P_half': 9716.212563514906, 'pre_dampen_half': 3.2432098597317145, 'gpp_af': 0.7539992074650279, 'gpp_b': 2.5261484261151592e-05, 'gpp_d': 56.20854611217179, 'ign_k': 0.0680787482656459, 'ign_c': 0.557280750002996, 'trop_agb_crit': 1.14876138417489, 'trop_k_veg': 1.4584243470991722}.
[I 2026-06-08 12:10:48,431] Trial 174 finished with values: [10.807584089310062, 10.807584089310062] and parameters: {'k1': 0.008912611835817005, 'D_low': 355.00125258511594, 'k2': 0.03538758864779238, 'D_high': 645.2946500764235, 'fire_exp': 1.3170256885255098, 'P_half': 5.076307782729897, 'pre_dampen_half': 63.6685916079943, 'gpp_af': 3.4702669886504163, 'gpp_b': 1.3289448722869181e-05, 'gpp_d': 0.17061223263518377, 'ign_k': 2.1368329072358767, 'ign_c': 5.13055176058983, 'trop_agb_crit': 1.0903028125370984, 'trop_k_veg': 0.83140195149031}.
[I 2026-06-08 12:10:49,669] Trial 175 finished with values: [10.017253183430054, 10.017253183430054] and parameters: {'k1': 0.01889771394135163, 'D_low': 70.18267183720735, 'k2': 1.1065812688893481e-05, 'D_high': 2940.51756322311, 'fire_exp': 1.0601964743503993, 'P_half': 4.213183643253957, 'pre_dampen_half': 107.40052367919465, 'gpp_af': 1.9706963379095486, 'gpp_b': 0.0054502936945582505, 'gpp_d': 84.31013932082456, 'ign_k': 8.708806168038567, 'ign_c': 20.03995359361212, 'trop_agb_crit': 7.500118950416987, 'trop_k_veg': 6.9782110227926815}.
[I 2026-06-08 12:10:50,975] Trial 176 finished with values: [10.724625563570592, 10.724625563570592] and parameters: {'k1': 0.004312951023617458, 'D_low': 4.484744524732794, 'k2': 0.015763894361785387, 'D_high': 3712.591045287726, 'fire_exp': 1.0629462657398439, 'P_half': 220.3445560633069, 'pre_dampen_half': 502.5175192217655, 'gpp_af': 0.7539992074650279, 'gpp_b': 0.0021331409710300844, 'gpp_d': 29.749683811098393, 'ign_k': 0.0680787482656459, 'ign_c': 15.221840161091626, 'trop_agb_crit': 24.584290528289387, 'trop_k_veg': 1.4584243470991722}.
[I 2026-06-08 12:10:52,281] Trial 177 finished with values: [10.892852529043003, 10.892852529043003] and parameters: {'k1': 0.0002656971546588439, 'D_low': 8832.039346746853, 'k2': 5.471218729342035e-05, 'D_high': 88.90110660871557, 'fire_exp': 2.100650708889295, 'P_half': 4.087300390305745, 'pre_dampen_half': 0.16974173693738634, 'gpp_af': 0.006359264168909611, 'gpp_b': 0.000429408684380145, 'gpp_d': 54.620376657085984, 'ign_k': 0.004937355303501836, 'ign_c': 386.4218705871767, 'trop_agb_crit': 11.316283925181681, 'trop_k_veg': 2.1406449943451844}.
[I 2026-06-08 12:10:53,586] Trial 178 finished with values: [10.879498580941048, 10.879498580941048] and parameters: {'k1': 0.05778755734457457, 'D_low': 1812.5870836716226, 'k2': 0.004579192310322934, 'D_high': 61536.58035691648, 'fire_exp': 1.0362310858538248, 'P_half': 3227.0237615158, 'pre_dampen_half': 0.9166964238460105, 'gpp_af': 12.10590321196177, 'gpp_b': 0.01777482313117792, 'gpp_d': 0.7668707039273328, 'ign_k': 5.351470428717437, 'ign_c': 1.6051347487097574, 'trop_agb_crit': 7.444615346113405, 'trop_k_veg': 1.3602724017812755}.
[I 2026-06-08 12:10:54,834] Trial 179 finished with values: [10.414839273484272, 10.414839273484272] and parameters: {'k1': 8.488887549001697e-05, 'D_low': 1228.2126524008484, 'k2': 0.0003432139136241583, 'D_high': 1493.5213816355397, 'fire_exp': 1.0601964743503993, 'P_half': 4.213183643253957, 'pre_dampen_half': 39.827466658711515, 'gpp_af': 0.10409127568994281, 'gpp_b': 1.4540386644083135e-05, 'gpp_d': 0.4726373877250429, 'ign_k': 0.00840038491455979, 'ign_c': 30.28574109895626, 'trop_agb_crit': 10.965064494899984, 'trop_k_veg': 0.6673124511410327}.
[I 2026-06-08 12:10:56,350] Trial 180 finished with values: [10.864474815983575, 10.864474815983575] and parameters: {'k1': 0.002155595057104387, 'D_low': 2.4622754931226587, 'k2': 2.683416249684868e-05, 'D_high': 783.2259769732478, 'fire_exp': 1.423480109671474, 'P_half': 221.2683656611821, 'pre_dampen_half': 0.9829324480069708, 'gpp_af': 1.200191344086032, 'gpp_b': 1.319554058182653e-05, 'gpp_d': 1.279742971294904, 'ign_k': 0.0315101491238403, 'ign_c': 31.874227118134094, 'trop_agb_crit': 10.691477813613638, 'trop_k_veg': 5.905704303105107}.
[I 2026-06-08 12:10:58,474] Trial 181 finished with values: [10.890217256933122, 10.890217256933122] and parameters: {'k1': 0.00016480446427978953, 'D_low': 1112.9571947046009, 'k2': 0.0007047307383115598, 'D_high': 61536.58035691648, 'fire_exp': 2.332293128354265, 'P_half': 338.23872019362165, 'pre_dampen_half': 3.3841016089580034, 'gpp_af': 0.06789053271698488, 'gpp_b': 3.481277316673104e-05, 'gpp_d': 229.41380323183625, 'ign_k': 0.006290644294586149, 'ign_c': 186.11194462546783, 'trop_agb_crit': 10.691477813613638, 'trop_k_veg': 6.45312300188076}.
[I 2026-06-08 12:11:01,081] Trial 182 finished with values: [10.846356420260909, 10.846356420260909] and parameters: {'k1': 0.004312951023617458, 'D_low': 1112.9571947046009, 'k2': 0.014344484793173472, 'D_high': 985.7545621889059, 'fire_exp': 1.221575427404682, 'P_half': 140.74279366401683, 'pre_dampen_half': 502.5175192217655, 'gpp_af': 0.7539992074650279, 'gpp_b': 0.0038900687554386305, 'gpp_d': 150.14555442537656, 'ign_k': 0.01364908766641695, 'ign_c': 0.557280750002996, 'trop_agb_crit': 8.997007571451054, 'trop_k_veg': 1.4584243470991722}.
[I 2026-06-08 12:11:03,950] Trial 183 finished with values: [10.890306266435891, 10.890306266435891] and parameters: {'k1': 0.06994589881535453, 'D_low': 520.4862686958022, 'k2': 0.014344484793173472, 'D_high': 455.5085098454081, 'fire_exp': 1.2171655955604195, 'P_half': 1.1827346017839087, 'pre_dampen_half': 8.594202650742222, 'gpp_af': 2.6003623362924237, 'gpp_b': 2.6738182964551835e-05, 'gpp_d': 0.028701881471957017, 'ign_k': 2.3960796124300754, 'ign_c': 0.1239046892818203, 'trop_agb_crit': 2.009167401373723, 'trop_k_veg': 5.555327265518883}.
[I 2026-06-08 12:11:06,007] Trial 184 finished with values: [10.633767086904113, 10.633767086904113] and parameters: {'k1': 0.04669327135003539, 'D_low': 3.525936800597896, 'k2': 1.1065812688893481e-05, 'D_high': 63233.81951066786, 'fire_exp': 1.1430983876313219, 'P_half': 4.213183643253957, 'pre_dampen_half': 0.2888838362365318, 'gpp_af': 1.9706963379095486, 'gpp_b': 1.3289448722869181e-05, 'gpp_d': 1.6983565276584263, 'ign_k': 2.1368329072358767, 'ign_c': 0.70689749506246, 'trop_agb_crit': 7.500118950416987, 'trop_k_veg': 0.6673124511410327}.
[I 2026-06-08 12:11:08,483] Trial 185 finished with values: [10.817163385725593, 10.817163385725593] and parameters: {'k1': 0.03635503353478365, 'D_low': 171.2446447678494, 'k2': 0.012758211164590085, 'D_high': 2940.51756322311, 'fire_exp': 1.2918065501148304, 'P_half': 5.502140996950745, 'pre_dampen_half': 0.011396414164620812, 'gpp_af': 0.1476584299248268, 'gpp_b': 2.176805640408474e-05, 'gpp_d': 0.03927259340973166, 'ign_k': 8.708806168038567, 'ign_c': 0.12510188850164433, 'trop_agb_crit': 12.647327018493208, 'trop_k_veg': 1.0264716153881357}.
[I 2026-06-08 12:11:11,080] Trial 186 finished with values: [10.871900971280034, 10.871900971280034] and parameters: {'k1': 0.012840669372724958, 'D_low': 171.2446447678494, 'k2': 0.00023295358953467695, 'D_high': 3346.220103048382, 'fire_exp': 1.2918065501148304, 'P_half': 147.09699119495133, 'pre_dampen_half': 0.011396414164620812, 'gpp_af': 0.2204465010099918, 'gpp_b': 2.176805640408474e-05, 'gpp_d': 0.03927259340973166, 'ign_k': 0.0029519227433917453, 'ign_c': 0.12510188850164433, 'trop_agb_crit': 12.647327018493208, 'trop_k_veg': 1.0264716153881357}.
[I 2026-06-08 12:11:13,883] Trial 187 finished with values: [10.892857142659844, 10.892857142659844] and parameters: {'k1': 0.008287522363768155, 'D_low': 355.00125258511594, 'k2': 0.03538758864779238, 'D_high': 774.2116473996249, 'fire_exp': 1.264103030891254, 'P_half': 4.087300390305745, 'pre_dampen_half': 0.16974173693738634, 'gpp_af': 0.006359264168909611, 'gpp_b': 0.42247700890263645, 'gpp_d': 0.26636419343091605, 'ign_k': 0.12329098365270515, 'ign_c': 386.4218705871767, 'trop_agb_crit': 1.0903028125370984, 'trop_k_veg': 2.1406449943451844}.
[I 2026-06-08 12:11:16,420] Trial 188 finished with values: [10.892843927541419, 10.892843927541419] and parameters: {'k1': 0.07799059237255677, 'D_low': 520.4862686958022, 'k2': 0.03699867920489089, 'D_high': 3346.220103048382, 'fire_exp': 1.2171655955604195, 'P_half': 9716.212563514906, 'pre_dampen_half': 8.594202650742222, 'gpp_af': 5.335773317316405, 'gpp_b': 1.7285224131410484, 'gpp_d': 0.043441170039664925, 'ign_k': 0.8489840783024065, 'ign_c': 2.8335389417624683, 'trop_agb_crit': 2.009167401373723, 'trop_k_veg': 0.8170196702261714}.
[I 2026-06-08 12:11:18,515] Trial 189 finished with values: [10.847973952036485, 10.847973952036485] and parameters: {'k1': 0.016780508579130986, 'D_low': 984.098934375832, 'k2': 0.0007047307383115598, 'D_high': 61536.58035691648, 'fire_exp': 2.100650708889295, 'P_half': 221.2683656611821, 'pre_dampen_half': 0.1875872314533727, 'gpp_af': 2.555721998081808, 'gpp_b': 0.0004408910919257112, 'gpp_d': 54.620376657085984, 'ign_k': 0.1647069822172432, 'ign_c': 3.470490935437501, 'trop_agb_crit': 10.691477813613638, 'trop_k_veg': 5.982827017670783}.
[I 2026-06-08 12:11:20,597] Trial 190 finished with values: [10.81364375026586, 10.81364375026586] and parameters: {'k1': 0.05778755734457457, 'D_low': 1683.621997588799, 'k2': 0.0007047307383115598, 'D_high': 61536.58035691648, 'fire_exp': 1.0362310858538248, 'P_half': 93.43302657318476, 'pre_dampen_half': 0.011396414164620812, 'gpp_af': 0.2204465010099918, 'gpp_b': 2.176805640408474e-05, 'gpp_d': 0.03927259340973166, 'ign_k': 5.351470428717437, 'ign_c': 3.470490935437501, 'trop_agb_crit': 12.647327018493208, 'trop_k_veg': 2.520089655463604}.
[I 2026-06-08 12:11:22,826] Trial 191 finished with values: [10.827042793767324, 10.827042793767324] and parameters: {'k1': 0.012840669372724958, 'D_low': 171.2446447678494, 'k2': 0.00023295358953467695, 'D_high': 3346.220103048382, 'fire_exp': 1.165368636520435, 'P_half': 12.808863354047988, 'pre_dampen_half': 0.011396414164620812, 'gpp_af': 0.2204465010099918, 'gpp_b': 2.176805640408474e-05, 'gpp_d': 0.03927259340973166, 'ign_k': 8.708806168038567, 'ign_c': 0.12510188850164433, 'trop_agb_crit': 3.5747129226002423, 'trop_k_veg': 6.9782110227926815}.
[I 2026-06-08 12:11:24,983] Trial 192 finished with values: [10.07275363500411, 10.07275363500411] and parameters: {'k1': 0.06598741607403362, 'D_low': 64.39790863101601, 'k2': 7.914423612155373e-05, 'D_high': 4316.517111160399, 'fire_exp': 1.0629462657398439, 'P_half': 587.6331101080223, 'pre_dampen_half': 241.69519319206728, 'gpp_af': 6.155035361040188, 'gpp_b': 1.220003093173824e-05, 'gpp_d': 16.460426816350523, 'ign_k': 0.0680787482656459, 'ign_c': 0.14551749476072262, 'trop_agb_crit': 1.0455434848969813, 'trop_k_veg': 3.517697529584014}.
[I 2026-06-08 12:11:27,013] Trial 193 finished with values: [10.833128757748229, 10.833128757748229] and parameters: {'k1': 0.008287522363768155, 'D_low': 355.00125258511594, 'k2': 0.03538758864779238, 'D_high': 774.2116473996249, 'fire_exp': 1.3170256885255098, 'P_half': 712.8188058401365, 'pre_dampen_half': 63.6685916079943, 'gpp_af': 0.6403036652671171, 'gpp_b': 0.42247700890263645, 'gpp_d': 176.18878384527278, 'ign_k': 0.12329098365270515, 'ign_c': 5.13055176058983, 'trop_agb_crit': 1.0903028125370984, 'trop_k_veg': 0.6743482387129308}.
[I 2026-06-08 12:11:28,951] Trial 194 finished with values: [10.828880357897924, 10.828880357897924] and parameters: {'k1': 0.012021930484915042, 'D_low': 40.12413353131991, 'k2': 0.0007047307383115598, 'D_high': 99.69469187531809, 'fire_exp': 1.423480109671474, 'P_half': 221.2683656611821, 'pre_dampen_half': 3.3841016089580034, 'gpp_af': 0.2799785875247786, 'gpp_b': 1.284284091405877e-05, 'gpp_d': 229.41380323183625, 'ign_k': 0.11619873314872933, 'ign_c': 18.219343937475102, 'trop_agb_crit': 10.691477813613638, 'trop_k_veg': 6.45312300188076}.
