[I 2026-08-14 14:10:37,637] Trial 353 finished with values: [-0.40475032010627104, 4.033017431237518e-06] and parameters: {'k1': 0.00014888230597983555, 'D_low': 93.75345303884801, 'k2': 1.263794633808287e-05, 'D_high': 44.39648242927527, 'fire_exp': 6.188409493921614, 'P_half': 351.2704726270846, 'pre_dampen_half': 54.70750401264757, 'gpp_af': 0.34902252478382495, 'gpp_b': 0.040428727350273294, 'gpp_d': 8.144272585223819, 'ign_k': 1.8108143621079664, 'ign_c': 14.935213816355384, 'trop_agb_crit': 21.825752290961518, 'trop_k_veg': 0.9008485225328876, 'fuel_k': 0.021123235354472927, 'fuel_half': 43.240425516201185}.
[I 2026-08-14 14:10:39,540] Trial 354 finished with values: [-0.4163915633815275, 0.00016853476506606402] and parameters: {'k1': 0.05554169083020911, 'D_low': 4.043300846639722, 'k2': 1.4363112408604443e-05, 'D_high': 2541.6076006960125, 'fire_exp': 1.182396148413737, 'P_half': 6153.658035691652, 'pre_dampen_half': 0.0195172246414495, 'gpp_af': 0.8533931648032835, 'gpp_b': 0.010847560307977218, 'gpp_d': 11.40961991569626, 'ign_k': 0.026539376439360548, 'ign_c': 0.3296550135838091, 'trop_agb_crit': 2.3118820898020997, 'trop_k_veg': 0.8934118487032162, 'fuel_k': 0.02957171323932571, 'fuel_half': 58.54612336582598}.
[I 2026-08-14 14:10:41,410] Trial 355 finished with values: [-0.42198055500231596, 0.005755087504145662] and parameters: {'k1': 0.0012329098365270509, 'D_low': 2148.727319612887, 'k2': 1.3243445838637965e-05, 'D_high': 16.752866684650684, 'fire_exp': 1.075051292556307, 'P_half': 1.7036120617148391, 'pre_dampen_half': 0.043181981126981975, 'gpp_af': 3.9446537792806113, 'gpp_b': 0.4168322557207811, 'gpp_d': 700.6693992445935, 'ign_k': 0.04380580767905655, 'ign_c': 0.21947742689197342, 'trop_agb_crit': 2.1775224101934065, 'trop_k_veg': 2.1816482703680733, 'fuel_k': 0.28630931797361614, 'fuel_half': 57.882001937752435}.
[I 2026-08-14 14:10:43,264] Trial 356 finished with values: [-0.3912713613514645, 1.3896249602685096e-05] and parameters: {'k1': 0.0029282035181080004, 'D_low': 1.7286734109794883, 'k2': 0.08636422432723088, 'D_high': 2541.6076006960125, 'fire_exp': 1.075051292556307, 'P_half': 894.5150807271528, 'pre_dampen_half': 0.011501973785501987, 'gpp_af': 0.8533931648032835, 'gpp_b': 2.788681037423117, 'gpp_d': 285.57196407381804, 'ign_k': 0.026539376439360548, 'ign_c': 105.24574681335613, 'trop_agb_crit': 2.1775224101934065, 'trop_k_veg': 0.8934118487032162, 'fuel_k': 0.013421538374693755, 'fuel_half': 0.30455368715396786}.
[I 2026-08-14 14:10:45,173] Trial 357 finished with values: [-0.3762189996057346, 0.00010235680912640266] and parameters: {'k1': 0.0015736446109772138, 'D_low': 19389.89852278267, 'k2': 9.580682294110428e-05, 'D_high': 478.193184148526, 'fire_exp': 1.075051292556307, 'P_half': 1440.3650379563878, 'pre_dampen_half': 228.6744476401009, 'gpp_af': 0.030592049838223532, 'gpp_b': 0.02502809770894037, 'gpp_d': 0.1387630083436923, 'ign_k': 0.4515279736389136, 'ign_c': 0.21947742689197342, 'trop_agb_crit': 29.628250251065673, 'trop_k_veg': 0.9008485225328876, 'fuel_k': 0.02496045629458217, 'fuel_half': 0.35498788321965025}.
[I 2026-08-14 14:10:47,121] Trial 358 finished with values: [-0.3554625854118624, 0.0] and parameters: {'k1': 0.0012329098365270509, 'D_low': 705925.6670518258, 'k2': 1.854837679096716e-05, 'D_high': 79791.03859594263, 'fire_exp': 2.26267489175816, 'P_half': 539.5442811888478, 'pre_dampen_half': 0.37306104754535907, 'gpp_af': 0.34902252478382495, 'gpp_b': 0.03103333227753725, 'gpp_d': 2.292633983096564, 'ign_k': 0.04380580767905655, 'ign_c': 1.3409701145872435, 'trop_agb_crit': 16.86264052240002, 'trop_k_veg': 3.4508425771776365, 'fuel_k': 0.03583926624481473, 'fuel_half': 42.89592532297351}.
[I 2026-08-14 14:10:49,023] Trial 359 finished with values: [-0.42213835730415095, 0.028199760376817484] and parameters: {'k1': 2.6285770615112825e-05, 'D_low': 28.331534346441074, 'k2': 0.005259118659251229, 'D_high': 16392.60991832772, 'fire_exp': 1.2310899049053081, 'P_half': 7.890004262668578, 'pre_dampen_half': 0.043181981126981975, 'gpp_af': 0.12243451886824051, 'gpp_b': 2.711380409817698e-05, 'gpp_d': 34.70266988650411, 'ign_k': 3.284529979576944, 'ign_c': 0.21947742689197342, 'trop_agb_crit': 16.86264052240002, 'trop_k_veg': 7.260694958828215, 'fuel_k': 0.018207179480706392, 'fuel_half': 15.581254655530845}.
[I 2026-08-14 14:10:51,151] Trial 360 finished with values: [-0.3822180241062467, 0.0004421966688389345] and parameters: {'k1': 0.00014001191914113747, 'D_low': 2.9612221068836555, 'k2': 1.263794633808287e-05, 'D_high': 16.752866684650684, 'fire_exp': 1.182396148413737, 'P_half': 351.2704726270846, 'pre_dampen_half': 0.043181981126981975, 'gpp_af': 5.600917281261384, 'gpp_b': 0.07311344697279921, 'gpp_d': 0.11997897226934479, 'ign_k': 0.0013262030086414148, 'ign_c': 105.24574681335613, 'trop_agb_crit': 15.870971677383487, 'trop_k_veg': 2.639166174475906, 'fuel_k': 0.3176626387065175, 'fuel_half': 8.17127270071559}.
[I 2026-08-14 14:10:52,957] Trial 361 finished with values: [-0.3554625854118624, 0.0] and parameters: {'k1': 0.0015736446109772138, 'D_low': 3507.515213502105, 'k2': 0.0005708731724249573, 'D_high': 478.193184148526, 'fire_exp': 1.6214575867079866, 'P_half': 269.74113434525447, 'pre_dampen_half': 868.1843415114087, 'gpp_af': 0.008983355849178878, 'gpp_b': 6.049505313715197, 'gpp_d': 314.6826989726468, 'ign_k': 0.026539376439360548, 'ign_c': 98.40989343758308, 'trop_agb_crit': 2.1775224101934065, 'trop_k_veg': 2.1816482703680733, 'fuel_k': 1.6630228777630973, 'fuel_half': 2.100333410321807}.
[I 2026-08-14 14:10:54,880] Trial 362 finished with values: [-0.4161631635620376, 0.0006085225243331882] and parameters: {'k1': 0.0029707920514735983, 'D_low': 4.043300846639722, 'k2': 0.00019472216066157317, 'D_high': 39079.671568228776, 'fire_exp': 1.7973831035976209, 'P_half': 1938.3858782150498, 'pre_dampen_half': 0.043181981126981975, 'gpp_af': 6.940121430516967, 'gpp_b': 3.228689523591491e-05, 'gpp_d': 34.70266988650411, 'ign_k': 0.03141110271934876, 'ign_c': 3.0378658251922155, 'trop_agb_crit': 16.86264052240002, 'trop_k_veg': 7.260694958828215, 'fuel_k': 5.486054129200969, 'fuel_half': 15.581254655530845}.
[I 2026-08-14 14:10:56,987] Trial 363 finished with values: [-0.4055876376224389, 1.215589678582596e-06] and parameters: {'k1': 5.325873749322162e-05, 'D_low': 35.16392386455341, 'k2': 1.4363112408604443e-05, 'D_high': 12.862664853393753, 'fire_exp': 1.075051292556307, 'P_half': 4.961134450191397, 'pre_dampen_half': 0.05844629901057142, 'gpp_af': 0.0023751383317256927, 'gpp_b': 2.788681037423117, 'gpp_d': 3.0023172465753074, 'ign_k': 0.026539376439360548, 'ign_c': 1.3409701145872435, 'trop_agb_crit': 2.1775224101934065, 'trop_k_veg': 0.8934118487032162, 'fuel_k': 0.013421538374693755, 'fuel_half': 0.30455368715396786}.
[I 2026-08-14 14:10:59,014] Trial 364 finished with values: [-0.44045520537084715, 0.008959137993901689] and parameters: {'k1': 0.0007087479683081, 'D_low': 4.043300846639722, 'k2': 0.00010939944910100016, 'D_high': 160625.60954780428, 'fire_exp': 1.182396148413737, 'P_half': 1938.3858782150498, 'pre_dampen_half': 0.10609580257119508, 'gpp_af': 0.008983355849178878, 'gpp_b': 3.228689523591491e-05, 'gpp_d': 857.4284557962634, 'ign_k': 0.18170401889219123, 'ign_c': 3.0378658251922155, 'trop_agb_crit': 15.870971677383487, 'trop_k_veg': 3.715819581962784, 'fuel_k': 5.486054129200969, 'fuel_half': 18.202647368248826}.
[I 2026-08-14 14:11:01,127] Trial 365 finished with values: [-0.3554625854118624, 0.0] and parameters: {'k1': 6.069662445477729e-05, 'D_low': 367.4904945305323, 'k2': 1.263794633808287e-05, 'D_high': 316055.11434645514, 'fire_exp': 1.6214575867079866, 'P_half': 539.5442811888478, 'pre_dampen_half': 0.011501973785501987, 'gpp_af': 0.008983355849178878, 'gpp_b': 2.788681037423117, 'gpp_d': 6.913948698657619, 'ign_k': 0.04380580767905655, 'ign_c': 297.2282069861992, 'trop_agb_crit': 1.4946647023314867, 'trop_k_veg': 3.754644404143055, 'fuel_k': 0.28630931797361614, 'fuel_half': 2.100333410321807}.
[I 2026-08-14 14:11:03,091] Trial 366 finished with values: [-0.4392284059390013, 0.015457716868120586] and parameters: {'k1': 0.0010204225357677778, 'D_low': 18.957670432509364, 'k2': 0.00010939944910100016, 'D_high': 160625.60954780428, 'fire_exp': 2.2417519634313736, 'P_half': 1938.3858782150498, 'pre_dampen_half': 51.70500756432223, 'gpp_af': 0.008983355849178878, 'gpp_b': 3.228689523591491e-05, 'gpp_d': 2.292633983096564, 'ign_k': 0.1137517159258866, 'ign_c': 3.0378658251922155, 'trop_agb_crit': 3.8524922362032497, 'trop_k_veg': 3.715819581962784, 'fuel_k': 1.6630228777630973, 'fuel_half': 12.136386887218588}.
[I 2026-08-14 14:11:04,904] Trial 367 finished with values: [-0.41683244696885147, 0.0010932500572264914] and parameters: {'k1': 0.00014001191914113747, 'D_low': 126.11058927054879, 'k2': 1.3243445838637965e-05, 'D_high': 12.862664853393753, 'fire_exp': 1.2429193829348841, 'P_half': 1.7036120617148391, 'pre_dampen_half': 0.022695682239207024, 'gpp_af': 6.940121430516967, 'gpp_b': 1.1728753685919104, 'gpp_d': 3.0023172465753074, 'ign_k': 0.050346969882634894, 'ign_c': 0.21947742689197342, 'trop_agb_crit': 2.3118820898020997, 'trop_k_veg': 2.1816482703680733, 'fuel_k': 0.3176626387065175, 'fuel_half': 8.17127270071559}.
[I 2026-08-14 14:11:06,776] Trial 368 finished with values: [-0.4017598957794949, 3.20441267105398e-05] and parameters: {'k1': 0.0131638092522722, 'D_low': 4.043300846639722, 'k2': 0.00019472216066157317, 'D_high': 1190.1726205793925, 'fire_exp': 1.7973831035976209, 'P_half': 1938.3858782150498, 'pre_dampen_half': 0.03426913908389044, 'gpp_af': 0.16983565276584273, 'gpp_b': 0.00012906175696809457, 'gpp_d': 5.1227685768715014, 'ign_k': 0.03141110271934876, 'ign_c': 3.0378658251922155, 'trop_agb_crit': 3.5323948516928385, 'trop_k_veg': 7.7306957218787575, 'fuel_k': 5.486054129200969, 'fuel_half': 35.2847426865637}.
[I 2026-08-14 14:11:08,567] Trial 369 finished with values: [-0.4184026519244111, 0.0014342971120604453] and parameters: {'k1': 1.8595266457134027e-05, 'D_low': 3735.16768760467, 'k2': 1.263794633808287e-05, 'D_high': 1826.6972566585878, 'fire_exp': 1.2429193829348841, 'P_half': 351.2704726270846, 'pre_dampen_half': 0.10609580257119508, 'gpp_af': 0.0023751383317256927, 'gpp_b': 0.00024732964314480056, 'gpp_d': 8.144272585223819, 'ign_k': 0.04380580767905655, 'ign_c': 14.935213816355384, 'trop_agb_crit': 2.1775224101934065, 'trop_k_veg': 2.8224577471047865, 'fuel_k': 0.021123235354472927, 'fuel_half': 57.882001937752435}.
[I 2026-08-14 14:11:11,320] Trial 370 finished with values: [-0.3554625854118624, 0.0] and parameters: {'k1': 0.0015736446109772138, 'D_low': 19389.89852278267, 'k2': 2.5299503921303695e-05, 'D_high': 478.193184148526, 'fire_exp': 1.075051292556307, 'P_half': 1.4468941663899353, 'pre_dampen_half': 54.70750401264757, 'gpp_af': 0.0023751383317256927, 'gpp_b': 6.049505313715197, 'gpp_d': 0.173242701549491, 'ign_k': 1.8108143621079664, 'ign_c': 98.40989343758308, 'trop_agb_crit': 2.1775224101934065, 'trop_k_veg': 0.8934118487032162, 'fuel_k': 0.021123235354472927, 'fuel_half': 65.99277195883643}.
[I 2026-08-14 14:11:13,196] Trial 371 finished with values: [-0.3992056398097579, 3.0239765136386154e-08] and parameters: {'k1': 1.0477226564098276e-05, 'D_low': 9.222492453004657, 'k2': 1.3243445838637965e-05, 'D_high': 16.752866684650684, 'fire_exp': 1.6733848721157607, 'P_half': 1535.1441568398143, 'pre_dampen_half': 0.03333029838740256, 'gpp_af': 0.0023751383317256927, 'gpp_b': 0.07311344697279921, 'gpp_d': 285.57196407381804, 'ign_k': 0.04380580767905655, 'ign_c': 0.1254144753902608, 'trop_agb_crit': 2.1775224101934065, 'trop_k_veg': 0.6921865222804094, 'fuel_k': 1.6630228777630973, 'fuel_half': 12.136386887218588}.
[I 2026-08-14 14:11:15,271] Trial 372 finished with values: [-0.363614796802487, 0.0009552958866372308] and parameters: {'k1': 7.118997101275657e-05, 'D_low': 2.0349553327469425, 'k2': 0.001906534551939351, 'D_high': 1627776.4805093438, 'fire_exp': 4.121043764940998, 'P_half': 539.5442811888478, 'pre_dampen_half': 0.03411860497758073, 'gpp_af': 0.3905244791300363, 'gpp_b': 1.815346247026201e-05, 'gpp_d': 0.01307253094873642, 'ign_k': 0.567034633562729, 'ign_c': 1.3409701145872435, 'trop_agb_crit': 2.3118820898020997, 'trop_k_veg': 3.4508425771776365, 'fuel_k': 2.5629765645018394, 'fuel_half': 26.9364391631794}.
[I 2026-08-14 14:11:17,433] Trial 373 finished with values: [-0.40154711135421917, 1.4277341532142884e-05] and parameters: {'k1': 6.069662445477729e-05, 'D_low': 4.043300846639722, 'k2': 0.00010939944910100016, 'D_high': 160625.60954780428, 'fire_exp': 3.79031591105525, 'P_half': 1938.3858782150498, 'pre_dampen_half': 0.10609580257119508, 'gpp_af': 0.008983355849178878, 'gpp_b': 3.228689523591491e-05, 'gpp_d': 2.292633983096564, 'ign_k': 0.18170401889219123, 'ign_c': 8.356564873457046, 'trop_agb_crit': 1.4946647023314867, 'trop_k_veg': 3.715819581962784, 'fuel_k': 5.486054129200969, 'fuel_half': 2.100333410321807}.
[I 2026-08-14 14:11:19,663] Trial 374 finished with values: [-0.5004494029206028, 0.019835289195297645] and parameters: {'k1': 0.0010204225357677778, 'D_low': 3735.16768760467, 'k2': 0.00010939944910100016, 'D_high': 316055.11434645514, 'fire_exp': 1.182396148413737, 'P_half': 1938.3858782150498, 'pre_dampen_half': 0.10609580257119508, 'gpp_af': 0.34902252478382495, 'gpp_b': 3.228689523591491e-05, 'gpp_d': 2.292633983096564, 'ign_k': 0.18170401889219123, 'ign_c': 3.0378658251922155, 'trop_agb_crit': 13.98132484257899, 'trop_k_veg': 1.0540721475196824, 'fuel_k': 5.486054129200969, 'fuel_half': 0.30455368715396786}.
[I 2026-08-14 14:11:22,053] Trial 375 finished with values: [-0.37667750517922033, 0.0002159816157243366] and parameters: {'k1': 1.7926680648388784e-05, 'D_low': 70586.60227368641, 'k2': 0.0034167643418329683, 'D_high': 44.39648242927527, 'fire_exp': 1.6733848721157607, 'P_half': 894.5150807271528, 'pre_dampen_half': 5.912487867336618, 'gpp_af': 0.34902252478382495, 'gpp_b': 0.006752383987148558, 'gpp_d': 285.57196407381804, 'ign_k': 0.018707420137660268, 'ign_c': 105.24574681335613, 'trop_agb_crit': 16.86264052240002, 'trop_k_veg': 2.3220791324604515, 'fuel_k': 0.06382243375381637, 'fuel_half': 0.13249100882689224}.
[I 2026-08-14 14:11:24,041] Trial 376 finished with values: [-0.4064952609295281, 0.00025628047110637375] and parameters: {'k1': 0.0029707920514735983, 'D_low': 11697.604007727205, 'k2': 0.001906534551939351, 'D_high': 160625.60954780428, 'fire_exp': 1.6214575867079866, 'P_half': 3910.3637457741784, 'pre_dampen_half': 0.05016722470997861, 'gpp_af': 0.0025511964576171086, 'gpp_b': 1.6569065206637924e-05, 'gpp_d': 857.4284557962634, 'ign_k': 0.567034633562729, 'ign_c': 3.0378658251922155, 'trop_agb_crit': 15.870971677383487, 'trop_k_veg': 3.1073737298971267, 'fuel_k': 5.486054129200969, 'fuel_half': 26.9364391631794}.
[I 2026-08-14 14:11:25,854] Trial 377 finished with values: [-0.41744359732848835, 0.0005119384699928675] and parameters: {'k1': 0.00014888230597983555, 'D_low': 93.75345303884801, 'k2': 1.263794633808287e-05, 'D_high': 2541.6076006960125, 'fire_exp': 1.075051292556307, 'P_half': 351.2704726270846, 'pre_dampen_half': 0.05844629901057142, 'gpp_af': 0.8533931648032835, 'gpp_b': 0.040428727350273294, 'gpp_d': 11.40961991569626, 'ign_k': 0.026539376439360548, 'ign_c': 105.24574681335613, 'trop_agb_crit': 16.967533607196547, 'trop_k_veg': 0.8934118487032162, 'fuel_k': 0.02957171323932571, 'fuel_half': 43.240425516201185}.
[I 2026-08-14 14:11:27,809] Trial 378 finished with values: [-0.36682631013035083, 4.013245291645262e-11] and parameters: {'k1': 0.0024005553432620355, 'D_low': 1160.0689839007139, 'k2': 0.0004673518999562748, 'D_high': 1826.6972566585878, 'fire_exp': 2.1589564941849333, 'P_half': 1212.4080603355412, 'pre_dampen_half': 0.03411860497758073, 'gpp_af': 0.326288637536534, 'gpp_b': 0.9407903301838397, 'gpp_d': 32.741215209888836, 'ign_k': 0.05681482545113266, 'ign_c': 79.62155254464994, 'trop_agb_crit': 2.3118820898020997, 'trop_k_veg': 4.844706510617515, 'fuel_k': 0.24067532026281035, 'fuel_half': 65.99277195883643}.
[I 2026-08-14 14:11:29,797] Trial 379 finished with values: [-0.3554625854118624, 0.0] and parameters: {'k1': 0.0012329098365270509, 'D_low': 367.4904945305323, 'k2': 1.854837679096716e-05, 'D_high': 39079.671568228776, 'fire_exp': 3.066683393418824, 'P_half': 351.2704726270846, 'pre_dampen_half': 0.011501973785501987, 'gpp_af': 0.34902252478382495, 'gpp_b': 2.788681037423117, 'gpp_d': 285.57196407381804, 'ign_k': 0.04380580767905655, 'ign_c': 105.24574681335613, 'trop_agb_crit': 13.98132484257899, 'trop_k_veg': 0.6921865222804094, 'fuel_k': 0.28630931797361614, 'fuel_half': 3.7093134348291836}.
[I 2026-08-14 14:11:31,749] Trial 380 finished with values: [-0.3554625854118624, 0.0] and parameters: {'k1': 1.8595266457134027e-05, 'D_low': 529141.0588169728, 'k2': 9.580682294110428e-05, 'D_high': 1663.2295851843426, 'fire_exp': 1.075051292556307, 'P_half': 894.5150807271528, 'pre_dampen_half': 54.70750401264757, 'gpp_af': 0.0023751383317256927, 'gpp_b': 1.7399606574646203, 'gpp_d': 0.173242701549491, 'ign_k': 1.8108143621079664, 'ign_c': 98.40989343758308, 'trop_agb_crit': 21.401581507853507, 'trop_k_veg': 2.8224577471047865, 'fuel_k': 0.02957171323932571, 'fuel_half': 4.681702225035901}.
[I 2026-08-14 14:11:33,668] Trial 381 finished with values: [-0.40494439086782175, 1.4523971662350199e-05] and parameters: {'k1': 0.0010204225357677778, 'D_low': 3735.16768760467, 'k2': 1.263794633808287e-05, 'D_high': 3390.98259947779, 'fire_exp': 1.8915934313400327, 'P_half': 48.464976792190825, 'pre_dampen_half': 0.10609580257119508, 'gpp_af': 0.34902252478382495, 'gpp_b': 1.6569065206637924e-05, 'gpp_d': 2.292633983096564, 'ign_k': 0.04380580767905655, 'ign_c': 105.24574681335613, 'trop_agb_crit': 2.1775224101934065, 'trop_k_veg': 3.0284647013370933, 'fuel_k': 0.8380096183572122, 'fuel_half': 35.2847426865637}.
[I 2026-08-14 14:11:35,619] Trial 382 finished with values: [-0.3913802159073935, 0.00023336708898247238] and parameters: {'k1': 0.0012329098365270509, 'D_low': 2.0349553327469425, 'k2': 0.0009670857606743155, 'D_high': 38111.59226078823, 'fire_exp': 1.075051292556307, 'P_half': 234.09994646132157, 'pre_dampen_half': 0.10609580257119508, 'gpp_af': 36.460005353173564, 'gpp_b': 0.23395511097933275, 'gpp_d': 2.292633983096564, 'ign_k': 0.04380580767905655, 'ign_c': 105.24574681335613, 'trop_agb_crit': 2.3118820898020997, 'trop_k_veg': 0.8966698264662736, 'fuel_k': 1.6630228777630973, 'fuel_half': 57.882001937752435}.
[I 2026-08-14 14:11:37,869] Trial 383 finished with values: [-0.3554004336392399, 0.0] and parameters: {'k1': 0.0010204225357677778, 'D_low': 9.222492453004657, 'k2': 1.3243445838637965e-05, 'D_high': 54676.348298259174, 'fire_exp': 4.487053621524983, 'P_half': 1212.4080603355412, 'pre_dampen_half': 0.043181981126981975, 'gpp_af': 0.008983355849178878, 'gpp_b': 0.23395511097933275, 'gpp_d': 700.6693992445935, 'ign_k': 0.31014294272127446, 'ign_c': 0.21947742689197342, 'trop_agb_crit': 20.205002815711154, 'trop_k_veg': 3.715819581962784, 'fuel_k': 1.6630228777630973, 'fuel_half': 8.17127270071559}.
[I 2026-08-14 14:11:39,862] Trial 384 finished with values: [-0.3554625854118624, 0.0] and parameters: {'k1': 0.00014888230597983555, 'D_low': 93.75345303884801, 'k2': 1.4363112408604443e-05, 'D_high': 39079.671568228776, 'fire_exp': 6.64661557126371, 'P_half': 16.051347487097576, 'pre_dampen_half': 54.70750401264757, 'gpp_af': 0.0023751383317256927, 'gpp_b': 0.040428727350273294, 'gpp_d': 295.4581800800121, 'ign_k': 1.8108143621079664, 'ign_c': 0.21947742689197342, 'trop_agb_crit': 21.825752290961518, 'trop_k_veg': 2.8224577471047865, 'fuel_k': 0.02496045629458217, 'fuel_half': 0.35498788321965025}.
[I 2026-08-14 14:11:41,742] Trial 385 finished with values: [-0.3992056398097579, 3.0239765136386154e-08] and parameters: {'k1': 1.0477226564098276e-05, 'D_low': 9.222492453004657, 'k2': 1.3243445838637965e-05, 'D_high': 16.752866684650684, 'fire_exp': 1.6733848721157607, 'P_half': 1535.1441568398143, 'pre_dampen_half': 0.03333029838740256, 'gpp_af': 0.0023751383317256927, 'gpp_b': 0.07311344697279921, 'gpp_d': 285.57196407381804, 'ign_k': 0.04380580767905655, 'ign_c': 0.1254144753902608, 'trop_agb_crit': 2.1775224101934065, 'trop_k_veg': 0.6921865222804094, 'fuel_k': 1.6630228777630973, 'fuel_half': 12.136386887218588}.
[I 2026-08-14 14:11:43,722] Trial 386 finished with values: [-0.40581888355073714, 3.991771519662457e-06] and parameters: {'k1': 0.0131638092522722, 'D_low': 4.043300846639722, 'k2': 0.00019472216066157317, 'D_high': 160625.60954780428, 'fire_exp': 4.281147786738949, 'P_half': 1938.3858782150498, 'pre_dampen_half': 0.03426913908389044, 'gpp_af': 0.16983565276584273, 'gpp_b': 0.00012906175696809457, 'gpp_d': 5.1227685768715014, 'ign_k': 0.03141110271934876, 'ign_c': 3.0378658251922155, 'trop_agb_crit': 16.86264052240002, 'trop_k_veg': 7.260694958828215, 'fuel_k': 5.486054129200969, 'fuel_half': 15.824830509704693}.
[I 2026-08-14 14:11:45,654] Trial 387 finished with values: [-0.35547046696076484, 0.0] and parameters: {'k1': 0.00014888230597983555, 'D_low': 93.75345303884801, 'k2': 1.263794633808287e-05, 'D_high': 44.39648242927527, 'fire_exp': 6.188409493921614, 'P_half': 1938.3858782150498, 'pre_dampen_half': 0.04548188184581417, 'gpp_af': 0.34902252478382495, 'gpp_b': 3.228689523591491e-05, 'gpp_d': 34.70266988650411, 'ign_k': 0.011698039424426817, 'ign_c': 72.99613382801451, 'trop_agb_crit': 13.98132484257899, 'trop_k_veg': 0.9008485225328876, 'fuel_k': 5.486054129200969, 'fuel_half': 2.100333410321807}.
