[I 2026-06-11 12:39:17,886] Trial 525 finished with values: [10.75346418615923, 10.75346418615923] and parameters: {'k1': 0.05233480488540085, 'D_low': 338.23872019362165, 'k2': 0.00010939944910100016, 'D_high': 21.208987108343724, 'fire_exp': 1.182396148413737, 'P_half': 220.3445560633069, 'pre_dampen_half': 502.5175192217655, 'gpp_af': 0.326288637536534, 'gpp_b': 1.7399606574646203, 'gpp_d': 9.004606022643067, 'ign_k': 4.591485216740537, 'ign_c': 3.0378658251922155, 'trop_agb_crit': 21.401581507853507, 'trop_k_veg': 2.8224577471047865, 'fuel_k': 0.09252659617259135, 'fuel_half': 0.3995528014939306}.
[I 2026-06-11 12:39:18,776] Trial 526 finished with values: [-0.623845640606628, 0.3955764386117331] and parameters: {'k1': 6.068927406889472e-05, 'D_low': 5.59983195169599, 'k2': 0.005259118659251229, 'D_high': 9996.359851911324, 'fire_exp': 1.1258453832483524, 'P_half': 38.82837025280678, 'pre_dampen_half': 347.79988160923324, 'gpp_af': 0.0010909739353103314, 'gpp_b': 7.402343469704428e-05, 'gpp_d': 17.273230592904202, 'ign_k': 0.5131654955148326, 'ign_c': 11.462237838612067, 'trop_agb_crit': 19.189415375617013, 'trop_k_veg': 1.7570501127699654, 'fuel_k': 0.24991287225033346, 'fuel_half': 81.8794158253808}.
[I 2026-06-11 12:39:19,936] Trial 527 finished with values: [-0.6109283906951921, 0.30001548026653213] and parameters: {'k1': 0.00013783578294796384, 'D_low': 1.4045842344024697, 'k2': 0.01567230746060024, 'D_high': 1853.8092461931485, 'fire_exp': 1.1258453832483524, 'P_half': 136.0956887810302, 'pre_dampen_half': 502.5175192217655, 'gpp_af': 0.015769192447197523, 'gpp_b': 1.7565109007473816e-05, 'gpp_d': 309.13825046274377, 'ign_k': 0.5131654955148326, 'ign_c': 15.221840161091626, 'trop_agb_crit': 24.584290528289387, 'trop_k_veg': 4.1309639246402785, 'fuel_k': 0.04572914063536324, 'fuel_half': 0.5375846873770783}.
[I 2026-06-11 12:39:20,849] Trial 528 finished with values: [10.769230769179362, 10.769230769179362] and parameters: {'k1': 0.004312951023617458, 'D_low': 5.59983195169599, 'k2': 0.0027431991397796683, 'D_high': 1919.1689944397538, 'fire_exp': 1.2310899049053081, 'P_half': 136.0956887810302, 'pre_dampen_half': 502.5175192217655, 'gpp_af': 0.0876577878178163, 'gpp_b': 1.7565109007473816e-05, 'gpp_d': 9.004606022643067, 'ign_k': 0.5131654955148326, 'ign_c': 510.6674528526552, 'trop_agb_crit': 26.402883285404346, 'trop_k_veg': 4.1309639246402785, 'fuel_k': 0.030315034760496778, 'fuel_half': 81.8794158253808}.
[I 2026-06-11 12:39:21,750] Trial 529 finished with values: [10.76922617277717, 10.76922617277717] and parameters: {'k1': 0.00013649087666416944, 'D_low': 844.0303958079087, 'k2': 1.742085881788942e-05, 'D_high': 3712.591045287726, 'fire_exp': 8.59876394564356, 'P_half': 136.0956887810302, 'pre_dampen_half': 502.5175192217655, 'gpp_af': 0.06789053271698488, 'gpp_b': 3.228689523591491e-05, 'gpp_d': 2.8006820077310213, 'ign_k': 0.34703605955441524, 'ign_c': 11.462237838612067, 'trop_agb_crit': 19.189415375617013, 'trop_k_veg': 1.7570501127699654, 'fuel_k': 0.24991287225033346, 'fuel_half': 42.6871254378718}.
[I 2026-06-11 12:39:22,654] Trial 530 finished with values: [-0.6500484351199514, 0.835865115337951] and parameters: {'k1': 0.00013783578294796384, 'D_low': 98.3519252750597, 'k2': 0.0027431991397796683, 'D_high': 15000.328053766281, 'fire_exp': 1.1258453832483524, 'P_half': 13.019246714361572, 'pre_dampen_half': 294.75617712568373, 'gpp_af': 0.008562341633595545, 'gpp_b': 1.7565109007473816e-05, 'gpp_d': 2.8006820077310213, 'ign_k': 0.5131654955148326, 'ign_c': 0.9294394155644988, 'trop_agb_crit': 5.707205898008383, 'trop_k_veg': 4.1309639246402785, 'fuel_k': 1.3128815679924584, 'fuel_half': 15.29850686893745}.
[I 2026-06-11 12:39:23,597] Trial 531 finished with values: [10.533431034515745, 10.533431034515745] and parameters: {'k1': 0.00013783578294796384, 'D_low': 844.0303958079087, 'k2': 0.0002549709775062069, 'D_high': 1390.2686711035008, 'fire_exp': 1.2310899049053081, 'P_half': 2.0915073038472545, 'pre_dampen_half': 347.79988160923324, 'gpp_af': 0.06789053271698488, 'gpp_b': 1.7565109007473816e-05, 'gpp_d': 0.032144312552187276, 'ign_k': 0.5131654955148326, 'ign_c': 0.11650681118986138, 'trop_agb_crit': 3.575594457014808, 'trop_k_veg': 4.1309639246402785, 'fuel_k': 4.680936683972861, 'fuel_half': 52.00581729114123}.
[I 2026-06-11 12:39:24,567] Trial 532 finished with values: [-0.5684412501184999, 0.7423187703788026] and parameters: {'k1': 0.004312951023617458, 'D_low': 5.59983195169599, 'k2': 7.67074891445376e-05, 'D_high': 89263.11370835223, 'fire_exp': 1.0629462657398439, 'P_half': 13.019246714361572, 'pre_dampen_half': 502.5175192217655, 'gpp_af': 0.015350904103515228, 'gpp_b': 0.00012118589392553798, 'gpp_d': 6.913948698657619, 'ign_k': 0.02847858516856297, 'ign_c': 15.221840161091626, 'trop_agb_crit': 19.28597237496244, 'trop_k_veg': 0.5772603928610088, 'fuel_k': 4.680936683972861, 'fuel_half': 81.8794158253808}.
[I 2026-06-11 12:39:25,554] Trial 533 finished with values: [10.24947732348965, 10.24947732348965] and parameters: {'k1': 0.00013783578294796384, 'D_low': 338.23872019362165, 'k2': 0.0027431991397796683, 'D_high': 877.984879737339, 'fire_exp': 1.2310899049053081, 'P_half': 10.226988730324324, 'pre_dampen_half': 502.5175192217655, 'gpp_af': 0.008562341633595545, 'gpp_b': 0.00010318352929732131, 'gpp_d': 27.50607428241511, 'ign_k': 0.5131654955148326, 'ign_c': 0.11650681118986138, 'trop_agb_crit': 5.707205898008383, 'trop_k_veg': 2.8224577471047865, 'fuel_k': 0.05168495502319155, 'fuel_half': 42.6871254378718}.
[I 2026-06-11 12:39:26,457] Trial 534 finished with values: [10.594846866546836, 10.594846866546836] and parameters: {'k1': 0.004312951023617458, 'D_low': 4.484744524732794, 'k2': 0.0034207303670092245, 'D_high': 89263.11370835223, 'fire_exp': 1.2310899049053081, 'P_half': 10.226988730324324, 'pre_dampen_half': 0.26568345471341914, 'gpp_af': 0.008562341633595545, 'gpp_b': 0.00010318352929732131, 'gpp_d': 9.004606022643067, 'ign_k': 0.5131654955148326, 'ign_c': 0.11650681118986138, 'trop_agb_crit': 24.584290528289387, 'trop_k_veg': 1.4584243470991722, 'fuel_k': 0.05597555634027867, 'fuel_half': 42.6871254378718}.
[I 2026-06-11 12:39:27,352] Trial 535 finished with values: [10.182391627436376, 10.182391627436376] and parameters: {'k1': 0.004312951023617458, 'D_low': 5.59983195169599, 'k2': 0.0027431991397796683, 'D_high': 1390.2686711035008, 'fire_exp': 2.2703704516008885, 'P_half': 10.226988730324324, 'pre_dampen_half': 347.79988160923324, 'gpp_af': 0.015769192447197523, 'gpp_b': 1.7565109007473816e-05, 'gpp_d': 0.34391397565278453, 'ign_k': 0.5131654955148326, 'ign_c': 3.0378658251922155, 'trop_agb_crit': 12.324775650896964, 'trop_k_veg': 1.4584243470991722, 'fuel_k': 4.680936683972861, 'fuel_half': 81.8794158253808}.
[I 2026-06-11 12:39:28,248] Trial 536 finished with values: [-0.7687188902602916, 0.542431086400887] and parameters: {'k1': 0.004312951023617458, 'D_low': 4.484744524732794, 'k2': 0.0027431991397796683, 'D_high': 3712.591045287726, 'fire_exp': 1.1258453832483524, 'P_half': 2.0915073038472545, 'pre_dampen_half': 347.79988160923324, 'gpp_af': 0.06789053271698488, 'gpp_b': 0.0007040113316769033, 'gpp_d': 16.460426816350523, 'ign_k': 0.5131654955148326, 'ign_c': 0.9294394155644988, 'trop_agb_crit': 3.575594457014808, 'trop_k_veg': 4.1309639246402785, 'fuel_k': 0.04572914063536324, 'fuel_half': 42.6871254378718}.
[I 2026-06-11 12:39:29,135] Trial 537 finished with values: [10.007190827368337, 10.007190827368337] and parameters: {'k1': 5.232779509048979e-05, 'D_low': 20.32977847090263, 'k2': 0.0027431991397796683, 'D_high': 15000.328053766281, 'fire_exp': 1.0889492364376547, 'P_half': 10.226988730324324, 'pre_dampen_half': 502.5175192217655, 'gpp_af': 0.008562341633595545, 'gpp_b': 0.00012118589392553798, 'gpp_d': 2.8006820077310213, 'ign_k': 0.050667002161528835, 'ign_c': 0.11650681118986138, 'trop_agb_crit': 15.35205868174982, 'trop_k_veg': 0.5772603928610088, 'fuel_k': 0.030315034760496778, 'fuel_half': 81.8794158253808}.
[I 2026-06-11 12:39:30,041] Trial 538 finished with values: [10.580524760495331, 10.580524760495331] and parameters: {'k1': 0.0015974581244256687, 'D_low': 290.70516815839375, 'k2': 0.0007081721844034209, 'D_high': 89263.11370835223, 'fire_exp': 3.4606786740074256, 'P_half': 2.0915073038472545, 'pre_dampen_half': 518.2609891091987, 'gpp_af': 42.29037995744429, 'gpp_b': 2.3382984208508275, 'gpp_d': 314.6826989726468, 'ign_k': 0.1550134937334847, 'ign_c': 0.13670484737132343, 'trop_agb_crit': 2.419699259862185, 'trop_k_veg': 2.8224577471047865, 'fuel_k': 0.03743055596010634, 'fuel_half': 38.211294416912246}.
[I 2026-06-11 12:39:30,963] Trial 539 finished with values: [-0.6263875036904774, 0.18224493779653028] and parameters: {'k1': 0.00013783578294796384, 'D_low': 17.588580735887383, 'k2': 0.0027431991397796683, 'D_high': 1390.2686711035008, 'fire_exp': 1.0629462657398439, 'P_half': 136.0956887810302, 'pre_dampen_half': 502.5175192217655, 'gpp_af': 0.008562341633595545, 'gpp_b': 0.00010318352929732131, 'gpp_d': 302.3127748796293, 'ign_k': 0.5131654955148326, 'ign_c': 3.0378658251922155, 'trop_agb_crit': 12.324775650896964, 'trop_k_veg': 2.715720739358474, 'fuel_k': 1.3128815679924584, 'fuel_half': 81.8794158253808}.
[I 2026-06-11 12:39:31,867] Trial 540 finished with values: [10.235348227267757, 10.235348227267757] and parameters: {'k1': 0.004312951023617458, 'D_low': 4.484744524732794, 'k2': 0.007321544340709295, 'D_high': 3712.591045287726, 'fire_exp': 1.2310899049053081, 'P_half': 12.316746498627493, 'pre_dampen_half': 347.79988160923324, 'gpp_af': 0.06789053271698488, 'gpp_b': 0.00010318352929732131, 'gpp_d': 9.004606022643067, 'ign_k': 0.5131654955148326, 'ign_c': 0.11650681118986138, 'trop_agb_crit': 24.584290528289387, 'trop_k_veg': 1.4584243470991722, 'fuel_k': 0.04572914063536324, 'fuel_half': 42.6871254378718}.
[I 2026-06-11 12:39:32,758] Trial 541 finished with values: [-0.4904591187142041, 0.7268020634888266] and parameters: {'k1': 0.00045102062878998736, 'D_low': 338.23872019362165, 'k2': 0.03865036856259725, 'D_high': 3712.591045287726, 'fire_exp': 1.0629462657398439, 'P_half': 10.226988730324324, 'pre_dampen_half': 347.79988160923324, 'gpp_af': 42.29037995744429, 'gpp_b': 0.00010318352929732131, 'gpp_d': 302.3127748796293, 'ign_k': 0.5131654955148326, 'ign_c': 0.9294394155644988, 'trop_agb_crit': 24.584290528289387, 'trop_k_veg': 4.1309639246402785, 'fuel_k': 4.680936683972861, 'fuel_half': 52.00581729114123}.
[I 2026-06-11 12:39:33,633] Trial 542 finished with values: [-0.6015890519354355, 0.5435952633511094] and parameters: {'k1': 3.072871314966638e-05, 'D_low': 5.59983195169599, 'k2': 0.005259118659251229, 'D_high': 89263.11370835223, 'fire_exp': 1.1258453832483524, 'P_half': 136.0956887810302, 'pre_dampen_half': 502.5175192217655, 'gpp_af': 0.008562341633595545, 'gpp_b': 0.00012118589392553798, 'gpp_d': 2.8006820077310213, 'ign_k': 0.6454459531371669, 'ign_c': 0.11650681118986138, 'trop_agb_crit': 19.189415375617013, 'trop_k_veg': 1.4584243470991722, 'fuel_k': 1.3128815679924584, 'fuel_half': 81.8794158253808}.
[I 2026-06-11 12:39:34,552] Trial 543 finished with values: [10.16313670910834, 10.16313670910834] and parameters: {'k1': 0.00013783578294796384, 'D_low': 844.0303958079087, 'k2': 5.30392529099666e-05, 'D_high': 3712.591045287726, 'fire_exp': 1.1258453832483524, 'P_half': 38.82837025280678, 'pre_dampen_half': 347.79988160923324, 'gpp_af': 0.14765842992482675, 'gpp_b': 7.402343469704428e-05, 'gpp_d': 2.8006820077310213, 'ign_k': 0.5131654955148326, 'ign_c': 0.9294394155644988, 'trop_agb_crit': 19.189415375617013, 'trop_k_veg': 1.7570501127699654, 'fuel_k': 0.24991287225033346, 'fuel_half': 42.6871254378718}.
[I 2026-06-11 12:39:35,506] Trial 544 finished with values: [-0.4960041259343297, 0.877364570682401] and parameters: {'k1': 0.004312951023617458, 'D_low': 540.7445028694731, 'k2': 0.03865036856259725, 'D_high': 89263.11370835223, 'fire_exp': 1.2310899049053081, 'P_half': 220.3445560633069, 'pre_dampen_half': 502.5175192217655, 'gpp_af': 0.3061073939782122, 'gpp_b': 0.00010318352929732131, 'gpp_d': 9.004606022643067, 'ign_k': 0.5131654955148326, 'ign_c': 15.221840161091626, 'trop_agb_crit': 24.584290528289387, 'trop_k_veg': 1.4584243470991722, 'fuel_k': 0.5205627439018524, 'fuel_half': 52.00581729114123}.
[I 2026-06-11 12:39:36,411] Trial 545 finished with values: [10.769230639930534, 10.769230639930534] and parameters: {'k1': 0.00013783578294796384, 'D_low': 4.484744524732794, 'k2': 0.01567230746060024, 'D_high': 15000.328053766281, 'fire_exp': 1.2310899049053081, 'P_half': 220.3445560633069, 'pre_dampen_half': 347.79988160923324, 'gpp_af': 0.015769192447197523, 'gpp_b': 1.7565109007473816e-05, 'gpp_d': 16.460426816350523, 'ign_k': 0.5131654955148326, 'ign_c': 53.02386925407301, 'trop_agb_crit': 5.707205898008383, 'trop_k_veg': 4.1309639246402785, 'fuel_k': 0.04572914063536324, 'fuel_half': 0.35019911407938}.
[I 2026-06-11 12:39:37,365] Trial 546 finished with values: [-0.6515330015310101, 0.7266030729476505] and parameters: {'k1': 0.004312951023617458, 'D_low': 338.23872019362165, 'k2': 7.67074891445376e-05, 'D_high': 89263.11370835223, 'fire_exp': 1.0629462657398439, 'P_half': 136.0956887810302, 'pre_dampen_half': 294.75617712568373, 'gpp_af': 0.008562341633595545, 'gpp_b': 0.00012118589392553798, 'gpp_d': 6.913948698657619, 'ign_k': 4.591485216740537, 'ign_c': 0.11650681118986138, 'trop_agb_crit': 19.28597237496244, 'trop_k_veg': 0.9369104721775232, 'fuel_k': 3.6992394681929337, 'fuel_half': 42.6871254378718}.
[I 2026-06-11 12:39:38,273] Trial 547 finished with values: [-0.44036401036733624, 0.8973357142847556] and parameters: {'k1': 5.232779509048979e-05, 'D_low': 5.59983195169599, 'k2': 0.01567230746060024, 'D_high': 15000.328053766281, 'fire_exp': 1.2310899049053081, 'P_half': 13.019246714361572, 'pre_dampen_half': 347.79988160923324, 'gpp_af': 0.42249047116633204, 'gpp_b': 1.7565109007473816e-05, 'gpp_d': 16.460426816350523, 'ign_k': 4.591485216740537, 'ign_c': 15.221840161091626, 'trop_agb_crit': 24.584290528289387, 'trop_k_veg': 4.1309639246402785, 'fuel_k': 0.04572914063536324, 'fuel_half': 0.32476735706274484}.
[I 2026-06-11 12:39:39,194] Trial 548 finished with values: [10.765826471153101, 10.765826471153101] and parameters: {'k1': 5.232779509048979e-05, 'D_low': 20.32977847090263, 'k2': 1.915468390724633e-05, 'D_high': 15000.328053766281, 'fire_exp': 5.117363435868793, 'P_half': 10.226988730324324, 'pre_dampen_half': 502.5175192217655, 'gpp_af': 0.008562341633595545, 'gpp_b': 0.0005392415140872105, 'gpp_d': 9.004606022643067, 'ign_k': 4.591485216740537, 'ign_c': 15.221840161091626, 'trop_agb_crit': 24.584290528289387, 'trop_k_veg': 4.1309639246402785, 'fuel_k': 3.6992394681929337, 'fuel_half': 2.9236782115513154}.
[I 2026-06-11 12:39:40,347] Trial 549 finished with values: [-0.6363003265615224, 0.7416632943303871] and parameters: {'k1': 0.00013783578294796384, 'D_low': 20.32977847090263, 'k2': 0.0027431991397796683, 'D_high': 15000.328053766281, 'fire_exp': 1.2310899049053081, 'P_half': 13.019246714361572, 'pre_dampen_half': 347.79988160923324, 'gpp_af': 0.003422824370263182, 'gpp_b': 1.7565109007473816e-05, 'gpp_d': 2.8006820077310213, 'ign_k': 4.591485216740537, 'ign_c': 0.11650681118986138, 'trop_agb_crit': 5.707205898008383, 'trop_k_veg': 2.410360404052941, 'fuel_k': 0.7156083490235491, 'fuel_half': 42.6871254378718}.
[I 2026-06-11 12:39:41,280] Trial 550 finished with values: [10.18474545907919, 10.18474545907919] and parameters: {'k1': 0.00013649087666416944, 'D_low': 5.59983195169599, 'k2': 7.67074891445376e-05, 'D_high': 9996.359851911324, 'fire_exp': 1.0629462657398439, 'P_half': 38.82837025280678, 'pre_dampen_half': 502.5175192217655, 'gpp_af': 0.14765842992482675, 'gpp_b': 0.00012118589392553798, 'gpp_d': 6.913948698657619, 'ign_k': 0.02847858516856297, 'ign_c': 11.462237838612067, 'trop_agb_crit': 19.28597237496244, 'trop_k_veg': 1.7570501127699654, 'fuel_k': 0.24991287225033346, 'fuel_half': 0.5884212538415389}.
[I 2026-06-11 12:39:42,182] Trial 551 finished with values: [-0.7038074814023643, 0.6074302311427742] and parameters: {'k1': 0.004312951023617458, 'D_low': 5.59983195169599, 'k2': 0.0034207303670092245, 'D_high': 89263.11370835223, 'fire_exp': 1.2310899049053081, 'P_half': 220.3445560633069, 'pre_dampen_half': 502.5175192217655, 'gpp_af': 0.008562341633595545, 'gpp_b': 0.00012118589392553798, 'gpp_d': 6.913948698657619, 'ign_k': 7.107346698112278, 'ign_c': 15.221840161091626, 'trop_agb_crit': 19.28597237496244, 'trop_k_veg': 0.5772603928610088, 'fuel_k': 1.3128815679924584, 'fuel_half': 81.8794158253808}.
[I 2026-06-11 12:39:43,100] Trial 552 finished with values: [10.147382753083624, 10.147382753083624] and parameters: {'k1': 0.00013783578294796384, 'D_low': 844.0303958079087, 'k2': 1.915468390724633e-05, 'D_high': 3712.591045287726, 'fire_exp': 1.1258453832483524, 'P_half': 38.82837025280678, 'pre_dampen_half': 502.5175192217655, 'gpp_af': 0.06789053271698488, 'gpp_b': 0.00012118589392553798, 'gpp_d': 16.460426816350523, 'ign_k': 0.6454459531371669, 'ign_c': 0.9294394155644988, 'trop_agb_crit': 24.584290528289387, 'trop_k_veg': 1.140286245977296, 'fuel_k': 4.680936683972861, 'fuel_half': 52.00581729114123}.
[I 2026-06-11 12:39:44,000] Trial 553 finished with values: [10.744922056811632, 10.744922056811632] and parameters: {'k1': 0.004312951023617458, 'D_low': 85.93747454677425, 'k2': 0.01567230746060024, 'D_high': 89263.11370835223, 'fire_exp': 6.397238610685558, 'P_half': 13.019246714361572, 'pre_dampen_half': 502.5175192217655, 'gpp_af': 0.005618069878716736, 'gpp_b': 0.00012118589392553798, 'gpp_d': 16.460426816350523, 'ign_k': 0.0680787482656459, 'ign_c': 15.221840161091626, 'trop_agb_crit': 6.49757528676979, 'trop_k_veg': 1.4584243470991722, 'fuel_k': 0.487361804838494, 'fuel_half': 81.8794158253808}.
[I 2026-06-11 12:39:44,890] Trial 554 finished with values: [10.536095233757399, 10.536095233757399] and parameters: {'k1': 1.4915922954285195e-05, 'D_low': 844.0303958079087, 'k2': 1.915468390724633e-05, 'D_high': 89263.11370835223, 'fire_exp': 2.2703704516008885, 'P_half': 38.82837025280678, 'pre_dampen_half': 347.79988160923324, 'gpp_af': 0.06789053271698488, 'gpp_b': 0.00012118589392553798, 'gpp_d': 302.3127748796293, 'ign_k': 4.591485216740537, 'ign_c': 0.9294394155644988, 'trop_agb_crit': 3.575594457014808, 'trop_k_veg': 4.1309639246402785, 'fuel_k': 0.04572914063536324, 'fuel_half': 42.6871254378718}.
[I 2026-06-11 12:39:45,790] Trial 555 finished with values: [10.574935326562496, 10.574935326562496] and parameters: {'k1': 0.00013783578294796384, 'D_low': 844.0303958079087, 'k2': 0.0027431991397796683, 'D_high': 1390.2686711035008, 'fire_exp': 1.2310899049053081, 'P_half': 10.226988730324324, 'pre_dampen_half': 502.5175192217655, 'gpp_af': 42.29037995744429, 'gpp_b': 1.7565109007473816e-05, 'gpp_d': 6.913948698657619, 'ign_k': 0.5131654955148326, 'ign_c': 3.0378658251922155, 'trop_agb_crit': 5.707205898008383, 'trop_k_veg': 4.1309639246402785, 'fuel_k': 4.680936683972861, 'fuel_half': 42.6871254378718}.
[I 2026-06-11 12:39:46,725] Trial 556 finished with values: [-0.5728162165687348, 0.8423383840520486] and parameters: {'k1': 0.004312951023617458, 'D_low': 4.484744524732794, 'k2': 1.915468390724633e-05, 'D_high': 30608.522106722474, 'fire_exp': 1.2310899049053081, 'P_half': 13.019246714361572, 'pre_dampen_half': 502.5175192217655, 'gpp_af': 0.015769192447197523, 'gpp_b': 1.7565109007473816e-05, 'gpp_d': 16.460426816350523, 'ign_k': 0.6454459531371669, 'ign_c': 15.221840161091626, 'trop_agb_crit': 5.707205898008383, 'trop_k_veg': 1.140286245977296, 'fuel_k': 0.04572914063536324, 'fuel_half': 52.00581729114123}.
[I 2026-06-11 12:39:47,631] Trial 557 finished with values: [10.180153208854861, 10.180153208854861] and parameters: {'k1': 0.00013649087666416944, 'D_low': 652.5765108342365, 'k2': 0.005259118659251229, 'D_high': 9996.359851911324, 'fire_exp': 1.1258453832483524, 'P_half': 78.32259769732477, 'pre_dampen_half': 347.79988160923324, 'gpp_af': 0.14765842992482675, 'gpp_b': 7.402343469704428e-05, 'gpp_d': 9.004606022643067, 'ign_k': 0.006290644294586149, 'ign_c': 0.11650681118986138, 'trop_agb_crit': 29.789943908227905, 'trop_k_veg': 1.7570501127699654, 'fuel_k': 0.24991287225033346, 'fuel_half': 52.00581729114123}.
[I 2026-06-11 12:39:48,502] Trial 558 finished with values: [-0.5908038713561805, 0.5888516666996272] and parameters: {'k1': 0.003242143344038315, 'D_low': 5.59983195169599, 'k2': 0.00010939944910100016, 'D_high': 21.208987108343724, 'fire_exp': 1.1258453832483524, 'P_half': 136.0956887810302, 'pre_dampen_half': 294.75617712568373, 'gpp_af': 0.326288637536534, 'gpp_b': 7.402343469704428e-05, 'gpp_d': 9.004606022643067, 'ign_k': 0.5131654955148326, 'ign_c': 14.452451441203321, 'trop_agb_crit': 5.115968405120539, 'trop_k_veg': 2.639166174475906, 'fuel_k': 1.3128815679924584, 'fuel_half': 0.3995528014939306}.
[I 2026-06-11 12:39:49,418] Trial 559 finished with values: [-0.5960091513871845, 0.791615888292285] and parameters: {'k1': 0.003242143344038315, 'D_low': 338.23872019362165, 'k2': 0.0034207303670092245, 'D_high': 15000.328053766281, 'fire_exp': 1.2310899049053081, 'P_half': 136.0956887810302, 'pre_dampen_half': 294.75617712568373, 'gpp_af': 0.008562341633595545, 'gpp_b': 1.7565109007473816e-05, 'gpp_d': 9.004606022643067, 'ign_k': 0.5131654955148326, 'ign_c': 0.11650681118986138, 'trop_agb_crit': 5.707205898008383, 'trop_k_veg': 0.9369104721775232, 'fuel_k': 1.3128815679924584, 'fuel_half': 42.6871254378718}.
