[I 2026-06-11 00:51:09,180] Trial 175 finished with values: [10.728816137313554, 10.728816137313554] and parameters: {'k1': 2.27847364377152e-05, 'D_low': 338.23872019362165, 'k2': 0.03865036856259725, 'D_high': 1390.2686711035008, 'fire_exp': 1.2310899049053081, 'P_half': 4.889669266916749, 'pre_dampen_half': 0.09150505661171647, 'gpp_af': 0.12243451886824051, 'gpp_b': 0.00010318352929732131, 'gpp_d': 9.004606022643067, 'ign_k': 0.005105542986365654, 'ign_c': 0.11650681118986138, 'trop_agb_crit': 21.825752290961518, 'trop_k_veg': 2.8224577471047865, 'fuel_k': 0.021123235354472927, 'fuel_half': 35.77838574843288}.
[I 2026-06-11 00:51:10,486] Trial 176 finished with values: [10.668416808250448, 10.668416808250448] and parameters: {'k1': 0.05233480488540085, 'D_low': 2.5379946629058443, 'k2': 2.1698375693549493e-05, 'D_high': 30608.522106722474, 'fire_exp': 1.182396148413737, 'P_half': 1938.3858782150498, 'pre_dampen_half': 33.9790424311127, 'gpp_af': 0.0025511964576171086, 'gpp_b': 3.228689523591491e-05, 'gpp_d': 302.3127748796293, 'ign_k': 0.018707420137660268, 'ign_c': 3.0378658251922155, 'trop_agb_crit': 15.870971677383487, 'trop_k_veg': 1.6340262437673854, 'fuel_k': 1.8731335591844642, 'fuel_half': 38.211294416912246}.
[I 2026-06-11 00:51:11,898] Trial 177 finished with values: [10.7692263690617, 10.7692263690617] and parameters: {'k1': 6.069662445477729e-05, 'D_low': 1.8942844905792813, 'k2': 0.0009562822793888481, 'D_high': 11.827346017839092, 'fire_exp': 1.2429193829348841, 'P_half': 539.5442811888478, 'pre_dampen_half': 0.022695682239207024, 'gpp_af': 0.03934396739328546, 'gpp_b': 1.1728753685919104, 'gpp_d': 0.01307253094873642, 'ign_k': 1.8108143621079664, 'ign_c': 1.3409701145872435, 'trop_agb_crit': 1.4946647023314867, 'trop_k_veg': 3.4508425771776365, 'fuel_k': 0.5588539902953054, 'fuel_half': 42.89592532297351}.
[I 2026-06-11 00:51:13,579] Trial 178 finished with values: [10.76748800812588, 10.76748800812588] and parameters: {'k1': 0.004312951023617458, 'D_low': 3848.9589040216215, 'k2': 1.915468390724633e-05, 'D_high': 17.956984225677637, 'fire_exp': 1.0629462657398439, 'P_half': 19.986340778528874, 'pre_dampen_half': 44.46628955475442, 'gpp_af': 0.7539992074650279, 'gpp_b': 2.105118051960871, 'gpp_d': 290.642121800538, 'ign_k': 0.003008686821445846, 'ign_c': 2.329535895346768, 'trop_agb_crit': 5.127251822192504, 'trop_k_veg': 2.370364278801894, 'fuel_k': 1.386319828528516, 'fuel_half': 3.0296104428212476}.
[I 2026-06-11 00:51:15,174] Trial 179 finished with values: [10.769182682028717, 10.769182682028717] and parameters: {'k1': 0.0029707920514735983, 'D_low': 1.1065812688893482, 'k2': 3.5281132746849994e-05, 'D_high': 6366.1449945522045, 'fire_exp': 7.479801584594695, 'P_half': 9.324787201197319, 'pre_dampen_half': 10.059683154936918, 'gpp_af': 1.1300566419249864, 'gpp_b': 0.0005995821881487623, 'gpp_d': 857.4284557962634, 'ign_k': 0.03141110271934876, 'ign_c': 8.40543912931368, 'trop_agb_crit': 5.841230872704112, 'trop_k_veg': 6.911478238001162, 'fuel_k': 0.08612665817296865, 'fuel_half': 16.371966573507315}.
[I 2026-06-11 00:51:16,518] Trial 180 finished with values: [10.766729056992144, 10.766729056992144] and parameters: {'k1': 0.00013649087666416944, 'D_low': 27.08013793478254, 'k2': 0.002342238625792905, 'D_high': 19894.08016785691, 'fire_exp': 1.7124099831271415, 'P_half': 2193.8654178115053, 'pre_dampen_half': 96.93415502195788, 'gpp_af': 18.23507280431421, 'gpp_b': 0.0002374151186079093, 'gpp_d': 0.0581159974343924, 'ign_k': 0.009634538433595985, 'ign_c': 0.43926387967502156, 'trop_agb_crit': 5.707205898008383, 'trop_k_veg': 0.5415365826598848, 'fuel_k': 0.030315034760496778, 'fuel_half': 1.0891507139853283}.
[I 2026-06-11 00:51:17,809] Trial 181 finished with values: [10.701632756901539, 10.701632756901539] and parameters: {'k1': 2.27847364377152e-05, 'D_low': 338.23872019362165, 'k2': 0.0005708731724249573, 'D_high': 1390.2686711035008, 'fire_exp': 1.2310899049053081, 'P_half': 16.051347487097576, 'pre_dampen_half': 0.4016986062226067, 'gpp_af': 0.008562341633595545, 'gpp_b': 1.7565109007473816e-05, 'gpp_d': 9.004606022643067, 'ign_k': 0.5131654955148326, 'ign_c': 0.11650681118986138, 'trop_agb_crit': 21.825752290961518, 'trop_k_veg': 2.8224577471047865, 'fuel_k': 0.09252659617259135, 'fuel_half': 0.3335026483569958}.
[I 2026-06-11 00:51:19,114] Trial 182 finished with values: [10.769186741134043, 10.769186741134043] and parameters: {'k1': 0.0023179376139410863, 'D_low': 515.3053011412491, 'k2': 1.6559474674046002e-05, 'D_high': 9996.359851911324, 'fire_exp': 3.1018148805490564, 'P_half': 78.32259769732477, 'pre_dampen_half': 0.10609580257119508, 'gpp_af': 0.14765842992482675, 'gpp_b': 0.024796579879439486, 'gpp_d': 0.0581159974343924, 'ign_k': 0.18170401889219123, 'ign_c': 0.43926387967502156, 'trop_agb_crit': 13.98132484257899, 'trop_k_veg': 1.1021959069423406, 'fuel_k': 0.04207132303652083, 'fuel_half': 2.276766792290519}.
[I 2026-06-11 00:51:20,647] Trial 183 finished with values: [10.766870761055117, 10.766870761055117] and parameters: {'k1': 0.00014879588507789985, 'D_low': 3848.9589040216215, 'k2': 1.6559474674046002e-05, 'D_high': 219.1739661157601, 'fire_exp': 1.2429193829348841, 'P_half': 38.82837025280678, 'pre_dampen_half': 0.022695682239207024, 'gpp_af': 0.005618069878716736, 'gpp_b': 0.003377126304540961, 'gpp_d': 290.642121800538, 'ign_k': 0.011698039424426817, 'ign_c': 2.442377596403893, 'trop_agb_crit': 1.4946647023314867, 'trop_k_veg': 3.4508425771776365, 'fuel_k': 0.0500651901928747, 'fuel_half': 43.240425516201185}.
[I 2026-06-11 00:51:22,266] Trial 184 finished with values: [10.769230769178105, 10.769230769178105] and parameters: {'k1': 9.969469187531805e-05, 'D_low': 90.71933427331369, 'k2': 7.67074891445376e-05, 'D_high': 4856.157707765675, 'fire_exp': 8.791426299948917, 'P_half': 1228.2126524008484, 'pre_dampen_half': 3.9885726374014685, 'gpp_af': 42.29037995744429, 'gpp_b': 0.00012118589392553798, 'gpp_d': 6.378078463802853, 'ign_k': 3.210808548911191, 'ign_c': 4.110848435021229, 'trop_agb_crit': 1.5774541406529003, 'trop_k_veg': 0.5415365826598848, 'fuel_k': 3.6992394681929337, 'fuel_half': 81.8794158253808}.
[I 2026-06-11 00:51:23,601] Trial 185 finished with values: [10.769225636654713, 10.769225636654713] and parameters: {'k1': 0.00014879588507789985, 'D_low': 652.5765108342365, 'k2': 2.5299503921303695e-05, 'D_high': 24.622754931226588, 'fire_exp': 6.27228843753239, 'P_half': 539.5442811888478, 'pre_dampen_half': 19.600139992927435, 'gpp_af': 0.8226361776146098, 'gpp_b': 0.003377126304540961, 'gpp_d': 290.642121800538, 'ign_k': 0.34703605955441524, 'ign_c': 0.15178052094448868, 'trop_agb_crit': 18.047304706421063, 'trop_k_veg': 3.4508425771776365, 'fuel_k': 0.5588539902953054, 'fuel_half': 0.6370755274604819}.
[I 2026-06-11 00:51:24,923] Trial 186 finished with values: [10.229324989894614, 10.229324989894614] and parameters: {'k1': 0.00013783578294796384, 'D_low': 1.4045842344024697, 'k2': 1.915468390724633e-05, 'D_high': 204.16881527138202, 'fire_exp': 1.1258453832483524, 'P_half': 13.019246714361572, 'pre_dampen_half': 347.79988160923324, 'gpp_af': 0.015769192447197523, 'gpp_b': 7.402343469704428e-05, 'gpp_d': 2.8006820077310213, 'ign_k': 8.761971101023693, 'ign_c': 0.9294394155644988, 'trop_agb_crit': 9.836162684900028, 'trop_k_veg': 4.1309639246402785, 'fuel_k': 0.04572914063536324, 'fuel_half': 15.29850686893745}.
[I 2026-06-11 00:51:26,276] Trial 187 finished with values: [10.766920682417586, 10.766920682417586] and parameters: {'k1': 0.05233480488540085, 'D_low': 1707.9750342958232, 'k2': 0.0001971137615017176, 'D_high': 89263.11370835223, 'fire_exp': 7.367059898886058, 'P_half': 1.4378290221680121, 'pre_dampen_half': 36.876350096203005, 'gpp_af': 1.1300566419249864, 'gpp_b': 0.00012118589392553798, 'gpp_d': 6.913948698657619, 'ign_k': 0.0026834162496848666, 'ign_c': 6.160975294741436, 'trop_agb_crit': 10.719494362768906, 'trop_k_veg': 1.140286245977296, 'fuel_k': 0.928836962346273, 'fuel_half': 0.25307196127108805}.
[I 2026-06-11 00:51:27,816] Trial 188 finished with values: [10.769172513604603, 10.769172513604603] and parameters: {'k1': 0.02641449645424223, 'D_low': 125.61043700013555, 'k2': 0.02228708726011016, 'D_high': 146.1896279370497, 'fire_exp': 4.9827771210213685, 'P_half': 3.6138942712165267, 'pre_dampen_half': 25.15960733455044, 'gpp_af': 0.14765842992482675, 'gpp_b': 0.0024605285374226047, 'gpp_d': 84.31013932082456, 'ign_k': 0.34703605955441524, 'ign_c': 11.400863701127316, 'trop_agb_crit': 7.500118950416987, 'trop_k_veg': 0.5687244174086067, 'fuel_k': 0.24991287225033346, 'fuel_half': 37.108168807575375}.
[I 2026-06-11 00:51:29,355] Trial 189 finished with values: [10.74503320162268, 10.74503320162268] and parameters: {'k1': 5.325873749322162e-05, 'D_low': 10.753522341516506, 'k2': 0.0009299619346742016, 'D_high': 107.88909575795405, 'fire_exp': 1.182396148413737, 'P_half': 8.547476176667196, 'pre_dampen_half': 12.389588752305038, 'gpp_af': 0.04403094955951772, 'gpp_b': 0.010847560307977218, 'gpp_d': 857.4284557962634, 'ign_k': 0.002011190979341457, 'ign_c': 307.96093943652454, 'trop_agb_crit': 15.870971677383487, 'trop_k_veg': 2.3241642204298145, 'fuel_k': 0.024304286905830974, 'fuel_half': 58.54612336582598}.
[I 2026-06-11 00:51:30,742] Trial 190 finished with values: [10.769146784398222, 10.769146784398222] and parameters: {'k1': 0.003242143344038315, 'D_low': 21.85860582960182, 'k2': 3.606519549370447e-05, 'D_high': 15000.328053766281, 'fire_exp': 4.169392260794133, 'P_half': 1025.3368317956683, 'pre_dampen_half': 294.75617712568373, 'gpp_af': 0.005618069878716736, 'gpp_b': 0.0002374151186079093, 'gpp_d': 0.0581159974343924, 'ign_k': 0.009634538433595985, 'ign_c': 0.43926387967502156, 'trop_agb_crit': 1.1208086449693282, 'trop_k_veg': 1.1021959069423406, 'fuel_k': 0.030315034760496778, 'fuel_half': 1.0891507139853283}.
[I 2026-06-11 00:51:32,185] Trial 191 finished with values: [-0.4613862857622899, 0.9369130301860686] and parameters: {'k1': 0.004312951023617458, 'D_low': 5.59983195169599, 'k2': 7.67074891445376e-05, 'D_high': 89263.11370835223, 'fire_exp': 1.0629462657398439, 'P_half': 220.3445560633069, 'pre_dampen_half': 502.5175192217655, 'gpp_af': 42.29037995744429, 'gpp_b': 0.00012118589392553798, 'gpp_d': 6.913948698657619, 'ign_k': 4.591485216740537, 'ign_c': 15.221840161091626, 'trop_agb_crit': 19.28597237496244, 'trop_k_veg': 0.5772603928610088, 'fuel_k': 3.6992394681929337, 'fuel_half': 81.8794158253808}.
[I 2026-06-11 00:51:33,638] Trial 192 finished with values: [10.769230768765501, 10.769230768765501] and parameters: {'k1': 1.8205657658407255e-05, 'D_low': 1707.9750342958232, 'k2': 0.0034167643418329683, 'D_high': 30608.522106722474, 'fire_exp': 6.363148766597142, 'P_half': 5.575453980775371, 'pre_dampen_half': 0.06209055280340042, 'gpp_af': 25.371947027764822, 'gpp_b': 0.6992636148959319, 'gpp_d': 2.991469302130215, 'ign_k': 0.0013726318898045872, 'ign_c': 433.7920697490936, 'trop_agb_crit': 2.411289811529197, 'trop_k_veg': 3.138530300785082, 'fuel_k': 0.0734480915638841, 'fuel_half': 38.211294416912246}.
[I 2026-06-11 00:51:35,017] Trial 193 finished with values: [10.76906519356774, 10.76906519356774] and parameters: {'k1': 9.969469187531805e-05, 'D_low': 90.71933427331369, 'k2': 0.0038341488164556755, 'D_high': 89263.11370835223, 'fire_exp': 8.791426299948917, 'P_half': 1.4378290221680121, 'pre_dampen_half': 228.6744476401009, 'gpp_af': 0.12243451886824051, 'gpp_b': 0.0002374151186079093, 'gpp_d': 6.913948698657619, 'ign_k': 0.009634538433595985, 'ign_c': 0.13670484737132343, 'trop_agb_crit': 21.825752290961518, 'trop_k_veg': 1.140286245977296, 'fuel_k': 3.6992394681929337, 'fuel_half': 1.0891507139853283}.
[I 2026-06-11 00:51:36,682] Trial 194 finished with values: [10.717775445898884, 10.717775445898884] and parameters: {'k1': 0.00029589152820953097, 'D_low': 338.23872019362165, 'k2': 0.0034207303670092245, 'D_high': 1390.2686711035008, 'fire_exp': 1.2310899049053081, 'P_half': 16.051347487097576, 'pre_dampen_half': 0.4016986062226067, 'gpp_af': 0.12243451886824051, 'gpp_b': 1.7565109007473816e-05, 'gpp_d': 9.004606022643067, 'ign_k': 0.0013091491622098177, 'ign_c': 0.11650681118986138, 'trop_agb_crit': 5.707205898008383, 'trop_k_veg': 2.8224577471047865, 'fuel_k': 0.021123235354472927, 'fuel_half': 0.3335026483569958}.
[I 2026-06-11 00:51:38,171] Trial 195 finished with values: [10.740060324631672, 10.740060324631672] and parameters: {'k1': 0.05233480488540085, 'D_low': 2.5379946629058443, 'k2': 2.1698375693549493e-05, 'D_high': 30608.522106722474, 'fire_exp': 1.0881360604103363, 'P_half': 16.051347487097576, 'pre_dampen_half': 36.876350096203005, 'gpp_af': 0.326288637536534, 'gpp_b': 3.228689523591491e-05, 'gpp_d': 314.6826989726468, 'ign_k': 0.018707420137660268, 'ign_c': 201.0328373440913, 'trop_agb_crit': 6.1198430581046965, 'trop_k_veg': 1.6340262437673854, 'fuel_k': 0.05597555634027867, 'fuel_half': 65.99277195883643}.
[I 2026-06-11 00:51:39,483] Trial 196 finished with values: [10.756467026388417, 10.756467026388417] and parameters: {'k1': 9.969469187531805e-05, 'D_low': 28.3353894176247, 'k2': 0.00010939944910100016, 'D_high': 107.88909575795405, 'fire_exp': 1.0889492364376547, 'P_half': 8320.133621840185, 'pre_dampen_half': 33.71909132517384, 'gpp_af': 0.04403094955951772, 'gpp_b': 4.0803257466853524e-05, 'gpp_d': 6.913948698657619, 'ign_k': 0.002011190979341457, 'ign_c': 0.3277320296937064, 'trop_agb_crit': 10.719494362768906, 'trop_k_veg': 6.911478238001162, 'fuel_k': 0.030315034760496778, 'fuel_half': 81.8794158253808}.
[I 2026-06-11 00:51:40,792] Trial 197 finished with values: [10.767108504650658, 10.767108504650658] and parameters: {'k1': 3.27702285192857e-05, 'D_low': 2.5379946629058443, 'k2': 2.1698375693549493e-05, 'D_high': 6366.1449945522045, 'fire_exp': 1.182396148413737, 'P_half': 21.901578520649217, 'pre_dampen_half': 502.5175192217655, 'gpp_af': 0.7539992074650279, 'gpp_b': 0.0021331409710300844, 'gpp_d': 16.460426816350523, 'ign_k': 0.0680787482656459, 'ign_c': 94.19612235978197, 'trop_agb_crit': 24.584290528289387, 'trop_k_veg': 0.7808079158649266, 'fuel_k': 4.680936683972861, 'fuel_half': 52.00581729114123}.
[I 2026-06-11 00:51:42,112] Trial 198 finished with values: [10.402021802704166, 10.402021802704166] and parameters: {'k1': 0.018701140647651892, 'D_low': 5.59983195169599, 'k2': 0.03589155871450837, 'D_high': 3712.591045287726, 'fire_exp': 3.1018148805490564, 'P_half': 220.3445560633069, 'pre_dampen_half': 502.5175192217655, 'gpp_af': 0.7539992074650279, 'gpp_b': 0.0024605285374226047, 'gpp_d': 144.76743839390986, 'ign_k': 0.34703605955441524, 'ign_c': 0.15178052094448868, 'trop_agb_crit': 3.575594457014808, 'trop_k_veg': 0.5772603928610088, 'fuel_k': 0.24991287225033346, 'fuel_half': 37.108168807575375}.
[I 2026-06-11 00:51:43,596] Trial 199 finished with values: [10.748436131675232, 10.748436131675232] and parameters: {'k1': 2.27847364377152e-05, 'D_low': 338.23872019362165, 'k2': 0.0005708731724249573, 'D_high': 9996.359851911324, 'fire_exp': 1.2310899049053081, 'P_half': 3910.3637457741784, 'pre_dampen_half': 0.4016986062226067, 'gpp_af': 0.12243451886824051, 'gpp_b': 1.6569065206637924e-05, 'gpp_d': 2.292633983096564, 'ign_k': 3.284529979576944, 'ign_c': 0.11650681118986138, 'trop_agb_crit': 21.825752290961518, 'trop_k_veg': 2.8224577471047865, 'fuel_k': 0.28630931797361614, 'fuel_half': 0.3335026483569958}.
[I 2026-06-11 00:51:45,178] Trial 200 finished with values: [10.76442189085831, 10.76442189085831] and parameters: {'k1': 0.00013649087666416944, 'D_low': 107.12009151798692, 'k2': 0.0038341488164556755, 'D_high': 21.980325699763856, 'fire_exp': 1.0889492364376547, 'P_half': 539.5442811888478, 'pre_dampen_half': 0.022695682239207024, 'gpp_af': 0.015350904103515228, 'gpp_b': 4.0803257466853524e-05, 'gpp_d': 0.0581159974343924, 'ign_k': 0.02847858516856297, 'ign_c': 2.329535895346768, 'trop_agb_crit': 26.402883285404346, 'trop_k_veg': 1.0049538030148353, 'fuel_k': 0.5588539902953054, 'fuel_half': 0.6370755274604819}.
[I 2026-06-11 00:51:46,606] Trial 201 finished with values: [10.751009521899917, 10.751009521899917] and parameters: {'k1': 1.0605801312906204e-05, 'D_low': 1927.6545985682426, 'k2': 0.000140654144219877, 'D_high': 115.45165697879467, 'fire_exp': 1.6139358000526771, 'P_half': 1.2768174677433957, 'pre_dampen_half': 96.93415502195788, 'gpp_af': 0.8226361776146098, 'gpp_b': 0.0002374151186079093, 'gpp_d': 0.0581159974343924, 'ign_k': 0.009634538433595985, 'ign_c': 0.3296550135838091, 'trop_agb_crit': 21.825752290961518, 'trop_k_veg': 1.4327328555223249, 'fuel_k': 0.030315034760496778, 'fuel_half': 0.6370755274604819}.
[I 2026-06-11 00:51:47,944] Trial 202 finished with values: [10.710157795939992, 10.710157795939992] and parameters: {'k1': 2.27847364377152e-05, 'D_low': 338.23872019362165, 'k2': 0.03589155871450837, 'D_high': 1390.2686711035008, 'fire_exp': 1.2310899049053081, 'P_half': 220.3445560633069, 'pre_dampen_half': 0.4016986062226067, 'gpp_af': 0.7539992074650279, 'gpp_b': 0.011750724729953272, 'gpp_d': 12.151631524283598, 'ign_k': 3.284529979576944, 'ign_c': 0.11650681118986138, 'trop_agb_crit': 21.825752290961518, 'trop_k_veg': 0.5772603928610088, 'fuel_k': 0.24991287225033346, 'fuel_half': 37.108168807575375}.
[I 2026-06-11 00:51:49,294] Trial 203 finished with values: [10.769210778285466, 10.769210778285466] and parameters: {'k1': 0.002968335334246999, 'D_low': 4.484744524732794, 'k2': 2.8459703343413838e-05, 'D_high': 3712.591045287726, 'fire_exp': 9.576044995068301, 'P_half': 220.3445560633069, 'pre_dampen_half': 502.5175192217655, 'gpp_af': 18.23507280431421, 'gpp_b': 1.7565109007473816e-05, 'gpp_d': 16.460426816350523, 'ign_k': 1.8611194462546792, 'ign_c': 2.329535895346768, 'trop_agb_crit': 2.4165727141234647, 'trop_k_veg': 0.5415365826598848, 'fuel_k': 4.680936683972861, 'fuel_half': 0.6370755274604819}.
[I 2026-06-11 00:51:50,641] Trial 204 finished with values: [10.218662477973021, 10.218662477973021] and parameters: {'k1': 0.00013783578294796384, 'D_low': 1.4045842344024697, 'k2': 1.127217425995114e-05, 'D_high': 1024.9816559563214, 'fire_exp': 1.1258453832483524, 'P_half': 13.019246714361572, 'pre_dampen_half': 347.79988160923324, 'gpp_af': 0.015769192447197523, 'gpp_b': 7.402343469704428e-05, 'gpp_d': 2.8006820077310213, 'ign_k': 8.761971101023693, 'ign_c': 0.9294394155644988, 'trop_agb_crit': 9.836162684900028, 'trop_k_veg': 4.1309639246402785, 'fuel_k': 0.04572914063536324, 'fuel_half': 7.860326410149304}.
[I 2026-06-11 00:51:52,374] Trial 205 finished with values: [10.72034261330532, 10.72034261330532] and parameters: {'k1': 0.0029707920514735983, 'D_low': 2.5379946629058443, 'k2': 2.5299503921303695e-05, 'D_high': 21.980325699763856, 'fire_exp': 1.2429193829348841, 'P_half': 1938.3858782150498, 'pre_dampen_half': 33.9790424311127, 'gpp_af': 0.0025511964576171086, 'gpp_b': 3.228689523591491e-05, 'gpp_d': 857.4284557962634, 'ign_k': 0.03141110271934876, 'ign_c': 3.0378658251922155, 'trop_agb_crit': 1.4946647023314867, 'trop_k_veg': 3.4508425771776365, 'fuel_k': 5.486054129200969, 'fuel_half': 18.202647368248826}.
[I 2026-06-11 00:51:54,015] Trial 206 finished with values: [-0.5805336675456587, 0.9719566938501474] and parameters: {'k1': 0.0015974581244256687, 'D_low': 2.2281634177046414, 'k2': 0.0007081721844034209, 'D_high': 89263.11370835223, 'fire_exp': 1.0629462657398439, 'P_half': 16.051347487097576, 'pre_dampen_half': 36.876350096203005, 'gpp_af': 42.29037995744429, 'gpp_b': 0.011750724729953272, 'gpp_d': 314.6826989726468, 'ign_k': 4.591485216740537, 'ign_c': 15.221840161091626, 'trop_agb_crit': 2.419699259862185, 'trop_k_veg': 2.8224577471047865, 'fuel_k': 3.6992394681929337, 'fuel_half': 81.8794158253808}.
[I 2026-06-11 00:51:55,330] Trial 207 finished with values: [10.412682209173077, 10.412682209173077] and parameters: {'k1': 0.00014879588507789985, 'D_low': 2.5379946629058443, 'k2': 1.915468390724633e-05, 'D_high': 30608.522106722474, 'fire_exp': 1.182396148413737, 'P_half': 343.5759946100352, 'pre_dampen_half': 502.5175192217655, 'gpp_af': 0.8226361776146098, 'gpp_b': 3.228689523591491e-05, 'gpp_d': 16.460426816350523, 'ign_k': 0.018707420137660268, 'ign_c': 14.452451441203321, 'trop_agb_crit': 24.584290528289387, 'trop_k_veg': 1.4584243470991722, 'fuel_k': 0.5588539902953054, 'fuel_half': 0.6370755274604819}.
[I 2026-06-11 00:51:56,778] Trial 208 finished with values: [10.759891803900269, 10.759891803900269] and parameters: {'k1': 0.0131638092522722, 'D_low': 5.08290658294838, 'k2': 1.854837679096716e-05, 'D_high': 76.19822175388143, 'fire_exp': 1.2310899049053081, 'P_half': 3910.3637457741784, 'pre_dampen_half': 0.03426913908389044, 'gpp_af': 0.15876781526924, 'gpp_b': 0.0005392415140872105, 'gpp_d': 8.057329182285729, 'ign_k': 0.18170401889219123, 'ign_c': 0.11650681118986138, 'trop_agb_crit': 6.119263728555865, 'trop_k_veg': 0.5772603928610088, 'fuel_k': 0.28630931797361614, 'fuel_half': 0.25307196127108805}.
[I 2026-06-11 00:51:58,085] Trial 209 finished with values: [10.752527649897424, 10.752527649897424] and parameters: {'k1': 0.0029707920514735983, 'D_low': 2.5379946629058443, 'k2': 0.03865036856259725, 'D_high': 1390.2686711035008, 'fire_exp': 1.182396148413737, 'P_half': 1106.908213475539, 'pre_dampen_half': 0.09150505661171647, 'gpp_af': 0.0025511964576171086, 'gpp_b': 0.00010318352929732131, 'gpp_d': 857.4284557962634, 'ign_k': 0.005105542986365654, 'ign_c': 3.0378658251922155, 'trop_agb_crit': 15.870971677383487, 'trop_k_veg': 2.8224577471047865, 'fuel_k': 0.021123235354472927, 'fuel_half': 35.77838574843288}.
