[I 2026-07-24 02:14:28,880] Trial 1120 finished with value: 0.4548709369668761 and parameters: {'k1': 0.00041809374037024934, 'D_low': 9.657732146620432, 'k2': 0.004199046408889703, 'D_high': 2793302.589873593, 'fire_exp': 1.5827545790837099, 'P_half': 15.99404182042198, 'pre_dampen_half': 1.2174896056579287, 'gpp_af': 0.005154175706076041, 'gpp_b': 3.6817741722115635e-05, 'gpp_d': 1.5882275379846598, 'ign_k': 0.04893511501112784, 'ign_c': 0.9714267330110037, 'trop_agb_crit': 6.343027956870147, 'trop_k_veg': 0.726978133871476, 'gdp_gamma': 0.11149312746471492, 'fuel_k': 0.013909626376512775, 'fuel_half': 17.639055823412182}. Best is trial 335 with value: -0.6233152110406992.
[I 2026-07-24 02:14:29,334] Trial 1121 finished with value: 0.4059721908098175 and parameters: {'k1': 0.0005315718434440699, 'D_low': 7.802549969297364, 'k2': 0.03347657279101238, 'D_high': 3297575.3390415995, 'fire_exp': 1.920668057883082, 'P_half': 1.4006734088613002, 'pre_dampen_half': 0.6644587846250987, 'gpp_af': 0.00271260488040299, 'gpp_b': 2.6884175421696668e-05, 'gpp_d': 4.5027618527623465, 'ign_k': 0.0015498101585843347, 'ign_c': 5.294353220878174, 'trop_agb_crit': 1.5918960361418826, 'trop_k_veg': 2.219649096104071, 'gdp_gamma': 1.2955415251065143, 'fuel_k': 0.014251976581031152, 'fuel_half': 0.34654726115893536}. Best is trial 335 with value: -0.6233152110406992.
[I 2026-07-24 02:14:29,791] Trial 1122 finished with value: 0.43468874469060337 and parameters: {'k1': 0.00011721001343896146, 'D_low': 2717.396254145709, 'k2': 0.07438518677107349, 'D_high': 28874.305745492187, 'fire_exp': 1.2662314978355256, 'P_half': 9.098799907320343, 'pre_dampen_half': 1.4284253608648136, 'gpp_af': 0.0010836244497915192, 'gpp_b': 0.000133442092449531, 'gpp_d': 11.495634013273582, 'ign_k': 0.0017815505919989729, 'ign_c': 0.3421176874309479, 'trop_agb_crit': 3.415298598767237, 'trop_k_veg': 2.8108282456337546, 'gdp_gamma': 1.8064337916519793, 'fuel_k': 0.02002347706014985, 'fuel_half': 0.39680246853604706}. Best is trial 335 with value: -0.6233152110406992.
[I 2026-07-24 02:14:30,243] Trial 1123 finished with value: 0.5054591623549951 and parameters: {'k1': 4.3268303292896867e-05, 'D_low': 239.04555163222042, 'k2': 9.947760348517097e-05, 'D_high': 7642190.404236771, 'fire_exp': 1.4137451073760299, 'P_half': 12.41014843980687, 'pre_dampen_half': 129.30164194543607, 'gpp_af': 0.0013015479554343277, 'gpp_b': 1.1906670810072435e-05, 'gpp_d': 21.349187267708768, 'ign_k': 0.004279455651495454, 'ign_c': 76.17549960758876, 'trop_agb_crit': 9.873311162001942, 'trop_k_veg': 1.7499853006485087, 'gdp_gamma': 1.54935062364487, 'fuel_k': 0.24981423620063686, 'fuel_half': 53.084828693207015}. Best is trial 335 with value: -0.6233152110406992.
[I 2026-07-24 02:14:30,738] Trial 1124 finished with value: 0.49936884703735474 and parameters: {'k1': 0.0002369498731350738, 'D_low': 5.82340376749089, 'k2': 0.010451922441695974, 'D_high': 1613250.716406077, 'fire_exp': 1.6512243540387446, 'P_half': 1.626223556135278, 'pre_dampen_half': 0.011806747603538366, 'gpp_af': 0.017120876119977025, 'gpp_b': 0.00033562507288834313, 'gpp_d': 18.64601363001964, 'ign_k': 0.008815437640632837, 'ign_c': 1.53108315730578, 'trop_agb_crit': 3.5278058947883295, 'trop_k_veg': 4.094597912022372, 'gdp_gamma': 0.8741170243100066, 'fuel_k': 0.05501682254760364, 'fuel_half': 0.3349155847397095}. Best is trial 335 with value: -0.6233152110406992.
[I 2026-07-24 02:14:31,213] Trial 1125 finished with value: 0.4055930277175721 and parameters: {'k1': 0.02182575955553965, 'D_low': 6.873844986685212, 'k2': 0.00016039813135237225, 'D_high': 1022406.4606556516, 'fire_exp': 1.2156515578853255, 'P_half': 45.01726998116892, 'pre_dampen_half': 1.610444576671371, 'gpp_af': 0.008589362419010736, 'gpp_b': 5.5923791027669615e-05, 'gpp_d': 7.872635675688009, 'ign_k': 0.013481836091859824, 'ign_c': 39.3938863787956, 'trop_agb_crit': 2.5006985122976007, 'trop_k_veg': 0.913469259998663, 'gdp_gamma': 0.9492729937109079, 'fuel_k': 0.02394265282015072, 'fuel_half': 10.091219985422862}. Best is trial 335 with value: -0.6233152110406992.
[I 2026-07-24 02:14:31,680] Trial 1126 finished with value: 0.552454695441557 and parameters: {'k1': 2.9639495442251097e-05, 'D_low': 15.792006242969515, 'k2': 0.003704271324413158, 'D_high': 83353.09845231051, 'fire_exp': 1.0448439348058467, 'P_half': 1.1761126928035195, 'pre_dampen_half': 0.02739144039630055, 'gpp_af': 0.024722640030826665, 'gpp_b': 7.460870331978155e-05, 'gpp_d': 0.9194753586048133, 'ign_k': 0.0012146971511080235, 'ign_c': 0.23067666368426562, 'trop_agb_crit': 9.577087734909249, 'trop_k_veg': 1.4972954664510316, 'gdp_gamma': 0.33541337107667657, 'fuel_k': 0.01934007676250545, 'fuel_half': 0.10691376303786815}. Best is trial 335 with value: -0.6233152110406992.
[I 2026-07-24 02:14:32,240] Trial 1127 finished with value: 0.5794105503576754 and parameters: {'k1': 1.742485790374198e-05, 'D_low': 1.798141119948165, 'k2': 6.351327715523535e-05, 'D_high': 62036.7546664174, 'fire_exp': 1.5861091601593458, 'P_half': 852.7541657911038, 'pre_dampen_half': 0.11359993560710793, 'gpp_af': 0.0027137943736127864, 'gpp_b': 1.2862375267304791e-05, 'gpp_d': 0.5235577652115524, 'ign_k': 0.011378199180197177, 'ign_c': 0.3454141966708518, 'trop_agb_crit': 2.8014643807000636, 'trop_k_veg': 1.821686923463738, 'gdp_gamma': 0.44667734850124396, 'fuel_k': 0.026661810950754036, 'fuel_half': 2.0167153850836854}. Best is trial 335 with value: -0.6233152110406992.
[I 2026-07-24 02:14:32,701] Trial 1128 finished with value: -0.5969860876667274 and parameters: {'k1': 1.0324899231967598e-05, 'D_low': 44.53493229636171, 'k2': 0.007707783891659346, 'D_high': 4275108.549416921, 'fire_exp': 1.1307103208772138, 'P_half': 3.0339441895196395, 'pre_dampen_half': 0.33712198184882386, 'gpp_af': 0.03722320519755671, 'gpp_b': 7.187470936749997e-05, 'gpp_d': 5.527747034644342, 'ign_k': 0.0019226281855856421, 'ign_c': 16.33394199198997, 'trop_agb_crit': 2.660108710703557, 'trop_k_veg': 2.0951437576006993, 'gdp_gamma': 0.6585959634236903, 'fuel_k': 0.03904712322401826, 'fuel_half': 0.11178106364527864}. Best is trial 335 with value: -0.6233152110406992.
[I 2026-07-24 02:14:33,159] Trial 1129 finished with value: 0.41006657174741323 and parameters: {'k1': 2.6234978289643657e-05, 'D_low': 176.65201803567038, 'k2': 0.009986221639183631, 'D_high': 76773.6219644607, 'fire_exp': 1.391794223742961, 'P_half': 1.574021128819547, 'pre_dampen_half': 5.008069615255099, 'gpp_af': 0.004137860920274867, 'gpp_b': 0.00038883727465894094, 'gpp_d': 718.0068904591036, 'ign_k': 0.02270492456651028, 'ign_c': 1.6442154118214003, 'trop_agb_crit': 7.585835705948977, 'trop_k_veg': 1.505654274711096, 'gdp_gamma': 1.1653612846122592, 'fuel_k': 0.08471209890941374, 'fuel_half': 0.11382830741741623}. Best is trial 335 with value: -0.6233152110406992.
[I 2026-07-24 02:14:33,616] Trial 1130 finished with value: 0.44994312355447763 and parameters: {'k1': 0.00011040506654260052, 'D_low': 8.146262414167053, 'k2': 0.007917537533046337, 'D_high': 1032540.5555189518, 'fire_exp': 1.5599549346154256, 'P_half': 82.40584760649388, 'pre_dampen_half': 157.96693322756445, 'gpp_af': 0.005201099009823263, 'gpp_b': 0.0006292890536115483, 'gpp_d': 6.723390569631885, 'ign_k': 0.009963905190316966, 'ign_c': 6.085300759979069, 'trop_agb_crit': 3.900182628486838, 'trop_k_veg': 0.6067016038970551, 'gdp_gamma': 1.4037834668116993, 'fuel_k': 0.017435509692158575, 'fuel_half': 1.234561923909687}. Best is trial 335 with value: -0.6233152110406992.
[I 2026-07-24 02:14:34,086] Trial 1131 finished with value: 0.5457573739595325 and parameters: {'k1': 0.00046405268218924537, 'D_low': 8.621898597010906, 'k2': 0.005083092719531647, 'D_high': 18283.689165990872, 'fire_exp': 1.8317194410967683, 'P_half': 16.14070285054037, 'pre_dampen_half': 1.436481870781843, 'gpp_af': 0.016654838687360264, 'gpp_b': 0.001074859516172009, 'gpp_d': 3.7730782421283964, 'ign_k': 0.0018265563470727646, 'ign_c': 0.3875985663383048, 'trop_agb_crit': 5.511206879012329, 'trop_k_veg': 0.6711483755762068, 'gdp_gamma': 0.6256076603128776, 'fuel_k': 0.016486772543447527, 'fuel_half': 11.167104439741111}. Best is trial 335 with value: -0.6233152110406992.
[I 2026-07-24 02:14:34,544] Trial 1132 finished with value: 0.5159386442384847 and parameters: {'k1': 7.319905182252913e-05, 'D_low': 62.807502848466626, 'k2': 0.03630340597795651, 'D_high': 63291.5852858094, 'fire_exp': 1.4508623196509294, 'P_half': 43.845231565026346, 'pre_dampen_half': 0.8436673404533306, 'gpp_af': 0.0035595461266658282, 'gpp_b': 0.0016920517619294423, 'gpp_d': 7.3779706917322585, 'ign_k': 0.0010708833703584229, 'ign_c': 19.862150419659717, 'trop_agb_crit': 3.2564874904000116, 'trop_k_veg': 2.5416343990335917, 'gdp_gamma': 0.8079274226553262, 'fuel_k': 0.011969376861553185, 'fuel_half': 0.3606506233302686}. Best is trial 335 with value: -0.6233152110406992.
[I 2026-07-24 02:14:35,001] Trial 1133 finished with value: 0.4295918904631999 and parameters: {'k1': 4.781362859700063e-05, 'D_low': 1.048742178246095, 'k2': 0.0006844151088142009, 'D_high': 1327418.9682483496, 'fire_exp': 2.5241683426941703, 'P_half': 227.30172731991493, 'pre_dampen_half': 111.15455184045196, 'gpp_af': 0.031988506409476196, 'gpp_b': 4.016666325254306e-05, 'gpp_d': 0.8566922601121115, 'ign_k': 0.005169988894801685, 'ign_c': 3.0384799454562166, 'trop_agb_crit': 4.002742154141563, 'trop_k_veg': 1.328434436905814, 'gdp_gamma': 0.8930659392517521, 'fuel_k': 0.08408615492672528, 'fuel_half': 4.534610235292864}. Best is trial 335 with value: -0.6233152110406992.
[I 2026-07-24 02:14:35,463] Trial 1134 finished with value: 0.5814168909743908 and parameters: {'k1': 0.00020001985251788646, 'D_low': 8.524547356597909, 'k2': 0.0024834938388836646, 'D_high': 393311.2916836656, 'fire_exp': 1.142404540613492, 'P_half': 2.7460467119247207, 'pre_dampen_half': 20.01731726339311, 'gpp_af': 0.023160998585889866, 'gpp_b': 1.195079525989322e-05, 'gpp_d': 1.6547211426968447, 'ign_k': 0.0010439905715704922, 'ign_c': 1.155168928817788, 'trop_agb_crit': 9.284155095083038, 'trop_k_veg': 0.6649738097548226, 'gdp_gamma': 1.9174820730097897, 'fuel_k': 0.010323134894765348, 'fuel_half': 28.644487867624896}. Best is trial 335 with value: -0.6233152110406992.
[I 2026-07-24 02:14:35,916] Trial 1135 finished with value: 0.5979171845263991 and parameters: {'k1': 0.005251825122104083, 'D_low': 19504.35634735841, 'k2': 0.014421195999123372, 'D_high': 1135015.804058024, 'fire_exp': 2.644672235000554, 'P_half': 852.553341259613, 'pre_dampen_half': 3.858011588506099, 'gpp_af': 0.004897035292083059, 'gpp_b': 0.0006556106504703203, 'gpp_d': 38.440685404036, 'ign_k': 0.0014748048715187449, 'ign_c': 1.7710436485609509, 'trop_agb_crit': 8.930085027146168, 'trop_k_veg': 1.3152723890071827, 'gdp_gamma': 0.3600041089472922, 'fuel_k': 0.05121060731402387, 'fuel_half': 78.35338608281863}. Best is trial 335 with value: -0.6233152110406992.
[I 2026-07-24 02:14:36,375] Trial 1136 finished with value: -0.5998231646812635 and parameters: {'k1': 0.000435067940684972, 'D_low': 1318.8355433272561, 'k2': 0.004105205719379164, 'D_high': 117766.74530485422, 'fire_exp': 1.5859150456428275, 'P_half': 32.493177771303, 'pre_dampen_half': 0.5803398967939054, 'gpp_af': 0.003050041835868502, 'gpp_b': 1.809189930795245e-05, 'gpp_d': 7.668177143372192, 'ign_k': 0.014280982205889043, 'ign_c': 4.963566600285031, 'trop_agb_crit': 1.668139917092937, 'trop_k_veg': 4.535464013170486, 'gdp_gamma': 1.613038394862739, 'fuel_k': 0.022811598072055614, 'fuel_half': 0.9023751207976477}. Best is trial 335 with value: -0.6233152110406992.
[I 2026-07-24 02:14:36,834] Trial 1137 finished with value: 0.4651586716962429 and parameters: {'k1': 1.5088107432804029e-05, 'D_low': 11.823347786843241, 'k2': 0.0028788847144251206, 'D_high': 17689.799607516095, 'fire_exp': 1.0618562211344647, 'P_half': 1.2766026119308505, 'pre_dampen_half': 0.2773445147555499, 'gpp_af': 0.005065628886189855, 'gpp_b': 0.00013132676614463699, 'gpp_d': 64.09942471681717, 'ign_k': 0.07025943338828404, 'ign_c': 3.2094404297553214, 'trop_agb_crit': 4.3570316357644545, 'trop_k_veg': 0.7539746815841132, 'gdp_gamma': 1.320916997266857, 'fuel_k': 0.017586264939205454, 'fuel_half': 0.5702056560240182}. Best is trial 335 with value: -0.6233152110406992.
[I 2026-07-24 02:14:37,291] Trial 1138 finished with value: 0.5364417814018866 and parameters: {'k1': 0.0009137775349509237, 'D_low': 64.28579864981859, 'k2': 0.003449797646667433, 'D_high': 2221702.638525672, 'fire_exp': 2.2485558453150327, 'P_half': 54.58854132519551, 'pre_dampen_half': 1.4365228428670669, 'gpp_af': 0.0071105477426930885, 'gpp_b': 3.717985720189414e-05, 'gpp_d': 102.53193312485458, 'ign_k': 0.0010125215457053986, 'ign_c': 0.1898582096736182, 'trop_agb_crit': 5.319174939072645, 'trop_k_veg': 0.5972941348048588, 'gdp_gamma': 0.38579295179558093, 'fuel_k': 0.01656503967178481, 'fuel_half': 8.499276088134886}. Best is trial 335 with value: -0.6233152110406992.
[I 2026-07-24 02:14:37,744] Trial 1139 finished with value: 0.44316103863570566 and parameters: {'k1': 6.169671031070481e-05, 'D_low': 59.20298216726794, 'k2': 0.0002623349974537244, 'D_high': 2311451.657837389, 'fire_exp': 1.6826568888395048, 'P_half': 3.2366108975080277, 'pre_dampen_half': 2.5836973991946564, 'gpp_af': 0.012004113765339889, 'gpp_b': 0.0006689077789030012, 'gpp_d': 11.645005332098284, 'ign_k': 0.07387841921153147, 'ign_c': 0.518439515333916, 'trop_agb_crit': 4.68254080906139, 'trop_k_veg': 0.843509564068172, 'gdp_gamma': 0.22764273972615415, 'fuel_k': 0.029168962587068758, 'fuel_half': 0.4407714447316048}. Best is trial 335 with value: -0.6233152110406992.
[I 2026-07-24 02:14:38,202] Trial 1140 finished with value: -0.6158921425413556 and parameters: {'k1': 8.520436373175338e-05, 'D_low': 9.954767281084235, 'k2': 0.0012402261436338668, 'D_high': 2756384.9674839326, 'fire_exp': 1.3317189640086449, 'P_half': 50.10550266366171, 'pre_dampen_half': 0.9114595279937454, 'gpp_af': 0.0012302036369087376, 'gpp_b': 5.7026018299350736e-05, 'gpp_d': 5.160093392973262, 'ign_k': 0.0019063625650511996, 'ign_c': 0.21723136460678158, 'trop_agb_crit': 3.6358970553369048, 'trop_k_veg': 1.039576800894525, 'gdp_gamma': 1.457947363000866, 'fuel_k': 0.010347700813638214, 'fuel_half': 13.401467720646552}. Best is trial 335 with value: -0.6233152110406992.
[I 2026-07-24 02:14:38,653] Trial 1141 finished with value: -0.6135564795985669 and parameters: {'k1': 0.0035234771761716416, 'D_low': 37.053356641905154, 'k2': 0.0031648324800136723, 'D_high': 2290288.6244947496, 'fire_exp': 1.3113661061157227, 'P_half': 34.874061887414946, 'pre_dampen_half': 1.0689076729467328, 'gpp_af': 0.009618477127023769, 'gpp_b': 0.00024170653469456142, 'gpp_d': 13.811145272582392, 'ign_k': 0.006048159665964741, 'ign_c': 2.8365870518253877, 'trop_agb_crit': 2.577679864823222, 'trop_k_veg': 3.4154413102704413, 'gdp_gamma': 0.5912675015508764, 'fuel_k': 0.014621575726650881, 'fuel_half': 5.989546042620353}. Best is trial 335 with value: -0.6233152110406992.
[I 2026-07-24 02:14:39,121] Trial 1142 finished with value: 0.566648523061146 and parameters: {'k1': 1.2628681839651185e-05, 'D_low': 3.3947938655974745, 'k2': 0.007478492680284807, 'D_high': 8346.480342263658, 'fire_exp': 1.2627896939763854, 'P_half': 2.113070580792707, 'pre_dampen_half': 0.9570912908992527, 'gpp_af': 0.01505219572704564, 'gpp_b': 0.00013572616219066823, 'gpp_d': 0.5287280905938672, 'ign_k': 0.0019364681181936487, 'ign_c': 312.2618326547259, 'trop_agb_crit': 6.296278232747979, 'trop_k_veg': 0.7674843841285445, 'gdp_gamma': 1.8231908004794866, 'fuel_k': 0.1702326429273911, 'fuel_half': 14.494912090955701}. Best is trial 335 with value: -0.6233152110406992.
[I 2026-07-24 02:14:39,579] Trial 1143 finished with value: 0.42992685022816557 and parameters: {'k1': 0.000924098930750332, 'D_low': 8.621755875279796, 'k2': 0.00032649704276886205, 'D_high': 640553.10408038, 'fire_exp': 1.4860828804312065, 'P_half': 9.458380587562642, 'pre_dampen_half': 0.40850689532131657, 'gpp_af': 0.008733828842913544, 'gpp_b': 0.001944539315077171, 'gpp_d': 270.44755020380256, 'ign_k': 0.00387275832897311, 'ign_c': 5.516923564473355, 'trop_agb_crit': 1.9967872150797608, 'trop_k_veg': 2.4718994185329595, 'gdp_gamma': 0.9057262164852952, 'fuel_k': 0.013677587243202474, 'fuel_half': 0.6240942563819348}. Best is trial 335 with value: -0.6233152110406992.
[I 2026-07-24 02:14:40,033] Trial 1144 finished with value: -0.6217702602249779 and parameters: {'k1': 1.827273064261205e-05, 'D_low': 33.78464867187993, 'k2': 0.06740319471797863, 'D_high': 476086.4922868174, 'fire_exp': 1.076164116996771, 'P_half': 2.7175081836412645, 'pre_dampen_half': 0.2876291540858517, 'gpp_af': 0.004166524759160657, 'gpp_b': 0.0003523035262411148, 'gpp_d': 1.380761868830387, 'ign_k': 0.031972538913947, 'ign_c': 2.3604856239075214, 'trop_agb_crit': 4.773655632488376, 'trop_k_veg': 2.3942490015456204, 'gdp_gamma': 1.9932536589918104, 'fuel_k': 0.07563583770822373, 'fuel_half': 3.0572780574602096}. Best is trial 335 with value: -0.6233152110406992.
[I 2026-07-24 02:14:40,487] Trial 1145 finished with value: 0.5040124763275324 and parameters: {'k1': 1.2604488628685758e-05, 'D_low': 2396.9524178808233, 'k2': 0.09549289676146776, 'D_high': 158245.0231060702, 'fire_exp': 1.306475546571632, 'P_half': 1.4078061210119193, 'pre_dampen_half': 0.06819747236533892, 'gpp_af': 0.013030121418230529, 'gpp_b': 0.009017226423497237, 'gpp_d': 0.4431589203942576, 'ign_k': 0.20243068537306524, 'ign_c': 1.7092411203219338, 'trop_agb_crit': 8.10579457892367, 'trop_k_veg': 1.0193356992418106, 'gdp_gamma': 1.4685974162798847, 'fuel_k': 0.23872086153990787, 'fuel_half': 2.1610855247665737}. Best is trial 335 with value: -0.6233152110406992.
[I 2026-07-24 02:14:40,944] Trial 1146 finished with value: 0.38913247157812203 and parameters: {'k1': 1.5040061327673906e-05, 'D_low': 1.7778111759514994, 'k2': 0.01907696015717988, 'D_high': 2238454.0186497224, 'fire_exp': 1.0768439110053463, 'P_half': 31.39781895078036, 'pre_dampen_half': 0.1689317625231586, 'gpp_af': 0.003917673464989239, 'gpp_b': 0.00017391179879378354, 'gpp_d': 0.3161411394089909, 'ign_k': 0.010463642369898728, 'ign_c': 3.3511244241789657, 'trop_agb_crit': 10.539955148827843, 'trop_k_veg': 2.767757021535704, 'gdp_gamma': 1.858502771245737, 'fuel_k': 0.41589375587269667, 'fuel_half': 2.8989286406370853}. Best is trial 335 with value: -0.6233152110406992.
[I 2026-07-24 02:14:41,407] Trial 1147 finished with value: 0.41441554890999177 and parameters: {'k1': 1.2909676242036362e-05, 'D_low': 52.80576109645593, 'k2': 0.013994276726940515, 'D_high': 923017.0502960827, 'fire_exp': 1.0241777025110517, 'P_half': 4.353728473644614, 'pre_dampen_half': 0.22567442523773465, 'gpp_af': 0.005834759515879535, 'gpp_b': 0.002505004435158743, 'gpp_d': 0.6611846243492854, 'ign_k': 0.025863353931192032, 'ign_c': 2.467128718432002, 'trop_agb_crit': 7.580312157601525, 'trop_k_veg': 3.041003649476742, 'gdp_gamma': 1.913815742186832, 'fuel_k': 0.01670476949759161, 'fuel_half': 0.8691108726809}. Best is trial 335 with value: -0.6233152110406992.
[I 2026-07-24 02:14:41,860] Trial 1148 finished with value: 0.4324867451946258 and parameters: {'k1': 0.0046526274981127285, 'D_low': 362.065376152788, 'k2': 0.012909042234592433, 'D_high': 892735.4222379957, 'fire_exp': 2.663895919316139, 'P_half': 105.21654429402022, 'pre_dampen_half': 3.3167882118765433, 'gpp_af': 0.277990485222314, 'gpp_b': 1.0157653258526298e-05, 'gpp_d': 1.262423361333134, 'ign_k': 0.059663242183794846, 'ign_c': 3.3924017813976, 'trop_agb_crit': 28.49292240571037, 'trop_k_veg': 1.2743596456668058, 'gdp_gamma': 0.8890730564864789, 'fuel_k': 1.3349018209251848, 'fuel_half': 26.28832381329144}. Best is trial 335 with value: -0.6233152110406992.
[I 2026-07-24 02:14:42,318] Trial 1149 finished with value: -0.5988554404306485 and parameters: {'k1': 0.007658435917895287, 'D_low': 83.14965403379517, 'k2': 0.0008023176535855105, 'D_high': 832064.9839613555, 'fire_exp': 1.6970937811338929, 'P_half': 2.628207626120424, 'pre_dampen_half': 3.559784028981629, 'gpp_af': 0.0015959438394735916, 'gpp_b': 1.6338779757149232e-05, 'gpp_d': 0.6753493111735632, 'ign_k': 0.0010956379156554913, 'ign_c': 0.26385166730119664, 'trop_agb_crit': 3.1069839996342328, 'trop_k_veg': 2.029172381532525, 'gdp_gamma': 0.45930190197265897, 'fuel_k': 0.018234943453637513, 'fuel_half': 11.676764481973002}. Best is trial 335 with value: -0.6233152110406992.
[I 2026-07-24 02:14:42,776] Trial 1150 finished with value: 0.5776518924345815 and parameters: {'k1': 0.00039671674065569886, 'D_low': 169.9608812322806, 'k2': 0.00047194179574884163, 'D_high': 972253.1001106799, 'fire_exp': 4.718093134060801, 'P_half': 259.8964737899199, 'pre_dampen_half': 1.3455920910368464, 'gpp_af': 0.016930203969044197, 'gpp_b': 0.00012439715386010103, 'gpp_d': 7.028059824089566, 'ign_k': 0.01390087854375539, 'ign_c': 1.036765893661236, 'trop_agb_crit': 24.5289044496483, 'trop_k_veg': 1.769828961733564, 'gdp_gamma': 0.5903083164541465, 'fuel_k': 0.2519990872363214, 'fuel_half': 31.58933689725873}. Best is trial 335 with value: -0.6233152110406992.
[I 2026-07-24 02:14:43,238] Trial 1151 finished with value: 0.4482534908308218 and parameters: {'k1': 5.447772874654453e-05, 'D_low': 355.3115295964627, 'k2': 0.004715671057889015, 'D_high': 1484780.0075127117, 'fire_exp': 1.2379422342208528, 'P_half': 4.64283163524482, 'pre_dampen_half': 0.13701482641433282, 'gpp_af': 0.0013165611521596112, 'gpp_b': 0.00017524251821891368, 'gpp_d': 10.858196780599213, 'ign_k': 0.001195568186690266, 'ign_c': 1.7401444976781708, 'trop_agb_crit': 2.3039594351151336, 'trop_k_veg': 2.0037464938067284, 'gdp_gamma': 1.5333356354448324, 'fuel_k': 0.013911063739934941, 'fuel_half': 0.7545572318218974}. Best is trial 335 with value: -0.6233152110406992.
