[I 2026-08-20 00:42:01,646] Trial 992 finished with value: 0.5734036493333965 and parameters: {'k1': 0.0035783201896232453, 'D_low': 1208.2326968534428, 'k2': 0.003379577935070426, 'D_high': 4250303.575970186, 'fire_exp': 1.0100236743314919, 'P_half': 1398.1632443255362, 'pre_dampen_half': 0.061969149722410216, 'gpp_af': 0.0018267911714096492, 'gpp_b': 0.010081461105876302, 'gpp_d': 0.31124460043362506, 'ign_k': 6.615405925446398, 'ign_c': 0.23036846110740805, 'trop_agb_crit': 1.319366002495839, 'trop_k_veg': 3.022816898163523, 'pop_amp': 8.832739533162826, 'pop_peak': 0.5287600173876544, 'pop_sig': 1.0315554354902403}. Best is trial 274 with value: -0.604910391627968.
[I 2026-08-20 00:42:03,553] Trial 993 finished with value: -0.5684570340813151 and parameters: {'k1': 0.00011327665718529996, 'D_low': 261.2353285530499, 'k2': 0.009172348788001845, 'D_high': 816316.4931511673, 'fire_exp': 1.0166627347385324, 'P_half': 83.61873282714222, 'pre_dampen_half': 0.2480811297500892, 'gpp_af': 0.05830670919106614, 'gpp_b': 1.0486227259925306e-05, 'gpp_d': 0.19143120202055375, 'ign_k': 7.513324349780923, 'ign_c': 2.4416963181822875, 'trop_agb_crit': 3.4170851454009927, 'trop_k_veg': 1.7998020732958706, 'pop_amp': 0.48829825088905165, 'pop_peak': 1.7731526224104777, 'pop_sig': 0.5894379010667664}. Best is trial 274 with value: -0.604910391627968.
[I 2026-08-20 00:42:05,435] Trial 994 finished with value: -0.6010666435019332 and parameters: {'k1': 0.0001345190456545818, 'D_low': 516.8309879270082, 'k2': 0.0015062205056236982, 'D_high': 3636617.08540113, 'fire_exp': 1.421930048890479, 'P_half': 987.1911238021979, 'pre_dampen_half': 1.6631181756957625, 'gpp_af': 0.01428437449683352, 'gpp_b': 0.001784944395909728, 'gpp_d': 0.28717319784325235, 'ign_k': 2.9357436532070924, 'ign_c': 0.38619770565403433, 'trop_agb_crit': 1.8947118582470255, 'trop_k_veg': 5.686844841997788, 'pop_amp': 7.347875996592641, 'pop_peak': 4.988100842245021, 'pop_sig': 0.9487821994922275}. Best is trial 274 with value: -0.604910391627968.
[I 2026-08-20 00:42:07,376] Trial 995 finished with value: 0.5891440579962972 and parameters: {'k1': 0.0005149066425582851, 'D_low': 1774.9689963636788, 'k2': 0.0008080845772297671, 'D_high': 3576266.533983745, 'fire_exp': 1.9765457506598225, 'P_half': 404.163165766816, 'pre_dampen_half': 4.853243591132987, 'gpp_af': 0.17429370150794427, 'gpp_b': 0.0006161296083111922, 'gpp_d': 0.4003101923803227, 'ign_k': 3.0660466199491396, 'ign_c': 0.9907967846071495, 'trop_agb_crit': 2.6419632001285174, 'trop_k_veg': 3.099359511371106, 'pop_amp': 14.680758496201047, 'pop_peak': 2.375623245331125, 'pop_sig': 1.5185975565069516}. Best is trial 274 with value: -0.604910391627968.
[I 2026-08-20 00:42:09,546] Trial 996 finished with value: 0.5858761683907223 and parameters: {'k1': 0.00026477777768321297, 'D_low': 495.22305068170823, 'k2': 0.001599313108421822, 'D_high': 7714538.786493698, 'fire_exp': 1.4951341705652164, 'P_half': 3098.2362329791144, 'pre_dampen_half': 0.09184500445201298, 'gpp_af': 0.003483416075225948, 'gpp_b': 0.11105533800303342, 'gpp_d': 2.31648197123083, 'ign_k': 0.24390337108133597, 'ign_c': 1.5208458229096034, 'trop_agb_crit': 2.482437953794318, 'trop_k_veg': 4.359871562039295, 'pop_amp': 1.5077506980466988, 'pop_peak': 33.58637727830679, 'pop_sig': 0.6438007859459733}. Best is trial 274 with value: -0.604910391627968.
[I 2026-08-20 00:42:11,513] Trial 997 finished with value: 0.6445374145881376 and parameters: {'k1': 7.883231365980988e-05, 'D_low': 257759.70917325045, 'k2': 0.04360185433201341, 'D_high': 2885525.3632613644, 'fire_exp': 1.8066883290653302, 'P_half': 39.064580650068024, 'pre_dampen_half': 4.820619075988574, 'gpp_af': 0.006296455003192201, 'gpp_b': 2.893074643105845e-05, 'gpp_d': 310.9791716318556, 'ign_k': 2.4483950138669037, 'ign_c': 175.2679644041638, 'trop_agb_crit': 4.663913099145614, 'trop_k_veg': 3.203317636158381, 'pop_amp': 9.407150099563387, 'pop_peak': 6.385311717642917, 'pop_sig': 0.5245517695169475}. Best is trial 274 with value: -0.604910391627968.
[I 2026-08-20 00:42:13,491] Trial 998 finished with value: 0.5509809714650612 and parameters: {'k1': 0.00014514097208798797, 'D_low': 1340.5657148200137, 'k2': 0.0010056526976239073, 'D_high': 6689508.628836288, 'fire_exp': 1.7323641964071932, 'P_half': 1261.4600453984601, 'pre_dampen_half': 0.7936846975418014, 'gpp_af': 0.006175186169490332, 'gpp_b': 8.617214792580077e-05, 'gpp_d': 0.695037423037518, 'ign_k': 6.228563668657805, 'ign_c': 0.8421862657626232, 'trop_agb_crit': 2.026930631882139, 'trop_k_veg': 1.511370349738735, 'pop_amp': 1.581030529723797, 'pop_peak': 0.422788726295721, 'pop_sig': 0.7748433524354152}. Best is trial 274 with value: -0.604910391627968.
[I 2026-08-20 00:42:15,374] Trial 999 finished with value: 0.502216937356437 and parameters: {'k1': 7.671375408122029e-05, 'D_low': 40.329073593378446, 'k2': 0.000645243820507082, 'D_high': 470523.2092950073, 'fire_exp': 1.0723096471883429, 'P_half': 4412.443398694078, 'pre_dampen_half': 6.276813604282387, 'gpp_af': 0.16164678149534117, 'gpp_b': 0.0007290795017074813, 'gpp_d': 0.21277593796701483, 'ign_k': 5.059212491356972, 'ign_c': 1.0646430534100637, 'trop_agb_crit': 1.7761049492964038, 'trop_k_veg': 5.21107546298299, 'pop_amp': 2.561176329745498, 'pop_peak': 38.048239896984335, 'pop_sig': 0.761543259364596}. Best is trial 274 with value: -0.604910391627968.
[I 2026-08-20 00:42:17,335] Trial 1000 finished with value: 0.4540729409913321 and parameters: {'k1': 0.00012580590581757835, 'D_low': 3282.2424134737125, 'k2': 0.00019498356589128763, 'D_high': 185441.59299071314, 'fire_exp': 1.3197711423931398, 'P_half': 1414.0147814168126, 'pre_dampen_half': 0.05930729794324167, 'gpp_af': 0.00815125297515135, 'gpp_b': 0.0006307937757077424, 'gpp_d': 0.27003619045886335, 'ign_k': 0.4162124276584211, 'ign_c': 0.3060530957762725, 'trop_agb_crit': 2.0135045599829002, 'trop_k_veg': 2.9344772410855553, 'pop_amp': 10.202646341335292, 'pop_peak': 13.428382893726216, 'pop_sig': 0.799968012075785}. Best is trial 274 with value: -0.604910391627968.
[I 2026-08-20 00:42:19,226] Trial 1001 finished with value: 0.4673864962558383 and parameters: {'k1': 4.68960556564758e-05, 'D_low': 12.88523379513144, 'k2': 0.01840390466066871, 'D_high': 3767501.284000404, 'fire_exp': 1.0139008357218455, 'P_half': 74.44698700221753, 'pre_dampen_half': 3.055295041596795, 'gpp_af': 0.0038296247104963065, 'gpp_b': 0.007617292620159662, 'gpp_d': 1.0174294853721788, 'ign_k': 9.231825738891349, 'ign_c': 0.7597545349183552, 'trop_agb_crit': 1.229451752809736, 'trop_k_veg': 1.3947795683686368, 'pop_amp': 8.717027022972253, 'pop_peak': 8.874294802352326, 'pop_sig': 0.9186898349076527}. Best is trial 274 with value: -0.604910391627968.
[I 2026-08-20 00:42:21,102] Trial 1002 finished with value: 0.5770950679748151 and parameters: {'k1': 0.000148390308231846, 'D_low': 66166.9656931786, 'k2': 0.0046936900273591865, 'D_high': 5393175.790503252, 'fire_exp': 1.0561701773610452, 'P_half': 1717.0383825588146, 'pre_dampen_half': 5.709785812823588, 'gpp_af': 0.005804611941083781, 'gpp_b': 0.00045982093974954765, 'gpp_d': 0.020471890125756943, 'ign_k': 2.408353971650733, 'ign_c': 7.025282878206339, 'trop_agb_crit': 1.1220670608510632, 'trop_k_veg': 2.0588360616635546, 'pop_amp': 1.413793597674081, 'pop_peak': 0.4196389503056352, 'pop_sig': 0.8587392828491428}. Best is trial 274 with value: -0.604910391627968.
[I 2026-08-20 00:42:22,975] Trial 1003 finished with value: 0.538211916075117 and parameters: {'k1': 0.0007377877170160134, 'D_low': 114.65326390039927, 'k2': 0.0003698365986361171, 'D_high': 3626189.5623597577, 'fire_exp': 3.4527846443280144, 'P_half': 226.0329111754065, 'pre_dampen_half': 0.6072211961562528, 'gpp_af': 0.09355345112586438, 'gpp_b': 0.00011925295139228425, 'gpp_d': 1.582556876910712, 'ign_k': 0.3277202527117862, 'ign_c': 3.1502263652936073, 'trop_agb_crit': 28.16331124577027, 'trop_k_veg': 4.203814046015847, 'pop_amp': 0.0011098917691401136, 'pop_peak': 21.381183547373883, 'pop_sig': 0.9042822637069926}. Best is trial 274 with value: -0.604910391627968.
[I 2026-08-20 00:42:24,828] Trial 1004 finished with value: -0.5468314451594806 and parameters: {'k1': 0.0003046175823985324, 'D_low': 11960.983084667454, 'k2': 0.00021937815297981214, 'D_high': 91273.47068615438, 'fire_exp': 1.3272557783661492, 'P_half': 293.3445737405101, 'pre_dampen_half': 7.8577633880178475, 'gpp_af': 0.0013412451046107103, 'gpp_b': 0.00021553998604853728, 'gpp_d': 0.33661822027883265, 'ign_k': 0.14144860404067364, 'ign_c': 0.4039333586107336, 'trop_agb_crit': 2.5333050468745317, 'trop_k_veg': 7.746792150436566, 'pop_amp': 4.98872814024087, 'pop_peak': 1.07287606328964, 'pop_sig': 1.2345060481927825}. Best is trial 274 with value: -0.604910391627968.
[I 2026-08-20 00:42:26,801] Trial 1005 finished with value: 0.5737669818678773 and parameters: {'k1': 3.916633397973217e-05, 'D_low': 164.19518789293355, 'k2': 0.001359470336982825, 'D_high': 3521547.267888446, 'fire_exp': 1.595890473323479, 'P_half': 1126.6282661324317, 'pre_dampen_half': 17.891816708307836, 'gpp_af': 0.013337227281277212, 'gpp_b': 0.020336333715901544, 'gpp_d': 0.11362558208244365, 'ign_k': 0.1426896102623297, 'ign_c': 0.520160458877774, 'trop_agb_crit': 1.1638774874151283, 'trop_k_veg': 3.63469093212664, 'pop_amp': 2.015304758449531, 'pop_peak': 4.351134703229393, 'pop_sig': 1.2742354365839115}. Best is trial 274 with value: -0.604910391627968.
[I 2026-08-20 00:42:28,985] Trial 1006 finished with value: 0.4457202305053398 and parameters: {'k1': 0.0031807270519288613, 'D_low': 14.392324569496907, 'k2': 0.017230299812927882, 'D_high': 8962086.406475682, 'fire_exp': 1.5559298775323285, 'P_half': 10.798957828448483, 'pre_dampen_half': 0.02695432464072989, 'gpp_af': 0.13602017339236339, 'gpp_b': 0.002483715121007556, 'gpp_d': 89.41287558964808, 'ign_k': 0.029491264476925013, 'ign_c': 18.429764705286168, 'trop_agb_crit': 8.497187910734851, 'trop_k_veg': 0.5517379110346394, 'pop_amp': 7.251839685563107, 'pop_peak': 86.00953096211566, 'pop_sig': 1.6925356085021723}. Best is trial 274 with value: -0.604910391627968.
[I 2026-08-20 00:42:31,164] Trial 1007 finished with value: -0.5093162108576073 and parameters: {'k1': 2.7140033687152173e-05, 'D_low': 21680.530625212974, 'k2': 0.0846120132988653, 'D_high': 30072.632493689795, 'fire_exp': 1.321154963416577, 'P_half': 1.4039741752220758, 'pre_dampen_half': 226.99977017720227, 'gpp_af': 0.04091549985832947, 'gpp_b': 4.603151850949243e-05, 'gpp_d': 15.399507155741741, 'ign_k': 0.38145930671390643, 'ign_c': 16.70980086940004, 'trop_agb_crit': 4.245744568058033, 'trop_k_veg': 4.200243662395683, 'pop_amp': 0.13395244951267873, 'pop_peak': 0.11933733477010097, 'pop_sig': 1.7367483672039414}. Best is trial 274 with value: -0.604910391627968.
[I 2026-08-20 00:42:33,054] Trial 1008 finished with value: 0.5838022474209343 and parameters: {'k1': 0.00011886008920325447, 'D_low': 42.44869800172619, 'k2': 0.0002847918183700317, 'D_high': 108043.06458820427, 'fire_exp': 3.171474841831369, 'P_half': 2737.1712179757174, 'pre_dampen_half': 1.3104950005003788, 'gpp_af': 0.006266195098365501, 'gpp_b': 3.393260375082278e-05, 'gpp_d': 0.4407776679288225, 'ign_k': 1.6579624018075159, 'ign_c': 0.8085932972778418, 'trop_agb_crit': 1.1169609608641984, 'trop_k_veg': 5.7667368897616775, 'pop_amp': 14.752063618988268, 'pop_peak': 1.0338789158028385, 'pop_sig': 0.8369386038600141}. Best is trial 274 with value: -0.604910391627968.
[I 2026-08-20 00:42:34,929] Trial 1009 finished with value: 0.5503486736986687 and parameters: {'k1': 0.0026494128709207963, 'D_low': 36.633168129335786, 'k2': 0.0018397717425242789, 'D_high': 4204618.471574915, 'fire_exp': 1.648395106305591, 'P_half': 254.16695535512522, 'pre_dampen_half': 7.739321982480305, 'gpp_af': 0.0031862383226908372, 'gpp_b': 1.0843564639403536e-05, 'gpp_d': 0.20396156770952711, 'ign_k': 0.3543178183871048, 'ign_c': 0.2627956065255976, 'trop_agb_crit': 1.439801166508986, 'trop_k_veg': 4.423256118994837, 'pop_amp': 3.670274370136331, 'pop_peak': 4.995099457527215, 'pop_sig': 1.022110786717294}. Best is trial 274 with value: -0.604910391627968.
[I 2026-08-20 00:42:36,784] Trial 1010 finished with value: 0.5365002479109253 and parameters: {'k1': 0.0002317014917055254, 'D_low': 31452.090549314853, 'k2': 0.04988970010726897, 'D_high': 1309497.6539000534, 'fire_exp': 2.525165021404115, 'P_half': 281.4411429290796, 'pre_dampen_half': 12.127505673010537, 'gpp_af': 0.08222179200619426, 'gpp_b': 0.000342615377480675, 'gpp_d': 318.7430133694493, 'ign_k': 2.252516652521534, 'ign_c': 3.552529042395808, 'trop_agb_crit': 6.757266189233515, 'trop_k_veg': 6.6965913696465655, 'pop_amp': 0.4664340612878579, 'pop_peak': 0.8368858359698298, 'pop_sig': 0.45384543185323273}. Best is trial 274 with value: -0.604910391627968.
[I 2026-08-20 00:42:38,646] Trial 1011 finished with value: 0.5686147802030789 and parameters: {'k1': 0.00033531657523379945, 'D_low': 468.5620751787874, 'k2': 0.00010744191762105248, 'D_high': 551145.6017161842, 'fire_exp': 2.633393617346722, 'P_half': 1618.1027327278175, 'pre_dampen_half': 1.1865433706988942, 'gpp_af': 0.007076245271976819, 'gpp_b': 0.0029679469486951697, 'gpp_d': 0.09342723814516186, 'ign_k': 4.204562180780835, 'ign_c': 0.2666090301504819, 'trop_agb_crit': 4.318514682359366, 'trop_k_veg': 7.1382762883007835, 'pop_amp': 14.696300224031845, 'pop_peak': 84.04735645067984, 'pop_sig': 0.3987646061290869}. Best is trial 274 with value: -0.604910391627968.
[I 2026-08-20 00:42:40,531] Trial 1012 finished with value: 0.5557758791238088 and parameters: {'k1': 0.000597864112141584, 'D_low': 1.485317887475088, 'k2': 0.0011458530764602481, 'D_high': 5433749.827468232, 'fire_exp': 1.0929093168704997, 'P_half': 2885.4568372892622, 'pre_dampen_half': 0.07052062945229852, 'gpp_af': 0.009979301505177712, 'gpp_b': 0.00028263204202443536, 'gpp_d': 0.011670916985385018, 'ign_k': 0.13356723318851055, 'ign_c': 1.6209930064660425, 'trop_agb_crit': 4.089867426159411, 'trop_k_veg': 7.750280914712774, 'pop_amp': 2.6284966166691106, 'pop_peak': 23.035550496581738, 'pop_sig': 0.4143251621761385}. Best is trial 274 with value: -0.604910391627968.
[I 2026-08-20 00:42:42,374] Trial 1013 finished with value: 0.5611132709990932 and parameters: {'k1': 0.0004959373255690262, 'D_low': 558.6166672498392, 'k2': 0.0008237435724823447, 'D_high': 9280730.362964371, 'fire_exp': 1.5545757597620868, 'P_half': 4900.808523428968, 'pre_dampen_half': 408.93544736577616, 'gpp_af': 0.008713585767332624, 'gpp_b': 3.412643067097223e-05, 'gpp_d': 11.483968327144801, 'ign_k': 1.8057715764059636, 'ign_c': 4.663319175925732, 'trop_agb_crit': 17.913123360324292, 'trop_k_veg': 1.693116480469363, 'pop_amp': 0.0020375323786076677, 'pop_peak': 1.3147970776060127, 'pop_sig': 1.004509536224534}. Best is trial 274 with value: -0.604910391627968.
[I 2026-08-20 00:42:44,243] Trial 1014 finished with value: -0.5625181711102274 and parameters: {'k1': 0.002518304871087746, 'D_low': 536.9744408396846, 'k2': 0.004226135266636283, 'D_high': 9805198.48114777, 'fire_exp': 1.8296954695083685, 'P_half': 4.049493629849683, 'pre_dampen_half': 2.5204532331463128, 'gpp_af': 0.05838586572416487, 'gpp_b': 3.559114834816128e-05, 'gpp_d': 270.19411825829627, 'ign_k': 0.015209965870304681, 'ign_c': 0.19349465003016697, 'trop_agb_crit': 6.523902276008576, 'trop_k_veg': 3.7106190562468284, 'pop_amp': 0.7767440040094171, 'pop_peak': 129.0856616001478, 'pop_sig': 2.3385706627976215}. Best is trial 274 with value: -0.604910391627968.
[I 2026-08-20 00:42:46,146] Trial 1015 finished with value: 0.41359224476778866 and parameters: {'k1': 2.4525113560242034e-05, 'D_low': 25364.68767600459, 'k2': 0.010918659910853817, 'D_high': 479278.08522488305, 'fire_exp': 1.5949859409053495, 'P_half': 395.1992630122735, 'pre_dampen_half': 61.81261896448132, 'gpp_af': 0.11249361852387958, 'gpp_b': 0.0006236090364399958, 'gpp_d': 9.198793554809958, 'ign_k': 1.5194546652335639, 'ign_c': 0.44345139720976406, 'trop_agb_crit': 6.587968916739201, 'trop_k_veg': 2.5125773199113803, 'pop_amp': 3.2359255932372584, 'pop_peak': 1.6945623637016505, 'pop_sig': 0.5649327511150635}. Best is trial 274 with value: -0.604910391627968.
[I 2026-08-20 00:42:47,973] Trial 1016 finished with value: 0.591443265939146 and parameters: {'k1': 0.0008132392201852442, 'D_low': 35252.91979519933, 'k2': 0.004394422776865628, 'D_high': 1292643.0635858292, 'fire_exp': 2.0619505590729177, 'P_half': 1325.625268271703, 'pre_dampen_half': 8.676180321656098, 'gpp_af': 0.02063625525756311, 'gpp_b': 0.00013643777437133205, 'gpp_d': 215.39593788401166, 'ign_k': 2.3673095052580977, 'ign_c': 3.950061366850035, 'trop_agb_crit': 10.616980899432882, 'trop_k_veg': 2.5062027754139327, 'pop_amp': 0.0017524590436437124, 'pop_peak': 20.683399976327436, 'pop_sig': 1.4832422205132907}. Best is trial 274 with value: -0.604910391627968.
[I 2026-08-20 00:42:49,863] Trial 1017 finished with value: 0.5414205936682638 and parameters: {'k1': 8.841841874934602e-05, 'D_low': 426.3112207197256, 'k2': 0.00030027296521691505, 'D_high': 6507042.531692202, 'fire_exp': 1.6898899543398314, 'P_half': 1199.5719636411584, 'pre_dampen_half': 2.5147672526477494, 'gpp_af': 0.0075215094862933485, 'gpp_b': 0.005269054172922205, 'gpp_d': 0.8227574902685145, 'ign_k': 2.858113572510373, 'ign_c': 0.3822050717412493, 'trop_agb_crit': 1.3670396418392938, 'trop_k_veg': 3.706682738165093, 'pop_amp': 4.027652342875617, 'pop_peak': 10.544988636322707, 'pop_sig': 0.7225344534174459}. Best is trial 274 with value: -0.604910391627968.
[I 2026-08-20 00:42:52,002] Trial 1018 finished with value: 0.5261723651623595 and parameters: {'k1': 0.0009718908775515018, 'D_low': 81.05810759788415, 'k2': 0.015678880058798247, 'D_high': 2455625.537525299, 'fire_exp': 1.0224571944306196, 'P_half': 1261.5149669914742, 'pre_dampen_half': 0.09695585016604602, 'gpp_af': 0.0026148039493187718, 'gpp_b': 2.9600797155117995e-05, 'gpp_d': 0.66010406336757, 'ign_k': 3.426718158939504, 'ign_c': 10.613758294318833, 'trop_agb_crit': 3.0834113005371617, 'trop_k_veg': 5.293998630712881, 'pop_amp': 1.3935889389046385, 'pop_peak': 1.331772347608798, 'pop_sig': 0.39148358898676594}. Best is trial 274 with value: -0.604910391627968.
[I 2026-08-20 00:42:53,857] Trial 1019 finished with value: -0.5782887370014863 and parameters: {'k1': 0.04783772646969277, 'D_low': 3059.2668534606764, 'k2': 0.04409519208265863, 'D_high': 453691.2612423523, 'fire_exp': 2.8042069927215914, 'P_half': 27.434261234474285, 'pre_dampen_half': 2.1211342818390895, 'gpp_af': 0.03738081336453054, 'gpp_b': 0.0002475442893405865, 'gpp_d': 1.025205635236645, 'ign_k': 2.0991100587293743, 'ign_c': 6.218840702933276, 'trop_agb_crit': 1.8266269935437458, 'trop_k_veg': 5.6702566803245364, 'pop_amp': 1.7464118837638634, 'pop_peak': 1.1546607403486164, 'pop_sig': 0.4167804444791809}. Best is trial 274 with value: -0.604910391627968.
[I 2026-08-20 00:42:55,701] Trial 1020 finished with value: 0.49729269684694966 and parameters: {'k1': 0.0002034526941250473, 'D_low': 3.4314601048095468, 'k2': 0.02248562417200359, 'D_high': 669727.3222043478, 'fire_exp': 1.1854100245118033, 'P_half': 5.5282214727543995, 'pre_dampen_half': 0.1134099215346952, 'gpp_af': 0.11091506307960221, 'gpp_b': 0.01095328086644854, 'gpp_d': 0.046121787763799584, 'ign_k': 0.11486190049941009, 'ign_c': 0.1377087350981102, 'trop_agb_crit': 6.71435795541398, 'trop_k_veg': 0.9946667134940255, 'pop_amp': 3.8670992322963764, 'pop_peak': 1.7921903445381377, 'pop_sig': 1.2562740289029415}. Best is trial 274 with value: -0.604910391627968.
[I 2026-08-20 00:42:57,556] Trial 1021 finished with value: -0.5760897455889766 and parameters: {'k1': 0.005719152963594991, 'D_low': 8548.209633069706, 'k2': 0.001290619039001217, 'D_high': 595771.3637154443, 'fire_exp': 1.660312049898386, 'P_half': 478.95192924463163, 'pre_dampen_half': 152.2820593902736, 'gpp_af': 0.1438794156584967, 'gpp_b': 1.3763679415029066e-05, 'gpp_d': 21.738181209973884, 'ign_k': 4.79234952953732, 'ign_c': 6.183561534848786, 'trop_agb_crit': 22.83280656922256, 'trop_k_veg': 1.4247701050679986, 'pop_amp': 0.005677548383116529, 'pop_peak': 20.369366820388088, 'pop_sig': 0.8292320183904741}. Best is trial 274 with value: -0.604910391627968.
[I 2026-08-20 00:42:59,389] Trial 1022 finished with value: -0.5683003386503989 and parameters: {'k1': 0.0010319572276244774, 'D_low': 19046.343450429114, 'k2': 0.01915979226566108, 'D_high': 899816.685665029, 'fire_exp': 1.0834137071648375, 'P_half': 403.250001176531, 'pre_dampen_half': 0.4901942726371874, 'gpp_af': 0.005183234284941559, 'gpp_b': 7.24016197795381e-05, 'gpp_d': 0.16643491902587396, 'ign_k': 2.735885387546496, 'ign_c': 1.4528317893082323, 'trop_agb_crit': 2.150696475044249, 'trop_k_veg': 2.5414703605454734, 'pop_amp': 7.886174767756124, 'pop_peak': 2.0128573536911256, 'pop_sig': 0.6242885204953169}. Best is trial 274 with value: -0.604910391627968.
[I 2026-08-20 00:43:01,259] Trial 1023 finished with value: 0.5671251586073239 and parameters: {'k1': 0.00010402210444007043, 'D_low': 6284.162855293571, 'k2': 0.0026570783926937857, 'D_high': 593867.638913745, 'fire_exp': 2.6061715601629034, 'P_half': 1836.0824659319233, 'pre_dampen_half': 2.874657427407011, 'gpp_af': 0.028615903001378076, 'gpp_b': 0.0006215108966963975, 'gpp_d': 3.034201271542095, 'ign_k': 9.60117890574279, 'ign_c': 2.89924500025684, 'trop_agb_crit': 3.1952980206617205, 'trop_k_veg': 6.717235924184507, 'pop_amp': 3.6440400149082395, 'pop_peak': 2.004372743536129, 'pop_sig': 1.0008481895045764}. Best is trial 274 with value: -0.604910391627968.
