[I 2026-08-19 17:47:36,119] Trial 1681 finished with value: 0.42910286363819583 and parameters: {'k1': 0.002554987590705859, 'D_low': 113.7692986673684, 'k2': 0.0004622339632069467, 'D_high': 756917.9100639963, 'fire_exp': 3.3007924420555335, 'P_half': 81.11185106204559, 'pre_dampen_half': 2.0145729781116026, 'gpp_af': 0.14551550778365926, 'gpp_b': 0.04059310713342736, 'gpp_d': 391.61188060795706, 'ign_k': 0.1454928106067152, 'ign_c': 0.16896904392103715, 'trop_agb_crit': 3.9624619595867046, 'trop_k_veg': 3.4232052419097463, 'pop_amp': 2.4824671237490312, 'pop_peak': 68.61239030643199, 'pop_sig': 1.0863284762227003, 'fuel_k': 0.31633545449470624, 'fuel_half': 1.819692490136103}. Best is trial 1622 with value: -0.6125870653324885.
[I 2026-08-19 17:47:38,173] Trial 1682 finished with value: 0.4044859431758526 and parameters: {'k1': 0.08049214839039659, 'D_low': 16.847860329726004, 'k2': 0.000782319234223219, 'D_high': 7617804.852068163, 'fire_exp': 1.031056553183732, 'P_half': 288.4336826352271, 'pre_dampen_half': 3.960499431475162, 'gpp_af': 0.011882966723841273, 'gpp_b': 3.150386432458324e-05, 'gpp_d': 105.14593709104348, 'ign_k': 5.254133870896439, 'ign_c': 1.7641568893714046, 'trop_agb_crit': 11.089824978436479, 'trop_k_veg': 5.757482467359499, 'pop_amp': 0.0035503771089660453, 'pop_peak': 0.10586276038958023, 'pop_sig': 0.6377304860348362, 'fuel_k': 0.4266027491201976, 'fuel_half': 1.0701533067496385}. Best is trial 1622 with value: -0.6125870653324885.
[I 2026-08-19 17:47:40,231] Trial 1683 finished with value: 0.6054236420954728 and parameters: {'k1': 0.004977844574492945, 'D_low': 23.85314548896762, 'k2': 0.010065904135622925, 'D_high': 1861744.7505180323, 'fire_exp': 6.264212396177997, 'P_half': 30.319934143896425, 'pre_dampen_half': 2.748489067967657, 'gpp_af': 0.0032142758626467873, 'gpp_b': 0.007898690670415409, 'gpp_d': 3.6137555877396017, 'ign_k': 3.0577399154855414, 'ign_c': 3.067439623107774, 'trop_agb_crit': 8.10495186536042, 'trop_k_veg': 7.798798704757829, 'pop_amp': 0.0035538508215440115, 'pop_peak': 0.12098877399815751, 'pop_sig': 0.7876993209650303, 'fuel_k': 1.0511096657707943, 'fuel_half': 0.22499780025903057}. Best is trial 1622 with value: -0.6125870653324885.
[I 2026-08-19 17:47:42,400] Trial 1684 finished with value: 0.5712734464053282 and parameters: {'k1': 0.002942649645352467, 'D_low': 166.25750551230954, 'k2': 0.041047465640169464, 'D_high': 1313171.491647283, 'fire_exp': 1.199560800128506, 'P_half': 704.7826399197875, 'pre_dampen_half': 53.67266042268019, 'gpp_af': 0.0023929484538822376, 'gpp_b': 0.005260290441860836, 'gpp_d': 37.2936995394262, 'ign_k': 0.07175948778462125, 'ign_c': 1.6336850598554784, 'trop_agb_crit': 10.929565501989401, 'trop_k_veg': 0.6754437247006574, 'pop_amp': 0.12601925727460977, 'pop_peak': 0.5257385313254171, 'pop_sig': 2.026914640785646, 'fuel_k': 0.19977075482954207, 'fuel_half': 37.52180639059429}. Best is trial 1622 with value: -0.6125870653324885.
[I 2026-08-19 17:47:44,273] Trial 1685 finished with value: 0.44841546217862804 and parameters: {'k1': 0.00031338458027575957, 'D_low': 1.5069704958330636, 'k2': 0.00048234203088085226, 'D_high': 614681.3278018475, 'fire_exp': 2.325684991922491, 'P_half': 75.23869303120671, 'pre_dampen_half': 30.331309495946122, 'gpp_af': 0.018558974589617826, 'gpp_b': 0.005850272402558599, 'gpp_d': 0.34327963997624283, 'ign_k': 0.09810718765293056, 'ign_c': 0.11721054401412542, 'trop_agb_crit': 18.67630538796006, 'trop_k_veg': 0.7440657486076124, 'pop_amp': 5.432598299752739, 'pop_peak': 0.07257241010016777, 'pop_sig': 0.8257215385362686, 'fuel_k': 0.7626541114171898, 'fuel_half': 0.2866158036904176}. Best is trial 1622 with value: -0.6125870653324885.
[I 2026-08-19 17:47:46,354] Trial 1686 finished with value: 0.597691221813933 and parameters: {'k1': 0.002550496770622124, 'D_low': 11.04198223522137, 'k2': 0.0033907221991469646, 'D_high': 3282963.080027446, 'fire_exp': 2.9362151414352415, 'P_half': 94.29985722645358, 'pre_dampen_half': 4.214460276596602, 'gpp_af': 0.18330753166929759, 'gpp_b': 0.9637393304396882, 'gpp_d': 0.5435124705378117, 'ign_k': 3.2289817016792415, 'ign_c': 0.11791196752702315, 'trop_agb_crit': 4.1643384995721355, 'trop_k_veg': 1.1920869982901936, 'pop_amp': 12.841807547285985, 'pop_peak': 1.4118195631527533, 'pop_sig': 0.8151307581670854, 'fuel_k': 0.09940846872781832, 'fuel_half': 1.6613789229795584}. Best is trial 1622 with value: -0.6125870653324885.
[I 2026-08-19 17:47:48,435] Trial 1687 finished with value: 0.47048052893889436 and parameters: {'k1': 0.009623012671020493, 'D_low': 24.56841364657445, 'k2': 0.029959012160468174, 'D_high': 2914371.653017312, 'fire_exp': 1.794980323094762, 'P_half': 409.38184362407833, 'pre_dampen_half': 1.7223638021124823, 'gpp_af': 0.004252648311632303, 'gpp_b': 4.0244276818420484e-05, 'gpp_d': 5.034527052602786, 'ign_k': 1.45957345500355, 'ign_c': 9.28183112381006, 'trop_agb_crit': 7.995569236317697, 'trop_k_veg': 6.70029281491418, 'pop_amp': 0.021979264391989398, 'pop_peak': 0.11504323279305571, 'pop_sig': 0.7740880478248443, 'fuel_k': 0.28823356515775417, 'fuel_half': 3.9398238730004764}. Best is trial 1622 with value: -0.6125870653324885.
[I 2026-08-19 17:47:50,436] Trial 1688 finished with value: 0.5860445642357232 and parameters: {'k1': 0.011335632713966275, 'D_low': 373.42587704890815, 'k2': 0.00011712838579803235, 'D_high': 635775.5797351128, 'fire_exp': 5.429381746068009, 'P_half': 9.211572029179251, 'pre_dampen_half': 0.1734757954804726, 'gpp_af': 9.87814869961495, 'gpp_b': 5.011168229629222, 'gpp_d': 22.95653851525801, 'ign_k': 0.005732874712322867, 'ign_c': 0.8258520792792402, 'trop_agb_crit': 4.391870112262425, 'trop_k_veg': 1.1232125306533693, 'pop_amp': 7.9814458404455015, 'pop_peak': 25.639600621158408, 'pop_sig': 0.6393254013304027, 'fuel_k': 1.0364235795984984, 'fuel_half': 0.3111535872577495}. Best is trial 1622 with value: -0.6125870653324885.
  trial 1689/2500  best_overall=0.6126  (49.4 min)
[I 2026-08-19 17:47:53,039] Trial 1689 finished with value: 0.5636171125477757 and parameters: {'k1': 0.026080191057681116, 'D_low': 1.5894961934430503, 'k2': 0.023587021603893858, 'D_high': 2521779.8732689284, 'fire_exp': 3.0136998440771987, 'P_half': 5.750243282378509, 'pre_dampen_half': 0.21367840181203254, 'gpp_af': 0.944590591123623, 'gpp_b': 0.008068741079865984, 'gpp_d': 12.144898633183647, 'ign_k': 0.04951248616131319, 'ign_c': 7.821295206493459, 'trop_agb_crit': 23.59441471391507, 'trop_k_veg': 6.06557414370455, 'pop_amp': 0.011008092072577115, 'pop_peak': 2.6736927202265366, 'pop_sig': 0.768861865759335, 'fuel_k': 0.15863120113008475, 'fuel_half': 3.3435170122755564}. Best is trial 1622 with value: -0.6125870653324885.
[I 2026-08-19 17:47:55,204] Trial 1690 finished with value: 0.489025195135701 and parameters: {'k1': 0.06494529663820844, 'D_low': 3.0774350522936857, 'k2': 0.0019118937419304919, 'D_high': 374446.73256606684, 'fire_exp': 1.2349726007882698, 'P_half': 98.6022841800212, 'pre_dampen_half': 1.0771045943823492, 'gpp_af': 0.002812717282167042, 'gpp_b': 0.0007281596958995976, 'gpp_d': 4.737149906350205, 'ign_k': 2.5019291533991916, 'ign_c': 22.817108586119893, 'trop_agb_crit': 4.273809443600879, 'trop_k_veg': 7.8736065952891705, 'pop_amp': 0.031254315869720495, 'pop_peak': 0.1142897608007765, 'pop_sig': 0.5534401069479165, 'fuel_k': 0.3309335212290135, 'fuel_half': 0.20134218077616375}. Best is trial 1622 with value: -0.6125870653324885.
[I 2026-08-19 17:47:57,360] Trial 1691 finished with value: 0.5832694010845162 and parameters: {'k1': 0.000811891465100629, 'D_low': 4894.347078669873, 'k2': 0.00023052368564566194, 'D_high': 1189589.1391606026, 'fire_exp': 1.1853746797720819, 'P_half': 42.930358868662466, 'pre_dampen_half': 2.1662623528479874, 'gpp_af': 0.0015907519193081878, 'gpp_b': 0.002045059702380448, 'gpp_d': 24.894977450357167, 'ign_k': 0.13758641672234842, 'ign_c': 120.9053598814443, 'trop_agb_crit': 17.101006327676394, 'trop_k_veg': 1.041556753978371, 'pop_amp': 0.002016305631982322, 'pop_peak': 195.12478888902004, 'pop_sig': 0.653941890523663, 'fuel_k': 0.39873146353065186, 'fuel_half': 0.4571666296311193}. Best is trial 1622 with value: -0.6125870653324885.
[I 2026-08-19 17:47:59,499] Trial 1692 finished with value: 0.5372109849339634 and parameters: {'k1': 0.016494782095850834, 'D_low': 26.69048611996352, 'k2': 0.002846179963372626, 'D_high': 2145075.968786533, 'fire_exp': 6.348337682407252, 'P_half': 8.58167295974205, 'pre_dampen_half': 167.6092979202224, 'gpp_af': 0.2370336071095694, 'gpp_b': 3.531137686109663e-05, 'gpp_d': 35.98552638053869, 'ign_k': 0.03283315435213566, 'ign_c': 0.7210173135404381, 'trop_agb_crit': 27.848749339257196, 'trop_k_veg': 3.040494556920762, 'pop_amp': 0.0012023903286579832, 'pop_peak': 0.6956818048710918, 'pop_sig': 0.8603561753647246, 'fuel_k': 3.152947239604735, 'fuel_half': 2.5835855754012447}. Best is trial 1622 with value: -0.6125870653324885.
[I 2026-08-19 17:48:01,626] Trial 1693 finished with value: 0.6445374145881376 and parameters: {'k1': 0.008123802087999867, 'D_low': 211.85513166929857, 'k2': 0.012239145643730928, 'D_high': 1250112.0460324946, 'fire_exp': 1.7946193760633908, 'P_half': 149.27811965081384, 'pre_dampen_half': 0.2767259946617134, 'gpp_af': 0.0020839362019605175, 'gpp_b': 0.00021764469427195513, 'gpp_d': 19.909854408568446, 'ign_k': 1.444201089407869, 'ign_c': 61.29336383390684, 'trop_agb_crit': 4.9131886220522745, 'trop_k_veg': 4.348032019722248, 'pop_amp': 0.0034477478748023162, 'pop_peak': 0.1110238694250245, 'pop_sig': 0.6676266681040436, 'fuel_k': 1.6576160724939044, 'fuel_half': 1.2602097714867917}. Best is trial 1622 with value: -0.6125870653324885.
[I 2026-08-19 17:48:03,727] Trial 1694 finished with value: 0.5856339065550221 and parameters: {'k1': 0.0051979915729128, 'D_low': 21.745023714708818, 'k2': 0.0054761155991437434, 'D_high': 2535974.6090432894, 'fire_exp': 1.523631265129984, 'P_half': 1912.5941577400943, 'pre_dampen_half': 0.7475365097448557, 'gpp_af': 0.003245770715418459, 'gpp_b': 0.00022209240168375775, 'gpp_d': 109.32258283675334, 'ign_k': 0.8995761773915324, 'ign_c': 28.538210833161486, 'trop_agb_crit': 11.25875339170158, 'trop_k_veg': 4.4840260224002755, 'pop_amp': 0.002877130974732912, 'pop_peak': 0.164988611968292, 'pop_sig': 0.2945123028474925, 'fuel_k': 0.397175798742556, 'fuel_half': 0.7755876026521126}. Best is trial 1622 with value: -0.6125870653324885.
[I 2026-08-19 17:48:05,866] Trial 1695 finished with value: 0.6445374145881376 and parameters: {'k1': 0.0011552837061190536, 'D_low': 3.1106465318999614, 'k2': 0.000292167998204239, 'D_high': 1606996.1840471604, 'fire_exp': 3.41331431881073, 'P_half': 2.608913508805532, 'pre_dampen_half': 0.6051654313182445, 'gpp_af': 0.033538499439169096, 'gpp_b': 0.0025606140497358514, 'gpp_d': 33.74036354051076, 'ign_k': 1.4684320129753856, 'ign_c': 379.2018746134885, 'trop_agb_crit': 19.868658910925042, 'trop_k_veg': 2.639292657904254, 'pop_amp': 0.0015320909935863253, 'pop_peak': 3.15714346991048, 'pop_sig': 1.0907082159032893, 'fuel_k': 0.7374482880585566, 'fuel_half': 50.920406024921846}. Best is trial 1622 with value: -0.6125870653324885.
[I 2026-08-19 17:48:07,979] Trial 1696 finished with value: 0.6445374145881376 and parameters: {'k1': 0.009987377787438625, 'D_low': 1.9243481948229488, 'k2': 0.0037892778198919674, 'D_high': 17786.763763029692, 'fire_exp': 1.1718876417161843, 'P_half': 14.671739264177146, 'pre_dampen_half': 5.664339821268741, 'gpp_af': 5.015996307375477, 'gpp_b': 0.0823594174462377, 'gpp_d': 76.18896636666389, 'ign_k': 2.493027990937006, 'ign_c': 419.1729698247928, 'trop_agb_crit': 11.888569865867243, 'trop_k_veg': 1.3226719440518093, 'pop_amp': 13.165838203291113, 'pop_peak': 8.851197213793514, 'pop_sig': 0.5734094332748205, 'fuel_k': 0.021668839612707966, 'fuel_half': 0.2617252541852544}. Best is trial 1622 with value: -0.6125870653324885.
[I 2026-08-19 17:48:10,074] Trial 1697 finished with value: 0.4528429325064435 and parameters: {'k1': 0.0005849120474927532, 'D_low': 17.559123352964924, 'k2': 0.011301811021706569, 'D_high': 1871126.7570998883, 'fire_exp': 3.0515858059312615, 'P_half': 6.9311843461934535, 'pre_dampen_half': 29.789567770074445, 'gpp_af': 0.0830588738739188, 'gpp_b': 1.7049473601179398e-05, 'gpp_d': 4.388621843614665, 'ign_k': 0.6488566112829769, 'ign_c': 4.734909522056355, 'trop_agb_crit': 3.8084260840248816, 'trop_k_veg': 0.8120783575405597, 'pop_amp': 0.010081262220795077, 'pop_peak': 4.251463530444928, 'pop_sig': 0.9157745836517146, 'fuel_k': 0.061675483591626765, 'fuel_half': 0.332702114809277}. Best is trial 1622 with value: -0.6125870653324885.
[I 2026-08-19 17:48:12,174] Trial 1698 finished with value: 0.6445374145881376 and parameters: {'k1': 0.034228797584147604, 'D_low': 278539.82384972984, 'k2': 0.04240243409290179, 'D_high': 5712827.542504874, 'fire_exp': 8.40352714562123, 'P_half': 85.68402641653603, 'pre_dampen_half': 0.20073690117825346, 'gpp_af': 0.04782693319109863, 'gpp_b': 8.336193891819958, 'gpp_d': 0.6671241406471663, 'ign_k': 4.017745634467453, 'ign_c': 5.538870730114009, 'trop_agb_crit': 1.3367845441878579, 'trop_k_veg': 2.5066411127747585, 'pop_amp': 0.09975767290758476, 'pop_peak': 0.644961593052807, 'pop_sig': 0.2640595875049518, 'fuel_k': 0.5379814655193724, 'fuel_half': 1.1717321033174073}. Best is trial 1622 with value: -0.6125870653324885.
  trial 1699/2500  best_overall=0.6126  (49.8 min)
[I 2026-08-19 17:48:14,551] Trial 1699 finished with value: 0.579079268571588 and parameters: {'k1': 0.0006159267236525559, 'D_low': 58.20717180760465, 'k2': 0.04702393636865927, 'D_high': 276833.6196391298, 'fire_exp': 6.70349723031741, 'P_half': 128.93284221699517, 'pre_dampen_half': 4.68663766238141, 'gpp_af': 0.16411542154689734, 'gpp_b': 7.469966535568455e-05, 'gpp_d': 113.00582479171337, 'ign_k': 0.035622552828998205, 'ign_c': 9.429147785034848, 'trop_agb_crit': 19.859801732171036, 'trop_k_veg': 4.245712412491829, 'pop_amp': 0.01131052087076561, 'pop_peak': 0.12160703201231164, 'pop_sig': 1.2395168211820373, 'fuel_k': 4.903506940414314, 'fuel_half': 0.3563585841733743}. Best is trial 1622 with value: -0.6125870653324885.
[I 2026-08-19 17:48:16,662] Trial 1700 finished with value: 0.5260890542029255 and parameters: {'k1': 0.0006524377894899294, 'D_low': 57117.858027337184, 'k2': 0.02654269529493623, 'D_high': 871258.053085881, 'fire_exp': 2.3321115061834043, 'P_half': 395.78395960186486, 'pre_dampen_half': 2.154510496874938, 'gpp_af': 1.338610415836235, 'gpp_b': 1.713724985818464e-05, 'gpp_d': 93.41288517145375, 'ign_k': 2.668781341830459, 'ign_c': 0.26878207779798574, 'trop_agb_crit': 14.577134341416173, 'trop_k_veg': 1.8245495715879478, 'pop_amp': 8.082590307612277, 'pop_peak': 3.347866087391156, 'pop_sig': 0.2542423982621226, 'fuel_k': 0.13736076665837535, 'fuel_half': 0.1233524942313013}. Best is trial 1622 with value: -0.6125870653324885.
[I 2026-08-19 17:48:18,843] Trial 1701 finished with value: 0.4568053746649847 and parameters: {'k1': 0.004262241843601503, 'D_low': 3.9047741929120994, 'k2': 0.005176585089513011, 'D_high': 1214174.0360475436, 'fire_exp': 3.780394367797223, 'P_half': 2.702536038466545, 'pre_dampen_half': 27.79107256856266, 'gpp_af': 0.31780513402259597, 'gpp_b': 0.0002171124492542061, 'gpp_d': 92.13048213880064, 'ign_k': 0.5652102286049845, 'ign_c': 3.660430498507539, 'trop_agb_crit': 12.984004173118214, 'trop_k_veg': 5.341224220637445, 'pop_amp': 0.0014081652318976253, 'pop_peak': 0.25700446889193085, 'pop_sig': 0.5232062793242057, 'fuel_k': 1.344600112580148, 'fuel_half': 2.7977780459450967}. Best is trial 1622 with value: -0.6125870653324885.
[I 2026-08-19 17:48:20,983] Trial 1702 finished with value: 0.5392388739726639 and parameters: {'k1': 0.0003518743839447982, 'D_low': 120.19138208639832, 'k2': 0.0256607504544633, 'D_high': 5719834.999653096, 'fire_exp': 3.014543556524466, 'P_half': 537.9475353903025, 'pre_dampen_half': 7.084973015641677, 'gpp_af': 0.03049459054229217, 'gpp_b': 7.260556477229691e-05, 'gpp_d': 3.6697486713261838, 'ign_k': 6.374686396336022, 'ign_c': 0.7593937493084669, 'trop_agb_crit': 6.178043533459432, 'trop_k_veg': 0.8088762875137112, 'pop_amp': 0.01058966034519319, 'pop_peak': 2.907988214928272, 'pop_sig': 0.9811183571609217, 'fuel_k': 0.26711442867177093, 'fuel_half': 0.6845776034224386}. Best is trial 1622 with value: -0.6125870653324885.
[I 2026-08-19 17:48:23,072] Trial 1703 finished with value: 0.6012033848719707 and parameters: {'k1': 2.4499981211262225e-05, 'D_low': 34.299407076273035, 'k2': 2.3032244190522948e-05, 'D_high': 582346.2099741854, 'fire_exp': 3.3727415658525026, 'P_half': 1980.7229065496492, 'pre_dampen_half': 2.1874123943655497, 'gpp_af': 0.003394123012555956, 'gpp_b': 0.8930887345021404, 'gpp_d': 0.2218014848600757, 'ign_k': 0.6410956490404376, 'ign_c': 0.11159539768720693, 'trop_agb_crit': 18.521388810826604, 'trop_k_veg': 2.4156430822343813, 'pop_amp': 0.044713987996799424, 'pop_peak': 243.24709372932838, 'pop_sig': 1.5396836175611126, 'fuel_k': 2.6508327993857224, 'fuel_half': 72.15656359691779}. Best is trial 1622 with value: -0.6125870653324885.
[I 2026-08-19 17:48:25,229] Trial 1704 finished with value: 0.38159465552575056 and parameters: {'k1': 0.000923478429944309, 'D_low': 11.947254730577239, 'k2': 0.041683515947056334, 'D_high': 764575.7804145279, 'fire_exp': 2.4506292263720884, 'P_half': 682.9071309019209, 'pre_dampen_half': 7.129657212973165, 'gpp_af': 0.4702348304915496, 'gpp_b': 0.004042893505096327, 'gpp_d': 11.422840440370413, 'ign_k': 0.5555216670039604, 'ign_c': 0.10073673571019388, 'trop_agb_crit': 6.429051024852602, 'trop_k_veg': 0.878711971437652, 'pop_amp': 4.829303705190029, 'pop_peak': 16.669950098077308, 'pop_sig': 0.791349378531394, 'fuel_k': 0.2917117575048748, 'fuel_half': 0.15676250042382395}. Best is trial 1622 with value: -0.6125870653324885.
[I 2026-08-19 17:48:27,289] Trial 1705 finished with value: 0.5721350355448801 and parameters: {'k1': 0.00520162868269138, 'D_low': 5.398041678614569, 'k2': 0.0009774515124704958, 'D_high': 820096.4690124571, 'fire_exp': 5.332744955860449, 'P_half': 37.17751979383005, 'pre_dampen_half': 5.049687405155546, 'gpp_af': 17.26135049417342, 'gpp_b': 0.13384635275745863, 'gpp_d': 10.08465274745077, 'ign_k': 0.3475358052658128, 'ign_c': 6.586418049976792, 'trop_agb_crit': 12.63108321659045, 'trop_k_veg': 2.4008020974862334, 'pop_amp': 0.0016290151678239335, 'pop_peak': 0.2109324785983471, 'pop_sig': 0.7589331273554609, 'fuel_k': 0.16356984292290092, 'fuel_half': 6.857360230499453}. Best is trial 1622 with value: -0.6125870653324885.
[I 2026-08-19 17:48:29,451] Trial 1706 finished with value: 0.5564343405892951 and parameters: {'k1': 0.02862452157184305, 'D_low': 5.224608242574935, 'k2': 0.0014740661044315986, 'D_high': 5115976.059570408, 'fire_exp': 3.630797157363109, 'P_half': 3.9408113393160846, 'pre_dampen_half': 5.998766659008029, 'gpp_af': 0.5257995304756592, 'gpp_b': 0.015534262508026295, 'gpp_d': 128.13013946479998, 'ign_k': 0.021660227002670628, 'ign_c': 0.6660132792530967, 'trop_agb_crit': 10.99760127368844, 'trop_k_veg': 6.061703326413173, 'pop_amp': 0.011825331486848582, 'pop_peak': 0.28052598014019203, 'pop_sig': 0.6023231126965911, 'fuel_k': 0.10489452098414412, 'fuel_half': 0.5702894483567988}. Best is trial 1622 with value: -0.6125870653324885.
[I 2026-08-19 17:48:31,555] Trial 1707 finished with value: 0.5797407392099487 and parameters: {'k1': 0.001823574974171563, 'D_low': 8.236443370269422, 'k2': 0.024114497874563705, 'D_high': 1073321.86507788, 'fire_exp': 3.238874120138706, 'P_half': 32.43555763567215, 'pre_dampen_half': 18.29169049355205, 'gpp_af': 0.0090120039478117, 'gpp_b': 0.0016525715708972885, 'gpp_d': 4.429876738197375, 'ign_k': 0.17673357851774582, 'ign_c': 23.974331242617364, 'trop_agb_crit': 1.6479604459898114, 'trop_k_veg': 1.2800753981646458, 'pop_amp': 0.04785228502190882, 'pop_peak': 20.000277251481382, 'pop_sig': 0.84588245742667, 'fuel_k': 0.06659240517823047, 'fuel_half': 1.38480903843632}. Best is trial 1622 with value: -0.6125870653324885.
[I 2026-08-19 17:48:33,648] Trial 1708 finished with value: 0.6445374145881376 and parameters: {'k1': 0.008559683548067467, 'D_low': 6.475230766763918, 'k2': 0.00026682758785079503, 'D_high': 7569468.766153254, 'fire_exp': 4.582991364438484, 'P_half': 13.04792731566575, 'pre_dampen_half': 301.8658970115165, 'gpp_af': 1.068155995408958, 'gpp_b': 0.39487819318680245, 'gpp_d': 92.5753687332308, 'ign_k': 1.3399819334381642, 'ign_c': 72.97614000322805, 'trop_agb_crit': 27.087256489915784, 'trop_k_veg': 2.770882789560255, 'pop_amp': 0.0015123450475487083, 'pop_peak': 0.36963580109271527, 'pop_sig': 0.6299015110485499, 'fuel_k': 0.1048779001615082, 'fuel_half': 0.43900898838796676}. Best is trial 1622 with value: -0.6125870653324885.
  trial 1709/2500  best_overall=0.6126  (50.2 min)
[I 2026-08-19 17:48:36,265] Trial 1709 finished with value: 0.5699653642680489 and parameters: {'k1': 8.295469430386059e-05, 'D_low': 2.946006350189868, 'k2': 0.09839929063283034, 'D_high': 49736.82461389694, 'fire_exp': 1.8739312700504154, 'P_half': 153.98813250255947, 'pre_dampen_half': 0.15602581395145418, 'gpp_af': 7.122009120812191, 'gpp_b': 0.01656791466594844, 'gpp_d': 20.656978893884506, 'ign_k': 1.0363489836317055, 'ign_c': 14.3489365863077, 'trop_agb_crit': 22.991654021240915, 'trop_k_veg': 1.3240235687338464, 'pop_amp': 0.0030176306047920527, 'pop_peak': 10.45115459473099, 'pop_sig': 1.2797752122423383, 'fuel_k': 0.28750806476638213, 'fuel_half': 21.23647649410941}. Best is trial 1622 with value: -0.6125870653324885.
