[I 2026-07-22 21:54:04,533] Trial 247 finished with values: [10.374102190433197, 10.374102190433197] and parameters: {'k1': 6.693990428538841e-05, 'D_low': 1.1640589436768796, 'k2': 0.002342238625792905, 'D_high': 2512533.442757688, 'fire_exp': 2.3123511487896353, 'P_half': 28.15630081597223, 'pre_dampen_half': 10.059683154936915, 'gpp_af': 1.4498445474033743, 'gpp_b': 0.002022832315155261, 'gpp_d': 25.017068255320467, 'ign_k': 0.04732407125181112, 'ign_c': 3.4084279109230433, 'trop_agb_crit': 5.841230872704112, 'trop_k_veg': 0.5695379443977426, 'fuel_k': 0.028970790717327534, 'fuel_half': 16.371966573507315}.
[I 2026-07-22 21:54:04,951] Trial 248 finished with values: [10.618795211600455, 10.618795211600455] and parameters: {'k1': 0.003242143344038315, 'D_low': 6220.638781359816, 'k2': 0.038650368562597265, 'D_high': 580966.5602369158, 'fire_exp': 2.389938107983505, 'P_half': 4.889669266916749, 'pre_dampen_half': 233.2883871089529, 'gpp_af': 0.0016008221370480654, 'gpp_b': 2.325239859823921e-05, 'gpp_d': 0.24714492403026278, 'ign_k': 0.005105542986365654, 'ign_c': 0.11650681118986138, 'trop_agb_crit': 5.707205898008383, 'trop_k_veg': 1.793919400078986, 'fuel_k': 0.03743055596010634, 'fuel_half': 42.6871254378718}.
[I 2026-07-22 21:54:05,372] Trial 249 finished with values: [12.139077566904533, 12.139077566904533] and parameters: {'k1': 0.002968335334246999, 'D_low': 140.92119204434155, 'k2': 7.011194706512109e-05, 'D_high': 107013.64911724928, 'fire_exp': 1.034491242472073, 'P_half': 4.020051040432125, 'pre_dampen_half': 9.288856801351132, 'gpp_af': 18.235072804314193, 'gpp_b': 0.0039265289720170965, 'gpp_d': 6.378078463802852, 'ign_k': 0.0022267996908938684, 'ign_c': 4.1108484350212295, 'trop_agb_crit': 11.41767816030627, 'trop_k_veg': 3.107373729897127, 'fuel_k': 1.2528108647479208, 'fuel_half': 35.77838574843286}.
[I 2026-07-22 21:54:05,789] Trial 250 finished with values: [10.769230768838547, 10.769230768838547] and parameters: {'k1': 0.02806535913298299, 'D_low': 458876.1870833981, 'k2': 0.038650368562597265, 'D_high': 6978.624673182437, 'fire_exp': 2.3750840427797026, 'P_half': 4.889669266916749, 'pre_dampen_half': 233.2883871089529, 'gpp_af': 0.0016008221370480654, 'gpp_b': 2.325239859823921e-05, 'gpp_d': 6.91394869865762, 'ign_k': 0.005105542986365654, 'ign_c': 98.40989343758308, 'trop_agb_crit': 10.719494362768906, 'trop_k_veg': 1.793919400078986, 'fuel_k': 0.03743055596010634, 'fuel_half': 0.253071961271088}.
[I 2026-07-22 21:54:06,208] Trial 251 finished with values: [10.697022819149565, 10.697022819149565] and parameters: {'k1': 0.0003199177539819797, 'D_low': 3.169598846855015, 'k2': 2.1698375693549493e-05, 'D_high': 2283.4228779494524, 'fire_exp': 1.0689448798385355, 'P_half': 334.62201030483817, 'pre_dampen_half': 1.2549793639668947, 'gpp_af': 0.3259758793317361, 'gpp_b': 1.1698276136056565e-05, 'gpp_d': 2.2044650100999164, 'ign_k': 0.03141110271934876, 'ign_c': 77.59048401667629, 'trop_agb_crit': 1.4914219038863046, 'trop_k_veg': 6.911478238001162, 'fuel_k': 0.5941849670507415, 'fuel_half': 18.202647368248815}.
[I 2026-07-22 21:54:06,628] Trial 252 finished with values: [10.562638318296935, 10.562638318296935] and parameters: {'k1': 0.0003893835424674703, 'D_low': 864.0717009254879, 'k2': 0.0001971137615017176, 'D_high': 8433503.858791472, 'fire_exp': 2.3750840427797026, 'P_half': 1.4378290221680121, 'pre_dampen_half': 33.71909132517388, 'gpp_af': 1.1300566419249867, 'gpp_b': 0.00012118589392553819, 'gpp_d': 6.91394869865762, 'ign_k': 0.004144296901136395, 'ign_c': 238.8897930076982, 'trop_agb_crit': 10.719494362768906, 'trop_k_veg': 1.140286245977296, 'fuel_k': 0.08612665817296865, 'fuel_half': 0.253071961271088}.
[I 2026-07-22 21:54:07,046] Trial 253 finished with values: [10.67337695924266, 10.67337695924266] and parameters: {'k1': 3.6595533391425955e-05, 'D_low': 13.25142220631392, 'k2': 2.8459703343413838e-05, 'D_high': 3569.592428042591, 'fire_exp': 2.264545306066772, 'P_half': 9.324787201197319, 'pre_dampen_half': 94.20121790275627, 'gpp_af': 1.1300566419249867, 'gpp_b': 1.7565109007473816e-05, 'gpp_d': 0.09548041810464164, 'ign_k': 0.00515399351160314, 'ign_c': 4.1108484350212295, 'trop_agb_crit': 2.598572417333811, 'trop_k_veg': 1.0609790190334525, 'fuel_k': 0.6199941538390381, 'fuel_half': 30.847886273764168}.
[I 2026-07-22 21:54:07,465] Trial 254 finished with values: [10.747361836399424, 10.747361836399424] and parameters: {'k1': 6.693990428538841e-05, 'D_low': 1.1640589436768796, 'k2': 0.002342238625792905, 'D_high': 24.063018320720932, 'fire_exp': 2.3123511487896353, 'P_half': 19.986340778528874, 'pre_dampen_half': 10.059683154936915, 'gpp_af': 1.4498445474033743, 'gpp_b': 0.00011277885258222645, 'gpp_d': 0.058813839452486937, 'ign_k': 0.003008686821445843, 'ign_c': 3.4084279109230433, 'trop_agb_crit': 6.058402553512053, 'trop_k_veg': 2.3703642788018935, 'fuel_k': 0.028970790717327534, 'fuel_half': 16.371966573507315}.
[I 2026-07-22 21:54:07,893] Trial 255 finished with values: [10.746171068110932, 10.746171068110932] and parameters: {'k1': 0.003242143344038315, 'D_low': 6220.638781359816, 'k2': 0.038650368562597265, 'D_high': 6978.624673182437, 'fire_exp': 1.8435203341118644, 'P_half': 4.889669266916749, 'pre_dampen_half': 294.75617712568373, 'gpp_af': 0.09791370130598968, 'gpp_b': 1.7565109007473816e-05, 'gpp_d': 9.00460602264307, 'ign_k': 0.005105542986365654, 'ign_c': 98.40989343758308, 'trop_agb_crit': 12.285102065067687, 'trop_k_veg': 3.028464701337094, 'fuel_k': 1.312881567992459, 'fuel_half': 5.624789772977319}.
[I 2026-07-22 21:54:08,312] Trial 256 finished with values: [10.687673031267787, 10.687673031267787] and parameters: {'k1': 0.002968335334246999, 'D_low': 11.437258028094242, 'k2': 0.00012498583886387654, 'D_high': 107013.64911724928, 'fire_exp': 2.3123511487896353, 'P_half': 28.15630081597223, 'pre_dampen_half': 0.7354388726789677, 'gpp_af': 1.4498445474033743, 'gpp_b': 0.002022832315155261, 'gpp_d': 25.017068255320467, 'ign_k': 0.0012634132366522116, 'ign_c': 4.1108484350212295, 'trop_agb_crit': 28.408892144927382, 'trop_k_veg': 0.977663002683211, 'fuel_k': 0.028970790717327534, 'fuel_half': 7.259866824755671}.
[I 2026-07-22 21:54:08,738] Trial 257 finished with values: [10.739652206452924, 10.739652206452924] and parameters: {'k1': 0.02806535913298299, 'D_low': 864.0717009254879, 'k2': 0.0001971137615017176, 'D_high': 8433503.858791472, 'fire_exp': 2.3750840427797026, 'P_half': 1.4378290221680121, 'pre_dampen_half': 1.1134482360128044, 'gpp_af': 1.1300566419249867, 'gpp_b': 0.00012118589392553819, 'gpp_d': 6.91394869865762, 'ign_k': 0.004144296901136395, 'ign_c': 238.8897930076982, 'trop_agb_crit': 10.719494362768906, 'trop_k_veg': 1.140286245977296, 'fuel_k': 0.08612665817296865, 'fuel_half': 0.253071961271088}.
[I 2026-07-22 21:54:09,160] Trial 258 finished with values: [10.496957907580246, 10.496957907580246] and parameters: {'k1': 6.693990428538841e-05, 'D_low': 1.1640589436768796, 'k2': 3.5281132746849994e-05, 'D_high': 2512533.442757688, 'fire_exp': 2.2271826002669806, 'P_half': 245.27450543222417, 'pre_dampen_half': 10.059683154936915, 'gpp_af': 1.1300566419249867, 'gpp_b': 0.00011277885258222645, 'gpp_d': 373.3014953695604, 'ign_k': 0.04732407125181112, 'ign_c': 3.4084279109230433, 'trop_agb_crit': 5.841230872704112, 'trop_k_veg': 4.130963924640279, 'fuel_k': 1.3863198285285168, 'fuel_half': 3.0296104428212485}.
[I 2026-07-22 21:54:09,583] Trial 259 finished with values: [-0.33247496238751056, 0.15391978068754586] and parameters: {'k1': 0.02806535913298299, 'D_low': 3.169598846855015, 'k2': 0.07799059237255677, 'D_high': 558.9524205217922, 'fire_exp': 1.4750777427176416, 'P_half': 4.889669266916749, 'pre_dampen_half': 3.9885726374014694, 'gpp_af': 0.06789053271698488, 'gpp_b': 0.00012118589392553819, 'gpp_d': 6.91394869865762, 'ign_k': 0.006039096247545781, 'ign_c': 4.1108484350212295, 'trop_agb_crit': 2.419699259862185, 'trop_k_veg': 3.024803048559367, 'fuel_k': 0.03743055596010634, 'fuel_half': 0.33988503110784557}.
[I 2026-07-22 21:54:10,005] Trial 260 finished with values: [10.763172860470073, 10.763172860470073] and parameters: {'k1': 0.028340904295147747, 'D_low': 1.1640589436768796, 'k2': 0.038650368562597265, 'D_high': 24.063018320720932, 'fire_exp': 1.3296958331046895, 'P_half': 4.889669266916749, 'pre_dampen_half': 10.059683154936915, 'gpp_af': 1.540945776288155, 'gpp_b': 0.00011277885258222645, 'gpp_d': 0.058813839452486937, 'ign_k': 0.04732407125181112, 'ign_c': 71.28188058401358, 'trop_agb_crit': 5.841230872704112, 'trop_k_veg': 1.793919400078986, 'fuel_k': 0.017262921159278164, 'fuel_half': 3.0296104428212485}.
[I 2026-07-22 21:54:10,435] Trial 261 finished with values: [10.34666877880944, 10.34666877880944] and parameters: {'k1': 6.693990428538841e-05, 'D_low': 3.169598846855015, 'k2': 0.07799059237255677, 'D_high': 2283.4228779494524, 'fire_exp': 2.2271826002669806, 'P_half': 4.889669266916749, 'pre_dampen_half': 868.1843415114095, 'gpp_af': 1.4498445474033743, 'gpp_b': 1.1983032564333187e-05, 'gpp_d': 295.4581800800121, 'ign_k': 0.04732407125181112, 'ign_c': 16.626592254031866, 'trop_agb_crit': 5.841230872704112, 'trop_k_veg': 1.793919400078986, 'fuel_k': 0.017262921159278164, 'fuel_half': 0.33988503110784557}.
[I 2026-07-22 21:54:10,855] Trial 262 finished with values: [10.649015485055685, 10.649015485055685] and parameters: {'k1': 0.0003199177539819797, 'D_low': 3.169598846855015, 'k2': 0.07799059237255677, 'D_high': 2283.4228779494524, 'fire_exp': 1.0689448798385355, 'P_half': 334.62201030483817, 'pre_dampen_half': 33.97904243111269, 'gpp_af': 0.3259758793317361, 'gpp_b': 0.00023973289798891726, 'gpp_d': 2.2044650100999164, 'ign_k': 0.006039096247545781, 'ign_c': 77.59048401667629, 'trop_agb_crit': 15.870971677383487, 'trop_k_veg': 3.024803048559367, 'fuel_k': 0.6211831489538813, 'fuel_half': 0.33988503110784557}.
[I 2026-07-22 21:54:11,274] Trial 263 finished with values: [10.657270215694961, 10.657270215694961] and parameters: {'k1': 7.118997101275657e-05, 'D_low': 6220.638781359816, 'k2': 0.01567230746060024, 'D_high': 558.9524205217922, 'fire_exp': 1.8435203341118644, 'P_half': 4.961134450191397, 'pre_dampen_half': 233.2883871089529, 'gpp_af': 0.008562341633595545, 'gpp_b': 0.0054502936945582505, 'gpp_d': 9.00460602264307, 'ign_k': 0.006290644294586149, 'ign_c': 98.40989343758308, 'trop_agb_crit': 29.789943908227905, 'trop_k_veg': 0.9369104721775232, 'fuel_k': 1.312881567992459, 'fuel_half': 2.84163933350535}.
[I 2026-07-22 21:54:11,692] Trial 264 finished with values: [10.54219523515584, 10.54219523515584] and parameters: {'k1': 6.693990428538841e-05, 'D_low': 1.1640589436768796, 'k2': 0.035891558714508394, 'D_high': 2512533.442757688, 'fire_exp': 2.4645237762603327, 'P_half': 245.27450543222417, 'pre_dampen_half': 10.059683154936915, 'gpp_af': 2.114381609520638, 'gpp_b': 1.2892705405728861e-05, 'gpp_d': 372.8155624293852, 'ign_k': 0.0029580419692843236, 'ign_c': 20.23326185206641, 'trop_agb_crit': 2.539877620672643, 'trop_k_veg': 0.5695379443977426, 'fuel_k': 0.6452742971240902, 'fuel_half': 0.12399445060149628}.
[I 2026-07-22 21:54:12,139] Trial 265 finished with values: [10.377815692618622, 10.377815692618622] and parameters: {'k1': 0.011966626407443505, 'D_low': 140.92119204434155, 'k2': 2.8459703343413838e-05, 'D_high': 3569.592428042591, 'fire_exp': 1.5922031489278718, 'P_half': 4.889669266916749, 'pre_dampen_half': 3.9885726374014694, 'gpp_af': 18.235072804314193, 'gpp_b': 2.325239859823921e-05, 'gpp_d': 6.378078463802852, 'ign_k': 0.004144296901136395, 'ign_c': 0.22636544662054536, 'trop_agb_crit': 6.119263728555865, 'trop_k_veg': 0.5415365826598848, 'fuel_k': 0.03743055596010634, 'fuel_half': 0.253071961271088}.
[I 2026-07-22 21:54:12,594] Trial 266 finished with values: [10.762892290003267, 10.762892290003267] and parameters: {'k1': 0.052334804885400876, 'D_low': 4956.545863307493, 'k2': 0.038650368562597265, 'D_high': 6978.624673182437, 'fire_exp': 1.8435203341118644, 'P_half': 1938.3858782150498, 'pre_dampen_half': 868.1843415114095, 'gpp_af': 1.4498445474033743, 'gpp_b': 1.1983032564333187e-05, 'gpp_d': 19.948958651882567, 'ign_k': 0.005105542986365654, 'ign_c': 6.3906950920732175, 'trop_agb_crit': 6.058402553512053, 'trop_k_veg': 1.793919400078986, 'fuel_k': 1.8731335591844647, 'fuel_half': 38.21129441691226}.
[I 2026-07-22 21:54:13,054] Trial 267 finished with values: [10.73092864115195, 10.73092864115195] and parameters: {'k1': 3.6595533391425955e-05, 'D_low': 12.856617791467924, 'k2': 0.004042660783042889, 'D_high': 6978.624673182437, 'fire_exp': 2.264545306066772, 'P_half': 3.6138942712165267, 'pre_dampen_half': 0.6960360257735195, 'gpp_af': 1.4498445474033743, 'gpp_b': 1.1983032564333187e-05, 'gpp_d': 0.09548041810464164, 'ign_k': 0.005105542986365654, 'ign_c': 11.40086370112731, 'trop_agb_crit': 6.058402553512053, 'trop_k_veg': 0.5687244174086067, 'fuel_k': 0.017262921159278164, 'fuel_half': 30.847886273764168}.
[I 2026-07-22 21:54:13,493] Trial 268 finished with values: [10.769230369477363, 10.769230369477363] and parameters: {'k1': 0.0029707920514735983, 'D_low': 4.043300846639722, 'k2': 3.5281132746849994e-05, 'D_high': 1535145.3414688278, 'fire_exp': 1.5427983096792723, 'P_half': 1938.3858782150498, 'pre_dampen_half': 10.059683154936915, 'gpp_af': 0.0025511964576171086, 'gpp_b': 6.44407472004701, 'gpp_d': 0.08465012008077429, 'ign_k': 0.03141110271934876, 'ign_c': 3.4084279109230433, 'trop_agb_crit': 5.841230872704112, 'trop_k_veg': 0.5695379443977426, 'fuel_k': 5.486054129200971, 'fuel_half': 18.202647368248815}.
[I 2026-07-22 21:54:13,922] Trial 269 finished with values: [11.080193319725366, 11.080193319725366] and parameters: {'k1': 0.00029589152820953097, 'D_low': 6220.638781359816, 'k2': 0.0034207303670092245, 'D_high': 580966.5602369158, 'fire_exp': 1.0862503061991866, 'P_half': 136.0956887810302, 'pre_dampen_half': 94.20121790275627, 'gpp_af': 0.008562341633595545, 'gpp_b': 1.7565109007473816e-05, 'gpp_d': 9.00460602264307, 'ign_k': 0.5131654955148324, 'ign_c': 0.11650681118986138, 'trop_agb_crit': 19.189415375617013, 'trop_k_veg': 0.9369104721775232, 'fuel_k': 1.312881567992459, 'fuel_half': 0.33988503110784557}.
[I 2026-07-22 21:54:14,371] Trial 270 finished with values: [10.077669720716164, 10.077669720716164] and parameters: {'k1': 3.6595533391425955e-05, 'D_low': 12.856617791467924, 'k2': 0.07799059237255677, 'D_high': 2283.4228779494524, 'fire_exp': 1.4750777427176416, 'P_half': 21.901578520649217, 'pre_dampen_half': 233.2883871089529, 'gpp_af': 0.09791370130598968, 'gpp_b': 2.325239859823921e-05, 'gpp_d': 0.09548041810464164, 'ign_k': 0.006290644294586149, 'ign_c': 11.40086370112731, 'trop_agb_crit': 12.285102065067687, 'trop_k_veg': 0.7808079158649266, 'fuel_k': 0.017262921159278164, 'fuel_half': 30.847886273764168}.
[I 2026-07-22 21:54:14,810] Trial 271 finished with values: [-0.27249603928267396, 0.15485353310465577] and parameters: {'k1': 0.011966626407443505, 'D_low': 13.25142220631392, 'k2': 0.002342238625792905, 'D_high': 3569.592428042591, 'fire_exp': 2.3123511487896353, 'P_half': 9.324787201197319, 'pre_dampen_half': 10.059683154936915, 'gpp_af': 1.1300566419249867, 'gpp_b': 1.7565109007473816e-05, 'gpp_d': 8.057329182285729, 'ign_k': 0.004144296901136395, 'ign_c': 4.1108484350212295, 'trop_agb_crit': 6.119263728555865, 'trop_k_veg': 0.977663002683211, 'fuel_k': 0.6199941538390381, 'fuel_half': 0.253071961271088}.
[I 2026-07-22 21:54:15,242] Trial 272 finished with values: [-0.6144910026690473, 0.13753062389325632] and parameters: {'k1': 9.969469187531805e-05, 'D_low': 1.1640589436768796, 'k2': 1.6559474674046002e-05, 'D_high': 8433503.858791472, 'fire_exp': 2.2271826002669806, 'P_half': 1.4378290221680121, 'pre_dampen_half': 10.059683154936915, 'gpp_af': 42.29037995744429, 'gpp_b': 0.002022832315155261, 'gpp_d': 6.91394869865762, 'ign_k': 4.59148521674054, 'ign_c': 0.13670484737132343, 'trop_agb_crit': 10.719494362768906, 'trop_k_veg': 1.140286245977296, 'fuel_k': 3.6992394681929355, 'fuel_half': 2.276766792290519}.
[I 2026-07-22 21:54:15,662] Trial 273 finished with values: [10.405580718156163, 10.405580718156163] and parameters: {'k1': 0.052334804885400876, 'D_low': 4.043300846639722, 'k2': 2.1698375693549493e-05, 'D_high': 1693415.5410667954, 'fire_exp': 1.4750777427176416, 'P_half': 1938.3858782150498, 'pre_dampen_half': 76.38081075786287, 'gpp_af': 0.0025511964576171086, 'gpp_b': 3.228689523591491e-05, 'gpp_d': 302.3127748796295, 'ign_k': 0.006290644294586149, 'ign_c': 3.0378658251922155, 'trop_agb_crit': 15.870971677383487, 'trop_k_veg': 3.024803048559367, 'fuel_k': 1.8731335591844647, 'fuel_half': 18.202647368248815}.
[I 2026-07-22 21:54:16,084] Trial 274 finished with values: [10.767089576449505, 10.767089576449505] and parameters: {'k1': 9.969469187531805e-05, 'D_low': 4956.545863307493, 'k2': 7.67074891445376e-05, 'D_high': 422212.4815323179, 'fire_exp': 2.3750840427797026, 'P_half': 2394.048324276471, 'pre_dampen_half': 33.71909132517388, 'gpp_af': 42.29037995744429, 'gpp_b': 0.00012118589392553819, 'gpp_d': 6.91394869865762, 'ign_k': 0.005105542986365654, 'ign_c': 110.68683358440691, 'trop_agb_crit': 10.719494362768906, 'trop_k_veg': 1.793919400078986, 'fuel_k': 3.6992394681929355, 'fuel_half': 2.84163933350535}.
[I 2026-07-22 21:54:16,500] Trial 275 finished with values: [10.281425746798975, 10.281425746798975] and parameters: {'k1': 0.002968335334246999, 'D_low': 13.25142220631392, 'k2': 2.8459703343413838e-05, 'D_high': 3569.592428042591, 'fire_exp': 1.034491242472073, 'P_half': 3648.4560830477985, 'pre_dampen_half': 94.20121790275627, 'gpp_af': 1.1300566419249867, 'gpp_b': 3.228689523591491e-05, 'gpp_d': 8.057329182285729, 'ign_k': 0.006039096247545781, 'ign_c': 3.0378658251922155, 'trop_agb_crit': 3.5522713231614182, 'trop_k_veg': 1.6340262437673856, 'fuel_k': 0.6199941538390381, 'fuel_half': 0.253071961271088}.
[I 2026-07-22 21:54:16,917] Trial 276 finished with values: [-0.2388244498704966, 0.09813171115809716] and parameters: {'k1': 0.003198020818004832, 'D_low': 4.043300846639722, 'k2': 3.349496364344092e-05, 'D_high': 160625.60954780428, 'fire_exp': 2.2271826002669806, 'P_half': 245.27450543222417, 'pre_dampen_half': 33.97904243111269, 'gpp_af': 2.114381609520638, 'gpp_b': 1.56731783988398e-05, 'gpp_d': 373.3014953695604, 'ign_k': 0.04732407125181112, 'ign_c': 3.0378658251922155, 'trop_agb_crit': 15.870971677383487, 'trop_k_veg': 6.911478238001162, 'fuel_k': 0.028970790717327534, 'fuel_half': 18.202647368248815}.
[I 2026-07-22 21:54:17,334] Trial 277 finished with values: [10.378128031150228, 10.378128031150228] and parameters: {'k1': 0.0029707920514735983, 'D_low': 140.92119204434155, 'k2': 2.8459703343413838e-05, 'D_high': 558.9524205217922, 'fire_exp': 1.0689448798385355, 'P_half': 1938.3858782150498, 'pre_dampen_half': 347.79988160923324, 'gpp_af': 0.0025511964576171086, 'gpp_b': 3.228689523591491e-05, 'gpp_d': 61.82902222163609, 'ign_k': 0.006290644294586149, 'ign_c': 3.0378658251922155, 'trop_agb_crit': 29.789943908227905, 'trop_k_veg': 6.911478238001162, 'fuel_k': 0.48736180483849406, 'fuel_half': 57.882001937752385}.
[I 2026-07-22 21:54:17,759] Trial 278 finished with values: [10.730237826561236, 10.730237826561236] and parameters: {'k1': 0.0029282035181080004, 'D_low': 12.856617791467924, 'k2': 3.606519549370447e-05, 'D_high': 580966.5602369158, 'fire_exp': 2.264545306066772, 'P_half': 1535.1441568398143, 'pre_dampen_half': 94.20121790275627, 'gpp_af': 0.25562996323356013, 'gpp_b': 1.2892705405728861e-05, 'gpp_d': 0.09548041810464164, 'ign_k': 0.00515399351160314, 'ign_c': 2.0013420622879967, 'trop_agb_crit': 2.598572417333811, 'trop_k_veg': 0.6921865222804094, 'fuel_k': 0.017262921159278164, 'fuel_half': 30.847886273764168}.
[I 2026-07-22 21:54:18,204] Trial 279 finished with values: [10.769230768838547, 10.769230768838547] and parameters: {'k1': 0.003242143344038315, 'D_low': 6220.638781359816, 'k2': 0.0034207303670092245, 'D_high': 580966.5602369158, 'fire_exp': 1.0862503061991866, 'P_half': 136.0956887810302, 'pre_dampen_half': 294.75617712568373, 'gpp_af': 0.004225994826142428, 'gpp_b': 1.7565109007473816e-05, 'gpp_d': 9.00460602264307, 'ign_k': 0.5131654955148324, 'ign_c': 55.24095129928624, 'trop_agb_crit': 5.707205898008383, 'trop_k_veg': 1.6485796363788798, 'fuel_k': 1.312881567992459, 'fuel_half': 42.6871254378718}.
[I 2026-07-22 21:54:18,635] Trial 280 finished with values: [10.57090629680912, 10.57090629680912] and parameters: {'k1': 6.693990428538841e-05, 'D_low': 102.19595065529477, 'k2': 0.07799059237255677, 'D_high': 2283.4228779494524, 'fire_exp': 2.3750840427797026, 'P_half': 1.4378290221680121, 'pre_dampen_half': 294.75617712568373, 'gpp_af': 0.3259758793317361, 'gpp_b': 0.002022832315155261, 'gpp_d': 2.901272149738622, 'ign_k': 0.0075985864315887865, 'ign_c': 77.59048401667629, 'trop_agb_crit': 10.719494362768906, 'trop_k_veg': 0.977663002683211, 'fuel_k': 1.312881567992459, 'fuel_half': 42.6871254378718}.
[I 2026-07-22 21:54:19,052] Trial 281 finished with values: [10.522358597324027, 10.522358597324027] and parameters: {'k1': 0.00029589152820953097, 'D_low': 6220.638781359816, 'k2': 0.002342238625792905, 'D_high': 145242.37928628005, 'fire_exp': 2.3123511487896353, 'P_half': 28.15630081597223, 'pre_dampen_half': 10.059683154936915, 'gpp_af': 1.4498445474033743, 'gpp_b': 1.1698276136056565e-05, 'gpp_d': 9.00460602264307, 'ign_k': 0.006039096247545781, 'ign_c': 3.4084279109230433, 'trop_agb_crit': 5.707205898008383, 'trop_k_veg': 3.024803048559367, 'fuel_k': 0.6211831489538813, 'fuel_half': 0.39955280149393063}.
