[I 2026-08-20 00:17:59,703] Trial 352 finished with value: 0.552456104224332 and parameters: {'k1': 3.267834954714119e-05, 'D_low': 57.62782491047997, 'k2': 0.018659142636405075, 'D_high': 210644.9135523963, 'fire_exp': 1.118064807433875, 'P_half': 210.9441107924998, 'pre_dampen_half': 0.3530916385677336, 'gpp_af': 0.021917550841350362, 'gpp_b': 0.0016634391458268212, 'gpp_d': 7.251775112910303, 'ign_k': 0.02817873480688628, 'ign_c': 0.30534404981893515, 'trop_agb_crit': 15.121544244933453, 'trop_k_veg': 0.6697143927377126, 'pop_amp': 0.009644349287557873, 'pop_peak': 1.1716383858712882, 'pop_sig': 1.0470417579270626}. Best is trial 274 with value: -0.604910391627968.
[I 2026-08-20 00:18:02,867] Trial 353 finished with value: 0.5107495116997459 and parameters: {'k1': 0.008865541170650247, 'D_low': 1.1159122364513183, 'k2': 0.0019527440200548848, 'D_high': 1438779.9034006349, 'fire_exp': 1.8595612840642406, 'P_half': 5.472911238921389, 'pre_dampen_half': 417.3670738836907, 'gpp_af': 0.004149938301671075, 'gpp_b': 0.0005361678702206342, 'gpp_d': 249.7294566927092, 'ign_k': 0.8022218182334735, 'ign_c': 3.74896779530044, 'trop_agb_crit': 8.692782249269433, 'trop_k_veg': 2.4935270695863765, 'pop_amp': 0.009788290964591325, 'pop_peak': 3.438198848231538, 'pop_sig': 1.5708497940873505}. Best is trial 274 with value: -0.604910391627968.
[I 2026-08-20 00:18:05,940] Trial 354 finished with value: 0.5380926914880106 and parameters: {'k1': 0.046128469087783265, 'D_low': 23952.377705025618, 'k2': 0.006873254557220147, 'D_high': 266652.05109618406, 'fire_exp': 1.3961041304866229, 'P_half': 1.2085379505041152, 'pre_dampen_half': 42.247935330307584, 'gpp_af': 2.6708761734296833, 'gpp_b': 0.0008163685884049489, 'gpp_d': 1.102996233146048, 'ign_k': 0.013924737588195684, 'ign_c': 0.687830170637535, 'trop_agb_crit': 26.081802759514847, 'trop_k_veg': 2.243400007486879, 'pop_amp': 0.005540972916622081, 'pop_peak': 0.6274621672267146, 'pop_sig': 0.3746356303277312}. Best is trial 274 with value: -0.604910391627968.
[I 2026-08-20 00:18:09,037] Trial 355 finished with value: 0.6445374145881376 and parameters: {'k1': 0.018586816041120568, 'D_low': 1507.675307908265, 'k2': 0.0007499403121967236, 'D_high': 4906138.321507001, 'fire_exp': 1.2669328879293895, 'P_half': 75.3854798307102, 'pre_dampen_half': 571.8292673333335, 'gpp_af': 0.08141242765624393, 'gpp_b': 2.727040069402505e-05, 'gpp_d': 2.23319879065581, 'ign_k': 4.1992710536420965, 'ign_c': 104.63152606813443, 'trop_agb_crit': 28.366567858225476, 'trop_k_veg': 2.4865439204058375, 'pop_amp': 0.0032759376491219797, 'pop_peak': 24.825074235586953, 'pop_sig': 0.8023569749739069}. Best is trial 274 with value: -0.604910391627968.
[I 2026-08-20 00:18:12,020] Trial 356 finished with value: 0.6248434000845643 and parameters: {'k1': 0.0005902767664724873, 'D_low': 151888.28844695113, 'k2': 0.004460948774161783, 'D_high': 1066660.587963425, 'fire_exp': 1.2012938391966492, 'P_half': 26.719990557136544, 'pre_dampen_half': 0.1571110682440437, 'gpp_af': 4.150299066390757, 'gpp_b': 0.00024065687362668869, 'gpp_d': 69.31283044213895, 'ign_k': 0.012638161805118753, 'ign_c': 27.92815433806179, 'trop_agb_crit': 17.207682597248137, 'trop_k_veg': 1.5348760650180708, 'pop_amp': 0.0011883428147217762, 'pop_peak': 925.8741799491792, 'pop_sig': 0.5792460584553631}. Best is trial 274 with value: -0.604910391627968.
[I 2026-08-20 00:18:15,022] Trial 357 finished with value: 0.43334293886365294 and parameters: {'k1': 0.00034047505673870257, 'D_low': 145.04213239025302, 'k2': 0.03527497752705286, 'D_high': 2970684.158641804, 'fire_exp': 1.4151565251673957, 'P_half': 27.905080709980105, 'pre_dampen_half': 16.729925565469063, 'gpp_af': 0.00498960378299263, 'gpp_b': 7.000778383889982e-05, 'gpp_d': 0.06486096900237978, 'ign_k': 9.655960528276115, 'ign_c': 0.3716473634872309, 'trop_agb_crit': 1.719164293249207, 'trop_k_veg': 2.6139551214261605, 'pop_amp': 0.0018827391004231347, 'pop_peak': 3.2278250675953717, 'pop_sig': 0.9493103484589862}. Best is trial 274 with value: -0.604910391627968.
[I 2026-08-20 00:18:18,114] Trial 358 finished with value: 0.6127694048170754 and parameters: {'k1': 0.01702716572667252, 'D_low': 367.2257143852295, 'k2': 0.0020465195432540916, 'D_high': 3986.2503557620703, 'fire_exp': 3.018932181182508, 'P_half': 126.97687338734889, 'pre_dampen_half': 0.18354486276685633, 'gpp_af': 0.13556903602657375, 'gpp_b': 3.655498100113033e-05, 'gpp_d': 340.2054651452666, 'ign_k': 0.8956729512855539, 'ign_c': 31.69226309709161, 'trop_agb_crit': 5.946304522385428, 'trop_k_veg': 3.948146179615671, 'pop_amp': 0.012781069713914609, 'pop_peak': 0.47580602387034887, 'pop_sig': 0.6069911139127138}. Best is trial 274 with value: -0.604910391627968.
[I 2026-08-20 00:18:21,004] Trial 359 finished with value: 0.4835242335420138 and parameters: {'k1': 0.019723581408943106, 'D_low': 28.072159313619434, 'k2': 0.0036560955841244123, 'D_high': 1717700.8543526924, 'fire_exp': 2.6335012749311075, 'P_half': 114.3535657197302, 'pre_dampen_half': 0.9711195672787251, 'gpp_af': 0.0011621740702292627, 'gpp_b': 1.55358729746509e-05, 'gpp_d': 96.9297414754725, 'ign_k': 0.2662169088174653, 'ign_c': 3.024743096611943, 'trop_agb_crit': 15.898716121194864, 'trop_k_veg': 2.069488273623397, 'pop_amp': 0.001101928166424483, 'pop_peak': 4.562737805495784, 'pop_sig': 1.9677880543908983}. Best is trial 274 with value: -0.604910391627968.
[I 2026-08-20 00:18:23,909] Trial 360 finished with value: 0.5913919146238046 and parameters: {'k1': 0.0001347526354998674, 'D_low': 60956.52938082399, 'k2': 0.014495751686085547, 'D_high': 806022.7033869592, 'fire_exp': 3.2814839668278637, 'P_half': 290.96546569048166, 'pre_dampen_half': 2.395670309397425, 'gpp_af': 0.0018486362583340608, 'gpp_b': 0.0004162042965495111, 'gpp_d': 153.15016898917222, 'ign_k': 0.6033881030953774, 'ign_c': 1.2867961555706613, 'trop_agb_crit': 25.92135809569997, 'trop_k_veg': 0.5994416295002934, 'pop_amp': 0.006521625324552304, 'pop_peak': 4.349558932793248, 'pop_sig': 0.8388949661768751}. Best is trial 274 with value: -0.604910391627968.
[I 2026-08-20 00:18:26,786] Trial 361 finished with value: 0.5188905595930844 and parameters: {'k1': 0.04538527395097187, 'D_low': 395.97792525972375, 'k2': 0.00034132839842290427, 'D_high': 758914.0839388786, 'fire_exp': 1.2093039139936779, 'P_half': 2.456097104228672, 'pre_dampen_half': 0.17432856729232435, 'gpp_af': 0.003915992210436348, 'gpp_b': 0.00034179607605452466, 'gpp_d': 6.388368021431502, 'ign_k': 0.05279005872570532, 'ign_c': 2.042019677048146, 'trop_agb_crit': 6.708380524100325, 'trop_k_veg': 7.26882370600646, 'pop_amp': 0.014061380975591627, 'pop_peak': 27.74238783447341, 'pop_sig': 1.8232619811700799}. Best is trial 274 with value: -0.604910391627968.
[I 2026-08-20 00:18:29,750] Trial 362 finished with value: 0.60799978667437 and parameters: {'k1': 0.00013207416558328185, 'D_low': 131.45798434394302, 'k2': 0.0009163677175159004, 'D_high': 577.6271433445386, 'fire_exp': 1.3484292030696943, 'P_half': 760.3813951048658, 'pre_dampen_half': 473.12876910471124, 'gpp_af': 0.024451117143844993, 'gpp_b': 0.0001605161187878859, 'gpp_d': 4.0433490342345655, 'ign_k': 0.6840212578375149, 'ign_c': 2.1174086075474325, 'trop_agb_crit': 24.318942816263366, 'trop_k_veg': 2.8643737220987546, 'pop_amp': 0.004945798763201672, 'pop_peak': 185.63109885063704, 'pop_sig': 0.6506462723975888}. Best is trial 274 with value: -0.604910391627968.
[I 2026-08-20 00:18:32,787] Trial 363 finished with value: -0.5766589177502729 and parameters: {'k1': 0.00400687149972032, 'D_low': 9931.167889653494, 'k2': 0.0020501129744651277, 'D_high': 2653463.4747752426, 'fire_exp': 2.338428584263141, 'P_half': 68.4795726995824, 'pre_dampen_half': 16.473119862915745, 'gpp_af': 0.005548731367774948, 'gpp_b': 7.889969943837338e-05, 'gpp_d': 7.8350501614024735, 'ign_k': 8.21256320591711, 'ign_c': 1.1311023857578606, 'trop_agb_crit': 9.208865424967765, 'trop_k_veg': 2.2089852626024635, 'pop_amp': 0.28421456462343786, 'pop_peak': 40.418774303592684, 'pop_sig': 0.6179220373444883}. Best is trial 274 with value: -0.604910391627968.
[I 2026-08-20 00:18:35,750] Trial 364 finished with value: -0.55972865606908 and parameters: {'k1': 0.0004052255285262004, 'D_low': 10177.627084507063, 'k2': 0.0021394406797979344, 'D_high': 207381.59597295205, 'fire_exp': 2.4004874020921187, 'P_half': 65.36334770305868, 'pre_dampen_half': 82.81617813482717, 'gpp_af': 0.0034542469678748044, 'gpp_b': 0.00022673631286170798, 'gpp_d': 2.1779066476294098, 'ign_k': 8.270323262533548, 'ign_c': 0.3328007662561421, 'trop_agb_crit': 27.779249718870606, 'trop_k_veg': 1.2307292422310194, 'pop_amp': 0.25253193773061594, 'pop_peak': 252.21092747160176, 'pop_sig': 0.6218371064529516}. Best is trial 274 with value: -0.604910391627968.
[I 2026-08-20 00:18:38,923] Trial 365 finished with value: 0.6445374145881376 and parameters: {'k1': 0.005957244435754325, 'D_low': 540064.421631286, 'k2': 0.00011660001389742478, 'D_high': 390423.19082847424, 'fire_exp': 1.9536174404850366, 'P_half': 72.70647304597563, 'pre_dampen_half': 53.057239526810626, 'gpp_af': 0.0010118925260652642, 'gpp_b': 0.00027575913913591214, 'gpp_d': 32.18517729459129, 'ign_k': 2.482537892443539, 'ign_c': 1.2969378819954915, 'trop_agb_crit': 9.267690574108254, 'trop_k_veg': 1.3211342812195246, 'pop_amp': 3.6298506085134927, 'pop_peak': 97.42236109677327, 'pop_sig': 0.5936970023752761}. Best is trial 274 with value: -0.604910391627968.
[I 2026-08-20 00:18:41,966] Trial 366 finished with value: 0.5294919115942008 and parameters: {'k1': 0.0006898450770971319, 'D_low': 14408.169195481803, 'k2': 0.0019284158216901824, 'D_high': 611142.303872424, 'fire_exp': 2.969410064063344, 'P_half': 417.5008675293865, 'pre_dampen_half': 82.43366444997334, 'gpp_af': 0.006055247643629007, 'gpp_b': 7.356115800150996e-05, 'gpp_d': 0.5563028067842419, 'ign_k': 2.6734985320465894, 'ign_c': 0.6663594263069635, 'trop_agb_crit': 10.930827135382135, 'trop_k_veg': 0.7210914489360982, 'pop_amp': 0.059761889235217004, 'pop_peak': 65.84568555332909, 'pop_sig': 0.7426245481188155}. Best is trial 274 with value: -0.604910391627968.
[I 2026-08-20 00:18:45,022] Trial 367 finished with value: 0.5314895118926999 and parameters: {'k1': 0.003970673718223036, 'D_low': 10623.217479924513, 'k2': 0.030652337344877684, 'D_high': 388793.95034569973, 'fire_exp': 9.209901891409551, 'P_half': 129.7807260874932, 'pre_dampen_half': 103.23177139669231, 'gpp_af': 0.007223512435451544, 'gpp_b': 0.00019718825832474877, 'gpp_d': 4.595208568293525, 'ign_k': 3.701370386237577, 'ign_c': 2.0913975484776364, 'trop_agb_crit': 7.417731022582884, 'trop_k_veg': 3.6019226862600178, 'pop_amp': 0.7568700519010829, 'pop_peak': 1.071642253039088, 'pop_sig': 0.8291991911696889}. Best is trial 274 with value: -0.604910391627968.
[I 2026-08-20 00:18:48,023] Trial 368 finished with value: 0.4797996432673278 and parameters: {'k1': 0.029397768745045915, 'D_low': 162.6193312369697, 'k2': 0.0005049324376761506, 'D_high': 9148433.319809634, 'fire_exp': 1.553322884163596, 'P_half': 207.2683485587127, 'pre_dampen_half': 3.9201998444281925, 'gpp_af': 0.032957797515544056, 'gpp_b': 9.769130172913529e-05, 'gpp_d': 39.413726192720105, 'ign_k': 8.74428027813671, 'ign_c': 3.675605818657505, 'trop_agb_crit': 6.41346898257857, 'trop_k_veg': 3.4968746746017714, 'pop_amp': 3.5542347323126706, 'pop_peak': 138.16778529514983, 'pop_sig': 0.3531115630834858}. Best is trial 274 with value: -0.604910391627968.
[I 2026-08-20 00:18:51,147] Trial 369 finished with value: 0.5139737099106262 and parameters: {'k1': 0.022169263134277792, 'D_low': 244.61565688621224, 'k2': 0.0018499599583501787, 'D_high': 8801567.210267888, 'fire_exp': 3.5179973664643933, 'P_half': 43.28304026334044, 'pre_dampen_half': 2.2430886843667954, 'gpp_af': 0.0015913712938719997, 'gpp_b': 0.00037250138497337394, 'gpp_d': 18.833833021678586, 'ign_k': 4.400195779159311, 'ign_c': 0.7075961347482153, 'trop_agb_crit': 15.199666971039768, 'trop_k_veg': 1.7782161578808806, 'pop_amp': 0.03183346940888261, 'pop_peak': 420.57736805354733, 'pop_sig': 0.46631472992274603}. Best is trial 274 with value: -0.604910391627968.
[I 2026-08-20 00:18:54,173] Trial 370 finished with value: 0.5824447685797144 and parameters: {'k1': 0.009154754564167417, 'D_low': 128247.55667685182, 'k2': 0.0002715029187697326, 'D_high': 4853388.465189587, 'fire_exp': 2.107912434065734, 'P_half': 183.6884192329101, 'pre_dampen_half': 97.99393677077771, 'gpp_af': 0.0697346129933377, 'gpp_b': 0.00013371636729148749, 'gpp_d': 9.886830677777441, 'ign_k': 8.49832723181807, 'ign_c': 1.8337907901311739, 'trop_agb_crit': 4.783539110034028, 'trop_k_veg': 4.2865094963712576, 'pop_amp': 0.3423963353740444, 'pop_peak': 71.4477838943923, 'pop_sig': 0.7484323928813162}. Best is trial 274 with value: -0.604910391627968.
[I 2026-08-20 00:18:57,050] Trial 371 finished with value: 0.570965645909731 and parameters: {'k1': 0.00024499477148823317, 'D_low': 56702.68234835891, 'k2': 0.0008249123491004144, 'D_high': 2374256.3977504997, 'fire_exp': 1.1901247055945348, 'P_half': 86.8709220596294, 'pre_dampen_half': 1.0563552721187652, 'gpp_af': 0.13440812365466515, 'gpp_b': 0.0004363512458637261, 'gpp_d': 11.776690250465743, 'ign_k': 0.012231919835368307, 'ign_c': 1.9029912048928137, 'trop_agb_crit': 14.353715200937476, 'trop_k_veg': 0.612960388732006, 'pop_amp': 0.0010307646457276035, 'pop_peak': 0.60209078588606, 'pop_sig': 0.7632158010838056}. Best is trial 274 with value: -0.604910391627968.
[I 2026-08-20 00:19:00,401] Trial 372 finished with value: 0.6331556679965666 and parameters: {'k1': 0.0013867592633310074, 'D_low': 134491.58769210253, 'k2': 0.0022178623856180064, 'D_high': 295922.28929425054, 'fire_exp': 2.04090869453062, 'P_half': 6.083999418913015, 'pre_dampen_half': 12.413660170372209, 'gpp_af': 0.015010202157027468, 'gpp_b': 0.0039162486884446596, 'gpp_d': 6.856121421117965, 'ign_k': 6.841229819655865, 'ign_c': 0.14003956728069467, 'trop_agb_crit': 7.879873802442431, 'trop_k_veg': 0.9813454804161978, 'pop_amp': 0.03424617398518175, 'pop_peak': 138.29947614897395, 'pop_sig': 0.41990064429139873}. Best is trial 274 with value: -0.604910391627968.
[I 2026-08-20 00:19:03,590] Trial 373 finished with value: 0.6445374145881376 and parameters: {'k1': 0.010955945837917059, 'D_low': 532419.1358446437, 'k2': 0.06007140523975953, 'D_high': 57231.54851575699, 'fire_exp': 1.3991321915665216, 'P_half': 120.50131839521909, 'pre_dampen_half': 390.89534542465236, 'gpp_af': 0.028300845129304707, 'gpp_b': 1.1018693344617607e-05, 'gpp_d': 0.473886789055904, 'ign_k': 0.09999993061536448, 'ign_c': 0.2759088093513189, 'trop_agb_crit': 4.975152448789517, 'trop_k_veg': 7.6397310669461875, 'pop_amp': 2.003056050970528, 'pop_peak': 0.1008085808422512, 'pop_sig': 0.9760740125857162}. Best is trial 274 with value: -0.604910391627968.
[I 2026-08-20 00:19:06,807] Trial 374 finished with value: 0.6669848011165392 and parameters: {'k1': 0.0010376546157591354, 'D_low': 10530.715353331914, 'k2': 0.041966489223856686, 'D_high': 48729.93924765408, 'fire_exp': 1.512588501222406, 'P_half': 165.07348710902792, 'pre_dampen_half': 293.0048098066766, 'gpp_af': 0.01331424517182168, 'gpp_b': 0.0001634937664715068, 'gpp_d': 0.9656274990030411, 'ign_k': 4.033629094534969, 'ign_c': 1.1334902340117339, 'trop_agb_crit': 17.400945193649655, 'trop_k_veg': 1.2298730941078897, 'pop_amp': 17.381759408382347, 'pop_peak': 26.963092955292787, 'pop_sig': 0.8398888749176452}. Best is trial 274 with value: -0.604910391627968.
[I 2026-08-20 00:19:09,981] Trial 375 finished with value: 0.4656204320288422 and parameters: {'k1': 0.012310189727538206, 'D_low': 34240.25646244915, 'k2': 0.04531691691735407, 'D_high': 5723889.755908143, 'fire_exp': 1.4337325998369594, 'P_half': 57.63245809531735, 'pre_dampen_half': 11.63526637146298, 'gpp_af': 0.0013909520255891872, 'gpp_b': 7.807912476234447e-05, 'gpp_d': 5.58558654680482, 'ign_k': 2.828595046689045, 'ign_c': 3.3225595070698115, 'trop_agb_crit': 5.862713322795277, 'trop_k_veg': 2.416837309227309, 'pop_amp': 1.7261940315334823, 'pop_peak': 105.6032593452792, 'pop_sig': 1.1042221333603834}. Best is trial 274 with value: -0.604910391627968.
[I 2026-08-20 00:19:13,454] Trial 376 finished with value: 0.44875859799848716 and parameters: {'k1': 0.0008884688436124718, 'D_low': 47.921812688599914, 'k2': 0.000523050609981746, 'D_high': 37079.30115373176, 'fire_exp': 2.631462785866738, 'P_half': 51.565471031436054, 'pre_dampen_half': 24.80387575575557, 'gpp_af': 0.16872321375707233, 'gpp_b': 0.0021845136170047155, 'gpp_d': 536.6248569978006, 'ign_k': 2.167189043055602, 'ign_c': 4.001487678413523, 'trop_agb_crit': 5.752297119949242, 'trop_k_veg': 3.1577184224341495, 'pop_amp': 0.0076856578322041956, 'pop_peak': 1.1971829936748577, 'pop_sig': 1.0956044854086517}. Best is trial 274 with value: -0.604910391627968.
[I 2026-08-20 00:19:16,592] Trial 377 finished with value: 0.5792160651334476 and parameters: {'k1': 0.003658876117130953, 'D_low': 14187.245678755797, 'k2': 0.0262828319193225, 'D_high': 1129788.7727827833, 'fire_exp': 3.938190287351794, 'P_half': 1.291389200590868, 'pre_dampen_half': 65.18577322017317, 'gpp_af': 0.010547976683242215, 'gpp_b': 0.000626753772404274, 'gpp_d': 270.57850021525513, 'ign_k': 0.03395945869567499, 'ign_c': 2.4454932684229447, 'trop_agb_crit': 20.052289876306652, 'trop_k_veg': 4.18375896383108, 'pop_amp': 0.10802600307392768, 'pop_peak': 0.48198965020688983, 'pop_sig': 0.5857636788429694}. Best is trial 274 with value: -0.604910391627968.
[I 2026-08-20 00:19:19,719] Trial 378 finished with value: 0.5460566158050677 and parameters: {'k1': 0.00025163489977229024, 'D_low': 11642.26760567885, 'k2': 0.0015206561255232628, 'D_high': 40624.894651745526, 'fire_exp': 3.1846158918827343, 'P_half': 132.96478084577276, 'pre_dampen_half': 90.02629460132596, 'gpp_af': 0.005191214375825649, 'gpp_b': 1.5539449062763755e-05, 'gpp_d': 0.0796928958998668, 'ign_k': 0.9105273827964933, 'ign_c': 1.8444458643822679, 'trop_agb_crit': 23.241967901275366, 'trop_k_veg': 3.478042136718265, 'pop_amp': 0.10662569082988688, 'pop_peak': 655.1231256129968, 'pop_sig': 0.570445468491948}. Best is trial 274 with value: -0.604910391627968.
[I 2026-08-20 00:19:22,950] Trial 379 finished with value: 0.4572663559134995 and parameters: {'k1': 0.005196868146580789, 'D_low': 21585.604512134247, 'k2': 9.90220718379299e-05, 'D_high': 2591087.0334956474, 'fire_exp': 1.1018228860682722, 'P_half': 10.25555311757017, 'pre_dampen_half': 8.088762016505022, 'gpp_af': 0.0013106602914004653, 'gpp_b': 6.755983169526723e-05, 'gpp_d': 0.017718919884004772, 'ign_k': 0.055361387888817726, 'ign_c': 0.9149057991813596, 'trop_agb_crit': 2.6642326579173554, 'trop_k_veg': 6.873581125910656, 'pop_amp': 0.4299762236619273, 'pop_peak': 15.096420438922612, 'pop_sig': 1.601191853727941}. Best is trial 274 with value: -0.604910391627968.
[I 2026-08-20 00:19:26,032] Trial 380 finished with value: 0.5712352639918459 and parameters: {'k1': 0.0002405259136013977, 'D_low': 134.62645403043686, 'k2': 0.0006795862125109783, 'D_high': 624227.9209358982, 'fire_exp': 7.815898870516343, 'P_half': 47.63319635897674, 'pre_dampen_half': 1.147660843350333, 'gpp_af': 0.4127049639631833, 'gpp_b': 0.0528681656257435, 'gpp_d': 33.122883539439826, 'ign_k': 4.658272417796224, 'ign_c': 0.43408483674605364, 'trop_agb_crit': 13.944520028098015, 'trop_k_veg': 2.853440513440907, 'pop_amp': 0.11100345333220869, 'pop_peak': 31.019010703547153, 'pop_sig': 1.2283822780114828}. Best is trial 274 with value: -0.604910391627968.
[I 2026-08-20 00:19:28,997] Trial 381 finished with value: 0.6169412255865834 and parameters: {'k1': 0.0591844979700964, 'D_low': 2.396534866463047, 'k2': 0.0161261638815188, 'D_high': 164068.96375472686, 'fire_exp': 1.5010479572173379, 'P_half': 1185.943719866339, 'pre_dampen_half': 188.43560826942388, 'gpp_af': 0.004044947917099426, 'gpp_b': 0.00598368635927655, 'gpp_d': 2.555669573224284, 'ign_k': 0.00878586364374645, 'ign_c': 45.24853962091488, 'trop_agb_crit': 7.762335119377757, 'trop_k_veg': 1.3820274232146188, 'pop_amp': 0.006804009915100856, 'pop_peak': 151.44548938416747, 'pop_sig': 0.6017971811653712}. Best is trial 274 with value: -0.604910391627968.
[I 2026-08-20 00:19:32,028] Trial 382 finished with value: 0.46475433049478343 and parameters: {'k1': 1.334867903592427e-05, 'D_low': 4053.1693677706617, 'k2': 0.0008345451616030812, 'D_high': 193482.44330935637, 'fire_exp': 1.5311710193459585, 'P_half': 10.971737798167421, 'pre_dampen_half': 481.6880722298355, 'gpp_af': 0.005444114458812716, 'gpp_b': 0.0004979724904035569, 'gpp_d': 0.022238406056516755, 'ign_k': 2.967638320422202, 'ign_c': 0.1912583492441092, 'trop_agb_crit': 27.616483440057323, 'trop_k_veg': 1.267017615782343, 'pop_amp': 0.4222753939608266, 'pop_peak': 215.43766829652503, 'pop_sig': 0.8615564230972129}. Best is trial 274 with value: -0.604910391627968.
[I 2026-08-20 00:19:35,023] Trial 383 finished with value: 0.631862256359938 and parameters: {'k1': 0.09588474487432534, 'D_low': 126795.83186453041, 'k2': 0.015446697753338462, 'D_high': 237690.47035297623, 'fire_exp': 4.30365870246229, 'P_half': 256.2861478668516, 'pre_dampen_half': 13.91805546060451, 'gpp_af': 0.0026924446353506636, 'gpp_b': 2.5657410506134604e-05, 'gpp_d': 63.91092653402029, 'ign_k': 1.1067057249957213, 'ign_c': 10.869576723589544, 'trop_agb_crit': 15.646771645342923, 'trop_k_veg': 2.430421050665326, 'pop_amp': 0.16212729779405327, 'pop_peak': 47.1254950645689, 'pop_sig': 0.5474338577908955}. Best is trial 274 with value: -0.604910391627968.
