[I 2026-08-20 01:05:19,861] Trial 1696 finished with value: -0.5881871314906204 and parameters: {'k1': 0.0013478783104278137, 'D_low': 4808.919472591123, 'k2': 0.0062279490214385705, 'D_high': 1632657.1550149946, 'fire_exp': 6.59161782914171, 'P_half': 105.49174092866386, 'pre_dampen_half': 231.62117173736183, 'gpp_af': 0.24984862156974103, 'gpp_b': 0.0017756145435875825, 'gpp_d': 714.7928581433295, 'ign_k': 3.5091470191866483, 'ign_c': 0.30264730257631717, 'trop_agb_crit': 7.053962987734494, 'trop_k_veg': 1.9063808637562027, 'pop_amp': 1.1730265460302678, 'pop_peak': 0.5303170607612759, 'pop_sig': 1.4814836150707715}. Best is trial 1128 with value: -0.620386984093161.
[I 2026-08-20 01:05:22,236] Trial 1697 finished with value: 0.5844749724134736 and parameters: {'k1': 0.0006719311712265792, 'D_low': 31.578800228674012, 'k2': 0.0009145811063190578, 'D_high': 48139.22863822138, 'fire_exp': 6.768000946179346, 'P_half': 747.5301687540523, 'pre_dampen_half': 104.20239071721265, 'gpp_af': 0.9043619475204564, 'gpp_b': 0.00047943397764503565, 'gpp_d': 524.3764936467938, 'ign_k': 6.464004333510821, 'ign_c': 0.8675301639206081, 'trop_agb_crit': 4.077659707736144, 'trop_k_veg': 1.0618897250325396, 'pop_amp': 1.935467631411697, 'pop_peak': 1.1736287985750835, 'pop_sig': 1.7814277912095864}. Best is trial 1128 with value: -0.620386984093161.
[I 2026-08-20 01:05:24,474] Trial 1698 finished with value: 0.6045408128797916 and parameters: {'k1': 0.0007360310941463929, 'D_low': 521.9751715866429, 'k2': 0.00014468258421896973, 'D_high': 3937397.8038958623, 'fire_exp': 1.0710774618913954, 'P_half': 95.85075963561249, 'pre_dampen_half': 3.2346379578435465, 'gpp_af': 0.20792733375003225, 'gpp_b': 1.6889650286929523e-05, 'gpp_d': 3.014459712668903, 'ign_k': 1.851279379105488, 'ign_c': 32.96556033986213, 'trop_agb_crit': 15.594074368913784, 'trop_k_veg': 4.128078441623755, 'pop_amp': 0.0021145080625933565, 'pop_peak': 3.431799072211633, 'pop_sig': 0.9706059195119527}. Best is trial 1128 with value: -0.620386984093161.
[I 2026-08-20 01:05:26,844] Trial 1699 finished with value: 0.6445374145881376 and parameters: {'k1': 0.004692690400583635, 'D_low': 196892.93111519128, 'k2': 0.0019305098597713285, 'D_high': 15949.243544954148, 'fire_exp': 9.103661707357638, 'P_half': 108.29321434825694, 'pre_dampen_half': 272.09248438936675, 'gpp_af': 0.18098596467484668, 'gpp_b': 0.009021973447268666, 'gpp_d': 348.11405744604946, 'ign_k': 0.07982145439365494, 'ign_c': 1.00898471189376, 'trop_agb_crit': 16.227579746604995, 'trop_k_veg': 1.433448103903294, 'pop_amp': 9.92267906840625, 'pop_peak': 1.7442131044094593, 'pop_sig': 1.1078612918153643}. Best is trial 1128 with value: -0.620386984093161.
[I 2026-08-20 01:05:29,680] Trial 1700 finished with value: 0.46972154193497995 and parameters: {'k1': 0.005260314641428466, 'D_low': 4528.177350350177, 'k2': 0.008779950699394811, 'D_high': 6360351.697367003, 'fire_exp': 3.4946466789202697, 'P_half': 1347.9718459013607, 'pre_dampen_half': 278.84878153631524, 'gpp_af': 3.402981459893946, 'gpp_b': 2.070241070023483e-05, 'gpp_d': 890.3257383915345, 'ign_k': 1.7039424373280547, 'ign_c': 3.032312023922177, 'trop_agb_crit': 7.135374871581523, 'trop_k_veg': 3.3639472994412087, 'pop_amp': 4.030744533646152, 'pop_peak': 10.734243062268472, 'pop_sig': 1.0713194074680628}. Best is trial 1128 with value: -0.620386984093161.
[I 2026-08-20 01:05:31,961] Trial 1701 finished with value: 0.4332160122528028 and parameters: {'k1': 0.006260142571750563, 'D_low': 50.036729003477156, 'k2': 0.002623471742791471, 'D_high': 3439279.588518031, 'fire_exp': 1.7689517812976203, 'P_half': 1582.8830223293103, 'pre_dampen_half': 0.4162388779037827, 'gpp_af': 0.0014521641296587147, 'gpp_b': 1.0227528078858085e-05, 'gpp_d': 0.0276160850102054, 'ign_k': 0.024907518704387503, 'ign_c': 4.793919993894193, 'trop_agb_crit': 2.1753311486876714, 'trop_k_veg': 3.585821740447121, 'pop_amp': 17.74129996216028, 'pop_peak': 34.75500986108385, 'pop_sig': 0.9278039536468342}. Best is trial 1128 with value: -0.620386984093161.
[I 2026-08-20 01:05:34,234] Trial 1702 finished with value: 0.5328738047916233 and parameters: {'k1': 0.020052167298431182, 'D_low': 643.8258530296939, 'k2': 3.0010742545935796e-05, 'D_high': 27090.163720622673, 'fire_exp': 1.2670764943447428, 'P_half': 28.70005995602734, 'pre_dampen_half': 1.3731007690810557, 'gpp_af': 0.008950440396361368, 'gpp_b': 0.0005929339179537363, 'gpp_d': 988.620183132328, 'ign_k': 2.55733868769555, 'ign_c': 8.483568625056957, 'trop_agb_crit': 2.4157818139724747, 'trop_k_veg': 1.9866444857616898, 'pop_amp': 0.0014564413864341182, 'pop_peak': 3.7980145548471937, 'pop_sig': 1.293604513568586}. Best is trial 1128 with value: -0.620386984093161.
[I 2026-08-20 01:05:36,608] Trial 1703 finished with value: 0.5599500799023562 and parameters: {'k1': 0.0020350049719782704, 'D_low': 17.150858244176455, 'k2': 6.528772069238075e-05, 'D_high': 4314618.125201157, 'fire_exp': 6.69995338300736, 'P_half': 59.11386500656079, 'pre_dampen_half': 13.640120437093241, 'gpp_af': 11.010120099424041, 'gpp_b': 0.018959406887298552, 'gpp_d': 24.169101108181003, 'ign_k': 0.03066098560561816, 'ign_c': 0.33580965806399793, 'trop_agb_crit': 3.1525899237513726, 'trop_k_veg': 4.520602191205249, 'pop_amp': 13.44834769693471, 'pop_peak': 400.1363978981203, 'pop_sig': 0.9502661882518122}. Best is trial 1128 with value: -0.620386984093161.
[I 2026-08-20 01:05:38,938] Trial 1704 finished with value: 0.6340704206615149 and parameters: {'k1': 0.0006594845061573572, 'D_low': 1676.2411837049922, 'k2': 0.005744580744930193, 'D_high': 6122524.992630168, 'fire_exp': 8.315870680732035, 'P_half': 20.440854193191704, 'pre_dampen_half': 223.53847751025359, 'gpp_af': 1.656839196051991, 'gpp_b': 0.026232516545341603, 'gpp_d': 45.933093869292456, 'ign_k': 1.7297498548140953, 'ign_c': 0.47183114675367693, 'trop_agb_crit': 4.414573838736566, 'trop_k_veg': 1.0390021259847606, 'pop_amp': 8.302680580475513, 'pop_peak': 0.2800536028307231, 'pop_sig': 2.175699382913919}. Best is trial 1128 with value: -0.620386984093161.
[I 2026-08-20 01:05:41,303] Trial 1705 finished with value: 0.5380484114995538 and parameters: {'k1': 8.696956341047965e-05, 'D_low': 10.163839548834119, 'k2': 0.0014494679162284764, 'D_high': 1658668.3301959613, 'fire_exp': 1.5685884336526545, 'P_half': 1.4216345403542217, 'pre_dampen_half': 0.014201661051820124, 'gpp_af': 0.08846410360479623, 'gpp_b': 0.001349937185595799, 'gpp_d': 131.24879655387062, 'ign_k': 0.12377834178887008, 'ign_c': 4.475879393648447, 'trop_agb_crit': 16.076975082021608, 'trop_k_veg': 0.9643940598450795, 'pop_amp': 0.9213779933125571, 'pop_peak': 302.2633544475269, 'pop_sig': 0.8350482813553337}. Best is trial 1128 with value: -0.620386984093161.
[I 2026-08-20 01:05:44,815] Trial 1706 finished with value: 0.6229799922731096 and parameters: {'k1': 0.0014788640883274867, 'D_low': 7775.847405559858, 'k2': 0.0017973806301492964, 'D_high': 306349.54796522483, 'fire_exp': 8.882823552541607, 'P_half': 48.42582965981523, 'pre_dampen_half': 124.84156463786776, 'gpp_af': 0.12078415299168925, 'gpp_b': 0.13413317677719647, 'gpp_d': 763.6478101562404, 'ign_k': 1.4641615956753946, 'ign_c': 0.24597033845758398, 'trop_agb_crit': 8.780073229665446, 'trop_k_veg': 0.8842753937504968, 'pop_amp': 0.7905777994023867, 'pop_peak': 0.34129555524757604, 'pop_sig': 1.7667339231450039}. Best is trial 1128 with value: -0.620386984093161.
[I 2026-08-20 01:05:47,350] Trial 1707 finished with value: 0.5702648044069866 and parameters: {'k1': 0.0005723078007456411, 'D_low': 26.738884186869054, 'k2': 0.00504155541243414, 'D_high': 1823371.5662575455, 'fire_exp': 6.1262236824265415, 'P_half': 160.49450684345365, 'pre_dampen_half': 15.429158388182405, 'gpp_af': 0.02572563842531054, 'gpp_b': 0.00021919792505232236, 'gpp_d': 189.67917950403037, 'ign_k': 0.09538851546766873, 'ign_c': 18.275336776795967, 'trop_agb_crit': 28.44444237057068, 'trop_k_veg': 2.5888223349178934, 'pop_amp': 4.039619319382551, 'pop_peak': 2.856077544553972, 'pop_sig': 0.7907407902318304}. Best is trial 1128 with value: -0.620386984093161.
[I 2026-08-20 01:05:49,869] Trial 1708 finished with value: 0.5957884812706027 and parameters: {'k1': 0.012791403096103361, 'D_low': 13.387689883230113, 'k2': 4.06371591697856e-05, 'D_high': 221352.36968669255, 'fire_exp': 1.1668713426742434, 'P_half': 1.2984722132016804, 'pre_dampen_half': 0.33798404517273617, 'gpp_af': 0.0017705888704793277, 'gpp_b': 5.3389096810299625e-05, 'gpp_d': 741.9676500755147, 'ign_k': 0.5850656345247377, 'ign_c': 63.435366623482096, 'trop_agb_crit': 1.202435670502869, 'trop_k_veg': 1.6773741130068685, 'pop_amp': 0.003037928736775828, 'pop_peak': 12.184563409346032, 'pop_sig': 0.7613583763915516}. Best is trial 1128 with value: -0.620386984093161.
[I 2026-08-20 01:05:52,171] Trial 1709 finished with value: 0.49539938343020773 and parameters: {'k1': 0.012396038862632498, 'D_low': 3974.0723799359853, 'k2': 0.00043823346527075053, 'D_high': 7063662.005185202, 'fire_exp': 4.0530872552183315, 'P_half': 26.350373639644086, 'pre_dampen_half': 61.973253685612946, 'gpp_af': 5.6853961543843745, 'gpp_b': 0.006259765723528443, 'gpp_d': 121.83318551559505, 'ign_k': 0.04804858266289796, 'ign_c': 2.129572953554294, 'trop_agb_crit': 6.058559467111509, 'trop_k_veg': 4.415412923141401, 'pop_amp': 5.001291172614867, 'pop_peak': 10.418770205073889, 'pop_sig': 1.2269583482244553}. Best is trial 1128 with value: -0.620386984093161.
[I 2026-08-20 01:05:53,935] Trial 1710 finished with value: 0.5851326050651946 and parameters: {'k1': 0.00013317251184243994, 'D_low': 817.5991124834253, 'k2': 0.0033309028493252444, 'D_high': 279830.6047134562, 'fire_exp': 7.435548602300051, 'P_half': 484.2976146734593, 'pre_dampen_half': 75.37828876262559, 'gpp_af': 0.6522283673076221, 'gpp_b': 0.014641449341881684, 'gpp_d': 776.0028034651285, 'ign_k': 1.0630885550360885, 'ign_c': 1.575582881748078, 'trop_agb_crit': 12.054241795270308, 'trop_k_veg': 2.4751693629601537, 'pop_amp': 0.4816275189225889, 'pop_peak': 0.7517179588973167, 'pop_sig': 1.5209633013945034}. Best is trial 1128 with value: -0.620386984093161.
[I 2026-08-20 01:05:55,710] Trial 1711 finished with value: 0.5962155523786767 and parameters: {'k1': 0.00047677077946680225, 'D_low': 42985.39415321307, 'k2': 0.02341478916881618, 'D_high': 1435344.6977542415, 'fire_exp': 8.60905035346138, 'P_half': 147.98712129569307, 'pre_dampen_half': 71.6173843517811, 'gpp_af': 0.07904153118339431, 'gpp_b': 0.0007906413997722084, 'gpp_d': 41.1177135555007, 'ign_k': 4.720874915788378, 'ign_c': 0.37483121909343947, 'trop_agb_crit': 5.827683912428155, 'trop_k_veg': 2.7377329418243197, 'pop_amp': 0.47578946066921046, 'pop_peak': 0.1287688206420962, 'pop_sig': 1.5850141326785259}. Best is trial 1128 with value: -0.620386984093161.
[I 2026-08-20 01:05:57,449] Trial 1712 finished with value: 0.5863491108576793 and parameters: {'k1': 0.0003327482794465576, 'D_low': 3036.2918818479798, 'k2': 0.021982936832994612, 'D_high': 4086188.0296391044, 'fire_exp': 9.652743512927367, 'P_half': 5.591125308230199, 'pre_dampen_half': 505.0544525193173, 'gpp_af': 0.12672492289874268, 'gpp_b': 0.06051454341775038, 'gpp_d': 140.9366219599585, 'ign_k': 2.096587961893638, 'ign_c': 0.12290631556640012, 'trop_agb_crit': 4.630911443012644, 'trop_k_veg': 1.996529521183772, 'pop_amp': 0.6828916391975693, 'pop_peak': 1.47187024167523, 'pop_sig': 0.8364594461733248}. Best is trial 1128 with value: -0.620386984093161.
[I 2026-08-20 01:05:59,200] Trial 1713 finished with value: -0.5943002074146758 and parameters: {'k1': 0.0006086817348517193, 'D_low': 4.017682419341659, 'k2': 0.03138780201085214, 'D_high': 333893.57802107563, 'fire_exp': 2.1137346844661535, 'P_half': 11.709646788898791, 'pre_dampen_half': 0.3817326234306297, 'gpp_af': 0.034679768843686225, 'gpp_b': 0.000562188608462722, 'gpp_d': 132.86621480049834, 'ign_k': 0.04638540986636808, 'ign_c': 4.376304827309664, 'trop_agb_crit': 6.6585741358348285, 'trop_k_veg': 1.9794130153862721, 'pop_amp': 5.18487959707978, 'pop_peak': 53.06025800883861, 'pop_sig': 1.4738373193871734}. Best is trial 1128 with value: -0.620386984093161.
[I 2026-08-20 01:06:00,938] Trial 1714 finished with value: 0.592238314971316 and parameters: {'k1': 0.00030957474341459737, 'D_low': 305.2117866038618, 'k2': 0.09225463906567867, 'D_high': 8789999.31504827, 'fire_exp': 2.587419647690534, 'P_half': 1.6122428309288577, 'pre_dampen_half': 0.020272567664518258, 'gpp_af': 0.0018164477494452492, 'gpp_b': 0.0001495145890036709, 'gpp_d': 17.481186589760775, 'ign_k': 0.5524721141057738, 'ign_c': 38.9847431135861, 'trop_agb_crit': 13.277692866740152, 'trop_k_veg': 1.0497495856134214, 'pop_amp': 11.312432061282198, 'pop_peak': 745.2604536782505, 'pop_sig': 1.1196026437798403}. Best is trial 1128 with value: -0.620386984093161.
[I 2026-08-20 01:06:02,735] Trial 1715 finished with value: 0.4270501571396341 and parameters: {'k1': 0.00018552038964163677, 'D_low': 1.232026900861802, 'k2': 0.07399439497983215, 'D_high': 60276.23729898432, 'fire_exp': 2.6392574315960893, 'P_half': 15.283342096415446, 'pre_dampen_half': 11.259428726261053, 'gpp_af': 0.001301470951964419, 'gpp_b': 9.195060357848596e-05, 'gpp_d': 112.34316819534475, 'ign_k': 0.22941235826416032, 'ign_c': 13.105891562974652, 'trop_agb_crit': 12.703897447505629, 'trop_k_veg': 3.131296477902416, 'pop_amp': 3.04789767896954, 'pop_peak': 201.77879874245713, 'pop_sig': 1.1803259683438039}. Best is trial 1128 with value: -0.620386984093161.
[I 2026-08-20 01:06:04,518] Trial 1716 finished with value: 0.49415152107808413 and parameters: {'k1': 0.0018012900291796423, 'D_low': 855.7818745195125, 'k2': 0.0008816242168931214, 'D_high': 196949.40703928916, 'fire_exp': 4.485810849941836, 'P_half': 182.70961296511985, 'pre_dampen_half': 355.50189474038905, 'gpp_af': 0.1903784333590549, 'gpp_b': 0.0005118542634120596, 'gpp_d': 277.4624634534061, 'ign_k': 0.14526723742271336, 'ign_c': 0.22596009782104126, 'trop_agb_crit': 13.086512584925089, 'trop_k_veg': 1.6738957471244393, 'pop_amp': 2.45218537695346, 'pop_peak': 0.1498013149008789, 'pop_sig': 2.4925548245589515}. Best is trial 1128 with value: -0.620386984093161.
[I 2026-08-20 01:06:06,332] Trial 1717 finished with value: 0.44254462138045914 and parameters: {'k1': 0.0523027286940048, 'D_low': 6.755031609965591, 'k2': 3.5929150348142066e-05, 'D_high': 249554.65754131984, 'fire_exp': 1.3920784304441813, 'P_half': 3.5485622000559056, 'pre_dampen_half': 4.303449597691803, 'gpp_af': 0.4356300094189498, 'gpp_b': 6.509761385381511e-05, 'gpp_d': 716.0349124209904, 'ign_k': 0.5264587656899814, 'ign_c': 1.4652635525890383, 'trop_agb_crit': 7.686927537413908, 'trop_k_veg': 2.8819534195580263, 'pop_amp': 0.0010482294204224724, 'pop_peak': 48.877385349193126, 'pop_sig': 0.48920895081847116}. Best is trial 1128 with value: -0.620386984093161.
[I 2026-08-20 01:06:08,077] Trial 1718 finished with value: 0.4757131891123072 and parameters: {'k1': 0.0010257146968002022, 'D_low': 1.6559098154456446, 'k2': 0.012125938999821445, 'D_high': 8797.937739984365, 'fire_exp': 4.472280997193421, 'P_half': 10.33924083807246, 'pre_dampen_half': 1.29087880835471, 'gpp_af': 0.03550770462520211, 'gpp_b': 0.0010154136629300678, 'gpp_d': 546.6433908415271, 'ign_k': 0.9437374881519109, 'ign_c': 8.366235177129404, 'trop_agb_crit': 6.73054392137698, 'trop_k_veg': 1.964811142988451, 'pop_amp': 7.889849570252211, 'pop_peak': 23.04018131640932, 'pop_sig': 1.2717293815478528}. Best is trial 1128 with value: -0.620386984093161.
[I 2026-08-20 01:06:09,835] Trial 1719 finished with value: -0.5647337707405787 and parameters: {'k1': 0.004344977134091476, 'D_low': 295.4332336998672, 'k2': 9.374698437223698e-05, 'D_high': 7725519.785946431, 'fire_exp': 4.919161512383159, 'P_half': 11.53611281933332, 'pre_dampen_half': 39.33702175338042, 'gpp_af': 0.24203465236527663, 'gpp_b': 2.0735731565194684e-05, 'gpp_d': 201.69710274601053, 'ign_k': 0.018109041139123275, 'ign_c': 24.526829150062877, 'trop_agb_crit': 5.187813670664336, 'trop_k_veg': 7.531437276861716, 'pop_amp': 17.7521935528667, 'pop_peak': 44.48691017659022, 'pop_sig': 0.8108304616303368}. Best is trial 1128 with value: -0.620386984093161.
[I 2026-08-20 01:06:11,587] Trial 1720 finished with value: 0.5744362403361133 and parameters: {'k1': 7.051353287376293e-05, 'D_low': 1.9506170630860682, 'k2': 0.06744720863283844, 'D_high': 97899.74161498345, 'fire_exp': 3.50487633556536, 'P_half': 5.095037515752278, 'pre_dampen_half': 0.5804369089412722, 'gpp_af': 0.011037261008583906, 'gpp_b': 1.658752296341603e-05, 'gpp_d': 221.3408236181529, 'ign_k': 0.02571191079995159, 'ign_c': 4.8700838283305785, 'trop_agb_crit': 5.895190714620032, 'trop_k_veg': 0.7559709797915899, 'pop_amp': 3.2021572694017, 'pop_peak': 156.38018260075648, 'pop_sig': 0.9788070394196585}. Best is trial 1128 with value: -0.620386984093161.
[I 2026-08-20 01:06:13,805] Trial 1721 finished with value: 0.5251327316537253 and parameters: {'k1': 0.00010392958478555635, 'D_low': 7.544657797186597, 'k2': 0.0031650575658778548, 'D_high': 1144271.4445211282, 'fire_exp': 1.688118285382368, 'P_half': 7.136906524954537, 'pre_dampen_half': 5.916264835860652, 'gpp_af': 0.06532370097544257, 'gpp_b': 3.661450303907735e-05, 'gpp_d': 256.51821947823737, 'ign_k': 0.30479981071964696, 'ign_c': 0.7658868281713256, 'trop_agb_crit': 9.772310174853622, 'trop_k_veg': 0.9210775976091184, 'pop_amp': 13.485897948834142, 'pop_peak': 551.7432532698331, 'pop_sig': 0.3008613993978169}. Best is trial 1128 with value: -0.620386984093161.
[I 2026-08-20 01:06:15,581] Trial 1722 finished with value: -0.5056356708149348 and parameters: {'k1': 0.0012121916098703593, 'D_low': 834.884804466087, 'k2': 0.0020202168586129702, 'D_high': 5904753.517156887, 'fire_exp': 3.481854894151112, 'P_half': 44.77082036786016, 'pre_dampen_half': 4.336900427942183, 'gpp_af': 90.53948873046532, 'gpp_b': 7.327361025731891e-05, 'gpp_d': 21.034886595345036, 'ign_k': 0.06182519264681801, 'ign_c': 0.2695402606720386, 'trop_agb_crit': 7.065149486371038, 'trop_k_veg': 3.1379854443893627, 'pop_amp': 2.7377340349950443, 'pop_peak': 7.469396744292655, 'pop_sig': 0.7531389205909599}. Best is trial 1128 with value: -0.620386984093161.
[I 2026-08-20 01:06:17,429] Trial 1723 finished with value: 0.5060643630897799 and parameters: {'k1': 0.0019801647083947022, 'D_low': 2.1327255515168493, 'k2': 0.05226380334260278, 'D_high': 45543.17905603455, 'fire_exp': 1.658156377587297, 'P_half': 6.237610546478154, 'pre_dampen_half': 0.014067014008770149, 'gpp_af': 0.09566763213726429, 'gpp_b': 0.038548710141108763, 'gpp_d': 590.101497743516, 'ign_k': 0.07565198869661222, 'ign_c': 1.1815380907901771, 'trop_agb_crit': 5.340398895920275, 'trop_k_veg': 2.26668101911859, 'pop_amp': 6.139254389530587, 'pop_peak': 44.502019655618895, 'pop_sig': 1.341756070875921}. Best is trial 1128 with value: -0.620386984093161.
[I 2026-08-20 01:06:19,351] Trial 1724 finished with value: -0.5675995384717879 and parameters: {'k1': 0.0005572071168521258, 'D_low': 2123.5761972552423, 'k2': 0.0008690891838456829, 'D_high': 152315.19312031666, 'fire_exp': 2.210914228377801, 'P_half': 70.42873882856559, 'pre_dampen_half': 3.2205521228305103, 'gpp_af': 0.04341119582248368, 'gpp_b': 3.150056174510031e-05, 'gpp_d': 829.1390543794813, 'ign_k': 0.7105366376304538, 'ign_c': 4.3657833226477365, 'trop_agb_crit': 6.1766695225564385, 'trop_k_veg': 3.0283925572575927, 'pop_amp': 0.07967459678084633, 'pop_peak': 1.0527671323986676, 'pop_sig': 0.8426227684704468}. Best is trial 1128 with value: -0.620386984093161.
[I 2026-08-20 01:06:21,298] Trial 1725 finished with value: 0.5255905778387664 and parameters: {'k1': 6.732601563201283e-05, 'D_low': 10.964948878597369, 'k2': 0.04758402518311851, 'D_high': 938210.4419730393, 'fire_exp': 1.346934649980198, 'P_half': 1.422216374062394, 'pre_dampen_half': 0.4293493510940006, 'gpp_af': 0.2432986013122659, 'gpp_b': 6.753717365666202e-05, 'gpp_d': 91.7347606044817, 'ign_k': 0.04049850857551554, 'ign_c': 6.269526666005738, 'trop_agb_crit': 8.377212721847966, 'trop_k_veg': 1.1395615931816772, 'pop_amp': 11.17090144485012, 'pop_peak': 443.01909355693675, 'pop_sig': 1.305061980989322}. Best is trial 1128 with value: -0.620386984093161.
[I 2026-08-20 01:06:23,119] Trial 1726 finished with value: 0.5463713149662706 and parameters: {'k1': 0.002140199114647473, 'D_low': 69979.54714801344, 'k2': 0.0039714258037375945, 'D_high': 4872611.87738773, 'fire_exp': 9.902337863253221, 'P_half': 19.77936134786755, 'pre_dampen_half': 16.358959956718838, 'gpp_af': 0.8715678480133352, 'gpp_b': 0.00018410348697136872, 'gpp_d': 79.13695406213672, 'ign_k': 0.8367876893735537, 'ign_c': 1.6307045845434625, 'trop_agb_crit': 13.58580075824391, 'trop_k_veg': 2.5089472597139597, 'pop_amp': 0.7220512781785737, 'pop_peak': 2.260200681667335, 'pop_sig': 0.8780482082002988}. Best is trial 1128 with value: -0.620386984093161.
[I 2026-08-20 01:06:24,933] Trial 1727 finished with value: 0.5733192214437642 and parameters: {'k1': 0.03228296079289188, 'D_low': 831.2761040719583, 'k2': 0.0005132514121246744, 'D_high': 2617944.7576957718, 'fire_exp': 2.18719821139449, 'P_half': 3892.8097577805474, 'pre_dampen_half': 8.68522175960525, 'gpp_af': 7.263303172097992, 'gpp_b': 0.005896951214676303, 'gpp_d': 91.33257419421543, 'ign_k': 1.154128432763704, 'ign_c': 0.9192685243623452, 'trop_agb_crit': 5.399174636466316, 'trop_k_veg': 4.011692400420387, 'pop_amp': 0.8702685623560643, 'pop_peak': 0.3333450576659229, 'pop_sig': 1.7395725682571346}. Best is trial 1128 with value: -0.620386984093161.
