[I 2026-08-20 00:23:47,725] Trial 568 finished with value: 0.4816339276609678 and parameters: {'k1': 4.5732957796303514e-05, 'D_low': 992.7927257765621, 'k2': 0.018722605437879458, 'D_high': 24899.89214593296, 'fire_exp': 1.2843526155988647, 'P_half': 4.463369355195, 'pre_dampen_half': 48.467722954035075, 'gpp_af': 0.6111215573218146, 'gpp_b': 0.10431816483103375, 'gpp_d': 257.23478148272824, 'ign_k': 1.2360704315386242, 'ign_c': 0.7728238330033644, 'trop_agb_crit': 3.0188969152688854, 'trop_k_veg': 2.8133921048842634}. Best is trial 0 with value: -0.5989088506199346.
[I 2026-08-20 00:23:50,215] Trial 569 finished with value: 0.5088793678521822 and parameters: {'k1': 0.07582516785593504, 'D_low': 7.545416060946516, 'k2': 0.0009044141404918743, 'D_high': 13781.100642934622, 'fire_exp': 1.3729599719777656, 'P_half': 6.750356499653545, 'pre_dampen_half': 9.687546939955425, 'gpp_af': 6.509589557517663, 'gpp_b': 0.0005482639880878267, 'gpp_d': 556.0403913234818, 'ign_k': 0.047204675881577535, 'ign_c': 0.2536885811453976, 'trop_agb_crit': 25.09725488846844, 'trop_k_veg': 6.372960887480172}. Best is trial 0 with value: -0.5989088506199346.
[I 2026-08-20 00:23:52,733] Trial 570 finished with value: 0.4838463406477773 and parameters: {'k1': 0.00262248233423342, 'D_low': 1.5132419544995213, 'k2': 0.00021487592616493823, 'D_high': 4648061.471692945, 'fire_exp': 1.842308171443636, 'P_half': 1.2164727670843085, 'pre_dampen_half': 0.24226157656864591, 'gpp_af': 0.9686016683730171, 'gpp_b': 0.02932608055488853, 'gpp_d': 105.3407733243458, 'ign_k': 8.739562264416225, 'ign_c': 0.15697239701460347, 'trop_agb_crit': 5.53164904903359, 'trop_k_veg': 7.113943289299425}. Best is trial 0 with value: -0.5989088506199346.
[I 2026-08-20 00:23:55,152] Trial 571 finished with value: 0.6445374145881376 and parameters: {'k1': 0.00016268676113020622, 'D_low': 9816.20867096808, 'k2': 0.00033725852635170354, 'D_high': 1358207.7454113378, 'fire_exp': 1.0203960213839682, 'P_half': 683.3890538624506, 'pre_dampen_half': 215.01929776854726, 'gpp_af': 0.008660824230528658, 'gpp_b': 2.953859302249629e-05, 'gpp_d': 134.52850417046494, 'ign_k': 4.090088096403653, 'ign_c': 47.39396248247744, 'trop_agb_crit': 15.224860059240763, 'trop_k_veg': 2.495154907725621}. Best is trial 0 with value: -0.5989088506199346.
[I 2026-08-20 00:23:57,546] Trial 572 finished with value: 0.512604836877032 and parameters: {'k1': 0.000823590190784369, 'D_low': 14462.953892051482, 'k2': 0.01620647972573596, 'D_high': 91932.58440947832, 'fire_exp': 1.0167043842371266, 'P_half': 2.094344931399631, 'pre_dampen_half': 29.628190030112545, 'gpp_af': 14.50683227746015, 'gpp_b': 0.08120506980826686, 'gpp_d': 4.788408090760489, 'ign_k': 0.16084480336526755, 'ign_c': 0.17569603404900724, 'trop_agb_crit': 3.4117797482877865, 'trop_k_veg': 3.304925550526693}. Best is trial 0 with value: -0.5989088506199346.
[I 2026-08-20 00:24:00,275] Trial 573 finished with value: 0.6445374145881376 and parameters: {'k1': 0.001148490722676666, 'D_low': 24.02058978989038, 'k2': 1.977950496389656e-05, 'D_high': 5899979.724779243, 'fire_exp': 7.600148461936253, 'P_half': 3.9692771325071012, 'pre_dampen_half': 19.348106513125288, 'gpp_af': 8.192422309616875, 'gpp_b': 0.00011118028645798334, 'gpp_d': 790.1150348383085, 'ign_k': 3.953368239422067, 'ign_c': 44.95180359074053, 'trop_agb_crit': 2.6578537539554734, 'trop_k_veg': 0.9306447711373481}. Best is trial 0 with value: -0.5989088506199346.
[I 2026-08-20 00:24:02,721] Trial 574 finished with value: -0.5577107425148273 and parameters: {'k1': 0.0004458844831598124, 'D_low': 2803.725707800236, 'k2': 0.014845522456623055, 'D_high': 941765.5713729403, 'fire_exp': 1.759090379451949, 'P_half': 1.4141968027387557, 'pre_dampen_half': 11.94326324286728, 'gpp_af': 0.039429629156757594, 'gpp_b': 0.010342963182431691, 'gpp_d': 77.1456980910126, 'ign_k': 1.727021023367515, 'ign_c': 0.29703031291629567, 'trop_agb_crit': 16.119045697606925, 'trop_k_veg': 3.486060482120552}. Best is trial 0 with value: -0.5989088506199346.
[I 2026-08-20 00:24:05,211] Trial 575 finished with value: 0.5482711149941173 and parameters: {'k1': 0.023483835481072985, 'D_low': 1.8880300361594926, 'k2': 5.42760610520779e-05, 'D_high': 564186.211373309, 'fire_exp': 5.0351617294373465, 'P_half': 3.712177053178685, 'pre_dampen_half': 0.049666236508164215, 'gpp_af': 0.037987243744584065, 'gpp_b': 0.00028667922601887833, 'gpp_d': 813.7030120645644, 'ign_k': 0.6613741180920314, 'ign_c': 0.3340966840298241, 'trop_agb_crit': 4.372246511752865, 'trop_k_veg': 5.981909407265906}. Best is trial 0 with value: -0.5989088506199346.
[I 2026-08-20 00:24:07,652] Trial 576 finished with value: -0.5620247433349783 and parameters: {'k1': 0.00026206293991046307, 'D_low': 1.464798893898974, 'k2': 0.00017920294584949435, 'D_high': 4726376.657134326, 'fire_exp': 3.624084891240371, 'P_half': 16.10854098930255, 'pre_dampen_half': 9.855180847063624, 'gpp_af': 2.3629404588164515, 'gpp_b': 0.0007208940590320638, 'gpp_d': 31.869598699550508, 'ign_k': 0.4042877543500799, 'ign_c': 0.7513266053447596, 'trop_agb_crit': 2.3466060441509162, 'trop_k_veg': 0.870579575322721}. Best is trial 0 with value: -0.5989088506199346.
[I 2026-08-20 00:24:10,168] Trial 577 finished with value: 0.5926396534086698 and parameters: {'k1': 0.013811859944650362, 'D_low': 4.347683778399776, 'k2': 0.0001385911743106009, 'D_high': 18632.021282761212, 'fire_exp': 2.130151389765643, 'P_half': 9.85306982519669, 'pre_dampen_half': 1.89901829710035, 'gpp_af': 0.0022240252446488556, 'gpp_b': 0.002888779260832545, 'gpp_d': 12.201106387326163, 'ign_k': 1.2783074432033075, 'ign_c': 0.6141010510888655, 'trop_agb_crit': 3.6326923301562646, 'trop_k_veg': 5.532305541902335}. Best is trial 0 with value: -0.5989088506199346.
[I 2026-08-20 00:24:12,897] Trial 578 finished with value: 0.6255569229671585 and parameters: {'k1': 3.4561150672027606e-05, 'D_low': 111.56246093571116, 'k2': 0.0014763699535291707, 'D_high': 270405.0518740136, 'fire_exp': 5.277521437491839, 'P_half': 220.8931082680436, 'pre_dampen_half': 0.3437350684416291, 'gpp_af': 17.448699446163317, 'gpp_b': 1.7162073028754396e-05, 'gpp_d': 715.3496276438866, 'ign_k': 4.116819141851651, 'ign_c': 27.15225305705633, 'trop_agb_crit': 2.560907645259709, 'trop_k_veg': 1.8745448051166727}. Best is trial 0 with value: -0.5989088506199346.
[I 2026-08-20 00:24:15,813] Trial 579 finished with value: 0.6127479321967453 and parameters: {'k1': 0.0004032862824214048, 'D_low': 105659.74636532756, 'k2': 0.08911959540277879, 'D_high': 874967.0138543583, 'fire_exp': 2.3689116377405393, 'P_half': 3.5319358866574113, 'pre_dampen_half': 1.189683603387612, 'gpp_af': 1.4683868721600266, 'gpp_b': 0.010059235700399204, 'gpp_d': 18.18557157343555, 'ign_k': 0.32646353196831723, 'ign_c': 2.2933694649883103, 'trop_agb_crit': 6.767743268329488, 'trop_k_veg': 2.227795453624069}. Best is trial 0 with value: -0.5989088506199346.
[I 2026-08-20 00:24:18,256] Trial 580 finished with value: 0.4987293106090427 and parameters: {'k1': 0.00015623275669403015, 'D_low': 2323.1066070309585, 'k2': 0.048705587370518034, 'D_high': 336270.56341969577, 'fire_exp': 1.3863546717800934, 'P_half': 15.701593191566623, 'pre_dampen_half': 1.0775544343758254, 'gpp_af': 0.4144565141995171, 'gpp_b': 0.1061747604105049, 'gpp_d': 263.05473539140684, 'ign_k': 0.32749971255964844, 'ign_c': 0.28413561452603436, 'trop_agb_crit': 6.039599822894506, 'trop_k_veg': 3.0010112303774563}. Best is trial 0 with value: -0.5989088506199346.
[I 2026-08-20 00:24:21,096] Trial 581 finished with value: 0.6021772616184816 and parameters: {'k1': 1.255998137521606e-05, 'D_low': 3049.636878240598, 'k2': 0.006124110451066899, 'D_high': 28960.01512512183, 'fire_exp': 3.713150331147937, 'P_half': 32.143877970731076, 'pre_dampen_half': 0.98186216237229, 'gpp_af': 0.0020177572055185, 'gpp_b': 0.00012608236139914807, 'gpp_d': 0.7656468765413318, 'ign_k': 0.8256310321893273, 'ign_c': 24.61956746317791, 'trop_agb_crit': 8.766787065200173, 'trop_k_veg': 1.2097406019233792}. Best is trial 0 with value: -0.5989088506199346.
[I 2026-08-20 00:24:23,542] Trial 582 finished with value: 0.4725156466161413 and parameters: {'k1': 0.0013260861317212671, 'D_low': 1.054289840807171, 'k2': 0.00032866310581177534, 'D_high': 454827.7403136587, 'fire_exp': 4.248590748581942, 'P_half': 32.832351735827544, 'pre_dampen_half': 14.02531068573369, 'gpp_af': 0.13771004154094765, 'gpp_b': 0.00030122860699370444, 'gpp_d': 2.276557036600228, 'ign_k': 0.10342152586114096, 'ign_c': 3.7138673240302857, 'trop_agb_crit': 1.5267242114550708, 'trop_k_veg': 2.4606488532014343}. Best is trial 0 with value: -0.5989088506199346.
[I 2026-08-20 00:24:26,095] Trial 583 finished with value: 0.42990787591877844 and parameters: {'k1': 0.06622731124944659, 'D_low': 10.948834816136614, 'k2': 0.0016283772106300194, 'D_high': 4799056.082437736, 'fire_exp': 1.5131913179768637, 'P_half': 4.305295238808523, 'pre_dampen_half': 4.35121837207822, 'gpp_af': 0.011164007466321546, 'gpp_b': 5.7487266403463166e-05, 'gpp_d': 116.9418059091307, 'ign_k': 7.422426594338116, 'ign_c': 0.4800322718838981, 'trop_agb_crit': 4.505656625116925, 'trop_k_veg': 3.417482470414077}. Best is trial 0 with value: -0.5989088506199346.
[I 2026-08-20 00:24:28,557] Trial 584 finished with value: 0.6486673399352937 and parameters: {'k1': 0.00028089013538427275, 'D_low': 2.4180358422703088, 'k2': 0.0008738221450643096, 'D_high': 6415355.634882215, 'fire_exp': 5.82063127474558, 'P_half': 27.759094939275524, 'pre_dampen_half': 0.6287088432245947, 'gpp_af': 5.146910984377444, 'gpp_b': 2.145071942655226e-05, 'gpp_d': 114.44527391307892, 'ign_k': 6.727255096949932, 'ign_c': 34.809665618656254, 'trop_agb_crit': 3.3685139242818884, 'trop_k_veg': 1.8836560670628315}. Best is trial 0 with value: -0.5989088506199346.
[I 2026-08-20 00:24:30,988] Trial 585 finished with value: 0.5254050175990491 and parameters: {'k1': 0.060888436072782666, 'D_low': 5.000216922137629, 'k2': 0.0018008683843475297, 'D_high': 188842.11845373688, 'fire_exp': 2.520536076648108, 'P_half': 6.049690374570218, 'pre_dampen_half': 0.09318176671704799, 'gpp_af': 0.3249274234690134, 'gpp_b': 0.0014537654919101089, 'gpp_d': 219.57918705882753, 'ign_k': 0.1608093945231658, 'ign_c': 0.7450912425235688, 'trop_agb_crit': 7.442044132771687, 'trop_k_veg': 3.021501154331045}. Best is trial 0 with value: -0.5989088506199346.
[I 2026-08-20 00:24:33,495] Trial 586 finished with value: 0.5514897235789158 and parameters: {'k1': 0.00023859709994155132, 'D_low': 270.68051940316593, 'k2': 0.08702787020531248, 'D_high': 131215.59065126677, 'fire_exp': 5.632921967966867, 'P_half': 3.9926794452628274, 'pre_dampen_half': 15.600749470543104, 'gpp_af': 5.001149892317728, 'gpp_b': 8.025920422844637e-05, 'gpp_d': 4.683215293325736, 'ign_k': 0.09824540235816007, 'ign_c': 0.3620037195078605, 'trop_agb_crit': 29.052968531995532, 'trop_k_veg': 6.958937161660621}. Best is trial 0 with value: -0.5989088506199346.
[I 2026-08-20 00:24:36,208] Trial 587 finished with value: 0.6445374145881376 and parameters: {'k1': 0.000136728892449153, 'D_low': 125637.26264342188, 'k2': 0.007714396041510587, 'D_high': 4026.9708666608317, 'fire_exp': 3.032086086574651, 'P_half': 6.169318421255687, 'pre_dampen_half': 102.59913841637085, 'gpp_af': 0.693300688854896, 'gpp_b': 0.00011871046482956704, 'gpp_d': 1.8288397659784743, 'ign_k': 1.7424352167310735, 'ign_c': 13.892346040611754, 'trop_agb_crit': 7.20004370747558, 'trop_k_veg': 0.5063828853601241}. Best is trial 0 with value: -0.5989088506199346.
[I 2026-08-20 00:24:38,909] Trial 588 finished with value: 0.6546334446791728 and parameters: {'k1': 0.000604681393147704, 'D_low': 2.1496674483196063, 'k2': 0.0011147058736297563, 'D_high': 1206045.6278738952, 'fire_exp': 4.125270187183386, 'P_half': 1.2221221109501632, 'pre_dampen_half': 1.7897463368140596, 'gpp_af': 0.21334110501383974, 'gpp_b': 5.1925320843681384e-05, 'gpp_d': 920.9310725526697, 'ign_k': 2.0481300903302624, 'ign_c': 32.02567169686412, 'trop_agb_crit': 3.067719474106532, 'trop_k_veg': 1.859285338587403}. Best is trial 0 with value: -0.5989088506199346.
[I 2026-08-20 00:24:41,561] Trial 589 finished with value: 0.5260147117774643 and parameters: {'k1': 0.0024831927661552416, 'D_low': 1.6189573347334436, 'k2': 0.00014473679870621905, 'D_high': 239789.68246336188, 'fire_exp': 2.116108980047256, 'P_half': 4.115846807211523, 'pre_dampen_half': 0.17011219049018, 'gpp_af': 1.9430699622358103, 'gpp_b': 0.0527899503838326, 'gpp_d': 8.10804166357742, 'ign_k': 9.662947305671256, 'ign_c': 5.569678628103736, 'trop_agb_crit': 5.726055690450576, 'trop_k_veg': 2.5947077052329734}. Best is trial 0 with value: -0.5989088506199346.
[I 2026-08-20 00:24:44,082] Trial 590 finished with value: 0.6445374145881376 and parameters: {'k1': 0.0005426017617851556, 'D_low': 1.1523918250962495, 'k2': 1.840626417939135e-05, 'D_high': 247509.8573866073, 'fire_exp': 5.620368411647236, 'P_half': 1.9936019288333744, 'pre_dampen_half': 5.1394395899367735, 'gpp_af': 7.578173903754821, 'gpp_b': 0.00014218087166136106, 'gpp_d': 114.124752094336, 'ign_k': 2.862805021121722, 'ign_c': 248.67156536004066, 'trop_agb_crit': 5.232769006883505, 'trop_k_veg': 3.287411603634367}. Best is trial 0 with value: -0.5989088506199346.
[I 2026-08-20 00:24:46,566] Trial 591 finished with value: 0.4238882796584017 and parameters: {'k1': 0.002662920845264678, 'D_low': 109.38417823280366, 'k2': 0.01157654634830866, 'D_high': 5672882.501595356, 'fire_exp': 5.635620914286015, 'P_half': 4.150248184856455, 'pre_dampen_half': 5.197837240716028, 'gpp_af': 0.123004501220772, 'gpp_b': 0.0002659683129737041, 'gpp_d': 105.97693342494496, 'ign_k': 3.934656396528787, 'ign_c': 13.848951614333968, 'trop_agb_crit': 4.0943020463566135, 'trop_k_veg': 1.611067737454442}. Best is trial 0 with value: -0.5989088506199346.
[I 2026-08-20 00:24:49,015] Trial 592 finished with value: 0.6445374145881376 and parameters: {'k1': 0.0015154303985977639, 'D_low': 14.100554714363923, 'k2': 0.0015610346473083053, 'D_high': 99199.38875938479, 'fire_exp': 4.1479589964639745, 'P_half': 3.9944432201534363, 'pre_dampen_half': 6.153058336445847, 'gpp_af': 1.8948501823434138, 'gpp_b': 0.0034370226310901936, 'gpp_d': 299.38615390277135, 'ign_k': 1.323095566679998, 'ign_c': 83.30433048960269, 'trop_agb_crit': 1.3136177732384136, 'trop_k_veg': 4.687706043136451}. Best is trial 0 with value: -0.5989088506199346.
[I 2026-08-20 00:24:51,334] Trial 593 finished with value: 0.5331754301422166 and parameters: {'k1': 0.00022822611478198534, 'D_low': 4.138563973417607, 'k2': 3.940584925703752e-05, 'D_high': 1260085.5051176935, 'fire_exp': 1.644729489415988, 'P_half': 4.19872265533129, 'pre_dampen_half': 0.1568281459529387, 'gpp_af': 0.03779972117143811, 'gpp_b': 0.005502689686678148, 'gpp_d': 253.91949124593458, 'ign_k': 0.16006952192394866, 'ign_c': 0.1236512740512031, 'trop_agb_crit': 16.507972781318273, 'trop_k_veg': 2.770229729724468}. Best is trial 0 with value: -0.5989088506199346.
[I 2026-08-20 00:24:53,777] Trial 594 finished with value: 0.46395516107184753 and parameters: {'k1': 0.011484066156798603, 'D_low': 3.325090315587047, 'k2': 0.002492431622987568, 'D_high': 105444.55036642363, 'fire_exp': 3.4614052546395384, 'P_half': 3.1680877220142856, 'pre_dampen_half': 27.691527933946354, 'gpp_af': 0.008625483076390033, 'gpp_b': 0.00015122314696056196, 'gpp_d': 88.73009560932229, 'ign_k': 1.704546046392023, 'ign_c': 0.12278862892109187, 'trop_agb_crit': 1.9907416451056332, 'trop_k_veg': 5.249093706108836}. Best is trial 0 with value: -0.5989088506199346.
[I 2026-08-20 00:24:56,223] Trial 595 finished with value: 0.4531613015826711 and parameters: {'k1': 0.00025484869670579674, 'D_low': 60.289370332244594, 'k2': 0.00034649250920213017, 'D_high': 3783418.6891590552, 'fire_exp': 3.2309852417894582, 'P_half': 1.2785242660182543, 'pre_dampen_half': 1.5526939869238454, 'gpp_af': 0.9544024861655315, 'gpp_b': 0.005586010850416987, 'gpp_d': 67.61407918309928, 'ign_k': 2.6854358014725186, 'ign_c': 6.609638698876377, 'trop_agb_crit': 7.868599406795511, 'trop_k_veg': 2.6686307221599486}. Best is trial 0 with value: -0.5989088506199346.
[I 2026-08-20 00:24:58,698] Trial 596 finished with value: 0.5514566514879469 and parameters: {'k1': 0.013235515676659393, 'D_low': 3.5063365030444014, 'k2': 0.00029646116232331585, 'D_high': 156463.98173345314, 'fire_exp': 4.118610092568771, 'P_half': 1.426981168211463, 'pre_dampen_half': 6.355970931860446, 'gpp_af': 0.00506549543368284, 'gpp_b': 0.002835651537139941, 'gpp_d': 122.12645141647286, 'ign_k': 0.22109450995594104, 'ign_c': 3.5141902064405732, 'trop_agb_crit': 8.428205629155206, 'trop_k_veg': 3.976334240659907}. Best is trial 0 with value: -0.5989088506199346.
[I 2026-08-20 00:25:01,016] Trial 597 finished with value: 0.4414273678980589 and parameters: {'k1': 0.00994821560309466, 'D_low': 1.1843243378575499, 'k2': 0.0027915007782294285, 'D_high': 222104.44459523345, 'fire_exp': 2.8043039104594354, 'P_half': 42.860953594105524, 'pre_dampen_half': 47.18932845058959, 'gpp_af': 0.23405463898809165, 'gpp_b': 0.0025597091277288916, 'gpp_d': 490.15050342617565, 'ign_k': 0.42733645694076094, 'ign_c': 1.1719959314702122, 'trop_agb_crit': 12.701511945465219, 'trop_k_veg': 4.304416152888788}. Best is trial 0 with value: -0.5989088506199346.
[I 2026-08-20 00:25:03,506] Trial 598 finished with value: 0.500436164304312 and parameters: {'k1': 0.00018750138631080305, 'D_low': 1.469764789616447, 'k2': 0.0009134961976153211, 'D_high': 1586722.8096281877, 'fire_exp': 2.9906164186360478, 'P_half': 12.278675545890538, 'pre_dampen_half': 42.52016495651099, 'gpp_af': 8.487887237104667, 'gpp_b': 0.038079262422953015, 'gpp_d': 3.64012355575407, 'ign_k': 0.20958125374002481, 'ign_c': 1.4766645308468371, 'trop_agb_crit': 1.770375895926513, 'trop_k_veg': 4.753281109784429}. Best is trial 0 with value: -0.5989088506199346.
[I 2026-08-20 00:25:05,826] Trial 599 finished with value: 0.47033176831719403 and parameters: {'k1': 0.002470987131750659, 'D_low': 11.134129178476917, 'k2': 0.0074920455192237344, 'D_high': 524923.6262740745, 'fire_exp': 3.1206183285182063, 'P_half': 1.552358535131456, 'pre_dampen_half': 20.947121073198655, 'gpp_af': 1.4540716676672611, 'gpp_b': 1.2209738237251516e-05, 'gpp_d': 81.49824779394987, 'ign_k': 3.361186664492808, 'ign_c': 4.96702362390511, 'trop_agb_crit': 5.668206693682846, 'trop_k_veg': 1.8138630346023628}. Best is trial 0 with value: -0.5989088506199346.
[I 2026-08-20 00:25:08,097] Trial 600 finished with value: 0.4864760403422087 and parameters: {'k1': 0.00120529444875389, 'D_low': 5130.1557855432475, 'k2': 0.02209595944799712, 'D_high': 200993.14821353677, 'fire_exp': 1.8879387036964128, 'P_half': 5.045728967205603, 'pre_dampen_half': 1.7150850795612123, 'gpp_af': 0.5091551017223075, 'gpp_b': 0.0028389924738895164, 'gpp_d': 302.3527894386001, 'ign_k': 0.061842757237831225, 'ign_c': 0.2514906390723182, 'trop_agb_crit': 6.921196137636278, 'trop_k_veg': 3.321697617386625}. Best is trial 0 with value: -0.5989088506199346.
[I 2026-08-20 00:25:10,939] Trial 601 finished with value: 0.6416387394286344 and parameters: {'k1': 0.00033170316153156246, 'D_low': 300190.77266829094, 'k2': 0.07199060965925189, 'D_high': 4282007.614339134, 'fire_exp': 1.5522291732187259, 'P_half': 3.9750616336278677, 'pre_dampen_half': 6.9063020077813935, 'gpp_af': 0.007462681589556585, 'gpp_b': 0.02257304908325654, 'gpp_d': 395.83585380070366, 'ign_k': 0.058532039094826245, 'ign_c': 0.11584632696803614, 'trop_agb_crit': 14.862190168909148, 'trop_k_veg': 4.756603716103542}. Best is trial 0 with value: -0.5989088506199346.
[I 2026-08-20 00:25:13,195] Trial 602 finished with value: -0.5746041817608313 and parameters: {'k1': 0.0029489938257821844, 'D_low': 4.8254531441062705, 'k2': 0.0001298139383806815, 'D_high': 1641989.6594702855, 'fire_exp': 2.620201333255261, 'P_half': 11.62247894711858, 'pre_dampen_half': 1.72427570162045, 'gpp_af': 0.004359720056560961, 'gpp_b': 2.9229275968408577e-05, 'gpp_d': 465.67409966461594, 'ign_k': 7.0105101801553795, 'ign_c': 9.58975873113577, 'trop_agb_crit': 4.123019749843649, 'trop_k_veg': 4.1903567351334425}. Best is trial 0 with value: -0.5989088506199346.
[I 2026-08-20 00:25:15,610] Trial 603 finished with value: 0.4811688328078231 and parameters: {'k1': 0.0024802754579362624, 'D_low': 1.5951832450936532, 'k2': 5.4128577830066206e-05, 'D_high': 6767224.240772824, 'fire_exp': 6.710496863711376, 'P_half': 1.6477974160780475, 'pre_dampen_half': 2.325684406417585, 'gpp_af': 0.5028282821663886, 'gpp_b': 0.0015337730889066331, 'gpp_d': 351.7730864313038, 'ign_k': 3.0457614420508086, 'ign_c': 10.076176232484878, 'trop_agb_crit': 1.505964849901347, 'trop_k_veg': 1.3801641204284048}. Best is trial 0 with value: -0.5989088506199346.
[I 2026-08-20 00:25:17,884] Trial 604 finished with value: 0.567837859705784 and parameters: {'k1': 2.6145282744849643e-05, 'D_low': 182.1377183366191, 'k2': 0.0005368101465575099, 'D_high': 171334.46900429466, 'fire_exp': 2.770974782163766, 'P_half': 207.81365931286538, 'pre_dampen_half': 39.828136914907404, 'gpp_af': 0.007678996311061582, 'gpp_b': 0.0012291671511862582, 'gpp_d': 26.878115818109347, 'ign_k': 5.366995238617841, 'ign_c': 2.72966517277556, 'trop_agb_crit': 13.791860575826076, 'trop_k_veg': 0.5194431672118309}. Best is trial 0 with value: -0.5989088506199346.
[I 2026-08-20 00:25:20,268] Trial 605 finished with value: 0.6445374145881376 and parameters: {'k1': 0.002411757318201533, 'D_low': 2.7424615642020234, 'k2': 4.67824498281015e-05, 'D_high': 197485.62130281227, 'fire_exp': 2.621264590295125, 'P_half': 12.480021518113837, 'pre_dampen_half': 0.7634943562606196, 'gpp_af': 0.01575453363695969, 'gpp_b': 1.1134331130728567e-05, 'gpp_d': 13.015982998954925, 'ign_k': 1.4504753116107023, 'ign_c': 55.52849589771113, 'trop_agb_crit': 5.554623971421363, 'trop_k_veg': 7.970163756824523}. Best is trial 0 with value: -0.5989088506199346.
