[I 2026-06-09 12:06:02,526] Trial 273 finished with values: [10.556223819364984, 10.556223819364984] and parameters: {'k1': 9.969469187531805e-05, 'D_low': 9218.802364707573, 'k2': 0.0005700142105246941, 'D_high': 39655.03094323017, 'fire_exp': 2.447244097399011, 'P_half': 8.446694862290624, 'pre_dampen_half': 340.6909167027263, 'gpp_af': 0.516681811478353, 'gpp_b': 0.0006724850206557243, 'gpp_d': 8.998420889037451, 'ign_k': 5.023348046919798, 'ign_c': 0.1410563867753527, 'trop_agb_crit': 16.408949267986486, 'trop_k_veg': 3.6260119779455584}.
[I 2026-06-09 12:06:03,869] Trial 274 finished with values: [10.403873294740235, 10.403873294740235] and parameters: {'k1': 0.05832560268546887, 'D_low': 5901.020135451999, 'k2': 0.06994589881535453, 'D_high': 18125.870836716233, 'fire_exp': 1.4848387260494937, 'P_half': 2.194774268919734, 'pre_dampen_half': 673.2248920775328, 'gpp_af': 11.20397753296041, 'gpp_b': 0.002262927522655115, 'gpp_d': 1.5988721385117124, 'ign_k': 3.1536006085184716, 'ign_c': 0.21234210963705627, 'trop_agb_crit': 19.51558406059598, 'trop_k_veg': 4.51930447316402}.
[I 2026-06-09 12:06:05,194] Trial 275 finished with values: [10.687057313663077, 10.687057313663077] and parameters: {'k1': 1.755140304820832e-05, 'D_low': 35.02761367842313, 'k2': 0.06994589881535453, 'D_high': 41821.78526757458, 'fire_exp': 1.14171776851287, 'P_half': 6.876972589957657, 'pre_dampen_half': 0.194732494508583, 'gpp_af': 1.7710598796450592, 'gpp_b': 2.036444166653217e-05, 'gpp_d': 176.18878384527278, 'ign_k': 0.07081721844034213, 'ign_c': 0.9083381663660584, 'trop_agb_crit': 17.700408094497767, 'trop_k_veg': 0.6618107836658104}.
[I 2026-06-09 12:06:06,536] Trial 276 finished with values: [10.678729414635516, 10.678729414635516] and parameters: {'k1': 0.00234238498471129, 'D_low': 269.74113434525447, 'k2': 0.002148652800991412, 'D_high': 41821.78526757458, 'fire_exp': 1.4848387260494937, 'P_half': 64.52946500764233, 'pre_dampen_half': 673.2248920775328, 'gpp_af': 0.0012334147231672942, 'gpp_b': 0.0012749409641020352, 'gpp_d': 26.003623362924223, 'ign_k': 0.0018548376790967168, 'ign_c': 0.20319809838424974, 'trop_agb_crit': 1.5144860262751405, 'trop_k_veg': 0.6618107836658104}.
[I 2026-06-09 12:06:07,975] Trial 277 finished with values: [10.318568493957006, 10.318568493957006] and parameters: {'k1': 0.015161591075671724, 'D_low': 5.790964233881213, 'k2': 0.0005700142105246941, 'D_high': 39655.03094323017, 'fire_exp': 1.4848387260494937, 'P_half': 149.35213816355395, 'pre_dampen_half': 566.2858823465564, 'gpp_af': 1.8075983730158514, 'gpp_b': 0.00977702299083608, 'gpp_d': 1.2434469102435366, 'ign_k': 3.1536006085184716, 'ign_c': 1.8836925134820866, 'trop_agb_crit': 6.043719268200285, 'trop_k_veg': 4.51930447316402}.
[I 2026-06-09 12:06:09,558] Trial 278 finished with values: [10.446105931080954, 10.446105931080954] and parameters: {'k1': 0.05832560268546887, 'D_low': 35.02761367842313, 'k2': 9.017965781950582e-05, 'D_high': 27.662820108131335, 'fire_exp': 1.14171776851287, 'P_half': 1.4045842344024697, 'pre_dampen_half': 11.164047352793695, 'gpp_af': 0.32613327839065587, 'gpp_b': 3.686869490609954e-05, 'gpp_d': 26.003623362924223, 'ign_k': 0.0019264360371306567, 'ign_c': 1.887567630782227, 'trop_agb_crit': 1.6369193980425034, 'trop_k_veg': 1.942360571179168}.
[I 2026-06-09 12:06:10,859] Trial 279 finished with values: [10.69734707262127, 10.69734707262127] and parameters: {'k1': 9.969469187531805e-05, 'D_low': 2.2636544662054536, 'k2': 4.540076719227351e-05, 'D_high': 18125.870836716233, 'fire_exp': 1.0577932261029366, 'P_half': 17.655835392092534, 'pre_dampen_half': 673.2248920775328, 'gpp_af': 0.5107061330406066, 'gpp_b': 0.011916015682138733, 'gpp_d': 99.3234953243749, 'ign_k': 0.32478918389192313, 'ign_c': 0.20319809838424974, 'trop_agb_crit': 1.5144860262751405, 'trop_k_veg': 1.4512605839776356}.
[I 2026-06-09 12:06:12,121] Trial 280 finished with values: [10.680967052011345, 10.680967052011345] and parameters: {'k1': 0.05832560268546887, 'D_low': 35.02761367842313, 'k2': 0.0005700142105246941, 'D_high': 39655.03094323017, 'fire_exp': 1.7008648718913113, 'P_half': 1.4045842344024697, 'pre_dampen_half': 11.164047352793695, 'gpp_af': 0.017638479543546873, 'gpp_b': 0.0028426125329232715, 'gpp_d': 26.003623362924223, 'ign_k': 0.008226074946221037, 'ign_c': 1.0022396791143333, 'trop_agb_crit': 2.679156169946616, 'trop_k_veg': 4.51930447316402}.
[I 2026-06-09 12:06:13,409] Trial 281 finished with values: [12.410053661160923, 12.410053661160923] and parameters: {'k1': 0.014666151770108535, 'D_low': 95.93239010535945, 'k2': 5.082906582948382e-05, 'D_high': 39655.03094323017, 'fire_exp': 1.4179955885299673, 'P_half': 1.4045842344024697, 'pre_dampen_half': 340.6909167027263, 'gpp_af': 1.3218737536384089, 'gpp_b': 5.0279186721731925e-05, 'gpp_d': 8.942824595236095, 'ign_k': 0.3242143344038317, 'ign_c': 2.1858605829601814, 'trop_agb_crit': 1.6059119829430093, 'trop_k_veg': 4.8737397608275925}.
[I 2026-06-09 12:06:14,832] Trial 282 finished with values: [10.46099909460385, 10.46099909460385] and parameters: {'k1': 0.0030219760889797966, 'D_low': 95.93239010535945, 'k2': 1.3357240411974104e-05, 'D_high': 3512.7047262708465, 'fire_exp': 1.14171776851287, 'P_half': 1.4045842344024697, 'pre_dampen_half': 11.164047352793695, 'gpp_af': 27.448645214004376, 'gpp_b': 2.036444166653217e-05, 'gpp_d': 0.2473046721099913, 'ign_k': 1.1215915868662767, 'ign_c': 0.20319809838424974, 'trop_agb_crit': 2.679156169946616, 'trop_k_veg': 1.8981057964668895}.
[I 2026-06-09 12:06:16,310] Trial 283 finished with values: [14.701376612184646, 14.701376612184646] and parameters: {'k1': 0.05832560268546887, 'D_low': 1.533916259116362, 'k2': 0.06994589881535453, 'D_high': 39655.03094323017, 'fire_exp': 1.060109541566103, 'P_half': 64.52946500764233, 'pre_dampen_half': 340.6909167027263, 'gpp_af': 1.8075983730158514, 'gpp_b': 5.0279186721731925e-05, 'gpp_d': 26.003623362924223, 'ign_k': 0.3242143344038317, 'ign_c': 1.0022396791143333, 'trop_agb_crit': 6.475515989686909, 'trop_k_veg': 3.6260119779455584}.
[I 2026-06-09 12:06:17,736] Trial 284 finished with values: [10.345765804588845, 10.345765804588845] and parameters: {'k1': 0.0030219760889797966, 'D_low': 10.16551026641873, 'k2': 0.06994589881535453, 'D_high': 14268.845807630427, 'fire_exp': 1.9268171109476195, 'P_half': 45.55085098454082, 'pre_dampen_half': 11.164047352793695, 'gpp_af': 1.3218737536384089, 'gpp_b': 0.002262927522655115, 'gpp_d': 7.070472286699648, 'ign_k': 1.1215915868662767, 'ign_c': 0.9083381663660584, 'trop_agb_crit': 2.679156169946616, 'trop_k_veg': 1.1984430479717227}.
[I 2026-06-09 12:06:19,157] Trial 285 finished with values: [10.505065985271449, 10.505065985271449] and parameters: {'k1': 0.014666151770108535, 'D_low': 1.533916259116362, 'k2': 5.153993511603138e-05, 'D_high': 76.19822175388143, 'fire_exp': 1.4848387260494937, 'P_half': 64.52946500764233, 'pre_dampen_half': 673.2248920775328, 'gpp_af': 5.244830565633045, 'gpp_b': 0.0006724850206557243, 'gpp_d': 26.003623362924223, 'ign_k': 0.0037322156377670697, 'ign_c': 161.72900811143117, 'trop_agb_crit': 2.0420012944047587, 'trop_k_veg': 4.8737397608275925}.
[I 2026-06-09 12:06:20,587] Trial 286 finished with values: [10.129654203551159, 10.129654203551159] and parameters: {'k1': 0.0030219760889797966, 'D_low': 2.7012557725439073, 'k2': 0.037633129263701104, 'D_high': 3512.7047262708465, 'fire_exp': 1.060109541566103, 'P_half': 108.21382910613987, 'pre_dampen_half': 11.164047352793695, 'gpp_af': 0.32613327839065587, 'gpp_b': 2.036444166653217e-05, 'gpp_d': 0.2473046721099913, 'ign_k': 1.1215915868662767, 'ign_c': 0.9083381663660584, 'trop_agb_crit': 1.6369193980425034, 'trop_k_veg': 1.8981057964668895}.
[I 2026-06-09 12:06:22,061] Trial 287 finished with values: [10.839414380592265, 10.839414380592265] and parameters: {'k1': 2.259279742015695e-05, 'D_low': 18.522006003174383, 'k2': 1.5167330688076188e-05, 'D_high': 39655.03094323017, 'fire_exp': 1.4179955885299673, 'P_half': 17.655835392092534, 'pre_dampen_half': 7.084445284509009, 'gpp_af': 0.0030611349005284453, 'gpp_b': 0.0004125336560355494, 'gpp_d': 8.942824595236095, 'ign_k': 0.0012030530850061366, 'ign_c': 0.5568690083197024, 'trop_agb_crit': 1.5144860262751405, 'trop_k_veg': 4.8737397608275925}.
[I 2026-06-09 12:06:23,511] Trial 288 finished with values: [10.41418669972329, 10.41418669972329] and parameters: {'k1': 0.015161591075671724, 'D_low': 1313.2212275639863, 'k2': 0.0005700142105246941, 'D_high': 14268.845807630427, 'fire_exp': 1.060109541566103, 'P_half': 64.52946500764233, 'pre_dampen_half': 340.6909167027263, 'gpp_af': 0.007619648413221235, 'gpp_b': 5.0279186721731925e-05, 'gpp_d': 0.0735311909944862, 'ign_k': 7.660074273652684, 'ign_c': 21.132597710340573, 'trop_agb_crit': 24.819675619300654, 'trop_k_veg': 3.6260119779455584}.
[I 2026-06-09 12:06:24,848] Trial 289 finished with values: [11.376515087608873, 11.376515087608873] and parameters: {'k1': 0.009782222138048972, 'D_low': 1.533916259116362, 'k2': 0.002148652800991412, 'D_high': 39655.03094323017, 'fire_exp': 2.239366923397149, 'P_half': 1.7036120617148391, 'pre_dampen_half': 673.2248920775328, 'gpp_af': 0.0012334147231672942, 'gpp_b': 5.0279186721731925e-05, 'gpp_d': 500.2195003344709, 'ign_k': 0.3242143344038317, 'ign_c': 2.1858605829601814, 'trop_agb_crit': 1.6059119829430093, 'trop_k_veg': 4.51930447316402}.
[I 2026-06-09 12:06:26,295] Trial 290 finished with values: [10.568210583686936, 10.568210583686936] and parameters: {'k1': 0.015161591075671724, 'D_low': 7523.33707868091, 'k2': 0.0005700142105246941, 'D_high': 39655.03094323017, 'fire_exp': 1.060109541566103, 'P_half': 149.35213816355395, 'pre_dampen_half': 340.6909167027263, 'gpp_af': 1.8075983730158514, 'gpp_b': 5.0279186721731925e-05, 'gpp_d': 0.0735311909944862, 'ign_k': 0.3242143344038317, 'ign_c': 1.0022396791143333, 'trop_agb_crit': 6.475515989686909, 'trop_k_veg': 3.6260119779455584}.
[I 2026-06-09 12:06:27,736] Trial 291 finished with values: [10.628241809496197, 10.628241809496197] and parameters: {'k1': 0.015161591075671724, 'D_low': 10.16551026641873, 'k2': 0.0005700142105246941, 'D_high': 27.662820108131335, 'fire_exp': 1.060109541566103, 'P_half': 1.4045842344024697, 'pre_dampen_half': 11.164047352793695, 'gpp_af': 0.32613327839065587, 'gpp_b': 0.0028426125329232715, 'gpp_d': 0.2473046721099913, 'ign_k': 4.295992790539128, 'ign_c': 1.0022396791143333, 'trop_agb_crit': 1.6369193980425034, 'trop_k_veg': 3.6260119779455584}.
[I 2026-06-09 12:06:29,245] Trial 292 finished with values: [10.763340539957344, 10.763340539957344] and parameters: {'k1': 0.05832560268546887, 'D_low': 2.2636544662054536, 'k2': 0.0005700142105246941, 'D_high': 39655.03094323017, 'fire_exp': 2.4204227225778934, 'P_half': 45.55085098454082, 'pre_dampen_half': 345.01054536130147, 'gpp_af': 1.3218737536384089, 'gpp_b': 0.002262927522655115, 'gpp_d': 0.0735311909944862, 'ign_k': 0.0019264360371306567, 'ign_c': 0.20319809838424974, 'trop_agb_crit': 2.679156169946616, 'trop_k_veg': 1.4464877575789599}.
[I 2026-06-09 12:06:30,970] Trial 293 finished with values: [11.136269630155526, 11.136269630155526] and parameters: {'k1': 0.00024287565087611777, 'D_low': 13.180029267201178, 'k2': 0.037633129263701104, 'D_high': 14268.845807630427, 'fire_exp': 1.1615865989246452, 'P_half': 17.655835392092534, 'pre_dampen_half': 673.2248920775328, 'gpp_af': 0.007619648413221235, 'gpp_b': 0.0006724850206557243, 'gpp_d': 0.0735311909944862, 'ign_k': 0.5456725485601477, 'ign_c': 5.762487216478598, 'trop_agb_crit': 24.819675619300654, 'trop_k_veg': 1.8981057964668895}.
[I 2026-06-09 12:06:32,485] Trial 294 finished with values: [10.513167209985484, 10.513167209985484] and parameters: {'k1': 0.07076022085822008, 'D_low': 10.16551026641873, 'k2': 9.017965781950582e-05, 'D_high': 27.662820108131335, 'fire_exp': 1.9268171109476195, 'P_half': 108.21382910613987, 'pre_dampen_half': 345.01054536130147, 'gpp_af': 0.32613327839065587, 'gpp_b': 2.036444166653217e-05, 'gpp_d': 0.2473046721099913, 'ign_k': 4.295992790539128, 'ign_c': 0.20319809838424974, 'trop_agb_crit': 1.6369193980425034, 'trop_k_veg': 0.6618107836658104}.
[I 2026-06-09 12:06:33,960] Trial 295 finished with values: [10.271765791120211, 10.271765791120211] and parameters: {'k1': 0.07076022085822008, 'D_low': 10.16551026641873, 'k2': 0.06994589881535453, 'D_high': 39655.03094323017, 'fire_exp': 2.4204227225778934, 'P_half': 149.35213816355395, 'pre_dampen_half': 11.164047352793695, 'gpp_af': 1.3218737536384089, 'gpp_b': 3.686869490609954e-05, 'gpp_d': 26.003623362924223, 'ign_k': 3.4288109438625263, 'ign_c': 0.9083381663660584, 'trop_agb_crit': 1.6059119829430093, 'trop_k_veg': 4.51930447316402}.
[I 2026-06-09 12:06:35,500] Trial 296 finished with values: [10.892855004687613, 10.892855004687613] and parameters: {'k1': 0.0030219760889797966, 'D_low': 10.16551026641873, 'k2': 1.3357240411974104e-05, 'D_high': 14268.845807630427, 'fire_exp': 1.9268171109476195, 'P_half': 17.655835392092534, 'pre_dampen_half': 345.01054536130147, 'gpp_af': 4.874291611803563, 'gpp_b': 3.6856466749150094, 'gpp_d': 0.030786517836196188, 'ign_k': 0.5456725485601477, 'ign_c': 0.20319809838424974, 'trop_agb_crit': 29.484888603751156, 'trop_k_veg': 4.8737397608275925}.
[I 2026-06-09 12:06:37,196] Trial 297 finished with values: [10.71158746387825, 10.71158746387825] and parameters: {'k1': 5.105542986365652e-05, 'D_low': 125.32726386250698, 'k2': 0.0002621130418912425, 'D_high': 49.61134450191398, 'fire_exp': 1.608176525358426, 'P_half': 28.647019533509873, 'pre_dampen_half': 673.2248920775328, 'gpp_af': 21.258647437649888, 'gpp_b': 0.7987896438549947, 'gpp_d': 500.2195003344709, 'ign_k': 0.5456725485601477, 'ign_c': 18.43395662181926, 'trop_agb_crit': 1.5144860262751405, 'trop_k_veg': 4.51930447316402}.
[I 2026-06-09 12:06:38,781] Trial 298 finished with values: [10.40846524496217, 10.40846524496217] and parameters: {'k1': 0.00234238498471129, 'D_low': 136.0956887810302, 'k2': 1.5412172709801895e-05, 'D_high': 39655.03094323017, 'fire_exp': 2.4902446681314054, 'P_half': 1.4045842344024697, 'pre_dampen_half': 673.2248920775328, 'gpp_af': 0.13767835510755025, 'gpp_b': 0.0028993292583566945, 'gpp_d': 1.6983565276584263, 'ign_k': 0.5456725485601477, 'ign_c': 1.887567630782227, 'trop_agb_crit': 1.6369193980425034, 'trop_k_veg': 4.092419115329325}.
[I 2026-06-09 12:06:40,401] Trial 299 finished with values: [10.69375227065575, 10.69375227065575] and parameters: {'k1': 0.05832560268546887, 'D_low': 35.02761367842313, 'k2': 0.0009749762207436118, 'D_high': 6082.504966515498, 'fire_exp': 1.4848387260494937, 'P_half': 2.194774268919734, 'pre_dampen_half': 673.2248920775328, 'gpp_af': 11.20397753296041, 'gpp_b': 8.382536208349828e-05, 'gpp_d': 26.003623362924223, 'ign_k': 0.0019264360371306567, 'ign_c': 1.887567630782227, 'trop_agb_crit': 6.043719268200285, 'trop_k_veg': 4.51930447316402}.
[I 2026-06-09 12:06:42,131] Trial 300 finished with values: [10.660183088876769, 10.660183088876769] and parameters: {'k1': 0.014666151770108535, 'D_low': 1833.7177967709977, 'k2': 2.316457903103837e-05, 'D_high': 20.59802236544963, 'fire_exp': 1.060109541566103, 'P_half': 7.902459656172903, 'pre_dampen_half': 345.01054536130147, 'gpp_af': 27.448645214004376, 'gpp_b': 0.0028426125329232715, 'gpp_d': 0.2473046721099913, 'ign_k': 0.008226074946221037, 'ign_c': 1.0022396791143333, 'trop_agb_crit': 1.6369193980425034, 'trop_k_veg': 0.9299792677138466}.
[I 2026-06-09 12:06:43,878] Trial 301 finished with values: [10.00693758761175, 10.00693758761175] and parameters: {'k1': 6.404854675916172e-05, 'D_low': 12.115155843077673, 'k2': 4.540076719227351e-05, 'D_high': 18125.870836716233, 'fire_exp': 1.608176525358426, 'P_half': 108.21382910613987, 'pre_dampen_half': 269.0845367054866, 'gpp_af': 1.3218737536384089, 'gpp_b': 0.002262927522655115, 'gpp_d': 99.3234953243749, 'ign_k': 0.32478918389192313, 'ign_c': 0.21234210963705627, 'trop_agb_crit': 19.51558406059598, 'trop_k_veg': 4.51930447316402}.
[I 2026-06-09 12:06:45,667] Trial 302 finished with values: [10.537259568316292, 10.537259568316292] and parameters: {'k1': 9.969469187531805e-05, 'D_low': 90.71933427331369, 'k2': 1.5412172709801895e-05, 'D_high': 76.7074891445377, 'fire_exp': 1.1615865989246452, 'P_half': 17.655835392092534, 'pre_dampen_half': 673.2248920775328, 'gpp_af': 5.244830565633045, 'gpp_b': 0.0006724850206557243, 'gpp_d': 0.0735311909944862, 'ign_k': 0.5456725485601477, 'ign_c': 5.762487216478598, 'trop_agb_crit': 1.5144860262751405, 'trop_k_veg': 3.6260119779455584}.
[I 2026-06-09 12:06:47,138] Trial 303 finished with values: [10.800558024329208, 10.800558024329208] and parameters: {'k1': 0.05832560268546887, 'D_low': 2.7012557725439073, 'k2': 0.0005700142105246941, 'D_high': 69868.4759244566, 'fire_exp': 1.4848387260494937, 'P_half': 64.52946500764233, 'pre_dampen_half': 673.2248920775328, 'gpp_af': 0.0018077112775902943, 'gpp_b': 0.00977702299083608, 'gpp_d': 26.003623362924223, 'ign_k': 0.004224235973517089, 'ign_c': 5.762487216478598, 'trop_agb_crit': 2.0420012944047587, 'trop_k_veg': 5.06204715641377}.
[I 2026-06-09 12:06:48,629] Trial 304 finished with values: [10.207679840668249, 10.207679840668249] and parameters: {'k1': 0.015161591075671724, 'D_low': 12.115155843077673, 'k2': 0.0005700142105246941, 'D_high': 3512.7047262708465, 'fire_exp': 1.060109541566103, 'P_half': 140.571633510225, 'pre_dampen_half': 340.6909167027263, 'gpp_af': 0.9219336658511308, 'gpp_b': 5.0279186721731925e-05, 'gpp_d': 0.0735311909944862, 'ign_k': 0.004224235973517089, 'ign_c': 1.0022396791143333, 'trop_agb_crit': 6.475515989686909, 'trop_k_veg': 5.06204715641377}.
[I 2026-06-09 12:06:50,195] Trial 305 finished with values: [10.211093021766107, 10.211093021766107] and parameters: {'k1': 1.263794633808287e-05, 'D_low': 90.71933427331369, 'k2': 1.5412172709801895e-05, 'D_high': 159.77662354833882, 'fire_exp': 1.14171776851287, 'P_half': 17.655835392092534, 'pre_dampen_half': 345.01054536130147, 'gpp_af': 0.7951170003631387, 'gpp_b': 0.0006724850206557243, 'gpp_d': 867.6409475740121, 'ign_k': 0.5456725485601477, 'ign_c': 0.20319809838424974, 'trop_agb_crit': 2.679156169946616, 'trop_k_veg': 4.8737397608275925}.
[I 2026-06-09 12:06:52,719] Trial 306 finished with values: [10.05783407402025, 10.05783407402025] and parameters: {'k1': 0.00234238498471129, 'D_low': 1.533916259116362, 'k2': 0.002148652800991412, 'D_high': 48.094619675015736, 'fire_exp': 1.14171776851287, 'P_half': 1.8942844905792813, 'pre_dampen_half': 673.2248920775328, 'gpp_af': 0.0012334147231672942, 'gpp_b': 5.0279186721731925e-05, 'gpp_d': 0.0735311909944862, 'ign_k': 0.5456725485601477, 'ign_c': 0.20319809838424974, 'trop_agb_crit': 1.5144860262751405, 'trop_k_veg': 0.6618107836658104}.
[I 2026-06-09 12:06:54,443] Trial 307 finished with values: [10.701553112856077, 10.701553112856077] and parameters: {'k1': 0.014666151770108535, 'D_low': 12.115155843077673, 'k2': 0.0005700142105246941, 'D_high': 949.9072859745386, 'fire_exp': 1.2344878997299724, 'P_half': 1.4045842344024697, 'pre_dampen_half': 11.164047352793695, 'gpp_af': 1.8075983730158514, 'gpp_b': 0.0012749409641020352, 'gpp_d': 0.2473046721099913, 'ign_k': 0.3242143344038317, 'ign_c': 0.9083381663660584, 'trop_agb_crit': 1.0794185889648462, 'trop_k_veg': 0.6618107836658104}.
[I 2026-06-09 12:06:55,978] Trial 308 finished with values: [10.600160712653842, 10.600160712653842] and parameters: {'k1': 0.05832560268546887, 'D_low': 5.790964233881213, 'k2': 0.06994589881535453, 'D_high': 1647.069822172432, 'fire_exp': 2.4204227225778934, 'P_half': 2.194774268919734, 'pre_dampen_half': 673.2248920775328, 'gpp_af': 11.20397753296041, 'gpp_b': 3.686869490609954e-05, 'gpp_d': 1.5988721385117124, 'ign_k': 0.0019264360371306567, 'ign_c': 4.341568011961653, 'trop_agb_crit': 1.6059119829430093, 'trop_k_veg': 4.51930447316402}.
[I 2026-06-09 12:06:57,391] Trial 309 finished with values: [10.978862467280663, 10.978862467280663] and parameters: {'k1': 0.05832560268546887, 'D_low': 1.533916259116362, 'k2': 0.06994589881535453, 'D_high': 69868.4759244566, 'fire_exp': 1.4848387260494937, 'P_half': 64.52946500764233, 'pre_dampen_half': 673.2248920775328, 'gpp_af': 96.4653310890222, 'gpp_b': 0.00977702299083608, 'gpp_d': 26.003623362924223, 'ign_k': 3.2347703263193, 'ign_c': 5.762487216478598, 'trop_agb_crit': 2.467876759496314, 'trop_k_veg': 4.51930447316402}.
[I 2026-06-09 12:06:59,075] Trial 310 finished with values: [10.892857142659844, 10.892857142659844] and parameters: {'k1': 2.259279742015695e-05, 'D_low': 1.104970302415413, 'k2': 0.0005700142105246941, 'D_high': 39655.03094323017, 'fire_exp': 1.060109541566103, 'P_half': 17.655835392092534, 'pre_dampen_half': 340.6909167027263, 'gpp_af': 1.8075983730158514, 'gpp_b': 5.0279186721731925e-05, 'gpp_d': 8.942824595236095, 'ign_k': 0.3242143344038317, 'ign_c': 161.72900811143117, 'trop_agb_crit': 6.475515989686909, 'trop_k_veg': 4.8737397608275925}.
[I 2026-06-09 12:07:00,868] Trial 311 finished with values: [10.30437114807094, 10.30437114807094] and parameters: {'k1': 0.009782222138048972, 'D_low': 27.79045054796807, 'k2': 4.540076719227351e-05, 'D_high': 18125.870836716233, 'fire_exp': 1.608176525358426, 'P_half': 149.35213816355395, 'pre_dampen_half': 340.6909167027263, 'gpp_af': 1.3218737536384089, 'gpp_b': 0.002262927522655115, 'gpp_d': 99.3234953243749, 'ign_k': 0.3242143344038317, 'ign_c': 0.21234210963705627, 'trop_agb_crit': 1.6059119829430093, 'trop_k_veg': 4.51930447316402}.
