[I 2026-06-11 13:21:52,048] Trial 129 finished with values: [10.38288860132325, 10.38288860132325] and parameters: {'k1': 5.7909642338812115e-05, 'D_low': 171.2446447678494, 'k2': 0.00037358626308127543, 'D_high': 36998.679204890876, 'fire_exp': 1.305777134899723, 'P_half': 93.43302657318476, 'pre_dampen_half': 1.8469033699850426, 'gpp_af': 0.2204465010099918, 'gpp_b': 2.176805640408474e-05, 'gpp_d': 0.3588488911386258, 'ign_k': 0.0029519227433917453, 'ign_c': 39.52220881906114, 'trop_agb_crit': 8.74479618932312, 'trop_k_veg': 2.520089655463604, 'fire_amp': 2.330529660087218}.
[I 2026-06-11 13:21:53,147] Trial 130 finished with values: [10.765368433214835, 10.765368433214835] and parameters: {'k1': 6.784924519083143e-05, 'D_low': 1.2768174677433957, 'k2': 0.0499774937030317, 'D_high': 27.55546207779663, 'fire_exp': 1.6901885781909627, 'P_half': 93.43302657318476, 'pre_dampen_half': 123.04779330083686, 'gpp_af': 0.2204465010099918, 'gpp_b': 0.015062722325200045, 'gpp_d': 20.81401325574021, 'ign_k': 0.22970993031159073, 'ign_c': 39.52220881906114, 'trop_agb_crit': 8.354945434478699, 'trop_k_veg': 2.520089655463604, 'fire_amp': 5.416595007374148}.
[I 2026-06-11 13:21:54,145] Trial 131 finished with values: [10.73726000749269, 10.73726000749269] and parameters: {'k1': 0.012840669372724958, 'D_low': 171.2446447678494, 'k2': 8.968733598183248e-05, 'D_high': 42210.21267871043, 'fire_exp': 1.3201882743050743, 'P_half': 774.5825831079144, 'pre_dampen_half': 0.10756440816904224, 'gpp_af': 14.161176080022173, 'gpp_b': 0.0004125336560355494, 'gpp_d': 0.7698760608299932, 'ign_k': 0.0029519227433917453, 'ign_c': 1.4879588507789996, 'trop_agb_crit': 8.462233625364036, 'trop_k_veg': 0.5183533149347164, 'fire_amp': 1.1655705619308396}.
[I 2026-06-11 13:21:55,125] Trial 132 finished with values: [10.762372452916896, 10.762372452916896] and parameters: {'k1': 0.016973078532467004, 'D_low': 2.843767489444367, 'k2': 0.003767022142229395, 'D_high': 22.636544662054543, 'fire_exp': 1.6901885781909627, 'P_half': 69.68111190775313, 'pre_dampen_half': 33.71909132517384, 'gpp_af': 0.0662749342026412, 'gpp_b': 0.015062722325200045, 'gpp_d': 28.312234265202243, 'ign_k': 0.00840038491455979, 'ign_c': 388.02797007866826, 'trop_agb_crit': 24.199763404822136, 'trop_k_veg': 1.2749676887479542, 'fire_amp': 4.783836175730692}.
[I 2026-06-11 13:21:56,046] Trial 133 finished with values: [10.765218566325078, 10.765218566325078] and parameters: {'k1': 0.0018697387216131526, 'D_low': 2388.8979300769865, 'k2': 0.045914852167405346, 'D_high': 16780.50857913099, 'fire_exp': 1.41873960828944, 'P_half': 3.591771421517613, 'pre_dampen_half': 16.009350908593582, 'gpp_af': 0.008117091133892173, 'gpp_b': 0.00807491410172472, 'gpp_d': 12.338826503601998, 'ign_k': 0.07867677706257832, 'ign_c': 7.081721844034206, 'trop_agb_crit': 12.708819454040446, 'trop_k_veg': 0.5535297685306277, 'fire_amp': 1.5719333351012774}.
[I 2026-06-11 13:21:56,967] Trial 134 finished with values: [10.404548594228473, 10.404548594228473] and parameters: {'k1': 0.006079905434073396, 'D_low': 1.4002277211577039, 'k2': 0.0007731571570012607, 'D_high': 42.242359735170886, 'fire_exp': 1.1633452995374232, 'P_half': 157.3644610977214, 'pre_dampen_half': 1.8469033699850426, 'gpp_af': 0.41874665092828456, 'gpp_b': 0.00047819318414852577, 'gpp_d': 594.7389794988394, 'ign_k': 0.8945150807271531, 'ign_c': 16.497426799845446, 'trop_agb_crit': 1.8566494291193822, 'trop_k_veg': 1.6003641872536711, 'fire_amp': 1.5587346124822492}.
[I 2026-06-11 13:21:57,949] Trial 135 finished with values: [10.686200493350984, 10.686200493350984] and parameters: {'k1': 5.7909642338812115e-05, 'D_low': 1.4002277211577039, 'k2': 0.0001016707987819611, 'D_high': 1817.0401889219124, 'fire_exp': 1.5191397119156032, 'P_half': 1265.0580856641704, 'pre_dampen_half': 8.259599205585761, 'gpp_af': 0.10098504976210308, 'gpp_b': 0.004411400434514031, 'gpp_d': 0.39400557434451433, 'ign_k': 0.17320535908244444, 'ign_c': 22.126836566118193, 'trop_agb_crit': 1.8566494291193822, 'trop_k_veg': 5.453348988480011, 'fire_amp': 5.44779717154213}.
[I 2026-06-11 13:21:58,890] Trial 136 finished with values: [10.73788026454956, 10.73788026454956] and parameters: {'k1': 0.032270237615157994, 'D_low': 37.13474360443033, 'k2': 0.018467059900514494, 'D_high': 42210.21267871043, 'fire_exp': 1.2918065501148304, 'P_half': 2068.53034640896, 'pre_dampen_half': 0.015312220469853682, 'gpp_af': 5.470750401264765, 'gpp_b': 2.176805640408474e-05, 'gpp_d': 0.03927259340973166, 'ign_k': 3.965503094323014, 'ign_c': 3.4321391362415827, 'trop_agb_crit': 12.647327018493208, 'trop_k_veg': 6.172643383211297, 'fire_amp': 3.0602124456299986}.
[I 2026-06-11 13:21:59,804] Trial 137 finished with values: [10.712117121404308, 10.712117121404308] and parameters: {'k1': 2.9348922594808965e-05, 'D_low': 24.28756508761176, 'k2': 0.003242143344038315, 'D_high': 8912.611835817017, 'fire_exp': 1.5315561686017187, 'P_half': 1500.032805376629, 'pre_dampen_half': 12.59980371769727, 'gpp_af': 0.005061568304359487, 'gpp_b': 0.004411400434514031, 'gpp_d': 1.0088237648985734, 'ign_k': 0.17320535908244444, 'ign_c': 14.709699119495124, 'trop_agb_crit': 3.430044314610246, 'trop_k_veg': 5.453348988480011, 'fire_amp': 1.06192368173466}.
[I 2026-06-11 13:22:00,741] Trial 138 finished with values: [10.292471148149541, 10.292471148149541] and parameters: {'k1': 0.016973078532467004, 'D_low': 12.105387404469584, 'k2': 0.003767022142229395, 'D_high': 2427.054417940131, 'fire_exp': 1.0601964743503993, 'P_half': 8.318314747941244, 'pre_dampen_half': 0.011396414164620812, 'gpp_af': 1.9706963379095486, 'gpp_b': 1.1008110571039521e-05, 'gpp_d': 46.010874324515754, 'ign_k': 0.00840038491455979, 'ign_c': 48.704711413416454, 'trop_agb_crit': 1.5033346993841157, 'trop_k_veg': 0.6673124511410327, 'fire_amp': 4.19233232783727}.
[I 2026-06-11 13:22:01,643] Trial 139 finished with values: [10.695252995754617, 10.695252995754617] and parameters: {'k1': 5.7909642338812115e-05, 'D_low': 148.21691630007544, 'k2': 1.5178052094448868e-05, 'D_high': 30.357607606785333, 'fire_exp': 1.5191397119156032, 'P_half': 102.93072560417136, 'pre_dampen_half': 191.62369310763663, 'gpp_af': 1.9654778690222015, 'gpp_b': 9.497440085397415e-05, 'gpp_d': 0.02253428262837267, 'ign_k': 0.371259104528773, 'ign_c': 22.126836566118193, 'trop_agb_crit': 7.332660227137139, 'trop_k_veg': 6.778288138489648, 'fire_amp': 1.147839669817869}.
[I 2026-06-11 13:22:02,562] Trial 140 finished with values: [10.765441294305248, 10.765441294305248] and parameters: {'k1': 5.7909642338812115e-05, 'D_low': 1216.4139351417061, 'k2': 1.97778285124627e-05, 'D_high': 271.55819552829405, 'fire_exp': 1.9553708662745248, 'P_half': 2834.090429514774, 'pre_dampen_half': 1.8469033699850426, 'gpp_af': 0.028888383623653185, 'gpp_b': 0.0015782327810795573, 'gpp_d': 1.9069966103000422, 'ign_k': 0.01998634077852888, 'ign_c': 0.4177928311636542, 'trop_agb_crit': 8.74479618932312, 'trop_k_veg': 5.85168037586392, 'fire_amp': 2.330529660087218}.
[I 2026-06-11 13:22:03,593] Trial 141 finished with values: [10.377223410955903, 10.377223410955903] and parameters: {'k1': 0.03648456083047798, 'D_low': 12.172958098369968, 'k2': 0.019383858782150494, 'D_high': 267.3088310781672, 'fire_exp': 1.0812994412809738, 'P_half': 2.226799690893868, 'pre_dampen_half': 0.050654860639753524, 'gpp_af': 3.030008727251782, 'gpp_b': 2.800940363375676e-05, 'gpp_d': 859.8737339212263, 'ign_k': 0.8945150807271531, 'ign_c': 16.497426799845446, 'trop_agb_crit': 12.9667438075127, 'trop_k_veg': 1.6003641872536711, 'fire_amp': 2.7806853670293616}.
[I 2026-06-11 13:22:04,527] Trial 142 finished with values: [10.581222898225898, 10.581222898225898] and parameters: {'k1': 5.7909642338812115e-05, 'D_low': 408.3047491580097, 'k2': 0.0002442377596403892, 'D_high': 8912.611835817017, 'fire_exp': 1.5315561686017187, 'P_half': 774.5825831079144, 'pre_dampen_half': 1.8469033699850426, 'gpp_af': 0.005061568304359487, 'gpp_b': 0.002416023630607169, 'gpp_d': 1.0088237648985734, 'ign_k': 0.17320535908244444, 'ign_c': 2.2882309479728957, 'trop_agb_crit': 18.081400596781233, 'trop_k_veg': 5.453348988480011, 'fire_amp': 3.1045399027418377}.
[I 2026-06-11 13:22:05,461] Trial 143 finished with values: [10.757167796579296, 10.757167796579296] and parameters: {'k1': 5.7909642338812115e-05, 'D_low': 1216.4139351417061, 'k2': 8.968733598183248e-05, 'D_high': 271.55819552829405, 'fire_exp': 1.305777134899723, 'P_half': 774.5825831079144, 'pre_dampen_half': 1.8469033699850426, 'gpp_af': 68.11991466118579, 'gpp_b': 2.4063018320720924e-05, 'gpp_d': 0.3588488911386258, 'ign_k': 0.01998634077852888, 'ign_c': 3.470490935437501, 'trop_agb_crit': 18.081400596781233, 'trop_k_veg': 5.85168037586392, 'fire_amp': 2.330529660087218}.
[I 2026-06-11 13:22:06,396] Trial 144 finished with values: [10.548856623621752, 10.548856623621752] and parameters: {'k1': 0.00023134781612225627, 'D_low': 148.21691630007544, 'k2': 0.0001280886335404798, 'D_high': 32311.521854410956, 'fire_exp': 1.5191397119156032, 'P_half': 5.4712187293420325, 'pre_dampen_half': 42.05657072871069, 'gpp_af': 0.10098504976210308, 'gpp_b': 0.004411400434514031, 'gpp_d': 0.1619054449471649, 'ign_k': 0.002357279455676982, 'ign_c': 22.126836566118193, 'trop_agb_crit': 1.2489332852689512, 'trop_k_veg': 0.5535297685306277, 'fire_amp': 1.5719333351012774}.
[I 2026-06-11 13:22:07,301] Trial 145 finished with values: [10.76203836196692, 10.76203836196692] and parameters: {'k1': 5.7909642338812115e-05, 'D_low': 50.32059347286801, 'k2': 0.00018245734513362482, 'D_high': 93.24787201197321, 'fire_exp': 1.5191397119156032, 'P_half': 4303.306161410612, 'pre_dampen_half': 8.259599205585761, 'gpp_af': 0.10098504976210308, 'gpp_b': 0.0172563028569556, 'gpp_d': 89.87022400646487, 'ign_k': 0.004105873950290761, 'ign_c': 22.126836566118193, 'trop_agb_crit': 3.1419938725278875, 'trop_k_veg': 2.724170387400844, 'fire_amp': 1.1202509284327942}.
[I 2026-06-11 13:22:08,234] Trial 146 finished with values: [10.76918185355117, 10.76918185355117] and parameters: {'k1': 0.012840669372724958, 'D_low': 450.9719064153485, 'k2': 0.0011135501184757278, 'D_high': 42210.21267871043, 'fire_exp': 1.2918065501148304, 'P_half': 61.6097529474144, 'pre_dampen_half': 0.3924302839842014, 'gpp_af': 0.016306190741524337, 'gpp_b': 2.3386439256208704, 'gpp_d': 9.482548804624958, 'ign_k': 0.0018548376790967168, 'ign_c': 99.96359851911319, 'trop_agb_crit': 1.9475582306295418, 'trop_k_veg': 2.520089655463604, 'fire_amp': 5.696789701683185}.
[I 2026-06-11 13:22:09,169] Trial 147 finished with values: [10.723861272847696, 10.723861272847696] and parameters: {'k1': 0.014666151770108535, 'D_low': 2267.735223551285, 'k2': 3.152468275632564e-05, 'D_high': 949.9072859745386, 'fire_exp': 1.14171776851287, 'P_half': 157.80309954142965, 'pre_dampen_half': 9.044346216330972, 'gpp_af': 27.448645214004376, 'gpp_b': 2.1309331861011757e-05, 'gpp_d': 0.03848886303127135, 'ign_k': 0.0037322156377670697, 'ign_c': 111.18405953132105, 'trop_agb_crit': 8.188098178380693, 'trop_k_veg': 0.6618107836658104, 'fire_amp': 2.6192385880432525}.
[I 2026-06-11 13:22:10,078] Trial 148 finished with values: [10.365380993645884, 10.365380993645884] and parameters: {'k1': 5.7909642338812115e-05, 'D_low': 2267.735223551285, 'k2': 0.0007731571570012607, 'D_high': 48235.58283024493, 'fire_exp': 1.1633452995374232, 'P_half': 318.834644588275, 'pre_dampen_half': 9.044346216330972, 'gpp_af': 0.41874665092828456, 'gpp_b': 2.1309331861011757e-05, 'gpp_d': 1.0088237648985734, 'ign_k': 0.17320535908244444, 'ign_c': 0.4177928311636542, 'trop_agb_crit': 3.108985631683375, 'trop_k_veg': 5.453348988480011, 'fire_amp': 2.6192385880432525}.
[I 2026-06-11 13:22:11,024] Trial 149 finished with values: [12.446900747492336, 12.446900747492336] and parameters: {'k1': 0.0001887567630782227, 'D_low': 37.13474360443033, 'k2': 0.018467059900514494, 'D_high': 18108.14362107968, 'fire_exp': 1.9136159174067866, 'P_half': 70.91190338709636, 'pre_dampen_half': 269.0845367054866, 'gpp_af': 5.470750401264765, 'gpp_b': 0.049565458633074926, 'gpp_d': 47.35384181058586, 'ign_k': 3.965503094323014, 'ign_c': 1.3431925993528124, 'trop_agb_crit': 6.351751286408562, 'trop_k_veg': 4.0068236274914755, 'fire_amp': 3.0602124456299986}.
[I 2026-06-11 13:22:11,928] Trial 150 finished with values: [-0.5977912935399746, 0.10134569504408963] and parameters: {'k1': 0.012840669372724958, 'D_low': 171.2446447678494, 'k2': 0.02065142557895925, 'D_high': 42210.21267871043, 'fire_exp': 1.0812994412809738, 'P_half': 61.6097529474144, 'pre_dampen_half': 4.603480758878793, 'gpp_af': 0.016306190741524337, 'gpp_b': 2.800940363375676e-05, 'gpp_d': 0.7698760608299932, 'ign_k': 0.0029519227433917453, 'ign_c': 1.9423015749984096, 'trop_agb_crit': 8.0091368834625, 'trop_k_veg': 2.520089655463604, 'fire_amp': 1.5180207449214471}.
[I 2026-06-11 13:22:12,846] Trial 151 finished with values: [10.659324818286647, 10.659324818286647] and parameters: {'k1': 0.00026539376439360527, 'D_low': 2186.356344942016, 'k2': 0.08661811390647982, 'D_high': 24.9899605789089, 'fire_exp': 1.111738490499784, 'P_half': 9.580682294110435, 'pre_dampen_half': 189.36639872354493, 'gpp_af': 37.28155624293858, 'gpp_b': 1.4008921101492135e-05, 'gpp_d': 7.631016235941559, 'ign_k': 0.09256855841989636, 'ign_c': 7.832259769732471, 'trop_agb_crit': 21.086120736447015, 'trop_k_veg': 0.5183533149347164, 'fire_amp': 1.4475279918261055}.
[I 2026-06-11 13:22:13,783] Trial 152 finished with values: [10.306161082141893, 10.306161082141893] and parameters: {'k1': 0.00031134168041628584, 'D_low': 12.105387404469584, 'k2': 0.003767022142229395, 'D_high': 30227.031291375773, 'fire_exp': 1.41873960828944, 'P_half': 4.213183643253957, 'pre_dampen_half': 16.009350908593582, 'gpp_af': 1.9706963379095486, 'gpp_b': 1.3415796596713932e-05, 'gpp_d': 0.12878367369717508, 'ign_k': 0.00840038491455979, 'ign_c': 7.081721844034206, 'trop_agb_crit': 1.0693376406863295, 'trop_k_veg': 0.6673124511410327, 'fire_amp': 1.5719333351012774}.
[I 2026-06-11 13:22:14,703] Trial 153 finished with values: [10.210182871653176, 10.210182871653176] and parameters: {'k1': 0.014666151770108535, 'D_low': 1440.3650379563878, 'k2': 0.0004976087827261435, 'D_high': 42210.21267871043, 'fire_exp': 1.14171776851287, 'P_half': 157.80309954142965, 'pre_dampen_half': 1.6130673726933187, 'gpp_af': 27.448645214004376, 'gpp_b': 2.176805640408474e-05, 'gpp_d': 236.32429088389833, 'ign_k': 0.0029519227433917453, 'ign_c': 13.054148118849394, 'trop_agb_crit': 12.647327018493208, 'trop_k_veg': 2.520089655463604, 'fire_amp': 5.606809127618709}.
[I 2026-06-11 13:22:15,626] Trial 154 finished with values: [10.755483228001237, 10.755483228001237] and parameters: {'k1': 0.05705198955850472, 'D_low': 1739.6167422846984, 'k2': 0.01567230746060024, 'D_high': 44974.07193749848, 'fire_exp': 3.2459542834651627, 'P_half': 101.40635645866499, 'pre_dampen_half': 98.05638874011484, 'gpp_af': 1.7775411110039254, 'gpp_b': 0.16285506249643175, 'gpp_d': 95.2715755007094, 'ign_k': 3.6309591863459096, 'ign_c': 2.2489542843914485, 'trop_agb_crit': 3.5874145253515306, 'trop_k_veg': 0.6488368931910606, 'fire_amp': 2.818314238665462}.
[I 2026-06-11 13:22:16,508] Trial 155 finished with values: [10.600319392090269, 10.600319392090269] and parameters: {'k1': 0.012840669372724958, 'D_low': 171.2446447678494, 'k2': 0.00037358626308127543, 'D_high': 36998.679204890876, 'fire_exp': 1.305777134899723, 'P_half': 2834.090429514774, 'pre_dampen_half': 1.8469033699850426, 'gpp_af': 0.04513257622008944, 'gpp_b': 2.176805640408474e-05, 'gpp_d': 0.3588488911386258, 'ign_k': 0.01998634077852888, 'ign_c': 0.4177928311636542, 'trop_agb_crit': 12.647327018493208, 'trop_k_veg': 5.85168037586392, 'fire_amp': 2.330529660087218}.
[I 2026-06-11 13:22:17,443] Trial 156 finished with values: [10.717131429057837, 10.717131429057837] and parameters: {'k1': 0.0029067012153229104, 'D_low': 347.03605955441515, 'k2': 1.5178052094448868e-05, 'D_high': 315.101491238403, 'fire_exp': 1.305777134899723, 'P_half': 2834.090429514774, 'pre_dampen_half': 1.8469033699850426, 'gpp_af': 0.04513257622008944, 'gpp_b': 9.497440085397415e-05, 'gpp_d': 0.3588488911386258, 'ign_k': 0.01998634077852888, 'ign_c': 0.4177928311636542, 'trop_agb_crit': 8.74479618932312, 'trop_k_veg': 5.85168037586392, 'fire_amp': 2.804180410489304}.
[I 2026-06-11 13:22:18,376] Trial 157 finished with values: [10.752748517541455, 10.752748517541455] and parameters: {'k1': 0.00023134781612225627, 'D_low': 2.843767489444367, 'k2': 0.0499774937030317, 'D_high': 949.9072859745386, 'fire_exp': 1.14171776851287, 'P_half': 157.80309954142965, 'pre_dampen_half': 1.8469033699850426, 'gpp_af': 97.64961889396923, 'gpp_b': 0.03719354588132657, 'gpp_d': 0.1619054449471649, 'ign_k': 0.17320535908244444, 'ign_c': 0.4177928311636542, 'trop_agb_crit': 8.188098178380693, 'trop_k_veg': 5.453348988480011, 'fire_amp': 1.8357623383234334}.
[I 2026-06-11 13:22:19,405] Trial 158 finished with values: [10.735122449635844, 10.735122449635844] and parameters: {'k1': 0.012840669372724958, 'D_low': 171.2446447678494, 'k2': 8.968733598183248e-05, 'D_high': 252.84086172415604, 'fire_exp': 1.2918065501148304, 'P_half': 93.43302657318476, 'pre_dampen_half': 0.011396414164620812, 'gpp_af': 14.161176080022173, 'gpp_b': 2.176805640408474e-05, 'gpp_d': 0.03927259340973166, 'ign_k': 0.0029519227433917453, 'ign_c': 1.4879588507789996, 'trop_agb_crit': 12.647327018493208, 'trop_k_veg': 2.520089655463604, 'fire_amp': 5.606809127618709}.
[I 2026-06-11 13:22:20,401] Trial 159 finished with values: [10.75782226882337, 10.75782226882337] and parameters: {'k1': 0.0869690639641868, 'D_low': 2267.735223551285, 'k2': 3.152468275632564e-05, 'D_high': 48235.58283024493, 'fire_exp': 5.850436756059748, 'P_half': 118.94665366442581, 'pre_dampen_half': 9.044346216330972, 'gpp_af': 0.09885838682552685, 'gpp_b': 2.1309331861011757e-05, 'gpp_d': 0.4742269251269962, 'ign_k': 1.6270983114897255, 'ign_c': 0.10435856341129002, 'trop_agb_crit': 3.108985631683375, 'trop_k_veg': 1.508040082046931, 'fire_amp': 2.054769179924021}.
[I 2026-06-11 13:22:21,406] Trial 160 finished with values: [10.534864881597231, 10.534864881597231] and parameters: {'k1': 0.00026539376439360527, 'D_low': 408.3047491580097, 'k2': 0.08661811390647982, 'D_high': 24.9899605789089, 'fire_exp': 1.111738490499784, 'P_half': 1.4551749476072258, 'pre_dampen_half': 189.88136301569827, 'gpp_af': 37.28155624293858, 'gpp_b': 0.002416023630607169, 'gpp_d': 21.899070557043984, 'ign_k': 0.09256855841989636, 'ign_c': 7.832259769732471, 'trop_agb_crit': 1.8023542850487386, 'trop_k_veg': 1.6648666152166967, 'fire_amp': 1.1655705619308396}.
[I 2026-06-11 13:22:22,396] Trial 161 finished with values: [10.769230768928226, 10.769230768928226] and parameters: {'k1': 4.739584301027366e-05, 'D_low': 37.13474360443033, 'k2': 5.105542986365652e-05, 'D_high': 22.636544662054543, 'fire_exp': 1.3201882743050743, 'P_half': 83.08114652888392, 'pre_dampen_half': 0.32128420171885896, 'gpp_af': 0.0662749342026412, 'gpp_b': 0.010483435442445016, 'gpp_d': 0.1448983619020909, 'ign_k': 3.965503094323014, 'ign_c': 157.63098727399432, 'trop_agb_crit': 8.462233625364036, 'trop_k_veg': 0.6272168087516332, 'fire_amp': 3.0602124456299986}.
[I 2026-06-11 13:22:23,377] Trial 162 finished with values: [10.331753917044923, 10.331753917044923] and parameters: {'k1': 0.00031134168041628584, 'D_low': 12.105387404469584, 'k2': 0.003767022142229395, 'D_high': 431.45617043093523, 'fire_exp': 1.0601964743503993, 'P_half': 4.213183643253957, 'pre_dampen_half': 38.00678588560607, 'gpp_af': 1.9706963379095486, 'gpp_b': 1.4540386644083135e-05, 'gpp_d': 0.12878367369717508, 'ign_k': 0.00840038491455979, 'ign_c': 48.704711413416454, 'trop_agb_crit': 1.0693376406863295, 'trop_k_veg': 0.6673124511410327, 'fire_amp': 4.19233232783727}.
[I 2026-06-11 13:22:24,424] Trial 163 finished with values: [12.594835057309105, 12.594835057309105] and parameters: {'k1': 0.0032360993995751053, 'D_low': 12.105387404469584, 'k2': 0.003767022142229395, 'D_high': 431.45617043093523, 'fire_exp': 1.0601964743503993, 'P_half': 4.213183643253957, 'pre_dampen_half': 38.00678588560607, 'gpp_af': 1.9706963379095486, 'gpp_b': 1.4540386644083135e-05, 'gpp_d': 46.010874324515754, 'ign_k': 0.00840038491455979, 'ign_c': 48.704711413416454, 'trop_agb_crit': 1.0693376406863295, 'trop_k_veg': 5.636143940068465, 'fire_amp': 5.831305332032283}.
[I 2026-06-11 13:22:25,420] Trial 164 finished with values: [10.365641610480004, 10.365641610480004] and parameters: {'k1': 0.00035868164986275477, 'D_low': 1.2768174677433957, 'k2': 0.01183296705746878, 'D_high': 42210.21267871043, 'fire_exp': 1.2918065501148304, 'P_half': 148.17820606039086, 'pre_dampen_half': 0.050654860639753524, 'gpp_af': 0.2204465010099918, 'gpp_b': 2.800940363375676e-05, 'gpp_d': 0.03927259340973166, 'ign_k': 0.22970993031159073, 'ign_c': 0.6235377135673155, 'trop_agb_crit': 4.140875693557523, 'trop_k_veg': 2.520089655463604, 'fire_amp': 3.713485315741754}.
[I 2026-06-11 13:22:26,388] Trial 165 finished with values: [10.748991457123369, 10.748991457123369] and parameters: {'k1': 0.0004846497679219079, 'D_low': 148.21691630007544, 'k2': 0.019383858782150494, 'D_high': 241.42596390104578, 'fire_exp': 1.2060040899560858, 'P_half': 4303.306161410612, 'pre_dampen_half': 123.04779330083686, 'gpp_af': 0.10098504976210308, 'gpp_b': 3.1906667956153174, 'gpp_d': 1.4397852866783676, 'ign_k': 0.0467351899956275, 'ign_c': 0.773448215664679, 'trop_agb_crit': 12.9667438075127, 'trop_k_veg': 2.724170387400844, 'fire_amp': 2.7806853670293616}.
