[I 2026-06-10 19:37:54,599] Trial 777 finished with values: [-0.6871964522004047, 0.3580234547954525] and parameters: {'k1': 5.7909642338812115e-05, 'D_low': 13.012518385211498, 'k2': 0.02065142557895925, 'D_high': 1266.9536563782303, 'fire_exp': 1.111738490499784, 'P_half': 2.6691447170887805, 'pre_dampen_half': 189.36639872354493, 'gpp_af': 1.9998014714101113, 'gpp_b': 0.002416023630607169, 'gpp_d': 7.631016235941559, 'ign_k': 0.09256855841989636, 'ign_c': 2.2882309479728957, 'trop_agb_crit': 8.0091368834625, 'trop_k_veg': 4.469525707857632, 'fire_amp': 2.042193818779288}.
[I 2026-06-10 19:37:56,768] Trial 778 finished with values: [10.811676400349857, 10.811676400349857] and parameters: {'k1': 5.7909642338812115e-05, 'D_low': 236.79352040223893, 'k2': 0.005204862686958021, 'D_high': 6682.9607218310075, 'fire_exp': 1.9095652801045373, 'P_half': 114.62237838612074, 'pre_dampen_half': 0.3337303435204265, 'gpp_af': 0.0025386125063826667, 'gpp_b': 0.001674375583895437, 'gpp_d': 76.38081075786287, 'ign_k': 1.6270983114897255, 'ign_c': 16.497426799845446, 'trop_agb_crit': 3.3933702290907823, 'trop_k_veg': 0.9660523662864217, 'fire_amp': 2.6192385880432525}.
[I 2026-06-10 19:37:58,564] Trial 779 finished with values: [10.11988169140749, 10.11988169140749] and parameters: {'k1': 5.7909642338812115e-05, 'D_low': 236.79352040223893, 'k2': 1.1417577140741129e-05, 'D_high': 1817.0401889219124, 'fire_exp': 1.2060040899560858, 'P_half': 5.4712187293420325, 'pre_dampen_half': 189.36639872354493, 'gpp_af': 3.298293484806585, 'gpp_b': 0.002416023630607169, 'gpp_d': 1.4397852866783676, 'ign_k': 0.09256855841989636, 'ign_c': 1.364908766641693, 'trop_agb_crit': 3.937772188016226, 'trop_k_veg': 2.9779319378885387, 'fire_amp': 5.667622640988655}.
[I 2026-06-10 19:38:00,184] Trial 780 finished with values: [10.143133129904635, 10.143133129904635] and parameters: {'k1': 4.944223106753944e-05, 'D_low': 236.79352040223893, 'k2': 0.02065142557895925, 'D_high': 1817.0401889219124, 'fire_exp': 1.2060040899560858, 'P_half': 12.262543158860007, 'pre_dampen_half': 189.36639872354493, 'gpp_af': 3.030008727251782, 'gpp_b': 0.001674375583895437, 'gpp_d': 1.0088237648985734, 'ign_k': 1.6270983114897255, 'ign_c': 2.2882309479728957, 'trop_agb_crit': 8.0091368834625, 'trop_k_veg': 5.453348988480011, 'fire_amp': 5.44779717154213}.
[I 2026-06-10 19:38:01,811] Trial 781 finished with values: [10.011345295286272, 10.011345295286272] and parameters: {'k1': 5.7909642338812115e-05, 'D_low': 2186.356344942016, 'k2': 0.0007731571570012607, 'D_high': 1817.0401889219124, 'fire_exp': 1.111738490499784, 'P_half': 2.6691447170887805, 'pre_dampen_half': 189.36639872354493, 'gpp_af': 1.8730788990929563, 'gpp_b': 0.002416023630607169, 'gpp_d': 7.631016235941559, 'ign_k': 0.8945150807271531, 'ign_c': 2.2882309479728957, 'trop_agb_crit': 1.8023542850487386, 'trop_k_veg': 1.5030844497004798, 'fire_amp': 2.042193818779288}.
[I 2026-06-10 19:38:03,276] Trial 782 finished with values: [10.239107117458655, 10.239107117458655] and parameters: {'k1': 0.00026539376439360527, 'D_low': 2186.356344942016, 'k2': 0.02065142557895925, 'D_high': 1266.9536563782303, 'fire_exp': 1.111738490499784, 'P_half': 12.262543158860007, 'pre_dampen_half': 189.36639872354493, 'gpp_af': 3.030008727251782, 'gpp_b': 0.002416023630607169, 'gpp_d': 7.631016235941559, 'ign_k': 0.09256855841989636, 'ign_c': 2.2882309479728957, 'trop_agb_crit': 1.8023542850487386, 'trop_k_veg': 3.4337960558650757, 'fire_amp': 1.85916500023103}.
[I 2026-06-10 19:38:04,641] Trial 783 finished with values: [-0.6488000470323193, 0.4563703398279859] and parameters: {'k1': 5.7909642338812115e-05, 'D_low': 1.4002277211577039, 'k2': 0.0007731571570012607, 'D_high': 1817.0401889219124, 'fire_exp': 1.2060040899560858, 'P_half': 1.4551749476072258, 'pre_dampen_half': 189.36639872354493, 'gpp_af': 1.9998014714101113, 'gpp_b': 0.006999112505425414, 'gpp_d': 1.0088237648985734, 'ign_k': 0.09256855841989636, 'ign_c': 7.832259769732471, 'trop_agb_crit': 1.8023542850487386, 'trop_k_veg': 2.99731137426955, 'fire_amp': 5.44779717154213}.
[I 2026-06-10 19:38:06,082] Trial 784 finished with values: [10.676434042235545, 10.676434042235545] and parameters: {'k1': 0.012840669372724958, 'D_low': 236.79352040223893, 'k2': 7.531057256501231e-05, 'D_high': 48235.58283024493, 'fire_exp': 1.7505406131449859, 'P_half': 18.93453091519153, 'pre_dampen_half': 38.00678588560607, 'gpp_af': 1.8730788990929563, 'gpp_b': 0.0004360709560327289, 'gpp_d': 1.0088237648985734, 'ign_k': 0.09256855841989636, 'ign_c': 7.832259769732471, 'trop_agb_crit': 21.086120736447015, 'trop_k_veg': 2.520089655463604, 'fire_amp': 4.19233232783727}.
[I 2026-06-10 19:38:07,887] Trial 785 finished with values: [10.196757367099062, 10.196757367099062] and parameters: {'k1': 8.60693112508996e-05, 'D_low': 7988.050530300041, 'k2': 0.005204862686958021, 'D_high': 1817.0401889219124, 'fire_exp': 1.2060040899560858, 'P_half': 366.3433473924884, 'pre_dampen_half': 189.36639872354493, 'gpp_af': 1.9998014714101113, 'gpp_b': 0.0006809980431188124, 'gpp_d': 76.38081075786287, 'ign_k': 0.09256855841989636, 'ign_c': 2.2882309479728957, 'trop_agb_crit': 3.3933702290907823, 'trop_k_veg': 2.99731137426955, 'fire_amp': 2.6192385880432525}.
[I 2026-06-10 19:38:09,559] Trial 786 finished with values: [10.83333333328067, 10.83333333328067] and parameters: {'k1': 0.0869690639641868, 'D_low': 2186.356344942016, 'k2': 0.02065142557895925, 'D_high': 1266.9536563782303, 'fire_exp': 1.2060040899560858, 'P_half': 12.262543158860007, 'pre_dampen_half': 9.044346216330972, 'gpp_af': 56.62858823465573, 'gpp_b': 0.002416023630607169, 'gpp_d': 7.631016235941559, 'ign_k': 0.8945150807271531, 'ign_c': 2.2882309479728957, 'trop_agb_crit': 8.0091368834625, 'trop_k_veg': 3.1055119128084763, 'fire_amp': 4.19233232783727}.
[I 2026-06-10 19:38:11,267] Trial 787 finished with values: [10.016740645882225, 10.016740645882225] and parameters: {'k1': 0.00026539376439360527, 'D_low': 1.4002277211577039, 'k2': 0.0007731571570012607, 'D_high': 1266.9536563782303, 'fire_exp': 1.111738490499784, 'P_half': 12.262543158860007, 'pre_dampen_half': 129.5396794881549, 'gpp_af': 3.030008727251782, 'gpp_b': 0.006999112505425414, 'gpp_d': 1.0088237648985734, 'ign_k': 0.8945150807271531, 'ign_c': 7.832259769732471, 'trop_agb_crit': 1.8023542850487386, 'trop_k_veg': 0.7220139871468583, 'fire_amp': 5.44779717154213}.
[I 2026-06-10 19:38:12,895] Trial 788 finished with values: [-0.5050271054968698, 0.8038398688171446] and parameters: {'k1': 5.7909642338812115e-05, 'D_low': 9.882278532808778, 'k2': 0.028670350305540694, 'D_high': 6682.9607218310075, 'fire_exp': 1.111738490499784, 'P_half': 78.13392238162733, 'pre_dampen_half': 9.044346216330972, 'gpp_af': 3.298293484806585, 'gpp_b': 0.002416023630607169, 'gpp_d': 1.4397852866783676, 'ign_k': 0.29415751391396583, 'ign_c': 1.364908766641693, 'trop_agb_crit': 1.0189592979395135, 'trop_k_veg': 2.99731137426955, 'fire_amp': 5.667622640988655}.
[I 2026-06-10 19:38:14,498] Trial 789 finished with values: [11.969931496350958, 11.969931496350958] and parameters: {'k1': 0.03820259936390116, 'D_low': 236.79352040223893, 'k2': 0.005204862686958021, 'D_high': 1817.0401889219124, 'fire_exp': 1.2060040899560858, 'P_half': 18.93453091519153, 'pre_dampen_half': 189.36639872354493, 'gpp_af': 1.9998014714101113, 'gpp_b': 0.0008861657881839811, 'gpp_d': 76.38081075786287, 'ign_k': 1.6270983114897255, 'ign_c': 1.364908766641693, 'trop_agb_crit': 8.0091368834625, 'trop_k_veg': 5.453348988480011, 'fire_amp': 3.890668402773863}.
[I 2026-06-10 19:38:16,227] Trial 790 finished with values: [13.921310753589982, 13.921310753589982] and parameters: {'k1': 0.0869690639641868, 'D_low': 236.79352040223893, 'k2': 0.005204862686958021, 'D_high': 28058.07870333385, 'fire_exp': 1.111738490499784, 'P_half': 1.4551749476072258, 'pre_dampen_half': 189.36639872354493, 'gpp_af': 3.298293484806585, 'gpp_b': 0.001674375583895437, 'gpp_d': 1.0088237648985734, 'ign_k': 1.6270983114897255, 'ign_c': 1.364908766641693, 'trop_agb_crit': 1.8023542850487386, 'trop_k_veg': 5.453348988480011, 'fire_amp': 5.44779717154213}.
[I 2026-06-10 19:38:18,363] Trial 791 finished with values: [10.707775572203602, 10.707775572203602] and parameters: {'k1': 5.7909642338812115e-05, 'D_low': 133.4807155996069, 'k2': 0.049094038862232466, 'D_high': 267.3088310781672, 'fire_exp': 1.2060040899560858, 'P_half': 12.262543158860007, 'pre_dampen_half': 189.36639872354493, 'gpp_af': 1.9998014714101113, 'gpp_b': 0.5903603324157484, 'gpp_d': 1.0088237648985734, 'ign_k': 0.8945150807271531, 'ign_c': 2.2882309479728957, 'trop_agb_crit': 8.0091368834625, 'trop_k_veg': 5.453348988480011, 'fire_amp': 4.472176921013167}.
[I 2026-06-10 19:38:20,271] Trial 792 finished with values: [-0.33671871816559446, 0.9865179637372583] and parameters: {'k1': 0.012840669372724958, 'D_low': 236.79352040223893, 'k2': 0.028670350305540694, 'D_high': 42210.21267871043, 'fire_exp': 1.111738490499784, 'P_half': 78.13392238162733, 'pre_dampen_half': 9.044346216330972, 'gpp_af': 3.298293484806585, 'gpp_b': 0.002416023630607169, 'gpp_d': 0.1619054449471649, 'ign_k': 1.6748279468858231, 'ign_c': 1.364908766641693, 'trop_agb_crit': 2.100813292597435, 'trop_k_veg': 2.298840177048904, 'fire_amp': 3.8500040010232275}.
[I 2026-06-10 19:38:21,909] Trial 793 finished with values: [10.12804465150223, 10.12804465150223] and parameters: {'k1': 0.0869690639641868, 'D_low': 43.2326421037033, 'k2': 2.316457903103837e-05, 'D_high': 431.45617043093523, 'fire_exp': 1.1490848108902036, 'P_half': 1.9678273362633985, 'pre_dampen_half': 2.7246429232774694, 'gpp_af': 3.298293484806585, 'gpp_b': 0.00013164432569139702, 'gpp_d': 1.4397852866783676, 'ign_k': 0.00660597889201953, 'ign_c': 7.832259769732471, 'trop_agb_crit': 21.086120736447015, 'trop_k_veg': 4.796046723963646, 'fire_amp': 5.615047466686494}.
[I 2026-06-10 19:38:23,710] Trial 794 finished with values: [10.426280043567674, 10.426280043567674] and parameters: {'k1': 0.012840669372724958, 'D_low': 1.605843632310088, 'k2': 0.003767022142229395, 'D_high': 48235.58283024493, 'fire_exp': 1.9095652801045373, 'P_half': 774.5825831079144, 'pre_dampen_half': 9.044346216330972, 'gpp_af': 1.2515601598062582, 'gpp_b': 0.001674375583895437, 'gpp_d': 21.899070557043984, 'ign_k': 0.8861249804463233, 'ign_c': 1.488823059798356, 'trop_agb_crit': 1.438876022196885, 'trop_k_veg': 5.453348988480011, 'fire_amp': 2.6192385880432525}.
[I 2026-06-10 19:38:25,440] Trial 795 finished with values: [-0.5696496405676464, 0.8847924411901287] and parameters: {'k1': 0.0869690639641868, 'D_low': 266.07970538371484, 'k2': 0.003767022142229395, 'D_high': 48235.58283024493, 'fire_exp': 1.111738490499784, 'P_half': 774.5825831079144, 'pre_dampen_half': 38.00678588560607, 'gpp_af': 1.8730788990929563, 'gpp_b': 0.001674375583895437, 'gpp_d': 1.0088237648985734, 'ign_k': 0.09256855841989636, 'ign_c': 2.2882309479728957, 'trop_agb_crit': 21.086120736447015, 'trop_k_veg': 4.167664671344212, 'fire_amp': 4.19233232783727}.
[I 2026-06-10 19:38:27,085] Trial 796 finished with values: [-0.5619884373774731, 0.5931082228805111] and parameters: {'k1': 5.7909642338812115e-05, 'D_low': 5.004428734228137, 'k2': 0.02065142557895925, 'D_high': 1817.0401889219124, 'fire_exp': 1.111738490499784, 'P_half': 1.4551749476072258, 'pre_dampen_half': 189.36639872354493, 'gpp_af': 3.298293484806585, 'gpp_b': 0.001674375583895437, 'gpp_d': 1.0088237648985734, 'ign_k': 0.8945150807271531, 'ign_c': 7.832259769732471, 'trop_agb_crit': 1.438876022196885, 'trop_k_veg': 5.453348988480011, 'fire_amp': 4.19233232783727}.
[I 2026-06-10 19:38:28,880] Trial 797 finished with values: [-0.5801978434806576, 0.17067034662122094] and parameters: {'k1': 0.012840669372724958, 'D_low': 16.480446427978972, 'k2': 0.02065142557895925, 'D_high': 1817.0401889219124, 'fire_exp': 1.811096651915224, 'P_half': 5.4712187293420325, 'pre_dampen_half': 189.36639872354493, 'gpp_af': 0.004409093791567215, 'gpp_b': 0.002416023630607169, 'gpp_d': 0.47379914349407487, 'ign_k': 0.9419612235978201, 'ign_c': 2.2882309479728957, 'trop_agb_crit': 2.100813292597435, 'trop_k_veg': 5.453348988480011, 'fire_amp': 3.8500040010232275}.
[I 2026-06-10 19:38:30,520] Trial 798 finished with values: [11.959678321280144, 11.959678321280144] and parameters: {'k1': 0.012840669372724958, 'D_low': 2.5449737887285035, 'k2': 0.02065142557895925, 'D_high': 48235.58283024493, 'fire_exp': 1.111738490499784, 'P_half': 2.226799690893868, 'pre_dampen_half': 189.36639872354493, 'gpp_af': 0.8594202650742228, 'gpp_b': 0.001674375583895437, 'gpp_d': 1.0088237648985734, 'ign_k': 0.09256855841989636, 'ign_c': 2.2882309479728957, 'trop_agb_crit': 21.086120736447015, 'trop_k_veg': 5.453348988480011, 'fire_amp': 2.6192385880432525}.
[I 2026-06-10 19:38:32,386] Trial 799 finished with values: [10.222960310749396, 10.222960310749396] and parameters: {'k1': 5.7909642338812115e-05, 'D_low': 171.2446447678494, 'k2': 0.003767022142229395, 'D_high': 48235.58283024493, 'fire_exp': 1.111738490499784, 'P_half': 18.93453091519153, 'pre_dampen_half': 189.36639872354493, 'gpp_af': 1.8730788990929563, 'gpp_b': 0.002416023630607169, 'gpp_d': 1.0088237648985734, 'ign_k': 0.0029519227433917453, 'ign_c': 2.2882309479728957, 'trop_agb_crit': 8.0091368834625, 'trop_k_veg': 5.453348988480011, 'fire_amp': 4.472176921013167}.
[I 2026-06-10 19:38:34,131] Trial 800 finished with values: [10.00874556701103, 10.00874556701103] and parameters: {'k1': 0.00026539376439360527, 'D_low': 1074.940539517341, 'k2': 0.02065142557895925, 'D_high': 42210.21267871043, 'fire_exp': 1.0601964743503993, 'P_half': 12.262543158860007, 'pre_dampen_half': 189.36639872354493, 'gpp_af': 0.07118041471054574, 'gpp_b': 1.4008921101492135e-05, 'gpp_d': 3.257094673454639, 'ign_k': 0.00840038491455979, 'ign_c': 2.2882309479728957, 'trop_agb_crit': 8.0091368834625, 'trop_k_veg': 5.453348988480011, 'fire_amp': 1.5719333351012774}.
[I 2026-06-10 19:38:35,919] Trial 801 finished with values: [10.833291893739084, 10.833291893739084] and parameters: {'k1': 0.03820259936390116, 'D_low': 669.7348618512094, 'k2': 0.02065142557895925, 'D_high': 393.2349508311775, 'fire_exp': 1.233919071594971, 'P_half': 18.93453091519153, 'pre_dampen_half': 9.044346216330972, 'gpp_af': 56.62858823465573, 'gpp_b': 2.800940363375676e-05, 'gpp_d': 14.427333163005196, 'ign_k': 0.06219881174029358, 'ign_c': 0.773448215664679, 'trop_agb_crit': 6.351751286408562, 'trop_k_veg': 4.796046723963646, 'fire_amp': 3.890668402773863}.
[I 2026-06-10 19:38:37,571] Trial 802 finished with values: [10.444207031343028, 10.444207031343028] and parameters: {'k1': 0.0007916322947490366, 'D_low': 236.79352040223893, 'k2': 1.1417577140741129e-05, 'D_high': 1817.0401889219124, 'fire_exp': 1.111738490499784, 'P_half': 12.262543158860007, 'pre_dampen_half': 189.36639872354493, 'gpp_af': 3.030008727251782, 'gpp_b': 7.555164990945509e-05, 'gpp_d': 7.631016235941559, 'ign_k': 0.09256855841989636, 'ign_c': 2.2882309479728957, 'trop_agb_crit': 8.0091368834625, 'trop_k_veg': 1.6648666152166967, 'fire_amp': 2.6192385880432525}.
[I 2026-06-10 19:38:39,830] Trial 803 finished with values: [10.038893243427218, 10.038893243427218] and parameters: {'k1': 5.7909642338812115e-05, 'D_low': 29.52145029390025, 'k2': 0.005204862686958021, 'D_high': 1817.0401889219124, 'fire_exp': 1.264103030891254, 'P_half': 2.226799690893868, 'pre_dampen_half': 189.36639872354493, 'gpp_af': 0.8594202650742228, 'gpp_b': 0.00013164432569139702, 'gpp_d': 1.0088237648985734, 'ign_k': 0.09256855841989636, 'ign_c': 7.832259769732471, 'trop_agb_crit': 1.0189592979395135, 'trop_k_veg': 5.453348988480011, 'fire_amp': 2.6192385880432525}.
[I 2026-06-10 19:38:41,547] Trial 804 finished with values: [-0.5189104458111355, 0.46379134349955586] and parameters: {'k1': 5.7909642338812115e-05, 'D_low': 50.32059347286801, 'k2': 0.02065142557895925, 'D_high': 42210.21267871043, 'fire_exp': 1.1633452995374232, 'P_half': 996.7983879709292, 'pre_dampen_half': 189.36639872354493, 'gpp_af': 0.07302012718529301, 'gpp_b': 0.00036184510553922684, 'gpp_d': 1.4397852866783676, 'ign_k': 0.09256855841989636, 'ign_c': 0.33139424373451987, 'trop_agb_crit': 8.0091368834625, 'trop_k_veg': 5.453348988480011, 'fire_amp': 2.6192385880432525}.
[I 2026-06-10 19:38:43,234] Trial 805 finished with values: [10.49638798107477, 10.49638798107477] and parameters: {'k1': 0.012840669372724958, 'D_low': 2186.356344942016, 'k2': 0.003767022142229395, 'D_high': 48235.58283024493, 'fire_exp': 1.111738490499784, 'P_half': 12.262543158860007, 'pre_dampen_half': 189.36639872354493, 'gpp_af': 1.8730788990929563, 'gpp_b': 0.002416023630607169, 'gpp_d': 1.0088237648985734, 'ign_k': 0.09256855841989636, 'ign_c': 2.2882309479728957, 'trop_agb_crit': 8.0091368834625, 'trop_k_veg': 3.1055119128084763, 'fire_amp': 4.19233232783727}.
[I 2026-06-10 19:38:44,984] Trial 806 finished with values: [11.14288986088771, 11.14288986088771] and parameters: {'k1': 5.7909642338812115e-05, 'D_low': 13.012518385211498, 'k2': 0.02065142557895925, 'D_high': 6682.9607218310075, 'fire_exp': 1.111738490499784, 'P_half': 114.62237838612074, 'pre_dampen_half': 189.36639872354493, 'gpp_af': 1.9998014714101113, 'gpp_b': 0.002416023630607169, 'gpp_d': 76.38081075786287, 'ign_k': 0.09256855841989636, 'ign_c': 16.497426799845446, 'trop_agb_crit': 8.0091368834625, 'trop_k_veg': 5.453348988480011, 'fire_amp': 4.472176921013167}.
[I 2026-06-10 19:38:46,601] Trial 807 finished with values: [-0.44684510475194233, 0.6624497135509149] and parameters: {'k1': 0.0869690639641868, 'D_low': 1.873653322520581, 'k2': 0.02065142557895925, 'D_high': 1817.0401889219124, 'fire_exp': 1.2060040899560858, 'P_half': 1.4551749476072258, 'pre_dampen_half': 9.044346216330972, 'gpp_af': 3.030008727251782, 'gpp_b': 0.001674375583895437, 'gpp_d': 1.0088237648985734, 'ign_k': 0.09256855841989636, 'ign_c': 7.832259769732471, 'trop_agb_crit': 8.0091368834625, 'trop_k_veg': 1.6003641872536711, 'fire_amp': 5.44779717154213}.
[I 2026-06-10 19:38:48,376] Trial 808 finished with values: [10.709219878476445, 10.709219878476445] and parameters: {'k1': 0.012840669372724958, 'D_low': 236.79352040223893, 'k2': 0.0001280886335404798, 'D_high': 20103.283734409175, 'fire_exp': 1.2060040899560858, 'P_half': 774.5825831079144, 'pre_dampen_half': 0.013460448623833698, 'gpp_af': 1.2515601598062582, 'gpp_b': 0.0015782327810795573, 'gpp_d': 21.899070557043984, 'ign_k': 0.0029519227433917453, 'ign_c': 1.364908766641693, 'trop_agb_crit': 1.438876022196885, 'trop_k_veg': 5.453348988480011, 'fire_amp': 4.19233232783727}.
[I 2026-06-10 19:38:50,131] Trial 809 finished with values: [10.157832362023674, 10.157832362023674] and parameters: {'k1': 0.012840669372724958, 'D_low': 1.4002277211577039, 'k2': 0.0007731571570012607, 'D_high': 1817.0401889219124, 'fire_exp': 1.811096651915224, 'P_half': 1.4551749476072258, 'pre_dampen_half': 121.93011993958949, 'gpp_af': 0.00474057962703787, 'gpp_b': 0.0015782327810795573, 'gpp_d': 1.0088237648985734, 'ign_k': 0.9419612235978201, 'ign_c': 7.832259769732471, 'trop_agb_crit': 1.8023542850487386, 'trop_k_veg': 0.7808079158649266, 'fire_amp': 3.8500040010232275}.
[I 2026-06-10 19:38:51,737] Trial 810 finished with values: [-0.7160129313436243, 0.20516558516583872] and parameters: {'k1': 0.00026539376439360527, 'D_low': 43.2326421037033, 'k2': 0.02065142557895925, 'D_high': 267.3088310781672, 'fire_exp': 1.111738490499784, 'P_half': 157.3644610977214, 'pre_dampen_half': 189.36639872354493, 'gpp_af': 3.030008727251782, 'gpp_b': 0.002416023630607169, 'gpp_d': 525.1661172395181, 'ign_k': 0.8945150807271531, 'ign_c': 7.832259769732471, 'trop_agb_crit': 3.1920112940578624, 'trop_k_veg': 1.6003641872536711, 'fire_amp': 4.472176921013167}.
[I 2026-06-10 19:38:53,307] Trial 811 finished with values: [10.75983313603231, 10.75983313603231] and parameters: {'k1': 0.07119679541167405, 'D_low': 1.605843632310088, 'k2': 0.005204862686958021, 'D_high': 48235.58283024493, 'fire_exp': 1.2060040899560858, 'P_half': 18.93453091519153, 'pre_dampen_half': 5.593036834117395, 'gpp_af': 0.8594202650742228, 'gpp_b': 2.800940363375676e-05, 'gpp_d': 14.427333163005196, 'ign_k': 7.299424898595565, 'ign_c': 1.488823059798356, 'trop_agb_crit': 1.0189592979395135, 'trop_k_veg': 2.99731137426955, 'fire_amp': 2.170444898566564}.
[I 2026-06-10 19:38:54,909] Trial 812 finished with values: [10.055643962845103, 10.055643962845103] and parameters: {'k1': 0.0006042560675552671, 'D_low': 2186.356344942016, 'k2': 0.005204862686958021, 'D_high': 1817.0401889219124, 'fire_exp': 1.111738490499784, 'P_half': 157.3644610977214, 'pre_dampen_half': 189.36639872354493, 'gpp_af': 1.9998014714101113, 'gpp_b': 5.0875243087016374e-05, 'gpp_d': 76.38081075786287, 'ign_k': 0.13500744867919376, 'ign_c': 16.497426799845446, 'trop_agb_crit': 8.0091368834625, 'trop_k_veg': 5.453348988480011, 'fire_amp': 5.44779717154213}.
[I 2026-06-10 19:38:56,475] Trial 813 finished with values: [-0.5905846338118521, 0.5603912473819916] and parameters: {'k1': 5.7909642338812115e-05, 'D_low': 1.4002277211577039, 'k2': 0.0007731571570012607, 'D_high': 1817.0401889219124, 'fire_exp': 1.2060040899560858, 'P_half': 17.671138565264357, 'pre_dampen_half': 189.36639872354493, 'gpp_af': 3.030008727251782, 'gpp_b': 0.002416023630607169, 'gpp_d': 1.0088237648985734, 'ign_k': 0.10581992548039146, 'ign_c': 2.2882309479728957, 'trop_agb_crit': 1.8023542850487386, 'trop_k_veg': 1.6911993818705504, 'fire_amp': 5.015960627273085}.
