[I 2026-08-20 01:30:32,000] Trial 2464 finished with value: 0.4221127045739037 and parameters: {'k1': 0.0001825707493434943, 'D_low': 136.08149069401688, 'k2': 0.009348390227649519, 'D_high': 4985111.814289053, 'fire_exp': 1.4085358914317043, 'P_half': 1602.1331476590597, 'pre_dampen_half': 32.490857162250144, 'gpp_af': 0.19796084965823868, 'gpp_b': 0.00023735838167638913, 'gpp_d': 1.9870788560927146, 'ign_k': 2.405253384771086, 'ign_c': 1.7288267015515704, 'trop_agb_crit': 1.6157700655390617, 'trop_k_veg': 4.110307663750797, 'pop_amp': 2.7188502528060425, 'pop_peak': 56.62195730902266, 'pop_sig': 2.483874980568723}. Best is trial 1128 with value: -0.620386984093161.
[I 2026-08-20 01:30:34,600] Trial 2465 finished with value: 0.4373145591412897 and parameters: {'k1': 0.002008069425042433, 'D_low': 2.4497145720060733, 'k2': 0.014247612287092423, 'D_high': 6697800.4364984995, 'fire_exp': 1.5500423861039425, 'P_half': 93.07595977281403, 'pre_dampen_half': 38.75192673438917, 'gpp_af': 0.002039829436514771, 'gpp_b': 1.6492260462500384e-05, 'gpp_d': 50.28427762916837, 'ign_k': 0.8074286061323527, 'ign_c': 8.291619324222495, 'trop_agb_crit': 9.499249528712346, 'trop_k_veg': 5.5219153966417425, 'pop_amp': 0.0064015209436670845, 'pop_peak': 0.09830953151308978, 'pop_sig': 0.7701546725628104}. Best is trial 1128 with value: -0.620386984093161.
[I 2026-08-20 01:30:36,572] Trial 2466 finished with value: 0.6445374145881376 and parameters: {'k1': 0.002657404893767166, 'D_low': 346.99345294510016, 'k2': 0.002993963509305253, 'D_high': 2374505.6715321634, 'fire_exp': 2.4754322750995414, 'P_half': 313.5722848311048, 'pre_dampen_half': 5.342945230287652, 'gpp_af': 0.0012678023216080175, 'gpp_b': 2.0234818607360263e-05, 'gpp_d': 354.6129668724423, 'ign_k': 1.6269405034598252, 'ign_c': 55.933897180413645, 'trop_agb_crit': 17.258548197863846, 'trop_k_veg': 3.3965911015806585, 'pop_amp': 0.01107012227248587, 'pop_peak': 1.1273922654261956, 'pop_sig': 1.5033569871193122}. Best is trial 1128 with value: -0.620386984093161.
[I 2026-08-20 01:30:38,524] Trial 2467 finished with value: 0.6571142967453943 and parameters: {'k1': 0.00010923237987745782, 'D_low': 20960.57681144787, 'k2': 0.0007759876654900429, 'D_high': 8857226.62988878, 'fire_exp': 6.4183991141840675, 'P_half': 74.68999230418375, 'pre_dampen_half': 4.168546740116149, 'gpp_af': 0.3183029713927091, 'gpp_b': 6.716544967805054e-05, 'gpp_d': 14.711224541609788, 'ign_k': 0.7487131813641764, 'ign_c': 38.248465827144926, 'trop_agb_crit': 7.718353294214787, 'trop_k_veg': 4.326339699182997, 'pop_amp': 1.9715311668227251, 'pop_peak': 2.08624373701103, 'pop_sig': 0.5049522455100999}. Best is trial 1128 with value: -0.620386984093161.
[I 2026-08-20 01:30:40,453] Trial 2468 finished with value: 0.6187649593174476 and parameters: {'k1': 8.289714307075133e-05, 'D_low': 40301.28132100674, 'k2': 0.00017706309570964505, 'D_high': 83896.7387732917, 'fire_exp': 8.625674305448065, 'P_half': 1.3061560083675559, 'pre_dampen_half': 799.9843366769559, 'gpp_af': 2.220925851672765, 'gpp_b': 0.07099984509186362, 'gpp_d': 13.181910442492606, 'ign_k': 3.265431664316265, 'ign_c': 0.3008883219292483, 'trop_agb_crit': 26.13325015401067, 'trop_k_veg': 0.7244881659097312, 'pop_amp': 0.0024662286902498473, 'pop_peak': 0.10192241770980362, 'pop_sig': 0.3124087240559894}. Best is trial 1128 with value: -0.620386984093161.
[I 2026-08-20 01:30:42,398] Trial 2469 finished with value: 0.624798779776488 and parameters: {'k1': 0.00035821755165353625, 'D_low': 6235.132144841914, 'k2': 0.007878401746400726, 'D_high': 463824.1992420968, 'fire_exp': 1.5263368389722072, 'P_half': 543.1343465024604, 'pre_dampen_half': 3.4917344029684108, 'gpp_af': 0.0013203000170464824, 'gpp_b': 2.609878014941007e-05, 'gpp_d': 10.76610055378499, 'ign_k': 2.451517623012212, 'ign_c': 0.2855363113213518, 'trop_agb_crit': 1.697627308449681, 'trop_k_veg': 4.396388023259993, 'pop_amp': 17.369690247586366, 'pop_peak': 16.03053655829886, 'pop_sig': 1.6153202228536947}. Best is trial 1128 with value: -0.620386984093161.
[I 2026-08-20 01:30:44,349] Trial 2470 finished with value: 0.42274589322652223 and parameters: {'k1': 0.005585166484661758, 'D_low': 4.191560261570163, 'k2': 0.002934819763935055, 'D_high': 1341211.2016634818, 'fire_exp': 2.5306506272093574, 'P_half': 25.485272444705455, 'pre_dampen_half': 2.3218634379114285, 'gpp_af': 0.009041428816706686, 'gpp_b': 5.26976577573654e-05, 'gpp_d': 1.6308108212902457, 'ign_k': 3.03857999610936, 'ign_c': 15.899448541400744, 'trop_agb_crit': 1.6052809153043013, 'trop_k_veg': 7.412620256524147, 'pop_amp': 0.005416182185905344, 'pop_peak': 3.5448268369886486, 'pop_sig': 0.26033522435221274}. Best is trial 1128 with value: -0.620386984093161.
[I 2026-08-20 01:30:46,240] Trial 2471 finished with value: 0.5865207773859534 and parameters: {'k1': 0.05032989743370314, 'D_low': 6.463062167342046, 'k2': 1.570711469517026e-05, 'D_high': 52.55066829751237, 'fire_exp': 1.2657449610153884, 'P_half': 230.67092524550583, 'pre_dampen_half': 2.3522779935154654, 'gpp_af': 7.787107202847656, 'gpp_b': 2.3363888879920314, 'gpp_d': 3.2578864863233146, 'ign_k': 1.3120693843936264, 'ign_c': 16.32449856962822, 'trop_agb_crit': 12.204728411010446, 'trop_k_veg': 5.8724347441882125, 'pop_amp': 0.0703037950068091, 'pop_peak': 93.5577857896468, 'pop_sig': 1.6401684301127122}. Best is trial 1128 with value: -0.620386984093161.
[I 2026-08-20 01:30:48,144] Trial 2472 finished with value: 0.5868873455372687 and parameters: {'k1': 0.00014139951841005393, 'D_low': 2.2839861521280858, 'k2': 0.004219690211336067, 'D_high': 7233592.552948435, 'fire_exp': 1.6302503776426331, 'P_half': 2.0368989135662807, 'pre_dampen_half': 4.910200425591342, 'gpp_af': 0.020824279566654762, 'gpp_b': 0.3144461715788604, 'gpp_d': 332.10402130520794, 'ign_k': 9.32627850700581, 'ign_c': 0.30725872601270193, 'trop_agb_crit': 6.2473850239397555, 'trop_k_veg': 5.8872340039736315, 'pop_amp': 13.28688498028431, 'pop_peak': 121.95975437103594, 'pop_sig': 0.39897646005168064}. Best is trial 1128 with value: -0.620386984093161.
[I 2026-08-20 01:30:50,049] Trial 2473 finished with value: 0.6445374145881376 and parameters: {'k1': 0.0009427396984250763, 'D_low': 3.107222133416922, 'k2': 0.003035075629823435, 'D_high': 9261735.69538899, 'fire_exp': 1.1753579458537178, 'P_half': 14.778396308565833, 'pre_dampen_half': 134.34087431942314, 'gpp_af': 0.052341107603569546, 'gpp_b': 0.00012566956972139934, 'gpp_d': 4.339604217738363, 'ign_k': 3.479820497010102, 'ign_c': 476.4764421083065, 'trop_agb_crit': 2.3250008198034755, 'trop_k_veg': 7.764635829492715, 'pop_amp': 0.0025184001541926457, 'pop_peak': 24.658420403664955, 'pop_sig': 0.28456556714738074}. Best is trial 1128 with value: -0.620386984093161.
[I 2026-08-20 01:30:51,976] Trial 2474 finished with value: 0.6445374145881376 and parameters: {'k1': 3.623637726377893e-05, 'D_low': 194.24960980051543, 'k2': 0.004454769789312548, 'D_high': 6014067.649489878, 'fire_exp': 2.8801216414863684, 'P_half': 529.2619266283932, 'pre_dampen_half': 0.03100057258430584, 'gpp_af': 0.14185870656703303, 'gpp_b': 5.342800752210764, 'gpp_d': 0.016530048888662614, 'ign_k': 2.8337210255405725, 'ign_c': 96.9635905281271, 'trop_agb_crit': 22.112450893509305, 'trop_k_veg': 0.8162140930762902, 'pop_amp': 0.25150377572291943, 'pop_peak': 256.9597713525025, 'pop_sig': 0.3619648977143236}. Best is trial 1128 with value: -0.620386984093161.
[I 2026-08-20 01:30:53,915] Trial 2475 finished with value: 0.5775554306449102 and parameters: {'k1': 0.0009390700073115767, 'D_low': 1.6657904225439508, 'k2': 0.04713365882992864, 'D_high': 465913.5519146999, 'fire_exp': 2.1285403268033445, 'P_half': 1931.6360614840823, 'pre_dampen_half': 0.7086666666201971, 'gpp_af': 0.003179744508659482, 'gpp_b': 0.0002151366431433191, 'gpp_d': 314.52246841739924, 'ign_k': 0.07941117040493263, 'ign_c': 27.701602747257745, 'trop_agb_crit': 16.219145019854693, 'trop_k_veg': 3.5051277102875584, 'pop_amp': 0.009430308412353816, 'pop_peak': 0.21492265873821662, 'pop_sig': 0.9435712317484757}. Best is trial 1128 with value: -0.620386984093161.
[I 2026-08-20 01:30:56,483] Trial 2476 finished with value: 0.6445374145881376 and parameters: {'k1': 0.00033973551473320384, 'D_low': 53.34272173737273, 'k2': 3.742492966720962e-05, 'D_high': 443084.0389750165, 'fire_exp': 1.4245772218321806, 'P_half': 662.7683934241968, 'pre_dampen_half': 3.0372733007829207, 'gpp_af': 0.011899382582077256, 'gpp_b': 1.66413089420231e-05, 'gpp_d': 315.8527604256354, 'ign_k': 9.533813944525521, 'ign_c': 205.149119886564, 'trop_agb_crit': 10.934249244572655, 'trop_k_veg': 4.916809431587111, 'pop_amp': 0.01719107023769314, 'pop_peak': 0.6686800938133799, 'pop_sig': 0.33002033609680703}. Best is trial 1128 with value: -0.620386984093161.
[I 2026-08-20 01:30:58,379] Trial 2477 finished with value: -0.5680679422685695 and parameters: {'k1': 0.0016996748654793496, 'D_low': 82.56589420649945, 'k2': 0.002635602905288411, 'D_high': 1248702.8714209343, 'fire_exp': 2.254772708340659, 'P_half': 18.957632414744566, 'pre_dampen_half': 5.456503539922722, 'gpp_af': 0.017541222799320015, 'gpp_b': 1.1947199071232596e-05, 'gpp_d': 199.79695888915464, 'ign_k': 0.091773917044714, 'ign_c': 10.4550961953687, 'trop_agb_crit': 25.117314959749315, 'trop_k_veg': 6.19303657599936, 'pop_amp': 0.0032914749509208633, 'pop_peak': 1.668108161713871, 'pop_sig': 0.5241949796916391}. Best is trial 1128 with value: -0.620386984093161.
[I 2026-08-20 01:31:00,277] Trial 2478 finished with value: 0.5695563717652129 and parameters: {'k1': 0.00013845027530815657, 'D_low': 1102.3866574485387, 'k2': 0.0015871796312725297, 'D_high': 1295827.2420834184, 'fire_exp': 1.984152627604113, 'P_half': 2377.1742428414655, 'pre_dampen_half': 9.798916908459102, 'gpp_af': 0.011184311453137447, 'gpp_b': 0.00032119236701808117, 'gpp_d': 0.3705223823538409, 'ign_k': 3.057821103055976, 'ign_c': 0.12751017007023852, 'trop_agb_crit': 1.8057112219443845, 'trop_k_veg': 1.9553691981917947, 'pop_amp': 0.27965517767510306, 'pop_peak': 277.0634011309712, 'pop_sig': 2.4472216560583124}. Best is trial 1128 with value: -0.620386984093161.
[I 2026-08-20 01:31:02,187] Trial 2479 finished with value: 0.534588013037272 and parameters: {'k1': 0.0030122552048551694, 'D_low': 175.38727999781986, 'k2': 0.03830768548522683, 'D_high': 5189189.051662678, 'fire_exp': 3.814438812943094, 'P_half': 1120.6152602528155, 'pre_dampen_half': 897.2189302882529, 'gpp_af': 0.08776846989938573, 'gpp_b': 3.027138286971178e-05, 'gpp_d': 3.67303856878868, 'ign_k': 0.5344446332028242, 'ign_c': 0.4771631117038701, 'trop_agb_crit': 3.6610657206677693, 'trop_k_veg': 3.7696699622421375, 'pop_amp': 1.066282618565118, 'pop_peak': 24.043780031790007, 'pop_sig': 2.3002348247057824}. Best is trial 1128 with value: -0.620386984093161.
[I 2026-08-20 01:31:04,056] Trial 2480 finished with value: 0.5734976871343902 and parameters: {'k1': 4.250621626205564e-05, 'D_low': 26.79466241761722, 'k2': 0.03354503420341419, 'D_high': 4141278.782953652, 'fire_exp': 1.6549743984933174, 'P_half': 126.70626669623363, 'pre_dampen_half': 689.5720867335016, 'gpp_af': 0.07022069756577315, 'gpp_b': 1.3400150256924096e-05, 'gpp_d': 3.716961129939332, 'ign_k': 6.338080914031102, 'ign_c': 0.24131941408899538, 'trop_agb_crit': 1.1028173271309671, 'trop_k_veg': 4.363429661660827, 'pop_amp': 1.4657331496271142, 'pop_peak': 1.782147292697934, 'pop_sig': 2.038737624997073}. Best is trial 1128 with value: -0.620386984093161.
[I 2026-08-20 01:31:05,992] Trial 2481 finished with value: 0.5880886307653184 and parameters: {'k1': 9.64598028727845e-05, 'D_low': 5.958733986567732, 'k2': 0.00460513140227764, 'D_high': 543869.5675670928, 'fire_exp': 2.571829766117874, 'P_half': 9266.142609296014, 'pre_dampen_half': 89.48296924851103, 'gpp_af': 0.14081969387330387, 'gpp_b': 1.890186597372282e-05, 'gpp_d': 17.255955632228346, 'ign_k': 1.3598365918131463, 'ign_c': 0.615762720641591, 'trop_agb_crit': 1.7987663919176264, 'trop_k_veg': 7.928334679065915, 'pop_amp': 1.320921806365404, 'pop_peak': 28.89415872643527, 'pop_sig': 1.985058838849081}. Best is trial 1128 with value: -0.620386984093161.
[I 2026-08-20 01:31:07,898] Trial 2482 finished with value: -0.5383153602663578 and parameters: {'k1': 0.0003185005866966232, 'D_low': 431.3079424145415, 'k2': 0.04205065191414448, 'D_high': 467351.4845916343, 'fire_exp': 1.3408600665060184, 'P_half': 6707.429369809715, 'pre_dampen_half': 63.81588513614795, 'gpp_af': 0.07501080550530669, 'gpp_b': 2.8648248095999878e-05, 'gpp_d': 3.878939427825638, 'ign_k': 0.8424406736965527, 'ign_c': 0.2148217490161031, 'trop_agb_crit': 4.75912826089076, 'trop_k_veg': 5.317706488322459, 'pop_amp': 3.8565572799048953, 'pop_peak': 442.7136200537605, 'pop_sig': 1.750281864325322}. Best is trial 1128 with value: -0.620386984093161.
[I 2026-08-20 01:31:09,856] Trial 2483 finished with value: 0.6445374145881376 and parameters: {'k1': 2.609100190045766e-05, 'D_low': 110.57898614325308, 'k2': 0.0011846480144904917, 'D_high': 22.754912522931427, 'fire_exp': 8.959581823873265, 'P_half': 45.479539145224024, 'pre_dampen_half': 4.294579932525057, 'gpp_af': 0.010543107535671456, 'gpp_b': 0.28837381330413947, 'gpp_d': 0.03858550367843445, 'ign_k': 0.19533149482813533, 'ign_c': 0.660406661786976, 'trop_agb_crit': 28.499158241639226, 'trop_k_veg': 1.6966505254219115, 'pop_amp': 0.5310711209734695, 'pop_peak': 1.9969113766271802, 'pop_sig': 1.1235205338718905}. Best is trial 1128 with value: -0.620386984093161.
[I 2026-08-20 01:31:11,761] Trial 2484 finished with value: 0.6445374145881376 and parameters: {'k1': 0.001743017142783254, 'D_low': 1664.2243489579546, 'k2': 0.0807918736263927, 'D_high': 566257.0838325568, 'fire_exp': 1.4271177896244407, 'P_half': 22.61293047877539, 'pre_dampen_half': 2.1977870275410276, 'gpp_af': 0.008077138626049231, 'gpp_b': 0.00298297320252174, 'gpp_d': 762.4528090085139, 'ign_k': 1.1243909532314558, 'ign_c': 545.0146041600634, 'trop_agb_crit': 2.8146997365363777, 'trop_k_veg': 7.592032744892429, 'pop_amp': 0.0023181691691065123, 'pop_peak': 9.63436796131066, 'pop_sig': 0.34404635589659177}. Best is trial 1128 with value: -0.620386984093161.
[I 2026-08-20 01:31:13,721] Trial 2485 finished with value: -0.5471610744553678 and parameters: {'k1': 0.00019903856032601406, 'D_low': 140.2374445822903, 'k2': 0.001437134613421455, 'D_high': 6739207.305157612, 'fire_exp': 1.7415568318410586, 'P_half': 2822.944252045228, 'pre_dampen_half': 10.031104919492279, 'gpp_af': 0.2908456521407492, 'gpp_b': 1.1304636638078856e-05, 'gpp_d': 2.379317643693431, 'ign_k': 9.62825046361063, 'ign_c': 0.10611351285579376, 'trop_agb_crit': 1.8221213995333778, 'trop_k_veg': 6.968247470411482, 'pop_amp': 4.524938340926028, 'pop_peak': 53.17928328890212, 'pop_sig': 1.7316145697714622}. Best is trial 1128 with value: -0.620386984093161.
[I 2026-08-20 01:31:15,788] Trial 2486 finished with value: 0.6445374145881376 and parameters: {'k1': 0.0017040690498494268, 'D_low': 49059.042243770986, 'k2': 0.0001017255603293682, 'D_high': 225904.3565646434, 'fire_exp': 5.181428188931993, 'P_half': 2.70135033747031, 'pre_dampen_half': 96.5223318325338, 'gpp_af': 94.15895578050963, 'gpp_b': 0.9094345910641778, 'gpp_d': 0.384422063511265, 'ign_k': 0.04225249080687023, 'ign_c': 488.41357549856053, 'trop_agb_crit': 4.2812886633010825, 'trop_k_veg': 0.7347734878390301, 'pop_amp': 0.9563145948393905, 'pop_peak': 156.4754523313183, 'pop_sig': 1.569394167323803}. Best is trial 1128 with value: -0.620386984093161.
[I 2026-08-20 01:31:18,801] Trial 2487 finished with value: 0.48676030943937765 and parameters: {'k1': 0.0002917471537973019, 'D_low': 17767.696421135206, 'k2': 0.0017470660752209762, 'D_high': 1266145.6347367438, 'fire_exp': 1.988897561580211, 'P_half': 1304.9428443916875, 'pre_dampen_half': 52.135596665258106, 'gpp_af': 0.10506342366638155, 'gpp_b': 0.0007609852532330179, 'gpp_d': 14.661339364303968, 'ign_k': 6.878853984878246, 'ign_c': 0.1430465620829837, 'trop_agb_crit': 1.460489113982982, 'trop_k_veg': 3.9750345461252965, 'pop_amp': 11.81331485649385, 'pop_peak': 895.7662512702877, 'pop_sig': 2.3441913937094494}. Best is trial 1128 with value: -0.620386984093161.
[I 2026-08-20 01:31:20,857] Trial 2488 finished with value: 0.5391019885966395 and parameters: {'k1': 0.000956486044288328, 'D_low': 48.90083223858242, 'k2': 0.01898537680814138, 'D_high': 488914.03869388835, 'fire_exp': 1.6380584979273247, 'P_half': 495.2738955589555, 'pre_dampen_half': 16.727808471497905, 'gpp_af': 0.4657630410424901, 'gpp_b': 0.00014584701732765144, 'gpp_d': 237.36898037736847, 'ign_k': 0.016481348717616758, 'ign_c': 28.64257537191871, 'trop_agb_crit': 6.856454663148756, 'trop_k_veg': 7.591874391474257, 'pop_amp': 0.0024674698065145287, 'pop_peak': 0.2509347783160639, 'pop_sig': 0.31663860691692114}. Best is trial 1128 with value: -0.620386984093161.
[I 2026-08-20 01:31:22,959] Trial 2489 finished with value: 0.5291024075534099 and parameters: {'k1': 1.3341812094423685e-05, 'D_low': 709.9457671391242, 'k2': 0.005478064594640604, 'D_high': 655655.488579987, 'fire_exp': 2.979842230452467, 'P_half': 1690.7075029315736, 'pre_dampen_half': 39.49988473998583, 'gpp_af': 0.005168744311883725, 'gpp_b': 9.408155730933142e-05, 'gpp_d': 0.34797544087491317, 'ign_k': 0.756028115337273, 'ign_c': 0.8967241815899147, 'trop_agb_crit': 1.3979792415614503, 'trop_k_veg': 3.336897537746557, 'pop_amp': 12.22105333256723, 'pop_peak': 15.678034127856147, 'pop_sig': 2.139307599843504}. Best is trial 1128 with value: -0.620386984093161.
[I 2026-08-20 01:31:25,134] Trial 2490 finished with value: 0.5783562403786346 and parameters: {'k1': 0.00025110723049304504, 'D_low': 21.945697429356727, 'k2': 0.0017470903485681747, 'D_high': 1694715.0719611698, 'fire_exp': 1.3401168466772946, 'P_half': 231.30689559075736, 'pre_dampen_half': 1.1967797378705634, 'gpp_af': 0.0013476837545479436, 'gpp_b': 0.0003910191106688835, 'gpp_d': 768.4927741850202, 'ign_k': 0.024875039962586446, 'ign_c': 77.37982447092928, 'trop_agb_crit': 9.995856717359809, 'trop_k_veg': 4.492129688677205, 'pop_amp': 0.0010579808420931173, 'pop_peak': 0.6319723505340631, 'pop_sig': 0.6893313267689479}. Best is trial 1128 with value: -0.620386984093161.
[I 2026-08-20 01:31:27,448] Trial 2491 finished with value: 0.6445374145881376 and parameters: {'k1': 0.0017255336663489493, 'D_low': 7239.4734863773065, 'k2': 0.0018197018173344776, 'D_high': 7929124.803525606, 'fire_exp': 2.7582380123619235, 'P_half': 1642.732345402766, 'pre_dampen_half': 808.7260057451413, 'gpp_af': 0.013085181808643109, 'gpp_b': 0.0011128420247540735, 'gpp_d': 9.73471043770336, 'ign_k': 7.585867138772197, 'ign_c': 46.67096828569189, 'trop_agb_crit': 22.8368658948694, 'trop_k_veg': 3.6444293350296295, 'pop_amp': 0.0029419375387849033, 'pop_peak': 0.11253889043939051, 'pop_sig': 1.3896237937340694}. Best is trial 1128 with value: -0.620386984093161.
[I 2026-08-20 01:31:29,413] Trial 2492 finished with value: 0.6445374145881376 and parameters: {'k1': 0.0016501019071032427, 'D_low': 348381.53279888124, 'k2': 0.004845655126822341, 'D_high': 860.0546663713889, 'fire_exp': 4.450699470997102, 'P_half': 3640.1670432750648, 'pre_dampen_half': 6.189135118716857, 'gpp_af': 0.004741067576099044, 'gpp_b': 0.17294143035774318, 'gpp_d': 12.34541259806996, 'ign_k': 0.07142963727743107, 'ign_c': 24.051186488538622, 'trop_agb_crit': 1.6484708595948974, 'trop_k_veg': 1.7108549902791967, 'pop_amp': 0.13986184476306948, 'pop_peak': 0.15605101756160142, 'pop_sig': 1.7024858109818586}. Best is trial 1128 with value: -0.620386984093161.
[I 2026-08-20 01:31:31,430] Trial 2493 finished with value: 0.5760892917781001 and parameters: {'k1': 0.0009518373446890532, 'D_low': 293.9318427638878, 'k2': 0.019709579448411958, 'D_high': 9341895.526266303, 'fire_exp': 2.3830772458002922, 'P_half': 3038.747805165594, 'pre_dampen_half': 9.107613286437804, 'gpp_af': 0.0023743876126209457, 'gpp_b': 1.0673565983908135e-05, 'gpp_d': 0.631982744130012, 'ign_k': 1.0108178014126894, 'ign_c': 0.28622135189141085, 'trop_agb_crit': 1.7605941108995735, 'trop_k_veg': 6.866807851423375, 'pop_amp': 0.17448076423268893, 'pop_peak': 557.919514220073, 'pop_sig': 1.897353560441258}. Best is trial 1128 with value: -0.620386984093161.
[I 2026-08-20 01:31:33,821] Trial 2494 finished with value: 0.4060261475100928 and parameters: {'k1': 0.00021029124895906868, 'D_low': 312.9411387333537, 'k2': 0.06968163682004179, 'D_high': 473299.87349534006, 'fire_exp': 1.8095253903732442, 'P_half': 1589.3852248895234, 'pre_dampen_half': 27.05398976745772, 'gpp_af': 0.00851039858876872, 'gpp_b': 1.0069945264134422e-05, 'gpp_d': 0.05674599963722652, 'ign_k': 1.8820588859735397, 'ign_c': 0.631856670794038, 'trop_agb_crit': 2.2161603235188396, 'trop_k_veg': 4.106842410142477, 'pop_amp': 4.501170672000998, 'pop_peak': 42.53526297954737, 'pop_sig': 2.15215791911374}. Best is trial 1128 with value: -0.620386984093161.
[I 2026-08-20 01:31:36,052] Trial 2495 finished with value: 0.6445374145881376 and parameters: {'k1': 0.002834061533501214, 'D_low': 147580.43431060127, 'k2': 0.022992686283613516, 'D_high': 1977.7963666107555, 'fire_exp': 3.047956673112973, 'P_half': 9470.491746092943, 'pre_dampen_half': 1.424156721630711, 'gpp_af': 53.3697524396022, 'gpp_b': 0.08968164224875011, 'gpp_d': 1.833912530258739, 'ign_k': 0.015476873276600063, 'ign_c': 908.3043808504094, 'trop_agb_crit': 11.445092534552062, 'trop_k_veg': 3.4512410081913294, 'pop_amp': 0.007984849082729563, 'pop_peak': 74.05548029582697, 'pop_sig': 0.9020754075090123}. Best is trial 1128 with value: -0.620386984093161.
