[I 2026-06-09 12:11:18,917] Trial 507 finished with values: [10.258078278979754, 10.258078278979754] and parameters: {'k1': 0.009782222138048972, 'D_low': 35.02761367842313, 'k2': 0.037633129263701104, 'D_high': 39655.03094323017, 'fire_exp': 1.4408046627835394, 'P_half': 149.35213816355395, 'pre_dampen_half': 19.65797948502804, 'gpp_af': 5.244830565633045, 'gpp_b': 5.0279186721731925e-05, 'gpp_d': 26.003623362924223, 'ign_k': 0.0019264360371306567, 'ign_c': 21.132597710340573, 'trop_agb_crit': 6.475515989686909, 'trop_k_veg': 1.8981057964668895}.
[I 2026-06-09 12:11:20,042] Trial 508 finished with values: [10.154984738046545, 10.154984738046545] and parameters: {'k1': 5.105542986365652e-05, 'D_low': 125.32726386250698, 'k2': 8.488887549001697e-05, 'D_high': 39655.03094323017, 'fire_exp': 1.608176525358426, 'P_half': 45.55085098454082, 'pre_dampen_half': 673.2248920775328, 'gpp_af': 0.5107061330406066, 'gpp_b': 0.0028993292583566945, 'gpp_d': 500.2195003344709, 'ign_k': 0.008226074946221037, 'ign_c': 0.20319809838424974, 'trop_agb_crit': 2.679156169946616, 'trop_k_veg': 1.9900199112631034}.
[I 2026-06-09 12:11:21,176] Trial 509 finished with values: [10.320665709874298, 10.320665709874298] and parameters: {'k1': 6.404854675916172e-05, 'D_low': 12.115155843077673, 'k2': 0.06994589881535453, 'D_high': 18125.870836716233, 'fire_exp': 1.4848387260494937, 'P_half': 108.21382910613987, 'pre_dampen_half': 269.0845367054866, 'gpp_af': 1.3218737536384089, 'gpp_b': 0.002262927522655115, 'gpp_d': 1.5988721385117124, 'ign_k': 0.4303356629825978, 'ign_c': 16.651532285161657, 'trop_agb_crit': 19.51558406059598, 'trop_k_veg': 4.51930447316402}.
[I 2026-06-09 12:11:22,459] Trial 510 finished with values: [10.838316320927179, 10.838316320927179] and parameters: {'k1': 5.105542986365652e-05, 'D_low': 90.71933427331369, 'k2': 0.0002621130418912425, 'D_high': 39655.03094323017, 'fire_exp': 5.238437639662319, 'P_half': 108.21382910613987, 'pre_dampen_half': 345.01054536130147, 'gpp_af': 2.831223426520226, 'gpp_b': 0.002262927522655115, 'gpp_d': 867.6409475740121, 'ign_k': 0.5456725485601477, 'ign_c': 1.0022396791143333, 'trop_agb_crit': 19.51558406059598, 'trop_k_veg': 4.51930447316402}.
[I 2026-06-09 12:11:23,660] Trial 511 finished with values: [11.749784980797443, 11.749784980797443] and parameters: {'k1': 0.00234238498471129, 'D_low': 12.115155843077673, 'k2': 0.06994589881535453, 'D_high': 32697.906333916944, 'fire_exp': 1.14171776851287, 'P_half': 140.571633510225, 'pre_dampen_half': 340.6909167027263, 'gpp_af': 0.013876300834369224, 'gpp_b': 5.0279186721731925e-05, 'gpp_d': 0.0735311909944862, 'ign_k': 3.4288109438625263, 'ign_c': 1.0022396791143333, 'trop_agb_crit': 6.475515989686909, 'trop_k_veg': 5.06204715641377}.
[I 2026-06-09 12:11:25,007] Trial 512 finished with values: [10.89264983890492, 10.89264983890492] and parameters: {'k1': 0.007519407491506672, 'D_low': 2.3244932709566686, 'k2': 1.5412172709801895e-05, 'D_high': 69868.4759244566, 'fire_exp': 2.4902446681314054, 'P_half': 9667.97823932071, 'pre_dampen_half': 340.6909167027263, 'gpp_af': 74.81106041623164, 'gpp_b': 0.00977702299083608, 'gpp_d': 1.2434469102435366, 'ign_k': 3.1536006085184716, 'ign_c': 0.20319809838424974, 'trop_agb_crit': 2.6695352180079177, 'trop_k_veg': 1.1517712915946832}.
[I 2026-06-09 12:11:26,157] Trial 513 finished with values: [-0.5218483310770831, 0.4437771873411054] and parameters: {'k1': 9.969469187531805e-05, 'D_low': 1.2164034504723769, 'k2': 0.0021314828404757746, 'D_high': 39655.03094323017, 'fire_exp': 1.4408046627835394, 'P_half': 1.4045842344024697, 'pre_dampen_half': 17.849597677210657, 'gpp_af': 5.244830565633045, 'gpp_b': 3.686869490609954e-05, 'gpp_d': 7.070472286699648, 'ign_k': 0.3242143344038317, 'ign_c': 0.628303969797272, 'trop_agb_crit': 6.475515989686909, 'trop_k_veg': 3.6260119779455584}.
[I 2026-06-09 12:11:27,326] Trial 514 finished with values: [11.23645182440379, 11.23645182440379] and parameters: {'k1': 0.05832560268546887, 'D_low': 35.02761367842313, 'k2': 1.5167330688076188e-05, 'D_high': 39655.03094323017, 'fire_exp': 1.060109541566103, 'P_half': 5.522071973135809, 'pre_dampen_half': 340.6909167027263, 'gpp_af': 1.8075983730158514, 'gpp_b': 5.0279186721731925e-05, 'gpp_d': 26.003623362924223, 'ign_k': 0.01488823059798356, 'ign_c': 1.887567630782227, 'trop_agb_crit': 6.475515989686909, 'trop_k_veg': 4.51930447316402}.
[I 2026-06-09 12:11:28,505] Trial 515 finished with values: [10.18335050847789, 10.18335050847789] and parameters: {'k1': 0.05832560268546887, 'D_low': 35.02761367842313, 'k2': 0.06994589881535453, 'D_high': 39655.03094323017, 'fire_exp': 1.14171776851287, 'P_half': 17.655835392092534, 'pre_dampen_half': 25.184956910855394, 'gpp_af': 5.244830565633045, 'gpp_b': 3.686869490609954e-05, 'gpp_d': 0.0735311909944862, 'ign_k': 0.0019264360371306567, 'ign_c': 0.9083381663660584, 'trop_agb_crit': 6.475515989686909, 'trop_k_veg': 4.51930447316402}.
[I 2026-06-09 12:11:29,602] Trial 516 finished with values: [11.407121749403283, 11.407121749403283] and parameters: {'k1': 0.015161591075671724, 'D_low': 2.7012557725439073, 'k2': 0.06994589881535453, 'D_high': 18125.870836716233, 'fire_exp': 1.060109541566103, 'P_half': 818.2111518618419, 'pre_dampen_half': 340.6909167027263, 'gpp_af': 0.0018077112775902943, 'gpp_b': 2.711380409817698e-05, 'gpp_d': 1.5988721385117124, 'ign_k': 0.3242143344038317, 'ign_c': 0.21234210963705627, 'trop_agb_crit': 19.51558406059598, 'trop_k_veg': 4.51930447316402}.
[I 2026-06-09 12:11:30,851] Trial 517 finished with values: [10.733346519842387, 10.733346519842387] and parameters: {'k1': 6.615437365561391e-05, 'D_low': 12.115155843077673, 'k2': 0.0009749762207436118, 'D_high': 39655.03094323017, 'fire_exp': 1.060109541566103, 'P_half': 1.4045842344024697, 'pre_dampen_half': 340.6909167027263, 'gpp_af': 1.3218737536384089, 'gpp_b': 0.050107402158164165, 'gpp_d': 0.0735311909944862, 'ign_k': 0.01488823059798356, 'ign_c': 0.13262030086414142, 'trop_agb_crit': 6.475515989686909, 'trop_k_veg': 4.51930447316402}.
[I 2026-06-09 12:11:32,082] Trial 518 finished with values: [-0.5563400082306721, 0.06006735466055346] and parameters: {'k1': 0.01549659926581634, 'D_low': 35.02761367842313, 'k2': 0.037633129263701104, 'D_high': 39655.03094323017, 'fire_exp': 2.10707132280748, 'P_half': 1.4045842344024697, 'pre_dampen_half': 566.2858823465564, 'gpp_af': 0.01942738928156656, 'gpp_b': 0.002262927522655115, 'gpp_d': 26.003623362924223, 'ign_k': 0.3242143344038317, 'ign_c': 21.132597710340573, 'trop_agb_crit': 19.51558406059598, 'trop_k_veg': 4.51930447316402}.
[I 2026-06-09 12:11:33,214] Trial 519 finished with values: [10.798001504942894, 10.798001504942894] and parameters: {'k1': 5.105542986365652e-05, 'D_low': 125.32726386250698, 'k2': 8.488887549001697e-05, 'D_high': 39655.03094323017, 'fire_exp': 1.608176525358426, 'P_half': 70.87479683081001, 'pre_dampen_half': 673.2248920775328, 'gpp_af': 1.3218737536384089, 'gpp_b': 1.7213644875359617e-05, 'gpp_d': 500.2195003344709, 'ign_k': 3.1536006085184716, 'ign_c': 1.8836925134820866, 'trop_agb_crit': 1.5144860262751405, 'trop_k_veg': 1.8981057964668895}.
[I 2026-06-09 12:11:34,331] Trial 520 finished with values: [-0.4460793533281679, 0.4742597440933106] and parameters: {'k1': 0.0004846497679219079, 'D_low': 102.53722513378383, 'k2': 0.06994589881535453, 'D_high': 18125.870836716233, 'fire_exp': 1.14171776851287, 'P_half': 1.8942844905792813, 'pre_dampen_half': 345.01054536130147, 'gpp_af': 21.94636142065287, 'gpp_b': 0.0012749409641020352, 'gpp_d': 1.5988721385117124, 'ign_k': 0.0019264360371306567, 'ign_c': 0.21234210963705627, 'trop_agb_crit': 1.5144860262751405, 'trop_k_veg': 4.51930447316402}.
[I 2026-06-09 12:11:35,489] Trial 521 finished with values: [10.48659195911433, 10.48659195911433] and parameters: {'k1': 0.0630731811849173, 'D_low': 1.533916259116362, 'k2': 0.0005700142105246941, 'D_high': 39655.03094323017, 'fire_exp': 1.14171776851287, 'P_half': 63.906950920732235, 'pre_dampen_half': 340.6909167027263, 'gpp_af': 4.874291611803563, 'gpp_b': 5.0279186721731925e-05, 'gpp_d': 0.0735311909944862, 'ign_k': 0.5456725485601477, 'ign_c': 0.20319809838424974, 'trop_agb_crit': 6.475515989686909, 'trop_k_veg': 0.6618107836658104}.
[I 2026-06-09 12:11:36,611] Trial 522 finished with values: [11.593021051627023, 11.593021051627023] and parameters: {'k1': 0.00810356796771759, 'D_low': 102.53722513378383, 'k2': 0.06994589881535453, 'D_high': 14268.845807630427, 'fire_exp': 1.4848387260494937, 'P_half': 108.21382910613987, 'pre_dampen_half': 269.0845367054866, 'gpp_af': 1.3218737536384089, 'gpp_b': 0.00011277885258222645, 'gpp_d': 7.070472286699648, 'ign_k': 0.4303356629825978, 'ign_c': 0.9083381663660584, 'trop_agb_crit': 1.6059119829430093, 'trop_k_veg': 4.51930447316402}.
[I 2026-06-09 12:11:37,786] Trial 523 finished with values: [10.528328537643162, 10.528328537643162] and parameters: {'k1': 9.969469187531805e-05, 'D_low': 1.533916259116362, 'k2': 5.153993511603138e-05, 'D_high': 69868.4759244566, 'fire_exp': 1.4848387260494937, 'P_half': 64.52946500764233, 'pre_dampen_half': 340.6909167027263, 'gpp_af': 96.4653310890222, 'gpp_b': 0.00977702299083608, 'gpp_d': 7.070472286699648, 'ign_k': 0.0018548376790967168, 'ign_c': 5.762487216478598, 'trop_agb_crit': 2.0420012944047587, 'trop_k_veg': 4.51930447316402}.
[I 2026-06-09 12:11:39,027] Trial 524 finished with values: [-0.44696522638273006, 0.3461580606002248] and parameters: {'k1': 5.105542986365652e-05, 'D_low': 35.02761367842313, 'k2': 8.488887549001697e-05, 'D_high': 39655.03094323017, 'fire_exp': 1.608176525358426, 'P_half': 1.4045842344024697, 'pre_dampen_half': 673.2248920775328, 'gpp_af': 0.13767835510755025, 'gpp_b': 1.7213644875359617e-05, 'gpp_d': 1.6983565276584263, 'ign_k': 0.0019264360371306567, 'ign_c': 0.20319809838424974, 'trop_agb_crit': 1.6369193980425034, 'trop_k_veg': 1.0540721475196824}.
[I 2026-06-09 12:11:40,140] Trial 525 finished with values: [10.44183156351584, 10.44183156351584] and parameters: {'k1': 0.05832560268546887, 'D_low': 2.3244932709566686, 'k2': 0.0009749762207436118, 'D_high': 39655.03094323017, 'fire_exp': 1.3340920378182823, 'P_half': 1.4045842344024697, 'pre_dampen_half': 673.2248920775328, 'gpp_af': 5.244830565633045, 'gpp_b': 0.2859164396628517, 'gpp_d': 1.6983565276584263, 'ign_k': 0.0019264360371306567, 'ign_c': 5.034696988263485, 'trop_agb_crit': 1.6369193980425034, 'trop_k_veg': 3.6260119779455584}.
[I 2026-06-09 12:11:41,240] Trial 526 finished with values: [10.277308986769352, 10.277308986769352] and parameters: {'k1': 6.404854675916172e-05, 'D_low': 12.115155843077673, 'k2': 4.540076719227351e-05, 'D_high': 14268.845807630427, 'fire_exp': 1.060109541566103, 'P_half': 17.655835392092534, 'pre_dampen_half': 269.0845367054866, 'gpp_af': 0.32613327839065587, 'gpp_b': 2.036444166653217e-05, 'gpp_d': 0.2473046721099913, 'ign_k': 1.1215915868662767, 'ign_c': 0.9083381663660584, 'trop_agb_crit': 19.51558406059598, 'trop_k_veg': 4.51930447316402}.
[I 2026-06-09 12:11:42,343] Trial 527 finished with values: [10.860055912554582, 10.860055912554582] and parameters: {'k1': 0.01549659926581634, 'D_low': 1593.4806585556198, 'k2': 0.037633129263701104, 'D_high': 14268.845807630427, 'fire_exp': 2.10707132280748, 'P_half': 149.35213816355395, 'pre_dampen_half': 0.5366300182010677, 'gpp_af': 1.3218737536384089, 'gpp_b': 0.002262927522655115, 'gpp_d': 99.3234953243749, 'ign_k': 0.3242143344038317, 'ign_c': 1.887567630782227, 'trop_agb_crit': 19.51558406059598, 'trop_k_veg': 1.8981057964668895}.
[I 2026-06-09 12:11:43,668] Trial 528 finished with values: [10.491256760628648, 10.491256760628648] and parameters: {'k1': 0.009782222138048972, 'D_low': 35.02761367842313, 'k2': 1.5167330688076188e-05, 'D_high': 18125.870836716233, 'fire_exp': 1.608176525358426, 'P_half': 1.4045842344024697, 'pre_dampen_half': 340.6909167027263, 'gpp_af': 1.8075983730158514, 'gpp_b': 1.7213644875359617e-05, 'gpp_d': 0.0735311909944862, 'ign_k': 0.01488823059798356, 'ign_c': 1.887567630782227, 'trop_agb_crit': 1.6369193980425034, 'trop_k_veg': 4.51930447316402}.
[I 2026-06-09 12:11:44,929] Trial 529 finished with values: [10.537824227320092, 10.537824227320092] and parameters: {'k1': 0.007519407491506672, 'D_low': 1593.4806585556198, 'k2': 0.06994589881535453, 'D_high': 14268.845807630427, 'fire_exp': 1.14171776851287, 'P_half': 45.55085098454082, 'pre_dampen_half': 11.164047352793695, 'gpp_af': 1.3218737536384089, 'gpp_b': 1.7213644875359617e-05, 'gpp_d': 0.0735311909944862, 'ign_k': 0.030489833442275356, 'ign_c': 1.887567630782227, 'trop_agb_crit': 19.51558406059598, 'trop_k_veg': 1.0540721475196824}.
[I 2026-06-09 12:11:46,177] Trial 530 finished with values: [10.84392497380092, 10.84392497380092] and parameters: {'k1': 0.007519407491506672, 'D_low': 8924.795116437426, 'k2': 1.5412172709801895e-05, 'D_high': 69868.4759244566, 'fire_exp': 2.4902446681314054, 'P_half': 1.4045842344024697, 'pre_dampen_half': 673.2248920775328, 'gpp_af': 0.5107061330406066, 'gpp_b': 0.0028993292583566945, 'gpp_d': 1.6983565276584263, 'ign_k': 0.5456725485601477, 'ign_c': 0.20319809838424974, 'trop_agb_crit': 1.259515631748535, 'trop_k_veg': 1.1517712915946832}.
[I 2026-06-09 12:11:47,311] Trial 531 finished with values: [11.16686347310058, 11.16686347310058] and parameters: {'k1': 0.0030219760889797966, 'D_low': 10.16551026641873, 'k2': 0.037633129263701104, 'D_high': 14268.845807630427, 'fire_exp': 2.10707132280748, 'P_half': 1.4468941663899353, 'pre_dampen_half': 340.6909167027263, 'gpp_af': 21.635028947225102, 'gpp_b': 2.036444166653217e-05, 'gpp_d': 7.070472286699648, 'ign_k': 1.1215915868662767, 'ign_c': 1.8836925134820866, 'trop_agb_crit': 2.6695352180079177, 'trop_k_veg': 4.8737397608275925}.
[I 2026-06-09 12:11:48,429] Trial 532 finished with values: [10.212303705497096, 10.212303705497096] and parameters: {'k1': 0.00234238498471129, 'D_low': 2.3244932709566686, 'k2': 0.002148652800991412, 'D_high': 18125.870836716233, 'fire_exp': 1.14171776851287, 'P_half': 1.4045842344024697, 'pre_dampen_half': 673.2248920775328, 'gpp_af': 0.5107061330406066, 'gpp_b': 0.002262927522655115, 'gpp_d': 0.0735311909944862, 'ign_k': 0.5456725485601477, 'ign_c': 0.20319809838424974, 'trop_agb_crit': 19.51558406059598, 'trop_k_veg': 2.48750880833956}.
[I 2026-06-09 12:11:49,515] Trial 533 finished with values: [10.662619272003738, 10.662619272003738] and parameters: {'k1': 6.615437365561391e-05, 'D_low': 12.115155843077673, 'k2': 0.0002226297338331264, 'D_high': 39655.03094323017, 'fire_exp': 2.7454618873611927, 'P_half': 1.4045842344024697, 'pre_dampen_half': 340.6909167027263, 'gpp_af': 0.5107061330406066, 'gpp_b': 0.050107402158164165, 'gpp_d': 1.6983565276584263, 'ign_k': 0.7962155254465005, 'ign_c': 0.20319809838424974, 'trop_agb_crit': 1.6059119829430093, 'trop_k_veg': 3.6260119779455584}.
[I 2026-06-09 12:11:50,633] Trial 534 finished with values: [10.418371250862402, 10.418371250862402] and parameters: {'k1': 0.0030219760889797966, 'D_low': 1.2164034504723769, 'k2': 0.06994589881535453, 'D_high': 39655.03094323017, 'fire_exp': 1.060109541566103, 'P_half': 5.522071973135809, 'pre_dampen_half': 340.6909167027263, 'gpp_af': 1.8075983730158514, 'gpp_b': 5.0279186721731925e-05, 'gpp_d': 0.0735311909944862, 'ign_k': 0.01488823059798356, 'ign_c': 0.21234210963705627, 'trop_agb_crit': 6.475515989686909, 'trop_k_veg': 4.51930447316402}.
[I 2026-06-09 12:11:51,850] Trial 535 finished with values: [10.670921903820712, 10.670921903820712] and parameters: {'k1': 0.01549659926581634, 'D_low': 10.16551026641873, 'k2': 0.037633129263701104, 'D_high': 14268.845807630427, 'fire_exp': 2.10707132280748, 'P_half': 149.35213816355395, 'pre_dampen_half': 566.2858823465564, 'gpp_af': 1.3218737536384089, 'gpp_b': 0.008317899113065998, 'gpp_d': 7.070472286699648, 'ign_k': 1.1215915868662767, 'ign_c': 0.9083381663660584, 'trop_agb_crit': 1.6369193980425034, 'trop_k_veg': 4.8737397608275925}.
[I 2026-06-09 12:11:53,033] Trial 536 finished with values: [11.078979515916265, 11.078979515916265] and parameters: {'k1': 0.031166852978784926, 'D_low': 1.533916259116362, 'k2': 0.0021314828404757746, 'D_high': 69868.4759244566, 'fire_exp': 1.4408046627835394, 'P_half': 64.52946500764233, 'pre_dampen_half': 340.6909167027263, 'gpp_af': 5.244830565633045, 'gpp_b': 3.686869490609954e-05, 'gpp_d': 26.003623362924223, 'ign_k': 0.0019264360371306567, 'ign_c': 1.0022396791143333, 'trop_agb_crit': 6.475515989686909, 'trop_k_veg': 3.6260119779455584}.
[I 2026-06-09 12:11:54,159] Trial 537 finished with values: [10.892568147500524, 10.892568147500524] and parameters: {'k1': 9.969469187531805e-05, 'D_low': 1.533916259116362, 'k2': 0.002148652800991412, 'D_high': 48.094619675015736, 'fire_exp': 1.14171776851287, 'P_half': 1.8942844905792813, 'pre_dampen_half': 340.6909167027263, 'gpp_af': 5.244830565633045, 'gpp_b': 2.536361685460602, 'gpp_d': 0.0735311909944862, 'ign_k': 0.5456725485601477, 'ign_c': 4.862769762212838, 'trop_agb_crit': 1.5144860262751405, 'trop_k_veg': 0.6618107836658104}.
[I 2026-06-09 12:11:55,232] Trial 538 finished with values: [-0.5193185251633248, 0.2055506725395192] and parameters: {'k1': 1.263794633808287e-05, 'D_low': 125.32726386250698, 'k2': 8.488887549001697e-05, 'D_high': 39655.03094323017, 'fire_exp': 1.608176525358426, 'P_half': 28.647019533509873, 'pre_dampen_half': 673.2248920775328, 'gpp_af': 21.258647437649888, 'gpp_b': 1.7213644875359617e-05, 'gpp_d': 500.2195003344709, 'ign_k': 0.3242143344038317, 'ign_c': 18.43395662181926, 'trop_agb_crit': 2.064341235744835, 'trop_k_veg': 4.8737397608275925}.
[I 2026-06-09 12:11:56,334] Trial 539 finished with values: [10.035026338068821, 10.035026338068821] and parameters: {'k1': 6.615437365561391e-05, 'D_low': 102.53722513378383, 'k2': 0.0009749762207436118, 'D_high': 39655.03094323017, 'fire_exp': 1.157110862187662, 'P_half': 1.4045842344024697, 'pre_dampen_half': 340.6909167027263, 'gpp_af': 1.3218737536384089, 'gpp_b': 0.050107402158164165, 'gpp_d': 26.003623362924223, 'ign_k': 0.0019264360371306567, 'ign_c': 1.887567630782227, 'trop_agb_crit': 1.6369193980425034, 'trop_k_veg': 4.51930447316402}.
[I 2026-06-09 12:11:57,420] Trial 540 finished with values: [10.064047103067791, 10.064047103067791] and parameters: {'k1': 6.404854675916172e-05, 'D_low': 10.16551026641873, 'k2': 0.0009749762207436118, 'D_high': 14268.845807630427, 'fire_exp': 1.0227532009936005, 'P_half': 149.35213816355395, 'pre_dampen_half': 340.6909167027263, 'gpp_af': 0.02421803966589225, 'gpp_b': 0.0358180527371211, 'gpp_d': 99.3234953243749, 'ign_k': 0.3242143344038317, 'ign_c': 1.887567630782227, 'trop_agb_crit': 19.51558406059598, 'trop_k_veg': 4.51930447316402}.
[I 2026-06-09 12:11:58,661] Trial 541 finished with values: [10.058666984797151, 10.058666984797151] and parameters: {'k1': 0.0630731811849173, 'D_low': 102.53722513378383, 'k2': 0.04461217349302766, 'D_high': 41821.78526757458, 'fire_exp': 2.10707132280748, 'P_half': 50.32059347286801, 'pre_dampen_half': 340.6909167027263, 'gpp_af': 1.3218737536384089, 'gpp_b': 0.0006724850206557243, 'gpp_d': 0.0735311909944862, 'ign_k': 0.5456725485601477, 'ign_c': 0.20319809838424974, 'trop_agb_crit': 2.6695352180079177, 'trop_k_veg': 1.8981057964668895}.
[I 2026-06-09 12:11:59,885] Trial 542 finished with values: [10.462835122446005, 10.462835122446005] and parameters: {'k1': 9.969469187531805e-05, 'D_low': 12.115155843077673, 'k2': 1.3357240411974104e-05, 'D_high': 69.60633318526381, 'fire_exp': 1.060109541566103, 'P_half': 45.55085098454082, 'pre_dampen_half': 340.6909167027263, 'gpp_af': 1.8075983730158514, 'gpp_b': 2.036444166653217e-05, 'gpp_d': 0.0735311909944862, 'ign_k': 0.008226074946221037, 'ign_c': 1.0022396791143333, 'trop_agb_crit': 8.404607864475192, 'trop_k_veg': 3.6260119779455584}.
[I 2026-06-09 12:12:01,081] Trial 543 finished with values: [10.026151382093271, 10.026151382093271] and parameters: {'k1': 0.0030219760889797966, 'D_low': 12.115155843077673, 'k2': 1.3357240411974104e-05, 'D_high': 14268.845807630427, 'fire_exp': 1.060109541566103, 'P_half': 17.655835392092534, 'pre_dampen_half': 340.6909167027263, 'gpp_af': 1.8075983730158514, 'gpp_b': 2.036444166653217e-05, 'gpp_d': 0.0735311909944862, 'ign_k': 1.1215915868662767, 'ign_c': 0.9083381663660584, 'trop_agb_crit': 2.679156169946616, 'trop_k_veg': 4.8737397608275925}.
[I 2026-06-09 12:12:02,198] Trial 544 finished with values: [12.16137958002709, 12.16137958002709] and parameters: {'k1': 0.0030219760889797966, 'D_low': 2.3244932709566686, 'k2': 0.06994589881535453, 'D_high': 39655.03094323017, 'fire_exp': 1.1615865989246452, 'P_half': 1.4045842344024697, 'pre_dampen_half': 673.2248920775328, 'gpp_af': 0.5107061330406066, 'gpp_b': 0.0028993292583566945, 'gpp_d': 1.6983565276584263, 'ign_k': 0.3242143344038317, 'ign_c': 0.9083381663660584, 'trop_agb_crit': 1.259515631748535, 'trop_k_veg': 1.1517712915946832}.
[I 2026-06-09 12:12:03,333] Trial 545 finished with values: [10.090097313914848, 10.090097313914848] and parameters: {'k1': 0.003103604223881657, 'D_low': 1.533916259116362, 'k2': 0.0005700142105246941, 'D_high': 39655.03094323017, 'fire_exp': 1.14171776851287, 'P_half': 63.906950920732235, 'pre_dampen_half': 345.01054536130147, 'gpp_af': 4.874291611803563, 'gpp_b': 0.0012749409641020352, 'gpp_d': 0.030786517836196188, 'ign_k': 0.5456725485601477, 'ign_c': 0.20319809838424974, 'trop_agb_crit': 1.5144860262751405, 'trop_k_veg': 0.6618107836658104}.
