[I 2026-08-20 00:48:29,618] Trial 1184 finished with value: -0.509959823548909 and parameters: {'k1': 0.002700854693793217, 'D_low': 4.850967441269152, 'k2': 0.00014903464507436503, 'D_high': 364506.5510876444, 'fire_exp': 1.4077278887229672, 'P_half': 1024.7394411644725, 'pre_dampen_half': 31.79678409648747, 'gpp_af': 0.006849807327684378, 'gpp_b': 0.0009523706650196023, 'gpp_d': 0.041508824946927425, 'ign_k': 5.818358436945254, 'ign_c': 2.2875829810657686, 'trop_agb_crit': 4.314372270776828, 'trop_k_veg': 1.6534653331091327, 'pop_amp': 0.2357144073775208, 'pop_peak': 0.0788456674099732, 'pop_sig': 0.5498062923944511}. Best is trial 1128 with value: -0.620386984093161.
[I 2026-08-20 00:48:31,443] Trial 1185 finished with value: 0.42635874044076416 and parameters: {'k1': 0.0017527036177364202, 'D_low': 261.28066718896616, 'k2': 0.0052569412087754295, 'D_high': 8971415.7888715, 'fire_exp': 1.1496122020449753, 'P_half': 86.44026314559088, 'pre_dampen_half': 5.805914978843082, 'gpp_af': 0.03910841942154874, 'gpp_b': 0.0007254084967334981, 'gpp_d': 0.06647064035530163, 'ign_k': 3.5831622805662997, 'ign_c': 0.260153322461501, 'trop_agb_crit': 2.4711204616408886, 'trop_k_veg': 1.5964505127591329, 'pop_amp': 0.5007816075202541, 'pop_peak': 1.0993339973661589, 'pop_sig': 0.9662854132541703}. Best is trial 1128 with value: -0.620386984093161.
[I 2026-08-20 00:48:33,241] Trial 1186 finished with value: 0.6421003434424756 and parameters: {'k1': 0.00024765584281509137, 'D_low': 182.11440411817682, 'k2': 0.0016370412497525146, 'D_high': 5421775.471853481, 'fire_exp': 1.4514177688337258, 'P_half': 2075.3604880204707, 'pre_dampen_half': 9.78233088944763, 'gpp_af': 0.014460296039480822, 'gpp_b': 0.00012274478781428979, 'gpp_d': 0.19997645980628165, 'ign_k': 2.585211220638849, 'ign_c': 35.74659809091895, 'trop_agb_crit': 2.0089472519300418, 'trop_k_veg': 2.505555927928581, 'pop_amp': 14.286453428763519, 'pop_peak': 0.149935647714925, 'pop_sig': 0.28328034359502235}. Best is trial 1128 with value: -0.620386984093161.
[I 2026-08-20 00:48:35,097] Trial 1187 finished with value: 0.5997135465626082 and parameters: {'k1': 0.09284417211909744, 'D_low': 425.02765559918976, 'k2': 0.047336111314912215, 'D_high': 7989.338735910764, 'fire_exp': 2.370452309903318, 'P_half': 1.2643502471942465, 'pre_dampen_half': 2.0996187753212823, 'gpp_af': 0.016372047985872454, 'gpp_b': 0.03397550989936463, 'gpp_d': 6.5634188478616835, 'ign_k': 0.1573557698764119, 'ign_c': 5.746536652944048, 'trop_agb_crit': 3.060664384227751, 'trop_k_veg': 7.497782476964676, 'pop_amp': 1.0069075555546456, 'pop_peak': 31.11647698185303, 'pop_sig': 0.45031681286450487}. Best is trial 1128 with value: -0.620386984093161.
[I 2026-08-20 00:48:36,905] Trial 1188 finished with value: 0.622900394262861 and parameters: {'k1': 0.007374473035878397, 'D_low': 213389.28233269686, 'k2': 0.008505268822332093, 'D_high': 3609008.0374024836, 'fire_exp': 1.1826732983952133, 'P_half': 24.65268395665955, 'pre_dampen_half': 0.06152439152190983, 'gpp_af': 0.00823583382470328, 'gpp_b': 0.00015530651561419145, 'gpp_d': 37.80232421223553, 'ign_k': 0.0030465803610880632, 'ign_c': 3.5895459405778043, 'trop_agb_crit': 4.097463934860947, 'trop_k_veg': 1.9596812021836725, 'pop_amp': 10.32085302469663, 'pop_peak': 4.60463413353821, 'pop_sig': 2.477972269791564}. Best is trial 1128 with value: -0.620386984093161.
[I 2026-08-20 00:48:38,768] Trial 1189 finished with value: 0.6445374145881376 and parameters: {'k1': 0.0003674375856689693, 'D_low': 74.83260464082863, 'k2': 0.0031932510954729557, 'D_high': 3188929.083363121, 'fire_exp': 3.480958326709127, 'P_half': 417.4369399579168, 'pre_dampen_half': 0.7511968566882719, 'gpp_af': 0.007420473516066024, 'gpp_b': 0.00016785029513997758, 'gpp_d': 0.016273693713997287, 'ign_k': 1.7181715468377776, 'ign_c': 95.75156212381259, 'trop_agb_crit': 1.0445506420614004, 'trop_k_veg': 7.363482037020304, 'pop_amp': 0.035579929286968875, 'pop_peak': 0.06061129573925535, 'pop_sig': 0.45799160333717426}. Best is trial 1128 with value: -0.620386984093161.
[I 2026-08-20 00:48:40,594] Trial 1190 finished with value: 0.4342684022817386 and parameters: {'k1': 0.00514636535821291, 'D_low': 66.60949797467293, 'k2': 0.0024160121792335884, 'D_high': 122321.23550162831, 'fire_exp': 1.3434986301946452, 'P_half': 325.66682010566353, 'pre_dampen_half': 82.68276952877063, 'gpp_af': 0.001828228403288303, 'gpp_b': 2.315155832679901e-05, 'gpp_d': 0.4882410934869493, 'ign_k': 0.01592185950124518, 'ign_c': 80.14310509751888, 'trop_agb_crit': 4.24569037545076, 'trop_k_veg': 4.88828561129163, 'pop_amp': 4.450059546030341, 'pop_peak': 49.74789356641665, 'pop_sig': 0.7031803476246098}. Best is trial 1128 with value: -0.620386984093161.
[I 2026-08-20 00:48:42,422] Trial 1191 finished with value: 0.5548053858067171 and parameters: {'k1': 0.00032073517004819807, 'D_low': 1.20141453879518, 'k2': 0.0007937874256331195, 'D_high': 20249.6121844682, 'fire_exp': 1.1545790597486705, 'P_half': 151.56230377673023, 'pre_dampen_half': 1.1744179041371177, 'gpp_af': 0.013069984983831722, 'gpp_b': 2.951098256574723e-05, 'gpp_d': 0.03611278816359062, 'ign_k': 0.09898183899041091, 'ign_c': 4.209299155938953, 'trop_agb_crit': 3.146679077472372, 'trop_k_veg': 6.773601836774046, 'pop_amp': 0.3488682408023359, 'pop_peak': 0.050413657525324305, 'pop_sig': 0.25059654117146013}. Best is trial 1128 with value: -0.620386984093161.
[I 2026-08-20 00:48:44,198] Trial 1192 finished with value: -0.5726832173129366 and parameters: {'k1': 0.0007178978750818732, 'D_low': 527.736342940383, 'k2': 0.0034745248911044967, 'D_high': 412430.4094554191, 'fire_exp': 1.0508150483231622, 'P_half': 749.8669910344618, 'pre_dampen_half': 2.961766976875167, 'gpp_af': 0.0020523877018435058, 'gpp_b': 0.0001587539068086192, 'gpp_d': 2.438239756160079, 'ign_k': 5.747820396717198, 'ign_c': 0.4488659697289909, 'trop_agb_crit': 1.0230923153456446, 'trop_k_veg': 0.9161282800222869, 'pop_amp': 2.5502370346126666, 'pop_peak': 1.572830435318428, 'pop_sig': 0.4666812742081291}. Best is trial 1128 with value: -0.620386984093161.
[I 2026-08-20 00:48:46,064] Trial 1193 finished with value: 0.5831057082286655 and parameters: {'k1': 0.0014245010658565703, 'D_low': 15.089728843718081, 'k2': 0.00046937010838988874, 'D_high': 3128620.7504144562, 'fire_exp': 1.7056362464928854, 'P_half': 6510.937726550118, 'pre_dampen_half': 41.3076713416963, 'gpp_af': 0.032698571558010786, 'gpp_b': 2.9877652916073863e-05, 'gpp_d': 0.20652542593189677, 'ign_k': 3.5813386052489404, 'ign_c': 2.120677808715133, 'trop_agb_crit': 3.094781786986095, 'trop_k_veg': 2.54622810120433, 'pop_amp': 0.22594216704756093, 'pop_peak': 0.07269648458616035, 'pop_sig': 0.2886147371968183}. Best is trial 1128 with value: -0.620386984093161.
[I 2026-08-20 00:48:47,883] Trial 1194 finished with value: 0.5620966217184193 and parameters: {'k1': 0.006642392278230127, 'D_low': 511.9120043329622, 'k2': 0.0018849227240840209, 'D_high': 7552898.582489354, 'fire_exp': 1.3099248815959115, 'P_half': 4986.64679802554, 'pre_dampen_half': 0.30844410965248065, 'gpp_af': 0.004830768073129537, 'gpp_b': 9.492738280647988e-05, 'gpp_d': 0.2733149389864578, 'ign_k': 1.002242681394791, 'ign_c': 7.922846049078978, 'trop_agb_crit': 3.2658093210038666, 'trop_k_veg': 4.330795124445313, 'pop_amp': 1.7617461478910432, 'pop_peak': 156.57845389622506, 'pop_sig': 0.9112422948157318}. Best is trial 1128 with value: -0.620386984093161.
[I 2026-08-20 00:48:50,047] Trial 1195 finished with value: 0.653748153007126 and parameters: {'k1': 0.001259650824523502, 'D_low': 26.81395100271819, 'k2': 0.003342814137161257, 'D_high': 2437861.8848863128, 'fire_exp': 8.270480576562683, 'P_half': 6.460544779303613, 'pre_dampen_half': 2.379990485692088, 'gpp_af': 0.1719377147560177, 'gpp_b': 6.162927919915188e-05, 'gpp_d': 623.306998792767, 'ign_k': 6.671821363387416, 'ign_c': 33.3850366209124, 'trop_agb_crit': 8.842348120418231, 'trop_k_veg': 1.5289451317255842, 'pop_amp': 3.9452660757979205, 'pop_peak': 0.15383893781293842, 'pop_sig': 1.0713482138653996}. Best is trial 1128 with value: -0.620386984093161.
[I 2026-08-20 00:48:51,841] Trial 1196 finished with value: -0.5770384972535695 and parameters: {'k1': 0.0001227225238495325, 'D_low': 2.475562441637642, 'k2': 0.004812889047080103, 'D_high': 6932165.013629111, 'fire_exp': 2.966582302700873, 'P_half': 153.8972188143945, 'pre_dampen_half': 42.46147902787527, 'gpp_af': 0.0963703143218979, 'gpp_b': 0.03929289551376998, 'gpp_d': 0.18307874572816663, 'ign_k': 3.4866161559799553, 'ign_c': 0.3164461055647138, 'trop_agb_crit': 9.587433006697857, 'trop_k_veg': 3.962049090104336, 'pop_amp': 16.92180697685594, 'pop_peak': 2.822357130462083, 'pop_sig': 1.5324542305973008}. Best is trial 1128 with value: -0.620386984093161.
[I 2026-08-20 00:48:53,660] Trial 1197 finished with value: 0.594676034459191 and parameters: {'k1': 0.000605446674415571, 'D_low': 21526.710158396032, 'k2': 0.006682747462048484, 'D_high': 309794.9625323299, 'fire_exp': 4.290598806775777, 'P_half': 228.61938707998218, 'pre_dampen_half': 37.77287251088324, 'gpp_af': 0.15255397106867466, 'gpp_b': 0.02624582299593637, 'gpp_d': 40.197889210508, 'ign_k': 2.458620657122324, 'ign_c': 0.8339583714099585, 'trop_agb_crit': 11.760339715591593, 'trop_k_veg': 1.0975771559652405, 'pop_amp': 0.1459392255493127, 'pop_peak': 1.0496912758240107, 'pop_sig': 0.7483576103011904}. Best is trial 1128 with value: -0.620386984093161.
[I 2026-08-20 00:48:55,466] Trial 1198 finished with value: 0.6123376496911735 and parameters: {'k1': 1.3533534677594001e-05, 'D_low': 5.738597329588307, 'k2': 0.004586939352027614, 'D_high': 778651.4394796395, 'fire_exp': 2.922100414109053, 'P_half': 360.2332011502712, 'pre_dampen_half': 21.62034628726446, 'gpp_af': 0.0029927329037356186, 'gpp_b': 0.04327136034984742, 'gpp_d': 0.2717739042945805, 'ign_k': 3.113823454180508, 'ign_c': 0.7231820200661162, 'trop_agb_crit': 4.987659455365522, 'trop_k_veg': 7.846963506814219, 'pop_amp': 13.211339800925069, 'pop_peak': 3.209289529514976, 'pop_sig': 2.2541890994013727}. Best is trial 1128 with value: -0.620386984093161.
[I 2026-08-20 00:48:57,274] Trial 1199 finished with value: 0.5051999186496675 and parameters: {'k1': 0.005444098600081726, 'D_low': 3211.899850960883, 'k2': 0.014981789571319976, 'D_high': 119740.84735367358, 'fire_exp': 3.574132796998866, 'P_half': 13.086375144870308, 'pre_dampen_half': 1.153591563038017, 'gpp_af': 0.4768493135488244, 'gpp_b': 0.006937807117177039, 'gpp_d': 472.0949836301343, 'ign_k': 4.5466935397110655, 'ign_c': 3.8167350374480584, 'trop_agb_crit': 17.191096442175613, 'trop_k_veg': 0.7865102670532814, 'pop_amp': 0.011620233579550499, 'pop_peak': 0.11737107404324608, 'pop_sig': 1.0197983786158031}. Best is trial 1128 with value: -0.620386984093161.
[I 2026-08-20 00:48:59,105] Trial 1200 finished with value: 0.5488197803720986 and parameters: {'k1': 0.04378283774209221, 'D_low': 298.5361159705657, 'k2': 0.06796364664754799, 'D_high': 7068083.219722442, 'fire_exp': 2.1064159827495046, 'P_half': 2793.694089380887, 'pre_dampen_half': 888.3021609667172, 'gpp_af': 0.014616636624180997, 'gpp_b': 0.00034365963014705494, 'gpp_d': 665.5592596126677, 'ign_k': 9.061494992747678, 'ign_c': 0.374667075043207, 'trop_agb_crit': 6.660034559796221, 'trop_k_veg': 3.9171301649967503, 'pop_amp': 0.4514537563710174, 'pop_peak': 11.874619092821328, 'pop_sig': 1.0584636213064882}. Best is trial 1128 with value: -0.620386984093161.
[I 2026-08-20 00:49:00,928] Trial 1201 finished with value: 0.5954761683865394 and parameters: {'k1': 0.0005766466004546788, 'D_low': 42.99747160620913, 'k2': 0.0005981246490309904, 'D_high': 5928.492421743438, 'fire_exp': 1.8378415690391854, 'P_half': 838.4310682346496, 'pre_dampen_half': 8.111766002882572, 'gpp_af': 0.07479365189347824, 'gpp_b': 0.0005994995131044902, 'gpp_d': 0.0786383585700676, 'ign_k': 1.5300935106373237, 'ign_c': 3.0536233799655226, 'trop_agb_crit': 1.0422140519331504, 'trop_k_veg': 1.709933328367744, 'pop_amp': 0.5081959328258374, 'pop_peak': 0.6332150842402736, 'pop_sig': 0.26661318335195916}. Best is trial 1128 with value: -0.620386984093161.
[I 2026-08-20 00:49:02,734] Trial 1202 finished with value: 0.6024164801476459 and parameters: {'k1': 0.006688157769444757, 'D_low': 12.696527617869368, 'k2': 0.0004963837024002752, 'D_high': 35693.74678725495, 'fire_exp': 2.0194065999296855, 'P_half': 1192.974234236004, 'pre_dampen_half': 3.2344014745062406, 'gpp_af': 0.3613899201948532, 'gpp_b': 0.0010617948213500887, 'gpp_d': 0.029409893372324893, 'ign_k': 0.3164334429119513, 'ign_c': 8.146036822502737, 'trop_agb_crit': 2.1674887409403554, 'trop_k_veg': 3.6840625355654986, 'pop_amp': 10.360368373340158, 'pop_peak': 0.07863371335769653, 'pop_sig': 0.329735386740592}. Best is trial 1128 with value: -0.620386984093161.
[I 2026-08-20 00:49:04,538] Trial 1203 finished with value: 0.6395293132436681 and parameters: {'k1': 0.03610795297643133, 'D_low': 137540.7068155988, 'k2': 0.04876353300435103, 'D_high': 412897.13894835283, 'fire_exp': 3.1972253339811214, 'P_half': 99.50706364656713, 'pre_dampen_half': 267.16587491555435, 'gpp_af': 0.1643116514359628, 'gpp_b': 0.0873223878508125, 'gpp_d': 33.617129900313486, 'ign_k': 0.7575886865518238, 'ign_c': 0.7082411293338816, 'trop_agb_crit': 12.760983500647477, 'trop_k_veg': 6.2572153818327, 'pop_amp': 0.08651613292425689, 'pop_peak': 0.1057242225408223, 'pop_sig': 0.527389656955312}. Best is trial 1128 with value: -0.620386984093161.
[I 2026-08-20 00:49:06,387] Trial 1204 finished with value: 0.5151381913255066 and parameters: {'k1': 0.00015254383210696845, 'D_low': 37138.69145837858, 'k2': 0.06041064749653588, 'D_high': 277047.30604245677, 'fire_exp': 1.638192874120838, 'P_half': 21.381257278377443, 'pre_dampen_half': 1.1052622194886728, 'gpp_af': 0.07920563220891168, 'gpp_b': 1.2671170634087048e-05, 'gpp_d': 0.06627886233049747, 'ign_k': 7.26185801635805, 'ign_c': 2.236488877694948, 'trop_agb_crit': 2.1245757995696746, 'trop_k_veg': 6.458421055371948, 'pop_amp': 0.4456333658100453, 'pop_peak': 0.12262578577053655, 'pop_sig': 0.3591968589924046}. Best is trial 1128 with value: -0.620386984093161.
[I 2026-08-20 00:49:08,167] Trial 1205 finished with value: 0.5237158946671959 and parameters: {'k1': 0.000271719485285836, 'D_low': 5597.218333030309, 'k2': 0.05054383959491655, 'D_high': 2267388.097160747, 'fire_exp': 1.7935977465016928, 'P_half': 160.91418356328762, 'pre_dampen_half': 0.5397311894443328, 'gpp_af': 0.0011161232852285698, 'gpp_b': 6.671873715902857e-05, 'gpp_d': 0.14742380745729597, 'ign_k': 0.3352720119995989, 'ign_c': 0.401269519436977, 'trop_agb_crit': 4.419805051147838, 'trop_k_veg': 7.42312916270799, 'pop_amp': 0.37714824522138085, 'pop_peak': 0.2908718189727079, 'pop_sig': 0.737912907793386}. Best is trial 1128 with value: -0.620386984093161.
[I 2026-08-20 00:49:10,025] Trial 1206 finished with value: -0.5795687464197652 and parameters: {'k1': 0.000124866539951396, 'D_low': 7852.657649392832, 'k2': 0.05193887827196781, 'D_high': 5456148.345345886, 'fire_exp': 3.223143629932911, 'P_half': 16.84327869852479, 'pre_dampen_half': 45.86970142647564, 'gpp_af': 0.004284704764387933, 'gpp_b': 3.6745452735371444e-05, 'gpp_d': 0.26300934102920803, 'ign_k': 0.8134392468218482, 'ign_c': 5.967210235237088, 'trop_agb_crit': 1.7885947227085637, 'trop_k_veg': 5.386601299553331, 'pop_amp': 0.4966084732446854, 'pop_peak': 4.411383827771227, 'pop_sig': 0.4001598827702069}. Best is trial 1128 with value: -0.620386984093161.
[I 2026-08-20 00:49:12,224] Trial 1207 finished with value: 0.4482921202668554 and parameters: {'k1': 0.0002065281765865475, 'D_low': 8239.768904457276, 'k2': 0.06358592755563836, 'D_high': 2013965.494840039, 'fire_exp': 4.385891221801839, 'P_half': 60.37769205716412, 'pre_dampen_half': 57.16888337398821, 'gpp_af': 0.010911513154122475, 'gpp_b': 0.0001488034771494954, 'gpp_d': 0.5767683434923079, 'ign_k': 0.44304480523400785, 'ign_c': 3.178002027080505, 'trop_agb_crit': 2.1772545167777517, 'trop_k_veg': 7.395539523110792, 'pop_amp': 0.385759361252686, 'pop_peak': 1.4646206171518295, 'pop_sig': 0.4405766096470552}. Best is trial 1128 with value: -0.620386984093161.
[I 2026-08-20 00:49:14,095] Trial 1208 finished with value: 0.5634873385669394 and parameters: {'k1': 6.131361712752747e-05, 'D_low': 1106.9095209603995, 'k2': 0.0008484096656409762, 'D_high': 8802211.571856616, 'fire_exp': 1.5446297780454923, 'P_half': 316.9895976054922, 'pre_dampen_half': 0.034979360139749484, 'gpp_af': 0.0806112656839182, 'gpp_b': 0.005876694325432521, 'gpp_d': 0.20016205871475296, 'ign_k': 4.636168805642617, 'ign_c': 0.9898000050520748, 'trop_agb_crit': 2.1442613309653016, 'trop_k_veg': 5.532297541942189, 'pop_amp': 0.3770739573754879, 'pop_peak': 7.043655459776588, 'pop_sig': 1.0373276799673385}. Best is trial 1128 with value: -0.620386984093161.
[I 2026-08-20 00:49:15,944] Trial 1209 finished with value: -0.5247677398533402 and parameters: {'k1': 0.001633706374487404, 'D_low': 79.08338852563612, 'k2': 0.005431048407987136, 'D_high': 3155221.5629787464, 'fire_exp': 1.752496379906616, 'P_half': 93.49189881424586, 'pre_dampen_half': 42.07794632560064, 'gpp_af': 0.15121943247421213, 'gpp_b': 0.0029819883399873873, 'gpp_d': 0.08152604457594681, 'ign_k': 0.9353132649978056, 'ign_c': 3.8126660152251612, 'trop_agb_crit': 1.0843357713179844, 'trop_k_veg': 2.144623138079319, 'pop_amp': 2.4072082933222263, 'pop_peak': 0.12107727600245496, 'pop_sig': 0.3570519665025092}. Best is trial 1128 with value: -0.620386984093161.
[I 2026-08-20 00:49:17,783] Trial 1210 finished with value: 0.5709583715432165 and parameters: {'k1': 0.004478250752667558, 'D_low': 2031.906795439174, 'k2': 0.0007043159700050422, 'D_high': 4806026.631831055, 'fire_exp': 1.3893293418077064, 'P_half': 1287.4389390873212, 'pre_dampen_half': 15.111073422954908, 'gpp_af': 0.0019299118229796708, 'gpp_b': 0.0016810226963593351, 'gpp_d': 80.03308515047041, 'ign_k': 0.562786734825206, 'ign_c': 19.9714500183402, 'trop_agb_crit': 19.755987986634942, 'trop_k_veg': 2.393402361417963, 'pop_amp': 0.0012787627714927147, 'pop_peak': 12.31366179491802, 'pop_sig': 0.8437942041410268}. Best is trial 1128 with value: -0.620386984093161.
[I 2026-08-20 00:49:19,600] Trial 1211 finished with value: 0.46214036988937846 and parameters: {'k1': 0.0015251692513952525, 'D_low': 88.02903166131472, 'k2': 0.005105510053737278, 'D_high': 1691190.9899644724, 'fire_exp': 1.2640268310633043, 'P_half': 1.3449459730569098, 'pre_dampen_half': 1.2691433978226667, 'gpp_af': 0.13800036348340877, 'gpp_b': 0.061980667137048896, 'gpp_d': 0.19242780291024217, 'ign_k': 0.004191142076348035, 'ign_c': 0.3844567057155257, 'trop_agb_crit': 1.3077022284610347, 'trop_k_veg': 0.9238889649510055, 'pop_amp': 6.409511676322865, 'pop_peak': 21.246717469123293, 'pop_sig': 1.0839080057273722}. Best is trial 1128 with value: -0.620386984093161.
[I 2026-08-20 00:49:21,398] Trial 1212 finished with value: 0.41779305763922736 and parameters: {'k1': 0.01258499427388538, 'D_low': 60.03107899525177, 'k2': 0.00034128424571039503, 'D_high': 1296274.7616052693, 'fire_exp': 1.103634297775434, 'P_half': 101.20704421512966, 'pre_dampen_half': 1.9790034004015604, 'gpp_af': 0.0017709082981747838, 'gpp_b': 3.179423252100559e-05, 'gpp_d': 0.015044955792674342, 'ign_k': 0.1352887202152571, 'ign_c': 18.3421885628628, 'trop_agb_crit': 1.3914496097127638, 'trop_k_veg': 5.900579593155388, 'pop_amp': 2.921698372906381, 'pop_peak': 3.4026551776360128, 'pop_sig': 1.1460401703834564}. Best is trial 1128 with value: -0.620386984093161.
[I 2026-08-20 00:49:23,199] Trial 1213 finished with value: 0.5928163280484801 and parameters: {'k1': 0.0014423587673996223, 'D_low': 246.94144149288528, 'k2': 0.0007305900397178364, 'D_high': 9012.26412224118, 'fire_exp': 2.91412501293908, 'P_half': 242.11141196879544, 'pre_dampen_half': 0.1513250744674309, 'gpp_af': 1.7426787565918511, 'gpp_b': 0.0002437273724011455, 'gpp_d': 60.973199585763275, 'ign_k': 2.5312554124347435, 'ign_c': 1.1119994648051688, 'trop_agb_crit': 9.47618555630405, 'trop_k_veg': 1.670271875634061, 'pop_amp': 0.07933375437321888, 'pop_peak': 1.3948316598018917, 'pop_sig': 0.5783336885589618}. Best is trial 1128 with value: -0.620386984093161.
[I 2026-08-20 00:49:25,002] Trial 1214 finished with value: 0.6228362824138719 and parameters: {'k1': 0.007462126574420837, 'D_low': 1.0720590377543529, 'k2': 0.00758359601017245, 'D_high': 168.97851723159408, 'fire_exp': 3.0446890015834343, 'P_half': 5561.997249682015, 'pre_dampen_half': 0.29760214312612937, 'gpp_af': 1.7174030563970222, 'gpp_b': 6.447239480190314, 'gpp_d': 7.065052212525235, 'ign_k': 3.7203631387896237, 'ign_c': 4.403928000518966, 'trop_agb_crit': 1.2510745319554255, 'trop_k_veg': 2.8073948323196873, 'pop_amp': 0.3424574824909966, 'pop_peak': 120.29745524617898, 'pop_sig': 0.6885043018411426}. Best is trial 1128 with value: -0.620386984093161.
[I 2026-08-20 00:49:26,840] Trial 1215 finished with value: 0.6105265381237622 and parameters: {'k1': 0.00014498383660040178, 'D_low': 155950.5933215613, 'k2': 0.034257219575958266, 'D_high': 1361429.591683164, 'fire_exp': 2.1817908484605875, 'P_half': 5.48924005501341, 'pre_dampen_half': 25.043867825173397, 'gpp_af': 0.0018056255515383878, 'gpp_b': 5.4946169432418174e-05, 'gpp_d': 0.6232652777225465, 'ign_k': 0.3281362341415687, 'ign_c': 1.527457345499743, 'trop_agb_crit': 1.0819959528674568, 'trop_k_veg': 4.281589771937332, 'pop_amp': 1.1430021976837197, 'pop_peak': 2.821053796870294, 'pop_sig': 0.444324574043423}. Best is trial 1128 with value: -0.620386984093161.
