[I 2026-08-14 14:40:12,924] Trial 1228 finished with values: [-0.36543815328268203, 2.708937518747234e-10] and parameters: {'k1': 1.8595266457134027e-05, 'D_low': 13713.885091300914, 'k2': 0.0004673518999562748, 'D_high': 44.39648242927527, 'fire_exp': 1.075051292556307, 'P_half': 1938.3858782150498, 'pre_dampen_half': 0.0195172246414495, 'gpp_af': 0.0023751383317256927, 'gpp_b': 2.788681037423117, 'gpp_d': 2.292633983096564, 'ign_k': 0.03141110271934876, 'ign_c': 105.24574681335613, 'trop_agb_crit': 2.1775224101934065, 'trop_k_veg': 3.4508425771776365, 'fuel_k': 0.24067532026281035, 'fuel_half': 57.882001937752435}.
[I 2026-08-14 14:40:14,845] Trial 1229 finished with values: [-0.3554625854118624, 0.0] and parameters: {'k1': 0.0004688858519834985, 'D_low': 4.043300846639722, 'k2': 1.263794633808287e-05, 'D_high': 316055.11434645514, 'fire_exp': 1.6214575867079866, 'P_half': 1535.1441568398143, 'pre_dampen_half': 0.03426913908389044, 'gpp_af': 0.0023751383317256927, 'gpp_b': 1.1728753685919104, 'gpp_d': 0.0318557175945047, 'ign_k': 0.04380580767905655, 'ign_c': 105.24574681335613, 'trop_agb_crit': 13.98132484257899, 'trop_k_veg': 3.4508425771776365, 'fuel_k': 1.6630228777630973, 'fuel_half': 3.7093134348291836}.
[I 2026-08-14 14:40:16,777] Trial 1230 finished with values: [-0.4188365280826269, 0.0006933011145747736] and parameters: {'k1': 6.069662445477729e-05, 'D_low': 9.222492453004657, 'k2': 0.00019472216066157317, 'D_high': 160625.60954780428, 'fire_exp': 1.2429193829348841, 'P_half': 1938.3858782150498, 'pre_dampen_half': 0.03627422119926134, 'gpp_af': 0.0025511964576171086, 'gpp_b': 0.0002749442721369228, 'gpp_d': 0.01307253094873642, 'ign_k': 0.03141110271934876, 'ign_c': 3.0378658251922155, 'trop_agb_crit': 6.247810889373202, 'trop_k_veg': 3.4508425771776365, 'fuel_k': 5.486054129200969, 'fuel_half': 15.581254655530845}.
[I 2026-08-14 14:40:19,360] Trial 1231 finished with values: [-0.4190877930905631, 4.7469104809461093e-05] and parameters: {'k1': 1.8595266457134027e-05, 'D_low': 7.109383445138647, 'k2': 0.00010939944910100016, 'D_high': 316055.11434645514, 'fire_exp': 1.2429193829348841, 'P_half': 351.2704726270846, 'pre_dampen_half': 0.0195172246414495, 'gpp_af': 0.0023751383317256927, 'gpp_b': 3.228689523591491e-05, 'gpp_d': 2.292633983096564, 'ign_k': 0.04380580767905655, 'ign_c': 105.24574681335613, 'trop_agb_crit': 2.1775224101934065, 'trop_k_veg': 2.8224577471047865, 'fuel_k': 0.021123235354472927, 'fuel_half': 65.99277195883643}.
[I 2026-08-14 14:40:21,285] Trial 1232 finished with values: [-0.40313398406846623, 2.714957014759989e-08] and parameters: {'k1': 0.0004688858519834985, 'D_low': 1.7887890916820506, 'k2': 0.00010939944910100016, 'D_high': 316055.11434645514, 'fire_exp': 1.2429193829348841, 'P_half': 3910.3637457741784, 'pre_dampen_half': 0.10609580257119508, 'gpp_af': 0.0023751383317256927, 'gpp_b': 2.788681037423117, 'gpp_d': 0.012284844784580964, 'ign_k': 0.602755130171958, 'ign_c': 14.935213816355384, 'trop_agb_crit': 13.98132484257899, 'trop_k_veg': 2.8224577471047865, 'fuel_k': 0.021123235354472927, 'fuel_half': 65.99277195883643}.
[I 2026-08-14 14:40:23,187] Trial 1233 finished with values: [-0.41041614375680907, 1.2215894654721282e-06] and parameters: {'k1': 0.00016312233285809254, 'D_low': 367.4904945305323, 'k2': 1.263794633808287e-05, 'D_high': 316055.11434645514, 'fire_exp': 1.3224672913793163, 'P_half': 1212.4080603355412, 'pre_dampen_half': 0.03426913908389044, 'gpp_af': 0.030592049838223532, 'gpp_b': 2.788681037423117, 'gpp_d': 597.9617889501159, 'ign_k': 0.754074907457476, 'ign_c': 15.221840161091626, 'trop_agb_crit': 13.98132484257899, 'trop_k_veg': 1.0540721475196824, 'fuel_k': 1.6630228777630973, 'fuel_half': 3.7093134348291836}.
[I 2026-08-14 14:40:25,164] Trial 1234 finished with values: [-0.412785926070261, 9.549400377117934e-07] and parameters: {'k1': 0.00016312233285809254, 'D_low': 2.607160725470918, 'k2': 1.263794633808287e-05, 'D_high': 8500.54600545206, 'fire_exp': 1.3224672913793163, 'P_half': 48.464976792190825, 'pre_dampen_half': 0.5491703202887761, 'gpp_af': 0.030592049838223532, 'gpp_b': 2.788681037423117, 'gpp_d': 0.01307253094873642, 'ign_k': 0.567034633562729, 'ign_c': 15.221840161091626, 'trop_agb_crit': 5.808568531484235, 'trop_k_veg': 3.4508425771776365, 'fuel_k': 5.486054129200969, 'fuel_half': 15.581254655530845}.
[I 2026-08-14 14:40:27,174] Trial 1235 finished with values: [-0.36717396885549064, 1.9725075794951863e-08] and parameters: {'k1': 6.069662445477729e-05, 'D_low': 128395.48332743198, 'k2': 0.0009670857606743155, 'D_high': 625838.668783032, 'fire_exp': 1.2429193829348841, 'P_half': 1938.3858782150498, 'pre_dampen_half': 0.10609580257119508, 'gpp_af': 0.008983355849178878, 'gpp_b': 1.1728753685919104, 'gpp_d': 0.012472726063715429, 'ign_k': 6.705921794825829, 'ign_c': 0.1887261434847181, 'trop_agb_crit': 4.626185073645362, 'trop_k_veg': 1.7570501127699654, 'fuel_k': 5.486054129200969, 'fuel_half': 15.581254655530845}.
[I 2026-08-14 14:40:29,153] Trial 1236 finished with values: [-0.355352484394719, 0.0] and parameters: {'k1': 1.8595266457134027e-05, 'D_low': 128395.48332743198, 'k2': 0.00019472216066157317, 'D_high': 316055.11434645514, 'fire_exp': 1.2429193829348841, 'P_half': 1535.1441568398143, 'pre_dampen_half': 0.03627422119926134, 'gpp_af': 0.0023751383317256927, 'gpp_b': 1.1728753685919104, 'gpp_d': 0.01307253094873642, 'ign_k': 0.04380580767905655, 'ign_c': 105.24574681335613, 'trop_agb_crit': 16.86264052240002, 'trop_k_veg': 2.8224577471047865, 'fuel_k': 0.021123235354472927, 'fuel_half': 65.99277195883643}.
[I 2026-08-14 14:40:31,456] Trial 1237 finished with values: [-0.3554625854118624, 0.0] and parameters: {'k1': 6.069662445477729e-05, 'D_low': 1.7887890916820506, 'k2': 0.00010939944910100016, 'D_high': 160625.60954780428, 'fire_exp': 5.6082367242883935, 'P_half': 3910.3637457741784, 'pre_dampen_half': 0.10609580257119508, 'gpp_af': 0.0025511964576171086, 'gpp_b': 1.1728753685919104, 'gpp_d': 0.01307253094873642, 'ign_k': 0.03141110271934876, 'ign_c': 14.935213816355384, 'trop_agb_crit': 13.98132484257899, 'trop_k_veg': 3.4508425771776365, 'fuel_k': 5.486054129200969, 'fuel_half': 15.581254655530845}.
[I 2026-08-14 14:40:33,364] Trial 1238 finished with values: [-0.36222492722153576, 0.0] and parameters: {'k1': 0.00016312233285809254, 'D_low': 2.607160725470918, 'k2': 1.263794633808287e-05, 'D_high': 8500.54600545206, 'fire_exp': 1.6733848721157607, 'P_half': 48.464976792190825, 'pre_dampen_half': 0.03333029838740256, 'gpp_af': 0.0025511964576171086, 'gpp_b': 2.788681037423117, 'gpp_d': 0.01307253094873642, 'ign_k': 0.03141110271934876, 'ign_c': 40.23373392740452, 'trop_agb_crit': 16.86264052240002, 'trop_k_veg': 2.7966782201015787, 'fuel_k': 5.486054129200969, 'fuel_half': 15.581254655530845}.
[I 2026-08-14 14:40:35,356] Trial 1239 finished with values: [-0.4220195977486839, 6.174114363510785e-05] and parameters: {'k1': 1.0477226564098276e-05, 'D_low': 42862.23942120829, 'k2': 0.00010939944910100016, 'D_high': 316055.11434645514, 'fire_exp': 1.2429193829348841, 'P_half': 1.2843094700513464, 'pre_dampen_half': 0.0195172246414495, 'gpp_af': 0.0023751383317256927, 'gpp_b': 0.00017826376967587887, 'gpp_d': 0.012284844784580964, 'ign_k': 0.04380580767905655, 'ign_c': 105.24574681335613, 'trop_agb_crit': 13.98132484257899, 'trop_k_veg': 2.8224577471047865, 'fuel_k': 1.6630228777630973, 'fuel_half': 65.99277195883643}.
[I 2026-08-14 14:40:37,442] Trial 1240 finished with values: [-0.3554625854118624, 0.0] and parameters: {'k1': 0.0004688858519834985, 'D_low': 367.4904945305323, 'k2': 1.263794633808287e-05, 'D_high': 316055.11434645514, 'fire_exp': 1.2429193829348841, 'P_half': 48.464976792190825, 'pre_dampen_half': 0.03411860497758073, 'gpp_af': 0.0023751383317256927, 'gpp_b': 2.788681037423117, 'gpp_d': 8.144272585223819, 'ign_k': 0.567034633562729, 'ign_c': 105.24574681335613, 'trop_agb_crit': 13.365572767895445, 'trop_k_veg': 1.128469461526162, 'fuel_k': 0.06382243375381637, 'fuel_half': 0.30455368715396786}.
[I 2026-08-14 14:40:40,111] Trial 1241 finished with values: [-0.4070803360895516, 1.8291790650493134e-05] and parameters: {'k1': 0.0012329098365270509, 'D_low': 9.222492453004657, 'k2': 1.854837679096716e-05, 'D_high': 160625.60954780428, 'fire_exp': 1.182396148413737, 'P_half': 3910.3637457741784, 'pre_dampen_half': 0.10609580257119508, 'gpp_af': 0.0025511964576171086, 'gpp_b': 0.07311344697279921, 'gpp_d': 0.07525142212697536, 'ign_k': 0.04380580767905655, 'ign_c': 14.935213816355384, 'trop_agb_crit': 2.3118820898020997, 'trop_k_veg': 0.6921865222804094, 'fuel_k': 5.486054129200969, 'fuel_half': 15.581254655530845}.
[I 2026-08-14 14:40:42,089] Trial 1242 finished with values: [-0.4103929894405556, 1.633036305737079e-06] and parameters: {'k1': 0.0012329098365270509, 'D_low': 367.4904945305323, 'k2': 0.0009670857606743155, 'D_high': 316055.11434645514, 'fire_exp': 1.075051292556307, 'P_half': 7683.876502998063, 'pre_dampen_half': 0.03411860497758073, 'gpp_af': 0.05779293266899788, 'gpp_b': 0.015382154459808445, 'gpp_d': 0.01307253094873642, 'ign_k': 0.04380580767905655, 'ign_c': 105.24574681335613, 'trop_agb_crit': 2.1775224101934065, 'trop_k_veg': 0.6921865222804094, 'fuel_k': 0.28630931797361614, 'fuel_half': 15.581254655530845}.
[I 2026-08-14 14:40:44,025] Trial 1243 finished with values: [-0.3715285900002638, 7.023170933706524e-11] and parameters: {'k1': 0.0004688858519834985, 'D_low': 1.7887890916820506, 'k2': 1.263794633808287e-05, 'D_high': 316055.11434645514, 'fire_exp': 1.6733848721157607, 'P_half': 3910.3637457741784, 'pre_dampen_half': 0.03333029838740256, 'gpp_af': 0.0023751383317256927, 'gpp_b': 2.788681037423117, 'gpp_d': 0.01307253094873642, 'ign_k': 0.602755130171958, 'ign_c': 14.935213816355384, 'trop_agb_crit': 13.98132484257899, 'trop_k_veg': 3.4508425771776365, 'fuel_k': 5.486054129200969, 'fuel_half': 15.581254655530845}.
[I 2026-08-14 14:40:46,038] Trial 1244 finished with values: [-0.39908250275917484, 0.0005224522139065657] and parameters: {'k1': 0.02321615060145499, 'D_low': 367.4904945305323, 'k2': 0.0005708731724249573, 'D_high': 44.39648242927527, 'fire_exp': 1.2429193829348841, 'P_half': 48.464976792190825, 'pre_dampen_half': 0.011501973785501987, 'gpp_af': 0.008983355849178878, 'gpp_b': 0.00024732964314480056, 'gpp_d': 314.6826989726468, 'ign_k': 0.567034633562729, 'ign_c': 0.18316165443932733, 'trop_agb_crit': 1.0110060758310602, 'trop_k_veg': 1.8469549401909453, 'fuel_k': 0.06382243375381637, 'fuel_half': 3.7093134348291836}.
[I 2026-08-14 14:40:47,959] Trial 1245 finished with values: [-0.39570825628292006, 7.057282802591658e-08] and parameters: {'k1': 0.08249350417880776, 'D_low': 4.043300846639722, 'k2': 0.00019472216066157317, 'D_high': 44.39648242927527, 'fire_exp': 1.2429193829348841, 'P_half': 48.464976792190825, 'pre_dampen_half': 0.03627422119926134, 'gpp_af': 0.0023751383317256927, 'gpp_b': 2.788681037423117, 'gpp_d': 8.144272585223819, 'ign_k': 0.04380580767905655, 'ign_c': 0.18316165443932733, 'trop_agb_crit': 16.86264052240002, 'trop_k_veg': 3.4508425771776365, 'fuel_k': 0.5777537518777747, 'fuel_half': 15.581254655530845}.
[I 2026-08-14 14:40:49,935] Trial 1246 finished with values: [-0.3554689696312252, 0.0] and parameters: {'k1': 1.8595266457134027e-05, 'D_low': 128395.48332743198, 'k2': 1.263794633808287e-05, 'D_high': 316055.11434645514, 'fire_exp': 1.9439887028475722, 'P_half': 1938.3858782150498, 'pre_dampen_half': 0.03627422119926134, 'gpp_af': 0.004278816952793263, 'gpp_b': 1.1728753685919104, 'gpp_d': 0.01307253094873642, 'ign_k': 0.476373748459372, 'ign_c': 0.18316165443932733, 'trop_agb_crit': 2.1775224101934065, 'trop_k_veg': 3.4508425771776365, 'fuel_k': 5.486054129200969, 'fuel_half': 15.581254655530845}.
[I 2026-08-14 14:40:51,949] Trial 1247 finished with values: [-0.48702009216837894, 0.004765743251739396] and parameters: {'k1': 0.005066525680701903, 'D_low': 367.4904945305323, 'k2': 0.0009670857606743155, 'D_high': 316055.11434645514, 'fire_exp': 1.182396148413737, 'P_half': 269.74113434525447, 'pre_dampen_half': 0.03411860497758073, 'gpp_af': 0.34902252478382495, 'gpp_b': 0.03103333227753725, 'gpp_d': 2.292633983096564, 'ign_k': 0.567034633562729, 'ign_c': 15.221840161091626, 'trop_agb_crit': 2.1775224101934065, 'trop_k_veg': 2.417028380770307, 'fuel_k': 1.6460650207153917, 'fuel_half': 0.30455368715396786}.
[I 2026-08-14 14:40:53,949] Trial 1248 finished with values: [-0.3954003022064078, 1.7858918788249412e-09] and parameters: {'k1': 6.069662445477729e-05, 'D_low': 4.043300846639722, 'k2': 0.0001997174727159274, 'D_high': 625838.668783032, 'fire_exp': 1.2429193829348841, 'P_half': 1535.1441568398143, 'pre_dampen_half': 0.03627422119926134, 'gpp_af': 0.008983355849178878, 'gpp_b': 1.1728753685919104, 'gpp_d': 0.01307253094873642, 'ign_k': 0.04380580767905655, 'ign_c': 105.24574681335613, 'trop_agb_crit': 16.86264052240002, 'trop_k_veg': 3.4508425771776365, 'fuel_k': 5.486054129200969, 'fuel_half': 15.581254655530845}.
[I 2026-08-14 14:40:55,968] Trial 1249 finished with values: [-0.4223465082524841, 0.0048446831792822165] and parameters: {'k1': 0.0012329098365270509, 'D_low': 13120.886542273083, 'k2': 1.263794633808287e-05, 'D_high': 8500.54600545206, 'fire_exp': 1.173927153460853, 'P_half': 351.2704726270846, 'pre_dampen_half': 0.10609580257119508, 'gpp_af': 0.008983355849178878, 'gpp_b': 0.00011201820858026725, 'gpp_d': 314.6826989726468, 'ign_k': 0.03141110271934876, 'ign_c': 3.0378658251922155, 'trop_agb_crit': 12.090290534777825, 'trop_k_veg': 3.4508425771776365, 'fuel_k': 5.486054129200969, 'fuel_half': 0.30455368715396786}.
[I 2026-08-14 14:40:58,179] Trial 1250 finished with values: [-0.35543469213480006, 0.0] and parameters: {'k1': 0.0004688858519834985, 'D_low': 128395.48332743198, 'k2': 0.00010939944910100016, 'D_high': 316055.11434645514, 'fire_exp': 1.2429193829348841, 'P_half': 1938.3858782150498, 'pre_dampen_half': 189.97055631564942, 'gpp_af': 0.0023751383317256927, 'gpp_b': 2.788681037423117, 'gpp_d': 0.012284844784580964, 'ign_k': 0.04380580767905655, 'ign_c': 105.24574681335613, 'trop_agb_crit': 2.165567635777746, 'trop_k_veg': 0.9694140152996831, 'fuel_k': 2.1155673152993293, 'fuel_half': 15.581254655530845}.
[I 2026-08-14 14:41:00,658] Trial 1251 finished with values: [-0.3954003022064078, 1.7858918788249412e-09] and parameters: {'k1': 6.069662445477729e-05, 'D_low': 4.043300846639722, 'k2': 0.00019472216066157317, 'D_high': 625838.668783032, 'fire_exp': 1.2429193829348841, 'P_half': 1535.1441568398143, 'pre_dampen_half': 0.03627422119926134, 'gpp_af': 0.008983355849178878, 'gpp_b': 1.1728753685919104, 'gpp_d': 0.01307253094873642, 'ign_k': 0.04380580767905655, 'ign_c': 105.24574681335613, 'trop_agb_crit': 16.86264052240002, 'trop_k_veg': 3.4508425771776365, 'fuel_k': 5.486054129200969, 'fuel_half': 15.581254655530845}.
[I 2026-08-14 14:41:02,616] Trial 1252 finished with values: [-0.41548117819771874, 7.365964395877889e-06] and parameters: {'k1': 0.0012329098365270509, 'D_low': 367.4904945305323, 'k2': 0.0009670857606743155, 'D_high': 316055.11434645514, 'fire_exp': 1.2429193829348841, 'P_half': 1938.3858782150498, 'pre_dampen_half': 0.03411860497758073, 'gpp_af': 0.0025511964576171086, 'gpp_b': 0.0004738670710886234, 'gpp_d': 0.015163585438685893, 'ign_k': 0.04380580767905655, 'ign_c': 105.24574681335613, 'trop_agb_crit': 2.1775224101934065, 'trop_k_veg': 2.417028380770307, 'fuel_k': 0.28630931797361614, 'fuel_half': 8.484880500561488}.
[I 2026-08-14 14:41:04,534] Trial 1253 finished with values: [-0.4009737122819869, 0.00012915816829850435] and parameters: {'k1': 0.0004688858519834985, 'D_low': 14618.52117171286, 'k2': 1.263794633808287e-05, 'D_high': 44.39648242927527, 'fire_exp': 1.2429193829348841, 'P_half': 48.464976792190825, 'pre_dampen_half': 3.6582532384424273, 'gpp_af': 0.0023751383317256927, 'gpp_b': 0.00017826376967587887, 'gpp_d': 0.015163585438685893, 'ign_k': 0.04380580767905655, 'ign_c': 105.24574681335613, 'trop_agb_crit': 2.8247556751182876, 'trop_k_veg': 2.8224577471047865, 'fuel_k': 1.6630228777630973, 'fuel_half': 15.581254655530845}.
[I 2026-08-14 14:41:06,470] Trial 1254 finished with values: [-0.4006885508318785, 1.6323842038201697e-05] and parameters: {'k1': 0.0003713474360443033, 'D_low': 3507.515213502105, 'k2': 1.263794633808287e-05, 'D_high': 188.7410028249909, 'fire_exp': 1.079417250956597, 'P_half': 48.464976792190825, 'pre_dampen_half': 3.659675301686169, 'gpp_af': 0.0023751383317256927, 'gpp_b': 2.788681037423117, 'gpp_d': 314.6826989726468, 'ign_k': 0.04380580767905655, 'ign_c': 15.221840161091626, 'trop_agb_crit': 2.8116786914477667, 'trop_k_veg': 1.0540721475196824, 'fuel_k': 0.06382243375381637, 'fuel_half': 9.10937061240052}.
[I 2026-08-14 14:41:08,355] Trial 1255 finished with values: [-0.42011823232939155, 3.637689342372852e-05] and parameters: {'k1': 1.8595266457134027e-05, 'D_low': 128395.48332743198, 'k2': 0.04212821120592908, 'D_high': 316055.11434645514, 'fire_exp': 1.2429193829348841, 'P_half': 3910.3637457741784, 'pre_dampen_half': 0.0195172246414495, 'gpp_af': 0.0023751383317256927, 'gpp_b': 0.00017826376967587887, 'gpp_d': 0.01307253094873642, 'ign_k': 0.03141110271934876, 'ign_c': 0.18316165443932733, 'trop_agb_crit': 2.1775224101934065, 'trop_k_veg': 2.8224577471047865, 'fuel_k': 0.05878716918558591, 'fuel_half': 15.581254655530845}.
[I 2026-08-14 14:41:11,224] Trial 1256 finished with values: [-0.3683307312839906, 0.0003278229493227647] and parameters: {'k1': 0.0012329098365270509, 'D_low': 128395.48332743198, 'k2': 1.854837679096716e-05, 'D_high': 4264115.018815137, 'fire_exp': 1.6214575867079866, 'P_half': 351.2704726270846, 'pre_dampen_half': 0.0195172246414495, 'gpp_af': 0.0023751383317256927, 'gpp_b': 3.228689523591491e-05, 'gpp_d': 314.6826989726468, 'ign_k': 0.04380580767905655, 'ign_c': 3.0378658251922155, 'trop_agb_crit': 12.090290534777825, 'trop_k_veg': 2.8224577471047865, 'fuel_k': 5.486054129200969, 'fuel_half': 65.99277195883643}.
[I 2026-08-14 14:41:13,990] Trial 1257 finished with values: [-0.3686724306522419, 0.0008186447969861232] and parameters: {'k1': 0.030536406552994097, 'D_low': 128395.48332743198, 'k2': 0.01159468905150514, 'D_high': 316055.11434645514, 'fire_exp': 1.6214575867079866, 'P_half': 1938.3858782150498, 'pre_dampen_half': 0.10609580257119508, 'gpp_af': 0.34902252478382495, 'gpp_b': 0.00017826376967587887, 'gpp_d': 3.0023172465753074, 'ign_k': 0.567034633562729, 'ign_c': 0.1887261434847181, 'trop_agb_crit': 2.1775224101934065, 'trop_k_veg': 1.7570501127699654, 'fuel_k': 5.486054129200969, 'fuel_half': 0.30455368715396786}.
[I 2026-08-14 14:41:15,938] Trial 1258 finished with values: [-0.3554625854118624, 0.0] and parameters: {'k1': 0.05554169083020911, 'D_low': 53787.834449992246, 'k2': 1.263794633808287e-05, 'D_high': 316055.11434645514, 'fire_exp': 1.2429193829348841, 'P_half': 1535.1441568398143, 'pre_dampen_half': 0.10609580257119508, 'gpp_af': 0.34902252478382495, 'gpp_b': 2.788681037423117, 'gpp_d': 3.0023172465753074, 'ign_k': 0.567034633562729, 'ign_c': 105.24574681335613, 'trop_agb_crit': 5.881906289439389, 'trop_k_veg': 1.128469461526162, 'fuel_k': 1.6630228777630973, 'fuel_half': 0.30455368715396786}.
[I 2026-08-14 14:41:17,796] Trial 1259 finished with values: [-0.4048632860940159, 7.512785538121847e-08] and parameters: {'k1': 1.8595266457134027e-05, 'D_low': 2.607160725470918, 'k2': 0.00019472216066157317, 'D_high': 160625.60954780428, 'fire_exp': 1.2429193829348841, 'P_half': 1938.3858782150498, 'pre_dampen_half': 0.0195172246414495, 'gpp_af': 0.0025511964576171086, 'gpp_b': 1.1728753685919104, 'gpp_d': 2.292633983096564, 'ign_k': 0.04380580767905655, 'ign_c': 3.0378658251922155, 'trop_agb_crit': 16.86264052240002, 'trop_k_veg': 3.4508425771776365, 'fuel_k': 5.486054129200969, 'fuel_half': 15.581254655530845}.
[I 2026-08-14 14:41:20,064] Trial 1260 finished with values: [-0.3554625854118624, 0.0] and parameters: {'k1': 6.069662445477729e-05, 'D_low': 367.4904945305323, 'k2': 0.00019472216066157317, 'D_high': 44.39648242927527, 'fire_exp': 4.623649488375329, 'P_half': 1938.3858782150498, 'pre_dampen_half': 0.03627422119926134, 'gpp_af': 0.008983355849178878, 'gpp_b': 1.1728753685919104, 'gpp_d': 0.01307253094873642, 'ign_k': 0.04380580767905655, 'ign_c': 105.24574681335613, 'trop_agb_crit': 16.86264052240002, 'trop_k_veg': 2.8224577471047865, 'fuel_k': 0.06382243375381637, 'fuel_half': 15.581254655530845}.
[I 2026-08-14 14:41:22,614] Trial 1261 finished with values: [-0.3562126067366104, 2.608606664011859e-10] and parameters: {'k1': 0.00016312233285809254, 'D_low': 128395.48332743198, 'k2': 1.263794633808287e-05, 'D_high': 316055.11434645514, 'fire_exp': 1.6733848721157607, 'P_half': 1938.3858782150498, 'pre_dampen_half': 0.2001862701105098, 'gpp_af': 34.35382931294012, 'gpp_b': 2.788681037423117, 'gpp_d': 0.01307253094873642, 'ign_k': 0.03141110271934876, 'ign_c': 0.18316165443932733, 'trop_agb_crit': 16.86264052240002, 'trop_k_veg': 3.4508425771776365, 'fuel_k': 5.486054129200969, 'fuel_half': 15.581254655530845}.
[I 2026-08-14 14:41:24,529] Trial 1262 finished with values: [-0.3554625854118624, 0.0] and parameters: {'k1': 0.00016312233285809254, 'D_low': 367.4904945305323, 'k2': 1.263794633808287e-05, 'D_high': 44.39648242927527, 'fire_exp': 1.6733848721157607, 'P_half': 48.464976792190825, 'pre_dampen_half': 0.011501973785501987, 'gpp_af': 0.0025511964576171086, 'gpp_b': 2.788681037423117, 'gpp_d': 8.144272585223819, 'ign_k': 0.03141110271934876, 'ign_c': 105.24574681335613, 'trop_agb_crit': 2.1775224101934065, 'trop_k_veg': 3.4508425771776365, 'fuel_k': 5.486054129200969, 'fuel_half': 15.581254655530845}.
