[I 2026-07-22 21:43:12,839] Trial 314 finished with values: [10.617021553524589, 10.617021553524589] and parameters: {'k1': 0.0029707920514735983, 'D_low': 13702.184620615577, 'k2': 0.0001971137615017176, 'D_high': 160625.60954780428, 'fire_exp': 1.0689448798385355, 'P_half': 1938.3858782150498, 'pre_dampen_half': 36.876350096202984, 'gpp_af': 29.925002022877816, 'gpp_b': 3.228689523591491e-05, 'gpp_d': 4.576857873108685, 'ign_k': 0.03141110271934876, 'ign_c': 3.0378658251922155, 'trop_agb_crit': 15.870971677383487, 'trop_k_veg': 4.60227373948169, 'fuel_k': 5.486054129200971, 'fuel_half': 1.3547291924247347}.
[I 2026-07-22 21:43:13,303] Trial 315 finished with values: [10.462345563411041, 10.462345563411041] and parameters: {'k1': 2.27847364377152e-05, 'D_low': 1.6646452049870526, 'k2': 0.001566517163094646, 'D_high': 1693415.5410667954, 'fire_exp': 1.0689448798385355, 'P_half': 13.019246714361572, 'pre_dampen_half': 0.10017312476738939, 'gpp_af': 0.12243451886824051, 'gpp_b': 1.7565109007473816e-05, 'gpp_d': 9.00460602264307, 'ign_k': 0.018707420137660268, 'ign_c': 3.0378658251922155, 'trop_agb_crit': 9.362115196011851, 'trop_k_veg': 1.6340262437673856, 'fuel_k': 0.029193888522073733, 'fuel_half': 38.21129441691226}.
[I 2026-07-22 21:43:13,778] Trial 316 finished with values: [10.61287818289533, 10.61287818289533] and parameters: {'k1': 0.002971796631657383, 'D_low': 163.4864778201543, 'k2': 1.915468390724633e-05, 'D_high': 71534.52030884045, 'fire_exp': 1.024589524149873, 'P_half': 7.890004262668578, 'pre_dampen_half': 0.03333029838740256, 'gpp_af': 0.12243451886824051, 'gpp_b': 8.129227514069975e-05, 'gpp_d': 4.576857873108685, 'ign_k': 0.06807874826564587, 'ign_c': 15.221840161091619, 'trop_agb_crit': 24.584290528289387, 'trop_k_veg': 0.9793402026070162, 'fuel_k': 0.018207179480706392, 'fuel_half': 43.240425516201206}.
[I 2026-07-22 21:43:14,290] Trial 317 finished with values: [10.051203660691954, 10.051203660691954] and parameters: {'k1': 0.003242143344038315, 'D_low': 163.4864778201543, 'k2': 0.0034207303670092245, 'D_high': 580966.5602369158, 'fire_exp': 1.0341837609578937, 'P_half': 10.226988730324324, 'pre_dampen_half': 347.79988160923324, 'gpp_af': 29.925002022877816, 'gpp_b': 1.7565109007473816e-05, 'gpp_d': 2.8006820077310226, 'ign_k': 4.59148521674054, 'ign_c': 11.40086370112731, 'trop_agb_crit': 5.707205898008383, 'trop_k_veg': 0.9369104721775232, 'fuel_k': 3.6992394681929355, 'fuel_half': 42.6871254378718}.
[I 2026-07-22 21:43:14,784] Trial 318 finished with values: [10.483530531955031, 10.483530531955031] and parameters: {'k1': 0.004312951023617458, 'D_low': 247.75146043208053, 'k2': 1.915468390724633e-05, 'D_high': 71534.52030884045, 'fire_exp': 1.1239133746826044, 'P_half': 38.82837025280678, 'pre_dampen_half': 347.79988160923324, 'gpp_af': 0.7539992074650282, 'gpp_b': 7.402343469704414e-05, 'gpp_d': 16.460426816350534, 'ign_k': 0.7588328899786276, 'ign_c': 15.221840161091619, 'trop_agb_crit': 12.285102065067687, 'trop_k_veg': 2.42764713875812, 'fuel_k': 4.680936683972859, 'fuel_half': 8.115041565366713}.
[I 2026-07-22 21:43:15,277] Trial 319 finished with values: [10.530404786498998, 10.530404786498998] and parameters: {'k1': 0.00016480446427978953, 'D_low': 140.92119204434155, 'k2': 0.002342238625792905, 'D_high': 708572.1663941594, 'fire_exp': 1.034491242472073, 'P_half': 669.7348618512094, 'pre_dampen_half': 26.373339933815235, 'gpp_af': 29.925002022877816, 'gpp_b': 0.02048523887932671, 'gpp_d': 2.8006820077310226, 'ign_k': 0.006290644294586149, 'ign_c': 8.405439129313676, 'trop_agb_crit': 6.1198430581046965, 'trop_k_veg': 0.9793402026070162, 'fuel_k': 1.2528108647479208, 'fuel_half': 0.253071961271088}.
  trial  320/1500  pareto_size=2  best_taylor=0.7828  best_ilamb=0.6071  (2.4 min)
[I 2026-07-22 21:43:15,841] Trial 320 finished with values: [10.470521036487492, 10.470521036487492] and parameters: {'k1': 0.004312951023617458, 'D_low': 163.4864778201543, 'k2': 0.015109086063191909, 'D_high': 145242.37928628005, 'fire_exp': 1.0341837609578937, 'P_half': 10.226988730324324, 'pre_dampen_half': 0.014385690886336346, 'gpp_af': 29.925002022877816, 'gpp_b': 0.00011277885258222645, 'gpp_d': 16.460426816350534, 'ign_k': 5.557109890966285, 'ign_c': 11.40086370112731, 'trop_agb_crit': 24.584290528289387, 'trop_k_veg': 0.9793402026070162, 'fuel_k': 0.48736180483849406, 'fuel_half': 0.32476735706274484}.
[I 2026-07-22 21:43:16,370] Trial 321 finished with values: [10.408742150616547, 10.408742150616547] and parameters: {'k1': 0.00016480446427978953, 'D_low': 70586.60227368641, 'k2': 0.0001971137615017176, 'D_high': 708572.1663941594, 'fire_exp': 2.088398022232781, 'P_half': 13.019246714361572, 'pre_dampen_half': 290.26521418263894, 'gpp_af': 0.06789053271698488, 'gpp_b': 0.0005392415140872105, 'gpp_d': 2.8006820077310226, 'ign_k': 3.210808548911192, 'ign_c': 8.405439129313676, 'trop_agb_crit': 2.171140223187998, 'trop_k_veg': 3.028464701337094, 'fuel_k': 0.04572914063536324, 'fuel_half': 0.14319038307687884}.
[I 2026-07-22 21:43:16,874] Trial 322 finished with values: [10.356665192874136, 10.356665192874136] and parameters: {'k1': 0.00013783578294796384, 'D_low': 9.497440085397416, 'k2': 0.01567230746060024, 'D_high': 71534.52030884045, 'fire_exp': 1.0862503061991866, 'P_half': 13.019246714361572, 'pre_dampen_half': 290.26521418263894, 'gpp_af': 0.008562341633595545, 'gpp_b': 1.7565109007473816e-05, 'gpp_d': 9.00460602264307, 'ign_k': 0.06807874826564587, 'ign_c': 0.9294394155644988, 'trop_agb_crit': 9.836162684900028, 'trop_k_veg': 4.130963924640279, 'fuel_k': 0.48736180483849406, 'fuel_half': 0.6370755274604819}.
[I 2026-07-22 21:43:17,336] Trial 323 finished with values: [-0.2549942254467863, 0.819714264355686] and parameters: {'k1': 0.00016480446427978953, 'D_low': 126.11058927054879, 'k2': 0.0001971137615017176, 'D_high': 887331.2884015184, 'fire_exp': 1.3219590610242518, 'P_half': 1.7036120617148391, 'pre_dampen_half': 26.373339933815235, 'gpp_af': 0.7539992074650282, 'gpp_b': 0.0005392415140872105, 'gpp_d': 700.6693992445935, 'ign_k': 0.0013726318898045872, 'ign_c': 8.405439129313676, 'trop_agb_crit': 24.584290528289387, 'trop_k_veg': 2.2426202441332554, 'fuel_k': 0.08612665817296865, 'fuel_half': 13.402368611128821}.
[I 2026-07-22 21:43:17,867] Trial 324 finished with values: [10.022057559501695, 10.022057559501695] and parameters: {'k1': 0.00013783578294796384, 'D_low': 1.6646452049870526, 'k2': 0.0027431991397796683, 'D_high': 10377.055497115112, 'fire_exp': 1.0482996836046896, 'P_half': 13.019246714361572, 'pre_dampen_half': 347.79988160923324, 'gpp_af': 0.015769192447197523, 'gpp_b': 7.402343469704414e-05, 'gpp_d': 2.8006820077310226, 'ign_k': 8.761971101023699, 'ign_c': 0.9294394155644988, 'trop_agb_crit': 9.836162684900028, 'trop_k_veg': 4.130963924640279, 'fuel_k': 0.04572914063536324, 'fuel_half': 15.298506868937444}.
[I 2026-07-22 21:43:18,354] Trial 325 finished with values: [10.997859562353234, 10.997859562353234] and parameters: {'k1': 0.00016480446427978953, 'D_low': 9.497440085397416, 'k2': 1.915468390724633e-05, 'D_high': 1681956.433827372, 'fire_exp': 1.024589524149873, 'P_half': 220.3445560633069, 'pre_dampen_half': 347.79988160923324, 'gpp_af': 29.925002022877816, 'gpp_b': 0.0005392415140872105, 'gpp_d': 12.151631524283598, 'ign_k': 3.210808548911192, 'ign_c': 11.40086370112731, 'trop_agb_crit': 6.1198430581046965, 'trop_k_veg': 1.6340262437673856, 'fuel_k': 4.680936683972859, 'fuel_half': 0.32476735706274484}.
[I 2026-07-22 21:43:18,845] Trial 326 finished with values: [10.676951201557866, 10.676951201557866] and parameters: {'k1': 2.27847364377152e-05, 'D_low': 1.6646452049870526, 'k2': 0.001566517163094646, 'D_high': 10377.055497115112, 'fire_exp': 1.0862503061991866, 'P_half': 1.4378290221680121, 'pre_dampen_half': 37.19072637334468, 'gpp_af': 0.12243451886824051, 'gpp_b': 0.6462022984655512, 'gpp_d': 4.576857873108685, 'ign_k': 8.761971101023699, 'ign_c': 0.11650681118986138, 'trop_agb_crit': 10.719494362768906, 'trop_k_veg': 1.140286245977296, 'fuel_k': 0.08612665817296865, 'fuel_half': 42.892621277245716}.
[I 2026-07-22 21:43:19,358] Trial 327 finished with values: [-0.5866163075389166, 0.8065991241980591] and parameters: {'k1': 0.002971796631657383, 'D_low': 13.25142220631392, 'k2': 1.6559474674046002e-05, 'D_high': 1488557.802851245, 'fire_exp': 1.0482996836046896, 'P_half': 13.019246714361572, 'pre_dampen_half': 36.876350096202984, 'gpp_af': 0.015769192447197523, 'gpp_b': 7.402343469704414e-05, 'gpp_d': 302.3127748796295, 'ign_k': 0.018707420137660268, 'ign_c': 6.1609752947414345, 'trop_agb_crit': 6.1198430581046965, 'trop_k_veg': 0.9793402026070162, 'fuel_k': 1.8731335591844647, 'fuel_half': 57.882001937752385}.
[I 2026-07-22 21:43:19,881] Trial 328 finished with values: [-0.5770080537279846, 0.8028038991621029] and parameters: {'k1': 0.00023352156626184448, 'D_low': 247.75146043208053, 'k2': 1.127217425995114e-05, 'D_high': 887331.2884015184, 'fire_exp': 1.024589524149873, 'P_half': 38.82837025280678, 'pre_dampen_half': 347.79988160923324, 'gpp_af': 0.049802479194577566, 'gpp_b': 0.00012118589392553819, 'gpp_d': 4.576857873108685, 'ign_k': 0.006290644294586149, 'ign_c': 6.1609752947414345, 'trop_agb_crit': 6.1198430581046965, 'trop_k_veg': 1.140286245977296, 'fuel_k': 0.08612665817296865, 'fuel_half': 0.32476735706274484}.
[I 2026-07-22 21:43:20,389] Trial 329 finished with values: [10.215850532161497, 10.215850532161497] and parameters: {'k1': 0.002971796631657383, 'D_low': 102.19595065529477, 'k2': 0.015109086063191909, 'D_high': 145242.37928628005, 'fire_exp': 1.0341837609578937, 'P_half': 220.3445560633069, 'pre_dampen_half': 33.71909132517388, 'gpp_af': 0.7539992074650282, 'gpp_b': 0.0032930655419269924, 'gpp_d': 16.460426816350534, 'ign_k': 3.210808548911192, 'ign_c': 4.1108484350212295, 'trop_agb_crit': 24.584290528289387, 'trop_k_veg': 0.5695379443977426, 'fuel_k': 1.312881567992459, 'fuel_half': 16.371966573507315}.
[I 2026-07-22 21:43:20,906] Trial 330 finished with values: [10.768974182517994, 10.768974182517994] and parameters: {'k1': 0.004312951023617458, 'D_low': 77437.38566267729, 'k2': 7.67074891445376e-05, 'D_high': 10377.055497115112, 'fire_exp': 1.0482996836046896, 'P_half': 1.4378290221680121, 'pre_dampen_half': 33.71909132517388, 'gpp_af': 42.29037995744429, 'gpp_b': 7.402343469704414e-05, 'gpp_d': 2.8006820077310226, 'ign_k': 8.761971101023699, 'ign_c': 0.13670484737132343, 'trop_agb_crit': 10.719494362768906, 'trop_k_veg': 1.4584243470991722, 'fuel_k': 4.680936683972859, 'fuel_half': 15.298506868937444}.
[I 2026-07-22 21:43:21,423] Trial 331 finished with values: [10.711392846810133, 10.711392846810133] and parameters: {'k1': 0.002968335334246999, 'D_low': 13.25142220631392, 'k2': 0.004373100990516265, 'D_high': 107013.64911724928, 'fire_exp': 1.0341837609578937, 'P_half': 2.0915073038472545, 'pre_dampen_half': 347.79988160923324, 'gpp_af': 0.7539992074650282, 'gpp_b': 2.3382984208508284, 'gpp_d': 0.3619181297408274, 'ign_k': 0.1550134937334847, 'ign_c': 11.40086370112731, 'trop_agb_crit': 19.28597237496244, 'trop_k_veg': 2.42764713875812, 'fuel_k': 0.48736180483849406, 'fuel_half': 0.32476735706274484}.
[I 2026-07-22 21:43:21,941] Trial 332 finished with values: [10.145199245457361, 10.145199245457361] and parameters: {'k1': 1.8595266457134027e-05, 'D_low': 1.6646452049870526, 'k2': 0.0007406380926311093, 'D_high': 580966.5602369158, 'fire_exp': 1.024589524149873, 'P_half': 38.82837025280678, 'pre_dampen_half': 347.79988160923324, 'gpp_af': 0.12243451886824051, 'gpp_b': 0.00012118589392553819, 'gpp_d': 295.4581800800121, 'ign_k': 0.006290644294586149, 'ign_c': 0.11650681118986138, 'trop_agb_crit': 6.1198430581046965, 'trop_k_veg': 1.4584243470991722, 'fuel_k': 1.8645619680420138, 'fuel_half': 1.3547291924247347}.
[I 2026-07-22 21:43:22,457] Trial 333 finished with values: [10.07937894524752, 10.07937894524752] and parameters: {'k1': 0.003242143344038315, 'D_low': 163.4864778201543, 'k2': 0.0034207303670092245, 'D_high': 580966.5602369158, 'fire_exp': 1.0341837609578937, 'P_half': 10.226988730324324, 'pre_dampen_half': 347.79988160923324, 'gpp_af': 29.925002022877816, 'gpp_b': 1.7565109007473816e-05, 'gpp_d': 2.8006820077310226, 'ign_k': 4.59148521674054, 'ign_c': 6.44574526230189, 'trop_agb_crit': 5.707205898008383, 'trop_k_veg': 0.9369104721775232, 'fuel_k': 3.6992394681929355, 'fuel_half': 42.6871254378718}.
[I 2026-07-22 21:43:22,965] Trial 334 finished with values: [-0.43376161664182666, 0.7460153024369935] and parameters: {'k1': 0.0029707920514735983, 'D_low': 1.6646452049870526, 'k2': 1.6559474674046002e-05, 'D_high': 580966.5602369158, 'fire_exp': 1.3219590610242518, 'P_half': 48.464976792190825, 'pre_dampen_half': 347.79988160923324, 'gpp_af': 0.09791370130598968, 'gpp_b': 0.00012118589392553819, 'gpp_d': 4.576857873108685, 'ign_k': 0.0026834162496848666, 'ign_c': 0.11650681118986138, 'trop_agb_crit': 15.870971677383487, 'trop_k_veg': 6.911478238001162, 'fuel_k': 0.6137000782082781, 'fuel_half': 3.632486956676605}.
[I 2026-07-22 21:43:23,475] Trial 335 finished with values: [-0.6750710674157053, 0.6068154764785109] and parameters: {'k1': 0.004312951023617458, 'D_low': 9.497440085397416, 'k2': 1.915468390724633e-05, 'D_high': 71534.52030884045, 'fire_exp': 1.0341837609578937, 'P_half': 127.52949611679996, 'pre_dampen_half': 347.79988160923324, 'gpp_af': 1.1300566419249867, 'gpp_b': 0.00012118589392553819, 'gpp_d': 4.576857873108685, 'ign_k': 0.0026834162496848666, 'ign_c': 4.1108484350212295, 'trop_agb_crit': 1.1195539271968775, 'trop_k_veg': 1.6340262437673856, 'fuel_k': 4.680936683972859, 'fuel_half': 1.3547291924247347}.
[I 2026-07-22 21:43:23,973] Trial 336 finished with values: [-0.7007422917562006, 0.8374392041330473] and parameters: {'k1': 0.004312951023617458, 'D_low': 24520.940895977496, 'k2': 1.915468390724633e-05, 'D_high': 1488557.802851245, 'fire_exp': 1.0482996836046896, 'P_half': 13.019246714361572, 'pre_dampen_half': 502.5175192217655, 'gpp_af': 0.015769192447197523, 'gpp_b': 7.402343469704414e-05, 'gpp_d': 857.4284557962626, 'ign_k': 8.761971101023699, 'ign_c': 15.221840161091619, 'trop_agb_crit': 9.836162684900028, 'trop_k_veg': 1.4584243470991722, 'fuel_k': 4.680936683972859, 'fuel_half': 15.298506868937444}.
[I 2026-07-22 21:43:24,455] Trial 337 finished with values: [10.722066958542335, 10.722066958542335] and parameters: {'k1': 0.00013783578294796384, 'D_low': 247.75146043208053, 'k2': 1.127217425995114e-05, 'D_high': 30.887296151492574, 'fire_exp': 2.4645237762603327, 'P_half': 13.019246714361572, 'pre_dampen_half': 347.79988160923324, 'gpp_af': 0.008983355849178878, 'gpp_b': 0.0005995821881487623, 'gpp_d': 6.91394869865762, 'ign_k': 0.03141110271934876, 'ign_c': 3.0378658251922155, 'trop_agb_crit': 9.836162684900028, 'trop_k_veg': 1.7570501127699656, 'fuel_k': 3.6992394681929355, 'fuel_half': 18.202647368248815}.
[I 2026-07-22 21:43:24,912] Trial 338 finished with values: [-0.7311642238773443, 0.4201259931641167] and parameters: {'k1': 0.052334804885400876, 'D_low': 2.9612221068836555, 'k2': 0.0034207303670092245, 'D_high': 580966.5602369158, 'fire_exp': 1.161749421319469, 'P_half': 136.0956887810302, 'pre_dampen_half': 33.97904243111269, 'gpp_af': 0.008562341633595545, 'gpp_b': 0.0005392415140872105, 'gpp_d': 302.3127748796295, 'ign_k': 0.006039096247545781, 'ign_c': 0.11650681118986138, 'trop_agb_crit': 3.5522713231614182, 'trop_k_veg': 1.6340262437673856, 'fuel_k': 1.312881567992459, 'fuel_half': 0.33988503110784557}.
[I 2026-07-22 21:43:25,380] Trial 339 finished with values: [10.233767877971939, 10.233767877971939] and parameters: {'k1': 0.004312951023617458, 'D_low': 9.497440085397416, 'k2': 1.915468390724633e-05, 'D_high': 887331.2884015184, 'fire_exp': 1.024589524149873, 'P_half': 10.226988730324324, 'pre_dampen_half': 502.5175192217655, 'gpp_af': 0.7539992074650282, 'gpp_b': 0.0054502936945582505, 'gpp_d': 2.8006820077310226, 'ign_k': 0.06807874826564587, 'ign_c': 11.40086370112731, 'trop_agb_crit': 24.584290528289387, 'trop_k_veg': 0.9793402026070162, 'fuel_k': 4.680936683972859, 'fuel_half': 52.005817291141206}.
[I 2026-07-22 21:43:25,895] Trial 340 finished with values: [10.683270708922999, 10.683270708922999] and parameters: {'k1': 1.8205657658407255e-05, 'D_low': 102.19595065529477, 'k2': 0.0001971137615017176, 'D_high': 708572.1663941594, 'fire_exp': 2.3987174696212126, 'P_half': 4.961134450191397, 'pre_dampen_half': 26.373339933815235, 'gpp_af': 29.925002022877816, 'gpp_b': 0.0005392415140872105, 'gpp_d': 0.3619181297408274, 'ign_k': 0.0013726318898045872, 'ign_c': 4.1108484350212295, 'trop_agb_crit': 20.205002815711154, 'trop_k_veg': 0.5910730452888153, 'fuel_k': 0.08612665817296865, 'fuel_half': 0.253071961271088}.
[I 2026-07-22 21:43:26,416] Trial 341 finished with values: [10.347430755214209, 10.347430755214209] and parameters: {'k1': 0.003419108473554454, 'D_low': 13.25142220631392, 'k2': 0.002342238625792905, 'D_high': 8433503.858791472, 'fire_exp': 2.4645237762603327, 'P_half': 2.458603276328005, 'pre_dampen_half': 347.79988160923324, 'gpp_af': 1.1300566419249867, 'gpp_b': 0.0005392415140872105, 'gpp_d': 8.057329182285729, 'ign_k': 0.0013726318898045872, 'ign_c': 11.40086370112731, 'trop_agb_crit': 6.1198430581046965, 'trop_k_veg': 1.140286245977296, 'fuel_k': 3.6992394681929355, 'fuel_half': 18.202647368248815}.
[I 2026-07-22 21:43:26,918] Trial 342 finished with values: [10.315871226621542, 10.315871226621542] and parameters: {'k1': 0.002968335334246999, 'D_low': 102.19595065529477, 'k2': 0.015109086063191909, 'D_high': 107013.64911724928, 'fire_exp': 1.0341837609578937, 'P_half': 220.3445560633069, 'pre_dampen_half': 269.0845367054863, 'gpp_af': 0.7539992074650282, 'gpp_b': 0.0032930655419269924, 'gpp_d': 16.460426816350534, 'ign_k': 3.210808548911192, 'ign_c': 0.9736725715035879, 'trop_agb_crit': 19.28597237496244, 'trop_k_veg': 0.5695379443977426, 'fuel_k': 1.312881567992459, 'fuel_half': 16.371966573507315}.
[I 2026-07-22 21:43:27,403] Trial 343 finished with values: [10.364922317635925, 10.364922317635925] and parameters: {'k1': 0.00013783578294796384, 'D_low': 247.75146043208053, 'k2': 1.915468390724633e-05, 'D_high': 10377.055497115112, 'fire_exp': 1.1574152795747572, 'P_half': 13.019246714361572, 'pre_dampen_half': 347.79988160923324, 'gpp_af': 0.008983355849178878, 'gpp_b': 0.00012118589392553819, 'gpp_d': 16.460426816350534, 'ign_k': 5.985024829384178, 'ign_c': 6.3906950920732175, 'trop_agb_crit': 9.836162684900028, 'trop_k_veg': 2.42764713875812, 'fuel_k': 4.680936683972859, 'fuel_half': 1.3547291924247347}.
[I 2026-07-22 21:43:27,892] Trial 344 finished with values: [10.17103702769533, 10.17103702769533] and parameters: {'k1': 0.004312951023617458, 'D_low': 102.19595065529477, 'k2': 0.001566517163094646, 'D_high': 10377.055497115112, 'fire_exp': 1.024589524149873, 'P_half': 10.226988730324324, 'pre_dampen_half': 347.79988160923324, 'gpp_af': 0.7539992074650282, 'gpp_b': 0.0054502936945582505, 'gpp_d': 2.8006820077310226, 'ign_k': 0.06807874826564587, 'ign_c': 0.1254144753902608, 'trop_agb_crit': 24.584290528289387, 'trop_k_veg': 2.42764713875812, 'fuel_k': 0.04572914063536324, 'fuel_half': 52.005817291141206}.
[I 2026-07-22 21:43:28,395] Trial 345 finished with values: [10.260853205044372, 10.260853205044372] and parameters: {'k1': 0.00016480446427978953, 'D_low': 1768.4772284586304, 'k2': 0.030699709531122953, 'D_high': 145242.37928628005, 'fire_exp': 1.0341837609578937, 'P_half': 220.3445560633069, 'pre_dampen_half': 33.71909132517388, 'gpp_af': 1.1300566419249867, 'gpp_b': 0.0054502936945582505, 'gpp_d': 2.8006820077310226, 'ign_k': 0.0026834162496848666, 'ign_c': 6.1609752947414345, 'trop_agb_crit': 24.584290528289387, 'trop_k_veg': 0.5695379443977426, 'fuel_k': 0.028970790717327534, 'fuel_half': 0.32476735706274484}.
[I 2026-07-22 21:43:28,875] Trial 346 finished with values: [10.486347050554174, 10.486347050554174] and parameters: {'k1': 0.00016480446427978953, 'D_low': 864.0717009254879, 'k2': 0.002342238625792905, 'D_high': 887331.2884015184, 'fire_exp': 1.0341837609578937, 'P_half': 10.226988730324324, 'pre_dampen_half': 0.12475844033340494, 'gpp_af': 29.925002022877816, 'gpp_b': 0.00012118589392553819, 'gpp_d': 4.576857873108685, 'ign_k': 0.0026834162496848666, 'ign_c': 6.1609752947414345, 'trop_agb_crit': 10.719494362768906, 'trop_k_veg': 1.140286245977296, 'fuel_k': 5.1416354431322855, 'fuel_half': 1.3547291924247347}.
[I 2026-07-22 21:43:29,334] Trial 347 finished with values: [10.769218955617907, 10.769218955617907] and parameters: {'k1': 0.00013783578294796384, 'D_low': 70586.60227368641, 'k2': 0.0007406380926311093, 'D_high': 1026.0852623190942, 'fire_exp': 1.1239133746826044, 'P_half': 13.019246714361572, 'pre_dampen_half': 290.26521418263894, 'gpp_af': 0.8226361776146098, 'gpp_b': 7.402343469704414e-05, 'gpp_d': 302.3127748796295, 'ign_k': 8.761971101023699, 'ign_c': 0.2755546207779662, 'trop_agb_crit': 12.285102065067687, 'trop_k_veg': 1.6340262437673856, 'fuel_k': 0.04572914063536324, 'fuel_half': 2.276766792290519}.
[I 2026-07-22 21:43:29,796] Trial 348 finished with values: [-0.38389052938312634, 0.9918869173638905] and parameters: {'k1': 0.00016480446427978953, 'D_low': 105.0448464633852, 'k2': 0.0007406380926311093, 'D_high': 887331.2884015184, 'fire_exp': 1.024589524149873, 'P_half': 13.019246714361572, 'pre_dampen_half': 290.26521418263894, 'gpp_af': 0.7539992074650282, 'gpp_b': 7.402343469704414e-05, 'gpp_d': 0.08139347272614299, 'ign_k': 8.761971101023699, 'ign_c': 11.40086370112731, 'trop_agb_crit': 2.171140223187998, 'trop_k_veg': 0.9793402026070162, 'fuel_k': 0.04572914063536324, 'fuel_half': 52.005817291141206}.
