[I 2026-07-22 18:52:41,030] Trial 1504 finished with values: [10.3693967972629, 10.3693967972629] and parameters: {'k1': 0.052334804885400876, 'D_low': 126.11058927054879, 'k2': 0.001566517163094646, 'D_high': 316055.11434645456, 'fire_exp': 3.2181803496180783, 'P_half': 7.890004262668578, 'pre_dampen_half': 3.9885726374014694, 'gpp_af': 0.12243451886824051, 'gpp_b': 0.01736771891291939, 'gpp_d': 24.29982794998797, 'ign_k': 3.284529979576942, 'ign_c': 11.40086370112731, 'trop_agb_crit': 17.530135633155123, 'trop_k_veg': 0.6921865222804094, 'fuel_k': 3.6992394681929355, 'fuel_half': 0.3335026483569958}.
[I 2026-07-22 18:52:41,462] Trial 1505 finished with values: [-0.730285770681726, 0.0986088069994433] and parameters: {'k1': 0.0003199177539819797, 'D_low': 1.7887890916820506, 'k2': 2.092763038220815e-05, 'D_high': 708572.1663941594, 'fire_exp': 8.824663358577489, 'P_half': 2.843767489444367, 'pre_dampen_half': 3.9885726374014694, 'gpp_af': 0.015350904103515228, 'gpp_b': 3.936122422430193e-05, 'gpp_d': 9.00460602264307, 'ign_k': 4.59148521674054, 'ign_c': 11.40086370112731, 'trop_agb_crit': 7.848911008221313, 'trop_k_veg': 1.7428926895756522, 'fuel_k': 3.7875356197077763, 'fuel_half': 0.22120706380461633}.
[I 2026-07-22 18:52:41,897] Trial 1506 finished with values: [10.095149847727239, 10.095149847727239] and parameters: {'k1': 0.052334804885400876, 'D_low': 8454.098152188677, 'k2': 1.895375973243287e-05, 'D_high': 708572.1663941594, 'fire_exp': 1.1258453832483524, 'P_half': 7.890004262668578, 'pre_dampen_half': 3.9885726374014694, 'gpp_af': 0.004544076137271541, 'gpp_b': 1.1698276136056565e-05, 'gpp_d': 700.6693992445935, 'ign_k': 0.03141110271934876, 'ign_c': 2.873259906771427, 'trop_agb_crit': 16.330874355333034, 'trop_k_veg': 2.1085323608231485, 'fuel_k': 1.1820218758583807, 'fuel_half': 0.3335026483569958}.
[I 2026-07-22 18:52:42,341] Trial 1507 finished with values: [-0.7647486383429303, 0.07361742032031637] and parameters: {'k1': 0.052334804885400876, 'D_low': 8454.098152188677, 'k2': 0.002342238625792905, 'D_high': 708572.1663941594, 'fire_exp': 8.791426299948917, 'P_half': 7.890004262668578, 'pre_dampen_half': 3.9885726374014694, 'gpp_af': 0.015350904103515228, 'gpp_b': 1.1698276136056565e-05, 'gpp_d': 6.91394869865762, 'ign_k': 0.8015297379101401, 'ign_c': 14.452451441203314, 'trop_agb_crit': 9.362115196011851, 'trop_k_veg': 1.7428926895756522, 'fuel_k': 3.6992394681929355, 'fuel_half': 0.3335026483569958}.
[I 2026-07-22 18:52:42,779] Trial 1508 finished with values: [17.789999617097926, 17.789999617097926] and parameters: {'k1': 0.0003199177539819797, 'D_low': 20.293423820012748, 'k2': 0.001566517163094646, 'D_high': 8433503.858791472, 'fire_exp': 1.1258453832483524, 'P_half': 7.890004262668578, 'pre_dampen_half': 33.71909132517388, 'gpp_af': 0.12243451886824051, 'gpp_b': 0.0054502936945582505, 'gpp_d': 6.91394869865762, 'ign_k': 3.284529979576942, 'ign_c': 11.40086370112731, 'trop_agb_crit': 17.530135633155123, 'trop_k_veg': 0.6921865222804094, 'fuel_k': 3.7875356197077763, 'fuel_half': 0.32476735706274484}.
[I 2026-07-22 18:52:43,216] Trial 1509 finished with values: [-0.7450535733159235, 0.11202409351078657] and parameters: {'k1': 0.052334804885400876, 'D_low': 8454.098152188677, 'k2': 0.00021153782194224395, 'D_high': 708572.1663941594, 'fire_exp': 9.728277853041872, 'P_half': 7.890004262668578, 'pre_dampen_half': 3.9885726374014694, 'gpp_af': 0.015350904103515228, 'gpp_b': 1.1698276136056565e-05, 'gpp_d': 6.91394869865762, 'ign_k': 4.59148521674054, 'ign_c': 6.1609752947414345, 'trop_agb_crit': 5.707205898008383, 'trop_k_veg': 1.7428926895756522, 'fuel_k': 3.7875356197077763, 'fuel_half': 0.3335026483569958}.
[I 2026-07-22 18:52:43,646] Trial 1510 finished with values: [10.37011430169622, 10.37011430169622] and parameters: {'k1': 0.003454058352359339, 'D_low': 126.11058927054879, 'k2': 0.0009562822793888481, 'D_high': 316055.11434645456, 'fire_exp': 3.2181803496180783, 'P_half': 7.890004262668578, 'pre_dampen_half': 26.373339933815235, 'gpp_af': 0.12243451886824051, 'gpp_b': 0.01736771891291939, 'gpp_d': 700.6693992445935, 'ign_k': 3.284529979576942, 'ign_c': 11.40086370112731, 'trop_agb_crit': 15.35205868174982, 'trop_k_veg': 0.5415365826598848, 'fuel_k': 1.2528108647479208, 'fuel_half': 0.3335026483569958}.
[I 2026-07-22 18:52:44,069] Trial 1511 finished with values: [10.269109148268946, 10.269109148268946] and parameters: {'k1': 0.006033623633620595, 'D_low': 8454.098152188677, 'k2': 0.002342238625792905, 'D_high': 887331.2884015184, 'fire_exp': 8.791426299948917, 'P_half': 2.843767489444367, 'pre_dampen_half': 3.9885726374014694, 'gpp_af': 0.25562996323356013, 'gpp_b': 0.005296753072420282, 'gpp_d': 9.00460602264307, 'ign_k': 0.5131654955148324, 'ign_c': 14.452451441203314, 'trop_agb_crit': 18.150854837099246, 'trop_k_veg': 3.3708138151054223, 'fuel_k': 3.7875356197077763, 'fuel_half': 0.3335026483569958}.
[I 2026-07-22 18:52:44,498] Trial 1512 finished with values: [10.373250720626924, 10.373250720626924] and parameters: {'k1': 0.0003199177539819797, 'D_low': 126.11058927054879, 'k2': 2.1698375693549493e-05, 'D_high': 316055.11434645456, 'fire_exp': 8.791426299948917, 'P_half': 7.890004262668578, 'pre_dampen_half': 33.71909132517388, 'gpp_af': 0.25562996323356013, 'gpp_b': 0.0054502936945582505, 'gpp_d': 700.6693992445935, 'ign_k': 3.284529979576942, 'ign_c': 11.40086370112731, 'trop_agb_crit': 10.719494362768906, 'trop_k_veg': 0.6921865222804094, 'fuel_k': 3.7875356197077763, 'fuel_half': 81.87941582538087}.
[I 2026-07-22 18:52:44,928] Trial 1513 finished with values: [-0.7289722635834218, 0.08256706548733739] and parameters: {'k1': 0.00016480446427978953, 'D_low': 126.11058927054879, 'k2': 0.0009562822793888481, 'D_high': 316055.11434645456, 'fire_exp': 3.2181803496180783, 'P_half': 7.890004262668578, 'pre_dampen_half': 26.373339933815235, 'gpp_af': 0.12243451886824051, 'gpp_b': 0.01736771891291939, 'gpp_d': 9.00460602264307, 'ign_k': 3.284529979576942, 'ign_c': 11.40086370112731, 'trop_agb_crit': 15.35205868174982, 'trop_k_veg': 1.7428926895756522, 'fuel_k': 1.2528108647479208, 'fuel_half': 0.3335026483569958}.
[I 2026-07-22 18:52:45,355] Trial 1514 finished with values: [10.739181091906403, 10.739181091906403] and parameters: {'k1': 0.052334804885400876, 'D_low': 8454.098152188677, 'k2': 0.0007081721844034209, 'D_high': 887331.2884015184, 'fire_exp': 8.824663358577489, 'P_half': 7.890004262668578, 'pre_dampen_half': 0.050438810714852664, 'gpp_af': 0.015350904103515228, 'gpp_b': 1.7565109007473816e-05, 'gpp_d': 6.91394869865762, 'ign_k': 0.08757069543594144, 'ign_c': 11.40086370112731, 'trop_agb_crit': 18.150854837099246, 'trop_k_veg': 1.7428926895756522, 'fuel_k': 3.7875356197077763, 'fuel_half': 0.12095119390046481}.
[I 2026-07-22 18:52:45,789] Trial 1515 finished with values: [11.053186985719096, 11.053186985719096] and parameters: {'k1': 0.0010515271044062584, 'D_low': 126.11058927054879, 'k2': 0.001566517163094646, 'D_high': 316055.11434645456, 'fire_exp': 1.1258453832483524, 'P_half': 7.890004262668578, 'pre_dampen_half': 0.4016986062226068, 'gpp_af': 0.12243451886824051, 'gpp_b': 0.0054502936945582505, 'gpp_d': 700.6693992445935, 'ign_k': 3.284529979576942, 'ign_c': 11.40086370112731, 'trop_agb_crit': 17.530135633155123, 'trop_k_veg': 1.7428926895756522, 'fuel_k': 4.766352578230015, 'fuel_half': 0.32476735706274484}.
[I 2026-07-22 18:52:46,222] Trial 1516 finished with values: [10.234393177959387, 10.234393177959387] and parameters: {'k1': 0.0003199177539819797, 'D_low': 864.0717009254879, 'k2': 0.002342238625792905, 'D_high': 8433503.858791472, 'fire_exp': 8.791426299948917, 'P_half': 7.890004262668578, 'pre_dampen_half': 33.71909132517388, 'gpp_af': 0.0025511964576171086, 'gpp_b': 3.936122422430193e-05, 'gpp_d': 6.91394869865762, 'ign_k': 3.284529979576942, 'ign_c': 11.40086370112731, 'trop_agb_crit': 12.324775650896964, 'trop_k_veg': 0.6921865222804094, 'fuel_k': 0.4748757752313696, 'fuel_half': 0.3335026483569958}.
[I 2026-07-22 18:52:46,648] Trial 1517 finished with values: [10.383875488675347, 10.383875488675347] and parameters: {'k1': 0.0003199177539819797, 'D_low': 8454.098152188677, 'k2': 0.0001997174727159274, 'D_high': 316055.11434645456, 'fire_exp': 1.3411849220480432, 'P_half': 7.890004262668578, 'pre_dampen_half': 0.4016986062226068, 'gpp_af': 0.0025511964576171086, 'gpp_b': 1.1698276136056565e-05, 'gpp_d': 9.00460602264307, 'ign_k': 0.03442126698957967, 'ign_c': 14.452451441203314, 'trop_agb_crit': 12.324775650896964, 'trop_k_veg': 2.3408809609838257, 'fuel_k': 1.1820218758583807, 'fuel_half': 0.3335026483569958}.
[I 2026-07-22 18:52:47,074] Trial 1518 finished with values: [10.067922817331127, 10.067922817331127] and parameters: {'k1': 0.003454058352359339, 'D_low': 864.0717009254879, 'k2': 0.0007081721844034209, 'D_high': 8433503.858791472, 'fire_exp': 8.791426299948917, 'P_half': 7.890004262668578, 'pre_dampen_half': 26.373339933815235, 'gpp_af': 0.015350904103515228, 'gpp_b': 0.002407352334224724, 'gpp_d': 6.91394869865762, 'ign_k': 3.284529979576942, 'ign_c': 11.40086370112731, 'trop_agb_crit': 10.719494362768906, 'trop_k_veg': 0.5415365826598848, 'fuel_k': 3.7875356197077763, 'fuel_half': 0.3335026483569958}.
[I 2026-07-22 18:52:47,505] Trial 1519 finished with values: [10.769010699532409, 10.769010699532409] and parameters: {'k1': 0.0003199177539819797, 'D_low': 126.11058927054879, 'k2': 0.0007081721844034209, 'D_high': 580966.5602369158, 'fire_exp': 8.791426299948917, 'P_half': 7.890004262668578, 'pre_dampen_half': 33.71909132517388, 'gpp_af': 0.12243451886824051, 'gpp_b': 0.0054502936945582505, 'gpp_d': 0.015666791470307268, 'ign_k': 0.8015297379101401, 'ign_c': 11.40086370112731, 'trop_agb_crit': 17.530135633155123, 'trop_k_veg': 0.6921865222804094, 'fuel_k': 3.7875356197077763, 'fuel_half': 0.32476735706274484}.
[I 2026-07-22 18:52:47,936] Trial 1520 finished with values: [10.897644630894032, 10.897644630894032] and parameters: {'k1': 0.0003199177539819797, 'D_low': 864.0717009254879, 'k2': 0.00021153782194224395, 'D_high': 316055.11434645456, 'fire_exp': 1.3411849220480432, 'P_half': 7.890004262668578, 'pre_dampen_half': 3.9885726374014694, 'gpp_af': 0.0025511964576171086, 'gpp_b': 1.7565109007473816e-05, 'gpp_d': 9.00460602264307, 'ign_k': 3.284529979576942, 'ign_c': 6.1609752947414345, 'trop_agb_crit': 12.324775650896964, 'trop_k_veg': 0.5448092727807784, 'fuel_k': 0.4748757752313696, 'fuel_half': 0.3335026483569958}.
[I 2026-07-22 18:52:48,380] Trial 1521 finished with values: [10.08824251084992, 10.08824251084992] and parameters: {'k1': 0.0003199177539819797, 'D_low': 1.7887890916820506, 'k2': 0.001566517163094646, 'D_high': 316055.11434645456, 'fire_exp': 7.089507362101403, 'P_half': 7.890004262668578, 'pre_dampen_half': 33.71909132517388, 'gpp_af': 0.015350904103515228, 'gpp_b': 3.936122422430193e-05, 'gpp_d': 6.91394869865762, 'ign_k': 0.8015297379101401, 'ign_c': 14.452451441203314, 'trop_agb_crit': 10.719494362768906, 'trop_k_veg': 0.6921865222804094, 'fuel_k': 0.11964261652761375, 'fuel_half': 0.3335026483569958}.
[I 2026-07-22 18:52:48,827] Trial 1522 finished with values: [-0.6943067912156773, 0.2106078992139081] and parameters: {'k1': 4.3661609979178476e-05, 'D_low': 864.0717009254879, 'k2': 0.0007081721844034209, 'D_high': 580966.5602369158, 'fire_exp': 3.2181803496180783, 'P_half': 7.890004262668578, 'pre_dampen_half': 33.71909132517388, 'gpp_af': 0.015350904103515228, 'gpp_b': 1.7565109007473816e-05, 'gpp_d': 58.858544453955275, 'ign_k': 0.8015297379101401, 'ign_c': 11.40086370112731, 'trop_agb_crit': 10.719494362768906, 'trop_k_veg': 7.26254292602904, 'fuel_k': 3.7875356197077763, 'fuel_half': 81.87941582538087}.
[I 2026-07-22 18:52:49,267] Trial 1523 finished with values: [10.764306936157583, 10.764306936157583] and parameters: {'k1': 0.0003199177539819797, 'D_low': 864.0717009254879, 'k2': 1.895375973243287e-05, 'D_high': 887331.2884015184, 'fire_exp': 3.313658135010505, 'P_half': 7.890004262668578, 'pre_dampen_half': 0.013084600933070978, 'gpp_af': 0.49740621749684094, 'gpp_b': 0.3445733488130964, 'gpp_d': 3.0023172465753087, 'ign_k': 0.5670346335627292, 'ign_c': 8.405439129313676, 'trop_agb_crit': 4.756572078533054, 'trop_k_veg': 0.6921865222804094, 'fuel_k': 0.03625926890059622, 'fuel_half': 0.3625056554880307}.
[I 2026-07-22 18:52:49,704] Trial 1524 finished with values: [11.36338564118008, 11.36338564118008] and parameters: {'k1': 0.0003199177539819797, 'D_low': 864.0717009254879, 'k2': 1.895375973243287e-05, 'D_high': 316055.11434645456, 'fire_exp': 1.173927153460853, 'P_half': 14.354203134578931, 'pre_dampen_half': 33.71909132517388, 'gpp_af': 0.015350904103515228, 'gpp_b': 3.228689523591491e-05, 'gpp_d': 6.91394869865762, 'ign_k': 0.03141110271934876, 'ign_c': 6.1609752947414345, 'trop_agb_crit': 10.719494362768906, 'trop_k_veg': 6.172050274215953, 'fuel_k': 0.4748757752313696, 'fuel_half': 81.87941582538087}.
[I 2026-07-22 18:52:50,141] Trial 1525 finished with values: [10.76923076903347, 10.76923076903347] and parameters: {'k1': 0.00016480446427978953, 'D_low': 8454.098152188677, 'k2': 0.001566517163094646, 'D_high': 316055.11434645456, 'fire_exp': 3.2181803496180783, 'P_half': 7.890004262668578, 'pre_dampen_half': 3.9885726374014694, 'gpp_af': 0.12243451886824051, 'gpp_b': 0.01736771891291939, 'gpp_d': 700.6693992445935, 'ign_k': 3.284529979576942, 'ign_c': 398.4122948013691, 'trop_agb_crit': 17.530135633155123, 'trop_k_veg': 1.7428926895756522, 'fuel_k': 3.7875356197077763, 'fuel_half': 0.22305752579704294}.
[I 2026-07-22 18:52:50,573] Trial 1526 finished with values: [-0.6475607814713842, 0.10662253220501028] and parameters: {'k1': 0.0029282035181080004, 'D_low': 1.7887890916820506, 'k2': 0.0007081721844034209, 'D_high': 316055.11434645456, 'fire_exp': 1.1258453832483524, 'P_half': 7.890004262668578, 'pre_dampen_half': 0.4016986062226068, 'gpp_af': 0.25562996323356013, 'gpp_b': 0.0054502936945582505, 'gpp_d': 6.91394869865762, 'ign_k': 3.284529979576942, 'ign_c': 11.40086370112731, 'trop_agb_crit': 20.205002815711154, 'trop_k_veg': 0.6921865222804094, 'fuel_k': 0.48736180483849406, 'fuel_half': 0.3335026483569958}.
[I 2026-07-22 18:52:51,011] Trial 1527 finished with values: [10.76923076903347, 10.76923076903347] and parameters: {'k1': 0.003454058352359339, 'D_low': 864.0717009254879, 'k2': 0.0009562822793888481, 'D_high': 1681956.433827372, 'fire_exp': 3.313658135010505, 'P_half': 7.890004262668578, 'pre_dampen_half': 26.373339933815235, 'gpp_af': 0.015350904103515228, 'gpp_b': 5.438923792409658, 'gpp_d': 9.00460602264307, 'ign_k': 0.8015297379101401, 'ign_c': 11.40086370112731, 'trop_agb_crit': 15.35205868174982, 'trop_k_veg': 0.5415365826598848, 'fuel_k': 0.07451557009672505, 'fuel_half': 81.87941582538087}.
[I 2026-07-22 18:52:51,442] Trial 1528 finished with values: [10.366909577577712, 10.366909577577712] and parameters: {'k1': 0.0003199177539819797, 'D_low': 1.7887890916820506, 'k2': 0.001566517163094646, 'D_high': 708572.1663941594, 'fire_exp': 8.791426299948917, 'P_half': 7.890004262668578, 'pre_dampen_half': 3.9885726374014694, 'gpp_af': 0.015350904103515228, 'gpp_b': 3.936122422430193e-05, 'gpp_d': 9.00460602264307, 'ign_k': 4.59148521674054, 'ign_c': 11.40086370112731, 'trop_agb_crit': 9.362115196011851, 'trop_k_veg': 2.417028380770307, 'fuel_k': 0.08612665817296865, 'fuel_half': 81.87941582538087}.
[I 2026-07-22 18:52:51,872] Trial 1529 finished with values: [10.528407490061266, 10.528407490061266] and parameters: {'k1': 0.0003199177539819797, 'D_low': 864.0717009254879, 'k2': 0.0001997174727159274, 'D_high': 887331.2884015184, 'fire_exp': 1.1258453832483524, 'P_half': 7.890004262668578, 'pre_dampen_half': 33.71909132517388, 'gpp_af': 0.015350904103515228, 'gpp_b': 0.0054502936945582505, 'gpp_d': 6.91394869865762, 'ign_k': 0.8015297379101401, 'ign_c': 11.40086370112731, 'trop_agb_crit': 10.719494362768906, 'trop_k_veg': 0.6921865222804094, 'fuel_k': 0.01574201873566924, 'fuel_half': 0.3335026483569958}.
[I 2026-07-22 18:52:52,297] Trial 1530 finished with values: [-0.4730617528561582, 0.32329919899089576] and parameters: {'k1': 0.0003199177539819797, 'D_low': 1.7887890916820506, 'k2': 0.0007081721844034209, 'D_high': 580966.5602369158, 'fire_exp': 8.791426299948917, 'P_half': 7.890004262668578, 'pre_dampen_half': 33.71909132517388, 'gpp_af': 27.670586314549833, 'gpp_b': 3.936122422430193e-05, 'gpp_d': 6.91394869865762, 'ign_k': 0.8015297379101401, 'ign_c': 11.40086370112731, 'trop_agb_crit': 10.719494362768906, 'trop_k_veg': 7.26254292602904, 'fuel_k': 0.4732237210896606, 'fuel_half': 81.87941582538087}.
[I 2026-07-22 18:52:52,732] Trial 1531 finished with values: [-0.739686447067807, 0.07392826414522125] and parameters: {'k1': 0.0003199177539819797, 'D_low': 8454.098152188677, 'k2': 0.0007081721844034209, 'D_high': 887331.2884015184, 'fire_exp': 2.0165721691808587, 'P_half': 7.890004262668578, 'pre_dampen_half': 3.9885726374014694, 'gpp_af': 0.25562996323356013, 'gpp_b': 0.0054502936945582505, 'gpp_d': 135.99933935738707, 'ign_k': 3.284529979576942, 'ign_c': 14.452451441203314, 'trop_agb_crit': 28.412323986638135, 'trop_k_veg': 2.3408809609838257, 'fuel_k': 1.1820218758583807, 'fuel_half': 0.3335026483569958}.
[I 2026-07-22 18:52:53,167] Trial 1532 finished with values: [10.047386304605869, 10.047386304605869] and parameters: {'k1': 0.0004406403880740544, 'D_low': 1.7887890916820506, 'k2': 0.00010089430320527378, 'D_high': 316055.11434645456, 'fire_exp': 7.089507362101403, 'P_half': 7.890004262668578, 'pre_dampen_half': 3.9885726374014694, 'gpp_af': 0.015350904103515228, 'gpp_b': 0.0005375670326609257, 'gpp_d': 58.858544453955275, 'ign_k': 0.5131654955148324, 'ign_c': 14.452451441203314, 'trop_agb_crit': 10.719494362768906, 'trop_k_veg': 7.26254292602904, 'fuel_k': 3.6992394681929355, 'fuel_half': 0.3335026483569958}.
[I 2026-07-22 18:52:53,600] Trial 1533 finished with values: [-0.6892833284705278, 0.11747953925622756] and parameters: {'k1': 0.0003199177539819797, 'D_low': 1.7887890916820506, 'k2': 0.0007081721844034209, 'D_high': 316055.11434645456, 'fire_exp': 8.791426299948917, 'P_half': 7.890004262668578, 'pre_dampen_half': 33.71909132517388, 'gpp_af': 0.015350904103515228, 'gpp_b': 3.228689523591491e-05, 'gpp_d': 6.91394869865762, 'ign_k': 3.284529979576942, 'ign_c': 11.40086370112731, 'trop_agb_crit': 10.719494362768906, 'trop_k_veg': 7.182778075542046, 'fuel_k': 3.7875356197077763, 'fuel_half': 81.87941582538087}.
[I 2026-07-22 18:52:54,029] Trial 1534 finished with values: [10.668137987916785, 10.668137987916785] and parameters: {'k1': 0.0003199177539819797, 'D_low': 8454.098152188677, 'k2': 0.00036134960108376936, 'D_high': 887331.2884015184, 'fire_exp': 2.0165721691808587, 'P_half': 7.890004262668578, 'pre_dampen_half': 33.71909132517388, 'gpp_af': 0.25562996323356013, 'gpp_b': 1.7565109007473816e-05, 'gpp_d': 0.8463685627358607, 'ign_k': 3.284529979576942, 'ign_c': 14.452451441203314, 'trop_agb_crit': 20.205002815711154, 'trop_k_veg': 2.3408809609838257, 'fuel_k': 0.08823621277702565, 'fuel_half': 0.3335026483569958}.
[I 2026-07-22 18:52:54,452] Trial 1535 finished with values: [10.163780111241048, 10.163780111241048] and parameters: {'k1': 0.052334804885400876, 'D_low': 8454.098152188677, 'k2': 1.895375973243287e-05, 'D_high': 708572.1663941594, 'fire_exp': 1.1258453832483524, 'P_half': 7.890004262668578, 'pre_dampen_half': 3.9885726374014694, 'gpp_af': 0.25562996323356013, 'gpp_b': 1.1698276136056565e-05, 'gpp_d': 1.050978521342778, 'ign_k': 0.03141110271934876, 'ign_c': 14.452451441203314, 'trop_agb_crit': 6.305574834804029, 'trop_k_veg': 2.1085323608231485, 'fuel_k': 1.1820218758583807, 'fuel_half': 0.3335026483569958}.
[I 2026-07-22 18:52:54,881] Trial 1536 finished with values: [10.211051186918285, 10.211051186918285] and parameters: {'k1': 0.0003199177539819797, 'D_low': 8454.098152188677, 'k2': 0.001566517163094646, 'D_high': 887331.2884015184, 'fire_exp': 3.9865235442286613, 'P_half': 7.890004262668578, 'pre_dampen_half': 1.2857036969656743, 'gpp_af': 0.005898277699213492, 'gpp_b': 3.936122422430193e-05, 'gpp_d': 700.6693992445935, 'ign_k': 0.5131654955148324, 'ign_c': 14.452451441203314, 'trop_agb_crit': 20.205002815711154, 'trop_k_veg': 1.7428926895756522, 'fuel_k': 3.6992394681929355, 'fuel_half': 0.3335026483569958}.
[I 2026-07-22 18:52:55,315] Trial 1537 finished with values: [-0.6799816684863025, 0.11495593653724978] and parameters: {'k1': 0.0003199177539819797, 'D_low': 1.7887890916820506, 'k2': 0.0007081721844034209, 'D_high': 8433503.858791472, 'fire_exp': 8.791426299948917, 'P_half': 7.890004262668578, 'pre_dampen_half': 33.71909132517388, 'gpp_af': 0.015350904103515228, 'gpp_b': 3.936122422430193e-05, 'gpp_d': 6.91394869865762, 'ign_k': 3.284529979576942, 'ign_c': 11.40086370112731, 'trop_agb_crit': 10.719494362768906, 'trop_k_veg': 1.7428926895756522, 'fuel_k': 3.7875356197077763, 'fuel_half': 81.87941582538087}.
[I 2026-07-22 18:52:55,742] Trial 1538 finished with values: [11.025782552363372, 11.025782552363372] and parameters: {'k1': 0.0003199177539819797, 'D_low': 2100.23993517399, 'k2': 0.002342238625792905, 'D_high': 708572.1663941594, 'fire_exp': 1.3411849220480432, 'P_half': 7.890004262668578, 'pre_dampen_half': 3.9885726374014694, 'gpp_af': 0.015350904103515228, 'gpp_b': 1.7565109007473816e-05, 'gpp_d': 6.91394869865762, 'ign_k': 3.284529979576942, 'ign_c': 11.40086370112731, 'trop_agb_crit': 12.324775650896964, 'trop_k_veg': 7.26254292602904, 'fuel_k': 0.4748757752313696, 'fuel_half': 0.3335026483569958}.
