[I 2026-08-19 17:29:48,392] Trial 1130 finished with value: 0.5503039660202174 and parameters: {'k1': 0.011680825908541782, 'D_low': 734.99094821922, 'k2': 0.0010896449165402262, 'D_high': 351332.2718459204, 'fire_exp': 1.1823597941582322, 'P_half': 228.9237045954815, 'pre_dampen_half': 19.6042416725707, 'gpp_af': 0.22212178707585595, 'gpp_b': 0.003260338869344821, 'gpp_d': 4.646129923895643, 'ign_k': 1.2064638716874894, 'ign_c': 19.52746554808381, 'trop_agb_crit': 4.887812652588996, 'trop_k_veg': 0.6467992496816436, 'pop_amp': 16.38159793190635, 'pop_peak': 330.2671323929822, 'pop_sig': 0.3602060233492258, 'fuel_k': 0.049290670891061435, 'fuel_half': 0.2950070474876131}. Best is trial 0 with value: -0.6094076133578652.
[I 2026-08-19 17:29:50,073] Trial 1131 finished with value: 0.5951291380994886 and parameters: {'k1': 0.0008845473395270661, 'D_low': 13165.476221230874, 'k2': 7.563735203157545e-05, 'D_high': 3492943.664603896, 'fire_exp': 4.039691076609803, 'P_half': 607.0983051339806, 'pre_dampen_half': 3.9515310995662114, 'gpp_af': 0.18366316993574222, 'gpp_b': 0.027591541475001216, 'gpp_d': 0.11017766518617216, 'ign_k': 0.29860534740852046, 'ign_c': 0.4977906914046226, 'trop_agb_crit': 5.4431998334979355, 'trop_k_veg': 3.2429263223612796, 'pop_amp': 0.5647794372334389, 'pop_peak': 3.48240277008709, 'pop_sig': 0.31683570090023205, 'fuel_k': 0.03747407772269009, 'fuel_half': 0.3191365616214487}. Best is trial 0 with value: -0.6094076133578652.
[I 2026-08-19 17:29:51,746] Trial 1132 finished with value: 0.5698960813339251 and parameters: {'k1': 0.0675112935220138, 'D_low': 295.8101316406799, 'k2': 0.002764408972072031, 'D_high': 6951286.873186491, 'fire_exp': 2.7996505778619394, 'P_half': 51.8147177257918, 'pre_dampen_half': 59.680458662972384, 'gpp_af': 79.73812432421833, 'gpp_b': 0.000897394048367083, 'gpp_d': 7.974394876197894, 'ign_k': 0.519856803626924, 'ign_c': 1.5998957145096075, 'trop_agb_crit': 16.4552079811705, 'trop_k_veg': 0.6114092451744794, 'pop_amp': 3.0423577544142266, 'pop_peak': 94.67939205935433, 'pop_sig': 0.5023427861290941, 'fuel_k': 0.011879160148196967, 'fuel_half': 0.19143915900079456}. Best is trial 0 with value: -0.6094076133578652.
[I 2026-08-19 17:29:53,370] Trial 1133 finished with value: 0.6184436577778596 and parameters: {'k1': 0.0035385501248217702, 'D_low': 1.3369373828780342, 'k2': 0.0009335885463451348, 'D_high': 6614025.29433563, 'fire_exp': 4.009548613734138, 'P_half': 57.8961089581847, 'pre_dampen_half': 47.48635323839032, 'gpp_af': 1.125621752062483, 'gpp_b': 0.09108191919186293, 'gpp_d': 13.737481053996161, 'ign_k': 0.06103431085921848, 'ign_c': 0.6149398870569471, 'trop_agb_crit': 10.323341197012772, 'trop_k_veg': 1.5378779972531087, 'pop_amp': 18.605978060754712, 'pop_peak': 65.73994392818135, 'pop_sig': 1.354904697416926, 'fuel_k': 0.07384862629239093, 'fuel_half': 0.7392460086339298}. Best is trial 0 with value: -0.6094076133578652.
[I 2026-08-19 17:29:55,035] Trial 1134 finished with value: 0.6446655002671962 and parameters: {'k1': 0.011642313770983018, 'D_low': 1.888228107499682, 'k2': 0.008902114825516626, 'D_high': 2346531.7432855223, 'fire_exp': 2.00976624405484, 'P_half': 26.124026515979896, 'pre_dampen_half': 41.42949983960652, 'gpp_af': 0.17069817455699196, 'gpp_b': 0.40298066679702643, 'gpp_d': 1.3187103975739405, 'ign_k': 6.87794587836682, 'ign_c': 38.75322510352135, 'trop_agb_crit': 4.43071842803062, 'trop_k_veg': 0.9950600029357747, 'pop_amp': 2.5768105201259397, 'pop_peak': 13.396220436447544, 'pop_sig': 0.4135214991360632, 'fuel_k': 0.045924930556202885, 'fuel_half': 0.33516895362851495}. Best is trial 0 with value: -0.6094076133578652.
[I 2026-08-19 17:29:56,669] Trial 1135 finished with value: 0.567312506748559 and parameters: {'k1': 0.006395606683235882, 'D_low': 1231.9080534966513, 'k2': 0.00034962802415242105, 'D_high': 9250.02568812031, 'fire_exp': 2.9844141812030647, 'P_half': 125.8506251231097, 'pre_dampen_half': 1.700803422657147, 'gpp_af': 0.036530393757095464, 'gpp_b': 0.001210215073332926, 'gpp_d': 544.2076229844422, 'ign_k': 0.47837110319971926, 'ign_c': 2.3201025473879957, 'trop_agb_crit': 25.422816601770194, 'trop_k_veg': 6.630963481058531, 'pop_amp': 2.9520120155565297, 'pop_peak': 0.22706268890922168, 'pop_sig': 0.4641320070744869, 'fuel_k': 3.311076172412734, 'fuel_half': 1.7191760241880425}. Best is trial 0 with value: -0.6094076133578652.
  trial 1136/2500  best_overall=0.6094  (31.5 min)
[I 2026-08-19 17:29:58,553] Trial 1136 finished with value: 0.5921994645398548 and parameters: {'k1': 0.05255949964294356, 'D_low': 31.77356685611806, 'k2': 0.0007970240704235171, 'D_high': 14295.99701284322, 'fire_exp': 6.594104057203416, 'P_half': 32.073980915935145, 'pre_dampen_half': 8.503767268895691, 'gpp_af': 0.006493750657894765, 'gpp_b': 2.538727460965747e-05, 'gpp_d': 320.66833336151745, 'ign_k': 0.02868021411833265, 'ign_c': 0.8039866221130457, 'trop_agb_crit': 20.301480084180877, 'trop_k_veg': 1.9555150988518124, 'pop_amp': 0.008795186826475959, 'pop_peak': 4.637870876348117, 'pop_sig': 0.40861727417524313, 'fuel_k': 0.37779709574720727, 'fuel_half': 0.23652145888810336}. Best is trial 0 with value: -0.6094076133578652.
[I 2026-08-19 17:30:00,179] Trial 1137 finished with value: -0.5290633893294273 and parameters: {'k1': 0.08355013927622514, 'D_low': 18.807924378556944, 'k2': 0.0025823211949969607, 'D_high': 52000.01835971433, 'fire_exp': 8.22928529674584, 'P_half': 3.8448228547468855, 'pre_dampen_half': 37.68039922047468, 'gpp_af': 0.020627219372252446, 'gpp_b': 0.0028582681496543785, 'gpp_d': 156.20667862946752, 'ign_k': 1.0055683868315526, 'ign_c': 0.580740666596073, 'trop_agb_crit': 10.629267946896634, 'trop_k_veg': 1.181027522728931, 'pop_amp': 0.026067219508511597, 'pop_peak': 1.49368048333807, 'pop_sig': 0.6327044720150722, 'fuel_k': 0.07439405249340643, 'fuel_half': 0.15535138566828713}. Best is trial 0 with value: -0.6094076133578652.
[I 2026-08-19 17:30:01,873] Trial 1138 finished with value: -0.5571594582046744 and parameters: {'k1': 9.091193757532736e-05, 'D_low': 50.080496051955855, 'k2': 0.0007815422155482843, 'D_high': 5779064.432942656, 'fire_exp': 3.1420703224304316, 'P_half': 1.7484580955682967, 'pre_dampen_half': 6.496223866389635, 'gpp_af': 0.00803909615460031, 'gpp_b': 7.882299148287056e-05, 'gpp_d': 530.5465517540604, 'ign_k': 1.3425886729946173, 'ign_c': 0.20318134778790295, 'trop_agb_crit': 8.065331174990101, 'trop_k_veg': 0.7465481122017622, 'pop_amp': 0.03258838578424057, 'pop_peak': 0.23502892483748697, 'pop_sig': 0.682711040643487, 'fuel_k': 0.19102462825551986, 'fuel_half': 0.17460132097220754}. Best is trial 0 with value: -0.6094076133578652.
[I 2026-08-19 17:30:03,491] Trial 1139 finished with value: -0.5799550222348092 and parameters: {'k1': 0.0047065166461406965, 'D_low': 15.927127160439872, 'k2': 0.0009527876411480356, 'D_high': 509673.5740330695, 'fire_exp': 1.6428339076864786, 'P_half': 184.48724427500005, 'pre_dampen_half': 2.7743085066186257, 'gpp_af': 0.11306148226986466, 'gpp_b': 0.006849405532324921, 'gpp_d': 34.30501889315142, 'ign_k': 0.3864054375975552, 'ign_c': 5.185092765273444, 'trop_agb_crit': 11.47746250680212, 'trop_k_veg': 0.6444866918228089, 'pop_amp': 0.36367881954289943, 'pop_peak': 15.794128561611029, 'pop_sig': 0.8880509277388361, 'fuel_k': 0.06975893413905213, 'fuel_half': 0.6291502586223562}. Best is trial 0 with value: -0.6094076133578652.
[I 2026-08-19 17:30:05,085] Trial 1140 finished with value: 0.4850539888527726 and parameters: {'k1': 0.0011712351311149473, 'D_low': 5.678750252266817, 'k2': 0.0040543271021425496, 'D_high': 7869441.449409504, 'fire_exp': 1.624838042357373, 'P_half': 238.03870689541307, 'pre_dampen_half': 0.274647132481052, 'gpp_af': 1.5834554224273736, 'gpp_b': 1.375755239943593, 'gpp_d': 104.96541305706413, 'ign_k': 2.4921674432317453, 'ign_c': 1.3815040613248062, 'trop_agb_crit': 7.303929435021676, 'trop_k_veg': 2.221924345638446, 'pop_amp': 13.252588892764416, 'pop_peak': 129.75941790527153, 'pop_sig': 0.2835634758813552, 'fuel_k': 0.07628792701859027, 'fuel_half': 0.17657347634312928}. Best is trial 0 with value: -0.6094076133578652.
[I 2026-08-19 17:30:06,761] Trial 1141 finished with value: 0.565097698986992 and parameters: {'k1': 0.01423499179148895, 'D_low': 113.43701588344722, 'k2': 3.4849866278215534e-05, 'D_high': 96572.60100878168, 'fire_exp': 1.6677393988754838, 'P_half': 16.21089704714919, 'pre_dampen_half': 0.034262800731210685, 'gpp_af': 0.23286399668543725, 'gpp_b': 0.0004123251690135228, 'gpp_d': 53.773374813945374, 'ign_k': 0.005515796361827803, 'ign_c': 0.258341016239308, 'trop_agb_crit': 2.058666364650289, 'trop_k_veg': 0.6468763072411795, 'pop_amp': 1.4723871286341155, 'pop_peak': 1.9023816300468162, 'pop_sig': 0.9491020418303765, 'fuel_k': 0.2863349290847995, 'fuel_half': 0.21496148687173794}. Best is trial 0 with value: -0.6094076133578652.
[I 2026-08-19 17:30:08,414] Trial 1142 finished with value: 0.47354706540047764 and parameters: {'k1': 0.011244887634284674, 'D_low': 10.7923702789167, 'k2': 0.07598686170223223, 'D_high': 19361.460825447062, 'fire_exp': 4.662771737379207, 'P_half': 51.46173676855916, 'pre_dampen_half': 152.32253642030415, 'gpp_af': 0.2542194128316014, 'gpp_b': 2.0048608548740942e-05, 'gpp_d': 21.88715932995152, 'ign_k': 0.539191758587365, 'ign_c': 0.10697019373764628, 'trop_agb_crit': 15.58569474753548, 'trop_k_veg': 1.3713353116607179, 'pop_amp': 0.010987803162423456, 'pop_peak': 0.6366463683331782, 'pop_sig': 0.6222186537014915, 'fuel_k': 0.35754601623445853, 'fuel_half': 0.8539690971011072}. Best is trial 0 with value: -0.6094076133578652.
[I 2026-08-19 17:30:10,023] Trial 1143 finished with value: 0.5266390218836838 and parameters: {'k1': 0.0004415954272058737, 'D_low': 1.5195478586064703, 'k2': 0.0009258823090805419, 'D_high': 894508.7206440845, 'fire_exp': 3.4137202311041768, 'P_half': 437.92744309984204, 'pre_dampen_half': 1.132110920543391, 'gpp_af': 2.6345114384234423, 'gpp_b': 0.004445934630564722, 'gpp_d': 141.15247706836675, 'ign_k': 9.41076580712149, 'ign_c': 5.088866440740992, 'trop_agb_crit': 16.59871387189256, 'trop_k_veg': 1.0273349630026885, 'pop_amp': 2.3166666948434225, 'pop_peak': 52.26197480586108, 'pop_sig': 0.26381702215359176, 'fuel_k': 0.04170446614139112, 'fuel_half': 0.11885075724520315}. Best is trial 0 with value: -0.6094076133578652.
[I 2026-08-19 17:30:11,689] Trial 1144 finished with value: 0.5832975485584778 and parameters: {'k1': 0.0643214330409478, 'D_low': 14.751825302124377, 'k2': 0.008783373029756443, 'D_high': 109388.80202924549, 'fire_exp': 8.181135013066067, 'P_half': 35.02533507353993, 'pre_dampen_half': 6.960631032560751, 'gpp_af': 0.5120685028176395, 'gpp_b': 9.810516104499267e-05, 'gpp_d': 978.5158443620135, 'ign_k': 0.014649999028881084, 'ign_c': 0.20016882451886228, 'trop_agb_crit': 17.53485908841343, 'trop_k_veg': 0.7033598768167098, 'pop_amp': 0.056574653725586295, 'pop_peak': 3.507946489233854, 'pop_sig': 1.608829069205909, 'fuel_k': 3.096359566410436, 'fuel_half': 0.112124937406415}. Best is trial 0 with value: -0.6094076133578652.
[I 2026-08-19 17:30:13,304] Trial 1145 finished with value: 0.5754622175296166 and parameters: {'k1': 0.003295217828988513, 'D_low': 73.97005679363643, 'k2': 0.0010654320341351284, 'D_high': 2540343.751007514, 'fire_exp': 5.1012865876344575, 'P_half': 18.774303087548414, 'pre_dampen_half': 0.010552513495111805, 'gpp_af': 2.7561264503454694, 'gpp_b': 0.005421319592705944, 'gpp_d': 8.824610632889472, 'ign_k': 0.016427704869328614, 'ign_c': 0.42435232334489725, 'trop_agb_crit': 2.0831909814691114, 'trop_k_veg': 1.4338047467798711, 'pop_amp': 9.418633209153576, 'pop_peak': 112.59348195595919, 'pop_sig': 0.8486766220179589, 'fuel_k': 1.8565930125471648, 'fuel_half': 2.8962809684764386}. Best is trial 0 with value: -0.6094076133578652.
[I 2026-08-19 17:30:14,940] Trial 1146 finished with value: 0.4716929930671494 and parameters: {'k1': 0.007352419378247227, 'D_low': 1349.337392704863, 'k2': 0.010354595888462846, 'D_high': 3028275.117790052, 'fire_exp': 2.8551714145331566, 'P_half': 7.491212206402038, 'pre_dampen_half': 9.75247156710336, 'gpp_af': 0.017335042386912868, 'gpp_b': 4.431764765779238e-05, 'gpp_d': 36.091916936235826, 'ign_k': 0.049731528680983426, 'ign_c': 0.40578025333223233, 'trop_agb_crit': 7.597871805476097, 'trop_k_veg': 0.6060113630651194, 'pop_amp': 0.08465753593867718, 'pop_peak': 2.365252496717837, 'pop_sig': 0.787388247902543, 'fuel_k': 0.127751454556599, 'fuel_half': 0.10405543635706606}. Best is trial 0 with value: -0.6094076133578652.
[I 2026-08-19 17:30:16,685] Trial 1147 finished with value: 0.5824527526116272 and parameters: {'k1': 0.001360195017530738, 'D_low': 13.056710495529742, 'k2': 0.000428203121494958, 'D_high': 996053.238740555, 'fire_exp': 6.450793409853045, 'P_half': 11.330839666486305, 'pre_dampen_half': 4.908973742884504, 'gpp_af': 2.555305853373155, 'gpp_b': 0.09508556241601712, 'gpp_d': 3.0620025912121345, 'ign_k': 0.08567811874788547, 'ign_c': 0.1629946255847517, 'trop_agb_crit': 1.7477237423681322, 'trop_k_veg': 0.6144582996778232, 'pop_amp': 2.248167647986223, 'pop_peak': 112.75508393050325, 'pop_sig': 0.37221401233252965, 'fuel_k': 0.5042486731238967, 'fuel_half': 0.9161100459751473}. Best is trial 0 with value: -0.6094076133578652.
[I 2026-08-19 17:30:18,371] Trial 1148 finished with value: 0.5968459649399246 and parameters: {'k1': 0.003812081048145652, 'D_low': 87.6239068016068, 'k2': 0.0003846246114248009, 'D_high': 228488.51471203403, 'fire_exp': 3.098742477254413, 'P_half': 13.862147581282589, 'pre_dampen_half': 5.315348855926466, 'gpp_af': 0.03307350335595375, 'gpp_b': 0.06469165337272031, 'gpp_d': 787.6486964945035, 'ign_k': 0.7079266021819007, 'ign_c': 0.12368740458997916, 'trop_agb_crit': 8.803422052583088, 'trop_k_veg': 1.117291059357866, 'pop_amp': 0.149301078929875, 'pop_peak': 1.0206974170458931, 'pop_sig': 0.5249914764295549, 'fuel_k': 0.11474535604656376, 'fuel_half': 0.14622819942910092}. Best is trial 0 with value: -0.6094076133578652.
  trial 1149/2500  best_overall=0.6094  (31.9 min)
[I 2026-08-19 17:30:20,280] Trial 1149 finished with value: 0.5443340331836535 and parameters: {'k1': 0.0011370736814198445, 'D_low': 2.1474384536785593, 'k2': 0.0058349650534825015, 'D_high': 804852.1011374482, 'fire_exp': 2.074711870595925, 'P_half': 64.09447401623048, 'pre_dampen_half': 0.0232779355165611, 'gpp_af': 0.02190586782684672, 'gpp_b': 0.007813740220131924, 'gpp_d': 10.522871771233318, 'ign_k': 3.752623291810292, 'ign_c': 0.1744445585902818, 'trop_agb_crit': 19.427639562838802, 'trop_k_veg': 0.9206752062046603, 'pop_amp': 1.9706338363123852, 'pop_peak': 90.88260677543948, 'pop_sig': 0.856762726146373, 'fuel_k': 0.1930878019400489, 'fuel_half': 0.48147715612694447}. Best is trial 0 with value: -0.6094076133578652.
[I 2026-08-19 17:30:22,029] Trial 1150 finished with value: 0.6445374145881376 and parameters: {'k1': 0.019990397228736623, 'D_low': 140.46323720144014, 'k2': 0.0030619646297236707, 'D_high': 9172335.012580581, 'fire_exp': 3.9268595655617387, 'P_half': 38.791213042223696, 'pre_dampen_half': 7.812399417707282, 'gpp_af': 0.010188678903190612, 'gpp_b': 1.5993899269633694e-05, 'gpp_d': 13.754320509701207, 'ign_k': 0.7056477679402005, 'ign_c': 142.8647735627945, 'trop_agb_crit': 4.740890929180678, 'trop_k_veg': 0.9208995402174569, 'pop_amp': 0.06937217840447318, 'pop_peak': 332.2328969618372, 'pop_sig': 1.2237924838035672, 'fuel_k': 0.04019786565821759, 'fuel_half': 0.13701983922227534}. Best is trial 0 with value: -0.6094076133578652.
[I 2026-08-19 17:30:23,682] Trial 1151 finished with value: 0.5931782683776755 and parameters: {'k1': 0.004402236206165302, 'D_low': 156.0496204779184, 'k2': 0.0002963692985958941, 'D_high': 78607.02390526615, 'fire_exp': 2.533033471824807, 'P_half': 504.76968783097203, 'pre_dampen_half': 443.4715775850738, 'gpp_af': 3.2178742864186898, 'gpp_b': 0.0008702954374208466, 'gpp_d': 1.328101601043448, 'ign_k': 0.08175259098343007, 'ign_c': 4.2748536324659625, 'trop_agb_crit': 12.70785831113773, 'trop_k_veg': 0.5324831594207027, 'pop_amp': 1.959563814545015, 'pop_peak': 247.31269015514323, 'pop_sig': 0.4094566984337736, 'fuel_k': 0.06588709259877797, 'fuel_half': 0.1317475179860425}. Best is trial 0 with value: -0.6094076133578652.
[I 2026-08-19 17:30:25,286] Trial 1152 finished with value: 0.5805776586286309 and parameters: {'k1': 0.01243576491569715, 'D_low': 4.511218931787659, 'k2': 0.0006087244099943995, 'D_high': 249122.09356521876, 'fire_exp': 4.368571208052447, 'P_half': 176.09749598489157, 'pre_dampen_half': 0.25640318814347113, 'gpp_af': 2.7430225416707423, 'gpp_b': 0.014024083138649168, 'gpp_d': 25.429135742741323, 'ign_k': 0.00965238051957266, 'ign_c': 0.5456152086343996, 'trop_agb_crit': 9.39157225786616, 'trop_k_veg': 0.5329133177467809, 'pop_amp': 1.0026005814100556, 'pop_peak': 7.276852045350214, 'pop_sig': 1.0356731614310228, 'fuel_k': 0.6625407530492402, 'fuel_half': 1.1938234761308608}. Best is trial 0 with value: -0.6094076133578652.
[I 2026-08-19 17:30:26,925] Trial 1153 finished with value: 0.5644920365786632 and parameters: {'k1': 1.6924930044981644e-05, 'D_low': 56.010496763407154, 'k2': 9.987598926511274e-05, 'D_high': 5947193.435981158, 'fire_exp': 2.3192700394647923, 'P_half': 452.5097008665075, 'pre_dampen_half': 2.170692405862755, 'gpp_af': 1.0062676869576375, 'gpp_b': 0.03703261976217208, 'gpp_d': 28.947700153552553, 'ign_k': 0.014935268183746964, 'ign_c': 0.18538022289445075, 'trop_agb_crit': 5.455722460545422, 'trop_k_veg': 1.0799856826929934, 'pop_amp': 5.933204735630646, 'pop_peak': 470.62874608106506, 'pop_sig': 0.909505173567603, 'fuel_k': 0.17250448002553875, 'fuel_half': 0.9453413412187526}. Best is trial 0 with value: -0.6094076133578652.
[I 2026-08-19 17:30:28,546] Trial 1154 finished with value: 0.44117827853506486 and parameters: {'k1': 0.02971661733439242, 'D_low': 33.6853833260172, 'k2': 0.00039907212349254875, 'D_high': 7636134.684015664, 'fire_exp': 7.649363480484023, 'P_half': 14.664260915083066, 'pre_dampen_half': 6.406975067588251, 'gpp_af': 0.265424328225919, 'gpp_b': 0.0016974975689821618, 'gpp_d': 568.3420614180088, 'ign_k': 0.30920348452822943, 'ign_c': 0.1292775564332801, 'trop_agb_crit': 25.18859672308702, 'trop_k_veg': 1.0119897664207955, 'pop_amp': 0.14460059738821926, 'pop_peak': 0.25836525906616226, 'pop_sig': 0.36423977628824283, 'fuel_k': 0.03588743458821877, 'fuel_half': 0.17467900412756104}. Best is trial 0 with value: -0.6094076133578652.
[I 2026-08-19 17:30:30,136] Trial 1155 finished with value: 0.5593116658958639 and parameters: {'k1': 0.0034073963435377152, 'D_low': 171.88285172994026, 'k2': 0.02923964088322594, 'D_high': 8596730.091895826, 'fire_exp': 2.11799836720984, 'P_half': 1.2843107659537327, 'pre_dampen_half': 0.36929295176837623, 'gpp_af': 0.015734740976214065, 'gpp_b': 5.8749845805207817e-05, 'gpp_d': 318.26078573025285, 'ign_k': 0.007150804262022108, 'ign_c': 0.20399539781884418, 'trop_agb_crit': 11.040353741737567, 'trop_k_veg': 0.9419598033661579, 'pop_amp': 0.004230568922156494, 'pop_peak': 0.06552844343480535, 'pop_sig': 1.8722610724582198, 'fuel_k': 0.2323396347605339, 'fuel_half': 24.35242946906991}. Best is trial 0 with value: -0.6094076133578652.
[I 2026-08-19 17:30:31,741] Trial 1156 finished with value: 0.5879594181121822 and parameters: {'k1': 0.0012215265817973808, 'D_low': 27.047504671961136, 'k2': 0.00045781468367966645, 'D_high': 3048062.1370236087, 'fire_exp': 5.222546035487832, 'P_half': 42.98254583803952, 'pre_dampen_half': 0.13613728395137664, 'gpp_af': 0.08178442349630982, 'gpp_b': 0.08845160113465832, 'gpp_d': 794.4612342929627, 'ign_k': 1.1301391466108748, 'ign_c': 1.897843344944317, 'trop_agb_crit': 21.186466849806145, 'trop_k_veg': 4.172293720101791, 'pop_amp': 0.013343715578698285, 'pop_peak': 1.693929944971463, 'pop_sig': 0.40806216271015816, 'fuel_k': 2.310072118065502, 'fuel_half': 2.366039597229217}. Best is trial 0 with value: -0.6094076133578652.
[I 2026-08-19 17:30:33,400] Trial 1157 finished with value: 0.5867784007237037 and parameters: {'k1': 0.00011439334512961007, 'D_low': 8.352993946100305, 'k2': 0.0017634932971242352, 'D_high': 1958318.7060613588, 'fire_exp': 1.4407275712762286, 'P_half': 648.5084169008813, 'pre_dampen_half': 1.4986970236170911, 'gpp_af': 0.007030609111423147, 'gpp_b': 0.12167919910634448, 'gpp_d': 29.267822108298216, 'ign_k': 1.2769192300271137, 'ign_c': 0.8165811580262818, 'trop_agb_crit': 13.105649251587103, 'trop_k_veg': 0.8059434380577437, 'pop_amp': 8.077495350111114, 'pop_peak': 0.3763570757603467, 'pop_sig': 0.727751242781223, 'fuel_k': 0.9833934390742546, 'fuel_half': 0.674245989967373}. Best is trial 0 with value: -0.6094076133578652.
[I 2026-08-19 17:30:35,046] Trial 1158 finished with value: 0.5968495240331959 and parameters: {'k1': 0.09350788982676565, 'D_low': 179.8853523411141, 'k2': 9.291922759656088e-05, 'D_high': 3933753.169747548, 'fire_exp': 7.361633789175514, 'P_half': 109.63952786944542, 'pre_dampen_half': 60.94057451953869, 'gpp_af': 0.10796391244135288, 'gpp_b': 0.0027631726755208436, 'gpp_d': 70.61464780621567, 'ign_k': 0.07208943655481183, 'ign_c': 41.87399217848675, 'trop_agb_crit': 15.52829535764462, 'trop_k_veg': 0.7060096096508851, 'pop_amp': 3.1430299735083507, 'pop_peak': 141.4491278163356, 'pop_sig': 0.2659629717056962, 'fuel_k': 0.07792767588458836, 'fuel_half': 0.4702174050416001}. Best is trial 0 with value: -0.6094076133578652.
