[I 2026-07-25 00:36:39,208] Trial 942 finished with value: 0.47558759450650157 and parameters: {'k1': 0.0007101025387159084, 'D_low': 20.906378067369584, 'k2': 0.0025918350028935363, 'D_high': 411715.95070318115, 'fire_exp': 1.0299134289593532, 'P_half': 47.67038509936925, 'pre_dampen_half': 0.2586863665441239, 'gpp_af': 3.126871292110704, 'gpp_b': 0.002598042349357471, 'gpp_d': 5.0920576873730825, 'ign_k': 0.1382032293253693, 'ign_c': 27.259030699359666, 'trop_agb_crit': 20.5995945912495, 'trop_k_veg': 6.255628381748636, 'gdp_gamma': 0.23224960763139058, 'cure_k': 0.015268237035788028, 'cure_p_min': 275.6412700370972, 'cure_gpp_ref': 1.928876007293256, 'cure_agb_crit': 4.676333816562231, 'fuel_k': 0.1043975490944267, 'fuel_half': 0.5837570797541684}. Best is trial 577 with value: -0.629883323094065.
[I 2026-07-25 00:36:39,663] Trial 943 finished with value: 0.5782603410200355 and parameters: {'k1': 1.3404410592835287e-05, 'D_low': 18.927321817521683, 'k2': 3.629812281432084e-05, 'D_high': 13816.306727063547, 'fire_exp': 1.2004042268439359, 'P_half': 2732.8948891667524, 'pre_dampen_half': 2.5075991803116544, 'gpp_af': 0.9265885421829255, 'gpp_b': 0.038707357469427224, 'gpp_d': 4.455603618840338, 'ign_k': 0.1537611999351588, 'ign_c': 28.79518922057705, 'trop_agb_crit': 28.61656619213055, 'trop_k_veg': 1.8841330456540755, 'gdp_gamma': 1.218512900669192, 'cure_k': 0.0030330305726555327, 'cure_p_min': 266.2477266319863, 'cure_gpp_ref': 1.1064442774323338, 'cure_agb_crit': 2.234804886959835, 'fuel_k': 0.26824244428446264, 'fuel_half': 0.3835353051718213}. Best is trial 577 with value: -0.629883323094065.
[I 2026-07-25 00:36:40,128] Trial 944 finished with value: 0.5716756483086616 and parameters: {'k1': 9.117137375277353e-05, 'D_low': 5.200839405464033, 'k2': 0.0002955319497504011, 'D_high': 429047.1155491166, 'fire_exp': 1.7358485299458088, 'P_half': 7.714259796418715, 'pre_dampen_half': 0.035843242585619876, 'gpp_af': 0.0726377881037714, 'gpp_b': 0.006998330558103818, 'gpp_d': 214.74192202717362, 'ign_k': 0.002882436480991763, 'ign_c': 4.371104762460339, 'trop_agb_crit': 1.8244349933137842, 'trop_k_veg': 0.7375613257083438, 'gdp_gamma': 0.38264496727588115, 'cure_k': 0.0013692767711159463, 'cure_p_min': 84.05309699637667, 'cure_gpp_ref': 0.40989060657112936, 'cure_agb_crit': 1.8291590021297606, 'fuel_k': 0.03748076630295168, 'fuel_half': 28.03809310015243}. Best is trial 577 with value: -0.629883323094065.
[I 2026-07-25 00:36:40,592] Trial 945 finished with value: -0.6175719996504284 and parameters: {'k1': 0.04285840851715282, 'D_low': 245.9916805068115, 'k2': 0.026479587854159665, 'D_high': 9147927.144922359, 'fire_exp': 2.1719046293368915, 'P_half': 441.40556952166384, 'pre_dampen_half': 74.25055368122612, 'gpp_af': 0.03515214491305589, 'gpp_b': 0.00011205666591017246, 'gpp_d': 485.26491466684814, 'ign_k': 0.006344884705989772, 'ign_c': 14.318518534409803, 'trop_agb_crit': 12.714525906255792, 'trop_k_veg': 0.6777931011220794, 'gdp_gamma': 1.6096129247182855, 'cure_k': 0.001852014662789956, 'cure_p_min': 202.83437519237856, 'cure_gpp_ref': 0.4695325021040396, 'cure_agb_crit': 2.4826275133787425, 'fuel_k': 0.2133947742928097, 'fuel_half': 89.32567486337513}. Best is trial 577 with value: -0.629883323094065.
[I 2026-07-25 00:36:41,057] Trial 946 finished with value: 0.3829394735513294 and parameters: {'k1': 0.0003198403819192236, 'D_low': 7.248586839058901, 'k2': 0.00018616514880941603, 'D_high': 3203408.720250175, 'fire_exp': 1.5615771349065755, 'P_half': 125.90326493807798, 'pre_dampen_half': 6.270533620053799, 'gpp_af': 0.0022392317892838695, 'gpp_b': 0.000246972702310617, 'gpp_d': 830.4432012807532, 'ign_k': 0.0020270656624458306, 'ign_c': 13.83188428565572, 'trop_agb_crit': 11.670307348271223, 'trop_k_veg': 1.2835551937736287, 'gdp_gamma': 1.5385712843835826, 'cure_k': 0.003292622241227962, 'cure_p_min': 86.39911407439992, 'cure_gpp_ref': 0.1890970132428751, 'cure_agb_crit': 5.602906985789794, 'fuel_k': 0.0664644838509578, 'fuel_half': 22.72520427922614}. Best is trial 577 with value: -0.629883323094065.
[I 2026-07-25 00:36:41,522] Trial 947 finished with value: 0.4274271802355597 and parameters: {'k1': 0.016413810143587535, 'D_low': 162.3531123237442, 'k2': 0.01980725978086937, 'D_high': 987950.0606468646, 'fire_exp': 2.3712479109623126, 'P_half': 577.3572574849904, 'pre_dampen_half': 13.972818474386537, 'gpp_af': 0.08670394361821039, 'gpp_b': 0.0006983360257416715, 'gpp_d': 94.57518478852764, 'ign_k': 0.03465040353521753, 'ign_c': 5.019760337272353, 'trop_agb_crit': 19.710492585967593, 'trop_k_veg': 1.3765170433061629, 'gdp_gamma': 0.5263649962233848, 'cure_k': 0.019994111193910223, 'cure_p_min': 295.2186014288278, 'cure_gpp_ref': 0.20102234587308063, 'cure_agb_crit': 2.345951989474302, 'fuel_k': 0.2626190480310071, 'fuel_half': 98.35339571630156}. Best is trial 577 with value: -0.629883323094065.
[I 2026-07-25 00:36:41,979] Trial 948 finished with value: 0.4207617982091588 and parameters: {'k1': 0.033002073862049314, 'D_low': 2.3743591508232114, 'k2': 0.0002841448756620512, 'D_high': 2679617.63921558, 'fire_exp': 1.157902142083431, 'P_half': 118.95431359984087, 'pre_dampen_half': 32.548585426050074, 'gpp_af': 0.003400783735430027, 'gpp_b': 1.904820498605628e-05, 'gpp_d': 20.77879913172548, 'ign_k': 0.07703619017288213, 'ign_c': 32.86339873657073, 'trop_agb_crit': 8.630557068179565, 'trop_k_veg': 0.9708190787887404, 'gdp_gamma': 0.5480763927641963, 'cure_k': 0.0012666746466597103, 'cure_p_min': 131.22956048901906, 'cure_gpp_ref': 0.06547264235855393, 'cure_agb_crit': 2.516013524792695, 'fuel_k': 0.1032363867317989, 'fuel_half': 22.936236798481477}. Best is trial 577 with value: -0.629883323094065.
[I 2026-07-25 00:36:42,436] Trial 949 finished with value: 0.5673090339394806 and parameters: {'k1': 0.026412876726658638, 'D_low': 2759.2761882277496, 'k2': 0.046267119247801844, 'D_high': 6092586.136515037, 'fire_exp': 1.3433557150134756, 'P_half': 146.37522204208435, 'pre_dampen_half': 720.1472038506888, 'gpp_af': 0.2010252891993817, 'gpp_b': 2.4490388308707116e-05, 'gpp_d': 494.1129588409812, 'ign_k': 0.0030779181486251346, 'ign_c': 69.67208215305197, 'trop_agb_crit': 7.201142433361352, 'trop_k_veg': 0.7494693717944616, 'gdp_gamma': 1.2405832417457778, 'cure_k': 0.008276599936991995, 'cure_p_min': 290.93178490198596, 'cure_gpp_ref': 0.5812761709887603, 'cure_agb_crit': 2.094863083781032, 'fuel_k': 0.43976581089042677, 'fuel_half': 78.28412944562479}. Best is trial 577 with value: -0.629883323094065.
[I 2026-07-25 00:36:42,895] Trial 950 finished with value: 0.5253471169265836 and parameters: {'k1': 1.6040368285138384e-05, 'D_low': 49751.11674770552, 'k2': 0.0005268333011945519, 'D_high': 181457.254377603, 'fire_exp': 1.602557632721306, 'P_half': 89.09979422230747, 'pre_dampen_half': 0.32716287824240675, 'gpp_af': 2.3987281040967496, 'gpp_b': 5.0198951437895574e-05, 'gpp_d': 374.9118680206906, 'ign_k': 0.013014715020232591, 'ign_c': 72.49885760188786, 'trop_agb_crit': 19.01823655908372, 'trop_k_veg': 0.9860882174594789, 'gdp_gamma': 1.110237715958437, 'cure_k': 0.022153448147782757, 'cure_p_min': 125.00220648001876, 'cure_gpp_ref': 0.10706312634643173, 'cure_agb_crit': 1.352163154161002, 'fuel_k': 0.5126355194687112, 'fuel_half': 50.75817716207848}. Best is trial 577 with value: -0.629883323094065.
[I 2026-07-25 00:36:43,354] Trial 951 finished with value: 0.602058250866552 and parameters: {'k1': 0.01996567110043901, 'D_low': 14.120339057557976, 'k2': 0.0007466895074052964, 'D_high': 71324.99168916878, 'fire_exp': 1.0680965880186595, 'P_half': 790.6499617320575, 'pre_dampen_half': 53.493684370456315, 'gpp_af': 0.0020644603390928603, 'gpp_b': 0.0008988281538700695, 'gpp_d': 969.4831162223522, 'ign_k': 0.04203079912120114, 'ign_c': 678.490862679521, 'trop_agb_crit': 17.29667744900523, 'trop_k_veg': 1.2231743112218225, 'gdp_gamma': 1.8699566798840406, 'cure_k': 0.0067982339484468635, 'cure_p_min': 127.02771502531674, 'cure_gpp_ref': 0.09415256580128538, 'cure_agb_crit': 3.5043811365986786, 'fuel_k': 0.021777651709532008, 'fuel_half': 20.115049577320637}. Best is trial 577 with value: -0.629883323094065.
[I 2026-07-25 00:36:43,811] Trial 952 finished with value: -0.5581929836322097 and parameters: {'k1': 0.003113496594179058, 'D_low': 3217.7731673335015, 'k2': 8.765710912838754e-05, 'D_high': 2175138.491150198, 'fire_exp': 1.1037793699716727, 'P_half': 39.35104424149069, 'pre_dampen_half': 0.013131946261221059, 'gpp_af': 9.25768318349476, 'gpp_b': 0.01730403115386801, 'gpp_d': 65.65973723421136, 'ign_k': 0.050555109331327286, 'ign_c': 1.069837030101719, 'trop_agb_crit': 20.74731699251587, 'trop_k_veg': 2.1283707296306624, 'gdp_gamma': 0.9789389806464075, 'cure_k': 0.0028312212722431136, 'cure_p_min': 331.45166055835955, 'cure_gpp_ref': 0.5087072565590582, 'cure_agb_crit': 3.047559178419971, 'fuel_k': 0.02296777388225989, 'fuel_half': 0.4704289517603582}. Best is trial 577 with value: -0.629883323094065.
[I 2026-07-25 00:36:44,266] Trial 953 finished with value: -0.5315384319040242 and parameters: {'k1': 0.018933381005536373, 'D_low': 147.0112861616747, 'k2': 0.0009509619569990641, 'D_high': 2568985.4304723237, 'fire_exp': 1.2521887739760225, 'P_half': 147.7643110663742, 'pre_dampen_half': 428.7868164695787, 'gpp_af': 0.0054801200836863415, 'gpp_b': 0.001205222731789447, 'gpp_d': 30.46187619434178, 'ign_k': 0.007084622748902897, 'ign_c': 114.46774008012528, 'trop_agb_crit': 14.77830547207825, 'trop_k_veg': 1.8741881375310914, 'gdp_gamma': 0.26143651841783766, 'cure_k': 0.0017096542640273656, 'cure_p_min': 181.3106930477315, 'cure_gpp_ref': 0.051982995494639174, 'cure_agb_crit': 5.412396736112456, 'fuel_k': 0.026138719063226182, 'fuel_half': 43.650187006335614}. Best is trial 577 with value: -0.629883323094065.
[I 2026-07-25 00:36:44,742] Trial 954 finished with value: 0.5450984811279166 and parameters: {'k1': 0.007704806236185197, 'D_low': 17753.660638912592, 'k2': 0.003225518250794778, 'D_high': 134162.71869402085, 'fire_exp': 1.1231590843773551, 'P_half': 3.1387102623089294, 'pre_dampen_half': 0.6287047181403047, 'gpp_af': 0.06854911407469898, 'gpp_b': 0.010654305781781993, 'gpp_d': 9.481394409663151, 'ign_k': 0.02683875924404121, 'ign_c': 0.21224971439450305, 'trop_agb_crit': 3.581691219741104, 'trop_k_veg': 5.952320758380999, 'gdp_gamma': 0.18627036354108306, 'cure_k': 0.02050772241824748, 'cure_p_min': 273.20570890215055, 'cure_gpp_ref': 1.4159519372590035, 'cure_agb_crit': 3.905572011258784, 'fuel_k': 0.7913469656284282, 'fuel_half': 5.6867409479657045}. Best is trial 577 with value: -0.629883323094065.
[I 2026-07-25 00:36:45,231] Trial 955 finished with value: 0.5948358389355101 and parameters: {'k1': 0.00023783631363881742, 'D_low': 1100.592672405488, 'k2': 0.00011104739185812097, 'D_high': 80157.68335038988, 'fire_exp': 1.1598640457947103, 'P_half': 381.1843430105113, 'pre_dampen_half': 4.2175303562070505, 'gpp_af': 2.889181720774597, 'gpp_b': 3.249181564380902, 'gpp_d': 11.463999333254403, 'ign_k': 0.32525151363906424, 'ign_c': 40.7998919332212, 'trop_agb_crit': 29.694549419647004, 'trop_k_veg': 2.320525866491209, 'gdp_gamma': 0.16681030689937776, 'cure_k': 0.002038180700329789, 'cure_p_min': 360.3655202969, 'cure_gpp_ref': 0.3328825358397326, 'cure_agb_crit': 4.055872349443293, 'fuel_k': 0.03590355610555623, 'fuel_half': 0.29672394738020214}. Best is trial 577 with value: -0.629883323094065.
[I 2026-07-25 00:36:45,694] Trial 956 finished with value: 0.4690084229794128 and parameters: {'k1': 0.010268768705409546, 'D_low': 515.0115687757585, 'k2': 0.022087701547017474, 'D_high': 868727.4695171446, 'fire_exp': 1.9334156996283518, 'P_half': 79.23807602522051, 'pre_dampen_half': 45.169821161757966, 'gpp_af': 0.07029894027586849, 'gpp_b': 1.3946584141563413e-05, 'gpp_d': 51.867004893218464, 'ign_k': 0.00641053866428085, 'ign_c': 16.2346416840266, 'trop_agb_crit': 10.190471783156687, 'trop_k_veg': 0.9227236310612386, 'gdp_gamma': 0.879584115015268, 'cure_k': 0.0012956817906217158, 'cure_p_min': 145.5236568792833, 'cure_gpp_ref': 0.33289975284249534, 'cure_agb_crit': 2.4811655502442944, 'fuel_k': 0.014764236823930339, 'fuel_half': 13.322269899352317}. Best is trial 577 with value: -0.629883323094065.
[I 2026-07-25 00:36:46,159] Trial 957 finished with value: 0.5537399187614198 and parameters: {'k1': 0.00022393322734807954, 'D_low': 27054.421589287926, 'k2': 0.0941536221160005, 'D_high': 6321848.349651017, 'fire_exp': 1.787995058427945, 'P_half': 246.19590592773164, 'pre_dampen_half': 12.942959249071233, 'gpp_af': 2.8280219073385955, 'gpp_b': 3.238819101379239e-05, 'gpp_d': 314.993906782306, 'ign_k': 0.0012607994365304216, 'ign_c': 4.397184761788004, 'trop_agb_crit': 18.462641663748013, 'trop_k_veg': 0.7198514262701116, 'gdp_gamma': 0.18102852728488222, 'cure_k': 0.0034490198022509412, 'cure_p_min': 136.53222372938538, 'cure_gpp_ref': 0.2675614304522909, 'cure_agb_crit': 3.738176161112604, 'fuel_k': 0.056968181041415974, 'fuel_half': 56.92705715606908}. Best is trial 577 with value: -0.629883323094065.
[I 2026-07-25 00:36:46,618] Trial 958 finished with value: 0.47169063554611257 and parameters: {'k1': 0.0006472994265267246, 'D_low': 2218.723284376741, 'k2': 0.02565983925668095, 'D_high': 2428394.605500073, 'fire_exp': 1.9757220980780537, 'P_half': 238.86267357079095, 'pre_dampen_half': 35.68027515608487, 'gpp_af': 0.001244407418794991, 'gpp_b': 0.0007288193868734178, 'gpp_d': 29.874778403941363, 'ign_k': 0.006024214983808346, 'ign_c': 12.58533324546588, 'trop_agb_crit': 21.746023958014067, 'trop_k_veg': 2.9099374759904886, 'gdp_gamma': 0.9074664011050221, 'cure_k': 0.0018263522336264824, 'cure_p_min': 123.54000610537408, 'cure_gpp_ref': 0.1231418725289483, 'cure_agb_crit': 1.8332276340309754, 'fuel_k': 0.3437230292062651, 'fuel_half': 88.2806620041286}. Best is trial 577 with value: -0.629883323094065.
[I 2026-07-25 00:36:47,081] Trial 959 finished with value: 0.5656251327554621 and parameters: {'k1': 0.0034138792133953473, 'D_low': 2134.350212877542, 'k2': 0.007033359055827438, 'D_high': 4270087.801789436, 'fire_exp': 1.838863044663206, 'P_half': 2078.8487297354595, 'pre_dampen_half': 2.421696642281702, 'gpp_af': 0.00914557930362837, 'gpp_b': 2.420938499572372e-05, 'gpp_d': 911.8708656071683, 'ign_k': 0.0012261976583378114, 'ign_c': 0.5939293774451931, 'trop_agb_crit': 10.510866377808627, 'trop_k_veg': 0.9609577012800594, 'gdp_gamma': 0.5307341791095073, 'cure_k': 0.012916428977991275, 'cure_p_min': 120.57395647711131, 'cure_gpp_ref': 0.07336220366650836, 'cure_agb_crit': 3.576667857521152, 'fuel_k': 0.22352585868627714, 'fuel_half': 92.3355396232137}. Best is trial 577 with value: -0.629883323094065.
[I 2026-07-25 00:36:47,546] Trial 960 finished with value: -0.5889876980366597 and parameters: {'k1': 1.6969444386678073e-05, 'D_low': 590.2964151357278, 'k2': 0.0009007078828252897, 'D_high': 3574779.366140188, 'fire_exp': 1.0730213372228716, 'P_half': 41.69154908662958, 'pre_dampen_half': 0.23302882560118054, 'gpp_af': 0.3093819864855432, 'gpp_b': 3.3425896425352675e-05, 'gpp_d': 66.85159671073234, 'ign_k': 0.004418509492220022, 'ign_c': 35.0400835041278, 'trop_agb_crit': 21.010076821586978, 'trop_k_veg': 0.6058891373111622, 'gdp_gamma': 0.7301137526533502, 'cure_k': 0.005521444001076779, 'cure_p_min': 115.60230716359091, 'cure_gpp_ref': 0.053635977261213864, 'cure_agb_crit': 1.2652448712455029, 'fuel_k': 0.05020828441078265, 'fuel_half': 8.247128428758392}. Best is trial 577 with value: -0.629883323094065.
[I 2026-07-25 00:36:48,008] Trial 961 finished with value: 0.5469598215213527 and parameters: {'k1': 0.04808482961107011, 'D_low': 863.7281036220456, 'k2': 0.010559407165290911, 'D_high': 9144079.37299071, 'fire_exp': 3.309927151539248, 'P_half': 147.72380346525793, 'pre_dampen_half': 101.08652927714306, 'gpp_af': 0.0967865784632193, 'gpp_b': 0.00033768154058239904, 'gpp_d': 499.7818889215414, 'ign_k': 0.0018515384114477964, 'ign_c': 20.760505996779912, 'trop_agb_crit': 26.873169574856338, 'trop_k_veg': 0.5468839022643499, 'gdp_gamma': 0.4105983191880193, 'cure_k': 0.002105267947644616, 'cure_p_min': 196.86235799777143, 'cure_gpp_ref': 0.6120301841309547, 'cure_agb_crit': 2.791448927894578, 'fuel_k': 0.06948134744781319, 'fuel_half': 19.142587386569335}. Best is trial 577 with value: -0.629883323094065.
[I 2026-07-25 00:36:48,471] Trial 962 finished with value: 0.4322238843512509 and parameters: {'k1': 0.0002478558226619295, 'D_low': 3.778706562280658, 'k2': 5.554773992769746e-05, 'D_high': 3968147.8241935493, 'fire_exp': 1.4735508213041737, 'P_half': 23.45552605976622, 'pre_dampen_half': 2.0330639775648294, 'gpp_af': 0.5121920393672243, 'gpp_b': 0.013726747224168332, 'gpp_d': 88.6298617956609, 'ign_k': 0.004825357332562819, 'ign_c': 444.6169152812504, 'trop_agb_crit': 23.88545785116766, 'trop_k_veg': 1.2315003227289754, 'gdp_gamma': 0.6768922718315528, 'cure_k': 0.15110687913148177, 'cure_p_min': 91.80688857643212, 'cure_gpp_ref': 0.24365126455989472, 'cure_agb_crit': 3.3390956249808674, 'fuel_k': 0.40383127749785647, 'fuel_half': 0.9113385414171679}. Best is trial 577 with value: -0.629883323094065.
[I 2026-07-25 00:36:48,929] Trial 963 finished with value: 0.5836377359018641 and parameters: {'k1': 0.0031084059408690414, 'D_low': 3.0573546963303113, 'k2': 0.0016399849060894794, 'D_high': 1358009.7893813865, 'fire_exp': 1.1947172129956507, 'P_half': 5505.878083284119, 'pre_dampen_half': 9.216329208310375, 'gpp_af': 0.0013732700793219583, 'gpp_b': 0.0029317509125980374, 'gpp_d': 84.90816247122882, 'ign_k': 0.058885583704364294, 'ign_c': 18.077730806932568, 'trop_agb_crit': 10.652297832906562, 'trop_k_veg': 0.637544482903771, 'gdp_gamma': 0.9355180161023494, 'cure_k': 0.00460837085517279, 'cure_p_min': 112.91100333514638, 'cure_gpp_ref': 0.08538836141061587, 'cure_agb_crit': 4.008306895271199, 'fuel_k': 0.09246336271185529, 'fuel_half': 43.753630291681404}. Best is trial 577 with value: -0.629883323094065.
[I 2026-07-25 00:36:49,388] Trial 964 finished with value: 0.5051661250281587 and parameters: {'k1': 0.0015493169150383682, 'D_low': 2.0433888098129587, 'k2': 0.0001425257042973656, 'D_high': 1018467.0445338668, 'fire_exp': 2.3364284027462205, 'P_half': 114.06618278574835, 'pre_dampen_half': 14.367812952108718, 'gpp_af': 0.06690179475006194, 'gpp_b': 0.004222182539625366, 'gpp_d': 618.9973881007932, 'ign_k': 0.001760974453401782, 'ign_c': 7.2878060723670135, 'trop_agb_crit': 14.822993532268583, 'trop_k_veg': 1.323719316007788, 'gdp_gamma': 1.2994934865121908, 'cure_k': 0.28337847511318653, 'cure_p_min': 94.78525679545955, 'cure_gpp_ref': 0.1801469204415215, 'cure_agb_crit': 2.328416829453638, 'fuel_k': 0.11539076340940088, 'fuel_half': 10.849309945430806}. Best is trial 577 with value: -0.629883323094065.
[I 2026-07-25 00:36:49,849] Trial 965 finished with value: 0.5745779557510384 and parameters: {'k1': 0.0004304176911133975, 'D_low': 3383.8563176885236, 'k2': 0.00015436514331482635, 'D_high': 52343.99681319171, 'fire_exp': 1.0171809295515155, 'P_half': 393.40976417516777, 'pre_dampen_half': 8.460809474709391, 'gpp_af': 8.931134147858526, 'gpp_b': 0.02150258634466099, 'gpp_d': 26.374234764551094, 'ign_k': 0.07116381461692835, 'ign_c': 73.1381808033566, 'trop_agb_crit': 25.365265125183186, 'trop_k_veg': 0.9495721720783269, 'gdp_gamma': 0.9465276395305698, 'cure_k': 0.007270594929039246, 'cure_p_min': 321.5836170705311, 'cure_gpp_ref': 0.6929250677543864, 'cure_agb_crit': 6.199622682663137, 'fuel_k': 0.023397475397381743, 'fuel_half': 0.9322171723326805}. Best is trial 577 with value: -0.629883323094065.
[I 2026-07-25 00:36:50,315] Trial 966 finished with value: 0.5886347457477388 and parameters: {'k1': 0.060214328031455974, 'D_low': 228.76572738876274, 'k2': 0.04895866644495426, 'D_high': 9094855.137882745, 'fire_exp': 2.279509320339885, 'P_half': 1316.4082420195718, 'pre_dampen_half': 11.07414309196966, 'gpp_af': 0.0022414810172836004, 'gpp_b': 0.0010612246247661801, 'gpp_d': 484.8913445952001, 'ign_k': 0.03465416630632029, 'ign_c': 26.37135181999699, 'trop_agb_crit': 13.15947652163675, 'trop_k_veg': 0.6362774619593007, 'gdp_gamma': 0.550634550400765, 'cure_k': 0.004518778255393728, 'cure_p_min': 160.38290186350886, 'cure_gpp_ref': 0.49855882469380125, 'cure_agb_crit': 1.5155636624255733, 'fuel_k': 0.09777698080024506, 'fuel_half': 34.14254889395012}. Best is trial 577 with value: -0.629883323094065.
[I 2026-07-25 00:36:50,781] Trial 967 finished with value: 0.5324137225838058 and parameters: {'k1': 0.009066966572482446, 'D_low': 36463.335936278716, 'k2': 0.0015256033292469905, 'D_high': 204395.751639616, 'fire_exp': 1.5042977288940167, 'P_half': 44.26386422718658, 'pre_dampen_half': 0.45654000821834034, 'gpp_af': 1.8256249547218364, 'gpp_b': 0.0010419716711919595, 'gpp_d': 1.168207557235248, 'ign_k': 0.0025825905967889707, 'ign_c': 19.26352368111222, 'trop_agb_crit': 3.004865542732372, 'trop_k_veg': 3.8260536162899057, 'gdp_gamma': 0.44949303648474154, 'cure_k': 0.033575590812947934, 'cure_p_min': 304.1626562168742, 'cure_gpp_ref': 1.1355853545017447, 'cure_agb_crit': 4.1716597243741145, 'fuel_k': 0.816263659397251, 'fuel_half': 9.61943365757645}. Best is trial 577 with value: -0.629883323094065.
