[I 2026-07-22 18:57:03,222] Trial 2099 finished with values: [10.162499475643752, 10.162499475643752] and parameters: {'k1': 0.006033623633620595, 'D_low': 2694.4857979276503, 'k2': 0.0007081721844034209, 'D_high': 316055.11434645456, 'fire_exp': 3.313658135010505, 'P_half': 26.79892516012808, 'pre_dampen_half': 26.373339933815235, 'gpp_af': 0.015350904103515228, 'gpp_b': 0.002407352334224724, 'gpp_d': 9.00460602264307, 'ign_k': 3.284529979576942, 'ign_c': 14.452451441203314, 'trop_agb_crit': 15.35205868174982, 'trop_k_veg': 0.5415365826598848, 'fuel_k': 0.48736180483849406, 'fuel_half': 0.3335026483569958}.
[I 2026-07-22 18:57:03,655] Trial 2100 finished with values: [10.642028906035096, 10.642028906035096] and parameters: {'k1': 0.052334804885400876, 'D_low': 99307.54842529837, 'k2': 0.0009562822793888481, 'D_high': 316055.11434645456, 'fire_exp': 9.39892454268678, 'P_half': 7.890004262668578, 'pre_dampen_half': 3.9885726374014694, 'gpp_af': 0.015350904103515228, 'gpp_b': 1.1698276136056565e-05, 'gpp_d': 58.858544453955275, 'ign_k': 4.59148521674054, 'ign_c': 11.40086370112731, 'trop_agb_crit': 5.707205898008383, 'trop_k_veg': 7.26254292602904, 'fuel_k': 3.6992394681929355, 'fuel_half': 0.3335026483569958}.
[I 2026-07-22 18:57:04,093] Trial 2101 finished with values: [10.05172977731478, 10.05172977731478] and parameters: {'k1': 0.042106412613003276, 'D_low': 8454.098152188677, 'k2': 0.033209248548898895, 'D_high': 887331.2884015184, 'fire_exp': 4.537118316663781, 'P_half': 2.843767489444367, 'pre_dampen_half': 3.9885726374014694, 'gpp_af': 0.25562996323356013, 'gpp_b': 1.7565109007473816e-05, 'gpp_d': 700.6693992445935, 'ign_k': 3.284529979576942, 'ign_c': 14.452451441203314, 'trop_agb_crit': 20.205002815711154, 'trop_k_veg': 1.7428926895756522, 'fuel_k': 3.7875356197077763, 'fuel_half': 1.3843950013804345}.
[I 2026-07-22 18:57:04,525] Trial 2102 finished with values: [10.59459460361309, 10.59459460361309] and parameters: {'k1': 1.1184770723082004e-05, 'D_low': 11069.283598600636, 'k2': 0.033209248548898895, 'D_high': 316055.11434645456, 'fire_exp': 2.0165721691808587, 'P_half': 7.890004262668578, 'pre_dampen_half': 0.4016986062226068, 'gpp_af': 0.001816264086490513, 'gpp_b': 3.936122422430193e-05, 'gpp_d': 700.6693992445935, 'ign_k': 0.5131654955148324, 'ign_c': 14.452451441203314, 'trop_agb_crit': 20.205002815711154, 'trop_k_veg': 1.7428926895756522, 'fuel_k': 1.0180971886344887, 'fuel_half': 0.3335026483569958}.
[I 2026-07-22 18:57:04,968] Trial 2103 finished with values: [10.29597287467869, 10.29597287467869] and parameters: {'k1': 0.00016480446427978953, 'D_low': 864.0717009254879, 'k2': 0.0009562822793888481, 'D_high': 887331.2884015184, 'fire_exp': 3.2181803496180783, 'P_half': 7.890004262668578, 'pre_dampen_half': 26.373339933815235, 'gpp_af': 0.015350904103515228, 'gpp_b': 0.01736771891291939, 'gpp_d': 700.6693992445935, 'ign_k': 3.284529979576942, 'ign_c': 11.40086370112731, 'trop_agb_crit': 17.530135633155123, 'trop_k_veg': 1.7428926895756522, 'fuel_k': 3.6992394681929355, 'fuel_half': 0.3335026483569958}.
[I 2026-07-22 18:57:05,412] Trial 2104 finished with values: [11.044699737506912, 11.044699737506912] and parameters: {'k1': 0.052334804885400876, 'D_low': 8454.098152188677, 'k2': 0.0007081721844034209, 'D_high': 887331.2884015184, 'fire_exp': 3.2181803496180783, 'P_half': 7.890004262668578, 'pre_dampen_half': 33.71909132517388, 'gpp_af': 0.12243451886824051, 'gpp_b': 3.936122422430193e-05, 'gpp_d': 6.91394869865762, 'ign_k': 3.284529979576942, 'ign_c': 14.452451441203314, 'trop_agb_crit': 20.205002815711154, 'trop_k_veg': 2.290138198275377, 'fuel_k': 1.1820218758583807, 'fuel_half': 0.32476735706274484}.
[I 2026-07-22 18:57:05,845] Trial 2105 finished with values: [10.099177711850933, 10.099177711850933] and parameters: {'k1': 0.052334804885400876, 'D_low': 126.11058927054879, 'k2': 0.001566517163094646, 'D_high': 316055.11434645456, 'fire_exp': 3.9865235442286613, 'P_half': 2.843767489444367, 'pre_dampen_half': 0.27426074110313214, 'gpp_af': 0.12243451886824051, 'gpp_b': 3.936122422430193e-05, 'gpp_d': 6.91394869865762, 'ign_k': 0.5131654955148324, 'ign_c': 14.452451441203314, 'trop_agb_crit': 20.205002815711154, 'trop_k_veg': 1.7428926895756522, 'fuel_k': 3.6992394681929355, 'fuel_half': 0.3335026483569958}.
[I 2026-07-22 18:57:06,289] Trial 2106 finished with values: [10.768899165072126, 10.768899165072126] and parameters: {'k1': 0.006033623633620595, 'D_low': 69.28825072641062, 'k2': 0.0002581273446266928, 'D_high': 708572.1663941594, 'fire_exp': 8.791426299948917, 'P_half': 7.890004262668578, 'pre_dampen_half': 33.71909132517388, 'gpp_af': 0.015350904103515228, 'gpp_b': 0.053426250279038016, 'gpp_d': 9.00460602264307, 'ign_k': 4.59148521674054, 'ign_c': 14.452451441203314, 'trop_agb_crit': 28.412323986638135, 'trop_k_veg': 2.3408809609838257, 'fuel_k': 0.0847308044723091, 'fuel_half': 0.3335026483569958}.
[I 2026-07-22 18:57:06,727] Trial 2107 finished with values: [10.496226555187835, 10.496226555187835] and parameters: {'k1': 0.0003199177539819797, 'D_low': 8454.098152188677, 'k2': 0.0007081721844034209, 'D_high': 316055.11434645456, 'fire_exp': 3.2181803496180783, 'P_half': 7.890004262668578, 'pre_dampen_half': 3.9885726374014694, 'gpp_af': 0.12243451886824051, 'gpp_b': 0.01736771891291939, 'gpp_d': 46.07817320957004, 'ign_k': 3.284529979576942, 'ign_c': 14.452451441203314, 'trop_agb_crit': 17.530135633155123, 'trop_k_veg': 2.3408809609838257, 'fuel_k': 0.48736180483849406, 'fuel_half': 0.3335026483569958}.
  trial 2108/2500  pareto_size=4  best_taylor=0.7871  best_ilamb=0.6071  (15.3 min)
[I 2026-07-22 18:57:07,529] Trial 2108 finished with values: [10.1416576459699, 10.1416576459699] and parameters: {'k1': 0.0003199177539819797, 'D_low': 1.7887890916820506, 'k2': 2.092763038220815e-05, 'D_high': 708572.1663941594, 'fire_exp': 2.5382090343235255, 'P_half': 7.890004262668578, 'pre_dampen_half': 3.9885726374014694, 'gpp_af': 0.015350904103515228, 'gpp_b': 3.936122422430193e-05, 'gpp_d': 0.021966759819027775, 'ign_k': 3.284529979576942, 'ign_c': 11.40086370112731, 'trop_agb_crit': 9.362115196011851, 'trop_k_veg': 1.4601959942484464, 'fuel_k': 3.6992394681929355, 'fuel_half': 0.22120706380461633}.
[I 2026-07-22 18:57:07,986] Trial 2109 finished with values: [10.200224801543095, 10.200224801543095] and parameters: {'k1': 0.052334804885400876, 'D_low': 8454.098152188677, 'k2': 0.0009562822793888481, 'D_high': 708572.1663941594, 'fire_exp': 8.791426299948917, 'P_half': 7.890004262668578, 'pre_dampen_half': 3.9885726374014694, 'gpp_af': 0.015350904103515228, 'gpp_b': 3.936122422430193e-05, 'gpp_d': 9.00460602264307, 'ign_k': 3.284529979576942, 'ign_c': 11.40086370112731, 'trop_agb_crit': 9.362115196011851, 'trop_k_veg': 2.3408809609838257, 'fuel_k': 1.2528108647479208, 'fuel_half': 0.3335026483569958}.
[I 2026-07-22 18:57:08,449] Trial 2110 finished with values: [-0.7526744793415217, 0.06696158729900092] and parameters: {'k1': 0.052334804885400876, 'D_low': 8454.098152188677, 'k2': 0.002342238625792905, 'D_high': 504149.1681129975, 'fire_exp': 8.791426299948917, 'P_half': 13.900592062089725, 'pre_dampen_half': 3.9885726374014694, 'gpp_af': 0.015350904103515228, 'gpp_b': 3.936122422430193e-05, 'gpp_d': 6.91394869865762, 'ign_k': 3.284529979576942, 'ign_c': 5.383534721315882, 'trop_agb_crit': 10.291619681308426, 'trop_k_veg': 2.3408809609838257, 'fuel_k': 3.6992394681929355, 'fuel_half': 0.3335026483569958}.
[I 2026-07-22 18:57:08,930] Trial 2111 finished with values: [-0.7134337563322102, 0.06907634006862495] and parameters: {'k1': 0.052334804885400876, 'D_low': 1.7887890916820506, 'k2': 0.00021370989384830033, 'D_high': 708572.1663941594, 'fire_exp': 7.089507362101403, 'P_half': 7.890004262668578, 'pre_dampen_half': 3.9885726374014694, 'gpp_af': 0.015350904103515228, 'gpp_b': 3.936122422430193e-05, 'gpp_d': 6.91394869865762, 'ign_k': 0.5131654955148324, 'ign_c': 14.452451441203314, 'trop_agb_crit': 10.719494362768906, 'trop_k_veg': 1.7428926895756522, 'fuel_k': 3.6992394681929355, 'fuel_half': 0.20705931205423603}.
[I 2026-07-22 18:57:09,384] Trial 2112 finished with values: [10.409907913753855, 10.409907913753855] and parameters: {'k1': 0.052334804885400876, 'D_low': 864.0717009254879, 'k2': 0.0009562822793888481, 'D_high': 708572.1663941594, 'fire_exp': 3.313658135010505, 'P_half': 7.890004262668578, 'pre_dampen_half': 3.9885726374014694, 'gpp_af': 0.015350904103515228, 'gpp_b': 1.1698276136056565e-05, 'gpp_d': 9.00460602264307, 'ign_k': 3.284529979576942, 'ign_c': 14.452451441203314, 'trop_agb_crit': 28.412323986638135, 'trop_k_veg': 2.3408809609838257, 'fuel_k': 1.2528108647479208, 'fuel_half': 0.20705931205423603}.
[I 2026-07-22 18:57:09,824] Trial 2113 finished with values: [10.609637897711874, 10.609637897711874] and parameters: {'k1': 0.052334804885400876, 'D_low': 8454.098152188677, 'k2': 0.00021153782194224395, 'D_high': 708572.1663941594, 'fire_exp': 8.791426299948917, 'P_half': 7.890004262668578, 'pre_dampen_half': 0.019183519184243745, 'gpp_af': 0.015350904103515228, 'gpp_b': 1.1698276136056565e-05, 'gpp_d': 6.91394869865762, 'ign_k': 0.8015297379101401, 'ign_c': 11.40086370112731, 'trop_agb_crit': 28.412323986638135, 'trop_k_veg': 2.3408809609838257, 'fuel_k': 1.2528108647479208, 'fuel_half': 0.20705931205423603}.
[I 2026-07-22 18:57:10,261] Trial 2114 finished with values: [-0.7473835224711955, 0.16127311622948182] and parameters: {'k1': 0.0029282035181080004, 'D_low': 126.11058927054879, 'k2': 0.06176637358253255, 'D_high': 887331.2884015184, 'fire_exp': 3.2181803496180783, 'P_half': 7.890004262668578, 'pre_dampen_half': 0.4016986062226068, 'gpp_af': 0.25562996323356013, 'gpp_b': 1.1698276136056565e-05, 'gpp_d': 6.91394869865762, 'ign_k': 0.5131654955148324, 'ign_c': 14.452451441203314, 'trop_agb_crit': 3.567193977562763, 'trop_k_veg': 1.7428926895756522, 'fuel_k': 3.6992394681929355, 'fuel_half': 0.3335026483569958}.
[I 2026-07-22 18:57:10,696] Trial 2115 finished with values: [10.518733389210093, 10.518733389210093] and parameters: {'k1': 0.0002902170966238275, 'D_low': 1.7887890916820506, 'k2': 0.0007081721844034209, 'D_high': 887331.2884015184, 'fire_exp': 7.089507362101403, 'P_half': 53.85970977098819, 'pre_dampen_half': 0.4016986062226068, 'gpp_af': 0.25562996323356013, 'gpp_b': 3.936122422430193e-05, 'gpp_d': 527.5248388285156, 'ign_k': 0.5131654955148324, 'ign_c': 14.452451441203314, 'trop_agb_crit': 20.205002815711154, 'trop_k_veg': 0.6921865222804094, 'fuel_k': 3.6992394681929355, 'fuel_half': 0.3335026483569958}.
[I 2026-07-22 18:57:11,125] Trial 2116 finished with values: [-0.7797249926783679, 0.07720556616547225] and parameters: {'k1': 0.0003199177539819797, 'D_low': 8454.098152188677, 'k2': 0.0007081721844034209, 'D_high': 887331.2884015184, 'fire_exp': 2.0165721691808587, 'P_half': 368.9245780146773, 'pre_dampen_half': 3.9885726374014694, 'gpp_af': 0.12243451886824051, 'gpp_b': 3.936122422430193e-05, 'gpp_d': 135.99933935738707, 'ign_k': 3.284529979576942, 'ign_c': 11.40086370112731, 'trop_agb_crit': 28.412323986638135, 'trop_k_veg': 2.417028380770307, 'fuel_k': 3.6992394681929355, 'fuel_half': 0.3335026483569958}.
[I 2026-07-22 18:57:11,554] Trial 2117 finished with values: [10.217695319957368, 10.217695319957368] and parameters: {'k1': 0.052334804885400876, 'D_low': 1.7887890916820506, 'k2': 0.001566517163094646, 'D_high': 580966.5602369158, 'fire_exp': 7.089507362101403, 'P_half': 7.890004262668578, 'pre_dampen_half': 3.9885726374014694, 'gpp_af': 0.22983121915789692, 'gpp_b': 3.936122422430193e-05, 'gpp_d': 6.91394869865762, 'ign_k': 3.284529979576942, 'ign_c': 14.452451441203314, 'trop_agb_crit': 28.412323986638135, 'trop_k_veg': 7.26254292602904, 'fuel_k': 3.204249205987706, 'fuel_half': 0.32476735706274484}.
[I 2026-07-22 18:57:11,996] Trial 2118 finished with values: [10.76923076903347, 10.76923076903347] and parameters: {'k1': 0.00016480446427978953, 'D_low': 8454.098152188677, 'k2': 0.07144913305606662, 'D_high': 887331.2884015184, 'fire_exp': 4.537118316663781, 'P_half': 9.324787201197319, 'pre_dampen_half': 128.97804892610964, 'gpp_af': 0.25562996323356013, 'gpp_b': 0.01736771891291939, 'gpp_d': 700.6693992445935, 'ign_k': 3.284529979576942, 'ign_c': 48.519531048697125, 'trop_agb_crit': 17.530135633155123, 'trop_k_veg': 1.7428926895756522, 'fuel_k': 3.6992394681929355, 'fuel_half': 1.3843950013804345}.
[I 2026-07-22 18:57:12,422] Trial 2119 finished with values: [10.41815826686026, 10.41815826686026] and parameters: {'k1': 0.006033623633620595, 'D_low': 1.7887890916820506, 'k2': 0.0007081721844034209, 'D_high': 580966.5602369158, 'fire_exp': 7.089507362101403, 'P_half': 338.164967563016, 'pre_dampen_half': 33.71909132517388, 'gpp_af': 0.015350904103515228, 'gpp_b': 0.0054502936945582505, 'gpp_d': 9.00460602264307, 'ign_k': 3.284529979576942, 'ign_c': 0.6251274301237869, 'trop_agb_crit': 20.205002815711154, 'trop_k_veg': 2.3408809609838257, 'fuel_k': 3.6992394681929355, 'fuel_half': 0.3335026483569958}.
[I 2026-07-22 18:57:12,852] Trial 2120 finished with values: [10.081942855904842, 10.081942855904842] and parameters: {'k1': 0.052334804885400876, 'D_low': 1.7887890916820506, 'k2': 0.00021153782194224395, 'D_high': 316055.11434645456, 'fire_exp': 8.791426299948917, 'P_half': 7.890004262668578, 'pre_dampen_half': 3.9885726374014694, 'gpp_af': 0.015350904103515228, 'gpp_b': 1.1698276136056565e-05, 'gpp_d': 6.91394869865762, 'ign_k': 0.8015297379101401, 'ign_c': 14.452451441203314, 'trop_agb_crit': 5.707205898008383, 'trop_k_veg': 7.26254292602904, 'fuel_k': 3.7875356197077763, 'fuel_half': 0.20705931205423603}.
[I 2026-07-22 18:57:13,277] Trial 2121 finished with values: [10.099139774918338, 10.099139774918338] and parameters: {'k1': 0.052334804885400876, 'D_low': 8454.098152188677, 'k2': 0.002342238625792905, 'D_high': 708572.1663941594, 'fire_exp': 3.2181803496180783, 'P_half': 7.890004262668578, 'pre_dampen_half': 3.9885726374014694, 'gpp_af': 0.015350904103515228, 'gpp_b': 0.003235960298001299, 'gpp_d': 6.91394869865762, 'ign_k': 0.8015297379101401, 'ign_c': 14.452451441203314, 'trop_agb_crit': 17.530135633155123, 'trop_k_veg': 1.7428926895756522, 'fuel_k': 3.6992394681929355, 'fuel_half': 0.3335026483569958}.
[I 2026-07-22 18:57:13,705] Trial 2122 finished with values: [-0.7645845720867397, 0.07006908204535234] and parameters: {'k1': 0.052334804885400876, 'D_low': 726.7761028313123, 'k2': 0.0009562822793888481, 'D_high': 1681956.433827372, 'fire_exp': 3.9865235442286613, 'P_half': 7.890004262668578, 'pre_dampen_half': 0.4016986062226068, 'gpp_af': 0.015350904103515228, 'gpp_b': 1.1698276136056565e-05, 'gpp_d': 58.858544453955275, 'ign_k': 3.284529979576942, 'ign_c': 14.452451441203314, 'trop_agb_crit': 9.362115196011851, 'trop_k_veg': 7.26254292602904, 'fuel_k': 3.6992394681929355, 'fuel_half': 0.47684363915653316}.
[I 2026-07-22 18:57:14,135] Trial 2123 finished with values: [10.76923076903347, 10.76923076903347] and parameters: {'k1': 0.052334804885400876, 'D_low': 8454.098152188677, 'k2': 0.033209248548898895, 'D_high': 316055.11434645456, 'fire_exp': 8.791426299948917, 'P_half': 7.890004262668578, 'pre_dampen_half': 3.9885726374014694, 'gpp_af': 0.015350904103515228, 'gpp_b': 0.32036037265591544, 'gpp_d': 6.91394869865762, 'ign_k': 0.5131654955148324, 'ign_c': 14.452451441203314, 'trop_agb_crit': 10.719494362768906, 'trop_k_veg': 0.6921865222804094, 'fuel_k': 3.6992394681929355, 'fuel_half': 0.3335026483569958}.
[I 2026-07-22 18:57:14,569] Trial 2124 finished with values: [10.754116221333584, 10.754116221333584] and parameters: {'k1': 0.052334804885400876, 'D_low': 1.7887890916820506, 'k2': 0.002342238625792905, 'D_high': 316055.11434645456, 'fire_exp': 7.089507362101403, 'P_half': 7.890004262668578, 'pre_dampen_half': 3.9885726374014694, 'gpp_af': 0.015350904103515228, 'gpp_b': 4.057302469602038e-05, 'gpp_d': 6.91394869865762, 'ign_k': 0.012924421240379711, 'ign_c': 14.452451441203314, 'trop_agb_crit': 10.719494362768906, 'trop_k_veg': 0.6921865222804094, 'fuel_k': 3.6992394681929355, 'fuel_half': 0.3335026483569958}.
[I 2026-07-22 18:57:15,004] Trial 2125 finished with values: [-0.7613425176206831, 0.05608294877549025] and parameters: {'k1': 0.052334804885400876, 'D_low': 8454.098152188677, 'k2': 0.00021153782194224395, 'D_high': 708572.1663941594, 'fire_exp': 8.791426299948917, 'P_half': 7.890004262668578, 'pre_dampen_half': 3.9885726374014694, 'gpp_af': 0.015350904103515228, 'gpp_b': 3.936122422430193e-05, 'gpp_d': 6.91394869865762, 'ign_k': 4.59148521674054, 'ign_c': 14.452451441203314, 'trop_agb_crit': 10.719494362768906, 'trop_k_veg': 1.7428926895756522, 'fuel_k': 3.7875356197077763, 'fuel_half': 0.3335026483569958}.
[I 2026-07-22 18:57:15,443] Trial 2126 finished with values: [10.768034016762169, 10.768034016762169] and parameters: {'k1': 0.052334804885400876, 'D_low': 8454.098152188677, 'k2': 0.00010089430320527378, 'D_high': 708572.1663941594, 'fire_exp': 8.791426299948917, 'P_half': 7.890004262668578, 'pre_dampen_half': 3.9885726374014694, 'gpp_af': 0.12243451886824051, 'gpp_b': 0.0054502936945582505, 'gpp_d': 6.91394869865762, 'ign_k': 0.01274313939671182, 'ign_c': 14.452451441203314, 'trop_agb_crit': 9.362115196011851, 'trop_k_veg': 1.7428926895756522, 'fuel_k': 1.0180971886344887, 'fuel_half': 0.3335026483569958}.
[I 2026-07-22 18:57:15,876] Trial 2127 finished with values: [10.736821318933872, 10.736821318933872] and parameters: {'k1': 0.052334804885400876, 'D_low': 8454.098152188677, 'k2': 0.0007081721844034209, 'D_high': 887331.2884015184, 'fire_exp': 8.791426299948917, 'P_half': 53.465755790480316, 'pre_dampen_half': 33.71909132517388, 'gpp_af': 0.015350904103515228, 'gpp_b': 0.01736771891291939, 'gpp_d': 700.6693992445935, 'ign_k': 3.284529979576942, 'ign_c': 11.40086370112731, 'trop_agb_crit': 20.205002815711154, 'trop_k_veg': 2.3408809609838257, 'fuel_k': 3.6992394681929355, 'fuel_half': 0.3335026483569958}.
[I 2026-07-22 18:57:16,303] Trial 2128 finished with values: [-0.746463816416967, 0.20100622682236657] and parameters: {'k1': 0.052334804885400876, 'D_low': 864.0717009254879, 'k2': 2.1698375693549493e-05, 'D_high': 1681956.433827372, 'fire_exp': 3.2181803496180783, 'P_half': 2.843767489444367, 'pre_dampen_half': 0.4016986062226068, 'gpp_af': 0.25562996323356013, 'gpp_b': 3.936122422430193e-05, 'gpp_d': 9.00460602264307, 'ign_k': 4.59148521674054, 'ign_c': 11.40086370112731, 'trop_agb_crit': 9.362115196011851, 'trop_k_veg': 2.417028380770307, 'fuel_k': 3.6992394681929355, 'fuel_half': 0.3335026483569958}.
[I 2026-07-22 18:57:16,748] Trial 2129 finished with values: [-0.7071121852840517, 0.026871383451934405] and parameters: {'k1': 0.0003199177539819797, 'D_low': 8454.098152188677, 'k2': 0.07144913305606662, 'D_high': 316055.11434645456, 'fire_exp': 8.791426299948917, 'P_half': 7.890004262668578, 'pre_dampen_half': 797.7075540544706, 'gpp_af': 0.22983121915789692, 'gpp_b': 0.01736771891291939, 'gpp_d': 6.91394869865762, 'ign_k': 3.284529979576942, 'ign_c': 14.452451441203314, 'trop_agb_crit': 20.205002815711154, 'trop_k_veg': 0.6921865222804094, 'fuel_k': 3.6992394681929355, 'fuel_half': 0.3335026483569958}.
[I 2026-07-22 18:57:17,178] Trial 2130 finished with values: [10.087226941905888, 10.087226941905888] and parameters: {'k1': 0.052334804885400876, 'D_low': 1.7887890916820506, 'k2': 0.002342238625792905, 'D_high': 580966.5602369158, 'fire_exp': 8.791426299948917, 'P_half': 7.890004262668578, 'pre_dampen_half': 3.9885726374014694, 'gpp_af': 0.25562996323356013, 'gpp_b': 1.1698276136056565e-05, 'gpp_d': 6.91394869865762, 'ign_k': 3.284529979576942, 'ign_c': 14.452451441203314, 'trop_agb_crit': 20.205002815711154, 'trop_k_veg': 2.094772457111161, 'fuel_k': 3.6992394681929355, 'fuel_half': 0.3335026483569958}.
[I 2026-07-22 18:57:17,610] Trial 2131 finished with values: [10.768347577183944, 10.768347577183944] and parameters: {'k1': 0.00016480446427978953, 'D_low': 8454.098152188677, 'k2': 0.00021153782194224395, 'D_high': 25.410621080380327, 'fire_exp': 3.2181803496180783, 'P_half': 9.324787201197319, 'pre_dampen_half': 3.9885726374014694, 'gpp_af': 0.39219763627556703, 'gpp_b': 1.1698276136056565e-05, 'gpp_d': 700.6693992445935, 'ign_k': 0.8015297379101401, 'ign_c': 11.40086370112731, 'trop_agb_crit': 5.707205898008383, 'trop_k_veg': 1.7428926895756522, 'fuel_k': 3.7875356197077763, 'fuel_half': 0.20705931205423603}.
[I 2026-07-22 18:57:18,038] Trial 2132 finished with values: [10.572398764492025, 10.572398764492025] and parameters: {'k1': 5.217455192691171e-05, 'D_low': 8454.098152188677, 'k2': 0.001566517163094646, 'D_high': 708572.1663941594, 'fire_exp': 8.791426299948917, 'P_half': 2.843767489444367, 'pre_dampen_half': 0.4016986062226068, 'gpp_af': 0.12243451886824051, 'gpp_b': 3.936122422430193e-05, 'gpp_d': 700.6693992445935, 'ign_k': 3.284529979576942, 'ign_c': 14.452451441203314, 'trop_agb_crit': 9.362115196011851, 'trop_k_veg': 1.7428926895756522, 'fuel_k': 4.973776411713496, 'fuel_half': 0.3335026483569958}.
[I 2026-07-22 18:57:18,460] Trial 2133 finished with values: [11.60588821985396, 11.60588821985396] and parameters: {'k1': 0.0003199177539819797, 'D_low': 126.11058927054879, 'k2': 0.0009562822793888481, 'D_high': 316055.11434645456, 'fire_exp': 1.2980861156649692, 'P_half': 7.890004262668578, 'pre_dampen_half': 3.9885726374014694, 'gpp_af': 0.015350904103515228, 'gpp_b': 3.936122422430193e-05, 'gpp_d': 58.858544453955275, 'ign_k': 3.284529979576942, 'ign_c': 11.40086370112731, 'trop_agb_crit': 9.362115196011851, 'trop_k_veg': 7.26254292602904, 'fuel_k': 1.0180971886344887, 'fuel_half': 0.3335026483569958}.
