[I 2026-08-20 00:43:46,033] Trial 1317 finished with value: -0.5214704408065057 and parameters: {'k1': 0.0005252969179972189, 'D_low': 3499.686288021352, 'k2': 0.003336280294733893, 'D_high': 143151.0761709539, 'fire_exp': 4.659461026255137, 'P_half': 5.570905672491219, 'pre_dampen_half': 103.29989966569909, 'gpp_af': 5.076833862966198, 'gpp_b': 0.0002666683593905037, 'gpp_d': 248.20759758051437, 'ign_k': 0.06471583220503449, 'ign_c': 0.3747641649436488, 'trop_agb_crit': 29.306172167395157, 'trop_k_veg': 4.661959384216754}. Best is trial 1285 with value: -0.6015874360929447.
[I 2026-08-20 00:43:47,457] Trial 1318 finished with value: 0.4565507991156933 and parameters: {'k1': 0.004222862571577189, 'D_low': 6801.883925642628, 'k2': 0.07353863546017803, 'D_high': 922636.1439333346, 'fire_exp': 2.389607807295062, 'P_half': 1.0565548427085563, 'pre_dampen_half': 8.081317941423807, 'gpp_af': 0.15608311014277843, 'gpp_b': 0.014572733303755196, 'gpp_d': 213.92569184484245, 'ign_k': 0.6126100938906884, 'ign_c': 0.995354247923195, 'trop_agb_crit': 6.3038080801453376, 'trop_k_veg': 2.351571065645648}. Best is trial 1285 with value: -0.6015874360929447.
[I 2026-08-20 00:43:48,990] Trial 1319 finished with value: 0.5351426017089732 and parameters: {'k1': 0.003869676634161079, 'D_low': 10.794628457565825, 'k2': 0.000927056160132634, 'D_high': 1323848.5066040694, 'fire_exp': 3.174600469538166, 'P_half': 1.2398523939404593, 'pre_dampen_half': 0.028765710459769712, 'gpp_af': 38.329051919290336, 'gpp_b': 0.09479956487578564, 'gpp_d': 719.7841414537087, 'ign_k': 1.7137358622094698, 'ign_c': 14.515414027585745, 'trop_agb_crit': 8.524314084647374, 'trop_k_veg': 6.011846407904119}. Best is trial 1285 with value: -0.6015874360929447.
[I 2026-08-20 00:43:50,395] Trial 1320 finished with value: -0.5669779600059788 and parameters: {'k1': 0.0007327509122087277, 'D_low': 72.64278350050054, 'k2': 0.0005636312549872158, 'D_high': 9348405.564607933, 'fire_exp': 5.0408592471906575, 'P_half': 2.579426244414049, 'pre_dampen_half': 27.085388002625972, 'gpp_af': 1.7142492631815847, 'gpp_b': 0.0017183442861217852, 'gpp_d': 15.366004054281998, 'ign_k': 0.10292559316455799, 'ign_c': 0.13151787719857014, 'trop_agb_crit': 26.369496862956268, 'trop_k_veg': 5.228561947795538}. Best is trial 1285 with value: -0.6015874360929447.
[I 2026-08-20 00:43:51,800] Trial 1321 finished with value: -0.5590926518405357 and parameters: {'k1': 0.00024592525040241763, 'D_low': 23964.618245530794, 'k2': 0.04528378820744623, 'D_high': 2855749.964762996, 'fire_exp': 1.509923625596315, 'P_half': 89.35794460687069, 'pre_dampen_half': 14.927546555532949, 'gpp_af': 1.461406940114418, 'gpp_b': 0.0010684529561641356, 'gpp_d': 50.784621024589185, 'ign_k': 1.0492127587078925, 'ign_c': 0.1611010520171224, 'trop_agb_crit': 22.386838513706948, 'trop_k_veg': 3.270958507835192}. Best is trial 1285 with value: -0.6015874360929447.
[I 2026-08-20 00:43:53,278] Trial 1322 finished with value: 0.4389736740057205 and parameters: {'k1': 0.04522882065723492, 'D_low': 71.25441795357533, 'k2': 1.3301185701416211e-05, 'D_high': 5361398.520182774, 'fire_exp': 4.05940951493958, 'P_half': 3.6889112540263342, 'pre_dampen_half': 122.0143246799941, 'gpp_af': 2.2183030878094234, 'gpp_b': 0.002004213111672488, 'gpp_d': 77.29451878770745, 'ign_k': 3.732085902618494, 'ign_c': 22.438905187527222, 'trop_agb_crit': 3.562937866181702, 'trop_k_veg': 1.5067352033580856}. Best is trial 1285 with value: -0.6015874360929447.
[I 2026-08-20 00:43:54,685] Trial 1323 finished with value: -0.5701806900935033 and parameters: {'k1': 0.00010243676442531724, 'D_low': 5.25285727260456, 'k2': 0.00010218952836698849, 'D_high': 4798723.806081923, 'fire_exp': 1.4591736596436793, 'P_half': 6.701843293622012, 'pre_dampen_half': 3.24867821258514, 'gpp_af': 4.780654509885195, 'gpp_b': 0.1333576084597021, 'gpp_d': 22.686903163937288, 'ign_k': 1.0457415046093321, 'ign_c': 2.2331212798020212, 'trop_agb_crit': 8.214454859267908, 'trop_k_veg': 1.28290093562651}. Best is trial 1285 with value: -0.6015874360929447.
[I 2026-08-20 00:43:56,457] Trial 1324 finished with value: 0.4721672162831604 and parameters: {'k1': 0.0003657473406258575, 'D_low': 4.614869127728006, 'k2': 1.648784628798473e-05, 'D_high': 6230677.078224502, 'fire_exp': 2.654209804082284, 'P_half': 6.505893110811841, 'pre_dampen_half': 2.7696053721827734, 'gpp_af': 20.36451729370409, 'gpp_b': 0.0019324454250278418, 'gpp_d': 60.8142505051104, 'ign_k': 0.1346410813251909, 'ign_c': 12.76623862817417, 'trop_agb_crit': 9.59792302602472, 'trop_k_veg': 1.1820436693795455}. Best is trial 1285 with value: -0.6015874360929447.
[I 2026-08-20 00:43:57,911] Trial 1325 finished with value: 0.6584883784383329 and parameters: {'k1': 0.0024583538416205115, 'D_low': 1.5558444232353361, 'k2': 1.9059330038929252e-05, 'D_high': 5133009.166748272, 'fire_exp': 2.691430614226679, 'P_half': 19.018761124391286, 'pre_dampen_half': 290.66561702276897, 'gpp_af': 3.163291717143299, 'gpp_b': 0.0022449227721192946, 'gpp_d': 705.1580575947967, 'ign_k': 0.8365353450658262, 'ign_c': 37.67677434351434, 'trop_agb_crit': 4.236951090906925, 'trop_k_veg': 1.2215102163247877}. Best is trial 1285 with value: -0.6015874360929447.
[I 2026-08-20 00:43:59,311] Trial 1326 finished with value: 0.4006091000216193 and parameters: {'k1': 0.007164030150318465, 'D_low': 7.293905157735133, 'k2': 1.3161355977276207e-05, 'D_high': 573364.0721620516, 'fire_exp': 1.4005869535022046, 'P_half': 199.85852422447275, 'pre_dampen_half': 6.116086816583593, 'gpp_af': 0.17774143176669552, 'gpp_b': 0.00027426592019292223, 'gpp_d': 147.9130712222566, 'ign_k': 1.7147248290234112, 'ign_c': 9.883431283689308, 'trop_agb_crit': 3.944894086927344, 'trop_k_veg': 3.377861389062467}. Best is trial 1285 with value: -0.6015874360929447.
[I 2026-08-20 00:44:01,125] Trial 1327 finished with value: 0.5016157855540678 and parameters: {'k1': 0.003202763614773773, 'D_low': 20.643412473945723, 'k2': 5.6442801815298e-05, 'D_high': 2956289.571065765, 'fire_exp': 3.292862427192862, 'P_half': 21.898024128688245, 'pre_dampen_half': 14.083541013608938, 'gpp_af': 80.44991637885325, 'gpp_b': 0.0008746222956258491, 'gpp_d': 32.778357876223446, 'ign_k': 1.3685184579508163, 'ign_c': 0.527481395431651, 'trop_agb_crit': 25.046661478102706, 'trop_k_veg': 1.9248439117605007}. Best is trial 1285 with value: -0.6015874360929447.
[I 2026-08-20 00:44:02,902] Trial 1328 finished with value: 0.6518627338422267 and parameters: {'k1': 0.003331092234289669, 'D_low': 45.09318640498295, 'k2': 1.6607000373908778e-05, 'D_high': 649582.2452156299, 'fire_exp': 6.1376324907635915, 'P_half': 205.36582092003667, 'pre_dampen_half': 59.97400314381143, 'gpp_af': 0.5559859783261584, 'gpp_b': 0.014927721751340634, 'gpp_d': 777.9970667020351, 'ign_k': 0.447509137442714, 'ign_c': 36.106737311915495, 'trop_agb_crit': 11.470209656901979, 'trop_k_veg': 1.5405421400885035}. Best is trial 1285 with value: -0.6015874360929447.
[I 2026-08-20 00:44:05,160] Trial 1329 finished with value: 0.6006285299144258 and parameters: {'k1': 0.0003956590091380371, 'D_low': 80.77109830031608, 'k2': 0.00027286028270706467, 'D_high': 510.031915407876, 'fire_exp': 1.1601544643551005, 'P_half': 7.905600137380579, 'pre_dampen_half': 0.29936769709714567, 'gpp_af': 7.3989924292577465, 'gpp_b': 6.417736468514204, 'gpp_d': 1.5282233873709417, 'ign_k': 1.71095907091886, 'ign_c': 4.1829682440689275, 'trop_agb_crit': 2.190926161999854, 'trop_k_veg': 5.896103827889809}. Best is trial 1285 with value: -0.6015874360929447.
[I 2026-08-20 00:44:07,115] Trial 1330 finished with value: 0.5172191504458283 and parameters: {'k1': 0.002200781485440345, 'D_low': 46.09039365638441, 'k2': 1.7896673067680677e-05, 'D_high': 363724.07466095424, 'fire_exp': 7.838979290711367, 'P_half': 12.448909027623197, 'pre_dampen_half': 1.6518165079930203, 'gpp_af': 1.8706949426084596, 'gpp_b': 0.019894369131303578, 'gpp_d': 745.5907783406718, 'ign_k': 1.4881975225308124, 'ign_c': 15.923412088034253, 'trop_agb_crit': 11.579255322367356, 'trop_k_veg': 1.3912399261196255}. Best is trial 1285 with value: -0.6015874360929447.
[I 2026-08-20 00:44:08,963] Trial 1331 finished with value: 0.3972587205816208 and parameters: {'k1': 0.04394557037087489, 'D_low': 830.159082279584, 'k2': 0.00022261896983348056, 'D_high': 1333304.4542955619, 'fire_exp': 1.9448664983352912, 'P_half': 118.62342726985452, 'pre_dampen_half': 16.1633677792527, 'gpp_af': 0.5716417818373065, 'gpp_b': 0.002375278581282405, 'gpp_d': 770.3603386079827, 'ign_k': 0.2804122514588282, 'ign_c': 6.428036506673974, 'trop_agb_crit': 27.226496302380145, 'trop_k_veg': 2.354239354301124}. Best is trial 1285 with value: -0.6015874360929447.
[I 2026-08-20 00:44:10,592] Trial 1332 finished with value: 0.6445374145881376 and parameters: {'k1': 0.012897918871829318, 'D_low': 6986.873032823802, 'k2': 0.03256125644463241, 'D_high': 46828.88692305632, 'fire_exp': 4.949166870232785, 'P_half': 3934.995288393428, 'pre_dampen_half': 41.57766466896936, 'gpp_af': 0.05185146826700211, 'gpp_b': 1.494006309750438, 'gpp_d': 3.88685109473775, 'ign_k': 0.859798744408058, 'ign_c': 6.975684293956265, 'trop_agb_crit': 1.489184548249095, 'trop_k_veg': 1.644635154074006}. Best is trial 1285 with value: -0.6015874360929447.
[I 2026-08-20 00:44:12,126] Trial 1333 finished with value: -0.5628978248580695 and parameters: {'k1': 0.01132805356660172, 'D_low': 15.975913083828003, 'k2': 1.270344876890453e-05, 'D_high': 689505.4910139405, 'fire_exp': 5.717699289077887, 'P_half': 109.90166424641588, 'pre_dampen_half': 23.79409249972441, 'gpp_af': 0.5611914879697881, 'gpp_b': 0.0002453465365678905, 'gpp_d': 76.05314133317562, 'ign_k': 1.9633617930682836, 'ign_c': 1.496117370506105, 'trop_agb_crit': 22.276768215226667, 'trop_k_veg': 1.1903972343393197}. Best is trial 1285 with value: -0.6015874360929447.
[I 2026-08-20 00:44:13,771] Trial 1334 finished with value: 0.5929273908090654 and parameters: {'k1': 0.006014905095646011, 'D_low': 71536.07184671493, 'k2': 0.0003111025532141906, 'D_high': 1023022.9119992641, 'fire_exp': 2.224729885373419, 'P_half': 95.90345036074879, 'pre_dampen_half': 7.438062491365246, 'gpp_af': 0.017229313882219262, 'gpp_b': 0.0002313349539363139, 'gpp_d': 37.6938534618457, 'ign_k': 1.3184399009717724, 'ign_c': 1.8274820195844799, 'trop_agb_crit': 18.98253697328788, 'trop_k_veg': 4.8035178869444035}. Best is trial 1285 with value: -0.6015874360929447.
[I 2026-08-20 00:44:15,411] Trial 1335 finished with value: 0.6492713710065551 and parameters: {'k1': 0.00011980822176108976, 'D_low': 110.71428758026963, 'k2': 0.00015862996782180965, 'D_high': 180561.78089438967, 'fire_exp': 2.263814328023375, 'P_half': 14.590994904186525, 'pre_dampen_half': 5.44285840515569, 'gpp_af': 6.049372416893743, 'gpp_b': 0.01660073964141133, 'gpp_d': 161.3651038037296, 'ign_k': 0.5588786525796073, 'ign_c': 45.06066525547257, 'trop_agb_crit': 5.21394458772224, 'trop_k_veg': 1.4390014608760724}. Best is trial 1285 with value: -0.6015874360929447.
[I 2026-08-20 00:44:17,456] Trial 1336 finished with value: 0.5907941271581743 and parameters: {'k1': 0.00017461613077155084, 'D_low': 23.579394253508593, 'k2': 0.0011466418117153845, 'D_high': 114238.64043892192, 'fire_exp': 1.5311132987317102, 'P_half': 161.14813529242176, 'pre_dampen_half': 0.707304659795027, 'gpp_af': 0.0029010194210894805, 'gpp_b': 0.00017623785732265033, 'gpp_d': 74.6104729747512, 'ign_k': 0.14343064326775448, 'ign_c': 61.079010211713495, 'trop_agb_crit': 3.8422099105377128, 'trop_k_veg': 7.6116156541999915}. Best is trial 1285 with value: -0.6015874360929447.
[I 2026-08-20 00:44:19,189] Trial 1337 finished with value: -0.5553442704402685 and parameters: {'k1': 0.012832448545437084, 'D_low': 129.80554458313532, 'k2': 1.3158499973830198e-05, 'D_high': 293306.6405030344, 'fire_exp': 2.6798812544391946, 'P_half': 1.9790040105991544, 'pre_dampen_half': 2.2940404180199554, 'gpp_af': 8.020762128946924, 'gpp_b': 0.002082258704717872, 'gpp_d': 50.483139118217494, 'ign_k': 0.2524071862836197, 'ign_c': 2.503139903658399, 'trop_agb_crit': 10.220968835495631, 'trop_k_veg': 0.8544607201196814}. Best is trial 1285 with value: -0.6015874360929447.
[I 2026-08-20 00:44:20,948] Trial 1338 finished with value: 0.6445374145881376 and parameters: {'k1': 0.01543732184032949, 'D_low': 488291.3843081523, 'k2': 0.002568219146530622, 'D_high': 83.89626150833182, 'fire_exp': 9.138450981793852, 'P_half': 4.846892897697177, 'pre_dampen_half': 267.6308719672186, 'gpp_af': 1.2162042484080704, 'gpp_b': 0.023470602373043586, 'gpp_d': 5.612758104191471, 'ign_k': 0.5961480908100395, 'ign_c': 0.8913497662307592, 'trop_agb_crit': 9.840520839948512, 'trop_k_veg': 2.277974765954531}. Best is trial 1285 with value: -0.6015874360929447.
[I 2026-08-20 00:44:22,639] Trial 1339 finished with value: 0.47577645539974034 and parameters: {'k1': 0.007390273101052528, 'D_low': 25.43926886750036, 'k2': 2.139606889974272e-05, 'D_high': 3459168.1148630036, 'fire_exp': 3.612468770246804, 'P_half': 4.733401264415659, 'pre_dampen_half': 20.030734105788095, 'gpp_af': 17.50998322214371, 'gpp_b': 5.631416126912332e-05, 'gpp_d': 225.48805664834885, 'ign_k': 0.7182544037020926, 'ign_c': 4.048373489919605, 'trop_agb_crit': 3.665310780813351, 'trop_k_veg': 0.5159803001363531}. Best is trial 1285 with value: -0.6015874360929447.
[I 2026-08-20 00:44:24,299] Trial 1340 finished with value: 0.6070562433166828 and parameters: {'k1': 2.472111536922013e-05, 'D_low': 9578.352280847215, 'k2': 0.00018259507658092356, 'D_high': 44679.60610436706, 'fire_exp': 8.817190830001774, 'P_half': 9.738927281974844, 'pre_dampen_half': 0.5725134048574854, 'gpp_af': 0.365490890711705, 'gpp_b': 0.001434395445619313, 'gpp_d': 374.72481087232507, 'ign_k': 0.006943486177190265, 'ign_c': 20.572341781748264, 'trop_agb_crit': 16.012534774307323, 'trop_k_veg': 0.9323705081552663}. Best is trial 1285 with value: -0.6015874360929447.
[I 2026-08-20 00:44:26,082] Trial 1341 finished with value: 0.4155374275358188 and parameters: {'k1': 0.002175102193801356, 'D_low': 240.02865618732028, 'k2': 1.5953572879751613e-05, 'D_high': 856298.5911365721, 'fire_exp': 4.57901589632868, 'P_half': 10.088406089304232, 'pre_dampen_half': 17.629157065559166, 'gpp_af': 2.992192505507821, 'gpp_b': 0.003550793134597599, 'gpp_d': 356.7146137970985, 'ign_k': 0.6069304665971077, 'ign_c': 3.1122006563411544, 'trop_agb_crit': 15.043253795689525, 'trop_k_veg': 0.9709543466950235}. Best is trial 1285 with value: -0.6015874360929447.
[I 2026-08-20 00:44:27,841] Trial 1342 finished with value: 0.6445374145881376 and parameters: {'k1': 0.011321713260984561, 'D_low': 5.8330868045525195, 'k2': 6.150625773859852e-05, 'D_high': 2125902.76361732, 'fire_exp': 5.428951101297912, 'P_half': 26.627408853612337, 'pre_dampen_half': 3.591814038562158, 'gpp_af': 2.3713570322770074, 'gpp_b': 0.0004220448460567156, 'gpp_d': 99.31315284313276, 'ign_k': 0.7315473739997806, 'ign_c': 178.26041704458314, 'trop_agb_crit': 14.19398853254728, 'trop_k_veg': 0.6708406100399481}. Best is trial 1285 with value: -0.6015874360929447.
[I 2026-08-20 00:44:29,503] Trial 1343 finished with value: 0.6353004396610801 and parameters: {'k1': 0.00010931635834612031, 'D_low': 3403.667609657541, 'k2': 0.028619238106840268, 'D_high': 44.08309957366866, 'fire_exp': 4.272136963535649, 'P_half': 534.5071041934491, 'pre_dampen_half': 215.31071557523975, 'gpp_af': 0.12325535034131256, 'gpp_b': 0.0006682835552399004, 'gpp_d': 45.5140102234377, 'ign_k': 0.0014518869310321677, 'ign_c': 0.46439723730539617, 'trop_agb_crit': 4.16124547746422, 'trop_k_veg': 1.5876093005290668}. Best is trial 1285 with value: -0.6015874360929447.
[I 2026-08-20 00:44:31,208] Trial 1344 finished with value: 0.5374827292319074 and parameters: {'k1': 1.7355411569711287e-05, 'D_low': 1005.2063565098711, 'k2': 8.948035747268834e-05, 'D_high': 5768534.94012213, 'fire_exp': 3.4003168490716944, 'P_half': 3.1789593177778093, 'pre_dampen_half': 12.086376556155177, 'gpp_af': 0.009546314853066916, 'gpp_b': 0.00032701985358007, 'gpp_d': 12.166172692341101, 'ign_k': 2.00420310306016, 'ign_c': 1.0986928181044313, 'trop_agb_crit': 9.565251216862976, 'trop_k_veg': 5.950207162805965}. Best is trial 1285 with value: -0.6015874360929447.
[I 2026-08-20 00:44:32,845] Trial 1345 finished with value: 0.6445374145881376 and parameters: {'k1': 0.07818167207374824, 'D_low': 23520.845360812873, 'k2': 0.06946646876617922, 'D_high': 1830.6643331483901, 'fire_exp': 3.3638892138140295, 'P_half': 277.07101220241714, 'pre_dampen_half': 33.166124259837574, 'gpp_af': 0.14591043332580697, 'gpp_b': 0.0011055359547184397, 'gpp_d': 254.83111217769658, 'ign_k': 0.002493799928966749, 'ign_c': 651.6541096459375, 'trop_agb_crit': 1.2822739545947526, 'trop_k_veg': 0.7349041354487782}. Best is trial 1285 with value: -0.6015874360929447.
[I 2026-08-20 00:44:34,480] Trial 1346 finished with value: 0.4707808694499953 and parameters: {'k1': 3.857909417396165e-05, 'D_low': 2470.1194943387163, 'k2': 0.0021200123221742505, 'D_high': 2902998.281854376, 'fire_exp': 3.017642122461496, 'P_half': 1.7717665890522052, 'pre_dampen_half': 11.961499652775476, 'gpp_af': 0.11548102549610555, 'gpp_b': 0.0005980824076585373, 'gpp_d': 12.25189980984696, 'ign_k': 0.12051207191956301, 'ign_c': 0.10148704164639391, 'trop_agb_crit': 4.8074766171227195, 'trop_k_veg': 7.406134748334553}. Best is trial 1285 with value: -0.6015874360929447.
[I 2026-08-20 00:44:36,146] Trial 1347 finished with value: 0.6012817579587789 and parameters: {'k1': 1.1355716206018182e-05, 'D_low': 3027.3794303858285, 'k2': 0.03281276547663834, 'D_high': 6720.551243876509, 'fire_exp': 2.2630463128917255, 'P_half': 7.482709519802498, 'pre_dampen_half': 0.1486578557258585, 'gpp_af': 0.04114356830937383, 'gpp_b': 0.016579079336895383, 'gpp_d': 837.0612427228729, 'ign_k': 0.008300124282453945, 'ign_c': 1.7584827414720592, 'trop_agb_crit': 4.591539994869304, 'trop_k_veg': 2.9566526544268457}. Best is trial 1285 with value: -0.6015874360929447.
[I 2026-08-20 00:44:38,079] Trial 1348 finished with value: 0.43871086744470467 and parameters: {'k1': 4.053426942961645e-05, 'D_low': 5778.989846594817, 'k2': 0.009984078179001984, 'D_high': 262994.64521918487, 'fire_exp': 1.0759043261855095, 'P_half': 1.2065502783906834, 'pre_dampen_half': 177.99324005202757, 'gpp_af': 0.19086816286787042, 'gpp_b': 0.014805640330970208, 'gpp_d': 4.254283879991342, 'ign_k': 0.12114306417025397, 'ign_c': 0.6486616194880819, 'trop_agb_crit': 8.457282486469797, 'trop_k_veg': 6.961500824051313}. Best is trial 1285 with value: -0.6015874360929447.
[I 2026-08-20 00:44:39,721] Trial 1349 finished with value: 0.6183016309699539 and parameters: {'k1': 0.016712281760313648, 'D_low': 9689.749136582848, 'k2': 1.9519445594661972e-05, 'D_high': 3817676.1901101335, 'fire_exp': 3.811796980241018, 'P_half': 249.5771116268618, 'pre_dampen_half': 0.20711994039780085, 'gpp_af': 0.13484401324473516, 'gpp_b': 1.2647808037880823, 'gpp_d': 0.13083510666039347, 'ign_k': 0.9100056930636229, 'ign_c': 3.89765635645129, 'trop_agb_crit': 9.847275792232027, 'trop_k_veg': 5.312055426161144}. Best is trial 1285 with value: -0.6015874360929447.
[I 2026-08-20 00:44:41,473] Trial 1350 finished with value: 0.6399060975880976 and parameters: {'k1': 0.00016984308957505642, 'D_low': 219190.3012707339, 'k2': 0.008163901919807278, 'D_high': 780670.4979313365, 'fire_exp': 2.1393809520497293, 'P_half': 4.461556873885733, 'pre_dampen_half': 29.641769448289093, 'gpp_af': 0.07558319136019236, 'gpp_b': 0.028182534638522168, 'gpp_d': 92.06054067483655, 'ign_k': 0.3482781009966031, 'ign_c': 0.9904781013093579, 'trop_agb_crit': 13.607735978172222, 'trop_k_veg': 2.8619415564200956}. Best is trial 1285 with value: -0.6015874360929447.
[I 2026-08-20 00:44:43,074] Trial 1351 finished with value: 0.6080343278527746 and parameters: {'k1': 0.05133900663262235, 'D_low': 57.13114037791303, 'k2': 1.7619401961170785e-05, 'D_high': 26.394033559926655, 'fire_exp': 6.388512017034931, 'P_half': 1.7550034148243074, 'pre_dampen_half': 0.04738428965952901, 'gpp_af': 34.03023285258861, 'gpp_b': 0.010336225397570935, 'gpp_d': 771.5872184300841, 'ign_k': 0.026871946217277894, 'ign_c': 0.8341223080399078, 'trop_agb_crit': 4.633259614180233, 'trop_k_veg': 1.2625906425449722}. Best is trial 1285 with value: -0.6015874360929447.
[I 2026-08-20 00:44:44,590] Trial 1352 finished with value: 0.5215587636417605 and parameters: {'k1': 0.0011847608435887275, 'D_low': 27.856960717874422, 'k2': 1.3760852278281436e-05, 'D_high': 359944.1254662064, 'fire_exp': 1.5492219484188992, 'P_half': 605.0429947756622, 'pre_dampen_half': 0.7838044112841652, 'gpp_af': 0.00821621266903925, 'gpp_b': 9.579429492601804e-05, 'gpp_d': 172.48009171255956, 'ign_k': 0.1537956272183907, 'ign_c': 0.5170723811637741, 'trop_agb_crit': 4.385076474794693, 'trop_k_veg': 7.849441651225166}. Best is trial 1285 with value: -0.6015874360929447.
[I 2026-08-20 00:44:46,363] Trial 1353 finished with value: 0.5583162252000953 and parameters: {'k1': 0.00010636851575074747, 'D_low': 6.626501869364038, 'k2': 1.3036552510067623e-05, 'D_high': 36170.99597913213, 'fire_exp': 1.0333800795689883, 'P_half': 502.4511170428393, 'pre_dampen_half': 0.17065168794205723, 'gpp_af': 0.017040047191632685, 'gpp_b': 3.7839247402290476e-05, 'gpp_d': 14.74953269182567, 'ign_k': 0.8472886937100316, 'ign_c': 12.96254208348163, 'trop_agb_crit': 6.936326351098419, 'trop_k_veg': 3.8537138147259045}. Best is trial 1285 with value: -0.6015874360929447.
