[I 2026-08-14 15:04:39,842] Trial 1998 finished with values: [-0.41005892425097007, 0.00011409864047484675] and parameters: {'k1': 0.00016312233285809254, 'D_low': 315.7875260398454, 'k2': 0.00021153782194224395, 'D_high': 1826.6972566585878, 'fire_exp': 1.3224672913793163, 'P_half': 48.464976792190825, 'pre_dampen_half': 0.03411860497758073, 'gpp_af': 0.40978013900044163, 'gpp_b': 0.03103333227753725, 'gpp_d': 0.32837927360248453, 'ign_k': 0.567034633562729, 'ign_c': 15.221840161091626, 'trop_agb_crit': 11.659854259018239, 'trop_k_veg': 0.6921865222804094, 'fuel_k': 0.06382243375381637, 'fuel_half': 57.882001937752435}.
[I 2026-08-14 15:04:41,099] Trial 1999 finished with values: [-0.40638677033175774, 3.2226319057748753e-08] and parameters: {'k1': 6.069662445477729e-05, 'D_low': 9.222492453004657, 'k2': 0.00019472216066157317, 'D_high': 625838.668783032, 'fire_exp': 1.075051292556307, 'P_half': 1535.1441568398143, 'pre_dampen_half': 0.03627422119926134, 'gpp_af': 0.0022992297821705253, 'gpp_b': 0.44882485827297763, 'gpp_d': 0.01307253094873642, 'ign_k': 0.04380580767905655, 'ign_c': 105.24574681335613, 'trop_agb_crit': 16.86264052240002, 'trop_k_veg': 7.063879971757455, 'fuel_k': 5.486054129200969, 'fuel_half': 15.581254655530845}.
[I 2026-08-14 15:04:43,601] Trial 2000 finished with values: [-0.43466722700801236, 0.0024523564018781308] and parameters: {'k1': 0.00016312233285809254, 'D_low': 4.043300846639722, 'k2': 1.854837679096716e-05, 'D_high': 21.27191162363905, 'fire_exp': 1.2070502372556005, 'P_half': 1938.3858782150498, 'pre_dampen_half': 0.10609580257119508, 'gpp_af': 0.008983355849178878, 'gpp_b': 0.00012906175696809457, 'gpp_d': 597.9617889501159, 'ign_k': 0.25940144092298384, 'ign_c': 15.221840161091626, 'trop_agb_crit': 13.98132484257899, 'trop_k_veg': 3.4508425771776365, 'fuel_k': 5.486054129200969, 'fuel_half': 0.30455368715396786}.
[I 2026-08-14 15:04:44,876] Trial 2001 finished with values: [-0.42371601275096094, 2.45351953358508e-05] and parameters: {'k1': 1.8595266457134027e-05, 'D_low': 117.80215926566856, 'k2': 0.00019472216066157317, 'D_high': 625838.668783032, 'fire_exp': 1.2429193829348841, 'P_half': 1535.1441568398143, 'pre_dampen_half': 0.03627422119926134, 'gpp_af': 0.008983355849178878, 'gpp_b': 0.0014842940448848419, 'gpp_d': 0.01307253094873642, 'ign_k': 0.03141110271934876, 'ign_c': 105.24574681335613, 'trop_agb_crit': 16.86264052240002, 'trop_k_veg': 3.4508425771776365, 'fuel_k': 5.486054129200969, 'fuel_half': 15.581254655530845}.
[I 2026-08-14 15:04:46,062] Trial 2002 finished with values: [-0.39885430166025054, 5.465004997540213e-06] and parameters: {'k1': 0.0012329098365270509, 'D_low': 1.7887890916820506, 'k2': 1.854837679096716e-05, 'D_high': 582349.8764421478, 'fire_exp': 9.39892454268678, 'P_half': 406.34698167377394, 'pre_dampen_half': 0.10609580257119508, 'gpp_af': 0.0025511964576171086, 'gpp_b': 0.00012906175696809457, 'gpp_d': 0.01307253094873642, 'ign_k': 0.567034633562729, 'ign_c': 15.221840161091626, 'trop_agb_crit': 5.881906289439389, 'trop_k_veg': 2.1816482703680733, 'fuel_k': 0.021123235354472927, 'fuel_half': 0.4768436391565331}.
[I 2026-08-14 15:04:47,152] Trial 2003 finished with values: [-0.4079383234201197, 7.338608499773969e-07] and parameters: {'k1': 0.0004688858519834985, 'D_low': 2.607160725470918, 'k2': 0.00010939944910100016, 'D_high': 625838.668783032, 'fire_exp': 1.2429193829348841, 'P_half': 220.3445560633069, 'pre_dampen_half': 0.10609580257119508, 'gpp_af': 0.0025511964576171086, 'gpp_b': 2.788681037423117, 'gpp_d': 0.01307253094873642, 'ign_k': 0.476373748459372, 'ign_c': 1.6473841324027205, 'trop_agb_crit': 16.86264052240002, 'trop_k_veg': 2.1816482703680733, 'fuel_k': 0.021123235354472927, 'fuel_half': 65.99277195883643}.
[I 2026-08-14 15:04:48,226] Trial 2004 finished with values: [-0.412495668379037, 0.00012909086491741384] and parameters: {'k1': 6.069662445477729e-05, 'D_low': 128395.48332743198, 'k2': 0.00019472216066157317, 'D_high': 4532584.554926518, 'fire_exp': 1.2429193829348841, 'P_half': 1535.1441568398143, 'pre_dampen_half': 0.03627422119926134, 'gpp_af': 0.008983355849178878, 'gpp_b': 0.000666277386494278, 'gpp_d': 0.01307253094873642, 'ign_k': 0.28298168613109503, 'ign_c': 0.8349618802917235, 'trop_agb_crit': 13.98132484257899, 'trop_k_veg': 2.8224577471047865, 'fuel_k': 1.6630228777630973, 'fuel_half': 15.581254655530845}.
[I 2026-08-14 15:04:49,334] Trial 2005 finished with values: [-0.42639144848694766, 0.001089173616858452] and parameters: {'k1': 1.8595266457134027e-05, 'D_low': 367.4904945305323, 'k2': 0.00010939944910100016, 'D_high': 625838.668783032, 'fire_exp': 1.2429193829348841, 'P_half': 1535.1441568398143, 'pre_dampen_half': 0.01017112778089543, 'gpp_af': 0.030592049838223532, 'gpp_b': 0.00017826376967587887, 'gpp_d': 0.012472726063715429, 'ign_k': 0.567034633562729, 'ign_c': 15.221840161091626, 'trop_agb_crit': 2.1775224101934065, 'trop_k_veg': 3.4508425771776365, 'fuel_k': 1.0622583452580132, 'fuel_half': 65.99277195883643}.
[I 2026-08-14 15:04:50,426] Trial 2006 finished with values: [-0.4238482773677242, 0.0014299745301562528] and parameters: {'k1': 0.0010204225357677778, 'D_low': 2.607160725470918, 'k2': 0.00010939944910100016, 'D_high': 625838.668783032, 'fire_exp': 2.5368205507948964, 'P_half': 220.3445560633069, 'pre_dampen_half': 0.10609580257119508, 'gpp_af': 0.030592049838223532, 'gpp_b': 0.00024732964314480056, 'gpp_d': 0.01307253094873642, 'ign_k': 0.754074907457476, 'ign_c': 15.221840161091626, 'trop_agb_crit': 16.86264052240002, 'trop_k_veg': 2.8224577471047865, 'fuel_k': 4.853365897318427, 'fuel_half': 65.99277195883643}.
[I 2026-08-14 15:04:51,493] Trial 2007 finished with values: [-0.41438663408689597, 2.149138030982378e-06] and parameters: {'k1': 6.069662445477729e-05, 'D_low': 22.16975530615866, 'k2': 0.00010939944910100016, 'D_high': 316055.11434645514, 'fire_exp': 1.2429193829348841, 'P_half': 351.2704726270846, 'pre_dampen_half': 0.10609580257119508, 'gpp_af': 0.0023751383317256927, 'gpp_b': 0.44882485827297763, 'gpp_d': 0.01307253094873642, 'ign_k': 0.567034633562729, 'ign_c': 15.221840161091626, 'trop_agb_crit': 5.808568531484235, 'trop_k_veg': 2.8224577471047865, 'fuel_k': 5.486054129200969, 'fuel_half': 65.99277195883643}.
[I 2026-08-14 15:04:52,550] Trial 2008 finished with values: [-0.38888528278079965, 7.023170933706524e-10] and parameters: {'k1': 0.0010204225357677778, 'D_low': 4.043300846639722, 'k2': 0.00448940480666442, 'D_high': 625838.668783032, 'fire_exp': 1.2429193829348841, 'P_half': 1535.1441568398143, 'pre_dampen_half': 0.10609580257119508, 'gpp_af': 0.008983355849178878, 'gpp_b': 2.788681037423117, 'gpp_d': 0.01307253094873642, 'ign_k': 0.04380580767905655, 'ign_c': 105.24574681335613, 'trop_agb_crit': 11.659854259018239, 'trop_k_veg': 1.0996896058838548, 'fuel_k': 0.06382243375381637, 'fuel_half': 65.99277195883643}.
[I 2026-08-14 15:04:53,618] Trial 2009 finished with values: [-0.39852125497970303, 1.2600570409304623e-07] and parameters: {'k1': 0.0010204225357677778, 'D_low': 1.7887890916820506, 'k2': 0.009280797735870644, 'D_high': 625838.668783032, 'fire_exp': 2.7488422454337287, 'P_half': 220.3445560633069, 'pre_dampen_half': 0.03411860497758073, 'gpp_af': 0.0025511964576171086, 'gpp_b': 0.03103333227753725, 'gpp_d': 0.32837927360248453, 'ign_k': 0.567034633562729, 'ign_c': 15.221840161091626, 'trop_agb_crit': 13.98132484257899, 'trop_k_veg': 1.128469461526162, 'fuel_k': 2.275380478586628, 'fuel_half': 15.581254655530845}.
[I 2026-08-14 15:04:54,737] Trial 2010 finished with values: [-0.5498014699284458, 0.006439676118623727] and parameters: {'k1': 0.0010204225357677778, 'D_low': 2.607160725470918, 'k2': 0.0005708731724249573, 'D_high': 625838.668783032, 'fire_exp': 1.6733848721157607, 'P_half': 220.3445560633069, 'pre_dampen_half': 0.10609580257119508, 'gpp_af': 0.0025511964576171086, 'gpp_b': 0.00024732964314480056, 'gpp_d': 0.01307253094873642, 'ign_k': 0.28298168613109503, 'ign_c': 15.221840161091626, 'trop_agb_crit': 16.86264052240002, 'trop_k_veg': 2.1816482703680733, 'fuel_k': 5.486054129200969, 'fuel_half': 0.30455368715396786}.
[I 2026-08-14 15:04:55,885] Trial 2011 finished with values: [-0.3554625854118624, 0.0] and parameters: {'k1': 0.0010204225357677778, 'D_low': 343.3801468967639, 'k2': 0.0005708731724249573, 'D_high': 44.39648242927527, 'fire_exp': 1.2429193829348841, 'P_half': 351.2704726270846, 'pre_dampen_half': 0.011501973785501987, 'gpp_af': 0.008983355849178878, 'gpp_b': 2.788681037423117, 'gpp_d': 0.32708040602901056, 'ign_k': 0.567034633562729, 'ign_c': 105.24574681335613, 'trop_agb_crit': 13.98132484257899, 'trop_k_veg': 1.128469461526162, 'fuel_k': 5.486054129200969, 'fuel_half': 0.30455368715396786}.
[I 2026-08-14 15:04:56,994] Trial 2012 finished with values: [-0.3803818184722011, 1.3043033320059294e-10] and parameters: {'k1': 0.0012329098365270509, 'D_low': 5500.925318788574, 'k2': 0.0005708731724249573, 'D_high': 894.8923677479773, 'fire_exp': 1.6214575867079866, 'P_half': 406.34698167377394, 'pre_dampen_half': 0.03411860497758073, 'gpp_af': 0.0025511964576171086, 'gpp_b': 0.1886809258265271, 'gpp_d': 1.2092668832190316, 'ign_k': 0.18945647155616227, 'ign_c': 15.221840161091626, 'trop_agb_crit': 2.1775224101934065, 'trop_k_veg': 1.128469461526162, 'fuel_k': 5.486054129200969, 'fuel_half': 0.30455368715396786}.
[I 2026-08-14 15:04:58,089] Trial 2013 finished with values: [-0.5087502709389125, 0.004638164604975015] and parameters: {'k1': 0.0012329098365270509, 'D_low': 5500.925318788574, 'k2': 0.0005708731724249573, 'D_high': 316055.11434645514, 'fire_exp': 1.6214575867079866, 'P_half': 220.3445560633069, 'pre_dampen_half': 0.10609580257119508, 'gpp_af': 0.0025511964576171086, 'gpp_b': 0.00024732964314480056, 'gpp_d': 0.01307253094873642, 'ign_k': 0.18945647155616227, 'ign_c': 15.221840161091626, 'trop_agb_crit': 2.1775224101934065, 'trop_k_veg': 2.1816482703680733, 'fuel_k': 5.486054129200969, 'fuel_half': 0.30455368715396786}.
[I 2026-08-14 15:04:59,171] Trial 2014 finished with values: [-0.5553001353648844, 0.3079405687704816] and parameters: {'k1': 0.0012329098365270509, 'D_low': 9.222492453004657, 'k2': 1.263794633808287e-05, 'D_high': 160625.60954780428, 'fire_exp': 1.075051292556307, 'P_half': 406.34698167377394, 'pre_dampen_half': 121.31020385272386, 'gpp_af': 0.0023751383317256927, 'gpp_b': 0.00024732964314480056, 'gpp_d': 1.2092668832190316, 'ign_k': 0.04380580767905655, 'ign_c': 15.221840161091626, 'trop_agb_crit': 9.903123338050214, 'trop_k_veg': 1.0278430021672995, 'fuel_k': 5.486054129200969, 'fuel_half': 15.581254655530845}.
[I 2026-08-14 15:05:00,312] Trial 2015 finished with values: [-0.4267283687549502, 0.0013337625092645355] and parameters: {'k1': 0.00016312233285809254, 'D_low': 2.607160725470918, 'k2': 0.00019472216066157317, 'D_high': 4532584.554926518, 'fire_exp': 1.2429193829348841, 'P_half': 1535.1441568398143, 'pre_dampen_half': 0.03627422119926134, 'gpp_af': 0.008983355849178878, 'gpp_b': 0.00012293733844300696, 'gpp_d': 0.01307253094873642, 'ign_k': 0.04380580767905655, 'ign_c': 15.221840161091626, 'trop_agb_crit': 3.534001063181976, 'trop_k_veg': 3.4508425771776365, 'fuel_k': 1.6630228777630973, 'fuel_half': 65.99277195883643}.
[I 2026-08-14 15:05:01,389] Trial 2016 finished with values: [-0.38128396839131146, 2.1069512801119572e-10] and parameters: {'k1': 0.0010204225357677778, 'D_low': 4.043300846639722, 'k2': 0.00010939944910100016, 'D_high': 490843.6535388939, 'fire_exp': 1.2429193829348841, 'P_half': 1535.1441568398143, 'pre_dampen_half': 0.10609580257119508, 'gpp_af': 0.0023751383317256927, 'gpp_b': 2.788681037423117, 'gpp_d': 0.01307253094873642, 'ign_k': 0.04380580767905655, 'ign_c': 105.24574681335613, 'trop_agb_crit': 16.86264052240002, 'trop_k_veg': 3.4508425771776365, 'fuel_k': 5.486054129200969, 'fuel_half': 15.581254655530845}.
[I 2026-08-14 15:05:02,482] Trial 2017 finished with values: [-0.42198533189361165, 0.00011558556584967405] and parameters: {'k1': 0.0010204225357677778, 'D_low': 168.13032363285404, 'k2': 0.00010939944910100016, 'D_high': 625838.668783032, 'fire_exp': 1.2429193829348841, 'P_half': 220.3445560633069, 'pre_dampen_half': 0.10609580257119508, 'gpp_af': 0.0023751383317256927, 'gpp_b': 0.00024732964314480056, 'gpp_d': 0.012284844784580964, 'ign_k': 0.04380580767905655, 'ign_c': 105.24574681335613, 'trop_agb_crit': 16.86264052240002, 'trop_k_veg': 0.9694140152996831, 'fuel_k': 0.021123235354472927, 'fuel_half': 65.99277195883643}.
[I 2026-08-14 15:05:04,348] Trial 2018 finished with values: [-0.42717792860517917, 0.0001833081639128764] and parameters: {'k1': 1.8595266457134027e-05, 'D_low': 4.043300846639722, 'k2': 0.0005708731724249573, 'D_high': 316055.11434645514, 'fire_exp': 1.6733848721157607, 'P_half': 1938.3858782150498, 'pre_dampen_half': 0.0195172246414495, 'gpp_af': 0.0023751383317256927, 'gpp_b': 0.00012906175696809457, 'gpp_d': 0.01307253094873642, 'ign_k': 0.567034633562729, 'ign_c': 15.221840161091626, 'trop_agb_crit': 13.98132484257899, 'trop_k_veg': 2.1816482703680733, 'fuel_k': 3.204249205987705, 'fuel_half': 0.30455368715396786}.
[I 2026-08-14 15:05:05,471] Trial 2019 finished with values: [-0.4268690095397344, 0.00025315539459325187] and parameters: {'k1': 0.0010204225357677778, 'D_low': 4.043300846639722, 'k2': 1.854837679096716e-05, 'D_high': 625838.668783032, 'fire_exp': 2.7488422454337287, 'P_half': 1685.6759038825946, 'pre_dampen_half': 0.10609580257119508, 'gpp_af': 0.0025511964576171086, 'gpp_b': 0.00012906175696809457, 'gpp_d': 597.9617889501159, 'ign_k': 0.25940144092298384, 'ign_c': 15.221840161091626, 'trop_agb_crit': 13.98132484257899, 'trop_k_veg': 5.233860299050363, 'fuel_k': 5.486054129200969, 'fuel_half': 0.30455368715396786}.
[I 2026-08-14 15:05:06,727] Trial 2020 finished with values: [-0.3554625854118624, 0.0] and parameters: {'k1': 0.0004688858519834985, 'D_low': 811241.9803988672, 'k2': 1.263794633808287e-05, 'D_high': 1826.6972566585878, 'fire_exp': 1.2429193829348841, 'P_half': 1039.903497165099, 'pre_dampen_half': 0.011501973785501987, 'gpp_af': 0.0023751383317256927, 'gpp_b': 2.788681037423117, 'gpp_d': 0.01307253094873642, 'ign_k': 0.04380580767905655, 'ign_c': 105.24574681335613, 'trop_agb_crit': 2.1775224101934065, 'trop_k_veg': 2.8224577471047865, 'fuel_k': 0.06382243375381637, 'fuel_half': 65.99277195883643}.
[I 2026-08-14 15:05:07,821] Trial 2021 finished with values: [-0.3554625854118624, 0.0] and parameters: {'k1': 0.0012329098365270509, 'D_low': 4.043300846639722, 'k2': 0.00019472216066157317, 'D_high': 316055.11434645514, 'fire_exp': 1.6214575867079866, 'P_half': 406.34698167377394, 'pre_dampen_half': 0.10609580257119508, 'gpp_af': 0.0025511964576171086, 'gpp_b': 0.44882485827297763, 'gpp_d': 0.01307253094873642, 'ign_k': 0.28298168613109503, 'ign_c': 105.24574681335613, 'trop_agb_crit': 16.86264052240002, 'trop_k_veg': 3.4508425771776365, 'fuel_k': 5.486054129200969, 'fuel_half': 15.581254655530845}.
[I 2026-08-14 15:05:08,933] Trial 2022 finished with values: [-0.3554625854118624, 0.0] and parameters: {'k1': 0.0004688858519834985, 'D_low': 367.4904945305323, 'k2': 1.263794633808287e-05, 'D_high': 1826.6972566585878, 'fire_exp': 1.6214575867079866, 'P_half': 48.464976792190825, 'pre_dampen_half': 0.03627422119926134, 'gpp_af': 0.0025511964576171086, 'gpp_b': 2.788681037423117, 'gpp_d': 8.144272585223819, 'ign_k': 0.04380580767905655, 'ign_c': 105.24574681335613, 'trop_agb_crit': 11.659854259018239, 'trop_k_veg': 1.128469461526162, 'fuel_k': 5.486054129200969, 'fuel_half': 0.30455368715396786}.
[I 2026-08-14 15:05:10,066] Trial 2023 finished with values: [-0.4345468111399306, 0.0016026004757490053] and parameters: {'k1': 6.069662445477729e-05, 'D_low': 2.607160725470918, 'k2': 0.0005708731724249573, 'D_high': 160625.60954780428, 'fire_exp': 1.6733848721157607, 'P_half': 1535.1441568398143, 'pre_dampen_half': 0.10609580257119508, 'gpp_af': 0.0023751383317256927, 'gpp_b': 0.00024732964314480056, 'gpp_d': 0.01307253094873642, 'ign_k': 0.28298168613109503, 'ign_c': 3.7392181587145514, 'trop_agb_crit': 6.247810889373202, 'trop_k_veg': 0.6921865222804094, 'fuel_k': 5.486054129200969, 'fuel_half': 0.30455368715396786}.
[I 2026-08-14 15:05:11,135] Trial 2024 finished with values: [-0.4006922858475658, 5.045646223056366e-08] and parameters: {'k1': 0.0004688858519834985, 'D_low': 2.607160725470918, 'k2': 1.854837679096716e-05, 'D_high': 316055.11434645514, 'fire_exp': 1.2429193829348841, 'P_half': 1938.3858782150498, 'pre_dampen_half': 0.10609580257119508, 'gpp_af': 0.030592049838223532, 'gpp_b': 2.788681037423117, 'gpp_d': 0.01307253094873642, 'ign_k': 0.567034633562729, 'ign_c': 25.36860972218539, 'trop_agb_crit': 3.534001063181976, 'trop_k_veg': 3.4508425771776365, 'fuel_k': 5.486054129200969, 'fuel_half': 65.99277195883643}.
[I 2026-08-14 15:05:12,256] Trial 2025 finished with values: [-0.3554625854118624, 0.0] and parameters: {'k1': 0.00016312233285809254, 'D_low': 367.4904945305323, 'k2': 0.00010939944910100016, 'D_high': 1826.6972566585878, 'fire_exp': 1.2429193829348841, 'P_half': 48.464976792190825, 'pre_dampen_half': 0.10609580257119508, 'gpp_af': 0.0023751383317256927, 'gpp_b': 0.034980579830050686, 'gpp_d': 8.144272585223819, 'ign_k': 0.476373748459372, 'ign_c': 105.24574681335613, 'trop_agb_crit': 3.534001063181976, 'trop_k_veg': 2.8224577471047865, 'fuel_k': 0.8452318887294848, 'fuel_half': 57.882001937752435}.
[I 2026-08-14 15:05:13,316] Trial 2026 finished with values: [-0.5639353418523545, 0.010190442590089388] and parameters: {'k1': 0.0012329098365270509, 'D_low': 4.043300846639722, 'k2': 1.854837679096716e-05, 'D_high': 316055.11434645514, 'fire_exp': 1.2070502372556005, 'P_half': 351.2704726270846, 'pre_dampen_half': 0.03627422119926134, 'gpp_af': 0.0022992297821705253, 'gpp_b': 0.00012906175696809457, 'gpp_d': 597.9617889501159, 'ign_k': 0.25940144092298384, 'ign_c': 14.935213816355384, 'trop_agb_crit': 13.98132484257899, 'trop_k_veg': 1.128469461526162, 'fuel_k': 5.486054129200969, 'fuel_half': 0.30455368715396786}.
[I 2026-08-14 15:05:14,431] Trial 2027 finished with values: [-0.3954542628520338, 5.9496286786142605e-09] and parameters: {'k1': 0.00016312233285809254, 'D_low': 4.043300846639722, 'k2': 0.00010939944910100016, 'D_high': 625838.668783032, 'fire_exp': 1.2070502372556005, 'P_half': 440.6127061961317, 'pre_dampen_half': 0.10609580257119508, 'gpp_af': 0.030592049838223532, 'gpp_b': 2.788681037423117, 'gpp_d': 0.01307253094873642, 'ign_k': 0.04380580767905655, 'ign_c': 105.24574681335613, 'trop_agb_crit': 3.534001063181976, 'trop_k_veg': 0.6214986942214191, 'fuel_k': 0.32560788083057296, 'fuel_half': 13.426489774148406}.
[I 2026-08-14 15:05:15,549] Trial 2028 finished with values: [-0.3554625854118624, 0.0] and parameters: {'k1': 0.0004688858519834985, 'D_low': 2.607160725470918, 'k2': 0.04212821120592908, 'D_high': 625838.668783032, 'fire_exp': 1.2429193829348841, 'P_half': 4.669659521086558, 'pre_dampen_half': 0.10609580257119508, 'gpp_af': 0.030592049838223532, 'gpp_b': 1.1728753685919104, 'gpp_d': 0.01307253094873642, 'ign_k': 0.476373748459372, 'ign_c': 105.24574681335613, 'trop_agb_crit': 5.881906289439389, 'trop_k_veg': 3.4508425771776365, 'fuel_k': 5.486054129200969, 'fuel_half': 21.973293277304474}.
[I 2026-08-14 15:05:16,637] Trial 2029 finished with values: [-0.3684904896285609, 3.009925642061262e-11] and parameters: {'k1': 0.0021631723449092987, 'D_low': 2.607160725470918, 'k2': 1.263794633808287e-05, 'D_high': 160625.60954780428, 'fire_exp': 1.2429193829348841, 'P_half': 1938.3858782150498, 'pre_dampen_half': 0.03627422119926134, 'gpp_af': 0.0023751383317256927, 'gpp_b': 2.788681037423117, 'gpp_d': 0.01307253094873642, 'ign_k': 0.04380580767905655, 'ign_c': 105.24574681335613, 'trop_agb_crit': 6.247810889373202, 'trop_k_veg': 7.007438330623431, 'fuel_k': 5.486054129200969, 'fuel_half': 15.581254655530845}.
[I 2026-08-14 15:05:17,742] Trial 2030 finished with values: [-0.4231612296480073, 1.5685035051893337e-06] and parameters: {'k1': 6.069662445477729e-05, 'D_low': 9432.006040193699, 'k2': 1.4780502282018014e-05, 'D_high': 625838.668783032, 'fire_exp': 1.075051292556307, 'P_half': 1535.1441568398143, 'pre_dampen_half': 0.10609580257119508, 'gpp_af': 0.030592049838223532, 'gpp_b': 2.788681037423117, 'gpp_d': 0.01307253094873642, 'ign_k': 0.567034633562729, 'ign_c': 15.221840161091626, 'trop_agb_crit': 6.247810889373202, 'trop_k_veg': 2.8224577471047865, 'fuel_k': 5.486054129200969, 'fuel_half': 15.581254655530845}.
[I 2026-08-14 15:05:18,822] Trial 2031 finished with values: [-0.41933490009151564, 6.912356788657537e-05] and parameters: {'k1': 0.00016312233285809254, 'D_low': 367.4904945305323, 'k2': 0.00021153782194224395, 'D_high': 625838.668783032, 'fire_exp': 1.3224672913793163, 'P_half': 1535.1441568398143, 'pre_dampen_half': 0.03411860497758073, 'gpp_af': 0.030592049838223532, 'gpp_b': 0.03103333227753725, 'gpp_d': 0.01307253094873642, 'ign_k': 0.01151607673962866, 'ign_c': 15.221840161091626, 'trop_agb_crit': 13.365572767895445, 'trop_k_veg': 2.6504099363756164, 'fuel_k': 5.486054129200969, 'fuel_half': 0.7756748968663514}.
[I 2026-08-14 15:05:19,928] Trial 2032 finished with values: [-0.4471851763680775, 0.0017935423484752855] and parameters: {'k1': 0.0010204225357677778, 'D_low': 4.043300846639722, 'k2': 0.00010939944910100016, 'D_high': 316055.11434645514, 'fire_exp': 1.6733848721157607, 'P_half': 351.2704726270846, 'pre_dampen_half': 0.10609580257119508, 'gpp_af': 0.0023751383317256927, 'gpp_b': 0.00024732964314480056, 'gpp_d': 0.01307253094873642, 'ign_k': 0.567034633562729, 'ign_c': 15.221840161091626, 'trop_agb_crit': 16.86264052240002, 'trop_k_veg': 1.128469461526162, 'fuel_k': 5.486054129200969, 'fuel_half': 15.581254655530845}.
