[I 2026-08-19 15:02:26,693] Trial 695 finished with value: -0.3554625854118624 and parameters: {'k1': 5.924159381912748e-05, 'D_low': 16331.566776461126, 'k2': 1.1964905610234441e-05, 'D_high': 28641.504526986817, 'fire_exp': 1.631876747593406, 'P_half': 10.988643430383384, 'pre_dampen_half': 12.5998672982774, 'gpp_af': 1.4921029340979373, 'gpp_b': 1.264637637139293, 'gpp_d': 0.0595492067765339, 'ign_k': 1.8974670037673018, 'ign_c': 50.227899890497696, 'trop_agb_crit': 4.899316114670738, 'trop_k_veg': 3.987611804324609, 'pop_amp': 0.0797994693267952, 'pop_peak': 457.96107266070845, 'pop_sig': 0.546704695096532, 'fuel_k': 0.866031969090188, 'fuel_half': 0.11267783630188967}. Best is trial 421 with value: -0.6216386034937503.
[I 2026-08-19 15:02:29,068] Trial 696 finished with value: -0.4369869404423077 and parameters: {'k1': 0.0003588783088654756, 'D_low': 30.02790749038405, 'k2': 0.0002014911904509042, 'D_high': 8907.471966776728, 'fire_exp': 1.0312855908285874, 'P_half': 11.376094767703874, 'pre_dampen_half': 0.09898562483110554, 'gpp_af': 0.0927461384415669, 'gpp_b': 0.00011410164074003825, 'gpp_d': 2.9509594309725395, 'ign_k': 1.168594519938707, 'ign_c': 2.7534184370457906, 'trop_agb_crit': 9.40257381975764, 'trop_k_veg': 3.219654109112987, 'pop_amp': 0.1547911495600737, 'pop_peak': 32.11963340432872, 'pop_sig': 0.5543462722568493, 'fuel_k': 0.724564090212295, 'fuel_half': 0.4542575744518769}. Best is trial 421 with value: -0.6216386034937503.
[I 2026-08-19 15:02:31,430] Trial 697 finished with value: -0.4128467403426687 and parameters: {'k1': 0.0003597322484690628, 'D_low': 36.33611280269432, 'k2': 0.00027844805371827884, 'D_high': 130120.78182699479, 'fire_exp': 6.18616104903556, 'P_half': 1648.888599267126, 'pre_dampen_half': 13.016350329840582, 'gpp_af': 0.009363075380075522, 'gpp_b': 1.6285433778316104e-05, 'gpp_d': 24.831798540846137, 'ign_k': 0.9069312804258457, 'ign_c': 0.33532804802791366, 'trop_agb_crit': 11.190804773202364, 'trop_k_veg': 4.528536131400577, 'pop_amp': 2.200803677291519, 'pop_peak': 26.13132676636285, 'pop_sig': 1.3154640646752076, 'fuel_k': 0.3254133646023157, 'fuel_half': 0.49655651475904455}. Best is trial 421 with value: -0.6216386034937503.
[I 2026-08-19 15:02:33,795] Trial 698 finished with value: -0.5015115864750632 and parameters: {'k1': 0.0006452064824624319, 'D_low': 69.57216500409348, 'k2': 0.0004169953036504564, 'D_high': 207302.6600931155, 'fire_exp': 1.1407626049677577, 'P_half': 113.33912500841792, 'pre_dampen_half': 0.11023381532499012, 'gpp_af': 0.029288762507514512, 'gpp_b': 0.0005427196473399698, 'gpp_d': 0.09452190449673623, 'ign_k': 2.75039931194956, 'ign_c': 1.730491115038145, 'trop_agb_crit': 15.391771642029036, 'trop_k_veg': 1.6014741855331345, 'pop_amp': 0.022954085052877958, 'pop_peak': 3.4941699531071255, 'pop_sig': 2.3473669503730488, 'fuel_k': 0.46755698306528704, 'fuel_half': 0.4695180235869138}. Best is trial 421 with value: -0.6216386034937503.
[I 2026-08-19 15:02:36,237] Trial 699 finished with value: -0.5367596258613793 and parameters: {'k1': 0.008061791748655244, 'D_low': 56.305919903900225, 'k2': 0.00977054566121743, 'D_high': 4123699.7833960187, 'fire_exp': 1.7221920781571334, 'P_half': 888.4880942941356, 'pre_dampen_half': 4.6116405349538345, 'gpp_af': 0.07918814068094518, 'gpp_b': 4.1225879506528634e-05, 'gpp_d': 854.1398168205395, 'ign_k': 0.25848770131626836, 'ign_c': 4.120807870369567, 'trop_agb_crit': 12.827940428611896, 'trop_k_veg': 4.077684841663039, 'pop_amp': 0.03220479581378877, 'pop_peak': 209.91787516071307, 'pop_sig': 0.6820103197457175, 'fuel_k': 0.2862884572507962, 'fuel_half': 0.10846625843099603}. Best is trial 421 with value: -0.6216386034937503.
[I 2026-08-19 15:02:38,846] Trial 700 finished with value: -0.5770175810495464 and parameters: {'k1': 0.003871497333866561, 'D_low': 4145.399559909826, 'k2': 0.00021103178918609308, 'D_high': 2010410.616168664, 'fire_exp': 2.2299139785865916, 'P_half': 1.1027272856027044, 'pre_dampen_half': 19.88525541053645, 'gpp_af': 0.0157735516412133, 'gpp_b': 1.899535467910262e-05, 'gpp_d': 12.374744932699656, 'ign_k': 0.2359497803757906, 'ign_c': 21.638716299609282, 'trop_agb_crit': 2.124673324850164, 'trop_k_veg': 2.8609059981901246, 'pop_amp': 0.5634505150468989, 'pop_peak': 2.9728893873327786, 'pop_sig': 1.1851086475655312, 'fuel_k': 0.037470281593696864, 'fuel_half': 4.24754792923924}. Best is trial 421 with value: -0.6216386034937503.
  trial  701/2500  best_overall=0.6216  (38.6 min)
[I 2026-08-19 15:02:41,933] Trial 701 finished with value: -0.580686811973527 and parameters: {'k1': 0.05838308090889493, 'D_low': 399.5944299396658, 'k2': 0.0021977448544568605, 'D_high': 2410602.419675592, 'fire_exp': 3.7494381589349204, 'P_half': 45.588405908098956, 'pre_dampen_half': 15.795088292321974, 'gpp_af': 0.0010210253464184279, 'gpp_b': 1.1248944111845632e-05, 'gpp_d': 0.10903537119798065, 'ign_k': 0.08247609065375894, 'ign_c': 0.3607665619751762, 'trop_agb_crit': 29.39229059318236, 'trop_k_veg': 2.5012706088387233, 'pop_amp': 0.3272374887674786, 'pop_peak': 10.23189963127675, 'pop_sig': 0.7631013652973382, 'fuel_k': 0.0767028907067479, 'fuel_half': 1.5215713633700632}. Best is trial 421 with value: -0.6216386034937503.
[I 2026-08-19 15:02:44,331] Trial 702 finished with value: -0.4010872468091577 and parameters: {'k1': 0.0024634145599636633, 'D_low': 8152.843767285689, 'k2': 0.00016967808010144299, 'D_high': 539741.1192864028, 'fire_exp': 1.5103490193259301, 'P_half': 178.979156991523, 'pre_dampen_half': 48.943544898144374, 'gpp_af': 0.0024174388150563064, 'gpp_b': 0.0010024386981163187, 'gpp_d': 0.015293223283474528, 'ign_k': 0.14726679232966208, 'ign_c': 61.13309212535158, 'trop_agb_crit': 7.095019524460443, 'trop_k_veg': 7.929984926704591, 'pop_amp': 0.0143079972116655, 'pop_peak': 2.037768479292112, 'pop_sig': 0.5344350198622266, 'fuel_k': 1.4720325892564028, 'fuel_half': 5.356629733069512}. Best is trial 421 with value: -0.6216386034937503.
[I 2026-08-19 15:02:46,788] Trial 703 finished with value: -0.45139544163571255 and parameters: {'k1': 0.010078852334351818, 'D_low': 587.2989861483345, 'k2': 0.00017110166773232966, 'D_high': 1878916.0253911377, 'fire_exp': 7.163939139986013, 'P_half': 1.7074827327917148, 'pre_dampen_half': 3.4289621701487363, 'gpp_af': 0.022608398027713868, 'gpp_b': 5.5055397282892484e-05, 'gpp_d': 0.05320663706474269, 'ign_k': 3.4800489253656433, 'ign_c': 24.144244258598526, 'trop_agb_crit': 12.89192042081873, 'trop_k_veg': 1.3548150367065062, 'pop_amp': 0.1033363718515297, 'pop_peak': 17.176015490676395, 'pop_sig': 0.4478598857990779, 'fuel_k': 0.12008016386144138, 'fuel_half': 0.12486203908037607}. Best is trial 421 with value: -0.6216386034937503.
[I 2026-08-19 15:02:49,240] Trial 704 finished with value: -0.4573966388828855 and parameters: {'k1': 0.010687723976729551, 'D_low': 1.1407346909257263, 'k2': 1.294239376981461e-05, 'D_high': 5976987.417905335, 'fire_exp': 2.4821926141881145, 'P_half': 1027.3158569394313, 'pre_dampen_half': 3.9625892785912598, 'gpp_af': 0.001173222766010574, 'gpp_b': 1.3032926156462841e-05, 'gpp_d': 0.26782871015157295, 'ign_k': 0.5809615133875593, 'ign_c': 0.43234001971972663, 'trop_agb_crit': 14.894599710123988, 'trop_k_veg': 1.4847791723023525, 'pop_amp': 0.4312944325795809, 'pop_peak': 188.6230377010489, 'pop_sig': 0.47187203131979355, 'fuel_k': 0.24562346536542845, 'fuel_half': 3.1383882408937844}. Best is trial 421 with value: -0.6216386034937503.
[I 2026-08-19 15:02:51,633] Trial 705 finished with value: -0.5694783518368923 and parameters: {'k1': 0.06639635390350675, 'D_low': 253.8874099455127, 'k2': 0.0011137663602166822, 'D_high': 333301.5927401161, 'fire_exp': 1.5978477571961527, 'P_half': 1.8985954139491572, 'pre_dampen_half': 0.2629306136934439, 'gpp_af': 0.002688947833885168, 'gpp_b': 2.1572260429802113e-05, 'gpp_d': 56.48516290831126, 'ign_k': 3.5276236753137313, 'ign_c': 5.90823886260283, 'trop_agb_crit': 15.089793779636498, 'trop_k_veg': 1.0727409569051254, 'pop_amp': 0.28705928082431803, 'pop_peak': 7.626395818067481, 'pop_sig': 0.4614598139913933, 'fuel_k': 0.1469285309193986, 'fuel_half': 0.1331617783250787}. Best is trial 421 with value: -0.6216386034937503.
[I 2026-08-19 15:02:54,433] Trial 706 finished with value: -0.5068409643188007 and parameters: {'k1': 4.7365120444349845e-05, 'D_low': 7252.278276678669, 'k2': 0.0015900248530023114, 'D_high': 716347.1149048047, 'fire_exp': 1.268872802763986, 'P_half': 3.44491654667734, 'pre_dampen_half': 1.7241081632046213, 'gpp_af': 24.37941187326262, 'gpp_b': 0.0003266503303210591, 'gpp_d': 6.8450591694328, 'ign_k': 0.005246331630215272, 'ign_c': 0.10761697389488586, 'trop_agb_crit': 8.657409858345055, 'trop_k_veg': 6.063317612165094, 'pop_amp': 1.9904285121435699, 'pop_peak': 3.7246282138797913, 'pop_sig': 0.3162399684157475, 'fuel_k': 0.43661942584201757, 'fuel_half': 0.13272886755657765}. Best is trial 421 with value: -0.6216386034937503.
[I 2026-08-19 15:02:57,366] Trial 707 finished with value: -0.4675425372970542 and parameters: {'k1': 0.025484716588220914, 'D_low': 5676.3869779556835, 'k2': 6.336535186463805e-05, 'D_high': 1574936.2358530562, 'fire_exp': 2.9921988160465336, 'P_half': 438.475323570443, 'pre_dampen_half': 5.868663877075946, 'gpp_af': 0.002035231101532588, 'gpp_b': 1.4575993703033282e-05, 'gpp_d': 0.1050992084107164, 'ign_k': 4.135014831039552, 'ign_c': 0.503033229158684, 'trop_agb_crit': 16.585315023081233, 'trop_k_veg': 2.2358800645277603, 'pop_amp': 0.43993350052684516, 'pop_peak': 182.60041253357818, 'pop_sig': 0.4016056444904633, 'fuel_k': 0.08533609020389656, 'fuel_half': 0.30026457744524787}. Best is trial 421 with value: -0.6216386034937503.
[I 2026-08-19 15:03:00,147] Trial 708 finished with value: -0.5191209253639588 and parameters: {'k1': 0.0005807029247569242, 'D_low': 52.58191595703986, 'k2': 1.756579867146773e-05, 'D_high': 2237202.7357341954, 'fire_exp': 1.565924113510274, 'P_half': 5.236058120646353, 'pre_dampen_half': 12.557454275030636, 'gpp_af': 0.07364560621555391, 'gpp_b': 0.004995104762547901, 'gpp_d': 28.790070475670657, 'ign_k': 6.946641741661876, 'ign_c': 4.5466215257993605, 'trop_agb_crit': 7.082466435705651, 'trop_k_veg': 6.851148197561924, 'pop_amp': 0.40277775754452144, 'pop_peak': 35.23801002472759, 'pop_sig': 0.2671116874362378, 'fuel_k': 0.9166878655512659, 'fuel_half': 0.7871418350487617}. Best is trial 421 with value: -0.6216386034937503.
  trial  709/2500  best_overall=0.6216  (38.9 min)
[I 2026-08-19 15:03:03,030] Trial 709 finished with value: -0.5757978369323299 and parameters: {'k1': 0.00017340770271832834, 'D_low': 90.50536524768175, 'k2': 0.007376010348045967, 'D_high': 200518.78747525465, 'fire_exp': 1.3054514805748991, 'P_half': 3.5775362072415047, 'pre_dampen_half': 0.47812341922374285, 'gpp_af': 6.640305073472533, 'gpp_b': 0.003683001567846897, 'gpp_d': 116.62838295409063, 'ign_k': 0.571873049832109, 'ign_c': 0.12581000586729896, 'trop_agb_crit': 14.118295128591763, 'trop_k_veg': 7.240865722851233, 'pop_amp': 1.744237385060862, 'pop_peak': 2.5718055159373883, 'pop_sig': 0.28806781286323646, 'fuel_k': 0.08455531208784045, 'fuel_half': 0.1563768065590398}. Best is trial 421 with value: -0.6216386034937503.
[I 2026-08-19 15:03:05,690] Trial 710 finished with value: -0.48443480936245925 and parameters: {'k1': 0.005922033434869989, 'D_low': 5667.83418508114, 'k2': 4.7520070495103216e-05, 'D_high': 752233.8511367462, 'fire_exp': 1.2155722380842795, 'P_half': 350.78533394599725, 'pre_dampen_half': 8.677941667660921, 'gpp_af': 0.0011755269094892308, 'gpp_b': 0.001015911477051758, 'gpp_d': 0.03442898003776484, 'ign_k': 2.559035985108829, 'ign_c': 0.449839787375433, 'trop_agb_crit': 17.955603856845986, 'trop_k_veg': 5.093737815877941, 'pop_amp': 0.3283484725253531, 'pop_peak': 2.7972237234468875, 'pop_sig': 0.4617104256153163, 'fuel_k': 1.6870832212710714, 'fuel_half': 5.832593728418628}. Best is trial 421 with value: -0.6216386034937503.
[I 2026-08-19 15:03:08,325] Trial 711 finished with value: -0.5706827705552605 and parameters: {'k1': 0.00046182652094428937, 'D_low': 46.80629163561583, 'k2': 0.002398923519656285, 'D_high': 7291959.782219802, 'fire_exp': 1.4849279898897205, 'P_half': 2.05629597860679, 'pre_dampen_half': 0.1462983600938224, 'gpp_af': 0.34610150489193114, 'gpp_b': 0.009913083909628185, 'gpp_d': 114.12224692262956, 'ign_k': 0.0165222832213714, 'ign_c': 0.7265033261945646, 'trop_agb_crit': 29.748656383158934, 'trop_k_veg': 5.034578218114308, 'pop_amp': 0.1359062150221189, 'pop_peak': 0.26155231223187864, 'pop_sig': 0.33361718458549605, 'fuel_k': 4.609064758855995, 'fuel_half': 0.21196786387979719}. Best is trial 421 with value: -0.6216386034937503.
[I 2026-08-19 15:03:11,135] Trial 712 finished with value: -0.5470109797598377 and parameters: {'k1': 0.0025196275842022035, 'D_low': 118.53870759099068, 'k2': 0.0001685825844074932, 'D_high': 384219.9529997801, 'fire_exp': 1.0266593402891167, 'P_half': 28.642483145904603, 'pre_dampen_half': 5.923455831287353, 'gpp_af': 0.0020424797669858987, 'gpp_b': 3.101884556811627e-05, 'gpp_d': 0.0375454818094198, 'ign_k': 1.9052086390986918, 'ign_c': 4.535255582570071, 'trop_agb_crit': 12.645955822050105, 'trop_k_veg': 7.1058591479137645, 'pop_amp': 0.936792368206276, 'pop_peak': 0.176697679064523, 'pop_sig': 0.708718995816733, 'fuel_k': 0.08390755883200973, 'fuel_half': 0.34606297335573283}. Best is trial 421 with value: -0.6216386034937503.
[I 2026-08-19 15:03:13,781] Trial 713 finished with value: -0.5923901549186352 and parameters: {'k1': 0.00021905529833775192, 'D_low': 1572.8249369519783, 'k2': 0.013370324770761981, 'D_high': 6153287.228769724, 'fire_exp': 1.5219862349321116, 'P_half': 53.0955949223688, 'pre_dampen_half': 11.81247802684867, 'gpp_af': 0.020380570464997118, 'gpp_b': 1.9897202456166387e-05, 'gpp_d': 12.083254767182044, 'ign_k': 1.2525791181187398, 'ign_c': 10.944669505539741, 'trop_agb_crit': 28.461827548530987, 'trop_k_veg': 2.17901501534178, 'pop_amp': 0.0010244530883523418, 'pop_peak': 52.91336321718795, 'pop_sig': 0.7721930836071328, 'fuel_k': 0.16564352304813307, 'fuel_half': 1.8138841121046976}. Best is trial 421 with value: -0.6216386034937503.
[I 2026-08-19 15:03:16,199] Trial 714 finished with value: -0.5973646087288194 and parameters: {'k1': 0.00535458698388663, 'D_low': 81.91288831526768, 'k2': 3.5265125866869656e-05, 'D_high': 221620.547608077, 'fire_exp': 1.6899603752489354, 'P_half': 334.91048038871287, 'pre_dampen_half': 5.645702353203257, 'gpp_af': 0.007340411194376456, 'gpp_b': 0.0003095040339729218, 'gpp_d': 0.10194580618272059, 'ign_k': 0.11803468994875321, 'ign_c': 3.820239240351625, 'trop_agb_crit': 10.652106478600457, 'trop_k_veg': 3.6035475920444946, 'pop_amp': 0.8014295726750765, 'pop_peak': 34.96096896381751, 'pop_sig': 1.7324438528717483, 'fuel_k': 0.03500233974017282, 'fuel_half': 0.2634521760854123}. Best is trial 421 with value: -0.6216386034937503.
[I 2026-08-19 15:03:18,728] Trial 715 finished with value: -0.4867450788108675 and parameters: {'k1': 5.191162869910368e-05, 'D_low': 56583.52853525179, 'k2': 5.735802108043959e-05, 'D_high': 1968867.0196652552, 'fire_exp': 1.2332717002109013, 'P_half': 24.373779177727776, 'pre_dampen_half': 0.5087758306010909, 'gpp_af': 0.0033485075622966954, 'gpp_b': 1.390611758580508e-05, 'gpp_d': 4.448978310124478, 'ign_k': 8.215035863164701, 'ign_c': 23.567658674269186, 'trop_agb_crit': 24.900439824096626, 'trop_k_veg': 0.750048704151403, 'pop_amp': 0.3971992092108047, 'pop_peak': 23.575205728883702, 'pop_sig': 1.2156522723785448, 'fuel_k': 0.8616814013156102, 'fuel_half': 0.20037856753392544}. Best is trial 421 with value: -0.6216386034937503.
[I 2026-08-19 15:03:21,532] Trial 716 finished with value: -0.2949965788469643 and parameters: {'k1': 0.005595344990826393, 'D_low': 54.298900970218725, 'k2': 8.49456373263008e-05, 'D_high': 559093.8350090843, 'fire_exp': 1.7891445878026297, 'P_half': 245.5076857035412, 'pre_dampen_half': 7.826495518864643, 'gpp_af': 0.024813287627834826, 'gpp_b': 0.0020844563469217207, 'gpp_d': 1.8141802026986373, 'ign_k': 1.0555941349168316, 'ign_c': 6.540011855012479, 'trop_agb_crit': 12.522917982477216, 'trop_k_veg': 2.4065506046224656, 'pop_amp': 16.329150867464968, 'pop_peak': 11.870513279237155, 'pop_sig': 1.1601220280851103, 'fuel_k': 0.020328062186704594, 'fuel_half': 0.14099106456888624}. Best is trial 421 with value: -0.6216386034937503.
  trial  717/2500  best_overall=0.6216  (39.3 min)
[I 2026-08-19 15:03:24,955] Trial 717 finished with value: -0.572900932092915 and parameters: {'k1': 0.009380700647649641, 'D_low': 9.307705893920023, 'k2': 0.062090303562199974, 'D_high': 388241.6480948581, 'fire_exp': 1.0861670324078558, 'P_half': 25.988966011425955, 'pre_dampen_half': 2.437235482696995, 'gpp_af': 0.002486201382310452, 'gpp_b': 0.0006258717015313896, 'gpp_d': 5.4651589424783005, 'ign_k': 1.6330260438233704, 'ign_c': 2.677355087549396, 'trop_agb_crit': 23.237038033311716, 'trop_k_veg': 7.263998972569945, 'pop_amp': 0.050873223371534305, 'pop_peak': 181.39496497687455, 'pop_sig': 0.29091503381854067, 'fuel_k': 0.3494884174695549, 'fuel_half': 0.6696769085037918}. Best is trial 421 with value: -0.6216386034937503.
[I 2026-08-19 15:03:27,778] Trial 718 finished with value: -0.41082339118209976 and parameters: {'k1': 0.0008709386796504141, 'D_low': 47004.99701890415, 'k2': 1.6305561528142795e-05, 'D_high': 1426769.8641037254, 'fire_exp': 2.867574847295266, 'P_half': 691.9438234241713, 'pre_dampen_half': 131.09902206090734, 'gpp_af': 0.0010498208972482609, 'gpp_b': 2.34616352506817e-05, 'gpp_d': 1.712078336439698, 'ign_k': 0.32323562634522357, 'ign_c': 0.6752839009159132, 'trop_agb_crit': 24.068797266646964, 'trop_k_veg': 2.8614197016820992, 'pop_amp': 0.7816044985482735, 'pop_peak': 620.5680026426871, 'pop_sig': 1.8648433574678116, 'fuel_k': 0.02133295306037283, 'fuel_half': 1.4671097508414943}. Best is trial 421 with value: -0.6216386034937503.
[I 2026-08-19 15:03:30,224] Trial 719 finished with value: -0.4931432859800985 and parameters: {'k1': 0.07492103993235531, 'D_low': 3.097254771153609, 'k2': 2.9810443066744305e-05, 'D_high': 9717448.875490516, 'fire_exp': 3.6188248231144593, 'P_half': 285.56836749057305, 'pre_dampen_half': 14.405135475317236, 'gpp_af': 0.10072320198635794, 'gpp_b': 2.4347519052008662e-05, 'gpp_d': 0.41283740927655466, 'ign_k': 0.17654817343924173, 'ign_c': 1.2607540570359024, 'trop_agb_crit': 26.226376407145164, 'trop_k_veg': 2.912819983361712, 'pop_amp': 0.057753094864759866, 'pop_peak': 29.600763534540956, 'pop_sig': 1.4842065887198912, 'fuel_k': 0.11068235035210723, 'fuel_half': 0.7276026904742042}. Best is trial 421 with value: -0.6216386034937503.
[I 2026-08-19 15:03:32,939] Trial 720 finished with value: -0.6072945993810748 and parameters: {'k1': 0.00015132976458665366, 'D_low': 17.73415135568384, 'k2': 0.00017419096705722473, 'D_high': 8216643.336817697, 'fire_exp': 1.07984381333213, 'P_half': 1.8920561101907811, 'pre_dampen_half': 0.34145001345070414, 'gpp_af': 0.1371557538945345, 'gpp_b': 0.0006224553889374755, 'gpp_d': 3.517339447641591, 'ign_k': 0.3427347203909507, 'ign_c': 9.463568073501076, 'trop_agb_crit': 8.113279812650838, 'trop_k_veg': 5.084226161980849, 'pop_amp': 0.17525919424155825, 'pop_peak': 37.857430781991404, 'pop_sig': 0.35566471612951817, 'fuel_k': 0.934490948495945, 'fuel_half': 0.31443359188113024}. Best is trial 421 with value: -0.6216386034937503.
[I 2026-08-19 15:03:35,653] Trial 721 finished with value: -0.4034719212307197 and parameters: {'k1': 0.000852143811945069, 'D_low': 158.45543582047262, 'k2': 3.2802553461056826e-05, 'D_high': 183004.49165201525, 'fire_exp': 2.140530196175535, 'P_half': 282.10514150859166, 'pre_dampen_half': 10.646514822432774, 'gpp_af': 0.03997101919960672, 'gpp_b': 0.00025176036367247594, 'gpp_d': 0.05378720787545121, 'ign_k': 0.013922011608461484, 'ign_c': 103.9887343747802, 'trop_agb_crit': 14.643195898101409, 'trop_k_veg': 6.194292195020368, 'pop_amp': 0.5622718008594796, 'pop_peak': 11.911958076637099, 'pop_sig': 1.524414922572656, 'fuel_k': 0.16904853903375305, 'fuel_half': 0.20758298822492152}. Best is trial 421 with value: -0.6216386034937503.
[I 2026-08-19 15:03:38,579] Trial 722 finished with value: -0.43004926694918366 and parameters: {'k1': 0.002379405658350293, 'D_low': 5.390681426820817, 'k2': 2.96652873342841e-05, 'D_high': 66593.07283803116, 'fire_exp': 1.2314714164070757, 'P_half': 116.0466946996907, 'pre_dampen_half': 3.6041726037828012, 'gpp_af': 0.0372880743723281, 'gpp_b': 0.004245030136228709, 'gpp_d': 0.010789740701890847, 'ign_k': 0.10350879150175543, 'ign_c': 0.1460252302097617, 'trop_agb_crit': 8.16092835138575, 'trop_k_veg': 6.398506136741684, 'pop_amp': 0.8623156193982479, 'pop_peak': 25.278997445668686, 'pop_sig': 1.3834645543138058, 'fuel_k': 0.09466791384029344, 'fuel_half': 0.11071461537224782}. Best is trial 421 with value: -0.6216386034937503.
[I 2026-08-19 15:03:41,411] Trial 723 finished with value: -0.4820848632339983 and parameters: {'k1': 0.0007634732667321825, 'D_low': 24.84164716029694, 'k2': 0.0002890641689350478, 'D_high': 869053.8920725954, 'fire_exp': 1.2789374236631712, 'P_half': 1.0661348141450746, 'pre_dampen_half': 0.7254826718248688, 'gpp_af': 0.08551375234860671, 'gpp_b': 0.010374342675773694, 'gpp_d': 1.0789796860835967, 'ign_k': 1.3512535378072676, 'ign_c': 3.1123598902963425, 'trop_agb_crit': 5.987648951757953, 'trop_k_veg': 4.744947197842775, 'pop_amp': 3.3109260407317063, 'pop_peak': 74.00749786388542, 'pop_sig': 0.5927751175067649, 'fuel_k': 1.1711051320555639, 'fuel_half': 0.3166860287105565}. Best is trial 421 with value: -0.6216386034937503.
