[I 2026-08-06 10:45:24,677] Trial 169 finished with values: [10.76116472495415, 10.76116472495415] and parameters: {'k1': 0.00012868405331151612, 'D_low': 984.098934375832, 'k2': 0.0007158031739371039, 'D_high': 3346.220103048382, 'fire_exp': 2.346778510892046, 'P_half': 102.4585893986732, 'pre_dampen_half': 7.665128204660195, 'gpp_af': 85.32056493640629, 'gpp_b': 0.0059594790418686545, 'gpp_d': 54.620376657085984, 'ign_k': 0.017302564033031168, 'ign_c': 1.0226988730324322, 'trop_agb_crit': 8.983402272488592, 'trop_k_veg': 0.7848385206902946}.
[I 2026-08-06 10:45:26,008] Trial 170 finished with values: [10.769230768877819, 10.769230768877819] and parameters: {'k1': 0.016780508579130986, 'D_low': 5.6556775246185085, 'k2': 5.471218729342035e-05, 'D_high': 91167.68553735342, 'fire_exp': 3.83403534181858, 'P_half': 102.4585893986732, 'pre_dampen_half': 7.665128204660195, 'gpp_af': 85.32056493640629, 'gpp_b': 0.0001484082099455773, 'gpp_d': 40.950628944766926, 'ign_k': 0.1647069822172432, 'ign_c': 81.80032418045731, 'trop_agb_crit': 11.316283925181681, 'trop_k_veg': 5.982827017670783}.
[I 2026-08-06 10:45:27,320] Trial 171 finished with values: [10.738092117626847, 10.738092117626847] and parameters: {'k1': 0.012840669372724958, 'D_low': 12.105387404469584, 'k2': 0.003767022142229395, 'D_high': 431.45617043093523, 'fire_exp': 1.0601964743503993, 'P_half': 4.213183643253957, 'pre_dampen_half': 3.0023172465753074, 'gpp_af': 1.9706963379095486, 'gpp_b': 1.4540386644083135e-05, 'gpp_d': 0.12878367369717508, 'ign_k': 0.00840038491455979, 'ign_c': 39.52220881906114, 'trop_agb_crit': 1.0693376406863295, 'trop_k_veg': 0.6673124511410327}.
[I 2026-08-06 10:45:28,648] Trial 172 finished with values: [-0.5901288686827721, 0.17851753632464729] and parameters: {'k1': 0.008912611835817005, 'D_low': 12.105387404469584, 'k2': 1.1065812688893481e-05, 'D_high': 5670.3463356272905, 'fire_exp': 1.3170256885255098, 'P_half': 4.213183643253957, 'pre_dampen_half': 63.6685916079943, 'gpp_af': 0.6403036652671171, 'gpp_b': 0.0005739662837359252, 'gpp_d': 1.493264336549928, 'ign_k': 0.21006485619596416, 'ign_c': 11.400863701127316, 'trop_agb_crit': 7.500118950416987, 'trop_k_veg': 0.6673124511410327}.
[I 2026-08-06 10:45:29,960] Trial 173 finished with values: [10.762061207336908, 10.762061207336908] and parameters: {'k1': 5.153993511603138e-05, 'D_low': 1.1433485956638711, 'k2': 0.00025255166452944054, 'D_high': 455.5085098454081, 'fire_exp': 1.2171655955604195, 'P_half': 9716.212563514906, 'pre_dampen_half': 3.2432098597317145, 'gpp_af': 0.05511595477601767, 'gpp_b': 2.5261484261151592e-05, 'gpp_d': 56.20854611217179, 'ign_k': 0.038563028138793747, 'ign_c': 30.785541778315018, 'trop_agb_crit': 18.785197416433792, 'trop_k_veg': 6.955154171468271}.
[I 2026-08-06 10:45:31,311] Trial 174 finished with values: [10.76923075753158, 10.76923075753158] and parameters: {'k1': 2.316457903103837e-05, 'D_low': 94.99072859745384, 'k2': 1.6991629902581918e-05, 'D_high': 1578.0309954142967, 'fire_exp': 2.763952030254024, 'P_half': 3554.812765190894, 'pre_dampen_half': 0.5682966065442918, 'gpp_af': 1.6059727222314273, 'gpp_b': 0.14577755664212386, 'gpp_d': 0.17061223263518377, 'ign_k': 0.0036065195493704487, 'ign_c': 0.2537994662905845, 'trop_agb_crit': 1.331177446539379, 'trop_k_veg': 2.194427136482602}.
[I 2026-08-06 10:45:32,589] Trial 175 finished with values: [-0.5573277694313369, 0.2041366664819475] and parameters: {'k1': 0.01889771394135163, 'D_low': 7.299348683062307, 'k2': 1.1065812688893481e-05, 'D_high': 21.947742689197344, 'fire_exp': 1.0601964743503993, 'P_half': 4.213183643253957, 'pre_dampen_half': 5.048653998722947, 'gpp_af': 1.9706963379095486, 'gpp_b': 0.0054502936945582505, 'gpp_d': 84.31013932082456, 'ign_k': 0.11619873314872933, 'ign_c': 1.9580595319750387, 'trop_agb_crit': 7.500118950416987, 'trop_k_veg': 1.0594599158279707}.
[I 2026-08-06 10:45:33,919] Trial 176 finished with values: [10.769230768877819, 10.769230768877819] and parameters: {'k1': 0.06994589881535453, 'D_low': 4182.178526757453, 'k2': 0.015763894361785387, 'D_high': 18.942844905792818, 'fire_exp': 1.2611826901294014, 'P_half': 1.1827346017839087, 'pre_dampen_half': 0.029662981696401067, 'gpp_af': 2.6003623362924237, 'gpp_b': 2.6738182964551835e-05, 'gpp_d': 29.749683811098393, 'ign_k': 2.3960796124300754, 'ign_c': 0.1239046892818203, 'trop_agb_crit': 15.961316409649486, 'trop_k_veg': 1.0923378209074766}.
[I 2026-08-06 10:45:35,219] Trial 177 finished with values: [10.769213079301439, 10.769213079301439] and parameters: {'k1': 0.0002656971546588439, 'D_low': 8832.039346746853, 'k2': 1.7926680648388784e-05, 'D_high': 88.90110660871557, 'fire_exp': 2.100650708889295, 'P_half': 4.087300390305745, 'pre_dampen_half': 0.16974173693738634, 'gpp_af': 0.006359264168909611, 'gpp_b': 0.000429408684380145, 'gpp_d': 9.510288748158525, 'ign_k': 0.004937355303501836, 'ign_c': 386.4218705871767, 'trop_agb_crit': 3.275825291386224, 'trop_k_veg': 2.1406449943451844}.
[I 2026-08-06 10:45:36,566] Trial 178 finished with values: [10.7692292000242, 10.7692292000242] and parameters: {'k1': 0.00031134168041628584, 'D_low': 1812.5870836716226, 'k2': 0.004579192310322934, 'D_high': 107.53522341516504, 'fire_exp': 1.695318866910499, 'P_half': 3227.0237615158, 'pre_dampen_half': 0.9166964238460105, 'gpp_af': 12.10590321196177, 'gpp_b': 0.14577755664212386, 'gpp_d': 0.7668707039273328, 'ign_k': 0.010167079878196114, 'ign_c': 1.6051347487097574, 'trop_agb_crit': 7.444615346113405, 'trop_k_veg': 1.3602724017812755}.
[I 2026-08-06 10:45:37,865] Trial 179 finished with values: [10.733137336591883, 10.733137336591883] and parameters: {'k1': 8.488887549001697e-05, 'D_low': 6542.056762893129, 'k2': 0.0003432139136241583, 'D_high': 1493.5213816355397, 'fire_exp': 1.0362310858538248, 'P_half': 221.2683656611821, 'pre_dampen_half': 39.827466658711515, 'gpp_af': 68.11991466118579, 'gpp_b': 0.01777482313117792, 'gpp_d': 0.4726373877250429, 'ign_k': 5.351470428717437, 'ign_c': 3.470490935437501, 'trop_agb_crit': 10.691477813613638, 'trop_k_veg': 6.45312300188076}.
[I 2026-08-06 10:45:39,179] Trial 180 finished with values: [10.747207425992231, 10.747207425992231] and parameters: {'k1': 0.002155595057104387, 'D_low': 2.4622754931226587, 'k2': 2.683416249684868e-05, 'D_high': 783.2259769732478, 'fire_exp': 1.423480109671474, 'P_half': 221.2683656611821, 'pre_dampen_half': 0.9829324480069708, 'gpp_af': 1.200191344086032, 'gpp_b': 1.319554058182653e-05, 'gpp_d': 1.279742971294904, 'ign_k': 0.0315101491238403, 'ign_c': 31.874227118134094, 'trop_agb_crit': 10.691477813613638, 'trop_k_veg': 5.905704303105107}.
[I 2026-08-06 10:45:40,462] Trial 181 finished with values: [10.765590712119502, 10.765590712119502] and parameters: {'k1': 0.00016480446427978953, 'D_low': 1112.9571947046009, 'k2': 0.0007047307383115598, 'D_high': 61536.58035691648, 'fire_exp': 2.332293128354265, 'P_half': 338.23872019362165, 'pre_dampen_half': 3.3841016089580034, 'gpp_af': 0.06789053271698488, 'gpp_b': 3.481277316673104e-05, 'gpp_d': 229.41380323183625, 'ign_k': 0.006290644294586149, 'ign_c': 186.11194462546783, 'trop_agb_crit': 10.691477813613638, 'trop_k_veg': 6.45312300188076}.
[I 2026-08-06 10:45:41,771] Trial 182 finished with values: [10.761751607695258, 10.761751607695258] and parameters: {'k1': 0.00016480446427978953, 'D_low': 1112.9571947046009, 'k2': 5.471218729342035e-05, 'D_high': 68.76972589957657, 'fire_exp': 2.346778510892046, 'P_half': 86.71454322584181, 'pre_dampen_half': 14.711215379121963, 'gpp_af': 0.06789053271698488, 'gpp_b': 0.0059594790418686545, 'gpp_d': 84.31013932082456, 'ign_k': 0.0014019509251727794, 'ign_c': 186.11194462546783, 'trop_agb_crit': 11.316283925181681, 'trop_k_veg': 2.573214588078609}.
[I 2026-08-06 10:45:43,086] Trial 183 finished with values: [10.768968278646224, 10.768968278646224] and parameters: {'k1': 0.07537201787998425, 'D_low': 520.4862686958022, 'k2': 0.014344484793173472, 'D_high': 455.5085098454081, 'fire_exp': 1.2171655955604195, 'P_half': 2.0461550877877857, 'pre_dampen_half': 8.594202650742222, 'gpp_af': 85.32056493640629, 'gpp_b': 1.873606058421592e-05, 'gpp_d': 0.028701881471957017, 'ign_k': 0.017302564033031168, 'ign_c': 1.228087486213536, 'trop_agb_crit': 2.009167401373723, 'trop_k_veg': 5.555327265518883}.
[I 2026-08-06 10:45:44,499] Trial 184 finished with values: [10.749764792660416, 10.749764792660416] and parameters: {'k1': 0.04669327135003539, 'D_low': 3.525936800597896, 'k2': 1.1065812688893481e-05, 'D_high': 63233.81951066786, 'fire_exp': 1.695318866910499, 'P_half': 4.213183643253957, 'pre_dampen_half': 0.2888838362365318, 'gpp_af': 1.9706963379095486, 'gpp_b': 0.14577755664212386, 'gpp_d': 1.6983565276584263, 'ign_k': 0.010167079878196114, 'ign_c': 2.414259639010457, 'trop_agb_crit': 7.500118950416987, 'trop_k_veg': 0.6673124511410327}.
[I 2026-08-06 10:45:45,908] Trial 185 finished with values: [10.762859054332084, 10.762859054332084] and parameters: {'k1': 0.008471801418819975, 'D_low': 171.2446447678494, 'k2': 4.207988669606632e-05, 'D_high': 42.070539502879384, 'fire_exp': 1.2918065501148304, 'P_half': 5.502140996950745, 'pre_dampen_half': 0.011396414164620812, 'gpp_af': 3.4702669886504163, 'gpp_b': 2.176805640408474e-05, 'gpp_d': 0.03927259340973166, 'ign_k': 2.1368329072358767, 'ign_c': 0.12510188850164433, 'trop_agb_crit': 12.647327018493208, 'trop_k_veg': 1.0264716153881357}.
[I 2026-08-06 10:45:47,287] Trial 186 finished with values: [10.766046984760571, 10.766046984760571] and parameters: {'k1': 0.012840669372724958, 'D_low': 171.2446447678494, 'k2': 0.00023295358953467695, 'D_high': 3346.220103048382, 'fire_exp': 1.2918065501148304, 'P_half': 147.09699119495133, 'pre_dampen_half': 0.011396414164620812, 'gpp_af': 0.2204465010099918, 'gpp_b': 2.176805640408474e-05, 'gpp_d': 0.03927259340973166, 'ign_k': 0.0029519227433917453, 'ign_c': 0.12510188850164433, 'trop_agb_crit': 12.647327018493208, 'trop_k_veg': 1.0264716153881357}.
[I 2026-08-06 10:45:48,665] Trial 187 finished with values: [10.769230768877819, 10.769230768877819] and parameters: {'k1': 0.008287522363768155, 'D_low': 355.00125258511594, 'k2': 0.03538758864779238, 'D_high': 774.2116473996249, 'fire_exp': 1.264103030891254, 'P_half': 4.087300390305745, 'pre_dampen_half': 0.16974173693738634, 'gpp_af': 0.006359264168909611, 'gpp_b': 0.42247700890263645, 'gpp_d': 0.26636419343091605, 'ign_k': 0.12329098365270515, 'ign_c': 386.4218705871767, 'trop_agb_crit': 1.0903028125370984, 'trop_k_veg': 2.1406449943451844}.
[I 2026-08-06 10:45:50,010] Trial 188 finished with values: [10.769230768877819, 10.769230768877819] and parameters: {'k1': 0.004053638704742309, 'D_low': 8832.039346746853, 'k2': 0.007058572590901788, 'D_high': 88.9193644629625, 'fire_exp': 1.264103030891254, 'P_half': 4.087300390305745, 'pre_dampen_half': 2.736251365128462, 'gpp_af': 0.006359264168909611, 'gpp_b': 1.7285224131410484, 'gpp_d': 0.26636419343091605, 'ign_k': 0.8489840783024065, 'ign_c': 386.4218705871767, 'trop_agb_crit': 1.3137567821944718, 'trop_k_veg': 0.983473833513531}.
[I 2026-08-06 10:45:51,328] Trial 189 finished with values: [10.769225742511797, 10.769225742511797] and parameters: {'k1': 0.016780508579130986, 'D_low': 984.098934375832, 'k2': 0.003419108473554454, 'D_high': 107.53522341516504, 'fire_exp': 2.100650708889295, 'P_half': 4.213183643253957, 'pre_dampen_half': 0.1875872314533727, 'gpp_af': 2.555721998081808, 'gpp_b': 0.0004408910919257112, 'gpp_d': 54.620376657085984, 'ign_k': 0.1647069822172432, 'ign_c': 2.414259639010457, 'trop_agb_crit': 1.0693376406863295, 'trop_k_veg': 5.982827017670783}.
[I 2026-08-06 10:45:52,661] Trial 190 finished with values: [10.76546628378265, 10.76546628378265] and parameters: {'k1': 0.00031134168041628584, 'D_low': 1683.621997588799, 'k2': 0.003419108473554454, 'D_high': 107.53522341516504, 'fire_exp': 1.695318866910499, 'P_half': 4.213183643253957, 'pre_dampen_half': 38.00678588560607, 'gpp_af': 1.9706963379095486, 'gpp_b': 1.4540386644083135e-05, 'gpp_d': 0.12878367369717508, 'ign_k': 0.010167079878196114, 'ign_c': 2.414259639010457, 'trop_agb_crit': 1.0693376406863295, 'trop_k_veg': 0.6673124511410327}.
[I 2026-08-06 10:45:53,975] Trial 191 finished with values: [10.767826241283503, 10.767826241283503] and parameters: {'k1': 0.012840669372724958, 'D_low': 171.2446447678494, 'k2': 0.00023295358953467695, 'D_high': 3346.220103048382, 'fire_exp': 1.1430983876313219, 'P_half': 2915.443189153754, 'pre_dampen_half': 0.011396414164620812, 'gpp_af': 0.2204465010099918, 'gpp_b': 2.176805640408474e-05, 'gpp_d': 0.03927259340973166, 'ign_k': 2.1368329072358767, 'ign_c': 0.12510188850164433, 'trop_agb_crit': 1.8559980846490576, 'trop_k_veg': 0.83140195149031}.
[I 2026-08-06 10:45:55,271] Trial 192 finished with values: [10.768881726978409, 10.768881726978409] and parameters: {'k1': 2.316457903103837e-05, 'D_low': 1112.9571947046009, 'k2': 8.923807143379776e-05, 'D_high': 4316.517111160399, 'fire_exp': 2.332293128354265, 'P_half': 587.6331101080223, 'pre_dampen_half': 0.012952289461753311, 'gpp_af': 5.335773317316405, 'gpp_b': 1.4540386644083135e-05, 'gpp_d': 150.14555442537656, 'ign_k': 0.019192001101561888, 'ign_c': 30.28574109895626, 'trop_agb_crit': 1.14876138417489, 'trop_k_veg': 3.49157152291552}.
[I 2026-08-06 10:45:56,556] Trial 193 finished with values: [10.754262180959602, 10.754262180959602] and parameters: {'k1': 0.00488137519160367, 'D_low': 1112.9571947046009, 'k2': 8.923807143379776e-05, 'D_high': 8182.111518618414, 'fire_exp': 2.332293128354265, 'P_half': 338.23872019362165, 'pre_dampen_half': 14.711215379121963, 'gpp_af': 0.47739011308437823, 'gpp_b': 3.481277316673104e-05, 'gpp_d': 176.18878384527278, 'ign_k': 0.019192001101561888, 'ign_c': 0.557280750002996, 'trop_agb_crit': 1.14876138417489, 'trop_k_veg': 2.573214588078609}.
[I 2026-08-06 10:45:57,871] Trial 194 finished with values: [10.767742764575091, 10.767742764575091] and parameters: {'k1': 4.540076719227351e-05, 'D_low': 520.4862686958022, 'k2': 0.014344484793173472, 'D_high': 99.69469187531809, 'fire_exp': 1.221575427404682, 'P_half': 751.9407491506673, 'pre_dampen_half': 8.594202650742222, 'gpp_af': 0.2799785875247786, 'gpp_b': 0.0038900687554386305, 'gpp_d': 0.043441170039664925, 'ign_k': 5.351470428717437, 'ign_c': 2.8335389417624683, 'trop_agb_crit': 8.997007571451054, 'trop_k_veg': 2.4336356947036335}.
[I 2026-08-06 10:45:59,155] Trial 195 finished with values: [10.292953630403444, 10.292953630403444] and parameters: {'k1': 0.01889771394135163, 'D_low': 355.00125258511594, 'k2': 1.1065812688893481e-05, 'D_high': 76.7074891445377, 'fire_exp': 1.2611826901294014, 'P_half': 4.213183643253957, 'pre_dampen_half': 5.048653998722947, 'gpp_af': 1.9706963379095486, 'gpp_b': 0.0054502936945582505, 'gpp_d': 84.31013932082456, 'ign_k': 0.11619873314872933, 'ign_c': 1.9580595319750387, 'trop_agb_crit': 7.500118950416987, 'trop_k_veg': 1.0594599158279707}.
[I 2026-08-06 10:46:00,472] Trial 196 finished with values: [10.727907790345192, 10.727907790345192] and parameters: {'k1': 0.00012868405331151612, 'D_low': 984.098934375832, 'k2': 8.923807143379776e-05, 'D_high': 8182.111518618414, 'fire_exp': 2.346778510892046, 'P_half': 102.4585893986732, 'pre_dampen_half': 7.665128204660195, 'gpp_af': 85.32056493640629, 'gpp_b': 3.481277316673104e-05, 'gpp_d': 150.14555442537656, 'ign_k': 8.926311370835233, 'ign_c': 1.0226988730324322, 'trop_agb_crit': 24.80219492452611, 'trop_k_veg': 0.7848385206902946}.
[I 2026-08-06 10:46:01,775] Trial 197 finished with values: [10.767345713301419, 10.767345713301419] and parameters: {'k1': 0.002367935204022389, 'D_low': 520.4862686958022, 'k2': 1.7926680648388784e-05, 'D_high': 14.378290221680125, 'fire_exp': 2.6554044046291967, 'P_half': 14.281536924924877, 'pre_dampen_half': 0.1875872314533727, 'gpp_af': 5.335773317316405, 'gpp_b': 0.005070330027123044, 'gpp_d': 9.510288748158525, 'ign_k': 0.01364908766641695, 'ign_c': 4.439802552990464, 'trop_agb_crit': 1.8157022975489, 'trop_k_veg': 6.5801322358877785}.
[I 2026-08-06 10:46:03,126] Trial 198 finished with values: [10.769148852086749, 10.769148852086749] and parameters: {'k1': 0.07799059237255677, 'D_low': 37.35862630812753, 'k2': 0.03699867920489089, 'D_high': 3346.220103048382, 'fire_exp': 6.234638880169447, 'P_half': 1.1827346017839087, 'pre_dampen_half': 7.665128204660195, 'gpp_af': 0.29012721497386246, 'gpp_b': 0.42247700890263645, 'gpp_d': 2.944272359149677, 'ign_k': 0.013276678836047658, 'ign_c': 5.13055176058983, 'trop_agb_crit': 8.983402272488592, 'trop_k_veg': 0.8170196702261714}.
[I 2026-08-06 10:46:04,393] Trial 199 finished with values: [10.755105320727925, 10.755105320727925] and parameters: {'k1': 0.008287522363768155, 'D_low': 1228.2126524008484, 'k2': 0.0007047307383115598, 'D_high': 21.947742689197344, 'fire_exp': 1.0601964743503993, 'P_half': 712.8188058401365, 'pre_dampen_half': 3.3841016089580034, 'gpp_af': 0.10409127568994281, 'gpp_b': 1.4540386644083135e-05, 'gpp_d': 757.2868182332339, 'ign_k': 5.351470428717437, 'ign_c': 18.219343937475102, 'trop_agb_crit': 1.0903028125370984, 'trop_k_veg': 4.989748894578724}.
[I 2026-08-06 10:46:05,704] Trial 200 finished with values: [10.749162497052671, 10.749162497052671] and parameters: {'k1': 0.006642027816373391, 'D_low': 436.4516946807792, 'k2': 0.003101429427212743, 'D_high': 1615.0602315370222, 'fire_exp': 1.5185721648966928, 'P_half': 9.324787201197319, 'pre_dampen_half': 0.03751320096826995, 'gpp_af': 2.6003623362924237, 'gpp_b': 2.6738182964551835e-05, 'gpp_d': 8.057329182285729, 'ign_k': 0.022704877557909234, 'ign_c': 0.1239046892818203, 'trop_agb_crit': 6.119263728555865, 'trop_k_veg': 1.0594599158279707}.
[I 2026-08-06 10:46:07,065] Trial 201 finished with values: [10.732226405412257, 10.732226405412257] and parameters: {'k1': 0.01889771394135163, 'D_low': 5023.348046919797, 'k2': 1.1065812688893481e-05, 'D_high': 61536.58035691648, 'fire_exp': 1.0601964743503993, 'P_half': 221.2683656611821, 'pre_dampen_half': 1.3833139021965035, 'gpp_af': 68.11991466118579, 'gpp_b': 0.22727308251068193, 'gpp_d': 84.31013932082456, 'ign_k': 0.11619873314872933, 'ign_c': 1.9580595319750387, 'trop_agb_crit': 10.691477813613638, 'trop_k_veg': 1.0594599158279707}.
[I 2026-08-06 10:46:08,434] Trial 202 finished with values: [10.639678913243815, 10.639678913243815] and parameters: {'k1': 5.2759586181451185e-05, 'D_low': 7.240382572465288, 'k2': 0.0007047307383115598, 'D_high': 1615.0602315370222, 'fire_exp': 1.2918065501148304, 'P_half': 9.324787201197319, 'pre_dampen_half': 1.3833139021965035, 'gpp_af': 2.6003623362924237, 'gpp_b': 2.6738182964551835e-05, 'gpp_d': 8.057329182285729, 'ign_k': 0.18697387216131534, 'ign_c': 3.470490935437501, 'trop_agb_crit': 6.119263728555865, 'trop_k_veg': 0.5772603928610088}.
[I 2026-08-06 10:46:09,765] Trial 203 finished with values: [10.624933929627739, 10.624933929627739] and parameters: {'k1': 2.316457903103837e-05, 'D_low': 520.4862686958022, 'k2': 0.00025255166452944054, 'D_high': 8182.111518618414, 'fire_exp': 2.332293128354265, 'P_half': 712.8188058401365, 'pre_dampen_half': 63.6685916079943, 'gpp_af': 0.6403036652671171, 'gpp_b': 3.481277316673104e-05, 'gpp_d': 757.2868182332339, 'ign_k': 0.12329098365270515, 'ign_c': 1.9580595319750387, 'trop_agb_crit': 8.997007571451054, 'trop_k_veg': 3.49157152291552}.
[I 2026-08-06 10:46:11,115] Trial 204 finished with values: [10.409659491470858, 10.409659491470858] and parameters: {'k1': 0.06994589881535453, 'D_low': 520.4862686958022, 'k2': 0.014344484793173472, 'D_high': 1578.0309954142967, 'fire_exp': 1.221575427404682, 'P_half': 140.74279366401683, 'pre_dampen_half': 234.12640025944248, 'gpp_af': 5.335773317316405, 'gpp_b': 7.210246166617508e-05, 'gpp_d': 2.944272359149677, 'ign_k': 0.01364908766641695, 'ign_c': 5.13055176058983, 'trop_agb_crit': 7.628718523810018, 'trop_k_veg': 3.49157152291552}.
[I 2026-08-06 10:46:12,428] Trial 205 finished with values: [10.620512631506937, 10.620512631506937] and parameters: {'k1': 0.008287522363768155, 'D_low': 40.12413353131991, 'k2': 0.0007047307383115598, 'D_high': 1236.6924205139144, 'fire_exp': 1.423480109671474, 'P_half': 751.9407491506673, 'pre_dampen_half': 3.3841016089580034, 'gpp_af': 0.030592049838223532, 'gpp_b': 1.284284091405877e-05, 'gpp_d': 229.41380323183625, 'ign_k': 0.12329098365270515, 'ign_c': 1.9580595319750387, 'trop_agb_crit': 1.0903028125370984, 'trop_k_veg': 4.989748894578724}.
[I 2026-08-06 10:46:13,741] Trial 206 finished with values: [11.608842297525443, 11.608842297525443] and parameters: {'k1': 0.04669327135003539, 'D_low': 3.525936800597896, 'k2': 0.003101429427212743, 'D_high': 45914.852167405326, 'fire_exp': 1.1263716762638152, 'P_half': 712.8188058401365, 'pre_dampen_half': 63.6685916079943, 'gpp_af': 1.9706963379095486, 'gpp_b': 1.598364670380439e-05, 'gpp_d': 757.2868182332339, 'ign_k': 0.12329098365270515, 'ign_c': 2.414259639010457, 'trop_agb_crit': 7.500118950416987, 'trop_k_veg': 4.989748894578724}.
[I 2026-08-06 10:46:15,008] Trial 207 finished with values: [-0.5501225918142298, 0.22331289040699787] and parameters: {'k1': 0.01889771394135163, 'D_low': 7.299348683062307, 'k2': 1.1065812688893481e-05, 'D_high': 3346.220103048382, 'fire_exp': 1.1263716762638152, 'P_half': 4.213183643253957, 'pre_dampen_half': 5.048653998722947, 'gpp_af': 1.9706963379095486, 'gpp_b': 0.0054502936945582505, 'gpp_d': 84.31013932082456, 'ign_k': 0.6161423618045312, 'ign_c': 1.9580595319750387, 'trop_agb_crit': 7.500118950416987, 'trop_k_veg': 1.0594599158279707}.
