[I 2026-06-10 19:22:27,514] Trial 111 finished with values: [10.83333333328067, 10.83333333328067] and parameters: {'k1': 9.461469059966113e-05, 'D_low': 7799.059237255678, 'k2': 0.00037358626308127543, 'D_high': 218.58605829601817, 'fire_exp': 4.2769938521987285, 'P_half': 1510.9330261674459, 'pre_dampen_half': 3.2597587933173577, 'gpp_af': 0.76651282046602, 'gpp_b': 2.308636184489409, 'gpp_d': 0.09467055845337147, 'ign_k': 0.004042960692360329, 'ign_c': 1.7655835392092531, 'trop_agb_crit': 2.3283517450922546, 'trop_k_veg': 3.9334225320222664, 'fire_amp': 1.06192368173466}.
[I 2026-06-10 19:22:28,870] Trial 112 finished with values: [10.656518250905405, 10.656518250905405] and parameters: {'k1': 0.00023134781612225627, 'D_low': 1.7551403048208316, 'k2': 0.0001280886335404798, 'D_high': 32311.521854410956, 'fire_exp': 1.811096651915224, 'P_half': 5.4712187293420325, 'pre_dampen_half': 121.93011993958949, 'gpp_af': 0.07118041471054574, 'gpp_b': 0.00031478066835753096, 'gpp_d': 0.1619054449471649, 'ign_k': 0.002357279455676982, 'ign_c': 7.081721844034206, 'trop_agb_crit': 12.708819454040446, 'trop_k_veg': 0.5535297685306277, 'fire_amp': 1.5719333351012774}.
[I 2026-06-10 19:22:30,165] Trial 113 finished with values: [10.82243191702828, 10.82243191702828] and parameters: {'k1': 0.0009071933427331367, 'D_low': 1440.3650379563878, 'k2': 2.316457903103837e-05, 'D_high': 949.9072859745386, 'fire_exp': 1.14171776851287, 'P_half': 157.80309954142965, 'pre_dampen_half': 0.12765775690366168, 'gpp_af': 27.448645214004376, 'gpp_b': 0.0012749409641020352, 'gpp_d': 0.03848886303127135, 'ign_k': 0.0037322156377670697, 'ign_c': 111.18405953132105, 'trop_agb_crit': 8.188098178380693, 'trop_k_veg': 0.6618107836658104, 'fire_amp': 1.1626468420952578}.
[I 2026-06-10 19:22:31,464] Trial 114 finished with values: [10.83333332515316, 10.83333332515316] and parameters: {'k1': 0.004467752817973905, 'D_low': 5745.508803834167, 'k2': 0.0012030178871154666, 'D_high': 1537.592023548176, 'fire_exp': 1.3780725202518265, 'P_half': 1500.032805376629, 'pre_dampen_half': 867.6409475740121, 'gpp_af': 0.4648421057440751, 'gpp_b': 2.308636184489409, 'gpp_d': 9.761125443110442, 'ign_k': 0.004042960692360329, 'ign_c': 0.22592797420156951, 'trop_agb_crit': 2.3283517450922546, 'trop_k_veg': 3.9334225320222664, 'fire_amp': 1.06192368173466}.
[I 2026-06-10 19:22:32,859] Trial 115 finished with values: [10.091207343742024, 10.091207343742024] and parameters: {'k1': 0.00026539376439360527, 'D_low': 133.4807155996069, 'k2': 0.0014539199187561544, 'D_high': 3545.843846227985, 'fire_exp': 1.111738490499784, 'P_half': 1.4551749476072258, 'pre_dampen_half': 189.36639872354493, 'gpp_af': 3.298293484806585, 'gpp_b': 0.5903603324157484, 'gpp_d': 525.1661172395181, 'ign_k': 0.057001421052469435, 'ign_c': 7.832259769732471, 'trop_agb_crit': 1.0900492537293804, 'trop_k_veg': 1.6648666152166967, 'fire_amp': 4.472176921013167}.
[I 2026-06-10 19:22:34,287] Trial 116 finished with values: [10.833298636724939, 10.833298636724939] and parameters: {'k1': 0.0028422402394344265, 'D_low': 47.09471197589547, 'k2': 0.053816312113049804, 'D_high': 29124.30416261908, 'fire_exp': 1.1097334326431894, 'P_half': 1.2748758606816126, 'pre_dampen_half': 0.7626351785803364, 'gpp_af': 0.001574468792220529, 'gpp_b': 8.38796821093948, 'gpp_d': 0.05650468465378641, 'ign_k': 0.2379703566060643, 'ign_c': 3.3385926007093936, 'trop_agb_crit': 27.082027345327276, 'trop_k_veg': 5.163952365038207, 'fire_amp': 4.491035932123984}.
[I 2026-06-10 19:22:35,630] Trial 117 finished with values: [10.73802223897991, 10.73802223897991] and parameters: {'k1': 0.00031134168041628584, 'D_low': 12.105387404469584, 'k2': 0.003767022142229395, 'D_high': 22.636544662054543, 'fire_exp': 1.0601964743503993, 'P_half': 69.68111190775313, 'pre_dampen_half': 33.71909132517384, 'gpp_af': 0.0662749342026412, 'gpp_b': 1.4540386644083135e-05, 'gpp_d': 28.312234265202243, 'ign_k': 0.00840038491455979, 'ign_c': 157.63098727399432, 'trop_agb_crit': 1.0693376406863295, 'trop_k_veg': 0.6673124511410327, 'fire_amp': 4.783836175730692}.
[I 2026-06-10 19:22:36,975] Trial 118 finished with values: [10.712682748268023, 10.712682748268023] and parameters: {'k1': 0.03820259936390116, 'D_low': 8832.039346746853, 'k2': 1.1049703024154134e-05, 'D_high': 41833.85682146036, 'fire_exp': 1.264103030891254, 'P_half': 18.93453091519153, 'pre_dampen_half': 0.16974173693738634, 'gpp_af': 56.62858823465573, 'gpp_b': 0.00013164432569139702, 'gpp_d': 0.26636419343091605, 'ign_k': 0.06219881174029358, 'ign_c': 1.488823059798356, 'trop_agb_crit': 1.3137567821944718, 'trop_k_veg': 2.1406449943451844, 'fire_amp': 3.8500040010232275}.
[I 2026-06-10 19:22:38,269] Trial 119 finished with values: [10.833295676494386, 10.833295676494386] and parameters: {'k1': 0.048249142811802544, 'D_low': 3.4360613844702605, 'k2': 1.303559038508507e-05, 'D_high': 10484.531351650956, 'fire_exp': 5.600924137982412, 'P_half': 655.1173063184817, 'pre_dampen_half': 0.11609694921678075, 'gpp_af': 0.07118041471054574, 'gpp_b': 1.2225538397552075e-05, 'gpp_d': 12.338826503601998, 'ign_k': 0.029898855088295265, 'ign_c': 7.081721844034206, 'trop_agb_crit': 4.427958131171205, 'trop_k_veg': 6.133177812136482, 'fire_amp': 1.8663600389828578}.
[I 2026-06-10 19:22:39,613] Trial 120 finished with values: [10.83333333328067, 10.83333333328067] and parameters: {'k1': 0.0003158510449922799, 'D_low': 36.04182012888637, 'k2': 0.029812370697208823, 'D_high': 41833.85682146036, 'fire_exp': 9.188032853819758, 'P_half': 1.1184534120760474, 'pre_dampen_half': 706.9588467653589, 'gpp_af': 0.0016436129702486315, 'gpp_b': 0.027582100003239053, 'gpp_d': 4.350163152436989, 'ign_k': 0.06219881174029358, 'ign_c': 0.19732688444088908, 'trop_agb_crit': 3.058280993112277, 'trop_k_veg': 3.226732148133099, 'fire_amp': 3.8500040010232275}.
[I 2026-06-10 19:22:41,003] Trial 121 finished with values: [10.751141834741818, 10.751141834741818] and parameters: {'k1': 0.032270237615157994, 'D_low': 148.21691630007544, 'k2': 0.0001016707987819611, 'D_high': 570.8731724249576, 'fire_exp': 2.3820146568432237, 'P_half': 70.91190338709636, 'pre_dampen_half': 8.259599205585761, 'gpp_af': 42.29037995744429, 'gpp_b': 0.00012118589392553798, 'gpp_d': 545.0253444559129, 'ign_k': 3.965503094323014, 'ign_c': 3.4321391362415827, 'trop_agb_crit': 5.588032458772675, 'trop_k_veg': 6.172643383211297, 'fire_amp': 1.032981306188127}.
[I 2026-06-10 19:22:42,370] Trial 122 finished with values: [10.719481705460227, 10.719481705460227] and parameters: {'k1': 0.0018697387216131526, 'D_low': 1.7551403048208316, 'k2': 0.045914852167405346, 'D_high': 16780.50857913099, 'fire_exp': 1.41873960828944, 'P_half': 3.591771421517613, 'pre_dampen_half': 16.009350908593582, 'gpp_af': 0.008117091133892173, 'gpp_b': 0.00807491410172472, 'gpp_d': 12.338826503601998, 'ign_k': 0.07867677706257832, 'ign_c': 7.081721844034206, 'trop_agb_crit': 12.708819454040446, 'trop_k_veg': 0.5535297685306277, 'fire_amp': 1.5719333351012774}.
[I 2026-06-10 19:22:43,678] Trial 123 finished with values: [10.802652408719258, 10.802652408719258] and parameters: {'k1': 0.00035868164986275477, 'D_low': 12.172958098369968, 'k2': 0.02065142557895925, 'D_high': 267.3088310781672, 'fire_exp': 1.0812994412809738, 'P_half': 157.3644610977214, 'pre_dampen_half': 0.050654860639753524, 'gpp_af': 1.9998014714101113, 'gpp_b': 2.800940363375676e-05, 'gpp_d': 859.8737339212263, 'ign_k': 0.8945150807271531, 'ign_c': 16.497426799845446, 'trop_agb_crit': 8.0091368834625, 'trop_k_veg': 1.6003641872536711, 'fire_amp': 1.5587346124822492}.
[I 2026-06-10 19:22:44,982] Trial 124 finished with values: [10.779320246711519, 10.779320246711519] and parameters: {'k1': 0.012840669372724958, 'D_low': 171.2446447678494, 'k2': 0.00037358626308127543, 'D_high': 36998.679204890876, 'fire_exp': 4.2769938521987285, 'P_half': 93.43302657318476, 'pre_dampen_half': 30.697381831179275, 'gpp_af': 0.2204465010099918, 'gpp_b': 2.176805640408474e-05, 'gpp_d': 0.09467055845337147, 'ign_k': 0.0029519227433917453, 'ign_c': 39.52220881906114, 'trop_agb_crit': 12.647327018493208, 'trop_k_veg': 2.520089655463604, 'fire_amp': 5.606809127618709}.
[I 2026-06-10 19:22:46,313] Trial 125 finished with values: [10.657070473493416, 10.657070473493416] and parameters: {'k1': 0.00023134781612225627, 'D_low': 2.843767489444367, 'k2': 1.1049703024154134e-05, 'D_high': 41833.85682146036, 'fire_exp': 1.233919071594971, 'P_half': 18.93453091519153, 'pre_dampen_half': 562.7426550259207, 'gpp_af': 56.62858823465573, 'gpp_b': 0.027582100003239053, 'gpp_d': 14.427333163005196, 'ign_k': 0.002357279455676982, 'ign_c': 388.02797007866826, 'trop_agb_crit': 3.058280993112277, 'trop_k_veg': 2.8926781829782864, 'fire_amp': 1.8357623383234334}.
[I 2026-06-10 19:22:47,720] Trial 126 finished with values: [10.831898558901882, 10.831898558901882] and parameters: {'k1': 0.00023134781612225627, 'D_low': 3840.3004190988563, 'k2': 0.0001870742013766025, 'D_high': 27.55546207779663, 'fire_exp': 1.9831200589258544, 'P_half': 51.10120656497163, 'pre_dampen_half': 121.93011993958949, 'gpp_af': 20.12115544906385, 'gpp_b': 3.51865893272769, 'gpp_d': 3.57879245350232, 'ign_k': 0.0467351899956275, 'ign_c': 0.773448215664679, 'trop_agb_crit': 21.380932890222198, 'trop_k_veg': 1.2749676887479542, 'fire_amp': 5.416595007374148}.
[I 2026-06-10 19:22:49,276] Trial 127 finished with values: [10.826916683990085, 10.826916683990085] and parameters: {'k1': 0.004467752817973905, 'D_low': 450.9719064153485, 'k2': 5.153993511603138e-05, 'D_high': 1537.592023548176, 'fire_exp': 1.5305744365500176, 'P_half': 45.55085098454082, 'pre_dampen_half': 0.02671457936585047, 'gpp_af': 96.4653310890222, 'gpp_b': 2.3386439256208704, 'gpp_d': 9.482548804624958, 'ign_k': 0.0018548376790967168, 'ign_c': 99.96359851911319, 'trop_agb_crit': 1.9475582306295418, 'trop_k_veg': 0.5667990147757791, 'fire_amp': 5.696789701683185}.
[I 2026-06-10 19:22:50,718] Trial 128 finished with values: [10.83333333328067, 10.83333333328067] and parameters: {'k1': 5.7909642338812115e-05, 'D_low': 1.4002277211577039, 'k2': 1.2390468928182031e-05, 'D_high': 1817.0401889219124, 'fire_exp': 8.795620627499954, 'P_half': 2.969335773129636, 'pre_dampen_half': 30.456909077772018, 'gpp_af': 0.41874665092828456, 'gpp_b': 0.004411400434514031, 'gpp_d': 1.0088237648985734, 'ign_k': 0.07886001704920406, 'ign_c': 280.6535913298296, 'trop_agb_crit': 1.8285200278523417, 'trop_k_veg': 4.0068236274914755, 'fire_amp': 5.44779717154213}.
[I 2026-06-10 19:22:52,070] Trial 129 finished with values: [10.823680212988277, 10.823680212988277] and parameters: {'k1': 1.1281785190969807e-05, 'D_low': 12.105387404469584, 'k2': 0.003767022142229395, 'D_high': 431.45617043093523, 'fire_exp': 1.4081947723562425, 'P_half': 4.213183643253957, 'pre_dampen_half': 0.02671457936585047, 'gpp_af': 1.9706963379095486, 'gpp_b': 1.4540386644083135e-05, 'gpp_d': 9.482548804624958, 'ign_k': 0.00840038491455979, 'ign_c': 48.704711413416454, 'trop_agb_crit': 2.0420012944047587, 'trop_k_veg': 0.6673124511410327, 'fire_amp': 1.4442077384959786}.
[I 2026-06-10 19:22:53,390] Trial 130 finished with values: [10.543631890224681, 10.543631890224681] and parameters: {'k1': 0.0001971137615017176, 'D_low': 50.32059347286801, 'k2': 0.0007731571570012607, 'D_high': 1817.0401889219124, 'fire_exp': 1.1633452995374232, 'P_half': 277.00025557434554, 'pre_dampen_half': 1.8469033699850426, 'gpp_af': 0.8057329182285734, 'gpp_b': 0.004411400434514031, 'gpp_d': 1.0088237648985734, 'ign_k': 0.13500744867919376, 'ign_c': 0.1611736893633666, 'trop_agb_crit': 3.1419938725278875, 'trop_k_veg': 0.7258074184598352, 'fire_amp': 5.44779717154213}.
[I 2026-06-10 19:22:54,790] Trial 131 finished with values: [10.538611998772382, 10.538611998772382] and parameters: {'k1': 0.00031134168041628584, 'D_low': 12.105387404469584, 'k2': 3.152468275632564e-05, 'D_high': 431.45617043093523, 'fire_exp': 1.14171776851287, 'P_half': 157.80309954142965, 'pre_dampen_half': 9.044346216330972, 'gpp_af': 0.09885838682552685, 'gpp_b': 1.4540386644083135e-05, 'gpp_d': 46.010874324515754, 'ign_k': 0.00840038491455979, 'ign_c': 0.10435856341129002, 'trop_agb_crit': 8.188098178380693, 'trop_k_veg': 0.6618107836658104, 'fire_amp': 2.6192385880432525}.
[I 2026-06-10 19:22:56,145] Trial 132 finished with values: [10.920278615851432, 10.920278615851432] and parameters: {'k1': 5.7909642338812115e-05, 'D_low': 36.04182012888637, 'k2': 0.0014539199187561544, 'D_high': 3545.843846227985, 'fire_exp': 1.1633452995374232, 'P_half': 1.4551749476072258, 'pre_dampen_half': 189.36639872354493, 'gpp_af': 3.298293484806585, 'gpp_b': 0.03719354588132657, 'gpp_d': 525.1661172395181, 'ign_k': 0.057001421052469435, 'ign_c': 0.4177928311636542, 'trop_agb_crit': 1.8566494291193822, 'trop_k_veg': 5.453348988480011, 'fire_amp': 4.472176921013167}.
[I 2026-06-10 19:22:57,556] Trial 133 finished with values: [10.818593978197208, 10.818593978197208] and parameters: {'k1': 0.032270237615157994, 'D_low': 2388.8979300769865, 'k2': 0.0001016707987819611, 'D_high': 570.8731724249576, 'fire_exp': 2.3820146568432237, 'P_half': 70.91190338709636, 'pre_dampen_half': 8.259599205585761, 'gpp_af': 42.29037995744429, 'gpp_b': 0.00012118589392553798, 'gpp_d': 545.0253444559129, 'ign_k': 3.965503094323014, 'ign_c': 3.4321391362415827, 'trop_agb_crit': 5.588032458772675, 'trop_k_veg': 6.172643383211297, 'fire_amp': 1.032981306188127}.
[I 2026-06-10 19:22:58,880] Trial 134 finished with values: [10.651248152776473, 10.651248152776473] and parameters: {'k1': 0.006079905434073396, 'D_low': 12.105387404469584, 'k2': 0.003767022142229395, 'D_high': 42.242359735170886, 'fire_exp': 1.0601964743503993, 'P_half': 157.3644610977214, 'pre_dampen_half': 38.00678588560607, 'gpp_af': 1.9706963379095486, 'gpp_b': 0.00047819318414852577, 'gpp_d': 594.7389794988394, 'ign_k': 0.8945150807271531, 'ign_c': 16.497426799845446, 'trop_agb_crit': 1.0693376406863295, 'trop_k_veg': 1.6003641872536711, 'fire_amp': 1.5587346124822492}.
[I 2026-06-10 19:23:00,226] Trial 135 finished with values: [10.704374805311515, 10.704374805311515] and parameters: {'k1': 0.012840669372724958, 'D_low': 12.105387404469584, 'k2': 0.0004976087827261435, 'D_high': 431.45617043093523, 'fire_exp': 1.2918065501148304, 'P_half': 4.213183643253957, 'pre_dampen_half': 0.011396414164620812, 'gpp_af': 0.2204465010099918, 'gpp_b': 2.176805640408474e-05, 'gpp_d': 0.39400557434451433, 'ign_k': 0.00840038491455979, 'ign_c': 39.52220881906114, 'trop_agb_crit': 1.0693376406863295, 'trop_k_veg': 0.6673124511410327, 'fire_amp': 5.606809127618709}.
[I 2026-06-10 19:23:01,553] Trial 136 finished with values: [10.82316455342812, 10.82316455342812] and parameters: {'k1': 0.00026539376439360527, 'D_low': 1074.940539517341, 'k2': 1.1417577140741129e-05, 'D_high': 949.9072859745386, 'fire_exp': 1.14171776851287, 'P_half': 2068.53034640896, 'pre_dampen_half': 0.015312220469853682, 'gpp_af': 3.298293484806585, 'gpp_b': 0.0012749409641020352, 'gpp_d': 0.03848886303127135, 'ign_k': 0.09256855841989636, 'ign_c': 7.832259769732471, 'trop_agb_crit': 8.188098178380693, 'trop_k_veg': 1.6648666152166967, 'fire_amp': 2.042193818779288}.
[I 2026-06-10 19:23:02,893] Trial 137 finished with values: [10.815512828501948, 10.815512828501948] and parameters: {'k1': 0.00023134781612225627, 'D_low': 1.2768174677433957, 'k2': 1.1049703024154134e-05, 'D_high': 42210.21267871043, 'fire_exp': 1.2918065501148304, 'P_half': 18.93453091519153, 'pre_dampen_half': 562.7426550259207, 'gpp_af': 0.2204465010099918, 'gpp_b': 0.0003601974223479835, 'gpp_d': 0.03927259340973166, 'ign_k': 0.22970993031159073, 'ign_c': 39.52220881906114, 'trop_agb_crit': 8.354945434478699, 'trop_k_veg': 2.520089655463604, 'fire_amp': 1.8357623383234334}.
[I 2026-06-10 19:23:04,343] Trial 138 finished with values: [10.74648563824557, 10.74648563824557] and parameters: {'k1': 0.016973078532467004, 'D_low': 1.605843632310088, 'k2': 2.316457903103837e-05, 'D_high': 2427.054417940131, 'fire_exp': 1.233919071594971, 'P_half': 8.318314747941244, 'pre_dampen_half': 1.6130673726933187, 'gpp_af': 27.448645214004376, 'gpp_b': 1.1008110571039521e-05, 'gpp_d': 14.427333163005196, 'ign_k': 0.0037322156377670697, 'ign_c': 111.18405953132105, 'trop_agb_crit': 1.5033346993841157, 'trop_k_veg': 0.6618107836658104, 'fire_amp': 1.1626468420952578}.
[I 2026-06-10 19:23:05,722] Trial 139 finished with values: [10.632729077731177, 10.632729077731177] and parameters: {'k1': 5.7909642338812115e-05, 'D_low': 1216.4139351417061, 'k2': 1.1049703024154134e-05, 'D_high': 30.357607606785333, 'fire_exp': 1.305777134899723, 'P_half': 18.93453091519153, 'pre_dampen_half': 562.7426550259207, 'gpp_af': 56.62858823465573, 'gpp_b': 0.027582100003239053, 'gpp_d': 14.427333163005196, 'ign_k': 0.06219881174029358, 'ign_c': 0.4177928311636542, 'trop_agb_crit': 3.058280993112277, 'trop_k_veg': 3.226732148133099, 'fire_amp': 1.147839669817869}.
[I 2026-06-10 19:23:06,982] Trial 140 finished with values: [10.740996060238016, 10.740996060238016] and parameters: {'k1': 5.178197947282869e-05, 'D_low': 408.3047491580097, 'k2': 8.968733598183248e-05, 'D_high': 24.9899605789089, 'fire_exp': 1.233919071594971, 'P_half': 9.580682294110435, 'pre_dampen_half': 189.88136301569827, 'gpp_af': 56.62858823465573, 'gpp_b': 0.027582100003239053, 'gpp_d': 14.427333163005196, 'ign_k': 0.00660597889201953, 'ign_c': 1.4879588507789996, 'trop_agb_crit': 21.086120736447015, 'trop_k_veg': 0.5183533149347164, 'fire_amp': 1.1655705619308396}.
[I 2026-06-10 19:23:08,223] Trial 141 finished with values: [-0.2830158928166118, 0.9653846654051832] and parameters: {'k1': 0.00026539376439360527, 'D_low': 2186.356344942016, 'k2': 1.1417577140741129e-05, 'D_high': 1266.9536563782303, 'fire_exp': 1.111738490499784, 'P_half': 12.262543158860007, 'pre_dampen_half': 189.36639872354493, 'gpp_af': 3.030008727251782, 'gpp_b': 5.0875243087016374e-05, 'gpp_d': 7.631016235941559, 'ign_k': 0.09256855841989636, 'ign_c': 7.832259769732471, 'trop_agb_crit': 1.8023542850487386, 'trop_k_veg': 1.6648666152166967, 'fire_amp': 2.042193818779288}.
[I 2026-06-10 19:23:09,493] Trial 142 finished with values: [10.327580459946365, 10.327580459946365] and parameters: {'k1': 5.7909642338812115e-05, 'D_low': 13.012518385211498, 'k2': 0.0007731571570012607, 'D_high': 1817.0401889219124, 'fire_exp': 1.111738490499784, 'P_half': 774.5825831079144, 'pre_dampen_half': 189.36639872354493, 'gpp_af': 3.298293484806585, 'gpp_b': 0.002416023630607169, 'gpp_d': 1.0088237648985734, 'ign_k': 0.09256855841989636, 'ign_c': 2.2882309479728957, 'trop_agb_crit': 8.462233625364036, 'trop_k_veg': 5.453348988480011, 'fire_amp': 5.44779717154213}.
[I 2026-06-10 19:23:10,820] Trial 143 finished with values: [10.816132888989912, 10.816132888989912] and parameters: {'k1': 0.0071350717305711155, 'D_low': 3809.1436474916286, 'k2': 5.153993511603138e-05, 'D_high': 241.42596390104578, 'fire_exp': 1.2798881300289222, 'P_half': 45.55085098454082, 'pre_dampen_half': 8.259599205585761, 'gpp_af': 96.4653310890222, 'gpp_b': 0.0004125336560355494, 'gpp_d': 0.7698760608299932, 'ign_k': 0.004105873950290761, 'ign_c': 99.96359851911319, 'trop_agb_crit': 2.0420012944047587, 'trop_k_veg': 1.2396985988794134, 'fire_amp': 1.032981306188127}.
[I 2026-06-10 19:23:12,206] Trial 144 finished with values: [10.70018613319263, 10.70018613319263] and parameters: {'k1': 0.00023134781612225627, 'D_low': 50.32059347286801, 'k2': 0.0001280886335404798, 'D_high': 32311.521854410956, 'fire_exp': 1.6901885781909627, 'P_half': 5.4712187293420325, 'pre_dampen_half': 42.05657072871069, 'gpp_af': 20.12115544906385, 'gpp_b': 1.1008110571039521e-05, 'gpp_d': 0.1619054449471649, 'ign_k': 0.002357279455676982, 'ign_c': 0.773448215664679, 'trop_agb_crit': 1.2489332852689512, 'trop_k_veg': 0.5535297685306277, 'fire_amp': 1.5719333351012774}.
[I 2026-06-10 19:23:13,596] Trial 145 finished with values: [10.736402319824297, 10.736402319824297] and parameters: {'k1': 0.00035868164986275477, 'D_low': 1739.6167422846984, 'k2': 0.00018245734513362482, 'D_high': 44974.07193749848, 'fire_exp': 1.9095652801045373, 'P_half': 148.17820606039086, 'pre_dampen_half': 0.050654860639753524, 'gpp_af': 10.25616274847308, 'gpp_b': 0.0172563028569556, 'gpp_d': 89.87022400646487, 'ign_k': 1.2273800987852967, 'ign_c': 1.488823059798356, 'trop_agb_crit': 3.5874145253515306, 'trop_k_veg': 3.226732148133099, 'fire_amp': 2.818314238665462}.
[I 2026-06-10 19:23:14,946] Trial 146 finished with values: [10.797321341991333, 10.797321341991333] and parameters: {'k1': 0.00031134168041628584, 'D_low': 1216.4139351417061, 'k2': 0.003767022142229395, 'D_high': 431.45617043093523, 'fire_exp': 1.0601964743503993, 'P_half': 4.213183643253957, 'pre_dampen_half': 0.3924302839842014, 'gpp_af': 1.9706963379095486, 'gpp_b': 2.4063018320720924e-05, 'gpp_d': 0.3588488911386258, 'ign_k': 0.01998634077852888, 'ign_c': 0.4177928311636542, 'trop_agb_crit': 8.74479618932312, 'trop_k_veg': 0.6673124511410327, 'fire_amp': 2.330529660087218}.
[I 2026-06-10 19:23:16,209] Trial 147 finished with values: [10.025725984693572, 10.025725984693572] and parameters: {'k1': 0.03820259936390116, 'D_low': 2267.735223551285, 'k2': 0.02065142557895925, 'D_high': 48235.58283024493, 'fire_exp': 1.233919071594971, 'P_half': 18.93453091519153, 'pre_dampen_half': 9.044346216330972, 'gpp_af': 56.62858823465573, 'gpp_b': 2.800940363375676e-05, 'gpp_d': 14.427333163005196, 'ign_k': 0.06219881174029358, 'ign_c': 1.488823059798356, 'trop_agb_crit': 1.0189592979395135, 'trop_k_veg': 4.796046723963646, 'fire_amp': 2.6192385880432525}.
