[I 2026-08-20 00:34:36,878] Trial 944 finished with value: 0.6129787457303915 and parameters: {'k1': 0.0002214990512558297, 'D_low': 1.2854677221444542, 'k2': 0.0034443296382344834, 'D_high': 2660.4593861228814, 'fire_exp': 2.575366022457973, 'P_half': 2.0419610630793037, 'pre_dampen_half': 37.22201863587889, 'gpp_af': 3.580665301198299, 'gpp_b': 0.07564157127660529, 'gpp_d': 162.16212434330973, 'ign_k': 0.08115840744465293, 'ign_c': 6.043241185637036, 'trop_agb_crit': 1.113984811045591, 'trop_k_veg': 4.434856700792554}. Best is trial 0 with value: -0.5989088506199346.
[I 2026-08-20 00:34:38,257] Trial 945 finished with value: 0.4570253409593755 and parameters: {'k1': 0.00657895577485663, 'D_low': 42.50666811116147, 'k2': 0.00010020405813208388, 'D_high': 3329903.473949091, 'fire_exp': 3.405954990987264, 'P_half': 2.585914242816584, 'pre_dampen_half': 0.8011953159801879, 'gpp_af': 10.391822122775261, 'gpp_b': 0.04036533754305984, 'gpp_d': 408.99171227560197, 'ign_k': 1.3691994090875463, 'ign_c': 7.653888580035035, 'trop_agb_crit': 6.887834768212057, 'trop_k_veg': 1.7956836794945246}. Best is trial 0 with value: -0.5989088506199346.
[I 2026-08-20 00:34:39,656] Trial 946 finished with value: 0.5093611747826484 and parameters: {'k1': 0.0006305807927209562, 'D_low': 4.509311154952288, 'k2': 0.00010277674593868152, 'D_high': 388547.03879043, 'fire_exp': 3.6166931534894733, 'P_half': 32.41160818063862, 'pre_dampen_half': 0.5167221518610655, 'gpp_af': 0.0016331928405272033, 'gpp_b': 2.0751114458881766e-05, 'gpp_d': 399.67475471668945, 'ign_k': 3.0824892803098045, 'ign_c': 7.278325165755691, 'trop_agb_crit': 5.103009948204353, 'trop_k_veg': 2.296769184022339}. Best is trial 0 with value: -0.5989088506199346.
[I 2026-08-20 00:34:41,065] Trial 947 finished with value: 0.6046295352495328 and parameters: {'k1': 0.0008772045220369394, 'D_low': 9958.563771573974, 'k2': 0.006174256657279405, 'D_high': 486655.68413313833, 'fire_exp': 2.9407253063726575, 'P_half': 3.3471814944640714, 'pre_dampen_half': 1.5360691914171771, 'gpp_af': 0.010720230066697199, 'gpp_b': 0.09187470049492406, 'gpp_d': 34.84805917255791, 'ign_k': 0.1773987582480234, 'ign_c': 0.1518479923609007, 'trop_agb_crit': 4.213378133725157, 'trop_k_veg': 3.0835296382701567}. Best is trial 0 with value: -0.5989088506199346.
[I 2026-08-20 00:34:42,685] Trial 948 finished with value: 0.6445374145881376 and parameters: {'k1': 0.00011628903965764541, 'D_low': 975569.4840542104, 'k2': 1.8542462062527684e-05, 'D_high': 4110.095756381032, 'fire_exp': 4.465046811507993, 'P_half': 8742.22230283251, 'pre_dampen_half': 2.812941550953271, 'gpp_af': 0.10959775955205488, 'gpp_b': 5.74328935987525, 'gpp_d': 53.32499114695099, 'ign_k': 0.08243689097898217, 'ign_c': 434.75538829365246, 'trop_agb_crit': 1.0913952949192458, 'trop_k_veg': 1.9507420667374447}. Best is trial 0 with value: -0.5989088506199346.
[I 2026-08-20 00:34:44,692] Trial 949 finished with value: 0.6445374145881376 and parameters: {'k1': 0.0039046233012628388, 'D_low': 1.1426730645959802, 'k2': 0.0009225742874546713, 'D_high': 211.38317577101955, 'fire_exp': 7.282551626787027, 'P_half': 254.9933359046793, 'pre_dampen_half': 61.75162257456993, 'gpp_af': 4.589422195752051, 'gpp_b': 0.6351939462093978, 'gpp_d': 21.382507191782786, 'ign_k': 0.3626622072193084, 'ign_c': 718.906604597004, 'trop_agb_crit': 2.6797826872893387, 'trop_k_veg': 1.1424995074346902}. Best is trial 0 with value: -0.5989088506199346.
[I 2026-08-20 00:34:46,206] Trial 950 finished with value: 0.5168775350816449 and parameters: {'k1': 0.00016703185065644266, 'D_low': 5342.94931213386, 'k2': 0.039381972965797624, 'D_high': 204904.76862174697, 'fire_exp': 2.047631789687387, 'P_half': 2.774011696868375, 'pre_dampen_half': 44.65449161581631, 'gpp_af': 0.8135293729794223, 'gpp_b': 0.00792118318376968, 'gpp_d': 180.3209901124499, 'ign_k': 0.008669174106356403, 'ign_c': 0.2510716501864671, 'trop_agb_crit': 23.750842299866274, 'trop_k_veg': 3.5520795227003275}. Best is trial 0 with value: -0.5989088506199346.
[I 2026-08-20 00:34:48,066] Trial 951 finished with value: 0.640790469082802 and parameters: {'k1': 0.028696031969012277, 'D_low': 1.296623498018561, 'k2': 0.008609874715423469, 'D_high': 1030.4716528291694, 'fire_exp': 2.7594634483562164, 'P_half': 4303.600360149773, 'pre_dampen_half': 0.011230007176160546, 'gpp_af': 0.002961803351494426, 'gpp_b': 0.00020421956494727465, 'gpp_d': 633.6342294197142, 'ign_k': 0.0020028286896824135, 'ign_c': 0.18315159498487565, 'trop_agb_crit': 7.793117852780523, 'trop_k_veg': 0.9381501461543785}. Best is trial 0 with value: -0.5989088506199346.
[I 2026-08-20 00:34:49,522] Trial 952 finished with value: 0.5441627021645107 and parameters: {'k1': 3.132603489638033e-05, 'D_low': 3.2707185129523864, 'k2': 2.5645000596901634e-05, 'D_high': 915946.9216299274, 'fire_exp': 1.8184164930638966, 'P_half': 535.2055852411625, 'pre_dampen_half': 28.310048992854814, 'gpp_af': 1.6828540511495929, 'gpp_b': 0.00010002168666882992, 'gpp_d': 17.8735749065284, 'ign_k': 0.10147701922742396, 'ign_c': 17.797327062315578, 'trop_agb_crit': 3.335105031378337, 'trop_k_veg': 2.5329654151918595}. Best is trial 0 with value: -0.5989088506199346.
[I 2026-08-20 00:34:50,867] Trial 953 finished with value: 0.5854708429496104 and parameters: {'k1': 1.9878606173152003e-05, 'D_low': 1.2826717882542453, 'k2': 1.4358414306214985e-05, 'D_high': 60997.194233192975, 'fire_exp': 3.1469511455076233, 'P_half': 811.4378150871306, 'pre_dampen_half': 1.6173485005912829, 'gpp_af': 0.265097279460156, 'gpp_b': 0.0013154908879090348, 'gpp_d': 36.297230481882465, 'ign_k': 0.04443064581702577, 'ign_c': 9.649295620347365, 'trop_agb_crit': 7.708552131485805, 'trop_k_veg': 5.035220942771793}. Best is trial 0 with value: -0.5989088506199346.
[I 2026-08-20 00:34:52,515] Trial 954 finished with value: 0.6445374145881376 and parameters: {'k1': 0.004830553395880094, 'D_low': 4567.810437088986, 'k2': 0.0016890411426929944, 'D_high': 56.286085209013585, 'fire_exp': 1.432053723739525, 'P_half': 1.2105391464027402, 'pre_dampen_half': 0.08562962655070135, 'gpp_af': 25.004992052230314, 'gpp_b': 0.0005444829161586872, 'gpp_d': 206.31481431489314, 'ign_k': 0.4611800054803974, 'ign_c': 621.4450923813396, 'trop_agb_crit': 21.83004650492654, 'trop_k_veg': 1.3356752027296823}. Best is trial 0 with value: -0.5989088506199346.
[I 2026-08-20 00:34:53,952] Trial 955 finished with value: 0.6311053910765826 and parameters: {'k1': 3.119340056159654e-05, 'D_low': 2109.843969475149, 'k2': 0.00477827133550947, 'D_high': 21536.823800215687, 'fire_exp': 1.840181540049253, 'P_half': 2572.7658950222713, 'pre_dampen_half': 2.958676395048913, 'gpp_af': 0.2773373295140598, 'gpp_b': 0.00036353634895126044, 'gpp_d': 0.012689592114530628, 'ign_k': 0.0031202929187634045, 'ign_c': 106.41252735581088, 'trop_agb_crit': 6.901528053795978, 'trop_k_veg': 1.0397257311363688}. Best is trial 0 with value: -0.5989088506199346.
[I 2026-08-20 00:34:55,446] Trial 956 finished with value: 0.6445374145881376 and parameters: {'k1': 9.629481237066501e-05, 'D_low': 48523.40192458687, 'k2': 0.06191110077153746, 'D_high': 161.3894303334125, 'fire_exp': 3.7772023980947744, 'P_half': 52.347199813222076, 'pre_dampen_half': 2.171073865171359, 'gpp_af': 0.004008060671144178, 'gpp_b': 0.19347871938444858, 'gpp_d': 0.020349559898812257, 'ign_k': 0.013076376560090577, 'ign_c': 28.7655906078163, 'trop_agb_crit': 14.141492056148838, 'trop_k_veg': 7.727899572739881}. Best is trial 0 with value: -0.5989088506199346.
[I 2026-08-20 00:34:56,802] Trial 957 finished with value: 0.5736191574106784 and parameters: {'k1': 1.1940784766438554e-05, 'D_low': 33617.790412711554, 'k2': 0.0005453319701845446, 'D_high': 61841.11637850069, 'fire_exp': 1.0070802280437356, 'P_half': 3.5281088135817744, 'pre_dampen_half': 7.245735261165405, 'gpp_af': 0.008034704224847119, 'gpp_b': 0.006640375679018351, 'gpp_d': 0.5202969494870382, 'ign_k': 0.012860243995033967, 'ign_c': 6.886706012038617, 'trop_agb_crit': 1.2694149374122368, 'trop_k_veg': 6.026718508942485}. Best is trial 0 with value: -0.5989088506199346.
[I 2026-08-20 00:34:58,132] Trial 958 finished with value: 0.5662561073297642 and parameters: {'k1': 6.55991460644393e-05, 'D_low': 13.557250275972935, 'k2': 1.0010503897527773e-05, 'D_high': 2710768.1686498118, 'fire_exp': 3.4247041535352563, 'P_half': 13.801624603715583, 'pre_dampen_half': 36.92359507626563, 'gpp_af': 0.03771122310489222, 'gpp_b': 0.00024368308166387455, 'gpp_d': 723.5142424043279, 'ign_k': 0.016880114158238653, 'ign_c': 0.18382646899051383, 'trop_agb_crit': 22.513793682947593, 'trop_k_veg': 3.404601055379869}. Best is trial 0 with value: -0.5989088506199346.
[I 2026-08-20 00:34:59,589] Trial 959 finished with value: 0.5778572200797963 and parameters: {'k1': 0.00037254013303961744, 'D_low': 630.0678109108579, 'k2': 0.0001980277062422186, 'D_high': 22248.573215786637, 'fire_exp': 2.6373650270322635, 'P_half': 4.33220415662593, 'pre_dampen_half': 13.240455951941343, 'gpp_af': 0.01211861292158843, 'gpp_b': 0.008374244367706972, 'gpp_d': 45.01298136972883, 'ign_k': 1.7583540418444623, 'ign_c': 6.992832779301132, 'trop_agb_crit': 22.45722684855032, 'trop_k_veg': 0.7054180096235244}. Best is trial 0 with value: -0.5989088506199346.
[I 2026-08-20 00:35:00,982] Trial 960 finished with value: 0.47082957049032115 and parameters: {'k1': 0.00411635484922505, 'D_low': 22.914780352260227, 'k2': 0.00011589509393776095, 'D_high': 299178.4846349555, 'fire_exp': 2.4883020293434366, 'P_half': 88.83047320274618, 'pre_dampen_half': 1.6100422020065668, 'gpp_af': 0.0018844858638275917, 'gpp_b': 6.1332102368381e-05, 'gpp_d': 157.53505970144158, 'ign_k': 8.04299280329308, 'ign_c': 1.7926783360583451, 'trop_agb_crit': 3.075817669350291, 'trop_k_veg': 3.976830683562743}. Best is trial 0 with value: -0.5989088506199346.
[I 2026-08-20 00:35:02,339] Trial 961 finished with value: 0.5192280879316772 and parameters: {'k1': 0.0002866823142834791, 'D_low': 1321.49830473834, 'k2': 0.0049586306414120054, 'D_high': 8223690.89087497, 'fire_exp': 3.3819912772319025, 'P_half': 32.12765166251702, 'pre_dampen_half': 2.3803848193374555, 'gpp_af': 0.41010343906144076, 'gpp_b': 0.0014817710582219522, 'gpp_d': 6.645248200235612, 'ign_k': 0.09026506174923583, 'ign_c': 4.201397383047543, 'trop_agb_crit': 22.424958368517338, 'trop_k_veg': 4.08757863718706}. Best is trial 0 with value: -0.5989088506199346.
[I 2026-08-20 00:35:03,746] Trial 962 finished with value: -0.5601874764530449 and parameters: {'k1': 2.8241047899957346e-05, 'D_low': 15.240842904896759, 'k2': 4.2511275734273244e-05, 'D_high': 6518168.5392893115, 'fire_exp': 3.0351896361393096, 'P_half': 12.470813584484032, 'pre_dampen_half': 18.92347278351128, 'gpp_af': 0.9383124457236375, 'gpp_b': 0.0010103665802385568, 'gpp_d': 244.51596245566753, 'ign_k': 0.33848471111652406, 'ign_c': 2.1261195421284023, 'trop_agb_crit': 9.807764017762432, 'trop_k_veg': 2.351013006105131}. Best is trial 0 with value: -0.5989088506199346.
[I 2026-08-20 00:35:05,348] Trial 963 finished with value: 0.4258756373559086 and parameters: {'k1': 0.0002026888624912951, 'D_low': 125.97564312892877, 'k2': 7.350315895138945e-05, 'D_high': 3733049.3889178773, 'fire_exp': 1.8060404487347024, 'P_half': 314.40574440411405, 'pre_dampen_half': 319.74614450874464, 'gpp_af': 0.8416964229244559, 'gpp_b': 1.7490588009601524e-05, 'gpp_d': 576.098415422765, 'ign_k': 0.15228132550965973, 'ign_c': 13.623032030126142, 'trop_agb_crit': 28.230040308261543, 'trop_k_veg': 3.1980512093113385}. Best is trial 0 with value: -0.5989088506199346.
[I 2026-08-20 00:35:06,801] Trial 964 finished with value: 0.5034486123001504 and parameters: {'k1': 3.435638432440531e-05, 'D_low': 783.8074268288167, 'k2': 0.0001287452393262188, 'D_high': 801974.2032796282, 'fire_exp': 1.7162588133886678, 'P_half': 2.5385513979458145, 'pre_dampen_half': 3.0544107206974553, 'gpp_af': 0.08466811477453122, 'gpp_b': 0.003724645520629603, 'gpp_d': 0.19191070300446558, 'ign_k': 0.4811676052579078, 'ign_c': 11.129834624719857, 'trop_agb_crit': 3.053018552679563, 'trop_k_veg': 6.084054013177046}. Best is trial 0 with value: -0.5989088506199346.
[I 2026-08-20 00:35:08,382] Trial 965 finished with value: 0.551656369760722 and parameters: {'k1': 0.002250208347023447, 'D_low': 14.238508086573555, 'k2': 1.0819651066272657e-05, 'D_high': 8162668.025861149, 'fire_exp': 1.3354551686021947, 'P_half': 3.9400815340263446, 'pre_dampen_half': 1.2471458982184653, 'gpp_af': 0.2942611868079317, 'gpp_b': 0.005023765927592926, 'gpp_d': 0.04146754478165805, 'ign_k': 3.3442902568221, 'ign_c': 0.3934366364795526, 'trop_agb_crit': 8.989897497479074, 'trop_k_veg': 4.292255073316651}. Best is trial 0 with value: -0.5989088506199346.
[I 2026-08-20 00:35:09,802] Trial 966 finished with value: 0.6445374145881376 and parameters: {'k1': 6.0479341312388666e-05, 'D_low': 1.4396656782286965, 'k2': 0.00472138506292651, 'D_high': 6065.064659843705, 'fire_exp': 3.556242880365992, 'P_half': 9.717996661118004, 'pre_dampen_half': 2.0383232985666937, 'gpp_af': 6.2640481828395, 'gpp_b': 8.952096696023406e-05, 'gpp_d': 676.993336222622, 'ign_k': 0.6006513105173928, 'ign_c': 55.42834764058251, 'trop_agb_crit': 5.800167056854251, 'trop_k_veg': 2.757087855750533}. Best is trial 0 with value: -0.5989088506199346.
[I 2026-08-20 00:35:11,393] Trial 967 finished with value: 0.4254754645406553 and parameters: {'k1': 0.0013867280753755659, 'D_low': 2127.7017978308586, 'k2': 0.00011891979142476163, 'D_high': 6654147.18854994, 'fire_exp': 3.359818764067738, 'P_half': 19.67086558043085, 'pre_dampen_half': 227.6232905794463, 'gpp_af': 0.03269131012831689, 'gpp_b': 2.650214917350691e-05, 'gpp_d': 179.76726597740776, 'ign_k': 0.07999531517714295, 'ign_c': 1.6610519311466827, 'trop_agb_crit': 24.806117893330438, 'trop_k_veg': 4.372726293278295}. Best is trial 0 with value: -0.5989088506199346.
[I 2026-08-20 00:35:12,845] Trial 968 finished with value: 0.6445374145881376 and parameters: {'k1': 0.001103310430999181, 'D_low': 3.1236143034063297, 'k2': 1.8481191462776495e-05, 'D_high': 1479828.9458628895, 'fire_exp': 6.289467333376573, 'P_half': 2.330037543748853, 'pre_dampen_half': 44.913628351430255, 'gpp_af': 0.3497703391482018, 'gpp_b': 1.193322176512659, 'gpp_d': 241.52923423431048, 'ign_k': 2.968427716481616, 'ign_c': 42.54949216635942, 'trop_agb_crit': 5.320521863530554, 'trop_k_veg': 1.3460177077840123}. Best is trial 0 with value: -0.5989088506199346.
[I 2026-08-20 00:35:14,600] Trial 969 finished with value: -0.5348163846759431 and parameters: {'k1': 0.047007655774202815, 'D_low': 535.288929614074, 'k2': 0.03321895242542013, 'D_high': 69829.8256805622, 'fire_exp': 7.513140435056908, 'P_half': 9.876457535858213, 'pre_dampen_half': 5.633702384243278, 'gpp_af': 0.0762384505324848, 'gpp_b': 2.4759014390974047e-05, 'gpp_d': 47.24657207849824, 'ign_k': 1.5407089557042055, 'ign_c': 1.3838863202613123, 'trop_agb_crit': 6.585165969964844, 'trop_k_veg': 5.1399620480839205}. Best is trial 0 with value: -0.5989088506199346.
[I 2026-08-20 00:35:16,549] Trial 970 finished with value: 0.4777099151405404 and parameters: {'k1': 0.015174140280392467, 'D_low': 1.5573667128990696, 'k2': 0.0003854776988068329, 'D_high': 685362.2268749339, 'fire_exp': 2.5741926046703685, 'P_half': 188.2846874563479, 'pre_dampen_half': 1.2461748025058648, 'gpp_af': 29.566117525322973, 'gpp_b': 0.000357116892164772, 'gpp_d': 553.7105674989938, 'ign_k': 0.587300559812616, 'ign_c': 0.12872869179934016, 'trop_agb_crit': 7.888880144544558, 'trop_k_veg': 2.2151705463938205}. Best is trial 0 with value: -0.5989088506199346.
[I 2026-08-20 00:35:18,148] Trial 971 finished with value: 0.6445374145881376 and parameters: {'k1': 0.00024185786300059855, 'D_low': 24.549546294598166, 'k2': 0.00017359431248370924, 'D_high': 186.43313411414314, 'fire_exp': 7.522191328305883, 'P_half': 522.1442871022982, 'pre_dampen_half': 169.62931121791232, 'gpp_af': 0.6289502768412777, 'gpp_b': 0.0041114467816692766, 'gpp_d': 4.665982869274392, 'ign_k': 0.0011921300924802596, 'ign_c': 14.732544137006764, 'trop_agb_crit': 1.337011382691388, 'trop_k_veg': 2.716854272397469}. Best is trial 0 with value: -0.5989088506199346.
[I 2026-08-20 00:35:19,570] Trial 972 finished with value: -0.5500262160041706 and parameters: {'k1': 0.04325108085906383, 'D_low': 8.99079090621772, 'k2': 0.0006930028101049172, 'D_high': 633760.9108431075, 'fire_exp': 2.769902237577253, 'P_half': 7.568393877582229, 'pre_dampen_half': 23.577677373596455, 'gpp_af': 0.7026151471427753, 'gpp_b': 0.0016347378998557488, 'gpp_d': 508.7004200405916, 'ign_k': 0.039941324819678596, 'ign_c': 1.8269454180622722, 'trop_agb_crit': 10.655568817480559, 'trop_k_veg': 3.0089439067465635}. Best is trial 0 with value: -0.5989088506199346.
[I 2026-08-20 00:35:21,083] Trial 973 finished with value: 0.5400027522365165 and parameters: {'k1': 2.990830958866776e-05, 'D_low': 2.456568796571221, 'k2': 0.00012900759943960559, 'D_high': 232570.64629019322, 'fire_exp': 1.5891472751455438, 'P_half': 2.693879933587631, 'pre_dampen_half': 0.8057455731348855, 'gpp_af': 0.3133793990665998, 'gpp_b': 1.0123952394292402e-05, 'gpp_d': 0.031869747358224676, 'ign_k': 0.5865179827570403, 'ign_c': 2.8179491421750025, 'trop_agb_crit': 2.0899109087254133, 'trop_k_veg': 1.9431588858670032}. Best is trial 0 with value: -0.5989088506199346.
[I 2026-08-20 00:35:22,743] Trial 974 finished with value: 0.5734429939095607 and parameters: {'k1': 0.001332086894426587, 'D_low': 7134.349427149102, 'k2': 4.6106904587071524e-05, 'D_high': 9191132.121094843, 'fire_exp': 1.9848787433914428, 'P_half': 1700.128812683605, 'pre_dampen_half': 2.060240629981204, 'gpp_af': 0.007701051219456676, 'gpp_b': 1.6908680252309507e-05, 'gpp_d': 141.4270592013785, 'ign_k': 0.3585008414783836, 'ign_c': 1.6703673769106249, 'trop_agb_crit': 20.34584535854013, 'trop_k_veg': 4.202827298761525}. Best is trial 0 with value: -0.5989088506199346.
[I 2026-08-20 00:35:24,317] Trial 975 finished with value: 0.6378857695731046 and parameters: {'k1': 0.0009987266158635877, 'D_low': 74.3054580860223, 'k2': 0.00011913920009409617, 'D_high': 2092.562854446444, 'fire_exp': 2.3722354793681064, 'P_half': 8.422413271930917, 'pre_dampen_half': 0.2820495997187416, 'gpp_af': 2.0853806586061165, 'gpp_b': 0.006600290362560028, 'gpp_d': 0.09694387937463599, 'ign_k': 0.00554788321958172, 'ign_c': 0.12632941115749874, 'trop_agb_crit': 2.5219911962325496, 'trop_k_veg': 0.5212459864004748}. Best is trial 0 with value: -0.5989088506199346.
[I 2026-08-20 00:35:25,724] Trial 976 finished with value: 0.4774297193543898 and parameters: {'k1': 0.0006804517266677505, 'D_low': 4140.20745110202, 'k2': 0.001495901346003101, 'D_high': 845571.2549220115, 'fire_exp': 1.742272551387746, 'P_half': 6.875035135448946, 'pre_dampen_half': 10.909619065569464, 'gpp_af': 0.04467171980786764, 'gpp_b': 0.0041516380211566225, 'gpp_d': 13.298321688544831, 'ign_k': 0.04115047953639836, 'ign_c': 0.4037948641432525, 'trop_agb_crit': 8.703982096996628, 'trop_k_veg': 5.069093752706595}. Best is trial 0 with value: -0.5989088506199346.
[I 2026-08-20 00:35:27,259] Trial 977 finished with value: -0.5529766133876104 and parameters: {'k1': 0.009628755156657395, 'D_low': 175.3690783624715, 'k2': 0.001788426716556573, 'D_high': 51694.65249989441, 'fire_exp': 2.366284827898771, 'P_half': 12.881142054500538, 'pre_dampen_half': 3.004726147671278, 'gpp_af': 0.5021348869505878, 'gpp_b': 0.00501913538323036, 'gpp_d': 923.3177507839421, 'ign_k': 0.5644856145174507, 'ign_c': 1.3920829159072718, 'trop_agb_crit': 10.757603779378163, 'trop_k_veg': 2.521743276528271}. Best is trial 0 with value: -0.5989088506199346.
[I 2026-08-20 00:35:29,056] Trial 978 finished with value: 0.6445374145881376 and parameters: {'k1': 9.837804744070636e-05, 'D_low': 3854.1062094746903, 'k2': 0.0011283728900208787, 'D_high': 60779.904040115885, 'fire_exp': 1.0673819887563671, 'P_half': 319.22236731048406, 'pre_dampen_half': 1.067278274327187, 'gpp_af': 0.051672371807915646, 'gpp_b': 0.0012182841211197937, 'gpp_d': 14.932464498463963, 'ign_k': 9.862535002541776, 'ign_c': 143.50694851762165, 'trop_agb_crit': 17.56645772342152, 'trop_k_veg': 4.505915306730467}. Best is trial 0 with value: -0.5989088506199346.
[I 2026-08-20 00:35:30,433] Trial 979 finished with value: 0.6445374145881376 and parameters: {'k1': 0.007408179189079215, 'D_low': 4.774618478593577, 'k2': 0.00016624894611865347, 'D_high': 21296.578851536437, 'fire_exp': 6.146851393790587, 'P_half': 8.246854830576925, 'pre_dampen_half': 0.27078098408747886, 'gpp_af': 9.122091935032445, 'gpp_b': 0.014037668313055513, 'gpp_d': 444.32651375175175, 'ign_k': 7.490261450188337, 'ign_c': 189.51009288138042, 'trop_agb_crit': 3.6188529191082295, 'trop_k_veg': 1.757357929299355}. Best is trial 0 with value: -0.5989088506199346.
[I 2026-08-20 00:35:31,875] Trial 980 finished with value: 0.5852786565687529 and parameters: {'k1': 0.021161637775154427, 'D_low': 4.07616841199048, 'k2': 3.427024539288407e-05, 'D_high': 1290.603050505747, 'fire_exp': 2.0118624401562584, 'P_half': 95.51556973210141, 'pre_dampen_half': 0.3221108351788374, 'gpp_af': 0.22585336664897843, 'gpp_b': 1.4992714340383376e-05, 'gpp_d': 2.0571552595827027, 'ign_k': 0.06618010596851034, 'ign_c': 9.127260355650048, 'trop_agb_crit': 12.74592992420544, 'trop_k_veg': 6.847945708917488}. Best is trial 0 with value: -0.5989088506199346.
[I 2026-08-20 00:35:33,548] Trial 981 finished with value: 0.6445374145881376 and parameters: {'k1': 0.07678398364991473, 'D_low': 3239.694377002969, 'k2': 0.002631237920101193, 'D_high': 3475544.936782706, 'fire_exp': 1.8088277741528291, 'P_half': 452.479775532839, 'pre_dampen_half': 17.75882238248043, 'gpp_af': 21.009065117560375, 'gpp_b': 0.0013357788724086366, 'gpp_d': 316.63830584681057, 'ign_k': 1.2282126387478107, 'ign_c': 55.86811451126629, 'trop_agb_crit': 14.426281152858891, 'trop_k_veg': 3.0473258208458827}. Best is trial 0 with value: -0.5989088506199346.
