[I 2026-06-10 17:44:15,364] Trial 888 finished with values: [-0.4459545057691166, 0.22528307597019992] and parameters: {'k1': 0.012840669372724958, 'D_low': 43.2326421037033, 'k2': 2.091507303847255e-05, 'D_high': 42210.21267871043, 'fire_exp': 1.14171776851287, 'P_half': 118.94665366442581, 'pre_dampen_half': 9.044346216330972, 'gpp_af': 0.8057329182285734, 'gpp_b': 0.0004125336560355494, 'gpp_d': 12.151631524283598, 'ign_k': 0.4303356629825978, 'ign_c': 0.10435856341129002, 'trop_agb_crit': 3.1419938725278875, 'trop_k_veg': 4.796046723963646, 'fire_amp': 1.1202509284327942}.
[I 2026-06-10 17:44:16,897] Trial 889 finished with values: [10.383324847879813, 10.383324847879813] and parameters: {'k1': 0.0326979063339169, 'D_low': 1739.6167422846984, 'k2': 0.02939607009739149, 'D_high': 44974.07193749848, 'fire_exp': 1.4690410989404576, 'P_half': 101.40635645866499, 'pre_dampen_half': 903.3231300044874, 'gpp_af': 1.1739995320396222, 'gpp_b': 0.00012118589392553798, 'gpp_d': 545.0253444559129, 'ign_k': 3.965503094323014, 'ign_c': 0.10435856341129002, 'trop_agb_crit': 2.1989086830950257, 'trop_k_veg': 2.724170387400844, 'fire_amp': 1.1268480791003903}.
[I 2026-06-10 17:44:18,379] Trial 890 finished with values: [10.699545483942464, 10.699545483942464] and parameters: {'k1': 0.006079905434073396, 'D_low': 43.2326421037033, 'k2': 0.0001016707987819611, 'D_high': 2427.054417940131, 'fire_exp': 1.5191397119156032, 'P_half': 101.40635645866499, 'pre_dampen_half': 8.259599205585761, 'gpp_af': 0.10098504976210308, 'gpp_b': 1.1008110571039521e-05, 'gpp_d': 545.0253444559129, 'ign_k': 0.004105873950290761, 'ign_c': 22.126836566118193, 'trop_agb_crit': 3.5874145253515306, 'trop_k_veg': 0.6618107836658104, 'fire_amp': 1.5719333351012774}.
[I 2026-06-10 17:44:19,718] Trial 891 finished with values: [20.889566473028964, 20.889566473028964] and parameters: {'k1': 0.0326979063339169, 'D_low': 43.2326421037033, 'k2': 0.0011847646505012493, 'D_high': 18108.14362107968, 'fire_exp': 1.4690410989404576, 'P_half': 3.591771421517613, 'pre_dampen_half': 269.0845367054866, 'gpp_af': 0.8057329182285734, 'gpp_b': 1.1008110571039521e-05, 'gpp_d': 545.0253444559129, 'ign_k': 0.004105873950290761, 'ign_c': 7.081721844034206, 'trop_agb_crit': 3.1419938725278875, 'trop_k_veg': 2.724170387400844, 'fire_amp': 5.44779717154213}.
[I 2026-06-10 17:44:21,045] Trial 892 finished with values: [10.847828404241097, 10.847828404241097] and parameters: {'k1': 0.00026539376439360527, 'D_low': 24.28756508761176, 'k2': 0.045914852167405346, 'D_high': 39.872732880952434, 'fire_exp': 1.069663761954776, 'P_half': 1.4551749476072258, 'pre_dampen_half': 1.8469033699850426, 'gpp_af': 27.448645214004376, 'gpp_b': 0.00012118589392553798, 'gpp_d': 37.19072637334467, 'ign_k': 0.0467351899956275, 'ign_c': 1.4091459170104739, 'trop_agb_crit': 8.188098178380693, 'trop_k_veg': 6.172643383211297, 'fire_amp': 1.5719333351012774}.
[I 2026-06-10 17:44:22,350] Trial 893 finished with values: [10.015179216704041, 10.015179216704041] and parameters: {'k1': 0.00890707429605718, 'D_low': 427.93836042014675, 'k2': 0.0001016707987819611, 'D_high': 262.11304189124235, 'fire_exp': 1.4690410989404576, 'P_half': 1.4551749476072258, 'pre_dampen_half': 3.640068899312672, 'gpp_af': 27.448645214004376, 'gpp_b': 0.00043225896016820903, 'gpp_d': 545.0253444559129, 'ign_k': 3.965503094323014, 'ign_c': 1.4091459170104739, 'trop_agb_crit': 2.1989086830950257, 'trop_k_veg': 4.61686111043599, 'fire_amp': 5.606809127618709}.
[I 2026-06-10 17:44:23,839] Trial 894 finished with values: [10.402562783027223, 10.402562783027223] and parameters: {'k1': 0.016973078532467004, 'D_low': 1.873653322520581, 'k2': 0.0001016707987819611, 'D_high': 5259.096221580009, 'fire_exp': 1.4690410989404576, 'P_half': 1.4551749476072258, 'pre_dampen_half': 8.259599205585761, 'gpp_af': 0.10098504976210308, 'gpp_b': 1.1008110571039521e-05, 'gpp_d': 545.0253444559129, 'ign_k': 0.004105873950290761, 'ign_c': 22.126836566118193, 'trop_agb_crit': 8.188098178380693, 'trop_k_veg': 2.724170387400844, 'fire_amp': 5.44779717154213}.
[I 2026-06-10 17:44:25,324] Trial 895 finished with values: [14.15998195628696, 14.15998195628696] and parameters: {'k1': 0.012840669372724958, 'D_low': 43.2326421037033, 'k2': 0.0001016707987819611, 'D_high': 2427.054417940131, 'fire_exp': 1.14171776851287, 'P_half': 157.80309954142965, 'pre_dampen_half': 28.01075698398644, 'gpp_af': 0.10098504976210308, 'gpp_b': 1.1008110571039521e-05, 'gpp_d': 12.338826503601998, 'ign_k': 3.965503094323014, 'ign_c': 0.10435856341129002, 'trop_agb_crit': 3.1419938725278875, 'trop_k_veg': 2.724170387400844, 'fire_amp': 5.44779717154213}.
[I 2026-06-10 17:44:26,772] Trial 896 finished with values: [10.892402177050124, 10.892402177050124] and parameters: {'k1': 0.0869690639641868, 'D_low': 12.105387404469584, 'k2': 0.045914852167405346, 'D_high': 44974.07193749848, 'fire_exp': 3.2459542834651627, 'P_half': 3.591771421517613, 'pre_dampen_half': 0.01615714055429207, 'gpp_af': 0.09885838682552685, 'gpp_b': 2.1309331861011757e-05, 'gpp_d': 7.631016235941559, 'ign_k': 1.6270983114897255, 'ign_c': 35.133466168692735, 'trop_agb_crit': 1.334283419016584, 'trop_k_veg': 0.6618107836658104, 'fire_amp': 4.19233232783727}.
[I 2026-06-10 17:44:28,100] Trial 897 finished with values: [10.30866166319836, 10.30866166319836] and parameters: {'k1': 0.0869690639641868, 'D_low': 1.873653322520581, 'k2': 0.02065142557895925, 'D_high': 42210.21267871043, 'fire_exp': 1.4690410989404576, 'P_half': 118.94665366442581, 'pre_dampen_half': 5.593036834117395, 'gpp_af': 0.3939208112794227, 'gpp_b': 2.800940363375676e-05, 'gpp_d': 545.0253444559129, 'ign_k': 0.4303356629825978, 'ign_c': 22.126836566118193, 'trop_agb_crit': 1.5033346993841157, 'trop_k_veg': 4.796046723963646, 'fire_amp': 1.3503088148200095}.
[I 2026-06-10 17:44:29,453] Trial 898 finished with values: [10.611387084837961, 10.611387084837961] and parameters: {'k1': 0.00026539376439360527, 'D_low': 24.28756508761176, 'k2': 0.0001016707987819611, 'D_high': 7333.200379637292, 'fire_exp': 1.4690410989404576, 'P_half': 1.4551749476072258, 'pre_dampen_half': 903.3231300044874, 'gpp_af': 27.448645214004376, 'gpp_b': 0.004411400434514031, 'gpp_d': 37.19072637334467, 'ign_k': 7.299424898595565, 'ign_c': 1.4091459170104739, 'trop_agb_crit': 2.1989086830950257, 'trop_k_veg': 2.724170387400844, 'fire_amp': 1.5719333351012774}.
[I 2026-06-10 17:44:30,934] Trial 899 finished with values: [10.82017821435834, 10.82017821435834] and parameters: {'k1': 0.006079905434073396, 'D_low': 43.2326421037033, 'k2': 0.0001016707987819611, 'D_high': 42210.21267871043, 'fire_exp': 1.9365919987098117, 'P_half': 118.94665366442581, 'pre_dampen_half': 903.3231300044874, 'gpp_af': 27.448645214004376, 'gpp_b': 2.800940363375676e-05, 'gpp_d': 12.338826503601998, 'ign_k': 3.965503094323014, 'ign_c': 1.4091459170104739, 'trop_agb_crit': 3.1419938725278875, 'trop_k_veg': 4.796046723963646, 'fire_amp': 1.1202509284327942}.
[I 2026-06-10 17:44:32,880] Trial 900 finished with values: [10.315929395197871, 10.315929395197871] and parameters: {'k1': 0.00031134168041628584, 'D_low': 1440.3650379563878, 'k2': 0.0001016707987819611, 'D_high': 262.11304189124235, 'fire_exp': 1.4572158037266703, 'P_half': 157.80309954142965, 'pre_dampen_half': 903.3231300044874, 'gpp_af': 27.448645214004376, 'gpp_b': 0.0002637687576667052, 'gpp_d': 236.32429088389833, 'ign_k': 0.0029519227433917453, 'ign_c': 13.054148118849394, 'trop_agb_crit': 2.1989086830950257, 'trop_k_veg': 6.172643383211297, 'fire_amp': 5.606809127618709}.
[I 2026-06-10 17:44:34,232] Trial 901 finished with values: [-0.25381633967083, 0.24275713883579297] and parameters: {'k1': 0.00031134168041628584, 'D_low': 427.93836042014675, 'k2': 3.152468275632564e-05, 'D_high': 262.11304189124235, 'fire_exp': 1.4690410989404576, 'P_half': 157.80309954142965, 'pre_dampen_half': 903.3231300044874, 'gpp_af': 0.0662749342026412, 'gpp_b': 0.00043225896016820903, 'gpp_d': 545.0253444559129, 'ign_k': 3.965503094323014, 'ign_c': 1.4091459170104739, 'trop_agb_crit': 8.188098178380693, 'trop_k_veg': 0.5535297685306277, 'fire_amp': 1.5719333351012774}.
[I 2026-06-10 17:44:35,551] Trial 902 finished with values: [10.68591026095612, 10.68591026095612] and parameters: {'k1': 0.016973078532467004, 'D_low': 43.2326421037033, 'k2': 0.0001016707987819611, 'D_high': 42210.21267871043, 'fire_exp': 1.5191397119156032, 'P_half': 1.9423940721007245, 'pre_dampen_half': 8.259599205585761, 'gpp_af': 27.448645214004376, 'gpp_b': 2.800940363375676e-05, 'gpp_d': 545.0253444559129, 'ign_k': 0.0467351899956275, 'ign_c': 1.4091459170104739, 'trop_agb_crit': 8.188098178380693, 'trop_k_veg': 2.724170387400844, 'fire_amp': 1.7362652332618447}.
[I 2026-06-10 17:44:36,918] Trial 903 finished with values: [10.83662510353367, 10.83662510353367] and parameters: {'k1': 0.012840669372724958, 'D_low': 43.2326421037033, 'k2': 0.02065142557895925, 'D_high': 42210.21267871043, 'fire_exp': 1.9365919987098117, 'P_half': 118.94665366442581, 'pre_dampen_half': 0.022713477905714423, 'gpp_af': 0.0011495884087462723, 'gpp_b': 2.800940363375676e-05, 'gpp_d': 12.151631524283598, 'ign_k': 3.965503094323014, 'ign_c': 0.10435856341129002, 'trop_agb_crit': 3.1419938725278875, 'trop_k_veg': 0.6618107836658104, 'fire_amp': 1.1202509284327942}.
[I 2026-06-10 17:44:38,550] Trial 904 finished with values: [10.579965784895462, 10.579965784895462] and parameters: {'k1': 0.0326979063339169, 'D_low': 1739.6167422846984, 'k2': 0.02939607009739149, 'D_high': 76838.76502998071, 'fire_exp': 1.9365919987098117, 'P_half': 157.80309954142965, 'pre_dampen_half': 8.259599205585761, 'gpp_af': 0.09885838682552685, 'gpp_b': 2.800940363375676e-05, 'gpp_d': 95.2715755007094, 'ign_k': 0.4303356629825978, 'ign_c': 0.10435856341129002, 'trop_agb_crit': 8.188098178380693, 'trop_k_veg': 2.724170387400844, 'fire_amp': 1.5587346124822492}.
[I 2026-06-10 17:44:40,111] Trial 905 finished with values: [-0.49532449833771564, 0.4330802770846963] and parameters: {'k1': 0.016973078532467004, 'D_low': 1739.6167422846984, 'k2': 3.152468275632564e-05, 'D_high': 76838.76502998071, 'fire_exp': 1.5191397119156032, 'P_half': 8.318314747941244, 'pre_dampen_half': 98.05638874011484, 'gpp_af': 0.8057329182285734, 'gpp_b': 1.1008110571039521e-05, 'gpp_d': 545.0253444559129, 'ign_k': 1.6270983114897255, 'ign_c': 22.126836566118193, 'trop_agb_crit': 1.1683326952092081, 'trop_k_veg': 0.6618107836658104, 'fire_amp': 1.5587346124822492}.
[I 2026-06-10 17:44:41,478] Trial 906 finished with values: [11.157041097211945, 11.157041097211945] and parameters: {'k1': 0.0869690639641868, 'D_low': 1739.6167422846984, 'k2': 0.0001016707987819611, 'D_high': 44974.07193749848, 'fire_exp': 1.4690410989404576, 'P_half': 1.4551749476072258, 'pre_dampen_half': 606.0479569222907, 'gpp_af': 0.09885838682552685, 'gpp_b': 1.1008110571039521e-05, 'gpp_d': 95.2715755007094, 'ign_k': 3.965503094323014, 'ign_c': 22.126836566118193, 'trop_agb_crit': 12.285399209683808, 'trop_k_veg': 2.724170387400844, 'fire_amp': 2.6192385880432525}.
[I 2026-06-10 17:44:42,813] Trial 907 finished with values: [10.250551296098333, 10.250551296098333] and parameters: {'k1': 0.006079905434073396, 'D_low': 43.2326421037033, 'k2': 0.0001016707987819611, 'D_high': 198.3056154955596, 'fire_exp': 1.5191397119156032, 'P_half': 157.80309954142965, 'pre_dampen_half': 903.3231300044874, 'gpp_af': 0.8057329182285734, 'gpp_b': 1.1008110571039521e-05, 'gpp_d': 545.0253444559129, 'ign_k': 0.4303356629825978, 'ign_c': 22.126836566118193, 'trop_agb_crit': 1.5033346993841157, 'trop_k_veg': 6.172643383211297, 'fire_amp': 1.5719333351012774}.
[I 2026-06-10 17:44:44,119] Trial 908 finished with values: [10.341653750915958, 10.341653750915958] and parameters: {'k1': 0.0002588246491696491, 'D_low': 427.93836042014675, 'k2': 0.0001016707987819611, 'D_high': 35.136541394511, 'fire_exp': 1.4690410989404576, 'P_half': 1.4551749476072258, 'pre_dampen_half': 8.259599205585761, 'gpp_af': 27.448645214004376, 'gpp_b': 1.1008110571039521e-05, 'gpp_d': 545.0253444559129, 'ign_k': 3.965503094323014, 'ign_c': 22.126836566118193, 'trop_agb_crit': 1.5033346993841157, 'trop_k_veg': 0.5535297685306277, 'fire_amp': 5.606809127618709}.
[I 2026-06-10 17:44:45,588] Trial 909 finished with values: [10.01445788615986, 10.01445788615986] and parameters: {'k1': 0.00015351199834018532, 'D_low': 1.873653322520581, 'k2': 3.152468275632564e-05, 'D_high': 35.136541394511, 'fire_exp': 1.14171776851287, 'P_half': 157.80309954142965, 'pre_dampen_half': 8.259599205585761, 'gpp_af': 0.10098504976210308, 'gpp_b': 1.1008110571039521e-05, 'gpp_d': 545.0253444559129, 'ign_k': 3.965503094323014, 'ign_c': 22.126836566118193, 'trop_agb_crit': 1.5033346993841157, 'trop_k_veg': 2.724170387400844, 'fire_amp': 5.44779717154213}.
[I 2026-06-10 17:44:47,138] Trial 910 finished with values: [10.354325694600263, 10.354325694600263] and parameters: {'k1': 0.00026539376439360527, 'D_low': 1.873653322520581, 'k2': 0.0001016707987819611, 'D_high': 262.11304189124235, 'fire_exp': 1.4690410989404576, 'P_half': 1.4551749476072258, 'pre_dampen_half': 903.3231300044874, 'gpp_af': 27.448645214004376, 'gpp_b': 2.1309331861011757e-05, 'gpp_d': 37.19072637334467, 'ign_k': 7.299424898595565, 'ign_c': 22.126836566118193, 'trop_agb_crit': 3.285141446715206, 'trop_k_veg': 6.172643383211297, 'fire_amp': 1.5719333351012774}.
[I 2026-06-10 17:44:48,514] Trial 911 finished with values: [10.68791304392804, 10.68791304392804] and parameters: {'k1': 0.00031134168041628584, 'D_low': 1739.6167422846984, 'k2': 0.0001016707987819611, 'D_high': 18108.14362107968, 'fire_exp': 1.4690410989404576, 'P_half': 157.80309954142965, 'pre_dampen_half': 1.8469033699850426, 'gpp_af': 27.448645214004376, 'gpp_b': 0.00043225896016820903, 'gpp_d': 74.6908936941915, 'ign_k': 3.965503094323014, 'ign_c': 7.081721844034206, 'trop_agb_crit': 8.188098178380693, 'trop_k_veg': 0.5535297685306277, 'fire_amp': 1.5587346124822492}.
[I 2026-06-10 17:44:49,833] Trial 912 finished with values: [10.033886425183354, 10.033886425183354] and parameters: {'k1': 0.004420612468360113, 'D_low': 12.105387404469584, 'k2': 0.045914852167405346, 'D_high': 16780.50857913099, 'fire_exp': 1.069663761954776, 'P_half': 157.80309954142965, 'pre_dampen_half': 1.8469033699850426, 'gpp_af': 27.448645214004376, 'gpp_b': 0.00012118589392553798, 'gpp_d': 545.0253444559129, 'ign_k': 0.0467351899956275, 'ign_c': 1.4091459170104739, 'trop_agb_crit': 8.188098178380693, 'trop_k_veg': 6.172643383211297, 'fire_amp': 1.5587346124822492}.
[I 2026-06-10 17:44:51,136] Trial 913 finished with values: [13.636954817578125, 13.636954817578125] and parameters: {'k1': 0.0869690639641868, 'D_low': 5.505316245273476, 'k2': 0.02939607009739149, 'D_high': 44974.07193749848, 'fire_exp': 1.4690410989404576, 'P_half': 101.40635645866499, 'pre_dampen_half': 98.05638874011484, 'gpp_af': 0.0662749342026412, 'gpp_b': 2.1309331861011757e-05, 'gpp_d': 545.0253444559129, 'ign_k': 1.6270983114897255, 'ign_c': 0.10435856341129002, 'trop_agb_crit': 3.5874145253515306, 'trop_k_veg': 0.6618107836658104, 'fire_amp': 1.5719333351012774}.
[I 2026-06-10 17:44:52,645] Trial 914 finished with values: [10.4000598047608, 10.4000598047608] and parameters: {'k1': 0.0869690639641868, 'D_low': 1739.6167422846984, 'k2': 4.970926495623716e-05, 'D_high': 42210.21267871043, 'fire_exp': 1.4690410989404576, 'P_half': 2.4750421470385136, 'pre_dampen_half': 9.044346216330972, 'gpp_af': 0.09885838682552685, 'gpp_b': 2.800940363375676e-05, 'gpp_d': 95.2715755007094, 'ign_k': 0.4303356629825978, 'ign_c': 0.10435856341129002, 'trop_agb_crit': 3.5874145253515306, 'trop_k_veg': 4.796046723963646, 'fire_amp': 3.264490333625322}.
[I 2026-06-10 17:44:54,640] Trial 915 finished with values: [10.542915231908502, 10.542915231908502] and parameters: {'k1': 0.07119679541167405, 'D_low': 43.2326421037033, 'k2': 0.011415387250465888, 'D_high': 22.636544662054543, 'fire_exp': 1.0601964743503993, 'P_half': 1.4551749476072258, 'pre_dampen_half': 5.593036834117395, 'gpp_af': 0.10098504976210308, 'gpp_b': 2.1309331861011757e-05, 'gpp_d': 545.0253444559129, 'ign_k': 7.299424898595565, 'ign_c': 1.4091459170104739, 'trop_agb_crit': 1.5033346993841157, 'trop_k_veg': 2.724170387400844, 'fire_amp': 5.44779717154213}.
[I 2026-06-10 17:44:56,027] Trial 916 finished with values: [10.879053434753725, 10.879053434753725] and parameters: {'k1': 0.006079905434073396, 'D_low': 1739.6167422846984, 'k2': 0.02939607009739149, 'D_high': 76838.76502998071, 'fire_exp': 3.2459542834651627, 'P_half': 101.40635645866499, 'pre_dampen_half': 0.21146190563366668, 'gpp_af': 0.0012726963692462898, 'gpp_b': 2.1309331861011757e-05, 'gpp_d': 95.2715755007094, 'ign_k': 0.4303356629825978, 'ign_c': 0.10435856341129002, 'trop_agb_crit': 8.188098178380693, 'trop_k_veg': 4.796046723963646, 'fire_amp': 2.6192385880432525}.
[I 2026-06-10 17:44:57,352] Trial 917 finished with values: [16.083270216687026, 16.083270216687026] and parameters: {'k1': 0.0326979063339169, 'D_low': 12.105387404469584, 'k2': 0.045914852167405346, 'D_high': 44974.07193749848, 'fire_exp': 1.4690410989404576, 'P_half': 101.40635645866499, 'pre_dampen_half': 903.3231300044874, 'gpp_af': 27.448645214004376, 'gpp_b': 0.00012118589392553798, 'gpp_d': 545.0253444559129, 'ign_k': 1.6270983114897255, 'ign_c': 2.226297338331262, 'trop_agb_crit': 2.1989086830950257, 'trop_k_veg': 3.9199250904984653, 'fire_amp': 1.5587346124822492}.
[I 2026-06-10 17:44:58,645] Trial 918 finished with values: [11.501667520183908, 11.501667520183908] and parameters: {'k1': 0.006079905434073396, 'D_low': 43.2326421037033, 'k2': 0.0001016707987819611, 'D_high': 198.3056154955596, 'fire_exp': 1.4690410989404576, 'P_half': 8.318314747941244, 'pre_dampen_half': 903.3231300044874, 'gpp_af': 27.448645214004376, 'gpp_b': 0.00012118589392553798, 'gpp_d': 12.338826503601998, 'ign_k': 0.004105873950290761, 'ign_c': 1.4091459170104739, 'trop_agb_crit': 8.188098178380693, 'trop_k_veg': 2.724170387400844, 'fire_amp': 5.44779717154213}.
[I 2026-06-10 17:45:00,088] Trial 919 finished with values: [10.771669448833759, 10.771669448833759] and parameters: {'k1': 0.0869690639641868, 'D_low': 1739.6167422846984, 'k2': 2.1315065419408075e-05, 'D_high': 44974.07193749848, 'fire_exp': 3.2459542834651627, 'P_half': 101.40635645866499, 'pre_dampen_half': 98.05638874011484, 'gpp_af': 0.10098504976210308, 'gpp_b': 2.1309331861011757e-05, 'gpp_d': 0.7698760608299932, 'ign_k': 1.6270983114897255, 'ign_c': 22.126836566118193, 'trop_agb_crit': 1.1683326952092081, 'trop_k_veg': 0.6618107836658104, 'fire_amp': 2.6192385880432525}.
[I 2026-06-10 17:45:01,782] Trial 920 finished with values: [10.006688873771054, 10.006688873771054] and parameters: {'k1': 0.016973078532467004, 'D_low': 43.2326421037033, 'k2': 0.0001016707987819611, 'D_high': 2427.054417940131, 'fire_exp': 1.5191397119156032, 'P_half': 157.80309954142965, 'pre_dampen_half': 8.259599205585761, 'gpp_af': 0.10098504976210308, 'gpp_b': 1.1008110571039521e-05, 'gpp_d': 95.2715755007094, 'ign_k': 5.276924233362289, 'ign_c': 22.126836566118193, 'trop_agb_crit': 1.5033346993841157, 'trop_k_veg': 2.724170387400844, 'fire_amp': 5.44779717154213}.
[I 2026-06-10 17:45:03,266] Trial 921 finished with values: [10.910135002773377, 10.910135002773377] and parameters: {'k1': 0.006079905434073396, 'D_low': 1739.6167422846984, 'k2': 1.2432381951316053e-05, 'D_high': 99461.47674311613, 'fire_exp': 1.069663761954776, 'P_half': 157.80309954142965, 'pre_dampen_half': 103.54508504947606, 'gpp_af': 0.09885838682552685, 'gpp_b': 2.1309331861011757e-05, 'gpp_d': 95.2715755007094, 'ign_k': 0.4303356629825978, 'ign_c': 0.10435856341129002, 'trop_agb_crit': 8.188098178380693, 'trop_k_veg': 6.172643383211297, 'fire_amp': 2.6192385880432525}.
[I 2026-06-10 17:45:04,809] Trial 922 finished with values: [10.326435375084134, 10.326435375084134] and parameters: {'k1': 0.006079905434073396, 'D_low': 43.2326421037033, 'k2': 0.0001016707987819611, 'D_high': 262.11304189124235, 'fire_exp': 1.069663761954776, 'P_half': 157.80309954142965, 'pre_dampen_half': 2.7246429232774694, 'gpp_af': 27.448645214004376, 'gpp_b': 0.00012118589392553798, 'gpp_d': 545.0253444559129, 'ign_k': 7.437725385707939, 'ign_c': 1.4091459170104739, 'trop_agb_crit': 8.188098178380693, 'trop_k_veg': 6.172643383211297, 'fire_amp': 1.5587346124822492}.
[I 2026-06-10 17:45:06,150] Trial 923 finished with values: [10.927697057370887, 10.927697057370887] and parameters: {'k1': 0.016973078532467004, 'D_low': 1440.3650379563878, 'k2': 0.00025923015361558547, 'D_high': 42210.21267871043, 'fire_exp': 1.5191397119156032, 'P_half': 69.68111190775313, 'pre_dampen_half': 33.71909132517384, 'gpp_af': 0.9219336658511308, 'gpp_b': 1.1008110571039521e-05, 'gpp_d': 236.32429088389833, 'ign_k': 0.0029519227433917453, 'ign_c': 13.054148118849394, 'trop_agb_crit': 1.0693376406863295, 'trop_k_veg': 0.6673124511410327, 'fire_amp': 5.606809127618709}.
[I 2026-06-10 17:45:07,549] Trial 924 finished with values: [10.892857142659844, 10.892857142659844] and parameters: {'k1': 0.00015197743481843557, 'D_low': 43.2326421037033, 'k2': 3.152468275632564e-05, 'D_high': 393.2349508311775, 'fire_exp': 1.14171776851287, 'P_half': 157.80309954142965, 'pre_dampen_half': 28.01075698398644, 'gpp_af': 27.448645214004376, 'gpp_b': 0.0004125336560355494, 'gpp_d': 545.0253444559129, 'ign_k': 3.965503094323014, 'ign_c': 119.36928467636464, 'trop_agb_crit': 3.1419938725278875, 'trop_k_veg': 0.6618107836658104, 'fire_amp': 1.1202509284327942}.
