[I 2026-07-25 00:38:40,683] Trial 1203 finished with value: 0.561820204777886 and parameters: {'k1': 0.015997656247397414, 'D_low': 69.6901151328414, 'k2': 0.006802915779442126, 'D_high': 267010.89586835227, 'fire_exp': 3.594847382971635, 'P_half': 41.44515692878366, 'pre_dampen_half': 108.74890864034955, 'gpp_af': 0.014487824175964918, 'gpp_b': 0.0008748968048981442, 'gpp_d': 218.4028506760656, 'ign_k': 0.00587990309967697, 'ign_c': 0.8812643639709223, 'trop_agb_crit': 14.80939477131795, 'trop_k_veg': 0.6106440457877715, 'gdp_gamma': 0.2526431724556256, 'cure_k': 0.0026712040362952536, 'cure_p_min': 253.64147445617874, 'cure_gpp_ref': 0.9660320537238956, 'cure_agb_crit': 3.961604427797978, 'fuel_k': 0.7497834981176985, 'fuel_half': 40.02044964584141}. Best is trial 1132 with value: -0.6317570269256394.
[I 2026-07-25 00:38:41,148] Trial 1204 finished with value: 0.6013101292093155 and parameters: {'k1': 0.0024511472405438863, 'D_low': 12.01465759530165, 'k2': 0.00014618553882832428, 'D_high': 2168591.767230046, 'fire_exp': 1.9907623753921633, 'P_half': 369.4800108892072, 'pre_dampen_half': 0.1117829329901275, 'gpp_af': 93.92758576427738, 'gpp_b': 6.438364918905593e-05, 'gpp_d': 670.7267302760263, 'ign_k': 0.5358280519714235, 'ign_c': 52.25282195211277, 'trop_agb_crit': 11.250053572762937, 'trop_k_veg': 1.6424931715295237, 'gdp_gamma': 0.747273061933148, 'cure_k': 0.00942181564675858, 'cure_p_min': 293.0368631846813, 'cure_gpp_ref': 0.3700924756726817, 'cure_agb_crit': 7.407143432804585, 'fuel_k': 0.036445094782152826, 'fuel_half': 0.2927213236020766}. Best is trial 1132 with value: -0.6317570269256394.
[I 2026-07-25 00:38:41,612] Trial 1205 finished with value: 0.5570854220173133 and parameters: {'k1': 2.0561533544734976e-05, 'D_low': 2318.9956388991795, 'k2': 0.016372289428812022, 'D_high': 8761258.812719837, 'fire_exp': 1.0460173222970972, 'P_half': 14.448145281286338, 'pre_dampen_half': 0.19751535986632585, 'gpp_af': 0.006483682106600049, 'gpp_b': 0.017816930449000422, 'gpp_d': 11.594417684007086, 'ign_k': 0.021979479567248588, 'ign_c': 11.445587398517866, 'trop_agb_crit': 16.46427246531371, 'trop_k_veg': 0.646562417302887, 'gdp_gamma': 0.712771299858025, 'cure_k': 0.010046774039383841, 'cure_p_min': 82.36302745886972, 'cure_gpp_ref': 0.18887653190235718, 'cure_agb_crit': 4.098880564809704, 'fuel_k': 0.03845561805223739, 'fuel_half': 31.22815082396179}. Best is trial 1132 with value: -0.6317570269256394.
[I 2026-07-25 00:38:42,070] Trial 1206 finished with value: 0.4353140663318046 and parameters: {'k1': 0.020020430708636093, 'D_low': 746.9806582755793, 'k2': 6.648406549515414e-05, 'D_high': 30998.426591769326, 'fire_exp': 3.7204499876402783, 'P_half': 1069.1229278388037, 'pre_dampen_half': 3.1431322286045185, 'gpp_af': 3.324328832484484, 'gpp_b': 6.481080586104473, 'gpp_d': 76.0525340439726, 'ign_k': 0.3237743409433545, 'ign_c': 38.05916841963016, 'trop_agb_crit': 1.5230008822650183, 'trop_k_veg': 6.398060760533829, 'gdp_gamma': 0.8644115690601948, 'cure_k': 0.12402904924154651, 'cure_p_min': 245.1286897747833, 'cure_gpp_ref': 1.8106379032956712, 'cure_agb_crit': 4.101502575894783, 'fuel_k': 0.04350798372792131, 'fuel_half': 13.24057771961559}. Best is trial 1132 with value: -0.6317570269256394.
[I 2026-07-25 00:38:42,529] Trial 1207 finished with value: 0.5718488806914446 and parameters: {'k1': 0.06574644415455308, 'D_low': 16.71299300118066, 'k2': 0.012886035996216242, 'D_high': 2044744.9083790332, 'fire_exp': 2.026647733655392, 'P_half': 1133.6323837959687, 'pre_dampen_half': 230.30478695248772, 'gpp_af': 0.015354804987428205, 'gpp_b': 0.0007816863744346037, 'gpp_d': 549.0205852129181, 'ign_k': 0.0012629587259133858, 'ign_c': 7.963381345176182, 'trop_agb_crit': 22.978363740834546, 'trop_k_veg': 0.7640261361463421, 'gdp_gamma': 0.08021508690112694, 'cure_k': 0.0038611046332280292, 'cure_p_min': 359.4877596570911, 'cure_gpp_ref': 0.47941441988047334, 'cure_agb_crit': 3.7520515247530195, 'fuel_k': 0.5184506069437811, 'fuel_half': 97.34811743303476}. Best is trial 1132 with value: -0.6317570269256394.
[I 2026-07-25 00:38:42,987] Trial 1208 finished with value: -0.6174458004032071 and parameters: {'k1': 0.06047645432985242, 'D_low': 658.7077322915466, 'k2': 0.015359872742812789, 'D_high': 9448830.303874673, 'fire_exp': 2.0016522738732925, 'P_half': 324.41349711346953, 'pre_dampen_half': 7.9038037320803864, 'gpp_af': 0.012243655043419444, 'gpp_b': 0.0003146068256875937, 'gpp_d': 15.656381130961343, 'ign_k': 0.003388728186684891, 'ign_c': 1.0067110172316271, 'trop_agb_crit': 25.68799838423496, 'trop_k_veg': 1.1318963624443659, 'gdp_gamma': 1.9315179191448806, 'cure_k': 0.003369263948966791, 'cure_p_min': 372.0677364198716, 'cure_gpp_ref': 0.24962673069977914, 'cure_agb_crit': 1.3990267960572544, 'fuel_k': 0.053562918195925936, 'fuel_half': 90.942250381094}. Best is trial 1132 with value: -0.6317570269256394.
[I 2026-07-25 00:38:43,446] Trial 1209 finished with value: 0.46332482537137165 and parameters: {'k1': 0.01644724766346663, 'D_low': 21.305091746044404, 'k2': 2.212143833243186e-05, 'D_high': 5610648.341944674, 'fire_exp': 2.09778436876677, 'P_half': 435.5303236277781, 'pre_dampen_half': 0.13137947348853538, 'gpp_af': 0.08886084937801556, 'gpp_b': 0.5013010961567501, 'gpp_d': 348.47487281955574, 'ign_k': 0.6684890675615717, 'ign_c': 1.41911518428, 'trop_agb_crit': 4.440627095770894, 'trop_k_veg': 4.990165959036052, 'gdp_gamma': 1.8218944055636994, 'cure_k': 0.0579276240219888, 'cure_p_min': 390.9615376447225, 'cure_gpp_ref': 1.677789347818887, 'cure_agb_crit': 3.67768367839696, 'fuel_k': 0.012735296479112928, 'fuel_half': 4.938949367645832}. Best is trial 1132 with value: -0.6317570269256394.
[I 2026-07-25 00:38:43,940] Trial 1210 finished with value: 0.48700568660100985 and parameters: {'k1': 0.0068126160748058, 'D_low': 53.31178037906213, 'k2': 0.0005395820114302304, 'D_high': 6556669.781748089, 'fire_exp': 2.1003417718055832, 'P_half': 45.25589649892645, 'pre_dampen_half': 0.9601936919155201, 'gpp_af': 1.5592616714786571, 'gpp_b': 1.133269456644941, 'gpp_d': 202.91723157220005, 'ign_k': 2.367595767263862, 'ign_c': 26.244564266605714, 'trop_agb_crit': 3.8125385620275383, 'trop_k_veg': 6.8540043338090975, 'gdp_gamma': 1.3897690609572717, 'cure_k': 0.037497752832283356, 'cure_p_min': 352.0673839939133, 'cure_gpp_ref': 1.0452217027637618, 'cure_agb_crit': 5.215037382848741, 'fuel_k': 0.01228721685807243, 'fuel_half': 12.80398959848701}. Best is trial 1132 with value: -0.6317570269256394.
[I 2026-07-25 00:38:44,420] Trial 1211 finished with value: 0.614051478177122 and parameters: {'k1': 0.016678231393871104, 'D_low': 20678.566877525776, 'k2': 0.002859376949697408, 'D_high': 117865.01054212211, 'fire_exp': 2.0094638208031825, 'P_half': 44.980881548441296, 'pre_dampen_half': 127.73646656917549, 'gpp_af': 0.0038455055500020174, 'gpp_b': 0.0057902490285872835, 'gpp_d': 32.61887746048484, 'ign_k': 0.0038948100888467306, 'ign_c': 87.53327050652469, 'trop_agb_crit': 12.672638013149472, 'trop_k_veg': 0.6675312383971996, 'gdp_gamma': 1.3098871707985453, 'cure_k': 0.001210458566486896, 'cure_p_min': 273.99142617637375, 'cure_gpp_ref': 0.754640159518073, 'cure_agb_crit': 3.00828830719227, 'fuel_k': 0.21543412833100456, 'fuel_half': 36.93764027018832}. Best is trial 1132 with value: -0.6317570269256394.
[I 2026-07-25 00:38:44,879] Trial 1212 finished with value: 0.5768128876970684 and parameters: {'k1': 0.010659494735512361, 'D_low': 42619.79471715572, 'k2': 0.06668997567816867, 'D_high': 9983130.947222821, 'fire_exp': 1.5962775506269773, 'P_half': 890.8453423083648, 'pre_dampen_half': 0.8117901954110249, 'gpp_af': 0.5571491975965686, 'gpp_b': 0.012785117562054566, 'gpp_d': 6.6610420617227675, 'ign_k': 0.0012136509485466502, 'ign_c': 0.24594728007084818, 'trop_agb_crit': 11.665699138233563, 'trop_k_veg': 0.7291894048490722, 'gdp_gamma': 1.8943582326729984, 'cure_k': 0.0023729659884578072, 'cure_p_min': 365.5966302945327, 'cure_gpp_ref': 0.4019872119575139, 'cure_agb_crit': 1.4020057392896437, 'fuel_k': 0.03546476222315008, 'fuel_half': 59.82470824978733}. Best is trial 1132 with value: -0.6317570269256394.
[I 2026-07-25 00:38:45,336] Trial 1213 finished with value: 0.4184451453916872 and parameters: {'k1': 0.018910055049567928, 'D_low': 57.05988728501671, 'k2': 0.05356300925727921, 'D_high': 5281043.992034866, 'fire_exp': 2.3238898045458454, 'P_half': 337.7356067259044, 'pre_dampen_half': 7.567145787393585, 'gpp_af': 0.008986440151575511, 'gpp_b': 0.0002519822675216274, 'gpp_d': 8.362595366727346, 'ign_k': 0.06915159276422088, 'ign_c': 2.3950042270198995, 'trop_agb_crit': 5.8652890086350915, 'trop_k_veg': 0.979788730154677, 'gdp_gamma': 0.3802990805475703, 'cure_k': 0.00353341563931676, 'cure_p_min': 159.33138306020962, 'cure_gpp_ref': 1.2357792506062812, 'cure_agb_crit': 5.593715766979771, 'fuel_k': 0.03539170986032671, 'fuel_half': 23.204946009543338}. Best is trial 1132 with value: -0.6317570269256394.
[I 2026-07-25 00:38:45,799] Trial 1214 finished with value: 0.41740714416919367 and parameters: {'k1': 0.061301837856662864, 'D_low': 7232.626951593863, 'k2': 0.004549677256096084, 'D_high': 7649731.315806287, 'fire_exp': 2.1799485122179902, 'P_half': 194.36010056661473, 'pre_dampen_half': 5.373643265239783, 'gpp_af': 0.0034151904079591797, 'gpp_b': 5.9453399192488427e-05, 'gpp_d': 295.7915611770762, 'ign_k': 0.012288523281828357, 'ign_c': 0.1690119833247115, 'trop_agb_crit': 18.216330186625523, 'trop_k_veg': 0.5868725266560797, 'gdp_gamma': 1.8291949925021338, 'cure_k': 0.006585183839925694, 'cure_p_min': 245.9773160430614, 'cure_gpp_ref': 0.5252351358804932, 'cure_agb_crit': 2.140648650206256, 'fuel_k': 0.1060134456721499, 'fuel_half': 97.94680808531251}. Best is trial 1132 with value: -0.6317570269256394.
[I 2026-07-25 00:38:46,262] Trial 1215 finished with value: 0.5844947131864238 and parameters: {'k1': 0.07458045822723063, 'D_low': 26925.38588820956, 'k2': 0.013623248613670386, 'D_high': 6137302.407712466, 'fire_exp': 3.1288320024970293, 'P_half': 759.5880427024553, 'pre_dampen_half': 634.9499763832714, 'gpp_af': 0.010567821724555271, 'gpp_b': 2.2780313360005193e-05, 'gpp_d': 8.936836835969796, 'ign_k': 0.004012022640863181, 'ign_c': 1.2415571079661358, 'trop_agb_crit': 20.858283543904605, 'trop_k_veg': 1.9917787996185732, 'gdp_gamma': 1.558722783713868, 'cure_k': 0.0038584072733259013, 'cure_p_min': 383.4049731899136, 'cure_gpp_ref': 0.08793348597889139, 'cure_agb_crit': 1.3605469074124374, 'fuel_k': 0.016866574828685282, 'fuel_half': 45.035347176229926}. Best is trial 1132 with value: -0.6317570269256394.
[I 2026-07-25 00:38:46,719] Trial 1216 finished with value: 0.5371906608294598 and parameters: {'k1': 0.06410791857758733, 'D_low': 89.38033243863401, 'k2': 0.0035581124988886613, 'D_high': 4650738.252639636, 'fire_exp': 2.7230578743847436, 'P_half': 96.12622465307645, 'pre_dampen_half': 1.1714324193770906, 'gpp_af': 0.0016075314775589459, 'gpp_b': 0.00027404316271637723, 'gpp_d': 32.03188509571706, 'ign_k': 0.001039745528174019, 'ign_c': 98.97109030591845, 'trop_agb_crit': 9.181146860462587, 'trop_k_veg': 1.6409444371707937, 'gdp_gamma': 1.646941371825357, 'cure_k': 0.0024275473929822426, 'cure_p_min': 336.98096943622386, 'cure_gpp_ref': 0.8721475204650001, 'cure_agb_crit': 1.8191149713008516, 'fuel_k': 0.016911149193356137, 'fuel_half': 63.91969228080734}. Best is trial 1132 with value: -0.6317570269256394.
[I 2026-07-25 00:38:47,178] Trial 1217 finished with value: 0.40396322605689483 and parameters: {'k1': 0.012983296310617485, 'D_low': 83.96851897697553, 'k2': 0.023144690688564756, 'D_high': 3238156.245958776, 'fire_exp': 1.478647672121055, 'P_half': 397.5260385830764, 'pre_dampen_half': 15.689359949329193, 'gpp_af': 0.0014618678752137248, 'gpp_b': 0.0003171800873697801, 'gpp_d': 1.644810754719396, 'ign_k': 0.001292308732287651, 'ign_c': 1.8518417218583516, 'trop_agb_crit': 29.939113001842074, 'trop_k_veg': 0.7162518925424385, 'gdp_gamma': 1.2619161475911034, 'cure_k': 0.001902101345659794, 'cure_p_min': 346.3782215551454, 'cure_gpp_ref': 0.4231731773446623, 'cure_agb_crit': 2.530121645388975, 'fuel_k': 0.09556007706408137, 'fuel_half': 6.511446522391216}. Best is trial 1132 with value: -0.6317570269256394.
[I 2026-07-25 00:38:47,638] Trial 1218 finished with value: 0.5676660408738867 and parameters: {'k1': 0.014224594645076178, 'D_low': 1.7403057234292998, 'k2': 0.014403106570227408, 'D_high': 2510925.6289888136, 'fire_exp': 2.388956575860774, 'P_half': 142.31097947031745, 'pre_dampen_half': 21.078729623789812, 'gpp_af': 0.007379351997275543, 'gpp_b': 0.0006664118375334724, 'gpp_d': 439.88987811472003, 'ign_k': 0.04266533200183549, 'ign_c': 103.57168906724519, 'trop_agb_crit': 14.505902130116834, 'trop_k_veg': 2.0628807084439362, 'gdp_gamma': 0.3986775307463614, 'cure_k': 0.04770418440032777, 'cure_p_min': 191.10513754621084, 'cure_gpp_ref': 0.6742865231100527, 'cure_agb_crit': 7.742274855349428, 'fuel_k': 0.7674149633259337, 'fuel_half': 63.85430385637322}. Best is trial 1132 with value: -0.6317570269256394.
[I 2026-07-25 00:38:48,101] Trial 1219 finished with value: 0.4492445043729383 and parameters: {'k1': 0.045406487019897745, 'D_low': 3818.6493192355733, 'k2': 0.003462956826323642, 'D_high': 3255382.996851433, 'fire_exp': 2.4197214866860812, 'P_half': 40.58356523850158, 'pre_dampen_half': 2.623891227462642, 'gpp_af': 0.04159283649790593, 'gpp_b': 0.0018135956888418261, 'gpp_d': 678.9594826996798, 'ign_k': 0.001004517528854736, 'ign_c': 1.6467528369173539, 'trop_agb_crit': 13.237135436991036, 'trop_k_veg': 1.9376933186808407, 'gdp_gamma': 1.620442093910279, 'cure_k': 0.005853129593316202, 'cure_p_min': 345.8777413583035, 'cure_gpp_ref': 0.1539513181104726, 'cure_agb_crit': 1.2344694651803223, 'fuel_k': 0.06100930436450041, 'fuel_half': 13.152377590013542}. Best is trial 1132 with value: -0.6317570269256394.
[I 2026-07-25 00:38:48,560] Trial 1220 finished with value: 0.4743246584971512 and parameters: {'k1': 8.627597230365107e-05, 'D_low': 5265.949447039729, 'k2': 1.1625084243865154e-05, 'D_high': 1012721.756091139, 'fire_exp': 2.3941248872637995, 'P_half': 2.7878644699978787, 'pre_dampen_half': 2.1299509355453217, 'gpp_af': 0.0033517065490571082, 'gpp_b': 0.002585728981012277, 'gpp_d': 2.7214826965467185, 'ign_k': 0.14838859738356402, 'ign_c': 21.544298451397214, 'trop_agb_crit': 2.532486384113257, 'trop_k_veg': 1.0371397158722349, 'gdp_gamma': 1.1430736635126038, 'cure_k': 0.25717999190818824, 'cure_p_min': 343.5891959279449, 'cure_gpp_ref': 0.11788431383685137, 'cure_agb_crit': 1.6084682294312065, 'fuel_k': 0.10645482355214524, 'fuel_half': 38.01320453665059}. Best is trial 1132 with value: -0.6317570269256394.
[I 2026-07-25 00:38:49,018] Trial 1221 finished with value: 0.5639406663260409 and parameters: {'k1': 0.04416675019267825, 'D_low': 13.0819461802687, 'k2': 0.0001328184254531742, 'D_high': 7500183.7655433575, 'fire_exp': 1.1810021916344904, 'P_half': 32.815861998668844, 'pre_dampen_half': 0.014619437770736961, 'gpp_af': 7.646517873826577, 'gpp_b': 9.986113306647384, 'gpp_d': 376.27949819922594, 'ign_k': 0.5825104021600036, 'ign_c': 25.077589707418284, 'trop_agb_crit': 4.713120735788583, 'trop_k_veg': 3.8743642034293173, 'gdp_gamma': 1.037518510479896, 'cure_k': 0.007265696654701697, 'cure_p_min': 330.3572221220097, 'cure_gpp_ref': 0.9482444712432604, 'cure_agb_crit': 2.809335510340441, 'fuel_k': 0.19150588903550314, 'fuel_half': 9.807296408711533}. Best is trial 1132 with value: -0.6317570269256394.
[I 2026-07-25 00:38:49,480] Trial 1222 finished with value: 0.3963400589117775 and parameters: {'k1': 0.002850212710149622, 'D_low': 23.62702836323273, 'k2': 0.008927362396008685, 'D_high': 4725291.546346958, 'fire_exp': 3.2166797172508805, 'P_half': 440.1739133390873, 'pre_dampen_half': 66.56957894239129, 'gpp_af': 0.011786178870954497, 'gpp_b': 0.00022210971493812892, 'gpp_d': 414.64596970852034, 'ign_k': 0.10199375709769197, 'ign_c': 15.951842538024591, 'trop_agb_crit': 13.756178994304939, 'trop_k_veg': 3.1521010638294307, 'gdp_gamma': 1.1403450486991429, 'cure_k': 0.0757760400749509, 'cure_p_min': 177.91832960780494, 'cure_gpp_ref': 0.4006403290469435, 'cure_agb_crit': 2.3531320255112984, 'fuel_k': 2.1046742367036786, 'fuel_half': 78.54698170895203}. Best is trial 1132 with value: -0.6317570269256394.
[I 2026-07-25 00:38:49,941] Trial 1223 finished with value: 0.5469078315042339 and parameters: {'k1': 0.02312344297969387, 'D_low': 929.7064710426614, 'k2': 0.04187284487418949, 'D_high': 129242.7510144365, 'fire_exp': 1.3888487870364299, 'P_half': 4358.906219345772, 'pre_dampen_half': 691.2082403283313, 'gpp_af': 0.015456836605175339, 'gpp_b': 0.0026890554067609653, 'gpp_d': 838.073043722529, 'ign_k': 0.0027840864915190545, 'ign_c': 1.1239305094853527, 'trop_agb_crit': 13.122973292381559, 'trop_k_veg': 0.8368333813369959, 'gdp_gamma': 0.5710954386449744, 'cure_k': 0.010176319849540266, 'cure_p_min': 124.97961252434855, 'cure_gpp_ref': 0.5923087620552306, 'cure_agb_crit': 2.453912867786466, 'fuel_k': 0.05218429469646287, 'fuel_half': 0.9543581378936176}. Best is trial 1132 with value: -0.6317570269256394.
[I 2026-07-25 00:38:50,404] Trial 1224 finished with value: 0.5486520389262408 and parameters: {'k1': 1.1775229690894898e-05, 'D_low': 47142.41163298278, 'k2': 5.264013001893434e-05, 'D_high': 5878118.208744864, 'fire_exp': 1.3071318137256291, 'P_half': 163.34736212907623, 'pre_dampen_half': 0.045990398150157145, 'gpp_af': 0.9106620198563637, 'gpp_b': 0.0010308177966231258, 'gpp_d': 31.28517572323915, 'ign_k': 0.007236539547938177, 'ign_c': 25.76669030911887, 'trop_agb_crit': 14.283067630185347, 'trop_k_veg': 0.6996892889855008, 'gdp_gamma': 0.44955620491268816, 'cure_k': 0.005385783920083255, 'cure_p_min': 81.72242942384855, 'cure_gpp_ref': 0.14074296040899748, 'cure_agb_crit': 1.5427436580805582, 'fuel_k': 0.1640270445571287, 'fuel_half': 75.04334630901702}. Best is trial 1132 with value: -0.6317570269256394.
[I 2026-07-25 00:38:50,872] Trial 1225 finished with value: 0.4941925649073452 and parameters: {'k1': 0.0863586871687044, 'D_low': 547.5197284571949, 'k2': 0.012035141909871037, 'D_high': 1659435.115701359, 'fire_exp': 1.8984883506595038, 'P_half': 54.65945703440354, 'pre_dampen_half': 217.4245112030824, 'gpp_af': 0.13048770114614577, 'gpp_b': 0.001125042956220232, 'gpp_d': 0.6021026755391786, 'ign_k': 0.002879163906095995, 'ign_c': 0.4823920278738479, 'trop_agb_crit': 16.59536748152857, 'trop_k_veg': 3.7528275048932707, 'gdp_gamma': 0.8862535135088251, 'cure_k': 0.008853236965970696, 'cure_p_min': 287.45645059789535, 'cure_gpp_ref': 0.3249725289384613, 'cure_agb_crit': 1.6698759595019543, 'fuel_k': 0.04396466829647493, 'fuel_half': 36.80160186702037}. Best is trial 1132 with value: -0.6317570269256394.
[I 2026-07-25 00:38:51,332] Trial 1226 finished with value: 0.5930591199077406 and parameters: {'k1': 0.06429809580203583, 'D_low': 280.68598966100546, 'k2': 5.294548347915315e-05, 'D_high': 5157104.939215205, 'fire_exp': 1.4221905539849045, 'P_half': 2354.0282343950344, 'pre_dampen_half': 0.010082111229948936, 'gpp_af': 2.540685743817061, 'gpp_b': 1.322698328460045, 'gpp_d': 38.735164618665664, 'ign_k': 0.683118508421086, 'ign_c': 32.184988955132994, 'trop_agb_crit': 10.143153815832793, 'trop_k_veg': 5.748600600394614, 'gdp_gamma': 0.44090299061381133, 'cure_k': 0.014767326214256703, 'cure_p_min': 197.159644550099, 'cure_gpp_ref': 0.8543661602102273, 'cure_agb_crit': 6.614011003966623, 'fuel_k': 0.011738852118245019, 'fuel_half': 7.239784858373091}. Best is trial 1132 with value: -0.6317570269256394.
[I 2026-07-25 00:38:51,797] Trial 1227 finished with value: 0.5150994612993116 and parameters: {'k1': 0.09553111184277986, 'D_low': 4.215288627016479, 'k2': 0.0003195798143347859, 'D_high': 5694976.599588088, 'fire_exp': 2.3899057028431145, 'P_half': 35.409930130856424, 'pre_dampen_half': 16.99107224159715, 'gpp_af': 0.00148813414834938, 'gpp_b': 0.0001225874920793995, 'gpp_d': 333.149755959199, 'ign_k': 0.06062025115823573, 'ign_c': 8.228665813241818, 'trop_agb_crit': 7.819420559189556, 'trop_k_veg': 1.4032143688205128, 'gdp_gamma': 1.1487763380701514, 'cure_k': 0.11047384372243728, 'cure_p_min': 168.60933710856844, 'cure_gpp_ref': 1.510227636810967, 'cure_agb_crit': 3.087624909835707, 'fuel_k': 1.3553921988847217, 'fuel_half': 26.059594540112364}. Best is trial 1132 with value: -0.6317570269256394.
[I 2026-07-25 00:38:52,256] Trial 1228 finished with value: 0.5862956614790011 and parameters: {'k1': 0.09762231518184177, 'D_low': 1856.4032132772597, 'k2': 0.07343360200565408, 'D_high': 4961640.851648267, 'fire_exp': 3.3147918320252363, 'P_half': 3269.284238754586, 'pre_dampen_half': 52.62888474264179, 'gpp_af': 1.097804389513093, 'gpp_b': 0.0017304180426747334, 'gpp_d': 133.36134304366422, 'ign_k': 0.0037138417262585514, 'ign_c': 3.8457996942163284, 'trop_agb_crit': 8.962713498003605, 'trop_k_veg': 0.8652572075998246, 'gdp_gamma': 1.446332977300834, 'cure_k': 0.0056767155793147955, 'cure_p_min': 186.01287186081285, 'cure_gpp_ref': 0.944345700300327, 'cure_agb_crit': 5.026290468586405, 'fuel_k': 0.040136187586321224, 'fuel_half': 3.0448718597532}. Best is trial 1132 with value: -0.6317570269256394.
