[I 2026-07-22 18:43:15,760] Trial 209 finished with values: [10.769230731430493, 10.769230731430493] and parameters: {'k1': 2.0937989739527727e-05, 'D_low': 150.83210025074274, 'k2': 0.0034207303670092245, 'D_high': 16392.60991832772, 'fire_exp': 1.2943117749495199, 'P_half': 1106.908213475539, 'pre_dampen_half': 0.4016986062226068, 'gpp_af': 0.015350904103515228, 'gpp_b': 1.7565109007473816e-05, 'gpp_d': 0.19476644406315285, 'ign_k': 0.5131654955148324, 'ign_c': 47.268615251255675, 'trop_agb_crit': 1.886175574962432, 'trop_k_veg': 0.9369104721775232, 'fuel_k': 0.6199941538390381, 'fuel_half': 0.3335026483569958}.
[I 2026-07-22 18:43:16,188] Trial 210 finished with values: [10.314368507540065, 10.314368507540065] and parameters: {'k1': 0.0003199177539819797, 'D_low': 1768.4772284586304, 'k2': 0.002342238625792905, 'D_high': 887331.2884015184, 'fire_exp': 1.182396148413737, 'P_half': 8832.039346746853, 'pre_dampen_half': 94.20121790275627, 'gpp_af': 0.015350904103515228, 'gpp_b': 1.1698276136056565e-05, 'gpp_d': 2.2044650100999164, 'ign_k': 0.006039096247545781, 'ign_c': 3.0378658251922155, 'trop_agb_crit': 1.886175574962432, 'trop_k_veg': 6.911478238001162, 'fuel_k': 5.486054129200971, 'fuel_half': 0.33988503110784557}.
[I 2026-07-22 18:43:16,606] Trial 211 finished with values: [10.762182102929154, 10.762182102929154] and parameters: {'k1': 0.00029589152820953097, 'D_low': 6220.638781359816, 'k2': 0.012840669372724958, 'D_high': 16392.60991832772, 'fire_exp': 1.2310899049053081, 'P_half': 2193.8654178115053, 'pre_dampen_half': 0.03597389076048619, 'gpp_af': 0.008562341633595545, 'gpp_b': 1.1698276136056565e-05, 'gpp_d': 2.2965432344634333, 'ign_k': 0.001679627987843051, 'ign_c': 0.11650681118986138, 'trop_agb_crit': 1.4914219038863046, 'trop_k_veg': 0.9369104721775232, 'fuel_k': 0.6199941538390381, 'fuel_half': 3.0296104428212485}.
[I 2026-07-22 18:43:17,019] Trial 212 finished with values: [10.650327304308284, 10.650327304308284] and parameters: {'k1': 0.00023352156626184448, 'D_low': 247.75146043208053, 'k2': 1.6559474674046002e-05, 'D_high': 210.33776477006836, 'fire_exp': 1.1258453832483524, 'P_half': 38.82837025280678, 'pre_dampen_half': 0.46504594134732663, 'gpp_af': 0.0023751383317256927, 'gpp_b': 0.0054502936945582505, 'gpp_d': 3.0023172465753087, 'ign_k': 0.5670346335627292, 'ign_c': 11.40086370112731, 'trop_agb_crit': 12.285102065067687, 'trop_k_veg': 4.844706510617516, 'fuel_k': 1.663022877763097, 'fuel_half': 0.3625056554880307}.
[I 2026-07-22 18:43:17,441] Trial 213 finished with values: [10.728422001196819, 10.728422001196819] and parameters: {'k1': 1.8205657658407255e-05, 'D_low': 13.25142220631392, 'k2': 1.854837679096716e-05, 'D_high': 316055.11434645456, 'fire_exp': 9.183156884876528, 'P_half': 2.458603276328005, 'pre_dampen_half': 26.373339933815235, 'gpp_af': 0.008983355849178878, 'gpp_b': 1.6569065206637924e-05, 'gpp_d': 8.057329182285729, 'ign_k': 0.18170401889219115, 'ign_c': 8.405439129313676, 'trop_agb_crit': 13.98132484257899, 'trop_k_veg': 1.7570501127699656, 'fuel_k': 0.28630931797361614, 'fuel_half': 2.1003334103218068}.
[I 2026-07-22 18:43:17,867] Trial 214 finished with values: [10.765106375238664, 10.765106375238664] and parameters: {'k1': 0.00016480446427978953, 'D_low': 864.0717009254879, 'k2': 0.01567230746060024, 'D_high': 558.9524205217922, 'fire_exp': 3.2181803496180783, 'P_half': 9.324787201197319, 'pre_dampen_half': 347.79988160923324, 'gpp_af': 42.29037995744429, 'gpp_b': 0.0054502936945582505, 'gpp_d': 0.5121071390703817, 'ign_k': 4.59148521674054, 'ign_c': 11.40086370112731, 'trop_agb_crit': 20.205002815711154, 'trop_k_veg': 1.140286245977296, 'fuel_k': 3.6992394681929355, 'fuel_half': 81.87941582538087}.
[I 2026-07-22 18:43:18,310] Trial 215 finished with values: [12.804806298064316, 12.804806298064316] and parameters: {'k1': 0.00016480446427978953, 'D_low': 126.11058927054879, 'k2': 0.01567230746060024, 'D_high': 558.9524205217922, 'fire_exp': 1.1258453832483524, 'P_half': 1.7036120617148391, 'pre_dampen_half': 347.79988160923324, 'gpp_af': 1.4558259811306475, 'gpp_b': 0.0054502936945582505, 'gpp_d': 700.6693992445935, 'ign_k': 0.006290644294586149, 'ign_c': 11.40086370112731, 'trop_agb_crit': 20.205002815711154, 'trop_k_veg': 4.130963924640279, 'fuel_k': 3.8843204090935095, 'fuel_half': 0.32476735706274484}.
[I 2026-07-22 18:43:18,727] Trial 216 finished with values: [10.665744434064235, 10.665744434064235] and parameters: {'k1': 0.052334804885400876, 'D_low': 1407.7923139972395, 'k2': 0.01567230746060024, 'D_high': 1693415.5410667954, 'fire_exp': 1.1258453832483524, 'P_half': 1938.3858782150498, 'pre_dampen_half': 33.97904243111269, 'gpp_af': 0.06789053271698488, 'gpp_b': 0.0054502936945582505, 'gpp_d': 0.03254982364882649, 'ign_k': 0.006290644294586149, 'ign_c': 3.0378658251922155, 'trop_agb_crit': 29.789943908227905, 'trop_k_veg': 4.130963924640279, 'fuel_k': 1.8731335591844647, 'fuel_half': 38.21129441691226}.
[I 2026-07-22 18:43:19,151] Trial 217 finished with values: [10.76923064235459, 10.76923064235459] and parameters: {'k1': 1.8205657658407255e-05, 'D_low': 13.25142220631392, 'k2': 0.07286653737491042, 'D_high': 708572.1663941594, 'fire_exp': 3.2181803496180783, 'P_half': 2.458603276328005, 'pre_dampen_half': 0.03751320096826995, 'gpp_af': 0.15876781526923997, 'gpp_b': 4.201176460336357, 'gpp_d': 857.4284557962626, 'ign_k': 0.03141110271934876, 'ign_c': 8.405439129313676, 'trop_agb_crit': 15.870971677383487, 'trop_k_veg': 6.911478238001162, 'fuel_k': 4.517981047227404, 'fuel_half': 18.202647368248815}.
[I 2026-07-22 18:43:19,584] Trial 218 finished with values: [10.6305161516887, 10.6305161516887] and parameters: {'k1': 9.969469187531805e-05, 'D_low': 1.1640589436768796, 'k2': 7.67074891445376e-05, 'D_high': 2512533.442757688, 'fire_exp': 4.9827771210213685, 'P_half': 245.27450543222417, 'pre_dampen_half': 33.71909132517388, 'gpp_af': 42.29037995744429, 'gpp_b': 3.228689523591491e-05, 'gpp_d': 27.50607428241511, 'ign_k': 4.59148521674054, 'ign_c': 0.1867876836333246, 'trop_agb_crit': 5.841230872704112, 'trop_k_veg': 0.5695379443977426, 'fuel_k': 3.6992394681929355, 'fuel_half': 18.202647368248815}.
[I 2026-07-22 18:43:20,007] Trial 219 finished with values: [10.769171334297889, 10.769171334297889] and parameters: {'k1': 0.011966626407443505, 'D_low': 209.12794881839662, 'k2': 0.0001971137615017176, 'D_high': 558.9524205217922, 'fire_exp': 2.1931399753552863, 'P_half': 3910.3637457741784, 'pre_dampen_half': 0.10609580257119508, 'gpp_af': 24.361092841799906, 'gpp_b': 1.6569065206637924e-05, 'gpp_d': 19.948958651882567, 'ign_k': 1.8573288333114872, 'ign_c': 0.1831616544393274, 'trop_agb_crit': 6.058402553512053, 'trop_k_veg': 0.977663002683211, 'fuel_k': 0.08612665817296865, 'fuel_half': 2.1003334103218068}.
[I 2026-07-22 18:43:20,418] Trial 220 finished with values: [10.755492921115664, 10.755492921115664] and parameters: {'k1': 0.0001599021369655865, 'D_low': 247.75146043208053, 'k2': 0.0038341488164556755, 'D_high': 1026.0852623190942, 'fire_exp': 1.0889492364376547, 'P_half': 8832.039346746853, 'pre_dampen_half': 518.2609891091992, 'gpp_af': 0.015350904103515228, 'gpp_b': 0.17743223857939708, 'gpp_d': 0.05811599743439243, 'ign_k': 0.7588328899786276, 'ign_c': 0.4392638796750216, 'trop_agb_crit': 26.402883285404346, 'trop_k_veg': 1.7518409078083697, 'fuel_k': 0.030315034760496764, 'fuel_half': 49.011305842597835}.
[I 2026-07-22 18:43:20,828] Trial 221 finished with values: [10.621455401600842, 10.621455401600842] and parameters: {'k1': 1.8595266457134027e-05, 'D_low': 3.169598846855015, 'k2': 0.035891558714508394, 'D_high': 26587.030147082678, 'fire_exp': 1.182396148413737, 'P_half': 8832.039346746853, 'pre_dampen_half': 518.2609891091992, 'gpp_af': 0.3259758793317361, 'gpp_b': 4.0803257466853524e-05, 'gpp_d': 8.144272585223822, 'ign_k': 0.03141110271934876, 'ign_c': 0.4392638796750216, 'trop_agb_crit': 26.402883285404346, 'trop_k_veg': 1.0049538030148353, 'fuel_k': 0.030315034760496764, 'fuel_half': 49.011305842597835}.
[I 2026-07-22 18:43:21,241] Trial 222 finished with values: [10.529918828130238, 10.529918828130238] and parameters: {'k1': 2.0937989739527727e-05, 'D_low': 1407.7923139972395, 'k2': 0.0004381141781653137, 'D_high': 7839199.220074049, 'fire_exp': 1.2943117749495199, 'P_half': 24.184227958471602, 'pre_dampen_half': 0.2888838362365318, 'gpp_af': 0.015350904103515228, 'gpp_b': 4.0803257466853524e-05, 'gpp_d': 0.05811599743439243, 'ign_k': 0.006290644294586149, 'ign_c': 0.4392638796750216, 'trop_agb_crit': 7.500118950416987, 'trop_k_veg': 2.3408809609838257, 'fuel_k': 0.030315034760496764, 'fuel_half': 0.32476735706274484}.
[I 2026-07-22 18:43:21,684] Trial 223 finished with values: [10.766480681840804, 10.766480681840804] and parameters: {'k1': 0.052334804885400876, 'D_low': 3.169598846855015, 'k2': 0.035891558714508394, 'D_high': 2283.4228779494524, 'fire_exp': 6.363148766597142, 'P_half': 334.62201030483817, 'pre_dampen_half': 94.20121790275627, 'gpp_af': 29.925002022877816, 'gpp_b': 0.011750724729953272, 'gpp_d': 302.3127748796295, 'ign_k': 0.03141110271934876, 'ign_c': 3.0378658251922155, 'trop_agb_crit': 2.171140223187998, 'trop_k_veg': 3.024803048559367, 'fuel_k': 1.8731335591844647, 'fuel_half': 18.202647368248815}.
[I 2026-07-22 18:43:22,145] Trial 224 finished with values: [10.577552871906523, 10.577552871906523] and parameters: {'k1': 0.002968335334246999, 'D_low': 4.043300846639722, 'k2': 0.003045524314144144, 'D_high': 16392.60991832772, 'fire_exp': 1.182396148413737, 'P_half': 1938.3858782150498, 'pre_dampen_half': 9.288856801351132, 'gpp_af': 18.235072804314193, 'gpp_b': 3.228689523591491e-05, 'gpp_d': 6.378078463802852, 'ign_k': 3.210808548911192, 'ign_c': 0.15239409361703363, 'trop_agb_crit': 7.359282739093333, 'trop_k_veg': 3.9497405715830105, 'fuel_k': 2.637916642113786, 'fuel_half': 43.240425516201206}.
[I 2026-07-22 18:43:22,583] Trial 225 finished with values: [10.76923076903347, 10.76923076903347] and parameters: {'k1': 0.052334804885400876, 'D_low': 13.25142220631392, 'k2': 2.8459703343413838e-05, 'D_high': 708572.1663941594, 'fire_exp': 1.7124099831271415, 'P_half': 2.458603276328005, 'pre_dampen_half': 26.373339933815235, 'gpp_af': 18.235072804314193, 'gpp_b': 6.933201384399588, 'gpp_d': 302.3127748796295, 'ign_k': 0.5131654955148324, 'ign_c': 750.7777979297798, 'trop_agb_crit': 2.171140223187998, 'trop_k_veg': 3.028464701337094, 'fuel_k': 0.6199941538390381, 'fuel_half': 7.259866824755671}.
[I 2026-07-22 18:43:23,020] Trial 226 finished with values: [12.505744185826394, 12.505744185826394] and parameters: {'k1': 0.00016480446427978953, 'D_low': 126.11058927054879, 'k2': 0.01567230746060024, 'D_high': 160625.60954780428, 'fire_exp': 1.182396148413737, 'P_half': 1.7036120617148391, 'pre_dampen_half': 347.79988160923324, 'gpp_af': 5.600917281261383, 'gpp_b': 0.0054502936945582505, 'gpp_d': 857.4284557962626, 'ign_k': 0.03141110271934876, 'ign_c': 11.40086370112731, 'trop_agb_crit': 15.870971677383487, 'trop_k_veg': 6.911478238001162, 'fuel_k': 0.48736180483849406, 'fuel_half': 0.32476735706274484}.
[I 2026-07-22 18:43:23,436] Trial 227 finished with values: [10.693684046685938, 10.693684046685938] and parameters: {'k1': 0.0024005553432620355, 'D_low': 163.4864778201543, 'k2': 0.0007081721844034209, 'D_high': 210.33776477006836, 'fire_exp': 1.0881360604103363, 'P_half': 10.226988730324324, 'pre_dampen_half': 36.876350096202984, 'gpp_af': 0.0023751383317256927, 'gpp_b': 0.011750724729953272, 'gpp_d': 3.0023172465753087, 'ign_k': 0.0026834162496848666, 'ign_c': 11.40086370112731, 'trop_agb_crit': 6.1198430581046965, 'trop_k_veg': 0.9793402026070162, 'fuel_k': 0.05597555634027867, 'fuel_half': 1.3547291924247347}.
[I 2026-07-22 18:43:23,851] Trial 228 finished with values: [10.76923076903347, 10.76923076903347] and parameters: {'k1': 0.002971796631657383, 'D_low': 140.92119204434155, 'k2': 0.0009562822793888481, 'D_high': 305369.47947832284, 'fire_exp': 3.313658135010505, 'P_half': 1228.2126524008484, 'pre_dampen_half': 36.876350096202984, 'gpp_af': 18.235072804314193, 'gpp_b': 6.0327793441162e-05, 'gpp_d': 2.2044650100999164, 'ign_k': 1.07907786430243, 'ign_c': 77.59048401667629, 'trop_agb_crit': 1.5774541406529003, 'trop_k_veg': 0.5415365826598848, 'fuel_k': 0.6211831489538813, 'fuel_half': 0.33988503110784557}.
[I 2026-07-22 18:43:24,268] Trial 229 finished with values: [12.01229495564435, 12.01229495564435] and parameters: {'k1': 2.0937989739527727e-05, 'D_low': 1403.0344584930538, 'k2': 0.035891558714508394, 'D_high': 2283.4228779494524, 'fire_exp': 1.2943117749495199, 'P_half': 39.03214299767183, 'pre_dampen_half': 94.20121790275627, 'gpp_af': 21.25864743764987, 'gpp_b': 0.7987896438549943, 'gpp_d': 857.4284557962626, 'ign_k': 0.0048255892187380085, 'ign_c': 0.1254144753902608, 'trop_agb_crit': 23.59397023337466, 'trop_k_veg': 2.3408809609838257, 'fuel_k': 5.486054129200971, 'fuel_half': 0.6917310667555202}.
[I 2026-07-22 18:43:24,681] Trial 230 finished with values: [10.698440776862439, 10.698440776862439] and parameters: {'k1': 0.028340904295147747, 'D_low': 6220.638781359816, 'k2': 0.012840669372724958, 'D_high': 16392.60991832772, 'fire_exp': 1.1258453832483524, 'P_half': 19.986340778528874, 'pre_dampen_half': 0.01290083312696445, 'gpp_af': 0.290486210751816, 'gpp_b': 1.1698276136056565e-05, 'gpp_d': 3.0023172465753087, 'ign_k': 0.5670346335627292, 'ign_c': 11.40086370112731, 'trop_agb_crit': 1.4914219038863046, 'trop_k_veg': 0.9369104721775232, 'fuel_k': 0.07925709222907362, 'fuel_half': 3.0296104428212485}.
[I 2026-07-22 18:43:25,089] Trial 231 finished with values: [10.756806773430712, 10.756806773430712] and parameters: {'k1': 0.0003199177539819797, 'D_low': 150.83210025074274, 'k2': 0.002342238625792905, 'D_high': 2283.4228779494524, 'fire_exp': 1.2943117749495199, 'P_half': 8832.039346746853, 'pre_dampen_half': 94.20121790275627, 'gpp_af': 0.015350904103515228, 'gpp_b': 3.228689523591491e-05, 'gpp_d': 2.2044650100999164, 'ign_k': 0.03141110271934876, 'ign_c': 77.59048401667629, 'trop_agb_crit': 1.886175574962432, 'trop_k_veg': 3.024803048559367, 'fuel_k': 5.486054129200971, 'fuel_half': 2.9236782115513154}.
[I 2026-07-22 18:43:25,498] Trial 232 finished with values: [-0.2818468465075088, 0.2654166629721527] and parameters: {'k1': 1.8205657658407255e-05, 'D_low': 247.75146043208053, 'k2': 1.6559474674046002e-05, 'D_high': 708572.1663941594, 'fire_exp': 1.3175349115759807, 'P_half': 2.458603276328005, 'pre_dampen_half': 26.373339933815235, 'gpp_af': 0.005618069878716736, 'gpp_b': 0.0005392415140872105, 'gpp_d': 8.057329182285729, 'ign_k': 0.0022267996908938684, 'ign_c': 14.074279366401672, 'trop_agb_crit': 6.119263728555865, 'trop_k_veg': 1.7518409078083697, 'fuel_k': 0.08612665817296865, 'fuel_half': 0.2414020247400933}.
[I 2026-07-22 18:43:25,907] Trial 233 finished with values: [10.358542091415053, 10.358542091415053] and parameters: {'k1': 0.00016480446427978953, 'D_low': 126.11058927054879, 'k2': 0.01567230746060024, 'D_high': 558.9524205217922, 'fire_exp': 1.1258453832483524, 'P_half': 1.7036120617148391, 'pre_dampen_half': 347.79988160923324, 'gpp_af': 0.0023751383317256927, 'gpp_b': 0.0054502936945582505, 'gpp_d': 3.0023172465753087, 'ign_k': 0.5670346335627292, 'ign_c': 11.40086370112731, 'trop_agb_crit': 29.789943908227905, 'trop_k_veg': 4.232850899624566, 'fuel_k': 1.663022877763097, 'fuel_half': 0.3625056554880307}.
[I 2026-07-22 18:43:26,321] Trial 234 finished with values: [10.34276010248003, 10.34276010248003] and parameters: {'k1': 0.00029589152820953097, 'D_low': 4.043300846639722, 'k2': 3.609310926766545e-05, 'D_high': 160625.60954780428, 'fire_exp': 1.2310899049053081, 'P_half': 540.9803697908727, 'pre_dampen_half': 19.600139992927424, 'gpp_af': 0.008562341633595545, 'gpp_b': 1.7565109007473816e-05, 'gpp_d': 9.00460602264307, 'ign_k': 0.03141110271934876, 'ign_c': 0.11650681118986138, 'trop_agb_crit': 5.707205898008383, 'trop_k_veg': 2.3241642204298145, 'fuel_k': 0.6452742971240902, 'fuel_half': 0.3335026483569958}.
[I 2026-07-22 18:43:26,732] Trial 235 finished with values: [-0.5842368730189395, 0.33658306161379303] and parameters: {'k1': 0.00023352156626184448, 'D_low': 13.25142220631392, 'k2': 1.6559474674046002e-05, 'D_high': 708572.1663941594, 'fire_exp': 1.3411849220480432, 'P_half': 38.82837025280678, 'pre_dampen_half': 0.46504594134732663, 'gpp_af': 18.235072804314193, 'gpp_b': 0.0005392415140872105, 'gpp_d': 302.3127748796295, 'ign_k': 0.5131654955148324, 'ign_c': 4.1108484350212295, 'trop_agb_crit': 2.171140223187998, 'trop_k_veg': 1.7518409078083697, 'fuel_k': 0.0500651901928747, 'fuel_half': 38.21129441691226}.
[I 2026-07-22 18:43:27,142] Trial 236 finished with values: [10.75074681583104, 10.75074681583104] and parameters: {'k1': 0.0006075902911081375, 'D_low': 6220.638781359816, 'k2': 0.01567230746060024, 'D_high': 558.9524205217922, 'fire_exp': 1.2310899049053081, 'P_half': 13.019246714361572, 'pre_dampen_half': 347.79988160923324, 'gpp_af': 0.008562341633595545, 'gpp_b': 0.0054502936945582505, 'gpp_d': 0.23341745600171465, 'ign_k': 0.5131654955148324, 'ign_c': 11.40086370112731, 'trop_agb_crit': 5.707205898008383, 'trop_k_veg': 4.130963924640279, 'fuel_k': 0.48736180483849406, 'fuel_half': 0.3335026483569958}.
[I 2026-07-22 18:43:27,557] Trial 237 finished with values: [10.753009894138241, 10.753009894138241] and parameters: {'k1': 0.09738633019266786, 'D_low': 6220.638781359816, 'k2': 0.0001971137615017176, 'D_high': 316055.11434645456, 'fire_exp': 1.1258453832483524, 'P_half': 3910.3637457741784, 'pre_dampen_half': 0.03597389076048619, 'gpp_af': 0.290486210751816, 'gpp_b': 1.1698276136056565e-05, 'gpp_d': 0.012284844784580964, 'ign_k': 0.050667002161528835, 'ign_c': 0.11650681118986138, 'trop_agb_crit': 1.4914219038863046, 'trop_k_veg': 0.9369104721775232, 'fuel_k': 0.08612665817296865, 'fuel_half': 3.0296104428212485}.
[I 2026-07-22 18:43:27,971] Trial 238 finished with values: [10.702976876107059, 10.702976876107059] and parameters: {'k1': 0.052334804885400876, 'D_low': 4.043300846639722, 'k2': 2.1698375693549493e-05, 'D_high': 1693415.5410667954, 'fire_exp': 3.2181803496180783, 'P_half': 1938.3858782150498, 'pre_dampen_half': 33.97904243111269, 'gpp_af': 42.29037995744429, 'gpp_b': 3.228689523591491e-05, 'gpp_d': 302.3127748796295, 'ign_k': 4.59148521674054, 'ign_c': 6.3906950920732175, 'trop_agb_crit': 15.870971677383487, 'trop_k_veg': 1.140286245977296, 'fuel_k': 1.8731335591844647, 'fuel_half': 38.21129441691226}.
[I 2026-07-22 18:43:28,404] Trial 239 finished with values: [-0.4794176621677829, 0.41167725884796] and parameters: {'k1': 0.002968335334246999, 'D_low': 70586.60227368641, 'k2': 0.0007081721844034209, 'D_high': 1693415.5410667954, 'fire_exp': 1.4575512062152998, 'P_half': 5.575453980775371, 'pre_dampen_half': 3.9885726374014694, 'gpp_af': 29.925002022877816, 'gpp_b': 3.228689523591491e-05, 'gpp_d': 6.378078463802852, 'ign_k': 3.210808548911192, 'ign_c': 6.1609752947414345, 'trop_agb_crit': 1.5774541406529003, 'trop_k_veg': 1.6340262437673856, 'fuel_k': 1.8731335591844647, 'fuel_half': 7.259866824755671}.
  trial  240/2500  pareto_size=2  best_taylor=0.5842  best_ilamb=0.5650  (1.7 min)
[I 2026-07-22 18:43:28,863] Trial 240 finished with values: [10.166146735364393, 10.166146735364393] and parameters: {'k1': 0.0058043147174140705, 'D_low': 209.12794881839662, 'k2': 0.015109086063191909, 'D_high': 145242.37928628005, 'fire_exp': 2.1931399753552863, 'P_half': 2.843767489444367, 'pre_dampen_half': 94.20121790275627, 'gpp_af': 0.3259758793317361, 'gpp_b': 1.1698276136056565e-05, 'gpp_d': 19.948958651882567, 'ign_k': 0.006039096247545781, 'ign_c': 16.626592254031866, 'trop_agb_crit': 6.058402553512053, 'trop_k_veg': 3.024803048559367, 'fuel_k': 0.6211831489538813, 'fuel_half': 0.33988503110784557}.
[I 2026-07-22 18:43:29,288] Trial 241 finished with values: [10.7691946943683, 10.7691946943683] and parameters: {'k1': 7.639737756882014e-05, 'D_low': 1407.7923139972395, 'k2': 0.02228708726011015, 'D_high': 8433503.858791472, 'fire_exp': 8.791426299948917, 'P_half': 245.27450543222417, 'pre_dampen_half': 0.02581696750231143, 'gpp_af': 0.0025511964576171086, 'gpp_b': 0.00012118589392553819, 'gpp_d': 6.91394869865762, 'ign_k': 0.03141110271934876, 'ign_c': 11.40086370112731, 'trop_agb_crit': 29.789943908227905, 'trop_k_veg': 3.2989278108116276, 'fuel_k': 5.486054129200971, 'fuel_half': 81.87941582538087}.
[I 2026-07-22 18:43:29,704] Trial 242 finished with values: [10.609953096525672, 10.609953096525672] and parameters: {'k1': 0.00013649087666416944, 'D_low': 150.83210025074274, 'k2': 0.0038341488164556755, 'D_high': 26587.030147082678, 'fire_exp': 1.0889492364376547, 'P_half': 8832.039346746853, 'pre_dampen_half': 518.2609891091992, 'gpp_af': 0.015350904103515228, 'gpp_b': 4.0803257466853524e-05, 'gpp_d': 0.05811599743439243, 'ign_k': 0.02847858516856297, 'ign_c': 0.4392638796750216, 'trop_agb_crit': 26.402883285404346, 'trop_k_veg': 1.0049538030148353, 'fuel_k': 0.030315034760496764, 'fuel_half': 49.011305842597835}.
[I 2026-07-22 18:43:30,121] Trial 243 finished with values: [10.755801670936766, 10.755801670936766] and parameters: {'k1': 0.052334804885400876, 'D_low': 4.043300846639722, 'k2': 0.07799059237255677, 'D_high': 1693415.5410667954, 'fire_exp': 2.655962930461066, 'P_half': 1938.3858782150498, 'pre_dampen_half': 33.97904243111269, 'gpp_af': 0.0025511964576171086, 'gpp_b': 3.228689523591491e-05, 'gpp_d': 302.3127748796295, 'ign_k': 0.006039096247545781, 'ign_c': 77.59048401667629, 'trop_agb_crit': 1.4914219038863046, 'trop_k_veg': 3.024803048559367, 'fuel_k': 0.6211831489538813, 'fuel_half': 38.21129441691226}.
