[I 2026-07-24 02:17:16,477] Trial 203 finished with value: 0.5847443346396182 and parameters: {'k1': 0.0006181500251727362, 'D_low': 102.6022073158017, 'k2': 5.734487169249967e-05, 'D_high': 524705.3945965059, 'fire_exp': 3.210772853592766, 'P_half': 298.21010828352337, 'pre_dampen_half': 5.99977679316622, 'gpp_af': 68.75314128245473, 'gpp_b': 0.0883679879085117, 'gpp_d': 146.40332907011853, 'ign_k': 0.009044861162260387, 'ign_c': 0.12603942501428983, 'trop_agb_crit': 23.708244446860157, 'trop_k_veg': 1.974963146444798, 'fuel_k': 2.2003712101662236, 'fuel_half': 9.515278577378915}. Best is trial 0 with value: -0.6070628323553574.
[I 2026-07-24 02:17:16,884] Trial 204 finished with value: 0.5118031410379932 and parameters: {'k1': 0.033421220617779135, 'D_low': 1118.4852927639445, 'k2': 0.0005945744131882648, 'D_high': 1277440.6144921589, 'fire_exp': 1.1175894080796398, 'P_half': 45.05721131645105, 'pre_dampen_half': 248.6146485596633, 'gpp_af': 2.339056732627713, 'gpp_b': 2.7010074684177505, 'gpp_d': 470.71348289047506, 'ign_k': 0.0021095930270823454, 'ign_c': 93.3721605749002, 'trop_agb_crit': 1.7461795542316068, 'trop_k_veg': 3.9464035731936153, 'fuel_k': 1.4382603636556992, 'fuel_half': 0.6643924222817751}. Best is trial 0 with value: -0.6070628323553574.
[I 2026-07-24 02:17:17,294] Trial 205 finished with value: 0.602684750206634 and parameters: {'k1': 0.010392836642828283, 'D_low': 459.186642408575, 'k2': 1.660021859347034e-05, 'D_high': 1048445.7008803252, 'fire_exp': 1.0056029437510072, 'P_half': 421.2746504524719, 'pre_dampen_half': 3.6161925527435317, 'gpp_af': 0.002002882019622312, 'gpp_b': 0.3176921269862429, 'gpp_d': 400.634101677491, 'ign_k': 0.03817851211143106, 'ign_c': 1.3715120799886575, 'trop_agb_crit': 1.5741812279207936, 'trop_k_veg': 3.0184139927605913, 'fuel_k': 2.455831145699723, 'fuel_half': 0.46565338086080843}. Best is trial 0 with value: -0.6070628323553574.
[I 2026-07-24 02:17:17,710] Trial 206 finished with value: 0.5675203144813344 and parameters: {'k1': 0.00014700656290710063, 'D_low': 771.5060794060244, 'k2': 2.1711539248729033e-05, 'D_high': 52806.474539378345, 'fire_exp': 2.761273136753664, 'P_half': 14.642142630139759, 'pre_dampen_half': 177.11839207418072, 'gpp_af': 9.3227320633424, 'gpp_b': 0.7093607558758993, 'gpp_d': 44.79978968841234, 'ign_k': 5.391599254968208, 'ign_c': 3.1121734058916415, 'trop_agb_crit': 25.69427600525971, 'trop_k_veg': 1.9296126165685719, 'fuel_k': 0.5065798783902911, 'fuel_half': 21.45227493413904}. Best is trial 0 with value: -0.6070628323553574.
[I 2026-07-24 02:17:18,113] Trial 207 finished with value: 0.6186991551264407 and parameters: {'k1': 0.09303131784027295, 'D_low': 5676.005311977211, 'k2': 8.947362371676388e-05, 'D_high': 4405607.520182309, 'fire_exp': 2.3699210718666976, 'P_half': 37.36261109926513, 'pre_dampen_half': 255.83682371062596, 'gpp_af': 9.24545336460385, 'gpp_b': 0.35403937545173614, 'gpp_d': 6.119553632057701, 'ign_k': 0.005446106706725015, 'ign_c': 153.64993471659315, 'trop_agb_crit': 1.0476424119699081, 'trop_k_veg': 5.8651598486997845, 'fuel_k': 0.5266695792429165, 'fuel_half': 0.4540767663365261}. Best is trial 0 with value: -0.6070628323553574.
[I 2026-07-24 02:17:18,517] Trial 208 finished with value: 0.4968644421154095 and parameters: {'k1': 0.08132255976123358, 'D_low': 148.91508137035407, 'k2': 0.000117220293173767, 'D_high': 18181.37432257627, 'fire_exp': 1.3315773077045998, 'P_half': 3.280209202576795, 'pre_dampen_half': 3.8799965964835033, 'gpp_af': 0.3137531085764731, 'gpp_b': 8.070100720234507e-05, 'gpp_d': 699.440960720096, 'ign_k': 2.6455007072500143, 'ign_c': 1.325571395958983, 'trop_agb_crit': 12.662650958165091, 'trop_k_veg': 0.6941573173882732, 'fuel_k': 2.4623501932472953, 'fuel_half': 0.27954376092276584}. Best is trial 0 with value: -0.6070628323553574.
[I 2026-07-24 02:17:18,919] Trial 209 finished with value: 0.5088302091963854 and parameters: {'k1': 0.023557278073881645, 'D_low': 1101.2296935920563, 'k2': 0.00023148549152047517, 'D_high': 65529.02788915244, 'fire_exp': 1.5315014864591239, 'P_half': 29.27521649547327, 'pre_dampen_half': 0.03159762615153171, 'gpp_af': 0.9216641198342944, 'gpp_b': 8.71923983331507e-05, 'gpp_d': 374.83387678331394, 'ign_k': 0.5162668698315049, 'ign_c': 0.39484039552590866, 'trop_agb_crit': 2.113994970084225, 'trop_k_veg': 2.30980203464127, 'fuel_k': 2.8714798557944707, 'fuel_half': 1.6907833348499353}. Best is trial 0 with value: -0.6070628323553574.
[I 2026-07-24 02:17:19,327] Trial 210 finished with value: 0.4070559656606366 and parameters: {'k1': 6.403723478323164e-05, 'D_low': 11.477245920231775, 'k2': 3.1361681124177825e-05, 'D_high': 455683.69740320265, 'fire_exp': 1.4220100065074128, 'P_half': 181.83625233925122, 'pre_dampen_half': 0.5243905070689873, 'gpp_af': 19.352515763450153, 'gpp_b': 0.0028880157204922026, 'gpp_d': 608.6315142808143, 'ign_k': 0.09040220781475995, 'ign_c': 0.2840583160009137, 'trop_agb_crit': 1.6697439996747083, 'trop_k_veg': 2.595304986906359, 'fuel_k': 5.755533648893181, 'fuel_half': 0.1298257579477901}. Best is trial 0 with value: -0.6070628323553574.
[I 2026-07-24 02:17:19,731] Trial 211 finished with value: 0.5503317106987056 and parameters: {'k1': 0.00010629274987088161, 'D_low': 1.3536295182685634, 'k2': 1.043847763590378e-05, 'D_high': 1674114.2076219888, 'fire_exp': 1.6424358528041902, 'P_half': 6.684695226709015, 'pre_dampen_half': 0.02550528944898195, 'gpp_af': 58.530042750565784, 'gpp_b': 0.0002587361121705709, 'gpp_d': 87.05841818806712, 'ign_k': 0.0221797624088217, 'ign_c': 0.2314529128426522, 'trop_agb_crit': 1.355573972125352, 'trop_k_veg': 6.508825559360249, 'fuel_k': 3.6993014877346724, 'fuel_half': 0.9779166347353481}. Best is trial 0 with value: -0.6070628323553574.
[I 2026-07-24 02:17:20,140] Trial 212 finished with value: 0.5062566381044518 and parameters: {'k1': 0.0019111619299782034, 'D_low': 2.2056821041563133, 'k2': 3.5566651217468566e-05, 'D_high': 4472894.680156793, 'fire_exp': 1.137818477450972, 'P_half': 113.89022947903649, 'pre_dampen_half': 0.1687991278919933, 'gpp_af': 0.01862956156233041, 'gpp_b': 0.030639600189777915, 'gpp_d': 118.5622369554761, 'ign_k': 0.3979728585241446, 'ign_c': 0.39153176281535235, 'trop_agb_crit': 1.4809322619642706, 'trop_k_veg': 2.6163408095909437, 'fuel_k': 4.491481101205517, 'fuel_half': 0.9753124039753465}. Best is trial 0 with value: -0.6070628323553574.
[I 2026-07-24 02:17:20,543] Trial 213 finished with value: -0.5102769492670197 and parameters: {'k1': 0.010634713156461747, 'D_low': 47773.27920802033, 'k2': 0.0009813816698969855, 'D_high': 8540889.048371004, 'fire_exp': 3.2324737857004586, 'P_half': 4.030367920677863, 'pre_dampen_half': 8.480146620214887, 'gpp_af': 1.2174921854468375, 'gpp_b': 0.00032295606864937953, 'gpp_d': 237.29425225238916, 'ign_k': 1.2947177915671138, 'ign_c': 0.4227787657233954, 'trop_agb_crit': 4.156593699939055, 'trop_k_veg': 2.248798022830011, 'fuel_k': 4.322993392639825, 'fuel_half': 1.8198070237120219}. Best is trial 0 with value: -0.6070628323553574.
[I 2026-07-24 02:17:20,946] Trial 214 finished with value: 0.4979113705293876 and parameters: {'k1': 0.0009715805062342053, 'D_low': 1429.3755608123583, 'k2': 1.4240038931175337e-05, 'D_high': 108538.71924852527, 'fire_exp': 1.7228685707028633, 'P_half': 5.030564358241601, 'pre_dampen_half': 0.020264798903334227, 'gpp_af': 0.055910528510784936, 'gpp_b': 0.00013053161440932962, 'gpp_d': 184.57510164043222, 'ign_k': 0.5351442413414933, 'ign_c': 6.228772556263056, 'trop_agb_crit': 1.6294753740076435, 'trop_k_veg': 1.1405499279960016, 'fuel_k': 5.104767537729879, 'fuel_half': 0.39826149376534575}. Best is trial 0 with value: -0.6070628323553574.
[I 2026-07-24 02:17:21,350] Trial 215 finished with value: -0.47470995757578 and parameters: {'k1': 0.006270398880142164, 'D_low': 5.1217131714778485, 'k2': 2.166144995311121e-05, 'D_high': 3455.053148837632, 'fire_exp': 1.5288955782507352, 'P_half': 28.246197106856396, 'pre_dampen_half': 4.4500447058481285, 'gpp_af': 6.097575312079902, 'gpp_b': 0.004671468624597887, 'gpp_d': 68.02621869638507, 'ign_k': 0.014862437320735443, 'ign_c': 12.95775963099972, 'trop_agb_crit': 1.0076806306401858, 'trop_k_veg': 3.9050222187071784, 'fuel_k': 5.172090007185439, 'fuel_half': 0.3997497044644902}. Best is trial 0 with value: -0.6070628323553574.
[I 2026-07-24 02:17:21,759] Trial 216 finished with value: 0.5993140864291532 and parameters: {'k1': 0.0006722578118547061, 'D_low': 13.50105696373603, 'k2': 0.00016537019985117489, 'D_high': 1167.8235214296847, 'fire_exp': 1.5077988167283933, 'P_half': 218.5727831044191, 'pre_dampen_half': 0.28783350528899293, 'gpp_af': 86.20754896916131, 'gpp_b': 0.05570866682787888, 'gpp_d': 45.36829674453107, 'ign_k': 0.003527049883152957, 'ign_c': 0.9977171881593624, 'trop_agb_crit': 1.0798759033451302, 'trop_k_veg': 4.022064916138164, 'fuel_k': 3.6609723902822, 'fuel_half': 0.16670515710524828}. Best is trial 0 with value: -0.6070628323553574.
[I 2026-07-24 02:17:22,167] Trial 217 finished with value: -0.5244170540185754 and parameters: {'k1': 0.026586966129102687, 'D_low': 40444.011168413854, 'k2': 2.345344375657087e-05, 'D_high': 744124.2900553714, 'fire_exp': 1.7793726443994178, 'P_half': 7.284871810118188, 'pre_dampen_half': 21.07395016737812, 'gpp_af': 2.3853021074346312, 'gpp_b': 0.001971820322089231, 'gpp_d': 364.20243795294533, 'ign_k': 0.06923379275134371, 'ign_c': 0.4594459066817086, 'trop_agb_crit': 1.228504177073916, 'trop_k_veg': 4.895077427937312, 'fuel_k': 2.956259080342925, 'fuel_half': 0.5260858669083464}. Best is trial 0 with value: -0.6070628323553574.
[I 2026-07-24 02:17:22,567] Trial 218 finished with value: 0.5899633690487125 and parameters: {'k1': 0.0008184863004098976, 'D_low': 1399.4818961379544, 'k2': 0.002977788102068279, 'D_high': 98397.41922841448, 'fire_exp': 1.2209092723172301, 'P_half': 8.207879457950451, 'pre_dampen_half': 524.9446082765786, 'gpp_af': 12.026969317185069, 'gpp_b': 3.228980420088363, 'gpp_d': 3.1472366320204648, 'ign_k': 0.09627290101399502, 'ign_c': 0.2988219237454787, 'trop_agb_crit': 7.974204487935043, 'trop_k_veg': 3.2005049650819815, 'fuel_k': 0.34386189112765186, 'fuel_half': 18.411161173067107}. Best is trial 0 with value: -0.6070628323553574.
[I 2026-07-24 02:17:22,970] Trial 219 finished with value: 0.4898643898627423 and parameters: {'k1': 0.009291329080122703, 'D_low': 148.99960176743764, 'k2': 0.00018393843712408836, 'D_high': 2331351.52159125, 'fire_exp': 1.5511704187506576, 'P_half': 36.774959531199954, 'pre_dampen_half': 629.9085920703285, 'gpp_af': 0.2867914308793373, 'gpp_b': 0.02751297360173609, 'gpp_d': 7.925083880271788, 'ign_k': 0.04048015871063945, 'ign_c': 47.53416437193044, 'trop_agb_crit': 1.1576581037921767, 'trop_k_veg': 3.2825368257460115, 'fuel_k': 2.0628513989151274, 'fuel_half': 0.1621099395194163}. Best is trial 0 with value: -0.6070628323553574.
[I 2026-07-24 02:17:23,394] Trial 220 finished with value: 0.5320407169890343 and parameters: {'k1': 0.04309305576730458, 'D_low': 3336.3608441469287, 'k2': 8.937880127583431e-05, 'D_high': 716343.8844293557, 'fire_exp': 1.7148050482717632, 'P_half': 3.6184807873692773, 'pre_dampen_half': 29.33119790715729, 'gpp_af': 0.33837501313484264, 'gpp_b': 0.00017309498276396048, 'gpp_d': 52.90885464723636, 'ign_k': 0.166367664375677, 'ign_c': 0.11996786943591238, 'trop_agb_crit': 1.0515186607353906, 'trop_k_veg': 6.224458098909798, 'fuel_k': 1.9207797149611479, 'fuel_half': 0.7583891950922267}. Best is trial 0 with value: -0.6070628323553574.
[I 2026-07-24 02:17:23,796] Trial 221 finished with value: 0.5784750752730405 and parameters: {'k1': 0.0042650694453468755, 'D_low': 563.6988685465583, 'k2': 0.057502555071142124, 'D_high': 1303435.23855279, 'fire_exp': 1.3323926651115803, 'P_half': 101.87584073779897, 'pre_dampen_half': 35.61553250251108, 'gpp_af': 47.741118694437645, 'gpp_b': 2.4692939679374715, 'gpp_d': 5.917745988784839, 'ign_k': 0.3892500163055948, 'ign_c': 12.561712436505747, 'trop_agb_crit': 11.167317570423862, 'trop_k_veg': 2.3357078489253205, 'fuel_k': 0.9176924607972916, 'fuel_half': 1.6752606588100216}. Best is trial 0 with value: -0.6070628323553574.
[I 2026-07-24 02:17:24,199] Trial 222 finished with value: 0.48085832456367006 and parameters: {'k1': 0.001989339190738374, 'D_low': 44.34030976168022, 'k2': 0.0002238585269143374, 'D_high': 16782.277932191522, 'fire_exp': 1.46350045282744, 'P_half': 62.4028152836935, 'pre_dampen_half': 233.06653989760557, 'gpp_af': 4.418969856932052, 'gpp_b': 0.30619036032927044, 'gpp_d': 36.548818687784134, 'ign_k': 5.5816118253695395, 'ign_c': 9.118965487826866, 'trop_agb_crit': 19.77964039120403, 'trop_k_veg': 7.334611437704762, 'fuel_k': 0.20034224820312027, 'fuel_half': 2.806084486819152}. Best is trial 0 with value: -0.6070628323553574.
[I 2026-07-24 02:17:24,612] Trial 223 finished with value: 0.5884080933570426 and parameters: {'k1': 1.4503751023108467e-05, 'D_low': 1.1958232398000226, 'k2': 0.004076231269053515, 'D_high': 30024.820149329018, 'fire_exp': 7.047393180629036, 'P_half': 37.1430373246559, 'pre_dampen_half': 16.522964853053832, 'gpp_af': 0.04029229041924461, 'gpp_b': 0.0009209722840642212, 'gpp_d': 4.022532763564061, 'ign_k': 2.2047306464572096, 'ign_c': 8.021207237431419, 'trop_agb_crit': 24.326161409647987, 'trop_k_veg': 0.5264918845888918, 'fuel_k': 3.8707087512521046, 'fuel_half': 0.3604164732108832}. Best is trial 0 with value: -0.6070628323553574.
[I 2026-07-24 02:17:25,017] Trial 224 finished with value: 0.5378598562326014 and parameters: {'k1': 0.01581689141381163, 'D_low': 1.8350466242373102, 'k2': 2.6257941958434717e-05, 'D_high': 898.0132307109715, 'fire_exp': 1.0399127323985764, 'P_half': 112.3426220325225, 'pre_dampen_half': 0.08712433319447363, 'gpp_af': 2.1607774372176833, 'gpp_b': 2.2281100349096568e-05, 'gpp_d': 39.76896083214052, 'ign_k': 0.034371775977440185, 'ign_c': 3.4152877069243384, 'trop_agb_crit': 1.7046872051624486, 'trop_k_veg': 1.9678451806214527, 'fuel_k': 3.275485835229974, 'fuel_half': 0.12779812817137265}. Best is trial 0 with value: -0.6070628323553574.
[I 2026-07-24 02:17:25,437] Trial 225 finished with value: 0.5838336814391946 and parameters: {'k1': 0.01570503027407213, 'D_low': 35.1246740656741, 'k2': 1.9338488069713595e-05, 'D_high': 39800.1454793051, 'fire_exp': 1.5420756278362402, 'P_half': 2.4139998881564844, 'pre_dampen_half': 0.4020605407349528, 'gpp_af': 1.104749425875737, 'gpp_b': 0.015178086795372818, 'gpp_d': 55.382077128272726, 'ign_k': 0.004294710926754119, 'ign_c': 221.16677766149544, 'trop_agb_crit': 1.5475813456991634, 'trop_k_veg': 1.0793050371524602, 'fuel_k': 0.8152524262104396, 'fuel_half': 0.15600468303517587}. Best is trial 0 with value: -0.6070628323553574.
[I 2026-07-24 02:17:25,845] Trial 226 finished with value: 0.4899351963676546 and parameters: {'k1': 0.008603563466240813, 'D_low': 3.414369944474867, 'k2': 0.0002950398340837828, 'D_high': 127820.42777627672, 'fire_exp': 2.33097907332422, 'P_half': 5.292459167534054, 'pre_dampen_half': 0.23042554955582137, 'gpp_af': 1.1066529747029976, 'gpp_b': 0.0014716538730941608, 'gpp_d': 38.706675102911845, 'ign_k': 2.1089354808566902, 'ign_c': 5.039099334673626, 'trop_agb_crit': 1.6341765337017125, 'trop_k_veg': 0.8336013293840232, 'fuel_k': 1.7078010462799438, 'fuel_half': 1.7370943580855458}. Best is trial 0 with value: -0.6070628323553574.
[I 2026-07-24 02:17:26,247] Trial 227 finished with value: -0.5871425686646766 and parameters: {'k1': 0.0256867353121685, 'D_low': 44.69638316032772, 'k2': 1.2937479892943444e-05, 'D_high': 241410.86095638137, 'fire_exp': 1.4284709673629823, 'P_half': 30.831918826860623, 'pre_dampen_half': 0.4760600918598177, 'gpp_af': 0.03858218869663895, 'gpp_b': 0.00020048058118305094, 'gpp_d': 312.7575702761998, 'ign_k': 0.016051735093858766, 'ign_c': 1.2775402542835959, 'trop_agb_crit': 1.775223008046792, 'trop_k_veg': 2.271669910546262, 'fuel_k': 4.9348556193050985, 'fuel_half': 0.20520930517724428}. Best is trial 0 with value: -0.6070628323553574.
[I 2026-07-24 02:17:26,651] Trial 228 finished with value: 0.5116887373778942 and parameters: {'k1': 0.005838773009931229, 'D_low': 731.2586350557875, 'k2': 2.917741943370726e-05, 'D_high': 2763529.7046560324, 'fire_exp': 1.8818662400876802, 'P_half': 116.31532140622994, 'pre_dampen_half': 126.46230722975783, 'gpp_af': 0.9335255968811549, 'gpp_b': 0.1934670895240284, 'gpp_d': 507.9606122553519, 'ign_k': 0.0019697102081674828, 'ign_c': 18.87751724769285, 'trop_agb_crit': 1.0209498192072757, 'trop_k_veg': 5.6297329075251215, 'fuel_k': 1.3252697043209396, 'fuel_half': 0.5456243629894857}. Best is trial 0 with value: -0.6070628323553574.
[I 2026-07-24 02:17:27,061] Trial 229 finished with value: 0.5537612866213337 and parameters: {'k1': 0.06688078812590147, 'D_low': 10845.27326936936, 'k2': 8.7351741381297e-05, 'D_high': 1069441.2179575844, 'fire_exp': 2.0868722820398355, 'P_half': 6.192407624979383, 'pre_dampen_half': 24.151712460554943, 'gpp_af': 99.99345806840064, 'gpp_b': 0.04091940777594671, 'gpp_d': 910.0021609826542, 'ign_k': 0.0038082215792847687, 'ign_c': 67.32573690091247, 'trop_agb_crit': 1.1316642219718474, 'trop_k_veg': 3.307070619424362, 'fuel_k': 0.7464333985636548, 'fuel_half': 6.071653493443009}. Best is trial 0 with value: -0.6070628323553574.
[I 2026-07-24 02:17:27,468] Trial 230 finished with value: 0.46975533277972015 and parameters: {'k1': 0.0009515325433941753, 'D_low': 9.16661903348186, 'k2': 3.76203673844811e-05, 'D_high': 6915417.725793, 'fire_exp': 1.2762491235615203, 'P_half': 2.094504439810931, 'pre_dampen_half': 2.1133269149384826, 'gpp_af': 52.81535024179273, 'gpp_b': 0.0146019880392895, 'gpp_d': 636.9345726654559, 'ign_k': 0.005817749201963165, 'ign_c': 1.568094591150629, 'trop_agb_crit': 2.009047603144881, 'trop_k_veg': 3.1770625342424004, 'fuel_k': 0.7442745260435182, 'fuel_half': 4.7873576203291615}. Best is trial 0 with value: -0.6070628323553574.
[I 2026-07-24 02:17:27,886] Trial 231 finished with value: 0.608215997859734 and parameters: {'k1': 0.0668394346188944, 'D_low': 35781.51486823993, 'k2': 4.237995118178783e-05, 'D_high': 99258.00301183862, 'fire_exp': 1.0089673595490756, 'P_half': 61.077876131518586, 'pre_dampen_half': 254.998094764749, 'gpp_af': 5.43661576964497, 'gpp_b': 1.314974260025962, 'gpp_d': 197.20803918874793, 'ign_k': 0.0010165137605848298, 'ign_c': 7.895714080493231, 'trop_agb_crit': 1.1582550028732919, 'trop_k_veg': 4.50674962869865, 'fuel_k': 1.4569304090636817, 'fuel_half': 4.662130041950868}. Best is trial 0 with value: -0.6070628323553574.
[I 2026-07-24 02:17:28,291] Trial 232 finished with value: 0.5875364021065629 and parameters: {'k1': 0.0009593078257579749, 'D_low': 64.55562965807945, 'k2': 1.6781893164252618e-05, 'D_high': 133757.05526161904, 'fire_exp': 1.5050952623503757, 'P_half': 636.0039647995645, 'pre_dampen_half': 3.131819302629607, 'gpp_af': 0.048921456945875075, 'gpp_b': 0.09908859243032887, 'gpp_d': 240.77127613376922, 'ign_k': 0.01407046555656464, 'ign_c': 2.555591823878964, 'trop_agb_crit': 2.831989412386962, 'trop_k_veg': 3.0497123833213773, 'fuel_k': 4.9533884243240935, 'fuel_half': 1.2294085321765305}. Best is trial 0 with value: -0.6070628323553574.
[I 2026-07-24 02:17:28,701] Trial 233 finished with value: 0.459335830677012 and parameters: {'k1': 0.008666481978069409, 'D_low': 1038.089494723376, 'k2': 0.003923072866390167, 'D_high': 393165.63730948896, 'fire_exp': 1.6173927036037747, 'P_half': 28.11939871281356, 'pre_dampen_half': 138.90858729063848, 'gpp_af': 35.633081283399214, 'gpp_b': 1.7379439902399876, 'gpp_d': 30.09447975685293, 'ign_k': 4.097887438852088, 'ign_c': 1.7880896534820256, 'trop_agb_crit': 21.62772281334408, 'trop_k_veg': 4.815758634765477, 'fuel_k': 5.04805191285184, 'fuel_half': 8.894954871988151}. Best is trial 0 with value: -0.6070628323553574.
[I 2026-07-24 02:17:29,112] Trial 234 finished with value: 0.5472035150015695 and parameters: {'k1': 0.049897050534822955, 'D_low': 63722.137971111944, 'k2': 0.0017489069419403046, 'D_high': 1041951.8668207843, 'fire_exp': 4.592239200809667, 'P_half': 1.459868965112789, 'pre_dampen_half': 1.380672943654456, 'gpp_af': 68.56195332521371, 'gpp_b': 5.525290695281826e-05, 'gpp_d': 203.16600038325143, 'ign_k': 4.967694004239151, 'ign_c': 0.11046672383066675, 'trop_agb_crit': 2.213852628518119, 'trop_k_veg': 3.323011408132698, 'fuel_k': 1.9140630962553031, 'fuel_half': 3.19987542054241}. Best is trial 0 with value: -0.6070628323553574.
[I 2026-07-24 02:17:29,521] Trial 235 finished with value: 0.5908559096279942 and parameters: {'k1': 0.06700873869500179, 'D_low': 2904.204084717807, 'k2': 0.00010307606829986477, 'D_high': 13260.434182407851, 'fire_exp': 1.1119543955571054, 'P_half': 5.892229397202273, 'pre_dampen_half': 0.017212541723964966, 'gpp_af': 6.224593807553865, 'gpp_b': 0.00010100498066689934, 'gpp_d': 28.464521698882315, 'ign_k': 0.06037144062471816, 'ign_c': 24.41012492429263, 'trop_agb_crit': 1.5937793034142291, 'trop_k_veg': 0.9198877768793439, 'fuel_k': 2.927679354063338, 'fuel_half': 2.8154088010799905}. Best is trial 0 with value: -0.6070628323553574.
[I 2026-07-24 02:17:29,931] Trial 236 finished with value: 0.45012548755724624 and parameters: {'k1': 0.0031546373481785637, 'D_low': 12393.183575493324, 'k2': 7.938951701563085e-05, 'D_high': 173264.11652390272, 'fire_exp': 1.0829836290882184, 'P_half': 8.347859555686107, 'pre_dampen_half': 27.037999573076384, 'gpp_af': 8.865351736630881, 'gpp_b': 0.0020644281520993107, 'gpp_d': 242.69071414809696, 'ign_k': 0.0027089467270742405, 'ign_c': 10.132347564199963, 'trop_agb_crit': 1.7150587438514986, 'trop_k_veg': 5.438905920362791, 'fuel_k': 1.1657693660336288, 'fuel_half': 0.5168031827845293}. Best is trial 0 with value: -0.6070628323553574.
