[I 2026-07-22 18:48:49,277] Trial 979 finished with values: [-0.5008692400425071, 0.3355196099087846] and parameters: {'k1': 0.016594187721123744, 'D_low': 1.7887890916820506, 'k2': 0.001566517163094646, 'D_high': 316055.11434645456, 'fire_exp': 1.2242398136753672, 'P_half': 12.002808592678374, 'pre_dampen_half': 0.4016986062226068, 'gpp_af': 13.342802292606795, 'gpp_b': 1.7565109007473816e-05, 'gpp_d': 9.00460602264307, 'ign_k': 0.5131654955148324, 'ign_c': 11.40086370112731, 'trop_agb_crit': 9.362115196011851, 'trop_k_veg': 1.9903508005332136, 'fuel_k': 0.08612665817296865, 'fuel_half': 81.87941582538087}.
[I 2026-07-22 18:48:49,711] Trial 980 finished with values: [12.626657974540581, 12.626657974540581] and parameters: {'k1': 0.003242143344038315, 'D_low': 126.11058927054879, 'k2': 2.1698375693549493e-05, 'D_high': 160625.60954780428, 'fire_exp': 1.1258453832483524, 'P_half': 9.324787201197319, 'pre_dampen_half': 294.75617712568373, 'gpp_af': 0.12243451886824051, 'gpp_b': 0.0054502936945582505, 'gpp_d': 700.6693992445935, 'ign_k': 4.59148521674054, 'ign_c': 11.40086370112731, 'trop_agb_crit': 15.870971677383487, 'trop_k_veg': 2.417028380770307, 'fuel_k': 1.1820218758583807, 'fuel_half': 18.202647368248815}.
[I 2026-07-22 18:48:50,141] Trial 981 finished with values: [10.032452620786074, 10.032452620786074] and parameters: {'k1': 0.011966626407443505, 'D_low': 864.0717009254879, 'k2': 0.001566517163094646, 'D_high': 316055.11434645456, 'fire_exp': 1.2310899049053081, 'P_half': 38.82837025280678, 'pre_dampen_half': 0.4016986062226068, 'gpp_af': 0.015350904103515228, 'gpp_b': 6.586254606637078e-05, 'gpp_d': 9.00460602264307, 'ign_k': 3.284529979576942, 'ign_c': 11.462237838612072, 'trop_agb_crit': 6.119263728555865, 'trop_k_veg': 2.417028380770307, 'fuel_k': 0.016371163826991088, 'fuel_half': 2.6795038667664253}.
[I 2026-07-22 18:48:50,565] Trial 982 finished with values: [-0.643282565017781, 0.24466632815165346] and parameters: {'k1': 0.006033623633620595, 'D_low': 1.7887890916820506, 'k2': 0.020149789847008874, 'D_high': 580966.5602369158, 'fire_exp': 1.144329066180296, 'P_half': 38.82837025280678, 'pre_dampen_half': 0.46504594134732663, 'gpp_af': 0.06789053271698488, 'gpp_b': 3.228689523591491e-05, 'gpp_d': 9.00460602264307, 'ign_k': 0.5131654955148324, 'ign_c': 11.40086370112731, 'trop_agb_crit': 12.324775650896964, 'trop_k_veg': 1.140286245977296, 'fuel_k': 0.0500651901928747, 'fuel_half': 81.87941582538087}.
[I 2026-07-22 18:48:50,990] Trial 983 finished with values: [10.76922459414543, 10.76922459414543] and parameters: {'k1': 0.0003199177539819797, 'D_low': 864.0717009254879, 'k2': 0.001566517163094646, 'D_high': 1012.581322036084, 'fire_exp': 8.791426299948917, 'P_half': 2.2010656610055808, 'pre_dampen_half': 33.71909132517388, 'gpp_af': 8.403977588241663, 'gpp_b': 3.936122422430193e-05, 'gpp_d': 6.91394869865762, 'ign_k': 0.6772105870639804, 'ign_c': 6.1609752947414345, 'trop_agb_crit': 10.719494362768906, 'trop_k_veg': 2.417028380770307, 'fuel_k': 0.0500651901928747, 'fuel_half': 81.87941582538087}.
[I 2026-07-22 18:48:51,418] Trial 984 finished with values: [10.657973685815808, 10.657973685815808] and parameters: {'k1': 0.0029282035181080004, 'D_low': 126.11058927054879, 'k2': 0.001566517163094646, 'D_high': 580966.5602369158, 'fire_exp': 1.1258453832483524, 'P_half': 9.324787201197319, 'pre_dampen_half': 0.4016986062226068, 'gpp_af': 0.12243451886824051, 'gpp_b': 0.5391253933695486, 'gpp_d': 700.6693992445935, 'ign_k': 3.284529979576942, 'ign_c': 11.40086370112731, 'trop_agb_crit': 17.530135633155123, 'trop_k_veg': 0.6921865222804094, 'fuel_k': 0.48736180483849406, 'fuel_half': 0.32476735706274484}.
[I 2026-07-22 18:48:51,841] Trial 985 finished with values: [10.491406703440035, 10.491406703440035] and parameters: {'k1': 0.003242143344038315, 'D_low': 102.19595065529477, 'k2': 0.001566517163094646, 'D_high': 316055.11434645456, 'fire_exp': 1.182396148413737, 'P_half': 1938.3858782150498, 'pre_dampen_half': 0.4016986062226068, 'gpp_af': 0.02114619056336667, 'gpp_b': 3.228689523591491e-05, 'gpp_d': 857.4284557962626, 'ign_k': 3.284529979576942, 'ign_c': 11.40086370112731, 'trop_agb_crit': 15.870971677383487, 'trop_k_veg': 6.911478238001162, 'fuel_k': 5.486054129200971, 'fuel_half': 18.202647368248815}.
[I 2026-07-22 18:48:52,270] Trial 986 finished with values: [15.568907997395968, 15.568907997395968] and parameters: {'k1': 0.09538174612713206, 'D_low': 1.7887890916820506, 'k2': 0.001566517163094646, 'D_high': 316055.11434645456, 'fire_exp': 1.2242398136753672, 'P_half': 7.890004262668578, 'pre_dampen_half': 33.71909132517388, 'gpp_af': 0.12243451886824051, 'gpp_b': 1.7565109007473816e-05, 'gpp_d': 9.00460602264307, 'ign_k': 3.284529979576942, 'ign_c': 6.1609752947414345, 'trop_agb_crit': 5.808568531484235, 'trop_k_veg': 2.417028380770307, 'fuel_k': 0.5400268568058665, 'fuel_half': 0.32476735706274484}.
[I 2026-07-22 18:48:52,697] Trial 987 finished with values: [10.40985761479158, 10.40985761479158] and parameters: {'k1': 0.006033623633620595, 'D_low': 1.7887890916820506, 'k2': 1.895375973243287e-05, 'D_high': 316055.11434645456, 'fire_exp': 1.182396148413737, 'P_half': 38.82837025280678, 'pre_dampen_half': 1.5885284224915077, 'gpp_af': 0.0025511964576171086, 'gpp_b': 1.7565109007473816e-05, 'gpp_d': 857.4284557962626, 'ign_k': 3.284529979576942, 'ign_c': 3.0378658251922155, 'trop_agb_crit': 1.886175574962432, 'trop_k_veg': 2.1085323608231485, 'fuel_k': 0.0500651901928747, 'fuel_half': 81.87941582538087}.
[I 2026-07-22 18:48:53,125] Trial 988 finished with values: [10.013543653874475, 10.013543653874475] and parameters: {'k1': 0.011966626407443505, 'D_low': 8454.098152188677, 'k2': 0.0007081721844034209, 'D_high': 316055.11434645456, 'fire_exp': 1.1258453832483524, 'P_half': 7.890004262668578, 'pre_dampen_half': 3.9885726374014694, 'gpp_af': 0.0025386125063826667, 'gpp_b': 1.7565109007473816e-05, 'gpp_d': 9.00460602264307, 'ign_k': 3.284529979576942, 'ign_c': 6.1609752947414345, 'trop_agb_crit': 15.870971677383487, 'trop_k_veg': 1.140286245977296, 'fuel_k': 0.08612665817296865, 'fuel_half': 7.259866824755671}.
[I 2026-07-22 18:48:53,555] Trial 989 finished with values: [10.722261945920636, 10.722261945920636] and parameters: {'k1': 0.052334804885400876, 'D_low': 8454.098152188677, 'k2': 0.0007081721844034209, 'D_high': 708572.1663941594, 'fire_exp': 2.0165721691808587, 'P_half': 1938.3858782150498, 'pre_dampen_half': 33.97904243111269, 'gpp_af': 0.0025511964576171086, 'gpp_b': 1.1698276136056565e-05, 'gpp_d': 302.3127748796295, 'ign_k': 0.0038887507405855736, 'ign_c': 14.452451441203314, 'trop_agb_crit': 9.362115196011851, 'trop_k_veg': 1.2420911205694134, 'fuel_k': 5.486054129200971, 'fuel_half': 18.202647368248815}.
[I 2026-07-22 18:48:53,981] Trial 990 finished with values: [13.473319063197007, 13.473319063197007] and parameters: {'k1': 0.0003199177539819797, 'D_low': 13.25142220631392, 'k2': 0.0007081721844034209, 'D_high': 316055.11434645456, 'fire_exp': 3.9865235442286613, 'P_half': 7.890004262668578, 'pre_dampen_half': 33.71909132517388, 'gpp_af': 0.06789053271698488, 'gpp_b': 1.7565109007473816e-05, 'gpp_d': 6.91394869865762, 'ign_k': 3.284529979576942, 'ign_c': 6.1609752947414345, 'trop_agb_crit': 10.719494362768906, 'trop_k_veg': 1.665640975011574, 'fuel_k': 3.6992394681929355, 'fuel_half': 0.3335026483569958}.
  trial  991/2500  pareto_size=3  best_taylor=0.7497  best_ilamb=0.5963  (7.1 min)
[I 2026-07-22 18:48:54,578] Trial 991 finished with values: [10.720189099367937, 10.720189099367937] and parameters: {'k1': 0.0003199177539819797, 'D_low': 1.7887890916820506, 'k2': 0.001566517163094646, 'D_high': 316055.11434645456, 'fire_exp': 8.791426299948917, 'P_half': 2.261526696072434, 'pre_dampen_half': 33.71909132517388, 'gpp_af': 0.06789053271698488, 'gpp_b': 6.586254606637078e-05, 'gpp_d': 3.481791290455528, 'ign_k': 0.03141110271934876, 'ign_c': 6.1609752947414345, 'trop_agb_crit': 6.119263728555865, 'trop_k_veg': 2.417028380770307, 'fuel_k': 3.6992394681929355, 'fuel_half': 0.3335026483569958}.
[I 2026-07-22 18:48:55,000] Trial 992 finished with values: [-0.5182373909644551, 0.2539979419946464] and parameters: {'k1': 7.628652121629366e-05, 'D_low': 3884.6488249928593, 'k2': 1.6559474674046002e-05, 'D_high': 887331.2884015184, 'fire_exp': 1.3411849220480432, 'P_half': 7.890004262668578, 'pre_dampen_half': 0.46504594134732663, 'gpp_af': 0.015350904103515228, 'gpp_b': 1.1698276136056565e-05, 'gpp_d': 700.6693992445935, 'ign_k': 0.5131654955148324, 'ign_c': 3.0378658251922155, 'trop_agb_crit': 1.886175574962432, 'trop_k_veg': 1.7518409078083697, 'fuel_k': 0.0500651901928747, 'fuel_half': 16.10606111547332}.
[I 2026-07-22 18:48:55,422] Trial 993 finished with values: [-0.5950680471899, 0.14876578558868525] and parameters: {'k1': 0.011966626407443505, 'D_low': 1.7887890916820506, 'k2': 0.001566517163094646, 'D_high': 316055.11434645456, 'fire_exp': 1.2242398136753672, 'P_half': 51.61767747867285, 'pre_dampen_half': 0.46504594134732663, 'gpp_af': 0.06789053271698488, 'gpp_b': 0.00011195197602511399, 'gpp_d': 9.00460602264307, 'ign_k': 0.5131654955148324, 'ign_c': 11.40086370112731, 'trop_agb_crit': 12.324775650896964, 'trop_k_veg': 1.6906991445093917, 'fuel_k': 0.08612665817296865, 'fuel_half': 81.87941582538087}.
[I 2026-07-22 18:48:55,840] Trial 994 finished with values: [10.743708842938489, 10.743708842938489] and parameters: {'k1': 0.052334804885400876, 'D_low': 8454.098152188677, 'k2': 2.1698375693549493e-05, 'D_high': 316055.11434645456, 'fire_exp': 1.1258453832483524, 'P_half': 9848.952560187112, 'pre_dampen_half': 0.4016986062226068, 'gpp_af': 0.25562996323356013, 'gpp_b': 0.0054502936945582505, 'gpp_d': 1.050978521342778, 'ign_k': 0.5131654955148324, 'ign_c': 11.40086370112731, 'trop_agb_crit': 5.707205898008383, 'trop_k_veg': 0.6921865222804094, 'fuel_k': 3.911379616905318, 'fuel_half': 8.466337919401424}.
[I 2026-07-22 18:48:56,263] Trial 995 finished with values: [13.423167191682836, 13.423167191682836] and parameters: {'k1': 0.011966626407443505, 'D_low': 1.7887890916820506, 'k2': 0.001566517163094646, 'D_high': 580966.5602369158, 'fire_exp': 1.4439251473259103, 'P_half': 38.82837025280678, 'pre_dampen_half': 33.97904243111269, 'gpp_af': 0.015350904103515228, 'gpp_b': 1.7565109007473816e-05, 'gpp_d': 857.4284557962626, 'ign_k': 3.284529979576942, 'ign_c': 3.0378658251922155, 'trop_agb_crit': 4.576910054440526, 'trop_k_veg': 2.417028380770307, 'fuel_k': 0.0500651901928747, 'fuel_half': 81.87941582538087}.
[I 2026-07-22 18:48:56,685] Trial 996 finished with values: [-0.6069584279013033, 0.12067558457186234] and parameters: {'k1': 9.969469187531805e-05, 'D_low': 864.0717009254879, 'k2': 0.0009562822793888481, 'D_high': 1681956.433827372, 'fire_exp': 1.2242398136753672, 'P_half': 7.890004262668578, 'pre_dampen_half': 0.46504594134732663, 'gpp_af': 0.12243451886824051, 'gpp_b': 0.002407352334224724, 'gpp_d': 1.277145173524828, 'ign_k': 0.5131654955148324, 'ign_c': 8.405439129313676, 'trop_agb_crit': 12.324775650896964, 'trop_k_veg': 0.5415365826598848, 'fuel_k': 1.2528108647479208, 'fuel_half': 0.3625056554880307}.
[I 2026-07-22 18:48:57,116] Trial 997 finished with values: [10.792511468591501, 10.792511468591501] and parameters: {'k1': 0.0003199177539819797, 'D_low': 13.25142220631392, 'k2': 2.8459703343413838e-05, 'D_high': 708572.1663941594, 'fire_exp': 1.2242398136753672, 'P_half': 7.890004262668578, 'pre_dampen_half': 3.9885726374014694, 'gpp_af': 0.015350904103515228, 'gpp_b': 1.1698276136056565e-05, 'gpp_d': 700.6693992445935, 'ign_k': 3.284529979576942, 'ign_c': 14.452451441203314, 'trop_agb_crit': 20.205002815711154, 'trop_k_veg': 0.6921865222804094, 'fuel_k': 0.0500651901928747, 'fuel_half': 81.87941582538087}.
[I 2026-07-22 18:48:57,541] Trial 998 finished with values: [-0.6967670538372458, 0.18622083174630888] and parameters: {'k1': 0.052334804885400876, 'D_low': 8454.098152188677, 'k2': 1.895375973243287e-05, 'D_high': 708572.1663941594, 'fire_exp': 1.1258453832483524, 'P_half': 7.890004262668578, 'pre_dampen_half': 3.9885726374014694, 'gpp_af': 0.0025386125063826667, 'gpp_b': 1.1698276136056565e-05, 'gpp_d': 1.050978521342778, 'ign_k': 0.03141110271934876, 'ign_c': 14.452451441203314, 'trop_agb_crit': 5.707205898008383, 'trop_k_veg': 2.1085323608231485, 'fuel_k': 1.1820218758583807, 'fuel_half': 0.3335026483569958}.
[I 2026-07-22 18:48:57,972] Trial 999 finished with values: [10.769117971148368, 10.769117971148368] and parameters: {'k1': 0.006033623633620595, 'D_low': 4.043300846639722, 'k2': 0.002342238625792905, 'D_high': 160625.60954780428, 'fire_exp': 8.791426299948917, 'P_half': 1938.3858782150498, 'pre_dampen_half': 33.71909132517388, 'gpp_af': 0.015350904103515228, 'gpp_b': 0.009563154080872067, 'gpp_d': 9.00460602264307, 'ign_k': 3.284529979576942, 'ign_c': 3.0378658251922155, 'trop_agb_crit': 10.719494362768906, 'trop_k_veg': 1.140286245977296, 'fuel_k': 5.486054129200971, 'fuel_half': 91.90868674438059}.
[I 2026-07-22 18:48:58,438] Trial 1000 finished with values: [-0.46408209228663555, 0.12112106816696244] and parameters: {'k1': 0.006033623633620595, 'D_low': 126.11058927054879, 'k2': 0.020149789847008874, 'D_high': 65624.22510225179, 'fire_exp': 1.2242398136753672, 'P_half': 38.82837025280678, 'pre_dampen_half': 0.46504594134732663, 'gpp_af': 0.0025511964576171086, 'gpp_b': 1.7565109007473816e-05, 'gpp_d': 12.151631524283598, 'ign_k': 0.5131654955148324, 'ign_c': 3.0378658251922155, 'trop_agb_crit': 20.205002815711154, 'trop_k_veg': 2.1085323608231485, 'fuel_k': 0.018207179480706392, 'fuel_half': 81.87941582538087}.
[I 2026-07-22 18:48:58,867] Trial 1001 finished with values: [10.604021910583835, 10.604021910583835] and parameters: {'k1': 0.003242143344038315, 'D_low': 8454.098152188677, 'k2': 1.895375973243287e-05, 'D_high': 708572.1663941594, 'fire_exp': 1.1258453832483524, 'P_half': 1938.3858782150498, 'pre_dampen_half': 3.9885726374014694, 'gpp_af': 0.02114619056336667, 'gpp_b': 0.0054502936945582505, 'gpp_d': 857.4284557962626, 'ign_k': 0.5131654955148324, 'ign_c': 3.0378658251922155, 'trop_agb_crit': 15.870971677383487, 'trop_k_veg': 2.1085323608231485, 'fuel_k': 1.1820218758583807, 'fuel_half': 22.748609422442094}.
[I 2026-07-22 18:48:59,299] Trial 1002 finished with values: [10.768940637683782, 10.768940637683782] and parameters: {'k1': 0.0003199177539819797, 'D_low': 102.19595065529477, 'k2': 0.0007081721844034209, 'D_high': 316055.11434645456, 'fire_exp': 8.791426299948917, 'P_half': 1938.3858782150498, 'pre_dampen_half': 33.71909132517388, 'gpp_af': 0.015350904103515228, 'gpp_b': 3.936122422430193e-05, 'gpp_d': 857.4284557962626, 'ign_k': 0.5131654955148324, 'ign_c': 3.0378658251922155, 'trop_agb_crit': 10.719494362768906, 'trop_k_veg': 1.7428926895756522, 'fuel_k': 3.6992394681929355, 'fuel_half': 18.202647368248815}.
[I 2026-07-22 18:48:59,745] Trial 1003 finished with values: [10.119651778786391, 10.119651778786391] and parameters: {'k1': 0.003242143344038315, 'D_low': 102.19595065529477, 'k2': 0.001566517163094646, 'D_high': 160625.60954780428, 'fire_exp': 1.3132160769974592, 'P_half': 1938.3858782150498, 'pre_dampen_half': 294.75617712568373, 'gpp_af': 0.06789053271698488, 'gpp_b': 0.0054502936945582505, 'gpp_d': 9.00460602264307, 'ign_k': 0.04361336125625971, 'ign_c': 3.0378658251922155, 'trop_agb_crit': 9.362115196011851, 'trop_k_veg': 7.26254292602904, 'fuel_k': 1.1820218758583807, 'fuel_half': 18.202647368248815}.
[I 2026-07-22 18:49:00,178] Trial 1004 finished with values: [10.138498951873096, 10.138498951873096] and parameters: {'k1': 9.969469187531805e-05, 'D_low': 864.0717009254879, 'k2': 0.0009562822793888481, 'D_high': 708572.1663941594, 'fire_exp': 3.313658135010505, 'P_half': 2.843767489444367, 'pre_dampen_half': 26.373339933815235, 'gpp_af': 0.25562996323356013, 'gpp_b': 0.0054502936945582505, 'gpp_d': 1.050978521342778, 'ign_k': 0.5670346335627292, 'ign_c': 14.452451441203314, 'trop_agb_crit': 15.35205868174982, 'trop_k_veg': 0.5415365826598848, 'fuel_k': 1.2528108647479208, 'fuel_half': 0.3335026483569958}.
[I 2026-07-22 18:49:00,614] Trial 1005 finished with values: [-0.6481764959514991, 0.09318739107711704] and parameters: {'k1': 0.052334804885400876, 'D_low': 1.7887890916820506, 'k2': 0.001566517163094646, 'D_high': 708572.1663941594, 'fire_exp': 3.9865235442286613, 'P_half': 2.843767489444367, 'pre_dampen_half': 3.9885726374014694, 'gpp_af': 0.015350904103515228, 'gpp_b': 3.936122422430193e-05, 'gpp_d': 9.00460602264307, 'ign_k': 0.5131654955148324, 'ign_c': 14.452451441203314, 'trop_agb_crit': 9.362115196011851, 'trop_k_veg': 1.7428926895756522, 'fuel_k': 3.6992394681929355, 'fuel_half': 81.87941582538087}.
[I 2026-07-22 18:49:01,038] Trial 1006 finished with values: [-0.651547941289321, 0.1865336106354678] and parameters: {'k1': 0.006033623633620595, 'D_low': 1.7887890916820506, 'k2': 0.002342238625792905, 'D_high': 580966.5602369158, 'fire_exp': 1.2242398136753672, 'P_half': 38.82837025280678, 'pre_dampen_half': 0.46504594134732663, 'gpp_af': 0.015350904103515228, 'gpp_b': 1.7565109007473816e-05, 'gpp_d': 9.00460602264307, 'ign_k': 0.5131654955148324, 'ign_c': 11.40086370112731, 'trop_agb_crit': 10.719494362768906, 'trop_k_veg': 2.417028380770307, 'fuel_k': 3.7875356197077763, 'fuel_half': 33.06791837227926}.
[I 2026-07-22 18:49:01,460] Trial 1007 finished with values: [-0.6032922174922494, 0.22698227836060658] and parameters: {'k1': 0.0003199177539819797, 'D_low': 864.0717009254879, 'k2': 0.001566517163094646, 'D_high': 8433503.858791472, 'fire_exp': 1.2242398136753672, 'P_half': 7.890004262668578, 'pre_dampen_half': 0.46504594134732663, 'gpp_af': 0.015350904103515228, 'gpp_b': 3.936122422430193e-05, 'gpp_d': 11.91508626986522, 'ign_k': 3.284529979576942, 'ign_c': 6.1609752947414345, 'trop_agb_crit': 10.719494362768906, 'trop_k_veg': 1.7428926895756522, 'fuel_k': 0.11650538392235156, 'fuel_half': 81.87941582538087}.
[I 2026-07-22 18:49:01,884] Trial 1008 finished with values: [10.381803070248269, 10.381803070248269] and parameters: {'k1': 0.0019386039125504583, 'D_low': 864.0717009254879, 'k2': 0.001566517163094646, 'D_high': 316055.11434645456, 'fire_exp': 1.2242398136753672, 'P_half': 224.42820887784595, 'pre_dampen_half': 0.08363369134116434, 'gpp_af': 0.06319490093197187, 'gpp_b': 1.7565109007473816e-05, 'gpp_d': 9.00460602264307, 'ign_k': 3.284529979576942, 'ign_c': 11.40086370112731, 'trop_agb_crit': 12.324775650896964, 'trop_k_veg': 2.417028380770307, 'fuel_k': 0.08612665817296865, 'fuel_half': 81.87941582538087}.
[I 2026-07-22 18:49:02,310] Trial 1009 finished with values: [12.679006345158086, 12.679006345158086] and parameters: {'k1': 0.003242143344038315, 'D_low': 102.19595065529477, 'k2': 2.1698375693549493e-05, 'D_high': 316055.11434645456, 'fire_exp': 1.1258453832483524, 'P_half': 7.890004262668578, 'pre_dampen_half': 294.75617712568373, 'gpp_af': 0.02114619056336667, 'gpp_b': 0.0054502936945582505, 'gpp_d': 857.4284557962626, 'ign_k': 0.5131654955148324, 'ign_c': 3.0378658251922155, 'trop_agb_crit': 15.870971677383487, 'trop_k_veg': 1.7428926895756522, 'fuel_k': 1.1820218758583807, 'fuel_half': 18.202647368248815}.
[I 2026-07-22 18:49:02,733] Trial 1010 finished with values: [10.2385145569608, 10.2385145569608] and parameters: {'k1': 9.969469187531805e-05, 'D_low': 4.043300846639722, 'k2': 2.1698375693549493e-05, 'D_high': 1681956.433827372, 'fire_exp': 1.182396148413737, 'P_half': 1938.3858782150498, 'pre_dampen_half': 26.373339933815235, 'gpp_af': 0.0025511964576171086, 'gpp_b': 0.002407352334224724, 'gpp_d': 3.0023172465753087, 'ign_k': 4.59148521674054, 'ign_c': 3.0378658251922155, 'trop_agb_crit': 15.35205868174982, 'trop_k_veg': 6.911478238001162, 'fuel_k': 5.486054129200971, 'fuel_half': 81.87941582538087}.
[I 2026-07-22 18:49:03,162] Trial 1011 finished with values: [11.476366588127897, 11.476366588127897] and parameters: {'k1': 0.00016480446427978953, 'D_low': 126.11058927054879, 'k2': 2.8459703343413838e-05, 'D_high': 316055.11434645456, 'fire_exp': 2.30268982351901, 'P_half': 7.890004262668578, 'pre_dampen_half': 33.71909132517388, 'gpp_af': 0.12243451886824051, 'gpp_b': 3.228689523591491e-05, 'gpp_d': 1.050978521342778, 'ign_k': 3.284529979576942, 'ign_c': 14.452451441203314, 'trop_agb_crit': 5.707205898008383, 'trop_k_veg': 2.3408809609838257, 'fuel_k': 1.1820218758583807, 'fuel_half': 0.32476735706274484}.
[I 2026-07-22 18:49:03,586] Trial 1012 finished with values: [11.568874905827103, 11.568874905827103] and parameters: {'k1': 0.00021779362074814804, 'D_low': 13.25142220631392, 'k2': 2.1698375693549493e-05, 'D_high': 887331.2884015184, 'fire_exp': 1.2242398136753672, 'P_half': 7.890004262668578, 'pre_dampen_half': 33.97904243111269, 'gpp_af': 0.25562996323356013, 'gpp_b': 3.228689523591491e-05, 'gpp_d': 857.4284557962626, 'ign_k': 0.0012728781576199358, 'ign_c': 3.0378658251922155, 'trop_agb_crit': 15.198538681924658, 'trop_k_veg': 6.911478238001162, 'fuel_k': 0.0500651901928747, 'fuel_half': 0.3335026483569958}.
[I 2026-07-22 18:49:04,017] Trial 1013 finished with values: [-0.6245142416499423, 0.22962801168280145] and parameters: {'k1': 0.0003199177539819797, 'D_low': 864.0717009254879, 'k2': 0.001566517163094646, 'D_high': 582349.8764421467, 'fire_exp': 1.2242398136753672, 'P_half': 7.890004262668578, 'pre_dampen_half': 0.4016986062226068, 'gpp_af': 0.015350904103515228, 'gpp_b': 1.1698276136056565e-05, 'gpp_d': 9.00460602264307, 'ign_k': 3.284529979576942, 'ign_c': 11.40086370112731, 'trop_agb_crit': 9.362115196011851, 'trop_k_veg': 7.26254292602904, 'fuel_k': 0.0500651901928747, 'fuel_half': 0.3335026483569958}.
