[I 2026-07-22 21:54:49,737] Trial 352 finished with values: [-0.25788773795417286, 0.16831442587024514] and parameters: {'k1': 3.277022851928565e-05, 'D_low': 975.3810162817546, 'k2': 0.07799059237255677, 'D_high': 2283.4228779494524, 'fire_exp': 1.4750777427176416, 'P_half': 3.6138942712165267, 'pre_dampen_half': 233.2883871089529, 'gpp_af': 0.06789053271698488, 'gpp_b': 2.325239859823921e-05, 'gpp_d': 0.09548041810464164, 'ign_k': 0.005105542986365654, 'ign_c': 94.19612235978188, 'trop_agb_crit': 12.285102065067687, 'trop_k_veg': 0.5687244174086067, 'fuel_k': 0.017262921159278164, 'fuel_half': 5.624789772977319}.
[I 2026-07-22 21:54:50,164] Trial 353 finished with values: [10.120640017183131, 10.120640017183131] and parameters: {'k1': 6.693990428538841e-05, 'D_low': 1.1640589436768796, 'k2': 0.002342238625792905, 'D_high': 2512533.442757688, 'fire_exp': 2.2271826002669806, 'P_half': 28.15630081597223, 'pre_dampen_half': 94.20121790275627, 'gpp_af': 1.4498445474033743, 'gpp_b': 1.2892705405728861e-05, 'gpp_d': 0.3562950548153257, 'ign_k': 0.004144296901136395, 'ign_c': 11.40086370112731, 'trop_agb_crit': 29.789943908227905, 'trop_k_veg': 1.7518409078083697, 'fuel_k': 0.6199941538390381, 'fuel_half': 42.6871254378718}.
[I 2026-07-22 21:54:50,617] Trial 354 finished with values: [-0.2864203267058041, 0.17124555515133855] and parameters: {'k1': 6.693990428538841e-05, 'D_low': 1.1640589436768796, 'k2': 0.035891558714508394, 'D_high': 2512533.442757688, 'fire_exp': 2.2271826002669806, 'P_half': 2.1095259085905753, 'pre_dampen_half': 294.75617712568373, 'gpp_af': 0.3259758793317361, 'gpp_b': 1.2892705405728861e-05, 'gpp_d': 2.901272149738622, 'ign_k': 0.0029580419692843236, 'ign_c': 2.4423775964038934, 'trop_agb_crit': 6.058402553512053, 'trop_k_veg': 0.5695379443977426, 'fuel_k': 1.312881567992459, 'fuel_half': 42.6871254378718}.
[I 2026-07-22 21:54:51,049] Trial 355 finished with values: [10.146306321497853, 10.146306321497853] and parameters: {'k1': 3.277022851928565e-05, 'D_low': 2148.727319612887, 'k2': 2.1698375693549493e-05, 'D_high': 160625.60954780428, 'fire_exp': 1.4750777427176416, 'P_half': 245.27450543222417, 'pre_dampen_half': 33.97904243111269, 'gpp_af': 3.944653779280615, 'gpp_b': 3.228689523591491e-05, 'gpp_d': 857.4284557962626, 'ign_k': 0.005105542986365654, 'ign_c': 3.0378658251922155, 'trop_agb_crit': 1.2440687631821843, 'trop_k_veg': 6.911478238001162, 'fuel_k': 0.04207132303652083, 'fuel_half': 5.624789772977319}.
[I 2026-07-22 21:54:51,478] Trial 356 finished with values: [10.501951770211566, 10.501951770211566] and parameters: {'k1': 3.6595533391425955e-05, 'D_low': 11.437258028094242, 'k2': 0.0007406380926311093, 'D_high': 3262.5163516684925, 'fire_exp': 2.3123511487896353, 'P_half': 28.15630081597223, 'pre_dampen_half': 94.20121790275627, 'gpp_af': 1.4498445474033743, 'gpp_b': 1.2892705405728861e-05, 'gpp_d': 0.3562950548153257, 'ign_k': 0.00515399351160314, 'ign_c': 11.40086370112731, 'trop_agb_crit': 29.789943908227905, 'trop_k_veg': 0.977663002683211, 'fuel_k': 0.017262921159278164, 'fuel_half': 97.86395331218435}.
[I 2026-07-22 21:54:51,904] Trial 357 finished with values: [10.733571724570078, 10.733571724570078] and parameters: {'k1': 0.003242143344038315, 'D_low': 102.19595065529477, 'k2': 0.07799059237255677, 'D_high': 2283.4228779494524, 'fire_exp': 1.7650286443463072, 'P_half': 2.1095259085905753, 'pre_dampen_half': 294.75617712568373, 'gpp_af': 0.3259758793317361, 'gpp_b': 0.02893498807797731, 'gpp_d': 0.13876300834369232, 'ign_k': 0.0075985864315887865, 'ign_c': 201.0328373440913, 'trop_agb_crit': 29.628250251065676, 'trop_k_veg': 0.5695379443977426, 'fuel_k': 1.312881567992459, 'fuel_half': 42.6871254378718}.
[I 2026-07-22 21:54:52,340] Trial 358 finished with values: [10.769230768838547, 10.769230768838547] and parameters: {'k1': 2.27847364377152e-05, 'D_low': 705925.6670518258, 'k2': 0.001566517163094646, 'D_high': 79791.03859594249, 'fire_exp': 2.2271826002669806, 'P_half': 245.27450543222417, 'pre_dampen_half': 0.4016986062226068, 'gpp_af': 0.12243451886824051, 'gpp_b': 1.7565109007473816e-05, 'gpp_d': 9.00460602264307, 'ign_k': 3.284529979576942, 'ign_c': 3.0378658251922155, 'trop_agb_crit': 15.870971677383487, 'trop_k_veg': 6.911478238001162, 'fuel_k': 0.03583926624481473, 'fuel_half': 18.202647368248815}.
[I 2026-07-22 21:54:52,812] Trial 359 finished with values: [-0.1103300037210244, 0.13153946944658612] and parameters: {'k1': 0.002968335334246999, 'D_low': 4.043300846639722, 'k2': 0.005259118659251229, 'D_high': 107013.64911724928, 'fire_exp': 1.034491242472073, 'P_half': 3648.4560830477985, 'pre_dampen_half': 294.75617712568373, 'gpp_af': 18.235072804314193, 'gpp_b': 2.711380409817698e-05, 'gpp_d': 9.00460602264307, 'ign_k': 0.006039096247545781, 'ign_c': 0.11650681118986138, 'trop_agb_crit': 3.5522713231614182, 'trop_k_veg': 2.417028380770307, 'fuel_k': 1.2528108647479208, 'fuel_half': 0.33988503110784557}.
[I 2026-07-22 21:54:53,272] Trial 360 finished with values: [10.642265430713508, 10.642265430713508] and parameters: {'k1': 0.0002526432647626936, 'D_low': 1.1640589436768796, 'k2': 0.002342238625792905, 'D_high': 2283.4228779494524, 'fire_exp': 2.3123511487896353, 'P_half': 28.15630081597223, 'pre_dampen_half': 10.059683154936915, 'gpp_af': 1.4498445474033743, 'gpp_b': 0.02893498807797731, 'gpp_d': 2.901272149738622, 'ign_k': 0.0013262030086414148, 'ign_c': 3.4084279109230433, 'trop_agb_crit': 5.841230872704112, 'trop_k_veg': 3.324264218444254, 'fuel_k': 1.312881567992459, 'fuel_half': 16.371966573507315}.
[I 2026-07-22 21:54:53,706] Trial 361 finished with values: [10.86886986592899, 10.86886986592899] and parameters: {'k1': 5.3397427849512415e-05, 'D_low': 13.25142220631392, 'k2': 2.8459703343413838e-05, 'D_high': 6978.624673182437, 'fire_exp': 1.0482996836046896, 'P_half': 9.324787201197319, 'pre_dampen_half': 868.1843415114095, 'gpp_af': 0.06789053271698488, 'gpp_b': 1.1983032564333187e-05, 'gpp_d': 61.82902222163609, 'ign_k': 0.005105542986365654, 'ign_c': 98.40989343758308, 'trop_agb_crit': 6.058402553512053, 'trop_k_veg': 3.4439936249445045, 'fuel_k': 0.48736180483849406, 'fuel_half': 7.259866824755671}.
[I 2026-07-22 21:54:54,127] Trial 362 finished with values: [10.378127497121392, 10.378127497121392] and parameters: {'k1': 0.00014001191914113747, 'D_low': 1.1640589436768796, 'k2': 1.6559474674046002e-05, 'D_high': 2512533.442757688, 'fire_exp': 2.2271826002669806, 'P_half': 245.27450543222417, 'pre_dampen_half': 33.97904243111269, 'gpp_af': 2.114381609520638, 'gpp_b': 0.002022832315155261, 'gpp_d': 373.3014953695604, 'ign_k': 0.050667002161528835, 'ign_c': 2.4423775964038934, 'trop_agb_crit': 12.285102065067687, 'trop_k_veg': 1.7518409078083697, 'fuel_k': 0.09252659617259135, 'fuel_half': 18.202647368248815}.
[I 2026-07-22 21:54:54,579] Trial 363 finished with values: [11.537529232626705, 11.537529232626705] and parameters: {'k1': 0.0029707920514735983, 'D_low': 35.16392386455341, 'k2': 2.1698375693549493e-05, 'D_high': 30235.506416287044, 'fire_exp': 1.0689448798385355, 'P_half': 3.6138942712165267, 'pre_dampen_half': 33.97904243111269, 'gpp_af': 0.06789053271698488, 'gpp_b': 3.228689523591491e-05, 'gpp_d': 0.09548041810464164, 'ign_k': 0.018707420137660268, 'ign_c': 11.40086370112731, 'trop_agb_crit': 15.870971677383487, 'trop_k_veg': 6.911478238001162, 'fuel_k': 5.486054129200971, 'fuel_half': 38.21129441691226}.
[I 2026-07-22 21:54:55,015] Trial 364 finished with values: [10.307737686262731, 10.307737686262731] and parameters: {'k1': 0.0007087479683081, 'D_low': 1.1640589436768796, 'k2': 0.07799059237255677, 'D_high': 107013.64911724928, 'fire_exp': 1.034491242472073, 'P_half': 3648.4560830477985, 'pre_dampen_half': 94.20121790275627, 'gpp_af': 18.235072804314193, 'gpp_b': 1.2892705405728861e-05, 'gpp_d': 2.901272149738622, 'ign_k': 0.006039096247545781, 'ign_c': 3.0378658251922155, 'trop_agb_crit': 1.1208086449693282, 'trop_k_veg': 1.6340262437673856, 'fuel_k': 1.312881567992459, 'fuel_half': 42.6871254378718}.
[I 2026-07-22 21:54:55,442] Trial 365 finished with values: [10.65452009148439, 10.65452009148439] and parameters: {'k1': 0.0029707920514735983, 'D_low': 3.169598846855015, 'k2': 0.07799059237255677, 'D_high': 1693415.5410667954, 'fire_exp': 1.0689448798385355, 'P_half': 1938.3858782150498, 'pre_dampen_half': 3.9885726374014694, 'gpp_af': 0.0025511964576171086, 'gpp_b': 0.00010318352929732131, 'gpp_d': 6.378078463802852, 'ign_k': 0.006039096247545781, 'ign_c': 297.228206986199, 'trop_agb_crit': 15.870971677383487, 'trop_k_veg': 3.754644404143056, 'fuel_k': 5.486054129200971, 'fuel_half': 38.21129441691226}.
[I 2026-07-22 21:54:55,861] Trial 366 finished with values: [10.011536142916261, 10.011536142916261] and parameters: {'k1': 5.3397427849512415e-05, 'D_low': 4.043300846639722, 'k2': 0.038650368562597265, 'D_high': 6978.624673182437, 'fire_exp': 1.0689448798385355, 'P_half': 4.889669266916749, 'pre_dampen_half': 51.7050075643222, 'gpp_af': 1.4498445474033743, 'gpp_b': 1.1983032564333187e-05, 'gpp_d': 19.948958651882567, 'ign_k': 0.018707420137660268, 'ign_c': 98.40989343758308, 'trop_agb_crit': 15.870971677383487, 'trop_k_veg': 1.793919400078986, 'fuel_k': 5.486054129200971, 'fuel_half': 38.21129441691226}.
[I 2026-07-22 21:54:56,281] Trial 367 finished with values: [10.141273621862457, 10.141273621862457] and parameters: {'k1': 0.0029707920514735983, 'D_low': 4.043300846639722, 'k2': 2.1698375693549493e-05, 'D_high': 2283.4228779494524, 'fire_exp': 1.4750777427176416, 'P_half': 245.27450543222417, 'pre_dampen_half': 94.20121790275627, 'gpp_af': 2.114381609520638, 'gpp_b': 1.1698276136056565e-05, 'gpp_d': 2.2044650100999164, 'ign_k': 0.050346969882634894, 'ign_c': 3.0378658251922155, 'trop_agb_crit': 1.4914219038863046, 'trop_k_veg': 6.911478238001162, 'fuel_k': 0.028970790717327534, 'fuel_half': 18.202647368248815}.
[I 2026-07-22 21:54:56,703] Trial 368 finished with values: [10.134002995669723, 10.134002995669723] and parameters: {'k1': 0.011966626407443505, 'D_low': 13.25142220631392, 'k2': 2.8459703343413838e-05, 'D_high': 1190.1726205793925, 'fire_exp': 1.5922031489278718, 'P_half': 24.184227958471602, 'pre_dampen_half': 3.9885726374014694, 'gpp_af': 1.1300566419249867, 'gpp_b': 2.325239859823921e-05, 'gpp_d': 9.00460602264307, 'ign_k': 0.004144296901136395, 'ign_c': 98.40989343758308, 'trop_agb_crit': 3.5323948516928385, 'trop_k_veg': 7.7306957218787575, 'fuel_k': 1.312881567992459, 'fuel_half': 0.253071961271088}.
[I 2026-07-22 21:54:57,122] Trial 369 finished with values: [11.405631273592268, 11.405631273592268] and parameters: {'k1': 0.09738633019266786, 'D_low': 12.856617791467924, 'k2': 0.0007406380926311093, 'D_high': 2512533.442757688, 'fire_exp': 2.2271826002669806, 'P_half': 3.6138942712165267, 'pre_dampen_half': 94.20121790275627, 'gpp_af': 2.114381609520638, 'gpp_b': 3.228689523591491e-05, 'gpp_d': 373.3014953695604, 'ign_k': 0.006290644294586149, 'ign_c': 3.0378658251922155, 'trop_agb_crit': 2.598572417333811, 'trop_k_veg': 6.911478238001162, 'fuel_k': 0.028970790717327534, 'fuel_half': 30.847886273764168}.
[I 2026-07-22 21:54:57,543] Trial 370 finished with values: [10.246975509934655, 10.246975509934655] and parameters: {'k1': 0.011966626407443505, 'D_low': 13.25142220631392, 'k2': 0.07799059237255677, 'D_high': 3569.592428042591, 'fire_exp': 1.5922031489278718, 'P_half': 1.4468941663899353, 'pre_dampen_half': 3.9885726374014694, 'gpp_af': 0.3259758793317361, 'gpp_b': 1.7565109007473816e-05, 'gpp_d': 8.057329182285729, 'ign_k': 0.006039096247545781, 'ign_c': 4.1108484350212295, 'trop_agb_crit': 6.119263728555865, 'trop_k_veg': 0.5415365826598848, 'fuel_k': 0.03743055596010634, 'fuel_half': 0.33988503110784557}.
[I 2026-07-22 21:54:57,965] Trial 371 finished with values: [10.579324854709046, 10.579324854709046] and parameters: {'k1': 3.277022851928565e-05, 'D_low': 13702.184620615577, 'k2': 0.0007406380926311093, 'D_high': 2283.4228779494524, 'fire_exp': 2.076733054409457, 'P_half': 3.6138942712165267, 'pre_dampen_half': 94.20121790275627, 'gpp_af': 0.06789053271698488, 'gpp_b': 2.325239859823921e-05, 'gpp_d': 0.3562950548153257, 'ign_k': 0.004144296901136395, 'ign_c': 94.19612235978188, 'trop_agb_crit': 29.789943908227905, 'trop_k_veg': 1.7664838950757564, 'fuel_k': 0.04207132303652083, 'fuel_half': 30.847886273764168}.
[I 2026-07-22 21:54:58,386] Trial 372 finished with values: [10.509912191393886, 10.509912191393886] and parameters: {'k1': 0.003198020818004832, 'D_low': 1.1640589436768796, 'k2': 0.035891558714508394, 'D_high': 160625.60954780428, 'fire_exp': 1.7650286443463072, 'P_half': 245.27450543222417, 'pre_dampen_half': 294.75617712568373, 'gpp_af': 0.3259758793317361, 'gpp_b': 1.56731783988398e-05, 'gpp_d': 373.3014953695604, 'ign_k': 0.0029580419692843236, 'ign_c': 3.0378658251922155, 'trop_agb_crit': 1.1208086449693282, 'trop_k_veg': 6.911478238001162, 'fuel_k': 2.5629765645018403, 'fuel_half': 42.6871254378718}.
[I 2026-07-22 21:54:58,808] Trial 373 finished with values: [10.712506861244986, 10.712506861244986] and parameters: {'k1': 0.0029707920514735983, 'D_low': 1.1640589436768796, 'k2': 1.6559474674046002e-05, 'D_high': 8433503.858791472, 'fire_exp': 1.6993314578694854, 'P_half': 1.4378290221680121, 'pre_dampen_half': 10.059683154936915, 'gpp_af': 42.29037995744429, 'gpp_b': 0.002022832315155261, 'gpp_d': 6.91394869865762, 'ign_k': 4.59148521674054, 'ign_c': 3.0378658251922155, 'trop_agb_crit': 15.870971677383487, 'trop_k_veg': 1.140286245977296, 'fuel_k': 3.6992394681929355, 'fuel_half': 18.202647368248815}.
[I 2026-07-22 21:54:59,229] Trial 374 finished with values: [-0.25136477906864546, 0.16804743143931467] and parameters: {'k1': 6.693990428538841e-05, 'D_low': 28.33153434644107, 'k2': 3.5281132746849994e-05, 'D_high': 2512533.442757688, 'fire_exp': 1.7650286443463072, 'P_half': 2.1095259085905753, 'pre_dampen_half': 294.75617712568373, 'gpp_af': 1.4498445474033743, 'gpp_b': 0.00011277885258222645, 'gpp_d': 12.151631524283598, 'ign_k': 0.0029580419692843236, 'ign_c': 201.0328373440913, 'trop_agb_crit': 5.115968405120539, 'trop_k_veg': 1.140286245977296, 'fuel_k': 0.028970790717327534, 'fuel_half': 81.87941582538087}.
[I 2026-07-22 21:54:59,649] Trial 375 finished with values: [10.645891032172848, 10.645891032172848] and parameters: {'k1': 0.09738633019266786, 'D_low': 4.043300846639722, 'k2': 3.5281132746849994e-05, 'D_high': 558.9524205217922, 'fire_exp': 1.0482996836046896, 'P_half': 245.27450543222417, 'pre_dampen_half': 33.97904243111269, 'gpp_af': 0.06789053271698488, 'gpp_b': 3.228689523591491e-05, 'gpp_d': 61.82902222163609, 'ign_k': 0.050667002161528835, 'ign_c': 4.1108484350212295, 'trop_agb_crit': 15.870971677383487, 'trop_k_veg': 3.4439936249445045, 'fuel_k': 0.48736180483849406, 'fuel_half': 18.202647368248815}.
[I 2026-07-22 21:55:00,074] Trial 376 finished with values: [-0.30277029204106126, 0.17327953027715293] and parameters: {'k1': 0.011966626407443505, 'D_low': 1.1640589436768796, 'k2': 0.002342238625792905, 'D_high': 3569.592428042591, 'fire_exp': 2.3123511487896353, 'P_half': 2.1095259085905753, 'pre_dampen_half': 10.059683154936915, 'gpp_af': 1.1300566419249867, 'gpp_b': 1.7565109007473816e-05, 'gpp_d': 8.057329182285729, 'ign_k': 0.0029580419692843236, 'ign_c': 4.1108484350212295, 'trop_agb_crit': 6.119263728555865, 'trop_k_veg': 2.6391661744759056, 'fuel_k': 0.6199941538390381, 'fuel_half': 0.253071961271088}.
[I 2026-07-22 21:55:00,507] Trial 377 finished with values: [10.485818543004557, 10.485818543004557] and parameters: {'k1': 0.011966626407443505, 'D_low': 13.25142220631392, 'k2': 2.8459703343413838e-05, 'D_high': 107013.64911724928, 'fire_exp': 1.2386878293405026, 'P_half': 9.324787201197319, 'pre_dampen_half': 33.97904243111269, 'gpp_af': 0.0025511964576171086, 'gpp_b': 0.02048523887932671, 'gpp_d': 857.4284557962626, 'ign_k': 0.03141110271934876, 'ign_c': 4.1108484350212295, 'trop_agb_crit': 6.119263728555865, 'trop_k_veg': 6.911478238001162, 'fuel_k': 5.486054129200971, 'fuel_half': 7.259866824755671}.
  trial  378/1500  pareto_size=1  best_taylor=0.6948  best_ilamb=0.5192  (2.7 min)
[I 2026-07-22 21:55:00,989] Trial 378 finished with values: [10.768499914899868, 10.768499914899868] and parameters: {'k1': 6.693990428538841e-05, 'D_low': 1.1640589436768796, 'k2': 0.002342238625792905, 'D_high': 2512533.442757688, 'fire_exp': 2.2271826002669806, 'P_half': 28.15630081597223, 'pre_dampen_half': 294.75617712568373, 'gpp_af': 1.4498445474033743, 'gpp_b': 1.2892705405728861e-05, 'gpp_d': 25.017068255320467, 'ign_k': 0.05681482545113264, 'ign_c': 79.62155254464994, 'trop_agb_crit': 6.058402553512053, 'trop_k_veg': 1.7518409078083697, 'fuel_k': 0.09252659617259135, 'fuel_half': 42.6871254378718}.
[I 2026-07-22 21:55:01,409] Trial 379 finished with values: [10.150359518431403, 10.150359518431403] and parameters: {'k1': 0.0029707920514735983, 'D_low': 11.437258028094242, 'k2': 2.1698375693549493e-05, 'D_high': 580966.5602369158, 'fire_exp': 1.5619425024339857, 'P_half': 245.27450543222417, 'pre_dampen_half': 10.059683154936915, 'gpp_af': 2.114381609520638, 'gpp_b': 1.7565109007473816e-05, 'gpp_d': 25.017068255320467, 'ign_k': 0.04732407125181112, 'ign_c': 3.4084279109230433, 'trop_agb_crit': 15.870971677383487, 'trop_k_veg': 0.9369104721775232, 'fuel_k': 0.028970790717327534, 'fuel_half': 42.6871254378718}.
[I 2026-07-22 21:55:01,849] Trial 380 finished with values: [10.54894222403311, 10.54894222403311] and parameters: {'k1': 9.969469187531805e-05, 'D_low': 1.1640589436768796, 'k2': 2.8459703343413838e-05, 'D_high': 8433503.858791472, 'fire_exp': 1.5922031489278718, 'P_half': 9.324787201197319, 'pre_dampen_half': 10.059683154936915, 'gpp_af': 42.29037995744429, 'gpp_b': 1.739960657464621, 'gpp_d': 8.057329182285729, 'ign_k': 4.59148521674054, 'ign_c': 4.1108484350212295, 'trop_agb_crit': 21.401581507853507, 'trop_k_veg': 1.140286245977296, 'fuel_k': 0.6199941538390381, 'fuel_half': 2.276766792290519}.
[I 2026-07-22 21:55:02,274] Trial 381 finished with values: [-0.3151579867221153, 0.11632855111160523] and parameters: {'k1': 0.02806535913298299, 'D_low': 3.169598846855015, 'k2': 3.5281132746849994e-05, 'D_high': 3390.98259947779, 'fire_exp': 1.288726787994845, 'P_half': 4.889669266916749, 'pre_dampen_half': 3.9885726374014694, 'gpp_af': 0.06789053271698488, 'gpp_b': 0.00012118589392553819, 'gpp_d': 6.91394869865762, 'ign_k': 0.006039096247545781, 'ign_c': 71.28188058401358, 'trop_agb_crit': 2.419699259862185, 'trop_k_veg': 2.3703642788018935, 'fuel_k': 1.3863198285285168, 'fuel_half': 3.0296104428212485}.
[I 2026-07-22 21:55:02,700] Trial 382 finished with values: [16.876834789800093, 16.876834789800093] and parameters: {'k1': 0.002968335334246999, 'D_low': 4.043300846639722, 'k2': 2.1698375693549493e-05, 'D_high': 1693415.5410667954, 'fire_exp': 1.034491242472073, 'P_half': 234.09994646132157, 'pre_dampen_half': 294.75617712568373, 'gpp_af': 36.46000535317359, 'gpp_b': 3.228689523591491e-05, 'gpp_d': 9.00460602264307, 'ign_k': 0.006039096247545781, 'ign_c': 0.11650681118986138, 'trop_agb_crit': 15.870971677383487, 'trop_k_veg': 0.8966698264662736, 'fuel_k': 5.486054129200971, 'fuel_half': 0.33988503110784557}.
[I 2026-07-22 21:55:03,126] Trial 383 finished with values: [10.599091639304493, 10.599091639304493] and parameters: {'k1': 0.002968335334246999, 'D_low': 4.043300846639722, 'k2': 0.07799059237255677, 'D_high': 54676.348298259276, 'fire_exp': 2.2271826002669806, 'P_half': 245.27450543222417, 'pre_dampen_half': 294.75617712568373, 'gpp_af': 18.235072804314193, 'gpp_b': 3.228689523591491e-05, 'gpp_d': 2.901272149738622, 'ign_k': 0.0075985864315887865, 'ign_c': 98.40989343758308, 'trop_agb_crit': 1.1208086449693282, 'trop_k_veg': 1.6340262437673856, 'fuel_k': 0.017262921159278164, 'fuel_half': 42.6871254378718}.
[I 2026-07-22 21:55:03,553] Trial 384 finished with values: [10.486869590946238, 10.486869590946238] and parameters: {'k1': 6.693990428538841e-05, 'D_low': 1.1640589436768796, 'k2': 1.6559474674046002e-05, 'D_high': 2512533.442757688, 'fire_exp': 2.2271826002669806, 'P_half': 1.4378290221680121, 'pre_dampen_half': 10.059683154936915, 'gpp_af': 42.29037995744429, 'gpp_b': 1.1983032564333187e-05, 'gpp_d': 6.91394869865762, 'ign_k': 4.59148521674054, 'ign_c': 16.626592254031866, 'trop_agb_crit': 10.719494362768906, 'trop_k_veg': 1.140286245977296, 'fuel_k': 0.017262921159278164, 'fuel_half': 2.84163933350535}.
[I 2026-07-22 21:55:03,975] Trial 385 finished with values: [-0.3648958211605229, 0.1270956841112001] and parameters: {'k1': 0.0029707920514735983, 'D_low': 4.043300846639722, 'k2': 2.1698375693549493e-05, 'D_high': 160625.60954780428, 'fire_exp': 1.0689448798385355, 'P_half': 1938.3858782150498, 'pre_dampen_half': 33.97904243111269, 'gpp_af': 0.0025511964576171086, 'gpp_b': 3.228689523591491e-05, 'gpp_d': 857.4284557962626, 'ign_k': 0.03141110271934876, 'ign_c': 3.0378658251922155, 'trop_agb_crit': 15.870971677383487, 'trop_k_veg': 6.911478238001162, 'fuel_k': 5.486054129200971, 'fuel_half': 18.202647368248815}.
[I 2026-07-22 21:55:04,395] Trial 386 finished with values: [10.235496545795144, 10.235496545795144] and parameters: {'k1': 0.003198020818004832, 'D_low': 4.043300846639722, 'k2': 3.349496364344092e-05, 'D_high': 160625.60954780428, 'fire_exp': 1.7837052043252382, 'P_half': 245.27450543222417, 'pre_dampen_half': 33.97904243111269, 'gpp_af': 2.114381609520638, 'gpp_b': 1.56731783988398e-05, 'gpp_d': 373.3014953695604, 'ign_k': 0.04732407125181112, 'ign_c': 3.0378658251922155, 'trop_agb_crit': 15.870971677383487, 'trop_k_veg': 6.911478238001162, 'fuel_k': 0.028970790717327534, 'fuel_half': 15.824830509704693}.
