[I 2026-08-19 15:18:59,770] Trial 985 finished with value: -0.509801353268606 and parameters: {'k1': 0.006369454760847651, 'D_low': 5750.153651929883, 'k2': 0.0002496285292597216, 'D_high': 3964257.685546947, 'fire_exp': 1.3776557698262462, 'P_half': 1.6123566265418117, 'pre_dampen_half': 1.392226748498554, 'gpp_af': 0.017770269538350928, 'gpp_b': 0.00024091494191570006, 'gpp_d': 48.9555273391103, 'ign_k': 0.013002404394637991, 'ign_c': 56.08755039496007, 'trop_agb_crit': 15.07225128697272, 'trop_k_veg': 0.6245658875054934, 'pop_amp': 4.282142454919121, 'pop_peak': 660.5378243917481, 'pop_sig': 0.285818590243051, 'fuel_k': 1.231479694151849, 'fuel_half': 0.10975856308949801}. Best is trial 421 with value: -0.6216386034937503.
[I 2026-08-19 15:19:02,992] Trial 986 finished with value: -0.4302227585609796 and parameters: {'k1': 0.002209344078408867, 'D_low': 1261.1318742237004, 'k2': 0.0003105360983931898, 'D_high': 8558608.133994803, 'fire_exp': 4.818743957901623, 'P_half': 541.6748927202617, 'pre_dampen_half': 6.865167989908014, 'gpp_af': 0.0051167931275215624, 'gpp_b': 0.00038240702639593825, 'gpp_d': 0.06484537115854883, 'ign_k': 0.18723903066268924, 'ign_c': 7.05193710970825, 'trop_agb_crit': 1.4427826088015132, 'trop_k_veg': 1.7915758103018133, 'pop_amp': 1.4082251264627776, 'pop_peak': 21.854168982777683, 'pop_sig': 0.9073675766497631, 'fuel_k': 0.15367211394630326, 'fuel_half': 0.8228344475446517}. Best is trial 421 with value: -0.6216386034937503.
[I 2026-08-19 15:19:06,445] Trial 987 finished with value: -0.5342975059326942 and parameters: {'k1': 0.0010476374909763981, 'D_low': 45.99586181813226, 'k2': 0.0005363157315216935, 'D_high': 496685.84086456505, 'fire_exp': 2.0741735226192586, 'P_half': 7.0472744557534215, 'pre_dampen_half': 11.42971500034907, 'gpp_af': 2.3221384552835946, 'gpp_b': 0.0037965029608566974, 'gpp_d': 4.554750711628033, 'ign_k': 2.329081376435564, 'ign_c': 0.1478794540245715, 'trop_agb_crit': 1.1557728147245887, 'trop_k_veg': 7.136365022447418, 'pop_amp': 0.012277560828616424, 'pop_peak': 159.51143310033697, 'pop_sig': 0.46330470987508465, 'fuel_k': 1.379370110432582, 'fuel_half': 0.4270683847889477}. Best is trial 421 with value: -0.6216386034937503.
[I 2026-08-19 15:19:09,895] Trial 988 finished with value: -0.38646511686613444 and parameters: {'k1': 0.0013205466295172048, 'D_low': 68887.25004190845, 'k2': 3.615557521153768e-05, 'D_high': 3918280.047897954, 'fire_exp': 1.977712420312775, 'P_half': 72.52652269609426, 'pre_dampen_half': 0.32180760563978383, 'gpp_af': 0.002777914023855201, 'gpp_b': 0.0003296545267430055, 'gpp_d': 0.8940515071184445, 'ign_k': 4.00288330458685, 'ign_c': 10.277872930815244, 'trop_agb_crit': 11.151206591408387, 'trop_k_veg': 0.9548010320103867, 'pop_amp': 0.004832911452856525, 'pop_peak': 4.772422321222578, 'pop_sig': 2.3219931168108205, 'fuel_k': 0.6399280224378032, 'fuel_half': 5.6426570133344}. Best is trial 421 with value: -0.6216386034937503.
  trial  989/2500  best_overall=0.6216  (55.1 min)
[I 2026-08-19 15:19:13,685] Trial 989 finished with value: -0.3114253197589528 and parameters: {'k1': 0.00038089183139513916, 'D_low': 1511.1570423240946, 'k2': 3.146259262564221e-05, 'D_high': 967271.6386544012, 'fire_exp': 7.801495996448335, 'P_half': 3.088986705209342, 'pre_dampen_half': 84.4517501359884, 'gpp_af': 0.003958939409099301, 'gpp_b': 2.0834892774539477e-05, 'gpp_d': 5.768704662079175, 'ign_k': 1.5687382479022514, 'ign_c': 0.15582375335674942, 'trop_agb_crit': 11.86434248084735, 'trop_k_veg': 6.285534067843918, 'pop_amp': 4.483370967139102, 'pop_peak': 33.37326952546279, 'pop_sig': 1.5362485119807727, 'fuel_k': 1.3676297202867842, 'fuel_half': 0.377299932528087}. Best is trial 421 with value: -0.6216386034937503.
[I 2026-08-19 15:19:17,785] Trial 990 finished with value: -0.45560089569490125 and parameters: {'k1': 0.004032145770554684, 'D_low': 126.25467530415199, 'k2': 2.993969542447548e-05, 'D_high': 709789.0189656497, 'fire_exp': 3.324518839061867, 'P_half': 711.3639560579197, 'pre_dampen_half': 1.0762359453371877, 'gpp_af': 0.012170078641927718, 'gpp_b': 0.00028608428185385626, 'gpp_d': 69.91717691857893, 'ign_k': 0.07426556170172054, 'ign_c': 2.302886723003218, 'trop_agb_crit': 10.054443271804708, 'trop_k_veg': 1.2235158898629948, 'pop_amp': 5.3597998377480325, 'pop_peak': 0.7830241810326981, 'pop_sig': 1.1330602069714257, 'fuel_k': 0.04128971836705629, 'fuel_half': 0.27390175270475575}. Best is trial 421 with value: -0.6216386034937503.
[I 2026-08-19 15:19:20,952] Trial 991 finished with value: -0.4317947775867236 and parameters: {'k1': 0.0009252102316299949, 'D_low': 5037.764091009741, 'k2': 0.00016130306616700114, 'D_high': 221296.46524655964, 'fire_exp': 9.598593768189266, 'P_half': 130.97502671186453, 'pre_dampen_half': 6.2058686270471375, 'gpp_af': 0.02843732024456458, 'gpp_b': 0.00015958414523707792, 'gpp_d': 0.38911649577447416, 'ign_k': 1.339423220419061, 'ign_c': 0.3023695955794003, 'trop_agb_crit': 13.946565696780066, 'trop_k_veg': 2.040318647681554, 'pop_amp': 0.18233637579617218, 'pop_peak': 33.4915023878854, 'pop_sig': 0.9955759365653004, 'fuel_k': 0.4149939980516834, 'fuel_half': 0.5345429495777976}. Best is trial 421 with value: -0.6216386034937503.
[I 2026-08-19 15:19:24,329] Trial 992 finished with value: -0.6141234798778705 and parameters: {'k1': 1.4345087605273544e-05, 'D_low': 55091.973732851526, 'k2': 1.0994941305061666e-05, 'D_high': 714253.9542271186, 'fire_exp': 1.0916776547024218, 'P_half': 49.907442133042224, 'pre_dampen_half': 0.38915987684997655, 'gpp_af': 0.0010870933025546264, 'gpp_b': 1.2498170894543963e-05, 'gpp_d': 0.1020883903561826, 'ign_k': 1.8042769805008811, 'ign_c': 17.560288285520215, 'trop_agb_crit': 10.773475435934301, 'trop_k_veg': 0.969217178347059, 'pop_amp': 1.9072495301159436, 'pop_peak': 1.6446133792710353, 'pop_sig': 2.1216759722010305, 'fuel_k': 1.1850294962501882, 'fuel_half': 1.18427549266035}. Best is trial 421 with value: -0.6216386034937503.
[I 2026-08-19 15:19:27,345] Trial 993 finished with value: -0.48671851000542155 and parameters: {'k1': 0.0017026228419051792, 'D_low': 211.77748242540952, 'k2': 0.0005876593914186943, 'D_high': 1582809.9102149426, 'fire_exp': 4.348464333479418, 'P_half': 289.433225194635, 'pre_dampen_half': 5.324299174012644, 'gpp_af': 0.10414791407738015, 'gpp_b': 2.0197726396407702e-05, 'gpp_d': 0.706362925272963, 'ign_k': 0.18903140731264645, 'ign_c': 4.597137402081212, 'trop_agb_crit': 21.753755828186975, 'trop_k_veg': 3.0649062727985172, 'pop_amp': 0.8154601924062858, 'pop_peak': 1.9259571038049912, 'pop_sig': 1.226788905154656, 'fuel_k': 0.11877766812166428, 'fuel_half': 0.7569873971109348}. Best is trial 421 with value: -0.6216386034937503.
[I 2026-08-19 15:19:31,396] Trial 994 finished with value: -0.5266702267505375 and parameters: {'k1': 9.846085264338689e-05, 'D_low': 292.621019712013, 'k2': 0.0007905460626095593, 'D_high': 2931508.2697649817, 'fire_exp': 6.635122048907457, 'P_half': 17.639775817268422, 'pre_dampen_half': 10.718735935197019, 'gpp_af': 0.04567618969016159, 'gpp_b': 3.276457834701383e-05, 'gpp_d': 533.2184710377339, 'ign_k': 0.4704065606028077, 'ign_c': 2.8316585465803867, 'trop_agb_crit': 1.520349830539078, 'trop_k_veg': 6.9491783410056405, 'pop_amp': 0.002604466074843903, 'pop_peak': 16.53398617645321, 'pop_sig': 0.29956795852346213, 'fuel_k': 1.4219412534174902, 'fuel_half': 9.193077861061619}. Best is trial 421 with value: -0.6216386034937503.
  trial  995/2500  best_overall=0.6216  (55.5 min)
[I 2026-08-19 15:19:36,301] Trial 995 finished with value: -0.41875031258854445 and parameters: {'k1': 5.212828420335899e-05, 'D_low': 145767.65146726934, 'k2': 3.4294892551034235e-05, 'D_high': 8576119.217534183, 'fire_exp': 1.7010804470504806, 'P_half': 44.06109453923691, 'pre_dampen_half': 0.12446395561641498, 'gpp_af': 0.00148374062030711, 'gpp_b': 0.0018442276166067814, 'gpp_d': 0.11418120567584922, 'ign_k': 9.310455685375851, 'ign_c': 5.093557824993348, 'trop_agb_crit': 8.674298571726569, 'trop_k_veg': 1.9177880986067484, 'pop_amp': 15.04094457339738, 'pop_peak': 3.721583490165155, 'pop_sig': 1.9166470407624834, 'fuel_k': 2.4413185363535748, 'fuel_half': 1.5506975364676483}. Best is trial 421 with value: -0.6216386034937503.
[I 2026-08-19 15:19:39,261] Trial 996 finished with value: -0.5349218294115416 and parameters: {'k1': 7.074142611499796e-05, 'D_low': 3944.659737157872, 'k2': 1.5392037970799666e-05, 'D_high': 2161759.328525801, 'fire_exp': 1.275384687398116, 'P_half': 9.820557280316896, 'pre_dampen_half': 0.8916616054821183, 'gpp_af': 0.10569010219529526, 'gpp_b': 1.4846721651318054e-05, 'gpp_d': 0.0422153163404225, 'ign_k': 1.6467684011773007, 'ign_c': 1.0312370806720181, 'trop_agb_crit': 4.176095750381762, 'trop_k_veg': 1.154888745977455, 'pop_amp': 0.5780037796024, 'pop_peak': 0.6380282049691103, 'pop_sig': 1.2137321125123235, 'fuel_k': 1.333181141345127, 'fuel_half': 0.35485503962038356}. Best is trial 421 with value: -0.6216386034937503.
[I 2026-08-19 15:19:42,714] Trial 997 finished with value: -0.48864235869761063 and parameters: {'k1': 0.02593607577513049, 'D_low': 113.35547424677355, 'k2': 1.4574107761968363e-05, 'D_high': 2052299.9520987754, 'fire_exp': 1.1460335075978791, 'P_half': 135.78028085272808, 'pre_dampen_half': 3.1017145843095904, 'gpp_af': 0.05161592232184239, 'gpp_b': 3.4719523087497556e-05, 'gpp_d': 0.7344831499075457, 'ign_k': 7.68403674968301, 'ign_c': 9.975170725735092, 'trop_agb_crit': 5.960416115445983, 'trop_k_veg': 5.100021037168359, 'pop_amp': 0.1498984705251266, 'pop_peak': 0.37957730880951257, 'pop_sig': 0.8628159282508161, 'fuel_k': 2.3260402698535483, 'fuel_half': 0.11931547813276272}. Best is trial 421 with value: -0.6216386034937503.
[I 2026-08-19 15:19:45,997] Trial 998 finished with value: -0.5884135823625757 and parameters: {'k1': 2.7139965478826975e-05, 'D_low': 15948.561902552094, 'k2': 9.297062815609754e-05, 'D_high': 586048.8503204645, 'fire_exp': 1.9563763467152422, 'P_half': 34.94497903939234, 'pre_dampen_half': 0.05950182752589012, 'gpp_af': 0.0014701097492047942, 'gpp_b': 1.0032863535334823e-05, 'gpp_d': 0.1792896740585749, 'ign_k': 1.087164815477906, 'ign_c': 11.267114487804644, 'trop_agb_crit': 17.25331091238677, 'trop_k_veg': 0.9766910540425398, 'pop_amp': 4.7121780363196955, 'pop_peak': 2.3005498191113434, 'pop_sig': 1.7542343971246548, 'fuel_k': 3.1163994706991853, 'fuel_half': 0.8034445959823722}. Best is trial 421 with value: -0.6216386034937503.
[I 2026-08-19 15:19:49,170] Trial 999 finished with value: -0.5683689366724167 and parameters: {'k1': 3.739958486810607e-05, 'D_low': 2.009127782918771, 'k2': 2.7577041442221718e-05, 'D_high': 634147.5285489949, 'fire_exp': 2.596038185695979, 'P_half': 7.391184648828662, 'pre_dampen_half': 1.189631958350091, 'gpp_af': 0.9641700441264923, 'gpp_b': 0.00031894971645417356, 'gpp_d': 12.660443845070784, 'ign_k': 1.994523078165934, 'ign_c': 10.621832582341927, 'trop_agb_crit': 2.213306107532558, 'trop_k_veg': 7.556094876000507, 'pop_amp': 0.13044097213032904, 'pop_peak': 668.3245953756067, 'pop_sig': 0.4542225763541851, 'fuel_k': 5.9901147842620555, 'fuel_half': 1.8220600239892542}. Best is trial 421 with value: -0.6216386034937503.
[I 2026-08-19 15:19:52,137] Trial 1000 finished with value: -0.5150708410577073 and parameters: {'k1': 0.0027140249741767174, 'D_low': 831.2231579882459, 'k2': 0.06266062057725419, 'D_high': 2159878.7014813097, 'fire_exp': 1.0611962326458653, 'P_half': 4.213974765000036, 'pre_dampen_half': 2.769354073414042, 'gpp_af': 0.09243036743368427, 'gpp_b': 0.0002763786434333332, 'gpp_d': 55.80832173529184, 'ign_k': 0.5796753612924624, 'ign_c': 2.8220503289646723, 'trop_agb_crit': 11.365629903974634, 'trop_k_veg': 0.8520764086905216, 'pop_amp': 1.135348151060568, 'pop_peak': 23.269054507818982, 'pop_sig': 0.43361208416595304, 'fuel_k': 0.21478754145922224, 'fuel_half': 0.12754992371572058}. Best is trial 421 with value: -0.6216386034937503.
[I 2026-08-19 15:19:55,319] Trial 1001 finished with value: -0.5920160711256417 and parameters: {'k1': 0.001800545978001337, 'D_low': 3988.6944528170366, 'k2': 0.0006365103998321202, 'D_high': 937518.1071464628, 'fire_exp': 3.433178897312241, 'P_half': 206.4747694774064, 'pre_dampen_half': 80.30568345715079, 'gpp_af': 0.035259091928711565, 'gpp_b': 9.90979134452633e-05, 'gpp_d': 29.037020546718733, 'ign_k': 0.3148738014074111, 'ign_c': 9.72495942333604, 'trop_agb_crit': 14.337746005637596, 'trop_k_veg': 3.43154270015061, 'pop_amp': 0.0011473098807298762, 'pop_peak': 7.6993057396910825, 'pop_sig': 0.6916872116870197, 'fuel_k': 2.952374441799811, 'fuel_half': 1.6667331907992202}. Best is trial 421 with value: -0.6216386034937503.
  trial 1002/2500  best_overall=0.6216  (55.9 min)
[I 2026-08-19 15:19:59,235] Trial 1002 finished with value: -0.44491184763029545 and parameters: {'k1': 0.0010004024585790522, 'D_low': 9.540263954168791, 'k2': 3.88008847273104e-05, 'D_high': 7743992.981151755, 'fire_exp': 3.2578219056459257, 'P_half': 90.65958911152227, 'pre_dampen_half': 2.3196158388054156, 'gpp_af': 0.11871075575364018, 'gpp_b': 0.0007948755923091512, 'gpp_d': 2.6278721057877648, 'ign_k': 0.014580344794838001, 'ign_c': 0.3339032287713554, 'trop_agb_crit': 9.941917555626588, 'trop_k_veg': 3.5783905376774645, 'pop_amp': 1.2970918911771747, 'pop_peak': 0.6407165290094962, 'pop_sig': 1.73687584406588, 'fuel_k': 0.01162129034308457, 'fuel_half': 1.3632554556475152}. Best is trial 421 with value: -0.6216386034937503.
[I 2026-08-19 15:20:02,869] Trial 1003 finished with value: -0.5322939685979666 and parameters: {'k1': 1.1971378733360984e-05, 'D_low': 48069.01233728877, 'k2': 1.1813959992964009e-05, 'D_high': 4914534.159033947, 'fire_exp': 1.14480155942492, 'P_half': 1.2770940475843682, 'pre_dampen_half': 0.5589253076024485, 'gpp_af': 0.001338824728119941, 'gpp_b': 0.00038049515854858963, 'gpp_d': 0.03641772896326905, 'ign_k': 1.1686114512362313, 'ign_c': 3.296437115599516, 'trop_agb_crit': 9.651405458853988, 'trop_k_veg': 0.526832546061278, 'pop_amp': 0.6387891630431922, 'pop_peak': 6.058792719776464, 'pop_sig': 1.61722821377577, 'fuel_k': 1.3336872871428505, 'fuel_half': 0.2579475701121136}. Best is trial 421 with value: -0.6216386034937503.
[I 2026-08-19 15:20:07,496] Trial 1004 finished with value: -0.6027951478841612 and parameters: {'k1': 0.00014644204043255755, 'D_low': 2.283879087488359, 'k2': 1.4768295708524404e-05, 'D_high': 3324310.276604357, 'fire_exp': 1.3535919745318767, 'P_half': 4.407585397424338, 'pre_dampen_half': 5.1236509477754675, 'gpp_af': 0.05983718183341395, 'gpp_b': 0.00018961817872464453, 'gpp_d': 519.0796093982383, 'ign_k': 0.16997091095872807, 'ign_c': 9.577705260843844, 'trop_agb_crit': 24.188812756700862, 'trop_k_veg': 3.357590926606559, 'pop_amp': 0.09367348369017314, 'pop_peak': 344.5318344017053, 'pop_sig': 0.4508856777744337, 'fuel_k': 0.981610568644747, 'fuel_half': 1.2940200469703151}. Best is trial 421 with value: -0.6216386034937503.
[I 2026-08-19 15:20:12,889] Trial 1005 finished with value: -0.3554625854118624 and parameters: {'k1': 1.7366971775827054e-05, 'D_low': 18.67946719206519, 'k2': 2.74227763541964e-05, 'D_high': 205462.65462322626, 'fire_exp': 1.2964062936900163, 'P_half': 2.162038316904277, 'pre_dampen_half': 17.973676127998324, 'gpp_af': 0.010156010792664307, 'gpp_b': 0.00032380088223039855, 'gpp_d': 962.3320177374945, 'ign_k': 1.5960404382147018, 'ign_c': 120.13424281271288, 'trop_agb_crit': 20.818797881937193, 'trop_k_veg': 3.7687902519498806, 'pop_amp': 0.08202644535609036, 'pop_peak': 570.8183834844765, 'pop_sig': 0.40656301241297366, 'fuel_k': 0.5441622472459945, 'fuel_half': 0.5079172235473617}. Best is trial 421 with value: -0.6216386034937503.
[I 2026-08-19 15:20:16,512] Trial 1006 finished with value: -0.4802524857001857 and parameters: {'k1': 0.0007714221001003291, 'D_low': 132.31143835700863, 'k2': 0.00020132818501932242, 'D_high': 2251209.7726239883, 'fire_exp': 3.964762611017251, 'P_half': 14.622166392783388, 'pre_dampen_half': 4.978980366436786, 'gpp_af': 3.89356344647693, 'gpp_b': 0.0001040671789694268, 'gpp_d': 7.818349033705499, 'ign_k': 4.579431550274273, 'ign_c': 25.659751790867297, 'trop_agb_crit': 1.4895685294024734, 'trop_k_veg': 7.778612763213206, 'pop_amp': 0.010340013106437828, 'pop_peak': 10.236302925527193, 'pop_sig': 0.2963412513430741, 'fuel_k': 0.4894894635708921, 'fuel_half': 5.327413511887265}. Best is trial 421 with value: -0.6216386034937503.
  trial 1007/2500  best_overall=0.6216  (56.2 min)
[I 2026-08-19 15:20:21,243] Trial 1007 finished with value: -0.46637057917673524 and parameters: {'k1': 0.006270119678962791, 'D_low': 10.502607819662622, 'k2': 0.00022727669610621816, 'D_high': 417641.90726199915, 'fire_exp': 7.89356143439247, 'P_half': 330.49457095368285, 'pre_dampen_half': 230.06178533729442, 'gpp_af': 0.1561844954772198, 'gpp_b': 0.00016730992835223274, 'gpp_d': 14.385889841607518, 'ign_k': 1.0047876379953946, 'ign_c': 0.3945308841608608, 'trop_agb_crit': 8.941159291472783, 'trop_k_veg': 1.9630617647555662, 'pop_amp': 0.1442204836428091, 'pop_peak': 26.701233188134637, 'pop_sig': 0.32669737147502353, 'fuel_k': 0.180093559144525, 'fuel_half': 0.8024174541438803}. Best is trial 421 with value: -0.6216386034937503.
[I 2026-08-19 15:20:26,239] Trial 1008 finished with value: -0.4525088406394233 and parameters: {'k1': 0.000933254574666555, 'D_low': 3.3318638063425214, 'k2': 0.00011780828741593824, 'D_high': 524402.9924405646, 'fire_exp': 1.8588185457586222, 'P_half': 11.644326889182933, 'pre_dampen_half': 0.10460404665449717, 'gpp_af': 0.9834145945582115, 'gpp_b': 5.024806159967518e-05, 'gpp_d': 0.9895654073645648, 'ign_k': 0.028055215548942622, 'ign_c': 0.23593387972482754, 'trop_agb_crit': 3.768838836888029, 'trop_k_veg': 1.2059469491779724, 'pop_amp': 0.034991495504310945, 'pop_peak': 10.902838853610877, 'pop_sig': 0.6122383318262093, 'fuel_k': 0.07445658135036334, 'fuel_half': 0.12349703072970394}. Best is trial 421 with value: -0.6216386034937503.
[I 2026-08-19 15:20:29,692] Trial 1009 finished with value: -0.5916143592462817 and parameters: {'k1': 0.003197173132012698, 'D_low': 63.47446437313004, 'k2': 0.00035301217391186943, 'D_high': 2026204.3919157167, 'fire_exp': 2.7482517216434466, 'P_half': 18.011819812670772, 'pre_dampen_half': 3.134548566702065, 'gpp_af': 0.0017754332210614275, 'gpp_b': 4.0499021095335676e-05, 'gpp_d': 0.43083900169478684, 'ign_k': 9.735757322207917, 'ign_c': 3.5556181871473234, 'trop_agb_crit': 23.332896838649873, 'trop_k_veg': 1.5878647843187366, 'pop_amp': 0.018525549631575308, 'pop_peak': 640.4639994738361, 'pop_sig': 0.33412747700568934, 'fuel_k': 0.27327678175499753, 'fuel_half': 0.11887633200466007}. Best is trial 421 with value: -0.6216386034937503.
[I 2026-08-19 15:20:32,995] Trial 1010 finished with value: -0.4177491064949521 and parameters: {'k1': 1.2410243004026257e-05, 'D_low': 69264.17485501213, 'k2': 0.00011126766347062096, 'D_high': 22532.050553040553, 'fire_exp': 1.8974103238118223, 'P_half': 556.8123463539534, 'pre_dampen_half': 0.2919755812758117, 'gpp_af': 0.024088889085161932, 'gpp_b': 1.1737375367617682e-05, 'gpp_d': 3.6214780848287638, 'ign_k': 5.491312712362941, 'ign_c': 17.29799188836467, 'trop_agb_crit': 10.793187752894365, 'trop_k_veg': 0.6460341370274182, 'pop_amp': 6.580356831657758, 'pop_peak': 4.54219783911448, 'pop_sig': 1.3525857709169264, 'fuel_k': 0.6338355256938416, 'fuel_half': 0.49527670193821255}. Best is trial 421 with value: -0.6216386034937503.
[I 2026-08-19 15:20:35,937] Trial 1011 finished with value: -0.3446676020324674 and parameters: {'k1': 4.085418964981807e-05, 'D_low': 6265.530832899726, 'k2': 3.92258161454618e-05, 'D_high': 633204.1377042084, 'fire_exp': 1.1393967335476394, 'P_half': 9.65213249244347, 'pre_dampen_half': 0.36230276138973877, 'gpp_af': 0.0016344237441621957, 'gpp_b': 1.297896789022558e-05, 'gpp_d': 0.014482501795238176, 'ign_k': 0.8665427221791286, 'ign_c': 65.64784544610313, 'trop_agb_crit': 18.349857283062505, 'trop_k_veg': 1.0585407360188783, 'pop_amp': 2.2914538258456068, 'pop_peak': 2.8504116479208474, 'pop_sig': 2.2465310053536873, 'fuel_k': 3.163389238492355, 'fuel_half': 6.898874324328867}. Best is trial 421 with value: -0.6216386034937503.
[I 2026-08-19 15:20:39,845] Trial 1012 finished with value: -0.5856331195400937 and parameters: {'k1': 0.00022026417045013018, 'D_low': 7.265940813264089, 'k2': 4.529330253874946e-05, 'D_high': 322771.33123820875, 'fire_exp': 1.1604164767773817, 'P_half': 3.4337265565934807, 'pre_dampen_half': 4.230514087482158, 'gpp_af': 0.09622653727440508, 'gpp_b': 4.18464048243373e-05, 'gpp_d': 770.7328169483001, 'ign_k': 0.222168558800981, 'ign_c': 9.524093359422269, 'trop_agb_crit': 22.943042876464883, 'trop_k_veg': 2.901110983748315, 'pop_amp': 0.05135175306574569, 'pop_peak': 131.9347041579616, 'pop_sig': 0.42597649122352144, 'fuel_k': 0.3152223569252672, 'fuel_half': 2.9154383331592735}. Best is trial 421 with value: -0.6216386034937503.
  trial 1013/2500  best_overall=0.6216  (56.6 min)
[I 2026-08-19 15:20:43,318] Trial 1013 finished with value: -0.43862173666747467 and parameters: {'k1': 5.438863446347244e-05, 'D_low': 4.77007845632371, 'k2': 6.495800696752539e-05, 'D_high': 3332943.0020948844, 'fire_exp': 3.571308744334296, 'P_half': 3.6999360467268043, 'pre_dampen_half': 0.2695251949396995, 'gpp_af': 0.008066764821588492, 'gpp_b': 0.00011514130897675752, 'gpp_d': 1.0303417502760253, 'ign_k': 0.5030739994894827, 'ign_c': 20.914790862539203, 'trop_agb_crit': 1.7960379997473541, 'trop_k_veg': 5.707696606358421, 'pop_amp': 0.018427496225850677, 'pop_peak': 21.658392585398847, 'pop_sig': 0.39242668250480217, 'fuel_k': 1.2624026360261462, 'fuel_half': 2.7902108037929594}. Best is trial 421 with value: -0.6216386034937503.
