[I 2026-06-10 21:58:45,784] Trial 298 finished with values: [10.480664630594, 10.480664630594] and parameters: {'k1': 0.00023134781612225627, 'D_low': 2186.356344942016, 'k2': 0.0001280886335404798, 'D_high': 32311.521854410956, 'fire_exp': 1.811096651915224, 'P_half': 5.4712187293420325, 'pre_dampen_half': 121.93011993958949, 'gpp_af': 3.298293484806585, 'gpp_b': 0.00031478066835753096, 'gpp_d': 1.6963424566071992, 'ign_k': 0.02779045054796808, 'ign_c': 7.081721844034206, 'trop_agb_crit': 1.8023542850487386, 'trop_k_veg': 0.5535297685306277, 'fire_amp': 1.4475279918261055}.
[I 2026-06-10 21:58:47,396] Trial 299 finished with values: [10.220083970446296, 10.220083970446296] and parameters: {'k1': 5.7909642338812115e-05, 'D_low': 408.3047491580097, 'k2': 3.152468275632564e-05, 'D_high': 267.3088310781672, 'fire_exp': 1.9095652801045373, 'P_half': 1.4551749476072258, 'pre_dampen_half': 189.36639872354493, 'gpp_af': 0.09885838682552685, 'gpp_b': 5.0875243087016374e-05, 'gpp_d': 0.4742269251269962, 'ign_k': 0.09256855841989636, 'ign_c': 7.832259769732471, 'trop_agb_crit': 18.081400596781233, 'trop_k_veg': 1.508040082046931, 'fire_amp': 2.6192385880432525}.
[I 2026-06-10 21:58:49,006] Trial 300 finished with values: [10.830714010117195, 10.830714010117195] and parameters: {'k1': 0.012840669372724958, 'D_low': 236.79352040223893, 'k2': 0.019383858782150494, 'D_high': 124.31017136067044, 'fire_exp': 1.0812994412809738, 'P_half': 61.6097529474144, 'pre_dampen_half': 4.603480758878793, 'gpp_af': 96.74365715402625, 'gpp_b': 0.001674375583895437, 'gpp_d': 0.7698760608299932, 'ign_k': 0.0032383308053152635, 'ign_c': 1.364908766641693, 'trop_agb_crit': 8.0091368834625, 'trop_k_veg': 2.99731137426955, 'fire_amp': 1.5180207449214471}.
[I 2026-06-10 21:58:50,726] Trial 301 finished with values: [10.534623044596687, 10.534623044596687] and parameters: {'k1': 0.00023134781612225627, 'D_low': 171.2446447678494, 'k2': 0.0011135501184757278, 'D_high': 22.636544662054543, 'fire_exp': 1.2918065501148304, 'P_half': 69.68111190775313, 'pre_dampen_half': 121.93011993958949, 'gpp_af': 0.016306190741524337, 'gpp_b': 0.0036065155862388338, 'gpp_d': 2.990423074145505, 'ign_k': 0.002357279455676982, 'ign_c': 157.63098727399432, 'trop_agb_crit': 12.708819454040446, 'trop_k_veg': 0.5535297685306277, 'fire_amp': 1.2393473789150806}.
[I 2026-06-10 21:58:52,876] Trial 302 finished with values: [10.750159817386178, 10.750159817386178] and parameters: {'k1': 0.0006390695092073222, 'D_low': 1440.3650379563878, 'k2': 0.0004976087827261435, 'D_high': 431.45617043093523, 'fire_exp': 1.0601964743503993, 'P_half': 4.213183643253957, 'pre_dampen_half': 1.6130673726933187, 'gpp_af': 27.448645214004376, 'gpp_b': 2.176805640408474e-05, 'gpp_d': 0.12878367369717508, 'ign_k': 0.00840038491455979, 'ign_c': 48.704711413416454, 'trop_agb_crit': 12.647327018493208, 'trop_k_veg': 2.520089655463604, 'fire_amp': 5.606809127618709}.
[I 2026-06-10 21:58:54,583] Trial 303 finished with values: [10.20876074154098, 10.20876074154098] and parameters: {'k1': 0.0018697387216131526, 'D_low': 24.28756508761176, 'k2': 7.857247967427128e-05, 'D_high': 42.242359735170886, 'fire_exp': 1.1633452995374232, 'P_half': 7.914423612155368, 'pre_dampen_half': 1.8469033699850426, 'gpp_af': 0.41874665092828456, 'gpp_b': 1.4540386644083135e-05, 'gpp_d': 594.7389794988394, 'ign_k': 0.00840038491455979, 'ign_c': 7.081721844034206, 'trop_agb_crit': 1.8566494291193822, 'trop_k_veg': 6.825463866194253, 'fire_amp': 3.1045399027418377}.
[I 2026-06-10 21:58:56,234] Trial 304 finished with values: [-0.4786428562478294, 0.11060287496734189] and parameters: {'k1': 0.012840669372724958, 'D_low': 171.2446447678494, 'k2': 0.02065142557895925, 'D_high': 42210.21267871043, 'fire_exp': 1.0812994412809738, 'P_half': 61.6097529474144, 'pre_dampen_half': 4.603480758878793, 'gpp_af': 0.016306190741524337, 'gpp_b': 2.800940363375676e-05, 'gpp_d': 0.7698760608299932, 'ign_k': 0.0029519227433917453, 'ign_c': 1.9423015749984096, 'trop_agb_crit': 8.0091368834625, 'trop_k_veg': 2.520089655463604, 'fire_amp': 1.5180207449214471}.
[I 2026-06-10 21:58:57,948] Trial 305 finished with values: [-0.44634391189768025, 0.16984001773908386] and parameters: {'k1': 0.0018697387216131526, 'D_low': 2.843767489444367, 'k2': 0.0004976087827261435, 'D_high': 32311.521854410956, 'fire_exp': 1.1633452995374232, 'P_half': 93.43302657318476, 'pre_dampen_half': 16.009350908593582, 'gpp_af': 0.2204465010099918, 'gpp_b': 0.0003601974223479835, 'gpp_d': 0.03927259340973166, 'ign_k': 0.07867677706257832, 'ign_c': 0.4177928311636542, 'trop_agb_crit': 12.708819454040446, 'trop_k_veg': 5.453348988480011, 'fire_amp': 1.5719333351012774}.
[I 2026-06-10 21:58:59,738] Trial 306 finished with values: [10.700469366308411, 10.700469366308411] and parameters: {'k1': 5.7909642338812115e-05, 'D_low': 1.7551403048208316, 'k2': 0.02065142557895925, 'D_high': 42210.21267871043, 'fire_exp': 1.811096651915224, 'P_half': 5.4712187293420325, 'pre_dampen_half': 10.931606102061748, 'gpp_af': 0.016306190741524337, 'gpp_b': 0.006999112505425414, 'gpp_d': 0.02253428262837267, 'ign_k': 0.371259104528773, 'ign_c': 7.832259769732471, 'trop_agb_crit': 1.8023542850487386, 'trop_k_veg': 0.5535297685306277, 'fire_amp': 4.2446263054164195}.
[I 2026-06-10 21:59:01,525] Trial 307 finished with values: [10.70377712735437, 10.70377712735437] and parameters: {'k1': 6.784924519083143e-05, 'D_low': 2.843767489444367, 'k2': 0.0004976087827261435, 'D_high': 32311.521854410956, 'fire_exp': 1.1633452995374232, 'P_half': 8.318314747941244, 'pre_dampen_half': 231.59500020699807, 'gpp_af': 0.0065783822580709386, 'gpp_b': 1.1008110571039521e-05, 'gpp_d': 94.19931479490882, 'ign_k': 0.17320535908244444, 'ign_c': 48.704711413416454, 'trop_agb_crit': 1.8566494291193822, 'trop_k_veg': 5.453348988480011, 'fire_amp': 4.19233232783727}.
[I 2026-06-10 21:59:03,261] Trial 308 finished with values: [10.81641687679325, 10.81641687679325] and parameters: {'k1': 0.0008362695993649681, 'D_low': 2186.356344942016, 'k2': 7.857247967427128e-05, 'D_high': 1266.9536563782303, 'fire_exp': 1.1633452995374232, 'P_half': 7.914423612155368, 'pre_dampen_half': 1.8469033699850426, 'gpp_af': 0.41874665092828456, 'gpp_b': 0.01666658176842624, 'gpp_d': 594.7389794988394, 'ign_k': 0.02779045054796808, 'ign_c': 59.52904331761843, 'trop_agb_crit': 1.8566494291193822, 'trop_k_veg': 1.6648666152166967, 'fire_amp': 1.4475279918261055}.
[I 2026-06-10 21:59:04,968] Trial 309 finished with values: [10.455444168283684, 10.455444168283684] and parameters: {'k1': 0.0326979063339169, 'D_low': 236.79352040223893, 'k2': 0.003767022142229395, 'D_high': 6682.9607218310075, 'fire_exp': 1.2060040899560858, 'P_half': 3.591771421517613, 'pre_dampen_half': 4.847666216751353, 'gpp_af': 0.07118041471054574, 'gpp_b': 0.001674375583895437, 'gpp_d': 1.4397852866783676, 'ign_k': 0.0032383308053152635, 'ign_c': 7.081721844034206, 'trop_agb_crit': 12.9667438075127, 'trop_k_veg': 2.99731137426955, 'fire_amp': 1.5719333351012774}.
[I 2026-06-10 21:59:06,803] Trial 310 finished with values: [10.829537780099287, 10.829537780099287] and parameters: {'k1': 0.012840669372724958, 'D_low': 12.105387404469584, 'k2': 7.639737756882014e-05, 'D_high': 21.356209987689077, 'fire_exp': 1.41873960828944, 'P_half': 3.591771421517613, 'pre_dampen_half': 16.009350908593582, 'gpp_af': 0.008117091133892173, 'gpp_b': 0.12105864607844925, 'gpp_d': 0.12878367369717508, 'ign_k': 0.0029519227433917453, 'ign_c': 7.081721844034206, 'trop_agb_crit': 1.0693376406863295, 'trop_k_veg': 6.825463866194253, 'fire_amp': 1.2393473789150806}.
[I 2026-06-10 21:59:08,642] Trial 311 finished with values: [12.177629474572726, 12.177629474572726] and parameters: {'k1': 0.012840669372724958, 'D_low': 12.105387404469584, 'k2': 0.003767022142229395, 'D_high': 18337.177967709995, 'fire_exp': 1.0601964743503993, 'P_half': 4.213183643253957, 'pre_dampen_half': 33.71909132517384, 'gpp_af': 1.8730788990929563, 'gpp_b': 0.0004360709560327289, 'gpp_d': 28.312234265202243, 'ign_k': 0.00840038491455979, 'ign_c': 157.63098727399432, 'trop_agb_crit': 1.0693376406863295, 'trop_k_veg': 0.6673124511410327, 'fire_amp': 4.783836175730692}.
[I 2026-06-10 21:59:10,438] Trial 312 finished with values: [10.61110368342657, 10.61110368342657] and parameters: {'k1': 0.00023134781612225627, 'D_low': 148.21691630007544, 'k2': 0.0001280886335404798, 'D_high': 32311.521854410956, 'fire_exp': 1.5191397119156032, 'P_half': 5.4712187293420325, 'pre_dampen_half': 42.05657072871069, 'gpp_af': 0.10098504976210308, 'gpp_b': 0.004411400434514031, 'gpp_d': 0.1619054449471649, 'ign_k': 0.002357279455676982, 'ign_c': 22.126836566118193, 'trop_agb_crit': 1.2489332852689512, 'trop_k_veg': 0.5535297685306277, 'fire_amp': 1.5719333351012774}.
[I 2026-06-10 21:59:12,077] Trial 313 finished with values: [10.833333333029685, 10.833333333029685] and parameters: {'k1': 0.00031134168041628584, 'D_low': 171.2446447678494, 'k2': 0.0011135501184757278, 'D_high': 30227.031291375773, 'fire_exp': 8.930248873821906, 'P_half': 2539.9645554516837, 'pre_dampen_half': 16.009350908593582, 'gpp_af': 0.0662749342026412, 'gpp_b': 0.00031478066835753096, 'gpp_d': 28.312234265202243, 'ign_k': 0.004020051040432127, 'ign_c': 1.9423015749984096, 'trop_agb_crit': 12.708819454040446, 'trop_k_veg': 0.5535297685306277, 'fire_amp': 1.2393473789150806}.
[I 2026-06-10 21:59:13,977] Trial 314 finished with values: [10.69688814240648, 10.69688814240648] and parameters: {'k1': 0.006079905434073396, 'D_low': 2.843767489444367, 'k2': 3.152468275632564e-05, 'D_high': 267.3088310781672, 'fire_exp': 1.9095652801045373, 'P_half': 118.94665366442581, 'pre_dampen_half': 11.669626228257902, 'gpp_af': 0.09885838682552685, 'gpp_b': 0.00047819318414852577, 'gpp_d': 0.4742269251269962, 'ign_k': 0.002357279455676982, 'ign_c': 7.081721844034206, 'trop_agb_crit': 3.108985631683375, 'trop_k_veg': 1.6003641872536711, 'fire_amp': 2.6192385880432525}.
[I 2026-06-10 21:59:15,771] Trial 315 finished with values: [10.557001346600742, 10.557001346600742] and parameters: {'k1': 0.00031134168041628584, 'D_low': 12.105387404469584, 'k2': 0.003767022142229395, 'D_high': 431.45617043093523, 'fire_exp': 1.0601964743503993, 'P_half': 24.617096698415132, 'pre_dampen_half': 1.4510220269654117, 'gpp_af': 52.24919465719593, 'gpp_b': 1.4540386644083135e-05, 'gpp_d': 46.010874324515754, 'ign_k': 0.00840038491455979, 'ign_c': 48.704711413416454, 'trop_agb_crit': 1.0693376406863295, 'trop_k_veg': 1.600928934389327, 'fire_amp': 3.139567065154707}.
[I 2026-06-10 21:59:17,471] Trial 316 finished with values: [10.452261164653143, 10.452261164653143] and parameters: {'k1': 0.012840669372724958, 'D_low': 171.2446447678494, 'k2': 0.0004976087827261435, 'D_high': 42210.21267871043, 'fire_exp': 1.2918065501148304, 'P_half': 38.93835424674703, 'pre_dampen_half': 0.011396414164620812, 'gpp_af': 0.2204465010099918, 'gpp_b': 2.176805640408474e-05, 'gpp_d': 0.03927259340973166, 'ign_k': 0.0029519227433917453, 'ign_c': 39.52220881906114, 'trop_agb_crit': 12.647327018493208, 'trop_k_veg': 2.520089655463604, 'fire_amp': 5.606809127618709}.
[I 2026-06-10 21:59:19,101] Trial 317 finished with values: [10.577257902391528, 10.577257902391528] and parameters: {'k1': 0.012840669372724958, 'D_low': 12.105387404469584, 'k2': 0.003767022142229395, 'D_high': 431.45617043093523, 'fire_exp': 1.0601964743503993, 'P_half': 2834.090429514774, 'pre_dampen_half': 16.009350908593582, 'gpp_af': 0.0662749342026412, 'gpp_b': 1.4540386644083135e-05, 'gpp_d': 46.010874324515754, 'ign_k': 0.00840038491455979, 'ign_c': 48.704711413416454, 'trop_agb_crit': 1.0693376406863295, 'trop_k_veg': 0.6673124511410327, 'fire_amp': 1.5719333351012774}.
[I 2026-06-10 21:59:20,856] Trial 318 finished with values: [10.496236618445339, 10.496236618445339] and parameters: {'k1': 2.9348922594808965e-05, 'D_low': 24.28756508761176, 'k2': 0.003767022142229395, 'D_high': 8912.611835817017, 'fire_exp': 1.5315561686017187, 'P_half': 3.591771421517613, 'pre_dampen_half': 12.59980371769727, 'gpp_af': 0.008117091133892173, 'gpp_b': 1.4540386644083135e-05, 'gpp_d': 1.0088237648985734, 'ign_k': 0.00840038491455979, 'ign_c': 14.709699119495124, 'trop_agb_crit': 3.430044314610246, 'trop_k_veg': 5.453348988480011, 'fire_amp': 1.06192368173466}.
[I 2026-06-10 21:59:22,594] Trial 319 finished with values: [10.833333333029685, 10.833333333029685] and parameters: {'k1': 0.016973078532467004, 'D_low': 12.105387404469584, 'k2': 0.00012498583886387654, 'D_high': 36998.679204890876, 'fire_exp': 1.0601964743503993, 'P_half': 8.318314747941244, 'pre_dampen_half': 0.011396414164620812, 'gpp_af': 0.0662749342026412, 'gpp_b': 2.176805640408474e-05, 'gpp_d': 28.312234265202243, 'ign_k': 8.628009047476775, 'ign_c': 48.704711413416454, 'trop_agb_crit': 1.0693376406863295, 'trop_k_veg': 0.6673124511410327, 'fire_amp': 2.0822063607840695}.
[I 2026-06-10 21:59:24,478] Trial 320 finished with values: [10.624561651110193, 10.624561651110193] and parameters: {'k1': 0.012840669372724958, 'D_low': 171.2446447678494, 'k2': 0.003767022142229395, 'D_high': 32311.521854410956, 'fire_exp': 1.0601964743503993, 'P_half': 3.591771421517613, 'pre_dampen_half': 121.93011993958949, 'gpp_af': 0.07118041471054574, 'gpp_b': 2.176805640408474e-05, 'gpp_d': 0.03927259340973166, 'ign_k': 0.0029519227433917453, 'ign_c': 7.081721844034206, 'trop_agb_crit': 12.647327018493208, 'trop_k_veg': 6.825463866194253, 'fire_amp': 1.5719333351012774}.
[I 2026-06-10 21:59:26,452] Trial 321 finished with values: [-0.33309019410281515, 0.10515878941237622] and parameters: {'k1': 0.0018697387216131526, 'D_low': 12.105387404469584, 'k2': 0.02065142557895925, 'D_high': 42210.21267871043, 'fire_exp': 1.0812994412809738, 'P_half': 1.859526645713404, 'pre_dampen_half': 16.009350908593582, 'gpp_af': 0.008117091133892173, 'gpp_b': 9.497440085397415e-05, 'gpp_d': 46.010874324515754, 'ign_k': 0.00840038491455979, 'ign_c': 48.704711413416454, 'trop_agb_crit': 1.0693376406863295, 'trop_k_veg': 0.6673124511410327, 'fire_amp': 1.5719333351012774}.
[I 2026-06-10 21:59:28,154] Trial 322 finished with values: [10.833333333029685, 10.833333333029685] and parameters: {'k1': 0.037704815040649445, 'D_low': 408.3047491580097, 'k2': 0.0002442377596403892, 'D_high': 22.636544662054543, 'fire_exp': 1.5315561686017187, 'P_half': 1.4551749476072258, 'pre_dampen_half': 33.71909132517384, 'gpp_af': 0.9219336658511308, 'gpp_b': 1.4540386644083135e-05, 'gpp_d': 7.631016235941559, 'ign_k': 0.09256855841989636, 'ign_c': 157.63098727399432, 'trop_agb_crit': 1.0693376406863295, 'trop_k_veg': 0.6673124511410327, 'fire_amp': 4.783836175730692}.
[I 2026-06-10 21:59:29,968] Trial 323 finished with values: [-0.4615662763850276, 0.051289305455843426] and parameters: {'k1': 0.00031134168041628584, 'D_low': 1.4002277211577039, 'k2': 0.0007731571570012607, 'D_high': 83.14160873549643, 'fire_exp': 1.1633452995374232, 'P_half': 3.591771421517613, 'pre_dampen_half': 1.8469033699850426, 'gpp_af': 0.008117091133892173, 'gpp_b': 1.3415796596713932e-05, 'gpp_d': 12.338826503601998, 'ign_k': 0.07867677706257832, 'ign_c': 7.081721844034206, 'trop_agb_crit': 1.8566494291193822, 'trop_k_veg': 5.453348988480011, 'fire_amp': 5.44779717154213}.
[I 2026-06-10 21:59:32,052] Trial 324 finished with values: [10.093653002237916, 10.093653002237916] and parameters: {'k1': 0.00031134168041628584, 'D_low': 148.21691630007544, 'k2': 0.02065142557895925, 'D_high': 42210.21267871043, 'fire_exp': 1.633445707733642, 'P_half': 69.68111190775313, 'pre_dampen_half': 4.603480758878793, 'gpp_af': 0.10098504976210308, 'gpp_b': 1.4540386644083135e-05, 'gpp_d': 28.312234265202243, 'ign_k': 0.002357279455676982, 'ign_c': 1.9423015749984096, 'trop_agb_crit': 1.0693376406863295, 'trop_k_veg': 0.5450786550840475, 'fire_amp': 4.783836175730692}.
[I 2026-06-10 21:59:33,950] Trial 325 finished with values: [10.40320368950881, 10.40320368950881] and parameters: {'k1': 5.178197947282869e-05, 'D_low': 171.2446447678494, 'k2': 0.02065142557895925, 'D_high': 36998.679204890876, 'fire_exp': 1.7505406131449859, 'P_half': 61.6097529474144, 'pre_dampen_half': 18.127341934230078, 'gpp_af': 0.10098504976210308, 'gpp_b': 2.176805640408474e-05, 'gpp_d': 21.899070557043984, 'ign_k': 0.0029519227433917453, 'ign_c': 1.9423015749984096, 'trop_agb_crit': 21.086120736447015, 'trop_k_veg': 2.520089655463604, 'fire_amp': 1.5180207449214471}.
[I 2026-06-10 21:59:35,974] Trial 326 finished with values: [10.398140693750108, 10.398140693750108] and parameters: {'k1': 0.012840669372724958, 'D_low': 148.21691630007544, 'k2': 0.003767022142229395, 'D_high': 42210.21267871043, 'fire_exp': 1.2344878997299724, 'P_half': 4.213183643253957, 'pre_dampen_half': 0.6960360257735198, 'gpp_af': 0.0662749342026412, 'gpp_b': 2.800940363375676e-05, 'gpp_d': 0.7698760608299932, 'ign_k': 0.002357279455676982, 'ign_c': 1.9423015749984096, 'trop_agb_crit': 1.2489332852689512, 'trop_k_veg': 2.520089655463604, 'fire_amp': 1.5180207449214471}.
[I 2026-06-10 21:59:37,825] Trial 327 finished with values: [10.460588083856448, 10.460588083856448] and parameters: {'k1': 5.7909642338812115e-05, 'D_low': 2267.735223551285, 'k2': 0.0007731571570012607, 'D_high': 48235.58283024493, 'fire_exp': 1.1633452995374232, 'P_half': 318.834644588275, 'pre_dampen_half': 9.044346216330972, 'gpp_af': 0.41874665092828456, 'gpp_b': 2.1309331861011757e-05, 'gpp_d': 1.0088237648985734, 'ign_k': 0.17320535908244444, 'ign_c': 0.4177928311636542, 'trop_agb_crit': 3.108985631683375, 'trop_k_veg': 5.453348988480011, 'fire_amp': 2.6192385880432525}.
[I 2026-06-10 21:59:39,975] Trial 328 finished with values: [12.156222408270306, 12.156222408270306] and parameters: {'k1': 0.012840669372724958, 'D_low': 2.843767489444367, 'k2': 0.028670350305540694, 'D_high': 32311.521854410956, 'fire_exp': 1.2918065501148304, 'P_half': 78.13392238162733, 'pre_dampen_half': 16.009350908593582, 'gpp_af': 0.41874665092828456, 'gpp_b': 0.0004125336560355494, 'gpp_d': 0.03927259340973166, 'ign_k': 0.07867677706257832, 'ign_c': 0.4177928311636542, 'trop_agb_crit': 12.708819454040446, 'trop_k_veg': 5.453348988480011, 'fire_amp': 5.667622640988655}.
[I 2026-06-10 21:59:41,970] Trial 329 finished with values: [-0.18280027042079133, 0.0731154441730949] and parameters: {'k1': 5.7909642338812115e-05, 'D_low': 408.3047491580097, 'k2': 0.0004976087827261435, 'D_high': 55.22071973135807, 'fire_exp': 1.9095652801045373, 'P_half': 1.4551749476072258, 'pre_dampen_half': 220.35141300841897, 'gpp_af': 0.09885838682552685, 'gpp_b': 5.0875243087016374e-05, 'gpp_d': 76.38081075786287, 'ign_k': 0.09256855841989636, 'ign_c': 0.4177928311636542, 'trop_agb_crit': 18.081400596781233, 'trop_k_veg': 5.453348988480011, 'fire_amp': 2.6192385880432525}.
[I 2026-06-10 21:59:43,694] Trial 330 finished with values: [10.755735491554596, 10.755735491554596] and parameters: {'k1': 5.7909642338812115e-05, 'D_low': 408.3047491580097, 'k2': 0.0004976087827261435, 'D_high': 267.3088310781672, 'fire_exp': 1.9095652801045373, 'P_half': 93.43302657318476, 'pre_dampen_half': 16.009350908593582, 'gpp_af': 0.2204465010099918, 'gpp_b': 5.0875243087016374e-05, 'gpp_d': 0.4742269251269962, 'ign_k': 0.09256855841989636, 'ign_c': 7.832259769732471, 'trop_agb_crit': 12.708819454040446, 'trop_k_veg': 1.508040082046931, 'fire_amp': 1.5719333351012774}.
[I 2026-06-10 21:59:45,541] Trial 331 finished with values: [10.833328026828843, 10.833328026828843] and parameters: {'k1': 0.01212515722046018, 'D_low': 408.3047491580097, 'k2': 0.0002442377596403892, 'D_high': 1266.9536563782303, 'fire_exp': 1.5315561686017187, 'P_half': 4.213183643253957, 'pre_dampen_half': 189.36639872354493, 'gpp_af': 0.008117091133892173, 'gpp_b': 1.4540386644083135e-05, 'gpp_d': 167.46194867675757, 'ign_k': 0.09256855841989636, 'ign_c': 110.68683358440691, 'trop_agb_crit': 1.0693376406863295, 'trop_k_veg': 5.453348988480011, 'fire_amp': 1.5719333351012774}.
[I 2026-06-10 21:59:47,844] Trial 332 finished with values: [10.533482281228713, 10.533482281228713] and parameters: {'k1': 0.0002418422795847161, 'D_low': 1.4002277211577039, 'k2': 2.316457903103837e-05, 'D_high': 2295.7398214549485, 'fire_exp': 1.1633452995374232, 'P_half': 12.262543158860007, 'pre_dampen_half': 1.8469033699850426, 'gpp_af': 3.298293484806585, 'gpp_b': 0.05719024141066792, 'gpp_d': 1.0088237648985734, 'ign_k': 0.02779045054796808, 'ign_c': 0.4177928311636542, 'trop_agb_crit': 1.8566494291193822, 'trop_k_veg': 5.453348988480011, 'fire_amp': 5.44779717154213}.
[I 2026-06-10 21:59:49,868] Trial 333 finished with values: [10.341653454996882, 10.341653454996882] and parameters: {'k1': 0.0002418422795847161, 'D_low': 171.2446447678494, 'k2': 0.02065142557895925, 'D_high': 42210.21267871043, 'fire_exp': 1.1633452995374232, 'P_half': 61.6097529474144, 'pre_dampen_half': 1.8469033699850426, 'gpp_af': 0.016306190741524337, 'gpp_b': 2.800940363375676e-05, 'gpp_d': 0.7698760608299932, 'ign_k': 0.0029519227433917453, 'ign_c': 0.4177928311636542, 'trop_agb_crit': 1.8566494291193822, 'trop_k_veg': 2.520089655463604, 'fire_amp': 5.44779717154213}.
[I 2026-06-10 21:59:52,209] Trial 334 finished with values: [10.833333333029685, 10.833333333029685] and parameters: {'k1': 5.7909642338812115e-05, 'D_low': 408.3047491580097, 'k2': 0.0002442377596403892, 'D_high': 36998.679204890876, 'fire_exp': 1.5315561686017187, 'P_half': 1.226010546471291, 'pre_dampen_half': 189.36639872354493, 'gpp_af': 0.004531316405029204, 'gpp_b': 5.0875243087016374e-05, 'gpp_d': 7.631016235941559, 'ign_k': 0.09256855841989636, 'ign_c': 157.63098727399432, 'trop_agb_crit': 1.0693376406863295, 'trop_k_veg': 0.5471865667052176, 'fire_amp': 1.4475279918261055}.
