[I 2026-07-24 02:23:24,843] Trial 1087 finished with value: 0.39692254667550986 and parameters: {'k1': 0.002127975494186962, 'D_low': 81.72473626827528, 'k2': 0.0001267187868939112, 'D_high': 417116.9605122215, 'fire_exp': 1.1096974746569803, 'P_half': 222.37932451364446, 'pre_dampen_half': 0.3775806969900056, 'gpp_af': 29.66158403415595, 'gpp_b': 1.7808011518607552, 'gpp_d': 114.81292404674745, 'ign_k': 3.1850507459410404, 'ign_c': 0.6277251305904078, 'trop_agb_crit': 17.252857895140167, 'trop_k_veg': 2.1259210313273575, 'fuel_k': 3.8602215251558185, 'fuel_half': 0.44078121764710765}. Best is trial 0 with value: -0.6070628323553574.
[I 2026-07-24 02:23:25,261] Trial 1088 finished with value: 0.40047423356157186 and parameters: {'k1': 0.0425845853602721, 'D_low': 44.22475602142454, 'k2': 2.967007201055769e-05, 'D_high': 247302.44944975176, 'fire_exp': 1.0844394203628076, 'P_half': 491.528060775265, 'pre_dampen_half': 1.5070347293197774, 'gpp_af': 4.782640435269455, 'gpp_b': 0.3941175677190466, 'gpp_d': 359.1037606460895, 'ign_k': 0.06602022188831637, 'ign_c': 3.2547722530775034, 'trop_agb_crit': 15.794654174100124, 'trop_k_veg': 3.633094353536134, 'fuel_k': 3.046360505479983, 'fuel_half': 0.8539503147464717}. Best is trial 0 with value: -0.6070628323553574.
[I 2026-07-24 02:23:25,687] Trial 1089 finished with value: 0.5081510423265436 and parameters: {'k1': 0.007739487069046867, 'D_low': 4642.957161075822, 'k2': 0.00023351771831249456, 'D_high': 342263.33326228196, 'fire_exp': 1.6414874393640158, 'P_half': 1.1045580739746443, 'pre_dampen_half': 0.12067549496301042, 'gpp_af': 0.023508274998208605, 'gpp_b': 0.0002510027196261453, 'gpp_d': 70.9428443477976, 'ign_k': 4.728128106181033, 'ign_c': 12.195020147378418, 'trop_agb_crit': 20.009405939593748, 'trop_k_veg': 3.5658240891057593, 'fuel_k': 1.153300338974884, 'fuel_half': 63.05381481238612}. Best is trial 0 with value: -0.6070628323553574.
[I 2026-07-24 02:23:26,102] Trial 1090 finished with value: 0.450949837072126 and parameters: {'k1': 0.0001576063767940868, 'D_low': 1096.7754553605967, 'k2': 4.217970728578037e-05, 'D_high': 3479489.310674223, 'fire_exp': 1.4742381392713804, 'P_half': 1019.2869862402214, 'pre_dampen_half': 1.7158877068134502, 'gpp_af': 16.022894709919274, 'gpp_b': 0.5515536634454506, 'gpp_d': 378.80383271131024, 'ign_k': 9.905923809223763, 'ign_c': 0.2650966804278269, 'trop_agb_crit': 16.628711677018888, 'trop_k_veg': 2.289242218471255, 'fuel_k': 3.237703137597608, 'fuel_half': 0.7240504259486388}. Best is trial 0 with value: -0.6070628323553574.
[I 2026-07-24 02:23:26,528] Trial 1091 finished with value: 0.6445374145881376 and parameters: {'k1': 0.0005689807801137041, 'D_low': 223047.70724639628, 'k2': 0.0006584362689136499, 'D_high': 70863.6541229472, 'fire_exp': 1.5011944750147939, 'P_half': 1.599195976742317, 'pre_dampen_half': 0.1113116133195924, 'gpp_af': 3.197156666235346, 'gpp_b': 0.0015297243752725967, 'gpp_d': 542.9252291366411, 'ign_k': 0.02436518338057557, 'ign_c': 59.75728021988726, 'trop_agb_crit': 5.480167091219228, 'trop_k_veg': 3.3387368066195426, 'fuel_k': 4.075455986755189, 'fuel_half': 0.16824616830398878}. Best is trial 0 with value: -0.6070628323553574.
[I 2026-07-24 02:23:26,947] Trial 1092 finished with value: 0.4386503496737978 and parameters: {'k1': 0.00046204977005434426, 'D_low': 124.44236115814732, 'k2': 1.4707245995565425e-05, 'D_high': 3160286.248983489, 'fire_exp': 1.675985312575467, 'P_half': 100.03844836399028, 'pre_dampen_half': 7.523159921255992, 'gpp_af': 4.377296376235373, 'gpp_b': 0.041640637454489794, 'gpp_d': 3.512738980794198, 'ign_k': 1.2298252754111136, 'ign_c': 0.21178615971458234, 'trop_agb_crit': 21.330541380405375, 'trop_k_veg': 1.5916981535796964, 'fuel_k': 3.6264415004087294, 'fuel_half': 1.0565561699380235}. Best is trial 0 with value: -0.6070628323553574.
[I 2026-07-24 02:23:27,365] Trial 1093 finished with value: 0.42309481348258604 and parameters: {'k1': 0.0021586827262240794, 'D_low': 88.62823875468601, 'k2': 4.2431030098517876e-05, 'D_high': 8347699.330270271, 'fire_exp': 1.794431765609471, 'P_half': 71.33130038551536, 'pre_dampen_half': 0.08261330587344289, 'gpp_af': 12.601885369649509, 'gpp_b': 0.6180636095064613, 'gpp_d': 299.2714759580029, 'ign_k': 1.5152070909710418, 'ign_c': 0.23837744331780322, 'trop_agb_crit': 15.540037917049839, 'trop_k_veg': 2.7519422470735386, 'fuel_k': 5.407204707784787, 'fuel_half': 0.3510262814896611}. Best is trial 0 with value: -0.6070628323553574.
[I 2026-07-24 02:23:27,788] Trial 1094 finished with value: 0.5500191643187119 and parameters: {'k1': 0.04558161436578226, 'D_low': 22.84699155879108, 'k2': 0.0001688227469744535, 'D_high': 65022.168037766285, 'fire_exp': 1.6710212849522699, 'P_half': 49.32253865915838, 'pre_dampen_half': 0.16325666144393253, 'gpp_af': 58.71668559436766, 'gpp_b': 0.1519918526539951, 'gpp_d': 64.30985132361134, 'ign_k': 0.14650041505596714, 'ign_c': 0.22629213034947257, 'trop_agb_crit': 28.910313583465737, 'trop_k_veg': 2.1879302262927607, 'fuel_k': 0.6873253269949927, 'fuel_half': 1.03302911453229}. Best is trial 0 with value: -0.6070628323553574.
[I 2026-07-24 02:23:28,201] Trial 1095 finished with value: 0.5615553730257761 and parameters: {'k1': 0.006179539758277893, 'D_low': 81.02088562618785, 'k2': 0.0001793972965034263, 'D_high': 384844.7593346566, 'fire_exp': 2.4258573924556748, 'P_half': 240.340629511776, 'pre_dampen_half': 0.1150953276148124, 'gpp_af': 51.64456462687591, 'gpp_b': 5.499120608339004, 'gpp_d': 851.0523703954896, 'ign_k': 5.129993459678055, 'ign_c': 0.8304318550431622, 'trop_agb_crit': 6.549642308828395, 'trop_k_veg': 2.4153953230183567, 'fuel_k': 1.9917921360215995, 'fuel_half': 12.547486783176579}. Best is trial 0 with value: -0.6070628323553574.
[I 2026-07-24 02:23:28,616] Trial 1096 finished with value: 0.5629493003726274 and parameters: {'k1': 0.00026119524264580984, 'D_low': 466.7143193049692, 'k2': 2.5373380154527167e-05, 'D_high': 4779905.421105844, 'fire_exp': 1.2728369174822334, 'P_half': 1605.1202145303541, 'pre_dampen_half': 0.18820645824081764, 'gpp_af': 1.6756990545104726, 'gpp_b': 0.2799028767531273, 'gpp_d': 310.5228659409498, 'ign_k': 0.041650294401450114, 'ign_c': 1.9834844174735156, 'trop_agb_crit': 28.455973880230182, 'trop_k_veg': 2.1478723840400424, 'fuel_k': 4.55377886987328, 'fuel_half': 3.5644365075173545}. Best is trial 0 with value: -0.6070628323553574.
[I 2026-07-24 02:23:29,040] Trial 1097 finished with value: 0.5090722515393351 and parameters: {'k1': 4.7215075326450455e-05, 'D_low': 2015.004066391808, 'k2': 0.0004435101180355627, 'D_high': 24193.26848078154, 'fire_exp': 1.280555357047753, 'P_half': 9.936829680605722, 'pre_dampen_half': 8.967539701893548, 'gpp_af': 0.31855182275110455, 'gpp_b': 0.0008384996382975898, 'gpp_d': 386.6754481193331, 'ign_k': 0.1971938310379257, 'ign_c': 0.11122655400986614, 'trop_agb_crit': 24.37293149700729, 'trop_k_veg': 2.1055403292483406, 'fuel_k': 5.34492001846707, 'fuel_half': 1.4538557718351133}. Best is trial 0 with value: -0.6070628323553574.
[I 2026-07-24 02:23:29,458] Trial 1098 finished with value: 0.5734381304963738 and parameters: {'k1': 0.003146773111557074, 'D_low': 16.458196607068416, 'k2': 4.657016895645809e-05, 'D_high': 448731.5867174348, 'fire_exp': 1.3976304910665243, 'P_half': 1662.4052857106913, 'pre_dampen_half': 0.08320977042216987, 'gpp_af': 22.432417328444572, 'gpp_b': 9.395378656296968, 'gpp_d': 71.82791886310564, 'ign_k': 0.029131536792938558, 'ign_c': 1.9764996799153525, 'trop_agb_crit': 9.942499333401134, 'trop_k_veg': 1.142039840804816, 'fuel_k': 5.6809272335505785, 'fuel_half': 0.8997875186378796}. Best is trial 0 with value: -0.6070628323553574.
[I 2026-07-24 02:23:29,876] Trial 1099 finished with value: 0.45239028853353114 and parameters: {'k1': 0.03023788274592313, 'D_low': 285.155936033895, 'k2': 4.481195334953376e-05, 'D_high': 6559059.543647173, 'fire_exp': 1.6786391096466307, 'P_half': 120.60803381248564, 'pre_dampen_half': 4.134777982863266, 'gpp_af': 2.796009959739284, 'gpp_b': 3.0318252656311797, 'gpp_d': 784.8556014128538, 'ign_k': 4.831044487480897, 'ign_c': 0.15612797738443412, 'trop_agb_crit': 15.103182381242966, 'trop_k_veg': 1.968652899336801, 'fuel_k': 4.179877615623304, 'fuel_half': 0.31356962050759835}. Best is trial 0 with value: -0.6070628323553574.
[I 2026-07-24 02:23:30,291] Trial 1100 finished with value: 0.5088303925863267 and parameters: {'k1': 3.181495043841981e-05, 'D_low': 922.4608300541893, 'k2': 1.0464944267693017e-05, 'D_high': 14610.452729148326, 'fire_exp': 1.0445233353714267, 'P_half': 4.964651003775508, 'pre_dampen_half': 0.0202669234210256, 'gpp_af': 4.013508342957998, 'gpp_b': 0.0017660443356333963, 'gpp_d': 262.6683648898189, 'ign_k': 3.5274213251323188, 'ign_c': 1.576177871863869, 'trop_agb_crit': 10.789410911763785, 'trop_k_veg': 3.621224641804339, 'fuel_k': 4.567870156570171, 'fuel_half': 0.16285461511487484}. Best is trial 0 with value: -0.6070628323553574.
[I 2026-07-24 02:23:30,705] Trial 1101 finished with value: -0.5782984279936969 and parameters: {'k1': 0.002431754262049394, 'D_low': 1.0814461757169944, 'k2': 8.169388314605038e-05, 'D_high': 365693.1042322324, 'fire_exp': 1.2134575919414463, 'P_half': 862.6499376980414, 'pre_dampen_half': 0.7168243715846235, 'gpp_af': 93.43669934055912, 'gpp_b': 1.9694343423047387, 'gpp_d': 262.1400804156799, 'ign_k': 0.12687073000582721, 'ign_c': 0.5905668208712384, 'trop_agb_crit': 19.22106304969297, 'trop_k_veg': 1.6870896112834752, 'fuel_k': 3.517391201738982, 'fuel_half': 0.4086695431941339}. Best is trial 0 with value: -0.6070628323553574.
[I 2026-07-24 02:23:31,122] Trial 1102 finished with value: 0.48763839438030043 and parameters: {'k1': 0.002744149653050459, 'D_low': 1577.3679346277465, 'k2': 4.372736793345722e-05, 'D_high': 3296912.4764474058, 'fire_exp': 1.8550033856220698, 'P_half': 3.228895657202043, 'pre_dampen_half': 0.15869914541798769, 'gpp_af': 10.008186426865132, 'gpp_b': 0.013294310223384176, 'gpp_d': 23.123894449917884, 'ign_k': 0.7700480063549033, 'ign_c': 0.18442191820212664, 'trop_agb_crit': 14.81158965173434, 'trop_k_veg': 4.504963441084559, 'fuel_k': 4.028764759984355, 'fuel_half': 65.0702864458269}. Best is trial 0 with value: -0.6070628323553574.
[I 2026-07-24 02:23:31,535] Trial 1103 finished with value: 0.5941536514018312 and parameters: {'k1': 0.0020684313339563564, 'D_low': 1798.8304246116672, 'k2': 0.0004514725198895507, 'D_high': 832143.4318648656, 'fire_exp': 1.5718488608365577, 'P_half': 6262.3327167133175, 'pre_dampen_half': 0.13202008078702873, 'gpp_af': 0.34355266037496585, 'gpp_b': 2.489877204108216, 'gpp_d': 948.8421228017114, 'ign_k': 0.4264750959312675, 'ign_c': 0.45163039922848036, 'trop_agb_crit': 4.945458899297605, 'trop_k_veg': 6.2656137660391265, 'fuel_k': 1.1880814954524466, 'fuel_half': 0.21608962051845632}. Best is trial 0 with value: -0.6070628323553574.
[I 2026-07-24 02:23:31,952] Trial 1104 finished with value: 0.5354585759252954 and parameters: {'k1': 0.0002175712038151441, 'D_low': 101.22953363147144, 'k2': 0.00024604099762771893, 'D_high': 387791.9111191531, 'fire_exp': 1.0035140410602263, 'P_half': 188.57319140200772, 'pre_dampen_half': 0.025258174689865517, 'gpp_af': 6.347334538965895, 'gpp_b': 2.60433807252717, 'gpp_d': 474.42185862015714, 'ign_k': 0.2629946439620963, 'ign_c': 0.49902559063805024, 'trop_agb_crit': 25.182735611868566, 'trop_k_veg': 1.7060242047635807, 'fuel_k': 3.433327178039175, 'fuel_half': 2.8253254952616316}. Best is trial 0 with value: -0.6070628323553574.
[I 2026-07-24 02:23:32,373] Trial 1105 finished with value: 0.5981173455647708 and parameters: {'k1': 0.00028337403618102365, 'D_low': 28895.104801729565, 'k2': 6.16462450774778e-05, 'D_high': 41826.37922424678, 'fire_exp': 1.0723964880432992, 'P_half': 73.70008692699894, 'pre_dampen_half': 9.023104976261532, 'gpp_af': 0.06682841919111565, 'gpp_b': 0.03749544469668789, 'gpp_d': 279.33591851606076, 'ign_k': 0.10918610011154975, 'ign_c': 0.4631332794005207, 'trop_agb_crit': 11.492917378169405, 'trop_k_veg': 4.2762585164995714, 'fuel_k': 0.38662448455797493, 'fuel_half': 0.15474629401306297}. Best is trial 0 with value: -0.6070628323553574.
[I 2026-07-24 02:23:32,790] Trial 1106 finished with value: 0.46469999034856146 and parameters: {'k1': 0.004132969296793231, 'D_low': 2.3097034650780084, 'k2': 2.3963922210011502e-05, 'D_high': 2520087.119568913, 'fire_exp': 2.0169358818001353, 'P_half': 97.12903849386281, 'pre_dampen_half': 30.395113134104623, 'gpp_af': 71.37944132619381, 'gpp_b': 0.7492225511346711, 'gpp_d': 90.45220188134361, 'ign_k': 4.550161006281615, 'ign_c': 0.30806940466017696, 'trop_agb_crit': 15.876280734940316, 'trop_k_veg': 2.3830638355859106, 'fuel_k': 4.978998676865216, 'fuel_half': 1.3928765853509013}. Best is trial 0 with value: -0.6070628323553574.
[I 2026-07-24 02:23:33,215] Trial 1107 finished with value: 0.5780511962818804 and parameters: {'k1': 0.02666301989172242, 'D_low': 4.3717776129075325, 'k2': 1.1128431687040854e-05, 'D_high': 4565.903325146595, 'fire_exp': 1.8808027940036127, 'P_half': 1.5012397311181074, 'pre_dampen_half': 0.7154578174525971, 'gpp_af': 88.3236691369507, 'gpp_b': 0.009625525452765802, 'gpp_d': 120.93874847173599, 'ign_k': 0.12475110488750939, 'ign_c': 25.733715465369137, 'trop_agb_crit': 9.773124348837358, 'trop_k_veg': 0.8106342246734805, 'fuel_k': 0.7744264758111185, 'fuel_half': 0.16187532137189742}. Best is trial 0 with value: -0.6070628323553574.
[I 2026-07-24 02:23:33,630] Trial 1108 finished with value: 0.5940260668707826 and parameters: {'k1': 0.0025768477551968544, 'D_low': 4432.997498636835, 'k2': 9.744838166204697e-05, 'D_high': 6143591.549873513, 'fire_exp': 1.4722183978962293, 'P_half': 67.06378976102962, 'pre_dampen_half': 16.395991626956306, 'gpp_af': 0.06151361069197714, 'gpp_b': 0.3651213917739486, 'gpp_d': 16.485579946121824, 'ign_k': 0.35754286034588595, 'ign_c': 9.227511451004839, 'trop_agb_crit': 17.872342176927418, 'trop_k_veg': 3.547606190566513, 'fuel_k': 3.247139508410868, 'fuel_half': 8.200230752610228}. Best is trial 0 with value: -0.6070628323553574.
[I 2026-07-24 02:23:34,047] Trial 1109 finished with value: 0.5902282195123856 and parameters: {'k1': 0.0025617088425616994, 'D_low': 42.017288877015005, 'k2': 0.00021953996389655677, 'D_high': 2772966.6084850496, 'fire_exp': 1.2795654205529599, 'P_half': 17.452092197448515, 'pre_dampen_half': 54.698610233316664, 'gpp_af': 0.015407990579450687, 'gpp_b': 0.0012215865070503006, 'gpp_d': 263.2340371228505, 'ign_k': 1.4353757200314128, 'ign_c': 1.303247505320451, 'trop_agb_crit': 25.696397529715725, 'trop_k_veg': 7.031960944248986, 'fuel_k': 1.078109684791878, 'fuel_half': 0.240353412068241}. Best is trial 0 with value: -0.6070628323553574.
[I 2026-07-24 02:23:34,466] Trial 1110 finished with value: 0.5828721334311739 and parameters: {'k1': 0.00405287486278617, 'D_low': 6775.201824247177, 'k2': 1.5885159740670508e-05, 'D_high': 182148.15397372426, 'fire_exp': 1.3518869975278065, 'P_half': 5223.489315460957, 'pre_dampen_half': 4.755352371108542, 'gpp_af': 0.4130506440712143, 'gpp_b': 0.0006768796940290975, 'gpp_d': 782.157176494295, 'ign_k': 0.26322959618513003, 'ign_c': 0.18159922421946612, 'trop_agb_crit': 12.716387984375753, 'trop_k_veg': 4.059988843677094, 'fuel_k': 0.2838218015238832, 'fuel_half': 0.5762630643379041}. Best is trial 0 with value: -0.6070628323553574.
[I 2026-07-24 02:23:34,886] Trial 1111 finished with value: -0.5872640979007817 and parameters: {'k1': 0.024947129936958683, 'D_low': 297.3589696395981, 'k2': 0.0002634196658322688, 'D_high': 352949.8703193406, 'fire_exp': 1.0610203326338674, 'P_half': 155.2845081191119, 'pre_dampen_half': 0.17092463881844908, 'gpp_af': 34.57217132647521, 'gpp_b': 1.7138343986530915, 'gpp_d': 331.5096618755681, 'ign_k': 0.1980690232857393, 'ign_c': 0.6424401989367654, 'trop_agb_crit': 29.383900552598817, 'trop_k_veg': 1.1248695410554947, 'fuel_k': 5.433859700456289, 'fuel_half': 2.5825005455040837}. Best is trial 0 with value: -0.6070628323553574.
[I 2026-07-24 02:23:35,301] Trial 1112 finished with value: 0.5667274781272138 and parameters: {'k1': 0.0010487371097388414, 'D_low': 18571.083679528314, 'k2': 3.10816867382689e-05, 'D_high': 48114.97260333655, 'fire_exp': 1.2986649480563912, 'P_half': 30.268030214107178, 'pre_dampen_half': 1.616169886780917, 'gpp_af': 0.04343904039682539, 'gpp_b': 0.0008020563133176586, 'gpp_d': 769.2975497182593, 'ign_k': 4.2289693323496556, 'ign_c': 0.11599728787419689, 'trop_agb_crit': 10.623946298653314, 'trop_k_veg': 4.613752271964683, 'fuel_k': 0.5071289493227268, 'fuel_half': 0.1570741514575168}. Best is trial 0 with value: -0.6070628323553574.
[I 2026-07-24 02:23:35,717] Trial 1113 finished with value: 0.4471149431364321 and parameters: {'k1': 0.06520237145984092, 'D_low': 1003.2825195056115, 'k2': 0.0021106867184771745, 'D_high': 67293.94074274044, 'fire_exp': 1.1393813340494399, 'P_half': 116.04360400831612, 'pre_dampen_half': 0.4569631172496522, 'gpp_af': 3.5311614355650223, 'gpp_b': 0.0771166920522086, 'gpp_d': 252.8796128029051, 'ign_k': 0.061950102508820784, 'ign_c': 0.14912695327892814, 'trop_agb_crit': 12.733643537590451, 'trop_k_veg': 1.0018143969764393, 'fuel_k': 1.793062164418487, 'fuel_half': 0.7703545182643601}. Best is trial 0 with value: -0.6070628323553574.
[I 2026-07-24 02:23:36,137] Trial 1114 finished with value: 0.5737454111011193 and parameters: {'k1': 0.06151272945160629, 'D_low': 836.1408971703579, 'k2': 0.0002000855671379239, 'D_high': 615868.7502493733, 'fire_exp': 1.4193740644732007, 'P_half': 2121.147952940463, 'pre_dampen_half': 0.24121862164410549, 'gpp_af': 11.6958370068667, 'gpp_b': 4.559410227208423, 'gpp_d': 203.87324579634466, 'ign_k': 0.04722869130392647, 'ign_c': 0.7935221031776322, 'trop_agb_crit': 23.660504795444734, 'trop_k_veg': 0.8551528950903511, 'fuel_k': 3.320982028231525, 'fuel_half': 1.1003196872046472}. Best is trial 0 with value: -0.6070628323553574.
[I 2026-07-24 02:23:36,554] Trial 1115 finished with value: 0.5426523028244112 and parameters: {'k1': 0.0011125605810980513, 'D_low': 1.772148222916186, 'k2': 9.008766078082218e-05, 'D_high': 7406485.912762976, 'fire_exp': 1.4534122670059588, 'P_half': 648.6034161483119, 'pre_dampen_half': 0.24346761927406801, 'gpp_af': 4.743787707426184, 'gpp_b': 0.47347242933395856, 'gpp_d': 473.1294979343635, 'ign_k': 0.935600552903191, 'ign_c': 0.42745244945258143, 'trop_agb_crit': 28.6297915244357, 'trop_k_veg': 3.0465096393426205, 'fuel_k': 0.30583093495152935, 'fuel_half': 1.6954085494797808}. Best is trial 0 with value: -0.6070628323553574.
[I 2026-07-24 02:23:36,968] Trial 1116 finished with value: 0.5484648914099164 and parameters: {'k1': 0.0019109976898944456, 'D_low': 13.170414750834606, 'k2': 0.00012162418100049814, 'D_high': 3670609.919220382, 'fire_exp': 1.2314081851926442, 'P_half': 483.64430304149454, 'pre_dampen_half': 0.15848100677074722, 'gpp_af': 65.0335801098625, 'gpp_b': 1.678513531226457, 'gpp_d': 748.3773103641915, 'ign_k': 0.02393322399903444, 'ign_c': 2.925583035700905, 'trop_agb_crit': 18.02190089311599, 'trop_k_veg': 1.9124578062462199, 'fuel_k': 1.4375855352269855, 'fuel_half': 2.6607916069260944}. Best is trial 0 with value: -0.6070628323553574.
[I 2026-07-24 02:23:37,386] Trial 1117 finished with value: 0.40326856336235484 and parameters: {'k1': 0.0030321754805219025, 'D_low': 8.566666757884107, 'k2': 0.00038167378792745176, 'D_high': 7719038.459464189, 'fire_exp': 1.6925559642811991, 'P_half': 16.02430531086714, 'pre_dampen_half': 2.7232355344157173, 'gpp_af': 1.721194438269608, 'gpp_b': 0.02717745408203902, 'gpp_d': 35.655358708231795, 'ign_k': 0.6559182304578897, 'ign_c': 2.1987203396478883, 'trop_agb_crit': 21.092463631551986, 'trop_k_veg': 4.210074599753589, 'fuel_k': 4.286312853916393, 'fuel_half': 28.488927268610855}. Best is trial 0 with value: -0.6070628323553574.
[I 2026-07-24 02:23:37,807] Trial 1118 finished with value: 0.43812445243174136 and parameters: {'k1': 0.01082120848528493, 'D_low': 1421.549816003631, 'k2': 0.001396328967719282, 'D_high': 2686693.753513459, 'fire_exp': 2.125339222587899, 'P_half': 10.307875868662851, 'pre_dampen_half': 0.6092975055891612, 'gpp_af': 87.53569552901136, 'gpp_b': 0.08419549071151036, 'gpp_d': 559.5014794096011, 'ign_k': 0.3590083972211521, 'ign_c': 6.4922329358150925, 'trop_agb_crit': 13.486059825576591, 'trop_k_veg': 0.9593759426882097, 'fuel_k': 5.595845139446673, 'fuel_half': 11.299225075511671}. Best is trial 0 with value: -0.6070628323553574.
[I 2026-07-24 02:23:38,225] Trial 1119 finished with value: 0.4145776465222035 and parameters: {'k1': 0.006560922195425651, 'D_low': 576.7345361594248, 'k2': 1.0693862547022816e-05, 'D_high': 696940.1931515448, 'fire_exp': 1.5242368698486535, 'P_half': 527.9457625445248, 'pre_dampen_half': 0.8545519736880003, 'gpp_af': 5.353626157798491, 'gpp_b': 0.06615868496498654, 'gpp_d': 58.10465621769355, 'ign_k': 4.391090768061392, 'ign_c': 0.23021285259069177, 'trop_agb_crit': 4.473147924960915, 'trop_k_veg': 2.9256036962131273, 'fuel_k': 4.838422404983552, 'fuel_half': 1.6551325543613309}. Best is trial 0 with value: -0.6070628323553574.
[I 2026-07-24 02:23:38,643] Trial 1120 finished with value: -0.5552030089658453 and parameters: {'k1': 0.004096944948874199, 'D_low': 447.25836604385285, 'k2': 2.160830544150654e-05, 'D_high': 2729153.17301572, 'fire_exp': 1.2174853470426037, 'P_half': 463.60447917699753, 'pre_dampen_half': 3.225043446348862, 'gpp_af': 2.7584881562083097, 'gpp_b': 2.104988357116408, 'gpp_d': 509.00588621091504, 'ign_k': 2.717425568172456, 'ign_c': 0.8627459281768782, 'trop_agb_crit': 23.87356372790827, 'trop_k_veg': 0.5171215964762355, 'fuel_k': 5.065231232113645, 'fuel_half': 3.2161139370004164}. Best is trial 0 with value: -0.6070628323553574.
