[I 2026-08-14 14:17:43,296] Trial 563 finished with values: [-0.4163289118663897, 0.000808826835394072] and parameters: {'k1': 8.17182556771865e-05, 'D_low': 2.607160725470918, 'k2': 2.5299503921303695e-05, 'D_high': 12.862664853393753, 'fire_exp': 1.6294642623991613, 'P_half': 277.92265849300054, 'pre_dampen_half': 0.0195172246414495, 'gpp_af': 0.03934396739328546, 'gpp_b': 3.228689523591491e-05, 'gpp_d': 2.292633983096564, 'ign_k': 0.04380580767905655, 'ign_c': 4.4067039945647455, 'trop_agb_crit': 2.3118820898020997, 'trop_k_veg': 3.4508425771776365, 'fuel_k': 0.5588539902953054, 'fuel_half': 0.14319038307687884}.
[I 2026-08-14 14:17:45,327] Trial 564 finished with values: [-0.4059311111613769, 1.2742528618270299e-05] and parameters: {'k1': 0.05554169083020911, 'D_low': 2.607160725470918, 'k2': 1.854837679096716e-05, 'D_high': 12.862664853393753, 'fire_exp': 1.2429193829348841, 'P_half': 351.2704726270846, 'pre_dampen_half': 0.022695682239207024, 'gpp_af': 0.03934396739328546, 'gpp_b': 1.1728753685919104, 'gpp_d': 3.0023172465753074, 'ign_k': 0.567034633562729, 'ign_c': 1.3409701145872435, 'trop_agb_crit': 1.4946647023314867, 'trop_k_veg': 3.715819581962784, 'fuel_k': 0.5588539902953054, 'fuel_half': 2.100333410321807}.
[I 2026-08-14 14:17:47,389] Trial 565 finished with values: [-0.37475526722731367, 0.0016063401635136865] and parameters: {'k1': 0.004312951023617458, 'D_low': 9.497440085397416, 'k2': 0.00019472216066157317, 'D_high': 38111.59226078823, 'fire_exp': 2.1589564941849333, 'P_half': 1938.3858782150498, 'pre_dampen_half': 158.2364439052928, 'gpp_af': 0.008983355849178878, 'gpp_b': 0.040428727350273294, 'gpp_d': 316.3119627337476, 'ign_k': 0.0012087541473056963, 'ign_c': 2.592301536155855, 'trop_agb_crit': 16.967533607196547, 'trop_k_veg': 2.417028380770307, 'fuel_k': 5.486054129200969, 'fuel_half': 15.581254655530845}.
[I 2026-08-14 14:17:49,461] Trial 566 finished with values: [-0.417819073963362, 0.0002909253997166461] and parameters: {'k1': 5.325873749322162e-05, 'D_low': 35.16392386455341, 'k2': 1.854837679096716e-05, 'D_high': 160625.60954780428, 'fire_exp': 1.7973831035976209, 'P_half': 1938.3858782150498, 'pre_dampen_half': 0.03426913908389044, 'gpp_af': 0.16983565276584273, 'gpp_b': 0.0002637687576667052, 'gpp_d': 3.0023172465753074, 'ign_k': 0.04380580767905655, 'ign_c': 3.0378658251922155, 'trop_agb_crit': 15.53776736258787, 'trop_k_veg': 0.8258248924958269, 'fuel_k': 0.013421538374693755, 'fuel_half': 0.30455368715396786}.
[I 2026-08-14 14:17:51,906] Trial 567 finished with values: [-0.3554625854118624, 0.0] and parameters: {'k1': 1.8595266457134027e-05, 'D_low': 3735.16768760467, 'k2': 1.263794633808287e-05, 'D_high': 316055.11434645514, 'fire_exp': 6.032891507385096, 'P_half': 220.3445560633069, 'pre_dampen_half': 0.10609580257119508, 'gpp_af': 0.0023751383317256927, 'gpp_b': 0.040428727350273294, 'gpp_d': 8.144272585223819, 'ign_k': 0.012566783761977915, 'ign_c': 105.24574681335613, 'trop_agb_crit': 2.1775224101934065, 'trop_k_veg': 2.8224577471047865, 'fuel_k': 0.021123235354472927, 'fuel_half': 0.3995528014939306}.
[I 2026-08-14 14:17:53,948] Trial 568 finished with values: [-0.413520612497595, 6.974785429458841e-05] and parameters: {'k1': 0.05554169083020911, 'D_low': 28.331534346441074, 'k2': 1.4363112408604443e-05, 'D_high': 39079.671568228776, 'fire_exp': 1.7973831035976209, 'P_half': 351.2704726270846, 'pre_dampen_half': 0.0195172246414495, 'gpp_af': 0.34902252478382495, 'gpp_b': 0.010847560307977218, 'gpp_d': 129.7393125993744, 'ign_k': 0.011698039424426817, 'ign_c': 105.24574681335613, 'trop_agb_crit': 16.86264052240002, 'trop_k_veg': 1.6188317104473453, 'fuel_k': 0.02957171323932571, 'fuel_half': 10.06119804781128}.
[I 2026-08-14 14:17:55,994] Trial 569 finished with values: [-0.408465940075306, 4.04951178212265e-06] and parameters: {'k1': 0.05554169083020911, 'D_low': 28.331534346441074, 'k2': 1.4363112408604443e-05, 'D_high': 39079.671568228776, 'fire_exp': 1.7973831035976209, 'P_half': 6153.658035691652, 'pre_dampen_half': 0.0195172246414495, 'gpp_af': 0.34902252478382495, 'gpp_b': 0.08980754434235988, 'gpp_d': 11.40961991569626, 'ign_k': 0.026539376439360548, 'ign_c': 0.21947742689197342, 'trop_agb_crit': 1.3839399385754507, 'trop_k_veg': 1.128469461526162, 'fuel_k': 0.02957171323932571, 'fuel_half': 15.581254655530845}.
[I 2026-08-14 14:17:58,007] Trial 570 finished with values: [-0.41951948744639667, 4.262948548228174e-05] and parameters: {'k1': 1.8595266457134027e-05, 'D_low': 14787.382840410779, 'k2': 0.00010939944910100016, 'D_high': 316055.11434645514, 'fire_exp': 1.2429193829348841, 'P_half': 351.2704726270846, 'pre_dampen_half': 0.0195172246414495, 'gpp_af': 0.0023751383317256927, 'gpp_b': 3.228689523591491e-05, 'gpp_d': 2.292633983096564, 'ign_k': 0.04380580767905655, 'ign_c': 105.24574681335613, 'trop_agb_crit': 2.1775224101934065, 'trop_k_veg': 2.8224577471047865, 'fuel_k': 0.021123235354472927, 'fuel_half': 65.99277195883643}.
[I 2026-08-14 14:18:00,056] Trial 571 finished with values: [-0.5649493928136484, 0.04327157581460417] and parameters: {'k1': 0.0010204225357677778, 'D_low': 3735.16768760467, 'k2': 0.00010939944910100016, 'D_high': 316055.11434645514, 'fire_exp': 1.6214575867079866, 'P_half': 351.2704726270846, 'pre_dampen_half': 0.10609580257119508, 'gpp_af': 0.34902252478382495, 'gpp_b': 3.228689523591491e-05, 'gpp_d': 2.292633983096564, 'ign_k': 0.567034633562729, 'ign_c': 3.0378658251922155, 'trop_agb_crit': 13.98132484257899, 'trop_k_veg': 1.128469461526162, 'fuel_k': 5.486054129200969, 'fuel_half': 0.30455368715396786}.
[I 2026-08-14 14:18:02,410] Trial 572 finished with values: [-0.4174166573497116, 0.00034479262473952055] and parameters: {'k1': 0.003129228656360861, 'D_low': 28.331534346441074, 'k2': 1.4363112408604443e-05, 'D_high': 39079.671568228776, 'fire_exp': 1.7973831035976209, 'P_half': 1535.1441568398143, 'pre_dampen_half': 0.043181981126981975, 'gpp_af': 6.940121430516967, 'gpp_b': 0.005135775987795958, 'gpp_d': 34.70266988650411, 'ign_k': 0.04380580767905655, 'ign_c': 0.21947742689197342, 'trop_agb_crit': 16.86264052240002, 'trop_k_veg': 0.8934118487032162, 'fuel_k': 0.02496045629458217, 'fuel_half': 3.7093134348291836}.
[I 2026-08-14 14:18:05,237] Trial 573 finished with values: [-0.3809672449925681, 3.993174124694576e-09] and parameters: {'k1': 0.0029282035181080004, 'D_low': 14787.382840410779, 'k2': 1.263794633808287e-05, 'D_high': 39079.671568228776, 'fire_exp': 1.6733848721157607, 'P_half': 351.2704726270846, 'pre_dampen_half': 0.0195172246414495, 'gpp_af': 0.8571213555597653, 'gpp_b': 2.788681037423117, 'gpp_d': 8.144272585223819, 'ign_k': 0.04380580767905655, 'ign_c': 105.24574681335613, 'trop_agb_crit': 2.1775224101934065, 'trop_k_veg': 0.6921865222804094, 'fuel_k': 0.02929333925546488, 'fuel_half': 3.7093134348291836}.
[I 2026-08-14 14:18:07,386] Trial 574 finished with values: [-0.37571603346596555, 1.9705009624004788e-08] and parameters: {'k1': 0.0029282035181080004, 'D_low': 26378.036791458417, 'k2': 0.0009670857606743155, 'D_high': 38111.59226078823, 'fire_exp': 2.1589564941849333, 'P_half': 1535.1441568398143, 'pre_dampen_half': 0.03411860497758073, 'gpp_af': 0.25562996323356024, 'gpp_b': 2.788681037423117, 'gpp_d': 3.0023172465753074, 'ign_k': 0.567034633562729, 'ign_c': 5.486676498816058, 'trop_agb_crit': 2.1775224101934065, 'trop_k_veg': 4.844706510617515, 'fuel_k': 0.06382243375381637, 'fuel_half': 12.136386887218588}.
[I 2026-08-14 14:18:10,420] Trial 575 finished with values: [-0.36442681959015377, 4.933434018750127e-06] and parameters: {'k1': 0.00040091494283268605, 'D_low': 150238.92424595376, 'k2': 4.509158385973329e-05, 'D_high': 316055.11434645514, 'fire_exp': 1.6471752197360958, 'P_half': 1535.1441568398143, 'pre_dampen_half': 0.10609580257119508, 'gpp_af': 0.16548212780922, 'gpp_b': 0.040428727350273294, 'gpp_d': 16.460426816350523, 'ign_k': 0.04380580767905655, 'ign_c': 0.21947742689197342, 'trop_agb_crit': 24.584290528289387, 'trop_k_veg': 0.6921865222804094, 'fuel_k': 4.680936683972861, 'fuel_half': 3.7093134348291836}.
[I 2026-08-14 14:18:12,477] Trial 576 finished with values: [-0.46444780786239165, 0.024216835593586672] and parameters: {'k1': 0.07573282902008706, 'D_low': 3507.515213502105, 'k2': 1.854837679096716e-05, 'D_high': 625838.668783032, 'fire_exp': 1.2465639280699068, 'P_half': 351.2704726270846, 'pre_dampen_half': 0.03411860497758073, 'gpp_af': 0.008983355849178878, 'gpp_b': 1.3862179439161665e-05, 'gpp_d': 3.0023172465753074, 'ign_k': 0.567034633562729, 'ign_c': 0.18316165443932733, 'trop_agb_crit': 13.365572767895445, 'trop_k_veg': 2.96469974704069, 'fuel_k': 1.6460650207153917, 'fuel_half': 6.626468049070088}.
[I 2026-08-14 14:18:14,528] Trial 577 finished with values: [-0.41619726752475383, 0.0005111790619889423] and parameters: {'k1': 5.325873749322162e-05, 'D_low': 35.16392386455341, 'k2': 1.854837679096716e-05, 'D_high': 19062.70276902943, 'fire_exp': 1.2429193829348841, 'P_half': 351.2704726270846, 'pre_dampen_half': 0.0195172246414495, 'gpp_af': 0.34902252478382495, 'gpp_b': 0.040428727350273294, 'gpp_d': 3.0023172465753074, 'ign_k': 0.00846814692316608, 'ign_c': 3.661204467448704, 'trop_agb_crit': 2.1775224101934065, 'trop_k_veg': 0.8934118487032162, 'fuel_k': 0.013421538374693755, 'fuel_half': 0.30455368715396786}.
[I 2026-08-14 14:18:17,239] Trial 578 finished with values: [-0.3554625854118624, 0.0] and parameters: {'k1': 0.0012329098365270509, 'D_low': 4.043300846639722, 'k2': 1.854837679096716e-05, 'D_high': 316055.11434645514, 'fire_exp': 3.27790247797386, 'P_half': 65.33684593224972, 'pre_dampen_half': 0.15144408538724474, 'gpp_af': 0.34902252478382495, 'gpp_b': 0.00024732964314480056, 'gpp_d': 2.292633983096564, 'ign_k': 0.2387290889916325, 'ign_c': 105.24574681335613, 'trop_agb_crit': 13.98132484257899, 'trop_k_veg': 0.8258248924958269, 'fuel_k': 0.28630931797361614, 'fuel_half': 10.013658413533488}.
[I 2026-08-14 14:18:19,302] Trial 579 finished with values: [-0.41387783642321485, 8.028900291401353e-05] and parameters: {'k1': 0.0012329098365270509, 'D_low': 9.222492453004657, 'k2': 1.263794633808287e-05, 'D_high': 16.752866684650684, 'fire_exp': 1.6733848721157607, 'P_half': 1535.1441568398143, 'pre_dampen_half': 0.03333029838740256, 'gpp_af': 0.34902252478382495, 'gpp_b': 0.009563154080872067, 'gpp_d': 285.57196407381804, 'ign_k': 0.04380580767905655, 'ign_c': 0.1254144753902608, 'trop_agb_crit': 2.1775224101934065, 'trop_k_veg': 0.6189606672462583, 'fuel_k': 1.6630228777630973, 'fuel_half': 91.90868674438059}.
[I 2026-08-14 14:18:21,376] Trial 580 finished with values: [-0.3554625854118624, 0.0] and parameters: {'k1': 6.069662445477729e-05, 'D_low': 126.11058927054879, 'k2': 1.3243445838637965e-05, 'D_high': 12.862664853393753, 'fire_exp': 1.2429193829348841, 'P_half': 1938.3858782150498, 'pre_dampen_half': 0.37306104754535907, 'gpp_af': 0.34902252478382495, 'gpp_b': 2.788681037423117, 'gpp_d': 5.1227685768715014, 'ign_k': 0.31014294272127446, 'ign_c': 105.24574681335613, 'trop_agb_crit': 16.86264052240002, 'trop_k_veg': 0.6189606672462583, 'fuel_k': 1.6630228777630973, 'fuel_half': 8.17127270071559}.
[I 2026-08-14 14:18:23,775] Trial 581 finished with values: [-0.3919015952885368, 1.5531239849764233e-08] and parameters: {'k1': 0.0024005553432620355, 'D_low': 105.0448464633852, 'k2': 0.0009670857606743155, 'D_high': 38111.59226078823, 'fire_exp': 2.26267489175816, 'P_half': 343.5759946100352, 'pre_dampen_half': 0.03411860497758073, 'gpp_af': 0.03934396739328546, 'gpp_b': 0.9407903301838397, 'gpp_d': 0.08139347272614299, 'ign_k': 0.0012087541473056963, 'ign_c': 0.7464754881442118, 'trop_agb_crit': 2.3118820898020997, 'trop_k_veg': 2.417028380770307, 'fuel_k': 1.6630228777630973, 'fuel_half': 12.136386887218588}.
[I 2026-08-14 14:18:25,688] Trial 582 finished with values: [-0.41663030023888414, 0.0024394807790317774] and parameters: {'k1': 0.0004688858519834985, 'D_low': 35.16392386455341, 'k2': 1.4363112408604443e-05, 'D_high': 1826.6972566585878, 'fire_exp': 1.075051292556307, 'P_half': 4.961134450191397, 'pre_dampen_half': 0.10609580257119508, 'gpp_af': 0.0023751383317256927, 'gpp_b': 6.586254606637078e-05, 'gpp_d': 3.0023172465753074, 'ign_k': 0.026539376439360548, 'ign_c': 105.24574681335613, 'trop_agb_crit': 2.1775224101934065, 'trop_k_veg': 2.8224577471047865, 'fuel_k': 0.06382243375381637, 'fuel_half': 0.30455368715396786}.
[I 2026-08-14 14:18:27,619] Trial 583 finished with values: [-0.4065982583419438, 1.055504718250333e-05] and parameters: {'k1': 0.006033623633620595, 'D_low': 105.0448464633852, 'k2': 0.0009670857606743155, 'D_high': 38111.59226078823, 'fire_exp': 2.1589564941849333, 'P_half': 1440.3650379563878, 'pre_dampen_half': 0.03426913908389044, 'gpp_af': 0.16983565276584273, 'gpp_b': 0.23395511097933275, 'gpp_d': 3.0023172465753074, 'ign_k': 0.03141110271934876, 'ign_c': 0.7464754881442118, 'trop_agb_crit': 16.86264052240002, 'trop_k_veg': 2.417028380770307, 'fuel_k': 0.02496045629458217, 'fuel_half': 35.2847426865637}.
[I 2026-08-14 14:18:29,537] Trial 584 finished with values: [-0.4220944792584418, 0.0038945036669776334] and parameters: {'k1': 6.069662445477729e-05, 'D_low': 4.043300846639722, 'k2': 2.5299503921303695e-05, 'D_high': 12.862664853393753, 'fire_exp': 1.2429193829348841, 'P_half': 539.5442811888478, 'pre_dampen_half': 0.022695682239207024, 'gpp_af': 0.2077161282926346, 'gpp_b': 3.228689523591491e-05, 'gpp_d': 1.0509785213427776, 'ign_k': 1.8108143621079664, 'ign_c': 1.3409701145872435, 'trop_agb_crit': 1.4946647023314867, 'trop_k_veg': 3.715819581962784, 'fuel_k': 0.5588539902953054, 'fuel_half': 0.14319038307687884}.
[I 2026-08-14 14:18:31,552] Trial 585 finished with values: [-0.3554625854118624, 0.0] and parameters: {'k1': 0.0012329098365270509, 'D_low': 367.4904945305323, 'k2': 0.0004673518999562748, 'D_high': 44.39648242927527, 'fire_exp': 2.1589564941849333, 'P_half': 1212.4080603355412, 'pre_dampen_half': 0.03411860497758073, 'gpp_af': 0.326288637536534, 'gpp_b': 2.788681037423117, 'gpp_d': 0.17638479543546878, 'ign_k': 0.05681482545113266, 'ign_c': 79.62155254464994, 'trop_agb_crit': 2.3118820898020997, 'trop_k_veg': 0.6189606672462583, 'fuel_k': 0.06382243375381637, 'fuel_half': 65.99277195883643}.
[I 2026-08-14 14:18:33,429] Trial 586 finished with values: [-0.4209581266888721, 0.01024926122086156] and parameters: {'k1': 0.0010204225357677778, 'D_low': 35.16392386455341, 'k2': 0.00010939944910100016, 'D_high': 12.862664853393753, 'fire_exp': 1.075051292556307, 'P_half': 1938.3858782150498, 'pre_dampen_half': 0.10609580257119508, 'gpp_af': 0.008983355849178878, 'gpp_b': 3.228689523591491e-05, 'gpp_d': 3.0023172465753074, 'ign_k': 0.18170401889219123, 'ign_c': 1.3409701145872435, 'trop_agb_crit': 2.1775224101934065, 'trop_k_veg': 3.715819581962784, 'fuel_k': 5.486054129200969, 'fuel_half': 0.30455368715396786}.
[I 2026-08-14 14:18:35,356] Trial 587 finished with values: [-0.410655442163608, 0.00017697029245000717] and parameters: {'k1': 0.0010204225357677778, 'D_low': 4.043300846639722, 'k2': 0.00019472216066157317, 'D_high': 160625.60954780428, 'fire_exp': 1.7973831035976209, 'P_half': 51.61767747867285, 'pre_dampen_half': 0.03426913908389044, 'gpp_af': 0.16983565276584273, 'gpp_b': 0.23395511097933275, 'gpp_d': 2.292633983096564, 'ign_k': 0.03141110271934876, 'ign_c': 3.0378658251922155, 'trop_agb_crit': 2.3118820898020997, 'trop_k_veg': 3.715819581962784, 'fuel_k': 5.486054129200969, 'fuel_half': 14.216519889545305}.
[I 2026-08-14 14:18:37,285] Trial 588 finished with values: [-0.48393589821544164, 0.011931534504893593] and parameters: {'k1': 0.0012329098365270509, 'D_low': 4.043300846639722, 'k2': 0.00019472216066157317, 'D_high': 316055.11434645514, 'fire_exp': 1.6214575867079866, 'P_half': 351.2704726270846, 'pre_dampen_half': 0.03426913908389044, 'gpp_af': 0.16983565276584273, 'gpp_b': 0.00012906175696809457, 'gpp_d': 5.1227685768715014, 'ign_k': 0.03141110271934876, 'ign_c': 3.0378658251922155, 'trop_agb_crit': 13.98132484257899, 'trop_k_veg': 7.260694958828215, 'fuel_k': 5.486054129200969, 'fuel_half': 0.30455368715396786}.
[I 2026-08-14 14:18:39,166] Trial 589 finished with values: [-0.47017138648509915, 0.012710428613948554] and parameters: {'k1': 0.0010204225357677778, 'D_low': 3735.16768760467, 'k2': 1.854837679096716e-05, 'D_high': 316055.11434645514, 'fire_exp': 1.182396148413737, 'P_half': 1938.3858782150498, 'pre_dampen_half': 502.5175192217655, 'gpp_af': 0.34902252478382495, 'gpp_b': 0.03103333227753725, 'gpp_d': 2.292633983096564, 'ign_k': 0.18170401889219123, 'ign_c': 15.221840161091626, 'trop_agb_crit': 13.98132484257899, 'trop_k_veg': 1.0540721475196824, 'fuel_k': 5.486054129200969, 'fuel_half': 52.00581729114123}.
[I 2026-08-14 14:18:41,643] Trial 590 finished with values: [-0.43479610733972607, 0.010071880915146214] and parameters: {'k1': 0.05554169083020911, 'D_low': 3735.16768760467, 'k2': 0.00019472216066157317, 'D_high': 160625.60954780428, 'fire_exp': 1.7973831035976209, 'P_half': 351.2704726270846, 'pre_dampen_half': 0.03411860497758073, 'gpp_af': 0.16983565276584273, 'gpp_b': 0.00012906175696809457, 'gpp_d': 3.0023172465753074, 'ign_k': 0.5884974770225301, 'ign_c': 0.3296550135838091, 'trop_agb_crit': 15.53776736258787, 'trop_k_veg': 3.1061628445647007, 'fuel_k': 1.772261104101594, 'fuel_half': 35.2847426865637}.
[I 2026-08-14 14:18:43,523] Trial 591 finished with values: [-0.3832325338572638, 1.565163665340208e-09] and parameters: {'k1': 0.0010204225357677778, 'D_low': 126.11058927054879, 'k2': 1.854837679096716e-05, 'D_high': 316055.11434645514, 'fire_exp': 1.6214575867079866, 'P_half': 3910.3637457741784, 'pre_dampen_half': 0.15144408538724474, 'gpp_af': 0.008983355849178878, 'gpp_b': 8.86208604060461, 'gpp_d': 1.105785410092522, 'ign_k': 0.31014294272127446, 'ign_c': 0.4213183643253957, 'trop_agb_crit': 1.8730954962803803, 'trop_k_veg': 4.844706510617515, 'fuel_k': 1.6630228777630973, 'fuel_half': 2.841639333505349}.
[I 2026-08-14 14:18:45,747] Trial 592 finished with values: [-0.44306932226859785, 0.03948011330293544] and parameters: {'k1': 0.05554169083020911, 'D_low': 4.043300846639722, 'k2': 1.263794633808287e-05, 'D_high': 44.39648242927527, 'fire_exp': 1.075051292556307, 'P_half': 351.2704726270846, 'pre_dampen_half': 0.37306104754535907, 'gpp_af': 0.004385018674829579, 'gpp_b': 3.228689523591491e-05, 'gpp_d': 0.17638479543546878, 'ign_k': 0.04380580767905655, 'ign_c': 0.19678273362633986, 'trop_agb_crit': 1.7813653882411722, 'trop_k_veg': 3.715819581962784, 'fuel_k': 1.772261104101594, 'fuel_half': 2.100333410321807}.
[I 2026-08-14 14:18:47,757] Trial 593 finished with values: [-0.37143739232113915, 1.6654947421201882e-09] and parameters: {'k1': 1.8595266457134027e-05, 'D_low': 367.4904945305323, 'k2': 0.0009670857606743155, 'D_high': 1826.6972566585878, 'fire_exp': 1.2429193829348841, 'P_half': 7683.876502998063, 'pre_dampen_half': 0.0195172246414495, 'gpp_af': 0.0025511964576171086, 'gpp_b': 0.040428727350273294, 'gpp_d': 0.03315494004644148, 'ign_k': 0.04380580767905655, 'ign_c': 105.24574681335613, 'trop_agb_crit': 2.1775224101934065, 'trop_k_veg': 2.417028380770307, 'fuel_k': 0.28630931797361614, 'fuel_half': 12.136386887218588}.
[I 2026-08-14 14:18:49,640] Trial 594 finished with values: [-0.39336956924542965, 1.176882713505023e-08] and parameters: {'k1': 0.007895056976009628, 'D_low': 2.607160725470918, 'k2': 1.263794633808287e-05, 'D_high': 44.39648242927527, 'fire_exp': 1.6733848721157607, 'P_half': 1938.3858782150498, 'pre_dampen_half': 0.03627422119926134, 'gpp_af': 0.0025511964576171086, 'gpp_b': 0.0295339477381795, 'gpp_d': 285.57196407381804, 'ign_k': 0.03141110271934876, 'ign_c': 105.24574681335613, 'trop_agb_crit': 2.1775224101934065, 'trop_k_veg': 2.3220791324604515, 'fuel_k': 5.486054129200969, 'fuel_half': 3.7093134348291836}.
[I 2026-08-14 14:18:51,515] Trial 595 finished with values: [-0.39946657760785487, 7.977917189094796e-07] and parameters: {'k1': 0.0004688858519834985, 'D_low': 367.4904945305323, 'k2': 1.263794633808287e-05, 'D_high': 44.39648242927527, 'fire_exp': 1.6214575867079866, 'P_half': 48.464976792190825, 'pre_dampen_half': 0.011501973785501987, 'gpp_af': 0.34902252478382495, 'gpp_b': 0.03103333227753725, 'gpp_d': 0.23485690470339216, 'ign_k': 0.04380580767905655, 'ign_c': 105.24574681335613, 'trop_agb_crit': 1.310122900330372, 'trop_k_veg': 2.3220791324604515, 'fuel_k': 0.06382243375381637, 'fuel_half': 0.30455368715396786}.
[I 2026-08-14 14:18:53,389] Trial 596 finished with values: [-0.4300700721052288, 0.08107267298032905] and parameters: {'k1': 0.0003713474360443033, 'D_low': 2.0349553327469425, 'k2': 0.006051580666890612, 'D_high': 316055.11434645514, 'fire_exp': 2.1589564941849333, 'P_half': 269.74113434525447, 'pre_dampen_half': 3.659675301686169, 'gpp_af': 0.0876577878178163, 'gpp_b': 1.6569065206637924e-05, 'gpp_d': 0.012284844784580964, 'ign_k': 0.567034633562729, 'ign_c': 0.18316165443932733, 'trop_agb_crit': 2.3118820898020997, 'trop_k_veg': 2.417028380770307, 'fuel_k': 5.486054129200969, 'fuel_half': 12.136386887218588}.
[I 2026-08-14 14:18:55,329] Trial 597 finished with values: [-0.4315005796930914, 0.03969721882571886] and parameters: {'k1': 0.0003713474360443033, 'D_low': 126.11058927054879, 'k2': 0.006051580666890612, 'D_high': 160625.60954780428, 'fire_exp': 1.6214575867079866, 'P_half': 2.2010656610055808, 'pre_dampen_half': 3.659675301686169, 'gpp_af': 0.0023751383317256927, 'gpp_b': 0.004922228103935987, 'gpp_d': 314.6826989726468, 'ign_k': 0.567034633562729, 'ign_c': 0.18316165443932733, 'trop_agb_crit': 1.8730954962803803, 'trop_k_veg': 2.8224577471047865, 'fuel_k': 5.486054129200969, 'fuel_half': 15.581254655530845}.
