[I 2026-06-08 13:04:29,331] Trial 2414 finished with values: [-0.5932025423841639, 0.04080879696716144] and parameters: {'k1': 0.01889771394135163, 'D_low': 2.018165937474199, 'k2': 0.012758211164590085, 'D_high': 1493.5213816355397, 'fire_exp': 1.165368636520435, 'P_half': 12.808863354047988, 'pre_dampen_half': 107.40052367919465, 'gpp_af': 0.05511595477601767, 'gpp_b': 0.0005752434266899163, 'gpp_d': 660.9129108295722, 'ign_k': 8.708806168038567, 'ign_c': 20.03995359361212, 'trop_agb_crit': 3.5747129226002423, 'trop_k_veg': 2.194427136482602}.
[I 2026-06-08 13:04:30,960] Trial 2415 finished with values: [-0.5948885917631108, 0.04725342376965258] and parameters: {'k1': 0.03635503353478365, 'D_low': 39.02532261756613, 'k2': 0.04333919331865372, 'D_high': 2940.51756322311, 'fire_exp': 1.165368636520435, 'P_half': 4.213183643253957, 'pre_dampen_half': 107.40052367919465, 'gpp_af': 0.10409127568994281, 'gpp_b': 0.0013845729766322433, 'gpp_d': 150.14555442537656, 'ign_k': 8.708806168038567, 'ign_c': 20.03995359361212, 'trop_agb_crit': 3.5747129226002423, 'trop_k_veg': 2.194427136482602}.
[I 2026-06-08 13:04:32,538] Trial 2416 finished with values: [-0.5988131745410628, 0.05030084419278247] and parameters: {'k1': 0.01889771394135163, 'D_low': 26.010975196050584, 'k2': 0.012758211164590085, 'D_high': 2940.51756322311, 'fire_exp': 1.165368636520435, 'P_half': 12.808863354047988, 'pre_dampen_half': 107.40052367919465, 'gpp_af': 0.05511595477601767, 'gpp_b': 0.0005752434266899163, 'gpp_d': 138.92422717939002, 'ign_k': 8.708806168038567, 'ign_c': 20.03995359361212, 'trop_agb_crit': 3.5747129226002423, 'trop_k_veg': 2.1104394500982346}.
[I 2026-06-08 13:04:34,139] Trial 2417 finished with values: [10.426627125779337, 10.426627125779337] and parameters: {'k1': 0.01889771394135163, 'D_low': 2.143851363193517, 'k2': 0.012758211164590085, 'D_high': 1493.5213816355397, 'fire_exp': 1.165368636520435, 'P_half': 1436.0560576269063, 'pre_dampen_half': 107.40052367919465, 'gpp_af': 0.10409127568994281, 'gpp_b': 0.0005752434266899163, 'gpp_d': 21.828476026538596, 'ign_k': 8.708806168038567, 'ign_c': 20.03995359361212, 'trop_agb_crit': 3.5747129226002423, 'trop_k_veg': 2.194427136482602}.
[I 2026-06-08 13:04:35,709] Trial 2418 finished with values: [10.852824770331784, 10.852824770331784] and parameters: {'k1': 0.01889771394135163, 'D_low': 70.18267183720735, 'k2': 0.012758211164590085, 'D_high': 170.28771843762684, 'fire_exp': 1.165368636520435, 'P_half': 4520.159663796433, 'pre_dampen_half': 107.40052367919465, 'gpp_af': 0.10409127568994281, 'gpp_b': 0.0005752434266899163, 'gpp_d': 10.369565216756202, 'ign_k': 8.708806168038567, 'ign_c': 20.03995359361212, 'trop_agb_crit': 3.5747129226002423, 'trop_k_veg': 6.197108275106861}.
[I 2026-06-08 13:04:37,433] Trial 2419 finished with values: [10.756048537511884, 10.756048537511884] and parameters: {'k1': 0.01889771394135163, 'D_low': 2.143851363193517, 'k2': 0.012758211164590085, 'D_high': 1493.5213816355397, 'fire_exp': 1.165368636520435, 'P_half': 6475.302593892907, 'pre_dampen_half': 107.40052367919465, 'gpp_af': 0.017199513788543352, 'gpp_b': 0.0005752434266899163, 'gpp_d': 10.369565216756202, 'ign_k': 8.708806168038567, 'ign_c': 20.03995359361212, 'trop_agb_crit': 3.5747129226002423, 'trop_k_veg': 2.194427136482602}.
[I 2026-06-08 13:04:39,017] Trial 2420 finished with values: [-0.5898772113426203, 0.032567067387131776] and parameters: {'k1': 0.01889771394135163, 'D_low': 32.83796190364696, 'k2': 0.012758211164590085, 'D_high': 1493.5213816355397, 'fire_exp': 1.165368636520435, 'P_half': 2.1570307680573153, 'pre_dampen_half': 107.40052367919465, 'gpp_af': 0.017199513788543352, 'gpp_b': 0.0005752434266899163, 'gpp_d': 32.59634197484904, 'ign_k': 8.708806168038567, 'ign_c': 20.03995359361212, 'trop_agb_crit': 7.500118950416987, 'trop_k_veg': 6.197108275106861}.
[I 2026-06-08 13:04:41,652] Trial 2421 finished with values: [-0.5965370474816059, 0.05171545287615309] and parameters: {'k1': 0.01889771394135163, 'D_low': 70.18267183720735, 'k2': 0.04333919331865372, 'D_high': 2940.51756322311, 'fire_exp': 1.165368636520435, 'P_half': 2.1570307680573153, 'pre_dampen_half': 107.40052367919465, 'gpp_af': 0.10409127568994281, 'gpp_b': 0.0005752434266899163, 'gpp_d': 32.59634197484904, 'ign_k': 8.708806168038567, 'ign_c': 20.03995359361212, 'trop_agb_crit': 3.5747129226002423, 'trop_k_veg': 6.197108275106861}.
[I 2026-06-08 13:04:43,157] Trial 2422 finished with values: [10.892857142659844, 10.892857142659844] and parameters: {'k1': 0.01889771394135163, 'D_low': 32.83796190364696, 'k2': 0.04333919331865372, 'D_high': 1493.5213816355397, 'fire_exp': 2.1219861356051095, 'P_half': 4.213183643253957, 'pre_dampen_half': 107.40052367919465, 'gpp_af': 0.10409127568994281, 'gpp_b': 0.0013382883357600816, 'gpp_d': 3.374199580629157, 'ign_k': 5.814110080219826, 'ign_c': 320.09414665627946, 'trop_agb_crit': 7.500118950416987, 'trop_k_veg': 2.194427136482602}.
[I 2026-06-08 13:04:44,759] Trial 2423 finished with values: [-0.5920635481635079, 0.035208675502444] and parameters: {'k1': 0.01889771394135163, 'D_low': 2.143851363193517, 'k2': 0.012758211164590085, 'D_high': 1493.5213816355397, 'fire_exp': 1.165368636520435, 'P_half': 12.808863354047988, 'pre_dampen_half': 107.40052367919465, 'gpp_af': 0.017199513788543352, 'gpp_b': 0.0005752434266899163, 'gpp_d': 660.9129108295722, 'ign_k': 8.708806168038567, 'ign_c': 20.03995359361212, 'trop_agb_crit': 7.500118950416987, 'trop_k_veg': 6.9782110227926815}.
[I 2026-06-08 13:04:46,567] Trial 2424 finished with values: [-0.5845721812563353, 0.06634606390996278] and parameters: {'k1': 0.03635503353478365, 'D_low': 2.143851363193517, 'k2': 0.012758211164590085, 'D_high': 1493.5213816355397, 'fire_exp': 1.165368636520435, 'P_half': 4.213183643253957, 'pre_dampen_half': 107.40052367919465, 'gpp_af': 0.10409127568994281, 'gpp_b': 0.0005752434266899163, 'gpp_d': 21.828476026538596, 'ign_k': 8.708806168038567, 'ign_c': 20.03995359361212, 'trop_agb_crit': 3.5747129226002423, 'trop_k_veg': 0.6644681025004958}.
[I 2026-06-08 13:04:48,410] Trial 2425 finished with values: [10.207332702952442, 10.207332702952442] and parameters: {'k1': 0.000372325664336759, 'D_low': 2.143851363193517, 'k2': 0.00448940480666442, 'D_high': 1493.5213816355397, 'fire_exp': 1.165368636520435, 'P_half': 12.808863354047988, 'pre_dampen_half': 107.40052367919465, 'gpp_af': 0.026385812054113177, 'gpp_b': 0.0005752434266899163, 'gpp_d': 10.369565216756202, 'ign_k': 8.708806168038567, 'ign_c': 20.03995359361212, 'trop_agb_crit': 7.500118950416987, 'trop_k_veg': 2.194427136482602}.
[I 2026-06-08 13:04:50,202] Trial 2426 finished with values: [10.262038777496885, 10.262038777496885] and parameters: {'k1': 0.03635503353478365, 'D_low': 2.018165937474199, 'k2': 0.012758211164590085, 'D_high': 1493.5213816355397, 'fire_exp': 1.165368636520435, 'P_half': 4.213183643253957, 'pre_dampen_half': 107.40052367919465, 'gpp_af': 0.10409127568994281, 'gpp_b': 0.0005752434266899163, 'gpp_d': 660.9129108295722, 'ign_k': 8.708806168038567, 'ign_c': 16.348757762805985, 'trop_agb_crit': 3.5747129226002423, 'trop_k_veg': 2.194427136482602}.
[I 2026-06-08 13:04:52,224] Trial 2427 finished with values: [-0.5509220218049395, 0.16157114469328282] and parameters: {'k1': 0.01889771394135163, 'D_low': 2.143851363193517, 'k2': 0.012758211164590085, 'D_high': 1493.5213816355397, 'fire_exp': 1.165368636520435, 'P_half': 4.213183643253957, 'pre_dampen_half': 107.40052367919465, 'gpp_af': 0.10409127568994281, 'gpp_b': 0.0005752434266899163, 'gpp_d': 21.828476026538596, 'ign_k': 0.10292713640939813, 'ign_c': 20.03995359361212, 'trop_agb_crit': 3.5747129226002423, 'trop_k_veg': 2.194427136482602}.
[I 2026-06-08 13:04:54,037] Trial 2428 finished with values: [10.781475941406432, 10.781475941406432] and parameters: {'k1': 0.01889771394135163, 'D_low': 32.83796190364696, 'k2': 0.04333919331865372, 'D_high': 59.62827857313732, 'fire_exp': 1.165368636520435, 'P_half': 12.808863354047988, 'pre_dampen_half': 107.40052367919465, 'gpp_af': 0.05511595477601767, 'gpp_b': 0.0005752434266899163, 'gpp_d': 10.369565216756202, 'ign_k': 8.708806168038567, 'ign_c': 20.03995359361212, 'trop_agb_crit': 3.5747129226002423, 'trop_k_veg': 2.194427136482602}.
[I 2026-06-08 13:04:55,797] Trial 2429 finished with values: [-0.587001344881761, 0.03656491728811717] and parameters: {'k1': 0.01889771394135163, 'D_low': 1.9623826481168343, 'k2': 0.027243762440251822, 'D_high': 1493.5213816355397, 'fire_exp': 1.165368636520435, 'P_half': 148.62721357628138, 'pre_dampen_half': 107.40052367919465, 'gpp_af': 0.10409127568994281, 'gpp_b': 0.0005752434266899163, 'gpp_d': 21.828476026538596, 'ign_k': 8.708806168038567, 'ign_c': 20.03995359361212, 'trop_agb_crit': 3.5747129226002423, 'trop_k_veg': 2.194427136482602}.
[I 2026-06-08 13:04:57,831] Trial 2430 finished with values: [10.003217124589467, 10.003217124589467] and parameters: {'k1': 0.01889771394135163, 'D_low': 70.18267183720735, 'k2': 0.04333919331865372, 'D_high': 1493.5213816355397, 'fire_exp': 1.165368636520435, 'P_half': 2.0445481304689883, 'pre_dampen_half': 107.40052367919465, 'gpp_af': 0.05511595477601767, 'gpp_b': 0.0005752434266899163, 'gpp_d': 660.9129108295722, 'ign_k': 8.708806168038567, 'ign_c': 20.03995359361212, 'trop_agb_crit': 3.5747129226002423, 'trop_k_veg': 6.9782110227926815}.
[I 2026-06-08 13:04:59,557] Trial 2431 finished with values: [-0.5930741941435957, 0.06091835865322781] and parameters: {'k1': 0.01889771394135163, 'D_low': 30.46239411575352, 'k2': 0.012758211164590085, 'D_high': 1493.5213816355397, 'fire_exp': 1.165368636520435, 'P_half': 4.213183643253957, 'pre_dampen_half': 107.40052367919465, 'gpp_af': 2.424956290907677, 'gpp_b': 0.0005752434266899163, 'gpp_d': 660.9129108295722, 'ign_k': 8.708806168038567, 'ign_c': 20.03995359361212, 'trop_agb_crit': 3.5747129226002423, 'trop_k_veg': 5.104018291655796}.
[I 2026-06-08 13:05:01,545] Trial 2432 finished with values: [10.892857142659844, 10.892857142659844] and parameters: {'k1': 0.016915452325158058, 'D_low': 2723.059414955317, 'k2': 0.012758211164590085, 'D_high': 1493.5213816355397, 'fire_exp': 1.165368636520435, 'P_half': 2.1570307680573153, 'pre_dampen_half': 107.40052367919465, 'gpp_af': 0.017199513788543352, 'gpp_b': 0.0005752434266899163, 'gpp_d': 10.369565216756202, 'ign_k': 8.708806168038567, 'ign_c': 20.03995359361212, 'trop_agb_crit': 7.500118950416987, 'trop_k_veg': 6.197108275106861}.
[I 2026-06-08 13:05:04,469] Trial 2433 finished with values: [-0.595022252635219, 0.05025231743153402] and parameters: {'k1': 0.01889771394135163, 'D_low': 70.18267183720735, 'k2': 0.012758211164590085, 'D_high': 1493.5213816355397, 'fire_exp': 1.165368636520435, 'P_half': 4.213183643253957, 'pre_dampen_half': 107.40052367919465, 'gpp_af': 5.5179691530900215, 'gpp_b': 0.004317810792212071, 'gpp_d': 660.9129108295722, 'ign_k': 8.708806168038567, 'ign_c': 20.03995359361212, 'trop_agb_crit': 7.977220356594798, 'trop_k_veg': 6.9782110227926815}.
[I 2026-06-08 13:05:06,532] Trial 2434 finished with values: [10.410218212670875, 10.410218212670875] and parameters: {'k1': 4.379874076217435e-05, 'D_low': 2.143851363193517, 'k2': 0.04333919331865372, 'D_high': 1493.5213816355397, 'fire_exp': 1.165368636520435, 'P_half': 494.97318281306707, 'pre_dampen_half': 107.40052367919465, 'gpp_af': 0.1476584299248268, 'gpp_b': 0.0005752434266899163, 'gpp_d': 10.369565216756202, 'ign_k': 8.708806168038567, 'ign_c': 20.03995359361212, 'trop_agb_crit': 7.500118950416987, 'trop_k_veg': 6.197108275106861}.
[I 2026-06-08 13:05:09,202] Trial 2435 finished with values: [10.148205409330547, 10.148205409330547] and parameters: {'k1': 0.01889771394135163, 'D_low': 70.18267183720735, 'k2': 0.04333919331865372, 'D_high': 1493.5213816355397, 'fire_exp': 1.165368636520435, 'P_half': 12.808863354047988, 'pre_dampen_half': 107.40052367919465, 'gpp_af': 0.017199513788543352, 'gpp_b': 0.0005752434266899163, 'gpp_d': 32.59634197484904, 'ign_k': 8.708806168038567, 'ign_c': 20.03995359361212, 'trop_agb_crit': 1.839834651145153, 'trop_k_veg': 6.197108275106861}.
[I 2026-06-08 13:05:11,540] Trial 2436 finished with values: [10.54511626496939, 10.54511626496939] and parameters: {'k1': 0.01889771394135163, 'D_low': 596.7581542703582, 'k2': 0.012758211164590085, 'D_high': 2940.51756322311, 'fire_exp': 1.165368636520435, 'P_half': 148.62721357628138, 'pre_dampen_half': 107.40052367919465, 'gpp_af': 0.1476584299248268, 'gpp_b': 0.0005752434266899163, 'gpp_d': 660.9129108295722, 'ign_k': 8.708806168038567, 'ign_c': 20.03995359361212, 'trop_agb_crit': 3.5747129226002423, 'trop_k_veg': 2.194427136482602}.
[I 2026-06-08 13:05:13,780] Trial 2437 finished with values: [-0.5877026301050934, 0.03462993865351849] and parameters: {'k1': 0.01889771394135163, 'D_low': 8.286910396939334, 'k2': 0.005130610786079737, 'D_high': 1493.5213816355397, 'fire_exp': 1.165368636520435, 'P_half': 12.808863354047988, 'pre_dampen_half': 107.40052367919465, 'gpp_af': 0.026385812054113177, 'gpp_b': 0.0005752434266899163, 'gpp_d': 84.31013932082456, 'ign_k': 8.708806168038567, 'ign_c': 20.03995359361212, 'trop_agb_crit': 3.5747129226002423, 'trop_k_veg': 6.9782110227926815}.
[I 2026-06-08 13:05:16,202] Trial 2438 finished with values: [-0.5986481585890319, 0.05042935650298119] and parameters: {'k1': 0.01889771394135163, 'D_low': 32.83796190364696, 'k2': 0.012758211164590085, 'D_high': 2940.51756322311, 'fire_exp': 1.165368636520435, 'P_half': 2.9526039784363403, 'pre_dampen_half': 107.40052367919465, 'gpp_af': 0.05511595477601767, 'gpp_b': 0.0005752434266899163, 'gpp_d': 660.9129108295722, 'ign_k': 8.708806168038567, 'ign_c': 20.03995359361212, 'trop_agb_crit': 3.5747129226002423, 'trop_k_veg': 2.194427136482602}.
[I 2026-06-08 13:05:18,727] Trial 2439 finished with values: [10.737741307296961, 10.737741307296961] and parameters: {'k1': 0.01889771394135163, 'D_low': 26.010975196050584, 'k2': 0.012758211164590085, 'D_high': 45.82874459133905, 'fire_exp': 1.165368636520435, 'P_half': 4.213183643253957, 'pre_dampen_half': 107.40052367919465, 'gpp_af': 0.05511595477601767, 'gpp_b': 0.0005752434266899163, 'gpp_d': 138.92422717939002, 'ign_k': 8.708806168038567, 'ign_c': 20.03995359361212, 'trop_agb_crit': 7.500118950416987, 'trop_k_veg': 6.197108275106861}.
[I 2026-06-08 13:05:20,466] Trial 2440 finished with values: [-0.5884611493057121, 0.030020662943133658] and parameters: {'k1': 0.01889771394135163, 'D_low': 70.18267183720735, 'k2': 0.04333919331865372, 'D_high': 1493.5213816355397, 'fire_exp': 1.165368636520435, 'P_half': 2.0445481304689883, 'pre_dampen_half': 107.40052367919465, 'gpp_af': 0.026385812054113177, 'gpp_b': 0.0005752434266899163, 'gpp_d': 10.369565216756202, 'ign_k': 8.708806168038567, 'ign_c': 20.03995359361212, 'trop_agb_crit': 7.500118950416987, 'trop_k_veg': 6.197108275106861}.
[I 2026-06-08 13:05:22,410] Trial 2441 finished with values: [-0.5944096701517619, 0.03711822894926664] and parameters: {'k1': 0.01889771394135163, 'D_low': 1.0185176067069694, 'k2': 0.04333919331865372, 'D_high': 1493.5213816355397, 'fire_exp': 1.165368636520435, 'P_half': 12.808863354047988, 'pre_dampen_half': 107.40052367919465, 'gpp_af': 0.025844142788784538, 'gpp_b': 0.0005752434266899163, 'gpp_d': 10.369565216756202, 'ign_k': 8.708806168038567, 'ign_c': 20.03995359361212, 'trop_agb_crit': 7.500118950416987, 'trop_k_veg': 6.197108275106861}.
[I 2026-06-08 13:05:24,092] Trial 2442 finished with values: [-0.585869728055273, 0.06034117232146463] and parameters: {'k1': 0.01889771394135163, 'D_low': 32.83796190364696, 'k2': 0.012758211164590085, 'D_high': 1493.5213816355397, 'fire_exp': 1.165368636520435, 'P_half': 4.213183643253957, 'pre_dampen_half': 107.40052367919465, 'gpp_af': 3.9237207325154264, 'gpp_b': 0.0005752434266899163, 'gpp_d': 32.59634197484904, 'ign_k': 8.708806168038567, 'ign_c': 20.03995359361212, 'trop_agb_crit': 3.5747129226002423, 'trop_k_veg': 6.197108275106861}.
[I 2026-06-08 13:05:26,932] Trial 2443 finished with values: [10.018105120583497, 10.018105120583497] and parameters: {'k1': 0.008503626883215001, 'D_low': 2.018165937474199, 'k2': 0.0011474490207395737, 'D_high': 1493.5213816355397, 'fire_exp': 1.165368636520435, 'P_half': 4.213183643253957, 'pre_dampen_half': 129.6205834341811, 'gpp_af': 0.10409127568994281, 'gpp_b': 0.0005752434266899163, 'gpp_d': 84.31013932082456, 'ign_k': 8.708806168038567, 'ign_c': 20.03995359361212, 'trop_agb_crit': 3.5747129226002423, 'trop_k_veg': 2.194427136482602}.
[I 2026-06-08 13:05:28,662] Trial 2444 finished with values: [10.394497181402201, 10.394497181402201] and parameters: {'k1': 0.01889771394135163, 'D_low': 2.143851363193517, 'k2': 0.04333919331865372, 'D_high': 1493.5213816355397, 'fire_exp': 1.165368636520435, 'P_half': 2.1570307680573153, 'pre_dampen_half': 107.40052367919465, 'gpp_af': 0.10409127568994281, 'gpp_b': 0.0005752434266899163, 'gpp_d': 0.06409350254033146, 'ign_k': 8.708806168038567, 'ign_c': 20.03995359361212, 'trop_agb_crit': 4.5511277305037705, 'trop_k_veg': 6.9782110227926815}.
[I 2026-06-08 13:05:30,311] Trial 2445 finished with values: [10.265268709291808, 10.265268709291808] and parameters: {'k1': 2.158824559222906e-05, 'D_low': 2.143851363193517, 'k2': 0.04333919331865372, 'D_high': 1493.5213816355397, 'fire_exp': 1.165368636520435, 'P_half': 12.808863354047988, 'pre_dampen_half': 107.40052367919465, 'gpp_af': 0.10409127568994281, 'gpp_b': 0.0005752434266899163, 'gpp_d': 21.828476026538596, 'ign_k': 8.708806168038567, 'ign_c': 20.03995359361212, 'trop_agb_crit': 3.5747129226002423, 'trop_k_veg': 2.194427136482602}.
[I 2026-06-08 13:05:32,105] Trial 2446 finished with values: [10.502303364783243, 10.502303364783243] and parameters: {'k1': 0.01889771394135163, 'D_low': 1.4960850709142384, 'k2': 0.04333919331865372, 'D_high': 1493.5213816355397, 'fire_exp': 1.0450305014308097, 'P_half': 12.808863354047988, 'pre_dampen_half': 107.40052367919465, 'gpp_af': 0.025844142788784538, 'gpp_b': 0.0005752434266899163, 'gpp_d': 10.369565216756202, 'ign_k': 0.004602488455835873, 'ign_c': 20.03995359361212, 'trop_agb_crit': 20.696725782955216, 'trop_k_veg': 6.197108275106861}.
[I 2026-06-08 13:05:33,818] Trial 2447 finished with values: [-0.597626550639783, 0.05230299168613739] and parameters: {'k1': 0.01889771394135163, 'D_low': 70.18267183720735, 'k2': 0.012758211164590085, 'D_high': 2940.51756322311, 'fire_exp': 1.165368636520435, 'P_half': 4.213183643253957, 'pre_dampen_half': 107.40052367919465, 'gpp_af': 0.10409127568994281, 'gpp_b': 0.0005752434266899163, 'gpp_d': 150.14555442537656, 'ign_k': 8.708806168038567, 'ign_c': 20.03995359361212, 'trop_agb_crit': 3.5747129226002423, 'trop_k_veg': 2.3955239707119294}.
[I 2026-06-08 13:05:35,498] Trial 2448 finished with values: [-0.5941844174780078, 0.04294864175808055] and parameters: {'k1': 0.01889771394135163, 'D_low': 2.143851363193517, 'k2': 0.012758211164590085, 'D_high': 1493.5213816355397, 'fire_exp': 1.165368636520435, 'P_half': 4.213183643253957, 'pre_dampen_half': 107.40052367919465, 'gpp_af': 0.10409127568994281, 'gpp_b': 0.0005752434266899163, 'gpp_d': 32.59634197484904, 'ign_k': 8.708806168038567, 'ign_c': 20.03995359361212, 'trop_agb_crit': 3.5747129226002423, 'trop_k_veg': 6.197108275106861}.
[I 2026-06-08 13:05:37,322] Trial 2449 finished with values: [-0.5950962108404063, 0.044314588694887025] and parameters: {'k1': 0.01889771394135163, 'D_low': 2.018165937474199, 'k2': 0.04333919331865372, 'D_high': 1493.5213816355397, 'fire_exp': 1.165368636520435, 'P_half': 12.808863354047988, 'pre_dampen_half': 107.40052367919465, 'gpp_af': 0.10409127568994281, 'gpp_b': 0.0005752434266899163, 'gpp_d': 84.31013932082456, 'ign_k': 8.708806168038567, 'ign_c': 20.03995359361212, 'trop_agb_crit': 3.5747129226002423, 'trop_k_veg': 2.194427136482602}.
[I 2026-06-08 13:05:39,099] Trial 2450 finished with values: [10.64677308859209, 10.64677308859209] and parameters: {'k1': 0.01889771394135163, 'D_low': 32.83796190364696, 'k2': 0.04333919331865372, 'D_high': 92.50120000291028, 'fire_exp': 1.165368636520435, 'P_half': 4.213183643253957, 'pre_dampen_half': 107.40052367919465, 'gpp_af': 0.025844142788784538, 'gpp_b': 0.0005752434266899163, 'gpp_d': 660.9129108295722, 'ign_k': 0.026126745140812587, 'ign_c': 20.03995359361212, 'trop_agb_crit': 3.5747129226002423, 'trop_k_veg': 6.197108275106861}.
[I 2026-06-08 13:05:40,830] Trial 2451 finished with values: [10.177551193363069, 10.177551193363069] and parameters: {'k1': 0.01889771394135163, 'D_low': 2.143851363193517, 'k2': 0.04333919331865372, 'D_high': 1493.5213816355397, 'fire_exp': 1.165368636520435, 'P_half': 12.808863354047988, 'pre_dampen_half': 107.40052367919465, 'gpp_af': 0.10409127568994281, 'gpp_b': 0.0005752434266899163, 'gpp_d': 32.59634197484904, 'ign_k': 0.0026386509129543933, 'ign_c': 20.03995359361212, 'trop_agb_crit': 2.130367899321115, 'trop_k_veg': 6.9782110227926815}.
[I 2026-06-08 13:05:42,640] Trial 2452 finished with values: [-0.5918400678610413, 0.03589675452854435] and parameters: {'k1': 0.01889771394135163, 'D_low': 70.18267183720735, 'k2': 0.04333919331865372, 'D_high': 1493.5213816355397, 'fire_exp': 1.165368636520435, 'P_half': 12.808863354047988, 'pre_dampen_half': 107.40052367919465, 'gpp_af': 0.10409127568994281, 'gpp_b': 0.0005752434266899163, 'gpp_d': 3.9456890255679857, 'ign_k': 8.708806168038567, 'ign_c': 20.03995359361212, 'trop_agb_crit': 7.901770390606552, 'trop_k_veg': 6.197108275106861}.
