[I 2026-07-25 00:30:17,010] Trial 106 finished with value: 0.45761343805452914 and parameters: {'k1': 0.0011822475070487595, 'D_low': 966.7826925727665, 'k2': 2.6156203976058017e-05, 'D_high': 2021.8065786376403, 'fire_exp': 2.2346159048031167, 'P_half': 1030.409723163804, 'pre_dampen_half': 209.19575711238977, 'gpp_af': 0.004709371807571884, 'gpp_b': 0.000155494894492243, 'gpp_d': 3.180960055858999, 'ign_k': 0.0011838852063328494, 'ign_c': 10.343006663894899, 'trop_agb_crit': 2.736106124002092, 'trop_k_veg': 1.5909231124757568, 'gdp_gamma': 1.0872321357484394, 'cure_k': 0.11145931472538613, 'cure_p_min': 292.18513967926833, 'cure_gpp_ref': 0.13102608444811747, 'cure_agb_crit': 1.1482971224561593, 'fuel_k': 0.03456803030748588, 'fuel_half': 0.29028098734185365}. Best is trial 0 with value: -0.6232552202351066.
[I 2026-07-25 00:30:17,454] Trial 107 finished with value: 0.6047991070307892 and parameters: {'k1': 0.04764329464946214, 'D_low': 56.871708628299935, 'k2': 0.019989222227523168, 'D_high': 7469.718608816943, 'fire_exp': 4.128610720355582, 'P_half': 5.192008310089648, 'pre_dampen_half': 48.890118192145046, 'gpp_af': 0.06304520135252967, 'gpp_b': 0.00022934781965209123, 'gpp_d': 998.1095566502759, 'ign_k': 1.9452342068494335, 'ign_c': 70.94806314923665, 'trop_agb_crit': 3.6457893154830368, 'trop_k_veg': 1.1756533869072057, 'gdp_gamma': 1.2890240434354716, 'cure_k': 0.0013838165082300832, 'cure_p_min': 225.4069469296023, 'cure_gpp_ref': 0.1924089227104224, 'cure_agb_crit': 1.6524148485362045, 'fuel_k': 0.23657528093421776, 'fuel_half': 78.1659825412676}. Best is trial 0 with value: -0.6232552202351066.
[I 2026-07-25 00:30:17,896] Trial 108 finished with value: -0.5375645783380391 and parameters: {'k1': 0.0010594388129433296, 'D_low': 1.6445199131154966, 'k2': 1.4834020456391781e-05, 'D_high': 6166.842721414273, 'fire_exp': 1.3954330240759405, 'P_half': 633.7610209504757, 'pre_dampen_half': 959.6554251103076, 'gpp_af': 0.0054232131429648445, 'gpp_b': 0.0010382011265073453, 'gpp_d': 9.251229151814746, 'ign_k': 0.0030474353806186553, 'ign_c': 9.52273160978019, 'trop_agb_crit': 9.67713406414481, 'trop_k_veg': 2.0069154694165627, 'gdp_gamma': 0.23763916628394333, 'cure_k': 0.3000502111646071, 'cure_p_min': 372.4996752652663, 'cure_gpp_ref': 0.11830502011735598, 'cure_agb_crit': 2.013148307155406, 'fuel_k': 0.03451479183142116, 'fuel_half': 0.3015442402237185}. Best is trial 0 with value: -0.6232552202351066.
[I 2026-07-25 00:30:18,336] Trial 109 finished with value: 0.5826507602068519 and parameters: {'k1': 0.00017201448954716117, 'D_low': 152.68654532483725, 'k2': 0.09256012720375235, 'D_high': 3451555.7733043684, 'fire_exp': 7.37580530487204, 'P_half': 5.872425118947336, 'pre_dampen_half': 1.769191873970779, 'gpp_af': 0.0010172031053940183, 'gpp_b': 0.0007833564839577793, 'gpp_d': 1.5450365843262415, 'ign_k': 2.5861877611896493, 'ign_c': 5.696605755444582, 'trop_agb_crit': 24.981783239817045, 'trop_k_veg': 1.891655660920089, 'gdp_gamma': 0.962321606724614, 'cure_k': 0.0075710643624868935, 'cure_p_min': 99.62731645263676, 'cure_gpp_ref': 0.17821025048219344, 'cure_agb_crit': 1.2634080077060883, 'fuel_k': 0.13653418941754847, 'fuel_half': 20.472611784265208}. Best is trial 0 with value: -0.6232552202351066.
[I 2026-07-25 00:30:18,775] Trial 110 finished with value: -0.5082524372251589 and parameters: {'k1': 0.0020678078251606734, 'D_low': 6.490041182596834, 'k2': 0.0006287830844691357, 'D_high': 358.61637461284243, 'fire_exp': 1.4480963302177219, 'P_half': 3968.506941835958, 'pre_dampen_half': 834.2017516790263, 'gpp_af': 0.003710183489971212, 'gpp_b': 0.0068295656409256035, 'gpp_d': 0.05949538907562447, 'ign_k': 0.01063571500958204, 'ign_c': 14.645045837099683, 'trop_agb_crit': 15.725298442758595, 'trop_k_veg': 1.0630563540455147, 'gdp_gamma': 0.8992633645029963, 'cure_k': 0.23791686461042627, 'cure_p_min': 364.3843936072976, 'cure_gpp_ref': 0.11304301198540294, 'cure_agb_crit': 1.5285960504243143, 'fuel_k': 0.010350015238118996, 'fuel_half': 0.24909568591083986}. Best is trial 0 with value: -0.6232552202351066.
[I 2026-07-25 00:30:19,216] Trial 111 finished with value: 0.5477489895124871 and parameters: {'k1': 0.0012911645301338054, 'D_low': 9.036042502260154, 'k2': 0.00032020719121513306, 'D_high': 54.122436136696685, 'fire_exp': 2.0775328284684336, 'P_half': 2154.3794445597186, 'pre_dampen_half': 351.25898823912127, 'gpp_af': 0.045581305060873455, 'gpp_b': 0.0025884966614113606, 'gpp_d': 6.91658628239677, 'ign_k': 0.006374482561770441, 'ign_c': 3.894794814494833, 'trop_agb_crit': 3.366975398898896, 'trop_k_veg': 2.3083719232213054, 'gdp_gamma': 0.07279873891751058, 'cure_k': 1.6564484410654812, 'cure_p_min': 381.48880228794326, 'cure_gpp_ref': 0.1155773088495391, 'cure_agb_crit': 2.980160288834884, 'fuel_k': 0.014733738917719353, 'fuel_half': 0.22824803800383273}. Best is trial 0 with value: -0.6232552202351066.
[I 2026-07-25 00:30:19,656] Trial 112 finished with value: -0.5477796596816276 and parameters: {'k1': 0.00011596882933518803, 'D_low': 1.326146656111935, 'k2': 3.412273806785916e-05, 'D_high': 2211.1519505367187, 'fire_exp': 1.3397146145416896, 'P_half': 213.7188141447702, 'pre_dampen_half': 7.306858070863, 'gpp_af': 0.0023920204236015114, 'gpp_b': 2.190509189321762e-05, 'gpp_d': 59.825767200704924, 'ign_k': 0.0011535789773211647, 'ign_c': 55.519056422854014, 'trop_agb_crit': 11.101373576092257, 'trop_k_veg': 5.174397626207342, 'gdp_gamma': 1.78811376347836, 'cure_k': 0.038029043154886005, 'cure_p_min': 280.0000745515765, 'cure_gpp_ref': 0.272466433770344, 'cure_agb_crit': 1.1747079745958593, 'fuel_k': 0.03577816943918764, 'fuel_half': 0.5936140224190772}. Best is trial 0 with value: -0.6232552202351066.
[I 2026-07-25 00:30:20,100] Trial 113 finished with value: 0.44120882581072374 and parameters: {'k1': 7.0248446013486e-05, 'D_low': 7.53321747279957, 'k2': 8.187062015086449e-05, 'D_high': 30480.692669016127, 'fire_exp': 1.3132511320466111, 'P_half': 97.84385161431943, 'pre_dampen_half': 0.27052055399994657, 'gpp_af': 0.0018638239908985875, 'gpp_b': 0.0002132302624559914, 'gpp_d': 2.0490578603195257, 'ign_k': 0.011199181359273851, 'ign_c': 94.15385091961394, 'trop_agb_crit': 7.569571470803935, 'trop_k_veg': 3.795840254666797, 'gdp_gamma': 1.2076577750149637, 'cure_k': 0.09444081787610524, 'cure_p_min': 277.2634814349044, 'cure_gpp_ref': 0.1412833471411173, 'cure_agb_crit': 1.3520439628652816, 'fuel_k': 0.05656712550469476, 'fuel_half': 1.4841181102063876}. Best is trial 0 with value: -0.6232552202351066.
[I 2026-07-25 00:30:20,540] Trial 114 finished with value: 0.5287422613221369 and parameters: {'k1': 0.007173143576534556, 'D_low': 1.4042860971798898, 'k2': 1.2148562116213312e-05, 'D_high': 9300.27998203914, 'fire_exp': 1.590804377494596, 'P_half': 197.3067005445037, 'pre_dampen_half': 99.75416716815833, 'gpp_af': 0.004375628457951799, 'gpp_b': 0.005187668015339528, 'gpp_d': 7.084374250341626, 'ign_k': 0.06767730455479144, 'ign_c': 30.96100006365562, 'trop_agb_crit': 9.616683348855709, 'trop_k_veg': 2.2489967163421, 'gdp_gamma': 0.04154997171604871, 'cure_k': 0.26565735698205056, 'cure_p_min': 297.2219338749855, 'cure_gpp_ref': 0.12712833730283843, 'cure_agb_crit': 2.4515697450702265, 'fuel_k': 0.039682085302593255, 'fuel_half': 0.23242706563624307}. Best is trial 0 with value: -0.6232552202351066.
[I 2026-07-25 00:30:20,982] Trial 115 finished with value: 0.4677990669359421 and parameters: {'k1': 2.8861666432099874e-05, 'D_low': 11.438942766886893, 'k2': 2.2445798394331637e-05, 'D_high': 38.21147765256373, 'fire_exp': 1.7350027000611024, 'P_half': 108.7555655312996, 'pre_dampen_half': 7.968153742486461, 'gpp_af': 0.004227844190767383, 'gpp_b': 5.480195765957736e-05, 'gpp_d': 107.35335878742279, 'ign_k': 0.001094220664063843, 'ign_c': 71.42397648293549, 'trop_agb_crit': 18.29647165354299, 'trop_k_veg': 2.620167394542439, 'gdp_gamma': 0.7946469200155741, 'cure_k': 0.22881439875900508, 'cure_p_min': 253.85467786817867, 'cure_gpp_ref': 0.43333743358215976, 'cure_agb_crit': 1.5851603283145956, 'fuel_k': 0.027752446874851084, 'fuel_half': 0.3985988882773272}. Best is trial 0 with value: -0.6232552202351066.
[I 2026-07-25 00:30:21,420] Trial 116 finished with value: 0.626962564382342 and parameters: {'k1': 0.0004336367374753949, 'D_low': 32.3215808188848, 'k2': 0.016407786925998116, 'D_high': 9483042.749520287, 'fire_exp': 8.351419484433482, 'P_half': 3361.5252731096534, 'pre_dampen_half': 546.6767826207271, 'gpp_af': 0.0030876478439041725, 'gpp_b': 0.009555368145693436, 'gpp_d': 0.014681724547787043, 'ign_k': 0.0031722719823729746, 'ign_c': 13.066854349772703, 'trop_agb_crit': 10.112526397589324, 'trop_k_veg': 1.0124195504707734, 'gdp_gamma': 0.1545322843794517, 'cure_k': 2.4668052711481034, 'cure_p_min': 249.95647088188443, 'cure_gpp_ref': 0.25942324394305494, 'cure_agb_crit': 1.9352929034775568, 'fuel_k': 0.20471934040987078, 'fuel_half': 70.81348145049417}. Best is trial 0 with value: -0.6232552202351066.
[I 2026-07-25 00:30:21,862] Trial 117 finished with value: 0.6048744289996116 and parameters: {'k1': 0.00010561897575778793, 'D_low': 7.223363646576697, 'k2': 0.050024233422743286, 'D_high': 57800.31952076257, 'fire_exp': 4.9341091051368595, 'P_half': 2402.572056525166, 'pre_dampen_half': 0.06702669922265898, 'gpp_af': 0.014742118534157425, 'gpp_b': 0.002187671234265384, 'gpp_d': 416.3694078252619, 'ign_k': 0.4593194445799126, 'ign_c': 88.24533944252266, 'trop_agb_crit': 17.088638442992085, 'trop_k_veg': 1.2365966288658183, 'gdp_gamma': 0.2910133000576761, 'cure_k': 0.004777519582149595, 'cure_p_min': 101.11338436323929, 'cure_gpp_ref': 0.09058852085397047, 'cure_agb_crit': 1.6420956616389495, 'fuel_k': 1.684860932849813, 'fuel_half': 35.998498314103486}. Best is trial 0 with value: -0.6232552202351066.
[I 2026-07-25 00:30:22,307] Trial 118 finished with value: 0.563200070966413 and parameters: {'k1': 8.368768433222522e-05, 'D_low': 386.23178085354243, 'k2': 0.070639691941605, 'D_high': 442128.4064286349, 'fire_exp': 2.56528757375514, 'P_half': 46.76495173864527, 'pre_dampen_half': 0.7277798449198374, 'gpp_af': 0.006194451970336349, 'gpp_b': 7.054829510119687e-05, 'gpp_d': 6.292133794441229, 'ign_k': 0.4572786130644275, 'ign_c': 28.15345841137612, 'trop_agb_crit': 19.64049799726425, 'trop_k_veg': 0.8543721664268487, 'gdp_gamma': 0.5935041013954011, 'cure_k': 0.0018684608805873788, 'cure_p_min': 135.01451985434034, 'cure_gpp_ref': 0.10322977189263643, 'cure_agb_crit': 2.0148878078661596, 'fuel_k': 4.377679306093848, 'fuel_half': 48.31384441154031}. Best is trial 0 with value: -0.6232552202351066.
[I 2026-07-25 00:30:22,748] Trial 119 finished with value: 0.49415505102736224 and parameters: {'k1': 0.009862633538463794, 'D_low': 65.5331096244817, 'k2': 0.0002785279059706264, 'D_high': 1680.7187805847566, 'fire_exp': 3.184528901541705, 'P_half': 24.98915840160991, 'pre_dampen_half': 187.26911635799138, 'gpp_af': 0.0018809197547646668, 'gpp_b': 0.00041433329044630087, 'gpp_d': 0.29801828680812803, 'ign_k': 0.0076080335721556034, 'ign_c': 2.0694942530087794, 'trop_agb_crit': 14.970513118574983, 'trop_k_veg': 5.726517938345924, 'gdp_gamma': 0.3085607577211459, 'cure_k': 0.6785063865849026, 'cure_p_min': 295.5375747668919, 'cure_gpp_ref': 0.06407789126814495, 'cure_agb_crit': 1.1863695120106619, 'fuel_k': 0.010643459804742473, 'fuel_half': 0.31441963381733407}. Best is trial 0 with value: -0.6232552202351066.
[I 2026-07-25 00:30:23,186] Trial 120 finished with value: 0.5305404215316095 and parameters: {'k1': 7.201410700841341e-05, 'D_low': 13.755461392840054, 'k2': 3.105131796327167e-05, 'D_high': 3140.0701401014885, 'fire_exp': 2.087384895103346, 'P_half': 1114.8759502386897, 'pre_dampen_half': 343.7002122866774, 'gpp_af': 0.0023324457020756175, 'gpp_b': 0.0015340046991663852, 'gpp_d': 18.435937211782004, 'ign_k': 0.0011987428362021922, 'ign_c': 4.137639600464446, 'trop_agb_crit': 8.027967813774161, 'trop_k_veg': 3.049410263464942, 'gdp_gamma': 0.4952898606513056, 'cure_k': 0.5349902466238002, 'cure_p_min': 307.18562115455194, 'cure_gpp_ref': 0.1828901365753483, 'cure_agb_crit': 1.3717358490541567, 'fuel_k': 0.03946085182698699, 'fuel_half': 0.1222651522697194}. Best is trial 0 with value: -0.6232552202351066.
[I 2026-07-25 00:30:23,626] Trial 121 finished with value: 0.44647813191501873 and parameters: {'k1': 0.0015814542837307196, 'D_low': 1.7926342981732997, 'k2': 9.899209699074698e-05, 'D_high': 69310.47404732362, 'fire_exp': 1.0831027905736428, 'P_half': 241.53951697940025, 'pre_dampen_half': 891.5310901331208, 'gpp_af': 0.010647270358046506, 'gpp_b': 0.002183361713638668, 'gpp_d': 6.0053431378904145, 'ign_k': 0.0014940666054521884, 'ign_c': 1.1106317405023485, 'trop_agb_crit': 10.240136658840393, 'trop_k_veg': 2.29200346691828, 'gdp_gamma': 0.027887292293760177, 'cure_k': 0.5794241144216691, 'cure_p_min': 286.30496828428113, 'cure_gpp_ref': 0.1850653782490016, 'cure_agb_crit': 4.051189058671355, 'fuel_k': 0.2654239272188582, 'fuel_half': 0.3581347982336761}. Best is trial 0 with value: -0.6232552202351066.
[I 2026-07-25 00:30:24,068] Trial 122 finished with value: 0.5702353385185208 and parameters: {'k1': 0.00010929365873735053, 'D_low': 6.5496615928763795, 'k2': 0.002850021927764133, 'D_high': 74649.93424589139, 'fire_exp': 3.023801630767249, 'P_half': 3162.673537024918, 'pre_dampen_half': 786.3851497711023, 'gpp_af': 0.018195649676423935, 'gpp_b': 0.001955817424219766, 'gpp_d': 0.0762247544891453, 'ign_k': 0.0013283499382385506, 'ign_c': 8.503153944146653, 'trop_agb_crit': 6.170985968375118, 'trop_k_veg': 0.8052165613967768, 'gdp_gamma': 0.013803152786049292, 'cure_k': 1.2161881156682062, 'cure_p_min': 170.68411578531234, 'cure_gpp_ref': 0.36616424800666614, 'cure_agb_crit': 2.023215240994664, 'fuel_k': 0.08842825907094105, 'fuel_half': 2.037905440312347}. Best is trial 0 with value: -0.6232552202351066.
[I 2026-07-25 00:30:24,510] Trial 123 finished with value: 0.39496943105394033 and parameters: {'k1': 0.00078208197216329, 'D_low': 3.1181312668436907, 'k2': 1.2036867307118659e-05, 'D_high': 2161.4701136328636, 'fire_exp': 1.089664410256061, 'P_half': 507.532111183646, 'pre_dampen_half': 5.5417593321739576, 'gpp_af': 0.002038750115142585, 'gpp_b': 2.6222945159998773e-05, 'gpp_d': 16.103218136859095, 'ign_k': 0.0015061121083441175, 'ign_c': 19.864132153182187, 'trop_agb_crit': 24.536629977357396, 'trop_k_veg': 5.723306364490006, 'gdp_gamma': 1.3766353590914828, 'cure_k': 0.022826751808241005, 'cure_p_min': 238.22262563391973, 'cure_gpp_ref': 0.23463780420237634, 'cure_agb_crit': 1.0014277975776191, 'fuel_k': 0.012344134024134978, 'fuel_half': 0.18457626409385147}. Best is trial 0 with value: -0.6232552202351066.
[I 2026-07-25 00:30:24,951] Trial 124 finished with value: 0.48593387608808436 and parameters: {'k1': 2.2100885388745706e-05, 'D_low': 2.217536180942717, 'k2': 0.03108837764857342, 'D_high': 9146.351446560131, 'fire_exp': 1.6789931398355233, 'P_half': 3327.1849228388683, 'pre_dampen_half': 643.6112990288251, 'gpp_af': 0.007855226077552974, 'gpp_b': 0.0012632550388289533, 'gpp_d': 0.14176692193973967, 'ign_k': 0.0012829441588496295, 'ign_c': 10.862459390923288, 'trop_agb_crit': 2.352452221407, 'trop_k_veg': 4.112114097075377, 'gdp_gamma': 0.048721622831444544, 'cure_k': 0.8137662129413616, 'cure_p_min': 291.2427568927528, 'cure_gpp_ref': 0.6044476289681119, 'cure_agb_crit': 2.3907245554172496, 'fuel_k': 0.028206979902086444, 'fuel_half': 7.769099455867498}. Best is trial 0 with value: -0.6232552202351066.
[I 2026-07-25 00:30:25,393] Trial 125 finished with value: 0.5261936606416782 and parameters: {'k1': 0.016519394319840182, 'D_low': 47.20876151038735, 'k2': 0.009210136588777597, 'D_high': 1383695.0957708792, 'fire_exp': 1.4188180492558986, 'P_half': 234.06732323264728, 'pre_dampen_half': 23.625864480360136, 'gpp_af': 0.013006301154749697, 'gpp_b': 0.0007673976231593055, 'gpp_d': 7.56218709350748, 'ign_k': 0.001920697721541425, 'ign_c': 416.8563888133018, 'trop_agb_crit': 25.91906090201077, 'trop_k_veg': 0.9078541396798891, 'gdp_gamma': 0.14620769444838178, 'cure_k': 0.008196663116286551, 'cure_p_min': 240.1324463265001, 'cure_gpp_ref': 0.10459316827820406, 'cure_agb_crit': 2.8935613905834128, 'fuel_k': 0.06649217490860654, 'fuel_half': 8.570504680265348}. Best is trial 0 with value: -0.6232552202351066.
[I 2026-07-25 00:30:25,846] Trial 126 finished with value: -0.5603451505399868 and parameters: {'k1': 1.8719069627760343e-05, 'D_low': 9.757172345145882, 'k2': 0.094193456428814, 'D_high': 61197.433592704016, 'fire_exp': 1.6161910717450247, 'P_half': 6.131231148582397, 'pre_dampen_half': 3.9950722246638466, 'gpp_af': 0.03107313031071199, 'gpp_b': 1.9594996683951624e-05, 'gpp_d': 58.04201486163503, 'ign_k': 0.010189055239695627, 'ign_c': 1.644427462090594, 'trop_agb_crit': 2.53516909933694, 'trop_k_veg': 0.7814978080074665, 'gdp_gamma': 1.3011054284007086, 'cure_k': 0.0032184548982807665, 'cure_p_min': 166.5579093976324, 'cure_gpp_ref': 0.1341468988553835, 'cure_agb_crit': 1.4274861021219039, 'fuel_k': 0.24342292086666442, 'fuel_half': 34.34724996294441}. Best is trial 0 with value: -0.6232552202351066.
[I 2026-07-25 00:30:26,324] Trial 127 finished with value: 0.5916748432074347 and parameters: {'k1': 9.266109092032861e-05, 'D_low': 7.890855200072449, 'k2': 0.003536077003920363, 'D_high': 61427.34988595798, 'fire_exp': 3.9444101227533688, 'P_half': 17.53781922305762, 'pre_dampen_half': 36.652118332696126, 'gpp_af': 0.05349233719586336, 'gpp_b': 7.02857321826555e-05, 'gpp_d': 72.58233258259732, 'ign_k': 0.0069405151631161234, 'ign_c': 7.770296021167917, 'trop_agb_crit': 2.3254041798060214, 'trop_k_veg': 1.2969071694421543, 'gdp_gamma': 0.06545654743854522, 'cure_k': 0.0016804644455160772, 'cure_p_min': 112.20232236090139, 'cure_gpp_ref': 0.13423093585201445, 'cure_agb_crit': 1.1039552707057547, 'fuel_k': 0.05187878642739638, 'fuel_half': 28.15917089012914}. Best is trial 0 with value: -0.6232552202351066.
[I 2026-07-25 00:30:26,790] Trial 128 finished with value: 0.5872643186781635 and parameters: {'k1': 6.568305650354094e-05, 'D_low': 16.702463280483556, 'k2': 0.026031389384551136, 'D_high': 8684.009352307206, 'fire_exp': 2.573006201997022, 'P_half': 4.313173378301221, 'pre_dampen_half': 0.8200504470577824, 'gpp_af': 0.3017591164186753, 'gpp_b': 2.5978579433514517e-05, 'gpp_d': 79.3378677608754, 'ign_k': 0.0016466040391362197, 'ign_c': 0.5308760925628018, 'trop_agb_crit': 2.295585307628696, 'trop_k_veg': 0.6889464073832009, 'gdp_gamma': 0.8953398658879453, 'cure_k': 0.01748147414466715, 'cure_p_min': 236.63726016989241, 'cure_gpp_ref': 0.06152433747038619, 'cure_agb_crit': 1.671006111762274, 'fuel_k': 0.47868896862986565, 'fuel_half': 45.16227257734718}. Best is trial 0 with value: -0.6232552202351066.
[I 2026-07-25 00:30:27,233] Trial 129 finished with value: 0.5710764270599186 and parameters: {'k1': 4.587159655170116e-05, 'D_low': 19.824233946744997, 'k2': 0.063237013960378, 'D_high': 1171142.2042036434, 'fire_exp': 1.1196059905598703, 'P_half': 15.36495254578, 'pre_dampen_half': 59.87952840291246, 'gpp_af': 0.04716486962961209, 'gpp_b': 9.342974046356959e-05, 'gpp_d': 6.151310542939603, 'ign_k': 0.0022160894758553895, 'ign_c': 3.5137580968377797, 'trop_agb_crit': 6.033503774986936, 'trop_k_veg': 0.5943836029130939, 'gdp_gamma': 1.3571855018784553, 'cure_k': 0.01626255300729448, 'cure_p_min': 108.29764752350115, 'cure_gpp_ref': 0.1747529905901764, 'cure_agb_crit': 1.588515445411156, 'fuel_k': 0.26098375848308514, 'fuel_half': 48.14772002379619}. Best is trial 0 with value: -0.6232552202351066.
[I 2026-07-25 00:30:27,675] Trial 130 finished with value: 0.5878080425312788 and parameters: {'k1': 8.849820589509746e-05, 'D_low': 16.156561866868174, 'k2': 0.004069630211998266, 'D_high': 4012131.0047803624, 'fire_exp': 7.79555049670466, 'P_half': 1025.5763519168493, 'pre_dampen_half': 333.1109237927935, 'gpp_af': 0.005031779942487507, 'gpp_b': 1.0747861221082506, 'gpp_d': 0.2958409230757805, 'ign_k': 0.003954950780924175, 'ign_c': 6.8854292216502975, 'trop_agb_crit': 11.819800573965106, 'trop_k_veg': 7.236552200547436, 'gdp_gamma': 0.15178998010533803, 'cure_k': 0.06499678353215384, 'cure_p_min': 233.33495128909678, 'cure_gpp_ref': 0.3900702762042944, 'cure_agb_crit': 1.8211376159941313, 'fuel_k': 0.08445467642549215, 'fuel_half': 73.3554848080948}. Best is trial 0 with value: -0.6232552202351066.
[I 2026-07-25 00:30:28,116] Trial 131 finished with value: 0.539042702671322 and parameters: {'k1': 6.525583808092169e-05, 'D_low': 3.7180030283746497, 'k2': 0.0010524887294503195, 'D_high': 6187180.7349646455, 'fire_exp': 3.3843273395896225, 'P_half': 128.67786923632968, 'pre_dampen_half': 69.97797726578753, 'gpp_af': 2.5183547218438966, 'gpp_b': 0.00031056087843695277, 'gpp_d': 8.26662669598177, 'ign_k': 0.002472965758447033, 'ign_c': 1.5824497026723234, 'trop_agb_crit': 11.554183509694804, 'trop_k_veg': 4.602102599941337, 'gdp_gamma': 0.5882815945014318, 'cure_k': 0.02332769764201863, 'cure_p_min': 310.93715482560384, 'cure_gpp_ref': 0.1707573371613055, 'cure_agb_crit': 1.0980420898122563, 'fuel_k': 0.054496187023977787, 'fuel_half': 0.30377226994902534}. Best is trial 0 with value: -0.6232552202351066.
