[I 2026-06-10 22:04:19,404] Trial 483 finished with values: [10.23301980387085, 10.23301980387085] and parameters: {'k1': 0.00010777889602079265, 'D_low': 12.105387404469584, 'k2': 2.316457903103837e-05, 'D_high': 2295.7398214549485, 'fire_exp': 1.0812994412809738, 'P_half': 1.859526645713404, 'pre_dampen_half': 189.36639872354493, 'gpp_af': 21.635028947225102, 'gpp_b': 1.4540386644083135e-05, 'gpp_d': 0.12878367369717508, 'ign_k': 0.00840038491455979, 'ign_c': 48.704711413416454, 'trop_agb_crit': 1.0693376406863295, 'trop_k_veg': 0.6673124511410327, 'fire_amp': 4.19233232783727}.
[I 2026-06-10 22:04:20,825] Trial 484 finished with values: [17.56437949681703, 17.56437949681703] and parameters: {'k1': 0.006079905434073396, 'D_low': 12.105387404469584, 'k2': 0.003767022142229395, 'D_high': 30227.031291375773, 'fire_exp': 1.0420149135640993, 'P_half': 12.262543158860007, 'pre_dampen_half': 19.21689966904807, 'gpp_af': 3.298293484806585, 'gpp_b': 2.176805640408474e-05, 'gpp_d': 28.312234265202243, 'ign_k': 0.02779045054796808, 'ign_c': 7.832259769732471, 'trop_agb_crit': 1.0693376406863295, 'trop_k_veg': 0.6673124511410327, 'fire_amp': 5.869450070968175}.
[I 2026-06-10 22:04:22,097] Trial 485 finished with values: [10.405620197983515, 10.405620197983515] and parameters: {'k1': 0.012840669372724958, 'D_low': 148.21691630007544, 'k2': 0.02065142557895925, 'D_high': 30227.031291375773, 'fire_exp': 1.2344878997299724, 'P_half': 61.6097529474144, 'pre_dampen_half': 4.603480758878793, 'gpp_af': 0.0662749342026412, 'gpp_b': 9.497440085397415e-05, 'gpp_d': 0.02253428262837267, 'ign_k': 0.002357279455676982, 'ign_c': 1.9423015749984096, 'trop_agb_crit': 8.0091368834625, 'trop_k_veg': 6.778288138489648, 'fire_amp': 1.5180207449214471}.
[I 2026-06-10 22:04:23,541] Trial 486 finished with values: [11.034715961865224, 11.034715961865224] and parameters: {'k1': 0.012840669372724958, 'D_low': 12.105387404469584, 'k2': 2.316457903103837e-05, 'D_high': 42210.21267871043, 'fire_exp': 1.811096651915224, 'P_half': 19.987581927614485, 'pre_dampen_half': 189.36639872354493, 'gpp_af': 3.298293484806585, 'gpp_b': 0.006999112505425414, 'gpp_d': 47.35384181058586, 'ign_k': 0.0029519227433917453, 'ign_c': 7.832259769732471, 'trop_agb_crit': 8.639792249596399, 'trop_k_veg': 0.5535297685306277, 'fire_amp': 4.2446263054164195}.
[I 2026-06-10 22:04:25,095] Trial 487 finished with values: [10.662470914737574, 10.662470914737574] and parameters: {'k1': 0.00031134168041628584, 'D_low': 148.21691630007544, 'k2': 0.0002442377596403892, 'D_high': 42210.21267871043, 'fire_exp': 1.5315561686017187, 'P_half': 1241.3450098922583, 'pre_dampen_half': 4.603480758878793, 'gpp_af': 0.004511991819672033, 'gpp_b': 5.0875243087016374e-05, 'gpp_d': 28.312234265202243, 'ign_k': 0.09256855841989636, 'ign_c': 0.4177928311636542, 'trop_agb_crit': 18.081400596781233, 'trop_k_veg': 0.5450786550840475, 'fire_amp': 1.4475279918261055}.
[I 2026-06-10 22:04:26,507] Trial 488 finished with values: [10.833317862570247, 10.833317862570247] and parameters: {'k1': 0.0018697387216131526, 'D_low': 12.105387404469584, 'k2': 0.003767022142229395, 'D_high': 431.45617043093523, 'fire_exp': 1.41873960828944, 'P_half': 4.213183643253957, 'pre_dampen_half': 16.009350908593582, 'gpp_af': 0.008117091133892173, 'gpp_b': 6.590619977704117, 'gpp_d': 46.010874324515754, 'ign_k': 0.00840038491455979, 'ign_c': 48.704711413416454, 'trop_agb_crit': 2.0527418919564324, 'trop_k_veg': 0.6673124511410327, 'fire_amp': 1.2393473789150806}.
[I 2026-06-10 22:04:27,856] Trial 489 finished with values: [11.07355551503033, 11.07355551503033] and parameters: {'k1': 0.012840669372724958, 'D_low': 12.105387404469584, 'k2': 0.0001016707987819611, 'D_high': 42210.21267871043, 'fire_exp': 1.41873960828944, 'P_half': 4.213183643253957, 'pre_dampen_half': 1.8575807716793389, 'gpp_af': 0.41874665092828456, 'gpp_b': 2.800940363375676e-05, 'gpp_d': 545.0253444559129, 'ign_k': 3.7954792742512957, 'ign_c': 1.4091459170104739, 'trop_agb_crit': 8.0091368834625, 'trop_k_veg': 4.787592810917961, 'fire_amp': 2.042193818779288}.
[I 2026-06-10 22:04:29,274] Trial 490 finished with values: [10.009889886700071, 10.009889886700071] and parameters: {'k1': 0.012840669372724958, 'D_low': 12.105387404469584, 'k2': 0.0001016707987819611, 'D_high': 262.11304189124235, 'fire_exp': 1.7220686611084326, 'P_half': 4.213183643253957, 'pre_dampen_half': 16.009350908593582, 'gpp_af': 0.016306190741524337, 'gpp_b': 0.00012118589392553798, 'gpp_d': 545.0253444559129, 'ign_k': 3.7954792742512957, 'ign_c': 1.4091459170104739, 'trop_agb_crit': 1.8023542850487386, 'trop_k_veg': 2.520089655463604, 'fire_amp': 2.042193818779288}.
[I 2026-06-10 22:04:30,854] Trial 491 finished with values: [10.059661264311503, 10.059661264311503] and parameters: {'k1': 0.00031134168041628584, 'D_low': 12.105387404469584, 'k2': 0.003767022142229395, 'D_high': 30227.031291375773, 'fire_exp': 1.0601964743503993, 'P_half': 1.9678273362633985, 'pre_dampen_half': 16.009350908593582, 'gpp_af': 0.0662749342026412, 'gpp_b': 1.4540386644083135e-05, 'gpp_d': 28.312234265202243, 'ign_k': 0.00840038491455979, 'ign_c': 51.53053011412483, 'trop_agb_crit': 1.0693376406863295, 'trop_k_veg': 0.6673124511410327, 'fire_amp': 1.5719333351012774}.
[I 2026-06-10 22:04:32,432] Trial 492 finished with values: [10.681734115020197, 10.681734115020197] and parameters: {'k1': 5.178197947282869e-05, 'D_low': 171.2446447678494, 'k2': 0.00037358626308127543, 'D_high': 12.541447539026084, 'fire_exp': 1.7505406131449859, 'P_half': 93.43302657318476, 'pre_dampen_half': 189.36639872354493, 'gpp_af': 3.298293484806585, 'gpp_b': 2.176805640408474e-05, 'gpp_d': 21.899070557043984, 'ign_k': 0.004775640431359605, 'ign_c': 48.704711413416454, 'trop_agb_crit': 18.081400596781233, 'trop_k_veg': 2.520089655463604, 'fire_amp': 1.1655705619308396}.
[I 2026-06-10 22:04:33,894] Trial 493 finished with values: [10.585817686347447, 10.585817686347447] and parameters: {'k1': 5.7909642338812115e-05, 'D_low': 148.21691630007544, 'k2': 0.0001280886335404798, 'D_high': 22.636544662054543, 'fire_exp': 1.0812994412809738, 'P_half': 61.6097529474144, 'pre_dampen_half': 4.603480758878793, 'gpp_af': 0.0662749342026412, 'gpp_b': 9.497440085397415e-05, 'gpp_d': 47.35384181058586, 'ign_k': 0.0029519227433917453, 'ign_c': 157.63098727399432, 'trop_agb_crit': 1.8023542850487386, 'trop_k_veg': 6.778288138489648, 'fire_amp': 1.5180207449214471}.
[I 2026-06-10 22:04:35,195] Trial 494 finished with values: [10.833333333029685, 10.833333333029685] and parameters: {'k1': 5.7909642338812115e-05, 'D_low': 148.21691630007544, 'k2': 0.02065142557895925, 'D_high': 30227.031291375773, 'fire_exp': 1.0812994412809738, 'P_half': 2834.090429514774, 'pre_dampen_half': 3.970724383334912, 'gpp_af': 0.0662749342026412, 'gpp_b': 0.0010520080391520565, 'gpp_d': 28.312234265202243, 'ign_k': 0.371259104528773, 'ign_c': 157.63098727399432, 'trop_agb_crit': 8.0091368834625, 'trop_k_veg': 0.6673124511410327, 'fire_amp': 4.783836175730692}.
[I 2026-06-10 22:04:36,576] Trial 495 finished with values: [10.209029321186456, 10.209029321186456] and parameters: {'k1': 0.00031134168041628584, 'D_low': 2067.91871434888, 'k2': 0.0007731571570012607, 'D_high': 42210.21267871043, 'fire_exp': 1.1633452995374232, 'P_half': 3.591771421517613, 'pre_dampen_half': 1.4270448359329697, 'gpp_af': 0.008117091133892173, 'gpp_b': 1.3415796596713932e-05, 'gpp_d': 7.631016235941559, 'ign_k': 0.371259104528773, 'ign_c': 7.081721844034206, 'trop_agb_crit': 1.8566494291193822, 'trop_k_veg': 6.778288138489648, 'fire_amp': 1.4475279918261055}.
[I 2026-06-10 22:04:38,305] Trial 496 finished with values: [-0.5042912147184683, 0.22055786789882847] and parameters: {'k1': 0.0018697387216131526, 'D_low': 9.882278532808778, 'k2': 7.857247967427128e-05, 'D_high': 42.242359735170886, 'fire_exp': 1.1633452995374232, 'P_half': 7.914423612155368, 'pre_dampen_half': 1.8469033699850426, 'gpp_af': 0.41874665092828456, 'gpp_b': 1.4540386644083135e-05, 'gpp_d': 594.7389794988394, 'ign_k': 0.29415751391396583, 'ign_c': 7.081721844034206, 'trop_agb_crit': 1.8566494291193822, 'trop_k_veg': 6.825463866194253, 'fire_amp': 3.1045399027418377}.
[I 2026-06-10 22:04:40,237] Trial 497 finished with values: [-0.46167322991742726, 0.05129467485734163] and parameters: {'k1': 0.00031134168041628584, 'D_low': 1.4002277211577039, 'k2': 0.0007731571570012607, 'D_high': 83.14160873549643, 'fire_exp': 1.1633452995374232, 'P_half': 3.591771421517613, 'pre_dampen_half': 1.8469033699850426, 'gpp_af': 0.008117091133892173, 'gpp_b': 1.3415796596713932e-05, 'gpp_d': 34.18897529667503, 'ign_k': 0.07867677706257832, 'ign_c': 7.081721844034206, 'trop_agb_crit': 1.8566494291193822, 'trop_k_veg': 5.453348988480011, 'fire_amp': 5.44779717154213}.
[I 2026-06-10 22:04:42,377] Trial 498 finished with values: [10.06423622755134, 10.06423622755134] and parameters: {'k1': 0.0018697387216131526, 'D_low': 12.105387404469584, 'k2': 0.0004976087827261435, 'D_high': 32311.521854410956, 'fire_exp': 1.0601964743503993, 'P_half': 93.43302657318476, 'pre_dampen_half': 16.009350908593582, 'gpp_af': 0.2204465010099918, 'gpp_b': 1.4540386644083135e-05, 'gpp_d': 0.03927259340973166, 'ign_k': 0.00840038491455979, 'ign_c': 0.4177928311636542, 'trop_agb_crit': 12.708819454040446, 'trop_k_veg': 5.453348988480011, 'fire_amp': 1.348912780545359}.
[I 2026-06-10 22:04:44,446] Trial 499 finished with values: [10.012699420229128, 10.012699420229128] and parameters: {'k1': 0.012840669372724958, 'D_low': 2186.356344942016, 'k2': 0.08661811390647982, 'D_high': 42210.21267871043, 'fire_exp': 1.111738490499784, 'P_half': 1.4551749476072258, 'pre_dampen_half': 189.36639872354493, 'gpp_af': 37.28155624293858, 'gpp_b': 2.800940363375676e-05, 'gpp_d': 0.7698760608299932, 'ign_k': 0.09256855841989636, 'ign_c': 7.832259769732471, 'trop_agb_crit': 1.2489332852689512, 'trop_k_veg': 1.6648666152166967, 'fire_amp': 1.3503088148200095}.
[I 2026-06-10 22:04:46,825] Trial 500 finished with values: [10.01685356839223, 10.01685356839223] and parameters: {'k1': 0.00031134168041628584, 'D_low': 148.21691630007544, 'k2': 0.02065142557895925, 'D_high': 42210.21267871043, 'fire_exp': 1.2344878997299724, 'P_half': 69.68111190775313, 'pre_dampen_half': 4.603480758878793, 'gpp_af': 0.10098504976210308, 'gpp_b': 9.497440085397415e-05, 'gpp_d': 1.4397852866783676, 'ign_k': 0.07867677706257832, 'ign_c': 1.9423015749984096, 'trop_agb_crit': 1.2489332852689512, 'trop_k_veg': 0.6673124511410327, 'fire_amp': 1.5719333351012774}.
[I 2026-06-10 22:04:49,084] Trial 501 finished with values: [-0.4352774212066518, 0.1838606657243399] and parameters: {'k1': 0.012840669372724958, 'D_low': 12.105387404469584, 'k2': 0.02065142557895925, 'D_high': 32311.521854410956, 'fire_exp': 1.0881065558452814, 'P_half': 61.6097529474144, 'pre_dampen_half': 16.009350908593582, 'gpp_af': 0.2204465010099918, 'gpp_b': 0.0003601974223479835, 'gpp_d': 0.03927259340973166, 'ign_k': 0.07867677706257832, 'ign_c': 1.9423015749984096, 'trop_agb_crit': 8.0091368834625, 'trop_k_veg': 5.453348988480011, 'fire_amp': 1.2393473789150806}.
[I 2026-06-10 22:04:51,888] Trial 502 finished with values: [10.18555362290329, 10.18555362290329] and parameters: {'k1': 5.7909642338812115e-05, 'D_low': 12.105387404469584, 'k2': 0.0001280886335404798, 'D_high': 42210.21267871043, 'fire_exp': 1.14171776851287, 'P_half': 69.68111190775313, 'pre_dampen_half': 4.603480758878793, 'gpp_af': 0.016306190741524337, 'gpp_b': 9.497440085397415e-05, 'gpp_d': 47.35384181058586, 'ign_k': 0.0029519227433917453, 'ign_c': 1.9423015749984096, 'trop_agb_crit': 8.0091368834625, 'trop_k_veg': 6.778288138489648, 'fire_amp': 1.5180207449214471}.
[I 2026-06-10 22:04:54,980] Trial 503 finished with values: [-0.38823394267604683, 0.23541504705571903] and parameters: {'k1': 0.006079905434073396, 'D_low': 43.2326421037033, 'k2': 2.316457903103837e-05, 'D_high': 2295.7398214549485, 'fire_exp': 1.0420149135640993, 'P_half': 12.262543158860007, 'pre_dampen_half': 189.36639872354493, 'gpp_af': 3.298293484806585, 'gpp_b': 9.497440085397415e-05, 'gpp_d': 1.4397852866783676, 'ign_k': 0.0032383308053152635, 'ign_c': 120.67843549291506, 'trop_agb_crit': 8.188098178380693, 'trop_k_veg': 2.99731137426955, 'fire_amp': 1.5180207449214471}.
[I 2026-06-10 22:04:57,461] Trial 504 finished with values: [10.141551903317884, 10.141551903317884] and parameters: {'k1': 0.012840669372724958, 'D_low': 12.105387404469584, 'k2': 0.003767022142229395, 'D_high': 30227.031291375773, 'fire_exp': 1.0601964743503993, 'P_half': 2834.090429514774, 'pre_dampen_half': 16.009350908593582, 'gpp_af': 0.0662749342026412, 'gpp_b': 1.4540386644083135e-05, 'gpp_d': 28.312234265202243, 'ign_k': 0.00840038491455979, 'ign_c': 157.63098727399432, 'trop_agb_crit': 1.0693376406863295, 'trop_k_veg': 0.6673124511410327, 'fire_amp': 4.783836175730692}.
[I 2026-06-10 22:04:59,354] Trial 505 finished with values: [10.603246200189556, 10.603246200189556] and parameters: {'k1': 5.7909642338812115e-05, 'D_low': 171.2446447678494, 'k2': 0.0002442377596403892, 'D_high': 42210.21267871043, 'fire_exp': 1.5315561686017187, 'P_half': 882.2833027501578, 'pre_dampen_half': 20.84599542460349, 'gpp_af': 0.9219336658511308, 'gpp_b': 1.3415796596713932e-05, 'gpp_d': 0.7698760608299932, 'ign_k': 0.09256855841989636, 'ign_c': 0.4177928311636542, 'trop_agb_crit': 18.081400596781233, 'trop_k_veg': 5.453348988480011, 'fire_amp': 1.2393473789150806}.
[I 2026-06-10 22:05:01,284] Trial 506 finished with values: [-0.44122760405135975, 0.22975393978233105] and parameters: {'k1': 0.012840669372724958, 'D_low': 2.843767489444367, 'k2': 0.02065142557895925, 'D_high': 42210.21267871043, 'fire_exp': 1.2344878997299724, 'P_half': 61.6097529474144, 'pre_dampen_half': 16.009350908593582, 'gpp_af': 0.2204465010099918, 'gpp_b': 2.800940363375676e-05, 'gpp_d': 0.03927259340973166, 'ign_k': 0.010733257635049785, 'ign_c': 1.9423015749984096, 'trop_agb_crit': 1.2489332852689512, 'trop_k_veg': 2.520089655463604, 'fire_amp': 1.5180207449214471}.
[I 2026-06-10 22:05:03,324] Trial 507 finished with values: [10.072395754013277, 10.072395754013277] and parameters: {'k1': 0.0007916322947490366, 'D_low': 148.21691630007544, 'k2': 0.0001280886335404798, 'D_high': 22.636544662054543, 'fire_exp': 1.14171776851287, 'P_half': 61.6097529474144, 'pre_dampen_half': 33.71909132517384, 'gpp_af': 0.016306190741524337, 'gpp_b': 0.0012611058927054877, 'gpp_d': 0.7698760608299932, 'ign_k': 0.0029519227433917453, 'ign_c': 1.9423015749984096, 'trop_agb_crit': 1.2489332852689512, 'trop_k_veg': 2.520089655463604, 'fire_amp': 4.783836175730692}.
[I 2026-06-10 22:05:05,240] Trial 508 finished with values: [20.758901315682962, 20.758901315682962] and parameters: {'k1': 5.7909642338812115e-05, 'D_low': 171.2446447678494, 'k2': 0.0004976087827261435, 'D_high': 42210.21267871043, 'fire_exp': 1.0812994412809738, 'P_half': 1.4551749476072258, 'pre_dampen_half': 220.35141300841897, 'gpp_af': 0.016306190741524337, 'gpp_b': 5.0875243087016374e-05, 'gpp_d': 76.38081075786287, 'ign_k': 2.3805746020770413, 'ign_c': 0.4177928311636542, 'trop_agb_crit': 18.081400596781233, 'trop_k_veg': 2.520089655463604, 'fire_amp': 2.6192385880432525}.
[I 2026-06-10 22:05:07,000] Trial 509 finished with values: [10.189906298929776, 10.189906298929776] and parameters: {'k1': 0.00031134168041628584, 'D_low': 171.2446447678494, 'k2': 2.316457903103837e-05, 'D_high': 36998.679204890876, 'fire_exp': 1.0420149135640993, 'P_half': 93.43302657318476, 'pre_dampen_half': 189.88136301569827, 'gpp_af': 3.298293484806585, 'gpp_b': 1.4540386644083135e-05, 'gpp_d': 0.12878367369717508, 'ign_k': 0.00840038491455979, 'ign_c': 39.52220881906114, 'trop_agb_crit': 21.086120736447015, 'trop_k_veg': 0.6673124511410327, 'fire_amp': 4.19233232783727}.
[I 2026-06-10 22:05:08,780] Trial 510 finished with values: [10.488587158672164, 10.488587158672164] and parameters: {'k1': 0.006079905434073396, 'D_low': 1074.940539517341, 'k2': 2.316457903103837e-05, 'D_high': 262.11304189124235, 'fire_exp': 1.111738490499784, 'P_half': 12.262543158860007, 'pre_dampen_half': 8.259599205585761, 'gpp_af': 3.298293484806585, 'gpp_b': 0.00012118589392553798, 'gpp_d': 0.030844007727232167, 'ign_k': 3.965503094323014, 'ign_c': 7.832259769732471, 'trop_agb_crit': 1.8023542850487386, 'trop_k_veg': 4.667598965682156, 'fire_amp': 2.042193818779288}.
[I 2026-06-10 22:05:10,292] Trial 511 finished with values: [10.273918775012538, 10.273918775012538] and parameters: {'k1': 0.00031134168041628584, 'D_low': 12.105387404469584, 'k2': 0.0001280886335404798, 'D_high': 22.636544662054543, 'fire_exp': 1.14171776851287, 'P_half': 61.6097529474144, 'pre_dampen_half': 4.603480758878793, 'gpp_af': 0.0662749342026412, 'gpp_b': 0.0012611058927054877, 'gpp_d': 47.35384181058586, 'ign_k': 0.002357279455676982, 'ign_c': 157.63098727399432, 'trop_agb_crit': 1.8023542850487386, 'trop_k_veg': 2.520089655463604, 'fire_amp': 4.783836175730692}.
[I 2026-06-10 22:05:12,266] Trial 512 finished with values: [18.83400054647681, 18.83400054647681] and parameters: {'k1': 0.0021949137421473017, 'D_low': 12.105387404469584, 'k2': 0.003767022142229395, 'D_high': 42210.21267871043, 'fire_exp': 1.0601964743503993, 'P_half': 12.262543158860007, 'pre_dampen_half': 189.36639872354493, 'gpp_af': 0.0662749342026412, 'gpp_b': 0.006999112505425414, 'gpp_d': 1.4397852866783676, 'ign_k': 0.00840038491455979, 'ign_c': 7.832259769732471, 'trop_agb_crit': 10.2166878366619, 'trop_k_veg': 2.99731137426955, 'fire_amp': 4.783836175730692}.
[I 2026-06-10 22:05:14,359] Trial 513 finished with values: [10.50165564483435, 10.50165564483435] and parameters: {'k1': 5.7909642338812115e-05, 'D_low': 408.3047491580097, 'k2': 2.316457903103837e-05, 'D_high': 2295.7398214549485, 'fire_exp': 1.0420149135640993, 'P_half': 12.262543158860007, 'pre_dampen_half': 189.36639872354493, 'gpp_af': 3.298293484806585, 'gpp_b': 5.0875243087016374e-05, 'gpp_d': 0.030844007727232167, 'ign_k': 0.02779045054796808, 'ign_c': 0.4177928311636542, 'trop_agb_crit': 8.188098178380693, 'trop_k_veg': 1.6648666152166967, 'fire_amp': 1.4475279918261055}.
[I 2026-06-10 22:05:16,147] Trial 514 finished with values: [10.15090787727451, 10.15090787727451] and parameters: {'k1': 0.00031134168041628584, 'D_low': 148.21691630007544, 'k2': 0.02065142557895925, 'D_high': 42210.21267871043, 'fire_exp': 1.633445707733642, 'P_half': 69.68111190775313, 'pre_dampen_half': 4.603480758878793, 'gpp_af': 0.10098504976210308, 'gpp_b': 1.4540386644083135e-05, 'gpp_d': 28.312234265202243, 'ign_k': 0.07867677706257832, 'ign_c': 7.081721844034206, 'trop_agb_crit': 1.0693376406863295, 'trop_k_veg': 0.6673124511410327, 'fire_amp': 4.783836175730692}.
[I 2026-06-10 22:05:17,978] Trial 515 finished with values: [10.687021194659728, 10.687021194659728] and parameters: {'k1': 0.012840669372724958, 'D_low': 2972.248537653567, 'k2': 0.02065142557895925, 'D_high': 42210.21267871043, 'fire_exp': 1.2344878997299724, 'P_half': 4.213183643253957, 'pre_dampen_half': 16.009350908593582, 'gpp_af': 0.016306190741524337, 'gpp_b': 2.800940363375676e-05, 'gpp_d': 0.7698760608299932, 'ign_k': 0.0029519227433917453, 'ign_c': 0.6658322706867178, 'trop_agb_crit': 8.0091368834625, 'trop_k_veg': 2.520089655463604, 'fire_amp': 1.2393473789150806}.
[I 2026-06-10 22:05:20,031] Trial 516 finished with values: [10.00454579669369, 10.00454579669369] and parameters: {'k1': 0.012840669372724958, 'D_low': 171.2446447678494, 'k2': 0.0004976087827261435, 'D_high': 42210.21267871043, 'fire_exp': 1.2344878997299724, 'P_half': 61.6097529474144, 'pre_dampen_half': 4.603480758878793, 'gpp_af': 0.016306190741524337, 'gpp_b': 2.800940363375676e-05, 'gpp_d': 76.38081075786287, 'ign_k': 0.002803357452303278, 'ign_c': 0.4177928311636542, 'trop_agb_crit': 8.0091368834625, 'trop_k_veg': 2.520089655463604, 'fire_amp': 2.6192385880432525}.
[I 2026-06-10 22:05:22,121] Trial 517 finished with values: [-0.5117277901753886, 0.048898634825056075] and parameters: {'k1': 0.00031134168041628584, 'D_low': 1.4002277211577039, 'k2': 0.0007731571570012607, 'D_high': 83.14160873549643, 'fire_exp': 1.1633452995374232, 'P_half': 7.914423612155368, 'pre_dampen_half': 1.8469033699850426, 'gpp_af': 0.008117091133892173, 'gpp_b': 1.3415796596713932e-05, 'gpp_d': 594.7389794988394, 'ign_k': 0.29415751391396583, 'ign_c': 7.081721844034206, 'trop_agb_crit': 1.8566494291193822, 'trop_k_veg': 1.056284487623406, 'fire_amp': 5.44779717154213}.
[I 2026-06-10 22:05:24,090] Trial 518 finished with values: [10.621840690135535, 10.621840690135535] and parameters: {'k1': 0.012840669372724958, 'D_low': 12.105387404469584, 'k2': 0.02065142557895925, 'D_high': 16.91793781734267, 'fire_exp': 1.0601964743503993, 'P_half': 2834.090429514774, 'pre_dampen_half': 16.009350908593582, 'gpp_af': 0.0662749342026412, 'gpp_b': 2.176805640408474e-05, 'gpp_d': 0.7698760608299932, 'ign_k': 0.00840038491455979, 'ign_c': 1.9423015749984096, 'trop_agb_crit': 1.2489332852689512, 'trop_k_veg': 0.6673124511410327, 'fire_amp': 4.783836175730692}.
[I 2026-06-10 22:05:26,079] Trial 519 finished with values: [10.634704258340905, 10.634704258340905] and parameters: {'k1': 5.7909642338812115e-05, 'D_low': 43.2326421037033, 'k2': 2.316457903103837e-05, 'D_high': 42210.21267871043, 'fire_exp': 1.0812994412809738, 'P_half': 61.6097529474144, 'pre_dampen_half': 4.603480758878793, 'gpp_af': 3.298293484806585, 'gpp_b': 0.015382154459808445, 'gpp_d': 0.030844007727232167, 'ign_k': 0.02779045054796808, 'ign_c': 7.832259769732471, 'trop_agb_crit': 8.0091368834625, 'trop_k_veg': 6.778288138489648, 'fire_amp': 5.869450070968175}.
