[I 2026-08-19 13:45:07,663] Trial 1049 finished with values: [-0.4271986969395664, 0.00012204393009662695] and parameters: {'k1': 2.9693357731296325e-05, 'D_low': 1.6569065206637925, 'k2': 0.00021724674331575933, 'D_high': 1124534.1807254362, 'fire_exp': 2.5321117364280843, 'P_half': 8894.151386481904, 'pre_dampen_half': 0.19674328025306115, 'gpp_af': 49.583649914027546, 'gpp_b': 9.67374839440457e-05, 'gpp_d': 161.15276650140873, 'ign_k': 9.162638829638215, 'ign_c': 0.7313962512403624, 'trop_agb_crit': 3.3887235042490564, 'trop_k_veg': 5.691473319778836, 'pop_amp': 5.27924855752961, 'pop_peak': 1.884221947092994, 'pop_sig': 1.804482856986987, 'fuel_k': 0.11148299766359336, 'fuel_half': 1.7895437790635824}.
[I 2026-08-19 13:45:11,103] Trial 1050 finished with values: [-0.42247591743921903, 0.0030442508728878437] and parameters: {'k1': 0.0004846497679219079, 'D_low': 1.6569065206637925, 'k2': 0.0002001342062287998, 'D_high': 1819372.4578178402, 'fire_exp': 2.5321117364280843, 'P_half': 1265.0580856641704, 'pre_dampen_half': 2.272143922137657, 'gpp_af': 0.18737227240512885, 'gpp_b': 9.67374839440457e-05, 'gpp_d': 108.18665579547857, 'ign_k': 0.04439802552990466, 'ign_c': 6.0816733722841345, 'trop_agb_crit': 1.050713312531254, 'trop_k_veg': 7.549702273200038, 'pop_amp': 0.0021433490423168255, 'pop_peak': 352.89806695809773, 'pop_sig': 1.804482856986987, 'fuel_k': 3.250046746707412, 'fuel_half': 1.7895437790635824}.
[I 2026-08-19 13:45:14,456] Trial 1051 finished with values: [-0.41738472112689057, 4.470791514776806e-10] and parameters: {'k1': 0.005456725485601475, 'D_low': 1.6569065206637925, 'k2': 0.00344008008600059, 'D_high': 1661855.441285105, 'fire_exp': 6.464773756830049, 'P_half': 4337.920697490941, 'pre_dampen_half': 0.2571419084734534, 'gpp_af': 49.583649914027546, 'gpp_b': 0.7652822088380072, 'gpp_d': 117.2128156438701, 'ign_k': 0.0031993294686073377, 'ign_c': 12.366924205139131, 'trop_agb_crit': 28.49245476864681, 'trop_k_veg': 6.972354563243685, 'pop_amp': 0.020758979942636296, 'pop_peak': 24.119300611674838, 'pop_sig': 1.1860897989658696, 'fuel_k': 2.8606142106392465, 'fuel_half': 17.890117928710357}.
[I 2026-08-19 13:45:17,357] Trial 1052 finished with values: [-0.38574998559334156, 0.0] and parameters: {'k1': 0.08924795116437424, 'D_low': 1368.9795993592197, 'k2': 1.2748758606816134e-05, 'D_high': 1840060.4093141211, 'fire_exp': 7.856097010829145, 'P_half': 267.2146013620241, 'pre_dampen_half': 0.2571419084734534, 'gpp_af': 0.9346598275601615, 'gpp_b': 4.038332634638232, 'gpp_d': 108.18665579547857, 'ign_k': 0.009935023909063692, 'ign_c': 225.58738962142354, 'trop_agb_crit': 9.561362341798622, 'trop_k_veg': 0.8084202024508578, 'pop_amp': 0.004708042915737182, 'pop_peak': 1.421337820414783, 'pop_sig': 0.5314193463179775, 'fuel_k': 0.9666195090843235, 'fuel_half': 17.890117928710357}.
  trial 1053/2500  pareto_size=31  best_ilamb=0.6094  (59.6 min)
[I 2026-08-19 13:45:21,266] Trial 1053 finished with values: [-0.4212894269782059, 1.0029088670648889e-11] and parameters: {'k1': 1.844951990812239e-05, 'D_low': 4478.820281670047, 'k2': 0.0019856031481305684, 'D_high': 6543576.946931886, 'fire_exp': 6.454675979546216, 'P_half': 8894.151386481904, 'pre_dampen_half': 0.7465571739720183, 'gpp_af': 0.18737227240512885, 'gpp_b': 0.0001605469768042801, 'gpp_d': 118.26972885708257, 'ign_k': 0.04439802552990466, 'ign_c': 13.909474988024083, 'trop_agb_crit': 28.49245476864681, 'trop_k_veg': 5.691473319778836, 'pop_amp': 0.0034369873301918173, 'pop_peak': 1.9043491615789352, 'pop_sig': 1.804482856986987, 'fuel_k': 0.024842211874916795, 'fuel_half': 5.940545235233705}.
[I 2026-08-19 13:45:24,300] Trial 1054 finished with values: [-0.4212512875491788, 4.909488704463172e-08] and parameters: {'k1': 4.0873003903057456e-05, 'D_low': 437.4364439939077, 'k2': 0.0014455983984872978, 'D_high': 6543576.946931886, 'fire_exp': 4.3161213924316595, 'P_half': 8894.151386481904, 'pre_dampen_half': 0.19674328025306115, 'gpp_af': 0.18737227240512885, 'gpp_b': 9.67374839440457e-05, 'gpp_d': 15.3464307516782, 'ign_k': 0.04439802552990466, 'ign_c': 12.366924205139131, 'trop_agb_crit': 3.0214683627481933, 'trop_k_veg': 2.968382718115938, 'pop_amp': 5.27924855752961, 'pop_peak': 3.1638262982473893, 'pop_sig': 0.9904669476016459, 'fuel_k': 3.640039183945803, 'fuel_half': 0.10355826161899183}.
[I 2026-08-19 13:45:27,312] Trial 1055 finished with values: [-0.4217145681304598, 1.2866474552453155e-10] and parameters: {'k1': 1.844951990812239e-05, 'D_low': 1.6569065206637925, 'k2': 4.392638796750218e-05, 'D_high': 1661855.441285105, 'fire_exp': 6.454675979546216, 'P_half': 8894.151386481904, 'pre_dampen_half': 0.2571419084734534, 'gpp_af': 0.18737227240512885, 'gpp_b': 9.67374839440457e-05, 'gpp_d': 118.26972885708257, 'ign_k': 0.04439802552990466, 'ign_c': 0.38887507405855737, 'trop_agb_crit': 14.188434224699876, 'trop_k_veg': 4.30392173391187, 'pop_amp': 10.985330528057915, 'pop_peak': 4.557885026195722, 'pop_sig': 0.9904669476016459, 'fuel_k': 3.250046746707412, 'fuel_half': 1.7895437790635824}.
[I 2026-08-19 13:45:30,395] Trial 1056 finished with values: [-0.5252206791555076, 0.0011696224001135347] and parameters: {'k1': 0.005456725485601475, 'D_low': 2.400213216646464, 'k2': 0.0019856031481305684, 'D_high': 1661855.441285105, 'fire_exp': 4.3161213924316595, 'P_half': 10.436686039715203, 'pre_dampen_half': 0.2571419084734534, 'gpp_af': 0.18737227240512885, 'gpp_b': 0.1033080166772517, 'gpp_d': 108.18665579547857, 'ign_k': 0.43129510236174595, 'ign_c': 12.366924205139131, 'trop_agb_crit': 2.6689615974393592, 'trop_k_veg': 6.972354563243685, 'pop_amp': 6.746076139939917, 'pop_peak': 1.9043491615789352, 'pop_sig': 1.2141356335300337, 'fuel_k': 0.25840593789253463, 'fuel_half': 0.16177948347797555}.
[I 2026-08-19 13:45:33,589] Trial 1057 finished with values: [-0.396908222653007, 1.4432899320127035e-15] and parameters: {'k1': 0.0004846497679219079, 'D_low': 1.6569065206637925, 'k2': 3.077180271250682e-05, 'D_high': 1661855.441285105, 'fire_exp': 7.856097010829145, 'P_half': 5.006402338982991, 'pre_dampen_half': 0.2571419084734534, 'gpp_af': 0.18737227240512885, 'gpp_b': 0.14222241542049918, 'gpp_d': 108.18665579547857, 'ign_k': 0.04439802552990466, 'ign_c': 89.12611835816996, 'trop_agb_crit': 27.05166881899929, 'trop_k_veg': 0.5984963599845551, 'pop_amp': 0.0021433490423168255, 'pop_peak': 0.05281056279423359, 'pop_sig': 1.793400421844224, 'fuel_k': 3.640039183945803, 'fuel_half': 0.4803288484640153}.
[I 2026-08-19 13:45:37,475] Trial 1058 finished with values: [-0.4120147603886541, 3.6145753057326147e-11] and parameters: {'k1': 4.0873003903057456e-05, 'D_low': 1.6569065206637925, 'k2': 0.0014455983984872978, 'D_high': 1907543.828944448, 'fire_exp': 3.7695400350033266, 'P_half': 8894.151386481904, 'pre_dampen_half': 0.2571419084734534, 'gpp_af': 0.18737227240512885, 'gpp_b': 1.0525597328586846, 'gpp_d': 1.0088237648985734, 'ign_k': 0.45791923103229365, 'ign_c': 13.909474988024083, 'trop_agb_crit': 3.544180417534903, 'trop_k_veg': 2.968382718115938, 'pop_amp': 0.0013002472438361158, 'pop_peak': 162.62551614461097, 'pop_sig': 0.32561835694668706, 'fuel_k': 0.11148299766359336, 'fuel_half': 38.055644378716025}.
[I 2026-08-19 13:45:41,186] Trial 1059 finished with values: [-0.4136659197210687, 1.978555974613272e-08] and parameters: {'k1': 4.929552311643645e-05, 'D_low': 1.6569065206637925, 'k2': 0.00013094965356693928, 'D_high': 1661855.441285105, 'fire_exp': 5.433392060430592, 'P_half': 8894.151386481904, 'pre_dampen_half': 16.383608073822604, 'gpp_af': 2.9563297076194135, 'gpp_b': 0.3918116941393868, 'gpp_d': 3.9841905944346854, 'ign_k': 0.45791923103229365, 'ign_c': 4.4716799012313055, 'trop_agb_crit': 28.49245476864681, 'trop_k_veg': 6.972354563243685, 'pop_amp': 10.985330528057915, 'pop_peak': 1.884221947092994, 'pop_sig': 1.804482856986987, 'fuel_k': 0.622529758569628, 'fuel_half': 1.7895437790635824}.
  trial 1060/2500  pareto_size=29  best_ilamb=0.6094  (60.0 min)
[I 2026-08-19 13:45:45,813] Trial 1060 finished with values: [-0.48578616946566255, 0.03343294803119756] and parameters: {'k1': 5.025876001070713e-05, 'D_low': 1.6569065206637925, 'k2': 3.077180271250682e-05, 'D_high': 6543576.946931886, 'fire_exp': 1.1633452995374232, 'P_half': 8894.151386481904, 'pre_dampen_half': 0.19674328025306115, 'gpp_af': 49.583649914027546, 'gpp_b': 0.0007417652034871827, 'gpp_d': 118.26972885708257, 'ign_k': 0.3818468247973969, 'ign_c': 0.7313962512403624, 'trop_agb_crit': 14.188434224699876, 'trop_k_veg': 5.691473319778836, 'pop_amp': 10.985330528057915, 'pop_peak': 352.89806695809773, 'pop_sig': 0.9904669476016459, 'fuel_k': 4.04437775870989, 'fuel_half': 1.7895437790635824}.
[I 2026-08-19 13:45:49,827] Trial 1061 finished with values: [-0.42406366221853575, 0.0001301050531584691] and parameters: {'k1': 4.929552311643645e-05, 'D_low': 15150.361381456718, 'k2': 0.0019856031481305684, 'D_high': 1124534.1807254362, 'fire_exp': 1.8678802571070678, 'P_half': 6281.776703992854, 'pre_dampen_half': 0.2571419084734534, 'gpp_af': 0.006580815488709274, 'gpp_b': 9.67374839440457e-05, 'gpp_d': 118.26972885708257, 'ign_k': 0.45791923103229365, 'ign_c': 6.0816733722841345, 'trop_agb_crit': 3.544180417534903, 'trop_k_veg': 5.691473319778836, 'pop_amp': 0.0013002472438361158, 'pop_peak': 1.884221947092994, 'pop_sig': 1.804482856986987, 'fuel_k': 4.04437775870989, 'fuel_half': 1.7895437790635824}.
[I 2026-08-19 13:45:54,065] Trial 1062 finished with values: [-0.3716788848453313, 0.0] and parameters: {'k1': 1.844951990812239e-05, 'D_low': 45736.543674052264, 'k2': 0.0019856031481305684, 'D_high': 5109990.03526815, 'fire_exp': 6.464773756830049, 'P_half': 8894.151386481904, 'pre_dampen_half': 0.2571419084734534, 'gpp_af': 0.41874665092828456, 'gpp_b': 1.1645080536732737, 'gpp_d': 1.0088237648985734, 'ign_k': 0.009935023909063692, 'ign_c': 0.5488047000766043, 'trop_agb_crit': 27.05166881899929, 'trop_k_veg': 0.5993475037413647, 'pop_amp': 0.0021433490423168255, 'pop_peak': 0.17274196344453516, 'pop_sig': 0.9904669476016459, 'fuel_k': 3.640039183945803, 'fuel_half': 17.890117928710357}.
[I 2026-08-19 13:45:57,141] Trial 1063 finished with values: [-0.4155535298092973, 1.810907868105005e-09] and parameters: {'k1': 2.9693357731296325e-05, 'D_low': 1.6569065206637925, 'k2': 0.0003856302813879373, 'D_high': 1840060.4093141211, 'fire_exp': 7.856097010829145, 'P_half': 1265.0580856641704, 'pre_dampen_half': 0.2571419084734534, 'gpp_af': 0.006580815488709274, 'gpp_b': 9.67374839440457e-05, 'gpp_d': 108.18665579547857, 'ign_k': 0.009935023909063692, 'ign_c': 6.0816733722841345, 'trop_agb_crit': 5.718119565736457, 'trop_k_veg': 5.691473319778836, 'pop_amp': 0.029228481237926353, 'pop_peak': 4.557885026195722, 'pop_sig': 1.804482856986987, 'fuel_k': 2.8606142106392465, 'fuel_half': 17.890117928710357}.
[I 2026-08-19 13:46:00,020] Trial 1064 finished with values: [-0.4232506412068468, 2.4532980091862555e-09] and parameters: {'k1': 2.9693357731296325e-05, 'D_low': 437.4364439939077, 'k2': 0.00016643425133733866, 'D_high': 1840060.4093141211, 'fire_exp': 4.4758690202162805, 'P_half': 8894.151386481904, 'pre_dampen_half': 0.2571419084734534, 'gpp_af': 6.635341982375291, 'gpp_b': 5.349456206882108e-05, 'gpp_d': 8.347790852520644, 'ign_k': 0.0023181776112903506, 'ign_c': 12.366924205139131, 'trop_agb_crit': 23.606263788786194, 'trop_k_veg': 0.8084202024508578, 'pop_amp': 0.029228481237926353, 'pop_peak': 4.557885026195722, 'pop_sig': 1.804482856986987, 'fuel_k': 0.18940660610935214, 'fuel_half': 0.3497028715561063}.
[I 2026-08-19 13:46:03,138] Trial 1065 finished with values: [-0.4243409768195667, 6.540735648730145e-05] and parameters: {'k1': 1.844951990812239e-05, 'D_low': 15150.361381456718, 'k2': 0.0019856031481305684, 'D_high': 5109990.03526815, 'fire_exp': 1.8678802571070678, 'P_half': 8894.151386481904, 'pre_dampen_half': 0.2571419084734534, 'gpp_af': 0.006580815488709274, 'gpp_b': 9.67374839440457e-05, 'gpp_d': 118.26972885708257, 'ign_k': 0.45791923103229365, 'ign_c': 0.7088878053884098, 'trop_agb_crit': 28.49245476864681, 'trop_k_veg': 0.5481936106081928, 'pop_amp': 0.029228481237926353, 'pop_peak': 1.884221947092994, 'pop_sig': 1.804482856986987, 'fuel_k': 3.250046746707412, 'fuel_half': 17.890117928710357}.
  trial 1066/2500  pareto_size=29  best_ilamb=0.6094  (60.4 min)
[I 2026-08-19 13:46:07,501] Trial 1066 finished with values: [-0.40772278097440084, 1.1957101975212936e-13] and parameters: {'k1': 4.929552311643645e-05, 'D_low': 437.4364439939077, 'k2': 3.077180271250682e-05, 'D_high': 1840060.4093141211, 'fire_exp': 7.856097010829145, 'P_half': 8894.151386481904, 'pre_dampen_half': 0.10189118197357125, 'gpp_af': 36.830088529547496, 'gpp_b': 0.0004837646996135023, 'gpp_d': 108.18665579547857, 'ign_k': 0.009935023909063692, 'ign_c': 4.4716799012313055, 'trop_agb_crit': 28.49245476864681, 'trop_k_veg': 6.972354563243685, 'pop_amp': 0.008683934086503814, 'pop_peak': 703.4172637752926, 'pop_sig': 0.4663206866626952, 'fuel_k': 4.04437775870989, 'fuel_half': 0.18427970406864538}.
[I 2026-08-19 13:46:11,206] Trial 1067 finished with values: [-0.4272749555862509, 1.5384784007865804e-05] and parameters: {'k1': 1.844951990812239e-05, 'D_low': 286.06841726052676, 'k2': 0.0019856031481305684, 'D_high': 1840060.4093141211, 'fire_exp': 2.5321117364280843, 'P_half': 8894.151386481904, 'pre_dampen_half': 0.05393491030297468, 'gpp_af': 49.583649914027546, 'gpp_b': 0.0007417652034871827, 'gpp_d': 118.26972885708257, 'ign_k': 0.43129510236174595, 'ign_c': 4.4716799012313055, 'trop_agb_crit': 27.05166881899929, 'trop_k_veg': 4.30392173391187, 'pop_amp': 0.0021433490423168255, 'pop_peak': 1.884221947092994, 'pop_sig': 1.804482856986987, 'fuel_k': 0.16721878182659813, 'fuel_half': 0.18427970406864538}.
[I 2026-08-19 13:46:14,080] Trial 1068 finished with values: [-0.3970501872580355, 4.440892098500626e-16] and parameters: {'k1': 4.0873003903057456e-05, 'D_low': 1.6569065206637925, 'k2': 4.392638796750218e-05, 'D_high': 9355.38060645217, 'fire_exp': 4.3161213924316595, 'P_half': 8894.151386481904, 'pre_dampen_half': 0.0399066504395798, 'gpp_af': 0.18737227240512885, 'gpp_b': 1.624829724391053, 'gpp_d': 0.16294786031575217, 'ign_k': 0.04439802552990466, 'ign_c': 0.2806439011124269, 'trop_agb_crit': 27.05166881899929, 'trop_k_veg': 6.972354563243685, 'pop_amp': 6.746076139939917, 'pop_peak': 10.679600530994481, 'pop_sig': 0.9904669476016459, 'fuel_k': 3.640039183945803, 'fuel_half': 0.10355826161899183}.
[I 2026-08-19 13:46:17,096] Trial 1069 finished with values: [-0.41076927944719444, 6.405986852087153e-14] and parameters: {'k1': 4.0873003903057456e-05, 'D_low': 34.60830859824834, 'k2': 3.077180271250682e-05, 'D_high': 1840060.4093141211, 'fire_exp': 7.856097010829145, 'P_half': 8894.151386481904, 'pre_dampen_half': 0.19674328025306115, 'gpp_af': 36.830088529547496, 'gpp_b': 0.0007417652034871827, 'gpp_d': 118.26972885708257, 'ign_k': 0.009935023909063692, 'ign_c': 4.4716799012313055, 'trop_agb_crit': 27.05166881899929, 'trop_k_veg': 5.691473319778836, 'pop_amp': 0.0021433490423168255, 'pop_peak': 1.0145012655773007, 'pop_sig': 0.9904669476016459, 'fuel_k': 0.9199338799678547, 'fuel_half': 17.890117928710357}.
[I 2026-08-19 13:46:20,390] Trial 1070 finished with values: [-0.41205275185564655, 1.1669820558002364e-05] and parameters: {'k1': 0.005456725485601475, 'D_low': 2.400213216646464, 'k2': 3.077180271250682e-05, 'D_high': 9355.38060645217, 'fire_exp': 4.3161213924316595, 'P_half': 10.436686039715203, 'pre_dampen_half': 0.2571419084734534, 'gpp_af': 36.830088529547496, 'gpp_b': 1.624829724391053, 'gpp_d': 108.18665579547857, 'ign_k': 0.04439802552990466, 'ign_c': 40.98747474917009, 'trop_agb_crit': 27.05166881899929, 'trop_k_veg': 6.972354563243685, 'pop_amp': 6.746076139939917, 'pop_peak': 4.557885026195722, 'pop_sig': 0.9904669476016459, 'fuel_k': 5.706437033023268, 'fuel_half': 0.10355826161899183}.
[I 2026-08-19 13:46:23,881] Trial 1071 finished with values: [-0.5522812373523669, 0.030387758429563205] and parameters: {'k1': 4.0873003903057456e-05, 'D_low': 1381.4827557709839, 'k2': 0.0019856031481305684, 'D_high': 1840060.4093141211, 'fire_exp': 1.3796609641485171, 'P_half': 229.5739821454948, 'pre_dampen_half': 0.2571419084734534, 'gpp_af': 0.41874665092828456, 'gpp_b': 0.007179740972016222, 'gpp_d': 491.5006451651902, 'ign_k': 9.162638829638215, 'ign_c': 13.219302264066766, 'trop_agb_crit': 28.49245476864681, 'trop_k_veg': 4.30392173391187, 'pop_amp': 10.985330528057915, 'pop_peak': 456.60279198301936, 'pop_sig': 0.32561835694668706, 'fuel_k': 0.15552861105540366, 'fuel_half': 0.18427970406864538}.
[I 2026-08-19 13:46:27,199] Trial 1072 finished with values: [-0.3554625854118624, 0.0] and parameters: {'k1': 1.844951990812239e-05, 'D_low': 32.04792887019892, 'k2': 0.0019856031481305684, 'D_high': 1269686.0471076458, 'fire_exp': 6.464773756830049, 'P_half': 8894.151386481904, 'pre_dampen_half': 0.2571419084734534, 'gpp_af': 0.005018406982902927, 'gpp_b': 0.0007417652034871827, 'gpp_d': 118.26972885708257, 'ign_k': 0.45791923103229365, 'ign_c': 89.12611835816996, 'trop_agb_crit': 27.05166881899929, 'trop_k_veg': 6.972354563243685, 'pop_amp': 0.04874366481145617, 'pop_peak': 0.17274196344453516, 'pop_sig': 0.9904669476016459, 'fuel_k': 0.9199338799678547, 'fuel_half': 17.890117928710357}.
  trial 1073/2500  pareto_size=27  best_ilamb=0.6094  (60.8 min)
[I 2026-08-19 13:46:31,000] Trial 1073 finished with values: [-0.3554147908101606, 0.0] and parameters: {'k1': 0.030536406552994097, 'D_low': 286.06841726052676, 'k2': 4.392638796750218e-05, 'D_high': 9355.38060645217, 'fire_exp': 6.454675979546216, 'P_half': 8894.151386481904, 'pre_dampen_half': 0.2571419084734534, 'gpp_af': 0.005018406982902927, 'gpp_b': 0.39481046816626336, 'gpp_d': 0.16294786031575217, 'ign_k': 0.04439802552990466, 'ign_c': 0.2806439011124269, 'trop_agb_crit': 27.05166881899929, 'trop_k_veg': 6.972354563243685, 'pop_amp': 6.746076139939917, 'pop_peak': 352.89806695809773, 'pop_sig': 0.9904669476016459, 'fuel_k': 5.706437033023268, 'fuel_half': 1.7895437790635824}.
[I 2026-08-19 13:46:34,034] Trial 1074 finished with values: [-0.41979346554091734, 7.673611857050844e-09] and parameters: {'k1': 1.844951990812239e-05, 'D_low': 1368.9795993592197, 'k2': 0.0003856302813879373, 'D_high': 1907543.828944448, 'fire_exp': 3.7695400350033266, 'P_half': 8894.151386481904, 'pre_dampen_half': 0.10189118197357125, 'gpp_af': 8.754608233101052, 'gpp_b': 0.7652822088380072, 'gpp_d': 117.2128156438701, 'ign_k': 0.04439802552990466, 'ign_c': 12.366924205139131, 'trop_agb_crit': 3.544180417534903, 'trop_k_veg': 3.160032976916089, 'pop_amp': 0.04874366481145617, 'pop_peak': 3.1638262982473893, 'pop_sig': 1.804482856986987, 'fuel_k': 0.622529758569628, 'fuel_half': 17.890117928710357}.
[I 2026-08-19 13:46:36,751] Trial 1075 finished with values: [-0.3554625854118624, 0.0] and parameters: {'k1': 2.9693357731296325e-05, 'D_low': 286.06841726052676, 'k2': 4.392638796750218e-05, 'D_high': 1840060.4093141211, 'fire_exp': 6.464773756830049, 'P_half': 8894.151386481904, 'pre_dampen_half': 0.2571419084734534, 'gpp_af': 0.005018406982902927, 'gpp_b': 1.624829724391053, 'gpp_d': 8.347790852520644, 'ign_k': 0.45791923103229365, 'ign_c': 12.366924205139131, 'trop_agb_crit': 27.05166881899929, 'trop_k_veg': 3.754644404143055, 'pop_amp': 6.746076139939917, 'pop_peak': 4.557885026195722, 'pop_sig': 1.804482856986987, 'fuel_k': 3.640039183945803, 'fuel_half': 0.10355826161899183}.
[I 2026-08-19 13:46:39,820] Trial 1076 finished with values: [-0.36165596787826637, 1.1102230246251565e-16] and parameters: {'k1': 1.844951990812239e-05, 'D_low': 1.6569065206637925, 'k2': 0.0019856031481305684, 'D_high': 1840060.4093141211, 'fire_exp': 7.856097010829145, 'P_half': 8894.151386481904, 'pre_dampen_half': 0.2001862701105098, 'gpp_af': 34.35382931294012, 'gpp_b': 1.1645080536732737, 'gpp_d': 2.0876461267125483, 'ign_k': 0.45791923103229365, 'ign_c': 4.4716799012313055, 'trop_agb_crit': 28.49245476864681, 'trop_k_veg': 6.972354563243685, 'pop_amp': 0.0021433490423168255, 'pop_peak': 4.557885026195722, 'pop_sig': 0.6871869718280653, 'fuel_k': 0.7301226324827633, 'fuel_half': 17.890117928710357}.
[I 2026-08-19 13:46:42,982] Trial 1077 finished with values: [-0.4086340391103091, 1.1631405860690336e-07] and parameters: {'k1': 0.09372580613581186, 'D_low': 4478.820281670047, 'k2': 0.0002001342062287998, 'D_high': 1661855.441285105, 'fire_exp': 4.3161213924316595, 'P_half': 8894.151386481904, 'pre_dampen_half': 0.2571419084734534, 'gpp_af': 0.18737227240512885, 'gpp_b': 0.05825704883392061, 'gpp_d': 118.26972885708257, 'ign_k': 0.04439802552990466, 'ign_c': 0.2806439011124269, 'trop_agb_crit': 14.188434224699876, 'trop_k_veg': 2.364872696511, 'pop_amp': 6.746076139939917, 'pop_peak': 1.9043491615789352, 'pop_sig': 0.6871869718280653, 'fuel_k': 4.04437775870989, 'fuel_half': 0.18427970406864538}.
[I 2026-08-19 13:46:46,466] Trial 1078 finished with values: [-0.4104172545593995, 2.545741395465484e-13] and parameters: {'k1': 0.08924795116437424, 'D_low': 1.6569065206637925, 'k2': 0.0003856302813879373, 'D_high': 1661855.441285105, 'fire_exp': 6.464773756830049, 'P_half': 4337.920697490941, 'pre_dampen_half': 7.72621571462232, 'gpp_af': 49.583649914027546, 'gpp_b': 4.038332634638232, 'gpp_d': 108.18665579547857, 'ign_k': 0.009935023909063692, 'ign_c': 225.58738962142354, 'trop_agb_crit': 28.49245476864681, 'trop_k_veg': 6.972354563243685, 'pop_amp': 0.020758979942636296, 'pop_peak': 1.421337820414783, 'pop_sig': 1.804482856986987, 'fuel_k': 2.8606142106392465, 'fuel_half': 17.890117928710357}.
