[I 2026-08-06 10:32:03,876] Trial 1055 finished with values: [10.138792649792462, 10.138792649792462] and parameters: {'k1': 0.008912611835817005, 'D_low': 355.00125258511594, 'k2': 0.00010439567055209041, 'D_high': 3712.591045287726, 'fire_exp': 1.3170256885255098, 'P_half': 140.74279366401683, 'pre_dampen_half': 552.4163637315892, 'gpp_af': 1.9706963379095486, 'gpp_b': 0.006906522645653115, 'gpp_d': 2.944272359149677, 'ign_k': 0.21006485619596416, 'ign_c': 5.13055176058983, 'trop_agb_crit': 24.584290528289387, 'trop_k_veg': 3.1473758868965476}.
[I 2026-08-06 10:32:05,017] Trial 1056 finished with values: [10.25875186167588, 10.25875186167588] and parameters: {'k1': 0.008912611835817005, 'D_low': 355.00125258511594, 'k2': 0.03538758864779238, 'D_high': 39819.19662051714, 'fire_exp': 1.3170256885255098, 'P_half': 5.076307782729897, 'pre_dampen_half': 63.6685916079943, 'gpp_af': 0.013276330623901841, 'gpp_b': 0.006906522645653115, 'gpp_d': 2.944272359149677, 'ign_k': 0.21006485619596416, 'ign_c': 5.13055176058983, 'trop_agb_crit': 1.0903028125370984, 'trop_k_veg': 3.1473758868965476}.
[I 2026-08-06 10:32:06,080] Trial 1057 finished with values: [-0.5588567564737044, 0.03465231949211245] and parameters: {'k1': 0.008912611835817005, 'D_low': 355.00125258511594, 'k2': 0.03538758864779238, 'D_high': 11832.967057468773, 'fire_exp': 1.0629462657398439, 'P_half': 5.076307782729897, 'pre_dampen_half': 552.4163637315892, 'gpp_af': 0.6403036652671171, 'gpp_b': 0.006906522645653115, 'gpp_d': 2.944272359149677, 'ign_k': 3.589155871450839, 'ign_c': 15.221840161091626, 'trop_agb_crit': 1.0911298587990423, 'trop_k_veg': 4.375785248100498}.
[I 2026-08-06 10:32:07,178] Trial 1058 finished with values: [11.44745922299891, 11.44745922299891] and parameters: {'k1': 0.0003783599106879794, 'D_low': 355.00125258511594, 'k2': 0.03538758864779238, 'D_high': 3712.591045287726, 'fire_exp': 1.3170256885255098, 'P_half': 5.076307782729897, 'pre_dampen_half': 552.4163637315892, 'gpp_af': 0.7539992074650279, 'gpp_b': 0.0017100237531775793, 'gpp_d': 16.460426816350523, 'ign_k': 3.589155871450839, 'ign_c': 4.2425976091860935, 'trop_agb_crit': 1.0911298587990423, 'trop_k_veg': 4.375785248100498}.
[I 2026-08-06 10:32:08,241] Trial 1059 finished with values: [-0.459034863246962, 0.1385381276714298] and parameters: {'k1': 0.008912611835817005, 'D_low': 4.484744524732794, 'k2': 8.923807143379776e-05, 'D_high': 21.947742689197344, 'fire_exp': 1.0629462657398439, 'P_half': 220.3445560633069, 'pre_dampen_half': 502.5175192217655, 'gpp_af': 0.14467197647069258, 'gpp_b': 0.14577755664212386, 'gpp_d': 16.460426816350523, 'ign_k': 2.1368329072358767, 'ign_c': 0.70689749506246, 'trop_agb_crit': 1.0455434848969813, 'trop_k_veg': 2.194427136482602}.
[I 2026-08-06 10:32:09,352] Trial 1060 finished with values: [10.73857251394237, 10.73857251394237] and parameters: {'k1': 0.008912611835817005, 'D_low': 4.484744524732794, 'k2': 5.52207197313581e-05, 'D_high': 633.1166646948959, 'fire_exp': 2.7504578233979857, 'P_half': 140.74279366401683, 'pre_dampen_half': 552.4163637315892, 'gpp_af': 6.0369370109848575, 'gpp_b': 0.0325181766809307, 'gpp_d': 10.369565216756202, 'ign_k': 0.0680787482656459, 'ign_c': 11.400863701127316, 'trop_agb_crit': 1.0903028125370984, 'trop_k_veg': 0.6673124511410327}.
[I 2026-08-06 10:32:10,418] Trial 1061 finished with values: [-0.5239936411361904, 0.05975670004135336] and parameters: {'k1': 0.008912611835817005, 'D_low': 4.484744524732794, 'k2': 0.0003432139136241583, 'D_high': 15351.441568398131, 'fire_exp': 1.1430983876313219, 'P_half': 282.98168613109493, 'pre_dampen_half': 502.5175192217655, 'gpp_af': 0.7539992074650279, 'gpp_b': 0.14577755664212386, 'gpp_d': 16.460426816350523, 'ign_k': 2.1368329072358767, 'ign_c': 15.221840161091626, 'trop_agb_crit': 4.0899675251815735, 'trop_k_veg': 4.959351845635652}.
[I 2026-08-06 10:32:11,499] Trial 1062 finished with values: [10.62000901641619, 10.62000901641619] and parameters: {'k1': 0.008912611835817005, 'D_low': 4.484744524732794, 'k2': 0.03538758864779238, 'D_high': 3712.591045287726, 'fire_exp': 1.0629462657398439, 'P_half': 220.3445560633069, 'pre_dampen_half': 552.4163637315892, 'gpp_af': 0.6403036652671171, 'gpp_b': 0.14577755664212386, 'gpp_d': 2.944272359149677, 'ign_k': 5.919749792564381, 'ign_c': 5.13055176058983, 'trop_agb_crit': 1.0903028125370984, 'trop_k_veg': 2.194427136482602}.
[I 2026-08-06 10:32:12,593] Trial 1063 finished with values: [-0.5405150011288169, 0.0805804210744141] and parameters: {'k1': 0.008912611835817005, 'D_low': 685.7803657667797, 'k2': 5.52207197313581e-05, 'D_high': 985.7545621889059, 'fire_exp': 1.0629462657398439, 'P_half': 5.076307782729897, 'pre_dampen_half': 552.4163637315892, 'gpp_af': 0.7539992074650279, 'gpp_b': 4.377856668016338e-05, 'gpp_d': 16.460426816350523, 'ign_k': 2.9818972317055166, 'ign_c': 11.400863701127316, 'trop_agb_crit': 1.0903028125370984, 'trop_k_veg': 0.6673124511410327}.
[I 2026-08-06 10:32:13,675] Trial 1064 finished with values: [10.09974059264986, 10.09974059264986] and parameters: {'k1': 0.008912611835817005, 'D_low': 520.4862686958022, 'k2': 0.0001280298359290444, 'D_high': 91.78481720510284, 'fire_exp': 1.0629462657398439, 'P_half': 220.3445560633069, 'pre_dampen_half': 552.4163637315892, 'gpp_af': 0.7539992074650279, 'gpp_b': 0.0021331409710300844, 'gpp_d': 4.25060659305504, 'ign_k': 0.01364908766641695, 'ign_c': 0.30620022479972875, 'trop_agb_crit': 1.0903028125370984, 'trop_k_veg': 0.983473833513531}.
[I 2026-08-06 10:32:15,090] Trial 1065 finished with values: [10.943976570245644, 10.943976570245644] and parameters: {'k1': 0.008912611835817005, 'D_low': 6.1642743507854245, 'k2': 0.03538758864779238, 'D_high': 35293.89593576791, 'fire_exp': 1.221575427404682, 'P_half': 5.076307782729897, 'pre_dampen_half': 63.6685916079943, 'gpp_af': 0.6403036652671171, 'gpp_b': 0.006906522645653115, 'gpp_d': 4.25060659305504, 'ign_k': 0.0680787482656459, 'ign_c': 4.2425976091860935, 'trop_agb_crit': 19.3289574092866, 'trop_k_veg': 0.983473833513531}.
[I 2026-08-06 10:32:16,156] Trial 1066 finished with values: [-0.5219298303597035, 0.14882249524850089] and parameters: {'k1': 0.008912611835817005, 'D_low': 4.484744524732794, 'k2': 0.03538758864779238, 'D_high': 11832.967057468773, 'fire_exp': 1.0629462657398439, 'P_half': 220.3445560633069, 'pre_dampen_half': 63.6685916079943, 'gpp_af': 0.6403036652671171, 'gpp_b': 0.14577755664212386, 'gpp_d': 2.944272359149677, 'ign_k': 0.21006485619596416, 'ign_c': 4.2425976091860935, 'trop_agb_crit': 1.0911298587990423, 'trop_k_veg': 4.375785248100498}.
[I 2026-08-06 10:32:17,266] Trial 1067 finished with values: [10.114736462700028, 10.114736462700028] and parameters: {'k1': 0.008912611835817005, 'D_low': 355.00125258511594, 'k2': 0.00383039225527374, 'D_high': 11832.967057468773, 'fire_exp': 1.0629462657398439, 'P_half': 5.076307782729897, 'pre_dampen_half': 63.6685916079943, 'gpp_af': 75.74758210832029, 'gpp_b': 0.0021331409710300844, 'gpp_d': 2.944272359149677, 'ign_k': 0.0680787482656459, 'ign_c': 4.2425976091860935, 'trop_agb_crit': 1.0911298587990423, 'trop_k_veg': 2.573214588078609}.
[I 2026-08-06 10:32:18,380] Trial 1068 finished with values: [-0.5310406953413722, 0.037206662684717284] and parameters: {'k1': 0.008912611835817005, 'D_low': 4.484744524732794, 'k2': 0.0003432139136241583, 'D_high': 5670.3463356272905, 'fire_exp': 1.3170256885255098, 'P_half': 220.3445560633069, 'pre_dampen_half': 552.4163637315892, 'gpp_af': 0.7539992074650279, 'gpp_b': 0.006906522645653115, 'gpp_d': 2.944272359149677, 'ign_k': 8.103949702339497, 'ign_c': 15.221840161091626, 'trop_agb_crit': 4.0899675251815735, 'trop_k_veg': 4.167664671344212}.
[I 2026-08-06 10:32:19,456] Trial 1069 finished with values: [10.482944690513571, 10.482944690513571] and parameters: {'k1': 0.008912611835817005, 'D_low': 355.00125258511594, 'k2': 0.03538758864779238, 'D_high': 11832.967057468773, 'fire_exp': 1.0629462657398439, 'P_half': 5.076307782729897, 'pre_dampen_half': 552.4163637315892, 'gpp_af': 0.7539992074650279, 'gpp_b': 4.377856668016338e-05, 'gpp_d': 2.944272359149677, 'ign_k': 0.21006485619596416, 'ign_c': 15.221840161091626, 'trop_agb_crit': 1.0903028125370984, 'trop_k_veg': 3.1473758868965476}.
[I 2026-08-06 10:32:20,550] Trial 1070 finished with values: [10.613461013690278, 10.613461013690278] and parameters: {'k1': 0.008912611835817005, 'D_low': 4.484744524732794, 'k2': 0.0003432139136241583, 'D_high': 15351.441568398131, 'fire_exp': 1.1430983876313219, 'P_half': 220.3445560633069, 'pre_dampen_half': 502.5175192217655, 'gpp_af': 0.25562996323356024, 'gpp_b': 0.14577755664212386, 'gpp_d': 10.369565216756202, 'ign_k': 2.1368329072358767, 'ign_c': 1.391961287132517, 'trop_agb_crit': 1.0455434848969813, 'trop_k_veg': 2.194427136482602}.
[I 2026-08-06 10:32:21,646] Trial 1071 finished with values: [10.406681235039787, 10.406681235039787] and parameters: {'k1': 0.008912611835817005, 'D_low': 1835.641027683099, 'k2': 0.03538758864779238, 'D_high': 15351.441568398131, 'fire_exp': 1.1174086754605184, 'P_half': 140.74279366401683, 'pre_dampen_half': 552.4163637315892, 'gpp_af': 1.9706963379095486, 'gpp_b': 0.0021331409710300844, 'gpp_d': 202.69824187860777, 'ign_k': 2.9818972317055166, 'ign_c': 15.221840161091626, 'trop_agb_crit': 1.0903028125370984, 'trop_k_veg': 0.6673124511410327}.
[I 2026-08-06 10:32:22,742] Trial 1072 finished with values: [10.780900413669194, 10.780900413669194] and parameters: {'k1': 0.008912611835817005, 'D_low': 4.484744524732794, 'k2': 0.03538758864779238, 'D_high': 985.7545621889059, 'fire_exp': 1.3170256885255098, 'P_half': 5.076307782729897, 'pre_dampen_half': 552.4163637315892, 'gpp_af': 1.9706963379095486, 'gpp_b': 0.006906522645653115, 'gpp_d': 4.25060659305504, 'ign_k': 0.21006485619596416, 'ign_c': 4.2425976091860935, 'trop_agb_crit': 1.0903028125370984, 'trop_k_veg': 4.375785248100498}.
[I 2026-08-06 10:32:23,856] Trial 1073 finished with values: [-0.5420333190899058, 0.04034466595678765] and parameters: {'k1': 0.008912611835817005, 'D_low': 4.484744524732794, 'k2': 0.03538758864779238, 'D_high': 11832.967057468773, 'fire_exp': 1.0629462657398439, 'P_half': 140.74279366401683, 'pre_dampen_half': 63.6685916079943, 'gpp_af': 0.6403036652671171, 'gpp_b': 0.006906522645653115, 'gpp_d': 2.944272359149677, 'ign_k': 2.9818972317055166, 'ign_c': 15.221840161091626, 'trop_agb_crit': 1.0455434848969813, 'trop_k_veg': 4.375785248100498}.
[I 2026-08-06 10:32:24,956] Trial 1074 finished with values: [10.769230768838547, 10.769230768838547] and parameters: {'k1': 0.008912611835817005, 'D_low': 355.00125258511594, 'k2': 0.0003432139136241583, 'D_high': 3712.591045287726, 'fire_exp': 7.022865300833442, 'P_half': 4739.211978755633, 'pre_dampen_half': 552.4163637315892, 'gpp_af': 0.6403036652671171, 'gpp_b': 0.006906522645653115, 'gpp_d': 2.944272359149677, 'ign_k': 0.21006485619596416, 'ign_c': 15.221840161091626, 'trop_agb_crit': 1.0455434848969813, 'trop_k_veg': 2.194427136482602}.
[I 2026-08-06 10:32:26,049] Trial 1075 finished with values: [-0.5525344021687394, 0.04237416525284432] and parameters: {'k1': 0.008912611835817005, 'D_low': 355.00125258511594, 'k2': 0.03538758864779238, 'D_high': 11832.967057468773, 'fire_exp': 1.0629462657398439, 'P_half': 5.076307782729897, 'pre_dampen_half': 552.4163637315892, 'gpp_af': 0.6403036652671171, 'gpp_b': 0.006906522645653115, 'gpp_d': 16.460426816350523, 'ign_k': 3.589155871450839, 'ign_c': 15.221840161091626, 'trop_agb_crit': 1.0455434848969813, 'trop_k_veg': 2.194427136482602}.
[I 2026-08-06 10:32:27,138] Trial 1076 finished with values: [10.196556350189857, 10.196556350189857] and parameters: {'k1': 0.004312951023617458, 'D_low': 520.4862686958022, 'k2': 7.914423612155373e-05, 'D_high': 3712.591045287726, 'fire_exp': 1.0629462657398439, 'P_half': 5.076307782729897, 'pre_dampen_half': 502.5175192217655, 'gpp_af': 0.7539992074650279, 'gpp_b': 0.0021331409710300844, 'gpp_d': 2.944272359149677, 'ign_k': 0.0680787482656459, 'ign_c': 0.557280750002996, 'trop_agb_crit': 1.0903028125370984, 'trop_k_veg': 0.983473833513531}.
[I 2026-08-06 10:32:28,261] Trial 1077 finished with values: [10.768170034700109, 10.768170034700109] and parameters: {'k1': 0.008912611835817005, 'D_low': 34.459310919273356, 'k2': 0.03538758864779238, 'D_high': 3712.591045287726, 'fire_exp': 1.3170256885255098, 'P_half': 220.3445560633069, 'pre_dampen_half': 0.18247572627389955, 'gpp_af': 0.7539992074650279, 'gpp_b': 0.0021331409710300844, 'gpp_d': 2.944272359149677, 'ign_k': 3.589155871450839, 'ign_c': 15.221840161091626, 'trop_agb_crit': 1.0455434848969813, 'trop_k_veg': 3.1473758868965476}.
[I 2026-08-06 10:32:29,385] Trial 1078 finished with values: [10.211922682559882, 10.211922682559882] and parameters: {'k1': 0.008912611835817005, 'D_low': 4.484744524732794, 'k2': 8.923807143379776e-05, 'D_high': 21.947742689197344, 'fire_exp': 1.1263716762638152, 'P_half': 140.74279366401683, 'pre_dampen_half': 502.5175192217655, 'gpp_af': 1.9706963379095486, 'gpp_b': 0.0021331409710300844, 'gpp_d': 2.944272359149677, 'ign_k': 2.9818972317055166, 'ign_c': 15.221840161091626, 'trop_agb_crit': 1.0903028125370984, 'trop_k_veg': 2.194427136482602}.
[I 2026-08-06 10:32:30,481] Trial 1079 finished with values: [10.097766780867433, 10.097766780867433] and parameters: {'k1': 0.010475330041760883, 'D_low': 4.484744524732794, 'k2': 0.0003432139136241583, 'D_high': 5670.3463356272905, 'fire_exp': 1.1174086754605184, 'P_half': 220.3445560633069, 'pre_dampen_half': 552.4163637315892, 'gpp_af': 1.9706963379095486, 'gpp_b': 0.14577755664212386, 'gpp_d': 4.25060659305504, 'ign_k': 8.103949702339497, 'ign_c': 15.221840161091626, 'trop_agb_crit': 4.789307037039607, 'trop_k_veg': 4.167664671344212}.
[I 2026-08-06 10:32:31,576] Trial 1080 finished with values: [10.396828329410706, 10.396828329410706] and parameters: {'k1': 0.008912611835817005, 'D_low': 2333.4269612839603, 'k2': 0.0005161767747867287, 'D_high': 8182.111518618414, 'fire_exp': 1.1174086754605184, 'P_half': 5.076307782729897, 'pre_dampen_half': 63.6685916079943, 'gpp_af': 0.25562996323356024, 'gpp_b': 3.481277316673104e-05, 'gpp_d': 2.944272359149677, 'ign_k': 0.21006485619596416, 'ign_c': 11.400863701127316, 'trop_agb_crit': 1.0455434848969813, 'trop_k_veg': 2.194427136482602}.
[I 2026-08-06 10:32:32,691] Trial 1081 finished with values: [-0.5464083386262757, 0.07883513454339763] and parameters: {'k1': 0.008912611835817005, 'D_low': 4.484744524732794, 'k2': 0.03538758864779238, 'D_high': 3712.591045287726, 'fire_exp': 1.3170256885255098, 'P_half': 1.2432381951316052, 'pre_dampen_half': 63.6685916079943, 'gpp_af': 0.7539992074650279, 'gpp_b': 0.006906522645653115, 'gpp_d': 16.460426816350523, 'ign_k': 0.21006485619596416, 'ign_c': 15.221840161091626, 'trop_agb_crit': 1.0455434848969813, 'trop_k_veg': 4.375785248100498}.
[I 2026-08-06 10:32:33,821] Trial 1082 finished with values: [10.548770210344461, 10.548770210344461] and parameters: {'k1': 0.008912611835817005, 'D_low': 820.2811066259796, 'k2': 0.0003432139136241583, 'D_high': 15351.441568398131, 'fire_exp': 1.0629462657398439, 'P_half': 140.74279366401683, 'pre_dampen_half': 502.5175192217655, 'gpp_af': 0.25562996323356024, 'gpp_b': 0.14577755664212386, 'gpp_d': 10.369565216756202, 'ign_k': 2.9818972317055166, 'ign_c': 15.221840161091626, 'trop_agb_crit': 1.0455434848969813, 'trop_k_veg': 4.304333272300736}.
[I 2026-08-06 10:32:34,920] Trial 1083 finished with values: [10.292144866966137, 10.292144866966137] and parameters: {'k1': 0.008912611835817005, 'D_low': 355.00125258511594, 'k2': 5.52207197313581e-05, 'D_high': 985.7545621889059, 'fire_exp': 1.1174086754605184, 'P_half': 140.74279366401683, 'pre_dampen_half': 502.5175192217655, 'gpp_af': 1.9706963379095486, 'gpp_b': 0.0325181766809307, 'gpp_d': 2.944272359149677, 'ign_k': 8.103949702339497, 'ign_c': 11.400863701127316, 'trop_agb_crit': 1.0903028125370984, 'trop_k_veg': 0.6673124511410327}.
[I 2026-08-06 10:32:36,358] Trial 1084 finished with values: [-0.5601231643540464, 0.05608435799964839] and parameters: {'k1': 0.008912611835817005, 'D_low': 421.35422275955125, 'k2': 0.03538758864779238, 'D_high': 8182.111518618414, 'fire_exp': 1.1174086754605184, 'P_half': 220.3445560633069, 'pre_dampen_half': 63.6685916079943, 'gpp_af': 0.6403036652671171, 'gpp_b': 0.006906522645653115, 'gpp_d': 2.944272359149677, 'ign_k': 0.21006485619596416, 'ign_c': 0.5125250278169615, 'trop_agb_crit': 6.383676143682316, 'trop_k_veg': 3.1473758868965476}.
[I 2026-08-06 10:32:37,462] Trial 1085 finished with values: [-0.5891059518805161, 0.12676460304399506] and parameters: {'k1': 0.008912611835817005, 'D_low': 118.47646505012496, 'k2': 3.987273288095245e-05, 'D_high': 3712.591045287726, 'fire_exp': 1.0629462657398439, 'P_half': 1.2432381951316052, 'pre_dampen_half': 502.5175192217655, 'gpp_af': 24.725776073156705, 'gpp_b': 0.0021331409710300844, 'gpp_d': 16.460426816350523, 'ign_k': 2.9818972317055166, 'ign_c': 11.400863701127316, 'trop_agb_crit': 24.584290528289387, 'trop_k_veg': 0.983473833513531}.
[I 2026-08-06 10:32:38,590] Trial 1086 finished with values: [10.13580107526358, 10.13580107526358] and parameters: {'k1': 0.008912611835817005, 'D_low': 355.00125258511594, 'k2': 0.0027015957920129437, 'D_high': 15351.441568398131, 'fire_exp': 1.0629462657398439, 'P_half': 140.74279366401683, 'pre_dampen_half': 502.5175192217655, 'gpp_af': 83.82020094010382, 'gpp_b': 3.481277316673104e-05, 'gpp_d': 2.944272359149677, 'ign_k': 0.21006485619596416, 'ign_c': 15.221840161091626, 'trop_agb_crit': 1.0455434848969813, 'trop_k_veg': 6.725083898154698}.
[I 2026-08-06 10:32:39,715] Trial 1087 finished with values: [10.736682796042434, 10.736682796042434] and parameters: {'k1': 0.006642027816373391, 'D_low': 4.484744524732794, 'k2': 0.03538758864779238, 'D_high': 14.883152891273634, 'fire_exp': 1.0629462657398439, 'P_half': 140.74279366401683, 'pre_dampen_half': 552.4163637315892, 'gpp_af': 1.9706963379095486, 'gpp_b': 0.0021331409710300844, 'gpp_d': 16.460426816350523, 'ign_k': 2.9818972317055166, 'ign_c': 15.221840161091626, 'trop_agb_crit': 1.0903028125370984, 'trop_k_veg': 0.6673124511410327}.
[I 2026-08-06 10:32:40,780] Trial 1088 finished with values: [10.768403727557489, 10.768403727557489] and parameters: {'k1': 0.004312951023617458, 'D_low': 355.00125258511594, 'k2': 0.03538758864779238, 'D_high': 37954.79274251299, 'fire_exp': 1.3170256885255098, 'P_half': 5.076307782729897, 'pre_dampen_half': 0.06669205177379639, 'gpp_af': 0.6403036652671171, 'gpp_b': 0.006906522645653115, 'gpp_d': 2.944272359149677, 'ign_k': 0.1550134937334847, 'ign_c': 4.2425976091860935, 'trop_agb_crit': 1.0903028125370984, 'trop_k_veg': 4.375785248100498}.
[I 2026-08-06 10:32:41,855] Trial 1089 finished with values: [10.76922974657731, 10.76922974657731] and parameters: {'k1': 0.008912611835817005, 'D_low': 355.00125258511594, 'k2': 0.0001280298359290444, 'D_high': 33.64457865463594, 'fire_exp': 1.0629462657398439, 'P_half': 5.076307782729897, 'pre_dampen_half': 552.4163637315892, 'gpp_af': 1.9706963379095486, 'gpp_b': 0.0021331409710300844, 'gpp_d': 2.944272359149677, 'ign_k': 0.21006485619596416, 'ign_c': 80.15297379101396, 'trop_agb_crit': 24.584290528289387, 'trop_k_veg': 4.827048490046812}.
[I 2026-08-06 10:32:42,939] Trial 1090 finished with values: [10.76923076869509, 10.76923076869509] and parameters: {'k1': 7.145711288893928e-05, 'D_low': 355.00125258511594, 'k2': 7.914423612155373e-05, 'D_high': 3712.591045287726, 'fire_exp': 1.1174086754605184, 'P_half': 5.076307782729897, 'pre_dampen_half': 502.5175192217655, 'gpp_af': 0.33826998546858356, 'gpp_b': 0.0021331409710300844, 'gpp_d': 2.944272359149677, 'ign_k': 0.0680787482656459, 'ign_c': 230.5749441128578, 'trop_agb_crit': 1.0903028125370984, 'trop_k_veg': 0.983473833513531}.
[I 2026-08-06 10:32:44,037] Trial 1091 finished with values: [-0.5244558000092546, 0.05616849538319546] and parameters: {'k1': 0.004312951023617458, 'D_low': 4.484744524732794, 'k2': 0.008535052150482593, 'D_high': 5670.3463356272905, 'fire_exp': 1.1174086754605184, 'P_half': 220.3445560633069, 'pre_dampen_half': 502.5175192217655, 'gpp_af': 0.7539992074650279, 'gpp_b': 0.14577755664212386, 'gpp_d': 16.460426816350523, 'ign_k': 8.103949702339497, 'ign_c': 15.221840161091626, 'trop_agb_crit': 4.0899675251815735, 'trop_k_veg': 4.959351845635652}.
[I 2026-08-06 10:32:45,110] Trial 1092 finished with values: [10.719259579403573, 10.719259579403573] and parameters: {'k1': 0.008912611835817005, 'D_low': 355.00125258511594, 'k2': 8.923807143379776e-05, 'D_high': 21.947742689197344, 'fire_exp': 1.3170256885255098, 'P_half': 220.3445560633069, 'pre_dampen_half': 5.1426388628909985, 'gpp_af': 0.6403036652671171, 'gpp_b': 0.006906522645653115, 'gpp_d': 4.25060659305504, 'ign_k': 2.9818972317055166, 'ign_c': 0.70689749506246, 'trop_agb_crit': 19.3289574092866, 'trop_k_veg': 2.5693274401176227}.
[I 2026-08-06 10:32:46,204] Trial 1093 finished with values: [10.033747344918215, 10.033747344918215] and parameters: {'k1': 0.008912611835817005, 'D_low': 355.00125258511594, 'k2': 5.52207197313581e-05, 'D_high': 11832.967057468773, 'fire_exp': 1.3170256885255098, 'P_half': 5.076307782729897, 'pre_dampen_half': 502.5175192217655, 'gpp_af': 0.6403036652671171, 'gpp_b': 0.0021331409710300844, 'gpp_d': 2.944272359149677, 'ign_k': 0.21006485619596416, 'ign_c': 4.2425976091860935, 'trop_agb_crit': 1.0903028125370984, 'trop_k_veg': 0.6673124511410327}.
