[I 2026-06-10 21:27:07,864] Trial 592 finished with values: [10.775708692058934, 10.775708692058934] and parameters: {'k1': 0.017276056747028225, 'D_low': 171.2446447678494, 'k2': 0.0011135501184757278, 'D_high': 714.4571308652828, 'fire_exp': 1.2918065501148304, 'P_half': 9.580682294110435, 'pre_dampen_half': 4.603480758878793, 'gpp_af': 0.016306190741524337, 'gpp_b': 0.16285506249643175, 'gpp_d': 0.7923715993309053, 'ign_k': 3.6309591863459096, 'ign_c': 1.1698039424426816, 'trop_agb_crit': 2.0527418919564324, 'trop_k_veg': 2.520089655463604, 'fire_amp': 2.818314238665462}.
[I 2026-06-10 21:27:09,734] Trial 593 finished with values: [-0.4395795675902475, 0.07020061665126653] and parameters: {'k1': 0.012840669372724958, 'D_low': 171.2446447678494, 'k2': 2.316457903103837e-05, 'D_high': 42210.21267871043, 'fire_exp': 1.2918065501148304, 'P_half': 9.580682294110435, 'pre_dampen_half': 4.603480758878793, 'gpp_af': 27.448645214004376, 'gpp_b': 0.00047819318414852577, 'gpp_d': 0.7698760608299932, 'ign_k': 0.02779045054796808, 'ign_c': 1.9423015749984096, 'trop_agb_crit': 2.0527418919564324, 'trop_k_veg': 2.520089655463604, 'fire_amp': 1.2393473789150806}.
[I 2026-06-10 21:27:11,905] Trial 594 finished with values: [14.155986897097435, 14.155986897097435] and parameters: {'k1': 0.00026539376439360527, 'D_low': 1739.6167422846984, 'k2': 0.0011135501184757278, 'D_high': 69868.4759244566, 'fire_exp': 1.2918065501148304, 'P_half': 61.6097529474144, 'pre_dampen_half': 30.456909077772018, 'gpp_af': 0.016306190741524337, 'gpp_b': 0.006999112505425414, 'gpp_d': 47.35384181058586, 'ign_k': 0.004105873950290761, 'ign_c': 0.6960633318526378, 'trop_agb_crit': 2.0527418919564324, 'trop_k_veg': 2.724170387400844, 'fire_amp': 5.44779717154213}.
[I 2026-06-10 21:27:13,891] Trial 595 finished with values: [10.316777026099288, 10.316777026099288] and parameters: {'k1': 0.05705198955850472, 'D_low': 1739.6167422846984, 'k2': 4.933751600448335e-05, 'D_high': 42.242359735170886, 'fire_exp': 1.7792742686803427, 'P_half': 157.3644610977214, 'pre_dampen_half': 98.05638874011484, 'gpp_af': 1.7775411110039254, 'gpp_b': 0.16285506249643175, 'gpp_d': 95.2715755007094, 'ign_k': 3.6309591863459096, 'ign_c': 2.2489542843914485, 'trop_agb_crit': 8.0091368834625, 'trop_k_veg': 0.6488368931910606, 'fire_amp': 2.818314238665462}.
[I 2026-06-10 21:27:15,616] Trial 596 finished with values: [11.547366506742447, 11.547366506742447] and parameters: {'k1': 0.017276056747028225, 'D_low': 50.32059347286801, 'k2': 0.02939607009739149, 'D_high': 44974.07193749848, 'fire_exp': 1.2918065501148304, 'P_half': 2.226799690893868, 'pre_dampen_half': 4.603480758878793, 'gpp_af': 1.7775411110039254, 'gpp_b': 0.16285506249643175, 'gpp_d': 95.2715755007094, 'ign_k': 0.0032383308053152635, 'ign_c': 1.1698039424426816, 'trop_agb_crit': 3.5874145253515306, 'trop_k_veg': 0.5183533149347164, 'fire_amp': 2.818314238665462}.
[I 2026-06-10 21:27:17,412] Trial 597 finished with values: [11.17390442680288, 11.17390442680288] and parameters: {'k1': 0.028401063201780267, 'D_low': 1074.940539517341, 'k2': 4.933751600448335e-05, 'D_high': 42.242359735170886, 'fire_exp': 1.633445707733642, 'P_half': 61.6097529474144, 'pre_dampen_half': 98.05638874011484, 'gpp_af': 1.7775411110039254, 'gpp_b': 0.006999112505425414, 'gpp_d': 0.7698760608299932, 'ign_k': 0.09256855841989636, 'ign_c': 1.1698039424426816, 'trop_agb_crit': 8.0091368834625, 'trop_k_veg': 1.6003641872536711, 'fire_amp': 4.2446263054164195}.
[I 2026-06-10 21:27:19,227] Trial 598 finished with values: [10.848913469340657, 10.848913469340657] and parameters: {'k1': 0.012840669372724958, 'D_low': 1074.940539517341, 'k2': 1.1417577140741129e-05, 'D_high': 29.126651668813768, 'fire_exp': 1.2918065501148304, 'P_half': 9.580682294110435, 'pre_dampen_half': 4.603480758878793, 'gpp_af': 1.3954498518315706, 'gpp_b': 0.00047819318414852577, 'gpp_d': 0.7698760608299932, 'ign_k': 0.09256855841989636, 'ign_c': 7.832259769732471, 'trop_agb_crit': 2.0527418919564324, 'trop_k_veg': 2.520089655463604, 'fire_amp': 4.2446263054164195}.
[I 2026-06-10 21:27:21,151] Trial 599 finished with values: [13.3040803751175, 13.3040803751175] and parameters: {'k1': 9.293516267059069e-05, 'D_low': 1739.6167422846984, 'k2': 0.00037358626308127543, 'D_high': 44974.07193749848, 'fire_exp': 1.6901885781909627, 'P_half': 101.40635645866499, 'pre_dampen_half': 98.05638874011484, 'gpp_af': 20.12115544906385, 'gpp_b': 0.015062722325200045, 'gpp_d': 95.2715755007094, 'ign_k': 0.17320535908244444, 'ign_c': 14.709699119495124, 'trop_agb_crit': 3.5874145253515306, 'trop_k_veg': 5.453348988480011, 'fire_amp': 2.818314238665462}.
[I 2026-06-10 21:27:23,558] Trial 600 finished with values: [12.215672895223715, 12.215672895223715] and parameters: {'k1': 0.016973078532467004, 'D_low': 1739.6167422846984, 'k2': 0.02939607009739149, 'D_high': 8912.611835817017, 'fire_exp': 1.6901885781909627, 'P_half': 101.40635645866499, 'pre_dampen_half': 98.05638874011484, 'gpp_af': 0.3939208112794227, 'gpp_b': 0.015062722325200045, 'gpp_d': 95.2715755007094, 'ign_k': 3.6309591863459096, 'ign_c': 1.1698039424426816, 'trop_agb_crit': 3.5874145253515306, 'trop_k_veg': 0.6488368931910606, 'fire_amp': 2.818314238665462}.
[I 2026-06-10 21:27:25,286] Trial 601 finished with values: [10.57154988083285, 10.57154988083285] and parameters: {'k1': 0.012840669372724958, 'D_low': 408.3047491580097, 'k2': 4.933751600448335e-05, 'D_high': 42.242359735170886, 'fire_exp': 1.7792742686803427, 'P_half': 157.3644610977214, 'pre_dampen_half': 37.40930273158252, 'gpp_af': 3.298293484806585, 'gpp_b': 0.002416023630607169, 'gpp_d': 0.7698760608299932, 'ign_k': 0.8945150807271531, 'ign_c': 16.497426799845446, 'trop_agb_crit': 5.335241529707116, 'trop_k_veg': 1.6648666152166967, 'fire_amp': 1.1655705619308396}.
[I 2026-06-10 21:27:27,107] Trial 602 finished with values: [10.65735840026373, 10.65735840026373] and parameters: {'k1': 0.006079905434073396, 'D_low': 43.2326421037033, 'k2': 0.0008255198309657572, 'D_high': 42.242359735170886, 'fire_exp': 1.7792742686803427, 'P_half': 157.3644610977214, 'pre_dampen_half': 37.40930273158252, 'gpp_af': 1.9998014714101113, 'gpp_b': 0.00047819318414852577, 'gpp_d': 0.7698760608299932, 'ign_k': 0.0012663923057989628, 'ign_c': 16.497426799845446, 'trop_agb_crit': 3.1920112940578624, 'trop_k_veg': 2.520089655463604, 'fire_amp': 1.2393473789150806}.
[I 2026-06-10 21:27:29,008] Trial 603 finished with values: [10.826290723118062, 10.826290723118062] and parameters: {'k1': 0.012840669372724958, 'D_low': 1739.6167422846984, 'k2': 0.0011135501184757278, 'D_high': 44974.07193749848, 'fire_exp': 3.2459542834651627, 'P_half': 101.40635645866499, 'pre_dampen_half': 4.603480758878793, 'gpp_af': 1.7775411110039254, 'gpp_b': 0.16285506249643175, 'gpp_d': 95.2715755007094, 'ign_k': 0.0029519227433917453, 'ign_c': 1.9423015749984096, 'trop_agb_crit': 3.5874145253515306, 'trop_k_veg': 2.520089655463604, 'fire_amp': 1.2393473789150806}.
[I 2026-06-10 21:27:30,809] Trial 604 finished with values: [10.898575605741705, 10.898575605741705] and parameters: {'k1': 0.012840669372724958, 'D_low': 24.28756508761176, 'k2': 1.1417577140741129e-05, 'D_high': 8912.611835817017, 'fire_exp': 1.633445707733642, 'P_half': 9.580682294110435, 'pre_dampen_half': 189.36639872354493, 'gpp_af': 20.12115544906385, 'gpp_b': 0.002416023630607169, 'gpp_d': 0.7961191926812561, 'ign_k': 0.17320535908244444, 'ign_c': 14.709699119495124, 'trop_agb_crit': 24.199763404822136, 'trop_k_veg': 1.6648666152166967, 'fire_amp': 2.0433579207802377}.
[I 2026-06-10 21:27:32,604] Trial 605 finished with values: [10.804255307500373, 10.804255307500373] and parameters: {'k1': 0.006079905434073396, 'D_low': 37.13474360443033, 'k2': 1.1417577140741129e-05, 'D_high': 42.242359735170886, 'fire_exp': 3.803403214687732, 'P_half': 157.3644610977214, 'pre_dampen_half': 37.40930273158252, 'gpp_af': 1.9654778690222015, 'gpp_b': 0.00047819318414852577, 'gpp_d': 20.81401325574021, 'ign_k': 0.02779045054796808, 'ign_c': 3.4321391362415827, 'trop_agb_crit': 24.199763404822136, 'trop_k_veg': 6.778288138489648, 'fire_amp': 2.6014979556220936}.
[I 2026-06-10 21:27:34,454] Trial 606 finished with values: [11.148824837977228, 11.148824837977228] and parameters: {'k1': 0.012840669372724958, 'D_low': 270.15957920129443, 'k2': 8.968733598183248e-05, 'D_high': 24.9899605789089, 'fire_exp': 1.2918065501148304, 'P_half': 9.580682294110435, 'pre_dampen_half': 189.88136301569827, 'gpp_af': 0.016306190741524337, 'gpp_b': 0.0004125336560355494, 'gpp_d': 21.899070557043984, 'ign_k': 0.00660597889201953, 'ign_c': 1.4879588507789996, 'trop_agb_crit': 2.0527418919564324, 'trop_k_veg': 0.5183533149347164, 'fire_amp': 1.1655705619308396}.
[I 2026-06-10 21:27:36,392] Trial 607 finished with values: [10.83069327930125, 10.83069327930125] and parameters: {'k1': 0.012840669372724958, 'D_low': 1074.940539517341, 'k2': 8.968733598183248e-05, 'D_high': 315.101491238403, 'fire_exp': 5.8194676931800995, 'P_half': 61.6097529474144, 'pre_dampen_half': 10.931606102061748, 'gpp_af': 11.612579322936512, 'gpp_b': 9.497440085397415e-05, 'gpp_d': 0.1619054449471649, 'ign_k': 0.8945150807271531, 'ign_c': 1.4879588507789996, 'trop_agb_crit': 21.086120736447015, 'trop_k_veg': 3.6616459585256997, 'fire_amp': 5.540410692872822}.
[I 2026-06-10 21:27:38,161] Trial 608 finished with values: [-0.5201390527685245, 0.038717124073776144] and parameters: {'k1': 0.00026539376439360527, 'D_low': 1074.940539517341, 'k2': 1.1417577140741129e-05, 'D_high': 29.126651668813768, 'fire_exp': 1.9783727454920947, 'P_half': 1.4551749476072258, 'pre_dampen_half': 30.456909077772018, 'gpp_af': 1.3954498518315706, 'gpp_b': 0.006999112505425414, 'gpp_d': 47.35384181058586, 'ign_k': 0.09256855841989636, 'ign_c': 7.832259769732471, 'trop_agb_crit': 1.8023542850487386, 'trop_k_veg': 1.6648666152166967, 'fire_amp': 4.2446263054164195}.
[I 2026-06-10 21:27:39,917] Trial 609 finished with values: [10.055854632524772, 10.055854632524772] and parameters: {'k1': 0.012840669372724958, 'D_low': 408.3047491580097, 'k2': 4.933751600448335e-05, 'D_high': 29.126651668813768, 'fire_exp': 1.633445707733642, 'P_half': 157.3644610977214, 'pre_dampen_half': 189.36639872354493, 'gpp_af': 3.298293484806585, 'gpp_b': 0.002416023630607169, 'gpp_d': 0.7698760608299932, 'ign_k': 0.00660597889201953, 'ign_c': 7.832259769732471, 'trop_agb_crit': 2.1989086830950257, 'trop_k_veg': 1.6003641872536711, 'fire_amp': 1.5587346124822492}.
[I 2026-06-10 21:27:41,804] Trial 610 finished with values: [-0.4272626276676456, 0.04691334833133243] and parameters: {'k1': 0.012840669372724958, 'D_low': 408.3047491580097, 'k2': 1.1417577140741129e-05, 'D_high': 29.126651668813768, 'fire_exp': 1.633445707733642, 'P_half': 9.580682294110435, 'pre_dampen_half': 189.36639872354493, 'gpp_af': 3.298293484806585, 'gpp_b': 0.002416023630607169, 'gpp_d': 0.7698760608299932, 'ign_k': 0.00660597889201953, 'ign_c': 7.832259769732471, 'trop_agb_crit': 3.5874145253515306, 'trop_k_veg': 0.6488368931910606, 'fire_amp': 1.1655705619308396}.
[I 2026-06-10 21:27:43,974] Trial 611 finished with values: [25.850182159482635, 25.850182159482635] and parameters: {'k1': 0.00026539376439360527, 'D_low': 1739.6167422846984, 'k2': 0.01567230746060024, 'D_high': 44974.07193749848, 'fire_exp': 1.9783727454920947, 'P_half': 1.4551749476072258, 'pre_dampen_half': 98.05638874011484, 'gpp_af': 1.3954498518315706, 'gpp_b': 1.2864576564815137e-05, 'gpp_d': 47.35384181058586, 'ign_k': 0.09256855841989636, 'ign_c': 2.2489542843914485, 'trop_agb_crit': 3.5874145253515306, 'trop_k_veg': 0.6488368931910606, 'fire_amp': 4.2446263054164195}.
[I 2026-06-10 21:27:45,726] Trial 612 finished with values: [10.585680063741332, 10.585680063741332] and parameters: {'k1': 0.003968136435370146, 'D_low': 1074.940539517341, 'k2': 4.933751600448335e-05, 'D_high': 315.101491238403, 'fire_exp': 1.7792742686803427, 'P_half': 157.3644610977214, 'pre_dampen_half': 10.931606102061748, 'gpp_af': 0.009525547092124444, 'gpp_b': 9.497440085397415e-05, 'gpp_d': 594.7389794988394, 'ign_k': 0.8945150807271531, 'ign_c': 0.13577269394141456, 'trop_agb_crit': 8.0091368834625, 'trop_k_veg': 1.6648666152166967, 'fire_amp': 1.5587346124822492}.
[I 2026-06-10 21:27:47,505] Trial 613 finished with values: [10.658739893400949, 10.658739893400949] and parameters: {'k1': 0.016973078532467004, 'D_low': 171.2446447678494, 'k2': 2.316457903103837e-05, 'D_high': 42210.21267871043, 'fire_exp': 3.150954985759691, 'P_half': 10.94496366796197, 'pre_dampen_half': 4.603480758878793, 'gpp_af': 27.448645214004376, 'gpp_b': 0.00047819318414852577, 'gpp_d': 1.4397852866783676, 'ign_k': 0.13500744867919376, 'ign_c': 0.10721400017185365, 'trop_agb_crit': 1.5033346993841157, 'trop_k_veg': 2.520089655463604, 'fire_amp': 1.1655705619308396}.
[I 2026-06-10 21:27:49,314] Trial 614 finished with values: [10.121751035491664, 10.121751035491664] and parameters: {'k1': 0.012840669372724958, 'D_low': 408.3047491580097, 'k2': 8.968733598183248e-05, 'D_high': 42.242359735170886, 'fire_exp': 1.111738490499784, 'P_half': 9.580682294110435, 'pre_dampen_half': 37.40930273158252, 'gpp_af': 3.298293484806585, 'gpp_b': 0.002416023630607169, 'gpp_d': 0.030844007727232167, 'ign_k': 0.002357279455676982, 'ign_c': 0.17036120617148395, 'trop_agb_crit': 21.086120736447015, 'trop_k_veg': 0.6363741063482814, 'fire_amp': 1.1655705619308396}.
[I 2026-06-10 21:27:51,105] Trial 615 finished with values: [26.374482259688033, 26.374482259688033] and parameters: {'k1': 0.003968136435370146, 'D_low': 1074.940539517341, 'k2': 0.02939607009739149, 'D_high': 44974.07193749848, 'fire_exp': 1.4690410989404576, 'P_half': 101.40635645866499, 'pre_dampen_half': 98.05638874011484, 'gpp_af': 1.7775411110039254, 'gpp_b': 9.497440085397415e-05, 'gpp_d': 17.273230592904202, 'ign_k': 3.909508806930522, 'ign_c': 1.1698039424426816, 'trop_agb_crit': 3.5874145253515306, 'trop_k_veg': 0.6488368931910606, 'fire_amp': 2.804180410489304}.
[I 2026-06-10 21:27:53,266] Trial 616 finished with values: [10.246235940535284, 10.246235940535284] and parameters: {'k1': 0.017276056747028225, 'D_low': 1739.6167422846984, 'k2': 1.1417577140741129e-05, 'D_high': 29.126651668813768, 'fire_exp': 1.9783727454920947, 'P_half': 1.4551749476072258, 'pre_dampen_half': 30.456909077772018, 'gpp_af': 1.3954498518315706, 'gpp_b': 0.006999112505425414, 'gpp_d': 47.35384181058586, 'ign_k': 3.6309591863459096, 'ign_c': 1.9423015749984096, 'trop_agb_crit': 3.5874145253515306, 'trop_k_veg': 1.6648666152166967, 'fire_amp': 1.2393473789150806}.
[I 2026-06-10 21:27:55,039] Trial 617 finished with values: [10.822192427356567, 10.822192427356567] and parameters: {'k1': 0.012840669372724958, 'D_low': 1.4002277211577039, 'k2': 0.0010726091927327822, 'D_high': 42.242359735170886, 'fire_exp': 1.7517910233753213, 'P_half': 5106.674528526557, 'pre_dampen_half': 28.01075698398644, 'gpp_af': 21.94636142065287, 'gpp_b': 0.004411400434514031, 'gpp_d': 1.0088237648985734, 'ign_k': 0.17320535908244444, 'ign_c': 0.1611736893633666, 'trop_agb_crit': 1.8566494291193822, 'trop_k_veg': 2.520089655463604, 'fire_amp': 5.44779717154213}.
[I 2026-06-10 21:27:56,850] Trial 618 finished with values: [10.390679660369413, 10.390679660369413] and parameters: {'k1': 0.006079905434073396, 'D_low': 1079.0778643024298, 'k2': 1.1417577140741129e-05, 'D_high': 42210.21267871043, 'fire_exp': 1.7792742686803427, 'P_half': 61.6097529474144, 'pre_dampen_half': 16.009350908593582, 'gpp_af': 1.7775411110039254, 'gpp_b': 0.0004125336560355494, 'gpp_d': 47.35384181058586, 'ign_k': 0.0017420858817889426, 'ign_c': 7.832259769732471, 'trop_agb_crit': 2.0527418919564324, 'trop_k_veg': 6.172643383211297, 'fire_amp': 4.2446263054164195}.
[I 2026-06-10 21:27:58,632] Trial 619 finished with values: [10.668632497057922, 10.668632497057922] and parameters: {'k1': 0.016973078532467004, 'D_low': 24.28756508761176, 'k2': 8.968733598183248e-05, 'D_high': 8912.611835817017, 'fire_exp': 1.6901885781909627, 'P_half': 101.40635645866499, 'pre_dampen_half': 1.8469033699850426, 'gpp_af': 3.298293484806585, 'gpp_b': 0.015062722325200045, 'gpp_d': 95.2715755007094, 'ign_k': 0.00660597889201953, 'ign_c': 7.832259769732471, 'trop_agb_crit': 21.086120736447015, 'trop_k_veg': 0.6488368931910606, 'fire_amp': 1.1655705619308396}.
[I 2026-06-10 21:28:00,407] Trial 620 finished with values: [10.461460535455569, 10.461460535455569] and parameters: {'k1': 0.017276056747028225, 'D_low': 171.2446447678494, 'k2': 2.316457903103837e-05, 'D_high': 42210.21267871043, 'fire_exp': 3.2459542834651627, 'P_half': 9.580682294110435, 'pre_dampen_half': 98.05638874011484, 'gpp_af': 27.448645214004376, 'gpp_b': 0.16285506249643175, 'gpp_d': 95.2715755007094, 'ign_k': 0.02779045054796808, 'ign_c': 1.1698039424426816, 'trop_agb_crit': 3.5874145253515306, 'trop_k_veg': 2.520089655463604, 'fire_amp': 1.2393473789150806}.
[I 2026-06-10 21:28:02,214] Trial 621 finished with values: [10.079066667788124, 10.079066667788124] and parameters: {'k1': 0.0001969885015387913, 'D_low': 408.3047491580097, 'k2': 1.1417577140741129e-05, 'D_high': 29.126651668813768, 'fire_exp': 1.633445707733642, 'P_half': 9.580682294110435, 'pre_dampen_half': 3.970724383334912, 'gpp_af': 20.12115544906385, 'gpp_b': 0.0010520080391520565, 'gpp_d': 0.7698760608299932, 'ign_k': 0.8945150807271531, 'ign_c': 14.709699119495124, 'trop_agb_crit': 2.1989086830950257, 'trop_k_veg': 5.453348988480011, 'fire_amp': 5.416595007374148}.
[I 2026-06-10 21:28:04,409] Trial 622 finished with values: [10.088533726977477, 10.088533726977477] and parameters: {'k1': 0.006079905434073396, 'D_low': 43.2326421037033, 'k2': 1.1417577140741129e-05, 'D_high': 29.126651668813768, 'fire_exp': 1.4690410989404576, 'P_half': 12.262543158860007, 'pre_dampen_half': 903.3231300044874, 'gpp_af': 3.298293484806585, 'gpp_b': 0.007579368252801536, 'gpp_d': 0.030844007727232167, 'ign_k': 0.8945150807271531, 'ign_c': 7.832259769732471, 'trop_agb_crit': 2.1989086830950257, 'trop_k_veg': 1.6648666152166967, 'fire_amp': 2.042193818779288}.
[I 2026-06-10 21:28:06,206] Trial 623 finished with values: [-0.43034299826391587, 0.02989517059924085] and parameters: {'k1': 0.016973078532467004, 'D_low': 24.28756508761176, 'k2': 0.0002442377596403892, 'D_high': 8912.611835817017, 'fire_exp': 1.6901885781909627, 'P_half': 51.10120656497163, 'pre_dampen_half': 1.8469033699850426, 'gpp_af': 20.12115544906385, 'gpp_b': 0.015062722325200045, 'gpp_d': 20.81401325574021, 'ign_k': 0.17320535908244444, 'ign_c': 14.709699119495124, 'trop_agb_crit': 24.199763404822136, 'trop_k_veg': 5.453348988480011, 'fire_amp': 5.416595007374148}.
[I 2026-06-10 21:28:08,035] Trial 624 finished with values: [11.765567946582367, 11.765567946582367] and parameters: {'k1': 0.05466937478766084, 'D_low': 24.28756508761176, 'k2': 0.02939607009739149, 'D_high': 8912.611835817017, 'fire_exp': 3.2459542834651627, 'P_half': 51.10120656497163, 'pre_dampen_half': 98.05638874011484, 'gpp_af': 0.05729456628445246, 'gpp_b': 0.05719024141066792, 'gpp_d': 20.81401325574021, 'ign_k': 3.6309591863459096, 'ign_c': 14.709699119495124, 'trop_agb_crit': 3.5874145253515306, 'trop_k_veg': 0.6488368931910606, 'fire_amp': 5.416595007374148}.
[I 2026-06-10 21:28:09,870] Trial 625 finished with values: [10.19085745055987, 10.19085745055987] and parameters: {'k1': 9.293516267059069e-05, 'D_low': 2.5449737887285035, 'k2': 2.316457903103837e-05, 'D_high': 8912.611835817017, 'fire_exp': 1.6901885781909627, 'P_half': 93.43302657318476, 'pre_dampen_half': 857.6556763881457, 'gpp_af': 20.12115544906385, 'gpp_b': 0.015062722325200045, 'gpp_d': 0.7698760608299932, 'ign_k': 0.17320535908244444, 'ign_c': 14.709699119495124, 'trop_agb_crit': 2.0527418919564324, 'trop_k_veg': 5.453348988480011, 'fire_amp': 5.606809127618709}.
[I 2026-06-10 21:28:11,650] Trial 626 finished with values: [-0.5612887608446592, 0.0332866123538349] and parameters: {'k1': 0.0008779848797373387, 'D_low': 171.2446447678494, 'k2': 0.0011135501184757278, 'D_high': 42210.21267871043, 'fire_exp': 1.2918065501148304, 'P_half': 61.6097529474144, 'pre_dampen_half': 4.603480758878793, 'gpp_af': 0.016306190741524337, 'gpp_b': 0.0004125336560355494, 'gpp_d': 0.7698760608299932, 'ign_k': 0.00660597889201953, 'ign_c': 2.226297338331262, 'trop_agb_crit': 21.086120736447015, 'trop_k_veg': 2.520089655463604, 'fire_amp': 1.2393473789150806}.
[I 2026-06-10 21:28:13,391] Trial 627 finished with values: [14.461441107213748, 14.461441107213748] and parameters: {'k1': 0.006079905434073396, 'D_low': 43.2326421037033, 'k2': 1.1417577140741129e-05, 'D_high': 27.55546207779663, 'fire_exp': 1.7792742686803427, 'P_half': 277.00025557434554, 'pre_dampen_half': 903.3231300044874, 'gpp_af': 0.8057329182285734, 'gpp_b': 0.00047819318414852577, 'gpp_d': 9.761125443110442, 'ign_k': 0.8945150807271531, 'ign_c': 0.1611736893633666, 'trop_agb_crit': 3.1419938725278875, 'trop_k_veg': 0.5667990147757791, 'fire_amp': 1.7912500010961188}.
[I 2026-06-10 21:28:15,220] Trial 628 finished with values: [10.938835743309324, 10.938835743309324] and parameters: {'k1': 0.016973078532467004, 'D_low': 43.03411264066069, 'k2': 4.933751600448335e-05, 'D_high': 42.242359735170886, 'fire_exp': 1.111738490499784, 'P_half': 157.3644610977214, 'pre_dampen_half': 189.36639872354493, 'gpp_af': 0.8057329182285734, 'gpp_b': 2.3386439256208704, 'gpp_d': 9.761125443110442, 'ign_k': 0.8945150807271531, 'ign_c': 0.1611736893633666, 'trop_agb_crit': 24.199763404822136, 'trop_k_veg': 0.5667990147757791, 'fire_amp': 1.5587346124822492}.
