[I 2026-08-06 00:18:13,099] Trial 705 finished with values: [-0.5203245002747173, 0.17246805768319295] and parameters: {'k1': 0.00012105387404469581, 'D_low': 540.7445028694731, 'k2': 3.5917714215176105e-05, 'D_high': 3660.150802571655, 'fire_exp': 1.1404778529537094, 'P_half': 22.4895428439145, 'pre_dampen_half': 36.876350096203005, 'gpp_af': 1.6595781802652418, 'gpp_b': 8.539677611488478e-05, 'gpp_d': 8.144272585223819, 'ign_k': 0.019192001101561888, 'ign_c': 9.743142535650213}.
[I 2026-08-06 00:18:14,068] Trial 706 finished with values: [10.70365027293438, 10.70365027293438] and parameters: {'k1': 0.025383218374507292, 'D_low': 125.32726386250698, 'k2': 0.0029606628946299667, 'D_high': 75773.14388518519, 'fire_exp': 1.1044852285094786, 'P_half': 2989.6471756156616, 'pre_dampen_half': 1.6130673726933187, 'gpp_af': 0.0025511964576171086, 'gpp_b': 3.228689523591491e-05, 'gpp_d': 368.30088529547436, 'ign_k': 0.03141110271934876, 'ign_c': 47.268615251255675}.
[I 2026-08-06 00:18:15,034] Trial 707 finished with values: [10.690625310237312, 10.690625310237312] and parameters: {'k1': 0.021368329072358756, 'D_low': 7.068974950624602, 'k2': 1.1184534120760473e-05, 'D_high': 75773.14388518519, 'fire_exp': 1.5201277403788451, 'P_half': 408.3047491580097, 'pre_dampen_half': 36.876350096203005, 'gpp_af': 0.0025511964576171086, 'gpp_b': 0.011750724729953272, 'gpp_d': 5.878566318396007, 'ign_k': 0.0026834162496848666, 'ign_c': 2.92043384718141}.
[I 2026-08-06 00:18:16,156] Trial 708 finished with values: [10.011427381918837, 10.011427381918837] and parameters: {'k1': 0.00012105387404469581, 'D_low': 351.3346616869279, 'k2': 3.5917714215176105e-05, 'D_high': 3660.150802571655, 'fire_exp': 1.5201277403788451, 'P_half': 22.4895428439145, 'pre_dampen_half': 304.7488318185732, 'gpp_af': 1.6595781802652418, 'gpp_b': 8.539677611488478e-05, 'gpp_d': 7.129330255115469, 'ign_k': 0.03141110271934876, 'ign_c': 2.41842279584716}.
[I 2026-08-06 00:18:17,152] Trial 709 finished with values: [11.807996306407597, 11.807996306407597] and parameters: {'k1': 0.021368329072358756, 'D_low': 7.068974950624602, 'k2': 1.3229646467088637e-05, 'D_high': 75773.14388518519, 'fire_exp': 1.5201277403788451, 'P_half': 408.3047491580097, 'pre_dampen_half': 304.7488318185732, 'gpp_af': 1.6595781802652418, 'gpp_b': 0.011750724729953272, 'gpp_d': 39.827466658711515, 'ign_k': 5.294132201721568, 'ign_c': 14.810800730363484}.
[I 2026-08-06 00:18:18,116] Trial 710 finished with values: [10.171355637144673, 10.171355637144673] and parameters: {'k1': 0.0017320535908244437, 'D_low': 1.54121727098019, 'k2': 1.1184534120760473e-05, 'D_high': 8182.111518618414, 'fire_exp': 1.1044852285094786, 'P_half': 125.61043700013555, 'pre_dampen_half': 304.7488318185732, 'gpp_af': 0.028585493941961918, 'gpp_b': 0.011750724729953272, 'gpp_d': 5.878566318396007, 'ign_k': 0.005877005203443299, 'ign_c': 57.29371773569626}.
[I 2026-08-06 00:18:19,110] Trial 711 finished with values: [11.003673387666858, 11.003673387666858] and parameters: {'k1': 0.0017320535908244437, 'D_low': 532.1216007763549, 'k2': 0.0010204225357677778, 'D_high': 75773.14388518519, 'fire_exp': 1.5201277403788451, 'P_half': 22.4895428439145, 'pre_dampen_half': 304.7488318185732, 'gpp_af': 0.0025511964576171086, 'gpp_b': 8.539677611488478e-05, 'gpp_d': 150.14555442537656, 'ign_k': 0.09071933427331372, 'ign_c': 14.810800730363484}.
[I 2026-08-06 00:18:20,090] Trial 712 finished with values: [10.364388117286374, 10.364388117286374] and parameters: {'k1': 0.002971796631657383, 'D_low': 7.068974950624602, 'k2': 0.006138509947844854, 'D_high': 75773.14388518519, 'fire_exp': 1.4665043946307825, 'P_half': 14.94057723907974, 'pre_dampen_half': 1.6130673726933187, 'gpp_af': 2.4130533782812034, 'gpp_b': 8.539677611488478e-05, 'gpp_d': 4.5768578731086835, 'ign_k': 0.11101191524846071, 'ign_c': 6.160975294741436}.
[I 2026-08-06 00:18:21,070] Trial 713 finished with values: [11.18865699980601, 11.18865699980601] and parameters: {'k1': 7.289548160413637e-05, 'D_low': 1112.9571947046009, 'k2': 0.0010204225357677778, 'D_high': 29456.2056920274, 'fire_exp': 1.5201277403788451, 'P_half': 2.157758652553991, 'pre_dampen_half': 76.86605275420082, 'gpp_af': 0.0025511964576171086, 'gpp_b': 8.539677611488478e-05, 'gpp_d': 668.5510162938966, 'ign_k': 0.4320578308497379, 'ign_c': 9.34330265731847}.
[I 2026-08-06 00:18:22,114] Trial 714 finished with values: [11.047199401115538, 11.047199401115538] and parameters: {'k1': 0.0003762336385269675, 'D_low': 1.54121727098019, 'k2': 0.006138509947844854, 'D_high': 75773.14388518519, 'fire_exp': 1.5201277403788451, 'P_half': 125.61043700013555, 'pre_dampen_half': 304.7488318185732, 'gpp_af': 0.0025511964576171086, 'gpp_b': 8.539677611488478e-05, 'gpp_d': 3.7504792727317837, 'ign_k': 0.019192001101561888, 'ign_c': 2.92043384718141}.
[I 2026-08-06 00:18:23,094] Trial 715 finished with values: [10.760824551016743, 10.760824551016743] and parameters: {'k1': 0.0040265389838192705, 'D_low': 2.1234210963705626, 'k2': 0.0010204225357677778, 'D_high': 21.208987108343724, 'fire_exp': 1.2781829800753024, 'P_half': 408.3047491580097, 'pre_dampen_half': 33.9790424311127, 'gpp_af': 0.0025511964576171086, 'gpp_b': 0.08852620105022933, 'gpp_d': 668.5510162938966, 'ign_k': 0.09071933427331372, 'ign_c': 19.19168994439752}.
[I 2026-08-06 00:18:24,107] Trial 716 finished with values: [10.76922881753118, 10.76922881753118] and parameters: {'k1': 0.00012105387404469581, 'D_low': 351.3346616869279, 'k2': 3.5917714215176105e-05, 'D_high': 3660.150802571655, 'fire_exp': 9.986509644667628, 'P_half': 24.136213194527585, 'pre_dampen_half': 33.9790424311127, 'gpp_af': 0.0017420483089176104, 'gpp_b': 8.539677611488478e-05, 'gpp_d': 8.144272585223819, 'ign_k': 8.103949702339497, 'ign_c': 2.41842279584716}.
[I 2026-08-06 00:18:25,087] Trial 717 finished with values: [10.767808658957097, 10.767808658957097] and parameters: {'k1': 0.0017320535908244437, 'D_low': 4.051452710153359, 'k2': 0.00042425976091860955, 'D_high': 3660.150802571655, 'fire_exp': 1.5201277403788451, 'P_half': 24.136213194527585, 'pre_dampen_half': 304.7488318185732, 'gpp_af': 0.028585493941961918, 'gpp_b': 8.539677611488478e-05, 'gpp_d': 150.14555442537656, 'ign_k': 0.019192001101561888, 'ign_c': 304.0981662829698}.
[I 2026-08-06 00:18:26,067] Trial 718 finished with values: [-0.5119365922894175, 0.16701705250837617] and parameters: {'k1': 3.252245757497282e-05, 'D_low': 1112.9571947046009, 'k2': 3.5917714215176105e-05, 'D_high': 639.0695092073224, 'fire_exp': 1.1044852285094786, 'P_half': 608.3019192425825, 'pre_dampen_half': 33.9790424311127, 'gpp_af': 22.766850248686247, 'gpp_b': 3.481277316673104e-05, 'gpp_d': 891.8036602897795, 'ign_k': 3.7173717478250508, 'ign_c': 0.8891936446296247}.
[I 2026-08-06 00:18:27,222] Trial 719 finished with values: [10.769226957855448, 10.769226957855448] and parameters: {'k1': 0.03232155805617897, 'D_low': 1347.5408399574635, 'k2': 0.006138509947844854, 'D_high': 1123.9682517242118, 'fire_exp': 2.2881850891698634, 'P_half': 125.61043700013555, 'pre_dampen_half': 6.84039695411256, 'gpp_af': 0.0025511964576171086, 'gpp_b': 3.228689523591491e-05, 'gpp_d': 5.878566318396007, 'ign_k': 0.019192001101561888, 'ign_c': 89.90768948930027}.
[I 2026-08-06 00:18:28,220] Trial 720 finished with values: [-0.5398857051260726, 0.17989014881101562] and parameters: {'k1': 0.0017320535908244437, 'D_low': 9.882278532808778, 'k2': 1.1184534120760473e-05, 'D_high': 3660.150802571655, 'fire_exp': 1.5201277403788451, 'P_half': 125.61043700013555, 'pre_dampen_half': 246.93224594675561, 'gpp_af': 0.028585493941961918, 'gpp_b': 8.539677611488478e-05, 'gpp_d': 150.14555442537656, 'ign_k': 0.04135816738916687, 'ign_c': 14.810800730363484}.
[I 2026-08-06 00:18:29,200] Trial 721 finished with values: [10.013327055540984, 10.013327055540984] and parameters: {'k1': 0.021368329072358756, 'D_low': 7.068974950624602, 'k2': 1.4378290221680118e-05, 'D_high': 203.29778470902625, 'fire_exp': 1.1044852285094786, 'P_half': 24.136213194527585, 'pre_dampen_half': 33.9790424311127, 'gpp_af': 0.028585493941961918, 'gpp_b': 0.011750724729953272, 'gpp_d': 4.5768578731086835, 'ign_k': 0.019192001101561888, 'ign_c': 46.813761934505536}.
[I 2026-08-06 00:18:30,195] Trial 722 finished with values: [10.761756573606657, 10.761756573606657] and parameters: {'k1': 0.0029707920514735983, 'D_low': 7.068974950624602, 'k2': 2.1698375693549493e-05, 'D_high': 75773.14388518519, 'fire_exp': 1.5201277403788451, 'P_half': 147.09699119495133, 'pre_dampen_half': 76.86605275420082, 'gpp_af': 0.0025511964576171086, 'gpp_b': 0.10123867001105968, 'gpp_d': 857.4284557962634, 'ign_k': 0.0026834162496848666, 'ign_c': 2.92043384718141}.
[I 2026-08-06 00:18:31,191] Trial 723 finished with values: [10.269623581426712, 10.269623581426712] and parameters: {'k1': 0.021368329072358756, 'D_low': 7.068974950624602, 'k2': 1.4378290221680118e-05, 'D_high': 8182.111518618414, 'fire_exp': 1.182396148413737, 'P_half': 24.136213194527585, 'pre_dampen_half': 109.45351414473369, 'gpp_af': 0.0025511964576171086, 'gpp_b': 3.481277316673104e-05, 'gpp_d': 668.5510162938966, 'ign_k': 0.019192001101561888, 'ign_c': 111.98001958256879}.
[I 2026-08-06 00:18:32,237] Trial 724 finished with values: [10.359849648220411, 10.359849648220411] and parameters: {'k1': 0.0017320535908244437, 'D_low': 18.522006003174383, 'k2': 2.1698375693549493e-05, 'D_high': 639.0695092073224, 'fire_exp': 1.1044852285094786, 'P_half': 1553.2973289514223, 'pre_dampen_half': 36.876350096203005, 'gpp_af': 0.0025511964576171086, 'gpp_b': 3.228689523591491e-05, 'gpp_d': 891.8036602897795, 'ign_k': 0.0026834162496848666, 'ign_c': 14.367095138664217}.
[I 2026-08-06 00:18:33,454] Trial 725 finished with values: [10.65410984850281, 10.65410984850281] and parameters: {'k1': 0.0005525012427854533, 'D_low': 125.32726386250698, 'k2': 0.0004381141781653133, 'D_high': 233.52156626184438, 'fire_exp': 1.182396148413737, 'P_half': 1867.8279278246268, 'pre_dampen_half': 33.9790424311127, 'gpp_af': 0.0025511964576171086, 'gpp_b': 3.228689523591491e-05, 'gpp_d': 0.19476644406315288, 'ign_k': 0.03141110271934876, 'ign_c': 47.268615251255675}.
[I 2026-08-06 00:18:34,451] Trial 726 finished with values: [-0.5791044845927258, 0.19824439099433988] and parameters: {'k1': 0.0017320535908244437, 'D_low': 532.1216007763549, 'k2': 0.006138509947844854, 'D_high': 75773.14388518519, 'fire_exp': 1.5201277403788451, 'P_half': 22.4895428439145, 'pre_dampen_half': 33.9790424311127, 'gpp_af': 0.028585493941961918, 'gpp_b': 8.539677611488478e-05, 'gpp_d': 668.5510162938966, 'ign_k': 0.09071933427331372, 'ign_c': 14.810800730363484}.
[I 2026-08-06 00:18:35,448] Trial 727 finished with values: [12.853758495192183, 12.853758495192183] and parameters: {'k1': 0.03232155805617897, 'D_low': 125.32726386250698, 'k2': 0.006138509947844854, 'D_high': 75773.14388518519, 'fire_exp': 1.1044852285094786, 'P_half': 22.4895428439145, 'pre_dampen_half': 703.6426675556048, 'gpp_af': 0.028585493941961918, 'gpp_b': 0.0006082667040432242, 'gpp_d': 368.30088529547436, 'ign_k': 0.03141110271934876, 'ign_c': 14.810800730363484}.
[I 2026-08-06 00:18:36,460] Trial 728 finished with values: [10.478113073634745, 10.478113073634745] and parameters: {'k1': 0.002971796631657383, 'D_low': 1.54121727098019, 'k2': 1.1184534120760473e-05, 'D_high': 75773.14388518519, 'fire_exp': 1.3188914576304807, 'P_half': 125.61043700013555, 'pre_dampen_half': 36.876350096203005, 'gpp_af': 0.0025511964576171086, 'gpp_b': 0.011750724729953272, 'gpp_d': 4.5768578731086835, 'ign_k': 0.11903394335305037, 'ign_c': 2.92043384718141}.
[I 2026-08-06 00:18:37,506] Trial 729 finished with values: [10.081655324574307, 10.081655324574307] and parameters: {'k1': 0.0029707920514735983, 'D_low': 7.068974950624602, 'k2': 0.006138509947844854, 'D_high': 11069.082134755383, 'fire_exp': 1.5201277403788451, 'P_half': 408.3047491580097, 'pre_dampen_half': 33.9790424311127, 'gpp_af': 0.0025511964576171086, 'gpp_b': 8.539677611488478e-05, 'gpp_d': 5.277709597877513, 'ign_k': 0.09071933427331372, 'ign_c': 2.92043384718141}.
[I 2026-08-06 00:18:38,517] Trial 730 finished with values: [10.934581681304389, 10.934581681304389] and parameters: {'k1': 2.0937989739527727e-05, 'D_low': 1112.9571947046009, 'k2': 0.0010204225357677778, 'D_high': 9769.756791866093, 'fire_exp': 1.0881360604103363, 'P_half': 10.226988730324324, 'pre_dampen_half': 33.9790424311127, 'gpp_af': 0.08235550625917108, 'gpp_b': 2.800940363375676e-05, 'gpp_d': 4.5768578731086835, 'ign_k': 0.03141110271934876, 'ign_c': 6.160975294741436}.
[I 2026-08-06 00:18:39,529] Trial 731 finished with values: [10.736686949966659, 10.736686949966659] and parameters: {'k1': 0.00012105387404469581, 'D_low': 74.92772870670282, 'k2': 3.5917714215176105e-05, 'D_high': 949.9072859745386, 'fire_exp': 1.0133481068971741, 'P_half': 7.857247967427123, 'pre_dampen_half': 36.876350096203005, 'gpp_af': 1.6595781802652418, 'gpp_b': 0.003510201564752293, 'gpp_d': 891.8036602897795, 'ign_k': 0.11903394335305037, 'ign_c': 2.92043384718141}.
[I 2026-08-06 00:18:40,652] Trial 732 finished with values: [10.242482300920571, 10.242482300920571] and parameters: {'k1': 0.0002656971546588439, 'D_low': 29.89885508829526, 'k2': 3.5917714215176105e-05, 'D_high': 29.580419692843236, 'fire_exp': 1.5201277403788451, 'P_half': 22.4895428439145, 'pre_dampen_half': 304.7488318185732, 'gpp_af': 0.04196905103888626, 'gpp_b': 0.028780534359197463, 'gpp_d': 300.3420512048734, 'ign_k': 0.005877005203443299, 'ign_c': 1.24801809651176}.
[I 2026-08-06 00:18:41,821] Trial 733 finished with values: [10.499802098149082, 10.499802098149082] and parameters: {'k1': 0.00012105387404469581, 'D_low': 4.051452710153359, 'k2': 2.1698375693549493e-05, 'D_high': 75773.14388518519, 'fire_exp': 1.5201277403788451, 'P_half': 22.4895428439145, 'pre_dampen_half': 36.876350096203005, 'gpp_af': 1.6595781802652418, 'gpp_b': 8.539677611488478e-05, 'gpp_d': 0.679684982462508, 'ign_k': 0.03141110271934876, 'ign_c': 3.843180360935464}.
[I 2026-08-06 00:18:43,104] Trial 734 finished with values: [10.837914150176543, 10.837914150176543] and parameters: {'k1': 0.025383218374507292, 'D_low': 7.068974950624602, 'k2': 0.0004381141781653133, 'D_high': 233.52156626184438, 'fire_exp': 1.010722707674549, 'P_half': 39.03214299767183, 'pre_dampen_half': 703.6426675556048, 'gpp_af': 0.0025511964576171086, 'gpp_b': 3.228689523591491e-05, 'gpp_d': 13.076473382928533, 'ign_k': 0.03141110271934876, 'ign_c': 47.268615251255675}.
[I 2026-08-06 00:18:44,258] Trial 735 finished with values: [10.130561359338056, 10.130561359338056] and parameters: {'k1': 0.03232155805617897, 'D_low': 74.92772870670282, 'k2': 0.006138509947844854, 'D_high': 1123.9682517242118, 'fire_exp': 2.2881850891698634, 'P_half': 605.1580666890613, 'pre_dampen_half': 111.37963167994629, 'gpp_af': 0.004344117003966495, 'gpp_b': 0.0035057749039614167, 'gpp_d': 0.11136446029400991, 'ign_k': 0.8826264591983531, 'ign_c': 8.671454322584175}.
[I 2026-08-06 00:18:45,395] Trial 736 finished with values: [10.347390616781343, 10.347390616781343] and parameters: {'k1': 0.021368329072358756, 'D_low': 532.1216007763549, 'k2': 0.006138509947844854, 'D_high': 75773.14388518519, 'fire_exp': 2.446572564266435, 'P_half': 125.61043700013555, 'pre_dampen_half': 304.7488318185732, 'gpp_af': 1.6595781802652418, 'gpp_b': 8.539677611488478e-05, 'gpp_d': 891.8036602897795, 'ign_k': 0.0026834162496848666, 'ign_c': 14.810800730363484}.
[I 2026-08-06 00:18:46,502] Trial 737 finished with values: [10.167169839696134, 10.167169839696134] and parameters: {'k1': 0.0005486676498816061, 'D_low': 98.57545621889057, 'k2': 0.0004381141781653133, 'D_high': 949.9072859745386, 'fire_exp': 1.151006986743773, 'P_half': 7.857247967427123, 'pre_dampen_half': 14.689898077648792, 'gpp_af': 0.028585493941961918, 'gpp_b': 3.228689523591491e-05, 'gpp_d': 13.076473382928533, 'ign_k': 0.031134168041628628, 'ign_c': 14.367095138664217}.
[I 2026-08-06 00:18:47,624] Trial 738 finished with values: [-0.573499777110289, 0.14176291811836927] and parameters: {'k1': 0.002971796631657383, 'D_low': 74.92772870670282, 'k2': 0.0007081721844034209, 'D_high': 3660.150802571655, 'fire_exp': 1.0881360604103363, 'P_half': 10.226988730324324, 'pre_dampen_half': 5.542030950268268, 'gpp_af': 1.6595781802652418, 'gpp_b': 0.011750724729953272, 'gpp_d': 4.5768578731086835, 'ign_k': 0.11903394335305037, 'ign_c': 6.160975294741436}.
[I 2026-08-06 00:18:48,764] Trial 739 finished with values: [-0.5571686821534241, 0.16874888824577783] and parameters: {'k1': 0.025383218374507292, 'D_low': 125.32726386250698, 'k2': 0.0004381141781653133, 'D_high': 233.52156626184438, 'fire_exp': 1.010722707674549, 'P_half': 39.03214299767183, 'pre_dampen_half': 703.6426675556048, 'gpp_af': 0.0025511964576171086, 'gpp_b': 3.228689523591491e-05, 'gpp_d': 0.19476644406315288, 'ign_k': 0.03141110271934876, 'ign_c': 47.268615251255675}.
[I 2026-08-06 00:18:49,871] Trial 740 finished with values: [10.402363054197567, 10.402363054197567] and parameters: {'k1': 0.00012105387404469581, 'D_low': 1112.9571947046009, 'k2': 3.5917714215176105e-05, 'D_high': 29456.2056920274, 'fire_exp': 1.5201277403788451, 'P_half': 22.4895428439145, 'pre_dampen_half': 76.86605275420082, 'gpp_af': 0.17517338132112292, 'gpp_b': 8.539677611488478e-05, 'gpp_d': 0.1540709123740619, 'ign_k': 0.03141110271934876, 'ign_c': 2.41842279584716}.
[I 2026-08-06 00:18:50,976] Trial 741 finished with values: [-0.45692015441584016, 0.21774118713852952] and parameters: {'k1': 0.0005486676498816061, 'D_low': 98.57545621889057, 'k2': 0.006138509947844854, 'D_high': 57.90964233881214, 'fire_exp': 1.010722707674549, 'P_half': 24.136213194527585, 'pre_dampen_half': 33.9790424311127, 'gpp_af': 0.0025511964576171086, 'gpp_b': 3.481277316673104e-05, 'gpp_d': 668.5510162938966, 'ign_k': 3.7173717478250508, 'ign_c': 0.8891936446296247}.
[I 2026-08-06 00:18:52,099] Trial 742 finished with values: [10.669215282271924, 10.669215282271924] and parameters: {'k1': 0.03232155805617897, 'D_low': 31.117676855667376, 'k2': 2.1698375693549493e-05, 'D_high': 11069.082134755383, 'fire_exp': 2.196935728020977, 'P_half': 408.3047491580097, 'pre_dampen_half': 36.876350096203005, 'gpp_af': 0.0025511964576171086, 'gpp_b': 8.539677611488478e-05, 'gpp_d': 5.085491038878331, 'ign_k': 0.005877005203443299, 'ign_c': 8.671454322584175}.
[I 2026-08-06 00:18:53,206] Trial 743 finished with values: [10.033465150476033, 10.033465150476033] and parameters: {'k1': 0.0029707920514735983, 'D_low': 98.57545621889057, 'k2': 0.006138509947844854, 'D_high': 75773.14388518519, 'fire_exp': 2.2881850891698634, 'P_half': 125.61043700013555, 'pre_dampen_half': 36.876350096203005, 'gpp_af': 0.013688256550323697, 'gpp_b': 3.228689523591491e-05, 'gpp_d': 5.878566318396007, 'ign_k': 0.8826264591983531, 'ign_c': 2.92043384718141}.
[I 2026-08-06 00:18:54,581] Trial 744 finished with values: [-0.5212705431848111, 0.20337816953283372] and parameters: {'k1': 1.962382648116833e-05, 'D_low': 1.54121727098019, 'k2': 3.5917714215176105e-05, 'D_high': 2592.951380378534, 'fire_exp': 1.5201277403788451, 'P_half': 470.815979325019, 'pre_dampen_half': 304.7488318185732, 'gpp_af': 0.47739011308437823, 'gpp_b': 8.539677611488478e-05, 'gpp_d': 8.144272585223819, 'ign_k': 0.30058090246151414, 'ign_c': 2.41842279584716}.
[I 2026-08-06 00:18:55,688] Trial 745 finished with values: [10.7586697737668, 10.7586697737668] and parameters: {'k1': 0.0002656971546588439, 'D_low': 74.92772870670282, 'k2': 3.5917714215176105e-05, 'D_high': 3660.150802571655, 'fire_exp': 2.196935728020977, 'P_half': 22.4895428439145, 'pre_dampen_half': 2.077161282926345, 'gpp_af': 0.47739011308437823, 'gpp_b': 0.10123867001105968, 'gpp_d': 0.7923715993309053, 'ign_k': 0.4702627143647234, 'ign_c': 6.160975294741436}.
[I 2026-08-06 00:18:56,701] Trial 746 finished with values: [10.199765150463577, 10.199765150463577] and parameters: {'k1': 3.252245757497282e-05, 'D_low': 532.1216007763549, 'k2': 2.1698375693549493e-05, 'D_high': 8182.111518618414, 'fire_exp': 1.5201277403788451, 'P_half': 24.136213194527585, 'pre_dampen_half': 76.86605275420082, 'gpp_af': 0.0025511964576171086, 'gpp_b': 3.481277316673104e-05, 'gpp_d': 150.14555442537656, 'ign_k': 0.019192001101561888, 'ign_c': 0.8891936446296247}.
[I 2026-08-06 00:18:57,697] Trial 747 finished with values: [10.082773251469174, 10.082773251469174] and parameters: {'k1': 0.002971796631657383, 'D_low': 4.051452710153359, 'k2': 3.5917714215176105e-05, 'D_high': 2941.5751391396584, 'fire_exp': 1.5201277403788451, 'P_half': 125.61043700013555, 'pre_dampen_half': 304.7488318185732, 'gpp_af': 0.47739011308437823, 'gpp_b': 8.539677611488478e-05, 'gpp_d': 207.33291221114672, 'ign_k': 0.03141110271934876, 'ign_c': 6.160975294741436}.
[I 2026-08-06 00:18:58,734] Trial 748 finished with values: [-0.5837314575404987, 0.12838904069825097] and parameters: {'k1': 0.0017320535908244437, 'D_low': 532.1216007763549, 'k2': 0.006138509947844854, 'D_high': 11069.082134755383, 'fire_exp': 1.5201277403788451, 'P_half': 119.21396716829831, 'pre_dampen_half': 33.9790424311127, 'gpp_af': 0.0025511964576171086, 'gpp_b': 8.539677611488478e-05, 'gpp_d': 5.085491038878331, 'ign_k': 0.09071933427331372, 'ign_c': 8.671454322584175}.
[I 2026-08-06 00:18:59,783] Trial 749 finished with values: [10.368622602279713, 10.368622602279713] and parameters: {'k1': 0.00012105387404469581, 'D_low': 74.92772870670282, 'k2': 0.0008255198309657572, 'D_high': 12.663923057989628, 'fire_exp': 1.1044852285094786, 'P_half': 1938.3858782150498, 'pre_dampen_half': 247.25776073156666, 'gpp_af': 1.6595781802652418, 'gpp_b': 8.539677611488478e-05, 'gpp_d': 5.878566318396007, 'ign_k': 0.023173482832991366, 'ign_c': 6.160975294741436}.
