[I 2026-07-22 20:36:51,685] Trial 174 finished with values: [10.578608278343498, 10.578608278343498] and parameters: {'k1': 0.0001971137615017176, 'D_low': 2240.9155921647994, 'k2': 0.0002656971546588439, 'D_high': 2742371.6496047364, 'fire_exp': 1.10726080528881, 'P_half': 8.890110660871555, 'pre_dampen_half': 0.03227842705043214, 'gpp_af': 0.2204465010099918, 'gpp_b': 0.0002990517652413063, 'gpp_d': 2.545074556541602, 'ign_k': 0.005575298138639647, 'ign_c': 39.52220881906112, 'trop_agb_crit': 3.1419938725278875, 'trop_k_veg': 2.520089655463604, 'fuel_k': 0.014999101825504624, 'fuel_half': 38.581832549157696}.
[I 2026-07-22 20:36:52,118] Trial 175 finished with values: [-0.635280145514537, 0.0813689418105672] and parameters: {'k1': 0.012840669372724958, 'D_low': 2240.9155921647994, 'k2': 0.014666151770108535, 'D_high': 2742371.6496047364, 'fire_exp': 1.8719045352638064, 'P_half': 93.43302657318476, 'pre_dampen_half': 13.472769577631588, 'gpp_af': 0.2991469302130216, 'gpp_b': 0.0028993292583566945, 'gpp_d': 352.0481045526035, 'ign_k': 0.0029519227433917453, 'ign_c': 0.2939463458625969, 'trop_agb_crit': 2.679156169946616, 'trop_k_veg': 2.1144348148283285, 'fuel_k': 4.710433409437071, 'fuel_half': 1.3323297901105766}.
[I 2026-07-22 20:36:52,564] Trial 176 finished with values: [10.711058294569611, 10.711058294569611] and parameters: {'k1': 1.3243445838637965e-05, 'D_low': 1.6752866684650682, 'k2': 0.017300724838654365, 'D_high': 1449.2518000731375, 'fire_exp': 1.1234725391720877, 'P_half': 122.73630375458193, 'pre_dampen_half': 70.78932406899753, 'gpp_af': 0.011997897226934482, 'gpp_b': 0.05461888811739216, 'gpp_d': 0.02671390178713565, 'ign_k': 0.001609633064821938, 'ign_c': 13.348071559960674, 'trop_agb_crit': 6.289029460848807, 'trop_k_veg': 2.927602344444864, 'fuel_k': 1.0403789263969374, 'fuel_half': 84.6362160256194}.
[I 2026-07-22 20:36:53,074] Trial 177 finished with values: [-0.5830865279441313, 0.13301661752433735] and parameters: {'k1': 0.0011101191524846067, 'D_low': 2240.9155921647994, 'k2': 0.015602015889668856, 'D_high': 2742371.6496047364, 'fire_exp': 1.9025702662542903, 'P_half': 93.43302657318476, 'pre_dampen_half': 13.472769577631588, 'gpp_af': 0.04897515106470033, 'gpp_b': 2.176805640408474e-05, 'gpp_d': 352.0481045526035, 'ign_k': 0.0029519227433917453, 'ign_c': 44.67752817973901, 'trop_agb_crit': 9.286923253577127, 'trop_k_veg': 2.1144348148283285, 'fuel_k': 4.710433409437071, 'fuel_half': 1.3323297901105766}.
[I 2026-07-22 20:36:53,550] Trial 178 finished with values: [-0.4802957559519279, 0.23959067273071355] and parameters: {'k1': 0.004898620823554844, 'D_low': 1.6752866684650682, 'k2': 0.0195165137832656, 'D_high': 34634.27660734638, 'fire_exp': 1.1234725391720877, 'P_half': 56.22114524476698, 'pre_dampen_half': 70.78932406899753, 'gpp_af': 0.05511595477601764, 'gpp_b': 0.004458440839692221, 'gpp_d': 274.48645214004335, 'ign_k': 0.038563028138793747, 'ign_c': 30.785541778315018, 'trop_agb_crit': 6.289029460848807, 'trop_k_veg': 4.129715873342729, 'fuel_k': 0.025620781631399487, 'fuel_half': 84.6362160256194}.
[I 2026-07-22 20:36:53,970] Trial 179 finished with values: [10.74947382382828, 10.74947382382828] and parameters: {'k1': 0.00022704877557909215, 'D_low': 11.604789380012715, 'k2': 0.0015974581244256687, 'D_high': 33.259870924458454, 'fire_exp': 2.4783442138475, 'P_half': 44.71679901231308, 'pre_dampen_half': 6.792399189485706, 'gpp_af': 7.62192732934522, 'gpp_b': 0.09594602618277152, 'gpp_d': 483.22422323215085, 'ign_k': 0.26651167490553546, 'ign_c': 4.84649767921908, 'trop_agb_crit': 12.856643861355176, 'trop_k_veg': 4.050700716504253, 'fuel_k': 0.45000412754978936, 'fuel_half': 0.14265186058187057}.
[I 2026-07-22 20:36:54,392] Trial 180 finished with values: [10.768738165584733, 10.768738165584733] and parameters: {'k1': 0.0001971137615017176, 'D_low': 124.52525727440515, 'k2': 0.0004976087827261435, 'D_high': 2413579.2291304003, 'fire_exp': 2.2542764775111617, 'P_half': 93.43302657318476, 'pre_dampen_half': 16.224010950061366, 'gpp_af': 0.002634509839733607, 'gpp_b': 9.327650919528727e-05, 'gpp_d': 311.00755757274874, 'ign_k': 0.26651167490553546, 'ign_c': 39.52220881906112, 'trop_agb_crit': 3.1419938725278875, 'trop_k_veg': 2.520089655463604, 'fuel_k': 0.13637815306750997, 'fuel_half': 93.29979664603117}.
[I 2026-07-22 20:36:54,809] Trial 181 finished with values: [10.155633508589203, 10.155633508589203] and parameters: {'k1': 0.038650368562597265, 'D_low': 172.23884402537843, 'k2': 0.004679839449773939, 'D_high': 125325.84471303935, 'fire_exp': 1.0674039642039916, 'P_half': 18.875676307822275, 'pre_dampen_half': 167.63957643123777, 'gpp_af': 0.017638479543546873, 'gpp_b': 0.00036184510553922684, 'gpp_d': 0.027765958408796157, 'ign_k': 0.008226074946221037, 'ign_c': 6.968111190775308, 'trop_agb_crit': 8.492290599869307, 'trop_k_veg': 1.372760022287972, 'fuel_k': 0.2503625235956924, 'fuel_half': 11.781063202742125}.
[I 2026-07-22 20:36:55,252] Trial 182 finished with values: [10.737363903961226, 10.737363903961226] and parameters: {'k1': 0.00013431925993528124, 'D_low': 11.604789380012715, 'k2': 0.010056781316817115, 'D_high': 693439.2750387826, 'fire_exp': 2.4783442138475, 'P_half': 1524.6518242848613, 'pre_dampen_half': 0.7245868181143029, 'gpp_af': 0.04897515106470033, 'gpp_b': 0.0011087183655158347, 'gpp_d': 450.59526947401275, 'ign_k': 0.782853422821863, 'ign_c': 5.199673923878318, 'trop_agb_crit': 12.856643861355176, 'trop_k_veg': 4.050700716504253, 'fuel_k': 0.06252517815977368, 'fuel_half': 3.0734574518379394}.
[I 2026-07-22 20:36:55,683] Trial 183 finished with values: [-0.609663016428562, 0.18005829757614] and parameters: {'k1': 0.0009299619346742016, 'D_low': 35.437765484261625, 'k2': 0.0006863458703786212, 'D_high': 693439.2750387826, 'fire_exp': 1.5704801393982246, 'P_half': 44.71679901231308, 'pre_dampen_half': 0.7245868181143029, 'gpp_af': 0.015875524914818664, 'gpp_b': 2.852199954727099e-05, 'gpp_d': 450.59526947401275, 'ign_k': 2.7142572552186843, 'ign_c': 5.199673923878318, 'trop_agb_crit': 12.856643861355176, 'trop_k_veg': 4.050700716504253, 'fuel_k': 0.057024351269772615, 'fuel_half': 1.0889347318773486}.
[I 2026-07-22 20:36:56,115] Trial 184 finished with values: [-0.5755173647491293, 0.376416874237091] and parameters: {'k1': 0.008471801418819975, 'D_low': 166.32295851843423, 'k2': 0.00018245734513362482, 'D_high': 3714594.1935037985, 'fire_exp': 1.0770888543508004, 'P_half': 19.625093208439857, 'pre_dampen_half': 0.1261583527429052, 'gpp_af': 3.470266988650414, 'gpp_b': 1.3289448722869181e-05, 'gpp_d': 722.6207258080483, 'ign_k': 2.5383218374507304, 'ign_c': 1.8522006003174372, 'trop_agb_crit': 10.215415653610627, 'trop_k_veg': 1.1514990646668624, 'fuel_k': 0.07002142869039267, 'fuel_half': 3.75205585512428}.
[I 2026-07-22 20:36:56,534] Trial 185 finished with values: [10.732258438203882, 10.732258438203882] and parameters: {'k1': 0.00022704877557909215, 'D_low': 124.52525727440515, 'k2': 0.0195165137832656, 'D_high': 1449.2518000731375, 'fire_exp': 2.2542764775111617, 'P_half': 1316.7465326936142, 'pre_dampen_half': 16.224010950061366, 'gpp_af': 0.002634509839733607, 'gpp_b': 9.327650919528727e-05, 'gpp_d': 311.00755757274874, 'ign_k': 0.26651167490553546, 'ign_c': 0.10883991813938126, 'trop_agb_crit': 1.4121660706207504, 'trop_k_veg': 3.1470652177597604, 'fuel_k': 0.010329084861117386, 'fuel_half': 0.3036855685244964}.
[I 2026-07-22 20:36:56,951] Trial 186 finished with values: [10.526685805860062, 10.526685805860062] and parameters: {'k1': 1.3243445838637965e-05, 'D_low': 1.6752866684650682, 'k2': 0.004679839449773939, 'D_high': 108.12328381849699, 'fire_exp': 1.0722486667069802, 'P_half': 1.457050032975653, 'pre_dampen_half': 14.689407256107613, 'gpp_af': 0.024714492403026287, 'gpp_b': 0.00011536203425923768, 'gpp_d': 0.027765958408796157, 'ign_k': 0.001609633064821938, 'ign_c': 13.348071559960674, 'trop_agb_crit': 2.017343814481252, 'trop_k_veg': 1.372760022287972, 'fuel_k': 2.316229308100196, 'fuel_half': 11.781063202742125}.
[I 2026-07-22 20:36:57,365] Trial 187 finished with values: [-0.7187405582044614, 0.16447830767365612] and parameters: {'k1': 0.008471801418819975, 'D_low': 2.4063018320720926, 'k2': 0.0009562822793888481, 'D_high': 2742371.6496047364, 'fire_exp': 1.5532616753672623, 'P_half': 355.00125258511594, 'pre_dampen_half': 9.16302609334724, 'gpp_af': 3.470266988650414, 'gpp_b': 1.3289448722869181e-05, 'gpp_d': 36.831884165358964, 'ign_k': 2.136832907235876, 'ign_c': 17.583640270008498, 'trop_agb_crit': 12.647327018493208, 'trop_k_veg': 1.9658897090912955, 'fuel_k': 0.07002142869039267, 'fuel_half': 3.75205585512428}.
[I 2026-07-22 20:36:57,782] Trial 188 finished with values: [10.011588428454917, 10.011588428454917] and parameters: {'k1': 0.0006579066240690734, 'D_low': 216.6574784061471, 'k2': 1.3357240411974104e-05, 'D_high': 65835.85310972678, 'fire_exp': 1.9325784557452017, 'P_half': 8.318314747941244, 'pre_dampen_half': 132.86323715350125, 'gpp_af': 0.24002253099641152, 'gpp_b': 0.005419266601560437, 'gpp_d': 59.945376567988106, 'ign_k': 0.008226074946221037, 'ign_c': 0.5655677524618509, 'trop_agb_crit': 1.111888584843313, 'trop_k_veg': 1.034587866621145, 'fuel_k': 3.826843441487285, 'fuel_half': 0.17108183937377372}.
[I 2026-07-22 20:36:58,202] Trial 189 finished with values: [10.288082233875436, 10.288082233875436] and parameters: {'k1': 1.844951990812239e-05, 'D_low': 27972.024228472703, 'k2': 0.0019856031481305684, 'D_high': 1124534.1807254383, 'fire_exp': 1.1366349889439396, 'P_half': 24.617096698415132, 'pre_dampen_half': 0.10189118197357125, 'gpp_af': 3.470266988650414, 'gpp_b': 0.0008239138919814073, 'gpp_d': 707.2114131472224, 'ign_k': 4.59148521674054, 'ign_c': 0.7068974950624601, 'trop_agb_crit': 3.3887235042490564, 'trop_k_veg': 1.733613253381165, 'fuel_k': 0.07002142869039267, 'fuel_half': 3.75205585512428}.
[I 2026-07-22 20:36:58,626] Trial 190 finished with values: [10.702205183944095, 10.702205183944095] and parameters: {'k1': 0.00013431925993528124, 'D_low': 11.604789380012715, 'k2': 0.03699867920489092, 'D_high': 8300256.10476198, 'fire_exp': 2.4783442138475, 'P_half': 44.71679901231308, 'pre_dampen_half': 0.7245868181143029, 'gpp_af': 0.005811599743439244, 'gpp_b': 0.0001484082099455773, 'gpp_d': 0.06359264168909615, 'ign_k': 0.013276678836047658, 'ign_c': 5.199673923878318, 'trop_agb_crit': 12.856643861355176, 'trop_k_veg': 4.050700716504253, 'fuel_k': 4.0995500417030915, 'fuel_half': 72.7420826493834}.
[I 2026-07-22 20:36:59,043] Trial 191 finished with values: [10.009371961375747, 10.009371961375747] and parameters: {'k1': 9.580682294110428e-05, 'D_low': 3907.96715682288, 'k2': 4.207988669606632e-05, 'D_high': 25566.506194206, 'fire_exp': 1.4284956407464617, 'P_half': 1.104970302415413, 'pre_dampen_half': 24.551654436784784, 'gpp_af': 0.6739998811889463, 'gpp_b': 0.0008239138919814073, 'gpp_d': 59.945376567988106, 'ign_k': 0.008226074946221037, 'ign_c': 0.7240382572465286, 'trop_agb_crit': 1.111888584843313, 'trop_k_veg': 1.034587866621145, 'fuel_k': 3.826843441487285, 'fuel_half': 3.75205585512428}.
  trial  192/2500  pareto_size=1  best_taylor=0.7469  best_ilamb=0.5998  (1.3 min)
[I 2026-07-22 20:36:59,508] Trial 192 finished with values: [10.504371502313411, 10.504371502313411] and parameters: {'k1': 1.263794633808287e-05, 'D_low': 4.439648242927527, 'k2': 0.0012056765208549535, 'D_high': 65835.85310972678, 'fire_exp': 1.3338126188125452, 'P_half': 108.21382910613987, 'pre_dampen_half': 0.21634225433779952, 'gpp_af': 0.6378078463802856, 'gpp_b': 2.852199954727099e-05, 'gpp_d': 59.945376567988106, 'ign_k': 0.003252245757497283, 'ign_c': 0.2031980983842498, 'trop_agb_crit': 1.6034837661963206, 'trop_k_veg': 0.7818074020304813, 'fuel_k': 3.826843441487285, 'fuel_half': 0.43540407017515786}.
[I 2026-07-22 20:36:59,921] Trial 193 finished with values: [11.263274431376026, 11.263274431376026] and parameters: {'k1': 0.007926237587961899, 'D_low': 2240.9155921647994, 'k2': 1.2765717873951678e-05, 'D_high': 2742371.6496047364, 'fire_exp': 1.10726080528881, 'P_half': 102.4585893986732, 'pre_dampen_half': 0.8726691654212084, 'gpp_af': 0.2901272149738624, 'gpp_b': 0.0013672126623075966, 'gpp_d': 2.545074556541602, 'ign_k': 3.2697906333916924, 'ign_c': 0.29126651668813763, 'trop_agb_crit': 1.1693687409928537, 'trop_k_veg': 6.863422129054256, 'fuel_k': 4.0632364973692425, 'fuel_half': 0.1614670469622492}.
[I 2026-07-22 20:37:00,336] Trial 194 finished with values: [10.499496099797172, 10.499496099797172] and parameters: {'k1': 0.0009299619346742016, 'D_low': 35.437765484261625, 'k2': 0.0012056765208549535, 'D_high': 7589190.453000005, 'fire_exp': 1.6618799814410974, 'P_half': 94.99072859745384, 'pre_dampen_half': 345.01054536130147, 'gpp_af': 0.017324270154949098, 'gpp_b': 0.0001484082099455773, 'gpp_d': 61.550353610401785, 'ign_k': 0.003252245757497283, 'ign_c': 154.77616670938272, 'trop_agb_crit': 1.1693687409928537, 'trop_k_veg': 2.9556982260250564, 'fuel_k': 2.3801202050712624, 'fuel_half': 0.2010796072862617}.
[I 2026-07-22 20:37:00,749] Trial 195 finished with values: [-0.6343088342317375, 0.08444206635969176] and parameters: {'k1': 0.012840669372724958, 'D_low': 2240.9155921647994, 'k2': 0.014666151770108535, 'D_high': 2007776.2367162877, 'fire_exp': 1.8719045352638064, 'P_half': 102.4585893986732, 'pre_dampen_half': 13.472769577631588, 'gpp_af': 0.2901272149738624, 'gpp_b': 0.0028993292583566945, 'gpp_d': 352.0481045526035, 'ign_k': 0.013276678836047658, 'ign_c': 0.12510188850164433, 'trop_agb_crit': 2.679156169946616, 'trop_k_veg': 0.8170196702261714, 'fuel_k': 4.710433409437071, 'fuel_half': 1.3323297901105766}.
[I 2026-07-22 20:37:01,161] Trial 196 finished with values: [10.766614842741106, 10.766614842741106] and parameters: {'k1': 0.0043033566298259765, 'D_low': 757.2751781563962, 'k2': 0.00014281536924924868, 'D_high': 68.70101665590026, 'fire_exp': 1.306941185248186, 'P_half': 2525.3810447657925, 'pre_dampen_half': 0.2774295811500811, 'gpp_af': 0.2204465010099918, 'gpp_b': 2.852199954727099e-05, 'gpp_d': 2.545074556541602, 'ign_k': 0.0029519227433917453, 'ign_c': 294.56205692027385, 'trop_agb_crit': 3.1419938725278875, 'trop_k_veg': 3.5638877725610287, 'fuel_k': 0.03201034713747641, 'fuel_half': 1.0889347318773486}.
[I 2026-07-22 20:37:01,576] Trial 197 finished with values: [10.49758115298512, 10.49758115298512] and parameters: {'k1': 0.02228708726011015, 'D_low': 16.00237013173313, 'k2': 2.296989871634208e-05, 'D_high': 61211.32154754238, 'fire_exp': 2.0715108722728917, 'P_half': 157.80309954142965, 'pre_dampen_half': 8.259599205585763, 'gpp_af': 0.2901272149738624, 'gpp_b': 0.0001484082099455773, 'gpp_d': 30.715480126452032, 'ign_k': 3.965503094323014, 'ign_c': 22.126836566118193, 'trop_agb_crit': 5.526463318565575, 'trop_k_veg': 0.8108268204433952, 'fuel_k': 0.10978148458640455, 'fuel_half': 71.14476009343416}.
[I 2026-07-22 20:37:02,013] Trial 198 finished with values: [10.303009035757391, 10.303009035757391] and parameters: {'k1': 3.511445258128687e-05, 'D_low': 1.2225538397552076, 'k2': 4.207988669606632e-05, 'D_high': 125325.84471303935, 'fire_exp': 1.0674039642039916, 'P_half': 18.875676307822275, 'pre_dampen_half': 331.7366635899375, 'gpp_af': 3.470266988650414, 'gpp_b': 0.00036184510553922684, 'gpp_d': 0.027765958408796157, 'ign_k': 0.003296550135838091, 'ign_c': 6.968111190775308, 'trop_agb_crit': 8.492290599869307, 'trop_k_veg': 5.876643247346734, 'fuel_k': 0.2503625235956924, 'fuel_half': 60.223067871697125}.
[I 2026-07-22 20:37:02,424] Trial 199 finished with values: [10.76923076903347, 10.76923076903347] and parameters: {'k1': 0.004898620823554844, 'D_low': 12046.049142392456, 'k2': 0.0195165137832656, 'D_high': 893.5110590331861, 'fire_exp': 1.1234725391720877, 'P_half': 2.0598022365449626, 'pre_dampen_half': 272.9378165037472, 'gpp_af': 0.05511595477601764, 'gpp_b': 0.004458440839692221, 'gpp_d': 274.48645214004335, 'ign_k': 0.038563028138793747, 'ign_c': 0.4933751600448339, 'trop_agb_crit': 6.289029460848807, 'trop_k_veg': 4.129715873342729, 'fuel_k': 0.28328975157735103, 'fuel_half': 1.9170041589170657}.
[I 2026-07-22 20:37:02,838] Trial 200 finished with values: [11.62346995870208, 11.62346995870208] and parameters: {'k1': 0.002981573452453104, 'D_low': 86.64406862241785, 'k2': 0.010253368317956682, 'D_high': 61211.32154754238, 'fire_exp': 1.0871627347485018, 'P_half': 94.99072859745384, 'pre_dampen_half': 7.665128204660192, 'gpp_af': 0.4840298156332326, 'gpp_b': 5.2187377767382e-05, 'gpp_d': 59.945376567988106, 'ign_k': 1.104435084712469, 'ign_c': 0.2939463458625969, 'trop_agb_crit': 1.7024582907699128, 'trop_k_veg': 0.7818074020304813, 'fuel_k': 0.28328975157735103, 'fuel_half': 72.7420826493834}.
[I 2026-07-22 20:37:03,256] Trial 201 finished with values: [10.604849237194388, 10.604849237194388] and parameters: {'k1': 1.263794633808287e-05, 'D_low': 4.439648242927527, 'k2': 0.00014281536924924868, 'D_high': 65835.85310972678, 'fire_exp': 1.3338126188125452, 'P_half': 1316.7465326936142, 'pre_dampen_half': 345.01054536130147, 'gpp_af': 0.002634509839733607, 'gpp_b': 0.0028993292583566945, 'gpp_d': 0.06209055280340042, 'ign_k': 0.008226074946221037, 'ign_c': 0.2031980983842498, 'trop_agb_crit': 2.679156169946616, 'trop_k_veg': 3.1470652177597604, 'fuel_k': 0.3302507755382605, 'fuel_half': 0.3036855685244964}.
[I 2026-07-22 20:37:03,674] Trial 202 finished with values: [10.613815463289473, 10.613815463289473] and parameters: {'k1': 1.263794633808287e-05, 'D_low': 1.6752866684650682, 'k2': 0.06598741607403362, 'D_high': 34634.27660734638, 'fire_exp': 2.24147406155595, 'P_half': 56.22114524476698, 'pre_dampen_half': 70.78932406899753, 'gpp_af': 0.017324270154949098, 'gpp_b': 0.0013672126623075966, 'gpp_d': 274.48645214004335, 'ign_k': 0.0011417577140741143, 'ign_c': 0.2939463458625969, 'trop_agb_crit': 1.1693687409928537, 'trop_k_veg': 0.559773544096922, 'fuel_k': 0.025620781631399487, 'fuel_half': 0.2010796072862617}.
[I 2026-07-22 20:37:04,086] Trial 203 finished with values: [10.406549956306645, 10.406549956306645] and parameters: {'k1': 0.0001971137615017176, 'D_low': 2240.9155921647994, 'k2': 0.0004976087827261435, 'D_high': 61211.32154754238, 'fire_exp': 1.0871627347485018, 'P_half': 93.43302657318476, 'pre_dampen_half': 0.2774295811500811, 'gpp_af': 0.4840298156332326, 'gpp_b': 2.176805640408474e-05, 'gpp_d': 59.945376567988106, 'ign_k': 0.0029519227433917453, 'ign_c': 0.2939463458625969, 'trop_agb_crit': 3.1419938725278875, 'trop_k_veg': 0.7818074020304813, 'fuel_k': 3.826843441487285, 'fuel_half': 41.2601291684027}.
[I 2026-07-22 20:37:04,504] Trial 204 finished with values: [10.16946515985191, 10.16946515985191] and parameters: {'k1': 0.00013431925993528124, 'D_low': 11.604789380012715, 'k2': 0.0006863458703786212, 'D_high': 7589190.453000005, 'fire_exp': 1.1234725391720877, 'P_half': 44.71679901231308, 'pre_dampen_half': 0.7245868181143029, 'gpp_af': 7.62192732934522, 'gpp_b': 0.0011087183655158347, 'gpp_d': 450.59526947401275, 'ign_k': 2.7142572552186843, 'ign_c': 5.199673923878318, 'trop_agb_crit': 1.6034837661963206, 'trop_k_veg': 2.927602344444864, 'fuel_k': 0.019341658237934812, 'fuel_half': 51.01039893789344}.
[I 2026-07-22 20:37:04,928] Trial 205 finished with values: [10.50523917260959, 10.50523917260959] and parameters: {'k1': 0.0001971137615017176, 'D_low': 2240.9155921647994, 'k2': 0.0004976087827261435, 'D_high': 25566.506194206, 'fire_exp': 1.4284956407464617, 'P_half': 1524.6518242848613, 'pre_dampen_half': 281.855626699674, 'gpp_af': 0.6739998811889463, 'gpp_b': 2.176805640408474e-05, 'gpp_d': 2.545074556541602, 'ign_k': 0.008226074946221037, 'ign_c': 0.7240382572465286, 'trop_agb_crit': 1.104591719941618, 'trop_k_veg': 2.251019475487767, 'fuel_k': 3.826843441487285, 'fuel_half': 3.75205585512428}.
[I 2026-07-22 20:37:05,348] Trial 206 finished with values: [10.498417313528716, 10.498417313528716] and parameters: {'k1': 0.0001971137615017176, 'D_low': 356.959242804259, 'k2': 0.015602015889668856, 'D_high': 284.74649993162916, 'fire_exp': 1.1109593465084138, 'P_half': 2010.3283734409151, 'pre_dampen_half': 13.472769577631588, 'gpp_af': 0.8057329182285735, 'gpp_b': 0.0001484082099455773, 'gpp_d': 352.0481045526035, 'ign_k': 0.13500744867919376, 'ign_c': 0.3277022851928568, 'trop_agb_crit': 9.286923253577127, 'trop_k_veg': 2.1144348148283285, 'fuel_k': 4.0995500417030915, 'fuel_half': 72.7420826493834}.
[I 2026-07-22 20:37:05,771] Trial 207 finished with values: [-0.25890450958059336, 0.34882895970768446] and parameters: {'k1': 0.00021901578520649233, 'D_low': 1.6752866684650682, 'k2': 0.0195165137832656, 'D_high': 34634.27660734638, 'fire_exp': 1.1234725391720877, 'P_half': 56.22114524476698, 'pre_dampen_half': 52.18447053446684, 'gpp_af': 0.24002253099641152, 'gpp_b': 1.6081669283634658e-05, 'gpp_d': 352.0481045526035, 'ign_k': 0.038563028138793747, 'ign_c': 30.785541778315018, 'trop_agb_crit': 2.8869220380495735, 'trop_k_veg': 1.034587866621145, 'fuel_k': 0.025620781631399487, 'fuel_half': 0.14265186058187057}.
[I 2026-07-22 20:37:06,190] Trial 208 finished with values: [10.220733132360571, 10.220733132360571] and parameters: {'k1': 0.00013431925993528124, 'D_low': 11.604789380012715, 'k2': 0.00018245734513362482, 'D_high': 3714594.1935037985, 'fire_exp': 2.4783442138475, 'P_half': 4.395816797119711, 'pre_dampen_half': 0.1261583527429052, 'gpp_af': 7.62192732934522, 'gpp_b': 1.3289448722869181e-05, 'gpp_d': 450.59526947401275, 'ign_k': 2.5383218374507304, 'ign_c': 5.199673923878318, 'trop_agb_crit': 12.856643861355176, 'trop_k_veg': 1.1514990646668624, 'fuel_k': 0.07002142869039267, 'fuel_half': 3.75205585512428}.
