[I 2026-06-10 17:28:32,963] Trial 296 finished with values: [10.564427679432232, 10.564427679432232] and parameters: {'k1': 0.0001969885015387913, 'D_low': 148.21691630007544, 'k2': 0.00037358626308127543, 'D_high': 900.6846506533042, 'fire_exp': 1.3807440352456883, 'P_half': 3.591771421517613, 'pre_dampen_half': 2.736251365128462, 'gpp_af': 0.41874665092828456, 'gpp_b': 2.176805640408474e-05, 'gpp_d': 545.0253444559129, 'ign_k': 0.001229921046579313, 'ign_c': 99.96359851911319, 'trop_agb_crit': 12.647327018493208, 'trop_k_veg': 0.5535297685306277, 'fire_amp': 5.831305332032283}.
[I 2026-06-10 17:28:34,552] Trial 297 finished with values: [10.523451566606777, 10.523451566606777] and parameters: {'k1': 0.0003445931091927334, 'D_low': 1.7551403048208316, 'k2': 0.045914852167405346, 'D_high': 1817.0401889219124, 'fire_exp': 1.14171776851287, 'P_half': 157.80309954142965, 'pre_dampen_half': 8.259599205585761, 'gpp_af': 27.448645214004376, 'gpp_b': 0.00807491410172472, 'gpp_d': 236.32429088389833, 'ign_k': 0.0029519227433917453, 'ign_c': 120.67843549291506, 'trop_agb_crit': 10.2166878366619, 'trop_k_veg': 2.520089655463604, 'fire_amp': 1.5719333351012774}.
[I 2026-06-10 17:28:36,215] Trial 298 finished with values: [10.06468492714966, 10.06468492714966] and parameters: {'k1': 0.012840669372724958, 'D_low': 43.2326421037033, 'k2': 3.152468275632564e-05, 'D_high': 42210.21267871043, 'fire_exp': 1.14171776851287, 'P_half': 157.80309954142965, 'pre_dampen_half': 9.044346216330972, 'gpp_af': 0.8057329182285734, 'gpp_b': 0.0004125336560355494, 'gpp_d': 1.6963424566071992, 'ign_k': 0.4303356629825978, 'ign_c': 0.10435856341129002, 'trop_agb_crit': 3.1419938725278875, 'trop_k_veg': 0.6618107836658104, 'fire_amp': 1.1202509284327942}.
[I 2026-06-10 17:28:37,878] Trial 299 finished with values: [10.695815376657498, 10.695815376657498] and parameters: {'k1': 5.178197947282869e-05, 'D_low': 408.3047491580097, 'k2': 0.045914852167405346, 'D_high': 16780.50857913099, 'fire_exp': 1.4690410989404576, 'P_half': 118.94665366442581, 'pre_dampen_half': 9.044346216330972, 'gpp_af': 0.008117091133892173, 'gpp_b': 0.002416023630607169, 'gpp_d': 12.338826503601998, 'ign_k': 0.17320535908244444, 'ign_c': 1.4879588507789996, 'trop_agb_crit': 1.8566494291193822, 'trop_k_veg': 0.5535297685306277, 'fire_amp': 1.5719333351012774}.
[I 2026-06-10 17:28:39,631] Trial 300 finished with values: [10.861301398140942, 10.861301398140942] and parameters: {'k1': 0.00026539376439360527, 'D_low': 2186.356344942016, 'k2': 0.08661811390647982, 'D_high': 124.31017136067044, 'fire_exp': 1.111738490499784, 'P_half': 12.262543158860007, 'pre_dampen_half': 189.36639872354493, 'gpp_af': 96.74365715402625, 'gpp_b': 5.0875243087016374e-05, 'gpp_d': 0.030844007727232167, 'ign_k': 0.09256855841989636, 'ign_c': 7.832259769732471, 'trop_agb_crit': 1.8023542850487386, 'trop_k_veg': 1.6648666152166967, 'fire_amp': 2.042193818779288}.
[I 2026-06-10 17:28:41,313] Trial 301 finished with values: [11.290519535119085, 11.290519535119085] and parameters: {'k1': 0.0001887567630782227, 'D_low': 50.32059347286801, 'k2': 0.0010726091927327822, 'D_high': 48235.58283024493, 'fire_exp': 1.9136159174067866, 'P_half': 118.94665366442581, 'pre_dampen_half': 269.0845367054866, 'gpp_af': 0.8057329182285734, 'gpp_b': 0.0036065155862388338, 'gpp_d': 47.35384181058586, 'ign_k': 0.13500744867919376, 'ign_c': 0.6235377135673155, 'trop_agb_crit': 3.1419938725278875, 'trop_k_veg': 4.0068236274914755, 'fire_amp': 2.7556562114998226}.
[I 2026-06-10 17:28:43,058] Trial 302 finished with values: [10.876392771193746, 10.876392771193746] and parameters: {'k1': 0.0006390695092073222, 'D_low': 50.32059347286801, 'k2': 0.0010726091927327822, 'D_high': 29.126651668813768, 'fire_exp': 1.111738490499784, 'P_half': 1.4551749476072258, 'pre_dampen_half': 269.0845367054866, 'gpp_af': 0.8057329182285734, 'gpp_b': 0.049565458633074926, 'gpp_d': 0.030844007727232167, 'ign_k': 0.09256855841989636, 'ign_c': 7.832259769732471, 'trop_agb_crit': 3.1419938725278875, 'trop_k_veg': 4.0068236274914755, 'fire_amp': 1.1202509284327942}.
[I 2026-06-10 17:28:44,630] Trial 303 finished with values: [10.233263203248745, 10.233263203248745] and parameters: {'k1': 0.006079905434073396, 'D_low': 1216.4139351417061, 'k2': 1.97778285124627e-05, 'D_high': 1817.0401889219124, 'fire_exp': 1.3807440352456883, 'P_half': 45.55085098454082, 'pre_dampen_half': 2.736251365128462, 'gpp_af': 0.41874665092828456, 'gpp_b': 0.00012118589392553798, 'gpp_d': 700.6693992445935, 'ign_k': 3.965503094323014, 'ign_c': 1.4091459170104739, 'trop_agb_crit': 1.8566494291193822, 'trop_k_veg': 6.172643383211297, 'fire_amp': 5.44779717154213}.
[I 2026-06-10 17:28:46,224] Trial 304 finished with values: [10.674153130286593, 10.674153130286593] and parameters: {'k1': 5.7909642338812115e-05, 'D_low': 1739.6167422846984, 'k2': 0.00018245734513362482, 'D_high': 44974.07193749848, 'fire_exp': 1.1633452995374232, 'P_half': 1265.0580856641704, 'pre_dampen_half': 1.8469033699850426, 'gpp_af': 0.5970408652384318, 'gpp_b': 0.0172563028569556, 'gpp_d': 89.87022400646487, 'ign_k': 0.17320535908244444, 'ign_c': 0.4177928311636542, 'trop_agb_crit': 3.5874145253515306, 'trop_k_veg': 5.453348988480011, 'fire_amp': 2.818314238665462}.
[I 2026-06-10 17:28:47,992] Trial 305 finished with values: [10.4919477055697, 10.4919477055697] and parameters: {'k1': 0.00023134781612225627, 'D_low': 43.03411264066069, 'k2': 0.003767022142229395, 'D_high': 32311.521854410956, 'fire_exp': 1.811096651915224, 'P_half': 4.213183643253957, 'pre_dampen_half': 121.93011993958949, 'gpp_af': 1.9706963379095486, 'gpp_b': 0.00031478066835753096, 'gpp_d': 0.12878367369717508, 'ign_k': 0.002357279455676982, 'ign_c': 48.704711413416454, 'trop_agb_crit': 12.708819454040446, 'trop_k_veg': 0.5535297685306277, 'fire_amp': 1.5719333351012774}.
[I 2026-06-10 17:28:49,683] Trial 306 finished with values: [10.419702171798896, 10.419702171798896] and parameters: {'k1': 0.0869690639641868, 'D_low': 1074.940539517341, 'k2': 0.0007731571570012607, 'D_high': 48235.58283024493, 'fire_exp': 1.9783727454920947, 'P_half': 1.4551749476072258, 'pre_dampen_half': 30.456909077772018, 'gpp_af': 10.25616274847308, 'gpp_b': 0.006999112505425414, 'gpp_d': 1.0088237648985734, 'ign_k': 0.17320535908244444, 'ign_c': 7.832259769732471, 'trop_agb_crit': 1.8023542850487386, 'trop_k_veg': 1.6648666152166967, 'fire_amp': 4.2446263054164195}.
[I 2026-06-10 17:28:51,232] Trial 307 finished with values: [11.484188119086294, 11.484188119086294] and parameters: {'k1': 0.00023134781612225627, 'D_low': 43.03411264066069, 'k2': 0.003767022142229395, 'D_high': 32311.521854410956, 'fire_exp': 1.811096651915224, 'P_half': 8.318314747941244, 'pre_dampen_half': 121.93011993958949, 'gpp_af': 0.0065783822580709386, 'gpp_b': 1.1008110571039521e-05, 'gpp_d': 94.19931479490882, 'ign_k': 0.00840038491455979, 'ign_c': 22.126836566118193, 'trop_agb_crit': 12.708819454040446, 'trop_k_veg': 0.5535297685306277, 'fire_amp': 5.44779717154213}.
[I 2026-06-10 17:28:52,847] Trial 308 finished with values: [10.892857142659844, 10.892857142659844] and parameters: {'k1': 0.0326979063339169, 'D_low': 43.2326421037033, 'k2': 1.97778285124627e-05, 'D_high': 18108.14362107968, 'fire_exp': 1.3807440352456883, 'P_half': 45.55085098454082, 'pre_dampen_half': 2.736251365128462, 'gpp_af': 0.41874665092828456, 'gpp_b': 2.4063018320720924e-05, 'gpp_d': 700.6693992445935, 'ign_k': 0.4303356629825978, 'ign_c': 59.52904331761843, 'trop_agb_crit': 1.8566494291193822, 'trop_k_veg': 0.5535297685306277, 'fire_amp': 1.1202509284327942}.
[I 2026-06-10 17:28:54,560] Trial 309 finished with values: [14.45872844575669, 14.45872844575669] and parameters: {'k1': 5.7909642338812115e-05, 'D_low': 2186.356344942016, 'k2': 1.97778285124627e-05, 'D_high': 1266.9536563782303, 'fire_exp': 1.111738490499784, 'P_half': 45.55085098454082, 'pre_dampen_half': 189.36639872354493, 'gpp_af': 0.41874665092828456, 'gpp_b': 5.0875243087016374e-05, 'gpp_d': 7.631016235941559, 'ign_k': 0.09256855841989636, 'ign_c': 0.4177928311636542, 'trop_agb_crit': 1.8023542850487386, 'trop_k_veg': 1.6648666152166967, 'fire_amp': 5.44779717154213}.
[I 2026-06-10 17:28:56,385] Trial 310 finished with values: [10.537326959602309, 10.537326959602309] and parameters: {'k1': 0.00026539376439360527, 'D_low': 43.2326421037033, 'k2': 7.639737756882014e-05, 'D_high': 21.356209987689077, 'fire_exp': 1.111738490499784, 'P_half': 157.80309954142965, 'pre_dampen_half': 8.259599205585761, 'gpp_af': 27.448645214004376, 'gpp_b': 0.12105864607844925, 'gpp_d': 545.0253444559129, 'ign_k': 0.09256855841989636, 'ign_c': 1.4091459170104739, 'trop_agb_crit': 8.188098178380693, 'trop_k_veg': 6.172643383211297, 'fire_amp': 1.4475279918261055}.
[I 2026-06-10 17:28:57,992] Trial 311 finished with values: [10.858206874690573, 10.858206874690573] and parameters: {'k1': 0.03648456083047798, 'D_low': 236.79352040223893, 'k2': 0.003767022142229395, 'D_high': 42.242359735170886, 'fire_exp': 1.7792742686803427, 'P_half': 157.3644610977214, 'pre_dampen_half': 38.00678588560607, 'gpp_af': 1.8730788990929563, 'gpp_b': 0.0004360709560327289, 'gpp_d': 594.7389794988394, 'ign_k': 0.0032383308053152635, 'ign_c': 48.704711413416454, 'trop_agb_crit': 8.0091368834625, 'trop_k_veg': 2.99731137426955, 'fire_amp': 4.19233232783727}.
[I 2026-06-10 17:28:59,588] Trial 312 finished with values: [10.024173574017295, 10.024173574017295] and parameters: {'k1': 0.016973078532467004, 'D_low': 148.21691630007544, 'k2': 0.0001016707987819611, 'D_high': 2427.054417940131, 'fire_exp': 1.5191397119156032, 'P_half': 8.318314747941244, 'pre_dampen_half': 8.259599205585761, 'gpp_af': 0.10098504976210308, 'gpp_b': 1.1008110571039521e-05, 'gpp_d': 545.0253444559129, 'ign_k': 0.004105873950290761, 'ign_c': 22.126836566118193, 'trop_agb_crit': 1.5033346993841157, 'trop_k_veg': 2.724170387400844, 'fire_amp': 5.44779717154213}.
[I 2026-06-10 17:29:01,317] Trial 313 finished with values: [10.892857142659844, 10.892857142659844] and parameters: {'k1': 0.006079905434073396, 'D_low': 43.2326421037033, 'k2': 0.045914852167405346, 'D_high': 16780.50857913099, 'fire_exp': 8.930248873821906, 'P_half': 3.591771421517613, 'pre_dampen_half': 903.3231300044874, 'gpp_af': 0.008117091133892173, 'gpp_b': 0.6089142387470042, 'gpp_d': 12.338826503601998, 'ign_k': 0.004020051040432127, 'ign_c': 7.081721844034206, 'trop_agb_crit': 3.1419938725278875, 'trop_k_veg': 0.5535297685306277, 'fire_amp': 1.1202509284327942}.
[I 2026-06-10 17:29:03,059] Trial 314 finished with values: [10.36010276720369, 10.36010276720369] and parameters: {'k1': 5.7909642338812115e-05, 'D_low': 148.21691630007544, 'k2': 0.0001016707987819611, 'D_high': 2427.054417940131, 'fire_exp': 1.5191397119156032, 'P_half': 8.318314747941244, 'pre_dampen_half': 8.259599205585761, 'gpp_af': 0.10098504976210308, 'gpp_b': 0.004411400434514031, 'gpp_d': 545.0253444559129, 'ign_k': 0.17320535908244444, 'ign_c': 0.4177928311636542, 'trop_agb_crit': 1.5033346993841157, 'trop_k_veg': 5.453348988480011, 'fire_amp': 5.44779717154213}.
[I 2026-06-10 17:29:05,014] Trial 315 finished with values: [10.737156997301243, 10.737156997301243] and parameters: {'k1': 5.7909642338812115e-05, 'D_low': 43.2326421037033, 'k2': 0.045914852167405346, 'D_high': 16780.50857913099, 'fire_exp': 1.1633452995374232, 'P_half': 1265.0580856641704, 'pre_dampen_half': 1.4510220269654117, 'gpp_af': 52.24919465719593, 'gpp_b': 0.00807491410172472, 'gpp_d': 12.338826503601998, 'ign_k': 0.17320535908244444, 'ign_c': 7.081721844034206, 'trop_agb_crit': 2.1989086830950257, 'trop_k_veg': 1.600928934389327, 'fire_amp': 3.139567065154707}.
[I 2026-06-10 17:29:06,828] Trial 316 finished with values: [10.668003152521768, 10.668003152521768] and parameters: {'k1': 0.00026539376439360527, 'D_low': 1074.940539517341, 'k2': 1.1417577140741129e-05, 'D_high': 29.126651668813768, 'fire_exp': 1.111738490499784, 'P_half': 38.93835424674703, 'pre_dampen_half': 189.36639872354493, 'gpp_af': 3.298293484806585, 'gpp_b': 0.006999112505425414, 'gpp_d': 0.030844007727232167, 'ign_k': 0.09256855841989636, 'ign_c': 7.832259769732471, 'trop_agb_crit': 1.8023542850487386, 'trop_k_veg': 1.6648666152166967, 'fire_amp': 2.042193818779288}.
[I 2026-06-10 17:29:08,557] Trial 317 finished with values: [10.715453946455511, 10.715453946455511] and parameters: {'k1': 5.7909642338812115e-05, 'D_low': 24.28756508761176, 'k2': 1.97778285124627e-05, 'D_high': 1266.9536563782303, 'fire_exp': 1.3807440352456883, 'P_half': 45.55085098454082, 'pre_dampen_half': 1.8469033699850426, 'gpp_af': 0.41874665092828456, 'gpp_b': 0.004411400434514031, 'gpp_d': 7.631016235941559, 'ign_k': 0.15974581244256694, 'ign_c': 7.832259769732471, 'trop_agb_crit': 3.430044314610246, 'trop_k_veg': 5.453348988480011, 'fire_amp': 3.1045399027418377}.
[I 2026-06-10 17:29:10,363] Trial 318 finished with values: [10.696008334539128, 10.696008334539128] and parameters: {'k1': 0.012840669372724958, 'D_low': 171.2446447678494, 'k2': 3.152468275632564e-05, 'D_high': 42210.21267871043, 'fire_exp': 1.14171776851287, 'P_half': 157.80309954142965, 'pre_dampen_half': 0.011396414164620812, 'gpp_af': 0.09885838682552685, 'gpp_b': 0.0004125336560355494, 'gpp_d': 0.7698760608299932, 'ign_k': 0.0029519227433917453, 'ign_c': 0.4177928311636542, 'trop_agb_crit': 1.8566494291193822, 'trop_k_veg': 2.520089655463604, 'fire_amp': 5.44779717154213}.
[I 2026-06-10 17:29:12,083] Trial 319 finished with values: [10.374097632018527, 10.374097632018527] and parameters: {'k1': 0.012840669372724958, 'D_low': 236.79352040223893, 'k2': 0.00012498583886387654, 'D_high': 431.45617043093523, 'fire_exp': 1.14171776851287, 'P_half': 157.80309954142965, 'pre_dampen_half': 9.044346216330972, 'gpp_af': 1.9706963379095486, 'gpp_b': 0.001674375583895437, 'gpp_d': 1.4397852866783676, 'ign_k': 8.628009047476775, 'ign_c': 0.10435856341129002, 'trop_agb_crit': 1.0693376406863295, 'trop_k_veg': 2.99731137426955, 'fire_amp': 2.0822063607840695}.
[I 2026-06-10 17:29:13,776] Trial 320 finished with values: [10.703779847490535, 10.703779847490535] and parameters: {'k1': 0.00026539376439360527, 'D_low': 1074.940539517341, 'k2': 0.0007731571570012607, 'D_high': 48235.58283024493, 'fire_exp': 1.1633452995374232, 'P_half': 1265.0580856641704, 'pre_dampen_half': 253.71947027764784, 'gpp_af': 0.41874665092828456, 'gpp_b': 0.006999112505425414, 'gpp_d': 0.030844007727232167, 'ign_k': 0.09256855841989636, 'ign_c': 0.6235377135673155, 'trop_agb_crit': 1.8023542850487386, 'trop_k_veg': 5.453348988480011, 'fire_amp': 2.6192385880432525}.
[I 2026-06-10 17:29:15,321] Trial 321 finished with values: [11.046377417008994, 11.046377417008994] and parameters: {'k1': 0.0001887567630782227, 'D_low': 50.32059347286801, 'k2': 0.003767022142229395, 'D_high': 32311.521854410956, 'fire_exp': 1.811096651915224, 'P_half': 4.213183643253957, 'pre_dampen_half': 269.0845367054866, 'gpp_af': 0.8057329182285734, 'gpp_b': 0.00031478066835753096, 'gpp_d': 47.35384181058586, 'ign_k': 0.002357279455676982, 'ign_c': 1.3431925993528124, 'trop_agb_crit': 12.708819454040446, 'trop_k_veg': 4.0068236274914755, 'fire_amp': 2.7556562114998226}.
[I 2026-06-10 17:29:16,864] Trial 322 finished with values: [10.04469098862336, 10.04469098862336] and parameters: {'k1': 0.037704815040649445, 'D_low': 12.105387404469584, 'k2': 0.003767022142229395, 'D_high': 18108.14362107968, 'fire_exp': 1.0601964743503993, 'P_half': 69.68111190775313, 'pre_dampen_half': 269.0845367054866, 'gpp_af': 0.0662749342026412, 'gpp_b': 0.049565458633074926, 'gpp_d': 28.312234265202243, 'ign_k': 0.00840038491455979, 'ign_c': 1.3431925993528124, 'trop_agb_crit': 3.1419938725278875, 'trop_k_veg': 4.0068236274914755, 'fire_amp': 1.1202509284327942}.
[I 2026-06-10 17:29:18,547] Trial 323 finished with values: [10.23787414387693, 10.23787414387693] and parameters: {'k1': 0.006079905434073396, 'D_low': 12.105387404469584, 'k2': 0.003767022142229395, 'D_high': 83.14160873549643, 'fire_exp': 1.0601964743503993, 'P_half': 1.4551749476072258, 'pre_dampen_half': 38.00678588560607, 'gpp_af': 0.008117091133892173, 'gpp_b': 0.00807491410172472, 'gpp_d': 7.631016235941559, 'ign_k': 0.09256855841989636, 'ign_c': 7.832259769732471, 'trop_agb_crit': 1.0693376406863295, 'trop_k_veg': 0.6673124511410327, 'fire_amp': 4.19233232783727}.
[I 2026-06-10 17:29:20,138] Trial 324 finished with values: [16.616741453331564, 16.616741453331564] and parameters: {'k1': 0.00031134168041628584, 'D_low': 50.32059347286801, 'k2': 0.0010726091927327822, 'D_high': 18108.14362107968, 'fire_exp': 1.633445707733642, 'P_half': 69.68111190775313, 'pre_dampen_half': 269.0845367054866, 'gpp_af': 0.8057329182285734, 'gpp_b': 1.4540386644083135e-05, 'gpp_d': 28.312234265202243, 'ign_k': 0.13500744867919376, 'ign_c': 1.3431925993528124, 'trop_agb_crit': 1.0693376406863295, 'trop_k_veg': 0.5450786550840475, 'fire_amp': 4.783836175730692}.
[I 2026-06-10 17:29:21,735] Trial 325 finished with values: [10.868253074676106, 10.868253074676106] and parameters: {'k1': 0.0326979063339169, 'D_low': 43.2326421037033, 'k2': 0.045914852167405346, 'D_high': 18108.14362107968, 'fire_exp': 1.4690410989404576, 'P_half': 3.591771421517613, 'pre_dampen_half': 18.127341934230078, 'gpp_af': 0.10098504976210308, 'gpp_b': 0.6089142387470042, 'gpp_d': 12.338826503601998, 'ign_k': 0.4303356629825978, 'ign_c': 22.126836566118193, 'trop_agb_crit': 3.1419938725278875, 'trop_k_veg': 1.6648666152166967, 'fire_amp': 1.4475279918261055}.
[I 2026-06-10 17:29:23,259] Trial 326 finished with values: [10.860911396724877, 10.860911396724877] and parameters: {'k1': 0.0001887567630782227, 'D_low': 50.32059347286801, 'k2': 0.003767022142229395, 'D_high': 18108.14362107968, 'fire_exp': 1.9136159174067866, 'P_half': 782.8534228218628, 'pre_dampen_half': 0.6960360257735198, 'gpp_af': 0.3015634307185767, 'gpp_b': 0.049565458633074926, 'gpp_d': 47.35384181058586, 'ign_k': 0.13500744867919376, 'ign_c': 1.3431925993528124, 'trop_agb_crit': 3.1419938725278875, 'trop_k_veg': 4.0068236274914755, 'fire_amp': 2.7556562114998226}.
[I 2026-06-10 17:29:24,969] Trial 327 finished with values: [10.362107329035622, 10.362107329035622] and parameters: {'k1': 0.0001887567630782227, 'D_low': 50.32059347286801, 'k2': 0.0010726091927327822, 'D_high': 18108.14362107968, 'fire_exp': 1.9136159174067866, 'P_half': 277.00025557434554, 'pre_dampen_half': 269.0845367054866, 'gpp_af': 0.8057329182285734, 'gpp_b': 0.049565458633074926, 'gpp_d': 47.35384181058586, 'ign_k': 0.13500744867919376, 'ign_c': 1.3431925993528124, 'trop_agb_crit': 3.1419938725278875, 'trop_k_veg': 4.0068236274914755, 'fire_amp': 1.1202509284327942}.
[I 2026-06-10 17:29:26,675] Trial 328 finished with values: [10.704901658342282, 10.704901658342282] and parameters: {'k1': 0.016973078532467004, 'D_low': 1216.4139351417061, 'k2': 0.028670350305540694, 'D_high': 1817.0401889219124, 'fire_exp': 1.5191397119156032, 'P_half': 78.13392238162733, 'pre_dampen_half': 2.736251365128462, 'gpp_af': 0.10098504976210308, 'gpp_b': 1.1008110571039521e-05, 'gpp_d': 700.6693992445935, 'ign_k': 3.965503094323014, 'ign_c': 1.4091459170104739, 'trop_agb_crit': 1.8566494291193822, 'trop_k_veg': 6.172643383211297, 'fire_amp': 5.667622640988655}.
[I 2026-06-10 17:29:28,203] Trial 329 finished with values: [10.892685811454532, 10.892685811454532] and parameters: {'k1': 0.006079905434073396, 'D_low': 1216.4139351417061, 'k2': 0.045914852167405346, 'D_high': 55.22071973135807, 'fire_exp': 1.3807440352456883, 'P_half': 45.55085098454082, 'pre_dampen_half': 220.35141300841897, 'gpp_af': 0.41874665092828456, 'gpp_b': 0.00012118589392553798, 'gpp_d': 76.38081075786287, 'ign_k': 3.965503094323014, 'ign_c': 7.081721844034206, 'trop_agb_crit': 1.8566494291193822, 'trop_k_veg': 0.5535297685306277, 'fire_amp': 5.44779717154213}.
[I 2026-06-10 17:29:29,747] Trial 330 finished with values: [10.166020433063135, 10.166020433063135] and parameters: {'k1': 0.016973078532467004, 'D_low': 148.21691630007544, 'k2': 0.02065142557895925, 'D_high': 2427.054417940131, 'fire_exp': 1.5191397119156032, 'P_half': 70.91190338709636, 'pre_dampen_half': 9.044346216330972, 'gpp_af': 5.470750401264765, 'gpp_b': 1.1008110571039521e-05, 'gpp_d': 545.0253444559129, 'ign_k': 0.004105873950290761, 'ign_c': 22.126836566118193, 'trop_agb_crit': 1.0189592979395135, 'trop_k_veg': 2.724170387400844, 'fire_amp': 2.6192385880432525}.
[I 2026-06-10 17:29:31,231] Trial 331 finished with values: [13.779972036451444, 13.779972036451444] and parameters: {'k1': 0.01212515722046018, 'D_low': 1.7551403048208316, 'k2': 0.045914852167405346, 'D_high': 1266.9536563782303, 'fire_exp': 1.41873960828944, 'P_half': 3.591771421517613, 'pre_dampen_half': 189.36639872354493, 'gpp_af': 0.41874665092828456, 'gpp_b': 0.00807491410172472, 'gpp_d': 167.46194867675757, 'ign_k': 0.004105873950290761, 'ign_c': 110.68683358440691, 'trop_agb_crit': 8.639792249596399, 'trop_k_veg': 1.6648666152166967, 'fire_amp': 5.831305332032283}.
[I 2026-06-10 17:29:32,877] Trial 332 finished with values: [10.272700196542754, 10.272700196542754] and parameters: {'k1': 0.012840669372724958, 'D_low': 171.2446447678494, 'k2': 0.0001016707987819611, 'D_high': 42210.21267871043, 'fire_exp': 1.14171776851287, 'P_half': 157.80309954142965, 'pre_dampen_half': 8.259599205585761, 'gpp_af': 0.10098504976210308, 'gpp_b': 0.05719024141066792, 'gpp_d': 545.0253444559129, 'ign_k': 0.004105873950290761, 'ign_c': 22.126836566118193, 'trop_agb_crit': 1.1683326952092081, 'trop_k_veg': 0.6618107836658104, 'fire_amp': 5.44779717154213}.
