[I 2026-08-06 11:26:33,569] Trial 314 finished with values: [10.620219046763278, 10.620219046763278] and parameters: {'k1': 0.04669327135003539, 'D_low': 7.299348683062307, 'k2': 1.1065812688893481e-05, 'D_high': 78.57247967427125, 'fire_exp': 1.1263716762638152, 'P_half': 4.213183643253957, 'pre_dampen_half': 0.2888838362365318, 'gpp_af': 1.9706963379095486, 'gpp_b': 0.01666658176842624, 'gpp_d': 1.6983565276584263, 'ign_k': 0.6161423618045312, 'ign_c': 1.9580595319750387, 'trop_agb_crit': 14.948114979829949, 'trop_k_veg': 2.5878603012249104}.
[I 2026-08-06 11:26:34,804] Trial 315 finished with values: [10.21430649287114, 10.21430649287114] and parameters: {'k1': 0.06994589881535453, 'D_low': 1.54121727098019, 'k2': 0.003101429427212743, 'D_high': 21.947742689197344, 'fire_exp': 1.1263716762638152, 'P_half': 9.324787201197319, 'pre_dampen_half': 63.6685916079943, 'gpp_af': 0.6403036652671171, 'gpp_b': 0.42247700890263645, 'gpp_d': 2.944272359149677, 'ign_k': 0.12329098365270515, 'ign_c': 5.13055176058983, 'trop_agb_crit': 24.584290528289387, 'trop_k_veg': 1.0594599158279707}.
[I 2026-08-06 11:26:36,029] Trial 316 finished with values: [-0.5201054611513094, 0.10179843193238647] and parameters: {'k1': 0.06598741607403362, 'D_low': 1.54121727098019, 'k2': 0.0007047307383115598, 'D_high': 3712.591045287726, 'fire_exp': 1.4665043946307825, 'P_half': 140.74279366401683, 'pre_dampen_half': 502.5175192217655, 'gpp_af': 0.7951170003631387, 'gpp_b': 1.284284091405877e-05, 'gpp_d': 16.460426816350523, 'ign_k': 0.0023224552232891564, 'ign_c': 323.47703263192955, 'trop_agb_crit': 24.584290528289387, 'trop_k_veg': 2.4336356947036335}.
[I 2026-08-06 11:26:37,261] Trial 317 finished with values: [-0.526346067017824, 0.02742619337493757] and parameters: {'k1': 0.01889771394135163, 'D_low': 40.12413353131991, 'k2': 0.03538758864779238, 'D_high': 1236.6924205139144, 'fire_exp': 1.1263716762638152, 'P_half': 1.605843632310088, 'pre_dampen_half': 3.3841016089580034, 'gpp_af': 0.6403036652671171, 'gpp_b': 0.0054502936945582505, 'gpp_d': 229.41380323183625, 'ign_k': 5.351470428717437, 'ign_c': 1.9580595319750387, 'trop_agb_crit': 6.119263728555865, 'trop_k_veg': 1.0594599158279707}.
[I 2026-08-06 11:26:38,483] Trial 318 finished with values: [10.5767727538975, 10.5767727538975] and parameters: {'k1': 0.008912611835817005, 'D_low': 4.484744524732794, 'k2': 1.915468390724633e-05, 'D_high': 645.2946500764235, 'fire_exp': 1.0629462657398439, 'P_half': 140.74279366401683, 'pre_dampen_half': 0.21281400894533783, 'gpp_af': 0.6403036652671171, 'gpp_b': 0.0005739662837359252, 'gpp_d': 16.460426816350523, 'ign_k': 0.21006485619596416, 'ign_c': 2.8335389417624683, 'trop_agb_crit': 1.553492793799819, 'trop_k_veg': 3.1473758868965476}.
[I 2026-08-06 11:26:39,686] Trial 319 finished with values: [10.201359269807288, 10.201359269807288] and parameters: {'k1': 2.316457903103837e-05, 'D_low': 12.105387404469584, 'k2': 0.014344484793173472, 'D_high': 774.2116473996249, 'fire_exp': 1.3170256885255098, 'P_half': 4.213183643253957, 'pre_dampen_half': 8.594202650742222, 'gpp_af': 0.6403036652671171, 'gpp_b': 7.210246166617508e-05, 'gpp_d': 2.944272359149677, 'ign_k': 3.589155871450839, 'ign_c': 2.8335389417624683, 'trop_agb_crit': 24.80219492452611, 'trop_k_veg': 3.49157152291552}.
[I 2026-08-06 11:26:40,907] Trial 320 finished with values: [11.08031785172638, 11.08031785172638] and parameters: {'k1': 2.766282010813135e-05, 'D_low': 284.21405887320833, 'k2': 0.0007047307383115598, 'D_high': 63233.81951066786, 'fire_exp': 1.1430983876313219, 'P_half': 4.213183643253957, 'pre_dampen_half': 63.6685916079943, 'gpp_af': 0.6403036652671171, 'gpp_b': 1.3289448722869181e-05, 'gpp_d': 229.41380323183625, 'ign_k': 0.12329098365270515, 'ign_c': 0.70689749506246, 'trop_agb_crit': 7.500118950416987, 'trop_k_veg': 0.6673124511410327}.
[I 2026-08-06 11:26:42,174] Trial 321 finished with values: [10.422043685720968, 10.422043685720968] and parameters: {'k1': 0.06646698709242517, 'D_low': 1.54121727098019, 'k2': 0.03538758864779238, 'D_high': 3712.591045287726, 'fire_exp': 1.4665043946307825, 'P_half': 2808.7330790064375, 'pre_dampen_half': 502.5175192217655, 'gpp_af': 0.7951170003631387, 'gpp_b': 0.00431329787498825, 'gpp_d': 2.944272359149677, 'ign_k': 0.0023224552232891564, 'ign_c': 1.9580595319750387, 'trop_agb_crit': 6.119263728555865, 'trop_k_veg': 2.4336356947036335}.
[I 2026-08-06 11:26:43,389] Trial 322 finished with values: [10.150361687712532, 10.150361687712532] and parameters: {'k1': 0.06994589881535453, 'D_low': 1.54121727098019, 'k2': 0.03538758864779238, 'D_high': 3712.591045287726, 'fire_exp': 1.2918065501148304, 'P_half': 9.324787201197319, 'pre_dampen_half': 502.5175192217655, 'gpp_af': 0.6403036652671171, 'gpp_b': 0.42247700890263645, 'gpp_d': 2.944272359149677, 'ign_k': 0.0680787482656459, 'ign_c': 5.13055176058983, 'trop_agb_crit': 7.500118950416987, 'trop_k_veg': 0.6743482387129308}.
[I 2026-08-06 11:26:44,612] Trial 323 finished with values: [10.769162835417411, 10.769162835417411] and parameters: {'k1': 0.004312951023617458, 'D_low': 1730.0724838654367, 'k2': 0.011715293025123641, 'D_high': 76.19822175388143, 'fire_exp': 1.1430983876313219, 'P_half': 175.2878790340412, 'pre_dampen_half': 5.048653998722947, 'gpp_af': 1.6059727222314273, 'gpp_b': 0.0021331409710300844, 'gpp_d': 16.460426816350523, 'ign_k': 0.01364908766641695, 'ign_c': 2.8335389417624683, 'trop_agb_crit': 9.286923253577127, 'trop_k_veg': 2.4336356947036335}.
[I 2026-08-06 11:26:45,916] Trial 324 finished with values: [-0.5431374525745734, 0.11987939353727872] and parameters: {'k1': 0.06598741607403362, 'D_low': 159.7458124425669, 'k2': 1.915468390724633e-05, 'D_high': 22.281634177046417, 'fire_exp': 1.0629462657398439, 'P_half': 5.076307782729897, 'pre_dampen_half': 502.5175192217655, 'gpp_af': 0.7539992074650279, 'gpp_b': 0.0005392415140872105, 'gpp_d': 16.460426816350523, 'ign_k': 0.0680787482656459, 'ign_c': 15.221840161091626, 'trop_agb_crit': 1.0455434848969813, 'trop_k_veg': 3.869465953383845}.
[I 2026-08-06 11:26:47,162] Trial 325 finished with values: [10.662076120627393, 10.662076120627393] and parameters: {'k1': 0.008912611835817005, 'D_low': 4.484744524732794, 'k2': 1.915468390724633e-05, 'D_high': 5670.3463356272905, 'fire_exp': 2.561257322703973, 'P_half': 4.213183643253957, 'pre_dampen_half': 502.5175192217655, 'gpp_af': 0.07302012718529301, 'gpp_b': 0.0001314103502608067, 'gpp_d': 16.460426816350523, 'ign_k': 0.01364908766641695, 'ign_c': 11.400863701127316, 'trop_agb_crit': 1.0455434848969813, 'trop_k_veg': 2.4336356947036335}.
[I 2026-08-06 11:26:48,353] Trial 326 finished with values: [10.274593556914713, 10.274593556914713] and parameters: {'k1': 0.00031134168041628584, 'D_low': 12.105387404469584, 'k2': 0.0007047307383115598, 'D_high': 61536.58035691648, 'fire_exp': 1.0362310858538248, 'P_half': 4.213183643253957, 'pre_dampen_half': 63.6685916079943, 'gpp_af': 1.9706963379095486, 'gpp_b': 0.0005739662837359252, 'gpp_d': 0.12878367369717508, 'ign_k': 0.010939944910100021, 'ign_c': 11.400863701127316, 'trop_agb_crit': 1.0693376406863295, 'trop_k_veg': 0.6673124511410327}.
[I 2026-08-06 11:26:49,556] Trial 327 finished with values: [-0.5178317926342612, 0.17444465015774668] and parameters: {'k1': 0.007828534228218626, 'D_low': 38.82837025280678, 'k2': 1.1065812688893481e-05, 'D_high': 3712.591045287726, 'fire_exp': 1.1430983876313219, 'P_half': 4.213183643253957, 'pre_dampen_half': 63.6685916079943, 'gpp_af': 0.6403036652671171, 'gpp_b': 1.3289448722869181e-05, 'gpp_d': 1.6983565276584263, 'ign_k': 0.010167079878196114, 'ign_c': 7.4063809263110905, 'trop_agb_crit': 7.500118950416987, 'trop_k_veg': 0.6673124511410327}.
[I 2026-08-06 11:26:50,780] Trial 328 finished with values: [10.44673511558524, 10.44673511558524] and parameters: {'k1': 0.008471801418819975, 'D_low': 355.00125258511594, 'k2': 0.011715293025123641, 'D_high': 1123.9682517242118, 'fire_exp': 1.1430983876313219, 'P_half': 175.2878790340412, 'pre_dampen_half': 5.048653998722947, 'gpp_af': 0.7539992074650279, 'gpp_b': 0.0021331409710300844, 'gpp_d': 2.944272359149677, 'ign_k': 0.21006485619596416, 'ign_c': 5.13055176058983, 'trop_agb_crit': 14.948114979829949, 'trop_k_veg': 3.1473758868965476}.
[I 2026-08-06 11:26:51,962] Trial 329 finished with values: [10.561408220916155, 10.561408220916155] and parameters: {'k1': 0.002155595057104387, 'D_low': 12.105387404469584, 'k2': 1.1065812688893481e-05, 'D_high': 2289.1315306837046, 'fire_exp': 1.0601964743503993, 'P_half': 5.076307782729897, 'pre_dampen_half': 3.0156343071857648, 'gpp_af': 0.7539992074650279, 'gpp_b': 0.012132126638791128, 'gpp_d': 16.460426816350523, 'ign_k': 0.002109525908590576, 'ign_c': 18.219343937475102, 'trop_agb_crit': 10.691477813613638, 'trop_k_veg': 0.6673124511410327}.
[I 2026-08-06 11:26:53,188] Trial 330 finished with values: [10.450305817231678, 10.450305817231678] and parameters: {'k1': 5.2759586181451185e-05, 'D_low': 40.12413353131991, 'k2': 0.032845299795769424, 'D_high': 774.2116473996249, 'fire_exp': 1.3170256885255098, 'P_half': 9.324787201197319, 'pre_dampen_half': 3.3841016089580034, 'gpp_af': 0.6403036652671171, 'gpp_b': 0.0054502936945582505, 'gpp_d': 8.057329182285729, 'ign_k': 5.351470428717437, 'ign_c': 5.13055176058983, 'trop_agb_crit': 6.119263728555865, 'trop_k_veg': 0.5772603928610088}.
[I 2026-08-06 11:26:54,524] Trial 331 finished with values: [10.37127098030976, 10.37127098030976] and parameters: {'k1': 0.008912611835817005, 'D_low': 12.105387404469584, 'k2': 1.1065812688893481e-05, 'D_high': 75.98586431588787, 'fire_exp': 1.3170256885255098, 'P_half': 323.6099399575106, 'pre_dampen_half': 63.6685916079943, 'gpp_af': 5.335773317316405, 'gpp_b': 0.0005392415140872105, 'gpp_d': 16.460426816350523, 'ign_k': 0.01364908766641695, 'ign_c': 15.221840161091626, 'trop_agb_crit': 24.584290528289387, 'trop_k_veg': 2.4336356947036335}.
[I 2026-08-06 11:26:55,821] Trial 332 finished with values: [10.762988267778963, 10.762988267778963] and parameters: {'k1': 2.316457903103837e-05, 'D_low': 520.4862686958022, 'k2': 1.1065812688893481e-05, 'D_high': 3712.591045287726, 'fire_exp': 1.3170256885255098, 'P_half': 1.605843632310088, 'pre_dampen_half': 63.6685916079943, 'gpp_af': 0.6403036652671171, 'gpp_b': 0.0005739662837359252, 'gpp_d': 4.25060659305504, 'ign_k': 0.12329098365270515, 'ign_c': 54.079797238871784, 'trop_agb_crit': 6.119263728555865, 'trop_k_veg': 0.6743482387129308}.
[I 2026-08-06 11:26:57,153] Trial 333 finished with values: [10.373172967690515, 10.373172967690515] and parameters: {'k1': 0.004312951023617458, 'D_low': 4.484744524732794, 'k2': 1.1065812688893481e-05, 'D_high': 5670.3463356272905, 'fire_exp': 1.2918065501148304, 'P_half': 4.213183643253957, 'pre_dampen_half': 38.00678588560607, 'gpp_af': 1.6059727222314273, 'gpp_b': 0.0001314103502608067, 'gpp_d': 2.944272359149677, 'ign_k': 0.0020161527752598613, 'ign_c': 2.8335389417624683, 'trop_agb_crit': 1.0455434848969813, 'trop_k_veg': 2.4336356947036335}.
[I 2026-08-06 11:26:58,395] Trial 334 finished with values: [11.300868640344957, 11.300868640344957] and parameters: {'k1': 0.01889771394135163, 'D_low': 2.143851363193517, 'k2': 0.03538758864779238, 'D_high': 1236.6924205139144, 'fire_exp': 1.1263716762638152, 'P_half': 175.2878790340412, 'pre_dampen_half': 63.6685916079943, 'gpp_af': 0.10409127568994281, 'gpp_b': 1.3289448722869181e-05, 'gpp_d': 229.41380323183625, 'ign_k': 2.539964555451684, 'ign_c': 1.9580595319750387, 'trop_agb_crit': 6.119263728555865, 'trop_k_veg': 0.6673124511410327}.
[I 2026-08-06 11:26:59,598] Trial 335 finished with values: [10.312795911178627, 10.312795911178627] and parameters: {'k1': 0.012021930484915042, 'D_low': 355.00125258511594, 'k2': 0.0009562822793888481, 'D_high': 1615.0602315370222, 'fire_exp': 1.3170256885255098, 'P_half': 5.076307782729897, 'pre_dampen_half': 63.6685916079943, 'gpp_af': 2.6003623362924237, 'gpp_b': 7.210246166617508e-05, 'gpp_d': 4.25060659305504, 'ign_k': 5.351470428717437, 'ign_c': 24.398964530167703, 'trop_agb_crit': 10.691477813613638, 'trop_k_veg': 6.45312300188076}.
[I 2026-08-06 11:27:00,878] Trial 336 finished with values: [10.763524464501131, 10.763524464501131] and parameters: {'k1': 0.011966626407443505, 'D_low': 12.105387404469584, 'k2': 1.1065812688893481e-05, 'D_high': 2289.1315306837046, 'fire_exp': 1.0601964743503993, 'P_half': 4.213183643253957, 'pre_dampen_half': 331.7366635899375, 'gpp_af': 1.9706963379095486, 'gpp_b': 0.0005739662837359252, 'gpp_d': 82.84476373292449, 'ign_k': 0.038563028138793747, 'ign_c': 8.40543912931368, 'trop_agb_crit': 18.785197416433792, 'trop_k_veg': 0.6743482387129308}.
[I 2026-08-06 11:27:02,182] Trial 337 finished with values: [10.093002069506335, 10.093002069506335] and parameters: {'k1': 0.008471801418819975, 'D_low': 83.62695993649682, 'k2': 0.03538758864779238, 'D_high': 1236.6924205139144, 'fire_exp': 1.1263716762638152, 'P_half': 175.2878790340412, 'pre_dampen_half': 3.3841016089580034, 'gpp_af': 0.6403036652671171, 'gpp_b': 0.0021331409710300844, 'gpp_d': 16.460426816350523, 'ign_k': 5.351470428717437, 'ign_c': 0.70689749506246, 'trop_agb_crit': 7.499945891579917, 'trop_k_veg': 1.0594599158279707}.
[I 2026-08-06 11:27:03,447] Trial 338 finished with values: [10.51957352763186, 10.51957352763186] and parameters: {'k1': 0.008912611835817005, 'D_low': 520.4862686958022, 'k2': 0.019894080167856886, 'D_high': 1615.0602315370222, 'fire_exp': 1.7329145403564932, 'P_half': 4.213183643253957, 'pre_dampen_half': 502.5175192217655, 'gpp_af': 1.1300566419249864, 'gpp_b': 0.0012213924959062798, 'gpp_d': 16.460426816350523, 'ign_k': 0.01364908766641695, 'ign_c': 2.8335389417624683, 'trop_agb_crit': 24.584290528289387, 'trop_k_veg': 0.5772603928610088}.
[I 2026-08-06 11:27:04,685] Trial 339 finished with values: [10.542490203365869, 10.542490203365869] and parameters: {'k1': 0.004312951023617458, 'D_low': 7.299348683062307, 'k2': 0.0154590023470884, 'D_high': 21.947742689197344, 'fire_exp': 1.0362310858538248, 'P_half': 4.213183643253957, 'pre_dampen_half': 24.551654436784773, 'gpp_af': 1.6059727222314273, 'gpp_b': 0.0001314103502608067, 'gpp_d': 16.460426816350523, 'ign_k': 0.01364908766641695, 'ign_c': 2.8335389417624683, 'trop_agb_crit': 1.0455434848969813, 'trop_k_veg': 2.4336356947036335}.
[I 2026-08-06 11:27:05,891] Trial 340 finished with values: [10.039994436783552, 10.039994436783552] and parameters: {'k1': 0.00031134168041628584, 'D_low': 12.105387404469584, 'k2': 0.0007047307383115598, 'D_high': 61536.58035691648, 'fire_exp': 1.0362310858538248, 'P_half': 4.213183643253957, 'pre_dampen_half': 63.6685916079943, 'gpp_af': 1.9706963379095486, 'gpp_b': 0.0005739662837359252, 'gpp_d': 0.12878367369717508, 'ign_k': 0.21006485619596416, 'ign_c': 11.400863701127316, 'trop_agb_crit': 1.0693376406863295, 'trop_k_veg': 0.6673124511410327}.
[I 2026-08-06 11:27:07,211] Trial 341 finished with values: [10.41165417215724, 10.41165417215724] and parameters: {'k1': 0.00031134168041628584, 'D_low': 12.105387404469584, 'k2': 0.001832010067724639, 'D_high': 1123.9682517242118, 'fire_exp': 1.8493890000580158, 'P_half': 4.213183643253957, 'pre_dampen_half': 63.6685916079943, 'gpp_af': 0.7539992074650279, 'gpp_b': 0.0005739662837359252, 'gpp_d': 1.493264336549928, 'ign_k': 0.21006485619596416, 'ign_c': 0.70689749506246, 'trop_agb_crit': 14.948114979829949, 'trop_k_veg': 0.6673124511410327}.
[I 2026-08-06 11:27:08,475] Trial 342 finished with values: [-0.5669100074326551, 0.26347344799779415] and parameters: {'k1': 0.011966626407443505, 'D_low': 171.2446447678494, 'k2': 1.1065812688893481e-05, 'D_high': 21.947742689197344, 'fire_exp': 1.0362310858538248, 'P_half': 4.213183643253957, 'pre_dampen_half': 63.6685916079943, 'gpp_af': 24.725776073156705, 'gpp_b': 2.176805640408474e-05, 'gpp_d': 84.31013932082456, 'ign_k': 8.708806168038567, 'ign_c': 8.40543912931368, 'trop_agb_crit': 7.500118950416987, 'trop_k_veg': 0.6673124511410327}.
[I 2026-08-06 11:27:09,629] Trial 343 finished with values: [11.246723133973868, 11.246723133973868] and parameters: {'k1': 0.06598741607403362, 'D_low': 1.54121727098019, 'k2': 0.0154776166709383, 'D_high': 3712.591045287726, 'fire_exp': 1.4665043946307825, 'P_half': 4.213183643253957, 'pre_dampen_half': 38.00678588560607, 'gpp_af': 1.6059727222314273, 'gpp_b': 0.0001314103502608067, 'gpp_d': 19.600139992927435, 'ign_k': 2.5253810447657927, 'ign_c': 2.8335389417624683, 'trop_agb_crit': 24.584290528289387, 'trop_k_veg': 3.869465953383845}.
[I 2026-08-06 11:27:10,816] Trial 344 finished with values: [-0.5417537255204701, 0.06829204062395389] and parameters: {'k1': 0.00031134168041628584, 'D_low': 12.105387404469584, 'k2': 0.0007047307383115598, 'D_high': 774.2116473996249, 'fire_exp': 1.0362310858538248, 'P_half': 4.213183643253957, 'pre_dampen_half': 63.6685916079943, 'gpp_af': 0.6403036652671171, 'gpp_b': 0.0005739662837359252, 'gpp_d': 2.944272359149677, 'ign_k': 3.589155871450839, 'ign_c': 11.400863701127316, 'trop_agb_crit': 24.80219492452611, 'trop_k_veg': 3.49157152291552}.
[I 2026-08-06 11:27:12,019] Trial 345 finished with values: [10.55286138685869, 10.55286138685869] and parameters: {'k1': 0.01889771394135163, 'D_low': 2945.620569202742, 'k2': 1.1065812688893481e-05, 'D_high': 21.947742689197344, 'fire_exp': 1.1263716762638152, 'P_half': 4.213183643253957, 'pre_dampen_half': 63.6685916079943, 'gpp_af': 3.4818886917676246, 'gpp_b': 3.481277316673104e-05, 'gpp_d': 4.25060659305504, 'ign_k': 0.0680787482656459, 'ign_c': 0.557280750002996, 'trop_agb_crit': 7.500118950416987, 'trop_k_veg': 1.0594599158279707}.
[I 2026-08-06 11:27:13,247] Trial 346 finished with values: [-0.5426368388210114, 0.11878376952724723] and parameters: {'k1': 0.00031134168041628584, 'D_low': 355.00125258511594, 'k2': 0.003419108473554454, 'D_high': 3712.591045287726, 'fire_exp': 1.0629462657398439, 'P_half': 4.213183643253957, 'pre_dampen_half': 63.6685916079943, 'gpp_af': 1.6059727222314273, 'gpp_b': 0.0021331409710300844, 'gpp_d': 1.6983565276584263, 'ign_k': 0.0680787482656459, 'ign_c': 0.70689749506246, 'trop_agb_crit': 24.584290528289387, 'trop_k_veg': 0.6673124511410327}.
[I 2026-08-06 11:27:14,611] Trial 347 finished with values: [10.76923076892712, 10.76923076892712] and parameters: {'k1': 0.008912611835817005, 'D_low': 1.54121727098019, 'k2': 0.03538758864779238, 'D_high': 5670.3463356272905, 'fire_exp': 1.7329145403564932, 'P_half': 4.213183643253957, 'pre_dampen_half': 63.6685916079943, 'gpp_af': 1.1300566419249864, 'gpp_b': 0.0005739662837359252, 'gpp_d': 2.944272359149677, 'ign_k': 8.926311370835233, 'ign_c': 222.87087260110138, 'trop_agb_crit': 24.80219492452611, 'trop_k_veg': 0.6673124511410327}.
[I 2026-08-06 11:27:15,825] Trial 348 finished with values: [10.76923076892712, 10.76923076892712] and parameters: {'k1': 0.01889771394135163, 'D_low': 4.484744524732794, 'k2': 0.03538758864779238, 'D_high': 1123.9682517242118, 'fire_exp': 1.1263716762638152, 'P_half': 1.605843632310088, 'pre_dampen_half': 3.3841016089580034, 'gpp_af': 0.6403036652671171, 'gpp_b': 0.0054502936945582505, 'gpp_d': 229.41380323183625, 'ign_k': 5.351470428717437, 'ign_c': 61.64329525571068, 'trop_agb_crit': 14.948114979829949, 'trop_k_veg': 1.0594599158279707}.
[I 2026-08-06 11:27:17,048] Trial 349 finished with values: [10.09058125225874, 10.09058125225874] and parameters: {'k1': 0.06994589881535453, 'D_low': 38.82837025280678, 'k2': 0.03538758864779238, 'D_high': 3712.591045287726, 'fire_exp': 1.3170256885255098, 'P_half': 9.324787201197319, 'pre_dampen_half': 38.00678588560607, 'gpp_af': 0.6403036652671171, 'gpp_b': 0.42247700890263645, 'gpp_d': 5.1715677287580455, 'ign_k': 0.0680787482656459, 'ign_c': 2.414259639010457, 'trop_agb_crit': 24.584290528289387, 'trop_k_veg': 0.6673124511410327}.
[I 2026-08-06 11:27:18,243] Trial 350 finished with values: [-0.5289705161814339, 0.05436028707490059] and parameters: {'k1': 0.008471801418819975, 'D_low': 4.484744524732794, 'k2': 0.011715293025123641, 'D_high': 1123.9682517242118, 'fire_exp': 1.1430983876313219, 'P_half': 175.2878790340412, 'pre_dampen_half': 5.048653998722947, 'gpp_af': 0.10409127568994281, 'gpp_b': 1.3289448722869181e-05, 'gpp_d': 1.493264336549928, 'ign_k': 0.11619873314872933, 'ign_c': 0.70689749506246, 'trop_agb_crit': 14.948114979829949, 'trop_k_veg': 1.4584243470991722}.
[I 2026-08-06 11:27:19,454] Trial 351 finished with values: [10.168111983046627, 10.168111983046627] and parameters: {'k1': 0.06598741607403362, 'D_low': 1.54121727098019, 'k2': 0.03538758864779238, 'D_high': 5254.8834372681695, 'fire_exp': 1.4665043946307825, 'P_half': 323.6099399575106, 'pre_dampen_half': 63.6685916079943, 'gpp_af': 1.2389588752305056, 'gpp_b': 1.284284091405877e-05, 'gpp_d': 16.460426816350523, 'ign_k': 0.0023224552232891564, 'ign_c': 323.47703263192955, 'trop_agb_crit': 24.584290528289387, 'trop_k_veg': 3.869465953383845}.
[I 2026-08-06 11:27:20,656] Trial 352 finished with values: [10.607870974388177, 10.607870974388177] and parameters: {'k1': 0.008912611835817005, 'D_low': 355.00125258511594, 'k2': 1.915468390724633e-05, 'D_high': 8182.111518618414, 'fire_exp': 1.0629462657398439, 'P_half': 712.8188058401365, 'pre_dampen_half': 63.6685916079943, 'gpp_af': 0.7539992074650279, 'gpp_b': 0.22727308251068193, 'gpp_d': 16.460426816350523, 'ign_k': 0.0680787482656459, 'ign_c': 0.8547476176667198, 'trop_agb_crit': 24.584290528289387, 'trop_k_veg': 0.5349971555643298}.
