[I 2026-06-10 20:41:11,106] Trial 826 finished with values: [10.762524060799873, 10.762524060799873] and parameters: {'k1': 0.0009898117700885534, 'D_low': 1121.5915868662764, 'k2': 0.02939607009739149, 'D_high': 252.84086172415604, 'fire_exp': 1.1633452995374232, 'P_half': 5.4712187293420325, 'pre_dampen_half': 9.044346216330972, 'gpp_af': 0.016306190741524337, 'gpp_b': 0.05719024141066792, 'gpp_d': 942.6090081952854, 'ign_k': 0.17320535908244444, 'ign_c': 7.081721844034206, 'trop_agb_crit': 11.664190932505923, 'trop_k_veg': 5.453348988480011, 'fire_amp': 1.2393473789150806}.
[I 2026-06-10 20:41:12,564] Trial 827 finished with values: [10.343328425675958, 10.343328425675958] and parameters: {'k1': 0.00023134781612225627, 'D_low': 236.79352040223893, 'k2': 1.702637694606324e-05, 'D_high': 22.636544662054543, 'fire_exp': 1.1633452995374232, 'P_half': 101.40635645866499, 'pre_dampen_half': 958.6709783968975, 'gpp_af': 2.9865936975455876, 'gpp_b': 0.004411400434514031, 'gpp_d': 1.0088237648985734, 'ign_k': 0.0032383308053152635, 'ign_c': 2.2489542843914485, 'trop_agb_crit': 28.38004294664272, 'trop_k_veg': 0.6488368931910606, 'fire_amp': 1.5719333351012774}.
[I 2026-06-10 20:41:14,223] Trial 828 finished with values: [-0.5926279350856809, 0.11547829045393743] and parameters: {'k1': 0.08006837661379566, 'D_low': 171.2446447678494, 'k2': 0.0004976087827261435, 'D_high': 36998.679204890876, 'fire_exp': 1.811096651915224, 'P_half': 93.43302657318476, 'pre_dampen_half': 30.456909077772018, 'gpp_af': 0.016306190741524337, 'gpp_b': 0.00031478066835753096, 'gpp_d': 0.1570003140297517, 'ign_k': 0.0029519227433917453, 'ign_c': 342.8810943862522, 'trop_agb_crit': 1.6222566606523396, 'trop_k_veg': 2.520089655463604, 'fire_amp': 5.44779717154213}.
[I 2026-06-10 20:41:15,715] Trial 829 finished with values: [10.424766990216412, 10.424766990216412] and parameters: {'k1': 0.00023134781612225627, 'D_low': 236.79352040223893, 'k2': 0.0002442377596403892, 'D_high': 22.636544662054543, 'fire_exp': 1.2344878997299724, 'P_half': 9.580682294110435, 'pre_dampen_half': 16.009350908593582, 'gpp_af': 0.008117091133892173, 'gpp_b': 5.349456206882108e-05, 'gpp_d': 21.899070557043984, 'ign_k': 0.0032383308053152635, 'ign_c': 0.9736725715035878, 'trop_agb_crit': 2.8052667649738585, 'trop_k_veg': 0.5183533149347164, 'fire_amp': 1.5719333351012774}.
[I 2026-06-10 20:41:17,344] Trial 830 finished with values: [10.823369535340778, 10.823369535340778] and parameters: {'k1': 0.0001599021369655865, 'D_low': 1121.5915868662764, 'k2': 0.006802810205786726, 'D_high': 252.84086172415604, 'fire_exp': 1.811096651915224, 'P_half': 12.280874862135363, 'pre_dampen_half': 30.456909077772018, 'gpp_af': 0.2204465010099918, 'gpp_b': 0.00031478066835753096, 'gpp_d': 0.03200582711952312, 'ign_k': 0.0029519227433917453, 'ign_c': 342.8810943862522, 'trop_agb_crit': 11.664190932505923, 'trop_k_veg': 6.030247256556128, 'fire_amp': 5.44779717154213}.
[I 2026-06-10 20:41:18,981] Trial 831 finished with values: [10.483264114095526, 10.483264114095526] and parameters: {'k1': 0.00587009820297804, 'D_low': 171.2446447678494, 'k2': 0.00037358626308127543, 'D_high': 17.74872630983488, 'fire_exp': 1.9136159174067866, 'P_half': 93.43302657318476, 'pre_dampen_half': 37.40930273158252, 'gpp_af': 0.2204465010099918, 'gpp_b': 0.00047819318414852577, 'gpp_d': 1.0088237648985734, 'ign_k': 0.0029519227433917453, 'ign_c': 16.497426799845446, 'trop_agb_crit': 8.0091368834625, 'trop_k_veg': 2.520089655463604, 'fire_amp': 5.44779717154213}.
[I 2026-06-10 20:41:20,481] Trial 832 finished with values: [10.828285514827943, 10.828285514827943] and parameters: {'k1': 0.0001599021369655865, 'D_low': 1121.5915868662764, 'k2': 0.003767022142229395, 'D_high': 252.84086172415604, 'fire_exp': 1.4848387260494937, 'P_half': 109.0657807452408, 'pre_dampen_half': 170.71098124594695, 'gpp_af': 0.2204465010099918, 'gpp_b': 0.05719024141066792, 'gpp_d': 96.93415502195788, 'ign_k': 0.17320535908244444, 'ign_c': 48.704711413416454, 'trop_agb_crit': 11.664190932505923, 'trop_k_veg': 4.989748894578724, 'fire_amp': 3.1543496524370136}.
[I 2026-06-10 20:41:22,214] Trial 833 finished with values: [10.531806919649814, 10.531806919649814] and parameters: {'k1': 3.609310926766545e-05, 'D_low': 171.2446447678494, 'k2': 0.0004976087827261435, 'D_high': 32311.521854410956, 'fire_exp': 1.4848387260494937, 'P_half': 12.280874862135363, 'pre_dampen_half': 121.93011993958949, 'gpp_af': 96.26851425803589, 'gpp_b': 8.168628001294799e-05, 'gpp_d': 1.0088237648985734, 'ign_k': 0.002357279455676982, 'ign_c': 48.704711413416454, 'trop_agb_crit': 1.23202873794675, 'trop_k_veg': 4.776259022974975, 'fire_amp': 3.1543496524370136}.
[I 2026-06-10 20:41:23,596] Trial 834 finished with values: [10.473208013552586, 10.473208013552586] and parameters: {'k1': 5.178197947282869e-05, 'D_low': 288.98663158858795, 'k2': 0.045914852167405346, 'D_high': 36998.679204890876, 'fire_exp': 1.9136159174067866, 'P_half': 93.43302657318476, 'pre_dampen_half': 30.456909077772018, 'gpp_af': 0.2204465010099918, 'gpp_b': 2.176805640408474e-05, 'gpp_d': 0.33983499890855334, 'ign_k': 0.07867677706257832, 'ign_c': 1.4879588507789996, 'trop_agb_crit': 1.8285200278523417, 'trop_k_veg': 0.5183533149347164, 'fire_amp': 1.5719333351012774}.
[I 2026-06-10 20:41:25,158] Trial 835 finished with values: [10.833333332980382, 10.833333332980382] and parameters: {'k1': 5.178197947282869e-05, 'D_low': 171.2446447678494, 'k2': 0.00037358626308127543, 'D_high': 16780.50857913099, 'fire_exp': 1.1490848108902036, 'P_half': 9.580682294110435, 'pre_dampen_half': 16.009350908593582, 'gpp_af': 0.016306190741524337, 'gpp_b': 0.00807491410172472, 'gpp_d': 0.7698760608299932, 'ign_k': 0.07867677706257832, 'ign_c': 342.8810943862522, 'trop_agb_crit': 8.347757040088627, 'trop_k_veg': 0.5183533149347164, 'fire_amp': 1.5719333351012774}.
[I 2026-06-10 20:41:26,781] Trial 836 finished with values: [10.632606027732923, 10.632606027732923] and parameters: {'k1': 0.00023134781612225627, 'D_low': 1.7551403048208316, 'k2': 2.091507303847255e-05, 'D_high': 1817.0401889219124, 'fire_exp': 1.41873960828944, 'P_half': 5.4712187293420325, 'pre_dampen_half': 16.009350908593582, 'gpp_af': 0.005061568304359487, 'gpp_b': 0.00031478066835753096, 'gpp_d': 21.899070557043984, 'ign_k': 0.002357279455676982, 'ign_c': 7.081721844034206, 'trop_agb_crit': 1.8285200278523417, 'trop_k_veg': 0.5535297685306277, 'fire_amp': 1.1655705619308396}.
[I 2026-06-10 20:41:28,183] Trial 837 finished with values: [10.27797087677368, 10.27797087677368] and parameters: {'k1': 3.609310926766545e-05, 'D_low': 43.03411264066069, 'k2': 0.00037358626308127543, 'D_high': 32311.521854410956, 'fire_exp': 1.811096651915224, 'P_half': 5.4712187293420325, 'pre_dampen_half': 3.4461856429915305, 'gpp_af': 0.016306190741524337, 'gpp_b': 0.00031478066835753096, 'gpp_d': 96.93415502195788, 'ign_k': 0.0029519227433917453, 'ign_c': 0.4177928311636542, 'trop_agb_crit': 11.664190932505923, 'trop_k_veg': 0.5089315327929785, 'fire_amp': 5.44779717154213}.
[I 2026-06-10 20:41:29,504] Trial 838 finished with values: [10.29541484491522, 10.29541484491522] and parameters: {'k1': 5.178197947282869e-05, 'D_low': 1121.5915868662764, 'k2': 0.02939607009739149, 'D_high': 32311.521854410956, 'fire_exp': 1.1633452995374232, 'P_half': 5.4712187293420325, 'pre_dampen_half': 13.161234383542856, 'gpp_af': 1.9706963379095486, 'gpp_b': 0.002416023630607169, 'gpp_d': 1.8148402127631733, 'ign_k': 0.012480180965117606, 'ign_c': 48.704711413416454, 'trop_agb_crit': 1.0189592979395135, 'trop_k_veg': 0.6488368931910606, 'fire_amp': 1.5719333351012774}.
[I 2026-06-10 20:41:30,858] Trial 839 finished with values: [-0.6089951256353349, 0.09479939198865184] and parameters: {'k1': 3.609310926766545e-05, 'D_low': 171.2446447678494, 'k2': 0.006802810205786726, 'D_high': 252.84086172415604, 'fire_exp': 1.4848387260494937, 'P_half': 12.280874862135363, 'pre_dampen_half': 30.456909077772018, 'gpp_af': 0.4317251206640925, 'gpp_b': 2.176805640408474e-05, 'gpp_d': 34.18897529667503, 'ign_k': 0.17320535908244444, 'ign_c': 7.081721844034206, 'trop_agb_crit': 11.664190932505923, 'trop_k_veg': 2.520089655463604, 'fire_amp': 3.1543496524370136}.
[I 2026-06-10 20:41:32,409] Trial 840 finished with values: [10.830777272878072, 10.830777272878072] and parameters: {'k1': 5.178197947282869e-05, 'D_low': 171.2446447678494, 'k2': 0.006802810205786726, 'D_high': 1266.9536563782303, 'fire_exp': 2.6673707465506062, 'P_half': 2.4106893837852787, 'pre_dampen_half': 30.456909077772018, 'gpp_af': 0.005061568304359487, 'gpp_b': 0.05719024141066792, 'gpp_d': 1.8148402127631733, 'ign_k': 0.17320535908244444, 'ign_c': 7.081721844034206, 'trop_agb_crit': 11.664190932505923, 'trop_k_veg': 5.453348988480011, 'fire_amp': 3.1543496524370136}.
[I 2026-06-10 20:41:34,023] Trial 841 finished with values: [10.039818358841952, 10.039818358841952] and parameters: {'k1': 0.0001599021369655865, 'D_low': 1121.5915868662764, 'k2': 0.00037358626308127543, 'D_high': 252.84086172415604, 'fire_exp': 1.4848387260494937, 'P_half': 114.62237838612074, 'pre_dampen_half': 30.456909077772018, 'gpp_af': 0.3939208112794227, 'gpp_b': 2.176805640408474e-05, 'gpp_d': 1.0088237648985734, 'ign_k': 0.17320535908244444, 'ign_c': 0.4177928311636542, 'trop_agb_crit': 11.664190932505923, 'trop_k_veg': 5.453348988480011, 'fire_amp': 5.44779717154213}.
[I 2026-06-10 20:41:35,414] Trial 842 finished with values: [10.829091302473428, 10.829091302473428] and parameters: {'k1': 0.05705198955850472, 'D_low': 171.2446447678494, 'k2': 0.01567230746060024, 'D_high': 33.33047530921621, 'fire_exp': 1.4848387260494937, 'P_half': 9.580682294110435, 'pre_dampen_half': 16.009350908593582, 'gpp_af': 0.008117091133892173, 'gpp_b': 7.555164990945509e-05, 'gpp_d': 271.0323160002808, 'ign_k': 0.07867677706257832, 'ign_c': 0.9736725715035878, 'trop_agb_crit': 4.617282690749149, 'trop_k_veg': 0.6488368931910606, 'fire_amp': 1.417247667573402}.
[I 2026-06-10 20:41:36,899] Trial 843 finished with values: [11.544710410855048, 11.544710410855048] and parameters: {'k1': 3.609310926766545e-05, 'D_low': 171.2446447678494, 'k2': 0.0007731571570012607, 'D_high': 36998.679204890876, 'fire_exp': 1.41873960828944, 'P_half': 1265.0580856641704, 'pre_dampen_half': 170.71098124594695, 'gpp_af': 0.2204465010099918, 'gpp_b': 0.12046049142392454, 'gpp_d': 1.0088237648985734, 'ign_k': 0.17320535908244444, 'ign_c': 7.081721844034206, 'trop_agb_crit': 11.664190932505923, 'trop_k_veg': 4.989748894578724, 'fire_amp': 5.44779717154213}.
[I 2026-06-10 20:41:38,381] Trial 844 finished with values: [10.440363655552641, 10.440363655552641] and parameters: {'k1': 0.0002958267235643845, 'D_low': 171.2446447678494, 'k2': 0.02939607009739149, 'D_high': 44974.07193749848, 'fire_exp': 1.1633452995374232, 'P_half': 114.62237838612074, 'pre_dampen_half': 1.8469033699850426, 'gpp_af': 1.7775411110039254, 'gpp_b': 2.176805640408474e-05, 'gpp_d': 1.1766539651208914, 'ign_k': 0.07867677706257832, 'ign_c': 2.2489542843914485, 'trop_agb_crit': 12.708819454040446, 'trop_k_veg': 0.6488368931910606, 'fire_amp': 1.5719333351012774}.
[I 2026-06-10 20:41:39,873] Trial 845 finished with values: [20.12822324192507, 20.12822324192507] and parameters: {'k1': 5.178197947282869e-05, 'D_low': 171.2446447678494, 'k2': 2.091507303847255e-05, 'D_high': 1817.0401889219124, 'fire_exp': 1.1633452995374232, 'P_half': 93.43302657318476, 'pre_dampen_half': 958.6709783968975, 'gpp_af': 0.005061568304359487, 'gpp_b': 2.176805640408474e-05, 'gpp_d': 21.899070557043984, 'ign_k': 0.17320535908244444, 'ign_c': 1.4879588507789996, 'trop_agb_crit': 1.8285200278523417, 'trop_k_veg': 0.5183533149347164, 'fire_amp': 5.44779717154213}.
[I 2026-06-10 20:41:41,428] Trial 846 finished with values: [10.53284453849042, 10.53284453849042] and parameters: {'k1': 0.00023134781612225627, 'D_low': 5.004428734228137, 'k2': 0.00037358626308127543, 'D_high': 32311.521854410956, 'fire_exp': 1.2344878997299724, 'P_half': 9.580682294110435, 'pre_dampen_half': 16.009350908593582, 'gpp_af': 0.008117091133892173, 'gpp_b': 2.176805640408474e-05, 'gpp_d': 12.338826503601998, 'ign_k': 0.0018548376790967168, 'ign_c': 0.9736725715035878, 'trop_agb_crit': 12.708819454040446, 'trop_k_veg': 6.030247256556128, 'fire_amp': 1.5719333351012774}.
[I 2026-06-10 20:41:43,423] Trial 847 finished with values: [10.833013168063, 10.833013168063] and parameters: {'k1': 0.00023134781612225627, 'D_low': 171.2446447678494, 'k2': 0.00037358626308127543, 'D_high': 32311.521854410956, 'fire_exp': 6.722609665434056, 'P_half': 5.4712187293420325, 'pre_dampen_half': 1.8469033699850426, 'gpp_af': 0.008117091133892173, 'gpp_b': 2.176805640408474e-05, 'gpp_d': 12.338826503601998, 'ign_k': 0.0018548376790967168, 'ign_c': 0.13577269394141456, 'trop_agb_crit': 12.708819454040446, 'trop_k_veg': 6.030247256556128, 'fire_amp': 1.5719333351012774}.
[I 2026-06-10 20:41:44,798] Trial 848 finished with values: [10.624997620047543, 10.624997620047543] and parameters: {'k1': 0.05705198955850472, 'D_low': 1.7551403048208316, 'k2': 0.045914852167405346, 'D_high': 16780.50857913099, 'fire_exp': 3.2459542834651627, 'P_half': 5.4712187293420325, 'pre_dampen_half': 16.009350908593582, 'gpp_af': 0.008117091133892173, 'gpp_b': 0.00031478066835753096, 'gpp_d': 46.566318342356254, 'ign_k': 0.002357279455676982, 'ign_c': 7.081721844034206, 'trop_agb_crit': 12.708819454040446, 'trop_k_veg': 0.5535297685306277, 'fire_amp': 1.5719333351012774}.
[I 2026-06-10 20:41:46,112] Trial 849 finished with values: [13.334546302289262, 13.334546302289262] and parameters: {'k1': 0.0001599021369655865, 'D_low': 171.2446447678494, 'k2': 0.006802810205786726, 'D_high': 1817.0401889219124, 'fire_exp': 1.4848387260494937, 'P_half': 12.280874862135363, 'pre_dampen_half': 30.456909077772018, 'gpp_af': 0.2204465010099918, 'gpp_b': 2.176805640408474e-05, 'gpp_d': 34.18897529667503, 'ign_k': 0.17320535908244444, 'ign_c': 7.081721844034206, 'trop_agb_crit': 1.8285200278523417, 'trop_k_veg': 5.453348988480011, 'fire_amp': 5.44779717154213}.
[I 2026-06-10 20:41:47,524] Trial 850 finished with values: [10.012564498806025, 10.012564498806025] and parameters: {'k1': 0.00023134781612225627, 'D_low': 43.03411264066069, 'k2': 0.011945919244900459, 'D_high': 11.069424888528069, 'fire_exp': 1.2344878997299724, 'P_half': 7.914423612155368, 'pre_dampen_half': 958.6709783968975, 'gpp_af': 0.005061568304359487, 'gpp_b': 0.004411400434514031, 'gpp_d': 96.93415502195788, 'ign_k': 0.17320535908244444, 'ign_c': 0.22592797420156951, 'trop_agb_crit': 8.0091368834625, 'trop_k_veg': 4.989748894578724, 'fire_amp': 1.5719333351012774}.
[I 2026-06-10 20:41:49,115] Trial 851 finished with values: [10.783997269559167, 10.783997269559167] and parameters: {'k1': 0.05705198955850472, 'D_low': 171.2446447678494, 'k2': 0.01567230746060024, 'D_high': 32311.521854410956, 'fire_exp': 3.2459542834651627, 'P_half': 5.4712187293420325, 'pre_dampen_half': 16.009350908593582, 'gpp_af': 1.7775411110039254, 'gpp_b': 0.00031478066835753096, 'gpp_d': 0.1570003140297517, 'ign_k': 0.0029519227433917453, 'ign_c': 4.619723604324942, 'trop_agb_crit': 1.6222566606523396, 'trop_k_veg': 2.520089655463604, 'fire_amp': 1.5719333351012774}.
[I 2026-06-10 20:41:50,541] Trial 852 finished with values: [10.989455965651633, 10.989455965651633] and parameters: {'k1': 0.006164329525571074, 'D_low': 1.7551403048208316, 'k2': 0.045914852167405346, 'D_high': 36998.679204890876, 'fire_exp': 1.41873960828944, 'P_half': 93.43302657318476, 'pre_dampen_half': 30.456909077772018, 'gpp_af': 0.2204465010099918, 'gpp_b': 0.12046049142392454, 'gpp_d': 3.257094673454639, 'ign_k': 0.002357279455676982, 'ign_c': 39.52220881906114, 'trop_agb_crit': 1.8566494291193822, 'trop_k_veg': 0.5183533149347164, 'fire_amp': 5.44779717154213}.
[I 2026-06-10 20:41:51,924] Trial 853 finished with values: [10.212596966281698, 10.212596966281698] and parameters: {'k1': 0.0001599021369655865, 'D_low': 1121.5915868662764, 'k2': 0.0004976087827261435, 'D_high': 1266.9536563782303, 'fire_exp': 1.2344878997299724, 'P_half': 12.280874862135363, 'pre_dampen_half': 30.456909077772018, 'gpp_af': 0.060029341913968644, 'gpp_b': 0.0004125336560355494, 'gpp_d': 96.93415502195788, 'ign_k': 0.17320535908244444, 'ign_c': 7.081721844034206, 'trop_agb_crit': 1.3063813396521713, 'trop_k_veg': 0.5183533149347164, 'fire_amp': 2.368964504291618}.
[I 2026-06-10 20:41:53,287] Trial 854 finished with values: [-0.5818385716797178, 0.1348055797622364] and parameters: {'k1': 1.193353489272344e-05, 'D_low': 171.2446447678494, 'k2': 0.003767022142229395, 'D_high': 252.84086172415604, 'fire_exp': 1.2344878997299724, 'P_half': 7.914423612155368, 'pre_dampen_half': 170.71098124594695, 'gpp_af': 1.9706963379095486, 'gpp_b': 0.00012118589392553798, 'gpp_d': 96.93415502195788, 'ign_k': 0.0032383308053152635, 'ign_c': 0.22592797420156951, 'trop_agb_crit': 2.41977849576758, 'trop_k_veg': 4.989748894578724, 'fire_amp': 1.5719333351012774}.
[I 2026-06-10 20:41:54,625] Trial 855 finished with values: [12.024681236985685, 12.024681236985685] and parameters: {'k1': 0.00023134781612225627, 'D_low': 1.873653322520581, 'k2': 0.003767022142229395, 'D_high': 16780.50857913099, 'fire_exp': 1.4848387260494937, 'P_half': 9.580682294110435, 'pre_dampen_half': 170.71098124594695, 'gpp_af': 0.060029341913968644, 'gpp_b': 0.00031478066835753096, 'gpp_d': 12.338826503601998, 'ign_k': 0.012480180965117606, 'ign_c': 1.4879588507789996, 'trop_agb_crit': 12.708819454040446, 'trop_k_veg': 4.989748894578724, 'fire_amp': 1.5719333351012774}.
[I 2026-06-10 20:41:56,192] Trial 856 finished with values: [-0.47308754498012595, 0.2098338705820627] and parameters: {'k1': 3.609310926766545e-05, 'D_low': 1.7551403048208316, 'k2': 0.045914852167405346, 'D_high': 10994.090116844662, 'fire_exp': 1.4848387260494937, 'P_half': 51.10120656497163, 'pre_dampen_half': 123.04779330083686, 'gpp_af': 0.060029341913968644, 'gpp_b': 2.176805640408474e-05, 'gpp_d': 3.257094673454639, 'ign_k': 0.002357279455676982, 'ign_c': 39.52220881906114, 'trop_agb_crit': 1.8285200278523417, 'trop_k_veg': 0.5183533149347164, 'fire_amp': 1.2784745553082768}.
[I 2026-06-10 20:41:57,753] Trial 857 finished with values: [10.221281003367391, 10.221281003367391] and parameters: {'k1': 0.0001599021369655865, 'D_low': 43.03411264066069, 'k2': 0.0007731571570012607, 'D_high': 252.84086172415604, 'fire_exp': 1.4848387260494937, 'P_half': 12.280874862135363, 'pre_dampen_half': 30.456909077772018, 'gpp_af': 1.9706963379095486, 'gpp_b': 0.00012118589392553798, 'gpp_d': 96.93415502195788, 'ign_k': 0.17320535908244444, 'ign_c': 0.4177928311636542, 'trop_agb_crit': 11.664190932505923, 'trop_k_veg': 2.2057060303254308, 'fire_amp': 3.1543496524370136}.
[I 2026-06-10 20:41:59,100] Trial 858 finished with values: [12.72155213757974, 12.72155213757974] and parameters: {'k1': 0.05705198955850472, 'D_low': 171.2446447678494, 'k2': 0.01567230746060024, 'D_high': 32311.521854410956, 'fire_exp': 1.4848387260494937, 'P_half': 5.4712187293420325, 'pre_dampen_half': 16.009350908593582, 'gpp_af': 0.060029341913968644, 'gpp_b': 0.00019552902383918484, 'gpp_d': 12.338826503601998, 'ign_k': 0.012480180965117606, 'ign_c': 1.4879588507789996, 'trop_agb_crit': 12.708819454040446, 'trop_k_veg': 4.989748894578724, 'fire_amp': 3.1543496524370136}.
[I 2026-06-10 20:42:00,460] Trial 859 finished with values: [10.654393487041801, 10.654393487041801] and parameters: {'k1': 3.609310926766545e-05, 'D_low': 171.2446447678494, 'k2': 0.0004976087827261435, 'D_high': 1266.9536563782303, 'fire_exp': 1.4848387260494937, 'P_half': 51.10120656497163, 'pre_dampen_half': 3.4461856429915305, 'gpp_af': 0.016306190741524337, 'gpp_b': 0.00031478066835753096, 'gpp_d': 0.7698760608299932, 'ign_k': 0.0029519227433917453, 'ign_c': 153.51441568398127, 'trop_agb_crit': 2.0527418919564324, 'trop_k_veg': 0.5089315327929785, 'fire_amp': 5.44779717154213}.
[I 2026-06-10 20:42:01,848] Trial 860 finished with values: [10.827750368856618, 10.827750368856618] and parameters: {'k1': 3.609310926766545e-05, 'D_low': 1.7551403048208316, 'k2': 0.0007731571570012607, 'D_high': 252.84086172415604, 'fire_exp': 1.4848387260494937, 'P_half': 1265.0580856641704, 'pre_dampen_half': 0.011497512044959184, 'gpp_af': 0.008117091133892173, 'gpp_b': 0.00012118589392553798, 'gpp_d': 21.899070557043984, 'ign_k': 0.17320535908244444, 'ign_c': 0.4177928311636542, 'trop_agb_crit': 12.708819454040446, 'trop_k_veg': 0.975900407343733, 'fire_amp': 1.5719333351012774}.
[I 2026-06-10 20:42:03,310] Trial 861 finished with values: [10.802555531997637, 10.802555531997637] and parameters: {'k1': 5.178197947282869e-05, 'D_low': 171.2446447678494, 'k2': 0.00037358626308127543, 'D_high': 1817.0401889219124, 'fire_exp': 1.4848387260494937, 'P_half': 8007.464457322735, 'pre_dampen_half': 1.8469033699850426, 'gpp_af': 0.2204465010099918, 'gpp_b': 2.176805640408474e-05, 'gpp_d': 1.8148402127631733, 'ign_k': 1.6074906204277295, 'ign_c': 0.4177928311636542, 'trop_agb_crit': 26.146349182924812, 'trop_k_veg': 2.520089655463604, 'fire_amp': 5.44779717154213}.
[I 2026-06-10 20:42:05,326] Trial 862 finished with values: [12.951511256053516, 12.951511256053516] and parameters: {'k1': 3.609310926766545e-05, 'D_low': 1.7551403048208316, 'k2': 0.0004976087827261435, 'D_high': 32311.521854410956, 'fire_exp': 1.4848387260494937, 'P_half': 5.4712187293420325, 'pre_dampen_half': 16.009350908593582, 'gpp_af': 1.7775411110039254, 'gpp_b': 0.16285506249643175, 'gpp_d': 12.338826503601998, 'ign_k': 3.6309591863459096, 'ign_c': 2.2489542843914485, 'trop_agb_crit': 2.0527418919564324, 'trop_k_veg': 2.520089655463604, 'fire_amp': 5.606809127618709}.
