[I 2026-06-09 12:12:51,630] Trial 585 finished with values: [10.019519387453233, 10.019519387453233] and parameters: {'k1': 0.05832560268546887, 'D_low': 102.53722513378383, 'k2': 0.0009749762207436118, 'D_high': 39655.03094323017, 'fire_exp': 1.14171776851287, 'P_half': 1.4045842344024697, 'pre_dampen_half': 11.164047352793695, 'gpp_af': 1.3218737536384089, 'gpp_b': 3.686869490609954e-05, 'gpp_d': 26.003623362924223, 'ign_k': 0.0019264360371306567, 'ign_c': 1.887567630782227, 'trop_agb_crit': 1.6369193980425034, 'trop_k_veg': 4.51930447316402}.
[I 2026-06-09 12:12:52,823] Trial 586 finished with values: [-0.48762174194160135, 0.2526846993171312] and parameters: {'k1': 6.404854675916172e-05, 'D_low': 12.115155843077673, 'k2': 0.06994589881535453, 'D_high': 18125.870836716233, 'fire_exp': 1.4848387260494937, 'P_half': 108.21382910613987, 'pre_dampen_half': 269.0845367054866, 'gpp_af': 1.3218737536384089, 'gpp_b': 0.002262927522655115, 'gpp_d': 1.5988721385117124, 'ign_k': 0.4303356629825978, 'ign_c': 0.21234210963705627, 'trop_agb_crit': 19.51558406059598, 'trop_k_veg': 4.51930447316402}.
[I 2026-06-09 12:12:53,993] Trial 587 finished with values: [10.003000585840883, 10.003000585840883] and parameters: {'k1': 0.0004846497679219079, 'D_low': 102.53722513378383, 'k2': 0.06994589881535453, 'D_high': 18125.870836716233, 'fire_exp': 1.14171776851287, 'P_half': 1.8942844905792813, 'pre_dampen_half': 673.2248920775328, 'gpp_af': 5.244830565633045, 'gpp_b': 3.686869490609954e-05, 'gpp_d': 0.0735311909944862, 'ign_k': 0.0019264360371306567, 'ign_c': 55.24095129928624, 'trop_agb_crit': 1.6369193980425034, 'trop_k_veg': 4.51930447316402}.
[I 2026-06-09 12:12:55,245] Trial 588 finished with values: [10.126439812076532, 10.126439812076532] and parameters: {'k1': 6.404854675916172e-05, 'D_low': 12.115155843077673, 'k2': 0.06994589881535453, 'D_high': 18125.870836716233, 'fire_exp': 1.4848387260494937, 'P_half': 108.21382910613987, 'pre_dampen_half': 340.6909167027263, 'gpp_af': 0.14270448359329707, 'gpp_b': 0.002262927522655115, 'gpp_d': 1.5988721385117124, 'ign_k': 1.1215915868662767, 'ign_c': 1.0022396791143333, 'trop_agb_crit': 1.6369193980425034, 'trop_k_veg': 3.6260119779455584}.
[I 2026-06-09 12:12:56,540] Trial 589 finished with values: [10.119583361787026, 10.119583361787026] and parameters: {'k1': 9.882278532808775e-05, 'D_low': 10.16551026641873, 'k2': 4.540076719227351e-05, 'D_high': 14268.845807630427, 'fire_exp': 1.0227532009936005, 'P_half': 108.21382910613987, 'pre_dampen_half': 269.0845367054866, 'gpp_af': 1.218217777870345, 'gpp_b': 0.002262927522655115, 'gpp_d': 0.42885111268165765, 'ign_k': 1.1215915868662767, 'ign_c': 0.21234210963705627, 'trop_agb_crit': 19.51558406059598, 'trop_k_veg': 4.51930447316402}.
[I 2026-06-09 12:12:57,756] Trial 590 finished with values: [10.865674892826942, 10.865674892826942] and parameters: {'k1': 0.007519407491506672, 'D_low': 12.115155843077673, 'k2': 1.3357240411974104e-05, 'D_high': 69868.4759244566, 'fire_exp': 2.4902446681314054, 'P_half': 671.5971856456824, 'pre_dampen_half': 673.2248920775328, 'gpp_af': 1.8075983730158514, 'gpp_b': 0.0028993292583566945, 'gpp_d': 0.0735311909944862, 'ign_k': 0.5456725485601477, 'ign_c': 0.20319809838424974, 'trop_agb_crit': 2.679156169946616, 'trop_k_veg': 1.1517712915946832}.
[I 2026-06-09 12:12:58,940] Trial 591 finished with values: [10.215814417416361, 10.215814417416361] and parameters: {'k1': 0.05832560268546887, 'D_low': 1593.4806585556198, 'k2': 0.06994589881535453, 'D_high': 14268.845807630427, 'fire_exp': 1.4690680307394068, 'P_half': 1.4045842344024697, 'pre_dampen_half': 11.164047352793695, 'gpp_af': 0.13767835510755025, 'gpp_b': 1.7213644875359617e-05, 'gpp_d': 26.003623362924223, 'ign_k': 3.4288109438625263, 'ign_c': 0.468249007106518, 'trop_agb_crit': 1.6369193980425034, 'trop_k_veg': 4.51930447316402}.
[I 2026-06-09 12:13:00,101] Trial 592 finished with values: [10.514703878043651, 10.514703878043651] and parameters: {'k1': 5.105542986365652e-05, 'D_low': 1593.4806585556198, 'k2': 0.06994589881535453, 'D_high': 39655.03094323017, 'fire_exp': 1.608176525358426, 'P_half': 1.8942844905792813, 'pre_dampen_half': 340.6909167027263, 'gpp_af': 1.3218737536384089, 'gpp_b': 0.002262927522655115, 'gpp_d': 99.3234953243749, 'ign_k': 0.4235909356730625, 'ign_c': 1.8836925134820866, 'trop_agb_crit': 1.6369193980425034, 'trop_k_veg': 1.0540721475196824}.
[I 2026-06-09 12:13:01,358] Trial 593 finished with values: [10.644736827448828, 10.644736827448828] and parameters: {'k1': 6.404854675916172e-05, 'D_low': 102.53722513378383, 'k2': 4.540076719227351e-05, 'D_high': 39655.03094323017, 'fire_exp': 1.608176525358426, 'P_half': 50.32059347286801, 'pre_dampen_half': 340.6909167027263, 'gpp_af': 0.0015253065480601961, 'gpp_b': 0.002262927522655115, 'gpp_d': 99.3234953243749, 'ign_k': 0.882283302750158, 'ign_c': 1.8836925134820866, 'trop_agb_crit': 1.3063813396521713, 'trop_k_veg': 4.51930447316402}.
[I 2026-06-09 12:13:02,689] Trial 594 finished with values: [10.474976912020741, 10.474976912020741] and parameters: {'k1': 0.007519407491506672, 'D_low': 2.3244932709566686, 'k2': 8.488887549001697e-05, 'D_high': 39655.03094323017, 'fire_exp': 2.4902446681314054, 'P_half': 1.4045842344024697, 'pre_dampen_half': 673.2248920775328, 'gpp_af': 0.5107061330406066, 'gpp_b': 0.0028993292583566945, 'gpp_d': 1.6983565276584263, 'ign_k': 0.0019264360371306567, 'ign_c': 0.20319809838424974, 'trop_agb_crit': 1.259515631748535, 'trop_k_veg': 1.0540721475196824}.
[I 2026-06-09 12:13:03,982] Trial 595 finished with values: [10.353021201509389, 10.353021201509389] and parameters: {'k1': 0.05832560268546887, 'D_low': 452.08293153768204, 'k2': 0.0009749762207436118, 'D_high': 41821.78526757458, 'fire_exp': 2.982846300838729, 'P_half': 17.655835392092534, 'pre_dampen_half': 673.2248920775328, 'gpp_af': 0.13767835510755025, 'gpp_b': 3.686869490609954e-05, 'gpp_d': 0.0735311909944862, 'ign_k': 0.5456725485601477, 'ign_c': 0.20319809838424974, 'trop_agb_crit': 1.6369193980425034, 'trop_k_veg': 4.51930447316402}.
[I 2026-06-09 12:13:05,180] Trial 596 finished with values: [11.147428513796168, 11.147428513796168] and parameters: {'k1': 0.0030219760889797966, 'D_low': 102.53722513378383, 'k2': 0.023805746020770402, 'D_high': 39655.03094323017, 'fire_exp': 1.9268171109476195, 'P_half': 50.32059347286801, 'pre_dampen_half': 340.6909167027263, 'gpp_af': 1.3218737536384089, 'gpp_b': 0.002262927522655115, 'gpp_d': 99.3234953243749, 'ign_k': 1.1215915868662767, 'ign_c': 1.8836925134820866, 'trop_agb_crit': 1.3063813396521713, 'trop_k_veg': 4.51930447316402}.
[I 2026-06-09 12:13:06,622] Trial 597 finished with values: [10.757100929429356, 10.757100929429356] and parameters: {'k1': 6.404854675916172e-05, 'D_low': 1669.8621151307725, 'k2': 0.0005700142105246941, 'D_high': 14268.845807630427, 'fire_exp': 2.10707132280748, 'P_half': 50.32059347286801, 'pre_dampen_half': 8.448348528946275, 'gpp_af': 5.244830565633045, 'gpp_b': 2.036444166653217e-05, 'gpp_d': 1.5988721385117124, 'ign_k': 3.1536006085184716, 'ign_c': 1.8836925134820866, 'trop_agb_crit': 1.6369193980425034, 'trop_k_veg': 3.6260119779455584}.
[I 2026-06-09 12:13:07,838] Trial 598 finished with values: [-0.5597548700411095, 0.07049278175457252] and parameters: {'k1': 0.01549659926581634, 'D_low': 1.254144753902608, 'k2': 0.06994589881535453, 'D_high': 14268.845807630427, 'fire_exp': 2.10707132280748, 'P_half': 1.4045842344024697, 'pre_dampen_half': 566.2858823465564, 'gpp_af': 0.01942738928156656, 'gpp_b': 0.002262927522655115, 'gpp_d': 26.003623362924223, 'ign_k': 0.3242143344038317, 'ign_c': 21.132597710340573, 'trop_agb_crit': 19.51558406059598, 'trop_k_veg': 4.51930447316402}.
[I 2026-06-09 12:13:09,101] Trial 599 finished with values: [-0.49815932987660017, 0.2543700524260255] and parameters: {'k1': 6.404854675916172e-05, 'D_low': 12.115155843077673, 'k2': 4.540076719227351e-05, 'D_high': 39655.03094323017, 'fire_exp': 1.060109541566103, 'P_half': 108.21382910613987, 'pre_dampen_half': 340.6909167027263, 'gpp_af': 1.3218737536384089, 'gpp_b': 0.050107402158164165, 'gpp_d': 1.5988721385117124, 'ign_k': 0.3242143344038317, 'ign_c': 0.21234210963705627, 'trop_agb_crit': 1.6059119829430093, 'trop_k_veg': 4.51930447316402}.
[I 2026-06-09 12:13:10,491] Trial 600 finished with values: [10.878283849748184, 10.878283849748184] and parameters: {'k1': 0.0004846497679219079, 'D_low': 102.53722513378383, 'k2': 0.06994589881535453, 'D_high': 18125.870836716233, 'fire_exp': 1.608176525358426, 'P_half': 149.35213816355395, 'pre_dampen_half': 340.6909167027263, 'gpp_af': 1.3218737536384089, 'gpp_b': 0.0012749409641020352, 'gpp_d': 99.3234953243749, 'ign_k': 0.3242143344038317, 'ign_c': 0.21234210963705627, 'trop_agb_crit': 19.51558406059598, 'trop_k_veg': 4.51930447316402}.
[I 2026-06-09 12:13:11,736] Trial 601 finished with values: [-0.5089749455416008, 0.21852407973343235] and parameters: {'k1': 0.007519407491506672, 'D_low': 2.3244932709566686, 'k2': 1.5412172709801895e-05, 'D_high': 69868.4759244566, 'fire_exp': 2.4902446681314054, 'P_half': 1.4045842344024697, 'pre_dampen_half': 673.2248920775328, 'gpp_af': 0.5107061330406066, 'gpp_b': 0.0028993292583566945, 'gpp_d': 1.6983565276584263, 'ign_k': 0.5456725485601477, 'ign_c': 0.20319809838424974, 'trop_agb_crit': 1.259515631748535, 'trop_k_veg': 1.1517712915946832}.
[I 2026-06-09 12:13:12,900] Trial 602 finished with values: [10.390776022123605, 10.390776022123605] and parameters: {'k1': 6.404854675916172e-05, 'D_low': 12.115155843077673, 'k2': 0.037633129263701104, 'D_high': 18125.870836716233, 'fire_exp': 2.10707132280748, 'P_half': 108.21382910613987, 'pre_dampen_half': 566.2858823465564, 'gpp_af': 1.3218737536384089, 'gpp_b': 0.002262927522655115, 'gpp_d': 1.5988721385117124, 'ign_k': 0.3242143344038317, 'ign_c': 0.21234210963705627, 'trop_agb_crit': 19.51558406059598, 'trop_k_veg': 1.8981057964668895}.
[I 2026-06-09 12:13:14,083] Trial 603 finished with values: [12.246715108241046, 12.246715108241046] and parameters: {'k1': 0.029722485376535667, 'D_low': 1.533916259116362, 'k2': 0.0021314828404757746, 'D_high': 14268.845807630427, 'fire_exp': 1.060109541566103, 'P_half': 64.52946500764233, 'pre_dampen_half': 340.6909167027263, 'gpp_af': 0.32613327839065587, 'gpp_b': 2.036444166653217e-05, 'gpp_d': 0.2473046721099913, 'ign_k': 0.3242143344038317, 'ign_c': 1.0022396791143333, 'trop_agb_crit': 2.0420012944047587, 'trop_k_veg': 3.6260119779455584}.
[I 2026-06-09 12:13:15,270] Trial 604 finished with values: [10.329772946329939, 10.329772946329939] and parameters: {'k1': 6.404854675916172e-05, 'D_low': 27.79045054796807, 'k2': 4.540076719227351e-05, 'D_high': 18125.870836716233, 'fire_exp': 1.608176525358426, 'P_half': 149.35213816355395, 'pre_dampen_half': 340.6909167027263, 'gpp_af': 5.244830565633045, 'gpp_b': 2.036444166653217e-05, 'gpp_d': 7.070472286699648, 'ign_k': 0.3242143344038317, 'ign_c': 1.0022396791143333, 'trop_agb_crit': 19.51558406059598, 'trop_k_veg': 3.6260119779455584}.
[I 2026-06-09 12:13:16,585] Trial 605 finished with values: [-0.4618429657826725, 0.3441389545690392] and parameters: {'k1': 6.404854675916172e-05, 'D_low': 12.115155843077673, 'k2': 4.540076719227351e-05, 'D_high': 26.198194454351665, 'fire_exp': 1.060109541566103, 'P_half': 108.21382910613987, 'pre_dampen_half': 340.6909167027263, 'gpp_af': 1.3218737536384089, 'gpp_b': 2.036444166653217e-05, 'gpp_d': 1.5988721385117124, 'ign_k': 0.3242143344038317, 'ign_c': 0.21234210963705627, 'trop_agb_crit': 19.51558406059598, 'trop_k_veg': 4.51930447316402}.
[I 2026-06-09 12:13:17,918] Trial 606 finished with values: [10.016105478124352, 10.016105478124352] and parameters: {'k1': 6.404854675916172e-05, 'D_low': 1.533916259116362, 'k2': 0.0021314828404757746, 'D_high': 69868.4759244566, 'fire_exp': 1.4848387260494937, 'P_half': 64.52946500764233, 'pre_dampen_half': 340.6909167027263, 'gpp_af': 5.244830565633045, 'gpp_b': 2.036444166653217e-05, 'gpp_d': 1.5988721385117124, 'ign_k': 0.3242143344038317, 'ign_c': 1.0022396791143333, 'trop_agb_crit': 1.6369193980425034, 'trop_k_veg': 3.6260119779455584}.
[I 2026-06-09 12:13:19,127] Trial 607 finished with values: [10.299985166515688, 10.299985166515688] and parameters: {'k1': 5.105542986365652e-05, 'D_low': 125.32726386250698, 'k2': 0.0005700142105246941, 'D_high': 3512.7047262708465, 'fire_exp': 1.060109541566103, 'P_half': 28.647019533509873, 'pre_dampen_half': 151.32148777056312, 'gpp_af': 21.258647437649888, 'gpp_b': 0.0001718095341287594, 'gpp_d': 1.2434469102435366, 'ign_k': 0.3242143344038317, 'ign_c': 1.0022396791143333, 'trop_agb_crit': 8.404607864475192, 'trop_k_veg': 5.06204715641377}.
[I 2026-06-09 12:13:20,295] Trial 608 finished with values: [11.402056688329608, 11.402056688329608] and parameters: {'k1': 0.05832560268546887, 'D_low': 2.8033574523032767, 'k2': 8.488887549001697e-05, 'D_high': 39655.03094323017, 'fire_exp': 1.608176525358426, 'P_half': 1.4045842344024697, 'pre_dampen_half': 673.2248920775328, 'gpp_af': 21.258647437649888, 'gpp_b': 1.7213644875359617e-05, 'gpp_d': 500.2195003344709, 'ign_k': 0.0019264360371306567, 'ign_c': 1.887567630782227, 'trop_agb_crit': 1.5144860262751405, 'trop_k_veg': 4.51930447316402}.
[I 2026-06-09 12:13:21,495] Trial 609 finished with values: [10.387647536350737, 10.387647536350737] and parameters: {'k1': 5.105542986365652e-05, 'D_low': 2.3244932709566686, 'k2': 1.5412172709801895e-05, 'D_high': 69868.4759244566, 'fire_exp': 1.608176525358426, 'P_half': 1.4045842344024697, 'pre_dampen_half': 673.2248920775328, 'gpp_af': 21.258647437649888, 'gpp_b': 0.0028993292583566945, 'gpp_d': 500.2195003344709, 'ign_k': 0.5456725485601477, 'ign_c': 0.20319809838424974, 'trop_agb_crit': 1.5144860262751405, 'trop_k_veg': 4.8737397608275925}.
[I 2026-06-09 12:13:22,692] Trial 610 finished with values: [10.686319935594343, 10.686319935594343] and parameters: {'k1': 0.009782222138048972, 'D_low': 2.3244932709566686, 'k2': 1.5412172709801895e-05, 'D_high': 69868.4759244566, 'fire_exp': 2.4902446681314054, 'P_half': 1.4045842344024697, 'pre_dampen_half': 340.6909167027263, 'gpp_af': 0.022322768612512003, 'gpp_b': 0.0028993292583566945, 'gpp_d': 1.6983565276584263, 'ign_k': 0.01488823059798356, 'ign_c': 0.20319809838424974, 'trop_agb_crit': 1.259515631748535, 'trop_k_veg': 4.51930447316402}.
[I 2026-06-09 12:13:24,037] Trial 611 finished with values: [10.649514798248552, 10.649514798248552] and parameters: {'k1': 6.615437365561391e-05, 'D_low': 12.115155843077673, 'k2': 0.0002226297338331264, 'D_high': 39655.03094323017, 'fire_exp': 1.060109541566103, 'P_half': 1.4045842344024697, 'pre_dampen_half': 340.6909167027263, 'gpp_af': 1.3218737536384089, 'gpp_b': 0.002262927522655115, 'gpp_d': 26.003623362924223, 'ign_k': 0.008226074946221037, 'ign_c': 21.132597710340573, 'trop_agb_crit': 1.6059119829430093, 'trop_k_veg': 3.6260119779455584}.
[I 2026-06-09 12:13:25,333] Trial 612 finished with values: [10.335671674444997, 10.335671674444997] and parameters: {'k1': 5.105542986365652e-05, 'D_low': 125.32726386250698, 'k2': 8.488887549001697e-05, 'D_high': 14268.845807630427, 'fire_exp': 1.1404778529537094, 'P_half': 1.8942844905792813, 'pre_dampen_half': 673.2248920775328, 'gpp_af': 0.13767835510755025, 'gpp_b': 0.015382154459808445, 'gpp_d': 26.003623362924223, 'ign_k': 0.3242143344038317, 'ign_c': 1.887567630782227, 'trop_agb_crit': 1.5144860262751405, 'trop_k_veg': 1.0540721475196824}.
[I 2026-06-09 12:13:26,515] Trial 613 finished with values: [10.184950373682025, 10.184950373682025] and parameters: {'k1': 0.007519407491506672, 'D_low': 125.32726386250698, 'k2': 1.5412172709801895e-05, 'D_high': 69868.4759244566, 'fire_exp': 2.4902446681314054, 'P_half': 28.647019533509873, 'pre_dampen_half': 673.2248920775328, 'gpp_af': 48.19793830934025, 'gpp_b': 0.0028993292583566945, 'gpp_d': 500.2195003344709, 'ign_k': 0.5456725485601477, 'ign_c': 18.43395662181926, 'trop_agb_crit': 1.259515631748535, 'trop_k_veg': 1.1517712915946832}.
[I 2026-06-09 12:13:27,999] Trial 614 finished with values: [10.662431097978576, 10.662431097978576] and parameters: {'k1': 0.01549659926581634, 'D_low': 13.180029267201178, 'k2': 0.037633129263701104, 'D_high': 14.367266998250424, 'fire_exp': 1.060109541566103, 'P_half': 17.655835392092534, 'pre_dampen_half': 340.6909167027263, 'gpp_af': 1.3218737536384089, 'gpp_b': 2.036444166653217e-05, 'gpp_d': 99.3234953243749, 'ign_k': 0.3242143344038317, 'ign_c': 21.132597710340573, 'trop_agb_crit': 19.51558406059598, 'trop_k_veg': 1.8981057964668895}.
[I 2026-06-09 12:13:29,224] Trial 615 finished with values: [10.778258780642053, 10.778258780642053] and parameters: {'k1': 0.00234238498471129, 'D_low': 12.115155843077673, 'k2': 1.3357240411974104e-05, 'D_high': 18125.870836716233, 'fire_exp': 2.4902446681314054, 'P_half': 1.8942844905792813, 'pre_dampen_half': 673.2248920775328, 'gpp_af': 1.8075983730158514, 'gpp_b': 0.0028993292583566945, 'gpp_d': 0.0735311909944862, 'ign_k': 0.5456725485601477, 'ign_c': 1.0022396791143333, 'trop_agb_crit': 1.259515631748535, 'trop_k_veg': 1.1517712915946832}.
[I 2026-06-09 12:13:30,590] Trial 616 finished with values: [10.035978088004404, 10.035978088004404] and parameters: {'k1': 0.0630731811849173, 'D_low': 1.533916259116362, 'k2': 0.0005700142105246941, 'D_high': 39655.03094323017, 'fire_exp': 1.14171776851287, 'P_half': 63.906950920732235, 'pre_dampen_half': 345.01054536130147, 'gpp_af': 4.874291611803563, 'gpp_b': 0.0012749409641020352, 'gpp_d': 0.030786517836196188, 'ign_k': 0.5456725485601477, 'ign_c': 0.20319809838424974, 'trop_agb_crit': 1.5144860262751405, 'trop_k_veg': 0.6618107836658104}.
[I 2026-06-09 12:13:31,949] Trial 617 finished with values: [11.245739776813897, 11.245739776813897] and parameters: {'k1': 0.007519407491506672, 'D_low': 10.16551026641873, 'k2': 4.540076719227351e-05, 'D_high': 14268.845807630427, 'fire_exp': 1.0227532009936005, 'P_half': 108.21382910613987, 'pre_dampen_half': 673.2248920775328, 'gpp_af': 0.5107061330406066, 'gpp_b': 0.002262927522655115, 'gpp_d': 1.6983565276584263, 'ign_k': 0.5456725485601477, 'ign_c': 0.30792124641270435, 'trop_agb_crit': 4.655354911933648, 'trop_k_veg': 4.51930447316402}.
[I 2026-06-09 12:13:33,151] Trial 618 finished with values: [-0.5015086602829373, 0.22714110008763577] and parameters: {'k1': 6.615437365561391e-05, 'D_low': 12.115155843077673, 'k2': 0.0005700142105246941, 'D_high': 39655.03094323017, 'fire_exp': 2.10707132280748, 'P_half': 50.32059347286801, 'pre_dampen_half': 340.6909167027263, 'gpp_af': 1.3218737536384089, 'gpp_b': 0.00977702299083608, 'gpp_d': 467.0625946819548, 'ign_k': 3.1536006085184716, 'ign_c': 1.8836925134820866, 'trop_agb_crit': 2.6695352180079177, 'trop_k_veg': 1.8981057964668895}.
[I 2026-06-09 12:13:34,332] Trial 619 finished with values: [12.430049369542088, 12.430049369542088] and parameters: {'k1': 0.007519407491506672, 'D_low': 12.115155843077673, 'k2': 4.540076719227351e-05, 'D_high': 69868.4759244566, 'fire_exp': 1.0227532009936005, 'P_half': 108.21382910613987, 'pre_dampen_half': 340.6909167027263, 'gpp_af': 0.32613327839065587, 'gpp_b': 5.0279186721731925e-05, 'gpp_d': 0.42885111268165765, 'ign_k': 1.1215915868662767, 'ign_c': 0.21234210963705627, 'trop_agb_crit': 19.51558406059598, 'trop_k_veg': 3.6260119779455584}.
[I 2026-06-09 12:13:35,578] Trial 620 finished with values: [10.27057771787865, 10.27057771787865] and parameters: {'k1': 0.009782222138048972, 'D_low': 12.115155843077673, 'k2': 1.5167330688076188e-05, 'D_high': 18125.870836716233, 'fire_exp': 1.060109541566103, 'P_half': 5.522071973135809, 'pre_dampen_half': 340.6909167027263, 'gpp_af': 1.8075983730158514, 'gpp_b': 0.0007887450193826896, 'gpp_d': 0.0735311909944862, 'ign_k': 0.01488823059798356, 'ign_c': 0.21234210963705627, 'trop_agb_crit': 6.475515989686909, 'trop_k_veg': 4.51930447316402}.
[I 2026-06-09 12:13:36,855] Trial 621 finished with values: [10.681738378062064, 10.681738378062064] and parameters: {'k1': 6.615437365561391e-05, 'D_low': 106.89053105739734, 'k2': 0.000124801809651176, 'D_high': 14268.845807630427, 'fire_exp': 1.157110862187662, 'P_half': 1.8942844905792813, 'pre_dampen_half': 11.164047352793695, 'gpp_af': 1.3218737536384089, 'gpp_b': 1.7213644875359617e-05, 'gpp_d': 0.016138541942192136, 'ign_k': 0.0019264360371306567, 'ign_c': 1.887567630782227, 'trop_agb_crit': 1.6059119829430093, 'trop_k_veg': 1.0540721475196824}.
[I 2026-06-09 12:13:38,296] Trial 622 finished with values: [10.88906578985084, 10.88906578985084] and parameters: {'k1': 6.404854675916172e-05, 'D_low': 35.02761367842313, 'k2': 4.540076719227351e-05, 'D_high': 18125.870836716233, 'fire_exp': 1.608176525358426, 'P_half': 108.21382910613987, 'pre_dampen_half': 269.0845367054866, 'gpp_af': 0.13767835510755025, 'gpp_b': 0.002262927522655115, 'gpp_d': 26.003623362924223, 'ign_k': 0.0039207829763785755, 'ign_c': 884.1388855976228, 'trop_agb_crit': 19.51558406059598, 'trop_k_veg': 4.51930447316402}.
[I 2026-06-09 12:13:39,592] Trial 623 finished with values: [11.32547307009864, 11.32547307009864] and parameters: {'k1': 0.07252283715822166, 'D_low': 12.115155843077673, 'k2': 4.540076719227351e-05, 'D_high': 41821.78526757458, 'fire_exp': 1.1615865989246452, 'P_half': 149.35213816355395, 'pre_dampen_half': 673.2248920775328, 'gpp_af': 0.32613327839065587, 'gpp_b': 2.036444166653217e-05, 'gpp_d': 0.2473046721099913, 'ign_k': 0.5456725485601477, 'ign_c': 0.20319809838424974, 'trop_agb_crit': 1.6369193980425034, 'trop_k_veg': 4.51930447316402}.
