[I 2026-06-10 19:33:04,543] Trial 555 finished with values: [10.831967941139661, 10.831967941139661] and parameters: {'k1': 0.00026539376439360527, 'D_low': 50.32059347286801, 'k2': 0.02065142557895925, 'D_high': 1817.0401889219124, 'fire_exp': 7.394434809371433, 'P_half': 191.61918406231337, 'pre_dampen_half': 189.36639872354493, 'gpp_af': 1.9998014714101113, 'gpp_b': 1.5216765859697215e-05, 'gpp_d': 525.1661172395181, 'ign_k': 0.13500744867919376, 'ign_c': 16.497426799845446, 'trop_agb_crit': 8.0091368834625, 'trop_k_veg': 1.6003641872536711, 'fire_amp': 4.472176921013167}.
[I 2026-06-10 19:33:05,959] Trial 556 finished with values: [10.832694106404379, 10.832694106404379] and parameters: {'k1': 0.03820259936390116, 'D_low': 669.7348618512094, 'k2': 1.1417577140741129e-05, 'D_high': 1266.9536563782303, 'fire_exp': 8.529993407276715, 'P_half': 18.93453091519153, 'pre_dampen_half': 189.36639872354493, 'gpp_af': 56.62858823465573, 'gpp_b': 5.0875243087016374e-05, 'gpp_d': 14.427333163005196, 'ign_k': 0.09256855841989636, 'ign_c': 0.773448215664679, 'trop_agb_crit': 6.351751286408562, 'trop_k_veg': 4.796046723963646, 'fire_amp': 2.042193818779288}.
[I 2026-06-10 19:33:07,289] Trial 557 finished with values: [10.38867641595038, 10.38867641595038] and parameters: {'k1': 0.0006042560675552671, 'D_low': 1.3376564232104105, 'k2': 0.0004976087827261435, 'D_high': 42210.21267871043, 'fire_exp': 1.111738490499784, 'P_half': 157.80309954142965, 'pre_dampen_half': 189.36639872354493, 'gpp_af': 0.09885838682552685, 'gpp_b': 0.002416023630607169, 'gpp_d': 1.0088237648985734, 'ign_k': 0.13500744867919376, 'ign_c': 39.52220881906114, 'trop_agb_crit': 8.0091368834625, 'trop_k_veg': 5.453348988480011, 'fire_amp': 5.44779717154213}.
[I 2026-06-10 19:33:08,634] Trial 558 finished with values: [10.51830052796242, 10.51830052796242] and parameters: {'k1': 0.0057293717735696316, 'D_low': 236.79352040223893, 'k2': 0.0001280886335404798, 'D_high': 1817.0401889219124, 'fire_exp': 1.811096651915224, 'P_half': 5.4712187293420325, 'pre_dampen_half': 121.93011993958949, 'gpp_af': 0.8594202650742228, 'gpp_b': 0.0015782327810795573, 'gpp_d': 0.47379914349407487, 'ign_k': 0.9419612235978201, 'ign_c': 2.2882309479728957, 'trop_agb_crit': 1.0189592979395135, 'trop_k_veg': 0.7808079158649266, 'fire_amp': 2.6192385880432525}.
[I 2026-06-10 19:33:10,029] Trial 559 finished with values: [10.122379513838244, 10.122379513838244] and parameters: {'k1': 0.012840669372724958, 'D_low': 236.79352040223893, 'k2': 0.005204862686958021, 'D_high': 6682.9607218310075, 'fire_exp': 1.2060040899560858, 'P_half': 2.226799690893868, 'pre_dampen_half': 189.36639872354493, 'gpp_af': 3.298293484806585, 'gpp_b': 0.00013164432569139702, 'gpp_d': 1.0088237648985734, 'ign_k': 0.03845635122720663, 'ign_c': 7.832259769732471, 'trop_agb_crit': 1.0189592979395135, 'trop_k_veg': 2.99731137426955, 'fire_amp': 2.6192385880432525}.
[I 2026-06-10 19:33:11,492] Trial 560 finished with values: [10.826898015026549, 10.826898015026549] and parameters: {'k1': 0.00026539376439360527, 'D_low': 133.4807155996069, 'k2': 0.005082220961627801, 'D_high': 267.3088310781672, 'fire_exp': 1.111738490499784, 'P_half': 157.3644610977214, 'pre_dampen_half': 189.36639872354493, 'gpp_af': 1.9998014714101113, 'gpp_b': 0.5903603324157484, 'gpp_d': 0.1197776427957647, 'ign_k': 0.4320578308497379, 'ign_c': 16.497426799845446, 'trop_agb_crit': 8.0091368834625, 'trop_k_veg': 1.6003641872536711, 'fire_amp': 4.472176921013167}.
[I 2026-06-10 19:33:13,303] Trial 561 finished with values: [10.07335816195452, 10.07335816195452] and parameters: {'k1': 0.00026539376439360527, 'D_low': 2186.356344942016, 'k2': 1.1417577140741129e-05, 'D_high': 6682.9607218310075, 'fire_exp': 1.9095652801045373, 'P_half': 78.13392238162733, 'pre_dampen_half': 189.36639872354493, 'gpp_af': 3.030008727251782, 'gpp_b': 5.0875243087016374e-05, 'gpp_d': 14.427333163005196, 'ign_k': 1.6270983114897255, 'ign_c': 7.832259769732471, 'trop_agb_crit': 1.8023542850487386, 'trop_k_veg': 1.6648666152166967, 'fire_amp': 5.667622640988655}.
[I 2026-06-10 19:33:15,097] Trial 562 finished with values: [10.441569957487426, 10.441569957487426] and parameters: {'k1': 0.03820259936390116, 'D_low': 2267.735223551285, 'k2': 0.02065142557895925, 'D_high': 48235.58283024493, 'fire_exp': 1.111738490499784, 'P_half': 996.7983879709292, 'pre_dampen_half': 189.36639872354493, 'gpp_af': 56.62858823465573, 'gpp_b': 2.800940363375676e-05, 'gpp_d': 1.0088237648985734, 'ign_k': 0.13500744867919376, 'ign_c': 3.7623363852696734, 'trop_agb_crit': 8.0091368834625, 'trop_k_veg': 5.453348988480011, 'fire_amp': 3.211868494428654}.
[I 2026-06-10 19:33:16,815] Trial 563 finished with values: [10.068100344097864, 10.068100344097864] and parameters: {'k1': 5.7909642338812115e-05, 'D_low': 236.79352040223893, 'k2': 0.02065142557895925, 'D_high': 1817.0401889219124, 'fire_exp': 1.111738490499784, 'P_half': 774.5825831079144, 'pre_dampen_half': 350.88322284755304, 'gpp_af': 27.448645214004376, 'gpp_b': 0.002416023630607169, 'gpp_d': 7.631016235941559, 'ign_k': 1.6270983114897255, 'ign_c': 2.2882309479728957, 'trop_agb_crit': 1.438876022196885, 'trop_k_veg': 0.9660523662864217, 'fire_amp': 5.667622640988655}.
[I 2026-06-10 19:33:18,302] Trial 564 finished with values: [-0.6714899608147948, 0.35226250017334515] and parameters: {'k1': 0.00026539376439360527, 'D_low': 50.32059347286801, 'k2': 0.02065142557895925, 'D_high': 1266.9536563782303, 'fire_exp': 1.111738490499784, 'P_half': 2.6691447170887805, 'pre_dampen_half': 189.36639872354493, 'gpp_af': 3.030008727251782, 'gpp_b': 0.002416023630607169, 'gpp_d': 7.631016235941559, 'ign_k': 0.09256855841989636, 'ign_c': 2.2882309479728957, 'trop_agb_crit': 1.8023542850487386, 'trop_k_veg': 5.453348988480011, 'fire_amp': 2.042193818779288}.
[I 2026-06-10 19:33:20,081] Trial 565 finished with values: [10.483681863858134, 10.483681863858134] and parameters: {'k1': 0.012840669372724958, 'D_low': 43.2326421037033, 'k2': 0.0001280886335404798, 'D_high': 1817.0401889219124, 'fire_exp': 1.811096651915224, 'P_half': 1.4551749476072258, 'pre_dampen_half': 121.93011993958949, 'gpp_af': 56.62858823465573, 'gpp_b': 0.0015782327810795573, 'gpp_d': 0.47379914349407487, 'ign_k': 0.8945150807271531, 'ign_c': 7.832259769732471, 'trop_agb_crit': 2.100813292597435, 'trop_k_veg': 6.825463866194253, 'fire_amp': 3.8500040010232275}.
[I 2026-06-10 19:33:21,543] Trial 566 finished with values: [10.391268233194115, 10.391268233194115] and parameters: {'k1': 5.7909642338812115e-05, 'D_low': 236.79352040223893, 'k2': 0.02065142557895925, 'D_high': 1817.0401889219124, 'fire_exp': 1.9095652801045373, 'P_half': 157.3644610977214, 'pre_dampen_half': 350.88322284755304, 'gpp_af': 27.448645214004376, 'gpp_b': 0.002416023630607169, 'gpp_d': 14.427333163005196, 'ign_k': 0.09256855841989636, 'ign_c': 2.2882309479728957, 'trop_agb_crit': 8.0091368834625, 'trop_k_veg': 5.453348988480011, 'fire_amp': 4.472176921013167}.
[I 2026-06-10 19:33:22,932] Trial 567 finished with values: [10.460753998384984, 10.460753998384984] and parameters: {'k1': 0.012840669372724958, 'D_low': 43.2326421037033, 'k2': 7.531057256501231e-05, 'D_high': 267.3088310781672, 'fire_exp': 1.111738490499784, 'P_half': 5.4712187293420325, 'pre_dampen_half': 189.36639872354493, 'gpp_af': 3.298293484806585, 'gpp_b': 0.0015782327810795573, 'gpp_d': 1.0088237648985734, 'ign_k': 0.8945150807271531, 'ign_c': 7.081721844034206, 'trop_agb_crit': 2.100813292597435, 'trop_k_veg': 2.1406449943451844, 'fire_amp': 3.8500040010232275}.
[I 2026-06-10 19:33:24,484] Trial 568 finished with values: [10.086783593654468, 10.086783593654468] and parameters: {'k1': 0.00026539376439360527, 'D_low': 427.93836042014675, 'k2': 0.02065142557895925, 'D_high': 99461.47674311613, 'fire_exp': 1.111738490499784, 'P_half': 157.3644610977214, 'pre_dampen_half': 189.36639872354493, 'gpp_af': 1.9998014714101113, 'gpp_b': 0.5903603324157484, 'gpp_d': 525.1661172395181, 'ign_k': 0.8945150807271531, 'ign_c': 2.2882309479728957, 'trop_agb_crit': 8.0091368834625, 'trop_k_veg': 1.6003641872536711, 'fire_amp': 1.5719333351012774}.
[I 2026-06-10 19:33:25,903] Trial 569 finished with values: [10.35739956620128, 10.35739956620128] and parameters: {'k1': 0.0869690639641868, 'D_low': 50.32059347286801, 'k2': 0.005204862686958021, 'D_high': 42210.21267871043, 'fire_exp': 1.1633452995374232, 'P_half': 1.4551749476072258, 'pre_dampen_half': 1.8469033699850426, 'gpp_af': 0.07302012718529301, 'gpp_b': 0.001674375583895437, 'gpp_d': 1.0088237648985734, 'ign_k': 0.13500744867919376, 'ign_c': 0.33139424373451987, 'trop_agb_crit': 1.0189592979395135, 'trop_k_veg': 2.99731137426955, 'fire_amp': 5.44779717154213}.
[I 2026-06-10 19:33:27,518] Trial 570 finished with values: [10.83333333328067, 10.83333333328067] and parameters: {'k1': 5.7909642338812115e-05, 'D_low': 1.4002277211577039, 'k2': 0.0007731571570012607, 'D_high': 15.590073239763052, 'fire_exp': 9.487989255711895, 'P_half': 774.5825831079144, 'pre_dampen_half': 189.36639872354493, 'gpp_af': 1.8730788990929563, 'gpp_b': 0.006999112505425414, 'gpp_d': 7.631016235941559, 'ign_k': 0.042425976091860974, 'ign_c': 2.2882309479728957, 'trop_agb_crit': 1.850652607502099, 'trop_k_veg': 5.453348988480011, 'fire_amp': 4.19233232783727}.
[I 2026-06-10 19:33:28,829] Trial 571 finished with values: [10.647269545031717, 10.647269545031717] and parameters: {'k1': 0.03820259936390116, 'D_low': 50.32059347286801, 'k2': 2.091507303847255e-05, 'D_high': 41833.85682146036, 'fire_exp': 1.264103030891254, 'P_half': 3040.9816628297017, 'pre_dampen_half': 42.05657072871069, 'gpp_af': 8.164459147354295, 'gpp_b': 0.00013164432569139702, 'gpp_d': 6.84039695411256, 'ign_k': 0.03845635122720663, 'ign_c': 7.081721844034206, 'trop_agb_crit': 1.2489332852689512, 'trop_k_veg': 2.99731137426955, 'fire_amp': 3.890668402773863}.
[I 2026-06-10 19:33:30,166] Trial 572 finished with values: [10.079661379528215, 10.079661379528215] and parameters: {'k1': 0.008990768948930035, 'D_low': 133.4807155996069, 'k2': 1.1417577140741129e-05, 'D_high': 6682.9607218310075, 'fire_exp': 1.111738490499784, 'P_half': 5.4712187293420325, 'pre_dampen_half': 189.36639872354493, 'gpp_af': 56.62858823465573, 'gpp_b': 0.00013164432569139702, 'gpp_d': 0.26636419343091605, 'ign_k': 0.8945150807271531, 'ign_c': 0.773448215664679, 'trop_agb_crit': 6.351751286408562, 'trop_k_veg': 1.6003641872536711, 'fire_amp': 4.472176921013167}.
[I 2026-06-10 19:33:31,516] Trial 573 finished with values: [10.706696076465448, 10.706696076465448] and parameters: {'k1': 0.0006042560675552671, 'D_low': 3266.346436894069, 'k2': 0.02065142557895925, 'D_high': 1266.9536563782303, 'fire_exp': 1.111738490499784, 'P_half': 996.7983879709292, 'pre_dampen_half': 189.36639872354493, 'gpp_af': 1.9998014714101113, 'gpp_b': 0.00265975681233728, 'gpp_d': 0.4316838564848064, 'ign_k': 0.46813761934505577, 'ign_c': 7.832259769732471, 'trop_agb_crit': 15.605813459825825, 'trop_k_veg': 5.453348988480011, 'fire_amp': 5.44779717154213}.
[I 2026-06-10 19:33:32,891] Trial 574 finished with values: [10.188470506397637, 10.188470506397637] and parameters: {'k1': 5.7909642338812115e-05, 'D_low': 43.2326421037033, 'k2': 0.028670350305540694, 'D_high': 6682.9607218310075, 'fire_exp': 1.7505406131449859, 'P_half': 78.13392238162733, 'pre_dampen_half': 903.3231300044874, 'gpp_af': 56.62858823465573, 'gpp_b': 0.002416023630607169, 'gpp_d': 1.0088237648985734, 'ign_k': 0.8945150807271531, 'ign_c': 1.364908766641693, 'trop_agb_crit': 21.086120736447015, 'trop_k_veg': 6.825463866194253, 'fire_amp': 5.44779717154213}.
[I 2026-06-10 19:33:34,459] Trial 575 finished with values: [10.83333156669038, 10.83333156669038] and parameters: {'k1': 0.03648456083047798, 'D_low': 1.605843632310088, 'k2': 0.005204862686958021, 'D_high': 24.9899605789089, 'fire_exp': 5.784757193037464, 'P_half': 996.7983879709292, 'pre_dampen_half': 189.88136301569827, 'gpp_af': 14.161176080022173, 'gpp_b': 0.0012749409641020352, 'gpp_d': 1.4397852866783676, 'ign_k': 1.5532973289514227, 'ign_c': 0.9736725715035878, 'trop_agb_crit': 3.1419938725278875, 'trop_k_veg': 2.99731137426955, 'fire_amp': 5.831305332032283}.
[I 2026-06-10 19:33:35,828] Trial 576 finished with values: [10.83333333328067, 10.83333333328067] and parameters: {'k1': 0.0005525012427854533, 'D_low': 236.79352040223893, 'k2': 0.005204862686958021, 'D_high': 1817.0401889219124, 'fire_exp': 1.2060040899560858, 'P_half': 2.226799690893868, 'pre_dampen_half': 9.044346216330972, 'gpp_af': 0.8594202650742228, 'gpp_b': 0.001674375583895437, 'gpp_d': 1.0088237648985734, 'ign_k': 0.09256855841989636, 'ign_c': 186.78279278246248, 'trop_agb_crit': 1.0189592979395135, 'trop_k_veg': 5.453348988480011, 'fire_amp': 2.6192385880432525}.
[I 2026-06-10 19:33:37,107] Trial 577 finished with values: [10.721184015743388, 10.721184015743388] and parameters: {'k1': 0.0869690639641868, 'D_low': 13.012518385211498, 'k2': 0.02065142557895925, 'D_high': 1817.0401889219124, 'fire_exp': 1.1490848108902036, 'P_half': 61.6097529474144, 'pre_dampen_half': 189.36639872354493, 'gpp_af': 56.62858823465573, 'gpp_b': 0.002416023630607169, 'gpp_d': 0.0399066504395798, 'ign_k': 0.00660597889201953, 'ign_c': 2.2882309479728957, 'trop_agb_crit': 21.086120736447015, 'trop_k_veg': 6.825463866194253, 'fire_amp': 5.615047466686494}.
[I 2026-06-10 19:33:38,373] Trial 578 finished with values: [10.396666832777933, 10.396666832777933] and parameters: {'k1': 0.012840669372724958, 'D_low': 1074.940539517341, 'k2': 0.0015064557931192917, 'D_high': 42210.21267871043, 'fire_exp': 1.0601964743503993, 'P_half': 18.93453091519153, 'pre_dampen_half': 189.36639872354493, 'gpp_af': 1.8730788990929563, 'gpp_b': 0.0004360709560327289, 'gpp_d': 21.899070557043984, 'ign_k': 0.09256855841989636, 'ign_c': 48.704711413416454, 'trop_agb_crit': 1.8023542850487386, 'trop_k_veg': 1.6648666152166967, 'fire_amp': 4.19233232783727}.
[I 2026-06-10 19:33:39,701] Trial 579 finished with values: [10.067459194811335, 10.067459194811335] and parameters: {'k1': 0.0869690639641868, 'D_low': 1.605843632310088, 'k2': 0.02065142557895925, 'D_high': 48235.58283024493, 'fire_exp': 1.9095652801045373, 'P_half': 96.70857606743157, 'pre_dampen_half': 1.6130673726933187, 'gpp_af': 27.448645214004376, 'gpp_b': 1.0828092646426677e-05, 'gpp_d': 14.427333163005196, 'ign_k': 1.6270983114897255, 'ign_c': 0.6235377135673155, 'trop_agb_crit': 3.058280993112277, 'trop_k_veg': 0.6618107836658104, 'fire_amp': 2.6192385880432525}.
[I 2026-06-10 19:33:41,109] Trial 580 finished with values: [-0.4484713852018358, 0.8826430990580207] and parameters: {'k1': 0.03820259936390116, 'D_low': 669.7348618512094, 'k2': 0.005204862686958021, 'D_high': 6682.9607218310075, 'fire_exp': 1.2060040899560858, 'P_half': 18.93453091519153, 'pre_dampen_half': 9.044346216330972, 'gpp_af': 0.8594202650742228, 'gpp_b': 0.0008861657881839811, 'gpp_d': 14.427333163005196, 'ign_k': 1.6270983114897255, 'ign_c': 1.364908766641693, 'trop_agb_crit': 1.0189592979395135, 'trop_k_veg': 2.99731137426955, 'fire_amp': 3.890668402773863}.
[I 2026-06-10 19:33:42,489] Trial 581 finished with values: [10.688065564928824, 10.688065564928824] and parameters: {'k1': 0.0869690639641868, 'D_low': 236.79352040223893, 'k2': 0.005204862686958021, 'D_high': 292.31166016118357, 'fire_exp': 1.2060040899560858, 'P_half': 2.226799690893868, 'pre_dampen_half': 9.044346216330972, 'gpp_af': 0.8594202650742228, 'gpp_b': 0.002416023630607169, 'gpp_d': 1.4397852866783676, 'ign_k': 1.6270983114897255, 'ign_c': 1.364908766641693, 'trop_agb_crit': 1.0189592979395135, 'trop_k_veg': 1.4997174988262807, 'fire_amp': 2.6192385880432525}.
[I 2026-06-10 19:33:43,763] Trial 582 finished with values: [10.666135733946042, 10.666135733946042] and parameters: {'k1': 0.00026539376439360527, 'D_low': 1074.940539517341, 'k2': 0.02065142557895925, 'D_high': 6682.9607218310075, 'fire_exp': 1.0601964743503993, 'P_half': 12.262543158860007, 'pre_dampen_half': 189.36639872354493, 'gpp_af': 27.448645214004376, 'gpp_b': 0.002416023630607169, 'gpp_d': 0.1619054449471649, 'ign_k': 0.00840038491455979, 'ign_c': 0.5232779509048977, 'trop_agb_crit': 2.0527418919564324, 'trop_k_veg': 0.9660523662864217, 'fire_amp': 1.5719333351012774}.
[I 2026-06-10 19:33:45,402] Trial 583 finished with values: [10.756906625046351, 10.756906625046351] and parameters: {'k1': 0.030699709531122967, 'D_low': 43.2326421037033, 'k2': 0.006051580666890612, 'D_high': 42210.21267871043, 'fire_exp': 1.264103030891254, 'P_half': 157.80309954142965, 'pre_dampen_half': 857.6556763881457, 'gpp_af': 0.09885838682552685, 'gpp_b': 1.1008110571039521e-05, 'gpp_d': 1.0088237648985734, 'ign_k': 0.035828811741825076, 'ign_c': 39.52220881906114, 'trop_agb_crit': 2.1989086830950257, 'trop_k_veg': 2.1406449943451844, 'fire_amp': 3.890668402773863}.
[I 2026-06-10 19:33:46,806] Trial 584 finished with values: [10.134849206695826, 10.134849206695826] and parameters: {'k1': 0.012840669372724958, 'D_low': 16.480446427978972, 'k2': 0.02065142557895925, 'D_high': 623.411042225738, 'fire_exp': 1.811096651915224, 'P_half': 1.4551749476072258, 'pre_dampen_half': 903.3231300044874, 'gpp_af': 0.004409093791567215, 'gpp_b': 0.002416023630607169, 'gpp_d': 1.0088237648985734, 'ign_k': 0.8945150807271531, 'ign_c': 0.8916132699546893, 'trop_agb_crit': 2.100813292597435, 'trop_k_veg': 0.7808079158649266, 'fire_amp': 5.44779717154213}.
[I 2026-06-10 19:33:48,268] Trial 585 finished with values: [10.679122674906575, 10.679122674906575] and parameters: {'k1': 5.7909642338812115e-05, 'D_low': 1.4002277211577039, 'k2': 0.0007731571570012607, 'D_high': 1817.0401889219124, 'fire_exp': 1.0601964743503993, 'P_half': 1.4551749476072258, 'pre_dampen_half': 0.7349519696695505, 'gpp_af': 1.9706963379095486, 'gpp_b': 0.006999112505425414, 'gpp_d': 0.13688256550323696, 'ign_k': 0.09256855841989636, 'ign_c': 7.832259769732471, 'trop_agb_crit': 1.850652607502099, 'trop_k_veg': 1.6003641872536711, 'fire_amp': 5.44779717154213}.
[I 2026-06-10 19:33:49,753] Trial 586 finished with values: [11.407434343391422, 11.407434343391422] and parameters: {'k1': 0.012840669372724958, 'D_low': 16.480446427978972, 'k2': 0.0001280886335404798, 'D_high': 18108.14362107968, 'fire_exp': 1.6901885781909627, 'P_half': 5.4712187293420325, 'pre_dampen_half': 857.6556763881457, 'gpp_af': 5.470750401264765, 'gpp_b': 1.1008110571039521e-05, 'gpp_d': 525.1661172395181, 'ign_k': 0.0032383308053152635, 'ign_c': 0.19623826481168347, 'trop_agb_crit': 6.351751286408562, 'trop_k_veg': 0.7808079158649266, 'fire_amp': 4.472176921013167}.
[I 2026-06-10 19:33:51,088] Trial 587 finished with values: [11.53698288822262, 11.53698288822262] and parameters: {'k1': 5.7909642338812115e-05, 'D_low': 13.012518385211498, 'k2': 0.02065142557895925, 'D_high': 6682.9607218310075, 'fire_exp': 1.111738490499784, 'P_half': 78.13392238162733, 'pre_dampen_half': 189.36639872354493, 'gpp_af': 1.9998014714101113, 'gpp_b': 0.002416023630607169, 'gpp_d': 14.427333163005196, 'ign_k': 0.09256855841989636, 'ign_c': 2.2882309479728957, 'trop_agb_crit': 3.058280993112277, 'trop_k_veg': 0.9660523662864217, 'fire_amp': 4.472176921013167}.
[I 2026-06-10 19:33:52,485] Trial 588 finished with values: [10.789319240907771, 10.789319240907771] and parameters: {'k1': 5.7909642338812115e-05, 'D_low': 236.79352040223893, 'k2': 0.02065142557895925, 'D_high': 1817.0401889219124, 'fire_exp': 4.0128099657681755, 'P_half': 96.70857606743157, 'pre_dampen_half': 9.044346216330972, 'gpp_af': 21.635028947225102, 'gpp_b': 2.800940363375676e-05, 'gpp_d': 14.427333163005196, 'ign_k': 1.6270983114897255, 'ign_c': 2.2882309479728957, 'trop_agb_crit': 1.438876022196885, 'trop_k_veg': 4.796046723963646, 'fire_amp': 5.667622640988655}.
[I 2026-06-10 19:33:53,892] Trial 589 finished with values: [10.073924173824052, 10.073924173824052] and parameters: {'k1': 5.7909642338812115e-05, 'D_low': 470.815979325019, 'k2': 1.1417577140741129e-05, 'D_high': 1266.9536563782303, 'fire_exp': 1.111738490499784, 'P_half': 157.3644610977214, 'pre_dampen_half': 189.36639872354493, 'gpp_af': 3.030008727251782, 'gpp_b': 0.002416023630607169, 'gpp_d': 7.631016235941559, 'ign_k': 0.09256855841989636, 'ign_c': 2.2882309479728957, 'trop_agb_crit': 1.8023542850487386, 'trop_k_veg': 1.6648666152166967, 'fire_amp': 4.472176921013167}.
[I 2026-06-10 19:33:55,250] Trial 590 finished with values: [10.067024630915924, 10.067024630915924] and parameters: {'k1': 0.0869690639641868, 'D_low': 236.79352040223893, 'k2': 0.0001280886335404798, 'D_high': 1817.0401889219124, 'fire_exp': 1.2060040899560858, 'P_half': 2.226799690893868, 'pre_dampen_half': 189.36639872354493, 'gpp_af': 56.62858823465573, 'gpp_b': 0.001674375583895437, 'gpp_d': 0.26636419343091605, 'ign_k': 0.09256855841989636, 'ign_c': 0.773448215664679, 'trop_agb_crit': 1.0189592979395135, 'trop_k_veg': 6.825463866194253, 'fire_amp': 5.615047466686494}.
[I 2026-06-10 19:33:56,645] Trial 591 finished with values: [-0.5664150088778673, 0.6405872367169463] and parameters: {'k1': 0.012840669372724958, 'D_low': 171.2446447678494, 'k2': 0.003767022142229395, 'D_high': 48235.58283024493, 'fire_exp': 1.111738490499784, 'P_half': 774.5825831079144, 'pre_dampen_half': 38.00678588560607, 'gpp_af': 1.2515601598062582, 'gpp_b': 0.002416023630607169, 'gpp_d': 21.899070557043984, 'ign_k': 0.0029519227433917453, 'ign_c': 48.704711413416454, 'trop_agb_crit': 1.438876022196885, 'trop_k_veg': 5.453348988480011, 'fire_amp': 4.19233232783727}.
