[I 2026-07-25 00:37:40,192] Trial 1073 finished with value: 0.5920476299620537 and parameters: {'k1': 0.0002307814579629056, 'D_low': 1375.6552643915695, 'k2': 0.0037812032543087185, 'D_high': 146124.10918453452, 'fire_exp': 2.692903022039445, 'P_half': 35.3107696539173, 'pre_dampen_half': 0.03900922068677482, 'gpp_af': 0.006911494655987604, 'gpp_b': 0.009924789281886963, 'gpp_d': 118.21660846465277, 'ign_k': 0.6589196561956504, 'ign_c': 24.630475168052655, 'trop_agb_crit': 11.259834337589508, 'trop_k_veg': 1.7030282250019926, 'gdp_gamma': 0.32100808404354614, 'cure_k': 0.009813696370147715, 'cure_p_min': 347.03671931898947, 'cure_gpp_ref': 1.0714966537602522, 'cure_agb_crit': 3.5036184309111933, 'fuel_k': 1.0725324363687265, 'fuel_half': 1.3735305220558112}. Best is trial 577 with value: -0.629883323094065.
[I 2026-07-25 00:37:40,649] Trial 1074 finished with value: 0.5319925499248258 and parameters: {'k1': 3.4217939107478394e-05, 'D_low': 23.791833564256827, 'k2': 0.0003122850127298715, 'D_high': 4425787.554268334, 'fire_exp': 1.6740898108428923, 'P_half': 68.69636257574228, 'pre_dampen_half': 0.7099406420209639, 'gpp_af': 0.061703567295890105, 'gpp_b': 0.00204473588185994, 'gpp_d': 16.866064848921038, 'ign_k': 0.05165552801893066, 'ign_c': 4.557290634349705, 'trop_agb_crit': 14.599594642218278, 'trop_k_veg': 3.7546919366297336, 'gdp_gamma': 0.07212074880672512, 'cure_k': 0.014772967995234025, 'cure_p_min': 318.9353545806916, 'cure_gpp_ref': 0.41656766171070875, 'cure_agb_crit': 3.413540330812487, 'fuel_k': 0.20673160959797732, 'fuel_half': 0.5484516517768128}. Best is trial 577 with value: -0.629883323094065.
[I 2026-07-25 00:37:41,116] Trial 1075 finished with value: 0.4805703813015466 and parameters: {'k1': 1.9862831730776957e-05, 'D_low': 3438.870474625026, 'k2': 0.00036859297057970726, 'D_high': 4661668.040326783, 'fire_exp': 1.3166533005569747, 'P_half': 10.144249081787066, 'pre_dampen_half': 2.0142127862621373, 'gpp_af': 0.555308772207125, 'gpp_b': 0.004389395596810955, 'gpp_d': 16.402751459998022, 'ign_k': 0.5368489061955715, 'ign_c': 9.021096986661426, 'trop_agb_crit': 7.494400480355689, 'trop_k_veg': 3.16032392295548, 'gdp_gamma': 0.6062948869675934, 'cure_k': 0.0431034439497057, 'cure_p_min': 325.1126627337269, 'cure_gpp_ref': 0.48714744352754014, 'cure_agb_crit': 4.0349384319608985, 'fuel_k': 2.2887516115820445, 'fuel_half': 4.144615645136699}. Best is trial 577 with value: -0.629883323094065.
[I 2026-07-25 00:37:41,580] Trial 1076 finished with value: 0.5821041289507091 and parameters: {'k1': 0.013358800488969381, 'D_low': 19.641808104788918, 'k2': 2.4799087063299513e-05, 'D_high': 1591312.308904529, 'fire_exp': 1.423400608034437, 'P_half': 140.80702263023832, 'pre_dampen_half': 0.33552885777936187, 'gpp_af': 0.08796759689237516, 'gpp_b': 2.723997809549327, 'gpp_d': 3.6475074776639325, 'ign_k': 0.8457478794651172, 'ign_c': 21.259223885798, 'trop_agb_crit': 6.911812808141519, 'trop_k_veg': 4.558894749137963, 'gdp_gamma': 0.38213141298469744, 'cure_k': 0.008387937099297993, 'cure_p_min': 229.75194645800698, 'cure_gpp_ref': 1.898090657147884, 'cure_agb_crit': 2.9876840938150244, 'fuel_k': 0.051976334661274166, 'fuel_half': 0.4694399070592606}. Best is trial 577 with value: -0.629883323094065.
[I 2026-07-25 00:37:42,038] Trial 1077 finished with value: 0.41247448052650393 and parameters: {'k1': 2.0526884947031283e-05, 'D_low': 34.08932006995869, 'k2': 0.0004130949320878818, 'D_high': 219163.44221228771, 'fire_exp': 1.9884621863723784, 'P_half': 37.22544543847568, 'pre_dampen_half': 0.08717237135694858, 'gpp_af': 0.02168696195312461, 'gpp_b': 0.004105046377024789, 'gpp_d': 86.53168389536282, 'ign_k': 2.6825515988998845, 'ign_c': 7.466220288601284, 'trop_agb_crit': 12.318633945074726, 'trop_k_veg': 4.31491762777717, 'gdp_gamma': 1.6911449526925024, 'cure_k': 0.03150014652201408, 'cure_p_min': 310.69720786228527, 'cure_gpp_ref': 1.4859269490182243, 'cure_agb_crit': 6.845277842639249, 'fuel_k': 0.5659079988374266, 'fuel_half': 0.3764861428186842}. Best is trial 577 with value: -0.629883323094065.
[I 2026-07-25 00:37:42,499] Trial 1078 finished with value: 0.45152526948428984 and parameters: {'k1': 0.06487047203941758, 'D_low': 357.7244825581265, 'k2': 0.009840672902645484, 'D_high': 121168.67734777936, 'fire_exp': 1.5090461459261748, 'P_half': 1089.8728415744686, 'pre_dampen_half': 188.21612941867093, 'gpp_af': 0.00821657775935639, 'gpp_b': 0.00018644241079058892, 'gpp_d': 22.791979972209532, 'ign_k': 0.0023690375890288618, 'ign_c': 267.51352114932035, 'trop_agb_crit': 14.018163168899752, 'trop_k_veg': 0.7465690148786475, 'gdp_gamma': 0.689933427973507, 'cure_k': 0.003751992329035411, 'cure_p_min': 254.51176222828363, 'cure_gpp_ref': 0.331804004862355, 'cure_agb_crit': 2.1355650018279704, 'fuel_k': 0.05003680044194401, 'fuel_half': 30.969742932457052}. Best is trial 577 with value: -0.629883323094065.
[I 2026-07-25 00:37:42,960] Trial 1079 finished with value: 0.4667360769418306 and parameters: {'k1': 9.793625565997997e-05, 'D_low': 5826.740813589386, 'k2': 0.000887458082921265, 'D_high': 86670.71203216231, 'fire_exp': 1.2081587894036248, 'P_half': 25.11217676381741, 'pre_dampen_half': 0.1764677349719874, 'gpp_af': 0.007903675161051215, 'gpp_b': 0.0118849179705623, 'gpp_d': 35.81287329309185, 'ign_k': 0.10126003829932338, 'ign_c': 4.727815007032695, 'trop_agb_crit': 5.869623437792947, 'trop_k_veg': 5.066960355336322, 'gdp_gamma': 1.0988200762528522, 'cure_k': 0.015123832738401689, 'cure_p_min': 220.79646941049145, 'cure_gpp_ref': 1.421095282870356, 'cure_agb_crit': 4.341198953036667, 'fuel_k': 0.43053442602209707, 'fuel_half': 0.23434991652335063}. Best is trial 577 with value: -0.629883323094065.
[I 2026-07-25 00:37:43,419] Trial 1080 finished with value: 0.6031724566037922 and parameters: {'k1': 0.00011941665421865505, 'D_low': 6202.491662052289, 'k2': 0.0005031699916770841, 'D_high': 372927.9143998928, 'fire_exp': 3.609290944651488, 'P_half': 1712.7921028905455, 'pre_dampen_half': 0.4810336944129545, 'gpp_af': 0.05405001390335473, 'gpp_b': 1.7780978837526527, 'gpp_d': 7.306130494715446, 'ign_k': 0.09910117254190688, 'ign_c': 81.54188771347954, 'trop_agb_crit': 4.551230129654779, 'trop_k_veg': 6.9914690104632005, 'gdp_gamma': 0.299702675171412, 'cure_k': 0.008391591577772113, 'cure_p_min': 398.6160493548911, 'cure_gpp_ref': 1.803629141037665, 'cure_agb_crit': 2.757130207416842, 'fuel_k': 0.2894171153197719, 'fuel_half': 0.31274608324301373}. Best is trial 577 with value: -0.629883323094065.
[I 2026-07-25 00:37:43,884] Trial 1081 finished with value: -0.5865912885082125 and parameters: {'k1': 0.0009021742136884484, 'D_low': 14160.07675585291, 'k2': 0.04579579344667985, 'D_high': 502393.16898753436, 'fire_exp': 2.346945611999276, 'P_half': 655.8549673471965, 'pre_dampen_half': 26.080396675578747, 'gpp_af': 0.972027329409968, 'gpp_b': 4.4683235363760754e-05, 'gpp_d': 750.6714954703916, 'ign_k': 0.09219217321947813, 'ign_c': 1.789364737624689, 'trop_agb_crit': 15.685006938954002, 'trop_k_veg': 0.8674710386890302, 'gdp_gamma': 0.6621016988803885, 'cure_k': 0.003988695816925773, 'cure_p_min': 143.81088550010645, 'cure_gpp_ref': 0.07094229591951207, 'cure_agb_crit': 3.0775018041763955, 'fuel_k': 0.23011888181550771, 'fuel_half': 94.93838547593356}. Best is trial 577 with value: -0.629883323094065.
[I 2026-07-25 00:37:44,346] Trial 1082 finished with value: 0.46598714090982907 and parameters: {'k1': 0.002546833516532399, 'D_low': 7679.026012574111, 'k2': 0.060218559736743706, 'D_high': 1405516.476425901, 'fire_exp': 1.8929098143574334, 'P_half': 78.44541018430648, 'pre_dampen_half': 36.35011610478996, 'gpp_af': 0.09470731390741266, 'gpp_b': 1.3423416176675131e-05, 'gpp_d': 438.54579901707, 'ign_k': 0.0025813936846280747, 'ign_c': 42.575848804068194, 'trop_agb_crit': 15.571938066438836, 'trop_k_veg': 0.6641004268156225, 'gdp_gamma': 1.7318696022819693, 'cure_k': 0.015047526483540123, 'cure_p_min': 112.77395398205982, 'cure_gpp_ref': 0.13233696005141807, 'cure_agb_crit': 2.227515880811274, 'fuel_k': 0.1490972487872791, 'fuel_half': 49.875973974150654}. Best is trial 577 with value: -0.629883323094065.
[I 2026-07-25 00:37:44,805] Trial 1083 finished with value: 0.5960707675565543 and parameters: {'k1': 0.03365877453617854, 'D_low': 18.408109649739863, 'k2': 0.0002256561636398574, 'D_high': 180309.978834321, 'fire_exp': 2.094392787085839, 'P_half': 12.56995333992077, 'pre_dampen_half': 8.331820689293185, 'gpp_af': 0.3856568752830629, 'gpp_b': 2.9114616723918134, 'gpp_d': 187.55500606256456, 'ign_k': 0.39132723298751976, 'ign_c': 63.20806034346136, 'trop_agb_crit': 1.6390178063313339, 'trop_k_veg': 4.821741199386088, 'gdp_gamma': 0.36797161091323344, 'cure_k': 0.020706942899172534, 'cure_p_min': 329.275965611019, 'cure_gpp_ref': 1.9436825339161505, 'cure_agb_crit': 4.414246529431023, 'fuel_k': 0.9991329996047413, 'fuel_half': 1.4390852191998065}. Best is trial 577 with value: -0.629883323094065.
[I 2026-07-25 00:37:45,266] Trial 1084 finished with value: -0.531505273966722 and parameters: {'k1': 0.008461180390777274, 'D_low': 1920.6283580630518, 'k2': 5.1725672263407936e-05, 'D_high': 3137326.7716232683, 'fire_exp': 1.0401876495351623, 'P_half': 38.69874238859673, 'pre_dampen_half': 0.19791868638637314, 'gpp_af': 0.002378575924113057, 'gpp_b': 0.12378395608290894, 'gpp_d': 15.44339959306505, 'ign_k': 0.03220647198845566, 'ign_c': 0.1821579066413614, 'trop_agb_crit': 7.206750275879922, 'trop_k_veg': 2.3192482966617787, 'gdp_gamma': 1.5639257009067293, 'cure_k': 0.1787697676733029, 'cure_p_min': 249.43498961508624, 'cure_gpp_ref': 0.06234901090499612, 'cure_agb_crit': 1.039637040763361, 'fuel_k': 0.03558656837060138, 'fuel_half': 11.176898832624905}. Best is trial 577 with value: -0.629883323094065.
[I 2026-07-25 00:37:45,724] Trial 1085 finished with value: 0.5391264711280169 and parameters: {'k1': 3.270477743112094e-05, 'D_low': 7.972734924124755, 'k2': 2.7089909796706364e-05, 'D_high': 12430.448505512299, 'fire_exp': 1.2909991260148643, 'P_half': 12.818314402190959, 'pre_dampen_half': 144.58222731756007, 'gpp_af': 0.0024877250822151523, 'gpp_b': 0.019976012228413075, 'gpp_d': 15.3044162295854, 'ign_k': 0.5471511142402293, 'ign_c': 1.4898382740126908, 'trop_agb_crit': 4.025061166324505, 'trop_k_veg': 0.5410549833604781, 'gdp_gamma': 1.0990685404796117, 'cure_k': 0.32665380882768386, 'cure_p_min': 285.42164904540095, 'cure_gpp_ref': 0.08761595100673705, 'cure_agb_crit': 1.52234963597679, 'fuel_k': 0.21247407338732915, 'fuel_half': 24.086882688034414}. Best is trial 577 with value: -0.629883323094065.
[I 2026-07-25 00:37:46,190] Trial 1086 finished with value: 0.3783651351658781 and parameters: {'k1': 0.013562438135153716, 'D_low': 548.4713708427975, 'k2': 0.04154870916772138, 'D_high': 263966.275151624, 'fire_exp': 1.1703455057562762, 'P_half': 1556.0396396630013, 'pre_dampen_half': 8.932435418128094, 'gpp_af': 0.024819498457407826, 'gpp_b': 1.907884191002104e-05, 'gpp_d': 144.88047169354923, 'ign_k': 0.009389515342128545, 'ign_c': 1.413813290843539, 'trop_agb_crit': 13.86714802270218, 'trop_k_veg': 0.7704031302704811, 'gdp_gamma': 1.1047751329801179, 'cure_k': 0.0012780182821991067, 'cure_p_min': 308.72196614393096, 'cure_gpp_ref': 0.38239859542158205, 'cure_agb_crit': 1.264430079855056, 'fuel_k': 0.09674566437691168, 'fuel_half': 48.63489830882234}. Best is trial 577 with value: -0.629883323094065.
[I 2026-07-25 00:37:46,649] Trial 1087 finished with value: 0.4930408718029491 and parameters: {'k1': 1.034951509936898e-05, 'D_low': 738.4444098930383, 'k2': 0.00023343637703349755, 'D_high': 5678609.588983012, 'fire_exp': 1.0504394621499005, 'P_half': 1.3880387190969194, 'pre_dampen_half': 0.11462886900552781, 'gpp_af': 0.02330515873398622, 'gpp_b': 0.00010463875168682472, 'gpp_d': 0.16254382665663072, 'ign_k': 0.18300231972233197, 'ign_c': 4.483727530938232, 'trop_agb_crit': 1.3361760255669228, 'trop_k_veg': 1.417726310173163, 'gdp_gamma': 1.8852619390562608, 'cure_k': 0.14989850311643332, 'cure_p_min': 174.27690074894926, 'cure_gpp_ref': 0.0831074475233714, 'cure_agb_crit': 1.0363344956080147, 'fuel_k': 0.09888815347625625, 'fuel_half': 21.78262884522751}. Best is trial 577 with value: -0.629883323094065.
[I 2026-07-25 00:37:47,110] Trial 1088 finished with value: 0.4371544698290998 and parameters: {'k1': 0.00045671207580775635, 'D_low': 10.58216492341599, 'k2': 0.0006773443392443725, 'D_high': 133885.4613934452, 'fire_exp': 1.5292128891088672, 'P_half': 29.432293789548755, 'pre_dampen_half': 0.5114371919660936, 'gpp_af': 0.41581054308376764, 'gpp_b': 0.0025050576488250625, 'gpp_d': 934.5153516933383, 'ign_k': 0.0011504432690937838, 'ign_c': 230.33406328570607, 'trop_agb_crit': 28.998833959962376, 'trop_k_veg': 1.111978935105188, 'gdp_gamma': 0.20403297462967726, 'cure_k': 0.3427212757840822, 'cure_p_min': 185.58732208568193, 'cure_gpp_ref': 0.11911227973926253, 'cure_agb_crit': 1.9996663958029943, 'fuel_k': 0.17545760476507535, 'fuel_half': 1.5129813978487943}. Best is trial 577 with value: -0.629883323094065.
[I 2026-07-25 00:37:47,570] Trial 1089 finished with value: 0.5774862191221903 and parameters: {'k1': 5.797990607344096e-05, 'D_low': 287.49349064184713, 'k2': 0.00037739292645012646, 'D_high': 352004.141610896, 'fire_exp': 1.6602326637027622, 'P_half': 250.29763725509076, 'pre_dampen_half': 0.1157660178990816, 'gpp_af': 0.0013993525390223998, 'gpp_b': 0.0010228374582459997, 'gpp_d': 1.6988419293071666, 'ign_k': 0.040877537513637284, 'ign_c': 24.669136683041007, 'trop_agb_crit': 5.436076630378522, 'trop_k_veg': 3.8098646538492322, 'gdp_gamma': 0.3856831269293144, 'cure_k': 0.004873092239451255, 'cure_p_min': 281.8676400511601, 'cure_gpp_ref': 0.8194757785711938, 'cure_agb_crit': 5.239180414976245, 'fuel_k': 0.630025351659988, 'fuel_half': 2.7166201547316917}. Best is trial 577 with value: -0.629883323094065.
[I 2026-07-25 00:37:48,033] Trial 1090 finished with value: 0.5190200750527414 and parameters: {'k1': 0.0011883091512877313, 'D_low': 1006.5668785688416, 'k2': 0.0001813302837478266, 'D_high': 582302.8641638998, 'fire_exp': 1.8300981902491529, 'P_half': 918.2239690472555, 'pre_dampen_half': 0.6340324979757723, 'gpp_af': 1.5017037738151833, 'gpp_b': 0.0004747527498900583, 'gpp_d': 911.6968500282766, 'ign_k': 0.12856645849963963, 'ign_c': 8.433823312516559, 'trop_agb_crit': 7.8084636866479995, 'trop_k_veg': 2.9905396647186553, 'gdp_gamma': 0.18860130832075903, 'cure_k': 0.025316367632077334, 'cure_p_min': 359.8915011719269, 'cure_gpp_ref': 1.9710958610657123, 'cure_agb_crit': 4.053866172499229, 'fuel_k': 1.0434128960264748, 'fuel_half': 9.465580838482675}. Best is trial 577 with value: -0.629883323094065.
[I 2026-07-25 00:37:48,495] Trial 1091 finished with value: 0.3978867127951373 and parameters: {'k1': 0.00510145645690167, 'D_low': 1.3039814857676648, 'k2': 0.0027535885040788966, 'D_high': 1216028.9328591365, 'fire_exp': 2.1713180238026206, 'P_half': 253.5718984276478, 'pre_dampen_half': 792.9988470465063, 'gpp_af': 0.004552111464884855, 'gpp_b': 1.0863545698193864e-05, 'gpp_d': 581.0843637418609, 'ign_k': 0.006961451146287654, 'ign_c': 28.635875698868897, 'trop_agb_crit': 26.06022048985091, 'trop_k_veg': 1.6092861431916572, 'gdp_gamma': 0.5794423775893909, 'cure_k': 0.0016490433913454914, 'cure_p_min': 111.78797946065198, 'cure_gpp_ref': 0.2857989874698939, 'cure_agb_crit': 1.918145902138204, 'fuel_k': 0.04935954563801147, 'fuel_half': 26.226965937605314}. Best is trial 577 with value: -0.629883323094065.
[I 2026-07-25 00:37:48,957] Trial 1092 finished with value: 0.4640923354014327 and parameters: {'k1': 0.0010093719738235851, 'D_low': 75.71702770988836, 'k2': 0.0012790440458094231, 'D_high': 3341652.882915019, 'fire_exp': 1.1875724467327078, 'P_half': 2.9356935378722344, 'pre_dampen_half': 2.696767045524626, 'gpp_af': 0.26858795710764133, 'gpp_b': 0.23804435739299193, 'gpp_d': 455.4314528855985, 'ign_k': 0.002559574877893939, 'ign_c': 8.603942351346078, 'trop_agb_crit': 10.597449573441743, 'trop_k_veg': 0.7842620261498753, 'gdp_gamma': 0.4623126302307526, 'cure_k': 0.012549310468928756, 'cure_p_min': 89.18665580652058, 'cure_gpp_ref': 0.19543334506209456, 'cure_agb_crit': 2.6105847974294267, 'fuel_k': 0.028683321765986727, 'fuel_half': 6.531719999658855}. Best is trial 577 with value: -0.629883323094065.
[I 2026-07-25 00:37:49,421] Trial 1093 finished with value: 0.6201974858600996 and parameters: {'k1': 0.013656445511843746, 'D_low': 39.95592427328644, 'k2': 0.00031061884520738105, 'D_high': 58917.25752602013, 'fire_exp': 1.4589153256917797, 'P_half': 179.3345502628867, 'pre_dampen_half': 15.366642874951278, 'gpp_af': 5.089978576907061, 'gpp_b': 0.01828527783391211, 'gpp_d': 212.04933926040297, 'ign_k': 0.45242180458593617, 'ign_c': 2.584486953464745, 'trop_agb_crit': 4.19739697083353, 'trop_k_veg': 5.259387228377932, 'gdp_gamma': 0.8724623881344408, 'cure_k': 0.02145092236764507, 'cure_p_min': 364.7712537511155, 'cure_gpp_ref': 1.525786166209228, 'cure_agb_crit': 6.106892987935724, 'fuel_k': 0.04736672613923817, 'fuel_half': 0.46775047354750976}. Best is trial 577 with value: -0.629883323094065.
[I 2026-07-25 00:37:49,912] Trial 1094 finished with value: 0.5731886108134746 and parameters: {'k1': 0.0003295519867675507, 'D_low': 9418.463099000368, 'k2': 0.003123923089223211, 'D_high': 2947711.8008546415, 'fire_exp': 1.4126210833686028, 'P_half': 287.9458696693487, 'pre_dampen_half': 1.2598562909852, 'gpp_af': 0.012429687655310736, 'gpp_b': 0.17670642897503835, 'gpp_d': 294.8415883254662, 'ign_k': 1.6206034986491176, 'ign_c': 0.6514749628591693, 'trop_agb_crit': 10.5153738808243, 'trop_k_veg': 2.6785943997373107, 'gdp_gamma': 0.7509482183510311, 'cure_k': 0.015072968379341469, 'cure_p_min': 337.05572420028227, 'cure_gpp_ref': 0.6102559539195689, 'cure_agb_crit': 6.222457053122633, 'fuel_k': 1.0368663897917891, 'fuel_half': 0.22869803015885545}. Best is trial 577 with value: -0.629883323094065.
[I 2026-07-25 00:37:50,391] Trial 1095 finished with value: 0.6034975209496085 and parameters: {'k1': 0.007663310864825377, 'D_low': 29.654246694423364, 'k2': 9.165553586647565e-05, 'D_high': 4349.429443414263, 'fire_exp': 1.5597047728971039, 'P_half': 34.06633407846377, 'pre_dampen_half': 0.3162858969228918, 'gpp_af': 8.92500170464491, 'gpp_b': 5.859610307353018, 'gpp_d': 123.49886970823306, 'ign_k': 2.7456476106100527, 'ign_c': 35.54220788318116, 'trop_agb_crit': 6.912979507099395, 'trop_k_veg': 3.785329594571778, 'gdp_gamma': 1.0519818884353882, 'cure_k': 0.0030080754282884323, 'cure_p_min': 256.60520043374686, 'cure_gpp_ref': 1.5005384589166813, 'cure_agb_crit': 4.940709745255605, 'fuel_k': 0.20931429267659146, 'fuel_half': 0.5851413618535954}. Best is trial 577 with value: -0.629883323094065.
[I 2026-07-25 00:37:50,859] Trial 1096 finished with value: 0.586617359019155 and parameters: {'k1': 1.622038387239896e-05, 'D_low': 44265.039901438264, 'k2': 9.778522685894367e-05, 'D_high': 1480324.4812700704, 'fire_exp': 1.0748148735344725, 'P_half': 4.469981018127154, 'pre_dampen_half': 5.15908769727924, 'gpp_af': 0.004777619725149422, 'gpp_b': 0.20515729665971263, 'gpp_d': 23.904852071998818, 'ign_k': 0.06181616942577894, 'ign_c': 5.056361639938991, 'trop_agb_crit': 2.1538344621505927, 'trop_k_veg': 0.52747251671311, 'gdp_gamma': 0.2969971190553879, 'cure_k': 0.015121018657737002, 'cure_p_min': 202.12901725950516, 'cure_gpp_ref': 0.12360730791391639, 'cure_agb_crit': 1.4444900667584917, 'fuel_k': 0.059962780999412914, 'fuel_half': 25.965087655485824}. Best is trial 577 with value: -0.629883323094065.
[I 2026-07-25 00:37:51,322] Trial 1097 finished with value: 0.5123961442033633 and parameters: {'k1': 0.0050600972975354454, 'D_low': 304.85757512902126, 'k2': 1.705856519540183e-05, 'D_high': 6218440.645192592, 'fire_exp': 1.6218468291433716, 'P_half': 82.4010773006052, 'pre_dampen_half': 0.4042634261064648, 'gpp_af': 3.4124499448050445, 'gpp_b': 2.4317654432626568, 'gpp_d': 149.13360480154122, 'ign_k': 0.3950203467482078, 'ign_c': 2.4803014954264615, 'trop_agb_crit': 5.655667962275495, 'trop_k_veg': 1.8914137769777248, 'gdp_gamma': 1.570184487085374, 'cure_k': 0.22960528465441932, 'cure_p_min': 280.11733675519264, 'cure_gpp_ref': 0.9956840733212943, 'cure_agb_crit': 4.901831591025455, 'fuel_k': 0.036449798983146445, 'fuel_half': 2.017117784595203}. Best is trial 577 with value: -0.629883323094065.
[I 2026-07-25 00:37:51,782] Trial 1098 finished with value: -0.5562439671997251 and parameters: {'k1': 2.191587198325489e-05, 'D_low': 22.742480844036674, 'k2': 0.004946022383615094, 'D_high': 11369.651758701972, 'fire_exp': 1.2899465504067908, 'P_half': 117.16352202492847, 'pre_dampen_half': 0.9975727231921284, 'gpp_af': 0.0935275248228223, 'gpp_b': 0.0003433467378088157, 'gpp_d': 6.4984901613280766, 'ign_k': 0.17402319808464053, 'ign_c': 0.8616703204405859, 'trop_agb_crit': 5.054769174417247, 'trop_k_veg': 2.8346462952345166, 'gdp_gamma': 1.9452047708453897, 'cure_k': 0.0028242649244343823, 'cure_p_min': 303.0184064298537, 'cure_gpp_ref': 0.5406538804163558, 'cure_agb_crit': 4.222305127947544, 'fuel_k': 0.3955665455970871, 'fuel_half': 0.7888544814937372}. Best is trial 577 with value: -0.629883323094065.
