[I 2026-08-19 17:14:57,424] Trial 608 finished with value: 0.4381340840191015 and parameters: {'k1': 6.610087783624878e-05, 'D_low': 2.4278475118377383, 'k2': 0.06932015645727907, 'D_high': 154439.60019251637, 'fire_exp': 2.3740398412021224, 'P_half': 24.882428059267284, 'pre_dampen_half': 127.11112082049007, 'gpp_af': 0.010931824667972826, 'gpp_b': 2.1680748895012907e-05, 'gpp_d': 520.4143589528151, 'ign_k': 0.2809470067514826, 'ign_c': 7.737306998315109, 'trop_agb_crit': 3.7470009156253776, 'trop_k_veg': 2.344850560448552, 'pop_amp': 0.12296225868051121, 'pop_peak': 11.560309749072237, 'pop_sig': 1.9686624273209976, 'fuel_k': 0.09046962379858946, 'fuel_half': 0.8229081158787875}. Best is trial 0 with value: -0.6094076133578652.
[I 2026-08-19 17:14:59,058] Trial 609 finished with value: 0.46128541565548786 and parameters: {'k1': 0.0014175114474620765, 'D_low': 361.6740858990032, 'k2': 0.00039359152848366486, 'D_high': 585265.6061486908, 'fire_exp': 9.295167387068304, 'P_half': 3.6178535608326494, 'pre_dampen_half': 12.295675881640435, 'gpp_af': 0.029518531849406563, 'gpp_b': 0.001530377478072673, 'gpp_d': 12.794946390099271, 'ign_k': 2.2947808137285453, 'ign_c': 10.329260872478287, 'trop_agb_crit': 2.945442559022946, 'trop_k_veg': 5.682288408864831, 'pop_amp': 0.007153797661762714, 'pop_peak': 910.1925296656274, 'pop_sig': 1.2528418187327695, 'fuel_k': 0.10034626871595977, 'fuel_half': 0.23965014785074693}. Best is trial 0 with value: -0.6094076133578652.
[I 2026-08-19 17:15:00,627] Trial 610 finished with value: 0.5161200688862355 and parameters: {'k1': 0.018049191355099782, 'D_low': 1.1427603417871173, 'k2': 0.028460002179766367, 'D_high': 4480837.700033107, 'fire_exp': 4.47879810225501, 'P_half': 50.40280551729799, 'pre_dampen_half': 0.16189293404401078, 'gpp_af': 1.5711830710416808, 'gpp_b': 1.630217292044628e-05, 'gpp_d': 17.366616989325525, 'ign_k': 2.8552281016438816, 'ign_c': 3.7119475713049543, 'trop_agb_crit': 1.7124239135868653, 'trop_k_veg': 2.4804153705426732, 'pop_amp': 0.032107915569212206, 'pop_peak': 235.829427730207, 'pop_sig': 0.6627433738834663, 'fuel_k': 0.06309484287482747, 'fuel_half': 3.5832961046792913}. Best is trial 0 with value: -0.6094076133578652.
[I 2026-08-19 17:15:02,230] Trial 611 finished with value: 0.44317437622614997 and parameters: {'k1': 0.011965249285718073, 'D_low': 12.66064858504416, 'k2': 0.001083635932026774, 'D_high': 1891249.0015316529, 'fire_exp': 2.2957372501846343, 'P_half': 1.2423529594809808, 'pre_dampen_half': 0.3477604999816704, 'gpp_af': 0.0032818492473129235, 'gpp_b': 2.0390501938022267e-05, 'gpp_d': 8.201024585865504, 'ign_k': 0.019370483671198084, 'ign_c': 0.1496475153199934, 'trop_agb_crit': 1.6459279661708408, 'trop_k_veg': 1.2652748074361992, 'pop_amp': 4.391018690947662, 'pop_peak': 0.6377640920048168, 'pop_sig': 1.6506726288791904, 'fuel_k': 0.013307684274460009, 'fuel_half': 11.397280119906405}. Best is trial 0 with value: -0.6094076133578652.
[I 2026-08-19 17:15:03,817] Trial 612 finished with value: 0.562341841756825 and parameters: {'k1': 5.022944533489722e-05, 'D_low': 3.792087877882008, 'k2': 0.04489986953983184, 'D_high': 2949385.3808374004, 'fire_exp': 2.6147918717172938, 'P_half': 513.5279119714234, 'pre_dampen_half': 1.218114413504857, 'gpp_af': 0.0014870058422381534, 'gpp_b': 1.2208725290177374e-05, 'gpp_d': 43.155021064086476, 'ign_k': 2.2263280037444417, 'ign_c': 6.222797123519894, 'trop_agb_crit': 2.12834940326647, 'trop_k_veg': 1.1654959466628554, 'pop_amp': 0.052531685774806595, 'pop_peak': 25.049024352531674, 'pop_sig': 1.7089378630538552, 'fuel_k': 0.06147577788190663, 'fuel_half': 0.4149706138717039}. Best is trial 0 with value: -0.6094076133578652.
[I 2026-08-19 17:15:05,407] Trial 613 finished with value: 0.49469628087881734 and parameters: {'k1': 4.4399707514227706e-05, 'D_low': 2.22474361910972, 'k2': 0.01328543878901065, 'D_high': 2438947.1187163005, 'fire_exp': 3.572487910255275, 'P_half': 7.502370482961896, 'pre_dampen_half': 0.2769726959024851, 'gpp_af': 0.02872916033473927, 'gpp_b': 0.00035259816477637004, 'gpp_d': 221.16167249366808, 'ign_k': 5.738464123992597, 'ign_c': 2.0276678657354754, 'trop_agb_crit': 2.8265403652072445, 'trop_k_veg': 1.71825483615103, 'pop_amp': 1.5741275587317087, 'pop_peak': 11.991219717995495, 'pop_sig': 1.5796908640210798, 'fuel_k': 0.029260274111511084, 'fuel_half': 0.14292820414775703}. Best is trial 0 with value: -0.6094076133578652.
[I 2026-08-19 17:15:07,015] Trial 614 finished with value: 0.5678277064788169 and parameters: {'k1': 0.007711131311838421, 'D_low': 366.8128727541926, 'k2': 0.00995823784432228, 'D_high': 1860714.555782737, 'fire_exp': 8.684549753735247, 'P_half': 51.719077192179164, 'pre_dampen_half': 7.503887253479019, 'gpp_af': 0.008104378271467903, 'gpp_b': 0.00017374057173059117, 'gpp_d': 0.025375518508877894, 'ign_k': 0.2145084088771227, 'ign_c': 6.097566624643761, 'trop_agb_crit': 7.855633304200027, 'trop_k_veg': 2.072670168959211, 'pop_amp': 0.030070221122565754, 'pop_peak': 211.8253280766474, 'pop_sig': 1.5614337838037247, 'fuel_k': 0.059034282777078506, 'fuel_half': 0.1377405878590548}. Best is trial 0 with value: -0.6094076133578652.
[I 2026-08-19 17:15:08,617] Trial 615 finished with value: 0.7052331736407329 and parameters: {'k1': 0.001429778311482738, 'D_low': 3.2820828861102993, 'k2': 0.0011274275332630603, 'D_high': 8718901.530425558, 'fire_exp': 1.0230107788993348, 'P_half': 135.35971413822278, 'pre_dampen_half': 1.5014262215801577, 'gpp_af': 0.1269398482589632, 'gpp_b': 2.0967117239530222e-05, 'gpp_d': 93.70979483476229, 'ign_k': 0.19611452897161125, 'ign_c': 5.981974545821471, 'trop_agb_crit': 24.915667819394056, 'trop_k_veg': 4.060558589312289, 'pop_amp': 10.675896653978713, 'pop_peak': 4.277180944447737, 'pop_sig': 1.0130492150136938, 'fuel_k': 2.462623726359454, 'fuel_half': 97.72451274579214}. Best is trial 0 with value: -0.6094076133578652.
  trial  616/2500  best_overall=0.6094  (16.7 min)
[I 2026-08-19 17:15:10,364] Trial 616 finished with value: 0.4042730102843288 and parameters: {'k1': 0.00609958162360862, 'D_low': 25.52965622203689, 'k2': 0.0009368765893443819, 'D_high': 3511076.531972432, 'fire_exp': 6.014177018942117, 'P_half': 46.839435916466634, 'pre_dampen_half': 97.77186904126165, 'gpp_af': 0.875656093969987, 'gpp_b': 3.434890489349134e-05, 'gpp_d': 77.90091868561193, 'ign_k': 0.9884087916848283, 'ign_c': 15.145501417134172, 'trop_agb_crit': 3.0217948489579274, 'trop_k_veg': 2.722579622850877, 'pop_amp': 0.0011873229918041013, 'pop_peak': 179.37373130062795, 'pop_sig': 1.0346701188395973, 'fuel_k': 0.35921589613490806, 'fuel_half': 0.861246709148875}. Best is trial 0 with value: -0.6094076133578652.
[I 2026-08-19 17:15:11,931] Trial 617 finished with value: 0.6424882943159671 and parameters: {'k1': 0.003608839848199705, 'D_low': 328279.9607879716, 'k2': 5.738663428060592e-05, 'D_high': 43658.124451409094, 'fire_exp': 1.3791014567011495, 'P_half': 199.38783502640288, 'pre_dampen_half': 8.048948608013418, 'gpp_af': 3.599340634234024, 'gpp_b': 0.00024497196586575594, 'gpp_d': 931.820316865927, 'ign_k': 0.05552694217924329, 'ign_c': 0.44158061534510773, 'trop_agb_crit': 11.502244796199333, 'trop_k_veg': 1.8312443145115103, 'pop_amp': 2.467055976823256, 'pop_peak': 392.9358036537838, 'pop_sig': 0.4094465133344149, 'fuel_k': 4.679868400042903, 'fuel_half': 0.2626796651236685}. Best is trial 0 with value: -0.6094076133578652.
[I 2026-08-19 17:15:13,584] Trial 618 finished with value: 0.42229610347125757 and parameters: {'k1': 0.005655916728994534, 'D_low': 1.537753134844132, 'k2': 0.026844151722349524, 'D_high': 1213873.3074021856, 'fire_exp': 1.2272041682629573, 'P_half': 1.573157991262656, 'pre_dampen_half': 0.296851701594133, 'gpp_af': 0.4081632199335607, 'gpp_b': 0.0002741505035196716, 'gpp_d': 594.877802305143, 'ign_k': 1.4460422086784313, 'ign_c': 0.32699471870041563, 'trop_agb_crit': 2.0389590252045835, 'trop_k_veg': 1.5407375163233523, 'pop_amp': 0.05364639875982309, 'pop_peak': 23.934903404334445, 'pop_sig': 1.0638964733359852, 'fuel_k': 0.17318785367435924, 'fuel_half': 0.14411578912919623}. Best is trial 0 with value: -0.6094076133578652.
[I 2026-08-19 17:15:15,161] Trial 619 finished with value: 0.5874131229524618 and parameters: {'k1': 0.008519978884512561, 'D_low': 26.67529599671948, 'k2': 0.03395760430554105, 'D_high': 4890928.946647841, 'fire_exp': 6.775049087386613, 'P_half': 1144.9120498977613, 'pre_dampen_half': 54.302531393641914, 'gpp_af': 0.06470635836384801, 'gpp_b': 0.006519028111136493, 'gpp_d': 3.627255437140378, 'ign_k': 3.3798366349052884, 'ign_c': 16.07070643723059, 'trop_agb_crit': 20.072303877880007, 'trop_k_veg': 2.146485316854447, 'pop_amp': 0.3011442556849645, 'pop_peak': 307.1502063244537, 'pop_sig': 2.2044784878102637, 'fuel_k': 0.07663426829961861, 'fuel_half': 0.3701210936793502}. Best is trial 0 with value: -0.6094076133578652.
[I 2026-08-19 17:15:16,764] Trial 620 finished with value: 0.6445374145881376 and parameters: {'k1': 0.04122564283248297, 'D_low': 103.82558953705814, 'k2': 0.023681908991255975, 'D_high': 2218578.606350523, 'fire_exp': 5.106645505787137, 'P_half': 25.942629958374294, 'pre_dampen_half': 18.82917440196151, 'gpp_af': 0.013655441742546454, 'gpp_b': 4.922762895033799e-05, 'gpp_d': 10.563216594431534, 'ign_k': 7.6151996112429, 'ign_c': 120.85901249067312, 'trop_agb_crit': 1.6783136640222167, 'trop_k_veg': 2.1474375019910763, 'pop_amp': 0.005014780557975247, 'pop_peak': 603.0426097905977, 'pop_sig': 1.1195880194993935, 'fuel_k': 0.5208672449145637, 'fuel_half': 0.14485549470883022}. Best is trial 0 with value: -0.6094076133578652.
[I 2026-08-19 17:15:18,394] Trial 621 finished with value: 0.5124172897891394 and parameters: {'k1': 0.007905656864505693, 'D_low': 3777.8899305546784, 'k2': 0.018033514775852164, 'D_high': 33819.19522632401, 'fire_exp': 1.0457816867970002, 'P_half': 8.463475654595639, 'pre_dampen_half': 2.61811467849592, 'gpp_af': 3.3579214817429848, 'gpp_b': 0.005696183587551458, 'gpp_d': 7.253899761001105, 'ign_k': 0.4316096530370991, 'ign_c': 13.786826381858232, 'trop_agb_crit': 9.689589241669376, 'trop_k_veg': 0.6976464766340275, 'pop_amp': 0.0028896404170918417, 'pop_peak': 0.3814946818837894, 'pop_sig': 0.875741291061979, 'fuel_k': 0.2821976104417457, 'fuel_half': 82.90740397435192}. Best is trial 0 with value: -0.6094076133578652.
[I 2026-08-19 17:15:19,960] Trial 622 finished with value: 0.5108258490577142 and parameters: {'k1': 0.00015770296777259661, 'D_low': 142.51313419622718, 'k2': 0.0003736288417031026, 'D_high': 390268.93773523916, 'fire_exp': 2.5803525101610925, 'P_half': 288.4336589743863, 'pre_dampen_half': 2.054765103412912, 'gpp_af': 0.2506506468938265, 'gpp_b': 1.701858174258007e-05, 'gpp_d': 4.351019310440422, 'ign_k': 0.3055631330730441, 'ign_c': 4.90412677016548, 'trop_agb_crit': 21.95561006608286, 'trop_k_veg': 6.3443488646865465, 'pop_amp': 0.0012982517433309565, 'pop_peak': 0.9215990769518265, 'pop_sig': 0.8768091264968114, 'fuel_k': 0.08220401262238691, 'fuel_half': 0.19931279468883473}. Best is trial 0 with value: -0.6094076133578652.
[I 2026-08-19 17:15:21,537] Trial 623 finished with value: 0.5192110868419142 and parameters: {'k1': 0.0006607300260269722, 'D_low': 3862.4362174670014, 'k2': 0.01744517737999926, 'D_high': 1528687.0315645994, 'fire_exp': 1.0527193838142432, 'P_half': 1.152908793215246, 'pre_dampen_half': 0.21208443063931162, 'gpp_af': 0.09856430424402064, 'gpp_b': 0.0008733466884510824, 'gpp_d': 32.52004546209852, 'ign_k': 0.010913140685997995, 'ign_c': 1.0577822299646102, 'trop_agb_crit': 9.322231230544784, 'trop_k_veg': 1.0783096593221948, 'pop_amp': 0.001311995031078635, 'pop_peak': 0.1348546319472977, 'pop_sig': 0.6383749787368526, 'fuel_k': 1.021826191671171, 'fuel_half': 98.30782047947942}. Best is trial 0 with value: -0.6094076133578652.
[I 2026-08-19 17:15:23,141] Trial 624 finished with value: 0.4119289730449678 and parameters: {'k1': 0.032209096373962624, 'D_low': 59.398068285397876, 'k2': 0.030318029799329974, 'D_high': 4202815.750990741, 'fire_exp': 6.883426179524439, 'P_half': 6.541520110792834, 'pre_dampen_half': 4.280932420328119, 'gpp_af': 0.011751714443848042, 'gpp_b': 0.00029555658489620464, 'gpp_d': 40.715557394945506, 'ign_k': 9.766974667048917, 'ign_c': 11.997705778474169, 'trop_agb_crit': 9.795486366474444, 'trop_k_veg': 1.9839179282613233, 'pop_amp': 0.570844979282733, 'pop_peak': 334.2354812199339, 'pop_sig': 1.902996619593137, 'fuel_k': 0.11531629974804344, 'fuel_half': 0.12795402714281975}. Best is trial 0 with value: -0.6094076133578652.
[I 2026-08-19 17:15:24,734] Trial 625 finished with value: 0.44301443693550413 and parameters: {'k1': 0.00011826835742248561, 'D_low': 22228.806817222438, 'k2': 0.05426114041705807, 'D_high': 1566089.64188324, 'fire_exp': 1.7969741458957775, 'P_half': 59.71719067170707, 'pre_dampen_half': 33.91966805432649, 'gpp_af': 0.5174723007352428, 'gpp_b': 8.164589637597241e-05, 'gpp_d': 27.39636703796315, 'ign_k': 0.3928537945498676, 'ign_c': 0.15438300974006858, 'trop_agb_crit': 11.06805261651756, 'trop_k_veg': 0.8436164645316877, 'pop_amp': 0.04842607159987684, 'pop_peak': 0.1619780869112916, 'pop_sig': 2.0012120396316764, 'fuel_k': 2.0387399142632354, 'fuel_half': 16.539976432928313}. Best is trial 0 with value: -0.6094076133578652.
[I 2026-08-19 17:15:26,336] Trial 626 finished with value: 0.5230647867010709 and parameters: {'k1': 0.00016016733409542799, 'D_low': 375.73474674939735, 'k2': 0.0163452194039934, 'D_high': 2863948.271934674, 'fire_exp': 1.4646548426160582, 'P_half': 43.79660434896295, 'pre_dampen_half': 1.10640872610636, 'gpp_af': 7.179250095585175, 'gpp_b': 4.6148796212796865e-05, 'gpp_d': 157.11291616999915, 'ign_k': 0.03160317528725427, 'ign_c': 36.23951338575816, 'trop_agb_crit': 26.5226356418312, 'trop_k_veg': 2.957879720394683, 'pop_amp': 0.3741316438397607, 'pop_peak': 4.584987093939132, 'pop_sig': 0.7464403266688938, 'fuel_k': 0.6635480735494921, 'fuel_half': 3.0485577713585577}. Best is trial 0 with value: -0.6094076133578652.
[I 2026-08-19 17:15:27,930] Trial 627 finished with value: 0.4969216602093752 and parameters: {'k1': 0.003251980218125501, 'D_low': 1696.5824031876382, 'k2': 0.0007998349554542703, 'D_high': 6978335.371964819, 'fire_exp': 2.448152151906627, 'P_half': 671.6345825901166, 'pre_dampen_half': 11.109677718431785, 'gpp_af': 0.4206802182045878, 'gpp_b': 0.0004141161285792509, 'gpp_d': 187.21674006242645, 'ign_k': 5.331756623601534, 'ign_c': 0.13662615087704844, 'trop_agb_crit': 24.969670243492608, 'trop_k_veg': 7.513965477026593, 'pop_amp': 0.0025630992727927533, 'pop_peak': 1.0166850293877607, 'pop_sig': 1.3724902684704254, 'fuel_k': 0.20765254964974322, 'fuel_half': 0.48883591886620104}. Best is trial 0 with value: -0.6094076133578652.
[I 2026-08-19 17:15:29,550] Trial 628 finished with value: 0.501425093923817 and parameters: {'k1': 0.04343820656156421, 'D_low': 2721.050740696444, 'k2': 0.00493560048526862, 'D_high': 3979749.770796104, 'fire_exp': 6.809096893753124, 'P_half': 4.3488371445322604, 'pre_dampen_half': 9.674188545131521, 'gpp_af': 0.19344028117671477, 'gpp_b': 7.911984966607006e-05, 'gpp_d': 0.16901322611543965, 'ign_k': 0.14346570628421687, 'ign_c': 0.7274863294695815, 'trop_agb_crit': 3.8878239982098877, 'trop_k_veg': 1.410624283930343, 'pop_amp': 0.3459421636457429, 'pop_peak': 3.880845249217948, 'pop_sig': 0.8581045959870406, 'fuel_k': 0.054196453610270236, 'fuel_half': 0.10609671117102952}. Best is trial 0 with value: -0.6094076133578652.
  trial  629/2500  best_overall=0.6094  (17.1 min)
[I 2026-08-19 17:15:31,306] Trial 629 finished with value: -0.5853956550052569 and parameters: {'k1': 0.01018406051799039, 'D_low': 21.823196846896963, 'k2': 0.040110593395141454, 'D_high': 192302.44802035816, 'fire_exp': 1.7261619866588414, 'P_half': 4.685724040218896, 'pre_dampen_half': 0.1969521520031466, 'gpp_af': 0.005274657063407251, 'gpp_b': 4.5947624143705576e-05, 'gpp_d': 1.303683473769874, 'ign_k': 0.2431069847298865, 'ign_c': 0.3057109083141257, 'trop_agb_crit': 2.3143319383457683, 'trop_k_veg': 5.232606002916213, 'pop_amp': 1.792086731866497, 'pop_peak': 4.170844152020793, 'pop_sig': 0.8085217840606691, 'fuel_k': 0.018644508953434103, 'fuel_half': 3.1478617582010457}. Best is trial 0 with value: -0.6094076133578652.
[I 2026-08-19 17:15:32,917] Trial 630 finished with value: 0.42854365670218497 and parameters: {'k1': 0.0011890864555424172, 'D_low': 7.148315246814813, 'k2': 0.019012300047055893, 'D_high': 3092962.216624039, 'fire_exp': 1.392901821891245, 'P_half': 23.64152757687402, 'pre_dampen_half': 2.7433047937596036, 'gpp_af': 4.201791625739481, 'gpp_b': 1.4974647177871661e-05, 'gpp_d': 415.835797919707, 'ign_k': 0.8315734869301059, 'ign_c': 18.138381288943833, 'trop_agb_crit': 18.70247841629473, 'trop_k_veg': 1.3667405873616274, 'pop_amp': 0.7716829176696793, 'pop_peak': 38.16508093739586, 'pop_sig': 0.6998753354386216, 'fuel_k': 0.26186536988390335, 'fuel_half': 38.737058049390626}. Best is trial 0 with value: -0.6094076133578652.
[I 2026-08-19 17:15:34,544] Trial 631 finished with value: 0.5804150641806183 and parameters: {'k1': 0.005188347592890944, 'D_low': 1.1396641482911898, 'k2': 0.0008114204266446259, 'D_high': 213513.0368067292, 'fire_exp': 9.86998076211521, 'P_half': 73.63419076246146, 'pre_dampen_half': 33.82918828568315, 'gpp_af': 0.2842745664002113, 'gpp_b': 0.00015590363357549035, 'gpp_d': 3.9774022104633646, 'ign_k': 0.0823770202942429, 'ign_c': 5.93895480944905, 'trop_agb_crit': 6.371754117107208, 'trop_k_veg': 2.3270136827971926, 'pop_amp': 0.007736951652190278, 'pop_peak': 420.06226283582515, 'pop_sig': 0.4139493511079879, 'fuel_k': 0.14206291024956466, 'fuel_half': 0.2588423260213527}. Best is trial 0 with value: -0.6094076133578652.
[I 2026-08-19 17:15:36,117] Trial 632 finished with value: 0.47249769986364476 and parameters: {'k1': 0.023690586130281428, 'D_low': 14.228556753767961, 'k2': 0.01222631665121932, 'D_high': 5197654.346152753, 'fire_exp': 5.206512438855215, 'P_half': 2.9862467094687224, 'pre_dampen_half': 27.662264070822275, 'gpp_af': 1.8932934858234185, 'gpp_b': 1.08153390363539e-05, 'gpp_d': 458.9291538597467, 'ign_k': 1.4939167625725063, 'ign_c': 7.295712403162267, 'trop_agb_crit': 1.1182930780777673, 'trop_k_veg': 5.217746924432278, 'pop_amp': 0.03637761616980371, 'pop_peak': 402.87974531191975, 'pop_sig': 0.9331608345317034, 'fuel_k': 0.02162888602260187, 'fuel_half': 0.5506566712302285}. Best is trial 0 with value: -0.6094076133578652.
[I 2026-08-19 17:15:37,704] Trial 633 finished with value: 0.6445374145881376 and parameters: {'k1': 0.0005619930572160558, 'D_low': 19436.837095051014, 'k2': 3.266269162879611e-05, 'D_high': 69509.56964695679, 'fire_exp': 1.4982763672420605, 'P_half': 657.2617458700929, 'pre_dampen_half': 4.1432703823287635, 'gpp_af': 0.005600421679975323, 'gpp_b': 0.0001844821463041391, 'gpp_d': 14.729167485015642, 'ign_k': 1.7105630001456562, 'ign_c': 144.83049363921913, 'trop_agb_crit': 28.252206588102844, 'trop_k_veg': 3.5554919791761406, 'pop_amp': 0.00401947611699513, 'pop_peak': 4.35743303990343, 'pop_sig': 1.9149488539767403, 'fuel_k': 1.1643957714139161, 'fuel_half': 0.7636901489058441}. Best is trial 0 with value: -0.6094076133578652.
[I 2026-08-19 17:15:39,305] Trial 634 finished with value: 0.4500327181233885 and parameters: {'k1': 0.0015349502010484973, 'D_low': 991.9950427158935, 'k2': 0.062092033468071905, 'D_high': 459506.2725327535, 'fire_exp': 1.3389992974211493, 'P_half': 3.01579629001689, 'pre_dampen_half': 2.3120084236463763, 'gpp_af': 0.01277679859896475, 'gpp_b': 0.0011627477799744134, 'gpp_d': 1.0756461732012268, 'ign_k': 0.25934570114441047, 'ign_c': 0.18533986445983458, 'trop_agb_crit': 3.949429551521193, 'trop_k_veg': 2.2325488117121997, 'pop_amp': 2.9800852558595983, 'pop_peak': 0.9607404352138315, 'pop_sig': 0.6534796510795773, 'fuel_k': 0.015106794692642589, 'fuel_half': 6.495821751317294}. Best is trial 0 with value: -0.6094076133578652.
[I 2026-08-19 17:15:40,906] Trial 635 finished with value: 0.604322668448169 and parameters: {'k1': 0.021845366784146215, 'D_low': 8.468296908611553, 'k2': 0.024763133815249767, 'D_high': 2098.69135899654, 'fire_exp': 1.7040120664187821, 'P_half': 1.4531780186223104, 'pre_dampen_half': 0.1412414527667556, 'gpp_af': 0.02130168222740684, 'gpp_b': 1.4717592880314516e-05, 'gpp_d': 0.5152569183355015, 'ign_k': 0.09312790435232965, 'ign_c': 1.2913751903362636, 'trop_agb_crit': 4.362925146382161, 'trop_k_veg': 6.873125484799902, 'pop_amp': 0.3619000525728442, 'pop_peak': 1.8859805454149663, 'pop_sig': 0.7431093492386243, 'fuel_k': 0.06301553313811047, 'fuel_half': 1.4961245622843609}. Best is trial 0 with value: -0.6094076133578652.
[I 2026-08-19 17:15:42,520] Trial 636 finished with value: 0.5198707809459158 and parameters: {'k1': 0.013837460561519625, 'D_low': 11.462656640888625, 'k2': 0.018087654544185962, 'D_high': 16026.5672712406, 'fire_exp': 1.2321167166395768, 'P_half': 2.3162917467394957, 'pre_dampen_half': 0.2689300056256314, 'gpp_af': 0.007371169138982796, 'gpp_b': 0.0008230428472026938, 'gpp_d': 8.009229445795274, 'ign_k': 1.985875310714969, 'ign_c': 0.36416076572568873, 'trop_agb_crit': 2.07233075865569, 'trop_k_veg': 5.769930525372196, 'pop_amp': 0.6768338239658676, 'pop_peak': 9.539025156581763, 'pop_sig': 0.6933914108376901, 'fuel_k': 0.026897791695333396, 'fuel_half': 9.0092183671337}. Best is trial 0 with value: -0.6094076133578652.
