[I 2026-08-20 00:39:58,766] Trial 1168 finished with value: 0.6232799998395028 and parameters: {'k1': 0.00020162788065184635, 'D_low': 183133.2065811115, 'k2': 0.08229082124301346, 'D_high': 246921.18905009018, 'fire_exp': 1.2255829548239972, 'P_half': 1.6816919984638277, 'pre_dampen_half': 9.042690460421783, 'gpp_af': 8.958218172980704, 'gpp_b': 0.0005201345920669975, 'gpp_d': 361.65410918214, 'ign_k': 0.5141569067085111, 'ign_c': 0.4484756145919612, 'trop_agb_crit': 27.527224822192945, 'trop_k_veg': 4.086266998183238}. Best is trial 0 with value: -0.5989088506199346.
[I 2026-08-20 00:40:00,148] Trial 1169 finished with value: 0.499605395334059 and parameters: {'k1': 0.0002812178494334091, 'D_low': 9.070054361146592, 'k2': 0.0003363050939833225, 'D_high': 5752170.050807167, 'fire_exp': 8.682850501596766, 'P_half': 39.44461322276926, 'pre_dampen_half': 3.8421583332211937, 'gpp_af': 2.433928262923635, 'gpp_b': 4.2093079306659626e-05, 'gpp_d': 577.5341665724952, 'ign_k': 2.732552578832147, 'ign_c': 2.861304328041539, 'trop_agb_crit': 3.7269380244757198, 'trop_k_veg': 1.9953929126459828}. Best is trial 0 with value: -0.5989088506199346.
[I 2026-08-20 00:40:01,775] Trial 1170 finished with value: -0.5537777341507246 and parameters: {'k1': 0.00018646227514282354, 'D_low': 174.36161602027445, 'k2': 0.00589715192446171, 'D_high': 1929469.6096089857, 'fire_exp': 4.695501159421665, 'P_half': 9.198956724279014, 'pre_dampen_half': 20.524152043852048, 'gpp_af': 0.6116341074421636, 'gpp_b': 0.0002511439744376266, 'gpp_d': 2.2761458818915714, 'ign_k': 0.2310416301380128, 'ign_c': 0.9580358503922017, 'trop_agb_crit': 19.61521050602805, 'trop_k_veg': 4.27420909723525}. Best is trial 0 with value: -0.5989088506199346.
[I 2026-08-20 00:40:03,130] Trial 1171 finished with value: 0.4504316154130843 and parameters: {'k1': 0.00010371617996206455, 'D_low': 255.49064429737047, 'k2': 0.0024493619404291327, 'D_high': 2566886.3217120273, 'fire_exp': 6.3204517302988545, 'P_half': 2.1872707115889294, 'pre_dampen_half': 20.573989235670847, 'gpp_af': 0.025541839648726607, 'gpp_b': 0.00013557834014597578, 'gpp_d': 83.16236029363546, 'ign_k': 0.8957967629180882, 'ign_c': 1.1421998562729403, 'trop_agb_crit': 28.968173686447166, 'trop_k_veg': 7.070701106161213}. Best is trial 0 with value: -0.5989088506199346.
[I 2026-08-20 00:40:04,505] Trial 1172 finished with value: -0.49550612940711414 and parameters: {'k1': 5.5052410971706116e-05, 'D_low': 535.2426985502766, 'k2': 0.0380687790183853, 'D_high': 5330352.794725998, 'fire_exp': 8.988328288020345, 'P_half': 1.371003017195732, 'pre_dampen_half': 991.0550775660209, 'gpp_af': 5.344289936181501, 'gpp_b': 0.0004892085834601941, 'gpp_d': 13.744563956938153, 'ign_k': 1.2804872092627166, 'ign_c': 0.2779254164134255, 'trop_agb_crit': 19.350229129377052, 'trop_k_veg': 5.342671459942358}. Best is trial 0 with value: -0.5989088506199346.
[I 2026-08-20 00:40:05,921] Trial 1173 finished with value: 0.6445374145881376 and parameters: {'k1': 0.00037279158055658737, 'D_low': 79.61057870365104, 'k2': 0.000104980289120149, 'D_high': 158523.4736290535, 'fire_exp': 3.408369262283653, 'P_half': 6.6121366135644, 'pre_dampen_half': 3.420457526078854, 'gpp_af': 0.19734683012342447, 'gpp_b': 3.076609337990566e-05, 'gpp_d': 238.6681699730463, 'ign_k': 3.9037770762512665, 'ign_c': 124.60863295074967, 'trop_agb_crit': 5.1098938035451855, 'trop_k_veg': 2.9233933260375156}. Best is trial 0 with value: -0.5989088506199346.
[I 2026-08-20 00:40:07,285] Trial 1174 finished with value: 0.5906571949054905 and parameters: {'k1': 5.8415470680108355e-05, 'D_low': 21.061227034823244, 'k2': 0.00040329711310847506, 'D_high': 8360643.197006704, 'fire_exp': 5.772714378232807, 'P_half': 6.496370655400943, 'pre_dampen_half': 393.820575949659, 'gpp_af': 0.0018157155618784703, 'gpp_b': 5.921673148549904e-05, 'gpp_d': 0.2637783120147576, 'ign_k': 0.044175351885384184, 'ign_c': 2.7718017830370356, 'trop_agb_crit': 25.779899813515136, 'trop_k_veg': 5.615389953264346}. Best is trial 0 with value: -0.5989088506199346.
[I 2026-08-20 00:40:08,683] Trial 1175 finished with value: 0.640544654135178 and parameters: {'k1': 0.007948304738207498, 'D_low': 29.594431992076228, 'k2': 1.8038731900620275e-05, 'D_high': 7810189.332226321, 'fire_exp': 4.285134762814629, 'P_half': 2777.5611948733867, 'pre_dampen_half': 326.97213509501546, 'gpp_af': 20.903920062595777, 'gpp_b': 1.9451634209315924e-05, 'gpp_d': 0.679027923476573, 'ign_k': 4.923732368224627, 'ign_c': 2.5641022040135777, 'trop_agb_crit': 1.5076551149215227, 'trop_k_veg': 7.887456886712431}. Best is trial 0 with value: -0.5989088506199346.
[I 2026-08-20 00:40:10,051] Trial 1176 finished with value: 0.5691794360213989 and parameters: {'k1': 9.088485637688136e-05, 'D_low': 11693.075386469958, 'k2': 0.09442989856218509, 'D_high': 850954.6430087527, 'fire_exp': 1.876529566323384, 'P_half': 1.2038534155414076, 'pre_dampen_half': 0.07496245432518323, 'gpp_af': 0.7385428611507164, 'gpp_b': 0.011098810326008185, 'gpp_d': 12.117749558402217, 'ign_k': 0.030208134338828074, 'ign_c': 0.18598324911621272, 'trop_agb_crit': 5.082567191640532, 'trop_k_veg': 4.066074709797457}. Best is trial 0 with value: -0.5989088506199346.
[I 2026-08-20 00:40:11,407] Trial 1177 finished with value: 0.47475717997342337 and parameters: {'k1': 1.4900592712136702e-05, 'D_low': 114.35179563690497, 'k2': 0.012069069483646826, 'D_high': 928638.6863507533, 'fire_exp': 2.5097839035351934, 'P_half': 19.839420214415888, 'pre_dampen_half': 29.29301557467115, 'gpp_af': 0.007397186090207515, 'gpp_b': 2.6696681114698052e-05, 'gpp_d': 18.74485412144384, 'ign_k': 0.1489694135328898, 'ign_c': 9.231417854554966, 'trop_agb_crit': 10.46697180866026, 'trop_k_veg': 1.535181538820442}. Best is trial 0 with value: -0.5989088506199346.
[I 2026-08-20 00:40:12,816] Trial 1178 finished with value: 0.6340557564778888 and parameters: {'k1': 6.807777845525911e-05, 'D_low': 13715.33899782142, 'k2': 0.001436520857921831, 'D_high': 53.763791420531966, 'fire_exp': 1.4626752855421656, 'P_half': 4920.320248399021, 'pre_dampen_half': 0.04951079678171426, 'gpp_af': 0.03250965466712254, 'gpp_b': 3.2378021455227994, 'gpp_d': 179.20883314735735, 'ign_k': 0.6130721338259874, 'ign_c': 1.4196920193214881, 'trop_agb_crit': 18.614486159751795, 'trop_k_veg': 1.674483609584834}. Best is trial 0 with value: -0.5989088506199346.
[I 2026-08-20 00:40:14,227] Trial 1179 finished with value: 0.5758982676550004 and parameters: {'k1': 0.0013655073168078612, 'D_low': 26501.22958996757, 'k2': 0.00027744121060482244, 'D_high': 3423831.2074216544, 'fire_exp': 4.558180999205038, 'P_half': 1.2906154851111513, 'pre_dampen_half': 451.76702889239596, 'gpp_af': 0.02863442554432151, 'gpp_b': 0.0018962473992185167, 'gpp_d': 4.613434578818335, 'ign_k': 0.06719810315442924, 'ign_c': 0.3051435982834812, 'trop_agb_crit': 26.795010721964854, 'trop_k_veg': 3.080021480036001}. Best is trial 0 with value: -0.5989088506199346.
[I 2026-08-20 00:40:15,614] Trial 1180 finished with value: 0.6027173172792046 and parameters: {'k1': 7.667502924136497e-05, 'D_low': 23218.097533694567, 'k2': 0.00023296991072675833, 'D_high': 10.819462908665734, 'fire_exp': 2.2798847689722175, 'P_half': 64.62087237589401, 'pre_dampen_half': 0.7138091533799616, 'gpp_af': 2.8934418919029645, 'gpp_b': 0.0067558700591460645, 'gpp_d': 1.9545717255136346, 'ign_k': 0.05222975137173671, 'ign_c': 0.19481432332534096, 'trop_agb_crit': 4.2628260537640585, 'trop_k_veg': 4.19036758214775}. Best is trial 0 with value: -0.5989088506199346.
[I 2026-08-20 00:40:17,021] Trial 1181 finished with value: 0.53904020814406 and parameters: {'k1': 0.00046888567884821657, 'D_low': 176.5126901490171, 'k2': 0.004655546967534941, 'D_high': 5321620.167925277, 'fire_exp': 4.4486090694733, 'P_half': 1.237225855840933, 'pre_dampen_half': 747.5451231998868, 'gpp_af': 1.5223587034236445, 'gpp_b': 0.04637135306834086, 'gpp_d': 1.4207106637668834, 'ign_k': 9.090788992671444, 'ign_c': 0.595779692864851, 'trop_agb_crit': 5.59479356631306, 'trop_k_veg': 0.9135086723106383}. Best is trial 0 with value: -0.5989088506199346.
[I 2026-08-20 00:40:18,424] Trial 1182 finished with value: 0.6445374145881376 and parameters: {'k1': 6.800300683976578e-05, 'D_low': 3.0960537000026545, 'k2': 0.0002898205781376264, 'D_high': 338.2289656316939, 'fire_exp': 2.1990962789542388, 'P_half': 28.63413247708275, 'pre_dampen_half': 0.16089362536616603, 'gpp_af': 0.003025488593978096, 'gpp_b': 0.0015993193774237705, 'gpp_d': 0.0170539193686733, 'ign_k': 5.379839986857901, 'ign_c': 815.3385747694201, 'trop_agb_crit': 9.722525818115745, 'trop_k_veg': 3.2731802402016448}. Best is trial 0 with value: -0.5989088506199346.
[I 2026-08-20 00:40:19,803] Trial 1183 finished with value: 0.43744581702172103 and parameters: {'k1': 0.0005724856263519704, 'D_low': 87.10771311831161, 'k2': 0.0002890569090878125, 'D_high': 3732142.810855103, 'fire_exp': 4.755286992851135, 'P_half': 3.888306199649068, 'pre_dampen_half': 23.58344819179719, 'gpp_af': 0.3968739790211891, 'gpp_b': 0.00013044253260698828, 'gpp_d': 8.68109647115306, 'ign_k': 1.7585985891268623, 'ign_c': 0.1842272411899705, 'trop_agb_crit': 9.298248822394307, 'trop_k_veg': 6.985563372934548}. Best is trial 0 with value: -0.5989088506199346.
[I 2026-08-20 00:40:21,170] Trial 1184 finished with value: 0.6445374145881376 and parameters: {'k1': 0.0051319708157379785, 'D_low': 567.6580011414949, 'k2': 0.00030455188150161554, 'D_high': 6284662.67439393, 'fire_exp': 1.1235744938805834, 'P_half': 3807.439697002589, 'pre_dampen_half': 196.98994801821325, 'gpp_af': 0.6226440836797617, 'gpp_b': 0.0002523566039467805, 'gpp_d': 0.2216059656778003, 'ign_k': 0.7105623972657592, 'ign_c': 100.5558899732859, 'trop_agb_crit': 20.56106315586439, 'trop_k_veg': 2.280369853180598}. Best is trial 0 with value: -0.5989088506199346.
[I 2026-08-20 00:40:22,774] Trial 1185 finished with value: 0.6445374145881376 and parameters: {'k1': 0.0007859104603882328, 'D_low': 208.8054262064179, 'k2': 0.00016879404280323898, 'D_high': 32528.70817897954, 'fire_exp': 4.012421607732999, 'P_half': 1450.667350716621, 'pre_dampen_half': 44.44672725619672, 'gpp_af': 0.012477924555715406, 'gpp_b': 2.42463042221241, 'gpp_d': 0.027223478791064848, 'ign_k': 0.01451019229856457, 'ign_c': 0.3258075448503474, 'trop_agb_crit': 2.578210163396192, 'trop_k_veg': 0.5338476378232913}. Best is trial 0 with value: -0.5989088506199346.
[I 2026-08-20 00:40:24,157] Trial 1186 finished with value: 0.5340995964454167 and parameters: {'k1': 3.9987203730168507e-05, 'D_low': 22113.381500422365, 'k2': 0.000903479875968902, 'D_high': 127406.82188627403, 'fire_exp': 2.5125459622905493, 'P_half': 1.8012681048204913, 'pre_dampen_half': 48.55662962780971, 'gpp_af': 0.012517133146658359, 'gpp_b': 0.0012190174788336823, 'gpp_d': 2.622558416509241, 'ign_k': 0.3010239047853319, 'ign_c': 2.759949211606743, 'trop_agb_crit': 27.51111200129768, 'trop_k_veg': 6.223806599098095}. Best is trial 0 with value: -0.5989088506199346.
[I 2026-08-20 00:40:25,540] Trial 1187 finished with value: 0.5030921476591081 and parameters: {'k1': 0.0007436478100727069, 'D_low': 3.1304541889071444, 'k2': 0.00011178957167143248, 'D_high': 748326.466263736, 'fire_exp': 1.026674885390131, 'P_half': 9.659654540756172, 'pre_dampen_half': 22.520710826990612, 'gpp_af': 0.8202968312289386, 'gpp_b': 3.953825563643961e-05, 'gpp_d': 0.1225669796284093, 'ign_k': 0.07820260698727324, 'ign_c': 20.438001031304953, 'trop_agb_crit': 1.1837926272799733, 'trop_k_veg': 2.256683846435474}. Best is trial 0 with value: -0.5989088506199346.
[I 2026-08-20 00:40:27,052] Trial 1188 finished with value: 0.6445374145881376 and parameters: {'k1': 0.0143124747160392, 'D_low': 545174.1630832531, 'k2': 2.7788964642276247e-05, 'D_high': 20648.683031268556, 'fire_exp': 1.6187740110613713, 'P_half': 12.619425734008173, 'pre_dampen_half': 127.07495052931269, 'gpp_af': 10.247213540484196, 'gpp_b': 0.016870933829644805, 'gpp_d': 0.044491471148455405, 'ign_k': 0.6292489642835172, 'ign_c': 1.9162903160357618, 'trop_agb_crit': 9.638723881811874, 'trop_k_veg': 3.8765724736759832}. Best is trial 0 with value: -0.5989088506199346.
[I 2026-08-20 00:40:28,432] Trial 1189 finished with value: 0.47521283461172004 and parameters: {'k1': 0.0005441468638146086, 'D_low': 151.1427673916839, 'k2': 0.005292461689324883, 'D_high': 1289425.3345631806, 'fire_exp': 3.335428438802945, 'P_half': 1.4362464289245542, 'pre_dampen_half': 56.57628648006553, 'gpp_af': 12.026834379576036, 'gpp_b': 0.009402287063685302, 'gpp_d': 18.50244999993378, 'ign_k': 0.2326642172359901, 'ign_c': 1.4327915059102092, 'trop_agb_crit': 26.227611929547365, 'trop_k_veg': 4.446455126796952}. Best is trial 0 with value: -0.5989088506199346.
[I 2026-08-20 00:40:29,795] Trial 1190 finished with value: 0.5846945420107329 and parameters: {'k1': 7.6449337481423e-05, 'D_low': 4956.255119051545, 'k2': 0.03643453404408378, 'D_high': 1430733.604251331, 'fire_exp': 7.129090625781551, 'P_half': 7.966658278945811, 'pre_dampen_half': 9.743919527211062, 'gpp_af': 0.19035620492054578, 'gpp_b': 0.0012761858326783449, 'gpp_d': 4.595436626510962, 'ign_k': 0.03008260684904686, 'ign_c': 0.4015760853857389, 'trop_agb_crit': 20.091424495365793, 'trop_k_veg': 6.611954676123013}. Best is trial 0 with value: -0.5989088506199346.
[I 2026-08-20 00:40:31,147] Trial 1191 finished with value: 0.4387903321226897 and parameters: {'k1': 0.0008401501542037455, 'D_low': 81.81234054968455, 'k2': 0.0022130288889520818, 'D_high': 4001131.699218492, 'fire_exp': 4.162140782874222, 'P_half': 16.761574838831464, 'pre_dampen_half': 489.551015891487, 'gpp_af': 0.8252576755917425, 'gpp_b': 0.03640926609171357, 'gpp_d': 254.22726234535278, 'ign_k': 0.21024112452312735, 'ign_c': 1.8023743790361955, 'trop_agb_crit': 12.097596740400368, 'trop_k_veg': 1.284894377445884}. Best is trial 0 with value: -0.5989088506199346.
[I 2026-08-20 00:40:32,548] Trial 1192 finished with value: 0.5877583651355536 and parameters: {'k1': 0.0006953535403629594, 'D_low': 34.093345050637815, 'k2': 0.0009237055612913547, 'D_high': 14628.525606486292, 'fire_exp': 5.346161932727386, 'P_half': 1.569240823491881, 'pre_dampen_half': 6.379164550790269, 'gpp_af': 0.18731041504691523, 'gpp_b': 0.00019482768597337143, 'gpp_d': 1.3665166993986797, 'ign_k': 0.05123830226529236, 'ign_c': 0.6279018974963901, 'trop_agb_crit': 20.600853827076744, 'trop_k_veg': 4.320452571685159}. Best is trial 0 with value: -0.5989088506199346.
[I 2026-08-20 00:40:33,913] Trial 1193 finished with value: 0.6428493151436003 and parameters: {'k1': 0.0016662637426288608, 'D_low': 518.345297204767, 'k2': 0.005047591634794727, 'D_high': 4162124.7817490967, 'fire_exp': 1.6192600253380878, 'P_half': 168.13785480985848, 'pre_dampen_half': 222.76588778767945, 'gpp_af': 10.34339757421608, 'gpp_b': 0.001205686109677326, 'gpp_d': 0.011218330500018664, 'ign_k': 0.0014972284615194559, 'ign_c': 408.27172362991394, 'trop_agb_crit': 1.8674656527090814, 'trop_k_veg': 2.6851436222822227}. Best is trial 0 with value: -0.5989088506199346.
[I 2026-08-20 00:40:35,285] Trial 1194 finished with value: 0.5072438201217702 and parameters: {'k1': 0.00011009267612388725, 'D_low': 1.034011919177303, 'k2': 0.0006334213585290089, 'D_high': 83705.14402453546, 'fire_exp': 2.6397953186239937, 'P_half': 1.026874376976653, 'pre_dampen_half': 3.4902141956958532, 'gpp_af': 0.4902599805902215, 'gpp_b': 0.003924949692713697, 'gpp_d': 2.1921916642444605, 'ign_k': 0.9706110416306235, 'ign_c': 1.0567622260001546, 'trop_agb_crit': 2.4980282256336146, 'trop_k_veg': 1.8375127348542044}. Best is trial 0 with value: -0.5989088506199346.
[I 2026-08-20 00:40:36,682] Trial 1195 finished with value: 0.6445374112904567 and parameters: {'k1': 0.00014559319286187113, 'D_low': 954.7683715613479, 'k2': 0.0004983704663137339, 'D_high': 14.21767823283678, 'fire_exp': 5.238055025906902, 'P_half': 86.42193894682481, 'pre_dampen_half': 0.015947740789528674, 'gpp_af': 2.4692494370597178, 'gpp_b': 2.9077526922521545e-05, 'gpp_d': 0.012055581694186865, 'ign_k': 0.0034879572878448255, 'ign_c': 0.11048477595747844, 'trop_agb_crit': 6.158609098423232, 'trop_k_veg': 1.0684588764135965}. Best is trial 0 with value: -0.5989088506199346.
[I 2026-08-20 00:40:38,031] Trial 1196 finished with value: 0.4154132330117305 and parameters: {'k1': 0.0007790806115338703, 'D_low': 37.081985050676415, 'k2': 6.705782703298412e-05, 'D_high': 636991.4037289444, 'fire_exp': 1.6954781678036706, 'P_half': 1.9831052177601836, 'pre_dampen_half': 1.6510034161697895, 'gpp_af': 0.018344870816618394, 'gpp_b': 1.066220400477356e-05, 'gpp_d': 9.57184125463806, 'ign_k': 0.7040267536108159, 'ign_c': 5.681175159404169, 'trop_agb_crit': 3.603047925545888, 'trop_k_veg': 5.61090177331455}. Best is trial 0 with value: -0.5989088506199346.
[I 2026-08-20 00:40:39,397] Trial 1197 finished with value: -0.5459256561688316 and parameters: {'k1': 0.0610487280511535, 'D_low': 1.69933963046755, 'k2': 0.0004990054616333975, 'D_high': 259780.56362917728, 'fire_exp': 3.822318339246272, 'P_half': 23.952813085251364, 'pre_dampen_half': 11.721574580583956, 'gpp_af': 0.0014433130696144133, 'gpp_b': 0.00016712253357054651, 'gpp_d': 27.00430747681223, 'ign_k': 5.531554833016856, 'ign_c': 0.4108516181020388, 'trop_agb_crit': 2.7858157467118336, 'trop_k_veg': 4.6639011260998995}. Best is trial 0 with value: -0.5989088506199346.
[I 2026-08-20 00:40:40,751] Trial 1198 finished with value: 0.4815268850475015 and parameters: {'k1': 0.002312087830112539, 'D_low': 295.61784486190936, 'k2': 0.0001105599559532834, 'D_high': 1527321.4342798465, 'fire_exp': 2.8148195233591333, 'P_half': 1.2600264915151091, 'pre_dampen_half': 182.77331042944618, 'gpp_af': 0.0018053170226253513, 'gpp_b': 2.3006573830900653e-05, 'gpp_d': 2.0932133847035947, 'ign_k': 0.30457165546941267, 'ign_c': 1.2223040655153115, 'trop_agb_crit': 19.77144756693224, 'trop_k_veg': 5.553590448401215}. Best is trial 0 with value: -0.5989088506199346.
[I 2026-08-20 00:40:42,177] Trial 1199 finished with value: 0.6445374145881376 and parameters: {'k1': 0.002363961349948291, 'D_low': 1.5696179658286313, 'k2': 2.6502008161935244e-05, 'D_high': 200.77813530480717, 'fire_exp': 6.796377239493819, 'P_half': 46.107908404876895, 'pre_dampen_half': 31.274021784178224, 'gpp_af': 74.48459085475784, 'gpp_b': 5.037399666233604, 'gpp_d': 0.49125821073254267, 'ign_k': 0.06779799152084122, 'ign_c': 0.5504371592302421, 'trop_agb_crit': 8.441118598733901, 'trop_k_veg': 2.015564688137213}. Best is trial 0 with value: -0.5989088506199346.
[I 2026-08-20 00:40:43,821] Trial 1200 finished with value: 0.4298543672496612 and parameters: {'k1': 5.217894676876602e-05, 'D_low': 760.5355085815859, 'k2': 0.01820168644709826, 'D_high': 951730.0725377062, 'fire_exp': 1.1612632116088217, 'P_half': 3.456937664781234, 'pre_dampen_half': 6.15657526825051, 'gpp_af': 0.2489821662189132, 'gpp_b': 0.00010827883526210754, 'gpp_d': 156.3916198730008, 'ign_k': 0.044234894492234444, 'ign_c': 0.707408948236007, 'trop_agb_crit': 25.36500583962107, 'trop_k_veg': 6.51791700538225}. Best is trial 0 with value: -0.5989088506199346.
[I 2026-08-20 00:40:45,202] Trial 1201 finished with value: 0.5234597335238735 and parameters: {'k1': 0.0020480774990060996, 'D_low': 583.0973176991045, 'k2': 3.305163513784694e-05, 'D_high': 5478107.26363404, 'fire_exp': 3.4114039904219404, 'P_half': 200.64811056590946, 'pre_dampen_half': 1.165342691860836, 'gpp_af': 0.06714012526419287, 'gpp_b': 0.0006697900049182312, 'gpp_d': 42.9621161377559, 'ign_k': 0.5501315180423786, 'ign_c': 7.3802128227873585, 'trop_agb_crit': 19.99472484605103, 'trop_k_veg': 4.611176662063603}. Best is trial 0 with value: -0.5989088506199346.
[I 2026-08-20 00:40:46,590] Trial 1202 finished with value: 0.5972818680386079 and parameters: {'k1': 1.0043831684958068e-05, 'D_low': 5441.612511589308, 'k2': 0.07602824208084653, 'D_high': 95416.29243861341, 'fire_exp': 5.171096541981302, 'P_half': 1220.960873557054, 'pre_dampen_half': 0.20222793151649318, 'gpp_af': 2.449869198203873, 'gpp_b': 0.026398701529034917, 'gpp_d': 13.258073152651601, 'ign_k': 0.19850606370451238, 'ign_c': 6.799765597110044, 'trop_agb_crit': 5.35216624668114, 'trop_k_veg': 3.651452332850059}. Best is trial 0 with value: -0.5989088506199346.
[I 2026-08-20 00:40:47,953] Trial 1203 finished with value: 0.4428647626877745 and parameters: {'k1': 0.00521033683150373, 'D_low': 3696.9873663125513, 'k2': 0.025405343634800567, 'D_high': 441611.1862936631, 'fire_exp': 1.2252701830393795, 'P_half': 1.6507532756523942, 'pre_dampen_half': 2.9568211877057453, 'gpp_af': 1.3625088161582763, 'gpp_b': 0.0002885244215315389, 'gpp_d': 6.53024655651803, 'ign_k': 0.03713460210782725, 'ign_c': 0.33791395214372344, 'trop_agb_crit': 5.8471577159990105, 'trop_k_veg': 2.271038007318628}. Best is trial 0 with value: -0.5989088506199346.
[I 2026-08-20 00:40:49,308] Trial 1204 finished with value: 0.5885187987768238 and parameters: {'k1': 7.642004017682003e-05, 'D_low': 235.67427848568406, 'k2': 0.000766650228018786, 'D_high': 3236147.1170307505, 'fire_exp': 4.91767599351925, 'P_half': 3.489847287585409, 'pre_dampen_half': 7.34352830553634, 'gpp_af': 0.021298946606453976, 'gpp_b': 0.004152766194675268, 'gpp_d': 2.3606663451448204, 'ign_k': 0.026742456161595006, 'ign_c': 0.9630904860378384, 'trop_agb_crit': 19.282471223765484, 'trop_k_veg': 6.577367168183596}. Best is trial 0 with value: -0.5989088506199346.
