[I 2026-06-08 13:07:04,282] Trial 2492 finished with values: [-0.5934122380514084, 0.03725409754655906] and parameters: {'k1': 0.01889771394135163, 'D_low': 70.18267183720735, 'k2': 0.04333919331865372, 'D_high': 1493.5213816355397, 'fire_exp': 1.165368636520435, 'P_half': 2.0445481304689883, 'pre_dampen_half': 107.40052367919465, 'gpp_af': 0.10907247178366643, 'gpp_b': 0.0005752434266899163, 'gpp_d': 10.369565216756202, 'ign_k': 8.708806168038567, 'ign_c': 20.03995359361212, 'trop_agb_crit': 7.500118950416987, 'trop_k_veg': 6.197108275106861}.
[I 2026-06-08 13:07:06,264] Trial 2493 finished with values: [-0.5941661035946092, 0.04234661963849018] and parameters: {'k1': 0.01889771394135163, 'D_low': 1.4960850709142384, 'k2': 0.04333919331865372, 'D_high': 1493.5213816355397, 'fire_exp': 1.165368636520435, 'P_half': 12.808863354047988, 'pre_dampen_half': 107.40052367919465, 'gpp_af': 0.10409127568994281, 'gpp_b': 0.0005752434266899163, 'gpp_d': 660.9129108295722, 'ign_k': 8.708806168038567, 'ign_c': 20.03995359361212, 'trop_agb_crit': 3.5747129226002423, 'trop_k_veg': 6.197108275106861}.
[I 2026-06-08 13:07:08,411] Trial 2494 finished with values: [-0.5945778618210962, 0.04160531522068256] and parameters: {'k1': 0.01889771394135163, 'D_low': 52.44744178276729, 'k2': 0.012758211164590085, 'D_high': 1493.5213816355397, 'fire_exp': 1.165368636520435, 'P_half': 12.808863354047988, 'pre_dampen_half': 107.40052367919465, 'gpp_af': 0.10409127568994281, 'gpp_b': 0.0005752434266899163, 'gpp_d': 10.369565216756202, 'ign_k': 8.708806168038567, 'ign_c': 20.03995359361212, 'trop_agb_crit': 7.500118950416987, 'trop_k_veg': 3.1533330210203863}.
[I 2026-06-08 13:07:10,185] Trial 2495 finished with values: [-0.5968025635787134, 0.04749082228393475] and parameters: {'k1': 0.01889771394135163, 'D_low': 32.83796190364696, 'k2': 0.012758211164590085, 'D_high': 2940.51756322311, 'fire_exp': 1.165368636520435, 'P_half': 12.808863354047988, 'pre_dampen_half': 107.40052367919465, 'gpp_af': 0.05511595477601767, 'gpp_b': 0.0005752434266899163, 'gpp_d': 10.369565216756202, 'ign_k': 8.708806168038567, 'ign_c': 20.03995359361212, 'trop_agb_crit': 3.5747129226002423, 'trop_k_veg': 6.9782110227926815}.
[I 2026-06-08 13:07:11,915] Trial 2496 finished with values: [10.892857142659844, 10.892857142659844] and parameters: {'k1': 0.01889771394135163, 'D_low': 32.83796190364696, 'k2': 0.012758211164590085, 'D_high': 1493.5213816355397, 'fire_exp': 1.1667387232122288, 'P_half': 2.1570307680573153, 'pre_dampen_half': 107.40052367919465, 'gpp_af': 0.1476584299248268, 'gpp_b': 0.0005752434266899163, 'gpp_d': 660.9129108295722, 'ign_k': 1.692864311695629, 'ign_c': 323.1482531068893, 'trop_agb_crit': 7.500118950416987, 'trop_k_veg': 6.9782110227926815}.
[I 2026-06-08 13:07:13,595] Trial 2497 finished with values: [10.00788266829033, 10.00788266829033] and parameters: {'k1': 0.01889771394135163, 'D_low': 2.018165937474199, 'k2': 0.012758211164590085, 'D_high': 1493.5213816355397, 'fire_exp': 1.165368636520435, 'P_half': 36.10935707564826, 'pre_dampen_half': 107.40052367919465, 'gpp_af': 0.10409127568994281, 'gpp_b': 0.0005752434266899163, 'gpp_d': 32.59634197484904, 'ign_k': 8.708806168038567, 'ign_c': 20.03995359361212, 'trop_agb_crit': 7.500118950416987, 'trop_k_veg': 2.688733747138583}.
[I 2026-06-08 13:07:16,259] Trial 2498 finished with values: [10.230042179602552, 10.230042179602552] and parameters: {'k1': 0.01889771394135163, 'D_low': 70.18267183720735, 'k2': 0.012758211164590085, 'D_high': 1493.5213816355397, 'fire_exp': 1.165368636520435, 'P_half': 4.213183643253957, 'pre_dampen_half': 107.40052367919465, 'gpp_af': 0.10409127568994281, 'gpp_b': 0.0005752434266899163, 'gpp_d': 32.59634197484904, 'ign_k': 8.708806168038567, 'ign_c': 14.690746241198317, 'trop_agb_crit': 7.500118950416987, 'trop_k_veg': 6.197108275106861}.
[I 2026-06-08 13:07:19,134] Trial 2499 finished with values: [10.892857142659844, 10.892857142659844] and parameters: {'k1': 0.02348808493262077, 'D_low': 7451.835310678849, 'k2': 0.012758211164590085, 'D_high': 1493.5213816355397, 'fire_exp': 1.165368636520435, 'P_half': 4.213183643253957, 'pre_dampen_half': 129.6205834341811, 'gpp_af': 0.10409127568994281, 'gpp_b': 0.0005752434266899163, 'gpp_d': 660.9129108295722, 'ign_k': 8.708806168038567, 'ign_c': 20.03995359361212, 'trop_agb_crit': 3.5747129226002423, 'trop_k_veg': 2.194427136482602}.

  trial 1996/2500  pareto_size=12  best_ilamb=0.5984  (42.0 min)
  trial 2014/2500  pareto_size=11  best_ilamb=0.5984  (42.4 min)
  trial 2031/2500  pareto_size=12  best_ilamb=0.5984  (42.7 min)
  trial 2049/2500  pareto_size=12  best_ilamb=0.5984  (43.1 min)
  trial 2066/2500  pareto_size=12  best_ilamb=0.5984  (43.4 min)
  trial 2083/2500  pareto_size=12  best_ilamb=0.5984  (43.8 min)
  trial 2100/2500  pareto_size=13  best_ilamb=0.6003  (44.1 min)
  trial 2117/2500  pareto_size=15  best_ilamb=0.6003  (44.5 min)
  trial 2132/2500  pareto_size=15  best_ilamb=0.6003  (44.9 min)
  trial 2139/2500  pareto_size=17  best_ilamb=0.6003  (45.2 min)
  trial 2146/2500  pareto_size=19  best_ilamb=0.6003  (45.6 min)
  trial 2152/2500  pareto_size=19  best_ilamb=0.6003  (46.0 min)
  trial 2164/2500  pareto_size=19  best_ilamb=0.6003  (46.4 min)
  trial 2176/2500  pareto_size=19  best_ilamb=0.6003  (46.7 min)
  trial 2187/2500  pareto_size=20  best_ilamb=0.6003  (47.1 min)
  trial 2197/2500  pareto_size=20  best_ilamb=0.6003  (47.5 min)
  trial 2207/2500  pareto_size=21  best_ilamb=0.6003  (47.9 min)
  trial 2218/2500  pareto_size=21  best_ilamb=0.6003  (48.2 min)
  trial 2228/2500  pareto_size=21  best_ilamb=0.6003  (48.6 min)
  trial 2236/2500  pareto_size=22  best_ilamb=0.6003  (48.9 min)
  trial 2244/2500  pareto_size=22  best_ilamb=0.6003  (49.3 min)
  trial 2252/2500  pareto_size=20  best_ilamb=0.6003  (49.7 min)
  trial 2260/2500  pareto_size=20  best_ilamb=0.6003  (50.0 min)
  trial 2267/2500  pareto_size=20  best_ilamb=0.6003  (50.4 min)
  trial 2274/2500  pareto_size=21  best_ilamb=0.6003  (50.9 min)
  trial 2281/2500  pareto_size=21  best_ilamb=0.6003  (51.3 min)
  trial 2288/2500  pareto_size=21  best_ilamb=0.6003  (51.7 min)
  trial 2295/2500  pareto_size=14  best_ilamb=0.6003  (52.1 min)
  trial 2302/2500  pareto_size=14  best_ilamb=0.6003  (52.4 min)
  trial 2310/2500  pareto_size=14  best_ilamb=0.6003  (52.8 min)
  trial 2317/2500  pareto_size=14  best_ilamb=0.6003  (53.2 min)
  trial 2325/2500  pareto_size=14  best_ilamb=0.6003  (53.6 min)
  trial 2333/2500  pareto_size=14  best_ilamb=0.6003  (54.0 min)
  trial 2341/2500  pareto_size=14  best_ilamb=0.6003  (54.4 min)
  trial 2350/2500  pareto_size=14  best_ilamb=0.6003  (54.8 min)
  trial 2359/2500  pareto_size=14  best_ilamb=0.6003  (55.2 min)
  trial 2368/2500  pareto_size=14  best_ilamb=0.6003  (55.5 min)
  trial 2377/2500  pareto_size=14  best_ilamb=0.6003  (55.9 min)
  trial 2387/2500  pareto_size=15  best_ilamb=0.6003  (56.3 min)
  trial 2398/2500  pareto_size=15  best_ilamb=0.6003  (56.7 min)
  trial 2409/2500  pareto_size=17  best_ilamb=0.6003  (57.1 min)
  trial 2421/2500  pareto_size=19  best_ilamb=0.6003  (57.5 min)
  trial 2433/2500  pareto_size=20  best_ilamb=0.6003  (57.8 min)
  trial 2443/2500  pareto_size=22  best_ilamb=0.6003  (58.2 min)
  trial 2455/2500  pareto_size=22  best_ilamb=0.6003  (58.6 min)
  trial 2467/2500  pareto_size=24  best_ilamb=0.6003  (59.0 min)
  trial 2478/2500  pareto_size=25  best_ilamb=0.6006  (59.3 min)
  trial 2488/2500  pareto_size=25  best_ilamb=0.6006  (59.7 min)
  trial 2499/2500  pareto_size=26  best_ilamb=0.6006  (60.1 min)

[done] 2500 trials in 60.1 min
[pareto] 26 non-dominated trials, 26 with fp_score >= 0.85
[chosen] trial 2474: ILAMB=0.6006  fp_score=0.9409  ratio=1.12
[best] Bias=0.6815  RMSE=0.3730  Seas=0.8261  Spatial=0.7495  Overall=0.6006
[diag] raw rate land-mean (yr^-1): 0.08956  (target ~ 0.06082)
[write] D:\FIRE_OFFLINE\models\C\params.tropfix2.json
[write] D:\FIRE_OFFLINE\ilamb\MODELS\ED-ModelC-final\burntArea.tropfix2.nc  (10.3 MB)

[FIX2] dumping top-8 Pareto candidates -> D:\FIRE_OFFLINE\ilamb\MODELS_TOPK_tropfix2
  k1: trial 2474  internal_overall=0.6006  fp=0.941  ratio=1.12
  k2: trial 2088  internal_overall=0.6003  fp=0.941  ratio=1.11
  k3: trial 2384  internal_overall=0.5996  fp=0.945  ratio=1.11
  k4: trial 2465  internal_overall=0.5995  fp=0.950  ratio=1.11
  k5: trial 2416  internal_overall=0.5988  fp=0.950  ratio=1.09
  k6: trial 2315  internal_overall=0.5986  fp=0.950  ratio=1.08
  k7: trial 2400  internal_overall=0.5986  fp=0.950  ratio=1.08
  k8: trial 2291  internal_overall=0.5979  fp=0.956  ratio=1.10
[FIX2] manifest -> D:\FIRE_OFFLINE\models\C\topk.tropfix2.json
[FIX2] re-score all candidates with official ILAMB (CLAUDE.md recipe; clean ._* first), e.g. --model_root "$PWD/ilamb/MODELS_TOPK_tropfix2"
[FIX2] promote the candidate with the best OFFICIAL Overall, NOT the internal one.
