[I 2026-06-10 22:30:38,001] Trial 339 finished with values: [10.833333333148357, 10.833333333148357] and parameters: {'k1': 0.017276056747028225, 'D_low': 2396.0796124300746, 'k2': 0.02939607009739149, 'D_high': 44974.07193749848, 'fire_exp': 1.9365919987098117, 'P_half': 101.40635645866499, 'pre_dampen_half': 98.05638874011484, 'gpp_af': 1.3954498518315706, 'gpp_b': 1.4540386644083135e-05, 'gpp_d': 12.151631524283598, 'ign_k': 1.636529060071807, 'ign_c': 153.51441568398127, 'trop_agb_crit': 1.0693376406863295, 'trop_k_veg': 0.6673124511410327, 'fire_amp': 5.416595007374148}.
[I 2026-06-10 22:30:39,658] Trial 340 finished with values: [10.688767282193066, 10.688767282193066] and parameters: {'k1': 0.0001887567630782227, 'D_low': 171.2446447678494, 'k2': 0.0004976087827261435, 'D_high': 42210.21267871043, 'fire_exp': 1.1633452995374232, 'P_half': 84.3508388778244, 'pre_dampen_half': 435.2726865811943, 'gpp_af': 0.8057329182285734, 'gpp_b': 0.004411400434514031, 'gpp_d': 0.03927259340973166, 'ign_k': 0.17320535908244444, 'ign_c': 0.2946000090510885, 'trop_agb_crit': 1.8566494291193822, 'trop_k_veg': 4.0068236274914755, 'fire_amp': 2.6192385880432525}.
[I 2026-06-10 22:30:41,273] Trial 341 finished with values: [10.801066997300936, 10.801066997300936] and parameters: {'k1': 0.016973078532467004, 'D_low': 2267.735223551285, 'k2': 3.152468275632564e-05, 'D_high': 48235.58283024493, 'fire_exp': 1.9095652801045373, 'P_half': 118.94665366442581, 'pre_dampen_half': 0.04225994826142427, 'gpp_af': 0.004409093791567215, 'gpp_b': 1.1008110571039521e-05, 'gpp_d': 0.47379914349407487, 'ign_k': 1.6270983114897255, 'ign_c': 0.6235377135673155, 'trop_agb_crit': 1.0189592979395135, 'trop_k_veg': 0.7808079158649266, 'fire_amp': 2.6192385880432525}.
[I 2026-06-10 22:30:42,817] Trial 342 finished with values: [10.833333333148357, 10.833333333148357] and parameters: {'k1': 0.006079905434073396, 'D_low': 43.2326421037033, 'k2': 4.933751600448335e-05, 'D_high': 42.242359735170886, 'fire_exp': 1.7792742686803427, 'P_half': 157.3644610977214, 'pre_dampen_half': 37.40930273158252, 'gpp_af': 1.9998014714101113, 'gpp_b': 0.00047819318414852577, 'gpp_d': 594.7389794988394, 'ign_k': 0.8945150807271531, 'ign_c': 55.24095129928624, 'trop_agb_crit': 8.0091368834625, 'trop_k_veg': 1.64857963637888, 'fire_amp': 1.5587346124822492}.
[I 2026-06-10 22:30:44,476] Trial 343 finished with values: [10.23411708670146, 10.23411708670146] and parameters: {'k1': 0.0004846497679219079, 'D_low': 15.0613200804335, 'k2': 0.019383858782150494, 'D_high': 48235.58283024493, 'fire_exp': 1.0601964743503993, 'P_half': 1265.0580856641704, 'pre_dampen_half': 2.736251365128462, 'gpp_af': 0.41874665092828456, 'gpp_b': 2.800940363375676e-05, 'gpp_d': 1.4397852866783676, 'ign_k': 0.17320535908244444, 'ign_c': 0.6235377135673155, 'trop_agb_crit': 12.9667438075127, 'trop_k_veg': 4.796046723963646, 'fire_amp': 2.6192385880432525}.
[I 2026-06-10 22:30:46,180] Trial 344 finished with values: [10.547209839353197, 10.547209839353197] and parameters: {'k1': 0.00026539376439360527, 'D_low': 2396.0796124300746, 'k2': 6.340140860251457e-05, 'D_high': 431.45617043093523, 'fire_exp': 1.0601964743503993, 'P_half': 12.262543158860007, 'pre_dampen_half': 189.36639872354493, 'gpp_af': 3.298293484806585, 'gpp_b': 0.006999112505425414, 'gpp_d': 95.2715755007094, 'ign_k': 0.09256855841989636, 'ign_c': 1.3431925993528124, 'trop_agb_crit': 1.8023542850487386, 'trop_k_veg': 0.6488368931910606, 'fire_amp': 2.042193818779288}.
[I 2026-06-10 22:30:47,704] Trial 345 finished with values: [10.389445122281472, 10.389445122281472] and parameters: {'k1': 0.006079905434073396, 'D_low': 43.2326421037033, 'k2': 0.003767022142229395, 'D_high': 431.45617043093523, 'fire_exp': 1.0601964743503993, 'P_half': 157.3644610977214, 'pre_dampen_half': 30.456909077772018, 'gpp_af': 1.3954498518315706, 'gpp_b': 0.00047819318414852577, 'gpp_d': 594.7389794988394, 'ign_k': 0.8945150807271531, 'ign_c': 16.497426799845446, 'trop_agb_crit': 1.8285200278523417, 'trop_k_veg': 1.6003641872536711, 'fire_amp': 1.5587346124822492}.
[I 2026-06-10 22:30:49,138] Trial 346 finished with values: [-0.5458257173183501, 0.44876776678397445] and parameters: {'k1': 0.0009255037589041178, 'D_low': 171.2446447678494, 'k2': 0.003767022142229395, 'D_high': 42210.21267871043, 'fire_exp': 1.2918065501148304, 'P_half': 1265.0580856641704, 'pre_dampen_half': 189.36639872354493, 'gpp_af': 1.7775411110039254, 'gpp_b': 2.176805640408474e-05, 'gpp_d': 0.03927259340973166, 'ign_k': 0.17320535908244444, 'ign_c': 23.422386257929038, 'trop_agb_crit': 1.0693376406863295, 'trop_k_veg': 4.0068236274914755, 'fire_amp': 5.831305332032283}.
[I 2026-06-10 22:30:50,570] Trial 347 finished with values: [10.559859323256083, 10.559859323256083] and parameters: {'k1': 0.0001887567630782227, 'D_low': 12.105387404469584, 'k2': 0.003767022142229395, 'D_high': 431.45617043093523, 'fire_exp': 1.1593349727271403, 'P_half': 4.213183643253957, 'pre_dampen_half': 38.00678588560607, 'gpp_af': 1.3954498518315706, 'gpp_b': 1.4540386644083135e-05, 'gpp_d': 0.12878367369717508, 'ign_k': 0.00840038491455979, 'ign_c': 21.275785720135406, 'trop_agb_crit': 2.49652474515731, 'trop_k_veg': 0.6673124511410327, 'fire_amp': 4.19233232783727}.
[I 2026-06-10 22:30:52,054] Trial 348 finished with values: [10.811728889346627, 10.811728889346627] and parameters: {'k1': 0.00026539376439360527, 'D_low': 1074.940539517341, 'k2': 1.1417577140741129e-05, 'D_high': 29.126651668813768, 'fire_exp': 1.9783727454920947, 'P_half': 1549.6599265816342, 'pre_dampen_half': 30.456909077772018, 'gpp_af': 1.3954498518315706, 'gpp_b': 0.006999112505425414, 'gpp_d': 47.35384181058586, 'ign_k': 0.09256855841989636, 'ign_c': 7.832259769732471, 'trop_agb_crit': 1.8023542850487386, 'trop_k_veg': 1.6648666152166967, 'fire_amp': 4.2446263054164195}.
[I 2026-06-10 22:30:53,853] Trial 349 finished with values: [10.756108163146683, 10.756108163146683] and parameters: {'k1': 0.0869690639641868, 'D_low': 2267.735223551285, 'k2': 0.0001280886335404798, 'D_high': 32311.521854410956, 'fire_exp': 1.811096651915224, 'P_half': 118.94665366442581, 'pre_dampen_half': 121.93011993958949, 'gpp_af': 0.035629505481532577, 'gpp_b': 0.005386676499630372, 'gpp_d': 0.4742269251269962, 'ign_k': 0.002357279455676982, 'ign_c': 7.081721844034206, 'trop_agb_crit': 1.0189592979395135, 'trop_k_veg': 0.5535297685306277, 'fire_amp': 1.5719333351012774}.
[I 2026-06-10 22:30:55,378] Trial 350 finished with values: [10.74960276379974, 10.74960276379974] and parameters: {'k1': 0.00026539376439360527, 'D_low': 1074.940539517341, 'k2': 1.1417577140741129e-05, 'D_high': 11.129666723443188, 'fire_exp': 1.111738490499784, 'P_half': 12.262543158860007, 'pre_dampen_half': 0.02302684507178836, 'gpp_af': 3.298293484806585, 'gpp_b': 1.4540386644083135e-05, 'gpp_d': 0.12878367369717508, 'ign_k': 0.09256855841989636, 'ign_c': 0.7619822175388142, 'trop_agb_crit': 1.8023542850487386, 'trop_k_veg': 0.6673124511410327, 'fire_amp': 2.042193818779288}.
[I 2026-06-10 22:30:56,813] Trial 351 finished with values: [10.468307792775313, 10.468307792775313] and parameters: {'k1': 0.0014452451441203328, 'D_low': 1.4002277211577039, 'k2': 0.0007731571570012607, 'D_high': 1817.0401889219124, 'fire_exp': 1.0601964743503993, 'P_half': 61.6097529474144, 'pre_dampen_half': 9.044346216330972, 'gpp_af': 3.298293484806585, 'gpp_b': 1.4540386644083135e-05, 'gpp_d': 1.0088237648985734, 'ign_k': 0.037151317999473285, 'ign_c': 0.6235377135673155, 'trop_agb_crit': 2.0527418919564324, 'trop_k_veg': 5.453348988480011, 'fire_amp': 1.2393473789150806}.
[I 2026-06-10 22:30:58,224] Trial 352 finished with values: [10.533626816583505, 10.533626816583505] and parameters: {'k1': 0.0014452451441203328, 'D_low': 1.4002277211577039, 'k2': 0.0012030178871154666, 'D_high': 27.55546207779663, 'fire_exp': 1.111738490499784, 'P_half': 51.10120656497163, 'pre_dampen_half': 123.04779330083686, 'gpp_af': 0.41874665092828456, 'gpp_b': 0.004411400434514031, 'gpp_d': 1.0088237648985734, 'ign_k': 0.09256855841989636, 'ign_c': 1.9423015749984096, 'trop_agb_crit': 24.199763404822136, 'trop_k_veg': 5.453348988480011, 'fire_amp': 1.2393473789150806}.
[I 2026-06-10 22:30:59,675] Trial 353 finished with values: [10.68938224929118, 10.68938224929118] and parameters: {'k1': 0.006079905434073396, 'D_low': 2267.735223551285, 'k2': 0.0001016707987819611, 'D_high': 570.8731724249576, 'fire_exp': 1.4690410989404576, 'P_half': 70.91190338709636, 'pre_dampen_half': 9.044346216330972, 'gpp_af': 6.384685545228285, 'gpp_b': 2.800940363375676e-05, 'gpp_d': 0.4742269251269962, 'ign_k': 0.8945150807271531, 'ign_c': 0.6235377135673155, 'trop_agb_crit': 1.0189592979395135, 'trop_k_veg': 6.172643383211297, 'fire_amp': 1.032981306188127}.
[I 2026-06-10 22:31:01,314] Trial 354 finished with values: [14.104946354909835, 14.104946354909835] and parameters: {'k1': 0.0869690639641868, 'D_low': 146.24004590125713, 'k2': 0.003767022142229395, 'D_high': 48235.58283024493, 'fire_exp': 1.111738490499784, 'P_half': 5.4712187293420325, 'pre_dampen_half': 9.044346216330972, 'gpp_af': 0.41874665092828456, 'gpp_b': 1.4540386644083135e-05, 'gpp_d': 0.12878367369717508, 'ign_k': 0.371259104528773, 'ign_c': 0.7619822175388142, 'trop_agb_crit': 1.0189592979395135, 'trop_k_veg': 1.6648666152166967, 'fire_amp': 2.6192385880432525}.
[I 2026-06-10 22:31:02,783] Trial 355 finished with values: [10.269363894477628, 10.269363894477628] and parameters: {'k1': 0.00031134168041628584, 'D_low': 12.105387404469584, 'k2': 0.003767022142229395, 'D_high': 431.45617043093523, 'fire_exp': 1.0601964743503993, 'P_half': 5.4712187293420325, 'pre_dampen_half': 121.93011993958949, 'gpp_af': 0.07118041471054574, 'gpp_b': 0.007579368252801536, 'gpp_d': 0.12878367369717508, 'ign_k': 0.00840038491455979, 'ign_c': 0.7619822175388142, 'trop_agb_crit': 1.0693376406863295, 'trop_k_veg': 0.6673124511410327, 'fire_amp': 4.19233232783727}.
[I 2026-06-10 22:31:04,192] Trial 356 finished with values: [10.52729763820171, 10.52729763820171] and parameters: {'k1': 0.006079905434073396, 'D_low': 43.2326421037033, 'k2': 4.933751600448335e-05, 'D_high': 42.242359735170886, 'fire_exp': 1.7792742686803427, 'P_half': 38.93835424674703, 'pre_dampen_half': 37.40930273158252, 'gpp_af': 1.9998014714101113, 'gpp_b': 0.00047819318414852577, 'gpp_d': 0.4742269251269962, 'ign_k': 0.002357279455676982, 'ign_c': 16.497426799845446, 'trop_agb_crit': 24.199763404822136, 'trop_k_veg': 0.6618107836658104, 'fire_amp': 2.6192385880432525}.
[I 2026-06-10 22:31:05,832] Trial 357 finished with values: [10.624625814760785, 10.624625814760785] and parameters: {'k1': 0.0869690639641868, 'D_low': 2267.735223551285, 'k2': 7.857247967427128e-05, 'D_high': 42.242359735170886, 'fire_exp': 1.4081947723562425, 'P_half': 251.23618639978196, 'pre_dampen_half': 9.044346216330972, 'gpp_af': 96.4653310890222, 'gpp_b': 0.01666658176842624, 'gpp_d': 594.7389794988394, 'ign_k': 1.6270983114897255, 'ign_c': 16.497426799845446, 'trop_agb_crit': 2.0420012944047587, 'trop_k_veg': 1.6003641872536711, 'fire_amp': 2.6192385880432525}.
[I 2026-06-10 22:31:07,240] Trial 358 finished with values: [11.016428569822923, 11.016428569822923] and parameters: {'k1': 0.0001887567630782227, 'D_low': 2396.0796124300746, 'k2': 0.003767022142229395, 'D_high': 42210.21267871043, 'fire_exp': 1.2918065501148304, 'P_half': 4.213183643253957, 'pre_dampen_half': 30.456909077772018, 'gpp_af': 1.3954498518315706, 'gpp_b': 1.4540386644083135e-05, 'gpp_d': 0.03927259340973166, 'ign_k': 0.13500744867919376, 'ign_c': 1.3431925993528124, 'trop_agb_crit': 12.647327018493208, 'trop_k_veg': 4.0068236274914755, 'fire_amp': 1.686388377130032}.
[I 2026-06-10 22:31:08,821] Trial 359 finished with values: [10.754276225778021, 10.754276225778021] and parameters: {'k1': 0.0001887567630782227, 'D_low': 602.4590664672947, 'k2': 0.003767022142229395, 'D_high': 1266.9536563782303, 'fire_exp': 1.0601964743503993, 'P_half': 2757.3353505786354, 'pre_dampen_half': 30.456909077772018, 'gpp_af': 37.28155624293858, 'gpp_b': 5.0875243087016374e-05, 'gpp_d': 7.631016235941559, 'ign_k': 0.09256855841989636, 'ign_c': 7.832259769732471, 'trop_agb_crit': 1.8285200278523417, 'trop_k_veg': 0.6673124511410327, 'fire_amp': 1.4475279918261055}.
[I 2026-06-10 22:31:10,386] Trial 360 finished with values: [10.674318211530494, 10.674318211530494] and parameters: {'k1': 0.00026539376439360527, 'D_low': 2186.356344942016, 'k2': 0.08661811390647982, 'D_high': 1266.9536563782303, 'fire_exp': 1.111738490499784, 'P_half': 1316.4487472745689, 'pre_dampen_half': 189.36639872354493, 'gpp_af': 37.28155624293858, 'gpp_b': 1.1008110571039521e-05, 'gpp_d': 7.631016235941559, 'ign_k': 0.09256855841989636, 'ign_c': 7.832259769732471, 'trop_agb_crit': 1.5033346993841157, 'trop_k_veg': 1.600928934389327, 'fire_amp': 1.4475279918261055}.
[I 2026-06-10 22:31:11,900] Trial 361 finished with values: [10.744675416735253, 10.744675416735253] and parameters: {'k1': 5.7909642338812115e-05, 'D_low': 1.7551403048208316, 'k2': 0.0001280886335404798, 'D_high': 1817.0401889219124, 'fire_exp': 1.811096651915224, 'P_half': 5.4712187293420325, 'pre_dampen_half': 435.2726865811943, 'gpp_af': 94.30595410350193, 'gpp_b': 1.7286734109794885e-05, 'gpp_d': 0.1619054449471649, 'ign_k': 0.002357279455676982, 'ign_c': 7.081721844034206, 'trop_agb_crit': 1.8566494291193822, 'trop_k_veg': 0.8097682578073301, 'fire_amp': 2.6192385880432525}.
[I 2026-06-10 22:31:13,378] Trial 362 finished with values: [10.42845422366656, 10.42845422366656] and parameters: {'k1': 0.00026539376439360527, 'D_low': 83.56564873457052, 'k2': 0.0010726091927327822, 'D_high': 44974.07193749848, 'fire_exp': 1.9136159174067866, 'P_half': 101.40635645866499, 'pre_dampen_half': 189.36639872354493, 'gpp_af': 0.8057329182285734, 'gpp_b': 0.049565458633074926, 'gpp_d': 47.35384181058586, 'ign_k': 0.09256855841989636, 'ign_c': 1.3431925993528124, 'trop_agb_crit': 3.1419938725278875, 'trop_k_veg': 4.0068236274914755, 'fire_amp': 1.1202509284327942}.
[I 2026-06-10 22:31:14,733] Trial 363 finished with values: [11.423297285980427, 11.423297285980427] and parameters: {'k1': 0.0032360993995751053, 'D_low': 2267.735223551285, 'k2': 0.003767022142229395, 'D_high': 48235.58283024493, 'fire_exp': 1.0601964743503993, 'P_half': 12.262543158860007, 'pre_dampen_half': 9.044346216330972, 'gpp_af': 0.41874665092828456, 'gpp_b': 1.4540386644083135e-05, 'gpp_d': 0.030844007727232167, 'ign_k': 1.6270983114897255, 'ign_c': 0.6235377135673155, 'trop_agb_crit': 1.0693376406863295, 'trop_k_veg': 5.636143940068465, 'fire_amp': 2.042193818779288}.
[I 2026-06-10 22:31:16,333] Trial 364 finished with values: [10.326956073103899, 10.326956073103899] and parameters: {'k1': 0.00026539376439360527, 'D_low': 2186.356344942016, 'k2': 0.08661811390647982, 'D_high': 1266.9536563782303, 'fire_exp': 1.111738490499784, 'P_half': 1.4551749476072258, 'pre_dampen_half': 189.36639872354493, 'gpp_af': 37.28155624293858, 'gpp_b': 5.0875243087016374e-05, 'gpp_d': 7.631016235941559, 'ign_k': 0.09256855841989636, 'ign_c': 7.832259769732471, 'trop_agb_crit': 1.8023542850487386, 'trop_k_veg': 1.6648666152166967, 'fire_amp': 1.4475279918261055}.
[I 2026-06-10 22:31:17,969] Trial 365 finished with values: [-0.5635989261862532, 0.21573538573676487] and parameters: {'k1': 0.006079905434073396, 'D_low': 43.2326421037033, 'k2': 4.933751600448335e-05, 'D_high': 949.9072859745386, 'fire_exp': 1.2732983562135975, 'P_half': 157.3644610977214, 'pre_dampen_half': 37.40930273158252, 'gpp_af': 0.09885838682552685, 'gpp_b': 0.00047819318414852577, 'gpp_d': 0.4742269251269962, 'ign_k': 1.6270983114897255, 'ign_c': 16.497426799845446, 'trop_agb_crit': 8.188098178380693, 'trop_k_veg': 1.6003641872536711, 'fire_amp': 2.6192385880432525}.
[I 2026-06-10 22:31:19,403] Trial 366 finished with values: [10.54027105379371, 10.54027105379371] and parameters: {'k1': 9.293516267059069e-05, 'D_low': 1.4002277211577039, 'k2': 0.0007731571570012607, 'D_high': 1817.0401889219124, 'fire_exp': 1.1633452995374232, 'P_half': 61.6097529474144, 'pre_dampen_half': 857.6556763881457, 'gpp_af': 94.30595410350193, 'gpp_b': 0.004411400434514031, 'gpp_d': 1.0088237648985734, 'ign_k': 0.17320535908244444, 'ign_c': 0.4177928311636542, 'trop_agb_crit': 1.8566494291193822, 'trop_k_veg': 0.8097682578073301, 'fire_amp': 1.2393473789150806}.
[I 2026-06-10 22:31:20,805] Trial 367 finished with values: [10.83317705620552, 10.83317705620552] and parameters: {'k1': 0.016973078532467004, 'D_low': 3840.3004190988563, 'k2': 0.0012030178871154666, 'D_high': 27.55546207779663, 'fire_exp': 1.1633452995374232, 'P_half': 157.80309954142965, 'pre_dampen_half': 9.044346216330972, 'gpp_af': 0.41874665092828456, 'gpp_b': 0.004411400434514031, 'gpp_d': 0.47379914349407487, 'ign_k': 0.9419612235978201, 'ign_c': 0.4177928311636542, 'trop_agb_crit': 24.199763404822136, 'trop_k_veg': 0.7808079158649266, 'fire_amp': 1.290871715123794}.
[I 2026-06-10 22:31:22,194] Trial 368 finished with values: [10.647364468879797, 10.647364468879797] and parameters: {'k1': 0.006079905434073396, 'D_low': 43.2326421037033, 'k2': 4.933751600448335e-05, 'D_high': 48235.58283024493, 'fire_exp': 1.7792742686803427, 'P_half': 1265.0580856641704, 'pre_dampen_half': 9.044346216330972, 'gpp_af': 1.9998014714101113, 'gpp_b': 2.800940363375676e-05, 'gpp_d': 0.4742269251269962, 'ign_k': 0.8945150807271531, 'ign_c': 16.497426799845446, 'trop_agb_crit': 1.0189592979395135, 'trop_k_veg': 1.6003641872536711, 'fire_amp': 2.6192385880432525}.
[I 2026-06-10 22:31:23,712] Trial 369 finished with values: [10.552869184590394, 10.552869184590394] and parameters: {'k1': 0.0032360993995751053, 'D_low': 12.105387404469584, 'k2': 0.003767022142229395, 'D_high': 1817.0401889219124, 'fire_exp': 1.2060040899560858, 'P_half': 1265.0580856641704, 'pre_dampen_half': 2.736251365128462, 'gpp_af': 0.41874665092828456, 'gpp_b': 1.4540386644083135e-05, 'gpp_d': 1.4397852866783676, 'ign_k': 0.17320535908244444, 'ign_c': 0.4177928311636542, 'trop_agb_crit': 12.9667438075127, 'trop_k_veg': 5.636143940068465, 'fire_amp': 2.7806853670293616}.
[I 2026-06-10 22:31:25,290] Trial 370 finished with values: [10.784005270546444, 10.784005270546444] and parameters: {'k1': 0.0009898117700885534, 'D_low': 43.2326421037033, 'k2': 3.152468275632564e-05, 'D_high': 20103.283734409175, 'fire_exp': 1.7792742686803427, 'P_half': 157.80309954142965, 'pre_dampen_half': 37.40930273158252, 'gpp_af': 0.004409093791567215, 'gpp_b': 1.1008110571039521e-05, 'gpp_d': 594.7389794988394, 'ign_k': 0.9419612235978201, 'ign_c': 0.10435856341129002, 'trop_agb_crit': 8.0091368834625, 'trop_k_veg': 0.7808079158649266, 'fire_amp': 5.416595007374148}.
[I 2026-06-10 22:31:26,836] Trial 371 finished with values: [10.673658803991419, 10.673658803991419] and parameters: {'k1': 0.0869690639641868, 'D_low': 12.105387404469584, 'k2': 1.1417577140741129e-05, 'D_high': 1266.9536563782303, 'fire_exp': 1.0601964743503993, 'P_half': 1265.0580856641704, 'pre_dampen_half': 9.044346216330972, 'gpp_af': 0.41874665092828456, 'gpp_b': 5.0875243087016374e-05, 'gpp_d': 46.010874324515754, 'ign_k': 0.17320535908244444, 'ign_c': 29.690870944846793, 'trop_agb_crit': 3.1419938725278875, 'trop_k_veg': 4.796046723963646, 'fire_amp': 2.6192385880432525}.
[I 2026-06-10 22:31:28,210] Trial 372 finished with values: [10.648926846882471, 10.648926846882471] and parameters: {'k1': 0.0032360993995751053, 'D_low': 12.105387404469584, 'k2': 0.02065142557895925, 'D_high': 48235.58283024493, 'fire_exp': 1.111738490499784, 'P_half': 1265.0580856641704, 'pre_dampen_half': 1.8469033699850426, 'gpp_af': 0.41874665092828456, 'gpp_b': 0.16397960021659272, 'gpp_d': 6.284104775086881, 'ign_k': 0.17320535908244444, 'ign_c': 0.4177928311636542, 'trop_agb_crit': 1.8023542850487386, 'trop_k_veg': 4.796046723963646, 'fire_amp': 5.831305332032283}.
[I 2026-06-10 22:31:29,585] Trial 373 finished with values: [10.379332954688627, 10.379332954688627] and parameters: {'k1': 0.00026539376439360527, 'D_low': 2396.0796124300746, 'k2': 0.003767022142229395, 'D_high': 29.126651668813768, 'fire_exp': 1.111738490499784, 'P_half': 5.4712187293420325, 'pre_dampen_half': 121.93011993958949, 'gpp_af': 27.78052183438328, 'gpp_b': 0.006999112505425414, 'gpp_d': 47.35384181058586, 'ign_k': 0.371259104528773, 'ign_c': 0.7619822175388142, 'trop_agb_crit': 1.0693376406863295, 'trop_k_veg': 2.520089655463604, 'fire_amp': 4.19233232783727}.
[I 2026-06-10 22:31:31,052] Trial 374 finished with values: [10.206085558131528, 10.206085558131528] and parameters: {'k1': 0.0004846497679219079, 'D_low': 12.105387404469584, 'k2': 0.003767022142229395, 'D_high': 69868.4759244566, 'fire_exp': 1.0601964743503993, 'P_half': 45.55085098454082, 'pre_dampen_half': 2.736251365128462, 'gpp_af': 29.700320404259642, 'gpp_b': 0.010307896803108956, 'gpp_d': 0.12878367369717508, 'ign_k': 0.0010941664389997358, 'ign_c': 99.96359851911319, 'trop_agb_crit': 12.9667438075127, 'trop_k_veg': 0.6673124511410327, 'fire_amp': 4.19233232783727}.
[I 2026-06-10 22:31:32,650] Trial 375 finished with values: [11.020477768405506, 11.020477768405506] and parameters: {'k1': 0.006079905434073396, 'D_low': 171.2446447678494, 'k2': 0.0004976087827261435, 'D_high': 42210.21267871043, 'fire_exp': 1.2918065501148304, 'P_half': 70.91190338709636, 'pre_dampen_half': 269.0845367054866, 'gpp_af': 0.8057329182285734, 'gpp_b': 0.00012118589392553798, 'gpp_d': 0.03927259340973166, 'ign_k': 0.13500744867919376, 'ign_c': 3.4321391362415827, 'trop_agb_crit': 12.647327018493208, 'trop_k_veg': 4.0068236274914755, 'fire_amp': 1.032981306188127}.
