[I 2026-08-20 01:00:54,779] Trial 1983 finished with value: 0.4478109538018302 and parameters: {'k1': 0.005775380436649327, 'D_low': 14.47181722006175, 'k2': 1.738153319864427e-05, 'D_high': 366977.28008616273, 'fire_exp': 2.8544070355342646, 'P_half': 12.526605096774775, 'pre_dampen_half': 34.31582777944632, 'gpp_af': 5.568403476922247, 'gpp_b': 0.014181124530606399, 'gpp_d': 17.528463875679645, 'ign_k': 4.135841156653046, 'ign_c': 11.16696842200048, 'trop_agb_crit': 4.024574769005674, 'trop_k_veg': 0.6677882889715704}. Best is trial 1285 with value: -0.6015874360929447.
[I 2026-08-20 01:00:56,232] Trial 1984 finished with value: 0.6445374145881376 and parameters: {'k1': 0.0001783382145235378, 'D_low': 55.195535784212765, 'k2': 0.00027302140043190175, 'D_high': 144000.8954257498, 'fire_exp': 1.5352208989794145, 'P_half': 14.313697202946255, 'pre_dampen_half': 0.2926108780105087, 'gpp_af': 0.0015506157142251204, 'gpp_b': 1.27906648037263e-05, 'gpp_d': 3.0128859854815477, 'ign_k': 2.527525561955137, 'ign_c': 58.74164866507741, 'trop_agb_crit': 3.011680221787807, 'trop_k_veg': 7.809497777602051}. Best is trial 1285 with value: -0.6015874360929447.
[I 2026-08-20 01:00:57,603] Trial 1985 finished with value: 0.6176103210877388 and parameters: {'k1': 0.0023524121245347526, 'D_low': 2.258824049471024, 'k2': 0.00010282875467183907, 'D_high': 31.17276364881814, 'fire_exp': 1.2108813807199823, 'P_half': 26.861748619337277, 'pre_dampen_half': 108.80809628101306, 'gpp_af': 0.001788145429917632, 'gpp_b': 1.044862045928979, 'gpp_d': 37.75684510761016, 'ign_k': 0.01367084343611201, 'ign_c': 8.876125154243384, 'trop_agb_crit': 13.09646863049299, 'trop_k_veg': 1.0260381506244474}. Best is trial 1285 with value: -0.6015874360929447.
[I 2026-08-20 01:00:59,011] Trial 1986 finished with value: -0.582119695165383 and parameters: {'k1': 0.019166759958347785, 'D_low': 11.511078380120475, 'k2': 0.03940447028236275, 'D_high': 1485149.1495684544, 'fire_exp': 1.6921298513343577, 'P_half': 1.754940400096125, 'pre_dampen_half': 1.3886294294495836, 'gpp_af': 8.730973690293872, 'gpp_b': 0.12975902208966425, 'gpp_d': 217.8717060938082, 'ign_k': 1.1285878662136823, 'ign_c': 0.5209290794952355, 'trop_agb_crit': 16.80309346192151, 'trop_k_veg': 1.5177348395972639}. Best is trial 1285 with value: -0.6015874360929447.
[I 2026-08-20 01:01:00,385] Trial 1987 finished with value: 0.4483700163376081 and parameters: {'k1': 0.025157979244753253, 'D_low': 8.329272051300798, 'k2': 0.09181271735706056, 'D_high': 8006480.434094931, 'fire_exp': 1.1486538788687517, 'P_half': 1.5795971857792683, 'pre_dampen_half': 13.340900908040894, 'gpp_af': 58.458733351510546, 'gpp_b': 2.232785588537943, 'gpp_d': 551.8749563778891, 'ign_k': 0.33773206387976956, 'ign_c': 0.23637556049739591, 'trop_agb_crit': 20.25274006847196, 'trop_k_veg': 4.480161572377184}. Best is trial 1285 with value: -0.6015874360929447.
[I 2026-08-20 01:01:01,817] Trial 1988 finished with value: 0.6199042374914857 and parameters: {'k1': 0.0011509033030169243, 'D_low': 6.759410648442465, 'k2': 7.561776290691088e-05, 'D_high': 4941267.569121652, 'fire_exp': 8.586447885167656, 'P_half': 710.5516419837154, 'pre_dampen_half': 720.8293567656658, 'gpp_af': 0.5501876314224634, 'gpp_b': 0.1244808488106058, 'gpp_d': 0.41701581076854427, 'ign_k': 3.8761010906313644, 'ign_c': 7.442242076519376, 'trop_agb_crit': 2.5063284368716485, 'trop_k_veg': 2.420535575021006}. Best is trial 1285 with value: -0.6015874360929447.
[I 2026-08-20 01:01:03,241] Trial 1989 finished with value: 0.4656971389862872 and parameters: {'k1': 0.01369876369647629, 'D_low': 19.0943244545607, 'k2': 0.08395641746291152, 'D_high': 460144.7336060448, 'fire_exp': 2.6554180446572975, 'P_half': 2.6934041465357015, 'pre_dampen_half': 2.746633440104235, 'gpp_af': 1.255006971209336, 'gpp_b': 0.18186358943413275, 'gpp_d': 224.64488395636042, 'ign_k': 0.32147622892815236, 'ign_c': 2.172220373827787, 'trop_agb_crit': 11.533128562961206, 'trop_k_veg': 1.0347196660571492}. Best is trial 1285 with value: -0.6015874360929447.
[I 2026-08-20 01:01:04,632] Trial 1990 finished with value: 0.6445374145881376 and parameters: {'k1': 0.00027131165835150465, 'D_low': 199.95231867209142, 'k2': 2.7727500103238807e-05, 'D_high': 6575275.543035774, 'fire_exp': 3.9319010393449187, 'P_half': 1486.4388700013708, 'pre_dampen_half': 511.0487162058955, 'gpp_af': 0.23832503726384402, 'gpp_b': 0.0006124284252238932, 'gpp_d': 71.21705582596674, 'ign_k': 4.505450579969775, 'ign_c': 176.41421116493424, 'trop_agb_crit': 7.136073612170602, 'trop_k_veg': 3.2003428530086047}. Best is trial 1285 with value: -0.6015874360929447.
[I 2026-08-20 01:01:06,529] Trial 1991 finished with value: 0.5994022561483726 and parameters: {'k1': 0.009043382985288381, 'D_low': 195.38500977542824, 'k2': 0.062037471496200765, 'D_high': 3394730.6480704793, 'fire_exp': 1.2192328619056083, 'P_half': 1.1133022755050626, 'pre_dampen_half': 7.267094539234505, 'gpp_af': 0.24550239995022147, 'gpp_b': 2.8780498984108243, 'gpp_d': 268.89427840414913, 'ign_k': 0.9304872969484774, 'ign_c': 0.22658742042002844, 'trop_agb_crit': 11.62171493484743, 'trop_k_veg': 1.1295304876035308}. Best is trial 1285 with value: -0.6015874360929447.
[I 2026-08-20 01:01:07,939] Trial 1992 finished with value: 0.5770876761292915 and parameters: {'k1': 0.0012530643301406769, 'D_low': 25.358575244824973, 'k2': 3.441358102281703e-05, 'D_high': 165423.95648819784, 'fire_exp': 4.673164897169307, 'P_half': 274.73415847366226, 'pre_dampen_half': 27.818394662841374, 'gpp_af': 0.04557672606700974, 'gpp_b': 0.007012036054351043, 'gpp_d': 0.21727639233308335, 'ign_k': 7.764206768908648, 'ign_c': 9.016326381026248, 'trop_agb_crit': 11.009188272201362, 'trop_k_veg': 3.6528527070706676}. Best is trial 1285 with value: -0.6015874360929447.
[I 2026-08-20 01:01:09,374] Trial 1993 finished with value: 0.6030731616463882 and parameters: {'k1': 0.00530261487176179, 'D_low': 17.891587142150282, 'k2': 4.5222842069236654e-05, 'D_high': 2063701.5855182928, 'fire_exp': 6.700373453065645, 'P_half': 2199.5765679552255, 'pre_dampen_half': 209.40300109758627, 'gpp_af': 0.06004289953720264, 'gpp_b': 4.133747710417337e-05, 'gpp_d': 0.7363064045792745, 'ign_k': 2.490122606477797, 'ign_c': 17.794512563321977, 'trop_agb_crit': 12.987188373884592, 'trop_k_veg': 3.7009554241578884}. Best is trial 1285 with value: -0.6015874360929447.
[I 2026-08-20 01:01:10,801] Trial 1994 finished with value: 0.6034451843387382 and parameters: {'k1': 0.027506126091079566, 'D_low': 114.48046191908122, 'k2': 0.00011305280510675252, 'D_high': 3660132.494189039, 'fire_exp': 8.359292999293132, 'P_half': 423.17697377393694, 'pre_dampen_half': 244.78387064421614, 'gpp_af': 0.47875885787705474, 'gpp_b': 0.0014679361245311933, 'gpp_d': 2.167099821317489, 'ign_k': 1.7406249511880563, 'ign_c': 7.9561998485153085, 'trop_agb_crit': 4.4915596213676725, 'trop_k_veg': 1.9062519974957794}. Best is trial 1285 with value: -0.6015874360929447.
[I 2026-08-20 01:01:12,204] Trial 1995 finished with value: 0.4114863734680092 and parameters: {'k1': 0.009630554900877405, 'D_low': 3.249375488323293, 'k2': 0.005285497971780883, 'D_high': 409452.1525017218, 'fire_exp': 1.2854974624754136, 'P_half': 38.126478318445685, 'pre_dampen_half': 2.2973732349264044, 'gpp_af': 6.098619136831784, 'gpp_b': 0.01592384990803643, 'gpp_d': 146.02779805601116, 'ign_k': 2.6305619752153957, 'ign_c': 0.16165482944143128, 'trop_agb_crit': 20.063297540294414, 'trop_k_veg': 1.0407205700884805}. Best is trial 1285 with value: -0.6015874360929447.
[I 2026-08-20 01:01:13,577] Trial 1996 finished with value: 0.44806354554102434 and parameters: {'k1': 0.0019310550165312441, 'D_low': 2.5697979151910344, 'k2': 0.033280740330803756, 'D_high': 7708428.281302779, 'fire_exp': 1.1078928522122165, 'P_half': 1.76776522317671, 'pre_dampen_half': 9.697295620474796, 'gpp_af': 3.3174856146142724, 'gpp_b': 0.03275109632659222, 'gpp_d': 127.5725305152554, 'ign_k': 3.760304362266371, 'ign_c': 3.1978736352055193, 'trop_agb_crit': 10.416150862949886, 'trop_k_veg': 2.5147194754916473}. Best is trial 1285 with value: -0.6015874360929447.
[I 2026-08-20 01:01:14,962] Trial 1997 finished with value: 0.5714773222745364 and parameters: {'k1': 0.07828869536912353, 'D_low': 4.060718922265062, 'k2': 0.03386706346194099, 'D_high': 1367130.8786638181, 'fire_exp': 2.7049779981877955, 'P_half': 1.7022274304366056, 'pre_dampen_half': 1.335465201317152, 'gpp_af': 0.47375403496078333, 'gpp_b': 0.3981126114954838, 'gpp_d': 731.3736578377734, 'ign_k': 6.2790850794358954, 'ign_c': 0.23533904293595573, 'trop_agb_crit': 12.215664754781958, 'trop_k_veg': 1.0221498640815976}. Best is trial 1285 with value: -0.6015874360929447.
[I 2026-08-20 01:01:16,357] Trial 1998 finished with value: 0.5003118638904145 and parameters: {'k1': 0.07335233375969906, 'D_low': 37.38059679485333, 'k2': 0.016882637344331784, 'D_high': 3114791.629027383, 'fire_exp': 1.352287046362619, 'P_half': 54.88700347005819, 'pre_dampen_half': 0.04883741698253961, 'gpp_af': 0.5639756484576406, 'gpp_b': 0.0013450023267339726, 'gpp_d': 861.6609164953732, 'ign_k': 0.3597684120749341, 'ign_c': 0.46494571832095904, 'trop_agb_crit': 10.348403526899354, 'trop_k_veg': 0.9422606364915055}. Best is trial 1285 with value: -0.6015874360929447.
[I 2026-08-20 01:01:17,785] Trial 1999 finished with value: 0.42922360158359507 and parameters: {'k1': 0.006578137436000276, 'D_low': 26.748764121817956, 'k2': 0.03492289869552339, 'D_high': 712390.5769862044, 'fire_exp': 2.4860954453777246, 'P_half': 2.9347035093620493, 'pre_dampen_half': 11.137463559749195, 'gpp_af': 23.084348366054087, 'gpp_b': 0.07211572540129524, 'gpp_d': 663.2859035595513, 'ign_k': 7.335490529667564, 'ign_c': 1.6182582454379137, 'trop_agb_crit': 17.86327414889416, 'trop_k_veg': 2.043139834750125}. Best is trial 1285 with value: -0.6015874360929447.
[I 2026-08-20 01:01:19,169] Trial 2000 finished with value: 0.46706061746181127 and parameters: {'k1': 0.003728237996243674, 'D_low': 5.016564860594248, 'k2': 2.817683585836918e-05, 'D_high': 259377.1460497013, 'fire_exp': 4.837757015439612, 'P_half': 8.182429502867604, 'pre_dampen_half': 701.6123581816306, 'gpp_af': 27.057081666261727, 'gpp_b': 0.15186796382847695, 'gpp_d': 92.45044605808965, 'ign_k': 0.3205971415027617, 'ign_c': 1.5588819238310778, 'trop_agb_crit': 15.06029347361445, 'trop_k_veg': 1.3001216006969631}. Best is trial 1285 with value: -0.6015874360929447.
[I 2026-08-20 01:01:20,568] Trial 2001 finished with value: 0.6366780959021113 and parameters: {'k1': 0.0063096503305309784, 'D_low': 524.4430180043204, 'k2': 0.08557786375608577, 'D_high': 56.74928830759952, 'fire_exp': 1.3956094514533657, 'P_half': 2385.501171739123, 'pre_dampen_half': 0.16799055476963512, 'gpp_af': 2.0282963091909885, 'gpp_b': 0.027634669179020986, 'gpp_d': 1.331584590541307, 'ign_k': 0.029512800735379253, 'ign_c': 1.2527873179508966, 'trop_agb_crit': 5.2559483350752245, 'trop_k_veg': 3.802088154121918}. Best is trial 1285 with value: -0.6015874360929447.
[I 2026-08-20 01:01:21,990] Trial 2002 finished with value: 0.5133286793645663 and parameters: {'k1': 0.00017288915333791218, 'D_low': 254.64307780274098, 'k2': 5.9587534151666655e-05, 'D_high': 82774.23340370799, 'fire_exp': 5.602148099649328, 'P_half': 14.920610255024759, 'pre_dampen_half': 619.651252120036, 'gpp_af': 0.3176917580148488, 'gpp_b': 0.00012497406885738176, 'gpp_d': 617.5431195478093, 'ign_k': 2.7027631516981696, 'ign_c': 6.709013796222937, 'trop_agb_crit': 1.5402842613988532, 'trop_k_veg': 0.983963396858901}. Best is trial 1285 with value: -0.6015874360929447.
[I 2026-08-20 01:01:23,387] Trial 2003 finished with value: 0.5905033595250849 and parameters: {'k1': 0.008367989738975071, 'D_low': 6.916713319933466, 'k2': 0.0002840515623351602, 'D_high': 1342142.2782290603, 'fire_exp': 5.104234020742169, 'P_half': 5876.843759594408, 'pre_dampen_half': 17.630471186428213, 'gpp_af': 0.16135798947361804, 'gpp_b': 0.000906148651963104, 'gpp_d': 52.22854941035021, 'ign_k': 8.646434982148307, 'ign_c': 10.551273643025214, 'trop_agb_crit': 3.585529202414344, 'trop_k_veg': 3.701650289157689}. Best is trial 1285 with value: -0.6015874360929447.
[I 2026-08-20 01:01:24,800] Trial 2004 finished with value: 0.6445374145881376 and parameters: {'k1': 0.011823626162438396, 'D_low': 229.5039524354727, 'k2': 0.0009599018102334978, 'D_high': 239825.05107491437, 'fire_exp': 4.832822547529174, 'P_half': 207.9221604291149, 'pre_dampen_half': 596.6320213422841, 'gpp_af': 0.6879492040540182, 'gpp_b': 0.00596464542991533, 'gpp_d': 14.309682597977634, 'ign_k': 4.782483087732477, 'ign_c': 41.600778557744725, 'trop_agb_crit': 7.107499241590932, 'trop_k_veg': 7.736811202014392}. Best is trial 1285 with value: -0.6015874360929447.
[I 2026-08-20 01:01:26,212] Trial 2005 finished with value: 0.64446701160192 and parameters: {'k1': 0.02250238373761322, 'D_low': 1.0290234707683676, 'k2': 0.04963009357909438, 'D_high': 49.75384549289886, 'fire_exp': 3.583863268919483, 'P_half': 461.56369567047807, 'pre_dampen_half': 0.01789977660372734, 'gpp_af': 3.6717289788599716, 'gpp_b': 2.025219535768952e-05, 'gpp_d': 937.6278703582674, 'ign_k': 0.3336925551000055, 'ign_c': 1.0647806786797678, 'trop_agb_crit': 1.7430858604520372, 'trop_k_veg': 0.5530549195331139}. Best is trial 1285 with value: -0.6015874360929447.
[I 2026-08-20 01:01:28,061] Trial 2006 finished with value: 0.5109118897186955 and parameters: {'k1': 0.008909162612109424, 'D_low': 1926.8429285548427, 'k2': 0.042928176344953085, 'D_high': 8452156.059929455, 'fire_exp': 2.4086643113659494, 'P_half': 1.4298650154219696, 'pre_dampen_half': 0.17700180985453773, 'gpp_af': 9.52857130197146, 'gpp_b': 0.19593918098780017, 'gpp_d': 935.8886138067791, 'ign_k': 1.7382532318182227, 'ign_c': 0.5002465865219945, 'trop_agb_crit': 26.816489847619696, 'trop_k_veg': 2.6107220975320753}. Best is trial 1285 with value: -0.6015874360929447.
[I 2026-08-20 01:01:29,454] Trial 2007 finished with value: 0.5818726619585552 and parameters: {'k1': 0.04301175540970699, 'D_low': 105.62456620398692, 'k2': 0.00015801286719938, 'D_high': 4938583.354372071, 'fire_exp': 3.094714563900283, 'P_half': 2779.8698965759813, 'pre_dampen_half': 288.56250016765796, 'gpp_af': 1.415790730991443, 'gpp_b': 1.0079416325322173e-05, 'gpp_d': 112.30130291987616, 'ign_k': 5.341462251635093, 'ign_c': 0.8249246987728834, 'trop_agb_crit': 4.340796664388148, 'trop_k_veg': 3.455307479902053}. Best is trial 1285 with value: -0.6015874360929447.
[I 2026-08-20 01:01:30,834] Trial 2008 finished with value: -0.5328514427210889 and parameters: {'k1': 0.002496030365726781, 'D_low': 7.765169090221834, 'k2': 3.422048564702902e-05, 'D_high': 3352030.1281815516, 'fire_exp': 3.682473521128151, 'P_half': 285.01156170943693, 'pre_dampen_half': 239.4048663205686, 'gpp_af': 0.9358277145020025, 'gpp_b': 0.000603065684841187, 'gpp_d': 5.580419230580636, 'ign_k': 4.583219681514003, 'ign_c': 1.282085448677116, 'trop_agb_crit': 9.891419857014053, 'trop_k_veg': 5.962796075290085}. Best is trial 1285 with value: -0.6015874360929447.
[I 2026-08-20 01:01:32,188] Trial 2009 finished with value: -0.5378190027794628 and parameters: {'k1': 0.006682147139854463, 'D_low': 28.583820729049396, 'k2': 0.018036995580183166, 'D_high': 1081072.9525963783, 'fire_exp': 1.5749949022703196, 'P_half': 9.918653719294051, 'pre_dampen_half': 0.3898253334414666, 'gpp_af': 82.11995621099554, 'gpp_b': 0.000947051598219112, 'gpp_d': 63.48735069640471, 'ign_k': 0.5444844213428423, 'ign_c': 1.4299013041560884, 'trop_agb_crit': 15.770897716331662, 'trop_k_veg': 1.8260645118295906}. Best is trial 1285 with value: -0.6015874360929447.
[I 2026-08-20 01:01:33,606] Trial 2010 finished with value: 0.48874366033100625 and parameters: {'k1': 0.06027121929075075, 'D_low': 2.355025037775921, 'k2': 0.018174443709246074, 'D_high': 32933.89867302686, 'fire_exp': 1.1798652689537463, 'P_half': 1.190729405622542, 'pre_dampen_half': 13.874100593369043, 'gpp_af': 18.571120288070286, 'gpp_b': 0.6579774042213188, 'gpp_d': 16.60856115008818, 'ign_k': 3.076639625394962, 'ign_c': 2.0894319553117295, 'trop_agb_crit': 8.002891496940332, 'trop_k_veg': 1.241413553588828}. Best is trial 1285 with value: -0.6015874360929447.
[I 2026-08-20 01:01:35,011] Trial 2011 finished with value: 0.5052721149331859 and parameters: {'k1': 0.04102172957152306, 'D_low': 16.788867395727436, 'k2': 0.06993564757491173, 'D_high': 1726431.3236256978, 'fire_exp': 1.8849154219422142, 'P_half': 213.30001465884004, 'pre_dampen_half': 0.7253799225808594, 'gpp_af': 32.748618785835625, 'gpp_b': 0.0352108442182549, 'gpp_d': 60.85946843372684, 'ign_k': 1.0822555059477041, 'ign_c': 14.120473511633454, 'trop_agb_crit': 27.747807273603396, 'trop_k_veg': 1.1630770558504349}. Best is trial 1285 with value: -0.6015874360929447.
[I 2026-08-20 01:01:36,443] Trial 2012 finished with value: 0.49106799693345415 and parameters: {'k1': 0.00040894581927454504, 'D_low': 5.739320945755528, 'k2': 0.0005015066761599632, 'D_high': 2835663.383567673, 'fire_exp': 5.444860897858612, 'P_half': 286.1917378223367, 'pre_dampen_half': 468.66586705923265, 'gpp_af': 0.0773208846216278, 'gpp_b': 0.00021433993528907546, 'gpp_d': 128.13569982173112, 'ign_k': 5.571664465839905, 'ign_c': 21.008757333108612, 'trop_agb_crit': 9.220234021695454, 'trop_k_veg': 7.36426360289736}. Best is trial 1285 with value: -0.6015874360929447.
[I 2026-08-20 01:01:37,925] Trial 2013 finished with value: 0.6385623101751846 and parameters: {'k1': 2.4930436987707003e-05, 'D_low': 353908.277190457, 'k2': 0.013727954939302851, 'D_high': 9956248.863430914, 'fire_exp': 5.981208194436561, 'P_half': 1.0850167264720674, 'pre_dampen_half': 1.0826046616754046, 'gpp_af': 16.203166573962996, 'gpp_b': 4.634299903026464e-05, 'gpp_d': 2.063268494281776, 'ign_k': 0.325412356887019, 'ign_c': 12.16373410935513, 'trop_agb_crit': 7.092488331908381, 'trop_k_veg': 1.5251201611412877}. Best is trial 1285 with value: -0.6015874360929447.
[I 2026-08-20 01:01:39,331] Trial 2014 finished with value: 0.61134246014359 and parameters: {'k1': 0.00023103884780093122, 'D_low': 27.272168976160003, 'k2': 0.001290861839119325, 'D_high': 8121467.337104065, 'fire_exp': 5.8485913282257584, 'P_half': 354.4404070208888, 'pre_dampen_half': 858.4744527083348, 'gpp_af': 0.2771504700780069, 'gpp_b': 0.00043683594772864995, 'gpp_d': 0.20144879826651566, 'ign_k': 4.754113516264791, 'ign_c': 13.967363386266543, 'trop_agb_crit': 4.5221918612301115, 'trop_k_veg': 6.453636854943245}. Best is trial 1285 with value: -0.6015874360929447.
[I 2026-08-20 01:01:40,715] Trial 2015 finished with value: 0.5721515480617039 and parameters: {'k1': 0.0025634735392868102, 'D_low': 17.1997999828019, 'k2': 0.04722184054774731, 'D_high': 1821301.6724416097, 'fire_exp': 1.6065687436574103, 'P_half': 1.0949004813261127, 'pre_dampen_half': 0.04686630678724523, 'gpp_af': 4.41634040682921, 'gpp_b': 3.6358226101429025, 'gpp_d': 716.986033558411, 'ign_k': 0.3339208238846891, 'ign_c': 3.3527892248298055, 'trop_agb_crit': 19.32569682055948, 'trop_k_veg': 1.1481224317688639}. Best is trial 1285 with value: -0.6015874360929447.
[I 2026-08-20 01:01:42,098] Trial 2016 finished with value: 0.412592555028356 and parameters: {'k1': 0.012088663472112769, 'D_low': 2679.772471736072, 'k2': 0.0013568072569739142, 'D_high': 363837.33009464876, 'fire_exp': 1.2167085047760446, 'P_half': 4.655052062307427, 'pre_dampen_half': 1.9241368779488177, 'gpp_af': 3.1253777145114294, 'gpp_b': 0.015649914433177852, 'gpp_d': 286.6586114954043, 'ign_k': 0.15171153046781408, 'ign_c': 0.364411248168827, 'trop_agb_crit': 23.94377156867326, 'trop_k_veg': 1.433155325135289}. Best is trial 1285 with value: -0.6015874360929447.
[I 2026-08-20 01:01:43,535] Trial 2017 finished with value: 0.41246785485406334 and parameters: {'k1': 0.002807768603990483, 'D_low': 2.379813300286514, 'k2': 0.01424811827584993, 'D_high': 368876.8485442515, 'fire_exp': 1.7345181498812687, 'P_half': 2.176376833301103, 'pre_dampen_half': 2.4658699862541003, 'gpp_af': 0.5544231300225176, 'gpp_b': 0.0077967862558551895, 'gpp_d': 929.4532873885967, 'ign_k': 4.026939046557534, 'ign_c': 0.8762400672648398, 'trop_agb_crit': 25.1208133635502, 'trop_k_veg': 1.078372583485988}. Best is trial 1285 with value: -0.6015874360929447.
[I 2026-08-20 01:01:44,909] Trial 2018 finished with value: 0.5221769939140274 and parameters: {'k1': 0.013231624654411255, 'D_low': 45.66351118756041, 'k2': 0.0003876112833065432, 'D_high': 250438.0254140014, 'fire_exp': 3.635919518951522, 'P_half': 779.751384561179, 'pre_dampen_half': 914.7416677614984, 'gpp_af': 0.29647446963792284, 'gpp_b': 0.0004971681272251045, 'gpp_d': 30.74889630793615, 'ign_k': 1.0112704826875951, 'ign_c': 2.4376702092785063, 'trop_agb_crit': 8.251613601035457, 'trop_k_veg': 3.4714800467838027}. Best is trial 1285 with value: -0.6015874360929447.
[I 2026-08-20 01:01:46,334] Trial 2019 finished with value: 0.6166639554978766 and parameters: {'k1': 0.008159351245172378, 'D_low': 39.78464092547956, 'k2': 0.002408048775486166, 'D_high': 265485.99182851653, 'fire_exp': 4.457240182524123, 'P_half': 334.98720716862175, 'pre_dampen_half': 365.5307382709008, 'gpp_af': 0.010670495515829822, 'gpp_b': 0.0005301044296585397, 'gpp_d': 561.3036357787398, 'ign_k': 0.5470998827765385, 'ign_c': 29.74887264835721, 'trop_agb_crit': 6.939687944219099, 'trop_k_veg': 2.289697960590044}. Best is trial 1285 with value: -0.6015874360929447.
