[I 2026-08-06 08:49:35,932] Trial 273 finished with values: [10.239881179730844, 10.239881179730844] and parameters: {'k1': 0.004312951023617458, 'D_low': 7.46475488144212, 'k2': 1.915468390724633e-05, 'D_high': 8182.111518618414, 'fire_exp': 1.0629462657398439, 'P_half': 220.3445560633069, 'pre_dampen_half': 502.5175192217655, 'gpp_af': 0.7539992074650279, 'gpp_b': 1.284284091405877e-05, 'gpp_d': 16.460426816350523, 'ign_k': 0.0680787482656459, 'ign_c': 18.219343937475102, 'trop_agb_crit': 10.691477813613638, 'trop_k_veg': 1.4584243470991722}.
[I 2026-08-06 08:49:37,771] Trial 274 finished with values: [10.146758533746207, 10.146758533746207] and parameters: {'k1': 0.01889771394135163, 'D_low': 70.18267183720735, 'k2': 1.1065812688893481e-05, 'D_high': 2940.51756322311, 'fire_exp': 1.0601964743503993, 'P_half': 4.213183643253957, 'pre_dampen_half': 107.40052367919465, 'gpp_af': 56.20900787064881, 'gpp_b': 0.0054502936945582505, 'gpp_d': 84.31013932082456, 'ign_k': 8.708806168038567, 'ign_c': 20.03995359361212, 'trop_agb_crit': 7.500118950416987, 'trop_k_veg': 6.9782110227926815}.
[I 2026-08-06 08:49:39,546] Trial 275 finished with values: [10.711703059391873, 10.711703059391873] and parameters: {'k1': 0.004312951023617458, 'D_low': 1397.5908789482219, 'k2': 0.0007047307383115598, 'D_high': 21.947742689197344, 'fire_exp': 1.0362310858538248, 'P_half': 221.2683656611821, 'pre_dampen_half': 502.5175192217655, 'gpp_af': 0.7539992074650279, 'gpp_b': 3.481277316673104e-05, 'gpp_d': 229.41380323183625, 'ign_k': 5.351470428717437, 'ign_c': 0.9580682294110432, 'trop_agb_crit': 1.14876138417489, 'trop_k_veg': 1.4584243470991722}.
[I 2026-08-06 08:49:41,355] Trial 276 finished with values: [10.425535515227864, 10.425535515227864] and parameters: {'k1': 0.004312951023617458, 'D_low': 3.525936800597896, 'k2': 8.923807143379776e-05, 'D_high': 8182.111518618414, 'fire_exp': 1.2611826901294014, 'P_half': 220.3445560633069, 'pre_dampen_half': 502.5175192217655, 'gpp_af': 0.7539992074650279, 'gpp_b': 2.6738182964551835e-05, 'gpp_d': 418.77522137884927, 'ign_k': 0.004144296901136395, 'ign_c': 0.557280750002996, 'trop_agb_crit': 6.119263728555865, 'trop_k_veg': 0.5772603928610088}.
[I 2026-08-06 08:49:43,242] Trial 277 finished with values: [-0.4821646294564387, 0.9300744949531533] and parameters: {'k1': 0.004312951023617458, 'D_low': 40.12413353131991, 'k2': 0.03538758864779238, 'D_high': 61536.58035691648, 'fire_exp': 1.0629462657398439, 'P_half': 1.605843632310088, 'pre_dampen_half': 502.5175192217655, 'gpp_af': 0.6403036652671171, 'gpp_b': 3.481277316673104e-05, 'gpp_d': 229.41380323183625, 'ign_k': 0.0018256829646330853, 'ign_c': 0.9580682294110432, 'trop_agb_crit': 2.9222815721218716, 'trop_k_veg': 0.6743482387129308}.
[I 2026-08-06 08:49:45,094] Trial 278 finished with values: [10.654342599959364, 10.654342599959364] and parameters: {'k1': 0.05778755734457457, 'D_low': 1683.621997588799, 'k2': 0.0007047307383115598, 'D_high': 61536.58035691648, 'fire_exp': 1.0362310858538248, 'P_half': 221.2683656611821, 'pre_dampen_half': 0.2888838362365318, 'gpp_af': 2.6003623362924237, 'gpp_b': 3.43926796010005e-05, 'gpp_d': 0.3934396739328545, 'ign_k': 5.351470428717437, 'ign_c': 3.470490935437501, 'trop_agb_crit': 10.691477813613638, 'trop_k_veg': 1.6081790145072552}.
[I 2026-08-06 08:49:46,887] Trial 279 finished with values: [10.744381793738608, 10.744381793738608] and parameters: {'k1': 0.004312951023617458, 'D_low': 1112.9571947046009, 'k2': 8.923807143379776e-05, 'D_high': 2940.51756322311, 'fire_exp': 2.61565689708108, 'P_half': 221.2683656611821, 'pre_dampen_half': 502.5175192217655, 'gpp_af': 0.7539992074650279, 'gpp_b': 3.481277316673104e-05, 'gpp_d': 150.14555442537656, 'ign_k': 0.0680787482656459, 'ign_c': 0.557280750002996, 'trop_agb_crit': 1.14876138417489, 'trop_k_veg': 1.4584243470991722}.
[I 2026-08-06 08:49:48,807] Trial 280 finished with values: [10.102437642464356, 10.102437642464356] and parameters: {'k1': 0.008471801418819975, 'D_low': 12.105387404469584, 'k2': 0.032845299795769424, 'D_high': 2940.51756322311, 'fire_exp': 1.1430983876313219, 'P_half': 4.213183643253957, 'pre_dampen_half': 107.40052367919465, 'gpp_af': 0.1476584299248268, 'gpp_b': 0.0005752434266899163, 'gpp_d': 1.493264336549928, 'ign_k': 8.708806168038567, 'ign_c': 20.03995359361212, 'trop_agb_crit': 3.5747129226002423, 'trop_k_veg': 0.6673124511410327}.
[I 2026-08-06 08:49:50,658] Trial 281 finished with values: [10.560602364578852, 10.560602364578852] and parameters: {'k1': 0.008471801418819975, 'D_low': 64.39790863101601, 'k2': 0.0012040762895973265, 'D_high': 42.070539502879384, 'fire_exp': 1.423480109671474, 'P_half': 220.3445560633069, 'pre_dampen_half': 502.5175192217655, 'gpp_af': 1.1409619915696267, 'gpp_b': 1.3289448722869181e-05, 'gpp_d': 16.460426816350523, 'ign_k': 2.1368329072358767, 'ign_c': 0.70689749506246, 'trop_agb_crit': 10.965064494899984, 'trop_k_veg': 0.83140195149031}.
[I 2026-08-06 08:49:52,612] Trial 282 finished with values: [10.491762649459385, 10.491762649459385] and parameters: {'k1': 0.008471801418819975, 'D_low': 12.105387404469584, 'k2': 1.1065812688893481e-05, 'D_high': 61536.58035691648, 'fire_exp': 1.423480109671474, 'P_half': 4.213183643253957, 'pre_dampen_half': 3.3841016089580034, 'gpp_af': 1.1409619915696267, 'gpp_b': 1.284284091405877e-05, 'gpp_d': 1.493264336549928, 'ign_k': 5.351470428717437, 'ign_c': 18.219343937475102, 'trop_agb_crit': 10.691477813613638, 'trop_k_veg': 6.45312300188076}.
[I 2026-08-06 08:49:54,569] Trial 283 finished with values: [10.504452424879185, 10.504452424879185] and parameters: {'k1': 0.011966626407443505, 'D_low': 40.52505887227999, 'k2': 0.0007047307383115598, 'D_high': 3712.591045287726, 'fire_exp': 1.695318866910499, 'P_half': 220.3445560633069, 'pre_dampen_half': 63.6685916079943, 'gpp_af': 1.1409619915696267, 'gpp_b': 1.284284091405877e-05, 'gpp_d': 5.1715677287580455, 'ign_k': 0.12329098365270515, 'ign_c': 15.221840161091626, 'trop_agb_crit': 1.8157022975489, 'trop_k_veg': 6.5801322358877785}.
[I 2026-08-06 08:49:56,427] Trial 284 finished with values: [10.559456211301432, 10.559456211301432] and parameters: {'k1': 0.05778755734457457, 'D_low': 1.9977959434035766, 'k2': 0.0007047307383115598, 'D_high': 60107.420288647554, 'fire_exp': 1.0362310858538248, 'P_half': 221.2683656611821, 'pre_dampen_half': 0.029662981696401067, 'gpp_af': 2.6003623362924237, 'gpp_b': 2.6738182964551835e-05, 'gpp_d': 229.41380323183625, 'ign_k': 5.351470428717437, 'ign_c': 3.470490935437501, 'trop_agb_crit': 10.691477813613638, 'trop_k_veg': 1.0923378209074766}.
[I 2026-08-06 08:49:58,264] Trial 285 finished with values: [10.250394544077773, 10.250394544077773] and parameters: {'k1': 0.04669327135003539, 'D_low': 3.525936800597896, 'k2': 0.0007047307383115598, 'D_high': 63233.81951066786, 'fire_exp': 1.423480109671474, 'P_half': 4.213183643253957, 'pre_dampen_half': 502.5175192217655, 'gpp_af': 0.2204465010099918, 'gpp_b': 1.284284091405877e-05, 'gpp_d': 150.14555442537656, 'ign_k': 5.351470428717437, 'ign_c': 0.557280750002996, 'trop_agb_crit': 1.14876138417489, 'trop_k_veg': 0.6673124511410327}.
[I 2026-08-06 08:50:00,085] Trial 286 finished with values: [10.42763697789132, 10.42763697789132] and parameters: {'k1': 0.05778755734457457, 'D_low': 355.00125258511594, 'k2': 0.0007047307383115598, 'D_high': 8182.111518618414, 'fire_exp': 1.0362310858538248, 'P_half': 221.2683656611821, 'pre_dampen_half': 39.827466658711515, 'gpp_af': 0.6403036652671171, 'gpp_b': 1.5385046399532158e-05, 'gpp_d': 229.41380323183625, 'ign_k': 0.010167079878196114, 'ign_c': 7.4063809263110905, 'trop_agb_crit': 10.691477813613638, 'trop_k_veg': 6.45312300188076}.
[I 2026-08-06 08:50:01,906] Trial 287 finished with values: [10.72971742126618, 10.72971742126618] and parameters: {'k1': 0.002155595057104387, 'D_low': 284.21405887320833, 'k2': 0.0007047307383115598, 'D_high': 21.947742689197344, 'fire_exp': 1.423480109671474, 'P_half': 4.213183643253957, 'pre_dampen_half': 3.3841016089580034, 'gpp_af': 1.5386842469144075, 'gpp_b': 1.284284091405877e-05, 'gpp_d': 229.41380323183625, 'ign_k': 0.11619873314872933, 'ign_c': 18.219343937475102, 'trop_agb_crit': 14.948114979829949, 'trop_k_veg': 6.45312300188076}.
[I 2026-08-06 08:50:03,883] Trial 288 finished with values: [10.755060244801173, 10.755060244801173] and parameters: {'k1': 0.03635503353478365, 'D_low': 2.143851363193517, 'k2': 0.0012040762895973265, 'D_high': 2940.51756322311, 'fire_exp': 1.4690410989404576, 'P_half': 9218.802364707573, 'pre_dampen_half': 10.129197956845726, 'gpp_af': 0.10409127568994281, 'gpp_b': 0.0005752434266899163, 'gpp_d': 660.9129108295722, 'ign_k': 8.708806168038567, 'ign_c': 20.03995359361212, 'trop_agb_crit': 3.5747129226002423, 'trop_k_veg': 6.9782110227926815}.
[I 2026-08-06 08:50:05,709] Trial 289 finished with values: [10.460746744970587, 10.460746744970587] and parameters: {'k1': 0.002155595057104387, 'D_low': 8.446694862290624, 'k2': 0.0007047307383115598, 'D_high': 61536.58035691648, 'fire_exp': 1.423480109671474, 'P_half': 221.2683656611821, 'pre_dampen_half': 3.3841016089580034, 'gpp_af': 1.1409619915696267, 'gpp_b': 1.284284091405877e-05, 'gpp_d': 229.41380323183625, 'ign_k': 5.351470428717437, 'ign_c': 18.219343937475102, 'trop_agb_crit': 10.691477813613638, 'trop_k_veg': 6.45312300188076}.
[I 2026-08-06 08:50:07,470] Trial 290 finished with values: [10.51044704561741, 10.51044704561741] and parameters: {'k1': 0.002155595057104387, 'D_low': 355.00125258511594, 'k2': 0.0007047307383115598, 'D_high': 8182.111518618414, 'fire_exp': 1.423480109671474, 'P_half': 5.076307782729897, 'pre_dampen_half': 39.827466658711515, 'gpp_af': 0.6403036652671171, 'gpp_b': 1.284284091405877e-05, 'gpp_d': 5.1715677287580455, 'ign_k': 0.010167079878196114, 'ign_c': 18.219343937475102, 'trop_agb_crit': 1.0903028125370984, 'trop_k_veg': 3.1473758868965476}.
[I 2026-08-06 08:50:09,322] Trial 291 finished with values: [10.281206973543574, 10.281206973543574] and parameters: {'k1': 0.002367935204022389, 'D_low': 64.39790863101601, 'k2': 0.0007047307383115598, 'D_high': 3712.591045287726, 'fire_exp': 1.423480109671474, 'P_half': 220.3445560633069, 'pre_dampen_half': 502.5175192217655, 'gpp_af': 1.1409619915696267, 'gpp_b': 1.284284091405877e-05, 'gpp_d': 16.460426816350523, 'ign_k': 0.07696703458159235, 'ign_c': 4.439802552990464, 'trop_agb_crit': 1.8157022975489, 'trop_k_veg': 3.1473758868965476}.
[I 2026-08-06 08:50:11,618] Trial 292 finished with values: [10.60390736652931, 10.60390736652931] and parameters: {'k1': 0.016780508579130986, 'D_low': 984.098934375832, 'k2': 0.0007047307383115598, 'D_high': 61536.58035691648, 'fire_exp': 1.423480109671474, 'P_half': 221.2683656611821, 'pre_dampen_half': 3.3841016089580034, 'gpp_af': 2.555721998081808, 'gpp_b': 1.284284091405877e-05, 'gpp_d': 54.620376657085984, 'ign_k': 5.351470428717437, 'ign_c': 18.219343937475102, 'trop_agb_crit': 10.691477813613638, 'trop_k_veg': 5.982827017670783}.
[I 2026-08-06 08:50:13,615] Trial 293 finished with values: [10.751684148134883, 10.751684148134883] and parameters: {'k1': 0.011966626407443505, 'D_low': 5.59983195169599, 'k2': 0.03538758864779238, 'D_high': 503.20593472868046, 'fire_exp': 3.936207012318799, 'P_half': 4.213183643253957, 'pre_dampen_half': 10.129197956845726, 'gpp_af': 3.4702669886504163, 'gpp_b': 0.0005392415140872105, 'gpp_d': 1.493264336549928, 'ign_k': 0.12329098365270515, 'ign_c': 11.400863701127316, 'trop_agb_crit': 6.119263728555865, 'trop_k_veg': 0.6673124511410327}.
[I 2026-08-06 08:50:15,606] Trial 294 finished with values: [10.264495730821155, 10.264495730821155] and parameters: {'k1': 0.00488137519160367, 'D_low': 355.00125258511594, 'k2': 0.03538758864779238, 'D_high': 8182.111518618414, 'fire_exp': 1.695318866910499, 'P_half': 5.076307782729897, 'pre_dampen_half': 39.827466658711515, 'gpp_af': 0.6403036652671171, 'gpp_b': 1.5385046399532158e-05, 'gpp_d': 5.1715677287580455, 'ign_k': 5.901020135452, 'ign_c': 0.24989960578908887, 'trop_agb_crit': 1.0903028125370984, 'trop_k_veg': 1.0345878666211452}.
[I 2026-08-06 08:50:17,576] Trial 295 finished with values: [10.735930418655654, 10.735930418655654] and parameters: {'k1': 0.00488137519160367, 'D_low': 1.9977959434035766, 'k2': 1.915468390724633e-05, 'D_high': 61536.58035691648, 'fire_exp': 1.0362310858538248, 'P_half': 338.23872019362165, 'pre_dampen_half': 0.03751320096826995, 'gpp_af': 0.7539992074650279, 'gpp_b': 0.07904599925873733, 'gpp_d': 16.460426816350523, 'ign_k': 0.0680787482656459, 'ign_c': 0.8547476176667198, 'trop_agb_crit': 7.901343398678964, 'trop_k_veg': 6.45312300188076}.
[I 2026-08-06 08:50:19,633] Trial 296 finished with values: [10.739171512334607, 10.739171512334607] and parameters: {'k1': 0.016780508579130986, 'D_low': 7.299348683062307, 'k2': 1.7926680648388784e-05, 'D_high': 1123.9682517242118, 'fire_exp': 1.221575427404682, 'P_half': 140.74279366401683, 'pre_dampen_half': 0.1875872314533727, 'gpp_af': 1.5386842469144075, 'gpp_b': 0.22727308251068193, 'gpp_d': 757.2868182332339, 'ign_k': 0.07696703458159235, 'ign_c': 3.470490935437501, 'trop_agb_crit': 10.691477813613638, 'trop_k_veg': 1.0594599158279707}.
[I 2026-08-06 08:50:21,878] Trial 297 finished with values: [10.634268036845818, 10.634268036845818] and parameters: {'k1': 0.008471801418819975, 'D_low': 12.105387404469584, 'k2': 1.1065812688893481e-05, 'D_high': 2940.51756322311, 'fire_exp': 1.7008648718913113, 'P_half': 221.2683656611821, 'pre_dampen_half': 10.129197956845726, 'gpp_af': 0.1476584299248268, 'gpp_b': 1.3289448722869181e-05, 'gpp_d': 1.493264336549928, 'ign_k': 2.1368329072358767, 'ign_c': 0.9580682294110432, 'trop_agb_crit': 3.5747129226002423, 'trop_k_veg': 0.8157008881455025}.
[I 2026-08-06 08:50:24,028] Trial 298 finished with values: [10.769157057486103, 10.769157057486103] and parameters: {'k1': 0.004312951023617458, 'D_low': 1112.9571947046009, 'k2': 0.012758211164590085, 'D_high': 76.19822175388143, 'fire_exp': 1.221575427404682, 'P_half': 140.74279366401683, 'pre_dampen_half': 0.1875872314533727, 'gpp_af': 2.555721998081808, 'gpp_b': 0.0001314103502608067, 'gpp_d': 150.14555442537656, 'ign_k': 8.708806168038567, 'ign_c': 0.9580682294110432, 'trop_agb_crit': 10.691477813613638, 'trop_k_veg': 1.4584243470991722}.
[I 2026-08-06 08:50:26,149] Trial 299 finished with values: [10.590420883366319, 10.590420883366319] and parameters: {'k1': 0.002155595057104387, 'D_low': 1313.2212275639863, 'k2': 0.0007047307383115598, 'D_high': 3712.591045287726, 'fire_exp': 1.221575427404682, 'P_half': 25.14786015817362, 'pre_dampen_half': 552.4163637315892, 'gpp_af': 0.7539992074650279, 'gpp_b': 1.284284091405877e-05, 'gpp_d': 5.1715677287580455, 'ign_k': 0.010167079878196114, 'ign_c': 2.8335389417624683, 'trop_agb_crit': 24.584290528289387, 'trop_k_veg': 0.586974895308737}.
[I 2026-08-06 08:50:28,149] Trial 300 finished with values: [10.734092988365466, 10.734092988365466] and parameters: {'k1': 2.316457903103837e-05, 'D_low': 1683.621997588799, 'k2': 0.014344484793173472, 'D_high': 1578.0309954142967, 'fire_exp': 1.3170256885255098, 'P_half': 221.2683656611821, 'pre_dampen_half': 0.029662981696401067, 'gpp_af': 5.335773317316405, 'gpp_b': 0.0005739662837359252, 'gpp_d': 2.944272359149677, 'ign_k': 5.351470428717437, 'ign_c': 5.13055176058983, 'trop_agb_crit': 8.997007571451054, 'trop_k_veg': 3.49157152291552}.
[I 2026-08-06 08:50:30,200] Trial 301 finished with values: [10.692061364651424, 10.692061364651424] and parameters: {'k1': 0.00031134168041628584, 'D_low': 1683.621997588799, 'k2': 0.0007047307383115598, 'D_high': 61536.58035691648, 'fire_exp': 1.0362310858538248, 'P_half': 221.2683656611821, 'pre_dampen_half': 0.029662981696401067, 'gpp_af': 2.6003623362924237, 'gpp_b': 0.0054502936945582505, 'gpp_d': 84.31013932082456, 'ign_k': 5.351470428717437, 'ign_c': 3.470490935437501, 'trop_agb_crit': 15.961316409649486, 'trop_k_veg': 0.6673124511410327}.
[I 2026-08-06 08:50:32,268] Trial 302 finished with values: [10.357232251022621, 10.357232251022621] and parameters: {'k1': 0.002155595057104387, 'D_low': 70.18267183720735, 'k2': 0.0012040762895973265, 'D_high': 61536.58035691648, 'fire_exp': 1.0362310858538248, 'P_half': 221.2683656611821, 'pre_dampen_half': 3.3841016089580034, 'gpp_af': 0.10409127568994281, 'gpp_b': 1.284284091405877e-05, 'gpp_d': 229.41380323183625, 'ign_k': 8.708806168038567, 'ign_c': 18.219343937475102, 'trop_agb_crit': 10.691477813613638, 'trop_k_veg': 2.520089655463604}.
[I 2026-08-06 08:50:34,514] Trial 303 finished with values: [10.749820221928534, 10.749820221928534] and parameters: {'k1': 0.01889771394135163, 'D_low': 40.12413353131991, 'k2': 0.0007047307383115598, 'D_high': 25628.666000163565, 'fire_exp': 1.423480109671474, 'P_half': 7523.33707868091, 'pre_dampen_half': 3.3841016089580034, 'gpp_af': 26.237921284430897, 'gpp_b': 1.284284091405877e-05, 'gpp_d': 229.41380323183625, 'ign_k': 8.708806168038567, 'ign_c': 20.03995359361212, 'trop_agb_crit': 10.691477813613638, 'trop_k_veg': 2.520089655463604}.
[I 2026-08-06 08:50:36,481] Trial 304 finished with values: [10.553553513745829, 10.553553513745829] and parameters: {'k1': 0.06994589881535453, 'D_low': 70.18267183720735, 'k2': 1.1065812688893481e-05, 'D_high': 61536.58035691648, 'fire_exp': 1.0601964743503993, 'P_half': 4.213183643253957, 'pre_dampen_half': 0.14126812677903758, 'gpp_af': 43.527268658119496, 'gpp_b': 0.0054502936945582505, 'gpp_d': 84.31013932082456, 'ign_k': 8.708806168038567, 'ign_c': 0.1239046892818203, 'trop_agb_crit': 7.444615346113405, 'trop_k_veg': 6.9782110227926815}.
[I 2026-08-06 08:50:38,589] Trial 305 finished with values: [10.761133630696712, 10.761133630696712] and parameters: {'k1': 0.00488137519160367, 'D_low': 6542.056762893129, 'k2': 0.03538758864779238, 'D_high': 61536.58035691648, 'fire_exp': 1.695318866910499, 'P_half': 5.076307782729897, 'pre_dampen_half': 1.3833139021965035, 'gpp_af': 0.6403036652671171, 'gpp_b': 0.01777482313117792, 'gpp_d': 229.41380323183625, 'ign_k': 5.351470428717437, 'ign_c': 0.24989960578908887, 'trop_agb_crit': 1.0903028125370984, 'trop_k_veg': 1.0345878666211452}.
[I 2026-08-06 08:50:40,662] Trial 306 finished with values: [10.747703674800297, 10.747703674800297] and parameters: {'k1': 0.06994589881535453, 'D_low': 1112.9571947046009, 'k2': 8.923807143379776e-05, 'D_high': 61536.58035691648, 'fire_exp': 9.883433002836895, 'P_half': 4.213183643253957, 'pre_dampen_half': 0.14126812677903758, 'gpp_af': 0.7539992074650279, 'gpp_b': 1.4540386644083135e-05, 'gpp_d': 0.12878367369717508, 'ign_k': 0.0680787482656459, 'ign_c': 0.1239046892818203, 'trop_agb_crit': 10.691477813613638, 'trop_k_veg': 0.6984687829911091}.
[I 2026-08-06 08:50:42,660] Trial 307 finished with values: [10.68130058364556, 10.68130058364556] and parameters: {'k1': 0.004312951023617458, 'D_low': 3.525936800597896, 'k2': 6.069662445477729e-05, 'D_high': 1615.0602315370222, 'fire_exp': 1.0629462657398439, 'P_half': 9.324787201197319, 'pre_dampen_half': 0.2888838362365318, 'gpp_af': 1.9706963379095486, 'gpp_b': 0.0021331409710300844, 'gpp_d': 8.057329182285729, 'ign_k': 0.0680787482656459, 'ign_c': 15.221840161091626, 'trop_agb_crit': 24.584290528289387, 'trop_k_veg': 1.4584243470991722}.
[I 2026-08-06 08:50:44,063] Trial 308 finished with values: [10.134925295981576, 10.134925295981576] and parameters: {'k1': 0.002155595057104387, 'D_low': 1.9977959434035766, 'k2': 8.923807143379776e-05, 'D_high': 61536.58035691648, 'fire_exp': 1.0629462657398439, 'P_half': 221.2683656611821, 'pre_dampen_half': 502.5175192217655, 'gpp_af': 68.11991466118579, 'gpp_b': 3.481277316673104e-05, 'gpp_d': 150.14555442537656, 'ign_k': 0.0049611344501914005, 'ign_c': 18.219343937475102, 'trop_agb_crit': 3.848553322122042, 'trop_k_veg': 1.0594599158279707}.
[I 2026-08-06 08:50:45,331] Trial 309 finished with values: [10.486175298596647, 10.486175298596647] and parameters: {'k1': 0.06994589881535453, 'D_low': 894.5150807271528, 'k2': 0.0007047307383115598, 'D_high': 61536.58035691648, 'fire_exp': 1.423480109671474, 'P_half': 4.213183643253957, 'pre_dampen_half': 3.3841016089580034, 'gpp_af': 1.1409619915696267, 'gpp_b': 1.284284091405877e-05, 'gpp_d': 0.12878367369717508, 'ign_k': 5.351470428717437, 'ign_c': 0.1239046892818203, 'trop_agb_crit': 10.691477813613638, 'trop_k_veg': 0.6984687829911091}.
[I 2026-08-06 08:50:47,456] Trial 310 finished with values: [10.681546694166743, 10.681546694166743] and parameters: {'k1': 0.03635503353478365, 'D_low': 355.00125258511594, 'k2': 0.014344484793173472, 'D_high': 1578.0309954142967, 'fire_exp': 1.3170256885255098, 'P_half': 140.74279366401683, 'pre_dampen_half': 8.594202650742222, 'gpp_af': 0.1476584299248268, 'gpp_b': 0.0005739662837359252, 'gpp_d': 2.944272359149677, 'ign_k': 0.01364908766641695, 'ign_c': 5.13055176058983, 'trop_agb_crit': 3.5747129226002423, 'trop_k_veg': 3.49157152291552}.
[I 2026-08-06 08:50:49,165] Trial 311 finished with values: [10.652328857731346, 10.652328857731346] and parameters: {'k1': 0.011966626407443505, 'D_low': 1078.832206002305, 'k2': 0.0016497426799845453, 'D_high': 61536.58035691648, 'fire_exp': 3.936207012318799, 'P_half': 1.605843632310088, 'pre_dampen_half': 0.14126812677903758, 'gpp_af': 1.9706963379095486, 'gpp_b': 1.4540386644083135e-05, 'gpp_d': 0.12878367369717508, 'ign_k': 5.351470428717437, 'ign_c': 8.40543912931368, 'trop_agb_crit': 7.599113148200974, 'trop_k_veg': 0.6743482387129308}.
