[I 2026-06-10 21:36:19,876] Trial 700 finished with values: [10.677627720367177, 10.677627720367177] and parameters: {'k1': 0.03865036856259725, 'D_low': 1949.4955785090488, 'k2': 0.015109086063191909, 'D_high': 3512.7047262708465, 'fire_exp': 1.2781983515972553, 'P_half': 13.30003421978439, 'pre_dampen_half': 243.70551632385417, 'gpp_af': 0.3002317246575309, 'gpp_b': 0.005419266601560437, 'gpp_d': 229.41380323183625, 'ign_k': 1.1044350847124695, 'ign_c': 0.5655677524618509, 'trop_agb_crit': 10.584071370490857, 'trop_k_veg': 0.6673144260285098, 'fuel_k': 0.9221804185592763, 'fuel_half': 11.781063202742125}.
[I 2026-06-10 21:36:22,336] Trial 701 finished with values: [10.473768140928215, 10.473768140928215] and parameters: {'k1': 0.012840669372724958, 'D_low': 525.4883437268169, 'k2': 3.38921165308947e-05, 'D_high': 3512.7047262708465, 'fire_exp': 1.1103154430776774, 'P_half': 1.6139316358793205, 'pre_dampen_half': 13.472769577631583, 'gpp_af': 0.05511595477601767, 'gpp_b': 1.284284091405877e-05, 'gpp_d': 32.54021513867688, 'ign_k': 1.1044350847124695, 'ign_c': 22.126836566118193, 'trop_agb_crit': 10.691477813613638, 'trop_k_veg': 3.1997247840069356, 'fuel_k': 2.4820276300384636, 'fuel_half': 1.9170041589170652}.
[I 2026-06-10 21:36:24,460] Trial 702 finished with values: [10.571695255507814, 10.571695255507814] and parameters: {'k1': 0.03865036856259725, 'D_low': 323.7668055684038, 'k2': 0.015109086063191909, 'D_high': 3512.7047262708465, 'fire_exp': 8.370611591692153, 'P_half': 93.43302657318476, 'pre_dampen_half': 243.70551632385417, 'gpp_af': 0.3002317246575309, 'gpp_b': 1.284284091405877e-05, 'gpp_d': 229.41380323183625, 'ign_k': 1.1044350847124695, 'ign_c': 0.5655677524618509, 'trop_agb_crit': 10.215415653610627, 'trop_k_veg': 6.45312300188076, 'fuel_k': 0.4182971994460706, 'fuel_half': 11.781063202742125}.
[I 2026-06-10 21:36:26,449] Trial 703 finished with values: [10.531697938695608, 10.531697938695608] and parameters: {'k1': 0.0006579066240690734, 'D_low': 7.857247967427123, 'k2': 0.004708159793250189, 'D_high': 2289.1315306837046, 'fire_exp': 3.0694595803293345, 'P_half': 13.30003421978439, 'pre_dampen_half': 243.70551632385417, 'gpp_af': 0.3002317246575309, 'gpp_b': 0.00011536203425923768, 'gpp_d': 12.6084874067596, 'ign_k': 6.344955605329754, 'ign_c': 0.5655677524618509, 'trop_agb_crit': 9.286923253577127, 'trop_k_veg': 4.7254560805090735, 'fuel_k': 0.4182971994460706, 'fuel_half': 5.752086250639555}.
[I 2026-06-10 21:36:28,431] Trial 704 finished with values: [10.21803305265271, 10.21803305265271] and parameters: {'k1': 0.02228708726011016, 'D_low': 2.4474057445796826, 'k2': 0.0004976087827261435, 'D_high': 3512.7047262708465, 'fire_exp': 1.5191397119156032, 'P_half': 13.30003421978439, 'pre_dampen_half': 13.472769577631583, 'gpp_af': 0.24002253099641147, 'gpp_b': 0.00012118589392553798, 'gpp_d': 32.54021513867688, 'ign_k': 0.038563028138793747, 'ign_c': 0.5655677524618509, 'trop_agb_crit': 5.526463318565575, 'trop_k_veg': 4.129715873342728, 'fuel_k': 4.710433409437072, 'fuel_half': 1.9170041589170652}.
[I 2026-06-10 21:36:30,286] Trial 705 finished with values: [-0.4259337411715383, 0.46976583871504296] and parameters: {'k1': 0.012840669372724958, 'D_low': 40.12413353131991, 'k2': 0.015109086063191909, 'D_high': 3512.7047262708465, 'fire_exp': 1.5191397119156032, 'P_half': 13.30003421978439, 'pre_dampen_half': 243.70551632385417, 'gpp_af': 5.056419398267455, 'gpp_b': 0.00012118589392553798, 'gpp_d': 229.41380323183625, 'ign_k': 0.02741350741975827, 'ign_c': 1.4940577239079738, 'trop_agb_crit': 5.526463318565575, 'trop_k_veg': 2.6851668766261834, 'fuel_k': 0.9221804185592763, 'fuel_half': 11.781063202742125}.
[I 2026-06-10 21:36:32,791] Trial 706 finished with values: [10.302539076669742, 10.302539076669742] and parameters: {'k1': 0.012840669372724958, 'D_low': 40.12413353131991, 'k2': 0.015109086063191909, 'D_high': 11461.440484920231, 'fire_exp': 1.2781983515972553, 'P_half': 221.2683656611821, 'pre_dampen_half': 13.472769577631583, 'gpp_af': 0.3002317246575309, 'gpp_b': 1.284284091405877e-05, 'gpp_d': 229.41380323183625, 'ign_k': 0.02741350741975827, 'ign_c': 1.4940577239079738, 'trop_agb_crit': 19.15805325046976, 'trop_k_veg': 6.45312300188076, 'fuel_k': 2.563645943471902, 'fuel_half': 11.781063202742125}.
[I 2026-06-10 21:36:34,829] Trial 707 finished with values: [-0.32727701300895284, 0.7507476610248107] and parameters: {'k1': 0.012840669372724958, 'D_low': 97.43142535650219, 'k2': 0.002884223471687844, 'D_high': 91246.32886689917, 'fire_exp': 1.2918065501148304, 'P_half': 221.2683656611821, 'pre_dampen_half': 857.6556763881457, 'gpp_af': 5.056419398267455, 'gpp_b': 1.284284091405877e-05, 'gpp_d': 229.41380323183625, 'ign_k': 0.038563028138793747, 'ign_c': 22.126836566118193, 'trop_agb_crit': 5.526463318565575, 'trop_k_veg': 6.45312300188076, 'fuel_k': 4.710433409437072, 'fuel_half': 11.781063202742125}.
[I 2026-06-10 21:36:36,785] Trial 708 finished with values: [10.0797376438179, 10.0797376438179] and parameters: {'k1': 0.03865036856259725, 'D_low': 40.12413353131991, 'k2': 0.0002172578929502367, 'D_high': 2289.1315306837046, 'fire_exp': 1.1103154430776774, 'P_half': 221.2683656611821, 'pre_dampen_half': 857.6556763881457, 'gpp_af': 0.019225729985674112, 'gpp_b': 2.176805640408474e-05, 'gpp_d': 229.41380323183625, 'ign_k': 5.351470428717437, 'ign_c': 22.126836566118193, 'trop_agb_crit': 15.68644624233575, 'trop_k_veg': 1.331829048405031, 'fuel_k': 0.28328975157735103, 'fuel_half': 11.781063202742125}.
[I 2026-06-10 21:36:38,636] Trial 709 finished with values: [10.57555631017842, 10.57555631017842] and parameters: {'k1': 0.014414315663330233, 'D_low': 40.12413353131991, 'k2': 0.015109086063191909, 'D_high': 3512.7047262708465, 'fire_exp': 1.1103154430776774, 'P_half': 221.2683656611821, 'pre_dampen_half': 0.07485022950356932, 'gpp_af': 0.3002317246575309, 'gpp_b': 2.176805640408474e-05, 'gpp_d': 229.41380323183625, 'ign_k': 5.351470428717437, 'ign_c': 10.239159443463295, 'trop_agb_crit': 10.215415653610627, 'trop_k_veg': 6.45312300188076, 'fuel_k': 0.28328975157735103, 'fuel_half': 11.781063202742125}.
[I 2026-06-10 21:36:40,621] Trial 710 finished with values: [10.253548925775132, 10.253548925775132] and parameters: {'k1': 0.0006579066240690734, 'D_low': 323.7668055684038, 'k2': 0.002884223471687844, 'D_high': 3512.7047262708465, 'fire_exp': 1.2918065501148304, 'P_half': 13.30003421978439, 'pre_dampen_half': 857.6556763881457, 'gpp_af': 5.056419398267455, 'gpp_b': 0.005419266601560437, 'gpp_d': 12.6084874067596, 'ign_k': 0.038563028138793747, 'ign_c': 0.5655677524618509, 'trop_agb_crit': 10.215415653610627, 'trop_k_veg': 1.331829048405031, 'fuel_k': 0.4182971994460706, 'fuel_half': 11.781063202742125}.
[I 2026-06-10 21:36:42,912] Trial 711 finished with values: [10.748509195506546, 10.748509195506546] and parameters: {'k1': 0.02228708726011016, 'D_low': 7.857247967427123, 'k2': 0.002173988526401145, 'D_high': 42210.21267871043, 'fire_exp': 1.423480109671474, 'P_half': 102.4585893986732, 'pre_dampen_half': 32.53305539860191, 'gpp_af': 0.053663001820106804, 'gpp_b': 2.176805640408474e-05, 'gpp_d': 14.423399576193098, 'ign_k': 4.591485216740537, 'ign_c': 1.0944963667961967, 'trop_agb_crit': 10.691477813613638, 'trop_k_veg': 4.7254560805090735, 'fuel_k': 4.710433409437072, 'fuel_half': 1.3323297901105768}.
[I 2026-06-10 21:36:44,773] Trial 712 finished with values: [-0.5557390000590879, 0.6040366906461867] and parameters: {'k1': 0.0006533684593224971, 'D_low': 5.351452349843333, 'k2': 0.0003932349508311777, 'D_high': 3512.7047262708465, 'fire_exp': 1.2781983515972553, 'P_half': 1.6139316358793205, 'pre_dampen_half': 565.0116730717873, 'gpp_af': 0.3002317246575309, 'gpp_b': 0.00012118589392553798, 'gpp_d': 6.478643450593011, 'ign_k': 3.965503094323014, 'ign_c': 0.5655677524618509, 'trop_agb_crit': 15.68644624233575, 'trop_k_veg': 4.068940870888415, 'fuel_k': 0.9221804185592763, 'fuel_half': 0.27486660384531114}.
[I 2026-06-10 21:36:46,643] Trial 713 finished with values: [-0.635566192845878, 0.5221695556866767] and parameters: {'k1': 0.014414315663330233, 'D_low': 40.12413353131991, 'k2': 0.002173988526401145, 'D_high': 12124.080603355414, 'fire_exp': 2.330957860276282, 'P_half': 221.2683656611821, 'pre_dampen_half': 857.6556763881457, 'gpp_af': 0.053663001820106804, 'gpp_b': 2.176805640408474e-05, 'gpp_d': 229.41380323183625, 'ign_k': 4.591485216740537, 'ign_c': 1.0944963667961967, 'trop_agb_crit': 10.215415653610627, 'trop_k_veg': 6.45312300188076, 'fuel_k': 0.28328975157735103, 'fuel_half': 1.3323297901105768}.
[I 2026-06-10 21:36:48,575] Trial 714 finished with values: [-0.6493755868425061, 0.5395708494583473] and parameters: {'k1': 0.03865036856259725, 'D_low': 40.12413353131991, 'k2': 0.002884223471687844, 'D_high': 3512.7047262708465, 'fire_exp': 1.2781983515972553, 'P_half': 13.30003421978439, 'pre_dampen_half': 243.70551632385417, 'gpp_af': 5.056419398267455, 'gpp_b': 0.005419266601560437, 'gpp_d': 12.6084874067596, 'ign_k': 1.1044350847124695, 'ign_c': 1.4940577239079738, 'trop_agb_crit': 10.691477813613638, 'trop_k_veg': 0.6673144260285098, 'fuel_k': 0.4182971994460706, 'fuel_half': 11.781063202742125}.
[I 2026-06-10 21:36:50,569] Trial 715 finished with values: [11.089177347417364, 11.089177347417364] and parameters: {'k1': 0.00045102062878998736, 'D_low': 5.351452349843333, 'k2': 0.002884223471687844, 'D_high': 3512.7047262708465, 'fire_exp': 1.1103154430776774, 'P_half': 13.30003421978439, 'pre_dampen_half': 565.0116730717873, 'gpp_af': 0.00219210598059826, 'gpp_b': 1.4284710450172038e-05, 'gpp_d': 32.54021513867688, 'ign_k': 3.965503094323014, 'ign_c': 0.5655677524618509, 'trop_agb_crit': 10.215415653610627, 'trop_k_veg': 4.129715873342728, 'fuel_k': 4.710433409437072, 'fuel_half': 1.9170041589170652}.
[I 2026-06-10 21:36:52,470] Trial 716 finished with values: [10.232733508818654, 10.232733508818654] and parameters: {'k1': 0.03865036856259725, 'D_low': 40.12413353131991, 'k2': 3.472683124638336e-05, 'D_high': 3512.7047262708465, 'fire_exp': 1.2781983515972553, 'P_half': 221.2683656611821, 'pre_dampen_half': 243.70551632385417, 'gpp_af': 5.056419398267455, 'gpp_b': 1.284284091405877e-05, 'gpp_d': 229.41380323183625, 'ign_k': 5.351470428717437, 'ign_c': 22.126836566118193, 'trop_agb_crit': 10.215415653610627, 'trop_k_veg': 6.45312300188076, 'fuel_k': 0.2503625235956924, 'fuel_half': 11.781063202742125}.
[I 2026-06-10 21:36:54,517] Trial 717 finished with values: [10.724884041058598, 10.724884041058598] and parameters: {'k1': 0.012840669372724958, 'D_low': 2.4474057445796826, 'k2': 0.0004976087827261435, 'D_high': 3512.7047262708465, 'fire_exp': 1.5191397119156032, 'P_half': 7119.679541167407, 'pre_dampen_half': 13.472769577631583, 'gpp_af': 0.22965432344634354, 'gpp_b': 0.00012118589392553798, 'gpp_d': 5.593036834117395, 'ign_k': 4.591485216740537, 'ign_c': 1.0944963667961967, 'trop_agb_crit': 10.691477813613638, 'trop_k_veg': 4.129715873342728, 'fuel_k': 4.710433409437072, 'fuel_half': 1.3323297901105768}.
[I 2026-06-10 21:36:56,566] Trial 718 finished with values: [-0.5748800075253221, 0.5118765968693376] and parameters: {'k1': 0.012840669372724958, 'D_low': 5.351452349843333, 'k2': 0.015109086063191909, 'D_high': 3512.7047262708465, 'fire_exp': 1.423480109671474, 'P_half': 13.30003421978439, 'pre_dampen_half': 13.472769577631583, 'gpp_af': 5.056419398267455, 'gpp_b': 0.00012118589392553798, 'gpp_d': 14.423399576193098, 'ign_k': 3.965503094323014, 'ign_c': 1.0944963667961967, 'trop_agb_crit': 10.691477813613638, 'trop_k_veg': 4.129715873342728, 'fuel_k': 0.9221804185592763, 'fuel_half': 0.17108183937377372}.
[I 2026-06-10 21:36:58,431] Trial 719 finished with values: [10.017576209627839, 10.017576209627839] and parameters: {'k1': 0.02228708726011016, 'D_low': 7.857247967427123, 'k2': 0.002884223471687844, 'D_high': 42210.21267871043, 'fire_exp': 1.423480109671474, 'P_half': 221.2683656611821, 'pre_dampen_half': 13.472769577631583, 'gpp_af': 0.22965432344634354, 'gpp_b': 2.176805640408474e-05, 'gpp_d': 14.423399576193098, 'ign_k': 4.591485216740537, 'ign_c': 1.0944963667961967, 'trop_agb_crit': 10.691477813613638, 'trop_k_veg': 4.7254560805090735, 'fuel_k': 4.710433409437072, 'fuel_half': 1.3323297901105768}.
[I 2026-06-10 21:37:00,385] Trial 720 finished with values: [10.013924719694876, 10.013924719694876] and parameters: {'k1': 0.012840669372724958, 'D_low': 36.07301614542843, 'k2': 7.841214856323651e-05, 'D_high': 91246.32886689917, 'fire_exp': 1.1103154430776774, 'P_half': 52.911502562008664, 'pre_dampen_half': 857.6556763881457, 'gpp_af': 0.3002317246575309, 'gpp_b': 1.284284091405877e-05, 'gpp_d': 229.41380323183625, 'ign_k': 0.012868405331151606, 'ign_c': 22.126836566118193, 'trop_agb_crit': 5.526463318565575, 'trop_k_veg': 6.45312300188076, 'fuel_k': 2.563645943471902, 'fuel_half': 11.781063202742125}.
[I 2026-06-10 21:37:02,496] Trial 721 finished with values: [10.18775557735959, 10.18775557735959] and parameters: {'k1': 0.012840669372724958, 'D_low': 40.12413353131991, 'k2': 0.002173988526401145, 'D_high': 3512.7047262708465, 'fire_exp': 1.2781983515972553, 'P_half': 221.2683656611821, 'pre_dampen_half': 857.6556763881457, 'gpp_af': 0.3002317246575309, 'gpp_b': 2.176805640408474e-05, 'gpp_d': 229.41380323183625, 'ign_k': 1.1044350847124695, 'ign_c': 1.4940577239079738, 'trop_agb_crit': 10.215415653610627, 'trop_k_veg': 6.45312300188076, 'fuel_k': 0.28328975157735103, 'fuel_half': 1.9170041589170652}.
[I 2026-06-10 21:37:05,238] Trial 722 finished with values: [10.113488783097132, 10.113488783097132] and parameters: {'k1': 0.012840669372724958, 'D_low': 2.4474057445796826, 'k2': 0.002173988526401145, 'D_high': 42210.21267871043, 'fire_exp': 1.1103154430776774, 'P_half': 221.2683656611821, 'pre_dampen_half': 272.9378165037474, 'gpp_af': 5.056419398267455, 'gpp_b': 2.176805640408474e-05, 'gpp_d': 229.41380323183625, 'ign_k': 1.1044350847124695, 'ign_c': 22.126836566118193, 'trop_agb_crit': 8.846948092009814, 'trop_k_veg': 6.45312300188076, 'fuel_k': 0.28328975157735103, 'fuel_half': 54.91887821601532}.
[I 2026-06-10 21:37:07,453] Trial 723 finished with values: [10.731537341886403, 10.731537341886403] and parameters: {'k1': 0.014414315663330233, 'D_low': 5.351452349843333, 'k2': 0.002884223471687844, 'D_high': 2289.1315306837046, 'fire_exp': 1.2781983515972553, 'P_half': 93.43302657318476, 'pre_dampen_half': 565.0116730717873, 'gpp_af': 0.3002317246575309, 'gpp_b': 6.2363856983153525, 'gpp_d': 32.54021513867688, 'ign_k': 3.965503094323014, 'ign_c': 0.5655677524618509, 'trop_agb_crit': 10.215415653610627, 'trop_k_veg': 4.129715873342728, 'fuel_k': 4.710433409437072, 'fuel_half': 11.781063202742125}.
[I 2026-06-10 21:37:09,253] Trial 724 finished with values: [11.268351449949343, 11.268351449949343] and parameters: {'k1': 0.014414315663330233, 'D_low': 1.3670484737132342, 'k2': 0.0002172578929502367, 'D_high': 61536.58035691648, 'fire_exp': 1.1103154430776774, 'P_half': 93.43302657318476, 'pre_dampen_half': 565.0116730717873, 'gpp_af': 0.3002317246575309, 'gpp_b': 0.00011536203425923768, 'gpp_d': 59.94537656798816, 'ign_k': 5.351470428717437, 'ign_c': 0.5655677524618509, 'trop_agb_crit': 5.526463318565575, 'trop_k_veg': 4.129715873342728, 'fuel_k': 4.710433409437072, 'fuel_half': 11.781063202742125}.
[I 2026-06-10 21:37:11,101] Trial 725 finished with values: [-0.41379330934188335, 0.7847116445983298] and parameters: {'k1': 0.0005370213021724647, 'D_low': 323.7668055684038, 'k2': 0.002173988526401145, 'D_high': 20679.187143488783, 'fire_exp': 1.1103154430776774, 'P_half': 52.911502562008664, 'pre_dampen_half': 565.0116730717873, 'gpp_af': 28.269551568161315, 'gpp_b': 0.014662453726154785, 'gpp_d': 32.54021513867688, 'ign_k': 0.012868405331151606, 'ign_c': 30.785541778315018, 'trop_agb_crit': 4.84104109932157, 'trop_k_veg': 1.331829048405031, 'fuel_k': 2.563645943471902, 'fuel_half': 0.17108183937377372}.
[I 2026-06-10 21:37:13,073] Trial 726 finished with values: [10.11859907170847, 10.11859907170847] and parameters: {'k1': 0.014414315663330233, 'D_low': 1.3670484737132342, 'k2': 0.0002172578929502367, 'D_high': 2289.1315306837046, 'fire_exp': 1.3806513288500464, 'P_half': 93.43302657318476, 'pre_dampen_half': 857.6556763881457, 'gpp_af': 0.019225729985674112, 'gpp_b': 0.00011536203425923768, 'gpp_d': 59.94537656798816, 'ign_k': 6.344955605329754, 'ign_c': 0.5655677524618509, 'trop_agb_crit': 2.679156169946616, 'trop_k_veg': 1.331829048405031, 'fuel_k': 0.4182971994460706, 'fuel_half': 11.781063202742125}.
[I 2026-06-10 21:37:14,921] Trial 727 finished with values: [10.122496706103334, 10.122496706103334] and parameters: {'k1': 0.002155595057104387, 'D_low': 17.671138565264357, 'k2': 0.002884223471687844, 'D_high': 3512.7047262708465, 'fire_exp': 1.2781983515972553, 'P_half': 102.4585893986732, 'pre_dampen_half': 32.53305539860191, 'gpp_af': 0.053663001820106804, 'gpp_b': 0.00012118589392553798, 'gpp_d': 12.6084874067596, 'ign_k': 0.10581992548039146, 'ign_c': 1.0944963667961967, 'trop_agb_crit': 10.691477813613638, 'trop_k_veg': 5.876643247346733, 'fuel_k': 4.710433409437072, 'fuel_half': 11.781063202742125}.
[I 2026-06-10 21:37:16,737] Trial 728 finished with values: [10.83943775630596, 10.83943775630596] and parameters: {'k1': 0.002155595057104387, 'D_low': 2.4474057445796826, 'k2': 0.015109086063191909, 'D_high': 3512.7047262708465, 'fire_exp': 1.423480109671474, 'P_half': 13.30003421978439, 'pre_dampen_half': 32.53305539860191, 'gpp_af': 0.15760080924500036, 'gpp_b': 0.00012118589392553798, 'gpp_d': 14.423399576193098, 'ign_k': 4.591485216740537, 'ign_c': 1.4940577239079738, 'trop_agb_crit': 10.691477813613638, 'trop_k_veg': 4.129715873342728, 'fuel_k': 4.710433409437072, 'fuel_half': 0.17108183937377372}.
[I 2026-06-10 21:37:18,483] Trial 729 finished with values: [10.365157826326179, 10.365157826326179] and parameters: {'k1': 0.012840669372724958, 'D_low': 40.12413353131991, 'k2': 0.015109086063191909, 'D_high': 3512.7047262708465, 'fire_exp': 1.2781983515972553, 'P_half': 221.2683656611821, 'pre_dampen_half': 13.472769577631583, 'gpp_af': 5.056419398267455, 'gpp_b': 0.00012118589392553798, 'gpp_d': 229.41380323183625, 'ign_k': 1.1044350847124695, 'ign_c': 22.126836566118193, 'trop_agb_crit': 8.846948092009814, 'trop_k_veg': 6.45312300188076, 'fuel_k': 0.0196585949605869, 'fuel_half': 0.17108183937377372}.
[I 2026-06-10 21:37:20,412] Trial 730 finished with values: [10.064952344302588, 10.064952344302588] and parameters: {'k1': 0.00045102062878998736, 'D_low': 97.43142535650219, 'k2': 0.002173988526401145, 'D_high': 2289.1315306837046, 'fire_exp': 1.1103154430776774, 'P_half': 93.43302657318476, 'pre_dampen_half': 565.0116730717873, 'gpp_af': 0.3002317246575309, 'gpp_b': 1.284284091405877e-05, 'gpp_d': 59.94537656798816, 'ign_k': 0.02226297338331263, 'ign_c': 36.58518527736812, 'trop_agb_crit': 2.679156169946616, 'trop_k_veg': 4.129715873342728, 'fuel_k': 4.710433409437072, 'fuel_half': 1.9170041589170652}.
[I 2026-06-10 21:37:22,572] Trial 731 finished with values: [-0.6035343955461132, 0.7655878982168371] and parameters: {'k1': 0.0006579066240690734, 'D_low': 323.7668055684038, 'k2': 0.007299613382801458, 'D_high': 40237.59749324181, 'fire_exp': 1.2781983515972553, 'P_half': 13.30003421978439, 'pre_dampen_half': 857.6556763881457, 'gpp_af': 0.3002317246575309, 'gpp_b': 0.005419266601560437, 'gpp_d': 12.6084874067596, 'ign_k': 1.1044350847124695, 'ign_c': 0.5655677524618509, 'trop_agb_crit': 10.215415653610627, 'trop_k_veg': 6.45312300188076, 'fuel_k': 0.4182971994460706, 'fuel_half': 11.781063202742125}.
[I 2026-06-10 21:37:24,548] Trial 732 finished with values: [-0.5790522590361856, 0.30317223226795276] and parameters: {'k1': 0.00045102062878998736, 'D_low': 2.4474057445796826, 'k2': 0.002173988526401145, 'D_high': 3512.7047262708465, 'fire_exp': 1.2781983515972553, 'P_half': 221.2683656611821, 'pre_dampen_half': 599.2644014925409, 'gpp_af': 5.056419398267455, 'gpp_b': 1.284284091405877e-05, 'gpp_d': 59.94537656798816, 'ign_k': 0.02741350741975827, 'ign_c': 1.4940577239079738, 'trop_agb_crit': 10.691477813613638, 'trop_k_veg': 4.129715873342728, 'fuel_k': 4.710433409437072, 'fuel_half': 1.9170041589170652}.
[I 2026-06-10 21:37:26,896] Trial 733 finished with values: [10.001748217799337, 10.001748217799337] and parameters: {'k1': 0.0006579066240690734, 'D_low': 36.07301614542843, 'k2': 0.004708159793250189, 'D_high': 40237.59749324181, 'fire_exp': 1.1103154430776774, 'P_half': 93.43302657318476, 'pre_dampen_half': 13.472769577631583, 'gpp_af': 0.24002253099641147, 'gpp_b': 0.00012118589392553798, 'gpp_d': 32.54021513867688, 'ign_k': 1.1044350847124695, 'ign_c': 0.5655677524618509, 'trop_agb_crit': 27.025726513675966, 'trop_k_veg': 4.129715873342728, 'fuel_k': 0.5182294818798785, 'fuel_half': 1.9170041589170652}.
[I 2026-06-10 21:37:28,922] Trial 734 finished with values: [10.193920720895372, 10.193920720895372] and parameters: {'k1': 0.02228708726011016, 'D_low': 97.43142535650219, 'k2': 0.015109086063191909, 'D_high': 3512.7047262708465, 'fire_exp': 1.644516300228547, 'P_half': 221.2683656611821, 'pre_dampen_half': 243.70551632385417, 'gpp_af': 0.3002317246575309, 'gpp_b': 1.284284091405877e-05, 'gpp_d': 12.529674084353555, 'ign_k': 0.02741350741975827, 'ign_c': 1.4940577239079738, 'trop_agb_crit': 10.584071370490857, 'trop_k_veg': 3.1997247840069356, 'fuel_k': 4.710433409437072, 'fuel_half': 11.781063202742125}.
