[I 2026-06-10 19:30:28,806] Trial 444 finished with values: [10.83333333328067, 10.83333333328067] and parameters: {'k1': 0.03820259936390116, 'D_low': 5.08290658294838, 'k2': 0.02065142557895925, 'D_high': 6682.9607218310075, 'fire_exp': 1.2060040899560858, 'P_half': 18.93453091519153, 'pre_dampen_half': 9.044346216330972, 'gpp_af': 0.8594202650742228, 'gpp_b': 0.001674375583895437, 'gpp_d': 14.427333163005196, 'ign_k': 0.0884455049423825, 'ign_c': 311.668529787849, 'trop_agb_crit': 1.0189592979395135, 'trop_k_veg': 4.796046723963646, 'fire_amp': 2.6192385880432525}.
[I 2026-06-10 19:30:30,186] Trial 445 finished with values: [10.792477590833197, 10.792477590833197] and parameters: {'k1': 0.012840669372724958, 'D_low': 4006.89033223865, 'k2': 0.0001280886335404798, 'D_high': 48235.58283024493, 'fire_exp': 1.264103030891254, 'P_half': 5.4712187293420325, 'pre_dampen_half': 9.044346216330972, 'gpp_af': 0.004409093791567215, 'gpp_b': 0.0015782327810795573, 'gpp_d': 14.427333163005196, 'ign_k': 0.06219881174029358, 'ign_c': 1.488823059798356, 'trop_agb_crit': 1.0189592979395135, 'trop_k_veg': 4.796046723963646, 'fire_amp': 3.8500040010232275}.
[I 2026-06-10 19:30:31,605] Trial 446 finished with values: [10.976510028069423, 10.976510028069423] and parameters: {'k1': 0.03648456083047798, 'D_low': 1.4002277211577039, 'k2': 0.0004862769762212836, 'D_high': 42210.21267871043, 'fire_exp': 1.2060040899560858, 'P_half': 564.3426708406568, 'pre_dampen_half': 189.36639872354493, 'gpp_af': 0.07302012718529301, 'gpp_b': 0.00036184510553922684, 'gpp_d': 1.0088237648985734, 'ign_k': 0.012802983592904445, 'ign_c': 7.081721844034206, 'trop_agb_crit': 2.0527418919564324, 'trop_k_veg': 2.99731137426955, 'fire_amp': 5.44779717154213}.
[I 2026-06-10 19:30:33,065] Trial 447 finished with values: [10.622844731175988, 10.622844731175988] and parameters: {'k1': 0.00026539376439360527, 'D_low': 2186.356344942016, 'k2': 1.1417577140741129e-05, 'D_high': 42210.21267871043, 'fire_exp': 1.2060040899560858, 'P_half': 12.262543158860007, 'pre_dampen_half': 4.847666216751353, 'gpp_af': 3.030008727251782, 'gpp_b': 0.00036184510553922684, 'gpp_d': 7.631016235941559, 'ign_k': 0.0032383308053152635, 'ign_c': 23.40999464613212, 'trop_agb_crit': 1.8023542850487386, 'trop_k_veg': 2.99731137426955, 'fire_amp': 2.042193818779288}.
[I 2026-06-10 19:30:34,401] Trial 448 finished with values: [10.802064257451988, 10.802064257451988] and parameters: {'k1': 0.0869690639641868, 'D_low': 236.79352040223893, 'k2': 0.005204862686958021, 'D_high': 48235.58283024493, 'fire_exp': 1.2060040899560858, 'P_half': 18.93453091519153, 'pre_dampen_half': 38.00678588560607, 'gpp_af': 1.8730788990929563, 'gpp_b': 0.001674375583895437, 'gpp_d': 21.899070557043984, 'ign_k': 0.0029519227433917453, 'ign_c': 1.364908766641693, 'trop_agb_crit': 21.086120736447015, 'trop_k_veg': 2.99731137426955, 'fire_amp': 4.19233232783727}.
[I 2026-06-10 19:30:35,959] Trial 449 finished with values: [10.148712253085485, 10.148712253085485] and parameters: {'k1': 5.7909642338812115e-05, 'D_low': 236.79352040223893, 'k2': 0.0001280886335404798, 'D_high': 42210.21267871043, 'fire_exp': 1.2060040899560858, 'P_half': 2.226799690893868, 'pre_dampen_half': 189.36639872354493, 'gpp_af': 0.07118041471054574, 'gpp_b': 0.001674375583895437, 'gpp_d': 0.1619054449471649, 'ign_k': 0.00840038491455979, 'ign_c': 2.2882309479728957, 'trop_agb_crit': 2.0527418919564324, 'trop_k_veg': 5.453348988480011, 'fire_amp': 2.6192385880432525}.
[I 2026-06-10 19:30:37,344] Trial 450 finished with values: [10.362466438539055, 10.362466438539055] and parameters: {'k1': 0.03648456083047798, 'D_low': 50.32059347286801, 'k2': 0.02065142557895925, 'D_high': 48235.58283024493, 'fire_exp': 1.1633452995374232, 'P_half': 996.7983879709292, 'pre_dampen_half': 1.8469033699850426, 'gpp_af': 0.07302012718529301, 'gpp_b': 2.800940363375676e-05, 'gpp_d': 14.427333163005196, 'ign_k': 0.06219881174029358, 'ign_c': 1.488823059798356, 'trop_agb_crit': 3.1419938725278875, 'trop_k_veg': 6.825463866194253, 'fire_amp': 2.6192385880432525}.
[I 2026-06-10 19:30:38,754] Trial 451 finished with values: [11.678873460276245, 11.678873460276245] and parameters: {'k1': 0.00026539376439360527, 'D_low': 133.4807155996069, 'k2': 0.02065142557895925, 'D_high': 3545.843846227985, 'fire_exp': 1.111738490499784, 'P_half': 1.4551749476072258, 'pre_dampen_half': 189.36639872354493, 'gpp_af': 56.62858823465573, 'gpp_b': 0.002416023630607169, 'gpp_d': 364.60005353173506, 'ign_k': 0.057001421052469435, 'ign_c': 7.832259769732471, 'trop_agb_crit': 1.0900492537293804, 'trop_k_veg': 1.6648666152166967, 'fire_amp': 5.44779717154213}.
[I 2026-06-10 19:30:40,187] Trial 452 finished with values: [10.594447970364827, 10.594447970364827] and parameters: {'k1': 5.7909642338812115e-05, 'D_low': 2186.356344942016, 'k2': 0.0001280886335404798, 'D_high': 1266.9536563782303, 'fire_exp': 1.111738490499784, 'P_half': 12.262543158860007, 'pre_dampen_half': 189.36639872354493, 'gpp_af': 0.07118041471054574, 'gpp_b': 0.002416023630607169, 'gpp_d': 1.0088237648985734, 'ign_k': 0.00840038491455979, 'ign_c': 2.2882309479728957, 'trop_agb_crit': 2.0527418919564324, 'trop_k_veg': 3.1055119128084763, 'fire_amp': 1.5719333351012774}.
[I 2026-06-10 19:30:41,595] Trial 453 finished with values: [10.250176496870404, 10.250176496870404] and parameters: {'k1': 5.7909642338812115e-05, 'D_low': 236.79352040223893, 'k2': 0.028670350305540694, 'D_high': 41833.85682146036, 'fire_exp': 1.264103030891254, 'P_half': 157.3644610977214, 'pre_dampen_half': 9.044346216330972, 'gpp_af': 0.07302012718529301, 'gpp_b': 0.002416023630607169, 'gpp_d': 1.4397852866783676, 'ign_k': 0.03845635122720663, 'ign_c': 7.081721844034206, 'trop_agb_crit': 1.0189592979395135, 'trop_k_veg': 2.99731137426955, 'fire_amp': 5.667622640988655}.
[I 2026-06-10 19:30:42,967] Trial 454 finished with values: [10.719522032465985, 10.719522032465985] and parameters: {'k1': 9.293516267059069e-05, 'D_low': 1.605843632310088, 'k2': 2.316457903103837e-05, 'D_high': 24.9899605789089, 'fire_exp': 1.6901885781909627, 'P_half': 157.3644610977214, 'pre_dampen_half': 189.88136301569827, 'gpp_af': 14.161176080022173, 'gpp_b': 1.1008110571039521e-05, 'gpp_d': 1.4397852866783676, 'ign_k': 0.0032383308053152635, 'ign_c': 0.9736725715035878, 'trop_agb_crit': 3.058280993112277, 'trop_k_veg': 2.99731137426955, 'fire_amp': 4.472176921013167}.
[I 2026-06-10 19:30:44,279] Trial 455 finished with values: [10.273743896841742, 10.273743896841742] and parameters: {'k1': 5.7909642338812115e-05, 'D_low': 43.2326421037033, 'k2': 0.0007731571570012607, 'D_high': 1817.0401889219124, 'fire_exp': 1.111738490499784, 'P_half': 1.4551749476072258, 'pre_dampen_half': 189.36639872354493, 'gpp_af': 3.298293484806585, 'gpp_b': 0.006999112505425414, 'gpp_d': 1.0088237648985734, 'ign_k': 0.03845635122720663, 'ign_c': 0.6960633318526378, 'trop_agb_crit': 2.1989086830950257, 'trop_k_veg': 2.1406449943451844, 'fire_amp': 3.890668402773863}.
[I 2026-06-10 19:30:45,646] Trial 456 finished with values: [10.833177488932817, 10.833177488932817] and parameters: {'k1': 0.03648456083047798, 'D_low': 1.7551403048208316, 'k2': 0.005204862686958021, 'D_high': 24.9899605789089, 'fire_exp': 4.197266872191233, 'P_half': 61.6097529474144, 'pre_dampen_half': 4.847666216751353, 'gpp_af': 0.07302012718529301, 'gpp_b': 0.0012749409641020352, 'gpp_d': 1.4397852866783676, 'ign_k': 0.00660597889201953, 'ign_c': 7.081721844034206, 'trop_agb_crit': 3.058280993112277, 'trop_k_veg': 2.99731137426955, 'fire_amp': 5.831305332032283}.
[I 2026-06-10 19:30:47,053] Trial 457 finished with values: [10.169615138878049, 10.169615138878049] and parameters: {'k1': 0.0869690639641868, 'D_low': 335.92388193960346, 'k2': 0.005204862686958021, 'D_high': 1817.0401889219124, 'fire_exp': 1.2060040899560858, 'P_half': 2.226799690893868, 'pre_dampen_half': 9.044346216330972, 'gpp_af': 0.8594202650742228, 'gpp_b': 0.001674375583895437, 'gpp_d': 1.4397852866783676, 'ign_k': 1.6270983114897255, 'ign_c': 2.2882309479728957, 'trop_agb_crit': 1.0189592979395135, 'trop_k_veg': 2.99731137426955, 'fire_amp': 2.6192385880432525}.
[I 2026-06-10 19:30:48,480] Trial 458 finished with values: [10.377379870163606, 10.377379870163606] and parameters: {'k1': 0.0009898117700885534, 'D_low': 1.4002277211577039, 'k2': 0.02065142557895925, 'D_high': 48235.58283024493, 'fire_exp': 1.111738490499784, 'P_half': 96.70857606743157, 'pre_dampen_half': 189.36639872354493, 'gpp_af': 21.635028947225102, 'gpp_b': 2.800940363375676e-05, 'gpp_d': 14.427333163005196, 'ign_k': 0.00840038491455979, 'ign_c': 1.488823059798356, 'trop_agb_crit': 8.0091368834625, 'trop_k_veg': 1.6648666152166967, 'fire_amp': 2.6192385880432525}.
[I 2026-06-10 19:30:49,861] Trial 459 finished with values: [10.487970589601689, 10.487970589601689] and parameters: {'k1': 0.0001887567630782227, 'D_low': 24.28756508761176, 'k2': 0.018467059900514494, 'D_high': 18108.14362107968, 'fire_exp': 1.2060040899560858, 'P_half': 70.91190338709636, 'pre_dampen_half': 269.0845367054866, 'gpp_af': 56.62858823465573, 'gpp_b': 0.049565458633074926, 'gpp_d': 0.26636419343091605, 'ign_k': 0.09256855841989636, 'ign_c': 0.773448215664679, 'trop_agb_crit': 6.351751286408562, 'trop_k_veg': 2.520089655463604, 'fire_amp': 3.0602124456299986}.
[I 2026-06-10 19:30:51,295] Trial 460 finished with values: [10.83333333328067, 10.83333333328067] and parameters: {'k1': 0.0869690639641868, 'D_low': 1.605843632310088, 'k2': 0.02065142557895925, 'D_high': 48235.58283024493, 'fire_exp': 1.9095652801045373, 'P_half': 96.70857606743157, 'pre_dampen_half': 38.00678588560607, 'gpp_af': 1.8730788990929563, 'gpp_b': 0.25042526066088033, 'gpp_d': 21.899070557043984, 'ign_k': 1.6270983114897255, 'ign_c': 48.704711413416454, 'trop_agb_crit': 21.086120736447015, 'trop_k_veg': 2.520089655463604, 'fire_amp': 4.19233232783727}.
[I 2026-06-10 19:30:52,628] Trial 461 finished with values: [10.319577060146083, 10.319577060146083] and parameters: {'k1': 9.293516267059069e-05, 'D_low': 1.4002277211577039, 'k2': 1.1417577140741129e-05, 'D_high': 431.45617043093523, 'fire_exp': 1.353841071397002, 'P_half': 2.226799690893868, 'pre_dampen_half': 189.36639872354493, 'gpp_af': 0.07302012718529301, 'gpp_b': 1.1008110571039521e-05, 'gpp_d': 525.1661172395181, 'ign_k': 0.00840038491455979, 'ign_c': 72.99613382801451, 'trop_agb_crit': 1.8023542850487386, 'trop_k_veg': 1.6648666152166967, 'fire_amp': 4.19233232783727}.
[I 2026-06-10 19:30:53,981] Trial 462 finished with values: [-0.48432815413123703, 0.8274408269465573] and parameters: {'k1': 5.7909642338812115e-05, 'D_low': 236.79352040223893, 'k2': 0.02065142557895925, 'D_high': 6682.9607218310075, 'fire_exp': 1.9095652801045373, 'P_half': 78.13392238162733, 'pre_dampen_half': 350.88322284755304, 'gpp_af': 27.448645214004376, 'gpp_b': 0.002416023630607169, 'gpp_d': 14.427333163005196, 'ign_k': 1.6270983114897255, 'ign_c': 0.5232779509048977, 'trop_agb_crit': 3.058280993112277, 'trop_k_veg': 0.9660523662864217, 'fire_amp': 5.667622640988655}.
[I 2026-06-10 19:30:55,359] Trial 463 finished with values: [10.764458158554419, 10.764458158554419] and parameters: {'k1': 0.00026539376439360527, 'D_low': 669.7348618512094, 'k2': 0.02065142557895925, 'D_high': 267.3088310781672, 'fire_exp': 1.111738490499784, 'P_half': 157.3644610977214, 'pre_dampen_half': 9.044346216330972, 'gpp_af': 56.62858823465573, 'gpp_b': 2.800940363375676e-05, 'gpp_d': 14.427333163005196, 'ign_k': 0.8945150807271531, 'ign_c': 16.497426799845446, 'trop_agb_crit': 8.0091368834625, 'trop_k_veg': 5.453348988480011, 'fire_amp': 4.472176921013167}.
[I 2026-06-10 19:30:56,946] Trial 464 finished with values: [-0.5102231547709148, 0.6721862915622431] and parameters: {'k1': 0.0869690639641868, 'D_low': 236.79352040223893, 'k2': 0.0007731571570012607, 'D_high': 1817.0401889219124, 'fire_exp': 1.2060040899560858, 'P_half': 1.4551749476072258, 'pre_dampen_half': 9.044346216330972, 'gpp_af': 3.298293484806585, 'gpp_b': 0.001674375583895437, 'gpp_d': 1.0088237648985734, 'ign_k': 1.6270983114897255, 'ign_c': 7.832259769732471, 'trop_agb_crit': 1.0189592979395135, 'trop_k_veg': 5.453348988480011, 'fire_amp': 5.44779717154213}.
[I 2026-06-10 19:30:58,271] Trial 465 finished with values: [10.58481635963544, 10.58481635963544] and parameters: {'k1': 0.0869690639641868, 'D_low': 50.32059347286801, 'k2': 0.02065142557895925, 'D_high': 76838.76502998071, 'fire_exp': 1.264103030891254, 'P_half': 96.70857606743157, 'pre_dampen_half': 1.6130673726933187, 'gpp_af': 56.62858823465573, 'gpp_b': 0.00013164432569139702, 'gpp_d': 0.26636419343091605, 'ign_k': 0.00660597889201953, 'ign_c': 0.6235377135673155, 'trop_agb_crit': 3.058280993112277, 'trop_k_veg': 6.825463866194253, 'fire_amp': 2.6192385880432525}.
[I 2026-06-10 19:30:59,617] Trial 466 finished with values: [10.061248209364559, 10.061248209364559] and parameters: {'k1': 5.7909642338812115e-05, 'D_low': 1.4002277211577039, 'k2': 0.0007731571570012607, 'D_high': 1817.0401889219124, 'fire_exp': 1.0601964743503993, 'P_half': 1.4551749476072258, 'pre_dampen_half': 38.00678588560607, 'gpp_af': 1.9706963379095486, 'gpp_b': 0.006999112505425414, 'gpp_d': 1.0088237648985734, 'ign_k': 0.09256855841989636, 'ign_c': 7.832259769732471, 'trop_agb_crit': 1.850652607502099, 'trop_k_veg': 1.6003641872536711, 'fire_amp': 5.44779717154213}.
[I 2026-06-10 19:31:00,948] Trial 467 finished with values: [-0.37197462842744833, 0.9726043202971842] and parameters: {'k1': 0.03820259936390116, 'D_low': 24.28756508761176, 'k2': 1.1417577140741129e-05, 'D_high': 6682.9607218310075, 'fire_exp': 1.2060040899560858, 'P_half': 12.262543158860007, 'pre_dampen_half': 189.36639872354493, 'gpp_af': 56.62858823465573, 'gpp_b': 5.0875243087016374e-05, 'gpp_d': 7.631016235941559, 'ign_k': 0.09256855841989636, 'ign_c': 7.832259769732471, 'trop_agb_crit': 6.351751286408562, 'trop_k_veg': 1.6648666152166967, 'fire_amp': 2.042193818779288}.
[I 2026-06-10 19:31:02,479] Trial 468 finished with values: [10.408540328341813, 10.408540328341813] and parameters: {'k1': 0.00026539376439360527, 'D_low': 50.32059347286801, 'k2': 0.0001280886335404798, 'D_high': 1266.9536563782303, 'fire_exp': 1.264103030891254, 'P_half': 12.262543158860007, 'pre_dampen_half': 189.36639872354493, 'gpp_af': 56.62858823465573, 'gpp_b': 0.00013164432569139702, 'gpp_d': 7.631016235941559, 'ign_k': 2.615413574494962, 'ign_c': 7.832259769732471, 'trop_agb_crit': 1.2489332852689512, 'trop_k_veg': 2.1406449943451844, 'fire_amp': 2.042193818779288}.
[I 2026-06-10 19:31:03,891] Trial 469 finished with values: [-0.2698511646196308, 0.9655162526946303] and parameters: {'k1': 0.00026539376439360527, 'D_low': 2186.356344942016, 'k2': 1.1417577140741129e-05, 'D_high': 1266.9536563782303, 'fire_exp': 1.111738490499784, 'P_half': 12.262543158860007, 'pre_dampen_half': 189.36639872354493, 'gpp_af': 3.030008727251782, 'gpp_b': 5.0875243087016374e-05, 'gpp_d': 7.631016235941559, 'ign_k': 0.09256855841989636, 'ign_c': 7.832259769732471, 'trop_agb_crit': 5.335241529707116, 'trop_k_veg': 0.9923523017201868, 'fire_amp': 2.042193818779288}.
[I 2026-06-10 19:31:05,226] Trial 470 finished with values: [-0.6892736675984512, 0.22191119460870257] and parameters: {'k1': 5.7909642338812115e-05, 'D_low': 2186.356344942016, 'k2': 0.0007731571570012607, 'D_high': 1817.0401889219124, 'fire_exp': 1.111738490499784, 'P_half': 774.5825831079144, 'pre_dampen_half': 189.36639872354493, 'gpp_af': 1.8730788990929563, 'gpp_b': 0.002416023630607169, 'gpp_d': 7.631016235941559, 'ign_k': 0.8945150807271531, 'ign_c': 2.2882309479728957, 'trop_agb_crit': 1.438876022196885, 'trop_k_veg': 5.453348988480011, 'fire_amp': 4.19233232783727}.
[I 2026-06-10 19:31:06,602] Trial 471 finished with values: [10.535852182105486, 10.535852182105486] and parameters: {'k1': 5.7909642338812115e-05, 'D_low': 50.32059347286801, 'k2': 0.018467059900514494, 'D_high': 18108.14362107968, 'fire_exp': 1.9136159174067866, 'P_half': 996.7983879709292, 'pre_dampen_half': 269.0845367054866, 'gpp_af': 1.9998014714101113, 'gpp_b': 0.002416023630607169, 'gpp_d': 1.4397852866783676, 'ign_k': 3.965503094323014, 'ign_c': 1.3431925993528124, 'trop_agb_crit': 6.351751286408562, 'trop_k_veg': 5.453348988480011, 'fire_amp': 5.44779717154213}.
[I 2026-06-10 19:31:07,939] Trial 472 finished with values: [10.878246942264834, 10.878246942264834] and parameters: {'k1': 0.03820259936390116, 'D_low': 1.4002277211577039, 'k2': 0.0007731571570012607, 'D_high': 6682.9607218310075, 'fire_exp': 1.233919071594971, 'P_half': 157.80309954142965, 'pre_dampen_half': 38.00678588560607, 'gpp_af': 1.9706963379095486, 'gpp_b': 2.800940363375676e-05, 'gpp_d': 1.0088237648985734, 'ign_k': 0.8945150807271531, 'ign_c': 7.832259769732471, 'trop_agb_crit': 6.351751286408562, 'trop_k_veg': 4.796046723963646, 'fire_amp': 3.890668402773863}.
[I 2026-06-10 19:31:09,420] Trial 473 finished with values: [10.26126325051105, 10.26126325051105] and parameters: {'k1': 0.03820259936390116, 'D_low': 1074.940539517341, 'k2': 0.0001280886335404798, 'D_high': 42210.21267871043, 'fire_exp': 1.264103030891254, 'P_half': 12.262543158860007, 'pre_dampen_half': 225.8132942030758, 'gpp_af': 0.07118041471054574, 'gpp_b': 0.00013164432569139702, 'gpp_d': 0.1619054449471649, 'ign_k': 0.03845635122720663, 'ign_c': 7.081721844034206, 'trop_agb_crit': 1.2489332852689512, 'trop_k_veg': 2.1406449943451844, 'fire_amp': 3.890668402773863}.
[I 2026-06-10 19:31:10,942] Trial 474 finished with values: [10.109538337406558, 10.109538337406558] and parameters: {'k1': 0.006079905434073396, 'D_low': 236.79352040223893, 'k2': 0.005204862686958021, 'D_high': 1817.0401889219124, 'fire_exp': 1.2060040899560858, 'P_half': 1.4551749476072258, 'pre_dampen_half': 4.847666216751353, 'gpp_af': 0.8594202650742228, 'gpp_b': 0.006999112505425414, 'gpp_d': 479.80109106752894, 'ign_k': 0.8945150807271531, 'ign_c': 7.832259769732471, 'trop_agb_crit': 1.456074715900995, 'trop_k_veg': 5.453348988480011, 'fire_amp': 2.7806853670293616}.
[I 2026-06-10 19:31:12,394] Trial 475 finished with values: [-0.6894306416322952, 0.2611179802492668] and parameters: {'k1': 0.0006042560675552671, 'D_low': 50.32059347286801, 'k2': 0.02065142557895925, 'D_high': 1817.0401889219124, 'fire_exp': 1.111738490499784, 'P_half': 996.7983879709292, 'pre_dampen_half': 189.36639872354493, 'gpp_af': 1.9998014714101113, 'gpp_b': 0.002416023630607169, 'gpp_d': 1.0088237648985734, 'ign_k': 0.13500744867919376, 'ign_c': 2.2882309479728957, 'trop_agb_crit': 8.0091368834625, 'trop_k_veg': 5.453348988480011, 'fire_amp': 5.44779717154213}.
[I 2026-06-10 19:31:13,750] Trial 476 finished with values: [-0.6296676869700608, 0.6078845447672572] and parameters: {'k1': 0.0869690639641868, 'D_low': 236.79352040223893, 'k2': 0.005204862686958021, 'D_high': 6682.9607218310075, 'fire_exp': 1.2060040899560858, 'P_half': 114.62237838612074, 'pre_dampen_half': 9.044346216330972, 'gpp_af': 0.8594202650742228, 'gpp_b': 0.001674375583895437, 'gpp_d': 1.4397852866783676, 'ign_k': 1.6270983114897255, 'ign_c': 1.364908766641693, 'trop_agb_crit': 3.3933702290907823, 'trop_k_veg': 2.99731137426955, 'fire_amp': 2.6192385880432525}.
[I 2026-06-10 19:31:15,104] Trial 477 finished with values: [10.077032412919518, 10.077032412919518] and parameters: {'k1': 0.00026539376439360527, 'D_low': 235.39834531862078, 'k2': 0.0014539199187561544, 'D_high': 48235.58283024493, 'fire_exp': 1.111738490499784, 'P_half': 774.5825831079144, 'pre_dampen_half': 38.00678588560607, 'gpp_af': 2.5184956910855436, 'gpp_b': 0.002416023630607169, 'gpp_d': 1.0088237648985734, 'ign_k': 0.09256855841989636, 'ign_c': 2.2882309479728957, 'trop_agb_crit': 21.086120736447015, 'trop_k_veg': 0.6108091740265464, 'fire_amp': 4.19233232783727}.
[I 2026-06-10 19:31:16,440] Trial 478 finished with values: [-0.40464633068380385, 0.9586586721034499] and parameters: {'k1': 0.00031134168041628584, 'D_low': 1.3376564232104105, 'k2': 0.0004976087827261435, 'D_high': 42210.21267871043, 'fire_exp': 1.4572158037266703, 'P_half': 157.80309954142965, 'pre_dampen_half': 857.6556763881457, 'gpp_af': 0.09885838682552685, 'gpp_b': 1.1008110571039521e-05, 'gpp_d': 0.03927259340973166, 'ign_k': 0.0029519227433917453, 'ign_c': 39.52220881906114, 'trop_agb_crit': 12.647327018493208, 'trop_k_veg': 2.99731137426955, 'fire_amp': 4.472176921013167}.
[I 2026-06-10 19:31:18,088] Trial 479 finished with values: [10.324380229328723, 10.324380229328723] and parameters: {'k1': 0.03648456083047798, 'D_low': 133.4807155996069, 'k2': 0.02065142557895925, 'D_high': 42210.21267871043, 'fire_exp': 1.111738490499784, 'P_half': 996.7983879709292, 'pre_dampen_half': 1.8469033699850426, 'gpp_af': 0.07302012718529301, 'gpp_b': 0.0022206965604739644, 'gpp_d': 1.4397852866783676, 'ign_k': 0.13500744867919376, 'ign_c': 16.497426799845446, 'trop_agb_crit': 3.1419938725278875, 'trop_k_veg': 1.6003641872536711, 'fire_amp': 5.44779717154213}.
[I 2026-06-10 19:31:19,422] Trial 480 finished with values: [10.34127865911972, 10.34127865911972] and parameters: {'k1': 0.00026539376439360527, 'D_low': 236.79352040223893, 'k2': 0.028670350305540694, 'D_high': 6682.9607218310075, 'fire_exp': 1.111738490499784, 'P_half': 12.262543158860007, 'pre_dampen_half': 9.044346216330972, 'gpp_af': 3.030008727251782, 'gpp_b': 5.0875243087016374e-05, 'gpp_d': 1.4397852866783676, 'ign_k': 0.09256855841989636, 'ign_c': 1.364908766641693, 'trop_agb_crit': 1.0189592979395135, 'trop_k_veg': 2.99731137426955, 'fire_amp': 5.667622640988655}.
