[I 2026-06-09 12:05:10,491] Trial 234 finished with values: [10.82174502349664, 10.82174502349664] and parameters: {'k1': 0.00234238498471129, 'D_low': 6.0803901902966, 'k2': 0.002148652800991412, 'D_high': 41821.78526757458, 'fire_exp': 1.14171776851287, 'P_half': 1.8942844905792813, 'pre_dampen_half': 1.0224794024845185, 'gpp_af': 0.0012334147231672942, 'gpp_b': 0.0004848496183873286, 'gpp_d': 0.030786517836196188, 'ign_k': 0.0013243445838637983, 'ign_c': 0.20319809838424974, 'trop_agb_crit': 1.5144860262751405, 'trop_k_veg': 7.714366810951191}.
[I 2026-06-09 12:05:11,836] Trial 235 finished with values: [10.888831176642125, 10.888831176642125] and parameters: {'k1': 5.105542986365652e-05, 'D_low': 136.0956887810302, 'k2': 1.5412172709801895e-05, 'D_high': 14268.845807630427, 'fire_exp': 1.4179955885299673, 'P_half': 6245.139574743073, 'pre_dampen_half': 673.2248920775328, 'gpp_af': 2.831223426520226, 'gpp_b': 0.0006724850206557243, 'gpp_d': 0.030786517836196188, 'ign_k': 0.8180032418045742, 'ign_c': 5.762487216478598, 'trop_agb_crit': 19.51558406059598, 'trop_k_veg': 4.8737397608275925}.
[I 2026-06-09 12:05:13,095] Trial 236 finished with values: [11.488507463417609, 11.488507463417609] and parameters: {'k1': 0.00234238498471129, 'D_low': 1.533916259116362, 'k2': 0.037633129263701104, 'D_high': 41821.78526757458, 'fire_exp': 1.060109541566103, 'P_half': 1.8942844905792813, 'pre_dampen_half': 673.2248920775328, 'gpp_af': 0.32613327839065587, 'gpp_b': 2.036444166653217e-05, 'gpp_d': 0.0735311909944862, 'ign_k': 1.1215915868662767, 'ign_c': 8.308114652888387, 'trop_agb_crit': 7.779090083180921, 'trop_k_veg': 2.8481435324312887}.
[I 2026-06-09 12:05:14,348] Trial 237 finished with values: [10.44888389184131, 10.44888389184131] and parameters: {'k1': 0.014666151770108535, 'D_low': 12.115155843077673, 'k2': 2.316457903103837e-05, 'D_high': 20.59802236544963, 'fire_exp': 1.060109541566103, 'P_half': 1.4045842344024697, 'pre_dampen_half': 345.01054536130147, 'gpp_af': 27.448645214004376, 'gpp_b': 0.0028426125329232715, 'gpp_d': 0.2473046721099913, 'ign_k': 0.008226074946221037, 'ign_c': 1.0022396791143333, 'trop_agb_crit': 1.6369193980425034, 'trop_k_veg': 5.636143940068465}.
[I 2026-06-09 12:05:15,636] Trial 238 finished with values: [10.740888003202347, 10.740888003202347] and parameters: {'k1': 0.015161591075671724, 'D_low': 1.104970302415413, 'k2': 3.0376902301221646e-05, 'D_high': 696.8111190775315, 'fire_exp': 1.608176525358426, 'P_half': 17.655835392092534, 'pre_dampen_half': 340.6909167027263, 'gpp_af': 5.244830565633045, 'gpp_b': 0.0006724850206557243, 'gpp_d': 0.0735311909944862, 'ign_k': 0.004625231503129158, 'ign_c': 1.0022396791143333, 'trop_agb_crit': 19.51558406059598, 'trop_k_veg': 7.6546365398512455}.
[I 2026-06-09 12:05:16,948] Trial 239 finished with values: [10.876905618664193, 10.876905618664193] and parameters: {'k1': 0.07076022085822008, 'D_low': 2.3244932709566686, 'k2': 1.3357240411974104e-05, 'D_high': 159.77662354833882, 'fire_exp': 2.4204227225778934, 'P_half': 108.21382910613987, 'pre_dampen_half': 11.164047352793695, 'gpp_af': 0.32613327839065587, 'gpp_b': 0.0028993292583566945, 'gpp_d': 26.003623362924223, 'ign_k': 0.008226074946221037, 'ign_c': 0.20319809838424974, 'trop_agb_crit': 1.6059119829430093, 'trop_k_veg': 0.6618107836658104}.
[I 2026-06-09 12:05:18,340] Trial 240 finished with values: [10.854491272959304, 10.854491272959304] and parameters: {'k1': 1.755140304820832e-05, 'D_low': 12.115155843077673, 'k2': 0.01183296705746878, 'D_high': 41821.78526757458, 'fire_exp': 2.616777411159116, 'P_half': 6.876972589957657, 'pre_dampen_half': 0.194732494508583, 'gpp_af': 0.26461528450166444, 'gpp_b': 2.036444166653217e-05, 'gpp_d': 176.18878384527278, 'ign_k': 0.07081721844034213, 'ign_c': 1.0022396791143333, 'trop_agb_crit': 7.779090083180921, 'trop_k_veg': 4.8737397608275925}.
[I 2026-06-09 12:05:19,684] Trial 241 finished with values: [10.875683203100523, 10.875683203100523] and parameters: {'k1': 0.00024287565087611777, 'D_low': 13.180029267201178, 'k2': 0.041833856821460375, 'D_high': 23.181776112903503, 'fire_exp': 2.4204227225778934, 'P_half': 149.35213816355395, 'pre_dampen_half': 566.2858823465564, 'gpp_af': 0.007619648413221235, 'gpp_b': 4.886759303288982e-05, 'gpp_d': 26.003623362924223, 'ign_k': 0.0019264360371306567, 'ign_c': 21.132597710340573, 'trop_agb_crit': 1.0794185889648462, 'trop_k_veg': 1.8981057964668895}.
[I 2026-06-09 12:05:20,947] Trial 242 finished with values: [10.211898554502406, 10.211898554502406] and parameters: {'k1': 0.0030219760889797966, 'D_low': 2.7012557725439073, 'k2': 1.3357240411974104e-05, 'D_high': 3512.7047262708465, 'fire_exp': 1.9268171109476195, 'P_half': 108.21382910613987, 'pre_dampen_half': 566.2858823465564, 'gpp_af': 0.017638479543546873, 'gpp_b': 2.036444166653217e-05, 'gpp_d': 11.300566419249856, 'ign_k': 1.1215915868662767, 'ign_c': 0.20319809838424974, 'trop_agb_crit': 2.679156169946616, 'trop_k_veg': 1.8981057964668895}.
[I 2026-06-09 12:05:22,364] Trial 243 finished with values: [10.385060387890158, 10.385060387890158] and parameters: {'k1': 0.0004846497679219079, 'D_low': 1.533916259116362, 'k2': 1.3357240411974104e-05, 'D_high': 41821.78526757458, 'fire_exp': 1.14171776851287, 'P_half': 1.8942844905792813, 'pre_dampen_half': 345.01054536130147, 'gpp_af': 4.874291611803563, 'gpp_b': 0.0012749409641020352, 'gpp_d': 0.030786517836196188, 'ign_k': 0.5456725485601477, 'ign_c': 0.20319809838424974, 'trop_agb_crit': 1.5144860262751405, 'trop_k_veg': 6.030247256556128}.
[I 2026-06-09 12:05:23,666] Trial 244 finished with values: [10.702095725931825, 10.702095725931825] and parameters: {'k1': 0.07076022085822008, 'D_low': 10.16551026641873, 'k2': 9.017965781950582e-05, 'D_high': 27.662820108131335, 'fire_exp': 1.9268171109476195, 'P_half': 1.4045842344024697, 'pre_dampen_half': 11.164047352793695, 'gpp_af': 0.32613327839065587, 'gpp_b': 2.036444166653217e-05, 'gpp_d': 0.2473046721099913, 'ign_k': 4.295992790539128, 'ign_c': 0.9083381663660584, 'trop_agb_crit': 1.6369193980425034, 'trop_k_veg': 1.942360571179168}.
[I 2026-06-09 12:05:25,035] Trial 245 finished with values: [10.130305980880204, 10.130305980880204] and parameters: {'k1': 5.105542986365652e-05, 'D_low': 90.71933427331369, 'k2': 0.0002621130418912425, 'D_high': 39655.03094323017, 'fire_exp': 1.608176525358426, 'P_half': 28.647019533509873, 'pre_dampen_half': 673.2248920775328, 'gpp_af': 2.831223426520226, 'gpp_b': 1.7213644875359617e-05, 'gpp_d': 867.6409475740121, 'ign_k': 0.5456725485601477, 'ign_c': 18.43395662181926, 'trop_agb_crit': 1.5144860262751405, 'trop_k_veg': 4.8737397608275925}.
[I 2026-06-09 12:05:26,311] Trial 246 finished with values: [10.850454461329194, 10.850454461329194] and parameters: {'k1': 1.755140304820832e-05, 'D_low': 14.091459170104743, 'k2': 0.06994589881535453, 'D_high': 39655.03094323017, 'fire_exp': 2.4204227225778934, 'P_half': 6.876972589957657, 'pre_dampen_half': 0.194732494508583, 'gpp_af': 1.3218737536384089, 'gpp_b': 2.036444166653217e-05, 'gpp_d': 26.003623362924223, 'ign_k': 0.07081721844034213, 'ign_c': 4.341568011961653, 'trop_agb_crit': 1.6059119829430093, 'trop_k_veg': 1.1370001793685867}.
[I 2026-06-09 12:05:27,744] Trial 247 finished with values: [10.12047373250751, 10.12047373250751] and parameters: {'k1': 0.007519407491506672, 'D_low': 2.3244932709566686, 'k2': 1.3357240411974104e-05, 'D_high': 69868.4759244566, 'fire_exp': 1.14171776851287, 'P_half': 45.55085098454082, 'pre_dampen_half': 345.01054536130147, 'gpp_af': 0.5107061330406066, 'gpp_b': 0.0028993292583566945, 'gpp_d': 0.2473046721099913, 'ign_k': 0.008226074946221037, 'ign_c': 0.20319809838424974, 'trop_agb_crit': 2.679156169946616, 'trop_k_veg': 0.6618107836658104}.
[I 2026-06-09 12:05:29,016] Trial 248 finished with values: [10.865964643346556, 10.865964643346556] and parameters: {'k1': 1.1281785190969807e-05, 'D_low': 2.7012557725439073, 'k2': 1.3357240411974104e-05, 'D_high': 48.094619675015736, 'fire_exp': 2.0623196560647115, 'P_half': 8.598664501707768, 'pre_dampen_half': 345.01054536130147, 'gpp_af': 0.017638479543546873, 'gpp_b': 0.00977702299083608, 'gpp_d': 26.003623362924223, 'ign_k': 0.0018548376790967168, 'ign_c': 5.762487216478598, 'trop_agb_crit': 1.6059119829430093, 'trop_k_veg': 4.51930447316402}.
[I 2026-06-09 12:05:30,315] Trial 249 finished with values: [10.89205663229107, 10.89205663229107] and parameters: {'k1': 0.009782222138048972, 'D_low': 1.4735767429060445, 'k2': 8.488887549001697e-05, 'D_high': 39655.03094323017, 'fire_exp': 2.4204227225778934, 'P_half': 149.35213816355395, 'pre_dampen_half': 340.6909167027263, 'gpp_af': 0.516681811478353, 'gpp_b': 1.28009914763535e-05, 'gpp_d': 500.2195003344709, 'ign_k': 0.3242143344038317, 'ign_c': 0.1410563867753527, 'trop_agb_crit': 1.6059119829430093, 'trop_k_veg': 4.51930447316402}.
[I 2026-06-09 12:05:31,644] Trial 250 finished with values: [10.763870295725624, 10.763870295725624] and parameters: {'k1': 0.0019339745640818936, 'D_low': 1.533916259116362, 'k2': 0.011966626407443505, 'D_high': 41821.78526757458, 'fire_exp': 1.14171776851287, 'P_half': 50.32059347286801, 'pre_dampen_half': 1.241231030920016, 'gpp_af': 0.0012334147231672942, 'gpp_b': 4.886759303288982e-05, 'gpp_d': 0.030786517836196188, 'ign_k': 0.014273228319112995, 'ign_c': 21.132597710340573, 'trop_agb_crit': 1.6904893834415775, 'trop_k_veg': 1.8981057964668895}.
[I 2026-06-09 12:05:33,040] Trial 251 finished with values: [10.854749106094925, 10.854749106094925] and parameters: {'k1': 1.1281785190969807e-05, 'D_low': 4303.306161410612, 'k2': 5.153993511603138e-05, 'D_high': 89307.8345094182, 'fire_exp': 1.4081947723562425, 'P_half': 1.2768174677433957, 'pre_dampen_half': 0.02671457936585047, 'gpp_af': 96.4653310890222, 'gpp_b': 0.00012263448469691657, 'gpp_d': 11.40961991569626, 'ign_k': 0.0018548376790967168, 'ign_c': 99.96359851911319, 'trop_agb_crit': 23.815062574705927, 'trop_k_veg': 2.3958419424586768}.
[I 2026-06-09 12:05:34,351] Trial 252 finished with values: [10.885883614019903, 10.885883614019903] and parameters: {'k1': 0.07076022085822008, 'D_low': 10.16551026641873, 'k2': 0.0009749762207436118, 'D_high': 159.77662354833882, 'fire_exp': 1.9268171109476195, 'P_half': 1.4045842344024697, 'pre_dampen_half': 11.164047352793695, 'gpp_af': 0.32613327839065587, 'gpp_b': 0.17117921683384604, 'gpp_d': 0.2473046721099913, 'ign_k': 5.023348046919798, 'ign_c': 0.9083381663660584, 'trop_agb_crit': 16.408949267986486, 'trop_k_veg': 1.942360571179168}.
[I 2026-06-09 12:05:35,616] Trial 253 finished with values: [-0.4521545227652511, 0.37178824527632637] and parameters: {'k1': 0.05832560268546887, 'D_low': 1.533916259116362, 'k2': 5.153993511603138e-05, 'D_high': 69868.4759244566, 'fire_exp': 1.4848387260494937, 'P_half': 64.52946500764233, 'pre_dampen_half': 673.2248920775328, 'gpp_af': 96.4653310890222, 'gpp_b': 0.00977702299083608, 'gpp_d': 26.003623362924223, 'ign_k': 0.0018548376790967168, 'ign_c': 5.762487216478598, 'trop_agb_crit': 2.0420012944047587, 'trop_k_veg': 4.51930447316402}.
[I 2026-06-09 12:05:36,920] Trial 254 finished with values: [10.881544754365578, 10.881544754365578] and parameters: {'k1': 0.0071350717305711155, 'D_low': 136.0956887810302, 'k2': 0.0011135501184757278, 'D_high': 1687.3495104568947, 'fire_exp': 2.638909828216385, 'P_half': 17.655835392092534, 'pre_dampen_half': 7.084445284509009, 'gpp_af': 0.0030611349005284453, 'gpp_b': 0.0004125336560355494, 'gpp_d': 1.6983565276584263, 'ign_k': 0.0012030530850061366, 'ign_c': 1.9423015749984096, 'trop_agb_crit': 1.5144860262751405, 'trop_k_veg': 4.8737397608275925}.
[I 2026-06-09 12:05:38,228] Trial 255 finished with values: [-0.5213996540090995, 0.32770147993027754] and parameters: {'k1': 0.05832560268546887, 'D_low': 35.02761367842313, 'k2': 0.0009749762207436118, 'D_high': 39655.03094323017, 'fire_exp': 1.14171776851287, 'P_half': 1.4045842344024697, 'pre_dampen_half': 11.164047352793695, 'gpp_af': 0.13767835510755025, 'gpp_b': 3.686869490609954e-05, 'gpp_d': 26.003623362924223, 'ign_k': 0.0019264360371306567, 'ign_c': 1.887567630782227, 'trop_agb_crit': 1.6369193980425034, 'trop_k_veg': 4.51930447316402}.
[I 2026-06-09 12:05:39,594] Trial 256 finished with values: [10.619327457410336, 10.619327457410336] and parameters: {'k1': 9.969469187531805e-05, 'D_low': 2.2636544662054536, 'k2': 4.540076719227351e-05, 'D_high': 18125.870836716233, 'fire_exp': 1.1615865989246452, 'P_half': 17.655835392092534, 'pre_dampen_half': 3.289170255990991, 'gpp_af': 0.5107061330406066, 'gpp_b': 0.002262927522655115, 'gpp_d': 99.3234953243749, 'ign_k': 0.32478918389192313, 'ign_c': 0.21234210963705627, 'trop_agb_crit': 1.5144860262751405, 'trop_k_veg': 1.4512605839776356}.
[I 2026-06-09 12:05:40,936] Trial 257 finished with values: [10.694143712714146, 10.694143712714146] and parameters: {'k1': 0.05832560268546887, 'D_low': 1.533916259116362, 'k2': 0.06994589881535453, 'D_high': 200.1342062287997, 'fire_exp': 1.4848387260494937, 'P_half': 17.655835392092534, 'pre_dampen_half': 25.017068255320467, 'gpp_af': 5.244830565633045, 'gpp_b': 0.0006724850206557243, 'gpp_d': 26.003623362924223, 'ign_k': 0.004625231503129158, 'ign_c': 5.762487216478598, 'trop_agb_crit': 1.5144860262751405, 'trop_k_veg': 4.51930447316402}.
[I 2026-06-09 12:05:42,137] Trial 258 finished with values: [10.401393065746724, 10.401393065746724] and parameters: {'k1': 0.05832560268546887, 'D_low': 35.02761367842313, 'k2': 1.3357240411974104e-05, 'D_high': 69868.4759244566, 'fire_exp': 1.14171776851287, 'P_half': 45.55085098454082, 'pre_dampen_half': 11.164047352793695, 'gpp_af': 0.5107061330406066, 'gpp_b': 3.686869490609954e-05, 'gpp_d': 0.2473046721099913, 'ign_k': 0.0019264360371306567, 'ign_c': 1.887567630782227, 'trop_agb_crit': 2.679156169946616, 'trop_k_veg': 4.51930447316402}.
[I 2026-06-09 12:05:43,399] Trial 259 finished with values: [10.503426295442665, 10.503426295442665] and parameters: {'k1': 6.404854675916172e-05, 'D_low': 12.115155843077673, 'k2': 0.0005700142105246941, 'D_high': 18125.870836716233, 'fire_exp': 2.0859967986741856, 'P_half': 149.35213816355395, 'pre_dampen_half': 566.2858823465564, 'gpp_af': 1.3218737536384089, 'gpp_b': 0.002262927522655115, 'gpp_d': 1.2434469102435366, 'ign_k': 0.3242143344038317, 'ign_c': 1.8836925134820866, 'trop_agb_crit': 19.51558406059598, 'trop_k_veg': 4.51930447316402}.
[I 2026-06-09 12:05:44,679] Trial 260 finished with values: [10.110266203612937, 10.110266203612937] and parameters: {'k1': 9.969469187531805e-05, 'D_low': 10.16551026641873, 'k2': 0.037633129263701104, 'D_high': 14268.845807630427, 'fire_exp': 1.9268171109476195, 'P_half': 17.655835392092534, 'pre_dampen_half': 340.6909167027263, 'gpp_af': 5.244830565633045, 'gpp_b': 2.036444166653217e-05, 'gpp_d': 7.070472286699648, 'ign_k': 1.1215915868662767, 'ign_c': 1.0022396791143333, 'trop_agb_crit': 1.6369193980425034, 'trop_k_veg': 3.6260119779455584}.
[I 2026-06-09 12:05:46,078] Trial 261 finished with values: [11.199366786194744, 11.199366786194744] and parameters: {'k1': 0.007519407491506672, 'D_low': 2.2636544662054536, 'k2': 0.06994589881535453, 'D_high': 69868.4759244566, 'fire_exp': 1.14171776851287, 'P_half': 45.55085098454082, 'pre_dampen_half': 340.6909167027263, 'gpp_af': 0.5107061330406066, 'gpp_b': 0.0028993292583566945, 'gpp_d': 26.003623362924223, 'ign_k': 0.008226074946221037, 'ign_c': 0.20319809838424974, 'trop_agb_crit': 2.679156169946616, 'trop_k_veg': 1.1984430479717227}.
[I 2026-06-09 12:05:47,562] Trial 262 finished with values: [10.506161289986881, 10.506161289986881] and parameters: {'k1': 6.404854675916172e-05, 'D_low': 2.7012557725439073, 'k2': 1.3357240411974104e-05, 'D_high': 18125.870836716233, 'fire_exp': 1.6529278148136084, 'P_half': 149.35213816355395, 'pre_dampen_half': 566.2858823465564, 'gpp_af': 0.017638479543546873, 'gpp_b': 0.002262927522655115, 'gpp_d': 99.3234953243749, 'ign_k': 1.1215915868662767, 'ign_c': 0.21234210963705627, 'trop_agb_crit': 2.679156169946616, 'trop_k_veg': 4.51930447316402}.
[I 2026-06-09 12:05:49,041] Trial 263 finished with values: [10.676316938555322, 10.676316938555322] and parameters: {'k1': 0.007519407491506672, 'D_low': 2.2636544662054536, 'k2': 0.06994589881535453, 'D_high': 48.094619675015736, 'fire_exp': 1.4848387260494937, 'P_half': 45.55085098454082, 'pre_dampen_half': 345.01054536130147, 'gpp_af': 0.5107061330406066, 'gpp_b': 0.00977702299083608, 'gpp_d': 99.3234953243749, 'ign_k': 0.0018548376790967168, 'ign_c': 0.20319809838424974, 'trop_agb_crit': 1.6059119829430093, 'trop_k_veg': 2.8957014754094748}.
[I 2026-06-09 12:05:50,317] Trial 264 finished with values: [10.664788096984527, 10.664788096984527] and parameters: {'k1': 9.969469187531805e-05, 'D_low': 2.2636544662054536, 'k2': 4.540076719227351e-05, 'D_high': 41821.78526757458, 'fire_exp': 1.14171776851287, 'P_half': 17.655835392092534, 'pre_dampen_half': 151.32148777056312, 'gpp_af': 0.5107061330406066, 'gpp_b': 0.002262927522655115, 'gpp_d': 7.070472286699648, 'ign_k': 1.1215915868662767, 'ign_c': 1.0022396791143333, 'trop_agb_crit': 1.5144860262751405, 'trop_k_veg': 1.4512605839776356}.
[I 2026-06-09 12:05:51,652] Trial 265 finished with values: [10.196277349034183, 10.196277349034183] and parameters: {'k1': 0.0630731811849173, 'D_low': 12.115155843077673, 'k2': 0.0005700142105246941, 'D_high': 39655.03094323017, 'fire_exp': 1.060109541566103, 'P_half': 149.35213816355395, 'pre_dampen_half': 345.01054536130147, 'gpp_af': 4.874291611803563, 'gpp_b': 5.0279186721731925e-05, 'gpp_d': 0.0735311909944862, 'ign_k': 0.3242143344038317, 'ign_c': 1.0022396791143333, 'trop_agb_crit': 1.5144860262751405, 'trop_k_veg': 3.6260119779455584}.
[I 2026-06-09 12:05:53,005] Trial 266 finished with values: [10.863274574681896, 10.863274574681896] and parameters: {'k1': 0.013975908789482218, 'D_low': 90.71933427331369, 'k2': 0.002148652800991412, 'D_high': 3512.7047262708465, 'fire_exp': 1.0577932261029366, 'P_half': 818.2111518618419, 'pre_dampen_half': 0.027993358856978585, 'gpp_af': 0.0018077112775902943, 'gpp_b': 0.0006724850206557243, 'gpp_d': 1.2434469102435366, 'ign_k': 0.5456725485601477, 'ign_c': 0.20319809838424974, 'trop_agb_crit': 8.404607864475192, 'trop_k_veg': 5.06204715641377}.
[I 2026-06-09 12:05:54,434] Trial 267 finished with values: [10.847937529856251, 10.847937529856251] and parameters: {'k1': 6.404854675916172e-05, 'D_low': 10.16551026641873, 'k2': 0.0004680832528336201, 'D_high': 41821.78526757458, 'fire_exp': 1.608176525358426, 'P_half': 7089.141723796886, 'pre_dampen_half': 248.65176012626176, 'gpp_af': 1.3218737536384089, 'gpp_b': 0.0012749409641020352, 'gpp_d': 7.070472286699648, 'ign_k': 1.1215915868662767, 'ign_c': 1.0022396791143333, 'trop_agb_crit': 6.475515989686909, 'trop_k_veg': 6.863422129054255}.
[I 2026-06-09 12:05:55,724] Trial 268 finished with values: [10.732903888261776, 10.732903888261776] and parameters: {'k1': 0.015161591075671724, 'D_low': 12.115155843077673, 'k2': 1.5167330688076188e-05, 'D_high': 949.9072859745386, 'fire_exp': 1.060109541566103, 'P_half': 33.019434616055364, 'pre_dampen_half': 2.1727389818185947, 'gpp_af': 1.8075983730158514, 'gpp_b': 5.0279186721731925e-05, 'gpp_d': 0.0735311909944862, 'ign_k': 0.0037322156377670697, 'ign_c': 0.13327004373604828, 'trop_agb_crit': 1.6369193980425034, 'trop_k_veg': 3.6260119779455584}.
[I 2026-06-09 12:05:57,062] Trial 269 finished with values: [10.88555543092822, 10.88555543092822] and parameters: {'k1': 0.015161591075671724, 'D_low': 136.0956887810302, 'k2': 1.5412172709801895e-05, 'D_high': 63233.81951066786, 'fire_exp': 2.638909828216385, 'P_half': 17.655835392092534, 'pre_dampen_half': 340.6909167027263, 'gpp_af': 0.017638479543546873, 'gpp_b': 0.047914651670344276, 'gpp_d': 0.0735311909944862, 'ign_k': 0.3242143344038317, 'ign_c': 5.762487216478598, 'trop_agb_crit': 1.5144860262751405, 'trop_k_veg': 4.8737397608275925}.
[I 2026-06-09 12:05:58,317] Trial 270 finished with values: [10.315108005965829, 10.315108005965829] and parameters: {'k1': 1.263794633808287e-05, 'D_low': 1.533916259116362, 'k2': 0.0005700142105246941, 'D_high': 20.59802236544963, 'fire_exp': 1.14171776851287, 'P_half': 1.8942844905792813, 'pre_dampen_half': 345.01054536130147, 'gpp_af': 0.017638479543546873, 'gpp_b': 0.0012749409641020352, 'gpp_d': 0.0735311909944862, 'ign_k': 0.5456725485601477, 'ign_c': 1.0022396791143333, 'trop_agb_crit': 1.5144860262751405, 'trop_k_veg': 6.030247256556128}.
[I 2026-06-09 12:05:59,662] Trial 271 finished with values: [10.85832566288874, 10.85832566288874] and parameters: {'k1': 0.015161591075671724, 'D_low': 12.115155843077673, 'k2': 0.037633129263701104, 'D_high': 14268.845807630427, 'fire_exp': 1.060109541566103, 'P_half': 17.655835392092534, 'pre_dampen_half': 340.6909167027263, 'gpp_af': 1.8075983730158514, 'gpp_b': 5.0279186721731925e-05, 'gpp_d': 0.06841789850667167, 'ign_k': 1.1215915868662767, 'ign_c': 0.9083381663660584, 'trop_agb_crit': 6.475515989686909, 'trop_k_veg': 3.6260119779455584}.
[I 2026-06-09 12:06:01,149] Trial 272 finished with values: [10.199115539517681, 10.199115539517681] and parameters: {'k1': 0.009782222138048972, 'D_low': 13.180029267201178, 'k2': 0.037633129263701104, 'D_high': 39655.03094323017, 'fire_exp': 2.4204227225778934, 'P_half': 149.35213816355395, 'pre_dampen_half': 340.6909167027263, 'gpp_af': 0.007619648413221235, 'gpp_b': 5.0279186721731925e-05, 'gpp_d': 0.0735311909944862, 'ign_k': 7.660074273652684, 'ign_c': 21.132597710340573, 'trop_agb_crit': 1.6059119829430093, 'trop_k_veg': 1.8981057964668895}.
