[I 2026-06-10 21:13:24,249] Trial 148 finished with values: [10.750924109328992, 10.750924109328992] and parameters: {'k1': 0.016973078532467004, 'D_low': 50.32059347286801, 'k2': 0.0001870742013766025, 'D_high': 93.24787201197321, 'fire_exp': 1.2347586388212888, 'P_half': 318.834644588275, 'pre_dampen_half': 0.2774295811500811, 'gpp_af': 0.10098504976210308, 'gpp_b': 8.436771591930808e-05, 'gpp_d': 3.57879245350232, 'ign_k': 0.0467351899956275, 'ign_c': 0.773448215664679, 'trop_agb_crit': 3.1419938725278875, 'trop_k_veg': 2.724170387400844, 'fire_amp': 1.1202509284327942}.
[I 2026-06-10 21:13:25,991] Trial 149 finished with values: [10.614300391883393, 10.614300391883393] and parameters: {'k1': 0.0001887567630782227, 'D_low': 1.7551403048208316, 'k2': 0.0001280886335404798, 'D_high': 18108.14362107968, 'fire_exp': 1.9136159174067866, 'P_half': 5.4712187293420325, 'pre_dampen_half': 269.0845367054866, 'gpp_af': 0.07118041471054574, 'gpp_b': 0.049565458633074926, 'gpp_d': 47.35384181058586, 'ign_k': 0.029898855088295265, 'ign_c': 1.3431925993528124, 'trop_agb_crit': 12.708819454040446, 'trop_k_veg': 4.0068236274914755, 'fire_amp': 1.5719333351012774}.
[I 2026-06-10 21:13:27,606] Trial 150 finished with values: [12.376951627182125, 12.376951627182125] and parameters: {'k1': 5.178197947282869e-05, 'D_low': 408.3047491580097, 'k2': 0.02065142557895925, 'D_high': 24.9899605789089, 'fire_exp': 1.0812994412809738, 'P_half': 9.580682294110435, 'pre_dampen_half': 189.88136301569827, 'gpp_af': 14.161176080022173, 'gpp_b': 2.800940363375676e-05, 'gpp_d': 21.899070557043984, 'ign_k': 0.00660597889201953, 'ign_c': 1.4879588507789996, 'trop_agb_crit': 8.0091368834625, 'trop_k_veg': 0.5183533149347164, 'fire_amp': 1.5180207449214471}.
[I 2026-06-10 21:13:28,953] Trial 151 finished with values: [10.779371098564742, 10.779371098564742] and parameters: {'k1': 5.178197947282869e-05, 'D_low': 408.3047491580097, 'k2': 8.968733598183248e-05, 'D_high': 32311.521854410956, 'fire_exp': 1.7505406131449859, 'P_half': 436.4516946807792, 'pre_dampen_half': 1.3833139021965035, 'gpp_af': 68.11991466118579, 'gpp_b': 1.4008921101492135e-05, 'gpp_d': 184.0972398983907, 'ign_k': 0.00660597889201953, 'ign_c': 3.470490935437501, 'trop_agb_crit': 21.380932890222198, 'trop_k_veg': 2.8926781829782864, 'fire_amp': 1.3548493046145347}.
[I 2026-06-10 21:13:30,336] Trial 152 finished with values: [10.820787180579723, 10.820787180579723] and parameters: {'k1': 5.7909642338812115e-05, 'D_low': 1216.4139351417061, 'k2': 1.97778285124627e-05, 'D_high': 30227.031291375773, 'fire_exp': 1.264103030891254, 'P_half': 2834.090429514774, 'pre_dampen_half': 0.16974173693738634, 'gpp_af': 0.04513257622008944, 'gpp_b': 1.3415796596713932e-05, 'gpp_d': 0.3588488911386258, 'ign_k': 0.01998634077852888, 'ign_c': 7.832259769732471, 'trop_agb_crit': 8.74479618932312, 'trop_k_veg': 5.85168037586392, 'fire_amp': 2.042193818779288}.
[I 2026-06-10 21:13:32,110] Trial 153 finished with values: [10.43750125538385, 10.43750125538385] and parameters: {'k1': 0.014666151770108535, 'D_low': 1440.3650379563878, 'k2': 1.1417577140741129e-05, 'D_high': 29.126651668813768, 'fire_exp': 1.14171776851287, 'P_half': 157.80309954142965, 'pre_dampen_half': 1.6130673726933187, 'gpp_af': 27.448645214004376, 'gpp_b': 0.006999112505425414, 'gpp_d': 236.32429088389833, 'ign_k': 0.09256855841989636, 'ign_c': 13.054148118849394, 'trop_agb_crit': 1.8023542850487386, 'trop_k_veg': 1.6648666152166967, 'fire_amp': 2.042193818779288}.
[I 2026-06-10 21:13:34,346] Trial 154 finished with values: [-0.304031603952391, 0.010930150420730977] and parameters: {'k1': 0.05705198955850472, 'D_low': 1739.6167422846984, 'k2': 0.01567230746060024, 'D_high': 44974.07193749848, 'fire_exp': 3.2459542834651627, 'P_half': 101.40635645866499, 'pre_dampen_half': 98.05638874011484, 'gpp_af': 1.7775411110039254, 'gpp_b': 0.16285506249643175, 'gpp_d': 95.2715755007094, 'ign_k': 3.6309591863459096, 'ign_c': 2.2489542843914485, 'trop_agb_crit': 3.5874145253515306, 'trop_k_veg': 0.6488368931910606, 'fire_amp': 2.818314238665462}.
[I 2026-06-10 21:13:36,656] Trial 155 finished with values: [10.81725929559565, 10.81725929559565] and parameters: {'k1': 0.016973078532467004, 'D_low': 2.843767489444367, 'k2': 0.0499774937030317, 'D_high': 27.55546207779663, 'fire_exp': 1.1633452995374232, 'P_half': 1265.0580856641704, 'pre_dampen_half': 1.8469033699850426, 'gpp_af': 0.5970408652384318, 'gpp_b': 0.015062722325200045, 'gpp_d': 0.1619054449471649, 'ign_k': 0.17320535908244444, 'ign_c': 0.4177928311636542, 'trop_agb_crit': 24.199763404822136, 'trop_k_veg': 5.453348988480011, 'fire_amp': 1.8357623383234334}.
[I 2026-06-10 21:13:38,683] Trial 156 finished with values: [10.558676296471637, 10.558676296471637] and parameters: {'k1': 0.0029067012153229104, 'D_low': 347.03605955441515, 'k2': 1.5178052094448868e-05, 'D_high': 315.101491238403, 'fire_exp': 1.1633452995374232, 'P_half': 1265.0580856641704, 'pre_dampen_half': 1.8469033699850426, 'gpp_af': 0.5970408652384318, 'gpp_b': 9.497440085397415e-05, 'gpp_d': 0.1619054449471649, 'ign_k': 0.17320535908244444, 'ign_c': 0.4177928311636542, 'trop_agb_crit': 1.8566494291193822, 'trop_k_veg': 5.453348988480011, 'fire_amp': 2.804180410489304}.
[I 2026-06-10 21:13:40,463] Trial 157 finished with values: [14.739091348838627, 14.739091348838627] and parameters: {'k1': 0.00023134781612225627, 'D_low': 2.843767489444367, 'k2': 0.0499774937030317, 'D_high': 949.9072859745386, 'fire_exp': 1.14171776851287, 'P_half': 157.80309954142965, 'pre_dampen_half': 123.04779330083686, 'gpp_af': 97.64961889396923, 'gpp_b': 0.015062722325200045, 'gpp_d': 20.81401325574021, 'ign_k': 0.002357279455676982, 'ign_c': 388.02797007866826, 'trop_agb_crit': 8.188098178380693, 'trop_k_veg': 1.2749676887479542, 'fire_amp': 5.416595007374148}.
[I 2026-06-10 21:13:42,442] Trial 158 finished with values: [10.785563114194904, 10.785563114194904] and parameters: {'k1': 0.014666151770108535, 'D_low': 1440.3650379563878, 'k2': 0.0001870742013766025, 'D_high': 252.84086172415604, 'fire_exp': 1.14171776851287, 'P_half': 157.80309954142965, 'pre_dampen_half': 1.6130673726933187, 'gpp_af': 0.10098504976210308, 'gpp_b': 0.0012749409641020352, 'gpp_d': 0.03848886303127135, 'ign_k': 0.0037322156377670697, 'ign_c': 0.773448215664679, 'trop_agb_crit': 8.188098178380693, 'trop_k_veg': 0.6618107836658104, 'fire_amp': 1.1626468420952578}.
[I 2026-06-10 21:13:44,873] Trial 159 finished with values: [10.833332925362784, 10.833332925362784] and parameters: {'k1': 0.0001971137615017176, 'D_low': 50.32059347286801, 'k2': 0.0010726091927327822, 'D_high': 93.24787201197321, 'fire_exp': 5.850436756059748, 'P_half': 277.00025557434554, 'pre_dampen_half': 0.2774295811500811, 'gpp_af': 0.8057329182285734, 'gpp_b': 8.436771591930808e-05, 'gpp_d': 2.5450745565416026, 'ign_k': 0.13500744867919376, 'ign_c': 0.1611736893633666, 'trop_agb_crit': 3.1419938725278875, 'trop_k_veg': 0.7258074184598352, 'fire_amp': 2.054769179924021}.
[I 2026-06-10 21:13:47,032] Trial 160 finished with values: [10.814992720970345, 10.814992720970345] and parameters: {'k1': 0.00035868164986275477, 'D_low': 15.0613200804335, 'k2': 0.02065142557895925, 'D_high': 11335.04312156179, 'fire_exp': 1.9095652801045373, 'P_half': 148.17820606039086, 'pre_dampen_half': 2.736251365128462, 'gpp_af': 10.25616274847308, 'gpp_b': 0.6296968715955544, 'gpp_d': 1.336803341156552, 'ign_k': 1.2273800987852967, 'ign_c': 0.6235377135673155, 'trop_agb_crit': 1.0189592979395135, 'trop_k_veg': 4.796046723963646, 'fire_amp': 1.5873607039193782}.
[I 2026-06-10 21:13:50,016] Trial 161 finished with values: [15.018157124408923, 15.018157124408923] and parameters: {'k1': 4.739584301027366e-05, 'D_low': 148.21691630007544, 'k2': 8.968733598183248e-05, 'D_high': 22.636544662054543, 'fire_exp': 1.3201882743050743, 'P_half': 83.08114652888392, 'pre_dampen_half': 123.04779330083686, 'gpp_af': 14.161176080022173, 'gpp_b': 0.002416023630607169, 'gpp_d': 3.57879245350232, 'ign_k': 0.0467351899956275, 'ign_c': 1.4879588507789996, 'trop_agb_crit': 8.462233625364036, 'trop_k_veg': 0.5183533149347164, 'fire_amp': 5.416595007374148}.
[I 2026-06-10 21:13:53,912] Trial 162 finished with values: [10.82081289406639, 10.82081289406639] and parameters: {'k1': 0.005967518552547517, 'D_low': 148.21691630007544, 'k2': 0.0001016707987819611, 'D_high': 241.42596390104578, 'fire_exp': 1.5191397119156032, 'P_half': 4303.306161410612, 'pre_dampen_half': 8.259599205585761, 'gpp_af': 0.10098504976210308, 'gpp_b': 0.005916090676703775, 'gpp_d': 545.0253444559129, 'ign_k': 0.004105873950290761, 'ign_c': 22.126836566118193, 'trop_agb_crit': 5.588032458772675, 'trop_k_veg': 2.724170387400844, 'fire_amp': 1.032981306188127}.
[I 2026-06-10 21:13:55,918] Trial 163 finished with values: [10.833328982322437, 10.833328982322437] and parameters: {'k1': 0.0032360993995751053, 'D_low': 408.3047491580097, 'k2': 8.968733598183248e-05, 'D_high': 271.55819552829405, 'fire_exp': 1.7505406131449859, 'P_half': 2834.090429514774, 'pre_dampen_half': 1.8469033699850426, 'gpp_af': 0.04513257622008944, 'gpp_b': 3.065290756308075, 'gpp_d': 1.241231030920016, 'ign_k': 0.01998634077852888, 'ign_c': 0.4177928311636542, 'trop_agb_crit': 21.086120736447015, 'trop_k_veg': 5.636143940068465, 'fire_amp': 5.831305332032283}.
[I 2026-06-10 21:13:57,827] Trial 164 finished with values: [10.807189791234126, 10.807189791234126] and parameters: {'k1': 0.00035868164986275477, 'D_low': 1739.6167422846984, 'k2': 0.01183296705746878, 'D_high': 44974.07193749848, 'fire_exp': 3.2459542834651627, 'P_half': 148.17820606039086, 'pre_dampen_half': 0.050654860639753524, 'gpp_af': 1.7775411110039254, 'gpp_b': 2.800940363375676e-05, 'gpp_d': 95.2715755007094, 'ign_k': 3.6309591863459096, 'ign_c': 0.6235377135673155, 'trop_agb_crit': 4.140875693557523, 'trop_k_veg': 0.6488368931910606, 'fire_amp': 2.818314238665462}.
[I 2026-06-10 21:14:00,207] Trial 165 finished with values: [10.571767067703528, 10.571767067703528] and parameters: {'k1': 0.0004846497679219079, 'D_low': 236.79352040223893, 'k2': 0.0499774937030317, 'D_high': 10484.531351650956, 'fire_exp': 1.6901885781909627, 'P_half': 2.226799690893868, 'pre_dampen_half': 0.11609694921678075, 'gpp_af': 2.9749683811098437, 'gpp_b': 0.29691821779634864, 'gpp_d': 20.81401325574021, 'ign_k': 0.22891315306837046, 'ign_c': 3.706603917411953, 'trop_agb_crit': 24.199763404822136, 'trop_k_veg': 6.133177812136482, 'fire_amp': 5.416595007374148}.
[I 2026-06-10 21:14:02,602] Trial 166 finished with values: [10.833333332159754, 10.833333332159754] and parameters: {'k1': 0.016973078532467004, 'D_low': 171.2446447678494, 'k2': 0.008919267853250165, 'D_high': 27.55546207779663, 'fire_exp': 4.2769938521987285, 'P_half': 51.10120656497163, 'pre_dampen_half': 123.04779330083686, 'gpp_af': 0.2204465010099918, 'gpp_b': 0.015062722325200045, 'gpp_d': 0.09467055845337147, 'ign_k': 0.002357279455676982, 'ign_c': 388.02797007866826, 'trop_agb_crit': 12.647327018493208, 'trop_k_veg': 1.2749676887479542, 'fire_amp': 5.606809127618709}.
[I 2026-06-10 21:14:04,475] Trial 167 finished with values: [10.337914638672705, 10.337914638672705] and parameters: {'k1': 5.7909642338812115e-05, 'D_low': 24.28756508761176, 'k2': 0.00037358626308127543, 'D_high': 8912.611835817017, 'fire_exp': 1.5315561686017187, 'P_half': 93.43302657318476, 'pre_dampen_half': 1.8469033699850426, 'gpp_af': 0.015627364027979502, 'gpp_b': 2.176805640408474e-05, 'gpp_d': 0.09467055845337147, 'ign_k': 0.0029519227433917453, 'ign_c': 39.52220881906114, 'trop_agb_crit': 12.647327018493208, 'trop_k_veg': 5.453348988480011, 'fire_amp': 3.1045399027418377}.
[I 2026-06-10 21:14:06,436] Trial 168 finished with values: [10.83120310044349, 10.83120310044349] and parameters: {'k1': 5.7909642338812115e-05, 'D_low': 1216.4139351417061, 'k2': 1.97778285124627e-05, 'D_high': 24.9899605789089, 'fire_exp': 1.7505406131449859, 'P_half': 2834.090429514774, 'pre_dampen_half': 1.8469033699850426, 'gpp_af': 0.04513257622008944, 'gpp_b': 0.002416023630607169, 'gpp_d': 21.899070557043984, 'ign_k': 0.01998634077852888, 'ign_c': 0.4177928311636542, 'trop_agb_crit': 1.456074715900995, 'trop_k_veg': 5.85168037586392, 'fire_amp': 1.1655705619308396}.
[I 2026-06-10 21:14:08,828] Trial 169 finished with values: [19.757930410526562, 19.757930410526562] and parameters: {'k1': 5.7909642338812115e-05, 'D_low': 1.4002277211577039, 'k2': 0.0007731571570012607, 'D_high': 42210.21267871043, 'fire_exp': 1.1633452995374232, 'P_half': 1265.0580856641704, 'pre_dampen_half': 231.59500020699807, 'gpp_af': 0.41874665092828456, 'gpp_b': 0.004411400434514031, 'gpp_d': 1.0088237648985734, 'ign_k': 0.17320535908244444, 'ign_c': 0.4177928311636542, 'trop_agb_crit': 1.8566494291193822, 'trop_k_veg': 2.520089655463604, 'fire_amp': 3.713485315741754}.
[I 2026-06-10 21:14:10,740] Trial 170 finished with values: [11.331284276932555, 11.331284276932555] and parameters: {'k1': 1.1281785190969807e-05, 'D_low': 15.0613200804335, 'k2': 0.0499774937030317, 'D_high': 262.11304189124235, 'fire_exp': 1.3807440352456883, 'P_half': 45.55085098454082, 'pre_dampen_half': 123.04779330083686, 'gpp_af': 29.700320404259642, 'gpp_b': 0.015062722325200045, 'gpp_d': 20.81401325574021, 'ign_k': 0.002357279455676982, 'ign_c': 1.4091459170104739, 'trop_agb_crit': 2.0420012944047587, 'trop_k_veg': 1.2749676887479542, 'fire_amp': 1.5873607039193782}.
[I 2026-06-10 21:14:12,825] Trial 171 finished with values: [11.548919877857307, 11.548919877857307] and parameters: {'k1': 0.0869690639641868, 'D_low': 2267.735223551285, 'k2': 0.00037358626308127543, 'D_high': 36998.679204890876, 'fire_exp': 1.14171776851287, 'P_half': 93.43302657318476, 'pre_dampen_half': 9.044346216330972, 'gpp_af': 0.2204465010099918, 'gpp_b': 2.1309331861011757e-05, 'gpp_d': 0.4742269251269962, 'ign_k': 0.0029519227433917453, 'ign_c': 39.52220881906114, 'trop_agb_crit': 12.647327018493208, 'trop_k_veg': 2.520089655463604, 'fire_amp': 2.6192385880432525}.
[I 2026-06-10 21:14:14,742] Trial 172 finished with values: [-0.5201390527685245, 0.038717124073776144] and parameters: {'k1': 0.00026539376439360527, 'D_low': 1074.940539517341, 'k2': 1.1417577140741129e-05, 'D_high': 29.126651668813768, 'fire_exp': 1.9783727454920947, 'P_half': 1.4551749476072258, 'pre_dampen_half': 30.456909077772018, 'gpp_af': 1.3954498518315706, 'gpp_b': 0.006999112505425414, 'gpp_d': 47.35384181058586, 'ign_k': 0.09256855841989636, 'ign_c': 7.832259769732471, 'trop_agb_crit': 1.8023542850487386, 'trop_k_veg': 1.6648666152166967, 'fire_amp': 4.2446263054164195}.
[I 2026-06-10 21:14:16,891] Trial 173 finished with values: [10.830413018656799, 10.830413018656799] and parameters: {'k1': 0.012840669372724958, 'D_low': 408.3047491580097, 'k2': 8.968733598183248e-05, 'D_high': 24.9899605789089, 'fire_exp': 4.2769938521987285, 'P_half': 9.580682294110435, 'pre_dampen_half': 189.88136301569827, 'gpp_af': 0.014724438934285355, 'gpp_b': 0.002416023630607169, 'gpp_d': 21.899070557043984, 'ign_k': 0.00660597889201953, 'ign_c': 39.52220881906114, 'trop_agb_crit': 21.086120736447015, 'trop_k_veg': 0.5618951132741115, 'fire_amp': 1.1655705619308396}.
[I 2026-06-10 21:14:18,657] Trial 174 finished with values: [10.831061359845563, 10.831061359845563] and parameters: {'k1': 5.178197947282869e-05, 'D_low': 8832.039346746853, 'k2': 8.968733598183248e-05, 'D_high': 24.9899605789089, 'fire_exp': 1.7505406131449859, 'P_half': 4.087300390305745, 'pre_dampen_half': 0.16974173693738634, 'gpp_af': 0.006359264168909611, 'gpp_b': 0.002416023630607169, 'gpp_d': 0.26636419343091605, 'ign_k': 0.00660597889201953, 'ign_c': 1.4879588507789996, 'trop_agb_crit': 1.3137567821944718, 'trop_k_veg': 2.1406449943451844, 'fire_amp': 1.1655705619308396}.
[I 2026-06-10 21:14:21,004] Trial 175 finished with values: [10.601560387759829, 10.601560387759829] and parameters: {'k1': 0.012840669372724958, 'D_low': 171.2446447678494, 'k2': 0.00037358626308127543, 'D_high': 36998.679204890876, 'fire_exp': 4.2769938521987285, 'P_half': 93.43302657318476, 'pre_dampen_half': 30.697381831179275, 'gpp_af': 0.2204465010099918, 'gpp_b': 2.176805640408474e-05, 'gpp_d': 0.09467055845337147, 'ign_k': 0.0029519227433917453, 'ign_c': 39.52220881906114, 'trop_agb_crit': 12.647327018493208, 'trop_k_veg': 2.520089655463604, 'fire_amp': 5.606809127618709}.
[I 2026-06-10 21:14:22,853] Trial 176 finished with values: [22.951533298364225, 22.951533298364225] and parameters: {'k1': 9.132348475718357e-05, 'D_low': 2.011190979341456, 'k2': 3.277320296937061e-05, 'D_high': 32.52245757497283, 'fire_exp': 1.0420149135640993, 'P_half': 774.5825831079144, 'pre_dampen_half': 189.88136301569827, 'gpp_af': 14.161176080022173, 'gpp_b': 0.002416023630607169, 'gpp_d': 21.899070557043984, 'ign_k': 0.07867677706257832, 'ign_c': 1.4879588507789996, 'trop_agb_crit': 1.7969555911761859, 'trop_k_veg': 0.5183533149347164, 'fire_amp': 5.869450070968175}.
[I 2026-06-10 21:14:24,912] Trial 177 finished with values: [10.145790622179074, 10.145790622179074] and parameters: {'k1': 0.006079905434073396, 'D_low': 37.13474360443033, 'k2': 4.933751600448335e-05, 'D_high': 42.242359735170886, 'fire_exp': 1.7792742686803427, 'P_half': 157.3644610977214, 'pre_dampen_half': 37.40930273158252, 'gpp_af': 5.470750401264765, 'gpp_b': 0.00047819318414852577, 'gpp_d': 0.1448983619020909, 'ign_k': 3.965503094323014, 'ign_c': 3.4321391362415827, 'trop_agb_crit': 8.0091368834625, 'trop_k_veg': 6.172643383211297, 'fire_amp': 1.5587346124822492}.
[I 2026-06-10 21:14:27,167] Trial 178 finished with values: [10.531102357381627, 10.531102357381627] and parameters: {'k1': 0.017276056747028225, 'D_low': 1739.6167422846984, 'k2': 0.02939607009739149, 'D_high': 44974.07193749848, 'fire_exp': 3.2459542834651627, 'P_half': 101.40635645866499, 'pre_dampen_half': 1.3767835510755015, 'gpp_af': 1.7775411110039254, 'gpp_b': 2.800940363375676e-05, 'gpp_d': 95.2715755007094, 'ign_k': 1.6270983114897255, 'ign_c': 2.2489542843914485, 'trop_agb_crit': 3.5874145253515306, 'trop_k_veg': 4.796046723963646, 'fire_amp': 2.6192385880432525}.
[I 2026-06-10 21:14:28,935] Trial 179 finished with values: [10.831856757657178, 10.831856757657178] and parameters: {'k1': 0.0001887567630782227, 'D_low': 2396.0796124300746, 'k2': 5.105542986365652e-05, 'D_high': 18108.14362107968, 'fire_exp': 1.9136159174067866, 'P_half': 69.68111190775313, 'pre_dampen_half': 0.10756440816904224, 'gpp_af': 1.3954498518315706, 'gpp_b': 1.8400604093141188, 'gpp_d': 28.312234265202243, 'ign_k': 0.0014363112408604436, 'ign_c': 157.63098727399432, 'trop_agb_crit': 1.8285200278523417, 'trop_k_veg': 0.6272168087516332, 'fire_amp': 4.2446263054164195}.
[I 2026-06-10 21:14:30,924] Trial 180 finished with values: [10.822299019936551, 10.822299019936551] and parameters: {'k1': 0.0003445931091927334, 'D_low': 8832.039346746853, 'k2': 1.1417577140741129e-05, 'D_high': 1537.592023548176, 'fire_exp': 1.264103030891254, 'P_half': 1.4551749476072258, 'pre_dampen_half': 0.02671457936585047, 'gpp_af': 96.4653310890222, 'gpp_b': 0.00013164432569139702, 'gpp_d': 9.482548804624958, 'ign_k': 0.0018548376790967168, 'ign_c': 99.96359851911319, 'trop_agb_crit': 1.3137567821944718, 'trop_k_veg': 2.1406449943451844, 'fire_amp': 2.042193818779288}.
[I 2026-06-10 21:14:33,453] Trial 181 finished with values: [10.833333332159754, 10.833333332159754] and parameters: {'k1': 0.012840669372724958, 'D_low': 2186.356344942016, 'k2': 0.08661811390647982, 'D_high': 1266.9536563782303, 'fire_exp': 1.4848387260494937, 'P_half': 93.43302657318476, 'pre_dampen_half': 0.012358147737023888, 'gpp_af': 2.5017068255320485, 'gpp_b': 5.0875243087016374e-05, 'gpp_d': 0.03927259340973166, 'ign_k': 0.012480180965117606, 'ign_c': 16.470698221724305, 'trop_agb_crit': 2.100813292597435, 'trop_k_veg': 6.963655030926962, 'fire_amp': 1.4475279918261055}.
[I 2026-06-10 21:14:35,657] Trial 182 finished with values: [10.833213900877944, 10.833213900877944] and parameters: {'k1': 0.006079905434073396, 'D_low': 43.2326421037033, 'k2': 8.968733598183248e-05, 'D_high': 42.242359735170886, 'fire_exp': 1.7792742686803427, 'P_half': 157.3644610977214, 'pre_dampen_half': 37.40930273158252, 'gpp_af': 14.161176080022173, 'gpp_b': 0.5224805001589191, 'gpp_d': 0.027993358856978585, 'ign_k': 0.8945150807271531, 'ign_c': 16.497426799845446, 'trop_agb_crit': 4.1382568201479, 'trop_k_veg': 1.6003641872536711, 'fire_amp': 1.5587346124822492}.
[I 2026-06-10 21:14:37,805] Trial 183 finished with values: [14.128847304218418, 14.128847304218418] and parameters: {'k1': 0.048249142811802544, 'D_low': 1.4002277211577039, 'k2': 0.032845299795769424, 'D_high': 1817.0401889219124, 'fire_exp': 1.1633452995374232, 'P_half': 5.4712187293420325, 'pre_dampen_half': 1.8469033699850426, 'gpp_af': 0.41874665092828456, 'gpp_b': 0.004411400434514031, 'gpp_d': 12.338826503601998, 'ign_k': 0.17320535908244444, 'ign_c': 7.081721844034206, 'trop_agb_crit': 1.8566494291193822, 'trop_k_veg': 5.453348988480011, 'fire_amp': 5.44779717154213}.
[I 2026-06-10 21:14:39,730] Trial 184 finished with values: [10.817088207906398, 10.817088207906398] and parameters: {'k1': 0.014666151770108535, 'D_low': 1440.3650379563878, 'k2': 2.316457903103837e-05, 'D_high': 241.42596390104578, 'fire_exp': 1.5191397119156032, 'P_half': 157.80309954142965, 'pre_dampen_half': 1.6130673726933187, 'gpp_af': 0.10098504976210308, 'gpp_b': 0.005916090676703775, 'gpp_d': 545.0253444559129, 'ign_k': 0.004105873950290761, 'ign_c': 22.126836566118193, 'trop_agb_crit': 5.588032458772675, 'trop_k_veg': 0.6618107836658104, 'fire_amp': 1.032981306188127}.
