[I 2026-08-06 00:06:55,632] Trial 30 finished with values: [10.766592929738636, 10.766592929738636] and parameters: {'k1': 0.00031510149123840285, 'D_low': 318.74227118134144, 'k2': 0.0010293072560417134, 'D_high': 26666.09148594752, 'fire_exp': 4.557153230489669, 'P_half': 4.484744524732794, 'pre_dampen_half': 0.02253428262837267, 'gpp_af': 1.6296576926690896, 'gpp_b': 1.4423407153852965e-05, 'gpp_d': 8.489417776525737, 'ign_k': 5.766615111348428, 'ign_c': 20.03995359361213}.
[I 2026-08-06 00:06:56,565] Trial 31 finished with values: [10.769230768195158, 10.769230768195158] and parameters: {'k1': 0.00035700944411057794, 'D_low': 374.2423001985197, 'k2': 0.0006807874826564588, 'D_high': 1522.1840161091638, 'fire_exp': 8.739061764166133, 'P_half': 35.02761367842313, 'pre_dampen_half': 639.6653397497474, 'gpp_af': 33.63203991537027, 'gpp_b': 0.0001495363613262712, 'gpp_d': 0.022223195374893753, 'ign_k': 0.0025299503921303707, 'ign_c': 0.11827346017839091}.
[I 2026-08-06 00:06:57,498] Trial 32 finished with values: [10.769230768877819, 10.769230768877819] and parameters: {'k1': 2.3865571736727097e-05, 'D_low': 539.5442811888478, 'k2': 1.926436037130656e-05, 'D_high': 188.75676307822278, 'fire_exp': 6.996410952356466, 'P_half': 1.239046892818203, 'pre_dampen_half': 118.12516086413085, 'gpp_af': 0.02566101756040953, 'gpp_b': 5.116688352281462e-05, 'gpp_d': 30.456909077772018, 'ign_k': 0.3279226289997166, 'ign_c': 323.5102565788354}.
[I 2026-08-06 00:06:58,543] Trial 33 finished with values: [10.769230768877819, 10.769230768877819] and parameters: {'k1': 0.008715336806899437, 'D_low': 1636.5290600718067, 'k2': 0.00013431925993528124, 'D_high': 51.257589079379386, 'fire_exp': 5.6313789308320565, 'P_half': 1687.869855879562, 'pre_dampen_half': 896.4492537002844, 'gpp_af': 0.11563475499641605, 'gpp_b': 0.0017065087316216368, 'gpp_d': 76.2192732934521, 'ign_k': 0.02307884981527798, 'ign_c': 528.4809078673597}.
[I 2026-08-06 00:06:59,507] Trial 34 finished with values: [10.647997097695782, 10.647997097695782] and parameters: {'k1': 0.02714257255218683, 'D_low': 51.9967392387832, 'k2': 0.010080550999930625, 'D_high': 10427.291060979045, 'fire_exp': 1.2680134752324452, 'P_half': 4075.7883791361783, 'pre_dampen_half': 3.3594011166738142, 'gpp_af': 13.560863064135962, 'gpp_b': 0.000832333943844274, 'gpp_d': 300.3420512048734, 'ign_k': 0.03604182012888638, 'ign_c': 0.11049703024154134}.
[I 2026-08-06 00:07:00,471] Trial 35 finished with values: [10.769230768877819, 10.769230768877819] and parameters: {'k1': 0.041833856821460375, 'D_low': 2.31817761129035, 'k2': 0.0001893453091519151, 'D_high': 63131.75583634936, 'fire_exp': 8.924977849661843, 'P_half': 196.6760839944309, 'pre_dampen_half': 14.427333163005196, 'gpp_af': 0.1746737362654535, 'gpp_b': 0.0005744663972188569, 'gpp_d': 0.4398683628529413, 'ign_k': 0.4898620823554847, 'ign_c': 102.21111307208339}.
[I 2026-08-06 00:07:01,420] Trial 36 finished with values: [10.765395167209645, 10.765395167209645] and parameters: {'k1': 0.014666151770108535, 'D_low': 1440.3650379563878, 'k2': 2.316457903103837e-05, 'D_high': 949.9072859745386, 'fire_exp': 1.14171776851287, 'P_half': 157.80309954142965, 'pre_dampen_half': 1.6130673726933187, 'gpp_af': 27.448645214004376, 'gpp_b': 0.0012749409641020352, 'gpp_d': 0.03848886303127135, 'ign_k': 0.0037322156377670697, 'ign_c': 111.18405953132105}.
[I 2026-08-06 00:07:02,368] Trial 37 finished with values: [10.362570204658024, 10.362570204658024] and parameters: {'k1': 0.0029707920514735983, 'D_low': 2.5379946629058443, 'k2': 2.1698375693549493e-05, 'D_high': 6366.1449945522045, 'fire_exp': 1.182396148413737, 'P_half': 1938.3858782150498, 'pre_dampen_half': 33.9790424311127, 'gpp_af': 0.0025511964576171086, 'gpp_b': 3.228689523591491e-05, 'gpp_d': 857.4284557962634, 'ign_k': 0.03141110271934876, 'ign_c': 3.0378658251922155}.
[I 2026-08-06 00:07:03,365] Trial 38 finished with values: [10.699987288246138, 10.699987288246138] and parameters: {'k1': 0.01783192664937594, 'D_low': 6151.688122361408, 'k2': 0.08790311296857814, 'D_high': 10316.033434719713, 'fire_exp': 2.3782613909771353, 'P_half': 2.157758652553991, 'pre_dampen_half': 76.86605275420082, 'gpp_af': 0.6194713831445294, 'gpp_b': 0.003510201564752293, 'gpp_d': 340.229467527258, 'ign_k': 0.0027847738314446878, 'ign_c': 9.34330265731847}.
[I 2026-08-06 00:07:04,329] Trial 39 finished with values: [10.76917767530771, 10.76917767530771] and parameters: {'k1': 1.1102341430568339e-05, 'D_low': 74.92772870670282, 'k2': 1.6796279878430503e-05, 'D_high': 29.87250655313649, 'fire_exp': 1.3107692568861353, 'P_half': 395.22208819061166, 'pre_dampen_half': 53.73093479067421, 'gpp_af': 0.8257409555143472, 'gpp_b': 5.9297350775555, 'gpp_d': 0.748777692754551, 'ign_k': 0.013894673469237211, 'ign_c': 298.123706972088}.
[I 2026-08-06 00:07:05,262] Trial 40 finished with values: [10.761962370200843, 10.761962370200843] and parameters: {'k1': 7.841214856323651e-05, 'D_low': 7126.727573532312, 'k2': 1.1184534120760473e-05, 'D_high': 75773.14388518519, 'fire_exp': 1.1044852285094786, 'P_half': 3669.20903969591, 'pre_dampen_half': 4.350163152436989, 'gpp_af': 92.21975850381763, 'gpp_b': 2.7719116797094715e-05, 'gpp_d': 5.878566318396007, 'ign_k': 7.537201787998428, 'ign_c': 12.37061744238074}.
[I 2026-08-06 00:07:06,242] Trial 41 finished with values: [10.769230768877819, 10.769230768877819] and parameters: {'k1': 0.0032930213963426706, 'D_low': 606.7290033535005, 'k2': 0.0006579066240690734, 'D_high': 3237.668055684036, 'fire_exp': 3.8398504643167155, 'P_half': 4023.759749324184, 'pre_dampen_half': 0.016874538403502292, 'gpp_af': 0.02539896080949815, 'gpp_b': 5.040445281577146, 'gpp_d': 282.69551568161273, 'ign_k': 0.06647020392311619, 'ign_c': 30.236421525614126}.
[I 2026-08-06 00:07:07,207] Trial 42 finished with values: [10.769230764693978, 10.769230764693978] and parameters: {'k1': 0.00012868405331151612, 'D_low': 5.6556775246185085, 'k2': 0.0007158031739371039, 'D_high': 259.06510073644523, 'fire_exp': 3.83403534181858, 'P_half': 2.0461550877877857, 'pre_dampen_half': 744.6874559393902, 'gpp_af': 85.32056493640629, 'gpp_b': 0.15451487116766618, 'gpp_d': 4.79161407246161, 'ign_k': 0.017302564033031168, 'ign_c': 179.96169659044335}.
[I 2026-08-06 00:07:08,203] Trial 43 finished with values: [10.769230768877819, 10.769230768877819] and parameters: {'k1': 0.005481818979974934, 'D_low': 4.471649524144919, 'k2': 0.044025950197597, 'D_high': 19505.1355017551, 'fire_exp': 8.908404185420872, 'P_half': 799.6096625957168, 'pre_dampen_half': 11.670137678830988, 'gpp_af': 0.12337159555124105, 'gpp_b': 3.947943239814267, 'gpp_d': 213.9535256831782, 'ign_k': 0.0015166126720973767, 'ign_c': 0.12748758606816127}.
[I 2026-08-06 00:07:09,217] Trial 44 finished with values: [10.769225394947643, 10.769225394947643] and parameters: {'k1': 0.00032051877004248816, 'D_low': 1746.6799020707338, 'k2': 0.08894151386481904, 'D_high': 39.96387247033354, 'fire_exp': 3.927631327238781, 'P_half': 33.38592600709396, 'pre_dampen_half': 707.2484251478384, 'gpp_af': 16.240321246401916, 'gpp_b': 1.0714507872203791, 'gpp_d': 2.205290461230934, 'ign_k': 0.04563289369649656, 'ign_c': 1.2405900331046134}.
[I 2026-08-06 00:07:10,229] Trial 45 finished with values: [10.769230768877819, 10.769230768877819] and parameters: {'k1': 1.680745613966296e-05, 'D_low': 2876.6664283743457, 'k2': 0.01784859505675317, 'D_high': 99740.30527860278, 'fire_exp': 9.92285938457466, 'P_half': 166.6198819398924, 'pre_dampen_half': 69.97406045784113, 'gpp_af': 52.945450676642814, 'gpp_b': 1.2528074983135014, 'gpp_d': 0.17248070105409813, 'ign_k': 0.06341274324516308, 'ign_c': 0.32857737869796977}.
[I 2026-08-06 00:07:11,194] Trial 46 finished with values: [10.769230768877819, 10.769230768877819] and parameters: {'k1': 0.06549439112520007, 'D_low': 265.8878778692342, 'k2': 8.214312521999585e-05, 'D_high': 4861.863231847276, 'fire_exp': 4.150765902513497, 'P_half': 27.08013793478254, 'pre_dampen_half': 0.036964765973876636, 'gpp_af': 2.2796384735235136, 'gpp_b': 0.013238726356442897, 'gpp_d': 72.70963402444558, 'ign_k': 0.1204076289597327, 'ign_c': 256.2866600016351}.
[I 2026-08-06 00:07:12,143] Trial 47 finished with values: [10.764658645643276, 10.764658645643276] and parameters: {'k1': 0.0016129739560722712, 'D_low': 175.2878790340412, 'k2': 0.03210808548911189, 'D_high': 411.0848435021235, 'fire_exp': 1.3614924220931135, 'P_half': 1.3035590385085063, 'pre_dampen_half': 59.66041614891413, 'gpp_af': 1.2634200269147204, 'gpp_b': 0.1676789742547917, 'gpp_d': 0.11609694921678075, 'ign_k': 0.0035114452581286888, 'ign_c': 0.11433485956638717}.
[I 2026-08-06 00:07:13,094] Trial 48 finished with values: [10.769230768877819, 10.769230768877819] and parameters: {'k1': 0.00025255166452944054, 'D_low': 228.9131530683704, 'k2': 0.0003706603917411953, 'D_high': 562.2114524476699, 'fire_exp': 8.019710561528978, 'P_half': 24.718486072349435, 'pre_dampen_half': 3.714902721462094, 'gpp_af': 8.284476373292447, 'gpp_b': 0.00239473076682241, 'gpp_d': 12.895360899367368, 'ign_k': 2.8148472662506565, 'ign_c': 628.1776703992847}.
[I 2026-08-06 00:07:14,091] Trial 49 finished with values: [10.769230655422055, 10.769230655422055] and parameters: {'k1': 3.8751982355100445e-05, 'D_low': 5085.697220189423, 'k2': 0.0009299619346742016, 'D_high': 107.88909575795405, 'fire_exp': 2.878298002135838, 'P_half': 8320.133621840185, 'pre_dampen_half': 2.9046276683520458, 'gpp_af': 0.04403094955951772, 'gpp_b': 0.0631546199357611, 'gpp_d': 0.15875524914818662, 'ign_k': 0.002011190979341457, 'ign_c': 0.3277320296937064}.
[I 2026-08-06 00:07:15,027] Trial 50 finished with values: [10.754711846982895, 10.754711846982895] and parameters: {'k1': 3.252245757497282e-05, 'D_low': 4.051452710153359, 'k2': 3.5917714215176105e-05, 'D_high': 3660.150802571655, 'fire_exp': 1.5201277403788451, 'P_half': 24.136213194527585, 'pre_dampen_half': 304.7488318185732, 'gpp_af': 0.2343193755572473, 'gpp_b': 0.10123867001105968, 'gpp_d': 0.07271087249685712, 'ign_k': 0.005877005203443299, 'ign_c': 0.1457050032975653}.
[I 2026-08-06 00:07:15,979] Trial 51 finished with values: [10.75801932834826, 10.75801932834826] and parameters: {'k1': 4.739584301027366e-05, 'D_low': 13.012518385211498, 'k2': 5.105542986365652e-05, 'D_high': 22.636544662054543, 'fire_exp': 1.3201882743050743, 'P_half': 69.68111190775313, 'pre_dampen_half': 0.10756440816904224, 'gpp_af': 0.0662749342026412, 'gpp_b': 0.010483435442445016, 'gpp_d': 28.312234265202243, 'ign_k': 0.0014363112408604436, 'ign_c': 157.63098727399432}.
[I 2026-08-06 00:07:16,977] Trial 52 finished with values: [10.379566370689284, 10.379566370689284] and parameters: {'k1': 0.00324789183891923, 'D_low': 2.1234210963705626, 'k2': 0.031211489608802344, 'D_high': 48249.14281180252, 'fire_exp': 1.151006986743773, 'P_half': 12.808863354047988, 'pre_dampen_half': 107.40052367919465, 'gpp_af': 5.511863475708366, 'gpp_b': 0.00012797528816608022, 'gpp_d': 0.11136446029400991, 'ign_k': 0.03033111747878116, 'ign_c': 8.671454322584175}.
[I 2026-08-06 00:07:17,901] Trial 53 finished with values: [10.16815915000298, 10.16815915000298] and parameters: {'k1': 0.002971796631657383, 'D_low': 29.89885508829526, 'k2': 0.0007081721844034209, 'D_high': 9769.756791866093, 'fire_exp': 1.0881360604103363, 'P_half': 10.226988730324324, 'pre_dampen_half': 36.876350096203005, 'gpp_af': 29.925002022877802, 'gpp_b': 0.011750724729953272, 'gpp_d': 4.5768578731086835, 'ign_k': 0.0026834162496848666, 'ign_c': 6.160975294741436}.
[I 2026-08-06 00:07:18,844] Trial 54 finished with values: [10.76907364117515, 10.76907364117515] and parameters: {'k1': 0.0013504206358829244, 'D_low': 9.330007965781027, 'k2': 0.00011939136672856547, 'D_high': 322.951013956506, 'fire_exp': 1.0473002272689056, 'P_half': 19.4230157499841, 'pre_dampen_half': 0.11408801789211462, 'gpp_af': 0.04339970334001348, 'gpp_b': 5.2308563179361105e-05, 'gpp_d': 283.5544084521581, 'ign_k': 0.236793520402239, 'ign_c': 52.04862686958018}.
[I 2026-08-06 00:07:19,833] Trial 55 finished with values: [10.768017527297657, 10.768017527297657] and parameters: {'k1': 0.014344484793173472, 'D_low': 98.57545621889057, 'k2': 2.2267996908938672e-05, 'D_high': 1407.4279366401686, 'fire_exp': 3.862256546908667, 'P_half': 958.8659498594012, 'pre_dampen_half': 1.4397852866783676, 'gpp_af': 0.004344117003966495, 'gpp_b': 0.0005042610627702665, 'gpp_d': 0.6537496690081765, 'ign_k': 0.3834148816455677, 'ign_c': 19.19168994439752}.
[I 2026-08-06 00:07:20,775] Trial 56 finished with values: [10.768950067080182, 10.768950067080182] and parameters: {'k1': 0.0002656971546588439, 'D_low': 8832.039346746853, 'k2': 0.0026491056409715568, 'D_high': 88.90110660871557, 'fire_exp': 1.264103030891254, 'P_half': 4.087300390305745, 'pre_dampen_half': 0.16974173693738634, 'gpp_af': 0.006359264168909611, 'gpp_b': 0.00013164432569139702, 'gpp_d': 0.26636419343091605, 'ign_k': 0.004937355303501836, 'ign_c': 386.4218705871767}.
[I 2026-08-06 00:07:21,730] Trial 57 finished with values: [10.764781884215056, 10.764781884215056] and parameters: {'k1': 2.0937989739527727e-05, 'D_low': 125.32726386250698, 'k2': 0.0004381141781653133, 'D_high': 85018.70149611714, 'fire_exp': 1.2943117749495199, 'P_half': 39.03214299767183, 'pre_dampen_half': 703.6426675556048, 'gpp_af': 21.258647437649888, 'gpp_b': 0.7987896438549947, 'gpp_d': 0.19476644406315288, 'ign_k': 0.0048255892187380085, 'ign_c': 47.268615251255675}.
[I 2026-08-06 00:07:22,756] Trial 58 finished with values: [10.769230609578052, 10.769230609578052] and parameters: {'k1': 0.05217998579193211, 'D_low': 168.67533138445359, 'k2': 0.0019339745640818936, 'D_high': 131.80029267201175, 'fire_exp': 5.881565436248893, 'P_half': 5.59983195169599, 'pre_dampen_half': 0.4153327541909818, 'gpp_af': 0.13402388198950174, 'gpp_b': 0.011108675282673156, 'gpp_d': 0.16294786031575217, 'ign_k': 0.002879700348528891, 'ign_c': 27.70002555743451}.
[I 2026-08-06 00:07:23,680] Trial 59 finished with values: [10.769230661024409, 10.769230661024409] and parameters: {'k1': 0.0001427322831911299, 'D_low': 211.32597710340585, 'k2': 4.1442969011363934e-05, 'D_high': 840.5439129313686, 'fire_exp': 3.4087051169494273, 'P_half': 1.6117368936336656, 'pre_dampen_half': 0.4819715363209053, 'gpp_af': 0.004699735154380441, 'gpp_b': 2.4002132166464637e-05, 'gpp_d': 890.8429798374383, 'ign_k': 0.01947221606615731, 'ign_c': 173.57924035945302}.
[I 2026-08-06 00:07:24,682] Trial 60 finished with values: [10.767071468505245, 10.767071468505245] and parameters: {'k1': 0.00010436686039715205, 'D_low': 532.1216007763549, 'k2': 0.010987817552608315, 'D_high': 2412.9868904539244, 'fire_exp': 2.961939534707384, 'P_half': 44.39802552990465, 'pre_dampen_half': 0.5550617910625242, 'gpp_af': 44.426870430494596, 'gpp_b': 0.9631999397024836, 'gpp_d': 668.5510162938966, 'ign_k': 0.003141874937567038, 'ign_c': 83.84359680188662}.
[I 2026-08-06 00:07:25,657] Trial 61 finished with values: [10.769230756609868, 10.769230756609868] and parameters: {'k1': 0.05667112411430849, 'D_low': 5.308016505637286, 'k2': 1.844951990812239e-05, 'D_high': 9214.72963173396, 'fire_exp': 3.7538171417440687, 'P_half': 2329.781042267055, 'pre_dampen_half': 0.04998755363568286, 'gpp_af': 9.469707381426526, 'gpp_b': 0.00016209287312965247, 'gpp_d': 0.0658081548870927, 'ign_k': 0.004540076719227353, 'ign_c': 181.25870836716192}.
[I 2026-08-06 00:07:26,618] Trial 62 finished with values: [10.756829301560796, 10.756829301560796] and parameters: {'k1': 0.004579192310322934, 'D_low': 123.66924205139141, 'k2': 0.00027247203571621986, 'D_high': 32270.237615157977, 'fire_exp': 2.4685680709443356, 'P_half': 1846.7059900514498, 'pre_dampen_half': 1.5691864266263484, 'gpp_af': 0.07668707039273334, 'gpp_b': 0.005971435064832835, 'gpp_d': 0.32128420171885896, 'ign_k': 0.9782222138048976, 'ign_c': 10.253722513378378}.
[I 2026-08-06 00:07:27,666] Trial 63 finished with values: [10.769230768877819, 10.769230768877819] and parameters: {'k1': 8.488887549001697e-05, 'D_low': 3965.503094323013, 'k2': 0.0003432139136241583, 'D_high': 1493.5213816355397, 'fire_exp': 8.062544245508258, 'P_half': 314.0161493033586, 'pre_dampen_half': 0.03841405939530548, 'gpp_af': 50.02195003344717, 'gpp_b': 0.05837787985865385, 'gpp_d': 0.4726373877250429, 'ign_k': 0.0036065195493704487, 'ign_c': 150.00328053766276}.
[I 2026-08-06 00:07:28,659] Trial 64 finished with values: [10.769230768877819, 10.769230768877819] and parameters: {'k1': 0.0030219760889797966, 'D_low': 136.0956887810302, 'k2': 0.037633129263701104, 'D_high': 14268.845807630427, 'fire_exp': 1.4179955885299673, 'P_half': 17.655835392092534, 'pre_dampen_half': 0.1747614740105795, 'gpp_af': 5.244830565633045, 'gpp_b': 1.5892587397738834e-05, 'gpp_d': 7.070472286699648, 'ign_k': 1.1215915868662767, 'ign_c': 321.41234030334283}.
[I 2026-08-06 00:07:29,644] Trial 65 finished with values: [10.767983179715042, 10.767983179715042] and parameters: {'k1': 0.016973078532467004, 'D_low': 175.2878790340412, 'k2': 0.03210808548911189, 'D_high': 27.55546207779663, 'fire_exp': 1.3614924220931135, 'P_half': 1.3035590385085063, 'pre_dampen_half': 59.66041614891413, 'gpp_af': 20.12115544906385, 'gpp_b': 1.1008110571039521e-05, 'gpp_d': 3.57879245350232, 'ign_k': 0.0467351899956275, 'ign_c': 0.11433485956638717}.
[I 2026-08-06 00:07:30,644] Trial 66 finished with values: [-0.4352130836914899, 0.2161164197519756] and parameters: {'k1': 2.0937989739527727e-05, 'D_low': 125.32726386250698, 'k2': 0.0004381141781653133, 'D_high': 233.52156626184438, 'fire_exp': 1.182396148413737, 'P_half': 39.03214299767183, 'pre_dampen_half': 703.6426675556048, 'gpp_af': 0.0025511964576171086, 'gpp_b': 3.228689523591491e-05, 'gpp_d': 0.19476644406315288, 'ign_k': 0.03141110271934876, 'ign_c': 47.268615251255675}.
[I 2026-08-06 00:07:31,581] Trial 67 finished with values: [10.769229869933724, 10.769229869933724] and parameters: {'k1': 1.4557961490251982e-05, 'D_low': 230.97861492693565, 'k2': 8.923807143379776e-05, 'D_high': 11.650681118986137, 'fire_exp': 6.626089606472354, 'P_half': 8.053471030316096, 'pre_dampen_half': 16.821470258034143, 'gpp_af': 0.007444441903453077, 'gpp_b': 3.481277316673104e-05, 'gpp_d': 0.8583743499363278, 'ign_k': 0.0027703009300353663, 'ign_c': 0.3548818403010947}.
[I 2026-08-06 00:07:32,524] Trial 68 finished with values: [10.756435909297636, 10.756435909297636] and parameters: {'k1': 0.0002656971546588439, 'D_low': 51.9967392387832, 'k2': 0.0026491056409715568, 'D_high': 10427.291060979045, 'fire_exp': 1.264103030891254, 'P_half': 2431.135510629241, 'pre_dampen_half': 3.3594011166738142, 'gpp_af': 0.004339536161007625, 'gpp_b': 0.000832333943844274, 'gpp_d': 300.3420512048734, 'ign_k': 0.004937355303501836, 'ign_c': 386.4218705871767}.
[I 2026-08-06 00:07:33,473] Trial 69 finished with values: [10.475760165626694, 10.475760165626694] and parameters: {'k1': 0.00324789183891923, 'D_low': 2.1234210963705626, 'k2': 0.031211489608802344, 'D_high': 8241.92526487646, 'fire_exp': 1.151006986743773, 'P_half': 12.808863354047988, 'pre_dampen_half': 0.6199100007802261, 'gpp_af': 5.511863475708366, 'gpp_b': 0.0024194895091734425, 'gpp_d': 13.076473382928533, 'ign_k': 0.03033111747878116, 'ign_c': 8.671454322584175}.
[I 2026-08-06 00:07:34,455] Trial 70 finished with values: [10.769230768877819, 10.769230768877819] and parameters: {'k1': 0.002971796631657383, 'D_low': 29.89885508829526, 'k2': 0.006424916813668931, 'D_high': 15246.518242848602, 'fire_exp': 7.762566645187935, 'P_half': 10.226988730324324, 'pre_dampen_half': 0.7549440440422736, 'gpp_af': 0.002950595659493296, 'gpp_b': 0.029490412408101685, 'gpp_d': 0.015125556736397565, 'ign_k': 0.0026834162496848666, 'ign_c': 14.810800730363484}.
[I 2026-08-06 00:07:35,447] Trial 71 finished with values: [10.757159179561762, 10.757159179561762] and parameters: {'k1': 3.8751982355100445e-05, 'D_low': 3840.3004190988563, 'k2': 0.0001870742013766025, 'D_high': 107.88909575795405, 'fire_exp': 1.6901885781909627, 'P_half': 51.10120656497163, 'pre_dampen_half': 2.9046276683520458, 'gpp_af': 0.04403094955951772, 'gpp_b': 0.0631546199357611, 'gpp_d': 3.57879245350232, 'ign_k': 0.0467351899956275, 'ign_c': 0.3277320296937064}.
[I 2026-08-06 00:07:36,398] Trial 72 finished with values: [10.768315818489604, 10.768315818489604] and parameters: {'k1': 0.004579192310322934, 'D_low': 1545.9002347088401, 'k2': 0.00027247203571621986, 'D_high': 12604.664585649456, 'fire_exp': 2.4685680709443356, 'P_half': 1846.7059900514498, 'pre_dampen_half': 9.761125443110442, 'gpp_af': 0.005618069878716736, 'gpp_b': 3.395900933162749e-05, 'gpp_d': 0.09548041810464164, 'ign_k': 0.0015167330688076208, 'ign_c': 2.001342062287997}.
[I 2026-08-06 00:07:37,342] Trial 73 finished with values: [10.769230768877819, 10.769230768877819] and parameters: {'k1': 0.00017535949529764417, 'D_low': 8832.039346746853, 'k2': 0.0026491056409715568, 'D_high': 3550.0125258511603, 'fire_exp': 7.712811947156349, 'P_half': 77.42116473996248, 'pre_dampen_half': 0.16974173693738634, 'gpp_af': 3.6831884165358977, 'gpp_b': 0.00013164432569139702, 'gpp_d': 6.403036652671167, 'ign_k': 0.004937355303501836, 'ign_c': 0.8260485647018339}.
[I 2026-08-06 00:07:38,295] Trial 74 finished with values: [11.798516861522238, 11.798516861522238] and parameters: {'k1': 0.0029707920514735983, 'D_low': 4.051452710153359, 'k2': 3.5917714215176105e-05, 'D_high': 7744.80118512745, 'fire_exp': 1.182396148413737, 'P_half': 24.136213194527585, 'pre_dampen_half': 304.7488318185732, 'gpp_af': 0.0025511964576171086, 'gpp_b': 3.228689523591491e-05, 'gpp_d': 857.4284557962634, 'ign_k': 0.03141110271934876, 'ign_c': 3.0378658251922155}.
