[I 2026-08-06 02:49:33,430] Trial 647 finished with values: [10.133823549742086, 10.133823549742086] and parameters: {'k1': 0.002971796631657383, 'D_low': 1.2299210465793122, 'k2': 0.03210808548911189, 'D_high': 9769.756791866093, 'fire_exp': 1.0881360604103363, 'P_half': 11.877073321543955, 'pre_dampen_half': 36.876350096203005, 'gpp_af': 11.234842109991876, 'gpp_b': 0.011750724729953272, 'gpp_d': 857.4284557962634, 'ign_k': 0.03033111747878116, 'ign_c': 2.7348497877391993}.
[I 2026-08-06 02:49:34,636] Trial 648 finished with values: [10.219068896508825, 10.219068896508825] and parameters: {'k1': 0.0023539834531862073, 'D_low': 4.075267974954964, 'k2': 0.0007081721844034209, 'D_high': 9769.756791866093, 'fire_exp': 1.4572158037266703, 'P_half': 215.55950571043874, 'pre_dampen_half': 107.40052367919465, 'gpp_af': 5.620854611217178, 'gpp_b': 0.00031478066835753096, 'gpp_d': 4.5768578731086835, 'ign_k': 0.0035114452581286888, 'ign_c': 0.11433485956638717}.
[I 2026-08-06 02:49:35,654] Trial 649 finished with values: [10.645304354778274, 10.645304354778274] and parameters: {'k1': 0.01889771394135163, 'D_low': 4.075267974954964, 'k2': 0.031211489608802344, 'D_high': 6455.595882939566, 'fire_exp': 1.151006986743773, 'P_half': 147.09699119495133, 'pre_dampen_half': 0.9024178626866605, 'gpp_af': 1.3725472882585024, 'gpp_b': 0.00012797528816608022, 'gpp_d': 34.37107943937136, 'ign_k': 0.03033111747878116, 'ign_c': 34.19108473554449}.
[I 2026-08-06 02:49:36,731] Trial 650 finished with values: [10.769223420438164, 10.769223420438164] and parameters: {'k1': 0.02714257255218683, 'D_low': 51.9967392387832, 'k2': 1.1184534120760473e-05, 'D_high': 41.05873950290761, 'fire_exp': 9.319922958183149, 'P_half': 147.09699119495133, 'pre_dampen_half': 0.19528422543904064, 'gpp_af': 0.09172078901566363, 'gpp_b': 0.00031478066835753096, 'gpp_d': 4.5768578731086835, 'ign_k': 0.4235909356730625, 'ign_c': 0.11272174259951144}.
[I 2026-08-06 02:49:37,775] Trial 651 finished with values: [10.645288583253695, 10.645288583253695] and parameters: {'k1': 3.252245757497282e-05, 'D_low': 10.733257635049776, 'k2': 0.0001998758192761449, 'D_high': 8182.111518618414, 'fire_exp': 1.151006986743773, 'P_half': 13.019246714361572, 'pre_dampen_half': 107.40052367919465, 'gpp_af': 0.010590622233713298, 'gpp_b': 0.011750724729953272, 'gpp_d': 150.14555442537656, 'ign_k': 0.014879588507790004, 'ign_c': 8.671454322584175}.
[I 2026-08-06 02:49:38,815] Trial 652 finished with values: [10.756977258976455, 10.756977258976455] and parameters: {'k1': 0.00324789183891923, 'D_low': 29.89885508829526, 'k2': 0.08790311296857814, 'D_high': 10316.033434719713, 'fire_exp': 5.935716166097423, 'P_half': 2.157758652553991, 'pre_dampen_half': 76.86605275420082, 'gpp_af': 5.620854611217178, 'gpp_b': 0.011750724729953272, 'gpp_d': 29.749683811098393, 'ign_k': 0.0026834162496848666, 'ign_c': 0.1457050032975653}.
[I 2026-08-06 02:49:39,893] Trial 653 finished with values: [10.7303477709924, 10.7303477709924] and parameters: {'k1': 0.00324789183891923, 'D_low': 4.075267974954964, 'k2': 0.002935672965826306, 'D_high': 2969.087094484682, 'fire_exp': 1.0881360604103363, 'P_half': 12.808863354047988, 'pre_dampen_half': 0.04511991819672032, 'gpp_af': 70.6488708974061, 'gpp_b': 0.011750724729953272, 'gpp_d': 0.6380717024176037, 'ign_k': 0.6454459531371669, 'ign_c': 0.11433485956638717}.
[I 2026-08-06 02:49:40,941] Trial 654 finished with values: [-0.48732378510926744, 0.37921451851337695] and parameters: {'k1': 0.002971796631657383, 'D_low': 29.89885508829526, 'k2': 0.031211489608802344, 'D_high': 6455.595882939566, 'fire_exp': 1.0881360604103363, 'P_half': 10.226988730324324, 'pre_dampen_half': 36.876350096203005, 'gpp_af': 0.18575807716793402, 'gpp_b': 3.228689523591491e-05, 'gpp_d': 13.205186500450395, 'ign_k': 0.014879588507790004, 'ign_c': 0.8794311679173451}.
[I 2026-08-06 02:49:42,005] Trial 655 finished with values: [10.55665508314825, 10.55665508314825] and parameters: {'k1': 0.00324789183891923, 'D_low': 1.9678273362633985, 'k2': 0.0007081721844034209, 'D_high': 8182.111518618414, 'fire_exp': 1.0881360604103363, 'P_half': 12.808863354047988, 'pre_dampen_half': 304.7488318185732, 'gpp_af': 0.007059753305721968, 'gpp_b': 0.013141462234668097, 'gpp_d': 4.5768578731086835, 'ign_k': 0.0026834162496848666, 'ign_c': 2.2285003453523857}.
[I 2026-08-06 02:49:43,084] Trial 656 finished with values: [-0.479475780915505, 0.6750832131764228] and parameters: {'k1': 0.00324789183891923, 'D_low': 2.458603276328005, 'k2': 0.0007081721844034209, 'D_high': 48249.14281180252, 'fire_exp': 1.151006986743773, 'P_half': 12.808863354047988, 'pre_dampen_half': 107.40052367919465, 'gpp_af': 20.12115544906385, 'gpp_b': 1.1008110571039521e-05, 'gpp_d': 0.11136446029400991, 'ign_k': 0.005522071973135812, 'ign_c': 8.671454322584175}.
[I 2026-08-06 02:49:44,136] Trial 657 finished with values: [10.06522680590709, 10.06522680590709] and parameters: {'k1': 7.841214856323651e-05, 'D_low': 29.89885508829526, 'k2': 0.0001870742013766025, 'D_high': 8182.111518618414, 'fire_exp': 1.0881360604103363, 'P_half': 12.808863354047988, 'pre_dampen_half': 304.7488318185732, 'gpp_af': 13.94494576100762, 'gpp_b': 0.0038487982105145655, 'gpp_d': 5.679195944606101, 'ign_k': 0.0026834162496848666, 'ign_c': 6.160975294741436}.
[I 2026-08-06 02:49:45,195] Trial 658 finished with values: [-0.4496386934686871, 0.24596821389413992] and parameters: {'k1': 7.841214856323651e-05, 'D_low': 9.882278532808778, 'k2': 0.0001870742013766025, 'D_high': 2941.5751391396584, 'fire_exp': 1.0881360604103363, 'P_half': 19.4230157499841, 'pre_dampen_half': 347.79988160923324, 'gpp_af': 0.47739011308437823, 'gpp_b': 0.00031478066835753096, 'gpp_d': 4.5768578731086835, 'ign_k': 0.03141110271934876, 'ign_c': 0.1457050032975653}.
[I 2026-08-06 02:49:46,227] Trial 659 finished with values: [10.626718806619477, 10.626718806619477] and parameters: {'k1': 0.00324789183891923, 'D_low': 29.89885508829526, 'k2': 0.03210808548911189, 'D_high': 9769.756791866093, 'fire_exp': 1.0881360604103363, 'P_half': 12.808863354047988, 'pre_dampen_half': 304.7488318185732, 'gpp_af': 29.925002022877802, 'gpp_b': 0.011750724729953272, 'gpp_d': 857.4284557962634, 'ign_k': 0.006912296717033066, 'ign_c': 6.160975294741436}.
[I 2026-08-06 02:49:47,303] Trial 660 finished with values: [-0.47405514541317134, 0.33869385433051946] and parameters: {'k1': 0.002971796631657383, 'D_low': 4.075267974954964, 'k2': 0.0001870742013766025, 'D_high': 7744.80118512745, 'fire_exp': 1.0881360604103363, 'P_half': 10.226988730324324, 'pre_dampen_half': 805.2502904451399, 'gpp_af': 5.620854611217178, 'gpp_b': 0.011750724729953272, 'gpp_d': 3.57879245350232, 'ign_k': 0.0026834162496848666, 'ign_c': 0.11433485956638717}.
[I 2026-08-06 02:49:48,367] Trial 661 finished with values: [10.720873802605315, 10.720873802605315] and parameters: {'k1': 0.01889771394135163, 'D_low': 4.075267974954964, 'k2': 0.0007081721844034209, 'D_high': 6715.971856456831, 'fire_exp': 1.151006986743773, 'P_half': 12.808863354047988, 'pre_dampen_half': 0.0684241702326661, 'gpp_af': 0.0068880466766811635, 'gpp_b': 1.1008110571039521e-05, 'gpp_d': 26.07917317941345, 'ign_k': 0.001401798877018328, 'ign_c': 8.671454322584175}.
[I 2026-08-06 02:49:49,414] Trial 662 finished with values: [-0.4838923861726275, 0.2574394582650882] and parameters: {'k1': 0.00324789183891923, 'D_low': 29.89885508829526, 'k2': 0.0022957398214549472, 'D_high': 9769.756791866093, 'fire_exp': 1.0881360604103363, 'P_half': 12.808863354047988, 'pre_dampen_half': 48.08505037156744, 'gpp_af': 2.0845995424603503, 'gpp_b': 0.011750724729953272, 'gpp_d': 8.144272585223819, 'ign_k': 0.03033111747878116, 'ign_c': 7.916322947490362}.
[I 2026-08-06 02:49:50,461] Trial 663 finished with values: [10.15653442603936, 10.15653442603936] and parameters: {'k1': 0.023805746020770402, 'D_low': 2.458603276328005, 'k2': 0.031211489608802344, 'D_high': 10316.033434719713, 'fire_exp': 1.0881360604103363, 'P_half': 1669.8621151307725, 'pre_dampen_half': 304.7488318185732, 'gpp_af': 0.8448348528946281, 'gpp_b': 0.00012797528816608022, 'gpp_d': 219.46051932475797, 'ign_k': 0.03033111747878116, 'ign_c': 9.34330265731847}.
[I 2026-08-06 02:49:51,495] Trial 664 finished with values: [-0.4798242432831194, 0.3293805537236515] and parameters: {'k1': 0.002971796631657383, 'D_low': 29.89885508829526, 'k2': 0.031211489608802344, 'D_high': 6455.595882939566, 'fire_exp': 1.151006986743773, 'P_half': 12.808863354047988, 'pre_dampen_half': 88.81627111957808, 'gpp_af': 29.925002022877802, 'gpp_b': 0.011750724729953272, 'gpp_d': 19.65797948502804, 'ign_k': 0.0026834162496848666, 'ign_c': 9.34330265731847}.
[I 2026-08-06 02:49:52,528] Trial 665 finished with values: [10.111045677377083, 10.111045677377083] and parameters: {'k1': 0.02714257255218683, 'D_low': 51.9967392387832, 'k2': 1.1184534120760473e-05, 'D_high': 6455.595882939566, 'fire_exp': 1.2680134752324452, 'P_half': 147.09699119495133, 'pre_dampen_half': 111.37963167994629, 'gpp_af': 1.3725472882585024, 'gpp_b': 0.000832333943844274, 'gpp_d': 26.07917317941345, 'ign_k': 0.03033111747878116, 'ign_c': 6.160975294741436}.
[I 2026-08-06 02:49:53,594] Trial 666 finished with values: [10.019797475019043, 10.019797475019043] and parameters: {'k1': 7.841214856323651e-05, 'D_low': 1112.9571947046009, 'k2': 1.1184534120760473e-05, 'D_high': 6455.595882939566, 'fire_exp': 1.1044852285094786, 'P_half': 125.61043700013555, 'pre_dampen_half': 304.7488318185732, 'gpp_af': 11.234842109991876, 'gpp_b': 0.0024605285374226047, 'gpp_d': 4.5768578731086835, 'ign_k': 0.11101191524846071, 'ign_c': 0.1457050032975653}.
[I 2026-08-06 02:49:54,625] Trial 667 finished with values: [-0.48302616442999574, 0.48402924826105764] and parameters: {'k1': 0.002971796631657383, 'D_low': 29.89885508829526, 'k2': 0.031211489608802344, 'D_high': 9769.756791866093, 'fire_exp': 1.151006986743773, 'P_half': 12.808863354047988, 'pre_dampen_half': 88.81627111957808, 'gpp_af': 29.925002022877802, 'gpp_b': 0.011750724729953272, 'gpp_d': 19.65797948502804, 'ign_k': 0.014879588507790004, 'ign_c': 6.160975294741436}.
[I 2026-08-06 02:49:55,895] Trial 668 finished with values: [10.699282852452166, 10.699282852452166] and parameters: {'k1': 0.002407354618388189, 'D_low': 29.89885508829526, 'k2': 0.031211489608802344, 'D_high': 6455.595882939566, 'fire_exp': 1.606353818654556, 'P_half': 12.808863354047988, 'pre_dampen_half': 36.876350096203005, 'gpp_af': 29.925002022877802, 'gpp_b': 0.0024605285374226047, 'gpp_d': 0.03627422119926134, 'ign_k': 0.011994950112756754, 'ign_c': 14.367095138664217}.
[I 2026-08-06 02:49:56,927] Trial 669 finished with values: [10.117443181656666, 10.117443181656666] and parameters: {'k1': 0.00013783578294796384, 'D_low': 2.458603276328005, 'k2': 0.08790311296857814, 'D_high': 9769.756791866093, 'fire_exp': 1.1404778529537094, 'P_half': 2.157758652553991, 'pre_dampen_half': 347.79988160923324, 'gpp_af': 0.4527387214026172, 'gpp_b': 7.402343469704428e-05, 'gpp_d': 2.8006820077310213, 'ign_k': 0.014879588507790004, 'ign_c': 6.160975294741436}.
[I 2026-08-06 02:49:57,974] Trial 670 finished with values: [10.221418748723474, 10.221418748723474] and parameters: {'k1': 0.002407354618388189, 'D_low': 18.522006003174383, 'k2': 0.0022957398214549472, 'D_high': 6455.595882939566, 'fire_exp': 1.151006986743773, 'P_half': 12.808863354047988, 'pre_dampen_half': 107.40052367919465, 'gpp_af': 5.620854611217178, 'gpp_b': 0.0024605285374226047, 'gpp_d': 5.878566318396007, 'ign_k': 0.11101191524846071, 'ign_c': 8.671454322584175}.
[I 2026-08-06 02:49:58,990] Trial 671 finished with values: [10.202660330315133, 10.202660330315133] and parameters: {'k1': 0.01889771394135163, 'D_low': 4.075267974954964, 'k2': 0.0007081721844034209, 'D_high': 55772.84121799238, 'fire_exp': 1.0881360604103363, 'P_half': 147.09699119495133, 'pre_dampen_half': 36.876350096203005, 'gpp_af': 11.234842109991876, 'gpp_b': 1.722111409234053e-05, 'gpp_d': 8.144272585223819, 'ign_k': 0.03033111747878116, 'ign_c': 6.160975294741436}.
[I 2026-08-06 02:50:00,049] Trial 672 finished with values: [-0.46491186036709864, 0.16206853621523432] and parameters: {'k1': 0.016973078532467004, 'D_low': 1.2299210465793122, 'k2': 0.03210808548911189, 'D_high': 9769.756791866093, 'fire_exp': 1.0881360604103363, 'P_half': 11.877073321543955, 'pre_dampen_half': 304.7488318185732, 'gpp_af': 0.5107061330406066, 'gpp_b': 0.011750724729953272, 'gpp_d': 857.4284557962634, 'ign_k': 0.0035114452581286888, 'ign_c': 10.140635645866492}.
[I 2026-08-06 02:50:01,069] Trial 673 finished with values: [10.50986006177448, 10.50986006177448] and parameters: {'k1': 0.04897760278488444, 'D_low': 4.075267974954964, 'k2': 0.08790311296857814, 'D_high': 2969.087094484682, 'fire_exp': 1.0881360604103363, 'P_half': 12.808863354047988, 'pre_dampen_half': 805.2502904451399, 'gpp_af': 0.8942824595236101, 'gpp_b': 0.011750724729953272, 'gpp_d': 29.749683811098393, 'ign_k': 0.6454459531371669, 'ign_c': 0.11433485956638717}.
[I 2026-08-06 02:50:02,154] Trial 674 finished with values: [10.43013285582865, 10.43013285582865] and parameters: {'k1': 0.00324789183891923, 'D_low': 4.075267974954964, 'k2': 0.002935672965826306, 'D_high': 9769.756791866093, 'fire_exp': 1.0881360604103363, 'P_half': 12.808863354047988, 'pre_dampen_half': 805.2502904451399, 'gpp_af': 5.620854611217178, 'gpp_b': 0.011750724729953272, 'gpp_d': 0.04078961160746153, 'ign_k': 0.0026834162496848666, 'ign_c': 6.160975294741436}.
[I 2026-08-06 02:50:03,155] Trial 675 finished with values: [10.678476726824726, 10.678476726824726] and parameters: {'k1': 0.00324789183891923, 'D_low': 29.89885508829526, 'k2': 0.0007081721844034209, 'D_high': 2969.087094484682, 'fire_exp': 1.0881360604103363, 'P_half': 10.226988730324324, 'pre_dampen_half': 1.823875297964684, 'gpp_af': 0.8942824595236101, 'gpp_b': 0.011750724729953272, 'gpp_d': 0.6380717024176037, 'ign_k': 0.03033111747878116, 'ign_c': 9.34330265731847}.
[I 2026-08-06 02:50:04,232] Trial 676 finished with values: [10.247693209553164, 10.247693209553164] and parameters: {'k1': 7.841214856323651e-05, 'D_low': 29.89885508829526, 'k2': 0.0543876219522674, 'D_high': 8182.111518618414, 'fire_exp': 1.0881360604103363, 'P_half': 19.4230157499841, 'pre_dampen_half': 76.86605275420082, 'gpp_af': 0.47739011308437823, 'gpp_b': 0.011750724729953272, 'gpp_d': 2.8006820077310213, 'ign_k': 0.0026834162496848666, 'ign_c': 0.11272174259951144}.
[I 2026-08-06 02:50:05,263] Trial 677 finished with values: [10.743069305976057, 10.743069305976057] and parameters: {'k1': 0.0014057163351022498, 'D_low': 4.051452710153359, 'k2': 0.002935672965826306, 'D_high': 183.91807805583133, 'fire_exp': 1.2680134752324452, 'P_half': 235.37467825486968, 'pre_dampen_half': 3.4369565628226946, 'gpp_af': 0.0016138541942192133, 'gpp_b': 3.228689523591491e-05, 'gpp_d': 0.055171654110845424, 'ign_k': 0.11101191524846071, 'ign_c': 0.11272174259951144}.
[I 2026-08-06 02:50:06,281] Trial 678 finished with values: [10.431060905710108, 10.431060905710108] and parameters: {'k1': 3.252245757497282e-05, 'D_low': 3840.3004190988563, 'k2': 0.08841388855976236, 'D_high': 8182.111518618414, 'fire_exp': 1.0881360604103363, 'P_half': 12.808863354047988, 'pre_dampen_half': 304.7488318185732, 'gpp_af': 11.234842109991876, 'gpp_b': 1.1008110571039521e-05, 'gpp_d': 150.14555442537656, 'ign_k': 0.11101191524846071, 'ign_c': 8.671454322584175}.
[I 2026-08-06 02:50:07,389] Trial 679 finished with values: [10.501869249206978, 10.501869249206978] and parameters: {'k1': 7.841214856323651e-05, 'D_low': 3840.3004190988563, 'k2': 0.0022957398214549472, 'D_high': 8182.111518618414, 'fire_exp': 1.151006986743773, 'P_half': 12.808863354047988, 'pre_dampen_half': 304.7488318185732, 'gpp_af': 5.620854611217178, 'gpp_b': 3.228689523591491e-05, 'gpp_d': 368.30088529547436, 'ign_k': 0.11101191524846071, 'ign_c': 0.1457050032975653}.
[I 2026-08-06 02:50:08,408] Trial 680 finished with values: [-0.4729805920255529, 0.42554448599150474] and parameters: {'k1': 3.252245757497282e-05, 'D_low': 523.1053126909052, 'k2': 0.08790311296857814, 'D_high': 9769.756791866093, 'fire_exp': 1.151006986743773, 'P_half': 2.157758652553991, 'pre_dampen_half': 567.9600794296686, 'gpp_af': 20.12115544906385, 'gpp_b': 0.011750724729953272, 'gpp_d': 5.679195944606101, 'ign_k': 1.59348065855562, 'ign_c': 14.367095138664217}.
[I 2026-08-06 02:50:09,442] Trial 681 finished with values: [10.906960302118895, 10.906960302118895] and parameters: {'k1': 7.841214856323651e-05, 'D_low': 918.4900818511542, 'k2': 0.031211489608802344, 'D_high': 72522.83715822162, 'fire_exp': 1.0881360604103363, 'P_half': 12.808863354047988, 'pre_dampen_half': 347.79988160923324, 'gpp_af': 0.47739011308437823, 'gpp_b': 1.1008110571039521e-05, 'gpp_d': 368.30088529547436, 'ign_k': 0.03141110271934876, 'ign_c': 0.11272174259951144}.
[I 2026-08-06 02:50:10,493] Trial 682 finished with values: [-0.48113952049606007, 0.3820134052831292] and parameters: {'k1': 0.00324789183891923, 'D_low': 29.89885508829526, 'k2': 0.002935672965826306, 'D_high': 9769.756791866093, 'fire_exp': 1.0881360604103363, 'P_half': 10.226988730324324, 'pre_dampen_half': 304.7488318185732, 'gpp_af': 5.620854611217178, 'gpp_b': 0.011750724729953272, 'gpp_d': 3.57879245350232, 'ign_k': 0.001046549859517173, 'ign_c': 10.140635645866492}.
[I 2026-08-06 02:50:11,543] Trial 683 finished with values: [10.319162854244826, 10.319162854244826] and parameters: {'k1': 0.06415745702132086, 'D_low': 2.458603276328005, 'k2': 0.0036014695835220327, 'D_high': 10316.033434719713, 'fire_exp': 1.0881360604103363, 'P_half': 12.808863354047988, 'pre_dampen_half': 304.7488318185732, 'gpp_af': 35.20481045526041, 'gpp_b': 0.00012797528816608022, 'gpp_d': 34.37107943937136, 'ign_k': 0.03033111747878116, 'ign_c': 34.19108473554449}.
[I 2026-08-06 02:50:12,593] Trial 684 finished with values: [-0.48072230020833323, 0.2659043374295629] and parameters: {'k1': 7.841214856323651e-05, 'D_low': 1112.9571947046009, 'k2': 0.0007081721844034209, 'D_high': 10316.033434719713, 'fire_exp': 1.0881360604103363, 'P_half': 215.55950571043874, 'pre_dampen_half': 304.7488318185732, 'gpp_af': 11.234842109991876, 'gpp_b': 0.024796579879439486, 'gpp_d': 150.14555442537656, 'ign_k': 0.11101191524846071, 'ign_c': 0.11433485956638717}.
[I 2026-08-06 02:50:13,643] Trial 685 finished with values: [10.768746144676333, 10.768746144676333] and parameters: {'k1': 3.252245757497282e-05, 'D_low': 29.89885508829526, 'k2': 0.0007081721844034209, 'D_high': 10316.033434719713, 'fire_exp': 7.377654184453313, 'P_half': 2.157758652553991, 'pre_dampen_half': 36.876350096203005, 'gpp_af': 11.234842109991876, 'gpp_b': 0.011750724729953272, 'gpp_d': 150.14555442537656, 'ign_k': 0.0659112309484029, 'ign_c': 6.160975294741436}.
[I 2026-08-06 02:50:14,693] Trial 686 finished with values: [10.422315598923971, 10.422315598923971] and parameters: {'k1': 0.00324789183891923, 'D_low': 2.458603276328005, 'k2': 0.001154473887645231, 'D_high': 2969.087094484682, 'fire_exp': 1.0881360604103363, 'P_half': 12.808863354047988, 'pre_dampen_half': 76.86605275420082, 'gpp_af': 5.620854611217178, 'gpp_b': 0.011750724729953272, 'gpp_d': 0.6380717024176037, 'ign_k': 0.0026834162496848666, 'ign_c': 9.023734753282096}.
[I 2026-08-06 02:50:15,743] Trial 687 finished with values: [10.434387656688424, 10.434387656688424] and parameters: {'k1': 0.00324789183891923, 'D_low': 29.89885508829526, 'k2': 0.002935672965826306, 'D_high': 10316.033434719713, 'fire_exp': 1.0881360604103363, 'P_half': 12.808863354047988, 'pre_dampen_half': 21.593412825402957, 'gpp_af': 29.925002022877802, 'gpp_b': 0.00012797528816608022, 'gpp_d': 0.049917896217442304, 'ign_k': 0.0035114452581286888, 'ign_c': 0.11433485956638717}.
[I 2026-08-06 02:50:17,031] Trial 688 finished with values: [-0.49720010981282164, 0.3024182746167319] and parameters: {'k1': 0.01889771394135163, 'D_low': 29.89885508829526, 'k2': 0.002935672965826306, 'D_high': 6455.595882939566, 'fire_exp': 1.0881360604103363, 'P_half': 215.55950571043874, 'pre_dampen_half': 304.7488318185732, 'gpp_af': 1.3725472882585024, 'gpp_b': 1.1008110571039521e-05, 'gpp_d': 4.5768578731086835, 'ign_k': 0.0035114452581286888, 'ign_c': 0.1457050032975653}.
[I 2026-08-06 02:50:18,065] Trial 689 finished with values: [10.670559253468458, 10.670559253468458] and parameters: {'k1': 0.01889771394135163, 'D_low': 4.075267974954964, 'k2': 0.031211489608802344, 'D_high': 6455.595882939566, 'fire_exp': 1.0714541464524414, 'P_half': 147.09699119495133, 'pre_dampen_half': 0.34645729315852974, 'gpp_af': 29.925002022877802, 'gpp_b': 0.0024605285374226047, 'gpp_d': 5.679195944606101, 'ign_k': 0.03033111747878116, 'ign_c': 14.367095138664217}.
[I 2026-08-06 02:50:19,111] Trial 690 finished with values: [10.246964215488475, 10.246964215488475] and parameters: {'k1': 0.00324789183891923, 'D_low': 1112.9571947046009, 'k2': 0.031211489608802344, 'D_high': 6455.595882939566, 'fire_exp': 1.0881360604103363, 'P_half': 10.226988730324324, 'pre_dampen_half': 107.40052367919465, 'gpp_af': 0.010590622233713298, 'gpp_b': 0.00012797528816608022, 'gpp_d': 33.373658194339434, 'ign_k': 0.006418208309987481, 'ign_c': 10.140635645866492}.
[I 2026-08-06 02:50:20,144] Trial 691 finished with values: [10.145043341098877, 10.145043341098877] and parameters: {'k1': 0.00324789183891923, 'D_low': 29.89885508829526, 'k2': 0.0022957398214549472, 'D_high': 7744.80118512745, 'fire_exp': 1.151006986743773, 'P_half': 12.808863354047988, 'pre_dampen_half': 304.7488318185732, 'gpp_af': 5.620854611217178, 'gpp_b': 0.011750724729953272, 'gpp_d': 150.14555442537656, 'ign_k': 0.0035114452581286888, 'ign_c': 0.11433485956638717}.
