[I 2026-06-08 12:54:03,646] Trial 2179 finished with values: [10.605227647916662, 10.605227647916662] and parameters: {'k1': 0.03635503353478365, 'D_low': 43.50263661868244, 'k2': 0.04333919331865372, 'D_high': 1493.5213816355397, 'fire_exp': 1.165368636520435, 'P_half': 4.213183643253957, 'pre_dampen_half': 107.40052367919465, 'gpp_af': 0.1476584299248268, 'gpp_b': 0.0005752434266899163, 'gpp_d': 660.9129108295722, 'ign_k': 8.708806168038567, 'ign_c': 7.028531171265624, 'trop_agb_crit': 3.5747129226002423, 'trop_k_veg': 2.194427136482602}.
[I 2026-06-08 12:54:05,423] Trial 2180 finished with values: [10.000901808068283, 10.000901808068283] and parameters: {'k1': 0.03635503353478365, 'D_low': 70.18267183720735, 'k2': 0.012758211164590085, 'D_high': 2940.51756322311, 'fire_exp': 1.165368636520435, 'P_half': 4.213183643253957, 'pre_dampen_half': 107.40052367919465, 'gpp_af': 0.10409127568994281, 'gpp_b': 0.0005752434266899163, 'gpp_d': 84.31013932082456, 'ign_k': 4.830344262684193, 'ign_c': 20.03995359361212, 'trop_agb_crit': 7.500118950416987, 'trop_k_veg': 6.9782110227926815}.
[I 2026-06-08 12:54:07,370] Trial 2181 finished with values: [-0.5908365719885017, 0.06552580997430069] and parameters: {'k1': 0.006003184748548644, 'D_low': 1.4960850709142384, 'k2': 0.012758211164590085, 'D_high': 1493.5213816355397, 'fire_exp': 1.165368636520435, 'P_half': 4.213183643253957, 'pre_dampen_half': 107.40052367919465, 'gpp_af': 0.10409127568994281, 'gpp_b': 0.0005752434266899163, 'gpp_d': 84.31013932082456, 'ign_k': 8.708806168038567, 'ign_c': 20.03995359361212, 'trop_agb_crit': 11.934202988148748, 'trop_k_veg': 2.194427136482602}.
[I 2026-06-08 12:54:09,379] Trial 2182 finished with values: [-0.5927091832796819, 0.04141608659892626] and parameters: {'k1': 0.01889771394135163, 'D_low': 70.18267183720735, 'k2': 0.012758211164590085, 'D_high': 2940.51756322311, 'fire_exp': 1.165368636520435, 'P_half': 4.213183643253957, 'pre_dampen_half': 129.6205834341811, 'gpp_af': 0.026385812054113177, 'gpp_b': 0.0005752434266899163, 'gpp_d': 32.59634197484904, 'ign_k': 8.708806168038567, 'ign_c': 20.03995359361212, 'trop_agb_crit': 3.5747129226002423, 'trop_k_veg': 2.194427136482602}.
[I 2026-06-08 12:54:11,242] Trial 2183 finished with values: [-0.5888898024776418, 0.03814612792112815] and parameters: {'k1': 0.01889771394135163, 'D_low': 70.18267183720735, 'k2': 0.012758211164590085, 'D_high': 1493.5213816355397, 'fire_exp': 1.165368636520435, 'P_half': 4.213183643253957, 'pre_dampen_half': 107.40052367919465, 'gpp_af': 0.1476584299248268, 'gpp_b': 0.0005752434266899163, 'gpp_d': 84.31013932082456, 'ign_k': 8.708806168038567, 'ign_c': 20.03995359361212, 'trop_agb_crit': 3.5747129226002423, 'trop_k_veg': 6.9782110227926815}.
[I 2026-06-08 12:54:12,877] Trial 2184 finished with values: [-0.5931203182614668, 0.08554910615020583] and parameters: {'k1': 0.02348808493262077, 'D_low': 70.18267183720735, 'k2': 0.012758211164590085, 'D_high': 27974.582591808008, 'fire_exp': 1.165368636520435, 'P_half': 4.213183643253957, 'pre_dampen_half': 129.6205834341811, 'gpp_af': 0.017199513788543352, 'gpp_b': 0.0005752434266899163, 'gpp_d': 32.59634197484904, 'ign_k': 8.708806168038567, 'ign_c': 20.03995359361212, 'trop_agb_crit': 3.5747129226002423, 'trop_k_veg': 2.1104394500982346}.
[I 2026-06-08 12:54:14,955] Trial 2185 finished with values: [10.774020806896813, 10.774020806896813] and parameters: {'k1': 0.03635503353478365, 'D_low': 32.83796190364696, 'k2': 0.012758211164590085, 'D_high': 1493.5213816355397, 'fire_exp': 1.165368636520435, 'P_half': 4.213183643253957, 'pre_dampen_half': 0.23461617316293532, 'gpp_af': 0.10409127568994281, 'gpp_b': 0.0005752434266899163, 'gpp_d': 10.369565216756202, 'ign_k': 8.708806168038567, 'ign_c': 20.03995359361212, 'trop_agb_crit': 3.5747129226002423, 'trop_k_veg': 2.194427136482602}.
[I 2026-06-08 12:54:17,904] Trial 2186 finished with values: [-0.5924535104711894, 0.03563592069723154] and parameters: {'k1': 0.016915452325158058, 'D_low': 2.143851363193517, 'k2': 0.012758211164590085, 'D_high': 1493.5213816355397, 'fire_exp': 1.165368636520435, 'P_half': 2.1570307680573153, 'pre_dampen_half': 107.40052367919465, 'gpp_af': 0.017199513788543352, 'gpp_b': 0.0005752434266899163, 'gpp_d': 84.31013932082456, 'ign_k': 8.708806168038567, 'ign_c': 20.03995359361212, 'trop_agb_crit': 7.500118950416987, 'trop_k_veg': 6.197108275106861}.
[I 2026-06-08 12:54:22,673] Trial 2187 finished with values: [10.799736471262909, 10.799736471262909] and parameters: {'k1': 6.038963599031031e-05, 'D_low': 2.143851363193517, 'k2': 0.0002406399944967395, 'D_high': 2940.51756322311, 'fire_exp': 2.1657606279386883, 'P_half': 4.213183643253957, 'pre_dampen_half': 107.40052367919465, 'gpp_af': 0.017199513788543352, 'gpp_b': 0.0005752434266899163, 'gpp_d': 660.9129108295722, 'ign_k': 8.708806168038567, 'ign_c': 20.03995359361212, 'trop_agb_crit': 3.5747129226002423, 'trop_k_veg': 6.9782110227926815}.
[I 2026-06-08 12:54:24,741] Trial 2188 finished with values: [10.892857142659844, 10.892857142659844] and parameters: {'k1': 0.01889771394135163, 'D_low': 8205.439988406735, 'k2': 0.005130610786079737, 'D_high': 1493.5213816355397, 'fire_exp': 1.165368636520435, 'P_half': 12.808863354047988, 'pre_dampen_half': 107.40052367919465, 'gpp_af': 0.1476584299248268, 'gpp_b': 0.0005752434266899163, 'gpp_d': 660.9129108295722, 'ign_k': 8.708806168038567, 'ign_c': 20.03995359361212, 'trop_agb_crit': 18.416595043981676, 'trop_k_veg': 6.9782110227926815}.
[I 2026-06-08 12:54:26,914] Trial 2189 finished with values: [10.53361918558219, 10.53361918558219] and parameters: {'k1': 0.01889771394135163, 'D_low': 1.4960850709142384, 'k2': 0.012758211164590085, 'D_high': 1493.5213816355397, 'fire_exp': 1.165368636520435, 'P_half': 4.213183643253957, 'pre_dampen_half': 107.40052367919465, 'gpp_af': 0.10409127568994281, 'gpp_b': 0.161071672984133, 'gpp_d': 660.9129108295722, 'ign_k': 8.708806168038567, 'ign_c': 20.03995359361212, 'trop_agb_crit': 3.5747129226002423, 'trop_k_veg': 3.7534754487826496}.
[I 2026-06-08 12:54:28,765] Trial 2190 finished with values: [-0.5963015994382083, 0.05529207596013397] and parameters: {'k1': 0.01889771394135163, 'D_low': 70.18267183720735, 'k2': 0.04333919331865372, 'D_high': 2940.51756322311, 'fire_exp': 1.165368636520435, 'P_half': 4.213183643253957, 'pre_dampen_half': 107.40052367919465, 'gpp_af': 0.1476584299248268, 'gpp_b': 0.0005752434266899163, 'gpp_d': 10.369565216756202, 'ign_k': 8.708806168038567, 'ign_c': 20.03995359361212, 'trop_agb_crit': 3.5747129226002423, 'trop_k_veg': 6.9782110227926815}.
[I 2026-06-08 12:54:30,640] Trial 2191 finished with values: [-0.5861737456088938, 0.03397896081779195] and parameters: {'k1': 0.01889771394135163, 'D_low': 2.143851363193517, 'k2': 0.012758211164590085, 'D_high': 1493.5213816355397, 'fire_exp': 1.165368636520435, 'P_half': 4.213183643253957, 'pre_dampen_half': 107.40052367919465, 'gpp_af': 0.017199513788543352, 'gpp_b': 0.0005752434266899163, 'gpp_d': 10.369565216756202, 'ign_k': 8.708806168038567, 'ign_c': 20.03995359361212, 'trop_agb_crit': 3.5747129226002423, 'trop_k_veg': 6.9782110227926815}.
[I 2026-06-08 12:54:32,994] Trial 2192 finished with values: [10.576504986207695, 10.576504986207695] and parameters: {'k1': 0.01889771394135163, 'D_low': 70.18267183720735, 'k2': 0.005130610786079737, 'D_high': 1493.5213816355397, 'fire_exp': 1.165368636520435, 'P_half': 4.213183643253957, 'pre_dampen_half': 6.461955634993639, 'gpp_af': 0.017199513788543352, 'gpp_b': 0.0005752434266899163, 'gpp_d': 10.369565216756202, 'ign_k': 8.708806168038567, 'ign_c': 20.03995359361212, 'trop_agb_crit': 3.5747129226002423, 'trop_k_veg': 6.197108275106861}.
[I 2026-06-08 12:54:35,260] Trial 2193 finished with values: [10.410659795170222, 10.410659795170222] and parameters: {'k1': 0.03635503353478365, 'D_low': 70.18267183720735, 'k2': 0.012758211164590085, 'D_high': 61427.475649138854, 'fire_exp': 1.165368636520435, 'P_half': 4.213183643253957, 'pre_dampen_half': 107.40052367919465, 'gpp_af': 0.3028961578107211, 'gpp_b': 0.0005752434266899163, 'gpp_d': 32.59634197484904, 'ign_k': 0.03327138191266217, 'ign_c': 20.03995359361212, 'trop_agb_crit': 3.5747129226002423, 'trop_k_veg': 6.9782110227926815}.
[I 2026-06-08 12:54:37,127] Trial 2194 finished with values: [10.079509729325379, 10.079509729325379] and parameters: {'k1': 0.01889771394135163, 'D_low': 4.488914646965352, 'k2': 0.013957981200161677, 'D_high': 2940.51756322311, 'fire_exp': 1.165368636520435, 'P_half': 4.213183643253957, 'pre_dampen_half': 107.40052367919465, 'gpp_af': 0.1476584299248268, 'gpp_b': 0.0005752434266899163, 'gpp_d': 47.01318349156395, 'ign_k': 8.708806168038567, 'ign_c': 20.03995359361212, 'trop_agb_crit': 3.5747129226002423, 'trop_k_veg': 6.9782110227926815}.
[I 2026-06-08 12:54:38,852] Trial 2195 finished with values: [10.252117371572144, 10.252117371572144] and parameters: {'k1': 0.02348808493262077, 'D_low': 1.4960850709142384, 'k2': 0.012758211164590085, 'D_high': 344.6832300506327, 'fire_exp': 1.0210299208259914, 'P_half': 2.1570307680573153, 'pre_dampen_half': 107.40052367919465, 'gpp_af': 0.10409127568994281, 'gpp_b': 0.0005752434266899163, 'gpp_d': 84.31013932082456, 'ign_k': 8.708806168038567, 'ign_c': 20.03995359361212, 'trop_agb_crit': 3.5747129226002423, 'trop_k_veg': 7.079636637334668}.
[I 2026-06-08 12:54:40,804] Trial 2196 finished with values: [10.892277463080116, 10.892277463080116] and parameters: {'k1': 0.01889771394135163, 'D_low': 1.0520180629652964, 'k2': 0.012758211164590085, 'D_high': 1493.5213816355397, 'fire_exp': 1.165368636520435, 'P_half': 12.808863354047988, 'pre_dampen_half': 107.40052367919465, 'gpp_af': 0.0013364941735729081, 'gpp_b': 1.081394026639728, 'gpp_d': 660.9129108295722, 'ign_k': 0.00111089224191038, 'ign_c': 20.03995359361212, 'trop_agb_crit': 10.950902226151651, 'trop_k_veg': 7.366750792151656}.
[I 2026-06-08 12:54:44,914] Trial 2197 finished with values: [-0.5934122380514084, 0.03725409754655906] and parameters: {'k1': 0.01889771394135163, 'D_low': 70.18267183720735, 'k2': 0.04333919331865372, 'D_high': 1493.5213816355397, 'fire_exp': 1.165368636520435, 'P_half': 2.0445481304689883, 'pre_dampen_half': 107.40052367919465, 'gpp_af': 0.10907247178366643, 'gpp_b': 0.0005752434266899163, 'gpp_d': 10.369565216756202, 'ign_k': 8.708806168038567, 'ign_c': 20.03995359361212, 'trop_agb_crit': 7.500118950416987, 'trop_k_veg': 6.197108275106861}.
[I 2026-06-08 12:54:47,190] Trial 2198 finished with values: [-0.5947640368489784, 0.03756232441668905] and parameters: {'k1': 0.01889771394135163, 'D_low': 1.4960850709142384, 'k2': 0.04333919331865372, 'D_high': 1493.5213816355397, 'fire_exp': 1.165368636520435, 'P_half': 4.213183643253957, 'pre_dampen_half': 107.40052367919465, 'gpp_af': 0.025844142788784538, 'gpp_b': 0.0005752434266899163, 'gpp_d': 10.369565216756202, 'ign_k': 8.708806168038567, 'ign_c': 20.03995359361212, 'trop_agb_crit': 7.500118950416987, 'trop_k_veg': 6.197108275106861}.
[I 2026-06-08 12:54:49,364] Trial 2199 finished with values: [-0.5948880393077662, 0.04503857599371086] and parameters: {'k1': 0.02348808493262077, 'D_low': 2.018165937474199, 'k2': 0.04333919331865372, 'D_high': 1493.5213816355397, 'fire_exp': 1.165368636520435, 'P_half': 12.808863354047988, 'pre_dampen_half': 107.40052367919465, 'gpp_af': 0.10409127568994281, 'gpp_b': 0.0005752434266899163, 'gpp_d': 660.9129108295722, 'ign_k': 8.708806168038567, 'ign_c': 20.03995359361212, 'trop_agb_crit': 3.5747129226002423, 'trop_k_veg': 2.194427136482602}.
[I 2026-06-08 12:54:51,620] Trial 2200 finished with values: [10.353229631974411, 10.353229631974411] and parameters: {'k1': 0.01889771394135163, 'D_low': 2.143851363193517, 'k2': 0.0005631775220362644, 'D_high': 87.07502743880971, 'fire_exp': 1.165368636520435, 'P_half': 2.1570307680573153, 'pre_dampen_half': 107.40052367919465, 'gpp_af': 0.10409127568994281, 'gpp_b': 0.0005752434266899163, 'gpp_d': 21.828476026538596, 'ign_k': 8.708806168038567, 'ign_c': 20.03995359361212, 'trop_agb_crit': 3.5747129226002423, 'trop_k_veg': 2.194427136482602}.
[I 2026-06-08 12:54:53,601] Trial 2201 finished with values: [10.22327984572923, 10.22327984572923] and parameters: {'k1': 0.01889771394135163, 'D_low': 1.4960850709142384, 'k2': 0.00659908982916111, 'D_high': 1493.5213816355397, 'fire_exp': 1.165368636520435, 'P_half': 12.808863354047988, 'pre_dampen_half': 107.40052367919465, 'gpp_af': 12.179815512047453, 'gpp_b': 0.0005752434266899163, 'gpp_d': 10.369565216756202, 'ign_k': 8.708806168038567, 'ign_c': 20.03995359361212, 'trop_agb_crit': 3.5747129226002423, 'trop_k_veg': 6.9782110227926815}.
[I 2026-06-08 12:54:56,013] Trial 2202 finished with values: [10.115099235593467, 10.115099235593467] and parameters: {'k1': 0.01889771394135163, 'D_low': 70.18267183720735, 'k2': 0.04333919331865372, 'D_high': 1493.5213816355397, 'fire_exp': 1.165368636520435, 'P_half': 27.18403033121928, 'pre_dampen_half': 107.40052367919465, 'gpp_af': 0.1476584299248268, 'gpp_b': 0.018992489565180053, 'gpp_d': 660.9129108295722, 'ign_k': 8.708806168038567, 'ign_c': 20.03995359361212, 'trop_agb_crit': 7.500118950416987, 'trop_k_veg': 6.9782110227926815}.
[I 2026-06-08 12:54:57,952] Trial 2203 finished with values: [10.016493811355758, 10.016493811355758] and parameters: {'k1': 0.07381440120353339, 'D_low': 2.143851363193517, 'k2': 0.012758211164590085, 'D_high': 1493.5213816355397, 'fire_exp': 1.165368636520435, 'P_half': 2.1570307680573153, 'pre_dampen_half': 107.40052367919465, 'gpp_af': 0.1476584299248268, 'gpp_b': 0.0005752434266899163, 'gpp_d': 84.31013932082456, 'ign_k': 8.708806168038567, 'ign_c': 20.03995359361212, 'trop_agb_crit': 4.5511277305037705, 'trop_k_veg': 6.9782110227926815}.
[I 2026-06-08 12:54:59,907] Trial 2204 finished with values: [10.132755229790641, 10.132755229790641] and parameters: {'k1': 0.01889771394135163, 'D_low': 2.143851363193517, 'k2': 0.04333919331865372, 'D_high': 2940.51756322311, 'fire_exp': 1.1263379616713667, 'P_half': 4.213183643253957, 'pre_dampen_half': 107.40052367919465, 'gpp_af': 0.10409127568994281, 'gpp_b': 0.0005752434266899163, 'gpp_d': 84.31013932082456, 'ign_k': 0.10451590686870835, 'ign_c': 20.03995359361212, 'trop_agb_crit': 3.5747129226002423, 'trop_k_veg': 2.194427136482602}.
[I 2026-06-08 12:55:01,757] Trial 2205 finished with values: [-0.5918798829475639, 0.039340904016527456] and parameters: {'k1': 0.01889771394135163, 'D_low': 70.18267183720735, 'k2': 0.04333919331865372, 'D_high': 2940.51756322311, 'fire_exp': 1.165368636520435, 'P_half': 12.808863354047988, 'pre_dampen_half': 129.6205834341811, 'gpp_af': 0.026385812054113177, 'gpp_b': 0.0005752434266899163, 'gpp_d': 10.369565216756202, 'ign_k': 8.708806168038567, 'ign_c': 20.03995359361212, 'trop_agb_crit': 3.5747129226002423, 'trop_k_veg': 3.6650065819669346}.
[I 2026-06-08 12:55:03,564] Trial 2206 finished with values: [10.033412984780483, 10.033412984780483] and parameters: {'k1': 0.02348808493262077, 'D_low': 2.018165937474199, 'k2': 0.02822031678575714, 'D_high': 2940.51756322311, 'fire_exp': 1.165368636520435, 'P_half': 12.808863354047988, 'pre_dampen_half': 107.40052367919465, 'gpp_af': 0.017199513788543352, 'gpp_b': 0.0005752434266899163, 'gpp_d': 660.9129108295722, 'ign_k': 8.708806168038567, 'ign_c': 20.03995359361212, 'trop_agb_crit': 7.500118950416987, 'trop_k_veg': 6.9782110227926815}.
[I 2026-06-08 12:55:06,559] Trial 2207 finished with values: [10.049959416901178, 10.049959416901178] and parameters: {'k1': 0.02348808493262077, 'D_low': 70.18267183720735, 'k2': 0.012758211164590085, 'D_high': 1493.5213816355397, 'fire_exp': 1.165368636520435, 'P_half': 12.808863354047988, 'pre_dampen_half': 129.6205834341811, 'gpp_af': 0.017199513788543352, 'gpp_b': 0.0005752434266899163, 'gpp_d': 660.9129108295722, 'ign_k': 8.708806168038567, 'ign_c': 20.03995359361212, 'trop_agb_crit': 3.5747129226002423, 'trop_k_veg': 6.9782110227926815}.
[I 2026-06-08 12:55:08,413] Trial 2208 finished with values: [10.020969368490974, 10.020969368490974] and parameters: {'k1': 0.01889771394135163, 'D_low': 70.18267183720735, 'k2': 0.012758211164590085, 'D_high': 1493.5213816355397, 'fire_exp': 1.165368636520435, 'P_half': 5.212216510950917, 'pre_dampen_half': 100.00400860891756, 'gpp_af': 0.05511595477601767, 'gpp_b': 0.0005752434266899163, 'gpp_d': 660.9129108295722, 'ign_k': 8.708806168038567, 'ign_c': 20.03995359361212, 'trop_agb_crit': 3.5747129226002423, 'trop_k_veg': 6.9782110227926815}.
[I 2026-06-08 12:55:10,223] Trial 2209 finished with values: [10.145614569070123, 10.145614569070123] and parameters: {'k1': 0.001624906226551921, 'D_low': 32.83796190364696, 'k2': 0.012758211164590085, 'D_high': 1493.5213816355397, 'fire_exp': 1.165368636520435, 'P_half': 2.1570307680573153, 'pre_dampen_half': 107.40052367919465, 'gpp_af': 0.05511595477601767, 'gpp_b': 0.0005752434266899163, 'gpp_d': 10.369565216756202, 'ign_k': 8.708806168038567, 'ign_c': 20.03995359361212, 'trop_agb_crit': 3.5747129226002423, 'trop_k_veg': 2.194427136482602}.
[I 2026-06-08 12:55:12,026] Trial 2210 finished with values: [-0.5898772113426203, 0.032567067387131776] and parameters: {'k1': 0.01889771394135163, 'D_low': 32.83796190364696, 'k2': 0.012758211164590085, 'D_high': 1493.5213816355397, 'fire_exp': 1.165368636520435, 'P_half': 2.1570307680573153, 'pre_dampen_half': 107.40052367919465, 'gpp_af': 0.017199513788543352, 'gpp_b': 0.0005752434266899163, 'gpp_d': 32.59634197484904, 'ign_k': 8.708806168038567, 'ign_c': 20.03995359361212, 'trop_agb_crit': 7.500118950416987, 'trop_k_veg': 6.197108275106861}.
[I 2026-06-08 12:55:13,835] Trial 2211 finished with values: [10.505671225088303, 10.505671225088303] and parameters: {'k1': 0.00038566899662350555, 'D_low': 1.4960850709142384, 'k2': 0.012758211164590085, 'D_high': 2940.51756322311, 'fire_exp': 1.165368636520435, 'P_half': 12.808863354047988, 'pre_dampen_half': 107.40052367919465, 'gpp_af': 0.1476584299248268, 'gpp_b': 0.0005752434266899163, 'gpp_d': 660.9129108295722, 'ign_k': 8.708806168038567, 'ign_c': 0.336403196894133, 'trop_agb_crit': 3.5747129226002423, 'trop_k_veg': 2.194427136482602}.
[I 2026-06-08 12:55:15,743] Trial 2212 finished with values: [10.892857142659844, 10.892857142659844] and parameters: {'k1': 0.01889771394135163, 'D_low': 32.83796190364696, 'k2': 0.012758211164590085, 'D_high': 2940.51756322311, 'fire_exp': 1.165368636520435, 'P_half': 12.808863354047988, 'pre_dampen_half': 107.40052367919465, 'gpp_af': 0.10409127568994281, 'gpp_b': 0.0005752434266899163, 'gpp_d': 10.369565216756202, 'ign_k': 8.708806168038567, 'ign_c': 289.18984309836543, 'trop_agb_crit': 1.7073069121399502, 'trop_k_veg': 2.194427136482602}.
[I 2026-06-08 12:55:17,522] Trial 2213 finished with values: [-0.5830045423487007, 0.03479253711095809] and parameters: {'k1': 0.01889771394135163, 'D_low': 2.143851363193517, 'k2': 0.012758211164590085, 'D_high': 1493.5213816355397, 'fire_exp': 1.165368636520435, 'P_half': 4.213183643253957, 'pre_dampen_half': 107.40052367919465, 'gpp_af': 0.03539478642016718, 'gpp_b': 0.0005752434266899163, 'gpp_d': 0.2819860732062686, 'ign_k': 8.708806168038567, 'ign_c': 20.03995359361212, 'trop_agb_crit': 3.5747129226002423, 'trop_k_veg': 2.194427136482602}.
[I 2026-06-08 12:55:19,383] Trial 2214 finished with values: [10.04940502433824, 10.04940502433824] and parameters: {'k1': 0.01889771394135163, 'D_low': 32.83796190364696, 'k2': 0.012758211164590085, 'D_high': 1493.5213816355397, 'fire_exp': 1.165368636520435, 'P_half': 12.808863354047988, 'pre_dampen_half': 107.40052367919465, 'gpp_af': 0.05511595477601767, 'gpp_b': 0.0005752434266899163, 'gpp_d': 84.31013932082456, 'ign_k': 8.708806168038567, 'ign_c': 20.03995359361212, 'trop_agb_crit': 19.37243407118666, 'trop_k_veg': 2.194427136482602}.
[I 2026-06-08 12:55:21,399] Trial 2215 finished with values: [10.013745948419079, 10.013745948419079] and parameters: {'k1': 0.01889771394135163, 'D_low': 39.02532261756613, 'k2': 0.04333919331865372, 'D_high': 2940.51756322311, 'fire_exp': 1.165368636520435, 'P_half': 12.808863354047988, 'pre_dampen_half': 107.40052367919465, 'gpp_af': 0.026385812054113177, 'gpp_b': 0.0005752434266899163, 'gpp_d': 10.369565216756202, 'ign_k': 8.708806168038567, 'ign_c': 20.03995359361212, 'trop_agb_crit': 9.855164796046413, 'trop_k_veg': 2.194427136482602}.
[I 2026-06-08 12:55:23,311] Trial 2216 finished with values: [-0.5941844174780078, 0.04294864175808055] and parameters: {'k1': 0.01889771394135163, 'D_low': 2.143851363193517, 'k2': 0.012758211164590085, 'D_high': 1493.5213816355397, 'fire_exp': 1.165368636520435, 'P_half': 4.213183643253957, 'pre_dampen_half': 107.40052367919465, 'gpp_af': 0.10409127568994281, 'gpp_b': 0.0005752434266899163, 'gpp_d': 32.59634197484904, 'ign_k': 8.708806168038567, 'ign_c': 20.03995359361212, 'trop_agb_crit': 3.5747129226002423, 'trop_k_veg': 6.197108275106861}.
[I 2026-06-08 12:55:25,157] Trial 2217 finished with values: [-0.5970969656842134, 0.05142431054193575] and parameters: {'k1': 0.01889771394135163, 'D_low': 70.18267183720735, 'k2': 0.012758211164590085, 'D_high': 2940.51756322311, 'fire_exp': 1.165368636520435, 'P_half': 12.808863354047988, 'pre_dampen_half': 107.40052367919465, 'gpp_af': 0.10409127568994281, 'gpp_b': 0.0005752434266899163, 'gpp_d': 84.31013932082456, 'ign_k': 8.708806168038567, 'ign_c': 20.03995359361212, 'trop_agb_crit': 3.5747129226002423, 'trop_k_veg': 2.194427136482602}.
