[I 2026-08-06 03:19:21,218] Trial 1092 finished with values: [-0.5891903002422288, 0.126325347729902] and parameters: {'k1': 0.0030285741098956273, 'D_low': 1.1102341430568343, 'k2': 0.00013919612871325166, 'D_high': 35.11445258128688, 'fire_exp': 1.0881360604103363, 'P_half': 25.255166452944085, 'pre_dampen_half': 36.876350096203005, 'gpp_af': 0.09145768948268033, 'gpp_b': 0.0012070331879029856, 'gpp_d': 48.69745226446181, 'ign_k': 0.37424230019851973, 'ign_c': 11.77190025324203, 'gdp_gamma': 0.3862443158940324}.
[I 2026-08-06 03:19:22,422] Trial 1093 finished with values: [-0.6276531149096118, 0.10397213892642809] and parameters: {'k1': 0.0030285741098956273, 'D_low': 3.7322156377670694, 'k2': 0.0007081721844034209, 'D_high': 2855.843069859749, 'fire_exp': 1.0881360604103363, 'P_half': 35.828811741825064, 'pre_dampen_half': 8.904067307938409, 'gpp_af': 0.05391752791214327, 'gpp_b': 0.0030742893625766146, 'gpp_d': 331.7366635899375, 'ign_k': 0.37424230019851973, 'ign_c': 6.807874826564585, 'gdp_gamma': 1.8068697350278546}.
[I 2026-08-06 03:19:23,555] Trial 1094 finished with values: [-0.6012352975461168, 0.088023182076722] and parameters: {'k1': 0.0008018119368890578, 'D_low': 3.7322156377670694, 'k2': 0.0007081721844034209, 'D_high': 2970.7920514735997, 'fire_exp': 1.0881360604103363, 'P_half': 10.226988730324324, 'pre_dampen_half': 8.904067307938409, 'gpp_af': 0.8571213555597653, 'gpp_b': 0.02052499618703749, 'gpp_d': 33.9790424311127, 'ign_k': 2.7728241828010627, 'ign_c': 6.807874826564585, 'gdp_gamma': 0.559652086128564}.
[I 2026-08-06 03:19:25,121] Trial 1095 finished with values: [-0.6254700261717275, 0.09308983317285346] and parameters: {'k1': 0.07928164425547335, 'D_low': 148.10800730363493, 'k2': 0.00014001191914113747, 'D_high': 18356.41027683101, 'fire_exp': 1.0881360604103363, 'P_half': 25.255166452944085, 'pre_dampen_half': 36.876350096203005, 'gpp_af': 0.09145768948268033, 'gpp_b': 0.004215504256370331, 'gpp_d': 331.7366635899375, 'ign_k': 0.37424230019851973, 'ign_c': 22.126836566118193, 'gdp_gamma': 0.559652086128564}.
[I 2026-08-06 03:19:26,303] Trial 1096 finished with values: [10.147409937457152, 10.147409937457152] and parameters: {'k1': 0.0030285741098956273, 'D_low': 490.2396944106614, 'k2': 0.03820259936390116, 'D_high': 2842.140588732084, 'fire_exp': 1.0881360604103363, 'P_half': 251.23618639978196, 'pre_dampen_half': 8.904067307938409, 'gpp_af': 0.09145768948268033, 'gpp_b': 0.004597283814159352, 'gpp_d': 34.70266988650411, 'ign_k': 0.038791280730284435, 'ign_c': 0.6615437365561385, 'gdp_gamma': 1.8068697350278546}.
[I 2026-08-06 03:19:27,458] Trial 1097 finished with values: [11.184924036329004, 11.184924036329004] and parameters: {'k1': 0.0030285741098956273, 'D_low': 14.835020363846423, 'k2': 0.03820259936390116, 'D_high': 2970.7920514735997, 'fire_exp': 1.0881360604103363, 'P_half': 25.255166452944085, 'pre_dampen_half': 36.876350096203005, 'gpp_af': 0.05391752791214327, 'gpp_b': 0.004597283814159352, 'gpp_d': 33.9790424311127, 'ign_k': 0.37424230019851973, 'ign_c': 0.6615437365561385, 'gdp_gamma': 1.8068697350278546}.
[I 2026-08-06 03:19:28,618] Trial 1098 finished with values: [-0.579283747426914, 0.09901949232159768] and parameters: {'k1': 0.02789202112452399, 'D_low': 376.7022142229396, 'k2': 0.00014001191914113747, 'D_high': 21863.563449420166, 'fire_exp': 1.0881360604103363, 'P_half': 25.255166452944085, 'pre_dampen_half': 36.876350096203005, 'gpp_af': 0.09145768948268033, 'gpp_b': 0.02052499618703749, 'gpp_d': 124.72235343584714, 'ign_k': 2.4325252374050867, 'ign_c': 11.77190025324203, 'gdp_gamma': 1.8068697350278546}.
[I 2026-08-06 03:19:29,749] Trial 1099 finished with values: [10.427322563992062, 10.427322563992062] and parameters: {'k1': 2.9394634586259703e-05, 'D_low': 4739.211978755633, 'k2': 7.639737756882014e-05, 'D_high': 21863.563449420166, 'fire_exp': 1.5191397119156032, 'P_half': 1.2765717873951687, 'pre_dampen_half': 8.904067307938409, 'gpp_af': 0.05391752791214327, 'gpp_b': 0.0012070331879029856, 'gpp_d': 10.931606102061748, 'ign_k': 1.2021930484915047, 'ign_c': 22.126836566118193, 'gdp_gamma': 1.8068697350278546}.
[I 2026-08-06 03:19:30,934] Trial 1100 finished with values: [10.468906827407725, 10.468906827407725] and parameters: {'k1': 0.0030285741098956273, 'D_low': 10.208550480923067, 'k2': 0.0007081721844034209, 'D_high': 2970.7920514735997, 'fire_exp': 1.0881360604103363, 'P_half': 35.828811741825064, 'pre_dampen_half': 8.904067307938409, 'gpp_af': 3.253305539860196, 'gpp_b': 0.0005623095666134974, 'gpp_d': 59.594975247847636, 'ign_k': 0.4339260158221391, 'ign_c': 0.6615437365561385, 'gdp_gamma': 1.8068697350278546}.
[I 2026-08-06 03:19:32,104] Trial 1101 finished with values: [-0.6106530969222737, 0.09420653438784599] and parameters: {'k1': 0.07928164425547335, 'D_low': 148.10800730363493, 'k2': 0.00014001191914113747, 'D_high': 21863.563449420166, 'fire_exp': 2.066761381010117, 'P_half': 25.255166452944085, 'pre_dampen_half': 36.876350096203005, 'gpp_af': 0.09145768948268033, 'gpp_b': 0.004215504256370331, 'gpp_d': 331.7366635899375, 'ign_k': 0.37424230019851973, 'ign_c': 6.807874826564585, 'gdp_gamma': 0.559652086128564}.
[I 2026-08-06 03:19:33,266] Trial 1102 finished with values: [10.091207305960555, 10.091207305960555] and parameters: {'k1': 2.9394634586259703e-05, 'D_low': 29.89885508829526, 'k2': 0.0006952772018502053, 'D_high': 21863.563449420166, 'fire_exp': 1.0881360604103363, 'P_half': 10.226988730324324, 'pre_dampen_half': 8.904067307938409, 'gpp_af': 0.09145768948268033, 'gpp_b': 0.0030742893625766146, 'gpp_d': 10.931606102061748, 'ign_k': 1.833717796770998, 'ign_c': 0.6615437365561385, 'gdp_gamma': 1.8068697350278546}.
[I 2026-08-06 03:19:34,427] Trial 1103 finished with values: [10.76923076903347, 10.76923076903347] and parameters: {'k1': 0.0030285741098956273, 'D_low': 3.7322156377670694, 'k2': 0.0007081721844034209, 'D_high': 23334.269612839627, 'fire_exp': 1.0881360604103363, 'P_half': 251.23618639978196, 'pre_dampen_half': 8.904067307938409, 'gpp_af': 0.09145768948268033, 'gpp_b': 0.23493302081649545, 'gpp_d': 28.985497348274123, 'ign_k': 9.226223582279749, 'ign_c': 127.58211164590072, 'gdp_gamma': 1.8068697350278546}.
[I 2026-08-06 03:19:35,573] Trial 1104 finished with values: [-0.603935224308959, 0.2696409286810123] and parameters: {'k1': 0.0030285741098956273, 'D_low': 376.7022142229396, 'k2': 0.00014001191914113747, 'D_high': 21863.563449420166, 'fire_exp': 1.0881360604103363, 'P_half': 25.255166452944085, 'pre_dampen_half': 8.904067307938409, 'gpp_af': 3.253305539860196, 'gpp_b': 0.004215504256370331, 'gpp_d': 19.09014329875082, 'ign_k': 0.37424230019851973, 'ign_c': 11.77190025324203, 'gdp_gamma': 0.559652086128564}.
[I 2026-08-06 03:19:36,760] Trial 1105 finished with values: [-0.6103884506793305, 0.12031821241242935] and parameters: {'k1': 0.0030285741098956273, 'D_low': 376.7022142229396, 'k2': 0.03820259936390116, 'D_high': 21863.563449420166, 'fire_exp': 1.0881360604103363, 'P_half': 25.255166452944085, 'pre_dampen_half': 36.876350096203005, 'gpp_af': 0.05391752791214327, 'gpp_b': 0.004597283814159352, 'gpp_d': 10.931606102061748, 'ign_k': 8.315365004960604, 'ign_c': 22.126836566118193, 'gdp_gamma': 1.8068697350278546}.
[I 2026-08-06 03:19:37,996] Trial 1106 finished with values: [10.13470888128983, 10.13470888128983] and parameters: {'k1': 0.07928164425547335, 'D_low': 148.10800730363493, 'k2': 0.00014001191914113747, 'D_high': 2970.7920514735997, 'fire_exp': 1.0881360604103363, 'P_half': 35.828811741825064, 'pre_dampen_half': 36.876350096203005, 'gpp_af': 0.09145768948268033, 'gpp_b': 0.004597283814159352, 'gpp_d': 331.7366635899375, 'ign_k': 0.37424230019851973, 'ign_c': 0.6615437365561385, 'gdp_gamma': 1.8068697350278546}.
[I 2026-08-06 03:19:39,162] Trial 1107 finished with values: [10.075468484543896, 10.075468484543896] and parameters: {'k1': 0.0030285741098956273, 'D_low': 5.125250278169615, 'k2': 0.0007081721844034209, 'D_high': 21863.563449420166, 'fire_exp': 2.066761381010117, 'P_half': 4.933751600448339, 'pre_dampen_half': 8.904067307938409, 'gpp_af': 0.09145768948268033, 'gpp_b': 0.004215504256370331, 'gpp_d': 331.7366635899375, 'ign_k': 0.37424230019851973, 'ign_c': 0.6615437365561385, 'gdp_gamma': 1.8068697350278546}.
[I 2026-08-06 03:19:40,357] Trial 1108 finished with values: [10.12673395673657, 10.12673395673657] and parameters: {'k1': 0.0030285741098956273, 'D_low': 376.7022142229396, 'k2': 0.0007081721844034209, 'D_high': 2970.7920514735997, 'fire_exp': 1.0881360604103363, 'P_half': 25.255166452944085, 'pre_dampen_half': 36.876350096203005, 'gpp_af': 0.09145768948268033, 'gpp_b': 0.02052499618703749, 'gpp_d': 33.9790424311127, 'ign_k': 9.226223582279749, 'ign_c': 0.6615437365561385, 'gdp_gamma': 1.8068697350278546}.
[I 2026-08-06 03:19:41,529] Trial 1109 finished with values: [10.246285263840516, 10.246285263840516] and parameters: {'k1': 0.03313724129972938, 'D_low': 30.956657914928517, 'k2': 0.00014001191914113747, 'D_high': 35.11445258128688, 'fire_exp': 1.0881360604103363, 'P_half': 35.828811741825064, 'pre_dampen_half': 36.876350096203005, 'gpp_af': 0.05391752791214327, 'gpp_b': 0.0030742893625766146, 'gpp_d': 10.931606102061748, 'ign_k': 0.37424230019851973, 'ign_c': 11.77190025324203, 'gdp_gamma': 1.8068697350278546}.
[I 2026-08-06 03:19:42,754] Trial 1110 finished with values: [10.052277978748432, 10.052277978748432] and parameters: {'k1': 0.0030285741098956273, 'D_low': 376.7022142229396, 'k2': 0.0007081721844034209, 'D_high': 2970.7920514735997, 'fire_exp': 1.5191397119156032, 'P_half': 151.39365555347075, 'pre_dampen_half': 129.7187644086357, 'gpp_af': 0.05391752791214327, 'gpp_b': 0.0030742893625766146, 'gpp_d': 331.7366635899375, 'ign_k': 1.2021930484915047, 'ign_c': 0.6615437365561385, 'gdp_gamma': 1.8068697350278546}.
[I 2026-08-06 03:19:44,000] Trial 1111 finished with values: [10.766103532641917, 10.766103532641917] and parameters: {'k1': 0.0030285741098956273, 'D_low': 376.7022142229396, 'k2': 0.0007081721844034209, 'D_high': 2970.7920514735997, 'fire_exp': 1.0881360604103363, 'P_half': 8683.183082509351, 'pre_dampen_half': 55.00040622572184, 'gpp_af': 0.09145768948268033, 'gpp_b': 4.210448881229915, 'gpp_d': 331.7366635899375, 'ign_k': 2.7728241828010627, 'ign_c': 0.6615437365561385, 'gdp_gamma': 0.4782736120512339}.
[I 2026-08-06 03:19:45,627] Trial 1112 finished with values: [10.0103773393711, 10.0103773393711] and parameters: {'k1': 2.9394634586259703e-05, 'D_low': 376.7022142229396, 'k2': 0.03820259936390116, 'D_high': 21863.563449420166, 'fire_exp': 1.5191397119156032, 'P_half': 10.226988730324324, 'pre_dampen_half': 36.876350096203005, 'gpp_af': 0.09145768948268033, 'gpp_b': 0.0030742893625766146, 'gpp_d': 10.931606102061748, 'ign_k': 0.37424230019851973, 'ign_c': 22.126836566118193, 'gdp_gamma': 1.8068697350278546}.
[I 2026-08-06 03:19:46,829] Trial 1113 finished with values: [10.507482870499409, 10.507482870499409] and parameters: {'k1': 0.07928164425547335, 'D_low': 148.10800730363493, 'k2': 0.00015466641867531393, 'D_high': 35.11445258128688, 'fire_exp': 1.0881360604103363, 'P_half': 4.933751600448339, 'pre_dampen_half': 36.876350096203005, 'gpp_af': 0.0016438745768589367, 'gpp_b': 0.004215504256370331, 'gpp_d': 33.9790424311127, 'ign_k': 0.37424230019851973, 'ign_c': 0.21948188038908775, 'gdp_gamma': 0.559652086128564}.
[I 2026-08-06 03:19:48,081] Trial 1114 finished with values: [10.667126012626062, 10.667126012626062] and parameters: {'k1': 0.0030285741098956273, 'D_low': 30.956657914928517, 'k2': 0.0007081721844034209, 'D_high': 2855.843069859749, 'fire_exp': 1.461553831301347, 'P_half': 35.828811741825064, 'pre_dampen_half': 8.904067307938409, 'gpp_af': 0.004556631071522642, 'gpp_b': 0.02052499618703749, 'gpp_d': 33.9790424311127, 'ign_k': 0.37424230019851973, 'ign_c': 0.6615437365561385, 'gdp_gamma': 1.8068697350278546}.
[I 2026-08-06 03:19:49,310] Trial 1115 finished with values: [10.271377127864374, 10.271377127864374] and parameters: {'k1': 2.9394634586259703e-05, 'D_low': 376.7022142229396, 'k2': 0.0007081721844034209, 'D_high': 35.11445258128688, 'fire_exp': 1.0340574447037933, 'P_half': 251.23618639978196, 'pre_dampen_half': 8.904067307938409, 'gpp_af': 0.09145768948268033, 'gpp_b': 0.02052499618703749, 'gpp_d': 33.9790424311127, 'ign_k': 0.37424230019851973, 'ign_c': 0.6615437365561385, 'gdp_gamma': 1.8068697350278546}.
[I 2026-08-06 03:19:50,494] Trial 1116 finished with values: [10.318224860716414, 10.318224860716414] and parameters: {'k1': 0.03313724129972938, 'D_low': 3.7322156377670694, 'k2': 0.0007081721844034209, 'D_high': 2855.843069859749, 'fire_exp': 2.066761381010117, 'P_half': 35.828811741825064, 'pre_dampen_half': 8.904067307938409, 'gpp_af': 0.05391752791214327, 'gpp_b': 0.0030742893625766146, 'gpp_d': 33.9790424311127, 'ign_k': 2.7728241828010627, 'ign_c': 11.77190025324203, 'gdp_gamma': 0.559652086128564}.
[I 2026-08-06 03:19:51,645] Trial 1117 finished with values: [11.08387589823813, 11.08387589823813] and parameters: {'k1': 0.0030285741098956273, 'D_low': 29.89885508829526, 'k2': 0.0007081721844034209, 'D_high': 2970.7920514735997, 'fire_exp': 1.0881360604103363, 'P_half': 10.226988730324324, 'pre_dampen_half': 36.876350096203005, 'gpp_af': 0.05391752791214327, 'gpp_b': 0.0030742893625766146, 'gpp_d': 10.931606102061748, 'ign_k': 0.37424230019851973, 'ign_c': 0.6615437365561385, 'gdp_gamma': 1.8068697350278546}.
[I 2026-08-06 03:19:52,861] Trial 1118 finished with values: [10.76923076903347, 10.76923076903347] and parameters: {'k1': 0.0030285741098956273, 'D_low': 376.7022142229396, 'k2': 0.0007081721844034209, 'D_high': 35.11445258128688, 'fire_exp': 1.0881360604103363, 'P_half': 10.226988730324324, 'pre_dampen_half': 38.724768330732324, 'gpp_af': 3.253305539860196, 'gpp_b': 0.02052499618703749, 'gpp_d': 33.9790424311127, 'ign_k': 2.7728241828010627, 'ign_c': 80.15297379101396, 'gdp_gamma': 1.8068697350278546}.
[I 2026-08-06 03:19:54,112] Trial 1119 finished with values: [-0.6236240442547369, 0.10191663941977713] and parameters: {'k1': 0.0030285741098956273, 'D_low': 3.7322156377670694, 'k2': 0.0007081721844034209, 'D_high': 2970.7920514735997, 'fire_exp': 1.0881360604103363, 'P_half': 251.23618639978196, 'pre_dampen_half': 8.904067307938409, 'gpp_af': 0.09145768948268033, 'gpp_b': 0.004597283814159352, 'gpp_d': 33.9790424311127, 'ign_k': 0.37424230019851973, 'ign_c': 0.6615437365561385, 'gdp_gamma': 1.8068697350278546}.
[I 2026-08-06 03:19:55,315] Trial 1120 finished with values: [10.769224238603604, 10.769224238603604] and parameters: {'k1': 0.0030285741098956273, 'D_low': 376.7022142229396, 'k2': 0.0007081721844034209, 'D_high': 35.11445258128688, 'fire_exp': 6.57332839867759, 'P_half': 10.226988730324324, 'pre_dampen_half': 0.11683066038621145, 'gpp_af': 0.05391752791214327, 'gpp_b': 0.004597283814159352, 'gpp_d': 33.9790424311127, 'ign_k': 0.37424230019851973, 'ign_c': 1.3894673469237204, 'gdp_gamma': 0.4782736120512339}.
[I 2026-08-06 03:19:56,509] Trial 1121 finished with values: [10.181144610509296, 10.181144610509296] and parameters: {'k1': 0.03313724129972938, 'D_low': 30.956657914928517, 'k2': 0.0007081721844034209, 'D_high': 2970.7920514735997, 'fire_exp': 1.0881360604103363, 'P_half': 35.828811741825064, 'pre_dampen_half': 8.904067307938409, 'gpp_af': 0.09145768948268033, 'gpp_b': 0.0030742893625766146, 'gpp_d': 10.931606102061748, 'ign_k': 0.37424230019851973, 'ign_c': 0.6615437365561385, 'gdp_gamma': 1.8068697350278546}.
[I 2026-08-06 03:19:57,707] Trial 1122 finished with values: [10.124689808568064, 10.124689808568064] and parameters: {'k1': 0.0030285741098956273, 'D_low': 148.10800730363493, 'k2': 0.00014001191914113747, 'D_high': 22879.430573173642, 'fire_exp': 1.0881360604103363, 'P_half': 1.2765717873951687, 'pre_dampen_half': 36.876350096203005, 'gpp_af': 0.09145768948268033, 'gpp_b': 0.004597283814159352, 'gpp_d': 34.70266988650411, 'ign_k': 0.37424230019851973, 'ign_c': 22.126836566118193, 'gdp_gamma': 0.046755737619063265}.
[I 2026-08-06 03:19:58,944] Trial 1123 finished with values: [10.671261060143776, 10.671261060143776] and parameters: {'k1': 0.0030285741098956273, 'D_low': 2305.7494411285825, 'k2': 0.0007081721844034209, 'D_high': 2970.7920514735997, 'fire_exp': 1.0881360604103363, 'P_half': 10.226988730324324, 'pre_dampen_half': 8.904067307938409, 'gpp_af': 0.09145768948268033, 'gpp_b': 0.004597283814159352, 'gpp_d': 331.7366635899375, 'ign_k': 0.37424230019851973, 'ign_c': 0.6615437365561385, 'gdp_gamma': 1.8068697350278546}.
[I 2026-08-06 03:20:00,175] Trial 1124 finished with values: [-0.6100788487218962, 0.1495567504551134] and parameters: {'k1': 0.0030285741098956273, 'D_low': 490.2396944106614, 'k2': 0.00014001191914113747, 'D_high': 2970.7920514735997, 'fire_exp': 1.0881360604103363, 'P_half': 25.255166452944085, 'pre_dampen_half': 36.876350096203005, 'gpp_af': 0.09145768948268033, 'gpp_b': 0.004597283814159352, 'gpp_d': 331.7366635899375, 'ign_k': 0.8535052150482596, 'ign_c': 6.807874826564585, 'gdp_gamma': 1.8068697350278546}.
[I 2026-08-06 03:20:01,396] Trial 1125 finished with values: [10.330943799104876, 10.330943799104876] and parameters: {'k1': 0.0014755326436446132, 'D_low': 376.7022142229396, 'k2': 0.0007081721844034209, 'D_high': 2970.7920514735997, 'fire_exp': 1.0881360604103363, 'P_half': 4.933751600448339, 'pre_dampen_half': 36.876350096203005, 'gpp_af': 0.09145768948268033, 'gpp_b': 0.02052499618703749, 'gpp_d': 33.9790424311127, 'ign_k': 2.7728241828010627, 'ign_c': 0.6615437365561385, 'gdp_gamma': 1.8068697350278546}.
[I 2026-08-06 03:20:02,594] Trial 1126 finished with values: [-0.5983696109811685, 0.05973871890654858] and parameters: {'k1': 0.0027015957920129437, 'D_low': 3.7322156377670694, 'k2': 0.0007081721844034209, 'D_high': 2970.7920514735997, 'fire_exp': 2.066761381010117, 'P_half': 10.226988730324324, 'pre_dampen_half': 66.7446265922751, 'gpp_af': 0.09145768948268033, 'gpp_b': 0.02052499618703749, 'gpp_d': 33.9790424311127, 'ign_k': 0.22982155660045736, 'ign_c': 6.807874826564585, 'gdp_gamma': 1.8068697350278546}.
[I 2026-08-06 03:20:03,834] Trial 1127 finished with values: [-0.6147920867340553, 0.16618146115054033] and parameters: {'k1': 1.847600887728415e-05, 'D_low': 376.7022142229396, 'k2': 0.00014001191914113747, 'D_high': 21863.563449420166, 'fire_exp': 1.0881360604103363, 'P_half': 4.933751600448339, 'pre_dampen_half': 55.00040622572184, 'gpp_af': 3.253305539860196, 'gpp_b': 0.011224403783772562, 'gpp_d': 33.9790424311127, 'ign_k': 0.37424230019851973, 'ign_c': 22.126836566118193, 'gdp_gamma': 0.4782736120512339}.
[I 2026-08-06 03:20:05,095] Trial 1128 finished with values: [10.071031973643624, 10.071031973643624] and parameters: {'k1': 0.0030285741098956273, 'D_low': 376.7022142229396, 'k2': 0.0007081721844034209, 'D_high': 21863.563449420166, 'fire_exp': 1.5191397119156032, 'P_half': 4.933751600448339, 'pre_dampen_half': 129.7187644086357, 'gpp_af': 0.09145768948268033, 'gpp_b': 0.0030742893625766146, 'gpp_d': 331.7366635899375, 'ign_k': 2.7728241828010627, 'ign_c': 22.126836566118193, 'gdp_gamma': 1.8068697350278546}.
[I 2026-08-06 03:20:06,662] Trial 1129 finished with values: [10.07610374584686, 10.07610374584686] and parameters: {'k1': 0.0030285741098956273, 'D_low': 30.956657914928517, 'k2': 0.0007081721844034209, 'D_high': 2970.7920514735997, 'fire_exp': 1.0881360604103363, 'P_half': 35.828811741825064, 'pre_dampen_half': 8.904067307938409, 'gpp_af': 3.253305539860196, 'gpp_b': 0.0006099450454575011, 'gpp_d': 33.9790424311127, 'ign_k': 0.37424230019851973, 'ign_c': 11.77190025324203, 'gdp_gamma': 0.07330853601259615}.
[I 2026-08-06 03:20:07,845] Trial 1130 finished with values: [-0.5522003322021367, 0.22671096489258935] and parameters: {'k1': 0.07928164425547335, 'D_low': 148.10800730363493, 'k2': 0.00014001191914113747, 'D_high': 21863.563449420166, 'fire_exp': 1.0881360604103363, 'P_half': 1.2765717873951687, 'pre_dampen_half': 36.876350096203005, 'gpp_af': 3.253305539860196, 'gpp_b': 0.004597283814159352, 'gpp_d': 0.9383857256655214, 'ign_k': 0.37424230019851973, 'ign_c': 22.126836566118193, 'gdp_gamma': 0.559652086128564}.
[I 2026-08-06 03:20:09,077] Trial 1131 finished with values: [-0.6118248363492633, 0.10239161061454138] and parameters: {'k1': 0.0030285741098956273, 'D_low': 30.956657914928517, 'k2': 0.0007081721844034209, 'D_high': 2970.7920514735997, 'fire_exp': 1.0881360604103363, 'P_half': 4.933751600448339, 'pre_dampen_half': 8.904067307938409, 'gpp_af': 0.09145768948268033, 'gpp_b': 0.02052499618703749, 'gpp_d': 33.9790424311127, 'ign_k': 0.37424230019851973, 'ign_c': 0.6615437365561385, 'gdp_gamma': 1.8068697350278546}.
[I 2026-08-06 03:20:10,325] Trial 1132 finished with values: [10.395231272898313, 10.395231272898313] and parameters: {'k1': 0.0030285741098956273, 'D_low': 376.7022142229396, 'k2': 0.07119679541167405, 'D_high': 2842.140588732084, 'fire_exp': 1.0881360604103363, 'P_half': 10.226988730324324, 'pre_dampen_half': 5.593036834117395, 'gpp_af': 0.09145768948268033, 'gpp_b': 0.13592890309882977, 'gpp_d': 33.9790424311127, 'ign_k': 0.37424230019851973, 'ign_c': 0.6615437365561385, 'gdp_gamma': 1.8068697350278546}.
[I 2026-08-06 03:20:11,512] Trial 1133 finished with values: [-0.6111935623306992, 0.09689836934877238] and parameters: {'k1': 0.0030285741098956273, 'D_low': 30.956657914928517, 'k2': 0.0007081721844034209, 'D_high': 2970.7920514735997, 'fire_exp': 1.0881360604103363, 'P_half': 35.828811741825064, 'pre_dampen_half': 8.904067307938409, 'gpp_af': 0.09145768948268033, 'gpp_b': 0.02052499618703749, 'gpp_d': 33.9790424311127, 'ign_k': 0.37424230019851973, 'ign_c': 0.6615437365561385, 'gdp_gamma': 1.8068697350278546}.
