[I 2026-08-14 14:04:19,725] Trial 71 finished with values: [-0.3825789966055789, 0.0003419034820674183] and parameters: {'k1': 0.006551173063184816, 'D_low': 18.957670432509364, 'k2': 3.511445258128687e-05, 'D_high': 12.22553839755208, 'fire_exp': 1.0889492364376547, 'P_half': 228.9131530683704, 'pre_dampen_half': 518.2609891091987, 'gpp_af': 0.15394819813084212, 'gpp_b': 2.660432024638607, 'gpp_d': 0.5511595477601763, 'ign_k': 0.02847858516856297, 'ign_c': 136.33647183120036, 'trop_agb_crit': 26.402883285404346, 'trop_k_veg': 1.0049538030148353, 'fuel_k': 2.487578621230957, 'fuel_half': 70.56053596739233}.
[I 2026-08-14 14:04:20,866] Trial 72 finished with values: [-0.3949658222465616, 0.0002638881774545965] and parameters: {'k1': 0.00014888230597983555, 'D_low': 140.92119204434155, 'k2': 2.8459703343413838e-05, 'D_high': 326773.76097937283, 'fire_exp': 3.313658135010505, 'P_half': 1228.2126524008484, 'pre_dampen_half': 3.9885726374014685, 'gpp_af': 18.23507280431421, 'gpp_b': 0.02048523887932672, 'gpp_d': 5.592994749372477, 'ign_k': 0.05836090333829237, 'ign_c': 4.110848435021229, 'trop_agb_crit': 1.5774541406529003, 'trop_k_veg': 0.6917238310727143, 'fuel_k': 0.02496045629458217, 'fuel_half': 19.254484473270935}.
[I 2026-08-14 14:04:22,008] Trial 73 finished with values: [-0.3554625854118624, 0.0] and parameters: {'k1': 0.00016480446427978953, 'D_low': 1407.7923139972395, 'k2': 0.0005342937261279777, 'D_high': 37811.09641794855, 'fire_exp': 6.284853792838699, 'P_half': 397.9749374103113, 'pre_dampen_half': 0.2888838362365318, 'gpp_af': 0.06789053271698488, 'gpp_b': 2.1879230865774306, 'gpp_d': 84.31013932082456, 'ign_k': 0.008318314747941242, 'ign_c': 11.400863701127316, 'trop_agb_crit': 7.500118950416987, 'trop_k_veg': 0.5523938241293617, 'fuel_k': 0.487361804838494, 'fuel_half': 0.32476735706274484}.
[I 2026-08-14 14:04:23,123] Trial 74 finished with values: [-0.3554625854118624, 0.0] and parameters: {'k1': 0.0010319747789063166, 'D_low': 5.289337931949933, 'k2': 1.4363112408604443e-05, 'D_high': 625838.668783032, 'fire_exp': 4.2452218366067225, 'P_half': 2.1234210963705626, 'pre_dampen_half': 0.024253030233078024, 'gpp_af': 40.21258599547602, 'gpp_b': 2.325239859823921e-05, 'gpp_d': 0.24231943110844462, 'ign_k': 1.6780508579130993, 'ign_c': 98.40989343758308, 'trop_agb_crit': 1.8730954962803803, 'trop_k_veg': 0.8934118487032162, 'fuel_k': 0.10696151252957647, 'fuel_half': 2.841639333505349}.
[I 2026-08-14 14:04:24,418] Trial 75 finished with values: [-0.3554625854118624, 0.0] and parameters: {'k1': 0.00031489116479568613, 'D_low': 15056.799083945913, 'k2': 0.008471801418819975, 'D_high': 1094.5857315547435, 'fire_exp': 9.647219959996264, 'P_half': 126.69536563782302, 'pre_dampen_half': 42.05657072871069, 'gpp_af': 0.02298987619936072, 'gpp_b': 1.2892705405728861e-05, 'gpp_d': 372.8155624293852, 'ign_k': 0.0012087541473056963, 'ign_c': 20.2332618520664, 'trop_agb_crit': 16.967533607196547, 'trop_k_veg': 0.9008485225328876, 'fuel_k': 0.03199906289308566, 'fuel_half': 30.847886273764153}.
[I 2026-08-14 14:04:25,791] Trial 76 finished with values: [-0.3554625854118624, 0.0] and parameters: {'k1': 1.7926680648388784e-05, 'D_low': 10748.712866171665, 'k2': 1.1990634114955788e-05, 'D_high': 42.13582405709726, 'fire_exp': 6.308354423205996, 'P_half': 1.8256829646330843, 'pre_dampen_half': 63.26147292744763, 'gpp_af': 0.951028874815854, 'gpp_b': 3.950466256493085e-05, 'gpp_d': 0.3770957946038097, 'ign_k': 0.024858393940748243, 'ign_c': 264.7194625525936, 'trop_agb_crit': 16.86264052240002, 'trop_k_veg': 1.5039265596561597, 'fuel_k': 0.02214708063365415, 'fuel_half': 15.581254655530845}.
[I 2026-08-14 14:04:26,930] Trial 77 finished with values: [-0.3989997430327205, 1.1318266840532054e-05] and parameters: {'k1': 5.3397427849512415e-05, 'D_low': 118.5778850288792, 'k2': 3.511445258128687e-05, 'D_high': 6978.624673182425, 'fire_exp': 3.4633094058711813, 'P_half': 4.889669266916749, 'pre_dampen_half': 0.09150505661171647, 'gpp_af': 0.15394819813084212, 'gpp_b': 0.00010318352929732131, 'gpp_d': 0.24714492403026284, 'ign_k': 0.005105542986365654, 'ign_c': 136.33647183120036, 'trop_agb_crit': 1.5072795582679794, 'trop_k_veg': 1.793919400078986, 'fuel_k': 0.03743055596010634, 'fuel_half': 70.56053596739233}.
[I 2026-08-14 14:04:28,593] Trial 78 finished with values: [-0.35969971698344416, 1.000641277615344e-05] and parameters: {'k1': 0.0010319747789063166, 'D_low': 13879.34501870045, 'k2': 1.854837679096716e-05, 'D_high': 625838.668783032, 'fire_exp': 4.2452218366067225, 'P_half': 3910.3637457741784, 'pre_dampen_half': 233.2883871089531, 'gpp_af': 40.21258599547602, 'gpp_b': 2.325239859823921e-05, 'gpp_d': 2.292633983096564, 'ign_k': 1.6780508579130993, 'ign_c': 0.18316165443932733, 'trop_agb_crit': 13.98132484257899, 'trop_k_veg': 1.7570501127699654, 'fuel_k': 0.10696151252957647, 'fuel_half': 2.100333410321807}.
[I 2026-08-14 14:04:29,782] Trial 79 finished with values: [-0.3554625854118624, 0.0] and parameters: {'k1': 0.0001226254315886001, 'D_low': 282295.1182993734, 'k2': 0.014550993923603364, 'D_high': 2541.6076006960125, 'fire_exp': 8.26634592587193, 'P_half': 6153.658035691652, 'pre_dampen_half': 563.8801013171912, 'gpp_af': 0.16983565276584273, 'gpp_b': 0.010847560307977218, 'gpp_d': 11.40961991569626, 'ign_k': 0.001181519069025321, 'ign_c': 84.89840783024046, 'trop_agb_crit': 23.815062574705927, 'trop_k_veg': 3.1061628445647007, 'fuel_k': 0.8380096183572122, 'fuel_half': 35.2847426865637}.
[I 2026-08-14 14:04:31,060] Trial 80 finished with values: [-0.3554625854118624, 0.0] and parameters: {'k1': 0.003419108473554454, 'D_low': 11.437258028094242, 'k2': 0.000985079068311927, 'D_high': 3262.5163516684925, 'fire_exp': 9.647219959996264, 'P_half': 28.15630081597223, 'pre_dampen_half': 0.07217660153019871, 'gpp_af': 0.03924302839842014, 'gpp_b': 1.2892705405728861e-05, 'gpp_d': 372.8155624293852, 'ign_k': 0.0029580419692843236, 'ign_c': 698.6847592445656, 'trop_agb_crit': 2.539877620672643, 'trop_k_veg': 2.3241642204298145, 'fuel_k': 0.5480509186456162, 'fuel_half': 97.86395331218444}.
[I 2026-08-14 14:04:32,342] Trial 81 finished with values: [-0.3554625854118624, 0.0] and parameters: {'k1': 0.0001226254315886001, 'D_low': 19389.89852278267, 'k2': 0.004373100990516265, 'D_high': 35.43989609792362, 'fire_exp': 9.012915111444606, 'P_half': 894.5150807271528, 'pre_dampen_half': 269.0845367054866, 'gpp_af': 1.1444682032324747, 'gpp_b': 0.0032930655419269924, 'gpp_d': 0.173242701549491, 'ign_k': 3.1030112026960985, 'ign_c': 84.89840783024046, 'trop_agb_crit': 15.53776736258787, 'trop_k_veg': 0.6898193780989617, 'fuel_k': 0.013421538374693755, 'fuel_half': 0.13249100882689224}.
[I 2026-08-14 14:04:33,687] Trial 82 finished with values: [-0.3554625854118624, 0.0] and parameters: {'k1': 2.143851363193518e-05, 'D_low': 4956.545863307493, 'k2': 9.580682294110428e-05, 'D_high': 2166.5747840614713, 'fire_exp': 1.9439887028475722, 'P_half': 26.466155867114797, 'pre_dampen_half': 233.2883871089531, 'gpp_af': 0.030592049838223532, 'gpp_b': 2.325239859823921e-05, 'gpp_d': 2.400225309964113, 'ign_k': 0.4515279736389136, 'ign_c': 98.40989343758308, 'trop_agb_crit': 12.080858995895042, 'trop_k_veg': 0.907369149674874, 'fuel_k': 0.0122076330314252, 'fuel_half': 2.841639333505349}.
[I 2026-08-14 14:04:35,004] Trial 83 finished with values: [-0.3754143126444009, 2.3892095203370545e-06] and parameters: {'k1': 5.325873749322162e-05, 'D_low': 35.26355664053754, 'k2': 0.002155595057104387, 'D_high': 2541.6076006960125, 'fire_exp': 2.897382306276318, 'P_half': 8.547476176667196, 'pre_dampen_half': 0.01324353451676283, 'gpp_af': 0.02298987619936072, 'gpp_b': 0.010847560307977218, 'gpp_d': 372.8155624293852, 'ign_k': 0.001181519069025321, 'ign_c': 307.96093943652454, 'trop_agb_crit': 2.539877620672643, 'trop_k_veg': 2.3241642204298145, 'fuel_k': 0.64527429712409, 'fuel_half': 58.54612336582598}.
[I 2026-08-14 14:04:36,277] Trial 84 finished with values: [-0.3581195096740456, 2.1791894511125065e-08] and parameters: {'k1': 0.05667112411430849, 'D_low': 102.19595065529477, 'k2': 1.844951990812239e-05, 'D_high': 279720.2422847268, 'fire_exp': 3.7538171417440687, 'P_half': 2329.781042267055, 'pre_dampen_half': 0.04998755363568286, 'gpp_af': 9.469707381426526, 'gpp_b': 8.129227514069975e-05, 'gpp_d': 0.3619181297408274, 'ign_k': 0.009861808369679778, 'ign_c': 181.25870836716192, 'trop_agb_crit': 19.28597237496244, 'trop_k_veg': 2.42764713875812, 'fuel_k': 1.3128815679924584, 'fuel_half': 42.81555938400684}.
[I 2026-08-14 14:04:37,503] Trial 85 finished with values: [-0.4033065806938497, 0.001641721287588216] and parameters: {'k1': 0.0015375920235481753, 'D_low': 209.12794881839662, 'k2': 0.055836727227548205, 'D_high': 447504.0191350906, 'fire_exp': 2.1931399753552863, 'P_half': 3795.8531426706395, 'pre_dampen_half': 9.761125443110442, 'gpp_af': 24.361092841799916, 'gpp_b': 0.0003528984625415794, 'gpp_d': 19.94895865188256, 'ign_k': 1.857328833311487, 'ign_c': 16.62659225403186, 'trop_agb_crit': 6.058402553512053, 'trop_k_veg': 0.977663002683211, 'fuel_k': 2.0061257262909367, 'fuel_half': 1.1756010900231848}.
[I 2026-08-14 14:04:38,764] Trial 86 finished with values: [-0.4235953544371611, 0.10735869091782801] and parameters: {'k1': 5.325873749322162e-05, 'D_low': 1.6646452049870526, 'k2': 0.0027431991397796683, 'D_high': 10377.055497115112, 'fire_exp': 1.1258453832483524, 'P_half': 6153.658035691652, 'pre_dampen_half': 347.79988160923324, 'gpp_af': 0.8533931648032835, 'gpp_b': 0.010847560307977218, 'gpp_d': 11.40961991569626, 'ign_k': 8.761971101023693, 'ign_c': 0.9294394155644988, 'trop_agb_crit': 23.815062574705927, 'trop_k_veg': 4.1309639246402785, 'fuel_k': 0.011457494049098885, 'fuel_half': 58.54612336582598}.
[I 2026-08-14 14:04:40,041] Trial 87 finished with values: [-0.3563148559592625, 0.006582911062016139] and parameters: {'k1': 0.0010319747789063166, 'D_low': 13879.34501870045, 'k2': 0.0007081721844034209, 'D_high': 625838.668783032, 'fire_exp': 4.2452218366067225, 'P_half': 2.1234210963705626, 'pre_dampen_half': 36.876350096203005, 'gpp_af': 29.925002022877802, 'gpp_b': 0.011750724729953272, 'gpp_d': 0.24231943110844462, 'ign_k': 0.0026834162496848666, 'ign_c': 6.160975294741436, 'trop_agb_crit': 1.8730954962803803, 'trop_k_veg': 0.8934118487032162, 'fuel_k': 0.10696151252957647, 'fuel_half': 1.3547291924247344}.
[I 2026-08-14 14:04:41,319] Trial 88 finished with values: [-0.3588983856095803, 8.665588724365847e-08] and parameters: {'k1': 0.00014879588507789985, 'D_low': 238789.3267762958, 'k2': 2.5299503921303695e-05, 'D_high': 32.587510576286036, 'fire_exp': 1.2429193829348841, 'P_half': 539.5442811888478, 'pre_dampen_half': 0.022695682239207024, 'gpp_af': 0.8226361776146098, 'gpp_b': 0.003377126304540961, 'gpp_d': 290.642121800538, 'ign_k': 3.1536006085184716, 'ign_c': 2.329535895346768, 'trop_agb_crit': 1.4946647023314867, 'trop_k_veg': 3.4508425771776365, 'fuel_k': 0.5588539902953054, 'fuel_half': 0.6370755274604819}.
[I 2026-08-14 14:04:42,621] Trial 89 finished with values: [-0.3559529795361348, 5.871724529149525e-06] and parameters: {'k1': 0.0013054148118849399, 'D_low': 16670.443589841223, 'k2': 2.5299503921303695e-05, 'D_high': 38.637139318275516, 'fire_exp': 3.1018148805490564, 'P_half': 78.32259769732477, 'pre_dampen_half': 0.022695682239207024, 'gpp_af': 49.583649914027546, 'gpp_b': 0.0024605285374226047, 'gpp_d': 0.01307253094873642, 'ign_k': 1.8108143621079664, 'ign_c': 0.15178052094448868, 'trop_agb_crit': 3.575594457014808, 'trop_k_veg': 2.835178685110773, 'fuel_k': 0.24991287225033346, 'fuel_half': 42.89592532297351}.
[I 2026-08-14 14:04:43,945] Trial 90 finished with values: [-0.3554625854118624, 0.0] and parameters: {'k1': 0.0012329098365270509, 'D_low': 19389.89852278267, 'k2': 0.004373100990516265, 'D_high': 44.39648242927527, 'fire_exp': 9.012915111444606, 'P_half': 894.5150807271528, 'pre_dampen_half': 0.37306104754535907, 'gpp_af': 0.34902252478382495, 'gpp_b': 2.788681037423117, 'gpp_d': 0.17638479543546878, 'ign_k': 0.04380580767905655, 'ign_c': 107.49405395173389, 'trop_agb_crit': 1.0501731925367062, 'trop_k_veg': 0.6898193780989617, 'fuel_k': 0.06382243375381637, 'fuel_half': 0.30455368715396786}.
[I 2026-08-14 14:04:45,253] Trial 91 finished with values: [-0.41711397121198746, 0.0010767486910004953] and parameters: {'k1': 0.00031489116479568613, 'D_low': 367.4904945305323, 'k2': 0.008471801418819975, 'D_high': 39079.671568228776, 'fire_exp': 1.4322493718230251, 'P_half': 351.2704726270846, 'pre_dampen_half': 0.0195172246414495, 'gpp_af': 21.42302175774105, 'gpp_b': 0.040428727350273294, 'gpp_d': 34.70266988650411, 'ign_k': 0.0012087541473056963, 'ign_c': 757.9479953347999, 'trop_agb_crit': 16.967533607196547, 'trop_k_veg': 0.9008485225328876, 'fuel_k': 0.06382243375381637, 'fuel_half': 0.35498788321965025}.
[I 2026-08-14 14:04:46,491] Trial 92 finished with values: [-0.3554625854118624, 0.0] and parameters: {'k1': 0.000132965214572995, 'D_low': 1803.7506431281838, 'k2': 1.4363112408604443e-05, 'D_high': 625838.668783032, 'fire_exp': 1.1872731425335898, 'P_half': 2.1234210963705626, 'pre_dampen_half': 233.2883871089531, 'gpp_af': 0.009853225172032555, 'gpp_b': 2.325239859823921e-05, 'gpp_d': 0.24231943110844462, 'ign_k': 0.6720930050156113, 'ign_c': 82.41925264876441, 'trop_agb_crit': 1.8730954962803803, 'trop_k_veg': 0.6139438440498544, 'fuel_k': 0.10696151252957647, 'fuel_half': 2.841639333505349}.
[I 2026-08-14 14:04:47,711] Trial 93 finished with values: [-0.35669191018372765, 5.0426362974143046e-08] and parameters: {'k1': 0.00014879588507789985, 'D_low': 238789.3267762958, 'k2': 1.127217425995114e-05, 'D_high': 24.063018320720932, 'fire_exp': 1.6139358000526771, 'P_half': 19.986340778528874, 'pre_dampen_half': 44.46628955475442, 'gpp_af': 0.8226361776146098, 'gpp_b': 2.105118051960871, 'gpp_d': 290.642121800538, 'ign_k': 0.003008686821445846, 'ign_c': 2.329535895346768, 'trop_agb_crit': 2.4165727141234647, 'trop_k_veg': 2.370364278801894, 'fuel_k': 1.386319828528516, 'fuel_half': 3.0296104428212476}.
[I 2026-08-14 14:04:48,971] Trial 94 finished with values: [-0.3904159753154337, 0.012224841726965474] and parameters: {'k1': 3.6595533391425955e-05, 'D_low': 11.437258028094242, 'k2': 0.01567230746060024, 'D_high': 3262.5163516684925, 'fire_exp': 1.317848138124919, 'P_half': 22.41097161910951, 'pre_dampen_half': 518.2609891091987, 'gpp_af': 1.449844547403375, 'gpp_b': 1.1983032564333187e-05, 'gpp_d': 32.741215209888836, 'ign_k': 0.00515399351160314, 'ign_c': 698.6847592445656, 'trop_agb_crit': 29.789943908227905, 'trop_k_veg': 1.0049538030148353, 'fuel_k': 0.017262921159278164, 'fuel_half': 97.86395331218444}.
[I 2026-08-14 14:04:50,208] Trial 95 finished with values: [-0.3554625854118624, 0.0] and parameters: {'k1': 2.5852079056761296e-05, 'D_low': 260206.07998030365, 'k2': 0.0010495653625093638, 'D_high': 909378.7396959361, 'fire_exp': 2.089534764232496, 'P_half': 25.284086172415588, 'pre_dampen_half': 68.5395809221937, 'gpp_af': 0.0011328913410639256, 'gpp_b': 2.705776113447921, 'gpp_d': 0.028604435659156362, 'ign_k': 0.018934530915191535, 'ign_c': 631.3175583634933, 'trop_agb_crit': 25.360745838025757, 'trop_k_veg': 2.4516474838484386, 'fuel_k': 0.5692975843713445, 'fuel_half': 2.2148104601284695}.
[I 2026-08-14 14:04:51,453] Trial 96 finished with values: [-0.4456394633901303, 0.16960097909615668] and parameters: {'k1': 1.8205657658407255e-05, 'D_low': 13.25142220631392, 'k2': 0.0001971137615017176, 'D_high': 708572.1663941594, 'fire_exp': 2.0165721691808587, 'P_half': 2.458603276328005, 'pre_dampen_half': 26.373339933815235, 'gpp_af': 0.15876781526924, 'gpp_b': 0.0005392415140872105, 'gpp_d': 8.057329182285729, 'ign_k': 0.0013726318898045872, 'ign_c': 8.40543912931368, 'trop_agb_crit': 6.119263728555865, 'trop_k_veg': 0.5772603928610088, 'fuel_k': 0.08612665817296865, 'fuel_half': 0.25307196127108805}.
[I 2026-08-14 14:04:52,730] Trial 97 finished with values: [-0.3554625854118624, 0.0] and parameters: {'k1': 5.325873749322162e-05, 'D_low': 282295.1182993734, 'k2': 0.0011101191524846067, 'D_high': 2541.6076006960125, 'fire_exp': 6.284853792838699, 'P_half': 6153.658035691652, 'pre_dampen_half': 1.0224794024845185, 'gpp_af': 9.527157550070955, 'gpp_b': 0.010847560307977218, 'gpp_d': 0.48975151064700323, 'ign_k': 0.001181519069025321, 'ign_c': 0.23764449553865358, 'trop_agb_crit': 23.815062574705927, 'trop_k_veg': 0.5523938241293617, 'fuel_k': 0.8617898156534978, 'fuel_half': 58.54612336582598}.
[I 2026-08-14 14:04:54,027] Trial 98 finished with values: [-0.37039457291303163, 2.229354956195806e-08] and parameters: {'k1': 0.0031375859487281395, 'D_low': 286.06841726052676, 'k2': 0.0016150602315370215, 'D_high': 4137.7016715719255, 'fire_exp': 1.9699978833710656, 'P_half': 6220.327170121322, 'pre_dampen_half': 65.77017096798056, 'gpp_af': 0.005018406982902927, 'gpp_b': 1.624829724391053, 'gpp_d': 2.736251365128462, 'ign_k': 3.786246697870458, 'ign_c': 8.308114652888387, 'trop_agb_crit': 4.247094312974337, 'trop_k_veg': 0.5321398066473183, 'fuel_k': 0.05577330003793971, 'fuel_half': 4.2160198210134086}.
[I 2026-08-14 14:04:55,341] Trial 99 finished with values: [-0.3554625854118624, 0.0] and parameters: {'k1': 1.0661259689433896e-05, 'D_low': 1160.0689839007139, 'k2': 0.0004673518999562748, 'D_high': 66.8537333582894, 'fire_exp': 2.1931399753552863, 'P_half': 22.41097161910951, 'pre_dampen_half': 420.2116526335304, 'gpp_af': 0.04130614451133169, 'gpp_b': 0.0003528984625415794, 'gpp_d': 32.741215209888836, 'ign_k': 1.857328833311487, 'ign_c': 771.13129913311, 'trop_agb_crit': 26.402883285404346, 'trop_k_veg': 1.0049538030148353, 'fuel_k': 0.01814068034742312, 'fuel_half': 49.16400722913762}.
[I 2026-08-14 14:04:56,615] Trial 100 finished with values: [-0.3802889579734778, 1.0112361703562556e-07] and parameters: {'k1': 2.0937989739527727e-05, 'D_low': 35.26355664053754, 'k2': 0.0004381141781653133, 'D_high': 58214.71549214832, 'fire_exp': 9.647219959996264, 'P_half': 39.03214299767183, 'pre_dampen_half': 0.07217660153019871, 'gpp_af': 21.258647437649888, 'gpp_b': 1.2892705405728861e-05, 'gpp_d': 372.8155624293852, 'ign_k': 0.0048255892187380085, 'ign_c': 47.268615251255675, 'trop_agb_crit': 23.59397023337466, 'trop_k_veg': 2.3408809609838257, 'fuel_k': 0.64527429712409, 'fuel_half': 41.78605220965293}.
[I 2026-08-14 14:04:57,886] Trial 101 finished with values: [-0.37923772418728735, 3.7022142018727777e-09] and parameters: {'k1': 0.00014888230597983555, 'D_low': 93.75345303884801, 'k2': 0.08636422432723088, 'D_high': 39079.671568228776, 'fire_exp': 6.188409493921614, 'P_half': 1440.3650379563878, 'pre_dampen_half': 0.0195172246414495, 'gpp_af': 0.2965524548878197, 'gpp_b': 0.040428727350273294, 'gpp_d': 34.70266988650411, 'ign_k': 0.0012087541473056963, 'ign_c': 355.481276519089, 'trop_agb_crit': 16.967533607196547, 'trop_k_veg': 0.9008485225328876, 'fuel_k': 0.02496045629458217, 'fuel_half': 0.35498788321965025}.
[I 2026-08-14 14:04:59,263] Trial 102 finished with values: [-0.3554625854118624, 0.0] and parameters: {'k1': 0.00014001191914113747, 'D_low': 3507.515213502105, 'k2': 1.3243445838637965e-05, 'D_high': 16.752866684650684, 'fire_exp': 6.64661557126371, 'P_half': 27.59069025439785, 'pre_dampen_half': 0.043181981126981975, 'gpp_af': 6.940121430516967, 'gpp_b': 0.4168322557207811, 'gpp_d': 0.11997897226934479, 'ign_k': 0.31014294272127446, 'ign_c': 0.21947742689197342, 'trop_agb_crit': 1.1921754348704765, 'trop_k_veg': 2.1816482703680733, 'fuel_k': 0.3176626387065175, 'fuel_half': 8.17127270071559}.
[I 2026-08-14 14:05:00,500] Trial 103 finished with values: [-0.38736798373314224, 3.963074757251661e-09] and parameters: {'k1': 0.0004688858519834985, 'D_low': 367.4904945305323, 'k2': 1.263794633808287e-05, 'D_high': 44.39648242927527, 'fire_exp': 1.6733848721157607, 'P_half': 48.464976792190825, 'pre_dampen_half': 0.011501973785501987, 'gpp_af': 0.34902252478382495, 'gpp_b': 2.788681037423117, 'gpp_d': 285.57196407381804, 'ign_k': 0.04380580767905655, 'ign_c': 105.24574681335613, 'trop_agb_crit': 2.1775224101934065, 'trop_k_veg': 2.3220791324604515, 'fuel_k': 0.06382243375381637, 'fuel_half': 3.7093134348291836}.
[I 2026-08-14 14:05:01,819] Trial 104 finished with values: [-0.4079164401559627, 1.0685476106719882e-05] and parameters: {'k1': 0.0029707920514735983, 'D_low': 4.043300846639722, 'k2': 2.1698375693549493e-05, 'D_high': 160625.60954780428, 'fire_exp': 5.464901034480522, 'P_half': 3910.3637457741784, 'pre_dampen_half': 33.9790424311127, 'gpp_af': 0.008983355849178878, 'gpp_b': 1.6569065206637924e-05, 'gpp_d': 2.292633983096564, 'ign_k': 0.18170401889219123, 'ign_c': 0.18316165443932733, 'trop_agb_crit': 13.98132484257899, 'trop_k_veg': 1.7570501127699654, 'fuel_k': 0.046063721952885314, 'fuel_half': 18.202647368248826}.
[I 2026-08-14 14:05:03,129] Trial 105 finished with values: [-0.3554625854118624, 0.0] and parameters: {'k1': 9.969469187531805e-05, 'D_low': 864.0717009254879, 'k2': 7.67074891445376e-05, 'D_high': 8433503.858791472, 'fire_exp': 8.26634592587193, 'P_half': 3.525936800597896, 'pre_dampen_half': 563.8801013171912, 'gpp_af': 42.29037995744429, 'gpp_b': 4.600919967107135e-05, 'gpp_d': 6.913948698657619, 'ign_k': 3.1030112026960985, 'ign_c': 84.89840783024046, 'trop_agb_crit': 10.719494362768906, 'trop_k_veg': 1.140286245977296, 'fuel_k': 0.8380096183572122, 'fuel_half': 35.2847426865637}.
