[I 2026-08-06 02:32:24,711] Trial 1215 finished with values: [-0.5547362247002144, 0.025519460864381616] and parameters: {'k1': 0.021368329072358756, 'D_low': 31.117676855667376, 'k2': 0.0499774937030317, 'D_high': 984.0626059011972, 'fire_exp': 1.2680134752324452, 'P_half': 276.27089412392087, 'pre_dampen_half': 14.689898077648792, 'gpp_af': 4.582731702170249, 'gpp_b': 0.1676789742547917, 'gpp_d': 39.827466658711515, 'ign_k': 3.7173717478250508, 'ign_c': 14.367095138664217}.
[I 2026-08-06 02:32:25,614] Trial 1216 finished with values: [10.168034262820035, 10.168034262820035] and parameters: {'k1': 0.025383218374507292, 'D_low': 18.522006003174383, 'k2': 0.006138509947844854, 'D_high': 1687.3495104568947, 'fire_exp': 1.010722707674549, 'P_half': 958.8659498594012, 'pre_dampen_half': 14.689898077648792, 'gpp_af': 0.004339536161007625, 'gpp_b': 0.000832333943844274, 'gpp_d': 300.3420512048734, 'ign_k': 0.0020334482133945423, 'ign_c': 19.19168994439752}.
[I 2026-08-06 02:32:26,517] Trial 1217 finished with values: [10.586304773731483, 10.586304773731483] and parameters: {'k1': 0.021368329072358756, 'D_low': 18.522006003174383, 'k2': 0.0499774937030317, 'D_high': 6455.595882939566, 'fire_exp': 1.144329066180296, 'P_half': 664.2027816373393, 'pre_dampen_half': 14.689898077648792, 'gpp_af': 4.582731702170249, 'gpp_b': 0.10123867001105968, 'gpp_d': 0.4690202496211708, 'ign_k': 7.799059237255681, 'ign_c': 14.367095138664217}.
[I 2026-08-06 02:32:27,450] Trial 1218 finished with values: [10.76923076805719, 10.76923076805719] and parameters: {'k1': 0.021368329072358756, 'D_low': 18.522006003174383, 'k2': 4.763991596630584e-05, 'D_high': 400.9149428326862, 'fire_exp': 1.0473002272689056, 'P_half': 608.3019192425825, 'pre_dampen_half': 14.689898077648792, 'gpp_af': 22.766850248686247, 'gpp_b': 1.5938003265859821, 'gpp_d': 368.30088529547436, 'ign_k': 3.7173717478250508, 'ign_c': 137.90750725122015}.
[I 2026-08-06 02:32:28,382] Trial 1219 finished with values: [11.674864629078042, 11.674864629078042] and parameters: {'k1': 0.021368329072358756, 'D_low': 18.522006003174383, 'k2': 0.005695622647004589, 'D_high': 6455.595882939566, 'fire_exp': 1.0473002272689056, 'P_half': 276.27089412392087, 'pre_dampen_half': 14.689898077648792, 'gpp_af': 22.766850248686247, 'gpp_b': 0.1676789742547917, 'gpp_d': 891.8036602897795, 'ign_k': 3.7173717478250508, 'ign_c': 14.367095138664217}.
[I 2026-08-06 02:32:29,299] Trial 1220 finished with values: [-0.5681166962596559, 0.025658309770752452] and parameters: {'k1': 0.021368329072358756, 'D_low': 18.522006003174383, 'k2': 4.763991596630584e-05, 'D_high': 6455.595882939566, 'fire_exp': 1.0473002272689056, 'P_half': 608.3019192425825, 'pre_dampen_half': 14.689898077648792, 'gpp_af': 4.582731702170249, 'gpp_b': 0.10123867001105968, 'gpp_d': 39.827466658711515, 'ign_k': 3.7173717478250508, 'ign_c': 14.367095138664217}.
[I 2026-08-06 02:32:30,216] Trial 1221 finished with values: [10.0061084774373, 10.0061084774373] and parameters: {'k1': 0.025383218374507292, 'D_low': 51.9967392387832, 'k2': 4.763991596630584e-05, 'D_high': 400.9149428326862, 'fire_exp': 1.010722707674549, 'P_half': 958.8659498594012, 'pre_dampen_half': 14.689898077648792, 'gpp_af': 3.4546549264812216, 'gpp_b': 0.539125393369549, 'gpp_d': 300.3420512048734, 'ign_k': 0.6454459531371669, 'ign_c': 14.367095138664217}.
[I 2026-08-06 02:32:31,133] Trial 1222 finished with values: [10.555248127508873, 10.555248127508873] and parameters: {'k1': 0.025383218374507292, 'D_low': 117.2401123013763, 'k2': 0.0499774937030317, 'D_high': 400.9149428326862, 'fire_exp': 1.0473002272689056, 'P_half': 608.3019192425825, 'pre_dampen_half': 14.689898077648792, 'gpp_af': 0.1588528422491509, 'gpp_b': 0.6637926838138378, 'gpp_d': 891.8036602897795, 'ign_k': 3.7173717478250508, 'ign_c': 14.367095138664217}.
[I 2026-08-06 02:32:32,065] Trial 1223 finished with values: [10.574327104863254, 10.574327104863254] and parameters: {'k1': 0.08926311370835228, 'D_low': 18.522006003174383, 'k2': 4.763991596630584e-05, 'D_high': 1687.3495104568947, 'fire_exp': 1.404276171936119, 'P_half': 958.8659498594012, 'pre_dampen_half': 14.689898077648792, 'gpp_af': 0.004339536161007625, 'gpp_b': 0.000832333943844274, 'gpp_d': 7.797126586048889, 'ign_k': 3.7173717478250508, 'ign_c': 19.19168994439752}.
[I 2026-08-06 02:32:32,999] Trial 1224 finished with values: [10.453607019106906, 10.453607019106906] and parameters: {'k1': 0.08926311370835228, 'D_low': 31.117676855667376, 'k2': 0.0499774937030317, 'D_high': 6455.595882939566, 'fire_exp': 1.0473002272689056, 'P_half': 276.27089412392087, 'pre_dampen_half': 14.689898077648792, 'gpp_af': 22.766850248686247, 'gpp_b': 0.6637926838138378, 'gpp_d': 39.827466658711515, 'ign_k': 3.7173717478250508, 'ign_c': 14.367095138664217}.
[I 2026-08-06 02:32:33,932] Trial 1225 finished with values: [10.767640490327508, 10.767640490327508] and parameters: {'k1': 0.021368329072358756, 'D_low': 616.4329525571076, 'k2': 0.0004381141781653133, 'D_high': 6455.595882939566, 'fire_exp': 1.3239942327296237, 'P_half': 3113.806805121377, 'pre_dampen_half': 25.15960733455044, 'gpp_af': 22.766850248686247, 'gpp_b': 1.5938003265859821, 'gpp_d': 0.43748560545593573, 'ign_k': 0.0037322156377670697, 'ign_c': 3.735862630812751}.
[I 2026-08-06 02:32:34,865] Trial 1226 finished with values: [10.62680033395861, 10.62680033395861] and parameters: {'k1': 0.021368329072358756, 'D_low': 616.4329525571076, 'k2': 0.0004381141781653133, 'D_high': 400.9149428326862, 'fire_exp': 1.2680134752324452, 'P_half': 177.4954658911452, 'pre_dampen_half': 25.15960733455044, 'gpp_af': 4.077131237195135, 'gpp_b': 0.10123867001105968, 'gpp_d': 1.4794382088887477, 'ign_k': 0.0037322156377670697, 'ign_c': 14.367095138664217}.
[I 2026-08-06 02:32:35,829] Trial 1227 finished with values: [-0.5616234709140617, 0.011039742216842563] and parameters: {'k1': 0.021368329072358756, 'D_low': 31.117676855667376, 'k2': 0.0499774937030317, 'D_high': 6455.595882939566, 'fire_exp': 1.7164931785633317, 'P_half': 276.27089412392087, 'pre_dampen_half': 14.689898077648792, 'gpp_af': 4.582731702170249, 'gpp_b': 0.1676789742547917, 'gpp_d': 39.827466658711515, 'ign_k': 3.7173717478250508, 'ign_c': 14.367095138664217}.
[I 2026-08-06 02:32:36,730] Trial 1228 finished with values: [-0.5322638974966096, 0.024069274553475406] and parameters: {'k1': 0.03232155805617897, 'D_low': 18.522006003174383, 'k2': 2.2615266960724332e-05, 'D_high': 1578.0404945802954, 'fire_exp': 1.2680134752324452, 'P_half': 608.3019192425825, 'pre_dampen_half': 14.689898077648792, 'gpp_af': 22.766850248686247, 'gpp_b': 0.00021070348375919418, 'gpp_d': 368.30088529547436, 'ign_k': 3.7173717478250508, 'ign_c': 14.367095138664217}.
[I 2026-08-06 02:32:37,647] Trial 1229 finished with values: [-0.5672402097593748, 0.027024812539821252] and parameters: {'k1': 0.025383218374507292, 'D_low': 9.330007965781027, 'k2': 4.763991596630584e-05, 'D_high': 6455.595882939566, 'fire_exp': 1.0473002272689056, 'P_half': 664.2027816373393, 'pre_dampen_half': 14.689898077648792, 'gpp_af': 4.582731702170249, 'gpp_b': 0.35446974723746, 'gpp_d': 891.8036602897795, 'ign_k': 3.7173717478250508, 'ign_c': 14.367095138664217}.
[I 2026-08-06 02:32:38,561] Trial 1230 finished with values: [10.106970590648656, 10.106970590648656] and parameters: {'k1': 0.08926311370835228, 'D_low': 18.522006003174383, 'k2': 4.763991596630584e-05, 'D_high': 400.9149428326862, 'fire_exp': 1.2680134752324452, 'P_half': 664.2027816373393, 'pre_dampen_half': 14.689898077648792, 'gpp_af': 22.766850248686247, 'gpp_b': 0.1676789742547917, 'gpp_d': 368.30088529547436, 'ign_k': 3.7173717478250508, 'ign_c': 14.367095138664217}.
[I 2026-08-06 02:32:39,486] Trial 1231 finished with values: [-0.5674745785752885, 0.013109362831667526] and parameters: {'k1': 0.08926311370835228, 'D_low': 31.117676855667376, 'k2': 0.0499774937030317, 'D_high': 1687.3495104568947, 'fire_exp': 1.2680134752324452, 'P_half': 608.3019192425825, 'pre_dampen_half': 14.689898077648792, 'gpp_af': 4.582731702170249, 'gpp_b': 0.10123867001105968, 'gpp_d': 9.797752629207743, 'ign_k': 7.799059237255681, 'ign_c': 14.367095138664217}.
[I 2026-08-06 02:32:40,403] Trial 1232 finished with values: [-0.5690145846814756, 0.0178867020152923] and parameters: {'k1': 0.025383218374507292, 'D_low': 18.522006003174383, 'k2': 0.0004381141781653133, 'D_high': 6455.595882939566, 'fire_exp': 1.2680134752324452, 'P_half': 664.2027816373393, 'pre_dampen_half': 25.15960733455044, 'gpp_af': 22.766850248686247, 'gpp_b': 0.6637926838138378, 'gpp_d': 39.827466658711515, 'ign_k': 3.7173717478250508, 'ign_c': 14.367095138664217}.
[I 2026-08-06 02:32:41,682] Trial 1233 finished with values: [-0.5715114406643871, 0.011700924052244543] and parameters: {'k1': 0.021368329072358756, 'D_low': 18.522006003174383, 'k2': 0.006138509947844854, 'D_high': 6455.595882939566, 'fire_exp': 1.0473002272689056, 'P_half': 876.2992842289289, 'pre_dampen_half': 14.689898077648792, 'gpp_af': 4.582731702170249, 'gpp_b': 0.10123867001105968, 'gpp_d': 39.827466658711515, 'ign_k': 9.848952560187115, 'ign_c': 19.19168994439752}.
[I 2026-08-06 02:32:42,569] Trial 1234 finished with values: [10.22413679336582, 10.22413679336582] and parameters: {'k1': 0.08926311370835228, 'D_low': 31.117676855667376, 'k2': 4.763991596630584e-05, 'D_high': 6455.595882939566, 'fire_exp': 1.2680134752324452, 'P_half': 608.3019192425825, 'pre_dampen_half': 14.689898077648792, 'gpp_af': 22.766850248686247, 'gpp_b': 0.09760461369620549, 'gpp_d': 39.827466658711515, 'ign_k': 3.7173717478250508, 'ign_c': 14.367095138664217}.
[I 2026-08-06 02:32:43,519] Trial 1235 finished with values: [10.470670793001528, 10.470670793001528] and parameters: {'k1': 0.021368329072358756, 'D_low': 9.330007965781027, 'k2': 4.763991596630584e-05, 'D_high': 6455.595882939566, 'fire_exp': 1.0473002272689056, 'P_half': 5400.740686445294, 'pre_dampen_half': 14.689898077648792, 'gpp_af': 4.582731702170249, 'gpp_b': 0.07167887776549431, 'gpp_d': 107.84642153666701, 'ign_k': 3.7173717478250508, 'ign_c': 14.367095138664217}.
[I 2026-08-06 02:32:44,420] Trial 1236 finished with values: [10.06595327134802, 10.06595327134802] and parameters: {'k1': 0.025383218374507292, 'D_low': 18.522006003174383, 'k2': 4.763991596630584e-05, 'D_high': 400.9149428326862, 'fire_exp': 1.0473002272689056, 'P_half': 664.2027816373393, 'pre_dampen_half': 14.689898077648792, 'gpp_af': 4.582731702170249, 'gpp_b': 1.5938003265859821, 'gpp_d': 39.827466658711515, 'ign_k': 3.7173717478250508, 'ign_c': 14.367095138664217}.
[I 2026-08-06 02:32:45,306] Trial 1237 finished with values: [-0.5773244114551785, 0.010021227952226708] and parameters: {'k1': 0.08926311370835228, 'D_low': 31.117676855667376, 'k2': 0.006138509947844854, 'D_high': 1687.3495104568947, 'fire_exp': 1.0473002272689056, 'P_half': 664.2027816373393, 'pre_dampen_half': 14.689898077648792, 'gpp_af': 4.582731702170249, 'gpp_b': 0.6637926838138378, 'gpp_d': 39.827466658711515, 'ign_k': 3.7173717478250508, 'ign_c': 19.19168994439752}.
[I 2026-08-06 02:32:46,206] Trial 1238 finished with values: [-0.5589015754140707, 0.02244193258462468] and parameters: {'k1': 0.025383218374507292, 'D_low': 18.522006003174383, 'k2': 4.763991596630584e-05, 'D_high': 6455.595882939566, 'fire_exp': 1.0473002272689056, 'P_half': 664.2027816373393, 'pre_dampen_half': 14.689898077648792, 'gpp_af': 4.582731702170249, 'gpp_b': 1.5938003265859821, 'gpp_d': 891.8036602897795, 'ign_k': 3.7173717478250508, 'ign_c': 14.367095138664217}.
[I 2026-08-06 02:32:47,122] Trial 1239 finished with values: [10.512789811154216, 10.512789811154216] and parameters: {'k1': 0.021368329072358756, 'D_low': 18.522006003174383, 'k2': 4.763991596630584e-05, 'D_high': 6455.595882939566, 'fire_exp': 1.0473002272689056, 'P_half': 664.2027816373393, 'pre_dampen_half': 14.689898077648792, 'gpp_af': 22.766850248686247, 'gpp_b': 0.10123867001105968, 'gpp_d': 107.84642153666701, 'ign_k': 3.7173717478250508, 'ign_c': 4.841636865364905}.
[I 2026-08-06 02:32:48,086] Trial 1240 finished with values: [10.762481040361832, 10.762481040361832] and parameters: {'k1': 0.025383218374507292, 'D_low': 18.522006003174383, 'k2': 0.006138509947844854, 'D_high': 1687.3495104568947, 'fire_exp': 1.0473002272689056, 'P_half': 664.2027816373393, 'pre_dampen_half': 14.689898077648792, 'gpp_af': 0.004339536161007625, 'gpp_b': 0.6637926838138378, 'gpp_d': 300.3420512048734, 'ign_k': 0.6454459531371669, 'ign_c': 19.19168994439752}.
[I 2026-08-06 02:32:49,082] Trial 1241 finished with values: [10.525416993936018, 10.525416993936018] and parameters: {'k1': 0.0035051730090894812, 'D_low': 18.522006003174383, 'k2': 0.013886937225450393, 'D_high': 1687.3495104568947, 'fire_exp': 1.010722707674549, 'P_half': 958.8659498594012, 'pre_dampen_half': 14.689898077648792, 'gpp_af': 22.766850248686247, 'gpp_b': 0.000832333943844274, 'gpp_d': 7.797126586048889, 'ign_k': 3.7173717478250508, 'ign_c': 19.19168994439752}.
[I 2026-08-06 02:32:50,048] Trial 1242 finished with values: [-0.5676383319608111, 0.022288631786395285] and parameters: {'k1': 0.08926311370835228, 'D_low': 31.117676855667376, 'k2': 0.006138509947844854, 'D_high': 1687.3495104568947, 'fire_exp': 1.2680134752324452, 'P_half': 608.3019192425825, 'pre_dampen_half': 14.689898077648792, 'gpp_af': 4.582731702170249, 'gpp_b': 0.10123867001105968, 'gpp_d': 39.827466658711515, 'ign_k': 3.7173717478250508, 'ign_c': 14.367095138664217}.
[I 2026-08-06 02:32:50,996] Trial 1243 finished with values: [10.30945052122817, 10.30945052122817] and parameters: {'k1': 0.025383218374507292, 'D_low': 18.522006003174383, 'k2': 4.763991596630584e-05, 'D_high': 6455.595882939566, 'fire_exp': 1.0473002272689056, 'P_half': 3113.806805121377, 'pre_dampen_half': 14.689898077648792, 'gpp_af': 22.766850248686247, 'gpp_b': 0.6637926838138378, 'gpp_d': 891.8036602897795, 'ign_k': 3.7173717478250508, 'ign_c': 14.367095138664217}.
[I 2026-08-06 02:32:51,944] Trial 1244 finished with values: [10.736940378449638, 10.736940378449638] and parameters: {'k1': 0.08926311370835228, 'D_low': 18.522006003174383, 'k2': 4.763991596630584e-05, 'D_high': 1687.3495104568947, 'fire_exp': 1.0473002272689056, 'P_half': 608.3019192425825, 'pre_dampen_half': 0.039055387811874696, 'gpp_af': 4.582731702170249, 'gpp_b': 0.10123867001105968, 'gpp_d': 39.827466658711515, 'ign_k': 3.7173717478250508, 'ign_c': 14.367095138664217}.
[I 2026-08-06 02:32:52,892] Trial 1245 finished with values: [-0.5679213244184783, 0.029928991238144298] and parameters: {'k1': 0.025383218374507292, 'D_low': 18.522006003174383, 'k2': 4.763991596630584e-05, 'D_high': 6455.595882939566, 'fire_exp': 1.010722707674549, 'P_half': 608.3019192425825, 'pre_dampen_half': 14.689898077648792, 'gpp_af': 22.766850248686247, 'gpp_b': 0.6637926838138378, 'gpp_d': 300.3420512048734, 'ign_k': 3.7173717478250508, 'ign_c': 14.367095138664217}.
[I 2026-08-06 02:32:53,824] Trial 1246 finished with values: [10.607685378643975, 10.607685378643975] and parameters: {'k1': 0.021368329072358756, 'D_low': 18.522006003174383, 'k2': 0.0004381141781653133, 'D_high': 6455.595882939566, 'fire_exp': 2.5698329288387236, 'P_half': 608.3019192425825, 'pre_dampen_half': 14.689898077648792, 'gpp_af': 15.812896493361498, 'gpp_b': 0.10123867001105968, 'gpp_d': 39.827466658711515, 'ign_k': 3.7173717478250508, 'ign_c': 3.4302976652689012}.
[I 2026-08-06 02:32:54,758] Trial 1247 finished with values: [-0.567325218566557, 0.02736098632944295] and parameters: {'k1': 0.025383218374507292, 'D_low': 18.522006003174383, 'k2': 0.0019386039125504583, 'D_high': 400.9149428326862, 'fire_exp': 1.0473002272689056, 'P_half': 608.3019192425825, 'pre_dampen_half': 14.689898077648792, 'gpp_af': 22.766850248686247, 'gpp_b': 0.35446974723746, 'gpp_d': 891.8036602897795, 'ign_k': 3.7173717478250508, 'ign_c': 14.367095138664217}.
[I 2026-08-06 02:32:55,675] Trial 1248 finished with values: [10.268739206907673, 10.268739206907673] and parameters: {'k1': 0.08926311370835228, 'D_low': 18.522006003174383, 'k2': 0.006138509947844854, 'D_high': 400.9149428326862, 'fire_exp': 1.0473002272689056, 'P_half': 224.42820887784595, 'pre_dampen_half': 14.689898077648792, 'gpp_af': 0.004339536161007625, 'gpp_b': 0.000832333943844274, 'gpp_d': 891.8036602897795, 'ign_k': 3.7173717478250508, 'ign_c': 14.367095138664217}.
[I 2026-08-06 02:32:57,123] Trial 1249 finished with values: [10.296117674625108, 10.296117674625108] and parameters: {'k1': 0.08926311370835228, 'D_low': 18.522006003174383, 'k2': 0.0499774937030317, 'D_high': 1687.3495104568947, 'fire_exp': 1.5292421264264235, 'P_half': 608.3019192425825, 'pre_dampen_half': 14.689898077648792, 'gpp_af': 22.766850248686247, 'gpp_b': 0.1676789742547917, 'gpp_d': 39.827466658711515, 'ign_k': 3.7173717478250508, 'ign_c': 14.367095138664217}.
[I 2026-08-06 02:32:58,392] Trial 1250 finished with values: [-0.5656015806054173, 0.025245443734348894] and parameters: {'k1': 0.025383218374507292, 'D_low': 18.522006003174383, 'k2': 0.0004381141781653133, 'D_high': 400.9149428326862, 'fire_exp': 1.0473002272689056, 'P_half': 608.3019192425825, 'pre_dampen_half': 14.689898077648792, 'gpp_af': 22.766850248686247, 'gpp_b': 0.09760461369620549, 'gpp_d': 300.3420512048734, 'ign_k': 3.7173717478250508, 'ign_c': 14.367095138664217}.
[I 2026-08-06 02:32:59,774] Trial 1251 finished with values: [-0.5450572055540104, 0.015370238562629424] and parameters: {'k1': 0.08926311370835228, 'D_low': 31.117676855667376, 'k2': 4.763991596630584e-05, 'D_high': 6455.595882939566, 'fire_exp': 1.0473002272689056, 'P_half': 608.3019192425825, 'pre_dampen_half': 14.689898077648792, 'gpp_af': 22.766850248686247, 'gpp_b': 0.6637926838138378, 'gpp_d': 39.827466658711515, 'ign_k': 3.7173717478250508, 'ign_c': 14.367095138664217}.
[I 2026-08-06 02:33:00,807] Trial 1252 finished with values: [-0.5550694728124471, 0.031234744723542485] and parameters: {'k1': 0.08926311370835228, 'D_low': 9.330007965781027, 'k2': 4.763991596630584e-05, 'D_high': 6455.595882939566, 'fire_exp': 1.0473002272689056, 'P_half': 276.27089412392087, 'pre_dampen_half': 14.689898077648792, 'gpp_af': 22.766850248686247, 'gpp_b': 0.1676789742547917, 'gpp_d': 39.827466658711515, 'ign_k': 3.7173717478250508, 'ign_c': 14.367095138664217}.
[I 2026-08-06 02:33:02,194] Trial 1253 finished with values: [10.337602951774048, 10.337602951774048] and parameters: {'k1': 0.021368329072358756, 'D_low': 18.522006003174383, 'k2': 0.0004381141781653133, 'D_high': 400.9149428326862, 'fire_exp': 1.3239942327296237, 'P_half': 664.2027816373393, 'pre_dampen_half': 14.689898077648792, 'gpp_af': 22.766850248686247, 'gpp_b': 1.5938003265859821, 'gpp_d': 300.3420512048734, 'ign_k': 3.7173717478250508, 'ign_c': 14.367095138664217}.
[I 2026-08-06 02:33:03,139] Trial 1254 finished with values: [-0.5202720429107741, 0.0465484453989925] and parameters: {'k1': 0.025383218374507292, 'D_low': 18.522006003174383, 'k2': 1.702637694606324e-05, 'D_high': 1687.3495104568947, 'fire_exp': 1.0473002272689056, 'P_half': 664.2027816373393, 'pre_dampen_half': 14.689898077648792, 'gpp_af': 22.766850248686247, 'gpp_b': 0.6637926838138378, 'gpp_d': 300.3420512048734, 'ign_k': 0.02811523815379816, 'ign_c': 2.177936207481481}.
[I 2026-08-06 02:33:04,220] Trial 1255 finished with values: [10.727389214491643, 10.727389214491643] and parameters: {'k1': 0.08926311370835228, 'D_low': 31.117676855667376, 'k2': 0.0499774937030317, 'D_high': 1687.3495104568947, 'fire_exp': 1.010722707674549, 'P_half': 276.27089412392087, 'pre_dampen_half': 14.689898077648792, 'gpp_af': 0.004339536161007625, 'gpp_b': 0.1676789742547917, 'gpp_d': 300.3420512048734, 'ign_k': 7.799059237255681, 'ign_c': 19.19168994439752}.
[I 2026-08-06 02:33:05,201] Trial 1256 finished with values: [-0.5662920618010491, 0.02446277425280552] and parameters: {'k1': 0.021368329072358756, 'D_low': 18.522006003174383, 'k2': 4.763991596630584e-05, 'D_high': 12.728781576199358, 'fire_exp': 1.0473002272689056, 'P_half': 177.4954658911452, 'pre_dampen_half': 25.15960733455044, 'gpp_af': 22.766850248686247, 'gpp_b': 1.5938003265859821, 'gpp_d': 39.827466658711515, 'ign_k': 3.7173717478250508, 'ign_c': 14.367095138664217}.
[I 2026-08-06 02:33:06,163] Trial 1257 finished with values: [-0.5471283514261803, 0.02921768733523722] and parameters: {'k1': 0.03232155805617897, 'D_low': 31.117676855667376, 'k2': 0.0499774937030317, 'D_high': 400.9149428326862, 'fire_exp': 1.2680134752324452, 'P_half': 276.27089412392087, 'pre_dampen_half': 14.689898077648792, 'gpp_af': 22.766850248686247, 'gpp_b': 0.1676789742547917, 'gpp_d': 368.30088529547436, 'ign_k': 7.799059237255681, 'ign_c': 14.367095138664217}.
[I 2026-08-06 02:33:07,127] Trial 1258 finished with values: [10.164075580643525, 10.164075580643525] and parameters: {'k1': 0.08926311370835228, 'D_low': 31.117676855667376, 'k2': 4.763991596630584e-05, 'D_high': 12.495886031183844, 'fire_exp': 1.0473002272689056, 'P_half': 608.3019192425825, 'pre_dampen_half': 14.689898077648792, 'gpp_af': 22.766850248686247, 'gpp_b': 1.5938003265859821, 'gpp_d': 39.827466658711515, 'ign_k': 3.7173717478250508, 'ign_c': 14.367095138664217}.
[I 2026-08-06 02:33:08,085] Trial 1259 finished with values: [-0.5602284663073098, 0.02275178059436922] and parameters: {'k1': 0.025383218374507292, 'D_low': 9.330007965781027, 'k2': 1.702637694606324e-05, 'D_high': 6455.595882939566, 'fire_exp': 1.0473002272689056, 'P_half': 664.2027816373393, 'pre_dampen_half': 14.689898077648792, 'gpp_af': 2.9865936975455876, 'gpp_b': 0.6637926838138378, 'gpp_d': 891.8036602897795, 'ign_k': 3.7173717478250508, 'ign_c': 14.367095138664217}.
