[I 2026-07-25 00:31:15,465] Trial 236 finished with value: 0.5152685320607818 and parameters: {'k1': 0.0001548876476115084, 'D_low': 1454.521357359718, 'k2': 0.00018844290226782524, 'D_high': 6405.974402903859, 'fire_exp': 3.431711911682736, 'P_half': 7.961439057924557, 'pre_dampen_half': 0.8801931778314124, 'gpp_af': 0.02962940716727301, 'gpp_b': 1.9752936308412137e-05, 'gpp_d': 942.9240557492161, 'ign_k': 0.018657344675032356, 'ign_c': 12.54507029378232, 'trop_agb_crit': 16.652035414717364, 'trop_k_veg': 3.3748349896569914, 'gdp_gamma': 0.11329632161298836, 'cure_k': 0.22830988873884964, 'cure_p_min': 343.18954529235657, 'cure_gpp_ref': 0.22546453018704585, 'cure_agb_crit': 1.0329713124754258, 'fuel_k': 0.03976500593993957, 'fuel_half': 2.9616984635313983}. Best is trial 0 with value: -0.6232552202351066.
[I 2026-07-25 00:31:15,915] Trial 237 finished with value: 0.5879570495397652 and parameters: {'k1': 0.09346679299457837, 'D_low': 813.2584713970432, 'k2': 0.037015066176596716, 'D_high': 1565420.9109747794, 'fire_exp': 2.8269334959728765, 'P_half': 2945.1412780402593, 'pre_dampen_half': 79.70111262206815, 'gpp_af': 0.040784045231988156, 'gpp_b': 0.0009235906796576002, 'gpp_d': 156.0457294179549, 'ign_k': 0.011103924494693482, 'ign_c': 5.361508368321094, 'trop_agb_crit': 10.641231871525465, 'trop_k_veg': 0.6772272243974465, 'gdp_gamma': 0.04990736754592057, 'cure_k': 0.001772230665965156, 'cure_p_min': 280.81578082956696, 'cure_gpp_ref': 0.1446972182690584, 'cure_agb_crit': 3.4692364906237123, 'fuel_k': 0.4325381069536077, 'fuel_half': 0.38444710661363063}. Best is trial 0 with value: -0.6232552202351066.
[I 2026-07-25 00:31:16,372] Trial 238 finished with value: 0.6234174874672352 and parameters: {'k1': 1.9275183710575396e-05, 'D_low': 30.58418542441793, 'k2': 0.008983128970636453, 'D_high': 5197735.269701945, 'fire_exp': 3.469061281063561, 'P_half': 1007.7241962136036, 'pre_dampen_half': 891.6636143280007, 'gpp_af': 0.010587843590399817, 'gpp_b': 0.6559204520497337, 'gpp_d': 0.0789088032643303, 'ign_k': 0.013954402003349473, 'ign_c': 6.728453610075735, 'trop_agb_crit': 10.082687842422562, 'trop_k_veg': 1.5774600089449364, 'gdp_gamma': 0.5382968135964157, 'cure_k': 0.014484967604215733, 'cure_p_min': 251.8717518508987, 'cure_gpp_ref': 0.4790052778885722, 'cure_agb_crit': 1.5548177344533862, 'fuel_k': 0.03210129938260022, 'fuel_half': 33.75220790142361}. Best is trial 0 with value: -0.6232552202351066.
[I 2026-07-25 00:31:16,822] Trial 239 finished with value: 0.5726698910995698 and parameters: {'k1': 3.0501070901708747e-05, 'D_low': 4.260623693290152, 'k2': 0.00015251210908527442, 'D_high': 2039692.504811451, 'fire_exp': 4.584016109735557, 'P_half': 3872.118656857439, 'pre_dampen_half': 419.04367293285713, 'gpp_af': 0.014035969170435368, 'gpp_b': 1.0546793949676765, 'gpp_d': 0.029150859636864954, 'ign_k': 0.003675128216563861, 'ign_c': 104.72719452022314, 'trop_agb_crit': 5.409145565301469, 'trop_k_veg': 4.199435116879359, 'gdp_gamma': 0.10673480191587781, 'cure_k': 0.12498306950028779, 'cure_p_min': 365.7087552273612, 'cure_gpp_ref': 0.2548638917006419, 'cure_agb_crit': 1.3367593255582122, 'fuel_k': 0.06937383470421564, 'fuel_half': 54.03409998343304}. Best is trial 0 with value: -0.6232552202351066.
[I 2026-07-25 00:31:17,273] Trial 240 finished with value: 0.43637459474295537 and parameters: {'k1': 0.005254695232595974, 'D_low': 4.95233958722571, 'k2': 0.07887353744162628, 'D_high': 290914.14360861754, 'fire_exp': 1.733041925066373, 'P_half': 2266.8956177372024, 'pre_dampen_half': 303.41008991568236, 'gpp_af': 0.00646421234724966, 'gpp_b': 0.0004327518069141302, 'gpp_d': 177.55666692000656, 'ign_k': 0.15758693920622394, 'ign_c': 7.5224419920431345, 'trop_agb_crit': 29.03494896866002, 'trop_k_veg': 1.069519963212446, 'gdp_gamma': 1.8334009947710084, 'cure_k': 0.002196593927587074, 'cure_p_min': 145.50860589145196, 'cure_gpp_ref': 0.47508906654577515, 'cure_agb_crit': 6.484225140151041, 'fuel_k': 0.1378952319545068, 'fuel_half': 25.926036812241467}. Best is trial 0 with value: -0.6232552202351066.
[I 2026-07-25 00:31:17,726] Trial 241 finished with value: 0.4787352966368179 and parameters: {'k1': 0.00017564670574109662, 'D_low': 193.65742044314823, 'k2': 0.0019030675859667634, 'D_high': 33023.59160855642, 'fire_exp': 2.277603398719316, 'P_half': 16.88193062362432, 'pre_dampen_half': 0.9617248973914744, 'gpp_af': 0.0016690772250742706, 'gpp_b': 2.43524701054566e-05, 'gpp_d': 469.63976592604865, 'ign_k': 0.00105514428217166, 'ign_c': 0.10301068037358631, 'trop_agb_crit': 1.9948495350616855, 'trop_k_veg': 2.847005106437273, 'gdp_gamma': 0.34727783342122803, 'cure_k': 0.6122220544839378, 'cure_p_min': 315.27691774521605, 'cure_gpp_ref': 0.1447019227326428, 'cure_agb_crit': 1.650968314031223, 'fuel_k': 0.018777471957221296, 'fuel_half': 0.42682091359726315}. Best is trial 0 with value: -0.6232552202351066.
[I 2026-07-25 00:31:18,178] Trial 242 finished with value: 0.5902006563435681 and parameters: {'k1': 0.0002741845202060953, 'D_low': 5.2228922799609245, 'k2': 1.3521487880586948e-05, 'D_high': 22948.425297544898, 'fire_exp': 3.1172995505575223, 'P_half': 102.88837250522145, 'pre_dampen_half': 4.248083436773699, 'gpp_af': 0.11692784925504138, 'gpp_b': 0.00029933028786738357, 'gpp_d': 160.55890854727332, 'ign_k': 0.0011918231030439838, 'ign_c': 2.262054588027137, 'trop_agb_crit': 2.439924399034379, 'trop_k_veg': 7.2725861023157705, 'gdp_gamma': 0.08696086839675227, 'cure_k': 0.02042875698807134, 'cure_p_min': 352.15819821901783, 'cure_gpp_ref': 0.12721571255561812, 'cure_agb_crit': 1.0581506055505498, 'fuel_k': 0.01569850539076653, 'fuel_half': 0.43579194175755415}. Best is trial 0 with value: -0.6232552202351066.
[I 2026-07-25 00:31:18,628] Trial 243 finished with value: 0.4484096688977812 and parameters: {'k1': 5.235631304615534e-05, 'D_low': 84527.86156787522, 'k2': 0.00040882148555155303, 'D_high': 136.29493894488556, 'fire_exp': 1.965351861025229, 'P_half': 1977.844907492532, 'pre_dampen_half': 0.27677574810777594, 'gpp_af': 0.0013157301823121938, 'gpp_b': 0.0004956780085430771, 'gpp_d': 31.79962156753798, 'ign_k': 0.0047748321724614285, 'ign_c': 184.46046038953085, 'trop_agb_crit': 9.111977243443226, 'trop_k_veg': 7.45827339867627, 'gdp_gamma': 1.2512044159643465, 'cure_k': 0.1432131784721859, 'cure_p_min': 303.9419795871211, 'cure_gpp_ref': 0.7511350783301829, 'cure_agb_crit': 1.8982974051031958, 'fuel_k': 0.02190437697479761, 'fuel_half': 0.8456185709930096}. Best is trial 0 with value: -0.6232552202351066.
[I 2026-07-25 00:31:19,075] Trial 244 finished with value: -0.5428061345968722 and parameters: {'k1': 6.0908137685918046e-05, 'D_low': 50.62879091457796, 'k2': 0.00014273530275011286, 'D_high': 11374.152539791265, 'fire_exp': 1.0756427474601065, 'P_half': 38.01656763242961, 'pre_dampen_half': 0.5427884809881984, 'gpp_af': 0.013951448383256848, 'gpp_b': 2.3372354207007572e-05, 'gpp_d': 430.65187040998273, 'ign_k': 0.019981728163315744, 'ign_c': 0.6758612001054901, 'trop_agb_crit': 5.007391114896714, 'trop_k_veg': 6.189828887879991, 'gdp_gamma': 1.6035920598914224, 'cure_k': 0.026082119049176143, 'cure_p_min': 390.88486511660545, 'cure_gpp_ref': 0.224929852612692, 'cure_agb_crit': 1.5170457125698316, 'fuel_k': 0.013963324849922668, 'fuel_half': 2.7511254064617976}. Best is trial 0 with value: -0.6232552202351066.
[I 2026-07-25 00:31:19,519] Trial 245 finished with value: 0.4330241060886182 and parameters: {'k1': 6.212608830134503e-05, 'D_low': 1.8528082029674817, 'k2': 5.349112200743812e-05, 'D_high': 10917.814839185652, 'fire_exp': 1.1652848823610598, 'P_half': 10.821867689611313, 'pre_dampen_half': 79.66799720880057, 'gpp_af': 0.0017559340259230883, 'gpp_b': 4.490738193360868e-05, 'gpp_d': 9.466073269420328, 'ign_k': 0.00141828210292052, 'ign_c': 75.51529298213894, 'trop_agb_crit': 6.499147676375353, 'trop_k_veg': 6.439900554772497, 'gdp_gamma': 1.4688994831075877, 'cure_k': 0.0585025122080754, 'cure_p_min': 233.03755375189746, 'cure_gpp_ref': 0.3239844992741609, 'cure_agb_crit': 1.5354951502805614, 'fuel_k': 0.037854407654132914, 'fuel_half': 0.512265345314517}. Best is trial 0 with value: -0.6232552202351066.
[I 2026-07-25 00:31:19,968] Trial 246 finished with value: 0.6001405761724959 and parameters: {'k1': 1.9239272949296655e-05, 'D_low': 1.3394247624918407, 'k2': 0.0011069594322001977, 'D_high': 556.5127083731265, 'fire_exp': 1.159049906639853, 'P_half': 71.73613337316856, 'pre_dampen_half': 0.4493025896762187, 'gpp_af': 0.2780588182456271, 'gpp_b': 3.82659951289819e-05, 'gpp_d': 235.96296269853644, 'ign_k': 0.026559753597356902, 'ign_c': 0.35620860740185684, 'trop_agb_crit': 6.90462192789344, 'trop_k_veg': 3.322123976705125, 'gdp_gamma': 0.5962515704835197, 'cure_k': 0.01252442767441545, 'cure_p_min': 311.90472653159605, 'cure_gpp_ref': 0.2703158733670809, 'cure_agb_crit': 1.6644839774612643, 'fuel_k': 0.019374476957883798, 'fuel_half': 64.85837531662538}. Best is trial 0 with value: -0.6232552202351066.
[I 2026-07-25 00:31:20,451] Trial 247 finished with value: -0.6196672815700783 and parameters: {'k1': 0.0077220211404131385, 'D_low': 110.80121997714738, 'k2': 0.007325068503932323, 'D_high': 4160091.494873475, 'fire_exp': 1.9120519752015865, 'P_half': 257.94219013962737, 'pre_dampen_half': 71.08383365007101, 'gpp_af': 0.010646638952101755, 'gpp_b': 3.439914748359553e-05, 'gpp_d': 802.485147816619, 'ign_k': 0.004218496893724809, 'ign_c': 126.7380743576064, 'trop_agb_crit': 15.318639758109393, 'trop_k_veg': 1.2172720391128906, 'gdp_gamma': 1.0019005274683448, 'cure_k': 0.0017493511614936326, 'cure_p_min': 141.87675650363417, 'cure_gpp_ref': 0.2037329103156622, 'cure_agb_crit': 1.4482529858427429, 'fuel_k': 0.06855014097242866, 'fuel_half': 78.5888426634634}. Best is trial 0 with value: -0.6232552202351066.
[I 2026-07-25 00:31:20,917] Trial 248 finished with value: 0.5339443630818818 and parameters: {'k1': 0.05718219365080951, 'D_low': 74.48068697422597, 'k2': 0.01139762353059334, 'D_high': 495019.28110485594, 'fire_exp': 1.6677285470744987, 'P_half': 585.2817230855749, 'pre_dampen_half': 17.846089977898945, 'gpp_af': 0.020597535732916693, 'gpp_b': 0.0002737952449321553, 'gpp_d': 128.2589750890821, 'ign_k': 0.0031418373548862495, 'ign_c': 166.8716910811894, 'trop_agb_crit': 13.981361709206274, 'trop_k_veg': 1.2317421685203835, 'gdp_gamma': 0.26713630892766294, 'cure_k': 0.004331564238176972, 'cure_p_min': 110.69551941362033, 'cure_gpp_ref': 0.1350357506641916, 'cure_agb_crit': 1.7815799346783627, 'fuel_k': 0.0432973598597117, 'fuel_half': 74.50494770435134}. Best is trial 0 with value: -0.6232552202351066.
[I 2026-07-25 00:31:21,360] Trial 249 finished with value: 0.5116525873494714 and parameters: {'k1': 0.00043073824738320686, 'D_low': 2.034221045402812, 'k2': 1.3145592280618236e-05, 'D_high': 1038.044670001506, 'fire_exp': 2.0720615099347537, 'P_half': 7879.071248207004, 'pre_dampen_half': 873.5645403821563, 'gpp_af': 0.008228724967234844, 'gpp_b': 0.0005714533467502526, 'gpp_d': 6.452155574608552, 'ign_k': 0.010450749619934526, 'ign_c': 1.0926044098972296, 'trop_agb_crit': 3.6828961013142543, 'trop_k_veg': 1.585054572589498, 'gdp_gamma': 0.053335470541243955, 'cure_k': 0.30153779006093273, 'cure_p_min': 357.84118709231024, 'cure_gpp_ref': 0.18512796735444856, 'cure_agb_crit': 1.3921416458732407, 'fuel_k': 0.5433629083831159, 'fuel_half': 0.7666438612343845}. Best is trial 0 with value: -0.6232552202351066.
[I 2026-07-25 00:31:21,804] Trial 250 finished with value: 0.5900507358100795 and parameters: {'k1': 0.019274020383261623, 'D_low': 20.044311416844977, 'k2': 0.016598420913924467, 'D_high': 7041599.649546171, 'fire_exp': 1.01175055649124, 'P_half': 1786.8372341683087, 'pre_dampen_half': 0.30473476920467985, 'gpp_af': 0.0030285709972751613, 'gpp_b': 3.5441578401187414e-05, 'gpp_d': 271.32672556802015, 'ign_k': 0.01808350686420302, 'ign_c': 730.8408216026769, 'trop_agb_crit': 7.4587842573047896, 'trop_k_veg': 0.5295016266410385, 'gdp_gamma': 0.6085960609805574, 'cure_k': 0.00273377527652121, 'cure_p_min': 107.40731882275436, 'cure_gpp_ref': 0.3991328741239907, 'cure_agb_crit': 6.85884430229181, 'fuel_k': 0.024805676638392487, 'fuel_half': 44.0174808858556}. Best is trial 0 with value: -0.6232552202351066.
[I 2026-07-25 00:31:22,247] Trial 251 finished with value: 0.4910556138801059 and parameters: {'k1': 6.0268380223766846e-05, 'D_low': 1320.230979359756, 'k2': 1.9040150216189125e-05, 'D_high': 37731.65732354692, 'fire_exp': 1.1119061921403046, 'P_half': 40.49654026978013, 'pre_dampen_half': 6.170869683913303, 'gpp_af': 0.017073545382737636, 'gpp_b': 0.0002610629146927645, 'gpp_d': 180.10590224700192, 'ign_k': 0.1252203814430249, 'ign_c': 1.2744115878701734, 'trop_agb_crit': 5.261972216981554, 'trop_k_veg': 7.155299961273225, 'gdp_gamma': 1.8707260390521798, 'cure_k': 0.07373112993866505, 'cure_p_min': 256.01142249254235, 'cure_gpp_ref': 0.07087641358874998, 'cure_agb_crit': 1.4249071141152592, 'fuel_k': 0.044071639628895244, 'fuel_half': 1.8766957010392005}. Best is trial 0 with value: -0.6232552202351066.
[I 2026-07-25 00:31:22,696] Trial 252 finished with value: 0.6048307698335382 and parameters: {'k1': 0.00837690297095743, 'D_low': 378.0636041716171, 'k2': 0.03512357191856527, 'D_high': 298078.75562920235, 'fire_exp': 2.0455088484383475, 'P_half': 365.1572263880883, 'pre_dampen_half': 74.30492069972257, 'gpp_af': 0.017438316369660305, 'gpp_b': 5.513199842227352e-05, 'gpp_d': 89.81048787500166, 'ign_k': 0.7687595711097075, 'ign_c': 30.677722099398224, 'trop_agb_crit': 12.77893205978073, 'trop_k_veg': 2.6489905021936626, 'gdp_gamma': 0.2255350937150711, 'cure_k': 0.004414815880344097, 'cure_p_min': 109.56987485702564, 'cure_gpp_ref': 0.5312161041526587, 'cure_agb_crit': 4.657654155089926, 'fuel_k': 0.04393749278060477, 'fuel_half': 11.676353145737803}. Best is trial 0 with value: -0.6232552202351066.
[I 2026-07-25 00:31:23,139] Trial 253 finished with value: 0.5318112347649547 and parameters: {'k1': 0.009896270446935723, 'D_low': 3.0221925755587704, 'k2': 0.02824666295275278, 'D_high': 186809.6706780635, 'fire_exp': 1.213655144433165, 'P_half': 141.067478375143, 'pre_dampen_half': 1.49065438788318, 'gpp_af': 0.001996860936014456, 'gpp_b': 5.7801240083360755e-05, 'gpp_d': 831.3638426621234, 'ign_k': 0.0017958447517683856, 'ign_c': 231.7894692077519, 'trop_agb_crit': 15.532987931787712, 'trop_k_veg': 1.3966538999262532, 'gdp_gamma': 0.04577777285421402, 'cure_k': 0.002158783320132956, 'cure_p_min': 386.79176108944165, 'cure_gpp_ref': 0.2981138275770204, 'cure_agb_crit': 3.776379809367743, 'fuel_k': 0.04390502694564529, 'fuel_half': 6.974925747513543}. Best is trial 0 with value: -0.6232552202351066.
[I 2026-07-25 00:31:23,581] Trial 254 finished with value: 0.6101458110914318 and parameters: {'k1': 0.007076664389776948, 'D_low': 462.3188971921726, 'k2': 3.235637015607983e-05, 'D_high': 3932432.2446211646, 'fire_exp': 1.8417691062282175, 'P_half': 105.4926277745192, 'pre_dampen_half': 76.97821630137072, 'gpp_af': 0.0015839756908127278, 'gpp_b': 0.018062039677481073, 'gpp_d': 119.6743918352546, 'ign_k': 0.04047760299633379, 'ign_c': 3.2404980370814616, 'trop_agb_crit': 4.0653725813666775, 'trop_k_veg': 2.1839605504514257, 'gdp_gamma': 0.06323178754747437, 'cure_k': 0.04620129665116194, 'cure_p_min': 285.1473610232407, 'cure_gpp_ref': 0.07939523296822519, 'cure_agb_crit': 1.6875836546358614, 'fuel_k': 0.026063830815654016, 'fuel_half': 3.046311074895899}. Best is trial 0 with value: -0.6232552202351066.
[I 2026-07-25 00:31:24,028] Trial 255 finished with value: -0.5388759056599499 and parameters: {'k1': 1.1308794940086424e-05, 'D_low': 27.357737619189486, 'k2': 5.251653408832243e-05, 'D_high': 345865.80494781706, 'fire_exp': 1.2548352959815365, 'P_half': 73.81139388620137, 'pre_dampen_half': 1.876731080472622, 'gpp_af': 0.016419738803625763, 'gpp_b': 0.0002451293568989963, 'gpp_d': 27.912807050443387, 'ign_k': 0.08630106281132055, 'ign_c': 0.2309053159148375, 'trop_agb_crit': 2.793916271468953, 'trop_k_veg': 5.945187116726781, 'gdp_gamma': 0.09853077596438002, 'cure_k': 0.014085442525510061, 'cure_p_min': 380.5819165263153, 'cure_gpp_ref': 0.3649359732358623, 'cure_agb_crit': 1.3512705083521226, 'fuel_k': 0.041657109534374126, 'fuel_half': 1.649102242757744}. Best is trial 0 with value: -0.6232552202351066.
[I 2026-07-25 00:31:24,474] Trial 256 finished with value: 0.5846569651527336 and parameters: {'k1': 0.00014577410318153912, 'D_low': 3574.1378497478554, 'k2': 1.5012941812597348e-05, 'D_high': 4596.61422924437, 'fire_exp': 1.9107273961749147, 'P_half': 12.345395151669734, 'pre_dampen_half': 0.04964280340428204, 'gpp_af': 0.0026811361422412533, 'gpp_b': 4.995050044934293e-05, 'gpp_d': 66.93672907066775, 'ign_k': 0.021366880682517478, 'ign_c': 1.8520314169334517, 'trop_agb_crit': 6.958944489569661, 'trop_k_veg': 6.546578791394625, 'gdp_gamma': 0.26622069958301475, 'cure_k': 0.0010050143498086322, 'cure_p_min': 337.2426223631637, 'cure_gpp_ref': 0.5851288902878377, 'cure_agb_crit': 1.9860041392224108, 'fuel_k': 0.01148006142536302, 'fuel_half': 17.958045490294452}. Best is trial 0 with value: -0.6232552202351066.
[I 2026-07-25 00:31:24,918] Trial 257 finished with value: 0.45868686217212984 and parameters: {'k1': 0.00016628089334977183, 'D_low': 93.0645079626883, 'k2': 3.935499379755309e-05, 'D_high': 26731.6258542036, 'fire_exp': 1.3277545458254163, 'P_half': 4.694535570346715, 'pre_dampen_half': 3.1977583061182764, 'gpp_af': 0.041803246119603406, 'gpp_b': 1.0042516359301416e-05, 'gpp_d': 327.3444142444703, 'ign_k': 0.05742928989715177, 'ign_c': 0.40679637035776517, 'trop_agb_crit': 9.662534210171648, 'trop_k_veg': 6.098499215693729, 'gdp_gamma': 0.8312386104594017, 'cure_k': 0.15286739649986508, 'cure_p_min': 363.07706742379344, 'cure_gpp_ref': 0.3612657752177142, 'cure_agb_crit': 3.070134798758753, 'fuel_k': 0.015076286584903778, 'fuel_half': 44.78553655109126}. Best is trial 0 with value: -0.6232552202351066.
[I 2026-07-25 00:31:25,363] Trial 258 finished with value: 0.428765842766627 and parameters: {'k1': 0.004703509452385152, 'D_low': 3078.641387277204, 'k2': 0.027726586682609924, 'D_high': 2557193.750861513, 'fire_exp': 1.4103423220733604, 'P_half': 190.28969953660828, 'pre_dampen_half': 17.77312077710095, 'gpp_af': 0.02660186170195766, 'gpp_b': 1.548766609498508e-05, 'gpp_d': 11.019529940091768, 'ign_k': 0.030025960132168603, 'ign_c': 39.40084891694879, 'trop_agb_crit': 25.857550175524214, 'trop_k_veg': 0.5759341371344243, 'gdp_gamma': 1.6451338518503178, 'cure_k': 0.002073447670536516, 'cure_p_min': 180.9536566468382, 'cure_gpp_ref': 0.9253551324428787, 'cure_agb_crit': 4.590973327254419, 'fuel_k': 0.01229642341970062, 'fuel_half': 14.065809768295457}. Best is trial 0 with value: -0.6232552202351066.
[I 2026-07-25 00:31:25,811] Trial 259 finished with value: 0.42034903970543935 and parameters: {'k1': 0.0003258901967217979, 'D_low': 645.3206497383675, 'k2': 2.5437030261733515e-05, 'D_high': 103830.70447060507, 'fire_exp': 3.026831310977611, 'P_half': 6.442873671570995, 'pre_dampen_half': 9.438845604346376, 'gpp_af': 0.049822592366705616, 'gpp_b': 0.00015267013639184269, 'gpp_d': 31.499193894787815, 'ign_k': 0.03521488204891489, 'ign_c': 18.454880550403367, 'trop_agb_crit': 5.750797075218876, 'trop_k_veg': 5.891872831212902, 'gdp_gamma': 1.6890534414721738, 'cure_k': 0.1291433692481408, 'cure_p_min': 303.4384998898784, 'cure_gpp_ref': 0.21295518614261869, 'cure_agb_crit': 1.3578321013857755, 'fuel_k': 0.01615320369032146, 'fuel_half': 8.63883495927734}. Best is trial 0 with value: -0.6232552202351066.
[I 2026-07-25 00:31:26,257] Trial 260 finished with value: 0.47659368916359435 and parameters: {'k1': 6.153936724370815e-05, 'D_low': 23.599150530163225, 'k2': 3.3359380577083415e-05, 'D_high': 943537.846796389, 'fire_exp': 1.342993704500056, 'P_half': 384.5987623844874, 'pre_dampen_half': 1.883794283580508, 'gpp_af': 0.008884720292619108, 'gpp_b': 0.0003662998412242533, 'gpp_d': 3.697519642469597, 'ign_k': 1.6323966748869785, 'ign_c': 0.6012336619922528, 'trop_agb_crit': 2.47778842581509, 'trop_k_veg': 4.986193874600123, 'gdp_gamma': 0.08241439571941955, 'cure_k': 0.0031542318606368252, 'cure_p_min': 324.5875934099829, 'cure_gpp_ref': 0.5358089292278395, 'cure_agb_crit': 1.219723245686067, 'fuel_k': 0.12063795960384027, 'fuel_half': 7.609421720143393}. Best is trial 0 with value: -0.6232552202351066.
[I 2026-07-25 00:31:26,706] Trial 261 finished with value: 0.5231982112604878 and parameters: {'k1': 0.0009080093329518057, 'D_low': 61.47165471907608, 'k2': 0.05241815343442785, 'D_high': 693384.6245107449, 'fire_exp': 2.8330805076833427, 'P_half': 97.26469952732042, 'pre_dampen_half': 96.8021440490094, 'gpp_af': 0.11325763253402979, 'gpp_b': 2.241320768552069e-05, 'gpp_d': 834.0173258378528, 'ign_k': 0.002007768278766207, 'ign_c': 233.18443011642742, 'trop_agb_crit': 13.445629500746882, 'trop_k_veg': 1.6862564247812757, 'gdp_gamma': 0.4903936742142282, 'cure_k': 0.002345832039156211, 'cure_p_min': 175.11831479444774, 'cure_gpp_ref': 0.3890617719753028, 'cure_agb_crit': 1.4040840892981725, 'fuel_k': 0.0876897243397895, 'fuel_half': 66.62002429856322}. Best is trial 0 with value: -0.6232552202351066.
