[I 2026-08-06 11:29:30,321] Trial 431 finished with values: [10.49799956649332, 10.49799956649332] and parameters: {'k1': 0.002155595057104387, 'D_low': 12.105387404469584, 'k2': 5.52207197313581e-05, 'D_high': 774.2116473996249, 'fire_exp': 1.3170256885255098, 'P_half': 4.213183643253957, 'pre_dampen_half': 63.6685916079943, 'gpp_af': 0.6403036652671171, 'gpp_b': 0.42247700890263645, 'gpp_d': 2.944272359149677, 'ign_k': 2.9818972317055166, 'ign_c': 18.219343937475102, 'trop_agb_crit': 24.80219492452611, 'trop_k_veg': 6.45312300188076}.
[I 2026-08-06 11:29:32,336] Trial 432 finished with values: [-0.5349866263032976, 0.10538370637313543] and parameters: {'k1': 0.01889771394135163, 'D_low': 7.299348683062307, 'k2': 1.1065812688893481e-05, 'D_high': 3712.591045287726, 'fire_exp': 1.4665043946307825, 'P_half': 9.324787201197319, 'pre_dampen_half': 502.5175192217655, 'gpp_af': 1.1300566419249864, 'gpp_b': 0.0005392415140872105, 'gpp_d': 16.460426816350523, 'ign_k': 0.0680787482656459, 'ign_c': 15.221840161091626, 'trop_agb_crit': 7.500118950416987, 'trop_k_veg': 0.6673124511410327}.
[I 2026-08-06 11:29:34,479] Trial 433 finished with values: [10.76923076892712, 10.76923076892712] and parameters: {'k1': 0.00031134168041628584, 'D_low': 355.00125258511594, 'k2': 0.003419108473554454, 'D_high': 3712.591045287726, 'fire_exp': 5.97856358842259, 'P_half': 4.213183643253957, 'pre_dampen_half': 63.6685916079943, 'gpp_af': 0.6403036652671171, 'gpp_b': 0.0021331409710300844, 'gpp_d': 1.493264336549928, 'ign_k': 0.0680787482656459, 'ign_c': 121.2515722046017, 'trop_agb_crit': 24.584290528289387, 'trop_k_veg': 0.6673124511410327}.
[I 2026-08-06 11:29:36,775] Trial 434 finished with values: [10.518300970313398, 10.518300970313398] and parameters: {'k1': 0.008912611835817005, 'D_low': 355.00125258511594, 'k2': 0.032845299795769424, 'D_high': 774.2116473996249, 'fire_exp': 1.7329145403564932, 'P_half': 9.324787201197319, 'pre_dampen_half': 502.5175192217655, 'gpp_af': 16.746194867675783, 'gpp_b': 1.284284091405877e-05, 'gpp_d': 8.057329182285729, 'ign_k': 0.0680787482656459, 'ign_c': 5.13055176058983, 'trop_agb_crit': 24.584290528289387, 'trop_k_veg': 0.6673124511410327}.
[I 2026-08-06 11:29:38,858] Trial 435 finished with values: [10.050976357090425, 10.050976357090425] and parameters: {'k1': 0.06994589881535453, 'D_low': 38.82837025280678, 'k2': 0.03538758864779238, 'D_high': 3712.591045287726, 'fire_exp': 1.3170256885255098, 'P_half': 9.324787201197319, 'pre_dampen_half': 38.00678588560607, 'gpp_af': 0.6403036652671171, 'gpp_b': 0.3682510091559943, 'gpp_d': 5.1715677287580455, 'ign_k': 0.0680787482656459, 'ign_c': 2.414259639010457, 'trop_agb_crit': 24.584290528289387, 'trop_k_veg': 0.6673124511410327}.
[I 2026-08-06 11:29:40,875] Trial 436 finished with values: [10.360536757559201, 10.360536757559201] and parameters: {'k1': 0.011966626407443505, 'D_low': 171.2446447678494, 'k2': 1.1065812688893481e-05, 'D_high': 3198.0208180048303, 'fire_exp': 1.2918065501148304, 'P_half': 4.213183643253957, 'pre_dampen_half': 5.048653998722947, 'gpp_af': 0.6403036652671171, 'gpp_b': 2.176805640408474e-05, 'gpp_d': 84.31013932082456, 'ign_k': 0.11619873314872933, 'ign_c': 8.40543912931368, 'trop_agb_crit': 7.500118950416987, 'trop_k_veg': 0.6673124511410327}.
[I 2026-08-06 11:29:42,908] Trial 437 finished with values: [10.025262142685367, 10.025262142685367] and parameters: {'k1': 0.011966626407443505, 'D_low': 7.46475488144212, 'k2': 1.1065812688893481e-05, 'D_high': 3712.591045287726, 'fire_exp': 1.3170256885255098, 'P_half': 5.076307782729897, 'pre_dampen_half': 63.6685916079943, 'gpp_af': 0.6403036652671171, 'gpp_b': 0.0005739662837359252, 'gpp_d': 2.944272359149677, 'ign_k': 0.12329098365270515, 'ign_c': 8.40543912931368, 'trop_agb_crit': 1.0455434848969813, 'trop_k_veg': 0.6743482387129308}.
[I 2026-08-06 11:29:45,008] Trial 438 finished with values: [10.219347290410289, 10.219347290410289] and parameters: {'k1': 0.008471801418819975, 'D_low': 3.34949636434409, 'k2': 0.003419108473554454, 'D_high': 3712.591045287726, 'fire_exp': 1.0629462657398439, 'P_half': 107.12009151798692, 'pre_dampen_half': 5.048653998722947, 'gpp_af': 0.6403036652671171, 'gpp_b': 0.0005739662837359252, 'gpp_d': 1.493264336549928, 'ign_k': 0.0013492881864712073, 'ign_c': 11.400863701127316, 'trop_agb_crit': 24.584290528289387, 'trop_k_veg': 0.6673124511410327}.
[I 2026-08-06 11:29:47,284] Trial 439 finished with values: [-0.554656965037504, 0.08473070580801922] and parameters: {'k1': 0.008912611835817005, 'D_low': 355.00125258511594, 'k2': 0.03538758864779238, 'D_high': 5670.3463356272905, 'fire_exp': 1.7329145403564932, 'P_half': 9.324787201197319, 'pre_dampen_half': 502.5175192217655, 'gpp_af': 0.6403036652671171, 'gpp_b': 0.0005739662837359252, 'gpp_d': 8.057329182285729, 'ign_k': 5.351470428717437, 'ign_c': 5.13055176058983, 'trop_agb_crit': 10.691477813613638, 'trop_k_veg': 6.423641554321892}.
[I 2026-08-06 11:29:49,377] Trial 440 finished with values: [-0.5599048636646137, 0.048913747930231066] and parameters: {'k1': 0.0029282035181080004, 'D_low': 12.105387404469584, 'k2': 0.03538758864779238, 'D_high': 774.2116473996249, 'fire_exp': 1.3170256885255098, 'P_half': 4.213183643253957, 'pre_dampen_half': 63.6685916079943, 'gpp_af': 0.6403036652671171, 'gpp_b': 0.0005739662837359252, 'gpp_d': 1.493264336549928, 'ign_k': 0.21006485619596416, 'ign_c': 11.400863701127316, 'trop_agb_crit': 7.500118950416987, 'trop_k_veg': 0.6673124511410327}.
[I 2026-08-06 11:29:51,379] Trial 441 finished with values: [11.255299582000172, 11.255299582000172] and parameters: {'k1': 0.01889771394135163, 'D_low': 7.299348683062307, 'k2': 0.0007047307383115598, 'D_high': 15351.441568398131, 'fire_exp': 1.0601964743503993, 'P_half': 4.213183643253957, 'pre_dampen_half': 63.6685916079943, 'gpp_af': 0.25562996323356024, 'gpp_b': 1.284284091405877e-05, 'gpp_d': 16.460426816350523, 'ign_k': 0.0043958167971197126, 'ign_c': 2.414259639010457, 'trop_agb_crit': 24.584290528289387, 'trop_k_veg': 1.0594599158279707}.
[I 2026-08-06 11:29:53,398] Trial 442 finished with values: [10.371251279769519, 10.371251279769519] and parameters: {'k1': 0.008471801418819975, 'D_low': 2.946000090510885, 'k2': 0.0012040762895973265, 'D_high': 42.070539502879384, 'fire_exp': 1.3340920378182823, 'P_half': 175.2878790340412, 'pre_dampen_half': 10.129197956845726, 'gpp_af': 0.10409127568994281, 'gpp_b': 1.3289448722869181e-05, 'gpp_d': 10.369565216756202, 'ign_k': 0.5524095129928631, 'ign_c': 0.70689749506246, 'trop_agb_crit': 10.965064494899984, 'trop_k_veg': 0.83140195149031}.
[I 2026-08-06 11:29:55,400] Trial 443 finished with values: [10.600924365512908, 10.600924365512908] and parameters: {'k1': 0.008912611835817005, 'D_low': 40.12413353131991, 'k2': 0.0005262881356087174, 'D_high': 1236.6924205139144, 'fire_exp': 1.5868092618912009, 'P_half': 1.605843632310088, 'pre_dampen_half': 3.3841016089580034, 'gpp_af': 0.6403036652671171, 'gpp_b': 0.0054502936945582505, 'gpp_d': 229.41380323183625, 'ign_k': 0.09255037589041182, 'ign_c': 11.400863701127316, 'trop_agb_crit': 6.119263728555865, 'trop_k_veg': 0.6673124511410327}.
[I 2026-08-06 11:29:57,737] Trial 444 finished with values: [10.76923076892712, 10.76923076892712] and parameters: {'k1': 0.008912611835817005, 'D_low': 1.54121727098019, 'k2': 0.003419108473554454, 'D_high': 18.064907756357265, 'fire_exp': 1.4665043946307825, 'P_half': 4.213183643253957, 'pre_dampen_half': 502.5175192217655, 'gpp_af': 0.7951170003631387, 'gpp_b': 1.284284091405877e-05, 'gpp_d': 16.460426816350523, 'ign_k': 0.11619873314872933, 'ign_c': 323.47703263192955, 'trop_agb_crit': 24.584290528289387, 'trop_k_veg': 4.030242248006271}.
[I 2026-08-06 11:29:59,803] Trial 445 finished with values: [10.130407603623286, 10.130407603623286] and parameters: {'k1': 0.008471801418819975, 'D_low': 4.484744524732794, 'k2': 1.1065812688893481e-05, 'D_high': 1123.9682517242118, 'fire_exp': 1.1430983876313219, 'P_half': 4.213183643253957, 'pre_dampen_half': 5.048653998722947, 'gpp_af': 0.6403036652671171, 'gpp_b': 1.3289448722869181e-05, 'gpp_d': 1.493264336549928, 'ign_k': 0.11619873314872933, 'ign_c': 0.70689749506246, 'trop_agb_crit': 7.500118950416987, 'trop_k_veg': 1.4584243470991722}.
[I 2026-08-06 11:30:01,835] Trial 446 finished with values: [10.211998466016176, 10.211998466016176] and parameters: {'k1': 2.316457903103837e-05, 'D_low': 1.54121727098019, 'k2': 0.014344484793173472, 'D_high': 1578.0309954142967, 'fire_exp': 1.3170256885255098, 'P_half': 220.3445560633069, 'pre_dampen_half': 502.5175192217655, 'gpp_af': 0.6403036652671171, 'gpp_b': 0.42247700890263645, 'gpp_d': 4.25060659305504, 'ign_k': 0.12329098365270515, 'ign_c': 0.557280750002996, 'trop_agb_crit': 24.584290528289387, 'trop_k_veg': 3.869465953383845}.
[I 2026-08-06 11:30:03,876] Trial 447 finished with values: [10.06113506244627, 10.06113506244627] and parameters: {'k1': 0.007828534228218626, 'D_low': 1.54121727098019, 'k2': 0.03538758864779238, 'D_high': 3712.591045287726, 'fire_exp': 1.1430983876313219, 'P_half': 140.74279366401683, 'pre_dampen_half': 63.6685916079943, 'gpp_af': 0.6403036652671171, 'gpp_b': 1.284284091405877e-05, 'gpp_d': 1.6983565276584263, 'ign_k': 0.21006485619596416, 'ign_c': 21.275785720135406, 'trop_agb_crit': 7.500118950416987, 'trop_k_veg': 3.1473758868965476}.
[I 2026-08-06 11:30:05,860] Trial 448 finished with values: [10.704038569164283, 10.704038569164283] and parameters: {'k1': 0.008471801418819975, 'D_low': 4.484744524732794, 'k2': 0.001462400459012571, 'D_high': 3712.591045287726, 'fire_exp': 1.0629462657398439, 'P_half': 107.12009151798692, 'pre_dampen_half': 331.7366635899375, 'gpp_af': 0.022129266663052607, 'gpp_b': 0.0021331409710300844, 'gpp_d': 16.460426816350523, 'ign_k': 0.038563028138793747, 'ign_c': 30.785541778315018, 'trop_agb_crit': 24.584290528289387, 'trop_k_veg': 1.4584243470991722}.
[I 2026-08-06 11:30:07,856] Trial 449 finished with values: [10.59875537755331, 10.59875537755331] and parameters: {'k1': 0.01549659926581634, 'D_low': 7.299348683062307, 'k2': 1.1065812688893481e-05, 'D_high': 3712.591045287726, 'fire_exp': 1.1263716762638152, 'P_half': 4.213183643253957, 'pre_dampen_half': 63.6685916079943, 'gpp_af': 0.7951170003631387, 'gpp_b': 1.284284091405877e-05, 'gpp_d': 84.31013932082456, 'ign_k': 0.11619873314872933, 'ign_c': 1.9580595319750387, 'trop_agb_crit': 7.500118950416987, 'trop_k_veg': 1.0594599158279707}.
[I 2026-08-06 11:30:09,904] Trial 450 finished with values: [-0.5125597071967679, 0.0938510783905494] and parameters: {'k1': 0.00031134168041628584, 'D_low': 355.00125258511594, 'k2': 0.003419108473554454, 'D_high': 774.2116473996249, 'fire_exp': 1.0629462657398439, 'P_half': 4.213183643253957, 'pre_dampen_half': 38.00678588560607, 'gpp_af': 1.6059727222314273, 'gpp_b': 0.0007280676817361986, 'gpp_d': 5.1715677287580455, 'ign_k': 0.0680787482656459, 'ign_c': 2.414259639010457, 'trop_agb_crit': 6.119263728555865, 'trop_k_veg': 1.7664838950757566}.
[I 2026-08-06 11:30:12,017] Trial 451 finished with values: [10.76923076892712, 10.76923076892712] and parameters: {'k1': 0.007828534228218626, 'D_low': 78.86001704920405, 'k2': 0.0007047307383115598, 'D_high': 3712.591045287726, 'fire_exp': 1.0271184723288342, 'P_half': 4.213183643253957, 'pre_dampen_half': 552.4163637315892, 'gpp_af': 0.6403036652671171, 'gpp_b': 1.3289448722869181e-05, 'gpp_d': 16.460426816350523, 'ign_k': 2.1368329072358767, 'ign_c': 323.47703263192955, 'trop_agb_crit': 10.965064494899984, 'trop_k_veg': 1.0594599158279707}.
[I 2026-08-06 11:30:14,155] Trial 452 finished with values: [-0.5460783118826337, 0.1367006270321124] and parameters: {'k1': 0.01889771394135163, 'D_low': 40.12413353131991, 'k2': 1.915468390724633e-05, 'D_high': 22.281634177046417, 'fire_exp': 1.1263716762638152, 'P_half': 5.076307782729897, 'pre_dampen_half': 502.5175192217655, 'gpp_af': 0.7539992074650279, 'gpp_b': 0.0005392415140872105, 'gpp_d': 16.460426816350523, 'ign_k': 0.0680787482656459, 'ign_c': 15.221840161091626, 'trop_agb_crit': 1.0455434848969813, 'trop_k_veg': 6.842216150864676}.
[I 2026-08-06 11:30:16,284] Trial 453 finished with values: [13.241412249653667, 13.241412249653667] and parameters: {'k1': 0.008471801418819975, 'D_low': 4.484744524732794, 'k2': 0.03538758864779238, 'D_high': 5670.3463356272905, 'fire_exp': 1.0629462657398439, 'P_half': 4.213183643253957, 'pre_dampen_half': 502.5175192217655, 'gpp_af': 1.1300566419249864, 'gpp_b': 0.0005739662837359252, 'gpp_d': 16.460426816350523, 'ign_k': 0.11619873314872933, 'ign_c': 0.1948891005130867, 'trop_agb_crit': 3.799798565960999, 'trop_k_veg': 1.4584243470991722}.
[I 2026-08-06 11:30:18,592] Trial 454 finished with values: [10.254708630987711, 10.254708630987711] and parameters: {'k1': 0.05705198955850472, 'D_low': 38.82837025280678, 'k2': 0.0007047307383115598, 'D_high': 3712.591045287726, 'fire_exp': 1.0601964743503993, 'P_half': 4.213183643253957, 'pre_dampen_half': 38.00678588560607, 'gpp_af': 1.6059727222314273, 'gpp_b': 1.284284091405877e-05, 'gpp_d': 84.31013932082456, 'ign_k': 0.0043958167971197126, 'ign_c': 7.4063809263110905, 'trop_agb_crit': 24.584290528289387, 'trop_k_veg': 1.0594599158279707}.
[I 2026-08-06 11:30:20,665] Trial 455 finished with values: [-0.5219702460313347, 0.02433146703829736] and parameters: {'k1': 0.01889771394135163, 'D_low': 40.12413353131991, 'k2': 0.03538758864779238, 'D_high': 1236.6924205139144, 'fire_exp': 1.1263716762638152, 'P_half': 83.12953263874529, 'pre_dampen_half': 3.3841016089580034, 'gpp_af': 0.6403036652671171, 'gpp_b': 0.0054502936945582505, 'gpp_d': 229.41380323183625, 'ign_k': 5.351470428717437, 'ign_c': 1.9580595319750387, 'trop_agb_crit': 6.119263728555865, 'trop_k_veg': 1.0594599158279707}.
[I 2026-08-06 11:30:22,757] Trial 456 finished with values: [10.212576655090425, 10.212576655090425] and parameters: {'k1': 0.008912611835817005, 'D_low': 171.2446447678494, 'k2': 0.03538758864779238, 'D_high': 5670.3463356272905, 'fire_exp': 1.2918065501148304, 'P_half': 4.213183643253957, 'pre_dampen_half': 10.00236596950633, 'gpp_af': 14.476743839391009, 'gpp_b': 0.0005623095666134974, 'gpp_d': 2.944272359149677, 'ign_k': 0.602459066467295, 'ign_c': 15.221840161091626, 'trop_agb_crit': 25.382873076016292, 'trop_k_veg': 0.6673124511410327}.
[I 2026-08-06 11:30:24,832] Trial 457 finished with values: [10.710733441503905, 10.710733441503905] and parameters: {'k1': 0.05705198955850472, 'D_low': 1.54121727098019, 'k2': 0.03538758864779238, 'D_high': 3712.591045287726, 'fire_exp': 7.2464015659352805, 'P_half': 4.213183643253957, 'pre_dampen_half': 38.00678588560607, 'gpp_af': 1.1300566419249864, 'gpp_b': 0.14577755664212386, 'gpp_d': 79.2966690166476, 'ign_k': 0.0680787482656459, 'ign_c': 7.4063809263110905, 'trop_agb_crit': 7.500118950416987, 'trop_k_veg': 3.1473758868965476}.
[I 2026-08-06 11:30:26,932] Trial 458 finished with values: [-0.529857658341674, 0.03958675311328508] and parameters: {'k1': 0.011966626407443505, 'D_low': 5.59983195169599, 'k2': 0.011715293025123641, 'D_high': 1123.9682517242118, 'fire_exp': 1.1430983876313219, 'P_half': 1.605843632310088, 'pre_dampen_half': 5.048653998722947, 'gpp_af': 0.7539992074650279, 'gpp_b': 0.0021331409710300844, 'gpp_d': 16.460426816350523, 'ign_k': 0.11619873314872933, 'ign_c': 8.40543912931368, 'trop_agb_crit': 14.948114979829949, 'trop_k_veg': 0.6743482387129308}.
[I 2026-08-06 11:30:28,961] Trial 459 finished with values: [10.100585868511056, 10.100585868511056] and parameters: {'k1': 0.004312951023617458, 'D_low': 4.484744524732794, 'k2': 0.03538758864779238, 'D_high': 645.2946500764235, 'fire_exp': 1.1263716762638152, 'P_half': 4.213183643253957, 'pre_dampen_half': 38.00678588560607, 'gpp_af': 0.7539992074650279, 'gpp_b': 0.0001314103502608067, 'gpp_d': 229.41380323183625, 'ign_k': 0.01364908766641695, 'ign_c': 2.8335389417624683, 'trop_agb_crit': 10.691477813613638, 'trop_k_veg': 2.4336356947036335}.
[I 2026-08-06 11:30:31,045] Trial 460 finished with values: [10.410318409312726, 10.410318409312726] and parameters: {'k1': 0.06994589881535453, 'D_low': 1.54121727098019, 'k2': 1.4403740929157842e-05, 'D_high': 3712.591045287726, 'fire_exp': 1.7329145403564932, 'P_half': 140.74279366401683, 'pre_dampen_half': 502.5175192217655, 'gpp_af': 0.7951170003631387, 'gpp_b': 0.0005739662837359252, 'gpp_d': 2.944272359149677, 'ign_k': 0.0013320984762921239, 'ign_c': 11.400863701127316, 'trop_agb_crit': 24.584290528289387, 'trop_k_veg': 0.6743482387129308}.
[I 2026-08-06 11:30:33,082] Trial 461 finished with values: [10.678007306858213, 10.678007306858213] and parameters: {'k1': 0.01889771394135163, 'D_low': 38.82837025280678, 'k2': 0.03538758864779238, 'D_high': 3712.591045287726, 'fire_exp': 1.0601964743503993, 'P_half': 4.213183643253957, 'pre_dampen_half': 38.00678588560607, 'gpp_af': 1.1300566419249864, 'gpp_b': 0.0005392415140872105, 'gpp_d': 16.460426816350523, 'ign_k': 0.0680787482656459, 'ign_c': 7.4063809263110905, 'trop_agb_crit': 7.500118950416987, 'trop_k_veg': 0.6673124511410327}.
[I 2026-08-06 11:30:35,109] Trial 462 finished with values: [10.034051630793474, 10.034051630793474] and parameters: {'k1': 0.06598741607403362, 'D_low': 1.54121727098019, 'k2': 1.1065812688893481e-05, 'D_high': 3712.591045287726, 'fire_exp': 1.2918065501148304, 'P_half': 140.74279366401683, 'pre_dampen_half': 63.6685916079943, 'gpp_af': 0.6403036652671171, 'gpp_b': 2.176805640408474e-05, 'gpp_d': 16.460426816350523, 'ign_k': 0.0023224552232891564, 'ign_c': 8.40543912931368, 'trop_agb_crit': 7.500118950416987, 'trop_k_veg': 2.4336356947036335}.
[I 2026-08-06 11:30:37,294] Trial 463 finished with values: [10.401401064647514, 10.401401064647514] and parameters: {'k1': 0.011966626407443505, 'D_low': 171.2446447678494, 'k2': 1.1065812688893481e-05, 'D_high': 5670.3463356272905, 'fire_exp': 1.2918065501148304, 'P_half': 4.213183643253957, 'pre_dampen_half': 2.5265897869422167, 'gpp_af': 0.6403036652671171, 'gpp_b': 2.176805640408474e-05, 'gpp_d': 2.944272359149677, 'ign_k': 8.708806168038567, 'ign_c': 8.40543912931368, 'trop_agb_crit': 7.500118950416987, 'trop_k_veg': 0.6673124511410327}.
[I 2026-08-06 11:30:39,669] Trial 464 finished with values: [-0.5423467303657425, 0.1087979241509952] and parameters: {'k1': 2.6285770615112825e-05, 'D_low': 355.00125258511594, 'k2': 0.03538758864779238, 'D_high': 3712.591045287726, 'fire_exp': 1.0629462657398439, 'P_half': 4.213183643253957, 'pre_dampen_half': 63.6685916079943, 'gpp_af': 1.1300566419249864, 'gpp_b': 0.0005739662837359252, 'gpp_d': 1.6983565276584263, 'ign_k': 0.0680787482656459, 'ign_c': 11.400863701127316, 'trop_agb_crit': 24.584290528289387, 'trop_k_veg': 0.6673124511410327}.
[I 2026-08-06 11:30:42,005] Trial 465 finished with values: [-0.5468962416390183, 0.12007795431449142] and parameters: {'k1': 0.011966626407443505, 'D_low': 5.59983195169599, 'k2': 1.1065812688893481e-05, 'D_high': 3712.591045287726, 'fire_exp': 1.3170256885255098, 'P_half': 1.605843632310088, 'pre_dampen_half': 63.6685916079943, 'gpp_af': 0.6403036652671171, 'gpp_b': 0.0005739662837359252, 'gpp_d': 2.944272359149677, 'ign_k': 0.12329098365270515, 'ign_c': 8.40543912931368, 'trop_agb_crit': 6.119263728555865, 'trop_k_veg': 0.6743482387129308}.
[I 2026-08-06 11:30:44,312] Trial 466 finished with values: [-0.5631645104346387, 0.08287418625972809] and parameters: {'k1': 0.008912611835817005, 'D_low': 355.00125258511594, 'k2': 0.032845299795769424, 'D_high': 5670.3463356272905, 'fire_exp': 1.3170256885255098, 'P_half': 9.324787201197319, 'pre_dampen_half': 63.6685916079943, 'gpp_af': 0.6403036652671171, 'gpp_b': 0.0005739662837359252, 'gpp_d': 8.057329182285729, 'ign_k': 0.21006485619596416, 'ign_c': 5.13055176058983, 'trop_agb_crit': 10.691477813613638, 'trop_k_veg': 0.5772603928610088}.
[I 2026-08-06 11:30:46,495] Trial 467 finished with values: [10.243922484381429, 10.243922484381429] and parameters: {'k1': 0.01889771394135163, 'D_low': 7.299348683062307, 'k2': 1.1065812688893481e-05, 'D_high': 774.2116473996249, 'fire_exp': 1.0601964743503993, 'P_half': 4.213183643253957, 'pre_dampen_half': 5.048653998722947, 'gpp_af': 1.9706963379095486, 'gpp_b': 2.176805640408474e-05, 'gpp_d': 1.493264336549928, 'ign_k': 0.11619873314872933, 'ign_c': 11.400863701127316, 'trop_agb_crit': 7.500118950416987, 'trop_k_veg': 0.9781855536301391}.
[I 2026-08-06 11:30:48,693] Trial 468 finished with values: [10.875225787559081, 10.875225787559081] and parameters: {'k1': 0.05705198955850472, 'D_low': 38.82837025280678, 'k2': 0.03538758864779238, 'D_high': 3712.591045287726, 'fire_exp': 1.0601964743503993, 'P_half': 4.213183643253957, 'pre_dampen_half': 331.7366635899375, 'gpp_af': 1.9706963379095486, 'gpp_b': 0.012132126638791128, 'gpp_d': 82.84476373292449, 'ign_k': 0.010167079878196114, 'ign_c': 30.785541778315018, 'trop_agb_crit': 18.785197416433792, 'trop_k_veg': 3.1473758868965476}.
[I 2026-08-06 11:30:50,859] Trial 469 finished with values: [-0.5498650031499192, 0.078129236207796] and parameters: {'k1': 0.00031134168041628584, 'D_low': 355.00125258511594, 'k2': 0.003419108473554454, 'D_high': 3712.591045287726, 'fire_exp': 1.3170256885255098, 'P_half': 140.74279366401683, 'pre_dampen_half': 502.5175192217655, 'gpp_af': 1.6059727222314273, 'gpp_b': 0.0021331409710300844, 'gpp_d': 1.6983565276584263, 'ign_k': 0.21006485619596416, 'ign_c': 5.13055176058983, 'trop_agb_crit': 24.584290528289387, 'trop_k_veg': 3.1473758868965476}.
