[I 2026-07-22 18:45:28,326] Trial 524 finished with values: [12.838730897918055, 12.838730897918055] and parameters: {'k1': 9.969469187531805e-05, 'D_low': 864.0717009254879, 'k2': 0.007455766613295631, 'D_high': 160625.60954780428, 'fire_exp': 1.3411849220480432, 'P_half': 9.324787201197319, 'pre_dampen_half': 33.71909132517388, 'gpp_af': 42.29037995744429, 'gpp_b': 1.1698276136056565e-05, 'gpp_d': 599.2644014925409, 'ign_k': 0.5131654955148324, 'ign_c': 0.13670484737132343, 'trop_agb_crit': 10.719494362768906, 'trop_k_veg': 0.5259254914812883, 'fuel_k': 3.6992394681929355, 'fuel_half': 81.87941582538087}.
[I 2026-07-22 18:45:28,766] Trial 525 finished with values: [10.494356904078703, 10.494356904078703] and parameters: {'k1': 0.052334804885400876, 'D_low': 2.9612221068836555, 'k2': 2.1698375693549493e-05, 'D_high': 160625.60954780428, 'fire_exp': 1.7124099831271415, 'P_half': 334.62201030483817, 'pre_dampen_half': 26.373339933815235, 'gpp_af': 0.49740621749684094, 'gpp_b': 0.0054502936945582505, 'gpp_d': 700.6693992445935, 'ign_k': 0.5670346335627292, 'ign_c': 11.40086370112731, 'trop_agb_crit': 15.870971677383487, 'trop_k_veg': 3.024803048559367, 'fuel_k': 5.486054129200971, 'fuel_half': 38.21129441691226}.
[I 2026-07-22 18:45:29,186] Trial 526 finished with values: [10.544180774396967, 10.544180774396967] and parameters: {'k1': 6.068927406889472e-05, 'D_low': 975.3810162817546, 'k2': 0.0038341488164556755, 'D_high': 1026.0852623190942, 'fire_exp': 1.3411849220480432, 'P_half': 7.890004262668578, 'pre_dampen_half': 347.79988160923324, 'gpp_af': 0.0010909739353103314, 'gpp_b': 0.0054502936945582505, 'gpp_d': 17.273230592904202, 'ign_k': 0.7588328899786276, 'ign_c': 0.4392638796750216, 'trop_agb_crit': 12.285102065067687, 'trop_k_veg': 2.417028380770307, 'fuel_k': 0.018207179480706392, 'fuel_half': 2.276766792290519}.
[I 2026-07-22 18:45:29,611] Trial 527 finished with values: [12.146738212418722, 12.146738212418722] and parameters: {'k1': 0.00023352156626184448, 'D_low': 13.25142220631392, 'k2': 0.012413450098922581, 'D_high': 160625.60954780428, 'fire_exp': 1.591671544437082, 'P_half': 38.82837025280678, 'pre_dampen_half': 347.79988160923324, 'gpp_af': 18.235072804314193, 'gpp_b': 0.0005995821881487623, 'gpp_d': 309.13825046274377, 'ign_k': 0.5131654955148324, 'ign_c': 11.40086370112731, 'trop_agb_crit': 9.879645484210656, 'trop_k_veg': 1.7518409078083697, 'fuel_k': 0.0500651901928747, 'fuel_half': 0.5375846873770782}.
[I 2026-07-22 18:45:30,027] Trial 528 finished with values: [10.76923076903347, 10.76923076903347] and parameters: {'k1': 0.0029707920514735983, 'D_low': 4.043300846639722, 'k2': 2.8459703343413838e-05, 'D_high': 160625.60954780428, 'fire_exp': 1.182396148413737, 'P_half': 2.843767489444367, 'pre_dampen_half': 33.97904243111269, 'gpp_af': 0.0025511964576171086, 'gpp_b': 0.0005392415140872105, 'gpp_d': 857.4284557962626, 'ign_k': 0.03141110271934876, 'ign_c': 510.6674528526552, 'trop_agb_crit': 15.870971677383487, 'trop_k_veg': 2.417028380770307, 'fuel_k': 5.486054129200971, 'fuel_half': 18.202647368248815}.
  trial  529/2500  pareto_size=1  best_taylor=0.6571  best_ilamb=0.5875  (3.7 min)
[I 2026-07-22 18:45:30,548] Trial 529 finished with values: [10.240481935928177, 10.240481935928177] and parameters: {'k1': 0.0003199177539819797, 'D_low': 247.75146043208053, 'k2': 1.742085881788942e-05, 'D_high': 708572.1663941594, 'fire_exp': 8.59876394564356, 'P_half': 38.82837025280678, 'pre_dampen_half': 420.2116526335304, 'gpp_af': 18.235072804314193, 'gpp_b': 1.7565109007473816e-05, 'gpp_d': 2.2044650100999164, 'ign_k': 0.5131654955148324, 'ign_c': 0.13229646467088635, 'trop_agb_crit': 9.362115196011851, 'trop_k_veg': 2.417028380770307, 'fuel_k': 0.6452742971240902, 'fuel_half': 0.3335026483569958}.
[I 2026-07-22 18:45:30,983] Trial 530 finished with values: [10.507830694822662, 10.507830694822662] and parameters: {'k1': 0.0058043147174140705, 'D_low': 2.9612221068836555, 'k2': 0.01567230746060024, 'D_high': 2283.4228779494524, 'fire_exp': 1.1258453832483524, 'P_half': 1.7036120617148391, 'pre_dampen_half': 347.79988160923324, 'gpp_af': 0.25562996323356013, 'gpp_b': 0.0054502936945582505, 'gpp_d': 2.2044650100999164, 'ign_k': 0.006290644294586149, 'ign_c': 11.40086370112731, 'trop_agb_crit': 29.789943908227905, 'trop_k_veg': 0.6921865222804094, 'fuel_k': 0.48736180483849406, 'fuel_half': 0.32476735706274484}.
[I 2026-07-22 18:45:31,418] Trial 531 finished with values: [10.113358001762185, 10.113358001762185] and parameters: {'k1': 0.0003199177539819797, 'D_low': 8454.098152188677, 'k2': 0.0002549709775062065, 'D_high': 887331.2884015184, 'fire_exp': 1.3411849220480432, 'P_half': 1.4378290221680121, 'pre_dampen_half': 33.71909132517388, 'gpp_af': 42.29037995744429, 'gpp_b': 1.1698276136056565e-05, 'gpp_d': 0.032144312552187276, 'ign_k': 0.5131654955148324, 'ign_c': 3.0378658251922155, 'trop_agb_crit': 10.719494362768906, 'trop_k_veg': 2.3408809609838257, 'fuel_k': 0.0500651901928747, 'fuel_half': 81.87941582538087}.
[I 2026-07-22 18:45:31,840] Trial 532 finished with values: [-0.41109167321402346, 0.4594945595959077] and parameters: {'k1': 0.002971796631657383, 'D_low': 163.4864778201543, 'k2': 0.0007081721844034209, 'D_high': 708572.1663941594, 'fire_exp': 1.3175349115759807, 'P_half': 2.458603276328005, 'pre_dampen_half': 36.876350096202984, 'gpp_af': 29.925002022877816, 'gpp_b': 0.0054502936945582505, 'gpp_d': 4.576857873108685, 'ign_k': 0.0026834162496848666, 'ign_c': 14.074279366401672, 'trop_agb_crit': 6.1198430581046965, 'trop_k_veg': 0.9793402026070162, 'fuel_k': 0.05597555634027867, 'fuel_half': 38.21129441691226}.
[I 2026-07-22 18:45:32,259] Trial 533 finished with values: [10.66788840187198, 10.66788840187198] and parameters: {'k1': 0.011966626407443505, 'D_low': 1.7887890916820506, 'k2': 0.0007081721844034209, 'D_high': 8226.792720717496, 'fire_exp': 1.2943117749495199, 'P_half': 7.890004262668578, 'pre_dampen_half': 0.4016986062226068, 'gpp_af': 36.46000535317359, 'gpp_b': 1.7565109007473816e-05, 'gpp_d': 6.378078463802852, 'ign_k': 3.284529979576942, 'ign_c': 6.1609752947414345, 'trop_agb_crit': 9.362115196011851, 'trop_k_veg': 0.8966698264662736, 'fuel_k': 0.05168495502319155, 'fuel_half': 7.259866824755671}.
[I 2026-07-22 18:45:32,685] Trial 534 finished with values: [10.17504296132899, 10.17504296132899] and parameters: {'k1': 0.0003199177539819797, 'D_low': 13.25142220631392, 'k2': 7.67074891445376e-05, 'D_high': 580966.5602369158, 'fire_exp': 1.4439251473259103, 'P_half': 38.82837025280678, 'pre_dampen_half': 0.2656834547134191, 'gpp_af': 8.769726637617675, 'gpp_b': 1.1698276136056565e-05, 'gpp_d': 2.2044650100999164, 'ign_k': 0.5131654955148324, 'ign_c': 6.1609752947414345, 'trop_agb_crit': 2.419699259862185, 'trop_k_veg': 1.7518409078083697, 'fuel_k': 0.0500651901928747, 'fuel_half': 38.21129441691226}.
[I 2026-07-22 18:45:33,112] Trial 535 finished with values: [-0.5254542396815228, 0.2283536363575669] and parameters: {'k1': 9.969469187531805e-05, 'D_low': 864.0717009254879, 'k2': 0.0007081721844034209, 'D_high': 316055.11434645456, 'fire_exp': 1.3411849220480432, 'P_half': 7.890004262668578, 'pre_dampen_half': 0.46504594134732663, 'gpp_af': 0.015350904103515228, 'gpp_b': 1.1698276136056565e-05, 'gpp_d': 0.34391397565278453, 'ign_k': 3.284529979576942, 'ign_c': 6.1609752947414345, 'trop_agb_crit': 1.5774541406529003, 'trop_k_veg': 2.417028380770307, 'fuel_k': 0.08612665817296865, 'fuel_half': 81.87941582538087}.
[I 2026-07-22 18:45:33,540] Trial 536 finished with values: [11.323801821103446, 11.323801821103446] and parameters: {'k1': 0.0029282035181080004, 'D_low': 126.11058927054879, 'k2': 0.0007081721844034209, 'D_high': 316055.11434645456, 'fire_exp': 1.7124099831271415, 'P_half': 7.890004262668578, 'pre_dampen_half': 6.881834772031151, 'gpp_af': 0.25562996323356013, 'gpp_b': 3.228689523591491e-05, 'gpp_d': 700.6693992445935, 'ign_k': 3.284529979576942, 'ign_c': 11.40086370112731, 'trop_agb_crit': 1.5774541406529003, 'trop_k_veg': 0.6921865222804094, 'fuel_k': 0.48736180483849406, 'fuel_half': 0.32476735706274484}.
[I 2026-07-22 18:45:33,974] Trial 537 finished with values: [-0.6955515151245902, 0.17284849794685397] and parameters: {'k1': 9.969469187531805e-05, 'D_low': 864.0717009254879, 'k2': 0.0009562822793888481, 'D_high': 1681956.433827372, 'fire_exp': 3.313658135010505, 'P_half': 7.890004262668578, 'pre_dampen_half': 26.373339933815235, 'gpp_af': 0.49740621749684094, 'gpp_b': 0.002407352334224724, 'gpp_d': 3.0023172465753087, 'ign_k': 0.5670346335627292, 'ign_c': 8.405439129313676, 'trop_agb_crit': 15.35205868174982, 'trop_k_veg': 0.5415365826598848, 'fuel_k': 1.2528108647479208, 'fuel_half': 0.3625056554880307}.
[I 2026-07-22 18:45:34,411] Trial 538 finished with values: [10.71359638910074, 10.71359638910074] and parameters: {'k1': 0.00016480446427978953, 'D_low': 1407.7923139972395, 'k2': 0.0038341488164556755, 'D_high': 1026.0852623190942, 'fire_exp': 3.4606786740074256, 'P_half': 38.82837025280678, 'pre_dampen_half': 347.79988160923324, 'gpp_af': 0.005618069878716736, 'gpp_b': 0.0054502936945582505, 'gpp_d': 2.8006820077310226, 'ign_k': 0.7588328899786276, 'ign_c': 0.4392638796750216, 'trop_agb_crit': 12.285102065067687, 'trop_k_veg': 1.0049538030148353, 'fuel_k': 0.48736180483849406, 'fuel_half': 2.276766792290519}.
[I 2026-07-22 18:45:34,850] Trial 539 finished with values: [10.762181956273116, 10.762181956273116] and parameters: {'k1': 0.00016480446427978953, 'D_low': 73.7642948170377, 'k2': 0.0009562822793888481, 'D_high': 107013.64911724928, 'fire_exp': 3.313658135010505, 'P_half': 1535.1441568398143, 'pre_dampen_half': 347.79988160923324, 'gpp_af': 0.49740621749684094, 'gpp_b': 0.002407352334224724, 'gpp_d': 3.0023172465753087, 'ign_k': 0.006290644294586149, 'ign_c': 4.1108484350212295, 'trop_agb_crit': 1.5774541406529003, 'trop_k_veg': 2.7157207393584746, 'fuel_k': 0.48736180483849406, 'fuel_half': 38.21129441691226}.
[I 2026-07-22 18:45:35,288] Trial 540 finished with values: [10.15640498617742, 10.15640498617742] and parameters: {'k1': 0.011966626407443505, 'D_low': 13.25142220631392, 'k2': 0.007321544340709294, 'D_high': 316055.11434645456, 'fire_exp': 1.2242398136753672, 'P_half': 12.316746498627493, 'pre_dampen_half': 3.9885726374014694, 'gpp_af': 0.06789053271698488, 'gpp_b': 0.0005392415140872105, 'gpp_d': 9.00460602264307, 'ign_k': 0.0013726318898045872, 'ign_c': 4.1108484350212295, 'trop_agb_crit': 6.119263728555865, 'trop_k_veg': 2.417028380770307, 'fuel_k': 0.08612665817296865, 'fuel_half': 0.33988503110784557}.
[I 2026-07-22 18:45:35,714] Trial 541 finished with values: [-0.4691077592918898, 0.34165692812323] and parameters: {'k1': 0.00045102062878998736, 'D_low': 126.11058927054879, 'k2': 0.0009562822793888481, 'D_high': 708572.1663941594, 'fire_exp': 3.313658135010505, 'P_half': 4.020051040432125, 'pre_dampen_half': 3.9885726374014694, 'gpp_af': 18.235072804314193, 'gpp_b': 0.002407352334224724, 'gpp_d': 3.0023172465753087, 'ign_k': 0.5670346335627292, 'ign_c': 4.1108484350212295, 'trop_agb_crit': 6.119263728555865, 'trop_k_veg': 2.417028380770307, 'fuel_k': 1.2528108647479208, 'fuel_half': 0.3625056554880307}.
[I 2026-07-22 18:45:36,138] Trial 542 finished with values: [-0.3055173270179667, 0.42577011700289236] and parameters: {'k1': 3.072871314966638e-05, 'D_low': 91.66403471455098, 'k2': 2.1698375693549493e-05, 'D_high': 708572.1663941594, 'fire_exp': 1.4575512062152998, 'P_half': 5.575453980775371, 'pre_dampen_half': 26.373339933815235, 'gpp_af': 29.925002022877816, 'gpp_b': 0.0005392415140872105, 'gpp_d': 6.378078463802852, 'ign_k': 0.0022267996908938684, 'ign_c': 6.1609752947414345, 'trop_agb_crit': 15.870971677383487, 'trop_k_veg': 1.7518409078083697, 'fuel_k': 0.7156083490235493, 'fuel_half': 38.21129441691226}.
[I 2026-07-22 18:45:36,559] Trial 543 finished with values: [10.273312559916874, 10.273312559916874] and parameters: {'k1': 0.003198020818004832, 'D_low': 1.7887890916820506, 'k2': 5.30392529099666e-05, 'D_high': 316055.11434645456, 'fire_exp': 1.1258453832483524, 'P_half': 1.7036120617148391, 'pre_dampen_half': 420.2116526335304, 'gpp_af': 0.0023751383317256927, 'gpp_b': 0.0054502936945582505, 'gpp_d': 2.2044650100999164, 'ign_k': 0.5670346335627292, 'ign_c': 6.1609752947414345, 'trop_agb_crit': 29.789943908227905, 'trop_k_veg': 1.7518409078083697, 'fuel_k': 0.01814068034742312, 'fuel_half': 7.259866824755671}.
[I 2026-07-22 18:45:36,988] Trial 544 finished with values: [-0.6535793851024805, 0.2734783896594738] and parameters: {'k1': 0.011966626407443505, 'D_low': 1.7887890916820506, 'k2': 0.001566517163094646, 'D_high': 316055.11434645456, 'fire_exp': 1.2242398136753672, 'P_half': 7.890004262668578, 'pre_dampen_half': 0.4016986062226068, 'gpp_af': 0.06789053271698488, 'gpp_b': 1.7565109007473816e-05, 'gpp_d': 9.00460602264307, 'ign_k': 3.284529979576942, 'ign_c': 11.40086370112731, 'trop_agb_crit': 9.362115196011851, 'trop_k_veg': 7.26254292602904, 'fuel_k': 0.08612665817296865, 'fuel_half': 0.3335026483569958}.
[I 2026-07-22 18:45:37,408] Trial 545 finished with values: [10.76923076903347, 10.76923076903347] and parameters: {'k1': 0.0029282035181080004, 'D_low': 126.11058927054879, 'k2': 0.0007081721844034209, 'D_high': 316055.11434645456, 'fire_exp': 1.1258453832483524, 'P_half': 7.890004262668578, 'pre_dampen_half': 6.881834772031151, 'gpp_af': 0.25562996323356013, 'gpp_b': 0.0054502936945582505, 'gpp_d': 0.015253065480601964, 'ign_k': 3.210808548911192, 'ign_c': 53.023869254073034, 'trop_agb_crit': 20.205002815711154, 'trop_k_veg': 0.6921865222804094, 'fuel_k': 0.48736180483849406, 'fuel_half': 0.35019911407938}.
[I 2026-07-22 18:45:37,847] Trial 546 finished with values: [10.539380324169683, 10.539380324169683] and parameters: {'k1': 0.052334804885400876, 'D_low': 4.043300846639722, 'k2': 2.1698375693549493e-05, 'D_high': 160625.60954780428, 'fire_exp': 1.7124099831271415, 'P_half': 1938.3858782150498, 'pre_dampen_half': 33.97904243111269, 'gpp_af': 0.0025511964576171086, 'gpp_b': 0.0005392415140872105, 'gpp_d': 700.6693992445935, 'ign_k': 0.009861808369679786, 'ign_c': 3.0378658251922155, 'trop_agb_crit': 15.870971677383487, 'trop_k_veg': 6.911478238001162, 'fuel_k': 5.486054129200971, 'fuel_half': 18.202647368248815}.
[I 2026-07-22 18:45:38,277] Trial 547 finished with values: [-0.20271335939389928, 0.18326704789918502] and parameters: {'k1': 0.0029282035181080004, 'D_low': 126.11058927054879, 'k2': 0.0001971137615017176, 'D_high': 160625.60954780428, 'fire_exp': 1.1258453832483524, 'P_half': 1535.1441568398143, 'pre_dampen_half': 347.79988160923324, 'gpp_af': 0.4224904711663322, 'gpp_b': 0.0005392415140872105, 'gpp_d': 302.3127748796295, 'ign_k': 0.006290644294586149, 'ign_c': 11.40086370112731, 'trop_agb_crit': 2.171140223187998, 'trop_k_veg': 0.6921865222804094, 'fuel_k': 0.48736180483849406, 'fuel_half': 38.21129441691226}.
[I 2026-07-22 18:45:38,718] Trial 548 finished with values: [10.769093238957913, 10.769093238957913] and parameters: {'k1': 0.0003199177539819797, 'D_low': 4.043300846639722, 'k2': 2.1698375693549493e-05, 'D_high': 2283.4228779494524, 'fire_exp': 5.117363435868793, 'P_half': 540.9803697908727, 'pre_dampen_half': 0.4016986062226068, 'gpp_af': 0.3259758793317361, 'gpp_b': 0.0054502936945582505, 'gpp_d': 2.2044650100999164, 'ign_k': 3.284529979576942, 'ign_c': 11.40086370112731, 'trop_agb_crit': 20.205002815711154, 'trop_k_veg': 2.417028380770307, 'fuel_k': 0.48736180483849406, 'fuel_half': 0.3335026483569958}.
[I 2026-07-22 18:45:39,139] Trial 549 finished with values: [-0.35169033852476544, 0.18260492589948607] and parameters: {'k1': 0.0058043147174140705, 'D_low': 13.25142220631392, 'k2': 0.01567230746060024, 'D_high': 25240.47745792575, 'fire_exp': 1.1258453832483524, 'P_half': 1.7036120617148391, 'pre_dampen_half': 420.2116526335304, 'gpp_af': 0.003422824370263182, 'gpp_b': 0.0054502936945582505, 'gpp_d': 2.2044650100999164, 'ign_k': 0.03141110271934876, 'ign_c': 4.1108484350212295, 'trop_agb_crit': 2.171140223187998, 'trop_k_veg': 2.410360404052941, 'fuel_k': 0.0500651901928747, 'fuel_half': 49.16400722913764}.
[I 2026-07-22 18:45:39,565] Trial 550 finished with values: [10.431426955866998, 10.431426955866998] and parameters: {'k1': 0.052334804885400876, 'D_low': 4.043300846639722, 'k2': 2.1698375693549493e-05, 'D_high': 1693415.5410667954, 'fire_exp': 1.7124099831271415, 'P_half': 1938.3858782150498, 'pre_dampen_half': 26.373339933815235, 'gpp_af': 0.0025511964576171086, 'gpp_b': 0.0005392415140872105, 'gpp_d': 700.6693992445935, 'ign_k': 0.009861808369679786, 'ign_c': 3.0378658251922155, 'trop_agb_crit': 15.870971677383487, 'trop_k_veg': 1.6340262437673856, 'fuel_k': 1.8731335591844647, 'fuel_half': 0.5884212538415389}.
[I 2026-07-22 18:45:39,988] Trial 551 finished with values: [12.012713238013276, 12.012713238013276] and parameters: {'k1': 9.969469187531805e-05, 'D_low': 864.0717009254879, 'k2': 7.67074891445376e-05, 'D_high': 8433503.858791472, 'fire_exp': 1.4439251473259103, 'P_half': 1.4378290221680121, 'pre_dampen_half': 33.71909132517388, 'gpp_af': 8.769726637617675, 'gpp_b': 0.00012118589392553819, 'gpp_d': 6.91394869865762, 'ign_k': 7.107346698112276, 'ign_c': 0.13670484737132343, 'trop_agb_crit': 10.719494362768906, 'trop_k_veg': 1.140286245977296, 'fuel_k': 0.08612665817296865, 'fuel_half': 81.87941582538087}.
[I 2026-07-22 18:45:40,412] Trial 552 finished with values: [-0.6060090590099025, 0.26361621540126656] and parameters: {'k1': 0.0003199177539819797, 'D_low': 13.25142220631392, 'k2': 0.001566517163094646, 'D_high': 887331.2884015184, 'fire_exp': 1.3411849220480432, 'P_half': 7.890004262668578, 'pre_dampen_half': 0.4016986062226068, 'gpp_af': 0.015350904103515228, 'gpp_b': 1.7565109007473816e-05, 'gpp_d': 9.00460602264307, 'ign_k': 3.284529979576942, 'ign_c': 3.0378658251922155, 'trop_agb_crit': 9.362115196011851, 'trop_k_veg': 7.26254292602904, 'fuel_k': 0.08612665817296865, 'fuel_half': 0.3335026483569958}.
[I 2026-07-22 18:45:40,837] Trial 553 finished with values: [10.193998893151555, 10.193998893151555] and parameters: {'k1': 9.969469187531805e-05, 'D_low': 796.6615929194281, 'k2': 7.67074891445376e-05, 'D_high': 160625.60954780428, 'fire_exp': 6.397238610685558, 'P_half': 13.019246714361572, 'pre_dampen_half': 347.79988160923324, 'gpp_af': 18.235072804314193, 'gpp_b': 0.0005995821881487623, 'gpp_d': 6.91394869865762, 'ign_k': 4.59148521674054, 'ign_c': 11.40086370112731, 'trop_agb_crit': 6.49757528676979, 'trop_k_veg': 1.140286245977296, 'fuel_k': 3.6992394681929355, 'fuel_half': 18.202647368248815}.
[I 2026-07-22 18:45:41,272] Trial 554 finished with values: [10.99343923526973, 10.99343923526973] and parameters: {'k1': 1.4915922954285195e-05, 'D_low': 13.25142220631392, 'k2': 2.8459703343413838e-05, 'D_high': 316055.11434645456, 'fire_exp': 1.2242398136753672, 'P_half': 2.843767489444367, 'pre_dampen_half': 347.79988160923324, 'gpp_af': 0.49740621749684094, 'gpp_b': 0.0005392415140872105, 'gpp_d': 700.6693992445935, 'ign_k': 0.0013726318898045872, 'ign_c': 11.40086370112731, 'trop_agb_crit': 20.205002815711154, 'trop_k_veg': 3.028464701337094, 'fuel_k': 0.48736180483849406, 'fuel_half': 38.21129441691226}.
[I 2026-07-22 18:45:41,698] Trial 555 finished with values: [-0.5755298565262884, 0.2179500254406146] and parameters: {'k1': 0.011966626407443505, 'D_low': 1.7887890916820506, 'k2': 0.0007081721844034209, 'D_high': 316055.11434645456, 'fire_exp': 1.7124099831271415, 'P_half': 7.890004262668578, 'pre_dampen_half': 0.4016986062226068, 'gpp_af': 0.06789053271698488, 'gpp_b': 3.228689523591491e-05, 'gpp_d': 302.3127748796295, 'ign_k': 3.284529979576942, 'ign_c': 6.1609752947414345, 'trop_agb_crit': 15.870971677383487, 'trop_k_veg': 1.140286245977296, 'fuel_k': 0.08612665817296865, 'fuel_half': 7.259866824755671}.
[I 2026-07-22 18:45:42,126] Trial 556 finished with values: [-0.39115081443783367, 0.3666729653151697] and parameters: {'k1': 0.003242143344038315, 'D_low': 102.19595065529477, 'k2': 0.001566517163094646, 'D_high': 580966.5602369158, 'fire_exp': 1.4439251473259103, 'P_half': 234.09994646132157, 'pre_dampen_half': 294.75617712568373, 'gpp_af': 8.769726637617675, 'gpp_b': 1.7565109007473816e-05, 'gpp_d': 12.151631524283598, 'ign_k': 0.009861808369679786, 'ign_c': 6.1609752947414345, 'trop_agb_crit': 2.419699259862185, 'trop_k_veg': 2.417028380770307, 'fuel_k': 0.08612665817296865, 'fuel_half': 0.3335026483569958}.
[I 2026-07-22 18:45:42,544] Trial 557 finished with values: [10.14608209151533, 10.14608209151533] and parameters: {'k1': 9.969469187531805e-05, 'D_low': 1.7887890916820506, 'k2': 2.1698375693549493e-05, 'D_high': 580966.5602369158, 'fire_exp': 1.1258453832483524, 'P_half': 234.09994646132157, 'pre_dampen_half': 0.4016986062226068, 'gpp_af': 8.769726637617675, 'gpp_b': 1.7565109007473816e-05, 'gpp_d': 6.378078463802852, 'ign_k': 3.284529979576942, 'ign_c': 6.1609752947414345, 'trop_agb_crit': 20.205002815711154, 'trop_k_veg': 1.140286245977296, 'fuel_k': 0.08612665817296865, 'fuel_half': 38.21129441691226}.
[I 2026-07-22 18:45:42,967] Trial 558 finished with values: [-0.45826011781350035, 0.5169443518150475] and parameters: {'k1': 0.052334804885400876, 'D_low': 91.66403471455098, 'k2': 0.0009562822793888481, 'D_high': 107013.64911724928, 'fire_exp': 1.4575512062152998, 'P_half': 5.575453980775371, 'pre_dampen_half': 3.9885726374014694, 'gpp_af': 18.235072804314193, 'gpp_b': 3.228689523591491e-05, 'gpp_d': 3.0023172465753087, 'ign_k': 0.5670346335627292, 'ign_c': 4.1108484350212295, 'trop_agb_crit': 1.5774541406529003, 'trop_k_veg': 0.5415365826598848, 'fuel_k': 0.7156083490235493, 'fuel_half': 0.3625056554880307}.
