[I 2026-08-06 02:56:09,847] Trial 962 finished with values: [10.300700001223413, 10.300700001223413] and parameters: {'k1': 0.00324789183891923, 'D_low': 29.89885508829526, 'k2': 0.002935672965826306, 'D_high': 2969.087094484682, 'fire_exp': 1.0881360604103363, 'P_half': 215.55950571043874, 'pre_dampen_half': 107.40052367919465, 'gpp_af': 5.620854611217178, 'gpp_b': 0.011750724729953272, 'gpp_d': 0.6380717024176037, 'ign_k': 0.6454459531371669, 'ign_c': 6.160975294741436}.
[I 2026-08-06 02:56:11,167] Trial 963 finished with values: [-0.48261271748912116, 0.18578779353255792] and parameters: {'k1': 0.00324789183891923, 'D_low': 2.5449737887285035, 'k2': 0.0022957398214549472, 'D_high': 7744.80118512745, 'fire_exp': 1.0881360604103363, 'P_half': 215.55950571043874, 'pre_dampen_half': 107.40052367919465, 'gpp_af': 5.620854611217178, 'gpp_b': 0.011750724729953272, 'gpp_d': 4.5768578731086835, 'ign_k': 0.03033111747878116, 'ign_c': 10.140635645866492}.
[I 2026-08-06 02:56:12,522] Trial 964 finished with values: [10.467516114800013, 10.467516114800013] and parameters: {'k1': 0.00324789183891923, 'D_low': 2.1234210963705626, 'k2': 7.361379380357782e-05, 'D_high': 8182.111518618414, 'fire_exp': 2.7070599790201504, 'P_half': 10.226988730324324, 'pre_dampen_half': 107.40052367919465, 'gpp_af': 20.12115544906385, 'gpp_b': 1.1008110571039521e-05, 'gpp_d': 0.3623102873208143, 'ign_k': 0.6454459531371669, 'ign_c': 10.581992548039135}.
[I 2026-08-06 02:56:13,853] Trial 965 finished with values: [-0.4861483149431436, 0.15719163065064956] and parameters: {'k1': 0.00324789183891923, 'D_low': 57.285769939950555, 'k2': 0.002935672965826306, 'D_high': 7744.80118512745, 'fire_exp': 1.275453659678475, 'P_half': 215.55950571043874, 'pre_dampen_half': 107.40052367919465, 'gpp_af': 5.620854611217178, 'gpp_b': 0.011750724729953272, 'gpp_d': 368.30088529547436, 'ign_k': 0.0486276976221284, 'ign_c': 8.671454322584175}.
[I 2026-08-06 02:56:15,204] Trial 966 finished with values: [10.024648123068895, 10.024648123068895] and parameters: {'k1': 0.00324789183891923, 'D_low': 2.458603276328005, 'k2': 0.003658518527736814, 'D_high': 9769.756791866093, 'fire_exp': 1.151006986743773, 'P_half': 2.157758652553991, 'pre_dampen_half': 107.40052367919465, 'gpp_af': 0.012027930570908296, 'gpp_b': 0.00031478066835753096, 'gpp_d': 8.144272585223819, 'ign_k': 0.02456326518827606, 'ign_c': 30.08512495286993}.
[I 2026-08-06 02:56:16,833] Trial 967 finished with values: [10.25668515994109, 10.25668515994109] and parameters: {'k1': 0.00324789183891923, 'D_low': 4.075267974954964, 'k2': 0.002935672965826306, 'D_high': 7744.80118512745, 'fire_exp': 1.0881360604103363, 'P_half': 215.55950571043874, 'pre_dampen_half': 304.7488318185732, 'gpp_af': 5.620854611217178, 'gpp_b': 0.07965381010765311, 'gpp_d': 2.893272120738162, 'ign_k': 0.004056013693183174, 'ign_c': 10.140635645866492}.
[I 2026-08-06 02:56:18,146] Trial 968 finished with values: [-0.5053785739881146, 0.1278824320986135] and parameters: {'k1': 0.00324789183891923, 'D_low': 29.89885508829526, 'k2': 0.0022957398214549472, 'D_high': 2969.087094484682, 'fire_exp': 1.0881360604103363, 'P_half': 215.55950571043874, 'pre_dampen_half': 107.40052367919465, 'gpp_af': 5.620854611217178, 'gpp_b': 0.008226792720717493, 'gpp_d': 29.83701993880331, 'ign_k': 0.6454459531371669, 'ign_c': 10.140635645866492}.
[I 2026-08-06 02:56:19,484] Trial 969 finished with values: [10.767004525248524, 10.767004525248524] and parameters: {'k1': 1.759537424265476e-05, 'D_low': 29.89885508829526, 'k2': 7.361379380357782e-05, 'D_high': 12775.77960461496, 'fire_exp': 6.036171716731253, 'P_half': 10.226988730324324, 'pre_dampen_half': 107.40052367919465, 'gpp_af': 0.19906830511569304, 'gpp_b': 0.00012797528816608022, 'gpp_d': 3.57879245350232, 'ign_k': 0.6454459531371669, 'ign_c': 10.140635645866492}.
[I 2026-08-06 02:56:20,820] Trial 970 finished with values: [10.687148155985088, 10.687148155985088] and parameters: {'k1': 0.00324789183891923, 'D_low': 1.7086581483996572, 'k2': 0.002935672965826306, 'D_high': 8182.111518618414, 'fire_exp': 1.0881360604103363, 'P_half': 9538.174612713206, 'pre_dampen_half': 107.40052367919465, 'gpp_af': 0.8942824595236101, 'gpp_b': 0.00031478066835753096, 'gpp_d': 368.30088529547436, 'ign_k': 0.014879588507790004, 'ign_c': 9.34330265731847}.
[I 2026-08-06 02:56:22,107] Trial 971 finished with values: [10.620647994853268, 10.620647994853268] and parameters: {'k1': 0.00324789183891923, 'D_low': 2.1234210963705626, 'k2': 1.702637694606324e-05, 'D_high': 8182.111518618414, 'fire_exp': 1.0881360604103363, 'P_half': 10.226988730324324, 'pre_dampen_half': 107.40052367919465, 'gpp_af': 2.9865936975455876, 'gpp_b': 0.00012797528816608022, 'gpp_d': 3.57879245350232, 'ign_k': 0.6454459531371669, 'ign_c': 8.671454322584175}.
[I 2026-08-06 02:56:23,422] Trial 972 finished with values: [10.769230769045793, 10.769230769045793] and parameters: {'k1': 0.00324789183891923, 'D_low': 29.89885508829526, 'k2': 0.002935672965826306, 'D_high': 2969.087094484682, 'fire_exp': 1.0881360604103363, 'P_half': 215.55950571043874, 'pre_dampen_half': 805.2502904451399, 'gpp_af': 5.620854611217178, 'gpp_b': 0.011750724729953272, 'gpp_d': 4.5768578731086835, 'ign_k': 0.6454459531371669, 'ign_c': 860.4303107293014}.
[I 2026-08-06 02:56:24,754] Trial 973 finished with values: [-0.4597913512400356, 0.14057942950826152] and parameters: {'k1': 0.04897760278488444, 'D_low': 9.051497105326684, 'k2': 3.5917714215176105e-05, 'D_high': 10316.033434719713, 'fire_exp': 1.0881360604103363, 'P_half': 147.09699119495133, 'pre_dampen_half': 304.7488318185732, 'gpp_af': 0.8942824595236101, 'gpp_b': 0.011750724729953272, 'gpp_d': 5.878566318396007, 'ign_k': 0.0486276976221284, 'ign_c': 6.160975294741436}.
[I 2026-08-06 02:56:26,085] Trial 974 finished with values: [10.256619127179562, 10.256619127179562] and parameters: {'k1': 0.01889771394135163, 'D_low': 4.075267974954964, 'k2': 3.706785664265659e-05, 'D_high': 6455.595882939566, 'fire_exp': 1.0881360604103363, 'P_half': 147.09699119495133, 'pre_dampen_half': 107.40052367919465, 'gpp_af': 1.3725472882585024, 'gpp_b': 0.00044548820847973626, 'gpp_d': 26.07917317941345, 'ign_k': 0.6454459531371669, 'ign_c': 6.160975294741436}.
[I 2026-08-06 02:56:27,381] Trial 975 finished with values: [10.728883610650524, 10.728883610650524] and parameters: {'k1': 0.00324789183891923, 'D_low': 4.075267974954964, 'k2': 0.002935672965826306, 'D_high': 30.58720245657159, 'fire_exp': 1.0881360604103363, 'P_half': 215.55950571043874, 'pre_dampen_half': 107.40052367919465, 'gpp_af': 5.620854611217178, 'gpp_b': 0.011750724729953272, 'gpp_d': 0.6380717024176037, 'ign_k': 0.03033111747878116, 'ign_c': 10.140635645866492}.
[I 2026-08-06 02:56:28,683] Trial 976 finished with values: [10.439175524843613, 10.439175524843613] and parameters: {'k1': 0.00324789183891923, 'D_low': 4.075267974954964, 'k2': 0.0007081721844034209, 'D_high': 163.3430235367738, 'fire_exp': 1.0881360604103363, 'P_half': 12.808863354047988, 'pre_dampen_half': 107.40052367919465, 'gpp_af': 5.620854611217178, 'gpp_b': 0.00031478066835753096, 'gpp_d': 4.5768578731086835, 'ign_k': 0.014879588507790004, 'ign_c': 6.160975294741436}.
[I 2026-08-06 02:56:30,025] Trial 977 finished with values: [-0.47739892656906724, 0.08557153876185508] and parameters: {'k1': 0.00324789183891923, 'D_low': 29.89885508829526, 'k2': 0.0022957398214549472, 'D_high': 8182.111518618414, 'fire_exp': 1.0881360604103363, 'P_half': 215.55950571043874, 'pre_dampen_half': 304.7488318185732, 'gpp_af': 0.010590622233713298, 'gpp_b': 0.00031478066835753096, 'gpp_d': 368.30088529547436, 'ign_k': 0.03033111747878116, 'ign_c': 8.671454322584175}.
[I 2026-08-06 02:56:31,329] Trial 978 finished with values: [10.769230769045793, 10.769230769045793] and parameters: {'k1': 0.00324789183891923, 'D_low': 29.89885508829526, 'k2': 0.002935672965826306, 'D_high': 2969.087094484682, 'fire_exp': 1.0881360604103363, 'P_half': 215.55950571043874, 'pre_dampen_half': 0.03200582711952312, 'gpp_af': 0.18148402127631746, 'gpp_b': 0.0037084949295141927, 'gpp_d': 4.5768578731086835, 'ign_k': 0.6454459531371669, 'ign_c': 74.19780584302272}.
[I 2026-08-06 02:56:32,629] Trial 979 finished with values: [10.000811856521722, 10.000811856521722] and parameters: {'k1': 7.841214856323651e-05, 'D_low': 587.0098202978041, 'k2': 0.0007081721844034209, 'D_high': 8182.111518618414, 'fire_exp': 1.151006986743773, 'P_half': 215.55950571043874, 'pre_dampen_half': 107.40052367919465, 'gpp_af': 11.234842109991876, 'gpp_b': 0.024796579879439486, 'gpp_d': 368.30088529547436, 'ign_k': 0.11101191524846071, 'ign_c': 8.671454322584175}.
[I 2026-08-06 02:56:33,967] Trial 980 finished with values: [-0.4922730320898269, 0.11652960664613776] and parameters: {'k1': 0.00324789183891923, 'D_low': 29.89885508829526, 'k2': 0.0022957398214549472, 'D_high': 2969.087094484682, 'fire_exp': 1.0881360604103363, 'P_half': 215.55950571043874, 'pre_dampen_half': 304.7488318185732, 'gpp_af': 1.3725472882585024, 'gpp_b': 0.008226792720717493, 'gpp_d': 4.5768578731086835, 'ign_k': 0.6454459531371669, 'ign_c': 0.1457050032975653}.
[I 2026-08-06 02:56:35,275] Trial 981 finished with values: [10.867621669249166, 10.867621669249166] and parameters: {'k1': 0.04897760278488444, 'D_low': 29.89885508829526, 'k2': 0.0022957398214549472, 'D_high': 12775.77960461496, 'fire_exp': 1.0881360604103363, 'P_half': 2.157758652553991, 'pre_dampen_half': 107.40052367919465, 'gpp_af': 0.8942824595236101, 'gpp_b': 0.00012797528816608022, 'gpp_d': 3.57879245350232, 'ign_k': 0.03141110271934876, 'ign_c': 10.140635645866492}.
[I 2026-08-06 02:56:36,635] Trial 982 finished with values: [10.102693298105041, 10.102693298105041] and parameters: {'k1': 0.04897760278488444, 'D_low': 29.89885508829526, 'k2': 0.0022957398214549472, 'D_high': 8182.111518618414, 'fire_exp': 1.3239942327296237, 'P_half': 12.808863354047988, 'pre_dampen_half': 48.08505037156744, 'gpp_af': 0.8942824595236101, 'gpp_b': 1.1008110571039521e-05, 'gpp_d': 8.144272585223819, 'ign_k': 0.03141110271934876, 'ign_c': 7.916322947490362}.
[I 2026-08-06 02:56:38,313] Trial 983 finished with values: [-0.476601268038907, 0.08871708495048458] and parameters: {'k1': 0.00324789183891923, 'D_low': 29.89885508829526, 'k2': 0.002935672965826306, 'D_high': 6455.595882939566, 'fire_exp': 1.0881360604103363, 'P_half': 215.55950571043874, 'pre_dampen_half': 805.2502904451399, 'gpp_af': 0.18148402127631746, 'gpp_b': 0.0037084949295141927, 'gpp_d': 4.5768578731086835, 'ign_k': 0.0026834162496848666, 'ign_c': 0.1457050032975653}.
[I 2026-08-06 02:56:39,658] Trial 984 finished with values: [-0.4732323235541588, 0.16622582363567373] and parameters: {'k1': 0.0029707920514735983, 'D_low': 1.2299210465793122, 'k2': 0.03210808548911189, 'D_high': 9769.756791866093, 'fire_exp': 1.0881360604103363, 'P_half': 11.877073321543955, 'pre_dampen_half': 304.7488318185732, 'gpp_af': 0.5107061330406066, 'gpp_b': 0.011750724729953272, 'gpp_d': 857.4284557962634, 'ign_k': 0.006912296717033066, 'ign_c': 0.1774872630983487}.
[I 2026-08-06 02:56:41,009] Trial 985 finished with values: [10.769230769045793, 10.769230769045793] and parameters: {'k1': 0.00324789183891923, 'D_low': 2.458603276328005, 'k2': 0.0007081721844034209, 'D_high': 8182.111518618414, 'fire_exp': 1.518582349269638, 'P_half': 215.55950571043874, 'pre_dampen_half': 304.7488318185732, 'gpp_af': 11.234842109991876, 'gpp_b': 0.011390237215927782, 'gpp_d': 150.14555442537656, 'ign_k': 0.019192001101561888, 'ign_c': 970.0350245893918}.
[I 2026-08-06 02:56:42,316] Trial 986 finished with values: [-0.4750149945243982, 0.19291664089379446] and parameters: {'k1': 0.04897760278488444, 'D_low': 29.89885508829526, 'k2': 3.5917714215176105e-05, 'D_high': 18025.24091764079, 'fire_exp': 1.0881360604103363, 'P_half': 147.09699119495133, 'pre_dampen_half': 107.40052367919465, 'gpp_af': 0.8942824595236101, 'gpp_b': 0.011750724729953272, 'gpp_d': 5.878566318396007, 'ign_k': 6.00422388619554, 'ign_c': 6.160975294741436}.
[I 2026-08-06 02:56:43,636] Trial 987 finished with values: [10.498217565879466, 10.498217565879466] and parameters: {'k1': 0.00324789183891923, 'D_low': 2.5449737887285035, 'k2': 0.0022957398214549472, 'D_high': 3121.3520322039926, 'fire_exp': 1.0881360604103363, 'P_half': 288.98663158858795, 'pre_dampen_half': 107.40052367919465, 'gpp_af': 5.620854611217178, 'gpp_b': 0.011750724729953272, 'gpp_d': 0.6380717024176037, 'ign_k': 0.01678860004949226, 'ign_c': 6.160975294741436}.
[I 2026-08-06 02:56:44,944] Trial 988 finished with values: [10.252212308236977, 10.252212308236977] and parameters: {'k1': 0.0010239159443463301, 'D_low': 29.89885508829526, 'k2': 0.03210808548911189, 'D_high': 7744.80118512745, 'fire_exp': 1.0881360604103363, 'P_half': 215.55950571043874, 'pre_dampen_half': 304.7488318185732, 'gpp_af': 0.5107061330406066, 'gpp_b': 0.05538281390858372, 'gpp_d': 4.5768578731086835, 'ign_k': 0.006912296717033066, 'ign_c': 10.140635645866492}.
[I 2026-08-06 02:56:46,279] Trial 989 finished with values: [-0.490233838065577, 0.22420870014370287] and parameters: {'k1': 0.00324789183891923, 'D_low': 29.89885508829526, 'k2': 0.0022957398214549472, 'D_high': 7744.80118512745, 'fire_exp': 1.0881360604103363, 'P_half': 215.55950571043874, 'pre_dampen_half': 304.7488318185732, 'gpp_af': 5.620854611217178, 'gpp_b': 0.008226792720717493, 'gpp_d': 4.5768578731086835, 'ign_k': 0.03033111747878116, 'ign_c': 10.140635645866492}.
[I 2026-08-06 02:56:47,548] Trial 990 finished with values: [10.585136352467774, 10.585136352467774] and parameters: {'k1': 0.0005956633466901681, 'D_low': 2.1234210963705626, 'k2': 0.0007081721844034209, 'D_high': 8182.111518618414, 'fire_exp': 1.0881360604103363, 'P_half': 215.55950571043874, 'pre_dampen_half': 107.40052367919465, 'gpp_af': 0.010590622233713298, 'gpp_b': 0.011750724729953272, 'gpp_d': 4.5768578731086835, 'ign_k': 0.0486276976221284, 'ign_c': 8.671454322584175}.
[I 2026-08-06 02:56:48,895] Trial 991 finished with values: [10.328817603908657, 10.328817603908657] and parameters: {'k1': 0.002971796631657383, 'D_low': 29.89885508829526, 'k2': 0.0022957398214549472, 'D_high': 7744.80118512745, 'fire_exp': 1.0881360604103363, 'P_half': 10.226988730324324, 'pre_dampen_half': 36.876350096203005, 'gpp_af': 5.620854611217178, 'gpp_b': 0.00044548820847973626, 'gpp_d': 4.5768578731086835, 'ign_k': 0.12828203940471886, 'ign_c': 6.160975294741436}.
[I 2026-08-06 02:56:50,212] Trial 992 finished with values: [-0.4779855635301199, 0.09471768995271879] and parameters: {'k1': 0.00324789183891923, 'D_low': 2.458603276328005, 'k2': 0.0007081721844034209, 'D_high': 6455.595882939566, 'fire_exp': 1.0881360604103363, 'P_half': 147.09699119495133, 'pre_dampen_half': 76.86605275420082, 'gpp_af': 0.8942824595236101, 'gpp_b': 0.011750724729953272, 'gpp_d': 29.749683811098393, 'ign_k': 0.03033111747878116, 'ign_c': 7.916322947490362}.
[I 2026-08-06 02:56:51,528] Trial 993 finished with values: [10.679519875853632, 10.679519875853632] and parameters: {'k1': 0.0005062132815242158, 'D_low': 29.89885508829526, 'k2': 0.002935672965826306, 'D_high': 33.33047530921621, 'fire_exp': 1.0881360604103363, 'P_half': 215.55950571043874, 'pre_dampen_half': 304.7488318185732, 'gpp_af': 5.620854611217178, 'gpp_b': 0.011750724729953272, 'gpp_d': 4.5768578731086835, 'ign_k': 0.0486276976221284, 'ign_c': 10.140635645866492}.
[I 2026-08-06 02:56:52,855] Trial 994 finished with values: [-0.4939015920623647, 0.24515132181890842] and parameters: {'k1': 0.00324789183891923, 'D_low': 29.89885508829526, 'k2': 0.002935672965826306, 'D_high': 7744.80118512745, 'fire_exp': 1.0881360604103363, 'P_half': 215.55950571043874, 'pre_dampen_half': 304.7488318185732, 'gpp_af': 5.620854611217178, 'gpp_b': 0.011750724729953272, 'gpp_d': 4.5768578731086835, 'ign_k': 0.08876620955487982, 'ign_c': 7.916322947490362}.
[I 2026-08-06 02:56:54,140] Trial 995 finished with values: [-0.4948306461024782, 0.27902409122526406] and parameters: {'k1': 0.00324789183891923, 'D_low': 29.89885508829526, 'k2': 0.03518980505750979, 'D_high': 7744.80118512745, 'fire_exp': 1.0881360604103363, 'P_half': 215.55950571043874, 'pre_dampen_half': 107.40052367919465, 'gpp_af': 5.620854611217178, 'gpp_b': 0.004996983241344723, 'gpp_d': 5.878566318396007, 'ign_k': 0.0486276976221284, 'ign_c': 0.6004682478324445}.
[I 2026-08-06 02:56:55,437] Trial 996 finished with values: [10.599016922693766, 10.599016922693766] and parameters: {'k1': 0.00324789183891923, 'D_low': 29.89885508829526, 'k2': 0.002935672965826306, 'D_high': 6455.595882939566, 'fire_exp': 1.0881360604103363, 'P_half': 29.582672356438447, 'pre_dampen_half': 1.1766539651208914, 'gpp_af': 13.730598810454614, 'gpp_b': 0.011750724729953272, 'gpp_d': 5.878566318396007, 'ign_k': 0.0024361599465623288, 'ign_c': 10.140635645866492}.
[I 2026-08-06 02:56:56,767] Trial 997 finished with values: [-0.47739404212660486, 0.3257091305774681] and parameters: {'k1': 0.00324789183891923, 'D_low': 29.89885508829526, 'k2': 0.002935672965826306, 'D_high': 10316.033434719713, 'fire_exp': 1.0881360604103363, 'P_half': 215.55950571043874, 'pre_dampen_half': 46.566318342356254, 'gpp_af': 1.3725472882585024, 'gpp_b': 0.00044548820847973626, 'gpp_d': 0.6380717024176037, 'ign_k': 0.03033111747878116, 'ign_c': 6.160975294741436}.
[I 2026-08-06 02:56:58,062] Trial 998 finished with values: [10.25708999489862, 10.25708999489862] and parameters: {'k1': 0.00324789183891923, 'D_low': 29.89885508829526, 'k2': 0.0007081721844034209, 'D_high': 8182.111518618414, 'fire_exp': 1.151006986743773, 'P_half': 1194.5919244900463, 'pre_dampen_half': 107.40052367919465, 'gpp_af': 0.010590622233713298, 'gpp_b': 0.00012797528816608022, 'gpp_d': 368.30088529547436, 'ign_k': 0.11101191524846071, 'ign_c': 0.1457050032975653}.
[I 2026-08-06 02:56:59,739] Trial 999 finished with values: [10.25656508986337, 10.25656508986337] and parameters: {'k1': 0.00324789183891923, 'D_low': 29.89885508829526, 'k2': 7.361379380357782e-05, 'D_high': 7744.80118512745, 'fire_exp': 1.0881360604103363, 'P_half': 215.55950571043874, 'pre_dampen_half': 304.7488318185732, 'gpp_af': 0.00301004353953023, 'gpp_b': 0.00012797528816608022, 'gpp_d': 4.5768578731086835, 'ign_k': 0.03033111747878116, 'ign_c': 10.140635645866492}.
[I 2026-08-06 02:57:01,051] Trial 1000 finished with values: [10.240572292490299, 10.240572292490299] and parameters: {'k1': 0.04897760278488444, 'D_low': 29.89885508829526, 'k2': 0.03210808548911189, 'D_high': 10316.033434719713, 'fire_exp': 1.151006986743773, 'P_half': 215.55950571043874, 'pre_dampen_half': 304.7488318185732, 'gpp_af': 35.20481045526041, 'gpp_b': 0.011750724729953272, 'gpp_d': 5.878566318396007, 'ign_k': 0.0486276976221284, 'ign_c': 34.19108473554449}.
[I 2026-08-06 02:57:02,396] Trial 1001 finished with values: [10.703284419976594, 10.703284419976594] and parameters: {'k1': 0.00324789183891923, 'D_low': 29.89885508829526, 'k2': 0.002935672965826306, 'D_high': 2969.087094484682, 'fire_exp': 1.0881360604103363, 'P_half': 215.55950571043874, 'pre_dampen_half': 805.2502904451399, 'gpp_af': 0.0011354194307171069, 'gpp_b': 0.011750724729953272, 'gpp_d': 5.878566318396007, 'ign_k': 4.006890332238651, 'ign_c': 4.619723604324942}.
[I 2026-08-06 02:57:03,738] Trial 1002 finished with values: [10.194937956032451, 10.194937956032451] and parameters: {'k1': 0.0029707920514735983, 'D_low': 4.075267974954964, 'k2': 0.03210808548911189, 'D_high': 2969.087094484682, 'fire_exp': 1.0881360604103363, 'P_half': 215.55950571043874, 'pre_dampen_half': 304.7488318185732, 'gpp_af': 0.5107061330406066, 'gpp_b': 0.011750724729953272, 'gpp_d': 2.893272120738162, 'ign_k': 0.006912296717033066, 'ign_c': 10.140635645866492}.
[I 2026-08-06 02:57:05,071] Trial 1003 finished with values: [10.422962176554561, 10.422962176554561] and parameters: {'k1': 0.0008421250895470873, 'D_low': 29.89885508829526, 'k2': 0.002935672965826306, 'D_high': 6455.595882939566, 'fire_exp': 1.0881360604103363, 'P_half': 12.808863354047988, 'pre_dampen_half': 304.7488318185732, 'gpp_af': 0.010590622233713298, 'gpp_b': 0.0024605285374226047, 'gpp_d': 0.012472726063715429, 'ign_k': 0.014879588507790004, 'ign_c': 8.671454322584175}.
[I 2026-08-06 02:57:06,474] Trial 1004 finished with values: [10.732755456345377, 10.732755456345377] and parameters: {'k1': 0.00324789183891923, 'D_low': 29.89885508829526, 'k2': 0.002935672965826306, 'D_high': 8182.111518618414, 'fire_exp': 1.518582349269638, 'P_half': 2.157758652553991, 'pre_dampen_half': 0.19909760862828824, 'gpp_af': 5.620854611217178, 'gpp_b': 0.011750724729953272, 'gpp_d': 4.5768578731086835, 'ign_k': 0.0035114452581286888, 'ign_c': 9.34330265731847}.
[I 2026-08-06 02:57:07,964] Trial 1005 finished with values: [10.047566562515586, 10.047566562515586] and parameters: {'k1': 0.00324789183891923, 'D_low': 2.1234210963705626, 'k2': 0.0007081721844034209, 'D_high': 7744.80118512745, 'fire_exp': 1.151006986743773, 'P_half': 215.55950571043874, 'pre_dampen_half': 107.40052367919465, 'gpp_af': 6.330661837630911, 'gpp_b': 1.1008110571039521e-05, 'gpp_d': 368.30088529547436, 'ign_k': 0.0486276976221284, 'ign_c': 8.671454322584175}.
[I 2026-08-06 02:57:09,324] Trial 1006 finished with values: [-0.48299637012479424, 0.06869665722377216] and parameters: {'k1': 0.00324789183891923, 'D_low': 2.458603276328005, 'k2': 0.0007081721844034209, 'D_high': 7744.80118512745, 'fire_exp': 1.151006986743773, 'P_half': 10.226988730324324, 'pre_dampen_half': 107.40052367919465, 'gpp_af': 0.0048478428004036025, 'gpp_b': 0.00031478066835753096, 'gpp_d': 34.37107943937136, 'ign_k': 0.1384332853353327, 'ign_c': 8.671454322584175}.
