[I 2026-07-25 00:29:41,523] Trial 26 finished with value: 0.6171954092901375 and parameters: {'k1': 8.120467426601302e-05, 'D_low': 272.0647716851536, 'k2': 0.07915013238339624, 'D_high': 98950.881455845, 'fire_exp': 6.288413128824606, 'P_half': 584.9924532528914, 'pre_dampen_half': 23.34755386360993, 'gpp_af': 26.869076085850754, 'gpp_b': 0.00012120424690881238, 'gpp_d': 930.9605153787851, 'ign_k': 0.009216443220660795, 'ign_c': 0.33018343671986533, 'trop_agb_crit': 23.556367086552807, 'trop_k_veg': 1.250383186621054, 'gdp_gamma': 0.9170477572867265, 'cure_k': 0.9329273988367195, 'cure_p_min': 360.1791424843195, 'cure_gpp_ref': 0.35410500766001973, 'cure_agb_crit': 6.296423951561742, 'fuel_k': 0.04051931981064857, 'fuel_half': 15.715225453238896}. Best is trial 0 with value: -0.6232552202351066.
[I 2026-07-25 00:29:41,964] Trial 27 finished with value: 0.5580057822491865 and parameters: {'k1': 0.002124789572401842, 'D_low': 22777.482526733733, 'k2': 0.006143889190843929, 'D_high': 1630897.0268566739, 'fire_exp': 5.433328352660125, 'P_half': 18.436030357733376, 'pre_dampen_half': 0.1622708982218838, 'gpp_af': 1.8796029458714714, 'gpp_b': 0.002690648887896176, 'gpp_d': 418.82326424839124, 'ign_k': 0.014543917924339613, 'ign_c': 87.67435269675546, 'trop_agb_crit': 25.312125076416237, 'trop_k_veg': 0.9286420460138135, 'gdp_gamma': 0.24468888310703463, 'cure_k': 1.3549408955819195, 'cure_p_min': 303.61576008551265, 'cure_gpp_ref': 0.1430509084700173, 'cure_agb_crit': 4.013843600181707, 'fuel_k': 0.21610042902772605, 'fuel_half': 9.236848168774346}. Best is trial 0 with value: -0.6232552202351066.
[I 2026-07-25 00:29:42,399] Trial 28 finished with value: -0.5799462057606556 and parameters: {'k1': 0.0016272307390190238, 'D_low': 373.61758843268234, 'k2': 0.06287098050936137, 'D_high': 26993.53996921855, 'fire_exp': 2.285061325082569, 'P_half': 12.74011735083165, 'pre_dampen_half': 14.645413758990655, 'gpp_af': 0.046750505888566024, 'gpp_b': 5.434473277212961e-05, 'gpp_d': 59.0730425168188, 'ign_k': 0.015048447786712967, 'ign_c': 13.482644277198737, 'trop_agb_crit': 7.876081770556603, 'trop_k_veg': 1.7340002562740326, 'gdp_gamma': 1.1665787298103152, 'cure_k': 0.001803457185518556, 'cure_p_min': 165.77623965869307, 'cure_gpp_ref': 0.35850350818225774, 'cure_agb_crit': 1.7137084422331852, 'fuel_k': 0.10208358194168472, 'fuel_half': 53.39545742077414}. Best is trial 0 with value: -0.6232552202351066.
[I 2026-07-25 00:29:42,855] Trial 29 finished with value: 0.5251860161438181 and parameters: {'k1': 0.0009773396915453403, 'D_low': 1857.5755158043346, 'k2': 0.02984743785933305, 'D_high': 45410.888685364254, 'fire_exp': 2.365578590050171, 'P_half': 5.5070759223833425, 'pre_dampen_half': 25.037766655620306, 'gpp_af': 0.03335399625130825, 'gpp_b': 0.00021761077793349738, 'gpp_d': 973.3800518125094, 'ign_k': 0.027601938167226975, 'ign_c': 13.463669302830478, 'trop_agb_crit': 11.75289199135411, 'trop_k_veg': 2.4733814658682203, 'gdp_gamma': 0.1402133269390753, 'cure_k': 0.002774158106271544, 'cure_p_min': 214.57372766318113, 'cure_gpp_ref': 0.8961528783747232, 'cure_agb_crit': 1.0794876155377733, 'fuel_k': 0.06961546150764161, 'fuel_half': 84.88908716494494}. Best is trial 0 with value: -0.6232552202351066.
[I 2026-07-25 00:29:43,330] Trial 30 finished with value: 0.6051653143156281 and parameters: {'k1': 8.170634714256442e-05, 'D_low': 1967.5759773738562, 'k2': 0.01846723823646557, 'D_high': 1770548.2648943262, 'fire_exp': 2.140112606701104, 'P_half': 3234.552459184708, 'pre_dampen_half': 95.79804026175196, 'gpp_af': 0.0017981990345251172, 'gpp_b': 0.0011448598156562177, 'gpp_d': 590.5077089669089, 'ign_k': 0.005895824802409346, 'ign_c': 0.5640843962741936, 'trop_agb_crit': 5.6283179261226275, 'trop_k_veg': 0.8249498584039914, 'gdp_gamma': 1.4753243189025238, 'cure_k': 0.0030126973713447505, 'cure_p_min': 259.5066174680642, 'cure_gpp_ref': 0.46708916516923016, 'cure_agb_crit': 1.1258437887979695, 'fuel_k': 0.018695958398378846, 'fuel_half': 11.668085924508453}. Best is trial 0 with value: -0.6232552202351066.
[I 2026-07-25 00:29:43,766] Trial 31 finished with value: 0.6908695858046018 and parameters: {'k1': 0.004829980755413465, 'D_low': 4666.577563240049, 'k2': 0.03357388905750378, 'D_high': 181129.44233068984, 'fire_exp': 2.780577821708644, 'P_half': 27.14717689726163, 'pre_dampen_half': 136.16650934634973, 'gpp_af': 0.28334198204635125, 'gpp_b': 0.0005976326953665572, 'gpp_d': 9.606657246843993, 'ign_k': 0.23932116154780064, 'ign_c': 1.9660891995961176, 'trop_agb_crit': 6.767079310670269, 'trop_k_veg': 3.425399920390767, 'gdp_gamma': 1.6969639855302463, 'cure_k': 0.004157574021419692, 'cure_p_min': 120.22533455690979, 'cure_gpp_ref': 0.5153962848389052, 'cure_agb_crit': 1.9734350255366881, 'fuel_k': 0.7256219424616038, 'fuel_half': 14.454730738175522}. Best is trial 0 with value: -0.6232552202351066.
[I 2026-07-25 00:29:44,204] Trial 32 finished with value: 0.5998391837760286 and parameters: {'k1': 0.0008521349082553754, 'D_low': 228.47284708015448, 'k2': 0.021483057307466108, 'D_high': 1774857.4834484535, 'fire_exp': 3.0324974308519925, 'P_half': 7.183430343655854, 'pre_dampen_half': 0.48365122323368553, 'gpp_af': 86.96340132460647, 'gpp_b': 0.00027002145377576887, 'gpp_d': 10.162060163143556, 'ign_k': 0.005131156075254908, 'ign_c': 0.19117682580511625, 'trop_agb_crit': 7.706568881741294, 'trop_k_veg': 0.8236686485306373, 'gdp_gamma': 0.06339837412131993, 'cure_k': 0.020652572835854716, 'cure_p_min': 373.49403023570676, 'cure_gpp_ref': 0.07085398805384306, 'cure_agb_crit': 4.45254958610227, 'fuel_k': 0.010759904783342161, 'fuel_half': 19.479322919492112}. Best is trial 0 with value: -0.6232552202351066.
[I 2026-07-25 00:29:44,641] Trial 33 finished with value: 0.5984211217732252 and parameters: {'k1': 0.04826102363817778, 'D_low': 117.22726567539839, 'k2': 0.020554887681073455, 'D_high': 9555.889680400507, 'fire_exp': 2.39292670272217, 'P_half': 16.211934370673156, 'pre_dampen_half': 0.22998752364948444, 'gpp_af': 0.0023362776395408425, 'gpp_b': 1.6282746407691867e-05, 'gpp_d': 12.16195018244525, 'ign_k': 0.001221825187116231, 'ign_c': 120.22274696081968, 'trop_agb_crit': 9.6893560162989, 'trop_k_veg': 1.325563105195763, 'gdp_gamma': 0.1924597072098734, 'cure_k': 0.002668364058154367, 'cure_p_min': 302.0156676526721, 'cure_gpp_ref': 0.151185186809104, 'cure_agb_crit': 3.726913425766757, 'fuel_k': 0.051936168832931014, 'fuel_half': 2.513284840435483}. Best is trial 0 with value: -0.6232552202351066.
[I 2026-07-25 00:29:45,083] Trial 34 finished with value: 0.5997560425627511 and parameters: {'k1': 0.0019233520447700658, 'D_low': 4.559611703667075, 'k2': 0.009331762469198415, 'D_high': 22524.906357746353, 'fire_exp': 3.524903098578571, 'P_half': 355.76950618885377, 'pre_dampen_half': 134.85719123945748, 'gpp_af': 0.0063540070037571604, 'gpp_b': 4.051123928303345e-05, 'gpp_d': 40.833188546807655, 'ign_k': 0.004589973161753884, 'ign_c': 808.8249049013772, 'trop_agb_crit': 15.9539800436805, 'trop_k_veg': 0.6790250446325085, 'gdp_gamma': 0.3280088788020154, 'cure_k': 0.008691161460213828, 'cure_p_min': 233.75923493995083, 'cure_gpp_ref': 0.25805772803190175, 'cure_agb_crit': 3.6501555251272553, 'fuel_k': 0.06308523150756218, 'fuel_half': 16.7769350380685}. Best is trial 0 with value: -0.6232552202351066.
[I 2026-07-25 00:29:45,525] Trial 35 finished with value: -0.5580176999941702 and parameters: {'k1': 4.430894333169848e-05, 'D_low': 4.793820301963739, 'k2': 0.03869054308737581, 'D_high': 83871.36098953523, 'fire_exp': 2.0086339580385433, 'P_half': 24.748452641477158, 'pre_dampen_half': 10.105228756838926, 'gpp_af': 0.02619090422348595, 'gpp_b': 2.047340161928491e-05, 'gpp_d': 68.10625433211713, 'ign_k': 0.014365660760394304, 'ign_c': 2.1547390235734607, 'trop_agb_crit': 7.645354500681184, 'trop_k_veg': 1.107100077374398, 'gdp_gamma': 0.558978693638409, 'cure_k': 0.0010553956547510444, 'cure_p_min': 184.34155420203243, 'cure_gpp_ref': 0.19094428972551133, 'cure_agb_crit': 1.8558467769225653, 'fuel_k': 0.27107763376480126, 'fuel_half': 20.958013010277817}. Best is trial 0 with value: -0.6232552202351066.
[I 2026-07-25 00:29:45,962] Trial 36 finished with value: 0.5836521798000733 and parameters: {'k1': 0.012757678608235517, 'D_low': 4082.5376499950785, 'k2': 0.06377845362879002, 'D_high': 5319503.33968119, 'fire_exp': 1.3122377225937574, 'P_half': 5092.486400090893, 'pre_dampen_half': 13.141089991268782, 'gpp_af': 0.04736221845146997, 'gpp_b': 0.00010148962861511686, 'gpp_d': 408.86482238749295, 'ign_k': 0.012893265749173549, 'ign_c': 95.35059724221085, 'trop_agb_crit': 4.837251068235701, 'trop_k_veg': 1.4287502233729719, 'gdp_gamma': 0.327191236062283, 'cure_k': 0.0031639848655427025, 'cure_p_min': 277.01962569283256, 'cure_gpp_ref': 0.5154749828133791, 'cure_agb_crit': 3.0759777657322966, 'fuel_k': 0.012987411961942065, 'fuel_half': 92.46391472204898}. Best is trial 0 with value: -0.6232552202351066.
[I 2026-07-25 00:29:46,403] Trial 37 finished with value: 0.5839685617463652 and parameters: {'k1': 0.026990461810012592, 'D_low': 15.619111022728477, 'k2': 0.004106953370860454, 'D_high': 39415.1220319786, 'fire_exp': 1.1763558558996916, 'P_half': 5885.855187785182, 'pre_dampen_half': 0.6822298275216335, 'gpp_af': 0.03966379958827942, 'gpp_b': 7.157168361765446e-05, 'gpp_d': 16.651761550638934, 'ign_k': 0.00377881768177906, 'ign_c': 162.90134491573556, 'trop_agb_crit': 13.786178613145836, 'trop_k_veg': 0.5507798697545097, 'gdp_gamma': 0.25701915619489274, 'cure_k': 0.003079449579321841, 'cure_p_min': 358.7364643093072, 'cure_gpp_ref': 0.35549585329600675, 'cure_agb_crit': 3.7845214939934135, 'fuel_k': 0.07121478875141828, 'fuel_half': 4.318307075823887}. Best is trial 0 with value: -0.6232552202351066.
[I 2026-07-25 00:29:46,843] Trial 38 finished with value: 0.6049789492816282 and parameters: {'k1': 0.0004957290079394566, 'D_low': 1518.9838005557694, 'k2': 0.009980921020209569, 'D_high': 4733.660580918272, 'fire_exp': 2.8856791708811014, 'P_half': 21.460020450356836, 'pre_dampen_half': 11.858929928377112, 'gpp_af': 1.24886889312388, 'gpp_b': 0.0003301857144700423, 'gpp_d': 48.44123879695746, 'ign_k': 0.003894394295183458, 'ign_c': 34.6685388566954, 'trop_agb_crit': 4.366771244616305, 'trop_k_veg': 1.4240149145169991, 'gdp_gamma': 1.4618141973590124, 'cure_k': 0.0013875792162266816, 'cure_p_min': 178.17726146083695, 'cure_gpp_ref': 0.32881583370271456, 'cure_agb_crit': 1.9229662051925442, 'fuel_k': 0.058586667457875885, 'fuel_half': 36.44852078315529}. Best is trial 0 with value: -0.6232552202351066.
[I 2026-07-25 00:29:47,278] Trial 39 finished with value: -0.502576625874004 and parameters: {'k1': 0.0005234518657215864, 'D_low': 1.0960712579066194, 'k2': 0.0003350963813720226, 'D_high': 111854.66503405444, 'fire_exp': 1.2772454935266548, 'P_half': 1517.0611804919822, 'pre_dampen_half': 152.89273114602585, 'gpp_af': 0.002160641456127246, 'gpp_b': 1.4724677966170076e-05, 'gpp_d': 15.256190247904563, 'ign_k': 0.0013073052967408883, 'ign_c': 208.53656789855012, 'trop_agb_crit': 24.835862635149823, 'trop_k_veg': 1.5334468879214682, 'gdp_gamma': 0.21471560225453448, 'cure_k': 0.011060312073463554, 'cure_p_min': 348.31294898929065, 'cure_gpp_ref': 0.06272233548020656, 'cure_agb_crit': 2.2713280053112714, 'fuel_k': 0.34502558642676195, 'fuel_half': 0.6419277910778808}. Best is trial 0 with value: -0.6232552202351066.
[I 2026-07-25 00:29:47,717] Trial 40 finished with value: 0.41660278802515194 and parameters: {'k1': 0.0015756402417911389, 'D_low': 43.02375492638308, 'k2': 0.004886349615215395, 'D_high': 103319.19436568095, 'fire_exp': 1.8894881268131696, 'P_half': 5.933903532244482, 'pre_dampen_half': 8.05925655300114, 'gpp_af': 0.032551966387051004, 'gpp_b': 6.561840169704223e-05, 'gpp_d': 312.29277600191455, 'ign_k': 0.001538378668750332, 'ign_c': 18.73623707914641, 'trop_agb_crit': 15.718698868253092, 'trop_k_veg': 0.549547503429272, 'gdp_gamma': 1.7374489758928005, 'cure_k': 0.003328359190907317, 'cure_p_min': 178.54625377562738, 'cure_gpp_ref': 0.8443007684989533, 'cure_agb_crit': 2.4896104344273153, 'fuel_k': 0.06625966805426402, 'fuel_half': 8.304984813820298}. Best is trial 0 with value: -0.6232552202351066.
[I 2026-07-25 00:29:48,156] Trial 41 finished with value: 0.4443322779859459 and parameters: {'k1': 1.9088668530279462e-05, 'D_low': 28.322522393722572, 'k2': 0.05468296662748232, 'D_high': 199405.09682633055, 'fire_exp': 2.077724348173274, 'P_half': 56.596525832120285, 'pre_dampen_half': 38.62756071960598, 'gpp_af': 0.021181794093050408, 'gpp_b': 1.3813915513080028e-05, 'gpp_d': 188.29610425810068, 'ign_k': 0.13267739690447905, 'ign_c': 0.3456104192995876, 'trop_agb_crit': 5.399926234756521, 'trop_k_veg': 1.186404999349468, 'gdp_gamma': 0.027150637757037785, 'cure_k': 0.003949962068798348, 'cure_p_min': 162.26353103495632, 'cure_gpp_ref': 0.15115384644809737, 'cure_agb_crit': 1.7912071418846225, 'fuel_k': 0.5663669210728476, 'fuel_half': 81.93400682545779}. Best is trial 0 with value: -0.6232552202351066.
[I 2026-07-25 00:29:48,597] Trial 42 finished with value: 0.552935162277017 and parameters: {'k1': 0.0007675731723611038, 'D_low': 50.7063281331645, 'k2': 0.07079959911514754, 'D_high': 6705485.130799739, 'fire_exp': 1.768723516915737, 'P_half': 2981.9282255588605, 'pre_dampen_half': 3.406286074939738, 'gpp_af': 0.007710378288478987, 'gpp_b': 1.4500070587718384e-05, 'gpp_d': 114.31267168983912, 'ign_k': 0.005843498002147991, 'ign_c': 11.705502628492606, 'trop_agb_crit': 15.94540970567889, 'trop_k_veg': 1.139050662489212, 'gdp_gamma': 1.874502823925703, 'cure_k': 0.0032985373407948167, 'cure_p_min': 245.22133551699145, 'cure_gpp_ref': 0.20877989452701998, 'cure_agb_crit': 2.9470091116257624, 'fuel_k': 0.2645704046814326, 'fuel_half': 20.03627172858266}. Best is trial 0 with value: -0.6232552202351066.
[I 2026-07-25 00:29:49,034] Trial 43 finished with value: 0.49096609687202974 and parameters: {'k1': 3.892052522259982e-05, 'D_low': 3104.8877007042943, 'k2': 0.0018436868448218206, 'D_high': 494932.2045725087, 'fire_exp': 2.118617963689044, 'P_half': 555.6647726283434, 'pre_dampen_half': 74.31787337141665, 'gpp_af': 0.015014449948186064, 'gpp_b': 1.2401864788845513e-05, 'gpp_d': 521.0632501587794, 'ign_k': 0.00923099935803382, 'ign_c': 51.929622133197995, 'trop_agb_crit': 22.633081453874446, 'trop_k_veg': 0.8943527426109127, 'gdp_gamma': 1.281351666867596, 'cure_k': 0.001113090021063566, 'cure_p_min': 203.31795853330388, 'cure_gpp_ref': 0.46125581352481904, 'cure_agb_crit': 2.5310566828697048, 'fuel_k': 0.01455894436646073, 'fuel_half': 98.88455934182495}. Best is trial 0 with value: -0.6232552202351066.
[I 2026-07-25 00:29:49,472] Trial 44 finished with value: 0.62381766785565 and parameters: {'k1': 0.0008541014609085943, 'D_low': 48.93259161574057, 'k2': 0.012089348699018196, 'D_high': 693.0923857689644, 'fire_exp': 1.0466000864280858, 'P_half': 64.47431769381609, 'pre_dampen_half': 0.5176958693852997, 'gpp_af': 0.02596002480211662, 'gpp_b': 3.995582609430696e-05, 'gpp_d': 8.498822087824617, 'ign_k': 0.006145901504869806, 'ign_c': 1.0233927022733582, 'trop_agb_crit': 3.8545038753674095, 'trop_k_veg': 0.8309243001615518, 'gdp_gamma': 0.1564449976557288, 'cure_k': 0.0013633014805976137, 'cure_p_min': 184.82202402732608, 'cure_gpp_ref': 0.17966524826530514, 'cure_agb_crit': 3.0457892674419473, 'fuel_k': 0.15521725109969556, 'fuel_half': 3.8475519194647547}. Best is trial 0 with value: -0.6232552202351066.
[I 2026-07-25 00:29:49,911] Trial 45 finished with value: 0.5036073264605074 and parameters: {'k1': 0.0009867847151547968, 'D_low': 40416.37320812782, 'k2': 0.0017688471600941383, 'D_high': 6801835.711850697, 'fire_exp': 4.820521154288763, 'P_half': 132.02651686033158, 'pre_dampen_half': 256.1897721947924, 'gpp_af': 16.31292628960111, 'gpp_b': 0.0029080272007077756, 'gpp_d': 100.927962572755, 'ign_k': 0.0017686139585666645, 'ign_c': 1.1161130729837656, 'trop_agb_crit': 10.414552116143847, 'trop_k_veg': 1.1252914004675763, 'gdp_gamma': 0.12345076249293527, 'cure_k': 0.2946876759965219, 'cure_p_min': 352.77738219537787, 'cure_gpp_ref': 0.22084670401322662, 'cure_agb_crit': 2.9778734604737394, 'fuel_k': 0.03878499601266171, 'fuel_half': 7.972965062371095}. Best is trial 0 with value: -0.6232552202351066.
[I 2026-07-25 00:29:50,360] Trial 46 finished with value: 0.5779382972209335 and parameters: {'k1': 0.002421883505429381, 'D_low': 1718.9951172728795, 'k2': 0.014921540176350693, 'D_high': 1205109.5667649815, 'fire_exp': 2.956460331863441, 'P_half': 449.7674041691517, 'pre_dampen_half': 9.966257361988701, 'gpp_af': 0.1410041279256507, 'gpp_b': 0.003186389396700594, 'gpp_d': 989.8706293453428, 'ign_k': 0.017190825105486467, 'ign_c': 51.48166534211568, 'trop_agb_crit': 7.973128547930348, 'trop_k_veg': 0.5085222554453183, 'gdp_gamma': 0.7550491584163983, 'cure_k': 0.0014560358093096974, 'cure_p_min': 150.05488123059445, 'cure_gpp_ref': 0.37483553005619946, 'cure_agb_crit': 2.837860494047824, 'fuel_k': 0.03559932507458108, 'fuel_half': 57.26214363873487}. Best is trial 0 with value: -0.6232552202351066.
[I 2026-07-25 00:29:50,795] Trial 47 finished with value: -0.5851799123523297 and parameters: {'k1': 0.00017744808709270048, 'D_low': 198.31788129840967, 'k2': 0.02579810704145111, 'D_high': 399980.2259349674, 'fire_exp': 4.401889097025872, 'P_half': 18.56981835014398, 'pre_dampen_half': 4.068397273520214, 'gpp_af': 0.00468046585392346, 'gpp_b': 0.00022011590746551192, 'gpp_d': 4.447549331513638, 'ign_k': 0.4878096888759536, 'ign_c': 15.8656138893332, 'trop_agb_crit': 16.197010873224137, 'trop_k_veg': 1.6027295128483425, 'gdp_gamma': 1.5602345760100769, 'cure_k': 0.001951360956354006, 'cure_p_min': 130.89818166355826, 'cure_gpp_ref': 0.05886038937879075, 'cure_agb_crit': 1.9704627881842596, 'fuel_k': 0.9825250092167342, 'fuel_half': 32.12491868650514}. Best is trial 0 with value: -0.6232552202351066.
[I 2026-07-25 00:29:51,231] Trial 48 finished with value: 0.43385386652044555 and parameters: {'k1': 0.000737290418805717, 'D_low': 50.69343046400949, 'k2': 0.09747684454841712, 'D_high': 588829.1843503506, 'fire_exp': 4.7846966295389946, 'P_half': 6.378387579167321, 'pre_dampen_half': 0.17639476432645707, 'gpp_af': 0.0010134988621570275, 'gpp_b': 8.513582846485826e-05, 'gpp_d': 25.29280198498481, 'ign_k': 7.186667397879965, 'ign_c': 3.513531132411216, 'trop_agb_crit': 7.566758517942274, 'trop_k_veg': 1.5183758085682022, 'gdp_gamma': 1.5439317841564684, 'cure_k': 0.005798670891339323, 'cure_p_min': 172.11532940248605, 'cure_gpp_ref': 0.053246387775320474, 'cure_agb_crit': 3.0907689277566934, 'fuel_k': 1.2070719795215068, 'fuel_half': 40.88343838207059}. Best is trial 0 with value: -0.6232552202351066.
[I 2026-07-25 00:29:51,665] Trial 49 finished with value: 0.41320184363160384 and parameters: {'k1': 0.00012956352496273335, 'D_low': 545.6372508265724, 'k2': 0.00429743703459356, 'D_high': 5706702.656396904, 'fire_exp': 5.971443532141653, 'P_half': 4.06597839780908, 'pre_dampen_half': 1.48147688106862, 'gpp_af': 0.020022888190078806, 'gpp_b': 0.0006385014526636172, 'gpp_d': 9.52883112238812, 'ign_k': 0.5448074953440684, 'ign_c': 16.15175206778208, 'trop_agb_crit': 25.970966079009226, 'trop_k_veg': 1.66042819977687, 'gdp_gamma': 1.6190000131628568, 'cure_k': 0.0016357217591405873, 'cure_p_min': 95.65063567385438, 'cure_gpp_ref': 0.06211879756879199, 'cure_agb_crit': 2.2706087668559074, 'fuel_k': 5.850537181027657, 'fuel_half': 9.320398263175168}. Best is trial 0 with value: -0.6232552202351066.
[I 2026-07-25 00:29:52,112] Trial 50 finished with value: 0.5615795521437389 and parameters: {'k1': 4.555673172190632e-05, 'D_low': 12.33898835521392, 'k2': 0.0027178535388313867, 'D_high': 7409341.300334472, 'fire_exp': 3.1799304139346902, 'P_half': 138.25735759076687, 'pre_dampen_half': 91.30033632684052, 'gpp_af': 0.027978977141048026, 'gpp_b': 0.0004174132787371061, 'gpp_d': 15.311275034096663, 'ign_k': 0.9038453553563603, 'ign_c': 128.9393052227364, 'trop_agb_crit': 5.336444284849251, 'trop_k_veg': 1.6640474950168858, 'gdp_gamma': 0.7269853984589606, 'cure_k': 0.0451004170833271, 'cure_p_min': 117.88382290935388, 'cure_gpp_ref': 0.08506558935129424, 'cure_agb_crit': 1.6611318721422634, 'fuel_k': 0.7844722552403467, 'fuel_half': 8.6083042217258}. Best is trial 0 with value: -0.6232552202351066.
[I 2026-07-25 00:29:52,553] Trial 51 finished with value: 0.5431544240244222 and parameters: {'k1': 3.6693452695069476e-05, 'D_low': 2.886828777934429, 'k2': 0.010432775920546753, 'D_high': 367904.77584237093, 'fire_exp': 1.3072272889282417, 'P_half': 3.6555187409085312, 'pre_dampen_half': 47.79184647462178, 'gpp_af': 0.005151030226151701, 'gpp_b': 1.71707443094125e-05, 'gpp_d': 223.7524891614016, 'ign_k': 0.005277302125669585, 'ign_c': 2.6268012845587956, 'trop_agb_crit': 8.865947927401342, 'trop_k_veg': 1.1373047688278937, 'gdp_gamma': 1.2917087286137432, 'cure_k': 0.0015542427238363155, 'cure_p_min': 324.3176806595839, 'cure_gpp_ref': 0.2083667512659659, 'cure_agb_crit': 1.6668886278782462, 'fuel_k': 0.11875947773390393, 'fuel_half': 25.1952641268008}. Best is trial 0 with value: -0.6232552202351066.
[I 2026-07-25 00:29:52,989] Trial 52 finished with value: 0.6002020235008032 and parameters: {'k1': 8.19985423048685e-05, 'D_low': 932.4786011851668, 'k2': 0.011540334336336522, 'D_high': 7643.493003763042, 'fire_exp': 3.972208008228941, 'P_half': 47.60340913621572, 'pre_dampen_half': 0.22998537143974734, 'gpp_af': 0.019007341677207763, 'gpp_b': 5.348196362186627e-05, 'gpp_d': 28.14485816975735, 'ign_k': 0.6239198153008191, 'ign_c': 10.665712491843806, 'trop_agb_crit': 15.888810674735995, 'trop_k_veg': 6.7320570719656585, 'gdp_gamma': 0.4949533921525282, 'cure_k': 0.0015530664589392894, 'cure_p_min': 115.43494349479597, 'cure_gpp_ref': 0.10517381280212462, 'cure_agb_crit': 1.7557189521261716, 'fuel_k': 0.1485798344649454, 'fuel_half': 14.973912487725196}. Best is trial 0 with value: -0.6232552202351066.
