[I 2026-08-05 23:37:21,003] Trial 1440 finished with values: [10.714383529413265, 10.714383529413265] and parameters: {'k1': 0.025383218374507292, 'D_low': 2.1234210963705626, 'k2': 0.03071666851587867, 'D_high': 2941.5751391396584, 'fire_exp': 1.404276171936119, 'P_half': 24.136213194527585, 'pre_dampen_half': 0.08650868699945563, 'gpp_af': 19.538232162315648, 'gpp_b': 2.4497488749956643e-05, 'gpp_d': 0.16069682196977472, 'ign_k': 0.34703605955441524, 'ign_c': 8.671454322584175}.
[I 2026-08-05 23:37:21,898] Trial 1441 finished with values: [-0.6109979763173342, 0.26934955869498467] and parameters: {'k1': 0.06415745702132086, 'D_low': 2.1234210963705626, 'k2': 0.08894151386481904, 'D_high': 984.0626059011972, 'fire_exp': 1.010722707674549, 'P_half': 13.019246714361572, 'pre_dampen_half': 304.7488318185732, 'gpp_af': 0.0021836613912815635, 'gpp_b': 7.402343469704428e-05, 'gpp_d': 5.878566318396007, 'ign_k': 8.761971101023693, 'ign_c': 8.671454322584175}.
[I 2026-08-05 23:37:22,773] Trial 1442 finished with values: [-0.6267452257474806, 0.3488023184619561] and parameters: {'k1': 0.025383218374507292, 'D_low': 18.89739291279832, 'k2': 0.03071666851587867, 'D_high': 2941.5751391396584, 'fire_exp': 1.1044852285094786, 'P_half': 13.019246714361572, 'pre_dampen_half': 304.7488318185732, 'gpp_af': 0.0021836613912815635, 'gpp_b': 7.402343469704428e-05, 'gpp_d': 891.8036602897795, 'ign_k': 0.4702627143647234, 'ign_c': 8.671454322584175}.
[I 2026-08-05 23:37:23,676] Trial 1443 finished with values: [-0.6162751731561137, 0.339350613245089] and parameters: {'k1': 0.06415745702132086, 'D_low': 12.492307509390828, 'k2': 0.00375241428659295, 'D_high': 2941.5751391396584, 'fire_exp': 1.1258453832483524, 'P_half': 10.226988730324324, 'pre_dampen_half': 159.77732284872855, 'gpp_af': 0.0021836613912815635, 'gpp_b': 7.402343469704428e-05, 'gpp_d': 891.8036602897795, 'ign_k': 0.4902396944106615, 'ign_c': 0.9294394155644988}.
[I 2026-08-05 23:37:24,561] Trial 1444 finished with values: [10.053091059797103, 10.053091059797103] and parameters: {'k1': 0.06415745702132086, 'D_low': 2.1234210963705626, 'k2': 0.018890961174687686, 'D_high': 2941.5751391396584, 'fire_exp': 1.1044852285094786, 'P_half': 10.226988730324324, 'pre_dampen_half': 304.7488318185732, 'gpp_af': 0.505788295333708, 'gpp_b': 7.402343469704428e-05, 'gpp_d': 5.878566318396007, 'ign_k': 0.34703605955441524, 'ign_c': 8.671454322584175}.
[I 2026-08-05 23:37:25,523] Trial 1445 finished with values: [10.227097987363866, 10.227097987363866] and parameters: {'k1': 0.00693379814597934, 'D_low': 6.1642743507854245, 'k2': 0.03071666851587867, 'D_high': 1665.1532285161688, 'fire_exp': 2.9102572298675855, 'P_half': 10.226988730324324, 'pre_dampen_half': 304.7488318185732, 'gpp_af': 0.001339466259146302, 'gpp_b': 3.228689523591491e-05, 'gpp_d': 5.878566318396007, 'ign_k': 8.761971101023693, 'ign_c': 3.0378658251922155}.
[I 2026-08-05 23:37:26,408] Trial 1446 finished with values: [-0.5633460046085894, 0.3780349885836296] and parameters: {'k1': 0.06415745702132086, 'D_low': 9.882278532808778, 'k2': 0.00018088412472889515, 'D_high': 2941.5751391396584, 'fire_exp': 1.1044852285094786, 'P_half': 13.019246714361572, 'pre_dampen_half': 304.7488318185732, 'gpp_af': 0.0021836613912815635, 'gpp_b': 7.402343469704428e-05, 'gpp_d': 2.2690261165997048, 'ign_k': 0.4702627143647234, 'ign_c': 8.671454322584175}.
[I 2026-08-05 23:37:27,289] Trial 1447 finished with values: [10.769230769178105, 10.769230769178105] and parameters: {'k1': 0.06415745702132086, 'D_low': 1934.4058229928303, 'k2': 0.08894151386481904, 'D_high': 1665.1532285161688, 'fire_exp': 1.010722707674549, 'P_half': 13.019246714361572, 'pre_dampen_half': 304.7488318185732, 'gpp_af': 0.001339466259146302, 'gpp_b': 7.402343469704428e-05, 'gpp_d': 0.011495884087462726, 'ign_k': 8.761971101023693, 'ign_c': 0.3528113274684997}.
[I 2026-08-05 23:37:28,189] Trial 1448 finished with values: [-0.6106636311067092, 0.29410541263415024] and parameters: {'k1': 0.06415745702132086, 'D_low': 12.492307509390828, 'k2': 0.03071666851587867, 'D_high': 2941.5751391396584, 'fire_exp': 1.3239942327296237, 'P_half': 105.53846463525653, 'pre_dampen_half': 304.7488318185732, 'gpp_af': 0.0021836613912815635, 'gpp_b': 7.402343469704428e-05, 'gpp_d': 891.8036602897795, 'ign_k': 0.34703605955441524, 'ign_c': 0.9294394155644988}.
[I 2026-08-05 23:37:29,091] Trial 1449 finished with values: [10.513718230210015, 10.513718230210015] and parameters: {'k1': 0.06415745702132086, 'D_low': 6.1642743507854245, 'k2': 0.08894151386481904, 'D_high': 1665.1532285161688, 'fire_exp': 1.010722707674549, 'P_half': 13.019246714361572, 'pre_dampen_half': 1.978454130747598, 'gpp_af': 0.0021836613912815635, 'gpp_b': 0.00012797528816608022, 'gpp_d': 891.8036602897795, 'ign_k': 0.34703605955441524, 'ign_c': 0.9294394155644988}.
[I 2026-08-05 23:37:30,007] Trial 1450 finished with values: [10.067120236827925, 10.067120236827925] and parameters: {'k1': 0.06415745702132086, 'D_low': 26.989389523334307, 'k2': 0.03071666851587867, 'D_high': 2941.5751391396584, 'fire_exp': 3.1204156490905843, 'P_half': 13.019246714361572, 'pre_dampen_half': 304.7488318185732, 'gpp_af': 0.001339466259146302, 'gpp_b': 3.481277316673104e-05, 'gpp_d': 0.16069682196977472, 'ign_k': 0.4902396944106615, 'ign_c': 8.671454322584175}.
[I 2026-08-05 23:37:30,925] Trial 1451 finished with values: [10.766077523971477, 10.766077523971477] and parameters: {'k1': 0.025383218374507292, 'D_low': 18.89739291279832, 'k2': 0.08894151386481904, 'D_high': 633.1166646948959, 'fire_exp': 1.010722707674549, 'P_half': 12.808863354047988, 'pre_dampen_half': 304.7488318185732, 'gpp_af': 0.0021836613912815635, 'gpp_b': 0.9321708428673128, 'gpp_d': 891.8036602897795, 'ign_k': 0.4702627143647234, 'ign_c': 8.671454322584175}.
[I 2026-08-05 23:37:31,809] Trial 1452 finished with values: [-0.6272400005188674, 0.32242650506099824] and parameters: {'k1': 0.06415745702132086, 'D_low': 2.1234210963705626, 'k2': 0.03071666851587867, 'D_high': 1665.1532285161688, 'fire_exp': 1.1258453832483524, 'P_half': 24.136213194527585, 'pre_dampen_half': 304.7488318185732, 'gpp_af': 0.0055518823149351484, 'gpp_b': 7.402343469704428e-05, 'gpp_d': 891.8036602897795, 'ign_k': 0.4702627143647234, 'ign_c': 8.671454322584175}.
[I 2026-08-05 23:37:32,690] Trial 1453 finished with values: [-0.6045094586165096, 0.22517947762141977] and parameters: {'k1': 0.025383218374507292, 'D_low': 21.91957803598265, 'k2': 0.03071666851587867, 'D_high': 984.0626059011972, 'fire_exp': 1.1044852285094786, 'P_half': 10.226988730324324, 'pre_dampen_half': 304.7488318185732, 'gpp_af': 0.0021836613912815635, 'gpp_b': 0.00012797528816608022, 'gpp_d': 5.878566318396007, 'ign_k': 0.34703605955441524, 'ign_c': 8.671454322584175}.
[I 2026-08-05 23:37:34,008] Trial 1454 finished with values: [10.109234453744369, 10.109234453744369] and parameters: {'k1': 0.06415745702132086, 'D_low': 9.882278532808778, 'k2': 0.0027431991397796683, 'D_high': 2941.5751391396584, 'fire_exp': 1.010722707674549, 'P_half': 12.808863354047988, 'pre_dampen_half': 304.7488318185732, 'gpp_af': 0.0055518823149351484, 'gpp_b': 7.402343469704428e-05, 'gpp_d': 891.8036602897795, 'ign_k': 0.004955030961786305, 'ign_c': 70.47840732813077}.
[I 2026-08-05 23:37:34,915] Trial 1455 finished with values: [10.375252507324879, 10.375252507324879] and parameters: {'k1': 0.008956420301712053, 'D_low': 2.1234210963705626, 'k2': 0.08894151386481904, 'D_high': 2941.5751391396584, 'fire_exp': 1.1044852285094786, 'P_half': 2013.3201996321875, 'pre_dampen_half': 304.7488318185732, 'gpp_af': 0.001339466259146302, 'gpp_b': 7.402343469704428e-05, 'gpp_d': 0.0318557175945047, 'ign_k': 8.761971101023693, 'ign_c': 0.3528113274684997}.
[I 2026-08-05 23:37:35,850] Trial 1456 finished with values: [-0.6228792779077729, 0.28755897831322874] and parameters: {'k1': 0.02641449645424223, 'D_low': 9.882278532808778, 'k2': 0.03071666851587867, 'D_high': 1665.1532285161688, 'fire_exp': 1.1044852285094786, 'P_half': 13.019246714361572, 'pre_dampen_half': 304.7488318185732, 'gpp_af': 0.0021836613912815635, 'gpp_b': 7.402343469704428e-05, 'gpp_d': 891.8036602897795, 'ign_k': 0.34703605955441524, 'ign_c': 8.671454322584175}.
[I 2026-08-05 23:37:36,750] Trial 1457 finished with values: [10.06220381166626, 10.06220381166626] and parameters: {'k1': 9.109540080835495e-05, 'D_low': 1.4045842344024697, 'k2': 0.00375241428659295, 'D_high': 1665.1532285161688, 'fire_exp': 1.1258453832483524, 'P_half': 13.019246714361572, 'pre_dampen_half': 304.7488318185732, 'gpp_af': 0.0021836613912815635, 'gpp_b': 7.402343469704428e-05, 'gpp_d': 368.30088529547436, 'ign_k': 0.4902396944106615, 'ign_c': 0.9294394155644988}.
[I 2026-08-05 23:37:37,664] Trial 1458 finished with values: [-0.6179902800116931, 0.27319671505777243] and parameters: {'k1': 0.02641449645424223, 'D_low': 6.1642743507854245, 'k2': 0.03071666851587867, 'D_high': 1665.1532285161688, 'fire_exp': 1.1044852285094786, 'P_half': 24.136213194527585, 'pre_dampen_half': 304.7488318185732, 'gpp_af': 0.001339466259146302, 'gpp_b': 7.402343469704428e-05, 'gpp_d': 1.4794382088887477, 'ign_k': 0.34703605955441524, 'ign_c': 8.671454322584175}.
[I 2026-08-05 23:37:38,628] Trial 1459 finished with values: [10.11777001278248, 10.11777001278248] and parameters: {'k1': 0.025383218374507292, 'D_low': 9.882278532808778, 'k2': 0.00375241428659295, 'D_high': 2941.5751391396584, 'fire_exp': 1.1258453832483524, 'P_half': 3.6973278239412215, 'pre_dampen_half': 703.6426675556048, 'gpp_af': 0.0055518823149351484, 'gpp_b': 1.0749238062021576e-05, 'gpp_d': 368.30088529547436, 'ign_k': 0.34703605955441524, 'ign_c': 8.671454322584175}.
[I 2026-08-05 23:37:39,545] Trial 1460 finished with values: [10.560070149287451, 10.560070149287451] and parameters: {'k1': 0.025383218374507292, 'D_low': 12.492307509390828, 'k2': 0.03071666851587867, 'D_high': 633.1166646948959, 'fire_exp': 1.010722707674549, 'P_half': 24.647089738642787, 'pre_dampen_half': 1.7854796082315108, 'gpp_af': 0.001339466259146302, 'gpp_b': 3.228689523591491e-05, 'gpp_d': 891.8036602897795, 'ign_k': 8.761971101023693, 'ign_c': 0.9294394155644988}.
[I 2026-08-05 23:37:40,999] Trial 1461 finished with values: [10.58602611520282, 10.58602611520282] and parameters: {'k1': 0.06415745702132086, 'D_low': 989.2483802693089, 'k2': 0.08894151386481904, 'D_high': 4023.373392740452, 'fire_exp': 1.010722707674549, 'P_half': 304.58903846531524, 'pre_dampen_half': 304.7488318185732, 'gpp_af': 0.0055518823149351484, 'gpp_b': 7.402343469704428e-05, 'gpp_d': 891.8036602897795, 'ign_k': 0.4902396944106615, 'ign_c': 8.671454322584175}.
[I 2026-08-05 23:37:42,682] Trial 1462 finished with values: [-0.5967887501150715, 0.23261566994836713] and parameters: {'k1': 0.06415745702132086, 'D_low': 9.882278532808778, 'k2': 0.08894151386481904, 'D_high': 633.1166646948959, 'fire_exp': 1.010722707674549, 'P_half': 10.226988730324324, 'pre_dampen_half': 304.7488318185732, 'gpp_af': 0.0021836613912815635, 'gpp_b': 7.402343469704428e-05, 'gpp_d': 368.30088529547436, 'ign_k': 8.761971101023693, 'ign_c': 8.671454322584175}.
[I 2026-08-05 23:37:43,774] Trial 1463 finished with values: [-0.6338976834384278, 0.410841519708105] and parameters: {'k1': 0.02641449645424223, 'D_low': 9.882278532808778, 'k2': 0.08894151386481904, 'D_high': 2941.5751391396584, 'fire_exp': 1.010722707674549, 'P_half': 13.019246714361572, 'pre_dampen_half': 304.7488318185732, 'gpp_af': 0.0055518823149351484, 'gpp_b': 7.402343469704428e-05, 'gpp_d': 5.878566318396007, 'ign_k': 0.4702627143647234, 'ign_c': 8.671454322584175}.
[I 2026-08-05 23:37:44,693] Trial 1464 finished with values: [-0.5708153791699652, 0.22150202054817147] and parameters: {'k1': 0.025383218374507292, 'D_low': 9.882278532808778, 'k2': 0.0027431991397796683, 'D_high': 633.1166646948959, 'fire_exp': 1.010722707674549, 'P_half': 24.136213194527585, 'pre_dampen_half': 304.7488318185732, 'gpp_af': 0.0055518823149351484, 'gpp_b': 0.00012797528816608022, 'gpp_d': 891.8036602897795, 'ign_k': 3.529389593576794, 'ign_c': 8.671454322584175}.
[I 2026-08-05 23:37:45,610] Trial 1465 finished with values: [-0.6118230700693598, 0.30815212298849537] and parameters: {'k1': 0.025383218374507292, 'D_low': 12.492307509390828, 'k2': 0.03071666851587867, 'D_high': 2941.5751391396584, 'fire_exp': 1.1044852285094786, 'P_half': 24.136213194527585, 'pre_dampen_half': 247.25776073156666, 'gpp_af': 0.001339466259146302, 'gpp_b': 0.00012797528816608022, 'gpp_d': 0.5779293266899784, 'ign_k': 0.34703605955441524, 'ign_c': 0.9294394155644988}.
[I 2026-08-05 23:37:46,583] Trial 1466 finished with values: [-0.6241324763658674, 0.35716644812364107] and parameters: {'k1': 0.06415745702132086, 'D_low': 9.882278532808778, 'k2': 0.08894151386481904, 'D_high': 2941.5751391396584, 'fire_exp': 1.1044852285094786, 'P_half': 10.226988730324324, 'pre_dampen_half': 304.7488318185732, 'gpp_af': 0.0021836613912815635, 'gpp_b': 7.402343469704428e-05, 'gpp_d': 368.30088529547436, 'ign_k': 0.34703605955441524, 'ign_c': 8.671454322584175}.
[I 2026-08-05 23:37:47,495] Trial 1467 finished with values: [10.510440129517548, 10.510440129517548] and parameters: {'k1': 0.025383218374507292, 'D_low': 9.882278532808778, 'k2': 0.08894151386481904, 'D_high': 633.1166646948959, 'fire_exp': 6.941407697937204, 'P_half': 76.7624220881052, 'pre_dampen_half': 304.7488318185732, 'gpp_af': 0.0021836613912815635, 'gpp_b': 3.228689523591491e-05, 'gpp_d': 368.30088529547436, 'ign_k': 0.4702627143647234, 'ign_c': 8.671454322584175}.
[I 2026-08-05 23:37:48,394] Trial 1468 finished with values: [-0.6173529278459521, 0.2718212051813934] and parameters: {'k1': 0.025383218374507292, 'D_low': 2.1234210963705626, 'k2': 0.03071666851587867, 'D_high': 1665.1532285161688, 'fire_exp': 1.1258453832483524, 'P_half': 24.136213194527585, 'pre_dampen_half': 304.7488318185732, 'gpp_af': 0.0021836613912815635, 'gpp_b': 0.00012797528816608022, 'gpp_d': 223.60515435267138, 'ign_k': 0.34703605955441524, 'ign_c': 8.671454322584175}.
[I 2026-08-05 23:37:49,290] Trial 1469 finished with values: [-0.604003181952967, 0.4974474516274039] and parameters: {'k1': 0.06415745702132086, 'D_low': 2.1234210963705626, 'k2': 0.08894151386481904, 'D_high': 82493.50417880772, 'fire_exp': 1.1044852285094786, 'P_half': 124.04053921849349, 'pre_dampen_half': 304.7488318185732, 'gpp_af': 0.0021836613912815635, 'gpp_b': 0.00012797528816608022, 'gpp_d': 14.815308234941392, 'ign_k': 0.4702627143647234, 'ign_c': 17.40494815019437}.
[I 2026-08-05 23:37:50,201] Trial 1470 finished with values: [-0.6158665794463666, 0.3445924478416599] and parameters: {'k1': 0.008956420301712053, 'D_low': 12.492307509390828, 'k2': 0.03071666851587867, 'D_high': 2941.5751391396584, 'fire_exp': 1.3374105401704135, 'P_half': 13.019246714361572, 'pre_dampen_half': 304.7488318185732, 'gpp_af': 0.001339466259146302, 'gpp_b': 2.4497488749956643e-05, 'gpp_d': 0.16069682196977472, 'ign_k': 0.5066525680701905, 'ign_c': 0.3528113274684997}.
[I 2026-08-05 23:37:51,154] Trial 1471 finished with values: [-0.6130675582839547, 0.334850269091304] and parameters: {'k1': 0.06415745702132086, 'D_low': 2.1234210963705626, 'k2': 0.0027431991397796683, 'D_high': 1665.1532285161688, 'fire_exp': 1.010722707674549, 'P_half': 10.226988730324324, 'pre_dampen_half': 304.7488318185732, 'gpp_af': 0.0021836613912815635, 'gpp_b': 7.402343469704428e-05, 'gpp_d': 5.878566318396007, 'ign_k': 0.4702627143647234, 'ign_c': 0.796650292267966}.
[I 2026-08-05 23:37:52,070] Trial 1472 finished with values: [10.367781916383118, 10.367781916383118] and parameters: {'k1': 0.06415745702132086, 'D_low': 2.1234210963705626, 'k2': 0.0001997174727159274, 'D_high': 5562.99650055119, 'fire_exp': 1.1258453832483524, 'P_half': 224.42820887784595, 'pre_dampen_half': 304.7488318185732, 'gpp_af': 0.0021836613912815635, 'gpp_b': 0.00012797528816608022, 'gpp_d': 368.30088529547436, 'ign_k': 0.0018991732852766694, 'ign_c': 17.40494815019437}.
[I 2026-08-05 23:37:52,967] Trial 1473 finished with values: [-0.6338797078782978, 0.40257173518055744] and parameters: {'k1': 0.02641449645424223, 'D_low': 2.1234210963705626, 'k2': 0.01153590300936118, 'D_high': 2941.5751391396584, 'fire_exp': 1.1044852285094786, 'P_half': 13.019246714361572, 'pre_dampen_half': 304.7488318185732, 'gpp_af': 0.0055518823149351484, 'gpp_b': 7.402343469704428e-05, 'gpp_d': 15.186467669014625, 'ign_k': 0.4702627143647234, 'ign_c': 8.671454322584175}.
[I 2026-08-05 23:37:53,877] Trial 1474 finished with values: [-0.6115260481281923, 0.5433905975477062] and parameters: {'k1': 0.025383218374507292, 'D_low': 9.882278532808778, 'k2': 0.03071666851587867, 'D_high': 2941.5751391396584, 'fire_exp': 1.1258453832483524, 'P_half': 13.019246714361572, 'pre_dampen_half': 107.40052367919465, 'gpp_af': 0.5107061330406066, 'gpp_b': 7.402343469704428e-05, 'gpp_d': 368.30088529547436, 'ign_k': 5.9736167866478125, 'ign_c': 8.671454322584175}.
[I 2026-08-05 23:37:55,226] Trial 1475 finished with values: [-0.6167656784644826, 0.3097983112824907] and parameters: {'k1': 0.06415745702132086, 'D_low': 6.1642743507854245, 'k2': 0.08894151386481904, 'D_high': 1665.1532285161688, 'fire_exp': 1.010722707674549, 'P_half': 10.226988730324324, 'pre_dampen_half': 304.7488318185732, 'gpp_af': 0.001339466259146302, 'gpp_b': 7.402343469704428e-05, 'gpp_d': 1.4794382088887477, 'ign_k': 0.34703605955441524, 'ign_c': 0.3528113274684997}.
[I 2026-08-05 23:37:56,133] Trial 1476 finished with values: [10.542713955711852, 10.542713955711852] and parameters: {'k1': 0.06415745702132086, 'D_low': 2.1234210963705626, 'k2': 0.03071666851587867, 'D_high': 50.064023389829906, 'fire_exp': 1.1258453832483524, 'P_half': 13.019246714361572, 'pre_dampen_half': 304.7488318185732, 'gpp_af': 0.0055518823149351484, 'gpp_b': 7.402343469704428e-05, 'gpp_d': 891.8036602897795, 'ign_k': 2.648189355842456, 'ign_c': 8.671454322584175}.
[I 2026-08-05 23:37:57,043] Trial 1477 finished with values: [-0.6342851690127421, 0.4131531384263373] and parameters: {'k1': 0.02641449645424223, 'D_low': 8.1043507389441, 'k2': 0.08894151386481904, 'D_high': 2941.5751391396584, 'fire_exp': 1.010722707674549, 'P_half': 13.019246714361572, 'pre_dampen_half': 304.7488318185732, 'gpp_af': 0.0055518823149351484, 'gpp_b': 7.402343469704428e-05, 'gpp_d': 5.878566318396007, 'ign_k': 2.2292793902120662, 'ign_c': 8.671454322584175}.
[I 2026-08-05 23:37:57,934] Trial 1478 finished with values: [-0.5638412796196197, 0.29407965710869977] and parameters: {'k1': 0.00013094965356693928, 'D_low': 6.1642743507854245, 'k2': 0.03071666851587867, 'D_high': 2941.5751391396584, 'fire_exp': 1.1044852285094786, 'P_half': 25.49709775062068, 'pre_dampen_half': 304.7488318185732, 'gpp_af': 0.0055518823149351484, 'gpp_b': 7.402343469704428e-05, 'gpp_d': 891.8036602897795, 'ign_k': 0.4702627143647234, 'ign_c': 0.9294394155644988}.
[I 2026-08-05 23:37:58,821] Trial 1479 finished with values: [-0.619831475156827, 0.29041246391087894] and parameters: {'k1': 0.02641449645424223, 'D_low': 9.882278532808778, 'k2': 0.00375241428659295, 'D_high': 1665.1532285161688, 'fire_exp': 1.010722707674549, 'P_half': 13.019246714361572, 'pre_dampen_half': 304.7488318185732, 'gpp_af': 0.001339466259146302, 'gpp_b': 7.402343469704428e-05, 'gpp_d': 857.4284557962634, 'ign_k': 0.4702627143647234, 'ign_c': 8.671454322584175}.
[I 2026-08-05 23:37:59,740] Trial 1480 finished with values: [10.21996775954896, 10.21996775954896] and parameters: {'k1': 0.06415745702132086, 'D_low': 2.1234210963705626, 'k2': 0.003728444134949849, 'D_high': 1665.1532285161688, 'fire_exp': 4.944820983274038, 'P_half': 10.226988730324324, 'pre_dampen_half': 304.7488318185732, 'gpp_af': 0.0055518823149351484, 'gpp_b': 7.402343469704428e-05, 'gpp_d': 1.4794382088887477, 'ign_k': 0.4702627143647234, 'ign_c': 8.671454322584175}.
[I 2026-08-05 23:38:00,640] Trial 1481 finished with values: [-0.6173772736917953, 0.4144635116083224] and parameters: {'k1': 0.06415745702132086, 'D_low': 12.492307509390828, 'k2': 0.001123618840167381, 'D_high': 2941.5751391396584, 'fire_exp': 1.010722707674549, 'P_half': 10.226988730324324, 'pre_dampen_half': 304.7488318185732, 'gpp_af': 0.001339466259146302, 'gpp_b': 2.4497488749956643e-05, 'gpp_d': 0.16069682196977472, 'ign_k': 0.4902396944106615, 'ign_c': 0.9294394155644988}.
[I 2026-08-05 23:38:01,537] Trial 1482 finished with values: [-0.6223404289003642, 0.3297423848230403] and parameters: {'k1': 0.06415745702132086, 'D_low': 2.1234210963705626, 'k2': 0.08894151386481904, 'D_high': 1665.1532285161688, 'fire_exp': 1.010722707674549, 'P_half': 13.019246714361572, 'pre_dampen_half': 304.7488318185732, 'gpp_af': 0.0021836613912815635, 'gpp_b': 7.402343469704428e-05, 'gpp_d': 891.8036602897795, 'ign_k': 0.34703605955441524, 'ign_c': 0.9294394155644988}.
[I 2026-08-05 23:38:02,451] Trial 1483 finished with values: [-0.6042889693232284, 0.23524377399042207] and parameters: {'k1': 0.025383218374507292, 'D_low': 6.1642743507854245, 'k2': 0.03071666851587867, 'D_high': 633.1166646948959, 'fire_exp': 1.010722707674549, 'P_half': 25.49709775062068, 'pre_dampen_half': 304.7488318185732, 'gpp_af': 0.5107061330406066, 'gpp_b': 0.011750724729953272, 'gpp_d': 891.8036602897795, 'ign_k': 3.529389593576794, 'ign_c': 1.6643425133733851}.
[I 2026-08-05 23:38:03,345] Trial 1484 finished with values: [10.199812452031134, 10.199812452031134] and parameters: {'k1': 7.088878053884099e-05, 'D_low': 1.4045842344024697, 'k2': 0.00375241428659295, 'D_high': 1665.1532285161688, 'fire_exp': 1.1258453832483524, 'P_half': 13.019246714361572, 'pre_dampen_half': 159.77732284872855, 'gpp_af': 0.0014653682342295232, 'gpp_b': 0.00012797528816608022, 'gpp_d': 891.8036602897795, 'ign_k': 0.34703605955441524, 'ign_c': 0.9294394155644988}.
