[I 2026-08-19 14:29:40,219] Trial 86 finished with value: -0.43454119429271776 and parameters: {'k1': 0.006202085431922037, 'D_low': 8871.936802603725, 'k2': 3.313565739051842e-05, 'D_high': 25058.27647132912, 'fire_exp': 1.3263544284715003, 'P_half': 158.43290060087108, 'pre_dampen_half': 5.81942575682728, 'gpp_af': 0.4053868639205533, 'gpp_b': 0.0022217728084822207, 'gpp_d': 2.472635081668826, 'ign_k': 0.8426263655926749, 'ign_c': 9.972731840777273, 'trop_agb_crit': 29.120794898523076, 'trop_k_veg': 0.8079391052849625, 'pop_amp': 0.007028561133783721, 'pop_peak': 0.12651984878439324, 'pop_sig': 1.8726517405799457, 'fuel_k': 0.39770056257920156, 'fuel_half': 5.283917942523107}. Best is trial 0 with value: -0.6094076133578652.
[I 2026-08-19 14:29:44,715] Trial 87 finished with value: -0.5999137330068094 and parameters: {'k1': 0.0007499283901132183, 'D_low': 1249.5553547523925, 'k2': 2.954144673019781e-05, 'D_high': 1045569.4658035475, 'fire_exp': 1.0910175761347602, 'P_half': 149.28155985153978, 'pre_dampen_half': 3.6836358337675725, 'gpp_af': 0.004991735284740012, 'gpp_b': 0.00013818331812415075, 'gpp_d': 0.6689464242415893, 'ign_k': 6.327101768473328, 'ign_c': 1.8076635543097939, 'trop_agb_crit': 13.892875570737132, 'trop_k_veg': 1.6325177729855083, 'pop_amp': 0.06431312857577766, 'pop_peak': 3.443721138766074, 'pop_sig': 2.4102101356612504, 'fuel_k': 0.256495232996678, 'fuel_half': 1.417565690992426}. Best is trial 0 with value: -0.6094076133578652.
[I 2026-08-19 14:29:51,717] Trial 88 finished with value: -0.5620190152648317 and parameters: {'k1': 0.0005066529668933129, 'D_low': 3011.02864705484, 'k2': 3.315280775998176e-05, 'D_high': 48085.91771721607, 'fire_exp': 1.2934724818503363, 'P_half': 42.240548171135586, 'pre_dampen_half': 40.164178809673786, 'gpp_af': 0.003110331401171189, 'gpp_b': 9.169256902915117e-05, 'gpp_d': 0.9830247259974076, 'ign_k': 5.079944502386706, 'ign_c': 6.710346410380323, 'trop_agb_crit': 5.132753382396449, 'trop_k_veg': 0.6516229719380344, 'pop_amp': 0.06641426848633582, 'pop_peak': 3.8873567267163494, 'pop_sig': 1.915301515699897, 'fuel_k': 0.6547458225937073, 'fuel_half': 0.7264058291739732}. Best is trial 0 with value: -0.6094076133578652.
[I 2026-08-19 14:29:56,020] Trial 89 finished with value: -0.40471675048372013 and parameters: {'k1': 0.01066626516201983, 'D_low': 5508.302855691538, 'k2': 0.00033298012067907575, 'D_high': 5756.989620682868, 'fire_exp': 1.355758215435504, 'P_half': 20.996115576041667, 'pre_dampen_half': 89.83637335805619, 'gpp_af': 0.4559544494367813, 'gpp_b': 0.0016405870173183705, 'gpp_d': 35.10628965515984, 'ign_k': 3.29131310827452, 'ign_c': 2.7805939571982363, 'trop_agb_crit': 9.62492972785364, 'trop_k_veg': 1.0770091775807644, 'pop_amp': 0.007136581005487075, 'pop_peak': 17.4540412218203, 'pop_sig': 1.738860361030777, 'fuel_k': 0.29305081464822597, 'fuel_half': 82.98713772036443}. Best is trial 0 with value: -0.6094076133578652.
  trial   90/2500  best_overall=0.6094  (5.9 min)
[I 2026-08-19 14:29:59,837] Trial 90 finished with value: -0.441626165379985 and parameters: {'k1': 0.0009494149240789697, 'D_low': 473.6453196177935, 'k2': 0.00017208214449391293, 'D_high': 7391838.1497975215, 'fire_exp': 1.703018143889101, 'P_half': 769.8121176169219, 'pre_dampen_half': 4.8877174458482076, 'gpp_af': 0.001335559709104012, 'gpp_b': 0.0010423964996496423, 'gpp_d': 0.6359758195005286, 'ign_k': 7.146282455787407, 'ign_c': 2.29172513221935, 'trop_agb_crit': 21.041517765803814, 'trop_k_veg': 0.8640406893005445, 'pop_amp': 0.06707401290124979, 'pop_peak': 0.7640372387649101, 'pop_sig': 2.4936241481801082, 'fuel_k': 0.44516425814460964, 'fuel_half': 0.7684629283352662}. Best is trial 0 with value: -0.6094076133578652.
[I 2026-08-19 14:30:03,829] Trial 91 finished with value: -0.3749889094200157 and parameters: {'k1': 0.0005925025760864447, 'D_low': 76147.20999768279, 'k2': 2.8450193867603507e-05, 'D_high': 82514.37702359851, 'fire_exp': 1.808627582502258, 'P_half': 31.229967304567054, 'pre_dampen_half': 2.2567779963800376, 'gpp_af': 0.0015302539228202005, 'gpp_b': 0.0005952983421075841, 'gpp_d': 0.0991636855337294, 'ign_k': 2.050660480630423, 'ign_c': 1.9714644972337763, 'trop_agb_crit': 16.108884581695204, 'trop_k_veg': 1.3828661701334237, 'pop_amp': 0.10829641962581266, 'pop_peak': 3.526131400610847, 'pop_sig': 1.5843148693158096, 'fuel_k': 0.027653250187001818, 'fuel_half': 9.234804523859147}. Best is trial 0 with value: -0.6094076133578652.
[I 2026-08-19 14:30:07,792] Trial 92 finished with value: -0.5689113262113497 and parameters: {'k1': 0.00040728860553703805, 'D_low': 5896.21103121345, 'k2': 4.254245688874945e-05, 'D_high': 1598362.6942490817, 'fire_exp': 1.0725579569564458, 'P_half': 67.21569224399141, 'pre_dampen_half': 0.7454767586339958, 'gpp_af': 0.0022574527135625654, 'gpp_b': 3.85060667005914e-05, 'gpp_d': 3.879072022743013, 'ign_k': 8.024826308644629, 'ign_c': 4.224828557837634, 'trop_agb_crit': 4.363594725847126, 'trop_k_veg': 5.237986996898638, 'pop_amp': 0.0029184345916978068, 'pop_peak': 0.053160106762237945, 'pop_sig': 1.8726054816905426, 'fuel_k': 0.3298333872389539, 'fuel_half': 1.366027882197164}. Best is trial 0 with value: -0.6094076133578652.
[I 2026-08-19 14:30:11,675] Trial 93 finished with value: -0.477426370816804 and parameters: {'k1': 3.188438312281467e-05, 'D_low': 4019.095641124796, 'k2': 2.726256206422865e-05, 'D_high': 6742208.137400124, 'fire_exp': 1.6701582909608665, 'P_half': 22.144623925877653, 'pre_dampen_half': 0.24097719402232148, 'gpp_af': 0.007898525123648597, 'gpp_b': 0.0002001364204291882, 'gpp_d': 3.194557147150026, 'ign_k': 9.074532514829286, 'ign_c': 10.556006297782531, 'trop_agb_crit': 4.61823203921519, 'trop_k_veg': 7.4237803998194405, 'pop_amp': 0.0018868060407954362, 'pop_peak': 0.13351208190264144, 'pop_sig': 2.1889154131102626, 'fuel_k': 0.3158717817793679, 'fuel_half': 0.2512066587320162}. Best is trial 0 with value: -0.6094076133578652.
[I 2026-08-19 14:30:15,667] Trial 94 finished with value: -0.3554625854118624 and parameters: {'k1': 0.0020052435067311036, 'D_low': 152532.786949071, 'k2': 0.00030329015655906834, 'D_high': 9368.35079777286, 'fire_exp': 1.0888666876590993, 'P_half': 46.653954371306284, 'pre_dampen_half': 742.807634465961, 'gpp_af': 0.23388776309160736, 'gpp_b': 3.0068380383097187e-05, 'gpp_d': 2.4795338767744157, 'ign_k': 1.2153682138123751, 'ign_c': 106.4708680938945, 'trop_agb_crit': 13.263533430025198, 'trop_k_veg': 2.3623433415586623, 'pop_amp': 0.11407781860018054, 'pop_peak': 45.74212984932306, 'pop_sig': 1.4523824804245336, 'fuel_k': 0.4382850220740055, 'fuel_half': 0.14235553459015668}. Best is trial 0 with value: -0.6094076133578652.
[I 2026-08-19 14:30:19,250] Trial 95 finished with value: -0.3554625854118624 and parameters: {'k1': 0.0032109218015562387, 'D_low': 27885.981036940953, 'k2': 4.786466003479281e-05, 'D_high': 9510178.978400942, 'fire_exp': 1.0015191654950288, 'P_half': 2610.461217337011, 'pre_dampen_half': 0.010977185850630601, 'gpp_af': 0.025376412276965365, 'gpp_b': 0.002160708936924585, 'gpp_d': 181.02227069168794, 'ign_k': 3.054880756264998, 'ign_c': 151.9530813176682, 'trop_agb_crit': 8.226597410828793, 'trop_k_veg': 3.8820424090658165, 'pop_amp': 0.0028855569681999335, 'pop_peak': 0.20009893088008657, 'pop_sig': 1.6045110674626466, 'fuel_k': 0.56480502804654, 'fuel_half': 8.614659373238856}. Best is trial 0 with value: -0.6094076133578652.
  trial   96/2500  best_overall=0.6094  (6.3 min)
[I 2026-08-19 14:30:23,539] Trial 96 finished with value: -0.5325468238470912 and parameters: {'k1': 0.001435788011747992, 'D_low': 47661.533702666195, 'k2': 0.00029336922270818114, 'D_high': 9996050.022435639, 'fire_exp': 1.0573353970981516, 'P_half': 143.8809797505299, 'pre_dampen_half': 82.85166577288531, 'gpp_af': 0.023209262971031278, 'gpp_b': 3.0497511143725083e-05, 'gpp_d': 0.6380212835029564, 'ign_k': 0.7665326390951248, 'ign_c': 9.020595038668295, 'trop_agb_crit': 29.3162510049134, 'trop_k_veg': 1.0798979810377238, 'pop_amp': 0.003100002733276335, 'pop_peak': 8.30521536597083, 'pop_sig': 0.5685730744380854, 'fuel_k': 0.3014708573958407, 'fuel_half': 0.12348337668270852}. Best is trial 0 with value: -0.6094076133578652.
[I 2026-08-19 14:30:27,208] Trial 97 finished with value: -0.45567232808458547 and parameters: {'k1': 1.2280937608627087e-05, 'D_low': 30310.188851527986, 'k2': 0.0011675633522038008, 'D_high': 6534318.142064296, 'fire_exp': 1.0508760183200907, 'P_half': 5713.430819947213, 'pre_dampen_half': 23.138555986168235, 'gpp_af': 0.046432036351010966, 'gpp_b': 0.0014067592358376552, 'gpp_d': 288.6982300487756, 'ign_k': 0.15203523704856964, 'ign_c': 2.4264583499487675, 'trop_agb_crit': 19.124961273760373, 'trop_k_veg': 6.085750424356799, 'pop_amp': 19.862468604557947, 'pop_peak': 41.33132778030466, 'pop_sig': 0.8157522109667653, 'fuel_k': 0.3046482794293697, 'fuel_half': 0.24958575267612243}. Best is trial 0 with value: -0.6094076133578652.
[I 2026-08-19 14:30:35,412] Trial 98 finished with value: -0.5832702631114914 and parameters: {'k1': 0.028084230293948943, 'D_low': 65.35094686589918, 'k2': 4.212539591530898e-05, 'D_high': 1423827.6354041772, 'fire_exp': 1.0513015695042973, 'P_half': 45.51742750379539, 'pre_dampen_half': 0.5289728177166397, 'gpp_af': 0.895746642520157, 'gpp_b': 0.0008164836407298209, 'gpp_d': 8.90161330103718, 'ign_k': 6.418023127396971, 'ign_c': 1.7465039939724463, 'trop_agb_crit': 17.76882641070305, 'trop_k_veg': 1.6555131892945436, 'pop_amp': 0.0013507215657144749, 'pop_peak': 1.1967803480378654, 'pop_sig': 1.7329460401396097, 'fuel_k': 0.33110985105047386, 'fuel_half': 40.799341770884745}. Best is trial 0 with value: -0.6094076133578652.
[I 2026-08-19 14:30:43,530] Trial 99 finished with value: -0.42609769639257455 and parameters: {'k1': 0.011965176828087164, 'D_low': 857.6965056781601, 'k2': 0.0008037579916183622, 'D_high': 6330.015763703566, 'fire_exp': 1.3596180411458914, 'P_half': 14.743869324576922, 'pre_dampen_half': 1.5470217820265166, 'gpp_af': 0.049782599885832786, 'gpp_b': 4.6691093047686185e-05, 'gpp_d': 3.5237216871947648, 'ign_k': 2.133157700427777, 'ign_c': 8.228906550384442, 'trop_agb_crit': 21.787227367181835, 'trop_k_veg': 1.337580202559624, 'pop_amp': 0.03559642063046552, 'pop_peak': 2.6928564521755582, 'pop_sig': 1.058229056298891, 'fuel_k': 0.07476077100465428, 'fuel_half': 16.33848145373132}. Best is trial 0 with value: -0.6094076133578652.
  trial  100/2500  best_overall=0.6094  (6.7 min)
[I 2026-08-19 14:30:46,312] Trial 100 finished with value: -0.54801926021753 and parameters: {'k1': 0.014833528212657012, 'D_low': 743.4622739520564, 'k2': 0.00020796495268017142, 'D_high': 5285304.439435682, 'fire_exp': 1.046190149358947, 'P_half': 244.31255755161112, 'pre_dampen_half': 0.2570477518580467, 'gpp_af': 0.08580283905183143, 'gpp_b': 3.1140694242997634e-05, 'gpp_d': 25.139615145931945, 'ign_k': 3.110403404255918, 'ign_c': 1.1638367339509097, 'trop_agb_crit': 12.166103475176849, 'trop_k_veg': 1.2773822221991522, 'pop_amp': 0.0010866181256505936, 'pop_peak': 36.86763882177329, 'pop_sig': 1.1022111442474953, 'fuel_k': 1.3405203917535817, 'fuel_half': 49.30824442427068}. Best is trial 0 with value: -0.6094076133578652.
[I 2026-08-19 14:30:48,783] Trial 101 finished with value: -0.5647081381669903 and parameters: {'k1': 0.0224291245782911, 'D_low': 1.1041466833616094, 'k2': 0.00033134174309166846, 'D_high': 707825.100996095, 'fire_exp': 1.584012486157454, 'P_half': 97.17743595389636, 'pre_dampen_half': 20.563859405893048, 'gpp_af': 0.07446778679196703, 'gpp_b': 0.0022514249383804932, 'gpp_d': 7.339641757965359, 'ign_k': 7.904756007484236, 'ign_c': 3.307317004816678, 'trop_agb_crit': 4.939727813082344, 'trop_k_veg': 2.2803503278525965, 'pop_amp': 0.0020982169488079462, 'pop_peak': 0.4987355170299757, 'pop_sig': 2.087886308532144, 'fuel_k': 0.29488001944916753, 'fuel_half': 24.50454832371007}. Best is trial 0 with value: -0.6094076133578652.
[I 2026-08-19 14:30:51,345] Trial 102 finished with value: -0.4507125868557999 and parameters: {'k1': 0.0006084218568585872, 'D_low': 6587.033509596014, 'k2': 1.4923781236757463e-05, 'D_high': 104612.3627435391, 'fire_exp': 1.0098158595642428, 'P_half': 11.65168896551003, 'pre_dampen_half': 0.5401346543642384, 'gpp_af': 0.0016944125342148331, 'gpp_b': 0.0009897054806848398, 'gpp_d': 1.376926404178031, 'ign_k': 0.8133916332406448, 'ign_c': 0.2643618293076286, 'trop_agb_crit': 12.054624326316816, 'trop_k_veg': 7.169231324032808, 'pop_amp': 0.07073186498009684, 'pop_peak': 0.13865824275876376, 'pop_sig': 1.639750079904783, 'fuel_k': 0.31541052876347486, 'fuel_half': 5.162830347575249}. Best is trial 0 with value: -0.6094076133578652.
[I 2026-08-19 14:30:53,801] Trial 103 finished with value: -0.45747076561026556 and parameters: {'k1': 0.009325737338601139, 'D_low': 419.04039512070824, 'k2': 3.434342380839219e-05, 'D_high': 5351549.429349976, 'fire_exp': 1.2677753988221578, 'P_half': 18.502265699282127, 'pre_dampen_half': 0.051030510959535695, 'gpp_af': 3.879250762127739, 'gpp_b': 0.007233662075020071, 'gpp_d': 0.5614672660872778, 'ign_k': 0.6690865364044226, 'ign_c': 1.0497836013127342, 'trop_agb_crit': 24.537966445525107, 'trop_k_veg': 0.9953690150985903, 'pop_amp': 0.13873620792650088, 'pop_peak': 1.1765716284726087, 'pop_sig': 1.6688687550974377, 'fuel_k': 0.2246197393757432, 'fuel_half': 22.358454275886412}. Best is trial 0 with value: -0.6094076133578652.
[I 2026-08-19 14:30:56,006] Trial 104 finished with value: -0.590723469055329 and parameters: {'k1': 0.013689122095778591, 'D_low': 633.2051106072512, 'k2': 2.531411004711157e-05, 'D_high': 1880065.4320173701, 'fire_exp': 1.1655116710677287, 'P_half': 43.33660611833629, 'pre_dampen_half': 3.8855661292233163, 'gpp_af': 0.5133179062423178, 'gpp_b': 0.010096250579912387, 'gpp_d': 16.102650515544678, 'ign_k': 0.6702309689777276, 'ign_c': 1.598184552440055, 'trop_agb_crit': 28.73247731563739, 'trop_k_veg': 1.456085017421412, 'pop_amp': 0.0063108819879929435, 'pop_peak': 5.275059502565662, 'pop_sig': 1.2033263281536475, 'fuel_k': 1.3929000501653563, 'fuel_half': 97.45839086692241}. Best is trial 0 with value: -0.6094076133578652.
[I 2026-08-19 14:30:58,094] Trial 105 finished with value: -0.5573265380648974 and parameters: {'k1': 0.016309212753597726, 'D_low': 71.10161001241683, 'k2': 2.7316591189978405e-05, 'D_high': 988599.366064179, 'fire_exp': 1.5748382541405688, 'P_half': 30.64731404302657, 'pre_dampen_half': 1.0398865901227394, 'gpp_af': 0.18716698663445863, 'gpp_b': 0.018899159982925066, 'gpp_d': 54.12165655278412, 'ign_k': 3.015363820663906, 'ign_c': 4.5669273751572295, 'trop_agb_crit': 17.061837978702314, 'trop_k_veg': 2.2511389326146696, 'pop_amp': 0.0015255812131918375, 'pop_peak': 2.2001662313623056, 'pop_sig': 1.4640092717501698, 'fuel_k': 2.324858064637491, 'fuel_half': 54.338359218380255}. Best is trial 0 with value: -0.6094076133578652.
[I 2026-08-19 14:31:00,740] Trial 106 finished with value: -0.5543961249422118 and parameters: {'k1': 0.06771601096436902, 'D_low': 346.93144533086786, 'k2': 1.5855604653077465e-05, 'D_high': 257063.25308228898, 'fire_exp': 1.1831123289377368, 'P_half': 1048.6478458665886, 'pre_dampen_half': 38.62482305183497, 'gpp_af': 0.27143714528226115, 'gpp_b': 0.0227627524053088, 'gpp_d': 155.43472667782518, 'ign_k': 0.06726457285488617, 'ign_c': 0.3658858941375731, 'trop_agb_crit': 13.849575689139636, 'trop_k_veg': 3.2163909812492046, 'pop_amp': 0.07500729689346239, 'pop_peak': 11.639011772774792, 'pop_sig': 1.3028744707849682, 'fuel_k': 3.3417112968264555, 'fuel_half': 62.39096606320091}. Best is trial 0 with value: -0.6094076133578652.
[I 2026-08-19 14:31:04,036] Trial 107 finished with value: -0.4840698576948502 and parameters: {'k1': 0.004180740198179543, 'D_low': 1.0446514500693733, 'k2': 1.2636222472077402e-05, 'D_high': 4138531.870240527, 'fire_exp': 1.654219180568156, 'P_half': 116.75631777913817, 'pre_dampen_half': 0.1346834345470957, 'gpp_af': 0.3216110329655381, 'gpp_b': 0.00019050860251111778, 'gpp_d': 0.30098178119760616, 'ign_k': 4.433627882437657, 'ign_c': 1.8387353517914176, 'trop_agb_crit': 21.323674523522936, 'trop_k_veg': 1.9402001714898887, 'pop_amp': 0.010865005966539642, 'pop_peak': 0.7590813549476352, 'pop_sig': 1.9622101456999437, 'fuel_k': 0.5490945408375034, 'fuel_half': 12.336449980679784}. Best is trial 0 with value: -0.6094076133578652.
  trial  108/2500  best_overall=0.6094  (7.0 min)
[I 2026-08-19 14:31:06,375] Trial 108 finished with value: -0.4554586720851197 and parameters: {'k1': 0.020525959714938275, 'D_low': 13211.811863078838, 'k2': 0.00012273734416673622, 'D_high': 150070.32664464528, 'fire_exp': 1.0820244724746397, 'P_half': 259.39772554325396, 'pre_dampen_half': 0.3956835519503203, 'gpp_af': 0.6361851475626045, 'gpp_b': 0.005736559854001387, 'gpp_d': 4.040601823500104, 'ign_k': 5.438747390543739, 'ign_c': 3.735528872279671, 'trop_agb_crit': 29.134437223857095, 'trop_k_veg': 0.8016859035049502, 'pop_amp': 0.0011203200106183278, 'pop_peak': 10.199461981113133, 'pop_sig': 0.6983381669100509, 'fuel_k': 0.06370971227146359, 'fuel_half': 12.600758211041512}. Best is trial 0 with value: -0.6094076133578652.
[I 2026-08-19 14:31:08,824] Trial 109 finished with value: -0.5153329209726276 and parameters: {'k1': 0.06524147248001373, 'D_low': 4236.973473875543, 'k2': 7.067321466166582e-05, 'D_high': 2763812.879025371, 'fire_exp': 1.1280005467301115, 'P_half': 5.223389005465172, 'pre_dampen_half': 0.7794448993491074, 'gpp_af': 0.22203428878316203, 'gpp_b': 0.05385286409637681, 'gpp_d': 11.123456685858532, 'ign_k': 1.076507900355063, 'ign_c': 0.6367693274670657, 'trop_agb_crit': 26.898484732510802, 'trop_k_veg': 2.009205896628033, 'pop_amp': 0.01736724641265587, 'pop_peak': 5.5096683989342266, 'pop_sig': 0.6149795121261956, 'fuel_k': 2.449067329685891, 'fuel_half': 81.6431786215023}. Best is trial 0 with value: -0.6094076133578652.
[I 2026-08-19 14:31:11,174] Trial 110 finished with value: -0.4591466784494365 and parameters: {'k1': 0.00019978767223759346, 'D_low': 24.121485638362195, 'k2': 0.00032268854211059845, 'D_high': 3150071.7342329263, 'fire_exp': 1.0630822171463195, 'P_half': 3557.9331591806035, 'pre_dampen_half': 1.1648608861454104, 'gpp_af': 0.05506717350086349, 'gpp_b': 6.676601135665291e-05, 'gpp_d': 33.16839789043431, 'ign_k': 9.221741662974205, 'ign_c': 5.004666949423009, 'trop_agb_crit': 26.144719257080684, 'trop_k_veg': 2.270372920913911, 'pop_amp': 0.0011008816876944213, 'pop_peak': 1.4082848018883207, 'pop_sig': 0.7557617381507901, 'fuel_k': 0.15671030636577443, 'fuel_half': 0.10827308031484331}. Best is trial 0 with value: -0.6094076133578652.
[I 2026-08-19 14:31:13,374] Trial 111 finished with value: -0.5954334683683575 and parameters: {'k1': 0.014716339178351407, 'D_low': 3121.0432050926993, 'k2': 3.1877967134270015e-05, 'D_high': 323550.93449495215, 'fire_exp': 1.230088936225559, 'P_half': 81.1613349225573, 'pre_dampen_half': 2.6249631278282877, 'gpp_af': 0.008239279673822831, 'gpp_b': 5.014306921852201e-05, 'gpp_d': 0.6918490258927097, 'ign_k': 1.465603733892106, 'ign_c': 19.18945442096289, 'trop_agb_crit': 12.418964709039132, 'trop_k_veg': 7.635963996402683, 'pop_amp': 0.004146098554594166, 'pop_peak': 0.19338057727912994, 'pop_sig': 0.737031654937395, 'fuel_k': 1.6108316888679908, 'fuel_half': 0.21363453627714843}. Best is trial 0 with value: -0.6094076133578652.
[I 2026-08-19 14:31:15,708] Trial 112 finished with value: -0.47888493393723897 and parameters: {'k1': 0.0034330540795390846, 'D_low': 915.4546148618006, 'k2': 2.3211919001829702e-05, 'D_high': 1438146.8916244758, 'fire_exp': 1.2628654361587772, 'P_half': 242.25594348247893, 'pre_dampen_half': 0.026670487773163467, 'gpp_af': 4.376418894706203, 'gpp_b': 9.828033405258894e-05, 'gpp_d': 14.694210886027117, 'ign_k': 2.162581541181575, 'ign_c': 2.7053759989797133, 'trop_agb_crit': 9.051570049713707, 'trop_k_veg': 2.0514791733186617, 'pop_amp': 0.00718245438273757, 'pop_peak': 0.3115094396303059, 'pop_sig': 0.6903303250071386, 'fuel_k': 0.07066934588544385, 'fuel_half': 44.56292235980856}. Best is trial 0 with value: -0.6094076133578652.
[I 2026-08-19 14:31:18,135] Trial 113 finished with value: -0.6020271089403969 and parameters: {'k1': 0.0003488383522325128, 'D_low': 452.82350444583227, 'k2': 1.141133557088277e-05, 'D_high': 3559750.3561925935, 'fire_exp': 1.1803328705395526, 'P_half': 94.80658531901892, 'pre_dampen_half': 2.8179910666518784, 'gpp_af': 0.0037509585157663233, 'gpp_b': 3.703226127192224e-05, 'gpp_d': 0.6099424747599586, 'ign_k': 4.203895522629421, 'ign_c': 5.821360461734201, 'trop_agb_crit': 6.3473208407255015, 'trop_k_veg': 2.107837488889886, 'pop_amp': 0.10125545817490635, 'pop_peak': 0.7558220164724361, 'pop_sig': 2.023816505587806, 'fuel_k': 0.1523854196363126, 'fuel_half': 0.3029731932435089}. Best is trial 0 with value: -0.6094076133578652.
[I 2026-08-19 14:31:20,561] Trial 114 finished with value: -0.6008686941909722 and parameters: {'k1': 0.0035226692875751303, 'D_low': 141.86259837411856, 'k2': 5.7330635984851244e-05, 'D_high': 891136.3793443169, 'fire_exp': 1.2696902392979426, 'P_half': 120.85490693621718, 'pre_dampen_half': 4.037267867325985, 'gpp_af': 0.002757048679200159, 'gpp_b': 7.237237116935157e-05, 'gpp_d': 0.015927887539343728, 'ign_k': 0.5934211075145008, 'ign_c': 4.970370925435801, 'trop_agb_crit': 14.244536032498463, 'trop_k_veg': 6.059006572981397, 'pop_amp': 0.10193081778746338, 'pop_peak': 0.4832438526846852, 'pop_sig': 0.48337985601843875, 'fuel_k': 0.4690920774847241, 'fuel_half': 0.9027258613312986}. Best is trial 0 with value: -0.6094076133578652.
