[I 2026-06-10 17:41:33,528] Trial 777 finished with values: [16.074004811385077, 16.074004811385077] and parameters: {'k1': 0.016973078532467004, 'D_low': 43.2326421037033, 'k2': 0.02939607009739149, 'D_high': 44974.07193749848, 'fire_exp': 1.5191397119156032, 'P_half': 101.40635645866499, 'pre_dampen_half': 98.05638874011484, 'gpp_af': 0.10098504976210308, 'gpp_b': 1.1008110571039521e-05, 'gpp_d': 95.2715755007094, 'ign_k': 1.6270983114897255, 'ign_c': 0.10435856341129002, 'trop_agb_crit': 1.5033346993841157, 'trop_k_veg': 4.469525707857632, 'fire_amp': 2.6192385880432525}.
[I 2026-06-10 17:41:35,001] Trial 778 finished with values: [10.866549659053291, 10.866549659053291] and parameters: {'k1': 9.293516267059069e-05, 'D_low': 43.2326421037033, 'k2': 0.0001016707987819611, 'D_high': 451.02062878998754, 'fire_exp': 1.14171776851287, 'P_half': 157.80309954142965, 'pre_dampen_half': 0.3337303435204265, 'gpp_af': 0.0025386125063826667, 'gpp_b': 0.00012118589392553798, 'gpp_d': 12.338826503601998, 'ign_k': 0.004105873950290761, 'ign_c': 1.4091459170104739, 'trop_agb_crit': 1.513702538071769, 'trop_k_veg': 0.6618107836658104, 'fire_amp': 1.5719333351012774}.
[I 2026-06-10 17:41:36,321] Trial 779 finished with values: [10.652880322362206, 10.652880322362206] and parameters: {'k1': 9.293516267059069e-05, 'D_low': 171.2446447678494, 'k2': 0.0001016707987819611, 'D_high': 76838.76502998071, 'fire_exp': 1.9365919987098117, 'P_half': 157.80309954142965, 'pre_dampen_half': 8.259599205585761, 'gpp_af': 0.8057329182285734, 'gpp_b': 2.800940363375676e-05, 'gpp_d': 0.7698760608299932, 'ign_k': 0.4303356629825978, 'ign_c': 22.126836566118193, 'trop_agb_crit': 3.937772188016226, 'trop_k_veg': 4.796046723963646, 'fire_amp': 2.6192385880432525}.
[I 2026-06-10 17:41:37,660] Trial 780 finished with values: [10.801633885597612, 10.801633885597612] and parameters: {'k1': 4.944223106753944e-05, 'D_low': 43.2326421037033, 'k2': 0.0001016707987819611, 'D_high': 262.11304189124235, 'fire_exp': 1.4690410989404576, 'P_half': 8.318314747941244, 'pre_dampen_half': 8.259599205585761, 'gpp_af': 0.8057329182285734, 'gpp_b': 0.004411400434514031, 'gpp_d': 545.0253444559129, 'ign_k': 3.965503094323014, 'ign_c': 22.126836566118193, 'trop_agb_crit': 1.5033346993841157, 'trop_k_veg': 2.724170387400844, 'fire_amp': 1.5719333351012774}.
[I 2026-06-10 17:41:39,038] Trial 781 finished with values: [10.650989479084663, 10.650989479084663] and parameters: {'k1': 0.00031134168041628584, 'D_low': 1739.6167422846984, 'k2': 3.152468275632564e-05, 'D_high': 76838.76502998071, 'fire_exp': 1.069663761954776, 'P_half': 157.80309954142965, 'pre_dampen_half': 103.54508504947606, 'gpp_af': 0.0662749342026412, 'gpp_b': 1.4540386644083135e-05, 'gpp_d': 545.0253444559129, 'ign_k': 0.00840038491455979, 'ign_c': 1.4091459170104739, 'trop_agb_crit': 8.188098178380693, 'trop_k_veg': 1.5030844497004798, 'fire_amp': 1.5587346124822492}.
[I 2026-06-10 17:41:40,596] Trial 782 finished with values: [10.22786889869607, 10.22786889869607] and parameters: {'k1': 0.0869690639641868, 'D_low': 43.2326421037033, 'k2': 0.02939607009739149, 'D_high': 44974.07193749848, 'fire_exp': 3.2459542834651627, 'P_half': 157.80309954142965, 'pre_dampen_half': 8.259599205585761, 'gpp_af': 0.10098504976210308, 'gpp_b': 2.1309331861011757e-05, 'gpp_d': 95.2715755007094, 'ign_k': 3.965503094323014, 'ign_c': 0.10435856341129002, 'trop_agb_crit': 3.5874145253515306, 'trop_k_veg': 3.4337960558650757, 'fire_amp': 1.85916500023103}.
[I 2026-06-10 17:41:42,483] Trial 783 finished with values: [10.987625606165999, 10.987625606165999] and parameters: {'k1': 0.028401063201780267, 'D_low': 43.2326421037033, 'k2': 0.0001016707987819611, 'D_high': 2427.054417940131, 'fire_exp': 1.4690410989404576, 'P_half': 157.80309954142965, 'pre_dampen_half': 269.0845367054866, 'gpp_af': 0.8057329182285734, 'gpp_b': 1.1008110571039521e-05, 'gpp_d': 12.338826503601998, 'ign_k': 0.4303356629825978, 'ign_c': 22.126836566118193, 'trop_agb_crit': 1.5033346993841157, 'trop_k_veg': 0.5535297685306277, 'fire_amp': 5.44779717154213}.
[I 2026-06-10 17:41:43,779] Trial 784 finished with values: [10.37815663353983, 10.37815663353983] and parameters: {'k1': 0.00031134168041628584, 'D_low': 1440.3650379563878, 'k2': 0.00025923015361558547, 'D_high': 42210.21267871043, 'fire_exp': 1.069663761954776, 'P_half': 157.80309954142965, 'pre_dampen_half': 1.8469033699850426, 'gpp_af': 27.448645214004376, 'gpp_b': 2.800940363375676e-05, 'gpp_d': 236.32429088389833, 'ign_k': 0.0029519227433917453, 'ign_c': 13.054148118849394, 'trop_agb_crit': 8.188098178380693, 'trop_k_veg': 4.796046723963646, 'fire_amp': 5.606809127618709}.
[I 2026-06-10 17:41:45,096] Trial 785 finished with values: [10.613546310025662, 10.613546310025662] and parameters: {'k1': 0.00031134168041628584, 'D_low': 7988.050530300041, 'k2': 0.0001016707987819611, 'D_high': 76838.76502998071, 'fire_exp': 1.4690410989404576, 'P_half': 366.3433473924884, 'pre_dampen_half': 1.8469033699850426, 'gpp_af': 27.448645214004376, 'gpp_b': 0.0006809980431188124, 'gpp_d': 545.0253444559129, 'ign_k': 3.965503094323014, 'ign_c': 7.081721844034206, 'trop_agb_crit': 8.188098178380693, 'trop_k_veg': 0.5535297685306277, 'fire_amp': 5.606809127618709}.
[I 2026-06-10 17:41:46,546] Trial 786 finished with values: [10.457408753743355, 10.457408753743355] and parameters: {'k1': 0.006079905434073396, 'D_low': 427.93836042014675, 'k2': 0.0001016707987819611, 'D_high': 18108.14362107968, 'fire_exp': 1.4572158037266703, 'P_half': 157.80309954142965, 'pre_dampen_half': 903.3231300044874, 'gpp_af': 27.448645214004376, 'gpp_b': 0.00043225896016820903, 'gpp_d': 12.338826503601998, 'ign_k': 3.965503094323014, 'ign_c': 7.081721844034206, 'trop_agb_crit': 8.188098178380693, 'trop_k_veg': 0.5535297685306277, 'fire_amp': 1.5719333351012774}.
[I 2026-06-10 17:41:48,135] Trial 787 finished with values: [10.067877708438187, 10.067877708438187] and parameters: {'k1': 0.0869690639641868, 'D_low': 1739.6167422846984, 'k2': 0.02939607009739149, 'D_high': 44974.07193749848, 'fire_exp': 1.4690410989404576, 'P_half': 101.40635645866499, 'pre_dampen_half': 129.5396794881549, 'gpp_af': 0.09885838682552685, 'gpp_b': 0.00012118589392553798, 'gpp_d': 545.0253444559129, 'ign_k': 1.6270983114897255, 'ign_c': 2.226297338331262, 'trop_agb_crit': 3.5874145253515306, 'trop_k_veg': 0.7220139871468583, 'fire_amp': 1.5719333351012774}.
[I 2026-06-10 17:41:49,658] Trial 788 finished with values: [-0.4788371530585602, 0.3697126950516879] and parameters: {'k1': 0.0326979063339169, 'D_low': 1739.6167422846984, 'k2': 0.0001016707987819611, 'D_high': 44974.07193749848, 'fire_exp': 1.4572158037266703, 'P_half': 101.40635645866499, 'pre_dampen_half': 155.08737608723771, 'gpp_af': 0.09885838682552685, 'gpp_b': 2.1309331861011757e-05, 'gpp_d': 95.2715755007094, 'ign_k': 0.4303356629825978, 'ign_c': 1.4091459170104739, 'trop_agb_crit': 2.1989086830950257, 'trop_k_veg': 2.724170387400844, 'fire_amp': 1.1202509284327942}.
[I 2026-06-10 17:41:50,981] Trial 789 finished with values: [10.106210543101707, 10.106210543101707] and parameters: {'k1': 0.028401063201780267, 'D_low': 43.2326421037033, 'k2': 0.0001016707987819611, 'D_high': 2427.054417940131, 'fire_exp': 1.5191397119156032, 'P_half': 157.80309954142965, 'pre_dampen_half': 8.259599205585761, 'gpp_af': 0.10098504976210308, 'gpp_b': 0.00012118589392553798, 'gpp_d': 545.0253444559129, 'ign_k': 3.965503094323014, 'ign_c': 22.126836566118193, 'trop_agb_crit': 1.5033346993841157, 'trop_k_veg': 2.724170387400844, 'fire_amp': 5.44779717154213}.
[I 2026-06-10 17:41:52,382] Trial 790 finished with values: [11.179478525182715, 11.179478525182715] and parameters: {'k1': 0.006079905434073396, 'D_low': 12.105387404469584, 'k2': 0.045914852167405346, 'D_high': 28058.07870333385, 'fire_exp': 1.5191397119156032, 'P_half': 157.80309954142965, 'pre_dampen_half': 8.259599205585761, 'gpp_af': 0.10098504976210308, 'gpp_b': 0.00012118589392553798, 'gpp_d': 12.338826503601998, 'ign_k': 0.0467351899956275, 'ign_c': 1.4091459170104739, 'trop_agb_crit': 1.5033346993841157, 'trop_k_veg': 2.724170387400844, 'fire_amp': 5.44779717154213}.
[I 2026-06-10 17:41:53,753] Trial 791 finished with values: [10.59048834042025, 10.59048834042025] and parameters: {'k1': 0.006079905434073396, 'D_low': 1739.6167422846984, 'k2': 0.049094038862232466, 'D_high': 76838.76502998071, 'fire_exp': 3.2459542834651627, 'P_half': 101.40635645866499, 'pre_dampen_half': 103.54508504947606, 'gpp_af': 0.09885838682552685, 'gpp_b': 0.0006809980431188124, 'gpp_d': 95.2715755007094, 'ign_k': 3.965503094323014, 'ign_c': 0.10435856341129002, 'trop_agb_crit': 8.188098178380693, 'trop_k_veg': 4.796046723963646, 'fire_amp': 1.5587346124822492}.
[I 2026-06-10 17:41:55,253] Trial 792 finished with values: [10.18799831340487, 10.18799831340487] and parameters: {'k1': 0.012840669372724958, 'D_low': 43.2326421037033, 'k2': 0.0001016707987819611, 'D_high': 262.11304189124235, 'fire_exp': 1.4690410989404576, 'P_half': 157.80309954142965, 'pre_dampen_half': 903.3231300044874, 'gpp_af': 27.448645214004376, 'gpp_b': 0.00012118589392553798, 'gpp_d': 545.0253444559129, 'ign_k': 3.965503094323014, 'ign_c': 1.4091459170104739, 'trop_agb_crit': 3.1419938725278875, 'trop_k_veg': 0.6618107836658104, 'fire_amp': 1.1202509284327942}.
[I 2026-06-10 17:41:56,766] Trial 793 finished with values: [-0.5681908964972265, 0.27185319225331983] and parameters: {'k1': 0.006079905434073396, 'D_low': 2.414672422128219, 'k2': 1.2432381951316053e-05, 'D_high': 99461.47674311613, 'fire_exp': 1.069663761954776, 'P_half': 157.80309954142965, 'pre_dampen_half': 2.7246429232774694, 'gpp_af': 27.448645214004376, 'gpp_b': 0.00012118589392553798, 'gpp_d': 545.0253444559129, 'ign_k': 3.965503094323014, 'ign_c': 7.081721844034206, 'trop_agb_crit': 8.188098178380693, 'trop_k_veg': 6.172643383211297, 'fire_amp': 1.5587346124822492}.
[I 2026-06-10 17:41:58,136] Trial 794 finished with values: [15.127682113092511, 15.127682113092511] and parameters: {'k1': 0.0869690639641868, 'D_low': 43.2326421037033, 'k2': 0.02065142557895925, 'D_high': 42210.21267871043, 'fire_exp': 1.4690410989404576, 'P_half': 118.94665366442581, 'pre_dampen_half': 903.3231300044874, 'gpp_af': 0.3939208112794227, 'gpp_b': 0.00012118589392553798, 'gpp_d': 95.2715755007094, 'ign_k': 3.965503094323014, 'ign_c': 1.4091459170104739, 'trop_agb_crit': 3.5874145253515306, 'trop_k_veg': 4.796046723963646, 'fire_amp': 1.5719333351012774}.
[I 2026-06-10 17:41:59,481] Trial 795 finished with values: [10.099544927838329, 10.099544927838329] and parameters: {'k1': 0.006079905434073396, 'D_low': 266.07970538371484, 'k2': 0.0001016707987819611, 'D_high': 2427.054417940131, 'fire_exp': 1.5191397119156032, 'P_half': 8.318314747941244, 'pre_dampen_half': 8.259599205585761, 'gpp_af': 0.10098504976210308, 'gpp_b': 0.00012118589392553798, 'gpp_d': 545.0253444559129, 'ign_k': 3.965503094323014, 'ign_c': 22.126836566118193, 'trop_agb_crit': 8.188098178380693, 'trop_k_veg': 4.167664671344212, 'fire_amp': 5.44779717154213}.
[I 2026-06-10 17:42:00,823] Trial 796 finished with values: [10.642242000636362, 10.642242000636362] and parameters: {'k1': 0.00031134168041628584, 'D_low': 5.004428734228137, 'k2': 0.02939607009739149, 'D_high': 22.636544662054543, 'fire_exp': 1.0601964743503993, 'P_half': 118.94665366442581, 'pre_dampen_half': 33.71909132517384, 'gpp_af': 0.3939208112794227, 'gpp_b': 2.800940363375676e-05, 'gpp_d': 95.2715755007094, 'ign_k': 0.00840038491455979, 'ign_c': 0.10435856341129002, 'trop_agb_crit': 8.188098178380693, 'trop_k_veg': 0.6618107836658104, 'fire_amp': 1.5587346124822492}.
[I 2026-06-10 17:42:02,276] Trial 797 finished with values: [10.421563448524738, 10.421563448524738] and parameters: {'k1': 0.0326979063339169, 'D_low': 43.2326421037033, 'k2': 0.0001016707987819611, 'D_high': 18108.14362107968, 'fire_exp': 1.4690410989404576, 'P_half': 3.591771421517613, 'pre_dampen_half': 1.8469033699850426, 'gpp_af': 0.8057329182285734, 'gpp_b': 0.00043225896016820903, 'gpp_d': 12.338826503601998, 'ign_k': 0.4303356629825978, 'ign_c': 7.081721844034206, 'trop_agb_crit': 3.1419938725278875, 'trop_k_veg': 0.5535297685306277, 'fire_amp': 1.1202509284327942}.
[I 2026-06-10 17:42:04,183] Trial 798 finished with values: [10.520136451851462, 10.520136451851462] and parameters: {'k1': 0.006079905434073396, 'D_low': 12.105387404469584, 'k2': 3.152468275632564e-05, 'D_high': 2427.054417940131, 'fire_exp': 1.5191397119156032, 'P_half': 69.68111190775313, 'pre_dampen_half': 28.01075698398644, 'gpp_af': 27.448645214004376, 'gpp_b': 0.0004125336560355494, 'gpp_d': 545.0253444559129, 'ign_k': 3.965503094323014, 'ign_c': 22.126836566118193, 'trop_agb_crit': 8.188098178380693, 'trop_k_veg': 2.724170387400844, 'fire_amp': 1.1202509284327942}.
[I 2026-06-10 17:42:05,630] Trial 799 finished with values: [10.236917071871837, 10.236917071871837] and parameters: {'k1': 0.016973078532467004, 'D_low': 1739.6167422846984, 'k2': 0.02939607009739149, 'D_high': 44974.07193749848, 'fire_exp': 1.9365919987098117, 'P_half': 101.40635645866499, 'pre_dampen_half': 8.259599205585761, 'gpp_af': 0.09885838682552685, 'gpp_b': 2.800940363375676e-05, 'gpp_d': 95.2715755007094, 'ign_k': 1.6270983114897255, 'ign_c': 22.126836566118193, 'trop_agb_crit': 1.5033346993841157, 'trop_k_veg': 2.724170387400844, 'fire_amp': 5.44779717154213}.
[I 2026-06-10 17:42:06,969] Trial 800 finished with values: [10.288465896007946, 10.288465896007946] and parameters: {'k1': 0.006079905434073396, 'D_low': 427.93836042014675, 'k2': 0.0001016707987819611, 'D_high': 99461.47674311613, 'fire_exp': 1.069663761954776, 'P_half': 157.80309954142965, 'pre_dampen_half': 1.8469033699850426, 'gpp_af': 27.448645214004376, 'gpp_b': 0.00012118589392553798, 'gpp_d': 3.257094673454639, 'ign_k': 3.965503094323014, 'ign_c': 7.081721844034206, 'trop_agb_crit': 8.188098178380693, 'trop_k_veg': 6.172643383211297, 'fire_amp': 1.5587346124822492}.
[I 2026-06-10 17:42:08,297] Trial 801 finished with values: [-0.3032037819422083, 0.29891046039782754] and parameters: {'k1': 0.012840669372724958, 'D_low': 43.2326421037033, 'k2': 3.152468275632564e-05, 'D_high': 393.2349508311775, 'fire_exp': 1.14171776851287, 'P_half': 157.80309954142965, 'pre_dampen_half': 28.01075698398644, 'gpp_af': 27.448645214004376, 'gpp_b': 0.0004125336560355494, 'gpp_d': 545.0253444559129, 'ign_k': 3.965503094323014, 'ign_c': 0.10435856341129002, 'trop_agb_crit': 3.1419938725278875, 'trop_k_veg': 0.6618107836658104, 'fire_amp': 1.1202509284327942}.
[I 2026-06-10 17:42:09,753] Trial 802 finished with values: [10.747225980845347, 10.747225980845347] and parameters: {'k1': 0.0869690639641868, 'D_low': 1739.6167422846984, 'k2': 0.02939607009739149, 'D_high': 18108.14362107968, 'fire_exp': 3.2459542834651627, 'P_half': 157.80309954142965, 'pre_dampen_half': 1.8469033699850426, 'gpp_af': 27.448645214004376, 'gpp_b': 7.555164990945509e-05, 'gpp_d': 95.2715755007094, 'ign_k': 3.965503094323014, 'ign_c': 7.081721844034206, 'trop_agb_crit': 8.188098178380693, 'trop_k_veg': 2.6508357486965424, 'fire_amp': 2.6192385880432525}.
[I 2026-06-10 17:42:11,354] Trial 803 finished with values: [10.59914655960908, 10.59914655960908] and parameters: {'k1': 0.006079905434073396, 'D_low': 29.52145029390025, 'k2': 0.0001016707987819611, 'D_high': 451.02062878998754, 'fire_exp': 1.4690410989404576, 'P_half': 157.80309954142965, 'pre_dampen_half': 269.0845367054866, 'gpp_af': 27.448645214004376, 'gpp_b': 0.6089142387470042, 'gpp_d': 12.338826503601998, 'ign_k': 3.965503094323014, 'ign_c': 7.081721844034206, 'trop_agb_crit': 3.1419938725278875, 'trop_k_veg': 0.8262197191676174, 'fire_amp': 1.5719333351012774}.
[I 2026-06-10 17:42:12,868] Trial 804 finished with values: [10.614729636766404, 10.614729636766404] and parameters: {'k1': 0.00031134168041628584, 'D_low': 43.2326421037033, 'k2': 0.00025923015361558547, 'D_high': 42210.21267871043, 'fire_exp': 1.9365919987098117, 'P_half': 118.94665366442581, 'pre_dampen_half': 1.6130673726933187, 'gpp_af': 0.8057329182285734, 'gpp_b': 2.800940363375676e-05, 'gpp_d': 12.151631524283598, 'ign_k': 0.0029519227433917453, 'ign_c': 0.10435856341129002, 'trop_agb_crit': 1.0693376406863295, 'trop_k_veg': 0.6673124511410327, 'fire_amp': 5.606809127618709}.
[I 2026-06-10 17:42:14,239] Trial 805 finished with values: [10.392634115570765, 10.392634115570765] and parameters: {'k1': 0.006079905434073396, 'D_low': 1739.6167422846984, 'k2': 0.0001016707987819611, 'D_high': 2427.054417940131, 'fire_exp': 1.5191397119156032, 'P_half': 101.40635645866499, 'pre_dampen_half': 98.05638874011484, 'gpp_af': 0.10098504976210308, 'gpp_b': 2.1309331861011757e-05, 'gpp_d': 545.0253444559129, 'ign_k': 0.004105873950290761, 'ign_c': 2.226297338331262, 'trop_agb_crit': 3.5874145253515306, 'trop_k_veg': 0.828441460847982, 'fire_amp': 5.44779717154213}.
[I 2026-06-10 17:42:15,567] Trial 806 finished with values: [10.326592429310393, 10.326592429310393] and parameters: {'k1': 0.006079905434073396, 'D_low': 427.93836042014675, 'k2': 0.0001016707987819611, 'D_high': 22.636544662054543, 'fire_exp': 1.069663761954776, 'P_half': 69.68111190775313, 'pre_dampen_half': 33.71909132517384, 'gpp_af': 9.489641456368314, 'gpp_b': 0.00012118589392553798, 'gpp_d': 28.312234265202243, 'ign_k': 3.965503094323014, 'ign_c': 22.126836566118193, 'trop_agb_crit': 8.188098178380693, 'trop_k_veg': 6.172643383211297, 'fire_amp': 1.5587346124822492}.
[I 2026-06-10 17:42:16,918] Trial 807 finished with values: [-0.7183750192654981, 0.1952133845930797] and parameters: {'k1': 0.016973078532467004, 'D_low': 1.873653322520581, 'k2': 0.0001016707987819611, 'D_high': 35.136541394511, 'fire_exp': 1.4690410989404576, 'P_half': 1.4551749476072258, 'pre_dampen_half': 8.259599205585761, 'gpp_af': 0.10098504976210308, 'gpp_b': 1.1008110571039521e-05, 'gpp_d': 545.0253444559129, 'ign_k': 3.965503094323014, 'ign_c': 22.126836566118193, 'trop_agb_crit': 1.5033346993841157, 'trop_k_veg': 2.724170387400844, 'fire_amp': 5.44779717154213}.
[I 2026-06-10 17:42:18,595] Trial 808 finished with values: [10.78244839526896, 10.78244839526896] and parameters: {'k1': 0.0869690639641868, 'D_low': 1739.6167422846984, 'k2': 0.02939607009739149, 'D_high': 44974.07193749848, 'fire_exp': 1.4690410989404576, 'P_half': 118.94665366442581, 'pre_dampen_half': 0.013460448623833698, 'gpp_af': 0.3939208112794227, 'gpp_b': 2.1309331861011757e-05, 'gpp_d': 95.2715755007094, 'ign_k': 0.4303356629825978, 'ign_c': 0.10435856341129002, 'trop_agb_crit': 3.5874145253515306, 'trop_k_veg': 4.796046723963646, 'fire_amp': 1.3503088148200095}.
[I 2026-06-10 17:42:20,018] Trial 809 finished with values: [10.892654251183696, 10.892654251183696] and parameters: {'k1': 0.0326979063339169, 'D_low': 43.2326421037033, 'k2': 0.0001016707987819611, 'D_high': 2427.054417940131, 'fire_exp': 1.4690410989404576, 'P_half': 157.80309954142965, 'pre_dampen_half': 269.0845367054866, 'gpp_af': 0.00474057962703787, 'gpp_b': 0.6089142387470042, 'gpp_d': 12.338826503601998, 'ign_k': 0.4303356629825978, 'ign_c': 22.126836566118193, 'trop_agb_crit': 1.5033346993841157, 'trop_k_veg': 0.5535297685306277, 'fire_amp': 1.1202509284327942}.
[I 2026-06-10 17:42:21,369] Trial 810 finished with values: [10.062127410167273, 10.062127410167273] and parameters: {'k1': 0.028401063201780267, 'D_low': 43.2326421037033, 'k2': 0.02939607009739149, 'D_high': 44974.07193749848, 'fire_exp': 3.2459542834651627, 'P_half': 101.40635645866499, 'pre_dampen_half': 98.05638874011484, 'gpp_af': 0.10098504976210308, 'gpp_b': 0.00012118589392553798, 'gpp_d': 12.338826503601998, 'ign_k': 1.6270983114897255, 'ign_c': 22.126836566118193, 'trop_agb_crit': 8.188098178380693, 'trop_k_veg': 0.6618107836658104, 'fire_amp': 2.6192385880432525}.
[I 2026-06-10 17:42:22,788] Trial 811 finished with values: [-0.4781261628142877, 0.5035098275073405] and parameters: {'k1': 0.07119679541167405, 'D_low': 1739.6167422846984, 'k2': 0.0001016707987819611, 'D_high': 44974.07193749848, 'fire_exp': 1.4690410989404576, 'P_half': 1.4551749476072258, 'pre_dampen_half': 5.593036834117395, 'gpp_af': 0.10098504976210308, 'gpp_b': 2.1309331861011757e-05, 'gpp_d': 545.0253444559129, 'ign_k': 7.299424898595565, 'ign_c': 0.10435856341129002, 'trop_agb_crit': 1.5033346993841157, 'trop_k_veg': 2.724170387400844, 'fire_amp': 2.170444898566564}.
[I 2026-06-10 17:42:24,460] Trial 812 finished with values: [-0.2461701362728819, 0.27845023008245906] and parameters: {'k1': 0.0326979063339169, 'D_low': 43.2326421037033, 'k2': 0.0001016707987819611, 'D_high': 262.11304189124235, 'fire_exp': 1.5191397119156032, 'P_half': 8.318314747941244, 'pre_dampen_half': 903.3231300044874, 'gpp_af': 0.10098504976210308, 'gpp_b': 1.1008110571039521e-05, 'gpp_d': 545.0253444559129, 'ign_k': 0.004775640431359605, 'ign_c': 22.126836566118193, 'trop_agb_crit': 2.1989086830950257, 'trop_k_veg': 2.724170387400844, 'fire_amp': 1.5587346124822492}.
[I 2026-06-10 17:42:25,970] Trial 813 finished with values: [11.3849820380426, 11.3849820380426] and parameters: {'k1': 0.00031134168041628584, 'D_low': 43.2326421037033, 'k2': 0.0001016707987819611, 'D_high': 18108.14362107968, 'fire_exp': 1.4690410989404576, 'P_half': 17.671138565264357, 'pre_dampen_half': 8.259599205585761, 'gpp_af': 27.448645214004376, 'gpp_b': 0.00043225896016820903, 'gpp_d': 545.0253444559129, 'ign_k': 0.10581992548039146, 'ign_c': 7.081721844034206, 'trop_agb_crit': 8.188098178380693, 'trop_k_veg': 1.6911993818705504, 'fire_amp': 5.606809127618709}.
