[I 2026-08-19 15:17:01,637] Trial 956 finished with value: -0.5351975097795796 and parameters: {'k1': 0.0007213587301502834, 'D_low': 7910.1683648808585, 'k2': 0.0016077025794989507, 'D_high': 88580.3917686772, 'fire_exp': 1.2231007741161581, 'P_half': 100.07053258403225, 'pre_dampen_half': 1.3348760983631385, 'gpp_af': 0.10498793711661941, 'gpp_b': 4.157954919214427e-05, 'gpp_d': 138.79292248667, 'ign_k': 9.074486199846058, 'ign_c': 3.7917190948179704, 'trop_agb_crit': 22.297061101339512, 'trop_k_veg': 2.1851343672418957, 'pop_amp': 0.0018406855076039286, 'pop_peak': 12.696153257535153, 'pop_sig': 1.2565737543987976, 'fuel_k': 0.16750170950964324, 'fuel_half': 0.18186687750666236}. Best is trial 421 with value: -0.6216386034937503.
[I 2026-08-19 15:17:05,683] Trial 957 finished with value: -0.5973327838189013 and parameters: {'k1': 0.09362871753588821, 'D_low': 29.47350662389686, 'k2': 9.383496905504748e-05, 'D_high': 7959726.82778181, 'fire_exp': 3.8280283751007897, 'P_half': 158.73632960476044, 'pre_dampen_half': 28.00107973797195, 'gpp_af': 0.10053753638218929, 'gpp_b': 4.379168121181252e-05, 'gpp_d': 5.931211417959599, 'ign_k': 3.130315604197061, 'ign_c': 1.1706628109640684, 'trop_agb_crit': 10.74036262132087, 'trop_k_veg': 0.7869968686029798, 'pop_amp': 0.2627579689831863, 'pop_peak': 2.907446779388049, 'pop_sig': 1.0771601917899993, 'fuel_k': 0.4971409885593536, 'fuel_half': 0.5480187895488934}. Best is trial 421 with value: -0.6216386034937503.
[I 2026-08-19 15:17:09,035] Trial 958 finished with value: -0.4361095908688436 and parameters: {'k1': 0.00026793161820264685, 'D_low': 2.1215311829341896, 'k2': 0.003598941889252937, 'D_high': 4999147.995623441, 'fire_exp': 1.1336811806546576, 'P_half': 2.116991956952117, 'pre_dampen_half': 3.999364363208846, 'gpp_af': 0.011694673611160352, 'gpp_b': 0.054264914853277106, 'gpp_d': 6.7982458397326475, 'ign_k': 0.07584151293534051, 'ign_c': 27.337268169033468, 'trop_agb_crit': 14.460487909195473, 'trop_k_veg': 1.0066788854143771, 'pop_amp': 0.01197051436591989, 'pop_peak': 26.00455817244656, 'pop_sig': 0.3210725780386098, 'fuel_k': 2.4705001873508947, 'fuel_half': 0.11738056512771743}. Best is trial 421 with value: -0.6216386034937503.
[I 2026-08-19 15:17:12,473] Trial 959 finished with value: -0.45373465897532456 and parameters: {'k1': 0.004143643778196344, 'D_low': 3009.0386557924317, 'k2': 0.00022016211030477704, 'D_high': 81863.25324795974, 'fire_exp': 1.0237037230157924, 'P_half': 22.98947512525031, 'pre_dampen_half': 0.09289940528700698, 'gpp_af': 0.003706768898783517, 'gpp_b': 0.0001082787000419993, 'gpp_d': 0.03633101389623857, 'ign_k': 0.08059339126554424, 'ign_c': 14.964114305214725, 'trop_agb_crit': 10.667823980286268, 'trop_k_veg': 5.606908615749863, 'pop_amp': 0.12573878313018072, 'pop_peak': 8.037924103449393, 'pop_sig': 0.5444201053235267, 'fuel_k': 0.08852277512366469, 'fuel_half': 0.8270574093226511}. Best is trial 421 with value: -0.6216386034937503.
[I 2026-08-19 15:17:15,444] Trial 960 finished with value: -0.5536416256902073 and parameters: {'k1': 0.00013100672846694128, 'D_low': 2.550725859349111, 'k2': 0.006862455419463899, 'D_high': 194246.1189433432, 'fire_exp': 1.0295675344023152, 'P_half': 1.481753890768241, 'pre_dampen_half': 19.81923437772891, 'gpp_af': 0.013610416127207231, 'gpp_b': 0.004144817840498299, 'gpp_d': 0.2631896215526702, 'ign_k': 0.01566132211017991, 'ign_c': 1.355538632066749, 'trop_agb_crit': 17.756362784268216, 'trop_k_veg': 1.1959294331724168, 'pop_amp': 0.011169226269392676, 'pop_peak': 19.30127743874746, 'pop_sig': 0.5171475244568703, 'fuel_k': 1.2876952438470786, 'fuel_half': 0.1958504379694357}. Best is trial 421 with value: -0.6216386034937503.
  trial  961/2500  best_overall=0.6216  (53.2 min)
[I 2026-08-19 15:17:19,011] Trial 961 finished with value: -0.4246165554201207 and parameters: {'k1': 0.016659812602242106, 'D_low': 10.066413312087626, 'k2': 1.9214175511739425e-05, 'D_high': 42743.42276362684, 'fire_exp': 1.600415502530799, 'P_half': 1.3424177995867852, 'pre_dampen_half': 1.5198135264755672, 'gpp_af': 0.01208714444384114, 'gpp_b': 7.661090403874073e-05, 'gpp_d': 1.0079829664856956, 'ign_k': 0.058777626739984774, 'ign_c': 32.67392850751488, 'trop_agb_crit': 5.254025214627389, 'trop_k_veg': 3.614330214961272, 'pop_amp': 0.009594225099874521, 'pop_peak': 49.15897017822384, 'pop_sig': 0.39170382710232526, 'fuel_k': 0.7854056740258372, 'fuel_half': 1.309828473544588}. Best is trial 421 with value: -0.6216386034937503.
[I 2026-08-19 15:17:21,795] Trial 962 finished with value: -0.5604821373235811 and parameters: {'k1': 0.01384848686124448, 'D_low': 454.38941400347653, 'k2': 1.9640049785188167e-05, 'D_high': 1707775.5399758972, 'fire_exp': 1.1621354294493311, 'P_half': 54.589366636807426, 'pre_dampen_half': 1.653060334322713, 'gpp_af': 0.005940414495719699, 'gpp_b': 0.00035741558988932194, 'gpp_d': 0.9972063797599295, 'ign_k': 4.774920515800066, 'ign_c': 1.1120881672958034, 'trop_agb_crit': 12.089614679932755, 'trop_k_veg': 6.8471687824862455, 'pop_amp': 0.0986917528679537, 'pop_peak': 2.225309688615689, 'pop_sig': 0.39009750259940945, 'fuel_k': 1.471988414515004, 'fuel_half': 0.27984734289734203}. Best is trial 421 with value: -0.6216386034937503.
[I 2026-08-19 15:17:24,603] Trial 963 finished with value: -0.3689894800352784 and parameters: {'k1': 3.56461004649074e-05, 'D_low': 7990.387695359134, 'k2': 1.3756757210109088e-05, 'D_high': 61443.546766621905, 'fire_exp': 1.3885716602991862, 'P_half': 9.121508800915299, 'pre_dampen_half': 12.144762163088966, 'gpp_af': 0.004534870704913514, 'gpp_b': 4.8791985020213725e-05, 'gpp_d': 1.672256431910555, 'ign_k': 6.578454466506754, 'ign_c': 0.36906016839890854, 'trop_agb_crit': 27.863391892013016, 'trop_k_veg': 1.2498813453997741, 'pop_amp': 10.465719209587794, 'pop_peak': 6.06288682804464, 'pop_sig': 1.54992582371464, 'fuel_k': 0.4361312838923705, 'fuel_half': 2.3382108384427367}. Best is trial 421 with value: -0.6216386034937503.
[I 2026-08-19 15:17:27,883] Trial 964 finished with value: -0.4953791776612785 and parameters: {'k1': 5.7380867165080136e-05, 'D_low': 83.67220758137152, 'k2': 0.00056845188571792, 'D_high': 6368000.427591064, 'fire_exp': 1.2506799474973278, 'P_half': 3.3066994747176586, 'pre_dampen_half': 0.23724227577070373, 'gpp_af': 0.00542347701756174, 'gpp_b': 0.0010858540625557495, 'gpp_d': 6.111579228555813, 'ign_k': 0.323436105718189, 'ign_c': 14.802119576020457, 'trop_agb_crit': 5.638147672396954, 'trop_k_veg': 7.706480601921384, 'pop_amp': 0.3384329763268113, 'pop_peak': 30.351889585326894, 'pop_sig': 0.30599863939843686, 'fuel_k': 0.462817088044675, 'fuel_half': 0.5080882941742112}. Best is trial 421 with value: -0.6216386034937503.
[I 2026-08-19 15:17:32,555] Trial 965 finished with value: -0.4736495400586069 and parameters: {'k1': 0.0025779518237968122, 'D_low': 179.71412068192603, 'k2': 2.0518584550211132e-05, 'D_high': 398111.14990462345, 'fire_exp': 1.6280587887054898, 'P_half': 1223.8240624032603, 'pre_dampen_half': 8.760997341074955, 'gpp_af': 0.004126339411066946, 'gpp_b': 0.00028538474422024046, 'gpp_d': 0.023826352201854344, 'ign_k': 0.11788700636872208, 'ign_c': 4.803221061322712, 'trop_agb_crit': 28.049037423176234, 'trop_k_veg': 5.063427637659173, 'pop_amp': 0.08968319025562287, 'pop_peak': 0.16233436024330564, 'pop_sig': 0.4619016702322946, 'fuel_k': 0.30733425891633825, 'fuel_half': 0.5051857868284695}. Best is trial 421 with value: -0.6216386034937503.
[I 2026-08-19 15:17:37,880] Trial 966 finished with value: -0.5310075345450809 and parameters: {'k1': 0.0011819823374769709, 'D_low': 7.221587794399207, 'k2': 1.2375149973556405e-05, 'D_high': 126686.13102774721, 'fire_exp': 1.1789114620385304, 'P_half': 41.76065020730175, 'pre_dampen_half': 3.0518906330032904, 'gpp_af': 0.002456444028479713, 'gpp_b': 4.913022978399207e-05, 'gpp_d': 22.345240079604, 'ign_k': 0.3996088683150544, 'ign_c': 22.619608870839066, 'trop_agb_crit': 13.579869745137895, 'trop_k_veg': 3.4896123522026516, 'pop_amp': 0.01675095505263263, 'pop_peak': 0.464881604772006, 'pop_sig': 0.981935192504002, 'fuel_k': 0.2908588983664073, 'fuel_half': 0.9457897480732439}. Best is trial 421 with value: -0.6216386034937503.
  trial  967/2500  best_overall=0.6216  (53.6 min)
[I 2026-08-19 15:17:44,590] Trial 967 finished with value: -0.5188516075463785 and parameters: {'k1': 0.0005902669870975758, 'D_low': 101.81416718614308, 'k2': 1.4457130168663196e-05, 'D_high': 1321861.9312265555, 'fire_exp': 2.8666489014474297, 'P_half': 177.08847514245087, 'pre_dampen_half': 0.11201729809895783, 'gpp_af': 0.04214141147522947, 'gpp_b': 5.2949743013396975e-05, 'gpp_d': 0.1450719207523092, 'ign_k': 0.15467046489734942, 'ign_c': 0.9298683912906938, 'trop_agb_crit': 10.105417857965007, 'trop_k_veg': 1.2848350266087971, 'pop_amp': 2.112784091800467, 'pop_peak': 4.217198371868598, 'pop_sig': 1.3620967894737024, 'fuel_k': 0.13559411466894505, 'fuel_half': 2.37466444664357}. Best is trial 421 with value: -0.6216386034937503.
[I 2026-08-19 15:17:49,086] Trial 968 finished with value: -0.4215095621413938 and parameters: {'k1': 0.001104956199825389, 'D_low': 38.48073952881758, 'k2': 0.00018423799678166173, 'D_high': 1475995.8409372775, 'fire_exp': 4.038050288758173, 'P_half': 182.08612939020134, 'pre_dampen_half': 2.215009272420207, 'gpp_af': 1.6971982839711095, 'gpp_b': 1.3803499709117006e-05, 'gpp_d': 0.28127731421818963, 'ign_k': 3.4656229564343275, 'ign_c': 8.971494778455032, 'trop_agb_crit': 16.434245979109765, 'trop_k_veg': 2.8860421929797475, 'pop_amp': 0.26239192248912774, 'pop_peak': 41.408428008325814, 'pop_sig': 1.1469222911059516, 'fuel_k': 0.025362032343043288, 'fuel_half': 0.793728786909703}. Best is trial 421 with value: -0.6216386034937503.
[I 2026-08-19 15:17:54,586] Trial 969 finished with value: -0.44381626743187264 and parameters: {'k1': 0.00019568595027581094, 'D_low': 41.46544350002689, 'k2': 0.00016822702984040327, 'D_high': 531404.828445103, 'fire_exp': 1.2911171999445177, 'P_half': 1.1665965325791978, 'pre_dampen_half': 0.030753409705094204, 'gpp_af': 0.005650255944277327, 'gpp_b': 0.00011963672164406149, 'gpp_d': 0.3349864167302052, 'ign_k': 0.002131280765143175, 'ign_c': 0.28465264381413746, 'trop_agb_crit': 8.867077467396513, 'trop_k_veg': 1.4709946098408928, 'pop_amp': 0.0042706928284834975, 'pop_peak': 6.219533961191088, 'pop_sig': 0.3295123936154781, 'fuel_k': 1.821444232723287, 'fuel_half': 1.6597959814221632}. Best is trial 421 with value: -0.6216386034937503.
[I 2026-08-19 15:18:00,693] Trial 970 finished with value: -0.5787632003001028 and parameters: {'k1': 9.6074515722267e-05, 'D_low': 6.9017047751499385, 'k2': 0.00031679497138387223, 'D_high': 3848283.106868384, 'fire_exp': 1.0528866195907225, 'P_half': 2.093232730421165, 'pre_dampen_half': 5.3763590568642705, 'gpp_af': 0.007364197615890158, 'gpp_b': 8.247495484996828e-05, 'gpp_d': 0.21189604336293644, 'ign_k': 0.0029191928242334616, 'ign_c': 0.9172750705276935, 'trop_agb_crit': 10.107694223197017, 'trop_k_veg': 1.7091636989456873, 'pop_amp': 0.4360617289720338, 'pop_peak': 50.43493753439094, 'pop_sig': 0.2563247693789549, 'fuel_k': 0.5656988949573871, 'fuel_half': 0.12142880872026209}. Best is trial 421 with value: -0.6216386034937503.
  trial  971/2500  best_overall=0.6216  (53.9 min)
[I 2026-08-19 15:18:06,246] Trial 971 finished with value: -0.5835773405798677 and parameters: {'k1': 0.029604923193994225, 'D_low': 183.10089264540343, 'k2': 0.010489336924408826, 'D_high': 224855.08236558345, 'fire_exp': 2.4440291597689408, 'P_half': 387.0562790933408, 'pre_dampen_half': 6.426265802680951, 'gpp_af': 0.005670430739288253, 'gpp_b': 2.2344826932920138e-05, 'gpp_d': 4.405317396421434, 'ign_k': 0.7155695162274895, 'ign_c': 14.509577279863974, 'trop_agb_crit': 18.33204646581018, 'trop_k_veg': 2.198654017594641, 'pop_amp': 0.012110923702872459, 'pop_peak': 41.40777080618711, 'pop_sig': 0.3834181744792533, 'fuel_k': 0.6857070724969551, 'fuel_half': 0.1812329704571421}. Best is trial 421 with value: -0.6216386034937503.
[I 2026-08-19 15:18:10,372] Trial 972 finished with value: -0.5873559404422675 and parameters: {'k1': 0.0001444360426557065, 'D_low': 1.1684734529172087, 'k2': 0.00047641316107813604, 'D_high': 9138972.634639636, 'fire_exp': 1.1568669659374178, 'P_half': 1.0893429038301807, 'pre_dampen_half': 0.3494413357555934, 'gpp_af': 0.17300705652815654, 'gpp_b': 0.0003033320262108545, 'gpp_d': 0.44016945104859007, 'ign_k': 0.0023889584046166757, 'ign_c': 1.7366207437557035, 'trop_agb_crit': 12.139528402382291, 'trop_k_veg': 0.9544894146588871, 'pop_amp': 0.029233035997520147, 'pop_peak': 149.40050425703038, 'pop_sig': 0.531156355662538, 'fuel_k': 5.058842875552237, 'fuel_half': 0.11109486096224269}. Best is trial 421 with value: -0.6216386034937503.
[I 2026-08-19 15:18:15,444] Trial 973 finished with value: -0.584296975583851 and parameters: {'k1': 2.2218724453032076e-05, 'D_low': 11447.507202386027, 'k2': 4.391890872888446e-05, 'D_high': 114909.5522127102, 'fire_exp': 1.5686962707227747, 'P_half': 1140.118067191381, 'pre_dampen_half': 3.816552395209241, 'gpp_af': 0.015018548973798316, 'gpp_b': 0.0003404885609791459, 'gpp_d': 0.5526535507563614, 'ign_k': 9.838614125572796, 'ign_c': 4.183364236227392, 'trop_agb_crit': 9.956630154340019, 'trop_k_veg': 1.0655951930470966, 'pop_amp': 4.002834775409175, 'pop_peak': 2.7476946072407005, 'pop_sig': 2.0270959226967165, 'fuel_k': 4.975228372879867, 'fuel_half': 1.3832348309329188}. Best is trial 421 with value: -0.6216386034937503.
[I 2026-08-19 15:18:19,877] Trial 974 finished with value: -0.40706940900818767 and parameters: {'k1': 0.0013427895295506185, 'D_low': 15.504484866874908, 'k2': 0.003908223908091027, 'D_high': 227033.33058842394, 'fire_exp': 2.2709195816175485, 'P_half': 12.109658035068067, 'pre_dampen_half': 20.408191877076995, 'gpp_af': 0.001015220431442951, 'gpp_b': 2.8614665990122206e-05, 'gpp_d': 5.278441203834343, 'ign_k': 0.1057134483890641, 'ign_c': 60.91429113669247, 'trop_agb_crit': 3.2782880175429323, 'trop_k_veg': 1.8592472651485719, 'pop_amp': 0.10517120443690399, 'pop_peak': 16.23292283875178, 'pop_sig': 0.5660048970216873, 'fuel_k': 0.029050052077243958, 'fuel_half': 4.722546873668093}. Best is trial 421 with value: -0.6216386034937503.
[I 2026-08-19 15:18:24,864] Trial 975 finished with value: -0.46107820659462195 and parameters: {'k1': 7.356712938742369e-05, 'D_low': 338.363335498441, 'k2': 0.00029494171583936273, 'D_high': 483782.7756876859, 'fire_exp': 1.3280891695310855, 'P_half': 6.957965422049282, 'pre_dampen_half': 3.7260371954049942, 'gpp_af': 0.10675997715425788, 'gpp_b': 0.0062013511389341115, 'gpp_d': 6.532384601542061, 'ign_k': 0.07903998957714807, 'ign_c': 41.151774724172405, 'trop_agb_crit': 3.957380651608965, 'trop_k_veg': 2.686010852862169, 'pop_amp': 0.06595667494253452, 'pop_peak': 28.105754395173385, 'pop_sig': 0.2673762868721942, 'fuel_k': 1.953543401132571, 'fuel_half': 0.3563098097950118}. Best is trial 421 with value: -0.6216386034937503.
  trial  976/2500  best_overall=0.6216  (54.4 min)
[I 2026-08-19 15:18:30,998] Trial 976 finished with value: -0.44166110853327034 and parameters: {'k1': 3.3833055242262295e-05, 'D_low': 72.56839120037615, 'k2': 0.000806040190849962, 'D_high': 3692755.2604159005, 'fire_exp': 1.3994164679651735, 'P_half': 1.6886340425010027, 'pre_dampen_half': 1.4509457813119506, 'gpp_af': 0.0015699695653053956, 'gpp_b': 0.0027230198988225673, 'gpp_d': 0.23033384106545293, 'ign_k': 0.032661507820833054, 'ign_c': 0.14614501677011182, 'trop_agb_crit': 11.227426669524274, 'trop_k_veg': 1.826793591062705, 'pop_amp': 0.0072833513134864, 'pop_peak': 16.758570960103565, 'pop_sig': 0.26762040813892446, 'fuel_k': 2.189579728002518, 'fuel_half': 0.24637382605747934}. Best is trial 421 with value: -0.6216386034937503.
[I 2026-08-19 15:18:35,149] Trial 977 finished with value: -0.43004437358611797 and parameters: {'k1': 0.0016480049378130898, 'D_low': 58.20136506028323, 'k2': 0.0011484229407696502, 'D_high': 813262.697118387, 'fire_exp': 1.9903512627668904, 'P_half': 3.799396670087438, 'pre_dampen_half': 0.9020779607234557, 'gpp_af': 0.014936468191235985, 'gpp_b': 0.00014551999204770962, 'gpp_d': 435.2005889710852, 'ign_k': 0.12728875418451832, 'ign_c': 31.438028957061224, 'trop_agb_crit': 13.469340776995077, 'trop_k_veg': 0.6562511817986401, 'pop_amp': 0.01680410316485, 'pop_peak': 103.12785862807769, 'pop_sig': 0.3265050996351292, 'fuel_k': 0.26000191536911527, 'fuel_half': 0.17988090723963193}. Best is trial 421 with value: -0.6216386034937503.
[I 2026-08-19 15:18:37,925] Trial 978 finished with value: -0.4911281121745601 and parameters: {'k1': 0.0002901993471732794, 'D_low': 9.499395829423396, 'k2': 0.00039691166211455135, 'D_high': 128223.55425861012, 'fire_exp': 1.1765310471783867, 'P_half': 2.529835637239386, 'pre_dampen_half': 0.05848099956607387, 'gpp_af': 0.15056468825444996, 'gpp_b': 0.01572335861357906, 'gpp_d': 869.4675648077324, 'ign_k': 0.13305426030079304, 'ign_c': 0.115781695774487, 'trop_agb_crit': 27.025081009670718, 'trop_k_veg': 4.726608463874493, 'pop_amp': 0.043756970296465525, 'pop_peak': 1.0168976210415415, 'pop_sig': 0.6989438691855686, 'fuel_k': 0.5396935593788634, 'fuel_half': 0.17123375557010467}. Best is trial 421 with value: -0.6216386034937503.
[I 2026-08-19 15:18:41,053] Trial 979 finished with value: -0.35554071585829894 and parameters: {'k1': 1.0845124504504463e-05, 'D_low': 3295.722066380207, 'k2': 0.0002532469422500833, 'D_high': 7637.133053483065, 'fire_exp': 1.013704295878683, 'P_half': 23.565838781419174, 'pre_dampen_half': 3.5180765414977997, 'gpp_af': 0.11901269775217671, 'gpp_b': 2.133646527663673e-05, 'gpp_d': 0.7636984949851303, 'ign_k': 5.974102157848466, 'ign_c': 39.3136519851322, 'trop_agb_crit': 4.542413001797875, 'trop_k_veg': 0.7656023858041009, 'pop_amp': 0.6242765266702084, 'pop_peak': 10.615543795046012, 'pop_sig': 1.7630356451285036, 'fuel_k': 0.9053648538378397, 'fuel_half': 1.4915998537212336}. Best is trial 421 with value: -0.6216386034937503.
[I 2026-08-19 15:18:43,987] Trial 980 finished with value: -0.5707282690148677 and parameters: {'k1': 0.001597945678466812, 'D_low': 4.388210636598566, 'k2': 0.00017145491048554693, 'D_high': 617817.31927964, 'fire_exp': 1.6873224343202478, 'P_half': 1.2750938898264015, 'pre_dampen_half': 2.61670575135823, 'gpp_af': 0.07098580941939557, 'gpp_b': 3.702986531025751e-05, 'gpp_d': 0.1939956692529805, 'ign_k': 0.29618446621604005, 'ign_c': 4.215051279135189, 'trop_agb_crit': 1.3650587024900271, 'trop_k_veg': 1.384093197702767, 'pop_amp': 0.016730835551995657, 'pop_peak': 6.4328146374681054, 'pop_sig': 0.6863982645072068, 'fuel_k': 0.46087425611193655, 'fuel_half': 2.715406118312358}. Best is trial 421 with value: -0.6216386034937503.
[I 2026-08-19 15:18:46,807] Trial 981 finished with value: -0.6013209273794564 and parameters: {'k1': 0.000153693049005355, 'D_low': 60.905266973420495, 'k2': 0.00010354833354458734, 'D_high': 3433070.9731398057, 'fire_exp': 2.1465587079913533, 'P_half': 5.840926729738989, 'pre_dampen_half': 2.72540245007883, 'gpp_af': 0.7156093444558924, 'gpp_b': 0.0002667175393818612, 'gpp_d': 15.59833422853475, 'ign_k': 0.59228949159779, 'ign_c': 16.168078156605734, 'trop_agb_crit': 2.890884060085317, 'trop_k_veg': 7.328182897609036, 'pop_amp': 0.02147315408485409, 'pop_peak': 65.36481989863697, 'pop_sig': 0.34258870547238446, 'fuel_k': 1.3670740390465548, 'fuel_half': 1.2094999485757185}. Best is trial 421 with value: -0.6216386034937503.
  trial  982/2500  best_overall=0.6216  (54.7 min)
[I 2026-08-19 15:18:49,987] Trial 982 finished with value: -0.47958205983999846 and parameters: {'k1': 0.033615433635353666, 'D_low': 33.26848791809584, 'k2': 0.01193547336252323, 'D_high': 3504602.9406749434, 'fire_exp': 1.3909392302781634, 'P_half': 137.52520618945704, 'pre_dampen_half': 2.068476048426988, 'gpp_af': 0.026296408534153954, 'gpp_b': 7.077449132515952e-05, 'gpp_d': 8.380214912172194, 'ign_k': 0.04485409883847556, 'ign_c': 29.785076725517673, 'trop_agb_crit': 14.957508915296556, 'trop_k_veg': 6.385279734245362, 'pop_amp': 0.006523929754661212, 'pop_peak': 214.3470497332955, 'pop_sig': 0.3817027917614298, 'fuel_k': 0.15645861869499625, 'fuel_half': 0.8160633725020392}. Best is trial 421 with value: -0.6216386034937503.
[I 2026-08-19 15:18:52,777] Trial 983 finished with value: -0.3554625854118624 and parameters: {'k1': 0.0002590730443968496, 'D_low': 941.5646004356244, 'k2': 0.0003060502992338244, 'D_high': 5625165.789505979, 'fire_exp': 2.0487147422278924, 'P_half': 4.557230679104594, 'pre_dampen_half': 0.5297452137110148, 'gpp_af': 1.5911982732682948, 'gpp_b': 0.009509227235006188, 'gpp_d': 16.476462784801402, 'ign_k': 1.8224892251736202, 'ign_c': 216.40832746884487, 'trop_agb_crit': 2.435907806502585, 'trop_k_veg': 7.323550117298132, 'pop_amp': 0.04212095335968818, 'pop_peak': 117.59771948914458, 'pop_sig': 0.4176556705441417, 'fuel_k': 3.110021497652263, 'fuel_half': 4.861266884069996}. Best is trial 421 with value: -0.6216386034937503.
[I 2026-08-19 15:18:56,515] Trial 984 finished with value: -0.4562304653734322 and parameters: {'k1': 0.00010275339355591291, 'D_low': 8.490888441439559, 'k2': 0.0008804540425549436, 'D_high': 25952.335973044028, 'fire_exp': 1.0088154371990985, 'P_half': 2.625438848897514, 'pre_dampen_half': 0.12276422163512477, 'gpp_af': 0.010086109227019077, 'gpp_b': 0.00021723100432164438, 'gpp_d': 0.2572167083361286, 'ign_k': 0.0020328545358889046, 'ign_c': 1.2401937858829843, 'trop_agb_crit': 3.886990749347671, 'trop_k_veg': 1.7522980004616435, 'pop_amp': 0.06350977554800177, 'pop_peak': 4.905332009886503, 'pop_sig': 0.45527006087863203, 'fuel_k': 1.66346581574104, 'fuel_half': 0.13422231112508187}. Best is trial 421 with value: -0.6216386034937503.
