[I 2026-06-10 19:45:49,684] Trial 1110 finished with values: [10.527619278840302, 10.527619278840302] and parameters: {'k1': 0.012840669372724958, 'D_low': 43.2326421037033, 'k2': 0.02065142557895925, 'D_high': 839.2504050877119, 'fire_exp': 1.2060040899560858, 'P_half': 5.4712187293420325, 'pre_dampen_half': 189.36639872354493, 'gpp_af': 0.004409093791567215, 'gpp_b': 0.001674375583895437, 'gpp_d': 0.47379914349407487, 'ign_k': 0.8945150807271531, 'ign_c': 2.2882309479728957, 'trop_agb_crit': 2.100813292597435, 'trop_k_veg': 5.453348988480011, 'fire_amp': 3.8500040010232275}.
[I 2026-06-10 19:45:52,158] Trial 1111 finished with values: [10.554164681972242, 10.554164681972242] and parameters: {'k1': 5.7909642338812115e-05, 'D_low': 13.012518385211498, 'k2': 0.02065142557895925, 'D_high': 1266.9536563782303, 'fire_exp': 2.2250681963525234, 'P_half': 2.6691447170887805, 'pre_dampen_half': 189.36639872354493, 'gpp_af': 1.9998014714101113, 'gpp_b': 0.002416023630607169, 'gpp_d': 7.631016235941559, 'ign_k': 0.09256855841989636, 'ign_c': 2.2882309479728957, 'trop_agb_crit': 8.0091368834625, 'trop_k_veg': 4.469525707857632, 'fire_amp': 2.042193818779288}.
[I 2026-06-10 19:45:55,028] Trial 1112 finished with values: [11.45468446815377, 11.45468446815377] and parameters: {'k1': 5.7909642338812115e-05, 'D_low': 2186.356344942016, 'k2': 0.02065142557895925, 'D_high': 1817.0401889219124, 'fire_exp': 1.111738490499784, 'P_half': 157.3644610977214, 'pre_dampen_half': 189.36639872354493, 'gpp_af': 0.8594202650742228, 'gpp_b': 0.001674375583895437, 'gpp_d': 7.631016235941559, 'ign_k': 1.6270983114897255, 'ign_c': 5.764955931688925, 'trop_agb_crit': 8.126156857703037, 'trop_k_veg': 5.453348988480011, 'fire_amp': 5.014255309984818}.
[I 2026-06-10 19:45:57,376] Trial 1113 finished with values: [10.71829789621411, 10.71829789621411] and parameters: {'k1': 0.00026539376439360527, 'D_low': 266.07970538371484, 'k2': 0.005204862686958021, 'D_high': 1817.0401889219124, 'fire_exp': 1.111738490499784, 'P_half': 157.3644610977214, 'pre_dampen_half': 0.012856329182448098, 'gpp_af': 3.030008727251782, 'gpp_b': 0.002416023630607169, 'gpp_d': 76.38081075786287, 'ign_k': 0.09256855841989636, 'ign_c': 16.497426799845446, 'trop_agb_crit': 3.1920112940578624, 'trop_k_veg': 5.453348988480011, 'fire_amp': 2.6192385880432525}.
[I 2026-06-10 19:45:58,954] Trial 1114 finished with values: [-0.6298324364062217, 0.34850798175348396] and parameters: {'k1': 5.7909642338812115e-05, 'D_low': 1.4002277211577039, 'k2': 0.005204862686958021, 'D_high': 1817.0401889219124, 'fire_exp': 1.2060040899560858, 'P_half': 2.226799690893868, 'pre_dampen_half': 189.36639872354493, 'gpp_af': 0.8594202650742228, 'gpp_b': 0.001674375583895437, 'gpp_d': 1.0088237648985734, 'ign_k': 0.09256855841989636, 'ign_c': 7.832259769732471, 'trop_agb_crit': 8.0091368834625, 'trop_k_veg': 5.453348988480011, 'fire_amp': 2.6192385880432525}.
[I 2026-06-10 19:46:00,429] Trial 1115 finished with values: [10.699467557921958, 10.699467557921958] and parameters: {'k1': 0.0869690639641868, 'D_low': 266.07970538371484, 'k2': 0.02065142557895925, 'D_high': 1817.0401889219124, 'fire_exp': 1.111738490499784, 'P_half': 774.5825831079144, 'pre_dampen_half': 189.36639872354493, 'gpp_af': 3.298293484806585, 'gpp_b': 0.001674375583895437, 'gpp_d': 76.38081075786287, 'ign_k': 0.09256855841989636, 'ign_c': 45.20211383882605, 'trop_agb_crit': 1.8023542850487386, 'trop_k_veg': 5.453348988480011, 'fire_amp': 2.6192385880432525}.
[I 2026-06-10 19:46:02,238] Trial 1116 finished with values: [-0.7656736473326184, 0.215072878596423] and parameters: {'k1': 5.7909642338812115e-05, 'D_low': 266.07970538371484, 'k2': 0.005204862686958021, 'D_high': 1266.9536563782303, 'fire_exp': 1.111738490499784, 'P_half': 774.5825831079144, 'pre_dampen_half': 189.36639872354493, 'gpp_af': 65.61032228556527, 'gpp_b': 0.002416023630607169, 'gpp_d': 525.1661172395181, 'ign_k': 0.09256855841989636, 'ign_c': 7.832259769732471, 'trop_agb_crit': 1.0189592979395135, 'trop_k_veg': 5.453348988480011, 'fire_amp': 4.472176921013167}.
[I 2026-06-10 19:46:03,572] Trial 1117 finished with values: [10.5195845316309, 10.5195845316309] and parameters: {'k1': 0.00031134168041628584, 'D_low': 174.04948150194383, 'k2': 0.02065142557895925, 'D_high': 1817.0401889219124, 'fire_exp': 1.4572158037266703, 'P_half': 2.226799690893868, 'pre_dampen_half': 189.36639872354493, 'gpp_af': 0.8594202650742228, 'gpp_b': 8.168628001294799e-05, 'gpp_d': 525.1661172395181, 'ign_k': 0.09256855841989636, 'ign_c': 7.832259769732471, 'trop_agb_crit': 1.23202873794675, 'trop_k_veg': 2.99731137426955, 'fire_amp': 4.472176921013167}.
[I 2026-06-10 19:46:05,235] Trial 1118 finished with values: [-0.658724973766168, 0.3918603848123152] and parameters: {'k1': 5.7909642338812115e-05, 'D_low': 2.5449737887285035, 'k2': 0.02065142557895925, 'D_high': 1817.0401889219124, 'fire_exp': 1.2060040899560858, 'P_half': 2.6691447170887805, 'pre_dampen_half': 189.36639872354493, 'gpp_af': 0.8594202650742228, 'gpp_b': 0.001674375583895437, 'gpp_d': 1.0088237648985734, 'ign_k': 0.09256855841989636, 'ign_c': 2.2882309479728957, 'trop_agb_crit': 8.0091368834625, 'trop_k_veg': 2.99731137426955, 'fire_amp': 2.6192385880432525}.
[I 2026-06-10 19:46:06,689] Trial 1119 finished with values: [10.713877063679616, 10.713877063679616] and parameters: {'k1': 5.7909642338812115e-05, 'D_low': 50.32059347286801, 'k2': 0.02065142557895925, 'D_high': 1266.9536563782303, 'fire_exp': 1.111738490499784, 'P_half': 5588.430421438936, 'pre_dampen_half': 189.36639872354493, 'gpp_af': 1.9998014714101113, 'gpp_b': 0.002416023630607169, 'gpp_d': 7.631016235941559, 'ign_k': 0.09256855841989636, 'ign_c': 2.2882309479728957, 'trop_agb_crit': 1.8023542850487386, 'trop_k_veg': 5.453348988480011, 'fire_amp': 2.042193818779288}.
[I 2026-06-10 19:46:08,028] Trial 1120 finished with values: [-0.6917459362459262, 0.3797910055252963] and parameters: {'k1': 0.0003783599106879794, 'D_low': 2.5449737887285035, 'k2': 0.02065142557895925, 'D_high': 1817.0401889219124, 'fire_exp': 1.2060040899560858, 'P_half': 2.226799690893868, 'pre_dampen_half': 189.36639872354493, 'gpp_af': 0.8594202650742228, 'gpp_b': 0.002416023630607169, 'gpp_d': 1.0088237648985734, 'ign_k': 0.09256855841989636, 'ign_c': 2.2882309479728957, 'trop_agb_crit': 1.0189592979395135, 'trop_k_veg': 5.453348988480011, 'fire_amp': 2.6192385880432525}.
[I 2026-06-10 19:46:09,288] Trial 1121 finished with values: [10.596128133848385, 10.596128133848385] and parameters: {'k1': 0.00026539376439360527, 'D_low': 43.2326421037033, 'k2': 0.02065142557895925, 'D_high': 267.3088310781672, 'fire_exp': 1.2060040899560858, 'P_half': 157.3644610977214, 'pre_dampen_half': 189.36639872354493, 'gpp_af': 3.030008727251782, 'gpp_b': 0.002416023630607169, 'gpp_d': 1.4397852866783676, 'ign_k': 1.6270983114897255, 'ign_c': 5.764955931688925, 'trop_agb_crit': 1.1945139451702542, 'trop_k_veg': 1.6003641872536711, 'fire_amp': 4.472176921013167}.
[I 2026-06-10 19:46:10,542] Trial 1122 finished with values: [10.232062058051435, 10.232062058051435] and parameters: {'k1': 0.0869690639641868, 'D_low': 266.07970538371484, 'k2': 0.005204862686958021, 'D_high': 473.3400761327905, 'fire_exp': 1.111738490499784, 'P_half': 157.3644610977214, 'pre_dampen_half': 189.36639872354493, 'gpp_af': 1.9998014714101113, 'gpp_b': 0.001674375583895437, 'gpp_d': 76.38081075786287, 'ign_k': 0.8945150807271531, 'ign_c': 2.2882309479728957, 'trop_agb_crit': 8.0091368834625, 'trop_k_veg': 1.6003641872536711, 'fire_amp': 2.6192385880432525}.
[I 2026-06-10 19:46:11,975] Trial 1123 finished with values: [-0.31608399510366053, 0.7201190198331315] and parameters: {'k1': 0.00026539376439360527, 'D_low': 43.2326421037033, 'k2': 0.00010980728756907093, 'D_high': 267.3088310781672, 'fire_exp': 1.111738490499784, 'P_half': 157.3644610977214, 'pre_dampen_half': 189.36639872354493, 'gpp_af': 3.030008727251782, 'gpp_b': 5.0875243087016374e-05, 'gpp_d': 525.1661172395181, 'ign_k': 0.09256855841989636, 'ign_c': 7.832259769732471, 'trop_agb_crit': 3.1920112940578624, 'trop_k_veg': 1.6003641872536711, 'fire_amp': 2.6192385880432525}.
[I 2026-06-10 19:46:13,752] Trial 1124 finished with values: [10.618189231568465, 10.618189231568465] and parameters: {'k1': 0.008380768799422988, 'D_low': 133.4807155996069, 'k2': 0.00034302976652689015, 'D_high': 1817.0401889219124, 'fire_exp': 1.111738490499784, 'P_half': 300.85508055280167, 'pre_dampen_half': 189.36639872354493, 'gpp_af': 1.9998014714101113, 'gpp_b': 0.5903603324157484, 'gpp_d': 1.0088237648985734, 'ign_k': 0.09256855841989636, 'ign_c': 16.497426799845446, 'trop_agb_crit': 8.0091368834625, 'trop_k_veg': 5.453348988480011, 'fire_amp': 4.472176921013167}.
[I 2026-06-10 19:46:15,092] Trial 1125 finished with values: [10.779354304134674, 10.779354304134674] and parameters: {'k1': 0.0003783599106879794, 'D_low': 8417.601502819636, 'k2': 0.005204862686958021, 'D_high': 1817.0401889219124, 'fire_exp': 1.2060040899560858, 'P_half': 2.226799690893868, 'pre_dampen_half': 189.36639872354493, 'gpp_af': 0.8594202650742228, 'gpp_b': 0.002416023630607169, 'gpp_d': 1.0088237648985734, 'ign_k': 0.09256855841989636, 'ign_c': 2.2882309479728957, 'trop_agb_crit': 8.0091368834625, 'trop_k_veg': 5.453348988480011, 'fire_amp': 2.6192385880432525}.
[I 2026-06-10 19:46:16,638] Trial 1126 finished with values: [10.110395760698127, 10.110395760698127] and parameters: {'k1': 5.7909642338812115e-05, 'D_low': 1.4002277211577039, 'k2': 0.02065142557895925, 'D_high': 1817.0401889219124, 'fire_exp': 1.2060040899560858, 'P_half': 157.3644610977214, 'pre_dampen_half': 189.36639872354493, 'gpp_af': 0.8594202650742228, 'gpp_b': 0.5903603324157484, 'gpp_d': 525.1661172395181, 'ign_k': 1.6270983114897255, 'ign_c': 7.832259769732471, 'trop_agb_crit': 8.0091368834625, 'trop_k_veg': 1.6003641872536711, 'fire_amp': 2.6192385880432525}.
[I 2026-06-10 19:46:17,979] Trial 1127 finished with values: [10.174704691055496, 10.174704691055496] and parameters: {'k1': 0.00010619895658396983, 'D_low': 236.79352040223893, 'k2': 0.02065142557895925, 'D_high': 1266.9536563782303, 'fire_exp': 1.7505406131449859, 'P_half': 2.6691447170887805, 'pre_dampen_half': 189.36639872354493, 'gpp_af': 3.030008727251782, 'gpp_b': 0.08414873833102533, 'gpp_d': 7.631016235941559, 'ign_k': 0.8945150807271531, 'ign_c': 7.832259769732471, 'trop_agb_crit': 1.0189592979395135, 'trop_k_veg': 1.6003641872536711, 'fire_amp': 4.472176921013167}.
[I 2026-06-10 19:46:19,357] Trial 1128 finished with values: [10.011619567433335, 10.011619567433335] and parameters: {'k1': 0.0003783599106879794, 'D_low': 3.8887507405855737, 'k2': 0.005204862686958021, 'D_high': 1817.0401889219124, 'fire_exp': 1.2060040899560858, 'P_half': 157.3644610977214, 'pre_dampen_half': 189.36639872354493, 'gpp_af': 0.8594202650742228, 'gpp_b': 0.001674375583895437, 'gpp_d': 1.0088237648985734, 'ign_k': 0.09256855841989636, 'ign_c': 2.2882309479728957, 'trop_agb_crit': 8.0091368834625, 'trop_k_veg': 5.453348988480011, 'fire_amp': 2.6192385880432525}.
[I 2026-06-10 19:46:20,923] Trial 1129 finished with values: [10.609978933271943, 10.609978933271943] and parameters: {'k1': 0.0003783599106879794, 'D_low': 43.2326421037033, 'k2': 0.02065142557895925, 'D_high': 267.3088310781672, 'fire_exp': 1.2060040899560858, 'P_half': 157.3644610977214, 'pre_dampen_half': 189.36639872354493, 'gpp_af': 0.8594202650742228, 'gpp_b': 0.002416023630607169, 'gpp_d': 1.0088237648985734, 'ign_k': 0.09256855841989636, 'ign_c': 7.832259769732471, 'trop_agb_crit': 8.0091368834625, 'trop_k_veg': 1.6003641872536711, 'fire_amp': 2.6192385880432525}.
[I 2026-06-10 19:46:22,262] Trial 1130 finished with values: [-0.7665011033604703, 0.20358839780704507] and parameters: {'k1': 6.199983461825241e-05, 'D_low': 2186.356344942016, 'k2': 0.005204862686958021, 'D_high': 1817.0401889219124, 'fire_exp': 1.111738490499784, 'P_half': 996.7983879709292, 'pre_dampen_half': 189.36639872354493, 'gpp_af': 3.030008727251782, 'gpp_b': 0.002416023630607169, 'gpp_d': 7.631016235941559, 'ign_k': 0.8945150807271531, 'ign_c': 18.25244373197921, 'trop_agb_crit': 8.126156857703037, 'trop_k_veg': 5.453348988480011, 'fire_amp': 4.472176921013167}.
[I 2026-06-10 19:46:24,594] Trial 1131 finished with values: [10.256461295096424, 10.256461295096424] and parameters: {'k1': 5.7909642338812115e-05, 'D_low': 1.4002277211577039, 'k2': 0.005204862686958021, 'D_high': 1817.0401889219124, 'fire_exp': 1.2060040899560858, 'P_half': 71.73480907515082, 'pre_dampen_half': 189.36639872354493, 'gpp_af': 1.9998014714101113, 'gpp_b': 0.006999112505425414, 'gpp_d': 1.0088237648985734, 'ign_k': 0.09256855841989636, 'ign_c': 7.832259769732471, 'trop_agb_crit': 8.0091368834625, 'trop_k_veg': 7.402544809983538, 'fire_amp': 2.9752691429896863}.
[I 2026-06-10 19:46:26,062] Trial 1132 finished with values: [10.790851739315872, 10.790851739315872] and parameters: {'k1': 5.7909642338812115e-05, 'D_low': 25.004921089927873, 'k2': 0.02065142557895925, 'D_high': 28.601126547411667, 'fire_exp': 1.4165986667962924, 'P_half': 774.5825831079144, 'pre_dampen_half': 189.36639872354493, 'gpp_af': 1.9998014714101113, 'gpp_b': 0.002416023630607169, 'gpp_d': 7.631016235941559, 'ign_k': 0.00796650292267966, 'ign_c': 7.832259769732471, 'trop_agb_crit': 8.0091368834625, 'trop_k_veg': 5.453348988480011, 'fire_amp': 4.472176921013167}.
[I 2026-06-10 19:46:27,664] Trial 1133 finished with values: [-0.7065867490292529, 0.14994736942459275] and parameters: {'k1': 0.00010089430320527378, 'D_low': 236.79352040223893, 'k2': 0.00034302976652689015, 'D_high': 267.3088310781672, 'fire_exp': 1.111738490499784, 'P_half': 157.3644610977214, 'pre_dampen_half': 189.36639872354493, 'gpp_af': 1.9998014714101113, 'gpp_b': 0.5903603324157484, 'gpp_d': 525.1661172395181, 'ign_k': 0.8945150807271531, 'ign_c': 16.497426799845446, 'trop_agb_crit': 8.0091368834625, 'trop_k_veg': 5.453348988480011, 'fire_amp': 4.472176921013167}.
[I 2026-06-10 19:46:29,318] Trial 1134 finished with values: [-0.744780549964945, 0.2198035341187865] and parameters: {'k1': 0.00026539376439360527, 'D_low': 133.4807155996069, 'k2': 0.00034302976652689015, 'D_high': 1817.0401889219124, 'fire_exp': 1.111738490499784, 'P_half': 157.3644610977214, 'pre_dampen_half': 189.36639872354493, 'gpp_af': 1.9998014714101113, 'gpp_b': 0.5903603324157484, 'gpp_d': 525.1661172395181, 'ign_k': 0.8945150807271531, 'ign_c': 16.497426799845446, 'trop_agb_crit': 8.0091368834625, 'trop_k_veg': 5.453348988480011, 'fire_amp': 4.472176921013167}.
[I 2026-06-10 19:46:30,648] Trial 1135 finished with values: [10.540594470517142, 10.540594470517142] and parameters: {'k1': 5.7909642338812115e-05, 'D_low': 43.2326421037033, 'k2': 0.02065142557895925, 'D_high': 839.2504050877119, 'fire_exp': 1.2060040899560858, 'P_half': 2526.1796445828068, 'pre_dampen_half': 189.36639872354493, 'gpp_af': 0.004409093791567215, 'gpp_b': 0.002416023630607169, 'gpp_d': 1.0088237648985734, 'ign_k': 0.09256855841989636, 'ign_c': 0.24361599465623282, 'trop_agb_crit': 8.0091368834625, 'trop_k_veg': 5.453348988480011, 'fire_amp': 3.8500040010232275}.
[I 2026-06-10 19:46:32,333] Trial 1136 finished with values: [10.41230522033214, 10.41230522033214] and parameters: {'k1': 0.00031134168041628584, 'D_low': 175.74830822120956, 'k2': 0.02065142557895925, 'D_high': 1817.0401889219124, 'fire_exp': 1.4572158037266703, 'P_half': 2.226799690893868, 'pre_dampen_half': 189.36639872354493, 'gpp_af': 1.9998014714101113, 'gpp_b': 0.013814827557709835, 'gpp_d': 1.0088237648985734, 'ign_k': 0.09256855841989636, 'ign_c': 2.2882309479728957, 'trop_agb_crit': 8.0091368834625, 'trop_k_veg': 2.99731137426955, 'fire_amp': 2.6192385880432525}.
[I 2026-06-10 19:46:34,493] Trial 1137 finished with values: [10.330425668095515, 10.330425668095515] and parameters: {'k1': 0.0002588246491696491, 'D_low': 43.2326421037033, 'k2': 0.0007731571570012607, 'D_high': 1817.0401889219124, 'fire_exp': 1.111738490499784, 'P_half': 774.5825831079144, 'pre_dampen_half': 189.36639872354493, 'gpp_af': 3.030008727251782, 'gpp_b': 0.002416023630607169, 'gpp_d': 7.631016235941559, 'ign_k': 0.0028778985970624874, 'ign_c': 2.2882309479728957, 'trop_agb_crit': 2.100813292597435, 'trop_k_veg': 5.453348988480011, 'fire_amp': 4.472176921013167}.
[I 2026-06-10 19:46:36,418] Trial 1138 finished with values: [10.474967100724436, 10.474967100724436] and parameters: {'k1': 5.7909642338812115e-05, 'D_low': 1.4002277211577039, 'k2': 0.02065142557895925, 'D_high': 1817.0401889219124, 'fire_exp': 1.111738490499784, 'P_half': 996.7983879709292, 'pre_dampen_half': 189.36639872354493, 'gpp_af': 0.8594202650742228, 'gpp_b': 0.002416023630607169, 'gpp_d': 525.1661172395181, 'ign_k': 0.0010897490003652056, 'ign_c': 7.832259769732471, 'trop_agb_crit': 1.0189592979395135, 'trop_k_veg': 5.453348988480011, 'fire_amp': 2.6192385880432525}.
[I 2026-06-10 19:46:38,007] Trial 1139 finished with values: [10.829857249163702, 10.829857249163702] and parameters: {'k1': 0.027577746388028138, 'D_low': 2186.356344942016, 'k2': 0.005204862686958021, 'D_high': 1817.0401889219124, 'fire_exp': 1.111738490499784, 'P_half': 157.3644610977214, 'pre_dampen_half': 189.36639872354493, 'gpp_af': 0.8594202650742228, 'gpp_b': 0.001674375583895437, 'gpp_d': 1.0088237648985734, 'ign_k': 0.09256855841989636, 'ign_c': 0.45630923983425714, 'trop_agb_crit': 8.0091368834625, 'trop_k_veg': 5.453348988480011, 'fire_amp': 2.6192385880432525}.
[I 2026-06-10 19:46:39,853] Trial 1140 finished with values: [-0.6393985099111974, 0.4517009568550414] and parameters: {'k1': 5.7909642338812115e-05, 'D_low': 778.4974831204808, 'k2': 0.005204862686958021, 'D_high': 1817.0401889219124, 'fire_exp': 1.111738490499784, 'P_half': 157.3644610977214, 'pre_dampen_half': 189.36639872354493, 'gpp_af': 1.9998014714101113, 'gpp_b': 0.002416023630607169, 'gpp_d': 1.0088237648985734, 'ign_k': 0.09256855841989636, 'ign_c': 0.45630923983425714, 'trop_agb_crit': 1.8023542850487386, 'trop_k_veg': 5.453348988480011, 'fire_amp': 5.015960627273085}.
[I 2026-06-10 19:46:41,297] Trial 1141 finished with values: [-0.7141255459340512, 0.33993837551748696] and parameters: {'k1': 5.7909642338812115e-05, 'D_low': 2.5449737887285035, 'k2': 0.02065142557895925, 'D_high': 1817.0401889219124, 'fire_exp': 1.2060040899560858, 'P_half': 139.09474988024093, 'pre_dampen_half': 189.36639872354493, 'gpp_af': 0.8594202650742228, 'gpp_b': 0.001674375583895437, 'gpp_d': 1.0088237648985734, 'ign_k': 0.09256855841989636, 'ign_c': 2.2882309479728957, 'trop_agb_crit': 1.8728103227942046, 'trop_k_veg': 5.453348988480011, 'fire_amp': 3.820446126794591}.
[I 2026-06-10 19:46:42,829] Trial 1142 finished with values: [10.008072843737981, 10.008072843737981] and parameters: {'k1': 0.00026539376439360527, 'D_low': 2.5449737887285035, 'k2': 0.005204862686958021, 'D_high': 1266.9536563782303, 'fire_exp': 1.7505406131449859, 'P_half': 2.226799690893868, 'pre_dampen_half': 189.36639872354493, 'gpp_af': 0.8594202650742228, 'gpp_b': 0.001674375583895437, 'gpp_d': 525.1661172395181, 'ign_k': 0.09256855841989636, 'ign_c': 2.2882309479728957, 'trop_agb_crit': 8.0091368834625, 'trop_k_veg': 5.453348988480011, 'fire_amp': 2.6192385880432525}.
[I 2026-06-10 19:46:44,431] Trial 1143 finished with values: [10.463169038721876, 10.463169038721876] and parameters: {'k1': 0.00026539376439360527, 'D_low': 2186.356344942016, 'k2': 0.005204862686958021, 'D_high': 1817.0401889219124, 'fire_exp': 1.111738490499784, 'P_half': 157.3644610977214, 'pre_dampen_half': 189.36639872354493, 'gpp_af': 1.9998014714101113, 'gpp_b': 5.0875243087016374e-05, 'gpp_d': 76.38081075786287, 'ign_k': 0.09256855841989636, 'ign_c': 16.497426799845446, 'trop_agb_crit': 8.0091368834625, 'trop_k_veg': 5.453348988480011, 'fire_amp': 1.1289019427438733}.
[I 2026-06-10 19:46:46,845] Trial 1144 finished with values: [10.783114163785022, 10.783114163785022] and parameters: {'k1': 5.7909642338812115e-05, 'D_low': 236.79352040223893, 'k2': 0.005204862686958021, 'D_high': 1817.0401889219124, 'fire_exp': 1.2060040899560858, 'P_half': 2.226799690893868, 'pre_dampen_half': 189.36639872354493, 'gpp_af': 1.8730788990929563, 'gpp_b': 0.002416023630607169, 'gpp_d': 7.631016235941559, 'ign_k': 0.6781728339039853, 'ign_c': 2.2882309479728957, 'trop_agb_crit': 1.0189592979395135, 'trop_k_veg': 5.453348988480011, 'fire_amp': 4.19233232783727}.
[I 2026-06-10 19:46:48,296] Trial 1145 finished with values: [10.217817613055326, 10.217817613055326] and parameters: {'k1': 5.7909642338812115e-05, 'D_low': 133.4807155996069, 'k2': 0.0014933199578396213, 'D_high': 267.3088310781672, 'fire_exp': 1.111738490499784, 'P_half': 774.5825831079144, 'pre_dampen_half': 189.36639872354493, 'gpp_af': 1.9998014714101113, 'gpp_b': 0.002416023630607169, 'gpp_d': 7.631016235941559, 'ign_k': 0.8945150807271531, 'ign_c': 2.2882309479728957, 'trop_agb_crit': 8.0091368834625, 'trop_k_veg': 5.453348988480011, 'fire_amp': 4.472176921013167}.
[I 2026-06-10 19:46:49,671] Trial 1146 finished with values: [-0.6718350190238762, 0.2458897721914064] and parameters: {'k1': 5.7909642338812115e-05, 'D_low': 2.5449737887285035, 'k2': 0.02065142557895925, 'D_high': 1817.0401889219124, 'fire_exp': 1.2060040899560858, 'P_half': 157.3644610977214, 'pre_dampen_half': 189.36639872354493, 'gpp_af': 0.8594202650742228, 'gpp_b': 0.002416023630607169, 'gpp_d': 7.631016235941559, 'ign_k': 0.09256855841989636, 'ign_c': 0.21227623829877074, 'trop_agb_crit': 8.0091368834625, 'trop_k_veg': 5.453348988480011, 'fire_amp': 2.042193818779288}.
