[I 2026-08-20 00:39:07,090] Trial 1131 finished with value: 0.5315959595728036 and parameters: {'k1': 0.005812456491626597, 'D_low': 9893.010399526676, 'k2': 0.0004786564330779963, 'D_high': 7146693.146669074, 'fire_exp': 1.3729754177312836, 'P_half': 319.9887122248627, 'pre_dampen_half': 4.808917704838311, 'gpp_af': 26.77735758540876, 'gpp_b': 0.024685278702847764, 'gpp_d': 277.0191614160645, 'ign_k': 0.03074969050255052, 'ign_c': 11.07141536063395, 'trop_agb_crit': 25.73671844503744, 'trop_k_veg': 0.8331185440957454}. Best is trial 0 with value: -0.5989088506199346.
[I 2026-08-20 00:39:08,501] Trial 1132 finished with value: 0.6445374145881376 and parameters: {'k1': 0.012162984855637712, 'D_low': 24.999804195186385, 'k2': 0.04849439852167861, 'D_high': 352.91381864022037, 'fire_exp': 4.888629451199422, 'P_half': 4569.378382972825, 'pre_dampen_half': 31.592003309425174, 'gpp_af': 18.1629919785264, 'gpp_b': 0.02103970324562957, 'gpp_d': 415.22301503507487, 'ign_k': 5.769262554674382, 'ign_c': 162.16283449188697, 'trop_agb_crit': 4.795351359489353, 'trop_k_veg': 2.163304521561166}. Best is trial 0 with value: -0.5989088506199346.
[I 2026-08-20 00:39:09,869] Trial 1133 finished with value: 0.5445173265733769 and parameters: {'k1': 0.0002464599023460223, 'D_low': 23695.85803327521, 'k2': 0.061449109331036846, 'D_high': 7412535.782848258, 'fire_exp': 1.5323747940607182, 'P_half': 1.9672691718048583, 'pre_dampen_half': 2.7098292223221536, 'gpp_af': 0.2675338133582233, 'gpp_b': 0.00739256766616601, 'gpp_d': 244.97369881897185, 'ign_k': 0.031243331209911594, 'ign_c': 1.4368970394769933, 'trop_agb_crit': 11.461826394120282, 'trop_k_veg': 3.5882958357709214}. Best is trial 0 with value: -0.5989088506199346.
[I 2026-08-20 00:39:11,316] Trial 1134 finished with value: 0.4227783652160617 and parameters: {'k1': 0.06159398511779802, 'D_low': 1.3255966126433736, 'k2': 0.002675401065180099, 'D_high': 118784.27002521123, 'fire_exp': 1.8369851168077602, 'P_half': 2.580876858506164, 'pre_dampen_half': 2.9293534437987727, 'gpp_af': 0.0018927046318874645, 'gpp_b': 3.0638204648226995e-05, 'gpp_d': 5.217910841082535, 'ign_k': 0.6552628235688239, 'ign_c': 0.8670460937514811, 'trop_agb_crit': 12.708896121907571, 'trop_k_veg': 6.927433014712418}. Best is trial 0 with value: -0.5989088506199346.
[I 2026-08-20 00:39:12,732] Trial 1135 finished with value: 0.6445374145878389 and parameters: {'k1': 5.696229762497842e-05, 'D_low': 2.0074765096437237, 'k2': 0.03655091359766839, 'D_high': 576.1729215789329, 'fire_exp': 2.4519227894785924, 'P_half': 45.13342106909718, 'pre_dampen_half': 3.0030586489619377, 'gpp_af': 0.0011664997971121659, 'gpp_b': 0.08955296023807888, 'gpp_d': 0.5590631196741819, 'ign_k': 0.0022227787053894694, 'ign_c': 911.9655583528136, 'trop_agb_crit': 29.8356285739634, 'trop_k_veg': 6.842442990812911}. Best is trial 0 with value: -0.5989088506199346.
[I 2026-08-20 00:39:14,116] Trial 1136 finished with value: 0.603243840661466 and parameters: {'k1': 0.001151508302596284, 'D_low': 51.64029975004791, 'k2': 0.0002141186923108428, 'D_high': 195.18281789676422, 'fire_exp': 1.3363401565530457, 'P_half': 120.06113304880309, 'pre_dampen_half': 1.881359705663581, 'gpp_af': 0.7478666574840557, 'gpp_b': 1.8098823684714067, 'gpp_d': 30.078653389969457, 'ign_k': 0.38435827902587744, 'ign_c': 0.2910377656622987, 'trop_agb_crit': 21.960558717899964, 'trop_k_veg': 0.8393647483201426}. Best is trial 0 with value: -0.5989088506199346.
[I 2026-08-20 00:39:15,494] Trial 1137 finished with value: -0.5520745599709999 and parameters: {'k1': 0.0011622464267917263, 'D_low': 15.092926607322008, 'k2': 0.007073640148035934, 'D_high': 314667.4575776315, 'fire_exp': 2.604084900734959, 'P_half': 108.24631465238689, 'pre_dampen_half': 6.022761995682187, 'gpp_af': 0.47590661655532823, 'gpp_b': 0.008010385706012379, 'gpp_d': 75.44775075405111, 'ign_k': 0.7896069123350011, 'ign_c': 0.1100282787643888, 'trop_agb_crit': 1.168780734026385, 'trop_k_veg': 2.285754257912314}. Best is trial 0 with value: -0.5989088506199346.
[I 2026-08-20 00:39:16,893] Trial 1138 finished with value: 0.6445374145881376 and parameters: {'k1': 0.0011050574346119987, 'D_low': 206810.8988768747, 'k2': 0.041029536574193656, 'D_high': 165149.58217402833, 'fire_exp': 1.0673244711278203, 'P_half': 3.8288385133997567, 'pre_dampen_half': 0.627148480186234, 'gpp_af': 0.06768788256719752, 'gpp_b': 0.07690443420484705, 'gpp_d': 61.52184530380389, 'ign_k': 0.08872327897169391, 'ign_c': 0.1341302658611885, 'trop_agb_crit': 10.715329247568913, 'trop_k_veg': 1.7158490698880664}. Best is trial 0 with value: -0.5989088506199346.
[I 2026-08-20 00:39:18,299] Trial 1139 finished with value: 0.4693857984439693 and parameters: {'k1': 0.0013628403013436468, 'D_low': 20.897618638396388, 'k2': 0.007782421172881488, 'D_high': 1102379.0634226864, 'fire_exp': 6.43152175843436, 'P_half': 14.768760850255292, 'pre_dampen_half': 100.28426833771123, 'gpp_af': 87.2064655654697, 'gpp_b': 0.000328492450686953, 'gpp_d': 794.6369531765052, 'ign_k': 1.4640593106263102, 'ign_c': 5.902542106509926, 'trop_agb_crit': 6.442854205334636, 'trop_k_veg': 1.6194098101560137}. Best is trial 0 with value: -0.5989088506199346.
[I 2026-08-20 00:39:19,945] Trial 1140 finished with value: 0.5772775868168368 and parameters: {'k1': 0.0446355915715172, 'D_low': 2.722404206401031, 'k2': 0.0008667045953448953, 'D_high': 41626.641065204174, 'fire_exp': 4.6692115921855475, 'P_half': 314.6769027883514, 'pre_dampen_half': 0.7745568506177806, 'gpp_af': 0.9718441148418363, 'gpp_b': 0.03133625971908086, 'gpp_d': 95.48943702032336, 'ign_k': 0.30150522697752064, 'ign_c': 0.2491138711864722, 'trop_agb_crit': 5.874083719157115, 'trop_k_veg': 2.8452964102077383}. Best is trial 0 with value: -0.5989088506199346.
[I 2026-08-20 00:39:21,340] Trial 1141 finished with value: 0.6445374145881376 and parameters: {'k1': 1.1548935979388425e-05, 'D_low': 812.1966270258429, 'k2': 2.449029446314234e-05, 'D_high': 9032030.394544283, 'fire_exp': 3.205787364541593, 'P_half': 206.19577093229248, 'pre_dampen_half': 0.03712382973999432, 'gpp_af': 0.005570656664860104, 'gpp_b': 0.010931607702284388, 'gpp_d': 74.69651361914717, 'ign_k': 0.7524312211702641, 'ign_c': 811.3951388408386, 'trop_agb_crit': 29.70385397523737, 'trop_k_veg': 0.8206846254636151}. Best is trial 0 with value: -0.5989088506199346.
[I 2026-08-20 00:39:22,703] Trial 1142 finished with value: 0.6445374145881376 and parameters: {'k1': 0.01185497032360674, 'D_low': 58723.9160776301, 'k2': 0.015215741414625627, 'D_high': 54237.02013300797, 'fire_exp': 1.0057517345104101, 'P_half': 399.4707432404271, 'pre_dampen_half': 792.4918839830179, 'gpp_af': 0.0307424753746971, 'gpp_b': 0.0836082483797754, 'gpp_d': 8.75635479883053, 'ign_k': 0.0013580320581079047, 'ign_c': 95.59541525098464, 'trop_agb_crit': 12.250325562384948, 'trop_k_veg': 0.7562043628683409}. Best is trial 0 with value: -0.5989088506199346.
[I 2026-08-20 00:39:24,111] Trial 1143 finished with value: 0.595583673523718 and parameters: {'k1': 4.2546550228490424e-05, 'D_low': 9719.859489691462, 'k2': 0.002256956357508935, 'D_high': 4406214.460313837, 'fire_exp': 2.9411332367006042, 'P_half': 27.190005584938863, 'pre_dampen_half': 4.317442845878624, 'gpp_af': 0.002058849603265154, 'gpp_b': 0.0057171914864674956, 'gpp_d': 35.0092239855948, 'ign_k': 0.41332974421689467, 'ign_c': 0.16893883920368846, 'trop_agb_crit': 14.277658011875975, 'trop_k_veg': 2.1518280499940454}. Best is trial 0 with value: -0.5989088506199346.
[I 2026-08-20 00:39:25,523] Trial 1144 finished with value: 0.6445374145881376 and parameters: {'k1': 9.836706689926922e-05, 'D_low': 1.8757075241508199, 'k2': 0.09335941037833088, 'D_high': 1294.7102684367057, 'fire_exp': 5.840803704028286, 'P_half': 1.0618482302918717, 'pre_dampen_half': 2.5920165541691977, 'gpp_af': 0.09853110779895873, 'gpp_b': 0.33514984483343974, 'gpp_d': 76.08889610434734, 'ign_k': 0.008478474070195368, 'ign_c': 388.839871601902, 'trop_agb_crit': 3.012898595511277, 'trop_k_veg': 0.6069750832657619}. Best is trial 0 with value: -0.5989088506199346.
[I 2026-08-20 00:39:26,924] Trial 1145 finished with value: 0.5150347463596129 and parameters: {'k1': 0.0001422838804573499, 'D_low': 188.1497785843909, 'k2': 1.0012770916620878e-05, 'D_high': 1392983.5788698099, 'fire_exp': 1.3204846550045821, 'P_half': 16.2280822201647, 'pre_dampen_half': 0.31903166911033887, 'gpp_af': 0.049782993905712086, 'gpp_b': 9.577374528712995e-05, 'gpp_d': 0.015988041994175795, 'ign_k': 0.22252906838477252, 'ign_c': 2.948580998287814, 'trop_agb_crit': 1.5178297792918745, 'trop_k_veg': 2.3560788377445583}. Best is trial 0 with value: -0.5989088506199346.
[I 2026-08-20 00:39:28,304] Trial 1146 finished with value: 0.6445374145881376 and parameters: {'k1': 0.005220353890903311, 'D_low': 225.10169906323296, 'k2': 0.0002883172478803846, 'D_high': 14.365749604500458, 'fire_exp': 1.0389476024447346, 'P_half': 1135.9660543764776, 'pre_dampen_half': 0.051163783421653355, 'gpp_af': 13.682852492701416, 'gpp_b': 0.0010390114648242675, 'gpp_d': 470.151192762263, 'ign_k': 0.09227626952524502, 'ign_c': 369.6535795821588, 'trop_agb_crit': 8.750870373508242, 'trop_k_veg': 1.496499835470245}. Best is trial 0 with value: -0.5989088506199346.
[I 2026-08-20 00:39:29,672] Trial 1147 finished with value: 0.48058873705348915 and parameters: {'k1': 0.013346449235767171, 'D_low': 3993.7833824123722, 'k2': 0.00014348244638234207, 'D_high': 116992.88877753173, 'fire_exp': 1.001941525896104, 'P_half': 9.60379720641055, 'pre_dampen_half': 0.4112170161143064, 'gpp_af': 0.15166599750825221, 'gpp_b': 0.00032462659483443275, 'gpp_d': 5.068717744275569, 'ign_k': 0.07038427960816025, 'ign_c': 0.7791106484016685, 'trop_agb_crit': 2.025057797723158, 'trop_k_veg': 5.607224957848037}. Best is trial 0 with value: -0.5989088506199346.
[I 2026-08-20 00:39:31,033] Trial 1148 finished with value: 0.5851327154223868 and parameters: {'k1': 3.379153358210084e-05, 'D_low': 11.007815771889353, 'k2': 0.02636084673945166, 'D_high': 26869.603565672845, 'fire_exp': 1.0168817258043918, 'P_half': 914.1639855570436, 'pre_dampen_half': 0.934550474089045, 'gpp_af': 0.035294711948933105, 'gpp_b': 0.016407696591735296, 'gpp_d': 152.0656586462468, 'ign_k': 0.001314847574663606, 'ign_c': 160.63365265776557, 'trop_agb_crit': 2.070098289796974, 'trop_k_veg': 0.6949137699173425}. Best is trial 0 with value: -0.5989088506199346.
[I 2026-08-20 00:39:32,390] Trial 1149 finished with value: 0.4122537778714048 and parameters: {'k1': 0.008687298416098532, 'D_low': 42.65455753282504, 'k2': 1.0387590474636152e-05, 'D_high': 3366013.0693455446, 'fire_exp': 1.1304894053830443, 'P_half': 11.014653548527658, 'pre_dampen_half': 1.5368064722938568, 'gpp_af': 0.007821153120709034, 'gpp_b': 0.00014539667817487135, 'gpp_d': 1.507367673753241, 'ign_k': 0.6788928539636291, 'ign_c': 2.4585094349924517, 'trop_agb_crit': 3.817129287032986, 'trop_k_veg': 5.076010407886472}. Best is trial 0 with value: -0.5989088506199346.
[I 2026-08-20 00:39:33,808] Trial 1150 finished with value: 0.6269698935061665 and parameters: {'k1': 0.001317487540116647, 'D_low': 47.64776601071476, 'k2': 4.4119215015267535e-05, 'D_high': 9977341.17379964, 'fire_exp': 3.8260273136414993, 'P_half': 6.161955531839468, 'pre_dampen_half': 0.04025432897717436, 'gpp_af': 1.7220974784814613, 'gpp_b': 0.00021613369348307335, 'gpp_d': 0.01813942497938208, 'ign_k': 0.14018008426685105, 'ign_c': 2.773870636484197, 'trop_agb_crit': 2.8443289340436717, 'trop_k_veg': 1.6548125360453674}. Best is trial 0 with value: -0.5989088506199346.
[I 2026-08-20 00:39:35,183] Trial 1151 finished with value: 0.6445374145881376 and parameters: {'k1': 0.019935298954225817, 'D_low': 82498.479435859, 'k2': 0.0011517637433020667, 'D_high': 10939.514202639744, 'fire_exp': 6.200017778278211, 'P_half': 3737.1931230015266, 'pre_dampen_half': 346.5790645739695, 'gpp_af': 7.599021449138035, 'gpp_b': 0.02821908748700709, 'gpp_d': 0.17698294070984102, 'ign_k': 0.34307047855169787, 'ign_c': 883.12125045102, 'trop_agb_crit': 2.615075594020073, 'trop_k_veg': 0.897131303778376}. Best is trial 0 with value: -0.5989088506199346.
[I 2026-08-20 00:39:36,535] Trial 1152 finished with value: 0.5229454636132804 and parameters: {'k1': 0.0013346417756872255, 'D_low': 1.070220812723523, 'k2': 4.6783474658023704e-05, 'D_high': 8478020.692076443, 'fire_exp': 1.3155789968828566, 'P_half': 11.055017076824528, 'pre_dampen_half': 0.06686037322346841, 'gpp_af': 0.10744633782730771, 'gpp_b': 5.340134554610067e-05, 'gpp_d': 0.021722051506481016, 'ign_k': 4.7390340167245615, 'ign_c': 1.7198854759041635, 'trop_agb_crit': 2.6980114355748017, 'trop_k_veg': 2.862603800984613}. Best is trial 0 with value: -0.5989088506199346.
[I 2026-08-20 00:39:37,901] Trial 1153 finished with value: -0.5803894693557452 and parameters: {'k1': 0.0002997345325023162, 'D_low': 727.5147714556933, 'k2': 0.0008403959292335378, 'D_high': 2699456.9984447337, 'fire_exp': 4.868371918956966, 'P_half': 1.0554995326635404, 'pre_dampen_half': 19.860794879696584, 'gpp_af': 0.025611628293029896, 'gpp_b': 0.00036066400232318425, 'gpp_d': 6.990466203066525, 'ign_k': 0.43649660937330187, 'ign_c': 0.926004131247749, 'trop_agb_crit': 28.022199643065182, 'trop_k_veg': 6.188390312270815}. Best is trial 0 with value: -0.5989088506199346.
[I 2026-08-20 00:39:39,292] Trial 1154 finished with value: 0.6131616487455658 and parameters: {'k1': 0.003780681116022414, 'D_low': 2.4920634325570217, 'k2': 0.07049622049135455, 'D_high': 1084.7229803069895, 'fire_exp': 9.115321099834874, 'P_half': 3.8375802841121964, 'pre_dampen_half': 91.6935684202053, 'gpp_af': 16.892950279574713, 'gpp_b': 0.005855677521022629, 'gpp_d': 256.2488329077833, 'ign_k': 0.0053368798044332935, 'ign_c': 2.0212366476234416, 'trop_agb_crit': 14.372756863300117, 'trop_k_veg': 3.8813774081006684}. Best is trial 0 with value: -0.5989088506199346.
[I 2026-08-20 00:39:40,920] Trial 1155 finished with value: 0.639936628098381 and parameters: {'k1': 1.616327541570081e-05, 'D_low': 741.8330175306503, 'k2': 0.013631866837608687, 'D_high': 2465460.869892979, 'fire_exp': 7.1591005882856, 'P_half': 665.0630280112715, 'pre_dampen_half': 0.4448724025965978, 'gpp_af': 3.2874703295864705, 'gpp_b': 2.978788109892351, 'gpp_d': 56.49668003305501, 'ign_k': 0.0017416187202098418, 'ign_c': 16.3964925849079, 'trop_agb_crit': 22.609862014757578, 'trop_k_veg': 1.6264638550868025}. Best is trial 0 with value: -0.5989088506199346.
[I 2026-08-20 00:39:42,269] Trial 1156 finished with value: 0.5336616643521405 and parameters: {'k1': 0.00034162818583877044, 'D_low': 21956.118579159196, 'k2': 0.0004292427031938423, 'D_high': 5649223.281592082, 'fire_exp': 2.95749745958006, 'P_half': 3.7309647478686516, 'pre_dampen_half': 229.18032888668762, 'gpp_af': 8.551360669617686, 'gpp_b': 3.971665452792216e-05, 'gpp_d': 5.394548833055243, 'ign_k': 0.25001699814935735, 'ign_c': 0.14466856791625926, 'trop_agb_crit': 25.07844215507497, 'trop_k_veg': 4.5826809726976245}. Best is trial 0 with value: -0.5989088506199346.
[I 2026-08-20 00:39:43,633] Trial 1157 finished with value: -0.5213294942315931 and parameters: {'k1': 2.4915421375659098e-05, 'D_low': 2983.469046067146, 'k2': 0.0005652594455821517, 'D_high': 2844581.1420670366, 'fire_exp': 1.5387517637294317, 'P_half': 1.1019559297625985, 'pre_dampen_half': 8.365855010544005, 'gpp_af': 0.01581425334529843, 'gpp_b': 1.2229549671350097e-05, 'gpp_d': 2.828912406070129, 'ign_k': 0.03692823620964149, 'ign_c': 9.5464800604752, 'trop_agb_crit': 1.5168883874445067, 'trop_k_veg': 3.642355657032126}. Best is trial 0 with value: -0.5989088506199346.
[I 2026-08-20 00:39:45,030] Trial 1158 finished with value: 0.5165049327946386 and parameters: {'k1': 0.0007856415936633344, 'D_low': 325.99336111298805, 'k2': 9.553895623611636e-05, 'D_high': 651091.5529877828, 'fire_exp': 5.7319383054556035, 'P_half': 2.709115943770258, 'pre_dampen_half': 24.759035523963096, 'gpp_af': 0.004766505137116564, 'gpp_b': 0.0015275082557983702, 'gpp_d': 10.588829464085979, 'ign_k': 0.3431718618652536, 'ign_c': 0.792991144805439, 'trop_agb_crit': 20.295000806159113, 'trop_k_veg': 5.954869431986817}. Best is trial 0 with value: -0.5989088506199346.
[I 2026-08-20 00:39:46,397] Trial 1159 finished with value: 0.5178040384961381 and parameters: {'k1': 1.517492560733617e-05, 'D_low': 2781.6498520755035, 'k2': 0.00015270186673167126, 'D_high': 5101594.545397114, 'fire_exp': 2.9416307730926197, 'P_half': 1.921000578997575, 'pre_dampen_half': 151.76857222367852, 'gpp_af': 9.031396582653347, 'gpp_b': 0.5560257446380604, 'gpp_d': 146.15549386618912, 'ign_k': 1.054716178137544, 'ign_c': 0.3878933568900074, 'trop_agb_crit': 10.06354533500864, 'trop_k_veg': 1.4273471236805537}. Best is trial 0 with value: -0.5989088506199346.
[I 2026-08-20 00:39:47,747] Trial 1160 finished with value: 0.6445374145881376 and parameters: {'k1': 8.380753664394802e-05, 'D_low': 85707.77998595384, 'k2': 1.3274748780055158e-05, 'D_high': 44.73181580932341, 'fire_exp': 3.2590772078686685, 'P_half': 1832.2980657961075, 'pre_dampen_half': 0.953839110247374, 'gpp_af': 0.006851437381364272, 'gpp_b': 1.716995598657218, 'gpp_d': 0.08810422088264533, 'ign_k': 5.2902325396898995, 'ign_c': 3.3186892022477785, 'trop_agb_crit': 2.1835542726048756, 'trop_k_veg': 1.8245381790673962}. Best is trial 0 with value: -0.5989088506199346.
[I 2026-08-20 00:39:49,111] Trial 1161 finished with value: 0.6445374145881376 and parameters: {'k1': 3.199050027914389e-05, 'D_low': 45645.30002311496, 'k2': 0.0065151115009534485, 'D_high': 10.174784866152525, 'fire_exp': 1.9107475911848752, 'P_half': 207.19661087551276, 'pre_dampen_half': 7.884285962747442, 'gpp_af': 0.011566428751458668, 'gpp_b': 3.807567072699051, 'gpp_d': 1.8337648998504321, 'ign_k': 0.0021137158235791185, 'ign_c': 497.56234091523936, 'trop_agb_crit': 21.8236942919731, 'trop_k_veg': 1.8170204515910064}. Best is trial 0 with value: -0.5989088506199346.
[I 2026-08-20 00:39:50,514] Trial 1162 finished with value: 0.6015211488366319 and parameters: {'k1': 0.0012656074020658244, 'D_low': 4930.290083446874, 'k2': 0.0034299253095206573, 'D_high': 6648513.803095005, 'fire_exp': 4.989536131181612, 'P_half': 2.405535495354343, 'pre_dampen_half': 7.501112611510408, 'gpp_af': 0.014620233662505595, 'gpp_b': 0.013197383709960467, 'gpp_d': 6.9503045058451995, 'ign_k': 0.08878464691850191, 'ign_c': 5.582470324086163, 'trop_agb_crit': 14.1009750946545, 'trop_k_veg': 6.640391782818674}. Best is trial 0 with value: -0.5989088506199346.
[I 2026-08-20 00:39:51,895] Trial 1163 finished with value: 0.5769919851241194 and parameters: {'k1': 2.0292650242444112e-05, 'D_low': 1128.9911416017865, 'k2': 0.0003068832576956758, 'D_high': 85644.48733995104, 'fire_exp': 4.354686281962393, 'P_half': 2.655935899151751, 'pre_dampen_half': 10.213876072553806, 'gpp_af': 0.09730797768998463, 'gpp_b': 0.0014640477144928711, 'gpp_d': 36.301534875410745, 'ign_k': 0.40466402719099376, 'ign_c': 1.5094681090703232, 'trop_agb_crit': 20.755706001264137, 'trop_k_veg': 3.5650864419810637}. Best is trial 0 with value: -0.5989088506199346.
[I 2026-08-20 00:39:53,268] Trial 1164 finished with value: 0.6445374819873361 and parameters: {'k1': 0.043775485921539216, 'D_low': 188.83599336386484, 'k2': 9.078150880195299e-05, 'D_high': 682422.089148042, 'fire_exp': 4.27121668923281, 'P_half': 4986.797968039245, 'pre_dampen_half': 0.06968580585303005, 'gpp_af': 0.02385014368077813, 'gpp_b': 0.16315173972464542, 'gpp_d': 0.0582375220186521, 'ign_k': 0.9859411767721659, 'ign_c': 1.1330454838565647, 'trop_agb_crit': 1.8779688124858536, 'trop_k_veg': 0.9872125915226823}. Best is trial 0 with value: -0.5989088506199346.
[I 2026-08-20 00:39:54,620] Trial 1165 finished with value: 0.4851022342209379 and parameters: {'k1': 0.000579446148213416, 'D_low': 2250.9794289238926, 'k2': 0.003770700815112708, 'D_high': 1130009.1066387745, 'fire_exp': 4.356591113683602, 'P_half': 3.074355489264667, 'pre_dampen_half': 5.4066934580069255, 'gpp_af': 0.013591025218299642, 'gpp_b': 0.0011153038621450405, 'gpp_d': 1.4812324050808372, 'ign_k': 0.3952223211005575, 'ign_c': 1.0048751969206586, 'trop_agb_crit': 21.323864605918704, 'trop_k_veg': 3.444909294225985}. Best is trial 0 with value: -0.5989088506199346.
[I 2026-08-20 00:39:56,038] Trial 1166 finished with value: 0.5208408617586041 and parameters: {'k1': 0.06647293046249843, 'D_low': 4900.766589325862, 'k2': 0.008406377752880341, 'D_high': 1202197.6002773766, 'fire_exp': 1.56759435100941, 'P_half': 136.2378984088405, 'pre_dampen_half': 1.0125358333052825, 'gpp_af': 0.5181710764944255, 'gpp_b': 0.09506109572525917, 'gpp_d': 888.734606322805, 'ign_k': 1.1101710311745756, 'ign_c': 2.494695529108457, 'trop_agb_crit': 27.469998367089627, 'trop_k_veg': 3.6547928651259936}. Best is trial 0 with value: -0.5989088506199346.
[I 2026-08-20 00:39:57,392] Trial 1167 finished with value: 0.6445374145881376 and parameters: {'k1': 0.0010883580111467226, 'D_low': 441.1680743538656, 'k2': 0.00213627171392705, 'D_high': 5721390.086710906, 'fire_exp': 1.3603716273392685, 'P_half': 96.8679552951235, 'pre_dampen_half': 119.35716038069755, 'gpp_af': 0.15973295223257294, 'gpp_b': 0.0008964164729538715, 'gpp_d': 28.62950239950043, 'ign_k': 2.2158439391440914, 'ign_c': 74.03978232562373, 'trop_agb_crit': 25.676900109915493, 'trop_k_veg': 2.2546371709032633}. Best is trial 0 with value: -0.5989088506199346.
