[I 2026-07-25 00:31:03,622] Trial 210 finished with value: 0.568138014716824 and parameters: {'k1': 1.7153727103136296e-05, 'D_low': 8302.490837593095, 'k2': 0.00043681175406382056, 'D_high': 15631.607656540376, 'fire_exp': 4.57610606612556, 'P_half': 1061.1827340534808, 'pre_dampen_half': 0.06069447604476686, 'gpp_af': 0.12065092958778402, 'gpp_b': 4.4228805718432034e-05, 'gpp_d': 3.664298676967087, 'ign_k': 0.005416724076005035, 'ign_c': 9.51789063030773, 'trop_agb_crit': 2.982920664120642, 'trop_k_veg': 5.7976113336837, 'gdp_gamma': 0.14176529158953474, 'cure_k': 1.1245770084982634, 'cure_p_min': 119.27075837129294, 'cure_gpp_ref': 0.6057649867007429, 'cure_agb_crit': 2.155349025316914, 'fuel_k': 0.04593759805321885, 'fuel_half': 0.7876733943360299}. Best is trial 0 with value: -0.6232552202351066.
[I 2026-07-25 00:31:04,071] Trial 211 finished with value: 0.4191011868724651 and parameters: {'k1': 0.06740882304466056, 'D_low': 75.71900758119547, 'k2': 0.0191434050553772, 'D_high': 484728.6636897852, 'fire_exp': 1.6385967442610352, 'P_half': 18.71684215689549, 'pre_dampen_half': 19.36252047264134, 'gpp_af': 0.01332793520905959, 'gpp_b': 1.9775019167873966e-05, 'gpp_d': 46.715195520953564, 'ign_k': 0.10108971301422122, 'ign_c': 5.418993181152583, 'trop_agb_crit': 25.477163660222203, 'trop_k_veg': 0.5376691085443241, 'gdp_gamma': 0.00869326646748675, 'cure_k': 0.0029518235281163463, 'cure_p_min': 100.22408604182861, 'cure_gpp_ref': 0.3996034732879512, 'cure_agb_crit': 4.8483308160556335, 'fuel_k': 0.12965483512599799, 'fuel_half': 1.6362387234407365}. Best is trial 0 with value: -0.6232552202351066.
[I 2026-07-25 00:31:04,523] Trial 212 finished with value: 0.6024006657772806 and parameters: {'k1': 0.00019263433001433548, 'D_low': 25416.280434905228, 'k2': 0.024716244654548383, 'D_high': 28245.66108827101, 'fire_exp': 4.933394872482582, 'P_half': 1889.9109224902888, 'pre_dampen_half': 1.55936409754984, 'gpp_af': 0.6413564144598437, 'gpp_b': 3.422716701662689e-05, 'gpp_d': 7.296721510116272, 'ign_k': 0.0010806237204051784, 'ign_c': 143.3398540724748, 'trop_agb_crit': 2.119876785283495, 'trop_k_veg': 4.351708696070203, 'gdp_gamma': 0.4210421622495816, 'cure_k': 0.0031451929040783705, 'cure_p_min': 257.6433722419564, 'cure_gpp_ref': 0.7328149654041307, 'cure_agb_crit': 1.0259603802880366, 'fuel_k': 0.05644453070685067, 'fuel_half': 0.7739515002353667}. Best is trial 0 with value: -0.6232552202351066.
[I 2026-07-25 00:31:04,973] Trial 213 finished with value: 0.5969455399896109 and parameters: {'k1': 0.0001011068253326822, 'D_low': 343.0557202129105, 'k2': 0.002261033617546029, 'D_high': 17.3480435188746, 'fire_exp': 4.351296087544308, 'P_half': 4221.579761031112, 'pre_dampen_half': 0.7784384318572436, 'gpp_af': 0.022155908002504703, 'gpp_b': 1.7121858382483834e-05, 'gpp_d': 40.840326582919566, 'ign_k': 0.0034436123904966437, 'ign_c': 18.60971207235618, 'trop_agb_crit': 4.019828872138074, 'trop_k_veg': 7.298719035639787, 'gdp_gamma': 0.3102028384276888, 'cure_k': 0.023611218018529896, 'cure_p_min': 200.97473494486633, 'cure_gpp_ref': 1.2971374912524218, 'cure_agb_crit': 1.4863989684822947, 'fuel_k': 0.0344291658137304, 'fuel_half': 3.530424265950735}. Best is trial 0 with value: -0.6232552202351066.
[I 2026-07-25 00:31:05,424] Trial 214 finished with value: 0.6230265006378745 and parameters: {'k1': 0.009559343933229261, 'D_low': 3667.3182323072233, 'k2': 0.009584498364594084, 'D_high': 2517029.6492752135, 'fire_exp': 1.0383849760321457, 'P_half': 1501.5919278256063, 'pre_dampen_half': 178.872526352985, 'gpp_af': 0.007318491070061122, 'gpp_b': 0.005904015885640269, 'gpp_d': 94.77351204651562, 'ign_k': 0.3886326237005258, 'ign_c': 66.90344882747013, 'trop_agb_crit': 15.934771771690531, 'trop_k_veg': 3.4951322300404297, 'gdp_gamma': 0.07935880884337296, 'cure_k': 0.0010192138377332711, 'cure_p_min': 80.36638681187677, 'cure_gpp_ref': 1.838881042189761, 'cure_agb_crit': 6.3829345272717, 'fuel_k': 0.0400988247277057, 'fuel_half': 6.62243652227465}. Best is trial 0 with value: -0.6232552202351066.
[I 2026-07-25 00:31:05,877] Trial 215 finished with value: 0.5372481643290422 and parameters: {'k1': 0.05334636018248326, 'D_low': 16656.980029398812, 'k2': 0.06997244411691235, 'D_high': 5718911.177634862, 'fire_exp': 1.7816389738872223, 'P_half': 138.47749538629589, 'pre_dampen_half': 11.397023790539794, 'gpp_af': 0.9564741820264004, 'gpp_b': 4.5976103949341405e-05, 'gpp_d': 105.59492198652305, 'ign_k': 0.002417646679529981, 'ign_c': 12.062738106394697, 'trop_agb_crit': 18.42069480070855, 'trop_k_veg': 0.73357572795374, 'gdp_gamma': 0.00548290462031799, 'cure_k': 0.03151304163058974, 'cure_p_min': 96.30186578253243, 'cure_gpp_ref': 0.6181082898616739, 'cure_agb_crit': 2.4213964239668258, 'fuel_k': 0.1853104027049286, 'fuel_half': 0.423813117190976}. Best is trial 0 with value: -0.6232552202351066.
[I 2026-07-25 00:31:06,329] Trial 216 finished with value: 0.5647663688585981 and parameters: {'k1': 0.0038646694471539365, 'D_low': 9.34142212888056, 'k2': 0.08265314298379718, 'D_high': 5033754.2287498405, 'fire_exp': 2.4630272611437074, 'P_half': 633.8143327004348, 'pre_dampen_half': 223.0208394479088, 'gpp_af': 0.0034476492070050183, 'gpp_b': 0.0010781961651655171, 'gpp_d': 243.61144136859414, 'ign_k': 0.06901597535322976, 'ign_c': 20.59931183411771, 'trop_agb_crit': 18.455995175139904, 'trop_k_veg': 1.7386549797975548, 'gdp_gamma': 0.33028874573661804, 'cure_k': 0.0013348219023659865, 'cure_p_min': 81.52691397765923, 'cure_gpp_ref': 0.3462018023930658, 'cure_agb_crit': 6.47321076970629, 'fuel_k': 0.023627549530310182, 'fuel_half': 0.9749616028733573}. Best is trial 0 with value: -0.6232552202351066.
[I 2026-07-25 00:31:06,780] Trial 217 finished with value: 0.6012466495021433 and parameters: {'k1': 0.033137666567537506, 'D_low': 3398.0138029839113, 'k2': 0.01050613475238204, 'D_high': 4163069.9580787667, 'fire_exp': 1.830953528915128, 'P_half': 216.9889187696486, 'pre_dampen_half': 306.6985179387201, 'gpp_af': 0.007877649559502674, 'gpp_b': 7.15502147243183e-05, 'gpp_d': 9.413300292453947, 'ign_k': 0.011254813156141085, 'ign_c': 322.79606896959547, 'trop_agb_crit': 16.98818069916737, 'trop_k_veg': 1.9661166352900312, 'gdp_gamma': 0.04637754254336221, 'cure_k': 0.005825565408219895, 'cure_p_min': 93.12004294127318, 'cure_gpp_ref': 0.8675712863178544, 'cure_agb_crit': 2.630474041898796, 'fuel_k': 0.3177316549788935, 'fuel_half': 1.1056813235054384}. Best is trial 0 with value: -0.6232552202351066.
[I 2026-07-25 00:31:07,232] Trial 218 finished with value: 0.48592688277599216 and parameters: {'k1': 1.9614038679744566e-05, 'D_low': 2630.636099993644, 'k2': 0.0025855028864359923, 'D_high': 773.5316340736761, 'fire_exp': 1.77458427015853, 'P_half': 31.847521925153945, 'pre_dampen_half': 118.3796405639427, 'gpp_af': 0.008217087789589178, 'gpp_b': 2.834901686447788e-05, 'gpp_d': 851.0437671408768, 'ign_k': 0.0012436250372557843, 'ign_c': 4.2108933971561635, 'trop_agb_crit': 12.013351868617333, 'trop_k_veg': 5.977934679397231, 'gdp_gamma': 0.8561797114506307, 'cure_k': 0.21944303103843912, 'cure_p_min': 308.95020625398564, 'cure_gpp_ref': 0.47779880310341094, 'cure_agb_crit': 1.7838824839108602, 'fuel_k': 0.02020382085659958, 'fuel_half': 2.061077997094918}. Best is trial 0 with value: -0.6232552202351066.
[I 2026-07-25 00:31:07,684] Trial 219 finished with value: -0.5608423342430775 and parameters: {'k1': 6.095858715699452e-05, 'D_low': 543.2719262327622, 'k2': 0.00010460582136836303, 'D_high': 16043.15501364926, 'fire_exp': 2.581185072660522, 'P_half': 8.923780008812974, 'pre_dampen_half': 11.924005342229469, 'gpp_af': 0.007520097430588357, 'gpp_b': 0.00017151765804593417, 'gpp_d': 365.9104301954489, 'ign_k': 0.005073553787620264, 'ign_c': 46.9871516262447, 'trop_agb_crit': 6.9724463016097715, 'trop_k_veg': 4.649917246366902, 'gdp_gamma': 0.802237666941295, 'cure_k': 0.17547125285655277, 'cure_p_min': 390.39151877953225, 'cure_gpp_ref': 0.16820880381096237, 'cure_agb_crit': 1.0979666445995275, 'fuel_k': 0.014850964337356772, 'fuel_half': 4.552777847168829}. Best is trial 0 with value: -0.6232552202351066.
[I 2026-07-25 00:31:08,134] Trial 220 finished with value: 0.5188895845154441 and parameters: {'k1': 3.9568353624389785e-05, 'D_low': 3260.8011484714298, 'k2': 0.027145940462825976, 'D_high': 76653.27978748402, 'fire_exp': 3.149922905286353, 'P_half': 7570.082012867759, 'pre_dampen_half': 0.18854271827494287, 'gpp_af': 0.0664048124459448, 'gpp_b': 0.00010253479922140403, 'gpp_d': 3.7637261043057215, 'ign_k': 0.09522475337823098, 'ign_c': 16.318602268962422, 'trop_agb_crit': 7.38291577334186, 'trop_k_veg': 7.262705139445947, 'gdp_gamma': 0.4410848269786616, 'cure_k': 0.08847901272090072, 'cure_p_min': 273.1806327769633, 'cure_gpp_ref': 1.0544693560090372, 'cure_agb_crit': 1.1837299131663541, 'fuel_k': 0.011628826248237174, 'fuel_half': 0.2283971108349537}. Best is trial 0 with value: -0.6232552202351066.
[I 2026-07-25 00:31:08,583] Trial 221 finished with value: -0.5478702433395194 and parameters: {'k1': 0.000650494412999827, 'D_low': 485.78918239243507, 'k2': 1.8809501052508646e-05, 'D_high': 4674416.405319435, 'fire_exp': 2.268170118454643, 'P_half': 50.70903188438071, 'pre_dampen_half': 37.510045789969844, 'gpp_af': 0.0038989169832307304, 'gpp_b': 0.0011384375206216948, 'gpp_d': 671.1213484762266, 'ign_k': 0.008227072749162566, 'ign_c': 14.894531288691889, 'trop_agb_crit': 3.7828232860725515, 'trop_k_veg': 6.799621704684048, 'gdp_gamma': 0.15464801250813257, 'cure_k': 0.374056244197103, 'cure_p_min': 352.93367013716556, 'cure_gpp_ref': 0.10088986530175886, 'cure_agb_crit': 1.2438173722163535, 'fuel_k': 0.016143259463790863, 'fuel_half': 4.192518783544132}. Best is trial 0 with value: -0.6232552202351066.
[I 2026-07-25 00:31:09,034] Trial 222 finished with value: 0.6634320042596994 and parameters: {'k1': 0.00023146635815877642, 'D_low': 4674.970610627704, 'k2': 0.00045105588854894076, 'D_high': 80.42635231110356, 'fire_exp': 3.016115368209872, 'P_half': 574.4916996447943, 'pre_dampen_half': 2.143872762781277, 'gpp_af': 0.010208366372735858, 'gpp_b': 0.00023815425443456223, 'gpp_d': 7.275116654036056, 'ign_k': 0.004002854047207465, 'ign_c': 7.341607762624188, 'trop_agb_crit': 1.8911711859168951, 'trop_k_veg': 3.4690085163463955, 'gdp_gamma': 1.2696174598474463, 'cure_k': 1.0346010759462703, 'cure_p_min': 228.30455554956754, 'cure_gpp_ref': 0.7522667395371235, 'cure_agb_crit': 1.82572968552662, 'fuel_k': 0.05846542720668125, 'fuel_half': 0.18499855437720686}. Best is trial 0 with value: -0.6232552202351066.
[I 2026-07-25 00:31:09,510] Trial 223 finished with value: 0.602427394206072 and parameters: {'k1': 6.430341275885568e-05, 'D_low': 965.5069124744006, 'k2': 0.00032225467774774406, 'D_high': 8126.188971593045, 'fire_exp': 3.3954158406154753, 'P_half': 2.644118031873611, 'pre_dampen_half': 213.43263318033218, 'gpp_af': 0.04383550784800263, 'gpp_b': 0.013311387451978641, 'gpp_d': 558.5166767484322, 'ign_k': 0.023248070123470042, 'ign_c': 26.674915332841614, 'trop_agb_crit': 11.188216291560641, 'trop_k_veg': 4.220708745838888, 'gdp_gamma': 0.41166061433453416, 'cure_k': 0.018395991839289944, 'cure_p_min': 368.9571611245271, 'cure_gpp_ref': 0.16621663495977496, 'cure_agb_crit': 1.0914620782229287, 'fuel_k': 0.014235492043309988, 'fuel_half': 6.240345405242784}. Best is trial 0 with value: -0.6232552202351066.
[I 2026-07-25 00:31:09,985] Trial 224 finished with value: 0.41746909210219074 and parameters: {'k1': 0.06350174927681326, 'D_low': 210.601113973765, 'k2': 0.002395149725957899, 'D_high': 22854.541560334364, 'fire_exp': 2.0182215509502193, 'P_half': 125.49587804509042, 'pre_dampen_half': 27.195051315624095, 'gpp_af': 0.35931541182584736, 'gpp_b': 5.944429884787407e-05, 'gpp_d': 160.74889619886193, 'ign_k': 0.012117628883024832, 'ign_c': 2.196191326423962, 'trop_agb_crit': 18.424480593224036, 'trop_k_veg': 1.6634329953383944, 'gdp_gamma': 0.5289744651152203, 'cure_k': 0.056668197275954305, 'cure_p_min': 93.59148242052889, 'cure_gpp_ref': 0.8604307186169743, 'cure_agb_crit': 4.822843618261104, 'fuel_k': 0.07684807449510336, 'fuel_half': 0.17785355687165819}. Best is trial 0 with value: -0.6232552202351066.
[I 2026-07-25 00:31:10,439] Trial 225 finished with value: 0.5209804422996769 and parameters: {'k1': 0.0012748253086439622, 'D_low': 24.799899591309433, 'k2': 3.867717737119345e-05, 'D_high': 5452698.905582945, 'fire_exp': 1.3354402382529469, 'P_half': 78.04883843869577, 'pre_dampen_half': 33.419773316039084, 'gpp_af': 0.10984502357381375, 'gpp_b': 0.011925926658132996, 'gpp_d': 20.32248991613385, 'ign_k': 0.002659887649681661, 'ign_c': 11.183464216308186, 'trop_agb_crit': 5.311667186332567, 'trop_k_veg': 7.814847446573766, 'gdp_gamma': 0.8718200905184437, 'cure_k': 0.15335050002848585, 'cure_p_min': 392.99991035957584, 'cure_gpp_ref': 0.054719169551573466, 'cure_agb_crit': 1.7613286432389466, 'fuel_k': 0.011098743221239353, 'fuel_half': 10.217356951503303}. Best is trial 0 with value: -0.6232552202351066.
[I 2026-07-25 00:31:10,895] Trial 226 finished with value: -0.5151645297052587 and parameters: {'k1': 5.992029878408964e-05, 'D_low': 508.73660092063363, 'k2': 5.5872420064168606e-05, 'D_high': 2276979.0997492187, 'fire_exp': 3.2462469454686493, 'P_half': 83.22624531039013, 'pre_dampen_half': 3.575939094600337, 'gpp_af': 0.0012971318301495094, 'gpp_b': 0.006126791045406085, 'gpp_d': 64.93419034703807, 'ign_k': 0.001504520810766787, 'ign_c': 392.17099582759164, 'trop_agb_crit': 4.627018964003257, 'trop_k_veg': 5.140293096564403, 'gdp_gamma': 0.010998458215105313, 'cure_k': 0.4765271668360964, 'cure_p_min': 305.45988932757217, 'cure_gpp_ref': 0.10269014017101215, 'cure_agb_crit': 1.3129899193025727, 'fuel_k': 0.012971935971724352, 'fuel_half': 0.5374526768445725}. Best is trial 0 with value: -0.6232552202351066.
[I 2026-07-25 00:31:11,388] Trial 227 finished with value: 0.5906752568650753 and parameters: {'k1': 0.0010429599746260671, 'D_low': 2117.038182928981, 'k2': 3.0750451360509666e-05, 'D_high': 3915053.485152497, 'fire_exp': 1.6551731633821694, 'P_half': 365.784259318643, 'pre_dampen_half': 23.871791003532042, 'gpp_af': 0.003103092498030199, 'gpp_b': 0.009062785481403992, 'gpp_d': 571.099575426105, 'ign_k': 0.0010238398306447868, 'ign_c': 26.62217337008873, 'trop_agb_crit': 3.3890234954896186, 'trop_k_veg': 3.611159678088262, 'gdp_gamma': 0.13885457564764736, 'cure_k': 1.677236805646863, 'cure_p_min': 212.79533394543384, 'cure_gpp_ref': 0.21982926076314815, 'cure_agb_crit': 2.8633846156665905, 'fuel_k': 0.026443677020428935, 'fuel_half': 5.0098021512301925}. Best is trial 0 with value: -0.6232552202351066.
[I 2026-07-25 00:31:11,841] Trial 228 finished with value: 0.5182345732812828 and parameters: {'k1': 0.003321452676303597, 'D_low': 32.8810466006494, 'k2': 0.00018966591723863001, 'D_high': 3526706.2432569675, 'fire_exp': 1.4679749028897682, 'P_half': 126.41343105584563, 'pre_dampen_half': 31.818649659523043, 'gpp_af': 0.002052415784913605, 'gpp_b': 1.7587892926681752e-05, 'gpp_d': 127.20643468028628, 'ign_k': 0.0021166382467945485, 'ign_c': 65.60266349583578, 'trop_agb_crit': 28.36345552863454, 'trop_k_veg': 1.3389742089848593, 'gdp_gamma': 1.4659830189965668, 'cure_k': 0.004593266663154482, 'cure_p_min': 95.40268892547796, 'cure_gpp_ref': 0.2624162887273764, 'cure_agb_crit': 5.815357933529647, 'fuel_k': 0.21214874849609947, 'fuel_half': 3.2325372526416722}. Best is trial 0 with value: -0.6232552202351066.
[I 2026-07-25 00:31:12,292] Trial 229 finished with value: -0.6080795279824528 and parameters: {'k1': 0.040065837308776615, 'D_low': 368.8583834263529, 'k2': 0.0845648782589612, 'D_high': 1851033.0230565127, 'fire_exp': 1.9815637819212062, 'P_half': 448.97186287853594, 'pre_dampen_half': 233.34937746733465, 'gpp_af': 0.0422513002818965, 'gpp_b': 0.00011444637311567031, 'gpp_d': 591.8854804034498, 'ign_k': 0.010430993895872997, 'ign_c': 5.259604053405771, 'trop_agb_crit': 11.381885487615326, 'trop_k_veg': 0.6810164366762049, 'gdp_gamma': 0.5831458652903884, 'cure_k': 0.004172133924345609, 'cure_p_min': 181.81244420919714, 'cure_gpp_ref': 0.6197384933579737, 'cure_agb_crit': 3.7377272761181968, 'fuel_k': 0.1704863769738555, 'fuel_half': 1.166252102179278}. Best is trial 0 with value: -0.6232552202351066.
[I 2026-07-25 00:31:12,746] Trial 230 finished with value: 0.5634989283467583 and parameters: {'k1': 2.3104135341665803e-05, 'D_low': 175.79930860254632, 'k2': 0.0011393102047415218, 'D_high': 2439.186288201119, 'fire_exp': 2.880984817607998, 'P_half': 1180.3202081349677, 'pre_dampen_half': 128.56648126436937, 'gpp_af': 0.00476468341478352, 'gpp_b': 4.917359247183232e-05, 'gpp_d': 20.781288721831924, 'ign_k': 0.002694721034089621, 'ign_c': 113.19218257259648, 'trop_agb_crit': 2.295882372893932, 'trop_k_veg': 5.80715305142667, 'gdp_gamma': 0.28473280612015056, 'cure_k': 0.08371259495069705, 'cure_p_min': 363.97029758328665, 'cure_gpp_ref': 0.820201088664827, 'cure_agb_crit': 1.4045966050538832, 'fuel_k': 0.010468677122658452, 'fuel_half': 0.1661297604734262}. Best is trial 0 with value: -0.6232552202351066.
[I 2026-07-25 00:31:13,199] Trial 231 finished with value: 0.5003850744054599 and parameters: {'k1': 8.381663782906224e-05, 'D_low': 1184.5308048370944, 'k2': 0.0008700521030245935, 'D_high': 17515.958369872405, 'fire_exp': 1.8230570360891643, 'P_half': 1.4601465337803707, 'pre_dampen_half': 0.21131667116782565, 'gpp_af': 0.005632467276199457, 'gpp_b': 1.8198210335136194e-05, 'gpp_d': 600.6749782951981, 'ign_k': 0.007149553472426619, 'ign_c': 126.1744227889791, 'trop_agb_crit': 3.8100174591276454, 'trop_k_veg': 4.902466711715262, 'gdp_gamma': 0.09782003688845789, 'cure_k': 0.29271209062985476, 'cure_p_min': 248.1415379703832, 'cure_gpp_ref': 0.08852492751442412, 'cure_agb_crit': 1.6164413220349398, 'fuel_k': 0.03940967714702187, 'fuel_half': 4.375953590415805}. Best is trial 0 with value: -0.6232552202351066.
[I 2026-07-25 00:31:13,651] Trial 232 finished with value: 0.6129085168814709 and parameters: {'k1': 0.03218450015090139, 'D_low': 10856.130511566282, 'k2': 0.02738771666923357, 'D_high': 1514148.8750774066, 'fire_exp': 1.7686491938787836, 'P_half': 449.03642239629306, 'pre_dampen_half': 23.18944701899184, 'gpp_af': 0.37262608771241135, 'gpp_b': 1.8064921980984108e-05, 'gpp_d': 437.2202208866589, 'ign_k': 0.15845083272928615, 'ign_c': 90.68963761179599, 'trop_agb_crit': 11.265000118267777, 'trop_k_veg': 0.6547081274016282, 'gdp_gamma': 0.20184679642566383, 'cure_k': 0.0060200212887087275, 'cure_p_min': 166.55815249927102, 'cure_gpp_ref': 1.079411079401824, 'cure_agb_crit': 6.090659420276784, 'fuel_k': 0.21063720042714595, 'fuel_half': 3.7680407450947304}. Best is trial 0 with value: -0.6232552202351066.
[I 2026-07-25 00:31:14,105] Trial 233 finished with value: 0.5346649196176487 and parameters: {'k1': 0.0014627598653556865, 'D_low': 29074.717506924302, 'k2': 2.500325845761913e-05, 'D_high': 2904532.5191799384, 'fire_exp': 3.2585800312943114, 'P_half': 59.23546658047324, 'pre_dampen_half': 101.75551212859037, 'gpp_af': 0.015427928406838015, 'gpp_b': 0.00033073179607586605, 'gpp_d': 66.18211433732283, 'ign_k': 0.005829965847613262, 'ign_c': 20.4748616478561, 'trop_agb_crit': 6.589812518690571, 'trop_k_veg': 7.356893308650664, 'gdp_gamma': 0.6210153298692084, 'cure_k': 0.48680946291354465, 'cure_p_min': 247.8119625339678, 'cure_gpp_ref': 0.07934133297494646, 'cure_agb_crit': 1.3006969743993584, 'fuel_k': 0.03689390854512962, 'fuel_half': 2.0100175063771295}. Best is trial 0 with value: -0.6232552202351066.
[I 2026-07-25 00:31:14,559] Trial 234 finished with value: 0.583779314375988 and parameters: {'k1': 0.004140744573573877, 'D_low': 1854.6518825589792, 'k2': 0.06731721358164981, 'D_high': 9701183.011128614, 'fire_exp': 1.3186005393751699, 'P_half': 59.55098280310387, 'pre_dampen_half': 29.683224309541828, 'gpp_af': 0.10154720720500074, 'gpp_b': 4.640086660600862e-05, 'gpp_d': 153.98253357461562, 'ign_k': 0.0030898115966943663, 'ign_c': 3.2493815643978423, 'trop_agb_crit': 14.671865117143989, 'trop_k_veg': 0.8244135419589571, 'gdp_gamma': 1.2132752216361264, 'cure_k': 0.006714043157171787, 'cure_p_min': 194.94664379694413, 'cure_gpp_ref': 0.5140125649548977, 'cure_agb_crit': 3.247748586716452, 'fuel_k': 0.30994428550580716, 'fuel_half': 0.6455205081078148}. Best is trial 0 with value: -0.6232552202351066.
[I 2026-07-25 00:31:15,011] Trial 235 finished with value: 0.5752635379499293 and parameters: {'k1': 0.0022159381173375123, 'D_low': 18.842996191684396, 'k2': 0.004481747154061844, 'D_high': 16866.543366298214, 'fire_exp': 5.317600291928876, 'P_half': 3.0465970391807398, 'pre_dampen_half': 22.1608769240285, 'gpp_af': 0.025159900127882877, 'gpp_b': 7.68296460313667e-05, 'gpp_d': 13.23266389896739, 'ign_k': 0.024323611362214007, 'ign_c': 14.722658945663794, 'trop_agb_crit': 7.927554953197839, 'trop_k_veg': 3.0470672926932405, 'gdp_gamma': 1.4939162566615911, 'cure_k': 0.0020943552789951902, 'cure_p_min': 174.30909084465728, 'cure_gpp_ref': 0.5170883755642981, 'cure_agb_crit': 1.6694043881250615, 'fuel_k': 0.11941656800034059, 'fuel_half': 32.58018259097785}. Best is trial 0 with value: -0.6232552202351066.
