[I 2026-08-19 17:58:50,987] Trial 2000 finished with value: 0.5718264842149704 and parameters: {'k1': 0.0012207348656290507, 'D_low': 1.7253996374044533, 'k2': 0.0011793500194787144, 'D_high': 72024.53663592083, 'fire_exp': 1.7497086894057357, 'P_half': 11.75914757584932, 'pre_dampen_half': 0.49534595645958174, 'gpp_af': 0.011650187789572984, 'gpp_b': 5.210740686335696e-05, 'gpp_d': 52.52355503575791, 'ign_k': 0.054060337061096746, 'ign_c': 37.58833269370187, 'trop_agb_crit': 11.119254419911284, 'trop_k_veg': 7.690790939575981, 'pop_amp': 0.015741467971213546, 'pop_peak': 0.11791561434146022, 'pop_sig': 0.6891640942630658, 'fuel_k': 4.067306913276489, 'fuel_half': 5.124063393574605}. Best is trial 1622 with value: -0.6125870653324885.
[I 2026-08-19 17:58:52,791] Trial 2001 finished with value: 0.46037423651843523 and parameters: {'k1': 0.0006044605132370375, 'D_low': 7.5771504086498025, 'k2': 0.00019014293086960847, 'D_high': 160389.74351487856, 'fire_exp': 2.2369606052125333, 'P_half': 45.81178404222157, 'pre_dampen_half': 6.954178126803015, 'gpp_af': 0.023943069505768733, 'gpp_b': 0.0004483493881334312, 'gpp_d': 3.961957802716098, 'ign_k': 0.021634460830979793, 'ign_c': 0.1658226907728649, 'trop_agb_crit': 6.384198177977863, 'trop_k_veg': 0.794354904232692, 'pop_amp': 12.153164519781107, 'pop_peak': 1.6740345611099845, 'pop_sig': 0.3635964678608994, 'fuel_k': 0.08671140822907682, 'fuel_half': 0.2087680310317913}. Best is trial 1622 with value: -0.6125870653324885.
[I 2026-08-19 17:58:54,560] Trial 2002 finished with value: 0.4889461392259641 and parameters: {'k1': 0.00017512975477035247, 'D_low': 8910.724065864564, 'k2': 0.0002250194682460629, 'D_high': 1013202.455748765, 'fire_exp': 2.5403577810424127, 'P_half': 290.4187251212141, 'pre_dampen_half': 27.348239710307503, 'gpp_af': 0.18626901337174642, 'gpp_b': 5.582714896008679e-05, 'gpp_d': 13.663803790440777, 'ign_k': 1.1159746726674193, 'ign_c': 0.19267166083731357, 'trop_agb_crit': 16.83160942974715, 'trop_k_veg': 7.205513913786356, 'pop_amp': 0.011930703841706379, 'pop_peak': 0.11062422445328011, 'pop_sig': 0.4480728755230163, 'fuel_k': 5.148062652388127, 'fuel_half': 0.1132361419127458}. Best is trial 1622 with value: -0.6125870653324885.
[I 2026-08-19 17:58:56,489] Trial 2003 finished with value: 0.600104240082829 and parameters: {'k1': 0.009644595438378882, 'D_low': 14373.72908276049, 'k2': 0.00018755403650711869, 'D_high': 53579.853001513555, 'fire_exp': 4.359682056306114, 'P_half': 158.54352875869952, 'pre_dampen_half': 0.33245316325263874, 'gpp_af': 0.06176462939153934, 'gpp_b': 3.605529485398917e-05, 'gpp_d': 142.3355493767017, 'ign_k': 0.05234908875695723, 'ign_c': 0.18966288104253248, 'trop_agb_crit': 5.8009414175289615, 'trop_k_veg': 1.9709597240603258, 'pop_amp': 0.4708632385761717, 'pop_peak': 1.8596368962950935, 'pop_sig': 0.30142728137489927, 'fuel_k': 0.058887389263980225, 'fuel_half': 0.8702407391814199}. Best is trial 1622 with value: -0.6125870653324885.
[I 2026-08-19 17:58:58,295] Trial 2004 finished with value: 0.6170198998822536 and parameters: {'k1': 0.0017868897375811032, 'D_low': 2234.3030082220394, 'k2': 0.014859232932877107, 'D_high': 425.693742218482, 'fire_exp': 2.836867915289523, 'P_half': 16.962193482606814, 'pre_dampen_half': 2.354246637867848, 'gpp_af': 0.15465697742131232, 'gpp_b': 0.00033817624653779244, 'gpp_d': 15.346212209992562, 'ign_k': 0.4315745260959843, 'ign_c': 0.14180108599682534, 'trop_agb_crit': 23.163930643901207, 'trop_k_veg': 4.86239143255428, 'pop_amp': 0.5880227427066071, 'pop_peak': 0.0621371116968242, 'pop_sig': 0.34760975657139076, 'fuel_k': 0.3816150009017807, 'fuel_half': 0.19795964902194055}. Best is trial 1622 with value: -0.6125870653324885.
  trial 2005/2500  best_overall=0.6126  (60.6 min)
[I 2026-08-19 17:59:00,587] Trial 2005 finished with value: 0.561384785419645 and parameters: {'k1': 0.008795389506718373, 'D_low': 619.7272047452218, 'k2': 0.00032676361793760065, 'D_high': 91584.29807127129, 'fire_exp': 1.40668751467299, 'P_half': 28.619234420749926, 'pre_dampen_half': 21.64423986746521, 'gpp_af': 0.3558232438143787, 'gpp_b': 0.03393030781276297, 'gpp_d': 971.7541745274895, 'ign_k': 6.565539468332297, 'ign_c': 2.8873329363309757, 'trop_agb_crit': 14.60919145694496, 'trop_k_veg': 1.5317539601413577, 'pop_amp': 3.0308649427586567, 'pop_peak': 106.9124382456126, 'pop_sig': 0.34740130227306026, 'fuel_k': 0.0512341244782317, 'fuel_half': 0.42228535157934827}. Best is trial 1622 with value: -0.6125870653324885.
[I 2026-08-19 17:59:02,435] Trial 2006 finished with value: 0.5193805351936731 and parameters: {'k1': 0.0002287180959303894, 'D_low': 164.17777299648722, 'k2': 0.0022066575880952647, 'D_high': 4346556.4783798605, 'fire_exp': 5.105299950488765, 'P_half': 6.3020553165236155, 'pre_dampen_half': 446.8590602687788, 'gpp_af': 0.10686482438534861, 'gpp_b': 0.003931311391137473, 'gpp_d': 209.951408102335, 'ign_k': 0.06227177148025716, 'ign_c': 6.22081504217026, 'trop_agb_crit': 26.96292655704318, 'trop_k_veg': 3.6014619686522846, 'pop_amp': 0.004751076492136377, 'pop_peak': 0.13497726607108712, 'pop_sig': 0.6209028177720131, 'fuel_k': 1.604313435625445, 'fuel_half': 4.01019494164834}. Best is trial 1622 with value: -0.6125870653324885.
[I 2026-08-19 17:59:04,241] Trial 2007 finished with value: 0.6462048416343781 and parameters: {'k1': 0.011334650017975584, 'D_low': 72.19246776049887, 'k2': 0.01118921239013726, 'D_high': 25764.004004775557, 'fire_exp': 1.4295962698131779, 'P_half': 9.723412121596557, 'pre_dampen_half': 14.884719896181663, 'gpp_af': 0.00222596251086643, 'gpp_b': 1.098827536633106e-05, 'gpp_d': 14.234023704388406, 'ign_k': 9.519199654262609, 'ign_c': 32.364386628732106, 'trop_agb_crit': 11.138023173042509, 'trop_k_veg': 7.070070171579449, 'pop_amp': 0.017485152314548093, 'pop_peak': 0.06054888848047393, 'pop_sig': 0.5393671771120033, 'fuel_k': 1.5412636756201155, 'fuel_half': 14.126229533232177}. Best is trial 1622 with value: -0.6125870653324885.
[I 2026-08-19 17:59:06,109] Trial 2008 finished with value: 0.5798468111088183 and parameters: {'k1': 0.003389791950200876, 'D_low': 5.5139715373947285, 'k2': 0.0027800068923048834, 'D_high': 2495755.686079163, 'fire_exp': 2.47117109470928, 'P_half': 7.092899261490543, 'pre_dampen_half': 0.04284891115382529, 'gpp_af': 0.0018846343489797087, 'gpp_b': 1.2043192253812625e-05, 'gpp_d': 1.9388863847015345, 'ign_k': 1.2841828452059212, 'ign_c': 27.0189212420341, 'trop_agb_crit': 14.600474133743074, 'trop_k_veg': 6.004001072548812, 'pop_amp': 0.0030705505812678164, 'pop_peak': 0.7682150338235452, 'pop_sig': 0.40975406247587204, 'fuel_k': 0.9472898064796563, 'fuel_half': 63.145041571367116}. Best is trial 1622 with value: -0.6125870653324885.
[I 2026-08-19 17:59:08,001] Trial 2009 finished with value: 0.42086855027275594 and parameters: {'k1': 0.013256074018325886, 'D_low': 2.0712442576307613, 'k2': 0.0028618528548850315, 'D_high': 67940.1641549806, 'fire_exp': 2.4135566563703796, 'P_half': 10.965654811391062, 'pre_dampen_half': 4.042832997094936, 'gpp_af': 0.020169617287376075, 'gpp_b': 5.316416486345285e-05, 'gpp_d': 6.806454183205573, 'ign_k': 0.3317095820608347, 'ign_c': 6.151780061102295, 'trop_agb_crit': 18.03305045150897, 'trop_k_veg': 6.983505872856072, 'pop_amp': 0.00823194780883346, 'pop_peak': 0.15411951513694633, 'pop_sig': 0.38753086050299684, 'fuel_k': 5.5366477625991495, 'fuel_half': 60.411001733696985}. Best is trial 1622 with value: -0.6125870653324885.
[I 2026-08-19 17:59:09,793] Trial 2010 finished with value: 0.5777029156284248 and parameters: {'k1': 0.004149714944592379, 'D_low': 61.54954364463944, 'k2': 5.2304938248054986e-05, 'D_high': 7403705.585796295, 'fire_exp': 4.63052966554419, 'P_half': 641.579327249567, 'pre_dampen_half': 3.214686804397113, 'gpp_af': 3.5386452939383957, 'gpp_b': 0.03523092305994289, 'gpp_d': 234.10529073144582, 'ign_k': 0.00900823599772762, 'ign_c': 0.4655733712967138, 'trop_agb_crit': 13.833277974358152, 'trop_k_veg': 2.005499132288464, 'pop_amp': 14.160806078165411, 'pop_peak': 5.686508355942362, 'pop_sig': 0.5079805752708142, 'fuel_k': 0.02542361777399029, 'fuel_half': 0.19247996948984722}. Best is trial 1622 with value: -0.6125870653324885.
[I 2026-08-19 17:59:11,611] Trial 2011 finished with value: 0.47135972306004936 and parameters: {'k1': 3.058734858938798e-05, 'D_low': 210.31015035065607, 'k2': 0.0015078728367418478, 'D_high': 374235.26466503163, 'fire_exp': 1.9290056127348623, 'P_half': 12.388050560106853, 'pre_dampen_half': 0.3411066193306383, 'gpp_af': 0.25918341394507544, 'gpp_b': 0.0022915612488726943, 'gpp_d': 97.84834944193021, 'ign_k': 9.818324869878804, 'ign_c': 0.11620181139773618, 'trop_agb_crit': 19.09153950047428, 'trop_k_veg': 4.3352104799123286, 'pop_amp': 0.020252814020108513, 'pop_peak': 0.17047714791467372, 'pop_sig': 0.3648770389886274, 'fuel_k': 1.1403509230458118, 'fuel_half': 0.11279899232067053}. Best is trial 1622 with value: -0.6125870653324885.
[I 2026-08-19 17:59:13,387] Trial 2012 finished with value: 0.5758451476778013 and parameters: {'k1': 0.0014173133232007454, 'D_low': 2.594875629373131, 'k2': 0.00560143027213713, 'D_high': 3800790.692356782, 'fire_exp': 2.129588357609008, 'P_half': 870.792793996864, 'pre_dampen_half': 18.879465432798135, 'gpp_af': 0.00936015738081044, 'gpp_b': 0.007233694324782931, 'gpp_d': 23.380038898359377, 'ign_k': 0.32669769423716355, 'ign_c': 0.394659110775275, 'trop_agb_crit': 7.76251508108692, 'trop_k_veg': 2.893395512435195, 'pop_amp': 0.0057265481115357985, 'pop_peak': 2.6155341231448803, 'pop_sig': 0.8949119236001278, 'fuel_k': 0.018371507798567745, 'fuel_half': 4.601238203367269}. Best is trial 1622 with value: -0.6125870653324885.
[I 2026-08-19 17:59:15,178] Trial 2013 finished with value: 0.4156425556675658 and parameters: {'k1': 0.0003631401212460827, 'D_low': 7722.866835018162, 'k2': 0.0009866522505422816, 'D_high': 938468.3964409706, 'fire_exp': 1.0074776239030618, 'P_half': 238.2666069792681, 'pre_dampen_half': 2.4267101691539272, 'gpp_af': 0.1454721505290062, 'gpp_b': 0.03453695157297304, 'gpp_d': 180.5235092622515, 'ign_k': 9.341928660336126, 'ign_c': 0.8495187587689897, 'trop_agb_crit': 19.985772223695648, 'trop_k_veg': 6.560105467761819, 'pop_amp': 0.22211875460129785, 'pop_peak': 0.1719723760072313, 'pop_sig': 0.6496629373206734, 'fuel_k': 2.2685621838555092, 'fuel_half': 0.16216873413494493}. Best is trial 1622 with value: -0.6125870653324885.
[I 2026-08-19 17:59:17,035] Trial 2014 finished with value: 0.5783730105237419 and parameters: {'k1': 0.0009428390946069683, 'D_low': 1.6707179402111276, 'k2': 0.0012390013757868786, 'D_high': 43535.230912686675, 'fire_exp': 3.828997192663208, 'P_half': 235.83202671417925, 'pre_dampen_half': 5.781175435285401, 'gpp_af': 1.4384330849712175, 'gpp_b': 0.001229390625612905, 'gpp_d': 0.9421713193358825, 'ign_k': 1.6672750363999809, 'ign_c': 0.273740157117184, 'trop_agb_crit': 12.004773286673391, 'trop_k_veg': 0.5043068411552395, 'pop_amp': 2.617129588160872, 'pop_peak': 5.125723014223142, 'pop_sig': 0.4094812908269849, 'fuel_k': 0.40066364605281474, 'fuel_half': 0.5294662798302148}. Best is trial 1622 with value: -0.6125870653324885.
[I 2026-08-19 17:59:18,856] Trial 2015 finished with value: -0.5856137414398853 and parameters: {'k1': 0.00230967096177115, 'D_low': 12.49255236578107, 'k2': 0.05934303600739371, 'D_high': 3215178.3335123262, 'fire_exp': 2.414408269572662, 'P_half': 12.692161080591232, 'pre_dampen_half': 3.4178173826960982, 'gpp_af': 0.42565047501807135, 'gpp_b': 0.004133287436449263, 'gpp_d': 7.433760057295573, 'ign_k': 8.92990846135233, 'ign_c': 0.3340839969983233, 'trop_agb_crit': 12.985209177949955, 'trop_k_veg': 7.037986737869135, 'pop_amp': 0.0019417093124572858, 'pop_peak': 0.40702949078880796, 'pop_sig': 0.5608733288243938, 'fuel_k': 0.01645228500461126, 'fuel_half': 61.37634943415232}. Best is trial 1622 with value: -0.6125870653324885.
  trial 2016/2500  best_overall=0.6126  (60.9 min)
[I 2026-08-19 17:59:21,121] Trial 2016 finished with value: 0.5862370425241722 and parameters: {'k1': 0.0041418909271771645, 'D_low': 231.1945781490776, 'k2': 0.0005952439986964735, 'D_high': 1394221.1657258486, 'fire_exp': 2.0150915483082668, 'P_half': 53.87800799126233, 'pre_dampen_half': 5.383328366532032, 'gpp_af': 1.972469727197443, 'gpp_b': 0.00023669211713131088, 'gpp_d': 169.34117779442553, 'ign_k': 6.492455340384224, 'ign_c': 0.16048437268810695, 'trop_agb_crit': 7.9087079651134236, 'trop_k_veg': 5.89504810464755, 'pop_amp': 0.033107562248542166, 'pop_peak': 1.0614864818970644, 'pop_sig': 0.3607149302457937, 'fuel_k': 3.8755739420119664, 'fuel_half': 0.10824399062686639}. Best is trial 1622 with value: -0.6125870653324885.
[I 2026-08-19 17:59:23,004] Trial 2017 finished with value: 0.6445374145881376 and parameters: {'k1': 0.004736025357524926, 'D_low': 3.7929987351055745, 'k2': 0.05028968287337891, 'D_high': 300747.48066926084, 'fire_exp': 4.948592395901325, 'P_half': 43.4577228338147, 'pre_dampen_half': 18.23607679643776, 'gpp_af': 0.004073399170978554, 'gpp_b': 0.005583536671689247, 'gpp_d': 12.533875711660883, 'ign_k': 6.426826117845179, 'ign_c': 57.14953366720163, 'trop_agb_crit': 1.6657351983567432, 'trop_k_veg': 1.244039270437956, 'pop_amp': 0.007901350192466192, 'pop_peak': 0.47831948172035477, 'pop_sig': 1.6407679124116177, 'fuel_k': 0.28390898822134086, 'fuel_half': 0.2113337900082827}. Best is trial 1622 with value: -0.6125870653324885.
[I 2026-08-19 17:59:24,805] Trial 2018 finished with value: 0.6014318712911648 and parameters: {'k1': 0.0004751856228782167, 'D_low': 2.6543536774199104, 'k2': 0.0027314071168700617, 'D_high': 3135.358759701792, 'fire_exp': 2.796451370828788, 'P_half': 137.04951171856598, 'pre_dampen_half': 0.743974236064686, 'gpp_af': 0.21277039022552002, 'gpp_b': 0.011589909826873005, 'gpp_d': 20.77633193340082, 'ign_k': 0.9078289380914668, 'ign_c': 7.457763065170393, 'trop_agb_crit': 3.735034159788229, 'trop_k_veg': 1.6959586079188795, 'pop_amp': 1.8930359154519714, 'pop_peak': 22.383698677525118, 'pop_sig': 0.3127300960456846, 'fuel_k': 0.07629816668681988, 'fuel_half': 0.19931163059997034}. Best is trial 1622 with value: -0.6125870653324885.
[I 2026-08-19 17:59:26,639] Trial 2019 finished with value: 0.6445374145881376 and parameters: {'k1': 2.0098010471581796e-05, 'D_low': 104.26234920013975, 'k2': 0.00028323152941009654, 'D_high': 5239.493613912602, 'fire_exp': 1.515577503303693, 'P_half': 896.3489537133914, 'pre_dampen_half': 0.01956473661571355, 'gpp_af': 37.013674570585465, 'gpp_b': 0.36618551756809614, 'gpp_d': 644.2587839397905, 'ign_k': 2.0791284703649997, 'ign_c': 202.40864980305065, 'trop_agb_crit': 1.726231178033311, 'trop_k_veg': 1.3661159160912997, 'pop_amp': 0.021935588541035493, 'pop_peak': 10.626444530912615, 'pop_sig': 1.6867578285431841, 'fuel_k': 0.3635059491537724, 'fuel_half': 61.6616444591992}. Best is trial 1622 with value: -0.6125870653324885.
[I 2026-08-19 17:59:28,603] Trial 2020 finished with value: 0.6445374145881376 and parameters: {'k1': 0.034717681679481034, 'D_low': 35.301739314722965, 'k2': 0.00035965406318294455, 'D_high': 1846338.4921872132, 'fire_exp': 3.6584835322657643, 'P_half': 71.66420283657811, 'pre_dampen_half': 6.797032025045294, 'gpp_af': 0.008214584086344198, 'gpp_b': 0.00012472734918133742, 'gpp_d': 4.416116529922836, 'ign_k': 3.0534952042563255, 'ign_c': 436.1201271533618, 'trop_agb_crit': 6.842069166084, 'trop_k_veg': 5.299051701253191, 'pop_amp': 0.011051345297678301, 'pop_peak': 0.06356052037533479, 'pop_sig': 0.3457754833347407, 'fuel_k': 1.3788178406220317, 'fuel_half': 87.80517392635679}. Best is trial 1622 with value: -0.6125870653324885.
[I 2026-08-19 17:59:30,456] Trial 2021 finished with value: 0.497959356431259 and parameters: {'k1': 0.002353973127899016, 'D_low': 7.904482431421688, 'k2': 0.000599081149048327, 'D_high': 401208.88212004077, 'fire_exp': 1.3360796504298953, 'P_half': 277.3765098246281, 'pre_dampen_half': 258.5416483977126, 'gpp_af': 0.544558851713112, 'gpp_b': 4.838661035130428e-05, 'gpp_d': 2.828632092390945, 'ign_k': 1.3246287742857537, 'ign_c': 21.74054944940529, 'trop_agb_crit': 13.610084271560826, 'trop_k_veg': 2.2403660961912193, 'pop_amp': 0.002510864139594769, 'pop_peak': 3.974840496358893, 'pop_sig': 0.7377047173979541, 'fuel_k': 1.4923400244986054, 'fuel_half': 0.7721130408412789}. Best is trial 1622 with value: -0.6125870653324885.
[I 2026-08-19 17:59:32,291] Trial 2022 finished with value: 0.4141986525927158 and parameters: {'k1': 8.779799015699687e-05, 'D_low': 634.9840076531982, 'k2': 0.0006630956706100355, 'D_high': 8839180.501278583, 'fire_exp': 1.0930636222325836, 'P_half': 122.7709873856253, 'pre_dampen_half': 5.183230981567027, 'gpp_af': 0.2750010720087952, 'gpp_b': 0.01615875660731448, 'gpp_d': 188.2467997999414, 'ign_k': 1.5191440083784788, 'ign_c': 0.31869684307824386, 'trop_agb_crit': 19.885900262615554, 'trop_k_veg': 3.6636984025021744, 'pop_amp': 0.263655870287304, 'pop_peak': 2.657376017353402, 'pop_sig': 0.2674835848697014, 'fuel_k': 0.5144223187780239, 'fuel_half': 0.29882774869621426}. Best is trial 1622 with value: -0.6125870653324885.
[I 2026-08-19 17:59:34,116] Trial 2023 finished with value: 0.5392120323207144 and parameters: {'k1': 0.00012877520636304875, 'D_low': 27.138515506338234, 'k2': 0.037272068683732854, 'D_high': 2999755.4350046855, 'fire_exp': 2.538776547083173, 'P_half': 13.901549939739937, 'pre_dampen_half': 0.35680300526895753, 'gpp_af': 0.006168406132976885, 'gpp_b': 3.488800681268623e-05, 'gpp_d': 106.4271814752084, 'ign_k': 0.6030159880429967, 'ign_c': 22.239856800717963, 'trop_agb_crit': 3.1474809606079113, 'trop_k_veg': 1.2062803824809853, 'pop_amp': 0.07484720383307784, 'pop_peak': 6.81994012910876, 'pop_sig': 1.1374492744265512, 'fuel_k': 0.02474442605058364, 'fuel_half': 0.27961907256793717}. Best is trial 1622 with value: -0.6125870653324885.
[I 2026-08-19 17:59:35,918] Trial 2024 finished with value: 0.5714865069140569 and parameters: {'k1': 5.246069030061476e-05, 'D_low': 3995.8275695688253, 'k2': 0.0002975383654949266, 'D_high': 244375.70635288162, 'fire_exp': 1.6163554262839905, 'P_half': 2214.2512444826625, 'pre_dampen_half': 4.312541423025388, 'gpp_af': 0.04315036609384161, 'gpp_b': 0.02993822884713587, 'gpp_d': 101.5169303860855, 'ign_k': 8.619244356691931, 'ign_c': 0.3317943472632735, 'trop_agb_crit': 8.231364928041122, 'trop_k_veg': 6.025399338559425, 'pop_amp': 0.004897595148661124, 'pop_peak': 11.923975191066528, 'pop_sig': 0.60194880867559, 'fuel_k': 1.421378281499977, 'fuel_half': 0.10463720230726585}. Best is trial 1622 with value: -0.6125870653324885.
[I 2026-08-19 17:59:37,749] Trial 2025 finished with value: 0.6445374145881376 and parameters: {'k1': 0.0033275392324998094, 'D_low': 4.525143033371047, 'k2': 0.013793041030495366, 'D_high': 1326346.4354628252, 'fire_exp': 4.314207874316802, 'P_half': 1.0062742879427817, 'pre_dampen_half': 8.457354959493806, 'gpp_af': 1.5279441495181543, 'gpp_b': 7.581956865616344e-05, 'gpp_d': 1.826698910801531, 'ign_k': 0.05980846298635553, 'ign_c': 338.57727476895326, 'trop_agb_crit': 20.15453132216391, 'trop_k_veg': 1.3362700864482824, 'pop_amp': 0.002636206641929211, 'pop_peak': 0.31342239876540806, 'pop_sig': 0.5276451642548091, 'fuel_k': 0.6590732606594385, 'fuel_half': 3.7858509982647357}. Best is trial 1622 with value: -0.6125870653324885.
[I 2026-08-19 17:59:39,572] Trial 2026 finished with value: 0.6445374145881376 and parameters: {'k1': 0.025492917367180297, 'D_low': 922847.9971307613, 'k2': 0.012550615387017471, 'D_high': 841897.9156325335, 'fire_exp': 2.658456222393386, 'P_half': 24.088371290455257, 'pre_dampen_half': 0.022781807590668855, 'gpp_af': 0.32632113448983047, 'gpp_b': 0.02126796411284431, 'gpp_d': 92.8304560475369, 'ign_k': 0.005745085373675571, 'ign_c': 93.0183971352605, 'trop_agb_crit': 14.867943042739006, 'trop_k_veg': 4.926057631187576, 'pop_amp': 0.024082981891289174, 'pop_peak': 1.0581677448533129, 'pop_sig': 0.9807115159654065, 'fuel_k': 0.37122860134745606, 'fuel_half': 60.928509024127685}. Best is trial 1622 with value: -0.6125870653324885.
  trial 2027/2500  best_overall=0.6126  (61.3 min)
[I 2026-08-19 17:59:41,782] Trial 2027 finished with value: 0.560255778180329 and parameters: {'k1': 0.00010950360444942032, 'D_low': 11.978582360935771, 'k2': 0.0007168572897855154, 'D_high': 1316208.4058602552, 'fire_exp': 5.547465389171457, 'P_half': 265.4327805321375, 'pre_dampen_half': 45.928087678287845, 'gpp_af': 14.814492140756688, 'gpp_b': 0.0004499035461320973, 'gpp_d': 88.98460601298056, 'ign_k': 0.6325615014455039, 'ign_c': 0.12846927834268482, 'trop_agb_crit': 6.8885349856986435, 'trop_k_veg': 2.3961028120229804, 'pop_amp': 0.005369538746995109, 'pop_peak': 0.13503659197916032, 'pop_sig': 0.47352956687138587, 'fuel_k': 0.0627221980518608, 'fuel_half': 65.32546450407261}. Best is trial 1622 with value: -0.6125870653324885.
[I 2026-08-19 17:59:43,606] Trial 2028 finished with value: 0.5300705277668907 and parameters: {'k1': 0.00043982728903179725, 'D_low': 2781.0815153295966, 'k2': 0.004776067335381324, 'D_high': 1147912.9762656034, 'fire_exp': 3.2399636736331554, 'P_half': 5.073782008794969, 'pre_dampen_half': 2.536867424652474, 'gpp_af': 0.023269016151931696, 'gpp_b': 0.0015687775691177544, 'gpp_d': 1.0990528761681286, 'ign_k': 0.06790821551210785, 'ign_c': 0.12185483519768577, 'trop_agb_crit': 14.3109628727531, 'trop_k_veg': 1.2703877854562007, 'pop_amp': 0.3480168906392704, 'pop_peak': 5.862037916983581, 'pop_sig': 0.4213984869601584, 'fuel_k': 0.05408972678513327, 'fuel_half': 0.2301044895289571}. Best is trial 1622 with value: -0.6125870653324885.
