[I 2026-08-06 03:09:14,149] Trial 1457 finished with values: [-0.47066210570312544, 0.05268061901507559] and parameters: {'k1': 9.109540080835495e-05, 'D_low': 29.89885508829526, 'k2': 0.002935672965826306, 'D_high': 2969.087094484682, 'fire_exp': 1.0881360604103363, 'P_half': 215.55950571043874, 'pre_dampen_half': 805.2502904451399, 'gpp_af': 0.8942824595236101, 'gpp_b': 0.011750724729953272, 'gpp_d': 29.83701993880331, 'ign_k': 0.6454459531371669, 'ign_c': 10.140635645866492}.
[I 2026-08-06 03:09:15,556] Trial 1458 finished with values: [-0.492482434774152, 0.05069883796718455] and parameters: {'k1': 0.00324789183891923, 'D_low': 4.075267974954964, 'k2': 0.0022957398214549472, 'D_high': 2969.087094484682, 'fire_exp': 1.0881360604103363, 'P_half': 215.55950571043874, 'pre_dampen_half': 107.40052367919465, 'gpp_af': 0.6418343258142463, 'gpp_b': 0.011750724729953272, 'gpp_d': 29.83701993880331, 'ign_k': 0.6454459531371669, 'ign_c': 7.916322947490362}.
[I 2026-08-06 03:09:16,981] Trial 1459 finished with values: [-0.49993010404203264, 0.30965872228074176] and parameters: {'k1': 0.00324789183891923, 'D_low': 174.83983085324363, 'k2': 0.002935672965826306, 'D_high': 2969.087094484682, 'fire_exp': 1.0881360604103363, 'P_half': 3.6973278239412215, 'pre_dampen_half': 48.08505037156744, 'gpp_af': 5.620854611217178, 'gpp_b': 0.00044548820847973626, 'gpp_d': 29.83701993880331, 'ign_k': 0.5080094006294851, 'ign_c': 7.916322947490362}.
[I 2026-08-06 03:09:18,403] Trial 1460 finished with values: [10.441645849232357, 10.441645849232357] and parameters: {'k1': 0.00324789183891923, 'D_low': 1.2299210465793122, 'k2': 0.0022957398214549472, 'D_high': 2969.087094484682, 'fire_exp': 1.0881360604103363, 'P_half': 24.647089738642787, 'pre_dampen_half': 1.7854796082315108, 'gpp_af': 5.713147414232527, 'gpp_b': 0.00031478066835753096, 'gpp_d': 4.5768578731086835, 'ign_k': 0.9614686563869651, 'ign_c': 7.916322947490362}.
[I 2026-08-06 03:09:19,875] Trial 1461 finished with values: [10.494193396313964, 10.494193396313964] and parameters: {'k1': 0.00324789183891923, 'D_low': 989.2483802693089, 'k2': 0.0007081721844034209, 'D_high': 4023.373392740452, 'fire_exp': 1.151006986743773, 'P_half': 304.58903846531524, 'pre_dampen_half': 107.40052367919465, 'gpp_af': 0.0048478428004036025, 'gpp_b': 0.00031478066835753096, 'gpp_d': 34.37107943937136, 'ign_k': 0.6454459531371669, 'ign_c': 8.671454322584175}.
[I 2026-08-06 03:09:21,317] Trial 1462 finished with values: [-0.4887523013954501, 0.09194670754093792] and parameters: {'k1': 0.00324789183891923, 'D_low': 2.458603276328005, 'k2': 0.0018200694976756812, 'D_high': 2969.087094484682, 'fire_exp': 1.0881360604103363, 'P_half': 12.808863354047988, 'pre_dampen_half': 76.86605275420082, 'gpp_af': 0.8942824595236101, 'gpp_b': 0.011750724729953272, 'gpp_d': 29.749683811098393, 'ign_k': 0.6454459531371669, 'ign_c': 7.916322947490362}.
[I 2026-08-06 03:09:23,444] Trial 1463 finished with values: [-0.4964845515671966, 0.07220699830291433] and parameters: {'k1': 0.00324789183891923, 'D_low': 2.458603276328005, 'k2': 0.0022957398214549472, 'D_high': 2969.087094484682, 'fire_exp': 1.0881360604103363, 'P_half': 215.55950571043874, 'pre_dampen_half': 107.40052367919465, 'gpp_af': 1.3725472882585024, 'gpp_b': 0.011750724729953272, 'gpp_d': 29.83701993880331, 'ign_k': 0.6454459531371669, 'ign_c': 6.160975294741436}.
[I 2026-08-06 03:09:24,998] Trial 1464 finished with values: [10.090883774688594, 10.090883774688594] and parameters: {'k1': 0.00324789183891923, 'D_low': 29.89885508829526, 'k2': 0.0022957398214549472, 'D_high': 2969.087094484682, 'fire_exp': 1.518582349269638, 'P_half': 215.55950571043874, 'pre_dampen_half': 107.40052367919465, 'gpp_af': 5.620854611217178, 'gpp_b': 0.011750724729953272, 'gpp_d': 29.749683811098393, 'ign_k': 0.6454459531371669, 'ign_c': 10.140635645866492}.
[I 2026-08-06 03:09:26,438] Trial 1465 finished with values: [10.409006081089524, 10.409006081089524] and parameters: {'k1': 0.00324789183891923, 'D_low': 29.89885508829526, 'k2': 0.00014078352411766088, 'D_high': 2969.087094484682, 'fire_exp': 1.0881360604103363, 'P_half': 215.55950571043874, 'pre_dampen_half': 92.10264346077673, 'gpp_af': 5.620854611217178, 'gpp_b': 0.029211926233813405, 'gpp_d': 0.5779293266899784, 'ign_k': 0.6454459531371669, 'ign_c': 6.160975294741436}.
[I 2026-08-06 03:09:27,874] Trial 1466 finished with values: [-0.5024345383073784, 0.11097800280858472] and parameters: {'k1': 0.00324789183891923, 'D_low': 29.89885508829526, 'k2': 0.0022957398214549472, 'D_high': 2969.087094484682, 'fire_exp': 1.0881360604103363, 'P_half': 215.55950571043874, 'pre_dampen_half': 107.40052367919465, 'gpp_af': 5.620854611217178, 'gpp_b': 0.011750724729953272, 'gpp_d': 4.5768578731086835, 'ign_k': 0.6454459531371669, 'ign_c': 10.140635645866492}.
[I 2026-08-06 03:09:29,337] Trial 1467 finished with values: [10.704691686153907, 10.704691686153907] and parameters: {'k1': 0.00324789183891923, 'D_low': 2.458603276328005, 'k2': 0.0022957398214549472, 'D_high': 2969.087094484682, 'fire_exp': 6.941407697937204, 'P_half': 76.7624220881052, 'pre_dampen_half': 76.86605275420082, 'gpp_af': 5.620854611217178, 'gpp_b': 0.008226792720717493, 'gpp_d': 29.749683811098393, 'ign_k': 0.6454459531371669, 'ign_c': 10.140635645866492}.
[I 2026-08-06 03:09:30,805] Trial 1468 finished with values: [-0.5130187077255991, 0.2077432627366137] and parameters: {'k1': 0.00324789183891923, 'D_low': 29.89885508829526, 'k2': 0.03210808548911189, 'D_high': 2969.087094484682, 'fire_exp': 1.0881360604103363, 'P_half': 215.55950571043874, 'pre_dampen_half': 107.40052367919465, 'gpp_af': 5.620854611217178, 'gpp_b': 2.4497488749956643e-05, 'gpp_d': 1.826381177000974, 'ign_k': 0.6454459531371669, 'ign_c': 10.140635645866492}.
[I 2026-08-06 03:09:32,241] Trial 1469 finished with values: [10.195853837374493, 10.195853837374493] and parameters: {'k1': 0.00324789183891923, 'D_low': 4.075267974954964, 'k2': 0.0022957398214549472, 'D_high': 82493.50417880772, 'fire_exp': 1.0881360604103363, 'P_half': 215.55950571043874, 'pre_dampen_half': 76.86605275420082, 'gpp_af': 0.017981805950824024, 'gpp_b': 0.00013080022982604522, 'gpp_d': 14.815308234941392, 'ign_k': 0.1384332853353327, 'ign_c': 0.1457050032975653}.
[I 2026-08-06 03:09:33,659] Trial 1470 finished with values: [-0.49271605237975535, 0.2817652430240999] and parameters: {'k1': 0.00324789183891923, 'D_low': 29.89885508829526, 'k2': 0.012758211164590085, 'D_high': 9769.756791866093, 'fire_exp': 1.3374105401704135, 'P_half': 215.55950571043874, 'pre_dampen_half': 76.86605275420082, 'gpp_af': 5.620854611217178, 'gpp_b': 0.008226792720717493, 'gpp_d': 26.07917317941345, 'ign_k': 0.5066525680701905, 'ign_c': 10.140635645866492}.
[I 2026-08-06 03:09:35,100] Trial 1471 finished with values: [10.247425526576949, 10.247425526576949] and parameters: {'k1': 0.0035051730090894812, 'D_low': 2.458603276328005, 'k2': 0.0022957398214549472, 'D_high': 2969.087094484682, 'fire_exp': 1.518582349269638, 'P_half': 215.55950571043874, 'pre_dampen_half': 107.40052367919465, 'gpp_af': 5.620854611217178, 'gpp_b': 0.011750724729953272, 'gpp_d': 4.5768578731086835, 'ign_k': 0.6454459531371669, 'ign_c': 9.34330265731847}.
[I 2026-08-06 03:09:36,527] Trial 1472 finished with values: [-0.47764921682589784, 0.405508179897461] and parameters: {'k1': 0.00324789183891923, 'D_low': 29.89885508829526, 'k2': 0.0001997174727159274, 'D_high': 5562.99650055119, 'fire_exp': 1.0881360604103363, 'P_half': 12.808863354047988, 'pre_dampen_half': 107.40052367919465, 'gpp_af': 0.18148402127631746, 'gpp_b': 2.4497488749956643e-05, 'gpp_d': 29.83701993880331, 'ign_k': 0.0018991732852766694, 'ign_c': 6.160975294741436}.
[I 2026-08-06 03:09:37,997] Trial 1473 finished with values: [-0.5178660992365363, 0.22756053515071928] and parameters: {'k1': 0.00324789183891923, 'D_low': 29.89885508829526, 'k2': 0.0018200694976756812, 'D_high': 2969.087094484682, 'fire_exp': 1.0881360604103363, 'P_half': 215.55950571043874, 'pre_dampen_half': 107.40052367919465, 'gpp_af': 5.620854611217178, 'gpp_b': 1.1008110571039521e-05, 'gpp_d': 29.83701993880331, 'ign_k': 0.6454459531371669, 'ign_c': 10.140635645866492}.
[I 2026-08-06 03:09:39,408] Trial 1474 finished with values: [-0.500612869141531, 0.07434877868721057] and parameters: {'k1': 0.00324789183891923, 'D_low': 29.89885508829526, 'k2': 0.012758211164590085, 'D_high': 2969.087094484682, 'fire_exp': 1.0881360604103363, 'P_half': 215.55950571043874, 'pre_dampen_half': 76.86605275420082, 'gpp_af': 1.3725472882585024, 'gpp_b': 0.008226792720717493, 'gpp_d': 29.83701993880331, 'ign_k': 0.6454459531371669, 'ign_c': 10.140635645866492}.
[I 2026-08-06 03:09:40,890] Trial 1475 finished with values: [-0.5023837279011041, 0.11850421643879305] and parameters: {'k1': 0.00324789183891923, 'D_low': 29.89885508829526, 'k2': 0.0022957398214549472, 'D_high': 2969.087094484682, 'fire_exp': 1.0881360604103363, 'P_half': 215.55950571043874, 'pre_dampen_half': 107.40052367919465, 'gpp_af': 0.0055518823149351484, 'gpp_b': 1.1008110571039521e-05, 'gpp_d': 29.83701993880331, 'ign_k': 0.6454459531371669, 'ign_c': 10.140635645866492}.
[I 2026-08-06 03:09:42,321] Trial 1476 finished with values: [10.676709384155796, 10.676709384155796] and parameters: {'k1': 0.00324789183891923, 'D_low': 10.980728756907085, 'k2': 0.012758211164590085, 'D_high': 50.064023389829906, 'fire_exp': 1.0881360604103363, 'P_half': 215.55950571043874, 'pre_dampen_half': 107.40052367919465, 'gpp_af': 4.5092553051828705, 'gpp_b': 0.00031478066835753096, 'gpp_d': 29.83701993880331, 'ign_k': 2.648189355842456, 'ign_c': 7.916322947490362}.
[I 2026-08-06 03:09:44,430] Trial 1477 finished with values: [-0.49460654456803327, 0.07160790249616045] and parameters: {'k1': 0.00324789183891923, 'D_low': 8.1043507389441, 'k2': 0.0022957398214549472, 'D_high': 2969.087094484682, 'fire_exp': 1.0881360604103363, 'P_half': 215.55950571043874, 'pre_dampen_half': 107.40052367919465, 'gpp_af': 1.3725472882585024, 'gpp_b': 0.011750724729953272, 'gpp_d': 29.83701993880331, 'ign_k': 2.2292793902120662, 'ign_c': 6.160975294741436}.
[I 2026-08-06 03:09:45,860] Trial 1478 finished with values: [10.070838644605045, 10.070838644605045] and parameters: {'k1': 0.00013094965356693928, 'D_low': 10.980728756907085, 'k2': 0.012758211164590085, 'D_high': 2969.087094484682, 'fire_exp': 1.0881360604103363, 'P_half': 215.55950571043874, 'pre_dampen_half': 107.40052367919465, 'gpp_af': 10.30900022204182, 'gpp_b': 0.005612047270186369, 'gpp_d': 29.83701993880331, 'ign_k': 0.6454459531371669, 'ign_c': 10.140635645866492}.
[I 2026-08-06 03:09:47,332] Trial 1479 finished with values: [-0.5172259057603202, 0.22161193807672264] and parameters: {'k1': 0.00324789183891923, 'D_low': 29.89885508829526, 'k2': 0.03210808548911189, 'D_high': 2969.087094484682, 'fire_exp': 1.0881360604103363, 'P_half': 215.55950571043874, 'pre_dampen_half': 107.40052367919465, 'gpp_af': 5.620854611217178, 'gpp_b': 1.1008110571039521e-05, 'gpp_d': 29.83701993880331, 'ign_k': 0.6454459531371669, 'ign_c': 10.140635645866492}.
[I 2026-08-06 03:09:48,806] Trial 1480 finished with values: [10.655831593615469, 10.655831593615469] and parameters: {'k1': 0.00324789183891923, 'D_low': 10.980728756907085, 'k2': 0.003728444134949849, 'D_high': 2969.087094484682, 'fire_exp': 4.944820983274038, 'P_half': 215.55950571043874, 'pre_dampen_half': 107.40052367919465, 'gpp_af': 4.5092553051828705, 'gpp_b': 1.1008110571039521e-05, 'gpp_d': 29.83701993880331, 'ign_k': 1.8669871096222272, 'ign_c': 10.140635645866492}.
[I 2026-08-06 03:09:50,155] Trial 1481 finished with values: [-0.47682219861634084, 0.036062413765959644] and parameters: {'k1': 0.00324789183891923, 'D_low': 2.458603276328005, 'k2': 0.001123618840167381, 'D_high': 2969.087094484682, 'fire_exp': 1.151006986743773, 'P_half': 215.55950571043874, 'pre_dampen_half': 805.2502904451399, 'gpp_af': 0.0048478428004036025, 'gpp_b': 0.00031478066835753096, 'gpp_d': 4.5768578731086835, 'ign_k': 0.6454459531371669, 'ign_c': 9.34330265731847}.
[I 2026-08-06 03:09:51,607] Trial 1482 finished with values: [-0.49805223504528834, 0.08628240938322307] and parameters: {'k1': 0.00324789183891923, 'D_low': 29.89885508829526, 'k2': 0.0007081721844034209, 'D_high': 2969.087094484682, 'fire_exp': 1.0881360604103363, 'P_half': 215.55950571043874, 'pre_dampen_half': 107.40052367919465, 'gpp_af': 1.3725472882585024, 'gpp_b': 0.008226792720717493, 'gpp_d': 29.83701993880331, 'ign_k': 0.6454459531371669, 'ign_c': 6.160975294741436}.
[I 2026-08-06 03:09:53,043] Trial 1483 finished with values: [10.12559045198577, 10.12559045198577] and parameters: {'k1': 0.00324789183891923, 'D_low': 10.43956705520904, 'k2': 0.0007081721844034209, 'D_high': 2969.087094484682, 'fire_exp': 1.0881360604103363, 'P_half': 12.808863354047988, 'pre_dampen_half': 805.2502904451399, 'gpp_af': 0.01979173167138072, 'gpp_b': 0.00031478066835753096, 'gpp_d': 0.6380717024176037, 'ign_k': 0.6454459531371669, 'ign_c': 1.6643425133733851}.
[I 2026-08-06 03:09:54,469] Trial 1484 finished with values: [10.72653499913793, 10.72653499913793] and parameters: {'k1': 7.088878053884099e-05, 'D_low': 29.89885508829526, 'k2': 0.002935672965826306, 'D_high': 9769.756791866093, 'fire_exp': 1.0881360604103363, 'P_half': 215.55950571043874, 'pre_dampen_half': 107.40052367919465, 'gpp_af': 0.0014653682342295232, 'gpp_b': 0.011750724729953272, 'gpp_d': 26.07917317941345, 'ign_k': 0.6454459531371669, 'ign_c': 10.140635645866492}.
[I 2026-08-06 03:09:55,913] Trial 1485 finished with values: [-0.4990139547823345, 0.06536478968547144] and parameters: {'k1': 0.00324789183891923, 'D_low': 2.458603276328005, 'k2': 0.0022957398214549472, 'D_high': 2969.087094484682, 'fire_exp': 1.0881360604103363, 'P_half': 215.55950571043874, 'pre_dampen_half': 76.86605275420082, 'gpp_af': 1.3725472882585024, 'gpp_b': 0.011750724729953272, 'gpp_d': 29.749683811098393, 'ign_k': 0.6454459531371669, 'ign_c': 9.800540600083304}.
[I 2026-08-06 03:09:57,324] Trial 1486 finished with values: [10.232117100302375, 10.232117100302375] and parameters: {'k1': 0.00324789183891923, 'D_low': 2.458603276328005, 'k2': 0.002935672965826306, 'D_high': 2969.087094484682, 'fire_exp': 1.0881360604103363, 'P_half': 215.55950571043874, 'pre_dampen_half': 76.86605275420082, 'gpp_af': 0.8942824595236101, 'gpp_b': 0.011750724729953272, 'gpp_d': 29.749683811098393, 'ign_k': 0.016435601583749338, 'ign_c': 7.916322947490362}.
[I 2026-08-06 03:09:58,791] Trial 1487 finished with values: [10.641896311176586, 10.641896311176586] and parameters: {'k1': 0.00324789183891923, 'D_low': 70.18267183720735, 'k2': 0.0022957398214549472, 'D_high': 2969.087094484682, 'fire_exp': 4.4994848154903435, 'P_half': 215.55950571043874, 'pre_dampen_half': 805.2502904451399, 'gpp_af': 5.620854611217178, 'gpp_b': 0.024796579879439486, 'gpp_d': 29.749683811098393, 'ign_k': 0.6454459531371669, 'ign_c': 9.34330265731847}.
[I 2026-08-06 03:10:00,208] Trial 1488 finished with values: [-0.5054601008588702, 0.11553365247450609] and parameters: {'k1': 0.00324789183891923, 'D_low': 29.89885508829526, 'k2': 0.0022957398214549472, 'D_high': 2969.087094484682, 'fire_exp': 1.0881360604103363, 'P_half': 215.55950571043874, 'pre_dampen_half': 107.40052367919465, 'gpp_af': 5.620854611217178, 'gpp_b': 0.011750724729953272, 'gpp_d': 29.83701993880331, 'ign_k': 0.6454459531371669, 'ign_c': 10.140635645866492}.
[I 2026-08-06 03:10:01,635] Trial 1489 finished with values: [11.177610045197031, 11.177610045197031] and parameters: {'k1': 0.00324789183891923, 'D_low': 29.89885508829526, 'k2': 0.05665252534977915, 'D_high': 30536.40655299408, 'fire_exp': 1.0881360604103363, 'P_half': 215.55950571043874, 'pre_dampen_half': 107.40052367919465, 'gpp_af': 5.620854611217178, 'gpp_b': 0.00031478066835753096, 'gpp_d': 67.65873641051081, 'ign_k': 0.6454459531371669, 'ign_c': 10.140635645866492}.
[I 2026-08-06 03:10:03,156] Trial 1490 finished with values: [10.749163510671709, 10.749163510671709] and parameters: {'k1': 0.014249163607123368, 'D_low': 2.458603276328005, 'k2': 0.002935672965826306, 'D_high': 2088.984173542034, 'fire_exp': 4.623649488375329, 'P_half': 3.364457865463594, 'pre_dampen_half': 76.86605275420082, 'gpp_af': 0.8942824595236101, 'gpp_b': 0.011750724729953272, 'gpp_d': 29.749683811098393, 'ign_k': 0.010993789830771867, 'ign_c': 7.916322947490362}.
[I 2026-08-06 03:10:05,329] Trial 1491 finished with values: [10.662058556190692, 10.662058556190692] and parameters: {'k1': 0.00324789183891923, 'D_low': 29.89885508829526, 'k2': 0.013886937225450393, 'D_high': 2969.087094484682, 'fire_exp': 1.518582349269638, 'P_half': 215.55950571043874, 'pre_dampen_half': 304.7488318185732, 'gpp_af': 1.3725472882585024, 'gpp_b': 2.7744070810402452, 'gpp_d': 29.83701993880331, 'ign_k': 0.6454459531371669, 'ign_c': 6.160975294741436}.
[I 2026-08-06 03:10:06,749] Trial 1492 finished with values: [-0.5194901315684142, 0.2175312175336377] and parameters: {'k1': 0.00324789183891923, 'D_low': 2.458603276328005, 'k2': 0.012758211164590085, 'D_high': 2969.087094484682, 'fire_exp': 1.0881360604103363, 'P_half': 215.55950571043874, 'pre_dampen_half': 76.86605275420082, 'gpp_af': 5.620854611217178, 'gpp_b': 1.1008110571039521e-05, 'gpp_d': 29.749683811098393, 'ign_k': 0.9614686563869651, 'ign_c': 10.140635645866492}.
[I 2026-08-06 03:10:08,216] Trial 1493 finished with values: [10.204344979818709, 10.204344979818709] and parameters: {'k1': 0.004818692882815972, 'D_low': 29.89885508829526, 'k2': 0.012758211164590085, 'D_high': 2969.087094484682, 'fire_exp': 3.634466171907605, 'P_half': 10.226988730324324, 'pre_dampen_half': 107.40052367919465, 'gpp_af': 5.620854611217178, 'gpp_b': 0.008226792720717493, 'gpp_d': 29.83701993880331, 'ign_k': 0.6454459531371669, 'ign_c': 10.140635645866492}.
[I 2026-08-06 03:10:09,730] Trial 1494 finished with values: [10.313398729299976, 10.313398729299976] and parameters: {'k1': 0.00324789183891923, 'D_low': 29.89885508829526, 'k2': 0.0007081721844034209, 'D_high': 2969.087094484682, 'fire_exp': 1.0881360604103363, 'P_half': 215.55950571043874, 'pre_dampen_half': 76.86605275420082, 'gpp_af': 1.3725472882585024, 'gpp_b': 1.1008110571039521e-05, 'gpp_d': 0.03588784215299428, 'ign_k': 0.6454459531371669, 'ign_c': 10.140635645866492}.
[I 2026-08-06 03:10:11,168] Trial 1495 finished with values: [-0.5005140972887968, 0.09357340257771829] and parameters: {'k1': 0.00324789183891923, 'D_low': 2.458603276328005, 'k2': 0.0022957398214549472, 'D_high': 2969.087094484682, 'fire_exp': 1.0881360604103363, 'P_half': 215.55950571043874, 'pre_dampen_half': 76.86605275420082, 'gpp_af': 1.3725472882585024, 'gpp_b': 0.004812084698458953, 'gpp_d': 2.0035092691103578, 'ign_k': 0.9614686563869651, 'ign_c': 7.916322947490362}.
[I 2026-08-06 03:10:12,597] Trial 1496 finished with values: [-0.484650838061202, 0.18025807508510605] and parameters: {'k1': 0.00324789183891923, 'D_low': 29.89885508829526, 'k2': 0.002935672965826306, 'D_high': 28724.62965685646, 'fire_exp': 1.0881360604103363, 'P_half': 215.55950571043874, 'pre_dampen_half': 107.40052367919465, 'gpp_af': 0.5410546089881338, 'gpp_b': 0.011750724729953272, 'gpp_d': 4.5768578731086835, 'ign_k': 0.08876620955487982, 'ign_c': 3.3235498402793757}.
[I 2026-08-06 03:10:14,051] Trial 1497 finished with values: [11.139048059085825, 11.139048059085825] and parameters: {'k1': 0.00324789183891923, 'D_low': 10.980728756907085, 'k2': 0.012758211164590085, 'D_high': 80760.9304904705, 'fire_exp': 1.0881360604103363, 'P_half': 215.55950571043874, 'pre_dampen_half': 107.40052367919465, 'gpp_af': 4.5092553051828705, 'gpp_b': 0.00031478066835753096, 'gpp_d': 29.83701993880331, 'ign_k': 0.6454459531371669, 'ign_c': 10.140635645866492}.
[I 2026-08-06 03:10:15,469] Trial 1498 finished with values: [10.75612946658207, 10.75612946658207] and parameters: {'k1': 0.00324789183891923, 'D_low': 29.89885508829526, 'k2': 0.03210808548911189, 'D_high': 27.725690651664003, 'fire_exp': 1.0881360604103363, 'P_half': 215.55950571043874, 'pre_dampen_half': 107.40052367919465, 'gpp_af': 5.620854611217178, 'gpp_b': 2.4497488749956643e-05, 'gpp_d': 1.2964093110665396, 'ign_k': 0.6454459531371669, 'ign_c': 10.140635645866492}.
