[I 2026-06-11 12:49:59,417] Trial 192 finished with values: [10.702939682899165, 10.702939682899165] and parameters: {'k1': 0.016973078532467004, 'D_low': 2.011190979341456, 'k2': 3.277320296937061e-05, 'D_high': 27.55546207779663, 'fire_exp': 1.41873960828944, 'P_half': 51.10120656497163, 'pre_dampen_half': 123.04779330083686, 'gpp_af': 0.008117091133892173, 'gpp_b': 0.015062722325200045, 'gpp_d': 20.81401325574021, 'ign_k': 0.002357279455676982, 'ign_c': 388.02797007866826, 'trop_agb_crit': 24.199763404822136, 'trop_k_veg': 1.2749676887479542, 'fire_amp': 1.0759744651553196}.
[I 2026-06-11 12:50:00,317] Trial 193 finished with values: [10.553528790593937, 10.553528790593937] and parameters: {'k1': 0.003968136435370146, 'D_low': 2.843767489444367, 'k2': 0.0499774937030317, 'D_high': 31301.15118850836, 'fire_exp': 1.6901885781909627, 'P_half': 51.10120656497163, 'pre_dampen_half': 10.931606102061748, 'gpp_af': 0.007531064950403672, 'gpp_b': 0.002416023630607169, 'gpp_d': 21.899070557043984, 'ign_k': 0.00660597889201953, 'ign_c': 11.903394335305014, 'trop_agb_crit': 21.086120736447015, 'trop_k_veg': 1.2749676887479542, 'fire_amp': 3.7523365308330816}.
[I 2026-06-11 12:50:01,235] Trial 194 finished with values: [10.736662033405102, 10.736662033405102] and parameters: {'k1': 0.00824192526487645, 'D_low': 1216.4139351417061, 'k2': 0.0011239682517242113, 'D_high': 42210.21267871043, 'fire_exp': 1.305777134899723, 'P_half': 61.6097529474144, 'pre_dampen_half': 13.076473382928533, 'gpp_af': 96.4653310890222, 'gpp_b': 2.4063018320720924e-05, 'gpp_d': 0.1423472425072452, 'ign_k': 0.01998634077852888, 'ign_c': 99.96359851911319, 'trop_agb_crit': 2.0527418919564324, 'trop_k_veg': 2.520089655463604, 'fire_amp': 1.0759744651553196}.
[I 2026-06-11 12:50:02,120] Trial 195 finished with values: [10.704178290330297, 10.704178290330297] and parameters: {'k1': 1.1065812688893481e-05, 'D_low': 5.08290658294838, 'k2': 8.968733598183248e-05, 'D_high': 24.9899605789089, 'fire_exp': 1.7505406131449859, 'P_half': 774.5825831079144, 'pre_dampen_half': 189.88136301569827, 'gpp_af': 3.030008727251782, 'gpp_b': 0.002416023630607169, 'gpp_d': 21.899070557043984, 'ign_k': 0.00660597889201953, 'ign_c': 1.4879588507789996, 'trop_agb_crit': 21.086120736447015, 'trop_k_veg': 0.5183533149347164, 'fire_amp': 1.1655705619308396}.
[I 2026-06-11 12:50:03,020] Trial 196 finished with values: [12.017901393477256, 12.017901393477256] and parameters: {'k1': 5.178197947282869e-05, 'D_low': 408.3047491580097, 'k2': 8.968733598183248e-05, 'D_high': 31301.15118850836, 'fire_exp': 1.7505406131449859, 'P_half': 12.262543158860007, 'pre_dampen_half': 189.36639872354493, 'gpp_af': 3.298293484806585, 'gpp_b': 0.002416023630607169, 'gpp_d': 21.899070557043984, 'ign_k': 0.00660597889201953, 'ign_c': 0.7619822175388142, 'trop_agb_crit': 21.086120736447015, 'trop_k_veg': 0.7928574866766803, 'fire_amp': 3.7523365308330816}.
[I 2026-06-11 12:50:03,941] Trial 197 finished with values: [10.51789263077655, 10.51789263077655] and parameters: {'k1': 0.0001887567630782227, 'D_low': 2396.0796124300746, 'k2': 5.5686900831970225e-05, 'D_high': 18108.14362107968, 'fire_exp': 1.9783727454920947, 'P_half': 2.969335773129636, 'pre_dampen_half': 189.88136301569827, 'gpp_af': 14.161176080022173, 'gpp_b': 1.8400604093141188, 'gpp_d': 79.05373031352391, 'ign_k': 1.636529060071807, 'ign_c': 1.3431925993528124, 'trop_agb_crit': 1.8285200278523417, 'trop_k_veg': 4.0068236274914755, 'fire_amp': 1.1655705619308396}.
[I 2026-06-11 12:50:04,898] Trial 198 finished with values: [10.519731578478966, 10.519731578478966] and parameters: {'k1': 0.00023134781612225627, 'D_low': 1.7551403048208316, 'k2': 1.1417577140741129e-05, 'D_high': 29.126651668813768, 'fire_exp': 1.811096651915224, 'P_half': 1.4551749476072258, 'pre_dampen_half': 189.36639872354493, 'gpp_af': 0.07118041471054574, 'gpp_b': 0.00031478066835753096, 'gpp_d': 0.1619054449471649, 'ign_k': 0.09256855841989636, 'ign_c': 7.081721844034206, 'trop_agb_crit': 1.8023542850487386, 'trop_k_veg': 1.6648666152166967, 'fire_amp': 1.5719333351012774}.
[I 2026-06-11 12:50:05,883] Trial 199 finished with values: [-0.47654187995696917, 0.13443351304557183] and parameters: {'k1': 0.00023134781612225627, 'D_low': 2.843767489444367, 'k2': 0.019383858782150494, 'D_high': 32311.521854410956, 'fire_exp': 1.2060040899560858, 'P_half': 51.10120656497163, 'pre_dampen_half': 4.847666216751353, 'gpp_af': 0.060029341913968644, 'gpp_b': 0.0012611058927054877, 'gpp_d': 0.1619054449471649, 'ign_k': 0.002357279455676982, 'ign_c': 1.364908766641693, 'trop_agb_crit': 21.380932890222198, 'trop_k_veg': 2.8926781829782864, 'fire_amp': 5.416595007374148}.
[I 2026-06-11 12:50:06,792] Trial 200 finished with values: [10.746631302149064, 10.746631302149064] and parameters: {'k1': 5.7909642338812115e-05, 'D_low': 43.2326421037033, 'k2': 2.316457903103837e-05, 'D_high': 2295.7398214549485, 'fire_exp': 1.0420149135640993, 'P_half': 1265.0580856641704, 'pre_dampen_half': 1.8469033699850426, 'gpp_af': 0.41874665092828456, 'gpp_b': 0.006999112505425414, 'gpp_d': 0.030844007727232167, 'ign_k': 0.17320535908244444, 'ign_c': 0.17036120617148395, 'trop_agb_crit': 8.188098178380693, 'trop_k_veg': 5.453348988480011, 'fire_amp': 5.44779717154213}.
[I 2026-06-11 12:50:07,683] Trial 201 finished with values: [11.565999739813245, 11.565999739813245] and parameters: {'k1': 0.03648456083047798, 'D_low': 1.7551403048208316, 'k2': 0.0001280886335404798, 'D_high': 6682.9607218310075, 'fire_exp': 1.811096651915224, 'P_half': 5.4712187293420325, 'pre_dampen_half': 121.93011993958949, 'gpp_af': 0.060029341913968644, 'gpp_b': 0.00031478066835753096, 'gpp_d': 700.6693992445935, 'ign_k': 0.0032383308053152635, 'ign_c': 1.364908766641693, 'trop_agb_crit': 12.9667438075127, 'trop_k_veg': 2.99731137426955, 'fire_amp': 2.7806853670293616}.
[I 2026-06-11 12:50:08,564] Trial 202 finished with values: [10.76923076888676, 10.76923076888676] and parameters: {'k1': 0.00026539376439360527, 'D_low': 2267.735223551285, 'k2': 3.152468275632564e-05, 'D_high': 949.9072859745386, 'fire_exp': 1.14171776851287, 'P_half': 157.80309954142965, 'pre_dampen_half': 9.044346216330972, 'gpp_af': 37.28155624293858, 'gpp_b': 2.1309331861011757e-05, 'gpp_d': 7.631016235941559, 'ign_k': 0.09256855841989636, 'ign_c': 342.8810943862522, 'trop_agb_crit': 1.8023542850487386, 'trop_k_veg': 1.6648666152166967, 'fire_amp': 2.6192385880432525}.
[I 2026-06-11 12:50:09,564] Trial 203 finished with values: [10.700914794801866, 10.700914794801866] and parameters: {'k1': 0.0869690639641868, 'D_low': 2396.0796124300746, 'k2': 1.2390468928182031e-05, 'D_high': 949.9072859745386, 'fire_exp': 1.9783727454920947, 'P_half': 157.80309954142965, 'pre_dampen_half': 189.88136301569827, 'gpp_af': 14.161176080022173, 'gpp_b': 2.1309331861011757e-05, 'gpp_d': 21.899070557043984, 'ign_k': 1.6270983114897255, 'ign_c': 1.3431925993528124, 'trop_agb_crit': 1.8285200278523417, 'trop_k_veg': 4.0068236274914755, 'fire_amp': 1.1655705619308396}.
[I 2026-06-11 12:50:10,486] Trial 204 finished with values: [10.366742362881165, 10.366742362881165] and parameters: {'k1': 0.00026539376439360527, 'D_low': 15.0613200804335, 'k2': 1.1417577140741129e-05, 'D_high': 29.126651668813768, 'fire_exp': 1.111738490499784, 'P_half': 45.55085098454082, 'pre_dampen_half': 435.2726865811943, 'gpp_af': 94.30595410350193, 'gpp_b': 0.0012749409641020352, 'gpp_d': 0.030844007727232167, 'ign_k': 0.0037322156377670697, 'ign_c': 7.832259769732471, 'trop_agb_crit': 1.8023542850487386, 'trop_k_veg': 0.8097682578073301, 'fire_amp': 1.5180207449214471}.
[I 2026-06-11 12:50:11,446] Trial 205 finished with values: [10.76923076888676, 10.76923076888676] and parameters: {'k1': 0.00026539376439360527, 'D_low': 2.843767489444367, 'k2': 0.0001870742013766025, 'D_high': 29.126651668813768, 'fire_exp': 1.111738490499784, 'P_half': 51.10120656497163, 'pre_dampen_half': 121.93011993958949, 'gpp_af': 3.298293484806585, 'gpp_b': 0.006999112505425414, 'gpp_d': 0.030844007727232167, 'ign_k': 0.03845635122720663, 'ign_c': 388.02797007866826, 'trop_agb_crit': 21.380932890222198, 'trop_k_veg': 1.6648666152166967, 'fire_amp': 3.890668402773863}.
[I 2026-06-11 12:50:12,374] Trial 206 finished with values: [10.765296019469885, 10.765296019469885] and parameters: {'k1': 5.178197947282869e-05, 'D_low': 408.3047491580097, 'k2': 0.0001016707987819611, 'D_high': 31301.15118850836, 'fire_exp': 1.5191397119156032, 'P_half': 1265.0580856641704, 'pre_dampen_half': 2.736251365128462, 'gpp_af': 29.700320404259642, 'gpp_b': 0.002416023630607169, 'gpp_d': 1.336803341156552, 'ign_k': 0.17320535908244444, 'ign_c': 0.4177928311636542, 'trop_agb_crit': 21.086120736447015, 'trop_k_veg': 3.4439936249445045, 'fire_amp': 1.5180207449214471}.
[I 2026-06-11 12:50:13,287] Trial 207 finished with values: [10.769222787069369, 10.769222787069369] and parameters: {'k1': 0.016973078532467004, 'D_low': 2.843767489444367, 'k2': 0.0001280886335404798, 'D_high': 32311.521854410956, 'fire_exp': 1.811096651915224, 'P_half': 5.4712187293420325, 'pre_dampen_half': 0.058813839452486964, 'gpp_af': 0.07118041471054574, 'gpp_b': 0.015062722325200045, 'gpp_d': 9.482548804624958, 'ign_k': 0.002357279455676982, 'ign_c': 388.02797007866826, 'trop_agb_crit': 2.0420012944047587, 'trop_k_veg': 6.030247256556128, 'fire_amp': 1.5719333351012774}.
[I 2026-06-11 12:50:14,208] Trial 208 finished with values: [10.768610019128488, 10.768610019128488] and parameters: {'k1': 0.00026539376439360527, 'D_low': 2396.0796124300746, 'k2': 1.1417577140741129e-05, 'D_high': 18337.177967709995, 'fire_exp': 1.111738490499784, 'P_half': 2.969335773129636, 'pre_dampen_half': 0.13249602803264168, 'gpp_af': 3.298293484806585, 'gpp_b': 0.006999112505425414, 'gpp_d': 0.030844007727232167, 'ign_k': 1.636529060071807, 'ign_c': 1.3431925993528124, 'trop_agb_crit': 1.8023542850487386, 'trop_k_veg': 4.0068236274914755, 'fire_amp': 1.1655705619308396}.
[I 2026-06-11 12:50:15,113] Trial 209 finished with values: [10.766396984105883, 10.766396984105883] and parameters: {'k1': 1.1281785190969807e-05, 'D_low': 15.0613200804335, 'k2': 7.857247967427128e-05, 'D_high': 32311.521854410956, 'fire_exp': 1.811096651915224, 'P_half': 45.55085098454082, 'pre_dampen_half': 2.736251365128462, 'gpp_af': 0.07118041471054574, 'gpp_b': 0.01666658176842624, 'gpp_d': 0.1619054449471649, 'ign_k': 0.001229921046579313, 'ign_c': 7.081721844034206, 'trop_agb_crit': 12.708819454040446, 'trop_k_veg': 0.5535297685306277, 'fire_amp': 1.5873607039193782}.
[I 2026-06-11 12:50:16,032] Trial 210 finished with values: [10.768987515505604, 10.768987515505604] and parameters: {'k1': 0.016973078532467004, 'D_low': 171.2446447678494, 'k2': 0.00037358626308127543, 'D_high': 36998.679204890876, 'fire_exp': 4.2769938521987285, 'P_half': 93.43302657318476, 'pre_dampen_half': 30.697381831179275, 'gpp_af': 20.12115544906385, 'gpp_b': 0.015062722325200045, 'gpp_d': 0.09467055845337147, 'ign_k': 0.002357279455676982, 'ign_c': 388.02797007866826, 'trop_agb_crit': 12.647327018493208, 'trop_k_veg': 1.2749676887479542, 'fire_amp': 5.416595007374148}.
[I 2026-06-11 12:50:16,939] Trial 211 finished with values: [10.473732522180667, 10.473732522180667] and parameters: {'k1': 0.00023134781612225627, 'D_low': 1.7551403048208316, 'k2': 0.0001280886335404798, 'D_high': 24.9899605789089, 'fire_exp': 1.811096651915224, 'P_half': 9.580682294110435, 'pre_dampen_half': 189.88136301569827, 'gpp_af': 0.9219336658511308, 'gpp_b': 0.002416023630607169, 'gpp_d': 21.899070557043984, 'ign_k': 0.00660597889201953, 'ign_c': 1.4879588507789996, 'trop_agb_crit': 12.708819454040446, 'trop_k_veg': 0.5535297685306277, 'fire_amp': 1.1655705619308396}.
[I 2026-06-11 12:50:17,859] Trial 212 finished with values: [-0.4569785019588626, 0.1726452027798896] and parameters: {'k1': 0.00026539376439360527, 'D_low': 148.21691630007544, 'k2': 0.002090955698118952, 'D_high': 1817.0401889219124, 'fire_exp': 1.5191397119156032, 'P_half': 1.4551749476072258, 'pre_dampen_half': 189.36639872354493, 'gpp_af': 0.10098504976210308, 'gpp_b': 0.006999112505425414, 'gpp_d': 0.030844007727232167, 'ign_k': 0.004105873950290761, 'ign_c': 22.126836566118193, 'trop_agb_crit': 5.588032458772675, 'trop_k_veg': 2.724170387400844, 'fire_amp': 5.44779717154213}.
[I 2026-06-11 12:50:18,749] Trial 213 finished with values: [10.734618860539566, 10.734618860539566] and parameters: {'k1': 5.7909642338812115e-05, 'D_low': 2.843767489444367, 'k2': 0.0007731571570012607, 'D_high': 1817.0401889219124, 'fire_exp': 1.2344878997299724, 'P_half': 1265.0580856641704, 'pre_dampen_half': 1.8469033699850426, 'gpp_af': 0.016306190741524337, 'gpp_b': 0.004411400434514031, 'gpp_d': 1.0088237648985734, 'ign_k': 4.869640941520899, 'ign_c': 0.4177928311636542, 'trop_agb_crit': 21.380932890222198, 'trop_k_veg': 5.453348988480011, 'fire_amp': 5.44779717154213}.
[I 2026-06-11 12:50:19,641] Trial 214 finished with values: [10.696530963303658, 10.696530963303658] and parameters: {'k1': 5.178197947282869e-05, 'D_low': 408.3047491580097, 'k2': 8.968733598183248e-05, 'D_high': 24.9899605789089, 'fire_exp': 1.7505406131449859, 'P_half': 9.580682294110435, 'pre_dampen_half': 121.93011993958949, 'gpp_af': 0.07118041471054574, 'gpp_b': 0.015062722325200045, 'gpp_d': 0.1619054449471649, 'ign_k': 0.002357279455676982, 'ign_c': 1.4879588507789996, 'trop_agb_crit': 24.199763404822136, 'trop_k_veg': 0.5183533149347164, 'fire_amp': 1.5719333351012774}.
[I 2026-06-11 12:50:20,660] Trial 215 finished with values: [10.76923076888676, 10.76923076888676] and parameters: {'k1': 1.1065812688893481e-05, 'D_low': 2.843767489444367, 'k2': 0.0012030178871154666, 'D_high': 1537.592023548176, 'fire_exp': 7.541554304668537, 'P_half': 436.4516946807792, 'pre_dampen_half': 75.10418138777538, 'gpp_af': 3.030008727251782, 'gpp_b': 0.015062722325200045, 'gpp_d': 0.21281400894533783, 'ign_k': 0.003296550135838091, 'ign_c': 2.2882309479728957, 'trop_agb_crit': 21.086120736447015, 'trop_k_veg': 1.2396985988794134, 'fire_amp': 1.1655705619308396}.
[I 2026-06-11 12:50:21,599] Trial 216 finished with values: [10.082388450365961, 10.082388450365961] and parameters: {'k1': 0.00026539376439360527, 'D_low': 1074.940539517341, 'k2': 0.019383858782150494, 'D_high': 6682.9607218310075, 'fire_exp': 1.2060040899560858, 'P_half': 2.226799690893868, 'pre_dampen_half': 189.36639872354493, 'gpp_af': 27.78052183438328, 'gpp_b': 0.006999112505425414, 'gpp_d': 1.4397852866783676, 'ign_k': 0.09256855841989636, 'ign_c': 7.832259769732471, 'trop_agb_crit': 12.9667438075127, 'trop_k_veg': 2.99731137426955, 'fire_amp': 2.042193818779288}.
[I 2026-06-11 12:50:22,580] Trial 217 finished with values: [10.76923076888676, 10.76923076888676] and parameters: {'k1': 0.00023134781612225627, 'D_low': 24.28756508761176, 'k2': 0.0002442377596403892, 'D_high': 8912.611835817017, 'fire_exp': 1.5315561686017187, 'P_half': 5.4712187293420325, 'pre_dampen_half': 75.10418138777538, 'gpp_af': 0.005061568304359487, 'gpp_b': 0.004411400434514031, 'gpp_d': 1.0088237648985734, 'ign_k': 0.17320535908244444, 'ign_c': 664.6698709242512, 'trop_agb_crit': 12.708819454040446, 'trop_k_veg': 5.453348988480011, 'fire_amp': 1.7912500010961188}.
[I 2026-06-11 12:50:23,486] Trial 218 finished with values: [10.769206499450197, 10.769206499450197] and parameters: {'k1': 0.03648456083047798, 'D_low': 2808.7330790064375, 'k2': 8.968733598183248e-05, 'D_high': 24.9899605789089, 'fire_exp': 1.2060040899560858, 'P_half': 2.226799690893868, 'pre_dampen_half': 4.847666216751353, 'gpp_af': 0.2204465010099918, 'gpp_b': 0.7196087713577951, 'gpp_d': 1.4397852866783676, 'ign_k': 0.0032383308053152635, 'ign_c': 1.364908766641693, 'trop_agb_crit': 21.086120736447015, 'trop_k_veg': 0.5183533149347164, 'fire_amp': 1.1655705619308396}.
[I 2026-06-11 12:50:24,410] Trial 219 finished with values: [12.134142435042518, 12.134142435042518] and parameters: {'k1': 0.03648456083047798, 'D_low': 2.843767489444367, 'k2': 0.0001280886335404798, 'D_high': 32311.521854410956, 'fire_exp': 1.2060040899560858, 'P_half': 2.226799690893868, 'pre_dampen_half': 121.93011993958949, 'gpp_af': 0.060029341913968644, 'gpp_b': 0.001674375583895437, 'gpp_d': 0.1619054449471649, 'ign_k': 0.002357279455676982, 'ign_c': 388.02797007866826, 'trop_agb_crit': 12.9667438075127, 'trop_k_veg': 2.99731137426955, 'fire_amp': 2.7806853670293616}.
[I 2026-06-11 12:50:25,331] Trial 220 finished with values: [10.203079305123488, 10.203079305123488] and parameters: {'k1': 0.03648456083047798, 'D_low': 236.79352040223893, 'k2': 0.019383858782150494, 'D_high': 6682.9607218310075, 'fire_exp': 1.2060040899560858, 'P_half': 2.226799690893868, 'pre_dampen_half': 4.847666216751353, 'gpp_af': 0.060029341913968644, 'gpp_b': 0.001674375583895437, 'gpp_d': 1.4397852866783676, 'ign_k': 0.0032383308053152635, 'ign_c': 1.364908766641693, 'trop_agb_crit': 12.9667438075127, 'trop_k_veg': 2.99731137426955, 'fire_amp': 2.7806853670293616}.
[I 2026-06-11 12:50:26,365] Trial 221 finished with values: [10.76923076888676, 10.76923076888676] and parameters: {'k1': 0.017276056747028225, 'D_low': 2186.356344942016, 'k2': 0.08661811390647982, 'D_high': 1817.0401889219124, 'fire_exp': 3.2459542834651627, 'P_half': 1.4551749476072258, 'pre_dampen_half': 98.05638874011484, 'gpp_af': 1.7775411110039254, 'gpp_b': 0.16285506249643175, 'gpp_d': 545.0253444559129, 'ign_k': 3.6309591863459096, 'ign_c': 22.126836566118193, 'trop_agb_crit': 3.5874145253515306, 'trop_k_veg': 0.6488368931910606, 'fire_amp': 2.818314238665462}.
[I 2026-06-11 12:50:27,318] Trial 222 finished with values: [10.75594298289795, 10.75594298289795] and parameters: {'k1': 0.004177995063991521, 'D_low': 171.2446447678494, 'k2': 1.2390468928182031e-05, 'D_high': 18108.14362107968, 'fire_exp': 1.9783727454920947, 'P_half': 2.969335773129636, 'pre_dampen_half': 4.603480758878793, 'gpp_af': 0.016306190741524337, 'gpp_b': 0.0004125336560355494, 'gpp_d': 21.899070557043984, 'ign_k': 0.15974581244256694, 'ign_c': 1.3431925993528124, 'trop_agb_crit': 2.0527418919564324, 'trop_k_veg': 2.520089655463604, 'fire_amp': 1.2393473789150806}.
[I 2026-06-11 12:50:28,256] Trial 223 finished with values: [10.712986315907912, 10.712986315907912] and parameters: {'k1': 5.7909642338812115e-05, 'D_low': 2186.356344942016, 'k2': 0.08661811390647982, 'D_high': 1817.0401889219124, 'fire_exp': 1.111738490499784, 'P_half': 1.4551749476072258, 'pre_dampen_half': 8.259599205585761, 'gpp_af': 0.5970408652384318, 'gpp_b': 5.0875243087016374e-05, 'gpp_d': 0.1619054449471649, 'ign_k': 0.17320535908244444, 'ign_c': 22.126836566118193, 'trop_agb_crit': 1.8566494291193822, 'trop_k_veg': 0.6363741063482814, 'fire_amp': 1.4475279918261055}.
[I 2026-06-11 12:50:29,197] Trial 224 finished with values: [10.668108673072352, 10.668108673072352] and parameters: {'k1': 0.00023134781612225627, 'D_low': 2.843767489444367, 'k2': 1.2390468928182031e-05, 'D_high': 18108.14362107968, 'fire_exp': 1.9136159174067866, 'P_half': 2.969335773129636, 'pre_dampen_half': 30.456909077772018, 'gpp_af': 1.3954498518315706, 'gpp_b': 0.015062722325200045, 'gpp_d': 0.1619054449471649, 'ign_k': 0.002357279455676982, 'ign_c': 1.3431925993528124, 'trop_agb_crit': 1.8285200278523417, 'trop_k_veg': 2.8926781829782864, 'fire_amp': 4.2446263054164195}.
[I 2026-06-11 12:50:30,130] Trial 225 finished with values: [10.215667902065938, 10.215667902065938] and parameters: {'k1': 5.178197947282869e-05, 'D_low': 43.03411264066069, 'k2': 0.0007731571570012607, 'D_high': 31301.15118850836, 'fire_exp': 1.1633452995374232, 'P_half': 45.55085098454082, 'pre_dampen_half': 1.8469033699850426, 'gpp_af': 0.41874665092828456, 'gpp_b': 0.002416023630607169, 'gpp_d': 1.336803341156552, 'ign_k': 0.001229921046579313, 'ign_c': 99.96359851911319, 'trop_agb_crit': 21.086120736447015, 'trop_k_veg': 5.453348988480011, 'fire_amp': 5.44779717154213}.
[I 2026-06-11 12:50:31,042] Trial 226 finished with values: [10.769083664088026, 10.769083664088026] and parameters: {'k1': 0.006079905434073396, 'D_low': 2267.735223551285, 'k2': 3.152468275632564e-05, 'D_high': 18108.14362107968, 'fire_exp': 1.14171776851287, 'P_half': 157.80309954142965, 'pre_dampen_half': 9.044346216330972, 'gpp_af': 0.09885838682552685, 'gpp_b': 1.8400604093141188, 'gpp_d': 0.4742269251269962, 'ign_k': 1.6270983114897255, 'ign_c': 0.10435856341129002, 'trop_agb_crit': 8.188098178380693, 'trop_k_veg': 0.6618107836658104, 'fire_amp': 2.6192385880432525}.
[I 2026-06-11 12:50:31,977] Trial 227 finished with values: [10.623963474727983, 10.623963474727983] and parameters: {'k1': 0.0003445931091927334, 'D_low': 1074.940539517341, 'k2': 0.08661811390647982, 'D_high': 29.126651668813768, 'fire_exp': 1.111738490499784, 'P_half': 1.4551749476072258, 'pre_dampen_half': 8.259599205585761, 'gpp_af': 0.10098504976210308, 'gpp_b': 5.0875243087016374e-05, 'gpp_d': 545.0253444559129, 'ign_k': 0.0037322156377670697, 'ign_c': 7.832259769732471, 'trop_agb_crit': 1.8023542850487386, 'trop_k_veg': 0.6618107836658104, 'fire_amp': 1.1626468420952578}.
[I 2026-06-11 12:50:32,894] Trial 228 finished with values: [10.154328736931362, 10.154328736931362] and parameters: {'k1': 0.03648456083047798, 'D_low': 1.4002277211577039, 'k2': 0.019383858782150494, 'D_high': 315.101491238403, 'fire_exp': 1.2060040899560858, 'P_half': 102.93072560417136, 'pre_dampen_half': 4.847666216751353, 'gpp_af': 0.07302012718529301, 'gpp_b': 0.00036184510553922684, 'gpp_d': 1.4397852866783676, 'ign_k': 0.0032383308053152635, 'ign_c': 0.4177928311636542, 'trop_agb_crit': 7.332660227137139, 'trop_k_veg': 2.99731137426955, 'fire_amp': 2.7806853670293616}.
