[I 2026-07-24 02:11:47,146] Trial 768 finished with value: 0.473895215539328 and parameters: {'k1': 0.008038093710982512, 'D_low': 49.98927028893895, 'k2': 0.0007019473092856757, 'D_high': 3991685.261042537, 'fire_exp': 1.8606498379996899, 'P_half': 511.43466435114624, 'pre_dampen_half': 0.9521688637024379, 'gpp_af': 0.2404366602633685, 'gpp_b': 1.5347093547834844e-05, 'gpp_d': 33.208545476898635, 'ign_k': 0.11740815867725357, 'ign_c': 0.10017705870705615, 'trop_agb_crit': 15.983204614445565, 'trop_k_veg': 3.0255490528597764, 'gdp_gamma': 0.1744439243365634, 'fuel_k': 0.028092328887573282, 'fuel_half': 14.591123410267654}. Best is trial 335 with value: -0.6233152110406992.
[I 2026-07-24 02:11:47,599] Trial 769 finished with value: 0.39810597022504224 and parameters: {'k1': 0.01799119879600449, 'D_low': 10.857622055773104, 'k2': 0.0021287552825571925, 'D_high': 140510.71785903594, 'fire_exp': 1.8005671489294726, 'P_half': 211.62122608260938, 'pre_dampen_half': 0.9388046701924411, 'gpp_af': 1.3571915089524766, 'gpp_b': 2.0427641926309525e-05, 'gpp_d': 105.18934073412288, 'ign_k': 0.04042508303096821, 'ign_c': 0.5890443938075813, 'trop_agb_crit': 9.816909900588245, 'trop_k_veg': 2.231027962216964, 'gdp_gamma': 1.1558032799242695, 'fuel_k': 0.05811763571405789, 'fuel_half': 1.032497684721072}. Best is trial 335 with value: -0.6233152110406992.
[I 2026-07-24 02:11:48,049] Trial 770 finished with value: 0.5277101033066787 and parameters: {'k1': 4.081101094655612e-05, 'D_low': 3.361348920525717, 'k2': 0.0011212500307197974, 'D_high': 4083580.4319848614, 'fire_exp': 1.311467322624253, 'P_half': 7.232745872576633, 'pre_dampen_half': 67.27181189870439, 'gpp_af': 0.003343019198212262, 'gpp_b': 0.00010294145268428231, 'gpp_d': 2.2222553252863926, 'ign_k': 0.004080957543127833, 'ign_c': 436.29958537717994, 'trop_agb_crit': 7.142846568460478, 'trop_k_veg': 1.0192587840163068, 'gdp_gamma': 0.4628309719115979, 'fuel_k': 0.024295916861186356, 'fuel_half': 14.565417755378816}. Best is trial 335 with value: -0.6233152110406992.
[I 2026-07-24 02:11:48,507] Trial 771 finished with value: -0.4957932955315708 and parameters: {'k1': 3.213805999121517e-05, 'D_low': 2.770491618020415, 'k2': 2.4106089517457147e-05, 'D_high': 27773.959941698296, 'fire_exp': 1.0143533547202808, 'P_half': 1.5673174227261197, 'pre_dampen_half': 7.051731936608945, 'gpp_af': 0.005799231331432748, 'gpp_b': 1.0270200079934845e-05, 'gpp_d': 39.38732158660423, 'ign_k': 0.009967443577059224, 'ign_c': 57.51357313273388, 'trop_agb_crit': 2.140560469160299, 'trop_k_veg': 3.6295333375345304, 'gdp_gamma': 0.322434309463567, 'fuel_k': 0.010807358678570862, 'fuel_half': 5.1019596678564225}. Best is trial 335 with value: -0.6233152110406992.
[I 2026-07-24 02:11:48,960] Trial 772 finished with value: 0.5494776885124055 and parameters: {'k1': 0.02114351060620053, 'D_low': 1.15368867449135, 'k2': 0.0036810126027861144, 'D_high': 4516413.625682974, 'fire_exp': 3.101983693072187, 'P_half': 217.4800368328141, 'pre_dampen_half': 0.17968364140843876, 'gpp_af': 4.499510642795348, 'gpp_b': 8.924607743992319e-05, 'gpp_d': 115.7016493797693, 'ign_k': 0.036033845030686816, 'ign_c': 0.2568538254468854, 'trop_agb_crit': 16.907376747438974, 'trop_k_veg': 2.610612526551209, 'gdp_gamma': 0.4131975975715377, 'fuel_k': 0.1731429502298846, 'fuel_half': 18.279273894062772}. Best is trial 335 with value: -0.6233152110406992.
[I 2026-07-24 02:11:49,409] Trial 773 finished with value: -0.5585898354501223 and parameters: {'k1': 0.009250859177025447, 'D_low': 23.67476750165463, 'k2': 0.015106879878540213, 'D_high': 269451.6850122421, 'fire_exp': 2.8207483497547536, 'P_half': 15.44876495866454, 'pre_dampen_half': 1.7298482705931717, 'gpp_af': 0.00455415796130052, 'gpp_b': 4.140507695730573e-05, 'gpp_d': 17.445524691210778, 'ign_k': 0.15638024748632645, 'ign_c': 4.178029618508475, 'trop_agb_crit': 1.0436147529323807, 'trop_k_veg': 1.1546190103269094, 'gdp_gamma': 0.7815799370753644, 'fuel_k': 0.014393018288996131, 'fuel_half': 18.454652019198832}. Best is trial 335 with value: -0.6233152110406992.
[I 2026-07-24 02:11:49,869] Trial 774 finished with value: 0.5922684420324253 and parameters: {'k1': 6.262109608288877e-05, 'D_low': 176.6912980726086, 'k2': 0.0004041864390367056, 'D_high': 5231.060436798928, 'fire_exp': 1.0834004178459704, 'P_half': 84.00237380581771, 'pre_dampen_half': 0.1171479398514734, 'gpp_af': 0.011608899820914611, 'gpp_b': 6.219439768343575e-05, 'gpp_d': 138.2143218533013, 'ign_k': 0.0017817978813453306, 'ign_c': 18.264934034883925, 'trop_agb_crit': 3.0575456907199197, 'trop_k_veg': 2.334689515427901, 'gdp_gamma': 0.4022070625196169, 'fuel_k': 0.016017949053026195, 'fuel_half': 4.705013255803669}. Best is trial 335 with value: -0.6233152110406992.
[I 2026-07-24 02:11:50,382] Trial 775 finished with value: 0.40822799317482494 and parameters: {'k1': 0.001949112839941547, 'D_low': 13.479186515368582, 'k2': 0.005801147185394275, 'D_high': 50251.8579042968, 'fire_exp': 4.189989634602265, 'P_half': 296.45098336757474, 'pre_dampen_half': 2.023004627145451, 'gpp_af': 0.29799768134385124, 'gpp_b': 0.0005157548651785568, 'gpp_d': 939.7527454368969, 'ign_k': 0.3233986790254494, 'ign_c': 0.1262889336752092, 'trop_agb_crit': 5.0571823506983185, 'trop_k_veg': 1.805719312859098, 'gdp_gamma': 1.947419650003247, 'fuel_k': 0.026035682055335668, 'fuel_half': 11.119879568890484}. Best is trial 335 with value: -0.6233152110406992.
[I 2026-07-24 02:11:50,837] Trial 776 finished with value: 0.4592245033461839 and parameters: {'k1': 0.0015062192083028188, 'D_low': 341.3104900554491, 'k2': 0.00032622333649670935, 'D_high': 1378959.5376471907, 'fire_exp': 3.240028587237262, 'P_half': 316.3211533009844, 'pre_dampen_half': 0.9089389289729755, 'gpp_af': 2.522985882084221, 'gpp_b': 0.00012976563342250556, 'gpp_d': 383.005493077634, 'ign_k': 0.04204653337732951, 'ign_c': 0.768980812585176, 'trop_agb_crit': 15.864278020768644, 'trop_k_veg': 2.697161906117162, 'gdp_gamma': 1.7877089309236365, 'fuel_k': 0.07832757794205768, 'fuel_half': 1.3839756135187107}. Best is trial 335 with value: -0.6233152110406992.
[I 2026-07-24 02:11:51,294] Trial 777 finished with value: 0.5856824205762979 and parameters: {'k1': 0.012546758272217282, 'D_low': 6.038391387131838, 'k2': 0.034728980242936004, 'D_high': 60495.55376763105, 'fire_exp': 2.786809739979303, 'P_half': 3179.076993175869, 'pre_dampen_half': 0.12661577743732946, 'gpp_af': 0.316925444230495, 'gpp_b': 2.6480574482400623e-05, 'gpp_d': 40.60666273451285, 'ign_k': 0.013799828961042412, 'ign_c': 0.29681353375550457, 'trop_agb_crit': 17.56538592290284, 'trop_k_veg': 1.4046264490921228, 'gdp_gamma': 0.9421644091476782, 'fuel_k': 0.04695650822310869, 'fuel_half': 17.92226476440234}. Best is trial 335 with value: -0.6233152110406992.
[I 2026-07-24 02:11:51,751] Trial 778 finished with value: 0.5955264656264523 and parameters: {'k1': 0.0002619421740656795, 'D_low': 2.8690601847489243, 'k2': 0.07882604857454396, 'D_high': 7863.7222550739925, 'fire_exp': 3.676691844642908, 'P_half': 10.306464636602362, 'pre_dampen_half': 4.32495391144956, 'gpp_af': 0.02283059892635882, 'gpp_b': 3.821119958515448e-05, 'gpp_d': 0.6293274242615536, 'ign_k': 0.008791303540431575, 'ign_c': 0.4194415481673201, 'trop_agb_crit': 1.629733808228953, 'trop_k_veg': 1.0808549446768234, 'gdp_gamma': 0.605278927197004, 'fuel_k': 0.017825745230329423, 'fuel_half': 51.75179963848077}. Best is trial 335 with value: -0.6233152110406992.
[I 2026-07-24 02:11:52,202] Trial 779 finished with value: 0.5875674589825797 and parameters: {'k1': 0.01921067676334284, 'D_low': 75.69014637432645, 'k2': 0.00498955661899586, 'D_high': 1051847.7580867857, 'fire_exp': 3.078824920102271, 'P_half': 3421.3731590940315, 'pre_dampen_half': 12.557895275841858, 'gpp_af': 17.10603158212031, 'gpp_b': 1.902677515634729e-05, 'gpp_d': 120.49285209151111, 'ign_k': 0.003848340372146053, 'ign_c': 0.6514606001641038, 'trop_agb_crit': 8.42290821414391, 'trop_k_veg': 6.794103227564195, 'gdp_gamma': 0.24694351239051188, 'fuel_k': 0.14756648679432846, 'fuel_half': 2.6608932715808886}. Best is trial 335 with value: -0.6233152110406992.
[I 2026-07-24 02:11:52,656] Trial 780 finished with value: 0.5295700970209698 and parameters: {'k1': 0.06656104908170367, 'D_low': 2935.5373244997945, 'k2': 0.005304210692161964, 'D_high': 67939.2102800773, 'fire_exp': 2.1183081803881, 'P_half': 753.5599220305345, 'pre_dampen_half': 3.977083874672655, 'gpp_af': 0.2330018207293967, 'gpp_b': 1.120762271608555e-05, 'gpp_d': 305.19711130787357, 'ign_k': 0.006504887629217335, 'ign_c': 0.17035229943712246, 'trop_agb_crit': 15.388963322120023, 'trop_k_veg': 2.6575925532241635, 'gdp_gamma': 1.1172149448263127, 'fuel_k': 0.043170732231743295, 'fuel_half': 1.74663390398683}. Best is trial 335 with value: -0.6233152110406992.
[I 2026-07-24 02:11:53,110] Trial 781 finished with value: 0.43556333779770195 and parameters: {'k1': 0.0017005512349255885, 'D_low': 13.834603859367705, 'k2': 0.008278519276434922, 'D_high': 1232883.3543385419, 'fire_exp': 1.659376139762559, 'P_half': 565.5163367510986, 'pre_dampen_half': 0.9251559200065095, 'gpp_af': 0.2275916232655893, 'gpp_b': 0.0006982666469042796, 'gpp_d': 73.05535465667955, 'ign_k': 0.0060929302214812455, 'ign_c': 0.14409831074596458, 'trop_agb_crit': 12.309542774475249, 'trop_k_veg': 2.0700163319677274, 'gdp_gamma': 0.7870719431516245, 'fuel_k': 0.03938270906601969, 'fuel_half': 10.892342596041473}. Best is trial 335 with value: -0.6233152110406992.
[I 2026-07-24 02:11:53,560] Trial 782 finished with value: 0.6445374145881376 and parameters: {'k1': 1.3827450641750178e-05, 'D_low': 3.5511120405292274, 'k2': 0.0008858791051050423, 'D_high': 5901709.938047184, 'fire_exp': 6.652062393603446, 'P_half': 39.658746174867666, 'pre_dampen_half': 2.144425794987326, 'gpp_af': 0.0037248806327906097, 'gpp_b': 0.0030336457365419812, 'gpp_d': 46.7094413569945, 'ign_k': 0.1124701660150179, 'ign_c': 189.50841636805134, 'trop_agb_crit': 5.7947919615973165, 'trop_k_veg': 0.5469821222375633, 'gdp_gamma': 0.0053820179868635624, 'fuel_k': 3.7749269728431876, 'fuel_half': 0.4870430617336441}. Best is trial 335 with value: -0.6233152110406992.
[I 2026-07-24 02:11:54,008] Trial 783 finished with value: 0.5784562214010853 and parameters: {'k1': 0.003549854785061448, 'D_low': 1.4445884759395828, 'k2': 0.05413179028052812, 'D_high': 435144.50726763625, 'fire_exp': 3.593736467281259, 'P_half': 79.36842993994222, 'pre_dampen_half': 0.6146677933005131, 'gpp_af': 0.0018366149400846875, 'gpp_b': 0.0002160184133125115, 'gpp_d': 33.90621565970129, 'ign_k': 0.007869247787314923, 'ign_c': 4.377482649190338, 'trop_agb_crit': 1.4482561437625538, 'trop_k_veg': 1.160353764025763, 'gdp_gamma': 0.4391676633371815, 'fuel_k': 0.010937049180980162, 'fuel_half': 59.9949619770941}. Best is trial 335 with value: -0.6233152110406992.
[I 2026-07-24 02:11:54,462] Trial 784 finished with value: 0.5070569392070551 and parameters: {'k1': 2.2415398965340797e-05, 'D_low': 3.0014554466595693, 'k2': 0.0001101696126376755, 'D_high': 789145.0819893252, 'fire_exp': 1.5717621958804693, 'P_half': 1.1595711414836154, 'pre_dampen_half': 815.9485574640647, 'gpp_af': 0.12410487755021891, 'gpp_b': 0.0006207972460727177, 'gpp_d': 83.66161074143474, 'ign_k': 0.002018924189599988, 'ign_c': 56.030290019980434, 'trop_agb_crit': 5.516005809476505, 'trop_k_veg': 2.6302218404147104, 'gdp_gamma': 1.3226021260490406, 'fuel_k': 0.26280261969392404, 'fuel_half': 5.0253750355027025}. Best is trial 335 with value: -0.6233152110406992.
[I 2026-07-24 02:11:54,911] Trial 785 finished with value: 0.5780530011000442 and parameters: {'k1': 0.0028762823665133596, 'D_low': 3403.247844144982, 'k2': 0.08356562403299482, 'D_high': 892701.0401752457, 'fire_exp': 1.9071837898994708, 'P_half': 2240.5062111491666, 'pre_dampen_half': 0.10662957889456122, 'gpp_af': 34.29316745582355, 'gpp_b': 0.0001412236499965238, 'gpp_d': 31.905848966433837, 'ign_k': 0.020918051724471153, 'ign_c': 0.24840857521778367, 'trop_agb_crit': 11.194950134715288, 'trop_k_veg': 4.9880914391910895, 'gdp_gamma': 1.0158461165469355, 'fuel_k': 0.3113243069316194, 'fuel_half': 5.108727017376412}. Best is trial 335 with value: -0.6233152110406992.
[I 2026-07-24 02:11:55,363] Trial 786 finished with value: 0.46135661815567175 and parameters: {'k1': 3.442520780699821e-05, 'D_low': 5.260210533849124, 'k2': 0.0004673328089792506, 'D_high': 103973.36324703942, 'fire_exp': 1.4720804389581166, 'P_half': 3.080464494915513, 'pre_dampen_half': 42.947316986350344, 'gpp_af': 0.09730563370318218, 'gpp_b': 2.9372455057250432e-05, 'gpp_d': 0.36918570168525927, 'ign_k': 0.002021456617726627, 'ign_c': 77.41141267071012, 'trop_agb_crit': 11.841571695552105, 'trop_k_veg': 2.101321009335416, 'gdp_gamma': 1.1528624478018794, 'fuel_k': 0.25910501107262274, 'fuel_half': 26.77741476084434}. Best is trial 335 with value: -0.6233152110406992.
[I 2026-07-24 02:11:55,819] Trial 787 finished with value: 0.5933009746379145 and parameters: {'k1': 0.005875472237461908, 'D_low': 19.0642722117793, 'k2': 0.009235749825849546, 'D_high': 96934.82149823131, 'fire_exp': 3.2777192817737726, 'P_half': 6.637737695177937, 'pre_dampen_half': 92.50500852849636, 'gpp_af': 0.03838326274755649, 'gpp_b': 0.007653882870438959, 'gpp_d': 1.8387948337476416, 'ign_k': 0.006630784431913985, 'ign_c': 98.67882848629785, 'trop_agb_crit': 14.863384946985242, 'trop_k_veg': 2.01255705233442, 'gdp_gamma': 0.053925834769075476, 'fuel_k': 0.4412953728632629, 'fuel_half': 91.1078678246268}. Best is trial 335 with value: -0.6233152110406992.
[I 2026-07-24 02:11:56,274] Trial 788 finished with value: 0.5804143046682527 and parameters: {'k1': 0.004141966360871632, 'D_low': 197.4867062348634, 'k2': 0.007139149396502123, 'D_high': 7630987.958768844, 'fire_exp': 2.0854206682189735, 'P_half': 2205.041569979561, 'pre_dampen_half': 11.438225537165126, 'gpp_af': 0.22277288901030343, 'gpp_b': 0.0002770614023271556, 'gpp_d': 319.99647990482623, 'ign_k': 0.04778743406653554, 'ign_c': 34.66809796033801, 'trop_agb_crit': 22.51366407730101, 'trop_k_veg': 3.2435394806346642, 'gdp_gamma': 0.24238527275319327, 'fuel_k': 0.03197954953769874, 'fuel_half': 85.64375102953757}. Best is trial 335 with value: -0.6233152110406992.
[I 2026-07-24 02:11:56,727] Trial 789 finished with value: 0.570344811554248 and parameters: {'k1': 0.003428996231988423, 'D_low': 6.082944391637972, 'k2': 0.011063473259777405, 'D_high': 39830.74174864462, 'fire_exp': 1.7482474467156275, 'P_half': 1354.747249060907, 'pre_dampen_half': 0.538179184776684, 'gpp_af': 0.036632296337747054, 'gpp_b': 0.00033127717388107636, 'gpp_d': 34.06597011538611, 'ign_k': 0.0020070204904994913, 'ign_c': 16.123071932076673, 'trop_agb_crit': 5.720074125085632, 'trop_k_veg': 0.5327925532492073, 'gdp_gamma': 1.8663293426998226, 'fuel_k': 0.020596477081423814, 'fuel_half': 35.09030516496064}. Best is trial 335 with value: -0.6233152110406992.
[I 2026-07-24 02:11:57,204] Trial 790 finished with value: 0.5462643891064591 and parameters: {'k1': 0.002841282851386492, 'D_low': 42.764924433270956, 'k2': 0.0016836756662922865, 'D_high': 8836874.799943365, 'fire_exp': 1.1533695320660247, 'P_half': 7689.57196421565, 'pre_dampen_half': 0.43819640227543305, 'gpp_af': 21.761178790395444, 'gpp_b': 1.5434652938137736e-05, 'gpp_d': 526.4885607863259, 'ign_k': 0.02438937573316177, 'ign_c': 0.1670826219568929, 'trop_agb_crit': 18.73433891606181, 'trop_k_veg': 2.76430041666942, 'gdp_gamma': 0.9198696208322813, 'fuel_k': 0.2811467583888007, 'fuel_half': 16.863498683313438}. Best is trial 335 with value: -0.6233152110406992.
[I 2026-07-24 02:11:57,665] Trial 791 finished with value: 0.5214840341154483 and parameters: {'k1': 0.00037892406715527363, 'D_low': 1.857879245751924, 'k2': 0.0025259748079484927, 'D_high': 7048809.5892796, 'fire_exp': 2.151981755465213, 'P_half': 2.583341136650338, 'pre_dampen_half': 21.614765975049032, 'gpp_af': 0.0066806565127772895, 'gpp_b': 0.00018986060541591787, 'gpp_d': 0.2366204962299115, 'ign_k': 0.03205219274396539, 'ign_c': 11.995765441472187, 'trop_agb_crit': 1.7706085502065907, 'trop_k_veg': 0.7967407172325466, 'gdp_gamma': 0.03577454879579702, 'fuel_k': 0.046436037135308396, 'fuel_half': 8.970641215933233}. Best is trial 335 with value: -0.6233152110406992.
[I 2026-07-24 02:11:58,120] Trial 792 finished with value: 0.5663626965562418 and parameters: {'k1': 0.009036862429292306, 'D_low': 423.98424324758713, 'k2': 0.007844301001415926, 'D_high': 212097.0952767749, 'fire_exp': 2.0453665771303595, 'P_half': 44.30415017232897, 'pre_dampen_half': 13.425105376124046, 'gpp_af': 1.6705066085693197, 'gpp_b': 2.4037761655497695e-05, 'gpp_d': 148.54962224162549, 'ign_k': 0.05224007172832389, 'ign_c': 0.13334430273022096, 'trop_agb_crit': 15.6594588897247, 'trop_k_veg': 2.5286574419011982, 'gdp_gamma': 0.7726470169438977, 'fuel_k': 0.10358320857974768, 'fuel_half': 5.348142785333373}. Best is trial 335 with value: -0.6233152110406992.
[I 2026-07-24 02:11:58,578] Trial 793 finished with value: 0.5922585752292833 and parameters: {'k1': 0.008577313234868813, 'D_low': 152583.5951276519, 'k2': 0.008975985695126813, 'D_high': 423903.36592196964, 'fire_exp': 1.6157474255711144, 'P_half': 96.9875628767447, 'pre_dampen_half': 1.9625769915243725, 'gpp_af': 0.23292451814093457, 'gpp_b': 0.00015286251686490632, 'gpp_d': 990.7240000758575, 'ign_k': 0.0017791097014004898, 'ign_c': 0.2176132931262894, 'trop_agb_crit': 8.747277290507485, 'trop_k_veg': 1.6116332563823654, 'gdp_gamma': 1.8029428657631963, 'fuel_k': 0.11493728174603773, 'fuel_half': 12.342493731367664}. Best is trial 335 with value: -0.6233152110406992.
[I 2026-07-24 02:11:59,032] Trial 794 finished with value: 0.5460734146856756 and parameters: {'k1': 0.0001733671764941662, 'D_low': 4.8809549409907165, 'k2': 0.011689084195316068, 'D_high': 339985.2169550776, 'fire_exp': 2.898101660675761, 'P_half': 6.986688632299814, 'pre_dampen_half': 0.32894881605087734, 'gpp_af': 0.06356176504632247, 'gpp_b': 4.774343339842138e-05, 'gpp_d': 6.626871070409198, 'ign_k': 0.0013950746402045452, 'ign_c': 2.623883665113209, 'trop_agb_crit': 4.869809841764696, 'trop_k_veg': 1.1081719343046885, 'gdp_gamma': 0.6277039738308029, 'fuel_k': 0.0268452696239449, 'fuel_half': 76.11775493644194}. Best is trial 335 with value: -0.6233152110406992.
[I 2026-07-24 02:11:59,482] Trial 795 finished with value: 0.5743669682457085 and parameters: {'k1': 0.0009310119534049166, 'D_low': 18.072945900322413, 'k2': 0.005499227152160029, 'D_high': 1999724.6032575446, 'fire_exp': 2.177035306588239, 'P_half': 27.186737966071078, 'pre_dampen_half': 309.3296728315819, 'gpp_af': 0.002091411149639839, 'gpp_b': 0.0006537361960055194, 'gpp_d': 1.053296492825786, 'ign_k': 0.0023525255850271845, 'ign_c': 590.143925966695, 'trop_agb_crit': 15.852535198118199, 'trop_k_veg': 1.2369368675035597, 'gdp_gamma': 1.8809699023738358, 'fuel_k': 0.6842778474069078, 'fuel_half': 11.49224046255985}. Best is trial 335 with value: -0.6233152110406992.
[I 2026-07-24 02:11:59,934] Trial 796 finished with value: 0.5758484291566244 and parameters: {'k1': 0.00022790734640920803, 'D_low': 1.7493307393563866, 'k2': 0.011805628139943927, 'D_high': 5625655.817206568, 'fire_exp': 2.2413719628124125, 'P_half': 2.342463470621988, 'pre_dampen_half': 1.3208155760499811, 'gpp_af': 0.0041631276065563745, 'gpp_b': 0.00014208064489559002, 'gpp_d': 4.990185515415834, 'ign_k': 0.05310778196525096, 'ign_c': 49.422784347879954, 'trop_agb_crit': 2.764153971319446, 'trop_k_veg': 1.003711183319517, 'gdp_gamma': 0.44233196161516647, 'fuel_k': 0.05018106946022409, 'fuel_half': 16.127804121585296}. Best is trial 335 with value: -0.6233152110406992.
[I 2026-07-24 02:12:00,441] Trial 797 finished with value: 0.58621381615152 and parameters: {'k1': 9.26280329246455e-05, 'D_low': 8.38701918601449, 'k2': 0.0032336568805593994, 'D_high': 224613.48220643174, 'fire_exp': 5.065205840735908, 'P_half': 113.44343810454544, 'pre_dampen_half': 0.01380934958956551, 'gpp_af': 0.006881272050007177, 'gpp_b': 0.0007104023624204279, 'gpp_d': 0.9814313061781221, 'ign_k': 0.14613554720156097, 'ign_c': 31.158431060881792, 'trop_agb_crit': 14.620664498904118, 'trop_k_veg': 1.3528778504333716, 'gdp_gamma': 0.8394523863499942, 'fuel_k': 0.28822555632395025, 'fuel_half': 31.81293464869268}. Best is trial 335 with value: -0.6233152110406992.
[I 2026-07-24 02:12:00,897] Trial 798 finished with value: 0.5471039791635727 and parameters: {'k1': 0.001125074536336602, 'D_low': 42.97909537529799, 'k2': 0.0005231404416711858, 'D_high': 10062.919298023968, 'fire_exp': 1.5668235649632372, 'P_half': 6.297334738278579, 'pre_dampen_half': 1.4740351625901407, 'gpp_af': 0.0019304654334977938, 'gpp_b': 0.00011734920533692214, 'gpp_d': 4.700634688114166, 'ign_k': 0.006667305640398679, 'ign_c': 77.8918024118557, 'trop_agb_crit': 9.59126411305001, 'trop_k_veg': 1.0684888127416237, 'gdp_gamma': 1.024798462304235, 'fuel_k': 0.026640475255404285, 'fuel_half': 10.678005790840404}. Best is trial 335 with value: -0.6233152110406992.
[I 2026-07-24 02:12:01,358] Trial 799 finished with value: 0.5662337778803512 and parameters: {'k1': 0.028570841921611568, 'D_low': 105.99070280540208, 'k2': 0.00461332873267528, 'D_high': 693941.9265457527, 'fire_exp': 2.1562150441168457, 'P_half': 1126.4193761971549, 'pre_dampen_half': 0.49352594322280574, 'gpp_af': 80.07656226778793, 'gpp_b': 2.1018167546728313e-05, 'gpp_d': 919.1501762345512, 'ign_k': 0.018566693012878326, 'ign_c': 0.2953604599602174, 'trop_agb_crit': 8.046152941418862, 'trop_k_veg': 2.9949842952381402, 'gdp_gamma': 0.5072280957664276, 'fuel_k': 0.021726238530423266, 'fuel_half': 8.332970758442723}. Best is trial 335 with value: -0.6233152110406992.
