[I 2026-06-10 21:29:27,119] Trial 666 finished with values: [10.58253940086666, 10.58253940086666] and parameters: {'k1': 0.012840669372724958, 'D_low': 24.28756508761176, 'k2': 0.0011135501184757278, 'D_high': 8912.611835817017, 'fire_exp': 1.6901885781909627, 'P_half': 61.6097529474144, 'pre_dampen_half': 1.8469033699850426, 'gpp_af': 0.016306190741524337, 'gpp_b': 0.015062722325200045, 'gpp_d': 95.2715755007094, 'ign_k': 0.0029519227433917453, 'ign_c': 132.46527974321125, 'trop_agb_crit': 2.0527418919564324, 'trop_k_veg': 2.520089655463604, 'fire_amp': 5.416595007374148}.
[I 2026-06-10 21:29:29,046] Trial 667 finished with values: [13.290611146478437, 13.290611146478437] and parameters: {'k1': 0.012840669372724958, 'D_low': 171.2446447678494, 'k2': 0.0002442377596403892, 'D_high': 8912.611835817017, 'fire_exp': 1.6901885781909627, 'P_half': 51.10120656497163, 'pre_dampen_half': 189.88136301569827, 'gpp_af': 0.016306190741524337, 'gpp_b': 0.015062722325200045, 'gpp_d': 0.7698760608299932, 'ign_k': 0.17320535908244444, 'ign_c': 14.709699119495124, 'trop_agb_crit': 21.086120736447015, 'trop_k_veg': 2.520089655463604, 'fire_amp': 5.416595007374148}.
[I 2026-06-10 21:29:30,576] Trial 668 finished with values: [14.088113722193437, 14.088113722193437] and parameters: {'k1': 0.08006837661379566, 'D_low': 235.39834531862078, 'k2': 0.0011135501184757278, 'D_high': 44974.07193749848, 'fire_exp': 1.2918065501148304, 'P_half': 61.6097529474144, 'pre_dampen_half': 98.05638874011484, 'gpp_af': 0.016306190741524337, 'gpp_b': 0.0004125336560355494, 'gpp_d': 95.2715755007094, 'ign_k': 0.012566783761977915, 'ign_c': 1.1698039424426816, 'trop_agb_crit': 2.0527418919564324, 'trop_k_veg': 0.828441460847982, 'fire_amp': 1.2393473789150806}.
[I 2026-06-10 21:29:32,027] Trial 669 finished with values: [12.854630373791007, 12.854630373791007] and parameters: {'k1': 0.019518986965599543, 'D_low': 43.2326421037033, 'k2': 2.316457903103837e-05, 'D_high': 42210.21267871043, 'fire_exp': 1.5305744365500176, 'P_half': 9.580682294110435, 'pre_dampen_half': 191.62369310763663, 'gpp_af': 27.448645214004376, 'gpp_b': 0.0004360709560327289, 'gpp_d': 0.7698760608299932, 'ign_k': 0.02779045054796808, 'ign_c': 1.9423015749984096, 'trop_agb_crit': 2.0527418919564324, 'trop_k_veg': 6.778288138489648, 'fire_amp': 1.348912780545359}.
[I 2026-06-10 21:29:35,357] Trial 670 finished with values: [10.73451099473549, 10.73451099473549] and parameters: {'k1': 0.00026539376439360527, 'D_low': 49.539659199197295, 'k2': 0.004679501568332817, 'D_high': 24.9899605789089, 'fire_exp': 1.9783727454920947, 'P_half': 1.4551749476072258, 'pre_dampen_half': 30.456909077772018, 'gpp_af': 3.298293484806585, 'gpp_b': 0.006999112505425414, 'gpp_d': 21.899070557043984, 'ign_k': 0.00660597889201953, 'ign_c': 1.4879588507789996, 'trop_agb_crit': 5.588032458772675, 'trop_k_veg': 1.6648666152166967, 'fire_amp': 1.1655705619308396}.
[I 2026-06-10 21:29:37,868] Trial 671 finished with values: [10.618424204081299, 10.618424204081299] and parameters: {'k1': 0.017276056747028225, 'D_low': 1739.6167422846984, 'k2': 0.02939607009739149, 'D_high': 44974.07193749848, 'fire_exp': 3.2459542834651627, 'P_half': 2.4106893837852787, 'pre_dampen_half': 13.161234383542856, 'gpp_af': 1.7775411110039254, 'gpp_b': 0.16285506249643175, 'gpp_d': 1.8148402127631733, 'ign_k': 3.6309591863459096, 'ign_c': 1.1698039424426816, 'trop_agb_crit': 3.5874145253515306, 'trop_k_veg': 0.6488368931910606, 'fire_amp': 2.818314238665462}.
[I 2026-06-10 21:29:39,676] Trial 672 finished with values: [12.082812020834968, 12.082812020834968] and parameters: {'k1': 0.05705198955850472, 'D_low': 171.2446447678494, 'k2': 0.0011135501184757278, 'D_high': 42210.21267871043, 'fire_exp': 3.2459542834651627, 'P_half': 101.40635645866499, 'pre_dampen_half': 98.05638874011484, 'gpp_af': 0.016306190741524337, 'gpp_b': 0.0004125336560355494, 'gpp_d': 95.2715755007094, 'ign_k': 3.6309591863459096, 'ign_c': 1.9423015749984096, 'trop_agb_crit': 2.0527418919564324, 'trop_k_veg': 2.520089655463604, 'fire_amp': 1.2393473789150806}.
[I 2026-06-10 21:29:41,416] Trial 673 finished with values: [10.986633581718426, 10.986633581718426] and parameters: {'k1': 0.012840669372724958, 'D_low': 171.2446447678494, 'k2': 8.968733598183248e-05, 'D_high': 24.9899605789089, 'fire_exp': 1.111738490499784, 'P_half': 9.580682294110435, 'pre_dampen_half': 189.36639872354493, 'gpp_af': 0.8571213555597653, 'gpp_b': 0.0004125336560355494, 'gpp_d': 0.030844007727232167, 'ign_k': 0.00660597889201953, 'ign_c': 1.4879588507789996, 'trop_agb_crit': 21.086120736447015, 'trop_k_veg': 1.056284487623406, 'fire_amp': 1.2393473789150806}.
[I 2026-06-10 21:29:43,190] Trial 674 finished with values: [10.75264652686083, 10.75264652686083] and parameters: {'k1': 0.05705198955850472, 'D_low': 1739.6167422846984, 'k2': 0.01567230746060024, 'D_high': 69868.4759244566, 'fire_exp': 1.9783727454920947, 'P_half': 1.4551749476072258, 'pre_dampen_half': 30.456909077772018, 'gpp_af': 0.07118041471054574, 'gpp_b': 0.16285506249643175, 'gpp_d': 95.2715755007094, 'ign_k': 3.6309591863459096, 'ign_c': 2.2489542843914485, 'trop_agb_crit': 5.588032458772675, 'trop_k_veg': 2.724170387400844, 'fire_amp': 2.818314238665462}.
[I 2026-06-10 21:29:44,937] Trial 675 finished with values: [10.58082160972111, 10.58082160972111] and parameters: {'k1': 0.016973078532467004, 'D_low': 24.28756508761176, 'k2': 0.01567230746060024, 'D_high': 44974.07193749848, 'fire_exp': 3.2459542834651627, 'P_half': 51.10120656497163, 'pre_dampen_half': 1.8469033699850426, 'gpp_af': 1.7775411110039254, 'gpp_b': 0.16285506249643175, 'gpp_d': 20.81401325574021, 'ign_k': 0.17320535908244444, 'ign_c': 14.709699119495124, 'trop_agb_crit': 3.5874145253515306, 'trop_k_veg': 0.6488368931910606, 'fire_amp': 5.416595007374148}.
[I 2026-06-10 21:29:46,608] Trial 676 finished with values: [10.26945529335932, 10.26945529335932] and parameters: {'k1': 0.016973078532467004, 'D_low': 24.28756508761176, 'k2': 4.69955602109909e-05, 'D_high': 8912.611835817017, 'fire_exp': 1.6901885781909627, 'P_half': 101.40635645866499, 'pre_dampen_half': 1.8469033699850426, 'gpp_af': 1.7775411110039254, 'gpp_b': 0.015062722325200045, 'gpp_d': 95.2715755007094, 'ign_k': 0.8861249804463233, 'ign_c': 1.1698039424426816, 'trop_agb_crit': 24.199763404822136, 'trop_k_veg': 0.6488368931910606, 'fire_amp': 5.416595007374148}.
[I 2026-06-10 21:29:48,201] Trial 677 finished with values: [10.821009233405755, 10.821009233405755] and parameters: {'k1': 0.0008779848797373387, 'D_low': 171.2446447678494, 'k2': 0.0011135501184757278, 'D_high': 8912.611835817017, 'fire_exp': 7.2911675360216615, 'P_half': 61.6097529474144, 'pre_dampen_half': 4.603480758878793, 'gpp_af': 0.016306190741524337, 'gpp_b': 0.0004125336560355494, 'gpp_d': 0.7698760608299932, 'ign_k': 0.17320535908244444, 'ign_c': 14.709699119495124, 'trop_agb_crit': 2.090022519022788, 'trop_k_veg': 5.453348988480011, 'fire_amp': 5.606809127618709}.
[I 2026-06-10 21:29:50,355] Trial 678 finished with values: [10.095866150932244, 10.095866150932244] and parameters: {'k1': 5.178197947282869e-05, 'D_low': 2.414672422128219, 'k2': 1.2432381951316053e-05, 'D_high': 24.9899605789089, 'fire_exp': 1.7505406131449859, 'P_half': 9.580682294110435, 'pre_dampen_half': 189.36639872354493, 'gpp_af': 3.298293484806585, 'gpp_b': 0.002416023630607169, 'gpp_d': 21.899070557043984, 'ign_k': 0.00660597889201953, 'ign_c': 1.4879588507789996, 'trop_agb_crit': 21.086120736447015, 'trop_k_veg': 1.6648666152166967, 'fire_amp': 1.1655705619308396}.
[I 2026-06-10 21:29:52,020] Trial 679 finished with values: [10.575535002649053, 10.575535002649053] and parameters: {'k1': 0.017276056747028225, 'D_low': 1739.6167422846984, 'k2': 0.02939607009739149, 'D_high': 44974.07193749848, 'fire_exp': 3.2459542834651627, 'P_half': 369.7311160925241, 'pre_dampen_half': 98.05638874011484, 'gpp_af': 1.7775411110039254, 'gpp_b': 0.16285506249643175, 'gpp_d': 95.2715755007094, 'ign_k': 3.6309591863459096, 'ign_c': 2.2489542843914485, 'trop_agb_crit': 3.5874145253515306, 'trop_k_veg': 0.6488368931910606, 'fire_amp': 2.818314238665462}.
[I 2026-06-10 21:29:53,962] Trial 680 finished with values: [10.73070061345604, 10.73070061345604] and parameters: {'k1': 0.012840669372724958, 'D_low': 24.28756508761176, 'k2': 2.091507303847255e-05, 'D_high': 29.126651668813768, 'fire_exp': 1.6901885781909627, 'P_half': 101.40635645866499, 'pre_dampen_half': 1.8469033699850426, 'gpp_af': 1.7775411110039254, 'gpp_b': 0.002416023630607169, 'gpp_d': 0.7698760608299932, 'ign_k': 0.17320535908244444, 'ign_c': 7.832259769732471, 'trop_agb_crit': 24.199763404822136, 'trop_k_veg': 2.6914360459288678, 'fire_amp': 1.1655705619308396}.
[I 2026-06-10 21:29:55,819] Trial 681 finished with values: [10.814779183776542, 10.814779183776542] and parameters: {'k1': 0.00026539376439360527, 'D_low': 153.74098204111448, 'k2': 0.00037358626308127543, 'D_high': 8912.611835817017, 'fire_exp': 1.9783727454920947, 'P_half': 1.4551749476072258, 'pre_dampen_half': 0.14445596525544369, 'gpp_af': 1.3954498518315706, 'gpp_b': 0.015062722325200045, 'gpp_d': 0.09467055845337147, 'ign_k': 0.09256855841989636, 'ign_c': 7.832259769732471, 'trop_agb_crit': 24.199763404822136, 'trop_k_veg': 1.6648666152166967, 'fire_amp': 5.606809127618709}.
[I 2026-06-10 21:29:57,471] Trial 682 finished with values: [10.821094027043348, 10.821094027043348] and parameters: {'k1': 0.0001887567630782227, 'D_low': 1079.0778643024298, 'k2': 4.933751600448335e-05, 'D_high': 42.242359735170886, 'fire_exp': 1.9136159174067866, 'P_half': 101.40635645866499, 'pre_dampen_half': 98.05638874011484, 'gpp_af': 0.0900595929114129, 'gpp_b': 1.8400604093141188, 'gpp_d': 47.35384181058586, 'ign_k': 3.6309591863459096, 'ign_c': 1.1698039424426816, 'trop_agb_crit': 8.0091368834625, 'trop_k_veg': 1.6003641872536711, 'fire_amp': 4.2446263054164195}.
[I 2026-06-10 21:29:58,956] Trial 683 finished with values: [10.811953709043207, 10.811953709043207] and parameters: {'k1': 0.00026539376439360527, 'D_low': 427.93836042014675, 'k2': 1.1417577140741129e-05, 'D_high': 29.126651668813768, 'fire_exp': 3.2459542834651627, 'P_half': 61.6097529474144, 'pre_dampen_half': 30.456909077772018, 'gpp_af': 1.3954498518315706, 'gpp_b': 0.0004125336560355494, 'gpp_d': 0.7698760608299932, 'ign_k': 0.0029519227433917453, 'ign_c': 7.832259769732471, 'trop_agb_crit': 1.8023542850487386, 'trop_k_veg': 1.6648666152166967, 'fire_amp': 2.901299101737137}.
[I 2026-06-10 21:30:00,911] Trial 684 finished with values: [10.794952731639725, 10.794952731639725] and parameters: {'k1': 0.012840669372724958, 'D_low': 1739.6167422846984, 'k2': 2.316457903103837e-05, 'D_high': 970.6606756877612, 'fire_exp': 3.2459542834651627, 'P_half': 10.94496366796197, 'pre_dampen_half': 98.05638874011484, 'gpp_af': 27.448645214004376, 'gpp_b': 0.16285506249643175, 'gpp_d': 95.2715755007094, 'ign_k': 0.02779045054796808, 'ign_c': 2.2489542843914485, 'trop_agb_crit': 2.0527418919564324, 'trop_k_veg': 0.6488368931910606, 'fire_amp': 1.2393473789150806}.
[I 2026-06-10 21:30:02,868] Trial 685 finished with values: [10.097005860510333, 10.097005860510333] and parameters: {'k1': 0.012840669372724958, 'D_low': 171.2446447678494, 'k2': 0.0011135501184757278, 'D_high': 42210.21267871043, 'fire_exp': 1.2918065501148304, 'P_half': 61.6097529474144, 'pre_dampen_half': 4.603480758878793, 'gpp_af': 0.016306190741524337, 'gpp_b': 0.0004125336560355494, 'gpp_d': 0.7698760608299932, 'ign_k': 0.0029519227433917453, 'ign_c': 1.9423015749984096, 'trop_agb_crit': 28.779217872092953, 'trop_k_veg': 0.828441460847982, 'fire_amp': 1.4357291436937847}.
[I 2026-06-10 21:30:05,377] Trial 686 finished with values: [10.018265951563334, 10.018265951563334] and parameters: {'k1': 0.00026539376439360527, 'D_low': 1074.940539517341, 'k2': 1.1417577140741129e-05, 'D_high': 35.136541394511, 'fire_exp': 1.9783727454920947, 'P_half': 1.4551749476072258, 'pre_dampen_half': 30.456909077772018, 'gpp_af': 0.07118041471054574, 'gpp_b': 0.006999112505425414, 'gpp_d': 47.35384181058586, 'ign_k': 0.09256855841989636, 'ign_c': 0.6960633318526378, 'trop_agb_crit': 5.588032458772675, 'trop_k_veg': 2.724170387400844, 'fire_amp': 5.44779717154213}.
[I 2026-06-10 21:30:07,820] Trial 687 finished with values: [-0.3260066732256745, 0.010379136422103752] and parameters: {'k1': 0.05705198955850472, 'D_low': 1739.6167422846984, 'k2': 0.01567230746060024, 'D_high': 44974.07193749848, 'fire_exp': 3.2459542834651627, 'P_half': 101.40635645866499, 'pre_dampen_half': 98.05638874011484, 'gpp_af': 1.7775411110039254, 'gpp_b': 0.16285506249643175, 'gpp_d': 29.9035514860849, 'ign_k': 3.6309591863459096, 'ign_c': 2.2489542843914485, 'trop_agb_crit': 3.5874145253515306, 'trop_k_veg': 0.6488368931910606, 'fire_amp': 2.818314238665462}.
[I 2026-06-10 21:30:10,215] Trial 688 finished with values: [10.276312206255906, 10.276312206255906] and parameters: {'k1': 0.016973078532467004, 'D_low': 408.3047491580097, 'k2': 4.933751600448335e-05, 'D_high': 29.126651668813768, 'fire_exp': 1.7792742686803427, 'P_half': 9.580682294110435, 'pre_dampen_half': 189.36639872354493, 'gpp_af': 3.298293484806585, 'gpp_b': 0.00047819318414852577, 'gpp_d': 0.030844007727232167, 'ign_k': 0.00660597889201953, 'ign_c': 4.142619760188259, 'trop_agb_crit': 21.086120736447015, 'trop_k_veg': 0.6363741063482814, 'fire_amp': 1.5587346124822492}.
[I 2026-06-10 21:30:12,864] Trial 689 finished with values: [11.331542517359983, 11.331542517359983] and parameters: {'k1': 0.012840669372724958, 'D_low': 43.2326421037033, 'k2': 1.1417577140741129e-05, 'D_high': 42.242359735170886, 'fire_exp': 1.633445707733642, 'P_half': 157.3644610977214, 'pre_dampen_half': 37.40930273158252, 'gpp_af': 1.9998014714101113, 'gpp_b': 0.002416023630607169, 'gpp_d': 594.7389794988394, 'ign_k': 0.8945150807271531, 'ign_c': 7.832259769732471, 'trop_agb_crit': 2.1989086830950257, 'trop_k_veg': 1.6003641872536711, 'fire_amp': 1.5587346124822492}.
[I 2026-06-10 21:30:15,114] Trial 690 finished with values: [10.486210173723737, 10.486210173723737] and parameters: {'k1': 9.293516267059069e-05, 'D_low': 51.61767747867285, 'k2': 1.1417577140741129e-05, 'D_high': 29.126651668813768, 'fire_exp': 1.6901885781909627, 'P_half': 93.43302657318476, 'pre_dampen_half': 857.6556763881457, 'gpp_af': 20.12115544906385, 'gpp_b': 0.0004360709560327289, 'gpp_d': 0.030844007727232167, 'ign_k': 0.17320535908244444, 'ign_c': 14.709699119495124, 'trop_agb_crit': 1.8023542850487386, 'trop_k_veg': 5.453348988480011, 'fire_amp': 3.617425524369146}.
[I 2026-06-10 21:30:17,453] Trial 691 finished with values: [10.833333332159754, 10.833333332159754] and parameters: {'k1': 0.006079905434073396, 'D_low': 2.843767489444367, 'k2': 4.933751600448335e-05, 'D_high': 27.55546207779663, 'fire_exp': 1.7792742686803427, 'P_half': 51.10120656497163, 'pre_dampen_half': 37.40930273158252, 'gpp_af': 20.12115544906385, 'gpp_b': 0.015062722325200045, 'gpp_d': 594.7389794988394, 'ign_k': 0.8945150807271531, 'ign_c': 388.02797007866826, 'trop_agb_crit': 5.335241529707116, 'trop_k_veg': 1.2749676887479542, 'fire_amp': 1.5587346124822492}.
[I 2026-06-10 21:30:19,667] Trial 692 finished with values: [10.831488697725845, 10.831488697725845] and parameters: {'k1': 5.178197947282869e-05, 'D_low': 1739.6167422846984, 'k2': 8.968733598183248e-05, 'D_high': 24.9899605789089, 'fire_exp': 1.7505406131449859, 'P_half': 101.40635645866499, 'pre_dampen_half': 189.88136301569827, 'gpp_af': 14.161176080022173, 'gpp_b': 0.16285506249643175, 'gpp_d': 95.2715755007094, 'ign_k': 0.00660597889201953, 'ign_c': 2.2489542843914485, 'trop_agb_crit': 21.086120736447015, 'trop_k_veg': 0.6488368931910606, 'fire_amp': 3.457960730172751}.
[I 2026-06-10 21:30:21,670] Trial 693 finished with values: [10.75876873275603, 10.75876873275603] and parameters: {'k1': 0.012840669372724958, 'D_low': 427.93836042014675, 'k2': 0.0011135501184757278, 'D_high': 42210.21267871043, 'fire_exp': 3.2459542834651627, 'P_half': 61.6097529474144, 'pre_dampen_half': 4.603480758878793, 'gpp_af': 90.42322003557416, 'gpp_b': 0.0004125336560355494, 'gpp_d': 0.7698760608299932, 'ign_k': 0.0029519227433917453, 'ign_c': 0.32627001117104587, 'trop_agb_crit': 2.0527418919564324, 'trop_k_veg': 2.520089655463604, 'fire_amp': 2.818314238665462}.
[I 2026-06-10 21:30:23,720] Trial 694 finished with values: [10.022830406374132, 10.022830406374132] and parameters: {'k1': 0.016973078532467004, 'D_low': 37.13474360443033, 'k2': 2.6087868551829077e-05, 'D_high': 42.242359735170886, 'fire_exp': 1.111738490499784, 'P_half': 51.10120656497163, 'pre_dampen_half': 1.8469033699850426, 'gpp_af': 1.9654778690222015, 'gpp_b': 0.00047819318414852577, 'gpp_d': 0.030844007727232167, 'ign_k': 0.002357279455676982, 'ign_c': 0.17036120617148395, 'trop_agb_crit': 21.086120736447015, 'trop_k_veg': 0.6363741063482814, 'fire_amp': 5.416595007374148}.
[I 2026-06-10 21:30:25,892] Trial 695 finished with values: [10.019234810650978, 10.019234810650978] and parameters: {'k1': 0.016973078532467004, 'D_low': 171.2446447678494, 'k2': 0.0011135501184757278, 'D_high': 8912.611835817017, 'fire_exp': 1.6901885781909627, 'P_half': 61.6097529474144, 'pre_dampen_half': 4.603480758878793, 'gpp_af': 20.12115544906385, 'gpp_b': 0.015062722325200045, 'gpp_d': 20.81401325574021, 'ign_k': 0.7895056976009632, 'ign_c': 14.709699119495124, 'trop_agb_crit': 24.199763404822136, 'trop_k_veg': 2.520089655463604, 'fire_amp': 1.2393473789150806}.
[I 2026-06-10 21:30:27,837] Trial 696 finished with values: [13.571388826485489, 13.571388826485489] and parameters: {'k1': 0.016973078532467004, 'D_low': 50.32059347286801, 'k2': 1.1417577140741129e-05, 'D_high': 2058.484816788601, 'fire_exp': 1.9783727454920947, 'P_half': 1.4551749476072258, 'pre_dampen_half': 189.88136301569827, 'gpp_af': 0.8594202650742228, 'gpp_b': 0.006999112505425414, 'gpp_d': 1.4397852866783676, 'ign_k': 0.13500744867919376, 'ign_c': 7.832259769732471, 'trop_agb_crit': 1.8023542850487386, 'trop_k_veg': 1.6648666152166967, 'fire_amp': 4.2446263054164195}.
[I 2026-06-10 21:30:29,661] Trial 697 finished with values: [10.81543998365914, 10.81543998365914] and parameters: {'k1': 0.0012752949611679993, 'D_low': 1074.940539517341, 'k2': 1.1417577140741129e-05, 'D_high': 8440.303958079088, 'fire_exp': 1.633445707733642, 'P_half': 61.6097529474144, 'pre_dampen_half': 0.23485690470339216, 'gpp_af': 3.298293484806585, 'gpp_b': 0.006999112505425414, 'gpp_d': 0.7698760608299932, 'ign_k': 0.09256855841989636, 'ign_c': 7.832259769732471, 'trop_agb_crit': 1.8023542850487386, 'trop_k_veg': 1.6648666152166967, 'fire_amp': 1.2393473789150806}.
[I 2026-06-10 21:30:31,614] Trial 698 finished with values: [14.228004253000648, 14.228004253000648] and parameters: {'k1': 0.012840669372724958, 'D_low': 408.3047491580097, 'k2': 0.0011135501184757278, 'D_high': 99461.47674311613, 'fire_exp': 1.7505406131449859, 'P_half': 61.6097529474144, 'pre_dampen_half': 98.05638874011484, 'gpp_af': 1.7775411110039254, 'gpp_b': 0.002416023630607169, 'gpp_d': 0.7698760608299932, 'ign_k': 0.00660597889201953, 'ign_c': 1.4879588507789996, 'trop_agb_crit': 2.0527418919564324, 'trop_k_veg': 2.520089655463604, 'fire_amp': 2.818314238665462}.
[I 2026-06-10 21:30:34,568] Trial 699 finished with values: [10.185243461014643, 10.185243461014643] and parameters: {'k1': 0.012840669372724958, 'D_low': 408.3047491580097, 'k2': 2.316457903103837e-05, 'D_high': 20.78152796466981, 'fire_exp': 1.2918065501148304, 'P_half': 2.2010656610055808, 'pre_dampen_half': 189.36639872354493, 'gpp_af': 27.448645214004376, 'gpp_b': 0.002416023630607169, 'gpp_d': 0.030844007727232167, 'ign_k': 0.02779045054796808, 'ign_c': 1.9423015749984096, 'trop_agb_crit': 21.086120736447015, 'trop_k_veg': 2.520089655463604, 'fire_amp': 1.1655705619308396}.
[I 2026-06-10 21:30:36,609] Trial 700 finished with values: [-0.4284689742715535, 0.04691398050126572] and parameters: {'k1': 0.012840669372724958, 'D_low': 408.3047491580097, 'k2': 1.1417577140741129e-05, 'D_high': 29.126651668813768, 'fire_exp': 1.633445707733642, 'P_half': 9.580682294110435, 'pre_dampen_half': 189.36639872354493, 'gpp_af': 3.298293484806585, 'gpp_b': 0.002416023630607169, 'gpp_d': 0.7698760608299932, 'ign_k': 0.00660597889201953, 'ign_c': 7.832259769732471, 'trop_agb_crit': 2.1989086830950257, 'trop_k_veg': 1.6648666152166967, 'fire_amp': 1.1655705619308396}.
[I 2026-06-10 21:30:38,612] Trial 701 finished with values: [10.27851929269755, 10.27851929269755] and parameters: {'k1': 0.006079905434073396, 'D_low': 43.2326421037033, 'k2': 8.968733598183248e-05, 'D_high': 29.126651668813768, 'fire_exp': 1.7792742686803427, 'P_half': 157.3644610977214, 'pre_dampen_half': 37.40930273158252, 'gpp_af': 1.9998014714101113, 'gpp_b': 0.002416023630607169, 'gpp_d': 594.7389794988394, 'ign_k': 0.8945150807271531, 'ign_c': 0.17036120617148395, 'trop_agb_crit': 8.0091368834625, 'trop_k_veg': 0.5183533149347164, 'fire_amp': 1.147839669817869}.
[I 2026-06-10 21:30:40,583] Trial 702 finished with values: [10.833326011235608, 10.833326011235608] and parameters: {'k1': 5.178197947282869e-05, 'D_low': 408.3047491580097, 'k2': 2.316457903103837e-05, 'D_high': 42210.21267871043, 'fire_exp': 7.837740398103447, 'P_half': 9.580682294110435, 'pre_dampen_half': 4.603480758878793, 'gpp_af': 27.448645214004376, 'gpp_b': 0.00047819318414852577, 'gpp_d': 21.899070557043984, 'ign_k': 0.02779045054796808, 'ign_c': 1.4879588507789996, 'trop_agb_crit': 21.086120736447015, 'trop_k_veg': 2.520089655463604, 'fire_amp': 1.2393473789150806}.
