[I 2026-08-19 17:28:06,814] Trial 1072 finished with value: 0.46822957319987846 and parameters: {'k1': 0.01871432144458918, 'D_low': 6.0513520271033245, 'k2': 0.008746057780074786, 'D_high': 1422557.8107833741, 'fire_exp': 4.242035090234911, 'P_half': 42.34645141363957, 'pre_dampen_half': 1.8735934489947967, 'gpp_af': 0.013866550387942501, 'gpp_b': 0.0003679885037053785, 'gpp_d': 208.11170245012335, 'ign_k': 0.6064494152601998, 'ign_c': 1.7195430114014822, 'trop_agb_crit': 19.751242920447144, 'trop_k_veg': 1.2754031821933807, 'pop_amp': 0.0889742492212535, 'pop_peak': 0.15296934446917837, 'pop_sig': 0.6125342736244467, 'fuel_k': 0.12903217279608295, 'fuel_half': 0.12705517473333608}. Best is trial 0 with value: -0.6094076133578652.
[I 2026-08-19 17:28:08,565] Trial 1073 finished with value: 0.5489231010720953 and parameters: {'k1': 2.0140348248700605e-05, 'D_low': 3.7130853647226725, 'k2': 0.03731519297160241, 'D_high': 474148.2738723669, 'fire_exp': 1.3832134733770833, 'P_half': 190.25720392690187, 'pre_dampen_half': 0.8045469981653777, 'gpp_af': 0.0015969180313313935, 'gpp_b': 9.289540068744035e-05, 'gpp_d': 265.96440835819305, 'ign_k': 0.16975461384903565, 'ign_c': 28.590749882381605, 'trop_agb_crit': 4.658805803263073, 'trop_k_veg': 1.4410016504251022, 'pop_amp': 0.9177588919794636, 'pop_peak': 56.143461909527296, 'pop_sig': 1.7761292300935916, 'fuel_k': 0.4071200691462716, 'fuel_half': 0.24875251076428231}. Best is trial 0 with value: -0.6094076133578652.
[I 2026-08-19 17:28:10,458] Trial 1074 finished with value: 0.5074412710108631 and parameters: {'k1': 0.016003070215761864, 'D_low': 118.7838844274457, 'k2': 0.0012984563925547568, 'D_high': 716001.9655725356, 'fire_exp': 3.3653530476847853, 'P_half': 42.32022885175062, 'pre_dampen_half': 10.271888885195846, 'gpp_af': 0.0432183654155524, 'gpp_b': 0.0003484804168117301, 'gpp_d': 212.8553844627547, 'ign_k': 0.6218943324456279, 'ign_c': 0.45750802945837216, 'trop_agb_crit': 23.158816621453763, 'trop_k_veg': 7.487922866401024, 'pop_amp': 0.04782241258535513, 'pop_peak': 0.20471476860599377, 'pop_sig': 0.8119765330216965, 'fuel_k': 2.848542519524603, 'fuel_half': 0.3966013392027978}. Best is trial 0 with value: -0.6094076133578652.
[I 2026-08-19 17:28:12,258] Trial 1075 finished with value: 0.5940072148987239 and parameters: {'k1': 0.0022172637549427755, 'D_low': 18.273497510312293, 'k2': 0.0022654836086134587, 'D_high': 5584953.554665306, 'fire_exp': 5.033320843109018, 'P_half': 8.2024271056497, 'pre_dampen_half': 2.899929615281014, 'gpp_af': 0.01311579695010482, 'gpp_b': 0.008620760443117107, 'gpp_d': 698.401892461104, 'ign_k': 0.03415679448715349, 'ign_c': 0.1928280119936775, 'trop_agb_crit': 29.33875083486347, 'trop_k_veg': 3.019597221585624, 'pop_amp': 0.006014046104623613, 'pop_peak': 0.10192078123687434, 'pop_sig': 0.9688405253686063, 'fuel_k': 0.3843067936580937, 'fuel_half': 0.5505501526507631}. Best is trial 0 with value: -0.6094076133578652.
  trial 1076/2500  best_overall=0.6094  (29.8 min)
[I 2026-08-19 17:28:14,531] Trial 1076 finished with value: 0.44649322945094005 and parameters: {'k1': 0.01655718164870523, 'D_low': 1.9472139117454983, 'k2': 0.0010341573004132455, 'D_high': 349192.53434450657, 'fire_exp': 4.194140460249006, 'P_half': 8.714374222075685, 'pre_dampen_half': 0.2407040469695591, 'gpp_af': 0.007094798411899054, 'gpp_b': 0.0024171545873059724, 'gpp_d': 350.5639939651444, 'ign_k': 1.1465966707895994, 'ign_c': 0.19617615688465515, 'trop_agb_crit': 12.459423904315372, 'trop_k_veg': 6.067676362053529, 'pop_amp': 0.25098600580070424, 'pop_peak': 0.3173939107230217, 'pop_sig': 0.3427223567194921, 'fuel_k': 5.999404956670495, 'fuel_half': 0.12895566734618188}. Best is trial 0 with value: -0.6094076133578652.
[I 2026-08-19 17:28:17,017] Trial 1077 finished with value: -0.5751719182644666 and parameters: {'k1': 0.0004464992529764523, 'D_low': 64.60012557160292, 'k2': 0.013498814655578456, 'D_high': 306405.6069641863, 'fire_exp': 2.6702121488339077, 'P_half': 1.425626897042651, 'pre_dampen_half': 59.0452169129002, 'gpp_af': 0.0015598309954729253, 'gpp_b': 0.0002962090831020863, 'gpp_d': 346.22809597120346, 'ign_k': 0.4167335363406053, 'ign_c': 19.128992632725847, 'trop_agb_crit': 29.132968305080716, 'trop_k_veg': 3.433234041733848, 'pop_amp': 0.002047064762753308, 'pop_peak': 0.267669852937419, 'pop_sig': 0.6302916022668077, 'fuel_k': 2.368325426125722, 'fuel_half': 3.5526675656901205}. Best is trial 0 with value: -0.6094076133578652.
[I 2026-08-19 17:28:19,024] Trial 1078 finished with value: -0.5894357585438936 and parameters: {'k1': 0.0021304256747101354, 'D_low': 125.52176859414377, 'k2': 0.0006081987614857419, 'D_high': 3426483.860185113, 'fire_exp': 2.7633210280148433, 'P_half': 9.146834328550224, 'pre_dampen_half': 3.6116497019715434, 'gpp_af': 0.06814733641243022, 'gpp_b': 0.0009232464967974323, 'gpp_d': 490.88292099386894, 'ign_k': 0.37370939165608863, 'ign_c': 0.11025791425022197, 'trop_agb_crit': 13.722191204165908, 'trop_k_veg': 0.9090493503048894, 'pop_amp': 0.06038927041077677, 'pop_peak': 0.7701352777554648, 'pop_sig': 0.6384406241888931, 'fuel_k': 0.17676246136188772, 'fuel_half': 0.18047765142977892}. Best is trial 0 with value: -0.6094076133578652.
[I 2026-08-19 17:28:20,864] Trial 1079 finished with value: -0.5458915650187051 and parameters: {'k1': 0.028322203948431893, 'D_low': 567.4460947231229, 'k2': 0.03810234819339477, 'D_high': 3877219.094456516, 'fire_exp': 8.606031348106026, 'P_half': 29.22476618349553, 'pre_dampen_half': 12.323345154548704, 'gpp_af': 0.2731964861077048, 'gpp_b': 0.00017303769648805136, 'gpp_d': 0.9802815904035245, 'ign_k': 3.7442608821054195, 'ign_c': 6.866756563700607, 'trop_agb_crit': 2.378934193829938, 'trop_k_veg': 2.6495158107287975, 'pop_amp': 1.9780585619410853, 'pop_peak': 225.08139898235842, 'pop_sig': 0.6213551455786036, 'fuel_k': 0.012179062066743034, 'fuel_half': 0.8000882430969116}. Best is trial 0 with value: -0.6094076133578652.
[I 2026-08-19 17:28:22,630] Trial 1080 finished with value: 0.4233066377332031 and parameters: {'k1': 0.00025989570391680896, 'D_low': 812.3962607431147, 'k2': 0.031866874682616265, 'D_high': 2505872.5239281263, 'fire_exp': 1.1471479669758209, 'P_half': 3.594257372401803, 'pre_dampen_half': 9.370936640783524, 'gpp_af': 0.05291899418926946, 'gpp_b': 0.005145281676565662, 'gpp_d': 345.060403377737, 'ign_k': 0.17885938669218715, 'ign_c': 0.11056792438460468, 'trop_agb_crit': 11.61879596953484, 'trop_k_veg': 0.9984922863551565, 'pop_amp': 0.19496542340640607, 'pop_peak': 0.24639662888749345, 'pop_sig': 2.378066859771389, 'fuel_k': 0.05682225483779851, 'fuel_half': 18.362075261520733}. Best is trial 0 with value: -0.6094076133578652.
[I 2026-08-19 17:28:24,319] Trial 1081 finished with value: 0.5611528473887308 and parameters: {'k1': 0.008877089716554076, 'D_low': 2.0506126244625356, 'k2': 0.003966085795547835, 'D_high': 479007.71181026695, 'fire_exp': 4.010192578234918, 'P_half': 3.4140895277044243, 'pre_dampen_half': 19.439950754399053, 'gpp_af': 0.0825513153062659, 'gpp_b': 5.821236856205379e-05, 'gpp_d': 387.25984077693016, 'ign_k': 0.21829297345040075, 'ign_c': 0.14951399472899105, 'trop_agb_crit': 28.255616331167722, 'trop_k_veg': 1.802734020768583, 'pop_amp': 0.8318782562356868, 'pop_peak': 0.33934697601082725, 'pop_sig': 0.5283107646053017, 'fuel_k': 3.898748732907077, 'fuel_half': 0.9220814791163511}. Best is trial 0 with value: -0.6094076133578652.
[I 2026-08-19 17:28:26,004] Trial 1082 finished with value: 0.5106979090050928 and parameters: {'k1': 0.0014396707214976876, 'D_low': 25.631404177745747, 'k2': 0.009203306470446227, 'D_high': 8262787.5338968085, 'fire_exp': 4.646506874956905, 'P_half': 119.25257098068245, 'pre_dampen_half': 4.04110827476665, 'gpp_af': 0.15306286383262985, 'gpp_b': 0.0013113323110596636, 'gpp_d': 312.8228336468932, 'ign_k': 0.35122795584070166, 'ign_c': 0.14887553094791323, 'trop_agb_crit': 13.30196117234231, 'trop_k_veg': 0.6873662627237115, 'pop_amp': 0.08823933245451926, 'pop_peak': 0.858589321416653, 'pop_sig': 0.2653805101967352, 'fuel_k': 0.08395799327346289, 'fuel_half': 0.3914574068600397}. Best is trial 0 with value: -0.6094076133578652.
[I 2026-08-19 17:28:27,721] Trial 1083 finished with value: 0.5524769436419977 and parameters: {'k1': 5.4659459033963557e-05, 'D_low': 744.3409284380235, 'k2': 0.073771955810412, 'D_high': 5292004.028222267, 'fire_exp': 2.109649578176597, 'P_half': 2.6087934953187415, 'pre_dampen_half': 0.5775061146045246, 'gpp_af': 0.07844867519183617, 'gpp_b': 0.0012065080281733385, 'gpp_d': 758.3219308352762, 'ign_k': 0.003245049235842442, 'ign_c': 0.239022017504954, 'trop_agb_crit': 25.556660908117948, 'trop_k_veg': 1.3673064146152767, 'pop_amp': 0.1247788004309586, 'pop_peak': 2.0875334434076134, 'pop_sig': 0.3953044741297924, 'fuel_k': 2.0513962431132993, 'fuel_half': 0.34772963811659124}. Best is trial 0 with value: -0.6094076133578652.
[I 2026-08-19 17:28:29,373] Trial 1084 finished with value: 0.43140689290983203 and parameters: {'k1': 0.00029257642088372166, 'D_low': 13368.026086104372, 'k2': 0.0002949928254362289, 'D_high': 418801.1323860463, 'fire_exp': 2.533606405604793, 'P_half': 19.25195356572245, 'pre_dampen_half': 0.9699549069174507, 'gpp_af': 0.1268440016296692, 'gpp_b': 0.0024837838785740857, 'gpp_d': 528.0439291246227, 'ign_k': 0.3066334211395637, 'ign_c': 0.3303536225189483, 'trop_agb_crit': 27.597299635942253, 'trop_k_veg': 5.456296760727831, 'pop_amp': 0.4458775436379584, 'pop_peak': 0.0655160318206492, 'pop_sig': 0.6188463375372419, 'fuel_k': 2.6313343461043956, 'fuel_half': 0.11963535716060339}. Best is trial 0 with value: -0.6094076133578652.
[I 2026-08-19 17:28:31,070] Trial 1085 finished with value: 0.5790599619509789 and parameters: {'k1': 2.8887590086961376e-05, 'D_low': 184257.72936035623, 'k2': 0.07445160209297226, 'D_high': 264264.8559861237, 'fire_exp': 1.6305729762529, 'P_half': 47.33737005989363, 'pre_dampen_half': 0.03366310311234371, 'gpp_af': 0.13617210887155798, 'gpp_b': 0.022414841250848052, 'gpp_d': 29.60603604254506, 'ign_k': 0.08059321647109174, 'ign_c': 0.26483064725360406, 'trop_agb_crit': 25.501577569104303, 'trop_k_veg': 0.6311346039126795, 'pop_amp': 0.0033337464730776177, 'pop_peak': 0.766225788487405, 'pop_sig': 0.39181134981619953, 'fuel_k': 2.383028482738534, 'fuel_half': 0.5053751988222017}. Best is trial 0 with value: -0.6094076133578652.
[I 2026-08-19 17:28:32,862] Trial 1086 finished with value: -0.6009168356780317 and parameters: {'k1': 0.005995311705894877, 'D_low': 141.30287987629197, 'k2': 0.0006101458943177667, 'D_high': 1413511.608529694, 'fire_exp': 2.589902602703438, 'P_half': 4.066244689335843, 'pre_dampen_half': 2.1078309788984115, 'gpp_af': 0.17305990445668018, 'gpp_b': 0.0029795493722311085, 'gpp_d': 144.4223273272874, 'ign_k': 0.08475853295114105, 'ign_c': 0.42607110075644056, 'trop_agb_crit': 3.0139427076477885, 'trop_k_veg': 1.0397383922768177, 'pop_amp': 1.747779311695665, 'pop_peak': 2.176265762362089, 'pop_sig': 0.8912675983541953, 'fuel_k': 0.2004194088649063, 'fuel_half': 0.1622963733138194}. Best is trial 0 with value: -0.6094076133578652.
  trial 1087/2500  best_overall=0.6094  (30.2 min)
[I 2026-08-19 17:28:34,864] Trial 1087 finished with value: -0.5646024307677152 and parameters: {'k1': 0.00402093073888444, 'D_low': 61.343270644042086, 'k2': 0.0004614190138446763, 'D_high': 828898.5222426453, 'fire_exp': 2.252510272479234, 'P_half': 2.125303497061869, 'pre_dampen_half': 2.5676500354962113, 'gpp_af': 0.1816293087541364, 'gpp_b': 0.013700275760770453, 'gpp_d': 289.31470009501277, 'ign_k': 0.1476018247906333, 'ign_c': 0.21417107231068253, 'trop_agb_crit': 18.114664376994252, 'trop_k_veg': 0.9029065581335792, 'pop_amp': 0.02484394783059275, 'pop_peak': 7.328005034967139, 'pop_sig': 1.7593540908559022, 'fuel_k': 0.0908993298741867, 'fuel_half': 0.27209133717451667}. Best is trial 0 with value: -0.6094076133578652.
[I 2026-08-19 17:28:36,549] Trial 1088 finished with value: 0.5870735997183117 and parameters: {'k1': 0.00028424590832042807, 'D_low': 40548.096669423096, 'k2': 7.329681849159283e-05, 'D_high': 1163261.3459720986, 'fire_exp': 3.7522989001378653, 'P_half': 3.99231266635203, 'pre_dampen_half': 1.010891756512115, 'gpp_af': 0.009365066534570877, 'gpp_b': 0.00047381385491697474, 'gpp_d': 895.4540954239365, 'ign_k': 0.9289692208945398, 'ign_c': 0.72865513099688, 'trop_agb_crit': 5.959699249489001, 'trop_k_veg': 0.8233435651462369, 'pop_amp': 0.007411898017013701, 'pop_peak': 1.062952541592221, 'pop_sig': 1.197925153991847, 'fuel_k': 0.21042339225855847, 'fuel_half': 0.460535613640655}. Best is trial 0 with value: -0.6094076133578652.
[I 2026-08-19 17:28:38,234] Trial 1089 finished with value: -0.5979120681580793 and parameters: {'k1': 0.002239568040031953, 'D_low': 26.334842439656303, 'k2': 0.00023943717518223496, 'D_high': 7627286.553284178, 'fire_exp': 3.5347681340352466, 'P_half': 69.07970220127076, 'pre_dampen_half': 1.4305108728273614, 'gpp_af': 0.5818503243981303, 'gpp_b': 0.007825674433081364, 'gpp_d': 10.263581277852692, 'ign_k': 0.044411306534153844, 'ign_c': 0.5086108941184737, 'trop_agb_crit': 4.506106390921856, 'trop_k_veg': 0.9171737956874271, 'pop_amp': 10.178404905074887, 'pop_peak': 36.451465293410244, 'pop_sig': 0.8303746619678498, 'fuel_k': 0.17656459752188097, 'fuel_half': 0.5193180847042508}. Best is trial 0 with value: -0.6094076133578652.
[I 2026-08-19 17:28:39,980] Trial 1090 finished with value: 0.5834541828409643 and parameters: {'k1': 0.016029834094502666, 'D_low': 792.4961125074578, 'k2': 0.0009674457528953957, 'D_high': 2574617.1741405264, 'fire_exp': 5.66853505391995, 'P_half': 251.75207253513807, 'pre_dampen_half': 7.6459617480888245, 'gpp_af': 0.20590026374225034, 'gpp_b': 5.4130140377193036e-05, 'gpp_d': 58.9126127579596, 'ign_k': 0.033982322027624114, 'ign_c': 2.9108716774820764, 'trop_agb_crit': 17.972030683502826, 'trop_k_veg': 0.7257660114352718, 'pop_amp': 0.006640911191893522, 'pop_peak': 0.11086648928490919, 'pop_sig': 0.42185125147832037, 'fuel_k': 0.20106731170981162, 'fuel_half': 0.29442081900245926}. Best is trial 0 with value: -0.6094076133578652.
[I 2026-08-19 17:28:41,655] Trial 1091 finished with value: 0.4685308026384043 and parameters: {'k1': 0.014420222546429518, 'D_low': 2959.28139295097, 'k2': 7.777802943269185e-05, 'D_high': 1243969.3613494227, 'fire_exp': 7.184746693452149, 'P_half': 2.889993705143303, 'pre_dampen_half': 72.34171814684248, 'gpp_af': 0.02995696565770351, 'gpp_b': 0.00035381198369630913, 'gpp_d': 817.8921207191961, 'ign_k': 0.05509194457402709, 'ign_c': 1.3538248512155426, 'trop_agb_crit': 2.7912920220287503, 'trop_k_veg': 1.5714230146637385, 'pop_amp': 2.6513529647556857, 'pop_peak': 2.3988095910969656, 'pop_sig': 0.9694455717735431, 'fuel_k': 0.17323984280327182, 'fuel_half': 0.23730237287107425}. Best is trial 0 with value: -0.6094076133578652.
[I 2026-08-19 17:28:43,362] Trial 1092 finished with value: -0.59840908765292 and parameters: {'k1': 0.0009998272850403375, 'D_low': 2.5993967266560745, 'k2': 0.0006445110285184676, 'D_high': 2235487.849880966, 'fire_exp': 3.105792926558977, 'P_half': 61.037002954090326, 'pre_dampen_half': 2.2838518460056743, 'gpp_af': 0.09459060410949549, 'gpp_b': 0.007705987758812906, 'gpp_d': 5.034823507388569, 'ign_k': 0.16775995264478366, 'ign_c': 0.1535599408158106, 'trop_agb_crit': 7.863704788295325, 'trop_k_veg': 0.7198886503586946, 'pop_amp': 2.9176721155087666, 'pop_peak': 8.898093111356616, 'pop_sig': 0.6446926563384954, 'fuel_k': 0.3305405922847221, 'fuel_half': 0.7870378137332052}. Best is trial 0 with value: -0.6094076133578652.
[I 2026-08-19 17:28:45,007] Trial 1093 finished with value: 0.5979645415875501 and parameters: {'k1': 0.0013526819672194336, 'D_low': 4.672463123863926, 'k2': 2.9195421393933305e-05, 'D_high': 491343.2222936485, 'fire_exp': 5.350889957488218, 'P_half': 66.5553704044886, 'pre_dampen_half': 0.6397420573234281, 'gpp_af': 0.00700010737603298, 'gpp_b': 0.021269500580000968, 'gpp_d': 10.598855101709077, 'ign_k': 0.06489078366475365, 'ign_c': 2.05303449479221, 'trop_agb_crit': 23.10118806821182, 'trop_k_veg': 1.235788429895748, 'pop_amp': 16.957064258347685, 'pop_peak': 9.830881051418354, 'pop_sig': 0.6597588861803317, 'fuel_k': 0.30021931560870174, 'fuel_half': 0.13103282492234178}. Best is trial 0 with value: -0.6094076133578652.
[I 2026-08-19 17:28:46,642] Trial 1094 finished with value: 0.5724497841907974 and parameters: {'k1': 0.02898262123998479, 'D_low': 19.478364276668525, 'k2': 4.4207274566354494e-05, 'D_high': 613417.0783419453, 'fire_exp': 3.2178158058108557, 'P_half': 1577.7225763683653, 'pre_dampen_half': 1.6172103971093001, 'gpp_af': 3.106716517255584, 'gpp_b': 0.01882437814347187, 'gpp_d': 6.38054160708406, 'ign_k': 0.2835445724040684, 'ign_c': 0.2902730716517342, 'trop_agb_crit': 7.9610010818289885, 'trop_k_veg': 1.0062519683398006, 'pop_amp': 3.0499407812164225, 'pop_peak': 511.1340553658071, 'pop_sig': 0.4156408825755821, 'fuel_k': 0.649198140267885, 'fuel_half': 2.3971833518400674}. Best is trial 0 with value: -0.6094076133578652.
[I 2026-08-19 17:28:48,301] Trial 1095 finished with value: 0.6849458040468305 and parameters: {'k1': 0.000850354348961023, 'D_low': 11.432596933355576, 'k2': 0.000532198711896219, 'D_high': 996162.5197823524, 'fire_exp': 1.2163556939714444, 'P_half': 31.33792291883534, 'pre_dampen_half': 7.943281092349091, 'gpp_af': 1.285738959620555, 'gpp_b': 0.0012673722374473516, 'gpp_d': 11.770634161643072, 'ign_k': 0.16749355157813317, 'ign_c': 0.11112150978183531, 'trop_agb_crit': 6.455004353818515, 'trop_k_veg': 0.6353110346457401, 'pop_amp': 6.021628406283741, 'pop_peak': 52.99711543115333, 'pop_sig': 1.2729525450866783, 'fuel_k': 0.7822443194889849, 'fuel_half': 3.3897927919513906}. Best is trial 0 with value: -0.6094076133578652.
[I 2026-08-19 17:28:49,932] Trial 1096 finished with value: 0.5571028807955876 and parameters: {'k1': 0.004600589111265975, 'D_low': 3626.251474277575, 'k2': 0.0004169113677629169, 'D_high': 24445.794643280915, 'fire_exp': 2.594186767465411, 'P_half': 4.003790412807253, 'pre_dampen_half': 0.9968843333508266, 'gpp_af': 0.2849114630107438, 'gpp_b': 0.00016828739268938243, 'gpp_d': 423.5101483390686, 'ign_k': 0.5992530036747995, 'ign_c': 0.2351170211728422, 'trop_agb_crit': 19.605567286153523, 'trop_k_veg': 0.5149482916468607, 'pop_amp': 0.16270741077544507, 'pop_peak': 0.3146113662188556, 'pop_sig': 0.5716272165697461, 'fuel_k': 0.10636352535007851, 'fuel_half': 0.3382426039376915}. Best is trial 0 with value: -0.6094076133578652.
[I 2026-08-19 17:28:51,551] Trial 1097 finished with value: 0.41530192115726394 and parameters: {'k1': 0.0062442309031389975, 'D_low': 567.3045039979003, 'k2': 0.0018513564106305968, 'D_high': 9638690.132881967, 'fire_exp': 3.0867139747335366, 'P_half': 2.227865391111608, 'pre_dampen_half': 0.5467063225321886, 'gpp_af': 1.149287911775624, 'gpp_b': 0.0027714318899234483, 'gpp_d': 851.1351415791796, 'ign_k': 0.04426014749660897, 'ign_c': 1.5493293607256287, 'trop_agb_crit': 6.936254871267166, 'trop_k_veg': 1.419293718708565, 'pop_amp': 8.397540695426475, 'pop_peak': 1.2808480482392064, 'pop_sig': 0.6940729454226996, 'fuel_k': 0.04562822392851178, 'fuel_half': 0.2511154695219917}. Best is trial 0 with value: -0.6094076133578652.
[I 2026-08-19 17:28:53,212] Trial 1098 finished with value: -0.5812834621470175 and parameters: {'k1': 0.005109874448313378, 'D_low': 573.4237130326783, 'k2': 0.0004803152347312048, 'D_high': 8184264.412956026, 'fire_exp': 3.198837156715599, 'P_half': 149.19458766523346, 'pre_dampen_half': 38.52783945132504, 'gpp_af': 0.2330918933228106, 'gpp_b': 0.0010779703458514557, 'gpp_d': 1.5222162391269145, 'ign_k': 0.21731992305717446, 'ign_c': 6.110835892288695, 'trop_agb_crit': 6.600674387479804, 'trop_k_veg': 0.7602830394380545, 'pop_amp': 1.1290382325598731, 'pop_peak': 57.285705107890905, 'pop_sig': 0.35681850933194703, 'fuel_k': 0.04904764228773082, 'fuel_half': 0.3196071041155449}. Best is trial 0 with value: -0.6094076133578652.
  trial 1099/2500  best_overall=0.6094  (30.5 min)
[I 2026-08-19 17:28:55,129] Trial 1099 finished with value: 0.6079049550729593 and parameters: {'k1': 3.123610959034183e-05, 'D_low': 2.32512651150647, 'k2': 0.0007007640567101084, 'D_high': 3305614.714779311, 'fire_exp': 3.745718690433306, 'P_half': 80.68040805618462, 'pre_dampen_half': 348.75204583593927, 'gpp_af': 0.1873694208319717, 'gpp_b': 0.11967703527293842, 'gpp_d': 148.89792758918082, 'ign_k': 0.8809586357373014, 'ign_c': 11.151784904912953, 'trop_agb_crit': 5.310754481777485, 'trop_k_veg': 4.098291453591268, 'pop_amp': 0.03693476278339683, 'pop_peak': 2.439156815906251, 'pop_sig': 0.4877137315231809, 'fuel_k': 0.19848758292239557, 'fuel_half': 0.7370874502614836}. Best is trial 0 with value: -0.6094076133578652.
[I 2026-08-19 17:28:56,774] Trial 1100 finished with value: 0.41585912969354955 and parameters: {'k1': 0.0007575114212377019, 'D_low': 1464.5810823513145, 'k2': 0.0002720078969453243, 'D_high': 2895835.434026181, 'fire_exp': 2.6470179141685173, 'P_half': 52.7427506810592, 'pre_dampen_half': 28.660078607575425, 'gpp_af': 0.13733568699992202, 'gpp_b': 0.00023204578310053727, 'gpp_d': 1.0600301955626017, 'ign_k': 0.15065171038030817, 'ign_c': 0.475303785692462, 'trop_agb_crit': 12.833980602041004, 'trop_k_veg': 0.5904848900233728, 'pop_amp': 0.06623977709055234, 'pop_peak': 8.515436221476628, 'pop_sig': 0.2613118476601641, 'fuel_k': 0.3291686272904383, 'fuel_half': 0.5673668234826867}. Best is trial 0 with value: -0.6094076133578652.
