[I 2026-06-09 12:03:30,800] Trial 156 finished with values: [10.582547694281617, 10.582547694281617] and parameters: {'k1': 0.015161591075671724, 'D_low': 10.16551026641873, 'k2': 0.0005700142105246941, 'D_high': 14268.845807630427, 'fire_exp': 1.060109541566103, 'P_half': 7089.141723796886, 'pre_dampen_half': 151.32148777056312, 'gpp_af': 3.0190550386581414, 'gpp_b': 0.0028426125329232715, 'gpp_d': 7.070472286699648, 'ign_k': 1.1215915868662767, 'ign_c': 1.0022396791143333, 'trop_agb_crit': 6.475515989686909, 'trop_k_veg': 3.6260119779455584}.
[I 2026-06-09 12:03:32,325] Trial 157 finished with values: [10.890785836619813, 10.890785836619813] and parameters: {'k1': 0.0030219760889797966, 'D_low': 13.174543864342764, 'k2': 0.06598741607403362, 'D_high': 14268.845807630427, 'fire_exp': 1.9268171109476195, 'P_half': 313.758594872814, 'pre_dampen_half': 11.164047352793695, 'gpp_af': 0.01629478603157523, 'gpp_b': 0.13502505988471453, 'gpp_d': 7.070472286699648, 'ign_k': 1.1215915868662767, 'ign_c': 0.9083381663660584, 'trop_agb_crit': 1.1693687409928537, 'trop_k_veg': 1.6693764852306636}.
[I 2026-06-09 12:03:33,688] Trial 158 finished with values: [10.891541273667018, 10.891541273667018] and parameters: {'k1': 0.0038341488164556755, 'D_low': 191.91689944397532, 'k2': 0.06994589881535453, 'D_high': 88320.39346746863, 'fire_exp': 1.7636078905724126, 'P_half': 1889.771394135163, 'pre_dampen_half': 0.194732494508583, 'gpp_af': 0.0012334147231672942, 'gpp_b': 0.0002990517652413063, 'gpp_d': 0.03848886303127135, 'ign_k': 0.0037322156377670697, 'ign_c': 1.3815947516319929, 'trop_agb_crit': 1.8034072970800916, 'trop_k_veg': 0.6618107836658104}.
[I 2026-06-09 12:03:35,097] Trial 159 finished with values: [10.86010285980187, 10.86010285980187] and parameters: {'k1': 0.00024287565087611777, 'D_low': 1.104970302415413, 'k2': 0.041833856821460375, 'D_high': 643.9790863101603, 'fire_exp': 2.0859967986741856, 'P_half': 64.52946500764233, 'pre_dampen_half': 566.2858823465564, 'gpp_af': 9.983349602292815, 'gpp_b': 0.061804951935425775, 'gpp_d': 1.2434469102435366, 'ign_k': 0.05021737623389565, 'ign_c': 2.063755204395021, 'trop_agb_crit': 1.0794185889648462, 'trop_k_veg': 4.58735804874393}.
[I 2026-06-09 12:03:36,346] Trial 160 finished with values: [10.8660496855438, 10.8660496855438] and parameters: {'k1': 0.08894151386481904, 'D_low': 6.0803901902966, 'k2': 1.5167330688076188e-05, 'D_high': 39655.03094323017, 'fire_exp': 2.447244097399011, 'P_half': 50.32059347286801, 'pre_dampen_half': 1.241231030920016, 'gpp_af': 1.3218737536384089, 'gpp_b': 4.886759303288982e-05, 'gpp_d': 500.2195003344709, 'ign_k': 0.014273228319112995, 'ign_c': 21.132597710340573, 'trop_agb_crit': 1.2886065671894003, 'trop_k_veg': 7.993740243409925}.
[I 2026-06-09 12:03:37,666] Trial 161 finished with values: [10.892834361022555, 10.892834361022555] and parameters: {'k1': 1.1281785190969807e-05, 'D_low': 12.808863354047988, 'k2': 5.153993511603138e-05, 'D_high': 401.2413353131992, 'fire_exp': 1.4081947723562425, 'P_half': 1.2768174677433957, 'pre_dampen_half': 0.711804147105457, 'gpp_af': 96.4653310890222, 'gpp_b': 2.036444166653217e-05, 'gpp_d': 0.6991465160637356, 'ign_k': 0.07081721844034213, 'ign_c': 99.96359851911319, 'trop_agb_crit': 23.815062574705927, 'trop_k_veg': 2.3958419424586768}.
[I 2026-06-09 12:03:38,927] Trial 162 finished with values: [10.887174430091893, 10.887174430091893] and parameters: {'k1': 0.00234238498471129, 'D_low': 6.0803901902966, 'k2': 0.008912611835817005, 'D_high': 200.1342062287997, 'fire_exp': 2.447244097399011, 'P_half': 12.172958098369968, 'pre_dampen_half': 139.2154853304649, 'gpp_af': 11.015056790269638, 'gpp_b': 0.00977702299083608, 'gpp_d': 1.2434469102435366, 'ign_k': 0.0036618192203924276, 'ign_c': 60.08774188667055, 'trop_agb_crit': 7.204426125424085, 'trop_k_veg': 7.714366810951191}.
[I 2026-06-09 12:03:40,115] Trial 163 finished with values: [10.881954795958388, 10.881954795958388] and parameters: {'k1': 0.009782222138048972, 'D_low': 1440.3650379563878, 'k2': 8.488887549001697e-05, 'D_high': 159.77662354833882, 'fire_exp': 2.4204227225778934, 'P_half': 1.4045842344024697, 'pre_dampen_half': 11.164047352793695, 'gpp_af': 1.3218737536384089, 'gpp_b': 5.0279186721731925e-05, 'gpp_d': 0.2473046721099913, 'ign_k': 0.012262543158860014, 'ign_c': 2.1858605829601814, 'trop_agb_crit': 1.6059119829430093, 'trop_k_veg': 0.6618107836658104}.
[I 2026-06-09 12:03:41,222] Trial 164 finished with values: [10.709342446776432, 10.709342446776432] and parameters: {'k1': 0.0019339745640818936, 'D_low': 2.7012557725439073, 'k2': 1.3357240411974104e-05, 'D_high': 3512.7047262708465, 'fire_exp': 2.0859967986741856, 'P_half': 108.21382910613987, 'pre_dampen_half': 566.2858823465564, 'gpp_af': 9.983349602292815, 'gpp_b': 0.0028993292583566945, 'gpp_d': 11.300566419249856, 'ign_k': 0.05021737623389565, 'ign_c': 2.063755204395021, 'trop_agb_crit': 2.679156169946616, 'trop_k_veg': 1.8981057964668895}.
[I 2026-06-09 12:03:42,472] Trial 165 finished with values: [10.89249451628154, 10.89249451628154] and parameters: {'k1': 0.014666151770108535, 'D_low': 1440.3650379563878, 'k2': 2.316457903103837e-05, 'D_high': 159.77662354833882, 'fire_exp': 3.892518334631665, 'P_half': 1.4045842344024697, 'pre_dampen_half': 11.164047352793695, 'gpp_af': 0.32613327839065587, 'gpp_b': 0.0012749409641020352, 'gpp_d': 0.2473046721099913, 'ign_k': 0.0037322156377670697, 'ign_c': 0.9083381663660584, 'trop_agb_crit': 1.6369193980425034, 'trop_k_veg': 0.6618107836658104}.
[I 2026-06-09 12:03:43,701] Trial 166 finished with values: [10.891074386897225, 10.891074386897225] and parameters: {'k1': 0.0876197110102369, 'D_low': 9.29439415564499, 'k2': 0.00488137519160367, 'D_high': 11129.571947046003, 'fire_exp': 1.7283732813150752, 'P_half': 818.2111518618419, 'pre_dampen_half': 0.6901057779813305, 'gpp_af': 1.4505381415853764, 'gpp_b': 1.7512190196560324, 'gpp_d': 4.773901130843779, 'ign_k': 0.002296989871634209, 'ign_c': 219.38654178115047, 'trop_agb_crit': 2.9773579612263776, 'trop_k_veg': 2.3958419424586768}.
[I 2026-06-09 12:03:44,933] Trial 167 finished with values: [10.018245150817368, 10.018245150817368] and parameters: {'k1': 6.404854675916172e-05, 'D_low': 27.79045054796807, 'k2': 4.540076719227351e-05, 'D_high': 18125.870836716233, 'fire_exp': 1.608176525358426, 'P_half': 149.35213816355395, 'pre_dampen_half': 340.6909167027263, 'gpp_af': 1.3218737536384089, 'gpp_b': 0.002262927522655115, 'gpp_d': 99.3234953243749, 'ign_k': 0.3242143344038317, 'ign_c': 0.21234210963705627, 'trop_agb_crit': 19.51558406059598, 'trop_k_veg': 4.51930447316402}.
[I 2026-06-09 12:03:46,120] Trial 168 finished with values: [10.892857142659844, 10.892857142659844] and parameters: {'k1': 2.259279742015695e-05, 'D_low': 12.115155843077673, 'k2': 1.5167330688076188e-05, 'D_high': 200.1342062287997, 'fire_exp': 1.060109541566103, 'P_half': 12.172958098369968, 'pre_dampen_half': 139.2154853304649, 'gpp_af': 0.06078083099681954, 'gpp_b': 5.0279186721731925e-05, 'gpp_d': 0.0735311909944862, 'ign_k': 0.3242143344038317, 'ign_c': 161.72900811143117, 'trop_agb_crit': 6.475515989686909, 'trop_k_veg': 7.714366810951191}.
[I 2026-06-09 12:03:47,288] Trial 169 finished with values: [10.601742498623917, 10.601742498623917] and parameters: {'k1': 1.263794633808287e-05, 'D_low': 2.3244932709566686, 'k2': 1.3357240411974104e-05, 'D_high': 159.77662354833882, 'fire_exp': 1.14171776851287, 'P_half': 108.21382910613987, 'pre_dampen_half': 345.01054536130147, 'gpp_af': 0.32613327839065587, 'gpp_b': 0.0028993292583566945, 'gpp_d': 0.2473046721099913, 'ign_k': 0.008226074946221037, 'ign_c': 0.20319809838424974, 'trop_agb_crit': 2.679156169946616, 'trop_k_veg': 0.6618107836658104}.
[I 2026-06-09 12:03:48,552] Trial 170 finished with values: [10.892857142659844, 10.892857142659844] and parameters: {'k1': 0.0071350717305711155, 'D_low': 6281.776703992854, 'k2': 0.0011135501184757278, 'D_high': 1687.3495104568947, 'fire_exp': 3.1053910219894894, 'P_half': 608.3019192425825, 'pre_dampen_half': 7.084445284509009, 'gpp_af': 0.0030611349005284453, 'gpp_b': 0.00903043277479757, 'gpp_d': 0.44030949559517685, 'ign_k': 0.0012030530850061366, 'ign_c': 0.9132348475718356, 'trop_agb_crit': 1.5929299344702241, 'trop_k_veg': 1.2396985988794134}.
[I 2026-06-09 12:03:49,883] Trial 171 finished with values: [10.892857142659844, 10.892857142659844] and parameters: {'k1': 0.0019339745640818936, 'D_low': 18.522006003174383, 'k2': 0.041833856821460375, 'D_high': 23.181776112903503, 'fire_exp': 1.2798881300289222, 'P_half': 608.3019192425825, 'pre_dampen_half': 7.084445284509009, 'gpp_af': 0.0030611349005284453, 'gpp_b': 0.0004125336560355494, 'gpp_d': 891.8036602897795, 'ign_k': 0.05021737623389565, 'ign_c': 466.93271350035354, 'trop_agb_crit': 1.0794185889648462, 'trop_k_veg': 1.8981057964668895}.
[I 2026-06-09 12:03:51,198] Trial 172 finished with values: [10.834139374216196, 10.834139374216196] and parameters: {'k1': 0.07076022085822008, 'D_low': 450.9719064153485, 'k2': 5.153993511603138e-05, 'D_high': 69868.4759244566, 'fire_exp': 1.4081947723562425, 'P_half': 45.55085098454082, 'pre_dampen_half': 0.04831624275180356, 'gpp_af': 96.4653310890222, 'gpp_b': 0.010307896803108956, 'gpp_d': 9.482548804624958, 'ign_k': 0.0018548376790967168, 'ign_c': 0.9083381663660584, 'trop_agb_crit': 2.0420012944047587, 'trop_k_veg': 6.030247256556128}.
[I 2026-06-09 12:03:52,529] Trial 173 finished with values: [10.56563040269105, 10.56563040269105] and parameters: {'k1': 0.00234238498471129, 'D_low': 136.0956887810302, 'k2': 1.5412172709801895e-05, 'D_high': 63233.81951066786, 'fire_exp': 2.638909828216385, 'P_half': 17.655835392092534, 'pre_dampen_half': 673.2248920775328, 'gpp_af': 0.017638479543546873, 'gpp_b': 0.0028993292583566945, 'gpp_d': 1.6983565276584263, 'ign_k': 0.5456725485601477, 'ign_c': 5.762487216478598, 'trop_agb_crit': 1.5144860262751405, 'trop_k_veg': 4.8737397608275925}.
[I 2026-06-09 12:03:53,803] Trial 174 finished with values: [11.195327512688811, 11.195327512688811] and parameters: {'k1': 0.009782222138048972, 'D_low': 12.115155843077673, 'k2': 0.0005700142105246941, 'D_high': 39655.03094323017, 'fire_exp': 2.4204227225778934, 'P_half': 149.35213816355395, 'pre_dampen_half': 340.6909167027263, 'gpp_af': 1.8075983730158514, 'gpp_b': 5.0279186721731925e-05, 'gpp_d': 500.2195003344709, 'ign_k': 0.3242143344038317, 'ign_c': 1.0022396791143333, 'trop_agb_crit': 6.475515989686909, 'trop_k_veg': 3.6260119779455584}.
[I 2026-06-09 12:03:55,192] Trial 175 finished with values: [10.892857142659844, 10.892857142659844] and parameters: {'k1': 1.1281785190969807e-05, 'D_low': 4303.306161410612, 'k2': 5.153993511603138e-05, 'D_high': 401.2413353131992, 'fire_exp': 1.4081947723562425, 'P_half': 1.2768174677433957, 'pre_dampen_half': 0.02671457936585047, 'gpp_af': 0.32613327839065587, 'gpp_b': 2.036444166653217e-05, 'gpp_d': 0.08426837984396324, 'ign_k': 1.1215915868662767, 'ign_c': 99.96359851911319, 'trop_agb_crit': 23.815062574705927, 'trop_k_veg': 4.8737397608275925}.
[I 2026-06-09 12:03:56,459] Trial 176 finished with values: [10.879256700900195, 10.879256700900195] and parameters: {'k1': 0.001470969911949513, 'D_low': 12.115155843077673, 'k2': 0.06994589881535453, 'D_high': 20.59802236544963, 'fire_exp': 2.4204227225778934, 'P_half': 149.35213816355395, 'pre_dampen_half': 151.32148777056312, 'gpp_af': 1.3218737536384089, 'gpp_b': 3.686869490609954e-05, 'gpp_d': 26.003623362924223, 'ign_k': 0.004224235973517089, 'ign_c': 1.0022396791143333, 'trop_agb_crit': 1.6059119829430093, 'trop_k_veg': 3.6260119779455584}.
[I 2026-06-09 12:03:57,640] Trial 177 finished with values: [10.861395788374798, 10.861395788374798] and parameters: {'k1': 0.05832560268546887, 'D_low': 35.02761367842313, 'k2': 0.031030112026960974, 'D_high': 41821.78526757458, 'fire_exp': 1.569607751453048, 'P_half': 1.8942844905792813, 'pre_dampen_half': 0.03190729641440917, 'gpp_af': 0.0012334147231672942, 'gpp_b': 3.686869490609954e-05, 'gpp_d': 45.8273170217025, 'ign_k': 0.0019264360371306567, 'ign_c': 1.887567630782227, 'trop_agb_crit': 17.700408094497767, 'trop_k_veg': 0.5333253256218595}.
[I 2026-06-09 12:03:58,816] Trial 178 finished with values: [10.892752108130502, 10.892752108130502] and parameters: {'k1': 0.02641449645424223, 'D_low': 652.5765108342365, 'k2': 0.0004381141781653133, 'D_high': 24.622754931226588, 'fire_exp': 1.2943117749495199, 'P_half': 78.32259769732477, 'pre_dampen_half': 0.07345296810407675, 'gpp_af': 0.14765842992482675, 'gpp_b': 0.6908231571529498, 'gpp_d': 0.19476644406315288, 'ign_k': 0.34703605955441524, 'ign_c': 0.15178052094448868, 'trop_agb_crit': 23.59397023337466, 'trop_k_veg': 2.835178685110773}.
[I 2026-06-09 12:04:00,197] Trial 179 finished with values: [10.874702618538777, 10.874702618538777] and parameters: {'k1': 0.0876197110102369, 'D_low': 13.180029267201178, 'k2': 0.011966626407443505, 'D_high': 11129.571947046003, 'fire_exp': 1.7283732813150752, 'P_half': 50.32059347286801, 'pre_dampen_half': 3.4518498268723494, 'gpp_af': 0.01629478603157523, 'gpp_b': 0.032054268581070196, 'gpp_d': 11.300566419249856, 'ign_k': 0.002296989871634209, 'ign_c': 21.132597710340573, 'trop_agb_crit': 9.399460198533095, 'trop_k_veg': 3.4084274101954186}.
[I 2026-06-09 12:04:01,464] Trial 180 finished with values: [10.884609527973394, 10.884609527973394] and parameters: {'k1': 0.0030219760889797966, 'D_low': 191.91689944397532, 'k2': 0.037633129263701104, 'D_high': 14268.845807630427, 'fire_exp': 4.034361580518917, 'P_half': 8.890110660871555, 'pre_dampen_half': 11.164047352793695, 'gpp_af': 0.005811599743439244, 'gpp_b': 0.0002990517652413063, 'gpp_d': 7.070472286699648, 'ign_k': 0.005575298138639647, 'ign_c': 1.3815947516319929, 'trop_agb_crit': 1.8034072970800916, 'trop_k_veg': 6.008736672774419}.
[I 2026-06-09 12:04:02,729] Trial 181 finished with values: [10.88787183988984, 10.88787183988984] and parameters: {'k1': 6.404854675916172e-05, 'D_low': 102.53722513378383, 'k2': 0.06994589881535453, 'D_high': 39655.03094323017, 'fire_exp': 4.625910443666736, 'P_half': 123.66924205139141, 'pre_dampen_half': 340.6909167027263, 'gpp_af': 1.3218737536384089, 'gpp_b': 3.686869490609954e-05, 'gpp_d': 26.003623362924223, 'ign_k': 0.0019264360371306567, 'ign_c': 4.341568011961653, 'trop_agb_crit': 4.824298210288856, 'trop_k_veg': 4.51930447316402}.
[I 2026-06-09 12:04:04,073] Trial 182 finished with values: [10.861727776919848, 10.861727776919848] and parameters: {'k1': 0.00024287565087611777, 'D_low': 13.180029267201178, 'k2': 0.041833856821460375, 'D_high': 23.181776112903503, 'fire_exp': 2.10707132280748, 'P_half': 64.52946500764233, 'pre_dampen_half': 566.2858823465564, 'gpp_af': 0.007619648413221235, 'gpp_b': 4.886759303288982e-05, 'gpp_d': 11.300566419249856, 'ign_k': 4.564399028622419, 'ign_c': 21.132597710340573, 'trop_agb_crit': 1.0794185889648462, 'trop_k_veg': 1.8981057964668895}.
[I 2026-06-09 12:04:05,339] Trial 183 finished with values: [10.374088426024814, 10.374088426024814] and parameters: {'k1': 0.015161591075671724, 'D_low': 12.115155843077673, 'k2': 3.0376902301221646e-05, 'D_high': 696.8111190775315, 'fire_exp': 1.608176525358426, 'P_half': 28.647019533509873, 'pre_dampen_half': 340.6909167027263, 'gpp_af': 1.8075983730158514, 'gpp_b': 1.7213644875359617e-05, 'gpp_d': 0.0735311909944862, 'ign_k': 0.32478918389192313, 'ign_c': 1.0022396791143333, 'trop_agb_crit': 19.51558406059598, 'trop_k_veg': 3.6260119779455584}.
[I 2026-06-09 12:04:06,612] Trial 184 finished with values: [10.701503545198465, 10.701503545198465] and parameters: {'k1': 1.755140304820832e-05, 'D_low': 35.02761367842313, 'k2': 0.06994589881535453, 'D_high': 41821.78526757458, 'fire_exp': 1.14171776851287, 'P_half': 6.876972589957657, 'pre_dampen_half': 0.194732494508583, 'gpp_af': 0.26461528450166444, 'gpp_b': 2.036444166653217e-05, 'gpp_d': 176.18878384527278, 'ign_k': 0.07081721844034213, 'ign_c': 0.9083381663660584, 'trop_agb_crit': 17.700408094497767, 'trop_k_veg': 0.6618107836658104}.
[I 2026-06-09 12:04:07,813] Trial 185 finished with values: [10.277858304824317, 10.277858304824317] and parameters: {'k1': 9.969469187531805e-05, 'D_low': 90.71933427331369, 'k2': 1.5412172709801895e-05, 'D_high': 76.7074891445377, 'fire_exp': 1.1615865989246452, 'P_half': 17.655835392092534, 'pre_dampen_half': 673.2248920775328, 'gpp_af': 5.244830565633045, 'gpp_b': 0.0006724850206557243, 'gpp_d': 867.6409475740121, 'ign_k': 0.5456725485601477, 'ign_c': 5.762487216478598, 'trop_agb_crit': 1.5144860262751405, 'trop_k_veg': 4.8737397608275925}.
[I 2026-06-09 12:04:08,966] Trial 186 finished with values: [10.88532297435493, 10.88532297435493] and parameters: {'k1': 0.014666151770108535, 'D_low': 1.6117368936336656, 'k2': 2.316457903103837e-05, 'D_high': 159.77662354833882, 'fire_exp': 1.157110862187662, 'P_half': 5973.616786647811, 'pre_dampen_half': 0.4090432448301885, 'gpp_af': 0.32613327839065587, 'gpp_b': 0.0003371661202649482, 'gpp_d': 12.00191344086031, 'ign_k': 0.0037322156377670697, 'ign_c': 0.15178052094448868, 'trop_agb_crit': 3.575594457014808, 'trop_k_veg': 2.835178685110773}.
[I 2026-06-09 12:04:10,179] Trial 187 finished with values: [10.828377713457925, 10.828377713457925] and parameters: {'k1': 0.014666151770108535, 'D_low': 1440.3650379563878, 'k2': 2.316457903103837e-05, 'D_high': 159.77662354833882, 'fire_exp': 1.14171776851287, 'P_half': 1.4378290221680121, 'pre_dampen_half': 1.6130673726933187, 'gpp_af': 27.448645214004376, 'gpp_b': 0.0012749409641020352, 'gpp_d': 0.2473046721099913, 'ign_k': 0.0037322156377670697, 'ign_c': 0.9083381663660584, 'trop_agb_crit': 8.188098178380693, 'trop_k_veg': 0.6618107836658104}.
[I 2026-06-09 12:04:11,735] Trial 188 finished with values: [10.787654834378047, 10.787654834378047] and parameters: {'k1': 0.009782222138048972, 'D_low': 102.53722513378383, 'k2': 8.488887549001697e-05, 'D_high': 39655.03094323017, 'fire_exp': 3.1018148805490564, 'P_half': 78.32259769732477, 'pre_dampen_half': 0.07345296810407675, 'gpp_af': 0.14765842992482675, 'gpp_b': 5.0279186721731925e-05, 'gpp_d': 12.00191344086031, 'ign_k': 0.3242143344038317, 'ign_c': 0.15178052094448868, 'trop_agb_crit': 1.6059119829430093, 'trop_k_veg': 2.835178685110773}.
[I 2026-06-09 12:04:13,137] Trial 189 finished with values: [10.719833680213931, 10.719833680213931] and parameters: {'k1': 0.07076022085822008, 'D_low': 6.0803901902966, 'k2': 0.0009749762207436118, 'D_high': 159.77662354833882, 'fire_exp': 2.447244097399011, 'P_half': 1.3924162890248675, 'pre_dampen_half': 139.2154853304649, 'gpp_af': 0.516681811478353, 'gpp_b': 0.17117921683384604, 'gpp_d': 8.998420889037451, 'ign_k': 5.023348046919798, 'ign_c': 0.1410563867753527, 'trop_agb_crit': 16.408949267986486, 'trop_k_veg': 1.942360571179168}.
[I 2026-06-09 12:04:14,448] Trial 190 finished with values: [10.818587138207345, 10.818587138207345] and parameters: {'k1': 6.615437365561391e-05, 'D_low': 5.790964233881213, 'k2': 0.000124801809651176, 'D_high': 1647.069822172432, 'fire_exp': 1.157110862187662, 'P_half': 2.194774268919734, 'pre_dampen_half': 0.4090432448301885, 'gpp_af': 11.20397753296041, 'gpp_b': 0.00011277885258222645, 'gpp_d': 1.5988721385117124, 'ign_k': 4.546192107824457, 'ign_c': 2.8156300815972224, 'trop_agb_crit': 5.789462140980137, 'trop_k_veg': 0.8280056526977017}.
[I 2026-06-09 12:04:15,647] Trial 191 finished with values: [10.863238997386444, 10.863238997386444] and parameters: {'k1': 6.615437365561391e-05, 'D_low': 5.275958618145121, 'k2': 1.4002277211577026e-05, 'D_high': 34.487261314487384, 'fire_exp': 1.157110862187662, 'P_half': 45.55085098454082, 'pre_dampen_half': 0.02671457936585047, 'gpp_af': 96.4653310890222, 'gpp_b': 0.010307896803108956, 'gpp_d': 9.482548804624958, 'ign_k': 4.546192107824457, 'ign_c': 24.129868904539222, 'trop_agb_crit': 2.0420012944047587, 'trop_k_veg': 6.030247256556128}.
[I 2026-06-09 12:04:16,868] Trial 192 finished with values: [10.846025361550426, 10.846025361550426] and parameters: {'k1': 0.014666151770108535, 'D_low': 1440.3650379563878, 'k2': 2.316457903103837e-05, 'D_high': 159.77662354833882, 'fire_exp': 1.4322493718230251, 'P_half': 4.2070539502879365, 'pre_dampen_half': 11.164047352793695, 'gpp_af': 0.32613327839065587, 'gpp_b': 0.0012749409641020352, 'gpp_d': 0.2473046721099913, 'ign_k': 0.0012087541473056963, 'ign_c': 0.9083381663660584, 'trop_agb_crit': 16.967533607196547, 'trop_k_veg': 0.9008485225328876}.
[I 2026-06-09 12:04:18,163] Trial 193 finished with values: [10.888136406157406, 10.888136406157406] and parameters: {'k1': 6.404854675916172e-05, 'D_low': 35.02761367842313, 'k2': 0.031030112026960974, 'D_high': 1869.7387216131533, 'fire_exp': 1.569607751453048, 'P_half': 4591.485216740535, 'pre_dampen_half': 3.289170255990991, 'gpp_af': 0.5107061330406066, 'gpp_b': 0.002262927522655115, 'gpp_d': 45.8273170217025, 'ign_k': 0.0019264360371306567, 'ign_c': 0.21234210963705627, 'trop_agb_crit': 17.700408094497767, 'trop_k_veg': 2.8957014754094748}.
[I 2026-06-09 12:04:19,467] Trial 194 finished with values: [10.857537954189707, 10.857537954189707] and parameters: {'k1': 0.07076022085822008, 'D_low': 10.16551026641873, 'k2': 0.0009749762207436118, 'D_high': 159.77662354833882, 'fire_exp': 1.9268171109476195, 'P_half': 1.4045842344024697, 'pre_dampen_half': 11.164047352793695, 'gpp_af': 0.32613327839065587, 'gpp_b': 2.036444166653217e-05, 'gpp_d': 0.014781887508301284, 'ign_k': 4.295992790539128, 'ign_c': 0.9083381663660584, 'trop_agb_crit': 1.6369193980425034, 'trop_k_veg': 1.942360571179168}.
