[I 2026-06-11 13:19:13,065] Trial 990 finished with values: [11.272448463926354, 11.272448463926354] and parameters: {'k1': 0.008535052150482593, 'D_low': 1.4002277211577039, 'k2': 5.153993511603138e-05, 'D_high': 32311.521854410956, 'fire_exp': 1.41873960828944, 'P_half': 5.4712187293420325, 'pre_dampen_half': 30.456909077772018, 'gpp_af': 0.008117091133892173, 'gpp_b': 0.0036065155862388338, 'gpp_d': 47.35384181058586, 'ign_k': 3.6309591863459096, 'ign_c': 23.422386257929038, 'trop_agb_crit': 8.0091368834625, 'trop_k_veg': 2.2484780838355256, 'fire_amp': 3.102033517490054}.
[I 2026-06-11 13:19:14,090] Trial 991 finished with values: [16.296211120978956, 16.296211120978956] and parameters: {'k1': 6.784924519083143e-05, 'D_low': 1.4002277211577039, 'k2': 0.045914852167405346, 'D_high': 2298.2155660045737, 'fire_exp': 1.41873960828944, 'P_half': 5.4712187293420325, 'pre_dampen_half': 269.0845367054866, 'gpp_af': 0.41874665092828456, 'gpp_b': 0.006999112505425414, 'gpp_d': 47.35384181058586, 'ign_k': 0.09256855841989636, 'ign_c': 3.7623363852696734, 'trop_agb_crit': 5.635210829694053, 'trop_k_veg': 1.6648666152166967, 'fire_amp': 3.211868494428654}.
[I 2026-06-11 13:19:15,091] Trial 992 finished with values: [10.093245370522308, 10.093245370522308] and parameters: {'k1': 0.08409006963311547, 'D_low': 148.21691630007544, 'k2': 0.045914852167405346, 'D_high': 32311.521854410956, 'fire_exp': 1.41873960828944, 'P_half': 1265.0580856641704, 'pre_dampen_half': 30.456909077772018, 'gpp_af': 0.41874665092828456, 'gpp_b': 0.0036065155862388338, 'gpp_d': 47.35384181058586, 'ign_k': 0.09256855841989636, 'ign_c': 29.690870944846793, 'trop_agb_crit': 8.0091368834625, 'trop_k_veg': 1.6648666152166967, 'fire_amp': 3.102033517490054}.
[I 2026-06-11 13:19:16,095] Trial 993 finished with values: [10.648131801797875, 10.648131801797875] and parameters: {'k1': 0.08409006963311547, 'D_low': 80.1811936889058, 'k2': 0.045914852167405346, 'D_high': 154.95079374286178, 'fire_exp': 1.41873960828944, 'P_half': 182.00694976756813, 'pre_dampen_half': 28.01075698398644, 'gpp_af': 0.41874665092828456, 'gpp_b': 0.0036065155862388338, 'gpp_d': 1.336803341156552, 'ign_k': 0.09256855841989636, 'ign_c': 23.422386257929038, 'trop_agb_crit': 8.0091368834625, 'trop_k_veg': 6.030247256556128, 'fire_amp': 2.7806853670293616}.
[I 2026-06-11 13:19:17,088] Trial 994 finished with values: [10.7424156133766, 10.7424156133766] and parameters: {'k1': 0.0057293717735696316, 'D_low': 236.79352040223893, 'k2': 0.005695622647004589, 'D_high': 6682.9607218310075, 'fire_exp': 1.1593349727271403, 'P_half': 2.226799690893868, 'pre_dampen_half': 79.2915624488668, 'gpp_af': 0.060029341913968644, 'gpp_b': 1.7375507377564614, 'gpp_d': 47.35384181058586, 'ign_k': 0.3508854952536169, 'ign_c': 29.690870944846793, 'trop_agb_crit': 8.0091368834625, 'trop_k_veg': 4.125263140134148, 'fire_amp': 2.7556562114998226}.
[I 2026-06-11 13:19:18,076] Trial 995 finished with values: [-0.6739374114898502, 0.07402832469900344] and parameters: {'k1': 5.025876001070713e-05, 'D_low': 236.79352040223893, 'k2': 0.045914852167405346, 'D_high': 6682.9607218310075, 'fire_exp': 1.41873960828944, 'P_half': 5.4712187293420325, 'pre_dampen_half': 30.456909077772018, 'gpp_af': 0.008117091133892173, 'gpp_b': 0.006999112505425414, 'gpp_d': 47.35384181058586, 'ign_k': 3.6309591863459096, 'ign_c': 0.22592797420156951, 'trop_agb_crit': 1.8023542850487386, 'trop_k_veg': 1.6648666152166967, 'fire_amp': 1.5180207449214471}.
[I 2026-06-11 13:19:19,026] Trial 996 finished with values: [10.570115736368933, 10.570115736368933] and parameters: {'k1': 0.08409006963311547, 'D_low': 148.21691630007544, 'k2': 0.045914852167405346, 'D_high': 32311.521854410956, 'fire_exp': 1.41873960828944, 'P_half': 1265.0580856641704, 'pre_dampen_half': 30.456909077772018, 'gpp_af': 0.008117091133892173, 'gpp_b': 9.129138790726056e-05, 'gpp_d': 545.0253444559129, 'ign_k': 0.09256855841989636, 'ign_c': 7.018267183720731, 'trop_agb_crit': 5.588032458772675, 'trop_k_veg': 2.99731137426955, 'fire_amp': 3.102033517490054}.
[I 2026-06-11 13:19:19,963] Trial 997 finished with values: [10.383952276531584, 10.383952276531584] and parameters: {'k1': 5.025876001070713e-05, 'D_low': 148.21691630007544, 'k2': 0.045914852167405346, 'D_high': 6682.9607218310075, 'fire_exp': 1.41873960828944, 'P_half': 5.4712187293420325, 'pre_dampen_half': 4.847666216751353, 'gpp_af': 0.060029341913968644, 'gpp_b': 0.0036065155862388338, 'gpp_d': 545.0253444559129, 'ign_k': 3.6309591863459096, 'ign_c': 23.422386257929038, 'trop_agb_crit': 8.0091368834625, 'trop_k_veg': 2.99731137426955, 'fire_amp': 1.5180207449214471}.
[I 2026-06-11 13:19:20,945] Trial 998 finished with values: [10.436982861829206, 10.436982861829206] and parameters: {'k1': 0.00038698408508416947, 'D_low': 236.79352040223893, 'k2': 0.00037358626308127543, 'D_high': 1266.9536563782303, 'fire_exp': 1.2060040899560858, 'P_half': 93.43302657318476, 'pre_dampen_half': 79.2915624488668, 'gpp_af': 0.015627364027979502, 'gpp_b': 0.0010881810414580882, 'gpp_d': 1.336803341156552, 'ign_k': 0.0010897490003652056, 'ign_c': 23.422386257929038, 'trop_agb_crit': 8.0091368834625, 'trop_k_veg': 6.030247256556128, 'fire_amp': 2.7806853670293616}.
[I 2026-06-11 13:19:22,279] Trial 999 finished with values: [10.14850232510067, 10.14850232510067] and parameters: {'k1': 0.08409006963311547, 'D_low': 1.4002277211577039, 'k2': 0.0018588694009815867, 'D_high': 1266.9536563782303, 'fire_exp': 1.41873960828944, 'P_half': 1265.0580856641704, 'pre_dampen_half': 30.456909077772018, 'gpp_af': 0.41874665092828456, 'gpp_b': 0.0036065155862388338, 'gpp_d': 47.35384181058586, 'ign_k': 0.09256855841989636, 'ign_c': 29.690870944846793, 'trop_agb_crit': 8.0091368834625, 'trop_k_veg': 3.4439936249445045, 'fire_amp': 3.102033517490054}.
[setup] CRUJRA climate from data/crujra/, GPP from global_baseline_modelC_inputs_1997-2016.nc ...
[setup] loading GFED5 reference from burntArea.nc ...
[setup] HELD-OUT fit window 2001-2012  (144 months, 12 yr)
[setup] land cells (GFED5 burnable): 13634 / 64800 (21.0%)
[setup] GFED5 land-mean monthly frac: 0.005302
[opt] REGION=S.America: fitting 1657 land cells only
[opt] warm-start from params.samerica.json
[warm] Overall=0.4688  bias=0.6237 rmse=0.3759 seas=0.8092 spatial=0.1590
[opt] sampler=NSGAIISampler seed=42
[opt] running 1000 trials against GFED5 ...
  trial   22/1000  pareto_size=1  best_taylor=0.7380  best_ilamb=0.4688  (0.3 min)
  trial   44/1000  pareto_size=1  best_taylor=0.7380  best_ilamb=0.4688  (0.7 min)
  trial   66/1000  pareto_size=1  best_taylor=0.7380  best_ilamb=0.4688  (1.0 min)
  trial   87/1000  pareto_size=1  best_taylor=0.7380  best_ilamb=0.4688  (1.4 min)
  trial  105/1000  pareto_size=1  best_taylor=0.7380  best_ilamb=0.4688  (1.7 min)
  trial  125/1000  pareto_size=1  best_taylor=0.7380  best_ilamb=0.4688  (2.0 min)
  trial  147/1000  pareto_size=1  best_taylor=0.7380  best_ilamb=0.4688  (2.4 min)
  trial  169/1000  pareto_size=1  best_taylor=0.7380  best_ilamb=0.4688  (2.7 min)
  trial  191/1000  pareto_size=1  best_taylor=0.7380  best_ilamb=0.4688  (3.1 min)
  trial  212/1000  pareto_size=1  best_taylor=0.7380  best_ilamb=0.4688  (3.4 min)
  trial  234/1000  pareto_size=1  best_taylor=0.7380  best_ilamb=0.4688  (3.8 min)
  trial  257/1000  pareto_size=1  best_taylor=0.7380  best_ilamb=0.4688  (4.1 min)
  trial  280/1000  pareto_size=1  best_taylor=0.7380  best_ilamb=0.4688  (4.5 min)
  trial  303/1000  pareto_size=1  best_taylor=0.7380  best_ilamb=0.4688  (4.8 min)
  trial  325/1000  pareto_size=1  best_taylor=0.7380  best_ilamb=0.4688  (5.2 min)
  trial  346/1000  pareto_size=1  best_taylor=0.7380  best_ilamb=0.4688  (5.5 min)
  trial  367/1000  pareto_size=2  best_taylor=0.7380  best_ilamb=0.4688  (5.9 min)
  trial  389/1000  pareto_size=2  best_taylor=0.7610  best_ilamb=0.5328  (6.2 min)
  trial  410/1000  pareto_size=2  best_taylor=0.7610  best_ilamb=0.5328  (6.5 min)
  trial  423/1000  pareto_size=2  best_taylor=0.7610  best_ilamb=0.5328  (6.9 min)
  trial  439/1000  pareto_size=2  best_taylor=0.7610  best_ilamb=0.5328  (7.2 min)
  trial  458/1000  pareto_size=2  best_taylor=0.7610  best_ilamb=0.5328  (7.6 min)
  trial  476/1000  pareto_size=3  best_taylor=0.7619  best_ilamb=0.4760  (7.9 min)
  trial  497/1000  pareto_size=3  best_taylor=0.7619  best_ilamb=0.4760  (8.3 min)
  trial  518/1000  pareto_size=3  best_taylor=0.7619  best_ilamb=0.4760  (8.6 min)
  trial  540/1000  pareto_size=3  best_taylor=0.7619  best_ilamb=0.4760  (9.0 min)
  trial  561/1000  pareto_size=3  best_taylor=0.7619  best_ilamb=0.4760  (9.3 min)
  trial  583/1000  pareto_size=3  best_taylor=0.7619  best_ilamb=0.4760  (9.6 min)
  trial  605/1000  pareto_size=3  best_taylor=0.7619  best_ilamb=0.4760  (10.0 min)
  trial  627/1000  pareto_size=3  best_taylor=0.7619  best_ilamb=0.4760  (10.3 min)
  trial  650/1000  pareto_size=3  best_taylor=0.7619  best_ilamb=0.4760  (10.7 min)
  trial  672/1000  pareto_size=3  best_taylor=0.7619  best_ilamb=0.4760  (11.0 min)
  trial  692/1000  pareto_size=3  best_taylor=0.7619  best_ilamb=0.4760  (11.4 min)
  trial  714/1000  pareto_size=4  best_taylor=0.7619  best_ilamb=0.5255  (11.7 min)
  trial  737/1000  pareto_size=5  best_taylor=0.7750  best_ilamb=0.5255  (12.1 min)
  trial  758/1000  pareto_size=3  best_taylor=0.7750  best_ilamb=0.5255  (12.4 min)
  trial  781/1000  pareto_size=4  best_taylor=0.7750  best_ilamb=0.5301  (12.7 min)
  trial  804/1000  pareto_size=4  best_taylor=0.7750  best_ilamb=0.5301  (13.1 min)
  trial  827/1000  pareto_size=5  best_taylor=0.7750  best_ilamb=0.5301  (13.4 min)
  trial  850/1000  pareto_size=6  best_taylor=0.7750  best_ilamb=0.5301  (13.8 min)
  trial  873/1000  pareto_size=8  best_taylor=0.7750  best_ilamb=0.5301  (14.1 min)
  trial  896/1000  pareto_size=8  best_taylor=0.7750  best_ilamb=0.5301  (14.5 min)
  trial  919/1000  pareto_size=9  best_taylor=0.7750  best_ilamb=0.5301  (14.8 min)
  trial  942/1000  pareto_size=9  best_taylor=0.7750  best_ilamb=0.5301  (15.2 min)
  trial  961/1000  pareto_size=9  best_taylor=0.7750  best_ilamb=0.5301  (15.5 min)
  trial  979/1000  pareto_size=10  best_taylor=0.7750  best_ilamb=0.5301  (15.8 min)
  trial  999/1000  pareto_size=10  best_taylor=0.7750  best_ilamb=0.5301  (16.2 min)

[done] 1000 trials in 16.2 min
[pareto] 10 non-dominated trials, 10 with fp_score >= 0.85
[chosen] trial 756: ILAMB=0.4741  fp_score=0.9838  ratio=0.90
[best] Bias=0.6300  RMSE=0.3847  Seas=0.7825  Spatial=0.1884  Overall=0.4741
[diag] raw rate land-mean (yr^-1): 0.02394  (target ~ 0.06362)
[write] D:\FIRE_OFFLINE\models\C\params.samericaho.json
[write] D:\FIRE_OFFLINE\ilamb\MODELS\ED-ModelC-final\burntArea.samericaho.nc  (9.1 MB)
=== done S.America exit=0 ===
=== fitting SEAsia TRAIN 2001-2012 (TAG=seasiaho, RATE_AMP) ===
[I 2026-06-11 13:19:39,103] A new study created in memory with name: no-name-cd4786af-3b83-419a-8795-d5c3dcc772bf
[I 2026-06-11 13:19:40,176] Trial 0 finished with values: [-0.7237682394121918, 0.020885623762862515] and parameters: {'k1': 0.012840669372724958, 'D_low': 171.2446447678494, 'k2': 0.0002442377596403892, 'D_high': 714.4571308652828, 'fire_exp': 1.0601964743503993, 'P_half': 4.213183643253957, 'pre_dampen_half': 16.009350908593582, 'gpp_af': 0.016306190741524337, 'gpp_b': 0.006999112505425414, 'gpp_d': 545.0253444559129, 'ign_k': 6.705921794825829, 'ign_c': 7.832259769732471, 'trop_agb_crit': 8.0091368834625, 'trop_k_veg': 2.520089655463604, 'fire_amp': 2.7806853670293616}.
[I 2026-06-11 13:19:41,282] Trial 1 finished with values: [10.76582895654354, 10.76582895654354] and parameters: {'k1': 0.00031489116479568613, 'D_low': 6351.221010640702, 'k2': 0.008471801418819975, 'D_high': 2481.0409748678126, 'fire_exp': 1.4322493718230251, 'P_half': 4.2070539502879365, 'pre_dampen_half': 0.0195172246414495, 'gpp_af': 21.42302175774105, 'gpp_b': 0.040428727350273294, 'gpp_d': 34.70266988650411, 'ign_k': 0.0012087541473056963, 'ign_c': 757.9479953347999, 'trop_agb_crit': 16.967533607196547, 'trop_k_veg': 0.9008485225328876, 'fire_amp': 1.3851197621057665}.
[I 2026-06-11 13:19:42,402] Trial 2 finished with values: [10.760293097754595, 10.760293097754595] and parameters: {'k1': 5.415244119402538e-05, 'D_low': 16.480446427978972, 'k2': 0.0012561043700013551, 'D_high': 534.2937261279774, 'fire_exp': 1.9553708662745248, 'P_half': 280.163515871626, 'pre_dampen_half': 0.04982752357076448, 'gpp_af': 0.028888383623653185, 'gpp_b': 0.0015782327810795573, 'gpp_d': 1.9069966103000422, 'ign_k': 1.382623217936987, 'ign_c': 0.6290644294586147, 'trop_agb_crit': 5.748924681991978, 'trop_k_veg': 2.584093506411774, 'fire_amp': 1.0867895322868466}.
[I 2026-06-11 13:19:43,559] Trial 3 finished with values: [10.769230768928226, 10.769230768928226] and parameters: {'k1': 0.0026926469100861782, 'D_low': 4.809461967501573, 'k2': 1.8205657658407255e-05, 'D_high': 62451.395747430804, 'fire_exp': 9.23915031962725, 'P_half': 1712.3375973163984, 'pre_dampen_half': 0.3334792728637583, 'gpp_af': 0.0030786517836196197, 'gpp_b': 0.12746711578215045, 'gpp_d': 1.587678152692399, 'ign_k': 0.003077180271250686, 'ign_c': 9.565499215943817, 'trop_agb_crit': 1.1240768803005543, 'trop_k_veg': 6.221582596639011, 'fire_amp': 1.5899005744404588}.
[I 2026-06-11 13:19:44,665] Trial 4 finished with values: [10.761525425279588, 10.761525425279588] and parameters: {'k1': 0.004467752817973905, 'D_low': 17.65404805249507, 'k2': 0.0012030178871154666, 'D_high': 1537.592023548176, 'fire_exp': 1.5305744365500176, 'P_half': 7556.810141274427, 'pre_dampen_half': 75.10418138777538, 'gpp_af': 49.830438374949125, 'gpp_b': 2.3386439256208704, 'gpp_d': 9.761125443110442, 'ign_k': 4.869640941520899, 'ign_c': 0.22592797420156951, 'trop_agb_crit': 1.9475582306295418, 'trop_k_veg': 0.5667990147757791, 'fire_amp': 1.7912500010961188}.
[I 2026-06-11 13:19:45,879] Trial 5 finished with values: [10.697326512922547, 10.697326512922547] and parameters: {'k1': 0.00035868164986275477, 'D_low': 12.172958098369968, 'k2': 0.02065142557895925, 'D_high': 267.3088310781672, 'fire_exp': 1.9095652801045373, 'P_half': 148.17820606039086, 'pre_dampen_half': 0.050654860639753524, 'gpp_af': 10.25616274847308, 'gpp_b': 2.800940363375676e-05, 'gpp_d': 859.8737339212263, 'ign_k': 1.2273800987852967, 'ign_c': 0.6235377135673155, 'trop_agb_crit': 1.0189592979395135, 'trop_k_veg': 4.796046723963646, 'fire_amp': 3.548476438923424}.
[I 2026-06-11 13:19:47,072] Trial 6 finished with values: [10.764889158842495, 10.764889158842495] and parameters: {'k1': 0.00824192526487645, 'D_low': 1216.4139351417061, 'k2': 1.97778285124627e-05, 'D_high': 271.55819552829405, 'fire_exp': 1.305777134899723, 'P_half': 2834.090429514774, 'pre_dampen_half': 13.076473382928533, 'gpp_af': 0.04513257622008944, 'gpp_b': 2.4063018320720924e-05, 'gpp_d': 0.3588488911386258, 'ign_k': 0.01998634077852888, 'ign_c': 82.87522363768154, 'trop_agb_crit': 8.74479618932312, 'trop_k_veg': 5.85168037586392, 'fire_amp': 2.330529660087218}.
[I 2026-06-11 13:19:48,229] Trial 7 finished with values: [10.769071629252528, 10.769071629252528] and parameters: {'k1': 3.0086868214458443e-05, 'D_low': 712.8188058401365, 'k2': 0.011044350847124691, 'D_high': 1758.364027000852, 'fire_exp': 5.901564798023388, 'P_half': 94.44574254983563, 'pre_dampen_half': 4.108318894699926, 'gpp_af': 0.137310924682403, 'gpp_b': 1.420740499067604e-05, 'gpp_d': 0.034630370261191847, 'ign_k': 0.0013357240411974098, 'ign_c': 35.12704726270843, 'trop_agb_crit': 2.9130095015495914, 'trop_k_veg': 2.048095183109572, 'fire_amp': 5.0842159235079025}.
[I 2026-06-11 13:19:49,328] Trial 8 finished with values: [10.769230768928226, 10.769230768928226] and parameters: {'k1': 9.935023909063687e-05, 'D_low': 43.805807679056535, 'k2': 0.010524574681335632, 'D_high': 82.26074946221037, 'fire_exp': 1.1939328726535439, 'P_half': 14.421346497969488, 'pre_dampen_half': 0.06398916399944082, 'gpp_af': 44.51314315649209, 'gpp_b': 0.7058660227368639, 'gpp_d': 14.689898077648792, 'ign_k': 3.06085221067225, 'ign_c': 163.94127471631597, 'trop_agb_crit': 1.8861950443028859, 'trop_k_veg': 5.9390657068063915, 'fire_amp': 2.6283902041435616}.
[I 2026-06-11 13:19:50,542] Trial 9 finished with values: [10.709063411639649, 10.709063411639649] and parameters: {'k1': 0.016973078532467004, 'D_low': 3840.3004190988563, 'k2': 0.0001870742013766025, 'D_high': 27.55546207779663, 'fire_exp': 1.6901885781909627, 'P_half': 51.10120656497163, 'pre_dampen_half': 123.04779330083686, 'gpp_af': 20.12115544906385, 'gpp_b': 1.1008110571039521e-05, 'gpp_d': 3.57879245350232, 'ign_k': 0.0467351899956275, 'ign_c': 0.773448215664679, 'trop_agb_crit': 1.5033346993841157, 'trop_k_veg': 1.2749676887479542, 'fire_amp': 5.416595007374148}.
[I 2026-06-11 13:19:51,769] Trial 10 finished with values: [10.769230768928226, 10.769230768928226] and parameters: {'k1': 0.00019625093208439862, 'D_low': 118.89469769530467, 'k2': 0.006487477066058677, 'D_high': 284.78585168562967, 'fire_exp': 9.370916815598129, 'P_half': 7076.022085822009, 'pre_dampen_half': 0.18151456496577564, 'gpp_af': 0.3063673848555845, 'gpp_b': 0.0006386602091836768, 'gpp_d': 0.2655843450849988, 'ign_k': 0.0014045842344024703, 'ign_c': 27.431991397796672, 'trop_agb_crit': 5.527361503993262, 'trop_k_veg': 0.5767088252796749, 'fire_amp': 1.6475139271479562}.
[I 2026-06-11 13:19:52,840] Trial 11 finished with values: [10.769230637946665, 10.769230637946665] and parameters: {'k1': 0.042959927905391264, 'D_low': 9.083381663660585, 'k2': 3.798214508453257e-05, 'D_high': 907.4256288983863, 'fire_exp': 9.674988425050117, 'P_half': 9.29439415564499, 'pre_dampen_half': 22.944454507601968, 'gpp_af': 6.428328717564121, 'gpp_b': 0.00026657858841301916, 'gpp_d': 43.76044634724402, 'ign_k': 0.029589152820953094, 'ign_c': 33.82387201936214, 'trop_agb_crit': 8.62581622692092, 'trop_k_veg': 2.2085488395582877, 'fire_amp': 1.1755987008531337}.
[I 2026-06-11 13:19:53,934] Trial 12 finished with values: [10.769023495284301, 10.769023495284301] and parameters: {'k1': 0.02193865417811505, 'D_low': 19.192001101561882, 'k2': 5.572807500029961e-05, 'D_high': 14.557961490251989, 'fire_exp': 3.898458749305194, 'P_half': 513.1654955148325, 'pre_dampen_half': 0.01210428510799503, 'gpp_af': 0.36346725534286806, 'gpp_b': 0.0002285465401900534, 'gpp_d': 16.821470258034143, 'ign_k': 0.004982711200081134, 'ign_c': 58.04314717414065, 'trop_agb_crit': 3.726104236509946, 'trop_k_veg': 6.7128246388513295, 'fire_amp': 1.2794169340673422}.
[I 2026-06-11 13:19:55,032] Trial 13 finished with values: [10.747561971962416, 10.747561971962416] and parameters: {'k1': 0.00023134781612225627, 'D_low': 2.843767489444367, 'k2': 0.0499774937030317, 'D_high': 32311.521854410956, 'fire_exp': 1.811096651915224, 'P_half': 436.4516946807792, 'pre_dampen_half': 121.93011993958949, 'gpp_af': 0.5970408652384318, 'gpp_b': 0.015062722325200045, 'gpp_d': 0.1619054449471649, 'ign_k': 0.002357279455676982, 'ign_c': 388.02797007866826, 'trop_agb_crit': 21.380932890222198, 'trop_k_veg': 2.8926781829782864, 'fire_amp': 1.8357623383234334}.
[I 2026-06-11 13:19:56,212] Trial 14 finished with values: [10.769230768928226, 10.769230768928226] and parameters: {'k1': 0.00024936660834465205, 'D_low': 801.3508750140625, 'k2': 0.0387651117091163, 'D_high': 35346.441441965806, 'fire_exp': 6.023869375703683, 'P_half': 369.93598999597504, 'pre_dampen_half': 0.026345098397336078, 'gpp_af': 0.00642900214221209, 'gpp_b': 2.462210228732003, 'gpp_d': 10.768254179081206, 'ign_k': 0.0010883991813938126, 'ign_c': 0.25461628161276906, 'trop_agb_crit': 9.551521678079945, 'trop_k_veg': 0.5070663123919332, 'fire_amp': 1.3339298352621864}.
[I 2026-06-11 13:19:57,335] Trial 15 finished with values: [10.769229990138781, 10.769229990138781] and parameters: {'k1': 0.001566517163094646, 'D_low': 585.5726588796255, 'k2': 0.004053638704742309, 'D_high': 78.90004262668583, 'fire_exp': 5.154413091020758, 'P_half': 8.89193644629625, 'pre_dampen_half': 0.4236414938631993, 'gpp_af': 5.400786701286536, 'gpp_b': 0.07903098490824653, 'gpp_d': 176.24510039685507, 'ign_k': 0.42702329684055446, 'ign_c': 18.760068220300635, 'trop_agb_crit': 1.3752099014456878, 'trop_k_veg': 1.3859384729785302, 'fire_amp': 1.6083018222627783}.
[I 2026-06-11 13:19:58,485] Trial 16 finished with values: [10.769221000931548, 10.769221000931548] and parameters: {'k1': 9.461469059966113e-05, 'D_low': 7799.059237255678, 'k2': 0.00037358626308127543, 'D_high': 36998.679204890876, 'fire_exp': 4.2769938521987285, 'P_half': 1510.9330261674459, 'pre_dampen_half': 3.2597587933173577, 'gpp_af': 0.76651282046602, 'gpp_b': 0.009017915528354467, 'gpp_d': 0.09467055845337147, 'ign_k': 0.7759048401667639, 'ign_c': 1.327667883604765, 'trop_agb_crit': 1.0862195895119262, 'trop_k_veg': 2.9936160189545182, 'fire_amp': 1.373469110848509}.
[I 2026-06-11 13:19:59,615] Trial 17 finished with values: [10.769230768928226, 10.769230768928226] and parameters: {'k1': 0.05778755734457457, 'D_low': 6542.056762893129, 'k2': 0.04565176372646328, 'D_high': 302.4369161272648, 'fire_exp': 1.0362310858538248, 'P_half': 5167.425813322413, 'pre_dampen_half': 1.3833139021965035, 'gpp_af': 68.11991466118579, 'gpp_b': 6.049505313715197, 'gpp_d': 184.0972398983907, 'ign_k': 0.015058980408366392, 'ign_c': 3.470490935437501, 'trop_agb_crit': 18.081400596781233, 'trop_k_veg': 1.2038770175361675, 'fire_amp': 1.3548493046145347}.
