[I 2026-08-19 15:03:44,032] Trial 724 finished with value: -0.43646668447903225 and parameters: {'k1': 0.017117382187446822, 'D_low': 7.4395503891407895, 'k2': 3.529678072153498e-05, 'D_high': 2317358.2484866437, 'fire_exp': 3.3129776408779845, 'P_half': 1.0961708998982906, 'pre_dampen_half': 3.409120020703246, 'gpp_af': 0.0017451468774176133, 'gpp_b': 1.0745410285573973e-05, 'gpp_d': 0.531301611199998, 'ign_k': 9.559417738257142, 'ign_c': 1.578412444030623, 'trop_agb_crit': 29.016529610308666, 'trop_k_veg': 0.521580955508244, 'pop_amp': 7.099117345353888, 'pop_peak': 140.49032756319355, 'pop_sig': 0.8037512518534885, 'fuel_k': 0.0824010878495831, 'fuel_half': 0.20313104538405893}. Best is trial 421 with value: -0.6216386034937503.
  trial  725/2500  best_overall=0.6216  (39.7 min)
[I 2026-08-19 15:03:46,911] Trial 725 finished with value: -0.4197861914194604 and parameters: {'k1': 0.011302939449261277, 'D_low': 161.469259421016, 'k2': 0.03229560904492701, 'D_high': 2906611.850161416, 'fire_exp': 1.5922753341899187, 'P_half': 6081.394907032926, 'pre_dampen_half': 2.1033098381718918, 'gpp_af': 0.004172216001965003, 'gpp_b': 0.00015141327438957623, 'gpp_d': 0.4297856201863233, 'ign_k': 0.24121129629813082, 'ign_c': 29.782746559270432, 'trop_agb_crit': 24.24923487520363, 'trop_k_veg': 6.238243095004422, 'pop_amp': 0.2248712272187778, 'pop_peak': 300.0536108826603, 'pop_sig': 0.36252342732309595, 'fuel_k': 0.6113586109264101, 'fuel_half': 0.13587730951919771}. Best is trial 421 with value: -0.6216386034937503.
[I 2026-08-19 15:03:49,805] Trial 726 finished with value: -0.5306479935726844 and parameters: {'k1': 0.0005477027442886438, 'D_low': 14.452971159209751, 'k2': 0.00019360681258748488, 'D_high': 5921946.886251406, 'fire_exp': 1.9698838381765904, 'P_half': 5.483590619928302, 'pre_dampen_half': 0.12442538869218418, 'gpp_af': 0.011457329366309917, 'gpp_b': 6.614390392776723e-05, 'gpp_d': 2.1219344299495275, 'ign_k': 0.0478722181221354, 'ign_c': 1.2411947054543992, 'trop_agb_crit': 4.1958020281059625, 'trop_k_veg': 5.622202564696277, 'pop_amp': 0.046585260479989, 'pop_peak': 232.82536007168298, 'pop_sig': 0.3793045608909812, 'fuel_k': 2.625826756244282, 'fuel_half': 0.22177113460100328}. Best is trial 421 with value: -0.6216386034937503.
[I 2026-08-19 15:03:52,554] Trial 727 finished with value: -0.43570835627315185 and parameters: {'k1': 5.866338190584348e-05, 'D_low': 2477.1518403020073, 'k2': 2.2424241845010595e-05, 'D_high': 47459.38205273468, 'fire_exp': 2.200092195897401, 'P_half': 59.974106223029146, 'pre_dampen_half': 16.185038549382128, 'gpp_af': 0.0015232763594663797, 'gpp_b': 0.00012407813577754276, 'gpp_d': 2.387421578197314, 'ign_k': 0.3899086581113312, 'ign_c': 0.7534185855590048, 'trop_agb_crit': 13.196213093630552, 'trop_k_veg': 0.9306326128029919, 'pop_amp': 0.07181925646835301, 'pop_peak': 0.5516153459477926, 'pop_sig': 1.8281070176220033, 'fuel_k': 0.12108348812977565, 'fuel_half': 0.40819307896389356}. Best is trial 421 with value: -0.6216386034937503.
[I 2026-08-19 15:03:55,413] Trial 728 finished with value: -0.4223426133245745 and parameters: {'k1': 2.7829234146969443e-05, 'D_low': 3.382924397438096, 'k2': 0.00010352732937939054, 'D_high': 1173874.234050615, 'fire_exp': 1.3551688471118308, 'P_half': 4.472129929841839, 'pre_dampen_half': 0.09897216007990772, 'gpp_af': 0.1410707010279089, 'gpp_b': 7.578571927485516e-05, 'gpp_d': 1.2920225039764515, 'ign_k': 0.10714154327198457, 'ign_c': 71.88506502704045, 'trop_agb_crit': 5.760265893808542, 'trop_k_veg': 5.144623895591043, 'pop_amp': 0.0420969514435116, 'pop_peak': 58.698982479296404, 'pop_sig': 0.401259057688039, 'fuel_k': 2.066428880853067, 'fuel_half': 0.12664038884051418}. Best is trial 421 with value: -0.6216386034937503.
[I 2026-08-19 15:03:58,436] Trial 729 finished with value: -0.4253494275183704 and parameters: {'k1': 0.0011890415717920027, 'D_low': 23.072995336910807, 'k2': 5.506406344032621e-05, 'D_high': 437686.7701607413, 'fire_exp': 1.6968397200416403, 'P_half': 1703.422551942072, 'pre_dampen_half': 0.7827634102544396, 'gpp_af': 0.0015010254740015201, 'gpp_b': 0.00015449415820483793, 'gpp_d': 7.037167782281464, 'ign_k': 0.035987588667529845, 'ign_c': 27.81024346112442, 'trop_agb_crit': 8.386289648748583, 'trop_k_veg': 3.1908501855705382, 'pop_amp': 0.7890119897978376, 'pop_peak': 150.31026609117188, 'pop_sig': 1.1431845162651306, 'fuel_k': 0.06363462615065026, 'fuel_half': 0.19816931399608734}. Best is trial 421 with value: -0.6216386034937503.
[I 2026-08-19 15:04:01,240] Trial 730 finished with value: -0.3554625854118624 and parameters: {'k1': 0.06078025803643353, 'D_low': 112.66545951266647, 'k2': 3.0124970133758017e-05, 'D_high': 546238.3634035498, 'fire_exp': 1.9342409512833674, 'P_half': 40.56839066033058, 'pre_dampen_half': 0.9651829850517372, 'gpp_af': 0.021779760113668382, 'gpp_b': 0.00024127420561674006, 'gpp_d': 0.01432985085380036, 'ign_k': 0.8276975952484914, 'ign_c': 73.46196924052222, 'trop_agb_crit': 9.600211635532968, 'trop_k_veg': 1.7392990887961866, 'pop_amp': 0.18776741981478062, 'pop_peak': 2.1873349054390814, 'pop_sig': 2.1071355015039606, 'fuel_k': 0.013349915531516113, 'fuel_half': 1.3616382731348962}. Best is trial 421 with value: -0.6216386034937503.
[I 2026-08-19 15:04:04,026] Trial 731 finished with value: -0.5318797247835472 and parameters: {'k1': 0.00015496213070999106, 'D_low': 19.8370275251383, 'k2': 0.00111450038577455, 'D_high': 2951204.7795631364, 'fire_exp': 1.4223823512965745, 'P_half': 5.774694022977948, 'pre_dampen_half': 0.2898306383106615, 'gpp_af': 0.16355952134049762, 'gpp_b': 0.0010824016078059995, 'gpp_d': 2.5727532252513505, 'ign_k': 0.6296792276628377, 'ign_c': 19.077142372375302, 'trop_agb_crit': 12.397926563216728, 'trop_k_veg': 7.123331674120826, 'pop_amp': 0.0597583844581348, 'pop_peak': 30.73221104795325, 'pop_sig': 0.5130148164370114, 'fuel_k': 0.2575609474395699, 'fuel_half': 0.15495792076839027}. Best is trial 421 with value: -0.6216386034937503.
[I 2026-08-19 15:04:06,447] Trial 732 finished with value: -0.5691429972412918 and parameters: {'k1': 0.00012198938112981117, 'D_low': 617.1678413685868, 'k2': 0.00017795479703926222, 'D_high': 916024.2605304235, 'fire_exp': 1.3925647184489005, 'P_half': 3.450202562488687, 'pre_dampen_half': 0.41330852565925624, 'gpp_af': 0.18524411804860336, 'gpp_b': 0.02423534775417216, 'gpp_d': 12.854210956635987, 'ign_k': 0.07475461237960032, 'ign_c': 0.5325256906440656, 'trop_agb_crit': 19.404435599052746, 'trop_k_veg': 4.157831457639059, 'pop_amp': 4.137300523855938, 'pop_peak': 11.526635249243043, 'pop_sig': 0.6103738569405582, 'fuel_k': 0.6896373316453462, 'fuel_half': 0.12160846869588299}. Best is trial 421 with value: -0.6216386034937503.
  trial  733/2500  best_overall=0.6216  (40.0 min)
[I 2026-08-19 15:04:10,134] Trial 733 finished with value: -0.41417140613091535 and parameters: {'k1': 0.0010943895392787459, 'D_low': 604.4875029942609, 'k2': 0.00017349181365003855, 'D_high': 3435882.3684421494, 'fire_exp': 1.8725046286727347, 'P_half': 161.28575993028466, 'pre_dampen_half': 4.943061761229142, 'gpp_af': 0.04323511609158497, 'gpp_b': 0.044802081465932314, 'gpp_d': 0.014421233183579183, 'ign_k': 0.44312974884981055, 'ign_c': 1.5448126593533074, 'trop_agb_crit': 17.553819881377652, 'trop_k_veg': 3.492744676126821, 'pop_amp': 0.8072048183040387, 'pop_peak': 102.05709123835467, 'pop_sig': 1.8572640412855683, 'fuel_k': 0.04247392322503563, 'fuel_half': 0.27234300029312747}. Best is trial 421 with value: -0.6216386034937503.
[I 2026-08-19 15:04:13,417] Trial 734 finished with value: -0.565094573483762 and parameters: {'k1': 0.0002362821433583122, 'D_low': 236.88498267842238, 'k2': 9.309021575443755e-05, 'D_high': 254568.51780085842, 'fire_exp': 2.8297088046714083, 'P_half': 179.8431397915058, 'pre_dampen_half': 176.67456894887914, 'gpp_af': 0.0022518159910454474, 'gpp_b': 2.9761158822957385e-05, 'gpp_d': 8.099114729100998, 'ign_k': 0.5231826223429985, 'ign_c': 0.24103537624032084, 'trop_agb_crit': 24.75488137563828, 'trop_k_veg': 1.7454340063785807, 'pop_amp': 0.7301073938861874, 'pop_peak': 4.435043778265223, 'pop_sig': 1.4326960021619515, 'fuel_k': 0.060614113428477154, 'fuel_half': 4.0297594443107645}. Best is trial 421 with value: -0.6216386034937503.
[I 2026-08-19 15:04:16,558] Trial 735 finished with value: -0.48445258083160986 and parameters: {'k1': 5.392145189245207e-05, 'D_low': 183.69319319320638, 'k2': 2.6264884940153072e-05, 'D_high': 3503344.023691073, 'fire_exp': 1.9208116900017294, 'P_half': 1.2645407004229408, 'pre_dampen_half': 0.19791327568571013, 'gpp_af': 1.289825999116454, 'gpp_b': 0.0004317523439828187, 'gpp_d': 6.701004822642925, 'ign_k': 0.19306657087030885, 'ign_c': 17.34586447170057, 'trop_agb_crit': 6.022432509365894, 'trop_k_veg': 2.8777868180176958, 'pop_amp': 0.126594124583252, 'pop_peak': 37.5729939104347, 'pop_sig': 0.3358663135984695, 'fuel_k': 0.2499436151674968, 'fuel_half': 4.610709094160031}. Best is trial 421 with value: -0.6216386034937503.
[I 2026-08-19 15:04:19,137] Trial 736 finished with value: -0.5360520314366649 and parameters: {'k1': 0.000704323506516953, 'D_low': 16.49796418949105, 'k2': 3.085389356485597e-05, 'D_high': 6572218.839430329, 'fire_exp': 1.3940524732278678, 'P_half': 95.1222625958303, 'pre_dampen_half': 16.544996621328938, 'gpp_af': 0.011956483967376438, 'gpp_b': 0.00022816902997030677, 'gpp_d': 0.07150818035270361, 'ign_k': 1.9162031636528394, 'ign_c': 10.124613137120306, 'trop_agb_crit': 8.210398429791583, 'trop_k_veg': 2.5931009638498907, 'pop_amp': 0.13566401156890626, 'pop_peak': 0.3283898336880509, 'pop_sig': 2.166806000787974, 'fuel_k': 0.9370375734129116, 'fuel_half': 0.24021774334146684}. Best is trial 421 with value: -0.6216386034937503.
[I 2026-08-19 15:04:22,243] Trial 737 finished with value: -0.3647662886086557 and parameters: {'k1': 0.0011386836786909335, 'D_low': 12.260462980530074, 'k2': 0.0006758014006632357, 'D_high': 831062.450201101, 'fire_exp': 3.289994210152005, 'P_half': 564.0455189962374, 'pre_dampen_half': 336.6337985753997, 'gpp_af': 0.001267908508184712, 'gpp_b': 0.009598386788827665, 'gpp_d': 56.66250888298367, 'ign_k': 0.13327973608122187, 'ign_c': 7.30726602529592, 'trop_agb_crit': 17.376382958702262, 'trop_k_veg': 3.450913913901876, 'pop_amp': 1.4862355739877335, 'pop_peak': 55.7375703809696, 'pop_sig': 0.3340825232939278, 'fuel_k': 0.04576403960480607, 'fuel_half': 0.7301758038174678}. Best is trial 421 with value: -0.6216386034937503.
[I 2026-08-19 15:04:26,186] Trial 738 finished with value: -0.6014765849896315 and parameters: {'k1': 0.0010766592257585618, 'D_low': 47.46270895778295, 'k2': 0.0013831975826182252, 'D_high': 6739892.976974294, 'fire_exp': 1.0392842789230938, 'P_half': 1.182365985673816, 'pre_dampen_half': 0.4363938285093617, 'gpp_af': 0.07110558037037153, 'gpp_b': 0.0018484691554020434, 'gpp_d': 4.48935989314939, 'ign_k': 0.05765481737959213, 'ign_c': 2.5660730812055084, 'trop_agb_crit': 11.185864852397517, 'trop_k_veg': 1.8673762694621927, 'pop_amp': 0.07403791108515412, 'pop_peak': 57.389362817358396, 'pop_sig': 0.29813934059016, 'fuel_k': 2.0663130677614, 'fuel_half': 0.20976560699594224}. Best is trial 421 with value: -0.6216386034937503.
[I 2026-08-19 15:04:29,485] Trial 739 finished with value: -0.5831576450726855 and parameters: {'k1': 0.0017392302823360263, 'D_low': 3.498583859353125, 'k2': 0.0008591559335275717, 'D_high': 6136978.390504213, 'fire_exp': 1.0334256218550457, 'P_half': 4.9285555509763315, 'pre_dampen_half': 4.88082252072028, 'gpp_af': 0.7327136062288714, 'gpp_b': 0.031522432278396025, 'gpp_d': 1.9453062387839781, 'ign_k': 0.029398746225924845, 'ign_c': 0.9892152313868796, 'trop_agb_crit': 7.0785589735123695, 'trop_k_veg': 1.7302695822439946, 'pop_amp': 0.29497475793773786, 'pop_peak': 6.499661234820837, 'pop_sig': 0.2728899979918215, 'fuel_k': 0.826654695570993, 'fuel_half': 0.4944887578076593}. Best is trial 421 with value: -0.6216386034937503.
  trial  740/2500  best_overall=0.6216  (40.4 min)
[I 2026-08-19 15:04:32,787] Trial 740 finished with value: -0.4529660214708177 and parameters: {'k1': 2.878614075486196e-05, 'D_low': 5.0313036253862, 'k2': 0.006984784020466899, 'D_high': 1981865.8048987153, 'fire_exp': 1.2348717404851606, 'P_half': 1.7737702843219545, 'pre_dampen_half': 1.0469055723406386, 'gpp_af': 0.021543606224652834, 'gpp_b': 0.05598289933049632, 'gpp_d': 18.77086540068242, 'ign_k': 0.1079978592506755, 'ign_c': 4.671375072044524, 'trop_agb_crit': 9.300970192369197, 'trop_k_veg': 4.288083561665061, 'pop_amp': 0.34349734275489335, 'pop_peak': 420.4728524981546, 'pop_sig': 0.30584754538622855, 'fuel_k': 2.095964031608646, 'fuel_half': 0.12390484915245034}. Best is trial 421 with value: -0.6216386034937503.
[I 2026-08-19 15:04:35,339] Trial 741 finished with value: -0.5846600036540397 and parameters: {'k1': 0.0008561885313980312, 'D_low': 19.294362484878025, 'k2': 0.009923761132893068, 'D_high': 1888084.5026722292, 'fire_exp': 1.1664191808571314, 'P_half': 3.757493613321649, 'pre_dampen_half': 1.2054301715768552, 'gpp_af': 0.06233730163734917, 'gpp_b': 9.624731181373626e-05, 'gpp_d': 24.133264934597474, 'ign_k': 0.3714219830565329, 'ign_c': 0.267554443098857, 'trop_agb_crit': 22.2530129526245, 'trop_k_veg': 2.0469888885670544, 'pop_amp': 0.0028057839883286017, 'pop_peak': 182.2305609545914, 'pop_sig': 0.40127346044455825, 'fuel_k': 0.7827843395950379, 'fuel_half': 0.22320204269084934}. Best is trial 421 with value: -0.6216386034937503.
[I 2026-08-19 15:04:38,125] Trial 742 finished with value: -0.5282282609542518 and parameters: {'k1': 0.00022943296732957187, 'D_low': 1090.8847700342374, 'k2': 5.4113702999193426e-05, 'D_high': 7473230.828138274, 'fire_exp': 1.2306585959490186, 'P_half': 5.446009816363537, 'pre_dampen_half': 0.20732026251150087, 'gpp_af': 0.21659141863016976, 'gpp_b': 0.0006002219228596017, 'gpp_d': 1.7600381822761113, 'ign_k': 0.06285034481392142, 'ign_c': 0.8079307455114247, 'trop_agb_crit': 12.439369124451598, 'trop_k_veg': 2.05093851609247, 'pop_amp': 0.03418881907122224, 'pop_peak': 23.93975202724466, 'pop_sig': 0.2558562541054559, 'fuel_k': 0.5331708583805315, 'fuel_half': 0.6509211817408073}. Best is trial 421 with value: -0.6216386034937503.
[I 2026-08-19 15:04:42,191] Trial 743 finished with value: -0.533973935634328 and parameters: {'k1': 9.712094953676712e-05, 'D_low': 21.603303248774456, 'k2': 0.00011791861304416142, 'D_high': 1233277.1828006485, 'fire_exp': 1.385768818305843, 'P_half': 89.40261506419472, 'pre_dampen_half': 1.129023675837898, 'gpp_af': 0.0020084759764728024, 'gpp_b': 0.00016089769535816784, 'gpp_d': 19.73121965253616, 'ign_k': 2.1742375469628694, 'ign_c': 0.9747900055876992, 'trop_agb_crit': 20.1856696914969, 'trop_k_veg': 1.1645244498106508, 'pop_amp': 0.02163105091695434, 'pop_peak': 0.7978192408441059, 'pop_sig': 1.0503090626003881, 'fuel_k': 0.2723886003634248, 'fuel_half': 1.2594331072331104}. Best is trial 421 with value: -0.6216386034937503.
[I 2026-08-19 15:04:45,399] Trial 744 finished with value: -0.46586092474258783 and parameters: {'k1': 0.016809392075825103, 'D_low': 546.7506258030293, 'k2': 1.6075813729144164e-05, 'D_high': 132341.84562755586, 'fire_exp': 1.0698455422962292, 'P_half': 23.928842924217243, 'pre_dampen_half': 4.103144550197392, 'gpp_af': 0.00535314792525081, 'gpp_b': 7.378000218943809e-05, 'gpp_d': 0.05639919692852054, 'ign_k': 0.19994007187338578, 'ign_c': 2.1498133287174013, 'trop_agb_crit': 10.94297209230102, 'trop_k_veg': 2.3061251157774136, 'pop_amp': 2.1023239603193353, 'pop_peak': 24.159257940001233, 'pop_sig': 1.9399764981093919, 'fuel_k': 0.011719181140652176, 'fuel_half': 0.26340437258257277}. Best is trial 421 with value: -0.6216386034937503.
[I 2026-08-19 15:04:48,496] Trial 745 finished with value: -0.4112782685884765 and parameters: {'k1': 0.0024925705469902365, 'D_low': 287.5400662715958, 'k2': 0.00023051433737106164, 'D_high': 746195.0183292878, 'fire_exp': 6.7977852417116065, 'P_half': 6.576982268042943, 'pre_dampen_half': 89.96328797106851, 'gpp_af': 0.10468151791530433, 'gpp_b': 1.3376339692234887e-05, 'gpp_d': 1.357010358021784, 'ign_k': 0.015659605085919397, 'ign_c': 0.2302501770797691, 'trop_agb_crit': 14.548877887910761, 'trop_k_veg': 4.970933517431921, 'pop_amp': 0.10655137135335137, 'pop_peak': 1.593212955066114, 'pop_sig': 1.8425180190216743, 'fuel_k': 0.9919976994506986, 'fuel_half': 0.2158834481670242}. Best is trial 421 with value: -0.6216386034937503.
[I 2026-08-19 15:04:51,524] Trial 746 finished with value: -0.5387942403303632 and parameters: {'k1': 0.0040222650287944865, 'D_low': 127.76636020823771, 'k2': 0.001204037018234241, 'D_high': 3180808.8448589, 'fire_exp': 1.272548835009504, 'P_half': 2.223180364075885, 'pre_dampen_half': 0.06627483168675048, 'gpp_af': 0.502650822515008, 'gpp_b': 0.005256871408571109, 'gpp_d': 156.8406247381304, 'ign_k': 0.004676547520584776, 'ign_c': 7.248936472572076, 'trop_agb_crit': 5.303995470983017, 'trop_k_veg': 1.2994998506433, 'pop_amp': 0.06278006202895493, 'pop_peak': 23.32220317662283, 'pop_sig': 0.3512073438991092, 'fuel_k': 4.01964078222299, 'fuel_half': 0.27411423126951007}. Best is trial 421 with value: -0.6216386034937503.
  trial  747/2500  best_overall=0.6216  (40.8 min)
[I 2026-08-19 15:04:54,626] Trial 747 finished with value: -0.4246200615103888 and parameters: {'k1': 1.1718110224073555e-05, 'D_low': 216173.54301382168, 'k2': 2.2969768439697002e-05, 'D_high': 118839.0193807869, 'fire_exp': 1.0938611420937394, 'P_half': 534.4807196696999, 'pre_dampen_half': 1.728241539259892, 'gpp_af': 0.1130763357210667, 'gpp_b': 1.2667699707425085e-05, 'gpp_d': 0.25812724858654823, 'ign_k': 3.206380885587004, 'ign_c': 1.12646097270773, 'trop_agb_crit': 21.517671547024452, 'trop_k_veg': 1.228008823626213, 'pop_amp': 0.0309788588901904, 'pop_peak': 0.1344796562162368, 'pop_sig': 1.9480009649366345, 'fuel_k': 0.8108819817862316, 'fuel_half': 6.594678001588532}. Best is trial 421 with value: -0.6216386034937503.
[I 2026-08-19 15:04:57,413] Trial 748 finished with value: -0.413951644910535 and parameters: {'k1': 0.0006087978069986974, 'D_low': 8.54269335065941, 'k2': 0.0002674147969663523, 'D_high': 294396.88892166887, 'fire_exp': 1.1509915101036616, 'P_half': 3.320739727580168, 'pre_dampen_half': 0.13615301314118225, 'gpp_af': 0.2976154109029126, 'gpp_b': 0.00047095802199384853, 'gpp_d': 0.027724011168882224, 'ign_k': 0.010968429906519509, 'ign_c': 17.312814674918695, 'trop_agb_crit': 8.942454275941662, 'trop_k_veg': 5.689213733982426, 'pop_amp': 0.12888987573074853, 'pop_peak': 126.57348103187478, 'pop_sig': 0.31231779785798564, 'fuel_k': 0.23730776387097632, 'fuel_half': 0.9769796349360657}. Best is trial 421 with value: -0.6216386034937503.
[I 2026-08-19 15:04:59,919] Trial 749 finished with value: -0.43931244512084966 and parameters: {'k1': 0.00033587798203528024, 'D_low': 6.66584019172951, 'k2': 0.030381207647450496, 'D_high': 183986.53298391146, 'fire_exp': 1.2260317607738853, 'P_half': 3.419292091694453, 'pre_dampen_half': 8.411595404055495, 'gpp_af': 21.578259420631902, 'gpp_b': 0.01218799712244831, 'gpp_d': 10.671292241599916, 'ign_k': 0.30675253444499395, 'ign_c': 3.059891114199867, 'trop_agb_crit': 24.327542948122378, 'trop_k_veg': 6.75477568674635, 'pop_amp': 0.8100748521851295, 'pop_peak': 1.63920399117398, 'pop_sig': 0.32242468307404615, 'fuel_k': 3.8900018639017953, 'fuel_half': 0.19713749053516857}. Best is trial 421 with value: -0.6216386034937503.
[I 2026-08-19 15:05:02,896] Trial 750 finished with value: -0.471159534722576 and parameters: {'k1': 0.04378600319854531, 'D_low': 1082.3871511775749, 'k2': 3.606511320398624e-05, 'D_high': 811298.9198784316, 'fire_exp': 1.0617966957516205, 'P_half': 2.161289057976035, 'pre_dampen_half': 1.3005460747092783, 'gpp_af': 0.006357427344276645, 'gpp_b': 0.0006320781292334522, 'gpp_d': 4.238553808206275, 'ign_k': 0.37212441863062157, 'ign_c': 0.9532880283954469, 'trop_agb_crit': 7.813414254525425, 'trop_k_veg': 2.0719349391745645, 'pop_amp': 0.008481106604966829, 'pop_peak': 26.01027627568168, 'pop_sig': 0.3359044267814563, 'fuel_k': 5.7636473900206076, 'fuel_half': 0.8686410383676977}. Best is trial 421 with value: -0.6216386034937503.
[I 2026-08-19 15:05:05,442] Trial 751 finished with value: -0.48267224767297046 and parameters: {'k1': 0.0008923145251368593, 'D_low': 123.27618810080618, 'k2': 3.9053374998360916e-05, 'D_high': 1006139.35213601, 'fire_exp': 4.782567576633667, 'P_half': 66.89065237947091, 'pre_dampen_half': 0.852551310173644, 'gpp_af': 0.1170125711982001, 'gpp_b': 1.1321155767415323e-05, 'gpp_d': 4.804069417098728, 'ign_k': 0.10860746418612785, 'ign_c': 1.313725649485879, 'trop_agb_crit': 11.664970108885049, 'trop_k_veg': 2.563122832604585, 'pop_amp': 0.2512527896969195, 'pop_peak': 12.294364222520414, 'pop_sig': 0.5803945538974693, 'fuel_k': 0.052082249055551685, 'fuel_half': 9.115492528629813}. Best is trial 421 with value: -0.6216386034937503.
[I 2026-08-19 15:05:08,111] Trial 752 finished with value: -0.46702587012770513 and parameters: {'k1': 0.003850469338759344, 'D_low': 18.823242928611386, 'k2': 0.0006151023447451894, 'D_high': 2579239.509984036, 'fire_exp': 1.0236845835875343, 'P_half': 7.304906536254912, 'pre_dampen_half': 10.643356565046826, 'gpp_af': 0.74610154256544, 'gpp_b': 1.6919817023971866, 'gpp_d': 2.995335227755473, 'ign_k': 0.07323296041090654, 'ign_c': 0.10548284135341707, 'trop_agb_crit': 21.433500915453052, 'trop_k_veg': 6.751295208320381, 'pop_amp': 0.14144935260252955, 'pop_peak': 0.7100807899442313, 'pop_sig': 0.34807281247616456, 'fuel_k': 0.18518972778247478, 'fuel_half': 0.18674102203118823}. Best is trial 421 with value: -0.6216386034937503.
