[I 2026-06-10 21:54:16,076] Trial 150 finished with values: [-0.4786428562478294, 0.11060287496734189] and parameters: {'k1': 0.012840669372724958, 'D_low': 171.2446447678494, 'k2': 0.02065142557895925, 'D_high': 42210.21267871043, 'fire_exp': 1.0812994412809738, 'P_half': 61.6097529474144, 'pre_dampen_half': 4.603480758878793, 'gpp_af': 0.016306190741524337, 'gpp_b': 2.800940363375676e-05, 'gpp_d': 0.7698760608299932, 'ign_k': 0.0029519227433917453, 'ign_c': 1.9423015749984096, 'trop_agb_crit': 8.0091368834625, 'trop_k_veg': 2.520089655463604, 'fire_amp': 1.5180207449214471}.
[I 2026-06-10 21:54:17,857] Trial 151 finished with values: [10.724208515096274, 10.724208515096274] and parameters: {'k1': 0.00026539376439360527, 'D_low': 2186.356344942016, 'k2': 0.08661811390647982, 'D_high': 24.9899605789089, 'fire_exp': 1.111738490499784, 'P_half': 9.580682294110435, 'pre_dampen_half': 189.36639872354493, 'gpp_af': 37.28155624293858, 'gpp_b': 1.4008921101492135e-05, 'gpp_d': 7.631016235941559, 'ign_k': 0.09256855841989636, 'ign_c': 7.832259769732471, 'trop_agb_crit': 21.086120736447015, 'trop_k_veg': 0.5183533149347164, 'fire_amp': 1.4475279918261055}.
[I 2026-06-10 21:54:19,575] Trial 152 finished with values: [10.382330851197409, 10.382330851197409] and parameters: {'k1': 0.00031134168041628584, 'D_low': 12.105387404469584, 'k2': 0.003767022142229395, 'D_high': 30227.031291375773, 'fire_exp': 1.41873960828944, 'P_half': 4.213183643253957, 'pre_dampen_half': 16.009350908593582, 'gpp_af': 1.9706963379095486, 'gpp_b': 1.3415796596713932e-05, 'gpp_d': 0.12878367369717508, 'ign_k': 0.00840038491455979, 'ign_c': 7.081721844034206, 'trop_agb_crit': 1.0693376406863295, 'trop_k_veg': 0.6673124511410327, 'fire_amp': 1.5719333351012774}.
[I 2026-06-10 21:54:21,383] Trial 153 finished with values: [10.26796387477833, 10.26796387477833] and parameters: {'k1': 0.014666151770108535, 'D_low': 1440.3650379563878, 'k2': 0.0004976087827261435, 'D_high': 42210.21267871043, 'fire_exp': 1.14171776851287, 'P_half': 157.80309954142965, 'pre_dampen_half': 1.6130673726933187, 'gpp_af': 27.448645214004376, 'gpp_b': 2.176805640408474e-05, 'gpp_d': 236.32429088389833, 'ign_k': 0.0029519227433917453, 'ign_c': 13.054148118849394, 'trop_agb_crit': 12.647327018493208, 'trop_k_veg': 2.520089655463604, 'fire_amp': 5.606809127618709}.
[I 2026-06-10 21:54:23,302] Trial 154 finished with values: [10.817202272164119, 10.817202272164119] and parameters: {'k1': 0.05705198955850472, 'D_low': 1739.6167422846984, 'k2': 0.01567230746060024, 'D_high': 44974.07193749848, 'fire_exp': 3.2459542834651627, 'P_half': 101.40635645866499, 'pre_dampen_half': 98.05638874011484, 'gpp_af': 1.7775411110039254, 'gpp_b': 0.16285506249643175, 'gpp_d': 95.2715755007094, 'ign_k': 3.6309591863459096, 'ign_c': 2.2489542843914485, 'trop_agb_crit': 3.5874145253515306, 'trop_k_veg': 0.6488368931910606, 'fire_amp': 2.818314238665462}.
[I 2026-06-10 21:54:25,134] Trial 155 finished with values: [10.668810795847024, 10.668810795847024] and parameters: {'k1': 0.012840669372724958, 'D_low': 171.2446447678494, 'k2': 0.00037358626308127543, 'D_high': 36998.679204890876, 'fire_exp': 1.305777134899723, 'P_half': 2834.090429514774, 'pre_dampen_half': 1.8469033699850426, 'gpp_af': 0.04513257622008944, 'gpp_b': 2.176805640408474e-05, 'gpp_d': 0.3588488911386258, 'ign_k': 0.01998634077852888, 'ign_c': 0.4177928311636542, 'trop_agb_crit': 12.647327018493208, 'trop_k_veg': 5.85168037586392, 'fire_amp': 2.330529660087218}.
[I 2026-06-10 21:54:26,881] Trial 156 finished with values: [10.782146531279928, 10.782146531279928] and parameters: {'k1': 0.0029067012153229104, 'D_low': 347.03605955441515, 'k2': 1.5178052094448868e-05, 'D_high': 315.101491238403, 'fire_exp': 1.305777134899723, 'P_half': 2834.090429514774, 'pre_dampen_half': 1.8469033699850426, 'gpp_af': 0.04513257622008944, 'gpp_b': 9.497440085397415e-05, 'gpp_d': 0.3588488911386258, 'ign_k': 0.01998634077852888, 'ign_c': 0.4177928311636542, 'trop_agb_crit': 8.74479618932312, 'trop_k_veg': 5.85168037586392, 'fire_amp': 2.804180410489304}.
[I 2026-06-10 21:54:28,637] Trial 157 finished with values: [10.818544066233233, 10.818544066233233] and parameters: {'k1': 0.00023134781612225627, 'D_low': 2.843767489444367, 'k2': 0.0499774937030317, 'D_high': 949.9072859745386, 'fire_exp': 1.14171776851287, 'P_half': 157.80309954142965, 'pre_dampen_half': 1.8469033699850426, 'gpp_af': 97.64961889396923, 'gpp_b': 0.03719354588132657, 'gpp_d': 0.1619054449471649, 'ign_k': 0.17320535908244444, 'ign_c': 0.4177928311636542, 'trop_agb_crit': 8.188098178380693, 'trop_k_veg': 5.453348988480011, 'fire_amp': 1.8357623383234334}.
[I 2026-06-10 21:54:30,491] Trial 158 finished with values: [10.80404899295391, 10.80404899295391] and parameters: {'k1': 0.012840669372724958, 'D_low': 171.2446447678494, 'k2': 8.968733598183248e-05, 'D_high': 252.84086172415604, 'fire_exp': 1.2918065501148304, 'P_half': 93.43302657318476, 'pre_dampen_half': 0.011396414164620812, 'gpp_af': 14.161176080022173, 'gpp_b': 2.176805640408474e-05, 'gpp_d': 0.03927259340973166, 'ign_k': 0.0029519227433917453, 'ign_c': 1.4879588507789996, 'trop_agb_crit': 12.647327018493208, 'trop_k_veg': 2.520089655463604, 'fire_amp': 5.606809127618709}.
[I 2026-06-10 21:54:32,276] Trial 159 finished with values: [10.822016866317622, 10.822016866317622] and parameters: {'k1': 0.0869690639641868, 'D_low': 2267.735223551285, 'k2': 3.152468275632564e-05, 'D_high': 48235.58283024493, 'fire_exp': 5.850436756059748, 'P_half': 118.94665366442581, 'pre_dampen_half': 9.044346216330972, 'gpp_af': 0.09885838682552685, 'gpp_b': 2.1309331861011757e-05, 'gpp_d': 0.4742269251269962, 'ign_k': 1.6270983114897255, 'ign_c': 0.10435856341129002, 'trop_agb_crit': 3.108985631683375, 'trop_k_veg': 1.508040082046931, 'fire_amp': 2.054769179924021}.
[I 2026-06-10 21:54:34,068] Trial 160 finished with values: [10.599247713804003, 10.599247713804003] and parameters: {'k1': 0.00026539376439360527, 'D_low': 408.3047491580097, 'k2': 0.08661811390647982, 'D_high': 24.9899605789089, 'fire_exp': 1.111738490499784, 'P_half': 1.4551749476072258, 'pre_dampen_half': 189.88136301569827, 'gpp_af': 37.28155624293858, 'gpp_b': 0.002416023630607169, 'gpp_d': 21.899070557043984, 'ign_k': 0.09256855841989636, 'ign_c': 7.832259769732471, 'trop_agb_crit': 1.8023542850487386, 'trop_k_veg': 1.6648666152166967, 'fire_amp': 1.1655705619308396}.
[I 2026-06-10 21:54:35,859] Trial 161 finished with values: [10.833333333029685, 10.833333333029685] and parameters: {'k1': 4.739584301027366e-05, 'D_low': 37.13474360443033, 'k2': 5.105542986365652e-05, 'D_high': 22.636544662054543, 'fire_exp': 1.3201882743050743, 'P_half': 83.08114652888392, 'pre_dampen_half': 0.32128420171885896, 'gpp_af': 0.0662749342026412, 'gpp_b': 0.010483435442445016, 'gpp_d': 0.1448983619020909, 'ign_k': 3.965503094323014, 'ign_c': 157.63098727399432, 'trop_agb_crit': 8.462233625364036, 'trop_k_veg': 0.6272168087516332, 'fire_amp': 3.0602124456299986}.
[I 2026-06-10 21:54:37,646] Trial 162 finished with values: [10.415669809594046, 10.415669809594046] and parameters: {'k1': 0.00031134168041628584, 'D_low': 12.105387404469584, 'k2': 0.003767022142229395, 'D_high': 431.45617043093523, 'fire_exp': 1.0601964743503993, 'P_half': 4.213183643253957, 'pre_dampen_half': 38.00678588560607, 'gpp_af': 1.9706963379095486, 'gpp_b': 1.4540386644083135e-05, 'gpp_d': 0.12878367369717508, 'ign_k': 0.00840038491455979, 'ign_c': 48.704711413416454, 'trop_agb_crit': 1.0693376406863295, 'trop_k_veg': 0.6673124511410327, 'fire_amp': 4.19233232783727}.
[I 2026-06-10 21:54:39,450] Trial 163 finished with values: [12.618732170957907, 12.618732170957907] and parameters: {'k1': 0.0032360993995751053, 'D_low': 12.105387404469584, 'k2': 0.003767022142229395, 'D_high': 431.45617043093523, 'fire_exp': 1.0601964743503993, 'P_half': 4.213183643253957, 'pre_dampen_half': 38.00678588560607, 'gpp_af': 1.9706963379095486, 'gpp_b': 1.4540386644083135e-05, 'gpp_d': 46.010874324515754, 'ign_k': 0.00840038491455979, 'ign_c': 48.704711413416454, 'trop_agb_crit': 1.0693376406863295, 'trop_k_veg': 5.636143940068465, 'fire_amp': 5.831305332032283}.
[I 2026-06-10 21:54:41,313] Trial 164 finished with values: [10.447753414605348, 10.447753414605348] and parameters: {'k1': 0.00035868164986275477, 'D_low': 1.2768174677433957, 'k2': 0.01183296705746878, 'D_high': 42210.21267871043, 'fire_exp': 1.2918065501148304, 'P_half': 148.17820606039086, 'pre_dampen_half': 0.050654860639753524, 'gpp_af': 0.2204465010099918, 'gpp_b': 2.800940363375676e-05, 'gpp_d': 0.03927259340973166, 'ign_k': 0.22970993031159073, 'ign_c': 0.6235377135673155, 'trop_agb_crit': 4.140875693557523, 'trop_k_veg': 2.520089655463604, 'fire_amp': 3.713485315741754}.
[I 2026-06-10 21:54:43,084] Trial 165 finished with values: [10.81338446952394, 10.81338446952394] and parameters: {'k1': 0.0004846497679219079, 'D_low': 148.21691630007544, 'k2': 0.019383858782150494, 'D_high': 241.42596390104578, 'fire_exp': 1.2060040899560858, 'P_half': 4303.306161410612, 'pre_dampen_half': 123.04779330083686, 'gpp_af': 0.10098504976210308, 'gpp_b': 3.1906667956153174, 'gpp_d': 1.4397852866783676, 'ign_k': 0.0467351899956275, 'ign_c': 0.773448215664679, 'trop_agb_crit': 12.9667438075127, 'trop_k_veg': 2.724170387400844, 'fire_amp': 2.7806853670293616}.
[I 2026-06-10 21:54:44,744] Trial 166 finished with values: [10.833308183743096, 10.833308183743096] and parameters: {'k1': 5.7909642338812115e-05, 'D_low': 171.2446447678494, 'k2': 0.008919267853250165, 'D_high': 32311.521854410956, 'fire_exp': 4.2769938521987285, 'P_half': 1265.0580856641704, 'pre_dampen_half': 1.8469033699850426, 'gpp_af': 0.2204465010099918, 'gpp_b': 0.03719354588132657, 'gpp_d': 0.09467055845337147, 'ign_k': 0.17320535908244444, 'ign_c': 0.4177928311636542, 'trop_agb_crit': 12.647327018493208, 'trop_k_veg': 5.453348988480011, 'fire_amp': 5.606809127618709}.
[I 2026-06-10 21:54:46,627] Trial 167 finished with values: [10.811669976821612, 10.811669976821612] and parameters: {'k1': 0.032270237615157994, 'D_low': 148.21691630007544, 'k2': 0.00037358626308127543, 'D_high': 570.8731724249576, 'fire_exp': 2.3820146568432237, 'P_half': 93.43302657318476, 'pre_dampen_half': 8.259599205585761, 'gpp_af': 0.015627364027979502, 'gpp_b': 2.176805640408474e-05, 'gpp_d': 0.09467055845337147, 'ign_k': 0.0029519227433917453, 'ign_c': 39.52220881906114, 'trop_agb_crit': 12.647327018493208, 'trop_k_veg': 6.172643383211297, 'fire_amp': 1.032981306188127}.
[I 2026-06-10 21:54:48,430] Trial 168 finished with values: [10.786830085387814, 10.786830085387814] and parameters: {'k1': 1.1281785190969807e-05, 'D_low': 15.0613200804335, 'k2': 5.153993511603138e-05, 'D_high': 1266.9536563782303, 'fire_exp': 1.4848387260494937, 'P_half': 45.55085098454082, 'pre_dampen_half': 2.736251365128462, 'gpp_af': 29.700320404259642, 'gpp_b': 5.0875243087016374e-05, 'gpp_d': 7.631016235941559, 'ign_k': 0.001229921046579313, 'ign_c': 99.96359851911319, 'trop_agb_crit': 1.456074715900995, 'trop_k_veg': 6.030247256556128, 'fire_amp': 1.4475279918261055}.
[I 2026-06-10 21:54:50,229] Trial 169 finished with values: [10.800714708906474, 10.800714708906474] and parameters: {'k1': 0.00023134781612225627, 'D_low': 2.843767489444367, 'k2': 2.316457903103837e-05, 'D_high': 949.9072859745386, 'fire_exp': 1.14171776851287, 'P_half': 157.80309954142965, 'pre_dampen_half': 9.044346216330972, 'gpp_af': 27.448645214004376, 'gpp_b': 0.0012749409641020352, 'gpp_d': 0.03848886303127135, 'ign_k': 0.002357279455676982, 'ign_c': 388.02797007866826, 'trop_agb_crit': 8.188098178380693, 'trop_k_veg': 0.6618107836658104, 'fire_amp': 2.6192385880432525}.
[I 2026-06-10 21:54:51,937] Trial 170 finished with values: [-0.42862656598903287, 0.17134007034649423] and parameters: {'k1': 0.00026539376439360527, 'D_low': 1074.940539517341, 'k2': 0.0001016707987819611, 'D_high': 262.11304189124235, 'fire_exp': 1.111738490499784, 'P_half': 12.262543158860007, 'pre_dampen_half': 8.259599205585761, 'gpp_af': 3.298293484806585, 'gpp_b': 0.00012118589392553798, 'gpp_d': 545.0253444559129, 'ign_k': 3.965503094323014, 'ign_c': 1.4091459170104739, 'trop_agb_crit': 1.8023542850487386, 'trop_k_veg': 6.172643383211297, 'fire_amp': 2.042193818779288}.
[I 2026-06-10 21:54:53,658] Trial 171 finished with values: [10.808732641438272, 10.808732641438272] and parameters: {'k1': 0.00026539376439360527, 'D_low': 8832.039346746853, 'k2': 0.019383858782150494, 'D_high': 6682.9607218310075, 'fire_exp': 1.264103030891254, 'P_half': 2.226799690893868, 'pre_dampen_half': 0.16974173693738634, 'gpp_af': 0.060029341913968644, 'gpp_b': 0.00013164432569139702, 'gpp_d': 0.26636419343091605, 'ign_k': 0.0032383308053152635, 'ign_c': 1.364908766641693, 'trop_agb_crit': 12.9667438075127, 'trop_k_veg': 2.99731137426955, 'fire_amp': 2.042193818779288}.
[I 2026-06-10 21:54:55,594] Trial 172 finished with values: [10.502526477844656, 10.502526477844656] and parameters: {'k1': 0.00026539376439360527, 'D_low': 1074.940539517341, 'k2': 1.1417577140741129e-05, 'D_high': 29.126651668813768, 'fire_exp': 1.9783727454920947, 'P_half': 1.4551749476072258, 'pre_dampen_half': 30.456909077772018, 'gpp_af': 1.3954498518315706, 'gpp_b': 0.006999112505425414, 'gpp_d': 47.35384181058586, 'ign_k': 0.09256855841989636, 'ign_c': 7.832259769732471, 'trop_agb_crit': 1.8023542850487386, 'trop_k_veg': 1.6648666152166967, 'fire_amp': 4.2446263054164195}.
[I 2026-06-10 21:54:57,453] Trial 173 finished with values: [10.83151181371815, 10.83151181371815] and parameters: {'k1': 0.012840669372724958, 'D_low': 171.2446447678494, 'k2': 0.0011135501184757278, 'D_high': 42210.21267871043, 'fire_exp': 4.2769938521987285, 'P_half': 61.6097529474144, 'pre_dampen_half': 4.603480758878793, 'gpp_af': 0.014724438934285355, 'gpp_b': 0.0004125336560355494, 'gpp_d': 0.7698760608299932, 'ign_k': 0.0029519227433917453, 'ign_c': 39.52220881906114, 'trop_agb_crit': 2.0527418919564324, 'trop_k_veg': 0.5618951132741115, 'fire_amp': 1.2393473789150806}.
[I 2026-06-10 21:54:59,283] Trial 174 finished with values: [10.740394528239731, 10.740394528239731] and parameters: {'k1': 0.012840669372724958, 'D_low': 148.21691630007544, 'k2': 0.0011135501184757278, 'D_high': 42210.21267871043, 'fire_exp': 1.2918065501148304, 'P_half': 4303.306161410612, 'pre_dampen_half': 8.259599205585761, 'gpp_af': 0.10098504976210308, 'gpp_b': 0.0004125336560355494, 'gpp_d': 545.0253444559129, 'ign_k': 0.0029519227433917453, 'ign_c': 1.9423015749984096, 'trop_agb_crit': 5.588032458772675, 'trop_k_veg': 2.724170387400844, 'fire_amp': 1.2393473789150806}.
[I 2026-06-10 21:55:01,087] Trial 175 finished with values: [10.750354907744175, 10.750354907744175] and parameters: {'k1': 0.012840669372724958, 'D_low': 171.2446447678494, 'k2': 0.00037358626308127543, 'D_high': 36998.679204890876, 'fire_exp': 4.2769938521987285, 'P_half': 93.43302657318476, 'pre_dampen_half': 30.697381831179275, 'gpp_af': 0.2204465010099918, 'gpp_b': 2.176805640408474e-05, 'gpp_d': 0.09467055845337147, 'ign_k': 0.0029519227433917453, 'ign_c': 39.52220881906114, 'trop_agb_crit': 12.647327018493208, 'trop_k_veg': 2.520089655463604, 'fire_amp': 5.606809127618709}.
[I 2026-06-10 21:55:02,987] Trial 176 finished with values: [-0.45243020368740505, 0.2898447061973084] and parameters: {'k1': 0.006079905434073396, 'D_low': 43.2326421037033, 'k2': 2.316457903103837e-05, 'D_high': 2295.7398214549485, 'fire_exp': 1.0420149135640993, 'P_half': 12.262543158860007, 'pre_dampen_half': 189.36639872354493, 'gpp_af': 3.298293484806585, 'gpp_b': 0.006999112505425414, 'gpp_d': 0.030844007727232167, 'ign_k': 0.02779045054796808, 'ign_c': 7.832259769732471, 'trop_agb_crit': 8.188098178380693, 'trop_k_veg': 1.6648666152166967, 'fire_amp': 5.869450070968175}.
[I 2026-06-10 21:55:04,849] Trial 177 finished with values: [10.786557609648284, 10.786557609648284] and parameters: {'k1': 0.006079905434073396, 'D_low': 450.9719064153485, 'k2': 4.933751600448335e-05, 'D_high': 42.242359735170886, 'fire_exp': 1.7792742686803427, 'P_half': 157.3644610977214, 'pre_dampen_half': 37.40930273158252, 'gpp_af': 96.4653310890222, 'gpp_b': 0.00047819318414852577, 'gpp_d': 9.482548804624958, 'ign_k': 0.0018548376790967168, 'ign_c': 99.96359851911319, 'trop_agb_crit': 8.0091368834625, 'trop_k_veg': 6.030247256556128, 'fire_amp': 1.5587346124822492}.
[I 2026-06-10 21:55:06,701] Trial 178 finished with values: [10.758866390373848, 10.758866390373848] and parameters: {'k1': 0.017276056747028225, 'D_low': 1739.6167422846984, 'k2': 0.02939607009739149, 'D_high': 44974.07193749848, 'fire_exp': 3.2459542834651627, 'P_half': 101.40635645866499, 'pre_dampen_half': 1.3767835510755015, 'gpp_af': 1.7775411110039254, 'gpp_b': 0.00013164432569139702, 'gpp_d': 95.2715755007094, 'ign_k': 0.09256855841989636, 'ign_c': 2.2489542843914485, 'trop_agb_crit': 3.5874145253515306, 'trop_k_veg': 2.1406449943451844, 'fire_amp': 2.042193818779288}.
[I 2026-06-10 21:55:08,403] Trial 179 finished with values: [10.82429234665772, 10.82429234665772] and parameters: {'k1': 0.0001887567630782227, 'D_low': 2396.0796124300746, 'k2': 0.0001870742013766025, 'D_high': 18108.14362107968, 'fire_exp': 1.9136159174067866, 'P_half': 4303.306161410612, 'pre_dampen_half': 123.04779330083686, 'gpp_af': 1.3954498518315706, 'gpp_b': 1.8400604093141188, 'gpp_d': 3.57879245350232, 'ign_k': 0.0467351899956275, 'ign_c': 0.773448215664679, 'trop_agb_crit': 1.8285200278523417, 'trop_k_veg': 2.724170387400844, 'fire_amp': 4.2446263054164195}.
[I 2026-06-10 21:55:10,385] Trial 180 finished with values: [10.796959740592268, 10.796959740592268] and parameters: {'k1': 0.0003445931091927334, 'D_low': 1.7551403048208316, 'k2': 0.045914852167405346, 'D_high': 431.45617043093523, 'fire_exp': 1.41873960828944, 'P_half': 3.591771421517613, 'pre_dampen_half': 0.011396414164620812, 'gpp_af': 1.9706963379095486, 'gpp_b': 0.00807491410172472, 'gpp_d': 46.010874324515754, 'ign_k': 0.00840038491455979, 'ign_c': 48.704711413416454, 'trop_agb_crit': 12.708819454040446, 'trop_k_veg': 0.5535297685306277, 'fire_amp': 1.5719333351012774}.
[I 2026-06-10 21:55:12,280] Trial 181 finished with values: [10.833333333029685, 10.833333333029685] and parameters: {'k1': 0.014666151770108535, 'D_low': 2186.356344942016, 'k2': 0.08661811390647982, 'D_high': 1266.9536563782303, 'fire_exp': 1.111738490499784, 'P_half': 157.80309954142965, 'pre_dampen_half': 189.36639872354493, 'gpp_af': 2.5017068255320485, 'gpp_b': 5.0875243087016374e-05, 'gpp_d': 0.03848886303127135, 'ign_k': 0.09256855841989636, 'ign_c': 7.832259769732471, 'trop_agb_crit': 2.100813292597435, 'trop_k_veg': 6.963655030926962, 'fire_amp': 1.4475279918261055}.
[I 2026-06-10 21:55:13,969] Trial 182 finished with values: [10.833232309864364, 10.833232309864364] and parameters: {'k1': 0.006079905434073396, 'D_low': 43.2326421037033, 'k2': 0.0001870742013766025, 'D_high': 42.242359735170886, 'fire_exp': 1.7792742686803427, 'P_half': 157.3644610977214, 'pre_dampen_half': 37.40930273158252, 'gpp_af': 0.10098504976210308, 'gpp_b': 0.5224805001589191, 'gpp_d': 0.027993358856978585, 'ign_k': 0.8945150807271531, 'ign_c': 16.497426799845446, 'trop_agb_crit': 4.1382568201479, 'trop_k_veg': 1.6003641872536711, 'fire_amp': 1.5587346124822492}.
[I 2026-06-10 21:55:15,589] Trial 183 finished with values: [10.823708601158513, 10.823708601158513] and parameters: {'k1': 5.7909642338812115e-05, 'D_low': 12.172958098369968, 'k2': 0.032845299795769424, 'D_high': 267.3088310781672, 'fire_exp': 1.0812994412809738, 'P_half': 4303.306161410612, 'pre_dampen_half': 0.050654860639753524, 'gpp_af': 1.9998014714101113, 'gpp_b': 2.800940363375676e-05, 'gpp_d': 545.0253444559129, 'ign_k': 0.8945150807271531, 'ign_c': 22.126836566118193, 'trop_agb_crit': 8.0091368834625, 'trop_k_veg': 1.6003641872536711, 'fire_amp': 1.5587346124822492}.
[I 2026-06-10 21:55:17,663] Trial 184 finished with values: [10.73768018096846, 10.73768018096846] and parameters: {'k1': 0.012840669372724958, 'D_low': 171.2446447678494, 'k2': 0.0004976087827261435, 'D_high': 431.45617043093523, 'fire_exp': 1.0601964743503993, 'P_half': 93.43302657318476, 'pre_dampen_half': 0.011396414164620812, 'gpp_af': 1.9706963379095486, 'gpp_b': 1.4540386644083135e-05, 'gpp_d': 0.12878367369717508, 'ign_k': 0.00840038491455979, 'ign_c': 48.704711413416454, 'trop_agb_crit': 1.0693376406863295, 'trop_k_veg': 2.520089655463604, 'fire_amp': 4.19233232783727}.
[I 2026-06-10 21:55:19,826] Trial 185 finished with values: [10.816034804125902, 10.816034804125902] and parameters: {'k1': 0.0018697387216131526, 'D_low': 6010.742028864748, 'k2': 0.045914852167405346, 'D_high': 16780.50857913099, 'fire_exp': 1.41873960828944, 'P_half': 70.91190338709636, 'pre_dampen_half': 16.009350908593582, 'gpp_af': 0.008117091133892173, 'gpp_b': 0.00012118589392553798, 'gpp_d': 12.338826503601998, 'ign_k': 0.07867677706257832, 'ign_c': 7.081721844034206, 'trop_agb_crit': 4.902399583903479, 'trop_k_veg': 6.172643383211297, 'fire_amp': 1.032981306188127}.
[I 2026-06-10 21:55:21,589] Trial 186 finished with values: [15.082757763669509, 15.082757763669509] and parameters: {'k1': 0.0001887567630782227, 'D_low': 2396.0796124300746, 'k2': 0.0004976087827261435, 'D_high': 42210.21267871043, 'fire_exp': 1.2918065501148304, 'P_half': 93.43302657318476, 'pre_dampen_half': 30.456909077772018, 'gpp_af': 1.3954498518315706, 'gpp_b': 2.176805640408474e-05, 'gpp_d': 47.35384181058586, 'ign_k': 1.636529060071807, 'ign_c': 1.3431925993528124, 'trop_agb_crit': 1.8285200278523417, 'trop_k_veg': 2.520089655463604, 'fire_amp': 5.606809127618709}.
