[I 2026-06-11 12:52:59,557] Trial 377 finished with values: [10.723944772406496, 10.723944772406496] and parameters: {'k1': 0.006079905434073396, 'D_low': 2186.356344942016, 'k2': 0.00020222983754231334, 'D_high': 1266.9536563782303, 'fire_exp': 1.111738490499784, 'P_half': 93.43302657318476, 'pre_dampen_half': 253.71947027764784, 'gpp_af': 0.3877557234566633, 'gpp_b': 0.006999112505425414, 'gpp_d': 0.030844007727232167, 'ign_k': 0.02779045054796808, 'ign_c': 7.832259769732471, 'trop_agb_crit': 8.188098178380693, 'trop_k_veg': 2.520089655463604, 'fire_amp': 2.042193818779288}.
[I 2026-06-11 12:53:00,519] Trial 378 finished with values: [10.766344724985665, 10.766344724985665] and parameters: {'k1': 0.0006390695092073222, 'D_low': 236.79352040223893, 'k2': 0.08661811390647982, 'D_high': 22.46290894032395, 'fire_exp': 2.241955206082364, 'P_half': 3.591771421517613, 'pre_dampen_half': 4.847666216751353, 'gpp_af': 0.10098504976210308, 'gpp_b': 5.0875243087016374e-05, 'gpp_d': 1.336803341156552, 'ign_k': 0.0032383308053152635, 'ign_c': 1.364908766641693, 'trop_agb_crit': 2.100813292597435, 'trop_k_veg': 0.6618107836658104, 'fire_amp': 1.1626468420952578}.
[I 2026-06-11 12:53:01,451] Trial 379 finished with values: [10.646438456678425, 10.646438456678425] and parameters: {'k1': 0.03648456083047798, 'D_low': 1074.940539517341, 'k2': 1.1417577140741129e-05, 'D_high': 6682.9607218310075, 'fire_exp': 1.111738490499784, 'P_half': 2.226799690893868, 'pre_dampen_half': 4.847666216751353, 'gpp_af': 0.060029341913968644, 'gpp_b': 0.001674375583895437, 'gpp_d': 1.4397852866783676, 'ign_k': 0.09256855841989636, 'ign_c': 0.13577269394141456, 'trop_agb_crit': 1.3063813396521713, 'trop_k_veg': 5.022956259243681, 'fire_amp': 2.7806853670293616}.
[I 2026-06-11 12:53:02,357] Trial 380 finished with values: [10.618389980186516, 10.618389980186516] and parameters: {'k1': 0.00038698408508416947, 'D_low': 236.79352040223893, 'k2': 0.019383858782150494, 'D_high': 6682.9607218310075, 'fire_exp': 1.7792742686803427, 'P_half': 157.3644610977214, 'pre_dampen_half': 189.36639872354493, 'gpp_af': 1.9998014714101113, 'gpp_b': 0.001674375583895437, 'gpp_d': 594.7389794988394, 'ign_k': 0.0032383308053152635, 'ign_c': 1.364908766641693, 'trop_agb_crit': 2.100813292597435, 'trop_k_veg': 6.963655030926962, 'fire_amp': 2.7806853670293616}.
[I 2026-06-11 12:53:03,324] Trial 381 finished with values: [10.323586810779156, 10.323586810779156] and parameters: {'k1': 0.012840669372724958, 'D_low': 2.011190979341456, 'k2': 3.395181659255642e-05, 'D_high': 1266.9536563782303, 'fire_exp': 1.2060040899560858, 'P_half': 1.4551749476072258, 'pre_dampen_half': 6.881834772031151, 'gpp_af': 0.016306190741524337, 'gpp_b': 2.176805640408474e-05, 'gpp_d': 1.4397852866783676, 'ign_k': 0.0032383308053152635, 'ign_c': 7.832259769732471, 'trop_agb_crit': 2.0527418919564324, 'trop_k_veg': 2.520089655463604, 'fire_amp': 1.1626468420952578}.
[I 2026-06-11 12:53:04,211] Trial 382 finished with values: [10.242714917121399, 10.242714917121399] and parameters: {'k1': 0.0006390695092073222, 'D_low': 1074.940539517341, 'k2': 0.08661811390647982, 'D_high': 1266.9536563782303, 'fire_exp': 1.2060040899560858, 'P_half': 1.4551749476072258, 'pre_dampen_half': 28.01075698398644, 'gpp_af': 37.28155624293858, 'gpp_b': 5.0875243087016374e-05, 'gpp_d': 7.631016235941559, 'ign_k': 0.09256855841989636, 'ign_c': 1.364908766641693, 'trop_agb_crit': 1.8023542850487386, 'trop_k_veg': 0.6618107836658104, 'fire_amp': 1.1626468420952578}.
[I 2026-06-11 12:53:05,144] Trial 383 finished with values: [11.286233513250606, 11.286233513250606] and parameters: {'k1': 9.132348475718357e-05, 'D_low': 2.843767489444367, 'k2': 0.0499774937030317, 'D_high': 31301.15118850836, 'fire_exp': 1.6901885781909627, 'P_half': 3.591771421517613, 'pre_dampen_half': 79.2915624488668, 'gpp_af': 2.5017068255320485, 'gpp_b': 0.001674375583895437, 'gpp_d': 304.7488318185732, 'ign_k': 0.00660597889201953, 'ign_c': 1.364908766641693, 'trop_agb_crit': 2.100813292597435, 'trop_k_veg': 6.963655030926962, 'fire_amp': 2.7806853670293616}.
[I 2026-06-11 12:53:06,013] Trial 384 finished with values: [10.738628121059255, 10.738628121059255] and parameters: {'k1': 0.0071350717305711155, 'D_low': 1593.4806585556198, 'k2': 0.0007731571570012607, 'D_high': 31301.15118850836, 'fire_exp': 1.2798881300289222, 'P_half': 436.4516946807792, 'pre_dampen_half': 4.847666216751353, 'gpp_af': 0.41874665092828456, 'gpp_b': 0.001674375583895437, 'gpp_d': 1.336803341156552, 'ign_k': 0.001229921046579313, 'ign_c': 2.2882309479728957, 'trop_agb_crit': 2.100813292597435, 'trop_k_veg': 1.2396985988794134, 'fire_amp': 1.7912500010961188}.
[I 2026-06-11 12:53:06,963] Trial 385 finished with values: [10.535322538611194, 10.535322538611194] and parameters: {'k1': 6.318310680434653e-05, 'D_low': 4.676601116802034, 'k2': 0.0007731571570012607, 'D_high': 1266.9536563782303, 'fire_exp': 1.2060040899560858, 'P_half': 1.4551749476072258, 'pre_dampen_half': 4.847666216751353, 'gpp_af': 0.060029341913968644, 'gpp_b': 1.4008921101492135e-05, 'gpp_d': 1.4397852866783676, 'ign_k': 0.0032383308053152635, 'ign_c': 99.96359851911319, 'trop_agb_crit': 21.086120736447015, 'trop_k_veg': 5.453348988480011, 'fire_amp': 1.2060618932559806}.
[I 2026-06-11 12:53:07,895] Trial 386 finished with values: [11.64299759027995, 11.64299759027995] and parameters: {'k1': 5.178197947282869e-05, 'D_low': 236.79352040223893, 'k2': 0.0007731571570012607, 'D_high': 31301.15118850836, 'fire_exp': 1.2060040899560858, 'P_half': 1.859526645713404, 'pre_dampen_half': 37.40930273158252, 'gpp_af': 0.8144272585223832, 'gpp_b': 0.002416023630607169, 'gpp_d': 1.336803341156552, 'ign_k': 0.0032383308053152635, 'ign_c': 35.133466168692735, 'trop_agb_crit': 1.8023542850487386, 'trop_k_veg': 1.6003641872536711, 'fire_amp': 2.7806853670293616}.
[I 2026-06-11 12:53:08,827] Trial 387 finished with values: [10.601775208974837, 10.601775208974837] and parameters: {'k1': 0.012840669372724958, 'D_low': 171.2446447678494, 'k2': 1.1417577140741129e-05, 'D_high': 29.126651668813768, 'fire_exp': 1.2060040899560858, 'P_half': 251.23618639978196, 'pre_dampen_half': 4.847666216751353, 'gpp_af': 0.060029341913968644, 'gpp_b': 1.4008921101492135e-05, 'gpp_d': 1.4397852866783676, 'ign_k': 0.09256855841989636, 'ign_c': 7.832259769732471, 'trop_agb_crit': 2.100813292597435, 'trop_k_veg': 2.520089655463604, 'fire_amp': 2.042193818779288}.
[I 2026-06-11 12:53:09,709] Trial 388 finished with values: [10.550067560990932, 10.550067560990932] and parameters: {'k1': 5.178197947282869e-05, 'D_low': 669.7348618512094, 'k2': 0.0007731571570012607, 'D_high': 32311.521854410956, 'fire_exp': 1.1633452995374232, 'P_half': 45.55085098454082, 'pre_dampen_half': 1.8469033699850426, 'gpp_af': 0.41874665092828456, 'gpp_b': 0.002416023630607169, 'gpp_d': 1.336803341156552, 'ign_k': 0.001229921046579313, 'ign_c': 388.02797007866826, 'trop_agb_crit': 1.1683326952092081, 'trop_k_veg': 5.453348988480011, 'fire_amp': 2.7806853670293616}.
[I 2026-06-11 12:53:10,606] Trial 389 finished with values: [10.393740612278771, 10.393740612278771] and parameters: {'k1': 0.0014452451441203328, 'D_low': 1.3376564232104105, 'k2': 0.0499774937030317, 'D_high': 31301.15118850836, 'fire_exp': 1.2798881300289222, 'P_half': 51.10120656497163, 'pre_dampen_half': 75.10418138777538, 'gpp_af': 0.007531064950403672, 'gpp_b': 0.015062722325200045, 'gpp_d': 21.899070557043984, 'ign_k': 0.00660597889201953, 'ign_c': 11.903394335305014, 'trop_agb_crit': 21.086120736447015, 'trop_k_veg': 1.2396985988794134, 'fire_amp': 1.7912500010961188}.
[I 2026-06-11 12:53:11,478] Trial 390 finished with values: [10.019899382754073, 10.019899382754073] and parameters: {'k1': 0.006079905434073396, 'D_low': 2.843767489444367, 'k2': 0.019383858782150494, 'D_high': 2295.7398214549485, 'fire_exp': 1.2060040899560858, 'P_half': 157.3644610977214, 'pre_dampen_half': 4.847666216751353, 'gpp_af': 0.060029341913968644, 'gpp_b': 0.006999112505425414, 'gpp_d': 479.80109106752894, 'ign_k': 0.8945150807271531, 'ign_c': 7.832259769732471, 'trop_agb_crit': 21.380932890222198, 'trop_k_veg': 1.6648666152166967, 'fire_amp': 5.416595007374148}.
[I 2026-06-11 12:53:12,521] Trial 391 finished with values: [-0.4363843919860345, 0.13087928335309817] and parameters: {'k1': 0.03648456083047798, 'D_low': 2.843767489444367, 'k2': 0.019383858782150494, 'D_high': 1537.592023548176, 'fire_exp': 1.2798881300289222, 'P_half': 436.4516946807792, 'pre_dampen_half': 8.259599205585761, 'gpp_af': 0.016306190741524337, 'gpp_b': 2.050348580570328e-05, 'gpp_d': 1.4397852866783676, 'ign_k': 4.869640941520899, 'ign_c': 2.2882309479728957, 'trop_agb_crit': 1.8023542850487386, 'trop_k_veg': 1.2396985988794134, 'fire_amp': 2.7806853670293616}.
[I 2026-06-11 12:53:13,454] Trial 392 finished with values: [10.76923027650889, 10.76923027650889] and parameters: {'k1': 0.0071350717305711155, 'D_low': 146.28013120517718, 'k2': 0.019383858782150494, 'D_high': 1266.9536563782303, 'fire_exp': 5.117531439790398, 'P_half': 102.93072560417136, 'pre_dampen_half': 4.847666216751353, 'gpp_af': 0.016306190741524337, 'gpp_b': 0.015062722325200045, 'gpp_d': 0.7698760608299932, 'ign_k': 0.0032383308053152635, 'ign_c': 7.081721844034206, 'trop_agb_crit': 8.0091368834625, 'trop_k_veg': 5.593985425286908, 'fire_amp': 1.5587346124822492}.
[I 2026-06-11 12:53:14,387] Trial 393 finished with values: [10.115610994518363, 10.115610994518363] and parameters: {'k1': 5.178197947282869e-05, 'D_low': 236.79352040223893, 'k2': 0.0007731571570012607, 'D_high': 31301.15118850836, 'fire_exp': 1.2060040899560858, 'P_half': 3.591771421517613, 'pre_dampen_half': 4.847666216751353, 'gpp_af': 2.5017068255320485, 'gpp_b': 0.001674375583895437, 'gpp_d': 37.19072637334467, 'ign_k': 0.001229921046579313, 'ign_c': 1.364908766641693, 'trop_agb_crit': 21.086120736447015, 'trop_k_veg': 4.61686111043599, 'fire_amp': 3.7523365308330816}.
[I 2026-06-11 12:53:15,425] Trial 394 finished with values: [10.271956233320386, 10.271956233320386] and parameters: {'k1': 0.0014452451441203328, 'D_low': 2.843767489444367, 'k2': 0.019383858782150494, 'D_high': 6682.9607218310075, 'fire_exp': 1.6901885781909627, 'P_half': 2.226799690893868, 'pre_dampen_half': 79.2915624488668, 'gpp_af': 27.78052183438328, 'gpp_b': 0.0010881810414580882, 'gpp_d': 1.4397852866783676, 'ign_k': 0.09256855841989636, 'ign_c': 11.903394335305014, 'trop_agb_crit': 21.086120736447015, 'trop_k_veg': 2.99731137426955, 'fire_amp': 3.7523365308330816}.
[I 2026-06-11 12:53:16,306] Trial 395 finished with values: [10.445294718739492, 10.445294718739492] and parameters: {'k1': 0.012840669372724958, 'D_low': 171.2446447678494, 'k2': 1.1417577140741129e-05, 'D_high': 1266.9536563782303, 'fire_exp': 1.2060040899560858, 'P_half': 93.43302657318476, 'pre_dampen_half': 4.847666216751353, 'gpp_af': 0.2204465010099918, 'gpp_b': 1.4008921101492135e-05, 'gpp_d': 0.030844007727232167, 'ign_k': 0.0032383308053152635, 'ign_c': 2.2882309479728957, 'trop_agb_crit': 2.100813292597435, 'trop_k_veg': 4.787592810917961, 'fire_amp': 2.042193818779288}.
[I 2026-06-11 12:53:17,189] Trial 396 finished with values: [10.431538306504144, 10.431538306504144] and parameters: {'k1': 0.03648456083047798, 'D_low': 236.79352040223893, 'k2': 2.091507303847255e-05, 'D_high': 6682.9607218310075, 'fire_exp': 1.2060040899560858, 'P_half': 12.262543158860007, 'pre_dampen_half': 4.847666216751353, 'gpp_af': 3.298293484806585, 'gpp_b': 0.001674375583895437, 'gpp_d': 0.1619054449471649, 'ign_k': 0.001229921046579313, 'ign_c': 1.364908766641693, 'trop_agb_crit': 12.9667438075127, 'trop_k_veg': 1.6648666152166967, 'fire_amp': 2.7806853670293616}.
[I 2026-06-11 12:53:18,062] Trial 397 finished with values: [11.030522818482686, 11.030522818482686] and parameters: {'k1': 0.03648456083047798, 'D_low': 83.56564873457052, 'k2': 0.019383858782150494, 'D_high': 31301.15118850836, 'fire_exp': 1.2060040899560858, 'P_half': 3.591771421517613, 'pre_dampen_half': 4.847666216751353, 'gpp_af': 0.060029341913968644, 'gpp_b': 0.00036184510553922684, 'gpp_d': 1.4397852866783676, 'ign_k': 0.0032383308053152635, 'ign_c': 1.364908766641693, 'trop_agb_crit': 21.086120736447015, 'trop_k_veg': 5.453348988480011, 'fire_amp': 5.44779717154213}.
[I 2026-06-11 12:53:18,928] Trial 398 finished with values: [10.051079550040141, 10.051079550040141] and parameters: {'k1': 0.0014452451441203328, 'D_low': 2.843767489444367, 'k2': 0.0012030178871154666, 'D_high': 1266.9536563782303, 'fire_exp': 1.6901885781909627, 'P_half': 51.10120656497163, 'pre_dampen_half': 79.2915624488668, 'gpp_af': 0.007531064950403672, 'gpp_b': 1.4008921101492135e-05, 'gpp_d': 0.7698760608299932, 'ign_k': 3.7954792742512957, 'ign_c': 2.2882309479728957, 'trop_agb_crit': 2.100813292597435, 'trop_k_veg': 1.2749676887479542, 'fire_amp': 1.7912500010961188}.
[I 2026-06-11 12:53:19,821] Trial 399 finished with values: [10.769229035453597, 10.769229035453597] and parameters: {'k1': 5.178197947282869e-05, 'D_low': 2.843767489444367, 'k2': 0.019383858782150494, 'D_high': 31301.15118850836, 'fire_exp': 3.528518316173592, 'P_half': 1858.6220273069061, 'pre_dampen_half': 4.847666216751353, 'gpp_af': 0.016306190741524337, 'gpp_b': 1.4008921101492135e-05, 'gpp_d': 0.7698760608299932, 'ign_k': 0.06445745262301897, 'ign_c': 1.364908766641693, 'trop_agb_crit': 2.100813292597435, 'trop_k_veg': 1.2396985988794134, 'fire_amp': 1.7912500010961188}.
[I 2026-06-11 12:53:20,728] Trial 400 finished with values: [-0.508945078387839, 0.2105950011486306] and parameters: {'k1': 0.0071350717305711155, 'D_low': 2.843767489444367, 'k2': 0.0007731571570012607, 'D_high': 1537.592023548176, 'fire_exp': 1.1633452995374232, 'P_half': 1.859526645713404, 'pre_dampen_half': 75.10418138777538, 'gpp_af': 0.016306190741524337, 'gpp_b': 0.015062722325200045, 'gpp_d': 0.7698760608299932, 'ign_k': 4.869640941520899, 'ign_c': 7.081721844034206, 'trop_agb_crit': 21.380932890222198, 'trop_k_veg': 2.9779319378885387, 'fire_amp': 1.7912500010961188}.
[I 2026-06-11 12:53:21,613] Trial 401 finished with values: [10.353713338585727, 10.353713338585727] and parameters: {'k1': 0.006079905434073396, 'D_low': 43.2326421037033, 'k2': 8.968733598183248e-05, 'D_high': 1537.592023548176, 'fire_exp': 1.2798881300289222, 'P_half': 436.4516946807792, 'pre_dampen_half': 75.10418138777538, 'gpp_af': 1.9998014714101113, 'gpp_b': 0.015062722325200045, 'gpp_d': 0.7698760608299932, 'ign_k': 0.00660597889201953, 'ign_c': 1.4879588507789996, 'trop_agb_crit': 8.0091368834625, 'trop_k_veg': 0.5183533149347164, 'fire_amp': 1.7912500010961188}.
[I 2026-06-11 12:53:22,528] Trial 402 finished with values: [10.365181468524822, 10.365181468524822] and parameters: {'k1': 0.03648456083047798, 'D_low': 236.79352040223893, 'k2': 0.019383858782150494, 'D_high': 1817.0401889219124, 'fire_exp': 1.111738490499784, 'P_half': 1.4551749476072258, 'pre_dampen_half': 4.847666216751353, 'gpp_af': 0.060029341913968644, 'gpp_b': 0.001674375583895437, 'gpp_d': 1.336803341156552, 'ign_k': 0.037151317999473285, 'ign_c': 22.126836566118193, 'trop_agb_crit': 1.8023542850487386, 'trop_k_veg': 6.963655030926962, 'fire_amp': 2.7806853670293616}.
[I 2026-06-11 12:53:23,428] Trial 403 finished with values: [10.703769261457918, 10.703769261457918] and parameters: {'k1': 9.132348475718357e-05, 'D_low': 236.79352040223893, 'k2': 0.019383858782150494, 'D_high': 1537.592023548176, 'fire_exp': 1.6901885781909627, 'P_half': 436.4516946807792, 'pre_dampen_half': 10.931606102061748, 'gpp_af': 0.035629505481532577, 'gpp_b': 0.005386676499630372, 'gpp_d': 21.899070557043984, 'ign_k': 0.0032383308053152635, 'ign_c': 1.364908766641693, 'trop_agb_crit': 2.100813292597435, 'trop_k_veg': 1.2396985988794134, 'fire_amp': 3.7523365308330816}.
[I 2026-06-11 12:53:24,313] Trial 404 finished with values: [10.424913176172893, 10.424913176172893] and parameters: {'k1': 0.0071350717305711155, 'D_low': 236.79352040223893, 'k2': 0.0007731571570012607, 'D_high': 1537.592023548176, 'fire_exp': 1.2060040899560858, 'P_half': 45.55085098454082, 'pre_dampen_half': 4.847666216751353, 'gpp_af': 0.41874665092828456, 'gpp_b': 0.001674375583895437, 'gpp_d': 0.7698760608299932, 'ign_k': 4.869640941520899, 'ign_c': 2.2882309479728957, 'trop_agb_crit': 12.9667438075127, 'trop_k_veg': 1.2396985988794134, 'fire_amp': 2.7806853670293616}.
[I 2026-06-11 12:53:25,191] Trial 405 finished with values: [-0.4476975772392874, 0.11195373455676039] and parameters: {'k1': 0.0012752949611679993, 'D_low': 1.4002277211577039, 'k2': 0.019383858782150494, 'D_high': 8440.303958079088, 'fire_exp': 1.2060040899560858, 'P_half': 102.93072560417136, 'pre_dampen_half': 4.847666216751353, 'gpp_af': 0.004531316405029204, 'gpp_b': 1.4008921101492135e-05, 'gpp_d': 1.4397852866783676, 'ign_k': 0.0032383308053152635, 'ign_c': 2.2882309479728957, 'trop_agb_crit': 7.332660227137139, 'trop_k_veg': 1.6648666152166967, 'fire_amp': 2.7806853670293616}.
[I 2026-06-11 12:53:26,138] Trial 406 finished with values: [11.352254697792965, 11.352254697792965] and parameters: {'k1': 0.016973078532467004, 'D_low': 146.24004590125713, 'k2': 0.019383858782150494, 'D_high': 32311.521854410956, 'fire_exp': 1.2060040899560858, 'P_half': 12.262543158860007, 'pre_dampen_half': 189.36639872354493, 'gpp_af': 3.298293484806585, 'gpp_b': 0.015062722325200045, 'gpp_d': 1.4397852866783676, 'ign_k': 0.001229921046579313, 'ign_c': 1.364908766641693, 'trop_agb_crit': 2.100813292597435, 'trop_k_veg': 1.6648666152166967, 'fire_amp': 1.5719333351012774}.
[I 2026-06-11 12:53:27,024] Trial 407 finished with values: [-0.4615654077172098, 0.14731241733527067] and parameters: {'k1': 9.132348475718357e-05, 'D_low': 236.79352040223893, 'k2': 0.019383858782150494, 'D_high': 6682.9607218310075, 'fire_exp': 1.2060040899560858, 'P_half': 3.591771421517613, 'pre_dampen_half': 4.847666216751353, 'gpp_af': 2.5017068255320485, 'gpp_b': 0.001674375583895437, 'gpp_d': 304.7488318185732, 'ign_k': 0.0032383308053152635, 'ign_c': 1.364908766641693, 'trop_agb_crit': 2.100813292597435, 'trop_k_veg': 6.963655030926962, 'fire_amp': 2.7806853670293616}.
[I 2026-06-11 12:53:27,905] Trial 408 finished with values: [10.76905994269847, 10.76905994269847] and parameters: {'k1': 0.0071350717305711155, 'D_low': 2.843767489444367, 'k2': 0.019383858782150494, 'D_high': 31301.15118850836, 'fire_exp': 1.2060040899560858, 'P_half': 1.859526645713404, 'pre_dampen_half': 0.025594692142876057, 'gpp_af': 0.004531316405029204, 'gpp_b': 0.015062722325200045, 'gpp_d': 1.4397852866783676, 'ign_k': 0.0032383308053152635, 'ign_c': 7.081721844034206, 'trop_agb_crit': 8.0091368834625, 'trop_k_veg': 0.5471865667052176, 'fire_amp': 2.7806853670293616}.
[I 2026-06-11 12:53:28,795] Trial 409 finished with values: [13.294323598109852, 13.294323598109852] and parameters: {'k1': 0.006079905434073396, 'D_low': 1.7551403048208316, 'k2': 0.0007731571570012607, 'D_high': 31301.15118850836, 'fire_exp': 1.111738490499784, 'P_half': 1.859526645713404, 'pre_dampen_half': 253.71947027764784, 'gpp_af': 0.2204465010099918, 'gpp_b': 0.006999112505425414, 'gpp_d': 1.336803341156552, 'ign_k': 0.8945150807271531, 'ign_c': 7.832259769732471, 'trop_agb_crit': 8.188098178380693, 'trop_k_veg': 2.520089655463604, 'fire_amp': 1.5587346124822492}.
[I 2026-06-11 12:53:29,691] Trial 410 finished with values: [10.706217608897445, 10.706217608897445] and parameters: {'k1': 0.0003445931091927334, 'D_low': 2186.356344942016, 'k2': 0.08661811390647982, 'D_high': 1817.0401889219124, 'fire_exp': 1.6901885781909627, 'P_half': 1.4551749476072258, 'pre_dampen_half': 121.93011993958949, 'gpp_af': 0.5970408652384318, 'gpp_b': 0.05314875633348467, 'gpp_d': 0.1619054449471649, 'ign_k': 0.002357279455676982, 'ign_c': 22.126836566118193, 'trop_agb_crit': 1.8023542850487386, 'trop_k_veg': 1.6648666152166967, 'fire_amp': 1.4475279918261055}.
[I 2026-06-11 12:53:30,668] Trial 411 finished with values: [10.025383662725567, 10.025383662725567] and parameters: {'k1': 0.0029067012153229104, 'D_low': 236.79352040223893, 'k2': 0.019383858782150494, 'D_high': 6682.9607218310075, 'fire_exp': 1.1490848108902036, 'P_half': 157.80309954142965, 'pre_dampen_half': 4.847666216751353, 'gpp_af': 2.5017068255320485, 'gpp_b': 0.001674375583895437, 'gpp_d': 0.47379914349407487, 'ign_k': 0.0032383308053152635, 'ign_c': 0.9736725715035878, 'trop_agb_crit': 2.100813292597435, 'trop_k_veg': 0.7808079158649266, 'fire_amp': 2.7806853670293616}.
[I 2026-06-11 12:53:31,818] Trial 412 finished with values: [13.330356227990556, 13.330356227990556] and parameters: {'k1': 0.0071350717305711155, 'D_low': 4.346890702031289, 'k2': 0.08661811390647982, 'D_high': 1817.0401889219124, 'fire_exp': 1.2798881300289222, 'P_half': 1.4551749476072258, 'pre_dampen_half': 75.10418138777538, 'gpp_af': 0.016306190741524337, 'gpp_b': 5.0875243087016374e-05, 'gpp_d': 545.0253444559129, 'ign_k': 0.004105873950290761, 'ign_c': 2.2882309479728957, 'trop_agb_crit': 1.8023542850487386, 'trop_k_veg': 1.2396985988794134, 'fire_amp': 1.7912500010961188}.
[I 2026-06-11 12:53:32,833] Trial 413 finished with values: [10.342719768582404, 10.342719768582404] and parameters: {'k1': 0.030699709531122967, 'D_low': 2.843767489444367, 'k2': 7.531057256501231e-05, 'D_high': 32311.521854410956, 'fire_exp': 1.1633452995374232, 'P_half': 1.859526645713404, 'pre_dampen_half': 37.40930273158252, 'gpp_af': 0.060029341913968644, 'gpp_b': 0.015062722325200045, 'gpp_d': 0.1619054449471649, 'ign_k': 0.8945150807271531, 'ign_c': 1.364908766641693, 'trop_agb_crit': 21.380932890222198, 'trop_k_veg': 1.2396985988794134, 'fire_amp': 1.5587346124822492}.
