[I 2026-06-09 12:24:42,121] Trial 1131 finished with values: [10.862365429591344, 10.862365429591344] and parameters: {'k1': 0.01549659926581634, 'D_low': 125.32726386250698, 'k2': 0.0005700142105246941, 'D_high': 23341.737328466752, 'fire_exp': 1.608176525358426, 'P_half': 28.647019533509873, 'pre_dampen_half': 673.2248920775328, 'gpp_af': 0.01942738928156656, 'gpp_b': 0.14917940786444198, 'gpp_d': 500.2195003344709, 'ign_k': 0.0010300849794948202, 'ign_c': 18.43395662181926, 'trop_agb_crit': 19.51558406059598, 'trop_k_veg': 4.8737397608275925}.
[I 2026-06-09 12:24:43,387] Trial 1132 finished with values: [10.050262095948632, 10.050262095948632] and parameters: {'k1': 0.01549659926581634, 'D_low': 300.85508055280167, 'k2': 0.0002642238654525265, 'D_high': 15024.129734649197, 'fire_exp': 2.10707132280748, 'P_half': 50.32059347286801, 'pre_dampen_half': 340.6909167027263, 'gpp_af': 1.3218737536384089, 'gpp_b': 0.002262927522655115, 'gpp_d': 1.6983565276584263, 'ign_k': 0.3242143344038317, 'ign_c': 0.20319809838424974, 'trop_agb_crit': 19.51558406059598, 'trop_k_veg': 2.0327189701599173}.
[I 2026-06-09 12:24:44,533] Trial 1133 finished with values: [-0.5147484145904474, 0.1807318023865625] and parameters: {'k1': 0.00515305301141249, 'D_low': 115.44738876452311, 'k2': 1.5412172709801895e-05, 'D_high': 39655.03094323017, 'fire_exp': 1.608176525358426, 'P_half': 1.4045842344024697, 'pre_dampen_half': 340.6909167027263, 'gpp_af': 0.01942738928156656, 'gpp_b': 0.002262927522655115, 'gpp_d': 26.003623362924223, 'ign_k': 3.1536006085184716, 'ign_c': 0.2354846262871537, 'trop_agb_crit': 1.3063813396521713, 'trop_k_veg': 4.51930447316402}.
[I 2026-06-09 12:24:45,667] Trial 1134 finished with values: [10.22123024801514, 10.22123024801514] and parameters: {'k1': 0.01549659926581634, 'D_low': 13.180029267201178, 'k2': 0.06994589881535453, 'D_high': 2253.2483815366227, 'fire_exp': 2.10707132280748, 'P_half': 149.35213816355395, 'pre_dampen_half': 566.2858823465564, 'gpp_af': 1.3218737536384089, 'gpp_b': 0.002262927522655115, 'gpp_d': 99.3234953243749, 'ign_k': 0.3242143344038317, 'ign_c': 21.132597710340573, 'trop_agb_crit': 1.3063813396521713, 'trop_k_veg': 4.51930447316402}.
[I 2026-06-09 12:24:46,817] Trial 1135 finished with values: [10.351139212171512, 10.351139212171512] and parameters: {'k1': 1.263794633808287e-05, 'D_low': 1.254144753902608, 'k2': 0.06994589881535453, 'D_high': 39655.03094323017, 'fire_exp': 2.10707132280748, 'P_half': 28.647019533509873, 'pre_dampen_half': 673.2248920775328, 'gpp_af': 0.01942738928156656, 'gpp_b': 1.7213644875359617e-05, 'gpp_d': 500.2195003344709, 'ign_k': 0.3242143344038317, 'ign_c': 21.132597710340573, 'trop_agb_crit': 19.51558406059598, 'trop_k_veg': 4.8737397608275925}.
[I 2026-06-09 12:24:47,989] Trial 1136 finished with values: [10.89231180833405, 10.89231180833405] and parameters: {'k1': 0.01549659926581634, 'D_low': 13.180029267201178, 'k2': 0.0005700142105246941, 'D_high': 14268.845807630427, 'fire_exp': 2.10707132280748, 'P_half': 50.32059347286801, 'pre_dampen_half': 2.540179749235711, 'gpp_af': 1.3218737536384089, 'gpp_b': 0.00977702299083608, 'gpp_d': 26.003623362924223, 'ign_k': 0.3242143344038317, 'ign_c': 37.09386641490209, 'trop_agb_crit': 2.6695352180079177, 'trop_k_veg': 1.8981057964668895}.
[I 2026-06-09 12:24:49,177] Trial 1137 finished with values: [10.31122077035044, 10.31122077035044] and parameters: {'k1': 0.007519407491506672, 'D_low': 2.3244932709566686, 'k2': 1.5412172709801895e-05, 'D_high': 69868.4759244566, 'fire_exp': 2.10707132280748, 'P_half': 1.4045842344024697, 'pre_dampen_half': 566.2858823465564, 'gpp_af': 0.5107061330406066, 'gpp_b': 0.002262927522655115, 'gpp_d': 1.6983565276584263, 'ign_k': 0.5456725485601477, 'ign_c': 0.1817248746373514, 'trop_agb_crit': 19.51558406059598, 'trop_k_veg': 1.1517712915946832}.
[I 2026-06-09 12:24:50,411] Trial 1138 finished with values: [10.365678723087687, 10.365678723087687] and parameters: {'k1': 0.05156257069134124, 'D_low': 13.180029267201178, 'k2': 0.0005700142105246941, 'D_high': 14268.845807630427, 'fire_exp': 2.10707132280748, 'P_half': 50.32059347286801, 'pre_dampen_half': 340.6909167027263, 'gpp_af': 1.3218737536384089, 'gpp_b': 0.030192753723920055, 'gpp_d': 99.3234953243749, 'ign_k': 3.1536006085184716, 'ign_c': 21.132597710340573, 'trop_agb_crit': 19.51558406059598, 'trop_k_veg': 4.51930447316402}.
[I 2026-06-09 12:24:51,527] Trial 1139 finished with values: [10.45051486429043, 10.45051486429043] and parameters: {'k1': 0.01549659926581634, 'D_low': 35.02761367842313, 'k2': 0.037633129263701104, 'D_high': 39655.03094323017, 'fire_exp': 3.6432132097358436, 'P_half': 1.4045842344024697, 'pre_dampen_half': 566.2858823465564, 'gpp_af': 0.01942738928156656, 'gpp_b': 0.002262927522655115, 'gpp_d': 26.003623362924223, 'ign_k': 0.3242143344038317, 'ign_c': 21.132597710340573, 'trop_agb_crit': 19.51558406059598, 'trop_k_veg': 4.51930447316402}.
[I 2026-06-09 12:24:52,647] Trial 1140 finished with values: [10.464651618574566, 10.464651618574566] and parameters: {'k1': 0.01549659926581634, 'D_low': 13.180029267201178, 'k2': 0.0005700142105246941, 'D_high': 1748.3983085324367, 'fire_exp': 2.10707132280748, 'P_half': 50.32059347286801, 'pre_dampen_half': 340.6909167027263, 'gpp_af': 1.3218737536384089, 'gpp_b': 0.00977702299083608, 'gpp_d': 99.3234953243749, 'ign_k': 3.1536006085184716, 'ign_c': 21.132597710340573, 'trop_agb_crit': 2.6695352180079177, 'trop_k_veg': 1.8981057964668895}.
[I 2026-06-09 12:24:53,767] Trial 1141 finished with values: [10.675856288890452, 10.675856288890452] and parameters: {'k1': 0.01549659926581634, 'D_low': 115.44738876452311, 'k2': 0.0005700142105246941, 'D_high': 14268.845807630427, 'fire_exp': 2.10707132280748, 'P_half': 50.32059347286801, 'pre_dampen_half': 10.409702860563906, 'gpp_af': 1.3218737536384089, 'gpp_b': 0.00977702299083608, 'gpp_d': 26.003623362924223, 'ign_k': 0.3242143344038317, 'ign_c': 21.132597710340573, 'trop_agb_crit': 19.51558406059598, 'trop_k_veg': 1.8981057964668895}.
[I 2026-06-09 12:24:54,903] Trial 1142 finished with values: [10.227021175062866, 10.227021175062866] and parameters: {'k1': 0.01549659926581634, 'D_low': 13.180029267201178, 'k2': 0.037633129263701104, 'D_high': 14268.845807630427, 'fire_exp': 2.10707132280748, 'P_half': 818.2111518618419, 'pre_dampen_half': 151.32148777056312, 'gpp_af': 1.3218737536384089, 'gpp_b': 0.0028993292583566945, 'gpp_d': 99.3234953243749, 'ign_k': 0.3242143344038317, 'ign_c': 1.0022396791143333, 'trop_agb_crit': 19.51558406059598, 'trop_k_veg': 3.262259955718606}.
[I 2026-06-09 12:24:56,546] Trial 1143 finished with values: [-0.5337109956117391, 0.1957191834669305] and parameters: {'k1': 0.015161591075671724, 'D_low': 102.53722513378383, 'k2': 0.0005700142105246941, 'D_high': 39655.03094323017, 'fire_exp': 2.10707132280748, 'P_half': 50.32059347286801, 'pre_dampen_half': 340.6909167027263, 'gpp_af': 1.3218737536384089, 'gpp_b': 0.00977702299083608, 'gpp_d': 1.2434469102435366, 'ign_k': 3.1536006085184716, 'ign_c': 1.8836925134820866, 'trop_agb_crit': 2.6695352180079177, 'trop_k_veg': 1.8981057964668895}.
[I 2026-06-09 12:24:57,824] Trial 1144 finished with values: [10.548222699485027, 10.548222699485027] and parameters: {'k1': 0.01549659926581634, 'D_low': 1.254144753902608, 'k2': 0.0005700142105246941, 'D_high': 39655.03094323017, 'fire_exp': 2.10707132280748, 'P_half': 1.4045842344024697, 'pre_dampen_half': 340.6909167027263, 'gpp_af': 1.3218737536384089, 'gpp_b': 0.6759802354710512, 'gpp_d': 26.003623362924223, 'ign_k': 0.012002808592678377, 'ign_c': 21.132597710340573, 'trop_agb_crit': 19.51558406059598, 'trop_k_veg': 4.51930447316402}.
[I 2026-06-09 12:24:58,966] Trial 1145 finished with values: [10.810621002884174, 10.810621002884174] and parameters: {'k1': 0.01996170534716645, 'D_low': 2.3244932709566686, 'k2': 0.0005700142105246941, 'D_high': 984.0626059011972, 'fire_exp': 2.10707132280748, 'P_half': 1.4045842344024697, 'pre_dampen_half': 340.6909167027263, 'gpp_af': 0.5107061330406066, 'gpp_b': 2.8996773406539653e-05, 'gpp_d': 0.019622513937197425, 'ign_k': 3.1536006085184716, 'ign_c': 21.132597710340573, 'trop_agb_crit': 2.6695352180079177, 'trop_k_veg': 1.8981057964668895}.
[I 2026-06-09 12:25:00,410] Trial 1146 finished with values: [10.890248237830516, 10.890248237830516] and parameters: {'k1': 0.0030219760889797966, 'D_low': 13.180029267201178, 'k2': 0.06994589881535453, 'D_high': 14268.845807630427, 'fire_exp': 2.10707132280748, 'P_half': 149.35213816355395, 'pre_dampen_half': 11.164047352793695, 'gpp_af': 1.3218737536384089, 'gpp_b': 2.036444166653217e-05, 'gpp_d': 99.3234953243749, 'ign_k': 0.02172467433157594, 'ign_c': 137.90750725122015, 'trop_agb_crit': 19.51558406059598, 'trop_k_veg': 4.8737397608275925}.
[I 2026-06-09 12:25:01,529] Trial 1147 finished with values: [-0.5385961954288717, 0.16167378785107167] and parameters: {'k1': 0.01549659926581634, 'D_low': 2.3244932709566686, 'k2': 0.0005700142105246941, 'D_high': 39655.03094323017, 'fire_exp': 2.10707132280748, 'P_half': 1.4045842344024697, 'pre_dampen_half': 340.6909167027263, 'gpp_af': 0.5107061330406066, 'gpp_b': 0.0006809980431188124, 'gpp_d': 26.003623362924223, 'ign_k': 0.10906578074524083, 'ign_c': 21.132597710340573, 'trop_agb_crit': 2.6695352180079177, 'trop_k_veg': 1.8981057964668895}.
[I 2026-06-09 12:25:02,690] Trial 1148 finished with values: [10.445359538445283, 10.445359538445283] and parameters: {'k1': 5.105542986365652e-05, 'D_low': 125.32726386250698, 'k2': 1.5412172709801895e-05, 'D_high': 39655.03094323017, 'fire_exp': 1.608176525358426, 'P_half': 28.647019533509873, 'pre_dampen_half': 566.2858823465564, 'gpp_af': 0.01942738928156656, 'gpp_b': 1.7213644875359617e-05, 'gpp_d': 500.2195003344709, 'ign_k': 0.3242143344038317, 'ign_c': 18.43395662181926, 'trop_agb_crit': 1.3063813396521713, 'trop_k_veg': 4.51930447316402}.
[I 2026-06-09 12:25:03,882] Trial 1149 finished with values: [-0.5193185251633248, 0.2055506725395192] and parameters: {'k1': 1.263794633808287e-05, 'D_low': 125.32726386250698, 'k2': 8.488887549001697e-05, 'D_high': 39655.03094323017, 'fire_exp': 1.608176525358426, 'P_half': 28.647019533509873, 'pre_dampen_half': 673.2248920775328, 'gpp_af': 21.258647437649888, 'gpp_b': 1.7213644875359617e-05, 'gpp_d': 500.2195003344709, 'ign_k': 0.3242143344038317, 'ign_c': 18.43395662181926, 'trop_agb_crit': 2.064341235744835, 'trop_k_veg': 4.8737397608275925}.
[I 2026-06-09 12:25:05,004] Trial 1150 finished with values: [11.165378830325285, 11.165378830325285] and parameters: {'k1': 0.0067721058706397995, 'D_low': 125.32726386250698, 'k2': 0.014271179172965923, 'D_high': 69868.4759244566, 'fire_exp': 1.608176525358426, 'P_half': 28.647019533509873, 'pre_dampen_half': 673.2248920775328, 'gpp_af': 0.5107061330406066, 'gpp_b': 1.7213644875359617e-05, 'gpp_d': 500.2195003344709, 'ign_k': 0.4303356629825978, 'ign_c': 18.43395662181926, 'trop_agb_crit': 1.259515631748535, 'trop_k_veg': 4.8737397608275925}.
[I 2026-06-09 12:25:06,089] Trial 1151 finished with values: [10.704185684252124, 10.704185684252124] and parameters: {'k1': 0.05156257069134124, 'D_low': 125.32726386250698, 'k2': 8.488887549001697e-05, 'D_high': 1172.4011230137633, 'fire_exp': 2.10707132280748, 'P_half': 57.64955931688928, 'pre_dampen_half': 340.6909167027263, 'gpp_af': 0.005460880003603257, 'gpp_b': 1.7213644875359617e-05, 'gpp_d': 500.2195003344709, 'ign_k': 0.3242143344038317, 'ign_c': 21.132597710340573, 'trop_agb_crit': 2.6695352180079177, 'trop_k_veg': 1.8981057964668895}.
[I 2026-06-09 12:25:07,253] Trial 1152 finished with values: [10.853613870179867, 10.853613870179867] and parameters: {'k1': 0.028261051090193647, 'D_low': 115.44738876452311, 'k2': 8.488887549001697e-05, 'D_high': 39655.03094323017, 'fire_exp': 2.1290837909520657, 'P_half': 1.4045842344024697, 'pre_dampen_half': 1.4794382088887477, 'gpp_af': 1.3218737536384089, 'gpp_b': 0.0028993292583566945, 'gpp_d': 0.027733338239381573, 'ign_k': 0.3242143344038317, 'ign_c': 18.43395662181926, 'trop_agb_crit': 2.6695352180079177, 'trop_k_veg': 4.8737397608275925}.
[I 2026-06-09 12:25:08,357] Trial 1153 finished with values: [10.390368410295734, 10.390368410295734] and parameters: {'k1': 1.263794633808287e-05, 'D_low': 12.115155843077673, 'k2': 0.0005700142105246941, 'D_high': 14268.845807630427, 'fire_exp': 1.608176525358426, 'P_half': 28.647019533509873, 'pre_dampen_half': 673.2248920775328, 'gpp_af': 0.01942738928156656, 'gpp_b': 0.002262927522655115, 'gpp_d': 500.2195003344709, 'ign_k': 0.3242143344038317, 'ign_c': 18.43395662181926, 'trop_agb_crit': 1.5144860262751405, 'trop_k_veg': 1.8981057964668895}.
[I 2026-06-09 12:25:09,504] Trial 1154 finished with values: [10.112491091112169, 10.112491091112169] and parameters: {'k1': 0.01549659926581634, 'D_low': 2.3244932709566686, 'k2': 0.0005700142105246941, 'D_high': 39655.03094323017, 'fire_exp': 2.10707132280748, 'P_half': 1.4045842344024697, 'pre_dampen_half': 340.6909167027263, 'gpp_af': 0.01942738928156656, 'gpp_b': 0.002262927522655115, 'gpp_d': 26.003623362924223, 'ign_k': 0.3242143344038317, 'ign_c': 21.132597710340573, 'trop_agb_crit': 12.123761779314275, 'trop_k_veg': 1.8981057964668895}.
[I 2026-06-09 12:25:10,728] Trial 1155 finished with values: [-0.5579963824930945, 0.057796802293354044] and parameters: {'k1': 0.01549659926581634, 'D_low': 7.62865212162937, 'k2': 0.06994589881535453, 'D_high': 14268.845807630427, 'fire_exp': 2.10707132280748, 'P_half': 1.4045842344024697, 'pre_dampen_half': 566.2858823465564, 'gpp_af': 0.01942738928156656, 'gpp_b': 0.002262927522655115, 'gpp_d': 26.003623362924223, 'ign_k': 0.3242143344038317, 'ign_c': 21.132597710340573, 'trop_agb_crit': 19.51558406059598, 'trop_k_veg': 1.8981057964668895}.
[I 2026-06-09 12:25:11,883] Trial 1156 finished with values: [10.1189739988639, 10.1189739988639] and parameters: {'k1': 0.01549659926581634, 'D_low': 1.254144753902608, 'k2': 0.037633129263701104, 'D_high': 20424.506990274727, 'fire_exp': 2.10707132280748, 'P_half': 149.35213816355395, 'pre_dampen_half': 566.2858823465564, 'gpp_af': 0.01942738928156656, 'gpp_b': 0.002262927522655115, 'gpp_d': 26.003623362924223, 'ign_k': 0.3242143344038317, 'ign_c': 21.132597710340573, 'trop_agb_crit': 19.51558406059598, 'trop_k_veg': 4.51930447316402}.
[I 2026-06-09 12:25:12,995] Trial 1157 finished with values: [-0.5774181731785146, 0.0502123533913158] and parameters: {'k1': 0.01549659926581634, 'D_low': 1.254144753902608, 'k2': 0.06994589881535453, 'D_high': 2471.1617679707197, 'fire_exp': 2.10707132280748, 'P_half': 28.647019533509873, 'pre_dampen_half': 673.2248920775328, 'gpp_af': 0.01942738928156656, 'gpp_b': 1.7213644875359617e-05, 'gpp_d': 500.2195003344709, 'ign_k': 0.4303356629825978, 'ign_c': 21.132597710340573, 'trop_agb_crit': 1.5144860262751405, 'trop_k_veg': 4.51930447316402}.
[I 2026-06-09 12:25:14,146] Trial 1158 finished with values: [10.577871909662646, 10.577871909662646] and parameters: {'k1': 0.01549659926581634, 'D_low': 1.254144753902608, 'k2': 0.03505767590795631, 'D_high': 20424.506990274727, 'fire_exp': 5.440804414848865, 'P_half': 235.60111244806714, 'pre_dampen_half': 981.1548544891915, 'gpp_af': 1.3218737536384089, 'gpp_b': 0.002262927522655115, 'gpp_d': 99.3234953243749, 'ign_k': 0.3242143344038317, 'ign_c': 18.43395662181926, 'trop_agb_crit': 19.51558406059598, 'trop_k_veg': 4.8737397608275925}.
[I 2026-06-09 12:25:15,287] Trial 1159 finished with values: [10.808909829772595, 10.808909829772595] and parameters: {'k1': 0.01549659926581634, 'D_low': 115.44738876452311, 'k2': 8.488887549001697e-05, 'D_high': 39655.03094323017, 'fire_exp': 1.608176525358426, 'P_half': 50.32059347286801, 'pre_dampen_half': 673.2248920775328, 'gpp_af': 1.3218737536384089, 'gpp_b': 3.968989848037233, 'gpp_d': 26.003623362924223, 'ign_k': 3.1536006085184716, 'ign_c': 18.43395662181926, 'trop_agb_crit': 1.3063813396521713, 'trop_k_veg': 1.8981057964668895}.
[I 2026-06-09 12:25:16,424] Trial 1160 finished with values: [10.369941948542026, 10.369941948542026] and parameters: {'k1': 0.01549659926581634, 'D_low': 125.32726386250698, 'k2': 0.0005700142105246941, 'D_high': 3717.5840668808005, 'fire_exp': 2.10707132280748, 'P_half': 149.35213816355395, 'pre_dampen_half': 673.2248920775328, 'gpp_af': 1.3218737536384089, 'gpp_b': 0.002262927522655115, 'gpp_d': 288.68448554985713, 'ign_k': 0.3242143344038317, 'ign_c': 18.43395662181926, 'trop_agb_crit': 1.5144860262751405, 'trop_k_veg': 1.6076933040750887}.
[I 2026-06-09 12:25:17,696] Trial 1161 finished with values: [10.267017623451986, 10.267017623451986] and parameters: {'k1': 0.01549659926581634, 'D_low': 1.254144753902608, 'k2': 0.0005700142105246941, 'D_high': 20424.506990274727, 'fire_exp': 2.10707132280748, 'P_half': 50.32059347286801, 'pre_dampen_half': 340.6909167027263, 'gpp_af': 1.3218737536384089, 'gpp_b': 0.002262927522655115, 'gpp_d': 26.003623362924223, 'ign_k': 3.1536006085184716, 'ign_c': 21.132597710340573, 'trop_agb_crit': 2.6695352180079177, 'trop_k_veg': 1.8981057964668895}.
[I 2026-06-09 12:25:18,821] Trial 1162 finished with values: [10.42496474636662, 10.42496474636662] and parameters: {'k1': 0.01549659926581634, 'D_low': 2.3244932709566686, 'k2': 8.488887549001697e-05, 'D_high': 14268.845807630427, 'fire_exp': 2.4902446681314054, 'P_half': 1.4045842344024697, 'pre_dampen_half': 673.2248920775328, 'gpp_af': 1.3218737536384089, 'gpp_b': 0.002262927522655115, 'gpp_d': 1.6983565276584263, 'ign_k': 0.3242143344038317, 'ign_c': 18.43395662181926, 'trop_agb_crit': 19.51558406059598, 'trop_k_veg': 4.51930447316402}.
[I 2026-06-09 12:25:19,938] Trial 1163 finished with values: [-0.5769418861665783, 0.07224899976327981] and parameters: {'k1': 0.01549659926581634, 'D_low': 115.44738876452311, 'k2': 0.0004471851399162796, 'D_high': 14268.845807630427, 'fire_exp': 2.10707132280748, 'P_half': 1.4045842344024697, 'pre_dampen_half': 340.6909167027263, 'gpp_af': 1.5166550780280448, 'gpp_b': 0.00977702299083608, 'gpp_d': 500.2195003344709, 'ign_k': 0.3242143344038317, 'ign_c': 21.132597710340573, 'trop_agb_crit': 19.51558406059598, 'trop_k_veg': 1.8981057964668895}.
[I 2026-06-09 12:25:21,517] Trial 1164 finished with values: [10.170429994950279, 10.170429994950279] and parameters: {'k1': 0.01549659926581634, 'D_low': 1.254144753902608, 'k2': 0.06994589881535453, 'D_high': 14268.845807630427, 'fire_exp': 2.10707132280748, 'P_half': 149.35213816355395, 'pre_dampen_half': 566.2858823465564, 'gpp_af': 0.01942738928156656, 'gpp_b': 0.002262927522655115, 'gpp_d': 288.68448554985713, 'ign_k': 0.3242143344038317, 'ign_c': 21.132597710340573, 'trop_agb_crit': 19.51558406059598, 'trop_k_veg': 1.8981057964668895}.
[I 2026-06-09 12:25:22,638] Trial 1165 finished with values: [10.891007139708911, 10.891007139708911] and parameters: {'k1': 0.01549659926581634, 'D_low': 1.254144753902608, 'k2': 0.06994589881535453, 'D_high': 14268.845807630427, 'fire_exp': 2.10707132280748, 'P_half': 1.4045842344024697, 'pre_dampen_half': 566.2858823465564, 'gpp_af': 0.01942738928156656, 'gpp_b': 0.5174992306548214, 'gpp_d': 26.003623362924223, 'ign_k': 0.3242143344038317, 'ign_c': 21.132597710340573, 'trop_agb_crit': 19.51558406059598, 'trop_k_veg': 1.8981057964668895}.
[I 2026-06-09 12:25:23,838] Trial 1166 finished with values: [10.315336502070977, 10.315336502070977] and parameters: {'k1': 0.01549659926581634, 'D_low': 115.44738876452311, 'k2': 2.9740260187166652e-05, 'D_high': 20424.506990274727, 'fire_exp': 1.608176525358426, 'P_half': 28.647019533509873, 'pre_dampen_half': 673.2248920775328, 'gpp_af': 0.01942738928156656, 'gpp_b': 0.00977702299083608, 'gpp_d': 26.003623362924223, 'ign_k': 3.1536006085184716, 'ign_c': 4.361336125625967, 'trop_agb_crit': 2.6695352180079177, 'trop_k_veg': 5.130890164653609}.
[I 2026-06-09 12:25:25,045] Trial 1167 finished with values: [10.477036825884268, 10.477036825884268] and parameters: {'k1': 0.01549659926581634, 'D_low': 125.32726386250698, 'k2': 0.00034302976652689015, 'D_high': 39655.03094323017, 'fire_exp': 2.10707132280748, 'P_half': 28.647019533509873, 'pre_dampen_half': 340.6909167027263, 'gpp_af': 0.5107061330406066, 'gpp_b': 0.021028749338578137, 'gpp_d': 26.003623362924223, 'ign_k': 0.10906578074524083, 'ign_c': 21.132597710340573, 'trop_agb_crit': 2.6695352180079177, 'trop_k_veg': 1.8981057964668895}.
[I 2026-06-09 12:25:26,152] Trial 1168 finished with values: [-0.5258991635453317, 0.18953717122483482] and parameters: {'k1': 0.01549659926581634, 'D_low': 115.44738876452311, 'k2': 0.0009749762207436118, 'D_high': 333.0375276964647, 'fire_exp': 1.14171776851287, 'P_half': 1.4045842344024697, 'pre_dampen_half': 340.6909167027263, 'gpp_af': 1.3218737536384089, 'gpp_b': 0.0269919106338062, 'gpp_d': 467.0625946819548, 'ign_k': 3.1536006085184716, 'ign_c': 1.8836925134820866, 'trop_agb_crit': 1.6369193980425034, 'trop_k_veg': 1.1517712915946832}.
[I 2026-06-09 12:25:27,308] Trial 1169 finished with values: [10.31365606492182, 10.31365606492182] and parameters: {'k1': 0.01549659926581634, 'D_low': 1.254144753902608, 'k2': 0.06994589881535453, 'D_high': 14268.845807630427, 'fire_exp': 2.10707132280748, 'P_half': 1.4045842344024697, 'pre_dampen_half': 566.2858823465564, 'gpp_af': 0.01942738928156656, 'gpp_b': 0.00977702299083608, 'gpp_d': 26.003623362924223, 'ign_k': 0.3242143344038317, 'ign_c': 21.132597710340573, 'trop_agb_crit': 19.51558406059598, 'trop_k_veg': 1.8981057964668895}.
