[I 2026-08-06 10:21:39,168] Trial 546 finished with values: [10.35474298421958, 10.35474298421958] and parameters: {'k1': 0.004312951023617458, 'D_low': 4.484744524732794, 'k2': 1.915468390724633e-05, 'D_high': 8182.111518618414, 'fire_exp': 1.7008648718913113, 'P_half': 4.087300390305745, 'pre_dampen_half': 234.12640025944248, 'gpp_af': 0.7539992074650279, 'gpp_b': 0.0021331409710300844, 'gpp_d': 757.2868182332339, 'ign_k': 0.20639617012599235, 'ign_c': 15.221840161091626, 'trop_agb_crit': 1.14876138417489, 'trop_k_veg': 1.4584243470991722}.
[I 2026-08-06 10:21:40,255] Trial 547 finished with values: [-0.5217088222987314, 0.13065758406012995] and parameters: {'k1': 0.004312951023617458, 'D_low': 4.484744524732794, 'k2': 7.914423612155373e-05, 'D_high': 3712.591045287726, 'fire_exp': 1.1263716762638152, 'P_half': 220.3445560633069, 'pre_dampen_half': 502.5175192217655, 'gpp_af': 0.7539992074650279, 'gpp_b': 0.0021331409710300844, 'gpp_d': 16.460426816350523, 'ign_k': 0.0680787482656459, 'ign_c': 15.221840161091626, 'trop_agb_crit': 1.0903028125370984, 'trop_k_veg': 0.983473833513531}.
[I 2026-08-06 10:21:41,351] Trial 548 finished with values: [10.769130568626132, 10.769130568626132] and parameters: {'k1': 3.23559867820537e-05, 'D_low': 520.4862686958022, 'k2': 0.001462400459012571, 'D_high': 568.1482545113266, 'fire_exp': 5.311995034756393, 'P_half': 220.3445560633069, 'pre_dampen_half': 63.6685916079943, 'gpp_af': 0.2204465010099918, 'gpp_b': 3.481277316673104e-05, 'gpp_d': 4.25060659305504, 'ign_k': 2.1368329072358767, 'ign_c': 2.8335389417624683, 'trop_agb_crit': 24.584290528289387, 'trop_k_veg': 1.6081790145072552}.
[I 2026-08-06 10:21:42,488] Trial 549 finished with values: [10.768985634379192, 10.768985634379192] and parameters: {'k1': 2.316457903103837e-05, 'D_low': 4.484744524732794, 'k2': 1.915468390724633e-05, 'D_high': 3712.591045287726, 'fire_exp': 3.066683393418824, 'P_half': 3116.6852978784937, 'pre_dampen_half': 502.5175192217655, 'gpp_af': 0.2204465010099918, 'gpp_b': 0.0005739662837359252, 'gpp_d': 4.25060659305504, 'ign_k': 4.006890332238651, 'ign_c': 2.8335389417624683, 'trop_agb_crit': 2.1861040860339416, 'trop_k_veg': 1.6098025073369409}.
[I 2026-08-06 10:21:43,634] Trial 550 finished with values: [10.174854087863405, 10.174854087863405] and parameters: {'k1': 0.008912611835817005, 'D_low': 4.484744524732794, 'k2': 1.915468390724633e-05, 'D_high': 985.7545621889059, 'fire_exp': 1.0629462657398439, 'P_half': 220.3445560633069, 'pre_dampen_half': 552.4163637315892, 'gpp_af': 24.725776073156705, 'gpp_b': 0.14577755664212386, 'gpp_d': 16.460426816350523, 'ign_k': 2.9818972317055166, 'ign_c': 11.400863701127316, 'trop_agb_crit': 24.584290528289387, 'trop_k_veg': 2.194427136482602}.
[I 2026-08-06 10:21:44,757] Trial 551 finished with values: [10.453409601821354, 10.453409601821354] and parameters: {'k1': 0.04669327135003539, 'D_low': 1112.9571947046009, 'k2': 8.923807143379776e-05, 'D_high': 63233.81951066786, 'fire_exp': 1.0629462657398439, 'P_half': 54.37591736923918, 'pre_dampen_half': 502.5175192217655, 'gpp_af': 0.18069041761817034, 'gpp_b': 1.5385046399532158e-05, 'gpp_d': 16.460426816350523, 'ign_k': 0.21006485619596416, 'ign_c': 0.557280750002996, 'trop_agb_crit': 7.500118950416987, 'trop_k_veg': 0.983473833513531}.
[I 2026-08-06 10:21:45,882] Trial 552 finished with values: [-0.5012213662212982, 0.0653417301178204] and parameters: {'k1': 0.004312951023617458, 'D_low': 520.4862686958022, 'k2': 0.0001280298359290444, 'D_high': 5670.3463356272905, 'fire_exp': 1.221575427404682, 'P_half': 220.3445560633069, 'pre_dampen_half': 502.5175192217655, 'gpp_af': 0.7539992074650279, 'gpp_b': 0.0021331409710300844, 'gpp_d': 16.460426816350523, 'ign_k': 0.01364908766641695, 'ign_c': 2.8335389417624683, 'trop_agb_crit': 1.0903028125370984, 'trop_k_veg': 0.983473833513531}.
[I 2026-08-06 10:21:47,018] Trial 553 finished with values: [10.472062050232468, 10.472062050232468] and parameters: {'k1': 0.004312951023617458, 'D_low': 20.22298375423134, 'k2': 0.014344484793173472, 'D_high': 21.947742689197344, 'fire_exp': 1.1263716762638152, 'P_half': 234.09994646132157, 'pre_dampen_half': 502.5175192217655, 'gpp_af': 36.460005353173564, 'gpp_b': 7.210246166617508e-05, 'gpp_d': 4.25060659305504, 'ign_k': 0.00840038491455979, 'ign_c': 15.221840161091626, 'trop_agb_crit': 1.0903028125370984, 'trop_k_veg': 3.49157152291552}.
[I 2026-08-06 10:21:48,184] Trial 554 finished with values: [11.469497074727222, 11.469497074727222] and parameters: {'k1': 0.004312951023617458, 'D_low': 6.96063331852638, 'k2': 0.003767022142229395, 'D_high': 3712.591045287726, 'fire_exp': 1.1263716762638152, 'P_half': 310.3604223881657, 'pre_dampen_half': 552.4163637315892, 'gpp_af': 1.200191344086032, 'gpp_b': 1.4540386644083135e-05, 'gpp_d': 16.460426816350523, 'ign_k': 0.010167079878196114, 'ign_c': 48.704711413416454, 'trop_agb_crit': 7.901343398678964, 'trop_k_veg': 0.6673124511410327}.
[I 2026-08-06 10:21:49,513] Trial 555 finished with values: [10.306872205014486, 10.306872205014486] and parameters: {'k1': 0.004312951023617458, 'D_low': 335.92388193960346, 'k2': 7.914423612155373e-05, 'D_high': 8182.111518618414, 'fire_exp': 1.0629462657398439, 'P_half': 220.3445560633069, 'pre_dampen_half': 502.5175192217655, 'gpp_af': 0.7539992074650279, 'gpp_b': 0.0021331409710300844, 'gpp_d': 16.460426816350523, 'ign_k': 0.0680787482656459, 'ign_c': 0.557280750002996, 'trop_agb_crit': 1.0455434848969813, 'trop_k_veg': 2.573214588078609}.
[I 2026-08-06 10:21:50,662] Trial 556 finished with values: [13.589747911190782, 13.589747911190782] and parameters: {'k1': 0.01889771394135163, 'D_low': 4.484744524732794, 'k2': 0.0003432139136241583, 'D_high': 8559.572793311818, 'fire_exp': 1.0629462657398439, 'P_half': 4.213183643253957, 'pre_dampen_half': 234.12640025944248, 'gpp_af': 0.7539992074650279, 'gpp_b': 0.0021331409710300844, 'gpp_d': 757.2868182332339, 'ign_k': 0.0049611344501914005, 'ign_c': 20.03995359361212, 'trop_agb_crit': 3.848553322122042, 'trop_k_veg': 1.4584243470991722}.
[I 2026-08-06 10:21:51,832] Trial 557 finished with values: [10.256078118113694, 10.256078118113694] and parameters: {'k1': 0.004312951023617458, 'D_low': 70.18267183720735, 'k2': 0.003767022142229395, 'D_high': 109.44963667961977, 'fire_exp': 1.0629462657398439, 'P_half': 220.3445560633069, 'pre_dampen_half': 502.5175192217655, 'gpp_af': 1.9706963379095486, 'gpp_b': 1.4540386644083135e-05, 'gpp_d': 84.31013932082456, 'ign_k': 0.0680787482656459, 'ign_c': 20.03995359361212, 'trop_agb_crit': 1.14876138417489, 'trop_k_veg': 1.4584243470991722}.
[I 2026-08-06 10:21:52,957] Trial 558 finished with values: [-0.49656749576638204, 0.1667571806930308] and parameters: {'k1': 3.23559867820537e-05, 'D_low': 1112.9571947046009, 'k2': 8.923807143379776e-05, 'D_high': 5670.3463356272905, 'fire_exp': 1.3170256885255098, 'P_half': 220.3445560633069, 'pre_dampen_half': 502.5175192217655, 'gpp_af': 0.7539992074650279, 'gpp_b': 3.481277316673104e-05, 'gpp_d': 150.14555442537656, 'ign_k': 0.0680787482656459, 'ign_c': 1.2389052918551067, 'trop_agb_crit': 7.500118950416987, 'trop_k_veg': 0.6673124511410327}.
[I 2026-08-06 10:21:54,133] Trial 559 finished with values: [-0.4914588276960389, 0.12928394856487024] and parameters: {'k1': 0.00488137519160367, 'D_low': 4.484744524732794, 'k2': 7.914423612155373e-05, 'D_high': 3712.591045287726, 'fire_exp': 1.353841071397002, 'P_half': 220.3445560633069, 'pre_dampen_half': 552.4163637315892, 'gpp_af': 0.7539992074650279, 'gpp_b': 0.0021331409710300844, 'gpp_d': 16.460426816350523, 'ign_k': 0.010167079878196114, 'ign_c': 15.221840161091626, 'trop_agb_crit': 1.0455434848969813, 'trop_k_veg': 2.573214588078609}.
[I 2026-08-06 10:21:55,276] Trial 560 finished with values: [10.131536365936038, 10.131536365936038] and parameters: {'k1': 0.007299613382801458, 'D_low': 4.484744524732794, 'k2': 1.915468390724633e-05, 'D_high': 37954.79274251299, 'fire_exp': 1.1263716762638152, 'P_half': 220.3445560633069, 'pre_dampen_half': 502.5175192217655, 'gpp_af': 0.7539992074650279, 'gpp_b': 0.0021331409710300844, 'gpp_d': 16.460426816350523, 'ign_k': 0.0680787482656459, 'ign_c': 15.221840161091626, 'trop_agb_crit': 24.584290528289387, 'trop_k_veg': 1.4584243470991722}.
[I 2026-08-06 10:21:56,410] Trial 561 finished with values: [10.08289808234148, 10.08289808234148] and parameters: {'k1': 0.004312951023617458, 'D_low': 4.484744524732794, 'k2': 0.03538758864779238, 'D_high': 3712.591045287726, 'fire_exp': 1.0629462657398439, 'P_half': 220.3445560633069, 'pre_dampen_half': 502.5175192217655, 'gpp_af': 0.7539992074650279, 'gpp_b': 0.14577755664212386, 'gpp_d': 350.88322284755304, 'ign_k': 0.0680787482656459, 'ign_c': 15.221840161091626, 'trop_agb_crit': 24.584290528289387, 'trop_k_veg': 1.4584243470991722}.
[I 2026-08-06 10:21:57,552] Trial 562 finished with values: [10.298564945767131, 10.298564945767131] and parameters: {'k1': 0.04669327135003539, 'D_low': 4.484744524732794, 'k2': 0.014344484793173472, 'D_high': 21.947742689197344, 'fire_exp': 1.1263716762638152, 'P_half': 5.232779509048979, 'pre_dampen_half': 502.5175192217655, 'gpp_af': 0.7539992074650279, 'gpp_b': 1.5385046399532158e-05, 'gpp_d': 16.460426816350523, 'ign_k': 0.0680787482656459, 'ign_c': 15.221840161091626, 'trop_agb_crit': 1.0903028125370984, 'trop_k_veg': 1.4584243470991722}.
[I 2026-08-06 10:21:58,730] Trial 563 finished with values: [-0.5324130700052323, 0.1494947670755402] and parameters: {'k1': 0.008912611835817005, 'D_low': 4.484744524732794, 'k2': 1.8205657658407255e-05, 'D_high': 21.947742689197344, 'fire_exp': 1.0629462657398439, 'P_half': 220.3445560633069, 'pre_dampen_half': 502.5175192217655, 'gpp_af': 0.7539992074650279, 'gpp_b': 0.0021331409710300844, 'gpp_d': 16.460426816350523, 'ign_k': 0.0680787482656459, 'ign_c': 15.221840161091626, 'trop_agb_crit': 1.0903028125370984, 'trop_k_veg': 1.4584243470991722}.
[I 2026-08-06 10:21:59,890] Trial 564 finished with values: [11.050978282994627, 11.050978282994627] and parameters: {'k1': 0.004312951023617458, 'D_low': 4.484744524732794, 'k2': 8.923807143379776e-05, 'D_high': 21.947742689197344, 'fire_exp': 1.1263716762638152, 'P_half': 4.213183643253957, 'pre_dampen_half': 502.5175192217655, 'gpp_af': 5.335773317316405, 'gpp_b': 0.0021331409710300844, 'gpp_d': 16.460426816350523, 'ign_k': 0.00840038491455979, 'ign_c': 2.8335389417624683, 'trop_agb_crit': 8.997007571451054, 'trop_k_veg': 6.423641554321892}.
[I 2026-08-06 10:22:01,064] Trial 565 finished with values: [10.28832660676224, 10.28832660676224] and parameters: {'k1': 0.004312951023617458, 'D_low': 8.916066514644358, 'k2': 0.0003432139136241583, 'D_high': 21.947742689197344, 'fire_exp': 1.1263716762638152, 'P_half': 220.3445560633069, 'pre_dampen_half': 502.5175192217655, 'gpp_af': 0.7539992074650279, 'gpp_b': 0.0021331409710300844, 'gpp_d': 16.460426816350523, 'ign_k': 2.1368329072358767, 'ign_c': 0.70689749506246, 'trop_agb_crit': 1.0903028125370984, 'trop_k_veg': 2.194427136482602}.
[I 2026-08-06 10:22:02,206] Trial 566 finished with values: [10.352475953647444, 10.352475953647444] and parameters: {'k1': 0.004312951023617458, 'D_low': 1112.9571947046009, 'k2': 1.8205657658407255e-05, 'D_high': 8182.111518618414, 'fire_exp': 1.1263716762638152, 'P_half': 220.3445560633069, 'pre_dampen_half': 719.4083432823455, 'gpp_af': 0.7539992074650279, 'gpp_b': 3.481277316673104e-05, 'gpp_d': 16.460426816350523, 'ign_k': 0.0680787482656459, 'ign_c': 15.221840161091626, 'trop_agb_crit': 1.0903028125370984, 'trop_k_veg': 1.4584243470991722}.
[I 2026-08-06 10:22:03,443] Trial 567 finished with values: [10.090952520790228, 10.090952520790228] and parameters: {'k1': 0.006642027816373391, 'D_low': 4.484744524732794, 'k2': 1.915468390724633e-05, 'D_high': 3712.591045287726, 'fire_exp': 1.0629462657398439, 'P_half': 5.29551022369202, 'pre_dampen_half': 552.4163637315892, 'gpp_af': 0.7539992074650279, 'gpp_b': 0.0021331409710300844, 'gpp_d': 16.460426816350523, 'ign_k': 0.1550134937334847, 'ign_c': 15.221840161091626, 'trop_agb_crit': 24.584290528289387, 'trop_k_veg': 0.6743482387129308}.
[I 2026-08-06 10:22:04,628] Trial 568 finished with values: [-0.47967685973130125, 0.1584089545698556] and parameters: {'k1': 0.01889771394135163, 'D_low': 70.18267183720735, 'k2': 0.003767022142229395, 'D_high': 431.45617043093523, 'fire_exp': 1.1263716762638152, 'P_half': 2.0314811950454943, 'pre_dampen_half': 63.6685916079943, 'gpp_af': 1.9706963379095486, 'gpp_b': 0.14577755664212386, 'gpp_d': 757.2868182332339, 'ign_k': 0.00840038491455979, 'ign_c': 0.557280750002996, 'trop_agb_crit': 1.6878075072665546, 'trop_k_veg': 0.6673124511410327}.
[I 2026-08-06 10:22:05,811] Trial 569 finished with values: [-0.5161938959830404, 0.12274606878988348] and parameters: {'k1': 0.012021930484915042, 'D_low': 4.484744524732794, 'k2': 1.8205657658407255e-05, 'D_high': 1493.5213816355397, 'fire_exp': 1.1263716762638152, 'P_half': 220.3445560633069, 'pre_dampen_half': 234.12640025944248, 'gpp_af': 0.7539992074650279, 'gpp_b': 0.0021331409710300844, 'gpp_d': 16.460426816350523, 'ign_k': 0.0680787482656459, 'ign_c': 15.221840161091626, 'trop_agb_crit': 1.0903028125370984, 'trop_k_veg': 0.983473833513531}.
[I 2026-08-06 10:22:06,969] Trial 570 finished with values: [10.390278657841145, 10.390278657841145] and parameters: {'k1': 0.004312951023617458, 'D_low': 4.484744524732794, 'k2': 1.8205657658407255e-05, 'D_high': 21.947742689197344, 'fire_exp': 1.1263716762638152, 'P_half': 712.8188058401365, 'pre_dampen_half': 502.5175192217655, 'gpp_af': 0.7539992074650279, 'gpp_b': 0.0021331409710300844, 'gpp_d': 19.600139992927435, 'ign_k': 2.5253810447657927, 'ign_c': 15.221840161091626, 'trop_agb_crit': 1.0903028125370984, 'trop_k_veg': 0.983473833513531}.
[I 2026-08-06 10:22:08,126] Trial 571 finished with values: [10.641012996228365, 10.641012996228365] and parameters: {'k1': 0.004312951023617458, 'D_low': 1112.9571947046009, 'k2': 1.915468390724633e-05, 'D_high': 3712.591045287726, 'fire_exp': 1.0629462657398439, 'P_half': 220.3445560633069, 'pre_dampen_half': 552.4163637315892, 'gpp_af': 0.7539992074650279, 'gpp_b': 0.14577755664212386, 'gpp_d': 16.460426816350523, 'ign_k': 2.615413574494962, 'ign_c': 15.221840161091626, 'trop_agb_crit': 24.584290528289387, 'trop_k_veg': 1.4584243470991722}.
[I 2026-08-06 10:22:09,326] Trial 572 finished with values: [-0.47545206031625425, 0.12532932102761207] and parameters: {'k1': 2.316457903103837e-05, 'D_low': 1397.5908789482219, 'k2': 8.923807143379776e-05, 'D_high': 8182.111518618414, 'fire_exp': 1.1490848108902036, 'P_half': 314.0161493033586, 'pre_dampen_half': 234.12640025944248, 'gpp_af': 5.335773317316405, 'gpp_b': 0.14577755664212386, 'gpp_d': 84.31013932082456, 'ign_k': 0.00840038491455979, 'ign_c': 2.8335389417624683, 'trop_agb_crit': 8.997007571451054, 'trop_k_veg': 2.194427136482602}.
[I 2026-08-06 10:22:10,718] Trial 573 finished with values: [10.665679612497122, 10.665679612497122] and parameters: {'k1': 0.012840669372724958, 'D_low': 70.18267183720735, 'k2': 0.003767022142229395, 'D_high': 431.45617043093523, 'fire_exp': 1.0601964743503993, 'P_half': 2.0314811950454943, 'pre_dampen_half': 2.893272120738162, 'gpp_af': 1.9706963379095486, 'gpp_b': 0.1500112079985056, 'gpp_d': 84.31013932082456, 'ign_k': 0.00840038491455979, 'ign_c': 20.03995359361212, 'trop_agb_crit': 1.6878075072665546, 'trop_k_veg': 0.6673124511410327}.
[I 2026-08-06 10:22:11,893] Trial 574 finished with values: [10.769205002440307, 10.769205002440307] and parameters: {'k1': 0.008912611835817005, 'D_low': 355.00125258511594, 'k2': 0.03538758864779238, 'D_high': 431.45617043093523, 'fire_exp': 1.3170256885255098, 'P_half': 4.213183643253957, 'pre_dampen_half': 0.17224846962214357, 'gpp_af': 1.9706963379095486, 'gpp_b': 0.14577755664212386, 'gpp_d': 2.944272359149677, 'ign_k': 0.21006485619596416, 'ign_c': 20.03995359361212, 'trop_agb_crit': 3.848553322122042, 'trop_k_veg': 3.1473758868965476}.
[I 2026-08-06 10:22:13,056] Trial 575 finished with values: [11.859221559928349, 11.859221559928349] and parameters: {'k1': 0.006642027816373391, 'D_low': 4.484744524732794, 'k2': 0.03538758864779238, 'D_high': 9419.6122359782, 'fire_exp': 1.0629462657398439, 'P_half': 54.37591736923918, 'pre_dampen_half': 552.4163637315892, 'gpp_af': 0.7539992074650279, 'gpp_b': 0.14577755664212386, 'gpp_d': 16.460426816350523, 'ign_k': 3.589155871450839, 'ign_c': 1.9580595319750387, 'trop_agb_crit': 24.584290528289387, 'trop_k_veg': 0.6743482387129308}.
[I 2026-08-06 10:22:14,210] Trial 576 finished with values: [10.678094543703331, 10.678094543703331] and parameters: {'k1': 0.03040882260558898, 'D_low': 60.42560675552672, 'k2': 8.923807143379776e-05, 'D_high': 1578.0309954142967, 'fire_exp': 1.1490848108902036, 'P_half': 220.3445560633069, 'pre_dampen_half': 234.12640025944248, 'gpp_af': 5.335773317316405, 'gpp_b': 3.481277316673104e-05, 'gpp_d': 150.14555442537656, 'ign_k': 0.00840038491455979, 'ign_c': 0.557280750002996, 'trop_agb_crit': 7.628718523810018, 'trop_k_veg': 2.194427136482602}.
[I 2026-08-06 10:22:15,418] Trial 577 finished with values: [10.673133759191602, 10.673133759191602] and parameters: {'k1': 0.0011462237838612073, 'D_low': 34.459310919273356, 'k2': 0.0003432139136241583, 'D_high': 21.947742689197344, 'fire_exp': 1.1263716762638152, 'P_half': 54.37591736923918, 'pre_dampen_half': 5.048653998722947, 'gpp_af': 24.725776073156705, 'gpp_b': 0.14577755664212386, 'gpp_d': 16.460426816350523, 'ign_k': 2.1368329072358767, 'ign_c': 0.557280750002996, 'trop_agb_crit': 1.0903028125370984, 'trop_k_veg': 1.3537238576571817}.
[I 2026-08-06 10:22:16,588] Trial 578 finished with values: [10.719356891647188, 10.719356891647188] and parameters: {'k1': 2.316457903103837e-05, 'D_low': 3.525936800597896, 'k2': 0.014344484793173472, 'D_high': 63233.81951066786, 'fire_exp': 1.0601964743503993, 'P_half': 2.0314811950454943, 'pre_dampen_half': 17.707795393478506, 'gpp_af': 5.335773317316405, 'gpp_b': 3.481277316673104e-05, 'gpp_d': 84.31013932082456, 'ign_k': 0.00840038491455979, 'ign_c': 2.8335389417624683, 'trop_agb_crit': 8.997007571451054, 'trop_k_veg': 2.4336356947036335}.
[I 2026-08-06 10:22:17,777] Trial 579 finished with values: [-0.5181437009395982, 0.12036610398227765] and parameters: {'k1': 0.004312951023617458, 'D_low': 4.484744524732794, 'k2': 1.915468390724633e-05, 'D_high': 21.947742689197344, 'fire_exp': 1.0629462657398439, 'P_half': 220.3445560633069, 'pre_dampen_half': 552.4163637315892, 'gpp_af': 24.725776073156705, 'gpp_b': 0.14577755664212386, 'gpp_d': 16.460426816350523, 'ign_k': 0.010167079878196114, 'ign_c': 15.221840161091626, 'trop_agb_crit': 24.584290528289387, 'trop_k_veg': 2.5879386297557976}.
[I 2026-08-06 10:22:18,964] Trial 580 finished with values: [10.102130907190707, 10.102130907190707] and parameters: {'k1': 0.007530210437963516, 'D_low': 4.484744524732794, 'k2': 1.915468390724633e-05, 'D_high': 3712.591045287726, 'fire_exp': 1.1263716762638152, 'P_half': 220.3445560633069, 'pre_dampen_half': 502.5175192217655, 'gpp_af': 1.965797948502807, 'gpp_b': 0.14577755664212386, 'gpp_d': 10.369565216756202, 'ign_k': 0.0680787482656459, 'ign_c': 15.221840161091626, 'trop_agb_crit': 1.7439923992959638, 'trop_k_veg': 2.194427136482602}.
[I 2026-08-06 10:22:20,214] Trial 581 finished with values: [10.576675036691771, 10.576675036691771] and parameters: {'k1': 0.004312951023617458, 'D_low': 70.18267183720735, 'k2': 1.915468390724633e-05, 'D_high': 63233.81951066786, 'fire_exp': 1.0629462657398439, 'P_half': 220.3445560633069, 'pre_dampen_half': 107.40052367919465, 'gpp_af': 0.7539992074650279, 'gpp_b': 0.0021331409710300844, 'gpp_d': 16.460426816350523, 'ign_k': 0.010167079878196114, 'ign_c': 15.221840161091626, 'trop_agb_crit': 24.584290528289387, 'trop_k_veg': 5.492385920002873}.
[I 2026-08-06 10:22:21,405] Trial 582 finished with values: [10.27712193933058, 10.27712193933058] and parameters: {'k1': 0.0003667128654092894, 'D_low': 4.484744524732794, 'k2': 1.4403740929157842e-05, 'D_high': 985.7545621889059, 'fire_exp': 1.0629462657398439, 'P_half': 5.076307782729897, 'pre_dampen_half': 63.6685916079943, 'gpp_af': 1.9706963379095486, 'gpp_b': 0.14577755664212386, 'gpp_d': 2.944272359149677, 'ign_k': 0.21006485619596416, 'ign_c': 5.13055176058983, 'trop_agb_crit': 1.0903028125370984, 'trop_k_veg': 7.349516226591225}.
[I 2026-08-06 10:22:22,591] Trial 583 finished with values: [-0.461565859423707, 0.1197315079086656] and parameters: {'k1': 0.004312951023617458, 'D_low': 4.484744524732794, 'k2': 1.915468390724633e-05, 'D_high': 107.7788960207926, 'fire_exp': 1.0629462657398439, 'P_half': 220.3445560633069, 'pre_dampen_half': 552.4163637315892, 'gpp_af': 0.7539992074650279, 'gpp_b': 0.14577755664212386, 'gpp_d': 16.460426816350523, 'ign_k': 0.010167079878196114, 'ign_c': 15.221840161091626, 'trop_agb_crit': 24.584290528289387, 'trop_k_veg': 6.2065960186008615}.
[I 2026-08-06 10:22:23,777] Trial 584 finished with values: [10.137297809720458, 10.137297809720458] and parameters: {'k1': 0.004312951023617458, 'D_low': 4.484744524732794, 'k2': 1.915468390724633e-05, 'D_high': 21.947742689197344, 'fire_exp': 1.1263716762638152, 'P_half': 220.3445560633069, 'pre_dampen_half': 502.5175192217655, 'gpp_af': 24.725776073156705, 'gpp_b': 0.0021331409710300844, 'gpp_d': 16.460426816350523, 'ign_k': 0.010167079878196114, 'ign_c': 0.70689749506246, 'trop_agb_crit': 24.584290528289387, 'trop_k_veg': 2.194427136482602}.
