[I 2026-08-06 02:42:06,347] Trial 242 finished with values: [10.591301921346766, 10.591301921346766] and parameters: {'k1': 0.04897760278488444, 'D_low': 2.458603276328005, 'k2': 8.400384914559786e-05, 'D_high': 10316.033434719713, 'fire_exp': 2.3782613909771353, 'P_half': 2.157758652553991, 'pre_dampen_half': 7.6110013825922485, 'gpp_af': 35.20481045526041, 'gpp_b': 1.1008110571039521e-05, 'gpp_d': 34.37107943937136, 'ign_k': 0.0467351899956275, 'ign_c': 0.773448215664679}.
[I 2026-08-06 02:42:07,444] Trial 243 finished with values: [10.182839998347108, 10.182839998347108] and parameters: {'k1': 0.0029707920514735983, 'D_low': 4.051452710153359, 'k2': 3.5917714215176105e-05, 'D_high': 7744.80118512745, 'fire_exp': 1.182396148413737, 'P_half': 24.136213194527585, 'pre_dampen_half': 304.7488318185732, 'gpp_af': 0.0025511964576171086, 'gpp_b': 0.00011277885258222645, 'gpp_d': 857.4284557962634, 'ign_k': 0.03141110271934876, 'ign_c': 3.0378658251922155}.
[I 2026-08-06 02:42:08,539] Trial 244 finished with values: [10.687938680083246, 10.687938680083246] and parameters: {'k1': 0.021368329072358756, 'D_low': 29.89885508829526, 'k2': 0.0007081721844034209, 'D_high': 9769.756791866093, 'fire_exp': 1.0881360604103363, 'P_half': 4546.192107824457, 'pre_dampen_half': 7.6110013825922485, 'gpp_af': 20.12115544906385, 'gpp_b': 1.1008110571039521e-05, 'gpp_d': 4.5768578731086835, 'ign_k': 0.0467351899956275, 'ign_c': 0.773448215664679}.
[I 2026-08-06 02:42:09,669] Trial 245 finished with values: [10.521981989270193, 10.521981989270193] and parameters: {'k1': 3.252245757497282e-05, 'D_low': 1112.9571947046009, 'k2': 0.00011939136672856547, 'D_high': 8182.111518618414, 'fire_exp': 1.5201277403788451, 'P_half': 19.4230157499841, 'pre_dampen_half': 304.7488318185732, 'gpp_af': 0.47739011308437823, 'gpp_b': 3.481277316673104e-05, 'gpp_d': 0.03848886303127135, 'ign_k': 0.019192001101561888, 'ign_c': 2.4287565087611744}.
[I 2026-08-06 02:42:10,779] Trial 246 finished with values: [10.509066007870574, 10.509066007870574] and parameters: {'k1': 0.0029707920514735983, 'D_low': 125.32726386250698, 'k2': 0.0007081721844034209, 'D_high': 7744.80118512745, 'fire_exp': 1.2943117749495199, 'P_half': 10.226988730324324, 'pre_dampen_half': 347.79988160923324, 'gpp_af': 0.015769192447197523, 'gpp_b': 0.011750724729953272, 'gpp_d': 857.4284557962634, 'ign_k': 0.006912296717033066, 'ign_c': 0.6235377135673155}.
[I 2026-08-06 02:42:11,895] Trial 247 finished with values: [10.755512890007992, 10.755512890007992] and parameters: {'k1': 0.00013783578294796384, 'D_low': 1440.3650379563878, 'k2': 2.316457903103837e-05, 'D_high': 949.9072859745386, 'fire_exp': 1.5201277403788451, 'P_half': 13.019246714361572, 'pre_dampen_half': 1.241231030920016, 'gpp_af': 29.925002022877802, 'gpp_b': 0.10123867001105968, 'gpp_d': 4.5768578731086835, 'ign_k': 0.005877005203443299, 'ign_c': 0.9294394155644988}.
[I 2026-08-06 02:42:13,017] Trial 248 finished with values: [10.755076118413877, 10.755076118413877] and parameters: {'k1': 0.04897760278488444, 'D_low': 2.458603276328005, 'k2': 0.010080550999930625, 'D_high': 10427.291060979045, 'fire_exp': 2.3782613909771353, 'P_half': 4075.7883791361783, 'pre_dampen_half': 76.86605275420082, 'gpp_af': 0.08235550625917108, 'gpp_b': 0.000832333943844274, 'gpp_d': 300.3420512048734, 'ign_k': 0.11903394335305037, 'ign_c': 0.11049703024154134}.
[I 2026-08-06 02:42:14,083] Trial 249 finished with values: [10.120353940837129, 10.120353940837129] and parameters: {'k1': 7.841214856323651e-05, 'D_low': 1.54121727098019, 'k2': 1.1184534120760473e-05, 'D_high': 75773.14388518519, 'fire_exp': 1.4665043946307825, 'P_half': 408.3047491580097, 'pre_dampen_half': 304.7488318185732, 'gpp_af': 4.095062894476692, 'gpp_b': 3.228689523591491e-05, 'gpp_d': 857.4284557962634, 'ign_k': 0.3818468247973969, 'ign_c': 0.5110256715654393}.
[I 2026-08-06 02:42:15,167] Trial 250 finished with values: [10.546917861913448, 10.546917861913448] and parameters: {'k1': 0.008956420301712053, 'D_low': 1112.9571947046009, 'k2': 3.5917714215176105e-05, 'D_high': 6455.595882939566, 'fire_exp': 1.1044852285094786, 'P_half': 408.3047491580097, 'pre_dampen_half': 304.7488318185732, 'gpp_af': 0.0025511964576171086, 'gpp_b': 3.139005000572696e-05, 'gpp_d': 857.4284557962634, 'ign_k': 0.03141110271934876, 'ign_c': 10.140635645866492}.
[I 2026-08-06 02:42:16,228] Trial 251 finished with values: [10.761099223967717, 10.761099223967717] and parameters: {'k1': 0.00324789183891923, 'D_low': 2.1234210963705626, 'k2': 0.031211489608802344, 'D_high': 949.9072859745386, 'fire_exp': 4.010071437770751, 'P_half': 12.808863354047988, 'pre_dampen_half': 107.40052367919465, 'gpp_af': 0.010590622233713298, 'gpp_b': 0.0012749409641020352, 'gpp_d': 368.30088529547436, 'ign_k': 0.009580682294110432, 'ign_c': 8.671454322584175}.
[I 2026-08-06 02:42:17,367] Trial 252 finished with values: [-0.4701919844459236, 0.325741372855634] and parameters: {'k1': 0.016973078532467004, 'D_low': 29.89885508829526, 'k2': 0.0001870742013766025, 'D_high': 7744.80118512745, 'fire_exp': 1.0881360604103363, 'P_half': 10.226988730324324, 'pre_dampen_half': 304.7488318185732, 'gpp_af': 5.620854611217178, 'gpp_b': 0.011750724729953272, 'gpp_d': 3.57879245350232, 'ign_k': 0.0035114452581286888, 'ign_c': 10.140635645866492}.
[I 2026-08-06 02:42:18,431] Trial 253 finished with values: [10.769186455828768, 10.769186455828768] and parameters: {'k1': 0.002971796631657383, 'D_low': 2.1234210963705626, 'k2': 0.0003607301614542842, 'D_high': 8241.92526487646, 'fire_exp': 1.0881360604103363, 'P_half': 1627.0983114897251, 'pre_dampen_half': 53.73093479067421, 'gpp_af': 29.925002022877802, 'gpp_b': 0.011750724729953272, 'gpp_d': 13.076473382928533, 'ign_k': 0.03033111747878116, 'ign_c': 298.123706972088}.
[I 2026-08-06 02:42:19,463] Trial 254 finished with values: [10.769219759987903, 10.769219759987903] and parameters: {'k1': 0.00014281536924924868, 'D_low': 2.1234210963705626, 'k2': 0.031211489608802344, 'D_high': 39.323386421481615, 'fire_exp': 1.1044852285094786, 'P_half': 12.808863354047988, 'pre_dampen_half': 53.73093479067421, 'gpp_af': 29.925002022877802, 'gpp_b': 0.0025416076006960116, 'gpp_d': 368.30088529547436, 'ign_k': 0.03033111747878116, 'ign_c': 298.123706972088}.
[I 2026-08-06 02:42:20,590] Trial 255 finished with values: [10.66809036263522, 10.66809036263522] and parameters: {'k1': 0.00324789183891923, 'D_low': 2.1234210963705626, 'k2': 1.1184534120760473e-05, 'D_high': 8241.92526487646, 'fire_exp': 1.151006986743773, 'P_half': 12.808863354047988, 'pre_dampen_half': 0.6199100007802261, 'gpp_af': 5.511863475708366, 'gpp_b': 8.539677611488478e-05, 'gpp_d': 0.11136446029400991, 'ign_k': 0.03033111747878116, 'ign_c': 8.671454322584175}.
[I 2026-08-06 02:42:21,657] Trial 256 finished with values: [-0.45585087457967893, 0.424904045744396] and parameters: {'k1': 0.002971796631657383, 'D_low': 1112.9571947046009, 'k2': 0.0007081721844034209, 'D_high': 8182.111518618414, 'fire_exp': 1.0881360604103363, 'P_half': 24.136213194527585, 'pre_dampen_half': 304.7488318185732, 'gpp_af': 29.925002022877802, 'gpp_b': 0.011750724729953272, 'gpp_d': 4.5768578731086835, 'ign_k': 0.019192001101561888, 'ign_c': 0.1457050032975653}.
[I 2026-08-06 02:42:22,720] Trial 257 finished with values: [10.531030682673867, 10.531030682673867] and parameters: {'k1': 0.00324789183891923, 'D_low': 4.075267974954964, 'k2': 0.031211489608802344, 'D_high': 48249.14281180252, 'fire_exp': 1.151006986743773, 'P_half': 26.466155867114797, 'pre_dampen_half': 107.40052367919465, 'gpp_af': 20.12115544906385, 'gpp_b': 0.20619371865867875, 'gpp_d': 0.30592049838223523, 'ign_k': 0.03033111747878116, 'ign_c': 8.671454322584175}.
[I 2026-08-06 02:42:23,749] Trial 258 finished with values: [10.45904218920419, 10.45904218920419] and parameters: {'k1': 7.841214856323651e-05, 'D_low': 50.217376233895635, 'k2': 3.5917714215176105e-05, 'D_high': 7744.80118512745, 'fire_exp': 1.1044852285094786, 'P_half': 215.55950571043874, 'pre_dampen_half': 304.7488318185732, 'gpp_af': 11.234842109991876, 'gpp_b': 0.02502809770894037, 'gpp_d': 2.400225309964113, 'ign_k': 0.03141110271934876, 'ign_c': 3.0378658251922155}.
[I 2026-08-06 02:42:24,796] Trial 259 finished with values: [10.630231419587851, 10.630231419587851] and parameters: {'k1': 0.002971796631657383, 'D_low': 29.89885508829526, 'k2': 0.0007081721844034209, 'D_high': 9769.756791866093, 'fire_exp': 1.0881360604103363, 'P_half': 11.877073321543955, 'pre_dampen_half': 304.7488318185732, 'gpp_af': 29.925002022877802, 'gpp_b': 0.011750724729953272, 'gpp_d': 857.4284557962634, 'ign_k': 0.006912296717033066, 'ign_c': 0.11433485956638717}.
[I 2026-08-06 02:42:25,824] Trial 260 finished with values: [-0.47366460132140753, 0.4255360783994764] and parameters: {'k1': 0.002971796631657383, 'D_low': 4.075267974954964, 'k2': 0.0007081721844034209, 'D_high': 48249.14281180252, 'fire_exp': 1.151006986743773, 'P_half': 12.808863354047988, 'pre_dampen_half': 107.40052367919465, 'gpp_af': 20.12115544906385, 'gpp_b': 0.09594602618277148, 'gpp_d': 4.5768578731086835, 'ign_k': 0.03033111747878116, 'ign_c': 6.160975294741436}.
[I 2026-08-06 02:42:26,855] Trial 261 finished with values: [10.76808156465475, 10.76808156465475] and parameters: {'k1': 0.04897760278488444, 'D_low': 2.458603276328005, 'k2': 1.1184534120760473e-05, 'D_high': 10316.033434719713, 'fire_exp': 2.3782613909771353, 'P_half': 2.157758652553991, 'pre_dampen_half': 76.86605275420082, 'gpp_af': 0.8942824595236101, 'gpp_b': 4.178096206039848, 'gpp_d': 34.37107943937136, 'ign_k': 0.11101191524846071, 'ign_c': 10.140635645866492}.
[I 2026-08-06 02:42:27,883] Trial 262 finished with values: [10.305349755264032, 10.305349755264032] and parameters: {'k1': 0.002971796631657383, 'D_low': 29.89885508829526, 'k2': 0.0001870742013766025, 'D_high': 9769.756791866093, 'fire_exp': 1.010722707674549, 'P_half': 1627.0983114897251, 'pre_dampen_half': 304.7488318185732, 'gpp_af': 5.620854611217178, 'gpp_b': 0.011750724729953272, 'gpp_d': 4.5768578731086835, 'ign_k': 3.7173717478250508, 'ign_c': 14.367095138664217}.
[I 2026-08-06 02:42:28,960] Trial 263 finished with values: [10.04779460421108, 10.04779460421108] and parameters: {'k1': 7.841214856323651e-05, 'D_low': 29.89885508829526, 'k2': 0.0007081721844034209, 'D_high': 9769.756791866093, 'fire_exp': 1.1044852285094786, 'P_half': 10.226988730324324, 'pre_dampen_half': 36.876350096203005, 'gpp_af': 29.925002022877802, 'gpp_b': 0.011750724729953272, 'gpp_d': 1.105785410092522, 'ign_k': 7.537201787998428, 'ign_c': 6.160975294741436}.
[I 2026-08-06 02:42:29,977] Trial 264 finished with values: [10.521430974658976, 10.521430974658976] and parameters: {'k1': 0.0029707920514735983, 'D_low': 4.051452710153359, 'k2': 3.5917714215176105e-05, 'D_high': 6455.595882939566, 'fire_exp': 1.1044852285094786, 'P_half': 851.7034154701655, 'pre_dampen_half': 304.7488318185732, 'gpp_af': 1.6595781802652418, 'gpp_b': 0.00017319192149311345, 'gpp_d': 0.1187686699420959, 'ign_k': 0.03141110271934876, 'ign_c': 10.140635645866492}.
[I 2026-08-06 02:42:31,053] Trial 265 finished with values: [10.693013850934943, 10.693013850934943] and parameters: {'k1': 0.04897760278488444, 'D_low': 51.9967392387832, 'k2': 0.031211489608802344, 'D_high': 10316.033434719713, 'fire_exp': 1.5201277403788451, 'P_half': 12.808863354047988, 'pre_dampen_half': 0.01431909845816693, 'gpp_af': 21.995805943313187, 'gpp_b': 0.00012797528816608022, 'gpp_d': 368.30088529547436, 'ign_k': 0.11101191524846071, 'ign_c': 0.11272174259951144}.
[I 2026-08-06 02:42:32,098] Trial 266 finished with values: [-0.45487004053519176, 0.527192682723605] and parameters: {'k1': 0.00324789183891923, 'D_low': 1112.9571947046009, 'k2': 0.0007081721844034209, 'D_high': 8182.111518618414, 'fire_exp': 1.151006986743773, 'P_half': 12.808863354047988, 'pre_dampen_half': 304.7488318185732, 'gpp_af': 29.925002022877802, 'gpp_b': 0.0003746142260732423, 'gpp_d': 4.5768578731086835, 'ign_k': 0.019192001101561888, 'ign_c': 0.1457050032975653}.
[I 2026-08-06 02:42:33,142] Trial 267 finished with values: [10.250954937917278, 10.250954937917278] and parameters: {'k1': 0.0029707920514735983, 'D_low': 29.89885508829526, 'k2': 0.0007081721844034209, 'D_high': 7744.80118512745, 'fire_exp': 1.0881360604103363, 'P_half': 10.226988730324324, 'pre_dampen_half': 304.7488318185732, 'gpp_af': 5.620854611217178, 'gpp_b': 0.011750724729953272, 'gpp_d': 857.4284557962634, 'ign_k': 0.006912296717033066, 'ign_c': 3.0378658251922155}.
[I 2026-08-06 02:42:34,189] Trial 268 finished with values: [10.684611785769011, 10.684611785769011] and parameters: {'k1': 0.00324789183891923, 'D_low': 918.4900818511542, 'k2': 0.0007081721844034209, 'D_high': 6455.595882939566, 'fire_exp': 2.2881850891698634, 'P_half': 14.94057723907974, 'pre_dampen_half': 107.40052367919465, 'gpp_af': 11.234842109991876, 'gpp_b': 0.03719354588132657, 'gpp_d': 4.5768578731086835, 'ign_k': 0.0016058436323100884, 'ign_c': 6.160975294741436}.
[I 2026-08-06 02:42:35,256] Trial 269 finished with values: [10.351165176246239, 10.351165176246239] and parameters: {'k1': 7.841214856323651e-05, 'D_low': 1.54121727098019, 'k2': 0.08790311296857814, 'D_high': 75773.14388518519, 'fire_exp': 1.0881360604103363, 'P_half': 408.3047491580097, 'pre_dampen_half': 76.86605275420082, 'gpp_af': 35.20481045526041, 'gpp_b': 0.003510201564752293, 'gpp_d': 3.032712462969173, 'ign_k': 0.006912296717033066, 'ign_c': 0.5110256715654393}.
[I 2026-08-06 02:42:36,314] Trial 270 finished with values: [11.422893844605683, 11.422893844605683] and parameters: {'k1': 0.0024398964530167717, 'D_low': 29.89885508829526, 'k2': 0.031211489608802344, 'D_high': 48249.14281180252, 'fire_exp': 2.1589564941849333, 'P_half': 12.808863354047988, 'pre_dampen_half': 304.7488318185732, 'gpp_af': 20.12115544906385, 'gpp_b': 1.1008110571039521e-05, 'gpp_d': 3.57879245350232, 'ign_k': 1.2124080603355416, 'ign_c': 8.671454322584175}.
[I 2026-08-06 02:42:37,406] Trial 271 finished with values: [-0.47076854852554095, 0.4375140136160287] and parameters: {'k1': 7.841214856323651e-05, 'D_low': 50.217376233895635, 'k2': 1.1184534120760473e-05, 'D_high': 75773.14388518519, 'fire_exp': 1.1044852285094786, 'P_half': 408.3047491580097, 'pre_dampen_half': 304.7488318185732, 'gpp_af': 11.234842109991876, 'gpp_b': 3.228689523591491e-05, 'gpp_d': 368.30088529547436, 'ign_k': 0.3818468247973969, 'ign_c': 0.5110256715654393}.
[I 2026-08-06 02:42:38,562] Trial 272 finished with values: [10.472560978240642, 10.472560978240642] and parameters: {'k1': 0.002971796631657383, 'D_low': 29.89885508829526, 'k2': 0.0007081721844034209, 'D_high': 9769.756791866093, 'fire_exp': 1.0881360604103363, 'P_half': 10.226988730324324, 'pre_dampen_half': 36.876350096203005, 'gpp_af': 29.925002022877802, 'gpp_b': 4.361034464114157e-05, 'gpp_d': 0.02375138331725693, 'ign_k': 0.0026834162496848666, 'ign_c': 6.160975294741436}.
[I 2026-08-06 02:42:39,622] Trial 273 finished with values: [10.588989104876438, 10.588989104876438] and parameters: {'k1': 0.008180032418045739, 'D_low': 2.458603276328005, 'k2': 0.08790311296857814, 'D_high': 10316.033434719713, 'fire_exp': 2.3782613909771353, 'P_half': 2.157758652553991, 'pre_dampen_half': 76.86605275420082, 'gpp_af': 35.20481045526041, 'gpp_b': 0.009396105777395792, 'gpp_d': 34.37107943937136, 'ign_k': 0.017654048052495083, 'ign_c': 56.70346335627288}.
[I 2026-08-06 02:42:40,686] Trial 274 finished with values: [10.555832646077109, 10.555832646077109] and parameters: {'k1': 0.0005486676498816061, 'D_low': 29.89885508829526, 'k2': 0.0007081721844034209, 'D_high': 10316.033434719713, 'fire_exp': 2.3782613909771353, 'P_half': 10.226988730324324, 'pre_dampen_half': 7.6110013825922485, 'gpp_af': 29.925002022877802, 'gpp_b': 1.1008110571039521e-05, 'gpp_d': 34.37107943937136, 'ign_k': 0.0467351899956275, 'ign_c': 0.773448215664679}.
[I 2026-08-06 02:42:41,779] Trial 275 finished with values: [-0.4366860052331766, 0.4011073277873832] and parameters: {'k1': 3.252245757497282e-05, 'D_low': 1112.9571947046009, 'k2': 3.5917714215176105e-05, 'D_high': 8182.111518618414, 'fire_exp': 1.151006986743773, 'P_half': 12.808863354047988, 'pre_dampen_half': 304.7488318185732, 'gpp_af': 20.12115544906385, 'gpp_b': 3.481277316673104e-05, 'gpp_d': 150.14555442537656, 'ign_k': 0.019192001101561888, 'ign_c': 8.671454322584175}.
[I 2026-08-06 02:42:42,903] Trial 276 finished with values: [10.144032467577672, 10.144032467577672] and parameters: {'k1': 1.1845753911529365e-05, 'D_low': 3840.3004190988563, 'k2': 3.5917714215176105e-05, 'D_high': 96.74045662145933, 'fire_exp': 1.0881360604103363, 'P_half': 10.226988730324324, 'pre_dampen_half': 304.7488318185732, 'gpp_af': 37.28155624293858, 'gpp_b': 1.1008110571039521e-05, 'gpp_d': 4.5768578731086835, 'ign_k': 0.03141110271934876, 'ign_c': 3.0378658251922155}.
[I 2026-08-06 02:42:43,995] Trial 277 finished with values: [-0.4651833423275621, 0.37038521176330375] and parameters: {'k1': 0.01889771394135163, 'D_low': 29.89885508829526, 'k2': 0.0007081721844034209, 'D_high': 8182.111518618414, 'fire_exp': 1.0881360604103363, 'P_half': 10.226988730324324, 'pre_dampen_half': 36.876350096203005, 'gpp_af': 29.925002022877802, 'gpp_b': 0.011750724729953272, 'gpp_d': 4.5768578731086835, 'ign_k': 0.0026834162496848666, 'ign_c': 6.160975294741436}.
[I 2026-08-06 02:42:45,119] Trial 278 finished with values: [10.765301528308015, 10.765301528308015] and parameters: {'k1': 0.00324789183891923, 'D_low': 51.9967392387832, 'k2': 0.031211489608802344, 'D_high': 48249.14281180252, 'fire_exp': 1.151006986743773, 'P_half': 13.019246714361572, 'pre_dampen_half': 347.79988160923324, 'gpp_af': 21.995805943313187, 'gpp_b': 0.10123867001105968, 'gpp_d': 0.11136446029400991, 'ign_k': 0.03033111747878116, 'ign_c': 157.63894361785373}.
[I 2026-08-06 02:42:46,226] Trial 279 finished with values: [-0.4739596238043168, 0.19279108283652158] and parameters: {'k1': 0.04897760278488444, 'D_low': 2.458603276328005, 'k2': 0.08790311296857814, 'D_high': 10316.033434719713, 'fire_exp': 1.0881360604103363, 'P_half': 2.157758652553991, 'pre_dampen_half': 76.86605275420082, 'gpp_af': 0.8942824595236101, 'gpp_b': 0.011750724729953272, 'gpp_d': 29.749683811098393, 'ign_k': 0.0026834162496848666, 'ign_c': 9.34330265731847}.
[I 2026-08-06 02:42:47,319] Trial 280 finished with values: [-0.4438287774350177, 0.6064431709214996] and parameters: {'k1': 0.02714257255218683, 'D_low': 1112.9571947046009, 'k2': 1.1184534120760473e-05, 'D_high': 75773.14388518519, 'fire_exp': 1.5201277403788451, 'P_half': 24.136213194527585, 'pre_dampen_half': 304.7488318185732, 'gpp_af': 13.560863064135962, 'gpp_b': 3.228689523591491e-05, 'gpp_d': 5.878566318396007, 'ign_k': 0.03141110271934876, 'ign_c': 0.11272174259951144}.
[I 2026-08-06 02:42:48,413] Trial 281 finished with values: [10.441633037375897, 10.441633037375897] and parameters: {'k1': 0.002407354618388189, 'D_low': 18.522006003174383, 'k2': 1.1184534120760473e-05, 'D_high': 6455.595882939566, 'fire_exp': 1.8713074096420792, 'P_half': 125.61043700013555, 'pre_dampen_half': 107.40052367919465, 'gpp_af': 11.234842109991876, 'gpp_b': 0.00012797528816608022, 'gpp_d': 368.30088529547436, 'ign_k': 0.11101191524846071, 'ign_c': 14.367095138664217}.
[I 2026-08-06 02:42:49,521] Trial 282 finished with values: [-0.48131455219260266, 0.4956239162326268] and parameters: {'k1': 0.00324789183891923, 'D_low': 4.075267974954964, 'k2': 0.0022957398214549472, 'D_high': 7744.80118512745, 'fire_exp': 1.151006986743773, 'P_half': 12.808863354047988, 'pre_dampen_half': 107.40052367919465, 'gpp_af': 5.620854611217178, 'gpp_b': 1.1008110571039521e-05, 'gpp_d': 0.6380717024176037, 'ign_k': 0.0035114452581286888, 'ign_c': 10.140635645866492}.
[I 2026-08-06 02:42:50,615] Trial 283 finished with values: [10.562172637499678, 10.562172637499678] and parameters: {'k1': 0.002971796631657383, 'D_low': 2.3244932709566686, 'k2': 1.1184534120760473e-05, 'D_high': 39.323386421481615, 'fire_exp': 1.0881360604103363, 'P_half': 10.226988730324324, 'pre_dampen_half': 53.73093479067421, 'gpp_af': 20.12115544906385, 'gpp_b': 0.0025416076006960116, 'gpp_d': 0.11136446029400991, 'ign_k': 0.0026834162496848666, 'ign_c': 298.123706972088}.
[I 2026-08-06 02:42:51,756] Trial 284 finished with values: [10.264888888991925, 10.264888888991925] and parameters: {'k1': 0.002971796631657383, 'D_low': 29.89885508829526, 'k2': 0.04669327135003539, 'D_high': 75773.14388518519, 'fire_exp': 1.1044852285094786, 'P_half': 10.226988730324324, 'pre_dampen_half': 4.350163152436989, 'gpp_af': 29.925002022877802, 'gpp_b': 0.011750724729953272, 'gpp_d': 4.5768578731086835, 'ign_k': 0.0026834162496848666, 'ign_c': 6.160975294741436}.
[I 2026-08-06 02:42:52,827] Trial 285 finished with values: [10.44584284552442, 10.44584284552442] and parameters: {'k1': 0.002971796631657383, 'D_low': 29.89885508829526, 'k2': 0.0007081721844034209, 'D_high': 9769.756791866093, 'fire_exp': 1.0881360604103363, 'P_half': 10.226988730324324, 'pre_dampen_half': 36.876350096203005, 'gpp_af': 29.925002022877802, 'gpp_b': 0.011750724729953272, 'gpp_d': 0.04831624275180356, 'ign_k': 6.32338195106678, 'ign_c': 6.160975294741436}.
[I 2026-08-06 02:42:53,904] Trial 286 finished with values: [-0.467472696433277, 0.38731461259051114] and parameters: {'k1': 1.1845753911529365e-05, 'D_low': 3840.3004190988563, 'k2': 0.0001870742013766025, 'D_high': 8182.111518618414, 'fire_exp': 1.0881360604103363, 'P_half': 19.4230157499841, 'pre_dampen_half': 304.7488318185732, 'gpp_af': 0.47739011308437823, 'gpp_b': 1.1008110571039521e-05, 'gpp_d': 4.5768578731086835, 'ign_k': 0.019192001101561888, 'ign_c': 2.4287565087611744}.
