[I 2026-06-11 13:11:38,252] Trial 509 finished with values: [10.555457005011245, 10.555457005011245] and parameters: {'k1': 3.609310926766545e-05, 'D_low': 1121.5915868662764, 'k2': 0.003767022142229395, 'D_high': 252.84086172415604, 'fire_exp': 1.0601964743503993, 'P_half': 12.280874862135363, 'pre_dampen_half': 170.71098124594695, 'gpp_af': 1.9706963379095486, 'gpp_b': 1.4540386644083135e-05, 'gpp_d': 96.93415502195788, 'ign_k': 0.037151317999473285, 'ign_c': 48.704711413416454, 'trop_agb_crit': 11.664190932505923, 'trop_k_veg': 4.989748894578724, 'fire_amp': 3.1543496524370136}.
[I 2026-06-11 13:11:39,186] Trial 510 finished with values: [-0.6272159595374565, 0.19589424146986434] and parameters: {'k1': 0.08409006963311547, 'D_low': 12.105387404469584, 'k2': 0.045914852167405346, 'D_high': 32311.521854410956, 'fire_exp': 1.811096651915224, 'P_half': 5.4712187293420325, 'pre_dampen_half': 10.931606102061748, 'gpp_af': 0.060029341913968644, 'gpp_b': 0.00031478066835753096, 'gpp_d': 47.35384181058586, 'ign_k': 0.0032383308053152635, 'ign_c': 29.690870944846793, 'trop_agb_crit': 12.708819454040446, 'trop_k_veg': 4.667598965682156, 'fire_amp': 1.5719333351012774}.
[I 2026-06-11 13:11:40,155] Trial 511 finished with values: [-0.5562500363985365, 0.36119645054745364] and parameters: {'k1': 6.784924519083143e-05, 'D_low': 13.012518385211498, 'k2': 0.0004976087827261435, 'D_high': 22.636544662054543, 'fire_exp': 1.0420149135640993, 'P_half': 5.4712187293420325, 'pre_dampen_half': 170.71098124594695, 'gpp_af': 0.2204465010099918, 'gpp_b': 0.0003601974223479835, 'gpp_d': 0.03927259340973166, 'ign_k': 0.012480180965117606, 'ign_c': 0.22592797420156951, 'trop_agb_crit': 8.462233625364036, 'trop_k_veg': 4.989748894578724, 'fire_amp': 5.869450070968175}.
[I 2026-06-11 13:11:41,193] Trial 512 finished with values: [11.228313029769657, 11.228313029769657] and parameters: {'k1': 0.0021949137421473017, 'D_low': 1.4002277211577039, 'k2': 0.045914852167405346, 'D_high': 32311.521854410956, 'fire_exp': 1.811096651915224, 'P_half': 5.4712187293420325, 'pre_dampen_half': 121.93011993958949, 'gpp_af': 0.41874665092828456, 'gpp_b': 0.00031478066835753096, 'gpp_d': 0.1619054449471649, 'ign_k': 0.09256855841989636, 'ign_c': 7.081721844034206, 'trop_agb_crit': 12.708819454040446, 'trop_k_veg': 0.5535297685306277, 'fire_amp': 3.102033517490054}.
[I 2026-06-11 13:11:42,141] Trial 513 finished with values: [10.079056365017738, 10.079056365017738] and parameters: {'k1': 0.0009255037589041178, 'D_low': 236.79352040223893, 'k2': 0.00037358626308127543, 'D_high': 1266.9536563782303, 'fire_exp': 1.4848387260494937, 'P_half': 93.43302657318476, 'pre_dampen_half': 170.71098124594695, 'gpp_af': 0.015627364027979502, 'gpp_b': 2.800940363375676e-05, 'gpp_d': 0.09467055845337147, 'ign_k': 0.0029519227433917453, 'ign_c': 1.364908766641693, 'trop_agb_crit': 12.647327018493208, 'trop_k_veg': 4.989748894578724, 'fire_amp': 1.5719333351012774}.
[I 2026-06-11 13:11:43,097] Trial 514 finished with values: [10.088986726548791, 10.088986726548791] and parameters: {'k1': 0.03648456083047798, 'D_low': 236.79352040223893, 'k2': 0.003767022142229395, 'D_high': 32311.521854410956, 'fire_exp': 1.41873960828944, 'P_half': 8.318314747941244, 'pre_dampen_half': 269.0845367054866, 'gpp_af': 0.060029341913968644, 'gpp_b': 0.05719024141066792, 'gpp_d': 12.338826503601998, 'ign_k': 0.002357279455676982, 'ign_c': 75.30210437963517, 'trop_agb_crit': 2.49652474515731, 'trop_k_veg': 4.0068236274914755, 'fire_amp': 1.5719333351012774}.
[I 2026-06-11 13:11:44,046] Trial 515 finished with values: [10.214254999595914, 10.214254999595914] and parameters: {'k1': 0.0008362695993649681, 'D_low': 2972.248537653567, 'k2': 0.02065142557895925, 'D_high': 6682.9607218310075, 'fire_exp': 1.1490848108902036, 'P_half': 2.226799690893868, 'pre_dampen_half': 4.847666216751353, 'gpp_af': 1.7775411110039254, 'gpp_b': 2.800940363375676e-05, 'gpp_d': 1.4397852866783676, 'ign_k': 0.0032383308053152635, 'ign_c': 0.6658322706867178, 'trop_agb_crit': 12.9667438075127, 'trop_k_veg': 2.99731137426955, 'fire_amp': 2.7806853670293616}.
[I 2026-06-11 13:11:45,006] Trial 516 finished with values: [10.76665128219365, 10.76665128219365] and parameters: {'k1': 0.003968136435370146, 'D_low': 148.21691630007544, 'k2': 0.01567230746060024, 'D_high': 6682.9607218310075, 'fire_exp': 3.2459542834651627, 'P_half': 2.226799690893868, 'pre_dampen_half': 4.847666216751353, 'gpp_af': 0.060029341913968644, 'gpp_b': 0.12105864607844925, 'gpp_d': 94.19931479490882, 'ign_k': 0.002803357452303278, 'ign_c': 2.2489542843914485, 'trop_agb_crit': 5.588032458772675, 'trop_k_veg': 0.6488368931910606, 'fire_amp': 2.818314238665462}.
[I 2026-06-11 13:11:45,986] Trial 517 finished with values: [10.245008005375276, 10.245008005375276] and parameters: {'k1': 0.08006837661379566, 'D_low': 236.79352040223893, 'k2': 0.045914852167405346, 'D_high': 32311.521854410956, 'fire_exp': 1.2060040899560858, 'P_half': 2.226799690893868, 'pre_dampen_half': 16.009350908593582, 'gpp_af': 0.060029341913968644, 'gpp_b': 0.0036065155862388338, 'gpp_d': 1.336803341156552, 'ign_k': 0.001229921046579313, 'ign_c': 7.081721844034206, 'trop_agb_crit': 12.9667438075127, 'trop_k_veg': 1.056284487623406, 'fire_amp': 1.5719333351012774}.
[I 2026-06-11 13:11:47,125] Trial 518 finished with values: [10.762104222754127, 10.762104222754127] and parameters: {'k1': 0.0008362695993649681, 'D_low': 1.7551403048208316, 'k2': 0.02065142557895925, 'D_high': 16.91793781734267, 'fire_exp': 1.811096651915224, 'P_half': 5.4712187293420325, 'pre_dampen_half': 4.847666216751353, 'gpp_af': 0.07118041471054574, 'gpp_b': 1.7286734109794885e-05, 'gpp_d': 1.4397852866783676, 'ign_k': 0.002357279455676982, 'ign_c': 0.9736725715035878, 'trop_agb_crit': 8.0091368834625, 'trop_k_veg': 0.5535297685306277, 'fire_amp': 1.5719333351012774}.
[I 2026-06-11 13:11:48,076] Trial 519 finished with values: [-0.5949890394848123, 0.10352819904715527] and parameters: {'k1': 0.0008362695993649681, 'D_low': 1121.5915868662764, 'k2': 0.00037358626308127543, 'D_high': 69868.4759244566, 'fire_exp': 1.2060040899560858, 'P_half': 2.226799690893868, 'pre_dampen_half': 28.01075698398644, 'gpp_af': 0.015627364027979502, 'gpp_b': 0.015382154459808445, 'gpp_d': 0.09467055845337147, 'ign_k': 0.0029519227433917453, 'ign_c': 39.52220881906114, 'trop_agb_crit': 12.9667438075127, 'trop_k_veg': 2.99731137426955, 'fire_amp': 3.1543496524370136}.
[I 2026-06-11 13:11:49,025] Trial 520 finished with values: [11.095612267554397, 11.095612267554397] and parameters: {'k1': 0.003968136435370146, 'D_low': 1.4002277211577039, 'k2': 1.1417577140741129e-05, 'D_high': 6682.9607218310075, 'fire_exp': 1.0420149135640993, 'P_half': 1265.0580856641704, 'pre_dampen_half': 30.456909077772018, 'gpp_af': 1.3954498518315706, 'gpp_b': 0.006999112505425414, 'gpp_d': 94.19931479490882, 'ign_k': 0.0014363112408604436, 'ign_c': 0.22592797420156951, 'trop_agb_crit': 11.664190932505923, 'trop_k_veg': 0.6488368931910606, 'fire_amp': 5.3557573266024745}.
[I 2026-06-11 13:11:49,976] Trial 521 finished with values: [15.364736009195717, 15.364736009195717] and parameters: {'k1': 0.08409006963311547, 'D_low': 1.4002277211577039, 'k2': 0.045914852167405346, 'D_high': 32311.521854410956, 'fire_exp': 1.0812994412809738, 'P_half': 5.4712187293420325, 'pre_dampen_half': 30.456909077772018, 'gpp_af': 0.41874665092828456, 'gpp_b': 0.0036065155862388338, 'gpp_d': 1.4397852866783676, 'ign_k': 0.0032383308053152635, 'ign_c': 1.364908766641693, 'trop_agb_crit': 8.0091368834625, 'trop_k_veg': 5.453348988480011, 'fire_amp': 3.102033517490054}.
[I 2026-06-11 13:11:50,942] Trial 522 finished with values: [10.40309574061833, 10.40309574061833] and parameters: {'k1': 0.08006837661379566, 'D_low': 236.79352040223893, 'k2': 1.1417577140741129e-05, 'D_high': 32311.521854410956, 'fire_exp': 1.41873960828944, 'P_half': 5.4712187293420325, 'pre_dampen_half': 16.009350908593582, 'gpp_af': 0.060029341913968644, 'gpp_b': 0.0036065155862388338, 'gpp_d': 0.1619054449471649, 'ign_k': 0.0032383308053152635, 'ign_c': 7.081721844034206, 'trop_agb_crit': 1.3063813396521713, 'trop_k_veg': 1.6648666152166967, 'fire_amp': 1.5719333351012774}.
[I 2026-06-11 13:11:51,875] Trial 523 finished with values: [10.578456594509952, 10.578456594509952] and parameters: {'k1': 0.08409006963311547, 'D_low': 236.79352040223893, 'k2': 0.045914852167405346, 'D_high': 32311.521854410956, 'fire_exp': 1.0948220627025493, 'P_half': 93.43302657318476, 'pre_dampen_half': 0.04078961160746153, 'gpp_af': 0.060029341913968644, 'gpp_b': 0.005166473066540598, 'gpp_d': 467.0625946819548, 'ign_k': 0.018391807805583135, 'ign_c': 23.422386257929038, 'trop_agb_crit': 5.613675661974366, 'trop_k_veg': 3.4439936249445045, 'fire_amp': 2.7806853670293616}.
[I 2026-06-11 13:11:52,792] Trial 524 finished with values: [10.387325498141246, 10.387325498141246] and parameters: {'k1': 0.08409006963311547, 'D_low': 1.4002277211577039, 'k2': 0.045914852167405346, 'D_high': 32311.521854410956, 'fire_exp': 1.0812994412809738, 'P_half': 5.4712187293420325, 'pre_dampen_half': 4.847666216751353, 'gpp_af': 0.060029341913968644, 'gpp_b': 0.004411400434514031, 'gpp_d': 1.4397852866783676, 'ign_k': 0.0032383308053152635, 'ign_c': 0.14665316366397016, 'trop_agb_crit': 12.708819454040446, 'trop_k_veg': 4.667598965682156, 'fire_amp': 1.5719333351012774}.
[I 2026-06-11 13:11:53,714] Trial 525 finished with values: [17.20865958996578, 17.20865958996578] and parameters: {'k1': 0.03648456083047798, 'D_low': 148.21691630007544, 'k2': 0.019383858782150494, 'D_high': 6682.9607218310075, 'fire_exp': 1.2060040899560858, 'P_half': 3.9207829763785726, 'pre_dampen_half': 857.3351203969089, 'gpp_af': 0.060029341913968644, 'gpp_b': 0.001674375583895437, 'gpp_d': 1.4397852866783676, 'ign_k': 7.252283715822169, 'ign_c': 2.2489542843914485, 'trop_agb_crit': 5.588032458772675, 'trop_k_veg': 0.6488368931910606, 'fire_amp': 1.5180207449214471}.
[I 2026-06-11 13:11:54,636] Trial 526 finished with values: [10.058283627566027, 10.058283627566027] and parameters: {'k1': 1.0465498595171737e-05, 'D_low': 13.012518385211498, 'k2': 0.0004976087827261435, 'D_high': 6682.9607218310075, 'fire_exp': 1.0420149135640993, 'P_half': 5.4712187293420325, 'pre_dampen_half': 4.847666216751353, 'gpp_af': 0.060029341913968644, 'gpp_b': 0.004411400434514031, 'gpp_d': 94.19931479490882, 'ign_k': 6.415745702132089, 'ign_c': 22.126836566118193, 'trop_agb_crit': 5.588032458772675, 'trop_k_veg': 0.5588127200017643, 'fire_amp': 1.5719333351012774}.
[I 2026-06-11 13:11:55,571] Trial 527 finished with values: [10.66337761726509, 10.66337761726509] and parameters: {'k1': 3.609310926766545e-05, 'D_low': 148.21691630007544, 'k2': 0.019383858782150494, 'D_high': 252.84086172415604, 'fire_exp': 1.41873960828944, 'P_half': 2.226799690893868, 'pre_dampen_half': 4.847666216751353, 'gpp_af': 0.060029341913968644, 'gpp_b': 0.001674375583895437, 'gpp_d': 47.35384181058586, 'ign_k': 0.0032383308053152635, 'ign_c': 0.5232779509048977, 'trop_agb_crit': 5.588032458772675, 'trop_k_veg': 2.99731137426955, 'fire_amp': 1.5180207449214471}.
[I 2026-06-11 13:11:56,503] Trial 528 finished with values: [11.82452371035297, 11.82452371035297] and parameters: {'k1': 0.08409006963311547, 'D_low': 13.012518385211498, 'k2': 0.045914852167405346, 'D_high': 32311.521854410956, 'fire_exp': 1.811096651915224, 'P_half': 5.4712187293420325, 'pre_dampen_half': 231.59500020699807, 'gpp_af': 0.2204465010099918, 'gpp_b': 0.00031478066835753096, 'gpp_d': 47.35384181058586, 'ign_k': 0.0032383308053152635, 'ign_c': 29.690870944846793, 'trop_agb_crit': 12.708819454040446, 'trop_k_veg': 0.5667990147757791, 'fire_amp': 1.5719333351012774}.
[I 2026-06-11 13:11:57,456] Trial 529 finished with values: [10.601197109652034, 10.601197109652034] and parameters: {'k1': 0.0009255037589041178, 'D_low': 236.79352040223893, 'k2': 0.0036014695835220327, 'D_high': 6682.9607218310075, 'fire_exp': 1.41873960828944, 'P_half': 8.318314747941244, 'pre_dampen_half': 16.009350908593582, 'gpp_af': 1.9706963379095486, 'gpp_b': 0.0003601974223479835, 'gpp_d': 0.03927259340973166, 'ign_k': 0.00840038491455979, 'ign_c': 0.22592797420156951, 'trop_agb_crit': 8.462233625364036, 'trop_k_veg': 4.989748894578724, 'fire_amp': 1.5719333351012774}.
[I 2026-06-11 13:11:58,387] Trial 530 finished with values: [10.743858593127246, 10.743858593127246] and parameters: {'k1': 0.0018697387216131526, 'D_low': 2962.601088597272, 'k2': 1.1417577140741129e-05, 'D_high': 6682.9607218310075, 'fire_exp': 1.41873960828944, 'P_half': 3.591771421517613, 'pre_dampen_half': 30.456909077772018, 'gpp_af': 0.008117091133892173, 'gpp_b': 0.00807491410172472, 'gpp_d': 47.35384181058586, 'ign_k': 0.0014363112408604436, 'ign_c': 29.690870944846793, 'trop_agb_crit': 8.0091368834625, 'trop_k_veg': 1.6648666152166967, 'fire_amp': 2.2586887422726973}.
[I 2026-06-11 13:11:59,306] Trial 531 finished with values: [-0.649380360348061, 0.09099601076608343] and parameters: {'k1': 0.08409006963311547, 'D_low': 236.79352040223893, 'k2': 0.02939607009739149, 'D_high': 32311.521854410956, 'fire_exp': 1.41873960828944, 'P_half': 2.226799690893868, 'pre_dampen_half': 4.847666216751353, 'gpp_af': 0.060029341913968644, 'gpp_b': 0.0036065155862388338, 'gpp_d': 47.35384181058586, 'ign_k': 0.09256855841989636, 'ign_c': 23.422386257929038, 'trop_agb_crit': 8.0091368834625, 'trop_k_veg': 1.6648666152166967, 'fire_amp': 2.7806853670293616}.
[I 2026-06-11 13:12:00,210] Trial 532 finished with values: [10.686390408413832, 10.686390408413832] and parameters: {'k1': 6.784924519083143e-05, 'D_low': 236.79352040223893, 'k2': 0.019383858782150494, 'D_high': 22.636544662054543, 'fire_exp': 1.0420149135640993, 'P_half': 1265.0580856641704, 'pre_dampen_half': 30.456909077772018, 'gpp_af': 0.060029341913968644, 'gpp_b': 0.0036065155862388338, 'gpp_d': 364.60005353173506, 'ign_k': 0.09256855841989636, 'ign_c': 29.690870944846793, 'trop_agb_crit': 8.0091368834625, 'trop_k_veg': 3.4439936249445045, 'fire_amp': 1.5180207449214471}.
[I 2026-06-11 13:12:01,175] Trial 533 finished with values: [-0.622195380519017, 0.205616314502587] and parameters: {'k1': 0.03648456083047798, 'D_low': 148.21691630007544, 'k2': 0.003767022142229395, 'D_high': 6682.9607218310075, 'fire_exp': 1.2060040899560858, 'P_half': 2.226799690893868, 'pre_dampen_half': 4.847666216751353, 'gpp_af': 0.060029341913968644, 'gpp_b': 0.001674375583895437, 'gpp_d': 12.338826503601998, 'ign_k': 0.0032383308053152635, 'ign_c': 1.364908766641693, 'trop_agb_crit': 8.0091368834625, 'trop_k_veg': 0.6673124511410327, 'fire_amp': 1.5180207449214471}.
[I 2026-06-11 13:12:02,235] Trial 534 finished with values: [10.7692307688997, 10.7692307688997] and parameters: {'k1': 0.00038698408508416947, 'D_low': 236.79352040223893, 'k2': 0.005204862686958021, 'D_high': 32311.521854410956, 'fire_exp': 1.811096651915224, 'P_half': 5.4712187293420325, 'pre_dampen_half': 4.847666216751353, 'gpp_af': 0.37842528170684203, 'gpp_b': 0.00031478066835753096, 'gpp_d': 5.981605330890935, 'ign_k': 3.6309591863459096, 'ign_c': 75.30210437963517, 'trop_agb_crit': 12.9667438075127, 'trop_k_veg': 0.828441460847982, 'fire_amp': 1.505817508996859}.
[I 2026-06-11 13:12:03,183] Trial 535 finished with values: [10.507984803754328, 10.507984803754328] and parameters: {'k1': 0.08409006963311547, 'D_low': 12.105387404469584, 'k2': 0.045914852167405346, 'D_high': 32311.521854410956, 'fire_exp': 3.0820989694255045, 'P_half': 5.4712187293420325, 'pre_dampen_half': 10.931606102061748, 'gpp_af': 0.060029341913968644, 'gpp_b': 0.00031478066835753096, 'gpp_d': 47.35384181058586, 'ign_k': 0.0032383308053152635, 'ign_c': 29.690870944846793, 'trop_agb_crit': 12.708819454040446, 'trop_k_veg': 4.667598965682156, 'fire_amp': 1.5719333351012774}.
[I 2026-06-11 13:12:04,115] Trial 536 finished with values: [11.461029478679015, 11.461029478679015] and parameters: {'k1': 0.00038698408508416947, 'D_low': 236.79352040223893, 'k2': 0.00037358626308127543, 'D_high': 6682.9607218310075, 'fire_exp': 1.2060040899560858, 'P_half': 93.43302657318476, 'pre_dampen_half': 21.593412825402957, 'gpp_af': 0.060029341913968644, 'gpp_b': 0.006999112505425414, 'gpp_d': 47.35384181058586, 'ign_k': 3.6309591863459096, 'ign_c': 23.422386257929038, 'trop_agb_crit': 1.8023542850487386, 'trop_k_veg': 2.99731137426955, 'fire_amp': 5.869450070968175}.
[I 2026-06-11 13:12:05,053] Trial 537 finished with values: [10.976699512972571, 10.976699512972571] and parameters: {'k1': 0.00038698408508416947, 'D_low': 1.4002277211577039, 'k2': 0.045914852167405346, 'D_high': 32311.521854410956, 'fire_exp': 1.2060040899560858, 'P_half': 5.4712187293420325, 'pre_dampen_half': 30.456909077772018, 'gpp_af': 0.060029341913968644, 'gpp_b': 0.0036065155862388338, 'gpp_d': 0.1619054449471649, 'ign_k': 0.09256855841989636, 'ign_c': 2.226297338331262, 'trop_agb_crit': 12.9667438075127, 'trop_k_veg': 1.6648666152166967, 'fire_amp': 1.5719333351012774}.
[I 2026-06-11 13:12:05,989] Trial 538 finished with values: [10.479844907578856, 10.479844907578856] and parameters: {'k1': 0.0006042560675552671, 'D_low': 236.79352040223893, 'k2': 0.005204862686958021, 'D_high': 1266.9536563782303, 'fire_exp': 1.3792762394455726, 'P_half': 93.43302657318476, 'pre_dampen_half': 269.0845367054866, 'gpp_af': 0.060029341913968644, 'gpp_b': 0.0010881810414580882, 'gpp_d': 0.014121081168145975, 'ign_k': 0.0029519227433917453, 'ign_c': 29.690870944846793, 'trop_agb_crit': 2.49652474515731, 'trop_k_veg': 4.0068236274914755, 'fire_amp': 3.102033517490054}.
[I 2026-06-11 13:12:06,939] Trial 539 finished with values: [10.231407343802632, 10.231407343802632] and parameters: {'k1': 6.784924519083143e-05, 'D_low': 1074.940539517341, 'k2': 7.639737756882014e-05, 'D_high': 6682.9607218310075, 'fire_exp': 1.4848387260494937, 'P_half': 1.4551749476072258, 'pre_dampen_half': 30.456909077772018, 'gpp_af': 1.3954498518315706, 'gpp_b': 0.006999112505425414, 'gpp_d': 47.35384181058586, 'ign_k': 0.0032383308053152635, 'ign_c': 7.832259769732471, 'trop_agb_crit': 8.462233625364036, 'trop_k_veg': 3.4439936249445045, 'fire_amp': 1.7362652332618447}.
[I 2026-06-11 13:12:08,110] Trial 540 finished with values: [-0.7055016327461736, 0.08131455881777516] and parameters: {'k1': 0.08006837661379566, 'D_low': 236.79352040223893, 'k2': 0.045914852167405346, 'D_high': 1266.9536563782303, 'fire_exp': 1.41873960828944, 'P_half': 5.4712187293420325, 'pre_dampen_half': 28.01075698398644, 'gpp_af': 0.060029341913968644, 'gpp_b': 0.0036065155862388338, 'gpp_d': 0.1619054449471649, 'ign_k': 0.0029519227433917453, 'ign_c': 65.87536748686888, 'trop_agb_crit': 12.9667438075127, 'trop_k_veg': 4.989748894578724, 'fire_amp': 2.7806853670293616}.
[I 2026-06-11 13:12:09,044] Trial 541 finished with values: [10.03531922408035, 10.03531922408035] and parameters: {'k1': 3.609310926766545e-05, 'D_low': 1121.5915868662764, 'k2': 0.032141234030334316, 'D_high': 252.84086172415604, 'fire_exp': 1.41873960828944, 'P_half': 5.4712187293420325, 'pre_dampen_half': 170.71098124594695, 'gpp_af': 0.008117091133892173, 'gpp_b': 0.004411400434514031, 'gpp_d': 96.93415502195788, 'ign_k': 0.012480180965117606, 'ign_c': 16.470698221724305, 'trop_agb_crit': 8.0091368834625, 'trop_k_veg': 0.9660523662864217, 'fire_amp': 1.4357291436937847}.
[I 2026-06-11 13:12:09,966] Trial 542 finished with values: [10.196804994576578, 10.196804994576578] and parameters: {'k1': 0.0008362695993649681, 'D_low': 13.012518385211498, 'k2': 0.00037358626308127543, 'D_high': 22.636544662054543, 'fire_exp': 1.2060040899560858, 'P_half': 93.43302657318476, 'pre_dampen_half': 231.59500020699807, 'gpp_af': 0.2204465010099918, 'gpp_b': 0.0003601974223479835, 'gpp_d': 0.09467055845337147, 'ign_k': 0.0014363112408604436, 'ign_c': 23.422386257929038, 'trop_agb_crit': 8.462233625364036, 'trop_k_veg': 4.989748894578724, 'fire_amp': 2.7806853670293616}.
[I 2026-06-11 13:12:10,898] Trial 543 finished with values: [10.766576113226009, 10.766576113226009] and parameters: {'k1': 0.08006837661379566, 'D_low': 1.4002277211577039, 'k2': 0.045914852167405346, 'D_high': 32311.521854410956, 'fire_exp': 4.7144651891518725, 'P_half': 5.4712187293420325, 'pre_dampen_half': 30.456909077772018, 'gpp_af': 0.41874665092828456, 'gpp_b': 0.0036065155862388338, 'gpp_d': 0.1619054449471649, 'ign_k': 0.09256855841989636, 'ign_c': 29.690870944846793, 'trop_agb_crit': 8.0091368834625, 'trop_k_veg': 0.828441460847982, 'fire_amp': 3.102033517490054}.
[I 2026-06-11 13:12:11,846] Trial 544 finished with values: [10.769226659717035, 10.769226659717035] and parameters: {'k1': 0.0008362695993649681, 'D_low': 1121.5915868662764, 'k2': 0.032141234030334316, 'D_high': 6682.9607218310075, 'fire_exp': 1.4848387260494937, 'P_half': 2.226799690893868, 'pre_dampen_half': 4.847666216751353, 'gpp_af': 0.0065783822580709386, 'gpp_b': 6.598911085146508, 'gpp_d': 94.19931479490882, 'ign_k': 0.012480180965117606, 'ign_c': 23.40999464613212, 'trop_agb_crit': 11.664190932505923, 'trop_k_veg': 2.99731137426955, 'fire_amp': 1.1832294197682733}.
[I 2026-06-11 13:12:12,764] Trial 545 finished with values: [10.766084160084226, 10.766084160084226] and parameters: {'k1': 0.004902396944106613, 'D_low': 1074.940539517341, 'k2': 0.02939607009739149, 'D_high': 252.84086172415604, 'fire_exp': 1.0601964743503993, 'P_half': 2.226799690893868, 'pre_dampen_half': 4.847666216751353, 'gpp_af': 1.7775411110039254, 'gpp_b': 0.00012118589392553798, 'gpp_d': 1.4397852866783676, 'ign_k': 0.012480180965117606, 'ign_c': 35.133466168692735, 'trop_agb_crit': 12.9667438075127, 'trop_k_veg': 2.99731137426955, 'fire_amp': 3.1543496524370136}.
