[I 2026-06-11 02:07:03,433] Trial 794 finished with values: [10.243121576138769, 10.243121576138769] and parameters: {'k1': 5.178197947282869e-05, 'D_low': 171.2446447678494, 'k2': 0.045914852167405346, 'D_high': 32311.521854410956, 'fire_exp': 1.2344878997299724, 'P_half': 5.4712187293420325, 'pre_dampen_half': 30.456909077772018, 'gpp_af': 0.008117091133892173, 'gpp_b': 2.176805640408474e-05, 'gpp_d': 12.338826503601998, 'ign_k': 0.002357279455676982, 'ign_c': 1.4879588507789996, 'trop_agb_crit': 12.708819454040446, 'trop_k_veg': 6.030247256556128, 'fire_amp': 1.1655705619308396}.
[I 2026-06-11 02:07:04,829] Trial 795 finished with values: [10.236356635637145, 10.236356635637145] and parameters: {'k1': 0.001260821293027586, 'D_low': 266.07970538371484, 'k2': 0.0004862769762212836, 'D_high': 32311.521854410956, 'fire_exp': 1.1633452995374232, 'P_half': 1265.0580856641704, 'pre_dampen_half': 1.8469033699850426, 'gpp_af': 0.10098504976210308, 'gpp_b': 0.0004125336560355494, 'gpp_d': 1.0088237648985734, 'ign_k': 0.0029519227433917453, 'ign_c': 1.4879588507789996, 'trop_agb_crit': 1.8566494291193822, 'trop_k_veg': 4.167664671344212, 'fire_amp': 5.44779717154213}.
[I 2026-06-11 02:07:06,204] Trial 796 finished with values: [10.341994969025233, 10.341994969025233] and parameters: {'k1': 5.7909642338812115e-05, 'D_low': 5.004428734228137, 'k2': 0.00037358626308127543, 'D_high': 36998.679204890876, 'fire_exp': 1.9136159174067866, 'P_half': 114.62237838612074, 'pre_dampen_half': 350.88322284755304, 'gpp_af': 0.008117091133892173, 'gpp_b': 0.00807491410172472, 'gpp_d': 0.1922572998567411, 'ign_k': 0.002357279455676982, 'ign_c': 39.52220881906114, 'trop_agb_crit': 1.8285200278523417, 'trop_k_veg': 0.9660523662864217, 'fire_amp': 3.1543496524370136}.
[I 2026-06-11 02:07:07,711] Trial 797 finished with values: [10.575416615851177, 10.575416615851177] and parameters: {'k1': 3.609310926766545e-05, 'D_low': 1121.5915868662764, 'k2': 0.00037358626308127543, 'D_high': 36998.679204890876, 'fire_exp': 1.4848387260494937, 'P_half': 93.43302657318476, 'pre_dampen_half': 30.456909077772018, 'gpp_af': 0.015627364027979502, 'gpp_b': 0.015062722325200045, 'gpp_d': 0.09467055845337147, 'ign_k': 0.0029519227433917453, 'ign_c': 388.02797007866826, 'trop_agb_crit': 12.647327018493208, 'trop_k_veg': 2.520089655463604, 'fire_amp': 3.1543496524370136}.
[I 2026-06-11 02:07:09,340] Trial 798 finished with values: [10.769230768877819, 10.769230768877819] and parameters: {'k1': 3.609310926766545e-05, 'D_low': 236.79352040223893, 'k2': 0.00037358626308127543, 'D_high': 1266.9536563782303, 'fire_exp': 1.4848387260494937, 'P_half': 6004.223886195538, 'pre_dampen_half': 189.88136301569827, 'gpp_af': 0.2204465010099918, 'gpp_b': 0.002416023630607169, 'gpp_d': 96.93415502195788, 'ign_k': 0.5407445028694732, 'ign_c': 153.51441568398127, 'trop_agb_crit': 2.0527418919564324, 'trop_k_veg': 2.520089655463604, 'fire_amp': 5.44779717154213}.
[I 2026-06-11 02:07:11,021] Trial 799 finished with values: [10.054524177537237, 10.054524177537237] and parameters: {'k1': 5.178197947282869e-05, 'D_low': 43.03411264066069, 'k2': 0.0007731571570012607, 'D_high': 252.84086172415604, 'fire_exp': 1.2344878997299724, 'P_half': 1265.0580856641704, 'pre_dampen_half': 189.88136301569827, 'gpp_af': 1.9706963379095486, 'gpp_b': 0.002416023630607169, 'gpp_d': 76.38081075786287, 'ign_k': 0.17320535908244444, 'ign_c': 1.4879588507789996, 'trop_agb_crit': 8.0091368834625, 'trop_k_veg': 6.030247256556128, 'fire_amp': 1.1655705619308396}.
[I 2026-06-11 02:07:12,401] Trial 800 finished with values: [10.032926432594813, 10.032926432594813] and parameters: {'k1': 0.006164329525571074, 'D_low': 236.79352040223893, 'k2': 0.00037358626308127543, 'D_high': 24.9899605789089, 'fire_exp': 1.2344878997299724, 'P_half': 6004.223886195538, 'pre_dampen_half': 189.88136301569827, 'gpp_af': 0.2204465010099918, 'gpp_b': 0.002416023630607169, 'gpp_d': 3.257094673454639, 'ign_k': 0.5407445028694732, 'ign_c': 7.081721844034206, 'trop_agb_crit': 8.0091368834625, 'trop_k_veg': 0.5183533149347164, 'fire_amp': 5.44779717154213}.
[I 2026-06-11 02:07:13,816] Trial 801 finished with values: [10.547493928489697, 10.547493928489697] and parameters: {'k1': 0.016973078532467004, 'D_low': 1.7551403048208316, 'k2': 0.00037358626308127543, 'D_high': 393.2349508311775, 'fire_exp': 1.9136159174067866, 'P_half': 51.10120656497163, 'pre_dampen_half': 30.456909077772018, 'gpp_af': 0.07118041471054574, 'gpp_b': 0.015062722325200045, 'gpp_d': 1.6963424566071992, 'ign_k': 0.002357279455676982, 'ign_c': 388.02797007866826, 'trop_agb_crit': 4.902399583903479, 'trop_k_veg': 2.520089655463604, 'fire_amp': 5.606809127618709}.
[I 2026-06-11 02:07:15,319] Trial 802 finished with values: [-0.6113777637472151, 0.2488093940310414] and parameters: {'k1': 0.012840669372724958, 'D_low': 171.2446447678494, 'k2': 0.00037358626308127543, 'D_high': 36998.679204890876, 'fire_exp': 1.4848387260494937, 'P_half': 51.10120656497163, 'pre_dampen_half': 30.456909077772018, 'gpp_af': 0.07118041471054574, 'gpp_b': 7.555164990945509e-05, 'gpp_d': 0.1922572998567411, 'ign_k': 0.002357279455676982, 'ign_c': 388.02797007866826, 'trop_agb_crit': 4.902399583903479, 'trop_k_veg': 5.453348988480011, 'fire_amp': 3.211868494428654}.
[I 2026-06-11 02:07:16,832] Trial 803 finished with values: [10.762765991394565, 10.762765991394565] and parameters: {'k1': 5.7909642338812115e-05, 'D_low': 29.52145029390025, 'k2': 0.0007731571570012607, 'D_high': 55.22071973135807, 'fire_exp': 1.41873960828944, 'P_half': 45.55085098454082, 'pre_dampen_half': 16.009350908593582, 'gpp_af': 0.07302012718529301, 'gpp_b': 0.0004125336560355494, 'gpp_d': 0.7698760608299932, 'ign_k': 0.17320535908244444, 'ign_c': 39.52220881906114, 'trop_agb_crit': 4.902399583903479, 'trop_k_veg': 5.453348988480011, 'fire_amp': 1.1655705619308396}.
[I 2026-06-11 02:07:18,193] Trial 804 finished with values: [10.04740845529408, 10.04740845529408] and parameters: {'k1': 0.03648456083047798, 'D_low': 1.4002277211577039, 'k2': 0.0004862769762212836, 'D_high': 30227.031291375773, 'fire_exp': 1.1633452995374232, 'P_half': 1265.0580856641704, 'pre_dampen_half': 8.259599205585761, 'gpp_af': 0.07302012718529301, 'gpp_b': 0.00036184510553922684, 'gpp_d': 1.0088237648985734, 'ign_k': 0.012802983592904445, 'ign_c': 7.081721844034206, 'trop_agb_crit': 12.708819454040446, 'trop_k_veg': 2.724170387400844, 'fire_amp': 2.7806853670293616}.
[I 2026-06-11 02:07:19,491] Trial 805 finished with values: [-0.6072806081106925, 0.2581849356492423] and parameters: {'k1': 5.7909642338812115e-05, 'D_low': 236.79352040223893, 'k2': 0.00037358626308127543, 'D_high': 36998.679204890876, 'fire_exp': 1.9136159174067866, 'P_half': 2.226799690893868, 'pre_dampen_half': 16.009350908593582, 'gpp_af': 0.2204465010099918, 'gpp_b': 0.001674375583895437, 'gpp_d': 1.0088237648985734, 'ign_k': 0.0029519227433917453, 'ign_c': 39.52220881906114, 'trop_agb_crit': 4.902399583903479, 'trop_k_veg': 2.99731137426955, 'fire_amp': 5.44779717154213}.
[I 2026-06-11 02:07:20,824] Trial 806 finished with values: [10.674088490735919, 10.674088490735919] and parameters: {'k1': 0.016973078532467004, 'D_low': 1.7551403048208316, 'k2': 0.00037358626308127543, 'D_high': 252.84086172415604, 'fire_exp': 1.9136159174067866, 'P_half': 1265.0580856641704, 'pre_dampen_half': 170.71098124594695, 'gpp_af': 0.07118041471054574, 'gpp_b': 0.00014164588046678954, 'gpp_d': 96.93415502195788, 'ign_k': 0.0029519227433917453, 'ign_c': 4.142619760188259, 'trop_agb_crit': 4.902399583903479, 'trop_k_veg': 2.520089655463604, 'fire_amp': 1.2393473789150806}.
[I 2026-06-11 02:07:22,455] Trial 807 finished with values: [10.705128100437772, 10.705128100437772] and parameters: {'k1': 5.7909642338812115e-05, 'D_low': 1.873653322520581, 'k2': 8.968733598183248e-05, 'D_high': 16780.50857913099, 'fire_exp': 1.9136159174067866, 'P_half': 93.43302657318476, 'pre_dampen_half': 350.88322284755304, 'gpp_af': 42.29037995744429, 'gpp_b': 0.0004125336560355494, 'gpp_d': 1.0088237648985734, 'ign_k': 0.002357279455676982, 'ign_c': 153.51441568398127, 'trop_agb_crit': 8.0091368834625, 'trop_k_veg': 2.520089655463604, 'fire_amp': 3.1543496524370136}.
[I 2026-06-11 02:07:23,947] Trial 808 finished with values: [10.737376635187424, 10.737376635187424] and parameters: {'k1': 0.0018697387216131526, 'D_low': 171.2446447678494, 'k2': 0.00037358626308127543, 'D_high': 36998.679204890876, 'fire_exp': 1.2918065501148304, 'P_half': 1549.6599265816342, 'pre_dampen_half': 0.013460448623833698, 'gpp_af': 0.008117091133892173, 'gpp_b': 0.0004125336560355494, 'gpp_d': 545.0253444559129, 'ign_k': 0.0029519227433917453, 'ign_c': 0.24361599465623282, 'trop_agb_crit': 12.647327018493208, 'trop_k_veg': 4.989748894578724, 'fire_amp': 3.211868494428654}.
[I 2026-06-11 02:07:25,387] Trial 809 finished with values: [10.769230768877819, 10.769230768877819] and parameters: {'k1': 5.7909642338812115e-05, 'D_low': 1.7551403048208316, 'k2': 0.00037358626308127543, 'D_high': 36998.679204890876, 'fire_exp': 1.1633452995374232, 'P_half': 51.10120656497163, 'pre_dampen_half': 1.8469033699850426, 'gpp_af': 0.00474057962703787, 'gpp_b': 0.00031478066835753096, 'gpp_d': 1.6963424566071992, 'ign_k': 0.17320535908244444, 'ign_c': 388.02797007866826, 'trop_agb_crit': 4.902399583903479, 'trop_k_veg': 4.989748894578724, 'fire_amp': 5.44779717154213}.
[I 2026-06-11 02:07:26,755] Trial 810 finished with values: [10.606421800799705, 10.606421800799705] and parameters: {'k1': 5.178197947282869e-05, 'D_low': 236.79352040223893, 'k2': 0.00037358626308127543, 'D_high': 36998.679204890876, 'fire_exp': 1.41873960828944, 'P_half': 61.6097529474144, 'pre_dampen_half': 16.009350908593582, 'gpp_af': 0.060029341913968644, 'gpp_b': 0.015062722325200045, 'gpp_d': 21.899070557043984, 'ign_k': 0.0029519227433917453, 'ign_c': 388.02797007866826, 'trop_agb_crit': 8.0091368834625, 'trop_k_veg': 2.520089655463604, 'fire_amp': 1.2393473789150806}.
[I 2026-06-11 02:07:28,136] Trial 811 finished with values: [10.025778327303197, 10.025778327303197] and parameters: {'k1': 0.07119679541167405, 'D_low': 148.21691630007544, 'k2': 0.0004862769762212836, 'D_high': 32311.521854410956, 'fire_exp': 1.4848387260494937, 'P_half': 1549.6599265816342, 'pre_dampen_half': 5.593036834117395, 'gpp_af': 0.10098504976210308, 'gpp_b': 0.00031478066835753096, 'gpp_d': 545.0253444559129, 'ign_k': 7.299424898595565, 'ign_c': 1.4879588507789996, 'trop_agb_crit': 12.647327018493208, 'trop_k_veg': 4.989748894578724, 'fire_amp': 2.170444898566564}.
[I 2026-06-11 02:07:29,514] Trial 812 finished with values: [10.928323899610461, 10.928323899610461] and parameters: {'k1': 5.7909642338812115e-05, 'D_low': 51.61767747867285, 'k2': 0.00037358626308127543, 'D_high': 36998.679204890876, 'fire_exp': 1.4848387260494937, 'P_half': 93.43302657318476, 'pre_dampen_half': 30.456909077772018, 'gpp_af': 0.008117091133892173, 'gpp_b': 2.176805640408474e-05, 'gpp_d': 0.09467055845337147, 'ign_k': 0.0029519227433917453, 'ign_c': 39.52220881906114, 'trop_agb_crit': 1.8285200278523417, 'trop_k_veg': 2.520089655463604, 'fire_amp': 5.44779717154213}.
[I 2026-06-11 02:07:31,103] Trial 813 finished with values: [10.769230768877819, 10.769230768877819] and parameters: {'k1': 0.016973078532467004, 'D_low': 1.7551403048208316, 'k2': 0.045914852167405346, 'D_high': 36998.679204890876, 'fire_exp': 1.9136159174067866, 'P_half': 17.671138565264357, 'pre_dampen_half': 170.71098124594695, 'gpp_af': 0.07118041471054574, 'gpp_b': 0.015062722325200045, 'gpp_d': 1.6963424566071992, 'ign_k': 0.10581992548039146, 'ign_c': 388.02797007866826, 'trop_agb_crit': 12.647327018493208, 'trop_k_veg': 1.6911993818705504, 'fire_amp': 5.606809127618709}.
[I 2026-06-11 02:07:32,999] Trial 814 finished with values: [10.683122156405915, 10.683122156405915] and parameters: {'k1': 3.609310926766545e-05, 'D_low': 1.7551403048208316, 'k2': 0.045914852167405346, 'D_high': 1266.9536563782303, 'fire_exp': 1.4848387260494937, 'P_half': 93.43302657318476, 'pre_dampen_half': 170.71098124594695, 'gpp_af': 0.003375385817830422, 'gpp_b': 0.015382154459808445, 'gpp_d': 96.93415502195788, 'ign_k': 0.07867677706257832, 'ign_c': 36.58518527736812, 'trop_agb_crit': 12.647327018493208, 'trop_k_veg': 4.989748894578724, 'fire_amp': 1.5719333351012774}.
[I 2026-06-11 02:07:34,394] Trial 815 finished with values: [11.098548201297042, 11.098548201297042] and parameters: {'k1': 0.012840669372724958, 'D_low': 171.2446447678494, 'k2': 0.00037358626308127543, 'D_high': 36998.679204890876, 'fire_exp': 1.4848387260494937, 'P_half': 93.43302657318476, 'pre_dampen_half': 30.456909077772018, 'gpp_af': 0.016306190741524337, 'gpp_b': 0.00807491410172472, 'gpp_d': 0.1922572998567411, 'ign_k': 0.0029519227433917453, 'ign_c': 39.52220881906114, 'trop_agb_crit': 12.647327018493208, 'trop_k_veg': 5.453348988480011, 'fire_amp': 5.44779717154213}.
[I 2026-06-11 02:07:35,706] Trial 816 finished with values: [10.271005080451358, 10.271005080451358] and parameters: {'k1': 0.012840669372724958, 'D_low': 1.7551403048208316, 'k2': 0.00037358626308127543, 'D_high': 36998.679204890876, 'fire_exp': 1.9136159174067866, 'P_half': 61.6097529474144, 'pre_dampen_half': 30.456909077772018, 'gpp_af': 0.07118041471054574, 'gpp_b': 0.00014164588046678954, 'gpp_d': 0.12027930570908299, 'ign_k': 0.0029519227433917453, 'ign_c': 39.52220881906114, 'trop_agb_crit': 12.647327018493208, 'trop_k_veg': 5.453348988480011, 'fire_amp': 1.2393473789150806}.
[I 2026-06-11 02:07:37,128] Trial 817 finished with values: [10.749659608351394, 10.749659608351394] and parameters: {'k1': 5.178197947282869e-05, 'D_low': 236.79352040223893, 'k2': 0.00037358626308127543, 'D_high': 1266.9536563782303, 'fire_exp': 1.9136159174067866, 'P_half': 1549.6599265816342, 'pre_dampen_half': 189.88136301569827, 'gpp_af': 0.015627364027979502, 'gpp_b': 0.00031478066835753096, 'gpp_d': 0.09467055845337147, 'ign_k': 0.0029519227433917453, 'ign_c': 388.02797007866826, 'trop_agb_crit': 8.0091368834625, 'trop_k_veg': 2.724170387400844, 'fire_amp': 2.7806853670293616}.
[I 2026-06-11 02:07:38,832] Trial 818 finished with values: [10.769230768877819, 10.769230768877819] and parameters: {'k1': 5.178197947282869e-05, 'D_low': 236.79352040223893, 'k2': 0.00037358626308127543, 'D_high': 55.22071973135807, 'fire_exp': 4.164740583255681, 'P_half': 1265.0580856641704, 'pre_dampen_half': 170.71098124594695, 'gpp_af': 0.008117091133892173, 'gpp_b': 0.0004125336560355494, 'gpp_d': 17.82401184029455, 'ign_k': 0.17320535908244444, 'ign_c': 39.52220881906114, 'trop_agb_crit': 4.902399583903479, 'trop_k_veg': 6.030247256556128, 'fire_amp': 1.2393473789150806}.
[I 2026-06-11 02:07:40,490] Trial 819 finished with values: [-0.6465568321054085, 0.10711320334945706] and parameters: {'k1': 5.178197947282869e-05, 'D_low': 171.2446447678494, 'k2': 0.045914852167405346, 'D_high': 16780.50857913099, 'fire_exp': 1.41873960828944, 'P_half': 2.226799690893868, 'pre_dampen_half': 16.009350908593582, 'gpp_af': 0.008117091133892173, 'gpp_b': 0.001674375583895437, 'gpp_d': 0.7698760608299932, 'ign_k': 0.012566783761977915, 'ign_c': 39.52220881906114, 'trop_agb_crit': 12.708819454040446, 'trop_k_veg': 2.520089655463604, 'fire_amp': 2.7806853670293616}.
[I 2026-06-11 02:07:41,991] Trial 820 finished with values: [10.218830408944259, 10.218830408944259] and parameters: {'k1': 5.178197947282869e-05, 'D_low': 1.7551403048208316, 'k2': 0.045914852167405346, 'D_high': 16780.50857913099, 'fire_exp': 1.2344878997299724, 'P_half': 1549.6599265816342, 'pre_dampen_half': 170.71098124594695, 'gpp_af': 0.2204465010099918, 'gpp_b': 8.168628001294799e-05, 'gpp_d': 21.899070557043984, 'ign_k': 0.0029519227433917453, 'ign_c': 0.19623826481168347, 'trop_agb_crit': 1.23202873794675, 'trop_k_veg': 2.520089655463604, 'fire_amp': 1.1655705619308396}.
[I 2026-06-11 02:07:43,329] Trial 821 finished with values: [-0.5203771903849602, 0.12356796186539587] and parameters: {'k1': 0.006164329525571074, 'D_low': 1.7551403048208316, 'k2': 0.00037358626308127543, 'D_high': 13275.361137191961, 'fire_exp': 1.2344878997299724, 'P_half': 6004.223886195538, 'pre_dampen_half': 189.88136301569827, 'gpp_af': 0.07118041471054574, 'gpp_b': 0.002416023630607169, 'gpp_d': 1.6963424566071992, 'ign_k': 0.002357279455676982, 'ign_c': 388.02797007866826, 'trop_agb_crit': 8.0091368834625, 'trop_k_veg': 0.5183533149347164, 'fire_amp': 5.44779717154213}.
[I 2026-06-11 02:07:44,679] Trial 822 finished with values: [-0.6840709925610189, 0.07968560898054267] and parameters: {'k1': 0.001260821293027586, 'D_low': 171.2446447678494, 'k2': 0.045914852167405346, 'D_high': 16780.50857913099, 'fire_exp': 1.4848387260494937, 'P_half': 93.43302657318476, 'pre_dampen_half': 16.009350908593582, 'gpp_af': 0.015627364027979502, 'gpp_b': 0.00807491410172472, 'gpp_d': 0.7698760608299932, 'ign_k': 0.0029519227433917453, 'ign_c': 1.4879588507789996, 'trop_agb_crit': 12.647327018493208, 'trop_k_veg': 2.520089655463604, 'fire_amp': 3.211868494428654}.
[I 2026-06-11 02:07:46,138] Trial 823 finished with values: [-0.6537800990361872, 0.1481993385727154] and parameters: {'k1': 0.012840669372724958, 'D_low': 171.2446447678494, 'k2': 0.00037358626308127543, 'D_high': 36998.679204890876, 'fire_exp': 1.2918065501148304, 'P_half': 139.09474988024093, 'pre_dampen_half': 30.456909077772018, 'gpp_af': 0.016306190741524337, 'gpp_b': 0.0004125336560355494, 'gpp_d': 0.7698760608299932, 'ign_k': 0.0029519227433917453, 'ign_c': 0.24361599465623282, 'trop_agb_crit': 2.0527418919564324, 'trop_k_veg': 2.520089655463604, 'fire_amp': 1.2393473789150806}.
[I 2026-06-11 02:07:47,689] Trial 824 finished with values: [17.877779682229836, 17.877779682229836] and parameters: {'k1': 0.012840669372724958, 'D_low': 69.05604395130307, 'k2': 0.0007731571570012607, 'D_high': 36998.679204890876, 'fire_exp': 1.41873960828944, 'P_half': 1.7086581483996572, 'pre_dampen_half': 170.71098124594695, 'gpp_af': 0.008117091133892173, 'gpp_b': 0.00012118589392553798, 'gpp_d': 0.7698760608299932, 'ign_k': 0.0029519227433917453, 'ign_c': 0.4177928311636542, 'trop_agb_crit': 11.664190932505923, 'trop_k_veg': 4.989748894578724, 'fire_amp': 3.1543496524370136}.
[I 2026-06-11 02:07:49,053] Trial 825 finished with values: [11.022092902501281, 11.022092902501281] and parameters: {'k1': 0.012840669372724958, 'D_low': 1.7551403048208316, 'k2': 0.00037358626308127543, 'D_high': 36998.679204890876, 'fire_exp': 1.2344878997299724, 'P_half': 5.4712187293420325, 'pre_dampen_half': 30.456909077772018, 'gpp_af': 0.008117091133892173, 'gpp_b': 0.00031478066835753096, 'gpp_d': 0.1922572998567411, 'ign_k': 0.0029519227433917453, 'ign_c': 39.52220881906114, 'trop_agb_crit': 12.708819454040446, 'trop_k_veg': 6.030247256556128, 'fire_amp': 1.1655705619308396}.
[I 2026-06-11 02:07:50,345] Trial 826 finished with values: [10.288734049283848, 10.288734049283848] and parameters: {'k1': 0.03648456083047798, 'D_low': 236.79352040223893, 'k2': 0.00037358626308127543, 'D_high': 24.9899605789089, 'fire_exp': 1.2344878997299724, 'P_half': 1549.6599265816342, 'pre_dampen_half': 170.71098124594695, 'gpp_af': 0.015627364027979502, 'gpp_b': 0.002416023630607169, 'gpp_d': 942.6090081952854, 'ign_k': 0.0018548376790967168, 'ign_c': 1.4879588507789996, 'trop_agb_crit': 8.0091368834625, 'trop_k_veg': 6.030247256556128, 'fire_amp': 2.7806853670293616}.
[I 2026-06-11 02:07:51,673] Trial 827 finished with values: [12.079158891335439, 12.079158891335439] and parameters: {'k1': 5.178197947282869e-05, 'D_low': 236.79352040223893, 'k2': 1.702637694606324e-05, 'D_high': 36998.679204890876, 'fire_exp': 1.4848387260494937, 'P_half': 93.43302657318476, 'pre_dampen_half': 189.88136301569827, 'gpp_af': 2.9865936975455876, 'gpp_b': 0.015062722325200045, 'gpp_d': 21.899070557043984, 'ign_k': 0.002357279455676982, 'ign_c': 39.52220881906114, 'trop_agb_crit': 28.38004294664272, 'trop_k_veg': 2.520089655463604, 'fire_amp': 5.606809127618709}.
[I 2026-06-11 02:07:53,513] Trial 828 finished with values: [10.769230768877819, 10.769230768877819] and parameters: {'k1': 5.7909642338812115e-05, 'D_low': 1.4002277211577039, 'k2': 0.0004862769762212836, 'D_high': 36998.679204890876, 'fire_exp': 1.1633452995374232, 'P_half': 51.10120656497163, 'pre_dampen_half': 1.8469033699850426, 'gpp_af': 0.060029341913968644, 'gpp_b': 0.00031478066835753096, 'gpp_d': 0.1570003140297517, 'ign_k': 0.17320535908244444, 'ign_c': 388.02797007866826, 'trop_agb_crit': 1.6222566606523396, 'trop_k_veg': 6.030247256556128, 'fire_amp': 5.44779717154213}.
[I 2026-06-11 02:07:55,082] Trial 829 finished with values: [11.081817608445329, 11.081817608445329] and parameters: {'k1': 0.03648456083047798, 'D_low': 148.21691630007544, 'k2': 0.00037358626308127543, 'D_high': 1266.9536563782303, 'fire_exp': 1.2344878997299724, 'P_half': 93.43302657318476, 'pre_dampen_half': 350.88322284755304, 'gpp_af': 0.008117091133892173, 'gpp_b': 5.349456206882108e-05, 'gpp_d': 1.0088237648985734, 'ign_k': 0.0029519227433917453, 'ign_c': 39.52220881906114, 'trop_agb_crit': 2.8052667649738585, 'trop_k_veg': 2.520089655463604, 'fire_amp': 2.7806853670293616}.
[I 2026-06-11 02:07:56,556] Trial 830 finished with values: [10.683226398198773, 10.683226398198773] and parameters: {'k1': 5.178197947282869e-05, 'D_low': 236.79352040223893, 'k2': 0.045914852167405346, 'D_high': 55.22071973135807, 'fire_exp': 1.1633452995374232, 'P_half': 2.226799690893868, 'pre_dampen_half': 1.8469033699850426, 'gpp_af': 0.10098504976210308, 'gpp_b': 0.00031478066835753096, 'gpp_d': 0.03200582711952312, 'ign_k': 0.17320535908244444, 'ign_c': 1.4879588507789996, 'trop_agb_crit': 4.902399583903479, 'trop_k_veg': 4.989748894578724, 'fire_amp': 5.44779717154213}.
