[I 2026-08-06 03:01:28,009] Trial 378 finished with values: [-0.5771747877458073, 0.1745962223521692] and parameters: {'k1': 0.0030285741098956273, 'D_low': 21.901578520649217, 'k2': 4.484744524732793e-05, 'D_high': 35.11445258128688, 'fire_exp': 1.0881360604103363, 'P_half': 25.255166452944085, 'pre_dampen_half': 36.876350096203005, 'gpp_af': 0.09145768948268033, 'gpp_b': 0.004215504256370331, 'gpp_d': 52.18447053446689, 'ign_k': 0.37424230019851973, 'ign_c': 1.3894673469237204, 'gdp_gamma': 0.3862443158940324}.
[I 2026-08-06 03:01:29,945] Trial 379 finished with values: [-0.49102017899908396, 0.47287734265333736] and parameters: {'k1': 0.0007284371265166888, 'D_low': 1.1102341430568343, 'k2': 0.0007081721844034209, 'D_high': 9769.756791866093, 'fire_exp': 1.0881360604103363, 'P_half': 15.0613200804335, 'pre_dampen_half': 36.876350096203005, 'gpp_af': 29.925002022877802, 'gpp_b': 3.481277316673104e-05, 'gpp_d': 4.5768578731086835, 'ign_k': 1.2021930484915047, 'ign_c': 0.6693990428538836, 'gdp_gamma': 0.057304083737274164}.
[I 2026-08-06 03:01:31,914] Trial 380 finished with values: [10.602488472102094, 10.602488472102094] and parameters: {'k1': 0.0030285741098956273, 'D_low': 376.7022142229396, 'k2': 0.00043415680119616545, 'D_high': 16973.07853246701, 'fire_exp': 1.0881360604103363, 'P_half': 25.255166452944085, 'pre_dampen_half': 36.876350096203005, 'gpp_af': 0.006365015714893562, 'gpp_b': 0.02052499618703749, 'gpp_d': 331.7366635899375, 'ign_k': 0.002115412774188856, 'ign_c': 6.807874826564585, 'gdp_gamma': 0.3862443158940324}.
[I 2026-08-06 03:01:33,851] Trial 381 finished with values: [10.08658097442004, 10.08658097442004] and parameters: {'k1': 0.0009343302657318475, 'D_low': 19.063314120324364, 'k2': 0.03820259936390116, 'D_high': 9769.756791866093, 'fire_exp': 1.0881360604103363, 'P_half': 10.226988730324324, 'pre_dampen_half': 31.977584652685227, 'gpp_af': 26.90845367054865, 'gpp_b': 0.028369067932328344, 'gpp_d': 33.9790424311127, 'ign_k': 0.031585104499228, 'ign_c': 1.3894673469237204, 'gdp_gamma': 0.5013415300044294}.
[I 2026-08-06 03:01:35,879] Trial 382 finished with values: [11.880367223781096, 11.880367223781096] and parameters: {'k1': 0.021307706784814803, 'D_low': 1.1102341430568343, 'k2': 0.00015466641867531393, 'D_high': 35.11445258128688, 'fire_exp': 1.0340574447037933, 'P_half': 25.255166452944085, 'pre_dampen_half': 397.4459556835019, 'gpp_af': 0.05391752791214327, 'gpp_b': 0.004215504256370331, 'gpp_d': 304.7488318185732, 'ign_k': 0.07867677706257832, 'ign_c': 0.12519965329664598, 'gdp_gamma': 1.8068697350278546}.
[I 2026-08-06 03:01:37,828] Trial 383 finished with values: [10.3872861932942, 10.3872861932942] and parameters: {'k1': 6.0390962475457836e-05, 'D_low': 29.89885508829526, 'k2': 0.0007492772870670282, 'D_high': 9769.756791866093, 'fire_exp': 1.0881360604103363, 'P_half': 2.951922743391744, 'pre_dampen_half': 36.876350096203005, 'gpp_af': 0.002311080279955305, 'gpp_b': 0.0030742893625766146, 'gpp_d': 646.9381203459446, 'ign_k': 0.031585104499228, 'ign_c': 1.3894673469237204, 'gdp_gamma': 0.057304083737274164}.
[I 2026-08-06 03:01:39,818] Trial 384 finished with values: [-0.5227839152672484, 0.26890681788414206] and parameters: {'k1': 0.0030285741098956273, 'D_low': 1.1102341430568343, 'k2': 0.0007081721844034209, 'D_high': 1071.2009151798695, 'fire_exp': 1.0881360604103363, 'P_half': 25.255166452944085, 'pre_dampen_half': 36.876350096203005, 'gpp_af': 29.925002022877802, 'gpp_b': 3.481277316673104e-05, 'gpp_d': 331.7366635899375, 'ign_k': 0.0026834162496848666, 'ign_c': 1.3894673469237204, 'gdp_gamma': 0.3862443158940324}.
[I 2026-08-06 03:01:41,839] Trial 385 finished with values: [10.20136908387996, 10.20136908387996] and parameters: {'k1': 3.29655013583809e-05, 'D_low': 29.89885508829526, 'k2': 0.03820259936390116, 'D_high': 2970.7920514735997, 'fire_exp': 1.0148126488281064, 'P_half': 25.255166452944085, 'pre_dampen_half': 397.4459556835019, 'gpp_af': 0.002311080279955305, 'gpp_b': 0.004215504256370331, 'gpp_d': 33.9790424311127, 'ign_k': 0.37424230019851973, 'ign_c': 1.317454386434276, 'gdp_gamma': 0.3862443158940324}.
[I 2026-08-06 03:01:43,950] Trial 386 finished with values: [10.524769771502234, 10.524769771502234] and parameters: {'k1': 2.9394634586259703e-05, 'D_low': 19.063314120324364, 'k2': 0.03820259936390116, 'D_high': 140.65414421987705, 'fire_exp': 1.0643782527174972, 'P_half': 10.226988730324324, 'pre_dampen_half': 36.876350096203005, 'gpp_af': 0.002311080279955305, 'gpp_b': 0.004215504256370331, 'gpp_d': 1.2434469102435366, 'ign_k': 1.2021930484915047, 'ign_c': 6.807874826564585, 'gdp_gamma': 0.1138099269777268}.
[I 2026-08-06 03:01:46,051] Trial 387 finished with values: [10.76923076903347, 10.76923076903347] and parameters: {'k1': 3.29655013583809e-05, 'D_low': 29.89885508829526, 'k2': 0.060126084038369415, 'D_high': 25037.41931228843, 'fire_exp': 1.8108717155566076, 'P_half': 25.255166452944085, 'pre_dampen_half': 36.876350096203005, 'gpp_af': 0.09145768948268033, 'gpp_b': 0.004215504256370331, 'gpp_d': 12.151631524283598, 'ign_k': 0.48618632318472765, 'ign_c': 840.9006963311539, 'gdp_gamma': 0.015216188354081242}.
[I 2026-08-06 03:01:48,269] Trial 388 finished with values: [10.617057052611974, 10.617057052611974] and parameters: {'k1': 0.0030285741098956273, 'D_low': 29.89885508829526, 'k2': 0.00014001191914113747, 'D_high': 8182.111518618414, 'fire_exp': 1.0643782527174972, 'P_half': 2.951922743391744, 'pre_dampen_half': 129.7187644086357, 'gpp_af': 1.036956521675621, 'gpp_b': 0.061784731274090614, 'gpp_d': 304.7488318185732, 'ign_k': 1.2021930484915047, 'ign_c': 0.9580682294110432, 'gdp_gamma': 0.007204758268069378}.
[I 2026-08-06 03:01:50,370] Trial 389 finished with values: [10.109118632549396, 10.109118632549396] and parameters: {'k1': 0.0030285741098956273, 'D_low': 29.89885508829526, 'k2': 0.0007081721844034209, 'D_high': 3435.759946100356, 'fire_exp': 1.0881360604103363, 'P_half': 10.226988730324324, 'pre_dampen_half': 36.876350096203005, 'gpp_af': 0.09145768948268033, 'gpp_b': 0.02052499618703749, 'gpp_d': 33.9790424311127, 'ign_k': 2.7728241828010627, 'ign_c': 0.3525936800597896, 'gdp_gamma': 0.3862443158940324}.
[I 2026-08-06 03:01:52,388] Trial 390 finished with values: [10.013007608198297, 10.013007608198297] and parameters: {'k1': 2.9394634586259703e-05, 'D_low': 2068.53034640896, 'k2': 0.0007081721844034209, 'D_high': 2970.7920514735997, 'fire_exp': 1.0340574447037933, 'P_half': 2.1698375693549488, 'pre_dampen_half': 36.876350096203005, 'gpp_af': 0.05391752791214327, 'gpp_b': 0.004215504256370331, 'gpp_d': 26.003623362924223, 'ign_k': 0.0026834162496848666, 'ign_c': 0.12519965329664598, 'gdp_gamma': 1.351676663316814}.
[I 2026-08-06 03:01:54,298] Trial 391 finished with values: [10.517048719419616, 10.517048719419616] and parameters: {'k1': 2.80643901112427e-05, 'D_low': 29.89885508829526, 'k2': 2.143851363193518e-05, 'D_high': 28975.337521324145, 'fire_exp': 1.0643782527174972, 'P_half': 10.755022125844455, 'pre_dampen_half': 14.711215379121963, 'gpp_af': 0.5011028797681449, 'gpp_b': 0.4776088558482672, 'gpp_d': 331.7366635899375, 'ign_k': 0.038791280730284435, 'ign_c': 6.807874826564585, 'gdp_gamma': 0.3862443158940324}.
[I 2026-08-06 03:01:56,367] Trial 392 finished with values: [10.765046747565597, 10.765046747565597] and parameters: {'k1': 2.678690610097712e-05, 'D_low': 29.89885508829526, 'k2': 4.484744524732793e-05, 'D_high': 2970.7920514735997, 'fire_exp': 1.0881360604103363, 'P_half': 10.226988730324324, 'pre_dampen_half': 36.876350096203005, 'gpp_af': 0.002311080279955305, 'gpp_b': 0.3682709100463984, 'gpp_d': 33.9790424311127, 'ign_k': 0.37424230019851973, 'ign_c': 6.807874826564585, 'gdp_gamma': 0.3862443158940324}.
[I 2026-08-06 03:01:58,691] Trial 393 finished with values: [-0.557543946099672, 0.41422631820693423] and parameters: {'k1': 0.00031489116479568613, 'D_low': 57.949672745830284, 'k2': 3.277320296937061e-05, 'D_high': 9769.756791866093, 'fire_exp': 1.0340574447037933, 'P_half': 2.951922743391744, 'pre_dampen_half': 17.62185042369633, 'gpp_af': 21.42302175774105, 'gpp_b': 0.0011857788502887916, 'gpp_d': 34.70266988650411, 'ign_k': 0.37424230019851973, 'ign_c': 0.9580682294110432, 'gdp_gamma': 0.3862443158940324}.
[I 2026-08-06 03:02:00,724] Trial 394 finished with values: [10.345534612962833, 10.345534612962833] and parameters: {'k1': 2.9394634586259703e-05, 'D_low': 3.7322156377670694, 'k2': 0.06994589881535453, 'D_high': 25037.41931228843, 'fire_exp': 1.0881360604103363, 'P_half': 27.79045054796807, 'pre_dampen_half': 36.876350096203005, 'gpp_af': 0.002311080279955305, 'gpp_b': 0.004215504256370331, 'gpp_d': 5.085491038878331, 'ign_k': 7.1116113671217365, 'ign_c': 6.807874826564585, 'gdp_gamma': 0.015216188354081242}.
[I 2026-08-06 03:02:03,334] Trial 395 finished with values: [10.690056603854508, 10.690056603854508] and parameters: {'k1': 2.9394634586259703e-05, 'D_low': 148.10800730363493, 'k2': 0.03820259936390116, 'D_high': 2308.5168151108014, 'fire_exp': 2.197213031069217, 'P_half': 141.1179996668461, 'pre_dampen_half': 9.16302609334724, 'gpp_af': 1.036956521675621, 'gpp_b': 0.0030742893625766146, 'gpp_d': 331.7366635899375, 'ign_k': 0.031585104499228, 'ign_c': 0.7299348683062306, 'gdp_gamma': 0.3862443158940324}.
[I 2026-08-06 03:02:05,767] Trial 396 finished with values: [10.013298349624272, 10.013298349624272] and parameters: {'k1': 2.9394634586259703e-05, 'D_low': 29.89885508829526, 'k2': 0.00014001191914113747, 'D_high': 21863.563449420166, 'fire_exp': 1.5191397119156032, 'P_half': 616.1423618045311, 'pre_dampen_half': 129.7187644086357, 'gpp_af': 0.05391752791214327, 'gpp_b': 0.0030742893625766146, 'gpp_d': 10.931606102061748, 'ign_k': 1.2021930484915047, 'ign_c': 6.807874826564585, 'gdp_gamma': 1.8068697350278546}.
[I 2026-08-06 03:02:08,102] Trial 397 finished with values: [-0.576233947159845, 0.13050853645555338] and parameters: {'k1': 0.0002191739661157602, 'D_low': 29.89885508829526, 'k2': 0.0007492772870670282, 'D_high': 13.670484737132345, 'fire_exp': 1.4322493718230251, 'P_half': 1.2765717873951687, 'pre_dampen_half': 397.4459556835019, 'gpp_af': 0.05391752791214327, 'gpp_b': 0.0012070331879029856, 'gpp_d': 48.69745226446181, 'ign_k': 0.37424230019851973, 'ign_c': 6.807874826564585, 'gdp_gamma': 0.7366679513906507}.
[I 2026-08-06 03:02:10,859] Trial 398 finished with values: [10.756692230748488, 10.756692230748488] and parameters: {'k1': 0.0030285741098956273, 'D_low': 1.1102341430568343, 'k2': 0.00014001191914113747, 'D_high': 8182.111518618414, 'fire_exp': 1.0643782527174972, 'P_half': 616.1423618045311, 'pre_dampen_half': 129.7187644086357, 'gpp_af': 0.1241231030920017, 'gpp_b': 0.004215504256370331, 'gpp_d': 34.70266988650411, 'ign_k': 1.2021930484915047, 'ign_c': 33.922478238573554, 'gdp_gamma': 1.1930337593182274}.
[I 2026-08-06 03:02:13,036] Trial 399 finished with values: [10.76306761953455, 10.76306761953455] and parameters: {'k1': 2.9394634586259703e-05, 'D_low': 3.7322156377670694, 'k2': 0.06994589881535453, 'D_high': 25.70626095678496, 'fire_exp': 1.2621840161507252, 'P_half': 5609.368210693192, 'pre_dampen_half': 31.977584652685227, 'gpp_af': 0.002311080279955305, 'gpp_b': 0.004215504256370331, 'gpp_d': 26.003623362924223, 'ign_k': 0.0019264360371306567, 'ign_c': 0.6615437365561385, 'gdp_gamma': 0.3862443158940324}.
[I 2026-08-06 03:02:15,052] Trial 400 finished with values: [-0.5074523370112664, 0.20971699285377055] and parameters: {'k1': 0.0007284371265166888, 'D_low': 1.1102341430568343, 'k2': 0.0007081721844034209, 'D_high': 9769.756791866093, 'fire_exp': 1.0727542652117925, 'P_half': 2.951922743391744, 'pre_dampen_half': 36.876350096203005, 'gpp_af': 0.06323437159998231, 'gpp_b': 0.028369067932328344, 'gpp_d': 27.50607428241511, 'ign_k': 1.2021930484915047, 'ign_c': 0.6693990428538836, 'gdp_gamma': 0.057304083737274164}.
[I 2026-08-06 03:02:17,168] Trial 401 finished with values: [10.297575286800079, 10.297575286800079] and parameters: {'k1': 2.80643901112427e-05, 'D_low': 29.89885508829526, 'k2': 0.0007081721844034209, 'D_high': 1453.919918756155, 'fire_exp': 1.5191397119156032, 'P_half': 10.226988730324324, 'pre_dampen_half': 17.62185042369633, 'gpp_af': 0.05391752791214327, 'gpp_b': 0.0011857788502887916, 'gpp_d': 304.7488318185732, 'ign_k': 0.07867677706257832, 'ign_c': 6.160975294741436, 'gdp_gamma': 1.8068697350278546}.
[I 2026-08-06 03:02:19,659] Trial 402 finished with values: [10.725068446198039, 10.725068446198039] and parameters: {'k1': 0.0030285741098956273, 'D_low': 29.89885508829526, 'k2': 4.484744524732793e-05, 'D_high': 35.11445258128688, 'fire_exp': 1.0881360604103363, 'P_half': 10.226988730324324, 'pre_dampen_half': 0.02183661391281564, 'gpp_af': 0.09145768948268033, 'gpp_b': 0.011750724729953272, 'gpp_d': 331.7366635899375, 'ign_k': 0.37424230019851973, 'ign_c': 6.807874826564585, 'gdp_gamma': 0.3862443158940324}.
[I 2026-08-06 03:02:22,179] Trial 403 finished with values: [-0.5840490795378674, 0.17584575804825042] and parameters: {'k1': 0.00031489116479568613, 'D_low': 1.1102341430568343, 'k2': 0.0001599021369655865, 'D_high': 28975.337521324145, 'fire_exp': 1.4322493718230251, 'P_half': 1.2765717873951687, 'pre_dampen_half': 36.876350096203005, 'gpp_af': 0.09145768948268033, 'gpp_b': 0.0030742893625766146, 'gpp_d': 331.7366635899375, 'ign_k': 0.002115412774188856, 'ign_c': 6.807874826564585, 'gdp_gamma': 1.8068697350278546}.
[I 2026-08-06 03:02:24,680] Trial 404 finished with values: [-0.6050551220809135, 0.07370656889577887] and parameters: {'k1': 2.9394634586259703e-05, 'D_low': 29.89885508829526, 'k2': 0.03820259936390116, 'D_high': 21863.563449420166, 'fire_exp': 1.5191397119156032, 'P_half': 10.226988730324324, 'pre_dampen_half': 36.876350096203005, 'gpp_af': 0.05391752791214327, 'gpp_b': 0.0030742893625766146, 'gpp_d': 10.931606102061748, 'ign_k': 1.833717796770998, 'ign_c': 22.126836566118193, 'gdp_gamma': 1.8068697350278546}.
[I 2026-08-06 03:02:27,360] Trial 405 finished with values: [10.082241534034603, 10.082241534034603] and parameters: {'k1': 2.80643901112427e-05, 'D_low': 376.7022142229396, 'k2': 0.0007081721844034209, 'D_high': 1453.919918756155, 'fire_exp': 1.0340574447037933, 'P_half': 10.226988730324324, 'pre_dampen_half': 17.62185042369633, 'gpp_af': 0.09145768948268033, 'gpp_b': 0.02052499618703749, 'gpp_d': 34.742450164654585, 'ign_k': 2.7728241828010627, 'ign_c': 0.18595266457134044, 'gdp_gamma': 0.3862443158940324}.
[I 2026-08-06 03:02:29,781] Trial 406 finished with values: [10.320189714999469, 10.320189714999469] and parameters: {'k1': 0.0007284371265166888, 'D_low': 148.10800730363493, 'k2': 0.0021314828404757746, 'D_high': 2970.7920514735997, 'fire_exp': 1.2621840161507252, 'P_half': 24.184227958471602, 'pre_dampen_half': 12.722650261645567, 'gpp_af': 0.017832592720985762, 'gpp_b': 3.686869490609954e-05, 'gpp_d': 0.01693207443721426, 'ign_k': 0.0019264360371306567, 'ign_c': 0.6615437365561385, 'gdp_gamma': 0.7533020328832827}.
[I 2026-08-06 03:02:32,073] Trial 407 finished with values: [10.441696103275167, 10.441696103275167] and parameters: {'k1': 2.9394634586259703e-05, 'D_low': 30.956657914928517, 'k2': 0.06994589881535453, 'D_high': 2970.7920514735997, 'fire_exp': 1.0881360604103363, 'P_half': 2.1698375693549488, 'pre_dampen_half': 36.876350096203005, 'gpp_af': 0.002311080279955305, 'gpp_b': 0.004215504256370331, 'gpp_d': 26.003623362924223, 'ign_k': 0.0019264360371306567, 'ign_c': 0.21948188038908775, 'gdp_gamma': 0.3862443158940324}.
[I 2026-08-06 03:02:34,412] Trial 408 finished with values: [10.763850194814701, 10.763850194814701] and parameters: {'k1': 0.0030285741098956273, 'D_low': 7833.500522138162, 'k2': 0.00015466641867531393, 'D_high': 35.11445258128688, 'fire_exp': 1.0881360604103363, 'P_half': 141.1179996668461, 'pre_dampen_half': 36.876350096203005, 'gpp_af': 0.09145768948268033, 'gpp_b': 0.0030742893625766146, 'gpp_d': 33.9790424311127, 'ign_k': 0.002115412774188856, 'ign_c': 0.21948188038908775, 'gdp_gamma': 0.3862443158940324}.
[I 2026-08-06 03:02:36,495] Trial 409 finished with values: [10.490502461521235, 10.490502461521235] and parameters: {'k1': 0.07507777979297806, 'D_low': 21.901578520649217, 'k2': 0.0013054148118849399, 'D_high': 35.11445258128688, 'fire_exp': 1.4322493718230251, 'P_half': 1.2765717873951687, 'pre_dampen_half': 17.62185042369633, 'gpp_af': 0.09145768948268033, 'gpp_b': 0.004215504256370331, 'gpp_d': 34.70266988650411, 'ign_k': 0.37424230019851973, 'ign_c': 0.6693990428538836, 'gdp_gamma': 0.057304083737274164}.
[I 2026-08-06 03:02:38,338] Trial 410 finished with values: [10.10944093246572, 10.10944093246572] and parameters: {'k1': 3.29655013583809e-05, 'D_low': 29.89885508829526, 'k2': 0.00015466641867531393, 'D_high': 13.670484737132345, 'fire_exp': 1.0881360604103363, 'P_half': 141.1179996668461, 'pre_dampen_half': 36.876350096203005, 'gpp_af': 0.05391752791214327, 'gpp_b': 0.004215504256370331, 'gpp_d': 331.7366635899375, 'ign_k': 0.37424230019851973, 'ign_c': 0.21948188038908775, 'gdp_gamma': 0.3862443158940324}.
[I 2026-08-06 03:02:40,966] Trial 411 finished with values: [10.10231582845067, 10.10231582845067] and parameters: {'k1': 2.9394634586259703e-05, 'D_low': 148.10800730363493, 'k2': 0.0007492772870670282, 'D_high': 2308.5168151108014, 'fire_exp': 1.0340574447037933, 'P_half': 141.1179996668461, 'pre_dampen_half': 397.4459556835019, 'gpp_af': 1.036956521675621, 'gpp_b': 0.028369067932328344, 'gpp_d': 4.08522800366862, 'ign_k': 0.031585104499228, 'ign_c': 0.7299348683062306, 'gdp_gamma': 0.3862443158940324}.
[I 2026-08-06 03:02:43,161] Trial 412 finished with values: [11.003111323179844, 11.003111323179844] and parameters: {'k1': 0.0030285741098956273, 'D_low': 1.1102341430568343, 'k2': 0.00996798387970929, 'D_high': 2308.5168151108014, 'fire_exp': 1.0727542652117925, 'P_half': 1.4105638677535268, 'pre_dampen_half': 129.7187644086357, 'gpp_af': 0.09145768948268033, 'gpp_b': 0.028369067932328344, 'gpp_d': 331.7366635899375, 'ign_k': 1.2021930484915047, 'ign_c': 0.33139424373451987, 'gdp_gamma': 0.3862443158940324}.
[I 2026-08-06 03:02:45,579] Trial 413 finished with values: [10.758348294178592, 10.758348294178592] and parameters: {'k1': 0.00031489116479568613, 'D_low': 2068.53034640896, 'k2': 0.007519407491506672, 'D_high': 2970.7920514735997, 'fire_exp': 5.731432683579708, 'P_half': 1.2765717873951687, 'pre_dampen_half': 36.876350096203005, 'gpp_af': 21.42302175774105, 'gpp_b': 3.481277316673104e-05, 'gpp_d': 26.003623362924223, 'ign_k': 0.37424230019851973, 'ign_c': 6.160975294741436, 'gdp_gamma': 1.351676663316814}.
[I 2026-08-06 03:02:47,839] Trial 414 finished with values: [10.104439761657405, 10.104439761657405] and parameters: {'k1': 2.9394634586259703e-05, 'D_low': 3.7322156377670694, 'k2': 0.0007081721844034209, 'D_high': 21863.563449420166, 'fire_exp': 1.2621840161507252, 'P_half': 2.1698375693549488, 'pre_dampen_half': 36.876350096203005, 'gpp_af': 0.002311080279955305, 'gpp_b': 3.481277316673104e-05, 'gpp_d': 189.88136301569827, 'ign_k': 0.0026834162496848666, 'ign_c': 0.21948188038908775, 'gdp_gamma': 0.1491314556308135}.
[I 2026-08-06 03:02:50,143] Trial 415 finished with values: [10.577303080683917, 10.577303080683917] and parameters: {'k1': 0.0007284371265166888, 'D_low': 148.10800730363493, 'k2': 4.484744524732793e-05, 'D_high': 2308.5168151108014, 'fire_exp': 1.5191397119156032, 'P_half': 4.933751600448339, 'pre_dampen_half': 36.876350096203005, 'gpp_af': 0.017832592720985762, 'gpp_b': 5.7857954539842234e-05, 'gpp_d': 1.2434469102435366, 'ign_k': 1.2021930484915047, 'ign_c': 22.126836566118193, 'gdp_gamma': 0.0012054859380995202}.
[I 2026-08-06 03:02:52,683] Trial 416 finished with values: [10.18169314159258, 10.18169314159258] and parameters: {'k1': 2.9394634586259703e-05, 'D_low': 3.7322156377670694, 'k2': 0.06994589881535453, 'D_high': 9769.756791866093, 'fire_exp': 1.0727542652117925, 'P_half': 25.255166452944085, 'pre_dampen_half': 36.876350096203005, 'gpp_af': 5.37309347906743, 'gpp_b': 0.004215504256370331, 'gpp_d': 4.5768578731086835, 'ign_k': 0.37424230019851973, 'ign_c': 6.807874826564585, 'gdp_gamma': 0.8585865290142173}.
[I 2026-08-06 03:02:54,904] Trial 417 finished with values: [-0.5318273693902726, 0.1610417688934821] and parameters: {'k1': 0.0030285741098956273, 'D_low': 1.226010546471291, 'k2': 0.060126084038369415, 'D_high': 25037.41931228843, 'fire_exp': 1.8108717155566076, 'P_half': 4.933751600448339, 'pre_dampen_half': 36.876350096203005, 'gpp_af': 0.09145768948268033, 'gpp_b': 0.004215504256370331, 'gpp_d': 37.40930273158252, 'ign_k': 0.48618632318472765, 'ign_c': 0.36093109267665474, 'gdp_gamma': 0.015216188354081242}.
[I 2026-08-06 03:02:57,298] Trial 418 finished with values: [10.243637347863805, 10.243637347863805] and parameters: {'k1': 3.29655013583809e-05, 'D_low': 29.89885508829526, 'k2': 0.0007081721844034209, 'D_high': 9769.756791866093, 'fire_exp': 2.106736497638019, 'P_half': 25.255166452944085, 'pre_dampen_half': 397.4459556835019, 'gpp_af': 0.05391752791214327, 'gpp_b': 0.00854789428469989, 'gpp_d': 71.12742543562646, 'ign_k': 0.031585104499228, 'ign_c': 1.3894673469237204, 'gdp_gamma': 0.3862443158940324}.
[I 2026-08-06 03:02:59,704] Trial 419 finished with values: [-0.5016193061109945, 0.21748671782137696] and parameters: {'k1': 0.0007284371265166888, 'D_low': 1.1102341430568343, 'k2': 4.484744524732793e-05, 'D_high': 9769.756791866093, 'fire_exp': 1.5191397119156032, 'P_half': 2.951922743391744, 'pre_dampen_half': 129.7187644086357, 'gpp_af': 0.09145768948268033, 'gpp_b': 0.00022214852347539116, 'gpp_d': 189.88136301569827, 'ign_k': 1.2021930484915047, 'ign_c': 8.308114652888387, 'gdp_gamma': 0.057304083737274164}.
