[I 2026-06-11 12:36:38,922] Trial 385 finished with values: [-0.5477841450789591, 0.42136439901261535] and parameters: {'k1': 0.09738633019266786, 'D_low': 5.59983195169599, 'k2': 0.0027431991397796683, 'D_high': 1919.1689944397538, 'fire_exp': 1.0889492364376547, 'P_half': 13.019246714361572, 'pre_dampen_half': 502.5175192217655, 'gpp_af': 0.7539992074650279, 'gpp_b': 0.00012118589392553798, 'gpp_d': 2.8006820077310213, 'ign_k': 0.050667002161528835, 'ign_c': 15.221840161091626, 'trop_agb_crit': 26.402883285404346, 'trop_k_veg': 0.5772603928610088, 'fuel_k': 0.030315034760496778, 'fuel_half': 81.8794158253808}.
[I 2026-06-11 12:36:39,871] Trial 386 finished with values: [10.762981958008652, 10.762981958008652] and parameters: {'k1': 0.00013783578294796384, 'D_low': 1.4045842344024697, 'k2': 1.915468390724633e-05, 'D_high': 204.16881527138202, 'fire_exp': 4.281147786738949, 'P_half': 16.051347487097576, 'pre_dampen_half': 347.79988160923324, 'gpp_af': 42.29037995744429, 'gpp_b': 0.011750724729953272, 'gpp_d': 314.6826989726468, 'ign_k': 4.591485216740537, 'ign_c': 15.221840161091626, 'trop_agb_crit': 1.1195539271968775, 'trop_k_veg': 2.8224577471047865, 'fuel_k': 3.6992394681929337, 'fuel_half': 15.824830509704693}.
[I 2026-06-11 12:36:40,838] Trial 387 finished with values: [10.769230769179362, 10.769230769179362] and parameters: {'k1': 7.118997101275657e-05, 'D_low': 5.59983195169599, 'k2': 0.03589155871450837, 'D_high': 3712.591045287726, 'fire_exp': 1.0629462657398439, 'P_half': 13.019246714361572, 'pre_dampen_half': 0.04548188184581417, 'gpp_af': 0.7539992074650279, 'gpp_b': 0.00012118589392553798, 'gpp_d': 8.057329182285729, 'ign_k': 0.34703605955441524, 'ign_c': 72.99613382801451, 'trop_agb_crit': 24.584290528289387, 'trop_k_veg': 0.5772603928610088, 'fuel_k': 4.680936683972861, 'fuel_half': 52.00581729114123}.
[I 2026-06-11 12:36:41,756] Trial 388 finished with values: [10.765112525659259, 10.765112525659259] and parameters: {'k1': 0.004312951023617458, 'D_low': 2.2281634177046414, 'k2': 0.00010939944910100016, 'D_high': 21.208987108343724, 'fire_exp': 1.182396148413737, 'P_half': 220.3445560633069, 'pre_dampen_half': 502.5175192217655, 'gpp_af': 0.06789053271698488, 'gpp_b': 2.845739381375802, 'gpp_d': 16.460426816350523, 'ign_k': 0.5131654955148326, 'ign_c': 15.221840161091626, 'trop_agb_crit': 5.115968405120539, 'trop_k_veg': 1.4584243470991722, 'fuel_k': 0.09252659617259135, 'fuel_half': 0.32476735706274484}.
[I 2026-06-11 12:36:42,819] Trial 389 finished with values: [-0.5756793821182371, 0.41370735643464196] and parameters: {'k1': 0.004312951023617458, 'D_low': 4.484744524732794, 'k2': 0.0027431991397796683, 'D_high': 3712.591045287726, 'fire_exp': 2.2703704516008885, 'P_half': 136.0956887810302, 'pre_dampen_half': 347.79988160923324, 'gpp_af': 0.06789053271698488, 'gpp_b': 1.7565109007473816e-05, 'gpp_d': 16.460426816350523, 'ign_k': 0.5131654955148326, 'ign_c': 0.9294394155644988, 'trop_agb_crit': 24.584290528289387, 'trop_k_veg': 4.1309639246402785, 'fuel_k': 3.6992394681929337, 'fuel_half': 42.6871254378718}.
[I 2026-06-11 12:36:43,976] Trial 390 finished with values: [-0.6136480822613709, 0.763749828677802] and parameters: {'k1': 5.232779509048979e-05, 'D_low': 5.59983195169599, 'k2': 0.0027431991397796683, 'D_high': 15000.328053766281, 'fire_exp': 1.2310899049053081, 'P_half': 13.019246714361572, 'pre_dampen_half': 347.79988160923324, 'gpp_af': 0.015769192447197523, 'gpp_b': 1.7565109007473816e-05, 'gpp_d': 6.913948698657619, 'ign_k': 4.591485216740537, 'ign_c': 15.221840161091626, 'trop_agb_crit': 5.707205898008383, 'trop_k_veg': 4.1309639246402785, 'fuel_k': 0.04572914063536324, 'fuel_half': 81.8794158253808}.
[I 2026-06-11 12:36:45,069] Trial 391 finished with values: [10.661464219346676, 10.661464219346676] and parameters: {'k1': 0.00013649087666416944, 'D_low': 652.5765108342365, 'k2': 0.0005708731724249573, 'D_high': 3712.591045287726, 'fire_exp': 1.1258453832483524, 'P_half': 78.32259769732477, 'pre_dampen_half': 0.1540694827802009, 'gpp_af': 0.14765842992482675, 'gpp_b': 1.7565109007473816e-05, 'gpp_d': 9.004606022643067, 'ign_k': 0.5131654955148326, 'ign_c': 0.11650681118986138, 'trop_agb_crit': 19.189415375617013, 'trop_k_veg': 1.7570501127699654, 'fuel_k': 0.09252659617259135, 'fuel_half': 52.00581729114123}.
[I 2026-06-11 12:36:46,209] Trial 392 finished with values: [10.703529253314503, 10.703529253314503] and parameters: {'k1': 0.004312951023617458, 'D_low': 1.4045842344024697, 'k2': 7.67074891445376e-05, 'D_high': 1390.2686711035008, 'fire_exp': 1.1258453832483524, 'P_half': 7683.876502998063, 'pre_dampen_half': 294.75617712568373, 'gpp_af': 0.008562341633595545, 'gpp_b': 1.7565109007473816e-05, 'gpp_d': 314.6826989726468, 'ign_k': 4.591485216740537, 'ign_c': 0.1867876836333246, 'trop_agb_crit': 5.707205898008383, 'trop_k_veg': 0.8258248924958269, 'fuel_k': 1.3128815679924584, 'fuel_half': 15.29850686893745}.
[I 2026-06-11 12:36:47,337] Trial 393 finished with values: [10.754916566384416, 10.754916566384416] and parameters: {'k1': 0.00013649087666416944, 'D_low': 4.484744524732794, 'k2': 0.0034207303670092245, 'D_high': 9996.359851911324, 'fire_exp': 7.15130158264227, 'P_half': 10.226988730324324, 'pre_dampen_half': 502.5175192217655, 'gpp_af': 0.008562341633595545, 'gpp_b': 7.402343469704428e-05, 'gpp_d': 9.004606022643067, 'ign_k': 0.5131654955148326, 'ign_c': 0.11650681118986138, 'trop_agb_crit': 24.584290528289387, 'trop_k_veg': 1.7570501127699654, 'fuel_k': 0.24991287225033346, 'fuel_half': 52.00581729114123}.
[I 2026-06-11 12:36:48,748] Trial 394 finished with values: [10.130806374153089, 10.130806374153089] and parameters: {'k1': 0.00013783578294796384, 'D_low': 338.23872019362165, 'k2': 0.0027431991397796683, 'D_high': 1024.9816559563214, 'fire_exp': 1.0881360604103363, 'P_half': 13.019246714361572, 'pre_dampen_half': 347.79988160923324, 'gpp_af': 0.015769192447197523, 'gpp_b': 7.402343469704428e-05, 'gpp_d': 2.893272120738162, 'ign_k': 4.591485216740537, 'ign_c': 0.9748197009262509, 'trop_agb_crit': 5.707205898008383, 'trop_k_veg': 4.1309639246402785, 'fuel_k': 0.04572914063536324, 'fuel_half': 0.6370755274604819}.
[I 2026-06-11 12:36:50,193] Trial 395 finished with values: [10.011238918050875, 10.011238918050875] and parameters: {'k1': 0.00013783578294796384, 'D_low': 5.59983195169599, 'k2': 0.03589155871450837, 'D_high': 15000.328053766281, 'fire_exp': 1.2310899049053081, 'P_half': 13.019246714361572, 'pre_dampen_half': 347.79988160923324, 'gpp_af': 0.7539992074650279, 'gpp_b': 3.228689523591491e-05, 'gpp_d': 225.8132942030758, 'ign_k': 0.5131654955148326, 'ign_c': 0.9294394155644988, 'trop_agb_crit': 5.707205898008383, 'trop_k_veg': 4.1309639246402785, 'fuel_k': 0.04572914063536324, 'fuel_half': 37.108168807575375}.
[I 2026-06-11 12:36:51,717] Trial 396 finished with values: [10.255518458623795, 10.255518458623795] and parameters: {'k1': 0.00013649087666416944, 'D_low': 1.4045842344024697, 'k2': 0.0027431991397796683, 'D_high': 1024.9816559563214, 'fire_exp': 1.1258453832483524, 'P_half': 60.42560675552672, 'pre_dampen_half': 294.75617712568373, 'gpp_af': 0.008562341633595545, 'gpp_b': 7.402343469704428e-05, 'gpp_d': 0.0581159974343924, 'ign_k': 0.5131654955148326, 'ign_c': 6.445745262301892, 'trop_agb_crit': 9.836162684900028, 'trop_k_veg': 4.1309639246402785, 'fuel_k': 0.04572914063536324, 'fuel_half': 52.00581729114123}.
[I 2026-06-11 12:36:53,098] Trial 397 finished with values: [-0.5243168105839897, 0.8040111862220598] and parameters: {'k1': 0.00013649087666416944, 'D_low': 5.59983195169599, 'k2': 0.005259118659251229, 'D_high': 9996.359851911324, 'fire_exp': 1.1258453832483524, 'P_half': 38.82837025280678, 'pre_dampen_half': 347.79988160923324, 'gpp_af': 0.14765842992482675, 'gpp_b': 7.402343469704428e-05, 'gpp_d': 2.8006820077310213, 'ign_k': 0.5131654955148326, 'ign_c': 11.462237838612067, 'trop_agb_crit': 19.189415375617013, 'trop_k_veg': 1.7570501127699654, 'fuel_k': 0.24991287225033346, 'fuel_half': 81.8794158253808}.
[I 2026-06-11 12:36:54,550] Trial 398 finished with values: [10.286411523909978, 10.286411523909978] and parameters: {'k1': 7.118997101275657e-05, 'D_low': 27.348497877392013, 'k2': 0.03589155871450837, 'D_high': 3712.591045287726, 'fire_exp': 1.0629462657398439, 'P_half': 220.3445560633069, 'pre_dampen_half': 502.5175192217655, 'gpp_af': 0.7539992074650279, 'gpp_b': 0.03611645441147496, 'gpp_d': 8.057329182285729, 'ign_k': 0.34703605955441524, 'ign_c': 15.221840161091626, 'trop_agb_crit': 3.575594457014808, 'trop_k_veg': 0.5772603928610088, 'fuel_k': 0.08612665817296865, 'fuel_half': 52.00581729114123}.
[I 2026-06-11 12:36:56,304] Trial 399 finished with values: [10.385107795795289, 10.385107795795289] and parameters: {'k1': 0.00013783578294796384, 'D_low': 1816.7721131483863, 'k2': 4.509158385973329e-05, 'D_high': 1024.9816559563214, 'fire_exp': 1.2310899049053081, 'P_half': 13.019246714361572, 'pre_dampen_half': 294.75617712568373, 'gpp_af': 0.008562341633595545, 'gpp_b': 1.7565109007473816e-05, 'gpp_d': 9.004606022643067, 'ign_k': 8.761971101023693, 'ign_c': 0.11650681118986138, 'trop_agb_crit': 5.707205898008383, 'trop_k_veg': 4.1309639246402785, 'fuel_k': 0.04572914063536324, 'fuel_half': 15.29850686893745}.
[I 2026-06-11 12:36:57,720] Trial 400 finished with values: [-0.4528711489531786, 0.9817943294522141] and parameters: {'k1': 0.0015974581244256687, 'D_low': 4.484744524732794, 'k2': 0.030699709531122967, 'D_high': 89263.11370835223, 'fire_exp': 1.2310899049053081, 'P_half': 16.051347487097576, 'pre_dampen_half': 502.5175192217655, 'gpp_af': 42.29037995744429, 'gpp_b': 0.011750724729953272, 'gpp_d': 9.004606022643067, 'ign_k': 4.591485216740537, 'ign_c': 0.1867876836333246, 'trop_agb_crit': 2.419699259862185, 'trop_k_veg': 0.5772603928610088, 'fuel_k': 3.6992394681929337, 'fuel_half': 81.8794158253808}.
[I 2026-06-11 12:36:58,782] Trial 401 finished with values: [10.474252340001666, 10.474252340001666] and parameters: {'k1': 0.0003667128654092894, 'D_low': 4.484744524732794, 'k2': 1.915468390724633e-05, 'D_high': 89263.11370835223, 'fire_exp': 1.1258453832483524, 'P_half': 220.3445560633069, 'pre_dampen_half': 502.5175192217655, 'gpp_af': 70.3172069106713, 'gpp_b': 0.00012118589392553798, 'gpp_d': 16.460426816350523, 'ign_k': 0.01077788960207927, 'ign_c': 15.221840161091626, 'trop_agb_crit': 24.584290528289387, 'trop_k_veg': 1.4584243470991722, 'fuel_k': 0.487361804838494, 'fuel_half': 2.9236782115513154}.
[I 2026-06-11 12:36:59,828] Trial 402 finished with values: [10.279516387071876, 10.279516387071876] and parameters: {'k1': 0.004312951023617458, 'D_low': 4.484744524732794, 'k2': 0.03865036856259725, 'D_high': 1390.2686711035008, 'fire_exp': 1.2310899049053081, 'P_half': 24.184227958471602, 'pre_dampen_half': 19.21689966904807, 'gpp_af': 0.008562341633595545, 'gpp_b': 3.228689523591491e-05, 'gpp_d': 302.3127748796293, 'ign_k': 0.5131654955148326, 'ign_c': 3.0378658251922155, 'trop_agb_crit': 3.575594457014808, 'trop_k_veg': 1.4584243470991722, 'fuel_k': 0.05597555634027867, 'fuel_half': 37.108168807575375}.
[I 2026-06-11 12:37:00,922] Trial 403 finished with values: [-0.4063503125409096, 0.9577113188083834] and parameters: {'k1': 0.004312951023617458, 'D_low': 19.987581927614485, 'k2': 0.012413450098922581, 'D_high': 89263.11370835223, 'fire_exp': 1.0629462657398439, 'P_half': 24.184227958471602, 'pre_dampen_half': 502.5175192217655, 'gpp_af': 42.29037995744429, 'gpp_b': 0.00012118589392553798, 'gpp_d': 302.3127748796293, 'ign_k': 0.003338063875587391, 'ign_c': 3.0378658251922155, 'trop_agb_crit': 24.584290528289387, 'trop_k_veg': 0.5772603928610088, 'fuel_k': 1.8731335591844642, 'fuel_half': 52.00581729114123}.
[I 2026-06-11 12:37:02,207] Trial 404 finished with values: [10.768119227095603, 10.768119227095603] and parameters: {'k1': 0.07573282902008706, 'D_low': 2.2281634177046414, 'k2': 0.03865036856259725, 'D_high': 21.208987108343724, 'fire_exp': 1.182396148413737, 'P_half': 65.33684593224972, 'pre_dampen_half': 0.15144408538724474, 'gpp_af': 0.326288637536534, 'gpp_b': 1.7565109007473816e-05, 'gpp_d': 9.004606022643067, 'ign_k': 0.5131654955148326, 'ign_c': 0.11650681118986138, 'trop_agb_crit': 5.115968405120539, 'trop_k_veg': 1.4584243470991722, 'fuel_k': 0.09252659617259135, 'fuel_half': 0.3995528014939306}.
[I 2026-06-11 12:37:03,497] Trial 405 finished with values: [10.781368971352414, 10.781368971352414] and parameters: {'k1': 0.004312951023617458, 'D_low': 92.55037589041179, 'k2': 0.030699709531122967, 'D_high': 1390.2686711035008, 'fire_exp': 1.2310899049053081, 'P_half': 16.051347487097576, 'pre_dampen_half': 502.5175192217655, 'gpp_af': 0.7539992074650279, 'gpp_b': 0.0005392415140872105, 'gpp_d': 9.004606022643067, 'ign_k': 4.591485216740537, 'ign_c': 0.19678273362633986, 'trop_agb_crit': 1.7813653882411722, 'trop_k_veg': 0.5772603928610088, 'fuel_k': 3.6992394681929337, 'fuel_half': 0.3335026483569958}.
[I 2026-06-11 12:37:04,621] Trial 406 finished with values: [10.23950892409529, 10.23950892409529] and parameters: {'k1': 0.004312951023617458, 'D_low': 4.484744524732794, 'k2': 1.915468390724633e-05, 'D_high': 3712.591045287726, 'fire_exp': 1.1258453832483524, 'P_half': 119.9763911113096, 'pre_dampen_half': 502.5175192217655, 'gpp_af': 0.7539992074650279, 'gpp_b': 0.0021331409710300844, 'gpp_d': 16.460426816350523, 'ign_k': 0.0680787482656459, 'ign_c': 15.221840161091626, 'trop_agb_crit': 3.575594457014808, 'trop_k_veg': 1.4584243470991722, 'fuel_k': 0.487361804838494, 'fuel_half': 0.32476735706274484}.
[I 2026-06-11 12:37:05,700] Trial 407 finished with values: [-0.5741192704661822, 0.4264988404881198] and parameters: {'k1': 0.004312951023617458, 'D_low': 338.23872019362165, 'k2': 0.03865036856259725, 'D_high': 1390.2686711035008, 'fire_exp': 1.0629462657398439, 'P_half': 10.226988730324324, 'pre_dampen_half': 502.5175192217655, 'gpp_af': 42.29037995744429, 'gpp_b': 0.00010318352929732131, 'gpp_d': 302.3127748796293, 'ign_k': 0.5131654955148326, 'ign_c': 3.0378658251922155, 'trop_agb_crit': 21.401581507853507, 'trop_k_veg': 1.4584243470991722, 'fuel_k': 4.680936683972861, 'fuel_half': 52.00581729114123}.
[I 2026-06-11 12:37:06,861] Trial 408 finished with values: [10.152255839835135, 10.152255839835135] and parameters: {'k1': 0.00013649087666416944, 'D_low': 652.5765108342365, 'k2': 1.915468390724633e-05, 'D_high': 9996.359851911324, 'fire_exp': 1.1258453832483524, 'P_half': 13.019246714361572, 'pre_dampen_half': 502.5175192217655, 'gpp_af': 0.008562341633595545, 'gpp_b': 1.7565109007473816e-05, 'gpp_d': 9.004606022643067, 'ign_k': 0.5131654955148326, 'ign_c': 0.11650681118986138, 'trop_agb_crit': 5.707205898008383, 'trop_k_veg': 1.7570501127699654, 'fuel_k': 1.3128815679924584, 'fuel_half': 52.00581729114123}.
[I 2026-06-11 12:37:08,031] Trial 409 finished with values: [10.277992329561378, 10.277992329561378] and parameters: {'k1': 0.004312951023617458, 'D_low': 2.2281634177046414, 'k2': 1.915468390724633e-05, 'D_high': 3712.591045287726, 'fire_exp': 1.0629462657398439, 'P_half': 343.5759946100352, 'pre_dampen_half': 502.5175192217655, 'gpp_af': 0.8226361776146098, 'gpp_b': 0.011750724729953272, 'gpp_d': 314.6826989726468, 'ign_k': 0.5131654955148326, 'ign_c': 15.221840161091626, 'trop_agb_crit': 2.419699259862185, 'trop_k_veg': 2.8224577471047865, 'fuel_k': 0.09252659617259135, 'fuel_half': 81.8794158253808}.
[I 2026-06-11 12:37:09,139] Trial 410 finished with values: [10.018767873464201, 10.018767873464201] and parameters: {'k1': 0.004312951023617458, 'D_low': 4.484744524732794, 'k2': 0.0027431991397796683, 'D_high': 30608.522106722474, 'fire_exp': 1.0629462657398439, 'P_half': 13.019246714361572, 'pre_dampen_half': 502.5175192217655, 'gpp_af': 0.049802479194577566, 'gpp_b': 0.00012118589392553798, 'gpp_d': 16.460426816350523, 'ign_k': 0.0680787482656459, 'ign_c': 15.221840161091626, 'trop_agb_crit': 26.402883285404346, 'trop_k_veg': 1.140286245977296, 'fuel_k': 0.030315034760496778, 'fuel_half': 81.8794158253808}.
[I 2026-06-11 12:37:10,216] Trial 411 finished with values: [10.766410036375056, 10.766410036375056] and parameters: {'k1': 0.05233480488540085, 'D_low': 290.70516815839375, 'k2': 0.01567230746060024, 'D_high': 89263.11370835223, 'fire_exp': 1.182396148413737, 'P_half': 2.0915073038472545, 'pre_dampen_half': 518.2609891091987, 'gpp_af': 0.06789053271698488, 'gpp_b': 2.3382984208508275, 'gpp_d': 0.4841900740994021, 'ign_k': 0.006290644294586149, 'ign_c': 3.0378658251922155, 'trop_agb_crit': 29.789943908227905, 'trop_k_veg': 1.793919400078986, 'fuel_k': 0.03743055596010634, 'fuel_half': 38.211294416912246}.
[I 2026-06-11 12:37:11,167] Trial 412 finished with values: [10.622080261967175, 10.622080261967175] and parameters: {'k1': 0.0015974581244256687, 'D_low': 290.70516815839375, 'k2': 0.020679187143488792, 'D_high': 3712.591045287726, 'fire_exp': 1.182396148413737, 'P_half': 24.184227958471602, 'pre_dampen_half': 502.5175192217655, 'gpp_af': 0.8226361776146098, 'gpp_b': 2.3382984208508275, 'gpp_d': 314.6826989726468, 'ign_k': 0.34703605955441524, 'ign_c': 14.452451441203321, 'trop_agb_crit': 24.584290528289387, 'trop_k_veg': 0.5772603928610088, 'fuel_k': 0.03743055596010634, 'fuel_half': 38.211294416912246}.
[I 2026-06-11 12:37:12,086] Trial 413 finished with values: [10.646832043776156, 10.646832043776156] and parameters: {'k1': 0.004312951023617458, 'D_low': 338.23872019362165, 'k2': 7.67074891445376e-05, 'D_high': 529.1150256200867, 'fire_exp': 1.0881360604103363, 'P_half': 13.019246714361572, 'pre_dampen_half': 347.79988160923324, 'gpp_af': 0.017521503225602402, 'gpp_b': 7.402343469704428e-05, 'gpp_d': 2.8006820077310213, 'ign_k': 4.591485216740537, 'ign_c': 29.415751391396558, 'trop_agb_crit': 21.825752290961518, 'trop_k_veg': 3.5482529660381696, 'fuel_k': 3.6992394681929337, 'fuel_half': 0.6370755274604819}.
[I 2026-06-11 12:37:13,035] Trial 414 finished with values: [10.568724398396006, 10.568724398396006] and parameters: {'k1': 0.00013783578294796384, 'D_low': 338.23872019362165, 'k2': 7.67074891445376e-05, 'D_high': 1024.9816559563214, 'fire_exp': 1.0629462657398439, 'P_half': 16.051347487097576, 'pre_dampen_half': 36.876350096203005, 'gpp_af': 42.29037995744429, 'gpp_b': 7.402343469704428e-05, 'gpp_d': 2.8006820077310213, 'ign_k': 4.591485216740537, 'ign_c': 3.7151317999473266, 'trop_agb_crit': 2.419699259862185, 'trop_k_veg': 2.8224577471047865, 'fuel_k': 0.029111707920759254, 'fuel_half': 81.8794158253808}.
[I 2026-06-11 12:37:13,936] Trial 415 finished with values: [10.58132419839722, 10.58132419839722] and parameters: {'k1': 0.004312951023617458, 'D_low': 5.59983195169599, 'k2': 0.03589155871450837, 'D_high': 3712.591045287726, 'fire_exp': 1.182396148413737, 'P_half': 24.184227958471602, 'pre_dampen_half': 347.79988160923324, 'gpp_af': 0.8226361776146098, 'gpp_b': 0.0024605285374226047, 'gpp_d': 0.06888046676681166, 'ign_k': 0.018707420137660268, 'ign_c': 0.15239409361703363, 'trop_agb_crit': 13.98132484257899, 'trop_k_veg': 0.5772603928610088, 'fuel_k': 0.09252659617259135, 'fuel_half': 0.3995528014939306}.
[I 2026-06-11 12:37:14,837] Trial 416 finished with values: [10.255201433464729, 10.255201433464729] and parameters: {'k1': 0.0015974581244256687, 'D_low': 2.2281634177046414, 'k2': 0.0007081721844034209, 'D_high': 89263.11370835223, 'fire_exp': 1.182396148413737, 'P_half': 2.0915073038472545, 'pre_dampen_half': 36.876350096203005, 'gpp_af': 42.29037995744429, 'gpp_b': 2.3382984208508275, 'gpp_d': 314.6826989726468, 'ign_k': 4.591485216740537, 'ign_c': 3.7151317999473266, 'trop_agb_crit': 2.419699259862185, 'trop_k_veg': 2.8224577471047865, 'fuel_k': 0.03743055596010634, 'fuel_half': 38.211294416912246}.
[I 2026-06-11 12:37:15,943] Trial 417 finished with values: [10.767043053721626, 10.767043053721626] and parameters: {'k1': 0.00013783578294796384, 'D_low': 290.70516815839375, 'k2': 0.01567230746060024, 'D_high': 89263.11370835223, 'fire_exp': 1.1258453832483524, 'P_half': 2.0915073038472545, 'pre_dampen_half': 518.2609891091987, 'gpp_af': 0.015769192447197523, 'gpp_b': 2.3382984208508275, 'gpp_d': 314.6826989726468, 'ign_k': 0.1550134937334847, 'ign_c': 0.13670484737132343, 'trop_agb_crit': 2.419699259862185, 'trop_k_veg': 2.8224577471047865, 'fuel_k': 0.03743055596010634, 'fuel_half': 0.32476735706274484}.
[I 2026-06-11 12:37:16,844] Trial 418 finished with values: [10.587000856116202, 10.587000856116202] and parameters: {'k1': 0.004312951023617458, 'D_low': 4.484744524732794, 'k2': 1.915468390724633e-05, 'D_high': 3712.591045287726, 'fire_exp': 1.1258453832483524, 'P_half': 220.3445560633069, 'pre_dampen_half': 502.5175192217655, 'gpp_af': 0.06789053271698488, 'gpp_b': 0.0005392415140872105, 'gpp_d': 0.015253065480601964, 'ign_k': 4.591485216740537, 'ign_c': 6.160975294741436, 'trop_agb_crit': 1.2440687631821843, 'trop_k_veg': 0.5772603928610088, 'fuel_k': 0.05597555634027867, 'fuel_half': 0.32476735706274484}.
[I 2026-06-11 12:37:17,780] Trial 419 finished with values: [-0.5861481753547071, 0.6835058941112717] and parameters: {'k1': 0.008822833027501576, 'D_low': 4.484744524732794, 'k2': 1.915468390724633e-05, 'D_high': 1390.2686711035008, 'fire_exp': 1.2310899049053081, 'P_half': 127.52949611679996, 'pre_dampen_half': 502.5175192217655, 'gpp_af': 0.7539992074650279, 'gpp_b': 0.0005392415140872105, 'gpp_d': 16.460426816350523, 'ign_k': 4.591485216740537, 'ign_c': 15.221840161091626, 'trop_agb_crit': 24.584290528289387, 'trop_k_veg': 0.5772603928610088, 'fuel_k': 3.6992394681929337, 'fuel_half': 2.9236782115513154}.
