[I 2026-07-22 18:49:50,850] Trial 1119 finished with values: [10.436475638029263, 10.436475638029263] and parameters: {'k1': 0.052334804885400876, 'D_low': 126.11058927054879, 'k2': 0.001566517163094646, 'D_high': 708572.1663941594, 'fire_exp': 3.2181803496180783, 'P_half': 7.890004262668578, 'pre_dampen_half': 3.9885726374014694, 'gpp_af': 0.0025386125063826667, 'gpp_b': 1.1698276136056565e-05, 'gpp_d': 1.050978521342778, 'ign_k': 0.03141110271934876, 'ign_c': 11.40086370112731, 'trop_agb_crit': 5.707205898008383, 'trop_k_veg': 2.1085323608231485, 'fuel_k': 1.1820218758583807, 'fuel_half': 0.3335026483569958}.
[I 2026-07-22 18:49:51,311] Trial 1120 finished with values: [10.12424644366462, 10.12424644366462] and parameters: {'k1': 0.006033623633620595, 'D_low': 10330.801667725173, 'k2': 1.895375973243287e-05, 'D_high': 580966.5602369158, 'fire_exp': 1.2242398136753672, 'P_half': 38.82837025280678, 'pre_dampen_half': 0.4016986062226068, 'gpp_af': 0.015350904103515228, 'gpp_b': 1.7565109007473816e-05, 'gpp_d': 9.00460602264307, 'ign_k': 3.284529979576942, 'ign_c': 11.40086370112731, 'trop_agb_crit': 9.362115196011851, 'trop_k_veg': 2.1085323608231485, 'fuel_k': 1.1820218758583807, 'fuel_half': 33.06791837227926}.
[I 2026-07-22 18:49:51,746] Trial 1121 finished with values: [-0.6801833657373654, 0.23226034479697] and parameters: {'k1': 0.052334804885400876, 'D_low': 8454.098152188677, 'k2': 2.8459703343413838e-05, 'D_high': 708572.1663941594, 'fire_exp': 2.0165721691808587, 'P_half': 2.843767489444367, 'pre_dampen_half': 3.9885726374014694, 'gpp_af': 0.015350904103515228, 'gpp_b': 1.1698276136056565e-05, 'gpp_d': 1.050978521342778, 'ign_k': 0.5131654955148324, 'ign_c': 14.452451441203314, 'trop_agb_crit': 5.707205898008383, 'trop_k_veg': 2.3408809609838257, 'fuel_k': 1.1820218758583807, 'fuel_half': 81.87941582538087}.
[I 2026-07-22 18:49:52,196] Trial 1122 finished with values: [12.237297258364155, 12.237297258364155] and parameters: {'k1': 0.0007066140101361139, 'D_low': 195.72118561834387, 'k2': 0.001566517163094646, 'D_high': 316055.11434645456, 'fire_exp': 1.2242398136753672, 'P_half': 2.2010656610055808, 'pre_dampen_half': 33.97904243111269, 'gpp_af': 0.0025511964576171086, 'gpp_b': 1.7565109007473816e-05, 'gpp_d': 1.1450585869252081, 'ign_k': 0.5131654955148324, 'ign_c': 11.40086370112731, 'trop_agb_crit': 12.324775650896964, 'trop_k_veg': 7.26254292602904, 'fuel_k': 0.018207179480706392, 'fuel_half': 0.3335026483569958}.
[I 2026-07-22 18:49:52,635] Trial 1123 finished with values: [10.425865683278639, 10.425865683278639] and parameters: {'k1': 0.006033623633620595, 'D_low': 8050.832718692987, 'k2': 0.0015195936764126866, 'D_high': 316055.11434645456, 'fire_exp': 1.2242398136753672, 'P_half': 51.61767747867285, 'pre_dampen_half': 0.46504594134732663, 'gpp_af': 0.015350904103515228, 'gpp_b': 1.7565109007473816e-05, 'gpp_d': 9.00460602264307, 'ign_k': 0.0017745670917202131, 'ign_c': 11.40086370112731, 'trop_agb_crit': 12.324775650896964, 'trop_k_veg': 7.26254292602904, 'fuel_k': 0.08612665817296865, 'fuel_half': 0.3335026483569958}.
[I 2026-07-22 18:49:53,059] Trial 1124 finished with values: [-0.4070764772737199, 0.12755233020271883] and parameters: {'k1': 0.052334804885400876, 'D_low': 13.25142220631392, 'k2': 0.001566517163094646, 'D_high': 9522.849354795237, 'fire_exp': 1.1258453832483524, 'P_half': 2.843767489444367, 'pre_dampen_half': 3.6518526344448548, 'gpp_af': 0.06789053271698488, 'gpp_b': 1.7565109007473816e-05, 'gpp_d': 9.00460602264307, 'ign_k': 3.284529979576942, 'ign_c': 14.452451441203314, 'trop_agb_crit': 5.707205898008383, 'trop_k_veg': 2.1085323608231485, 'fuel_k': 0.08612665817296865, 'fuel_half': 0.3335026483569958}.
[I 2026-07-22 18:49:53,485] Trial 1125 finished with values: [10.069912168311964, 10.069912168311964] and parameters: {'k1': 0.052334804885400876, 'D_low': 13.25142220631392, 'k2': 0.0007081721844034209, 'D_high': 316055.11434645456, 'fire_exp': 8.791426299948917, 'P_half': 2.843767489444367, 'pre_dampen_half': 3.9885726374014694, 'gpp_af': 0.015350904103515228, 'gpp_b': 3.228689523591491e-05, 'gpp_d': 6.91394869865762, 'ign_k': 3.284529979576942, 'ign_c': 6.1609752947414345, 'trop_agb_crit': 10.719494362768906, 'trop_k_veg': 2.1085323608231485, 'fuel_k': 1.7390465915470892, 'fuel_half': 81.87941582538087}.
[I 2026-07-22 18:49:53,912] Trial 1126 finished with values: [10.311340842606143, 10.311340842606143] and parameters: {'k1': 0.0029282035181080004, 'D_low': 1.7887890916820506, 'k2': 2.1698375693549493e-05, 'D_high': 580966.5602369158, 'fire_exp': 1.1258453832483524, 'P_half': 7.890004262668578, 'pre_dampen_half': 0.46504594134732663, 'gpp_af': 0.25562996323356013, 'gpp_b': 1.7565109007473816e-05, 'gpp_d': 700.6693992445935, 'ign_k': 0.5131654955148324, 'ign_c': 11.40086370112731, 'trop_agb_crit': 4.576910054440526, 'trop_k_veg': 2.417028380770307, 'fuel_k': 0.48736180483849406, 'fuel_half': 0.3335026483569958}.
[I 2026-07-22 18:49:54,338] Trial 1127 finished with values: [-0.6519005564542006, 0.13507232897202792] and parameters: {'k1': 0.003242143344038315, 'D_low': 126.11058927054879, 'k2': 0.020149789847008874, 'D_high': 316055.11434645456, 'fire_exp': 1.2242398136753672, 'P_half': 7.890004262668578, 'pre_dampen_half': 0.46504594134732663, 'gpp_af': 0.12243451886824051, 'gpp_b': 0.0056942858615488725, 'gpp_d': 12.151631524283598, 'ign_k': 0.5131654955148324, 'ign_c': 3.0378658251922155, 'trop_agb_crit': 20.205002815711154, 'trop_k_veg': 2.417028380770307, 'fuel_k': 0.48736180483849406, 'fuel_half': 0.3335026483569958}.
[I 2026-07-22 18:49:54,767] Trial 1128 finished with values: [-0.6304500131028243, 0.22716617159936003] and parameters: {'k1': 0.0003199177539819797, 'D_low': 864.0717009254879, 'k2': 0.020149789847008874, 'D_high': 580966.5602369158, 'fire_exp': 1.2242398136753672, 'P_half': 1.6137130466116876, 'pre_dampen_half': 0.46504594134732663, 'gpp_af': 0.015350904103515228, 'gpp_b': 1.7565109007473816e-05, 'gpp_d': 6.91394869865762, 'ign_k': 0.5131654955148324, 'ign_c': 11.40086370112731, 'trop_agb_crit': 12.324775650896964, 'trop_k_veg': 2.417028380770307, 'fuel_k': 3.6992394681929355, 'fuel_half': 81.87941582538087}.
[I 2026-07-22 18:49:55,194] Trial 1129 finished with values: [-0.6270799363580699, 0.18526041283207995] and parameters: {'k1': 0.013967310812223448, 'D_low': 1.7887890916820506, 'k2': 0.001566517163094646, 'D_high': 316055.11434645456, 'fire_exp': 1.2242398136753672, 'P_half': 51.61767747867285, 'pre_dampen_half': 0.46504594134732663, 'gpp_af': 0.015350904103515228, 'gpp_b': 1.1698276136056565e-05, 'gpp_d': 9.00460602264307, 'ign_k': 3.284529979576942, 'ign_c': 11.40086370112731, 'trop_agb_crit': 12.324775650896964, 'trop_k_veg': 1.6906991445093917, 'fuel_k': 0.0500651901928747, 'fuel_half': 0.3335026483569958}.
  trial 1130/2500  pareto_size=1  best_taylor=0.7504  best_ilamb=0.6040  (8.1 min)
[I 2026-07-22 18:49:55,849] Trial 1130 finished with values: [-0.6529189856120822, 0.11892586469059074] and parameters: {'k1': 0.052334804885400876, 'D_low': 8454.098152188677, 'k2': 1.895375973243287e-05, 'D_high': 708572.1663941594, 'fire_exp': 2.0165721691808587, 'P_half': 2.843767489444367, 'pre_dampen_half': 3.9885726374014694, 'gpp_af': 0.0025386125063826667, 'gpp_b': 1.1698276136056565e-05, 'gpp_d': 1.050978521342778, 'ign_k': 0.5131654955148324, 'ign_c': 14.452451441203314, 'trop_agb_crit': 5.707205898008383, 'trop_k_veg': 2.3408809609838257, 'fuel_k': 0.03625926890059622, 'fuel_half': 0.3335026483569958}.
[I 2026-07-22 18:49:56,278] Trial 1131 finished with values: [10.695041495118753, 10.695041495118753] and parameters: {'k1': 0.011966626407443505, 'D_low': 126.11058927054879, 'k2': 0.001566517163094646, 'D_high': 316055.11434645456, 'fire_exp': 8.791426299948917, 'P_half': 7.890004262668578, 'pre_dampen_half': 33.71909132517388, 'gpp_af': 0.12243451886824051, 'gpp_b': 3.228689523591491e-05, 'gpp_d': 9.00460602264307, 'ign_k': 3.284529979576942, 'ign_c': 11.40086370112731, 'trop_agb_crit': 10.719494362768906, 'trop_k_veg': 1.6906991445093917, 'fuel_k': 0.5400268568058665, 'fuel_half': 0.32476735706274484}.
[I 2026-07-22 18:49:56,711] Trial 1132 finished with values: [10.29015321647137, 10.29015321647137] and parameters: {'k1': 0.052334804885400876, 'D_low': 8454.098152188677, 'k2': 1.895375973243287e-05, 'D_high': 708572.1663941594, 'fire_exp': 1.1258453832483524, 'P_half': 7.890004262668578, 'pre_dampen_half': 0.46504594134732663, 'gpp_af': 0.0025386125063826667, 'gpp_b': 1.1698276136056565e-05, 'gpp_d': 1.050978521342778, 'ign_k': 0.010826381820576981, 'ign_c': 11.40086370112731, 'trop_agb_crit': 2.8338296020180445, 'trop_k_veg': 0.7893983526826419, 'fuel_k': 1.1820218758583807, 'fuel_half': 0.3335026483569958}.
[I 2026-07-22 18:49:57,142] Trial 1133 finished with values: [10.709672738079203, 10.709672738079203] and parameters: {'k1': 9.969469187531805e-05, 'D_low': 864.0717009254879, 'k2': 0.0009562822793888481, 'D_high': 957.8343092179078, 'fire_exp': 1.1258453832483524, 'P_half': 7.890004262668578, 'pre_dampen_half': 0.4016986062226068, 'gpp_af': 0.49740621749684094, 'gpp_b': 1.7565109007473816e-05, 'gpp_d': 3.0023172465753087, 'ign_k': 0.5670346335627292, 'ign_c': 8.405439129313676, 'trop_agb_crit': 15.35205868174982, 'trop_k_veg': 0.5415365826598848, 'fuel_k': 0.08612665817296865, 'fuel_half': 0.3335026483569958}.
[I 2026-07-22 18:49:57,563] Trial 1134 finished with values: [-0.6306615985624283, 0.19368335142464854] and parameters: {'k1': 0.0003199177539819797, 'D_low': 34714.349704205575, 'k2': 0.0007081721844034209, 'D_high': 316055.11434645456, 'fire_exp': 3.306631963306035, 'P_half': 7.890004262668578, 'pre_dampen_half': 33.71909132517388, 'gpp_af': 0.015350904103515228, 'gpp_b': 1.7565109007473816e-05, 'gpp_d': 6.91394869865762, 'ign_k': 3.284529979576942, 'ign_c': 6.1609752947414345, 'trop_agb_crit': 10.719494362768906, 'trop_k_veg': 2.1085323608231485, 'fuel_k': 0.48736180483849406, 'fuel_half': 81.87941582538087}.
[I 2026-07-22 18:49:57,993] Trial 1135 finished with values: [-0.6123428666354884, 0.11376476802533719] and parameters: {'k1': 0.006033623633620595, 'D_low': 1.7887890916820506, 'k2': 0.001566517163094646, 'D_high': 316055.11434645456, 'fire_exp': 1.2242398136753672, 'P_half': 7.890004262668578, 'pre_dampen_half': 0.46504594134732663, 'gpp_af': 0.015350904103515228, 'gpp_b': 0.00016954603776126232, 'gpp_d': 9.00460602264307, 'ign_k': 3.245789213111114, 'ign_c': 11.40086370112731, 'trop_agb_crit': 9.362115196011851, 'trop_k_veg': 2.417028380770307, 'fuel_k': 0.08612665817296865, 'fuel_half': 0.3335026483569958}.
[I 2026-07-22 18:49:58,456] Trial 1136 finished with values: [-0.6532036888940234, 0.31368938677547975] and parameters: {'k1': 0.011966626407443505, 'D_low': 8454.098152188677, 'k2': 0.032985830257901944, 'D_high': 708572.1663941594, 'fire_exp': 1.1258453832483524, 'P_half': 7.890004262668578, 'pre_dampen_half': 0.4016986062226068, 'gpp_af': 0.25562996323356013, 'gpp_b': 1.1698276136056565e-05, 'gpp_d': 225.3679349322475, 'ign_k': 3.284529979576942, 'ign_c': 14.452451441203314, 'trop_agb_crit': 20.205002815711154, 'trop_k_veg': 2.1085323608231485, 'fuel_k': 0.48736180483849406, 'fuel_half': 0.3335026483569958}.
[I 2026-07-22 18:49:58,937] Trial 1137 finished with values: [13.502582940522522, 13.502582940522522] and parameters: {'k1': 9.969469187531805e-05, 'D_low': 864.0717009254879, 'k2': 0.0009562822793888481, 'D_high': 1681956.433827372, 'fire_exp': 1.2242398136753672, 'P_half': 7.890004262668578, 'pre_dampen_half': 26.373339933815235, 'gpp_af': 0.49740621749684094, 'gpp_b': 0.002407352334224724, 'gpp_d': 3.0023172465753087, 'ign_k': 0.5131654955148324, 'ign_c': 3.0378658251922155, 'trop_agb_crit': 15.35205868174982, 'trop_k_veg': 0.9694140152996831, 'fuel_k': 1.1820218758583807, 'fuel_half': 0.3625056554880307}.
[I 2026-07-22 18:49:59,392] Trial 1138 finished with values: [10.761901817772207, 10.761901817772207] and parameters: {'k1': 0.0029282035181080004, 'D_low': 1.7887890916820506, 'k2': 0.001566517163094646, 'D_high': 316055.11434645456, 'fire_exp': 8.791426299948917, 'P_half': 9.324787201197319, 'pre_dampen_half': 0.4016986062226068, 'gpp_af': 0.015350904103515228, 'gpp_b': 3.936122422430193e-05, 'gpp_d': 6.91394869865762, 'ign_k': 0.06382008477114844, 'ign_c': 11.40086370112731, 'trop_agb_crit': 17.530135633155123, 'trop_k_veg': 0.6921865222804094, 'fuel_k': 3.6992394681929355, 'fuel_half': 81.87941582538087}.
[I 2026-07-22 18:49:59,843] Trial 1139 finished with values: [-0.6777926224970641, 0.14668521162975778] and parameters: {'k1': 0.0003199177539819797, 'D_low': 1.7887890916820506, 'k2': 0.0007081721844034209, 'D_high': 316055.11434645456, 'fire_exp': 8.791426299948917, 'P_half': 7.890004262668578, 'pre_dampen_half': 33.71909132517388, 'gpp_af': 0.015350904103515228, 'gpp_b': 3.228689523591491e-05, 'gpp_d': 6.91394869865762, 'ign_k': 3.284529979576942, 'ign_c': 6.1609752947414345, 'trop_agb_crit': 10.719494362768906, 'trop_k_veg': 1.7428926895756522, 'fuel_k': 3.6992394681929355, 'fuel_half': 81.87941582538087}.
[I 2026-07-22 18:50:00,313] Trial 1140 finished with values: [-0.6692006575960011, 0.1373226748545474] and parameters: {'k1': 0.052334804885400876, 'D_low': 8454.098152188677, 'k2': 1.895375973243287e-05, 'D_high': 316055.11434645456, 'fire_exp': 1.1258453832483524, 'P_half': 51.61767747867285, 'pre_dampen_half': 3.9885726374014694, 'gpp_af': 0.0025386125063826667, 'gpp_b': 1.1698276136056565e-05, 'gpp_d': 1.050978521342778, 'ign_k': 0.03141110271934876, 'ign_c': 14.452451441203314, 'trop_agb_crit': 5.707205898008383, 'trop_k_veg': 1.6906991445093917, 'fuel_k': 1.1820218758583807, 'fuel_half': 0.3335026483569958}.
[I 2026-07-22 18:50:00,818] Trial 1141 finished with values: [-0.66171192352907, 0.3306605822634159] and parameters: {'k1': 0.006033623633620595, 'D_low': 1.7887890916820506, 'k2': 0.001566517163094646, 'D_high': 8127143.66353742, 'fire_exp': 1.2242398136753672, 'P_half': 2.2010656610055808, 'pre_dampen_half': 0.4016986062226068, 'gpp_af': 0.06789053271698488, 'gpp_b': 1.7565109007473816e-05, 'gpp_d': 9.00460602264307, 'ign_k': 3.284529979576942, 'ign_c': 11.40086370112731, 'trop_agb_crit': 9.362115196011851, 'trop_k_veg': 7.26254292602904, 'fuel_k': 0.0500651901928747, 'fuel_half': 0.3335026483569958}.
[I 2026-07-22 18:50:01,356] Trial 1142 finished with values: [10.547024733276412, 10.547024733276412] and parameters: {'k1': 0.0003199177539819797, 'D_low': 42862.23942120829, 'k2': 0.0007081721844034209, 'D_high': 316055.11434645456, 'fire_exp': 3.313658135010505, 'P_half': 1.2843094700513464, 'pre_dampen_half': 26.373339933815235, 'gpp_af': 0.015350904103515228, 'gpp_b': 0.002407352334224724, 'gpp_d': 3.0023172465753087, 'ign_k': 3.284529979576942, 'ign_c': 6.1609752947414345, 'trop_agb_crit': 15.35205868174982, 'trop_k_veg': 0.5415365826598848, 'fuel_k': 3.6992394681929355, 'fuel_half': 0.3625056554880307}.
[I 2026-07-22 18:50:01,892] Trial 1143 finished with values: [13.263511585845135, 13.263511585845135] and parameters: {'k1': 0.0003199177539819797, 'D_low': 1.7887890916820506, 'k2': 0.002342238625792905, 'D_high': 388024.1939505089, 'fire_exp': 1.2242398136753672, 'P_half': 2.2010656610055808, 'pre_dampen_half': 33.71909132517388, 'gpp_af': 0.06789053271698488, 'gpp_b': 0.00011195197602511399, 'gpp_d': 2.2044650100999164, 'ign_k': 4.59148521674054, 'ign_c': 6.1609752947414345, 'trop_agb_crit': 10.719494362768906, 'trop_k_veg': 7.26254292602904, 'fuel_k': 3.7875356197077763, 'fuel_half': 81.87941582538087}.
[I 2026-07-22 18:50:02,417] Trial 1144 finished with values: [10.591551413915438, 10.591551413915438] and parameters: {'k1': 0.006033623633620595, 'D_low': 1.7887890916820506, 'k2': 0.001566517163094646, 'D_high': 316055.11434645456, 'fire_exp': 8.791426299948917, 'P_half': 38.82837025280678, 'pre_dampen_half': 0.46504594134732663, 'gpp_af': 0.015350904103515228, 'gpp_b': 1.7565109007473816e-05, 'gpp_d': 6.91394869865762, 'ign_k': 3.284529979576942, 'ign_c': 11.40086370112731, 'trop_agb_crit': 12.324775650896964, 'trop_k_veg': 1.7428926895756522, 'fuel_k': 0.0500651901928747, 'fuel_half': 81.87941582538087}.
[I 2026-07-22 18:50:02,879] Trial 1145 finished with values: [-0.582631577589982, 0.1443436967061772] and parameters: {'k1': 0.006033623633620595, 'D_low': 1.7887890916820506, 'k2': 0.001566517163094646, 'D_high': 580966.5602369158, 'fire_exp': 1.4439251473259103, 'P_half': 38.82837025280678, 'pre_dampen_half': 0.46504594134732663, 'gpp_af': 0.015350904103515228, 'gpp_b': 1.7565109007473816e-05, 'gpp_d': 9.00460602264307, 'ign_k': 0.5131654955148324, 'ign_c': 11.40086370112731, 'trop_agb_crit': 4.576910054440526, 'trop_k_veg': 2.417028380770307, 'fuel_k': 0.0500651901928747, 'fuel_half': 81.87941582538087}.
[I 2026-07-22 18:50:03,350] Trial 1146 finished with values: [-0.7380833406764371, 0.18410812045823477] and parameters: {'k1': 0.011966626407443505, 'D_low': 8454.098152188677, 'k2': 0.0008392504050877116, 'D_high': 316055.11434645456, 'fire_exp': 1.1258453832483524, 'P_half': 7.890004262668578, 'pre_dampen_half': 3.9885726374014694, 'gpp_af': 0.0025511964576171086, 'gpp_b': 1.1698276136056565e-05, 'gpp_d': 1.050978521342778, 'ign_k': 0.5131654955148324, 'ign_c': 14.452451441203314, 'trop_agb_crit': 9.362115196011851, 'trop_k_veg': 2.967611227159486, 'fuel_k': 0.08612665817296865, 'fuel_half': 0.3335026483569958}.
[I 2026-07-22 18:50:03,827] Trial 1147 finished with values: [10.007717700200224, 10.007717700200224] and parameters: {'k1': 1.823133054009513e-05, 'D_low': 607.5587233670254, 'k2': 0.0008392504050877116, 'D_high': 316055.11434645456, 'fire_exp': 1.2242398136753672, 'P_half': 7.890004262668578, 'pre_dampen_half': 0.46504594134732663, 'gpp_af': 0.06789053271698488, 'gpp_b': 1.7565109007473816e-05, 'gpp_d': 9.00460602264307, 'ign_k': 0.5131654955148324, 'ign_c': 11.40086370112731, 'trop_agb_crit': 12.324775650896964, 'trop_k_veg': 2.967611227159486, 'fuel_k': 0.08612665817296865, 'fuel_half': 53.41467835749932}.
[I 2026-07-22 18:50:04,286] Trial 1148 finished with values: [10.002759918066449, 10.002759918066449] and parameters: {'k1': 0.0003199177539819797, 'D_low': 864.0717009254879, 'k2': 0.0009562822793888481, 'D_high': 8433503.858791472, 'fire_exp': 8.791426299948917, 'P_half': 7.890004262668578, 'pre_dampen_half': 33.71909132517388, 'gpp_af': 0.12243451886824051, 'gpp_b': 1.1698276136056565e-05, 'gpp_d': 1.277145173524828, 'ign_k': 4.59148521674054, 'ign_c': 6.1609752947414345, 'trop_agb_crit': 10.719494362768906, 'trop_k_veg': 1.7428926895756522, 'fuel_k': 1.2528108647479208, 'fuel_half': 81.87941582538087}.
[I 2026-07-22 18:50:04,778] Trial 1149 finished with values: [11.212963645994899, 11.212963645994899] and parameters: {'k1': 9.969469187531805e-05, 'D_low': 8454.098152188677, 'k2': 1.895375973243287e-05, 'D_high': 1681956.433827372, 'fire_exp': 1.1258453832483524, 'P_half': 7.890004262668578, 'pre_dampen_half': 26.373339933815235, 'gpp_af': 0.0025386125063826667, 'gpp_b': 1.1698276136056565e-05, 'gpp_d': 3.0023172465753087, 'ign_k': 0.03141110271934876, 'ign_c': 14.452451441203314, 'trop_agb_crit': 6.247810889373202, 'trop_k_veg': 2.1085323608231485, 'fuel_k': 1.2528108647479208, 'fuel_half': 0.3625056554880307}.
[I 2026-07-22 18:50:05,300] Trial 1150 finished with values: [-0.6381082152866377, 0.27595556678250055] and parameters: {'k1': 0.006033623633620595, 'D_low': 1.7887890916820506, 'k2': 0.001566517163094646, 'D_high': 8433503.858791472, 'fire_exp': 1.2242398136753672, 'P_half': 7.890004262668578, 'pre_dampen_half': 0.46504594134732663, 'gpp_af': 0.06789053271698488, 'gpp_b': 0.00011195197602511399, 'gpp_d': 6.91394869865762, 'ign_k': 4.59148521674054, 'ign_c': 6.1609752947414345, 'trop_agb_crit': 12.324775650896964, 'trop_k_veg': 1.7428926895756522, 'fuel_k': 0.0500651901928747, 'fuel_half': 81.87941582538087}.
[I 2026-07-22 18:50:05,981] Trial 1151 finished with values: [10.236157335827784, 10.236157335827784] and parameters: {'k1': 0.011966626407443505, 'D_low': 126.11058927054879, 'k2': 0.001566517163094646, 'D_high': 316055.11434645456, 'fire_exp': 3.146389673438612, 'P_half': 7.890004262668578, 'pre_dampen_half': 0.46504594134732663, 'gpp_af': 0.015350904103515228, 'gpp_b': 1.1698276136056565e-05, 'gpp_d': 700.6693992445935, 'ign_k': 3.284529979576942, 'ign_c': 11.40086370112731, 'trop_agb_crit': 20.205002815711154, 'trop_k_veg': 1.6906991445093917, 'fuel_k': 0.0500651901928747, 'fuel_half': 0.3335026483569958}.
[I 2026-07-22 18:50:06,458] Trial 1152 finished with values: [-0.5813435462800305, 0.2280547391001303] and parameters: {'k1': 0.0003199177539819797, 'D_low': 126.11058927054879, 'k2': 1.895375973243287e-05, 'D_high': 316055.11434645456, 'fire_exp': 1.2242398136753672, 'P_half': 38.82837025280678, 'pre_dampen_half': 0.46504594134732663, 'gpp_af': 0.015350904103515228, 'gpp_b': 1.7565109007473816e-05, 'gpp_d': 9.00460602264307, 'ign_k': 0.8015297379101401, 'ign_c': 3.0378658251922155, 'trop_agb_crit': 10.719494362768906, 'trop_k_veg': 2.1085323608231485, 'fuel_k': 3.7875356197077763, 'fuel_half': 81.87941582538087}.
[I 2026-07-22 18:50:06,935] Trial 1153 finished with values: [-0.5986266820768593, 0.14805150921948917] and parameters: {'k1': 0.006033623633620595, 'D_low': 1.7887890916820506, 'k2': 0.002342238625792905, 'D_high': 580966.5602369158, 'fire_exp': 1.4439251473259103, 'P_half': 38.82837025280678, 'pre_dampen_half': 0.46504594134732663, 'gpp_af': 0.015350904103515228, 'gpp_b': 1.7565109007473816e-05, 'gpp_d': 9.00460602264307, 'ign_k': 0.8015297379101401, 'ign_c': 11.40086370112731, 'trop_agb_crit': 4.576910054440526, 'trop_k_veg': 2.417028380770307, 'fuel_k': 3.7875356197077763, 'fuel_half': 81.87941582538087}.
