[I 2026-07-22 18:59:08,248] Trial 2379 finished with values: [11.777880094636402, 11.777880094636402] and parameters: {'k1': 0.052334804885400876, 'D_low': 398.87185832186105, 'k2': 0.0002958993090345125, 'D_high': 580966.5602369158, 'fire_exp': 2.0165721691808587, 'P_half': 97.75959835044559, 'pre_dampen_half': 3.9885726374014694, 'gpp_af': 0.22983121915789692, 'gpp_b': 3.936122422430193e-05, 'gpp_d': 46.09643867796705, 'ign_k': 4.59148521674054, 'ign_c': 14.452451441203314, 'trop_agb_crit': 28.412323986638135, 'trop_k_veg': 1.9190318285916717, 'fuel_k': 3.6992394681929355, 'fuel_half': 0.32476735706274484}.
[I 2026-07-22 18:59:08,705] Trial 2380 finished with values: [-0.7246100218919573, 0.023501948440894038] and parameters: {'k1': 0.052334804885400876, 'D_low': 864.0717009254879, 'k2': 0.002342238625792905, 'D_high': 708572.1663941594, 'fire_exp': 3.313658135010505, 'P_half': 7.890004262668578, 'pre_dampen_half': 3.9885726374014694, 'gpp_af': 0.015350904103515228, 'gpp_b': 0.0054502936945582505, 'gpp_d': 9.00460602264307, 'ign_k': 4.59148521674054, 'ign_c': 14.452451441203314, 'trop_agb_crit': 9.362115196011851, 'trop_k_veg': 1.7428926895756522, 'fuel_k': 3.6992394681929355, 'fuel_half': 0.3335026483569958}.
[I 2026-07-22 18:59:09,147] Trial 2381 finished with values: [-0.7500322055138092, 0.06953206174702442] and parameters: {'k1': 0.006033623633620595, 'D_low': 8454.098152188677, 'k2': 0.0002958993090345125, 'D_high': 9618207.08484991, 'fire_exp': 3.6229245108897343, 'P_half': 7.890004262668578, 'pre_dampen_half': 33.71909132517388, 'gpp_af': 0.25562996323356013, 'gpp_b': 0.0054502936945582505, 'gpp_d': 6.91394869865762, 'ign_k': 0.5131654955148324, 'ign_c': 14.452451441203314, 'trop_agb_crit': 10.719494362768906, 'trop_k_veg': 1.7428926895756522, 'fuel_k': 1.1820218758583807, 'fuel_half': 0.3335026483569958}.
[I 2026-07-22 18:59:09,591] Trial 2382 finished with values: [10.815192695794888, 10.815192695794888] and parameters: {'k1': 0.052334804885400876, 'D_low': 1.7887890916820506, 'k2': 0.0007081721844034209, 'D_high': 887331.2884015184, 'fire_exp': 2.0165721691808587, 'P_half': 368.9245780146773, 'pre_dampen_half': 3.9885726374014694, 'gpp_af': 0.015350904103515228, 'gpp_b': 3.936122422430193e-05, 'gpp_d': 135.99933935738707, 'ign_k': 3.284529979576942, 'ign_c': 14.452451441203314, 'trop_agb_crit': 20.205002815711154, 'trop_k_veg': 7.26254292602904, 'fuel_k': 3.6992394681929355, 'fuel_half': 0.3335026483569958}.
[I 2026-07-22 18:59:10,028] Trial 2383 finished with values: [10.730048409786024, 10.730048409786024] and parameters: {'k1': 0.052334804885400876, 'D_low': 8454.098152188677, 'k2': 0.00019259659755917042, 'D_high': 1153182.3436959793, 'fire_exp': 8.791426299948917, 'P_half': 7.890004262668578, 'pre_dampen_half': 0.12605399944053378, 'gpp_af': 0.015350904103515228, 'gpp_b': 0.0054502936945582505, 'gpp_d': 6.91394869865762, 'ign_k': 0.5131654955148324, 'ign_c': 14.452451441203314, 'trop_agb_crit': 10.719494362768906, 'trop_k_veg': 2.3408809609838257, 'fuel_k': 3.6992394681929355, 'fuel_half': 0.3335026483569958}.
[I 2026-07-22 18:59:10,459] Trial 2384 finished with values: [-0.7504221355706124, 0.0538811659648214] and parameters: {'k1': 0.052334804885400876, 'D_low': 1.7887890916820506, 'k2': 0.00010089430320527378, 'D_high': 316055.11434645456, 'fire_exp': 7.089507362101403, 'P_half': 7.890004262668578, 'pre_dampen_half': 3.9885726374014694, 'gpp_af': 0.015350904103515228, 'gpp_b': 3.936122422430193e-05, 'gpp_d': 6.91394869865762, 'ign_k': 0.5131654955148324, 'ign_c': 14.452451441203314, 'trop_agb_crit': 10.719494362768906, 'trop_k_veg': 0.6921865222804094, 'fuel_k': 3.6992394681929355, 'fuel_half': 0.3335026483569958}.
  trial 2385/2500  pareto_size=9  best_taylor=0.7871  best_ilamb=0.6071  (17.4 min)
[I 2026-07-22 18:59:11,297] Trial 2385 finished with values: [10.288742977846983, 10.288742977846983] and parameters: {'k1': 0.052334804885400876, 'D_low': 8454.098152188677, 'k2': 0.0007081721844034209, 'D_high': 580966.5602369158, 'fire_exp': 2.0165721691808587, 'P_half': 9.287707321698196, 'pre_dampen_half': 3.9885726374014694, 'gpp_af': 0.015350904103515228, 'gpp_b': 0.0012680115391195716, 'gpp_d': 6.91394869865762, 'ign_k': 3.284529979576942, 'ign_c': 3.0912426377780635, 'trop_agb_crit': 28.412323986638135, 'trop_k_veg': 2.417028380770307, 'fuel_k': 3.6992394681929355, 'fuel_half': 0.3335026483569958}.
[I 2026-07-22 18:59:11,725] Trial 2386 finished with values: [-0.7669621641109564, 0.06245340436538738] and parameters: {'k1': 0.052334804885400876, 'D_low': 8454.098152188677, 'k2': 0.002342238625792905, 'D_high': 708572.1663941594, 'fire_exp': 8.791426299948917, 'P_half': 7.890004262668578, 'pre_dampen_half': 3.9885726374014694, 'gpp_af': 0.015350904103515228, 'gpp_b': 1.7565109007473816e-05, 'gpp_d': 6.91394869865762, 'ign_k': 0.8015297379101401, 'ign_c': 14.452451441203314, 'trop_agb_crit': 9.362115196011851, 'trop_k_veg': 2.3408809609838257, 'fuel_k': 3.6992394681929355, 'fuel_half': 0.3335026483569958}.
[I 2026-07-22 18:59:12,160] Trial 2387 finished with values: [10.236653886651174, 10.236653886651174] and parameters: {'k1': 0.052334804885400876, 'D_low': 8454.098152188677, 'k2': 0.00021153782194224395, 'D_high': 708572.1663941594, 'fire_exp': 8.791426299948917, 'P_half': 7.890004262668578, 'pre_dampen_half': 3.9885726374014694, 'gpp_af': 0.015350904103515228, 'gpp_b': 3.936122422430193e-05, 'gpp_d': 6.91394869865762, 'ign_k': 4.59148521674054, 'ign_c': 14.452451441203314, 'trop_agb_crit': 10.719494362768906, 'trop_k_veg': 0.6049361204016528, 'fuel_k': 3.7875356197077763, 'fuel_half': 0.3335026483569958}.
[I 2026-07-22 18:59:12,595] Trial 2388 finished with values: [10.11004731397136, 10.11004731397136] and parameters: {'k1': 0.0003199177539819797, 'D_low': 8454.098152188677, 'k2': 0.0007081721844034209, 'D_high': 316055.11434645456, 'fire_exp': 2.3419315611550164, 'P_half': 7.890004262668578, 'pre_dampen_half': 3.9885726374014694, 'gpp_af': 0.015350904103515228, 'gpp_b': 3.936122422430193e-05, 'gpp_d': 135.99933935738707, 'ign_k': 0.5131654955148324, 'ign_c': 14.452451441203314, 'trop_agb_crit': 28.412323986638135, 'trop_k_veg': 0.6921865222804094, 'fuel_k': 3.6992394681929355, 'fuel_half': 0.3335026483569958}.
[I 2026-07-22 18:59:13,032] Trial 2389 finished with values: [10.363100367346256, 10.363100367346256] and parameters: {'k1': 0.006033623633620595, 'D_low': 1.7887890916820506, 'k2': 0.002342238625792905, 'D_high': 708572.1663941594, 'fire_exp': 8.791426299948917, 'P_half': 7.890004262668578, 'pre_dampen_half': 3.9885726374014694, 'gpp_af': 0.25562996323356013, 'gpp_b': 0.0054502936945582505, 'gpp_d': 6.91394869865762, 'ign_k': 0.8015297379101401, 'ign_c': 14.452451441203314, 'trop_agb_crit': 4.849942444685228, 'trop_k_veg': 2.3408809609838257, 'fuel_k': 1.1820218758583807, 'fuel_half': 0.3335026483569958}.
[I 2026-07-22 18:59:13,463] Trial 2390 finished with values: [10.701278358433324, 10.701278358433324] and parameters: {'k1': 0.052334804885400876, 'D_low': 8454.098152188677, 'k2': 0.0007081721844034209, 'D_high': 316055.11434645456, 'fire_exp': 2.0165721691808587, 'P_half': 7.890004262668578, 'pre_dampen_half': 3.9885726374014694, 'gpp_af': 0.015350904103515228, 'gpp_b': 3.936122422430193e-05, 'gpp_d': 135.99933935738707, 'ign_k': 3.284529979576942, 'ign_c': 14.452451441203314, 'trop_agb_crit': 28.412323986638135, 'trop_k_veg': 1.9190318285916717, 'fuel_k': 3.6992394681929355, 'fuel_half': 0.32476735706274484}.
[I 2026-07-22 18:59:13,896] Trial 2391 finished with values: [12.165066733138712, 12.165066733138712] and parameters: {'k1': 0.052334804885400876, 'D_low': 726.7761028313123, 'k2': 0.002342238625792905, 'D_high': 708572.1663941594, 'fire_exp': 5.281262476047597, 'P_half': 2.843767489444367, 'pre_dampen_half': 19.215311251765442, 'gpp_af': 0.015350904103515228, 'gpp_b': 1.1698276136056565e-05, 'gpp_d': 700.6693992445935, 'ign_k': 0.8015297379101401, 'ign_c': 14.452451441203314, 'trop_agb_crit': 9.362115196011851, 'trop_k_veg': 3.567868939496762, 'fuel_k': 3.6992394681929355, 'fuel_half': 0.3335026483569958}.
[I 2026-07-22 18:59:14,326] Trial 2392 finished with values: [-0.7612353073769558, 0.05328054415185246] and parameters: {'k1': 0.052334804885400876, 'D_low': 8454.098152188677, 'k2': 0.002342238625792905, 'D_high': 316055.11434645456, 'fire_exp': 8.791426299948917, 'P_half': 7.890004262668578, 'pre_dampen_half': 3.9885726374014694, 'gpp_af': 0.015350904103515228, 'gpp_b': 3.936122422430193e-05, 'gpp_d': 6.91394869865762, 'ign_k': 4.59148521674054, 'ign_c': 14.452451441203314, 'trop_agb_crit': 9.362115196011851, 'trop_k_veg': 2.3408809609838257, 'fuel_k': 3.6992394681929355, 'fuel_half': 0.3335026483569958}.
[I 2026-07-22 18:59:14,760] Trial 2393 finished with values: [10.058170016280556, 10.058170016280556] and parameters: {'k1': 0.052334804885400876, 'D_low': 8454.098152188677, 'k2': 0.06176637358253255, 'D_high': 799408.6663109845, 'fire_exp': 1.0194447223529701, 'P_half': 7.890004262668578, 'pre_dampen_half': 0.4016986062226068, 'gpp_af': 0.015350904103515228, 'gpp_b': 3.936122422430193e-05, 'gpp_d': 0.12255668290044133, 'ign_k': 3.316094907565961, 'ign_c': 14.452451441203314, 'trop_agb_crit': 9.362115196011851, 'trop_k_veg': 7.26254292602904, 'fuel_k': 3.6992394681929355, 'fuel_half': 0.3335026483569958}.
[I 2026-07-22 18:59:15,186] Trial 2394 finished with values: [10.326873526815232, 10.326873526815232] and parameters: {'k1': 0.00016480446427978953, 'D_low': 8454.098152188677, 'k2': 0.001566517163094646, 'D_high': 887331.2884015184, 'fire_exp': 8.791426299948917, 'P_half': 7.890004262668578, 'pre_dampen_half': 33.71909132517388, 'gpp_af': 0.07170751825576907, 'gpp_b': 0.0054502936945582505, 'gpp_d': 6.91394869865762, 'ign_k': 0.5131654955148324, 'ign_c': 14.452451441203314, 'trop_agb_crit': 24.55554375012532, 'trop_k_veg': 5.677586309173081, 'fuel_k': 3.6992394681929355, 'fuel_half': 0.3335026483569958}.
[I 2026-07-22 18:59:15,620] Trial 2395 finished with values: [10.74702257866608, 10.74702257866608] and parameters: {'k1': 0.0002902170966238275, 'D_low': 8454.098152188677, 'k2': 0.0002958993090345125, 'D_high': 887331.2884015184, 'fire_exp': 7.089507362101403, 'P_half': 53.85970977098819, 'pre_dampen_half': 33.71909132517388, 'gpp_af': 0.015350904103515228, 'gpp_b': 0.01736771891291939, 'gpp_d': 6.91394869865762, 'ign_k': 0.5131654955148324, 'ign_c': 14.452451441203314, 'trop_agb_crit': 17.530135633155123, 'trop_k_veg': 3.131246647340211, 'fuel_k': 3.6992394681929355, 'fuel_half': 0.32476735706274484}.
[I 2026-07-22 18:59:16,053] Trial 2396 finished with values: [10.261758135950357, 10.261758135950357] and parameters: {'k1': 0.07381440120353336, 'D_low': 8454.098152188677, 'k2': 0.0007081721844034209, 'D_high': 1681956.433827372, 'fire_exp': 7.089507362101403, 'P_half': 7.890004262668578, 'pre_dampen_half': 33.71909132517388, 'gpp_af': 0.015350904103515228, 'gpp_b': 0.0054502936945582505, 'gpp_d': 6.91394869865762, 'ign_k': 3.284529979576942, 'ign_c': 14.452451441203314, 'trop_agb_crit': 19.314073717758, 'trop_k_veg': 2.3408809609838257, 'fuel_k': 3.6992394681929355, 'fuel_half': 0.32476735706274484}.
[I 2026-07-22 18:59:16,485] Trial 2397 finished with values: [10.381123097025723, 10.381123097025723] and parameters: {'k1': 0.052334804885400876, 'D_low': 8454.098152188677, 'k2': 0.002342238625792905, 'D_high': 799408.6663109845, 'fire_exp': 8.791426299948917, 'P_half': 7.890004262668578, 'pre_dampen_half': 3.9885726374014694, 'gpp_af': 0.015350904103515228, 'gpp_b': 3.936122422430193e-05, 'gpp_d': 6.91394869865762, 'ign_k': 3.316094907565961, 'ign_c': 14.452451441203314, 'trop_agb_crit': 9.362115196011851, 'trop_k_veg': 1.7428926895756522, 'fuel_k': 0.22110352596486765, 'fuel_half': 0.3335026483569958}.
[I 2026-07-22 18:59:16,913] Trial 2398 finished with values: [-0.7496396040119266, 0.045428780725650486] and parameters: {'k1': 0.006033623633620595, 'D_low': 1.7887890916820506, 'k2': 0.0002958993090345125, 'D_high': 1153182.3436959793, 'fire_exp': 8.791426299948917, 'P_half': 7.890004262668578, 'pre_dampen_half': 33.71909132517388, 'gpp_af': 0.25562996323356013, 'gpp_b': 0.0054502936945582505, 'gpp_d': 6.91394869865762, 'ign_k': 0.5131654955148324, 'ign_c': 14.452451441203314, 'trop_agb_crit': 10.719494362768906, 'trop_k_veg': 2.3408809609838257, 'fuel_k': 1.1820218758583807, 'fuel_half': 0.3335026483569958}.
[I 2026-07-22 18:59:17,355] Trial 2399 finished with values: [10.339708984450889, 10.339708984450889] and parameters: {'k1': 0.0003199177539819797, 'D_low': 726.7761028313123, 'k2': 0.0009562822793888481, 'D_high': 1681956.433827372, 'fire_exp': 3.9865235442286613, 'P_half': 368.9245780146773, 'pre_dampen_half': 3.9885726374014694, 'gpp_af': 0.001063083501897379, 'gpp_b': 1.1698276136056565e-05, 'gpp_d': 58.858544453955275, 'ign_k': 3.284529979576942, 'ign_c': 11.40086370112731, 'trop_agb_crit': 28.412323986638135, 'trop_k_veg': 4.652411057214522, 'fuel_k': 3.6992394681929355, 'fuel_half': 0.3335026483569958}.
[I 2026-07-22 18:59:17,782] Trial 2400 finished with values: [10.768811541804748, 10.768811541804748] and parameters: {'k1': 0.052334804885400876, 'D_low': 43336.859870642715, 'k2': 0.0015619842555557898, 'D_high': 316055.11434645456, 'fire_exp': 8.791426299948917, 'P_half': 7.890004262668578, 'pre_dampen_half': 3.9885726374014694, 'gpp_af': 0.015350904103515228, 'gpp_b': 1.1698276136056565e-05, 'gpp_d': 6.91394869865762, 'ign_k': 0.0018443923112705257, 'ign_c': 116.42874016369647, 'trop_agb_crit': 9.362115196011851, 'trop_k_veg': 7.063879971757455, 'fuel_k': 3.6992394681929355, 'fuel_half': 0.3335026483569958}.
[I 2026-07-22 18:59:18,219] Trial 2401 finished with values: [10.647061132604124, 10.647061132604124] and parameters: {'k1': 0.052334804885400876, 'D_low': 1.7887890916820506, 'k2': 0.00010089430320527378, 'D_high': 316055.11434645456, 'fire_exp': 3.9865235442286613, 'P_half': 7.890004262668578, 'pre_dampen_half': 3.9885726374014694, 'gpp_af': 0.015350904103515228, 'gpp_b': 1.1698276136056565e-05, 'gpp_d': 58.858544453955275, 'ign_k': 0.5131654955148324, 'ign_c': 14.452451441203314, 'trop_agb_crit': 9.362115196011851, 'trop_k_veg': 7.26254292602904, 'fuel_k': 3.6992394681929355, 'fuel_half': 0.47684363915653316}.
[I 2026-07-22 18:59:18,644] Trial 2402 finished with values: [10.707091854014772, 10.707091854014772] and parameters: {'k1': 0.052334804885400876, 'D_low': 8454.098152188677, 'k2': 0.00010089430320527378, 'D_high': 31789.341102462382, 'fire_exp': 7.089507362101403, 'P_half': 7.890004262668578, 'pre_dampen_half': 3.9885726374014694, 'gpp_af': 0.0022992297821705253, 'gpp_b': 3.936122422430193e-05, 'gpp_d': 6.91394869865762, 'ign_k': 0.5131654955148324, 'ign_c': 14.452451441203314, 'trop_agb_crit': 10.719494362768906, 'trop_k_veg': 0.6921865222804094, 'fuel_k': 3.6992394681929355, 'fuel_half': 0.3335026483569958}.
[I 2026-07-22 18:59:19,066] Trial 2403 finished with values: [-0.76074189288205, 0.05474769610410912] and parameters: {'k1': 0.052334804885400876, 'D_low': 8454.098152188677, 'k2': 0.002342238625792905, 'D_high': 491767.54451411933, 'fire_exp': 8.791426299948917, 'P_half': 7.890004262668578, 'pre_dampen_half': 3.9885726374014694, 'gpp_af': 0.015350904103515228, 'gpp_b': 3.936122422430193e-05, 'gpp_d': 6.91394869865762, 'ign_k': 4.59148521674054, 'ign_c': 14.452451441203314, 'trop_agb_crit': 9.362115196011851, 'trop_k_veg': 1.7428926895756522, 'fuel_k': 3.6992394681929355, 'fuel_half': 0.3335026483569958}.
[I 2026-07-22 18:59:19,489] Trial 2404 finished with values: [-0.7635605637238263, 0.05270786927429438] and parameters: {'k1': 0.052334804885400876, 'D_low': 8454.098152188677, 'k2': 0.0007081721844034209, 'D_high': 316055.11434645456, 'fire_exp': 8.791426299948917, 'P_half': 7.890004262668578, 'pre_dampen_half': 3.9885726374014694, 'gpp_af': 0.015350904103515228, 'gpp_b': 3.936122422430193e-05, 'gpp_d': 6.91394869865762, 'ign_k': 3.284529979576942, 'ign_c': 14.452451441203314, 'trop_agb_crit': 20.205002815711154, 'trop_k_veg': 5.677586309173081, 'fuel_k': 3.6992394681929355, 'fuel_half': 0.3335026483569958}.
[I 2026-07-22 18:59:19,915] Trial 2405 finished with values: [10.769219792579763, 10.769219792579763] and parameters: {'k1': 0.052334804885400876, 'D_low': 1.7887890916820506, 'k2': 2.1698375693549493e-05, 'D_high': 316055.11434645456, 'fire_exp': 3.9865235442286613, 'P_half': 7.890004262668578, 'pre_dampen_half': 0.4016986062226068, 'gpp_af': 0.015350904103515228, 'gpp_b': 0.32395296139551655, 'gpp_d': 6.91394869865762, 'ign_k': 3.284529979576942, 'ign_c': 14.452451441203314, 'trop_agb_crit': 20.205002815711154, 'trop_k_veg': 7.26254292602904, 'fuel_k': 3.204249205987706, 'fuel_half': 0.47684363915653316}.
[I 2026-07-22 18:59:20,341] Trial 2406 finished with values: [-0.7799512212714033, 0.1116246421645487] and parameters: {'k1': 0.0010745342325948497, 'D_low': 1.7887890916820506, 'k2': 2.1698375693549493e-05, 'D_high': 708572.1663941594, 'fire_exp': 8.791426299948917, 'P_half': 9.324787201197319, 'pre_dampen_half': 3.9885726374014694, 'gpp_af': 0.25562996323356013, 'gpp_b': 3.936122422430193e-05, 'gpp_d': 103.51668595616543, 'ign_k': 0.5131654955148324, 'ign_c': 14.452451441203314, 'trop_agb_crit': 9.362115196011851, 'trop_k_veg': 2.417028380770307, 'fuel_k': 3.6992394681929355, 'fuel_half': 0.3335026483569958}.
[I 2026-07-22 18:59:20,786] Trial 2407 finished with values: [10.766236050929505, 10.766236050929505] and parameters: {'k1': 0.052334804885400876, 'D_low': 8454.098152188677, 'k2': 0.00010089430320527378, 'D_high': 12824.734954604766, 'fire_exp': 7.089507362101403, 'P_half': 7.890004262668578, 'pre_dampen_half': 3.9885726374014694, 'gpp_af': 0.015350904103515228, 'gpp_b': 3.936122422430193e-05, 'gpp_d': 6.91394869865762, 'ign_k': 0.8015297379101401, 'ign_c': 14.452451441203314, 'trop_agb_crit': 10.719494362768906, 'trop_k_veg': 2.3408809609838257, 'fuel_k': 3.6992394681929355, 'fuel_half': 0.3335026483569958}.
[I 2026-07-22 18:59:21,209] Trial 2408 finished with values: [-0.7667441850655864, 0.0458980521556418] and parameters: {'k1': 0.052334804885400876, 'D_low': 8454.098152188677, 'k2': 0.0007081721844034209, 'D_high': 708572.1663941594, 'fire_exp': 8.791426299948917, 'P_half': 7.890004262668578, 'pre_dampen_half': 3.9885726374014694, 'gpp_af': 0.015350904103515228, 'gpp_b': 3.936122422430193e-05, 'gpp_d': 6.91394869865762, 'ign_k': 0.8015297379101401, 'ign_c': 14.452451441203314, 'trop_agb_crit': 9.362115196011851, 'trop_k_veg': 5.677586309173081, 'fuel_k': 3.6992394681929355, 'fuel_half': 0.3335026483569958}.
[I 2026-07-22 18:59:21,629] Trial 2409 finished with values: [-0.7505516946419006, 0.16366082415945526] and parameters: {'k1': 0.052334804885400876, 'D_low': 8454.098152188677, 'k2': 0.002342238625792905, 'D_high': 580966.5602369158, 'fire_exp': 7.089507362101403, 'P_half': 9.324787201197319, 'pre_dampen_half': 3.9885726374014694, 'gpp_af': 0.25562996323356013, 'gpp_b': 2.17298367740724e-05, 'gpp_d': 6.91394869865762, 'ign_k': 0.8015297379101401, 'ign_c': 14.452451441203314, 'trop_agb_crit': 20.205002815711154, 'trop_k_veg': 1.7428926895756522, 'fuel_k': 3.6992394681929355, 'fuel_half': 0.3335026483569958}.
[I 2026-07-22 18:59:22,054] Trial 2410 finished with values: [-0.7228314456710236, 0.137297134125421] and parameters: {'k1': 0.052334804885400876, 'D_low': 1.7887890916820506, 'k2': 2.1698375693549493e-05, 'D_high': 580966.5602369158, 'fire_exp': 7.089507362101403, 'P_half': 7.890004262668578, 'pre_dampen_half': 3.9885726374014694, 'gpp_af': 0.25562996323356013, 'gpp_b': 3.936122422430193e-05, 'gpp_d': 6.91394869865762, 'ign_k': 0.5131654955148324, 'ign_c': 14.452451441203314, 'trop_agb_crit': 10.719494362768906, 'trop_k_veg': 0.6921865222804094, 'fuel_k': 3.6992394681929355, 'fuel_half': 0.3335026483569958}.
[I 2026-07-22 18:59:22,476] Trial 2411 finished with values: [10.064136364009125, 10.064136364009125] and parameters: {'k1': 0.052334804885400876, 'D_low': 8454.098152188677, 'k2': 3.6416489055088315e-05, 'D_high': 708572.1663941594, 'fire_exp': 8.791426299948917, 'P_half': 7.890004262668578, 'pre_dampen_half': 3.9885726374014694, 'gpp_af': 0.015350904103515228, 'gpp_b': 1.7565109007473816e-05, 'gpp_d': 6.91394869865762, 'ign_k': 0.4837599308501509, 'ign_c': 14.452451441203314, 'trop_agb_crit': 9.362115196011851, 'trop_k_veg': 2.094772457111161, 'fuel_k': 3.6992394681929355, 'fuel_half': 0.3335026483569958}.
[I 2026-07-22 18:59:22,903] Trial 2412 finished with values: [10.47451974723989, 10.47451974723989] and parameters: {'k1': 0.0003199177539819797, 'D_low': 8454.098152188677, 'k2': 0.0030331587438598416, 'D_high': 316055.11434645456, 'fire_exp': 2.0165721691808587, 'P_half': 931.1352087161449, 'pre_dampen_half': 3.9885726374014694, 'gpp_af': 0.12243451886824051, 'gpp_b': 0.01736771891291939, 'gpp_d': 135.99933935738707, 'ign_k': 3.284529979576942, 'ign_c': 14.452451441203314, 'trop_agb_crit': 10.719494362768906, 'trop_k_veg': 2.417028380770307, 'fuel_k': 3.6992394681929355, 'fuel_half': 0.32476735706274484}.
[I 2026-07-22 18:59:23,321] Trial 2413 finished with values: [-0.709896814280192, 0.17258962860082383] and parameters: {'k1': 0.052334804885400876, 'D_low': 8454.098152188677, 'k2': 2.1698375693549493e-05, 'D_high': 316055.11434645456, 'fire_exp': 1.4787031773126458, 'P_half': 2.843767489444367, 'pre_dampen_half': 3.9885726374014694, 'gpp_af': 0.015350904103515228, 'gpp_b': 3.936122422430193e-05, 'gpp_d': 6.91394869865762, 'ign_k': 0.006024219667226309, 'ign_c': 14.452451441203314, 'trop_agb_crit': 5.707205898008383, 'trop_k_veg': 1.7428926895756522, 'fuel_k': 3.6992394681929355, 'fuel_half': 0.3335026483569958}.
