[I 2026-08-19 18:02:27,648] Trial 2116 finished with value: 0.6445374145881376 and parameters: {'k1': 0.010020348565311437, 'D_low': 7615.367920364379, 'k2': 0.00990579234691681, 'D_high': 1276120.4767120401, 'fire_exp': 1.1186858215312616, 'P_half': 3089.6750803784976, 'pre_dampen_half': 47.434384882802966, 'gpp_af': 0.09007286040860663, 'gpp_b': 1.7117491697126136e-05, 'gpp_d': 7.331662446155926, 'ign_k': 8.820299199280626, 'ign_c': 334.0584917001851, 'trop_agb_crit': 20.67981291584357, 'trop_k_veg': 4.740524673362577, 'pop_amp': 0.0016086102553787326, 'pop_peak': 102.15299863955063, 'pop_sig': 0.5791935124463685, 'fuel_k': 0.25414239187146387, 'fuel_half': 15.296596635532783}. Best is trial 1622 with value: -0.6125870653324885.
[I 2026-08-19 18:02:29,421] Trial 2117 finished with value: 0.5418396036139168 and parameters: {'k1': 0.00021595375218452217, 'D_low': 181.83309798367716, 'k2': 0.0017344329617589702, 'D_high': 8887086.816072108, 'fire_exp': 2.9167442679447997, 'P_half': 711.0272173099879, 'pre_dampen_half': 4.345567820358881, 'gpp_af': 0.38625500379045186, 'gpp_b': 0.0005245353375467678, 'gpp_d': 303.1200959737715, 'ign_k': 0.19017397197019298, 'ign_c': 0.20969709523363872, 'trop_agb_crit': 4.6578319480618235, 'trop_k_veg': 3.060813418190477, 'pop_amp': 1.4529926783197888, 'pop_peak': 1.3831868948946657, 'pop_sig': 0.4469534445693196, 'fuel_k': 0.05494844785396379, 'fuel_half': 0.24810200502252167}. Best is trial 1622 with value: -0.6125870653324885.
[I 2026-08-19 18:02:31,284] Trial 2118 finished with value: 0.5423421095325571 and parameters: {'k1': 0.0011316175387141025, 'D_low': 8.17470329048246, 'k2': 0.0033493296029228365, 'D_high': 500105.6879501607, 'fire_exp': 2.0104716096908186, 'P_half': 35.30086556191666, 'pre_dampen_half': 1.3435496572590462, 'gpp_af': 0.9363028990078845, 'gpp_b': 0.07475400255934442, 'gpp_d': 1.3175583202915193, 'ign_k': 0.020675307260367072, 'ign_c': 0.11587445189990261, 'trop_agb_crit': 12.073295640099586, 'trop_k_veg': 1.239652026857408, 'pop_amp': 1.7372554258264736, 'pop_peak': 19.33215636618339, 'pop_sig': 0.423862449847051, 'fuel_k': 1.188411082268885, 'fuel_half': 2.811036682130181}. Best is trial 1622 with value: -0.6125870653324885.
[I 2026-08-19 18:02:33,059] Trial 2119 finished with value: 0.6423810516979945 and parameters: {'k1': 0.0009063132774007467, 'D_low': 2501.851001715006, 'k2': 0.05800380726286744, 'D_high': 346.2933738507814, 'fire_exp': 1.280702154127151, 'P_half': 9.99105456539347, 'pre_dampen_half': 309.4246156232697, 'gpp_af': 50.91663647883356, 'gpp_b': 0.030002179131215424, 'gpp_d': 0.018536269388818406, 'ign_k': 0.0022597484724011935, 'ign_c': 20.04129026842379, 'trop_agb_crit': 1.283814204887919, 'trop_k_veg': 2.630282860902348, 'pop_amp': 0.07759669276013086, 'pop_peak': 5.225146186955639, 'pop_sig': 0.3646811207773748, 'fuel_k': 0.6602370734130878, 'fuel_half': 0.13392531412995154}. Best is trial 1622 with value: -0.6125870653324885.
  trial 2120/2500  best_overall=0.6126  (64.2 min)
[I 2026-08-19 18:02:35,417] Trial 2120 finished with value: 0.5870980110023902 and parameters: {'k1': 0.00018121400037702788, 'D_low': 7255.073427122276, 'k2': 0.0004949206112556208, 'D_high': 5175062.343857725, 'fire_exp': 3.0281686123830225, 'P_half': 435.9995874003446, 'pre_dampen_half': 12.796458930098998, 'gpp_af': 0.020864522782726443, 'gpp_b': 0.006716640164988813, 'gpp_d': 37.717681552507266, 'ign_k': 0.037922514094155556, 'ign_c': 159.1044673151679, 'trop_agb_crit': 15.8804530816616, 'trop_k_veg': 2.5853697111727967, 'pop_amp': 0.0012200180892078805, 'pop_peak': 17.668111072179734, 'pop_sig': 0.7523515746288949, 'fuel_k': 3.0292509204698708, 'fuel_half': 2.002391187139837}. Best is trial 1622 with value: -0.6125870653324885.
[I 2026-08-19 18:02:37,277] Trial 2121 finished with value: 0.6476928647943742 and parameters: {'k1': 0.0021533421791627917, 'D_low': 2.952753341939103, 'k2': 0.001963157090687123, 'D_high': 2538173.5897497237, 'fire_exp': 4.077304874361481, 'P_half': 8.967652526146916, 'pre_dampen_half': 0.3291970587275885, 'gpp_af': 0.6038399611824943, 'gpp_b': 0.00020091304358978756, 'gpp_d': 1.3983841378598005, 'ign_k': 3.3895584133623173, 'ign_c': 37.119916604960316, 'trop_agb_crit': 3.5239722917915057, 'trop_k_veg': 5.415110444589271, 'pop_amp': 0.10401837602026633, 'pop_peak': 530.4897449141127, 'pop_sig': 1.0500207887024733, 'fuel_k': 0.18055945595117887, 'fuel_half': 0.5968147075472241}. Best is trial 1622 with value: -0.6125870653324885.
[I 2026-08-19 18:02:39,162] Trial 2122 finished with value: 0.5980117738476902 and parameters: {'k1': 0.00034799387403174395, 'D_low': 4.617048287194078, 'k2': 0.01778831415729041, 'D_high': 884467.3079014866, 'fire_exp': 6.878737802356794, 'P_half': 63.615476436957906, 'pre_dampen_half': 15.694861175375577, 'gpp_af': 0.0034723465547194104, 'gpp_b': 0.0018135225722114205, 'gpp_d': 462.2259514926402, 'ign_k': 0.00989140153316187, 'ign_c': 1.728795280235449, 'trop_agb_crit': 18.25117718634728, 'trop_k_veg': 2.7971675730859693, 'pop_amp': 0.0010079625013824057, 'pop_peak': 0.14191241008999636, 'pop_sig': 0.5422648021604008, 'fuel_k': 3.821693190391784, 'fuel_half': 0.8437794004534379}. Best is trial 1622 with value: -0.6125870653324885.
[I 2026-08-19 18:02:41,056] Trial 2123 finished with value: 0.597156735400102 and parameters: {'k1': 0.013150517307450814, 'D_low': 1146.0334490158546, 'k2': 0.0007673114933401619, 'D_high': 1719.191967279652, 'fire_exp': 1.2060855191860669, 'P_half': 427.2194464303252, 'pre_dampen_half': 17.02101263967377, 'gpp_af': 0.004334963525956105, 'gpp_b': 1.5532904017882715e-05, 'gpp_d': 400.34627406582524, 'ign_k': 1.5993395406154605, 'ign_c': 6.824695972604887, 'trop_agb_crit': 23.062270102122664, 'trop_k_veg': 2.901413573286873, 'pop_amp': 0.006069565847446599, 'pop_peak': 58.74015325184147, 'pop_sig': 0.4431235591252936, 'fuel_k': 0.013701605999301631, 'fuel_half': 5.876774481202954}. Best is trial 1622 with value: -0.6125870653324885.
[I 2026-08-19 18:02:42,878] Trial 2124 finished with value: 0.48043298495715514 and parameters: {'k1': 0.009277835740420447, 'D_low': 1.0717657934033753, 'k2': 0.0007687104213371686, 'D_high': 8920851.80092392, 'fire_exp': 9.629056116976308, 'P_half': 17.671195328556074, 'pre_dampen_half': 4.5999662169764814, 'gpp_af': 0.39149289754830924, 'gpp_b': 0.000897081602996044, 'gpp_d': 1.841435190491534, 'ign_k': 4.685225128566943, 'ign_c': 13.017497396544037, 'trop_agb_crit': 2.5787837228306563, 'trop_k_veg': 2.722135147981672, 'pop_amp': 0.0025719137279831506, 'pop_peak': 32.317652489537316, 'pop_sig': 1.4243447009035144, 'fuel_k': 1.646134629982879, 'fuel_half': 0.17132772027439294}. Best is trial 1622 with value: -0.6125870653324885.
[I 2026-08-19 18:02:44,662] Trial 2125 finished with value: 0.4917810091952085 and parameters: {'k1': 0.00803547531858481, 'D_low': 2162.651974500324, 'k2': 0.0003487868486504552, 'D_high': 2592981.9031262575, 'fire_exp': 1.453338402896687, 'P_half': 111.23993722158157, 'pre_dampen_half': 0.21495811279819485, 'gpp_af': 0.08860643238434131, 'gpp_b': 0.07035006091354809, 'gpp_d': 2.715581402476513, 'ign_k': 1.3253118835431255, 'ign_c': 0.13689767591726268, 'trop_agb_crit': 4.3140242328159815, 'trop_k_veg': 3.2926665503968318, 'pop_amp': 0.00891538463888866, 'pop_peak': 0.05195458773452329, 'pop_sig': 0.26352115412187144, 'fuel_k': 3.478651347524243, 'fuel_half': 0.5108485176452651}. Best is trial 1622 with value: -0.6125870653324885.
[I 2026-08-19 18:02:46,470] Trial 2126 finished with value: 0.6437452894960474 and parameters: {'k1': 0.00045390301340743366, 'D_low': 254052.99929732346, 'k2': 0.027693054371930835, 'D_high': 202180.06257521658, 'fire_exp': 1.4089667014904943, 'P_half': 18.124919503395592, 'pre_dampen_half': 0.2975486368001164, 'gpp_af': 5.734811049423979, 'gpp_b': 0.014792729623659096, 'gpp_d': 14.062351791344708, 'ign_k': 3.5922746139376565, 'ign_c': 0.25214505689231803, 'trop_agb_crit': 5.556106598258103, 'trop_k_veg': 1.8516096191404563, 'pop_amp': 0.014384275683595085, 'pop_peak': 10.888832084914364, 'pop_sig': 0.325750239104163, 'fuel_k': 3.3241242197336156, 'fuel_half': 0.39151765112917525}. Best is trial 1622 with value: -0.6125870653324885.
[I 2026-08-19 18:02:48,272] Trial 2127 finished with value: -0.5840249020774875 and parameters: {'k1': 0.004187708065988442, 'D_low': 7600.0743555300005, 'k2': 0.002975734201956076, 'D_high': 829966.863996032, 'fire_exp': 2.92641842042858, 'P_half': 59.64895971181254, 'pre_dampen_half': 2.2804903652040847, 'gpp_af': 0.06570570340390937, 'gpp_b': 9.068647872677509e-05, 'gpp_d': 9.3919267100065, 'ign_k': 1.5937099633532996, 'ign_c': 0.5983049419880391, 'trop_agb_crit': 1.1749034795365918, 'trop_k_veg': 2.8679203495938217, 'pop_amp': 0.0031638607932154917, 'pop_peak': 6.090204649944687, 'pop_sig': 0.2589438180888711, 'fuel_k': 2.661508077771857, 'fuel_half': 0.4232483228978003}. Best is trial 1622 with value: -0.6125870653324885.
[I 2026-08-19 18:02:50,057] Trial 2128 finished with value: 0.6022719879348946 and parameters: {'k1': 0.0005029999263782189, 'D_low': 85.85820459713511, 'k2': 0.020637432532181046, 'D_high': 6994.621638353742, 'fire_exp': 1.443686358056848, 'P_half': 675.7605353304136, 'pre_dampen_half': 0.5861071614354265, 'gpp_af': 0.0029890133201643694, 'gpp_b': 0.8780493447620823, 'gpp_d': 15.171404349804131, 'ign_k': 0.8419372774558394, 'ign_c': 0.12113325632655235, 'trop_agb_crit': 26.33859571043842, 'trop_k_veg': 4.891817994303084, 'pop_amp': 0.00885865806759078, 'pop_peak': 9.707193100122991, 'pop_sig': 0.30729591351744895, 'fuel_k': 1.282502495842789, 'fuel_half': 0.14543032231422348}. Best is trial 1622 with value: -0.6125870653324885.
[I 2026-08-19 18:02:51,896] Trial 2129 finished with value: 0.4538173589220673 and parameters: {'k1': 0.00016398014696831695, 'D_low': 1.653888875666756, 'k2': 0.0143030397435766, 'D_high': 648974.8198916946, 'fire_exp': 1.4030927167117848, 'P_half': 10.315216399062633, 'pre_dampen_half': 11.641901995808073, 'gpp_af': 4.26449061596868, 'gpp_b': 0.006054547843990325, 'gpp_d': 5.620980191193419, 'ign_k': 0.2648939178684919, 'ign_c': 1.3265188774598742, 'trop_agb_crit': 2.026026606798306, 'trop_k_veg': 3.826501135168522, 'pop_amp': 0.001024796428668169, 'pop_peak': 59.479476051063756, 'pop_sig': 0.5644559749248717, 'fuel_k': 0.04625146701824445, 'fuel_half': 44.32149330358196}. Best is trial 1622 with value: -0.6125870653324885.
[I 2026-08-19 18:02:53,674] Trial 2130 finished with value: 0.6445374145881376 and parameters: {'k1': 1.8070076917167115e-05, 'D_low': 2528.1127058601096, 'k2': 0.00040617625780601054, 'D_high': 1247573.0284709819, 'fire_exp': 2.151955989245066, 'P_half': 5.4863543822922765, 'pre_dampen_half': 14.356632728804872, 'gpp_af': 0.6736076593183302, 'gpp_b': 0.028720982765169194, 'gpp_d': 37.1984373824451, 'ign_k': 0.2862514751691945, 'ign_c': 103.87864643326212, 'trop_agb_crit': 6.793301682860278, 'trop_k_veg': 4.653965830096373, 'pop_amp': 0.00797749219867056, 'pop_peak': 0.7700649379648596, 'pop_sig': 0.7056576038481492, 'fuel_k': 0.9721181038245352, 'fuel_half': 0.1678975561541327}. Best is trial 1622 with value: -0.6125870653324885.
  trial 2131/2500  best_overall=0.6126  (64.5 min)
[I 2026-08-19 18:02:55,923] Trial 2131 finished with value: 0.46564425443576263 and parameters: {'k1': 0.021296717968763923, 'D_low': 3636.9182181687916, 'k2': 0.005378170081332897, 'D_high': 3913611.766435115, 'fire_exp': 1.585595992293327, 'P_half': 44.474041402714334, 'pre_dampen_half': 835.7231260532353, 'gpp_af': 0.04233661278316513, 'gpp_b': 0.003412892585132913, 'gpp_d': 4.8980279390682755, 'ign_k': 3.2725180906278903, 'ign_c': 1.8840079588432201, 'trop_agb_crit': 20.171796541053368, 'trop_k_veg': 2.027161224598062, 'pop_amp': 0.001518238893052816, 'pop_peak': 776.3744649907678, 'pop_sig': 0.49501310678839494, 'fuel_k': 0.03558440875699953, 'fuel_half': 1.0136941103425978}. Best is trial 1622 with value: -0.6125870653324885.
[I 2026-08-19 18:02:57,768] Trial 2132 finished with value: 0.6445374145881376 and parameters: {'k1': 0.00897574619018268, 'D_low': 59.24941458561244, 'k2': 0.04812054848642888, 'D_high': 6534700.930573479, 'fire_exp': 4.45013509808681, 'P_half': 78.69459453542049, 'pre_dampen_half': 18.852091326874746, 'gpp_af': 0.04203252892533666, 'gpp_b': 1.1433264867500486e-05, 'gpp_d': 30.14962320199588, 'ign_k': 2.3586906139635504, 'ign_c': 98.66688674812686, 'trop_agb_crit': 4.3869319135130285, 'trop_k_veg': 2.6575502943388165, 'pop_amp': 0.2102455573034034, 'pop_peak': 52.13195231265144, 'pop_sig': 1.9867762798795625, 'fuel_k': 0.03408302970143551, 'fuel_half': 0.3746020346380528}. Best is trial 1622 with value: -0.6125870653324885.
[I 2026-08-19 18:02:59,530] Trial 2133 finished with value: 0.5930539815815952 and parameters: {'k1': 0.0005624150591513743, 'D_low': 15690.758681774822, 'k2': 0.0002134077051118515, 'D_high': 11448.679727762978, 'fire_exp': 1.4856101947001166, 'P_half': 1292.8771347206493, 'pre_dampen_half': 0.36464305512479667, 'gpp_af': 0.17410141152976852, 'gpp_b': 0.010038786031451077, 'gpp_d': 8.516666960968648, 'ign_k': 0.06623074296028164, 'ign_c': 1.527069839839777, 'trop_agb_crit': 2.3088502050911606, 'trop_k_veg': 3.945230559748908, 'pop_amp': 0.5806090687106207, 'pop_peak': 0.2942221457207842, 'pop_sig': 1.4919301226423096, 'fuel_k': 0.033717589619356905, 'fuel_half': 43.96389602522967}. Best is trial 1622 with value: -0.6125870653324885.
[I 2026-08-19 18:03:01,342] Trial 2134 finished with value: 0.6445374145881376 and parameters: {'k1': 0.004623441811076858, 'D_low': 2940.226645947728, 'k2': 0.0003041300356292345, 'D_high': 7642947.170282709, 'fire_exp': 2.128461185578616, 'P_half': 304.9179792350909, 'pre_dampen_half': 80.94804481101232, 'gpp_af': 2.1767968189338234, 'gpp_b': 0.002505257928896641, 'gpp_d': 44.79150968857683, 'ign_k': 3.671088143733884, 'ign_c': 620.4384305166246, 'trop_agb_crit': 22.394325198515435, 'trop_k_veg': 3.395015209949421, 'pop_amp': 0.001355601855179097, 'pop_peak': 6.859529604370819, 'pop_sig': 0.7330062152067296, 'fuel_k': 0.3864213360187311, 'fuel_half': 10.254520102793494}. Best is trial 1622 with value: -0.6125870653324885.
[I 2026-08-19 18:03:03,176] Trial 2135 finished with value: -0.5698268202165392 and parameters: {'k1': 0.00035053550396874235, 'D_low': 17514.10193213591, 'k2': 0.0009640857491602597, 'D_high': 1210141.7939221887, 'fire_exp': 1.2175503988314413, 'P_half': 39.149085015514736, 'pre_dampen_half': 0.40959427685528166, 'gpp_af': 0.3660810310834954, 'gpp_b': 0.0025720152571573965, 'gpp_d': 86.56279643279355, 'ign_k': 1.2235225443555, 'ign_c': 0.23911050283459093, 'trop_agb_crit': 15.68339553574145, 'trop_k_veg': 3.069255199481911, 'pop_amp': 0.5200282600376109, 'pop_peak': 0.16534486382672509, 'pop_sig': 0.2961108242937568, 'fuel_k': 1.9767564611693964, 'fuel_half': 0.14718690516920574}. Best is trial 1622 with value: -0.6125870653324885.
[I 2026-08-19 18:03:04,944] Trial 2136 finished with value: 0.5095681265948323 and parameters: {'k1': 0.0033946926926257475, 'D_low': 3.960677308833748, 'k2': 0.010974639134264476, 'D_high': 421910.98602725094, 'fire_exp': 7.055440019331648, 'P_half': 12.130224131049662, 'pre_dampen_half': 4.371394465517082, 'gpp_af': 0.042955381843777125, 'gpp_b': 0.005808016068162564, 'gpp_d': 824.0789174340455, 'ign_k': 0.09079667740998747, 'ign_c': 0.3842845145263094, 'trop_agb_crit': 27.447428422201494, 'trop_k_veg': 1.921840713086562, 'pop_amp': 0.0036203877729682494, 'pop_peak': 0.3873441643694959, 'pop_sig': 0.4518662674921514, 'fuel_k': 1.3883553510941085, 'fuel_half': 0.1188254227910285}. Best is trial 1622 with value: -0.6125870653324885.
[I 2026-08-19 18:03:06,804] Trial 2137 finished with value: 0.5322874403006399 and parameters: {'k1': 0.007451280828947567, 'D_low': 551.5075196505123, 'k2': 0.0007657513047250442, 'D_high': 393151.27177742845, 'fire_exp': 2.385978953317805, 'P_half': 1.3005470277794071, 'pre_dampen_half': 7.1727281741665365, 'gpp_af': 0.08074904681412905, 'gpp_b': 0.0003331395770117013, 'gpp_d': 172.5744351570165, 'ign_k': 0.1191758867506924, 'ign_c': 0.7221684847574072, 'trop_agb_crit': 2.754496533482971, 'trop_k_veg': 0.5796676691585404, 'pop_amp': 4.634097788177808, 'pop_peak': 4.6864924073872585, 'pop_sig': 0.5885564026807298, 'fuel_k': 0.20981189311174775, 'fuel_half': 0.30319503942651216}. Best is trial 1622 with value: -0.6125870653324885.
[I 2026-08-19 18:03:08,632] Trial 2138 finished with value: 0.46560325624591237 and parameters: {'k1': 0.0006512219723942439, 'D_low': 81.57102394419998, 'k2': 0.0030366583548849606, 'D_high': 906119.3502744748, 'fire_exp': 1.8005896332968325, 'P_half': 129.37674541110212, 'pre_dampen_half': 0.05227831417285256, 'gpp_af': 0.22158596972472427, 'gpp_b': 0.0006318056688204406, 'gpp_d': 10.714494465585739, 'ign_k': 0.8042286807476994, 'ign_c': 0.41342666041816717, 'trop_agb_crit': 26.69567000715523, 'trop_k_veg': 4.13684811931247, 'pop_amp': 0.00980145766763417, 'pop_peak': 1.926918812113483, 'pop_sig': 0.27233751045630833, 'fuel_k': 2.228951703262229, 'fuel_half': 0.29690399946128887}. Best is trial 1622 with value: -0.6125870653324885.
[I 2026-08-19 18:03:10,438] Trial 2139 finished with value: 0.5763947359488034 and parameters: {'k1': 0.0012238456534504824, 'D_low': 1.1999703415995824, 'k2': 0.00013642408397186481, 'D_high': 4734583.144071292, 'fire_exp': 4.0244249895703845, 'P_half': 33.52875693870398, 'pre_dampen_half': 0.034417212779926196, 'gpp_af': 0.11688155395756972, 'gpp_b': 0.0018336870141335481, 'gpp_d': 20.44768109820066, 'ign_k': 0.001616090323215732, 'ign_c': 0.49643149531464126, 'trop_agb_crit': 4.405151123226576, 'trop_k_veg': 1.8933874099933656, 'pop_amp': 5.680256354838041, 'pop_peak': 16.683577765790933, 'pop_sig': 0.639609704578636, 'fuel_k': 0.1894730626968138, 'fuel_half': 1.3062699600692125}. Best is trial 1622 with value: -0.6125870653324885.
[I 2026-08-19 18:03:12,419] Trial 2140 finished with value: 0.531227901767372 and parameters: {'k1': 0.00017225837723515685, 'D_low': 632.9041002974518, 'k2': 0.020208035674472935, 'D_high': 4837.668553433256, 'fire_exp': 1.8321661209071474, 'P_half': 590.8885872939118, 'pre_dampen_half': 80.13699298595671, 'gpp_af': 0.19117867954201329, 'gpp_b': 0.0006484023359353587, 'gpp_d': 162.2138919469896, 'ign_k': 6.9958658818925334, 'ign_c': 0.5080508352652826, 'trop_agb_crit': 8.204223792835405, 'trop_k_veg': 5.141433029283672, 'pop_amp': 0.0533766390575745, 'pop_peak': 5.693055795575434, 'pop_sig': 0.2784543510036567, 'fuel_k': 5.709089059389708, 'fuel_half': 0.10991611748626333}. Best is trial 1622 with value: -0.6125870653324885.
[I 2026-08-19 18:03:14,625] Trial 2141 finished with value: 0.5694826650545891 and parameters: {'k1': 0.0025878699928594904, 'D_low': 32.43146473804836, 'k2': 0.00010337744731863857, 'D_high': 9762728.750749826, 'fire_exp': 5.211592955370029, 'P_half': 8.38182307662367, 'pre_dampen_half': 0.0787496058945042, 'gpp_af': 0.33448585596495767, 'gpp_b': 0.0024635200288436877, 'gpp_d': 4.020983006158473, 'ign_k': 0.04187423476890978, 'ign_c': 6.209795657207105, 'trop_agb_crit': 5.700327416608097, 'trop_k_veg': 0.6592557653970164, 'pop_amp': 5.488458279726575, 'pop_peak': 76.42723663484958, 'pop_sig': 0.8701537999860623, 'fuel_k': 0.02867661799363327, 'fuel_half': 0.9701639296090788}. Best is trial 1622 with value: -0.6125870653324885.
  trial 2142/2500  best_overall=0.6126  (64.8 min)
[I 2026-08-19 18:03:17,428] Trial 2142 finished with value: 0.5240919530990145 and parameters: {'k1': 0.00019315590596185423, 'D_low': 1.250422429046637, 'k2': 7.570505676326621e-05, 'D_high': 976464.7272561156, 'fire_exp': 1.7666443541961991, 'P_half': 2.2104350267169095, 'pre_dampen_half': 36.426408954078155, 'gpp_af': 0.034123157559686416, 'gpp_b': 0.013867239319428262, 'gpp_d': 500.4509001424036, 'ign_k': 0.009372182193629279, 'ign_c': 2.379331250993425, 'trop_agb_crit': 4.433078362278714, 'trop_k_veg': 7.1627595030644695, 'pop_amp': 0.058299478641811946, 'pop_peak': 5.546782416898777, 'pop_sig': 0.8259473501125191, 'fuel_k': 0.2806148901585412, 'fuel_half': 0.12924051269337214}. Best is trial 1622 with value: -0.6125870653324885.
[I 2026-08-19 18:03:19,623] Trial 2143 finished with value: 0.6020800512167066 and parameters: {'k1': 3.539919422680987e-05, 'D_low': 8.273950761031807, 'k2': 0.0023794971008497573, 'D_high': 70124.95375379606, 'fire_exp': 4.365861313782185, 'P_half': 107.56816118177716, 'pre_dampen_half': 9.463968408327618, 'gpp_af': 3.086446583952836, 'gpp_b': 0.0032355850043815962, 'gpp_d': 266.96773157615195, 'ign_k': 9.021175205851085, 'ign_c': 23.96654413571512, 'trop_agb_crit': 1.1629087068621542, 'trop_k_veg': 0.9216994179665962, 'pop_amp': 0.0015044299944506308, 'pop_peak': 0.20939918941263289, 'pop_sig': 0.831599934632659, 'fuel_k': 0.038628742798282094, 'fuel_half': 42.37105718605394}. Best is trial 1622 with value: -0.6125870653324885.
[I 2026-08-19 18:03:21,438] Trial 2144 finished with value: 0.5412068503094802 and parameters: {'k1': 0.050895958531027755, 'D_low': 1.058832197845973, 'k2': 4.103468792263394e-05, 'D_high': 85508.94799993737, 'fire_exp': 6.877783281631212, 'P_half': 1.382116503067842, 'pre_dampen_half': 10.382491239860062, 'gpp_af': 0.017382109800031947, 'gpp_b': 6.410823895087496e-05, 'gpp_d': 52.43650624581632, 'ign_k': 0.13791084933815373, 'ign_c': 5.297254379693731, 'trop_agb_crit': 4.629446886276509, 'trop_k_veg': 3.5668900713130305, 'pop_amp': 0.010104513402022357, 'pop_peak': 1.2550072194794608, 'pop_sig': 0.647095022686587, 'fuel_k': 0.280884594206951, 'fuel_half': 1.8650946685983276}. Best is trial 1622 with value: -0.6125870653324885.
