[I 2026-08-19 13:04:39,819] Trial 390 finished with values: [-0.48527709469243596, 0.0324200629969168] and parameters: {'k1': 0.00020329778470902634, 'D_low': 1368.9795993592197, 'k2': 0.0021608491389795734, 'D_high': 1661855.441285105, 'fire_exp': 1.1633452995374232, 'P_half': 267.2146013620241, 'pre_dampen_half': 0.10189118197357125, 'gpp_af': 0.41874665092828456, 'gpp_b': 0.004411400434514031, 'gpp_d': 1.0088237648985734, 'ign_k': 0.3818468247973969, 'ign_c': 0.5110256715654393, 'trop_agb_crit': 28.49245476864681, 'trop_k_veg': 5.691473319778836, 'pop_amp': 0.0021433490423168255, 'pop_peak': 2.016436598480055, 'pop_sig': 0.4663206866626952, 'fuel_k': 1.3626356448811705, 'fuel_half': 1.683458881839943}.
  trial  391/2500  pareto_size=25  best_ilamb=0.6094  (19.0 min)
[I 2026-08-19 13:04:45,723] Trial 391 finished with values: [-0.41177468515655324, 2.2966681223479668e-08] and parameters: {'k1': 0.0008020503059027807, 'D_low': 2.1309331861011747, 'k2': 0.0002191739661157602, 'D_high': 24493.271671328574, 'fire_exp': 1.1633452995374232, 'P_half': 1265.0580856641704, 'pre_dampen_half': 0.1922572998567411, 'gpp_af': 0.01942738928156656, 'gpp_b': 0.004411400434514031, 'gpp_d': 3.032712462969173, 'ign_k': 0.17320535908244444, 'ign_c': 89.12611835816996, 'trop_agb_crit': 14.188434224699876, 'trop_k_veg': 0.6719347333876377, 'pop_amp': 11.72926995754655, 'pop_peak': 0.2017438358845408, 'pop_sig': 0.4663206866626952, 'fuel_k': 0.01288448573983209, 'fuel_half': 1.683458881839943}.
[I 2026-08-19 13:04:50,279] Trial 392 finished with values: [-0.4126334150216383, 5.705583927539948e-07] and parameters: {'k1': 0.0004846497679219079, 'D_low': 15150.361381456718, 'k2': 0.0002001342062287998, 'D_high': 1124534.1807254362, 'fire_exp': 1.8713074096420792, 'P_half': 1265.0580856641704, 'pre_dampen_half': 0.2571419084734534, 'gpp_af': 0.11134482360128048, 'gpp_b': 3.1906667956153174, 'gpp_d': 108.18665579547857, 'ign_k': 9.162638829638215, 'ign_c': 6.0816733722841345, 'trop_agb_crit': 3.544180417534903, 'trop_k_veg': 0.5443513380244235, 'pop_amp': 5.682850415992685, 'pop_peak': 0.05281056279423359, 'pop_sig': 1.804482856986987, 'fuel_k': 0.9199338799678547, 'fuel_half': 11.935199796901877}.
[I 2026-08-19 13:04:54,264] Trial 393 finished with values: [-0.4135138054915918, 4.147717391767003e-09] and parameters: {'k1': 1.844951990812239e-05, 'D_low': 15150.361381456718, 'k2': 6.340140860251457e-05, 'D_high': 1124534.1807254362, 'fire_exp': 1.8713074096420792, 'P_half': 229.5739821454948, 'pre_dampen_half': 0.2571419084734534, 'gpp_af': 0.0028701881471957036, 'gpp_b': 3.1906667956153174, 'gpp_d': 108.18665579547857, 'ign_k': 6.32338195106678, 'ign_c': 6.0816733722841345, 'trop_agb_crit': 3.544180417534903, 'trop_k_veg': 2.246382792334124, 'pop_amp': 0.04874366481145617, 'pop_peak': 0.17274196344453516, 'pop_sig': 1.804482856986987, 'fuel_k': 0.6763941362086655, 'fuel_half': 11.935199796901877}.
[I 2026-08-19 13:04:57,008] Trial 394 finished with values: [-0.41543114493096917, 6.971305962288898e-05] and parameters: {'k1': 0.09372580613581186, 'D_low': 2.400213216646464, 'k2': 0.0019856031481305684, 'D_high': 1124534.1807254362, 'fire_exp': 5.197864628432944, 'P_half': 10.436686039715203, 'pre_dampen_half': 0.2571419084734534, 'gpp_af': 0.18737227240512885, 'gpp_b': 0.05825704883392061, 'gpp_d': 118.26972885708257, 'ign_k': 0.04439802552990466, 'ign_c': 12.366924205139131, 'trop_agb_crit': 23.606263788786194, 'trop_k_veg': 6.972354563243685, 'pop_amp': 0.04874366481145617, 'pop_peak': 162.62551614461097, 'pop_sig': 0.330998558182406, 'fuel_k': 0.11148299766359336, 'fuel_half': 0.3497028715561063}.
[I 2026-08-19 13:04:59,927] Trial 395 finished with values: [-0.41535035729155406, 0.0012796996371488012] and parameters: {'k1': 0.0029070516815839368, 'D_low': 12.215073856450005, 'k2': 0.0003856302813879373, 'D_high': 24493.271671328574, 'fire_exp': 1.1633452995374232, 'P_half': 8894.151386481904, 'pre_dampen_half': 0.2571419084734534, 'gpp_af': 0.13402388198950174, 'gpp_b': 0.0004837646996135023, 'gpp_d': 118.26972885708257, 'ign_k': 9.162638829638215, 'ign_c': 12.366924205139131, 'trop_agb_crit': 3.544180417534903, 'trop_k_veg': 2.5052470616811733, 'pop_amp': 0.029228481237926353, 'pop_peak': 2.016436598480055, 'pop_sig': 1.804482856986987, 'fuel_k': 0.11148299766359336, 'fuel_half': 17.890117928710357}.
[I 2026-08-19 13:05:05,122] Trial 396 finished with values: [-0.4320856330574404, 0.004178089817642894] and parameters: {'k1': 2.9693357731296325e-05, 'D_low': 1.6569065206637925, 'k2': 0.0002191739661157602, 'D_high': 1661855.441285105, 'fire_exp': 1.3796609641485171, 'P_half': 6281.776703992854, 'pre_dampen_half': 1.8469033699850426, 'gpp_af': 0.41874665092828456, 'gpp_b': 0.008968044580295738, 'gpp_d': 118.26972885708257, 'ign_k': 0.17320535908244444, 'ign_c': 12.366924205139131, 'trop_agb_crit': 14.188434224699876, 'trop_k_veg': 5.453348988480011, 'pop_amp': 0.029228481237926353, 'pop_peak': 2.016436598480055, 'pop_sig': 2.4100357112052566, 'fuel_k': 1.3626356448811705, 'fuel_half': 1.7918446176734728}.
  trial  397/2500  pareto_size=26  best_ilamb=0.6094  (19.4 min)
[I 2026-08-19 13:05:10,329] Trial 397 finished with values: [-0.3554625854118624, 0.0] and parameters: {'k1': 4.042960692360327e-05, 'D_low': 1.6569065206637925, 'k2': 9.861808369679773e-05, 'D_high': 290855.8180038407, 'fire_exp': 1.0824018381500955, 'P_half': 190.35256770834567, 'pre_dampen_half': 64.90728279563943, 'gpp_af': 2.0540519425388455, 'gpp_b': 0.0011284712324279547, 'gpp_d': 127.72812100441641, 'ign_k': 0.17320535908244444, 'ign_c': 243.11355106292382, 'trop_agb_crit': 17.69486533706496, 'trop_k_veg': 1.0647361790645862, 'pop_amp': 10.985330528057915, 'pop_peak': 0.22068324240460466, 'pop_sig': 0.42382971672762476, 'fuel_k': 0.6153584041797165, 'fuel_half': 14.458046248526905}.
[I 2026-08-19 13:05:15,483] Trial 398 finished with values: [-0.38227509713374347, 0.00041788791289065763] and parameters: {'k1': 0.05217998579193211, 'D_low': 12209.759899626932, 'k2': 0.0002191739661157602, 'D_high': 24493.271671328574, 'fire_exp': 1.1633452995374232, 'P_half': 5.59983195169599, 'pre_dampen_half': 0.4153327541909818, 'gpp_af': 0.13402388198950174, 'gpp_b': 0.011108675282673156, 'gpp_d': 118.26972885708257, 'ign_k': 9.162638829638215, 'ign_c': 27.70002555743451, 'trop_agb_crit': 3.544180417534903, 'trop_k_veg': 2.5052470616811733, 'pop_amp': 0.04874366481145617, 'pop_peak': 2.016436598480055, 'pop_sig': 0.8521762792373568, 'fuel_k': 0.031920021302777095, 'fuel_half': 3.762618192460745}.
[I 2026-08-19 13:05:19,308] Trial 399 finished with values: [-0.4090153212948944, 1.3915202323744325e-11] and parameters: {'k1': 0.0004846497679219079, 'D_low': 2.1309331861011747, 'k2': 0.0002001342062287998, 'D_high': 24493.271671328574, 'fire_exp': 1.8678802571070678, 'P_half': 1.332700437360483, 'pre_dampen_half': 1.8469033699850426, 'gpp_af': 0.11134482360128048, 'gpp_b': 0.004411400434514031, 'gpp_d': 3.032712462969173, 'ign_k': 0.17320535908244444, 'ign_c': 89.12611835816996, 'trop_agb_crit': 13.763560673020894, 'trop_k_veg': 0.6719347333876377, 'pop_amp': 0.008683934086503814, 'pop_peak': 0.05281056279423359, 'pop_sig': 0.7824044734208029, 'fuel_k': 0.9199338799678547, 'fuel_half': 2.01596048776016}.
[I 2026-08-19 13:05:22,468] Trial 400 finished with values: [-0.38493043476364364, 4.36358515987223e-09] and parameters: {'k1': 4.042960692360327e-05, 'D_low': 1368.9795993592197, 'k2': 9.861808369679773e-05, 'D_high': 577.4987726789047, 'fire_exp': 7.856097010829145, 'P_half': 267.2146013620241, 'pre_dampen_half': 65.77017096798056, 'gpp_af': 24.20071425273804, 'gpp_b': 0.0011284712324279547, 'gpp_d': 63.84398027045259, 'ign_k': 0.009935023909063692, 'ign_c': 0.8916066514644356, 'trop_agb_crit': 1.542823384648628, 'trop_k_veg': 0.8084202024508578, 'pop_amp': 0.0021433490423168255, 'pop_peak': 1.421337820414783, 'pop_sig': 0.5314193463179775, 'fuel_k': 0.27631890369709744, 'fuel_half': 5.430507564500919}.
[I 2026-08-19 13:05:28,364] Trial 401 finished with values: [-0.4544423216975777, 0.03480947127671963] and parameters: {'k1': 0.0004846497679219079, 'D_low': 1.6569065206637925, 'k2': 0.0002001342062287998, 'D_high': 102159.03721716054, 'fire_exp': 1.3796609641485171, 'P_half': 1636.5290600718067, 'pre_dampen_half': 1.8469033699850426, 'gpp_af': 0.11134482360128048, 'gpp_b': 1.788789091682049e-05, 'gpp_d': 118.26972885708257, 'ign_k': 9.162638829638215, 'ign_c': 12.366924205139131, 'trop_agb_crit': 3.544180417534903, 'trop_k_veg': 0.5443513380244235, 'pop_amp': 1.1210609886194807, 'pop_peak': 0.05281056279423359, 'pop_sig': 0.4663206866626952, 'fuel_k': 0.5260631478628153, 'fuel_half': 1.7895437790635824}.
  trial  402/2500  pareto_size=27  best_ilamb=0.6094  (19.8 min)
[I 2026-08-19 13:05:34,467] Trial 402 finished with values: [-0.39033497368089937, 1.2212453270876722e-15] and parameters: {'k1': 9.67404566214593e-05, 'D_low': 286.06841726052676, 'k2': 6.340140860251457e-05, 'D_high': 1819372.4578178402, 'fire_exp': 4.3161213924316595, 'P_half': 229.5739821454948, 'pre_dampen_half': 0.2571419084734534, 'gpp_af': 0.0028701881471957036, 'gpp_b': 1.624829724391053, 'gpp_d': 108.18665579547857, 'ign_k': 9.162638829638215, 'ign_c': 6.0816733722841345, 'trop_agb_crit': 1.4383685371489123, 'trop_k_veg': 3.754644404143055, 'pop_amp': 0.024891633080683897, 'pop_peak': 1.884221947092994, 'pop_sig': 0.9904669476016459, 'fuel_k': 3.640039183945803, 'fuel_half': 0.10355826161899183}.
[I 2026-08-19 13:05:39,280] Trial 403 finished with values: [-0.42627817953850355, 0.0007092591768940171] and parameters: {'k1': 1.844951990812239e-05, 'D_low': 27972.024228472703, 'k2': 0.0019856031481305684, 'D_high': 1124534.1807254362, 'fire_exp': 1.3796609641485171, 'P_half': 8894.151386481904, 'pre_dampen_half': 0.7465571739720183, 'gpp_af': 24.20071425273804, 'gpp_b': 0.262066851092946, 'gpp_d': 650.4921701204659, 'ign_k': 9.162638829638215, 'ign_c': 12.366924205139131, 'trop_agb_crit': 3.544180417534903, 'trop_k_veg': 0.8084202024508578, 'pop_amp': 0.029228481237926353, 'pop_peak': 0.17274196344453516, 'pop_sig': 1.804482856986987, 'fuel_k': 0.022805907608636752, 'fuel_half': 17.890117928710357}.
[I 2026-08-19 13:05:42,344] Trial 404 finished with values: [-0.4135013598983157, 0.00041485159319831766] and parameters: {'k1': 2.9693357731296325e-05, 'D_low': 1.6569065206637925, 'k2': 0.0018588694009815867, 'D_high': 24493.271671328574, 'fire_exp': 1.3796609641485171, 'P_half': 6281.776703992854, 'pre_dampen_half': 0.19178468277006322, 'gpp_af': 0.41874665092828456, 'gpp_b': 0.004411400434514031, 'gpp_d': 1.0088237648985734, 'ign_k': 0.006418208309987481, 'ign_c': 0.4177928311636542, 'trop_agb_crit': 3.544180417534903, 'trop_k_veg': 5.453348988480011, 'pop_amp': 0.029228481237926353, 'pop_peak': 2.016436598480055, 'pop_sig': 0.4663206866626952, 'fuel_k': 1.3626356448811705, 'fuel_half': 1.7918446176734728}.
[I 2026-08-19 13:05:46,953] Trial 405 finished with values: [-0.39658583973897, 6.160484233852515e-08] and parameters: {'k1': 0.0029070516815839368, 'D_low': 1.6569065206637925, 'k2': 0.0002001342062287998, 'D_high': 24493.271671328574, 'fire_exp': 6.464773756830049, 'P_half': 1265.0580856641704, 'pre_dampen_half': 1.8469033699850426, 'gpp_af': 0.13402388198950174, 'gpp_b': 1.788789091682049e-05, 'gpp_d': 0.050654860639753524, 'ign_k': 0.002879700348528891, 'ign_c': 12.366924205139131, 'trop_agb_crit': 2.6689615974393592, 'trop_k_veg': 2.5052470616811733, 'pop_amp': 0.008683934086503814, 'pop_peak': 0.05281056279423359, 'pop_sig': 0.4663206866626952, 'fuel_k': 0.9199338799678547, 'fuel_half': 1.7895437790635824}.
[I 2026-08-19 13:05:49,818] Trial 406 finished with values: [-0.5252402560661198, 0.052852641057232086] and parameters: {'k1': 5.7909642338812115e-05, 'D_low': 1.6569065206637925, 'k2': 3.077180271250682e-05, 'D_high': 9355.38060645217, 'fire_exp': 1.1633452995374232, 'P_half': 1265.0580856641704, 'pre_dampen_half': 0.19674328025306115, 'gpp_af': 2.0540519425388455, 'gpp_b': 0.004411400434514031, 'gpp_d': 3.9841905944346854, 'ign_k': 7.107346698112278, 'ign_c': 0.4177928311636542, 'trop_agb_crit': 5.179114975574383, 'trop_k_veg': 4.288672925586801, 'pop_amp': 10.985330528057915, 'pop_peak': 2.016436598480055, 'pop_sig': 0.4663206866626952, 'fuel_k': 3.640039183945803, 'fuel_half': 0.18427970406864538}.
  trial  407/2500  pareto_size=29  best_ilamb=0.6094  (20.2 min)
[I 2026-08-19 13:05:54,185] Trial 407 finished with values: [-0.4675926477472796, 0.05681718841246097] and parameters: {'k1': 1.844951990812239e-05, 'D_low': 27972.024228472703, 'k2': 0.0019856031481305684, 'D_high': 1124534.1807254362, 'fire_exp': 1.3796609641485171, 'P_half': 1636.5290600718067, 'pre_dampen_half': 65.77017096798056, 'gpp_af': 10.714274008073195, 'gpp_b': 0.0011284712324279547, 'gpp_d': 118.26972885708257, 'ign_k': 9.162638829638215, 'ign_c': 12.366924205139131, 'trop_agb_crit': 3.544180417534903, 'trop_k_veg': 5.691473319778836, 'pop_amp': 0.04874366481145617, 'pop_peak': 0.17274196344453516, 'pop_sig': 1.804482856986987, 'fuel_k': 0.11148299766359336, 'fuel_half': 17.890117928710357}.
[I 2026-08-19 13:05:58,229] Trial 408 finished with values: [-0.4099568299729415, 4.129697825905332e-05] and parameters: {'k1': 0.09372580613581186, 'D_low': 2.400213216646464, 'k2': 3.077180271250682e-05, 'D_high': 6543576.946931886, 'fire_exp': 6.454675979546216, 'P_half': 10.436686039715203, 'pre_dampen_half': 0.19674328025306115, 'gpp_af': 0.11134482360128048, 'gpp_b': 0.05825704883392061, 'gpp_d': 8.347790852520644, 'ign_k': 0.04439802552990466, 'ign_c': 0.13492881864712067, 'trop_agb_crit': 27.05166881899929, 'trop_k_veg': 6.972354563243685, 'pop_amp': 0.008683934086503814, 'pop_peak': 4.557885026195722, 'pop_sig': 1.528568913478884, 'fuel_k': 4.04437775870989, 'fuel_half': 4.4738315353908655}.
[I 2026-08-19 13:06:03,647] Trial 409 finished with values: [-0.3554625854118624, 0.0] and parameters: {'k1': 0.0029070516815839368, 'D_low': 1.6569065206637925, 'k2': 0.0002001342062287998, 'D_high': 24493.271671328574, 'fire_exp': 1.8678802571070678, 'P_half': 1.4915922954285188, 'pre_dampen_half': 4.412509669839992, 'gpp_af': 0.41874665092828456, 'gpp_b': 0.620439464939785, 'gpp_d': 976.4961889396907, 'ign_k': 0.3818468247973969, 'ign_c': 89.12611835816996, 'trop_agb_crit': 14.188434224699876, 'trop_k_veg': 0.5443513380244235, 'pop_amp': 0.008683934086503814, 'pop_peak': 286.20780896012474, 'pop_sig': 0.6339869673360993, 'fuel_k': 1.3626356448811705, 'fuel_half': 1.7895437790635824}.
[I 2026-08-19 13:06:07,682] Trial 410 finished with values: [-0.39850010158020377, 6.556931664292165e-10] and parameters: {'k1': 0.0008020503059027807, 'D_low': 2.1309331861011747, 'k2': 0.0002191739661157602, 'D_high': 478.49186871472983, 'fire_exp': 5.881565436248893, 'P_half': 1265.0580856641704, 'pre_dampen_half': 0.4153327541909818, 'gpp_af': 0.13402388198950174, 'gpp_b': 0.011108675282673156, 'gpp_d': 3.032712462969173, 'ign_k': 0.002879700348528891, 'ign_c': 27.70002555743451, 'trop_agb_crit': 14.188434224699876, 'trop_k_veg': 0.6719347333876377, 'pop_amp': 11.72926995754655, 'pop_peak': 5.866350595696869, 'pop_sig': 0.8521762792373568, 'fuel_k': 0.01288448573983209, 'fuel_half': 1.683458881839943}.
[I 2026-08-19 13:06:11,840] Trial 411 finished with values: [-0.4234528437243921, 0.0001556228676590221] and parameters: {'k1': 1.844951990812239e-05, 'D_low': 6293.732112193172, 'k2': 0.0067445742055710165, 'D_high': 5109990.03526815, 'fire_exp': 3.7695400350033266, 'P_half': 267.2146013620241, 'pre_dampen_half': 0.10189118197357125, 'gpp_af': 0.053663001820106804, 'gpp_b': 9.67374839440457e-05, 'gpp_d': 118.26972885708257, 'ign_k': 0.45791923103229365, 'ign_c': 25.49454588329708, 'trop_agb_crit': 28.49245476864681, 'trop_k_veg': 5.691473319778836, 'pop_amp': 0.0034369873301918173, 'pop_peak': 456.60279198301936, 'pop_sig': 1.8528333992769594, 'fuel_k': 0.11148299766359336, 'fuel_half': 5.940545235233705}.
  trial  412/2500  pareto_size=28  best_ilamb=0.6094  (20.5 min)
[I 2026-08-19 13:06:15,360] Trial 412 finished with values: [-0.41838565958200863, 0.022870212022760406] and parameters: {'k1': 4.929552311643645e-05, 'D_low': 50340.563942871704, 'k2': 0.018912782917023876, 'D_high': 9355.38060645217, 'fire_exp': 1.0824018381500955, 'P_half': 4337.920697490941, 'pre_dampen_half': 0.7465571739720183, 'gpp_af': 2.0540519425388455, 'gpp_b': 0.0007417652034871827, 'gpp_d': 3.9841905944346854, 'ign_k': 0.43129510236174595, 'ign_c': 0.5488047000766043, 'trop_agb_crit': 3.544180417534903, 'trop_k_veg': 2.968382718115938, 'pop_amp': 10.985330528057915, 'pop_peak': 352.89806695809773, 'pop_sig': 0.9904669476016459, 'fuel_k': 3.640039183945803, 'fuel_half': 0.18427970406864538}.
[I 2026-08-19 13:06:18,269] Trial 413 finished with values: [-0.41569871276092635, 2.8821819217927924e-06] and parameters: {'k1': 0.0004846497679219079, 'D_low': 1.6569065206637925, 'k2': 0.0032792262899971644, 'D_high': 24493.271671328574, 'fire_exp': 1.8678802571070678, 'P_half': 1265.0580856641704, 'pre_dampen_half': 0.2571419084734534, 'gpp_af': 0.11134482360128048, 'gpp_b': 0.3189249600851242, 'gpp_d': 0.050654860639753524, 'ign_k': 9.162638829638215, 'ign_c': 4.4716799012313055, 'trop_agb_crit': 3.544180417534903, 'trop_k_veg': 4.30392173391187, 'pop_amp': 0.008683934086503814, 'pop_peak': 503.7153440645595, 'pop_sig': 0.4663206866626952, 'fuel_k': 0.9199338799678547, 'fuel_half': 17.890117928710357}.
[I 2026-08-19 13:06:21,395] Trial 414 finished with values: [-0.43432450057395106, 0.0022602157190168004] and parameters: {'k1': 9.67404566214593e-05, 'D_low': 1368.9795993592197, 'k2': 6.340140860251457e-05, 'D_high': 1661855.441285105, 'fire_exp': 2.5321117364280843, 'P_half': 229.5739821454948, 'pre_dampen_half': 0.10189118197357125, 'gpp_af': 0.41874665092828456, 'gpp_b': 0.004411400434514031, 'gpp_d': 1.0088237648985734, 'ign_k': 9.162638829638215, 'ign_c': 0.5110256715654393, 'trop_agb_crit': 1.050713312531254, 'trop_k_veg': 5.691473319778836, 'pop_amp': 0.0021433490423168255, 'pop_peak': 1.884221947092994, 'pop_sig': 1.804482856986987, 'fuel_k': 3.250046746707412, 'fuel_half': 17.890117928710357}.
[I 2026-08-19 13:06:24,049] Trial 415 finished with values: [-0.39806789370945295, 1.9226793268600773e-08] and parameters: {'k1': 0.0007158031739371039, 'D_low': 1368.9795993592197, 'k2': 0.0021608491389795734, 'D_high': 1661855.441285105, 'fire_exp': 6.454675979546216, 'P_half': 267.2146013620241, 'pre_dampen_half': 4.412509669839992, 'gpp_af': 0.18737227240512885, 'gpp_b': 0.620439464939785, 'gpp_d': 117.2128156438701, 'ign_k': 0.025284086172415596, 'ign_c': 0.19678273362633986, 'trop_agb_crit': 28.49245476864681, 'trop_k_veg': 4.541505658710469, 'pop_amp': 0.0034369873301918173, 'pop_peak': 1.421337820414783, 'pop_sig': 1.0264911386548754, 'fuel_k': 0.27631890369709744, 'fuel_half': 1.7918446176734728}.
[I 2026-08-19 13:06:27,526] Trial 416 finished with values: [-0.4054365237999201, 7.474021401776554e-12] and parameters: {'k1': 0.0029070516815839368, 'D_low': 1.6569065206637925, 'k2': 0.0003856302813879373, 'D_high': 6543576.946931886, 'fire_exp': 6.464773756830049, 'P_half': 8894.151386481904, 'pre_dampen_half': 0.2571419084734534, 'gpp_af': 0.18737227240512885, 'gpp_b': 0.0004837646996135023, 'gpp_d': 0.16294786031575217, 'ign_k': 0.04439802552990466, 'ign_c': 12.366924205139131, 'trop_agb_crit': 2.6689615974393592, 'trop_k_veg': 6.972354563243685, 'pop_amp': 0.029228481237926353, 'pop_peak': 4.557885026195722, 'pop_sig': 1.804482856986987, 'fuel_k': 2.8606142106392465, 'fuel_half': 17.890117928710357}.
[I 2026-08-19 13:06:31,328] Trial 417 finished with values: [-0.4035836408863278, 3.989064634168926e-11] and parameters: {'k1': 5.7909642338812115e-05, 'D_low': 82151.19893998209, 'k2': 0.015763894361785387, 'D_high': 24493.271671328574, 'fire_exp': 1.8713074096420792, 'P_half': 1265.0580856641704, 'pre_dampen_half': 1.8469033699850426, 'gpp_af': 0.0028701881471957036, 'gpp_b': 3.1906667956153174, 'gpp_d': 1.0088237648985734, 'ign_k': 6.32338195106678, 'ign_c': 0.4177928311636542, 'trop_agb_crit': 1.8566494291193822, 'trop_k_veg': 2.246382792334124, 'pop_amp': 5.682850415992685, 'pop_peak': 2.016436598480055, 'pop_sig': 0.4663206866626952, 'fuel_k': 0.6153584041797165, 'fuel_half': 1.683458881839943}.
[I 2026-08-19 13:06:35,307] Trial 418 finished with values: [-0.4991082558292891, 0.08124659538326384] and parameters: {'k1': 2.9693357731296325e-05, 'D_low': 1.6569065206637925, 'k2': 0.0021608491389795734, 'D_high': 1661855.441285105, 'fire_exp': 1.1633452995374232, 'P_half': 8.171825567718656, 'pre_dampen_half': 0.11487464956437043, 'gpp_af': 0.41874665092828456, 'gpp_b': 0.004411400434514031, 'gpp_d': 1.0088237648985734, 'ign_k': 0.3818468247973969, 'ign_c': 0.5110256715654393, 'trop_agb_crit': 28.49245476864681, 'trop_k_veg': 5.691473319778836, 'pop_amp': 0.029228481237926353, 'pop_peak': 503.7153440645595, 'pop_sig': 0.4663206866626952, 'fuel_k': 1.3626356448811705, 'fuel_half': 1.683458881839943}.
  trial  419/2500  pareto_size=27  best_ilamb=0.6094  (20.9 min)
[I 2026-08-19 13:06:39,145] Trial 419 finished with values: [-0.3554625854118624, 0.0] and parameters: {'k1': 0.006117912981900519, 'D_low': 716328.9063135319, 'k2': 9.861808369679773e-05, 'D_high': 577.4987726789047, 'fire_exp': 6.454675979546216, 'P_half': 6220.327170121322, 'pre_dampen_half': 1.3202414283299975, 'gpp_af': 24.20071425273804, 'gpp_b': 0.0011284712324279547, 'gpp_d': 8.347790852520644, 'ign_k': 0.0027703009300353663, 'ign_c': 243.11355106292382, 'trop_agb_crit': 7.989010737426477, 'trop_k_veg': 0.8084202024508578, 'pop_amp': 0.0034369873301918173, 'pop_peak': 4.557885026195722, 'pop_sig': 1.0424917012813995, 'fuel_k': 0.27631890369709744, 'fuel_half': 14.458046248526905}.
