[I 2026-08-05 23:35:12,695] Trial 1305 finished with values: [-0.5986956967082483, 0.21255951905912873] and parameters: {'k1': 0.008956420301712053, 'D_low': 9.882278532808778, 'k2': 0.08894151386481904, 'D_high': 633.1166646948959, 'fire_exp': 1.010722707674549, 'P_half': 12.808863354047988, 'pre_dampen_half': 304.7488318185732, 'gpp_af': 0.0021836613912815635, 'gpp_b': 7.402343469704428e-05, 'gpp_d': 368.30088529547436, 'ign_k': 8.761971101023693, 'ign_c': 8.671454322584175}.
[I 2026-08-05 23:35:13,663] Trial 1306 finished with values: [-0.6055271776774601, 0.2514530221171165] and parameters: {'k1': 0.06415745702132086, 'D_low': 2.1234210963705626, 'k2': 0.08894151386481904, 'D_high': 984.0626059011972, 'fire_exp': 1.1044852285094786, 'P_half': 13.019246714361572, 'pre_dampen_half': 304.7488318185732, 'gpp_af': 0.001339466259146302, 'gpp_b': 7.402343469704428e-05, 'gpp_d': 5.878566318396007, 'ign_k': 8.761971101023693, 'ign_c': 8.671454322584175}.
[I 2026-08-05 23:35:14,621] Trial 1307 finished with values: [10.635989407981189, 10.635989407981189] and parameters: {'k1': 0.06415745702132086, 'D_low': 18.89739291279832, 'k2': 0.01278916609981651, 'D_high': 18.258480425922784, 'fire_exp': 1.1258453832483524, 'P_half': 13.019246714361572, 'pre_dampen_half': 304.7488318185732, 'gpp_af': 0.001339466259146302, 'gpp_b': 0.00012797528816608022, 'gpp_d': 5.878566318396007, 'ign_k': 0.34703605955441524, 'ign_c': 8.918355390301986}.
[I 2026-08-05 23:35:15,572] Trial 1308 finished with values: [10.012692366222936, 10.012692366222936] and parameters: {'k1': 0.06415745702132086, 'D_low': 1.3628699025451325, 'k2': 0.00375241428659295, 'D_high': 2941.5751391396584, 'fire_exp': 1.1258453832483524, 'P_half': 13.019246714361572, 'pre_dampen_half': 703.6426675556048, 'gpp_af': 0.001339466259146302, 'gpp_b': 3.228689523591491e-05, 'gpp_d': 368.30088529547436, 'ign_k': 0.4902396944106615, 'ign_c': 0.9294394155644988}.
[I 2026-08-05 23:35:16,516] Trial 1309 finished with values: [-0.6209688821423403, 0.36559471024854406] and parameters: {'k1': 0.06415745702132086, 'D_low': 1.7807904329970783, 'k2': 0.0027431991397796683, 'D_high': 2941.5751391396584, 'fire_exp': 1.010722707674549, 'P_half': 10.226988730324324, 'pre_dampen_half': 304.7488318185732, 'gpp_af': 0.001339466259146302, 'gpp_b': 7.402343469704428e-05, 'gpp_d': 5.878566318396007, 'ign_k': 8.761971101023693, 'ign_c': 8.671454322584175}.
[I 2026-08-05 23:35:17,450] Trial 1310 finished with values: [10.607094260736421, 10.607094260736421] and parameters: {'k1': 0.025383218374507292, 'D_low': 9.882278532808778, 'k2': 0.04224251951471084, 'D_high': 2941.5751391396584, 'fire_exp': 1.1044852285094786, 'P_half': 25.49709775062068, 'pre_dampen_half': 0.04968517863427778, 'gpp_af': 0.5107061330406066, 'gpp_b': 7.402343469704428e-05, 'gpp_d': 368.30088529547436, 'ign_k': 5.9736167866478125, 'ign_c': 8.671454322584175}.
[I 2026-08-05 23:35:18,399] Trial 1311 finished with values: [-0.5944604989215643, 0.2778235419520364] and parameters: {'k1': 0.06415745702132086, 'D_low': 12.492307509390828, 'k2': 0.001347977766751687, 'D_high': 2941.5751391396584, 'fire_exp': 1.1258453832483524, 'P_half': 105.53846463525653, 'pre_dampen_half': 304.7488318185732, 'gpp_af': 0.001339466259146302, 'gpp_b': 0.00012797528816608022, 'gpp_d': 368.30088529547436, 'ign_k': 8.761971101023693, 'ign_c': 0.9294394155644988}.
[I 2026-08-05 23:35:19,382] Trial 1312 finished with values: [10.767937876350812, 10.767937876350812] and parameters: {'k1': 0.06415745702132086, 'D_low': 2.1234210963705626, 'k2': 0.0027431991397796683, 'D_high': 440.94295721828615, 'fire_exp': 1.1258453832483524, 'P_half': 13.019246714361572, 'pre_dampen_half': 703.6426675556048, 'gpp_af': 0.0021836613912815635, 'gpp_b': 0.6637926838138378, 'gpp_d': 857.4284557962634, 'ign_k': 0.029732958317875816, 'ign_c': 0.9294394155644988}.
[I 2026-08-05 23:35:20,319] Trial 1313 finished with values: [-0.5932533200038164, 0.4410411962823788] and parameters: {'k1': 0.06415745702132086, 'D_low': 9.882278532808778, 'k2': 0.00375241428659295, 'D_high': 1665.1532285161688, 'fire_exp': 1.1258453832483524, 'P_half': 13.019246714361572, 'pre_dampen_half': 304.7488318185732, 'gpp_af': 39.32173465243003, 'gpp_b': 1.0749238062021576e-05, 'gpp_d': 223.60515435267138, 'ign_k': 0.34703605955441524, 'ign_c': 8.671454322584175}.
[I 2026-08-05 23:35:21,246] Trial 1314 finished with values: [-0.6206445363597284, 0.30143753115904737] and parameters: {'k1': 0.016594187721123744, 'D_low': 1.4045842344024697, 'k2': 0.00375241428659295, 'D_high': 1665.1532285161688, 'fire_exp': 1.010722707674549, 'P_half': 13.019246714361572, 'pre_dampen_half': 304.7488318185732, 'gpp_af': 0.001339466259146302, 'gpp_b': 7.402343469704428e-05, 'gpp_d': 891.8036602897795, 'ign_k': 0.34703605955441524, 'ign_c': 2.4511692798424947}.
[I 2026-08-05 23:35:22,183] Trial 1315 finished with values: [-0.6248422632729435, 0.38071368366409153] and parameters: {'k1': 0.06415745702132086, 'D_low': 2.1234210963705626, 'k2': 0.08894151386481904, 'D_high': 2941.5751391396584, 'fire_exp': 1.1044852285094786, 'P_half': 10.226988730324324, 'pre_dampen_half': 304.7488318185732, 'gpp_af': 0.0021836613912815635, 'gpp_b': 7.402343469704428e-05, 'gpp_d': 0.16069682196977472, 'ign_k': 0.34703605955441524, 'ign_c': 0.3528113274684997}.
[I 2026-08-05 23:35:23,112] Trial 1316 finished with values: [-0.6110412882534794, 0.33370879019820054] and parameters: {'k1': 0.06415745702132086, 'D_low': 9.882278532808778, 'k2': 0.0027431991397796683, 'D_high': 1665.1532285161688, 'fire_exp': 1.010722707674549, 'P_half': 13.019246714361572, 'pre_dampen_half': 703.6426675556048, 'gpp_af': 0.001339466259146302, 'gpp_b': 3.481277316673104e-05, 'gpp_d': 368.30088529547436, 'ign_k': 0.4902396944106615, 'ign_c': 8.671454322584175}.
[I 2026-08-05 23:35:24,061] Trial 1317 finished with values: [10.509156185903656, 10.509156185903656] and parameters: {'k1': 0.06415745702132086, 'D_low': 1.4045842344024697, 'k2': 0.002298215566004573, 'D_high': 1665.1532285161688, 'fire_exp': 1.1044852285094786, 'P_half': 3974.965675011387, 'pre_dampen_half': 304.7488318185732, 'gpp_af': 0.0012856329182448095, 'gpp_b': 7.402343469704428e-05, 'gpp_d': 891.8036602897795, 'ign_k': 0.34703605955441524, 'ign_c': 3.0378658251922155}.
[I 2026-08-05 23:35:25,042] Trial 1318 finished with values: [10.756815614916, 10.756815614916] and parameters: {'k1': 0.0029707920514735983, 'D_low': 2.1234210963705626, 'k2': 0.00375241428659295, 'D_high': 2941.5751391396584, 'fire_exp': 1.1258453832483524, 'P_half': 13.019246714361572, 'pre_dampen_half': 703.6426675556048, 'gpp_af': 0.001339466259146302, 'gpp_b': 0.09610325935041866, 'gpp_d': 891.8036602897795, 'ign_k': 0.34703605955441524, 'ign_c': 0.9294394155644988}.
[I 2026-08-05 23:35:25,989] Trial 1319 finished with values: [10.305664346786026, 10.305664346786026] and parameters: {'k1': 0.06415745702132086, 'D_low': 1.4045842344024697, 'k2': 0.0027431991397796683, 'D_high': 2941.5751391396584, 'fire_exp': 1.010722707674549, 'P_half': 13.019246714361572, 'pre_dampen_half': 703.6426675556048, 'gpp_af': 65.61032228556527, 'gpp_b': 3.481277316673104e-05, 'gpp_d': 5.878566318396007, 'ign_k': 0.34703605955441524, 'ign_c': 0.9294394155644988}.
[I 2026-08-05 23:35:26,937] Trial 1320 finished with values: [10.679492441040024, 10.679492441040024] and parameters: {'k1': 0.025383218374507292, 'D_low': 1.4045842344024697, 'k2': 0.08894151386481904, 'D_high': 1665.1532285161688, 'fire_exp': 1.404276171936119, 'P_half': 13.019246714361572, 'pre_dampen_half': 107.40052367919465, 'gpp_af': 0.0021836613912815635, 'gpp_b': 0.011750724729953272, 'gpp_d': 891.8036602897795, 'ign_k': 0.34703605955441524, 'ign_c': 0.9294394155644988}.
[I 2026-08-05 23:35:28,264] Trial 1321 finished with values: [-0.6046516409966278, 0.2628227754673472] and parameters: {'k1': 0.06415745702132086, 'D_low': 12.492307509390828, 'k2': 0.03071666851587867, 'D_high': 2941.5751391396584, 'fire_exp': 1.1258453832483524, 'P_half': 10.226988730324324, 'pre_dampen_half': 159.77732284872855, 'gpp_af': 0.0021836613912815635, 'gpp_b': 0.00012797528816608022, 'gpp_d': 368.30088529547436, 'ign_k': 0.4702627143647234, 'ign_c': 17.40494815019437}.
[I 2026-08-05 23:35:29,199] Trial 1322 finished with values: [-0.6027754962673726, 0.2374441897722568] and parameters: {'k1': 0.06415745702132086, 'D_low': 2.1234210963705626, 'k2': 0.03071666851587867, 'D_high': 1665.1532285161688, 'fire_exp': 1.1258453832483524, 'P_half': 224.42820887784595, 'pre_dampen_half': 304.7488318185732, 'gpp_af': 0.0021836613912815635, 'gpp_b': 0.00012797528816608022, 'gpp_d': 368.30088529547436, 'ign_k': 0.4702627143647234, 'ign_c': 8.671454322584175}.
[I 2026-08-05 23:35:30,182] Trial 1323 finished with values: [-0.5713586622252278, 0.2689189225175972] and parameters: {'k1': 0.06415745702132086, 'D_low': 1.4045842344024697, 'k2': 0.05588430421438935, 'D_high': 1665.1532285161688, 'fire_exp': 1.010722707674549, 'P_half': 13.019246714361572, 'pre_dampen_half': 703.6426675556048, 'gpp_af': 0.0021836613912815635, 'gpp_b': 0.0009153552948098625, 'gpp_d': 891.8036602897795, 'ign_k': 0.34703605955441524, 'ign_c': 0.9294394155644988}.
[I 2026-08-05 23:35:31,130] Trial 1324 finished with values: [10.329186264147614, 10.329186264147614] and parameters: {'k1': 0.02641449645424223, 'D_low': 4.051452710153359, 'k2': 1.61819746743859e-05, 'D_high': 1665.1532285161688, 'fire_exp': 1.144329066180296, 'P_half': 12.808863354047988, 'pre_dampen_half': 703.6426675556048, 'gpp_af': 0.0021836613912815635, 'gpp_b': 7.402343469704428e-05, 'gpp_d': 0.011495884087462726, 'ign_k': 0.04733400761327903, 'ign_c': 8.671454322584175}.
[I 2026-08-05 23:35:32,079] Trial 1325 finished with values: [10.140139503527688, 10.140139503527688] and parameters: {'k1': 0.025383218374507292, 'D_low': 10.980728756907085, 'k2': 0.08894151386481904, 'D_high': 2941.5751391396584, 'fire_exp': 1.010722707674549, 'P_half': 13.019246714361572, 'pre_dampen_half': 304.7488318185732, 'gpp_af': 4.5092553051828705, 'gpp_b': 0.00012797528816608022, 'gpp_d': 891.8036602897795, 'ign_k': 0.9614686563869651, 'ign_c': 3.0378658251922155}.
[I 2026-08-05 23:35:33,028] Trial 1326 finished with values: [10.751291993701887, 10.751291993701887] and parameters: {'k1': 0.06415745702132086, 'D_low': 18.89739291279832, 'k2': 0.0027431991397796683, 'D_high': 2941.5751391396584, 'fire_exp': 1.010722707674549, 'P_half': 8417.601502819636, 'pre_dampen_half': 0.19171244775105253, 'gpp_af': 0.0021836613912815635, 'gpp_b': 7.402343469704428e-05, 'gpp_d': 891.8036602897795, 'ign_k': 0.34703605955441524, 'ign_c': 8.671454322584175}.
[I 2026-08-05 23:35:33,993] Trial 1327 finished with values: [10.765563459201058, 10.765563459201058] and parameters: {'k1': 0.06415745702132086, 'D_low': 2.1234210963705626, 'k2': 0.03071666851587867, 'D_high': 2941.5751391396584, 'fire_exp': 1.1258453832483524, 'P_half': 10.226988730324324, 'pre_dampen_half': 18.65834020040025, 'gpp_af': 0.009783362909802898, 'gpp_b': 0.6637926838138378, 'gpp_d': 857.4284557962634, 'ign_k': 0.029732958317875816, 'ign_c': 3.0378658251922155}.
[I 2026-08-05 23:35:34,991] Trial 1328 finished with values: [10.767530619779357, 10.767530619779357] and parameters: {'k1': 0.025383218374507292, 'D_low': 6.1642743507854245, 'k2': 0.0027431991397796683, 'D_high': 633.1166646948959, 'fire_exp': 3.675617025971904, 'P_half': 13.019246714361572, 'pre_dampen_half': 304.7488318185732, 'gpp_af': 0.0021836613912815635, 'gpp_b': 0.011750724729953272, 'gpp_d': 891.8036602897795, 'ign_k': 3.529389593576794, 'ign_c': 0.9294394155644988}.
[I 2026-08-05 23:35:35,955] Trial 1329 finished with values: [-0.6224403113123567, 0.33096668807755747] and parameters: {'k1': 0.06415745702132086, 'D_low': 1.4045842344024697, 'k2': 0.08894151386481904, 'D_high': 1665.1532285161688, 'fire_exp': 1.010722707674549, 'P_half': 13.019246714361572, 'pre_dampen_half': 304.7488318185732, 'gpp_af': 0.0021836613912815635, 'gpp_b': 7.402343469704428e-05, 'gpp_d': 891.8036602897795, 'ign_k': 0.34703605955441524, 'ign_c': 0.9294394155644988}.
[I 2026-08-05 23:35:36,909] Trial 1330 finished with values: [-0.617972962487763, 0.30035761177327813] and parameters: {'k1': 0.06415745702132086, 'D_low': 2.1234210963705626, 'k2': 0.00375241428659295, 'D_high': 1665.1532285161688, 'fire_exp': 1.1258453832483524, 'P_half': 10.226988730324324, 'pre_dampen_half': 304.7488318185732, 'gpp_af': 0.0021836613912815635, 'gpp_b': 7.402343469704428e-05, 'gpp_d': 223.60515435267138, 'ign_k': 0.34703605955441524, 'ign_c': 8.671454322584175}.
[I 2026-08-05 23:35:37,853] Trial 1331 finished with values: [-0.599016121352403, 0.22426109449241405] and parameters: {'k1': 0.025383218374507292, 'D_low': 6.1642743507854245, 'k2': 0.03071666851587867, 'D_high': 633.1166646948959, 'fire_exp': 1.010722707674549, 'P_half': 25.49709775062068, 'pre_dampen_half': 304.7488318185732, 'gpp_af': 0.0021836613912815635, 'gpp_b': 0.00012797528816608022, 'gpp_d': 891.8036602897795, 'ign_k': 3.529389593576794, 'ign_c': 0.9294394155644988}.
[I 2026-08-05 23:35:38,800] Trial 1332 finished with values: [10.00436830872614, 10.00436830872614] and parameters: {'k1': 0.06415745702132086, 'D_low': 71.73480907515082, 'k2': 0.0019386039125504583, 'D_high': 1665.1532285161688, 'fire_exp': 1.1258453832483524, 'P_half': 12.808863354047988, 'pre_dampen_half': 724.4804125761929, 'gpp_af': 39.32173465243003, 'gpp_b': 0.6637926838138378, 'gpp_d': 223.60515435267138, 'ign_k': 0.34703605955441524, 'ign_c': 8.671454322584175}.
[I 2026-08-05 23:35:39,764] Trial 1333 finished with values: [-0.6056143532389515, 0.2610865698660576] and parameters: {'k1': 0.06415745702132086, 'D_low': 1.4045842344024697, 'k2': 0.0027431991397796683, 'D_high': 1665.1532285161688, 'fire_exp': 1.404276171936119, 'P_half': 24.136213194527585, 'pre_dampen_half': 304.7488318185732, 'gpp_af': 0.0021836613912815635, 'gpp_b': 7.402343469704428e-05, 'gpp_d': 891.8036602897795, 'ign_k': 0.34703605955441524, 'ign_c': 8.671454322584175}.
[I 2026-08-05 23:35:40,759] Trial 1334 finished with values: [-0.6140910474458455, 0.2702603699276178] and parameters: {'k1': 0.06415745702132086, 'D_low': 6.1642743507854245, 'k2': 0.08894151386481904, 'D_high': 1665.1532285161688, 'fire_exp': 1.010722707674549, 'P_half': 271.7121699145744, 'pre_dampen_half': 304.7488318185732, 'gpp_af': 0.0055518823149351484, 'gpp_b': 7.402343469704428e-05, 'gpp_d': 891.8036602897795, 'ign_k': 3.529389593576794, 'ign_c': 0.9294394155644988}.
[I 2026-08-05 23:35:41,718] Trial 1335 finished with values: [10.052210005075816, 10.052210005075816] and parameters: {'k1': 0.0002500492108992787, 'D_low': 2.1234210963705626, 'k2': 0.08894151386481904, 'D_high': 984.0626059011972, 'fire_exp': 1.010722707674549, 'P_half': 25.49709775062068, 'pre_dampen_half': 304.7488318185732, 'gpp_af': 0.0021836613912815635, 'gpp_b': 7.402343469704428e-05, 'gpp_d': 5.878566318396007, 'ign_k': 0.4902396944106615, 'ign_c': 8.671454322584175}.
[I 2026-08-05 23:35:42,680] Trial 1336 finished with values: [10.686886360930885, 10.686886360930885] and parameters: {'k1': 0.06415745702132086, 'D_low': 9.882278532808778, 'k2': 0.08894151386481904, 'D_high': 2941.5751391396584, 'fire_exp': 1.151006986743773, 'P_half': 13.019246714361572, 'pre_dampen_half': 0.03719451708679172, 'gpp_af': 0.0021836613912815635, 'gpp_b': 7.402343469704428e-05, 'gpp_d': 891.8036602897795, 'ign_k': 8.761971101023693, 'ign_c': 0.3528113274684997}.
[I 2026-08-05 23:35:43,628] Trial 1337 finished with values: [10.696909414365443, 10.696909414365443] and parameters: {'k1': 0.025383218374507292, 'D_low': 6.1642743507854245, 'k2': 0.03071666851587867, 'D_high': 633.1166646948959, 'fire_exp': 1.1044852285094786, 'P_half': 24.136213194527585, 'pre_dampen_half': 0.05704717510936691, 'gpp_af': 0.5107061330406066, 'gpp_b': 0.011750724729953272, 'gpp_d': 368.30088529547436, 'ign_k': 0.4902396944106615, 'ign_c': 8.671454322584175}.
[I 2026-08-05 23:35:44,594] Trial 1338 finished with values: [-0.6152961715163826, 0.27826869245772934] and parameters: {'k1': 0.06415745702132086, 'D_low': 6.1642743507854245, 'k2': 0.03071666851587867, 'D_high': 1665.1532285161688, 'fire_exp': 1.1044852285094786, 'P_half': 24.136213194527585, 'pre_dampen_half': 304.7488318185732, 'gpp_af': 0.001339466259146302, 'gpp_b': 7.402343469704428e-05, 'gpp_d': 1.4794382088887477, 'ign_k': 0.34703605955441524, 'ign_c': 8.671454322584175}.
[I 2026-08-05 23:35:45,608] Trial 1339 finished with values: [-0.6171035356188554, 0.30230554893730543] and parameters: {'k1': 0.025383218374507292, 'D_low': 2.1234210963705626, 'k2': 0.03071666851587867, 'D_high': 984.0626059011972, 'fire_exp': 1.010722707674549, 'P_half': 10.226988730324324, 'pre_dampen_half': 304.7488318185732, 'gpp_af': 0.0021836613912815635, 'gpp_b': 3.228689523591491e-05, 'gpp_d': 5.878566318396007, 'ign_k': 0.4702627143647234, 'ign_c': 0.796650292267966}.
[I 2026-08-05 23:35:46,573] Trial 1340 finished with values: [10.051455245450903, 10.051455245450903] and parameters: {'k1': 0.025383218374507292, 'D_low': 6.1642743507854245, 'k2': 0.03071666851587867, 'D_high': 2941.5751391396584, 'fire_exp': 1.1044852285094786, 'P_half': 24.136213194527585, 'pre_dampen_half': 304.7488318185732, 'gpp_af': 0.017981805950824024, 'gpp_b': 0.011750724729953272, 'gpp_d': 891.8036602897795, 'ign_k': 3.529389593576794, 'ign_c': 8.671454322584175}.
[I 2026-08-05 23:35:47,528] Trial 1341 finished with values: [-0.6249915743330018, 0.3795743994102989] and parameters: {'k1': 0.06415745702132086, 'D_low': 9.882278532808778, 'k2': 0.03071666851587867, 'D_high': 2941.5751391396584, 'fire_exp': 1.1044852285094786, 'P_half': 10.226988730324324, 'pre_dampen_half': 703.6426675556048, 'gpp_af': 0.0021836613912815635, 'gpp_b': 7.402343469704428e-05, 'gpp_d': 368.30088529547436, 'ign_k': 0.4902396944106615, 'ign_c': 8.671454322584175}.
[I 2026-08-05 23:35:48,866] Trial 1342 finished with values: [-0.6066007255013095, 0.2720531852188588] and parameters: {'k1': 0.06415745702132086, 'D_low': 2.1234210963705626, 'k2': 0.03071666851587867, 'D_high': 984.0626059011972, 'fire_exp': 1.1044852285094786, 'P_half': 10.226988730324324, 'pre_dampen_half': 703.6426675556048, 'gpp_af': 0.001339466259146302, 'gpp_b': 7.402343469704428e-05, 'gpp_d': 368.30088529547436, 'ign_k': 0.4902396944106615, 'ign_c': 8.671454322584175}.
[I 2026-08-05 23:35:49,814] Trial 1343 finished with values: [-0.6190765558534412, 0.3569300963666794] and parameters: {'k1': 0.06415745702132086, 'D_low': 9.882278532808778, 'k2': 0.03071666851587867, 'D_high': 2941.5751391396584, 'fire_exp': 1.1258453832483524, 'P_half': 10.226988730324324, 'pre_dampen_half': 703.6426675556048, 'gpp_af': 0.001339466259146302, 'gpp_b': 7.402343469704428e-05, 'gpp_d': 368.30088529547436, 'ign_k': 0.4902396944106615, 'ign_c': 8.671454322584175}.
[I 2026-08-05 23:35:50,811] Trial 1344 finished with values: [-0.6178972282388255, 0.35441831096411225] and parameters: {'k1': 0.06415745702132086, 'D_low': 9.882278532808778, 'k2': 0.03071666851587867, 'D_high': 2941.5751391396584, 'fire_exp': 1.1258453832483524, 'P_half': 13.019246714361572, 'pre_dampen_half': 703.6426675556048, 'gpp_af': 0.0021836613912815635, 'gpp_b': 0.00012797528816608022, 'gpp_d': 5.878566318396007, 'ign_k': 8.761971101023693, 'ign_c': 8.671454322584175}.
[I 2026-08-05 23:35:51,773] Trial 1345 finished with values: [10.567485348511752, 10.567485348511752] and parameters: {'k1': 0.025383218374507292, 'D_low': 1.4045842344024697, 'k2': 0.08894151386481904, 'D_high': 25261.796445828073, 'fire_exp': 1.010722707674549, 'P_half': 13.019246714361572, 'pre_dampen_half': 107.40052367919465, 'gpp_af': 0.0021836613912815635, 'gpp_b': 0.011750724729953272, 'gpp_d': 891.8036602897795, 'ign_k': 5.9736167866478125, 'ign_c': 0.9294394155644988}.
[I 2026-08-05 23:35:52,721] Trial 1346 finished with values: [-0.6235187518500436, 0.3837912902210623] and parameters: {'k1': 0.06415745702132086, 'D_low': 2.1234210963705626, 'k2': 0.0027431991397796683, 'D_high': 2941.5751391396584, 'fire_exp': 1.1044852285094786, 'P_half': 10.226988730324324, 'pre_dampen_half': 304.7488318185732, 'gpp_af': 0.0021836613912815635, 'gpp_b': 7.402343469704428e-05, 'gpp_d': 5.878566318396007, 'ign_k': 0.4702627143647234, 'ign_c': 0.9294394155644988}.
[I 2026-08-05 23:35:53,686] Trial 1347 finished with values: [-0.6278807628109544, 0.37614323798656224] and parameters: {'k1': 0.025383218374507292, 'D_low': 1.4045842344024697, 'k2': 0.08894151386481904, 'D_high': 2941.5751391396584, 'fire_exp': 1.1044852285094786, 'P_half': 10.226988730324324, 'pre_dampen_half': 304.7488318185732, 'gpp_af': 0.0021836613912815635, 'gpp_b': 7.402343469704428e-05, 'gpp_d': 368.30088529547436, 'ign_k': 0.4702627143647234, 'ign_c': 0.9294394155644988}.
[I 2026-08-05 23:35:54,651] Trial 1348 finished with values: [-0.6024707464057996, 0.22850470210470575] and parameters: {'k1': 0.06415745702132086, 'D_low': 2.1234210963705626, 'k2': 0.08894151386481904, 'D_high': 1757.483082212096, 'fire_exp': 1.1044852285094786, 'P_half': 124.04053921849349, 'pre_dampen_half': 304.7488318185732, 'gpp_af': 0.0021836613912815635, 'gpp_b': 0.00012797528816608022, 'gpp_d': 368.30088529547436, 'ign_k': 0.4702627143647234, 'ign_c': 17.40494815019437}.
[I 2026-08-05 23:35:55,648] Trial 1349 finished with values: [-0.6216404529700025, 0.3462449685881718] and parameters: {'k1': 0.06415745702132086, 'D_low': 18.89739291279832, 'k2': 0.05790512193308814, 'D_high': 2941.5751391396584, 'fire_exp': 1.1258453832483524, 'P_half': 10.226988730324324, 'pre_dampen_half': 304.7488318185732, 'gpp_af': 0.0021836613912815635, 'gpp_b': 7.402343469704428e-05, 'gpp_d': 15.186467669014625, 'ign_k': 0.4702627143647234, 'ign_c': 8.671454322584175}.
