[I 2026-08-19 16:59:52,636] Trial 57 finished with value: 0.5115862436264499 and parameters: {'k1': 0.00010908535781432297, 'D_low': 45.989201318289254, 'k2': 0.00010389109744508367, 'D_high': 6801.191591627303, 'fire_exp': 1.212736712604842, 'P_half': 1956.8099843078126, 'pre_dampen_half': 0.054483222116113596, 'gpp_af': 1.466332190948358, 'gpp_b': 0.00033584029488877747, 'gpp_d': 31.295855161495744, 'ign_k': 0.23553901197105348, 'ign_c': 4.175002083871622, 'trop_agb_crit': 17.52414887890301, 'trop_k_veg': 1.4887379073951017, 'pop_amp': 10.079243828181582, 'pop_peak': 10.524645743882676, 'pop_sig': 0.7786391618180645, 'fuel_k': 2.8936707597285616, 'fuel_half': 0.11321597222040501}. Best is trial 0 with value: -0.6094076133578652.
[I 2026-08-19 16:59:54,153] Trial 58 finished with value: 0.5592902241755878 and parameters: {'k1': 2.789989417312517e-05, 'D_low': 3586.344066594472, 'k2': 2.5835907691081483e-05, 'D_high': 1114614.3082906601, 'fire_exp': 1.4223927212427052, 'P_half': 246.41934581104923, 'pre_dampen_half': 28.63514001244457, 'gpp_af': 0.04918411433941693, 'gpp_b': 0.44453704351256923, 'gpp_d': 7.743534032385304, 'ign_k': 0.08252587682362941, 'ign_c': 0.9240478682917753, 'trop_agb_crit': 27.70959714701696, 'trop_k_veg': 5.940952737410361, 'pop_amp': 1.8185916026048674, 'pop_peak': 41.32374008933311, 'pop_sig': 1.3353310934244669, 'fuel_k': 2.2781038728198846, 'fuel_half': 0.33404664752224456}. Best is trial 0 with value: -0.6094076133578652.
[I 2026-08-19 16:59:55,711] Trial 59 finished with value: -0.5800806471751171 and parameters: {'k1': 2.7419229369000623e-05, 'D_low': 2642.2141924442226, 'k2': 7.505452783385374e-05, 'D_high': 5412068.964704988, 'fire_exp': 1.150975647904927, 'P_half': 737.5247893467084, 'pre_dampen_half': 0.15594003638332288, 'gpp_af': 0.01756061632017752, 'gpp_b': 0.016074995308509327, 'gpp_d': 624.2458532812423, 'ign_k': 0.16191369835465708, 'ign_c': 2.510427408285399, 'trop_agb_crit': 17.481756866280364, 'trop_k_veg': 4.61738225182733, 'pop_amp': 9.057210045925869, 'pop_peak': 98.61065770053114, 'pop_sig': 0.6951499783913335, 'fuel_k': 1.7136738432858734, 'fuel_half': 0.1311282889956864}. Best is trial 0 with value: -0.6094076133578652.
[I 2026-08-19 16:59:57,300] Trial 60 finished with value: 0.4686006713231873 and parameters: {'k1': 0.0009905536682745311, 'D_low': 63.40748271047952, 'k2': 8.245272438623107e-05, 'D_high': 2562.5261088498237, 'fire_exp': 1.3776643145944192, 'P_half': 491.9850353710964, 'pre_dampen_half': 1.1373308040749617, 'gpp_af': 0.8821589809780243, 'gpp_b': 1.9327922027683082e-05, 'gpp_d': 6.9016179394846064, 'ign_k': 0.0016304807143914977, 'ign_c': 9.218676060674987, 'trop_agb_crit': 10.062153983810607, 'trop_k_veg': 4.195342472572311, 'pop_amp': 10.52262857575161, 'pop_peak': 101.75417595987227, 'pop_sig': 1.3566841306609063, 'fuel_k': 5.973527909350304, 'fuel_half': 0.2774183888663162}. Best is trial 0 with value: -0.6094076133578652.
[I 2026-08-19 16:59:58,855] Trial 61 finished with value: 0.48926755988074766 and parameters: {'k1': 0.000425696895891812, 'D_low': 5488.111837141697, 'k2': 0.0001233989571282743, 'D_high': 7819521.024502523, 'fire_exp': 2.0211879770702654, 'P_half': 1011.5743194614621, 'pre_dampen_half': 3.262822790063383, 'gpp_af': 39.02457080162075, 'gpp_b': 0.04000651867260787, 'gpp_d': 71.65821845271363, 'ign_k': 0.07892053628843212, 'ign_c': 0.16495655923924754, 'trop_agb_crit': 15.809927791878287, 'trop_k_veg': 7.524977441717162, 'pop_amp': 2.9918808238628887, 'pop_peak': 189.43084912461208, 'pop_sig': 0.7959951363669455, 'fuel_k': 1.920206727642906, 'fuel_half': 0.3317349333456071}. Best is trial 0 with value: -0.6094076133578652.
[I 2026-08-19 17:00:00,414] Trial 62 finished with value: 0.5834978769719188 and parameters: {'k1': 5.4559307018335794e-05, 'D_low': 69.57253949955235, 'k2': 1.046002219193064e-05, 'D_high': 3524693.1417741114, 'fire_exp': 2.0253997826065184, 'P_half': 58.90036971415724, 'pre_dampen_half': 0.013690649543394884, 'gpp_af': 0.002904323330936162, 'gpp_b': 0.06822162699525813, 'gpp_d': 113.1694973813689, 'ign_k': 0.28525125374375404, 'ign_c': 0.905745650353108, 'trop_agb_crit': 19.52384619335368, 'trop_k_veg': 3.534407299526218, 'pop_amp': 3.598518568694888, 'pop_peak': 21.36628580129387, 'pop_sig': 0.41123944082308284, 'fuel_k': 0.07465427862227765, 'fuel_half': 0.1954171870168513}. Best is trial 0 with value: -0.6094076133578652.
[I 2026-08-19 17:00:01,930] Trial 63 finished with value: 0.5235099359948471 and parameters: {'k1': 2.3350224524067312e-05, 'D_low': 67.32850523113474, 'k2': 5.909589825147117e-05, 'D_high': 174671.7659943008, 'fire_exp': 1.6015575999686198, 'P_half': 413.17805830598036, 'pre_dampen_half': 0.12093265373130095, 'gpp_af': 0.00818281400033179, 'gpp_b': 0.00014191768317729387, 'gpp_d': 559.9654821507268, 'ign_k': 0.08382820835230836, 'ign_c': 5.166108908679986, 'trop_agb_crit': 15.600236885046527, 'trop_k_veg': 6.297893325326175, 'pop_amp': 0.17158146545775851, 'pop_peak': 954.7616226529052, 'pop_sig': 0.6767829943446498, 'fuel_k': 4.265361976132699, 'fuel_half': 0.16993460207137945}. Best is trial 0 with value: -0.6094076133578652.
[I 2026-08-19 17:00:03,447] Trial 64 finished with value: 0.4348936052518222 and parameters: {'k1': 0.000282413244576702, 'D_low': 4137.479466227742, 'k2': 1.1245462499001685e-05, 'D_high': 308173.252435419, 'fire_exp': 1.2095101644230792, 'P_half': 2836.989578785296, 'pre_dampen_half': 1.5750264676000216, 'gpp_af': 0.43061227317775874, 'gpp_b': 0.185049114460755, 'gpp_d': 3.342242733192746, 'ign_k': 0.07368489048791864, 'ign_c': 0.14233707527207948, 'trop_agb_crit': 20.6730589297212, 'trop_k_veg': 5.213233829740297, 'pop_amp': 1.1265873147267933, 'pop_peak': 411.5984766859749, 'pop_sig': 1.9133178468014778, 'fuel_k': 5.692955549050028, 'fuel_half': 0.10420588821453139}. Best is trial 0 with value: -0.6094076133578652.
[I 2026-08-19 17:00:05,018] Trial 65 finished with value: 0.6417312325231712 and parameters: {'k1': 2.817500471527708e-05, 'D_low': 922628.4916246829, 'k2': 8.466552877661654e-05, 'D_high': 3289231.430534063, 'fire_exp': 1.7337637116383748, 'P_half': 399.46237814316794, 'pre_dampen_half': 0.0272485411945712, 'gpp_af': 0.13908939884877286, 'gpp_b': 0.00019266426790726655, 'gpp_d': 858.7697195310021, 'ign_k': 0.3182273756425525, 'ign_c': 0.7799529849816207, 'trop_agb_crit': 11.256345481251365, 'trop_k_veg': 4.695663234627877, 'pop_amp': 2.6848449990094645, 'pop_peak': 56.55671705730694, 'pop_sig': 0.6469608610123065, 'fuel_k': 3.7552982863989106, 'fuel_half': 0.18229421139954594}. Best is trial 0 with value: -0.6094076133578652.
[I 2026-08-19 17:00:06,551] Trial 66 finished with value: 0.5660874085830183 and parameters: {'k1': 3.4613782307878006e-05, 'D_low': 2961.8771439243746, 'k2': 0.00039914275775890137, 'D_high': 105190.91942033319, 'fire_exp': 1.0723525576926094, 'P_half': 2861.725317679993, 'pre_dampen_half': 0.04160880215811084, 'gpp_af': 0.36181636656139066, 'gpp_b': 0.019206731527763036, 'gpp_d': 254.82862462390096, 'ign_k': 0.5910229966613441, 'ign_c': 6.9968780465612666, 'trop_agb_crit': 10.563382635859867, 'trop_k_veg': 6.231241323070259, 'pop_amp': 0.9008249330541702, 'pop_peak': 92.06424701245085, 'pop_sig': 0.9500796109682138, 'fuel_k': 0.9421221106027151, 'fuel_half': 0.18884293645577643}. Best is trial 0 with value: -0.6094076133578652.
[I 2026-08-19 17:00:08,130] Trial 67 finished with value: 0.4496683906794059 and parameters: {'k1': 2.475663993002892e-05, 'D_low': 9352.787863866612, 'k2': 2.5997634251795343e-05, 'D_high': 6466221.829321463, 'fire_exp': 1.3674259350272664, 'P_half': 1036.7321722789675, 'pre_dampen_half': 1.8257700645181385, 'gpp_af': 0.09460177830456029, 'gpp_b': 2.2428475167027544e-05, 'gpp_d': 27.183067733702302, 'ign_k': 0.4644843125919232, 'ign_c': 7.400247828082391, 'trop_agb_crit': 20.711950486815855, 'trop_k_veg': 6.9404489859025045, 'pop_amp': 2.978917883196255, 'pop_peak': 13.581496101841346, 'pop_sig': 2.312543554793984, 'fuel_k': 3.4411938431461766, 'fuel_half': 0.3017280057347367}. Best is trial 0 with value: -0.6094076133578652.
[I 2026-08-19 17:00:09,643] Trial 68 finished with value: 0.5059751451111336 and parameters: {'k1': 1.1941380312982292e-05, 'D_low': 16170.429808778255, 'k2': 3.7602860163714456e-05, 'D_high': 557804.0287042627, 'fire_exp': 1.2026816292007723, 'P_half': 981.1741732677878, 'pre_dampen_half': 0.30223493017715697, 'gpp_af': 0.2017843348803976, 'gpp_b': 0.07144471668275885, 'gpp_d': 51.22002665159437, 'ign_k': 0.35155241462065384, 'ign_c': 2.167984822486607, 'trop_agb_crit': 17.870096604523507, 'trop_k_veg': 2.4940588744483394, 'pop_amp': 4.078250665506916, 'pop_peak': 6.923936661036055, 'pop_sig': 0.49293863750565, 'fuel_k': 0.5338251517245585, 'fuel_half': 0.5755726747413273}. Best is trial 0 with value: -0.6094076133578652.
  trial   69/2500  best_overall=0.6094  (1.8 min)
[I 2026-08-19 17:00:11,340] Trial 69 finished with value: 0.5811609612193805 and parameters: {'k1': 3.8241193219493264e-05, 'D_low': 4117.3556696438, 'k2': 0.000459112593416619, 'D_high': 5286328.727050503, 'fire_exp': 1.247912455185486, 'P_half': 269.8248013666096, 'pre_dampen_half': 0.04278846688120378, 'gpp_af': 0.0036211367016920257, 'gpp_b': 0.06392487453966872, 'gpp_d': 638.2447503680668, 'ign_k': 0.15154388441327798, 'ign_c': 1.6621167552106328, 'trop_agb_crit': 25.59545854850117, 'trop_k_veg': 4.49611164366172, 'pop_amp': 2.984726064090702, 'pop_peak': 34.40110426662152, 'pop_sig': 0.8360372581435606, 'fuel_k': 1.2413640889610964, 'fuel_half': 0.20380987878983628}. Best is trial 0 with value: -0.6094076133578652.
[I 2026-08-19 17:00:13,058] Trial 70 finished with value: 0.40310207520598007 and parameters: {'k1': 5.67671727904372e-05, 'D_low': 3519.4170542713496, 'k2': 2.5308414394670043e-05, 'D_high': 990640.4338942615, 'fire_exp': 1.2722837568849572, 'P_half': 69.22869358494735, 'pre_dampen_half': 5.153057322928953, 'gpp_af': 0.0012700396321770546, 'gpp_b': 2.025274975536257e-05, 'gpp_d': 0.924198321173998, 'ign_k': 4.859548613277915, 'ign_c': 3.570175518114002, 'trop_agb_crit': 15.332671012258979, 'trop_k_veg': 1.938158316430995, 'pop_amp': 0.07771206679189516, 'pop_peak': 0.40428460372513536, 'pop_sig': 1.5893063931764508, 'fuel_k': 0.47616380468052966, 'fuel_half': 0.5646288596997322}. Best is trial 0 with value: -0.6094076133578652.
[I 2026-08-19 17:00:14,733] Trial 71 finished with value: 0.6272239158787595 and parameters: {'k1': 0.00012405517876141228, 'D_low': 1587.7716291826591, 'k2': 4.440870422518567e-05, 'D_high': 9468282.85735616, 'fire_exp': 1.392478975390833, 'P_half': 1325.1504277760164, 'pre_dampen_half': 2.1919080809736675, 'gpp_af': 1.498619857083167, 'gpp_b': 0.5481501901774913, 'gpp_d': 53.79907981790117, 'ign_k': 5.081727066073882, 'ign_c': 0.572545406811291, 'trop_agb_crit': 11.930617999328298, 'trop_k_veg': 5.079290138028047, 'pop_amp': 17.098084681050125, 'pop_peak': 258.1201715718832, 'pop_sig': 1.4348932167528599, 'fuel_k': 2.9400578553752736, 'fuel_half': 0.17959709372941218}. Best is trial 0 with value: -0.6094076133578652.
[I 2026-08-19 17:00:16,435] Trial 72 finished with value: 0.4281237757352334 and parameters: {'k1': 0.002678276068305475, 'D_low': 1478.4376943317777, 'k2': 0.0006231971100799047, 'D_high': 63155.797711367304, 'fire_exp': 1.043139700057252, 'P_half': 56.98658609257461, 'pre_dampen_half': 2.8324626256094865, 'gpp_af': 0.34536447870840703, 'gpp_b': 0.0008065439122837959, 'gpp_d': 10.544950736743237, 'ign_k': 2.0881468742264784, 'ign_c': 5.972846147829882, 'trop_agb_crit': 25.477756962423047, 'trop_k_veg': 1.4599705378964576, 'pop_amp': 0.0015270215824996517, 'pop_peak': 1.9869867724782837, 'pop_sig': 1.1436724788382004, 'fuel_k': 0.27914471684849484, 'fuel_half': 38.40844304917628}. Best is trial 0 with value: -0.6094076133578652.
[I 2026-08-19 17:00:18,155] Trial 73 finished with value: 0.4889431505319717 and parameters: {'k1': 3.086665555533109e-05, 'D_low': 3373.3050531987856, 'k2': 0.0003356572992927406, 'D_high': 183847.2192189133, 'fire_exp': 1.8556676240171712, 'P_half': 560.594277474603, 'pre_dampen_half': 0.03920565265184814, 'gpp_af': 8.658202574255238, 'gpp_b': 0.00012412007911075757, 'gpp_d': 8.3701131338115, 'ign_k': 1.7490977325065549, 'ign_c': 3.2710478667501817, 'trop_agb_crit': 11.73960724617831, 'trop_k_veg': 5.5964034239950315, 'pop_amp': 9.430879599408753, 'pop_peak': 0.6873685188998279, 'pop_sig': 1.8329441347326052, 'fuel_k': 0.05168465764659584, 'fuel_half': 0.20623754032104824}. Best is trial 0 with value: -0.6094076133578652.
[I 2026-08-19 17:00:19,994] Trial 74 finished with value: -0.5558385104622057 and parameters: {'k1': 9.934584293688648e-05, 'D_low': 630.18937596682, 'k2': 0.00076710861048132, 'D_high': 668132.3588686053, 'fire_exp': 1.1309661195676006, 'P_half': 11.414105087780827, 'pre_dampen_half': 0.5416076423579514, 'gpp_af': 0.21606612643229584, 'gpp_b': 0.0034558643375207317, 'gpp_d': 65.77463486249171, 'ign_k': 1.0485170695965413, 'ign_c': 0.8017240323057357, 'trop_agb_crit': 7.999855887669661, 'trop_k_veg': 0.978741007876771, 'pop_amp': 0.002870441936017883, 'pop_peak': 0.4278981311970597, 'pop_sig': 1.2024443817060813, 'fuel_k': 0.173855208991549, 'fuel_half': 77.06974809050266}. Best is trial 0 with value: -0.6094076133578652.
[I 2026-08-19 17:00:21,736] Trial 75 finished with value: 0.5527092399682247 and parameters: {'k1': 1.2132109138554897e-05, 'D_low': 386.4203813897147, 'k2': 0.00010382623911108003, 'D_high': 283867.36684983707, 'fire_exp': 2.088460191526164, 'P_half': 67.21362535434085, 'pre_dampen_half': 0.42730911990734827, 'gpp_af': 0.016182737052882156, 'gpp_b': 0.0001473742520293582, 'gpp_d': 125.51694569861361, 'ign_k': 0.4123843504504761, 'ign_c': 0.2322277651587429, 'trop_agb_crit': 4.08620429674332, 'trop_k_veg': 0.9531321208829595, 'pop_amp': 0.002006247037789819, 'pop_peak': 0.1277350849663632, 'pop_sig': 1.6364114595145371, 'fuel_k': 0.3652770294604979, 'fuel_half': 45.21286051367602}. Best is trial 0 with value: -0.6094076133578652.
[I 2026-08-19 17:00:23,415] Trial 76 finished with value: 0.6272800544405067 and parameters: {'k1': 5.04846053373154e-05, 'D_low': 378.2108884056115, 'k2': 3.3834367401049296e-05, 'D_high': 180400.633288371, 'fire_exp': 1.1385722227827124, 'P_half': 12.893614000536616, 'pre_dampen_half': 11.094127100291965, 'gpp_af': 0.0013333620924057337, 'gpp_b': 0.00015022040901415827, 'gpp_d': 0.26943895345489866, 'ign_k': 6.667855172671229, 'ign_c': 2.968707384029151, 'trop_agb_crit': 22.900593783889484, 'trop_k_veg': 2.8603376582468636, 'pop_amp': 1.5368600226252105, 'pop_peak': 0.20096013902769097, 'pop_sig': 2.1718658883822406, 'fuel_k': 1.7576662889958545, 'fuel_half': 0.24848763699529344}. Best is trial 0 with value: -0.6094076133578652.
[I 2026-08-19 17:00:25,160] Trial 77 finished with value: -0.5721185548593498 and parameters: {'k1': 0.0006132477889628762, 'D_low': 2285.9432885477527, 'k2': 0.008250173814066963, 'D_high': 722477.4616383965, 'fire_exp': 1.1200291241128275, 'P_half': 12.108249516640972, 'pre_dampen_half': 0.5661367422015544, 'gpp_af': 1.490309848433628, 'gpp_b': 0.0026704943320541687, 'gpp_d': 45.48330662516964, 'ign_k': 0.187864324076737, 'ign_c': 3.424102712841833, 'trop_agb_crit': 8.82956265229143, 'trop_k_veg': 0.5554191274937812, 'pop_amp': 0.0029253426565297768, 'pop_peak': 0.3493873361301526, 'pop_sig': 0.9932623828663846, 'fuel_k': 0.7873363931056184, 'fuel_half': 98.88277744988322}. Best is trial 0 with value: -0.6094076133578652.
[I 2026-08-19 17:00:26,907] Trial 78 finished with value: 0.4422728405849039 and parameters: {'k1': 1.273583850443821e-05, 'D_low': 48.65092521258567, 'k2': 0.007097086833473228, 'D_high': 1466425.8218855388, 'fire_exp': 2.149921049968417, 'P_half': 1.1693996636531951, 'pre_dampen_half': 16.460777720008696, 'gpp_af': 1.3008288731823834, 'gpp_b': 0.0011392067987856824, 'gpp_d': 63.866322527345034, 'ign_k': 3.1955645164385356, 'ign_c': 0.5052154434857364, 'trop_agb_crit': 13.0542546961958, 'trop_k_veg': 0.9817102605591614, 'pop_amp': 0.0043539922056956976, 'pop_peak': 0.903561939188124, 'pop_sig': 1.9553985232377173, 'fuel_k': 0.12367311678757732, 'fuel_half': 87.33607468325481}. Best is trial 0 with value: -0.6094076133578652.
[I 2026-08-19 17:00:28,601] Trial 79 finished with value: 0.570141791740787 and parameters: {'k1': 0.0006312119779188185, 'D_low': 10139.84183905628, 'k2': 0.01445639879935465, 'D_high': 70022.51458246032, 'fire_exp': 1.399550705290943, 'P_half': 25.55727624151103, 'pre_dampen_half': 0.018788410642672122, 'gpp_af': 0.25338462211866275, 'gpp_b': 0.004041458245427525, 'gpp_d': 15.628282295403727, 'ign_k': 0.4931042564089396, 'ign_c': 4.458540450475401, 'trop_agb_crit': 10.5331935450266, 'trop_k_veg': 0.7440430818932565, 'pop_amp': 0.006541441562785082, 'pop_peak': 0.29755158528889997, 'pop_sig': 0.9190725595308957, 'fuel_k': 1.2723675278946023, 'fuel_half': 70.47451419793553}. Best is trial 0 with value: -0.6094076133578652.
[I 2026-08-19 17:00:30,322] Trial 80 finished with value: 0.44124972755042235 and parameters: {'k1': 4.85086337428704e-05, 'D_low': 4961.803760651282, 'k2': 2.5496040423925422e-05, 'D_high': 1157127.5777641418, 'fire_exp': 1.4617737656265475, 'P_half': 93.68181733521088, 'pre_dampen_half': 2.982233285202121, 'gpp_af': 0.004428591794066511, 'gpp_b': 8.456857465889147e-05, 'gpp_d': 9.450517850490725, 'ign_k': 1.3385008728432437, 'ign_c': 13.635507951686476, 'trop_agb_crit': 27.083888148559726, 'trop_k_veg': 2.0412843298945003, 'pop_amp': 0.019627977207977064, 'pop_peak': 0.3100717614926821, 'pop_sig': 1.117360221992189, 'fuel_k': 0.20972767426584335, 'fuel_half': 1.1037144489479047}. Best is trial 0 with value: -0.6094076133578652.
  trial   81/2500  best_overall=0.6094  (2.1 min)
[I 2026-08-19 17:00:32,061] Trial 81 finished with value: 0.5911724414042331 and parameters: {'k1': 0.00020747331650975735, 'D_low': 70493.59502512208, 'k2': 0.011765079139726095, 'D_high': 138883.68902634204, 'fire_exp': 1.0892521165161682, 'P_half': 2.709986883317968, 'pre_dampen_half': 5.458107069152418, 'gpp_af': 1.4802287857080443, 'gpp_b': 0.028589943752065156, 'gpp_d': 89.18048744596076, 'ign_k': 0.015621052952859414, 'ign_c': 4.397100066119409, 'trop_agb_crit': 19.106812550429165, 'trop_k_veg': 0.6204331823951502, 'pop_amp': 0.005391636832590781, 'pop_peak': 2.869566416898633, 'pop_sig': 1.5824849478555505, 'fuel_k': 0.5352496746263191, 'fuel_half': 72.85873586770886}. Best is trial 0 with value: -0.6094076133578652.
[I 2026-08-19 17:00:33,779] Trial 82 finished with value: -0.5206751096920627 and parameters: {'k1': 0.0015970030487445041, 'D_low': 17.46186806746162, 'k2': 0.0013501158895207717, 'D_high': 59134.08895020994, 'fire_exp': 1.2430708410387905, 'P_half': 72.87921330957506, 'pre_dampen_half': 0.48003603803845457, 'gpp_af': 0.3998360837119128, 'gpp_b': 7.052002330320336e-05, 'gpp_d': 150.1944344663933, 'ign_k': 2.132353487996466, 'ign_c': 7.103758802694456, 'trop_agb_crit': 11.568258751337602, 'trop_k_veg': 0.9056406745551437, 'pop_amp': 0.003874723789915507, 'pop_peak': 14.630276549906764, 'pop_sig': 1.4177675812629238, 'fuel_k': 0.06824317171524154, 'fuel_half': 47.97598013193293}. Best is trial 0 with value: -0.6094076133578652.
[I 2026-08-19 17:00:35,498] Trial 83 finished with value: 0.43862237204720544 and parameters: {'k1': 0.0009788336389368738, 'D_low': 426.5743398473121, 'k2': 0.0020417263499349744, 'D_high': 7157949.131138855, 'fire_exp': 1.4011159286805497, 'P_half': 3.4241430841644833, 'pre_dampen_half': 2.3109368659797562, 'gpp_af': 1.923041541351472, 'gpp_b': 3.5493685070697064e-05, 'gpp_d': 399.35553490321433, 'ign_k': 0.044247527036722696, 'ign_c': 3.609793528336449, 'trop_agb_crit': 8.921074686635944, 'trop_k_veg': 0.7237932072839596, 'pop_amp': 0.004163386991245387, 'pop_peak': 0.8767476064936874, 'pop_sig': 1.0132177671686047, 'fuel_k': 1.1508542130318247, 'fuel_half': 31.647512256532103}. Best is trial 0 with value: -0.6094076133578652.
[I 2026-08-19 17:00:37,266] Trial 84 finished with value: -0.588593412296545 and parameters: {'k1': 0.0009081792072799672, 'D_low': 1140.6554313328809, 'k2': 0.03807900925419282, 'D_high': 6110281.350333778, 'fire_exp': 1.3802568959317192, 'P_half': 87.51887897092381, 'pre_dampen_half': 2.3492817691806636, 'gpp_af': 0.1311332972681477, 'gpp_b': 0.0010574773379011593, 'gpp_d': 21.076788958183293, 'ign_k': 0.24293248664076836, 'ign_c': 0.2310527927139054, 'trop_agb_crit': 7.991778925275605, 'trop_k_veg': 0.8071199044529798, 'pop_amp': 0.05361343506487934, 'pop_peak': 0.05030687801177921, 'pop_sig': 1.1318625865891083, 'fuel_k': 0.13125882657450494, 'fuel_half': 46.45461212727007}. Best is trial 0 with value: -0.6094076133578652.
[I 2026-08-19 17:00:39,005] Trial 85 finished with value: -0.5391901775732195 and parameters: {'k1': 0.012830028391513138, 'D_low': 5226.156991840238, 'k2': 0.019923621497216524, 'D_high': 1976023.6240084632, 'fire_exp': 1.4808552820018293, 'P_half': 28.281817596271534, 'pre_dampen_half': 1.0546147552655016, 'gpp_af': 0.23374951432183114, 'gpp_b': 0.00019665762413684828, 'gpp_d': 0.46390764075952984, 'ign_k': 1.317976317644731, 'ign_c': 0.25486919501176725, 'trop_agb_crit': 3.3222881422076487, 'trop_k_veg': 0.5760738027250799, 'pop_amp': 0.08238950851476237, 'pop_peak': 0.22159486422516225, 'pop_sig': 0.8753931785063738, 'fuel_k': 0.05025536796419969, 'fuel_half': 6.865929746534174}. Best is trial 0 with value: -0.6094076133578652.
