[I 2026-08-06 02:41:14,263] Trial 197 finished with values: [10.76675685553012, 10.76675685553012] and parameters: {'k1': 7.841214856323651e-05, 'D_low': 7126.727573532312, 'k2': 0.00038791280730284417, 'D_high': 8182.111518618414, 'fire_exp': 1.1044852285094786, 'P_half': 5.317919272807934, 'pre_dampen_half': 8.226361776146092, 'gpp_af': 0.04339970334001348, 'gpp_b': 1.0714507872203791, 'gpp_d': 150.14555442537656, 'ign_k': 0.4702627143647234, 'ign_c': 12.37061744238074}.
[I 2026-08-06 02:41:15,380] Trial 198 finished with values: [-0.4772951485355875, 0.4046054185349276] and parameters: {'k1': 0.002407354618388189, 'D_low': 18.522006003174383, 'k2': 1.1184534120760473e-05, 'D_high': 6455.595882939566, 'fire_exp': 1.1044852285094786, 'P_half': 125.61043700013555, 'pre_dampen_half': 107.40052367919465, 'gpp_af': 11.234842109991876, 'gpp_b': 0.0024605285374226047, 'gpp_d': 368.30088529547436, 'ign_k': 0.11101191524846071, 'ign_c': 14.367095138664217}.
[I 2026-08-06 02:41:16,568] Trial 199 finished with values: [10.768694014515896, 10.768694014515896] and parameters: {'k1': 0.00012105387404469581, 'D_low': 48.495138318533286, 'k2': 1.1184534120760473e-05, 'D_high': 75773.14388518519, 'fire_exp': 1.1044852285094786, 'P_half': 51.10120656497163, 'pre_dampen_half': 290.642121800538, 'gpp_af': 1.6595781802652418, 'gpp_b': 2.7719116797094715e-05, 'gpp_d': 368.30088529547436, 'ign_k': 0.0467351899956275, 'ign_c': 186.11194462546783}.
[I 2026-08-06 02:41:17,680] Trial 200 finished with values: [10.76456446134807, 10.76456446134807] and parameters: {'k1': 7.841214856323651e-05, 'D_low': 918.4900818511542, 'k2': 1.1184534120760473e-05, 'D_high': 6455.595882939566, 'fire_exp': 2.196935728020977, 'P_half': 24.136213194527585, 'pre_dampen_half': 304.7488318185732, 'gpp_af': 0.47739011308437823, 'gpp_b': 1.0714507872203791, 'gpp_d': 150.14555442537656, 'ign_k': 0.4702627143647234, 'ign_c': 12.37061744238074}.
[I 2026-08-06 02:41:18,859] Trial 201 finished with values: [10.739882502671342, 10.739882502671342] and parameters: {'k1': 0.00010906709195141875, 'D_low': 2.458603276328005, 'k2': 0.08790311296857814, 'D_high': 1687.3495104568947, 'fire_exp': 1.324458134009935, 'P_half': 95.65499215943822, 'pre_dampen_half': 0.7915202694013532, 'gpp_af': 22.766850248686247, 'gpp_b': 0.6637926838138378, 'gpp_d': 891.8036602897795, 'ign_k': 3.7173717478250508, 'ign_c': 14.367095138664217}.
[I 2026-08-06 02:41:19,982] Trial 202 finished with values: [10.492996224391215, 10.492996224391215] and parameters: {'k1': 0.04897760278488444, 'D_low': 2.458603276328005, 'k2': 0.08790311296857814, 'D_high': 10316.033434719713, 'fire_exp': 2.3782613909771353, 'P_half': 2.157758652553991, 'pre_dampen_half': 76.86605275420082, 'gpp_af': 0.8942824595236101, 'gpp_b': 0.011750724729953272, 'gpp_d': 34.37107943937136, 'ign_k': 0.0026834162496848666, 'ign_c': 9.34330265731847}.
[I 2026-08-06 02:41:21,119] Trial 203 finished with values: [10.686994361585137, 10.686994361585137] and parameters: {'k1': 0.00324789183891923, 'D_low': 2.1234210963705626, 'k2': 0.00011939136672856547, 'D_high': 949.9072859745386, 'fire_exp': 1.151006986743773, 'P_half': 12.808863354047988, 'pre_dampen_half': 1.6130673726933187, 'gpp_af': 5.511863475708366, 'gpp_b': 0.00012797528816608022, 'gpp_d': 0.03848886303127135, 'ign_k': 0.03033111747878116, 'ign_c': 8.671454322584175}.
[I 2026-08-06 02:41:22,249] Trial 204 finished with values: [10.644439373521902, 10.644439373521902] and parameters: {'k1': 0.00016536937182824412, 'D_low': 29.89885508829526, 'k2': 2.316457903103837e-05, 'D_high': 75773.14388518519, 'fire_exp': 1.1670151053031461, 'P_half': 95.65499215943822, 'pre_dampen_half': 1.6130673726933187, 'gpp_af': 35.20481045526041, 'gpp_b': 0.011750724729953272, 'gpp_d': 5.878566318396007, 'ign_k': 0.0026834162496848666, 'ign_c': 12.03017887115466}.
[I 2026-08-06 02:41:23,357] Trial 205 finished with values: [10.316936694470307, 10.316936694470307] and parameters: {'k1': 0.00324789183891923, 'D_low': 2.1234210963705626, 'k2': 1.1184534120760473e-05, 'D_high': 8182.111518618414, 'fire_exp': 1.1044852285094786, 'P_half': 45.55085098454082, 'pre_dampen_half': 107.40052367919465, 'gpp_af': 0.010590622233713298, 'gpp_b': 0.00040586522768905076, 'gpp_d': 368.30088529547436, 'ign_k': 0.014879588507790004, 'ign_c': 8.671454322584175}.
[I 2026-08-06 02:41:24,478] Trial 206 finished with values: [-0.49192014053691746, 0.4758054475359036] and parameters: {'k1': 0.002971796631657383, 'D_low': 29.89885508829526, 'k2': 0.0007081721844034209, 'D_high': 6455.595882939566, 'fire_exp': 1.0881360604103363, 'P_half': 10.226988730324324, 'pre_dampen_half': 36.876350096203005, 'gpp_af': 29.925002022877802, 'gpp_b': 3.228689523591491e-05, 'gpp_d': 13.205186500450395, 'ign_k': 0.03141110271934876, 'ign_c': 6.160975294741436}.
[I 2026-08-06 02:41:25,591] Trial 207 finished with values: [10.640927620167188, 10.640927620167188] and parameters: {'k1': 0.002971796631657383, 'D_low': 74.92772870670282, 'k2': 0.0007081721844034209, 'D_high': 9769.756791866093, 'fire_exp': 1.0881360604103363, 'P_half': 1627.0983114897251, 'pre_dampen_half': 36.876350096203005, 'gpp_af': 0.1114444027132275, 'gpp_b': 0.011750724729953272, 'gpp_d': 4.5768578731086835, 'ign_k': 0.0026834162496848666, 'ign_c': 6.160975294741436}.
[I 2026-08-06 02:41:26,719] Trial 208 finished with values: [10.510170971993015, 10.510170971993015] and parameters: {'k1': 0.03699867920489089, 'D_low': 4.051452710153359, 'k2': 3.5917714215176105e-05, 'D_high': 75773.14388518519, 'fire_exp': 1.151006986743773, 'P_half': 12.808863354047988, 'pre_dampen_half': 0.6199100007802261, 'gpp_af': 5.511863475708366, 'gpp_b': 3.228689523591491e-05, 'gpp_d': 5.878566318396007, 'ign_k': 0.03033111747878116, 'ign_c': 16.150602315370207}.
[I 2026-08-06 02:41:27,833] Trial 209 finished with values: [10.172808418996281, 10.172808418996281] and parameters: {'k1': 0.03699867920489089, 'D_low': 4.051452710153359, 'k2': 3.5917714215176105e-05, 'D_high': 75773.14388518519, 'fire_exp': 1.0881360604103363, 'P_half': 2799.899764723165, 'pre_dampen_half': 304.7488318185732, 'gpp_af': 5.620854611217178, 'gpp_b': 3.228689523591491e-05, 'gpp_d': 5.878566318396007, 'ign_k': 0.3818468247973969, 'ign_c': 3.0378658251922155}.
[I 2026-08-06 02:41:28,933] Trial 210 finished with values: [10.657669406286727, 10.657669406286727] and parameters: {'k1': 7.841214856323651e-05, 'D_low': 4.051452710153359, 'k2': 1.1184534120760473e-05, 'D_high': 6455.595882939566, 'fire_exp': 1.1044852285094786, 'P_half': 215.55950571043874, 'pre_dampen_half': 111.37963167994629, 'gpp_af': 0.2343193755572473, 'gpp_b': 0.10123867001105968, 'gpp_d': 39.827466658711515, 'ign_k': 0.005877005203443299, 'ign_c': 10.140635645866492}.
[I 2026-08-06 02:41:30,066] Trial 211 finished with values: [10.178393923026169, 10.178393923026169] and parameters: {'k1': 0.02714257255218683, 'D_low': 29.89885508829526, 'k2': 0.0005552724374419548, 'D_high': 10427.291060979045, 'fire_exp': 1.1044852285094786, 'P_half': 10.226988730324324, 'pre_dampen_half': 4.350163152436989, 'gpp_af': 29.925002022877802, 'gpp_b': 2.7719116797094715e-05, 'gpp_d': 1.105785410092522, 'ign_k': 0.03604182012888638, 'ign_c': 1.5061320080433496}.
[I 2026-08-06 02:41:31,181] Trial 212 finished with values: [10.448966364815291, 10.448966364815291] and parameters: {'k1': 2.0937989739527727e-05, 'D_low': 125.32726386250698, 'k2': 0.0004381141781653133, 'D_high': 7744.80118512745, 'fire_exp': 1.182396148413737, 'P_half': 24.136213194527585, 'pre_dampen_half': 304.7488318185732, 'gpp_af': 0.0025511964576171086, 'gpp_b': 3.228689523591491e-05, 'gpp_d': 857.4284557962634, 'ign_k': 0.03141110271934876, 'ign_c': 47.268615251255675}.
[I 2026-08-06 02:41:32,339] Trial 213 finished with values: [10.769203592348864, 10.769203592348864] and parameters: {'k1': 0.00324789183891923, 'D_low': 2.1234210963705626, 'k2': 3.5917714215176105e-05, 'D_high': 8241.92526487646, 'fire_exp': 8.880824892701195, 'P_half': 24.136213194527585, 'pre_dampen_half': 65.77017096798056, 'gpp_af': 5.511863475708366, 'gpp_b': 3.481277316673104e-05, 'gpp_d': 150.14555442537656, 'ign_k': 0.03033111747878116, 'ign_c': 8.671454322584175}.
[I 2026-08-06 02:41:33,448] Trial 214 finished with values: [10.375838999868307, 10.375838999868307] and parameters: {'k1': 3.634567200581791e-05, 'D_low': 51.9967392387832, 'k2': 3.5917714215176105e-05, 'D_high': 41.05873950290761, 'fire_exp': 1.5201277403788451, 'P_half': 13.019246714361572, 'pre_dampen_half': 347.79988160923324, 'gpp_af': 21.995805943313187, 'gpp_b': 0.10123867001105968, 'gpp_d': 368.30088529547436, 'ign_k': 0.11101191524846071, 'ign_c': 0.11272174259951144}.
[I 2026-08-06 02:41:34,573] Trial 215 finished with values: [10.619038374050401, 10.619038374050401] and parameters: {'k1': 0.002971796631657383, 'D_low': 4.075267974954964, 'k2': 8.400384914559786e-05, 'D_high': 4870.47114134165, 'fire_exp': 1.0881360604103363, 'P_half': 51.10120656497163, 'pre_dampen_half': 7.6110013825922485, 'gpp_af': 20.12115544906385, 'gpp_b': 1.1008110571039521e-05, 'gpp_d': 0.012547369537891036, 'ign_k': 0.0467351899956275, 'ign_c': 0.773448215664679}.
[I 2026-08-06 02:41:35,711] Trial 216 finished with values: [10.654243816460227, 10.654243816460227] and parameters: {'k1': 7.841214856323651e-05, 'D_low': 74.92772870670282, 'k2': 0.0007081721844034209, 'D_high': 7744.80118512745, 'fire_exp': 1.0881360604103363, 'P_half': 10.226988730324324, 'pre_dampen_half': 53.73093479067421, 'gpp_af': 5.620854611217178, 'gpp_b': 0.011750724729953272, 'gpp_d': 2.736251365128462, 'ign_k': 0.006912296717033066, 'ign_c': 298.123706972088}.
[I 2026-08-06 02:41:36,899] Trial 217 finished with values: [10.659084905416625, 10.659084905416625] and parameters: {'k1': 0.006117912981900519, 'D_low': 4.051452710153359, 'k2': 2.316457903103837e-05, 'D_high': 949.9072859745386, 'fire_exp': 1.14171776851287, 'P_half': 157.80309954142965, 'pre_dampen_half': 1.6130673726933187, 'gpp_af': 29.700320404259642, 'gpp_b': 0.011750724729953272, 'gpp_d': 39.827466658711515, 'ign_k': 0.0026834162496848666, 'ign_c': 0.11433485956638717}.
[I 2026-08-06 02:41:38,020] Trial 218 finished with values: [10.66522633886032, 10.66522633886032] and parameters: {'k1': 7.841214856323651e-05, 'D_low': 29.89885508829526, 'k2': 1.1184534120760473e-05, 'D_high': 9769.756791866093, 'fire_exp': 1.0881360604103363, 'P_half': 10.226988730324324, 'pre_dampen_half': 36.876350096203005, 'gpp_af': 29.925002022877802, 'gpp_b': 0.6296968715955544, 'gpp_d': 4.5768578731086835, 'ign_k': 0.0026834162496848666, 'ign_c': 6.160975294741436}.
[I 2026-08-06 02:41:39,147] Trial 219 finished with values: [10.138051113969379, 10.138051113969379] and parameters: {'k1': 7.841214856323651e-05, 'D_low': 50.217376233895635, 'k2': 1.1184534120760473e-05, 'D_high': 6455.595882939566, 'fire_exp': 1.1044852285094786, 'P_half': 215.55950571043874, 'pre_dampen_half': 111.37963167994629, 'gpp_af': 11.234842109991876, 'gpp_b': 0.0025416076006960116, 'gpp_d': 368.30088529547436, 'ign_k': 0.11101191524846071, 'ign_c': 10.140635645866492}.
[I 2026-08-06 02:41:40,283] Trial 220 finished with values: [10.043938123637586, 10.043938123637586] and parameters: {'k1': 0.00324789183891923, 'D_low': 4.075267974954964, 'k2': 0.031211489608802344, 'D_high': 8241.92526487646, 'fire_exp': 1.151006986743773, 'P_half': 12.808863354047988, 'pre_dampen_half': 107.40052367919465, 'gpp_af': 20.12115544906385, 'gpp_b': 1.1008110571039521e-05, 'gpp_d': 0.11136446029400991, 'ign_k': 0.03033111747878116, 'ign_c': 8.671454322584175}.
[I 2026-08-06 02:41:41,423] Trial 221 finished with values: [10.548323698398752, 10.548323698398752] and parameters: {'k1': 0.002971796631657383, 'D_low': 29.89885508829526, 'k2': 0.0007081721844034209, 'D_high': 10316.033434719713, 'fire_exp': 2.3782613909771353, 'P_half': 2.157758652553991, 'pre_dampen_half': 36.876350096203005, 'gpp_af': 29.925002022877802, 'gpp_b': 0.003510201564752293, 'gpp_d': 4.5768578731086835, 'ign_k': 0.0026834162496848666, 'ign_c': 6.160975294741436}.
[I 2026-08-06 02:41:42,580] Trial 222 finished with values: [10.76922741240119, 10.76922741240119] and parameters: {'k1': 0.03232155805617897, 'D_low': 918.4900818511542, 'k2': 0.006138509947844854, 'D_high': 576.2487216478603, 'fire_exp': 1.324458134009935, 'P_half': 95.65499215943822, 'pre_dampen_half': 76.86605275420082, 'gpp_af': 11.234842109991876, 'gpp_b': 1.5938003265859821, 'gpp_d': 0.13274681648778813, 'ign_k': 0.0027847738314446878, 'ign_c': 10.140635645866492}.
[I 2026-08-06 02:41:43,692] Trial 223 finished with values: [-0.4732287025666565, 0.16625716500323862] and parameters: {'k1': 0.0029707920514735983, 'D_low': 1.2299210465793122, 'k2': 0.03210808548911189, 'D_high': 9769.756791866093, 'fire_exp': 1.0881360604103363, 'P_half': 11.877073321543955, 'pre_dampen_half': 304.7488318185732, 'gpp_af': 0.5107061330406066, 'gpp_b': 0.011750724729953272, 'gpp_d': 857.4284557962634, 'ign_k': 0.006912296717033066, 'ign_c': 0.11433485956638717}.
[I 2026-08-06 02:41:44,830] Trial 224 finished with values: [-0.49073388112653127, 0.5142719840753329] and parameters: {'k1': 0.04897760278488444, 'D_low': 2.458603276328005, 'k2': 0.031211489608802344, 'D_high': 10316.033434719713, 'fire_exp': 1.151006986743773, 'P_half': 12.808863354047988, 'pre_dampen_half': 76.86605275420082, 'gpp_af': 35.20481045526041, 'gpp_b': 0.00012797528816608022, 'gpp_d': 34.37107943937136, 'ign_k': 0.03033111747878116, 'ign_c': 34.19108473554449}.
[I 2026-08-06 02:41:45,944] Trial 225 finished with values: [10.622703961503632, 10.622703961503632] and parameters: {'k1': 0.002971796631657383, 'D_low': 125.32726386250698, 'k2': 0.0007081721844034209, 'D_high': 9769.756791866093, 'fire_exp': 1.0881360604103363, 'P_half': 10.753522341516506, 'pre_dampen_half': 703.6426675556048, 'gpp_af': 29.925002022877802, 'gpp_b': 0.011750724729953272, 'gpp_d': 0.04974854350453755, 'ign_k': 0.03141110271934876, 'ign_c': 47.268615251255675}.
[I 2026-08-06 02:41:47,047] Trial 226 finished with values: [10.570269438167003, 10.570269438167003] and parameters: {'k1': 0.00013783578294796384, 'D_low': 29.89885508829526, 'k2': 0.0027431991397796683, 'D_high': 1024.9816559563214, 'fire_exp': 1.0881360604103363, 'P_half': 10.226988730324324, 'pre_dampen_half': 347.79988160923324, 'gpp_af': 29.925002022877802, 'gpp_b': 0.011750724729953272, 'gpp_d': 4.5768578731086835, 'ign_k': 0.0026834162496848666, 'ign_c': 0.9294394155644988}.
[I 2026-08-06 02:41:48,180] Trial 227 finished with values: [10.160204957323913, 10.160204957323913] and parameters: {'k1': 0.0029707920514735983, 'D_low': 2.458603276328005, 'k2': 0.08790311296857814, 'D_high': 7744.80118512745, 'fire_exp': 1.0881360604103363, 'P_half': 10.226988730324324, 'pre_dampen_half': 76.86605275420082, 'gpp_af': 35.20481045526041, 'gpp_b': 0.003510201564752293, 'gpp_d': 149.50343942182866, 'ign_k': 0.006912296717033066, 'ign_c': 9.34330265731847}.
[I 2026-08-06 02:41:49,314] Trial 228 finished with values: [10.7332796996077, 10.7332796996077] and parameters: {'k1': 0.006117912981900519, 'D_low': 334.62201030483817, 'k2': 1.1184534120760473e-05, 'D_high': 949.9072859745386, 'fire_exp': 1.14171776851287, 'P_half': 95.65499215943822, 'pre_dampen_half': 0.014857392806279237, 'gpp_af': 83.56239973758213, 'gpp_b': 0.011750724729953272, 'gpp_d': 4.25060659305504, 'ign_k': 0.3818468247973969, 'ign_c': 6.160975294741436}.
[I 2026-08-06 02:41:50,444] Trial 229 finished with values: [10.674184106979489, 10.674184106979489] and parameters: {'k1': 0.03699867920489089, 'D_low': 4.051452710153359, 'k2': 4.860905111373887e-05, 'D_high': 9769.756791866093, 'fire_exp': 1.0881360604103363, 'P_half': 2799.899764723165, 'pre_dampen_half': 36.876350096203005, 'gpp_af': 29.925002022877802, 'gpp_b': 3.228689523591491e-05, 'gpp_d': 5.878566318396007, 'ign_k': 0.0026834162496848666, 'ign_c': 0.5110256715654393}.
[I 2026-08-06 02:41:51,589] Trial 230 finished with values: [10.630247101019089, 10.630247101019089] and parameters: {'k1': 2.0937989739527727e-05, 'D_low': 125.32726386250698, 'k2': 0.00012280874862135373, 'D_high': 267.3088310781672, 'fire_exp': 1.2943117749495199, 'P_half': 63.585411411994926, 'pre_dampen_half': 703.6426675556048, 'gpp_af': 10.25616274847308, 'gpp_b': 2.800940363375676e-05, 'gpp_d': 0.19476644406315288, 'ign_k': 0.0048255892187380085, 'ign_c': 0.6235377135673155}.
[I 2026-08-06 02:41:52,712] Trial 231 finished with values: [10.518113397397764, 10.518113397397764] and parameters: {'k1': 0.03232155805617897, 'D_low': 918.4900818511542, 'k2': 0.0007081721844034209, 'D_high': 6455.595882939566, 'fire_exp': 2.2881850891698634, 'P_half': 14.94057723907974, 'pre_dampen_half': 36.876350096203005, 'gpp_af': 11.234842109991876, 'gpp_b': 0.011750724729953272, 'gpp_d': 4.5768578731086835, 'ign_k': 0.11101191524846071, 'ign_c': 6.160975294741436}.
[I 2026-08-06 02:41:53,825] Trial 232 finished with values: [10.155124970696951, 10.155124970696951] and parameters: {'k1': 1.1845753911529365e-05, 'D_low': 3840.3004190988563, 'k2': 0.0001870742013766025, 'D_high': 8182.111518618414, 'fire_exp': 1.0881360604103363, 'P_half': 10.226988730324324, 'pre_dampen_half': 36.876350096203005, 'gpp_af': 37.28155624293858, 'gpp_b': 1.1008110571039521e-05, 'gpp_d': 4.5768578731086835, 'ign_k': 0.0467351899956275, 'ign_c': 6.160975294741436}.
[I 2026-08-06 02:41:54,971] Trial 233 finished with values: [10.737178967975504, 10.737178967975504] and parameters: {'k1': 0.025383218374507292, 'D_low': 18.522006003174383, 'k2': 3.5917714215176105e-05, 'D_high': 29.580419692843236, 'fire_exp': 1.5201277403788451, 'P_half': 24.136213194527585, 'pre_dampen_half': 304.7488318185732, 'gpp_af': 0.47739011308437823, 'gpp_b': 0.028780534359197463, 'gpp_d': 0.05061568304359488, 'ign_k': 0.019192001101561888, 'ign_c': 1.24801809651176}.
[I 2026-08-06 02:41:56,099] Trial 234 finished with values: [10.587870915771537, 10.587870915771537] and parameters: {'k1': 3.252245757497282e-05, 'D_low': 164.70698221724317, 'k2': 1.1184534120760473e-05, 'D_high': 7744.80118512745, 'fire_exp': 1.5201277403788451, 'P_half': 403.3495283157659, 'pre_dampen_half': 304.7488318185732, 'gpp_af': 11.234842109991876, 'gpp_b': 0.00011783328148730701, 'gpp_d': 857.4284557962634, 'ign_k': 0.03141110271934876, 'ign_c': 3.0378658251922155}.
[I 2026-08-06 02:41:57,254] Trial 235 finished with values: [10.462747220911435, 10.462747220911435] and parameters: {'k1': 0.00012105387404469581, 'D_low': 2084.3335294724207, 'k2': 1.1184534120760473e-05, 'D_high': 6455.595882939566, 'fire_exp': 1.1044852285094786, 'P_half': 51.10120656497163, 'pre_dampen_half': 7.6110013825922485, 'gpp_af': 1.6595781802652418, 'gpp_b': 0.00017319192149311345, 'gpp_d': 368.30088529547436, 'ign_k': 0.0467351899956275, 'ign_c': 10.140635645866492}.
[I 2026-08-06 02:41:58,830] Trial 236 finished with values: [10.679471392552347, 10.679471392552347] and parameters: {'k1': 0.006117912981900519, 'D_low': 1.1065812688893482, 'k2': 2.316457903103837e-05, 'D_high': 949.9072859745386, 'fire_exp': 1.14171776851287, 'P_half': 157.80309954142965, 'pre_dampen_half': 1.6130673726933187, 'gpp_af': 29.925002022877802, 'gpp_b': 0.011750724729953272, 'gpp_d': 4.5768578731086835, 'ign_k': 0.0026834162496848666, 'ign_c': 0.3528113274684997}.
[I 2026-08-06 02:42:00,046] Trial 237 finished with values: [10.234767634098716, 10.234767634098716] and parameters: {'k1': 0.03699867920489089, 'D_low': 1112.9571947046009, 'k2': 3.5917714215176105e-05, 'D_high': 75773.14388518519, 'fire_exp': 1.5201277403788451, 'P_half': 24.136213194527585, 'pre_dampen_half': 304.7488318185732, 'gpp_af': 4.095062894476692, 'gpp_b': 3.228689523591491e-05, 'gpp_d': 5.878566318396007, 'ign_k': 0.03141110271934876, 'ign_c': 0.5110256715654393}.
[I 2026-08-06 02:42:01,250] Trial 238 finished with values: [10.769230769045793, 10.769230769045793] and parameters: {'k1': 0.0016129739560722712, 'D_low': 175.2878790340412, 'k2': 0.03210808548911189, 'D_high': 9769.756791866093, 'fire_exp': 7.943623315519552, 'P_half': 1627.0983114897251, 'pre_dampen_half': 53.73093479067421, 'gpp_af': 29.925002022877802, 'gpp_b': 0.011750724729953272, 'gpp_d': 4.5768578731086835, 'ign_k': 0.0026834162496848666, 'ign_c': 313.01151188508345}.
[I 2026-08-06 02:42:02,410] Trial 239 finished with values: [10.51435719266305, 10.51435719266305] and parameters: {'k1': 0.002971796631657383, 'D_low': 74.92772870670282, 'k2': 4.763991596630584e-05, 'D_high': 9769.756791866093, 'fire_exp': 1.010722707674549, 'P_half': 1627.0983114897251, 'pre_dampen_half': 53.73093479067421, 'gpp_af': 22.766850248686247, 'gpp_b': 0.011750724729953272, 'gpp_d': 4.5768578731086835, 'ign_k': 3.7173717478250508, 'ign_c': 14.367095138664217}.
[I 2026-08-06 02:42:03,825] Trial 240 finished with values: [10.519082733492471, 10.519082733492471] and parameters: {'k1': 0.002971796631657383, 'D_low': 29.89885508829526, 'k2': 0.0007081721844034209, 'D_high': 9769.756791866093, 'fire_exp': 1.0881360604103363, 'P_half': 10.226988730324324, 'pre_dampen_half': 107.40052367919465, 'gpp_af': 20.12115544906385, 'gpp_b': 0.03841303420847976, 'gpp_d': 0.11136446029400991, 'ign_k': 0.0026834162496848666, 'ign_c': 8.671454322584175}.
[I 2026-08-06 02:42:04,984] Trial 241 finished with values: [10.765664030792307, 10.765664030792307] and parameters: {'k1': 0.02714257255218683, 'D_low': 51.9967392387832, 'k2': 0.002523872675078018, 'D_high': 10427.291060979045, 'fire_exp': 1.0881360604103363, 'P_half': 10.226988730324324, 'pre_dampen_half': 36.876350096203005, 'gpp_af': 0.001339466259146302, 'gpp_b': 0.09777324906074064, 'gpp_d': 0.11136446029400991, 'ign_k': 0.03033111747878116, 'ign_c': 6.160975294741436}.
