[I 2026-06-10 22:28:20,635] Trial 265 finished with values: [10.28385851791371, 10.28385851791371] and parameters: {'k1': 0.0014452451441203328, 'D_low': 1.4002277211577039, 'k2': 0.0007731571570012607, 'D_high': 1817.0401889219124, 'fire_exp': 1.111738490499784, 'P_half': 61.6097529474144, 'pre_dampen_half': 79.2915624488668, 'gpp_af': 3.298293484806585, 'gpp_b': 0.006999112505425414, 'gpp_d': 1.0088237648985734, 'ign_k': 0.09256855841989636, 'ign_c': 1.9423015749984096, 'trop_agb_crit': 2.0527418919564324, 'trop_k_veg': 5.453348988480011, 'fire_amp': 1.2393473789150806}.
[I 2026-06-10 22:28:22,024] Trial 266 finished with values: [10.512078384867435, 10.512078384867435] and parameters: {'k1': 0.0001887567630782227, 'D_low': 171.2446447678494, 'k2': 0.0010726091927327822, 'D_high': 18108.14362107968, 'fire_exp': 1.9136159174067866, 'P_half': 277.00025557434554, 'pre_dampen_half': 269.0845367054866, 'gpp_af': 0.8057329182285734, 'gpp_b': 0.049565458633074926, 'gpp_d': 47.35384181058586, 'ign_k': 0.13500744867919376, 'ign_c': 1.3431925993528124, 'trop_agb_crit': 12.647327018493208, 'trop_k_veg': 4.0068236274914755, 'fire_amp': 1.1202509284327942}.
[I 2026-06-10 22:28:23,308] Trial 267 finished with values: [10.717330053953509, 10.717330053953509] and parameters: {'k1': 0.006079905434073396, 'D_low': 1074.940539517341, 'k2': 2.316457903103837e-05, 'D_high': 2295.7398214549485, 'fire_exp': 1.111738490499784, 'P_half': 2539.9645554516837, 'pre_dampen_half': 189.36639872354493, 'gpp_af': 3.298293484806585, 'gpp_b': 0.006999112505425414, 'gpp_d': 2.990423074145505, 'ign_k': 0.00840038491455979, 'ign_c': 7.832259769732471, 'trop_agb_crit': 1.438876022196885, 'trop_k_veg': 1.6648666152166967, 'fire_amp': 2.042193818779288}.
[I 2026-06-10 22:28:24,536] Trial 268 finished with values: [10.189330948820817, 10.189330948820817] and parameters: {'k1': 0.0001887567630782227, 'D_low': 2396.0796124300746, 'k2': 0.003767022142229395, 'D_high': 431.45617043093523, 'fire_exp': 1.0601964743503993, 'P_half': 4.213183643253957, 'pre_dampen_half': 30.456909077772018, 'gpp_af': 1.7775411110039254, 'gpp_b': 0.16285506249643175, 'gpp_d': 95.2715755007094, 'ign_k': 1.636529060071807, 'ign_c': 1.3431925993528124, 'trop_agb_crit': 1.8285200278523417, 'trop_k_veg': 0.6488368931910606, 'fire_amp': 4.19233232783727}.
[I 2026-06-10 22:28:25,858] Trial 269 finished with values: [-0.39189365298162165, 0.6655780499598356] and parameters: {'k1': 0.0869690639641868, 'D_low': 2267.735223551285, 'k2': 0.02065142557895925, 'D_high': 48235.58283024493, 'fire_exp': 1.9095652801045373, 'P_half': 118.94665366442581, 'pre_dampen_half': 9.044346216330972, 'gpp_af': 6.384685545228285, 'gpp_b': 2.800940363375676e-05, 'gpp_d': 0.4742269251269962, 'ign_k': 1.6270983114897255, 'ign_c': 0.6235377135673155, 'trop_agb_crit': 1.0189592979395135, 'trop_k_veg': 4.796046723963646, 'fire_amp': 2.6192385880432525}.
[I 2026-06-10 22:28:27,136] Trial 270 finished with values: [10.36607092379221, 10.36607092379221] and parameters: {'k1': 5.7909642338812115e-05, 'D_low': 2267.735223551285, 'k2': 0.0007731571570012607, 'D_high': 1817.0401889219124, 'fire_exp': 1.1633452995374232, 'P_half': 118.94665366442581, 'pre_dampen_half': 435.2726865811943, 'gpp_af': 94.30595410350193, 'gpp_b': 0.004411400434514031, 'gpp_d': 1.0088237648985734, 'ign_k': 0.17320535908244444, 'ign_c': 0.4177928311636542, 'trop_agb_crit': 1.8566494291193822, 'trop_k_veg': 0.8097682578073301, 'fire_amp': 2.6192385880432525}.
[I 2026-06-10 22:28:28,426] Trial 271 finished with values: [10.047545486352814, 10.047545486352814] and parameters: {'k1': 0.0869690639641868, 'D_low': 146.24004590125713, 'k2': 0.003767022142229395, 'D_high': 48235.58283024493, 'fire_exp': 1.0601964743503993, 'P_half': 1265.0580856641704, 'pre_dampen_half': 9.044346216330972, 'gpp_af': 0.41874665092828456, 'gpp_b': 2.800940363375676e-05, 'gpp_d': 0.4742269251269962, 'ign_k': 0.17320535908244444, 'ign_c': 0.6235377135673155, 'trop_agb_crit': 1.0189592979395135, 'trop_k_veg': 4.796046723963646, 'fire_amp': 2.6192385880432525}.
[I 2026-06-10 22:28:29,790] Trial 272 finished with values: [-0.5451103499528496, 0.11640515878402802] and parameters: {'k1': 0.00026539376439360527, 'D_low': 1.4002277211577039, 'k2': 0.0012030178871154666, 'D_high': 27.55546207779663, 'fire_exp': 1.1633452995374232, 'P_half': 51.10120656497163, 'pre_dampen_half': 189.36639872354493, 'gpp_af': 0.41874665092828456, 'gpp_b': 0.004411400434514031, 'gpp_d': 1.0088237648985734, 'ign_k': 0.09256855841989636, 'ign_c': 0.4177928311636542, 'trop_agb_crit': 4.902399583903479, 'trop_k_veg': 2.1406449943451844, 'fire_amp': 5.615047466686494}.
[I 2026-06-10 22:28:31,088] Trial 273 finished with values: [-0.5989643088338112, 0.2985549069343991] and parameters: {'k1': 0.0869690639641868, 'D_low': 1.4002277211577039, 'k2': 0.0007731571570012607, 'D_high': 1266.9536563782303, 'fire_exp': 1.1633452995374232, 'P_half': 1.4551749476072258, 'pre_dampen_half': 189.36639872354493, 'gpp_af': 37.28155624293858, 'gpp_b': 0.004411400434514031, 'gpp_d': 7.631016235941559, 'ign_k': 0.17320535908244444, 'ign_c': 7.832259769732471, 'trop_agb_crit': 1.8566494291193822, 'trop_k_veg': 6.825463866194253, 'fire_amp': 1.4475279918261055}.
[I 2026-06-10 22:28:32,460] Trial 274 finished with values: [10.831496261961217, 10.831496261961217] and parameters: {'k1': 5.7909642338812115e-05, 'D_low': 23.307122788234057, 'k2': 0.0012030178871154666, 'D_high': 27.55546207779663, 'fire_exp': 4.291626251159958, 'P_half': 51.10120656497163, 'pre_dampen_half': 435.2726865811943, 'gpp_af': 0.41874665092828456, 'gpp_b': 0.004411400434514031, 'gpp_d': 1.0088237648985734, 'ign_k': 0.17320535908244444, 'ign_c': 0.4177928311636542, 'trop_agb_crit': 1.8566494291193822, 'trop_k_veg': 0.8097682578073301, 'fire_amp': 5.44779717154213}.
[I 2026-06-10 22:28:33,763] Trial 275 finished with values: [10.58351147838965, 10.58351147838965] and parameters: {'k1': 0.05347027553411487, 'D_low': 15.0613200804335, 'k2': 0.003767022142229395, 'D_high': 69868.4759244566, 'fire_exp': 1.0601964743503993, 'P_half': 8.318314747941244, 'pre_dampen_half': 0.011396414164620812, 'gpp_af': 29.700320404259642, 'gpp_b': 0.010307896803108956, 'gpp_d': 46.010874324515754, 'ign_k': 0.00840038491455979, 'ign_c': 48.704711413416454, 'trop_agb_crit': 12.9667438075127, 'trop_k_veg': 6.030247256556128, 'fire_amp': 4.19233232783727}.
[I 2026-06-10 22:28:35,050] Trial 276 finished with values: [10.714057078821574, 10.714057078821574] and parameters: {'k1': 2.570626095678496e-05, 'D_low': 1739.6167422846984, 'k2': 0.0001280886335404798, 'D_high': 32311.521854410956, 'fire_exp': 1.811096651915224, 'P_half': 5.4712187293420325, 'pre_dampen_half': 0.050654860639753524, 'gpp_af': 1.7775411110039254, 'gpp_b': 0.00031478066835753096, 'gpp_d': 95.2715755007094, 'ign_k': 3.6309591863459096, 'ign_c': 7.081721844034206, 'trop_agb_crit': 4.140875693557523, 'trop_k_veg': 0.5535297685306277, 'fire_amp': 2.818314238665462}.
[I 2026-06-10 22:28:36,739] Trial 277 finished with values: [10.150897267275807, 10.150897267275807] and parameters: {'k1': 0.00026539376439360527, 'D_low': 43.03411264066069, 'k2': 0.003767022142229395, 'D_high': 29.126651668813768, 'fire_exp': 1.111738490499784, 'P_half': 5.4712187293420325, 'pre_dampen_half': 121.93011993958949, 'gpp_af': 0.07118041471054574, 'gpp_b': 1.4540386644083135e-05, 'gpp_d': 0.12878367369717508, 'ign_k': 0.371259104528773, 'ign_c': 0.7619822175388142, 'trop_agb_crit': 1.0693376406863295, 'trop_k_veg': 1.6648666152166967, 'fire_amp': 4.19233232783727}.
[I 2026-06-10 22:28:38,368] Trial 278 finished with values: [10.833333333148357, 10.833333333148357] and parameters: {'k1': 0.017276056747028225, 'D_low': 171.2446447678494, 'k2': 0.02939607009739149, 'D_high': 42210.21267871043, 'fire_exp': 8.654231079054446, 'P_half': 277.00025557434554, 'pre_dampen_half': 269.0845367054866, 'gpp_af': 0.8057329182285734, 'gpp_b': 0.16285506249643175, 'gpp_d': 0.03927259340973166, 'ign_k': 3.6309591863459096, 'ign_c': 0.17036120617148395, 'trop_agb_crit': 3.5874145253515306, 'trop_k_veg': 4.0068236274914755, 'fire_amp': 1.1202509284327942}.
[I 2026-06-10 22:28:39,695] Trial 279 finished with values: [10.731085624513202, 10.731085624513202] and parameters: {'k1': 0.0008362695993649681, 'D_low': 1.4002277211577039, 'k2': 0.0012030178871154666, 'D_high': 1266.9536563782303, 'fire_exp': 1.111738490499784, 'P_half': 1.4551749476072258, 'pre_dampen_half': 189.36639872354493, 'gpp_af': 0.41874665092828456, 'gpp_b': 0.004411400434514031, 'gpp_d': 1.0088237648985734, 'ign_k': 0.002357279455676982, 'ign_c': 0.4177928311636542, 'trop_agb_crit': 24.199763404822136, 'trop_k_veg': 1.2749676887479542, 'fire_amp': 5.44779717154213}.
[I 2026-06-10 22:28:41,169] Trial 280 finished with values: [10.596708026581695, 10.596708026581695] and parameters: {'k1': 0.0869690639641868, 'D_low': 2267.735223551285, 'k2': 0.02065142557895925, 'D_high': 32311.521854410956, 'fire_exp': 1.811096651915224, 'P_half': 564.3426708406568, 'pre_dampen_half': 121.93011993958949, 'gpp_af': 10.25616274847308, 'gpp_b': 2.800940363375676e-05, 'gpp_d': 0.4742269251269962, 'ign_k': 0.002357279455676982, 'ign_c': 7.081721844034206, 'trop_agb_crit': 1.0189592979395135, 'trop_k_veg': 4.796046723963646, 'fire_amp': 2.6192385880432525}.
[I 2026-06-10 22:28:42,472] Trial 281 finished with values: [10.807854307652187, 10.807854307652187] and parameters: {'k1': 0.0001887567630782227, 'D_low': 50.32059347286801, 'k2': 1.8678768363332442e-05, 'D_high': 18108.14362107968, 'fire_exp': 1.811096651915224, 'P_half': 277.00025557434554, 'pre_dampen_half': 1.3833139021965035, 'gpp_af': 0.41874665092828456, 'gpp_b': 0.049565458633074926, 'gpp_d': 47.35384181058586, 'ign_k': 0.13500744867919376, 'ign_c': 1.3431925993528124, 'trop_agb_crit': 1.0693376406863295, 'trop_k_veg': 4.0068236274914755, 'fire_amp': 5.831305332032283}.
[I 2026-06-10 22:28:43,808] Trial 282 finished with values: [10.771368615741016, 10.771368615741016] and parameters: {'k1': 0.0001599021369655865, 'D_low': 236.79352040223893, 'k2': 0.006802810205786726, 'D_high': 6682.9607218310075, 'fire_exp': 1.2060040899560858, 'P_half': 2.226799690893868, 'pre_dampen_half': 0.011396414164620812, 'gpp_af': 1.9706963379095486, 'gpp_b': 1.1008110571039521e-05, 'gpp_d': 46.010874324515754, 'ign_k': 0.00840038491455979, 'ign_c': 48.704711413416454, 'trop_agb_crit': 12.9667438075127, 'trop_k_veg': 0.6673124511410327, 'fire_amp': 2.7806853670293616}.
[I 2026-06-10 22:28:45,506] Trial 283 finished with values: [10.438130393300822, 10.438130393300822] and parameters: {'k1': 0.0008362695993649681, 'D_low': 2186.356344942016, 'k2': 0.003767022142229395, 'D_high': 1817.0401889219124, 'fire_exp': 1.0601964743503993, 'P_half': 1265.0580856641704, 'pre_dampen_half': 189.36639872354493, 'gpp_af': 1.7775411110039254, 'gpp_b': 1.4540386644083135e-05, 'gpp_d': 7.631016235941559, 'ign_k': 0.17320535908244444, 'ign_c': 23.422386257929038, 'trop_agb_crit': 1.0693376406863295, 'trop_k_veg': 5.636143940068465, 'fire_amp': 5.831305332032283}.
[I 2026-06-10 22:28:47,000] Trial 284 finished with values: [10.485054456580318, 10.485054456580318] and parameters: {'k1': 0.00026539376439360527, 'D_low': 2396.0796124300746, 'k2': 0.0011135501184757278, 'D_high': 431.45617043093523, 'fire_exp': 1.111738490499784, 'P_half': 61.6097529474144, 'pre_dampen_half': 189.36639872354493, 'gpp_af': 27.78052183438328, 'gpp_b': 0.006999112505425414, 'gpp_d': 47.35384181058586, 'ign_k': 0.09256855841989636, 'ign_c': 7.081721844034206, 'trop_agb_crit': 2.0527418919564324, 'trop_k_veg': 2.520089655463604, 'fire_amp': 1.5719333351012774}.
[I 2026-06-10 22:28:48,372] Trial 285 finished with values: [13.208234291624859, 13.208234291624859] and parameters: {'k1': 0.00023134781612225627, 'D_low': 3840.3004190988563, 'k2': 0.0011135501184757278, 'D_high': 42210.21267871043, 'fire_exp': 1.2918065501148304, 'P_half': 1.859526645713404, 'pre_dampen_half': 9.044346216330972, 'gpp_af': 0.8144272585223832, 'gpp_b': 0.00031478066835753096, 'gpp_d': 0.7698760608299932, 'ign_k': 0.9419612235978201, 'ign_c': 0.10435856341129002, 'trop_agb_crit': 1.5033346993841157, 'trop_k_veg': 0.7808079158649266, 'fire_amp': 5.416595007374148}.
[I 2026-06-10 22:28:49,793] Trial 286 finished with values: [10.304596566307328, 10.304596566307328] and parameters: {'k1': 0.0002418422795847161, 'D_low': 1074.940539517341, 'k2': 1.1417577140741129e-05, 'D_high': 29.126651668813768, 'fire_exp': 1.111738490499784, 'P_half': 1.4551749476072258, 'pre_dampen_half': 189.36639872354493, 'gpp_af': 1.3954498518315706, 'gpp_b': 0.006999112505425414, 'gpp_d': 0.030844007727232167, 'ign_k': 0.09256855841989636, 'ign_c': 7.832259769732471, 'trop_agb_crit': 1.8023542850487386, 'trop_k_veg': 1.6648666152166967, 'fire_amp': 2.042193818779288}.
[I 2026-06-10 22:28:51,305] Trial 287 finished with values: [10.776815550815503, 10.776815550815503] and parameters: {'k1': 0.0869690639641868, 'D_low': 2267.735223551285, 'k2': 1.5178052094448868e-05, 'D_high': 48235.58283024493, 'fire_exp': 1.9095652801045373, 'P_half': 118.94665366442581, 'pre_dampen_half': 121.93011993958949, 'gpp_af': 1.9654778690222015, 'gpp_b': 0.05314875633348467, 'gpp_d': 0.1619054449471649, 'ign_k': 0.371259104528773, 'ign_c': 0.1276571787395169, 'trop_agb_crit': 1.1683326952092081, 'trop_k_veg': 4.796046723963646, 'fire_amp': 1.8357623383234334}.
[I 2026-06-10 22:28:52,975] Trial 288 finished with values: [10.833333333148357, 10.833333333148357] and parameters: {'k1': 0.00023134781612225627, 'D_low': 3063.001606653078, 'k2': 0.0011135501184757278, 'D_high': 42210.21267871043, 'fire_exp': 1.0601964743503993, 'P_half': 1265.0580856641704, 'pre_dampen_half': 121.93011993958949, 'gpp_af': 0.41874665092828456, 'gpp_b': 0.00031478066835753096, 'gpp_d': 46.010874324515754, 'ign_k': 0.17320535908244444, 'ign_c': 783.3500522138154, 'trop_agb_crit': 2.0527418919564324, 'trop_k_veg': 5.636143940068465, 'fire_amp': 5.831305332032283}.
[I 2026-06-10 22:28:54,553] Trial 289 finished with values: [10.11051617878258, 10.11051617878258] and parameters: {'k1': 0.00026539376439360527, 'D_low': 2267.735223551285, 'k2': 0.02065142557895925, 'D_high': 48235.58283024493, 'fire_exp': 1.111738490499784, 'P_half': 12.262543158860007, 'pre_dampen_half': 9.044346216330972, 'gpp_af': 3.298293484806585, 'gpp_b': 0.006999112505425414, 'gpp_d': 0.030844007727232167, 'ign_k': 1.6270983114897255, 'ign_c': 0.6235377135673155, 'trop_agb_crit': 1.8023542850487386, 'trop_k_veg': 4.796046723963646, 'fire_amp': 2.042193818779288}.
[I 2026-06-10 22:28:55,888] Trial 290 finished with values: [10.832920356124694, 10.832920356124694] and parameters: {'k1': 0.0004846497679219079, 'D_low': 7507.777979297807, 'k2': 0.019383858782150494, 'D_high': 69868.4759244566, 'fire_exp': 1.811096651915224, 'P_half': 45.55085098454082, 'pre_dampen_half': 2.736251365128462, 'gpp_af': 0.07118041471054574, 'gpp_b': 0.010307896803108956, 'gpp_d': 0.1619054449471649, 'ign_k': 0.001229921046579313, 'ign_c': 99.96359851911319, 'trop_agb_crit': 12.9667438075127, 'trop_k_veg': 0.5535297685306277, 'fire_amp': 1.5719333351012774}.
[I 2026-06-10 22:28:57,339] Trial 291 finished with values: [10.66656367277772, 10.66656367277772] and parameters: {'k1': 0.00026539376439360527, 'D_low': 2267.735223551285, 'k2': 1.1417577140741129e-05, 'D_high': 29.126651668813768, 'fire_exp': 1.14171776851287, 'P_half': 996.7983879709292, 'pre_dampen_half': 9.044346216330972, 'gpp_af': 3.298293484806585, 'gpp_b': 0.00013164432569139702, 'gpp_d': 0.030844007727232167, 'ign_k': 1.6270983114897255, 'ign_c': 0.33139424373451987, 'trop_agb_crit': 8.188098178380693, 'trop_k_veg': 2.1406449943451844, 'fire_amp': 2.6192385880432525}.
[I 2026-06-10 22:28:58,646] Trial 292 finished with values: [10.806040927700517, 10.806040927700517] and parameters: {'k1': 0.0032360993995751053, 'D_low': 12.105387404469584, 'k2': 0.003767022142229395, 'D_high': 29.126651668813768, 'fire_exp': 1.111738490499784, 'P_half': 2539.9645554516837, 'pre_dampen_half': 38.00678588560607, 'gpp_af': 1.9706963379095486, 'gpp_b': 1.4540386644083135e-05, 'gpp_d': 2.990423074145505, 'ign_k': 0.00840038491455979, 'ign_c': 48.704711413416454, 'trop_agb_crit': 1.0693376406863295, 'trop_k_veg': 0.6673124511410327, 'fire_amp': 2.042193818779288}.
[I 2026-06-10 22:28:59,984] Trial 293 finished with values: [10.791769894655053, 10.791769894655053] and parameters: {'k1': 0.0001887567630782227, 'D_low': 1079.0778643024298, 'k2': 0.0010726091927327822, 'D_high': 1266.9536563782303, 'fire_exp': 1.9136159174067866, 'P_half': 157.80309954142965, 'pre_dampen_half': 9.044346216330972, 'gpp_af': 0.004409093791567215, 'gpp_b': 5.0875243087016374e-05, 'gpp_d': 7.631016235941559, 'ign_k': 0.9419612235978201, 'ign_c': 0.10435856341129002, 'trop_agb_crit': 3.1419938725278875, 'trop_k_veg': 4.0068236274914755, 'fire_amp': 1.4475279918261055}.
[I 2026-06-10 22:29:01,508] Trial 294 finished with values: [10.211830019117361, 10.211830019117361] and parameters: {'k1': 0.0001887567630782227, 'D_low': 50.32059347286801, 'k2': 1.1417577140741129e-05, 'D_high': 1266.9536563782303, 'fire_exp': 1.9136159174067866, 'P_half': 1.4551749476072258, 'pre_dampen_half': 189.36639872354493, 'gpp_af': 3.298293484806585, 'gpp_b': 5.0875243087016374e-05, 'gpp_d': 7.631016235941559, 'ign_k': 0.09256855841989636, 'ign_c': 7.832259769732471, 'trop_agb_crit': 3.1419938725278875, 'trop_k_veg': 1.6648666152166967, 'fire_amp': 1.4475279918261055}.
[I 2026-06-10 22:29:03,384] Trial 295 finished with values: [10.736366161322152, 10.736366161322152] and parameters: {'k1': 5.7909642338812115e-05, 'D_low': 1.4002277211577039, 'k2': 0.0012030178871154666, 'D_high': 12.541447539026084, 'fire_exp': 1.1633452995374232, 'P_half': 1.226010546471291, 'pre_dampen_half': 1.8469033699850426, 'gpp_af': 0.41874665092828456, 'gpp_b': 0.004411400434514031, 'gpp_d': 1.0088237648985734, 'ign_k': 0.002357279455676982, 'ign_c': 0.4177928311636542, 'trop_agb_crit': 24.199763404822136, 'trop_k_veg': 5.453348988480011, 'fire_amp': 5.44779717154213}.
[I 2026-06-10 22:29:05,030] Trial 296 finished with values: [10.522924565717021, 10.522924565717021] and parameters: {'k1': 0.0001969885015387913, 'D_low': 2267.735223551285, 'k2': 0.0012030178871154666, 'D_high': 900.6846506533042, 'fire_exp': 1.1633452995374232, 'P_half': 157.80309954142965, 'pre_dampen_half': 123.04779330083686, 'gpp_af': 0.09885838682552685, 'gpp_b': 0.004411400434514031, 'gpp_d': 0.4742269251269962, 'ign_k': 0.002357279455676982, 'ign_c': 0.4177928311636542, 'trop_agb_crit': 24.199763404822136, 'trop_k_veg': 0.6618107836658104, 'fire_amp': 2.6192385880432525}.
[I 2026-06-10 22:29:06,795] Trial 297 finished with values: [10.833333333148357, 10.833333333148357] and parameters: {'k1': 0.0001887567630782227, 'D_low': 2396.0796124300746, 'k2': 0.003767022142229395, 'D_high': 431.45617043093523, 'fire_exp': 1.0601964743503993, 'P_half': 1265.0580856641704, 'pre_dampen_half': 30.456909077772018, 'gpp_af': 0.41874665092828456, 'gpp_b': 1.4540386644083135e-05, 'gpp_d': 46.010874324515754, 'ign_k': 0.17320535908244444, 'ign_c': 120.67843549291506, 'trop_agb_crit': 10.2166878366619, 'trop_k_veg': 5.636143940068465, 'fire_amp': 4.19233232783727}.
[I 2026-06-10 22:29:08,965] Trial 298 finished with values: [11.140971829022382, 11.140971829022382] and parameters: {'k1': 0.0869690639641868, 'D_low': 2396.0796124300746, 'k2': 0.02065142557895925, 'D_high': 48235.58283024493, 'fire_exp': 1.9095652801045373, 'P_half': 118.94665366442581, 'pre_dampen_half': 9.044346216330972, 'gpp_af': 1.3954498518315706, 'gpp_b': 2.800940363375676e-05, 'gpp_d': 1.6963424566071992, 'ign_k': 1.636529060071807, 'ign_c': 0.6235377135673155, 'trop_agb_crit': 1.5033346993841157, 'trop_k_veg': 4.796046723963646, 'fire_amp': 5.416595007374148}.
[I 2026-06-10 22:29:10,694] Trial 299 finished with values: [10.628375236038858, 10.628375236038858] and parameters: {'k1': 5.7909642338812115e-05, 'D_low': 1.4002277211577039, 'k2': 0.0001016707987819611, 'D_high': 570.8731724249576, 'fire_exp': 1.4690410989404576, 'P_half': 51.10120656497163, 'pre_dampen_half': 123.04779330083686, 'gpp_af': 42.29037995744429, 'gpp_b': 0.004411400434514031, 'gpp_d': 545.0253444559129, 'ign_k': 0.002357279455676982, 'ign_c': 0.4177928311636542, 'trop_agb_crit': 24.199763404822136, 'trop_k_veg': 6.172643383211297, 'fire_amp': 1.032981306188127}.
[I 2026-06-10 22:29:12,453] Trial 300 finished with values: [10.780947983784552, 10.780947983784552] and parameters: {'k1': 0.03648456083047798, 'D_low': 12.105387404469584, 'k2': 0.003767022142229395, 'D_high': 124.31017136067044, 'fire_exp': 1.2060040899560858, 'P_half': 2.226799690893868, 'pre_dampen_half': 4.847666216751353, 'gpp_af': 96.74365715402625, 'gpp_b': 1.4540386644083135e-05, 'gpp_d': 1.4397852866783676, 'ign_k': 0.00840038491455979, 'ign_c': 48.704711413416454, 'trop_agb_crit': 12.9667438075127, 'trop_k_veg': 0.6673124511410327, 'fire_amp': 2.7806853670293616}.
[I 2026-06-10 22:29:13,954] Trial 301 finished with values: [10.758885272800534, 10.758885272800534] and parameters: {'k1': 0.0001887567630782227, 'D_low': 50.32059347286801, 'k2': 0.0010726091927327822, 'D_high': 27.55546207779663, 'fire_exp': 1.9136159174067866, 'P_half': 51.10120656497163, 'pre_dampen_half': 189.36639872354493, 'gpp_af': 0.9219336658511308, 'gpp_b': 0.0036065155862388338, 'gpp_d': 7.631016235941559, 'ign_k': 0.09256855841989636, 'ign_c': 0.773448215664679, 'trop_agb_crit': 3.1419938725278875, 'trop_k_veg': 4.0068236274914755, 'fire_amp': 1.4475279918261055}.
