[I 2026-08-20 00:39:52,631] Trial 928 finished with value: 0.5495711981462816 and parameters: {'k1': 0.00041263989516750026, 'D_low': 17077.357497864337, 'k2': 0.01779130307270374, 'D_high': 569903.2465798428, 'fire_exp': 8.94994547554621, 'P_half': 19.978150428485566, 'pre_dampen_half': 5.525567959433281, 'gpp_af': 0.06390651833612061, 'gpp_b': 0.00026600394705955215, 'gpp_d': 33.29395552912778, 'ign_k': 2.1353336771453204, 'ign_c': 2.619739469614926, 'trop_agb_crit': 4.6551992183164295, 'trop_k_veg': 1.2081377367512236, 'pop_amp': 0.04374290005784396, 'pop_peak': 0.12333445014971554, 'pop_sig': 0.8375742731991072}. Best is trial 274 with value: -0.604910391627968.
[I 2026-08-20 00:39:54,428] Trial 929 finished with value: 0.5606558851235149 and parameters: {'k1': 0.0001662164417992578, 'D_low': 17.294293859053685, 'k2': 0.012092169215401911, 'D_high': 16202.517700630084, 'fire_exp': 1.6172879472322221, 'P_half': 4.268969070210532, 'pre_dampen_half': 0.06903431402274503, 'gpp_af': 0.03575920997425724, 'gpp_b': 0.0002182165188185187, 'gpp_d': 35.77669842337514, 'ign_k': 0.0054278706509731465, 'ign_c': 3.182580163668322, 'trop_agb_crit': 15.116472075796356, 'trop_k_veg': 0.7120349998120113, 'pop_amp': 5.745559868776523, 'pop_peak': 10.609780671638312, 'pop_sig': 0.9049985176556028}. Best is trial 274 with value: -0.604910391627968.
[I 2026-08-20 00:39:56,232] Trial 930 finished with value: 0.6416350651680699 and parameters: {'k1': 0.0073120568388962, 'D_low': 1874.8320801674422, 'k2': 0.0013272871065744991, 'D_high': 4975061.505083531, 'fire_exp': 1.5596773300369169, 'P_half': 599.8474104366586, 'pre_dampen_half': 313.3442620424973, 'gpp_af': 0.2932190777613877, 'gpp_b': 0.0001344540317889568, 'gpp_d': 130.21414890060043, 'ign_k': 2.4087543080984095, 'ign_c': 35.8972285934617, 'trop_agb_crit': 7.532905521765945, 'trop_k_veg': 0.8466349118210026, 'pop_amp': 0.0017594938047565953, 'pop_peak': 265.4139254512508, 'pop_sig': 1.0849882938646263}. Best is trial 274 with value: -0.604910391627968.
[I 2026-08-20 00:39:58,039] Trial 931 finished with value: 0.6015895792453576 and parameters: {'k1': 0.0019049423162328044, 'D_low': 281.42270564413445, 'k2': 0.07181419261749993, 'D_high': 1730492.2843046458, 'fire_exp': 1.1345225080293186, 'P_half': 30.167424141171715, 'pre_dampen_half': 2.4469439628648404, 'gpp_af': 0.05863858691096625, 'gpp_b': 1.2051167851081911e-05, 'gpp_d': 0.23069235194614776, 'ign_k': 1.9072115476912637, 'ign_c': 32.60629414068282, 'trop_agb_crit': 3.924767380040477, 'trop_k_veg': 3.752366178247476, 'pop_amp': 0.45546645227000476, 'pop_peak': 0.36609390312336976, 'pop_sig': 0.5383104092126959}. Best is trial 274 with value: -0.604910391627968.
[I 2026-08-20 00:40:00,026] Trial 932 finished with value: 0.625981470749338 and parameters: {'k1': 0.015882505338699164, 'D_low': 6452.712078130468, 'k2': 0.09640674971382238, 'D_high': 146344.5077899965, 'fire_exp': 1.46556947629943, 'P_half': 1.0756641772945714, 'pre_dampen_half': 6.94883736356882, 'gpp_af': 0.009243272064221889, 'gpp_b': 0.0002608066049337888, 'gpp_d': 857.2613630241831, 'ign_k': 0.0035511295827644986, 'ign_c': 0.7599447937590479, 'trop_agb_crit': 5.324073221178766, 'trop_k_veg': 2.464560461443351, 'pop_amp': 11.894137494976764, 'pop_peak': 20.949642784879074, 'pop_sig': 1.802746388503028}. Best is trial 274 with value: -0.604910391627968.
[I 2026-08-20 00:40:01,828] Trial 933 finished with value: 0.4528892284508377 and parameters: {'k1': 0.0009254768604274592, 'D_low': 968.4259619133069, 'k2': 0.006824025763899558, 'D_high': 112530.2646839814, 'fire_exp': 3.2876897116576766, 'P_half': 12.095147558649474, 'pre_dampen_half': 156.83819831061356, 'gpp_af': 0.31036085292626325, 'gpp_b': 2.381360584330868e-05, 'gpp_d': 175.9740788094022, 'ign_k': 5.78827769411796, 'ign_c': 21.95491886365745, 'trop_agb_crit': 8.469657677558338, 'trop_k_veg': 1.023229294673929, 'pop_amp': 0.6229504918142653, 'pop_peak': 0.18661700970736633, 'pop_sig': 1.0385446483009768}. Best is trial 274 with value: -0.604910391627968.
[I 2026-08-20 00:40:03,608] Trial 934 finished with value: -0.5593731116767647 and parameters: {'k1': 9.28920943413935e-05, 'D_low': 480.44711968536296, 'k2': 0.029436409227241056, 'D_high': 5180100.874663446, 'fire_exp': 4.269869860278428, 'P_half': 49.932889662237535, 'pre_dampen_half': 330.12583344696634, 'gpp_af': 0.019411697370792624, 'gpp_b': 0.0015513449526069905, 'gpp_d': 61.36423340291695, 'ign_k': 4.517017128307831, 'ign_c': 3.327066731982362, 'trop_agb_crit': 1.894126162416551, 'trop_k_veg': 2.512569897980636, 'pop_amp': 0.9166319902774339, 'pop_peak': 2.846966761041087, 'pop_sig': 1.2501063924212765}. Best is trial 274 with value: -0.604910391627968.
[I 2026-08-20 00:40:05,455] Trial 935 finished with value: -0.5749979275566494 and parameters: {'k1': 0.0005884495420236674, 'D_low': 76.0504574194417, 'k2': 0.03874960743060738, 'D_high': 1066064.4031105016, 'fire_exp': 1.398573948031145, 'P_half': 165.54715367213458, 'pre_dampen_half': 0.07421010897516424, 'gpp_af': 0.0010947346851059776, 'gpp_b': 2.4011727977002346e-05, 'gpp_d': 0.15852417319987044, 'ign_k': 0.41096703042083005, 'ign_c': 10.370775883669246, 'trop_agb_crit': 2.6279920872453633, 'trop_k_veg': 3.339199138941364, 'pop_amp': 7.912629268027392, 'pop_peak': 17.07627459859151, 'pop_sig': 0.5527694433837405}. Best is trial 274 with value: -0.604910391627968.
[I 2026-08-20 00:40:07,253] Trial 936 finished with value: 0.46826420413920056 and parameters: {'k1': 6.27865323678211e-05, 'D_low': 4.768488228309846, 'k2': 0.060936213655550464, 'D_high': 835956.8832880437, 'fire_exp': 1.1048763589592785, 'P_half': 2.4794118627257764, 'pre_dampen_half': 2.691096290325719, 'gpp_af': 0.023672077240571764, 'gpp_b': 0.0027468214943163613, 'gpp_d': 0.015442665117985968, 'ign_k': 0.7725443466025365, 'ign_c': 4.836864850921173, 'trop_agb_crit': 1.951647944023513, 'trop_k_veg': 2.3570711998878098, 'pop_amp': 6.419416817011536, 'pop_peak': 100.60512419275378, 'pop_sig': 0.563276872312443}. Best is trial 274 with value: -0.604910391627968.
[I 2026-08-20 00:40:09,042] Trial 937 finished with value: -0.5884858899300143 and parameters: {'k1': 0.001880414268948597, 'D_low': 81.19768664478671, 'k2': 0.027637316267784973, 'D_high': 1123494.601667306, 'fire_exp': 1.0888190576678893, 'P_half': 278.41573844515926, 'pre_dampen_half': 0.032943550878072894, 'gpp_af': 0.004878147692221715, 'gpp_b': 0.0001215011579306067, 'gpp_d': 0.25359696382958313, 'ign_k': 0.3190521833182821, 'ign_c': 3.985573906401273, 'trop_agb_crit': 2.526490215439797, 'trop_k_veg': 4.990157718655552, 'pop_amp': 5.655082857663071, 'pop_peak': 11.252357211561794, 'pop_sig': 0.7202312308867218}. Best is trial 274 with value: -0.604910391627968.
[I 2026-08-20 00:40:10,837] Trial 938 finished with value: 0.5877384867519538 and parameters: {'k1': 0.00022923961748514996, 'D_low': 17229.617796340863, 'k2': 0.0017114688962394198, 'D_high': 591109.987964654, 'fire_exp': 4.134563978643967, 'P_half': 1564.658777130251, 'pre_dampen_half': 3.7765237735876234, 'gpp_af': 0.24315735488855456, 'gpp_b': 0.001418341278894862, 'gpp_d': 175.85344274576906, 'ign_k': 0.022048042912477403, 'ign_c': 0.5847420145567039, 'trop_agb_crit': 8.913149081334092, 'trop_k_veg': 6.500533081113916, 'pop_amp': 0.5996136105585234, 'pop_peak': 1.2779889418392143, 'pop_sig': 0.3809142428177234}. Best is trial 274 with value: -0.604910391627968.
[I 2026-08-20 00:40:12,631] Trial 939 finished with value: 0.5968128370082609 and parameters: {'k1': 0.012611880240483136, 'D_low': 112.3979620109857, 'k2': 0.0027465855475840286, 'D_high': 4651.358535982154, 'fire_exp': 1.0433304083654749, 'P_half': 522.5588078346976, 'pre_dampen_half': 0.03666329809143882, 'gpp_af': 0.024122708742989222, 'gpp_b': 0.00033207016365418434, 'gpp_d': 0.011331217293175776, 'ign_k': 0.09187494439375106, 'ign_c': 27.332756133415444, 'trop_agb_crit': 1.1495684881305235, 'trop_k_veg': 1.831388081232768, 'pop_amp': 1.4960823347176957, 'pop_peak': 12.580789849518224, 'pop_sig': 0.5191298517594265}. Best is trial 274 with value: -0.604910391627968.
[I 2026-08-20 00:40:14,423] Trial 940 finished with value: 0.5550486046898542 and parameters: {'k1': 0.003505618628576143, 'D_low': 3191.473393923796, 'k2': 0.0038091317550609147, 'D_high': 409740.33168482006, 'fire_exp': 6.832793053332789, 'P_half': 232.8511254236175, 'pre_dampen_half': 7.299046411072856, 'gpp_af': 0.9369550272832878, 'gpp_b': 0.0001320453603029042, 'gpp_d': 62.71769887207916, 'ign_k': 1.7617629388886265, 'ign_c': 3.0905347643328205, 'trop_agb_crit': 22.405179906902998, 'trop_k_veg': 1.372767156862447, 'pop_amp': 0.16348973041781198, 'pop_peak': 0.14465681836421157, 'pop_sig': 1.1182368144520582}. Best is trial 274 with value: -0.604910391627968.
[I 2026-08-20 00:40:16,242] Trial 941 finished with value: 0.5616035464184781 and parameters: {'k1': 0.0027253167391381844, 'D_low': 189.51623527260583, 'k2': 0.01721017663162418, 'D_high': 124209.6291488469, 'fire_exp': 1.0151746868740916, 'P_half': 6.526821318733778, 'pre_dampen_half': 0.014486456353077737, 'gpp_af': 0.08597730400149553, 'gpp_b': 0.002414615273210571, 'gpp_d': 0.19592466784632462, 'ign_k': 0.0022380334181136214, 'ign_c': 0.5488337572570334, 'trop_agb_crit': 2.827894251582069, 'trop_k_veg': 1.1255571671327764, 'pop_amp': 0.5610453777334503, 'pop_peak': 42.55965742689124, 'pop_sig': 1.3672920365739274}. Best is trial 274 with value: -0.604910391627968.
[I 2026-08-20 00:40:18,063] Trial 942 finished with value: 0.469020952102176 and parameters: {'k1': 0.005508888052738001, 'D_low': 10.318951270262822, 'k2': 0.030982065447126898, 'D_high': 6769506.0524067655, 'fire_exp': 1.2903220221025968, 'P_half': 59.89743223256401, 'pre_dampen_half': 0.06801109209155205, 'gpp_af': 0.06773779545300446, 'gpp_b': 5.509887787544499e-05, 'gpp_d': 0.2590584806506287, 'ign_k': 0.023271724376787383, 'ign_c': 9.183884734137163, 'trop_agb_crit': 2.7501088077135027, 'trop_k_veg': 1.9580071251565043, 'pop_amp': 1.9388566275981152, 'pop_peak': 141.1322677715964, 'pop_sig': 1.4122584370357163}. Best is trial 274 with value: -0.604910391627968.
[I 2026-08-20 00:40:19,859] Trial 943 finished with value: 0.578004748184087 and parameters: {'k1': 4.6314454009374337e-05, 'D_low': 1023.3229595261259, 'k2': 0.06197750003113835, 'D_high': 18083.821680420635, 'fire_exp': 2.313775733566798, 'P_half': 11.375247048019997, 'pre_dampen_half': 10.411061831523043, 'gpp_af': 0.006257599478728762, 'gpp_b': 0.003832414037591249, 'gpp_d': 0.6504415944830232, 'ign_k': 0.7305419608140591, 'ign_c': 1.9589310320292241, 'trop_agb_crit': 7.337726306127956, 'trop_k_veg': 7.0291803151326295, 'pop_amp': 0.8498255733683383, 'pop_peak': 0.08242888299040589, 'pop_sig': 0.8045292243203731}. Best is trial 274 with value: -0.604910391627968.
[I 2026-08-20 00:40:21,896] Trial 944 finished with value: 0.49093264844677464 and parameters: {'k1': 0.00016993013734680127, 'D_low': 95.47968168216555, 'k2': 0.02907300129218018, 'D_high': 250578.90297450955, 'fire_exp': 3.1084385069930844, 'P_half': 12.547418876200007, 'pre_dampen_half': 2.140258282981692, 'gpp_af': 0.0082720273336358, 'gpp_b': 1.6560051170402822e-05, 'gpp_d': 0.2243564873655186, 'ign_k': 1.1785763566982848, 'ign_c': 2.8677129967756034, 'trop_agb_crit': 1.5546419165335488, 'trop_k_veg': 7.684770394275114, 'pop_amp': 14.685838688014757, 'pop_peak': 0.1732590722261314, 'pop_sig': 0.3998023414984842}. Best is trial 274 with value: -0.604910391627968.
[I 2026-08-20 00:40:23,724] Trial 945 finished with value: 0.5860111773394814 and parameters: {'k1': 0.0004743951931629507, 'D_low': 4.145197143388534, 'k2': 0.09763163224534877, 'D_high': 203579.33359604923, 'fire_exp': 2.487077699590617, 'P_half': 75.02043258913986, 'pre_dampen_half': 1.2166072141121502, 'gpp_af': 0.35450155062331673, 'gpp_b': 0.04178348298509668, 'gpp_d': 0.11517564198500004, 'ign_k': 7.882584287147115, 'ign_c': 16.42401004107858, 'trop_agb_crit': 1.0021028959723735, 'trop_k_veg': 3.1234062003098044, 'pop_amp': 3.9661145301792167, 'pop_peak': 0.0712722560126754, 'pop_sig': 0.31243983980258344}. Best is trial 274 with value: -0.604910391627968.
[I 2026-08-20 00:40:25,526] Trial 946 finished with value: 0.469922486654051 and parameters: {'k1': 0.0003731897441223596, 'D_low': 242.0743542799041, 'k2': 0.04756242401407209, 'D_high': 1477901.3794383656, 'fire_exp': 1.1087230841936002, 'P_half': 265.6696515649504, 'pre_dampen_half': 0.01712096770605788, 'gpp_af': 0.024380305944021647, 'gpp_b': 0.0003737182800258654, 'gpp_d': 0.03676154356012494, 'ign_k': 0.39308391813485816, 'ign_c': 0.5248962898906719, 'trop_agb_crit': 2.2239856660755764, 'trop_k_veg': 4.901615538742435, 'pop_amp': 19.22010059598968, 'pop_peak': 51.56598817928251, 'pop_sig': 1.1140986755681097}. Best is trial 274 with value: -0.604910391627968.
[I 2026-08-20 00:40:27,382] Trial 947 finished with value: 0.6445374145881376 and parameters: {'k1': 0.0012090460176778662, 'D_low': 22378.034103565915, 'k2': 0.0382908609618124, 'D_high': 454121.7774826988, 'fire_exp': 7.11488052937618, 'P_half': 6.032962418361086, 'pre_dampen_half': 7.839242531883831, 'gpp_af': 0.13645520447764736, 'gpp_b': 0.01684966984045, 'gpp_d': 316.5161813631297, 'ign_k': 0.48702250726843116, 'ign_c': 88.8925939900075, 'trop_agb_crit': 23.768694018053424, 'trop_k_veg': 0.5757421228835671, 'pop_amp': 0.1995505855491348, 'pop_peak': 6.6123319817888335, 'pop_sig': 0.5265447828413204}. Best is trial 274 with value: -0.604910391627968.
[I 2026-08-20 00:40:29,205] Trial 948 finished with value: 0.46584776163200126 and parameters: {'k1': 0.014023170016931206, 'D_low': 8058.539734810504, 'k2': 0.0003048541947216034, 'D_high': 299353.0123847298, 'fire_exp': 3.228769660575927, 'P_half': 148.60116755851791, 'pre_dampen_half': 40.582559705196964, 'gpp_af': 1.6762077265296622, 'gpp_b': 0.0019915047890982063, 'gpp_d': 205.82092547332763, 'ign_k': 0.08730368316416678, 'ign_c': 0.16121854160106902, 'trop_agb_crit': 15.484957182346438, 'trop_k_veg': 3.7867777518316337, 'pop_amp': 0.10919247013203548, 'pop_peak': 1.4175171308291845, 'pop_sig': 0.6209175262762214}. Best is trial 274 with value: -0.604910391627968.
[I 2026-08-20 00:40:30,990] Trial 949 finished with value: 0.560913177298674 and parameters: {'k1': 0.0022615899758528, 'D_low': 1.2971844295129653, 'k2': 0.014943461859008907, 'D_high': 570277.2495119222, 'fire_exp': 1.1668575802231422, 'P_half': 375.8860604982985, 'pre_dampen_half': 0.028696005543676878, 'gpp_af': 0.0035654746931711072, 'gpp_b': 7.890455473423044e-05, 'gpp_d': 0.029757677149346073, 'ign_k': 0.15982027734513662, 'ign_c': 22.400769790237494, 'trop_agb_crit': 5.506669661585219, 'trop_k_veg': 3.063410052847211, 'pop_amp': 0.1315438132937288, 'pop_peak': 18.72757745930871, 'pop_sig': 0.8002545773957135}. Best is trial 274 with value: -0.604910391627968.
[I 2026-08-20 00:40:32,793] Trial 950 finished with value: 0.5555633717092998 and parameters: {'k1': 6.246172142750542e-05, 'D_low': 27.003567732282484, 'k2': 0.006676993387857988, 'D_high': 5315810.897173879, 'fire_exp': 1.4111313160780932, 'P_half': 1006.1554723128405, 'pre_dampen_half': 3.757093463023761, 'gpp_af': 0.011093631265040796, 'gpp_b': 1.3690617953818796e-05, 'gpp_d': 6.924787131002631, 'ign_k': 5.409807112344117, 'ign_c': 26.737989246272342, 'trop_agb_crit': 3.1329154283610703, 'trop_k_veg': 2.7893119945550584, 'pop_amp': 2.723620205636991, 'pop_peak': 0.1632246771790329, 'pop_sig': 0.7190370347205542}. Best is trial 274 with value: -0.604910391627968.
[I 2026-08-20 00:40:34,561] Trial 951 finished with value: 0.5525228805752448 and parameters: {'k1': 0.00036616934796895666, 'D_low': 3.370092558085655, 'k2': 0.004595280971474741, 'D_high': 4461200.09419186, 'fire_exp': 1.4488833880180965, 'P_half': 3.836364920365232, 'pre_dampen_half': 1.9088040531931156, 'gpp_af': 0.0037958742989791508, 'gpp_b': 0.00013155331889621243, 'gpp_d': 0.07226082085989832, 'ign_k': 0.012904579993384848, 'ign_c': 0.9588107527150516, 'trop_agb_crit': 5.160232740107852, 'trop_k_veg': 1.415533335221696, 'pop_amp': 9.343078493066066, 'pop_peak': 7.3914571083850085, 'pop_sig': 2.387970999883458}. Best is trial 274 with value: -0.604910391627968.
[I 2026-08-20 00:40:36,352] Trial 952 finished with value: -0.570339318297837 and parameters: {'k1': 0.0018695259335871734, 'D_low': 33.390474237897685, 'k2': 0.0038942396520913864, 'D_high': 2184268.9095659507, 'fire_exp': 2.043719661730547, 'P_half': 57.375471630032905, 'pre_dampen_half': 4.4798392138799805, 'gpp_af': 0.024640206522591537, 'gpp_b': 0.00485162182523677, 'gpp_d': 889.7135445666354, 'ign_k': 0.8071653826908387, 'ign_c': 0.2969951772348904, 'trop_agb_crit': 14.183021913295697, 'trop_k_veg': 2.9046232653936985, 'pop_amp': 0.4685123127122311, 'pop_peak': 1.7652604113697152, 'pop_sig': 0.832139948328608}. Best is trial 274 with value: -0.604910391627968.
[I 2026-08-20 00:40:38,165] Trial 953 finished with value: 0.6445374145881376 and parameters: {'k1': 6.849427917688097e-05, 'D_low': 2855.5271973391864, 'k2': 0.006080501532750257, 'D_high': 924315.653478128, 'fire_exp': 7.678682191723326, 'P_half': 33.57338672731017, 'pre_dampen_half': 108.69413789768973, 'gpp_af': 0.6854799642948397, 'gpp_b': 0.00797291735899738, 'gpp_d': 50.920238562129505, 'ign_k': 4.415923554607338, 'ign_c': 93.91032374698763, 'trop_agb_crit': 10.307539245602928, 'trop_k_veg': 1.9888346628806388, 'pop_amp': 0.6172245189423962, 'pop_peak': 3.9881929395468663, 'pop_sig': 0.7456142855053219}. Best is trial 274 with value: -0.604910391627968.
[I 2026-08-20 00:40:39,945] Trial 954 finished with value: 0.5019667292040075 and parameters: {'k1': 0.000666581526048636, 'D_low': 658.9622942154732, 'k2': 0.026333600303173398, 'D_high': 20933.052217267785, 'fire_exp': 2.6707047447276415, 'P_half': 142.5220029564926, 'pre_dampen_half': 70.47308306226775, 'gpp_af': 0.25715595471267655, 'gpp_b': 0.0018841759446778694, 'gpp_d': 571.9815544084445, 'ign_k': 0.07643454000707017, 'ign_c': 18.84395325790589, 'trop_agb_crit': 15.518597048304494, 'trop_k_veg': 3.5402259528245517, 'pop_amp': 4.6172145081881455, 'pop_peak': 0.9566753887262799, 'pop_sig': 0.6507232643083422}. Best is trial 274 with value: -0.604910391627968.
[I 2026-08-20 00:40:41,775] Trial 955 finished with value: 0.5286296561784989 and parameters: {'k1': 0.002763453921250785, 'D_low': 1.2699057923277204, 'k2': 0.06065251472949469, 'D_high': 9307535.990352308, 'fire_exp': 1.189477177653049, 'P_half': 17.021396057732446, 'pre_dampen_half': 0.03849127099955051, 'gpp_af': 0.06383197091200118, 'gpp_b': 1.28281593385331e-05, 'gpp_d': 0.7945799973289059, 'ign_k': 0.0026376290640197295, 'ign_c': 0.2407270324931486, 'trop_agb_crit': 5.612811150964675, 'trop_k_veg': 1.0843535072572272, 'pop_amp': 0.32446411652706086, 'pop_peak': 1.9529278604912341, 'pop_sig': 1.4380851100579923}. Best is trial 274 with value: -0.604910391627968.
[I 2026-08-20 00:40:43,816] Trial 956 finished with value: 0.5764441984893118 and parameters: {'k1': 0.015913283695702673, 'D_low': 112.02144747440649, 'k2': 0.09730986281797004, 'D_high': 2690899.2044728356, 'fire_exp': 1.5212293691059091, 'P_half': 3436.012091265963, 'pre_dampen_half': 0.02242406558917634, 'gpp_af': 0.003078485807217247, 'gpp_b': 0.0002354924028163177, 'gpp_d': 0.13106353769220913, 'ign_k': 0.44740780544024245, 'ign_c': 0.2313419720010897, 'trop_agb_crit': 1.93791103936388, 'trop_k_veg': 7.5793684311329415, 'pop_amp': 1.5877120849113546, 'pop_peak': 78.9581119007143, 'pop_sig': 0.6637643158477563}. Best is trial 274 with value: -0.604910391627968.
[I 2026-08-20 00:40:45,623] Trial 957 finished with value: 0.5796912166122046 and parameters: {'k1': 0.012155894591981646, 'D_low': 146.76798160138216, 'k2': 0.03503807868066747, 'D_high': 1149798.4847545, 'fire_exp': 1.386447424548886, 'P_half': 68.03516813959828, 'pre_dampen_half': 0.01588044976540073, 'gpp_af': 0.006206303073377597, 'gpp_b': 0.00015247480699474077, 'gpp_d': 0.02081060822669222, 'ign_k': 0.28303762941486693, 'ign_c': 49.76246509683359, 'trop_agb_crit': 2.806176581414957, 'trop_k_veg': 2.8109611428187766, 'pop_amp': 11.146872225002014, 'pop_peak': 1.0088669414743483, 'pop_sig': 1.6341321779744415}. Best is trial 274 with value: -0.604910391627968.
[I 2026-08-20 00:40:47,460] Trial 958 finished with value: 0.6152065042847836 and parameters: {'k1': 0.0012770546496137648, 'D_low': 130812.30630504235, 'k2': 0.0050849776473974265, 'D_high': 232252.54614086804, 'fire_exp': 7.534800694682734, 'P_half': 21.292455142687697, 'pre_dampen_half': 72.92987472917977, 'gpp_af': 0.12319202022632791, 'gpp_b': 1.2326083291602113e-05, 'gpp_d': 993.1975035031567, 'ign_k': 4.821148670889358, 'ign_c': 10.584040799555082, 'trop_agb_crit': 14.355849829408433, 'trop_k_veg': 1.6789744167188263, 'pop_amp': 0.0401875953185947, 'pop_peak': 0.2013097746931187, 'pop_sig': 0.7755682338924413}. Best is trial 274 with value: -0.604910391627968.
[I 2026-08-20 00:40:49,256] Trial 959 finished with value: 0.6905057303109003 and parameters: {'k1': 0.0038256057590062235, 'D_low': 45324.90515792855, 'k2': 0.04849585218977678, 'D_high': 839235.637922815, 'fire_exp': 4.479132864455652, 'P_half': 8.00331575569665, 'pre_dampen_half': 466.0646665294636, 'gpp_af': 0.8031330360434437, 'gpp_b': 0.00016360013523004634, 'gpp_d': 788.5142802902964, 'ign_k': 0.35443030493783817, 'ign_c': 0.3790698405876559, 'trop_agb_crit': 9.251304422988735, 'trop_k_veg': 2.505813349950336, 'pop_amp': 13.041486644117722, 'pop_peak': 2.590114489956225, 'pop_sig': 0.9373407634708607}. Best is trial 274 with value: -0.604910391627968.
