[I 2026-08-19 13:14:42,641] Trial 570 finished with values: [-0.5645072630731874, 0.04660930253717077] and parameters: {'k1': 0.005456725485601475, 'D_low': 437.4364439939077, 'k2': 3.077180271250682e-05, 'D_high': 1661855.441285105, 'fire_exp': 1.0824018381500955, 'P_half': 4337.920697490941, 'pre_dampen_half': 0.19674328025306115, 'gpp_af': 2.0540519425388455, 'gpp_b': 0.620439464939785, 'gpp_d': 117.2128156438701, 'ign_k': 0.1537592023548176, 'ign_c': 0.5488047000766043, 'trop_agb_crit': 17.69486533706496, 'trop_k_veg': 4.891066132801691, 'pop_amp': 10.985330528057915, 'pop_peak': 352.89806695809773, 'pop_sig': 0.9904669476016459, 'fuel_k': 3.640039183945803, 'fuel_half': 0.18427970406864538}.
[I 2026-08-19 13:14:44,989] Trial 571 finished with values: [-0.3554625854118624, 0.0] and parameters: {'k1': 5.7909642338812115e-05, 'D_low': 1368.9795993592197, 'k2': 1.2748758606816134e-05, 'D_high': 1840060.4093141211, 'fire_exp': 7.856097010829145, 'P_half': 267.2146013620241, 'pre_dampen_half': 0.10189118197357125, 'gpp_af': 0.9346598275601615, 'gpp_b': 4.038332634638232, 'gpp_d': 1.0088237648985734, 'ign_k': 0.3818468247973969, 'ign_c': 225.58738962142354, 'trop_agb_crit': 9.561362341798622, 'trop_k_veg': 0.8084202024508578, 'pop_amp': 0.0021433490423168255, 'pop_peak': 0.14020023099408158, 'pop_sig': 0.5314193463179775, 'fuel_k': 1.3626356448811705, 'fuel_half': 17.890117928710357}.
  trial  572/2500  pareto_size=26  best_ilamb=0.6094  (29.1 min)
[I 2026-08-19 13:14:47,777] Trial 572 finished with values: [-0.4130169234272435, 7.469189586195579e-05] and parameters: {'k1': 0.0004846497679219079, 'D_low': 437.4364439939077, 'k2': 3.077180271250682e-05, 'D_high': 9355.38060645217, 'fire_exp': 1.8678802571070678, 'P_half': 4337.920697490941, 'pre_dampen_half': 0.19674328025306115, 'gpp_af': 0.11134482360128048, 'gpp_b': 0.004411400434514031, 'gpp_d': 3.9841905944346854, 'ign_k': 0.17320535908244444, 'ign_c': 0.5488047000766043, 'trop_agb_crit': 13.763560673020894, 'trop_k_veg': 0.6719347333876377, 'pop_amp': 0.008683934086503814, 'pop_peak': 0.05281056279423359, 'pop_sig': 0.9904669476016459, 'fuel_k': 0.9199338799678547, 'fuel_half': 0.18427970406864538}.
[I 2026-08-19 13:14:50,882] Trial 573 finished with values: [-0.3554625854118624, 0.0] and parameters: {'k1': 0.0029070516815839368, 'D_low': 27972.024228472703, 'k2': 0.0019856031481305684, 'D_high': 24493.271671328574, 'fire_exp': 6.464773756830049, 'P_half': 7119.679541167407, 'pre_dampen_half': 0.10189118197357125, 'gpp_af': 0.006580815488709274, 'gpp_b': 0.0004837646996135023, 'gpp_d': 0.16294786031575217, 'ign_k': 0.15780404945802956, 'ign_c': 12.366924205139131, 'trop_agb_crit': 2.6689615974393592, 'trop_k_veg': 2.5052470616811733, 'pop_amp': 0.029228481237926353, 'pop_peak': 162.62551614461097, 'pop_sig': 0.6871869718280653, 'fuel_k': 0.11148299766359336, 'fuel_half': 17.890117928710357}.
[I 2026-08-19 13:14:54,269] Trial 574 finished with values: [-0.42173930633825296, 0.013803720607826309] and parameters: {'k1': 0.00020329778470902634, 'D_low': 50340.563942871704, 'k2': 0.0021608491389795734, 'D_high': 1661855.441285105, 'fire_exp': 1.1633452995374232, 'P_half': 1636.5290600718067, 'pre_dampen_half': 0.10189118197357125, 'gpp_af': 0.41874665092828456, 'gpp_b': 3.6593529069017844e-05, 'gpp_d': 118.26972885708257, 'ign_k': 0.43129510236174595, 'ign_c': 0.5110256715654393, 'trop_agb_crit': 28.49245476864681, 'trop_k_veg': 7.276721745776877, 'pop_amp': 0.0021433490423168255, 'pop_peak': 2.016436598480055, 'pop_sig': 0.4663206866626952, 'fuel_k': 1.3626356448811705, 'fuel_half': 17.890117928710357}.
[I 2026-08-19 13:14:58,035] Trial 575 finished with values: [-0.38319456557912107, 0.0] and parameters: {'k1': 5.025876001070713e-05, 'D_low': 393.5385399037397, 'k2': 0.0021608491389795734, 'D_high': 6543576.946931886, 'fire_exp': 1.1633452995374232, 'P_half': 6281.776703992854, 'pre_dampen_half': 0.10189118197357125, 'gpp_af': 0.18737227240512885, 'gpp_b': 0.05825704883392061, 'gpp_d': 0.050654860639753524, 'ign_k': 0.3818468247973969, 'ign_c': 89.12611835816996, 'trop_agb_crit': 14.188434224699876, 'trop_k_veg': 5.691473319778836, 'pop_amp': 0.008683934086503814, 'pop_peak': 2.016436598480055, 'pop_sig': 0.4663206866626952, 'fuel_k': 4.04437775870989, 'fuel_half': 1.7895437790635824}.
[I 2026-08-19 13:15:01,287] Trial 576 finished with values: [-0.4110274722936122, 1.7229672201191093e-06] and parameters: {'k1': 0.0004846497679219079, 'D_low': 286.06841726052676, 'k2': 4.392638796750218e-05, 'D_high': 24493.271671328574, 'fire_exp': 3.7695400350033266, 'P_half': 1265.0580856641704, 'pre_dampen_half': 0.10189118197357125, 'gpp_af': 0.053663001820106804, 'gpp_b': 0.010442814210473004, 'gpp_d': 0.19553384550454228, 'ign_k': 0.45791923103229365, 'ign_c': 17.321868366117503, 'trop_agb_crit': 2.082468072533112, 'trop_k_veg': 5.691473319778836, 'pop_amp': 5.27924855752961, 'pop_peak': 10.679600530994481, 'pop_sig': 0.5125734909251931, 'fuel_k': 0.11148299766359336, 'fuel_half': 1.7895437790635824}.
[I 2026-08-19 13:15:04,505] Trial 577 finished with values: [-0.3557323816848764, 1.9081825683220366e-05] and parameters: {'k1': 0.001058199254803914, 'D_low': 713939.1620209456, 'k2': 0.00027413507419758244, 'D_high': 1840060.4093141211, 'fire_exp': 1.3796609641485171, 'P_half': 267.2146013620241, 'pre_dampen_half': 0.2571419084734534, 'gpp_af': 36.830088529547496, 'gpp_b': 4.038332634638232, 'gpp_d': 118.26972885708257, 'ign_k': 0.009935023909063692, 'ign_c': 6.0816733722841345, 'trop_agb_crit': 3.3887235042490564, 'trop_k_veg': 5.691473319778836, 'pop_amp': 0.04874366481145617, 'pop_peak': 1.884221947092994, 'pop_sig': 0.5314193463179775, 'fuel_k': 0.15552861105540366, 'fuel_half': 2.44365199339694}.
[I 2026-08-19 13:15:07,985] Trial 578 finished with values: [-0.4174025357054186, 3.9265835027890716e-08] and parameters: {'k1': 2.9693357731296325e-05, 'D_low': 1368.9795993592197, 'k2': 0.00027413507419758244, 'D_high': 1840060.4093141211, 'fire_exp': 7.856097010829145, 'P_half': 267.2146013620241, 'pre_dampen_half': 0.2571419084734534, 'gpp_af': 36.830088529547496, 'gpp_b': 4.038332634638232, 'gpp_d': 108.18665579547857, 'ign_k': 0.05728576993995056, 'ign_c': 4.4716799012313055, 'trop_agb_crit': 28.49245476864681, 'trop_k_veg': 0.5286133593985778, 'pop_amp': 0.0021433490423168255, 'pop_peak': 1.421337820414783, 'pop_sig': 0.5314193463179775, 'fuel_k': 0.15552861105540366, 'fuel_half': 17.890117928710357}.
  trial  579/2500  pareto_size=26  best_ilamb=0.6094  (29.5 min)
[I 2026-08-19 13:15:11,754] Trial 579 finished with values: [-0.4139549153348504, 7.366440790690376e-11] and parameters: {'k1': 1.844951990812239e-05, 'D_low': 2.1309331861011747, 'k2': 0.0019856031481305684, 'D_high': 24493.271671328574, 'fire_exp': 1.3796609641485171, 'P_half': 1517.2922775770444, 'pre_dampen_half': 0.10189118197357125, 'gpp_af': 0.11134482360128048, 'gpp_b': 0.004411400434514031, 'gpp_d': 118.26972885708257, 'ign_k': 0.17320535908244444, 'ign_c': 89.12611835816996, 'trop_agb_crit': 3.3887235042490564, 'trop_k_veg': 0.6719347333876377, 'pop_amp': 0.04874366481145617, 'pop_peak': 0.05281056279423359, 'pop_sig': 0.7824044734208029, 'fuel_k': 0.9199338799678547, 'fuel_half': 2.44365199339694}.
[I 2026-08-19 13:15:14,503] Trial 580 finished with values: [-0.41904663001033865, 0.026072369613971524] and parameters: {'k1': 0.0007158031739371039, 'D_low': 1368.9795993592197, 'k2': 0.0021608491389795734, 'D_high': 1661855.441285105, 'fire_exp': 1.0501937052663004, 'P_half': 8894.151386481904, 'pre_dampen_half': 4.412509669839992, 'gpp_af': 49.583649914027546, 'gpp_b': 0.0007417652034871827, 'gpp_d': 118.26972885708257, 'ign_k': 0.0023181776112903506, 'ign_c': 0.5488047000766043, 'trop_agb_crit': 3.544180417534903, 'trop_k_veg': 0.8084202024508578, 'pop_amp': 0.0021433490423168255, 'pop_peak': 503.7153440645595, 'pop_sig': 1.0264911386548754, 'fuel_k': 0.27631890369709744, 'fuel_half': 1.7918446176734728}.
[I 2026-08-19 13:15:16,933] Trial 581 finished with values: [-0.4125889973424556, 3.365531631160934e-09] and parameters: {'k1': 4.0873003903057456e-05, 'D_low': 1.6569065206637925, 'k2': 4.392638796750218e-05, 'D_high': 9355.38060645217, 'fire_exp': 4.3161213924316595, 'P_half': 8894.151386481904, 'pre_dampen_half': 0.19674328025306115, 'gpp_af': 0.18737227240512885, 'gpp_b': 0.0004837646996135023, 'gpp_d': 3.032712462969173, 'ign_k': 0.3699359899959751, 'ign_c': 12.366924205139131, 'trop_agb_crit': 2.6689615974393592, 'trop_k_veg': 3.754644404143055, 'pop_amp': 0.002847521268027429, 'pop_peak': 352.89806695809773, 'pop_sig': 0.9904669476016459, 'fuel_k': 3.640039183945803, 'fuel_half': 0.10355826161899183}.
[I 2026-08-19 13:15:19,534] Trial 582 finished with values: [-0.40577022530023976, 0.00028677898051587825] and parameters: {'k1': 4.929552311643645e-05, 'D_low': 437.4364439939077, 'k2': 3.077180271250682e-05, 'D_high': 1661855.441285105, 'fire_exp': 4.3734716402458185, 'P_half': 1517.2922775770444, 'pre_dampen_half': 0.19674328025306115, 'gpp_af': 2.0540519425388455, 'gpp_b': 9.67374839440457e-05, 'gpp_d': 0.33699352257983195, 'ign_k': 0.1537592023548176, 'ign_c': 12.366924205139131, 'trop_agb_crit': 9.497662537022913, 'trop_k_veg': 4.891066132801691, 'pop_amp': 10.985330528057915, 'pop_peak': 162.62551614461097, 'pop_sig': 0.9904669476016459, 'fuel_k': 3.640039183945803, 'fuel_half': 0.18427970406864538}.
[I 2026-08-19 13:15:22,476] Trial 583 finished with values: [-0.37250401287429025, 0.0] and parameters: {'k1': 0.005456725485601475, 'D_low': 286.06841726052676, 'k2': 3.077180271250682e-05, 'D_high': 24493.271671328574, 'fire_exp': 6.454675979546216, 'P_half': 6281.776703992854, 'pre_dampen_half': 0.19674328025306115, 'gpp_af': 0.005018406982902927, 'gpp_b': 0.05825704883392061, 'gpp_d': 118.26972885708257, 'ign_k': 0.006418208309987481, 'ign_c': 89.12611835816996, 'trop_agb_crit': 14.188434224699876, 'trop_k_veg': 0.5443513380244235, 'pop_amp': 10.985330528057915, 'pop_peak': 0.5393162598439744, 'pop_sig': 0.2777678917098414, 'fuel_k': 4.04437775870989, 'fuel_half': 1.7895437790635824}.
[I 2026-08-19 13:15:24,867] Trial 584 finished with values: [-0.4121971207629997, 0.00039255775349722466] and parameters: {'k1': 0.0004846497679219079, 'D_low': 1.6569065206637925, 'k2': 4.392638796750218e-05, 'D_high': 24493.271671328574, 'fire_exp': 1.8678802571070678, 'P_half': 8894.151386481904, 'pre_dampen_half': 1.8469033699850426, 'gpp_af': 0.0028701881471957036, 'gpp_b': 0.0004837646996135023, 'gpp_d': 0.050654860639753524, 'ign_k': 0.17320535908244444, 'ign_c': 12.366924205139131, 'trop_agb_crit': 1.050713312531254, 'trop_k_veg': 4.288672925586801, 'pop_amp': 5.27924855752961, 'pop_peak': 0.05281056279423359, 'pop_sig': 1.804482856986987, 'fuel_k': 3.250046746707412, 'fuel_half': 1.7895437790635824}.
[I 2026-08-19 13:15:27,401] Trial 585 finished with values: [-0.5824050412484515, 0.12157999747232373] and parameters: {'k1': 0.0008020503059027807, 'D_low': 1.6569065206637925, 'k2': 3.077180271250682e-05, 'D_high': 9355.38060645217, 'fire_exp': 1.1633452995374232, 'P_half': 1265.0580856641704, 'pre_dampen_half': 0.19674328025306115, 'gpp_af': 2.0540519425388455, 'gpp_b': 0.0007417652034871827, 'gpp_d': 3.032712462969173, 'ign_k': 7.107346698112278, 'ign_c': 0.7313962512403624, 'trop_agb_crit': 5.179114975574383, 'trop_k_veg': 0.6719347333876377, 'pop_amp': 10.985330528057915, 'pop_peak': 2.016436598480055, 'pop_sig': 0.9904669476016459, 'fuel_k': 3.640039183945803, 'fuel_half': 0.18427970406864538}.
[I 2026-08-19 13:15:30,066] Trial 586 finished with values: [-0.42758533419810085, 0.0007224134816595784] and parameters: {'k1': 0.005456725485601475, 'D_low': 437.4364439939077, 'k2': 4.392638796750218e-05, 'D_high': 6543576.946931886, 'fire_exp': 1.0824018381500955, 'P_half': 4337.920697490941, 'pre_dampen_half': 0.19674328025306115, 'gpp_af': 0.18737227240512885, 'gpp_b': 0.620439464939785, 'gpp_d': 117.2128156438701, 'ign_k': 0.3699359899959751, 'ign_c': 30.08512495286993, 'trop_agb_crit': 17.69486533706496, 'trop_k_veg': 3.033123769260696, 'pop_amp': 10.985330528057915, 'pop_peak': 0.22533749272964107, 'pop_sig': 1.804482856986987, 'fuel_k': 3.640039183945803, 'fuel_half': 0.18427970406864538}.
  trial  587/2500  pareto_size=27  best_ilamb=0.6094  (29.8 min)
[I 2026-08-19 13:15:33,059] Trial 587 finished with values: [-0.40605454954485065, 2.1366242108911138e-12] and parameters: {'k1': 0.0004846497679219079, 'D_low': 1.6569065206637925, 'k2': 0.0002001342062287998, 'D_high': 24493.271671328574, 'fire_exp': 1.8678802571070678, 'P_half': 1265.0580856641704, 'pre_dampen_half': 1.8469033699850426, 'gpp_af': 0.11134482360128048, 'gpp_b': 1.788789091682049e-05, 'gpp_d': 0.050654860639753524, 'ign_k': 0.17320535908244444, 'ign_c': 89.12611835816996, 'trop_agb_crit': 14.188434224699876, 'trop_k_veg': 0.5443513380244235, 'pop_amp': 0.008683934086503814, 'pop_peak': 0.05281056279423359, 'pop_sig': 0.4663206866626952, 'fuel_k': 0.9199338799678547, 'fuel_half': 1.7895437790635824}.
[I 2026-08-19 13:15:35,493] Trial 588 finished with values: [-0.40909621941503727, 2.285499321019735e-06] and parameters: {'k1': 0.0004846497679219079, 'D_low': 437.4364439939077, 'k2': 3.077180271250682e-05, 'D_high': 9355.38060645217, 'fire_exp': 1.0824018381500955, 'P_half': 4337.920697490941, 'pre_dampen_half': 1.8469033699850426, 'gpp_af': 0.0025186552636979184, 'gpp_b': 1.788789091682049e-05, 'gpp_d': 3.9841905944346854, 'ign_k': 0.1537592023548176, 'ign_c': 89.12611835816996, 'trop_agb_crit': 27.05166881899929, 'trop_k_veg': 4.288672925586801, 'pop_amp': 10.985330528057915, 'pop_peak': 0.05281056279423359, 'pop_sig': 0.9904669476016459, 'fuel_k': 0.9199338799678547, 'fuel_half': 1.7895437790635824}.
[I 2026-08-19 13:15:37,799] Trial 589 finished with values: [-0.4122568814187583, 2.8947799712852884e-10] and parameters: {'k1': 2.9693357731296325e-05, 'D_low': 1368.9795993592197, 'k2': 0.00027413507419758244, 'D_high': 1840060.4093141211, 'fire_exp': 7.856097010829145, 'P_half': 4337.920697490941, 'pre_dampen_half': 0.19674328025306115, 'gpp_af': 36.830088529547496, 'gpp_b': 4.038332634638232, 'gpp_d': 117.2128156438701, 'ign_k': 0.1537592023548176, 'ign_c': 0.5488047000766043, 'trop_agb_crit': 28.49245476864681, 'trop_k_veg': 4.891066132801691, 'pop_amp': 10.985330528057915, 'pop_peak': 352.89806695809773, 'pop_sig': 0.287931802352543, 'fuel_k': 0.27631890369709744, 'fuel_half': 0.18427970406864538}.
[I 2026-08-19 13:15:40,154] Trial 590 finished with values: [-0.4059965990799489, 4.911626660941693e-13] and parameters: {'k1': 4.0873003903057456e-05, 'D_low': 1.6569065206637925, 'k2': 4.392638796750218e-05, 'D_high': 9355.38060645217, 'fire_exp': 6.464773756830049, 'P_half': 8894.151386481904, 'pre_dampen_half': 0.2571419084734534, 'gpp_af': 0.005018406982902927, 'gpp_b': 0.0004837646996135023, 'gpp_d': 0.16294786031575217, 'ign_k': 0.04439802552990466, 'ign_c': 12.366924205139131, 'trop_agb_crit': 27.05166881899929, 'trop_k_veg': 6.972354563243685, 'pop_amp': 6.746076139939917, 'pop_peak': 4.557885026195722, 'pop_sig': 0.9904669476016459, 'fuel_k': 5.706437033023268, 'fuel_half': 0.10355826161899183}.
[I 2026-08-19 13:15:42,623] Trial 591 finished with values: [-0.42034095531799665, 9.656874633279244e-09] and parameters: {'k1': 0.09372580613581186, 'D_low': 2.400213216646464, 'k2': 4.392638796750218e-05, 'D_high': 6543576.946931886, 'fire_exp': 6.464773756830049, 'P_half': 8894.151386481904, 'pre_dampen_half': 0.2571419084734534, 'gpp_af': 0.18737227240512885, 'gpp_b': 0.0004837646996135023, 'gpp_d': 8.347790852520644, 'ign_k': 1.327536113719196, 'ign_c': 12.366924205139131, 'trop_agb_crit': 23.606263788786194, 'trop_k_veg': 3.754644404143055, 'pop_amp': 6.746076139939917, 'pop_peak': 4.557885026195722, 'pop_sig': 1.0424917012813995, 'fuel_k': 0.18940660610935214, 'fuel_half': 0.3497028715561063}.
[I 2026-08-19 13:15:44,870] Trial 592 finished with values: [-0.413913796972637, 6.048531876468033e-06] and parameters: {'k1': 1.844951990812239e-05, 'D_low': 15150.361381456718, 'k2': 6.340140860251457e-05, 'D_high': 1124534.1807254362, 'fire_exp': 1.143309456178598, 'P_half': 229.5739821454948, 'pre_dampen_half': 0.2571419084734534, 'gpp_af': 0.0028701881471957036, 'gpp_b': 3.1906667956153174, 'gpp_d': 108.18665579547857, 'ign_k': 6.32338195106678, 'ign_c': 6.0816733722841345, 'trop_agb_crit': 3.544180417534903, 'trop_k_veg': 2.246382792334124, 'pop_amp': 0.04874366481145617, 'pop_peak': 0.17274196344453516, 'pop_sig': 1.804482856986987, 'fuel_k': 0.6763941362086655, 'fuel_half': 11.935199796901877}.
[I 2026-08-19 13:15:47,043] Trial 593 finished with values: [-0.414003861213846, 9.505750564797744e-06] and parameters: {'k1': 0.004279383604201466, 'D_low': 286.06841726052676, 'k2': 0.0019856031481305684, 'D_high': 24493.271671328574, 'fire_exp': 3.7695400350033266, 'P_half': 6220.327170121322, 'pre_dampen_half': 0.2571419084734534, 'gpp_af': 49.583649914027546, 'gpp_b': 1.624829724391053, 'gpp_d': 117.2128156438701, 'ign_k': 9.946147674311604, 'ign_c': 0.5488047000766043, 'trop_agb_crit': 28.49245476864681, 'trop_k_veg': 2.819496004876631, 'pop_amp': 10.985330528057915, 'pop_peak': 352.89806695809773, 'pop_sig': 0.9904669476016459, 'fuel_k': 0.27631890369709744, 'fuel_half': 0.18427970406864538}.
[I 2026-08-19 13:15:49,437] Trial 594 finished with values: [-0.4099948712797465, 4.662696844759395e-05] and parameters: {'k1': 0.0008020503059027807, 'D_low': 286.06841726052676, 'k2': 4.392638796750218e-05, 'D_high': 24493.271671328574, 'fire_exp': 4.3161213924316595, 'P_half': 4.937355303501834, 'pre_dampen_half': 0.19674328025306115, 'gpp_af': 2.0540519425388455, 'gpp_b': 1.624829724391053, 'gpp_d': 3.032712462969173, 'ign_k': 0.1537592023548176, 'ign_c': 0.2806439011124269, 'trop_agb_crit': 14.188434224699876, 'trop_k_veg': 3.754644404143055, 'pop_amp': 10.985330528057915, 'pop_peak': 352.89806695809773, 'pop_sig': 0.9904669476016459, 'fuel_k': 3.640039183945803, 'fuel_half': 0.10355826161899183}.
[I 2026-08-19 13:15:51,749] Trial 595 finished with values: [-0.3966058453856683, 3.921973856790828e-12] and parameters: {'k1': 0.005456725485601475, 'D_low': 1.6569065206637925, 'k2': 3.077180271250682e-05, 'D_high': 6543576.946931886, 'fire_exp': 6.454675979546216, 'P_half': 4337.920697490941, 'pre_dampen_half': 30.11226646948154, 'gpp_af': 0.18737227240512885, 'gpp_b': 0.05825704883392061, 'gpp_d': 0.050654860639753524, 'ign_k': 0.04439802552990466, 'ign_c': 0.5488047000766043, 'trop_agb_crit': 29.480726565384675, 'trop_k_veg': 0.5443513380244235, 'pop_amp': 0.008683934086503814, 'pop_peak': 2.016436598480055, 'pop_sig': 0.4663206866626952, 'fuel_k': 4.04437775870989, 'fuel_half': 1.9255395572015603}.
  trial  596/2500  pareto_size=29  best_ilamb=0.6094  (30.2 min)
[I 2026-08-19 13:15:54,441] Trial 596 finished with values: [-0.4189445660205604, 9.752635365956053e-10] and parameters: {'k1': 5.7909642338812115e-05, 'D_low': 1368.9795993592197, 'k2': 0.015109330261674455, 'D_high': 1661855.441285105, 'fire_exp': 1.1633452995374232, 'P_half': 1265.0580856641704, 'pre_dampen_half': 0.019449247591399356, 'gpp_af': 0.41874665092828456, 'gpp_b': 0.004411400434514031, 'gpp_d': 1.0088237648985734, 'ign_k': 0.3818468247973969, 'ign_c': 60.27551301719578, 'trop_agb_crit': 24.500297851058132, 'trop_k_veg': 7.646055652807254, 'pop_amp': 0.010683678306066766, 'pop_peak': 0.14020023099408158, 'pop_sig': 0.4663206866626952, 'fuel_k': 1.3626356448811705, 'fuel_half': 1.683458881839943}.
[I 2026-08-19 13:15:56,729] Trial 597 finished with values: [-0.4297082569597011, 0.0004250488144401654] and parameters: {'k1': 1.844951990812239e-05, 'D_low': 286.06841726052676, 'k2': 0.0019856031481305684, 'D_high': 1840060.4093141211, 'fire_exp': 3.7695400350033266, 'P_half': 267.2146013620241, 'pre_dampen_half': 0.7465571739720183, 'gpp_af': 0.0077125451401819246, 'gpp_b': 0.0001605469768042801, 'gpp_d': 118.26972885708257, 'ign_k': 0.45791923103229365, 'ign_c': 13.909474988024083, 'trop_agb_crit': 28.49245476864681, 'trop_k_veg': 5.691473319778836, 'pop_amp': 0.0034369873301918173, 'pop_peak': 456.60279198301936, 'pop_sig': 1.804482856986987, 'fuel_k': 0.024842211874916795, 'fuel_half': 5.940545235233705}.
[I 2026-08-19 13:15:58,906] Trial 598 finished with values: [-0.5140546535332259, 0.033583342948843464] and parameters: {'k1': 0.005456725485601475, 'D_low': 437.4364439939077, 'k2': 3.077180271250682e-05, 'D_high': 24493.271671328574, 'fire_exp': 1.0824018381500955, 'P_half': 4337.920697490941, 'pre_dampen_half': 0.19674328025306115, 'gpp_af': 0.41874665092828456, 'gpp_b': 0.0004837646996135023, 'gpp_d': 1.0088237648985734, 'ign_k': 0.1537592023548176, 'ign_c': 0.5488047000766043, 'trop_agb_crit': 24.500297851058132, 'trop_k_veg': 5.453348988480011, 'pop_amp': 10.985330528057915, 'pop_peak': 2.016436598480055, 'pop_sig': 0.9904669476016459, 'fuel_k': 3.640039183945803, 'fuel_half': 1.9255395572015603}.
[I 2026-08-19 13:16:01,160] Trial 599 finished with values: [-0.42222543171176674, 2.297620316227267e-09] and parameters: {'k1': 1.844951990812239e-05, 'D_low': 437.4364439939077, 'k2': 0.0014455983984872978, 'D_high': 1907543.828944448, 'fire_exp': 4.4758690202162805, 'P_half': 8894.151386481904, 'pre_dampen_half': 0.2571419084734534, 'gpp_af': 0.9346598275601615, 'gpp_b': 5.349456206882108e-05, 'gpp_d': 118.26972885708257, 'ign_k': 0.0023181776112903506, 'ign_c': 12.366924205139131, 'trop_agb_crit': 3.544180417534903, 'trop_k_veg': 0.8084202024508578, 'pop_amp': 0.029228481237926353, 'pop_peak': 503.7153440645595, 'pop_sig': 1.804482856986987, 'fuel_k': 0.022805907608636752, 'fuel_half': 0.18427970406864538}.
