[I 2026-06-11 13:12:13,701] Trial 546 finished with values: [10.524826440649068, 10.524826440649068] and parameters: {'k1': 0.0014452451441203328, 'D_low': 15.0613200804335, 'k2': 5.153993511603138e-05, 'D_high': 595.6633466901683, 'fire_exp': 1.2060040899560858, 'P_half': 2.226799690893868, 'pre_dampen_half': 4.847666216751353, 'gpp_af': 29.700320404259642, 'gpp_b': 0.12105864607844925, 'gpp_d': 1.336803341156552, 'ign_k': 3.6309591863459096, 'ign_c': 2.2489542843914485, 'trop_agb_crit': 12.9667438075127, 'trop_k_veg': 0.6488368931910606, 'fire_amp': 2.818314238665462}.
[I 2026-06-11 13:12:14,634] Trial 547 finished with values: [11.319993751420245, 11.319993751420245] and parameters: {'k1': 0.03648456083047798, 'D_low': 236.79352040223893, 'k2': 0.019383858782150494, 'D_high': 32311.521854410956, 'fire_exp': 1.0881065558452814, 'P_half': 2.226799690893868, 'pre_dampen_half': 4.847666216751353, 'gpp_af': 1.7775411110039254, 'gpp_b': 0.001674375583895437, 'gpp_d': 47.35384181058586, 'ign_k': 0.0032383308053152635, 'ign_c': 0.17036120617148395, 'trop_agb_crit': 5.588032458772675, 'trop_k_veg': 3.4439936249445045, 'fire_amp': 2.7556562114998226}.
[I 2026-06-11 13:12:15,616] Trial 548 finished with values: [10.582699260593062, 10.582699260593062] and parameters: {'k1': 6.784924519083143e-05, 'D_low': 1074.940539517341, 'k2': 0.029687184908302574, 'D_high': 252.84086172415604, 'fire_exp': 1.0601964743503993, 'P_half': 12.280874862135363, 'pre_dampen_half': 170.71098124594695, 'gpp_af': 1.9706963379095486, 'gpp_b': 1.4540386644083135e-05, 'gpp_d': 0.12878367369717508, 'ign_k': 0.012480180965117606, 'ign_c': 59.52904331761843, 'trop_agb_crit': 8.462233625364036, 'trop_k_veg': 4.989748894578724, 'fire_amp': 4.1162797330133705}.
[I 2026-06-11 13:12:16,896] Trial 549 finished with values: [10.434262337913694, 10.434262337913694] and parameters: {'k1': 0.0014452451441203328, 'D_low': 1.7551403048208316, 'k2': 0.0001280886335404798, 'D_high': 32311.521854410956, 'fire_exp': 1.5036604936020428, 'P_half': 5.4712187293420325, 'pre_dampen_half': 4.603480758878793, 'gpp_af': 29.700320404259642, 'gpp_b': 0.010307896803108956, 'gpp_d': 1.336803341156552, 'ign_k': 0.0029519227433917453, 'ign_c': 153.51441568398127, 'trop_agb_crit': 12.9667438075127, 'trop_k_veg': 6.030247256556128, 'fire_amp': 5.615047466686494}.
[I 2026-06-11 13:12:17,972] Trial 550 finished with values: [10.247199683883668, 10.247199683883668] and parameters: {'k1': 0.08409006963311547, 'D_low': 236.79352040223893, 'k2': 0.005204862686958021, 'D_high': 6682.9607218310075, 'fire_exp': 1.41873960828944, 'P_half': 589.5271473887282, 'pre_dampen_half': 30.456909077772018, 'gpp_af': 0.060029341913968644, 'gpp_b': 0.049565458633074926, 'gpp_d': 47.35384181058586, 'ign_k': 0.0032383308053152635, 'ign_c': 21.275785720135406, 'trop_agb_crit': 8.0091368834625, 'trop_k_veg': 4.0068236274914755, 'fire_amp': 2.7556562114998226}.
[I 2026-06-11 13:12:19,233] Trial 551 finished with values: [10.247764105258259, 10.247764105258259] and parameters: {'k1': 0.03648456083047798, 'D_low': 148.21691630007544, 'k2': 0.032141234030334316, 'D_high': 6682.9607218310075, 'fire_exp': 1.4848387260494937, 'P_half': 2.226799690893868, 'pre_dampen_half': 155.08737608723771, 'gpp_af': 0.060029341913968644, 'gpp_b': 0.12105864607844925, 'gpp_d': 94.19931479490882, 'ign_k': 3.6309591863459096, 'ign_c': 23.40999464613212, 'trop_agb_crit': 11.664190932505923, 'trop_k_veg': 0.6488368931910606, 'fire_amp': 2.818314238665462}.
[I 2026-06-11 13:12:20,358] Trial 552 finished with values: [10.678552433040617, 10.678552433040617] and parameters: {'k1': 0.03648456083047798, 'D_low': 148.21691630007544, 'k2': 1.1417577140741129e-05, 'D_high': 6682.9607218310075, 'fire_exp': 1.2060040899560858, 'P_half': 6004.223886195538, 'pre_dampen_half': 4.847666216751353, 'gpp_af': 0.060029341913968644, 'gpp_b': 0.001674375583895437, 'gpp_d': 545.0253444559129, 'ign_k': 0.5407445028694732, 'ign_c': 0.13577269394141456, 'trop_agb_crit': 5.588032458772675, 'trop_k_veg': 2.99731137426955, 'fire_amp': 1.5180207449214471}.
[I 2026-06-11 13:12:21,433] Trial 553 finished with values: [10.659875463234275, 10.659875463234275] and parameters: {'k1': 0.03648456083047798, 'D_low': 97.43142535650219, 'k2': 0.019383858782150494, 'D_high': 32311.521854410956, 'fire_exp': 1.41873960828944, 'P_half': 996.7983879709292, 'pre_dampen_half': 30.456909077772018, 'gpp_af': 0.008117091133892173, 'gpp_b': 0.049565458633074926, 'gpp_d': 12.281069836814826, 'ign_k': 0.010733257635049785, 'ign_c': 29.690870944846793, 'trop_agb_crit': 12.708819454040446, 'trop_k_veg': 3.4439936249445045, 'fire_amp': 3.102033517490054}.
[I 2026-06-11 13:12:22,381] Trial 554 finished with values: [10.552755747602875, 10.552755747602875] and parameters: {'k1': 1.1281785190969807e-05, 'D_low': 1121.5915868662764, 'k2': 0.0004976087827261435, 'D_high': 1817.0401889219124, 'fire_exp': 1.0812994412809738, 'P_half': 51.10120656497163, 'pre_dampen_half': 4.847666216751353, 'gpp_af': 29.700320404259642, 'gpp_b': 0.004411400434514031, 'gpp_d': 1.336803341156552, 'ign_k': 0.0032383308053152635, 'ign_c': 1.364908766641693, 'trop_agb_crit': 1.8566494291193822, 'trop_k_veg': 5.453348988480011, 'fire_amp': 5.606809127618709}.
[I 2026-06-11 13:12:23,282] Trial 555 finished with values: [10.76901796185055, 10.76901796185055] and parameters: {'k1': 3.609310926766545e-05, 'D_low': 1.4002277211577039, 'k2': 0.045914852167405346, 'D_high': 32311.521854410956, 'fire_exp': 7.394434809371433, 'P_half': 191.61918406231337, 'pre_dampen_half': 170.71098124594695, 'gpp_af': 42.29037995744429, 'gpp_b': 1.5216765859697215e-05, 'gpp_d': 96.93415502195788, 'ign_k': 0.07867677706257832, 'ign_c': 16.470698221724305, 'trop_agb_crit': 11.664190932505923, 'trop_k_veg': 4.989748894578724, 'fire_amp': 3.1543496524370136}.
[I 2026-06-11 13:12:24,200] Trial 556 finished with values: [10.7692307688997, 10.7692307688997] and parameters: {'k1': 6.784924519083143e-05, 'D_low': 1.4002277211577039, 'k2': 0.0001280886335404798, 'D_high': 32311.521854410956, 'fire_exp': 8.529993407276715, 'P_half': 1265.0580856641704, 'pre_dampen_half': 121.93011993958949, 'gpp_af': 0.060029341913968644, 'gpp_b': 0.001674375583895437, 'gpp_d': 47.35384181058586, 'ign_k': 0.0032383308053152635, 'ign_c': 0.22592797420156951, 'trop_agb_crit': 1.8023542850487386, 'trop_k_veg': 1.6648666152166967, 'fire_amp': 1.5719333351012774}.
[I 2026-06-11 13:12:25,106] Trial 557 finished with values: [14.713540071063257, 14.713540071063257] and parameters: {'k1': 6.784924519083143e-05, 'D_low': 236.79352040223893, 'k2': 0.005204862686958021, 'D_high': 32311.521854410956, 'fire_exp': 1.0420149135640993, 'P_half': 5.4712187293420325, 'pre_dampen_half': 30.456909077772018, 'gpp_af': 0.060029341913968644, 'gpp_b': 0.006999112505425414, 'gpp_d': 47.35384181058586, 'ign_k': 0.0014363112408604436, 'ign_c': 29.690870944846793, 'trop_agb_crit': 1.8023542850487386, 'trop_k_veg': 1.6648666152166967, 'fire_amp': 5.869450070968175}.
[I 2026-06-11 13:12:26,017] Trial 558 finished with values: [-0.6963893686029525, 0.07992460334763796] and parameters: {'k1': 0.0057293717735696316, 'D_low': 236.79352040223893, 'k2': 5.153993511603138e-05, 'D_high': 32311.521854410956, 'fire_exp': 1.3807440352456883, 'P_half': 2.226799690893868, 'pre_dampen_half': 79.2915624488668, 'gpp_af': 0.008117091133892173, 'gpp_b': 0.010307896803108956, 'gpp_d': 1.336803341156552, 'ign_k': 0.001229921046579313, 'ign_c': 29.690870944846793, 'trop_agb_crit': 8.0091368834625, 'trop_k_veg': 6.030247256556128, 'fire_amp': 3.102033517490054}.
[I 2026-06-11 13:12:26,925] Trial 559 finished with values: [20.211291004102346, 20.211291004102346] and parameters: {'k1': 0.00023134781612225627, 'D_low': 1074.940539517341, 'k2': 0.0004976087827261435, 'D_high': 6682.9607218310075, 'fire_exp': 1.0601964743503993, 'P_half': 51.10120656497163, 'pre_dampen_half': 269.0845367054866, 'gpp_af': 0.060029341913968644, 'gpp_b': 0.00031478066835753096, 'gpp_d': 5.981605330890935, 'ign_k': 0.002357279455676982, 'ign_c': 75.30210437963517, 'trop_agb_crit': 24.199763404822136, 'trop_k_veg': 1.6648666152166967, 'fire_amp': 4.2446263054164195}.
[I 2026-06-11 13:12:27,843] Trial 560 finished with values: [10.753400102126884, 10.753400102126884] and parameters: {'k1': 3.609310926766545e-05, 'D_low': 1121.5915868662764, 'k2': 0.005082220961627801, 'D_high': 252.84086172415604, 'fire_exp': 1.4848387260494937, 'P_half': 12.280874862135363, 'pre_dampen_half': 170.71098124594695, 'gpp_af': 42.29037995744429, 'gpp_b': 0.00012118589392553798, 'gpp_d': 0.1197776427957647, 'ign_k': 0.4320578308497379, 'ign_c': 16.470698221724305, 'trop_agb_crit': 11.664190932505923, 'trop_k_veg': 4.989748894578724, 'fire_amp': 3.1543496524370136}.
[I 2026-06-11 13:12:28,934] Trial 561 finished with values: [-0.6645117380350313, 0.17557530494504026] and parameters: {'k1': 0.03648456083047798, 'D_low': 1.7551403048208316, 'k2': 0.0001280886335404798, 'D_high': 252.84086172415604, 'fire_exp': 1.41873960828944, 'P_half': 5.4712187293420325, 'pre_dampen_half': 121.93011993958949, 'gpp_af': 0.07118041471054574, 'gpp_b': 0.001674375583895437, 'gpp_d': 47.35384181058586, 'ign_k': 0.012480180965117606, 'ign_c': 7.081721844034206, 'trop_agb_crit': 2.0527418919564324, 'trop_k_veg': 2.724170387400844, 'fire_amp': 1.5719333351012774}.
[I 2026-06-11 13:12:29,872] Trial 562 finished with values: [-0.7009845983474838, 0.08983530188291522] and parameters: {'k1': 6.784924519083143e-05, 'D_low': 1.4002277211577039, 'k2': 1.1417577140741129e-05, 'D_high': 6682.9607218310075, 'fire_exp': 1.811096651915224, 'P_half': 5.4712187293420325, 'pre_dampen_half': 269.0845367054866, 'gpp_af': 0.060029341913968644, 'gpp_b': 0.006999112505425414, 'gpp_d': 5.981605330890935, 'ign_k': 0.09256855841989636, 'ign_c': 3.7623363852696734, 'trop_agb_crit': 2.49652474515731, 'trop_k_veg': 4.0068236274914755, 'fire_amp': 3.211868494428654}.
[I 2026-06-11 13:12:30,805] Trial 563 finished with values: [10.699238746711186, 10.699238746711186] and parameters: {'k1': 0.08409006963311547, 'D_low': 1121.5915868662764, 'k2': 0.045914852167405346, 'D_high': 32311.521854410956, 'fire_exp': 1.41873960828944, 'P_half': 1265.0580856641704, 'pre_dampen_half': 350.88322284755304, 'gpp_af': 0.008117091133892173, 'gpp_b': 0.004411400434514031, 'gpp_d': 47.35384181058586, 'ign_k': 0.012480180965117606, 'ign_c': 29.690870944846793, 'trop_agb_crit': 8.0091368834625, 'trop_k_veg': 0.9660523662864217, 'fire_amp': 1.5719333351012774}.
[I 2026-06-11 13:12:31,726] Trial 564 finished with values: [10.769190621362556, 10.769190621362556] and parameters: {'k1': 0.03648456083047798, 'D_low': 236.79352040223893, 'k2': 0.045914852167405346, 'D_high': 55.22071973135807, 'fire_exp': 1.41873960828944, 'P_half': 2.6691447170887805, 'pre_dampen_half': 220.35141300841897, 'gpp_af': 1.9706963379095486, 'gpp_b': 0.0036065155862388338, 'gpp_d': 76.38081075786287, 'ign_k': 0.00840038491455979, 'ign_c': 7.081721844034206, 'trop_agb_crit': 8.0091368834625, 'trop_k_veg': 0.828441460847982, 'fire_amp': 1.5719333351012774}.
[I 2026-06-11 13:12:32,659] Trial 565 finished with values: [12.342881889468087, 12.342881889468087] and parameters: {'k1': 0.0008362695993649681, 'D_low': 148.21691630007544, 'k2': 0.02939607009739149, 'D_high': 6682.9607218310075, 'fire_exp': 1.2060040899560858, 'P_half': 2.226799690893868, 'pre_dampen_half': 28.01075698398644, 'gpp_af': 0.060029341913968644, 'gpp_b': 0.001674375583895437, 'gpp_d': 1.336803341156552, 'ign_k': 0.0032383308053152635, 'ign_c': 0.17036120617148395, 'trop_agb_crit': 12.9667438075127, 'trop_k_veg': 2.99731137426955, 'fire_amp': 2.7806853670293616}.
[I 2026-06-11 13:12:33,592] Trial 566 finished with values: [10.551558752860561, 10.551558752860561] and parameters: {'k1': 3.609310926766545e-05, 'D_low': 1121.5915868662764, 'k2': 0.045914852167405346, 'D_high': 6682.9607218310075, 'fire_exp': 1.41873960828944, 'P_half': 8.318314747941244, 'pre_dampen_half': 350.88322284755304, 'gpp_af': 0.008117091133892173, 'gpp_b': 0.05719024141066792, 'gpp_d': 47.35384181058586, 'ign_k': 0.00840038491455979, 'ign_c': 1.364908766641693, 'trop_agb_crit': 8.0091368834625, 'trop_k_veg': 0.6673124511410327, 'fire_amp': 1.5719333351012774}.
[I 2026-06-11 13:12:34,544] Trial 567 finished with values: [10.280682709780312, 10.280682709780312] and parameters: {'k1': 0.03648456083047798, 'D_low': 236.79352040223893, 'k2': 0.003767022142229395, 'D_high': 32311.521854410956, 'fire_exp': 1.41873960828944, 'P_half': 1265.0580856641704, 'pre_dampen_half': 30.456909077772018, 'gpp_af': 1.9706963379095486, 'gpp_b': 0.0036065155862388338, 'gpp_d': 34.18897529667503, 'ign_k': 0.09256855841989636, 'ign_c': 29.690870944846793, 'trop_agb_crit': 8.0091368834625, 'trop_k_veg': 0.6673124511410327, 'fire_amp': 3.102033517490054}.
[I 2026-06-11 13:12:35,462] Trial 568 finished with values: [-0.5456004130250626, 0.09957935438464782] and parameters: {'k1': 6.784924519083143e-05, 'D_low': 427.93836042014675, 'k2': 0.0004976087827261435, 'D_high': 99461.47674311613, 'fire_exp': 1.4848387260494937, 'P_half': 93.43302657318476, 'pre_dampen_half': 170.71098124594695, 'gpp_af': 0.0065783822580709386, 'gpp_b': 0.001674375583895437, 'gpp_d': 0.03927259340973166, 'ign_k': 0.0014363112408604436, 'ign_c': 23.40999464613212, 'trop_agb_crit': 5.588032458772675, 'trop_k_veg': 0.5588127200017643, 'fire_amp': 1.5719333351012774}.
[I 2026-06-11 13:12:36,350] Trial 569 finished with values: [10.337003018640415, 10.337003018640415] and parameters: {'k1': 6.784924519083143e-05, 'D_low': 148.21691630007544, 'k2': 0.02939607009739149, 'D_high': 6682.9607218310075, 'fire_exp': 1.2060040899560858, 'P_half': 12.280874862135363, 'pre_dampen_half': 4.847666216751353, 'gpp_af': 0.060029341913968644, 'gpp_b': 0.00012118589392553798, 'gpp_d': 96.93415502195788, 'ign_k': 3.6309591863459096, 'ign_c': 23.422386257929038, 'trop_agb_crit': 8.462233625364036, 'trop_k_veg': 2.99731137426955, 'fire_amp': 4.1162797330133705}.
[I 2026-06-11 13:12:37,282] Trial 570 finished with values: [10.7692307688997, 10.7692307688997] and parameters: {'k1': 0.00038698408508416947, 'D_low': 236.79352040223893, 'k2': 0.045914852167405346, 'D_high': 15.590073239763052, 'fire_exp': 9.487989255711895, 'P_half': 1265.0580856641704, 'pre_dampen_half': 30.456909077772018, 'gpp_af': 0.41874665092828456, 'gpp_b': 0.001674375583895437, 'gpp_d': 47.35384181058586, 'ign_k': 0.042425976091860974, 'ign_c': 29.690870944846793, 'trop_agb_crit': 12.9667438075127, 'trop_k_veg': 1.6648666152166967, 'fire_amp': 3.102033517490054}.
[I 2026-06-11 13:12:38,184] Trial 571 finished with values: [10.540313534409997, 10.540313534409997] and parameters: {'k1': 0.0008362695993649681, 'D_low': 236.79352040223893, 'k2': 0.02939607009739149, 'D_high': 69868.4759244566, 'fire_exp': 1.2060040899560858, 'P_half': 3040.9816628297017, 'pre_dampen_half': 28.01075698398644, 'gpp_af': 8.164459147354295, 'gpp_b': 0.001674375583895437, 'gpp_d': 6.84039695411256, 'ign_k': 0.001229921046579313, 'ign_c': 23.422386257929038, 'trop_agb_crit': 12.9667438075127, 'trop_k_veg': 2.99731137426955, 'fire_amp': 2.7806853670293616}.
[I 2026-06-11 13:12:39,103] Trial 572 finished with values: [10.289831646540586, 10.289831646540586] and parameters: {'k1': 0.008990768948930035, 'D_low': 1121.5915868662764, 'k2': 0.045914852167405346, 'D_high': 6682.9607218310075, 'fire_exp': 1.4848387260494937, 'P_half': 1.4551749476072258, 'pre_dampen_half': 170.71098124594695, 'gpp_af': 0.008117091133892173, 'gpp_b': 0.006999112505425414, 'gpp_d': 12.338826503601998, 'ign_k': 0.012480180965117606, 'ign_c': 7.832259769732471, 'trop_agb_crit': 8.0091368834625, 'trop_k_veg': 4.989748894578724, 'fire_amp': 3.1543496524370136}.
[I 2026-06-11 13:12:40,020] Trial 573 finished with values: [10.497598123296127, 10.497598123296127] and parameters: {'k1': 3.609310926766545e-05, 'D_low': 3266.346436894069, 'k2': 0.032141234030334316, 'D_high': 6682.9607218310075, 'fire_exp': 1.4848387260494937, 'P_half': 12.280874862135363, 'pre_dampen_half': 16.009350908593582, 'gpp_af': 42.29037995744429, 'gpp_b': 0.00265975681233728, 'gpp_d': 0.4316838564848064, 'ign_k': 0.46813761934505577, 'ign_c': 1.364908766641693, 'trop_agb_crit': 15.605813459825825, 'trop_k_veg': 4.989748894578724, 'fire_amp': 3.1543496524370136}.
[I 2026-06-11 13:12:40,903] Trial 574 finished with values: [12.177250974218794, 12.177250974218794] and parameters: {'k1': 0.03648456083047798, 'D_low': 13.012518385211498, 'k2': 1.1417577140741129e-05, 'D_high': 6682.9607218310075, 'fire_exp': 1.0420149135640993, 'P_half': 2.226799690893868, 'pre_dampen_half': 231.59500020699807, 'gpp_af': 0.060029341913968644, 'gpp_b': 0.001674375583895437, 'gpp_d': 364.60005353173506, 'ign_k': 0.0014363112408604436, 'ign_c': 0.13577269394141456, 'trop_agb_crit': 8.462233625364036, 'trop_k_veg': 0.5667990147757791, 'fire_amp': 1.5180207449214471}.
[I 2026-06-11 13:12:41,821] Trial 575 finished with values: [10.761498976232536, 10.761498976232536] and parameters: {'k1': 6.784924519083143e-05, 'D_low': 13.012518385211498, 'k2': 0.019383858782150494, 'D_high': 252.84086172415604, 'fire_exp': 5.784757193037464, 'P_half': 2.226799690893868, 'pre_dampen_half': 170.71098124594695, 'gpp_af': 42.29037995744429, 'gpp_b': 0.00012118589392553798, 'gpp_d': 96.93415502195788, 'ign_k': 1.5532973289514227, 'ign_c': 0.22592797420156951, 'trop_agb_crit': 5.588032458772675, 'trop_k_veg': 2.99731137426955, 'fire_amp': 4.1162797330133705}.
[I 2026-06-11 13:12:42,716] Trial 576 finished with values: [10.7692307688997, 10.7692307688997] and parameters: {'k1': 0.0005525012427854533, 'D_low': 236.79352040223893, 'k2': 0.045914852167405346, 'D_high': 32311.521854410956, 'fire_exp': 1.41873960828944, 'P_half': 5.4712187293420325, 'pre_dampen_half': 16.009350908593582, 'gpp_af': 0.008117091133892173, 'gpp_b': 0.0036065155862388338, 'gpp_d': 47.35384181058586, 'ign_k': 0.09256855841989636, 'ign_c': 186.78279278246248, 'trop_agb_crit': 8.0091368834625, 'trop_k_veg': 3.4439936249445045, 'fire_amp': 1.5719333351012774}.
[I 2026-06-11 13:12:43,615] Trial 577 finished with values: [10.202001535329968, 10.202001535329968] and parameters: {'k1': 0.0008362695993649681, 'D_low': 236.79352040223893, 'k2': 0.045914852167405346, 'D_high': 1266.9536563782303, 'fire_exp': 1.2060040899560858, 'P_half': 2.226799690893868, 'pre_dampen_half': 28.01075698398644, 'gpp_af': 0.060029341913968644, 'gpp_b': 0.0036065155862388338, 'gpp_d': 0.0399066504395798, 'ign_k': 0.001229921046579313, 'ign_c': 65.87536748686888, 'trop_agb_crit': 12.9667438075127, 'trop_k_veg': 2.99731137426955, 'fire_amp': 2.7806853670293616}.
[I 2026-06-11 13:12:44,509] Trial 578 finished with values: [-0.5767427310844231, 0.20653803141815252] and parameters: {'k1': 0.08006837661379566, 'D_low': 148.21691630007544, 'k2': 0.0015064557931192917, 'D_high': 6682.9607218310075, 'fire_exp': 1.2060040899560858, 'P_half': 5.4712187293420325, 'pre_dampen_half': 4.847666216751353, 'gpp_af': 0.060029341913968644, 'gpp_b': 0.0036065155862388338, 'gpp_d': 0.1619054449471649, 'ign_k': 0.0032383308053152635, 'ign_c': 65.87536748686888, 'trop_agb_crit': 5.588032458772675, 'trop_k_veg': 2.99731137426955, 'fire_amp': 2.7806853670293616}.
[I 2026-06-11 13:12:45,413] Trial 579 finished with values: [10.158805387033812, 10.158805387033812] and parameters: {'k1': 1.1281785190969807e-05, 'D_low': 1121.5915868662764, 'k2': 0.0004976087827261435, 'D_high': 69868.4759244566, 'fire_exp': 1.111738490499784, 'P_half': 51.10120656497163, 'pre_dampen_half': 123.04779330083686, 'gpp_af': 29.700320404259642, 'gpp_b': 1.0828092646426677e-05, 'gpp_d': 1.336803341156552, 'ign_k': 0.012480180965117606, 'ign_c': 16.470698221724305, 'trop_agb_crit': 8.639792249596399, 'trop_k_veg': 1.2749676887479542, 'fire_amp': 5.606809127618709}.
[I 2026-06-11 13:12:46,281] Trial 580 finished with values: [10.182524721350438, 10.182524721350438] and parameters: {'k1': 0.08409006963311547, 'D_low': 236.79352040223893, 'k2': 0.032141234030334316, 'D_high': 32311.521854410956, 'fire_exp': 1.4848387260494937, 'P_half': 1265.0580856641704, 'pre_dampen_half': 30.456909077772018, 'gpp_af': 0.0065783822580709386, 'gpp_b': 0.0008861657881839811, 'gpp_d': 47.35384181058586, 'ign_k': 0.012480180965117606, 'ign_c': 23.40999464613212, 'trop_agb_crit': 11.664190932505923, 'trop_k_veg': 4.989748894578724, 'fire_amp': 2.7556562114998226}.
[I 2026-06-11 13:12:47,183] Trial 581 finished with values: [10.501783938794917, 10.501783938794917] and parameters: {'k1': 0.00038698408508416947, 'D_low': 236.79352040223893, 'k2': 0.02939607009739149, 'D_high': 292.31166016118357, 'fire_exp': 1.2060040899560858, 'P_half': 2.226799690893868, 'pre_dampen_half': 4.847666216751353, 'gpp_af': 0.060029341913968644, 'gpp_b': 0.049565458633074926, 'gpp_d': 545.0253444559129, 'ign_k': 0.0032383308053152635, 'ign_c': 21.275785720135406, 'trop_agb_crit': 12.9667438075127, 'trop_k_veg': 1.4997174988262807, 'fire_amp': 2.7806853670293616}.
[I 2026-06-11 13:12:48,085] Trial 582 finished with values: [10.18917242882888, 10.18917242882888] and parameters: {'k1': 0.03648456083047798, 'D_low': 148.21691630007544, 'k2': 7.639737756882014e-05, 'D_high': 252.84086172415604, 'fire_exp': 1.2060040899560858, 'P_half': 2.226799690893868, 'pre_dampen_half': 4.847666216751353, 'gpp_af': 1.3954498518315706, 'gpp_b': 0.00012118589392553798, 'gpp_d': 545.0253444559129, 'ign_k': 0.0032383308053152635, 'ign_c': 7.832259769732471, 'trop_agb_crit': 5.588032458772675, 'trop_k_veg': 4.989748894578724, 'fire_amp': 1.5180207449214471}.
