[I 2026-07-24 02:18:55,085] Trial 441 finished with value: 0.6070810538573922 and parameters: {'k1': 0.0005403771669136832, 'D_low': 186664.94270497467, 'k2': 0.00013935199457500735, 'D_high': 1839955.7623357775, 'fire_exp': 8.806817363887076, 'P_half': 1.0434586749968715, 'pre_dampen_half': 226.96357948117182, 'gpp_af': 44.117583473640124, 'gpp_b': 0.020368390772371302, 'gpp_d': 176.28276485703333, 'ign_k': 0.13859720078147245, 'ign_c': 0.3439161071678234, 'trop_agb_crit': 8.60204380545278, 'trop_k_veg': 1.7763492449228964, 'fuel_k': 0.6345280442530714, 'fuel_half': 0.13713001560579563}. Best is trial 0 with value: -0.6070628323553574.
[I 2026-07-24 02:18:55,492] Trial 442 finished with value: 0.5120174808168948 and parameters: {'k1': 0.021905880007512903, 'D_low': 4.400439248718994, 'k2': 9.274013475810437e-05, 'D_high': 192862.42679924838, 'fire_exp': 1.0926998910122931, 'P_half': 1.1102543734256756, 'pre_dampen_half': 0.09442755603658308, 'gpp_af': 0.2011858428859054, 'gpp_b': 0.047870621008320194, 'gpp_d': 35.28459158107808, 'ign_k': 0.358225121666777, 'ign_c': 4.915988814440294, 'trop_agb_crit': 8.436637293257867, 'trop_k_veg': 1.1287562983054602, 'fuel_k': 0.1624147861377178, 'fuel_half': 0.20332305120615926}. Best is trial 0 with value: -0.6070628323553574.
[I 2026-07-24 02:18:55,903] Trial 443 finished with value: -0.49825893598373294 and parameters: {'k1': 0.002471656198056573, 'D_low': 711.1085108944338, 'k2': 0.00046706712906026616, 'D_high': 11097.606674872286, 'fire_exp': 5.921661885778648, 'P_half': 85.94647110602536, 'pre_dampen_half': 269.12152775567927, 'gpp_af': 0.006864219261651296, 'gpp_b': 1.7668231887614543e-05, 'gpp_d': 3.1904696344941064, 'ign_k': 1.3757116601783435, 'ign_c': 4.204970418138419, 'trop_agb_crit': 22.555797970277307, 'trop_k_veg': 1.0878350427125594, 'fuel_k': 2.242545619252926, 'fuel_half': 0.44473373384126264}. Best is trial 0 with value: -0.6070628323553574.
[I 2026-07-24 02:18:56,311] Trial 444 finished with value: 0.6445374145881376 and parameters: {'k1': 0.0015544096973730025, 'D_low': 440.13297725454606, 'k2': 0.0011276785602691854, 'D_high': 154886.27878134503, 'fire_exp': 5.783943316273697, 'P_half': 832.2761031513493, 'pre_dampen_half': 334.1029113123443, 'gpp_af': 0.006085895097344349, 'gpp_b': 8.858057187420242e-05, 'gpp_d': 64.92594775843439, 'ign_k': 0.6152751577390771, 'ign_c': 286.10769213035616, 'trop_agb_crit': 14.639230732112411, 'trop_k_veg': 1.3459968055175853, 'fuel_k': 3.1150660773577927, 'fuel_half': 0.10516364867309609}. Best is trial 0 with value: -0.6070628323553574.
[I 2026-07-24 02:18:56,755] Trial 445 finished with value: 0.6015260419956596 and parameters: {'k1': 0.0033057887126672, 'D_low': 686.3029003608389, 'k2': 5.207086629016799e-05, 'D_high': 2723399.3890431006, 'fire_exp': 2.325977574012726, 'P_half': 38.4351997929836, 'pre_dampen_half': 0.21510833983105723, 'gpp_af': 0.008893955625126378, 'gpp_b': 0.11924703695716793, 'gpp_d': 515.4900433398021, 'ign_k': 0.018342661951039126, 'ign_c': 0.2138218114927224, 'trop_agb_crit': 2.529749834379378, 'trop_k_veg': 4.835097890535719, 'fuel_k': 1.9963954039564442, 'fuel_half': 1.2097457413817925}. Best is trial 0 with value: -0.6070628323553574.
[I 2026-07-24 02:18:57,174] Trial 446 finished with value: 0.5583644039458544 and parameters: {'k1': 0.00014921206929659618, 'D_low': 11.42512706616343, 'k2': 0.00019190935180586413, 'D_high': 3157401.731565007, 'fire_exp': 1.5398443567113795, 'P_half': 3.9696450991955263, 'pre_dampen_half': 0.02041261725188165, 'gpp_af': 75.15752136080596, 'gpp_b': 0.1055080122203226, 'gpp_d': 133.88662871536417, 'ign_k': 0.0012768989703260468, 'ign_c': 19.950615684105486, 'trop_agb_crit': 1.0350168501603703, 'trop_k_veg': 6.540643680820202, 'fuel_k': 3.1350159529735198, 'fuel_half': 0.1394089715403007}. Best is trial 0 with value: -0.6070628323553574.
[I 2026-07-24 02:18:57,583] Trial 447 finished with value: 0.4502882267411207 and parameters: {'k1': 7.957844882292539e-05, 'D_low': 620.5420557495128, 'k2': 0.0009409988607892957, 'D_high': 3241739.1167276814, 'fire_exp': 4.585028747818714, 'P_half': 4.8953423534123734, 'pre_dampen_half': 13.046847102302323, 'gpp_af': 1.5800792743185463, 'gpp_b': 0.010955037242420047, 'gpp_d': 573.4479009343913, 'ign_k': 0.779127237779903, 'ign_c': 12.82149978488515, 'trop_agb_crit': 7.7905455228959095, 'trop_k_veg': 1.6427020185997967, 'fuel_k': 5.438292955535543, 'fuel_half': 0.3155321192138979}. Best is trial 0 with value: -0.6070628323553574.
[I 2026-07-24 02:18:57,993] Trial 448 finished with value: 0.4946778942464076 and parameters: {'k1': 0.08522732594013491, 'D_low': 72.23932898785743, 'k2': 8.074347795225896e-05, 'D_high': 1957723.5313394074, 'fire_exp': 1.1082026284545785, 'P_half': 16.188880974754344, 'pre_dampen_half': 0.06107455922326802, 'gpp_af': 0.5645263264486721, 'gpp_b': 0.009339056583649861, 'gpp_d': 243.11527283325628, 'ign_k': 0.27412864852384716, 'ign_c': 8.97545513390739, 'trop_agb_crit': 2.119039281135788, 'trop_k_veg': 1.2289048784555372, 'fuel_k': 0.10710758238901637, 'fuel_half': 0.274867817097117}. Best is trial 0 with value: -0.6070628323553574.
[I 2026-07-24 02:18:58,403] Trial 449 finished with value: 0.4274394492212583 and parameters: {'k1': 0.010567889237149648, 'D_low': 1.720865751577215, 'k2': 0.000125870314142098, 'D_high': 3064572.7119054263, 'fire_exp': 6.089311489903378, 'P_half': 2.31159108267529, 'pre_dampen_half': 20.296729430610394, 'gpp_af': 0.017396160797520762, 'gpp_b': 1.3721382949273103e-05, 'gpp_d': 307.0023517753116, 'ign_k': 0.4482058849755354, 'ign_c': 1.5006121822490122, 'trop_agb_crit': 14.718880746175847, 'trop_k_veg': 1.1551851348455622, 'fuel_k': 0.34411098218685227, 'fuel_half': 0.39181521977864203}. Best is trial 0 with value: -0.6070628323553574.
[I 2026-07-24 02:18:58,819] Trial 450 finished with value: 0.6107780247086528 and parameters: {'k1': 0.0002736543111899294, 'D_low': 2519.3840236872406, 'k2': 0.0011084305885387536, 'D_high': 2739.77686777881, 'fire_exp': 8.045705413816032, 'P_half': 12.11817654818072, 'pre_dampen_half': 469.3675446802354, 'gpp_af': 0.1950505936438466, 'gpp_b': 0.0038013611902414346, 'gpp_d': 98.66597969215138, 'ign_k': 0.25486268810980356, 'ign_c': 2.060868522688237, 'trop_agb_crit': 16.205646606636552, 'trop_k_veg': 0.9890411720488762, 'fuel_k': 0.15148480649530993, 'fuel_half': 0.1691782626278891}. Best is trial 0 with value: -0.6070628323553574.
[I 2026-07-24 02:18:59,226] Trial 451 finished with value: 0.4139641251317443 and parameters: {'k1': 0.0032181391557258906, 'D_low': 21.32170508229853, 'k2': 4.992797033344423e-05, 'D_high': 571323.2639056426, 'fire_exp': 5.43816121138176, 'P_half': 83.95867875633598, 'pre_dampen_half': 151.54746012579048, 'gpp_af': 0.018115479427339133, 'gpp_b': 0.00033086359355751345, 'gpp_d': 162.5913299522892, 'ign_k': 0.47581730207413203, 'ign_c': 0.3704839937181962, 'trop_agb_crit': 22.555025894078348, 'trop_k_veg': 1.2095321354552013, 'fuel_k': 0.16445454474101912, 'fuel_half': 10.320980394287307}. Best is trial 0 with value: -0.6070628323553574.
[I 2026-07-24 02:18:59,637] Trial 452 finished with value: -0.5383563575833417 and parameters: {'k1': 0.09849480780804265, 'D_low': 25.030232407419472, 'k2': 4.30214959837091e-05, 'D_high': 64591.90033154248, 'fire_exp': 1.1384341913812959, 'P_half': 10.744312175617951, 'pre_dampen_half': 1.0411676003899595, 'gpp_af': 2.740009773006255, 'gpp_b': 0.20919024937611533, 'gpp_d': 10.716269757632187, 'ign_k': 0.22519582414807804, 'ign_c': 1.267935397079688, 'trop_agb_crit': 6.022440477292122, 'trop_k_veg': 1.251839507399725, 'fuel_k': 0.3487329133053114, 'fuel_half': 0.15035507158595693}. Best is trial 0 with value: -0.6070628323553574.
[I 2026-07-24 02:19:00,062] Trial 453 finished with value: 0.5898709473586049 and parameters: {'k1': 0.0012384961174147795, 'D_low': 25.880070071737624, 'k2': 0.0031163914687320038, 'D_high': 39228.673955842605, 'fire_exp': 9.105539311350645, 'P_half': 1258.894462185382, 'pre_dampen_half': 122.8125713559164, 'gpp_af': 0.02759785905642347, 'gpp_b': 1.710726986317073e-05, 'gpp_d': 30.092488835309386, 'ign_k': 1.1451542774586618, 'ign_c': 14.24162356555386, 'trop_agb_crit': 27.57212136341987, 'trop_k_veg': 2.7277387496372514, 'fuel_k': 2.1069650540384965, 'fuel_half': 0.23659806016449192}. Best is trial 0 with value: -0.6070628323553574.
[I 2026-07-24 02:19:00,477] Trial 454 finished with value: 0.6445374145881376 and parameters: {'k1': 0.012567722793611128, 'D_low': 4.426417540087766, 'k2': 0.008542596548765288, 'D_high': 994.9276659675794, 'fire_exp': 5.020817609299336, 'P_half': 581.7735398148143, 'pre_dampen_half': 10.919794370974302, 'gpp_af': 0.0023850702967348108, 'gpp_b': 4.933273060647914e-05, 'gpp_d': 91.93890335423785, 'ign_k': 6.931389397077832, 'ign_c': 442.910625091902, 'trop_agb_crit': 14.203022129783287, 'trop_k_veg': 1.1282731979694844, 'fuel_k': 2.0696897302792374, 'fuel_half': 0.6489434130418044}. Best is trial 0 with value: -0.6070628323553574.
[I 2026-07-24 02:19:00,889] Trial 455 finished with value: 0.6345783041138943 and parameters: {'k1': 0.001474336325070246, 'D_low': 310.5067656727796, 'k2': 0.002407399144928511, 'D_high': 959377.7774917173, 'fire_exp': 4.604925456814739, 'P_half': 3.3065511906039564, 'pre_dampen_half': 0.7238231448258031, 'gpp_af': 4.068806502830138, 'gpp_b': 0.05209795425078596, 'gpp_d': 4.41728018835134, 'ign_k': 0.5344940769929666, 'ign_c': 30.718083643787065, 'trop_agb_crit': 7.42664561857146, 'trop_k_veg': 3.0831778189435437, 'fuel_k': 2.1313759214084955, 'fuel_half': 22.036700203148463}. Best is trial 0 with value: -0.6070628323553574.
[I 2026-07-24 02:19:01,304] Trial 456 finished with value: 0.4798576290502603 and parameters: {'k1': 0.00013189596128494263, 'D_low': 2087.9074793149507, 'k2': 0.00920422065238451, 'D_high': 313446.3757795101, 'fire_exp': 4.488656234014354, 'P_half': 2.5313619489986743, 'pre_dampen_half': 411.3236223134371, 'gpp_af': 12.124831319370983, 'gpp_b': 0.030678462263260355, 'gpp_d': 319.3989683869201, 'ign_k': 0.9140507057590932, 'ign_c': 1.2717227033992624, 'trop_agb_crit': 15.50781960267782, 'trop_k_veg': 1.413193753702428, 'fuel_k': 0.7337618803618704, 'fuel_half': 0.36178974566231564}. Best is trial 0 with value: -0.6070628323553574.
[I 2026-07-24 02:19:01,721] Trial 457 finished with value: 0.5826052619280607 and parameters: {'k1': 0.01960351632157451, 'D_low': 209.10412765890655, 'k2': 2.4412153945666852e-05, 'D_high': 3343219.222227282, 'fire_exp': 1.0282863701870757, 'P_half': 3.3230324436283, 'pre_dampen_half': 2.0003676875077057, 'gpp_af': 8.131619944634384, 'gpp_b': 0.001518212285396065, 'gpp_d': 85.70311233747105, 'ign_k': 0.04378547746547931, 'ign_c': 160.7157471746749, 'trop_agb_crit': 4.17793163225938, 'trop_k_veg': 2.6552736587986545, 'fuel_k': 0.7488830087551596, 'fuel_half': 0.11271322312623999}. Best is trial 0 with value: -0.6070628323553574.
[I 2026-07-24 02:19:02,136] Trial 458 finished with value: 0.475029529498347 and parameters: {'k1': 0.006282664160979993, 'D_low': 4.8706937112515885, 'k2': 1.4148444598706203e-05, 'D_high': 2188348.030723053, 'fire_exp': 1.1338144113389055, 'P_half': 2.5483444257561856, 'pre_dampen_half': 55.1360043423232, 'gpp_af': 0.0056587952950244574, 'gpp_b': 0.007932607810749098, 'gpp_d': 737.6344623292995, 'ign_k': 0.06948200079374073, 'ign_c': 5.785917988538423, 'trop_agb_crit': 11.729898380161451, 'trop_k_veg': 1.4363465848874415, 'fuel_k': 0.5813441092928455, 'fuel_half': 0.1689815397304724}. Best is trial 0 with value: -0.6070628323553574.
[I 2026-07-24 02:19:02,548] Trial 459 finished with value: 0.612860733839057 and parameters: {'k1': 0.014344567008406037, 'D_low': 48683.74478498892, 'k2': 1.865974545205859e-05, 'D_high': 19369.189160999154, 'fire_exp': 1.0677183929637841, 'P_half': 10.935619288233106, 'pre_dampen_half': 31.378758736207978, 'gpp_af': 0.2794272052557605, 'gpp_b': 0.0071153622436909815, 'gpp_d': 191.64656726478862, 'ign_k': 0.003587539917041964, 'ign_c': 0.2823741484764233, 'trop_agb_crit': 1.7100353881477595, 'trop_k_veg': 3.0576541069091405, 'fuel_k': 3.8620029470099952, 'fuel_half': 0.6783724838884112}. Best is trial 0 with value: -0.6070628323553574.
[I 2026-07-24 02:19:02,961] Trial 460 finished with value: 0.608039923115447 and parameters: {'k1': 0.03283080421577029, 'D_low': 145.86998443213724, 'k2': 4.354751244702568e-05, 'D_high': 2141873.1286947387, 'fire_exp': 1.2438271694615728, 'P_half': 3770.342269797396, 'pre_dampen_half': 31.093112548728783, 'gpp_af': 8.411311936622639, 'gpp_b': 9.116678175169525, 'gpp_d': 331.45325650366675, 'ign_k': 0.0016550274619779922, 'ign_c': 202.20549128877437, 'trop_agb_crit': 1.0271490130309093, 'trop_k_veg': 5.169772977391381, 'fuel_k': 0.8801589575664124, 'fuel_half': 0.9822692707102705}. Best is trial 0 with value: -0.6070628323553574.
[I 2026-07-24 02:19:03,374] Trial 461 finished with value: 0.41274943722738555 and parameters: {'k1': 0.049716263603224085, 'D_low': 25.554775293912126, 'k2': 1.707011927906144e-05, 'D_high': 4079142.666975142, 'fire_exp': 1.3747002552358762, 'P_half': 2.259890545329254, 'pre_dampen_half': 5.587024732992105, 'gpp_af': 2.520478632677342, 'gpp_b': 0.03833150675027867, 'gpp_d': 66.80203293633203, 'ign_k': 0.0845928249639541, 'ign_c': 4.8835292290865855, 'trop_agb_crit': 2.5555793612785327, 'trop_k_veg': 0.8289342222645536, 'fuel_k': 0.3068910468141155, 'fuel_half': 0.17775858505877237}. Best is trial 0 with value: -0.6070628323553574.
[I 2026-07-24 02:19:03,787] Trial 462 finished with value: 0.6445374145881376 and parameters: {'k1': 0.009525676166476385, 'D_low': 21.770911013805673, 'k2': 0.00044248409315080807, 'D_high': 74774.94487306368, 'fire_exp': 6.337945509105889, 'P_half': 114.12617411388435, 'pre_dampen_half': 51.3345061486035, 'gpp_af': 1.209384325259374, 'gpp_b': 7.806181768745443e-05, 'gpp_d': 520.4434444407183, 'ign_k': 0.5145988291557243, 'ign_c': 111.98820508516894, 'trop_agb_crit': 20.199462748786328, 'trop_k_veg': 3.2715356293482576, 'fuel_k': 0.800187205592097, 'fuel_half': 0.15273623717945778}. Best is trial 0 with value: -0.6070628323553574.
[I 2026-07-24 02:19:04,199] Trial 463 finished with value: 0.5576019826301208 and parameters: {'k1': 0.0034380636075453867, 'D_low': 5.406878314795204, 'k2': 6.0474740404457834e-05, 'D_high': 6609426.199933737, 'fire_exp': 1.5814049215843926, 'P_half': 1.731153544661611, 'pre_dampen_half': 1.1298392586927473, 'gpp_af': 0.039041343786214634, 'gpp_b': 4.172125498701644e-05, 'gpp_d': 283.1087332151709, 'ign_k': 0.012971684380040344, 'ign_c': 83.04521988364766, 'trop_agb_crit': 3.92272639395476, 'trop_k_veg': 1.1354269419674963, 'fuel_k': 0.1155317115355739, 'fuel_half': 0.10096782873854732}. Best is trial 0 with value: -0.6070628323553574.
[I 2026-07-24 02:19:04,615] Trial 464 finished with value: 0.5320051581603856 and parameters: {'k1': 0.00013178608728542027, 'D_low': 13.809819309701906, 'k2': 0.008021007136174386, 'D_high': 102737.30016415633, 'fire_exp': 5.100569196020224, 'P_half': 614.5845686996671, 'pre_dampen_half': 489.5243738897738, 'gpp_af': 0.010563676962641922, 'gpp_b': 3.861142504721206e-05, 'gpp_d': 21.632238863804346, 'ign_k': 0.5640259853009667, 'ign_c': 13.042198034759537, 'trop_agb_crit': 12.335593617435169, 'trop_k_veg': 0.9439375117226341, 'fuel_k': 5.799485313040148, 'fuel_half': 1.3514396859044249}. Best is trial 0 with value: -0.6070628323553574.
[I 2026-07-24 02:19:05,025] Trial 465 finished with value: 0.592101551766989 and parameters: {'k1': 0.001001098615911891, 'D_low': 44.85312033484602, 'k2': 0.001076291359877105, 'D_high': 5228974.271418991, 'fire_exp': 7.494784469361562, 'P_half': 48.00563860938738, 'pre_dampen_half': 58.83435806716548, 'gpp_af': 1.5960247742410683, 'gpp_b': 0.05203894122279205, 'gpp_d': 25.383736542689043, 'ign_k': 0.01334950948387415, 'ign_c': 0.5964680846271875, 'trop_agb_crit': 18.196764366969933, 'trop_k_veg': 0.8457046440442586, 'fuel_k': 0.39152692297637526, 'fuel_half': 0.11682224811531625}. Best is trial 0 with value: -0.6070628323553574.
[I 2026-07-24 02:19:05,435] Trial 466 finished with value: 0.4195117538293388 and parameters: {'k1': 0.0010611145399635252, 'D_low': 3.9471740732355864, 'k2': 8.254127525609486e-05, 'D_high': 4786546.074291862, 'fire_exp': 1.0572141794272878, 'P_half': 2.950340538882922, 'pre_dampen_half': 0.5737183270339423, 'gpp_af': 0.7687310289422264, 'gpp_b': 0.0019376157197511417, 'gpp_d': 18.517521024500436, 'ign_k': 0.004311428405057261, 'ign_c': 2.125055773148486, 'trop_agb_crit': 1.3105441239740439, 'trop_k_veg': 5.128778586453387, 'fuel_k': 3.3221046979627022, 'fuel_half': 0.14698308813242408}. Best is trial 0 with value: -0.6070628323553574.
[I 2026-07-24 02:19:05,847] Trial 467 finished with value: 0.5883972389538186 and parameters: {'k1': 0.011536761489234021, 'D_low': 769.5046793399553, 'k2': 0.001157428265275077, 'D_high': 6460167.400976126, 'fire_exp': 5.943556269269753, 'P_half': 546.1426448632194, 'pre_dampen_half': 18.92927675889314, 'gpp_af': 0.03705966458113183, 'gpp_b': 0.00014460363367759432, 'gpp_d': 408.9861406280999, 'ign_k': 0.015018821262239222, 'ign_c': 4.849340945481639, 'trop_agb_crit': 28.180362744118206, 'trop_k_veg': 2.118513979800279, 'fuel_k': 0.7160860712595557, 'fuel_half': 0.39497599452460463}. Best is trial 0 with value: -0.6070628323553574.
[I 2026-07-24 02:19:06,252] Trial 468 finished with value: 0.45193710774061135 and parameters: {'k1': 0.0011021996481071963, 'D_low': 2.618740438568095, 'k2': 1.7347156653151055e-05, 'D_high': 5861016.372842607, 'fire_exp': 1.2140206425440594, 'P_half': 82.26074908685825, 'pre_dampen_half': 12.873299288634595, 'gpp_af': 86.36068418254294, 'gpp_b': 1.4021907493536263, 'gpp_d': 484.0716592871803, 'ign_k': 0.013913262543317073, 'ign_c': 4.847126757218823, 'trop_agb_crit': 1.2087069090697429, 'trop_k_veg': 7.4270373020894, 'fuel_k': 3.648818114221145, 'fuel_half': 0.7626933638816911}. Best is trial 0 with value: -0.6070628323553574.
[I 2026-07-24 02:19:06,662] Trial 469 finished with value: -0.5430801144862528 and parameters: {'k1': 0.0005376848957059577, 'D_low': 11442.71935739701, 'k2': 0.0007247261814239814, 'D_high': 135668.79094151553, 'fire_exp': 8.623627430956567, 'P_half': 26.175587287509703, 'pre_dampen_half': 69.95088752313131, 'gpp_af': 12.021726316125624, 'gpp_b': 0.0031356767913063364, 'gpp_d': 507.39490995382585, 'ign_k': 0.18943000329516513, 'ign_c': 0.4153623567859145, 'trop_agb_crit': 23.299992541205544, 'trop_k_veg': 1.7062652662285382, 'fuel_k': 0.5827913803196544, 'fuel_half': 0.13118966613508207}. Best is trial 0 with value: -0.6070628323553574.
[I 2026-07-24 02:19:07,084] Trial 470 finished with value: 0.5090021551667686 and parameters: {'k1': 0.003947492566389867, 'D_low': 16.839225832742816, 'k2': 0.001034810421249521, 'D_high': 1312194.5778399103, 'fire_exp': 8.150711797373459, 'P_half': 2.2381758032747663, 'pre_dampen_half': 469.62900391785485, 'gpp_af': 14.53792161764115, 'gpp_b': 0.00011111810561626533, 'gpp_d': 563.2785575446261, 'ign_k': 0.06336696266595528, 'ign_c': 1.1455963443250239, 'trop_agb_crit': 14.645206216201329, 'trop_k_veg': 1.7639971640113936, 'fuel_k': 0.03081340869439038, 'fuel_half': 3.6082790071444073}. Best is trial 0 with value: -0.6070628323553574.
[I 2026-07-24 02:19:07,497] Trial 471 finished with value: 0.4449358514860189 and parameters: {'k1': 0.0006082979216327877, 'D_low': 993.5172767386346, 'k2': 1.9358689112466526e-05, 'D_high': 1130097.435737306, 'fire_exp': 1.1326986241687322, 'P_half': 158.44587070574963, 'pre_dampen_half': 0.3565531066438701, 'gpp_af': 4.395025565006922, 'gpp_b': 0.11835324524848095, 'gpp_d': 153.5347387950294, 'ign_k': 0.005017907264326139, 'ign_c': 10.726199148906845, 'trop_agb_crit': 1.7081854267131988, 'trop_k_veg': 7.664239433221851, 'fuel_k': 2.536622369250736, 'fuel_half': 0.14332089310295804}. Best is trial 0 with value: -0.6070628323553574.
[I 2026-07-24 02:19:07,906] Trial 472 finished with value: 0.5720890620427419 and parameters: {'k1': 0.0003565640696974593, 'D_low': 44.95553546694732, 'k2': 0.00014405837873299166, 'D_high': 2484373.1833901666, 'fire_exp': 5.300648695531573, 'P_half': 29.82434048457759, 'pre_dampen_half': 17.767503113034607, 'gpp_af': 0.0039169361332482815, 'gpp_b': 1.0794218801375906e-05, 'gpp_d': 5.695720110195603, 'ign_k': 0.02228175437763867, 'ign_c': 11.957715890920056, 'trop_agb_crit': 14.060652752965291, 'trop_k_veg': 1.0581128836414, 'fuel_k': 2.9196536458382893, 'fuel_half': 0.13777662731125395}. Best is trial 0 with value: -0.6070628323553574.
[I 2026-07-24 02:19:08,319] Trial 473 finished with value: 0.5597522435663727 and parameters: {'k1': 0.002226946387145211, 'D_low': 15.752945050160074, 'k2': 1.3392031348700288e-05, 'D_high': 617457.6306227105, 'fire_exp': 1.252125127493143, 'P_half': 1.3221794048122524, 'pre_dampen_half': 0.3102122462770077, 'gpp_af': 3.2815728976703964, 'gpp_b': 0.02804227442809732, 'gpp_d': 502.0787581492081, 'ign_k': 0.022279911999983158, 'ign_c': 66.85746990862647, 'trop_agb_crit': 6.089363730677659, 'trop_k_veg': 0.7724668435285218, 'fuel_k': 0.33768888037818084, 'fuel_half': 0.4174601291901266}. Best is trial 0 with value: -0.6070628323553574.
[I 2026-07-24 02:19:08,728] Trial 474 finished with value: 0.5747415554754747 and parameters: {'k1': 1.6354706358540337e-05, 'D_low': 6.158265563944485, 'k2': 2.3943497896239992e-05, 'D_high': 9850289.18698523, 'fire_exp': 1.3965898351259545, 'P_half': 1913.4277503688672, 'pre_dampen_half': 0.1808947224450951, 'gpp_af': 9.855446861349844, 'gpp_b': 0.22035464264352492, 'gpp_d': 118.27839657278584, 'ign_k': 0.0021279439311507127, 'ign_c': 0.2615767373418584, 'trop_agb_crit': 1.1517797046228875, 'trop_k_veg': 2.68727667365336, 'fuel_k': 2.411421224494019, 'fuel_half': 1.0867669512763394}. Best is trial 0 with value: -0.6070628323553574.
