[I 2026-08-19 12:57:47,486] Trial 270 finished with values: [-0.39187440232049603, 0.006420969644355123] and parameters: {'k1': 4.0873003903057456e-05, 'D_low': 704.3447056682222, 'k2': 0.0007731571570012607, 'D_high': 24493.271671328574, 'fire_exp': 1.9279473457486451, 'P_half': 1265.0580856641704, 'pre_dampen_half': 1.8469033699850426, 'gpp_af': 16.628468223474556, 'gpp_b': 0.0007417652034871827, 'gpp_d': 1.0088237648985734, 'ign_k': 8.501870149611706, 'ign_c': 0.2806439011124269, 'trop_agb_crit': 1.8566494291193822, 'trop_k_veg': 5.453348988480011, 'pop_amp': 5.27924855752961, 'pop_peak': 2.016436598480055, 'pop_sig': 0.4663206866626952, 'fuel_k': 0.6153584041797165, 'fuel_half': 10.137471815285474}.
[I 2026-08-19 12:57:51,216] Trial 271 finished with values: [-0.3554625854118624, 0.0] and parameters: {'k1': 4.042960692360327e-05, 'D_low': 74.18778535608804, 'k2': 0.0002001342062287998, 'D_high': 324.1860728315053, 'fire_exp': 1.8678802571070678, 'P_half': 1669.8621151307725, 'pre_dampen_half': 64.90728279563943, 'gpp_af': 0.11134482360128048, 'gpp_b': 0.0011284712324279547, 'gpp_d': 2.0418743718729573, 'ign_k': 1.6172900811143154, 'ign_c': 243.11355106292382, 'trop_agb_crit': 1.542823384648628, 'trop_k_veg': 2.534001638944541, 'pop_amp': 2.6865274575771596, 'pop_peak': 0.05281056279423359, 'pop_sig': 1.8623612109022214, 'fuel_k': 1.0151421859083098, 'fuel_half': 14.458046248526905}.
[I 2026-08-19 12:57:54,038] Trial 272 finished with values: [-0.42065990009818144, 0.0021817419196680232] and parameters: {'k1': 1.844951990812239e-05, 'D_low': 1.6569065206637925, 'k2': 0.0019856031481305684, 'D_high': 1124534.1807254362, 'fire_exp': 1.1633452995374232, 'P_half': 6281.776703992854, 'pre_dampen_half': 0.2571419084734534, 'gpp_af': 0.0077125451401819246, 'gpp_b': 0.004411400434514031, 'gpp_d': 1.0088237648985734, 'ign_k': 9.162638829638215, 'ign_c': 0.5110256715654393, 'trop_agb_crit': 3.3887235042490564, 'trop_k_veg': 5.691473319778836, 'pop_amp': 0.04874366481145617, 'pop_peak': 0.17274196344453516, 'pop_sig': 0.4663206866626952, 'fuel_k': 1.3626356448811705, 'fuel_half': 1.683458881839943}.
  trial  273/2500  pareto_size=18  best_ilamb=0.6094  (12.2 min)
[I 2026-08-19 12:57:57,684] Trial 273 finished with values: [-0.3554625854118624, 0.0] and parameters: {'k1': 0.019894080167856886, 'D_low': 2.1309331861011747, 'k2': 0.00515305301141249, 'D_high': 248560.76864946447, 'fire_exp': 1.8493890000580158, 'P_half': 2972.248537653567, 'pre_dampen_half': 1.8469033699850426, 'gpp_af': 1.9600139992927448, 'gpp_b': 1.2690840169394997, 'gpp_d': 217.00563172707407, 'ign_k': 0.17320535908244444, 'ign_c': 222.87087260110138, 'trop_agb_crit': 5.12586335774155, 'trop_k_veg': 0.8847641532083491, 'pop_amp': 0.4577897804124867, 'pop_peak': 0.1413441534804191, 'pop_sig': 0.7824044734208029, 'fuel_k': 0.6153584041797165, 'fuel_half': 41.2601291684027}.
[I 2026-08-19 12:58:01,800] Trial 274 finished with values: [-0.3847545529030063, 1.216123313163564e-09] and parameters: {'k1': 0.09372580613581186, 'D_low': 2.400213216646464, 'k2': 0.0019856031481305684, 'D_high': 1814.597053180889, 'fire_exp': 6.454675979546216, 'P_half': 8894.151386481904, 'pre_dampen_half': 30.11226646948154, 'gpp_af': 0.18737227240512885, 'gpp_b': 0.05825704883392061, 'gpp_d': 118.26972885708257, 'ign_k': 0.0023181776112903506, 'ign_c': 12.366924205139131, 'trop_agb_crit': 23.606263788786194, 'trop_k_veg': 4.30392173391187, 'pop_amp': 0.00302949081513666, 'pop_peak': 0.17274196344453516, 'pop_sig': 1.0424917012813995, 'fuel_k': 0.06525050422102326, 'fuel_half': 17.890117928710357}.
[I 2026-08-19 12:58:07,313] Trial 275 finished with values: [-0.3554625854118624, 0.0] and parameters: {'k1': 4.929552311643645e-05, 'D_low': 716328.9063135319, 'k2': 0.00039266205721678855, 'D_high': 866.4406862241786, 'fire_exp': 6.2400230621325194, 'P_half': 12.115155843077673, 'pre_dampen_half': 0.22322768612511998, 'gpp_af': 0.0024676405980083274, 'gpp_b': 0.010442814210473004, 'gpp_d': 79.3190911385705, 'ign_k': 0.3699359899959751, 'ign_c': 0.2170500348871113, 'trop_agb_crit': 4.018584329485901, 'trop_k_veg': 0.5857461307917441, 'pop_amp': 0.40576032137265017, 'pop_peak': 0.5960356212705233, 'pop_sig': 0.8493946802337473, 'fuel_k': 0.9666195090843235, 'fuel_half': 9.562955396652193}.
[I 2026-08-19 12:58:10,119] Trial 276 finished with values: [-0.42701132081189475, 0.023740928228633496] and parameters: {'k1': 0.0007158031739371039, 'D_low': 24.989458677225585, 'k2': 0.0002191739661157602, 'D_high': 656327.636151562, 'fire_exp': 1.010722707674549, 'P_half': 935.0311616845345, 'pre_dampen_half': 4.412509669839992, 'gpp_af': 0.4863825828994064, 'gpp_b': 0.620439464939785, 'gpp_d': 0.5391752791214324, 'ign_k': 0.025284086172415596, 'ign_c': 0.4471649524144918, 'trop_agb_crit': 22.15898715394987, 'trop_k_veg': 4.891066132801691, 'pop_amp': 0.08829902947227952, 'pop_peak': 286.20780896012474, 'pop_sig': 1.0264911386548754, 'fuel_k': 0.14519190859804215, 'fuel_half': 1.7918446176734728}.
[I 2026-08-19 12:58:12,742] Trial 277 finished with values: [-0.4056137798632979, 4.071609454037173e-06] and parameters: {'k1': 0.0003944671255903532, 'D_low': 2.1309331861011747, 'k2': 0.0002191739661157602, 'D_high': 656327.636151562, 'fire_exp': 4.3161213924316595, 'P_half': 21.577279477693462, 'pre_dampen_half': 0.7465571739720183, 'gpp_af': 0.005018406982902927, 'gpp_b': 0.010442814210473004, 'gpp_d': 0.5391752791214324, 'ign_k': 0.3699359899959751, 'ign_c': 17.321868366117503, 'trop_agb_crit': 1.271272336700571, 'trop_k_veg': 6.710511644250376, 'pop_amp': 0.0013002472438361158, 'pop_peak': 0.2017438358845408, 'pop_sig': 0.3752554385661973, 'fuel_k': 0.24240470828760216, 'fuel_half': 1.4605276344629996}.
[I 2026-08-19 12:58:15,480] Trial 278 finished with values: [-0.3554625854118624, 0.0] and parameters: {'k1': 0.0029070516815839368, 'D_low': 716328.9063135319, 'k2': 9.861808369679773e-05, 'D_high': 290855.8180038407, 'fire_exp': 1.0802702964942565, 'P_half': 6220.327170121322, 'pre_dampen_half': 65.77017096798056, 'gpp_af': 49.583649914027546, 'gpp_b': 0.620439464939785, 'gpp_d': 650.4921701204659, 'ign_k': 0.0027703009300353663, 'ign_c': 117.15293025123641, 'trop_agb_crit': 1.542823384648628, 'trop_k_veg': 0.8084202024508578, 'pop_amp': 0.4999422261927467, 'pop_peak': 0.22068324240460466, 'pop_sig': 2.4100357112052566, 'fuel_k': 1.0151421859083098, 'fuel_half': 14.458046248526905}.
  trial  279/2500  pareto_size=18  best_ilamb=0.6094  (12.6 min)
[I 2026-08-19 12:58:18,669] Trial 279 finished with values: [-0.39335425646749933, 3.4868478937521985e-07] and parameters: {'k1': 0.0009444574254983562, 'D_low': 26637.521271705016, 'k2': 0.00010226988730324317, 'D_high': 14.207404990676052, 'fire_exp': 1.8678802571070678, 'P_half': 2065.142557895925, 'pre_dampen_half': 0.607808309968195, 'gpp_af': 0.03730610475453591, 'gpp_b': 1.722111409234053e-05, 'gpp_d': 63.84398027045259, 'ign_k': 0.009935023909063692, 'ign_c': 1.1939136672856556, 'trop_agb_crit': 3.6082320216811903, 'trop_k_veg': 3.291143953379188, 'pop_amp': 0.0021433490423168255, 'pop_peak': 0.05281056279423359, 'pop_sig': 0.5314193463179775, 'fuel_k': 0.9199338799678547, 'fuel_half': 1.7895437790635824}.
[I 2026-08-19 12:58:21,984] Trial 280 finished with values: [-0.37036889820774316, 3.3306690738754696e-16] and parameters: {'k1': 0.0029070516815839368, 'D_low': 1.6569065206637925, 'k2': 0.0002001342062287998, 'D_high': 24493.271671328574, 'fire_exp': 1.1633452995374232, 'P_half': 6281.776703992854, 'pre_dampen_half': 1.8469033699850426, 'gpp_af': 0.41874665092828456, 'gpp_b': 0.004411400434514031, 'gpp_d': 0.050654860639753524, 'ign_k': 0.3818468247973969, 'ign_c': 89.12611835816996, 'trop_agb_crit': 3.3887235042490564, 'trop_k_veg': 5.691473319778836, 'pop_amp': 0.008683934086503814, 'pop_peak': 2.016436598480055, 'pop_sig': 0.4663206866626952, 'fuel_k': 1.3626356448811705, 'fuel_half': 1.683458881839943}.
[I 2026-08-19 12:58:26,211] Trial 281 finished with values: [-0.40385696129621973, 0.0017196769184508742] and parameters: {'k1': 2.9693357731296325e-05, 'D_low': 437.4364439939077, 'k2': 0.0019856031481305684, 'D_high': 9355.38060645217, 'fire_exp': 1.3796609641485171, 'P_half': 1636.5290600718067, 'pre_dampen_half': 0.2571419084734534, 'gpp_af': 0.0077125451401819246, 'gpp_b': 0.0007417652034871827, 'gpp_d': 3.9841905944346854, 'ign_k': 0.0030792124641270437, 'ign_c': 0.2806439011124269, 'trop_agb_crit': 3.544180417534903, 'trop_k_veg': 4.30392173391187, 'pop_amp': 0.029228481237926353, 'pop_peak': 0.17274196344453516, 'pop_sig': 0.9904669476016459, 'fuel_k': 3.640039183945803, 'fuel_half': 17.890117928710357}.
[I 2026-08-19 12:58:29,448] Trial 282 finished with values: [-0.4204398648619468, 0.0024055494998622695] and parameters: {'k1': 5.7909642338812115e-05, 'D_low': 1368.9795993592197, 'k2': 0.00010226988730324317, 'D_high': 656327.636151562, 'fire_exp': 1.1633452995374232, 'P_half': 111.3550118475728, 'pre_dampen_half': 1.8469033699850426, 'gpp_af': 0.4863825828994064, 'gpp_b': 3.3047126165675627, 'gpp_d': 0.5391752791214324, 'ign_k': 0.02442377596403895, 'ign_c': 0.4177928311636542, 'trop_agb_crit': 4.655654379631494, 'trop_k_veg': 0.9320112612196061, 'pop_amp': 0.0021433490423168255, 'pop_peak': 0.4058954892105276, 'pop_sig': 0.4663206866626952, 'fuel_k': 0.6153584041797165, 'fuel_half': 46.94418916845851}.
[I 2026-08-19 12:58:32,616] Trial 283 finished with values: [-0.3554625854118624, 0.0] and parameters: {'k1': 0.019894080167856886, 'D_low': 122.13924959062801, 'k2': 0.00515305301141249, 'D_high': 24796.57987943952, 'fire_exp': 1.8493890000580158, 'P_half': 3269.790633391691, 'pre_dampen_half': 97.08007608568462, 'gpp_af': 1.9600139992927448, 'gpp_b': 1.2690840169394997, 'gpp_d': 217.00563172707407, 'ign_k': 0.681478104652993, 'ign_c': 222.87087260110138, 'trop_agb_crit': 5.12586335774155, 'trop_k_veg': 3.2956501175550894, 'pop_amp': 0.4577897804124867, 'pop_peak': 0.1413441534804191, 'pop_sig': 0.36020116569588484, 'fuel_k': 2.800220309203497, 'fuel_half': 41.2601291684027}.
[I 2026-08-19 12:58:34,932] Trial 284 finished with values: [-0.3839835114516124, 0.00010458661192380703] and parameters: {'k1': 0.05217998579193211, 'D_low': 1.6569065206637925, 'k2': 0.0019339745640818936, 'D_high': 478.49186871472983, 'fire_exp': 1.1633452995374232, 'P_half': 5.59983195169599, 'pre_dampen_half': 1.823875297964684, 'gpp_af': 0.41874665092828456, 'gpp_b': 0.004411400434514031, 'gpp_d': 0.16294786031575217, 'ign_k': 0.3818468247973969, 'ign_c': 27.70002555743451, 'trop_agb_crit': 2.6689615974393592, 'trop_k_veg': 6.659897946052827, 'pop_amp': 0.004612311905749002, 'pop_peak': 1.144898259517397, 'pop_sig': 0.4663206866626952, 'fuel_k': 1.3626356448811705, 'fuel_half': 1.0228520845452074}.
[I 2026-08-19 12:58:37,779] Trial 285 finished with values: [-0.3616106318812882, 0.3619717831489596] and parameters: {'k1': 0.09372580613581186, 'D_low': 286.06841726052676, 'k2': 0.09116768553735347, 'D_high': 9355.38060645217, 'fire_exp': 6.454675979546216, 'P_half': 4.937355303501834, 'pre_dampen_half': 30.11226646948154, 'gpp_af': 0.18737227240512885, 'gpp_b': 0.05825704883392061, 'gpp_d': 8.347790852520644, 'ign_k': 0.3699359899959751, 'ign_c': 0.13492881864712067, 'trop_agb_crit': 27.05166881899929, 'trop_k_veg': 3.754644404143055, 'pop_amp': 6.746076139939917, 'pop_peak': 4.557885026195722, 'pop_sig': 1.0424917012813995, 'fuel_k': 4.04437775870989, 'fuel_half': 0.3497028715561063}.
  trial  286/2500  pareto_size=19  best_ilamb=0.6094  (13.0 min)
[I 2026-08-19 12:58:41,208] Trial 286 finished with values: [-0.3554625854118624, 0.0] and parameters: {'k1': 0.0031375859487281395, 'D_low': 1.6569065206637925, 'k2': 0.0007731571570012607, 'D_high': 24493.271671328574, 'fire_exp': 1.1633452995374232, 'P_half': 1265.0580856641704, 'pre_dampen_half': 1.8469033699850426, 'gpp_af': 2.678097821057557, 'gpp_b': 1.624829724391053, 'gpp_d': 3.4369565628226946, 'ign_k': 3.786246697870458, 'ign_c': 158.27817125573188, 'trop_agb_crit': 1.8566494291193822, 'trop_k_veg': 0.8084202024508578, 'pop_amp': 0.004708042915737182, 'pop_peak': 0.07547030725863774, 'pop_sig': 0.4663206866626952, 'fuel_k': 0.6153584041797165, 'fuel_half': 9.562955396652193}.
[I 2026-08-19 12:58:43,632] Trial 287 finished with values: [-0.39817046012311674, 6.226130722097878e-13] and parameters: {'k1': 0.0004846497679219079, 'D_low': 286.06841726052676, 'k2': 0.0002001342062287998, 'D_high': 24493.271671328574, 'fire_exp': 4.3161213924316595, 'P_half': 4.937355303501834, 'pre_dampen_half': 1.8469033699850426, 'gpp_af': 0.005018406982902927, 'gpp_b': 1.624829724391053, 'gpp_d': 3.9841905944346854, 'ign_k': 0.17320535908244444, 'ign_c': 0.2806439011124269, 'trop_agb_crit': 27.05166881899929, 'trop_k_veg': 3.754644404143055, 'pop_amp': 0.004345387962878051, 'pop_peak': 10.679600530994481, 'pop_sig': 0.9904669476016459, 'fuel_k': 3.640039183945803, 'fuel_half': 0.10355826161899183}.
[I 2026-08-19 12:58:45,972] Trial 288 finished with values: [-0.3554625854118624, 0.0] and parameters: {'k1': 0.011069082134755388, 'D_low': 716328.9063135319, 'k2': 0.0011619873314872927, 'D_high': 1125.2084792690184, 'fire_exp': 3.8979230431144027, 'P_half': 8841.388855976238, 'pre_dampen_half': 65.77017096798056, 'gpp_af': 2.678097821057557, 'gpp_b': 1.624829724391053, 'gpp_d': 650.4921701204659, 'ign_k': 3.786246697870458, 'ign_c': 120.2193048491502, 'trop_agb_crit': 4.018584329485901, 'trop_k_veg': 2.5117307861546383, 'pop_amp': 0.004708042915737182, 'pop_peak': 0.08341701352955977, 'pop_sig': 0.8497567836052746, 'fuel_k': 0.3176626387065175, 'fuel_half': 8.17127270071559}.
[I 2026-08-19 12:58:48,688] Trial 289 finished with values: [-0.4205335822655701, 0.008317290276381284] and parameters: {'k1': 0.0029070516815839368, 'D_low': 1.6569065206637925, 'k2': 0.0003856302813879373, 'D_high': 24493.271671328574, 'fire_exp': 1.1633452995374232, 'P_half': 6281.776703992854, 'pre_dampen_half': 0.7465571739720183, 'gpp_af': 0.41874665092828456, 'gpp_b': 0.0004837646996135023, 'gpp_d': 1.0088237648985734, 'ign_k': 0.43129510236174595, 'ign_c': 0.4484744524732794, 'trop_agb_crit': 3.923744278402932, 'trop_k_veg': 5.453348988480011, 'pop_amp': 0.0013002472438361158, 'pop_peak': 0.5393162598439744, 'pop_sig': 2.307059020902016, 'fuel_k': 0.022805907608636752, 'fuel_half': 0.10347130887780455}.
[I 2026-08-19 12:58:51,996] Trial 290 finished with values: [-0.4081024999914858, 5.075190638781368e-05] and parameters: {'k1': 0.09372580613581186, 'D_low': 2.400213216646464, 'k2': 0.00010226988730324317, 'D_high': 24493.271671328574, 'fire_exp': 8.949768163677996, 'P_half': 10.436686039715203, 'pre_dampen_half': 1.8469033699850426, 'gpp_af': 0.41874665092828456, 'gpp_b': 0.004835865362182062, 'gpp_d': 1.0088237648985734, 'ign_k': 0.009935023909063692, 'ign_c': 0.13492881864712067, 'trop_agb_crit': 23.606263788786194, 'trop_k_veg': 6.972354563243685, 'pop_amp': 6.746076139939917, 'pop_peak': 4.557885026195722, 'pop_sig': 1.0424917012813995, 'fuel_k': 0.6153584041797165, 'fuel_half': 46.94418916845851}.
[I 2026-08-19 12:58:55,517] Trial 291 finished with values: [-0.3554625854118624, 0.0] and parameters: {'k1': 0.0031375859487281395, 'D_low': 716328.9063135319, 'k2': 0.00126695365637823, 'D_high': 4137.7016715719255, 'fire_exp': 1.8720063885874743, 'P_half': 267.2146013620241, 'pre_dampen_half': 65.77017096798056, 'gpp_af': 2.678097821057557, 'gpp_b': 1.624829724391053, 'gpp_d': 0.23457196365169425, 'ign_k': 0.1647069822172432, 'ign_c': 39.930315840566834, 'trop_agb_crit': 16.812382192913706, 'trop_k_veg': 0.8861882400007739, 'pop_amp': 0.004708042915737182, 'pop_peak': 10.679600530994481, 'pop_sig': 1.8528333992769594, 'fuel_k': 0.9666195090843235, 'fuel_half': 5.430507564500919}.
[I 2026-08-19 12:59:01,051] Trial 292 finished with values: [-0.4202760663815245, 0.0022428877873451603] and parameters: {'k1': 0.0003944671255903532, 'D_low': 2.1309331861011747, 'k2': 0.0019339745640818936, 'D_high': 656327.636151562, 'fire_exp': 1.010722707674549, 'P_half': 21.577279477693462, 'pre_dampen_half': 0.4153327541909818, 'gpp_af': 0.4863825828994064, 'gpp_b': 3.3047126165675627, 'gpp_d': 0.5391752791214324, 'ign_k': 0.02442377596403895, 'ign_c': 27.70002555743451, 'trop_agb_crit': 4.655654379631494, 'trop_k_veg': 0.9320112612196061, 'pop_amp': 0.08829902947227952, 'pop_peak': 5.866350595696869, 'pop_sig': 0.8521762792373568, 'fuel_k': 0.24240470828760216, 'fuel_half': 8.17127270071559}.
  trial  293/2500  pareto_size=20  best_ilamb=0.6094  (13.4 min)
[I 2026-08-19 12:59:06,479] Trial 293 finished with values: [-0.3554625854118624, 0.0] and parameters: {'k1': 0.05217998579193211, 'D_low': 1368.9795993592197, 'k2': 0.0019339745640818936, 'D_high': 478.49186871472983, 'fire_exp': 7.856097010829145, 'P_half': 267.2146013620241, 'pre_dampen_half': 1.3202414283299975, 'gpp_af': 0.13402388198950174, 'gpp_b': 4.038332634638232, 'gpp_d': 0.16294786031575217, 'ign_k': 0.002879700348528891, 'ign_c': 0.8916066514644356, 'trop_agb_crit': 28.49245476864681, 'trop_k_veg': 2.5052470616811733, 'pop_amp': 0.004612311905749002, 'pop_peak': 1.421337820414783, 'pop_sig': 0.5314193463179775, 'fuel_k': 0.27631890369709744, 'fuel_half': 5.430507564500919}.
[I 2026-08-19 12:59:11,434] Trial 294 finished with values: [-0.4068120792106161, 2.316711753547196e-07] and parameters: {'k1': 4.0873003903057456e-05, 'D_low': 15150.361381456718, 'k2': 4.392638796750218e-05, 'D_high': 9355.38060645217, 'fire_exp': 5.433392060430592, 'P_half': 360.14695835220334, 'pre_dampen_half': 0.2571419084734534, 'gpp_af': 0.0025186552636979184, 'gpp_b': 0.0007417652034871827, 'gpp_d': 3.9841905944346854, 'ign_k': 9.162638829638215, 'ign_c': 0.2806439011124269, 'trop_agb_crit': 27.05166881899929, 'trop_k_veg': 4.288672925586801, 'pop_amp': 5.27924855752961, 'pop_peak': 163.3885016510293, 'pop_sig': 0.9904669476016459, 'fuel_k': 0.15552861105540366, 'fuel_half': 40.15641035114197}.
[I 2026-08-19 12:59:16,382] Trial 295 finished with values: [-0.4792765476757451, 0.5072863388763956] and parameters: {'k1': 0.0007158031739371039, 'D_low': 24.989458677225585, 'k2': 0.0021608491389795734, 'D_high': 1661855.441285105, 'fire_exp': 1.0501937052663004, 'P_half': 935.0311616845345, 'pre_dampen_half': 4.412509669839992, 'gpp_af': 49.583649914027546, 'gpp_b': 0.620439464939785, 'gpp_d': 117.2128156438701, 'ign_k': 0.025284086172415596, 'ign_c': 0.4471649524144918, 'trop_agb_crit': 22.15898715394987, 'trop_k_veg': 4.891066132801691, 'pop_amp': 12.165162567684659, 'pop_peak': 286.20780896012474, 'pop_sig': 1.0264911386548754, 'fuel_k': 0.14519190859804215, 'fuel_half': 1.7918446176734728}.
[I 2026-08-19 12:59:20,942] Trial 296 finished with values: [-0.3823570203278981, 1.6773249456036865e-12] and parameters: {'k1': 0.011069082134755388, 'D_low': 286.06841726052676, 'k2': 0.0016150602315370215, 'D_high': 24493.271671328574, 'fire_exp': 1.1633452995374232, 'P_half': 6281.776703992854, 'pre_dampen_half': 0.03254982364882648, 'gpp_af': 0.41874665092828456, 'gpp_b': 0.004411400434514031, 'gpp_d': 0.02183661391281564, 'ign_k': 0.3818468247973969, 'ign_c': 68.0281020578672, 'trop_agb_crit': 1.257433437731036, 'trop_k_veg': 2.5117307861546383, 'pop_amp': 11.72926995754655, 'pop_peak': 2.016436598480055, 'pop_sig': 0.4663206866626952, 'fuel_k': 1.3626356448811705, 'fuel_half': 0.26185943242515625}.
[I 2026-08-19 12:59:25,966] Trial 297 finished with values: [-0.39604287185604625, 0.001121321249165197] and parameters: {'k1': 0.005456725485601475, 'D_low': 16402.29067110099, 'k2': 3.077180271250682e-05, 'D_high': 9355.38060645217, 'fire_exp': 1.0824018381500955, 'P_half': 65.91123094840287, 'pre_dampen_half': 1.8469033699850426, 'gpp_af': 2.0540519425388455, 'gpp_b': 4.038332634638232, 'gpp_d': 1.0088237648985734, 'ign_k': 0.1537592023548176, 'ign_c': 0.5488047000766043, 'trop_agb_crit': 27.05166881899929, 'trop_k_veg': 5.453348988480011, 'pop_amp': 0.0034369873301918173, 'pop_peak': 1.421337820414783, 'pop_sig': 1.8528333992769594, 'fuel_k': 3.640039183945803, 'fuel_half': 0.18427970406864538}.
  trial  298/2500  pareto_size=20  best_ilamb=0.6094  (13.8 min)
[I 2026-08-19 12:59:31,070] Trial 298 finished with values: [-0.4099568213129231, 8.256645089854686e-08] and parameters: {'k1': 9.67404566214593e-05, 'D_low': 16402.29067110099, 'k2': 0.0007731571570012607, 'D_high': 147291.8866762514, 'fire_exp': 3.7695400350033266, 'P_half': 2.6198194454351658, 'pre_dampen_half': 0.6380717024176037, 'gpp_af': 0.37842528170684203, 'gpp_b': 3.1906667956153174, 'gpp_d': 1.0088237648985734, 'ign_k': 6.32338195106678, 'ign_c': 0.4177928311636542, 'trop_agb_crit': 1.8566494291193822, 'trop_k_veg': 2.246382792334124, 'pop_amp': 5.682850415992685, 'pop_peak': 70.5165740192732, 'pop_sig': 0.4663206866626952, 'fuel_k': 0.6763941362086655, 'fuel_half': 1.683458881839943}.
[I 2026-08-19 12:59:35,237] Trial 299 finished with values: [-0.46219064356927797, 0.13097835746297382] and parameters: {'k1': 1.1650681118986128e-05, 'D_low': 2.1309331861011747, 'k2': 8.053471030316099e-05, 'D_high': 656327.636151562, 'fire_exp': 1.010722707674549, 'P_half': 5.59983195169599, 'pre_dampen_half': 0.9791370130598966, 'gpp_af': 0.13402388198950174, 'gpp_b': 0.008571947086619876, 'gpp_d': 0.5391752791214324, 'ign_k': 0.0028437674894443675, 'ign_c': 27.70002555743451, 'trop_agb_crit': 4.655654379631494, 'trop_k_veg': 0.9320112612196061, 'pop_amp': 0.08829902947227952, 'pop_peak': 0.2017438358845408, 'pop_sig': 0.3752554385661973, 'fuel_k': 0.24240470828760216, 'fuel_half': 1.8062437132536941}.
