[I 2026-08-19 17:08:45,773] Trial 376 finished with value: 0.4356669174874933 and parameters: {'k1': 0.00046585215098814473, 'D_low': 285.4439685954412, 'k2': 0.0010698976170978587, 'D_high': 62069.172170422054, 'fire_exp': 1.5457572417181162, 'P_half': 1.9373354891806471, 'pre_dampen_half': 6.778987680362193, 'gpp_af': 0.009706989082580624, 'gpp_b': 0.0007183059580558689, 'gpp_d': 13.932715395116508, 'ign_k': 3.634363319318683, 'ign_c': 0.14265708765012494, 'trop_agb_crit': 12.690763154760047, 'trop_k_veg': 2.4375897630055627, 'pop_amp': 0.12145097137220989, 'pop_peak': 0.12458097343839386, 'pop_sig': 1.4689714369559035, 'fuel_k': 0.023682563460245755, 'fuel_half': 13.74618676083071}. Best is trial 0 with value: -0.6094076133578652.
[I 2026-08-19 17:08:47,588] Trial 377 finished with value: 0.48481858921925647 and parameters: {'k1': 0.0346927410105145, 'D_low': 2529.6363203976916, 'k2': 0.001697851894107003, 'D_high': 29575.63137905355, 'fire_exp': 3.4380652436700854, 'P_half': 1.4770527255440618, 'pre_dampen_half': 5.578539148492151, 'gpp_af': 0.0026928804815722885, 'gpp_b': 4.76679873873762e-05, 'gpp_d': 1.2363564124410389, 'ign_k': 1.3639564120144259, 'ign_c': 0.4561397155006237, 'trop_agb_crit': 1.5663214662193201, 'trop_k_veg': 1.7475644353138793, 'pop_amp': 0.41236016356171695, 'pop_peak': 72.88695011400205, 'pop_sig': 1.5312494971733377, 'fuel_k': 0.011192908882342357, 'fuel_half': 0.5740305241564859}. Best is trial 0 with value: -0.6094076133578652.
[I 2026-08-19 17:08:49,405] Trial 378 finished with value: 0.5548492736009247 and parameters: {'k1': 0.00041810273190748753, 'D_low': 6.2019447046816625, 'k2': 0.05916332115278922, 'D_high': 8472812.380250398, 'fire_exp': 1.7126458504785327, 'P_half': 327.57031291090897, 'pre_dampen_half': 1.0109998541355583, 'gpp_af': 0.5046531586464283, 'gpp_b': 0.22135849705216648, 'gpp_d': 9.076566703094018, 'ign_k': 0.5952572949202593, 'ign_c': 4.1884711546369475, 'trop_agb_crit': 12.233300781883724, 'trop_k_veg': 0.9956854708411038, 'pop_amp': 0.0011972803683525579, 'pop_peak': 0.05477894220001001, 'pop_sig': 0.822140234310589, 'fuel_k': 0.1916018088373579, 'fuel_half': 11.583080577945356}. Best is trial 0 with value: -0.6094076133578652.
[I 2026-08-19 17:08:51,081] Trial 379 finished with value: 0.5894899368091078 and parameters: {'k1': 8.991774893779831e-05, 'D_low': 18.48042943427963, 'k2': 0.011890181410086225, 'D_high': 42416.23542571245, 'fire_exp': 1.3385543014734327, 'P_half': 1.5110466524839399, 'pre_dampen_half': 0.09355493593344842, 'gpp_af': 19.85239656201806, 'gpp_b': 0.0030457113019400238, 'gpp_d': 1.441235629246025, 'ign_k': 0.9204480529487372, 'ign_c': 0.5158621798544872, 'trop_agb_crit': 29.03864590058701, 'trop_k_veg': 1.8236415538870703, 'pop_amp': 0.012405520353396145, 'pop_peak': 0.44118656384268506, 'pop_sig': 0.7458966025667174, 'fuel_k': 0.11490134228354905, 'fuel_half': 15.361238122575994}. Best is trial 0 with value: -0.6094076133578652.
[I 2026-08-19 17:08:52,783] Trial 380 finished with value: -0.542147780121149 and parameters: {'k1': 0.00022071570435861694, 'D_low': 31.401190415252234, 'k2': 0.0008760030238206507, 'D_high': 134520.08887468855, 'fire_exp': 1.4782598099316826, 'P_half': 6.0740499394202985, 'pre_dampen_half': 0.5652217143194781, 'gpp_af': 3.9316446681316357, 'gpp_b': 0.013560471205736675, 'gpp_d': 84.79261174588989, 'ign_k': 1.6399671928657542, 'ign_c': 0.2917643651602159, 'trop_agb_crit': 11.359916466021925, 'trop_k_veg': 1.8207870329156068, 'pop_amp': 0.007559646437672656, 'pop_peak': 0.5623465560308926, 'pop_sig': 0.5645513961047749, 'fuel_k': 0.3631583813125919, 'fuel_half': 21.514430815709538}. Best is trial 0 with value: -0.6094076133578652.
[I 2026-08-19 17:08:54,501] Trial 381 finished with value: 0.49947938371491674 and parameters: {'k1': 0.04078656691175648, 'D_low': 658.457305028922, 'k2': 3.740014024911847e-05, 'D_high': 373067.053901682, 'fire_exp': 3.3153612401384183, 'P_half': 36.137484584870556, 'pre_dampen_half': 0.05362006083164075, 'gpp_af': 0.004559926388926649, 'gpp_b': 1.2265155537482935e-05, 'gpp_d': 24.29105268725377, 'ign_k': 1.8520461988404047, 'ign_c': 0.7355886868959349, 'trop_agb_crit': 2.7264167266612382, 'trop_k_veg': 1.5550721537319676, 'pop_amp': 1.1972137310491096, 'pop_peak': 0.30006124351399777, 'pop_sig': 1.4433377231297577, 'fuel_k': 0.09161432218589198, 'fuel_half': 17.49774929717364}. Best is trial 0 with value: -0.6094076133578652.
  trial  382/2500  best_overall=0.6094  (10.5 min)
[I 2026-08-19 17:08:56,189] Trial 382 finished with value: 0.629235936634547 and parameters: {'k1': 0.030875078533535633, 'D_low': 176112.5107465743, 'k2': 0.012937045603168036, 'D_high': 3018313.159142443, 'fire_exp': 1.259688010916852, 'P_half': 11.743585891651145, 'pre_dampen_half': 9.237808203009866, 'gpp_af': 0.0424201755390064, 'gpp_b': 0.0012439532481659144, 'gpp_d': 36.7622367206577, 'ign_k': 2.851042988080286, 'ign_c': 0.9426094676790988, 'trop_agb_crit': 8.94774395989115, 'trop_k_veg': 1.251627518186453, 'pop_amp': 0.02088487907950904, 'pop_peak': 0.2324728231475936, 'pop_sig': 1.1332220525227934, 'fuel_k': 0.04426512945277953, 'fuel_half': 9.82228813386976}. Best is trial 0 with value: -0.6094076133578652.
[I 2026-08-19 17:08:57,792] Trial 383 finished with value: -0.5815182514989121 and parameters: {'k1': 0.00014951423003373846, 'D_low': 13450.601108712654, 'k2': 5.755013612759745e-05, 'D_high': 265840.6558961678, 'fire_exp': 1.3024400472504367, 'P_half': 661.2347361138291, 'pre_dampen_half': 0.8307660563927523, 'gpp_af': 0.2282580850857929, 'gpp_b': 0.006909474272639376, 'gpp_d': 528.616798569958, 'ign_k': 0.46838660234428786, 'ign_c': 0.38168455679565927, 'trop_agb_crit': 26.42384115498748, 'trop_k_veg': 3.861357874891494, 'pop_amp': 3.907900602241696, 'pop_peak': 153.0872139714359, 'pop_sig': 0.631269984197135, 'fuel_k': 1.4039697456446267, 'fuel_half': 0.1287241897636831}. Best is trial 0 with value: -0.6094076133578652.
[I 2026-08-19 17:08:59,368] Trial 384 finished with value: 0.566580623160032 and parameters: {'k1': 0.0012892203677552386, 'D_low': 93.26134120595383, 'k2': 0.026622787960270948, 'D_high': 331211.89763268206, 'fire_exp': 1.5736145313185372, 'P_half': 2.0242063089048297, 'pre_dampen_half': 0.0357953111105156, 'gpp_af': 0.0986890611037491, 'gpp_b': 0.05458495227864627, 'gpp_d': 9.349657691925511, 'ign_k': 0.6473137323820854, 'ign_c': 2.713496630225935, 'trop_agb_crit': 18.45450853507612, 'trop_k_veg': 1.0330194810905282, 'pop_amp': 0.45954627820270455, 'pop_peak': 0.08499615228683086, 'pop_sig': 0.47704673753365395, 'fuel_k': 0.5475416498491584, 'fuel_half': 22.54222697516422}. Best is trial 0 with value: -0.6094076133578652.
[I 2026-08-19 17:09:00,949] Trial 385 finished with value: 0.41414597864199054 and parameters: {'k1': 0.0011915683590940764, 'D_low': 4.112329478120636, 'k2': 0.04116297747337596, 'D_high': 956387.8101501319, 'fire_exp': 2.2508723641116477, 'P_half': 40.86192931774534, 'pre_dampen_half': 5.8772816144400695, 'gpp_af': 0.18070860083424778, 'gpp_b': 3.710239682193628e-05, 'gpp_d': 1.643220919698064, 'ign_k': 1.6643262931361145, 'ign_c': 7.243951556799795, 'trop_agb_crit': 27.048732966289425, 'trop_k_veg': 0.8914310145776749, 'pop_amp': 0.0012610572311910668, 'pop_peak': 0.782575639581956, 'pop_sig': 0.6828882225462851, 'fuel_k': 0.22840249709014207, 'fuel_half': 7.201753113915488}. Best is trial 0 with value: -0.6094076133578652.
[I 2026-08-19 17:09:02,541] Trial 386 finished with value: 0.5884654173643995 and parameters: {'k1': 6.443669091061327e-05, 'D_low': 95994.68245299709, 'k2': 3.40663821306805e-05, 'D_high': 139230.58948897177, 'fire_exp': 1.9403876785399463, 'P_half': 252.99313129758735, 'pre_dampen_half': 1.4052954318717126, 'gpp_af': 0.059212252542643284, 'gpp_b': 0.003079849524714967, 'gpp_d': 92.60489410957743, 'ign_k': 1.6821443582561104, 'ign_c': 0.14999087718452023, 'trop_agb_crit': 22.875431893347315, 'trop_k_veg': 2.5215658550614375, 'pop_amp': 2.6600716342779, 'pop_peak': 163.28154093935893, 'pop_sig': 0.6053409553729384, 'fuel_k': 0.8268004084707665, 'fuel_half': 0.22588028089789217}. Best is trial 0 with value: -0.6094076133578652.
[I 2026-08-19 17:09:04,157] Trial 387 finished with value: 0.5783371751655598 and parameters: {'k1': 6.424639182061673e-05, 'D_low': 8.21352452410544, 'k2': 0.006670012927506445, 'D_high': 8994159.779327847, 'fire_exp': 1.278522029592402, 'P_half': 30.276961171325766, 'pre_dampen_half': 0.154356617804703, 'gpp_af': 12.223653376528059, 'gpp_b': 0.3089170271845138, 'gpp_d': 1.9105262319478438, 'ign_k': 0.22097615591685138, 'ign_c': 0.21951043011086047, 'trop_agb_crit': 25.97855801135797, 'trop_k_veg': 0.6131164121811454, 'pop_amp': 0.00694085014370095, 'pop_peak': 0.6676708470920715, 'pop_sig': 0.3553268811962288, 'fuel_k': 4.948695725345314, 'fuel_half': 27.933064589180965}. Best is trial 0 with value: -0.6094076133578652.
[I 2026-08-19 17:09:05,760] Trial 388 finished with value: 0.5442139560609991 and parameters: {'k1': 0.0024573497623440596, 'D_low': 1413.601562665294, 'k2': 0.015034098925107852, 'D_high': 43453.710622445695, 'fire_exp': 1.1963551799501704, 'P_half': 21.046160949052574, 'pre_dampen_half': 0.665514501170684, 'gpp_af': 1.6463473212986823, 'gpp_b': 0.0169867443404368, 'gpp_d': 685.5985021598601, 'ign_k': 0.018723097564776022, 'ign_c': 0.4864603376918738, 'trop_agb_crit': 14.45418394142714, 'trop_k_veg': 0.5111235843953349, 'pop_amp': 0.002436716872067685, 'pop_peak': 0.3701297067860586, 'pop_sig': 0.36566711429682336, 'fuel_k': 0.017352739546029818, 'fuel_half': 71.62924915352578}. Best is trial 0 with value: -0.6094076133578652.
[I 2026-08-19 17:09:07,327] Trial 389 finished with value: 0.5748176731980493 and parameters: {'k1': 0.014433516269914253, 'D_low': 8917.598570466562, 'k2': 0.002525129107517942, 'D_high': 3256821.364084531, 'fire_exp': 1.1491749497383676, 'P_half': 497.24280281505156, 'pre_dampen_half': 0.16049392924939554, 'gpp_af': 3.8794096471379778, 'gpp_b': 0.0027592587924640593, 'gpp_d': 2.7262423121383845, 'ign_k': 0.021068559685712418, 'ign_c': 2.4595972991336685, 'trop_agb_crit': 4.918684925654011, 'trop_k_veg': 0.684739647098526, 'pop_amp': 0.0010683737612114902, 'pop_peak': 0.08836468725944155, 'pop_sig': 0.5916435019035559, 'fuel_k': 0.6419607898105035, 'fuel_half': 34.407453745761686}. Best is trial 0 with value: -0.6094076133578652.
[I 2026-08-19 17:09:08,911] Trial 390 finished with value: 0.5504089384378078 and parameters: {'k1': 0.017858589754221492, 'D_low': 6.837720150846993, 'k2': 0.09041069687179885, 'D_high': 2529415.8743601753, 'fire_exp': 1.293856959692708, 'P_half': 2.7200730256332326, 'pre_dampen_half': 0.031927505117400744, 'gpp_af': 0.24181809323084938, 'gpp_b': 0.0067701852240726786, 'gpp_d': 2.2069972238396693, 'ign_k': 0.03327394778794586, 'ign_c': 0.5087491693308721, 'trop_agb_crit': 13.762341812469149, 'trop_k_veg': 1.0563291224965257, 'pop_amp': 0.20057824918781755, 'pop_peak': 0.5185563121924359, 'pop_sig': 0.7147492203565766, 'fuel_k': 0.08883520989833597, 'fuel_half': 27.333690543956756}. Best is trial 0 with value: -0.6094076133578652.
[I 2026-08-19 17:09:10,507] Trial 391 finished with value: -0.5599152146877181 and parameters: {'k1': 6.559671521254297e-05, 'D_low': 1.1321386204197248, 'k2': 0.09148602181706092, 'D_high': 2082362.1291086338, 'fire_exp': 1.1188380724118319, 'P_half': 12.782273487815049, 'pre_dampen_half': 0.20524968908791758, 'gpp_af': 1.087875234104676, 'gpp_b': 6.683809503668768e-05, 'gpp_d': 460.5358975957649, 'ign_k': 0.4698652803036615, 'ign_c': 5.195677663372822, 'trop_agb_crit': 10.280138798707949, 'trop_k_veg': 1.5127018025519372, 'pop_amp': 0.005970348998488581, 'pop_peak': 0.16770157272340802, 'pop_sig': 1.0195973063074195, 'fuel_k': 0.07043524793162632, 'fuel_half': 7.040688962577736}. Best is trial 0 with value: -0.6094076133578652.
[I 2026-08-19 17:09:12,108] Trial 392 finished with value: 0.5888077762466954 and parameters: {'k1': 0.00020736779567994974, 'D_low': 3.535192412824359, 'k2': 0.08812835960132498, 'D_high': 26205.199875647217, 'fire_exp': 1.0495651337821483, 'P_half': 208.307827222239, 'pre_dampen_half': 0.014674550956591998, 'gpp_af': 26.78211224058541, 'gpp_b': 3.203261572190084e-05, 'gpp_d': 578.2396682243364, 'ign_k': 0.5867945135092607, 'ign_c': 39.868771328770286, 'trop_agb_crit': 4.662952036475153, 'trop_k_veg': 3.728099175016942, 'pop_amp': 0.005693752344584685, 'pop_peak': 0.16644952854047987, 'pop_sig': 0.9397199651402999, 'fuel_k': 0.07803735421888841, 'fuel_half': 4.1361526446040076}. Best is trial 0 with value: -0.6094076133578652.
[I 2026-08-19 17:09:13,706] Trial 393 finished with value: 0.43402613224708997 and parameters: {'k1': 0.09487469473180382, 'D_low': 222.35421556463348, 'k2': 0.00010502874472953844, 'D_high': 7891944.21576926, 'fire_exp': 2.020946380760282, 'P_half': 2.8037281142649344, 'pre_dampen_half': 5.505149650829858, 'gpp_af': 0.009728090095125626, 'gpp_b': 6.288948514155223e-05, 'gpp_d': 1.8201239725990097, 'ign_k': 9.009694468220024, 'ign_c': 0.5899498676881414, 'trop_agb_crit': 1.7845387766004386, 'trop_k_veg': 0.9790293929093024, 'pop_amp': 0.13971603186806966, 'pop_peak': 6.818585679892607, 'pop_sig': 1.4971690707005358, 'fuel_k': 0.047052224826572044, 'fuel_half': 2.6312807121803385}. Best is trial 0 with value: -0.6094076133578652.
[I 2026-08-19 17:09:15,293] Trial 394 finished with value: 0.541560763964507 and parameters: {'k1': 0.0004588634585453548, 'D_low': 2.9465180497197236, 'k2': 0.0007383987400538499, 'D_high': 234457.76706350478, 'fire_exp': 1.4538155667998311, 'P_half': 3.537381296853779, 'pre_dampen_half': 6.567230289406849, 'gpp_af': 5.156001582021445, 'gpp_b': 0.4157429740349218, 'gpp_d': 2.0036373778582974, 'ign_k': 0.5358729499979294, 'ign_c': 3.1655143031241657, 'trop_agb_crit': 20.671082995288565, 'trop_k_veg': 0.7214567123032323, 'pop_amp': 0.005192068375258793, 'pop_peak': 0.28933529999736235, 'pop_sig': 1.2662170017357302, 'fuel_k': 0.09595343668811272, 'fuel_half': 10.694576741939976}. Best is trial 0 with value: -0.6094076133578652.
  trial  395/2500  best_overall=0.6094  (10.9 min)
[I 2026-08-19 17:09:16,967] Trial 395 finished with value: 0.5829444577687478 and parameters: {'k1': 2.7664318114888664e-05, 'D_low': 4.77598997961357, 'k2': 0.0031089791344345924, 'D_high': 59274.90955891474, 'fire_exp': 3.843580266279034, 'P_half': 11.885536442499282, 'pre_dampen_half': 4.164180659643678, 'gpp_af': 0.2772565611922859, 'gpp_b': 0.056785140101086366, 'gpp_d': 18.905634642009286, 'ign_k': 0.13214514643877864, 'ign_c': 0.15366968515302495, 'trop_agb_crit': 26.56664928979669, 'trop_k_veg': 1.4528652154267299, 'pop_amp': 0.022442248555773054, 'pop_peak': 0.0896390278403166, 'pop_sig': 0.9372065933478262, 'fuel_k': 0.4037012680059841, 'fuel_half': 10.954278559067602}. Best is trial 0 with value: -0.6094076133578652.
[I 2026-08-19 17:09:18,566] Trial 396 finished with value: 0.5696333041780873 and parameters: {'k1': 0.00271536223564096, 'D_low': 510.01583402201277, 'k2': 0.00013219545907039776, 'D_high': 59479.03405954298, 'fire_exp': 2.975566553079101, 'P_half': 237.6970304086097, 'pre_dampen_half': 1.4408519689208141, 'gpp_af': 2.36242942072618, 'gpp_b': 3.173070582816129e-05, 'gpp_d': 2.63338942534631, 'ign_k': 0.8818284089928762, 'ign_c': 0.25648792259006653, 'trop_agb_crit': 16.599632096862287, 'trop_k_veg': 5.018308511522887, 'pop_amp': 0.004963734260634407, 'pop_peak': 0.6532222467148363, 'pop_sig': 0.78763166966578, 'fuel_k': 0.48365237094523283, 'fuel_half': 0.5717738902078698}. Best is trial 0 with value: -0.6094076133578652.
[I 2026-08-19 17:09:20,137] Trial 397 finished with value: 0.527330812340079 and parameters: {'k1': 8.643584519597198e-05, 'D_low': 1.116746419620044, 'k2': 0.010369581863954924, 'D_high': 8314499.866535706, 'fire_exp': 1.2215097596113058, 'P_half': 21.396778530872307, 'pre_dampen_half': 0.05277477858774429, 'gpp_af': 24.56512189129359, 'gpp_b': 8.554005345058964e-05, 'gpp_d': 92.06742214950417, 'ign_k': 0.020794057763400278, 'ign_c': 0.3628983184218754, 'trop_agb_crit': 10.047032089749887, 'trop_k_veg': 2.9007158064137575, 'pop_amp': 0.010666331689447292, 'pop_peak': 0.34895712753736374, 'pop_sig': 0.48648636996863415, 'fuel_k': 0.1930928313854992, 'fuel_half': 3.813126600143607}. Best is trial 0 with value: -0.6094076133578652.
[I 2026-08-19 17:09:21,718] Trial 398 finished with value: -0.5704721188680825 and parameters: {'k1': 0.0016172892306704591, 'D_low': 8.569507737581052, 'k2': 0.04357912246710103, 'D_high': 2347387.175413175, 'fire_exp': 1.8758196567516443, 'P_half': 10.387654928658355, 'pre_dampen_half': 0.6536886512811265, 'gpp_af': 2.680676119492355, 'gpp_b': 0.0008649771392301325, 'gpp_d': 130.4256369178032, 'ign_k': 0.23188227997832137, 'ign_c': 0.2692840951353792, 'trop_agb_crit': 10.134676070488052, 'trop_k_veg': 1.0296610072947012, 'pop_amp': 0.009168572868206694, 'pop_peak': 0.20554281965268606, 'pop_sig': 1.08759478382449, 'fuel_k': 0.30153645602245466, 'fuel_half': 87.87457492872856}. Best is trial 0 with value: -0.6094076133578652.
[I 2026-08-19 17:09:23,277] Trial 399 finished with value: 0.4202437381026646 and parameters: {'k1': 0.0010190623928511937, 'D_low': 1133.6291429090465, 'k2': 0.04464703654501804, 'D_high': 6359680.973033731, 'fire_exp': 1.1529852397285372, 'P_half': 11.3947835393406, 'pre_dampen_half': 1.2821699111819151, 'gpp_af': 4.9996276563752495, 'gpp_b': 0.017518438142167934, 'gpp_d': 11.41266952089701, 'ign_k': 3.683557385769813, 'ign_c': 0.20908519588467708, 'trop_agb_crit': 16.802100215180037, 'trop_k_veg': 2.8224545483495014, 'pop_amp': 0.004020439811205315, 'pop_peak': 2.332359589530001, 'pop_sig': 0.3705449128170594, 'fuel_k': 0.24293593992202264, 'fuel_half': 11.907337075399289}. Best is trial 0 with value: -0.6094076133578652.
[I 2026-08-19 17:09:24,905] Trial 400 finished with value: -0.5485411852883628 and parameters: {'k1': 9.44736561139337e-05, 'D_low': 339.99043099996123, 'k2': 0.03104101207916332, 'D_high': 566201.0548234715, 'fire_exp': 1.803426629260699, 'P_half': 24.857449551247942, 'pre_dampen_half': 0.418688633023238, 'gpp_af': 2.5028026581319853, 'gpp_b': 0.00011017022026076529, 'gpp_d': 515.1894771526149, 'ign_k': 1.1288026406580935, 'ign_c': 4.3933969463499745, 'trop_agb_crit': 13.164351213142615, 'trop_k_veg': 2.3165594772151485, 'pop_amp': 0.005616747323007815, 'pop_peak': 0.10264765875835297, 'pop_sig': 1.374822355591686, 'fuel_k': 0.2590475336624648, 'fuel_half': 3.2616621525641394}. Best is trial 0 with value: -0.6094076133578652.
[I 2026-08-19 17:09:26,499] Trial 401 finished with value: 0.4880001555624429 and parameters: {'k1': 1.4227303096438958e-05, 'D_low': 13.209985058474302, 'k2': 0.00941112334066123, 'D_high': 8397759.573021151, 'fire_exp': 1.5300796180647311, 'P_half': 23.27583970720863, 'pre_dampen_half': 0.3732754398915376, 'gpp_af': 1.0729744411244073, 'gpp_b': 0.00041481656922426623, 'gpp_d': 336.553864961341, 'ign_k': 0.5236984356877199, 'ign_c': 0.9281696013187737, 'trop_agb_crit': 4.906343649639882, 'trop_k_veg': 1.580145413132581, 'pop_amp': 0.0012310513343745935, 'pop_peak': 0.19801530476216114, 'pop_sig': 0.997453607207896, 'fuel_k': 0.01790698526376714, 'fuel_half': 22.150738982639332}. Best is trial 0 with value: -0.6094076133578652.
[I 2026-08-19 17:09:28,053] Trial 402 finished with value: 0.4668951983022722 and parameters: {'k1': 0.00019387000972714654, 'D_low': 13.578813049554336, 'k2': 0.05402073017943817, 'D_high': 4133186.4742274336, 'fire_exp': 3.8771942323069752, 'P_half': 9.23175075573894, 'pre_dampen_half': 1.3012069007057716, 'gpp_af': 3.876020937646939, 'gpp_b': 7.113378031642771e-05, 'gpp_d': 125.46296515553996, 'ign_k': 0.16125885035670118, 'ign_c': 1.287055427394261, 'trop_agb_crit': 8.243217053406266, 'trop_k_veg': 0.7511392648257416, 'pop_amp': 0.010133566005552711, 'pop_peak': 0.10473861646117932, 'pop_sig': 1.7782581778529785, 'fuel_k': 0.7637640539279079, 'fuel_half': 55.09138555889821}. Best is trial 0 with value: -0.6094076133578652.
[I 2026-08-19 17:09:29,668] Trial 403 finished with value: 0.5843015345685385 and parameters: {'k1': 0.0006980794087348256, 'D_low': 22364.64791358478, 'k2': 0.00016198047981326685, 'D_high': 759562.3784446719, 'fire_exp': 2.2909846983523283, 'P_half': 1146.8425684529248, 'pre_dampen_half': 0.3578982217565647, 'gpp_af': 1.081684288140653, 'gpp_b': 0.009444916442280309, 'gpp_d': 179.35067561778553, 'ign_k': 0.06871426162809048, 'ign_c': 6.7834311400015075, 'trop_agb_crit': 28.337874432041882, 'trop_k_veg': 2.980093110043525, 'pop_amp': 14.754834693310498, 'pop_peak': 853.9350163960379, 'pop_sig': 0.43053960266107216, 'fuel_k': 0.6180994592076229, 'fuel_half': 0.4852907736094907}. Best is trial 0 with value: -0.6094076133578652.
[I 2026-08-19 17:09:31,235] Trial 404 finished with value: 0.5178833458434614 and parameters: {'k1': 0.0003246502502688863, 'D_low': 3.3294023673737327, 'k2': 0.047521321498062215, 'D_high': 7826617.835271131, 'fire_exp': 1.2215125259580384, 'P_half': 181.60116911631184, 'pre_dampen_half': 0.03890640767849992, 'gpp_af': 0.21230722849702022, 'gpp_b': 2.8746766534172866e-05, 'gpp_d': 43.83427692117923, 'ign_k': 0.1166150883892415, 'ign_c': 8.480164765918625, 'trop_agb_crit': 10.682616035632751, 'trop_k_veg': 1.7260182628309437, 'pop_amp': 0.0057190393912274415, 'pop_peak': 0.4658789112597506, 'pop_sig': 0.7583262638670908, 'fuel_k': 0.1507772594860361, 'fuel_half': 2.0859498956870604}. Best is trial 0 with value: -0.6094076133578652.
