[I 2026-08-20 00:13:07,427] Trial 256 finished with value: -0.4777251527966387 and parameters: {'k1': 0.00023761963450242085, 'D_low': 518.0183285451529, 'k2': 1.3295191153401914e-05, 'D_high': 488194.4926927023, 'fire_exp': 1.7896539629835317, 'P_half': 1.2710854650838461, 'pre_dampen_half': 30.385903807034076, 'gpp_af': 0.8889602741917683, 'gpp_b': 4.203660139949054e-05, 'gpp_d': 853.068335562049, 'ign_k': 0.0025373778003856015, 'ign_c': 166.51185550326076, 'trop_agb_crit': 5.77150508378742, 'trop_k_veg': 1.2510093215903288, 'pop_amp': 0.6037545369874703, 'pop_peak': 909.046927983837, 'pop_sig': 0.568216226304597}. Best is trial 0 with value: -0.6002194417466498.
[I 2026-08-20 00:13:10,520] Trial 257 finished with value: -0.5935730293997123 and parameters: {'k1': 0.0038078212339814066, 'D_low': 3354.141270933524, 'k2': 0.0018503526389251248, 'D_high': 6108637.241749095, 'fire_exp': 1.6760422649946638, 'P_half': 400.1164748388971, 'pre_dampen_half': 203.4553258616238, 'gpp_af': 0.024775116103900843, 'gpp_b': 0.0002568930642838392, 'gpp_d': 7.462384757237121, 'ign_k': 3.6243947368619147, 'ign_c': 12.96379563168279, 'trop_agb_crit': 26.030038993055268, 'trop_k_veg': 1.8702952628505853, 'pop_amp': 0.0010749742431052371, 'pop_peak': 12.8265211456219, 'pop_sig': 0.7315798325841717}. Best is trial 0 with value: -0.6002194417466498.
[I 2026-08-20 00:13:13,653] Trial 258 finished with value: -0.5744353534199329 and parameters: {'k1': 0.008684402998848057, 'D_low': 3803.3343634469343, 'k2': 0.053690947640074003, 'D_high': 1103267.125746991, 'fire_exp': 1.5511723233104244, 'P_half': 2.3266469397163956, 'pre_dampen_half': 66.13194400676902, 'gpp_af': 0.04647659557191829, 'gpp_b': 0.003973309948286619, 'gpp_d': 28.497085139804124, 'ign_k': 0.08259065446284904, 'ign_c': 6.141939487626918, 'trop_agb_crit': 27.22774514042988, 'trop_k_veg': 3.27478103417814, 'pop_amp': 0.03229124534556519, 'pop_peak': 0.11181303828983499, 'pop_sig': 0.3497974111959907}. Best is trial 0 with value: -0.6002194417466498.
[I 2026-08-20 00:13:16,842] Trial 259 finished with value: 0.4697645388412902 and parameters: {'k1': 0.0016082653067743065, 'D_low': 172.76665821873206, 'k2': 0.04503665446920709, 'D_high': 297184.4232046679, 'fire_exp': 1.669880185622403, 'P_half': 3.208981760055142, 'pre_dampen_half': 176.47460732327275, 'gpp_af': 0.2888595206035012, 'gpp_b': 0.0004647998490935748, 'gpp_d': 10.213724463473524, 'ign_k': 0.09397872626937724, 'ign_c': 2.950038242573814, 'trop_agb_crit': 22.011970680993574, 'trop_k_veg': 5.458418442769522, 'pop_amp': 0.05093707819886273, 'pop_peak': 0.08668539854616272, 'pop_sig': 0.4390766273815238}. Best is trial 0 with value: -0.6002194417466498.
[I 2026-08-20 00:13:20,045] Trial 260 finished with value: -0.5271202128272363 and parameters: {'k1': 5.2066957508625935e-05, 'D_low': 20949.450130526162, 'k2': 0.013074093626615718, 'D_high': 3410762.484279358, 'fire_exp': 1.1190677142773202, 'P_half': 30.382413898609467, 'pre_dampen_half': 1.948376211308993, 'gpp_af': 0.21472597839955965, 'gpp_b': 0.0002470080502641391, 'gpp_d': 25.35020583564715, 'ign_k': 0.05878978889493815, 'ign_c': 12.179423975620235, 'trop_agb_crit': 29.55387203989864, 'trop_k_veg': 1.2875306372023083, 'pop_amp': 0.0011105120151954175, 'pop_peak': 344.27288885653934, 'pop_sig': 0.7411508484485465}. Best is trial 0 with value: -0.6002194417466498.
[I 2026-08-20 00:13:23,203] Trial 261 finished with value: 0.6215297451161111 and parameters: {'k1': 0.004503785584694875, 'D_low': 73189.62360907397, 'k2': 0.0034333531125761937, 'D_high': 1515767.4823914664, 'fire_exp': 3.552624952183383, 'P_half': 1294.221886315481, 'pre_dampen_half': 22.58315650781374, 'gpp_af': 0.07875372810998561, 'gpp_b': 0.002430883532193873, 'gpp_d': 3.894776970064704, 'ign_k': 0.664617539082364, 'ign_c': 17.642893670952212, 'trop_agb_crit': 12.44207292011736, 'trop_k_veg': 1.5769248262167113, 'pop_amp': 0.0013094023899274153, 'pop_peak': 26.162459333341253, 'pop_sig': 0.7399115033190745}. Best is trial 0 with value: -0.6002194417466498.
[I 2026-08-20 00:13:26,257] Trial 262 finished with value: 0.6402634733677912 and parameters: {'k1': 0.06373166575125812, 'D_low': 232632.54814003027, 'k2': 0.0466857858368759, 'D_high': 1603944.981706709, 'fire_exp': 1.147963655547655, 'P_half': 698.2457235226523, 'pre_dampen_half': 40.21187782651934, 'gpp_af': 0.02478686041127443, 'gpp_b': 0.026932216284170807, 'gpp_d': 11.002429521857074, 'ign_k': 2.1326996329144485, 'ign_c': 0.14285609322714335, 'trop_agb_crit': 11.619833274828084, 'trop_k_veg': 4.11992055819784, 'pop_amp': 0.07706144450251036, 'pop_peak': 0.060018107427748366, 'pop_sig': 1.5812923665212837}. Best is trial 0 with value: -0.6002194417466498.
[I 2026-08-20 00:13:29,283] Trial 263 finished with value: -0.5348564416260657 and parameters: {'k1': 0.02739791779200905, 'D_low': 26304.50345251906, 'k2': 0.02792928714011594, 'D_high': 3444729.000520368, 'fire_exp': 1.202322380441841, 'P_half': 5.432831862457551, 'pre_dampen_half': 813.834443544133, 'gpp_af': 0.11836222539419639, 'gpp_b': 0.0013893238718959533, 'gpp_d': 4.763026455390552, 'ign_k': 0.09617285678201412, 'ign_c': 6.662278862746041, 'trop_agb_crit': 20.17987423580188, 'trop_k_veg': 3.4988179048458203, 'pop_amp': 0.004330636632991971, 'pop_peak': 0.22259797923406618, 'pop_sig': 0.3149684938323253}. Best is trial 0 with value: -0.6002194417466498.
[I 2026-08-20 00:13:32,233] Trial 264 finished with value: 0.5835592483054247 and parameters: {'k1': 0.014281443571100722, 'D_low': 4654.094629469286, 'k2': 0.024840159023949277, 'D_high': 633588.5875809945, 'fire_exp': 1.849732145722953, 'P_half': 1.206091993918193, 'pre_dampen_half': 1.813712701818803, 'gpp_af': 0.021612079033511616, 'gpp_b': 0.015094595228310977, 'gpp_d': 242.38662700600986, 'ign_k': 0.04004178657934056, 'ign_c': 13.205799327485872, 'trop_agb_crit': 10.806987525604884, 'trop_k_veg': 2.1757591590623613, 'pop_amp': 0.08367660024703683, 'pop_peak': 0.6102724479736481, 'pop_sig': 0.3693574827908992}. Best is trial 0 with value: -0.6002194417466498.
[I 2026-08-20 00:13:35,265] Trial 265 finished with value: 0.6255527949350624 and parameters: {'k1': 0.07359358020724305, 'D_low': 117924.45235283267, 'k2': 0.004487322986117591, 'D_high': 5637861.376624456, 'fire_exp': 1.1735942874203724, 'P_half': 28.531164897279446, 'pre_dampen_half': 0.7789123482100141, 'gpp_af': 0.006057743923764177, 'gpp_b': 0.00041667270077361225, 'gpp_d': 0.08571289980269232, 'ign_k': 0.15235367820418044, 'ign_c': 3.7141080089194674, 'trop_agb_crit': 25.264789858077194, 'trop_k_veg': 4.608535211487501, 'pop_amp': 0.09091600544099981, 'pop_peak': 3.355606690762778, 'pop_sig': 0.7680381722293069}. Best is trial 0 with value: -0.6002194417466498.
[I 2026-08-20 00:13:38,247] Trial 266 finished with value: 0.5744317571447219 and parameters: {'k1': 0.03563155768068959, 'D_low': 5.648635684170412, 'k2': 0.0014964269022451203, 'D_high': 2665485.415633244, 'fire_exp': 5.884761831260319, 'P_half': 10.806953136930373, 'pre_dampen_half': 28.252053092567948, 'gpp_af': 0.0015894442810095168, 'gpp_b': 2.4270178538861226e-05, 'gpp_d': 243.70605375357823, 'ign_k': 0.02266710608529536, 'ign_c': 4.914375428355629, 'trop_agb_crit': 28.06973594021207, 'trop_k_veg': 7.0315631425192455, 'pop_amp': 0.002600077820076571, 'pop_peak': 13.12783229083709, 'pop_sig': 0.8180362294327851}. Best is trial 0 with value: -0.6002194417466498.
[I 2026-08-20 00:13:41,100] Trial 267 finished with value: 0.5501069156306403 and parameters: {'k1': 0.007541675851557553, 'D_low': 25459.26470161818, 'k2': 0.0017779443709969951, 'D_high': 1094654.7306385823, 'fire_exp': 1.1099742099914696, 'P_half': 10.257105431095473, 'pre_dampen_half': 127.32640530998489, 'gpp_af': 0.5666983861023642, 'gpp_b': 0.2102824043036784, 'gpp_d': 2.5368388928534924, 'ign_k': 0.14943220456054432, 'ign_c': 9.10152284799395, 'trop_agb_crit': 28.983750911180636, 'trop_k_veg': 2.249762238383467, 'pop_amp': 0.013674091793895822, 'pop_peak': 3.3442026143107255, 'pop_sig': 0.37343751909811895}. Best is trial 0 with value: -0.6002194417466498.
[I 2026-08-20 00:13:44,147] Trial 268 finished with value: 0.6451006883276492 and parameters: {'k1': 0.0138549548330443, 'D_low': 77124.56899236477, 'k2': 0.01281622825309218, 'D_high': 7722734.878336737, 'fire_exp': 1.1860910972982401, 'P_half': 335.92443443389766, 'pre_dampen_half': 92.0515636020533, 'gpp_af': 0.10437247350396774, 'gpp_b': 7.108019408682932e-05, 'gpp_d': 6.145135949258695, 'ign_k': 1.9874056387810577, 'ign_c': 37.216387171639084, 'trop_agb_crit': 13.592226745454395, 'trop_k_veg': 1.2835308642575416, 'pop_amp': 0.0018401935255238642, 'pop_peak': 3.3075421572965125, 'pop_sig': 0.499403144988489}. Best is trial 0 with value: -0.6002194417466498.
[I 2026-08-20 00:13:46,819] Trial 269 finished with value: 0.5449814740423544 and parameters: {'k1': 0.0229084333929595, 'D_low': 131.4499606489023, 'k2': 0.07240327443095806, 'D_high': 925670.4895606536, 'fire_exp': 1.1151277686770351, 'P_half': 32.14638365403335, 'pre_dampen_half': 598.2287544538921, 'gpp_af': 0.23355385263578546, 'gpp_b': 0.1192909484099799, 'gpp_d': 12.991765161526457, 'ign_k': 0.053448492171629204, 'ign_c': 38.94019333007125, 'trop_agb_crit': 13.144469776193667, 'trop_k_veg': 3.798132038953734, 'pop_amp': 0.0039487017582040766, 'pop_peak': 0.21365326344874336, 'pop_sig': 0.37175308975819155}. Best is trial 0 with value: -0.6002194417466498.
[I 2026-08-20 00:13:49,655] Trial 270 finished with value: 0.5828641616704283 and parameters: {'k1': 2.0634516568776374e-05, 'D_low': 143856.18487355587, 'k2': 0.014411659897047534, 'D_high': 3152620.7711193776, 'fire_exp': 1.554323735529617, 'P_half': 77.92975147178366, 'pre_dampen_half': 1.620743457891029, 'gpp_af': 1.2587234186817473, 'gpp_b': 0.01211224623425996, 'gpp_d': 0.5760110603497248, 'ign_k': 0.06301449133687648, 'ign_c': 4.947223616106743, 'trop_agb_crit': 11.104221786197254, 'trop_k_veg': 1.2244663657973542, 'pop_amp': 0.0011203969675453685, 'pop_peak': 380.96134675008466, 'pop_sig': 0.7919675582767665}. Best is trial 0 with value: -0.6002194417466498.
[I 2026-08-20 00:13:52,439] Trial 271 finished with value: 0.5414976815296049 and parameters: {'k1': 0.02567879017794702, 'D_low': 151.90858378170225, 'k2': 0.026886166440814513, 'D_high': 238902.7664206858, 'fire_exp': 2.213183350695878, 'P_half': 86.34894862408632, 'pre_dampen_half': 553.4583321580798, 'gpp_af': 2.2339591203572393, 'gpp_b': 0.0007962585093186436, 'gpp_d': 180.19514075478753, 'ign_k': 0.0017559802512418636, 'ign_c': 82.53611312440609, 'trop_agb_crit': 10.591658490263873, 'trop_k_veg': 0.6453220886318055, 'pop_amp': 0.09420146824649367, 'pop_peak': 297.0375573029022, 'pop_sig': 0.38386093800942317}. Best is trial 0 with value: -0.6002194417466498.
[I 2026-08-20 00:13:55,265] Trial 272 finished with value: 0.4459390001655814 and parameters: {'k1': 0.06806314219115658, 'D_low': 7234.142273149862, 'k2': 0.009476110823095029, 'D_high': 1851118.5455344443, 'fire_exp': 1.097492322394083, 'P_half': 9.234576230361489, 'pre_dampen_half': 317.4127064742542, 'gpp_af': 0.06587196028633487, 'gpp_b': 0.0006289706962726484, 'gpp_d': 2.046030580195989, 'ign_k': 0.042234335070469364, 'ign_c': 5.743713239499333, 'trop_agb_crit': 26.90789517942805, 'trop_k_veg': 7.793870914718774, 'pop_amp': 0.020940291825934872, 'pop_peak': 0.11739316381471931, 'pop_sig': 0.3567747318206091}. Best is trial 0 with value: -0.6002194417466498.
[I 2026-08-20 00:13:57,967] Trial 273 finished with value: 0.5515256798511285 and parameters: {'k1': 0.0007960446685080785, 'D_low': 16908.43442216166, 'k2': 0.02503192510035529, 'D_high': 381223.16683613794, 'fire_exp': 1.5913405658254993, 'P_half': 1.0350253162026997, 'pre_dampen_half': 226.56783768768588, 'gpp_af': 0.007083497115196517, 'gpp_b': 0.0007275247307320566, 'gpp_d': 57.06142799130059, 'ign_k': 0.006099599316124171, 'ign_c': 17.727436978392756, 'trop_agb_crit': 19.137397091745417, 'trop_k_veg': 2.015125525770722, 'pop_amp': 0.003521537835696698, 'pop_peak': 0.3050393176702386, 'pop_sig': 0.32819571976091644}. Best is trial 0 with value: -0.6002194417466498.
[I 2026-08-20 00:14:00,896] Trial 274 finished with value: -0.604910391627968 and parameters: {'k1': 0.0024740953685528527, 'D_low': 182.2692048788133, 'k2': 0.0014336049678968354, 'D_high': 596711.9948201114, 'fire_exp': 2.5596461913533672, 'P_half': 77.70262669259445, 'pre_dampen_half': 6.722931981519687, 'gpp_af': 0.005178842849820682, 'gpp_b': 1.0745088327762344e-05, 'gpp_d': 408.0302485051035, 'ign_k': 1.17694054862445, 'ign_c': 13.135781930644507, 'trop_agb_crit': 9.230775841770306, 'trop_k_veg': 3.020507188142332, 'pop_amp': 0.008348580927892117, 'pop_peak': 1.9501220918880748, 'pop_sig': 1.1216263282666847}. Best is trial 274 with value: -0.604910391627968.
[I 2026-08-20 00:14:03,718] Trial 275 finished with value: 0.6182919501937661 and parameters: {'k1': 0.022871267143989335, 'D_low': 92.02053159071174, 'k2': 0.0023761052942051614, 'D_high': 3439186.064296591, 'fire_exp': 1.0078694373576034, 'P_half': 455.9099644040009, 'pre_dampen_half': 207.3012866344227, 'gpp_af': 0.002066460174387386, 'gpp_b': 0.001392366974189578, 'gpp_d': 147.86462838942757, 'ign_k': 0.10045387895179728, 'ign_c': 173.6706232485858, 'trop_agb_crit': 9.56114300828801, 'trop_k_veg': 4.924814552406718, 'pop_amp': 0.002627981347827794, 'pop_peak': 403.37581686523885, 'pop_sig': 0.6583967674055338}. Best is trial 274 with value: -0.604910391627968.
[I 2026-08-20 00:14:06,717] Trial 276 finished with value: 0.5210254092950632 and parameters: {'k1': 3.521442861985227e-05, 'D_low': 2896.4877920286226, 'k2': 0.0015420361443393537, 'D_high': 1418571.4871897998, 'fire_exp': 2.640136472079804, 'P_half': 9.627689236538624, 'pre_dampen_half': 0.38331788976796816, 'gpp_af': 0.010331119093143923, 'gpp_b': 1.1166801141665915e-05, 'gpp_d': 96.51216666034446, 'ign_k': 2.2258465370013627, 'ign_c': 14.825538110284297, 'trop_agb_crit': 15.70355121268733, 'trop_k_veg': 0.731950265005605, 'pop_amp': 0.029213447766214894, 'pop_peak': 76.22063066917372, 'pop_sig': 1.1390611462422402}. Best is trial 274 with value: -0.604910391627968.
[I 2026-08-20 00:14:09,582] Trial 277 finished with value: 0.5203672587918721 and parameters: {'k1': 0.0011207983202805897, 'D_low': 3468.8987281583263, 'k2': 0.05597019115926068, 'D_high': 9937731.080437206, 'fire_exp': 1.5447229445093411, 'P_half': 90.09390725520048, 'pre_dampen_half': 112.48050396678072, 'gpp_af': 0.005669046966232818, 'gpp_b': 2.006903545473086e-05, 'gpp_d': 0.01774388941649433, 'ign_k': 0.002269221920819912, 'ign_c': 50.70772700699218, 'trop_agb_crit': 2.370740201530819, 'trop_k_veg': 1.9761890134064812, 'pop_amp': 0.005234929737829023, 'pop_peak': 0.09974221708572109, 'pop_sig': 0.40979039112528276}. Best is trial 274 with value: -0.604910391627968.
[I 2026-08-20 00:14:12,582] Trial 278 finished with value: 0.56953737424896 and parameters: {'k1': 0.006096486999431866, 'D_low': 16.320049795542655, 'k2': 4.8621857753659185e-05, 'D_high': 1054637.4744037732, 'fire_exp': 3.3560826409842073, 'P_half': 1350.7025452473843, 'pre_dampen_half': 0.11503147030845563, 'gpp_af': 32.5706789132056, 'gpp_b': 0.0008469900018575251, 'gpp_d': 92.31412788152106, 'ign_k': 0.1941695817558588, 'ign_c': 0.3108778289682595, 'trop_agb_crit': 2.300811475053879, 'trop_k_veg': 0.8660928841199205, 'pop_amp': 5.00141343897072, 'pop_peak': 13.609172730419287, 'pop_sig': 1.3100092037790367}. Best is trial 274 with value: -0.604910391627968.
[I 2026-08-20 00:14:15,556] Trial 279 finished with value: -0.5741285223006213 and parameters: {'k1': 0.0009734025478685941, 'D_low': 4012.5025715944967, 'k2': 0.0023767663962371874, 'D_high': 307112.6810867956, 'fire_exp': 3.0152902741537027, 'P_half': 212.23725769825128, 'pre_dampen_half': 49.92571467915962, 'gpp_af': 0.014623082278813404, 'gpp_b': 9.774603717768698e-05, 'gpp_d': 1.3534931157194603, 'ign_k': 7.616535402240038, 'ign_c': 1.4532646789008783, 'trop_agb_crit': 17.847955807091136, 'trop_k_veg': 2.415259995176653, 'pop_amp': 0.01539942222814526, 'pop_peak': 20.722326229193495, 'pop_sig': 0.6870754141228301}. Best is trial 274 with value: -0.604910391627968.
[I 2026-08-20 00:14:18,562] Trial 280 finished with value: 0.6445374145881376 and parameters: {'k1': 4.934216764036981e-05, 'D_low': 5030.261552658464, 'k2': 0.055019957562343846, 'D_high': 5442106.44960175, 'fire_exp': 1.278443965224087, 'P_half': 163.30465799523228, 'pre_dampen_half': 1.0235303036112213, 'gpp_af': 0.10824356078756105, 'gpp_b': 0.00018203320236376524, 'gpp_d': 35.29860143654839, 'ign_k': 0.09946129793311516, 'ign_c': 323.76850268848125, 'trop_agb_crit': 29.552512032599477, 'trop_k_veg': 1.3906108347621498, 'pop_amp': 0.009174530863615412, 'pop_peak': 108.72406965997043, 'pop_sig': 0.6109398209179743}. Best is trial 274 with value: -0.604910391627968.
[I 2026-08-20 00:14:21,637] Trial 281 finished with value: 0.5249694679872199 and parameters: {'k1': 1.5182584964122578e-05, 'D_low': 2764.504268156473, 'k2': 0.0036795433338233964, 'D_high': 810781.6890983862, 'fire_exp': 1.0172746994730524, 'P_half': 2.96566001853048, 'pre_dampen_half': 2.0722684797976108, 'gpp_af': 2.2619378744334164, 'gpp_b': 0.0012483628765839064, 'gpp_d': 44.875405058210845, 'ign_k': 0.2509153442749112, 'ign_c': 29.581365300367395, 'trop_agb_crit': 21.44162742791833, 'trop_k_veg': 4.257099269999175, 'pop_amp': 0.002643661068888133, 'pop_peak': 10.928535714952607, 'pop_sig': 0.9668582859891627}. Best is trial 274 with value: -0.604910391627968.
[I 2026-08-20 00:14:24,514] Trial 282 finished with value: 0.5490992886383517 and parameters: {'k1': 0.0004273138056983242, 'D_low': 6641.314174919161, 'k2': 0.0031154130854626778, 'D_high': 1220474.9812336713, 'fire_exp': 1.7197770438452047, 'P_half': 1.3215739937435298, 'pre_dampen_half': 5.507271184445403, 'gpp_af': 0.034198867102944994, 'gpp_b': 0.0013511132358904364, 'gpp_d': 0.012057896827423765, 'ign_k': 0.9349621251492426, 'ign_c': 0.38637330736212083, 'trop_agb_crit': 1.6374438112670662, 'trop_k_veg': 1.7812251295713224, 'pop_amp': 0.0034279920942566957, 'pop_peak': 0.08247745920274474, 'pop_sig': 1.5895173211864568}. Best is trial 274 with value: -0.604910391627968.
[I 2026-08-20 00:14:27,574] Trial 283 finished with value: 0.6243343635363154 and parameters: {'k1': 0.008816585133347364, 'D_low': 38132.830862204726, 'k2': 0.07935302585190104, 'D_high': 260543.550721549, 'fire_exp': 2.228946918455518, 'P_half': 3.6006860640124203, 'pre_dampen_half': 71.79014146376247, 'gpp_af': 0.03391411495565836, 'gpp_b': 0.030055447022767582, 'gpp_d': 0.9829218696496804, 'ign_k': 0.04535025607344736, 'ign_c': 13.372070945120823, 'trop_agb_crit': 28.196633673594185, 'trop_k_veg': 2.588939226204563, 'pop_amp': 0.4248452546533371, 'pop_peak': 0.10586597547779637, 'pop_sig': 0.4129400785640267}. Best is trial 274 with value: -0.604910391627968.
[I 2026-08-20 00:14:30,572] Trial 284 finished with value: 0.40457797024006203 and parameters: {'k1': 0.0050901315051366846, 'D_low': 654.5174637762922, 'k2': 0.00042498881285154573, 'D_high': 2869382.503710898, 'fire_exp': 1.7833767820267243, 'P_half': 35.32184729466829, 'pre_dampen_half': 20.345525224115292, 'gpp_af': 0.023518031389560833, 'gpp_b': 5.8238929096399954e-05, 'gpp_d': 750.7222901925006, 'ign_k': 1.0375534036628187, 'ign_c': 17.61210144699967, 'trop_agb_crit': 12.142585192297263, 'trop_k_veg': 6.693427912077838, 'pop_amp': 0.032441612690966216, 'pop_peak': 1.7191576501078372, 'pop_sig': 0.9034835455840386}. Best is trial 274 with value: -0.604910391627968.
[I 2026-08-20 00:14:33,678] Trial 285 finished with value: 0.6445374145881376 and parameters: {'k1': 0.004415655858085889, 'D_low': 335.1024950060883, 'k2': 0.001168445015451406, 'D_high': 2121221.422787434, 'fire_exp': 3.223215188134068, 'P_half': 569.9673800295399, 'pre_dampen_half': 4.978409586995239, 'gpp_af': 0.006470391261674061, 'gpp_b': 0.00010520995537258138, 'gpp_d': 141.13959999729445, 'ign_k': 0.6601215596472415, 'ign_c': 166.22391736718424, 'trop_agb_crit': 3.3043175546641748, 'trop_k_veg': 2.954900347112503, 'pop_amp': 0.0014836260584898794, 'pop_peak': 1.0804156515100443, 'pop_sig': 1.1644981827410956}. Best is trial 274 with value: -0.604910391627968.
[I 2026-08-20 00:14:36,552] Trial 286 finished with value: 0.6064250425920471 and parameters: {'k1': 0.03133266326199153, 'D_low': 13382.31135175796, 'k2': 0.0008243376580441226, 'D_high': 9259.502026361844, 'fire_exp': 1.2748647398928588, 'P_half': 42.57946366307118, 'pre_dampen_half': 17.163545403025903, 'gpp_af': 0.001403025621931424, 'gpp_b': 2.530841048375564e-05, 'gpp_d': 0.08555224313033319, 'ign_k': 0.004900229063156679, 'ign_c': 2.0333336200139627, 'trop_agb_crit': 7.640135357013305, 'trop_k_veg': 4.284376063242422, 'pop_amp': 0.016781694654758813, 'pop_peak': 8.89914232997312, 'pop_sig': 1.1076240693172208}. Best is trial 274 with value: -0.604910391627968.
[I 2026-08-20 00:14:39,625] Trial 287 finished with value: 0.6387697115445716 and parameters: {'k1': 0.047296451266009426, 'D_low': 130839.99940352331, 'k2': 0.011692491969374386, 'D_high': 7821994.540882541, 'fire_exp': 1.2118891814281547, 'P_half': 1.3745560385256634, 'pre_dampen_half': 435.8447308184252, 'gpp_af': 0.08218935380024152, 'gpp_b': 0.0021962517820379142, 'gpp_d': 10.479412563765974, 'ign_k': 0.22202642632786576, 'ign_c': 85.5890821420834, 'trop_agb_crit': 14.36216635863645, 'trop_k_veg': 1.8967241621659128, 'pop_amp': 0.003041921114145433, 'pop_peak': 0.4656490123716706, 'pop_sig': 0.3649031085347172}. Best is trial 274 with value: -0.604910391627968.
