[I 2026-06-08 12:19:34,328] Trial 548 finished with values: [10.8909717832815, 10.8909717832815] and parameters: {'k1': 0.004312951023617458, 'D_low': 4.484744524732794, 'k2': 0.012758211164590085, 'D_high': 568.1482545113266, 'fire_exp': 5.311995034756393, 'P_half': 220.3445560633069, 'pre_dampen_half': 107.40052367919465, 'gpp_af': 1.9706963379095486, 'gpp_b': 3.43926796010005e-05, 'gpp_d': 84.31013932082456, 'ign_k': 0.0315101491238403, 'ign_c': 15.221840161091626, 'trop_agb_crit': 24.584290528289387, 'trop_k_veg': 1.4584243470991722}.
[I 2026-06-08 12:19:35,659] Trial 549 finished with values: [10.891821982913582, 10.891821982913582] and parameters: {'k1': 0.00031134168041628584, 'D_low': 38.82837025280678, 'k2': 7.914423612155373e-05, 'D_high': 2940.51756322311, 'fire_exp': 3.066683393418824, 'P_half': 3116.6852978784937, 'pre_dampen_half': 241.69519319206728, 'gpp_af': 1.9706963379095486, 'gpp_b': 0.0021331409710300844, 'gpp_d': 84.31013932082456, 'ign_k': 4.006890332238651, 'ign_c': 15.221840161091626, 'trop_agb_crit': 25.382873076016292, 'trop_k_veg': 1.6098025073369409}.
[I 2026-06-08 12:19:36,781] Trial 550 finished with values: [10.160192468512621, 10.160192468512621] and parameters: {'k1': 0.004312951023617458, 'D_low': 4.484744524732794, 'k2': 8.923807143379776e-05, 'D_high': 2940.51756322311, 'fire_exp': 1.0601964743503993, 'P_half': 220.3445560633069, 'pre_dampen_half': 107.40052367919465, 'gpp_af': 0.7539992074650279, 'gpp_b': 0.0054502936945582505, 'gpp_d': 84.31013932082456, 'ign_k': 8.708806168038567, 'ign_c': 20.03995359361212, 'trop_agb_crit': 24.584290528289387, 'trop_k_veg': 1.4584243470991722}.
[I 2026-06-08 12:19:37,919] Trial 551 finished with values: [10.298817153044828, 10.298817153044828] and parameters: {'k1': 0.005272264723319183, 'D_low': 2.143851363193517, 'k2': 0.012758211164590085, 'D_high': 3712.591045287726, 'fire_exp': 1.0629462657398439, 'P_half': 5.076307782729897, 'pre_dampen_half': 10.129197956845726, 'gpp_af': 0.7539992074650279, 'gpp_b': 0.14577755664212386, 'gpp_d': 5.1715677287580455, 'ign_k': 8.708806168038567, 'ign_c': 5.13055176058983, 'trop_agb_crit': 24.584290528289387, 'trop_k_veg': 0.83140195149031}.
[I 2026-06-08 12:19:39,082] Trial 552 finished with values: [10.0767402654349, 10.0767402654349] and parameters: {'k1': 0.004312951023617458, 'D_low': 4.484744524732794, 'k2': 0.0001280298359290444, 'D_high': 2940.51756322311, 'fire_exp': 1.0601964743503993, 'P_half': 220.3445560633069, 'pre_dampen_half': 502.5175192217655, 'gpp_af': 1.200191344086032, 'gpp_b': 1.319554058182653e-05, 'gpp_d': 150.14555442537656, 'ign_k': 8.708806168038567, 'ign_c': 15.221840161091626, 'trop_agb_crit': 1.14876138417489, 'trop_k_veg': 1.4584243470991722}.
[I 2026-06-08 12:19:40,230] Trial 553 finished with values: [10.249253763509351, 10.249253763509351] and parameters: {'k1': 0.008912611835817005, 'D_low': 1.3577269394141454, 'k2': 0.0012040762895973265, 'D_high': 3712.591045287726, 'fire_exp': 1.3170256885255098, 'P_half': 234.09994646132157, 'pre_dampen_half': 502.5175192217655, 'gpp_af': 36.460005353173564, 'gpp_b': 0.0005752434266899163, 'gpp_d': 84.31013932082456, 'ign_k': 8.708806168038567, 'ign_c': 15.221840161091626, 'trop_agb_crit': 18.785197416433792, 'trop_k_veg': 2.194427136482602}.
[I 2026-06-08 12:19:41,433] Trial 554 finished with values: [10.102442132905612, 10.102442132905612] and parameters: {'k1': 0.008912611835817005, 'D_low': 6.96063331852638, 'k2': 0.015763894361785387, 'D_high': 3712.591045287726, 'fire_exp': 1.3170256885255098, 'P_half': 310.3604223881657, 'pre_dampen_half': 502.5175192217655, 'gpp_af': 0.7539992074650279, 'gpp_b': 0.14577755664212386, 'gpp_d': 10.369565216756202, 'ign_k': 0.010167079878196114, 'ign_c': 15.221840161091626, 'trop_agb_crit': 18.785197416433792, 'trop_k_veg': 1.4584243470991722}.
[I 2026-06-08 12:19:42,592] Trial 555 finished with values: [10.386996749823993, 10.386996749823993] and parameters: {'k1': 0.004312951023617458, 'D_low': 335.92388193960346, 'k2': 8.923807143379776e-05, 'D_high': 3712.591045287726, 'fire_exp': 1.3170256885255098, 'P_half': 220.3445560633069, 'pre_dampen_half': 502.5175192217655, 'gpp_af': 0.7539992074650279, 'gpp_b': 3.481277316673104e-05, 'gpp_d': 5.1715677287580455, 'ign_k': 0.0680787482656459, 'ign_c': 15.221840161091626, 'trop_agb_crit': 24.584290528289387, 'trop_k_veg': 1.4584243470991722}.
[I 2026-06-08 12:19:43,775] Trial 556 finished with values: [10.483103801547294, 10.483103801547294] and parameters: {'k1': 0.004312951023617458, 'D_low': 355.00125258511594, 'k2': 1.1065812688893481e-05, 'D_high': 8559.572793311818, 'fire_exp': 1.3170256885255098, 'P_half': 4.213183643253957, 'pre_dampen_half': 107.40052367919465, 'gpp_af': 0.2204465010099918, 'gpp_b': 0.0021331409710300844, 'gpp_d': 84.31013932082456, 'ign_k': 0.0680787482656459, 'ign_c': 15.221840161091626, 'trop_agb_crit': 24.584290528289387, 'trop_k_veg': 2.520089655463604}.
[I 2026-06-08 12:19:44,912] Trial 557 finished with values: [10.564754600976029, 10.564754600976029] and parameters: {'k1': 0.004312951023617458, 'D_low': 4.484744524732794, 'k2': 8.923807143379776e-05, 'D_high': 3712.591045287726, 'fire_exp': 1.0629462657398439, 'P_half': 220.3445560633069, 'pre_dampen_half': 502.5175192217655, 'gpp_af': 0.7539992074650279, 'gpp_b': 3.481277316673104e-05, 'gpp_d': 5.1715677287580455, 'ign_k': 0.0680787482656459, 'ign_c': 0.70689749506246, 'trop_agb_crit': 24.584290528289387, 'trop_k_veg': 1.4584243470991722}.
[I 2026-06-08 12:19:46,240] Trial 558 finished with values: [10.179454752884586, 10.179454752884586] and parameters: {'k1': 0.008471801418819975, 'D_low': 2.143851363193517, 'k2': 0.012758211164590085, 'D_high': 3712.591045287726, 'fire_exp': 1.1430983876313219, 'P_half': 56.22114524476698, 'pre_dampen_half': 10.129197956845726, 'gpp_af': 0.7539992074650279, 'gpp_b': 0.0021331409710300844, 'gpp_d': 10.369565216756202, 'ign_k': 0.0315101491238403, 'ign_c': 1.2389052918551067, 'trop_agb_crit': 24.584290528289387, 'trop_k_veg': 6.2065960186008615}.
[I 2026-06-08 12:19:47,362] Trial 559 finished with values: [10.432173435566554, 10.432173435566554] and parameters: {'k1': 0.06598741607403362, 'D_low': 38.82837025280678, 'k2': 7.914423612155373e-05, 'D_high': 3712.591045287726, 'fire_exp': 1.353841071397002, 'P_half': 4.213183643253957, 'pre_dampen_half': 107.40052367919465, 'gpp_af': 0.2204465010099918, 'gpp_b': 0.0005752434266899163, 'gpp_d': 0.41500286580679413, 'ign_k': 0.010167079878196114, 'ign_c': 15.221840161091626, 'trop_agb_crit': 1.0903028125370984, 'trop_k_veg': 3.1473758868965476}.
[I 2026-06-08 12:19:48,628] Trial 560 finished with values: [-0.498883628065568, 0.15425241433332193] and parameters: {'k1': 0.007299613382801458, 'D_low': 64.39790863101601, 'k2': 0.001462400459012571, 'D_high': 2940.51756322311, 'fire_exp': 1.3170256885255098, 'P_half': 220.3445560633069, 'pre_dampen_half': 502.5175192217655, 'gpp_af': 1.9706963379095486, 'gpp_b': 0.0021331409710300844, 'gpp_d': 29.749683811098393, 'ign_k': 0.0680787482656459, 'ign_c': 20.03995359361212, 'trop_agb_crit': 18.785197416433792, 'trop_k_veg': 0.5349971555643298}.
[I 2026-06-08 12:19:49,829] Trial 561 finished with values: [10.279977876607857, 10.279977876607857] and parameters: {'k1': 0.03635503353478365, 'D_low': 38.82837025280678, 'k2': 0.012758211164590085, 'D_high': 783.2259769732478, 'fire_exp': 1.0601964743503993, 'P_half': 56.22114524476698, 'pre_dampen_half': 241.69519319206728, 'gpp_af': 0.1476584299248268, 'gpp_b': 3.43926796010005e-05, 'gpp_d': 350.88322284755304, 'ign_k': 0.010939944910100021, 'ign_c': 7.4063809263110905, 'trop_agb_crit': 3.5747129226002423, 'trop_k_veg': 3.1473758868965476}.
[I 2026-06-08 12:19:50,938] Trial 562 finished with values: [-0.5037595279960592, 0.23366108344420622] and parameters: {'k1': 0.008287522363768155, 'D_low': 77.31571570012609, 'k2': 0.0012040762895973265, 'D_high': 783.2259769732478, 'fire_exp': 1.0629462657398439, 'P_half': 5.232779509048979, 'pre_dampen_half': 107.40052367919465, 'gpp_af': 0.7539992074650279, 'gpp_b': 0.0021331409710300844, 'gpp_d': 16.460426816350523, 'ign_k': 0.0315101491238403, 'ign_c': 7.4063809263110905, 'trop_agb_crit': 24.584290528289387, 'trop_k_veg': 1.4584243470991722}.
[I 2026-06-08 12:19:52,029] Trial 563 finished with values: [-0.4619957613581695, 0.2762385711124439] and parameters: {'k1': 0.004312951023617458, 'D_low': 4.484744524732794, 'k2': 1.1065812688893481e-05, 'D_high': 3712.591045287726, 'fire_exp': 1.0601964743503993, 'P_half': 220.3445560633069, 'pre_dampen_half': 502.5175192217655, 'gpp_af': 1.9706963379095486, 'gpp_b': 0.0021331409710300844, 'gpp_d': 29.749683811098393, 'ign_k': 0.010167079878196114, 'ign_c': 20.03995359361212, 'trop_agb_crit': 24.584290528289387, 'trop_k_veg': 1.4584243470991722}.
[I 2026-06-08 12:19:53,213] Trial 564 finished with values: [-0.48116892575429004, 0.2766190764896105] and parameters: {'k1': 0.012840669372724958, 'D_low': 355.00125258511594, 'k2': 0.0012040762895973265, 'D_high': 42210.21267871043, 'fire_exp': 1.3170256885255098, 'P_half': 220.3445560633069, 'pre_dampen_half': 502.5175192217655, 'gpp_af': 1.200191344086032, 'gpp_b': 1.3289448722869181e-05, 'gpp_d': 1.493264336549928, 'ign_k': 0.0315101491238403, 'ign_c': 5.13055176058983, 'trop_agb_crit': 1.14876138417489, 'trop_k_veg': 2.520089655463604}.
[I 2026-06-08 12:19:54,353] Trial 565 finished with values: [10.346805864846106, 10.346805864846106] and parameters: {'k1': 0.00031134168041628584, 'D_low': 8.916066514644358, 'k2': 0.001832010067724639, 'D_high': 3712.591045287726, 'fire_exp': 1.8493890000580158, 'P_half': 4.213183643253957, 'pre_dampen_half': 502.5175192217655, 'gpp_af': 1.9706963379095486, 'gpp_b': 0.0021331409710300844, 'gpp_d': 16.460426816350523, 'ign_k': 0.010167079878196114, 'ign_c': 15.221840161091626, 'trop_agb_crit': 24.584290528289387, 'trop_k_veg': 3.1473758868965476}.
[I 2026-06-08 12:19:55,507] Trial 566 finished with values: [-0.5038816140122921, 0.18347988119425285] and parameters: {'k1': 0.06598741607403362, 'D_low': 64.39790863101601, 'k2': 0.012758211164590085, 'D_high': 61536.58035691648, 'fire_exp': 1.1430983876313219, 'P_half': 587.6331101080223, 'pre_dampen_half': 719.4083432823455, 'gpp_af': 0.7539992074650279, 'gpp_b': 0.0054502936945582505, 'gpp_d': 10.369565216756202, 'ign_k': 0.0020161527752598613, 'ign_c': 1.2389052918551067, 'trop_agb_crit': 24.584290528289387, 'trop_k_veg': 3.517697529584014}.
[I 2026-06-08 12:19:56,739] Trial 567 finished with values: [-0.48033312758151786, 0.31793020904005] and parameters: {'k1': 0.007828534228218626, 'D_low': 4.484744524732794, 'k2': 1.1065812688893481e-05, 'D_high': 783.2259769732478, 'fire_exp': 1.0601964743503993, 'P_half': 5.29551022369202, 'pre_dampen_half': 107.40052367919465, 'gpp_af': 1.9706963379095486, 'gpp_b': 0.0021331409710300844, 'gpp_d': 10.369565216756202, 'ign_k': 0.0043958167971197126, 'ign_c': 0.21208987108343724, 'trop_agb_crit': 3.5747129226002423, 'trop_k_veg': 0.83140195149031}.
[I 2026-06-08 12:19:57,879] Trial 568 finished with values: [10.383556491102368, 10.383556491102368] and parameters: {'k1': 0.03635503353478365, 'D_low': 38.82837025280678, 'k2': 0.0012040762895973265, 'D_high': 2940.51756322311, 'fire_exp': 1.0629462657398439, 'P_half': 12.808863354047988, 'pre_dampen_half': 107.40052367919465, 'gpp_af': 0.10409127568994281, 'gpp_b': 1.3575045977280317e-05, 'gpp_d': 0.41500286580679413, 'ign_k': 0.010939944910100021, 'ign_c': 15.221840161091626, 'trop_agb_crit': 3.5747129226002423, 'trop_k_veg': 2.573214588078609}.
[I 2026-06-08 12:19:59,065] Trial 569 finished with values: [10.311939185762395, 10.311939185762395] and parameters: {'k1': 0.012840669372724958, 'D_low': 77.31571570012609, 'k2': 8.923807143379776e-05, 'D_high': 3712.591045287726, 'fire_exp': 1.4665043946307825, 'P_half': 220.3445560633069, 'pre_dampen_half': 502.5175192217655, 'gpp_af': 1.200191344086032, 'gpp_b': 1.319554058182653e-05, 'gpp_d': 150.14555442537656, 'ign_k': 0.0315101491238403, 'ign_c': 7.4063809263110905, 'trop_agb_crit': 1.14876138417489, 'trop_k_veg': 1.4584243470991722}.
[I 2026-06-08 12:20:00,172] Trial 570 finished with values: [10.545984147894252, 10.545984147894252] and parameters: {'k1': 0.004312951023617458, 'D_low': 77.31571570012609, 'k2': 8.923807143379776e-05, 'D_high': 783.2259769732478, 'fire_exp': 1.165368636520435, 'P_half': 4.213183643253957, 'pre_dampen_half': 502.5175192217655, 'gpp_af': 1.200191344086032, 'gpp_b': 1.319554058182653e-05, 'gpp_d': 84.31013932082456, 'ign_k': 8.708806168038567, 'ign_c': 7.4063809263110905, 'trop_agb_crit': 1.14876138417489, 'trop_k_veg': 1.4584243470991722}.
[I 2026-06-08 12:20:01,276] Trial 571 finished with values: [10.159000276787697, 10.159000276787697] and parameters: {'k1': 0.004312951023617458, 'D_low': 77.31571570012609, 'k2': 0.0007047307383115598, 'D_high': 3712.591045287726, 'fire_exp': 1.1263716762638152, 'P_half': 220.3445560633069, 'pre_dampen_half': 502.5175192217655, 'gpp_af': 1.200191344086032, 'gpp_b': 0.0021331409710300844, 'gpp_d': 1.279742971294904, 'ign_k': 2.615413574494962, 'ign_c': 1.9580595319750387, 'trop_agb_crit': 20.824968728078442, 'trop_k_veg': 1.4584243470991722}.
[I 2026-06-08 12:20:02,398] Trial 572 finished with values: [10.635461809904086, 10.635461809904086] and parameters: {'k1': 0.004312951023617458, 'D_low': 4.484744524732794, 'k2': 0.012758211164590085, 'D_high': 3712.591045287726, 'fire_exp': 1.3170256885255098, 'P_half': 220.3445560633069, 'pre_dampen_half': 552.4163637315892, 'gpp_af': 0.7539992074650279, 'gpp_b': 0.14577755664212386, 'gpp_d': 29.749683811098393, 'ign_k': 8.708806168038567, 'ign_c': 1.2389052918551067, 'trop_agb_crit': 24.584290528289387, 'trop_k_veg': 1.4584243470991722}.
[I 2026-06-08 12:20:03,668] Trial 573 finished with values: [10.649452862537746, 10.649452862537746] and parameters: {'k1': 0.03635503353478365, 'D_low': 38.82837025280678, 'k2': 0.0012040762895973265, 'D_high': 2940.51756322311, 'fire_exp': 1.165368636520435, 'P_half': 12.808863354047988, 'pre_dampen_half': 2.893272120738162, 'gpp_af': 0.10409127568994281, 'gpp_b': 0.0005752434266899163, 'gpp_d': 5.1715677287580455, 'ign_k': 0.010939944910100021, 'ign_c': 30.28574109895626, 'trop_agb_crit': 3.5747129226002423, 'trop_k_veg': 2.573214588078609}.
[I 2026-06-08 12:20:04,917] Trial 574 finished with values: [10.769362474257184, 10.769362474257184] and parameters: {'k1': 0.037704815040649445, 'D_low': 38.82837025280678, 'k2': 0.012758211164590085, 'D_high': 2940.51756322311, 'fire_exp': 1.0601964743503993, 'P_half': 4.213183643253957, 'pre_dampen_half': 0.17224846962214357, 'gpp_af': 1.9706963379095486, 'gpp_b': 0.0021331409710300844, 'gpp_d': 10.369565216756202, 'ign_k': 0.0315101491238403, 'ign_c': 15.221840161091626, 'trop_agb_crit': 24.584290528289387, 'trop_k_veg': 3.49157152291552}.
[I 2026-06-08 12:20:06,103] Trial 575 finished with values: [10.252509360219147, 10.252509360219147] and parameters: {'k1': 0.00031134168041628584, 'D_low': 4.484744524732794, 'k2': 0.0012040762895973265, 'D_high': 3712.591045287726, 'fire_exp': 1.0601964743503993, 'P_half': 220.3445560633069, 'pre_dampen_half': 502.5175192217655, 'gpp_af': 0.7539992074650279, 'gpp_b': 0.0021331409710300844, 'gpp_d': 418.77522137884927, 'ign_k': 0.0680787482656459, 'ign_c': 15.221840161091626, 'trop_agb_crit': 10.965064494899984, 'trop_k_veg': 1.4584243470991722}.
[I 2026-06-08 12:20:07,387] Trial 576 finished with values: [-0.5205198949895045, 0.1309781253688661] and parameters: {'k1': 0.03040882260558898, 'D_low': 60.42560675552672, 'k2': 0.001462400459012571, 'D_high': 3712.591045287726, 'fire_exp': 1.3170256885255098, 'P_half': 220.3445560633069, 'pre_dampen_half': 552.4163637315892, 'gpp_af': 0.7539992074650279, 'gpp_b': 0.0021331409710300844, 'gpp_d': 29.749683811098393, 'ign_k': 0.0680787482656459, 'ign_c': 20.03995359361212, 'trop_agb_crit': 3.2954785755570537, 'trop_k_veg': 1.4584243470991722}.
[I 2026-06-08 12:20:08,566] Trial 577 finished with values: [10.571480869581201, 10.571480869581201] and parameters: {'k1': 0.0011462237838612073, 'D_low': 1.54121727098019, 'k2': 1.915468390724633e-05, 'D_high': 3712.591045287726, 'fire_exp': 1.4665043946307825, 'P_half': 4.213183643253957, 'pre_dampen_half': 241.69519319206728, 'gpp_af': 0.2204465010099918, 'gpp_b': 2.176805640408474e-05, 'gpp_d': 229.41380323183625, 'ign_k': 0.0680787482656459, 'ign_c': 30.45524314144142, 'trop_agb_crit': 24.584290528289387, 'trop_k_veg': 1.3537238576571817}.
[I 2026-06-08 12:20:09,686] Trial 578 finished with values: [10.358877391631086, 10.358877391631086] and parameters: {'k1': 0.008912611835817005, 'D_low': 4.484744524732794, 'k2': 0.0012040762895973265, 'D_high': 25628.666000163565, 'fire_exp': 1.3170256885255098, 'P_half': 220.3445560633069, 'pre_dampen_half': 502.5175192217655, 'gpp_af': 0.7539992074650279, 'gpp_b': 0.0021331409710300844, 'gpp_d': 10.369565216756202, 'ign_k': 0.0680787482656459, 'ign_c': 15.221840161091626, 'trop_agb_crit': 10.965064494899984, 'trop_k_veg': 1.4584243470991722}.
[I 2026-06-08 12:20:10,887] Trial 579 finished with values: [10.453832552280923, 10.453832552280923] and parameters: {'k1': 0.01889771394135163, 'D_low': 1.3577269394141454, 'k2': 0.0012040762895973265, 'D_high': 42210.21267871043, 'fire_exp': 1.165368636520435, 'P_half': 4.213183643253957, 'pre_dampen_half': 63.6685916079943, 'gpp_af': 0.2204465010099918, 'gpp_b': 0.0005752434266899163, 'gpp_d': 14.792055086678463, 'ign_k': 8.708806168038567, 'ign_c': 20.03995359361212, 'trop_agb_crit': 24.584290528289387, 'trop_k_veg': 2.5879386297557976}.
[I 2026-06-08 12:20:12,080] Trial 580 finished with values: [10.35134978498268, 10.35134978498268] and parameters: {'k1': 0.004312951023617458, 'D_low': 70.18267183720735, 'k2': 1.1065812688893481e-05, 'D_high': 2940.51756322311, 'fire_exp': 1.0601964743503993, 'P_half': 220.3445560633069, 'pre_dampen_half': 107.40052367919465, 'gpp_af': 0.7539992074650279, 'gpp_b': 0.0021331409710300844, 'gpp_d': 16.460426816350523, 'ign_k': 0.5524095129928631, 'ign_c': 20.03995359361212, 'trop_agb_crit': 1.7439923992959638, 'trop_k_veg': 1.4584243470991722}.
[I 2026-06-08 12:20:13,264] Trial 581 finished with values: [10.680958765456268, 10.680958765456268] and parameters: {'k1': 0.03635503353478365, 'D_low': 4.484744524732794, 'k2': 0.012758211164590085, 'D_high': 3712.591045287726, 'fire_exp': 1.165368636520435, 'P_half': 12.808863354047988, 'pre_dampen_half': 552.4163637315892, 'gpp_af': 0.1476584299248268, 'gpp_b': 0.0005752434266899163, 'gpp_d': 660.9129108295722, 'ign_k': 0.0680787482656459, 'ign_c': 20.03995359361212, 'trop_agb_crit': 3.5747129226002423, 'trop_k_veg': 1.4584243470991722}.
[I 2026-06-08 12:20:14,389] Trial 582 finished with values: [10.22376329601743, 10.22376329601743] and parameters: {'k1': 0.0003667128654092894, 'D_low': 34.459310919273356, 'k2': 7.914423612155373e-05, 'D_high': 3712.591045287726, 'fire_exp': 1.1430983876313219, 'P_half': 12.808863354047988, 'pre_dampen_half': 241.69519319206728, 'gpp_af': 0.05511595477601767, 'gpp_b': 0.0021331409710300844, 'gpp_d': 5.1715677287580455, 'ign_k': 0.010939944910100021, 'ign_c': 30.28574109895626, 'trop_agb_crit': 25.382873076016292, 'trop_k_veg': 7.349516226591225}.
[I 2026-06-08 12:20:15,520] Trial 583 finished with values: [10.077993804143363, 10.077993804143363] and parameters: {'k1': 0.012840669372724958, 'D_low': 1.54121727098019, 'k2': 1.915468390724633e-05, 'D_high': 107.7788960207926, 'fire_exp': 1.4665043946307825, 'P_half': 93.43302657318476, 'pre_dampen_half': 502.5175192217655, 'gpp_af': 0.2204465010099918, 'gpp_b': 2.176805640408474e-05, 'gpp_d': 16.460426816350523, 'ign_k': 0.0680787482656459, 'ign_c': 15.221840161091626, 'trop_agb_crit': 24.584290528289387, 'trop_k_veg': 3.869465953383845}.
[I 2026-06-08 12:20:16,602] Trial 584 finished with values: [10.152169541850594, 10.152169541850594] and parameters: {'k1': 0.008471801418819975, 'D_low': 4.484744524732794, 'k2': 0.012758211164590085, 'D_high': 2940.51756322311, 'fire_exp': 1.1430983876313219, 'P_half': 5.076307782729897, 'pre_dampen_half': 10.129197956845726, 'gpp_af': 0.7539992074650279, 'gpp_b': 1.3289448722869181e-05, 'gpp_d': 5.1715677287580455, 'ign_k': 0.010167079878196114, 'ign_c': 15.221840161091626, 'trop_agb_crit': 24.584290528289387, 'trop_k_veg': 3.1473758868965476}.
[I 2026-06-08 12:20:17,755] Trial 585 finished with values: [10.020383804266968, 10.020383804266968] and parameters: {'k1': 0.007828534228218626, 'D_low': 77.31571570012609, 'k2': 0.012758211164590085, 'D_high': 783.2259769732478, 'fire_exp': 1.0601964743503993, 'P_half': 56.22114524476698, 'pre_dampen_half': 107.40052367919465, 'gpp_af': 0.1476584299248268, 'gpp_b': 3.43926796010005e-05, 'gpp_d': 10.369565216756202, 'ign_k': 0.0315101491238403, 'ign_c': 7.4063809263110905, 'trop_agb_crit': 3.5747129226002423, 'trop_k_veg': 0.83140195149031}.
[I 2026-06-08 12:20:18,976] Trial 586 finished with values: [10.29332082851624, 10.29332082851624] and parameters: {'k1': 0.004312951023617458, 'D_low': 64.39790863101601, 'k2': 0.012758211164590085, 'D_high': 2940.51756322311, 'fire_exp': 1.3170256885255098, 'P_half': 220.3445560633069, 'pre_dampen_half': 107.40052367919465, 'gpp_af': 0.1476584299248268, 'gpp_b': 0.0005752434266899163, 'gpp_d': 29.749683811098393, 'ign_k': 0.0680787482656459, 'ign_c': 20.03995359361212, 'trop_agb_crit': 2.1861040860339416, 'trop_k_veg': 6.9782110227926815}.
