[I 2026-08-06 02:22:23,978] Trial 630 finished with values: [10.15024188114177, 10.15024188114177] and parameters: {'k1': 0.00488137519160367, 'D_low': 7.068974950624602, 'k2': 0.02065142557895925, 'D_high': 3103.604223881661, 'fire_exp': 1.1044852285094786, 'P_half': 338.23872019362165, 'pre_dampen_half': 14.711215379121963, 'gpp_af': 0.028585493941961918, 'gpp_b': 0.06156888951916391, 'gpp_d': 368.30088529547436, 'ign_k': 3.7173717478250508, 'ign_c': 14.367095138664217}.
[I 2026-08-06 02:22:24,879] Trial 631 finished with values: [10.333205812913745, 10.333205812913745] and parameters: {'k1': 0.021368329072358756, 'D_low': 7.068974950624602, 'k2': 0.0022957398214549472, 'D_high': 75773.14388518519, 'fire_exp': 1.3614924220931135, 'P_half': 125.61043700013555, 'pre_dampen_half': 5.542030950268268, 'gpp_af': 0.2343193755572473, 'gpp_b': 2.7719116797094715e-05, 'gpp_d': 0.6380717024176037, 'ign_k': 0.01474275315991467, 'ign_c': 0.1457050032975653}.
[I 2026-08-06 02:22:25,781] Trial 632 finished with values: [10.114232960716691, 10.114232960716691] and parameters: {'k1': 0.003381093273170853, 'D_low': 7.068974950624602, 'k2': 0.0499774937030317, 'D_high': 75773.14388518519, 'fire_exp': 1.1044852285094786, 'P_half': 125.61043700013555, 'pre_dampen_half': 1.4445251022763053, 'gpp_af': 0.028585493941961918, 'gpp_b': 2.7719116797094715e-05, 'gpp_d': 300.3420512048734, 'ign_k': 7.799059237255681, 'ign_c': 2.92043384718141}.
[I 2026-08-06 02:22:26,890] Trial 633 finished with values: [-0.45853330506672973, 0.09821186866346487] and parameters: {'k1': 2.0937989739527727e-05, 'D_low': 7.068974950624602, 'k2': 4.763991596630584e-05, 'D_high': 75773.14388518519, 'fire_exp': 1.010722707674549, 'P_half': 63.585411411994926, 'pre_dampen_half': 5.542030950268268, 'gpp_af': 10.25616274847308, 'gpp_b': 3.228689523591491e-05, 'gpp_d': 0.13223503889537183, 'ign_k': 0.01474275315991467, 'ign_c': 0.6235377135673155}.
[I 2026-08-06 02:22:28,175] Trial 634 finished with values: [10.647008636905511, 10.647008636905511] and parameters: {'k1': 0.021368329072358756, 'D_low': 9.330007965781027, 'k2': 0.008559572793311807, 'D_high': 33.594697935173684, 'fire_exp': 1.010722707674549, 'P_half': 729.9613382801459, 'pre_dampen_half': 1.6130673726933187, 'gpp_af': 0.028585493941961918, 'gpp_b': 0.0005995821881487623, 'gpp_d': 5.878566318396007, 'ign_k': 0.0037322156377670697, 'ign_c': 2.4287565087611744}.
[I 2026-08-06 02:22:29,549] Trial 635 finished with values: [-0.5618335103687166, 0.03206232734891323] and parameters: {'k1': 0.025383218374507292, 'D_low': 18.522006003174383, 'k2': 3.5917714215176105e-05, 'D_high': 1687.3495104568947, 'fire_exp': 1.0473002272689056, 'P_half': 608.3019192425825, 'pre_dampen_half': 14.689898077648792, 'gpp_af': 22.766850248686247, 'gpp_b': 0.10123867001105968, 'gpp_d': 891.8036602897795, 'ign_k': 3.7173717478250508, 'ign_c': 14.367095138664217}.
[I 2026-08-06 02:22:30,688] Trial 636 finished with values: [19.256319653505173, 19.256319653505173] and parameters: {'k1': 2.0937989739527727e-05, 'D_low': 7.068974950624602, 'k2': 1.1184534120760473e-05, 'D_high': 75773.14388518519, 'fire_exp': 1.1044852285094786, 'P_half': 2.157758652553991, 'pre_dampen_half': 350.88322284755304, 'gpp_af': 0.007914355321045717, 'gpp_b': 2.800940363375676e-05, 'gpp_d': 0.1540694827802009, 'ign_k': 0.18170401889219123, 'ign_c': 0.6235377135673155}.
[I 2026-08-06 02:22:32,305] Trial 637 finished with values: [10.322824259151473, 10.322824259151473] and parameters: {'k1': 0.025383218374507292, 'D_low': 334.62201030483817, 'k2': 4.763991596630584e-05, 'D_high': 400.9149428326862, 'fire_exp': 1.0473002272689056, 'P_half': 5.15399351160314, 'pre_dampen_half': 5.542030950268268, 'gpp_af': 22.766850248686247, 'gpp_b': 0.10123867001105968, 'gpp_d': 0.6380717024176037, 'ign_k': 3.7173717478250508, 'ign_c': 0.1457050032975653}.
[I 2026-08-06 02:22:33,223] Trial 638 finished with values: [-0.4949731900324765, 0.04829746517265221] and parameters: {'k1': 0.014666151770108535, 'D_low': 9.330007965781027, 'k2': 1.4378290221680118e-05, 'D_high': 949.9072859745386, 'fire_exp': 1.010722707674549, 'P_half': 39.03214299767183, 'pre_dampen_half': 2.292633983096564, 'gpp_af': 0.09651979281656148, 'gpp_b': 6.255968081638362e-05, 'gpp_d': 5.878566318396007, 'ign_k': 0.0037322156377670697, 'ign_c': 2.4287565087611744}.
[I 2026-08-06 02:22:34,140] Trial 639 finished with values: [10.539442871582805, 10.539442871582805] and parameters: {'k1': 0.021368329072358756, 'D_low': 18.522006003174383, 'k2': 0.0499774937030317, 'D_high': 400.9149428326862, 'fire_exp': 1.0473002272689056, 'P_half': 608.3019192425825, 'pre_dampen_half': 719.4083432823455, 'gpp_af': 0.028585493941961918, 'gpp_b': 0.6637926838138378, 'gpp_d': 5.878566318396007, 'ign_k': 0.0037322156377670697, 'ign_c': 34.19108473554449}.
[I 2026-08-06 02:22:35,026] Trial 640 finished with values: [-0.4965685534103873, 0.045912649218813884] and parameters: {'k1': 2.0937989739527727e-05, 'D_low': 1.2299210465793122, 'k2': 0.0499774937030317, 'D_high': 949.9072859745386, 'fire_exp': 1.1044852285094786, 'P_half': 11.877073321543955, 'pre_dampen_half': 3.3594011166738142, 'gpp_af': 0.028585493941961918, 'gpp_b': 2.800940363375676e-05, 'gpp_d': 4.982605027348069, 'ign_k': 0.01474275315991467, 'ign_c': 0.6235377135673155}.
[I 2026-08-06 02:22:36,116] Trial 641 finished with values: [10.543106279217275, 10.543106279217275] and parameters: {'k1': 0.003381093273170853, 'D_low': 5.29551022369202, 'k2': 0.006024590664672947, 'D_high': 24939.838794891497, 'fire_exp': 1.2680134752324452, 'P_half': 11.877073321543955, 'pre_dampen_half': 3.3594011166738142, 'gpp_af': 83.56239973758213, 'gpp_b': 1.5938003265859821, 'gpp_d': 4.25060659305504, 'ign_k': 2.615413574494962, 'ign_c': 3.735862630812751}.
[I 2026-08-06 02:22:37,002] Trial 642 finished with values: [11.234785933591189, 11.234785933591189] and parameters: {'k1': 0.025383218374507292, 'D_low': 7.068974950624602, 'k2': 1.4378290221680118e-05, 'D_high': 949.9072859745386, 'fire_exp': 1.1044852285094786, 'P_half': 39.03214299767183, 'pre_dampen_half': 14.689898077648792, 'gpp_af': 0.09651979281656148, 'gpp_b': 6.255968081638362e-05, 'gpp_d': 891.8036602897795, 'ign_k': 3.7173717478250508, 'ign_c': 14.367095138664217}.
[I 2026-08-06 02:22:37,921] Trial 643 finished with values: [-0.49617082079678043, 0.04575806337824018] and parameters: {'k1': 2.0937989739527727e-05, 'D_low': 1.2299210465793122, 'k2': 0.0499774937030317, 'D_high': 949.9072859745386, 'fire_exp': 1.1044852285094786, 'P_half': 11.877073321543955, 'pre_dampen_half': 3.3594011166738142, 'gpp_af': 0.028585493941961918, 'gpp_b': 2.800940363375676e-05, 'gpp_d': 2.893272120738162, 'ign_k': 0.01474275315991467, 'ign_c': 0.7724824966785973}.
[I 2026-08-06 02:22:38,806] Trial 644 finished with values: [10.74408031190728, 10.74408031190728] and parameters: {'k1': 9.74819700926251e-05, 'D_low': 3040.8822605588985, 'k2': 4.763991596630584e-05, 'D_high': 3660.150802571655, 'fire_exp': 1.633445707733642, 'P_half': 608.3019192425825, 'pre_dampen_half': 59.66041614891413, 'gpp_af': 0.2343193755572473, 'gpp_b': 0.6637926838138378, 'gpp_d': 5.878566318396007, 'ign_k': 0.06042560675552673, 'ign_c': 14.367095138664217}.
[I 2026-08-06 02:22:39,692] Trial 645 finished with values: [10.722330241129955, 10.722330241129955] and parameters: {'k1': 0.03232155805617897, 'D_low': 9.330007965781027, 'k2': 0.00014091459170104733, 'D_high': 6455.595882939566, 'fire_exp': 1.1044852285094786, 'P_half': 664.2027816373393, 'pre_dampen_half': 5.542030950268268, 'gpp_af': 0.028585493941961918, 'gpp_b': 0.35446974723746, 'gpp_d': 5.878566318396007, 'ign_k': 3.7173717478250508, 'ign_c': 14.367095138664217}.
[I 2026-08-06 02:22:40,593] Trial 646 finished with values: [10.654889976989015, 10.654889976989015] and parameters: {'k1': 0.025383218374507292, 'D_low': 1.54121727098019, 'k2': 4.763991596630584e-05, 'D_high': 31030.112026960956, 'fire_exp': 1.010722707674549, 'P_half': 39.03214299767183, 'pre_dampen_half': 14.689898077648792, 'gpp_af': 0.004339536161007625, 'gpp_b': 0.10123867001105968, 'gpp_d': 3.7504792727317837, 'ign_k': 0.031134168041628628, 'ign_c': 19.19168994439752}.
[I 2026-08-06 02:22:41,495] Trial 647 finished with values: [10.507142356130181, 10.507142356130181] and parameters: {'k1': 2.0937989739527727e-05, 'D_low': 7.068974950624602, 'k2': 4.763991596630584e-05, 'D_high': 75773.14388518519, 'fire_exp': 1.010722707674549, 'P_half': 39.03214299767183, 'pre_dampen_half': 3.3594011166738142, 'gpp_af': 0.028585493941961918, 'gpp_b': 3.228689523591491e-05, 'gpp_d': 5.878566318396007, 'ign_k': 0.01474275315991467, 'ign_c': 2.7348497877391993}.
[I 2026-08-06 02:22:42,442] Trial 648 finished with values: [10.155708762109647, 10.155708762109647] and parameters: {'k1': 0.0023539834531862073, 'D_low': 18.522006003174383, 'k2': 4.763991596630584e-05, 'D_high': 17300.724838654387, 'fire_exp': 1.4572158037266703, 'P_half': 403.3495283157659, 'pre_dampen_half': 14.689898077648792, 'gpp_af': 13.560863064135962, 'gpp_b': 0.000832333943844274, 'gpp_d': 1.826381177000974, 'ign_k': 7.799059237255681, 'ign_c': 2.92043384718141}.
[I 2026-08-06 02:22:43,376] Trial 649 finished with values: [10.760526543000791, 10.760526543000791] and parameters: {'k1': 2.0937989739527727e-05, 'D_low': 26.21130418912424, 'k2': 4.763991596630584e-05, 'D_high': 24939.838794891497, 'fire_exp': 1.010722707674549, 'P_half': 403.3495283157659, 'pre_dampen_half': 0.9024178626866605, 'gpp_af': 0.028585493941961918, 'gpp_b': 0.6637926838138378, 'gpp_d': 891.8036602897795, 'ign_k': 3.7173717478250508, 'ign_c': 14.367095138664217}.
[I 2026-08-06 02:22:44,340] Trial 650 finished with values: [10.769216564396245, 10.769216564396245] and parameters: {'k1': 0.025383218374507292, 'D_low': 9.330007965781027, 'k2': 4.763991596630584e-05, 'D_high': 24939.838794891497, 'fire_exp': 9.319922958183149, 'P_half': 664.2027816373393, 'pre_dampen_half': 0.19528422543904064, 'gpp_af': 22.766850248686247, 'gpp_b': 0.10123867001105968, 'gpp_d': 967.4365715402611, 'ign_k': 0.4235909356730625, 'ign_c': 3.735862630812751}.
[I 2026-08-06 02:22:45,273] Trial 651 finished with values: [10.394054447935298, 10.394054447935298] and parameters: {'k1': 0.0016129739560722712, 'D_low': 968.2012086882471, 'k2': 0.0001998758192761449, 'D_high': 830.8114652888394, 'fire_exp': 1.0473002272689056, 'P_half': 187.6006822030065, 'pre_dampen_half': 5.542030950268268, 'gpp_af': 13.560863064135962, 'gpp_b': 0.0004837646996135023, 'gpp_d': 0.6380717024176037, 'ign_k': 0.01474275315991467, 'ign_c': 0.1457050032975653}.
[I 2026-08-06 02:22:46,205] Trial 652 finished with values: [10.763610200701164, 10.763610200701164] and parameters: {'k1': 0.021368329072358756, 'D_low': 7.068974950624602, 'k2': 4.763991596630584e-05, 'D_high': 31030.112026960956, 'fire_exp': 5.935716166097423, 'P_half': 39.03214299767183, 'pre_dampen_half': 3.3594011166738142, 'gpp_af': 0.028585493941961918, 'gpp_b': 2.7719116797094715e-05, 'gpp_d': 107.84642153666701, 'ign_k': 0.03141110271934876, 'ign_c': 2.41842279584716}.
[I 2026-08-06 02:22:47,138] Trial 653 finished with values: [10.707278657023926, 10.707278657023926] and parameters: {'k1': 0.003381093273170853, 'D_low': 14.677440038495336, 'k2': 0.006024590664672947, 'D_high': 10316.033434719713, 'fire_exp': 1.6901885781909627, 'P_half': 11.877073321543955, 'pre_dampen_half': 0.04511991819672032, 'gpp_af': 70.6488708974061, 'gpp_b': 0.0004837646996135023, 'gpp_d': 4.25060659305504, 'ign_k': 2.7573353505786358, 'ign_c': 0.773448215664679}.
[I 2026-08-06 02:22:48,040] Trial 654 finished with values: [-0.5193413739437895, 0.04530554605430526] and parameters: {'k1': 0.003381093273170853, 'D_low': 7.068974950624602, 'k2': 1.4378290221680118e-05, 'D_high': 949.9072859745386, 'fire_exp': 1.2680134752324452, 'P_half': 11.877073321543955, 'pre_dampen_half': 3.3594011166738142, 'gpp_af': 0.18575807716793402, 'gpp_b': 5.2308563179361105e-05, 'gpp_d': 300.3420512048734, 'ign_k': 0.1550134937334847, 'ign_c': 0.8794311679173451}.
[I 2026-08-06 02:22:48,991] Trial 655 finished with values: [10.63895556559146, 10.63895556559146] and parameters: {'k1': 2.0937989739527727e-05, 'D_low': 1.9678273362633985, 'k2': 1.4378290221680118e-05, 'D_high': 75773.14388518519, 'fire_exp': 1.1044852285094786, 'P_half': 2.157758652553991, 'pre_dampen_half': 2.292633983096564, 'gpp_af': 0.007059753305721968, 'gpp_b': 0.013141462234668097, 'gpp_d': 0.3924302839842014, 'ign_k': 0.01474275315991467, 'ign_c': 2.2285003453523857}.
[I 2026-08-06 02:22:49,908] Trial 656 finished with values: [10.628753993787651, 10.628753993787651] and parameters: {'k1': 0.025383218374507292, 'D_low': 9.330007965781027, 'k2': 0.034987345440353576, 'D_high': 1687.3495104568947, 'fire_exp': 1.010722707674549, 'P_half': 39.03214299767183, 'pre_dampen_half': 14.689898077648792, 'gpp_af': 0.028585493941961918, 'gpp_b': 0.6637926838138378, 'gpp_d': 891.8036602897795, 'ign_k': 0.0037322156377670697, 'ign_c': 14.367095138664217}.
[I 2026-08-06 02:22:50,826] Trial 657 finished with values: [10.104859571424598, 10.104859571424598] and parameters: {'k1': 0.021368329072358756, 'D_low': 9.330007965781027, 'k2': 0.0499774937030317, 'D_high': 949.9072859745386, 'fire_exp': 1.0473002272689056, 'P_half': 63.585411411994926, 'pre_dampen_half': 1.4445251022763053, 'gpp_af': 13.94494576100762, 'gpp_b': 0.0038487982105145655, 'gpp_d': 368.30088529547436, 'ign_k': 0.01474275315991467, 'ign_c': 34.19108473554449}.
[I 2026-08-06 02:22:51,759] Trial 658 finished with values: [10.43896457892253, 10.43896457892253] and parameters: {'k1': 0.003381093273170853, 'D_low': 9.882278532808778, 'k2': 0.0004381141781653133, 'D_high': 2941.5751391396584, 'fire_exp': 1.2680134752324452, 'P_half': 403.3495283157659, 'pre_dampen_half': 25.15960733455044, 'gpp_af': 11.234842109991876, 'gpp_b': 1.5938003265859821, 'gpp_d': 300.3420512048734, 'ign_k': 7.799059237255681, 'ign_c': 3.735862630812751}.
[I 2026-08-06 02:22:52,692] Trial 659 finished with values: [-0.5054386329018733, 0.050143053164852236] and parameters: {'k1': 2.0937989739527727e-05, 'D_low': 7.068974950624602, 'k2': 4.763991596630584e-05, 'D_high': 75773.14388518519, 'fire_exp': 1.010722707674549, 'P_half': 2.157758652553991, 'pre_dampen_half': 1.4445251022763053, 'gpp_af': 0.028585493941961918, 'gpp_b': 3.228689523591491e-05, 'gpp_d': 5.878566318396007, 'ign_k': 0.03141110271934876, 'ign_c': 2.92043384718141}.
[I 2026-08-06 02:22:53,657] Trial 660 finished with values: [12.79140403559373, 12.79140403559373] and parameters: {'k1': 0.014666151770108535, 'D_low': 164.70698221724317, 'k2': 1.4378290221680118e-05, 'D_high': 949.9072859745386, 'fire_exp': 1.010722707674549, 'P_half': 39.03214299767183, 'pre_dampen_half': 59.66041614891413, 'gpp_af': 0.09651979281656148, 'gpp_b': 0.0004837646996135023, 'gpp_d': 5.878566318396007, 'ign_k': 0.0037322156377670697, 'ign_c': 0.5110256715654393}.
[I 2026-08-06 02:22:54,621] Trial 661 finished with values: [10.769070911254248, 10.769070911254248] and parameters: {'k1': 2.0937989739527727e-05, 'D_low': 7.068974950624602, 'k2': 1.4378290221680118e-05, 'D_high': 6715.971856456831, 'fire_exp': 1.010722707674549, 'P_half': 608.3019192425825, 'pre_dampen_half': 0.0684241702326661, 'gpp_af': 0.0068880466766811635, 'gpp_b': 0.6637926838138378, 'gpp_d': 5.878566318396007, 'ign_k': 0.001401798877018328, 'ign_c': 14.367095138664217}.
[I 2026-08-06 02:22:55,583] Trial 662 finished with values: [10.548114393795561, 10.548114393795561] and parameters: {'k1': 0.08926311370835228, 'D_low': 616.4329525571076, 'k2': 3.5917714215176105e-05, 'D_high': 24939.838794891497, 'fire_exp': 1.2680134752324452, 'P_half': 608.3019192425825, 'pre_dampen_half': 48.08505037156744, 'gpp_af': 2.0845995424603503, 'gpp_b': 1.5938003265859821, 'gpp_d': 300.3420512048734, 'ign_k': 7.799059237255681, 'ign_c': 7.916322947490362}.
[I 2026-08-06 02:22:56,707] Trial 663 finished with values: [10.228749788235824, 10.228749788235824] and parameters: {'k1': 0.023805746020770402, 'D_low': 51.9967392387832, 'k2': 4.763991596630584e-05, 'D_high': 24939.838794891497, 'fire_exp': 1.010722707674549, 'P_half': 1669.8621151307725, 'pre_dampen_half': 14.689898077648792, 'gpp_af': 0.8448348528946281, 'gpp_b': 0.10123867001105968, 'gpp_d': 219.46051932475797, 'ign_k': 7.799059237255681, 'ign_c': 19.19168994439752}.
[I 2026-08-06 02:22:57,639] Trial 664 finished with values: [10.359607519503555, 10.359607519503555] and parameters: {'k1': 2.0937989739527727e-05, 'D_low': 7.068974950624602, 'k2': 1.4378290221680118e-05, 'D_high': 949.9072859745386, 'fire_exp': 1.1044852285094786, 'P_half': 2.157758652553991, 'pre_dampen_half': 1.4445251022763053, 'gpp_af': 0.028585493941961918, 'gpp_b': 2.800940363375676e-05, 'gpp_d': 5.878566318396007, 'ign_k': 0.01474275315991467, 'ign_c': 0.7724824966785973}.
[I 2026-08-06 02:22:58,602] Trial 665 finished with values: [10.590330386560987, 10.590330386560987] and parameters: {'k1': 0.003381093273170853, 'D_low': 968.2012086882471, 'k2': 0.003967633935744858, 'D_high': 17300.724838654387, 'fire_exp': 1.2680134752324452, 'P_half': 403.3495283157659, 'pre_dampen_half': 3.3594011166738142, 'gpp_af': 0.028585493941961918, 'gpp_b': 0.000832333943844274, 'gpp_d': 5.878566318396007, 'ign_k': 0.01474275315991467, 'ign_c': 2.92043384718141}.
[I 2026-08-06 02:22:59,584] Trial 666 finished with values: [10.089705128982152, 10.089705128982152] and parameters: {'k1': 2.0937989739527727e-05, 'D_low': 7.068974950624602, 'k2': 0.02065142557895925, 'D_high': 8182.111518618414, 'fire_exp': 1.1044852285094786, 'P_half': 338.23872019362165, 'pre_dampen_half': 2.292633983096564, 'gpp_af': 0.028585493941961918, 'gpp_b': 1.4427571100855582e-05, 'gpp_d': 5.878566318396007, 'ign_k': 0.019192001101561888, 'ign_c': 0.6235377135673155}.
[I 2026-08-06 02:23:00,526] Trial 667 finished with values: [-0.5079487067169481, 0.03075754744074577] and parameters: {'k1': 2.0937989739527727e-05, 'D_low': 7.068974950624602, 'k2': 1.4378290221680118e-05, 'D_high': 75773.14388518519, 'fire_exp': 1.1044852285094786, 'P_half': 2.157758652553991, 'pre_dampen_half': 1.4445251022763053, 'gpp_af': 0.028585493941961918, 'gpp_b': 2.800940363375676e-05, 'gpp_d': 5.878566318396007, 'ign_k': 0.1550134937334847, 'ign_c': 2.92043384718141}.
[I 2026-08-06 02:23:01,511] Trial 668 finished with values: [10.560450902024389, 10.560450902024389] and parameters: {'k1': 0.025383218374507292, 'D_low': 51.9967392387832, 'k2': 0.006138509947844854, 'D_high': 6455.595882939566, 'fire_exp': 1.606353818654556, 'P_half': 958.8659498594012, 'pre_dampen_half': 14.689898077648792, 'gpp_af': 0.004339536161007625, 'gpp_b': 0.000832333943844274, 'gpp_d': 0.03627422119926134, 'ign_k': 0.011994950112756754, 'ign_c': 19.19168994439752}.
[I 2026-08-06 02:23:02,458] Trial 669 finished with values: [10.293766212133804, 10.293766212133804] and parameters: {'k1': 0.03232155805617897, 'D_low': 10.733257635049776, 'k2': 3.5917714215176105e-05, 'D_high': 1687.3495104568947, 'fire_exp': 1.1404778529537094, 'P_half': 608.3019192425825, 'pre_dampen_half': 3.3594011166738142, 'gpp_af': 0.4527387214026172, 'gpp_b': 2.800940363375676e-05, 'gpp_d': 4.982605027348069, 'ign_k': 3.7173717478250508, 'ign_c': 14.367095138664217}.
[I 2026-08-06 02:23:03,422] Trial 670 finished with values: [-0.5528547270592982, 0.02215847777206581] and parameters: {'k1': 0.025383218374507292, 'D_low': 18.522006003174383, 'k2': 3.5917714215176105e-05, 'D_high': 400.9149428326862, 'fire_exp': 1.010722707674549, 'P_half': 608.3019192425825, 'pre_dampen_half': 14.689898077648792, 'gpp_af': 0.2343193755572473, 'gpp_b': 0.10123867001105968, 'gpp_d': 39.827466658711515, 'ign_k': 3.7173717478250508, 'ign_c': 14.367095138664217}.
[I 2026-08-06 02:23:04,388] Trial 671 finished with values: [-0.514575399740859, 0.025415471939278733] and parameters: {'k1': 0.003381093273170853, 'D_low': 1.2299210465793122, 'k2': 4.763991596630584e-05, 'D_high': 55772.84121799238, 'fire_exp': 1.2680134752324452, 'P_half': 664.2027816373393, 'pre_dampen_half': 3.3594011166738142, 'gpp_af': 0.028585493941961918, 'gpp_b': 1.722111409234053e-05, 'gpp_d': 4.982605027348069, 'ign_k': 3.7173717478250508, 'ign_c': 0.7724824966785973}.
[I 2026-08-06 02:23:05,354] Trial 672 finished with values: [10.015756973881516, 10.015756973881516] and parameters: {'k1': 0.021368329072358756, 'D_low': 7.068974950624602, 'k2': 4.763991596630584e-05, 'D_high': 75773.14388518519, 'fire_exp': 1.1044852285094786, 'P_half': 39.03214299767183, 'pre_dampen_half': 1.4445251022763053, 'gpp_af': 0.028585493941961918, 'gpp_b': 3.228689523591491e-05, 'gpp_d': 5.878566318396007, 'ign_k': 0.01474275315991467, 'ign_c': 2.92043384718141}.
[I 2026-08-06 02:23:06,303] Trial 673 finished with values: [-0.5685591481980145, 0.027990583349809195] and parameters: {'k1': 0.021368329072358756, 'D_low': 9.330007965781027, 'k2': 4.763991596630584e-05, 'D_high': 6455.595882939566, 'fire_exp': 1.0473002272689056, 'P_half': 664.2027816373393, 'pre_dampen_half': 14.689898077648792, 'gpp_af': 4.582731702170249, 'gpp_b': 0.10123867001105968, 'gpp_d': 107.84642153666701, 'ign_k': 3.7173717478250508, 'ign_c': 14.367095138664217}.
[I 2026-08-06 02:23:07,283] Trial 674 finished with values: [10.156396579690405, 10.156396579690405] and parameters: {'k1': 0.021368329072358756, 'D_low': 26.21130418912424, 'k2': 0.00014091459170104733, 'D_high': 17300.724838654387, 'fire_exp': 1.1044852285094786, 'P_half': 63.585411411994926, 'pre_dampen_half': 5.542030950268268, 'gpp_af': 0.028585493941961918, 'gpp_b': 0.0005995821881487623, 'gpp_d': 0.04078961160746153, 'ign_k': 0.01474275315991467, 'ign_c': 0.7724824966785973}.
