[I 2026-08-19 15:41:35,594] Trial 1333 finished with value: -0.4401744352444689 and parameters: {'k1': 3.169199204795212e-05, 'D_low': 3661.037653631348, 'k2': 0.0014085212749040336, 'D_high': 281136.72776333813, 'fire_exp': 2.1140896686403594, 'P_half': 707.4554053439174, 'pre_dampen_half': 4.163098403079908, 'gpp_af': 0.03332559229803503, 'gpp_b': 0.00687461035762695, 'gpp_d': 7.133866077829067, 'ign_k': 0.8944170783476694, 'ign_c': 2.087510368003885, 'trop_agb_crit': 22.7493437964029, 'trop_k_veg': 5.232360223779814, 'pop_amp': 0.0011639258951672735, 'pop_peak': 3.8856156882416792, 'pop_sig': 1.1073713142746033, 'fuel_k': 1.608981266593127, 'fuel_half': 1.6993734065246326}. Best is trial 421 with value: -0.6216386034937503.
[I 2026-08-19 15:41:38,359] Trial 1334 finished with value: -0.5895334613490086 and parameters: {'k1': 0.002373465233050331, 'D_low': 60.75142887100413, 'k2': 0.03135266853167101, 'D_high': 1512226.0108134893, 'fire_exp': 2.7375981145934967, 'P_half': 38.063190714665026, 'pre_dampen_half': 1.5686651892436636, 'gpp_af': 0.38421634616341516, 'gpp_b': 0.0001781082230103385, 'gpp_d': 75.69443608907355, 'ign_k': 0.25077892325970425, 'ign_c': 0.2692628956032311, 'trop_agb_crit': 26.905748082159946, 'trop_k_veg': 1.7943008846652446, 'pop_amp': 0.008356524780841503, 'pop_peak': 0.7186032553143222, 'pop_sig': 0.8837513858911092, 'fuel_k': 0.7476901670871583, 'fuel_half': 1.3801280464870809}. Best is trial 421 with value: -0.6216386034937503.
[I 2026-08-19 15:41:40,822] Trial 1335 finished with value: -0.4201598904400538 and parameters: {'k1': 0.022729732767473573, 'D_low': 26.286209774272074, 'k2': 0.002698844942695513, 'D_high': 14511.12885980059, 'fire_exp': 1.9781578617442268, 'P_half': 1.0821721136828417, 'pre_dampen_half': 49.99019317396018, 'gpp_af': 0.007051995182707919, 'gpp_b': 0.00046623147056167914, 'gpp_d': 0.0704993141313546, 'ign_k': 0.06663675736474381, 'ign_c': 0.13415859234208014, 'trop_agb_crit': 7.13921425934461, 'trop_k_veg': 4.81390099347583, 'pop_amp': 0.0025186867849703418, 'pop_peak': 3.211573161897172, 'pop_sig': 0.6728555942851271, 'fuel_k': 4.901201308287868, 'fuel_half': 0.31737302173493553}. Best is trial 421 with value: -0.6216386034937503.
  trial 1336/2500  best_overall=0.6216  (77.6 min)
[I 2026-08-19 15:41:44,354] Trial 1336 finished with value: -0.5087459853034364 and parameters: {'k1': 9.404840966706293e-05, 'D_low': 20.085978773440527, 'k2': 5.881585581555065e-05, 'D_high': 7074677.937631702, 'fire_exp': 2.4127333445834416, 'P_half': 37.40890887820553, 'pre_dampen_half': 10.798149881610483, 'gpp_af': 0.013267597613609423, 'gpp_b': 0.00022050514991215264, 'gpp_d': 1.116647693492301, 'ign_k': 0.19138427765409996, 'ign_c': 0.6508535976153159, 'trop_agb_crit': 9.098209095543353, 'trop_k_veg': 2.300754588353074, 'pop_amp': 0.6898120099758552, 'pop_peak': 0.3057342291028501, 'pop_sig': 0.6817997753760056, 'fuel_k': 3.1635900724644674, 'fuel_half': 0.18296332684573505}. Best is trial 421 with value: -0.6216386034937503.
[I 2026-08-19 15:41:47,258] Trial 1337 finished with value: -0.39048736538334117 and parameters: {'k1': 0.00035989117500676433, 'D_low': 26.951156449427707, 'k2': 0.00978682767693043, 'D_high': 1965.3687913594654, 'fire_exp': 2.9705582524373177, 'P_half': 1208.3007606217834, 'pre_dampen_half': 11.798315314977769, 'gpp_af': 0.00564684551894377, 'gpp_b': 0.0006092838128708533, 'gpp_d': 359.02050739720505, 'ign_k': 0.42594657360314114, 'ign_c': 0.12608415755225783, 'trop_agb_crit': 13.762094386195049, 'trop_k_veg': 3.1676498262237995, 'pop_amp': 0.001163876667672009, 'pop_peak': 0.9179673880346575, 'pop_sig': 0.3806146447709802, 'fuel_k': 0.0900380742786475, 'fuel_half': 0.19110050495584413}. Best is trial 421 with value: -0.6216386034937503.
[I 2026-08-19 15:41:50,311] Trial 1338 finished with value: -0.5913618261422171 and parameters: {'k1': 0.0005723517039897687, 'D_low': 418.33264071195896, 'k2': 0.001952089050252877, 'D_high': 3144494.7882147455, 'fire_exp': 2.061149166701389, 'P_half': 8.03771725272795, 'pre_dampen_half': 3.2525666452381166, 'gpp_af': 0.00502609400881896, 'gpp_b': 0.00026628206060707997, 'gpp_d': 4.135904976616115, 'ign_k': 0.12093712473788491, 'ign_c': 1.510936845660962, 'trop_agb_crit': 4.246799777379074, 'trop_k_veg': 4.625306110456554, 'pop_amp': 0.010288428231717462, 'pop_peak': 5.778261596166176, 'pop_sig': 0.7385139385487133, 'fuel_k': 0.6135863593394645, 'fuel_half': 0.3542377147865346}. Best is trial 421 with value: -0.6216386034937503.
[I 2026-08-19 15:41:52,732] Trial 1339 finished with value: -0.5940999656825797 and parameters: {'k1': 0.020665829579417493, 'D_low': 1247.0662715999708, 'k2': 0.00050705141347165, 'D_high': 4676272.673971025, 'fire_exp': 1.1148449095387793, 'P_half': 493.8426044573365, 'pre_dampen_half': 18.88872389934204, 'gpp_af': 0.15278485075932205, 'gpp_b': 0.0002727754887450841, 'gpp_d': 3.9170439510353154, 'ign_k': 5.226712720012354, 'ign_c': 1.8065327448979023, 'trop_agb_crit': 23.467113862804254, 'trop_k_veg': 5.098582263397302, 'pop_amp': 0.0011854240682846106, 'pop_peak': 6.60708320841013, 'pop_sig': 0.7529010439123356, 'fuel_k': 0.14909935260843524, 'fuel_half': 0.33154583939632143}. Best is trial 421 with value: -0.6216386034937503.
[I 2026-08-19 15:41:55,393] Trial 1340 finished with value: -0.40497787088304255 and parameters: {'k1': 2.732132008627934e-05, 'D_low': 7.3640947599686575, 'k2': 4.7273357887901856e-05, 'D_high': 5033606.939477906, 'fire_exp': 1.7588205169927416, 'P_half': 1.2433401798159385, 'pre_dampen_half': 1.9082408543404805, 'gpp_af': 0.5779548533934679, 'gpp_b': 0.03580264290692134, 'gpp_d': 1.4374384531180593, 'ign_k': 0.4520777519324245, 'ign_c': 35.206377870771526, 'trop_agb_crit': 6.982559639041899, 'trop_k_veg': 4.901272773019789, 'pop_amp': 2.7425904968838863, 'pop_peak': 15.028266617915614, 'pop_sig': 0.3713347228175761, 'fuel_k': 3.627064694741519, 'fuel_half': 0.14999692309931936}. Best is trial 421 with value: -0.6216386034937503.
[I 2026-08-19 15:41:57,912] Trial 1341 finished with value: -0.41711505175568175 and parameters: {'k1': 1.2069948678714669e-05, 'D_low': 614839.7861306547, 'k2': 0.0005697516830323852, 'D_high': 7186591.81180527, 'fire_exp': 1.1276752932231835, 'P_half': 25.67545075578146, 'pre_dampen_half': 0.1338693549949254, 'gpp_af': 0.0010405808442400988, 'gpp_b': 0.004881158558971626, 'gpp_d': 2.9810194255562927, 'ign_k': 4.599408212333488, 'ign_c': 7.728503486185505, 'trop_agb_crit': 23.582908203329612, 'trop_k_veg': 0.8610138905320991, 'pop_amp': 3.8845504799117565, 'pop_peak': 6.762981151437789, 'pop_sig': 1.0691218222549925, 'fuel_k': 0.2319599624202257, 'fuel_half': 0.3389337422632843}. Best is trial 421 with value: -0.6216386034937503.
[I 2026-08-19 15:42:00,721] Trial 1342 finished with value: -0.5010800867398834 and parameters: {'k1': 0.00022630346587062576, 'D_low': 1065.9035044690302, 'k2': 0.09894104032997787, 'D_high': 2369915.849659713, 'fire_exp': 1.5093067766303963, 'P_half': 131.7877977259395, 'pre_dampen_half': 64.54200451673074, 'gpp_af': 0.002029431952552294, 'gpp_b': 0.00014305188393116535, 'gpp_d': 82.87653149120592, 'ign_k': 0.07531980778387846, 'ign_c': 15.241830823417645, 'trop_agb_crit': 22.505125145068682, 'trop_k_veg': 2.1035718403220076, 'pop_amp': 0.006354668936416845, 'pop_peak': 132.6051335882453, 'pop_sig': 1.9799413215051807, 'fuel_k': 4.638129758412024, 'fuel_half': 0.8043496117344786}. Best is trial 421 with value: -0.6216386034937503.
[I 2026-08-19 15:42:04,214] Trial 1343 finished with value: -0.5790595735070927 and parameters: {'k1': 0.0001742524188845715, 'D_low': 29.091857831939866, 'k2': 0.0014408820043381471, 'D_high': 5834619.771297532, 'fire_exp': 2.1288876022885646, 'P_half': 10.815370708909763, 'pre_dampen_half': 4.685576974594405, 'gpp_af': 0.033953554856718776, 'gpp_b': 2.5471333992102957e-05, 'gpp_d': 2.3278734153105365, 'ign_k': 0.2899232077349386, 'ign_c': 0.5347582996566564, 'trop_agb_crit': 27.566462701492362, 'trop_k_veg': 1.412510201878295, 'pop_amp': 0.024964641332386236, 'pop_peak': 0.7540958943691615, 'pop_sig': 0.479671525221672, 'fuel_k': 1.0829725698945818, 'fuel_half': 0.11204976148472007}. Best is trial 421 with value: -0.6216386034937503.
  trial 1344/2500  best_overall=0.6216  (78.0 min)
[I 2026-08-19 15:42:07,860] Trial 1344 finished with value: -0.41603706018180364 and parameters: {'k1': 4.5122336765496605e-05, 'D_low': 9628.797574621429, 'k2': 1.154320432369276e-05, 'D_high': 165994.7998421014, 'fire_exp': 1.1907523492326952, 'P_half': 35.18983795782319, 'pre_dampen_half': 4.267483163503297, 'gpp_af': 0.0026882658811576573, 'gpp_b': 0.0010554804682500788, 'gpp_d': 1.9859106354344027, 'ign_k': 0.08974694531547665, 'ign_c': 215.80801147181094, 'trop_agb_crit': 7.983601017756875, 'trop_k_veg': 0.6288881999719607, 'pop_amp': 19.49194865225577, 'pop_peak': 0.40032748362492476, 'pop_sig': 2.2714902190426396, 'fuel_k': 2.150187725292855, 'fuel_half': 0.9979582114682823}. Best is trial 421 with value: -0.6216386034937503.
[I 2026-08-19 15:42:10,668] Trial 1345 finished with value: -0.46149154301684414 and parameters: {'k1': 0.059195058295303055, 'D_low': 635.2832604812735, 'k2': 0.09971520859721293, 'D_high': 1540513.9062685173, 'fire_exp': 2.8981254233529303, 'P_half': 907.2525007135015, 'pre_dampen_half': 1.4893333063801093, 'gpp_af': 0.04169049453598332, 'gpp_b': 0.0001627164865499995, 'gpp_d': 32.27572867579475, 'ign_k': 0.10155951363713342, 'ign_c': 1.857318205183114, 'trop_agb_crit': 7.017676309517268, 'trop_k_veg': 3.813564435454532, 'pop_amp': 0.013751568396267717, 'pop_peak': 1.045015069905815, 'pop_sig': 0.6326338802258397, 'fuel_k': 3.573285060371406, 'fuel_half': 0.5393302243995427}. Best is trial 421 with value: -0.6216386034937503.
[I 2026-08-19 15:42:13,511] Trial 1346 finished with value: -0.3895072705319108 and parameters: {'k1': 0.00028178714937476926, 'D_low': 196.47918882059378, 'k2': 0.02707134019765016, 'D_high': 554984.6286926784, 'fire_exp': 1.2441074259812384, 'P_half': 8721.054872612509, 'pre_dampen_half': 29.927491662293257, 'gpp_af': 2.254263823824824, 'gpp_b': 0.007102557782654433, 'gpp_d': 1.0127504718795002, 'ign_k': 0.179401202081643, 'ign_c': 54.74610741221691, 'trop_agb_crit': 26.13836847275848, 'trop_k_veg': 1.522488243371569, 'pop_amp': 0.0015106223261562514, 'pop_peak': 2.228986773039665, 'pop_sig': 2.4496081334434594, 'fuel_k': 5.389845017083985, 'fuel_half': 0.2798075064894364}. Best is trial 421 with value: -0.6216386034937503.
[I 2026-08-19 15:42:15,864] Trial 1347 finished with value: -0.5096407077031796 and parameters: {'k1': 0.00341223339306399, 'D_low': 440.12001705299724, 'k2': 1.3366227258316981e-05, 'D_high': 252329.19187133413, 'fire_exp': 1.3571442470003838, 'P_half': 65.26126466598483, 'pre_dampen_half': 3.392837410713346, 'gpp_af': 0.056725201424310784, 'gpp_b': 0.0009109564995849955, 'gpp_d': 0.23009684331321328, 'ign_k': 0.8201020126142435, 'ign_c': 2.41938201615253, 'trop_agb_crit': 8.42554523927984, 'trop_k_veg': 5.748532059216153, 'pop_amp': 0.07486430959812876, 'pop_peak': 0.8055706766744903, 'pop_sig': 0.8684715560865285, 'fuel_k': 5.935290265866713, 'fuel_half': 0.9862870822521549}. Best is trial 421 with value: -0.6216386034937503.
[I 2026-08-19 15:42:18,419] Trial 1348 finished with value: -0.3554625854118624 and parameters: {'k1': 0.012869672260820211, 'D_low': 16.805082011932807, 'k2': 0.00019624320833382575, 'D_high': 291556.19564413466, 'fire_exp': 3.001241825162573, 'P_half': 87.20165707569831, 'pre_dampen_half': 2.0342176025968883, 'gpp_af': 0.002175573260574649, 'gpp_b': 0.011476247207231326, 'gpp_d': 2.878838085262135, 'ign_k': 0.8936664214932974, 'ign_c': 266.43403712139707, 'trop_agb_crit': 1.9105466332207333, 'trop_k_veg': 1.6016759517167332, 'pop_amp': 2.79287319550776, 'pop_peak': 32.04169385223559, 'pop_sig': 0.6304536921132445, 'fuel_k': 0.04947377200086073, 'fuel_half': 8.141011366330599}. Best is trial 421 with value: -0.6216386034937503.
[I 2026-08-19 15:42:21,285] Trial 1349 finished with value: -0.3554625854118624 and parameters: {'k1': 0.016043045521289996, 'D_low': 32.75870751932926, 'k2': 0.004365984392496864, 'D_high': 71921.00612449532, 'fire_exp': 2.7387618713526227, 'P_half': 53.55034554387916, 'pre_dampen_half': 34.790198786308935, 'gpp_af': 0.06692790312652228, 'gpp_b': 1.6942221102691262e-05, 'gpp_d': 19.448709052086024, 'ign_k': 5.134897178734437, 'ign_c': 41.26135493763839, 'trop_agb_crit': 5.107450086236707, 'trop_k_veg': 3.0358002886598423, 'pop_amp': 0.011694758481559087, 'pop_peak': 0.7828541452024141, 'pop_sig': 0.698855307648788, 'fuel_k': 1.9054339083465348, 'fuel_half': 5.005116707227748}. Best is trial 421 with value: -0.6216386034937503.
[I 2026-08-19 15:42:24,080] Trial 1350 finished with value: -0.4556932167296141 and parameters: {'k1': 0.00010185563732830814, 'D_low': 587.4468215290865, 'k2': 0.09707731748573, 'D_high': 3531821.5674208836, 'fire_exp': 2.267876873931088, 'P_half': 234.82576386797058, 'pre_dampen_half': 6.904612730822844, 'gpp_af': 1.9913954953350983, 'gpp_b': 0.05853571251208845, 'gpp_d': 37.369599070322714, 'ign_k': 0.04571351977893201, 'ign_c': 6.521465863464987, 'trop_agb_crit': 10.76162201288666, 'trop_k_veg': 2.8410295415895477, 'pop_amp': 0.02278500864642929, 'pop_peak': 5.597245626112726, 'pop_sig': 1.0282704231016793, 'fuel_k': 0.7495904069412094, 'fuel_half': 2.5062521544790264}. Best is trial 421 with value: -0.6216386034937503.
[I 2026-08-19 15:42:27,364] Trial 1351 finished with value: -0.5470138587935647 and parameters: {'k1': 0.0010821041491100457, 'D_low': 2730.675677549157, 'k2': 2.168314966996792e-05, 'D_high': 640316.1424427226, 'fire_exp': 5.514204617189011, 'P_half': 7.364729466810856, 'pre_dampen_half': 534.161818336613, 'gpp_af': 0.04840058290215078, 'gpp_b': 0.006916498643324826, 'gpp_d': 17.157325413364205, 'ign_k': 0.1528633039806056, 'ign_c': 3.2537156227577064, 'trop_agb_crit': 3.911183501960572, 'trop_k_veg': 1.5876800650084713, 'pop_amp': 0.2430432945309491, 'pop_peak': 48.3593713641038, 'pop_sig': 1.04090262526501, 'fuel_k': 0.12641276310434177, 'fuel_half': 4.993273653199249}. Best is trial 421 with value: -0.6216386034937503.
  trial 1352/2500  best_overall=0.6216  (78.4 min)
[I 2026-08-19 15:42:31,592] Trial 1352 finished with value: -0.42085416734989717 and parameters: {'k1': 0.0005202425809411413, 'D_low': 12033.760640123084, 'k2': 0.00012901019940233128, 'D_high': 1377255.5237024154, 'fire_exp': 5.048282145751944, 'P_half': 534.5819872210676, 'pre_dampen_half': 4.416482029923237, 'gpp_af': 0.011449527911740127, 'gpp_b': 4.204400522400594e-05, 'gpp_d': 0.7576470041772837, 'ign_k': 0.6315004200027441, 'ign_c': 0.12334430932554699, 'trop_agb_crit': 9.816172952315554, 'trop_k_veg': 2.5514316945097173, 'pop_amp': 0.39008960611779947, 'pop_peak': 172.24238057563457, 'pop_sig': 1.6974607467412508, 'fuel_k': 0.060684439448105636, 'fuel_half': 6.257148378296958}. Best is trial 421 with value: -0.6216386034937503.
[I 2026-08-19 15:42:35,248] Trial 1353 finished with value: -0.39463960682545707 and parameters: {'k1': 0.05170439266561762, 'D_low': 46601.702990068385, 'k2': 0.046238265378380806, 'D_high': 2434553.805817724, 'fire_exp': 7.068643805329169, 'P_half': 116.57923727105405, 'pre_dampen_half': 4.136984249980143, 'gpp_af': 0.004403549921362797, 'gpp_b': 0.00012154184680672697, 'gpp_d': 706.6857450359455, 'ign_k': 2.323155868191892, 'ign_c': 4.805324809522859, 'trop_agb_crit': 13.307637460997874, 'trop_k_veg': 3.1181797874768082, 'pop_amp': 0.013929466110821001, 'pop_peak': 1.5351363319381377, 'pop_sig': 0.9856244574549801, 'fuel_k': 0.9881009308754334, 'fuel_half': 0.6601595350124927}. Best is trial 421 with value: -0.6216386034937503.
[I 2026-08-19 15:42:40,149] Trial 1354 finished with value: -0.5773031586216967 and parameters: {'k1': 0.059841830185219484, 'D_low': 125.36366432050421, 'k2': 0.06592949783854025, 'D_high': 248913.41184555384, 'fire_exp': 3.629177557509184, 'P_half': 3.7002851880173373, 'pre_dampen_half': 2.3343559630538255, 'gpp_af': 0.002878365939932103, 'gpp_b': 3.043216479904326e-05, 'gpp_d': 4.119183463170925, 'ign_k': 1.583786460135119, 'ign_c': 0.12563967607017246, 'trop_agb_crit': 15.943872006284044, 'trop_k_veg': 1.1694271652090171, 'pop_amp': 0.0033545303060745456, 'pop_peak': 3.2707550710811444, 'pop_sig': 0.547791623329865, 'fuel_k': 1.5376731636516923, 'fuel_half': 0.1734534207556682}. Best is trial 421 with value: -0.6216386034937503.
[I 2026-08-19 15:42:44,274] Trial 1355 finished with value: -0.4825090537935618 and parameters: {'k1': 0.0002917478450416716, 'D_low': 2.7943880188159533, 'k2': 3.9378980170653356e-05, 'D_high': 48599.69542072412, 'fire_exp': 1.8767982544251007, 'P_half': 46.44807325345704, 'pre_dampen_half': 3.154056864550041, 'gpp_af': 0.0013688956847056931, 'gpp_b': 1.1517141090179907e-05, 'gpp_d': 0.02363359713705592, 'ign_k': 0.10258599720021677, 'ign_c': 12.491126240079842, 'trop_agb_crit': 16.937548666995188, 'trop_k_veg': 1.7342845762538686, 'pop_amp': 18.467001584408937, 'pop_peak': 0.4502641657013338, 'pop_sig': 1.5830904406368667, 'fuel_k': 0.15898138311449242, 'fuel_half': 0.32728165020060473}. Best is trial 421 with value: -0.6216386034937503.
[I 2026-08-19 15:42:47,601] Trial 1356 finished with value: -0.5175583064504737 and parameters: {'k1': 0.0025700112262405975, 'D_low': 8150.675778886847, 'k2': 0.020802903233397285, 'D_high': 276226.5532575144, 'fire_exp': 5.9765081718813216, 'P_half': 69.46530938408449, 'pre_dampen_half': 10.95087368668002, 'gpp_af': 0.014331362462523102, 'gpp_b': 2.679651156581912e-05, 'gpp_d': 15.7696089981488, 'ign_k': 0.5014604258495038, 'ign_c': 2.1349034728709864, 'trop_agb_crit': 11.438373229793957, 'trop_k_veg': 6.6669988305943395, 'pop_amp': 0.003745732370753668, 'pop_peak': 0.22197990928453076, 'pop_sig': 0.4876099585518043, 'fuel_k': 0.2289632959037423, 'fuel_half': 0.40625749594002375}. Best is trial 421 with value: -0.6216386034937503.
[I 2026-08-19 15:42:50,498] Trial 1357 finished with value: -0.5075768595140271 and parameters: {'k1': 0.00043799188680382464, 'D_low': 20.657869151627335, 'k2': 0.0009864814547877482, 'D_high': 1895470.7764023328, 'fire_exp': 2.098113855731109, 'P_half': 7.464317734281562, 'pre_dampen_half': 17.502435977179577, 'gpp_af': 0.07132890295939917, 'gpp_b': 2.1924209493416916e-05, 'gpp_d': 1.6297387384871973, 'ign_k': 1.2314223415316932, 'ign_c': 1.8593827669864087, 'trop_agb_crit': 12.811123085813229, 'trop_k_veg': 4.890941862642627, 'pop_amp': 0.37913394403454853, 'pop_peak': 23.2644589274003, 'pop_sig': 0.3257022667285458, 'fuel_k': 0.5833955836754774, 'fuel_half': 0.11419819280799748}. Best is trial 421 with value: -0.6216386034937503.
  trial 1358/2500  best_overall=0.6216  (78.8 min)
[I 2026-08-19 15:42:54,930] Trial 1358 finished with value: -0.4873290579977595 and parameters: {'k1': 0.00960358561914715, 'D_low': 2.706011263561568, 'k2': 2.307024862253132e-05, 'D_high': 3250653.741746583, 'fire_exp': 1.807396837379675, 'P_half': 370.0256076658342, 'pre_dampen_half': 22.820391459302826, 'gpp_af': 0.003539956560850774, 'gpp_b': 0.0006076282180991774, 'gpp_d': 0.01278799563606664, 'ign_k': 0.09529532067629093, 'ign_c': 13.392572608845095, 'trop_agb_crit': 13.262747701653147, 'trop_k_veg': 1.7805981257843455, 'pop_amp': 0.45950529115017713, 'pop_peak': 0.8163147248141669, 'pop_sig': 1.6347914956580825, 'fuel_k': 0.12763661759429307, 'fuel_half': 3.9046080608596436}. Best is trial 421 with value: -0.6216386034937503.
[I 2026-08-19 15:42:58,248] Trial 1359 finished with value: -0.5574043203254915 and parameters: {'k1': 0.006593976775196465, 'D_low': 313.3755862996608, 'k2': 0.020868387529480285, 'D_high': 38194.863451714424, 'fire_exp': 6.856457156545756, 'P_half': 14.720282564845789, 'pre_dampen_half': 23.50819817192826, 'gpp_af': 0.19180133764576587, 'gpp_b': 2.5597729258813807e-05, 'gpp_d': 8.064679279468514, 'ign_k': 2.1212110638226727, 'ign_c': 16.288321434885106, 'trop_agb_crit': 5.461061618927213, 'trop_k_veg': 1.4694894534084282, 'pop_amp': 0.0027372045120186783, 'pop_peak': 1.8270454141917212, 'pop_sig': 0.4190565237173149, 'fuel_k': 1.168221278182323, 'fuel_half': 0.6822317065499113}. Best is trial 421 with value: -0.6216386034937503.
[I 2026-08-19 15:43:01,823] Trial 1360 finished with value: -0.3969024864334023 and parameters: {'k1': 0.0007259538850685805, 'D_low': 3149.365616949535, 'k2': 0.00012427750027876191, 'D_high': 6834232.293480236, 'fire_exp': 3.9074822663972397, 'P_half': 36.22392403515441, 'pre_dampen_half': 10.028792622216281, 'gpp_af': 0.02010810061437664, 'gpp_b': 2.2747019184015448e-05, 'gpp_d': 2.7446289708169114, 'ign_k': 0.385065258770298, 'ign_c': 32.60631758567864, 'trop_agb_crit': 8.229183189122942, 'trop_k_veg': 5.990504664308154, 'pop_amp': 0.1817210940813475, 'pop_peak': 4.124357301111072, 'pop_sig': 1.1965183650200086, 'fuel_k': 0.023768949818860394, 'fuel_half': 1.2954025554992308}. Best is trial 421 with value: -0.6216386034937503.
[I 2026-08-19 15:43:04,730] Trial 1361 finished with value: -0.4716966056313014 and parameters: {'k1': 2.684837220387085e-05, 'D_low': 149.8641377804813, 'k2': 3.721134636925624e-05, 'D_high': 3674589.2306538946, 'fire_exp': 2.704420115945869, 'P_half': 18.286608234705984, 'pre_dampen_half': 690.2810095125898, 'gpp_af': 0.001228095703765393, 'gpp_b': 2.0433237769248215e-05, 'gpp_d': 6.355987559428628, 'ign_k': 0.545798970437666, 'ign_c': 1.062225619480338, 'trop_agb_crit': 18.626010798770615, 'trop_k_veg': 3.2749526211519715, 'pop_amp': 1.9538469188295773, 'pop_peak': 88.12769003947842, 'pop_sig': 1.0191498511757404, 'fuel_k': 0.2866750227781324, 'fuel_half': 0.4800328053105524}. Best is trial 421 with value: -0.6216386034937503.
