[I 2026-07-24 02:20:19,797] Trial 645 finished with value: 0.4321783869596192 and parameters: {'k1': 0.0026994150993334656, 'D_low': 11.327064009084259, 'k2': 0.03733663024929258, 'D_high': 1219916.2196340007, 'fire_exp': 3.2663018549019185, 'P_half': 2.745419151293587, 'pre_dampen_half': 18.642114103902696, 'gpp_af': 0.555257414535385, 'gpp_b': 0.0021730869172954448, 'gpp_d': 12.947485346694977, 'ign_k': 3.7814737479286458, 'ign_c': 1.4554973957030386, 'trop_agb_crit': 23.05949994714328, 'trop_k_veg': 0.5242611109903395, 'fuel_k': 2.129772178062161, 'fuel_half': 8.257583058080455}. Best is trial 0 with value: -0.6070628323553574.
[I 2026-07-24 02:20:20,209] Trial 646 finished with value: 0.43311780375822395 and parameters: {'k1': 0.013674559046181074, 'D_low': 291.5417013236841, 'k2': 2.0050312999556354e-05, 'D_high': 1586222.724466581, 'fire_exp': 1.7783794080660429, 'P_half': 3.2698643935323783, 'pre_dampen_half': 0.7818231049253275, 'gpp_af': 8.383635659931416, 'gpp_b': 0.00011135663700251337, 'gpp_d': 375.73819621249993, 'ign_k': 3.3908811902874922, 'ign_c': 4.359450550596711, 'trop_agb_crit': 1.2717617089538094, 'trop_k_veg': 1.8547967672988475, 'fuel_k': 2.4424292338478995, 'fuel_half': 0.5425653859074607}. Best is trial 0 with value: -0.6070628323553574.
[I 2026-07-24 02:20:20,619] Trial 647 finished with value: 0.5965340180316026 and parameters: {'k1': 0.022009007995375623, 'D_low': 5.7215640900115075, 'k2': 1.0126706023216015e-05, 'D_high': 896991.7114268516, 'fire_exp': 2.305404815846621, 'P_half': 315.23544691104644, 'pre_dampen_half': 0.4997230305688007, 'gpp_af': 0.17722216301408997, 'gpp_b': 0.580862444908277, 'gpp_d': 175.753074686613, 'ign_k': 1.704360561785434, 'ign_c': 0.5414761051475779, 'trop_agb_crit': 1.1577385460820295, 'trop_k_veg': 1.512360176833951, 'fuel_k': 0.12359359317068247, 'fuel_half': 0.5246456852034602}. Best is trial 0 with value: -0.6070628323553574.
[I 2026-07-24 02:20:21,037] Trial 648 finished with value: 0.5097253168740813 and parameters: {'k1': 9.891024159130729e-05, 'D_low': 28.88259361491341, 'k2': 0.003365470090413864, 'D_high': 49609.60507186752, 'fire_exp': 4.5831930248394395, 'P_half': 107.75187649115614, 'pre_dampen_half': 136.06389795445222, 'gpp_af': 0.5765044402686714, 'gpp_b': 0.00015644064230985213, 'gpp_d': 502.69540817552013, 'ign_k': 5.080679979605603, 'ign_c': 0.5705455254322194, 'trop_agb_crit': 13.525752076084512, 'trop_k_veg': 2.026382300609914, 'fuel_k': 0.2276086010741407, 'fuel_half': 0.21943905586250345}. Best is trial 0 with value: -0.6070628323553574.
[I 2026-07-24 02:20:21,451] Trial 649 finished with value: 0.5777693574206275 and parameters: {'k1': 0.04888998059048549, 'D_low': 1.6048578548480088, 'k2': 3.667355469250058e-05, 'D_high': 1788269.631369976, 'fire_exp': 1.1583963063048264, 'P_half': 1.7118856030769785, 'pre_dampen_half': 4.586359761722501, 'gpp_af': 0.4008350633245974, 'gpp_b': 0.04658420172723098, 'gpp_d': 91.88783190342915, 'ign_k': 0.06220049154110107, 'ign_c': 82.0215305849276, 'trop_agb_crit': 2.3547962517681897, 'trop_k_veg': 2.3031619369319394, 'fuel_k': 0.3217047582009455, 'fuel_half': 0.21596945043411406}. Best is trial 0 with value: -0.6070628323553574.
[I 2026-07-24 02:20:21,871] Trial 650 finished with value: 0.5524712568145207 and parameters: {'k1': 0.03868667234052208, 'D_low': 7.03040661601594, 'k2': 0.020910966132398068, 'D_high': 1914351.906961109, 'fire_exp': 5.284765321355273, 'P_half': 10.102911267756392, 'pre_dampen_half': 51.615859087089284, 'gpp_af': 0.5195148183111921, 'gpp_b': 0.0009335718107548036, 'gpp_d': 0.06627646342536363, 'ign_k': 1.8175627578546676, 'ign_c': 0.42655373598111795, 'trop_agb_crit': 7.29037961568863, 'trop_k_veg': 1.450554666056105, 'fuel_k': 0.5112878072304505, 'fuel_half': 2.513712797299977}. Best is trial 0 with value: -0.6070628323553574.
[I 2026-07-24 02:20:22,290] Trial 651 finished with value: -0.5275933412751124 and parameters: {'k1': 0.00022069105157796598, 'D_low': 2.8593698540022445, 'k2': 0.0010675800921920212, 'D_high': 59315.155882919535, 'fire_exp': 3.4085795403604884, 'P_half': 95.74200607099617, 'pre_dampen_half': 26.46974744775567, 'gpp_af': 2.5115815175151304, 'gpp_b': 0.007476810967054057, 'gpp_d': 79.92563100277512, 'ign_k': 0.6902707231813278, 'ign_c': 1.5098814555648883, 'trop_agb_crit': 9.687467456580709, 'trop_k_veg': 2.133516609577193, 'fuel_k': 0.04264954712412708, 'fuel_half': 0.790783883474701}. Best is trial 0 with value: -0.6070628323553574.
[I 2026-07-24 02:20:22,705] Trial 652 finished with value: 0.6058962291042744 and parameters: {'k1': 0.0019402753178669133, 'D_low': 79.75634152515256, 'k2': 0.036480644791674226, 'D_high': 1631891.4224176833, 'fire_exp': 8.878728061410968, 'P_half': 352.611230916961, 'pre_dampen_half': 28.28035778209853, 'gpp_af': 1.2022009652709587, 'gpp_b': 0.0006674644198574058, 'gpp_d': 0.9419630619773016, 'ign_k': 0.6985634981240778, 'ign_c': 5.7442015278151075, 'trop_agb_crit': 12.8106324655138, 'trop_k_veg': 0.7938815075018072, 'fuel_k': 1.2885424731477648, 'fuel_half': 2.130060599582356}. Best is trial 0 with value: -0.6070628323553574.
[I 2026-07-24 02:20:23,119] Trial 653 finished with value: 0.441707608079679 and parameters: {'k1': 0.028386707725885488, 'D_low': 44.72489500574839, 'k2': 1.7852364404064406e-05, 'D_high': 203418.1039118495, 'fire_exp': 1.0790346625941016, 'P_half': 9.668238033081462, 'pre_dampen_half': 5.143523852323373, 'gpp_af': 1.6329163977549621, 'gpp_b': 0.004393136740300801, 'gpp_d': 587.503227374318, 'ign_k': 0.40718016510862437, 'ign_c': 3.5077779785681664, 'trop_agb_crit': 9.865244183701416, 'trop_k_veg': 1.4908465254150272, 'fuel_k': 0.1200276734423823, 'fuel_half': 0.1241041725321668}. Best is trial 0 with value: -0.6070628323553574.
[I 2026-07-24 02:20:23,532] Trial 654 finished with value: 0.4322865990579313 and parameters: {'k1': 0.0020449504917391913, 'D_low': 3766.3467487706807, 'k2': 1.3952126602708844e-05, 'D_high': 3754924.3795238906, 'fire_exp': 1.0183805692770218, 'P_half': 7.704125331993852, 'pre_dampen_half': 0.11429535397478392, 'gpp_af': 0.46052890938732133, 'gpp_b': 0.014194541865087987, 'gpp_d': 6.04652259679259, 'ign_k': 0.007806937612137942, 'ign_c': 24.69545854062315, 'trop_agb_crit': 9.709570226093772, 'trop_k_veg': 2.0835095654021676, 'fuel_k': 4.944258255835616, 'fuel_half': 0.36364996287907636}. Best is trial 0 with value: -0.6070628323553574.
[I 2026-07-24 02:20:23,944] Trial 655 finished with value: 0.6227612566562497 and parameters: {'k1': 0.000696951493059804, 'D_low': 41926.8703108086, 'k2': 0.001551036827559314, 'D_high': 87995.90215929078, 'fire_exp': 8.638693953878983, 'P_half': 277.58816890955757, 'pre_dampen_half': 349.8854463960897, 'gpp_af': 2.2801059865306295, 'gpp_b': 0.00216692009414666, 'gpp_d': 40.971028223194295, 'ign_k': 5.907868508444853, 'ign_c': 0.10353343693571367, 'trop_agb_crit': 17.239937016488586, 'trop_k_veg': 3.0233930314277098, 'fuel_k': 0.1450597420993304, 'fuel_half': 0.45257012536354124}. Best is trial 0 with value: -0.6070628323553574.
[I 2026-07-24 02:20:24,358] Trial 656 finished with value: 0.5600279234090876 and parameters: {'k1': 7.158037695585652e-05, 'D_low': 14.263981966291093, 'k2': 0.00035639791309377723, 'D_high': 6264312.549875749, 'fire_exp': 4.630592284470054, 'P_half': 245.19326743712674, 'pre_dampen_half': 234.60780539159867, 'gpp_af': 0.013319365376325545, 'gpp_b': 6.568814003333585e-05, 'gpp_d': 5.36613826057985, 'ign_k': 0.09645661104745681, 'ign_c': 2.6119861896332512, 'trop_agb_crit': 20.64416928682641, 'trop_k_veg': 0.6067192727957966, 'fuel_k': 0.4329956617452686, 'fuel_half': 0.6738731569113083}. Best is trial 0 with value: -0.6070628323553574.
[I 2026-07-24 02:20:24,775] Trial 657 finished with value: 0.5751100267332859 and parameters: {'k1': 0.038600557105870084, 'D_low': 5.036054145779233, 'k2': 0.007601890069972714, 'D_high': 5137640.238902529, 'fire_exp': 4.447995403965273, 'P_half': 4.92360169285064, 'pre_dampen_half': 2.3228775949225167, 'gpp_af': 2.4171940583938336, 'gpp_b': 0.0018551842207520154, 'gpp_d': 9.832992234190643, 'ign_k': 0.12509055053848941, 'ign_c': 22.30039376973491, 'trop_agb_crit': 5.1628712487857165, 'trop_k_veg': 0.5200766636199834, 'fuel_k': 0.5376544833355764, 'fuel_half': 0.33821385392074405}. Best is trial 0 with value: -0.6070628323553574.
[I 2026-07-24 02:20:25,187] Trial 658 finished with value: 0.6445374145881376 and parameters: {'k1': 0.015934730602667903, 'D_low': 10.979836812820789, 'k2': 1.293093843560022e-05, 'D_high': 80789.58226314929, 'fire_exp': 1.678479413060477, 'P_half': 9.844431809313134, 'pre_dampen_half': 0.7778295816614145, 'gpp_af': 0.13165031168042252, 'gpp_b': 0.003935297973919076, 'gpp_d': 124.83822971454475, 'ign_k': 0.10132643610788093, 'ign_c': 287.1389119742685, 'trop_agb_crit': 3.657796354096784, 'trop_k_veg': 0.7342140156195107, 'fuel_k': 0.08767516910736929, 'fuel_half': 0.2323688077018649}. Best is trial 0 with value: -0.6070628323553574.
[I 2026-07-24 02:20:25,598] Trial 659 finished with value: 0.503953345128886 and parameters: {'k1': 2.397355759169828e-05, 'D_low': 30.342569184495364, 'k2': 0.008145973298829816, 'D_high': 3825667.097650015, 'fire_exp': 5.158269986765272, 'P_half': 35.980418320437806, 'pre_dampen_half': 72.72312432608845, 'gpp_af': 22.84028858724904, 'gpp_b': 0.00041202050970082617, 'gpp_d': 37.90682671786858, 'ign_k': 3.890341679182672, 'ign_c': 0.4246193971823038, 'trop_agb_crit': 13.326728037042585, 'trop_k_veg': 2.0161090127363956, 'fuel_k': 0.0754820144175646, 'fuel_half': 2.854712190686255}. Best is trial 0 with value: -0.6070628323553574.
[I 2026-07-24 02:20:26,010] Trial 660 finished with value: 0.6023641599366744 and parameters: {'k1': 0.04294883588689836, 'D_low': 19.80411879870949, 'k2': 2.3653187254665165e-05, 'D_high': 3978.0166495803696, 'fire_exp': 1.308481182737352, 'P_half': 5.373132995902599, 'pre_dampen_half': 5.181039676554223, 'gpp_af': 0.09113630492231324, 'gpp_b': 0.5116077255163132, 'gpp_d': 44.17415296806973, 'ign_k': 5.182680012959255, 'ign_c': 2.6943380649527118, 'trop_agb_crit': 1.6409409090625964, 'trop_k_veg': 0.6636249319321248, 'fuel_k': 1.0285945143563384, 'fuel_half': 0.5700235178922812}. Best is trial 0 with value: -0.6070628323553574.
[I 2026-07-24 02:20:26,425] Trial 661 finished with value: 0.5303643451695209 and parameters: {'k1': 0.009464135909902322, 'D_low': 24.212183600321048, 'k2': 0.000726386385434737, 'D_high': 724863.5091304658, 'fire_exp': 2.2186857332149907, 'P_half': 1.3503192635262409, 'pre_dampen_half': 1.1351529278231216, 'gpp_af': 3.546983510201626, 'gpp_b': 0.028135619544841974, 'gpp_d': 11.971554226707383, 'ign_k': 0.022604953723846678, 'ign_c': 1.804216129980754, 'trop_agb_crit': 23.749702802477636, 'trop_k_veg': 0.9058095017621314, 'fuel_k': 1.743835267701632, 'fuel_half': 0.9710315287955716}. Best is trial 0 with value: -0.6070628323553574.
[I 2026-07-24 02:20:26,835] Trial 662 finished with value: 0.5806519907407354 and parameters: {'k1': 0.003381666371075515, 'D_low': 469.9242079565707, 'k2': 0.0005300916962803798, 'D_high': 8405233.128083544, 'fire_exp': 1.1940419817889019, 'P_half': 2.598214930686521, 'pre_dampen_half': 0.01812147226866393, 'gpp_af': 0.17321665043778917, 'gpp_b': 0.024094852387864338, 'gpp_d': 7.587338979949864, 'ign_k': 0.011341469072211691, 'ign_c': 171.48200989443666, 'trop_agb_crit': 1.8179870345359792, 'trop_k_veg': 2.5886286875051603, 'fuel_k': 0.27511965802515737, 'fuel_half': 0.13625758194421958}. Best is trial 0 with value: -0.6070628323553574.
[I 2026-07-24 02:20:27,249] Trial 663 finished with value: 0.5727872181717828 and parameters: {'k1': 0.0003718791717430227, 'D_low': 6.633177765228417, 'k2': 0.000865856602171136, 'D_high': 2953576.8186652837, 'fire_exp': 9.509795516830398, 'P_half': 95.45560952213312, 'pre_dampen_half': 1.4577604931444352, 'gpp_af': 0.41167897136587706, 'gpp_b': 0.00012887282561481348, 'gpp_d': 273.0408740600646, 'ign_k': 0.2885923418696915, 'ign_c': 15.93358170580202, 'trop_agb_crit': 18.965474830822437, 'trop_k_veg': 1.7867046805385156, 'fuel_k': 0.18861165147292797, 'fuel_half': 0.7598369566387314}. Best is trial 0 with value: -0.6070628323553574.
[I 2026-07-24 02:20:27,662] Trial 664 finished with value: 0.6028423797872802 and parameters: {'k1': 0.020062983569621252, 'D_low': 1798.5119303204356, 'k2': 0.0031976264396571035, 'D_high': 59374.86821175965, 'fire_exp': 5.0070167296297745, 'P_half': 408.9820862287118, 'pre_dampen_half': 52.00310935864074, 'gpp_af': 0.25391457925401006, 'gpp_b': 0.0002639323427058348, 'gpp_d': 0.2831589013562049, 'ign_k': 2.5186149803870053, 'ign_c': 4.318850713540126, 'trop_agb_crit': 17.07485401719438, 'trop_k_veg': 0.7000200422690895, 'fuel_k': 0.1487730934953062, 'fuel_half': 2.941659158789598}. Best is trial 0 with value: -0.6070628323553574.
[I 2026-07-24 02:20:28,074] Trial 665 finished with value: -0.5280800293002315 and parameters: {'k1': 0.0026761871434735846, 'D_low': 1.668749624226915, 'k2': 0.0017651047275129453, 'D_high': 105075.60997841715, 'fire_exp': 5.938413574325218, 'P_half': 9.868528943533093, 'pre_dampen_half': 76.62021087494264, 'gpp_af': 0.049357239373390135, 'gpp_b': 1.1630803395329923e-05, 'gpp_d': 875.5299897765258, 'ign_k': 0.0719059577412826, 'ign_c': 1.0915761928917127, 'trop_agb_crit': 25.86764184646392, 'trop_k_veg': 2.8424031741529703, 'fuel_k': 0.32022458895901745, 'fuel_half': 2.010777295773078}. Best is trial 0 with value: -0.6070628323553574.
[I 2026-07-24 02:20:28,491] Trial 666 finished with value: 0.5171986867730118 and parameters: {'k1': 0.06562148826684841, 'D_low': 68.08238680832623, 'k2': 2.914133167996977e-05, 'D_high': 1228093.7734875984, 'fire_exp': 1.4616813840069989, 'P_half': 3.7460254592686137, 'pre_dampen_half': 0.04801540634923849, 'gpp_af': 0.021332927712483553, 'gpp_b': 0.00010020393085789898, 'gpp_d': 249.686137825428, 'ign_k': 0.0030399541221826196, 'ign_c': 0.21292647162721026, 'trop_agb_crit': 1.5062275602459148, 'trop_k_veg': 4.202897802476321, 'fuel_k': 2.187872873643894, 'fuel_half': 0.11904477346255979}. Best is trial 0 with value: -0.6070628323553574.
[I 2026-07-24 02:20:28,906] Trial 667 finished with value: 0.4962642497003157 and parameters: {'k1': 0.000371697686750911, 'D_low': 203.31426104506994, 'k2': 0.00398926939195549, 'D_high': 555476.2629214254, 'fire_exp': 6.07313277524575, 'P_half': 72.33419981155885, 'pre_dampen_half': 35.98229351858779, 'gpp_af': 84.69174274769568, 'gpp_b': 0.001748647918885798, 'gpp_d': 200.55364917595574, 'ign_k': 4.485377012302858, 'ign_c': 0.5251459396109552, 'trop_agb_crit': 6.440200357956461, 'trop_k_veg': 2.1265553872807224, 'fuel_k': 0.03246358455022754, 'fuel_half': 0.15714219427825998}. Best is trial 0 with value: -0.6070628323553574.
[I 2026-07-24 02:20:29,318] Trial 668 finished with value: 0.4570431658093985 and parameters: {'k1': 0.02101780288637457, 'D_low': 445.31725048446623, 'k2': 0.0019640685893070374, 'D_high': 37147.10517315262, 'fire_exp': 3.5856851186118983, 'P_half': 9.103934100485699, 'pre_dampen_half': 23.20435140883914, 'gpp_af': 1.1212559691828696, 'gpp_b': 0.0021936550637875808, 'gpp_d': 8.251452283173434, 'ign_k': 2.958345105189134, 'ign_c': 0.12132770175779692, 'trop_agb_crit': 22.210672660798796, 'trop_k_veg': 0.906015322399529, 'fuel_k': 1.491475340745708, 'fuel_half': 1.0210513036526812}. Best is trial 0 with value: -0.6070628323553574.
[I 2026-07-24 02:20:29,734] Trial 669 finished with value: -0.5275861365462814 and parameters: {'k1': 0.04650738229313719, 'D_low': 1.3478740184160327, 'k2': 1.4653157068098547e-05, 'D_high': 1209641.2612750065, 'fire_exp': 1.0213427404900863, 'P_half': 1.0372851465648445, 'pre_dampen_half': 0.41435200526726246, 'gpp_af': 0.04190933771422676, 'gpp_b': 0.0011662800990903414, 'gpp_d': 133.05764810397508, 'ign_k': 0.04966735256875012, 'ign_c': 7.523516609769745, 'trop_agb_crit': 1.4862042427124287, 'trop_k_veg': 0.5722611574278236, 'fuel_k': 0.36224412361317204, 'fuel_half': 0.14073430604878712}. Best is trial 0 with value: -0.6070628323553574.
[I 2026-07-24 02:20:30,147] Trial 670 finished with value: -0.5322405500302185 and parameters: {'k1': 0.001640023865421364, 'D_low': 4797.089610523247, 'k2': 0.0006132696858775892, 'D_high': 1440837.9248048193, 'fire_exp': 1.612624087103966, 'P_half': 1.1398437739364984, 'pre_dampen_half': 0.32373395422478474, 'gpp_af': 3.4522031056273788, 'gpp_b': 1.6559048528777183e-05, 'gpp_d': 1.7031999699243046, 'ign_k': 1.8333585912996606, 'ign_c': 6.80148603756874, 'trop_agb_crit': 3.7334205731238406, 'trop_k_veg': 2.90588878920833, 'fuel_k': 2.8178581986495144, 'fuel_half': 0.4774410075852027}. Best is trial 0 with value: -0.6070628323553574.
[I 2026-07-24 02:20:30,557] Trial 671 finished with value: 0.5884261868950923 and parameters: {'k1': 0.01957732508013942, 'D_low': 2.1170941747229293, 'k2': 2.0141461477237387e-05, 'D_high': 62705.4585815952, 'fire_exp': 6.78788633821582, 'P_half': 34.76825366907681, 'pre_dampen_half': 0.35095380773270324, 'gpp_af': 0.028472608208125597, 'gpp_b': 4.308287563557692e-05, 'gpp_d': 128.9445576849993, 'ign_k': 0.19298203681717888, 'ign_c': 0.4315467346857677, 'trop_agb_crit': 10.046077582925651, 'trop_k_veg': 3.722598343604815, 'fuel_k': 0.1298446666198075, 'fuel_half': 1.984002881730232}. Best is trial 0 with value: -0.6070628323553574.
[I 2026-07-24 02:20:30,970] Trial 672 finished with value: 0.45516639450209717 and parameters: {'k1': 6.585444234684836e-05, 'D_low': 4798.582168651217, 'k2': 0.00010000645786258796, 'D_high': 923232.7919150442, 'fire_exp': 3.7309594525948246, 'P_half': 104.02161377347973, 'pre_dampen_half': 28.286163101499838, 'gpp_af': 19.329857773035606, 'gpp_b': 0.00013726647885039899, 'gpp_d': 286.7371068150228, 'ign_k': 0.2228376065591296, 'ign_c': 0.20235903805088365, 'trop_agb_crit': 8.011217423406093, 'trop_k_veg': 1.606954954084286, 'fuel_k': 0.18291495439537145, 'fuel_half': 0.6071187284311402}. Best is trial 0 with value: -0.6070628323553574.
[I 2026-07-24 02:20:31,384] Trial 673 finished with value: -0.5766508274229469 and parameters: {'k1': 0.0003025503593421095, 'D_low': 174.79756854364402, 'k2': 0.006272819033293235, 'D_high': 4050240.3080106145, 'fire_exp': 2.3341683573496983, 'P_half': 1.1164629800425951, 'pre_dampen_half': 1.2009807626145488, 'gpp_af': 38.779177925561136, 'gpp_b': 0.015492268714079376, 'gpp_d': 217.54921354721057, 'ign_k': 0.6978111958789989, 'ign_c': 3.1839248185718514, 'trop_agb_crit': 4.83809568466704, 'trop_k_veg': 2.2548860737794447, 'fuel_k': 1.1239438555286483, 'fuel_half': 1.0499339706189934}. Best is trial 0 with value: -0.6070628323553574.
[I 2026-07-24 02:20:31,807] Trial 674 finished with value: 0.5472592053291966 and parameters: {'k1': 0.0003646663560528973, 'D_low': 1895.721119904069, 'k2': 0.09251422565807811, 'D_high': 1539834.6436615423, 'fire_exp': 6.508855412384448, 'P_half': 82.41588460713155, 'pre_dampen_half': 0.8748515286777009, 'gpp_af': 0.16222706779258117, 'gpp_b': 0.0001025651281533896, 'gpp_d': 3.4351876362802165, 'ign_k': 5.486130049966493, 'ign_c': 0.13710611097748368, 'trop_agb_crit': 26.831391577081718, 'trop_k_veg': 0.6255515382594194, 'fuel_k': 0.5423102139982341, 'fuel_half': 0.45387542046672674}. Best is trial 0 with value: -0.6070628323553574.
[I 2026-07-24 02:20:32,223] Trial 675 finished with value: 0.44294863540829954 and parameters: {'k1': 0.00036246575768079573, 'D_low': 160.1406661206905, 'k2': 0.0007343414279598387, 'D_high': 2901364.734953448, 'fire_exp': 3.7139343172154438, 'P_half': 19.30531807989722, 'pre_dampen_half': 38.10216514781663, 'gpp_af': 0.6222131128582382, 'gpp_b': 0.02754327341132334, 'gpp_d': 182.77512540090584, 'ign_k': 0.37984146678079195, 'ign_c': 0.4111507597123817, 'trop_agb_crit': 11.248437632347702, 'trop_k_veg': 0.8587155903895024, 'fuel_k': 1.0455861054389037, 'fuel_half': 0.10904976257896573}. Best is trial 0 with value: -0.6070628323553574.
[I 2026-07-24 02:20:32,640] Trial 676 finished with value: 0.5615027146631091 and parameters: {'k1': 0.027460998856287056, 'D_low': 73.499865816989, 'k2': 0.006631678565826104, 'D_high': 560631.7754324161, 'fire_exp': 2.96248012872466, 'P_half': 787.7795952827693, 'pre_dampen_half': 1.8783626875368697, 'gpp_af': 1.11722946931376, 'gpp_b': 5.4453220488302775e-05, 'gpp_d': 5.391988352751877, 'ign_k': 6.761337929738753, 'ign_c': 1.3897012407343932, 'trop_agb_crit': 22.88371842137196, 'trop_k_veg': 0.5034809522295209, 'fuel_k': 0.849448222261721, 'fuel_half': 0.6640205980375302}. Best is trial 0 with value: -0.6070628323553574.
[I 2026-07-24 02:20:33,053] Trial 677 finished with value: -0.5572084978453948 and parameters: {'k1': 0.0001185830660698861, 'D_low': 44.63526731208983, 'k2': 0.027053702771991192, 'D_high': 9110220.031167153, 'fire_exp': 2.095045946586199, 'P_half': 1.66451913605476, 'pre_dampen_half': 1.4679207954333904, 'gpp_af': 41.17725910350188, 'gpp_b': 0.017905834079071942, 'gpp_d': 104.47120863900524, 'ign_k': 0.20250616080350348, 'ign_c': 1.085336707004185, 'trop_agb_crit': 9.747128729495735, 'trop_k_veg': 2.3947482540100835, 'fuel_k': 0.11630623552610768, 'fuel_half': 0.7586687699153166}. Best is trial 0 with value: -0.6070628323553574.
[I 2026-07-24 02:20:33,470] Trial 678 finished with value: 0.41904730595206374 and parameters: {'k1': 0.0006145754936574849, 'D_low': 95.47001745401006, 'k2': 0.0025670256467613794, 'D_high': 2449721.7977385074, 'fire_exp': 1.0215625809973392, 'P_half': 4.524481941056016, 'pre_dampen_half': 3.8651579931387925, 'gpp_af': 71.72296108538299, 'gpp_b': 0.022341056198133702, 'gpp_d': 184.85263978429325, 'ign_k': 2.1002350477484457, 'ign_c': 19.28364941326642, 'trop_agb_crit': 2.842339659861382, 'trop_k_veg': 2.3182611398320043, 'fuel_k': 0.2873712033714582, 'fuel_half': 0.16168729381929028}. Best is trial 0 with value: -0.6070628323553574.
