[I 2026-07-25 00:36:51,244] Trial 968 finished with value: 0.6059171007627411 and parameters: {'k1': 0.003206433584688752, 'D_low': 214.75983488775267, 'k2': 0.039987718332832656, 'D_high': 1047848.6580295666, 'fire_exp': 1.7517296120230832, 'P_half': 1271.4543773392197, 'pre_dampen_half': 112.6853270088387, 'gpp_af': 0.008090087344308557, 'gpp_b': 1.126173344047513e-05, 'gpp_d': 320.90818525866507, 'ign_k': 0.017968885610269516, 'ign_c': 496.41391995971475, 'trop_agb_crit': 8.918356298573611, 'trop_k_veg': 1.0960724212644308, 'gdp_gamma': 0.14512912880814008, 'cure_k': 0.0015472068197179105, 'cure_p_min': 146.97567941468708, 'cure_gpp_ref': 0.1440427435484467, 'cure_agb_crit': 1.3750914337146578, 'fuel_k': 0.8555276601763612, 'fuel_half': 62.09981973799601}. Best is trial 577 with value: -0.629883323094065.
[I 2026-07-25 00:36:51,705] Trial 969 finished with value: 0.5176146832646 and parameters: {'k1': 0.09876377160121948, 'D_low': 13203.461196987588, 'k2': 0.04469837246273433, 'D_high': 654964.7597837049, 'fire_exp': 3.278733622676109, 'P_half': 132.4058107417122, 'pre_dampen_half': 198.79381069825573, 'gpp_af': 0.0010173755537447623, 'gpp_b': 0.00013604070436433629, 'gpp_d': 557.5479896859549, 'ign_k': 0.017235898807170035, 'ign_c': 0.8276737969859229, 'trop_agb_crit': 15.999093562481077, 'trop_k_veg': 0.9271968746795827, 'gdp_gamma': 0.7551551415591785, 'cure_k': 0.0014194451610987883, 'cure_p_min': 228.9971888272412, 'cure_gpp_ref': 1.103477497530773, 'cure_agb_crit': 1.9808543066097537, 'fuel_k': 0.3525765334046248, 'fuel_half': 19.950229005004083}. Best is trial 577 with value: -0.629883323094065.
[I 2026-07-25 00:36:52,169] Trial 970 finished with value: 0.5745697689153675 and parameters: {'k1': 0.00012026127168480336, 'D_low': 44.40859080673921, 'k2': 0.0001737256512187422, 'D_high': 8557673.333035823, 'fire_exp': 1.6424676675045438, 'P_half': 217.0278820726207, 'pre_dampen_half': 17.629487589569944, 'gpp_af': 1.0282563356777792, 'gpp_b': 0.005709107585031907, 'gpp_d': 390.6713863970692, 'ign_k': 0.32838824738394784, 'ign_c': 2.979847712105628, 'trop_agb_crit': 20.093619120721375, 'trop_k_veg': 0.5878351277662587, 'gdp_gamma': 1.3686659234527698, 'cure_k': 0.004249500104298573, 'cure_p_min': 89.65447086036708, 'cure_gpp_ref': 0.05249246621454996, 'cure_agb_crit': 1.5534878472042755, 'fuel_k': 0.5769486663574582, 'fuel_half': 38.070175582585044}. Best is trial 577 with value: -0.629883323094065.
[I 2026-07-25 00:36:52,628] Trial 971 finished with value: 0.575657486462087 and parameters: {'k1': 0.003338336349296385, 'D_low': 9.579599279353095, 'k2': 0.00020235819574197322, 'D_high': 1788213.3112390083, 'fire_exp': 1.5115658300215913, 'P_half': 1472.3170170599, 'pre_dampen_half': 0.02534204511118711, 'gpp_af': 1.6815275589577892, 'gpp_b': 0.27744569392358315, 'gpp_d': 5.9389311463029815, 'ign_k': 0.17812481445097555, 'ign_c': 15.326945004650113, 'trop_agb_crit': 28.90113760373648, 'trop_k_veg': 0.7934546501381753, 'gdp_gamma': 0.20115621465359818, 'cure_k': 0.0015076691234017154, 'cure_p_min': 286.4301028323238, 'cure_gpp_ref': 0.6939887812516938, 'cure_agb_crit': 2.562466997779052, 'fuel_k': 0.06423445359786657, 'fuel_half': 0.20582975686674154}. Best is trial 577 with value: -0.629883323094065.
[I 2026-07-25 00:36:53,089] Trial 972 finished with value: 0.5035493492485167 and parameters: {'k1': 0.0011240899573599548, 'D_low': 706.389176228713, 'k2': 0.004212849301496653, 'D_high': 489244.06216598634, 'fire_exp': 1.5793983407841183, 'P_half': 154.62252960822423, 'pre_dampen_half': 0.7357245517960384, 'gpp_af': 0.007519279189559398, 'gpp_b': 0.004224277239166993, 'gpp_d': 231.61285548942038, 'ign_k': 0.001469806863121316, 'ign_c': 1.5904512380986773, 'trop_agb_crit': 22.893942845736465, 'trop_k_veg': 0.6148103723195435, 'gdp_gamma': 1.036965385745654, 'cure_k': 0.00513001393602706, 'cure_p_min': 97.04164794174021, 'cure_gpp_ref': 0.056199483202821025, 'cure_agb_crit': 1.0732761998308649, 'fuel_k': 0.7270464077798616, 'fuel_half': 42.36602036452747}. Best is trial 577 with value: -0.629883323094065.
[I 2026-07-25 00:36:53,550] Trial 973 finished with value: 0.5874440763960668 and parameters: {'k1': 0.009102396629331762, 'D_low': 12.006383924479092, 'k2': 0.001767540379080811, 'D_high': 6436109.444969464, 'fire_exp': 2.3471627991670876, 'P_half': 3594.201530313185, 'pre_dampen_half': 281.84863625440323, 'gpp_af': 0.025781797913247046, 'gpp_b': 0.0017936802045245485, 'gpp_d': 74.43057959359915, 'ign_k': 0.002133121173512176, 'ign_c': 59.22238512120428, 'trop_agb_crit': 24.660574990661893, 'trop_k_veg': 3.202271633736077, 'gdp_gamma': 0.4154752639796953, 'cure_k': 0.007718525616269601, 'cure_p_min': 145.30170571028486, 'cure_gpp_ref': 0.5678500214181373, 'cure_agb_crit': 1.1139554220974086, 'fuel_k': 0.05775989507809086, 'fuel_half': 21.594343862162358}. Best is trial 577 with value: -0.629883323094065.
[I 2026-07-25 00:36:54,011] Trial 974 finished with value: 0.4885497178868249 and parameters: {'k1': 0.0011703933965886966, 'D_low': 123.51989086829344, 'k2': 0.013999879443683546, 'D_high': 6548895.241626581, 'fire_exp': 3.4530270466944932, 'P_half': 66.85802349817342, 'pre_dampen_half': 0.5999557718059189, 'gpp_af': 0.5238647043970391, 'gpp_b': 0.001645617369523253, 'gpp_d': 666.1306194677829, 'ign_k': 0.014827651643945157, 'ign_c': 111.5575499129064, 'trop_agb_crit': 16.774520560096292, 'trop_k_veg': 0.5698735896905822, 'gdp_gamma': 1.0789730408673455, 'cure_k': 0.07679975548862225, 'cure_p_min': 218.2793348899079, 'cure_gpp_ref': 0.07030126576186645, 'cure_agb_crit': 1.1041950153157596, 'fuel_k': 0.13830705647509697, 'fuel_half': 1.1814087818017254}. Best is trial 577 with value: -0.629883323094065.
[I 2026-07-25 00:36:54,486] Trial 975 finished with value: 0.4597029973063228 and parameters: {'k1': 0.018784213896800777, 'D_low': 5252.234751377994, 'k2': 0.04549935442392447, 'D_high': 1126476.0093588177, 'fire_exp': 1.6845368169961097, 'P_half': 63.83379590790075, 'pre_dampen_half': 3.145501135936915, 'gpp_af': 0.10506378503318395, 'gpp_b': 5.7836103189270415e-05, 'gpp_d': 216.40008245488272, 'ign_k': 0.0033070474711151382, 'ign_c': 4.439747256886256, 'trop_agb_crit': 14.888364151536011, 'trop_k_veg': 0.8233891407623097, 'gdp_gamma': 0.3163633671280205, 'cure_k': 0.004433880378785194, 'cure_p_min': 213.93837795800937, 'cure_gpp_ref': 0.31890197505472434, 'cure_agb_crit': 3.4244610694931774, 'fuel_k': 0.9095438603256691, 'fuel_half': 25.437288425418956}. Best is trial 577 with value: -0.629883323094065.
[I 2026-07-25 00:36:54,950] Trial 976 finished with value: 0.5394326575561148 and parameters: {'k1': 4.1007153438895117e-05, 'D_low': 31.393923458575514, 'k2': 0.0008586688859258652, 'D_high': 2797570.0442230385, 'fire_exp': 1.277080046751863, 'P_half': 311.214356732638, 'pre_dampen_half': 0.36458884400557906, 'gpp_af': 4.213701228930378, 'gpp_b': 0.031391917912062244, 'gpp_d': 438.26905995888956, 'ign_k': 0.0028885101523762574, 'ign_c': 17.07930158198179, 'trop_agb_crit': 27.57457142298788, 'trop_k_veg': 0.8204255687462628, 'gdp_gamma': 0.24548871932430721, 'cure_k': 0.0068321746235605295, 'cure_p_min': 126.8576842218258, 'cure_gpp_ref': 0.06044955875626108, 'cure_agb_crit': 2.429088205135725, 'fuel_k': 1.5716476200952934, 'fuel_half': 75.17105649502307}. Best is trial 577 with value: -0.629883323094065.
[I 2026-07-25 00:36:55,428] Trial 977 finished with value: 0.6021208366350239 and parameters: {'k1': 0.00024205692639961632, 'D_low': 20926.416097828893, 'k2': 0.003181107234077489, 'D_high': 3508737.984842953, 'fire_exp': 3.5873015130530503, 'P_half': 1152.6359832142048, 'pre_dampen_half': 173.50702517187722, 'gpp_af': 0.0355296789679288, 'gpp_b': 2.207445641309166e-05, 'gpp_d': 3.8014345149297273, 'ign_k': 0.00572589204393665, 'ign_c': 17.85556319617604, 'trop_agb_crit': 25.370624466898214, 'trop_k_veg': 1.1625483515215669, 'gdp_gamma': 0.7259723075340022, 'cure_k': 0.006765200645365708, 'cure_p_min': 83.2580114705847, 'cure_gpp_ref': 0.07565280097968748, 'cure_agb_crit': 3.53457886916459, 'fuel_k': 0.11223335125432152, 'fuel_half': 25.91217804325309}. Best is trial 577 with value: -0.629883323094065.
[I 2026-07-25 00:36:55,925] Trial 978 finished with value: 0.6114173722154695 and parameters: {'k1': 0.009825448246978986, 'D_low': 273.3159369081747, 'k2': 0.0018336586559219864, 'D_high': 343753.5449251668, 'fire_exp': 1.755094968525274, 'P_half': 63.261343056140014, 'pre_dampen_half': 9.417736496540488, 'gpp_af': 0.0010815109201417464, 'gpp_b': 0.0041781534332602935, 'gpp_d': 44.88427384723124, 'ign_k': 0.07706098952592758, 'ign_c': 157.7182155929008, 'trop_agb_crit': 25.71929168973052, 'trop_k_veg': 0.5184854304652802, 'gdp_gamma': 1.1150313319014442, 'cure_k': 0.003749309067647647, 'cure_p_min': 167.02507682049918, 'cure_gpp_ref': 0.05135735721725708, 'cure_agb_crit': 2.2067243849504794, 'fuel_k': 0.012841007017790023, 'fuel_half': 14.564860004400549}. Best is trial 577 with value: -0.629883323094065.
[I 2026-07-25 00:36:56,472] Trial 979 finished with value: 0.6057991330947842 and parameters: {'k1': 0.003542867253264948, 'D_low': 8079.959879573999, 'k2': 1.9883195048908603e-05, 'D_high': 106184.67558087518, 'fire_exp': 1.7700012086526682, 'P_half': 184.38316733522123, 'pre_dampen_half': 0.5266045797782314, 'gpp_af': 5.77480903801416, 'gpp_b': 0.14314370919337271, 'gpp_d': 557.7325045232095, 'ign_k': 0.3768402333153996, 'ign_c': 78.61918353547695, 'trop_agb_crit': 14.819493052340258, 'trop_k_veg': 2.323446634952632, 'gdp_gamma': 0.3241072104951423, 'cure_k': 0.0010572761233887651, 'cure_p_min': 326.5058392324771, 'cure_gpp_ref': 0.36478655930843096, 'cure_agb_crit': 4.417263234952961, 'fuel_k': 0.4670129611893455, 'fuel_half': 1.2863086176934222}. Best is trial 577 with value: -0.629883323094065.
[I 2026-07-25 00:36:56,928] Trial 980 finished with value: 0.5668601630567035 and parameters: {'k1': 0.0059813232463498366, 'D_low': 1.1098558823849127, 'k2': 0.004826549838256473, 'D_high': 1317282.4856893749, 'fire_exp': 1.2054236666245224, 'P_half': 229.55919920903705, 'pre_dampen_half': 2.5408367418964217, 'gpp_af': 0.0012115339252267866, 'gpp_b': 0.003972271022540618, 'gpp_d': 769.8261934263303, 'ign_k': 0.00822040536709059, 'ign_c': 84.21763773348822, 'trop_agb_crit': 8.611787104251267, 'trop_k_veg': 0.7176430424589415, 'gdp_gamma': 0.8314950924408254, 'cure_k': 0.004079402042127293, 'cure_p_min': 249.35654742625485, 'cure_gpp_ref': 0.05128502823311183, 'cure_agb_crit': 4.722441857003721, 'fuel_k': 0.02122071361210808, 'fuel_half': 62.63875839839705}. Best is trial 577 with value: -0.629883323094065.
[I 2026-07-25 00:36:57,386] Trial 981 finished with value: 0.4444529985064791 and parameters: {'k1': 1.1254348134997509e-05, 'D_low': 52.955963626369595, 'k2': 0.014022104263916308, 'D_high': 1277366.7988992813, 'fire_exp': 1.420553094637901, 'P_half': 13.863142574390656, 'pre_dampen_half': 11.87972037305997, 'gpp_af': 64.2055138023814, 'gpp_b': 0.0005010147092384318, 'gpp_d': 142.18414189484307, 'ign_k': 0.0502697678301301, 'ign_c': 2.260752866288319, 'trop_agb_crit': 29.927238523825704, 'trop_k_veg': 3.482161073368919, 'gdp_gamma': 0.06793466018400486, 'cure_k': 0.0052645512300522074, 'cure_p_min': 341.72341265585226, 'cure_gpp_ref': 1.3128427426656566, 'cure_agb_crit': 2.510235693226317, 'fuel_k': 0.17678981535263866, 'fuel_half': 0.23627302402062972}. Best is trial 577 with value: -0.629883323094065.
[I 2026-07-25 00:36:57,846] Trial 982 finished with value: 0.41530187556539033 and parameters: {'k1': 0.008341186641002854, 'D_low': 9.325977343733642, 'k2': 0.0009357611386740133, 'D_high': 7621881.212613658, 'fire_exp': 1.0002052679971742, 'P_half': 3.58271125776951, 'pre_dampen_half': 9.680367233788601, 'gpp_af': 0.38771093812499224, 'gpp_b': 0.008291551455755214, 'gpp_d': 27.353550714602623, 'ign_k': 0.003686413952083228, 'ign_c': 17.988429733639226, 'trop_agb_crit': 15.139405458179082, 'trop_k_veg': 0.7281567428046604, 'gdp_gamma': 0.14929781314620538, 'cure_k': 0.33975265724507675, 'cure_p_min': 197.01227373024352, 'cure_gpp_ref': 0.053316534974679315, 'cure_agb_crit': 2.520420701439539, 'fuel_k': 0.07841514784547328, 'fuel_half': 0.49727917024447443}. Best is trial 577 with value: -0.629883323094065.
[I 2026-07-25 00:36:58,304] Trial 983 finished with value: 0.39761208340425735 and parameters: {'k1': 1.8361954976447322e-05, 'D_low': 95.40309276673263, 'k2': 0.00010231202606852067, 'D_high': 1153133.7139163543, 'fire_exp': 1.0372151724470995, 'P_half': 1.2866670069873878, 'pre_dampen_half': 2.0910425937709283, 'gpp_af': 0.007688726894640405, 'gpp_b': 0.014808298198941567, 'gpp_d': 4.867827696306651, 'ign_k': 0.16980254905655986, 'ign_c': 1.978429640532693, 'trop_agb_crit': 1.8826316128399443, 'trop_k_veg': 2.9277734131018125, 'gdp_gamma': 1.9365068736336002, 'cure_k': 0.10597700747168502, 'cure_p_min': 262.76004201363486, 'cure_gpp_ref': 0.05295927257492669, 'cure_agb_crit': 1.0638941830766429, 'fuel_k': 0.01991965191054366, 'fuel_half': 27.184718746821744}. Best is trial 577 with value: -0.629883323094065.
[I 2026-07-25 00:36:58,768] Trial 984 finished with value: 0.5859871116690817 and parameters: {'k1': 0.00014068755739022427, 'D_low': 9976.421936961013, 'k2': 0.0053922369445647406, 'D_high': 268095.14682904305, 'fire_exp': 3.612235898922776, 'P_half': 2101.3529795349295, 'pre_dampen_half': 0.9252039567422062, 'gpp_af': 0.04503928025634961, 'gpp_b': 1.155310393402013e-05, 'gpp_d': 91.89953962096034, 'ign_k': 0.004819877369315169, 'ign_c': 11.939410426307287, 'trop_agb_crit': 21.68126138930445, 'trop_k_veg': 0.6094571657658031, 'gdp_gamma': 0.6237726058155532, 'cure_k': 0.013855648122821805, 'cure_p_min': 110.93183131833118, 'cure_gpp_ref': 0.1875312530338989, 'cure_agb_crit': 2.3306740848140293, 'fuel_k': 0.04825593253032142, 'fuel_half': 27.312611309108014}. Best is trial 577 with value: -0.629883323094065.
[I 2026-07-25 00:36:59,228] Trial 985 finished with value: 0.581921975794157 and parameters: {'k1': 0.005221352249723528, 'D_low': 77.23223027912363, 'k2': 0.0004968267500762924, 'D_high': 6635372.01132521, 'fire_exp': 3.080995534560251, 'P_half': 300.75759347858065, 'pre_dampen_half': 78.5688437100693, 'gpp_af': 0.013349794588685135, 'gpp_b': 0.00036274099833259266, 'gpp_d': 630.8682747560131, 'ign_k': 0.0026792574650210377, 'ign_c': 230.3232984225047, 'trop_agb_crit': 24.750306309085012, 'trop_k_veg': 0.881833870039521, 'gdp_gamma': 0.1691784172571081, 'cure_k': 0.0024536624600743034, 'cure_p_min': 135.86486964242573, 'cure_gpp_ref': 0.15587460287521251, 'cure_agb_crit': 1.9826618585665605, 'fuel_k': 0.12352189478563284, 'fuel_half': 55.404067458624006}. Best is trial 577 with value: -0.629883323094065.
[I 2026-07-25 00:36:59,684] Trial 986 finished with value: 0.476595600898869 and parameters: {'k1': 2.6908556580463305e-05, 'D_low': 7958.655503098123, 'k2': 0.0006544002196928639, 'D_high': 406423.3831714705, 'fire_exp': 1.0831167274479878, 'P_half': 28.81830233902256, 'pre_dampen_half': 0.3085588306129408, 'gpp_af': 1.230279461720714, 'gpp_b': 0.08502036423548866, 'gpp_d': 9.121430620779103, 'ign_k': 0.024888518276665134, 'ign_c': 65.46986996660216, 'trop_agb_crit': 21.911817361728993, 'trop_k_veg': 1.0837453675474646, 'gdp_gamma': 1.1068740400375694, 'cure_k': 0.019511516858083555, 'cure_p_min': 119.15806042340009, 'cure_gpp_ref': 0.08720156708397461, 'cure_agb_crit': 1.1132928090741177, 'fuel_k': 0.3783911645907604, 'fuel_half': 95.38060775199811}. Best is trial 577 with value: -0.629883323094065.
[I 2026-07-25 00:37:00,143] Trial 987 finished with value: 0.5863423061524768 and parameters: {'k1': 2.7738718807495667e-05, 'D_low': 66003.94443597246, 'k2': 0.002297667623185067, 'D_high': 678880.5389548754, 'fire_exp': 2.5755213390754697, 'P_half': 7092.828266632549, 'pre_dampen_half': 1.158933346267393, 'gpp_af': 1.6861998642587195, 'gpp_b': 0.000511703224634961, 'gpp_d': 2.2432581327317176, 'ign_k': 0.004663177005133542, 'ign_c': 48.706965925387834, 'trop_agb_crit': 27.073074329729078, 'trop_k_veg': 0.691142047168495, 'gdp_gamma': 1.7877551937095195, 'cure_k': 0.004173638274070671, 'cure_p_min': 100.79764487421674, 'cure_gpp_ref': 0.07333469788131239, 'cure_agb_crit': 1.7292408821020135, 'fuel_k': 0.3274899329075061, 'fuel_half': 99.85664747588012}. Best is trial 577 with value: -0.629883323094065.
[I 2026-07-25 00:37:00,610] Trial 988 finished with value: 0.5977165170396758 and parameters: {'k1': 0.00023435924493652135, 'D_low': 787.5059691269018, 'k2': 0.04529320407750819, 'D_high': 8876.521507763424, 'fire_exp': 3.2844738938575424, 'P_half': 857.3058634570202, 'pre_dampen_half': 235.678154003837, 'gpp_af': 0.0079058765086869, 'gpp_b': 2.6845817549452583e-05, 'gpp_d': 128.8760558472841, 'ign_k': 0.00435287099784916, 'ign_c': 163.6770800469224, 'trop_agb_crit': 5.125288412397458, 'trop_k_veg': 0.5925780873806499, 'gdp_gamma': 0.8954646434710166, 'cure_k': 0.0072133359296897934, 'cure_p_min': 110.58961564880525, 'cure_gpp_ref': 0.1790518243193892, 'cure_agb_crit': 2.3037356194837755, 'fuel_k': 0.1408120362830007, 'fuel_half': 65.2418545607866}. Best is trial 577 with value: -0.629883323094065.
[I 2026-07-25 00:37:01,070] Trial 989 finished with value: 0.47485420647287735 and parameters: {'k1': 0.020333618913392002, 'D_low': 21.681154802938686, 'k2': 0.09391192174851297, 'D_high': 1843834.509553684, 'fire_exp': 3.793421553388706, 'P_half': 307.28668294764356, 'pre_dampen_half': 110.32699034694063, 'gpp_af': 0.05224834093106253, 'gpp_b': 1.0634005400114021e-05, 'gpp_d': 456.00358457226235, 'ign_k': 0.031809057310221496, 'ign_c': 3.016350207285447, 'trop_agb_crit': 8.708137180029311, 'trop_k_veg': 0.5771485168148257, 'gdp_gamma': 0.38597086753455195, 'cure_k': 0.06034265019832089, 'cure_p_min': 213.50834615807653, 'cure_gpp_ref': 0.8284400479515563, 'cure_agb_crit': 3.6738301638092956, 'fuel_k': 0.5722270571340848, 'fuel_half': 0.6126166317625733}. Best is trial 577 with value: -0.629883323094065.
[I 2026-07-25 00:37:01,525] Trial 990 finished with value: 0.3959657843483233 and parameters: {'k1': 8.991378141487827e-05, 'D_low': 7190.2216549965415, 'k2': 0.00016861359481507628, 'D_high': 5263102.616499611, 'fire_exp': 1.5350938888284522, 'P_half': 56.386968658844836, 'pre_dampen_half': 1.8535028714339783, 'gpp_af': 0.2363757238894706, 'gpp_b': 0.010911783006154493, 'gpp_d': 33.644652576080475, 'ign_k': 0.005627603625219525, 'ign_c': 12.844351220203158, 'trop_agb_crit': 22.16542914354997, 'trop_k_veg': 0.6968885969451424, 'gdp_gamma': 1.3649775747319113, 'cure_k': 0.005070258065246408, 'cure_p_min': 105.81895717174632, 'cure_gpp_ref': 0.181168656386052, 'cure_agb_crit': 2.58708260633845, 'fuel_k': 0.3800733797056271, 'fuel_half': 40.76519066818835}. Best is trial 577 with value: -0.629883323094065.
[I 2026-07-25 00:37:01,983] Trial 991 finished with value: 0.4415146353794076 and parameters: {'k1': 0.00013630249168610785, 'D_low': 132.22341740283784, 'k2': 0.012804847129804488, 'D_high': 149513.00224569679, 'fire_exp': 7.896945292882205, 'P_half': 56.083613505562646, 'pre_dampen_half': 8.800924549794711, 'gpp_af': 12.128406451858995, 'gpp_b': 6.200830828467423e-05, 'gpp_d': 388.989580287634, 'ign_k': 0.1983587575946132, 'ign_c': 1.9616450037428181, 'trop_agb_crit': 29.852431755433784, 'trop_k_veg': 5.914720187733553, 'gdp_gamma': 0.4665240239401165, 'cure_k': 0.006078181698217958, 'cure_p_min': 231.54164270018975, 'cure_gpp_ref': 1.3639172112158429, 'cure_agb_crit': 5.526923703262665, 'fuel_k': 0.04421367042049353, 'fuel_half': 0.12206541193174257}. Best is trial 577 with value: -0.629883323094065.
[I 2026-07-25 00:37:02,443] Trial 992 finished with value: 0.6104012814581024 and parameters: {'k1': 0.00017020043201967165, 'D_low': 50.08076013832267, 'k2': 0.006231004759786327, 'D_high': 850735.4504537942, 'fire_exp': 2.1618979260179523, 'P_half': 27.12881623289134, 'pre_dampen_half': 2.4121051884074474, 'gpp_af': 61.33870688044701, 'gpp_b': 0.00017395719026686477, 'gpp_d': 143.6158351036667, 'ign_k': 0.7234190708315054, 'ign_c': 45.039839367756926, 'trop_agb_crit': 25.911912470844776, 'trop_k_veg': 6.3691999612399215, 'gdp_gamma': 0.9001811214865789, 'cure_k': 0.0023795981674930916, 'cure_p_min': 300.392320671726, 'cure_gpp_ref': 0.8692287978867665, 'cure_agb_crit': 3.240740019645806, 'fuel_k': 0.18129491255657468, 'fuel_half': 0.22000589761478798}. Best is trial 577 with value: -0.629883323094065.
[I 2026-07-25 00:37:02,907] Trial 993 finished with value: -0.5679536486217855 and parameters: {'k1': 0.00022119483517898367, 'D_low': 93.93176501825056, 'k2': 0.0024806708210811375, 'D_high': 58153.624902854586, 'fire_exp': 2.329694177218125, 'P_half': 24.576389589734717, 'pre_dampen_half': 2.826704582240145, 'gpp_af': 0.07022649285480739, 'gpp_b': 0.005631904927882918, 'gpp_d': 883.1304947823171, 'ign_k': 0.001337889351009697, 'ign_c': 4.00304388405592, 'trop_agb_crit': 19.031477273038824, 'trop_k_veg': 0.5859676983354208, 'gdp_gamma': 1.2058114266975044, 'cure_k': 0.08341871566300406, 'cure_p_min': 102.30771256524639, 'cure_gpp_ref': 0.06948590584147166, 'cure_agb_crit': 2.1514260581300717, 'fuel_k': 0.4618431265386267, 'fuel_half': 3.0796352915343697}. Best is trial 577 with value: -0.629883323094065.
