[I 2026-07-25 00:38:16,421] Trial 1151 finished with value: 0.5537376409345633 and parameters: {'k1': 0.0005629510260314666, 'D_low': 796.507550027516, 'k2': 0.015074986940814779, 'D_high': 9441282.392859094, 'fire_exp': 1.2420926007820725, 'P_half': 19.582518873305283, 'pre_dampen_half': 0.5845707827792437, 'gpp_af': 0.041506817472387075, 'gpp_b': 0.002301527803929687, 'gpp_d': 750.6299156064011, 'ign_k': 0.0010530844270442723, 'ign_c': 30.552652232302602, 'trop_agb_crit': 14.637335231702988, 'trop_k_veg': 0.6815778129046488, 'gdp_gamma': 0.9361431522670125, 'cure_k': 0.5386304982857507, 'cure_p_min': 97.14029582213129, 'cure_gpp_ref': 0.11290852653927871, 'cure_agb_crit': 1.5032483202048326, 'fuel_k': 0.4734189786808221, 'fuel_half': 66.93842669988652}. Best is trial 1132 with value: -0.6317570269256394.
[I 2026-07-25 00:38:16,883] Trial 1152 finished with value: 0.41731729702893117 and parameters: {'k1': 0.000669419005764889, 'D_low': 71.50369527662006, 'k2': 0.003839507208075027, 'D_high': 189700.72187044256, 'fire_exp': 1.9589670724433907, 'P_half': 3.335531613678297, 'pre_dampen_half': 0.39077283646904126, 'gpp_af': 0.21038433810317175, 'gpp_b': 0.0010891139364880597, 'gpp_d': 790.5115378595527, 'ign_k': 0.008893033908967363, 'ign_c': 14.34430131942724, 'trop_agb_crit': 14.482849945764519, 'trop_k_veg': 0.7151355822078986, 'gdp_gamma': 1.736929026302154, 'cure_k': 0.014924424157209792, 'cure_p_min': 84.97779004315451, 'cure_gpp_ref': 0.06943914053204644, 'cure_agb_crit': 2.2261167657154037, 'fuel_k': 1.0584858443511342, 'fuel_half': 75.11734143815117}. Best is trial 1132 with value: -0.6317570269256394.
[I 2026-07-25 00:38:17,343] Trial 1153 finished with value: 0.6085268061289792 and parameters: {'k1': 0.0008671171403437457, 'D_low': 3169.499199660252, 'k2': 0.00291809984130905, 'D_high': 6538239.986724388, 'fire_exp': 1.2755227413370427, 'P_half': 279.41186757393274, 'pre_dampen_half': 25.268223379744203, 'gpp_af': 0.003796891777059811, 'gpp_b': 2.7218112494831687e-05, 'gpp_d': 132.29249612664202, 'ign_k': 0.0868284638168216, 'ign_c': 204.94630940039465, 'trop_agb_crit': 3.1589337206197974, 'trop_k_veg': 0.5825439997249543, 'gdp_gamma': 0.22392322593725578, 'cure_k': 0.0035595380705336567, 'cure_p_min': 154.39304549057954, 'cure_gpp_ref': 0.5758823829724918, 'cure_agb_crit': 5.751683752033465, 'fuel_k': 0.010626513666750976, 'fuel_half': 13.14142322823272}. Best is trial 1132 with value: -0.6317570269256394.
[I 2026-07-25 00:38:17,800] Trial 1154 finished with value: 0.5364037082121145 and parameters: {'k1': 0.00015497979564942907, 'D_low': 75.45833582745394, 'k2': 0.0082864591014935, 'D_high': 31745.29203747865, 'fire_exp': 3.419722799984912, 'P_half': 172.6187501258369, 'pre_dampen_half': 24.084990706267813, 'gpp_af': 0.052769512762161214, 'gpp_b': 0.012606090123750652, 'gpp_d': 120.64950258003202, 'ign_k': 0.01419335958359084, 'ign_c': 1.4194676865449822, 'trop_agb_crit': 28.499413830846713, 'trop_k_veg': 0.5474602849745299, 'gdp_gamma': 0.7796592429405643, 'cure_k': 0.043844100572982506, 'cure_p_min': 100.71407463944836, 'cure_gpp_ref': 0.0779038426103734, 'cure_agb_crit': 1.1228985634732915, 'fuel_k': 0.3130784585264745, 'fuel_half': 51.62679815000717}. Best is trial 1132 with value: -0.6317570269256394.
[I 2026-07-25 00:38:18,367] Trial 1155 finished with value: 0.5969252945150054 and parameters: {'k1': 0.0407121185427436, 'D_low': 3460.7774260462784, 'k2': 0.022197248252076664, 'D_high': 2585966.589932743, 'fire_exp': 4.873015947835396, 'P_half': 6107.1796362557325, 'pre_dampen_half': 236.47119903146492, 'gpp_af': 0.028136252197157555, 'gpp_b': 2.220123238457484e-05, 'gpp_d': 688.6404900009012, 'ign_k': 0.0017356485637271795, 'ign_c': 24.76517426034127, 'trop_agb_crit': 15.143115347752676, 'trop_k_veg': 0.8092029687519623, 'gdp_gamma': 0.21880667707833626, 'cure_k': 0.001338109350523364, 'cure_p_min': 244.21339557573927, 'cure_gpp_ref': 0.5325392411171224, 'cure_agb_crit': 1.8671632924989132, 'fuel_k': 1.7930437263860692, 'fuel_half': 72.5289618945381}. Best is trial 1132 with value: -0.6317570269256394.
[I 2026-07-25 00:38:18,832] Trial 1156 finished with value: 0.5703387463530275 and parameters: {'k1': 0.025052647080699406, 'D_low': 73.59109278763655, 'k2': 0.0010307253934651785, 'D_high': 352635.6164528283, 'fire_exp': 2.828606623933033, 'P_half': 13.209824572600173, 'pre_dampen_half': 75.52648357361079, 'gpp_af': 0.003404463944147194, 'gpp_b': 5.5838909669962325e-05, 'gpp_d': 671.865689964976, 'ign_k': 0.01077097805503014, 'ign_c': 124.5306840164007, 'trop_agb_crit': 26.53377780416189, 'trop_k_veg': 1.4617199713904068, 'gdp_gamma': 0.4351769766578872, 'cure_k': 0.010403315068278178, 'cure_p_min': 231.8141511733685, 'cure_gpp_ref': 0.8110512360226492, 'cure_agb_crit': 4.649077038959856, 'fuel_k': 1.7622111960106073, 'fuel_half': 77.4021592355601}. Best is trial 1132 with value: -0.6317570269256394.
[I 2026-07-25 00:38:19,291] Trial 1157 finished with value: 0.45111381127271244 and parameters: {'k1': 0.02935907819171989, 'D_low': 75.43436900968722, 'k2': 0.0025699966857179956, 'D_high': 1542118.9910810378, 'fire_exp': 1.2280033377536064, 'P_half': 81.13562459850739, 'pre_dampen_half': 52.76267393838325, 'gpp_af': 0.021400962565583936, 'gpp_b': 4.929143478830389e-05, 'gpp_d': 558.282174930192, 'ign_k': 0.16488797347812437, 'ign_c': 31.880765140186373, 'trop_agb_crit': 11.161267435765007, 'trop_k_veg': 0.5916360216545643, 'gdp_gamma': 0.2413283438586963, 'cure_k': 0.0028417252047943523, 'cure_p_min': 233.14296272481405, 'cure_gpp_ref': 0.3522427584499971, 'cure_agb_crit': 2.1232706074164613, 'fuel_k': 0.25290019694070837, 'fuel_half': 18.65371384485395}. Best is trial 1132 with value: -0.6317570269256394.
[I 2026-07-25 00:38:19,748] Trial 1158 finished with value: 0.5743205692699398 and parameters: {'k1': 0.07889389067856743, 'D_low': 13.544727067914696, 'k2': 0.00439486915495454, 'D_high': 377562.58252778446, 'fire_exp': 1.4758930350734076, 'P_half': 133.13600156815525, 'pre_dampen_half': 389.4333292922869, 'gpp_af': 0.0052683995587293414, 'gpp_b': 0.0009726913826559336, 'gpp_d': 70.44890907738642, 'ign_k': 0.023437029185973395, 'ign_c': 251.22503028070884, 'trop_agb_crit': 23.065814098813938, 'trop_k_veg': 1.8512154831561773, 'gdp_gamma': 1.367839382314479, 'cure_k': 0.022483905898647565, 'cure_p_min': 208.52567200435348, 'cure_gpp_ref': 0.6199948822575831, 'cure_agb_crit': 5.029480052002865, 'fuel_k': 5.182432388744884, 'fuel_half': 2.888123925141818}. Best is trial 1132 with value: -0.6317570269256394.
[I 2026-07-25 00:38:20,207] Trial 1159 finished with value: 0.4159045052163972 and parameters: {'k1': 3.9459523920322765e-05, 'D_low': 307.67123459679914, 'k2': 1.5773568515762983e-05, 'D_high': 364049.0319171315, 'fire_exp': 1.1702790525604767, 'P_half': 3.5147138056021783, 'pre_dampen_half': 6.836956862760421, 'gpp_af': 0.023873182861899846, 'gpp_b': 0.0017893760492155826, 'gpp_d': 2.417330588360211, 'ign_k': 0.007143021615228551, 'ign_c': 3.547819847441543, 'trop_agb_crit': 4.033426435859045, 'trop_k_veg': 0.5995852377851917, 'gdp_gamma': 1.0186714334222398, 'cure_k': 0.026044877005038446, 'cure_p_min': 235.35202791081528, 'cure_gpp_ref': 0.05985251881603928, 'cure_agb_crit': 1.6375122293470155, 'fuel_k': 0.04683427390553219, 'fuel_half': 41.22330586086754}. Best is trial 1132 with value: -0.6317570269256394.
[I 2026-07-25 00:38:20,666] Trial 1160 finished with value: 0.5341356034452411 and parameters: {'k1': 0.012370129020600511, 'D_low': 167.48691420381402, 'k2': 0.023603304390072546, 'D_high': 7193696.401650355, 'fire_exp': 5.350949744519345, 'P_half': 36.17545165397663, 'pre_dampen_half': 47.57274608744772, 'gpp_af': 0.008624087576725926, 'gpp_b': 0.0020154850940335167, 'gpp_d': 12.555424104731859, 'ign_k': 0.007200153581228135, 'ign_c': 17.79757177923539, 'trop_agb_crit': 19.15113997563499, 'trop_k_veg': 1.2351638164410494, 'gdp_gamma': 1.2940831116460292, 'cure_k': 0.3141549847107731, 'cure_p_min': 211.38739857788624, 'cure_gpp_ref': 0.37583938448244975, 'cure_agb_crit': 3.31966324996778, 'fuel_k': 1.3051254421884888, 'fuel_half': 9.314559011614056}. Best is trial 1132 with value: -0.6317570269256394.
[I 2026-07-25 00:38:21,126] Trial 1161 finished with value: 0.5599283234550143 and parameters: {'k1': 2.9668904516913177e-05, 'D_low': 101.71324009953106, 'k2': 5.204897271011838e-05, 'D_high': 476315.75815273164, 'fire_exp': 1.0496684035874253, 'P_half': 3.0124487485918414, 'pre_dampen_half': 0.032181291308304286, 'gpp_af': 0.00946519839538158, 'gpp_b': 0.0005442207114028386, 'gpp_d': 8.664953381667004, 'ign_k': 0.010968162898287379, 'ign_c': 0.4647440438006836, 'trop_agb_crit': 1.0107474606992715, 'trop_k_veg': 3.3248924592353633, 'gdp_gamma': 0.05204395362753675, 'cure_k': 0.017294144552019074, 'cure_p_min': 343.31448611783594, 'cure_gpp_ref': 0.05616609236468919, 'cure_agb_crit': 1.2528343516726437, 'fuel_k': 0.0123909701816439, 'fuel_half': 28.439576290807587}. Best is trial 1132 with value: -0.6317570269256394.
[I 2026-07-25 00:38:21,590] Trial 1162 finished with value: -0.6008263474520847 and parameters: {'k1': 0.09222058040289426, 'D_low': 12.591818422746453, 'k2': 0.04373661254704574, 'D_high': 6600894.77331386, 'fire_exp': 2.540360335788383, 'P_half': 321.26459576724443, 'pre_dampen_half': 288.02715850307175, 'gpp_af': 0.19386206913449522, 'gpp_b': 0.0005611060977749438, 'gpp_d': 71.35697225082578, 'ign_k': 0.00553736972727815, 'ign_c': 2.3284263898663733, 'trop_agb_crit': 23.933224298613727, 'trop_k_veg': 0.5127898526874347, 'gdp_gamma': 0.7426174781113375, 'cure_k': 0.015480777378241769, 'cure_p_min': 230.25532159857462, 'cure_gpp_ref': 0.7174873839305386, 'cure_agb_crit': 4.352290612958673, 'fuel_k': 0.6992973119404191, 'fuel_half': 85.00317100917373}. Best is trial 1132 with value: -0.6317570269256394.
[I 2026-07-25 00:38:22,064] Trial 1163 finished with value: 0.543094301578636 and parameters: {'k1': 0.019625834347489855, 'D_low': 71.70879836494993, 'k2': 0.014687703255894618, 'D_high': 9242339.783016454, 'fire_exp': 1.2361024636000306, 'P_half': 3198.014881303872, 'pre_dampen_half': 91.19841512962482, 'gpp_af': 0.0013260810449956166, 'gpp_b': 3.01935113515746e-05, 'gpp_d': 662.9081429775649, 'ign_k': 0.0025282238294885295, 'ign_c': 0.8129069783507836, 'trop_agb_crit': 22.294565443650743, 'trop_k_veg': 0.574677518940812, 'gdp_gamma': 0.19119516313454754, 'cure_k': 0.004433525440456897, 'cure_p_min': 275.6294968021321, 'cure_gpp_ref': 0.6226026168023812, 'cure_agb_crit': 1.1034265427824574, 'fuel_k': 0.14752733739963092, 'fuel_half': 53.733680161796194}. Best is trial 1132 with value: -0.6317570269256394.
[I 2026-07-25 00:38:22,562] Trial 1164 finished with value: 0.5788389822964245 and parameters: {'k1': 0.025472501912425477, 'D_low': 8.448456299221041, 'k2': 0.004441068959545009, 'D_high': 5633850.708398645, 'fire_exp': 1.5724480120419617, 'P_half': 76.39509886022213, 'pre_dampen_half': 1.6311507644022296, 'gpp_af': 0.0010632566002928333, 'gpp_b': 0.009273734417153744, 'gpp_d': 547.3792540468176, 'ign_k': 0.19145917007282204, 'ign_c': 7.97563308949937, 'trop_agb_crit': 19.031330333659223, 'trop_k_veg': 1.261874430027552, 'gdp_gamma': 0.5509567938936175, 'cure_k': 0.006008628038959501, 'cure_p_min': 143.0186298382579, 'cure_gpp_ref': 0.9953473640378164, 'cure_agb_crit': 5.157915986515858, 'fuel_k': 2.6889401513475866, 'fuel_half': 17.00674819843636}. Best is trial 1132 with value: -0.6317570269256394.
[I 2026-07-25 00:38:23,023] Trial 1165 finished with value: 0.583435573149017 and parameters: {'k1': 3.4061514395236345e-05, 'D_low': 1755.7965644655385, 'k2': 1.9099190904710478e-05, 'D_high': 14833.436865676147, 'fire_exp': 2.0482965285749324, 'P_half': 12.644110765560796, 'pre_dampen_half': 0.5073624665389762, 'gpp_af': 0.02737515257793447, 'gpp_b': 0.11532352797429, 'gpp_d': 2.344025306106657, 'ign_k': 0.2971288686539954, 'ign_c': 1.5210172657504621, 'trop_agb_crit': 8.084997313085685, 'trop_k_veg': 3.0911436943754786, 'gdp_gamma': 0.612469813285091, 'cure_k': 0.01742069941136949, 'cure_p_min': 371.9929382800465, 'cure_gpp_ref': 1.524891040525396, 'cure_agb_crit': 5.947506599671675, 'fuel_k': 0.019069470988156083, 'fuel_half': 1.075278855520794}. Best is trial 1132 with value: -0.6317570269256394.
[I 2026-07-25 00:38:23,483] Trial 1166 finished with value: -0.596395414344417 and parameters: {'k1': 0.0038331371857077546, 'D_low': 503.9340282655538, 'k2': 0.003979408347526808, 'D_high': 1096103.699843487, 'fire_exp': 2.026107395480085, 'P_half': 14.70026859745307, 'pre_dampen_half': 0.7204803339347453, 'gpp_af': 0.6534942856318077, 'gpp_b': 0.004165121500403266, 'gpp_d': 41.67039426820377, 'ign_k': 0.0017439937938876614, 'ign_c': 2.884785505709976, 'trop_agb_crit': 8.271083644447419, 'trop_k_veg': 1.012608232627316, 'gdp_gamma': 0.7754686960734763, 'cure_k': 0.04278327696976525, 'cure_p_min': 80.960084412264, 'cure_gpp_ref': 0.16515141275493145, 'cure_agb_crit': 2.301319224292222, 'fuel_k': 0.04378206799249103, 'fuel_half': 24.33680399223531}. Best is trial 1132 with value: -0.6317570269256394.
[I 2026-07-25 00:38:23,943] Trial 1167 finished with value: 0.5301784637532465 and parameters: {'k1': 0.048610821146083574, 'D_low': 1.2309662461428827, 'k2': 0.0039227395434408546, 'D_high': 5299375.394450068, 'fire_exp': 2.376479943752976, 'P_half': 94.34950917676385, 'pre_dampen_half': 0.5760680103707287, 'gpp_af': 0.003327140781127334, 'gpp_b': 5.630743303859171e-05, 'gpp_d': 708.3864143443743, 'ign_k': 0.02763057783746407, 'ign_c': 110.48294657040164, 'trop_agb_crit': 10.169652539422062, 'trop_k_veg': 0.9477959573643633, 'gdp_gamma': 1.2962658709418478, 'cure_k': 0.0306351446734738, 'cure_p_min': 297.69767722186083, 'cure_gpp_ref': 1.2985703951434577, 'cure_agb_crit': 3.5034130252425486, 'fuel_k': 1.2817896722291395, 'fuel_half': 1.2316342871754122}. Best is trial 1132 with value: -0.6317570269256394.
[I 2026-07-25 00:38:24,401] Trial 1168 finished with value: 0.555737141132484 and parameters: {'k1': 0.008559666853549683, 'D_low': 10.869380408814527, 'k2': 0.007516178445680876, 'D_high': 1760099.3847980225, 'fire_exp': 2.485053911999953, 'P_half': 430.19544621340935, 'pre_dampen_half': 11.939923702262087, 'gpp_af': 0.0026136401299763387, 'gpp_b': 3.785811886276626e-05, 'gpp_d': 27.05901463768053, 'ign_k': 0.0020707757875868594, 'ign_c': 131.27532915792173, 'trop_agb_crit': 9.174864141270026, 'trop_k_veg': 0.7560016413227448, 'gdp_gamma': 0.4843957500963066, 'cure_k': 0.002932273549785943, 'cure_p_min': 140.9546766664167, 'cure_gpp_ref': 0.31924454862053503, 'cure_agb_crit': 1.1789873481424809, 'fuel_k': 0.06235957877713625, 'fuel_half': 47.73350401123653}. Best is trial 1132 with value: -0.6317570269256394.
[I 2026-07-25 00:38:24,862] Trial 1169 finished with value: 0.46326761204522504 and parameters: {'k1': 0.03316179183851572, 'D_low': 6.500976989552951, 'k2': 0.00013127131620404157, 'D_high': 262467.25306329574, 'fire_exp': 1.7086505848633182, 'P_half': 574.4615495577973, 'pre_dampen_half': 624.3262868400379, 'gpp_af': 0.45475919425408023, 'gpp_b': 0.0004400039909575295, 'gpp_d': 236.97864681643642, 'ign_k': 0.001644302249659703, 'ign_c': 5.356243611732739, 'trop_agb_crit': 11.412021567026649, 'trop_k_veg': 0.9698375283764907, 'gdp_gamma': 0.9413693712519127, 'cure_k': 0.031435915975482835, 'cure_p_min': 165.791396233385, 'cure_gpp_ref': 1.034551102153775, 'cure_agb_crit': 5.0557413895703265, 'fuel_k': 3.4568261534304243, 'fuel_half': 62.770210746601265}. Best is trial 1132 with value: -0.6317570269256394.
[I 2026-07-25 00:38:25,324] Trial 1170 finished with value: 0.4382078124872455 and parameters: {'k1': 0.09753398285102192, 'D_low': 18.456733741750284, 'k2': 0.01231239450999287, 'D_high': 5296585.460335863, 'fire_exp': 3.784408494372724, 'P_half': 135.37730727248004, 'pre_dampen_half': 64.52628803650809, 'gpp_af': 0.11101599878581044, 'gpp_b': 0.0002908085127265421, 'gpp_d': 34.6569372703862, 'ign_k': 0.0011255964848072932, 'ign_c': 2.2915367759827245, 'trop_agb_crit': 7.319727948993165, 'trop_k_veg': 0.5199889753351497, 'gdp_gamma': 0.9099984007552128, 'cure_k': 0.06330608820787405, 'cure_p_min': 313.3176687711959, 'cure_gpp_ref': 0.31821308110207097, 'cure_agb_crit': 6.054043013037536, 'fuel_k': 0.5185398669839469, 'fuel_half': 21.47726280304321}. Best is trial 1132 with value: -0.6317570269256394.
[I 2026-07-25 00:38:25,781] Trial 1171 finished with value: 0.5702864833297149 and parameters: {'k1': 0.07623092413524453, 'D_low': 6.13444965238953, 'k2': 0.06961953295283993, 'D_high': 4269841.556746101, 'fire_exp': 1.83070735256871, 'P_half': 129.06594951768463, 'pre_dampen_half': 980.0815083891496, 'gpp_af': 0.005621902848142237, 'gpp_b': 0.00022689157416835854, 'gpp_d': 3.494653789631305, 'ign_k': 0.01214999989506547, 'ign_c': 0.6911824964665816, 'trop_agb_crit': 18.146621489940355, 'trop_k_veg': 0.7530419671461108, 'gdp_gamma': 1.6987776978574278, 'cure_k': 0.09545130640774376, 'cure_p_min': 211.35976174867716, 'cure_gpp_ref': 0.3732905131273207, 'cure_agb_crit': 4.097032833270311, 'fuel_k': 0.9457648311597493, 'fuel_half': 72.60946672413371}. Best is trial 1132 with value: -0.6317570269256394.
[I 2026-07-25 00:38:26,243] Trial 1172 finished with value: 0.5603439373858868 and parameters: {'k1': 0.07036627336940526, 'D_low': 3.8910855594562053, 'k2': 0.04237616936357205, 'D_high': 307696.40105511656, 'fire_exp': 4.180725965875137, 'P_half': 81.02579734366203, 'pre_dampen_half': 76.83275207653217, 'gpp_af': 0.46235867079796916, 'gpp_b': 4.872753980941176e-05, 'gpp_d': 45.10893788102061, 'ign_k': 0.0015776930741495574, 'ign_c': 0.32871653212691077, 'trop_agb_crit': 27.4534508222565, 'trop_k_veg': 1.061607118589833, 'gdp_gamma': 0.10320480584392301, 'cure_k': 0.052131986079228844, 'cure_p_min': 169.23896423321958, 'cure_gpp_ref': 0.6673586482444088, 'cure_agb_crit': 3.0185704615287463, 'fuel_k': 0.26019515742758825, 'fuel_half': 44.61132348557572}. Best is trial 1132 with value: -0.6317570269256394.
[I 2026-07-25 00:38:26,701] Trial 1173 finished with value: 0.4931766645950597 and parameters: {'k1': 0.0735922486682294, 'D_low': 120.47643103383008, 'k2': 0.054227177608533766, 'D_high': 9948854.55723116, 'fire_exp': 1.551030509089598, 'P_half': 853.1690643942319, 'pre_dampen_half': 183.2874682749709, 'gpp_af': 0.27362130576732796, 'gpp_b': 0.017989470660587266, 'gpp_d': 229.55315287843996, 'ign_k': 0.017381798791380992, 'ign_c': 1.9111449327407637, 'trop_agb_crit': 7.657439229895007, 'trop_k_veg': 0.8076582379053776, 'gdp_gamma': 0.18107403486827583, 'cure_k': 0.0032928928681673175, 'cure_p_min': 240.71345243719324, 'cure_gpp_ref': 0.9230973907056301, 'cure_agb_crit': 4.008660204988708, 'fuel_k': 0.5904458463787912, 'fuel_half': 78.25559276720317}. Best is trial 1132 with value: -0.6317570269256394.
[I 2026-07-25 00:38:27,160] Trial 1174 finished with value: 0.4613298831458492 and parameters: {'k1': 0.04111941019283095, 'D_low': 1.5988246374448498, 'k2': 0.03398798848147111, 'D_high': 286642.53120631265, 'fire_exp': 2.2754536346300576, 'P_half': 28.023731599675763, 'pre_dampen_half': 6.11527743248671, 'gpp_af': 0.008500688315453551, 'gpp_b': 0.00045820231624450904, 'gpp_d': 5.871091523661322, 'ign_k': 0.01928703839103399, 'ign_c': 67.3709173794507, 'trop_agb_crit': 10.344338912852153, 'trop_k_veg': 1.1527409235647483, 'gdp_gamma': 1.0184060836865134, 'cure_k': 0.01577137550389833, 'cure_p_min': 126.49730959137159, 'cure_gpp_ref': 0.38988204005344895, 'cure_agb_crit': 3.878848490151575, 'fuel_k': 2.327096900679034, 'fuel_half': 2.2953857854919453}. Best is trial 1132 with value: -0.6317570269256394.
[I 2026-07-25 00:38:27,618] Trial 1175 finished with value: 0.4946054920796207 and parameters: {'k1': 0.022362387789402305, 'D_low': 20890.103247583367, 'k2': 0.05057555583148398, 'D_high': 1373070.4713197886, 'fire_exp': 1.494147866025727, 'P_half': 909.777185544313, 'pre_dampen_half': 71.89976949745645, 'gpp_af': 0.002961492069504579, 'gpp_b': 1.108690548402468e-05, 'gpp_d': 615.2555312320312, 'ign_k': 0.0017419205006443683, 'ign_c': 105.38396567161114, 'trop_agb_crit': 12.003739297274844, 'trop_k_veg': 2.1687169864438673, 'gdp_gamma': 0.5306783323676301, 'cure_k': 0.002892126865204589, 'cure_p_min': 192.26021398912937, 'cure_gpp_ref': 0.1006242961938877, 'cure_agb_crit': 6.743430388055901, 'fuel_k': 0.022763115648709933, 'fuel_half': 3.856642942692518}. Best is trial 1132 with value: -0.6317570269256394.
[I 2026-07-25 00:38:28,080] Trial 1176 finished with value: 0.5346022763297475 and parameters: {'k1': 0.0010683140282157287, 'D_low': 18.999166735708744, 'k2': 0.006220344877932012, 'D_high': 2413218.011847699, 'fire_exp': 1.4003929533279778, 'P_half': 49.81430598914091, 'pre_dampen_half': 0.01249308435080784, 'gpp_af': 0.017352623575214866, 'gpp_b': 1.848513808873212e-05, 'gpp_d': 621.1518175161582, 'ign_k': 0.0085537931594825, 'ign_c': 89.1767837085311, 'trop_agb_crit': 12.737924963621342, 'trop_k_veg': 1.2252736832108833, 'gdp_gamma': 0.4883926404499479, 'cure_k': 0.011702653832490171, 'cure_p_min': 251.71356785161777, 'cure_gpp_ref': 0.529611942748376, 'cure_agb_crit': 5.053587785426925, 'fuel_k': 0.7492195246984595, 'fuel_half': 58.16902880380884}. Best is trial 1132 with value: -0.6317570269256394.
