[I 2026-07-25 00:32:50,267] Trial 445 finished with value: -0.5703345000667561 and parameters: {'k1': 0.0013822841042630896, 'D_low': 761.9764987531406, 'k2': 4.958468216241266e-05, 'D_high': 1268.1052786915757, 'fire_exp': 1.1426556858934054, 'P_half': 33.2198395750863, 'pre_dampen_half': 0.029237558157153603, 'gpp_af': 0.04794465059597006, 'gpp_b': 0.001544907167898684, 'gpp_d': 0.501066431697756, 'ign_k': 0.3120828672610327, 'ign_c': 16.84777115492304, 'trop_agb_crit': 1.4279937435410726, 'trop_k_veg': 5.208115930784408, 'gdp_gamma': 1.063934181319123, 'cure_k': 0.15736811532878445, 'cure_p_min': 398.13064478869484, 'cure_gpp_ref': 0.5632111899216922, 'cure_agb_crit': 2.316196810425024, 'fuel_k': 0.035281386706473655, 'fuel_half': 3.128785411146271}. Best is trial 0 with value: -0.6232552202351066.
[I 2026-07-25 00:32:50,716] Trial 446 finished with value: 0.4717392386662723 and parameters: {'k1': 0.008797777091314591, 'D_low': 38.86541272836435, 'k2': 0.000245949319891376, 'D_high': 319.34753796059346, 'fire_exp': 2.7713520344727525, 'P_half': 23.126020367800937, 'pre_dampen_half': 0.012262390939064052, 'gpp_af': 0.008653145536643836, 'gpp_b': 0.00041791881465589784, 'gpp_d': 0.051502130527213086, 'ign_k': 0.15634910737243243, 'ign_c': 99.83014685881446, 'trop_agb_crit': 2.014260822604086, 'trop_k_veg': 5.1768145858422825, 'gdp_gamma': 0.06137613044099368, 'cure_k': 0.6275859207033929, 'cure_p_min': 233.03702155025601, 'cure_gpp_ref': 0.9591390545549171, 'cure_agb_crit': 2.2353615882536757, 'fuel_k': 0.08569367769738793, 'fuel_half': 2.396429234657976}. Best is trial 0 with value: -0.6232552202351066.
[I 2026-07-25 00:32:51,164] Trial 447 finished with value: 0.40860028861893727 and parameters: {'k1': 0.000512435502149509, 'D_low': 397.9730420980792, 'k2': 0.001834586891305806, 'D_high': 3170117.7290520337, 'fire_exp': 1.154564303834247, 'P_half': 960.5132886214817, 'pre_dampen_half': 11.116064622112948, 'gpp_af': 7.081772214047194, 'gpp_b': 0.0002867918180685026, 'gpp_d': 54.642791733438834, 'ign_k': 0.22198669239320867, 'ign_c': 0.17578488433064643, 'trop_agb_crit': 9.884209133384791, 'trop_k_veg': 3.0167256845550674, 'gdp_gamma': 0.08194927920986425, 'cure_k': 0.002649847915814358, 'cure_p_min': 325.8870974625228, 'cure_gpp_ref': 0.41728090782230753, 'cure_agb_crit': 7.041784015591164, 'fuel_k': 0.04387891231063691, 'fuel_half': 1.113124672665366}. Best is trial 0 with value: -0.6232552202351066.
[I 2026-07-25 00:32:51,614] Trial 448 finished with value: 0.49910735708557685 and parameters: {'k1': 0.009301028757701635, 'D_low': 6713.4118816429645, 'k2': 0.0008587240782090599, 'D_high': 497703.8271655336, 'fire_exp': 1.4747925177425267, 'P_half': 19.27305556711858, 'pre_dampen_half': 0.01708566727306033, 'gpp_af': 0.013286705264836395, 'gpp_b': 0.005726111548208355, 'gpp_d': 0.6231460856200177, 'ign_k': 0.05708396455209916, 'ign_c': 18.337191506374435, 'trop_agb_crit': 3.917122611819754, 'trop_k_veg': 1.9872621951127027, 'gdp_gamma': 1.592497566922696, 'cure_k': 0.03163931460484271, 'cure_p_min': 369.0793275464405, 'cure_gpp_ref': 0.5515471592605902, 'cure_agb_crit': 2.3744225845651687, 'fuel_k': 0.012162645879514145, 'fuel_half': 0.2935994564741408}. Best is trial 0 with value: -0.6232552202351066.
[I 2026-07-25 00:32:52,062] Trial 449 finished with value: 0.5529442319774851 and parameters: {'k1': 0.002457936807677594, 'D_low': 375.0568311157513, 'k2': 2.85961037192706e-05, 'D_high': 31.521125171131928, 'fire_exp': 1.3560762733750575, 'P_half': 63.03111289459794, 'pre_dampen_half': 0.18751382599225147, 'gpp_af': 0.091575455698876, 'gpp_b': 0.0005023093762513588, 'gpp_d': 1.0858172349186739, 'ign_k': 0.09855305608937458, 'ign_c': 10.654176555219221, 'trop_agb_crit': 1.2185865036024488, 'trop_k_veg': 7.7030391491346695, 'gdp_gamma': 0.5414624937891201, 'cure_k': 0.006324571485141916, 'cure_p_min': 367.96069455452437, 'cure_gpp_ref': 0.7443645656787701, 'cure_agb_crit': 2.956189383197904, 'fuel_k': 0.015569967133425285, 'fuel_half': 1.4873357454105494}. Best is trial 0 with value: -0.6232552202351066.
[I 2026-07-25 00:32:52,509] Trial 450 finished with value: 0.6512733749616326 and parameters: {'k1': 0.0015279550955988935, 'D_low': 1533.1508258144725, 'k2': 2.035465366548265e-05, 'D_high': 12330.824091624605, 'fire_exp': 1.17829932912004, 'P_half': 1300.3807726550021, 'pre_dampen_half': 0.11111986502013278, 'gpp_af': 0.0055137560202905365, 'gpp_b': 0.0008149579570433908, 'gpp_d': 2.043603811411271, 'ign_k': 0.16901842113080465, 'ign_c': 116.21580384813176, 'trop_agb_crit': 1.21233083157993, 'trop_k_veg': 4.8744216180670366, 'gdp_gamma': 0.21120032622170115, 'cure_k': 2.251013758624804, 'cure_p_min': 241.34619377528125, 'cure_gpp_ref': 0.6509225267825909, 'cure_agb_crit': 2.730750663431097, 'fuel_k': 0.053811021960547135, 'fuel_half': 0.9616696106910655}. Best is trial 0 with value: -0.6232552202351066.
[I 2026-07-25 00:32:53,002] Trial 451 finished with value: -0.6193285437137946 and parameters: {'k1': 1.8400672649478713e-05, 'D_low': 163.8959641877968, 'k2': 7.743975573353157e-05, 'D_high': 3047436.2189091328, 'fire_exp': 1.2128013469338386, 'P_half': 3.555367834795399, 'pre_dampen_half': 0.7430497462396503, 'gpp_af': 0.006351375123484225, 'gpp_b': 0.002125023076969968, 'gpp_d': 1.4651942600060286, 'ign_k': 0.04410771407668162, 'ign_c': 2.0424334337530734, 'trop_agb_crit': 1.9196837724671272, 'trop_k_veg': 2.1683015266086376, 'gdp_gamma': 1.4562701285333992, 'cure_k': 0.09878057823150777, 'cure_p_min': 297.6769465112286, 'cure_gpp_ref': 0.06570533652473538, 'cure_agb_crit': 1.0037729288690842, 'fuel_k': 0.047403963969022044, 'fuel_half': 41.117043366288705}. Best is trial 0 with value: -0.6232552202351066.
[I 2026-07-25 00:32:53,456] Trial 452 finished with value: 0.47838387225368995 and parameters: {'k1': 3.180217537878613e-05, 'D_low': 45.70875701691577, 'k2': 0.000188376858965397, 'D_high': 836409.0135363718, 'fire_exp': 2.5230573980886604, 'P_half': 28.20436488521824, 'pre_dampen_half': 0.4487607072334214, 'gpp_af': 0.0033268907523369513, 'gpp_b': 0.0001001005602035398, 'gpp_d': 0.9353251168054744, 'ign_k': 0.04695618976360664, 'ign_c': 38.0594492026944, 'trop_agb_crit': 1.4475151485062685, 'trop_k_veg': 1.7058916963225101, 'gdp_gamma': 1.6381617598914116, 'cure_k': 0.077617859905683, 'cure_p_min': 222.730123734881, 'cure_gpp_ref': 0.05051630666059141, 'cure_agb_crit': 1.9087961389051704, 'fuel_k': 0.040694204300458656, 'fuel_half': 50.001863797932934}. Best is trial 0 with value: -0.6232552202351066.
[I 2026-07-25 00:32:53,921] Trial 453 finished with value: 0.5528199571327281 and parameters: {'k1': 0.0006988136873774764, 'D_low': 5401.063433603636, 'k2': 1.1603391561488308e-05, 'D_high': 536.3517832223315, 'fire_exp': 1.3342928853360652, 'P_half': 10.098269939278701, 'pre_dampen_half': 0.0800012283906484, 'gpp_af': 0.04757766532262771, 'gpp_b': 0.060057536548012436, 'gpp_d': 0.2696585316537058, 'ign_k': 1.098477979935792, 'ign_c': 14.983269293966314, 'trop_agb_crit': 1.316027498506079, 'trop_k_veg': 4.885229175841623, 'gdp_gamma': 1.0721720304290356, 'cure_k': 0.020970500096959027, 'cure_p_min': 204.6489860896446, 'cure_gpp_ref': 0.45954892520699875, 'cure_agb_crit': 1.6577852779483258, 'fuel_k': 0.021532480209158336, 'fuel_half': 3.2044832792096494}. Best is trial 0 with value: -0.6232552202351066.
[I 2026-07-25 00:32:54,380] Trial 454 finished with value: 0.5612694973460692 and parameters: {'k1': 1.1947233352914328e-05, 'D_low': 107.3216044979762, 'k2': 9.901348683576027e-05, 'D_high': 70684.98232125967, 'fire_exp': 1.172827539452287, 'P_half': 15.083984906874003, 'pre_dampen_half': 4.107070231869002, 'gpp_af': 0.002785333151077746, 'gpp_b': 0.00870645734319283, 'gpp_d': 1.7263620672887459, 'ign_k': 0.0012994591422739157, 'ign_c': 4.360465627256704, 'trop_agb_crit': 6.41806076619465, 'trop_k_veg': 0.9207579749262071, 'gdp_gamma': 0.6505559444754121, 'cure_k': 0.027631416046682192, 'cure_p_min': 264.31423828570104, 'cure_gpp_ref': 0.062272600384415344, 'cure_agb_crit': 1.1678254252624691, 'fuel_k': 0.20424040283149128, 'fuel_half': 7.588104736009026}. Best is trial 0 with value: -0.6232552202351066.
[I 2026-07-25 00:32:54,835] Trial 455 finished with value: 0.48663926635639765 and parameters: {'k1': 1.861272369634225e-05, 'D_low': 649.8851819364132, 'k2': 0.0005829508539177007, 'D_high': 1902861.4935243006, 'fire_exp': 3.452734709618198, 'P_half': 266.5349849224741, 'pre_dampen_half': 545.4428164616687, 'gpp_af': 6.419884401868319, 'gpp_b': 0.0003693170991658182, 'gpp_d': 3.0949698461384374, 'ign_k': 0.12993727282036294, 'ign_c': 0.11123899767693363, 'trop_agb_crit': 26.389861281357106, 'trop_k_veg': 5.1764252357436185, 'gdp_gamma': 0.8869792618684987, 'cure_k': 0.0031054221591653676, 'cure_p_min': 377.6251021308804, 'cure_gpp_ref': 0.9467171977872179, 'cure_agb_crit': 7.608777661376817, 'fuel_k': 0.0813360055394219, 'fuel_half': 0.14761393943938286}. Best is trial 0 with value: -0.6232552202351066.
[I 2026-07-25 00:32:55,295] Trial 456 finished with value: 0.5467481170554498 and parameters: {'k1': 0.0001337393008839228, 'D_low': 1503.0604164672127, 'k2': 9.82499884668792e-05, 'D_high': 3537266.59412283, 'fire_exp': 1.0369318345210767, 'P_half': 26.8592850473485, 'pre_dampen_half': 0.07663239958422369, 'gpp_af': 0.020710000863177352, 'gpp_b': 0.01489565910603411, 'gpp_d': 0.024901130038277517, 'ign_k': 0.2132988328443146, 'ign_c': 0.20234831613178028, 'trop_agb_crit': 2.038903523941288, 'trop_k_veg': 0.6963609838667569, 'gdp_gamma': 1.6770864692865848, 'cure_k': 0.6819504215653441, 'cure_p_min': 318.24011493871404, 'cure_gpp_ref': 0.055420020484639225, 'cure_agb_crit': 1.0853497000012553, 'fuel_k': 0.0190194136230219, 'fuel_half': 91.45721167749743}. Best is trial 0 with value: -0.6232552202351066.
[I 2026-07-25 00:32:55,750] Trial 457 finished with value: 0.560157930037777 and parameters: {'k1': 1.3865195436656567e-05, 'D_low': 167.55093109137724, 'k2': 0.0007031403889828016, 'D_high': 857152.2618727383, 'fire_exp': 1.716461491501758, 'P_half': 10.08596370812333, 'pre_dampen_half': 0.044312860261281534, 'gpp_af': 0.025024065330978274, 'gpp_b': 0.002725165404898639, 'gpp_d': 0.9367032592329391, 'ign_k': 0.015545838869423994, 'ign_c': 0.40504332079697425, 'trop_agb_crit': 1.8897997706543161, 'trop_k_veg': 2.9574914211929713, 'gdp_gamma': 1.997604015030565, 'cure_k': 0.6762956124689533, 'cure_p_min': 295.0320533081074, 'cure_gpp_ref': 0.06298972205778461, 'cure_agb_crit': 1.0594513162616688, 'fuel_k': 0.02804195874273292, 'fuel_half': 45.89923611445616}. Best is trial 0 with value: -0.6232552202351066.
[I 2026-07-25 00:32:56,211] Trial 458 finished with value: 0.5354684701699352 and parameters: {'k1': 0.0005300956392911049, 'D_low': 2027.0738698746436, 'k2': 0.00011853402006307486, 'D_high': 1242403.6110898028, 'fire_exp': 1.1147746934556781, 'P_half': 3.020983462635196, 'pre_dampen_half': 4.748762509389954, 'gpp_af': 3.257235935605738, 'gpp_b': 0.00021812185253605604, 'gpp_d': 190.72244824069438, 'ign_k': 0.005906100968295674, 'ign_c': 42.815584567030015, 'trop_agb_crit': 19.619758805947736, 'trop_k_veg': 1.4278755029818377, 'gdp_gamma': 1.0734886449437604, 'cure_k': 0.007481153571604069, 'cure_p_min': 380.9803200473012, 'cure_gpp_ref': 0.3735985402041021, 'cure_agb_crit': 3.867797132439521, 'fuel_k': 0.0872460817318642, 'fuel_half': 19.811260367059305}. Best is trial 0 with value: -0.6232552202351066.
[I 2026-07-25 00:32:56,666] Trial 459 finished with value: 0.5307711019810148 and parameters: {'k1': 0.0006107861411697097, 'D_low': 5973.132938142759, 'k2': 1.3254241623697488e-05, 'D_high': 344.0040866871852, 'fire_exp': 1.1791833942336905, 'P_half': 1.1580168944741578, 'pre_dampen_half': 0.22173975837303028, 'gpp_af': 0.15155751714137125, 'gpp_b': 0.00010895696627888102, 'gpp_d': 0.328048736136791, 'ign_k': 0.03444913068349524, 'ign_c': 40.42500408645778, 'trop_agb_crit': 1.019848642784393, 'trop_k_veg': 2.5123834681353285, 'gdp_gamma': 0.8218723983106584, 'cure_k': 0.3787631040992749, 'cure_p_min': 346.4579704994697, 'cure_gpp_ref': 0.45558327911608965, 'cure_agb_crit': 1.7072218115010078, 'fuel_k': 0.011813352627153828, 'fuel_half': 4.87984733068672}. Best is trial 0 with value: -0.6232552202351066.
[I 2026-07-25 00:32:57,125] Trial 460 finished with value: -0.6059193220790389 and parameters: {'k1': 7.630840994405005e-05, 'D_low': 233.9609780446924, 'k2': 1.903535423102112e-05, 'D_high': 2076036.3750172125, 'fire_exp': 1.2298103680323753, 'P_half': 3.4116538461019785, 'pre_dampen_half': 4.649191460694549, 'gpp_af': 0.002187743021231572, 'gpp_b': 0.0024629874345128877, 'gpp_d': 5.755241822581368, 'ign_k': 0.06389816061779584, 'ign_c': 1.8412192867611608, 'trop_agb_crit': 1.7872690915386644, 'trop_k_veg': 0.6804794208905321, 'gdp_gamma': 0.8747190906652106, 'cure_k': 0.038461915230920796, 'cure_p_min': 275.71110817869555, 'cure_gpp_ref': 0.07750972216545579, 'cure_agb_crit': 1.9801572930651152, 'fuel_k': 0.069997362471963, 'fuel_half': 40.98727836701653}. Best is trial 0 with value: -0.6232552202351066.
[I 2026-07-25 00:32:57,610] Trial 461 finished with value: 0.4059529911370279 and parameters: {'k1': 1.3352886345181053e-05, 'D_low': 46.64413297504045, 'k2': 0.000173776999059035, 'D_high': 301117.8067649585, 'fire_exp': 1.2207568136299372, 'P_half': 19.455440371475802, 'pre_dampen_half': 0.7077140644665174, 'gpp_af': 0.003911058649145021, 'gpp_b': 0.0003280986677580226, 'gpp_d': 7.703447774650999, 'ign_k': 0.05985470335877632, 'ign_c': 0.23156614552530666, 'trop_agb_crit': 1.5803339915243821, 'trop_k_veg': 1.0429224614616917, 'gdp_gamma': 0.46247506928875437, 'cure_k': 0.258634659488431, 'cure_p_min': 222.0403293388676, 'cure_gpp_ref': 0.13214254198674816, 'cure_agb_crit': 1.9246686822297314, 'fuel_k': 0.09297589139786362, 'fuel_half': 16.568973692229967}. Best is trial 0 with value: -0.6232552202351066.
[I 2026-07-25 00:32:58,088] Trial 462 finished with value: 0.5752100493289203 and parameters: {'k1': 0.000535530773335739, 'D_low': 814.1531254948085, 'k2': 1.6220129357511784e-05, 'D_high': 10670.894913231175, 'fire_exp': 1.5579150128095043, 'P_half': 44.330470573133894, 'pre_dampen_half': 0.08875280391590355, 'gpp_af': 1.0195517025519834, 'gpp_b': 0.01170516235182043, 'gpp_d': 3.9079343246878127, 'ign_k': 0.35204747927033425, 'ign_c': 24.78823552149864, 'trop_agb_crit': 1.2658674445315676, 'trop_k_veg': 4.8463030086099534, 'gdp_gamma': 0.6718504039391017, 'cure_k': 0.764746508502725, 'cure_p_min': 391.26202649672103, 'cure_gpp_ref': 0.4070161875222905, 'cure_agb_crit': 4.58996128555213, 'fuel_k': 0.016431140362570252, 'fuel_half': 17.747664388541676}. Best is trial 0 with value: -0.6232552202351066.
[I 2026-07-25 00:32:58,538] Trial 463 finished with value: 0.5793390317679514 and parameters: {'k1': 4.295130285836539e-05, 'D_low': 610.2076603802711, 'k2': 0.00033267457532917176, 'D_high': 6266250.481933086, 'fire_exp': 1.276098930524052, 'P_half': 35.435137694678666, 'pre_dampen_half': 0.24194133932064676, 'gpp_af': 0.04006484740682632, 'gpp_b': 0.04422208937895081, 'gpp_d': 1.6061376356126404, 'ign_k': 0.004341413137523132, 'ign_c': 0.19396367013209284, 'trop_agb_crit': 2.1209380104858666, 'trop_k_veg': 1.042962059215417, 'gdp_gamma': 0.016876129534289255, 'cure_k': 0.005056975018581866, 'cure_p_min': 386.8257296929506, 'cure_gpp_ref': 0.052128379967639714, 'cure_agb_crit': 1.149052513513668, 'fuel_k': 0.05022138638301918, 'fuel_half': 58.228261947643226}. Best is trial 0 with value: -0.6232552202351066.
[I 2026-07-25 00:32:58,987] Trial 464 finished with value: 0.41529350040447066 and parameters: {'k1': 9.062978917744148e-05, 'D_low': 57.429609146166555, 'k2': 5.9184681243515546e-05, 'D_high': 3940655.113609944, 'fire_exp': 1.1090780843815937, 'P_half': 60.658683211510926, 'pre_dampen_half': 1.4342359568740195, 'gpp_af': 0.0022922706257745454, 'gpp_b': 0.0010998505458479433, 'gpp_d': 7.2394931265348506, 'ign_k': 1.6458897136890733, 'ign_c': 5.942123699471234, 'trop_agb_crit': 3.078139863043145, 'trop_k_veg': 0.7121732164351698, 'gdp_gamma': 1.4432140457324205, 'cure_k': 0.005623758785512216, 'cure_p_min': 286.53211470461997, 'cure_gpp_ref': 0.12520308733446806, 'cure_agb_crit': 1.6030163991057238, 'fuel_k': 0.22829521546407175, 'fuel_half': 22.855719659618828}. Best is trial 0 with value: -0.6232552202351066.
[I 2026-07-25 00:32:59,433] Trial 465 finished with value: 0.558500785591176 and parameters: {'k1': 0.00016289926660184405, 'D_low': 8.459081202183, 'k2': 3.234092376333943e-05, 'D_high': 37609.75960556235, 'fire_exp': 1.044482516543857, 'P_half': 2.384703384383104, 'pre_dampen_half': 0.19647327174959248, 'gpp_af': 0.0010181838397805092, 'gpp_b': 0.0018190265295277668, 'gpp_d': 0.062814247660319, 'ign_k': 0.3486610598298191, 'ign_c': 23.62188615143717, 'trop_agb_crit': 2.861892489087076, 'trop_k_veg': 1.6437013645632244, 'gdp_gamma': 0.538346859401024, 'cure_k': 0.037096397091986026, 'cure_p_min': 328.18626676792917, 'cure_gpp_ref': 0.05861988597058813, 'cure_agb_crit': 1.1282503084314282, 'fuel_k': 0.05481759449392926, 'fuel_half': 43.538098885669534}. Best is trial 0 with value: -0.6232552202351066.
[I 2026-07-25 00:32:59,884] Trial 466 finished with value: 0.543197611335382 and parameters: {'k1': 0.021767489979959635, 'D_low': 46.57942752536538, 'k2': 0.05006794803918851, 'D_high': 4524397.189268147, 'fire_exp': 1.2609646933354537, 'P_half': 319.6212139710319, 'pre_dampen_half': 531.6093142917363, 'gpp_af': 0.0013816811515385567, 'gpp_b': 1.9765523995547207e-05, 'gpp_d': 23.91074638953915, 'ign_k': 0.006469640509832397, 'ign_c': 55.97651610375265, 'trop_agb_crit': 7.612804028578847, 'trop_k_veg': 0.8728107038244627, 'gdp_gamma': 1.894572361399635, 'cure_k': 0.02121783880305555, 'cure_p_min': 162.31228510571142, 'cure_gpp_ref': 0.2631356044522487, 'cure_agb_crit': 4.364880859429338, 'fuel_k': 0.04201067693465542, 'fuel_half': 59.6711477994915}. Best is trial 0 with value: -0.6232552202351066.
[I 2026-07-25 00:33:00,331] Trial 467 finished with value: 0.4822705362540679 and parameters: {'k1': 0.0013256753393553061, 'D_low': 2840.7908153498015, 'k2': 0.0005396154196422471, 'D_high': 68489.85485538302, 'fire_exp': 1.2623904621824493, 'P_half': 23.26756999925545, 'pre_dampen_half': 0.011539692159042788, 'gpp_af': 0.0027144767007522444, 'gpp_b': 0.0068626964332856215, 'gpp_d': 165.05952488156015, 'ign_k': 0.31762075774461235, 'ign_c': 5.30096562835975, 'trop_agb_crit': 2.116053965583878, 'trop_k_veg': 4.709019609364958, 'gdp_gamma': 0.6164654930319676, 'cure_k': 0.09045801443576788, 'cure_p_min': 380.4737180383987, 'cure_gpp_ref': 0.2880548658915451, 'cure_agb_crit': 1.1113208581427945, 'fuel_k': 0.01810685162775601, 'fuel_half': 12.165729483113054}. Best is trial 0 with value: -0.6232552202351066.
[I 2026-07-25 00:33:00,781] Trial 468 finished with value: 0.5584282036958058 and parameters: {'k1': 2.197044289642025e-05, 'D_low': 20.190241552622687, 'k2': 0.09079521514381726, 'D_high': 1016662.5301946806, 'fire_exp': 4.219940616210621, 'P_half': 19.609141373365876, 'pre_dampen_half': 0.27809089918469143, 'gpp_af': 0.001429534153265181, 'gpp_b': 1.3489920862319763e-05, 'gpp_d': 1.5250395576558475, 'ign_k': 0.05118855573554492, 'ign_c': 5.880325046898842, 'trop_agb_crit': 26.29706337578065, 'trop_k_veg': 1.331771788596972, 'gdp_gamma': 1.227324941864539, 'cure_k': 0.002061643704629767, 'cure_p_min': 174.83867032295277, 'cure_gpp_ref': 0.05133376803766764, 'cure_agb_crit': 2.0238434522071342, 'fuel_k': 0.27809020458124195, 'fuel_half': 26.01550659679425}. Best is trial 0 with value: -0.6232552202351066.
[I 2026-07-25 00:33:01,228] Trial 469 finished with value: 0.5866594458137872 and parameters: {'k1': 0.00017073231430569138, 'D_low': 43.78382364631047, 'k2': 1.2876549647056056e-05, 'D_high': 98606.97133574847, 'fire_exp': 1.531887467522479, 'P_half': 9.35330728536434, 'pre_dampen_half': 1.4474887741712625, 'gpp_af': 0.0014721205379688508, 'gpp_b': 0.0038732767745674568, 'gpp_d': 1.57414144444873, 'ign_k': 0.13531198016516466, 'ign_c': 5.765257952306136, 'trop_agb_crit': 1.4175708589818208, 'trop_k_veg': 0.5859146044565141, 'gdp_gamma': 0.07654874071512799, 'cure_k': 0.02975163142541954, 'cure_p_min': 230.37493754233245, 'cure_gpp_ref': 0.08387491297817892, 'cure_agb_crit': 2.6967951026658823, 'fuel_k': 0.07556676527093689, 'fuel_half': 70.40421670412908}. Best is trial 0 with value: -0.6232552202351066.
[I 2026-07-25 00:33:01,678] Trial 470 finished with value: 0.5845534142785842 and parameters: {'k1': 0.000302415718538102, 'D_low': 50732.511863235595, 'k2': 9.116798539996169e-05, 'D_high': 32136.518010858672, 'fire_exp': 1.5791587304547825, 'P_half': 12.648803481172186, 'pre_dampen_half': 2.3153968993011556, 'gpp_af': 0.006080339784204879, 'gpp_b': 0.0016259696420035284, 'gpp_d': 6.036571055463483, 'ign_k': 0.039278063393275504, 'ign_c': 0.26570900717192814, 'trop_agb_crit': 3.7555106235539, 'trop_k_veg': 0.5091456894609652, 'gdp_gamma': 0.4472545902892132, 'cure_k': 0.05059221066069021, 'cure_p_min': 221.81274977336238, 'cure_gpp_ref': 0.12996571426408515, 'cure_agb_crit': 1.697725234148653, 'fuel_k': 0.10108572244522292, 'fuel_half': 16.6547591060763}. Best is trial 0 with value: -0.6232552202351066.
