[I 2026-08-14 14:27:10,272] Trial 843 finished with values: [-0.4257303087703327, 0.0005281594933413958] and parameters: {'k1': 0.0012329098365270509, 'D_low': 3507.515213502105, 'k2': 0.0005708731724249573, 'D_high': 316055.11434645514, 'fire_exp': 1.182396148413737, 'P_half': 269.74113434525447, 'pre_dampen_half': 0.03426913908389044, 'gpp_af': 0.030007090451279302, 'gpp_b': 0.03103333227753725, 'gpp_d': 314.6826989726468, 'ign_k': 0.567034633562729, 'ign_c': 15.221840161091626, 'trop_agb_crit': 13.98132484257899, 'trop_k_veg': 1.0540721475196824, 'fuel_k': 1.6460650207153917, 'fuel_half': 52.00581729114123}.
[I 2026-08-14 14:27:12,183] Trial 844 finished with values: [-0.3554625854118624, 0.0] and parameters: {'k1': 1.0477226564098276e-05, 'D_low': 4.043300846639722, 'k2': 1.263794633808287e-05, 'D_high': 16.752866684650684, 'fire_exp': 3.27790247797386, 'P_half': 65.33684593224972, 'pre_dampen_half': 0.15144408538724474, 'gpp_af': 0.0025511964576171086, 'gpp_b': 0.00024732964314480056, 'gpp_d': 0.06888046676681166, 'ign_k': 0.04380580767905655, 'ign_c': 105.24574681335613, 'trop_agb_crit': 2.1775224101934065, 'trop_k_veg': 0.8258248924958269, 'fuel_k': 1.6630228777630973, 'fuel_half': 10.013658413533488}.
[I 2026-08-14 14:27:14,077] Trial 845 finished with values: [-0.38571305585234755, 0.0007075441944257577] and parameters: {'k1': 0.0012329098365270509, 'D_low': 1628.7738522891475, 'k2': 0.0009670857606743155, 'D_high': 412419.21097037324, 'fire_exp': 2.1589564941849333, 'P_half': 7683.876502998063, 'pre_dampen_half': 502.5175192217655, 'gpp_af': 0.34902252478382495, 'gpp_b': 1.6569065206637924e-05, 'gpp_d': 2.292633983096564, 'ign_k': 0.04380580767905655, 'ign_c': 0.7257841640690941, 'trop_agb_crit': 13.98132484257899, 'trop_k_veg': 2.417028380770307, 'fuel_k': 0.28630931797361614, 'fuel_half': 52.00581729114123}.
[I 2026-08-14 14:27:15,964] Trial 846 finished with values: [-0.38009430452261145, 1.0053166421553072e-07] and parameters: {'k1': 0.0004688858519834985, 'D_low': 367.4904945305323, 'k2': 1.263794633808287e-05, 'D_high': 16.752866684650684, 'fire_exp': 1.075051292556307, 'P_half': 1535.1441568398143, 'pre_dampen_half': 0.10609580257119508, 'gpp_af': 1.328366284837284, 'gpp_b': 2.788681037423117, 'gpp_d': 0.06888046676681166, 'ign_k': 0.04380580767905655, 'ign_c': 105.24574681335613, 'trop_agb_crit': 5.881906289439389, 'trop_k_veg': 0.6921865222804094, 'fuel_k': 1.6630228777630973, 'fuel_half': 3.7093134348291836}.
[I 2026-08-14 14:27:17,859] Trial 847 finished with values: [-0.49109896997756286, 0.0051253871324074] and parameters: {'k1': 0.07573282902008706, 'D_low': 195.72118561834387, 'k2': 1.854837679096716e-05, 'D_high': 625838.668783032, 'fire_exp': 1.182396148413737, 'P_half': 269.74113434525447, 'pre_dampen_half': 0.03411860497758073, 'gpp_af': 0.34902252478382495, 'gpp_b': 0.03103333227753725, 'gpp_d': 3.0023172465753074, 'ign_k': 0.567034633562729, 'ign_c': 15.221840161091626, 'trop_agb_crit': 13.365572767895445, 'trop_k_veg': 1.128469461526162, 'fuel_k': 1.6460650207153917, 'fuel_half': 0.30455368715396786}.
[I 2026-08-14 14:27:20,216] Trial 848 finished with values: [-0.41805184986592786, 0.0023343724072030225] and parameters: {'k1': 0.0010204225357677778, 'D_low': 2.607160725470918, 'k2': 1.263794633808287e-05, 'D_high': 316055.11434645514, 'fire_exp': 1.223609236884634, 'P_half': 48.464976792190825, 'pre_dampen_half': 0.15144408538724474, 'gpp_af': 0.03934396739328546, 'gpp_b': 0.021028749338578137, 'gpp_d': 0.01307253094873642, 'ign_k': 0.03141110271934876, 'ign_c': 3.0378658251922155, 'trop_agb_crit': 16.86264052240002, 'trop_k_veg': 1.128469461526162, 'fuel_k': 0.5588539902953054, 'fuel_half': 10.013658413533488}.
[I 2026-08-14 14:27:22,124] Trial 849 finished with values: [-0.40216706700428445, 4.96909256075817e-07] and parameters: {'k1': 0.0012329098365270509, 'D_low': 9.222492453004657, 'k2': 1.263794633808287e-05, 'D_high': 16.752866684650684, 'fire_exp': 1.6057845024697524, 'P_half': 65.33684593224972, 'pre_dampen_half': 0.03333029838740256, 'gpp_af': 0.0025511964576171086, 'gpp_b': 0.23395511097933275, 'gpp_d': 2.292633983096564, 'ign_k': 0.0030587619047039204, 'ign_c': 0.1254144753902608, 'trop_agb_crit': 5.273338791937182, 'trop_k_veg': 3.715819581962784, 'fuel_k': 5.486054129200969, 'fuel_half': 0.30455368715396786}.
[I 2026-08-14 14:27:24,011] Trial 850 finished with values: [-0.3610358810178541, 0.0] and parameters: {'k1': 0.0004688858519834985, 'D_low': 1.7887890916820506, 'k2': 0.0009724201099820953, 'D_high': 625838.668783032, 'fire_exp': 1.7973831035976209, 'P_half': 3910.3637457741784, 'pre_dampen_half': 0.10609580257119508, 'gpp_af': 0.0023751383317256927, 'gpp_b': 2.788681037423117, 'gpp_d': 0.012284844784580964, 'ign_k': 0.31014294272127446, 'ign_c': 0.18316165443932733, 'trop_agb_crit': 5.273338791937182, 'trop_k_veg': 2.8224577471047865, 'fuel_k': 5.486054129200969, 'fuel_half': 10.013658413533488}.
[I 2026-08-14 14:27:25,864] Trial 851 finished with values: [-0.5930300680570275, 0.2634447497129373] and parameters: {'k1': 0.0010204225357677778, 'D_low': 4.043300846639722, 'k2': 0.00010939944910100016, 'D_high': 160625.60954780428, 'fire_exp': 1.6214575867079866, 'P_half': 351.2704726270846, 'pre_dampen_half': 11.886796841435256, 'gpp_af': 0.008983355849178878, 'gpp_b': 0.00012906175696809457, 'gpp_d': 2.292633983096564, 'ign_k': 0.567034633562729, 'ign_c': 3.0378658251922155, 'trop_agb_crit': 13.98132484257899, 'trop_k_veg': 1.128469461526162, 'fuel_k': 5.486054129200969, 'fuel_half': 8.115041565366717}.
[I 2026-08-14 14:27:27,735] Trial 852 finished with values: [-0.42218484510031373, 0.0006199475484259809] and parameters: {'k1': 0.0012329098365270509, 'D_low': 4.043300846639722, 'k2': 0.0009670857606743155, 'D_high': 316055.11434645514, 'fire_exp': 1.6214575867079866, 'P_half': 3910.3637457741784, 'pre_dampen_half': 0.10609580257119508, 'gpp_af': 0.008983355849178878, 'gpp_b': 0.00012906175696809457, 'gpp_d': 5.1227685768715014, 'ign_k': 0.03141110271934876, 'ign_c': 0.18316165443932733, 'trop_agb_crit': 13.98132484257899, 'trop_k_veg': 7.260694958828215, 'fuel_k': 5.486054129200969, 'fuel_half': 2.100333410321807}.
[I 2026-08-14 14:27:29,620] Trial 853 finished with values: [-0.4432285413388494, 0.00307726937257502] and parameters: {'k1': 0.00040091494283268605, 'D_low': 2.221689517798535, 'k2': 0.00010939944910100016, 'D_high': 316055.11434645514, 'fire_exp': 1.2429193829348841, 'P_half': 1254.6862035691902, 'pre_dampen_half': 0.10609580257119508, 'gpp_af': 0.0023751383317256927, 'gpp_b': 6.0327793441162e-05, 'gpp_d': 2.292633983096564, 'ign_k': 0.602755130171958, 'ign_c': 14.935213816355384, 'trop_agb_crit': 2.3118820898020997, 'trop_k_veg': 2.8224577471047865, 'fuel_k': 0.021123235354472927, 'fuel_half': 65.99277195883643}.
[I 2026-08-14 14:27:31,526] Trial 854 finished with values: [-0.44559180660871284, 0.0026213564570952697] and parameters: {'k1': 0.00040091494283268605, 'D_low': 3735.16768760467, 'k2': 1.915468390724633e-05, 'D_high': 316055.11434645514, 'fire_exp': 1.9439887028475722, 'P_half': 220.3445560633069, 'pre_dampen_half': 0.10609580257119508, 'gpp_af': 0.0023751383317256927, 'gpp_b': 6.0327793441162e-05, 'gpp_d': 8.144272585223819, 'ign_k': 1.07907786430243, 'ign_c': 14.935213816355384, 'trop_agb_crit': 2.3118820898020997, 'trop_k_veg': 2.8224577471047865, 'fuel_k': 0.021123235354472927, 'fuel_half': 0.3995528014939306}.
[I 2026-08-14 14:27:33,798] Trial 855 finished with values: [-0.3867289626253453, 5.869363883803658e-09] and parameters: {'k1': 0.0012329098365270509, 'D_low': 9.222492453004657, 'k2': 0.0005708731724249573, 'D_high': 316055.11434645514, 'fire_exp': 3.27790247797386, 'P_half': 351.2704726270846, 'pre_dampen_half': 0.03411860497758073, 'gpp_af': 0.0025511964576171086, 'gpp_b': 0.07301725821619504, 'gpp_d': 2.292633983096564, 'ign_k': 0.567034633562729, 'ign_c': 0.19678273362633986, 'trop_agb_crit': 5.273338791937182, 'trop_k_veg': 3.715819581962784, 'fuel_k': 1.6460650207153917, 'fuel_half': 0.30455368715396786}.
[I 2026-08-14 14:27:36,214] Trial 856 finished with values: [-0.3732283161681259, 5.317543405602976e-09] and parameters: {'k1': 0.0004688858519834985, 'D_low': 367.4904945305323, 'k2': 0.0013219302264066773, 'D_high': 16.752866684650684, 'fire_exp': 1.2429193829348841, 'P_half': 1535.1441568398143, 'pre_dampen_half': 0.10609580257119508, 'gpp_af': 0.0023751383317256927, 'gpp_b': 2.788681037423117, 'gpp_d': 8.144272585223819, 'ign_k': 0.0014716512163645843, 'ign_c': 105.24574681335613, 'trop_agb_crit': 5.881906289439389, 'trop_k_veg': 7.151800917825274, 'fuel_k': 1.6630228777630973, 'fuel_half': 3.7093134348291836}.
[I 2026-08-14 14:27:38,247] Trial 857 finished with values: [-0.42492409439680323, 0.00040836373596664366] and parameters: {'k1': 1.0477226564098276e-05, 'D_low': 2.0349553327469425, 'k2': 1.3243445838637965e-05, 'D_high': 316055.11434645514, 'fire_exp': 1.6214575867079866, 'P_half': 1535.1441568398143, 'pre_dampen_half': 0.10609580257119508, 'gpp_af': 0.008983355849178878, 'gpp_b': 0.00024732964314480056, 'gpp_d': 0.012284844784580964, 'ign_k': 0.04380580767905655, 'ign_c': 0.13229646467088635, 'trop_agb_crit': 2.419699259862185, 'trop_k_veg': 2.1816482703680733, 'fuel_k': 1.6630228777630973, 'fuel_half': 2.100333410321807}.
[I 2026-08-14 14:27:40,239] Trial 858 finished with values: [-0.35579005821133525, 1.633728588634753e-06] and parameters: {'k1': 0.07573282902008706, 'D_low': 647042.288423371, 'k2': 1.854837679096716e-05, 'D_high': 625838.668783032, 'fire_exp': 1.2465639280699068, 'P_half': 351.2704726270846, 'pre_dampen_half': 0.03411860497758073, 'gpp_af': 0.34902252478382495, 'gpp_b': 0.03103333227753725, 'gpp_d': 3.0023172465753074, 'ign_k': 0.567034633562729, 'ign_c': 0.3296550135838091, 'trop_agb_crit': 13.365572767895445, 'trop_k_veg': 1.128469461526162, 'fuel_k': 1.6460650207153917, 'fuel_half': 0.30455368715396786}.
[I 2026-08-14 14:27:42,545] Trial 859 finished with values: [-0.40474248536583807, 1.5790092666723154e-07] and parameters: {'k1': 0.0004688858519834985, 'D_low': 4.043300846639722, 'k2': 1.854837679096716e-05, 'D_high': 44.39648242927527, 'fire_exp': 1.2429193829348841, 'P_half': 48.464976792190825, 'pre_dampen_half': 0.011501973785501987, 'gpp_af': 0.0023751383317256927, 'gpp_b': 0.03103333227753725, 'gpp_d': 8.144272585223819, 'ign_k': 0.04380580767905655, 'ign_c': 105.24574681335613, 'trop_agb_crit': 5.881906289439389, 'trop_k_veg': 2.8224577471047865, 'fuel_k': 1.6460650207153917, 'fuel_half': 3.7093134348291836}.
[I 2026-08-14 14:27:44,476] Trial 860 finished with values: [-0.4177067439284167, 4.68402236730725e-06] and parameters: {'k1': 1.8595266457134027e-05, 'D_low': 128395.48332743198, 'k2': 1.3243445838637965e-05, 'D_high': 619847.9224692376, 'fire_exp': 1.2429193829348841, 'P_half': 1938.3858782150498, 'pre_dampen_half': 0.0195172246414495, 'gpp_af': 0.0023751383317256927, 'gpp_b': 0.00017826376967587887, 'gpp_d': 0.29114556807561554, 'ign_k': 0.03141110271934876, 'ign_c': 105.24574681335613, 'trop_agb_crit': 2.1775224101934065, 'trop_k_veg': 3.4508425771776365, 'fuel_k': 5.486054129200969, 'fuel_half': 15.581254655530845}.
[I 2026-08-14 14:27:46,379] Trial 861 finished with values: [-0.3671814815651255, 0.00016969701356095435] and parameters: {'k1': 0.0012329098365270509, 'D_low': 9.222492453004657, 'k2': 0.0009670857606743155, 'D_high': 16.752866684650684, 'fire_exp': 1.182396148413737, 'P_half': 1535.1441568398143, 'pre_dampen_half': 794.0569418107997, 'gpp_af': 0.0023751383317256927, 'gpp_b': 0.015382154459808445, 'gpp_d': 2.292633983096564, 'ign_k': 0.04380580767905655, 'ign_c': 105.24574681335613, 'trop_agb_crit': 2.1775224101934065, 'trop_k_veg': 0.6921865222804094, 'fuel_k': 1.6630228777630973, 'fuel_half': 12.136386887218588}.
[I 2026-08-14 14:27:48,150] Trial 862 finished with values: [-0.42599474329114073, 0.003680369793644056] and parameters: {'k1': 0.0010204225357677778, 'D_low': 3735.16768760467, 'k2': 1.263794633808287e-05, 'D_high': 44.39648242927527, 'fire_exp': 1.2429193829348841, 'P_half': 48.464976792190825, 'pre_dampen_half': 0.011501973785501987, 'gpp_af': 0.0023751383317256927, 'gpp_b': 3.228689523591491e-05, 'gpp_d': 2.292633983096564, 'ign_k': 0.18170401889219123, 'ign_c': 3.0378658251922155, 'trop_agb_crit': 13.98132484257899, 'trop_k_veg': 1.0540721475196824, 'fuel_k': 5.486054129200969, 'fuel_half': 6.392117784388236}.
[I 2026-08-14 14:27:50,506] Trial 863 finished with values: [-0.3940179226582895, 8.498133032830424e-07] and parameters: {'k1': 0.002136439666839362, 'D_low': 3735.16768760467, 'k2': 1.854837679096716e-05, 'D_high': 316055.11434645514, 'fire_exp': 5.598519296411119, 'P_half': 1938.3858782150498, 'pre_dampen_half': 0.03411860497758073, 'gpp_af': 0.34902252478382495, 'gpp_b': 0.03103333227753725, 'gpp_d': 2.292633983096564, 'ign_k': 0.18170401889219123, 'ign_c': 0.19678273362633986, 'trop_agb_crit': 13.98132484257899, 'trop_k_veg': 1.128469461526162, 'fuel_k': 1.6460650207153917, 'fuel_half': 52.00581729114123}.
[I 2026-08-14 14:27:53,871] Trial 864 finished with values: [-0.3554625854118624, 0.0] and parameters: {'k1': 0.0024005553432620355, 'D_low': 105.0448464633852, 'k2': 0.0009670857606743155, 'D_high': 142222.41542049937, 'fire_exp': 6.482906948913863, 'P_half': 9331.125028918148, 'pre_dampen_half': 0.10609580257119508, 'gpp_af': 0.008983355849178878, 'gpp_b': 1.1728753685919104, 'gpp_d': 0.01307253094873642, 'ign_k': 0.42258534248395396, 'ign_c': 0.18316165443932733, 'trop_agb_crit': 3.8524922362032497, 'trop_k_veg': 0.6189606672462583, 'fuel_k': 0.06382243375381637, 'fuel_half': 0.24226308267532445}.
[I 2026-08-14 14:27:56,325] Trial 865 finished with values: [-0.4198323840549949, 0.002532408716956036] and parameters: {'k1': 0.0003713474360443033, 'D_low': 14787.382840410779, 'k2': 0.00010939944910100016, 'D_high': 625838.668783032, 'fire_exp': 2.1790515574598546, 'P_half': 351.2704726270846, 'pre_dampen_half': 3.659675301686169, 'gpp_af': 0.0023751383317256927, 'gpp_b': 0.00024732964314480056, 'gpp_d': 314.6826989726468, 'ign_k': 0.04380580767905655, 'ign_c': 0.18316165443932733, 'trop_agb_crit': 2.1775224101934065, 'trop_k_veg': 2.8224577471047865, 'fuel_k': 1.6630228777630973, 'fuel_half': 65.99277195883643}.
[I 2026-08-14 14:27:59,101] Trial 866 finished with values: [-0.3554625854118624, 0.0] and parameters: {'k1': 0.0003713474360443033, 'D_low': 367.4904945305323, 'k2': 0.0005708731724249573, 'D_high': 316055.11434645514, 'fire_exp': 1.6214575867079866, 'P_half': 48.464976792190825, 'pre_dampen_half': 0.011501973785501987, 'gpp_af': 0.0023751383317256927, 'gpp_b': 0.00024732964314480056, 'gpp_d': 8.144272585223819, 'ign_k': 0.567034633562729, 'ign_c': 105.24574681335613, 'trop_agb_crit': 5.881906289439389, 'trop_k_veg': 2.8224577471047865, 'fuel_k': 3.787535619707775, 'fuel_half': 2.100333410321807}.
[I 2026-08-14 14:28:00,991] Trial 867 finished with values: [-0.3554625854118624, 0.0] and parameters: {'k1': 0.0131638092522722, 'D_low': 4.043300846639722, 'k2': 1.263794633808287e-05, 'D_high': 625838.668783032, 'fire_exp': 1.075051292556307, 'P_half': 65.33684593224972, 'pre_dampen_half': 0.15144408538724474, 'gpp_af': 0.008983355849178878, 'gpp_b': 0.00012906175696809457, 'gpp_d': 0.06888046676681166, 'ign_k': 0.31014294272127446, 'ign_c': 105.24574681335613, 'trop_agb_crit': 2.1775224101934065, 'trop_k_veg': 0.6921865222804094, 'fuel_k': 5.486054129200969, 'fuel_half': 10.013658413533488}.
[I 2026-08-14 14:28:03,356] Trial 868 finished with values: [-0.3943165916669684, 9.210386453517572e-09] and parameters: {'k1': 0.0004688858519834985, 'D_low': 367.4904945305323, 'k2': 1.854837679096716e-05, 'D_high': 222.6863880217266, 'fire_exp': 1.6214575867079866, 'P_half': 48.464976792190825, 'pre_dampen_half': 0.03411860497758073, 'gpp_af': 0.34902252478382495, 'gpp_b': 2.788681037423117, 'gpp_d': 8.144272585223819, 'ign_k': 0.04380580767905655, 'ign_c': 105.24574681335613, 'trop_agb_crit': 2.1775224101934065, 'trop_k_veg': 1.128469461526162, 'fuel_k': 1.772261104101594, 'fuel_half': 57.882001937752435}.
[I 2026-08-14 14:28:05,326] Trial 869 finished with values: [-0.4088776138045941, 1.9313080902305657e-05] and parameters: {'k1': 0.0010204225357677778, 'D_low': 2.0349553327469425, 'k2': 0.00010939944910100016, 'D_high': 316055.11434645514, 'fire_exp': 1.9439887028475722, 'P_half': 1938.3858782150498, 'pre_dampen_half': 0.0195172246414495, 'gpp_af': 0.34902252478382495, 'gpp_b': 1.1728753685919104, 'gpp_d': 2.292633983096564, 'ign_k': 0.567034633562729, 'ign_c': 0.3296550135838091, 'trop_agb_crit': 16.86264052240002, 'trop_k_veg': 1.128469461526162, 'fuel_k': 5.486054129200969, 'fuel_half': 0.30455368715396786}.
[I 2026-08-14 14:28:07,211] Trial 870 finished with values: [-0.3879676652248913, 3.3911879970816017e-09] and parameters: {'k1': 0.0012329098365270509, 'D_low': 126.11058927054879, 'k2': 0.006051580666890612, 'D_high': 316055.11434645514, 'fire_exp': 3.27790247797386, 'P_half': 8.606931125089957, 'pre_dampen_half': 0.15144408538724474, 'gpp_af': 0.0025511964576171086, 'gpp_b': 0.07311344697279921, 'gpp_d': 2.292633983096564, 'ign_k': 0.04380580767905655, 'ign_c': 3.080832558855941, 'trop_agb_crit': 5.273338791937182, 'trop_k_veg': 0.8258248924958269, 'fuel_k': 1.6630228777630973, 'fuel_half': 10.013658413533488}.
[I 2026-08-14 14:28:09,135] Trial 871 finished with values: [-0.5674565864748954, 0.18278330795074282] and parameters: {'k1': 0.07573282902008706, 'D_low': 4.043300846639722, 'k2': 0.0005708731724249573, 'D_high': 316055.11434645514, 'fire_exp': 1.7973831035976209, 'P_half': 269.74113434525447, 'pre_dampen_half': 3.659675301686169, 'gpp_af': 0.34902252478382495, 'gpp_b': 0.00024732964314480056, 'gpp_d': 314.6826989726468, 'ign_k': 0.567034633562729, 'ign_c': 3.0378658251922155, 'trop_agb_crit': 5.273338791937182, 'trop_k_veg': 1.0540721475196824, 'fuel_k': 1.6630228777630973, 'fuel_half': 52.00581729114123}.
[I 2026-08-14 14:28:11,051] Trial 872 finished with values: [-0.3554625854118624, 0.0] and parameters: {'k1': 0.00016312233285809254, 'D_low': 367.4904945305323, 'k2': 1.263794633808287e-05, 'D_high': 1826.6972566585878, 'fire_exp': 1.3224672913793163, 'P_half': 1212.4080603355412, 'pre_dampen_half': 0.03411860497758073, 'gpp_af': 0.0023751383317256927, 'gpp_b': 2.788681037423117, 'gpp_d': 0.32837927360248453, 'ign_k': 0.04380580767905655, 'ign_c': 105.24574681335613, 'trop_agb_crit': 4.347403467878529, 'trop_k_veg': 1.6906991445093917, 'fuel_k': 0.06382243375381637, 'fuel_half': 12.136386887218588}.
[I 2026-08-14 14:28:13,128] Trial 873 finished with values: [-0.5676994763149681, 0.04919482431483124] and parameters: {'k1': 0.0010204225357677778, 'D_low': 3507.515213502105, 'k2': 0.00010939944910100016, 'D_high': 316055.11434645514, 'fire_exp': 1.182396148413737, 'P_half': 220.3445560633069, 'pre_dampen_half': 3.659675301686169, 'gpp_af': 0.008983355849178878, 'gpp_b': 0.00024732964314480056, 'gpp_d': 314.6826989726468, 'ign_k': 0.28298168613109503, 'ign_c': 15.221840161091626, 'trop_agb_crit': 2.3118820898020997, 'trop_k_veg': 2.1816482703680733, 'fuel_k': 0.011892598727815663, 'fuel_half': 0.30455368715396786}.
[I 2026-08-14 14:28:15,061] Trial 874 finished with values: [-0.4123950722187414, 8.241752261894941e-05] and parameters: {'k1': 0.0012329098365270509, 'D_low': 367.4904945305323, 'k2': 1.263794633808287e-05, 'D_high': 44.39648242927527, 'fire_exp': 1.2429193829348841, 'P_half': 65.33684593224972, 'pre_dampen_half': 0.15144408538724474, 'gpp_af': 0.0025511964576171086, 'gpp_b': 0.00024732964314480056, 'gpp_d': 8.144272585223819, 'ign_k': 0.04380580767905655, 'ign_c': 105.24574681335613, 'trop_agb_crit': 2.1775224101934065, 'trop_k_veg': 2.8224577471047865, 'fuel_k': 0.06382243375381637, 'fuel_half': 3.7093134348291836}.
[I 2026-08-14 14:28:17,016] Trial 875 finished with values: [-0.4037568254682037, 1.8656549050088955e-07] and parameters: {'k1': 0.00040091494283268605, 'D_low': 105.0448464633852, 'k2': 1.915468390724633e-05, 'D_high': 4554650.17868784, 'fire_exp': 1.7405748813817126, 'P_half': 220.3445560633069, 'pre_dampen_half': 0.10609580257119508, 'gpp_af': 0.008983355849178878, 'gpp_b': 1.1728753685919104, 'gpp_d': 1.105785410092522, 'ign_k': 1.07907786430243, 'ign_c': 15.221840161091626, 'trop_agb_crit': 3.8524922362032497, 'trop_k_veg': 1.7570501127699654, 'fuel_k': 0.5588539902953054, 'fuel_half': 0.3995528014939306}.
[I 2026-08-14 14:28:19,093] Trial 876 finished with values: [-0.35625604567409674, 0.0] and parameters: {'k1': 0.00040091494283268605, 'D_low': 1.7887890916820506, 'k2': 0.0009670857606743155, 'D_high': 316055.11434645514, 'fire_exp': 1.9439887028475722, 'P_half': 3910.3637457741784, 'pre_dampen_half': 0.03411860497758073, 'gpp_af': 0.34902252478382495, 'gpp_b': 1.4862329780204044, 'gpp_d': 0.012472726063715429, 'ign_k': 0.567034633562729, 'ign_c': 0.18316165443932733, 'trop_agb_crit': 2.3118820898020997, 'trop_k_veg': 2.8224577471047865, 'fuel_k': 1.6630228777630973, 'fuel_half': 2.100333410321807}.
[I 2026-08-14 14:28:21,036] Trial 877 finished with values: [-0.40313398406846623, 2.714957014759989e-08] and parameters: {'k1': 0.0004688858519834985, 'D_low': 1.7887890916820506, 'k2': 0.00010939944910100016, 'D_high': 316055.11434645514, 'fire_exp': 1.2429193829348841, 'P_half': 3910.3637457741784, 'pre_dampen_half': 0.10609580257119508, 'gpp_af': 0.0023751383317256927, 'gpp_b': 2.788681037423117, 'gpp_d': 0.012284844784580964, 'ign_k': 0.602755130171958, 'ign_c': 14.935213816355384, 'trop_agb_crit': 13.98132484257899, 'trop_k_veg': 2.8224577471047865, 'fuel_k': 0.021123235354472927, 'fuel_half': 65.99277195883643}.
