[I 2026-07-25 00:29:53,429] Trial 53 finished with value: 0.5341604840274151 and parameters: {'k1': 0.018828418202599242, 'D_low': 1.062926160632064, 'k2': 0.006894195180287854, 'D_high': 934001.3638427958, 'fire_exp': 3.0849973366641956, 'P_half': 61.306856340954795, 'pre_dampen_half': 21.969085084899227, 'gpp_af': 0.019815312774175198, 'gpp_b': 2.666199261004687e-05, 'gpp_d': 57.0742581570265, 'ign_k': 0.001648835075401812, 'ign_c': 284.47085120280013, 'trop_agb_crit': 20.50543621305619, 'trop_k_veg': 0.9004350747936425, 'gdp_gamma': 0.6036786920988993, 'cure_k': 0.0024724742534621203, 'cure_p_min': 329.0657467055375, 'cure_gpp_ref': 0.30573925590300993, 'cure_agb_crit': 2.771801574078377, 'fuel_k': 0.0560944851318653, 'fuel_half': 1.0425738024103128}. Best is trial 0 with value: -0.6232552202351066.
[I 2026-07-25 00:29:53,907] Trial 54 finished with value: 0.5556679421004725 and parameters: {'k1': 0.00040620470342144036, 'D_low': 352.7721092099624, 'k2': 0.027293084906728958, 'D_high': 14751.783086291081, 'fire_exp': 3.0469317622689647, 'P_half': 38.12560275936322, 'pre_dampen_half': 221.1195731845044, 'gpp_af': 0.008036157641274341, 'gpp_b': 0.00023922485151394335, 'gpp_d': 3.4295731264167797, 'ign_k': 1.3924443181600354, 'ign_c': 1.6980428160466232, 'trop_agb_crit': 9.227912323864416, 'trop_k_veg': 1.1974837394699658, 'gdp_gamma': 1.7347813885334966, 'cure_k': 0.004175366271926169, 'cure_p_min': 108.8758116681645, 'cure_gpp_ref': 0.050086936924584546, 'cure_agb_crit': 2.0280752493142384, 'fuel_k': 0.17599395939609075, 'fuel_half': 91.67518449278084}. Best is trial 0 with value: -0.6232552202351066.
[I 2026-07-25 00:29:54,364] Trial 55 finished with value: 0.5880783493866234 and parameters: {'k1': 3.9481439386853463e-05, 'D_low': 6.494649476242957, 'k2': 0.01866868037592345, 'D_high': 24472.01024267672, 'fire_exp': 3.3360227775445597, 'P_half': 12.355899937255458, 'pre_dampen_half': 2.9488879807172435, 'gpp_af': 0.11539282547929319, 'gpp_b': 0.006510888190102419, 'gpp_d': 0.12000105872087519, 'ign_k': 0.022529376717244656, 'ign_c': 0.3106555088449493, 'trop_agb_crit': 6.298110606478297, 'trop_k_veg': 1.0960096101123684, 'gdp_gamma': 0.06432201529593391, 'cure_k': 0.003110065430829636, 'cure_p_min': 235.82046681049815, 'cure_gpp_ref': 0.26166446093882245, 'cure_agb_crit': 1.2237864850136986, 'fuel_k': 0.02331667641879328, 'fuel_half': 10.913352557188936}. Best is trial 0 with value: -0.6232552202351066.
[I 2026-07-25 00:29:54,802] Trial 56 finished with value: 0.5919364752040239 and parameters: {'k1': 0.003258765238558164, 'D_low': 1182.941157060647, 'k2': 0.08963934694771661, 'D_high': 35158.11255442802, 'fire_exp': 1.7756025599265535, 'P_half': 1.3006522107701768, 'pre_dampen_half': 7.290736657577668, 'gpp_af': 0.0124946060067164, 'gpp_b': 0.00013871760810491457, 'gpp_d': 25.644016252727308, 'ign_k': 0.008873835664997574, 'ign_c': 538.4855567573404, 'trop_agb_crit': 11.385495194279589, 'trop_k_veg': 1.7590644689272117, 'gdp_gamma': 0.7576789189575978, 'cure_k': 0.0019049412230301116, 'cure_p_min': 152.60105994815314, 'cure_gpp_ref': 0.362172195690043, 'cure_agb_crit': 2.078470264857196, 'fuel_k': 0.08803542789267091, 'fuel_half': 18.93271163492316}. Best is trial 0 with value: -0.6232552202351066.
[I 2026-07-25 00:29:55,245] Trial 57 finished with value: 0.6306832938562965 and parameters: {'k1': 1.727208208499244e-05, 'D_low': 1.6187586483169367, 'k2': 0.03517617074025383, 'D_high': 78.85104717819743, 'fire_exp': 3.422174212131281, 'P_half': 35.3006233924131, 'pre_dampen_half': 12.805630286051167, 'gpp_af': 0.014283965320329923, 'gpp_b': 6.50616331269125e-05, 'gpp_d': 33.55987496904611, 'ign_k': 0.034339515665076696, 'ign_c': 1.4517922889804065, 'trop_agb_crit': 11.273154041746508, 'trop_k_veg': 0.601906794149483, 'gdp_gamma': 0.5708365368006028, 'cure_k': 0.0021109078308743563, 'cure_p_min': 276.281096815115, 'cure_gpp_ref': 0.15300732568878192, 'cure_agb_crit': 4.305370245127906, 'fuel_k': 0.32540763538292633, 'fuel_half': 80.3968331860654}. Best is trial 0 with value: -0.6232552202351066.
[I 2026-07-25 00:29:55,693] Trial 58 finished with value: 0.5127727337047056 and parameters: {'k1': 0.00017426744973386016, 'D_low': 16.25660722506047, 'k2': 0.009783700967434474, 'D_high': 2445496.802000273, 'fire_exp': 2.2360814253293424, 'P_half': 229.36883502396134, 'pre_dampen_half': 11.888014445504556, 'gpp_af': 3.0097047811943187, 'gpp_b': 0.0019809331716342067, 'gpp_d': 94.78993410439664, 'ign_k': 0.0018313433796819734, 'ign_c': 0.21434720167005217, 'trop_agb_crit': 24.16585733187071, 'trop_k_veg': 0.7236425281152186, 'gdp_gamma': 1.0757423131960056, 'cure_k': 0.33537081709596367, 'cure_p_min': 254.85762552324076, 'cure_gpp_ref': 0.08878732385724523, 'cure_agb_crit': 2.883439141321851, 'fuel_k': 0.0504794373921318, 'fuel_half': 15.69785805131277}. Best is trial 0 with value: -0.6232552202351066.
[I 2026-07-25 00:29:56,131] Trial 59 finished with value: 0.6056269168997993 and parameters: {'k1': 0.0011897956907816875, 'D_low': 140.0563301137268, 'k2': 0.012198269842687745, 'D_high': 355680.58554255625, 'fire_exp': 2.565676403794663, 'P_half': 243.94709646005848, 'pre_dampen_half': 0.12989409521099396, 'gpp_af': 0.013907189524694443, 'gpp_b': 0.00024294434239121232, 'gpp_d': 0.16068191387685477, 'ign_k': 5.17366403427421, 'ign_c': 30.813079407709314, 'trop_agb_crit': 8.543041919237453, 'trop_k_veg': 1.6415663619484233, 'gdp_gamma': 0.11962208448464931, 'cure_k': 0.0012783065386550935, 'cure_p_min': 149.39279918073015, 'cure_gpp_ref': 0.0906937148685305, 'cure_agb_crit': 1.2096508714947294, 'fuel_k': 0.37348062829374645, 'fuel_half': 41.30030713644887}. Best is trial 0 with value: -0.6232552202351066.
[I 2026-07-25 00:29:56,569] Trial 60 finished with value: 0.6289293513357079 and parameters: {'k1': 1.4413348400200922e-05, 'D_low': 5.385206226760285, 'k2': 0.005348822164463474, 'D_high': 609.2476175152625, 'fire_exp': 1.9816704413880863, 'P_half': 60.743550115704146, 'pre_dampen_half': 66.10195108137188, 'gpp_af': 0.0014379370861856075, 'gpp_b': 0.0023518051820947444, 'gpp_d': 206.6922016512732, 'ign_k': 0.02244139661144383, 'ign_c': 4.565321700064911, 'trop_agb_crit': 5.059015894604047, 'trop_k_veg': 1.3854620411740348, 'gdp_gamma': 0.8729596239243869, 'cure_k': 0.0011224560056805099, 'cure_p_min': 160.86738981416585, 'cure_gpp_ref': 0.16049741340561083, 'cure_agb_crit': 1.20851756452574, 'fuel_k': 0.5582499293815912, 'fuel_half': 6.3674143337041995}. Best is trial 0 with value: -0.6232552202351066.
[I 2026-07-25 00:29:57,007] Trial 61 finished with value: 0.4012915037048145 and parameters: {'k1': 0.0010054736106868242, 'D_low': 1.3952813397542883, 'k2': 0.00010719251645555793, 'D_high': 366083.5098936707, 'fire_exp': 1.4377210708328396, 'P_half': 588.3392898820381, 'pre_dampen_half': 26.814827039841028, 'gpp_af': 0.0023567795390088764, 'gpp_b': 0.00010312484859335833, 'gpp_d': 23.839079167974838, 'ign_k': 0.00141492630656268, 'ign_c': 6.308705128102034, 'trop_agb_crit': 21.2364378855358, 'trop_k_veg': 2.3248375413734075, 'gdp_gamma': 0.6660001812865388, 'cure_k': 0.012922711802760395, 'cure_p_min': 365.45041805845216, 'cure_gpp_ref': 0.08148314517846394, 'cure_agb_crit': 2.0676687528070548, 'fuel_k': 0.24420915949053276, 'fuel_half': 0.7744354426066683}. Best is trial 0 with value: -0.6232552202351066.
[I 2026-07-25 00:29:57,450] Trial 62 finished with value: 0.5883441463822379 and parameters: {'k1': 0.00030266672987301597, 'D_low': 3.1445043926112843, 'k2': 0.00019456615553623308, 'D_high': 117792.5377892411, 'fire_exp': 1.3455005836493896, 'P_half': 6792.199617278704, 'pre_dampen_half': 18.799022957678897, 'gpp_af': 0.026524894519241508, 'gpp_b': 1.7868146460698115e-05, 'gpp_d': 0.8256930252118709, 'ign_k': 0.006962159975610008, 'ign_c': 222.42936966262798, 'trop_agb_crit': 7.172462085902601, 'trop_k_veg': 1.8921364499838107, 'gdp_gamma': 0.009447944682891686, 'cure_k': 0.00540114059547346, 'cure_p_min': 391.00772740797186, 'cure_gpp_ref': 0.0706116925306198, 'cure_agb_crit': 1.2162187295676337, 'fuel_k': 0.6753700869507356, 'fuel_half': 0.28685657352050686}. Best is trial 0 with value: -0.6232552202351066.
[I 2026-07-25 00:29:57,895] Trial 63 finished with value: 0.5776795182431667 and parameters: {'k1': 0.002748856589921157, 'D_low': 2.221847200099619, 'k2': 0.00047576172466176603, 'D_high': 17489.310275147658, 'fire_exp': 1.5142129499344168, 'P_half': 3041.794718696004, 'pre_dampen_half': 146.39117689714263, 'gpp_af': 0.00858904567264521, 'gpp_b': 0.00023254201644114515, 'gpp_d': 4.926812415704503, 'ign_k': 0.006439863466641403, 'ign_c': 794.1928653684299, 'trop_agb_crit': 10.838475127539047, 'trop_k_veg': 1.0213072092976594, 'gdp_gamma': 0.17849094316270778, 'cure_k': 0.08837603436074155, 'cure_p_min': 275.97728725460394, 'cure_gpp_ref': 0.11702581631967836, 'cure_agb_crit': 2.460851486513742, 'fuel_k': 0.23487633968658125, 'fuel_half': 0.2223195465221683}. Best is trial 0 with value: -0.6232552202351066.
[I 2026-07-25 00:29:58,343] Trial 64 finished with value: 0.6739435399717457 and parameters: {'k1': 0.00021185086796595402, 'D_low': 429.6023910738964, 'k2': 0.032072282859502414, 'D_high': 438414.57386735873, 'fire_exp': 3.4474310799822923, 'P_half': 2.794240869246552, 'pre_dampen_half': 769.4531391737604, 'gpp_af': 0.00412812304794088, 'gpp_b': 5.3505974356232196e-05, 'gpp_d': 2.5191582453933994, 'ign_k': 0.2764271859866458, 'ign_c': 12.117285418230084, 'trop_agb_crit': 28.44889956822726, 'trop_k_veg': 1.6970258640750076, 'gdp_gamma': 0.9701004480666711, 'cure_k': 0.06265089502660684, 'cure_p_min': 225.22426220673472, 'cure_gpp_ref': 0.09454935191043037, 'cure_agb_crit': 2.2862826571437793, 'fuel_k': 3.46644198491144, 'fuel_half': 33.15310819907106}. Best is trial 0 with value: -0.6232552202351066.
[I 2026-07-25 00:29:58,785] Trial 65 finished with value: 0.5829303046334493 and parameters: {'k1': 0.00010673591315574366, 'D_low': 156.7231828997575, 'k2': 0.00011269051134338962, 'D_high': 96755.79556251546, 'fire_exp': 1.4914111999462525, 'P_half': 4305.815154805665, 'pre_dampen_half': 85.91614395656596, 'gpp_af': 0.0019530390781576023, 'gpp_b': 2.7855924305895118e-05, 'gpp_d': 18.704640739812145, 'ign_k': 0.0016790150426667448, 'ign_c': 57.62232718250822, 'trop_agb_crit': 28.19234537843277, 'trop_k_veg': 0.876124458876298, 'gdp_gamma': 0.2411333782677254, 'cure_k': 0.010765839675673355, 'cure_p_min': 273.3068137728379, 'cure_gpp_ref': 0.07123567247341682, 'cure_agb_crit': 2.8474478064881086, 'fuel_k': 0.5422332964048739, 'fuel_half': 0.1370581977346807}. Best is trial 0 with value: -0.6232552202351066.
[I 2026-07-25 00:29:59,229] Trial 66 finished with value: 0.4310904761499199 and parameters: {'k1': 0.009528541414206072, 'D_low': 10.750854658585506, 'k2': 0.06324230466714409, 'D_high': 152763.586818824, 'fire_exp': 2.4723513309952967, 'P_half': 1.7627387620124688, 'pre_dampen_half': 27.57469509680739, 'gpp_af': 0.01140990438662835, 'gpp_b': 2.510699244033034e-05, 'gpp_d': 14.668295690201466, 'ign_k': 0.005009498719672139, 'ign_c': 0.2682475846662738, 'trop_agb_crit': 2.345274219930484, 'trop_k_veg': 1.5331561425609068, 'gdp_gamma': 1.448245433533038, 'cure_k': 0.004653528188046538, 'cure_p_min': 191.67147299884235, 'cure_gpp_ref': 0.23129589057197225, 'cure_agb_crit': 2.3611786645245747, 'fuel_k': 0.06881240008067549, 'fuel_half': 80.44790565579675}. Best is trial 0 with value: -0.6232552202351066.
[I 2026-07-25 00:29:59,672] Trial 67 finished with value: 0.5342741339459558 and parameters: {'k1': 0.00034027890971723016, 'D_low': 21.44960591425725, 'k2': 0.0645512970989782, 'D_high': 6481733.623656448, 'fire_exp': 1.6068329217520685, 'P_half': 51.976394889374006, 'pre_dampen_half': 433.4581488546686, 'gpp_af': 0.08266427333609533, 'gpp_b': 1.6297766160315787e-05, 'gpp_d': 318.45025410348103, 'ign_k': 0.017059568316337533, 'ign_c': 22.99341278380217, 'trop_agb_crit': 5.760127307031458, 'trop_k_veg': 2.514437855684743, 'gdp_gamma': 0.6150713337074083, 'cure_k': 0.009054376376004187, 'cure_p_min': 148.32425613417973, 'cure_gpp_ref': 0.4466302625555559, 'cure_agb_crit': 2.9298804286418596, 'fuel_k': 0.019587756488371386, 'fuel_half': 47.850321987634445}. Best is trial 0 with value: -0.6232552202351066.
[I 2026-07-25 00:30:00,116] Trial 68 finished with value: 0.6023242841557916 and parameters: {'k1': 0.00012244439966935147, 'D_low': 3.108051920990618, 'k2': 0.00042489513265983164, 'D_high': 6579.550400229704, 'fire_exp': 2.1539113801329637, 'P_half': 1259.6212201348196, 'pre_dampen_half': 152.85155008835181, 'gpp_af': 0.003704691234792161, 'gpp_b': 6.147264201170433e-05, 'gpp_d': 3.2553527309527213, 'ign_k': 0.0011641913840700771, 'ign_c': 361.13903615378433, 'trop_agb_crit': 29.566740334523335, 'trop_k_veg': 3.2288214756340943, 'gdp_gamma': 0.06503037168609546, 'cure_k': 0.003438706838502948, 'cure_p_min': 344.6105597528805, 'cure_gpp_ref': 0.13067992009706605, 'cure_agb_crit': 1.8052704215750321, 'fuel_k': 0.3921370034645278, 'fuel_half': 1.0010746186622579}. Best is trial 0 with value: -0.6232552202351066.
[I 2026-07-25 00:30:00,557] Trial 69 finished with value: 0.5724681376998799 and parameters: {'k1': 0.0008002084376269169, 'D_low': 326.3035256438421, 'k2': 0.008720109644660561, 'D_high': 2252215.6085180645, 'fire_exp': 3.0140499152618445, 'P_half': 1.5712741756425612, 'pre_dampen_half': 0.354265674960212, 'gpp_af': 11.240788856272534, 'gpp_b': 0.0011458956246615656, 'gpp_d': 15.899873733292848, 'ign_k': 0.006333217775287183, 'ign_c': 0.3315922023017039, 'trop_agb_crit': 20.391237068691744, 'trop_k_veg': 2.8073203410377605, 'gdp_gamma': 0.4860902883886723, 'cure_k': 1.1692993195672436, 'cure_p_min': 383.76451344518193, 'cure_gpp_ref': 0.22487344163469522, 'cure_agb_crit': 4.200855426439454, 'fuel_k': 0.11022365905988961, 'fuel_half': 88.87231374204018}. Best is trial 0 with value: -0.6232552202351066.
[I 2026-07-25 00:30:00,996] Trial 70 finished with value: 0.5120421997501069 and parameters: {'k1': 0.0009781971417254212, 'D_low': 785.8763101354219, 'k2': 0.015835291668902848, 'D_high': 888414.255525073, 'fire_exp': 6.289600215679406, 'P_half': 204.97232372281687, 'pre_dampen_half': 0.5225992884582678, 'gpp_af': 12.82018259073652, 'gpp_b': 0.006621765531344598, 'gpp_d': 318.9077652977069, 'ign_k': 0.006678657606567091, 'ign_c': 0.9352145836994826, 'trop_agb_crit': 4.817137924713851, 'trop_k_veg': 1.7003756968863573, 'gdp_gamma': 0.48313120800702974, 'cure_k': 0.12135055410800195, 'cure_p_min': 313.68900179945564, 'cure_gpp_ref': 0.09212706747045162, 'cure_agb_crit': 7.718941649758046, 'fuel_k': 0.01893088123027009, 'fuel_half': 8.898558355050167}. Best is trial 0 with value: -0.6232552202351066.
[I 2026-07-25 00:30:01,437] Trial 71 finished with value: 0.4361716125177242 and parameters: {'k1': 0.00016121306122145716, 'D_low': 987.3168834266164, 'k2': 0.08686978846331071, 'D_high': 2080075.277664353, 'fire_exp': 1.4890370872201655, 'P_half': 64.12601593167632, 'pre_dampen_half': 1.8494184635152862, 'gpp_af': 0.0013218787547850108, 'gpp_b': 0.000553029545417677, 'gpp_d': 220.94282989727077, 'ign_k': 0.00816134090725094, 'ign_c': 6.41281500272037, 'trop_agb_crit': 5.3813787383582365, 'trop_k_veg': 1.1354012079628109, 'gdp_gamma': 0.7196636283200497, 'cure_k': 0.0348965762296953, 'cure_p_min': 300.21640188849636, 'cure_gpp_ref': 0.08667185525657592, 'cure_agb_crit': 2.657501247576896, 'fuel_k': 0.05188104077736743, 'fuel_half': 1.9032912194460743}. Best is trial 0 with value: -0.6232552202351066.
[I 2026-07-25 00:30:01,877] Trial 72 finished with value: 0.5910573224717318 and parameters: {'k1': 6.997674576254873e-05, 'D_low': 230.31230247399006, 'k2': 0.04896907971661407, 'D_high': 11545.928527127506, 'fire_exp': 5.012332035069973, 'P_half': 2.2089553323756173, 'pre_dampen_half': 2.0297360796431994, 'gpp_af': 0.03196514845609721, 'gpp_b': 0.007059467980286131, 'gpp_d': 0.6344014680201887, 'ign_k': 0.057725604040036946, 'ign_c': 7.069477951722095, 'trop_agb_crit': 11.74025603801799, 'trop_k_veg': 1.2237717578606797, 'gdp_gamma': 1.7425153029368339, 'cure_k': 0.006176026063572913, 'cure_p_min': 149.15941377629719, 'cure_gpp_ref': 0.06302910875538745, 'cure_agb_crit': 1.3904760074138323, 'fuel_k': 1.050504192201798, 'fuel_half': 29.337523458864794}. Best is trial 0 with value: -0.6232552202351066.
[I 2026-07-25 00:30:02,314] Trial 73 finished with value: 0.610048462997528 and parameters: {'k1': 0.009220746234866281, 'D_low': 716.8486734823921, 'k2': 0.022136202094056978, 'D_high': 310139.1169247237, 'fire_exp': 6.011584284266995, 'P_half': 122.40611988455431, 'pre_dampen_half': 51.420647697589, 'gpp_af': 0.0010561968173449208, 'gpp_b': 0.00046333503378343313, 'gpp_d': 1.1047517623874177, 'ign_k': 0.2121971952915071, 'ign_c': 38.20578495346698, 'trop_agb_crit': 18.582484719190887, 'trop_k_veg': 0.8301206026115705, 'gdp_gamma': 0.7890035866436841, 'cure_k': 0.003463429347863444, 'cure_p_min': 182.9484428452894, 'cure_gpp_ref': 0.07679197916081562, 'cure_agb_crit': 1.415535050605964, 'fuel_k': 1.4622001540678093, 'fuel_half': 2.24810527123376}. Best is trial 0 with value: -0.6232552202351066.
[I 2026-07-25 00:30:02,757] Trial 74 finished with value: 0.556824612116459 and parameters: {'k1': 0.0008394845043918821, 'D_low': 27.693740426068096, 'k2': 0.049339234429048015, 'D_high': 33388.9974599463, 'fire_exp': 2.19173737825153, 'P_half': 110.91610188763528, 'pre_dampen_half': 120.11461138912128, 'gpp_af': 1.11424965595713, 'gpp_b': 1.4292255147271175e-05, 'gpp_d': 111.87439577576131, 'ign_k': 0.011724118361824047, 'ign_c': 85.23189605463322, 'trop_agb_crit': 28.122995647395673, 'trop_k_veg': 0.933341810697344, 'gdp_gamma': 0.41812374568676136, 'cure_k': 0.002104865098893837, 'cure_p_min': 137.8616758399639, 'cure_gpp_ref': 0.0938995237750616, 'cure_agb_crit': 2.1237816381800285, 'fuel_k': 0.022697344395001855, 'fuel_half': 55.83285517143446}. Best is trial 0 with value: -0.6232552202351066.
[I 2026-07-25 00:30:03,212] Trial 75 finished with value: 0.5218216525377173 and parameters: {'k1': 7.606036619742004e-05, 'D_low': 4.213038480674846, 'k2': 0.031150067266416052, 'D_high': 27863.63440383333, 'fire_exp': 2.371776080104669, 'P_half': 90.54252681029197, 'pre_dampen_half': 11.399387071094027, 'gpp_af': 0.40443051096956034, 'gpp_b': 2.8897147379578937e-05, 'gpp_d': 2.2450788042273206, 'ign_k': 0.018788566809052627, 'ign_c': 0.5875685477781658, 'trop_agb_crit': 6.350807745348916, 'trop_k_veg': 2.0302446505096188, 'gdp_gamma': 1.2571912432426036, 'cure_k': 0.00436176986574201, 'cure_p_min': 195.4654033027167, 'cure_gpp_ref': 0.2659332126531454, 'cure_agb_crit': 3.2321542964357297, 'fuel_k': 1.5438013919850802, 'fuel_half': 95.23426948909936}. Best is trial 0 with value: -0.6232552202351066.
[I 2026-07-25 00:30:03,653] Trial 76 finished with value: 0.5591711358687734 and parameters: {'k1': 0.0007170134155804356, 'D_low': 3748.1091107880547, 'k2': 0.06932020443090431, 'D_high': 8049831.504748659, 'fire_exp': 2.552121287147806, 'P_half': 198.8438827018892, 'pre_dampen_half': 0.033127449993778896, 'gpp_af': 12.69812469482454, 'gpp_b': 8.292367101358716e-05, 'gpp_d': 87.75144728817548, 'ign_k': 0.002466706788775171, 'ign_c': 10.120428377756083, 'trop_agb_crit': 3.3081694463287774, 'trop_k_veg': 0.6891403591647713, 'gdp_gamma': 0.8862613425921548, 'cure_k': 0.5249373807412201, 'cure_p_min': 365.136229746442, 'cure_gpp_ref': 0.30628495294037233, 'cure_agb_crit': 3.2726379946457294, 'fuel_k': 0.028696625838999863, 'fuel_half': 9.295190707621591}. Best is trial 0 with value: -0.6232552202351066.
[I 2026-07-25 00:30:04,092] Trial 77 finished with value: 0.41989836251329526 and parameters: {'k1': 8.825225513749763e-05, 'D_low': 2000.204441559931, 'k2': 0.03339744412131253, 'D_high': 2417963.2212955756, 'fire_exp': 2.198432918411882, 'P_half': 209.6711586312233, 'pre_dampen_half': 77.98168553644759, 'gpp_af': 3.242721933810922, 'gpp_b': 3.0992808634994235e-05, 'gpp_d': 271.34389120435566, 'ign_k': 0.1493305603502931, 'ign_c': 0.6267199852376778, 'trop_agb_crit': 12.46315051804685, 'trop_k_veg': 1.077364517142079, 'gdp_gamma': 0.2252254412947225, 'cure_k': 0.03883048627661815, 'cure_p_min': 284.95914293710234, 'cure_gpp_ref': 0.20428040354558583, 'cure_agb_crit': 4.248561896935577, 'fuel_k': 0.02556290102345664, 'fuel_half': 55.43770116320602}. Best is trial 0 with value: -0.6232552202351066.
[I 2026-07-25 00:30:04,560] Trial 78 finished with value: 0.5652670156661668 and parameters: {'k1': 1.123856601600958e-05, 'D_low': 8.85167614632138, 'k2': 0.004769510046856835, 'D_high': 376746.41805356374, 'fire_exp': 4.021770696399336, 'P_half': 41.167868195026145, 'pre_dampen_half': 0.9083444922263544, 'gpp_af': 2.3372587530967666, 'gpp_b': 3.7798425694275545e-05, 'gpp_d': 281.8683934553467, 'ign_k': 0.047824344199654804, 'ign_c': 0.3491545253153024, 'trop_agb_crit': 6.407712962340815, 'trop_k_veg': 1.3685339035305113, 'gdp_gamma': 0.3307967593931957, 'cure_k': 0.0013457424516301155, 'cure_p_min': 301.3833694960709, 'cure_gpp_ref': 0.06840009251669013, 'cure_agb_crit': 1.3735114786167641, 'fuel_k': 0.0349865500572181, 'fuel_half': 1.8908453265635525}. Best is trial 0 with value: -0.6232552202351066.
[I 2026-07-25 00:30:05,029] Trial 79 finished with value: 0.5106594841232793 and parameters: {'k1': 0.05000719352215354, 'D_low': 110.86510059441757, 'k2': 0.007427176386380458, 'D_high': 206474.4166273663, 'fire_exp': 3.5183791231014196, 'P_half': 120.37496504795877, 'pre_dampen_half': 45.46968784680091, 'gpp_af': 0.21443932153192916, 'gpp_b': 3.9137319321100786e-05, 'gpp_d': 464.7052091274076, 'ign_k': 0.0013424046312761372, 'ign_c': 1.8666028068446987, 'trop_agb_crit': 11.25842416515545, 'trop_k_veg': 0.5374286394898272, 'gdp_gamma': 0.7376521485904682, 'cure_k': 0.008975386790475333, 'cure_p_min': 191.0387276797438, 'cure_gpp_ref': 0.1930784027629111, 'cure_agb_crit': 2.5110857455636055, 'fuel_k': 0.02291391923870475, 'fuel_half': 22.303152405229515}. Best is trial 0 with value: -0.6232552202351066.
