[I 2026-07-22 20:37:22,320] Trial 244 finished with values: [10.357433967428474, 10.357433967428474] and parameters: {'k1': 0.008471801418819975, 'D_low': 172.23884402537843, 'k2': 4.207988669606632e-05, 'D_high': 125325.84471303935, 'fire_exp': 1.0674039642039916, 'P_half': 1206.784354929152, 'pre_dampen_half': 10.129197956845726, 'gpp_af': 0.017638479543546873, 'gpp_b': 0.00036184510553922684, 'gpp_d': 0.027765958408796157, 'ign_k': 0.008226074946221037, 'ign_c': 0.7068974950624601, 'trop_agb_crit': 8.492290599869307, 'trop_k_veg': 1.372760022287972, 'fuel_k': 0.07002142869039267, 'fuel_half': 3.75205585512428}.
[I 2026-07-22 20:37:22,743] Trial 245 finished with values: [12.288769761799806, 12.288769761799806] and parameters: {'k1': 0.0001971137615017176, 'D_low': 2240.9155921647994, 'k2': 4.207988669606632e-05, 'D_high': 25566.506194206, 'fire_exp': 1.10726080528881, 'P_half': 11.545165697879465, 'pre_dampen_half': 331.7366635899375, 'gpp_af': 0.2901272149738624, 'gpp_b': 0.0008239138919814073, 'gpp_d': 2.545074556541602, 'ign_k': 0.0029519227433917453, 'ign_c': 0.7068974950624601, 'trop_agb_crit': 3.1419938725278875, 'trop_k_veg': 6.863422129054256, 'fuel_k': 4.0632364973692425, 'fuel_half': 0.30817917005205625}.
[I 2026-07-22 20:37:23,175] Trial 246 finished with values: [-0.7284243082299426, 0.16370097357587132] and parameters: {'k1': 0.00022704877557909215, 'D_low': 216.6574784061471, 'k2': 0.0009562822793888481, 'D_high': 2413579.2291304003, 'fire_exp': 1.5532616753672623, 'P_half': 355.00125258511594, 'pre_dampen_half': 16.224010950061366, 'gpp_af': 3.470266988650414, 'gpp_b': 1.3289448722869181e-05, 'gpp_d': 36.831884165358964, 'ign_k': 2.136832907235876, 'ign_c': 17.583640270008498, 'trop_agb_crit': 2.7395739167173065, 'trop_k_veg': 3.1470652177597604, 'fuel_k': 0.07002142869039267, 'fuel_half': 0.3036855685244964}.
[I 2026-07-22 20:37:23,591] Trial 247 finished with values: [-0.40165463592369355, 0.35986637536341015] and parameters: {'k1': 0.007926237587961899, 'D_low': 47.81931841485258, 'k2': 0.002173988526401145, 'D_high': 267535.550698083, 'fire_exp': 1.8702969605969864, 'P_half': 13.30003421978439, 'pre_dampen_half': 565.0116730717867, 'gpp_af': 28.2695515681613, 'gpp_b': 0.005419266601560437, 'gpp_d': 12.6084874067596, 'ign_k': 0.012868405331151606, 'ign_c': 0.29126651668813763, 'trop_agb_crit': 1.1693687409928537, 'trop_k_veg': 1.331829048405031, 'fuel_k': 0.41829719944607047, 'fuel_half': 0.1614670469622492}.
[I 2026-07-22 20:37:24,017] Trial 248 finished with values: [-0.6652793687515072, 0.1450933720638472] and parameters: {'k1': 0.012840669372724958, 'D_low': 2240.9155921647994, 'k2': 0.014666151770108535, 'D_high': 2742371.6496047364, 'fire_exp': 1.8719045352638064, 'P_half': 60.759029110813756, 'pre_dampen_half': 13.472769577631588, 'gpp_af': 0.2991469302130216, 'gpp_b': 0.0004382884213732982, 'gpp_d': 352.0481045526035, 'ign_k': 0.0029519227433917453, 'ign_c': 0.2939463458625969, 'trop_agb_crit': 2.679156169946616, 'trop_k_veg': 2.1144348148283285, 'fuel_k': 4.710433409437071, 'fuel_half': 1.3323297901105766}.
[I 2026-07-22 20:37:24,443] Trial 249 finished with values: [10.767691906840188, 10.767691906840188] and parameters: {'k1': 0.008471801418819975, 'D_low': 961052.2525101211, 'k2': 0.0006863458703786212, 'D_high': 7589190.453000005, 'fire_exp': 1.4284956407464617, 'P_half': 20.654107883022302, 'pre_dampen_half': 0.2774295811500811, 'gpp_af': 0.2204465010099918, 'gpp_b': 2.852199954727099e-05, 'gpp_d': 707.2114131472224, 'ign_k': 0.0029519227433917453, 'ign_c': 0.8446694862290623, 'trop_agb_crit': 1.8559980846490576, 'trop_k_veg': 6.825463866194253, 'fuel_k': 0.03201034713747641, 'fuel_half': 3.75205585512428}.
[I 2026-07-22 20:37:24,867] Trial 250 finished with values: [10.76068012591476, 10.76068012591476] and parameters: {'k1': 0.038650368562597265, 'D_low': 1.5983646703804382, 'k2': 0.03699867920489092, 'D_high': 108.12328381849699, 'fire_exp': 2.0715108722728917, 'P_half': 1.457050032975653, 'pre_dampen_half': 1.3517815393159887, 'gpp_af': 0.024714492403026287, 'gpp_b': 0.00011536203425923768, 'gpp_d': 0.027765958408796157, 'ign_k': 0.013276678836047658, 'ign_c': 6.968111190775308, 'trop_agb_crit': 2.017343814481252, 'trop_k_veg': 0.8170196702261714, 'fuel_k': 0.1794822172738162, 'fuel_half': 72.7420826493834}.
[I 2026-07-22 20:37:25,290] Trial 251 finished with values: [-0.17258017659033692, 0.31828639175337536] and parameters: {'k1': 4.513311251103459e-05, 'D_low': 3907.96715682288, 'k2': 4.207988669606632e-05, 'D_high': 25566.506194206, 'fire_exp': 1.4284956407464617, 'P_half': 1.104970302415413, 'pre_dampen_half': 10.129197956845726, 'gpp_af': 3.470266988650414, 'gpp_b': 0.0008239138919814073, 'gpp_d': 707.2114131472224, 'ign_k': 4.59148521674054, 'ign_c': 0.7068974950624601, 'trop_agb_crit': 1.8559980846490576, 'trop_k_veg': 1.733613253381165, 'fuel_k': 0.07002142869039267, 'fuel_half': 3.75205585512428}.
[I 2026-07-22 20:37:25,720] Trial 252 finished with values: [10.52524599899145, 10.52524599899145] and parameters: {'k1': 0.0001971137615017176, 'D_low': 356.959242804259, 'k2': 2.296989871634208e-05, 'D_high': 284.74649993162916, 'fire_exp': 1.10726080528881, 'P_half': 277.00025557434554, 'pre_dampen_half': 0.2774295811500811, 'gpp_af': 0.8057329182285735, 'gpp_b': 0.0001484082099455773, 'gpp_d': 2.545074556541602, 'ign_k': 0.0029519227433917453, 'ign_c': 0.8053471030316095, 'trop_agb_crit': 3.1419938725278875, 'trop_k_veg': 6.863422129054256, 'fuel_k': 4.0995500417030915, 'fuel_half': 0.30817917005205625}.
[I 2026-07-22 20:37:26,141] Trial 253 finished with values: [10.993318075703982, 10.993318075703982] and parameters: {'k1': 0.004898620823554844, 'D_low': 3.86371393182755, 'k2': 0.0195165137832656, 'D_high': 2007776.2367162877, 'fire_exp': 1.1234725391720877, 'P_half': 102.4585893986732, 'pre_dampen_half': 70.78932406899753, 'gpp_af': 0.05511595477601764, 'gpp_b': 0.0001484082099455773, 'gpp_d': 40.95062894476691, 'ign_k': 0.013276678836047658, 'ign_c': 30.785541778315018, 'trop_agb_crit': 6.289029460848807, 'trop_k_veg': 0.8170196702261714, 'fuel_k': 0.025620781631399487, 'fuel_half': 84.6362160256194}.
[I 2026-07-22 20:37:26,560] Trial 254 finished with values: [10.53660590559916, 10.53660590559916] and parameters: {'k1': 0.007926237587961899, 'D_low': 47.81931841485258, 'k2': 0.0003845635122720661, 'D_high': 267535.550698083, 'fire_exp': 1.480442702914831, 'P_half': 279.82272717049284, 'pre_dampen_half': 0.8726691654212084, 'gpp_af': 0.0021221774916927918, 'gpp_b': 0.0013672126623075966, 'gpp_d': 5.346676975436892, 'ign_k': 2.5383218374507304, 'ign_c': 1.8522006003174372, 'trop_agb_crit': 1.7797595772834214, 'trop_k_veg': 0.559773544096922, 'fuel_k': 2.3801202050712624, 'fuel_half': 12.24868285680487}.
[I 2026-07-22 20:37:26,973] Trial 255 finished with values: [-0.5529367554852878, 0.11773668626013767] and parameters: {'k1': 0.0009299619346742016, 'D_low': 1.6752866684650682, 'k2': 0.015109086063191909, 'D_high': 693439.2750387826, 'fire_exp': 1.1234725391720877, 'P_half': 56.22114524476698, 'pre_dampen_half': 0.7245868181143029, 'gpp_af': 0.05511595477601764, 'gpp_b': 0.004458440839692221, 'gpp_d': 274.48645214004335, 'ign_k': 2.7142572552186843, 'ign_c': 5.199673923878318, 'trop_agb_crit': 10.584071370490857, 'trop_k_veg': 4.129715873342729, 'fuel_k': 0.025620781631399487, 'fuel_half': 1.0889347318773486}.
[I 2026-07-22 20:37:27,393] Trial 256 finished with values: [10.690154275551043, 10.690154275551043] and parameters: {'k1': 0.07799059237255677, 'D_low': 228.34228779494518, 'k2': 0.03699867920489092, 'D_high': 61211.32154754238, 'fire_exp': 2.0715108722728917, 'P_half': 102.4585893986732, 'pre_dampen_half': 0.12701296780687243, 'gpp_af': 0.2901272149738624, 'gpp_b': 0.0001484082099455773, 'gpp_d': 40.95062894476691, 'ign_k': 0.013276678836047658, 'ign_c': 0.12510188850164433, 'trop_agb_crit': 8.983402272488592, 'trop_k_veg': 0.8170196702261714, 'fuel_k': 4.0995500417030915, 'fuel_half': 72.7420826493834}.
[I 2026-07-22 20:37:27,804] Trial 257 finished with values: [11.00898479217835, 11.00898479217835] and parameters: {'k1': 1.263794633808287e-05, 'D_low': 32677.376097937307, 'k2': 0.03699867920489092, 'D_high': 61211.32154754238, 'fire_exp': 1.0871627347485018, 'P_half': 94.99072859745384, 'pre_dampen_half': 13.472769577631588, 'gpp_af': 0.04897515106470033, 'gpp_b': 0.004458440839692221, 'gpp_d': 59.945376567988106, 'ign_k': 0.013276678836047658, 'ign_c': 0.2939463458625969, 'trop_agb_crit': 7.513532694186442, 'trop_k_veg': 2.1144348148283285, 'fuel_k': 4.710433409437071, 'fuel_half': 1.3323297901105766}.
[I 2026-07-22 20:37:28,224] Trial 258 finished with values: [-0.1777672348424102, 0.2625199165025007] and parameters: {'k1': 3.511445258128687e-05, 'D_low': 216.6574784061471, 'k2': 1.3357240411974104e-05, 'D_high': 25566.506194206, 'fire_exp': 1.9325784557452017, 'P_half': 8.318314747941244, 'pre_dampen_half': 132.86323715350125, 'gpp_af': 3.470266988650414, 'gpp_b': 0.0008239138919814073, 'gpp_d': 707.2114131472224, 'ign_k': 0.008226074946221037, 'ign_c': 0.7068974950624601, 'trop_agb_crit': 18.785197416433792, 'trop_k_veg': 1.034587866621145, 'fuel_k': 3.826843441487285, 'fuel_half': 0.17108183937377372}.
[I 2026-07-22 20:37:28,641] Trial 259 finished with values: [10.76923076903347, 10.76923076903347] and parameters: {'k1': 0.008471801418819975, 'D_low': 27972.024228472703, 'k2': 0.0019856031481305684, 'D_high': 7589190.453000005, 'fire_exp': 1.4284956407464617, 'P_half': 24.617096698415132, 'pre_dampen_half': 14.689407256107613, 'gpp_af': 3.470266988650414, 'gpp_b': 0.0008239138919814073, 'gpp_d': 707.2114131472224, 'ign_k': 4.59148521674054, 'ign_c': 183.3717796770994, 'trop_agb_crit': 3.3887235042490564, 'trop_k_veg': 1.733613253381165, 'fuel_k': 0.07002142869039267, 'fuel_half': 1.0889347318773486}.
[I 2026-07-22 20:37:29,063] Trial 260 finished with values: [10.197277961731313, 10.197277961731313] and parameters: {'k1': 9.580682294110428e-05, 'D_low': 86.64406862241785, 'k2': 0.015161591075671724, 'D_high': 4905912.994162975, 'fire_exp': 1.4284956407464617, 'P_half': 1.104970302415413, 'pre_dampen_half': 24.551654436784784, 'gpp_af': 0.6739998811889463, 'gpp_b': 0.0008239138919814073, 'gpp_d': 0.02581696750231143, 'ign_k': 0.008226074946221037, 'ign_c': 0.7240382572465286, 'trop_agb_crit': 1.111888584843313, 'trop_k_veg': 1.034587866621145, 'fuel_k': 3.826843441487285, 'fuel_half': 0.5938312608859317}.
[I 2026-07-22 20:37:29,474] Trial 261 finished with values: [10.492139004346372, 10.492139004346372] and parameters: {'k1': 0.012840669372724958, 'D_low': 2240.9155921647994, 'k2': 0.014666151770108535, 'D_high': 2742371.6496047364, 'fire_exp': 1.0674039642039916, 'P_half': 93.43302657318476, 'pre_dampen_half': 167.63957643123777, 'gpp_af': 0.2991469302130216, 'gpp_b': 0.1210586460784492, 'gpp_d': 352.0481045526035, 'ign_k': 0.0029519227433917453, 'ign_c': 0.2939463458625969, 'trop_agb_crit': 8.492290599869307, 'trop_k_veg': 2.1144348148283285, 'fuel_k': 4.710433409437071, 'fuel_half': 1.3323297901105766}.
[I 2026-07-22 20:37:29,886] Trial 262 finished with values: [10.412352202479779, 10.412352202479779] and parameters: {'k1': 0.004149969043497543, 'D_low': 2240.9155921647994, 'k2': 4.207988669606632e-05, 'D_high': 25566.506194206, 'fire_exp': 1.10726080528881, 'P_half': 102.4585893986732, 'pre_dampen_half': 0.2774295811500811, 'gpp_af': 0.2901272149738624, 'gpp_b': 0.0008239138919814073, 'gpp_d': 2.545074556541602, 'ign_k': 0.003296550135838091, 'ign_c': 39.52220881906112, 'trop_agb_crit': 18.785197416433792, 'trop_k_veg': 6.863422129054256, 'fuel_k': 4.0632364973692425, 'fuel_half': 0.30817917005205625}.
[I 2026-07-22 20:37:30,304] Trial 263 finished with values: [-0.7599319736947521, 0.0702003455591006] and parameters: {'k1': 0.028401063201780267, 'D_low': 16.00237013173313, 'k2': 0.00033271381912662167, 'D_high': 6525529.853354094, 'fire_exp': 1.5191397119156032, 'P_half': 157.80309954142965, 'pre_dampen_half': 8.259599205585761, 'gpp_af': 0.03522602097143089, 'gpp_b': 0.00012118589392553798, 'gpp_d': 12.338826503601998, 'ign_k': 3.965503094323014, 'ign_c': 22.126836566118193, 'trop_agb_crit': 5.526463318565575, 'trop_k_veg': 2.724170387400844, 'fuel_k': 0.10978148458640455, 'fuel_half': 0.6603566884894324}.
[I 2026-07-22 20:37:30,721] Trial 264 finished with values: [10.050374881161348, 10.050374881161348] and parameters: {'k1': 0.0009299619346742016, 'D_low': 3.86371393182755, 'k2': 0.00016536937182824412, 'D_high': 7589190.453000005, 'fire_exp': 1.8719045352638064, 'P_half': 102.4585893986732, 'pre_dampen_half': 0.9829324480069707, 'gpp_af': 0.2901272149738624, 'gpp_b': 2.176805640408474e-05, 'gpp_d': 40.95062894476691, 'ign_k': 0.0029519227433917453, 'ign_c': 0.12510188850164433, 'trop_agb_crit': 12.647327018493208, 'trop_k_veg': 2.1144348148283285, 'fuel_k': 4.0632364973692425, 'fuel_half': 0.43540407017515786}.
[I 2026-07-22 20:37:31,138] Trial 265 finished with values: [10.76923076903347, 10.76923076903347] and parameters: {'k1': 0.0011101191524846067, 'D_low': 86.64406862241785, 'k2': 0.015161591075671724, 'D_high': 893.5110590331861, 'fire_exp': 1.4951483674354806, 'P_half': 93.43302657318476, 'pre_dampen_half': 272.9378165037472, 'gpp_af': 0.22965432344634348, 'gpp_b': 5.2187377767382e-05, 'gpp_d': 36.831884165358964, 'ign_k': 1.104435084712469, 'ign_c': 44.67752817973901, 'trop_agb_crit': 1.7024582907699128, 'trop_k_veg': 1.0006736835346968, 'fuel_k': 4.710433409437071, 'fuel_half': 1.3323297901105766}.
[I 2026-07-22 20:37:31,551] Trial 266 finished with values: [10.677313102352265, 10.677313102352265] and parameters: {'k1': 0.008471801418819975, 'D_low': 2.4063018320720926, 'k2': 0.06359958019698479, 'D_high': 2742371.6496047364, 'fire_exp': 1.5532616753672623, 'P_half': 355.00125258511594, 'pre_dampen_half': 0.05692321998383699, 'gpp_af': 0.2204465010099918, 'gpp_b': 2.176805640408474e-05, 'gpp_d': 36.831884165358964, 'ign_k': 0.0029519227433917453, 'ign_c': 17.583640270008498, 'trop_agb_crit': 3.1419938725278875, 'trop_k_veg': 1.9658897090912955, 'fuel_k': 0.07002142869039267, 'fuel_half': 3.75205585512428}.
[I 2026-07-22 20:37:31,975] Trial 267 finished with values: [-0.24204008844730762, 0.28178252385980773] and parameters: {'k1': 0.00021066486017042195, 'D_low': 86.64406862241785, 'k2': 0.015161591075671724, 'D_high': 3926.528972017098, 'fire_exp': 2.3741192393071335, 'P_half': 2.0598022365449626, 'pre_dampen_half': 272.9378165037472, 'gpp_af': 0.22965432344634348, 'gpp_b': 0.0032988601261053764, 'gpp_d': 15.582234588921391, 'ign_k': 1.104435084712469, 'ign_c': 0.12299210465793126, 'trop_agb_crit': 2.116824560533658, 'trop_k_veg': 2.2447221162684823, 'fuel_k': 0.28328975157735103, 'fuel_half': 1.9170041589170657}.
[I 2026-07-22 20:37:32,420] Trial 268 finished with values: [10.238038950620089, 10.238038950620089] and parameters: {'k1': 0.0009299619346742016, 'D_low': 216.6574784061471, 'k2': 0.06598741607403362, 'D_high': 2552396.0446765427, 'fire_exp': 1.0425212905832526, 'P_half': 8.318314747941244, 'pre_dampen_half': 14.689407256107613, 'gpp_af': 0.017324270154949098, 'gpp_b': 0.0013672126623075966, 'gpp_d': 0.04409594046630608, 'ign_k': 0.0011417577140741143, 'ign_c': 0.5655677524618509, 'trop_agb_crit': 3.8662963191024917, 'trop_k_veg': 1.034587866621145, 'fuel_k': 0.45000412754978936, 'fuel_half': 0.43540407017515786}.
[I 2026-07-22 20:37:32,851] Trial 269 finished with values: [10.086043475901349, 10.086043475901349] and parameters: {'k1': 0.008471801418819975, 'D_low': 2.4063018320720926, 'k2': 1.3357240411974104e-05, 'D_high': 65835.85310972678, 'fire_exp': 1.9325784557452017, 'P_half': 8.318314747941244, 'pre_dampen_half': 132.86323715350125, 'gpp_af': 0.24002253099641152, 'gpp_b': 0.005419266601560437, 'gpp_d': 36.831884165358964, 'ign_k': 2.136832907235876, 'ign_c': 17.583640270008498, 'trop_agb_crit': 1.111888584843313, 'trop_k_veg': 1.034587866621145, 'fuel_k': 0.07002142869039267, 'fuel_half': 3.75205585512428}.
[I 2026-07-22 20:37:33,279] Trial 270 finished with values: [10.359609666333231, 10.359609666333231] and parameters: {'k1': 0.0011101191524846067, 'D_low': 2240.9155921647994, 'k2': 0.06598741607403362, 'D_high': 2742371.6496047364, 'fire_exp': 1.6618799814410974, 'P_half': 93.43302657318476, 'pre_dampen_half': 345.01054536130147, 'gpp_af': 0.04897515106470033, 'gpp_b': 2.176805640408474e-05, 'gpp_d': 352.0481045526035, 'ign_k': 0.0029519227433917453, 'ign_c': 44.67752817973901, 'trop_agb_crit': 9.286923253577127, 'trop_k_veg': 0.559773544096922, 'fuel_k': 4.710433409437071, 'fuel_half': 1.3323297901105766}.
[I 2026-07-22 20:37:33,689] Trial 271 finished with values: [10.606686508359816, 10.606686508359816] and parameters: {'k1': 3.511445258128687e-05, 'D_low': 2240.9155921647994, 'k2': 0.014666151770108535, 'D_high': 34634.27660734638, 'fire_exp': 1.8719045352638064, 'P_half': 56.22114524476698, 'pre_dampen_half': 13.472769577631588, 'gpp_af': 0.05511595477601764, 'gpp_b': 0.0028993292583566945, 'gpp_d': 82.84476373292442, 'ign_k': 0.038563028138793747, 'ign_c': 30.785541778315018, 'trop_agb_crit': 18.785197416433792, 'trop_k_veg': 6.955154171468271, 'fuel_k': 0.025620781631399487, 'fuel_half': 1.3323297901105766}.
[I 2026-07-22 20:37:34,105] Trial 272 finished with values: [10.555796973973937, 10.555796973973937] and parameters: {'k1': 1.3243445838637965e-05, 'D_low': 1.6752866684650682, 'k2': 0.014666151770108535, 'D_high': 7589190.453000005, 'fire_exp': 1.1234725391720877, 'P_half': 102.4585893986732, 'pre_dampen_half': 0.23500440978155998, 'gpp_af': 0.2901272149738624, 'gpp_b': 2.852199954727099e-05, 'gpp_d': 0.04409594046630608, 'ign_k': 0.001609633064821938, 'ign_c': 0.12510188850164433, 'trop_agb_crit': 2.679156169946616, 'trop_k_veg': 2.927602344444864, 'fuel_k': 0.03201034713747641, 'fuel_half': 1.3323297901105766}.
[I 2026-07-22 20:37:34,520] Trial 273 finished with values: [10.428012161009727, 10.428012161009727] and parameters: {'k1': 1.263794633808287e-05, 'D_low': 216.6574784061471, 'k2': 0.03699867920489092, 'D_high': 8014305.395362329, 'fire_exp': 1.0871627347485018, 'P_half': 43.38464271474826, 'pre_dampen_half': 7.665128204660192, 'gpp_af': 0.4840298156332326, 'gpp_b': 0.004458440839692221, 'gpp_d': 59.945376567988106, 'ign_k': 0.008226074946221037, 'ign_c': 377.04815040649373, 'trop_agb_crit': 7.513532694186442, 'trop_k_veg': 1.034587866621145, 'fuel_k': 3.826843441487285, 'fuel_half': 0.17108183937377372}.
[I 2026-07-22 20:37:34,940] Trial 274 finished with values: [10.35018326821086, 10.35018326821086] and parameters: {'k1': 0.00013431925993528124, 'D_low': 2240.9155921647994, 'k2': 0.015602015889668856, 'D_high': 2742371.6496047364, 'fire_exp': 1.1234725391720877, 'P_half': 44.71679901231308, 'pre_dampen_half': 0.7245868181143029, 'gpp_af': 0.04897515106470033, 'gpp_b': 0.0011087183655158347, 'gpp_d': 352.0481045526035, 'ign_k': 2.7142572552186843, 'ign_c': 5.199673923878318, 'trop_agb_crit': 1.6034837661963206, 'trop_k_veg': 2.927602344444864, 'fuel_k': 4.710433409437071, 'fuel_half': 1.3323297901105766}.
[I 2026-07-22 20:37:35,364] Trial 275 finished with values: [-0.3338306084965203, 0.2518759890102338] and parameters: {'k1': 8.31416087354964e-05, 'D_low': 35.437765484261625, 'k2': 7.118997101275657e-05, 'D_high': 2742371.6496047364, 'fire_exp': 1.8719045352638064, 'P_half': 60.759029110813756, 'pre_dampen_half': 13.472769577631588, 'gpp_af': 0.015875524914818664, 'gpp_b': 1.5374623779966904e-05, 'gpp_d': 0.04409594046630608, 'ign_k': 0.0029519227433917453, 'ign_c': 0.4051452710153359, 'trop_agb_crit': 1.6034837661963206, 'trop_k_veg': 2.9556982260250564, 'fuel_k': 4.710433409437071, 'fuel_half': 1.0889347318773486}.
[I 2026-07-22 20:37:35,783] Trial 276 finished with values: [11.056964832306024, 11.056964832306024] and parameters: {'k1': 0.008471801418819975, 'D_low': 1.6752866684650682, 'k2': 0.015109086063191909, 'D_high': 693439.2750387826, 'fire_exp': 1.0770888543508004, 'P_half': 19.625093208439857, 'pre_dampen_half': 0.7245868181143029, 'gpp_af': 3.470266988650414, 'gpp_b': 1.3289448722869181e-05, 'gpp_d': 274.48645214004335, 'ign_k': 2.7142572552186843, 'ign_c': 1.8522006003174372, 'trop_agb_crit': 10.584071370490857, 'trop_k_veg': 1.1514990646668624, 'fuel_k': 0.025620781631399487, 'fuel_half': 9.015721260209723}.
[I 2026-07-22 20:37:36,197] Trial 277 finished with values: [10.476351668634468, 10.476351668634468] and parameters: {'k1': 0.0002979239208439884, 'D_low': 1.6752866684650682, 'k2': 0.03699867920489092, 'D_high': 61211.32154754238, 'fire_exp': 1.1234725391720877, 'P_half': 2867.03503055407, 'pre_dampen_half': 70.78932406899753, 'gpp_af': 0.23230017312141904, 'gpp_b': 0.004458440839692221, 'gpp_d': 274.48645214004335, 'ign_k': 0.038563028138793747, 'ign_c': 30.785541778315018, 'trop_agb_crit': 6.289029460848807, 'trop_k_veg': 7.324720510580848, 'fuel_k': 0.025620781631399487, 'fuel_half': 84.6362160256194}.
[I 2026-07-22 20:37:36,614] Trial 278 finished with values: [10.76923076903347, 10.76923076903347] and parameters: {'k1': 0.00021066486017042195, 'D_low': 86.64406862241785, 'k2': 0.015161591075671724, 'D_high': 893.5110590331861, 'fire_exp': 1.4951483674354806, 'P_half': 2.0598022365449626, 'pre_dampen_half': 272.9378165037472, 'gpp_af': 0.00846501200807743, 'gpp_b': 5.2187377767382e-05, 'gpp_d': 36.831884165358964, 'ign_k': 1.104435084712469, 'ign_c': 298.18972317055125, 'trop_agb_crit': 1.7024582907699128, 'trop_k_veg': 4.306116678141663, 'fuel_k': 0.28328975157735103, 'fuel_half': 1.9170041589170657}.
