[I 2026-08-19 15:50:51,430] Trial 1478 finished with value: -0.6065545073001932 and parameters: {'k1': 0.0019484320817942389, 'D_low': 9.70512995676163, 'k2': 8.779188016289125e-05, 'D_high': 5764394.552065619, 'fire_exp': 1.255638628293995, 'P_half': 2.0342897448062405, 'pre_dampen_half': 2.4702379058799386, 'gpp_af': 2.519458025101812, 'gpp_b': 0.00013743297113603706, 'gpp_d': 815.9382125654795, 'ign_k': 0.21222876344222275, 'ign_c': 19.0898216713821, 'trop_agb_crit': 10.373187925951546, 'trop_k_veg': 5.518654323177951, 'pop_amp': 0.03876337624956846, 'pop_peak': 0.3465361325659972, 'pop_sig': 0.3589623336388424, 'fuel_k': 2.0554876528019563, 'fuel_half': 2.285998091920077}. Best is trial 421 with value: -0.6216386034937503.
[I 2026-08-19 15:50:54,373] Trial 1479 finished with value: -0.5186806497925314 and parameters: {'k1': 8.614526771785733e-05, 'D_low': 136.69085266718616, 'k2': 0.004658877916169359, 'D_high': 2763547.083409002, 'fire_exp': 2.7088928246368873, 'P_half': 129.56295081676674, 'pre_dampen_half': 0.42613452584488404, 'gpp_af': 2.057573162342832, 'gpp_b': 0.0027211296579068805, 'gpp_d': 529.98445627575, 'ign_k': 0.3402072871019507, 'ign_c': 1.7832568045258186, 'trop_agb_crit': 7.291566132375619, 'trop_k_veg': 5.661406192836045, 'pop_amp': 0.010385089097842673, 'pop_peak': 5.723042629086675, 'pop_sig': 1.2256394758856426, 'fuel_k': 4.02848211905488, 'fuel_half': 1.3552053989939448}. Best is trial 421 with value: -0.6216386034937503.
  trial 1480/2500  best_overall=0.6216  (86.8 min)
[I 2026-08-19 15:50:57,519] Trial 1480 finished with value: -0.5867155238508597 and parameters: {'k1': 0.00022120909472717163, 'D_low': 279.42894126412796, 'k2': 0.0005329001398588487, 'D_high': 1208586.0595847722, 'fire_exp': 1.412866531524694, 'P_half': 3.3421508959701387, 'pre_dampen_half': 0.10434938089924606, 'gpp_af': 0.16694589115598585, 'gpp_b': 3.432842800891028e-05, 'gpp_d': 32.10133831934715, 'ign_k': 1.2522624316578248, 'ign_c': 4.595617707102331, 'trop_agb_crit': 13.869737233198466, 'trop_k_veg': 2.510008452647978, 'pop_amp': 0.21753203888289063, 'pop_peak': 0.0742108863355535, 'pop_sig': 0.34059983182813286, 'fuel_k': 3.0630921132733557, 'fuel_half': 0.21983110810407974}. Best is trial 421 with value: -0.6216386034937503.
[I 2026-08-19 15:51:00,035] Trial 1481 finished with value: -0.46675563368069006 and parameters: {'k1': 0.0002144747981461018, 'D_low': 3.439048399221314, 'k2': 0.0009431558843982875, 'D_high': 2916428.46575755, 'fire_exp': 2.9188407053460317, 'P_half': 776.5737955668094, 'pre_dampen_half': 33.17616488147257, 'gpp_af': 0.2846647115277553, 'gpp_b': 1.3551841466203094e-05, 'gpp_d': 4.070594491660434, 'ign_k': 0.2562416001754582, 'ign_c': 0.17412258481795864, 'trop_agb_crit': 9.720969088267116, 'trop_k_veg': 4.196257901979701, 'pop_amp': 0.5805697163582398, 'pop_peak': 253.88476881897896, 'pop_sig': 0.35405297216733245, 'fuel_k': 0.7550484018778348, 'fuel_half': 44.884423894510945}. Best is trial 421 with value: -0.6216386034937503.
[I 2026-08-19 15:51:02,587] Trial 1482 finished with value: -0.5815762707097744 and parameters: {'k1': 0.00025205151273584796, 'D_low': 6.174517469668369, 'k2': 0.00016992801302517075, 'D_high': 684241.174150455, 'fire_exp': 1.5144293573004186, 'P_half': 1.101272878855302, 'pre_dampen_half': 1.0009177569330876, 'gpp_af': 4.938796894872056, 'gpp_b': 0.0009677204824756543, 'gpp_d': 944.5169711478154, 'ign_k': 0.12361068230394247, 'ign_c': 0.6552083213386533, 'trop_agb_crit': 24.698821097472024, 'trop_k_veg': 1.7973718599033603, 'pop_amp': 0.3284303642563314, 'pop_peak': 0.05576332189787671, 'pop_sig': 0.7392521656400083, 'fuel_k': 0.7374164068076018, 'fuel_half': 6.480567742010143}. Best is trial 421 with value: -0.6216386034937503.
[I 2026-08-19 15:51:06,157] Trial 1483 finished with value: -0.5548824361856768 and parameters: {'k1': 0.0005780874189100739, 'D_low': 38.10761984971571, 'k2': 1.3819298413907293e-05, 'D_high': 7970777.315560449, 'fire_exp': 1.379263695611392, 'P_half': 5.091217738929648, 'pre_dampen_half': 1.6701111952965106, 'gpp_af': 0.019599306861439878, 'gpp_b': 2.8338549594321044e-05, 'gpp_d': 440.00099700877564, 'ign_k': 0.02856025753742638, 'ign_c': 3.464388458434354, 'trop_agb_crit': 9.782000347165198, 'trop_k_veg': 3.2679606913796486, 'pop_amp': 0.14878535125701012, 'pop_peak': 688.9753015328254, 'pop_sig': 0.5307967503821519, 'fuel_k': 0.6318547381764186, 'fuel_half': 1.704583105113495}. Best is trial 421 with value: -0.6216386034937503.
[I 2026-08-19 15:51:10,362] Trial 1484 finished with value: -0.3554625854118624 and parameters: {'k1': 3.362081876190035e-05, 'D_low': 6.391330868393517, 'k2': 0.00015733548797100725, 'D_high': 1155211.930280081, 'fire_exp': 1.4259137968074662, 'P_half': 1.0852626929169535, 'pre_dampen_half': 0.4943871358503522, 'gpp_af': 0.44237074755804834, 'gpp_b': 2.595935245918389e-05, 'gpp_d': 127.53345710678691, 'ign_k': 4.303884873795017, 'ign_c': 271.47887416861585, 'trop_agb_crit': 28.490563795394255, 'trop_k_veg': 0.8743546525363741, 'pop_amp': 0.01590976905550801, 'pop_peak': 0.6022057810155494, 'pop_sig': 0.6336602614523106, 'fuel_k': 3.0314539572709642, 'fuel_half': 1.5974768502701004}. Best is trial 421 with value: -0.6216386034937503.
[I 2026-08-19 15:51:14,808] Trial 1485 finished with value: -0.4224086931067764 and parameters: {'k1': 0.002909972513373511, 'D_low': 173.3238500358724, 'k2': 0.00039194268086530586, 'D_high': 2534671.8548508296, 'fire_exp': 5.27099906716276, 'P_half': 8.998142723530668, 'pre_dampen_half': 146.89615582203453, 'gpp_af': 0.0037543637835465017, 'gpp_b': 0.0005747144018689173, 'gpp_d': 0.32028511766732004, 'ign_k': 0.1262702332813503, 'ign_c': 17.047423379826597, 'trop_agb_crit': 1.9119914339641801, 'trop_k_veg': 1.7377872959026657, 'pop_amp': 0.16947284246375952, 'pop_peak': 91.26524211329053, 'pop_sig': 2.226705589281818, 'fuel_k': 0.04667160069701941, 'fuel_half': 15.244247619809531}. Best is trial 421 with value: -0.6216386034937503.
[I 2026-08-19 15:51:18,788] Trial 1486 finished with value: -0.4680207636701924 and parameters: {'k1': 0.0041912566627176585, 'D_low': 20.734154825921017, 'k2': 2.1957784953478475e-05, 'D_high': 296840.58842242096, 'fire_exp': 1.746801833334439, 'P_half': 108.3465389993182, 'pre_dampen_half': 6.067763707089319, 'gpp_af': 0.025791807644316687, 'gpp_b': 0.012043942232336123, 'gpp_d': 0.8657415985985292, 'ign_k': 0.03326577780215471, 'ign_c': 0.12101033936373612, 'trop_agb_crit': 29.083912925420954, 'trop_k_veg': 1.29827779051031, 'pop_amp': 0.5944892188197699, 'pop_peak': 1.1359205734491824, 'pop_sig': 0.6575787811910657, 'fuel_k': 0.03519659782581957, 'fuel_half': 0.20625100817679123}. Best is trial 421 with value: -0.6216386034937503.
  trial 1487/2500  best_overall=0.6216  (87.3 min)
[I 2026-08-19 15:51:23,707] Trial 1487 finished with value: -0.3554625854118624 and parameters: {'k1': 0.005778545140387867, 'D_low': 29938.59516135228, 'k2': 0.03225144448742555, 'D_high': 1185.3207248490432, 'fire_exp': 4.130173266482892, 'P_half': 27.185106615512563, 'pre_dampen_half': 8.700290169653202, 'gpp_af': 0.0017770068246813202, 'gpp_b': 0.277914255000809, 'gpp_d': 0.5367759901091411, 'ign_k': 0.03993388196168615, 'ign_c': 53.63924416875697, 'trop_agb_crit': 28.718529822423772, 'trop_k_veg': 1.8645955819556839, 'pop_amp': 3.6893138902311104, 'pop_peak': 57.36956877535371, 'pop_sig': 0.5271583785484083, 'fuel_k': 0.01907501577933806, 'fuel_half': 0.6150534161320985}. Best is trial 421 with value: -0.6216386034937503.
[I 2026-08-19 15:51:26,880] Trial 1488 finished with value: -0.49283944333205065 and parameters: {'k1': 0.009417097970939599, 'D_low': 43.319624135439994, 'k2': 0.00024396062853872182, 'D_high': 1663293.2953770312, 'fire_exp': 1.2204690419037356, 'P_half': 1.3955386090730566, 'pre_dampen_half': 3.6523500460474154, 'gpp_af': 5.669296055224655, 'gpp_b': 0.0011953468522531417, 'gpp_d': 209.9415176010982, 'ign_k': 0.4565262213540924, 'ign_c': 5.264101696794951, 'trop_agb_crit': 13.18003665802388, 'trop_k_veg': 6.526597623274466, 'pop_amp': 0.046227842946972096, 'pop_peak': 0.541881257853157, 'pop_sig': 0.288857482563256, 'fuel_k': 3.810464286102963, 'fuel_half': 1.6855969115355092}. Best is trial 421 with value: -0.6216386034937503.
[I 2026-08-19 15:51:31,341] Trial 1489 finished with value: -0.5046447729372845 and parameters: {'k1': 0.00020330441998434574, 'D_low': 33.851615559650014, 'k2': 4.0458187449874576e-05, 'D_high': 1101424.0402024607, 'fire_exp': 2.024013594531835, 'P_half': 1.9476124097161946, 'pre_dampen_half': 0.1578612083158185, 'gpp_af': 0.04429533168356538, 'gpp_b': 4.8050099108960326e-05, 'gpp_d': 486.3599660519761, 'ign_k': 0.18032671986517163, 'ign_c': 15.955333429015967, 'trop_agb_crit': 27.433200256763893, 'trop_k_veg': 1.1392574478818898, 'pop_amp': 0.12160753005065017, 'pop_peak': 0.9662271902992609, 'pop_sig': 0.5469880833371934, 'fuel_k': 4.242925635717294, 'fuel_half': 3.7263846858831484}. Best is trial 421 with value: -0.6216386034937503.
[I 2026-08-19 15:51:34,741] Trial 1490 finished with value: -0.5847080004385489 and parameters: {'k1': 0.008372116586756571, 'D_low': 39.23291276421236, 'k2': 3.101681700928715e-05, 'D_high': 5901454.075052733, 'fire_exp': 1.2086165085492737, 'P_half': 3.0138642525581423, 'pre_dampen_half': 0.7401556098986769, 'gpp_af': 10.549157536778448, 'gpp_b': 2.9335487030493466e-05, 'gpp_d': 20.219748239586142, 'ign_k': 0.0752361476337447, 'ign_c': 9.45299052297471, 'trop_agb_crit': 15.605171442714166, 'trop_k_veg': 5.07974025123032, 'pop_amp': 0.061016376167602006, 'pop_peak': 0.19164428726863886, 'pop_sig': 0.5659355599998442, 'fuel_k': 2.5506324972654375, 'fuel_half': 0.6741233354853982}. Best is trial 421 with value: -0.6216386034937503.
[I 2026-08-19 15:51:39,952] Trial 1491 finished with value: -0.5735780163697909 and parameters: {'k1': 8.878099377137297e-05, 'D_low': 727.4537885353352, 'k2': 0.03686780298951522, 'D_high': 5302954.764390849, 'fire_exp': 1.3646197801495608, 'P_half': 24.621370791262496, 'pre_dampen_half': 0.5923272741768172, 'gpp_af': 3.5811066671634317, 'gpp_b': 0.0005047395341507873, 'gpp_d': 43.39479627151941, 'ign_k': 0.12809950086037097, 'ign_c': 11.01313458028961, 'trop_agb_crit': 9.33816335950055, 'trop_k_veg': 2.404721963127736, 'pop_amp': 0.0022190595976724495, 'pop_peak': 0.8972619072264626, 'pop_sig': 1.8528645491393383, 'fuel_k': 5.646632257501635, 'fuel_half': 5.475140952240637}. Best is trial 421 with value: -0.6216386034937503.
  trial 1492/2500  best_overall=0.6216  (87.6 min)
[I 2026-08-19 15:51:47,424] Trial 1492 finished with value: -0.4849018568467337 and parameters: {'k1': 0.007631791979898435, 'D_low': 18.45222668442732, 'k2': 0.000948163479765549, 'D_high': 1397801.061304181, 'fire_exp': 1.492646631606037, 'P_half': 3.890665575785402, 'pre_dampen_half': 2.6640579683764054, 'gpp_af': 0.0016064794772141194, 'gpp_b': 1.1226998423631046e-05, 'gpp_d': 0.017896954150315246, 'ign_k': 0.11699783165488657, 'ign_c': 0.14559732383594165, 'trop_agb_crit': 15.527995677503679, 'trop_k_veg': 1.2922540914858365, 'pop_amp': 0.0848620026057606, 'pop_peak': 0.435907915025242, 'pop_sig': 0.26225206619080915, 'fuel_k': 3.079825005324519, 'fuel_half': 0.10480935091892445}. Best is trial 421 with value: -0.6216386034937503.
[I 2026-08-19 15:51:51,848] Trial 1493 finished with value: -0.551544292998231 and parameters: {'k1': 0.00046730934262081796, 'D_low': 1.0298839707967038, 'k2': 0.0002489845240593761, 'D_high': 157091.18302241885, 'fire_exp': 1.1140925567958766, 'P_half': 8.368457398947848, 'pre_dampen_half': 0.11398624184938035, 'gpp_af': 0.7997565087048556, 'gpp_b': 5.050969948150823e-05, 'gpp_d': 306.096547391622, 'ign_k': 0.3594316984072665, 'ign_c': 9.307058632218872, 'trop_agb_crit': 12.7567370673169, 'trop_k_veg': 6.4329626315715105, 'pop_amp': 0.02508603565424917, 'pop_peak': 0.29600930079466703, 'pop_sig': 0.29874410257142514, 'fuel_k': 3.655883059723096, 'fuel_half': 8.37222320259746}. Best is trial 421 with value: -0.6216386034937503.
[I 2026-08-19 15:51:55,931] Trial 1494 finished with value: -0.49450853134367734 and parameters: {'k1': 7.631791670696683e-05, 'D_low': 4.644895999817949, 'k2': 1.3773192879070397e-05, 'D_high': 2919195.8268895363, 'fire_exp': 1.9965027422546895, 'P_half': 6.773243780250404, 'pre_dampen_half': 32.06922391734701, 'gpp_af': 0.19380514842373356, 'gpp_b': 0.0005519341354359332, 'gpp_d': 26.018853970876474, 'ign_k': 0.8513289320522687, 'ign_c': 2.006163821936059, 'trop_agb_crit': 28.447524395775105, 'trop_k_veg': 1.0593813041597873, 'pop_amp': 0.008287365426700598, 'pop_peak': 0.06894232383266054, 'pop_sig': 0.4597501754783017, 'fuel_k': 4.151952194410801, 'fuel_half': 1.5578060050171882}. Best is trial 421 with value: -0.6216386034937503.
[I 2026-08-19 15:51:59,957] Trial 1495 finished with value: -0.463140785440108 and parameters: {'k1': 9.081454847929418e-05, 'D_low': 7442.457355691437, 'k2': 0.012775862929372453, 'D_high': 6754740.742020429, 'fire_exp': 1.3030789047476434, 'P_half': 700.4051728792784, 'pre_dampen_half': 2.1069609518683725, 'gpp_af': 18.68458990595723, 'gpp_b': 0.08132233806804207, 'gpp_d': 205.98720058265044, 'ign_k': 0.010653763725219534, 'ign_c': 0.1602411892634465, 'trop_agb_crit': 3.620326810004339, 'trop_k_veg': 2.9438732831768837, 'pop_amp': 0.005653589481975068, 'pop_peak': 5.246537620035715, 'pop_sig': 1.3544951392568412, 'fuel_k': 3.5785966110878613, 'fuel_half': 2.968651937921569}. Best is trial 421 with value: -0.6216386034937503.
[I 2026-08-19 15:52:04,323] Trial 1496 finished with value: -0.5881645779372612 and parameters: {'k1': 0.001571994909705053, 'D_low': 55.38575411768673, 'k2': 0.00016298387007184054, 'D_high': 1448034.0163143822, 'fire_exp': 1.4522102017290774, 'P_half': 4.159710656319313, 'pre_dampen_half': 1.9850170202041684, 'gpp_af': 1.025749849512716, 'gpp_b': 3.053441411757771e-05, 'gpp_d': 475.43307011155633, 'ign_k': 0.19839634928221558, 'ign_c': 7.285487545966361, 'trop_agb_crit': 17.729110686837924, 'trop_k_veg': 5.991496641449277, 'pop_amp': 0.003533797006954779, 'pop_peak': 1.3929054442331124, 'pop_sig': 0.2991097843834351, 'fuel_k': 1.1738752622133422, 'fuel_half': 1.5281288996221203}. Best is trial 421 with value: -0.6216386034937503.
  trial 1497/2500  best_overall=0.6216  (88.0 min)
[I 2026-08-19 15:52:10,898] Trial 1497 finished with value: -0.34271650461310726 and parameters: {'k1': 3.238716683077433e-05, 'D_low': 2.6822599910776512, 'k2': 0.0004444203465251368, 'D_high': 2638922.572666456, 'fire_exp': 1.082751229056381, 'P_half': 2.344973266065794, 'pre_dampen_half': 25.417327027292494, 'gpp_af': 4.502352640898436, 'gpp_b': 1.145539917425341e-05, 'gpp_d': 859.5245585380658, 'ign_k': 3.9899928882963027, 'ign_c': 40.23040051057443, 'trop_agb_crit': 8.300383986604556, 'trop_k_veg': 6.989685613826097, 'pop_amp': 0.04129518835400429, 'pop_peak': 0.30071675288299493, 'pop_sig': 0.3196904466554522, 'fuel_k': 0.9041918127202169, 'fuel_half': 3.829108398254405}. Best is trial 421 with value: -0.6216386034937503.
[I 2026-08-19 15:52:16,547] Trial 1498 finished with value: -0.5202932365080966 and parameters: {'k1': 1.4945665030054466e-05, 'D_low': 158.9379523055064, 'k2': 0.011686190892628786, 'D_high': 3648004.064353676, 'fire_exp': 1.2795557006003317, 'P_half': 663.8302801110525, 'pre_dampen_half': 3.6422796810998075, 'gpp_af': 1.853953523563703, 'gpp_b': 0.0002770961946864757, 'gpp_d': 569.8323061613324, 'ign_k': 2.88582879197048, 'ign_c': 5.054165422094815, 'trop_agb_crit': 15.746288364347363, 'trop_k_veg': 3.502874755950567, 'pop_amp': 0.001148215578349017, 'pop_peak': 24.186210333467667, 'pop_sig': 2.1005882167671506, 'fuel_k': 2.3946959834120496, 'fuel_half': 8.511460232703445}. Best is trial 421 with value: -0.6216386034937503.
[I 2026-08-19 15:52:22,607] Trial 1499 finished with value: -0.5887521732646374 and parameters: {'k1': 7.935540525459715e-05, 'D_low': 1.1930680065267298, 'k2': 1.8329716251457077e-05, 'D_high': 3279191.955419827, 'fire_exp': 1.008175537543575, 'P_half': 1.2913807827314965, 'pre_dampen_half': 1.0318540412545711, 'gpp_af': 1.24013225347527, 'gpp_b': 0.00019204307824772634, 'gpp_d': 104.55703516269506, 'ign_k': 0.24802533478570352, 'ign_c': 2.062583507394941, 'trop_agb_crit': 24.696383855955464, 'trop_k_veg': 1.096160772707948, 'pop_amp': 0.08041319586719545, 'pop_peak': 0.221043576163972, 'pop_sig': 0.6547103063736213, 'fuel_k': 4.266459343776946, 'fuel_half': 3.7108147476472984}. Best is trial 421 with value: -0.6216386034937503.
[I 2026-08-19 15:52:27,876] Trial 1500 finished with value: -0.43023561445648495 and parameters: {'k1': 8.753504445433844e-05, 'D_low': 14.755544065099127, 'k2': 2.1210968767194742e-05, 'D_high': 2989295.721371632, 'fire_exp': 1.6087020505671168, 'P_half': 15.02642412087495, 'pre_dampen_half': 1.7508398312076918, 'gpp_af': 0.25423628244944024, 'gpp_b': 0.0013824995404057901, 'gpp_d': 28.445028085778215, 'ign_k': 0.03865896505686648, 'ign_c': 54.815589245126326, 'trop_agb_crit': 22.63010320246544, 'trop_k_veg': 3.686347295999175, 'pop_amp': 0.10653387083452379, 'pop_peak': 2.8998335111294433, 'pop_sig': 0.2662032680519851, 'fuel_k': 0.3197115797605825, 'fuel_half': 1.2938235067536368}. Best is trial 421 with value: -0.6216386034937503.
  trial 1501/2500  best_overall=0.6216  (88.4 min)
[I 2026-08-19 15:52:34,797] Trial 1501 finished with value: -0.45968326812733473 and parameters: {'k1': 0.0003603562075427418, 'D_low': 10.832459704763348, 'k2': 5.470678911153037e-05, 'D_high': 3541793.717630291, 'fire_exp': 1.9800375103762835, 'P_half': 1.2791918125383681, 'pre_dampen_half': 0.28112609229917834, 'gpp_af': 0.3670824139851427, 'gpp_b': 5.9301141188647125e-05, 'gpp_d': 475.4897555691862, 'ign_k': 0.07133037758128023, 'ign_c': 24.225299450968148, 'trop_agb_crit': 19.5308190488063, 'trop_k_veg': 2.1501336613674984, 'pop_amp': 0.004291561924872588, 'pop_peak': 0.28378967614830686, 'pop_sig': 0.42367967880750973, 'fuel_k': 1.3963640200279552, 'fuel_half': 0.3754944363582504}. Best is trial 421 with value: -0.6216386034937503.
[I 2026-08-19 15:52:38,542] Trial 1502 finished with value: -0.4067603396324082 and parameters: {'k1': 0.00017128241626217, 'D_low': 4.239462499097554, 'k2': 1.622606615423204e-05, 'D_high': 274553.2628618433, 'fire_exp': 1.606136361917127, 'P_half': 6.621634985700309, 'pre_dampen_half': 0.719870172779897, 'gpp_af': 0.42196395506613715, 'gpp_b': 0.00042582270565048793, 'gpp_d': 147.0503566151878, 'ign_k': 1.8579760590007304, 'ign_c': 29.84210262794134, 'trop_agb_crit': 27.45473892399472, 'trop_k_veg': 5.746497484274063, 'pop_amp': 0.020970530035691805, 'pop_peak': 895.2656775314342, 'pop_sig': 0.6561305198665265, 'fuel_k': 0.8967727004994595, 'fuel_half': 0.672937410539383}. Best is trial 421 with value: -0.6216386034937503.
[I 2026-08-19 15:52:42,127] Trial 1503 finished with value: -0.49351546298961485 and parameters: {'k1': 0.014026606509400493, 'D_low': 48.148018934083396, 'k2': 0.0007443901898201936, 'D_high': 25323.90529071687, 'fire_exp': 2.9310857205292358, 'P_half': 277.44231323225017, 'pre_dampen_half': 352.96986674446265, 'gpp_af': 0.010121650243325415, 'gpp_b': 0.004662048309676421, 'gpp_d': 9.845682561621315, 'ign_k': 3.950007955131172, 'ign_c': 11.124893867870766, 'trop_agb_crit': 8.01881546866227, 'trop_k_veg': 2.185608890964086, 'pop_amp': 8.516504549970472, 'pop_peak': 0.22188949109431158, 'pop_sig': 0.4626075062967165, 'fuel_k': 0.5532021814455536, 'fuel_half': 0.6411249179397921}. Best is trial 421 with value: -0.6216386034937503.
[I 2026-08-19 15:52:46,268] Trial 1504 finished with value: -0.5063819734849728 and parameters: {'k1': 0.0007154989298195949, 'D_low': 258.25816339983714, 'k2': 0.00013682741219962535, 'D_high': 2528697.3740671636, 'fire_exp': 9.533788331886129, 'P_half': 194.56795541421573, 'pre_dampen_half': 190.41435291523143, 'gpp_af': 0.020504800397531327, 'gpp_b': 3.9322262408587556e-05, 'gpp_d': 0.3613810994530285, 'ign_k': 1.5333828654319144, 'ign_c': 0.26724311697124975, 'trop_agb_crit': 10.375440129777083, 'trop_k_veg': 4.252501640097652, 'pop_amp': 1.3225573817975567, 'pop_peak': 214.3255705202821, 'pop_sig': 1.5766626433563184, 'fuel_k': 0.020878869860532008, 'fuel_half': 0.9902281631734927}. Best is trial 421 with value: -0.6216386034937503.
[I 2026-08-19 15:52:50,916] Trial 1505 finished with value: -0.4937358684616807 and parameters: {'k1': 1.1476246664969158e-05, 'D_low': 3.4165124659986463, 'k2': 2.1064656205169792e-05, 'D_high': 3176559.2792268605, 'fire_exp': 1.3609385307520214, 'P_half': 1.0461990348452084, 'pre_dampen_half': 0.09853237880874574, 'gpp_af': 0.7071331653105418, 'gpp_b': 2.6018728664067846e-05, 'gpp_d': 342.123083179393, 'ign_k': 0.06513126343562357, 'ign_c': 2.6897213073622046, 'trop_agb_crit': 24.143735649774356, 'trop_k_veg': 3.8851039815584656, 'pop_amp': 0.19269961912489733, 'pop_peak': 46.7631331454001, 'pop_sig': 0.41354998205089244, 'fuel_k': 0.3754901914016653, 'fuel_half': 3.4471548266426373}. Best is trial 421 with value: -0.6216386034937503.
  trial 1506/2500  best_overall=0.6216  (88.8 min)
[I 2026-08-19 15:52:57,904] Trial 1506 finished with value: -0.5960637821142445 and parameters: {'k1': 0.0001604100815050011, 'D_low': 1.1715918808264645, 'k2': 6.878244882031859e-05, 'D_high': 441788.9245257766, 'fire_exp': 2.2888818640080184, 'P_half': 21.106373559840616, 'pre_dampen_half': 2.3561557343808004, 'gpp_af': 4.505812884832321, 'gpp_b': 2.37289898119704e-05, 'gpp_d': 47.330844239091206, 'ign_k': 0.4282260828544071, 'ign_c': 4.651130352554524, 'trop_agb_crit': 28.680347162575746, 'trop_k_veg': 1.6513839662383425, 'pop_amp': 0.07667086460307704, 'pop_peak': 5.015824047149897, 'pop_sig': 0.40727466300598836, 'fuel_k': 4.353084300621849, 'fuel_half': 2.5226996639697647}. Best is trial 421 with value: -0.6216386034937503.
