[I 2026-07-25 00:33:02,126] Trial 471 finished with value: 0.6062208643932793 and parameters: {'k1': 8.503701744926654e-05, 'D_low': 1034.7770752395309, 'k2': 0.0037625124976363904, 'D_high': 1631.4916374227348, 'fire_exp': 8.062029015603793, 'P_half': 4.0615479453155805, 'pre_dampen_half': 15.071850781202443, 'gpp_af': 0.0010078717510193472, 'gpp_b': 0.003670658820843726, 'gpp_d': 3.93632459823869, 'ign_k': 1.388502529891281, 'ign_c': 5.467439839294143, 'trop_agb_crit': 28.477457414268912, 'trop_k_veg': 0.9755725776902596, 'gdp_gamma': 0.3534555521007547, 'cure_k': 0.00231102409452799, 'cure_p_min': 106.4020562019777, 'cure_gpp_ref': 0.09330584656464319, 'cure_agb_crit': 2.2594947876288902, 'fuel_k': 0.9835486099653119, 'fuel_half': 16.487461886491836}. Best is trial 0 with value: -0.6232552202351066.
[I 2026-07-25 00:33:02,573] Trial 472 finished with value: 0.4828459225177031 and parameters: {'k1': 0.0005782398877964928, 'D_low': 13.453643487515784, 'k2': 1.252250334558272e-05, 'D_high': 1026.137633299259, 'fire_exp': 1.032469101032898, 'P_half': 2.380873768712219, 'pre_dampen_half': 0.12073577416644246, 'gpp_af': 0.002984481003255888, 'gpp_b': 0.14631052191749075, 'gpp_d': 0.2975354767056015, 'ign_k': 0.06827832768283304, 'ign_c': 3.206831544370776, 'trop_agb_crit': 1.877922872504697, 'trop_k_veg': 5.582105153895709, 'gdp_gamma': 0.6620593020821325, 'cure_k': 0.2626372001909282, 'cure_p_min': 222.6509483478518, 'cure_gpp_ref': 0.08760957214468841, 'cure_agb_crit': 1.3524375231620238, 'fuel_k': 0.022250360284540693, 'fuel_half': 2.256824074981294}. Best is trial 0 with value: -0.6232552202351066.
[I 2026-07-25 00:33:03,034] Trial 473 finished with value: 0.39586991652792136 and parameters: {'k1': 1.1757236072850929e-05, 'D_low': 518.7917281454795, 'k2': 0.00019870756205918612, 'D_high': 5109068.207087568, 'fire_exp': 1.8515182288289798, 'P_half': 13.958304269728515, 'pre_dampen_half': 1.2933547108035748, 'gpp_af': 0.0495368392693291, 'gpp_b': 0.0017919005814623845, 'gpp_d': 8.231422962137769, 'ign_k': 0.20240246731933675, 'ign_c': 11.580230842128868, 'trop_agb_crit': 1.8334188475766184, 'trop_k_veg': 3.5080611972626383, 'gdp_gamma': 1.931125280251635, 'cure_k': 0.11695419012218959, 'cure_p_min': 319.82271190550364, 'cure_gpp_ref': 0.05892065815825566, 'cure_agb_crit': 1.0088778327920696, 'fuel_k': 0.1888740771578379, 'fuel_half': 35.285381241955356}. Best is trial 0 with value: -0.6232552202351066.
[I 2026-07-25 00:33:03,483] Trial 474 finished with value: 0.6029324866972026 and parameters: {'k1': 0.0033087852524927935, 'D_low': 23340.37308916689, 'k2': 0.08931992919925429, 'D_high': 19732.088612542368, 'fire_exp': 4.035932662364928, 'P_half': 12.381086119617647, 'pre_dampen_half': 253.67195985379436, 'gpp_af': 0.030331618158323883, 'gpp_b': 2.285958620783045e-05, 'gpp_d': 46.46624533222627, 'ign_k': 0.2075295120309323, 'ign_c': 2.916994420304184, 'trop_agb_crit': 2.884886085541927, 'trop_k_veg': 1.2565083611247443, 'gdp_gamma': 0.3882564932950635, 'cure_k': 0.008946001596728079, 'cure_p_min': 241.50010524716905, 'cure_gpp_ref': 0.4197027542388913, 'cure_agb_crit': 1.7197576413281892, 'fuel_k': 0.12470243105766342, 'fuel_half': 6.2289586918441335}. Best is trial 0 with value: -0.6232552202351066.
[I 2026-07-25 00:33:03,932] Trial 475 finished with value: 0.45476164488988247 and parameters: {'k1': 0.0005597441425504857, 'D_low': 934.7988741168326, 'k2': 2.223453123175189e-05, 'D_high': 39276.21743291469, 'fire_exp': 1.1433178923133742, 'P_half': 172.1143356863327, 'pre_dampen_half': 0.11496369366521066, 'gpp_af': 0.428658668820309, 'gpp_b': 0.0010017142279400268, 'gpp_d': 0.22713008308935978, 'ign_k': 0.389408130178282, 'ign_c': 0.6044253821963004, 'trop_agb_crit': 1.013752705805523, 'trop_k_veg': 3.514856986366988, 'gdp_gamma': 0.5553392886295556, 'cure_k': 0.249313126780958, 'cure_p_min': 331.54084437908443, 'cure_gpp_ref': 1.6948792340856815, 'cure_agb_crit': 3.412765483035902, 'fuel_k': 0.011549839991616516, 'fuel_half': 0.5964491413930817}. Best is trial 0 with value: -0.6232552202351066.
[I 2026-07-25 00:33:04,380] Trial 476 finished with value: 0.5144311627583951 and parameters: {'k1': 0.00018696885318229974, 'D_low': 579.1825045670416, 'k2': 5.6691058595717874e-05, 'D_high': 385838.30702587875, 'fire_exp': 1.264172189128353, 'P_half': 2.626822263454748, 'pre_dampen_half': 1.4715195923218818, 'gpp_af': 0.00391155104266048, 'gpp_b': 0.006776029814421268, 'gpp_d': 29.577968992370753, 'ign_k': 0.009189557922730953, 'ign_c': 1.691387735302173, 'trop_agb_crit': 1.5081025001022192, 'trop_k_veg': 0.5500420828183001, 'gdp_gamma': 1.2341907773448022, 'cure_k': 0.021986753386455456, 'cure_p_min': 265.1454499666673, 'cure_gpp_ref': 0.13702212846637768, 'cure_agb_crit': 3.131710896199253, 'fuel_k': 0.36456819882372227, 'fuel_half': 35.20087350023505}. Best is trial 0 with value: -0.6232552202351066.
[I 2026-07-25 00:33:04,828] Trial 477 finished with value: 0.44016054116950865 and parameters: {'k1': 0.014246221685363459, 'D_low': 1879.4039204607766, 'k2': 3.724115395879159e-05, 'D_high': 677.8710999628843, 'fire_exp': 1.2337464902207222, 'P_half': 33.59707293825191, 'pre_dampen_half': 0.01849871048613221, 'gpp_af': 0.5349407853623334, 'gpp_b': 0.011047057392011256, 'gpp_d': 0.5810163420445752, 'ign_k': 0.07637820993230682, 'ign_c': 1.4494915509085877, 'trop_agb_crit': 1.858789803736537, 'trop_k_veg': 3.2812769219331575, 'gdp_gamma': 1.4913166116141416, 'cure_k': 0.07454224867189162, 'cure_p_min': 374.604961493293, 'cure_gpp_ref': 0.550204058412013, 'cure_agb_crit': 2.512432712923114, 'fuel_k': 0.11781243125485436, 'fuel_half': 2.7893877268239495}. Best is trial 0 with value: -0.6232552202351066.
[I 2026-07-25 00:33:05,275] Trial 478 finished with value: 0.4094502817272563 and parameters: {'k1': 1.4128896965256492e-05, 'D_low': 5472.629302710419, 'k2': 0.00038550935621642953, 'D_high': 2386180.5732628233, 'fire_exp': 1.624424407716777, 'P_half': 1.6127066319926142, 'pre_dampen_half': 15.90308662341449, 'gpp_af': 0.003338789428605228, 'gpp_b': 0.0004951418572249814, 'gpp_d': 2.766533891984261, 'ign_k': 0.048372485744082136, 'ign_c': 0.9279453245172983, 'trop_agb_crit': 5.117375710273701, 'trop_k_veg': 1.5000869539531327, 'gdp_gamma': 1.4034220195745986, 'cure_k': 0.061032167259890094, 'cure_p_min': 318.276884660809, 'cure_gpp_ref': 0.12960422759533513, 'cure_agb_crit': 1.5136790873944703, 'fuel_k': 0.058529256107950955, 'fuel_half': 26.83271620029601}. Best is trial 0 with value: -0.6232552202351066.
[I 2026-07-25 00:33:05,723] Trial 479 finished with value: 0.38069432261997405 and parameters: {'k1': 5.397848405138224e-05, 'D_low': 6.661903129885012, 'k2': 8.836460009141018e-05, 'D_high': 5773479.749598675, 'fire_exp': 1.0154210942930504, 'P_half': 1.695481113029168, 'pre_dampen_half': 1.9358488813396615, 'gpp_af': 0.036729110823355775, 'gpp_b': 0.017172997804609205, 'gpp_d': 49.07772634969897, 'ign_k': 0.021991203245529257, 'ign_c': 2.8223530811187305, 'trop_agb_crit': 2.106569157220893, 'trop_k_veg': 0.6245240353971809, 'gdp_gamma': 1.8052543984053204, 'cure_k': 0.02872464506328095, 'cure_p_min': 212.31454197913416, 'cure_gpp_ref': 0.06918073944056907, 'cure_agb_crit': 1.0108055298883734, 'fuel_k': 0.09650033009116576, 'fuel_half': 47.482333993608414}. Best is trial 0 with value: -0.6232552202351066.
[I 2026-07-25 00:33:06,172] Trial 480 finished with value: 0.4630881230436332 and parameters: {'k1': 0.00031908346518221144, 'D_low': 144.04124138772488, 'k2': 2.3454433407686597e-05, 'D_high': 45105.53817643064, 'fire_exp': 2.5207951781172424, 'P_half': 504.34694618888125, 'pre_dampen_half': 5.948149130115778, 'gpp_af': 0.0041511066369731685, 'gpp_b': 0.00801375228557398, 'gpp_d': 22.41634667723423, 'ign_k': 0.0011600388886215355, 'ign_c': 428.9671376132789, 'trop_agb_crit': 15.519969490888077, 'trop_k_veg': 7.77811445053863, 'gdp_gamma': 0.38979441529488695, 'cure_k': 0.17884503138882568, 'cure_p_min': 372.19889776361885, 'cure_gpp_ref': 0.771220953833972, 'cure_agb_crit': 1.5145481665853804, 'fuel_k': 0.09834234885170126, 'fuel_half': 1.3843458939971514}. Best is trial 0 with value: -0.6232552202351066.
[I 2026-07-25 00:33:06,622] Trial 481 finished with value: 0.5087725373632207 and parameters: {'k1': 0.0006901276828846427, 'D_low': 142307.3725302771, 'k2': 0.001618287756383552, 'D_high': 775087.3294840096, 'fire_exp': 3.4472592230786163, 'P_half': 78.75551819693032, 'pre_dampen_half': 8.335457492617865, 'gpp_af': 83.74651528041862, 'gpp_b': 0.0018414641710585307, 'gpp_d': 813.5494862350284, 'ign_k': 0.05017962683182001, 'ign_c': 1.1279798230170335, 'trop_agb_crit': 10.466225767249323, 'trop_k_veg': 6.067086767764409, 'gdp_gamma': 0.7581513893268025, 'cure_k': 0.002356664670462716, 'cure_p_min': 335.2362010010828, 'cure_gpp_ref': 1.1176516925243951, 'cure_agb_crit': 3.3679667449567923, 'fuel_k': 0.18489723373148942, 'fuel_half': 2.390031082445041}. Best is trial 0 with value: -0.6232552202351066.
[I 2026-07-25 00:33:07,070] Trial 482 finished with value: 0.44359631945804157 and parameters: {'k1': 0.006628473631551106, 'D_low': 12.599462212125397, 'k2': 0.012730114215480206, 'D_high': 814546.4462272865, 'fire_exp': 2.579855030471342, 'P_half': 125.17330324876103, 'pre_dampen_half': 62.216903636119255, 'gpp_af': 0.0013708652797179961, 'gpp_b': 1.614469308591086e-05, 'gpp_d': 178.26563048323197, 'ign_k': 0.0029046615200994576, 'ign_c': 174.93794063606416, 'trop_agb_crit': 9.036485756832144, 'trop_k_veg': 2.0842540177243487, 'gdp_gamma': 0.980867201138239, 'cure_k': 0.0011060458310740286, 'cure_p_min': 185.50189055814977, 'cure_gpp_ref': 0.05939014132703913, 'cure_agb_crit': 1.4784130766780168, 'fuel_k': 0.11391989333551537, 'fuel_half': 24.708852762553512}. Best is trial 0 with value: -0.6232552202351066.
[I 2026-07-25 00:33:07,523] Trial 483 finished with value: 0.5887928269996596 and parameters: {'k1': 0.0041651696868835525, 'D_low': 675.5073595361299, 'k2': 0.01940090151384707, 'D_high': 5939.898186362792, 'fire_exp': 2.3419985064505173, 'P_half': 28.520755691026178, 'pre_dampen_half': 0.2597729349653603, 'gpp_af': 47.43834155432069, 'gpp_b': 0.0002391792609795254, 'gpp_d': 381.6438226885841, 'ign_k': 0.401581532202137, 'ign_c': 1.1176825437340179, 'trop_agb_crit': 15.888210393476406, 'trop_k_veg': 6.365299819814434, 'gdp_gamma': 0.37332358354135864, 'cure_k': 0.001855673413470375, 'cure_p_min': 383.1911666871754, 'cure_gpp_ref': 1.3176512533622045, 'cure_agb_crit': 3.321373351857512, 'fuel_k': 0.032494008930118855, 'fuel_half': 2.374426303791463}. Best is trial 0 with value: -0.6232552202351066.
[I 2026-07-25 00:33:07,979] Trial 484 finished with value: 0.4125308997561563 and parameters: {'k1': 5.811907967710008e-05, 'D_low': 1389.0685850214734, 'k2': 0.004611745083796226, 'D_high': 511090.78302685334, 'fire_exp': 2.448116525761827, 'P_half': 55.887208130863314, 'pre_dampen_half': 97.61243539074182, 'gpp_af': 0.5904453892329573, 'gpp_b': 0.006884221619211468, 'gpp_d': 18.259316635928656, 'ign_k': 0.20813214032251984, 'ign_c': 0.6929541583462949, 'trop_agb_crit': 7.5037287394331615, 'trop_k_veg': 3.9018001003755622, 'gdp_gamma': 0.20169338137265863, 'cure_k': 0.0010501249389786547, 'cure_p_min': 215.1995414832756, 'cure_gpp_ref': 1.1802428314032598, 'cure_agb_crit': 3.897608208442645, 'fuel_k': 0.13232533065819704, 'fuel_half': 1.0226123867386196}. Best is trial 0 with value: -0.6232552202351066.
[I 2026-07-25 00:33:08,461] Trial 485 finished with value: 0.5325091442195591 and parameters: {'k1': 6.320040908652165e-05, 'D_low': 159.5257880735865, 'k2': 0.0013435354966938235, 'D_high': 72580.49697294534, 'fire_exp': 2.9323181587854505, 'P_half': 92.76867142042182, 'pre_dampen_half': 0.10615621059252146, 'gpp_af': 33.46948191479716, 'gpp_b': 0.0015015345187085955, 'gpp_d': 379.5996802826445, 'ign_k': 0.06374114826471237, 'ign_c': 1.2009086984509842, 'trop_agb_crit': 9.892778806626856, 'trop_k_veg': 3.948033235162432, 'gdp_gamma': 0.8702157372307822, 'cure_k': 0.003954825855350141, 'cure_p_min': 291.566353814426, 'cure_gpp_ref': 1.2732482424775575, 'cure_agb_crit': 4.341995130313784, 'fuel_k': 0.02385725233990626, 'fuel_half': 21.201786312679218}. Best is trial 0 with value: -0.6232552202351066.
[I 2026-07-25 00:33:08,959] Trial 486 finished with value: 0.575916382075959 and parameters: {'k1': 0.00025673158838509163, 'D_low': 7.2427692123471346, 'k2': 0.0028521782538872484, 'D_high': 15688.466016388536, 'fire_exp': 3.7349293341653165, 'P_half': 95.12556708332504, 'pre_dampen_half': 0.3246478134301047, 'gpp_af': 0.0014067719109992875, 'gpp_b': 0.00011318139395565725, 'gpp_d': 2.89714076358185, 'ign_k': 0.524524045068291, 'ign_c': 46.13982828606913, 'trop_agb_crit': 13.774717951019849, 'trop_k_veg': 3.5263997553011035, 'gdp_gamma': 1.8204665216557856, 'cure_k': 0.029056798983485333, 'cure_p_min': 103.35483282670643, 'cure_gpp_ref': 0.06231349069976587, 'cure_agb_crit': 1.6293761095990464, 'fuel_k': 2.190362467953057, 'fuel_half': 39.818852191578365}. Best is trial 0 with value: -0.6232552202351066.
[I 2026-07-25 00:33:09,446] Trial 487 finished with value: 0.4342817337000644 and parameters: {'k1': 0.00013358607276090634, 'D_low': 220.61443664073636, 'k2': 0.0023158333109313924, 'D_high': 1763164.3668651625, 'fire_exp': 2.1654667069025177, 'P_half': 467.6274169080281, 'pre_dampen_half': 23.89411998123494, 'gpp_af': 14.462599629647627, 'gpp_b': 0.001310957886557726, 'gpp_d': 174.03168691693264, 'ign_k': 0.31621995611468146, 'ign_c': 10.141363915063868, 'trop_agb_crit': 9.54307995599093, 'trop_k_veg': 3.4230208762320826, 'gdp_gamma': 0.6368569136203943, 'cure_k': 0.0011112598894751854, 'cure_p_min': 234.32586786098994, 'cure_gpp_ref': 1.54977613180406, 'cure_agb_crit': 6.069032698549731, 'fuel_k': 0.011093113232520572, 'fuel_half': 1.6131706053290218}. Best is trial 0 with value: -0.6232552202351066.
[I 2026-07-25 00:33:09,937] Trial 488 finished with value: 0.5768794016483114 and parameters: {'k1': 9.455423234592877e-05, 'D_low': 4.7089778814611964, 'k2': 0.00028599454129768536, 'D_high': 1189.481514431459, 'fire_exp': 1.0362266836600817, 'P_half': 191.8553939163725, 'pre_dampen_half': 0.26205981541556417, 'gpp_af': 0.002969768782606668, 'gpp_b': 0.0001753968314436375, 'gpp_d': 0.5007058750755674, 'ign_k': 0.12172802888157569, 'ign_c': 3.2975400249035984, 'trop_agb_crit': 1.778044005636388, 'trop_k_veg': 4.4422667100011575, 'gdp_gamma': 0.7907117946466786, 'cure_k': 0.005670811231901853, 'cure_p_min': 283.1091948960796, 'cure_gpp_ref': 0.2216010947392117, 'cure_agb_crit': 1.4903394064999722, 'fuel_k': 0.06070651781491366, 'fuel_half': 2.510749533415378}. Best is trial 0 with value: -0.6232552202351066.
[I 2026-07-25 00:33:10,428] Trial 489 finished with value: 0.6029561558908386 and parameters: {'k1': 0.00013118449359744851, 'D_low': 586.1455268342368, 'k2': 0.002260211236099767, 'D_high': 40116.55322929388, 'fire_exp': 8.703245132176846, 'P_half': 42.849052543715885, 'pre_dampen_half': 37.74620439093522, 'gpp_af': 11.719909101853474, 'gpp_b': 0.006147585656476731, 'gpp_d': 8.17373722467828, 'ign_k': 0.0716269653900958, 'ign_c': 2.938332345056708, 'trop_agb_crit': 5.186695895361006, 'trop_k_veg': 5.249499418334144, 'gdp_gamma': 0.8019423897641916, 'cure_k': 0.002585287377104067, 'cure_p_min': 381.55006303125185, 'cure_gpp_ref': 1.5327511194464176, 'cure_agb_crit': 4.54393670433584, 'fuel_k': 0.020049301351617005, 'fuel_half': 1.067984673638727}. Best is trial 0 with value: -0.6232552202351066.
[I 2026-07-25 00:33:10,884] Trial 490 finished with value: 0.5370430400508373 and parameters: {'k1': 0.007679018030022342, 'D_low': 230.25361499578014, 'k2': 0.0009067670387951059, 'D_high': 54622.54454812478, 'fire_exp': 3.893931401861395, 'P_half': 5.567333723454813, 'pre_dampen_half': 0.7854996514492193, 'gpp_af': 0.9779062329591532, 'gpp_b': 0.00010113661930491947, 'gpp_d': 38.51495192084914, 'ign_k': 0.008780725223387057, 'ign_c': 1.6382298754590343, 'trop_agb_crit': 8.4536183833679, 'trop_k_veg': 0.5202844246490365, 'gdp_gamma': 1.129119230149571, 'cure_k': 0.026179434794109026, 'cure_p_min': 313.30062688202264, 'cure_gpp_ref': 0.09484159424017448, 'cure_agb_crit': 2.424527351290048, 'fuel_k': 0.018510214890795317, 'fuel_half': 0.6132919439357298}. Best is trial 0 with value: -0.6232552202351066.
[I 2026-07-25 00:33:11,335] Trial 491 finished with value: 0.6045339520794344 and parameters: {'k1': 0.0009231936910052708, 'D_low': 18911.85437969324, 'k2': 0.08333690144382572, 'D_high': 861672.6642169907, 'fire_exp': 6.405704023344701, 'P_half': 9.832470366227698, 'pre_dampen_half': 5.5806269747853, 'gpp_af': 0.0018917967301101764, 'gpp_b': 0.00038942433386006164, 'gpp_d': 1.4318448313607863, 'ign_k': 7.027504253166283, 'ign_c': 156.595511278417, 'trop_agb_crit': 7.798581493782917, 'trop_k_veg': 0.6123001919991524, 'gdp_gamma': 1.0645046854893248, 'cure_k': 0.0027087696973296794, 'cure_p_min': 116.54145852063351, 'cure_gpp_ref': 0.13800964375288718, 'cure_agb_crit': 4.491838222391053, 'fuel_k': 0.9206976828481224, 'fuel_half': 47.309711106264075}. Best is trial 0 with value: -0.6232552202351066.
[I 2026-07-25 00:33:11,788] Trial 492 finished with value: -0.5269954690435875 and parameters: {'k1': 1.0598661778126894e-05, 'D_low': 368.00615429681835, 'k2': 1.6528589014302164e-05, 'D_high': 1309773.1868560764, 'fire_exp': 1.1682399850071061, 'P_half': 2.5142401830091825, 'pre_dampen_half': 5.18129593252526, 'gpp_af': 0.0014237546483680972, 'gpp_b': 0.0003877154858097171, 'gpp_d': 0.07726731612801623, 'ign_k': 0.019858622764610357, 'ign_c': 1.7998970100193084, 'trop_agb_crit': 1.4512856712844004, 'trop_k_veg': 3.9681247794376997, 'gdp_gamma': 0.24135917687916933, 'cure_k': 0.13193369336354355, 'cure_p_min': 236.8054763662694, 'cure_gpp_ref': 0.06813735411157455, 'cure_agb_crit': 1.3133244465362333, 'fuel_k': 0.2651037010204299, 'fuel_half': 54.642672818689185}. Best is trial 0 with value: -0.6232552202351066.
[I 2026-07-25 00:33:12,239] Trial 493 finished with value: 0.5387784814128284 and parameters: {'k1': 4.1684542518928906e-05, 'D_low': 717.6041653041015, 'k2': 3.367855499860428e-05, 'D_high': 162.9180387444146, 'fire_exp': 1.1437503537743972, 'P_half': 7.895894054935932, 'pre_dampen_half': 0.01982930935264695, 'gpp_af': 0.25382421324718435, 'gpp_b': 0.0011826599341240873, 'gpp_d': 14.258173166801253, 'ign_k': 0.13670170806610593, 'ign_c': 1.4975761394840874, 'trop_agb_crit': 1.32122247611354, 'trop_k_veg': 3.2357435278354294, 'gdp_gamma': 0.5330563055713453, 'cure_k': 0.03383466807977448, 'cure_p_min': 354.0069334051534, 'cure_gpp_ref': 0.3598435157868485, 'cure_agb_crit': 1.1412934739048426, 'fuel_k': 0.01268201636441052, 'fuel_half': 2.2093866946278053}. Best is trial 0 with value: -0.6232552202351066.
[I 2026-07-25 00:33:12,690] Trial 494 finished with value: 0.5153626175201212 and parameters: {'k1': 0.0035868999666195936, 'D_low': 445.2154218510817, 'k2': 0.0005325971257171707, 'D_high': 891594.0521499678, 'fire_exp': 1.3627282821855915, 'P_half': 3201.8875615497177, 'pre_dampen_half': 1.2199005140967751, 'gpp_af': 9.296251816845325, 'gpp_b': 0.002735680688473803, 'gpp_d': 398.95388627224185, 'ign_k': 0.011104802955947943, 'ign_c': 5.094702740106017, 'trop_agb_crit': 16.682123789628967, 'trop_k_veg': 1.2113152757400856, 'gdp_gamma': 1.068267972634816, 'cure_k': 0.002590776960984917, 'cure_p_min': 251.08238217450187, 'cure_gpp_ref': 0.14834443475790554, 'cure_agb_crit': 2.661941740112823, 'fuel_k': 0.02893236546981312, 'fuel_half': 55.49494415795448}. Best is trial 0 with value: -0.6232552202351066.
[I 2026-07-25 00:33:13,187] Trial 495 finished with value: -0.531226478899062 and parameters: {'k1': 0.001148626461156838, 'D_low': 82.13676034225861, 'k2': 0.0014302305256431408, 'D_high': 2821723.5891107, 'fire_exp': 3.514551737800661, 'P_half': 120.27787513070366, 'pre_dampen_half': 4.678194973354055, 'gpp_af': 49.522454139127966, 'gpp_b': 0.03625727098727645, 'gpp_d': 23.936927213261843, 'ign_k': 0.33433688896872993, 'ign_c': 0.16336830189231477, 'trop_agb_crit': 6.971545650069113, 'trop_k_veg': 2.1386038995217476, 'gdp_gamma': 0.7148743768164386, 'cure_k': 0.003817474854011839, 'cure_p_min': 379.9257460698113, 'cure_gpp_ref': 1.439444198429292, 'cure_agb_crit': 7.975596519024525, 'fuel_k': 0.07300374134415856, 'fuel_half': 0.6920235643748326}. Best is trial 0 with value: -0.6232552202351066.
[I 2026-07-25 00:33:13,637] Trial 496 finished with value: 0.460430013119949 and parameters: {'k1': 5.5407464765235066e-05, 'D_low': 22.15298621592521, 'k2': 0.0886085807654207, 'D_high': 182744.0308458237, 'fire_exp': 2.604533262242442, 'P_half': 73.86708903023712, 'pre_dampen_half': 12.942610787292818, 'gpp_af': 0.0013156195514150973, 'gpp_b': 0.000789322183730144, 'gpp_d': 8.027177834381565, 'ign_k': 0.7543169614382089, 'ign_c': 3.4260028476053384, 'trop_agb_crit': 6.741539144953859, 'trop_k_veg': 2.0832428697384477, 'gdp_gamma': 1.8388580508095655, 'cure_k': 0.002506045871720988, 'cure_p_min': 107.38528280520794, 'cure_gpp_ref': 0.10206775297311586, 'cure_agb_crit': 1.858725658456581, 'fuel_k': 5.145148146230736, 'fuel_half': 2.671316899433072}. Best is trial 0 with value: -0.6232552202351066.
[I 2026-07-25 00:33:14,086] Trial 497 finished with value: 0.41983052063817805 and parameters: {'k1': 0.00018622270918071369, 'D_low': 11.658251520931284, 'k2': 4.7450244340805436e-05, 'D_high': 5520775.354757671, 'fire_exp': 1.3137070963234694, 'P_half': 67.56187269559626, 'pre_dampen_half': 0.37761016357326904, 'gpp_af': 2.19069748811499, 'gpp_b': 5.4625502086576043e-05, 'gpp_d': 283.1548885369215, 'ign_k': 0.003978819125660159, 'ign_c': 27.0078102003237, 'trop_agb_crit': 18.159414806730645, 'trop_k_veg': 1.5765882437473682, 'gdp_gamma': 0.9582561791039059, 'cure_k': 0.0011191737390004867, 'cure_p_min': 254.88629459330588, 'cure_gpp_ref': 0.061137899860196944, 'cure_agb_crit': 2.8509045908257313, 'fuel_k': 0.03046843502253885, 'fuel_half': 4.621015005401188}. Best is trial 0 with value: -0.6232552202351066.
