[I 2026-06-10 17:30:34,225] Trial 370 finished with values: [10.674653045639456, 10.674653045639456] and parameters: {'k1': 0.0009898117700885534, 'D_low': 24.28756508761176, 'k2': 0.0001016707987819611, 'D_high': 262.11304189124235, 'fire_exp': 1.111738490499784, 'P_half': 157.80309954142965, 'pre_dampen_half': 1.8469033699850426, 'gpp_af': 27.448645214004376, 'gpp_b': 0.00012118589392553798, 'gpp_d': 7.631016235941559, 'ign_k': 3.965503094323014, 'ign_c': 1.4091459170104739, 'trop_agb_crit': 3.430044314610246, 'trop_k_veg': 6.172643383211297, 'fire_amp': 1.5587346124822492}.
[I 2026-06-10 17:30:35,833] Trial 371 finished with values: [10.396817424351664, 10.396817424351664] and parameters: {'k1': 0.0032360993995751053, 'D_low': 148.21691630007544, 'k2': 0.0001280886335404798, 'D_high': 32311.521854410956, 'fire_exp': 1.41873960828944, 'P_half': 3.591771421517613, 'pre_dampen_half': 1.8469033699850426, 'gpp_af': 0.41874665092828456, 'gpp_b': 0.00031478066835753096, 'gpp_d': 545.0253444559129, 'ign_k': 0.17320535908244444, 'ign_c': 29.690870944846793, 'trop_agb_crit': 12.708819454040446, 'trop_k_veg': 0.5535297685306277, 'fire_amp': 5.831305332032283}.
[I 2026-06-10 17:30:37,358] Trial 372 finished with values: [10.892288431797787, 10.892288431797787] and parameters: {'k1': 0.0869690639641868, 'D_low': 1739.6167422846984, 'k2': 0.003767022142229395, 'D_high': 949.9072859745386, 'fire_exp': 1.14171776851287, 'P_half': 101.40635645866499, 'pre_dampen_half': 98.05638874011484, 'gpp_af': 0.09885838682552685, 'gpp_b': 0.16397960021659272, 'gpp_d': 6.284104775086881, 'ign_k': 1.6270983114897255, 'ign_c': 0.10435856341129002, 'trop_agb_crit': 8.188098178380693, 'trop_k_veg': 0.6673124511410327, 'fire_amp': 2.6192385880432525}.
[I 2026-06-10 17:30:38,842] Trial 373 finished with values: [10.44664115859646, 10.44664115859646] and parameters: {'k1': 0.00023134781612225627, 'D_low': 43.03411264066069, 'k2': 0.019383858782150494, 'D_high': 6682.9607218310075, 'fire_exp': 1.2060040899560858, 'P_half': 2.226799690893868, 'pre_dampen_half': 4.847666216751353, 'gpp_af': 1.9706963379095486, 'gpp_b': 0.00031478066835753096, 'gpp_d': 0.12878367369717508, 'ign_k': 0.0032383308053152635, 'ign_c': 1.364908766641693, 'trop_agb_crit': 12.9667438075127, 'trop_k_veg': 0.5535297685306277, 'fire_amp': 2.7806853670293616}.
[I 2026-06-10 17:30:40,426] Trial 374 finished with values: [13.641023984965809, 13.641023984965809] and parameters: {'k1': 0.006079905434073396, 'D_low': 12.105387404469584, 'k2': 0.03071666851587867, 'D_high': 16780.50857913099, 'fire_exp': 1.069663761954776, 'P_half': 3.591771421517613, 'pre_dampen_half': 903.3231300044874, 'gpp_af': 0.008117091133892173, 'gpp_b': 0.00807491410172472, 'gpp_d': 28.312234265202243, 'ign_k': 0.0010941664389997358, 'ign_c': 7.081721844034206, 'trop_agb_crit': 2.1989086830950257, 'trop_k_veg': 1.2749676887479542, 'fire_amp': 5.416595007374148}.
[I 2026-06-10 17:30:42,155] Trial 375 finished with values: [10.318794153907278, 10.318794153907278] and parameters: {'k1': 0.00031134168041628584, 'D_low': 24.28756508761176, 'k2': 0.003767022142229395, 'D_high': 8912.611835817017, 'fire_exp': 1.2060040899560858, 'P_half': 101.40635645866499, 'pre_dampen_half': 33.71909132517384, 'gpp_af': 0.3015634307185767, 'gpp_b': 0.00013164432569139702, 'gpp_d': 1.4397852866783676, 'ign_k': 0.00840038491455979, 'ign_c': 2.2489542843914485, 'trop_agb_crit': 12.9667438075127, 'trop_k_veg': 0.6673124511410327, 'fire_amp': 2.042193818779288}.
[I 2026-06-10 17:30:43,740] Trial 376 finished with values: [10.043454547445833, 10.043454547445833] and parameters: {'k1': 0.006079905434073396, 'D_low': 43.2326421037033, 'k2': 3.152468275632564e-05, 'D_high': 22.636544662054543, 'fire_exp': 1.0601964743503993, 'P_half': 157.80309954142965, 'pre_dampen_half': 33.71909132517384, 'gpp_af': 27.448645214004376, 'gpp_b': 0.00012118589392553798, 'gpp_d': 545.0253444559129, 'ign_k': 0.00840038491455979, 'ign_c': 1.4091459170104739, 'trop_agb_crit': 8.188098178380693, 'trop_k_veg': 0.6618107836658104, 'fire_amp': 1.5587346124822492}.
[I 2026-06-10 17:30:45,317] Trial 377 finished with values: [10.146468805419133, 10.146468805419133] and parameters: {'k1': 0.012840669372724958, 'D_low': 148.21691630007544, 'k2': 0.00020222983754231334, 'D_high': 2427.054417940131, 'fire_exp': 1.14171776851287, 'P_half': 157.80309954142965, 'pre_dampen_half': 9.044346216330972, 'gpp_af': 0.3877557234566633, 'gpp_b': 0.001674375583895437, 'gpp_d': 1.4397852866783676, 'ign_k': 8.628009047476775, 'ign_c': 0.10435856341129002, 'trop_agb_crit': 1.0693376406863295, 'trop_k_veg': 2.99731137426955, 'fire_amp': 2.0822063607840695}.
[I 2026-06-10 17:30:46,880] Trial 378 finished with values: [10.892857142659844, 10.892857142659844] and parameters: {'k1': 0.006079905434073396, 'D_low': 1074.940539517341, 'k2': 0.08661811390647982, 'D_high': 22.46290894032395, 'fire_exp': 2.241955206082364, 'P_half': 1.4551749476072258, 'pre_dampen_half': 30.456909077772018, 'gpp_af': 0.008117091133892173, 'gpp_b': 0.00807491410172472, 'gpp_d': 1.0088237648985734, 'ign_k': 0.09256855841989636, 'ign_c': 7.832259769732471, 'trop_agb_crit': 1.8023542850487386, 'trop_k_veg': 1.6648666152166967, 'fire_amp': 1.5719333351012774}.
[I 2026-06-10 17:30:48,649] Trial 379 finished with values: [10.586828514242924, 10.586828514242924] and parameters: {'k1': 0.00031134168041628584, 'D_low': 148.21691630007544, 'k2': 0.045914852167405346, 'D_high': 22.636544662054543, 'fire_exp': 1.41873960828944, 'P_half': 69.68111190775313, 'pre_dampen_half': 33.71909132517384, 'gpp_af': 0.0662749342026412, 'gpp_b': 1.4540386644083135e-05, 'gpp_d': 28.312234265202243, 'ign_k': 0.17320535908244444, 'ign_c': 0.13577269394141456, 'trop_agb_crit': 1.3063813396521713, 'trop_k_veg': 0.5535297685306277, 'fire_amp': 4.783836175730692}.
[I 2026-06-10 17:30:50,338] Trial 380 finished with values: [10.785978338265895, 10.785978338265895] and parameters: {'k1': 0.00038698408508416947, 'D_low': 43.2326421037033, 'k2': 0.0001016707987819611, 'D_high': 262.11304189124235, 'fire_exp': 1.811096651915224, 'P_half': 118.94665366442581, 'pre_dampen_half': 9.044346216330972, 'gpp_af': 0.41874665092828456, 'gpp_b': 0.00012118589392553798, 'gpp_d': 1.0088237648985734, 'ign_k': 3.965503094323014, 'ign_c': 1.4091459170104739, 'trop_agb_crit': 8.188098178380693, 'trop_k_veg': 6.172643383211297, 'fire_amp': 1.5587346124822492}.
[I 2026-06-10 17:30:51,926] Trial 381 finished with values: [10.381319892619304, 10.381319892619304] and parameters: {'k1': 0.006079905434073396, 'D_low': 43.2326421037033, 'k2': 3.395181659255642e-05, 'D_high': 42210.21267871043, 'fire_exp': 1.14171776851287, 'P_half': 157.80309954142965, 'pre_dampen_half': 6.881834772031151, 'gpp_af': 27.448645214004376, 'gpp_b': 0.00012118589392553798, 'gpp_d': 1.6963424566071992, 'ign_k': 0.4303356629825978, 'ign_c': 1.4091459170104739, 'trop_agb_crit': 8.188098178380693, 'trop_k_veg': 6.172643383211297, 'fire_amp': 1.1202509284327942}.
[I 2026-06-10 17:30:53,448] Trial 382 finished with values: [-0.3021447157642767, 0.2982868617032629] and parameters: {'k1': 0.012840669372724958, 'D_low': 43.2326421037033, 'k2': 3.152468275632564e-05, 'D_high': 262.11304189124235, 'fire_exp': 1.14171776851287, 'P_half': 157.80309954142965, 'pre_dampen_half': 28.01075698398644, 'gpp_af': 27.448645214004376, 'gpp_b': 0.0004125336560355494, 'gpp_d': 545.0253444559129, 'ign_k': 3.965503094323014, 'ign_c': 0.10435856341129002, 'trop_agb_crit': 3.1419938725278875, 'trop_k_veg': 0.6618107836658104, 'fire_amp': 1.1202509284327942}.
[I 2026-06-10 17:30:54,905] Trial 383 finished with values: [10.007076775040765, 10.007076775040765] and parameters: {'k1': 0.006079905434073396, 'D_low': 12.105387404469584, 'k2': 0.045914852167405346, 'D_high': 16780.50857913099, 'fire_exp': 1.069663761954776, 'P_half': 157.80309954142965, 'pre_dampen_half': 1.8469033699850426, 'gpp_af': 27.448645214004376, 'gpp_b': 0.00012118589392553798, 'gpp_d': 545.0253444559129, 'ign_k': 0.0467351899956275, 'ign_c': 1.4091459170104739, 'trop_agb_crit': 8.188098178380693, 'trop_k_veg': 6.172643383211297, 'fire_amp': 1.5587346124822492}.
[I 2026-06-10 17:30:56,665] Trial 384 finished with values: [12.022980605976102, 12.022980605976102] and parameters: {'k1': 0.016973078532467004, 'D_low': 1593.4806585556198, 'k2': 0.02939607009739149, 'D_high': 44974.07193749848, 'fire_exp': 1.5191397119156032, 'P_half': 8.318314747941244, 'pre_dampen_half': 98.05638874011484, 'gpp_af': 0.09885838682552685, 'gpp_b': 2.1309331861011757e-05, 'gpp_d': 95.2715755007094, 'ign_k': 1.6270983114897255, 'ign_c': 22.126836566118193, 'trop_agb_crit': 3.5874145253515306, 'trop_k_veg': 2.724170387400844, 'fire_amp': 5.44779717154213}.
[I 2026-06-10 17:30:58,310] Trial 385 finished with values: [10.59566954074285, 10.59566954074285] and parameters: {'k1': 6.318310680434653e-05, 'D_low': 4.676601116802034, 'k2': 0.0001016707987819611, 'D_high': 42210.21267871043, 'fire_exp': 1.14171776851287, 'P_half': 157.80309954142965, 'pre_dampen_half': 8.259599205585761, 'gpp_af': 0.8057329182285734, 'gpp_b': 0.0004125336560355494, 'gpp_d': 1.6963424566071992, 'ign_k': 0.4303356629825978, 'ign_c': 22.126836566118193, 'trop_agb_crit': 1.5033346993841157, 'trop_k_veg': 2.724170387400844, 'fire_amp': 1.2060618932559806}.
[I 2026-06-10 17:30:59,817] Trial 386 finished with values: [10.001684450453382, 10.001684450453382] and parameters: {'k1': 0.0003445931091927334, 'D_low': 12.105387404469584, 'k2': 0.045914852167405346, 'D_high': 1266.9536563782303, 'fire_exp': 1.0601964743503993, 'P_half': 3.591771421517613, 'pre_dampen_half': 189.36639872354493, 'gpp_af': 0.10098504976210308, 'gpp_b': 0.00807491410172472, 'gpp_d': 7.631016235941559, 'ign_k': 0.09256855841989636, 'ign_c': 35.133466168692735, 'trop_agb_crit': 1.0693376406863295, 'trop_k_veg': 1.6648666152166967, 'fire_amp': 4.19233232783727}.
[I 2026-06-10 17:31:01,346] Trial 387 finished with values: [10.324019940230691, 10.324019940230691] and parameters: {'k1': 0.016973078532467004, 'D_low': 148.21691630007544, 'k2': 0.02065142557895925, 'D_high': 2427.054417940131, 'fire_exp': 1.0601964743503993, 'P_half': 157.80309954142965, 'pre_dampen_half': 1.6130673726933187, 'gpp_af': 0.9219336658511308, 'gpp_b': 0.00013164432569139702, 'gpp_d': 236.32429088389833, 'ign_k': 0.004105873950290761, 'ign_c': 22.126836566118193, 'trop_agb_crit': 1.0693376406863295, 'trop_k_veg': 2.724170387400844, 'fire_amp': 2.6192385880432525}.
[I 2026-06-10 17:31:02,917] Trial 388 finished with values: [10.664020928952475, 10.664020928952475] and parameters: {'k1': 5.7909642338812115e-05, 'D_low': 669.7348618512094, 'k2': 0.0007731571570012607, 'D_high': 262.11304189124235, 'fire_exp': 1.1633452995374232, 'P_half': 1265.0580856641704, 'pre_dampen_half': 253.71947027764784, 'gpp_af': 0.41874665092828456, 'gpp_b': 0.004411400434514031, 'gpp_d': 1.0088237648985734, 'ign_k': 0.17320535908244444, 'ign_c': 0.10435856341129002, 'trop_agb_crit': 3.1419938725278875, 'trop_k_veg': 5.453348988480011, 'fire_amp': 1.1202509284327942}.
[I 2026-06-10 17:31:04,548] Trial 389 finished with values: [10.304482595605421, 10.304482595605421] and parameters: {'k1': 0.006079905434073396, 'D_low': 1.3376564232104105, 'k2': 0.08661811390647982, 'D_high': 1266.9536563782303, 'fire_exp': 1.14171776851287, 'P_half': 1.4551749476072258, 'pre_dampen_half': 857.6556763881457, 'gpp_af': 0.008117091133892173, 'gpp_b': 0.05314875633348467, 'gpp_d': 7.631016235941559, 'ign_k': 0.09256855841989636, 'ign_c': 7.832259769732471, 'trop_agb_crit': 1.8023542850487386, 'trop_k_veg': 0.6618107836658104, 'fire_amp': 2.6192385880432525}.
[I 2026-06-10 17:31:06,157] Trial 390 finished with values: [10.108050350953768, 10.108050350953768] and parameters: {'k1': 0.0326979063339169, 'D_low': 12.105387404469584, 'k2': 0.045914852167405346, 'D_high': 18108.14362107968, 'fire_exp': 1.069663761954776, 'P_half': 3.591771421517613, 'pre_dampen_half': 1.8469033699850426, 'gpp_af': 27.448645214004376, 'gpp_b': 0.6089142387470042, 'gpp_d': 479.80109106752894, 'ign_k': 0.4303356629825978, 'ign_c': 7.081721844034206, 'trop_agb_crit': 8.188098178380693, 'trop_k_veg': 0.5535297685306277, 'fire_amp': 1.5587346124822492}.
[I 2026-06-10 17:31:07,650] Trial 391 finished with values: [10.89087635675034, 10.89087635675034] and parameters: {'k1': 0.0326979063339169, 'D_low': 171.2446447678494, 'k2': 0.045914852167405346, 'D_high': 22.636544662054543, 'fire_exp': 1.0601964743503993, 'P_half': 564.3426708406568, 'pre_dampen_half': 269.0845367054866, 'gpp_af': 0.09885838682552685, 'gpp_b': 2.050348580570328e-05, 'gpp_d': 12.338826503601998, 'ign_k': 0.00840038491455979, 'ign_c': 48.704711413416454, 'trop_agb_crit': 3.1419938725278875, 'trop_k_veg': 0.6618107836658104, 'fire_amp': 1.1202509284327942}.
[I 2026-06-10 17:31:09,377] Trial 392 finished with values: [10.882697408000716, 10.882697408000716] and parameters: {'k1': 0.012840669372724958, 'D_low': 146.28013120517718, 'k2': 0.02065142557895925, 'D_high': 2427.054417940131, 'fire_exp': 5.117531439790398, 'P_half': 70.91190338709636, 'pre_dampen_half': 9.044346216330972, 'gpp_af': 0.09885838682552685, 'gpp_b': 0.0004125336560355494, 'gpp_d': 0.7698760608299932, 'ign_k': 0.004105873950290761, 'ign_c': 0.10435856341129002, 'trop_agb_crit': 8.188098178380693, 'trop_k_veg': 5.593985425286908, 'fire_amp': 2.6192385880432525}.
[I 2026-06-10 17:31:11,011] Trial 393 finished with values: [10.094035286298556, 10.094035286298556] and parameters: {'k1': 0.00026539376439360527, 'D_low': 24.28756508761176, 'k2': 0.08661811390647982, 'D_high': 18701.140647651915, 'fire_exp': 1.111738490499784, 'P_half': 1.4551749476072258, 'pre_dampen_half': 1.8469033699850426, 'gpp_af': 27.448645214004376, 'gpp_b': 0.004411400434514031, 'gpp_d': 37.19072637334467, 'ign_k': 0.15974581244256694, 'ign_c': 1.4091459170104739, 'trop_agb_crit': 2.1989086830950257, 'trop_k_veg': 4.61686111043599, 'fire_amp': 1.5719333351012774}.
[I 2026-06-10 17:31:12,765] Trial 394 finished with values: [12.609548221319102, 12.609548221319102] and parameters: {'k1': 0.006079905434073396, 'D_low': 43.2326421037033, 'k2': 0.02939607009739149, 'D_high': 44974.07193749848, 'fire_exp': 1.4690410989404576, 'P_half': 101.40635645866499, 'pre_dampen_half': 903.3231300044874, 'gpp_af': 0.09885838682552685, 'gpp_b': 0.0010881810414580882, 'gpp_d': 95.2715755007094, 'ign_k': 1.6270983114897255, 'ign_c': 7.832259769732471, 'trop_agb_crit': 1.8023542850487386, 'trop_k_veg': 0.6618107836658104, 'fire_amp': 1.5719333351012774}.
[I 2026-06-10 17:31:14,414] Trial 395 finished with values: [10.421891945793943, 10.421891945793943] and parameters: {'k1': 0.0004846497679219079, 'D_low': 24.28756508761176, 'k2': 0.003767022142229395, 'D_high': 18701.140647651915, 'fire_exp': 1.14171776851287, 'P_half': 782.8534228218628, 'pre_dampen_half': 1.8469033699850426, 'gpp_af': 0.3015634307185767, 'gpp_b': 0.0004125336560355494, 'gpp_d': 1.4397852866783676, 'ign_k': 0.15974581244256694, 'ign_c': 0.10435856341129002, 'trop_agb_crit': 3.430044314610246, 'trop_k_veg': 4.787592810917961, 'fire_amp': 2.7806853670293616}.
[I 2026-06-10 17:31:15,907] Trial 396 finished with values: [-0.4459545057691166, 0.22528307597019992] and parameters: {'k1': 0.012840669372724958, 'D_low': 43.2326421037033, 'k2': 2.091507303847255e-05, 'D_high': 42210.21267871043, 'fire_exp': 1.14171776851287, 'P_half': 118.94665366442581, 'pre_dampen_half': 9.044346216330972, 'gpp_af': 0.8057329182285734, 'gpp_b': 0.0004125336560355494, 'gpp_d': 12.151631524283598, 'ign_k': 0.4303356629825978, 'ign_c': 0.10435856341129002, 'trop_agb_crit': 3.1419938725278875, 'trop_k_veg': 4.796046723963646, 'fire_amp': 1.1202509284327942}.
[I 2026-06-10 17:31:17,515] Trial 397 finished with values: [10.597849820356178, 10.597849820356178] and parameters: {'k1': 0.016973078532467004, 'D_low': 1739.6167422846984, 'k2': 0.02939607009739149, 'D_high': 44974.07193749848, 'fire_exp': 3.2459542834651627, 'P_half': 101.40635645866499, 'pre_dampen_half': 98.05638874011484, 'gpp_af': 0.09885838682552685, 'gpp_b': 1.1008110571039521e-05, 'gpp_d': 545.0253444559129, 'ign_k': 0.004105873950290761, 'ign_c': 0.10435856341129002, 'trop_agb_crit': 1.5033346993841157, 'trop_k_veg': 2.724170387400844, 'fire_amp': 5.44779717154213}.
[I 2026-06-10 17:31:19,125] Trial 398 finished with values: [11.981393571615333, 11.981393571615333] and parameters: {'k1': 0.0032360993995751053, 'D_low': 148.21691630007544, 'k2': 0.0004976087827261435, 'D_high': 42210.21267871043, 'fire_exp': 1.41873960828944, 'P_half': 3.591771421517613, 'pre_dampen_half': 1.8469033699850426, 'gpp_af': 0.41874665092828456, 'gpp_b': 2.176805640408474e-05, 'gpp_d': 236.32429088389833, 'ign_k': 3.7954792742512957, 'ign_c': 13.054148118849394, 'trop_agb_crit': 12.647327018493208, 'trop_k_veg': 0.5535297685306277, 'fire_amp': 5.606809127618709}.
[I 2026-06-10 17:31:20,790] Trial 399 finished with values: [10.892669828591048, 10.892669828591048] and parameters: {'k1': 0.00031134168041628584, 'D_low': 1.7551403048208316, 'k2': 0.003767022142229395, 'D_high': 42210.21267871043, 'fire_exp': 3.528518316173592, 'P_half': 1858.6220273069061, 'pre_dampen_half': 1.6130673726933187, 'gpp_af': 27.448645214004376, 'gpp_b': 0.00013164432569139702, 'gpp_d': 7.631016235941559, 'ign_k': 0.06445745262301897, 'ign_c': 13.054148118849394, 'trop_agb_crit': 1.0693376406863295, 'trop_k_veg': 6.172643383211297, 'fire_amp': 1.4475279918261055}.
[I 2026-06-10 17:31:22,299] Trial 400 finished with values: [12.589509324545737, 12.589509324545737] and parameters: {'k1': 5.7909642338812115e-05, 'D_low': 1.4002277211577039, 'k2': 3.152468275632564e-05, 'D_high': 48235.58283024493, 'fire_exp': 1.14171776851287, 'P_half': 157.80309954142965, 'pre_dampen_half': 253.71947027764784, 'gpp_af': 0.41874665092828456, 'gpp_b': 0.004411400434514031, 'gpp_d': 545.0253444559129, 'ign_k': 0.17320535908244444, 'ign_c': 0.10435856341129002, 'trop_agb_crit': 1.8566494291193822, 'trop_k_veg': 2.9779319378885387, 'fire_amp': 2.6192385880432525}.
[I 2026-06-10 17:31:23,767] Trial 401 finished with values: [10.210731815087588, 10.210731815087588] and parameters: {'k1': 5.7909642338812115e-05, 'D_low': 1216.4139351417061, 'k2': 1.97778285124627e-05, 'D_high': 1817.0401889219124, 'fire_exp': 1.3807440352456883, 'P_half': 45.55085098454082, 'pre_dampen_half': 2.736251365128462, 'gpp_af': 0.41874665092828456, 'gpp_b': 0.00012118589392553798, 'gpp_d': 700.6693992445935, 'ign_k': 0.17320535908244444, 'ign_c': 0.4177928311636542, 'trop_agb_crit': 1.8566494291193822, 'trop_k_veg': 5.453348988480011, 'fire_amp': 5.44779717154213}.
[I 2026-06-10 17:31:25,284] Trial 402 finished with values: [10.089397272691272, 10.089397272691272] and parameters: {'k1': 0.0326979063339169, 'D_low': 148.21691630007544, 'k2': 0.045914852167405346, 'D_high': 18108.14362107968, 'fire_exp': 1.4690410989404576, 'P_half': 251.23618639978196, 'pre_dampen_half': 9.044346216330972, 'gpp_af': 0.8057329182285734, 'gpp_b': 1.1008110571039521e-05, 'gpp_d': 545.0253444559129, 'ign_k': 0.4303356629825978, 'ign_c': 7.081721844034206, 'trop_agb_crit': 3.1419938725278875, 'trop_k_veg': 2.724170387400844, 'fire_amp': 1.1202509284327942}.
[I 2026-06-10 17:31:26,996] Trial 403 finished with values: [10.767383713189462, 10.767383713189462] and parameters: {'k1': 0.006079905434073396, 'D_low': 24.28756508761176, 'k2': 0.0001016707987819611, 'D_high': 8912.611835817017, 'fire_exp': 1.4690410989404576, 'P_half': 157.80309954142965, 'pre_dampen_half': 903.3231300044874, 'gpp_af': 0.10098504976210308, 'gpp_b': 0.004411400434514031, 'gpp_d': 12.338826503601998, 'ign_k': 3.965503094323014, 'ign_c': 1.4091459170104739, 'trop_agb_crit': 1.1683326952092081, 'trop_k_veg': 0.6673124511410327, 'fire_amp': 1.5719333351012774}.
[I 2026-06-10 17:31:28,667] Trial 404 finished with values: [10.472314755724291, 10.472314755724291] and parameters: {'k1': 0.006079905434073396, 'D_low': 43.2326421037033, 'k2': 3.152468275632564e-05, 'D_high': 1266.9536563782303, 'fire_exp': 1.14171776851287, 'P_half': 157.80309954142965, 'pre_dampen_half': 189.36639872354493, 'gpp_af': 0.8057329182285734, 'gpp_b': 0.0004125336560355494, 'gpp_d': 7.631016235941559, 'ign_k': 3.965503094323014, 'ign_c': 1.4091459170104739, 'trop_agb_crit': 3.1419938725278875, 'trop_k_veg': 6.172643383211297, 'fire_amp': 1.1202509284327942}.
[I 2026-06-10 17:31:30,307] Trial 405 finished with values: [10.263771252911877, 10.263771252911877] and parameters: {'k1': 0.0012752949611679993, 'D_low': 24.28756508761176, 'k2': 0.0001016707987819611, 'D_high': 8440.303958079088, 'fire_exp': 1.14171776851287, 'P_half': 157.80309954142965, 'pre_dampen_half': 8.259599205585761, 'gpp_af': 6.384685545228285, 'gpp_b': 0.00012118589392553798, 'gpp_d': 0.7698760608299932, 'ign_k': 3.965503094323014, 'ign_c': 0.10435856341129002, 'trop_agb_crit': 8.188098178380693, 'trop_k_veg': 6.172643383211297, 'fire_amp': 4.2446263054164195}.
[I 2026-06-10 17:31:31,792] Trial 406 finished with values: [10.308143313959564, 10.308143313959564] and parameters: {'k1': 0.0869690639641868, 'D_low': 43.2326421037033, 'k2': 0.02065142557895925, 'D_high': 42210.21267871043, 'fire_exp': 1.9365919987098117, 'P_half': 118.94665366442581, 'pre_dampen_half': 9.044346216330972, 'gpp_af': 0.8057329182285734, 'gpp_b': 2.800940363375676e-05, 'gpp_d': 0.4742269251269962, 'ign_k': 1.6270983114897255, 'ign_c': 0.10435856341129002, 'trop_agb_crit': 1.0189592979395135, 'trop_k_veg': 4.796046723963646, 'fire_amp': 1.1202509284327942}.
