[I 2026-06-10 21:29:56,115] Trial 525 finished with values: [10.685796677982207, 10.685796677982207] and parameters: {'k1': 0.001192139671682983, 'D_low': 525.4883437268169, 'k2': 0.0002172578929502367, 'D_high': 40237.59749324181, 'fire_exp': 6.985064954051974, 'P_half': 2.0598022365449626, 'pre_dampen_half': 106.74579222939708, 'gpp_af': 0.2488338093530608, 'gpp_b': 0.00012118589392553798, 'gpp_d': 0.013434154203681773, 'ign_k': 5.351470428717437, 'ign_c': 1.4940577239079738, 'trop_agb_crit': 10.691477813613638, 'trop_k_veg': 6.45312300188076, 'fuel_k': 4.710433409437072, 'fuel_half': 1.3323297901105768}.
[I 2026-06-10 21:29:57,799] Trial 526 finished with values: [10.740865707074855, 10.740865707074855] and parameters: {'k1': 0.02228708726011016, 'D_low': 7.857247967427123, 'k2': 0.002884223471687844, 'D_high': 3512.7047262708465, 'fire_exp': 4.148081113554051, 'P_half': 13.30003421978439, 'pre_dampen_half': 857.6556763881457, 'gpp_af': 5.056419398267455, 'gpp_b': 1.284284091405877e-05, 'gpp_d': 0.5084393304411557, 'ign_k': 0.038563028138793747, 'ign_c': 22.126836566118193, 'trop_agb_crit': 15.68644624233575, 'trop_k_veg': 1.331829048405031, 'fuel_k': 0.5182294818798785, 'fuel_half': 1.3822508203434103}.
[I 2026-06-10 21:29:59,346] Trial 527 finished with values: [10.115507838201237, 10.115507838201237] and parameters: {'k1': 0.002155595057104387, 'D_low': 525.4883437268169, 'k2': 0.002884223471687844, 'D_high': 42210.21267871043, 'fire_exp': 1.423480109671474, 'P_half': 221.2683656611821, 'pre_dampen_half': 13.472769577631583, 'gpp_af': 0.3002317246575309, 'gpp_b': 2.176805640408474e-05, 'gpp_d': 229.41380323183625, 'ign_k': 5.351470428717437, 'ign_c': 3.9381397500791055, 'trop_agb_crit': 10.691477813613638, 'trop_k_veg': 6.45312300188076, 'fuel_k': 4.710433409437072, 'fuel_half': 1.3323297901105768}.
[I 2026-06-10 21:30:01,297] Trial 528 finished with values: [10.100434123799475, 10.100434123799475] and parameters: {'k1': 0.02228708726011016, 'D_low': 5.351452349843333, 'k2': 0.00209261568837867, 'D_high': 61536.58035691648, 'fire_exp': 3.4166661635989644, 'P_half': 13.30003421978439, 'pre_dampen_half': 565.0116730717873, 'gpp_af': 5.056419398267455, 'gpp_b': 0.00011558427059298912, 'gpp_d': 12.6084874067596, 'ign_k': 3.965503094323014, 'ign_c': 0.2669144717088781, 'trop_agb_crit': 12.647327018493208, 'trop_k_veg': 0.6217101289242648, 'fuel_k': 0.5182294818798785, 'fuel_half': 71.14476009343416}.
[I 2026-06-10 21:30:03,411] Trial 529 finished with values: [-0.3705982693856534, 0.9748465978413171] and parameters: {'k1': 0.012840669372724958, 'D_low': 525.4883437268169, 'k2': 0.0002172578929502367, 'D_high': 42210.21267871043, 'fire_exp': 1.1103154430776774, 'P_half': 2.0598022365449626, 'pre_dampen_half': 243.70551632385417, 'gpp_af': 5.056419398267455, 'gpp_b': 2.176805640408474e-05, 'gpp_d': 32.54021513867688, 'ign_k': 0.02226297338331263, 'ign_c': 0.5655677524618509, 'trop_agb_crit': 10.691477813613638, 'trop_k_veg': 6.45312300188076, 'fuel_k': 0.3356098860138198, 'fuel_half': 0.17108183937377372}.
[I 2026-06-10 21:30:06,120] Trial 530 finished with values: [10.490104370752698, 10.490104370752698] and parameters: {'k1': 0.028401063201780267, 'D_low': 36.07301614542843, 'k2': 0.0027015957920129437, 'D_high': 40237.59749324181, 'fire_exp': 1.2781983515972553, 'P_half': 13.30003421978439, 'pre_dampen_half': 13.472769577631583, 'gpp_af': 0.053663001820106804, 'gpp_b': 0.014662453726154785, 'gpp_d': 66.7446265922751, 'ign_k': 0.038563028138793747, 'ign_c': 1.4940577239079738, 'trop_agb_crit': 5.526463318565575, 'trop_k_veg': 1.3987664054208562, 'fuel_k': 0.5182294818798785, 'fuel_half': 1.9170041589170652}.
[I 2026-06-10 21:30:08,398] Trial 531 finished with values: [10.61065105733484, 10.61065105733484] and parameters: {'k1': 0.002155595057104387, 'D_low': 37.35862630812753, 'k2': 0.002173988526401145, 'D_high': 91246.32886689917, 'fire_exp': 1.1103154430776774, 'P_half': 52.911502562008664, 'pre_dampen_half': 32.53305539860191, 'gpp_af': 0.053663001820106804, 'gpp_b': 0.00012118589392553798, 'gpp_d': 14.423399576193098, 'ign_k': 4.591485216740537, 'ign_c': 30.785541778315018, 'trop_agb_crit': 10.691477813613638, 'trop_k_veg': 5.876643247346733, 'fuel_k': 4.710433409437072, 'fuel_half': 0.17108183937377372}.
[I 2026-06-10 21:30:10,736] Trial 532 finished with values: [10.581903792366413, 10.581903792366413] and parameters: {'k1': 0.0010495653625093638, 'D_low': 323.7668055684038, 'k2': 0.014666151770108535, 'D_high': 17862.529328349203, 'fire_exp': 1.1103154430776774, 'P_half': 7.46475488144212, 'pre_dampen_half': 857.6556763881457, 'gpp_af': 0.3002317246575309, 'gpp_b': 2.176805640408474e-05, 'gpp_d': 12.6084874067596, 'ign_k': 6.344955605329754, 'ign_c': 0.5655677524618509, 'trop_agb_crit': 5.526463318565575, 'trop_k_veg': 1.331829048405031, 'fuel_k': 0.9886772072665513, 'fuel_half': 11.781063202742125}.
[I 2026-06-10 21:30:12,909] Trial 533 finished with values: [-0.3863703394993861, 0.3573781425084851] and parameters: {'k1': 0.03865036856259725, 'D_low': 2.4474057445796826, 'k2': 0.015109086063191909, 'D_high': 3512.7047262708465, 'fire_exp': 1.2781983515972553, 'P_half': 221.2683656611821, 'pre_dampen_half': 599.2644014925409, 'gpp_af': 5.056419398267455, 'gpp_b': 1.284284091405877e-05, 'gpp_d': 59.94537656798816, 'ign_k': 0.02741350741975827, 'ign_c': 1.4940577239079738, 'trop_agb_crit': 10.691477813613638, 'trop_k_veg': 0.7818074020304813, 'fuel_k': 0.2503625235956924, 'fuel_half': 11.781063202742125}.
[I 2026-06-10 21:30:15,574] Trial 534 finished with values: [10.727176034697024, 10.727176034697024] and parameters: {'k1': 0.0018538092461931478, 'D_low': 899.0768948930038, 'k2': 7.841214856323651e-05, 'D_high': 91246.32886689917, 'fire_exp': 1.2781983515972553, 'P_half': 52.911502562008664, 'pre_dampen_half': 565.0116730717873, 'gpp_af': 10.067774870299937, 'gpp_b': 0.005419266601560437, 'gpp_d': 0.012335674846568605, 'ign_k': 0.012868405331151606, 'ign_c': 30.785541778315018, 'trop_agb_crit': 19.15805325046976, 'trop_k_veg': 1.331829048405031, 'fuel_k': 2.563645943471902, 'fuel_half': 71.14476009343416}.
[I 2026-06-10 21:30:17,507] Trial 535 finished with values: [10.209856807048276, 10.209856807048276] and parameters: {'k1': 0.012840669372724958, 'D_low': 40.12413353131991, 'k2': 0.0002172578929502367, 'D_high': 3512.7047262708465, 'fire_exp': 1.2781983515972553, 'P_half': 93.43302657318476, 'pre_dampen_half': 13.472769577631583, 'gpp_af': 0.3002317246575309, 'gpp_b': 1.284284091405877e-05, 'gpp_d': 229.41380323183625, 'ign_k': 1.1044350847124695, 'ign_c': 22.126836566118193, 'trop_agb_crit': 9.286923253577127, 'trop_k_veg': 6.45312300188076, 'fuel_k': 4.710433409437072, 'fuel_half': 1.3323297901105768}.
[I 2026-06-10 21:30:19,811] Trial 536 finished with values: [10.517946519853293, 10.517946519853293] and parameters: {'k1': 0.03865036856259725, 'D_low': 40.12413353131991, 'k2': 0.0004976087827261435, 'D_high': 3512.7047262708465, 'fire_exp': 1.2918065501148304, 'P_half': 221.2683656611821, 'pre_dampen_half': 857.6556763881457, 'gpp_af': 0.3002317246575309, 'gpp_b': 0.15208782389892764, 'gpp_d': 32.54021513867688, 'ign_k': 0.038563028138793747, 'ign_c': 1.4940577239079738, 'trop_agb_crit': 1.9462015937208994, 'trop_k_veg': 1.331829048405031, 'fuel_k': 0.5182294818798785, 'fuel_half': 1.9170041589170652}.
[I 2026-06-10 21:30:21,749] Trial 537 finished with values: [-0.3024781722649048, 0.9719418864769807] and parameters: {'k1': 0.001906534551939351, 'D_low': 375.241428659295, 'k2': 0.002884223471687844, 'D_high': 91246.32886689917, 'fire_exp': 1.0175666737194826, 'P_half': 13.30003421978439, 'pre_dampen_half': 243.70551632385417, 'gpp_af': 5.056419398267455, 'gpp_b': 2.176805640408474e-05, 'gpp_d': 32.54021513867688, 'ign_k': 0.012868405331151606, 'ign_c': 0.5655677524618509, 'trop_agb_crit': 5.12586335774155, 'trop_k_veg': 1.331829048405031, 'fuel_k': 2.563645943471902, 'fuel_half': 54.91887821601532}.
[I 2026-06-10 21:30:23,682] Trial 538 finished with values: [10.08477780124596, 10.08477780124596] and parameters: {'k1': 0.03865036856259725, 'D_low': 388.9545503367577, 'k2': 0.0004976087827261435, 'D_high': 40237.59749324181, 'fire_exp': 1.2781983515972553, 'P_half': 93.43302657318476, 'pre_dampen_half': 243.70551632385417, 'gpp_af': 0.3002317246575309, 'gpp_b': 0.014662453726154785, 'gpp_d': 922.1975850381748, 'ign_k': 5.351470428717437, 'ign_c': 1.4940577239079738, 'trop_agb_crit': 2.082468072533112, 'trop_k_veg': 6.02985034296454, 'fuel_k': 4.710433409437072, 'fuel_half': 11.781063202742125}.
[I 2026-06-10 21:30:25,922] Trial 539 finished with values: [10.692871919083178, 10.692871919083178] and parameters: {'k1': 0.012840669372724958, 'D_low': 37.35862630812753, 'k2': 9.41736029651194e-05, 'D_high': 91246.32886689917, 'fire_exp': 1.423480109671474, 'P_half': 5106.674528526557, 'pre_dampen_half': 243.70551632385417, 'gpp_af': 0.24002253099641147, 'gpp_b': 0.00012118589392553798, 'gpp_d': 14.423399576193098, 'ign_k': 0.02226297338331263, 'ign_c': 1.0944963667961967, 'trop_agb_crit': 10.691477813613638, 'trop_k_veg': 5.876643247346733, 'fuel_k': 0.2280813307334768, 'fuel_half': 0.17108183937377372}.
[I 2026-06-10 21:30:27,861] Trial 540 finished with values: [10.065485894860421, 10.065485894860421] and parameters: {'k1': 1.742085881788942e-05, 'D_low': 36.07301614542843, 'k2': 7.841214856323651e-05, 'D_high': 3512.7047262708465, 'fire_exp': 1.1103154430776774, 'P_half': 93.43302657318476, 'pre_dampen_half': 857.6556763881457, 'gpp_af': 0.24002253099641147, 'gpp_b': 0.00012118589392553798, 'gpp_d': 32.54021513867688, 'ign_k': 0.038563028138793747, 'ign_c': 22.126836566118193, 'trop_agb_crit': 10.215415653610627, 'trop_k_veg': 6.45312300188076, 'fuel_k': 4.710433409437072, 'fuel_half': 1.3323297901105768}.
[I 2026-06-10 21:30:29,708] Trial 541 finished with values: [-0.5537864967782791, 0.91254516728819] and parameters: {'k1': 0.05466937478766084, 'D_low': 5.351452349843333, 'k2': 0.002884223471687844, 'D_high': 42210.21267871043, 'fire_exp': 1.2781983515972553, 'P_half': 13.30003421978439, 'pre_dampen_half': 13.472769577631583, 'gpp_af': 0.3002317246575309, 'gpp_b': 0.0001484082099455773, 'gpp_d': 32.54021513867688, 'ign_k': 5.351470428717437, 'ign_c': 0.5655677524618509, 'trop_agb_crit': 10.215415653610627, 'trop_k_veg': 6.45312300188076, 'fuel_k': 4.710433409437072, 'fuel_half': 11.781063202742125}.
[I 2026-06-10 21:30:31,719] Trial 542 finished with values: [10.376163788901437, 10.376163788901437] and parameters: {'k1': 0.0010495653625093638, 'D_low': 323.7668055684038, 'k2': 0.0002549709775062069, 'D_high': 2289.1315306837046, 'fire_exp': 1.1103154430776774, 'P_half': 2.0598022365449626, 'pre_dampen_half': 13.472769577631583, 'gpp_af': 0.05511595477601767, 'gpp_b': 2.176805640408474e-05, 'gpp_d': 32.54021513867688, 'ign_k': 5.351470428717437, 'ign_c': 0.5655677524618509, 'trop_agb_crit': 10.691477813613638, 'trop_k_veg': 4.129715873342728, 'fuel_k': 4.710433409437072, 'fuel_half': 11.781063202742125}.
[I 2026-06-10 21:30:34,061] Trial 543 finished with values: [-0.13199890347024085, 0.8675693021087875] and parameters: {'k1': 0.001906534551939351, 'D_low': 2.4474057445796826, 'k2': 0.002884223471687844, 'D_high': 91246.32886689917, 'fire_exp': 1.3806513288500464, 'P_half': 56.22114524476698, 'pre_dampen_half': 565.0116730717873, 'gpp_af': 5.056419398267455, 'gpp_b': 0.00012118589392553798, 'gpp_d': 32.54021513867688, 'ign_k': 0.001973268844408891, 'ign_c': 30.785541778315018, 'trop_agb_crit': 27.025726513675966, 'trop_k_veg': 7.732256834860708, 'fuel_k': 2.563645943471902, 'fuel_half': 1.3323297901105768}.
[I 2026-06-10 21:30:36,632] Trial 544 finished with values: [10.332923020923289, 10.332923020923289] and parameters: {'k1': 0.0006579066240690734, 'D_low': 323.7668055684038, 'k2': 6.418208309987478e-05, 'D_high': 91246.32886689917, 'fire_exp': 1.3806513288500464, 'P_half': 157.80309954142965, 'pre_dampen_half': 565.0116730717873, 'gpp_af': 5.056419398267455, 'gpp_b': 0.014662453726154785, 'gpp_d': 12.6084874067596, 'ign_k': 0.013276678836047658, 'ign_c': 0.2544973788728504, 'trop_agb_crit': 5.12586335774155, 'trop_k_veg': 2.132271839889451, 'fuel_k': 2.563645943471902, 'fuel_half': 2.8682386094461347}.
[I 2026-06-10 21:30:38,651] Trial 545 finished with values: [-0.4775715085227687, 0.9433341452744657] and parameters: {'k1': 0.0006579066240690734, 'D_low': 2.4474057445796826, 'k2': 0.002173988526401145, 'D_high': 42210.21267871043, 'fire_exp': 1.1103154430776774, 'P_half': 118.39097834757698, 'pre_dampen_half': 272.9378165037474, 'gpp_af': 5.056419398267455, 'gpp_b': 2.176805640408474e-05, 'gpp_d': 32.54021513867688, 'ign_k': 5.351470428717437, 'ign_c': 22.126836566118193, 'trop_agb_crit': 10.691477813613638, 'trop_k_veg': 4.7254560805090735, 'fuel_k': 2.563645943471902, 'fuel_half': 54.91887821601532}.
[I 2026-06-10 21:30:40,659] Trial 546 finished with values: [-0.25891252490613575, 0.6593828016909684] and parameters: {'k1': 0.03865036856259725, 'D_low': 2.4474057445796826, 'k2': 0.002884223471687844, 'D_high': 40237.59749324181, 'fire_exp': 1.3806513288500464, 'P_half': 118.39097834757698, 'pre_dampen_half': 857.6556763881457, 'gpp_af': 0.019225729985674112, 'gpp_b': 1.284284091405877e-05, 'gpp_d': 229.41380323183625, 'ign_k': 0.02741350741975827, 'ign_c': 22.126836566118193, 'trop_agb_crit': 15.68644624233575, 'trop_k_veg': 4.7254560805090735, 'fuel_k': 0.28328975157735103, 'fuel_half': 11.781063202742125}.
[I 2026-06-10 21:30:42,961] Trial 547 finished with values: [10.330322433137612, 10.330322433137612] and parameters: {'k1': 0.02228708726011016, 'D_low': 323.7668055684038, 'k2': 0.002884223471687844, 'D_high': 40237.59749324181, 'fire_exp': 1.9269608977575319, 'P_half': 13.30003421978439, 'pre_dampen_half': 565.0116730717873, 'gpp_af': 5.056419398267455, 'gpp_b': 0.014662453726154785, 'gpp_d': 12.6084874067596, 'ign_k': 0.0030257721519613206, 'ign_c': 30.785541778315018, 'trop_agb_crit': 5.12586335774155, 'trop_k_veg': 0.6217101289242648, 'fuel_k': 2.563645943471902, 'fuel_half': 0.17108183937377372}.
[I 2026-06-10 21:30:44,909] Trial 548 finished with values: [10.338223943753535, 10.338223943753535] and parameters: {'k1': 0.012840669372724958, 'D_low': 40.12413353131991, 'k2': 0.0002172578929502367, 'D_high': 3512.7047262708465, 'fire_exp': 1.1103154430776774, 'P_half': 2.0598022365449626, 'pre_dampen_half': 13.472769577631583, 'gpp_af': 0.03439139756527846, 'gpp_b': 2.176805640408474e-05, 'gpp_d': 32.54021513867688, 'ign_k': 0.02741350741975827, 'ign_c': 1.4940577239079738, 'trop_agb_crit': 10.215415653610627, 'trop_k_veg': 4.633503917129022, 'fuel_k': 0.9221804185592763, 'fuel_half': 1.3323297901105768}.
[I 2026-06-10 21:30:46,713] Trial 549 finished with values: [-0.3796311208229193, 0.953966118136119] and parameters: {'k1': 0.002155595057104387, 'D_low': 525.4883437268169, 'k2': 0.002173988526401145, 'D_high': 42210.21267871043, 'fire_exp': 1.423480109671474, 'P_half': 2.0598022365449626, 'pre_dampen_half': 32.53305539860191, 'gpp_af': 0.3002317246575309, 'gpp_b': 0.00012118589392553798, 'gpp_d': 14.423399576193098, 'ign_k': 4.591485216740537, 'ign_c': 1.4940577239079738, 'trop_agb_crit': 10.691477813613638, 'trop_k_veg': 6.45312300188076, 'fuel_k': 4.710433409437072, 'fuel_half': 4.144611522256596}.
[I 2026-06-10 21:30:48,543] Trial 550 finished with values: [10.08217785751117, 10.08217785751117] and parameters: {'k1': 0.03865036856259725, 'D_low': 40.12413353131991, 'k2': 0.015109086063191909, 'D_high': 3512.7047262708465, 'fire_exp': 1.2781983515972553, 'P_half': 221.2683656611821, 'pre_dampen_half': 243.70551632385417, 'gpp_af': 5.056419398267455, 'gpp_b': 1.284284091405877e-05, 'gpp_d': 229.41380323183625, 'ign_k': 0.01758858073588739, 'ign_c': 1.4940577239079738, 'trop_agb_crit': 10.584071370490857, 'trop_k_veg': 6.45312300188076, 'fuel_k': 0.9221804185592763, 'fuel_half': 11.781063202742125}.
[I 2026-06-10 21:30:50,662] Trial 551 finished with values: [10.229855182047867, 10.229855182047867] and parameters: {'k1': 0.012840669372724958, 'D_low': 40.12413353131991, 'k2': 0.0002172578929502367, 'D_high': 3512.7047262708465, 'fire_exp': 1.2781983515972553, 'P_half': 2.0598022365449626, 'pre_dampen_half': 857.6556763881457, 'gpp_af': 0.3002317246575309, 'gpp_b': 0.0001484082099455773, 'gpp_d': 32.54021513867688, 'ign_k': 0.02741350741975827, 'ign_c': 22.126836566118193, 'trop_agb_crit': 2.679156169946616, 'trop_k_veg': 4.7254560805090735, 'fuel_k': 0.28328975157735103, 'fuel_half': 0.12882919135887003}.
[I 2026-06-10 21:30:53,377] Trial 552 finished with values: [10.763127962297903, 10.763127962297903] and parameters: {'k1': 0.012840669372724958, 'D_low': 276.27089412392087, 'k2': 7.841214856323651e-05, 'D_high': 42210.21267871043, 'fire_exp': 5.201764353580018, 'P_half': 465.0043655881079, 'pre_dampen_half': 13.472769577631583, 'gpp_af': 0.22965432344634354, 'gpp_b': 2.176805640408474e-05, 'gpp_d': 32.54021513867688, 'ign_k': 0.038563028138793747, 'ign_c': 1.0944963667961967, 'trop_agb_crit': 2.5275438918356885, 'trop_k_veg': 4.129715873342728, 'fuel_k': 4.710433409437072, 'fuel_half': 1.3323297901105768}.
[I 2026-06-10 21:30:55,729] Trial 553 finished with values: [-0.43310137934869025, 0.936260572422982] and parameters: {'k1': 0.00045102062878998736, 'D_low': 1.3670484737132342, 'k2': 0.002173988526401145, 'D_high': 91246.32886689917, 'fire_exp': 1.1103154430776774, 'P_half': 13.30003421978439, 'pre_dampen_half': 565.0116730717873, 'gpp_af': 0.3002317246575309, 'gpp_b': 0.00012118589392553798, 'gpp_d': 59.94537656798816, 'ign_k': 0.02226297338331263, 'ign_c': 0.5655677524618509, 'trop_agb_crit': 2.679156169946616, 'trop_k_veg': 4.129715873342728, 'fuel_k': 4.710433409437072, 'fuel_half': 11.781063202742125}.
[I 2026-06-10 21:30:58,127] Trial 554 finished with values: [-0.19108822823685095, 0.8817640435943088] and parameters: {'k1': 0.0006533684593224971, 'D_low': 2.4474057445796826, 'k2': 0.002884223471687844, 'D_high': 91246.32886689917, 'fire_exp': 1.606353818654556, 'P_half': 1.6139316358793205, 'pre_dampen_half': 565.0116730717873, 'gpp_af': 0.3002317246575309, 'gpp_b': 2.176805640408474e-05, 'gpp_d': 32.54021513867688, 'ign_k': 0.0013229646467088642, 'ign_c': 1.4940577239079738, 'trop_agb_crit': 5.12586335774155, 'trop_k_veg': 4.7254560805090735, 'fuel_k': 0.9221804185592763, 'fuel_half': 0.17108183937377372}.
[I 2026-06-10 21:31:00,179] Trial 555 finished with values: [-0.3487824790003846, 0.9206101107617097] and parameters: {'k1': 0.0006579066240690734, 'D_low': 323.7668055684038, 'k2': 0.002173988526401145, 'D_high': 42210.21267871043, 'fire_exp': 1.2781983515972553, 'P_half': 221.2683656611821, 'pre_dampen_half': 565.0116730717873, 'gpp_af': 5.056419398267455, 'gpp_b': 1.284284091405877e-05, 'gpp_d': 12.6084874067596, 'ign_k': 5.351470428717437, 'ign_c': 1.4940577239079738, 'trop_agb_crit': 10.691477813613638, 'trop_k_veg': 4.129715873342728, 'fuel_k': 0.9221804185592763, 'fuel_half': 1.3323297901105768}.
[I 2026-06-10 21:31:02,067] Trial 556 finished with values: [10.24093505915501, 10.24093505915501] and parameters: {'k1': 0.03865036856259725, 'D_low': 40.12413353131991, 'k2': 0.002884223471687844, 'D_high': 3512.7047262708465, 'fire_exp': 1.3806513288500464, 'P_half': 221.2683656611821, 'pre_dampen_half': 565.0116730717873, 'gpp_af': 5.056419398267455, 'gpp_b': 1.284284091405877e-05, 'gpp_d': 229.41380323183625, 'ign_k': 0.0030257721519613206, 'ign_c': 1.4940577239079738, 'trop_agb_crit': 5.12586335774155, 'trop_k_veg': 6.45312300188076, 'fuel_k': 0.9221804185592763, 'fuel_half': 11.781063202742125}.
[I 2026-06-10 21:31:03,760] Trial 557 finished with values: [10.618424217920987, 10.618424217920987] and parameters: {'k1': 0.012840669372724958, 'D_low': 5.351452349843333, 'k2': 0.0002172578929502367, 'D_high': 42210.21267871043, 'fire_exp': 1.2781983515972553, 'P_half': 13.30003421978439, 'pre_dampen_half': 13.472769577631583, 'gpp_af': 0.05511595477601767, 'gpp_b': 2.176805640408474e-05, 'gpp_d': 32.54021513867688, 'ign_k': 5.351470428717437, 'ign_c': 0.5655677524618509, 'trop_agb_crit': 28.4191188830683, 'trop_k_veg': 4.129715873342728, 'fuel_k': 4.710433409437072, 'fuel_half': 1.3323297901105768}.
[I 2026-06-10 21:31:05,467] Trial 558 finished with values: [10.018537989275588, 10.018537989275588] and parameters: {'k1': 0.0006579066240690734, 'D_low': 323.7668055684038, 'k2': 0.002173988526401145, 'D_high': 40237.59749324181, 'fire_exp': 1.1103154430776774, 'P_half': 13.30003421978439, 'pre_dampen_half': 243.70551632385417, 'gpp_af': 5.056419398267455, 'gpp_b': 0.15208782389892764, 'gpp_d': 32.54021513867688, 'ign_k': 0.012868405331151606, 'ign_c': 0.5655677524618509, 'trop_agb_crit': 28.4191188830683, 'trop_k_veg': 1.331829048405031, 'fuel_k': 2.563645943471902, 'fuel_half': 0.17108183937377372}.
[I 2026-06-10 21:31:07,312] Trial 559 finished with values: [-0.3226357463378904, 0.9188341639737634] and parameters: {'k1': 0.001906534551939351, 'D_low': 2.4474057445796826, 'k2': 0.002884223471687844, 'D_high': 91246.32886689917, 'fire_exp': 1.3806513288500464, 'P_half': 13.30003421978439, 'pre_dampen_half': 565.0116730717873, 'gpp_af': 0.3002317246575309, 'gpp_b': 1.284284091405877e-05, 'gpp_d': 32.54021513867688, 'ign_k': 0.0013229646467088642, 'ign_c': 0.5655677524618509, 'trop_agb_crit': 1.7684545676288064, 'trop_k_veg': 1.331829048405031, 'fuel_k': 0.9221804185592763, 'fuel_half': 0.23209098944724488}.
