[I 2026-08-19 17:17:22,524] Trial 695 finished with value: 0.5085959517024866 and parameters: {'k1': 0.02422830757535387, 'D_low': 4.289388225357482, 'k2': 0.000117847535015714, 'D_high': 450772.0628084855, 'fire_exp': 1.5549494264547123, 'P_half': 15.298760377606632, 'pre_dampen_half': 0.29821177818784755, 'gpp_af': 0.006356656908466471, 'gpp_b': 0.0015836846396185328, 'gpp_d': 4.017961206617204, 'ign_k': 0.6067287986131132, 'ign_c': 0.30753706213919524, 'trop_agb_crit': 14.555276016485593, 'trop_k_veg': 0.9561700436460814, 'pop_amp': 0.046258286912183866, 'pop_peak': 14.416994908878065, 'pop_sig': 1.0972247822250456, 'fuel_k': 0.13149452423614916, 'fuel_half': 3.6839747317193807}. Best is trial 0 with value: -0.6094076133578652.
[I 2026-08-19 17:17:24,144] Trial 696 finished with value: 0.41606458484260056 and parameters: {'k1': 0.00020847292482988877, 'D_low': 24.350237557663824, 'k2': 0.01310605537204751, 'D_high': 2944501.726487277, 'fire_exp': 2.202249170806952, 'P_half': 23.798303834724717, 'pre_dampen_half': 56.96975886801343, 'gpp_af': 0.18266571240219473, 'gpp_b': 0.008763942764087434, 'gpp_d': 154.43624169648845, 'ign_k': 0.3151445459019508, 'ign_c': 4.314778685558364, 'trop_agb_crit': 10.55244591560204, 'trop_k_veg': 1.1301963654648564, 'pop_amp': 0.0030262139657266365, 'pop_peak': 0.9938691562605146, 'pop_sig': 0.9548375077540397, 'fuel_k': 0.2564932302671911, 'fuel_half': 26.729823278568542}. Best is trial 0 with value: -0.6094076133578652.
[I 2026-08-19 17:17:25,738] Trial 697 finished with value: 0.5216503320148688 and parameters: {'k1': 0.004745572626816127, 'D_low': 1.2644095764592171, 'k2': 0.000747955642271961, 'D_high': 360043.8273862661, 'fire_exp': 5.0325609296130125, 'P_half': 88.2198354544929, 'pre_dampen_half': 48.60631708357919, 'gpp_af': 0.05664386165161253, 'gpp_b': 0.008545648622778861, 'gpp_d': 0.38174207787742304, 'ign_k': 0.8513966054316197, 'ign_c': 15.686503286088918, 'trop_agb_crit': 3.7973572778805864, 'trop_k_veg': 3.5157996684493225, 'pop_amp': 0.014505571915600523, 'pop_peak': 89.97724839419146, 'pop_sig': 0.9778507054274812, 'fuel_k': 0.35965503586178216, 'fuel_half': 0.33165158439022546}. Best is trial 0 with value: -0.6094076133578652.
[I 2026-08-19 17:17:27,345] Trial 698 finished with value: 0.5818189723751328 and parameters: {'k1': 0.017918360559835023, 'D_low': 160.48598239206123, 'k2': 0.040646997308859206, 'D_high': 7960796.043221667, 'fire_exp': 9.794313727310021, 'P_half': 231.42091303032973, 'pre_dampen_half': 153.95005322258936, 'gpp_af': 0.0037811087453755703, 'gpp_b': 0.0001253135193477621, 'gpp_d': 14.461096116615204, 'ign_k': 6.140145602970269, 'ign_c': 0.505782486471861, 'trop_agb_crit': 1.5892499098815087, 'trop_k_veg': 1.0531428588689, 'pop_amp': 0.08130772528506137, 'pop_peak': 310.7971958809782, 'pop_sig': 0.3626739377400703, 'fuel_k': 0.0392034490917079, 'fuel_half': 0.8994394295838831}. Best is trial 0 with value: -0.6094076133578652.
[I 2026-08-19 17:17:28,941] Trial 699 finished with value: 0.5984535731771563 and parameters: {'k1': 2.6451285777726768e-05, 'D_low': 604.8388227914503, 'k2': 1.3863931927287441e-05, 'D_high': 6602629.61657461, 'fire_exp': 3.329744664451723, 'P_half': 7425.918783622124, 'pre_dampen_half': 1.0781024158335033, 'gpp_af': 0.008685630405917268, 'gpp_b': 1.0512887147677836, 'gpp_d': 774.1473969666081, 'ign_k': 0.595602537660305, 'ign_c': 0.33538793590240895, 'trop_agb_crit': 13.451885723897385, 'trop_k_veg': 4.269227021544941, 'pop_amp': 3.094893055220618, 'pop_peak': 458.7836177391676, 'pop_sig': 0.655315684719699, 'fuel_k': 2.679229221310368, 'fuel_half': 0.4665128186903233}. Best is trial 0 with value: -0.6094076133578652.
[I 2026-08-19 17:17:30,504] Trial 700 finished with value: 0.6430053006007399 and parameters: {'k1': 0.0002462839396878754, 'D_low': 488990.0369695508, 'k2': 8.205965626703579e-05, 'D_high': 242658.22997135148, 'fire_exp': 1.2081516161416948, 'P_half': 85.49695011358881, 'pre_dampen_half': 0.16614494933121746, 'gpp_af': 0.0125983789785409, 'gpp_b': 4.528824187923622e-05, 'gpp_d': 3.425651356641898, 'ign_k': 3.23095667842115, 'ign_c': 14.206646560725874, 'trop_agb_crit': 22.32376702874458, 'trop_k_veg': 4.460293182875292, 'pop_amp': 0.00912567524372196, 'pop_peak': 3.231606701389865, 'pop_sig': 0.5268767527873943, 'fuel_k': 0.34094718776190425, 'fuel_half': 1.154711261869392}. Best is trial 0 with value: -0.6094076133578652.
[I 2026-08-19 17:17:32,153] Trial 701 finished with value: 0.48219529866158684 and parameters: {'k1': 0.007048967664678442, 'D_low': 10055.015605839119, 'k2': 0.026582656917318617, 'D_high': 3475419.0346438778, 'fire_exp': 5.381980843938686, 'P_half': 48.64145018808255, 'pre_dampen_half': 4.417640140481776, 'gpp_af': 0.1977098314424442, 'gpp_b': 7.456451703746506e-05, 'gpp_d': 41.31222211763391, 'ign_k': 1.7154649649337006, 'ign_c': 0.17377694835954458, 'trop_agb_crit': 2.688808880828989, 'trop_k_veg': 1.805564986907737, 'pop_amp': 0.282801627434714, 'pop_peak': 918.2498895214311, 'pop_sig': 0.8490979511287744, 'fuel_k': 0.09791199142479069, 'fuel_half': 0.3846109181907474}. Best is trial 0 with value: -0.6094076133578652.
[I 2026-08-19 17:17:33,760] Trial 702 finished with value: 0.4347752993171248 and parameters: {'k1': 4.29721238736045e-05, 'D_low': 68.51637120844437, 'k2': 2.8894172774047366e-05, 'D_high': 2968234.5714541236, 'fire_exp': 2.2381220420583356, 'P_half': 23.166410794337168, 'pre_dampen_half': 0.2677991923782521, 'gpp_af': 0.010072563725976641, 'gpp_b': 0.0005338269412677019, 'gpp_d': 222.73117428625017, 'ign_k': 0.7068805069484668, 'ign_c': 0.10686500652186597, 'trop_agb_crit': 27.01648496169888, 'trop_k_veg': 5.234693136087169, 'pop_amp': 8.290605731446398, 'pop_peak': 334.4673956472634, 'pop_sig': 0.4059637685803583, 'fuel_k': 2.6538412590574305, 'fuel_half': 0.3268378389453817}. Best is trial 0 with value: -0.6094076133578652.
[I 2026-08-19 17:17:35,334] Trial 703 finished with value: 0.6101852296292648 and parameters: {'k1': 0.00030918268435611287, 'D_low': 115339.80609356327, 'k2': 0.0006181702121363152, 'D_high': 301183.88894128124, 'fire_exp': 1.0518912332846972, 'P_half': 770.6308678228121, 'pre_dampen_half': 0.05545885415535538, 'gpp_af': 0.005222842766292477, 'gpp_b': 0.017297822274556045, 'gpp_d': 360.61470423258703, 'ign_k': 0.19164824009989206, 'ign_c': 4.83996523582607, 'trop_agb_crit': 25.681303234960275, 'trop_k_veg': 5.099994887585385, 'pop_amp': 0.22829167917274365, 'pop_peak': 212.33510000368864, 'pop_sig': 0.2636850665605912, 'fuel_k': 3.142123368550592, 'fuel_half': 5.489819610426017}. Best is trial 0 with value: -0.6094076133578652.
[I 2026-08-19 17:17:36,939] Trial 704 finished with value: 0.5055178956712685 and parameters: {'k1': 8.499477577364238e-05, 'D_low': 80.8596587291497, 'k2': 0.08156533940932816, 'D_high': 44811.83201076872, 'fire_exp': 1.8199273249532968, 'P_half': 12.883981463470883, 'pre_dampen_half': 16.690419006628257, 'gpp_af': 0.0022972218082037946, 'gpp_b': 0.0003702524212228528, 'gpp_d': 27.386255053800788, 'ign_k': 0.733787175266368, 'ign_c': 17.46871912738039, 'trop_agb_crit': 2.906315606939932, 'trop_k_veg': 1.0088222755725373, 'pop_amp': 0.05100493128343839, 'pop_peak': 71.20632741139791, 'pop_sig': 1.4663852985495547, 'fuel_k': 0.058867356054598696, 'fuel_half': 0.37450905522634304}. Best is trial 0 with value: -0.6094076133578652.
  trial  705/2500  best_overall=0.6094  (19.2 min)
[I 2026-08-19 17:17:38,694] Trial 705 finished with value: 0.5709609857258439 and parameters: {'k1': 0.0006547672193433391, 'D_low': 8.063223552619261, 'k2': 0.020381798296968158, 'D_high': 602580.6830179831, 'fire_exp': 2.0380800831714216, 'P_half': 41.90282584733814, 'pre_dampen_half': 8.915112985569989, 'gpp_af': 1.5853360350511447, 'gpp_b': 0.00041074128728002985, 'gpp_d': 916.7271419541651, 'ign_k': 1.0108910339130424, 'ign_c': 11.646070053465579, 'trop_agb_crit': 17.2682187622517, 'trop_k_veg': 3.316732041150224, 'pop_amp': 12.886427324482966, 'pop_peak': 0.5278955677050281, 'pop_sig': 0.47013127350312645, 'fuel_k': 0.2143220468197561, 'fuel_half': 34.78786166485409}. Best is trial 0 with value: -0.6094076133578652.
[I 2026-08-19 17:17:40,305] Trial 706 finished with value: -0.5476519108461215 and parameters: {'k1': 0.00042117586929069393, 'D_low': 2.5400635866816943, 'k2': 0.0107906345011651, 'D_high': 6220552.585611147, 'fire_exp': 4.032217441120479, 'P_half': 1.4989230645204912, 'pre_dampen_half': 6.07378342221121, 'gpp_af': 0.16635910187150585, 'gpp_b': 8.06465021008013e-05, 'gpp_d': 1.165932370599748, 'ign_k': 0.11071241135669893, 'ign_c': 0.8761585566408064, 'trop_agb_crit': 1.3849143979870022, 'trop_k_veg': 1.5777278989613313, 'pop_amp': 0.01825420921687974, 'pop_peak': 4.791662752482604, 'pop_sig': 2.1699258138018087, 'fuel_k': 0.09474282595482653, 'fuel_half': 0.13186657525003762}. Best is trial 0 with value: -0.6094076133578652.
[I 2026-08-19 17:17:41,915] Trial 707 finished with value: 0.566279992043773 and parameters: {'k1': 2.1154298819312476e-05, 'D_low': 659.5671701538663, 'k2': 0.0005358367278799007, 'D_high': 6000240.704647177, 'fire_exp': 1.2327512055543193, 'P_half': 6137.912921574537, 'pre_dampen_half': 0.23892082704070014, 'gpp_af': 0.011460131069471512, 'gpp_b': 0.009157651899391356, 'gpp_d': 529.6258963972668, 'ign_k': 0.2374820168107864, 'ign_c': 32.37450516895835, 'trop_agb_crit': 23.523008730845724, 'trop_k_veg': 3.9877848161634786, 'pop_amp': 15.773656957807315, 'pop_peak': 73.23552935710835, 'pop_sig': 0.9619355885364763, 'fuel_k': 5.764638797506933, 'fuel_half': 0.41370143628426415}. Best is trial 0 with value: -0.6094076133578652.
[I 2026-08-19 17:17:43,527] Trial 708 finished with value: 0.5907312072921125 and parameters: {'k1': 6.14617249647154e-05, 'D_low': 224318.5897722742, 'k2': 0.0007402023002644059, 'D_high': 110148.13727644649, 'fire_exp': 1.0830184212138756, 'P_half': 68.87830522525657, 'pre_dampen_half': 0.11352724792344386, 'gpp_af': 0.5227727500174754, 'gpp_b': 0.07926554628953507, 'gpp_d': 471.3841026491402, 'ign_k': 0.9236231543317209, 'ign_c': 1.6462557161453981, 'trop_agb_crit': 23.73031382067084, 'trop_k_veg': 6.841330300171525, 'pop_amp': 5.639518551366426, 'pop_peak': 92.07822648131129, 'pop_sig': 0.34577383615169605, 'fuel_k': 3.9906528297674093, 'fuel_half': 0.34402758996921257}. Best is trial 0 with value: -0.6094076133578652.
[I 2026-08-19 17:17:45,118] Trial 709 finished with value: 0.5420019349271787 and parameters: {'k1': 0.0015605693837534027, 'D_low': 23.100591492870983, 'k2': 0.0625261939149068, 'D_high': 1579347.7314073746, 'fire_exp': 6.852600467002027, 'P_half': 324.36756469121224, 'pre_dampen_half': 61.92854378621871, 'gpp_af': 0.04128539142979669, 'gpp_b': 3.1111427179233746e-05, 'gpp_d': 11.255687496001553, 'ign_k': 8.529740913543495, 'ign_c': 2.451179412638698, 'trop_agb_crit': 4.649841459064282, 'trop_k_veg': 2.331685886524285, 'pop_amp': 0.010636119844305346, 'pop_peak': 638.2782109681166, 'pop_sig': 2.4086816327206186, 'fuel_k': 0.07725957199251328, 'fuel_half': 0.6757653133515152}. Best is trial 0 with value: -0.6094076133578652.
[I 2026-08-19 17:17:46,667] Trial 710 finished with value: 0.6144462856173164 and parameters: {'k1': 0.0016032093575751973, 'D_low': 42799.907843627945, 'k2': 0.01399504989114228, 'D_high': 2059656.1894142744, 'fire_exp': 1.2573689803305865, 'P_half': 255.73602821525785, 'pre_dampen_half': 5.097583560549469, 'gpp_af': 0.0047546161614156635, 'gpp_b': 0.010839346628962236, 'gpp_d': 12.534748916501028, 'ign_k': 1.2250916082718748, 'ign_c': 0.12061644800677462, 'trop_agb_crit': 11.256977500968498, 'trop_k_veg': 0.8904539633845561, 'pop_amp': 0.1748602068460614, 'pop_peak': 0.533284832521233, 'pop_sig': 1.0393625458542481, 'fuel_k': 0.5008182637483298, 'fuel_half': 84.9746049516294}. Best is trial 0 with value: -0.6094076133578652.
[I 2026-08-19 17:17:48,254] Trial 711 finished with value: 0.573193044194367 and parameters: {'k1': 0.03352622243060808, 'D_low': 61.74289998506066, 'k2': 0.017801504074336307, 'D_high': 610136.809434726, 'fire_exp': 9.491227861175846, 'P_half': 390.78805027279685, 'pre_dampen_half': 9.329327785442267, 'gpp_af': 0.433410279718225, 'gpp_b': 0.00017811185008871673, 'gpp_d': 13.706923605529829, 'ign_k': 9.586996973849839, 'ign_c': 12.62220521857692, 'trop_agb_crit': 4.41650601846404, 'trop_k_veg': 1.652456016081355, 'pop_amp': 0.0561387037080303, 'pop_peak': 879.0785492513485, 'pop_sig': 0.6818241576736084, 'fuel_k': 0.11838009798968427, 'fuel_half': 0.536395985323076}. Best is trial 0 with value: -0.6094076133578652.
[I 2026-08-19 17:17:49,854] Trial 712 finished with value: 0.5578836069311246 and parameters: {'k1': 0.01708635260716248, 'D_low': 30.290434166247504, 'k2': 0.03127459092402827, 'D_high': 3832990.005113646, 'fire_exp': 1.5932734286168524, 'P_half': 5.315560626785556, 'pre_dampen_half': 0.11959498370720448, 'gpp_af': 2.8466101213629194, 'gpp_b': 0.0003767262288435489, 'gpp_d': 0.5823254350378797, 'ign_k': 0.022180404309446327, 'ign_c': 0.1511794364369019, 'trop_agb_crit': 2.903686084161464, 'trop_k_veg': 0.710018272248902, 'pop_amp': 0.18975773099234794, 'pop_peak': 0.15688331105012243, 'pop_sig': 2.0302926312851644, 'fuel_k': 0.01855166556645755, 'fuel_half': 2.8395568533589612}. Best is trial 0 with value: -0.6094076133578652.
[I 2026-08-19 17:17:51,423] Trial 713 finished with value: 0.6445374145881376 and parameters: {'k1': 0.09950610146661101, 'D_low': 32340.71328875419, 'k2': 0.09030546938484287, 'D_high': 174303.65568544721, 'fire_exp': 7.613624912786035, 'P_half': 18.396608067596404, 'pre_dampen_half': 76.86369285200522, 'gpp_af': 0.005464960286967573, 'gpp_b': 6.359004060526562e-05, 'gpp_d': 0.06303916817364577, 'ign_k': 0.15329310154055012, 'ign_c': 189.96066571235173, 'trop_agb_crit': 9.340577054261617, 'trop_k_veg': 2.0530136778381993, 'pop_amp': 0.21705264652718176, 'pop_peak': 229.2199154382267, 'pop_sig': 2.3892758002781114, 'fuel_k': 0.08043566685416542, 'fuel_half': 0.5026916663698792}. Best is trial 0 with value: -0.6094076133578652.
[I 2026-08-19 17:17:53,071] Trial 714 finished with value: 0.58758559628127 and parameters: {'k1': 0.06324665647369339, 'D_low': 4361.270899231208, 'k2': 0.006434341565039293, 'D_high': 981665.4729617904, 'fire_exp': 7.268354532257443, 'P_half': 20.845442197793712, 'pre_dampen_half': 7.8693908700813955, 'gpp_af': 0.01176870854019625, 'gpp_b': 1.1247627306604274e-05, 'gpp_d': 0.8058134674411416, 'ign_k': 0.02877119254829076, 'ign_c': 14.532336482633934, 'trop_agb_crit': 3.1184574055356067, 'trop_k_veg': 2.526363735823602, 'pop_amp': 0.14014570425691442, 'pop_peak': 449.9076250159183, 'pop_sig': 2.3562652474776513, 'fuel_k': 0.18493938424285142, 'fuel_half': 0.5071209021356284}. Best is trial 0 with value: -0.6094076133578652.
[I 2026-08-19 17:17:54,642] Trial 715 finished with value: -0.5210396245485376 and parameters: {'k1': 0.0015344091704152193, 'D_low': 4.451360565569312, 'k2': 0.014484247297345276, 'D_high': 543569.7728604844, 'fire_exp': 3.883631382959718, 'P_half': 6.164026194339605, 'pre_dampen_half': 0.5050346872692322, 'gpp_af': 0.03995734879530626, 'gpp_b': 7.186753382591989e-05, 'gpp_d': 0.0612208795195036, 'ign_k': 1.3399495950863949, 'ign_c': 0.18772599544724383, 'trop_agb_crit': 1.8544592284603842, 'trop_k_veg': 5.562168303701166, 'pop_amp': 13.104481030374448, 'pop_peak': 0.19052482819553487, 'pop_sig': 0.9765098250818652, 'fuel_k': 0.030236517702439777, 'fuel_half': 4.067664915384504}. Best is trial 0 with value: -0.6094076133578652.
[I 2026-08-19 17:17:56,282] Trial 716 finished with value: 0.579233786727669 and parameters: {'k1': 0.05701198768892626, 'D_low': 2.153506158444551, 'k2': 0.007563483462150974, 'D_high': 4744925.134173115, 'fire_exp': 1.5567386739219526, 'P_half': 3561.077097911298, 'pre_dampen_half': 0.7065014431347633, 'gpp_af': 0.023206715563282874, 'gpp_b': 0.008104272925114443, 'gpp_d': 3.045170510619741, 'ign_k': 2.0355924371056404, 'ign_c': 0.16466372247530656, 'trop_agb_crit': 8.294537130055428, 'trop_k_veg': 0.7613196342493694, 'pop_amp': 0.23764222205519336, 'pop_peak': 3.4371419013306754, 'pop_sig': 0.9949506988699085, 'fuel_k': 0.04442502002672564, 'fuel_half': 15.994561723340333}. Best is trial 0 with value: -0.6094076133578652.
[I 2026-08-19 17:17:57,885] Trial 717 finished with value: -0.5406640293067423 and parameters: {'k1': 0.03364906862077555, 'D_low': 17.34075881905752, 'k2': 0.0035927094402626774, 'D_high': 4957224.404283175, 'fire_exp': 1.0727394332616096, 'P_half': 1.882847087455094, 'pre_dampen_half': 0.20420523118742623, 'gpp_af': 0.3453247045626677, 'gpp_b': 0.0008076088781887956, 'gpp_d': 5.900366200046363, 'ign_k': 0.026417576407444503, 'ign_c': 0.11583810256057592, 'trop_agb_crit': 1.5498213205261442, 'trop_k_veg': 2.820092228208486, 'pop_amp': 0.4411770941623384, 'pop_peak': 0.4291181691167448, 'pop_sig': 1.8183263351426784, 'fuel_k': 0.012580152169771971, 'fuel_half': 7.028113393067404}. Best is trial 0 with value: -0.6094076133578652.
  trial  718/2500  best_overall=0.6094  (19.6 min)
[I 2026-08-19 17:17:59,610] Trial 718 finished with value: 0.4900615575661401 and parameters: {'k1': 4.9507268755440915e-05, 'D_low': 2258.909910026832, 'k2': 4.391751708787796e-05, 'D_high': 1066553.1719200034, 'fire_exp': 1.8377277061066817, 'P_half': 861.3116733175191, 'pre_dampen_half': 1.0141773648426504, 'gpp_af': 0.026714875668974576, 'gpp_b': 0.004690407178692117, 'gpp_d': 714.699623939113, 'ign_k': 0.16167266541065084, 'ign_c': 0.614784498291156, 'trop_agb_crit': 23.414021337732823, 'trop_k_veg': 3.3893477447026465, 'pop_amp': 0.6852548235821283, 'pop_peak': 598.70700242534, 'pop_sig': 0.4945334461314042, 'fuel_k': 4.600481856553971, 'fuel_half': 0.20313867085155854}. Best is trial 0 with value: -0.6094076133578652.
[I 2026-08-19 17:18:01,235] Trial 719 finished with value: 0.5228949818826338 and parameters: {'k1': 0.0004005245115871286, 'D_low': 8.078648729721417, 'k2': 0.05582473597232682, 'D_high': 350133.0210338559, 'fire_exp': 2.167496933009446, 'P_half': 49.67980030821136, 'pre_dampen_half': 0.4609769698378484, 'gpp_af': 0.011174628405739061, 'gpp_b': 1.0114390922083983e-05, 'gpp_d': 150.82992691886201, 'ign_k': 0.06256323175555328, 'ign_c': 9.985821049859766, 'trop_agb_crit': 15.445965811916174, 'trop_k_veg': 0.922743440021344, 'pop_amp': 0.023897365323542072, 'pop_peak': 10.950929057556973, 'pop_sig': 1.768445643386828, 'fuel_k': 0.7206616590426972, 'fuel_half': 0.4521821733154412}. Best is trial 0 with value: -0.6094076133578652.
[I 2026-08-19 17:18:02,848] Trial 720 finished with value: 0.42075400445763333 and parameters: {'k1': 0.0005631996570035948, 'D_low': 35.40011800811587, 'k2': 0.015000000569424556, 'D_high': 1040138.5685992924, 'fire_exp': 1.262871278607097, 'P_half': 1.0045224945520894, 'pre_dampen_half': 2.9454483930970943, 'gpp_af': 11.144313988464896, 'gpp_b': 0.03116154357970383, 'gpp_d': 119.10928184294082, 'ign_k': 0.4624014918658135, 'ign_c': 0.2599289574857187, 'trop_agb_crit': 8.288242768949512, 'trop_k_veg': 0.5201083310554353, 'pop_amp': 0.002193048531647807, 'pop_peak': 0.4661538280042811, 'pop_sig': 0.9847332251456788, 'fuel_k': 2.3969717609775456, 'fuel_half': 76.79736498099845}. Best is trial 0 with value: -0.6094076133578652.
[I 2026-08-19 17:18:04,462] Trial 721 finished with value: 0.46541265570023405 and parameters: {'k1': 0.0001291642414530556, 'D_low': 1660.664863080565, 'k2': 0.0007533477595465095, 'D_high': 1713598.3545047627, 'fire_exp': 1.0460696980101627, 'P_half': 294.1422374570725, 'pre_dampen_half': 0.06277426452887828, 'gpp_af': 0.031627335804300674, 'gpp_b': 0.0003253930020569379, 'gpp_d': 233.56235355959453, 'ign_k': 0.1161959664439009, 'ign_c': 4.416228295839502, 'trop_agb_crit': 27.505831487309074, 'trop_k_veg': 5.052772093249621, 'pop_amp': 0.3848544273743059, 'pop_peak': 19.54180153144053, 'pop_sig': 0.42389775150494224, 'fuel_k': 1.437951518124233, 'fuel_half': 0.35991531667129617}. Best is trial 0 with value: -0.6094076133578652.
[I 2026-08-19 17:18:06,082] Trial 722 finished with value: 0.5225988717597316 and parameters: {'k1': 0.0018783571935206795, 'D_low': 3599.9220094468833, 'k2': 0.007672405240593639, 'D_high': 14479.356619121665, 'fire_exp': 1.1001443076065298, 'P_half': 3.085167480966605, 'pre_dampen_half': 5.072546242744795, 'gpp_af': 0.045284063389053136, 'gpp_b': 0.0009571453962490494, 'gpp_d': 257.1303266225505, 'ign_k': 4.591164849546599, 'ign_c': 0.343731190056917, 'trop_agb_crit': 4.71092591265146, 'trop_k_veg': 1.043313316868002, 'pop_amp': 0.039482127467753175, 'pop_peak': 0.6048942334957341, 'pop_sig': 1.123560849011854, 'fuel_k': 0.010626414858677076, 'fuel_half': 15.394073581418478}. Best is trial 0 with value: -0.6094076133578652.
[I 2026-08-19 17:18:07,691] Trial 723 finished with value: 0.46402197902500564 and parameters: {'k1': 0.0011789090182606774, 'D_low': 1520.8192923286124, 'k2': 0.0008969624325194762, 'D_high': 1002890.7147498027, 'fire_exp': 1.3716587806264469, 'P_half': 6.627652698519881, 'pre_dampen_half': 0.5818551062756023, 'gpp_af': 0.5052714700363364, 'gpp_b': 0.00543486759799953, 'gpp_d': 1.7835801519475085, 'ign_k': 0.2669800132824044, 'ign_c': 9.591661487854514, 'trop_agb_crit': 9.68840673712094, 'trop_k_veg': 0.6125982096198443, 'pop_amp': 0.001497890747969718, 'pop_peak': 5.250436410370274, 'pop_sig': 1.1124668959289323, 'fuel_k': 0.29438929239018014, 'fuel_half': 9.480148339373141}. Best is trial 0 with value: -0.6094076133578652.
