[I 2026-07-22 20:41:06,112] Trial 769 finished with values: [-0.7371239681317505, 0.025191922787692222] and parameters: {'k1': 0.0002958267235643845, 'D_low': 3103.3332277537256, 'k2': 0.014666151770108535, 'D_high': 6525529.853354094, 'fire_exp': 1.3230624590942492, 'P_half': 355.00125258511594, 'pre_dampen_half': 8.259599205585763, 'gpp_af': 0.03522602097143089, 'gpp_b': 0.0028993292583566945, 'gpp_d': 352.0481045526035, 'ign_k': 3.965503094323014, 'ign_c': 22.126836566118193, 'trop_agb_crit': 5.526463318565575, 'trop_k_veg': 4.050700716504253, 'fuel_k': 4.710433409437071, 'fuel_half': 1.3323297901105766}.
[I 2026-07-22 20:41:06,536] Trial 770 finished with values: [10.31756041917961, 10.31756041917961] and parameters: {'k1': 0.028401063201780267, 'D_low': 16.00237013173313, 'k2': 0.00033271381912662167, 'D_high': 6525529.853354094, 'fire_exp': 1.5191397119156032, 'P_half': 157.80309954142965, 'pre_dampen_half': 1.1766539651208914, 'gpp_af': 0.03522602097143089, 'gpp_b': 0.00012118589392553798, 'gpp_d': 12.338826503601998, 'ign_k': 3.965503094323014, 'ign_c': 22.126836566118193, 'trop_agb_crit': 5.526463318565575, 'trop_k_veg': 2.724170387400844, 'fuel_k': 0.10978148458640455, 'fuel_half': 71.14476009343416}.
[I 2026-07-22 20:41:06,959] Trial 771 finished with values: [-0.7441843082617934, 0.08361398668794806] and parameters: {'k1': 0.028401063201780267, 'D_low': 16.00237013173313, 'k2': 0.00033271381912662167, 'D_high': 6525529.853354094, 'fire_exp': 1.3230624590942492, 'P_half': 355.00125258511594, 'pre_dampen_half': 8.259599205585763, 'gpp_af': 0.03522602097143089, 'gpp_b': 2.852199954727099e-05, 'gpp_d': 137.30598810454606, 'ign_k': 3.965503094323014, 'ign_c': 22.126836566118193, 'trop_agb_crit': 5.526463318565575, 'trop_k_veg': 4.050700716504253, 'fuel_k': 0.10978148458640455, 'fuel_half': 0.6603566884894324}.
[I 2026-07-22 20:41:07,379] Trial 772 finished with values: [-0.7053026973109766, 0.08165584856131192] and parameters: {'k1': 0.008471801418819975, 'D_low': 2240.9155921647994, 'k2': 0.014666151770108535, 'D_high': 2742371.6496047364, 'fire_exp': 1.5948485434369246, 'P_half': 355.00125258511594, 'pre_dampen_half': 13.472769577631588, 'gpp_af': 0.2901272149738624, 'gpp_b': 0.004458440839692221, 'gpp_d': 962.6851425803574, 'ign_k': 0.8599189552684972, 'ign_c': 0.26691447170887805, 'trop_agb_crit': 5.526463318565575, 'trop_k_veg': 4.776259022974975, 'fuel_k': 0.07002142869039267, 'fuel_half': 0.6603566884894324}.
[I 2026-07-22 20:41:07,796] Trial 773 finished with values: [-0.6433272629398081, 0.07018685650243217] and parameters: {'k1': 0.008471801418819975, 'D_low': 216.6574784061471, 'k2': 0.0006863458703786212, 'D_high': 2742371.6496047364, 'fire_exp': 1.8719045352638064, 'P_half': 355.00125258511594, 'pre_dampen_half': 9.16302609334724, 'gpp_af': 0.015875524914818664, 'gpp_b': 1.3289448722869181e-05, 'gpp_d': 36.831884165358964, 'ign_k': 2.7142572552186843, 'ign_c': 17.583640270008498, 'trop_agb_crit': 2.7395739167173065, 'trop_k_veg': 1.9658897090912955, 'fuel_k': 0.057024351269772615, 'fuel_half': 0.3036855685244964}.
[I 2026-07-22 20:41:08,222] Trial 774 finished with values: [11.642953207392509, 11.642953207392509] and parameters: {'k1': 0.012840669372724958, 'D_low': 3103.3332277537256, 'k2': 0.014666151770108535, 'D_high': 2742371.6496047364, 'fire_exp': 1.8719045352638064, 'P_half': 50.34696988263488, 'pre_dampen_half': 13.472769577631588, 'gpp_af': 0.2991469302130216, 'gpp_b': 0.0028993292583566945, 'gpp_d': 206.05605824266914, 'ign_k': 3.965503094323014, 'ign_c': 0.12510188850164433, 'trop_agb_crit': 2.679156169946616, 'trop_k_veg': 2.1144348148283285, 'fuel_k': 4.710433409437071, 'fuel_half': 1.3323297901105766}.
[I 2026-07-22 20:41:08,650] Trial 775 finished with values: [10.134565046427452, 10.134565046427452] and parameters: {'k1': 0.028401063201780267, 'D_low': 16.00237013173313, 'k2': 0.00033271381912662167, 'D_high': 6525529.853354094, 'fire_exp': 1.5191397119156032, 'P_half': 157.80309954142965, 'pre_dampen_half': 8.259599205585763, 'gpp_af': 0.03522602097143089, 'gpp_b': 0.0028993292583566945, 'gpp_d': 352.0481045526035, 'ign_k': 0.0029519227433917453, 'ign_c': 22.126836566118193, 'trop_agb_crit': 2.679156169946616, 'trop_k_veg': 2.724170387400844, 'fuel_k': 0.10978148458640455, 'fuel_half': 1.3323297901105766}.
[I 2026-07-22 20:41:09,068] Trial 776 finished with values: [10.039140617198443, 10.039140617198443] and parameters: {'k1': 0.028401063201780267, 'D_low': 16.00237013173313, 'k2': 0.015109086063191909, 'D_high': 693439.2750387826, 'fire_exp': 1.5948485434369246, 'P_half': 50.34696988263488, 'pre_dampen_half': 8.259599205585763, 'gpp_af': 0.053663001820106804, 'gpp_b': 0.004458440839692221, 'gpp_d': 962.6851425803574, 'ign_k': 3.965503094323014, 'ign_c': 22.126836566118193, 'trop_agb_crit': 5.526463318565575, 'trop_k_veg': 4.219931482382712, 'fuel_k': 0.025620781631399487, 'fuel_half': 0.6603566884894324}.
[I 2026-07-22 20:41:09,486] Trial 777 finished with values: [10.883236941166894, 10.883236941166894] and parameters: {'k1': 0.043264339974928574, 'D_low': 16.00237013173313, 'k2': 0.00033271381912662167, 'D_high': 29533.947738179515, 'fire_exp': 1.8719045352638064, 'P_half': 102.4585893986732, 'pre_dampen_half': 14.689407256107613, 'gpp_af': 0.2991469302130216, 'gpp_b': 2.852199954727099e-05, 'gpp_d': 206.05605824266914, 'ign_k': 2.7142572552186843, 'ign_c': 17.583640270008498, 'trop_agb_crit': 2.7395739167173065, 'trop_k_veg': 2.724170387400844, 'fuel_k': 4.710433409437071, 'fuel_half': 1.3323297901105766}.
[I 2026-07-22 20:41:09,912] Trial 778 finished with values: [-0.7296193932367663, 0.10728448937877655] and parameters: {'k1': 0.008471801418819975, 'D_low': 216.6574784061471, 'k2': 0.0006863458703786212, 'D_high': 6525529.853354094, 'fire_exp': 1.5191397119156032, 'P_half': 157.80309954142965, 'pre_dampen_half': 8.259599205585763, 'gpp_af': 0.03522602097143089, 'gpp_b': 0.00012118589392553798, 'gpp_d': 36.831884165358964, 'ign_k': 3.965503094323014, 'ign_c': 17.583640270008498, 'trop_agb_crit': 2.7395739167173065, 'trop_k_veg': 0.8170196702261714, 'fuel_k': 0.10978148458640455, 'fuel_half': 71.14476009343416}.
[I 2026-07-22 20:41:10,345] Trial 779 finished with values: [-0.7319233852467952, 0.15948166536558195] and parameters: {'k1': 0.00022704877557909215, 'D_low': 216.6574784061471, 'k2': 0.0006863458703786212, 'D_high': 693439.2750387826, 'fire_exp': 1.5704801393982246, 'P_half': 355.00125258511594, 'pre_dampen_half': 16.224010950061366, 'gpp_af': 3.470266988650414, 'gpp_b': 1.1646289636835728e-05, 'gpp_d': 36.831884165358964, 'ign_k': 2.7142572552186843, 'ign_c': 17.583640270008498, 'trop_agb_crit': 2.7395739167173065, 'trop_k_veg': 3.1470652177597604, 'fuel_k': 0.10978148458640455, 'fuel_half': 0.3036855685244964}.
[I 2026-07-22 20:41:10,775] Trial 780 finished with values: [10.644946171747396, 10.644946171747396] and parameters: {'k1': 0.012840669372724958, 'D_low': 7670.934685230384, 'k2': 0.0006863458703786212, 'D_high': 693439.2750387826, 'fire_exp': 1.5532616753672623, 'P_half': 50.34696988263488, 'pre_dampen_half': 13.472769577631588, 'gpp_af': 0.053663001820106804, 'gpp_b': 1.4284710450172036e-05, 'gpp_d': 36.831884165358964, 'ign_k': 3.965503094323014, 'ign_c': 0.2939463458625969, 'trop_agb_crit': 2.7395739167173065, 'trop_k_veg': 0.8170196702261714, 'fuel_k': 0.025620781631399487, 'fuel_half': 0.6603566884894324}.
[I 2026-07-22 20:41:11,195] Trial 781 finished with values: [10.176658667876483, 10.176658667876483] and parameters: {'k1': 0.028401063201780267, 'D_low': 7670.934685230384, 'k2': 0.014666151770108535, 'D_high': 693439.2750387826, 'fire_exp': 1.5948485434369246, 'P_half': 50.34696988263488, 'pre_dampen_half': 13.472769577631588, 'gpp_af': 0.053663001820106804, 'gpp_b': 0.004458440839692221, 'gpp_d': 352.0481045526035, 'ign_k': 3.965503094323014, 'ign_c': 22.126836566118193, 'trop_agb_crit': 5.526463318565575, 'trop_k_veg': 4.776259022974975, 'fuel_k': 0.5118852925133749, 'fuel_half': 0.6603566884894324}.
[I 2026-07-22 20:41:11,612] Trial 782 finished with values: [-0.6115516522861915, 0.07786144354294178] and parameters: {'k1': 0.012840669372724958, 'D_low': 2240.9155921647994, 'k2': 0.014666151770108535, 'D_high': 2742371.6496047364, 'fire_exp': 1.8719045352638064, 'P_half': 102.4585893986732, 'pre_dampen_half': 13.472769577631588, 'gpp_af': 0.2991469302130216, 'gpp_b': 0.0028993292583566945, 'gpp_d': 352.0481045526035, 'ign_k': 0.0029519227433917453, 'ign_c': 0.12510188850164433, 'trop_agb_crit': 2.679156169946616, 'trop_k_veg': 1.5851462930246274, 'fuel_k': 4.710433409437071, 'fuel_half': 1.3323297901105766}.
[I 2026-07-22 20:41:12,036] Trial 783 finished with values: [10.003612628803937, 10.003612628803937] and parameters: {'k1': 0.028401063201780267, 'D_low': 2.4063018320720926, 'k2': 0.015109086063191909, 'D_high': 693439.2750387826, 'fire_exp': 1.5191397119156032, 'P_half': 50.34696988263488, 'pre_dampen_half': 8.259599205585763, 'gpp_af': 0.053663001820106804, 'gpp_b': 0.004458440839692221, 'gpp_d': 12.338826503601998, 'ign_k': 3.965503094323014, 'ign_c': 17.583640270008498, 'trop_agb_crit': 12.647327018493208, 'trop_k_veg': 1.3987664054208562, 'fuel_k': 0.21739365120132367, 'fuel_half': 3.75205585512428}.
[I 2026-07-22 20:41:12,470] Trial 784 finished with values: [10.247722377391003, 10.247722377391003] and parameters: {'k1': 0.043264339974928574, 'D_low': 2240.9155921647994, 'k2': 0.00016536937182824412, 'D_high': 2742371.6496047364, 'fire_exp': 1.8719045352638064, 'P_half': 102.4585893986732, 'pre_dampen_half': 14.689407256107613, 'gpp_af': 0.2991469302130216, 'gpp_b': 0.0028993292583566945, 'gpp_d': 206.05605824266914, 'ign_k': 0.00891606651464436, 'ign_c': 0.12510188850164433, 'trop_agb_crit': 12.647327018493208, 'trop_k_veg': 2.1144348148283285, 'fuel_k': 0.011306262070481006, 'fuel_half': 1.3323297901105766}.
[I 2026-07-22 20:41:12,896] Trial 785 finished with values: [-0.7044566803689535, 0.16558477009055772] and parameters: {'k1': 0.028401063201780267, 'D_low': 2.4063018320720926, 'k2': 0.00033271381912662167, 'D_high': 2742371.6496047364, 'fire_exp': 1.5191397119156032, 'P_half': 355.00125258511594, 'pre_dampen_half': 9.16302609334724, 'gpp_af': 3.470266988650414, 'gpp_b': 1.3289448722869181e-05, 'gpp_d': 36.831884165358964, 'ign_k': 2.136832907235876, 'ign_c': 17.583640270008498, 'trop_agb_crit': 2.41977849576758, 'trop_k_veg': 1.9658897090912955, 'fuel_k': 0.07002142869039267, 'fuel_half': 0.6603566884894324}.
[I 2026-07-22 20:41:13,317] Trial 786 finished with values: [10.33177411498311, 10.33177411498311] and parameters: {'k1': 0.012840669372724958, 'D_low': 16.00237013173313, 'k2': 0.014666151770108535, 'D_high': 693439.2750387826, 'fire_exp': 1.5948485434369246, 'P_half': 1099.4090116844661, 'pre_dampen_half': 13.472769577631588, 'gpp_af': 0.2991469302130216, 'gpp_b': 0.004458440839692221, 'gpp_d': 962.6851425803574, 'ign_k': 3.965503094323014, 'ign_c': 22.126836566118193, 'trop_agb_crit': 5.526463318565575, 'trop_k_veg': 2.1144348148283285, 'fuel_k': 0.5118852925133749, 'fuel_half': 1.3323297901105766}.
[I 2026-07-22 20:41:13,743] Trial 787 finished with values: [10.654674366389546, 10.654674366389546] and parameters: {'k1': 0.028401063201780267, 'D_low': 16.00237013173313, 'k2': 0.00016536937182824412, 'D_high': 66.47498291348911, 'fire_exp': 1.5191397119156032, 'P_half': 102.4585893986732, 'pre_dampen_half': 14.689407256107613, 'gpp_af': 0.03522602097143089, 'gpp_b': 0.00012118589392553798, 'gpp_d': 12.338826503601998, 'ign_k': 3.965503094323014, 'ign_c': 22.126836566118193, 'trop_agb_crit': 5.526463318565575, 'trop_k_veg': 2.724170387400844, 'fuel_k': 0.10978148458640455, 'fuel_half': 71.14476009343416}.
[I 2026-07-22 20:41:14,169] Trial 788 finished with values: [10.2098724503979, 10.2098724503979] and parameters: {'k1': 0.043264339974928574, 'D_low': 2240.9155921647994, 'k2': 0.00033271381912662167, 'D_high': 16287.738522891477, 'fire_exp': 1.8719045352638064, 'P_half': 355.00125258511594, 'pre_dampen_half': 14.689407256107613, 'gpp_af': 0.2991469302130216, 'gpp_b': 2.852199954727099e-05, 'gpp_d': 206.05605824266914, 'ign_k': 0.00891606651464436, 'ign_c': 0.12510188850164433, 'trop_agb_crit': 12.647327018493208, 'trop_k_veg': 2.1144348148283285, 'fuel_k': 4.710433409437071, 'fuel_half': 0.3036855685244964}.
[I 2026-07-22 20:41:14,589] Trial 789 finished with values: [-0.19793726579699011, 0.22038988959139627] and parameters: {'k1': 0.012840669372724958, 'D_low': 1.6752866684650682, 'k2': 0.015109086063191909, 'D_high': 2413579.2291304003, 'fire_exp': 1.9025702662542903, 'P_half': 50.34696988263488, 'pre_dampen_half': 13.472769577631588, 'gpp_af': 3.470266988650414, 'gpp_b': 0.0028993292583566945, 'gpp_d': 12.338826503601998, 'ign_k': 0.0029519227433917453, 'ign_c': 11.462237838612072, 'trop_agb_crit': 2.079118578643291, 'trop_k_veg': 1.3987664054208562, 'fuel_k': 0.025620781631399487, 'fuel_half': 1.3323297901105766}.
[I 2026-07-22 20:41:15,012] Trial 790 finished with values: [-0.5374082458325409, 0.1515483749627874] and parameters: {'k1': 0.0011101191524846067, 'D_low': 2240.9155921647994, 'k2': 0.015602015889668856, 'D_high': 2742371.6496047364, 'fire_exp': 1.9025702662542903, 'P_half': 93.43302657318476, 'pre_dampen_half': 13.472769577631588, 'gpp_af': 0.04897515106470033, 'gpp_b': 1.1822917194084537e-05, 'gpp_d': 352.0481045526035, 'ign_k': 0.0011417577140741143, 'ign_c': 44.67752817973901, 'trop_agb_crit': 8.983402272488592, 'trop_k_veg': 0.8170196702261714, 'fuel_k': 4.710433409437071, 'fuel_half': 1.3323297901105766}.
[I 2026-07-22 20:41:15,427] Trial 791 finished with values: [10.143887561306284, 10.143887561306284] and parameters: {'k1': 0.008471801418819975, 'D_low': 2240.9155921647994, 'k2': 0.00033271381912662167, 'D_high': 2742371.6496047364, 'fire_exp': 1.5532616753672623, 'P_half': 355.00125258511594, 'pre_dampen_half': 16.224010950061366, 'gpp_af': 0.2901272149738624, 'gpp_b': 0.004458440839692221, 'gpp_d': 352.0481045526035, 'ign_k': 2.136832907235876, 'ign_c': 22.126836566118193, 'trop_agb_crit': 12.647327018493208, 'trop_k_veg': 1.3987664054208562, 'fuel_k': 0.07002142869039267, 'fuel_half': 0.5291811585815122}.
[I 2026-07-22 20:41:15,844] Trial 792 finished with values: [-0.752991175461572, 0.10791074178719062] and parameters: {'k1': 0.00022704877557909215, 'D_low': 16.00237013173313, 'k2': 0.00033271381912662167, 'D_high': 2413579.2291304003, 'fire_exp': 1.5532616753672623, 'P_half': 355.00125258511594, 'pre_dampen_half': 16.224010950061366, 'gpp_af': 0.03522602097143089, 'gpp_b': 2.852199954727099e-05, 'gpp_d': 12.338826503601998, 'ign_k': 2.136832907235876, 'ign_c': 17.583640270008498, 'trop_agb_crit': 2.7395739167173065, 'trop_k_veg': 3.1470652177597604, 'fuel_k': 0.07002142869039267, 'fuel_half': 0.3036855685244964}.
[I 2026-07-22 20:41:16,267] Trial 793 finished with values: [10.739582707390896, 10.739582707390896] and parameters: {'k1': 0.028401063201780267, 'D_low': 2240.9155921647994, 'k2': 0.00016536937182824412, 'D_high': 2742371.6496047364, 'fire_exp': 2.445339766566933, 'P_half': 102.4585893986732, 'pre_dampen_half': 14.689407256107613, 'gpp_af': 0.007914355321045717, 'gpp_b': 0.00012118589392553798, 'gpp_d': 12.151631524283598, 'ign_k': 0.00891606651464436, 'ign_c': 160.74906204277275, 'trop_agb_crit': 12.647327018493208, 'trop_k_veg': 0.8170196702261714, 'fuel_k': 0.10978148458640455, 'fuel_half': 1.3323297901105766}.
[I 2026-07-22 20:41:16,692] Trial 794 finished with values: [-0.7457450326982709, 0.166620016736295] and parameters: {'k1': 0.0011101191524846067, 'D_low': 2240.9155921647994, 'k2': 0.015602015889668856, 'D_high': 2742371.6496047364, 'fire_exp': 1.9025702662542903, 'P_half': 93.43302657318476, 'pre_dampen_half': 16.224010950061366, 'gpp_af': 0.03522602097143089, 'gpp_b': 2.852199954727099e-05, 'gpp_d': 12.338826503601998, 'ign_k': 2.7142572552186843, 'ign_c': 17.583640270008498, 'trop_agb_crit': 2.7395739167173065, 'trop_k_veg': 0.8170196702261714, 'fuel_k': 0.17831939405431224, 'fuel_half': 1.3323297901105766}.
[I 2026-07-22 20:41:17,115] Trial 795 finished with values: [-0.6170061468048472, 0.07293505829015634] and parameters: {'k1': 0.012840669372724958, 'D_low': 3103.3332277537256, 'k2': 0.014666151770108535, 'D_high': 2742371.6496047364, 'fire_exp': 1.8719045352638064, 'P_half': 93.43302657318476, 'pre_dampen_half': 13.472769577631588, 'gpp_af': 0.2991469302130216, 'gpp_b': 0.0028993292583566945, 'gpp_d': 352.0481045526035, 'ign_k': 0.0029519227433917453, 'ign_c': 0.2939463458625969, 'trop_agb_crit': 2.679156169946616, 'trop_k_veg': 2.1144348148283285, 'fuel_k': 4.710433409437071, 'fuel_half': 1.3323297901105766}.
[I 2026-07-22 20:41:17,537] Trial 796 finished with values: [10.417692038839, 10.417692038839] and parameters: {'k1': 0.012840669372724958, 'D_low': 2240.9155921647994, 'k2': 0.014666151770108535, 'D_high': 693439.2750387826, 'fire_exp': 2.4090950660301482, 'P_half': 60.759029110813756, 'pre_dampen_half': 14.689407256107613, 'gpp_af': 0.007914355321045717, 'gpp_b': 2.176805640408474e-05, 'gpp_d': 352.0481045526035, 'ign_k': 0.0029519227433917453, 'ign_c': 0.26691447170887805, 'trop_agb_crit': 2.679156169946616, 'trop_k_veg': 5.841815768076864, 'fuel_k': 0.07002142869039267, 'fuel_half': 3.75205585512428}.
[I 2026-07-22 20:41:17,959] Trial 797 finished with values: [10.362483818554402, 10.362483818554402] and parameters: {'k1': 0.012840669372724958, 'D_low': 16.00237013173313, 'k2': 0.014666151770108535, 'D_high': 6525529.853354094, 'fire_exp': 1.8719045352638064, 'P_half': 60.759029110813756, 'pre_dampen_half': 13.472769577631588, 'gpp_af': 0.03522602097143089, 'gpp_b': 0.0004382884213732982, 'gpp_d': 352.0481045526035, 'ign_k': 0.0029519227433917453, 'ign_c': 22.126836566118193, 'trop_agb_crit': 2.679156169946616, 'trop_k_veg': 2.1144348148283285, 'fuel_k': 4.710433409437071, 'fuel_half': 1.3323297901105766}.
[I 2026-07-22 20:41:18,383] Trial 798 finished with values: [10.453851573729795, 10.453851573729795] and parameters: {'k1': 0.012840669372724958, 'D_low': 2240.9155921647994, 'k2': 0.014666151770108535, 'D_high': 8455.207372169334, 'fire_exp': 1.9025702662542903, 'P_half': 93.43302657318476, 'pre_dampen_half': 13.472769577631588, 'gpp_af': 0.2991469302130216, 'gpp_b': 4.5542534088169265e-05, 'gpp_d': 206.05605824266914, 'ign_k': 0.0029519227433917453, 'ign_c': 0.12510188850164433, 'trop_agb_crit': 2.679156169946616, 'trop_k_veg': 2.1144348148283285, 'fuel_k': 4.710433409437071, 'fuel_half': 1.3323297901105766}.
[I 2026-07-22 20:41:18,809] Trial 799 finished with values: [-0.5782144549831284, 0.09088639906644091] and parameters: {'k1': 0.008471801418819975, 'D_low': 2240.9155921647994, 'k2': 0.014666151770108535, 'D_high': 693439.2750387826, 'fire_exp': 1.5532616753672623, 'P_half': 355.00125258511594, 'pre_dampen_half': 13.472769577631588, 'gpp_af': 0.2901272149738624, 'gpp_b': 0.0028993292583566945, 'gpp_d': 352.0481045526035, 'ign_k': 2.136832907235876, 'ign_c': 0.26691447170887805, 'trop_agb_crit': 1.2171634282309614, 'trop_k_veg': 0.8170196702261714, 'fuel_k': 0.07002142869039267, 'fuel_half': 3.75205585512428}.
[I 2026-07-22 20:41:19,228] Trial 800 finished with values: [10.132319450562125, 10.132319450562125] and parameters: {'k1': 0.043264339974928574, 'D_low': 2240.9155921647994, 'k2': 0.00033271381912662167, 'D_high': 2742371.6496047364, 'fire_exp': 1.5532616753672623, 'P_half': 355.00125258511594, 'pre_dampen_half': 13.472769577631588, 'gpp_af': 0.2901272149738624, 'gpp_b': 2.852199954727099e-05, 'gpp_d': 206.05605824266914, 'ign_k': 0.00891606651464436, 'ign_c': 0.2939463458625969, 'trop_agb_crit': 12.647327018493208, 'trop_k_veg': 2.1144348148283285, 'fuel_k': 0.025620781631399487, 'fuel_half': 1.3323297901105766}.
[I 2026-07-22 20:41:19,646] Trial 801 finished with values: [-0.32894961699493197, 0.1719957283008332] and parameters: {'k1': 0.043264339974928574, 'D_low': 2240.9155921647994, 'k2': 0.00033271381912662167, 'D_high': 2742371.6496047364, 'fire_exp': 1.8719045352638064, 'P_half': 102.4585893986732, 'pre_dampen_half': 14.689407256107613, 'gpp_af': 0.2991469302130216, 'gpp_b': 2.852199954727099e-05, 'gpp_d': 5.492846275210879, 'ign_k': 0.00891606651464436, 'ign_c': 0.12510188850164433, 'trop_agb_crit': 12.647327018493208, 'trop_k_veg': 4.050700716504253, 'fuel_k': 0.10978148458640455, 'fuel_half': 1.3323297901105766}.
[I 2026-07-22 20:41:20,069] Trial 802 finished with values: [11.1322275639768, 11.1322275639768] and parameters: {'k1': 0.043264339974928574, 'D_low': 16.00237013173313, 'k2': 0.00016536937182824412, 'D_high': 6525529.853354094, 'fire_exp': 1.5164039968883083, 'P_half': 102.4585893986732, 'pre_dampen_half': 16.224010950061366, 'gpp_af': 0.2901272149738624, 'gpp_b': 0.0006601625523811777, 'gpp_d': 274.48645214004335, 'ign_k': 0.00891606651464436, 'ign_c': 0.12510188850164433, 'trop_agb_crit': 12.647327018493208, 'trop_k_veg': 2.1144348148283285, 'fuel_k': 4.710433409437071, 'fuel_half': 3.75205585512428}.
[I 2026-07-22 20:41:20,489] Trial 803 finished with values: [10.126618304976846, 10.126618304976846] and parameters: {'k1': 0.008471801418819975, 'D_low': 2240.9155921647994, 'k2': 0.015109086063191909, 'D_high': 693439.2750387826, 'fire_exp': 1.5532616753672623, 'P_half': 355.00125258511594, 'pre_dampen_half': 166.64236238205442, 'gpp_af': 0.2901272149738624, 'gpp_b': 0.004458440839692221, 'gpp_d': 274.48645214004335, 'ign_k': 2.136832907235876, 'ign_c': 0.26691447170887805, 'trop_agb_crit': 12.647327018493208, 'trop_k_veg': 0.8170196702261714, 'fuel_k': 0.07002142869039267, 'fuel_half': 3.75205585512428}.
