[I 2026-08-05 23:56:58,359] Trial 1005 finished with values: [10.068448035331153, 10.068448035331153] and parameters: {'k1': 0.015602015889668856, 'D_low': 4.051452710153359, 'k2': 0.00038791280730284417, 'D_high': 85018.70149611714, 'fire_exp': 1.151006986743773, 'P_half': 39.03214299767183, 'pre_dampen_half': 703.6426675556048, 'gpp_af': 6.330661837630911, 'gpp_b': 0.7987896438549947, 'gpp_d': 34.37107943937136, 'ign_k': 0.4702627143647234, 'ign_c': 14.810800730363484}.
[I 2026-08-05 23:57:00,182] Trial 1006 finished with values: [10.752013820281071, 10.752013820281071] and parameters: {'k1': 0.03232155805617897, 'D_low': 29.89885508829526, 'k2': 0.0499774937030317, 'D_high': 6455.595882939566, 'fire_exp': 1.151006986743773, 'P_half': 12.808863354047988, 'pre_dampen_half': 703.6426675556048, 'gpp_af': 0.0048478428004036025, 'gpp_b': 0.7987896438549947, 'gpp_d': 4.5768578731086835, 'ign_k': 0.1384332853353327, 'ign_c': 0.11433485956638717}.
[I 2026-08-05 23:57:01,968] Trial 1007 finished with values: [-0.578353503175071, 0.09020989959667503] and parameters: {'k1': 0.016973078532467004, 'D_low': 2.458603276328005, 'k2': 0.0007081721844034209, 'D_high': 85018.70149611714, 'fire_exp': 1.151006986743773, 'P_half': 12.808863354047988, 'pre_dampen_half': 703.6426675556048, 'gpp_af': 35.20481045526041, 'gpp_b': 0.7987896438549947, 'gpp_d': 4.5768578731086835, 'ign_k': 5.9736167866478125, 'ign_c': 0.11433485956638717}.
[I 2026-08-05 23:57:03,904] Trial 1008 finished with values: [10.769227833200473, 10.769227833200473] and parameters: {'k1': 0.016973078532467004, 'D_low': 4.051452710153359, 'k2': 0.0007081721844034209, 'D_high': 85018.70149611714, 'fire_exp': 1.6413525417025303, 'P_half': 12.808863354047988, 'pre_dampen_half': 0.011497512044959184, 'gpp_af': 35.20481045526041, 'gpp_b': 0.7987896438549947, 'gpp_d': 4.5768578731086835, 'ign_k': 5.9736167866478125, 'ign_c': 0.11433485956638717}.
[I 2026-08-05 23:57:05,788] Trial 1009 finished with values: [10.709807406739488, 10.709807406739488] and parameters: {'k1': 0.016973078532467004, 'D_low': 2.458603276328005, 'k2': 0.0007081721844034209, 'D_high': 85018.70149611714, 'fire_exp': 1.151006986743773, 'P_half': 12.808863354047988, 'pre_dampen_half': 703.6426675556048, 'gpp_af': 35.20481045526041, 'gpp_b': 0.7987896438549947, 'gpp_d': 0.16069682196977472, 'ign_k': 5.9736167866478125, 'ign_c': 0.11433485956638717}.
[I 2026-08-05 23:57:07,082] Trial 1010 finished with values: [-0.5776046232263422, 0.09583898546276104] and parameters: {'k1': 0.08007464457322733, 'D_low': 2.458603276328005, 'k2': 0.01607490620427729, 'D_high': 85018.70149611714, 'fire_exp': 1.151006986743773, 'P_half': 12.808863354047988, 'pre_dampen_half': 703.6426675556048, 'gpp_af': 35.20481045526041, 'gpp_b': 0.7987896438549947, 'gpp_d': 4.5768578731086835, 'ign_k': 5.9736167866478125, 'ign_c': 0.11433485956638717}.
[I 2026-08-05 23:57:08,173] Trial 1011 finished with values: [-0.5593553168314757, 0.06309479022738296] and parameters: {'k1': 0.016973078532467004, 'D_low': 2.458603276328005, 'k2': 0.0007081721844034209, 'D_high': 68913.86015952702, 'fire_exp': 1.151006986743773, 'P_half': 177.4954658911452, 'pre_dampen_half': 703.6426675556048, 'gpp_af': 35.20481045526041, 'gpp_b': 0.7987896438549947, 'gpp_d': 4.5768578731086835, 'ign_k': 5.9736167866478125, 'ign_c': 0.11433485956638717}.
[I 2026-08-05 23:57:09,660] Trial 1012 finished with values: [-0.5777035899613157, 0.08345570589837636] and parameters: {'k1': 0.005643426708406567, 'D_low': 4.051452710153359, 'k2': 0.0007081721844034209, 'D_high': 85018.70149611714, 'fire_exp': 1.151006986743773, 'P_half': 12.808863354047988, 'pre_dampen_half': 703.6426675556048, 'gpp_af': 35.20481045526041, 'gpp_b': 0.7987896438549947, 'gpp_d': 4.5768578731086835, 'ign_k': 5.9736167866478125, 'ign_c': 0.11433485956638717}.
[I 2026-08-05 23:57:10,786] Trial 1013 finished with values: [-0.574638738598759, 0.07294910751752637] and parameters: {'k1': 0.016973078532467004, 'D_low': 2.458603276328005, 'k2': 0.0007081721844034209, 'D_high': 85018.70149611714, 'fire_exp': 1.2943117749495199, 'P_half': 12.808863354047988, 'pre_dampen_half': 703.6426675556048, 'gpp_af': 35.20481045526041, 'gpp_b': 0.7987896438549947, 'gpp_d': 4.5768578731086835, 'ign_k': 5.9736167866478125, 'ign_c': 0.17036120617148395}.
[I 2026-08-05 23:57:11,898] Trial 1014 finished with values: [10.667740341298924, 10.667740341298924] and parameters: {'k1': 0.03232155805617897, 'D_low': 2.458603276328005, 'k2': 0.0007081721844034209, 'D_high': 85018.70149611714, 'fire_exp': 1.1044852285094786, 'P_half': 12.808863354047988, 'pre_dampen_half': 36.876350096203005, 'gpp_af': 35.20481045526041, 'gpp_b': 0.10123867001105968, 'gpp_d': 368.30088529547436, 'ign_k': 0.4702627143647234, 'ign_c': 8.94161930782792}.
[I 2026-08-05 23:57:12,988] Trial 1015 finished with values: [10.269775206448578, 10.269775206448578] and parameters: {'k1': 2.7475448770725456e-05, 'D_low': 2.458603276328005, 'k2': 0.0007081721844034209, 'D_high': 85018.70149611714, 'fire_exp': 1.2943117749495199, 'P_half': 12.808863354047988, 'pre_dampen_half': 703.6426675556048, 'gpp_af': 35.20481045526041, 'gpp_b': 0.7987896438549947, 'gpp_d': 4.5768578731086835, 'ign_k': 5.9736167866478125, 'ign_c': 0.11433485956638717}.
[I 2026-08-05 23:57:14,101] Trial 1016 finished with values: [10.408743239849139, 10.408743239849139] and parameters: {'k1': 0.03232155805617897, 'D_low': 29.89885508829526, 'k2': 0.0499774937030317, 'D_high': 55772.84121799238, 'fire_exp': 3.5315022637226696, 'P_half': 39.03214299767183, 'pre_dampen_half': 703.6426675556048, 'gpp_af': 35.20481045526041, 'gpp_b': 1.722111409234053e-05, 'gpp_d': 4.5768578731086835, 'ign_k': 0.4702627143647234, 'ign_c': 14.810800730363484}.
[I 2026-08-05 23:57:15,189] Trial 1017 finished with values: [-0.5803493768721892, 0.0757286261213993] and parameters: {'k1': 0.016973078532467004, 'D_low': 65.69152413762717, 'k2': 0.034987345440353576, 'D_high': 23846.702350126758, 'fire_exp': 1.151006986743773, 'P_half': 12.808863354047988, 'pre_dampen_half': 703.6426675556048, 'gpp_af': 35.20481045526041, 'gpp_b': 0.7987896438549947, 'gpp_d': 4.5768578731086835, 'ign_k': 5.9736167866478125, 'ign_c': 0.11433485956638717}.
[I 2026-08-05 23:57:16,271] Trial 1018 finished with values: [-0.5449350803861968, 0.11480332512938118] and parameters: {'k1': 2.467915713171984e-05, 'D_low': 2.458603276328005, 'k2': 0.0499774937030317, 'D_high': 85018.70149611714, 'fire_exp': 1.0473002272689056, 'P_half': 12.808863354047988, 'pre_dampen_half': 703.6426675556048, 'gpp_af': 11.234842109991876, 'gpp_b': 0.7987896438549947, 'gpp_d': 4.5768578731086835, 'ign_k': 5.9736167866478125, 'ign_c': 0.11433485956638717}.
[I 2026-08-05 23:57:17,344] Trial 1019 finished with values: [12.782876397727371, 12.782876397727371] and parameters: {'k1': 0.016973078532467004, 'D_low': 4.020051040432125, 'k2': 0.0008973555394394085, 'D_high': 85018.70149611714, 'fire_exp': 1.151006986743773, 'P_half': 12.808863354047988, 'pre_dampen_half': 703.6426675556048, 'gpp_af': 0.0056265647812620565, 'gpp_b': 0.0008872695173491669, 'gpp_d': 4.5768578731086835, 'ign_k': 5.9736167866478125, 'ign_c': 0.29205563600251844}.
[I 2026-08-05 23:57:18,431] Trial 1020 finished with values: [10.097380201863041, 10.097380201863041] and parameters: {'k1': 0.008900784976354454, 'D_low': 2.458603276328005, 'k2': 0.052769242333622866, 'D_high': 85018.70149611714, 'fire_exp': 1.151006986743773, 'P_half': 12.808863354047988, 'pre_dampen_half': 703.6426675556048, 'gpp_af': 35.20481045526041, 'gpp_b': 0.7987896438549947, 'gpp_d': 4.5768578731086835, 'ign_k': 5.9736167866478125, 'ign_c': 8.018119368890574}.
[I 2026-08-05 23:57:19,498] Trial 1021 finished with values: [-0.5727612151594228, 0.0677328889493386] and parameters: {'k1': 0.005643426708406567, 'D_low': 2.458603276328005, 'k2': 0.0007081721844034209, 'D_high': 85018.70149611714, 'fire_exp': 1.2943117749495199, 'P_half': 12.808863354047988, 'pre_dampen_half': 703.6426675556048, 'gpp_af': 35.20481045526041, 'gpp_b': 0.7987896438549947, 'gpp_d': 4.5768578731086835, 'ign_k': 5.9736167866478125, 'ign_c': 0.11433485956638717}.
[I 2026-08-05 23:57:20,603] Trial 1022 finished with values: [10.451816254327598, 10.451816254327598] and parameters: {'k1': 0.016973078532467004, 'D_low': 29.89885508829526, 'k2': 0.0499774937030317, 'D_high': 85018.70149611714, 'fire_exp': 2.376228963596799, 'P_half': 170.2682488483631, 'pre_dampen_half': 45.00414872181379, 'gpp_af': 35.20481045526041, 'gpp_b': 1.722111409234053e-05, 'gpp_d': 2.1184980150420962, 'ign_k': 0.4702627143647234, 'ign_c': 0.11433485956638717}.
[I 2026-08-05 23:57:21,691] Trial 1023 finished with values: [-0.5776967303902806, 0.08836064288726775] and parameters: {'k1': 0.016973078532467004, 'D_low': 2.458603276328005, 'k2': 0.0007081721844034209, 'D_high': 85018.70149611714, 'fire_exp': 1.151006986743773, 'P_half': 39.03214299767183, 'pre_dampen_half': 703.6426675556048, 'gpp_af': 29.925002022877802, 'gpp_b': 0.7987896438549947, 'gpp_d': 4.5768578731086835, 'ign_k': 5.9736167866478125, 'ign_c': 0.11433485956638717}.
[I 2026-08-05 23:57:22,750] Trial 1024 finished with values: [10.301563374798187, 10.301563374798187] and parameters: {'k1': 0.016973078532467004, 'D_low': 158.82035726402376, 'k2': 0.0499774937030317, 'D_high': 55772.84121799238, 'fire_exp': 1.151006986743773, 'P_half': 170.2682488483631, 'pre_dampen_half': 703.6426675556048, 'gpp_af': 11.234842109991876, 'gpp_b': 0.7987896438549947, 'gpp_d': 2.1184980150420962, 'ign_k': 0.4702627143647234, 'ign_c': 0.1740080621104638}.
[I 2026-08-05 23:57:23,809] Trial 1025 finished with values: [-0.5564446673373415, 0.05749217022569686] and parameters: {'k1': 0.016973078532467004, 'D_low': 158.82035726402376, 'k2': 3.706785664265659e-05, 'D_high': 85018.70149611714, 'fire_exp': 1.151006986743773, 'P_half': 12.808863354047988, 'pre_dampen_half': 917.1017259920797, 'gpp_af': 35.20481045526041, 'gpp_b': 0.7987896438549947, 'gpp_d': 4.5768578731086835, 'ign_k': 0.03783599106879795, 'ign_c': 0.11433485956638717}.
[I 2026-08-05 23:57:24,887] Trial 1026 finished with values: [-0.578353503175071, 0.09020989959667503] and parameters: {'k1': 0.016973078532467004, 'D_low': 2.458603276328005, 'k2': 0.0007081721844034209, 'D_high': 85018.70149611714, 'fire_exp': 1.151006986743773, 'P_half': 12.808863354047988, 'pre_dampen_half': 703.6426675556048, 'gpp_af': 35.20481045526041, 'gpp_b': 0.7987896438549947, 'gpp_d': 4.5768578731086835, 'ign_k': 5.9736167866478125, 'ign_c': 0.11433485956638717}.
[I 2026-08-05 23:57:25,947] Trial 1027 finished with values: [-0.5783809927304118, 0.08915010655930711] and parameters: {'k1': 0.016973078532467004, 'D_low': 2.458603276328005, 'k2': 0.0006883147458933808, 'D_high': 85018.70149611714, 'fire_exp': 1.151006986743773, 'P_half': 12.808863354047988, 'pre_dampen_half': 703.6426675556048, 'gpp_af': 35.20481045526041, 'gpp_b': 0.7987896438549947, 'gpp_d': 4.5768578731086835, 'ign_k': 5.9736167866478125, 'ign_c': 0.17036120617148395}.
[I 2026-08-05 23:57:27,006] Trial 1028 finished with values: [-0.5763604579068814, 0.08115737358553976] and parameters: {'k1': 0.005643426708406567, 'D_low': 2.458603276328005, 'k2': 0.0007081721844034209, 'D_high': 6455.595882939566, 'fire_exp': 1.151006986743773, 'P_half': 12.808863354047988, 'pre_dampen_half': 703.6426675556048, 'gpp_af': 35.20481045526041, 'gpp_b': 0.7987896438549947, 'gpp_d': 4.5768578731086835, 'ign_k': 5.9736167866478125, 'ign_c': 0.11433485956638717}.
[I 2026-08-05 23:57:28,066] Trial 1029 finished with values: [-0.5783874693005824, 0.08902489886062748] and parameters: {'k1': 0.016973078532467004, 'D_low': 2.458603276328005, 'k2': 0.0007081721844034209, 'D_high': 85018.70149611714, 'fire_exp': 1.151006986743773, 'P_half': 12.808863354047988, 'pre_dampen_half': 703.6426675556048, 'gpp_af': 35.20481045526041, 'gpp_b': 0.7987896438549947, 'gpp_d': 4.5768578731086835, 'ign_k': 5.9736167866478125, 'ign_c': 0.1774872630983487}.
[I 2026-08-05 23:57:29,126] Trial 1030 finished with values: [-0.5044846718787966, 0.18063036184775783] and parameters: {'k1': 0.016973078532467004, 'D_low': 2.458603276328005, 'k2': 0.0007081721844034209, 'D_high': 85018.70149611714, 'fire_exp': 1.151006986743773, 'P_half': 1380.5946158117079, 'pre_dampen_half': 703.6426675556048, 'gpp_af': 29.925002022877802, 'gpp_b': 2.2516875868588024, 'gpp_d': 597.9617889501159, 'ign_k': 0.476373748459372, 'ign_c': 0.11433485956638717}.
[I 2026-08-05 23:57:30,505] Trial 1031 finished with values: [11.741103405604589, 11.741103405604589] and parameters: {'k1': 0.016973078532467004, 'D_low': 2.458603276328005, 'k2': 0.014047969156119486, 'D_high': 85018.70149611714, 'fire_exp': 1.2943117749495199, 'P_half': 12.808863354047988, 'pre_dampen_half': 703.6426675556048, 'gpp_af': 35.20481045526041, 'gpp_b': 0.0007806230565393799, 'gpp_d': 4.5768578731086835, 'ign_k': 1.786252932834922, 'ign_c': 0.11433485956638717}.
[I 2026-08-05 23:57:31,594] Trial 1032 finished with values: [10.76904595371696, 10.76904595371696] and parameters: {'k1': 0.016973078532467004, 'D_low': 4.051452710153359, 'k2': 0.00038791280730284417, 'D_high': 6455.595882939566, 'fire_exp': 4.876797313549993, 'P_half': 39.03214299767183, 'pre_dampen_half': 53.73093479067421, 'gpp_af': 35.20481045526041, 'gpp_b': 0.7987896438549947, 'gpp_d': 1.5417559043129714, 'ign_k': 0.4702627143647234, 'ign_c': 0.17036120617148395}.
[I 2026-08-05 23:57:32,641] Trial 1033 finished with values: [10.18664352091695, 10.18664352091695] and parameters: {'k1': 0.005643426708406567, 'D_low': 10.43956705520904, 'k2': 0.00038791280730284417, 'D_high': 54669.374787660905, 'fire_exp': 1.151006986743773, 'P_half': 39.03214299767183, 'pre_dampen_half': 53.73093479067421, 'gpp_af': 35.20481045526041, 'gpp_b': 0.7987896438549947, 'gpp_d': 4.5768578731086835, 'ign_k': 0.4702627143647234, 'ign_c': 0.11433485956638717}.
[I 2026-08-05 23:57:33,701] Trial 1034 finished with values: [10.427570986782245, 10.427570986782245] and parameters: {'k1': 0.03232155805617897, 'D_low': 2.458603276328005, 'k2': 0.0007081721844034209, 'D_high': 23093.31703082656, 'fire_exp': 1.151006986743773, 'P_half': 12.808863354047988, 'pre_dampen_half': 36.876350096203005, 'gpp_af': 29.925002022877802, 'gpp_b': 0.10123867001105968, 'gpp_d': 4.5768578731086835, 'ign_k': 5.9736167866478125, 'ign_c': 14.810800730363484}.
[I 2026-08-05 23:57:34,776] Trial 1035 finished with values: [-0.5801897193967361, 0.10507395761531546] and parameters: {'k1': 0.016973078532467004, 'D_low': 2.458603276328005, 'k2': 0.034987345440353576, 'D_high': 68913.86015952702, 'fire_exp': 1.151006986743773, 'P_half': 12.808863354047988, 'pre_dampen_half': 703.6426675556048, 'gpp_af': 35.20481045526041, 'gpp_b': 0.7987896438549947, 'gpp_d': 4.5768578731086835, 'ign_k': 0.12828203940471886, 'ign_c': 0.11433485956638717}.
[I 2026-08-05 23:57:35,885] Trial 1036 finished with values: [-0.5656641886125445, 0.04663860648018503] and parameters: {'k1': 0.005643426708406567, 'D_low': 31.117676855667376, 'k2': 0.00038791280730284417, 'D_high': 85018.70149611714, 'fire_exp': 1.5201277403788451, 'P_half': 39.03214299767183, 'pre_dampen_half': 703.6426675556048, 'gpp_af': 11.234842109991876, 'gpp_b': 0.10123867001105968, 'gpp_d': 34.37107943937136, 'ign_k': 5.9736167866478125, 'ign_c': 14.810800730363484}.
[I 2026-08-05 23:57:36,931] Trial 1037 finished with values: [10.198893410708592, 10.198893410708592] and parameters: {'k1': 1.4246408590160289e-05, 'D_low': 4046.2058023975796, 'k2': 0.0007013097205353067, 'D_high': 6455.595882939566, 'fire_exp': 1.5201277403788451, 'P_half': 39.03214299767183, 'pre_dampen_half': 111.37963167994629, 'gpp_af': 11.234842109991876, 'gpp_b': 0.06655931762333464, 'gpp_d': 4.5768578731086835, 'ign_k': 5.9736167866478125, 'ign_c': 0.11433485956638717}.
[I 2026-08-05 23:57:37,990] Trial 1038 finished with values: [-0.5666847617881475, 0.06526450350564572] and parameters: {'k1': 0.005643426708406567, 'D_low': 2.458603276328005, 'k2': 0.0007081721844034209, 'D_high': 85018.70149611714, 'fire_exp': 1.151006986743773, 'P_half': 12.808863354047988, 'pre_dampen_half': 111.37963167994629, 'gpp_af': 35.20481045526041, 'gpp_b': 0.7987896438549947, 'gpp_d': 4.5768578731086835, 'ign_k': 5.9736167866478125, 'ign_c': 0.11433485956638717}.
[I 2026-08-05 23:57:39,082] Trial 1039 finished with values: [10.519749776408684, 10.519749776408684] and parameters: {'k1': 0.03232155805617897, 'D_low': 2.458603276328005, 'k2': 0.0499774937030317, 'D_high': 6455.595882939566, 'fire_exp': 1.5201277403788451, 'P_half': 433.926015822139, 'pre_dampen_half': 36.876350096203005, 'gpp_af': 11.234842109991876, 'gpp_b': 0.10123867001105968, 'gpp_d': 368.30088529547436, 'ign_k': 0.4702627143647234, 'ign_c': 14.810800730363484}.
[I 2026-08-05 23:57:40,143] Trial 1040 finished with values: [-0.5783874693005824, 0.08902489886062748] and parameters: {'k1': 0.016973078532467004, 'D_low': 2.458603276328005, 'k2': 0.0007081721844034209, 'D_high': 39095.08806930525, 'fire_exp': 1.151006986743773, 'P_half': 12.808863354047988, 'pre_dampen_half': 703.6426675556048, 'gpp_af': 35.20481045526041, 'gpp_b': 0.7987896438549947, 'gpp_d': 4.5768578731086835, 'ign_k': 5.9736167866478125, 'ign_c': 0.1774872630983487}.
[I 2026-08-05 23:57:41,316] Trial 1041 finished with values: [10.718782625313029, 10.718782625313029] and parameters: {'k1': 0.016973078532467004, 'D_low': 3806.019094922791, 'k2': 0.0007081721844034209, 'D_high': 85018.70149611714, 'fire_exp': 1.2943117749495199, 'P_half': 39.03214299767183, 'pre_dampen_half': 703.6426675556048, 'gpp_af': 35.20481045526041, 'gpp_b': 0.7987896438549947, 'gpp_d': 4.5768578731086835, 'ign_k': 1.786252932834922, 'ign_c': 0.11433485956638717}.
[I 2026-08-05 23:57:42,375] Trial 1042 finished with values: [10.768999309509079, 10.768999309509079] and parameters: {'k1': 0.016973078532467004, 'D_low': 352.110299468884, 'k2': 0.0007081721844034209, 'D_high': 39095.08806930525, 'fire_exp': 1.151006986743773, 'P_half': 12.808863354047988, 'pre_dampen_half': 703.6426675556048, 'gpp_af': 11.234842109991876, 'gpp_b': 0.7987896438549947, 'gpp_d': 4.5768578731086835, 'ign_k': 5.9736167866478125, 'ign_c': 28.558430698597466}.
[I 2026-08-05 23:57:43,466] Trial 1043 finished with values: [10.053531181598082, 10.053531181598082] and parameters: {'k1': 1.847600887728415e-05, 'D_low': 31.117676855667376, 'k2': 0.0007081721844034209, 'D_high': 1184.76465050125, 'fire_exp': 1.151006986743773, 'P_half': 12.808863354047988, 'pre_dampen_half': 111.37963167994629, 'gpp_af': 35.20481045526041, 'gpp_b': 7.961850249633375e-05, 'gpp_d': 4.5768578731086835, 'ign_k': 5.9736167866478125, 'ign_c': 0.11433485956638717}.
[I 2026-08-05 23:57:44,559] Trial 1044 finished with values: [10.653031090965028, 10.653031090965028] and parameters: {'k1': 0.03232155805617897, 'D_low': 2.458603276328005, 'k2': 0.0007081721844034209, 'D_high': 6455.595882939566, 'fire_exp': 5.463032305627588, 'P_half': 39.03214299767183, 'pre_dampen_half': 703.6426675556048, 'gpp_af': 35.20481045526041, 'gpp_b': 1.722111409234053e-05, 'gpp_d': 3.640068899312672, 'ign_k': 0.4702627143647234, 'ign_c': 14.810800730363484}.
[I 2026-08-05 23:57:45,680] Trial 1045 finished with values: [10.765953158509527, 10.765953158509527] and parameters: {'k1': 0.016973078532467004, 'D_low': 2.458603276328005, 'k2': 0.0007081721844034209, 'D_high': 6455.595882939566, 'fire_exp': 4.788811905590801, 'P_half': 39.03214299767183, 'pre_dampen_half': 111.37963167994629, 'gpp_af': 29.925002022877802, 'gpp_b': 0.7987896438549947, 'gpp_d': 4.5768578731086835, 'ign_k': 5.9736167866478125, 'ign_c': 14.810800730363484}.
[I 2026-08-05 23:57:46,756] Trial 1046 finished with values: [10.528724496578924, 10.528724496578924] and parameters: {'k1': 0.03232155805617897, 'D_low': 29.89885508829526, 'k2': 0.052769242333622866, 'D_high': 6455.595882939566, 'fire_exp': 1.151006986743773, 'P_half': 12.808863354047988, 'pre_dampen_half': 703.6426675556048, 'gpp_af': 35.20481045526041, 'gpp_b': 0.10123867001105968, 'gpp_d': 4.5768578731086835, 'ign_k': 0.4702627143647234, 'ign_c': 0.29205563600251844}.
[I 2026-08-05 23:57:47,846] Trial 1047 finished with values: [10.768373848442025, 10.768373848442025] and parameters: {'k1': 0.03232155805617897, 'D_low': 4.051452710153359, 'k2': 0.0499774937030317, 'D_high': 85018.70149611714, 'fire_exp': 1.151006986743773, 'P_half': 39.03214299767183, 'pre_dampen_half': 0.01615714055429207, 'gpp_af': 35.20481045526041, 'gpp_b': 0.10123867001105968, 'gpp_d': 34.37107943937136, 'ign_k': 5.9736167866478125, 'ign_c': 0.11433485956638717}.
[I 2026-08-05 23:57:48,922] Trial 1048 finished with values: [10.165782323382684, 10.165782323382684] and parameters: {'k1': 0.002971796631657383, 'D_low': 4.020051040432125, 'k2': 2.1835747526693533e-05, 'D_high': 85018.70149611714, 'fire_exp': 1.3239942327296237, 'P_half': 12.808863354047988, 'pre_dampen_half': 703.6426675556048, 'gpp_af': 35.20481045526041, 'gpp_b': 0.7987896438549947, 'gpp_d': 19.65797948502804, 'ign_k': 5.294132201721568, 'ign_c': 0.29205563600251844}.
[I 2026-08-05 23:57:50,013] Trial 1049 finished with values: [-0.5777724056650217, 0.08470311713708711] and parameters: {'k1': 0.006697348618512094, 'D_low': 2.458603276328005, 'k2': 0.0007081721844034209, 'D_high': 85018.70149611714, 'fire_exp': 1.151006986743773, 'P_half': 12.808863354047988, 'pre_dampen_half': 703.6426675556048, 'gpp_af': 35.20481045526041, 'gpp_b': 0.7987896438549947, 'gpp_d': 4.5768578731086835, 'ign_k': 5.9736167866478125, 'ign_c': 0.11433485956638717}.
