[I 2026-07-25 00:32:02,468] Trial 340 finished with value: 0.5684237516171821 and parameters: {'k1': 2.6612288777981486e-05, 'D_low': 7.573514069579191, 'k2': 1.1258738156016777e-05, 'D_high': 110.46353514314727, 'fire_exp': 1.8264816289783063, 'P_half': 61.05412335932416, 'pre_dampen_half': 1.1251406754121294, 'gpp_af': 0.002292472557240851, 'gpp_b': 0.0003214706636478008, 'gpp_d': 86.63721232576985, 'ign_k': 0.00299615932400881, 'ign_c': 0.4742626552760414, 'trop_agb_crit': 2.7231432268461253, 'trop_k_veg': 3.9571334328492815, 'gdp_gamma': 1.2445478347759995, 'cure_k': 0.01676681208835892, 'cure_p_min': 202.98059639927934, 'cure_gpp_ref': 0.07805370864211396, 'cure_agb_crit': 2.386053456889916, 'fuel_k': 0.07303427481421536, 'fuel_half': 1.6305543433441358}. Best is trial 0 with value: -0.6232552202351066.
[I 2026-07-25 00:32:02,927] Trial 341 finished with value: 0.5695033247482706 and parameters: {'k1': 0.0005552615397804408, 'D_low': 114.72799756427798, 'k2': 5.458536776664121e-05, 'D_high': 2037.9679034326202, 'fire_exp': 1.5153119895919105, 'P_half': 63.19534502199623, 'pre_dampen_half': 1.1992080204698883, 'gpp_af': 0.004246867716373691, 'gpp_b': 1.3063336439922947e-05, 'gpp_d': 70.74968546429172, 'ign_k': 0.009552401610864738, 'ign_c': 0.5043914774068612, 'trop_agb_crit': 2.071931163648555, 'trop_k_veg': 2.5641231070406616, 'gdp_gamma': 0.38488550063091265, 'cure_k': 0.026257588714828205, 'cure_p_min': 201.13297817016527, 'cure_gpp_ref': 0.44356068648499003, 'cure_agb_crit': 1.4000375030867542, 'fuel_k': 0.04211547739021964, 'fuel_half': 14.796343488075367}. Best is trial 0 with value: -0.6232552202351066.
[I 2026-07-25 00:32:03,403] Trial 342 finished with value: 0.48514506574808514 and parameters: {'k1': 1.0691556276776883e-05, 'D_low': 1453.7135569392512, 'k2': 0.011435591362503628, 'D_high': 963339.2122062865, 'fire_exp': 2.8889018921132537, 'P_half': 7.083131229401382, 'pre_dampen_half': 0.10037216413432476, 'gpp_af': 64.1321467336904, 'gpp_b': 0.04856206871266872, 'gpp_d': 273.9154528353141, 'ign_k': 0.003983007542159233, 'ign_c': 0.5488865360305248, 'trop_agb_crit': 10.339192402876707, 'trop_k_veg': 3.202275035674632, 'gdp_gamma': 1.7244335554601058, 'cure_k': 0.036266618904702806, 'cure_p_min': 200.312297097976, 'cure_gpp_ref': 1.0992054536501203, 'cure_agb_crit': 4.705268395897689, 'fuel_k': 0.0879003054889349, 'fuel_half': 2.0846090546515574}. Best is trial 0 with value: -0.6232552202351066.
[I 2026-07-25 00:32:03,892] Trial 343 finished with value: -0.5801684949644685 and parameters: {'k1': 5.942203788916528e-05, 'D_low': 20.48111250327928, 'k2': 3.10248111756413e-05, 'D_high': 1378.6703544470608, 'fire_exp': 1.040759825300676, 'P_half': 3.6810395082447993, 'pre_dampen_half': 0.17533248534601092, 'gpp_af': 0.003009192718574247, 'gpp_b': 0.0009997859168156056, 'gpp_d': 0.22230125185172464, 'ign_k': 0.05459500106162672, 'ign_c': 0.9096522451333399, 'trop_agb_crit': 1.1807100041733614, 'trop_k_veg': 5.1143742483831645, 'gdp_gamma': 1.0741803866949242, 'cure_k': 0.11518948702922703, 'cure_p_min': 290.8177603376146, 'cure_gpp_ref': 0.16295447254866677, 'cure_agb_crit': 1.1009870062870808, 'fuel_k': 0.045078399766166496, 'fuel_half': 5.703780132268054}. Best is trial 0 with value: -0.6232552202351066.
[I 2026-07-25 00:32:04,346] Trial 344 finished with value: 0.5912087363320745 and parameters: {'k1': 2.967129102089869e-05, 'D_low': 860.9100892273711, 'k2': 1.0716786423429884e-05, 'D_high': 14360.20185372504, 'fire_exp': 1.8383862628393963, 'P_half': 5.146570917381556, 'pre_dampen_half': 0.23992244680142652, 'gpp_af': 0.0014745787173127021, 'gpp_b': 0.001997530687102763, 'gpp_d': 0.08327133076216778, 'ign_k': 0.0029225363721470813, 'ign_c': 0.13064984436518748, 'trop_agb_crit': 2.6846364817315167, 'trop_k_veg': 2.452003054763442, 'gdp_gamma': 0.15624181543510124, 'cure_k': 0.011152244239926192, 'cure_p_min': 222.83996847824938, 'cure_gpp_ref': 0.23612773587907318, 'cure_agb_crit': 1.4032954069866135, 'fuel_k': 0.08165399118111727, 'fuel_half': 10.345983632816603}. Best is trial 0 with value: -0.6232552202351066.
[I 2026-07-25 00:32:04,799] Trial 345 finished with value: 0.6905241519737517 and parameters: {'k1': 0.00022104501285793394, 'D_low': 563.5928979558653, 'k2': 0.01651088229834881, 'D_high': 39503.89370006633, 'fire_exp': 1.6809489751140947, 'P_half': 3.426976414587772, 'pre_dampen_half': 0.6554497510338886, 'gpp_af': 0.003591831692723593, 'gpp_b': 0.0005345920932438621, 'gpp_d': 18.93920325559653, 'ign_k': 0.008098971099573386, 'ign_c': 3.9893328069696907, 'trop_agb_crit': 8.944135821465386, 'trop_k_veg': 5.526279863818058, 'gdp_gamma': 1.4144464085428026, 'cure_k': 1.5155149670412567, 'cure_p_min': 375.594601411057, 'cure_gpp_ref': 1.024456426696149, 'cure_agb_crit': 3.861337866547516, 'fuel_k': 0.030825817425645892, 'fuel_half': 0.3235106294371176}. Best is trial 0 with value: -0.6232552202351066.
[I 2026-07-25 00:32:05,256] Trial 346 finished with value: 0.5863374003666204 and parameters: {'k1': 0.0006084571064350671, 'D_low': 5059.077379808375, 'k2': 0.019678615471197727, 'D_high': 5935574.604193902, 'fire_exp': 1.7516234640758297, 'P_half': 10.607729070786311, 'pre_dampen_half': 2.9680986164850567, 'gpp_af': 2.2858244562910217, 'gpp_b': 0.0003133674719926942, 'gpp_d': 4.040182118661025, 'ign_k': 2.1532192580553287, 'ign_c': 1.5242109439665197, 'trop_agb_crit': 13.757189047339317, 'trop_k_veg': 0.8985487414049979, 'gdp_gamma': 1.8305025822823862, 'cure_k': 0.06323284642865824, 'cure_p_min': 299.70671272677976, 'cure_gpp_ref': 0.1217527197613664, 'cure_agb_crit': 6.310685921134609, 'fuel_k': 0.046826699562106784, 'fuel_half': 3.288969849278235}. Best is trial 0 with value: -0.6232552202351066.
[I 2026-07-25 00:32:05,708] Trial 347 finished with value: -0.5762100104311729 and parameters: {'k1': 0.00018552928317529612, 'D_low': 463.00889566568344, 'k2': 5.29303587654043e-05, 'D_high': 3631.648737023495, 'fire_exp': 1.073885383342965, 'P_half': 2.7403345115876174, 'pre_dampen_half': 0.049427795132511186, 'gpp_af': 0.02564177671455957, 'gpp_b': 0.0007759796613005761, 'gpp_d': 17.635594325037903, 'ign_k': 0.5421490822814728, 'ign_c': 6.224946313682054, 'trop_agb_crit': 1.618017339099449, 'trop_k_veg': 2.6893691183845334, 'gdp_gamma': 1.2360047015618483, 'cure_k': 0.14708828216438358, 'cure_p_min': 354.6161533035982, 'cure_gpp_ref': 0.1338810527392789, 'cure_agb_crit': 1.473173819190308, 'fuel_k': 0.017150014215936104, 'fuel_half': 3.717689654269212}. Best is trial 0 with value: -0.6232552202351066.
[I 2026-07-25 00:32:06,160] Trial 348 finished with value: 0.6116985594830433 and parameters: {'k1': 0.0002428283409295327, 'D_low': 1936.3789401720296, 'k2': 3.443333390131007e-05, 'D_high': 5097.1639944858425, 'fire_exp': 1.2422461663016935, 'P_half': 2.4721683097226546, 'pre_dampen_half': 0.08787241426848018, 'gpp_af': 0.0051913639521700364, 'gpp_b': 0.0010817723626202684, 'gpp_d': 18.381833977444874, 'ign_k': 1.0655255326634128, 'ign_c': 43.1370593266514, 'trop_agb_crit': 2.7272541669820556, 'trop_k_veg': 2.3780922290298094, 'gdp_gamma': 0.680862121907911, 'cure_k': 1.0163525327168113, 'cure_p_min': 259.0687778706834, 'cure_gpp_ref': 0.22864051907852456, 'cure_agb_crit': 1.5420141396319895, 'fuel_k': 0.0365651449553383, 'fuel_half': 0.5789181161143272}. Best is trial 0 with value: -0.6232552202351066.
[I 2026-07-25 00:32:06,613] Trial 349 finished with value: 0.5093335170903247 and parameters: {'k1': 5.518955885074975e-05, 'D_low': 11.710697518426516, 'k2': 4.194224625642792e-05, 'D_high': 49.96722541986531, 'fire_exp': 1.5734102484716117, 'P_half': 12.067418845878358, 'pre_dampen_half': 0.026406133747253258, 'gpp_af': 0.0018580172360216252, 'gpp_b': 0.004127566303982078, 'gpp_d': 0.1361538609730659, 'ign_k': 0.07945294865318762, 'ign_c': 0.4555696926660838, 'trop_agb_crit': 1.5222607727462445, 'trop_k_veg': 5.709805092255858, 'gdp_gamma': 0.5184231350825363, 'cure_k': 0.12159926766145784, 'cure_p_min': 392.7346740156232, 'cure_gpp_ref': 0.1486066954217999, 'cure_agb_crit': 1.3752115452379479, 'fuel_k': 0.03390618540406228, 'fuel_half': 10.534210877113885}. Best is trial 0 with value: -0.6232552202351066.
[I 2026-07-25 00:32:07,071] Trial 350 finished with value: 0.5029388476304842 and parameters: {'k1': 0.008447461367689223, 'D_low': 2905.5249153587074, 'k2': 0.0006548414750893112, 'D_high': 163216.43513864223, 'fire_exp': 2.1477863443759304, 'P_half': 7.1033492652303005, 'pre_dampen_half': 0.013519101938102924, 'gpp_af': 36.39844234374313, 'gpp_b': 7.384209384464477e-05, 'gpp_d': 395.978715534235, 'ign_k': 0.00546507034338603, 'ign_c': 2.394190110278853, 'trop_agb_crit': 9.635058234550472, 'trop_k_veg': 1.3500088740516731, 'gdp_gamma': 1.0190104550129067, 'cure_k': 0.0050632357463016656, 'cure_p_min': 296.0729045020898, 'cure_gpp_ref': 0.2011997881570213, 'cure_agb_crit': 3.2594076085873014, 'fuel_k': 0.05001684676479056, 'fuel_half': 7.2916448789186195}. Best is trial 0 with value: -0.6232552202351066.
[I 2026-07-25 00:32:07,531] Trial 351 finished with value: 0.46567245045039884 and parameters: {'k1': 7.653038544652865e-05, 'D_low': 35.88250259315174, 'k2': 0.00034905190451136307, 'D_high': 298776.18339868216, 'fire_exp': 2.0187547697913564, 'P_half': 10.74408952393358, 'pre_dampen_half': 1.2213924225922803, 'gpp_af': 24.183191566577595, 'gpp_b': 0.0011530411254736222, 'gpp_d': 24.783709558324517, 'ign_k': 0.015828623143132804, 'ign_c': 19.934983459542547, 'trop_agb_crit': 14.07607958182334, 'trop_k_veg': 4.332917987451754, 'gdp_gamma': 0.4697722233841546, 'cure_k': 0.06406073034760758, 'cure_p_min': 229.65902531959037, 'cure_gpp_ref': 0.21482451807739128, 'cure_agb_crit': 7.761447602646295, 'fuel_k': 0.05922102835578998, 'fuel_half': 0.7371517319860899}. Best is trial 0 with value: -0.6232552202351066.
[I 2026-07-25 00:32:07,986] Trial 352 finished with value: 0.43408449126039994 and parameters: {'k1': 9.755793691854801e-05, 'D_low': 564.1651509375114, 'k2': 0.027101010724046415, 'D_high': 293951.52510109445, 'fire_exp': 2.016057444064454, 'P_half': 4.8142000915705205, 'pre_dampen_half': 0.15640930144070217, 'gpp_af': 2.1598116127743, 'gpp_b': 0.00019362382193158028, 'gpp_d': 166.40150291238496, 'ign_k': 0.014654679545544535, 'ign_c': 0.24829536100957342, 'trop_agb_crit': 9.476772143818618, 'trop_k_veg': 1.5667688087473013, 'gdp_gamma': 0.9500225294217021, 'cure_k': 0.004571310106960827, 'cure_p_min': 357.5288532687121, 'cure_gpp_ref': 0.09165709855778195, 'cure_agb_crit': 4.144801795191675, 'fuel_k': 0.055756816544049286, 'fuel_half': 1.4886207991498202}. Best is trial 0 with value: -0.6232552202351066.
[I 2026-07-25 00:32:08,444] Trial 353 finished with value: -0.5438745611405673 and parameters: {'k1': 0.00042994876767657686, 'D_low': 2.6812767297454125, 'k2': 2.7100869922817458e-05, 'D_high': 29.190171867407756, 'fire_exp': 1.0846953849477605, 'P_half': 6.943061102401269, 'pre_dampen_half': 0.5337739667259347, 'gpp_af': 0.3940999588826551, 'gpp_b': 0.00014131055396942547, 'gpp_d': 77.64682986553699, 'ign_k': 3.9223255845444016, 'ign_c': 0.7005506041540156, 'trop_agb_crit': 1.0576898189161064, 'trop_k_veg': 3.5423353706219003, 'gdp_gamma': 0.264990160297893, 'cure_k': 0.168845632640223, 'cure_p_min': 352.6383170055461, 'cure_gpp_ref': 0.1071685332865467, 'cure_agb_crit': 2.108159898644199, 'fuel_k': 0.016207012010113295, 'fuel_half': 3.841801519785432}. Best is trial 0 with value: -0.6232552202351066.
[I 2026-07-25 00:32:08,899] Trial 354 finished with value: 0.6011812280139485 and parameters: {'k1': 0.02957518735889238, 'D_low': 5895.560912404992, 'k2': 0.07242597827396695, 'D_high': 7126434.784588469, 'fire_exp': 1.4766840961011607, 'P_half': 3022.5064275579534, 'pre_dampen_half': 572.3645412135207, 'gpp_af': 0.040368200017093084, 'gpp_b': 0.0015936130708852825, 'gpp_d': 69.21520307114206, 'ign_k': 0.20371475095013555, 'ign_c': 28.299686057196276, 'trop_agb_crit': 21.212348554720712, 'trop_k_veg': 1.1237256125639643, 'gdp_gamma': 0.10980174294782341, 'cure_k': 0.0018094329492811215, 'cure_p_min': 156.87980638470782, 'cure_gpp_ref': 0.6633851500397295, 'cure_agb_crit': 5.628287556641423, 'fuel_k': 0.06468643242137008, 'fuel_half': 5.590795315527629}. Best is trial 0 with value: -0.6232552202351066.
[I 2026-07-25 00:32:09,353] Trial 355 finished with value: 0.596925608237264 and parameters: {'k1': 0.001115951598815873, 'D_low': 5749.639456410511, 'k2': 0.005585618349747039, 'D_high': 8725.971829120428, 'fire_exp': 3.1276329808041337, 'P_half': 2.5974425246081383, 'pre_dampen_half': 1.7387283746998656, 'gpp_af': 13.639719869101679, 'gpp_b': 1.7105092534296682e-05, 'gpp_d': 362.72833885978935, 'ign_k': 0.013572829525295932, 'ign_c': 3.541027469879516, 'trop_agb_crit': 20.35836675847278, 'trop_k_veg': 0.7301776381202808, 'gdp_gamma': 0.5574659718111573, 'cure_k': 0.009923071739680843, 'cure_p_min': 254.60677166034375, 'cure_gpp_ref': 0.341585896474564, 'cure_agb_crit': 3.4339654422948507, 'fuel_k': 0.4750812101318854, 'fuel_half': 0.6737636811733139}. Best is trial 0 with value: -0.6232552202351066.
[I 2026-07-25 00:32:09,810] Trial 356 finished with value: 0.6107189529684618 and parameters: {'k1': 0.08783351743487668, 'D_low': 139.2428318718032, 'k2': 0.06425678863286563, 'D_high': 77172.5266171553, 'fire_exp': 2.743108788377603, 'P_half': 144.34687020915712, 'pre_dampen_half': 277.6990012590172, 'gpp_af': 0.0010385571848990827, 'gpp_b': 0.00017705092239866504, 'gpp_d': 394.70558324189807, 'ign_k': 0.07923977416740197, 'ign_c': 69.99765295383177, 'trop_agb_crit': 22.88279240053198, 'trop_k_veg': 0.9069468837302459, 'gdp_gamma': 0.06648148538964137, 'cure_k': 0.0024646181887897725, 'cure_p_min': 111.06988072668695, 'cure_gpp_ref': 1.164601623421191, 'cure_agb_crit': 4.407367882698484, 'fuel_k': 0.05721358161038437, 'fuel_half': 13.30607553113397}. Best is trial 0 with value: -0.6232552202351066.
[I 2026-07-25 00:32:10,265] Trial 357 finished with value: -0.5669493468217519 and parameters: {'k1': 0.00010343918759336286, 'D_low': 40.68385998247996, 'k2': 0.0003455566219164379, 'D_high': 1665895.127029986, 'fire_exp': 3.173287178925284, 'P_half': 5.085463133541816, 'pre_dampen_half': 1.026283545422372, 'gpp_af': 12.564160749851593, 'gpp_b': 0.0001725840205341553, 'gpp_d': 593.9095086964003, 'ign_k': 0.03229409910096024, 'ign_c': 0.2840085245065007, 'trop_agb_crit': 29.278107069611583, 'trop_k_veg': 0.9758690247298889, 'gdp_gamma': 1.2499385741450084, 'cure_k': 0.004466926267230296, 'cure_p_min': 360.1963418814043, 'cure_gpp_ref': 0.25776528540123267, 'cure_agb_crit': 6.8854041051870105, 'fuel_k': 0.018648644524648778, 'fuel_half': 11.505304680307397}. Best is trial 0 with value: -0.6232552202351066.
[I 2026-07-25 00:32:10,725] Trial 358 finished with value: 0.5914183866019488 and parameters: {'k1': 0.00013982765201238104, 'D_low': 18.160248311523237, 'k2': 0.0024506330519792293, 'D_high': 4563816.24314674, 'fire_exp': 6.694716198338014, 'P_half': 10.922044056814398, 'pre_dampen_half': 2.13629255512967, 'gpp_af': 60.705587457920785, 'gpp_b': 1.1475770458860603e-05, 'gpp_d': 144.53895359827908, 'ign_k': 0.0204405842171393, 'ign_c': 6.319789340977727, 'trop_agb_crit': 1.8649990443875608, 'trop_k_veg': 1.767350526439413, 'gdp_gamma': 0.493221398180081, 'cure_k': 0.001922216314940597, 'cure_p_min': 393.1690326709774, 'cure_gpp_ref': 0.35243216626222973, 'cure_agb_crit': 6.779028634273281, 'fuel_k': 0.01585044806414959, 'fuel_half': 3.412575086095333}. Best is trial 0 with value: -0.6232552202351066.
[I 2026-07-25 00:32:11,180] Trial 359 finished with value: 0.42996474797779627 and parameters: {'k1': 0.00046902910342463657, 'D_low': 123.3511984257238, 'k2': 0.0001100629692337789, 'D_high': 3711045.399558041, 'fire_exp': 2.4671643433414436, 'P_half': 2.692189149500237, 'pre_dampen_half': 1.741563954261696, 'gpp_af': 6.368656748832008, 'gpp_b': 0.049735858316930635, 'gpp_d': 303.2352275973041, 'ign_k': 0.08596429558385406, 'ign_c': 1.9055668964566095, 'trop_agb_crit': 29.2105142897125, 'trop_k_veg': 0.6574004201084069, 'gdp_gamma': 0.719729956021184, 'cure_k': 0.008801866897515742, 'cure_p_min': 329.1896595318556, 'cure_gpp_ref': 0.2994040463937972, 'cure_agb_crit': 5.6659577878864615, 'fuel_k': 0.09087590741761944, 'fuel_half': 4.196475300967326}. Best is trial 0 with value: -0.6232552202351066.
[I 2026-07-25 00:32:11,639] Trial 360 finished with value: 0.5850247027674577 and parameters: {'k1': 0.0032515961383268563, 'D_low': 416.1047891124867, 'k2': 0.005203119586434996, 'D_high': 391424.1068119751, 'fire_exp': 4.1267697964045365, 'P_half': 1.877197217929135, 'pre_dampen_half': 0.02273437822999667, 'gpp_af': 2.1256995435202124, 'gpp_b': 5.2645461209615964e-05, 'gpp_d': 2.0007397965917586, 'ign_k': 0.004413397981249938, 'ign_c': 2.6710547753061626, 'trop_agb_crit': 14.362510271722975, 'trop_k_veg': 1.1719049051710706, 'gdp_gamma': 0.30479237901460426, 'cure_k': 0.02350635956835715, 'cure_p_min': 313.2254712056825, 'cure_gpp_ref': 0.14620742027588493, 'cure_agb_crit': 6.480764157969012, 'fuel_k': 0.3155520343771506, 'fuel_half': 2.6884864863604223}. Best is trial 0 with value: -0.6232552202351066.
[I 2026-07-25 00:32:12,125] Trial 361 finished with value: 0.5836777616161484 and parameters: {'k1': 3.844478435107115e-05, 'D_low': 37.4728706794965, 'k2': 0.00015610993279079201, 'D_high': 1158.7941027925856, 'fire_exp': 1.095713939976032, 'P_half': 1.3808711543130883, 'pre_dampen_half': 0.018267014860821305, 'gpp_af': 0.10311318135906108, 'gpp_b': 0.0007424115738201109, 'gpp_d': 15.128889293286925, 'ign_k': 0.02742447865307995, 'ign_c': 4.762491206323058, 'trop_agb_crit': 2.2297923803796675, 'trop_k_veg': 2.5914127072602113, 'gdp_gamma': 0.9480961779393572, 'cure_k': 0.8021272228142898, 'cure_p_min': 295.95501178235673, 'cure_gpp_ref': 0.11364442805870975, 'cure_agb_crit': 1.7360937227941502, 'fuel_k': 0.05073851400783129, 'fuel_half': 3.548589223293906}. Best is trial 0 with value: -0.6232552202351066.
[I 2026-07-25 00:32:12,581] Trial 362 finished with value: 0.5405634597752423 and parameters: {'k1': 0.0011242120044597356, 'D_low': 40.21915766631145, 'k2': 1.7618749331094824e-05, 'D_high': 106509.33402923585, 'fire_exp': 2.087993398150412, 'P_half': 330.78139893012656, 'pre_dampen_half': 0.024408368241739465, 'gpp_af': 5.582829057235752, 'gpp_b': 2.2143070584598636e-05, 'gpp_d': 5.346428655114605, 'ign_k': 0.008792770485037418, 'ign_c': 16.680204584225727, 'trop_agb_crit': 21.013090434093744, 'trop_k_veg': 3.1254497336984124, 'gdp_gamma': 0.4033135350546341, 'cure_k': 0.07370342784977278, 'cure_p_min': 285.89252109657144, 'cure_gpp_ref': 0.3595802827996535, 'cure_agb_crit': 3.0918015700331964, 'fuel_k': 0.036448211321503436, 'fuel_half': 1.2869212998482567}. Best is trial 0 with value: -0.6232552202351066.
[I 2026-07-25 00:32:13,042] Trial 363 finished with value: 0.5850110857387365 and parameters: {'k1': 0.00015690510670049047, 'D_low': 9.288872864396744, 'k2': 0.0002882777195867524, 'D_high': 48884.171284977216, 'fire_exp': 3.4093145114786596, 'P_half': 8.110574443765225, 'pre_dampen_half': 0.02981341190341046, 'gpp_af': 7.192365041889667, 'gpp_b': 0.0001137315459001189, 'gpp_d': 398.1732928141736, 'ign_k': 0.007447635752153414, 'ign_c': 3.037150971617648, 'trop_agb_crit': 13.360389683341136, 'trop_k_veg': 1.186049290533439, 'gdp_gamma': 0.44687693649066274, 'cure_k': 0.016352850449399613, 'cure_p_min': 269.012742198299, 'cure_gpp_ref': 0.11292919524639436, 'cure_agb_crit': 7.492751669410631, 'fuel_k': 0.01393538100453486, 'fuel_half': 21.62467750899048}. Best is trial 0 with value: -0.6232552202351066.
[I 2026-07-25 00:32:13,503] Trial 364 finished with value: 0.523099276600253 and parameters: {'k1': 0.000594543679681286, 'D_low': 19.2268207176533, 'k2': 8.323758839588261e-05, 'D_high': 11228.443848569541, 'fire_exp': 1.4440387247016846, 'P_half': 3.5557453571541124, 'pre_dampen_half': 0.6628694079587882, 'gpp_af': 0.003636036693666275, 'gpp_b': 0.021840542838377695, 'gpp_d': 174.40337501995324, 'ign_k': 0.6122657263317026, 'ign_c': 16.688684496260883, 'trop_agb_crit': 1.2059942393084488, 'trop_k_veg': 3.825248443639951, 'gdp_gamma': 1.208278602243789, 'cure_k': 0.05891544134473721, 'cure_p_min': 338.6373403996896, 'cure_gpp_ref': 0.08388340897478978, 'cure_agb_crit': 1.6901567588946422, 'fuel_k': 0.02360351555884168, 'fuel_half': 1.0816982467396103}. Best is trial 0 with value: -0.6232552202351066.
[I 2026-07-25 00:32:13,962] Trial 365 finished with value: 0.46623983817109305 and parameters: {'k1': 2.03605019727703e-05, 'D_low': 270.25363970121947, 'k2': 0.005652818468603842, 'D_high': 2564502.4352154527, 'fire_exp': 2.87695266350762, 'P_half': 20.030646491938537, 'pre_dampen_half': 0.025632994690661496, 'gpp_af': 17.720730934711444, 'gpp_b': 0.0006065575268534102, 'gpp_d': 249.07562798726957, 'ign_k': 0.3596348547979757, 'ign_c': 0.3726554628511705, 'trop_agb_crit': 13.416442258891523, 'trop_k_veg': 0.7823545760689902, 'gdp_gamma': 1.3154236914136812, 'cure_k': 0.0038417148331800852, 'cure_p_min': 327.6749398758942, 'cure_gpp_ref': 0.44744740117653076, 'cure_agb_crit': 6.477033393867657, 'fuel_k': 0.015805681808176184, 'fuel_half': 15.78998413294469}. Best is trial 0 with value: -0.6232552202351066.
