[I 2026-08-06 02:23:08,217] Trial 675 finished with values: [-0.5189674024504305, 0.04160636540853946] and parameters: {'k1': 0.021368329072358756, 'D_low': 9.330007965781027, 'k2': 0.034987345440353576, 'D_high': 949.9072859745386, 'fire_exp': 1.010722707674549, 'P_half': 39.03214299767183, 'pre_dampen_half': 1.823875297964684, 'gpp_af': 0.028585493941961918, 'gpp_b': 3.228689523591491e-05, 'gpp_d': 5.878566318396007, 'ign_k': 0.0037322156377670697, 'ign_c': 34.19108473554449}.
[I 2026-08-06 02:23:09,180] Trial 676 finished with values: [10.29535599385236, 10.29535599385236] and parameters: {'k1': 0.003381093273170853, 'D_low': 7.068974950624602, 'k2': 0.0543876219522674, 'D_high': 24939.838794891497, 'fire_exp': 1.2680134752324452, 'P_half': 403.3495283157659, 'pre_dampen_half': 1.4445251022763053, 'gpp_af': 11.234842109991876, 'gpp_b': 2.800940363375676e-05, 'gpp_d': 300.3420512048734, 'ign_k': 0.005522071973135812, 'ign_c': 3.735862630812751}.
[I 2026-08-06 02:23:10,179] Trial 677 finished with values: [10.768901554727707, 10.768901554727707] and parameters: {'k1': 0.03232155805617897, 'D_low': 9.330007965781027, 'k2': 4.763991596630584e-05, 'D_high': 183.91807805583133, 'fire_exp': 1.0473002272689056, 'P_half': 664.2027816373393, 'pre_dampen_half': 3.4369565628226946, 'gpp_af': 0.0016138541942192133, 'gpp_b': 1.5938003265859821, 'gpp_d': 0.055171654110845424, 'ign_k': 3.7173717478250508, 'ign_c': 14.367095138664217}.
[I 2026-08-06 02:23:11,127] Trial 678 finished with values: [10.666641768659973, 10.666641768659973] and parameters: {'k1': 0.08926311370835228, 'D_low': 9.330007965781027, 'k2': 0.08841388855976236, 'D_high': 949.9072859745386, 'fire_exp': 1.010722707674549, 'P_half': 608.3019192425825, 'pre_dampen_half': 1.6130673726933187, 'gpp_af': 0.028585493941961918, 'gpp_b': 0.10123867001105968, 'gpp_d': 39.827466658711515, 'ign_k': 0.0037322156377670697, 'ign_c': 14.367095138664217}.
[I 2026-08-06 02:23:12,092] Trial 679 finished with values: [10.018238758897997, 10.018238758897997] and parameters: {'k1': 0.021368329072358756, 'D_low': 26.21130418912424, 'k2': 3.5917714215176105e-05, 'D_high': 1665.1532285161688, 'fire_exp': 1.010722707674549, 'P_half': 608.3019192425825, 'pre_dampen_half': 5.542030950268268, 'gpp_af': 0.2343193755572473, 'gpp_b': 0.0005995821881487623, 'gpp_d': 5.878566318396007, 'ign_k': 0.01474275315991467, 'ign_c': 34.19108473554449}.
[I 2026-08-06 02:23:13,056] Trial 680 finished with values: [-0.5032359277022204, 0.0496807946281449] and parameters: {'k1': 0.003381093273170853, 'D_low': 1.2299210465793122, 'k2': 4.763991596630584e-05, 'D_high': 400.9149428326862, 'fire_exp': 1.2680134752324452, 'P_half': 664.2027816373393, 'pre_dampen_half': 14.689898077648792, 'gpp_af': 22.766850248686247, 'gpp_b': 5.2308563179361105e-05, 'gpp_d': 300.3420512048734, 'ign_k': 3.7173717478250508, 'ign_c': 0.7724824966785973}.
[I 2026-08-06 02:23:14,035] Trial 681 finished with values: [10.128433180607121, 10.128433180607121] and parameters: {'k1': 0.003381093273170853, 'D_low': 616.4329525571076, 'k2': 0.006138509947844854, 'D_high': 72522.83715822162, 'fire_exp': 1.2680134752324452, 'P_half': 958.8659498594012, 'pre_dampen_half': 25.15960733455044, 'gpp_af': 11.234842109991876, 'gpp_b': 1.5938003265859821, 'gpp_d': 300.3420512048734, 'ign_k': 7.799059237255681, 'ign_c': 3.735862630812751}.
[I 2026-08-06 02:23:15,018] Trial 682 finished with values: [10.408970610355125, 10.408970610355125] and parameters: {'k1': 0.021368329072358756, 'D_low': 26.21130418912424, 'k2': 0.00014091459170104733, 'D_high': 17300.724838654387, 'fire_exp': 1.0473002272689056, 'P_half': 608.3019192425825, 'pre_dampen_half': 14.689898077648792, 'gpp_af': 0.028585493941961918, 'gpp_b': 0.10123867001105968, 'gpp_d': 39.827466658711515, 'ign_k': 0.001046549859517173, 'ign_c': 14.367095138664217}.
[I 2026-08-06 02:23:16,014] Trial 683 finished with values: [10.036245808575847, 10.036245808575847] and parameters: {'k1': 0.06415745702132086, 'D_low': 7.068974950624602, 'k2': 0.0036014695835220327, 'D_high': 949.9072859745386, 'fire_exp': 1.010722707674549, 'P_half': 39.03214299767183, 'pre_dampen_half': 2.292633983096564, 'gpp_af': 0.028585493941961918, 'gpp_b': 2.800940363375676e-05, 'gpp_d': 5.878566318396007, 'ign_k': 0.01474275315991467, 'ign_c': 0.7724824966785973}.
[I 2026-08-06 02:23:17,182] Trial 684 finished with values: [10.758517245601304, 10.758517245601304] and parameters: {'k1': 2.0937989739527727e-05, 'D_low': 7.068974950624602, 'k2': 1.4378290221680118e-05, 'D_high': 400.9149428326862, 'fire_exp': 1.0473002272689056, 'P_half': 2.157758652553991, 'pre_dampen_half': 2.292633983096564, 'gpp_af': 0.028585493941961918, 'gpp_b': 0.6637926838138378, 'gpp_d': 891.8036602897795, 'ign_k': 0.18170401889219123, 'ign_c': 14.367095138664217}.
[I 2026-08-06 02:23:18,162] Trial 685 finished with values: [10.768917751180732, 10.768917751180732] and parameters: {'k1': 0.003381093273170853, 'D_low': 334.62201030483817, 'k2': 0.0022957398214549472, 'D_high': 24939.838794891497, 'fire_exp': 7.377654184453313, 'P_half': 403.3495283157659, 'pre_dampen_half': 5.542030950268268, 'gpp_af': 0.2343193755572473, 'gpp_b': 0.0004837646996135023, 'gpp_d': 300.3420512048734, 'ign_k': 0.0659112309484029, 'ign_c': 0.1457050032975653}.
[I 2026-08-06 02:23:19,126] Trial 686 finished with values: [10.713197830753147, 10.713197830753147] and parameters: {'k1': 0.021368329072358756, 'D_low': 1.54121727098019, 'k2': 0.001154473887645231, 'D_high': 75773.14388518519, 'fire_exp': 1.1044852285094786, 'P_half': 125.61043700013555, 'pre_dampen_half': 3.3594011166738142, 'gpp_af': 0.028585493941961918, 'gpp_b': 2.7719116797094715e-05, 'gpp_d': 5.878566318396007, 'ign_k': 0.03141110271934876, 'ign_c': 9.023734753282096}.
[I 2026-08-06 02:23:20,158] Trial 687 finished with values: [10.765286554951713, 10.765286554951713] and parameters: {'k1': 0.0016129739560722712, 'D_low': 7.068974950624602, 'k2': 0.03071666851587867, 'D_high': 400.9149428326862, 'fire_exp': 1.1044852285094786, 'P_half': 11.877073321543955, 'pre_dampen_half': 21.593412825402957, 'gpp_af': 22.766850248686247, 'gpp_b': 0.6637926838138378, 'gpp_d': 0.049917896217442304, 'ign_k': 0.01474275315991467, 'ign_c': 0.7724824966785973}.
[I 2026-08-06 02:23:21,196] Trial 688 finished with values: [10.545912994023011, 10.545912994023011] and parameters: {'k1': 0.03232155805617897, 'D_low': 7.068974950624602, 'k2': 1.1184534120760473e-05, 'D_high': 6455.595882939566, 'fire_exp': 1.1044852285094786, 'P_half': 125.61043700013555, 'pre_dampen_half': 1.4445251022763053, 'gpp_af': 22.766850248686247, 'gpp_b': 0.35446974723746, 'gpp_d': 8.144272585223819, 'ign_k': 7.799059237255681, 'ign_c': 2.41842279584716}.
[I 2026-08-06 02:23:22,175] Trial 689 finished with values: [10.673663274400345, 10.673663274400345] and parameters: {'k1': 0.08926311370835228, 'D_low': 18.522006003174383, 'k2': 0.006138509947844854, 'D_high': 2969.087094484682, 'fire_exp': 1.0714541464524414, 'P_half': 608.3019192425825, 'pre_dampen_half': 0.34645729315852974, 'gpp_af': 0.004339536161007625, 'gpp_b': 0.000832333943844274, 'gpp_d': 300.3420512048734, 'ign_k': 3.7173717478250508, 'ign_c': 19.19168994439752}.
[I 2026-08-06 02:23:23,153] Trial 690 finished with values: [10.41308761361717, 10.41308761361717] and parameters: {'k1': 0.025383218374507292, 'D_low': 9.330007965781027, 'k2': 4.763991596630584e-05, 'D_high': 6455.595882939566, 'fire_exp': 1.0473002272689056, 'P_half': 608.3019192425825, 'pre_dampen_half': 3.3594011166738142, 'gpp_af': 22.766850248686247, 'gpp_b': 0.6637926838138378, 'gpp_d': 33.373658194339434, 'ign_k': 0.006418208309987481, 'ign_c': 14.367095138664217}.
[I 2026-08-06 02:23:24,146] Trial 691 finished with values: [10.625751681922354, 10.625751681922354] and parameters: {'k1': 0.021368329072358756, 'D_low': 7.068974950624602, 'k2': 3.5917714215176105e-05, 'D_high': 1687.3495104568947, 'fire_exp': 1.0473002272689056, 'P_half': 608.3019192425825, 'pre_dampen_half': 14.689898077648792, 'gpp_af': 0.2343193755572473, 'gpp_b': 2.7719116797094715e-05, 'gpp_d': 39.827466658711515, 'ign_k': 0.01474275315991467, 'ign_c': 0.6235377135673155}.
[I 2026-08-06 02:23:25,123] Trial 692 finished with values: [-0.5402541539735972, 0.040334450191839566] and parameters: {'k1': 0.014666151770108535, 'D_low': 9.330007965781027, 'k2': 0.004940031671739378, 'D_high': 949.9072859745386, 'fire_exp': 1.010722707674549, 'P_half': 39.03214299767183, 'pre_dampen_half': 1.6130673726933187, 'gpp_af': 11.234842109991876, 'gpp_b': 3.228689523591491e-05, 'gpp_d': 300.3420512048734, 'ign_k': 7.799059237255681, 'ign_c': 3.735862630812751}.
[I 2026-08-06 02:23:26,121] Trial 693 finished with values: [-0.5067657713165523, 0.052370062378655824] and parameters: {'k1': 0.0016129739560722712, 'D_low': 26.21130418912424, 'k2': 0.03071666851587867, 'D_high': 949.9072859745386, 'fire_exp': 1.1044852285094786, 'P_half': 11.877073321543955, 'pre_dampen_half': 3.3594011166738142, 'gpp_af': 22.766850248686247, 'gpp_b': 0.004282452111192166, 'gpp_d': 368.30088529547436, 'ign_k': 0.01474275315991467, 'ign_c': 0.7724824966785973}.
[I 2026-08-06 02:23:27,085] Trial 694 finished with values: [10.671293898060178, 10.671293898060178] and parameters: {'k1': 0.0016129739560722712, 'D_low': 7579.633113316125, 'k2': 0.03071666851587867, 'D_high': 75773.14388518519, 'fire_exp': 1.1044852285094786, 'P_half': 11.877073321543955, 'pre_dampen_half': 1.4445251022763053, 'gpp_af': 0.028585493941961918, 'gpp_b': 2.800940363375676e-05, 'gpp_d': 5.878566318396007, 'ign_k': 0.0023746677989874045, 'ign_c': 0.6235377135673155}.
[I 2026-08-06 02:23:28,080] Trial 695 finished with values: [10.715175529749303, 10.715175529749303] and parameters: {'k1': 0.025383218374507292, 'D_low': 18.522006003174383, 'k2': 3.5917714215176105e-05, 'D_high': 1687.3495104568947, 'fire_exp': 1.0473002272689056, 'P_half': 608.3019192425825, 'pre_dampen_half': 1.4445251022763053, 'gpp_af': 0.028585493941961918, 'gpp_b': 0.10123867001105968, 'gpp_d': 5.878566318396007, 'ign_k': 0.4902396944106615, 'ign_c': 14.367095138664217}.
[I 2026-08-06 02:23:29,028] Trial 696 finished with values: [10.630166049474436, 10.630166049474436] and parameters: {'k1': 0.025383218374507292, 'D_low': 7.068974950624602, 'k2': 1.4378290221680118e-05, 'D_high': 24939.838794891497, 'fire_exp': 1.1044852285094786, 'P_half': 2.157758652553991, 'pre_dampen_half': 14.689898077648792, 'gpp_af': 22.766850248686247, 'gpp_b': 2.800940363375676e-05, 'gpp_d': 5.878566318396007, 'ign_k': 0.18170401889219123, 'ign_c': 14.367095138664217}.
[I 2026-08-06 02:23:29,992] Trial 697 finished with values: [-0.5631339067959658, 0.02184473012120125] and parameters: {'k1': 0.025383218374507292, 'D_low': 9.330007965781027, 'k2': 4.763991596630584e-05, 'D_high': 400.9149428326862, 'fire_exp': 1.0473002272689056, 'P_half': 664.2027816373393, 'pre_dampen_half': 14.689898077648792, 'gpp_af': 22.766850248686247, 'gpp_b': 1.5938003265859821, 'gpp_d': 368.30088529547436, 'ign_k': 3.7173717478250508, 'ign_c': 14.367095138664217}.
[I 2026-08-06 02:23:31,006] Trial 698 finished with values: [10.7636943986719, 10.7636943986719] and parameters: {'k1': 0.0004846497679219079, 'D_low': 18.522006003174383, 'k2': 4.860905111373887e-05, 'D_high': 400.9149428326862, 'fire_exp': 1.1044852285094786, 'P_half': 608.3019192425825, 'pre_dampen_half': 1.4445251022763053, 'gpp_af': 0.028585493941961918, 'gpp_b': 0.6637926838138378, 'gpp_d': 891.8036602897795, 'ign_k': 3.7173717478250508, 'ign_c': 0.6235377135673155}.
[I 2026-08-06 02:23:31,974] Trial 699 finished with values: [-0.49307721900526486, 0.03508967102962668] and parameters: {'k1': 0.08926311370835228, 'D_low': 18.522006003174383, 'k2': 3.5917714215176105e-05, 'D_high': 949.9072859745386, 'fire_exp': 1.0473002272689056, 'P_half': 39.03214299767183, 'pre_dampen_half': 14.689898077648792, 'gpp_af': 0.2343193755572473, 'gpp_b': 0.1676789742547917, 'gpp_d': 5.878566318396007, 'ign_k': 0.0037322156377670697, 'ign_c': 34.19108473554449}.
[I 2026-08-06 02:23:32,949] Trial 700 finished with values: [10.75064335434241, 10.75064335434241] and parameters: {'k1': 0.0005956633466901681, 'D_low': 26.21130418912424, 'k2': 0.00014091459170104733, 'D_high': 24939.838794891497, 'fire_exp': 1.1044852285094786, 'P_half': 11.877073321543955, 'pre_dampen_half': 14.689898077648792, 'gpp_af': 22.766850248686247, 'gpp_b': 0.10123867001105968, 'gpp_d': 5.878566318396007, 'ign_k': 0.01474275315991467, 'ign_c': 0.7724824966785973}.
[I 2026-08-06 02:23:33,927] Trial 701 finished with values: [10.76923076805719, 10.76923076805719] and parameters: {'k1': 0.025383218374507292, 'D_low': 18.522006003174383, 'k2': 4.763991596630584e-05, 'D_high': 1687.3495104568947, 'fire_exp': 1.1044852285094786, 'P_half': 2968.718490830258, 'pre_dampen_half': 0.07686859572675554, 'gpp_af': 0.09651979281656148, 'gpp_b': 0.14313825333079222, 'gpp_d': 5.878566318396007, 'ign_k': 3.7173717478250508, 'ign_c': 225.1444048387014}.
[I 2026-08-06 02:23:34,905] Trial 702 finished with values: [10.088567045786116, 10.088567045786116] and parameters: {'k1': 0.03232155805617897, 'D_low': 9.330007965781027, 'k2': 4.763991596630584e-05, 'D_high': 6455.595882939566, 'fire_exp': 1.1044852285094786, 'P_half': 664.2027816373393, 'pre_dampen_half': 14.689898077648792, 'gpp_af': 22.766850248686247, 'gpp_b': 2.800940363375676e-05, 'gpp_d': 368.30088529547436, 'ign_k': 6.00422388619554, 'ign_c': 14.367095138664217}.
[I 2026-08-06 02:23:35,886] Trial 703 finished with values: [10.715830204417573, 10.715830204417573] and parameters: {'k1': 0.021368329072358756, 'D_low': 7.068974950624602, 'k2': 4.763991596630584e-05, 'D_high': 400.9149428326862, 'fire_exp': 1.1044852285094786, 'P_half': 125.61043700013555, 'pre_dampen_half': 1.4445251022763053, 'gpp_af': 0.028585493941961918, 'gpp_b': 0.10123867001105968, 'gpp_d': 5.878566318396007, 'ign_k': 0.01474275315991467, 'ign_c': 2.92043384718141}.
[I 2026-08-06 02:23:36,913] Trial 704 finished with values: [-0.5343562390855607, 0.03105251144145016] and parameters: {'k1': 0.025383218374507292, 'D_low': 9.330007965781027, 'k2': 4.763991596630584e-05, 'D_high': 400.9149428326862, 'fire_exp': 1.0473002272689056, 'P_half': 664.2027816373393, 'pre_dampen_half': 14.689898077648792, 'gpp_af': 22.766850248686247, 'gpp_b': 2.800940363375676e-05, 'gpp_d': 39.827466658711515, 'ign_k': 3.7173717478250508, 'ign_c': 14.367095138664217}.
[I 2026-08-06 02:23:38,194] Trial 705 finished with values: [10.624572453975468, 10.624572453975468] and parameters: {'k1': 0.021368329072358756, 'D_low': 540.7445028694731, 'k2': 0.034987345440353576, 'D_high': 949.9072859745386, 'fire_exp': 1.010722707674549, 'P_half': 39.03214299767183, 'pre_dampen_half': 1.6130673726933187, 'gpp_af': 0.09651979281656148, 'gpp_b': 0.0005995821881487623, 'gpp_d': 5.878566318396007, 'ign_k': 0.0037322156377670697, 'ign_c': 9.743142535650213}.
[I 2026-08-06 02:23:39,172] Trial 706 finished with values: [10.605182590061117, 10.605182590061117] and parameters: {'k1': 0.08926311370835228, 'D_low': 18.522006003174383, 'k2': 0.0029606628946299667, 'D_high': 24939.838794891497, 'fire_exp': 1.1044852285094786, 'P_half': 2989.6471756156616, 'pre_dampen_half': 2.292633983096564, 'gpp_af': 0.2343193755572473, 'gpp_b': 0.10123867001105968, 'gpp_d': 5.878566318396007, 'ign_k': 3.7173717478250508, 'ign_c': 14.367095138664217}.
[I 2026-08-06 02:23:40,151] Trial 707 finished with values: [10.768436207501868, 10.768436207501868] and parameters: {'k1': 0.003381093273170853, 'D_low': 616.4329525571076, 'k2': 0.0004381141781653133, 'D_high': 24939.838794891497, 'fire_exp': 1.2680134752324452, 'P_half': 403.3495283157659, 'pre_dampen_half': 1.4445251022763053, 'gpp_af': 0.028585493941961918, 'gpp_b': 1.5938003265859821, 'gpp_d': 5.878566318396007, 'ign_k': 7.799059237255681, 'ign_c': 2.92043384718141}.
[I 2026-08-06 02:23:41,147] Trial 708 finished with values: [10.3646366213299, 10.3646366213299] and parameters: {'k1': 0.025383218374507292, 'D_low': 18.522006003174383, 'k2': 4.763991596630584e-05, 'D_high': 400.9149428326862, 'fire_exp': 1.0473002272689056, 'P_half': 608.3019192425825, 'pre_dampen_half': 14.689898077648792, 'gpp_af': 22.766850248686247, 'gpp_b': 0.10123867001105968, 'gpp_d': 7.129330255115469, 'ign_k': 3.7173717478250508, 'ign_c': 14.367095138664217}.
[I 2026-08-06 02:23:42,188] Trial 709 finished with values: [10.21274716483296, 10.21274716483296] and parameters: {'k1': 0.003381093273170853, 'D_low': 616.4329525571076, 'k2': 1.3229646467088637e-05, 'D_high': 24939.838794891497, 'fire_exp': 1.2680134752324452, 'P_half': 403.3495283157659, 'pre_dampen_half': 25.15960733455044, 'gpp_af': 11.234842109991876, 'gpp_b': 1.5938003265859821, 'gpp_d': 300.3420512048734, 'ign_k': 5.294132201721568, 'ign_c': 3.735862630812751}.
[I 2026-08-06 02:23:43,170] Trial 710 finished with values: [10.76923076805719, 10.76923076805719] and parameters: {'k1': 0.025383218374507292, 'D_low': 18.522006003174383, 'k2': 3.5917714215176105e-05, 'D_high': 1687.3495104568947, 'fire_exp': 1.0473002272689056, 'P_half': 608.3019192425825, 'pre_dampen_half': 14.689898077648792, 'gpp_af': 22.766850248686247, 'gpp_b': 0.1676789742547917, 'gpp_d': 39.827466658711515, 'ign_k': 7.799059237255681, 'ign_c': 57.29371773569626}.
[I 2026-08-06 02:23:44,148] Trial 711 finished with values: [10.690073711046988, 10.690073711046988] and parameters: {'k1': 0.021368329072358756, 'D_low': 9.330007965781027, 'k2': 4.763991596630584e-05, 'D_high': 6455.595882939566, 'fire_exp': 1.0473002272689056, 'P_half': 664.2027816373393, 'pre_dampen_half': 1.4445251022763053, 'gpp_af': 22.766850248686247, 'gpp_b': 0.35446974723746, 'gpp_d': 5.878566318396007, 'ign_k': 3.7173717478250508, 'ign_c': 14.367095138664217}.
[I 2026-08-06 02:23:45,110] Trial 712 finished with values: [10.44105399117427, 10.44105399117427] and parameters: {'k1': 0.021368329072358756, 'D_low': 7.068974950624602, 'k2': 1.4378290221680118e-05, 'D_high': 75773.14388518519, 'fire_exp': 1.010722707674549, 'P_half': 2.157758652553991, 'pre_dampen_half': 2.292633983096564, 'gpp_af': 2.4130533782812034, 'gpp_b': 3.228689523591491e-05, 'gpp_d': 5.878566318396007, 'ign_k': 0.01474275315991467, 'ign_c': 34.19108473554449}.
[I 2026-08-06 02:23:46,093] Trial 713 finished with values: [-0.5161976411798502, 0.03534920026296173] and parameters: {'k1': 7.289548160413637e-05, 'D_low': 7.068974950624602, 'k2': 0.021307706784814803, 'D_high': 75773.14388518519, 'fire_exp': 1.1044852285094786, 'P_half': 125.61043700013555, 'pre_dampen_half': 1.4445251022763053, 'gpp_af': 0.028585493941961918, 'gpp_b': 2.7719116797094715e-05, 'gpp_d': 5.878566318396007, 'ign_k': 0.4320578308497379, 'ign_c': 0.6235377135673155}.
[I 2026-08-06 02:23:47,111] Trial 714 finished with values: [10.383872979535568, 10.383872979535568] and parameters: {'k1': 0.0003762336385269675, 'D_low': 616.4329525571076, 'k2': 4.763991596630584e-05, 'D_high': 24939.838794891497, 'fire_exp': 1.2680134752324452, 'P_half': 403.3495283157659, 'pre_dampen_half': 3.3594011166738142, 'gpp_af': 11.234842109991876, 'gpp_b': 1.722111409234053e-05, 'gpp_d': 4.982605027348069, 'ign_k': 7.799059237255681, 'ign_c': 3.735862630812751}.
[I 2026-08-06 02:23:48,079] Trial 715 finished with values: [10.607324735956402, 10.607324735956402] and parameters: {'k1': 0.0040265389838192705, 'D_low': 164.70698221724317, 'k2': 0.02065142557895925, 'D_high': 75773.14388518519, 'fire_exp': 1.2781829800753024, 'P_half': 403.3495283157659, 'pre_dampen_half': 14.711215379121963, 'gpp_af': 0.028585493941961918, 'gpp_b': 0.08852620105022933, 'gpp_d': 5.878566318396007, 'ign_k': 0.019192001101561888, 'ign_c': 0.6235377135673155}.
[I 2026-08-06 02:23:49,072] Trial 716 finished with values: [10.76923076805719, 10.76923076805719] and parameters: {'k1': 0.021368329072358756, 'D_low': 26.21130418912424, 'k2': 1.4378290221680118e-05, 'D_high': 1665.1532285161688, 'fire_exp': 9.986509644667628, 'P_half': 11.877073321543955, 'pre_dampen_half': 3.3594011166738142, 'gpp_af': 0.0017420483089176104, 'gpp_b': 0.0005995821881487623, 'gpp_d': 5.878566318396007, 'ign_k': 8.103949702339497, 'ign_c': 34.19108473554449}.
[I 2026-08-06 02:23:50,052] Trial 717 finished with values: [10.747011345909241, 10.747011345909241] and parameters: {'k1': 0.0014452451441203328, 'D_low': 968.2012086882471, 'k2': 0.00042425976091860955, 'D_high': 3660.150802571655, 'fire_exp': 1.010722707674549, 'P_half': 187.6006822030065, 'pre_dampen_half': 3.3594011166738142, 'gpp_af': 13.560863064135962, 'gpp_b': 0.0004837646996135023, 'gpp_d': 300.3420512048734, 'ign_k': 0.01474275315991467, 'ign_c': 304.0981662829698}.
[I 2026-08-06 02:23:51,000] Trial 718 finished with values: [-0.47894502185606785, 0.032445559628032083] and parameters: {'k1': 0.021368329072358756, 'D_low': 7.068974950624602, 'k2': 4.763991596630584e-05, 'D_high': 949.9072859745386, 'fire_exp': 1.010722707674549, 'P_half': 39.03214299767183, 'pre_dampen_half': 1.6130673726933187, 'gpp_af': 0.028585493941961918, 'gpp_b': 3.228689523591491e-05, 'gpp_d': 5.878566318396007, 'ign_k': 0.0037322156377670697, 'ign_c': 34.19108473554449}.
[I 2026-08-06 02:23:52,058] Trial 719 finished with values: [10.76923076805719, 10.76923076805719] and parameters: {'k1': 0.025383218374507292, 'D_low': 1347.5408399574635, 'k2': 3.5917714215176105e-05, 'D_high': 400.9149428326862, 'fire_exp': 1.010722707674549, 'P_half': 403.3495283157659, 'pre_dampen_half': 6.84039695411256, 'gpp_af': 11.234842109991876, 'gpp_b': 1.5938003265859821, 'gpp_d': 300.3420512048734, 'ign_k': 7.799059237255681, 'ign_c': 89.90768948930027}.
