[I 2026-08-19 17:09:32,788] Trial 405 finished with value: -0.5444780947563269 and parameters: {'k1': 0.0011412173586633288, 'D_low': 120.26557995785502, 'k2': 0.002280836861521667, 'D_high': 2829446.733602917, 'fire_exp': 1.7026577664768798, 'P_half': 2.702157202976842, 'pre_dampen_half': 0.4279112104375579, 'gpp_af': 49.93896627396726, 'gpp_b': 0.0016614325787895554, 'gpp_d': 74.76040471012801, 'ign_k': 0.43267825109142527, 'ign_c': 0.19315101358909512, 'trop_agb_crit': 18.97379203236751, 'trop_k_veg': 0.5224261890342095, 'pop_amp': 0.008729781321035008, 'pop_peak': 0.08017606916726089, 'pop_sig': 0.3922654142484728, 'fuel_k': 0.08088595067481504, 'fuel_half': 4.9890838241472935}. Best is trial 0 with value: -0.6094076133578652.
[I 2026-08-19 17:09:34,344] Trial 406 finished with value: 0.6445374145881376 and parameters: {'k1': 0.008245350377466284, 'D_low': 2519.7842817004926, 'k2': 0.0005155866962906268, 'D_high': 4994505.993897092, 'fire_exp': 1.2581752127922305, 'P_half': 5384.391910876447, 'pre_dampen_half': 1.6473148570659122, 'gpp_af': 5.044413813789751, 'gpp_b': 1.7506118317063756e-05, 'gpp_d': 65.73443573837201, 'ign_k': 4.066560811837719, 'ign_c': 73.15923868491528, 'trop_agb_crit': 28.890545331888518, 'trop_k_veg': 1.9203826244383488, 'pop_amp': 0.008360218815199808, 'pop_peak': 21.95978524418556, 'pop_sig': 0.5919747213320339, 'fuel_k': 0.7604760737954362, 'fuel_half': 0.5764877792121579}. Best is trial 0 with value: -0.6094076133578652.
[I 2026-08-19 17:09:35,925] Trial 407 finished with value: 0.4689441038903157 and parameters: {'k1': 0.00014625733859478804, 'D_low': 2.8602383002534015, 'k2': 0.000505386313136706, 'D_high': 1131431.619819395, 'fire_exp': 2.189662197793155, 'P_half': 52.32671032039296, 'pre_dampen_half': 3.720245211174295, 'gpp_af': 0.7801659890369487, 'gpp_b': 0.04247046898980381, 'gpp_d': 9.163684345678702, 'ign_k': 0.9749809428868266, 'ign_c': 4.262813838034928, 'trop_agb_crit': 26.593788149850113, 'trop_k_veg': 3.5294263274218602, 'pop_amp': 0.012439433852757182, 'pop_peak': 0.1714328259614294, 'pop_sig': 1.018597988631913, 'fuel_k': 0.248428807754902, 'fuel_half': 14.216130475913166}. Best is trial 0 with value: -0.6094076133578652.
  trial  408/2500  best_overall=0.6094  (11.2 min)
[I 2026-08-19 17:09:37,635] Trial 408 finished with value: 0.4646049735316645 and parameters: {'k1': 0.00019412461572394522, 'D_low': 6.58232278807241, 'k2': 0.02376777766518739, 'D_high': 2975471.3122957116, 'fire_exp': 1.1537775689324459, 'P_half': 7.614735891561918, 'pre_dampen_half': 0.12185125608289411, 'gpp_af': 0.6976011107553893, 'gpp_b': 0.002096355104677942, 'gpp_d': 20.151262995204192, 'ign_k': 0.3003492930818037, 'ign_c': 0.2793127537652558, 'trop_agb_crit': 23.298324186137116, 'trop_k_veg': 0.8209484270577062, 'pop_amp': 0.04177028015513324, 'pop_peak': 0.42739730655342195, 'pop_sig': 0.5855273561832591, 'fuel_k': 0.06418366868593378, 'fuel_half': 55.2931653068099}. Best is trial 0 with value: -0.6094076133578652.
[I 2026-08-19 17:09:39,225] Trial 409 finished with value: 0.5264083721350696 and parameters: {'k1': 5.307125542370309e-05, 'D_low': 5.0472710219213255, 'k2': 0.08512804790500715, 'D_high': 62531.17471190409, 'fire_exp': 1.0180904952587486, 'P_half': 11.46662154484469, 'pre_dampen_half': 0.10303612213789667, 'gpp_af': 0.5009044266584776, 'gpp_b': 1.1545936402240755e-05, 'gpp_d': 50.70613417707193, 'ign_k': 3.0879014819585335, 'ign_c': 12.667418797982505, 'trop_agb_crit': 10.461157485859548, 'trop_k_veg': 3.3289380422213206, 'pop_amp': 0.003080121955742237, 'pop_peak': 0.2380799764364023, 'pop_sig': 2.4159820806778716, 'fuel_k': 0.029477354539341024, 'fuel_half': 8.590250059261225}. Best is trial 0 with value: -0.6094076133578652.
[I 2026-08-19 17:09:40,790] Trial 410 finished with value: 0.5192394219542323 and parameters: {'k1': 0.00030283569926461176, 'D_low': 5923.410078756805, 'k2': 0.06518957833739934, 'D_high': 2789661.234322044, 'fire_exp': 1.070315241933181, 'P_half': 4.009974167238582, 'pre_dampen_half': 0.03310542870934734, 'gpp_af': 10.973385455537944, 'gpp_b': 0.01641092792564537, 'gpp_d': 6.054736685992134, 'ign_k': 0.22182002263986006, 'ign_c': 0.2602965447863956, 'trop_agb_crit': 28.4072427983527, 'trop_k_veg': 0.5149247266705901, 'pop_amp': 0.0022225124568731745, 'pop_peak': 1.037831278732227, 'pop_sig': 0.31253891100622233, 'fuel_k': 0.1749217839543089, 'fuel_half': 31.121145841362228}. Best is trial 0 with value: -0.6094076133578652.
[I 2026-08-19 17:09:42,373] Trial 411 finished with value: 0.5032033729660825 and parameters: {'k1': 0.024190528373181024, 'D_low': 955.8968900790038, 'k2': 0.07824885822823173, 'D_high': 12351.830648284993, 'fire_exp': 1.2790702386945523, 'P_half': 9.662815686520837, 'pre_dampen_half': 1.9134480117347576, 'gpp_af': 0.14091592820102772, 'gpp_b': 0.0034791245000027034, 'gpp_d': 2.6535849701408454, 'ign_k': 2.920029668077793, 'ign_c': 0.22462090860683892, 'trop_agb_crit': 6.746785567693483, 'trop_k_veg': 0.5096287758841948, 'pop_amp': 5.5943657355792835, 'pop_peak': 0.17521769227124234, 'pop_sig': 1.5408272178099602, 'fuel_k': 0.015049680878839388, 'fuel_half': 0.6920125261794379}. Best is trial 0 with value: -0.6094076133578652.
[I 2026-08-19 17:09:43,924] Trial 412 finished with value: 0.5065186527300951 and parameters: {'k1': 0.0014609066135707603, 'D_low': 4.401677448588447, 'k2': 0.002221923887838895, 'D_high': 644921.0978600972, 'fire_exp': 3.962566979136501, 'P_half': 364.04627079448017, 'pre_dampen_half': 13.997799384853757, 'gpp_af': 0.618152090047938, 'gpp_b': 5.25309396566092e-05, 'gpp_d': 36.00442208108628, 'ign_k': 0.4029877666783775, 'ign_c': 1.0831529328499738, 'trop_agb_crit': 17.971383341272396, 'trop_k_veg': 4.783159697367222, 'pop_amp': 0.002521852181798118, 'pop_peak': 26.157877858099667, 'pop_sig': 1.228914643716132, 'fuel_k': 0.026136088305759895, 'fuel_half': 0.27519301914174765}. Best is trial 0 with value: -0.6094076133578652.
[I 2026-08-19 17:09:45,511] Trial 413 finished with value: 0.6031625838534082 and parameters: {'k1': 0.00019569463417402886, 'D_low': 1.1342338550442614, 'k2': 0.0025846188623619678, 'D_high': 482183.248975454, 'fire_exp': 1.5497760634349191, 'P_half': 47.892465270005125, 'pre_dampen_half': 0.7257233947130329, 'gpp_af': 4.221869777807656, 'gpp_b': 0.00043999230802546586, 'gpp_d': 15.447944688259467, 'ign_k': 1.3480250777002922, 'ign_c': 32.695830663801814, 'trop_agb_crit': 14.939534232538763, 'trop_k_veg': 1.1817956494043993, 'pop_amp': 0.013957575398518935, 'pop_peak': 0.06521751811220115, 'pop_sig': 0.6154399855089357, 'fuel_k': 0.054805822656077904, 'fuel_half': 8.933137729068516}. Best is trial 0 with value: -0.6094076133578652.
[I 2026-08-19 17:09:47,108] Trial 414 finished with value: -0.5294934401240046 and parameters: {'k1': 0.0008659828617963583, 'D_low': 154.40318758083583, 'k2': 0.0021487529868473763, 'D_high': 9101251.465060268, 'fire_exp': 5.263475557944183, 'P_half': 2.8913747583113283, 'pre_dampen_half': 0.9415096227735753, 'gpp_af': 0.0013968052086022686, 'gpp_b': 2.458285830340841e-05, 'gpp_d': 0.017321782476731457, 'ign_k': 0.48163625947923816, 'ign_c': 0.5086107025727193, 'trop_agb_crit': 3.5271030792329485, 'trop_k_veg': 1.5437149823134, 'pop_amp': 5.852251362302236, 'pop_peak': 29.5706904315523, 'pop_sig': 1.4523929780984104, 'fuel_k': 0.014300022325454348, 'fuel_half': 1.1763099920591191}. Best is trial 0 with value: -0.6094076133578652.
[I 2026-08-19 17:09:48,685] Trial 415 finished with value: 0.46904203533262545 and parameters: {'k1': 0.0034187692685063507, 'D_low': 25803.854009841358, 'k2': 0.0022424008850754594, 'D_high': 3336693.115368892, 'fire_exp': 3.4390811323915393, 'P_half': 41.84467895425574, 'pre_dampen_half': 33.17036277606651, 'gpp_af': 0.038119737400141226, 'gpp_b': 0.00023891523216945453, 'gpp_d': 98.14385309773071, 'ign_k': 0.23288328640137945, 'ign_c': 0.9449966898802481, 'trop_agb_crit': 26.61756334319169, 'trop_k_veg': 3.212147197538589, 'pop_amp': 0.0011270773433299276, 'pop_peak': 0.2243927815474509, 'pop_sig': 0.7123369221542039, 'fuel_k': 0.23679542497172865, 'fuel_half': 2.5105492490649075}. Best is trial 0 with value: -0.6094076133578652.
[I 2026-08-19 17:09:50,263] Trial 416 finished with value: 0.48464954176398045 and parameters: {'k1': 0.046294819014519706, 'D_low': 6.0535980228879165, 'k2': 0.02192562011008742, 'D_high': 30029.160602609467, 'fire_exp': 4.82829757172476, 'P_half': 2.0317433858197442, 'pre_dampen_half': 0.6320527192340823, 'gpp_af': 0.0196594437016724, 'gpp_b': 1.7868291272010772e-05, 'gpp_d': 81.27352448224069, 'ign_k': 0.5909196420467886, 'ign_c': 0.17253533130340706, 'trop_agb_crit': 1.4067424760334286, 'trop_k_veg': 2.5467156430686284, 'pop_amp': 12.934205683693513, 'pop_peak': 0.7293928463001486, 'pop_sig': 1.0485699152371022, 'fuel_k': 0.14945318687738002, 'fuel_half': 1.6407280985654629}. Best is trial 0 with value: -0.6094076133578652.
[I 2026-08-19 17:09:51,833] Trial 417 finished with value: 0.5833297790813923 and parameters: {'k1': 0.00042398997158566874, 'D_low': 2958.6035619413137, 'k2': 0.000125865070202831, 'D_high': 8153835.628529754, 'fire_exp': 7.970206331073526, 'P_half': 1.206227922647638, 'pre_dampen_half': 10.628180681046546, 'gpp_af': 0.0022512581481287275, 'gpp_b': 2.0737654214861614e-05, 'gpp_d': 6.22972001821302, 'ign_k': 0.0023028736866423285, 'ign_c': 0.23965146777564908, 'trop_agb_crit': 6.834017722397804, 'trop_k_veg': 1.2054075404019071, 'pop_amp': 11.459422586266262, 'pop_peak': 42.26075424360245, 'pop_sig': 1.8703718037332973, 'fuel_k': 0.010102659437696088, 'fuel_half': 0.5740185841166883}. Best is trial 0 with value: -0.6094076133578652.
[I 2026-08-19 17:09:53,429] Trial 418 finished with value: -0.5534918688788879 and parameters: {'k1': 3.2093245253382794e-05, 'D_low': 4.865850632556995, 'k2': 0.06775672374199772, 'D_high': 827339.3467108872, 'fire_exp': 1.369068298066253, 'P_half': 87.43384526072, 'pre_dampen_half': 1.6991939179302122, 'gpp_af': 2.5338336977880935, 'gpp_b': 5.622187788823758e-05, 'gpp_d': 150.73445538651063, 'ign_k': 0.104263597606635, 'ign_c': 3.763278270054818, 'trop_agb_crit': 25.310065774226803, 'trop_k_veg': 0.7670144040593851, 'pop_amp': 0.006017024441451915, 'pop_peak': 0.20374904487391532, 'pop_sig': 1.4128938793486223, 'fuel_k': 0.0347674160399345, 'fuel_half': 1.9415635924686663}. Best is trial 0 with value: -0.6094076133578652.
[I 2026-08-19 17:09:55,001] Trial 419 finished with value: 0.4476747690057119 and parameters: {'k1': 0.04549919673046161, 'D_low': 5.379369541721093, 'k2': 0.0009045883027486901, 'D_high': 4183881.393219667, 'fire_exp': 1.7829752973984747, 'P_half': 2.8053435753042484, 'pre_dampen_half': 15.94103622718776, 'gpp_af': 0.037370480476933095, 'gpp_b': 0.0005094789762168685, 'gpp_d': 20.026049404413687, 'ign_k': 0.003007510501067049, 'ign_c': 0.11389485504231102, 'trop_agb_crit': 3.106205875939695, 'trop_k_veg': 1.7256783882550009, 'pop_amp': 2.5875325558136075, 'pop_peak': 0.328789675160172, 'pop_sig': 0.8647627861698569, 'fuel_k': 0.01700145901385852, 'fuel_half': 76.49362650235969}. Best is trial 0 with value: -0.6094076133578652.
[I 2026-08-19 17:09:56,577] Trial 420 finished with value: -0.5574625134905282 and parameters: {'k1': 0.0017131916785230472, 'D_low': 1.2825881307623945, 'k2': 0.00847097685067162, 'D_high': 7482668.229461349, 'fire_exp': 1.1634235686502956, 'P_half': 5.081908042044885, 'pre_dampen_half': 0.10390184721689628, 'gpp_af': 11.997646513049437, 'gpp_b': 0.0020725573388225144, 'gpp_d': 209.8096957601025, 'ign_k': 0.28542680988503166, 'ign_c': 0.728955370119036, 'trop_agb_crit': 11.722550683994179, 'trop_k_veg': 2.025567210176293, 'pop_amp': 0.05837769369752447, 'pop_peak': 0.5144990058663107, 'pop_sig': 1.3630120738518934, 'fuel_k': 0.7294168529027532, 'fuel_half': 40.36911158008208}. Best is trial 0 with value: -0.6094076133578652.
  trial  421/2500  best_overall=0.6094  (11.5 min)
[I 2026-08-19 17:09:58,269] Trial 421 finished with value: 0.6103997425922385 and parameters: {'k1': 0.00011051163083792184, 'D_low': 7.317473834902722, 'k2': 0.05524894243286211, 'D_high': 906206.9668317332, 'fire_exp': 1.1369177014188934, 'P_half': 64.28409326700978, 'pre_dampen_half': 106.93702071456521, 'gpp_af': 0.21358102890902772, 'gpp_b': 0.0012615263769924225, 'gpp_d': 106.02793700592458, 'ign_k': 0.2544635686491832, 'ign_c': 58.44483631979847, 'trop_agb_crit': 8.195541164525237, 'trop_k_veg': 1.6845061038647604, 'pop_amp': 0.0018880602281671221, 'pop_peak': 0.3017179029069581, 'pop_sig': 0.47082382016467267, 'fuel_k': 0.3365650618267794, 'fuel_half': 3.6373236435824805}. Best is trial 0 with value: -0.6094076133578652.
[I 2026-08-19 17:09:59,839] Trial 422 finished with value: 0.44512207365192824 and parameters: {'k1': 8.751178968829706e-05, 'D_low': 35.8294862618837, 'k2': 0.00012989223463455462, 'D_high': 1858613.0517373646, 'fire_exp': 4.372090060145664, 'P_half': 2.5670827678575145, 'pre_dampen_half': 0.1704721710697134, 'gpp_af': 0.0010195175592210982, 'gpp_b': 1.1902914413935692e-05, 'gpp_d': 0.20802771310752408, 'ign_k': 0.22745250140627774, 'ign_c': 0.12283132986176908, 'trop_agb_crit': 1.1101327442713682, 'trop_k_veg': 0.6279618499080935, 'pop_amp': 17.2299858373262, 'pop_peak': 6.147763651548816, 'pop_sig': 1.510650425299634, 'fuel_k': 0.0422310615210651, 'fuel_half': 0.4881927646717356}. Best is trial 0 with value: -0.6094076133578652.
[I 2026-08-19 17:10:01,448] Trial 423 finished with value: 0.4990424831103695 and parameters: {'k1': 0.0012127097241200506, 'D_low': 1.5800968868748366, 'k2': 0.05794313678324149, 'D_high': 6309179.33500002, 'fire_exp': 2.140819569850944, 'P_half': 49.07786571241028, 'pre_dampen_half': 0.015510067425848588, 'gpp_af': 6.72034839160408, 'gpp_b': 0.0007239048649744436, 'gpp_d': 10.178922695207811, 'ign_k': 0.8581893812617739, 'ign_c': 4.8562800095865795, 'trop_agb_crit': 7.378865086510412, 'trop_k_veg': 2.7526217562918394, 'pop_amp': 0.6179259611999527, 'pop_peak': 0.9957128590158373, 'pop_sig': 1.0838665985607292, 'fuel_k': 0.8010480387015363, 'fuel_half': 37.88592298543562}. Best is trial 0 with value: -0.6094076133578652.
[I 2026-08-19 17:10:03,018] Trial 424 finished with value: 0.4746115373240414 and parameters: {'k1': 0.0021659891700018903, 'D_low': 1.5160103241913276, 'k2': 0.001723648848175772, 'D_high': 5152881.363574679, 'fire_exp': 2.369164825837452, 'P_half': 15.42079913893121, 'pre_dampen_half': 0.03538841232506285, 'gpp_af': 6.064315005806553, 'gpp_b': 0.013040968537100742, 'gpp_d': 998.5662901075456, 'ign_k': 0.8106918743060567, 'ign_c': 0.33802785296257015, 'trop_agb_crit': 8.306017768898675, 'trop_k_veg': 2.6996317317043568, 'pop_amp': 1.147290535544253, 'pop_peak': 0.1323932174179709, 'pop_sig': 1.5247648381237855, 'fuel_k': 3.3595463773281558, 'fuel_half': 39.64494244264048}. Best is trial 0 with value: -0.6094076133578652.
[I 2026-08-19 17:10:04,576] Trial 425 finished with value: -0.5508442066181184 and parameters: {'k1': 0.0054753185493139015, 'D_low': 3.7863932939771896, 'k2': 0.0010162757048936854, 'D_high': 1610749.951648334, 'fire_exp': 1.033517136284852, 'P_half': 6.265928077717916, 'pre_dampen_half': 0.20663757894007556, 'gpp_af': 56.49016332548984, 'gpp_b': 0.03549850927509052, 'gpp_d': 19.55888027274786, 'ign_k': 0.2687407210733619, 'ign_c': 15.723988499256608, 'trop_agb_crit': 21.236781728517116, 'trop_k_veg': 3.7875790881085494, 'pop_amp': 1.4734971622260034, 'pop_peak': 0.6902716521508329, 'pop_sig': 1.7034510035651727, 'fuel_k': 0.47307378426573726, 'fuel_half': 21.344968980383456}. Best is trial 0 with value: -0.6094076133578652.
[I 2026-08-19 17:10:06,181] Trial 426 finished with value: 0.5316346418914583 and parameters: {'k1': 1.6227430307409946e-05, 'D_low': 1.8171689760245215, 'k2': 0.003835265286315069, 'D_high': 135408.10904095575, 'fire_exp': 1.1016773867484573, 'P_half': 10.532469110581971, 'pre_dampen_half': 0.07136350076500561, 'gpp_af': 0.6004418804608512, 'gpp_b': 2.626405193192825e-05, 'gpp_d': 685.9290234687265, 'ign_k': 0.31589630625107584, 'ign_c': 6.563308173992156, 'trop_agb_crit': 5.693627136819984, 'trop_k_veg': 0.5727528057140863, 'pop_amp': 0.004573603376645451, 'pop_peak': 0.4942728276165579, 'pop_sig': 0.81174303212861, 'fuel_k': 0.34668139958897964, 'fuel_half': 36.99196379035995}. Best is trial 0 with value: -0.6094076133578652.
[I 2026-08-19 17:10:07,792] Trial 427 finished with value: -0.5556048979003305 and parameters: {'k1': 0.003267326873282465, 'D_low': 5.32390074299096, 'k2': 0.018594331890296474, 'D_high': 336511.69053622655, 'fire_exp': 1.0488073593525389, 'P_half': 6.560569674450311, 'pre_dampen_half': 0.09998993199104907, 'gpp_af': 0.6373734630917612, 'gpp_b': 0.00013910554697691967, 'gpp_d': 421.4717693548509, 'ign_k': 1.279313706396334, 'ign_c': 0.3211655731512432, 'trop_agb_crit': 14.0005130659242, 'trop_k_veg': 3.2876763255570425, 'pop_amp': 0.03721423614041365, 'pop_peak': 0.5236278581768462, 'pop_sig': 0.9643332156826152, 'fuel_k': 0.33828850568342966, 'fuel_half': 31.62370415436098}. Best is trial 0 with value: -0.6094076133578652.
[I 2026-08-19 17:10:09,358] Trial 428 finished with value: 0.6348044557494653 and parameters: {'k1': 0.001618422212943931, 'D_low': 201734.56251897963, 'k2': 1.4563810997639014e-05, 'D_high': 915299.7011234171, 'fire_exp': 1.038887906209808, 'P_half': 21.089692004808782, 'pre_dampen_half': 1.4817972919203322, 'gpp_af': 0.03646154570100545, 'gpp_b': 0.002015859987079969, 'gpp_d': 211.47674147549566, 'ign_k': 0.018683774694576414, 'ign_c': 0.1872046746334334, 'trop_agb_crit': 17.34650791523734, 'trop_k_veg': 6.917525957716847, 'pop_amp': 0.05197771984528243, 'pop_peak': 296.5791833210064, 'pop_sig': 0.6969262821360828, 'fuel_k': 0.8431083430301581, 'fuel_half': 0.20913478060357965}. Best is trial 0 with value: -0.6094076133578652.
[I 2026-08-19 17:10:10,985] Trial 429 finished with value: 0.5446508485696304 and parameters: {'k1': 0.003410073836675333, 'D_low': 16.95527528325762, 'k2': 0.005172587143618772, 'D_high': 256864.73609412683, 'fire_exp': 1.479034921480285, 'P_half': 3.6448212288124666, 'pre_dampen_half': 0.01956838775643384, 'gpp_af': 0.7276831880107951, 'gpp_b': 0.046672089320537104, 'gpp_d': 135.7162578860941, 'ign_k': 2.2056486519239833, 'ign_c': 0.18358190797513915, 'trop_agb_crit': 6.145252918945558, 'trop_k_veg': 5.787689631898405, 'pop_amp': 0.010461300124810084, 'pop_peak': 2.6648783673943917, 'pop_sig': 1.366331215337332, 'fuel_k': 0.5298552086494525, 'fuel_half': 88.11999930939699}. Best is trial 0 with value: -0.6094076133578652.
[I 2026-08-19 17:10:12,538] Trial 430 finished with value: 0.5105108625791631 and parameters: {'k1': 0.019179125274648434, 'D_low': 17.204775262491953, 'k2': 0.06949101670491836, 'D_high': 152827.66552086212, 'fire_exp': 1.01276281293692, 'P_half': 13.962030520892595, 'pre_dampen_half': 0.014631739512019383, 'gpp_af': 1.0221862633336158, 'gpp_b': 0.0005872330456522404, 'gpp_d': 197.1180222444615, 'ign_k': 2.3354542197807304, 'ign_c': 0.6724076582340025, 'trop_agb_crit': 23.071776188585577, 'trop_k_veg': 6.4749069004563315, 'pop_amp': 0.00458469015650927, 'pop_peak': 6.753611210670805, 'pop_sig': 1.240230867326015, 'fuel_k': 0.1598580075984627, 'fuel_half': 14.831738529940104}. Best is trial 0 with value: -0.6094076133578652.
[I 2026-08-19 17:10:14,111] Trial 431 finished with value: 0.42875133524837594 and parameters: {'k1': 0.0006532291584762712, 'D_low': 2.508929618476133, 'k2': 0.09475670159492376, 'D_high': 7269790.226305201, 'fire_exp': 1.4814824361202787, 'P_half': 21.756131543170007, 'pre_dampen_half': 51.19509978060333, 'gpp_af': 11.605310729709279, 'gpp_b': 0.007047802833116449, 'gpp_d': 343.2686149166735, 'ign_k': 0.03337579713556824, 'ign_c': 0.35470916573987, 'trop_agb_crit': 10.458377239787952, 'trop_k_veg': 0.796578338461043, 'pop_amp': 0.05704510614864611, 'pop_peak': 0.24669823860556803, 'pop_sig': 1.380434031556889, 'fuel_k': 0.2566640534166807, 'fuel_half': 86.87792890036577}. Best is trial 0 with value: -0.6094076133578652.
[I 2026-08-19 17:10:15,703] Trial 432 finished with value: 0.5887063262190273 and parameters: {'k1': 0.015828059010255028, 'D_low': 153.66149896633758, 'k2': 0.004674033860431074, 'D_high': 4556.212267690219, 'fire_exp': 1.0063739961872964, 'P_half': 1.9038339356562028, 'pre_dampen_half': 0.37363568607464603, 'gpp_af': 8.012599578525329, 'gpp_b': 4.13217121273611e-05, 'gpp_d': 21.55971047570437, 'ign_k': 1.032020616874218, 'ign_c': 11.068006803840229, 'trop_agb_crit': 13.579805246556132, 'trop_k_veg': 4.385526807016357, 'pop_amp': 0.044456939631309964, 'pop_peak': 0.1466019671908641, 'pop_sig': 0.8305202590571884, 'fuel_k': 0.20828278401700495, 'fuel_half': 51.482758460064865}. Best is trial 0 with value: -0.6094076133578652.
[I 2026-08-19 17:10:17,253] Trial 433 finished with value: 0.5878820292326236 and parameters: {'k1': 0.0032701239687731986, 'D_low': 104.90793096508719, 'k2': 9.279267504059581e-05, 'D_high': 522381.45171723753, 'fire_exp': 2.2076094081724316, 'P_half': 1245.6359690874795, 'pre_dampen_half': 1.1329795464316021, 'gpp_af': 0.013665106831790851, 'gpp_b': 2.3827504248958998e-05, 'gpp_d': 4.858228507638822, 'ign_k': 0.40848805492451395, 'ign_c': 29.539747501073137, 'trop_agb_crit': 10.511333874849607, 'trop_k_veg': 2.9122327751743953, 'pop_amp': 0.001466537845023992, 'pop_peak': 1.504515154556902, 'pop_sig': 1.038348164107709, 'fuel_k': 2.9433791057720278, 'fuel_half': 0.8652718973688404}. Best is trial 0 with value: -0.6094076133578652.
  trial  434/2500  best_overall=0.6094  (11.9 min)
