[I 2026-08-20 01:28:36,987] Trial 2400 finished with value: -0.5806996377548601 and parameters: {'k1': 0.014839341220017462, 'D_low': 205.30037775892401, 'k2': 0.0020340884288813322, 'D_high': 616786.7846098527, 'fire_exp': 2.4940871394058646, 'P_half': 162.06168038372826, 'pre_dampen_half': 12.721459174377774, 'gpp_af': 0.0057734452145378635, 'gpp_b': 0.00025621350996755585, 'gpp_d': 348.8418513243884, 'ign_k': 4.218360961568457, 'ign_c': 7.529427575694104, 'trop_agb_crit': 9.961958292173993, 'trop_k_veg': 2.4849791531404466, 'pop_amp': 0.07347725072650162, 'pop_peak': 2.136568800206089, 'pop_sig': 1.1567815114941726}. Best is trial 1128 with value: -0.620386984093161.
[I 2026-08-20 01:28:38,753] Trial 2401 finished with value: 0.6400997666490693 and parameters: {'k1': 0.006179249879183369, 'D_low': 211666.27536146156, 'k2': 0.0005701280970608957, 'D_high': 2811329.2868176703, 'fire_exp': 4.182186980790451, 'P_half': 661.1773142900216, 'pre_dampen_half': 828.1555539822672, 'gpp_af': 0.006453653085875396, 'gpp_b': 5.025521727446359e-05, 'gpp_d': 5.031284505603109, 'ign_k': 0.24523912770789347, 'ign_c': 13.516879403638555, 'trop_agb_crit': 23.72600917138693, 'trop_k_veg': 1.3798524813802953, 'pop_amp': 0.003928801974126018, 'pop_peak': 5.824239968948187, 'pop_sig': 0.6549005476491823}. Best is trial 1128 with value: -0.620386984093161.
[I 2026-08-20 01:28:40,547] Trial 2402 finished with value: 0.5111396904922023 and parameters: {'k1': 0.0010789950227618095, 'D_low': 1526.259412561463, 'k2': 0.0036066557905867777, 'D_high': 6660478.486406474, 'fire_exp': 3.660290950040872, 'P_half': 105.80961160555019, 'pre_dampen_half': 38.08482475313635, 'gpp_af': 0.19344129358920537, 'gpp_b': 0.00570920978364585, 'gpp_d': 38.86458014159873, 'ign_k': 0.16622835677280035, 'ign_c': 0.4689589755086648, 'trop_agb_crit': 5.147762257919898, 'trop_k_veg': 3.623690637091402, 'pop_amp': 3.4848077670043853, 'pop_peak': 0.3617840966513336, 'pop_sig': 2.2566691448033627}. Best is trial 1128 with value: -0.620386984093161.
[I 2026-08-20 01:28:42,289] Trial 2403 finished with value: -0.5429885390161294 and parameters: {'k1': 0.0031680981215202113, 'D_low': 656.9540883109223, 'k2': 0.002787185124212052, 'D_high': 3915813.2923851446, 'fire_exp': 1.1421521746140644, 'P_half': 115.60820572871141, 'pre_dampen_half': 510.61149029622413, 'gpp_af': 0.20183692510475212, 'gpp_b': 0.0018759025180270803, 'gpp_d': 45.680454524612934, 'ign_k': 5.652218265540474, 'ign_c': 26.50575202790726, 'trop_agb_crit': 25.43897288624932, 'trop_k_veg': 1.1744486748194256, 'pop_amp': 0.0042208746985033215, 'pop_peak': 14.819822331647723, 'pop_sig': 0.6095130523931958}. Best is trial 1128 with value: -0.620386984093161.
[I 2026-08-20 01:28:44,020] Trial 2404 finished with value: 0.4188623576381416 and parameters: {'k1': 3.251287495924861e-05, 'D_low': 2.6111125260251318, 'k2': 0.004120205554435271, 'D_high': 1738571.3161702806, 'fire_exp': 2.598353711451049, 'P_half': 164.99140037856247, 'pre_dampen_half': 1.7846793269448176, 'gpp_af': 0.43479793421339685, 'gpp_b': 6.199723619113766e-05, 'gpp_d': 252.72017139142244, 'ign_k': 0.15074492231428824, 'ign_c': 1.8868668080725215, 'trop_agb_crit': 5.07513027836796, 'trop_k_veg': 1.5748180369759883, 'pop_amp': 4.601970821938293, 'pop_peak': 8.832462623112988, 'pop_sig': 1.8767575226999336}. Best is trial 1128 with value: -0.620386984093161.
[I 2026-08-20 01:28:46,335] Trial 2405 finished with value: 0.5207104248618003 and parameters: {'k1': 0.00031166217030517885, 'D_low': 641.9730365602226, 'k2': 0.0025376380386137078, 'D_high': 16030.769561154177, 'fire_exp': 1.134341318101766, 'P_half': 1.2560987892625903, 'pre_dampen_half': 1.2020278331107914, 'gpp_af': 0.02544861978671283, 'gpp_b': 0.00042611242497025124, 'gpp_d': 16.390804196154296, 'ign_k': 0.6745703917254811, 'ign_c': 5.649350834356375, 'trop_agb_crit': 5.145643702324109, 'trop_k_veg': 3.183644537794325, 'pop_amp': 0.5614191558612288, 'pop_peak': 0.2841952079344688, 'pop_sig': 0.39535779307291785}. Best is trial 1128 with value: -0.620386984093161.
[I 2026-08-20 01:28:48,053] Trial 2406 finished with value: 0.5868880336869624 and parameters: {'k1': 1.2800533434638166e-05, 'D_low': 1996.8525421953955, 'k2': 0.005650876538482874, 'D_high': 1322824.41092959, 'fire_exp': 5.031666817430059, 'P_half': 5.812820569358788, 'pre_dampen_half': 14.884991607626048, 'gpp_af': 0.9323421585603867, 'gpp_b': 0.23517763407343034, 'gpp_d': 638.1709754015592, 'ign_k': 0.016147611653809072, 'ign_c': 1.310920454488269, 'trop_agb_crit': 19.23089906218277, 'trop_k_veg': 0.7196211580099089, 'pop_amp': 0.05804383318874575, 'pop_peak': 59.71153919590573, 'pop_sig': 0.4713306905620326}. Best is trial 1128 with value: -0.620386984093161.
[I 2026-08-20 01:28:49,749] Trial 2407 finished with value: -0.5501162077009799 and parameters: {'k1': 4.49989035134033e-05, 'D_low': 56.70032242767966, 'k2': 0.009165800358350528, 'D_high': 557412.1729858753, 'fire_exp': 2.0199757815934216, 'P_half': 572.5622920269932, 'pre_dampen_half': 7.82445321939993, 'gpp_af': 0.0014770740091747602, 'gpp_b': 0.0004518856849132164, 'gpp_d': 0.3790113043796812, 'ign_k': 2.2388192892811336, 'ign_c': 0.1040067989150169, 'trop_agb_crit': 1.4925952231658344, 'trop_k_veg': 5.778224873374172, 'pop_amp': 4.38726562276397, 'pop_peak': 0.8740204363214019, 'pop_sig': 2.2557546671117463}. Best is trial 1128 with value: -0.620386984093161.
[I 2026-08-20 01:28:51,437] Trial 2408 finished with value: 0.5035969984043005 and parameters: {'k1': 0.0019190763383519927, 'D_low': 275.5639639986749, 'k2': 0.0010902941495474028, 'D_high': 234404.15859938043, 'fire_exp': 3.1940667000124225, 'P_half': 47.32086540242571, 'pre_dampen_half': 1.0911768821419587, 'gpp_af': 0.002422529041084868, 'gpp_b': 0.00019874649326057214, 'gpp_d': 357.3128676032714, 'ign_k': 8.201059885598456, 'ign_c': 12.171198837218515, 'trop_agb_crit': 26.92416864597127, 'trop_k_veg': 1.6490290287047633, 'pop_amp': 0.0011551383165489223, 'pop_peak': 0.22939710442671288, 'pop_sig': 0.3230185498240422}. Best is trial 1128 with value: -0.620386984093161.
[I 2026-08-20 01:28:53,126] Trial 2409 finished with value: 0.6065466036449638 and parameters: {'k1': 0.00049390855461398, 'D_low': 55155.2145136608, 'k2': 0.003969702618315334, 'D_high': 5316830.464101895, 'fire_exp': 4.044500118131365, 'P_half': 622.9212886772383, 'pre_dampen_half': 1.8766770220976225, 'gpp_af': 43.304715917467846, 'gpp_b': 0.0007039200266909895, 'gpp_d': 70.62487717657245, 'ign_k': 0.2790669484519163, 'ign_c': 0.7838903489536396, 'trop_agb_crit': 3.6748054570551583, 'trop_k_veg': 3.019492790679677, 'pop_amp': 2.769899624377129, 'pop_peak': 0.22150394352844407, 'pop_sig': 1.2883718046196626}. Best is trial 1128 with value: -0.620386984093161.
[I 2026-08-20 01:28:54,880] Trial 2410 finished with value: 0.6336719864232222 and parameters: {'k1': 1.784479752482398e-05, 'D_low': 67.18686831760829, 'k2': 0.00015216080898155542, 'D_high': 3258.140288373618, 'fire_exp': 1.1239509652208493, 'P_half': 4220.213143912269, 'pre_dampen_half': 25.89258690559512, 'gpp_af': 20.859796402187303, 'gpp_b': 0.0001657874884564715, 'gpp_d': 0.06889331478686003, 'ign_k': 0.13006762060088015, 'ign_c': 15.619784775950464, 'trop_agb_crit': 6.712095159977959, 'trop_k_veg': 1.2133683486662241, 'pop_amp': 8.938893079711372, 'pop_peak': 0.05309423469442818, 'pop_sig': 1.329259311463382}. Best is trial 1128 with value: -0.620386984093161.
[I 2026-08-20 01:28:56,652] Trial 2411 finished with value: 0.6445374145881376 and parameters: {'k1': 2.664073690720406e-05, 'D_low': 517010.40417280525, 'k2': 0.0007838821220373953, 'D_high': 31863.351897398567, 'fire_exp': 8.746685290126303, 'P_half': 13.330913248295543, 'pre_dampen_half': 510.72980615090125, 'gpp_af': 0.0065590649439242095, 'gpp_b': 0.004395025877251535, 'gpp_d': 15.411899085924318, 'ign_k': 0.05369292764543821, 'ign_c': 0.6019905154327717, 'trop_agb_crit': 4.0419258326836625, 'trop_k_veg': 0.863797884816433, 'pop_amp': 0.016023217386220128, 'pop_peak': 7.194657480432535, 'pop_sig': 1.1055295851514066}. Best is trial 1128 with value: -0.620386984093161.
[I 2026-08-20 01:28:58,405] Trial 2412 finished with value: 0.4463840234724403 and parameters: {'k1': 0.001565202937718626, 'D_low': 1.5260632832654504, 'k2': 0.003731386591770864, 'D_high': 7162717.598356872, 'fire_exp': 1.9258188138236803, 'P_half': 4.869048351773408, 'pre_dampen_half': 7.550361830350331, 'gpp_af': 0.021537880134514124, 'gpp_b': 3.624487651390583e-05, 'gpp_d': 466.1983189001392, 'ign_k': 2.48871788399327, 'ign_c': 4.605272174051042, 'trop_agb_crit': 3.605904199947904, 'trop_k_veg': 4.910518926219052, 'pop_amp': 0.48317162762388227, 'pop_peak': 8.861709941688222, 'pop_sig': 0.3637495305328627}. Best is trial 1128 with value: -0.620386984093161.
[I 2026-08-20 01:29:00,110] Trial 2413 finished with value: 0.4202872931895488 and parameters: {'k1': 0.00038806316633336094, 'D_low': 13.136596338906392, 'k2': 0.03534939381521346, 'D_high': 4511163.788455516, 'fire_exp': 1.3458890618126544, 'P_half': 5.461176437607401, 'pre_dampen_half': 9.596493392129409, 'gpp_af': 0.001128705062393477, 'gpp_b': 6.0926440282033575e-05, 'gpp_d': 16.78104878424503, 'ign_k': 0.853540065946903, 'ign_c': 8.711010792227752, 'trop_agb_crit': 1.290866377078307, 'trop_k_veg': 4.39235695785559, 'pop_amp': 0.0010927748807830684, 'pop_peak': 0.35129084857600934, 'pop_sig': 0.5578890733405812}. Best is trial 1128 with value: -0.620386984093161.
[I 2026-08-20 01:29:01,831] Trial 2414 finished with value: 0.5249511328269078 and parameters: {'k1': 3.553887470702716e-05, 'D_low': 610.0262425265876, 'k2': 0.0009491522629364464, 'D_high': 202069.7128662225, 'fire_exp': 1.218132587716056, 'P_half': 1.5047983248267816, 'pre_dampen_half': 0.5297735032355552, 'gpp_af': 0.0013885164235863455, 'gpp_b': 0.0006492103556021609, 'gpp_d': 979.4410343920753, 'ign_k': 7.443815039359366, 'ign_c': 8.370173437057927, 'trop_agb_crit': 1.809981662639293, 'trop_k_veg': 5.528842105314344, 'pop_amp': 2.285188567948173, 'pop_peak': 0.7126399982651471, 'pop_sig': 0.3484253012859397}. Best is trial 1128 with value: -0.620386984093161.
[I 2026-08-20 01:29:03,509] Trial 2415 finished with value: -0.5655591322131105 and parameters: {'k1': 0.0004209304137017049, 'D_low': 398.72892207555674, 'k2': 0.010086475354786944, 'D_high': 714317.3757593068, 'fire_exp': 2.2471592650954175, 'P_half': 1.218641716990375, 'pre_dampen_half': 1.1197094269488193, 'gpp_af': 0.014983177761813215, 'gpp_b': 5.3504402735152486e-05, 'gpp_d': 399.82905289496347, 'ign_k': 1.706544647462624, 'ign_c': 3.13650486337491, 'trop_agb_crit': 2.5044901152293106, 'trop_k_veg': 1.4190661970176153, 'pop_amp': 0.0010828209999602227, 'pop_peak': 0.6576508495649604, 'pop_sig': 0.2507046770741254}. Best is trial 1128 with value: -0.620386984093161.
[I 2026-08-20 01:29:05,213] Trial 2416 finished with value: 0.6445374145881376 and parameters: {'k1': 0.0005866854421472837, 'D_low': 81.36593178393075, 'k2': 0.0048694548055310885, 'D_high': 6878631.624403933, 'fire_exp': 1.5964641329296487, 'P_half': 6.0949172071752615, 'pre_dampen_half': 36.83633776379789, 'gpp_af': 0.005799720064160255, 'gpp_b': 0.0005185224262661052, 'gpp_d': 316.58532453706607, 'ign_k': 8.607407025792586, 'ign_c': 503.8250399102756, 'trop_agb_crit': 4.214778464690577, 'trop_k_veg': 6.929946192288456, 'pop_amp': 1.9170311623235188, 'pop_peak': 0.2312066226493698, 'pop_sig': 0.29789984973680617}. Best is trial 1128 with value: -0.620386984093161.
[I 2026-08-20 01:29:07,591] Trial 2417 finished with value: 0.5855877713600761 and parameters: {'k1': 0.00027185880281146134, 'D_low': 12.122319599971393, 'k2': 0.0006136683970216304, 'D_high': 1448043.4952908505, 'fire_exp': 1.4536601842379382, 'P_half': 4792.06525431759, 'pre_dampen_half': 127.47899185773845, 'gpp_af': 46.31671319715765, 'gpp_b': 0.004722066175061901, 'gpp_d': 9.329168352457517, 'ign_k': 0.10826003884898666, 'ign_c': 0.1035369249817367, 'trop_agb_crit': 16.808576787194106, 'trop_k_veg': 2.923788790365786, 'pop_amp': 3.511632514313502, 'pop_peak': 6.544674231340598, 'pop_sig': 1.0839346961062215}. Best is trial 1128 with value: -0.620386984093161.
[I 2026-08-20 01:29:09,275] Trial 2418 finished with value: 0.6445374145881376 and parameters: {'k1': 5.604826161419567e-05, 'D_low': 1951.1028657667428, 'k2': 0.00046207508963880343, 'D_high': 3646111.4278337006, 'fire_exp': 1.4460961895115023, 'P_half': 12.687067236487342, 'pre_dampen_half': 1.7725648587097207, 'gpp_af': 0.008993740526968821, 'gpp_b': 0.0005124998940925367, 'gpp_d': 529.5626139267576, 'ign_k': 7.760796422820997, 'ign_c': 131.05509747666707, 'trop_agb_crit': 5.052633184908323, 'trop_k_veg': 1.5038885403993332, 'pop_amp': 0.0011452695740133089, 'pop_peak': 0.5820966697223323, 'pop_sig': 0.2512475170051563}. Best is trial 1128 with value: -0.620386984093161.
[I 2026-08-20 01:29:10,962] Trial 2419 finished with value: 0.44899539704582725 and parameters: {'k1': 1.2196461224119382e-05, 'D_low': 6661.038015417391, 'k2': 0.0002513709289215593, 'D_high': 5237695.268100911, 'fire_exp': 1.2388148307416658, 'P_half': 416.0609269102014, 'pre_dampen_half': 11.769610074306215, 'gpp_af': 0.011032746893025592, 'gpp_b': 5.3206581116179386e-05, 'gpp_d': 42.1362421996939, 'ign_k': 0.4565628617109565, 'ign_c': 7.165626941607014, 'trop_agb_crit': 21.541946677747383, 'trop_k_veg': 3.9156537808298735, 'pop_amp': 0.0010220567960671106, 'pop_peak': 19.193173340308118, 'pop_sig': 0.6774409845713435}. Best is trial 1128 with value: -0.620386984093161.
[I 2026-08-20 01:29:12,709] Trial 2420 finished with value: 0.5808164466829505 and parameters: {'k1': 0.0005522407686605513, 'D_low': 1168.9507582755134, 'k2': 4.737004176032044e-05, 'D_high': 2524127.0297341896, 'fire_exp': 1.4638754710665318, 'P_half': 41.75958160255196, 'pre_dampen_half': 3.6766780574169853, 'gpp_af': 0.0011658681893564555, 'gpp_b': 4.2326709274296604e-05, 'gpp_d': 30.51674441503922, 'ign_k': 0.06364063579497062, 'ign_c': 105.00753538521587, 'trop_agb_crit': 26.22632222277105, 'trop_k_veg': 1.748574626473586, 'pop_amp': 0.0010975846952370027, 'pop_peak': 152.06252447567934, 'pop_sig': 0.8804720578252124}. Best is trial 1128 with value: -0.620386984093161.
[I 2026-08-20 01:29:14,464] Trial 2421 finished with value: 0.5803534838502593 and parameters: {'k1': 0.013805072664712868, 'D_low': 337.4111354685614, 'k2': 0.0006552784634265454, 'D_high': 369138.6816267144, 'fire_exp': 3.2708240102292896, 'P_half': 77.87170760505524, 'pre_dampen_half': 0.8419237778319331, 'gpp_af': 0.004294717611873199, 'gpp_b': 3.757378900340256e-05, 'gpp_d': 392.23793104619506, 'ign_k': 0.11748935104598232, 'ign_c': 43.36542510478919, 'trop_agb_crit': 7.651689106491731, 'trop_k_veg': 3.9575374196555786, 'pop_amp': 0.0019889820947766564, 'pop_peak': 11.904158389275239, 'pop_sig': 0.8831281506669848}. Best is trial 1128 with value: -0.620386984093161.
[I 2026-08-20 01:29:16,152] Trial 2422 finished with value: -0.5280079746168272 and parameters: {'k1': 0.00013827358844175814, 'D_low': 12.063546147922825, 'k2': 0.00046031160066165066, 'D_high': 6935934.137077103, 'fire_exp': 2.794768289088475, 'P_half': 18.89895196376167, 'pre_dampen_half': 0.043890456200453586, 'gpp_af': 0.02981452741476181, 'gpp_b': 2.0340543028283992e-05, 'gpp_d': 647.9755766722411, 'ign_k': 0.6084705407472062, 'ign_c': 0.7361776014824, 'trop_agb_crit': 1.7697640701180604, 'trop_k_veg': 5.712747709842523, 'pop_amp': 11.961906482242885, 'pop_peak': 18.065937191667313, 'pop_sig': 0.3699010456523249}. Best is trial 1128 with value: -0.620386984093161.
[I 2026-08-20 01:29:17,842] Trial 2423 finished with value: 0.5981673002508618 and parameters: {'k1': 0.006773927678645133, 'D_low': 27.867918860408068, 'k2': 0.00017774164077570718, 'D_high': 38.51611177507113, 'fire_exp': 1.3624809336531432, 'P_half': 24.29780468732029, 'pre_dampen_half': 0.010665146877328871, 'gpp_af': 0.0012418439821392615, 'gpp_b': 0.0038889699571443706, 'gpp_d': 1.5114491966395929, 'ign_k': 0.0010715973637583926, 'ign_c': 774.2822999566126, 'trop_agb_crit': 2.565712151076874, 'trop_k_veg': 1.0157282688535625, 'pop_amp': 0.0041834500953100255, 'pop_peak': 342.00889807891815, 'pop_sig': 0.28672122888937446}. Best is trial 1128 with value: -0.620386984093161.
[I 2026-08-20 01:29:19,633] Trial 2424 finished with value: 0.6374194456518733 and parameters: {'k1': 0.001405067259791207, 'D_low': 4643.719575136373, 'k2': 1.1736112960605312e-05, 'D_high': 1378458.629658375, 'fire_exp': 2.901270305541368, 'P_half': 7596.91409015948, 'pre_dampen_half': 61.34864484394855, 'gpp_af': 98.4747301664097, 'gpp_b': 0.03788286463726624, 'gpp_d': 0.964134797620879, 'ign_k': 4.256540029238592, 'ign_c': 3.9888976632260924, 'trop_agb_crit': 4.4868859669535475, 'trop_k_veg': 6.481686715920863, 'pop_amp': 0.03093275388521095, 'pop_peak': 0.7455581680609694, 'pop_sig': 0.3466960783469052}. Best is trial 1128 with value: -0.620386984093161.
[I 2026-08-20 01:29:21,361] Trial 2425 finished with value: -0.555972811513852 and parameters: {'k1': 0.00012500653460410514, 'D_low': 48.3754410899399, 'k2': 0.0019391546291004052, 'D_high': 142309.38912022457, 'fire_exp': 3.4457517497277053, 'P_half': 199.48729447845224, 'pre_dampen_half': 0.15310176136659143, 'gpp_af': 0.10167444417849045, 'gpp_b': 1.0038893961107542e-05, 'gpp_d': 862.5634144384658, 'ign_k': 0.1328530774623408, 'ign_c': 0.3612777821672932, 'trop_agb_crit': 17.000580036785973, 'trop_k_veg': 0.8011741414942641, 'pop_amp': 13.167557898066493, 'pop_peak': 4.76680360840554, 'pop_sig': 1.640483122608019}. Best is trial 1128 with value: -0.620386984093161.
[I 2026-08-20 01:29:23,124] Trial 2426 finished with value: 0.6006724001629589 and parameters: {'k1': 1.3191632753494321e-05, 'D_low': 3031.2073688157134, 'k2': 0.0004801220890716452, 'D_high': 4850.100668103354, 'fire_exp': 2.414935083135779, 'P_half': 31.88578177152542, 'pre_dampen_half': 0.013605210403485973, 'gpp_af': 0.10819732624671707, 'gpp_b': 9.814597468356048e-05, 'gpp_d': 0.02539832546396271, 'ign_k': 0.11325563271197574, 'ign_c': 0.5940068285812216, 'trop_agb_crit': 2.4387383451623057, 'trop_k_veg': 5.5828086136174715, 'pop_amp': 0.02056169643486173, 'pop_peak': 620.7358514561666, 'pop_sig': 0.2764169097499788}. Best is trial 1128 with value: -0.620386984093161.
[I 2026-08-20 01:29:24,838] Trial 2427 finished with value: 0.5827222380148304 and parameters: {'k1': 0.0004818903263803535, 'D_low': 490.1149481243366, 'k2': 0.001256649002430437, 'D_high': 313501.2260945723, 'fire_exp': 4.1576048858014, 'P_half': 1087.27974466123, 'pre_dampen_half': 10.420810653800881, 'gpp_af': 1.2497225456470276, 'gpp_b': 0.004164271964732311, 'gpp_d': 22.067634045856202, 'ign_k': 0.03140920624367637, 'ign_c': 0.22180033765590218, 'trop_agb_crit': 9.583775964864218, 'trop_k_veg': 2.909460494904744, 'pop_amp': 0.9867265353658184, 'pop_peak': 0.1510885642623368, 'pop_sig': 1.0580524519106946}. Best is trial 1128 with value: -0.620386984093161.
[I 2026-08-20 01:29:26,582] Trial 2428 finished with value: 0.4027417689525208 and parameters: {'k1': 0.00025798793712884885, 'D_low': 15.3256214004656, 'k2': 0.001987516177856581, 'D_high': 3193002.8933458733, 'fire_exp': 3.1797922579760973, 'P_half': 203.93562501730133, 'pre_dampen_half': 20.875292391771513, 'gpp_af': 0.20367460206084798, 'gpp_b': 6.492836515827574e-05, 'gpp_d': 4.865668893176829, 'ign_k': 0.48121314066052223, 'ign_c': 0.7424161419813322, 'trop_agb_crit': 9.998483969469632, 'trop_k_veg': 1.0455632446817436, 'pop_amp': 1.3977554359411044, 'pop_peak': 11.325896957086709, 'pop_sig': 2.4526541476778965}. Best is trial 1128 with value: -0.620386984093161.
[I 2026-08-20 01:29:29,010] Trial 2429 finished with value: 0.6445374145881376 and parameters: {'k1': 0.01680205411243191, 'D_low': 403675.47587099014, 'k2': 8.790209154268368e-05, 'D_high': 8582.285757280706, 'fire_exp': 6.777960621139613, 'P_half': 2.367699847843759, 'pre_dampen_half': 654.9331247082325, 'gpp_af': 25.44799162494793, 'gpp_b': 1.0746878636739635e-05, 'gpp_d': 94.1542949154055, 'ign_k': 0.061033112247525306, 'ign_c': 15.103491718792649, 'trop_agb_crit': 16.83120397215849, 'trop_k_veg': 0.901180373961958, 'pop_amp': 5.157887786284402, 'pop_peak': 0.21882254597326417, 'pop_sig': 0.58545125644455}. Best is trial 1128 with value: -0.620386984093161.
[I 2026-08-20 01:29:30,722] Trial 2430 finished with value: 0.51731224058278 and parameters: {'k1': 0.0006264165543702233, 'D_low': 44174.78931571687, 'k2': 0.0004680690747688822, 'D_high': 802722.4235030458, 'fire_exp': 1.7294131557282104, 'P_half': 7.1990390839082075, 'pre_dampen_half': 1.456194516765448, 'gpp_af': 0.7385772042646722, 'gpp_b': 0.0012112018396410068, 'gpp_d': 233.7975698650626, 'ign_k': 4.856712189370177, 'ign_c': 4.294164458476391, 'trop_agb_crit': 14.009103287521155, 'trop_k_veg': 4.7717460158639815, 'pop_amp': 0.0022560038843103757, 'pop_peak': 1.0027652586376339, 'pop_sig': 0.44057364962543283}. Best is trial 1128 with value: -0.620386984093161.
[I 2026-08-20 01:29:32,434] Trial 2431 finished with value: 0.4503704988928844 and parameters: {'k1': 0.008654736785411593, 'D_low': 107.18353825041557, 'k2': 0.002678844287626317, 'D_high': 177708.55086712757, 'fire_exp': 1.188024234540255, 'P_half': 66.15541929507819, 'pre_dampen_half': 33.73218594095618, 'gpp_af': 0.0338791867166538, 'gpp_b': 1.1832089623118505e-05, 'gpp_d': 0.23225953857578854, 'ign_k': 2.3979415062991216, 'ign_c': 14.61697640192147, 'trop_agb_crit': 21.60031880082663, 'trop_k_veg': 2.6592218015721594, 'pop_amp': 0.011103138755731136, 'pop_peak': 1.1292577115215245, 'pop_sig': 0.47138586324457876}. Best is trial 1128 with value: -0.620386984093161.
