[I 2026-08-20 01:23:27,483] Trial 2240 finished with value: 0.635913702845825 and parameters: {'k1': 0.0004736748142700797, 'D_low': 2.326927962161144, 'k2': 0.044043514345647156, 'D_high': 102063.20400473685, 'fire_exp': 6.066858192923433, 'P_half': 53.15408401182439, 'pre_dampen_half': 0.1349319326962964, 'gpp_af': 0.0057705093695305425, 'gpp_b': 0.0003795932363053031, 'gpp_d': 6.529532393301351, 'ign_k': 0.2066854272134854, 'ign_c': 54.04376277245376, 'trop_agb_crit': 10.120452656044788, 'trop_k_veg': 1.1949145996938813, 'pop_amp': 12.005319264703438, 'pop_peak': 12.517176901072638, 'pop_sig': 1.354789959246804}. Best is trial 1128 with value: -0.620386984093161.
[I 2026-08-20 01:23:29,564] Trial 2241 finished with value: 0.4615277168240126 and parameters: {'k1': 7.094789491808114e-05, 'D_low': 1.7697029267361686, 'k2': 0.0009416550989677616, 'D_high': 334790.69685168884, 'fire_exp': 3.05894265909712, 'P_half': 19.55908979812499, 'pre_dampen_half': 58.89358213964246, 'gpp_af': 0.01911478805995212, 'gpp_b': 1.0786363201056178e-05, 'gpp_d': 760.8130805888522, 'ign_k': 1.7305286000814142, 'ign_c': 2.38907549968887, 'trop_agb_crit': 1.0593007372573175, 'trop_k_veg': 7.138066523387426, 'pop_amp': 0.7435464300775539, 'pop_peak': 17.03447271728279, 'pop_sig': 0.3180478720331993}. Best is trial 1128 with value: -0.620386984093161.
[I 2026-08-20 01:23:32,033] Trial 2242 finished with value: 0.44577951036529917 and parameters: {'k1': 0.00019031867663979953, 'D_low': 2.361619202851989, 'k2': 0.00044067253647139267, 'D_high': 3229495.934891641, 'fire_exp': 1.6318375081056031, 'P_half': 11.550489828328507, 'pre_dampen_half': 21.633112611928862, 'gpp_af': 0.006325712239449653, 'gpp_b': 6.245098967265917e-05, 'gpp_d': 768.2080064709983, 'ign_k': 4.582624402504494, 'ign_c': 1.2761940531264786, 'trop_agb_crit': 2.555797785316118, 'trop_k_veg': 3.80985152862915, 'pop_amp': 0.3672732758092808, 'pop_peak': 0.3830458599720706, 'pop_sig': 0.6314928598000649}. Best is trial 1128 with value: -0.620386984093161.
[I 2026-08-20 01:23:33,993] Trial 2243 finished with value: 0.44784357864387814 and parameters: {'k1': 0.0002855764993942782, 'D_low': 17.98727071937938, 'k2': 0.0007680755761927895, 'D_high': 334371.9430308963, 'fire_exp': 2.2590819556285284, 'P_half': 2.635355643365223, 'pre_dampen_half': 1.547764474496684, 'gpp_af': 0.4049969719197508, 'gpp_b': 0.00017541731107461697, 'gpp_d': 60.37269291195444, 'ign_k': 0.18810292372148327, 'ign_c': 0.8100367903104856, 'trop_agb_crit': 8.955414115152088, 'trop_k_veg': 1.136669437256666, 'pop_amp': 1.3427582402377736, 'pop_peak': 1.6255831436418158, 'pop_sig': 2.491016811492402}. Best is trial 1128 with value: -0.620386984093161.
[I 2026-08-20 01:23:35,685] Trial 2244 finished with value: 0.6445374145881376 and parameters: {'k1': 0.0006686138888426844, 'D_low': 26.386818364287652, 'k2': 0.0001006919335863527, 'D_high': 8895754.219248345, 'fire_exp': 4.848267155565369, 'P_half': 30.457025650205395, 'pre_dampen_half': 0.6186585100109544, 'gpp_af': 0.9538828368932827, 'gpp_b': 0.09292157383958068, 'gpp_d': 21.180709285001306, 'ign_k': 7.896064084777633, 'ign_c': 49.350578911641115, 'trop_agb_crit': 1.776594389124298, 'trop_k_veg': 5.795810526780818, 'pop_amp': 1.0218661807213438, 'pop_peak': 749.0830552951807, 'pop_sig': 0.29508925551594367}. Best is trial 1128 with value: -0.620386984093161.
[I 2026-08-20 01:23:37,350] Trial 2245 finished with value: 0.6445374145881376 and parameters: {'k1': 0.0022154258516547515, 'D_low': 342888.8729912105, 'k2': 0.0037120546056757958, 'D_high': 539091.7451152673, 'fire_exp': 7.894219209601714, 'P_half': 5.302272717340497, 'pre_dampen_half': 897.9732911418299, 'gpp_af': 0.21959047311882646, 'gpp_b': 0.8088606679287149, 'gpp_d': 0.026817309947791367, 'ign_k': 0.00696193115195947, 'ign_c': 95.37777673008922, 'trop_agb_crit': 6.685343635464305, 'trop_k_veg': 5.52996054107713, 'pop_amp': 0.03425364229866, 'pop_peak': 19.341449208534627, 'pop_sig': 1.263333018359691}. Best is trial 1128 with value: -0.620386984093161.
[I 2026-08-20 01:23:39,189] Trial 2246 finished with value: -0.541654569847964 and parameters: {'k1': 0.007133525945501655, 'D_low': 58.047440233490796, 'k2': 0.0002636694309812314, 'D_high': 5746290.338074846, 'fire_exp': 2.6349671765114384, 'P_half': 6.474825513163419, 'pre_dampen_half': 23.180442925473066, 'gpp_af': 0.0014207472486114313, 'gpp_b': 0.00046144100077397034, 'gpp_d': 28.034180166864573, 'ign_k': 9.630792070029328, 'ign_c': 1.290996612528617, 'trop_agb_crit': 2.7239834085230834, 'trop_k_veg': 3.188506836884306, 'pop_amp': 0.30796412590931693, 'pop_peak': 86.37542837458186, 'pop_sig': 0.39451969330901887}. Best is trial 1128 with value: -0.620386984093161.
[I 2026-08-20 01:23:41,690] Trial 2247 finished with value: 0.4121364277677434 and parameters: {'k1': 0.0027122871335017776, 'D_low': 2.7981323727473257, 'k2': 0.006338249821955243, 'D_high': 6524776.264762654, 'fire_exp': 2.4451549241213977, 'P_half': 1.723046373900938, 'pre_dampen_half': 6.3854557263033715, 'gpp_af': 0.002044745221516523, 'gpp_b': 1.4116183972252812e-05, 'gpp_d': 565.8377509873101, 'ign_k': 6.6290858278777565, 'ign_c': 22.390492409191843, 'trop_agb_crit': 11.063462569253703, 'trop_k_veg': 7.715981388052232, 'pop_amp': 0.002695567302521726, 'pop_peak': 6.307614959847148, 'pop_sig': 0.6443327859770496}. Best is trial 1128 with value: -0.620386984093161.
[I 2026-08-20 01:23:43,649] Trial 2248 finished with value: 0.43072788170645204 and parameters: {'k1': 0.037601816405615315, 'D_low': 94.60482587889614, 'k2': 9.345544666898548e-05, 'D_high': 5427427.47006559, 'fire_exp': 1.0014089677749631, 'P_half': 14.013158620404706, 'pre_dampen_half': 11.335362083743176, 'gpp_af': 0.04567440773117443, 'gpp_b': 0.0025595817140882764, 'gpp_d': 712.8966037170051, 'ign_k': 3.46357859348926, 'ign_c': 11.053039192494628, 'trop_agb_crit': 3.9570699088529806, 'trop_k_veg': 1.341349229123357, 'pop_amp': 0.0010172079477904813, 'pop_peak': 29.47498983951174, 'pop_sig': 0.5561013962090152}. Best is trial 1128 with value: -0.620386984093161.
[I 2026-08-20 01:23:45,725] Trial 2249 finished with value: -0.5455505337623375 and parameters: {'k1': 0.007168109492918805, 'D_low': 16376.939408801782, 'k2': 0.00020793902399856586, 'D_high': 5815011.972834231, 'fire_exp': 1.2740890943717593, 'P_half': 186.4047586277245, 'pre_dampen_half': 5.955458390352015, 'gpp_af': 0.008335485420553486, 'gpp_b': 4.880353181360052e-05, 'gpp_d': 1.0481144186595515, 'ign_k': 2.0506724917780565, 'ign_c': 2.605548908379096, 'trop_agb_crit': 24.27942306531651, 'trop_k_veg': 2.2440671109044676, 'pop_amp': 0.00430925826876052, 'pop_peak': 78.61956579974793, 'pop_sig': 0.6848425905415134}. Best is trial 1128 with value: -0.620386984093161.
[I 2026-08-20 01:23:48,042] Trial 2250 finished with value: 0.46559825388658316 and parameters: {'k1': 7.563430852702362e-05, 'D_low': 8.75120007950914, 'k2': 1.6637348970737622e-05, 'D_high': 418802.50990877714, 'fire_exp': 2.3824568690191024, 'P_half': 14.013602593506635, 'pre_dampen_half': 1.5294677099917997, 'gpp_af': 0.032578166659512776, 'gpp_b': 3.5317600140306565e-05, 'gpp_d': 25.89928553756283, 'ign_k': 3.847192282479602, 'ign_c': 10.782454035883715, 'trop_agb_crit': 15.237958542061236, 'trop_k_veg': 0.7589419147638394, 'pop_amp': 0.001327782099955066, 'pop_peak': 9.429322760707324, 'pop_sig': 0.3450026764031394}. Best is trial 1128 with value: -0.620386984093161.
[I 2026-08-20 01:23:49,847] Trial 2251 finished with value: -0.5834362467564469 and parameters: {'k1': 0.00024751240605710073, 'D_low': 10.00161640734008, 'k2': 0.010549538252014845, 'D_high': 2687991.295082945, 'fire_exp': 2.8119306909443043, 'P_half': 8.633044894806906, 'pre_dampen_half': 25.343396768379232, 'gpp_af': 0.2557896656497425, 'gpp_b': 0.024049261596309043, 'gpp_d': 245.93117767281177, 'ign_k': 6.328842192354964, 'ign_c': 18.74253419647997, 'trop_agb_crit': 2.062090312822085, 'trop_k_veg': 3.2107772388218185, 'pop_amp': 1.4057713956919304, 'pop_peak': 33.91961440886006, 'pop_sig': 0.3757481564006582}. Best is trial 1128 with value: -0.620386984093161.
[I 2026-08-20 01:23:51,617] Trial 2252 finished with value: 0.4145019457507606 and parameters: {'k1': 0.0009063194488741118, 'D_low': 809.2665034160525, 'k2': 0.0008373718532326609, 'D_high': 1683423.1389035895, 'fire_exp': 3.5027896734391546, 'P_half': 32.002289857227, 'pre_dampen_half': 31.307527444240236, 'gpp_af': 0.013833349715388963, 'gpp_b': 1.7459303796604606e-05, 'gpp_d': 48.681073197638746, 'ign_k': 4.623385230677427, 'ign_c': 6.103943578218626, 'trop_agb_crit': 15.034235414026544, 'trop_k_veg': 2.1411279106200096, 'pop_amp': 0.023910307758482352, 'pop_peak': 2.129309567658615, 'pop_sig': 1.4686567324976965}. Best is trial 1128 with value: -0.620386984093161.
[I 2026-08-20 01:23:54,094] Trial 2253 finished with value: 0.4223881304341027 and parameters: {'k1': 0.02032473769687148, 'D_low': 31.111167492792926, 'k2': 0.0001529042617930254, 'D_high': 9046303.512463477, 'fire_exp': 1.609499491054944, 'P_half': 410.91795261342793, 'pre_dampen_half': 5.11520312778183, 'gpp_af': 0.045334710312353636, 'gpp_b': 3.406120593237354e-05, 'gpp_d': 7.365044201866179, 'ign_k': 4.891114290303423, 'ign_c': 2.850210848414911, 'trop_agb_crit': 10.336363737561717, 'trop_k_veg': 3.8306733847522763, 'pop_amp': 0.002213079042091656, 'pop_peak': 2.0870999001783637, 'pop_sig': 0.39335275018369853}. Best is trial 1128 with value: -0.620386984093161.
[I 2026-08-20 01:23:56,408] Trial 2254 finished with value: 0.4498136989030904 and parameters: {'k1': 0.00015168863551751004, 'D_low': 1.1045830450765444, 'k2': 0.031504084231710465, 'D_high': 1301579.1516562542, 'fire_exp': 4.996236579133664, 'P_half': 83.11837756037207, 'pre_dampen_half': 0.2239217830853172, 'gpp_af': 0.21556812306875278, 'gpp_b': 0.013166578674399174, 'gpp_d': 59.65576836569183, 'ign_k': 0.35344899772005456, 'ign_c': 11.30082730184898, 'trop_agb_crit': 2.632679116652349, 'trop_k_veg': 5.729814274541307, 'pop_amp': 10.991310816190055, 'pop_peak': 60.41078200309353, 'pop_sig': 0.8471567227000536}. Best is trial 1128 with value: -0.620386984093161.
[I 2026-08-20 01:23:58,411] Trial 2255 finished with value: 0.6445374145881376 and parameters: {'k1': 0.0009779691826489855, 'D_low': 5.511322811148006, 'k2': 0.00185234700685143, 'D_high': 9139036.396163443, 'fire_exp': 1.4388776916355193, 'P_half': 15.784120358920518, 'pre_dampen_half': 1.2708167572278593, 'gpp_af': 0.004919088009548117, 'gpp_b': 1.0084410963618229e-05, 'gpp_d': 4.705561900954976, 'ign_k': 2.803841910974159, 'ign_c': 81.29072964915395, 'trop_agb_crit': 1.8473701089620522, 'trop_k_veg': 6.649783490497246, 'pop_amp': 0.0043758254585808485, 'pop_peak': 0.34336866941337474, 'pop_sig': 0.544906269251742}. Best is trial 1128 with value: -0.620386984093161.
[I 2026-08-20 01:24:00,091] Trial 2256 finished with value: 0.6445374145881376 and parameters: {'k1': 0.06961579910198944, 'D_low': 967175.0030216355, 'k2': 8.053427075568293e-05, 'D_high': 38.147864834104205, 'fire_exp': 2.7555480101401395, 'P_half': 14.163437542437471, 'pre_dampen_half': 32.377155712916725, 'gpp_af': 0.007631815934983131, 'gpp_b': 0.006366341260061661, 'gpp_d': 0.01750559504697895, 'ign_k': 0.001504449056396034, 'ign_c': 401.975011587145, 'trop_agb_crit': 9.344906876367583, 'trop_k_veg': 2.252410461233071, 'pop_amp': 0.3293298264241231, 'pop_peak': 0.7345666153611269, 'pop_sig': 0.7453065082886492}. Best is trial 1128 with value: -0.620386984093161.
[I 2026-08-20 01:24:02,325] Trial 2257 finished with value: 0.6337752056392281 and parameters: {'k1': 5.3295959432880864e-05, 'D_low': 1.0214347609229286, 'k2': 0.03970636329916549, 'D_high': 519.0016283583857, 'fire_exp': 7.431272685372794, 'P_half': 55.66148654823346, 'pre_dampen_half': 291.5044087432248, 'gpp_af': 0.19474069135969968, 'gpp_b': 4.099694702890467, 'gpp_d': 2.17172965281256, 'ign_k': 1.781666354163804, 'ign_c': 0.14068891476668505, 'trop_agb_crit': 15.47191898979486, 'trop_k_veg': 0.502602660730619, 'pop_amp': 0.20373184643105482, 'pop_peak': 173.28627565620187, 'pop_sig': 0.3789180209729912}. Best is trial 1128 with value: -0.620386984093161.
[I 2026-08-20 01:24:03,919] Trial 2258 finished with value: 0.6445374145881376 and parameters: {'k1': 0.00017000276769986016, 'D_low': 1.244273205537209, 'k2': 0.010249442168398803, 'D_high': 1119409.144783404, 'fire_exp': 1.9789170840478842, 'P_half': 19.09018286703686, 'pre_dampen_half': 2.0468347668730607, 'gpp_af': 0.0035322738074870324, 'gpp_b': 2.7001122755450385e-05, 'gpp_d': 12.100874088006195, 'ign_k': 0.43333596600194113, 'ign_c': 249.16681118385486, 'trop_agb_crit': 1.133084929325546, 'trop_k_veg': 6.4292905584273825, 'pop_amp': 0.06413369987866767, 'pop_peak': 18.762170746718237, 'pop_sig': 0.7120501140600141}. Best is trial 1128 with value: -0.620386984093161.
[I 2026-08-20 01:24:05,521] Trial 2259 finished with value: 0.48695278117344776 and parameters: {'k1': 0.0005679658578353582, 'D_low': 83.60325646065941, 'k2': 0.03644267830532411, 'D_high': 146907.49436856597, 'fire_exp': 1.6339613100176256, 'P_half': 4.043241921729381, 'pre_dampen_half': 0.17317703863904332, 'gpp_af': 0.9442207869636075, 'gpp_b': 0.005763369002422039, 'gpp_d': 22.84991588271047, 'ign_k': 0.6304941250786006, 'ign_c': 0.8749999171962356, 'trop_agb_crit': 1.9545527575391473, 'trop_k_veg': 4.215460876300056, 'pop_amp': 0.665404199556075, 'pop_peak': 327.8927182876862, 'pop_sig': 0.2637460086851318}. Best is trial 1128 with value: -0.620386984093161.
[I 2026-08-20 01:24:07,531] Trial 2260 finished with value: 0.6445374145881376 and parameters: {'k1': 0.0006534775357383392, 'D_low': 3489.6608052851984, 'k2': 0.0049589212444787825, 'D_high': 366270.1796500719, 'fire_exp': 1.1562630577595272, 'P_half': 27.182179091709518, 'pre_dampen_half': 28.076309622217707, 'gpp_af': 0.0012909358127045974, 'gpp_b': 7.838533863373122e-05, 'gpp_d': 772.6286458372662, 'ign_k': 6.683596820129557, 'ign_c': 138.8131820270483, 'trop_agb_crit': 1.3015148592767607, 'trop_k_veg': 5.654498535266633, 'pop_amp': 0.014290681876745464, 'pop_peak': 0.5875976341915501, 'pop_sig': 0.25258037373288306}. Best is trial 1128 with value: -0.620386984093161.
[I 2026-08-20 01:24:09,241] Trial 2261 finished with value: 0.6445374145881376 and parameters: {'k1': 4.59201839758999e-05, 'D_low': 16.659076711593997, 'k2': 1.3291217940045265e-05, 'D_high': 28827.03386037934, 'fire_exp': 6.073798955041353, 'P_half': 6.106588562378567, 'pre_dampen_half': 106.31289782597706, 'gpp_af': 0.003975175418517244, 'gpp_b': 0.006495048258316199, 'gpp_d': 0.1328511131575535, 'ign_k': 0.14185313573251465, 'ign_c': 61.539533609742726, 'trop_agb_crit': 23.86322481935329, 'trop_k_veg': 0.8694455313924858, 'pop_amp': 0.14367331520800708, 'pop_peak': 1.5826358231348716, 'pop_sig': 1.4796364901159775}. Best is trial 1128 with value: -0.620386984093161.
[I 2026-08-20 01:24:10,841] Trial 2262 finished with value: 0.4343053477402855 and parameters: {'k1': 0.0027066069836418124, 'D_low': 82.05047978091865, 'k2': 6.882335212944229e-05, 'D_high': 1848990.0863163783, 'fire_exp': 1.97265289226612, 'P_half': 2.3800243938434806, 'pre_dampen_half': 14.479754843214808, 'gpp_af': 0.01758957844338531, 'gpp_b': 0.0006593868101089356, 'gpp_d': 112.69515455763315, 'ign_k': 3.8811117849838115, 'ign_c': 2.942224480290965, 'trop_agb_crit': 13.52405056137942, 'trop_k_veg': 1.4660714479147994, 'pop_amp': 0.008729571373297575, 'pop_peak': 29.24901629317251, 'pop_sig': 0.2759779627735334}. Best is trial 1128 with value: -0.620386984093161.
[I 2026-08-20 01:24:12,611] Trial 2263 finished with value: -0.5327398005861906 and parameters: {'k1': 0.0011785710814461972, 'D_low': 23.890568543547637, 'k2': 0.019639313169571737, 'D_high': 156400.61034043782, 'fire_exp': 2.4078518003193228, 'P_half': 92.63242842154017, 'pre_dampen_half': 0.45431382982967317, 'gpp_af': 0.002324258059065133, 'gpp_b': 0.0003247971406111105, 'gpp_d': 80.4316146645015, 'ign_k': 0.04096863158539595, 'ign_c': 1.4682173435114878, 'trop_agb_crit': 5.562680573790608, 'trop_k_veg': 1.4345796177977943, 'pop_amp': 17.357652508227172, 'pop_peak': 35.712122531132295, 'pop_sig': 2.148208510438572}. Best is trial 1128 with value: -0.620386984093161.
[I 2026-08-20 01:24:15,313] Trial 2264 finished with value: -0.5400595529434357 and parameters: {'k1': 0.0005660875696548797, 'D_low': 83.80047730926952, 'k2': 1.553739596443835e-05, 'D_high': 1797411.6704476385, 'fire_exp': 1.9297831858127645, 'P_half': 352.05505331569555, 'pre_dampen_half': 2.8479873476535356, 'gpp_af': 0.28345644418930627, 'gpp_b': 0.0001271031680274991, 'gpp_d': 15.978777833315627, 'ign_k': 4.432038106021175, 'ign_c': 3.1780362980413335, 'trop_agb_crit': 12.47185032575895, 'trop_k_veg': 6.304695371790923, 'pop_amp': 0.0028293837264644498, 'pop_peak': 0.24803274989944687, 'pop_sig': 0.5994418760338891}. Best is trial 1128 with value: -0.620386984093161.
[I 2026-08-20 01:24:18,045] Trial 2265 finished with value: 0.5145163492258719 and parameters: {'k1': 0.015359576409349214, 'D_low': 512.7717295298788, 'k2': 0.0005077119108588429, 'D_high': 1085381.439252502, 'fire_exp': 2.706946578001932, 'P_half': 38.08043690441204, 'pre_dampen_half': 0.1625510548275492, 'gpp_af': 0.20761429154942668, 'gpp_b': 0.0013381832483087468, 'gpp_d': 385.6128641766151, 'ign_k': 7.639489901032217, 'ign_c': 0.8147073447890892, 'trop_agb_crit': 5.371605157493596, 'trop_k_veg': 1.3585098262392021, 'pop_amp': 0.002591816905036438, 'pop_peak': 10.83199858710122, 'pop_sig': 0.3648010954595925}. Best is trial 1128 with value: -0.620386984093161.
[I 2026-08-20 01:24:19,912] Trial 2266 finished with value: 0.5666554024709798 and parameters: {'k1': 5.652273910828811e-05, 'D_low': 9.877678078630485, 'k2': 0.00034903754244715215, 'D_high': 15606.524567798095, 'fire_exp': 1.394115810186805, 'P_half': 17.243752698721163, 'pre_dampen_half': 1.3405551779348799, 'gpp_af': 0.0012654308448769068, 'gpp_b': 6.298779850306271e-05, 'gpp_d': 137.40438827496692, 'ign_k': 5.840121825448465, 'ign_c': 10.428004939043818, 'trop_agb_crit': 2.1668366981049214, 'trop_k_veg': 3.1668478188389835, 'pop_amp': 0.0032554967966353784, 'pop_peak': 4.034679641308738, 'pop_sig': 0.39666782979342446}. Best is trial 1128 with value: -0.620386984093161.
[I 2026-08-20 01:24:21,539] Trial 2267 finished with value: 0.4173571163177502 and parameters: {'k1': 0.004231955852296086, 'D_low': 20.36375614590066, 'k2': 0.0004868418529501907, 'D_high': 1674912.6249849931, 'fire_exp': 2.0505884036079975, 'P_half': 9.305075391354181, 'pre_dampen_half': 0.364446417417749, 'gpp_af': 0.00825610912601871, 'gpp_b': 0.0006502616059326305, 'gpp_d': 74.40269742457232, 'ign_k': 4.951301800029394, 'ign_c': 8.651938365996843, 'trop_agb_crit': 2.2309280288855082, 'trop_k_veg': 3.327488030573117, 'pop_amp': 4.514316695576629, 'pop_peak': 9.637331575634857, 'pop_sig': 0.2502087931933803}. Best is trial 1128 with value: -0.620386984093161.
[I 2026-08-20 01:24:23,736] Trial 2268 finished with value: 0.5944258047503617 and parameters: {'k1': 0.01647923251764083, 'D_low': 1172.408909513004, 'k2': 0.05448760231033142, 'D_high': 218451.38117489117, 'fire_exp': 5.295966984137435, 'P_half': 2411.9819867722435, 'pre_dampen_half': 17.092429017305452, 'gpp_af': 0.045588555819227584, 'gpp_b': 0.0045653177515249796, 'gpp_d': 153.16384970194343, 'ign_k': 0.0015940574817439373, 'ign_c': 83.78409748635066, 'trop_agb_crit': 4.511205611944315, 'trop_k_veg': 0.710029339016669, 'pop_amp': 0.02344004183671974, 'pop_peak': 1.0731314951100306, 'pop_sig': 0.38209418237891457}. Best is trial 1128 with value: -0.620386984093161.
[I 2026-08-20 01:24:25,388] Trial 2269 finished with value: -0.5667067393796433 and parameters: {'k1': 0.009844457102894498, 'D_low': 833.5454511848749, 'k2': 0.0002037990821405766, 'D_high': 8640958.485018343, 'fire_exp': 2.313562681770363, 'P_half': 175.48792948368163, 'pre_dampen_half': 3.1578911360435, 'gpp_af': 0.03340617949724113, 'gpp_b': 2.890332657105083e-05, 'gpp_d': 47.58366532103347, 'ign_k': 7.243251262739456, 'ign_c': 6.056637161061352, 'trop_agb_crit': 15.488082014794683, 'trop_k_veg': 2.9537391950419347, 'pop_amp': 0.0030652684103019056, 'pop_peak': 297.1392670010215, 'pop_sig': 0.3300101566863063}. Best is trial 1128 with value: -0.620386984093161.
[I 2026-08-20 01:24:27,069] Trial 2270 finished with value: 0.39032140183603015 and parameters: {'k1': 0.0005002775946747915, 'D_low': 1.2551096622001734, 'k2': 0.0008187293048055697, 'D_high': 3128598.848085569, 'fire_exp': 1.4830013727562688, 'P_half': 302.5012389436372, 'pre_dampen_half': 2.951375021799632, 'gpp_af': 0.008238100808226961, 'gpp_b': 1.9968773470291914e-05, 'gpp_d': 1.1202561720168842, 'ign_k': 0.1777766272489741, 'ign_c': 2.7721029472026184, 'trop_agb_crit': 5.716092711854263, 'trop_k_veg': 2.6399477576065284, 'pop_amp': 0.5491944604404271, 'pop_peak': 21.51513997615409, 'pop_sig': 0.8597088964433547}. Best is trial 1128 with value: -0.620386984093161.
[I 2026-08-20 01:24:28,830] Trial 2271 finished with value: 0.6445374145881376 and parameters: {'k1': 0.00016310118116990815, 'D_low': 39938.71111297816, 'k2': 0.04425725609556968, 'D_high': 1668.8749753286697, 'fire_exp': 7.666485574007778, 'P_half': 1.312841827437545, 'pre_dampen_half': 163.6816343905165, 'gpp_af': 0.04627096301095072, 'gpp_b': 0.007569417824710413, 'gpp_d': 0.017598687324405005, 'ign_k': 0.0016118174729224004, 'ign_c': 1.0357029520741523, 'trop_agb_crit': 5.510141542380976, 'trop_k_veg': 1.111572862319375, 'pop_amp': 0.058456417995369374, 'pop_peak': 42.34829692899102, 'pop_sig': 0.6856648141604342}. Best is trial 1128 with value: -0.620386984093161.
