[I 2026-08-06 02:29:25,473] Trial 1035 finished with values: [-0.5655393962276982, 0.02659244470182831] and parameters: {'k1': 0.025383218374507292, 'D_low': 18.522006003174383, 'k2': 4.763991596630584e-05, 'D_high': 400.9149428326862, 'fire_exp': 1.0473002272689056, 'P_half': 608.3019192425825, 'pre_dampen_half': 14.689898077648792, 'gpp_af': 22.766850248686247, 'gpp_b': 0.35446974723746, 'gpp_d': 891.8036602897795, 'ign_k': 3.7173717478250508, 'ign_c': 14.367095138664217}.
[I 2026-08-06 02:29:26,421] Trial 1036 finished with values: [-0.5341016575584419, 0.01963131654403949] and parameters: {'k1': 0.025383218374507292, 'D_low': 18.522006003174383, 'k2': 4.763991596630584e-05, 'D_high': 400.9149428326862, 'fire_exp': 1.0473002272689056, 'P_half': 608.3019192425825, 'pre_dampen_half': 14.689898077648792, 'gpp_af': 22.766850248686247, 'gpp_b': 0.10123867001105968, 'gpp_d': 39.827466658711515, 'ign_k': 3.7173717478250508, 'ign_c': 14.367095138664217}.
[I 2026-08-06 02:29:27,422] Trial 1037 finished with values: [-0.5663948594448571, 0.029729208494604475] and parameters: {'k1': 1.4246408590160289e-05, 'D_low': 4046.2058023975796, 'k2': 0.0007013097205353067, 'D_high': 6455.595882939566, 'fire_exp': 1.0473002272689056, 'P_half': 664.2027816373393, 'pre_dampen_half': 14.689898077648792, 'gpp_af': 4.582731702170249, 'gpp_b': 0.06655931762333464, 'gpp_d': 107.84642153666701, 'ign_k': 3.7173717478250508, 'ign_c': 14.367095138664217}.
[I 2026-08-06 02:29:28,369] Trial 1038 finished with values: [-0.545810372123413, 0.022642438910120077] and parameters: {'k1': 0.025383218374507292, 'D_low': 18.522006003174383, 'k2': 4.763991596630584e-05, 'D_high': 6455.595882939566, 'fire_exp': 1.0473002272689056, 'P_half': 608.3019192425825, 'pre_dampen_half': 14.689898077648792, 'gpp_af': 22.766850248686247, 'gpp_b': 0.10123867001105968, 'gpp_d': 39.827466658711515, 'ign_k': 3.7173717478250508, 'ign_c': 14.367095138664217}.
[I 2026-08-06 02:29:29,303] Trial 1039 finished with values: [10.023617962342593, 10.023617962342593] and parameters: {'k1': 0.021368329072358756, 'D_low': 18.522006003174383, 'k2': 4.763991596630584e-05, 'D_high': 3121.3520322039926, 'fire_exp': 1.0473002272689056, 'P_half': 433.926015822139, 'pre_dampen_half': 14.689898077648792, 'gpp_af': 22.766850248686247, 'gpp_b': 1.5938003265859821, 'gpp_d': 39.827466658711515, 'ign_k': 3.7173717478250508, 'ign_c': 14.367095138664217}.
[I 2026-08-06 02:29:30,253] Trial 1040 finished with values: [-0.533403808838002, 0.019400864878627244] and parameters: {'k1': 0.021368329072358756, 'D_low': 18.522006003174383, 'k2': 4.763991596630584e-05, 'D_high': 400.9149428326862, 'fire_exp': 1.0473002272689056, 'P_half': 608.3019192425825, 'pre_dampen_half': 14.689898077648792, 'gpp_af': 22.766850248686247, 'gpp_b': 0.10123867001105968, 'gpp_d': 39.827466658711515, 'ign_k': 3.7173717478250508, 'ign_c': 14.367095138664217}.
[I 2026-08-06 02:29:31,234] Trial 1041 finished with values: [10.645348544119328, 10.645348544119328] and parameters: {'k1': 0.025383218374507292, 'D_low': 3806.019094922791, 'k2': 3.5917714215176105e-05, 'D_high': 1687.3495104568947, 'fire_exp': 1.0473002272689056, 'P_half': 608.3019192425825, 'pre_dampen_half': 14.689898077648792, 'gpp_af': 22.766850248686247, 'gpp_b': 0.10123867001105968, 'gpp_d': 891.8036602897795, 'ign_k': 3.7173717478250508, 'ign_c': 14.367095138664217}.
[I 2026-08-06 02:29:32,231] Trial 1042 finished with values: [10.760830036472948, 10.760830036472948] and parameters: {'k1': 0.025383218374507292, 'D_low': 352.110299468884, 'k2': 0.0004381141781653133, 'D_high': 400.9149428326862, 'fire_exp': 1.2680134752324452, 'P_half': 608.3019192425825, 'pre_dampen_half': 14.689898077648792, 'gpp_af': 22.766850248686247, 'gpp_b': 0.09760461369620549, 'gpp_d': 39.827466658711515, 'ign_k': 3.7173717478250508, 'ign_c': 28.558430698597466}.
[I 2026-08-06 02:29:33,496] Trial 1043 finished with values: [-0.5071896458348542, 0.024601170541753703] and parameters: {'k1': 1.847600887728415e-05, 'D_low': 18.522006003174383, 'k2': 4.763991596630584e-05, 'D_high': 1184.76465050125, 'fire_exp': 1.0473002272689056, 'P_half': 664.2027816373393, 'pre_dampen_half': 14.689898077648792, 'gpp_af': 4.582731702170249, 'gpp_b': 7.961850249633375e-05, 'gpp_d': 107.84642153666701, 'ign_k': 3.7173717478250508, 'ign_c': 14.367095138664217}.
[I 2026-08-06 02:29:34,475] Trial 1044 finished with values: [10.769154922652787, 10.769154922652787] and parameters: {'k1': 0.021368329072358756, 'D_low': 9.330007965781027, 'k2': 4.763991596630584e-05, 'D_high': 6455.595882939566, 'fire_exp': 5.463032305627588, 'P_half': 664.2027816373393, 'pre_dampen_half': 14.689898077648792, 'gpp_af': 4.582731702170249, 'gpp_b': 0.10123867001105968, 'gpp_d': 3.640068899312672, 'ign_k': 3.7173717478250508, 'ign_c': 14.367095138664217}.
[I 2026-08-06 02:29:35,455] Trial 1045 finished with values: [10.767446524653476, 10.767446524653476] and parameters: {'k1': 0.025383218374507292, 'D_low': 18.522006003174383, 'k2': 4.763991596630584e-05, 'D_high': 6455.595882939566, 'fire_exp': 4.788811905590801, 'P_half': 664.2027816373393, 'pre_dampen_half': 14.689898077648792, 'gpp_af': 0.2343193755572473, 'gpp_b': 0.10123867001105968, 'gpp_d': 39.827466658711515, 'ign_k': 3.7173717478250508, 'ign_c': 14.367095138664217}.
[I 2026-08-06 02:29:36,405] Trial 1046 finished with values: [10.765961974810619, 10.765961974810619] and parameters: {'k1': 0.03232155805617897, 'D_low': 9.330007965781027, 'k2': 0.006138509947844854, 'D_high': 6455.595882939566, 'fire_exp': 1.010722707674549, 'P_half': 958.8659498594012, 'pre_dampen_half': 14.689898077648792, 'gpp_af': 0.004339536161007625, 'gpp_b': 1.5938003265859821, 'gpp_d': 7.797126586048889, 'ign_k': 3.7173717478250508, 'ign_c': 19.19168994439752}.
[I 2026-08-06 02:29:37,370] Trial 1047 finished with values: [10.73631430552928, 10.73631430552928] and parameters: {'k1': 0.03232155805617897, 'D_low': 31.117676855667376, 'k2': 4.763991596630584e-05, 'D_high': 6455.595882939566, 'fire_exp': 1.010722707674549, 'P_half': 276.27089412392087, 'pre_dampen_half': 0.01615714055429207, 'gpp_af': 22.766850248686247, 'gpp_b': 0.1676789742547917, 'gpp_d': 39.827466658711515, 'ign_k': 3.7173717478250508, 'ign_c': 14.367095138664217}.
[I 2026-08-06 02:29:38,370] Trial 1048 finished with values: [-0.5639575687072571, 0.021863490542015307] and parameters: {'k1': 0.025383218374507292, 'D_low': 18.522006003174383, 'k2': 2.1835747526693533e-05, 'D_high': 400.9149428326862, 'fire_exp': 1.0473002272689056, 'P_half': 608.3019192425825, 'pre_dampen_half': 14.689898077648792, 'gpp_af': 22.766850248686247, 'gpp_b': 1.5938003265859821, 'gpp_d': 368.30088529547436, 'ign_k': 3.7173717478250508, 'ign_c': 14.367095138664217}.
[I 2026-08-06 02:29:39,340] Trial 1049 finished with values: [-0.533403808838002, 0.019400864878627244] and parameters: {'k1': 0.021368329072358756, 'D_low': 18.522006003174383, 'k2': 4.763991596630584e-05, 'D_high': 400.9149428326862, 'fire_exp': 1.0473002272689056, 'P_half': 608.3019192425825, 'pre_dampen_half': 14.689898077648792, 'gpp_af': 22.766850248686247, 'gpp_b': 0.10123867001105968, 'gpp_d': 39.827466658711515, 'ign_k': 3.7173717478250508, 'ign_c': 14.367095138664217}.
[I 2026-08-06 02:29:40,313] Trial 1050 finished with values: [10.077413159110646, 10.077413159110646] and parameters: {'k1': 0.007333200379637282, 'D_low': 10.733257635049776, 'k2': 4.763991596630584e-05, 'D_high': 163.3430235367738, 'fire_exp': 1.0473002272689056, 'P_half': 608.3019192425825, 'pre_dampen_half': 14.689898077648792, 'gpp_af': 0.2343193755572473, 'gpp_b': 0.10123867001105968, 'gpp_d': 39.827466658711515, 'ign_k': 3.7173717478250508, 'ign_c': 14.367095138664217}.
[I 2026-08-06 02:29:41,277] Trial 1051 finished with values: [-0.5595480480605832, 0.02518419842823083] and parameters: {'k1': 0.025383218374507292, 'D_low': 10.733257635049776, 'k2': 1.9423940721007243e-05, 'D_high': 10584.084917159616, 'fire_exp': 1.010722707674549, 'P_half': 608.3019192425825, 'pre_dampen_half': 14.689898077648792, 'gpp_af': 0.2343193755572473, 'gpp_b': 0.10123867001105968, 'gpp_d': 39.827466658711515, 'ign_k': 3.7173717478250508, 'ign_c': 14.367095138664217}.
[I 2026-08-06 02:29:42,245] Trial 1052 finished with values: [-0.5540049695654738, 0.019615775809281977] and parameters: {'k1': 0.08926311370835228, 'D_low': 18.522006003174383, 'k2': 3.5917714215176105e-05, 'D_high': 263.0178499745551, 'fire_exp': 1.0473002272689056, 'P_half': 664.2027816373393, 'pre_dampen_half': 14.689898077648792, 'gpp_af': 4.582731702170249, 'gpp_b': 0.6637926838138378, 'gpp_d': 39.827466658711515, 'ign_k': 3.7173717478250508, 'ign_c': 14.367095138664217}.
[I 2026-08-06 02:29:43,225] Trial 1053 finished with values: [10.20446545110498, 10.20446545110498] and parameters: {'k1': 0.08926311370835228, 'D_low': 18.522006003174383, 'k2': 4.763991596630584e-05, 'D_high': 400.9149428326862, 'fire_exp': 1.0473002272689056, 'P_half': 608.3019192425825, 'pre_dampen_half': 14.689898077648792, 'gpp_af': 0.004339536161007625, 'gpp_b': 0.000832333943844274, 'gpp_d': 891.8036602897795, 'ign_k': 3.7173717478250508, 'ign_c': 19.19168994439752}.
[I 2026-08-06 02:29:44,172] Trial 1054 finished with values: [10.530377847245289, 10.530377847245289] and parameters: {'k1': 1.927644355988153e-05, 'D_low': 31.117676855667376, 'k2': 4.763991596630584e-05, 'D_high': 1687.3495104568947, 'fire_exp': 1.2680134752324452, 'P_half': 608.3019192425825, 'pre_dampen_half': 14.689898077648792, 'gpp_af': 0.2343193755572473, 'gpp_b': 0.10123867001105968, 'gpp_d': 39.827466658711515, 'ign_k': 3.7173717478250508, 'ign_c': 14.367095138664217}.
[I 2026-08-06 02:29:45,153] Trial 1055 finished with values: [10.761252271004157, 10.761252271004157] and parameters: {'k1': 0.021368329072358756, 'D_low': 18.522006003174383, 'k2': 4.763991596630584e-05, 'D_high': 6455.595882939566, 'fire_exp': 1.0473002272689056, 'P_half': 664.2027816373393, 'pre_dampen_half': 14.689898077648792, 'gpp_af': 4.582731702170249, 'gpp_b': 0.10123867001105968, 'gpp_d': 0.011495884087462726, 'ign_k': 3.7173717478250508, 'ign_c': 14.367095138664217}.
[I 2026-08-06 02:29:46,118] Trial 1056 finished with values: [10.057716646489949, 10.057716646489949] and parameters: {'k1': 0.021368329072358756, 'D_low': 9.330007965781027, 'k2': 4.763991596630584e-05, 'D_high': 10584.084917159616, 'fire_exp': 1.0473002272689056, 'P_half': 608.3019192425825, 'pre_dampen_half': 14.689898077648792, 'gpp_af': 4.582731702170249, 'gpp_b': 0.10123867001105968, 'gpp_d': 107.84642153666701, 'ign_k': 3.7173717478250508, 'ign_c': 14.367095138664217}.
[I 2026-08-06 02:29:47,066] Trial 1057 finished with values: [10.580111961237881, 10.580111961237881] and parameters: {'k1': 0.08926311370835228, 'D_low': 18.522006003174383, 'k2': 3.5917714215176105e-05, 'D_high': 400.9149428326862, 'fire_exp': 1.0473002272689056, 'P_half': 6698.932367914716, 'pre_dampen_half': 14.689898077648792, 'gpp_af': 4.582731702170249, 'gpp_b': 0.35446974723746, 'gpp_d': 48.70143940662305, 'ign_k': 3.7173717478250508, 'ign_c': 14.367095138664217}.
[I 2026-08-06 02:29:48,063] Trial 1058 finished with values: [10.032535010095124, 10.032535010095124] and parameters: {'k1': 0.03232155805617897, 'D_low': 9.330007965781027, 'k2': 4.763991596630584e-05, 'D_high': 6455.595882939566, 'fire_exp': 1.0473002272689056, 'P_half': 664.2027816373393, 'pre_dampen_half': 14.689898077648792, 'gpp_af': 22.766850248686247, 'gpp_b': 0.35446974723746, 'gpp_d': 368.30088529547436, 'ign_k': 0.025882464916964908, 'ign_c': 14.367095138664217}.
[I 2026-08-06 02:29:49,077] Trial 1059 finished with values: [-0.5463183053183096, 0.01964985029786248] and parameters: {'k1': 0.025383218374507292, 'D_low': 18.522006003174383, 'k2': 4.763991596630584e-05, 'D_high': 400.9149428326862, 'fire_exp': 1.0473002272689056, 'P_half': 608.3019192425825, 'pre_dampen_half': 14.689898077648792, 'gpp_af': 0.2343193755572473, 'gpp_b': 0.10123867001105968, 'gpp_d': 39.827466658711515, 'ign_k': 3.7173717478250508, 'ign_c': 14.367095138664217}.
[I 2026-08-06 02:29:50,156] Trial 1060 finished with values: [10.766901696525128, 10.766901696525128] and parameters: {'k1': 0.025383218374507292, 'D_low': 18.522006003174383, 'k2': 4.763991596630584e-05, 'D_high': 1687.3495104568947, 'fire_exp': 1.9794091854959461, 'P_half': 608.3019192425825, 'pre_dampen_half': 14.689898077648792, 'gpp_af': 22.766850248686247, 'gpp_b': 0.35446974723746, 'gpp_d': 0.5604232556560347, 'ign_k': 3.7173717478250508, 'ign_c': 14.367095138664217}.
[I 2026-08-06 02:29:51,226] Trial 1061 finished with values: [10.63592524095957, 10.63592524095957] and parameters: {'k1': 0.08926311370835228, 'D_low': 1254.914463327495, 'k2': 0.0499774937030317, 'D_high': 1687.3495104568947, 'fire_exp': 1.0473002272689056, 'P_half': 608.3019192425825, 'pre_dampen_half': 25.15960733455044, 'gpp_af': 22.766850248686247, 'gpp_b': 0.09760461369620549, 'gpp_d': 300.3420512048734, 'ign_k': 3.7173717478250508, 'ign_c': 14.367095138664217}.
[I 2026-08-06 02:29:52,238] Trial 1062 finished with values: [-0.5355458863204664, 0.021328061718325353] and parameters: {'k1': 0.08926311370835228, 'D_low': 10.733257635049776, 'k2': 3.5917714215176105e-05, 'D_high': 400.9149428326862, 'fire_exp': 1.0473002272689056, 'P_half': 608.3019192425825, 'pre_dampen_half': 14.689898077648792, 'gpp_af': 22.766850248686247, 'gpp_b': 0.10123867001105968, 'gpp_d': 39.827466658711515, 'ign_k': 3.7173717478250508, 'ign_c': 14.367095138664217}.
[I 2026-08-06 02:29:53,260] Trial 1063 finished with values: [10.76923076805719, 10.76923076805719] and parameters: {'k1': 0.025383218374507292, 'D_low': 18.522006003174383, 'k2': 0.0004381141781653133, 'D_high': 1687.3495104568947, 'fire_exp': 1.2680134752324452, 'P_half': 608.3019192425825, 'pre_dampen_half': 25.15960733455044, 'gpp_af': 22.766850248686247, 'gpp_b': 0.09760461369620549, 'gpp_d': 300.3420512048734, 'ign_k': 3.7173717478250508, 'ign_c': 44.20612468360107}.
[I 2026-08-06 02:29:54,596] Trial 1064 finished with values: [-0.5494865722331828, 0.021053338070534666] and parameters: {'k1': 0.025383218374507292, 'D_low': 10.733257635049776, 'k2': 4.763991596630584e-05, 'D_high': 1687.3495104568947, 'fire_exp': 1.0473002272689056, 'P_half': 608.3019192425825, 'pre_dampen_half': 14.689898077648792, 'gpp_af': 0.2343193755572473, 'gpp_b': 0.10123867001105968, 'gpp_d': 39.827466658711515, 'ign_k': 3.7173717478250508, 'ign_c': 14.367095138664217}.
[I 2026-08-06 02:29:55,623] Trial 1065 finished with values: [10.231151574716698, 10.231151574716698] and parameters: {'k1': 0.025383218374507292, 'D_low': 10.733257635049776, 'k2': 3.5917714215176105e-05, 'D_high': 1687.3495104568947, 'fire_exp': 1.0473002272689056, 'P_half': 664.2027816373393, 'pre_dampen_half': 14.689898077648792, 'gpp_af': 0.5009399307527331, 'gpp_b': 0.10123867001105968, 'gpp_d': 891.8036602897795, 'ign_k': 3.7173717478250508, 'ign_c': 0.5505316245273476}.
[I 2026-08-06 02:29:56,620] Trial 1066 finished with values: [10.76923076805719, 10.76923076805719] and parameters: {'k1': 0.021368329072358756, 'D_low': 9.330007965781027, 'k2': 4.763991596630584e-05, 'D_high': 163.3430235367738, 'fire_exp': 1.0473002272689056, 'P_half': 4.970926495623717, 'pre_dampen_half': 14.689898077648792, 'gpp_af': 0.0031044041016285487, 'gpp_b': 0.10123867001105968, 'gpp_d': 39.827466658711515, 'ign_k': 3.7173717478250508, 'ign_c': 43.77346027756639}.
[I 2026-08-06 02:29:57,644] Trial 1067 finished with values: [10.7590992493142, 10.7590992493142] and parameters: {'k1': 0.03232155805617897, 'D_low': 9.330007965781027, 'k2': 3.5917714215176105e-05, 'D_high': 400.9149428326862, 'fire_exp': 1.0473002272689056, 'P_half': 1141.538725046589, 'pre_dampen_half': 14.689898077648792, 'gpp_af': 0.02114619056336667, 'gpp_b': 1.5938003265859821, 'gpp_d': 368.30088529547436, 'ign_k': 3.7173717478250508, 'ign_c': 14.367095138664217}.
[I 2026-08-06 02:29:58,674] Trial 1068 finished with values: [-0.5307583043362615, 0.022968636798407993] and parameters: {'k1': 0.025383218374507292, 'D_low': 10.733257635049776, 'k2': 4.763991596630584e-05, 'D_high': 163.3430235367738, 'fire_exp': 1.0473002272689056, 'P_half': 1.212773905999145, 'pre_dampen_half': 14.689898077648792, 'gpp_af': 0.2343193755572473, 'gpp_b': 0.35446974723746, 'gpp_d': 39.827466658711515, 'ign_k': 3.7173717478250508, 'ign_c': 14.367095138664217}.
[I 2026-08-06 02:29:59,685] Trial 1069 finished with values: [-0.5450572055540104, 0.015370238562629424] and parameters: {'k1': 0.08926311370835228, 'D_low': 31.117676855667376, 'k2': 4.763991596630584e-05, 'D_high': 6455.595882939566, 'fire_exp': 1.0473002272689056, 'P_half': 608.3019192425825, 'pre_dampen_half': 14.689898077648792, 'gpp_af': 22.766850248686247, 'gpp_b': 0.6637926838138378, 'gpp_d': 39.827466658711515, 'ign_k': 3.7173717478250508, 'ign_c': 14.367095138664217}.
[I 2026-08-06 02:30:00,711] Trial 1070 finished with values: [10.767332874660227, 10.767332874660227] and parameters: {'k1': 0.08926311370835228, 'D_low': 31.117676855667376, 'k2': 4.763991596630584e-05, 'D_high': 400.9149428326862, 'fire_exp': 1.0473002272689056, 'P_half': 608.3019192425825, 'pre_dampen_half': 14.689898077648792, 'gpp_af': 22.766850248686247, 'gpp_b': 0.6637926838138378, 'gpp_d': 0.025754809232518116, 'ign_k': 3.7173717478250508, 'ign_c': 14.367095138664217}.
[I 2026-08-06 02:30:01,802] Trial 1071 finished with values: [10.388744908402572, 10.388744908402572] and parameters: {'k1': 0.025383218374507292, 'D_low': 31.117676855667376, 'k2': 4.763991596630584e-05, 'D_high': 6455.595882939566, 'fire_exp': 1.7164931785633317, 'P_half': 276.27089412392087, 'pre_dampen_half': 14.689898077648792, 'gpp_af': 4.582731702170249, 'gpp_b': 0.1676789742547917, 'gpp_d': 39.827466658711515, 'ign_k': 7.437725385707939, 'ign_c': 14.367095138664217}.
[I 2026-08-06 02:30:02,844] Trial 1072 finished with values: [10.763468878865115, 10.763468878865115] and parameters: {'k1': 0.08926311370835228, 'D_low': 18.522006003174383, 'k2': 0.006138509947844854, 'D_high': 1687.3495104568947, 'fire_exp': 1.010722707674549, 'P_half': 15.197743481843553, 'pre_dampen_half': 14.689898077648792, 'gpp_af': 0.004339536161007625, 'gpp_b': 1.5938003265859821, 'gpp_d': 368.30088529547436, 'ign_k': 3.7173717478250508, 'ign_c': 19.19168994439752}.
[I 2026-08-06 02:30:03,886] Trial 1073 finished with values: [-0.5692934743095925, 0.028659108647818288] and parameters: {'k1': 0.025383218374507292, 'D_low': 18.522006003174383, 'k2': 0.0004381141781653133, 'D_high': 400.9149428326862, 'fire_exp': 1.010722707674549, 'P_half': 608.3019192425825, 'pre_dampen_half': 14.689898077648792, 'gpp_af': 22.766850248686247, 'gpp_b': 0.09760461369620549, 'gpp_d': 300.3420512048734, 'ign_k': 1.193692846763647, 'ign_c': 14.367095138664217}.
[I 2026-08-06 02:30:04,944] Trial 1074 finished with values: [10.321519039421366, 10.321519039421366] and parameters: {'k1': 0.025383218374507292, 'D_low': 9.330007965781027, 'k2': 0.003152494048956087, 'D_high': 6455.595882939566, 'fire_exp': 1.0473002272689056, 'P_half': 608.3019192425825, 'pre_dampen_half': 14.689898077648792, 'gpp_af': 22.766850248686247, 'gpp_b': 0.10123867001105968, 'gpp_d': 39.827466658711515, 'ign_k': 3.7173717478250508, 'ign_c': 14.367095138664217}.
[I 2026-08-06 02:30:05,957] Trial 1075 finished with values: [10.042957037068646, 10.042957037068646] and parameters: {'k1': 0.021368329072358756, 'D_low': 18.522006003174383, 'k2': 1.702637694606324e-05, 'D_high': 1687.3495104568947, 'fire_exp': 1.0473002272689056, 'P_half': 664.2027816373393, 'pre_dampen_half': 14.689898077648792, 'gpp_af': 2.9865936975455876, 'gpp_b': 0.0019572118561834383, 'gpp_d': 107.84642153666701, 'ign_k': 3.7173717478250508, 'ign_c': 14.367095138664217}.
[I 2026-08-06 02:30:06,985] Trial 1076 finished with values: [-0.5645294419600364, 0.021086397626221665] and parameters: {'k1': 0.021368329072358756, 'D_low': 18.522006003174383, 'k2': 4.763991596630584e-05, 'D_high': 6455.595882939566, 'fire_exp': 1.0473002272689056, 'P_half': 608.3019192425825, 'pre_dampen_half': 14.689898077648792, 'gpp_af': 4.582731702170249, 'gpp_b': 0.6637926838138378, 'gpp_d': 39.827466658711515, 'ign_k': 3.7173717478250508, 'ign_c': 14.367095138664217}.
[I 2026-08-06 02:30:08,010] Trial 1077 finished with values: [10.006491425717254, 10.006491425717254] and parameters: {'k1': 0.03232155805617897, 'D_low': 18.522006003174383, 'k2': 0.0004381141781653133, 'D_high': 6455.595882939566, 'fire_exp': 1.2680134752324452, 'P_half': 177.4954658911452, 'pre_dampen_half': 14.689898077648792, 'gpp_af': 22.766850248686247, 'gpp_b': 0.35446974723746, 'gpp_d': 39.827466658711515, 'ign_k': 3.7173717478250508, 'ign_c': 14.367095138664217}.
[I 2026-08-06 02:30:09,069] Trial 1078 finished with values: [-0.5655393962276982, 0.02659244470182831] and parameters: {'k1': 0.025383218374507292, 'D_low': 18.522006003174383, 'k2': 4.763991596630584e-05, 'D_high': 400.9149428326862, 'fire_exp': 1.0473002272689056, 'P_half': 608.3019192425825, 'pre_dampen_half': 14.689898077648792, 'gpp_af': 22.766850248686247, 'gpp_b': 0.35446974723746, 'gpp_d': 891.8036602897795, 'ign_k': 3.7173717478250508, 'ign_c': 14.367095138664217}.
[I 2026-08-06 02:30:10,087] Trial 1079 finished with values: [-0.5674308247829036, 0.02634024646640354] and parameters: {'k1': 0.025383218374507292, 'D_low': 9.330007965781027, 'k2': 1.702637694606324e-05, 'D_high': 6455.595882939566, 'fire_exp': 1.0473002272689056, 'P_half': 664.2027816373393, 'pre_dampen_half': 14.689898077648792, 'gpp_af': 22.766850248686247, 'gpp_b': 0.6637926838138378, 'gpp_d': 891.8036602897795, 'ign_k': 3.7173717478250508, 'ign_c': 14.367095138664217}.
