[I 2026-08-05 23:54:10,249] Trial 870 finished with values: [-0.5776902731246982, 0.08361031486918957] and parameters: {'k1': 0.005643426708406567, 'D_low': 2.458603276328005, 'k2': 0.0007081721844034209, 'D_high': 85018.70149611714, 'fire_exp': 1.151006986743773, 'P_half': 12.808863354047988, 'pre_dampen_half': 703.6426675556048, 'gpp_af': 35.20481045526041, 'gpp_b': 0.7987896438549947, 'gpp_d': 4.5768578731086835, 'ign_k': 5.9736167866478125, 'ign_c': 0.11433485956638717}.
[I 2026-08-05 23:54:11,180] Trial 871 finished with values: [10.769230768838547, 10.769230768838547] and parameters: {'k1': 0.005643426708406567, 'D_low': 135.4662616810925, 'k2': 0.00038791280730284417, 'D_high': 85018.70149611714, 'fire_exp': 1.5201277403788451, 'P_half': 12.808863354047988, 'pre_dampen_half': 703.6426675556048, 'gpp_af': 35.20481045526041, 'gpp_b': 0.7987896438549947, 'gpp_d': 149.50343942182866, 'ign_k': 5.9736167866478125, 'ign_c': 47.268615251255675}.
[I 2026-08-05 23:54:12,098] Trial 872 finished with values: [-0.5776902731246982, 0.08361031486918957] and parameters: {'k1': 0.005643426708406567, 'D_low': 2.458603276328005, 'k2': 0.0007081721844034209, 'D_high': 85018.70149611714, 'fire_exp': 1.151006986743773, 'P_half': 12.808863354047988, 'pre_dampen_half': 703.6426675556048, 'gpp_af': 35.20481045526041, 'gpp_b': 0.7987896438549947, 'gpp_d': 4.5768578731086835, 'ign_k': 5.9736167866478125, 'ign_c': 0.11433485956638717}.
[I 2026-08-05 23:54:13,003] Trial 873 finished with values: [10.501171829494089, 10.501171829494089] and parameters: {'k1': 0.00019830561549555954, 'D_low': 2.458603276328005, 'k2': 0.034987345440353576, 'D_high': 214.78683190589607, 'fire_exp': 1.3239942327296237, 'P_half': 5.342106255632175, 'pre_dampen_half': 88.81627111957808, 'gpp_af': 35.20481045526041, 'gpp_b': 0.7987896438549947, 'gpp_d': 19.65797948502804, 'ign_k': 5.294132201721568, 'ign_c': 0.11433485956638717}.
[I 2026-08-05 23:54:13,939] Trial 874 finished with values: [-0.5804470276123588, 0.08983160004973867] and parameters: {'k1': 0.016973078532467004, 'D_low': 2.458603276328005, 'k2': 0.0007081721844034209, 'D_high': 85018.70149611714, 'fire_exp': 1.151006986743773, 'P_half': 39.03214299767183, 'pre_dampen_half': 703.6426675556048, 'gpp_af': 29.925002022877802, 'gpp_b': 0.7987896438549947, 'gpp_d': 4.5768578731086835, 'ign_k': 0.476373748459372, 'ign_c': 0.11433485956638717}.
[I 2026-08-05 23:54:14,842] Trial 875 finished with values: [10.181622858647524, 10.181622858647524] and parameters: {'k1': 0.016973078532467004, 'D_low': 2.458603276328005, 'k2': 0.0499774937030317, 'D_high': 94745.24974021548, 'fire_exp': 1.151006986743773, 'P_half': 2.4106893837852787, 'pre_dampen_half': 36.876350096203005, 'gpp_af': 35.20481045526041, 'gpp_b': 0.7987896438549947, 'gpp_d': 4.5768578731086835, 'ign_k': 5.9736167866478125, 'ign_c': 0.11433485956638717}.
[I 2026-08-05 23:54:15,775] Trial 876 finished with values: [10.351938905427913, 10.351938905427913] and parameters: {'k1': 0.015602015889668856, 'D_low': 312.92286563608616, 'k2': 0.0499774937030317, 'D_high': 54669.374787660905, 'fire_exp': 1.5201277403788451, 'P_half': 39.03214299767183, 'pre_dampen_half': 53.73093479067421, 'gpp_af': 35.20481045526041, 'gpp_b': 0.10123867001105968, 'gpp_d': 4.5768578731086835, 'ign_k': 5.9736167866478125, 'ign_c': 6.160975294741436}.
[I 2026-08-05 23:54:16,664] Trial 877 finished with values: [-0.5801423313432514, 0.19594613182623788] and parameters: {'k1': 0.004439732043401208, 'D_low': 29.89885508829526, 'k2': 0.0499774937030317, 'D_high': 55772.84121799238, 'fire_exp': 1.151006986743773, 'P_half': 170.2682488483631, 'pre_dampen_half': 45.00414872181379, 'gpp_af': 35.20481045526041, 'gpp_b': 1.722111409234053e-05, 'gpp_d': 2.1184980150420962, 'ign_k': 0.4702627143647234, 'ign_c': 0.1740080621104638}.
[I 2026-08-05 23:54:17,578] Trial 878 finished with values: [-0.5593553168314757, 0.06309479022738296] and parameters: {'k1': 0.016973078532467004, 'D_low': 2.458603276328005, 'k2': 0.0007081721844034209, 'D_high': 85018.70149611714, 'fire_exp': 1.151006986743773, 'P_half': 177.4954658911452, 'pre_dampen_half': 703.6426675556048, 'gpp_af': 35.20481045526041, 'gpp_b': 0.7987896438549947, 'gpp_d': 4.5768578731086835, 'ign_k': 5.9736167866478125, 'ign_c': 0.11433485956638717}.
[I 2026-08-05 23:54:18,504] Trial 879 finished with values: [-0.5771822627242855, 0.082020427735634] and parameters: {'k1': 0.016973078532467004, 'D_low': 2.458603276328005, 'k2': 0.0007081721844034209, 'D_high': 75773.14388518519, 'fire_exp': 1.151006986743773, 'P_half': 12.808863354047988, 'pre_dampen_half': 246.93224594675561, 'gpp_af': 35.20481045526041, 'gpp_b': 0.7987896438549947, 'gpp_d': 4.5768578731086835, 'ign_k': 5.9736167866478125, 'ign_c': 0.11433485956638717}.
[I 2026-08-05 23:54:19,403] Trial 880 finished with values: [13.494498170036687, 13.494498170036687] and parameters: {'k1': 0.016973078532467004, 'D_low': 2.458603276328005, 'k2': 0.0007081721844034209, 'D_high': 85018.70149611714, 'fire_exp': 1.2943117749495199, 'P_half': 12.808863354047988, 'pre_dampen_half': 703.6426675556048, 'gpp_af': 35.20481045526041, 'gpp_b': 0.7987896438549947, 'gpp_d': 613.9406964482342, 'ign_k': 5.9736167866478125, 'ign_c': 0.11433485956638717}.
[I 2026-08-05 23:54:20,325] Trial 881 finished with values: [-0.5774635757090969, 0.08418377126399812] and parameters: {'k1': 0.016973078532467004, 'D_low': 2.458603276328005, 'k2': 0.0007081721844034209, 'D_high': 85018.70149611714, 'fire_exp': 1.151006986743773, 'P_half': 12.808863354047988, 'pre_dampen_half': 303.1650219733388, 'gpp_af': 35.20481045526041, 'gpp_b': 0.7987896438549947, 'gpp_d': 4.5768578731086835, 'ign_k': 5.9736167866478125, 'ign_c': 0.11433485956638717}.
[I 2026-08-05 23:54:21,527] Trial 882 finished with values: [10.545951942880553, 10.545951942880553] and parameters: {'k1': 0.016973078532467004, 'D_low': 2.458603276328005, 'k2': 0.0007081721844034209, 'D_high': 85018.70149611714, 'fire_exp': 1.4972797202108397, 'P_half': 575.4658592592074, 'pre_dampen_half': 703.6426675556048, 'gpp_af': 35.20481045526041, 'gpp_b': 0.7987896438549947, 'gpp_d': 4.5768578731086835, 'ign_k': 0.0026834162496848666, 'ign_c': 0.11433485956638717}.
[I 2026-08-05 23:54:22,443] Trial 883 finished with values: [10.407327478632046, 10.407327478632046] and parameters: {'k1': 0.016973078532467004, 'D_low': 2.458603276328005, 'k2': 0.0007081721844034209, 'D_high': 63.64067167735486, 'fire_exp': 1.151006986743773, 'P_half': 12.808863354047988, 'pre_dampen_half': 703.6426675556048, 'gpp_af': 35.20481045526041, 'gpp_b': 0.7987896438549947, 'gpp_d': 4.5768578731086835, 'ign_k': 5.9736167866478125, 'ign_c': 0.11433485956638717}.
[I 2026-08-05 23:54:23,367] Trial 884 finished with values: [-0.5495025767302267, 0.08528804484266395] and parameters: {'k1': 0.03232155805617897, 'D_low': 158.82035726402376, 'k2': 0.0007081721844034209, 'D_high': 6455.595882939566, 'fire_exp': 1.151006986743773, 'P_half': 39.03214299767183, 'pre_dampen_half': 703.6426675556048, 'gpp_af': 11.234842109991876, 'gpp_b': 0.7987896438549947, 'gpp_d': 368.30088529547436, 'ign_k': 0.4702627143647234, 'ign_c': 14.810800730363484}.
[I 2026-08-05 23:54:24,291] Trial 885 finished with values: [10.692518231060427, 10.692518231060427] and parameters: {'k1': 0.03232155805617897, 'D_low': 2.458603276328005, 'k2': 0.0013909474988024091, 'D_high': 6455.595882939566, 'fire_exp': 2.5914873994986967, 'P_half': 12.808863354047988, 'pre_dampen_half': 111.37963167994629, 'gpp_af': 35.20481045526041, 'gpp_b': 0.7987896438549947, 'gpp_d': 4.5768578731086835, 'ign_k': 0.0024361599465623288, 'ign_c': 14.810800730363484}.
[I 2026-08-05 23:54:25,176] Trial 886 finished with values: [10.305306417514922, 10.305306417514922] and parameters: {'k1': 0.008956420301712053, 'D_low': 4.051452710153359, 'k2': 0.0007081721844034209, 'D_high': 633.1166646948959, 'fire_exp': 1.182396148413737, 'P_half': 408.3047491580097, 'pre_dampen_half': 748.1106041623153, 'gpp_af': 35.20481045526041, 'gpp_b': 0.7987896438549947, 'gpp_d': 17.849597677210657, 'ign_k': 5.9736167866478125, 'ign_c': 0.11433485956638717}.
[I 2026-08-05 23:54:26,094] Trial 887 finished with values: [10.87740401602422, 10.87740401602422] and parameters: {'k1': 0.016973078532467004, 'D_low': 2.458603276328005, 'k2': 0.0007081721844034209, 'D_high': 10584.084917159616, 'fire_exp': 1.5201277403788451, 'P_half': 39.03214299767183, 'pre_dampen_half': 703.6426675556048, 'gpp_af': 35.20481045526041, 'gpp_b': 0.7987896438549947, 'gpp_d': 34.37107943937136, 'ign_k': 5.9736167866478125, 'ign_c': 0.11433485956638717}.
[I 2026-08-05 23:54:26,978] Trial 888 finished with values: [10.39388741793762, 10.39388741793762] and parameters: {'k1': 0.03232155805617897, 'D_low': 74.92772870670282, 'k2': 0.0499774937030317, 'D_high': 949.9072859745386, 'fire_exp': 1.151006986743773, 'P_half': 39.03214299767183, 'pre_dampen_half': 111.37963167994629, 'gpp_af': 11.234842109991876, 'gpp_b': 1.5938003265859821, 'gpp_d': 4.5768578731086835, 'ign_k': 0.02456326518827606, 'ign_c': 0.11433485956638717}.
[I 2026-08-05 23:54:27,876] Trial 889 finished with values: [10.602031376683497, 10.602031376683497] and parameters: {'k1': 0.016973078532467004, 'D_low': 4.051452710153359, 'k2': 0.0007081721844034209, 'D_high': 85018.70149611714, 'fire_exp': 1.151006986743773, 'P_half': 12.808863354047988, 'pre_dampen_half': 703.6426675556048, 'gpp_af': 35.20481045526041, 'gpp_b': 0.09760461369620549, 'gpp_d': 4.5768578731086835, 'ign_k': 5.9736167866478125, 'ign_c': 0.17036120617148395}.
[I 2026-08-05 23:54:28,768] Trial 890 finished with values: [12.065447813515291, 12.065447813515291] and parameters: {'k1': 0.016973078532467004, 'D_low': 2.458603276328005, 'k2': 0.0499774937030317, 'D_high': 55772.84121799238, 'fire_exp': 1.151006986743773, 'P_half': 12.808863354047988, 'pre_dampen_half': 703.6426675556048, 'gpp_af': 35.20481045526041, 'gpp_b': 1.722111409234053e-05, 'gpp_d': 4.5768578731086835, 'ign_k': 5.9736167866478125, 'ign_c': 0.11433485956638717}.
[I 2026-08-05 23:54:29,687] Trial 891 finished with values: [10.675351886781216, 10.675351886781216] and parameters: {'k1': 0.002971796631657383, 'D_low': 29.89885508829526, 'k2': 0.0499774937030317, 'D_high': 6455.595882939566, 'fire_exp': 1.811096651915224, 'P_half': 1519.8469040509603, 'pre_dampen_half': 111.37963167994629, 'gpp_af': 11.234842109991876, 'gpp_b': 0.10123867001105968, 'gpp_d': 368.30088529547436, 'ign_k': 0.0026834162496848666, 'ign_c': 14.810800730363484}.
[I 2026-08-05 23:54:30,619] Trial 892 finished with values: [-0.5776902731246982, 0.08361031486918957] and parameters: {'k1': 0.005643426708406567, 'D_low': 2.458603276328005, 'k2': 0.0007081721844034209, 'D_high': 85018.70149611714, 'fire_exp': 1.151006986743773, 'P_half': 12.808863354047988, 'pre_dampen_half': 703.6426675556048, 'gpp_af': 35.20481045526041, 'gpp_b': 0.7987896438549947, 'gpp_d': 4.5768578731086835, 'ign_k': 5.9736167866478125, 'ign_c': 0.11433485956638717}.
[I 2026-08-05 23:54:31,567] Trial 893 finished with values: [10.131669850010365, 10.131669850010365] and parameters: {'k1': 0.015602015889668856, 'D_low': 7.068974950624602, 'k2': 0.00038791280730284417, 'D_high': 6366.1449945522045, 'fire_exp': 1.5201277403788451, 'P_half': 10.226988730324324, 'pre_dampen_half': 703.6426675556048, 'gpp_af': 11.234842109991876, 'gpp_b': 0.10123867001105968, 'gpp_d': 5.1715677287580455, 'ign_k': 0.0026834162496848666, 'ign_c': 3.0378658251922155}.
[I 2026-08-05 23:54:32,492] Trial 894 finished with values: [10.911791321451252, 10.911791321451252] and parameters: {'k1': 0.016973078532467004, 'D_low': 4.051452710153359, 'k2': 0.0007081721844034209, 'D_high': 85018.70149611714, 'fire_exp': 1.5201277403788451, 'P_half': 12.808863354047988, 'pre_dampen_half': 703.6426675556048, 'gpp_af': 43.24033972449845, 'gpp_b': 0.7987896438549947, 'gpp_d': 34.37107943937136, 'ign_k': 5.9736167866478125, 'ign_c': 0.17036120617148395}.
[I 2026-08-05 23:54:33,418] Trial 895 finished with values: [10.128075824700549, 10.128075824700549] and parameters: {'k1': 0.016973078532467004, 'D_low': 2.458603276328005, 'k2': 0.0499774937030317, 'D_high': 85018.70149611714, 'fire_exp': 1.7164931785633317, 'P_half': 12.808863354047988, 'pre_dampen_half': 703.6426675556048, 'gpp_af': 35.20481045526041, 'gpp_b': 0.7987896438549947, 'gpp_d': 4.5768578731086835, 'ign_k': 5.9736167866478125, 'ign_c': 0.11433485956638717}.
[I 2026-08-05 23:54:34,326] Trial 896 finished with values: [10.769229995002542, 10.769229995002542] and parameters: {'k1': 0.015602015889668856, 'D_low': 4.051452710153359, 'k2': 0.00038791280730284417, 'D_high': 54669.374787660905, 'fire_exp': 2.5079329178338456, 'P_half': 39.03214299767183, 'pre_dampen_half': 0.057820263517959394, 'gpp_af': 35.20481045526041, 'gpp_b': 0.10123867001105968, 'gpp_d': 34.37107943937136, 'ign_k': 0.4702627143647234, 'ign_c': 6.160975294741436}.
[I 2026-08-05 23:54:35,230] Trial 897 finished with values: [-0.5748434611729907, 0.07335721107624871] and parameters: {'k1': 0.016973078532467004, 'D_low': 158.82035726402376, 'k2': 0.0007081721844034209, 'D_high': 85018.70149611714, 'fire_exp': 1.151006986743773, 'P_half': 12.808863354047988, 'pre_dampen_half': 917.1017259920797, 'gpp_af': 11.234842109991876, 'gpp_b': 0.7987896438549947, 'gpp_d': 4.5768578731086835, 'ign_k': 5.9736167866478125, 'ign_c': 0.11433485956638717}.
[I 2026-08-05 23:54:36,119] Trial 898 finished with values: [10.026239528165778, 10.026239528165778] and parameters: {'k1': 0.03232155805617897, 'D_low': 4.051452710153359, 'k2': 0.0499774937030317, 'D_high': 85018.70149611714, 'fire_exp': 1.010722707674549, 'P_half': 12.808863354047988, 'pre_dampen_half': 703.6426675556048, 'gpp_af': 35.20481045526041, 'gpp_b': 0.7987896438549947, 'gpp_d': 4.5768578731086835, 'ign_k': 5.9736167866478125, 'ign_c': 0.17036120617148395}.
[I 2026-08-05 23:54:37,053] Trial 899 finished with values: [10.243340091972323, 10.243340091972323] and parameters: {'k1': 0.015602015889668856, 'D_low': 4.051452710153359, 'k2': 0.0007081721844034209, 'D_high': 54669.374787660905, 'fire_exp': 1.5201277403788451, 'P_half': 39.03214299767183, 'pre_dampen_half': 53.73093479067421, 'gpp_af': 35.20481045526041, 'gpp_b': 0.10123867001105968, 'gpp_d': 4.5768578731086835, 'ign_k': 5.9736167866478125, 'ign_c': 6.160975294741436}.
[I 2026-08-05 23:54:37,937] Trial 900 finished with values: [10.702689574902369, 10.702689574902369] and parameters: {'k1': 0.03232155805617897, 'D_low': 2.458603276328005, 'k2': 0.0499774937030317, 'D_high': 6455.595882939566, 'fire_exp': 1.5201277403788451, 'P_half': 39.03214299767183, 'pre_dampen_half': 111.37963167994629, 'gpp_af': 11.234842109991876, 'gpp_b': 3.6475882458234503, 'gpp_d': 4.5768578731086835, 'ign_k': 0.4702627143647234, 'ign_c': 14.810800730363484}.
[I 2026-08-05 23:54:38,826] Trial 901 finished with values: [10.37829099343831, 10.37829099343831] and parameters: {'k1': 0.016973078532467004, 'D_low': 2.458603276328005, 'k2': 0.0499774937030317, 'D_high': 6455.595882939566, 'fire_exp': 1.2943117749495199, 'P_half': 39.03214299767183, 'pre_dampen_half': 111.37963167994629, 'gpp_af': 0.5009399307527331, 'gpp_b': 0.7987896438549947, 'gpp_d': 4.5768578731086835, 'ign_k': 5.9736167866478125, 'ign_c': 14.810800730363484}.
[I 2026-08-05 23:54:39,713] Trial 902 finished with values: [10.103422726010777, 10.103422726010777] and parameters: {'k1': 0.016973078532467004, 'D_low': 29.89885508829526, 'k2': 0.0007081721844034209, 'D_high': 85018.70149611714, 'fire_exp': 1.151006986743773, 'P_half': 12.808863354047988, 'pre_dampen_half': 703.6426675556048, 'gpp_af': 35.20481045526041, 'gpp_b': 0.7987896438549947, 'gpp_d': 2.1184980150420962, 'ign_k': 5.9736167866478125, 'ign_c': 0.11433485956638717}.
[I 2026-08-05 23:54:40,629] Trial 903 finished with values: [10.769230768838547, 10.769230768838547] and parameters: {'k1': 0.016973078532467004, 'D_low': 31.117676855667376, 'k2': 0.00038791280730284417, 'D_high': 85018.70149611714, 'fire_exp': 1.5201277403788451, 'P_half': 12.808863354047988, 'pre_dampen_half': 703.6426675556048, 'gpp_af': 11.234842109991876, 'gpp_b': 0.10123867001105968, 'gpp_d': 4.5768578731086835, 'ign_k': 5.9736167866478125, 'ign_c': 233.417373284667}.
[I 2026-08-05 23:54:41,799] Trial 904 finished with values: [10.573501733334014, 10.573501733334014] and parameters: {'k1': 0.016973078532467004, 'D_low': 2.458603276328005, 'k2': 0.0007081721844034209, 'D_high': 85018.70149611714, 'fire_exp': 1.2943117749495199, 'P_half': 2.4106893837852787, 'pre_dampen_half': 4.025222451217553, 'gpp_af': 35.20481045526041, 'gpp_b': 0.03841303420847976, 'gpp_d': 4.5768578731086835, 'ign_k': 5.9736167866478125, 'ign_c': 0.11433485956638717}.
[I 2026-08-05 23:54:42,699] Trial 905 finished with values: [-0.5610289155393804, 0.07244929934808741] and parameters: {'k1': 0.016973078532467004, 'D_low': 2.458603276328005, 'k2': 0.0007081721844034209, 'D_high': 3121.3520322039926, 'fire_exp': 1.151006986743773, 'P_half': 12.808863354047988, 'pre_dampen_half': 703.6426675556048, 'gpp_af': 35.20481045526041, 'gpp_b': 0.7987896438549947, 'gpp_d': 4.5768578731086835, 'ign_k': 5.9736167866478125, 'ign_c': 0.11433485956638717}.
[I 2026-08-05 23:54:43,586] Trial 906 finished with values: [10.477533512819502, 10.477533512819502] and parameters: {'k1': 0.005643426708406567, 'D_low': 2.458603276328005, 'k2': 0.0007081721844034209, 'D_high': 85018.70149611714, 'fire_exp': 1.5201277403788451, 'P_half': 39.03214299767183, 'pre_dampen_half': 703.6426675556048, 'gpp_af': 11.234842109991876, 'gpp_b': 0.7987896438549947, 'gpp_d': 4.5768578731086835, 'ign_k': 5.9736167866478125, 'ign_c': 14.810800730363484}.
[I 2026-08-05 23:54:44,488] Trial 907 finished with values: [10.769000937110587, 10.769000937110587] and parameters: {'k1': 0.002971796631657383, 'D_low': 2.458603276328005, 'k2': 0.034987345440353576, 'D_high': 85018.70149611714, 'fire_exp': 1.3239942327296237, 'P_half': 5.342106255632175, 'pre_dampen_half': 0.027901153639361957, 'gpp_af': 35.20481045526041, 'gpp_b': 0.7987896438549947, 'gpp_d': 19.65797948502804, 'ign_k': 1.049739844869316, 'ign_c': 0.11433485956638717}.
[I 2026-08-05 23:54:45,357] Trial 908 finished with values: [11.54674410782227, 11.54674410782227] and parameters: {'k1': 0.002971796631657383, 'D_low': 2.458603276328005, 'k2': 0.034987345440353576, 'D_high': 85018.70149611714, 'fire_exp': 1.3239942327296237, 'P_half': 5.342106255632175, 'pre_dampen_half': 88.81627111957808, 'gpp_af': 35.20481045526041, 'gpp_b': 5.8382259882459775e-05, 'gpp_d': 19.65797948502804, 'ign_k': 5.9736167866478125, 'ign_c': 0.11433485956638717}.
[I 2026-08-05 23:54:46,248] Trial 909 finished with values: [10.769230768838547, 10.769230768838547] and parameters: {'k1': 0.016973078532467004, 'D_low': 2.458603276328005, 'k2': 0.0007081721844034209, 'D_high': 85018.70149611714, 'fire_exp': 1.151006986743773, 'P_half': 12.808863354047988, 'pre_dampen_half': 14.689898077648792, 'gpp_af': 35.20481045526041, 'gpp_b': 0.011750724729953272, 'gpp_d': 4.5768578731086835, 'ign_k': 5.9736167866478125, 'ign_c': 201.4978984700884}.
[I 2026-08-05 23:54:47,133] Trial 910 finished with values: [10.768319702673725, 10.768319702673725] and parameters: {'k1': 0.013431123753466416, 'D_low': 683.8782488668313, 'k2': 0.0007081721844034209, 'D_high': 85018.70149611714, 'fire_exp': 1.151006986743773, 'P_half': 39.03214299767183, 'pre_dampen_half': 703.6426675556048, 'gpp_af': 11.234842109991876, 'gpp_b': 0.7987896438549947, 'gpp_d': 0.015163585438685893, 'ign_k': 5.9736167866478125, 'ign_c': 14.810800730363484}.
[I 2026-08-05 23:54:48,020] Trial 911 finished with values: [11.265416555055152, 11.265416555055152] and parameters: {'k1': 0.015602015889668856, 'D_low': 2.458603276328005, 'k2': 0.00038791280730284417, 'D_high': 85018.70149611714, 'fire_exp': 2.0096866887224025, 'P_half': 12.808863354047988, 'pre_dampen_half': 703.6426675556048, 'gpp_af': 35.20481045526041, 'gpp_b': 0.10123867001105968, 'gpp_d': 34.37107943937136, 'ign_k': 5.9736167866478125, 'ign_c': 0.11433485956638717}.
[I 2026-08-05 23:54:48,905] Trial 912 finished with values: [10.078609636067203, 10.078609636067203] and parameters: {'k1': 0.015602015889668856, 'D_low': 2.458603276328005, 'k2': 0.00011283667486683905, 'D_high': 85018.70149611714, 'fire_exp': 2.2915873039663333, 'P_half': 39.03214299767183, 'pre_dampen_half': 703.6426675556048, 'gpp_af': 35.20481045526041, 'gpp_b': 0.7987896438549947, 'gpp_d': 34.37107943937136, 'ign_k': 5.9736167866478125, 'ign_c': 0.22416664245892623}.
[I 2026-08-05 23:54:49,791] Trial 913 finished with values: [-0.5798880349583497, 0.08307806401140072] and parameters: {'k1': 0.03232155805617897, 'D_low': 29.89885508829526, 'k2': 0.0499774937030317, 'D_high': 85018.70149611714, 'fire_exp': 1.151006986743773, 'P_half': 12.808863354047988, 'pre_dampen_half': 703.6426675556048, 'gpp_af': 35.20481045526041, 'gpp_b': 0.7987896438549947, 'gpp_d': 4.5768578731086835, 'ign_k': 5.9736167866478125, 'ign_c': 0.11433485956638717}.
[I 2026-08-05 23:54:50,671] Trial 914 finished with values: [10.899267247650705, 10.899267247650705] and parameters: {'k1': 0.016973078532467004, 'D_low': 29.89885508829526, 'k2': 0.0499774937030317, 'D_high': 85018.70149611714, 'fire_exp': 1.151006986743773, 'P_half': 12.808863354047988, 'pre_dampen_half': 45.00414872181379, 'gpp_af': 11.234842109991876, 'gpp_b': 1.722111409234053e-05, 'gpp_d': 2.1184980150420962, 'ign_k': 0.4702627143647234, 'ign_c': 0.11433485956638717}.
