[I 2026-07-22 22:03:01,807] Trial 1472 finished with values: [-0.733499729251758, 0.0285934869427793] and parameters: {'k1': 0.003242143344038315, 'D_low': 2.199522084499044, 'k2': 0.00036821611602060956, 'D_high': 2512533.442757688, 'fire_exp': 2.4366873535186158, 'P_half': 1.4378290221680121, 'pre_dampen_half': 10.059683154936915, 'gpp_af': 0.3259758793317361, 'gpp_b': 0.00011277885258222645, 'gpp_d': 373.3014953695604, 'ign_k': 4.59148521674054, 'ign_c': 16.626592254031866, 'trop_agb_crit': 5.707205898008383, 'trop_k_veg': 0.5695379443977426, 'fuel_k': 0.7156083490235493, 'fuel_half': 1.95560991716028}.
[I 2026-07-22 22:03:02,295] Trial 1473 finished with values: [-0.7826509481932543, 0.04507543892311028] and parameters: {'k1': 0.003242143344038315, 'D_low': 68.8463614592076, 'k2': 0.003658518527736814, 'D_high': 1693415.5410667954, 'fire_exp': 2.3123511487896353, 'P_half': 1.4378290221680121, 'pre_dampen_half': 10.059683154936915, 'gpp_af': 1.4498445474033743, 'gpp_b': 0.00011277885258222645, 'gpp_d': 373.3014953695604, 'ign_k': 4.59148521674054, 'ign_c': 16.626592254031866, 'trop_agb_crit': 5.707205898008383, 'trop_k_veg': 1.7428926895756522, 'fuel_k': 3.6992394681929355, 'fuel_half': 2.276766792290519}.
[I 2026-07-22 22:03:02,780] Trial 1474 finished with values: [-0.7572595175768417, 0.0316557607772423] and parameters: {'k1': 0.003242143344038315, 'D_low': 1.1640589436768796, 'k2': 0.003658518527736814, 'D_high': 2512533.442757688, 'fire_exp': 2.0053720199464102, 'P_half': 1.4378290221680121, 'pre_dampen_half': 10.059683154936915, 'gpp_af': 0.3259758793317361, 'gpp_b': 0.00011277885258222645, 'gpp_d': 25.017068255320467, 'ign_k': 2.9663798365255736, 'ign_c': 16.626592254031866, 'trop_agb_crit': 5.707205898008383, 'trop_k_veg': 4.456591231114518, 'fuel_k': 0.8398846716543956, 'fuel_half': 38.21129441691226}.
[I 2026-07-22 22:03:03,223] Trial 1475 finished with values: [-0.7382027644113444, 0.024280046295754087] and parameters: {'k1': 0.003242143344038315, 'D_low': 1.1640589436768796, 'k2': 0.003658518527736814, 'D_high': 8433503.858791472, 'fire_exp': 2.0053720199464102, 'P_half': 1.4378290221680121, 'pre_dampen_half': 10.059683154936915, 'gpp_af': 2.114381609520638, 'gpp_b': 0.002022832315155261, 'gpp_d': 25.017068255320467, 'ign_k': 4.59148521674054, 'ign_c': 16.626592254031866, 'trop_agb_crit': 5.707205898008383, 'trop_k_veg': 1.7428926895756522, 'fuel_k': 3.6992394681929355, 'fuel_half': 81.87941582538087}.
[I 2026-07-22 22:03:03,679] Trial 1476 finished with values: [-0.7796699564540146, 0.03141852275182622] and parameters: {'k1': 0.003242143344038315, 'D_low': 91.66403471455098, 'k2': 0.003658518527736814, 'D_high': 2512533.442757688, 'fire_exp': 2.3750840427797026, 'P_half': 2.8704537403852157, 'pre_dampen_half': 33.71909132517388, 'gpp_af': 1.4498445474033743, 'gpp_b': 0.002022832315155261, 'gpp_d': 373.3014953695604, 'ign_k': 4.59148521674054, 'ign_c': 16.626592254031866, 'trop_agb_crit': 5.707205898008383, 'trop_k_veg': 4.599337386928772, 'fuel_k': 0.02030479245853923, 'fuel_half': 81.87941582538087}.
[I 2026-07-22 22:03:04,128] Trial 1477 finished with values: [10.301907796707157, 10.301907796707157] and parameters: {'k1': 0.003242143344038315, 'D_low': 1.1640589436768796, 'k2': 0.030699709531122953, 'D_high': 4769.985934430877, 'fire_exp': 2.078296372714186, 'P_half': 1.4378290221680121, 'pre_dampen_half': 10.059683154936915, 'gpp_af': 12.945292516047852, 'gpp_b': 0.002022832315155261, 'gpp_d': 25.017068255320467, 'ign_k': 4.59148521674054, 'ign_c': 16.626592254031866, 'trop_agb_crit': 16.475487954934778, 'trop_k_veg': 1.7428926895756522, 'fuel_k': 3.6992394681929355, 'fuel_half': 2.276766792290519}.
[I 2026-07-22 22:03:04,580] Trial 1478 finished with values: [10.87910369989228, 10.87910369989228] and parameters: {'k1': 0.003242143344038315, 'D_low': 1.1640589436768796, 'k2': 0.003658518527736814, 'D_high': 2512533.442757688, 'fire_exp': 1.641358586909244, 'P_half': 1.4378290221680121, 'pre_dampen_half': 868.1843415114095, 'gpp_af': 0.19106561861489246, 'gpp_b': 0.00011277885258222645, 'gpp_d': 25.017068255320467, 'ign_k': 2.9663798365255736, 'ign_c': 16.626592254031866, 'trop_agb_crit': 10.719494362768906, 'trop_k_veg': 0.5695379443977426, 'fuel_k': 0.8398846716543956, 'fuel_half': 2.276766792290519}.
[I 2026-07-22 22:03:05,043] Trial 1479 finished with values: [-0.7101865720596278, 0.01661790542501551] and parameters: {'k1': 0.003242143344038315, 'D_low': 2311.854866544268, 'k2': 0.00010089430320527378, 'D_high': 2512533.442757688, 'fire_exp': 2.264545306066772, 'P_half': 1.4378290221680121, 'pre_dampen_half': 868.1843415114095, 'gpp_af': 0.3259758793317361, 'gpp_b': 0.00011277885258222645, 'gpp_d': 25.017068255320467, 'ign_k': 4.59148521674054, 'ign_c': 16.626592254031866, 'trop_agb_crit': 5.707205898008383, 'trop_k_veg': 1.7428926895756522, 'fuel_k': 0.017262921159278164, 'fuel_half': 16.371966573507315}.
[I 2026-07-22 22:03:05,486] Trial 1480 finished with values: [10.092020853802088, 10.092020853802088] and parameters: {'k1': 0.02693080595253602, 'D_low': 91.66403471455098, 'k2': 0.003658518527736814, 'D_high': 8433503.858791472, 'fire_exp': 2.3750840427797026, 'P_half': 1.6015537761747531, 'pre_dampen_half': 33.71909132517388, 'gpp_af': 1.4498445474033743, 'gpp_b': 0.002022832315155261, 'gpp_d': 373.3014953695604, 'ign_k': 4.59148521674054, 'ign_c': 16.626592254031866, 'trop_agb_crit': 5.707205898008383, 'trop_k_veg': 0.5695379443977426, 'fuel_k': 0.02030479245853923, 'fuel_half': 38.21129441691226}.
[I 2026-07-22 22:03:05,924] Trial 1481 finished with values: [-0.7815395172509577, 0.027744091297384754] and parameters: {'k1': 0.003242143344038315, 'D_low': 91.66403471455098, 'k2': 2.1698375693549493e-05, 'D_high': 8433503.858791472, 'fire_exp': 2.264545306066772, 'P_half': 1.4378290221680121, 'pre_dampen_half': 33.71909132517388, 'gpp_af': 0.3259758793317361, 'gpp_b': 0.002022832315155261, 'gpp_d': 373.3014953695604, 'ign_k': 4.59148521674054, 'ign_c': 16.626592254031866, 'trop_agb_crit': 5.707205898008383, 'trop_k_veg': 4.599337386928772, 'fuel_k': 0.02030479245853923, 'fuel_half': 38.21129441691226}.
[I 2026-07-22 22:03:06,365] Trial 1482 finished with values: [10.375683212392559, 10.375683212392559] and parameters: {'k1': 0.015076936815785055, 'D_low': 1.1640589436768796, 'k2': 0.030699709531122953, 'D_high': 2512533.442757688, 'fire_exp': 2.0053720199464102, 'P_half': 1.4378290221680121, 'pre_dampen_half': 10.059683154936915, 'gpp_af': 38.29800744211077, 'gpp_b': 0.002022832315155261, 'gpp_d': 1.4286508455595508, 'ign_k': 4.59148521674054, 'ign_c': 16.626592254031866, 'trop_agb_crit': 10.719494362768906, 'trop_k_veg': 1.7428926895756522, 'fuel_k': 0.17760095864122427, 'fuel_half': 81.87941582538087}.
[I 2026-07-22 22:03:06,804] Trial 1483 finished with values: [10.043937143221058, 10.043937143221058] and parameters: {'k1': 0.003242143344038315, 'D_low': 91.66403471455098, 'k2': 0.030699709531122953, 'D_high': 2512533.442757688, 'fire_exp': 2.3786532049674034, 'P_half': 2.1095259085905753, 'pre_dampen_half': 10.059683154936915, 'gpp_af': 0.3259758793317361, 'gpp_b': 0.00011277885258222645, 'gpp_d': 8.057329182285729, 'ign_k': 0.0188567686698148, 'ign_c': 16.626592254031866, 'trop_agb_crit': 5.707205898008383, 'trop_k_veg': 0.5695379443977426, 'fuel_k': 1.0527505957829522, 'fuel_half': 5.579512305961306}.
[I 2026-07-22 22:03:07,241] Trial 1484 finished with values: [-0.7791686823433968, 0.026393580134999484] and parameters: {'k1': 0.003242143344038315, 'D_low': 91.66403471455098, 'k2': 0.003658518527736814, 'D_high': 8433503.858791472, 'fire_exp': 2.3750840427797026, 'P_half': 1.4378290221680121, 'pre_dampen_half': 33.71909132517388, 'gpp_af': 0.3259758793317361, 'gpp_b': 0.002022832315155261, 'gpp_d': 235.02422184428158, 'ign_k': 4.59148521674054, 'ign_c': 16.626592254031866, 'trop_agb_crit': 3.534001063181976, 'trop_k_veg': 1.7428926895756522, 'fuel_k': 0.8398846716543956, 'fuel_half': 81.87941582538087}.
[I 2026-07-22 22:03:07,675] Trial 1485 finished with values: [10.733820434945025, 10.733820434945025] and parameters: {'k1': 0.003242143344038315, 'D_low': 91.66403471455098, 'k2': 2.1698375693549493e-05, 'D_high': 2512533.442757688, 'fire_exp': 2.2271826002669806, 'P_half': 1.4378290221680121, 'pre_dampen_half': 33.71909132517388, 'gpp_af': 0.3259758793317361, 'gpp_b': 0.00011277885258222645, 'gpp_d': 373.3014953695604, 'ign_k': 2.9663798365255736, 'ign_c': 25.36860972218538, 'trop_agb_crit': 10.719494362768906, 'trop_k_veg': 6.911478238001162, 'fuel_k': 0.02030479245853923, 'fuel_half': 38.21129441691226}.
[I 2026-07-22 22:03:08,110] Trial 1486 finished with values: [-0.7779199808451992, 0.02499156323128182] and parameters: {'k1': 0.003242143344038315, 'D_low': 1.1640589436768796, 'k2': 0.003658518527736814, 'D_high': 8433503.858791472, 'fire_exp': 2.3750840427797026, 'P_half': 1.4378290221680121, 'pre_dampen_half': 33.71909132517388, 'gpp_af': 2.114381609520638, 'gpp_b': 0.006838488643537398, 'gpp_d': 25.017068255320467, 'ign_k': 4.59148521674054, 'ign_c': 16.626592254031866, 'trop_agb_crit': 10.719494362768906, 'trop_k_veg': 1.6456154580440219, 'fuel_k': 0.7156083490235493, 'fuel_half': 81.87941582538087}.
[I 2026-07-22 22:03:08,554] Trial 1487 finished with values: [10.133862828436808, 10.133862828436808] and parameters: {'k1': 0.003242143344038315, 'D_low': 91.66403471455098, 'k2': 2.1698375693549493e-05, 'D_high': 2512533.442757688, 'fire_exp': 2.3750840427797026, 'P_half': 1.4378290221680121, 'pre_dampen_half': 10.059683154936915, 'gpp_af': 0.3259758793317361, 'gpp_b': 0.002022832315155261, 'gpp_d': 25.017068255320467, 'ign_k': 4.59148521674054, 'ign_c': 16.626592254031866, 'trop_agb_crit': 5.707205898008383, 'trop_k_veg': 6.911478238001162, 'fuel_k': 0.8398846716543956, 'fuel_half': 38.21129441691226}.
[I 2026-07-22 22:03:08,990] Trial 1488 finished with values: [10.203344980456256, 10.203344980456256] and parameters: {'k1': 0.006642681820760164, 'D_low': 1.1640589436768796, 'k2': 0.003658518527736814, 'D_high': 8433503.858791472, 'fire_exp': 2.3750840427797026, 'P_half': 1.4378290221680121, 'pre_dampen_half': 33.71909132517388, 'gpp_af': 1.1300566419249867, 'gpp_b': 0.002022832315155261, 'gpp_d': 8.057329182285729, 'ign_k': 4.59148521674054, 'ign_c': 16.626592254031866, 'trop_agb_crit': 5.707205898008383, 'trop_k_veg': 1.7428926895756522, 'fuel_k': 3.6992394681929355, 'fuel_half': 2.276766792290519}.
[I 2026-07-22 22:03:09,426] Trial 1489 finished with values: [10.380661195585883, 10.380661195585883] and parameters: {'k1': 0.0019417556319623257, 'D_low': 91.66403471455098, 'k2': 2.1698375693549493e-05, 'D_high': 8433503.858791472, 'fire_exp': 2.2271826002669806, 'P_half': 1.4378290221680121, 'pre_dampen_half': 868.1843415114095, 'gpp_af': 0.3259758793317361, 'gpp_b': 0.00011277885258222645, 'gpp_d': 373.3014953695604, 'ign_k': 2.9663798365255736, 'ign_c': 16.626592254031866, 'trop_agb_crit': 10.719494362768906, 'trop_k_veg': 1.7428926895756522, 'fuel_k': 0.8398846716543956, 'fuel_half': 38.21129441691226}.
[I 2026-07-22 22:03:09,863] Trial 1490 finished with values: [10.769230768838547, 10.769230768838547] and parameters: {'k1': 0.003242143344038315, 'D_low': 91.66403471455098, 'k2': 2.1698375693549493e-05, 'D_high': 2512533.442757688, 'fire_exp': 2.3123511487896353, 'P_half': 1.4378290221680121, 'pre_dampen_half': 868.1843415114095, 'gpp_af': 0.3259758793317361, 'gpp_b': 0.00011277885258222645, 'gpp_d': 8.057329182285729, 'ign_k': 4.59148521674054, 'ign_c': 56.704832767436955, 'trop_agb_crit': 5.707205898008383, 'trop_k_veg': 6.911478238001162, 'fuel_k': 0.8398846716543956, 'fuel_half': 2.276766792290519}.
[I 2026-07-22 22:03:10,298] Trial 1491 finished with values: [10.141416317557855, 10.141416317557855] and parameters: {'k1': 0.052334804885400876, 'D_low': 2311.854866544268, 'k2': 0.003658518527736814, 'D_high': 2512533.442757688, 'fire_exp': 2.1801890869730824, 'P_half': 1.4378290221680121, 'pre_dampen_half': 10.059683154936915, 'gpp_af': 2.114381609520638, 'gpp_b': 0.00011277885258222645, 'gpp_d': 25.017068255320467, 'ign_k': 2.9663798365255736, 'ign_c': 16.626592254031866, 'trop_agb_crit': 10.719494362768906, 'trop_k_veg': 1.7428926895756522, 'fuel_k': 0.2651087544199802, 'fuel_half': 1.329409142251229}.
[I 2026-07-22 22:03:10,732] Trial 1492 finished with values: [-0.7462564161581408, 0.03226466027522057] and parameters: {'k1': 0.003242143344038315, 'D_low': 91.66403471455098, 'k2': 4.2837023971014874e-05, 'D_high': 2512533.442757688, 'fire_exp': 2.2271826002669806, 'P_half': 1.4378290221680121, 'pre_dampen_half': 10.059683154936915, 'gpp_af': 1.1300566419249867, 'gpp_b': 0.00011277885258222645, 'gpp_d': 373.3014953695604, 'ign_k': 2.9663798365255736, 'ign_c': 16.626592254031866, 'trop_agb_crit': 1.7638950866389151, 'trop_k_veg': 6.911478238001162, 'fuel_k': 0.15706362619551986, 'fuel_half': 2.276766792290519}.
  trial 1493/1500  pareto_size=12  best_taylor=0.7911  best_ilamb=0.5799  (10.9 min)
[I 2026-07-22 22:03:11,420] Trial 1493 finished with values: [-0.7161752253005709, 0.022982142061841793] and parameters: {'k1': 0.003242143344038315, 'D_low': 2311.854866544268, 'k2': 3.718575266488047e-05, 'D_high': 8433503.858791472, 'fire_exp': 2.264545306066772, 'P_half': 1.4378290221680121, 'pre_dampen_half': 33.71909132517388, 'gpp_af': 1.782401184029456, 'gpp_b': 8.168628001294799e-05, 'gpp_d': 25.017068255320467, 'ign_k': 4.59148521674054, 'ign_c': 16.626592254031866, 'trop_agb_crit': 10.719494362768906, 'trop_k_veg': 5.898663624240964, 'fuel_k': 3.6992394681929355, 'fuel_half': 2.276766792290519}.
[I 2026-07-22 22:03:11,860] Trial 1494 finished with values: [10.68772915796314, 10.68772915796314] and parameters: {'k1': 0.003242143344038315, 'D_low': 4.447894982964895, 'k2': 0.00024182981461825254, 'D_high': 8433503.858791472, 'fire_exp': 1.1520351049178303, 'P_half': 1.4378290221680121, 'pre_dampen_half': 33.71909132517388, 'gpp_af': 2.114381609520638, 'gpp_b': 0.006838488643537398, 'gpp_d': 8.057329182285729, 'ign_k': 4.59148521674054, 'ign_c': 16.626592254031866, 'trop_agb_crit': 5.707205898008383, 'trop_k_veg': 0.5695379443977426, 'fuel_k': 3.6992394681929355, 'fuel_half': 2.276766792290519}.
[I 2026-07-22 22:03:12,300] Trial 1495 finished with values: [-0.7252451764478979, 0.02212128051285711] and parameters: {'k1': 0.003242143344038315, 'D_low': 2311.854866544268, 'k2': 2.1698375693549493e-05, 'D_high': 1693415.5410667954, 'fire_exp': 1.0235915259015635, 'P_half': 1.4378290221680121, 'pre_dampen_half': 16.947745411989878, 'gpp_af': 0.3259758793317361, 'gpp_b': 0.00011277885258222645, 'gpp_d': 373.3014953695604, 'ign_k': 2.9663798365255736, 'ign_c': 16.626592254031866, 'trop_agb_crit': 5.707205898008383, 'trop_k_veg': 6.911478238001162, 'fuel_k': 0.7156083490235493, 'fuel_half': 16.371966573507315}.
[I 2026-07-22 22:03:12,741] Trial 1496 finished with values: [10.45707354310084, 10.45707354310084] and parameters: {'k1': 0.003242143344038315, 'D_low': 6628.4793055173495, 'k2': 0.003658518527736814, 'D_high': 2512533.442757688, 'fire_exp': 2.264545306066772, 'P_half': 1.4378290221680121, 'pre_dampen_half': 10.059683154936915, 'gpp_af': 1.4498445474033743, 'gpp_b': 0.00011277885258222645, 'gpp_d': 25.017068255320467, 'ign_k': 4.59148521674054, 'ign_c': 16.626592254031866, 'trop_agb_crit': 5.707205898008383, 'trop_k_veg': 1.7428926895756522, 'fuel_k': 4.1053408532534545, 'fuel_half': 16.371966573507315}.
[I 2026-07-22 22:03:13,177] Trial 1497 finished with values: [-0.7824869440019006, 0.027206738110020057] and parameters: {'k1': 0.003242143344038315, 'D_low': 91.66403471455098, 'k2': 2.1698375693549493e-05, 'D_high': 8433503.858791472, 'fire_exp': 2.2271826002669806, 'P_half': 1.4378290221680121, 'pre_dampen_half': 33.71909132517388, 'gpp_af': 0.3259758793317361, 'gpp_b': 0.002022832315155261, 'gpp_d': 373.3014953695604, 'ign_k': 2.9663798365255736, 'ign_c': 16.626592254031866, 'trop_agb_crit': 5.707205898008383, 'trop_k_veg': 1.7428926895756522, 'fuel_k': 0.8398846716543956, 'fuel_half': 38.21129441691226}.
[I 2026-07-22 22:03:13,613] Trial 1498 finished with values: [10.2388989513254, 10.2388989513254] and parameters: {'k1': 0.003242143344038315, 'D_low': 91.66403471455098, 'k2': 0.003658518527736814, 'D_high': 2512533.442757688, 'fire_exp': 2.3750840427797026, 'P_half': 1.4378290221680121, 'pre_dampen_half': 33.71909132517388, 'gpp_af': 0.3259758793317361, 'gpp_b': 0.002022832315155261, 'gpp_d': 373.3014953695604, 'ign_k': 4.59148521674054, 'ign_c': 16.626592254031866, 'trop_agb_crit': 3.18503092820536, 'trop_k_veg': 1.7428926895756522, 'fuel_k': 1.0527505957829522, 'fuel_half': 0.22120706380461633}.
[I 2026-07-22 22:03:14,050] Trial 1499 finished with values: [-0.7815173323095526, 0.02772296921462436] and parameters: {'k1': 0.003242143344038315, 'D_low': 91.66403471455098, 'k2': 0.030699709531122953, 'D_high': 2512533.442757688, 'fire_exp': 2.264545306066772, 'P_half': 1.6015537761747531, 'pre_dampen_half': 33.71909132517388, 'gpp_af': 0.3259758793317361, 'gpp_b': 0.002022832315155261, 'gpp_d': 373.3014953695604, 'ign_k': 4.59148521674054, 'ign_c': 16.626592254031866, 'trop_agb_crit': 10.719494362768906, 'trop_k_veg': 4.599337386928772, 'fuel_k': 0.02030479245853923, 'fuel_half': 38.21129441691226}.

[done] 1500 trials in 10.9 min
[pareto] 13 non-dominated trials, 13 with fp_score >= 0.8
[chosen] trial 1151: ILAMB=0.4981  fp_score=0.9487  ratio=1.27
[best] Bias=0.6101  RMSE=0.3239  Seas=0.7384  Spatial=0.4942  Overall=0.4981
[diag] raw rate land-mean (yr^-1): 0.2167  (target ~ 0.06082)
[write] /Volumes/RICHIE - T7/FIRE_OFFLINE/models/C/params.coupledE_bor.json
[write] /Volumes/RICHIE - T7/FIRE_OFFLINE/ilamb/MODELS/ED-ModelC-final/burntArea.coupledE_bor.nc  (9.8 MB)
========== DONE Boreal ==========
########## REGION=S.America TAG=coupledE_sam ##########
[setup] COUPLING-READY: climate (D_bar/T_air/P_*) + GPP all from global_baseline_modelC_inputs_1997-2016.nc ...
[setup] loading GFED5 reference from burntArea.nc ...
[setup] land cells (GFED5 burnable): 13916 / 64800 (21.5%)
[setup] GFED5 land-mean monthly frac: 0.005068
[opt] REGION=S.America: fitting 1662 land cells only
[opt] warm-start from params.coupledE_fx.json
[warm] Overall=0.6071  bias=0.6953 rmse=0.3646 seas=0.8005 spatial=0.8107
[opt] sampler=NSGAIISampler seed=42
[I 2026-07-22 22:03:25,858] A new study created in memory with name: no-name-78863653-4fe2-4ee3-aa8d-c38bd6a6959a
[opt] running 1500 trials against GFED5 ...
[I 2026-07-22 22:03:26,325] Trial 0 finished with values: [12.224886957194, 12.224886957194] and parameters: {'k1': 0.0008685306488754917, 'D_low': 2240.9155921647994, 'k2': 0.0010532624798722347, 'D_high': 6525529.853354094, 'fire_exp': 1.2585476857229763, 'P_half': 355.00125258511594, 'pre_dampen_half': 16.224010950061366, 'gpp_af': 0.03522602097143089, 'gpp_b': 0.00012118589392553798, 'gpp_d': 12.338826503601998, 'ign_k': 2.136832907235876, 'ign_c': 22.126836566118193, 'trop_agb_crit': 26.951029433343408, 'trop_k_veg': 2.724170387400844, 'fuel_k': 0.6149834196910364, 'fuel_half': 0.6603566884894324}.
[I 2026-07-22 22:03:26,757] Trial 1 finished with values: [10.769230768877819, 10.769230768877819] and parameters: {'k1': 0.00031489116479568613, 'D_low': 506157.68887523044, 'k2': 0.008471801418819975, 'D_high': 39079.671568228776, 'fire_exp': 1.1536818470031638, 'P_half': 4.2070539502879365, 'pre_dampen_half': 0.0195172246414495, 'gpp_af': 21.42302175774107, 'gpp_b': 0.040428727350273294, 'gpp_d': 34.70266988650409, 'ign_k': 0.0012087541473056963, 'ign_c': 757.9479953347992, 'trop_agb_crit': 16.967533607196547, 'trop_k_veg': 0.9008485225328876, 'fuel_k': 0.03199906289308566, 'fuel_half': 0.35498788321965025}.
[I 2026-07-22 22:03:27,182] Trial 2 finished with values: [10.763435853825412, 10.763435853825412] and parameters: {'k1': 0.00016480446427978953, 'D_low': 1407.7923139972395, 'k2': 0.0005342937261279771, 'D_high': 558.9524205217922, 'fire_exp': 1.751784769842796, 'P_half': 3.6138942712165267, 'pre_dampen_half': 0.2888838362365318, 'gpp_af': 0.06789053271698488, 'gpp_b': 0.0054502936945582505, 'gpp_d': 84.31013932082456, 'ign_k': 0.006290644294586149, 'ign_c': 11.40086370112731, 'trop_agb_crit': 7.500118950416987, 'trop_k_veg': 0.5687244174086067, 'fuel_k': 0.48736180483849406, 'fuel_half': 0.32476735706274484}.
[I 2026-07-22 22:03:27,601] Trial 3 finished with values: [10.76321295954394, 10.76321295954394] and parameters: {'k1': 1.8205657658407255e-05, 'D_low': 493529.62094020995, 'k2': 0.07286653737491042, 'D_high': 708572.1663941594, 'fire_exp': 1.3219590610242518, 'P_half': 2.458603276328005, 'pre_dampen_half': 26.373339933815235, 'gpp_af': 0.15876781526923997, 'gpp_b': 5.397956855996442e-05, 'gpp_d': 2.9914693021302137, 'ign_k': 0.0013726318898045872, 'ign_c': 433.79206974909323, 'trop_agb_crit': 2.411289811529197, 'trop_k_veg': 3.1385303007850824, 'fuel_k': 0.0734480915638841, 'fuel_half': 3.632486956676605}.
[I 2026-07-22 22:03:28,019] Trial 4 finished with values: [10.768949696029496, 10.768949696029496] and parameters: {'k1': 0.0015375920235481753, 'D_low': 12.856617791467924, 'k2': 0.0755681014127443, 'D_high': 447504.0191350906, 'fire_exp': 2.3651801035395126, 'P_half': 3795.8531426706395, 'pre_dampen_half': 9.761125443110448, 'gpp_af': 40.67908494359547, 'gpp_b': 3.395900933162749e-05, 'gpp_d': 0.09548041810464164, 'ign_k': 0.0015167330688076208, 'ign_c': 2.0013420622879967, 'trop_agb_crit': 3.7507963596256046, 'trop_k_veg': 1.0609790190334525, 'fuel_k': 2.006125726290936, 'fuel_half': 1.1756010900231848}.
