[I 2026-07-25 00:37:15,381] Trial 1020 finished with value: 0.5771544945107994 and parameters: {'k1': 8.464031409288828e-05, 'D_low': 5.481115699515948, 'k2': 0.00011544564358559888, 'D_high': 4244651.40650075, 'fire_exp': 1.1553108546861042, 'P_half': 453.91209380434725, 'pre_dampen_half': 0.58041010175937, 'gpp_af': 1.0997606867366148, 'gpp_b': 0.0016251919333201805, 'gpp_d': 3.285379740966078, 'ign_k': 0.013280107107047237, 'ign_c': 361.1240249223657, 'trop_agb_crit': 20.8209802551736, 'trop_k_veg': 0.705908500435058, 'gdp_gamma': 0.9578368046500925, 'cure_k': 0.0031748031556126798, 'cure_p_min': 83.25479263277576, 'cure_gpp_ref': 0.12522720204825638, 'cure_agb_crit': 1.5586306812885729, 'fuel_k': 0.9624350097924222, 'fuel_half': 29.68124689945155}. Best is trial 577 with value: -0.629883323094065.
[I 2026-07-25 00:37:15,840] Trial 1021 finished with value: 0.5284497946862027 and parameters: {'k1': 0.04730962066293207, 'D_low': 32.64650690910278, 'k2': 1.2837767195099386e-05, 'D_high': 109469.14268819777, 'fire_exp': 1.477640077844313, 'P_half': 88.57987655068966, 'pre_dampen_half': 0.5816889184471595, 'gpp_af': 0.022009028867486097, 'gpp_b': 7.324204313866934, 'gpp_d': 612.9640225302859, 'ign_k': 2.0640363278067806, 'ign_c': 62.62986796224338, 'trop_agb_crit': 11.755010167935303, 'trop_k_veg': 5.0903819214681425, 'gdp_gamma': 0.5192273587187867, 'cure_k': 0.07106869287676912, 'cure_p_min': 301.5934417332237, 'cure_gpp_ref': 0.9628176196209566, 'cure_agb_crit': 4.616348692202911, 'fuel_k': 0.053045793222709595, 'fuel_half': 8.791680963437113}. Best is trial 577 with value: -0.629883323094065.
[I 2026-07-25 00:37:16,299] Trial 1022 finished with value: 0.5932690618598454 and parameters: {'k1': 0.08591580913504472, 'D_low': 549.2680118449325, 'k2': 0.07825259312116717, 'D_high': 3351693.3110607443, 'fire_exp': 1.0803844017120265, 'P_half': 2533.29223813656, 'pre_dampen_half': 145.07820794433653, 'gpp_af': 0.0025304015819370366, 'gpp_b': 0.0001216094950077024, 'gpp_d': 8.79111829158379, 'ign_k': 0.020402920497803935, 'ign_c': 278.8550613884211, 'trop_agb_crit': 22.19416626787284, 'trop_k_veg': 0.5097658222275031, 'gdp_gamma': 0.6375866630860032, 'cure_k': 0.00689096773827659, 'cure_p_min': 336.9941297075705, 'cure_gpp_ref': 0.30408995137567196, 'cure_agb_crit': 2.79560406708582, 'fuel_k': 2.2308157206570356, 'fuel_half': 16.292655387780762}. Best is trial 577 with value: -0.629883323094065.
[I 2026-07-25 00:37:16,867] Trial 1023 finished with value: 0.6205565244808287 and parameters: {'k1': 0.001638368268459009, 'D_low': 1665.928448913941, 'k2': 1.517413709877664e-05, 'D_high': 9757317.016775442, 'fire_exp': 2.2446142698709277, 'P_half': 1.1216120748790988, 'pre_dampen_half': 42.3556133552166, 'gpp_af': 0.00753168526561381, 'gpp_b': 0.00012198105141098733, 'gpp_d': 89.69095558781369, 'ign_k': 1.5908327144308732, 'ign_c': 2.722304557128842, 'trop_agb_crit': 1.519578587455226, 'trop_k_veg': 0.9351370092307719, 'gdp_gamma': 1.0863926177776686, 'cure_k': 0.2042062993285061, 'cure_p_min': 309.1683938764677, 'cure_gpp_ref': 0.05095931976942978, 'cure_agb_crit': 4.239605679348603, 'fuel_k': 0.04652978473426281, 'fuel_half': 93.58367145516017}. Best is trial 577 with value: -0.629883323094065.
[I 2026-07-25 00:37:17,359] Trial 1024 finished with value: 0.5394062327420964 and parameters: {'k1': 7.880398264856534e-05, 'D_low': 176.87407500418473, 'k2': 0.0008461147140142905, 'D_high': 2934015.441624157, 'fire_exp': 1.8295411681602498, 'P_half': 16.422554705157076, 'pre_dampen_half': 0.03157715138879488, 'gpp_af': 0.0024230736555076247, 'gpp_b': 0.0004137406671113576, 'gpp_d': 0.9697973145812796, 'ign_k': 0.004552791982592459, 'ign_c': 5.995980588807314, 'trop_agb_crit': 2.446671826796189, 'trop_k_veg': 1.5409938156391736, 'gdp_gamma': 0.604721923864265, 'cure_k': 0.04174450304868429, 'cure_p_min': 378.65042152653234, 'cure_gpp_ref': 0.12618484052203294, 'cure_agb_crit': 1.3392131361341646, 'fuel_k': 0.1257844072977285, 'fuel_half': 18.96143250770939}. Best is trial 577 with value: -0.629883323094065.
[I 2026-07-25 00:37:17,844] Trial 1025 finished with value: 0.4460699545987772 and parameters: {'k1': 0.04731053390397398, 'D_low': 3.1081046826127396, 'k2': 0.000266134451679375, 'D_high': 562980.7781751534, 'fire_exp': 1.7086970710004343, 'P_half': 110.70062170750573, 'pre_dampen_half': 0.916954012751309, 'gpp_af': 0.6012236202405593, 'gpp_b': 0.15047046492002192, 'gpp_d': 57.121538014981766, 'ign_k': 0.3961989169357853, 'ign_c': 14.305328314769183, 'trop_agb_crit': 11.872944830503286, 'trop_k_veg': 5.033199234267002, 'gdp_gamma': 0.06633450305254808, 'cure_k': 0.10830809883764093, 'cure_p_min': 348.049236527244, 'cure_gpp_ref': 1.2670656332925916, 'cure_agb_crit': 6.742585249406139, 'fuel_k': 0.06904082738749862, 'fuel_half': 0.7419498333302713}. Best is trial 577 with value: -0.629883323094065.
[I 2026-07-25 00:37:18,303] Trial 1026 finished with value: 0.5808090696183076 and parameters: {'k1': 0.00013254521069535523, 'D_low': 2951.5970332108145, 'k2': 3.233913656748658e-05, 'D_high': 111663.36158758274, 'fire_exp': 1.2975744756965815, 'P_half': 368.1928934274027, 'pre_dampen_half': 0.013215638950338707, 'gpp_af': 2.109419296623062, 'gpp_b': 0.07335789788114452, 'gpp_d': 5.6358338550559575, 'ign_k': 0.02167718079316444, 'ign_c': 5.279208073499938, 'trop_agb_crit': 23.901098586459305, 'trop_k_veg': 1.2013165283738003, 'gdp_gamma': 0.11496820053191303, 'cure_k': 0.0025740827691847806, 'cure_p_min': 336.97687277784735, 'cure_gpp_ref': 1.9964944685528565, 'cure_agb_crit': 3.6932472368116773, 'fuel_k': 0.03442465537961887, 'fuel_half': 0.3798594948020211}. Best is trial 577 with value: -0.629883323094065.
[I 2026-07-25 00:37:18,767] Trial 1027 finished with value: 0.5947902442628084 and parameters: {'k1': 0.02953715176311185, 'D_low': 26.605611761348474, 'k2': 0.022401510403303966, 'D_high': 38539.491002795, 'fire_exp': 2.3625296830351847, 'P_half': 7634.4421232246805, 'pre_dampen_half': 738.7218275303798, 'gpp_af': 0.019403393173119093, 'gpp_b': 1.736217747694603e-05, 'gpp_d': 3.9647453642814723, 'ign_k': 0.023860201963669128, 'ign_c': 11.137126111735913, 'trop_agb_crit': 12.377060773863727, 'trop_k_veg': 0.593034146681144, 'gdp_gamma': 0.738655040086588, 'cure_k': 0.0015718141834851456, 'cure_p_min': 244.39718666235157, 'cure_gpp_ref': 0.36758170330818873, 'cure_agb_crit': 1.855098844214368, 'fuel_k': 0.49282506050580815, 'fuel_half': 55.45964793028186}. Best is trial 577 with value: -0.629883323094065.
[I 2026-07-25 00:37:19,231] Trial 1028 finished with value: 0.4693516523770562 and parameters: {'k1': 0.020347775375667114, 'D_low': 1919.0922006317928, 'k2': 5.5484721721345406e-05, 'D_high': 1077640.4455321839, 'fire_exp': 1.6088377196419306, 'P_half': 113.52014419111696, 'pre_dampen_half': 0.12932355679603033, 'gpp_af': 22.65206407812139, 'gpp_b': 0.8280679549618485, 'gpp_d': 8.108815228439008, 'ign_k': 1.5611100612564563, 'ign_c': 0.7575901453965516, 'trop_agb_crit': 6.841926045501295, 'trop_k_veg': 7.434611663868841, 'gdp_gamma': 0.34771310768040453, 'cure_k': 0.10055332574476215, 'cure_p_min': 273.43812857016724, 'cure_gpp_ref': 1.7837411932286371, 'cure_agb_crit': 4.317597983331519, 'fuel_k': 0.14597519254703945, 'fuel_half': 3.123859679799599}. Best is trial 577 with value: -0.629883323094065.
[I 2026-07-25 00:37:19,690] Trial 1029 finished with value: 0.5833507037279838 and parameters: {'k1': 0.003999140428617081, 'D_low': 1.3042361036312253, 'k2': 0.001711726548669651, 'D_high': 77179.37767024197, 'fire_exp': 2.4703744307708795, 'P_half': 36.51552714534772, 'pre_dampen_half': 14.147983121669327, 'gpp_af': 0.34986730611881983, 'gpp_b': 0.010317972553980292, 'gpp_d': 17.270599187148406, 'ign_k': 0.005712567873967058, 'ign_c': 303.2231203219654, 'trop_agb_crit': 24.99733647259771, 'trop_k_veg': 1.293701951441335, 'gdp_gamma': 0.2233277878672578, 'cure_k': 0.014188832409684752, 'cure_p_min': 95.04621044968131, 'cure_gpp_ref': 0.0696438924877661, 'cure_agb_crit': 1.952481625788414, 'fuel_k': 0.1361808578487806, 'fuel_half': 1.643554515918976}. Best is trial 577 with value: -0.629883323094065.
[I 2026-07-25 00:37:20,153] Trial 1030 finished with value: 0.6171564339258184 and parameters: {'k1': 0.00123396294750706, 'D_low': 6.110703045899122, 'k2': 0.00020761578363595723, 'D_high': 179353.74591498353, 'fire_exp': 4.069705085047502, 'P_half': 87.0397315780039, 'pre_dampen_half': 2.6913456118227415, 'gpp_af': 5.344605918448788, 'gpp_b': 0.010752032309466827, 'gpp_d': 6.652295291705663, 'ign_k': 0.004914576896299537, 'ign_c': 8.756783347544461, 'trop_agb_crit': 11.616626543459459, 'trop_k_veg': 0.541347039116155, 'gdp_gamma': 1.4027436213594786, 'cure_k': 0.7271404113067844, 'cure_p_min': 138.74144590090643, 'cure_gpp_ref': 0.3892578426288774, 'cure_agb_crit': 3.513269887673464, 'fuel_k': 0.08167564493743894, 'fuel_half': 0.2670235173923936}. Best is trial 577 with value: -0.629883323094065.
[I 2026-07-25 00:37:20,619] Trial 1031 finished with value: 0.5840899102625805 and parameters: {'k1': 0.0025389622437987872, 'D_low': 261.26964430845425, 'k2': 0.00033118992755585793, 'D_high': 46666.185491370205, 'fire_exp': 2.7043232738808753, 'P_half': 89.71384600867195, 'pre_dampen_half': 0.38066920474578086, 'gpp_af': 1.7637942406962148, 'gpp_b': 0.011490578718634056, 'gpp_d': 45.45341496954387, 'ign_k': 0.10953152315319038, 'ign_c': 63.60880115271486, 'trop_agb_crit': 7.158910518433325, 'trop_k_veg': 1.9923235665822727, 'gdp_gamma': 1.3779121160580268, 'cure_k': 0.01422079139712027, 'cure_p_min': 345.6306541568993, 'cure_gpp_ref': 1.4643327752382163, 'cure_agb_crit': 2.0498262883911234, 'fuel_k': 0.0292770609497633, 'fuel_half': 2.3287373363574946}. Best is trial 577 with value: -0.629883323094065.
[I 2026-07-25 00:37:21,083] Trial 1032 finished with value: 0.5876251272208016 and parameters: {'k1': 0.0005762864773579499, 'D_low': 9183.179131189563, 'k2': 9.238179918102018e-05, 'D_high': 6397.526114757851, 'fire_exp': 1.2800714670855944, 'P_half': 197.83531557564712, 'pre_dampen_half': 10.09504934972743, 'gpp_af': 13.606175232266445, 'gpp_b': 0.09456687697887792, 'gpp_d': 81.49119993464573, 'ign_k': 0.02495336365483792, 'ign_c': 11.082258266316211, 'trop_agb_crit': 23.89813576284815, 'trop_k_veg': 1.717412111640989, 'gdp_gamma': 0.23946446129309437, 'cure_k': 0.003941425264099779, 'cure_p_min': 231.2858693769311, 'cure_gpp_ref': 0.8323846692044746, 'cure_agb_crit': 2.424064983126037, 'fuel_k': 0.07451666427857197, 'fuel_half': 0.20792920309531093}. Best is trial 577 with value: -0.629883323094065.
[I 2026-07-25 00:37:21,545] Trial 1033 finished with value: 0.5747790908717294 and parameters: {'k1': 0.058118449223183336, 'D_low': 6523.899263740651, 'k2': 0.0015993495697587427, 'D_high': 74825.14585382317, 'fire_exp': 4.4831670700411435, 'P_half': 392.6121685642299, 'pre_dampen_half': 69.30287885664931, 'gpp_af': 0.15296836031173808, 'gpp_b': 8.875551451570395e-05, 'gpp_d': 597.9335617741251, 'ign_k': 0.04981897677182754, 'ign_c': 10.936903441021062, 'trop_agb_crit': 15.491741679933122, 'trop_k_veg': 1.5033655037758802, 'gdp_gamma': 0.5585151703002338, 'cure_k': 0.002401657791764977, 'cure_p_min': 353.56854335521837, 'cure_gpp_ref': 0.783295134471454, 'cure_agb_crit': 3.7720216465746734, 'fuel_k': 0.26848589461189243, 'fuel_half': 90.24220450235862}. Best is trial 577 with value: -0.629883323094065.
[I 2026-07-25 00:37:22,006] Trial 1034 finished with value: 0.5391145897521328 and parameters: {'k1': 0.06335367218743378, 'D_low': 3625.6666583425795, 'k2': 0.04264565274077975, 'D_high': 1055313.5750278195, 'fire_exp': 2.6633176932138403, 'P_half': 807.565110452186, 'pre_dampen_half': 87.08653464555083, 'gpp_af': 0.03381639580062632, 'gpp_b': 1.5289464972933653e-05, 'gpp_d': 103.8249556413656, 'ign_k': 0.024972438852294512, 'ign_c': 16.674890441818377, 'trop_agb_crit': 17.250220352301604, 'trop_k_veg': 0.6390346558864551, 'gdp_gamma': 0.6251316168646902, 'cure_k': 0.007975792345333016, 'cure_p_min': 145.8225888360748, 'cure_gpp_ref': 0.22254046372370212, 'cure_agb_crit': 4.887735872307368, 'fuel_k': 0.34148564992411273, 'fuel_half': 92.97608404218998}. Best is trial 577 with value: -0.629883323094065.
[I 2026-07-25 00:37:22,472] Trial 1035 finished with value: 0.567808525298143 and parameters: {'k1': 0.002764537773736869, 'D_low': 4.942252102713543, 'k2': 0.004996888038940582, 'D_high': 1825247.5335968349, 'fire_exp': 1.6421262665192864, 'P_half': 17.805748975256673, 'pre_dampen_half': 7.3842953036017285, 'gpp_af': 1.0142345261642849, 'gpp_b': 0.000492057847401608, 'gpp_d': 348.6549916171969, 'ign_k': 0.009446496600010184, 'ign_c': 45.83369753776928, 'trop_agb_crit': 23.944142338160326, 'trop_k_veg': 0.5678046259304881, 'gdp_gamma': 1.6439849020537274, 'cure_k': 0.375372716491013, 'cure_p_min': 106.36283536413508, 'cure_gpp_ref': 0.2232210473511659, 'cure_agb_crit': 1.8138017681540983, 'fuel_k': 0.019042196180622382, 'fuel_half': 0.8237359621927248}. Best is trial 577 with value: -0.629883323094065.
[I 2026-07-25 00:37:22,930] Trial 1036 finished with value: 0.5304304920650448 and parameters: {'k1': 0.0014814733584911667, 'D_low': 1.762450297508491, 'k2': 1.9485028689656096e-05, 'D_high': 22905.19830339661, 'fire_exp': 1.0863287306117295, 'P_half': 118.90490430016416, 'pre_dampen_half': 0.5837575715196408, 'gpp_af': 1.8141239504049793, 'gpp_b': 1.0112631290965226, 'gpp_d': 9.646731084983498, 'ign_k': 0.4477416997111597, 'ign_c': 0.9139689370151385, 'trop_agb_crit': 4.166861862323086, 'trop_k_veg': 5.753683486887671, 'gdp_gamma': 0.2909874731242225, 'cure_k': 0.012255606877775571, 'cure_p_min': 398.6218255574875, 'cure_gpp_ref': 1.8093377150084262, 'cure_agb_crit': 3.325538659969663, 'fuel_k': 0.1018210078345925, 'fuel_half': 1.2116291143445912}. Best is trial 577 with value: -0.629883323094065.
[I 2026-07-25 00:37:23,391] Trial 1037 finished with value: -0.5843467486849153 and parameters: {'k1': 0.02197884180052495, 'D_low': 1363.7848069240758, 'k2': 1.7929034558205084e-05, 'D_high': 280662.112100176, 'fire_exp': 1.2577765026889667, 'P_half': 332.41599145303485, 'pre_dampen_half': 2.221587912146102, 'gpp_af': 2.2981139995329785, 'gpp_b': 4.1963852512860305, 'gpp_d': 711.8506379248291, 'ign_k': 0.12083262255109385, 'ign_c': 49.898572834628105, 'trop_agb_crit': 16.15159984736815, 'trop_k_veg': 6.696822627744825, 'gdp_gamma': 0.257443952501912, 'cure_k': 0.36093155869013016, 'cure_p_min': 393.478723043119, 'cure_gpp_ref': 1.15384749942837, 'cure_agb_crit': 3.993309702009815, 'fuel_k': 0.035778844557550885, 'fuel_half': 2.221443776935598}. Best is trial 577 with value: -0.629883323094065.
[I 2026-07-25 00:37:23,857] Trial 1038 finished with value: -0.5534785901128578 and parameters: {'k1': 0.0861559346415976, 'D_low': 70.01432680232709, 'k2': 0.020576367665529078, 'D_high': 27264.516500511585, 'fire_exp': 1.8251902720377928, 'P_half': 56.14960065297526, 'pre_dampen_half': 161.61218811101523, 'gpp_af': 0.007812447639523187, 'gpp_b': 0.00012682043578420506, 'gpp_d': 113.74388980261433, 'ign_k': 0.006641849623128799, 'ign_c': 3.9442569184412273, 'trop_agb_crit': 11.934366200333386, 'trop_k_veg': 0.8421487674324102, 'gdp_gamma': 0.3783265489427538, 'cure_k': 0.0022108516595904172, 'cure_p_min': 336.2476372360904, 'cure_gpp_ref': 0.19487440445087081, 'cure_agb_crit': 1.5387793854045264, 'fuel_k': 0.4522279159733027, 'fuel_half': 34.75503656276876}. Best is trial 577 with value: -0.629883323094065.
[I 2026-07-25 00:37:24,315] Trial 1039 finished with value: -0.6291694174575534 and parameters: {'k1': 0.0634908237279947, 'D_low': 155.8430825047472, 'k2': 0.008154260364744991, 'D_high': 8672371.014670597, 'fire_exp': 1.4194809396042034, 'P_half': 897.2493640819216, 'pre_dampen_half': 8.67882571427709, 'gpp_af': 0.0020261364719417127, 'gpp_b': 2.8650943754503473e-05, 'gpp_d': 87.71540938511157, 'ign_k': 0.005352661939203265, 'ign_c': 0.7016305883809126, 'trop_agb_crit': 26.247902247282774, 'trop_k_veg': 0.7081819376165499, 'gdp_gamma': 0.8895851722991968, 'cure_k': 0.002391415262244507, 'cure_p_min': 286.3208417147592, 'cure_gpp_ref': 0.5439182939321099, 'cure_agb_crit': 1.1138681014643055, 'fuel_k': 0.11928925439303191, 'fuel_half': 87.04400472006036}. Best is trial 577 with value: -0.629883323094065.
[I 2026-07-25 00:37:24,778] Trial 1040 finished with value: -0.5869814830455713 and parameters: {'k1': 0.06995453967779632, 'D_low': 928.1101003408222, 'k2': 0.016776026732507096, 'D_high': 5886350.032979709, 'fire_exp': 1.1892873358765759, 'P_half': 5441.092343927858, 'pre_dampen_half': 207.73130285624165, 'gpp_af': 0.002158416859501211, 'gpp_b': 0.00030557851538147966, 'gpp_d': 80.4721850056946, 'ign_k': 0.1484975687958894, 'ign_c': 0.2019723258576889, 'trop_agb_crit': 11.455099660280831, 'trop_k_veg': 0.668156385317733, 'gdp_gamma': 1.0849305982783604, 'cure_k': 0.0036720707601356397, 'cure_p_min': 292.28503145727603, 'cure_gpp_ref': 0.3476057773843636, 'cure_agb_crit': 1.5239969924775871, 'fuel_k': 0.09984106118893817, 'fuel_half': 59.10485317446752}. Best is trial 577 with value: -0.629883323094065.
[I 2026-07-25 00:37:25,237] Trial 1041 finished with value: 0.442210498672698 and parameters: {'k1': 0.005744308810820349, 'D_low': 35.92320990111173, 'k2': 0.0014623824332257946, 'D_high': 5801001.01506127, 'fire_exp': 1.0045113298534403, 'P_half': 8.050059652241337, 'pre_dampen_half': 1.7259409429979642, 'gpp_af': 0.013631816406144292, 'gpp_b': 4.500763807808945e-05, 'gpp_d': 4.605559621934743, 'ign_k': 0.010861107666917046, 'ign_c': 0.4853574531808458, 'trop_agb_crit': 18.203539083720774, 'trop_k_veg': 1.0875611397778042, 'gdp_gamma': 0.5152022559445499, 'cure_k': 0.0045292838957642426, 'cure_p_min': 309.47441074728624, 'cure_gpp_ref': 0.6029762054131335, 'cure_agb_crit': 2.367874455703681, 'fuel_k': 0.11241441786957583, 'fuel_half': 57.651313339860586}. Best is trial 577 with value: -0.629883323094065.
[I 2026-07-25 00:37:25,697] Trial 1042 finished with value: 0.5897985973191526 and parameters: {'k1': 0.0002973228040901557, 'D_low': 4545.855332511687, 'k2': 0.0011982859008695514, 'D_high': 2318984.6952482816, 'fire_exp': 1.2530145846294323, 'P_half': 4.330225006076023, 'pre_dampen_half': 16.603345445412497, 'gpp_af': 0.004996779512938719, 'gpp_b': 0.5108491142400906, 'gpp_d': 0.0239423622368046, 'ign_k': 0.026187263038670666, 'ign_c': 0.15012339583722498, 'trop_agb_crit': 7.859192959274136, 'trop_k_veg': 2.996015745049445, 'gdp_gamma': 0.4408656899201107, 'cure_k': 0.022795601647156043, 'cure_p_min': 293.996368281676, 'cure_gpp_ref': 0.06860004523038946, 'cure_agb_crit': 2.4968475769416507, 'fuel_k': 1.3685818159652337, 'fuel_half': 9.180241114278513}. Best is trial 577 with value: -0.629883323094065.
[I 2026-07-25 00:37:26,159] Trial 1043 finished with value: 0.5978186011690456 and parameters: {'k1': 0.00015161939725824133, 'D_low': 3.6600063474063806, 'k2': 3.750978054999856e-05, 'D_high': 416437.2625562638, 'fire_exp': 1.5820000613393825, 'P_half': 81.42661703855272, 'pre_dampen_half': 8.486310046403666, 'gpp_af': 1.7825012676573626, 'gpp_b': 0.314746518622426, 'gpp_d': 143.96704472479826, 'ign_k': 0.27349036408232563, 'ign_c': 50.58871349576952, 'trop_agb_crit': 4.417132085065578, 'trop_k_veg': 3.3957554243905763, 'gdp_gamma': 0.9107361727042669, 'cure_k': 0.005267773131164325, 'cure_p_min': 269.69886983394474, 'cure_gpp_ref': 1.3233118883418262, 'cure_agb_crit': 4.100813305303356, 'fuel_k': 0.026596096451738747, 'fuel_half': 9.890300721393624}. Best is trial 577 with value: -0.629883323094065.
[I 2026-07-25 00:37:26,616] Trial 1044 finished with value: 0.5856756745005042 and parameters: {'k1': 0.03348394828856738, 'D_low': 4.034306265547659, 'k2': 0.0009065355253751866, 'D_high': 154599.6794099392, 'fire_exp': 1.0153680202650057, 'P_half': 217.19577057010054, 'pre_dampen_half': 0.14874325153680196, 'gpp_af': 0.030533081888895728, 'gpp_b': 2.984786524855793, 'gpp_d': 69.6283621064604, 'ign_k': 0.9896949687889576, 'ign_c': 5.145378813600301, 'trop_agb_crit': 8.947534450410341, 'trop_k_veg': 7.498349594400719, 'gdp_gamma': 0.15137363779524765, 'cure_k': 0.022327052194240315, 'cure_p_min': 358.0842251632702, 'cure_gpp_ref': 1.3485061470030157, 'cure_agb_crit': 3.7225361234161203, 'fuel_k': 0.014213935646975484, 'fuel_half': 3.448326069790741}. Best is trial 577 with value: -0.629883323094065.
[I 2026-07-25 00:37:27,076] Trial 1045 finished with value: 0.4819258252149591 and parameters: {'k1': 0.0021301347741117253, 'D_low': 81.18267018887518, 'k2': 0.0021984294863291935, 'D_high': 3088655.561412946, 'fire_exp': 1.1895871410805048, 'P_half': 291.826043223203, 'pre_dampen_half': 2.236472057190948, 'gpp_af': 0.0016024223688723626, 'gpp_b': 6.022246857822575e-05, 'gpp_d': 499.04638499006376, 'ign_k': 0.00713194533601575, 'ign_c': 13.44308871634215, 'trop_agb_crit': 26.22988143390581, 'trop_k_veg': 1.8698034729530764, 'gdp_gamma': 0.1524211853121226, 'cure_k': 0.0019088218054662358, 'cure_p_min': 130.37257794922667, 'cure_gpp_ref': 0.18882153592993223, 'cure_agb_crit': 5.7090768479906755, 'fuel_k': 0.04253302024672534, 'fuel_half': 24.793323525095424}. Best is trial 577 with value: -0.629883323094065.
[I 2026-07-25 00:37:27,538] Trial 1046 finished with value: 0.5367572585153961 and parameters: {'k1': 0.09423856498044988, 'D_low': 985.1667069410033, 'k2': 0.006948119529046829, 'D_high': 773693.9490561389, 'fire_exp': 1.9610787966620762, 'P_half': 424.40281838695626, 'pre_dampen_half': 4.294960163098514, 'gpp_af': 0.0177896861135222, 'gpp_b': 0.0006532415361553905, 'gpp_d': 33.991497533584464, 'ign_k': 0.0012310969344138743, 'ign_c': 0.7543761216006822, 'trop_agb_crit': 27.522986813135635, 'trop_k_veg': 0.5483543457065055, 'gdp_gamma': 0.30074655950894486, 'cure_k': 0.030137996629154444, 'cure_p_min': 271.05210316330744, 'cure_gpp_ref': 0.6815769728383901, 'cure_agb_crit': 1.6803714637375018, 'fuel_k': 0.11869703662594389, 'fuel_half': 18.56085599297036}. Best is trial 577 with value: -0.629883323094065.
