[I 2026-06-10 18:03:40,312] Trial 1665 finished with values: [10.738365920035296, 10.738365920035296] and parameters: {'k1': 0.028401063201780267, 'D_low': 24.28756508761176, 'k2': 3.152468275632564e-05, 'D_high': 35.136541394511, 'fire_exp': 1.5191397119156032, 'P_half': 509.66545173423333, 'pre_dampen_half': 8.259599205585761, 'gpp_af': 0.10098504976210308, 'gpp_b': 1.1008110571039521e-05, 'gpp_d': 545.0253444559129, 'ign_k': 3.965503094323014, 'ign_c': 22.126836566118193, 'trop_agb_crit': 1.5033346993841157, 'trop_k_veg': 2.724170387400844, 'fire_amp': 1.5719333351012774}.
[I 2026-06-10 18:03:41,799] Trial 1666 finished with values: [-0.7311736415502776, 0.14395611535394204] and parameters: {'k1': 0.016973078532467004, 'D_low': 1.873653322520581, 'k2': 0.0001016707987819611, 'D_high': 2427.054417940131, 'fire_exp': 1.4690410989404576, 'P_half': 157.80309954142965, 'pre_dampen_half': 8.259599205585761, 'gpp_af': 13.878626787853879, 'gpp_b': 1.1008110571039521e-05, 'gpp_d': 545.0253444559129, 'ign_k': 3.965503094323014, 'ign_c': 22.126836566118193, 'trop_agb_crit': 1.5033346993841157, 'trop_k_veg': 2.724170387400844, 'fire_amp': 5.44779717154213}.
[I 2026-06-10 18:03:43,211] Trial 1667 finished with values: [10.560793938568075, 10.560793938568075] and parameters: {'k1': 0.07119679541167405, 'D_low': 43.2326421037033, 'k2': 0.0001016707987819611, 'D_high': 35.136541394511, 'fire_exp': 1.970694916682961, 'P_half': 3.591771421517613, 'pre_dampen_half': 269.0845367054866, 'gpp_af': 0.8057329182285734, 'gpp_b': 1.1008110571039521e-05, 'gpp_d': 545.0253444559129, 'ign_k': 3.965503094323014, 'ign_c': 22.126836566118193, 'trop_agb_crit': 1.5033346993841157, 'trop_k_veg': 0.5535297685306277, 'fire_amp': 5.44779717154213}.
[I 2026-06-10 18:03:44,577] Trial 1668 finished with values: [10.264625208247455, 10.264625208247455] and parameters: {'k1': 0.028401063201780267, 'D_low': 43.2326421037033, 'k2': 0.0001016707987819611, 'D_high': 2427.054417940131, 'fire_exp': 1.5191397119156032, 'P_half': 3.591771421517613, 'pre_dampen_half': 8.259599205585761, 'gpp_af': 0.10098504976210308, 'gpp_b': 0.00012118589392553798, 'gpp_d': 12.338826503601998, 'ign_k': 5.276924233362289, 'ign_c': 22.126836566118193, 'trop_agb_crit': 1.5033346993841157, 'trop_k_veg': 0.5535297685306277, 'fire_amp': 3.8987618470047547}.
[I 2026-06-10 18:03:45,925] Trial 1669 finished with values: [10.542427996761338, 10.542427996761338] and parameters: {'k1': 0.028401063201780267, 'D_low': 43.2326421037033, 'k2': 0.045914852167405346, 'D_high': 2701.5988102078472, 'fire_exp': 1.4572158037266703, 'P_half': 157.80309954142965, 'pre_dampen_half': 8.259599205585761, 'gpp_af': 0.8057329182285734, 'gpp_b': 1.1008110571039521e-05, 'gpp_d': 12.338826503601998, 'ign_k': 0.0011409355455359782, 'ign_c': 22.126836566118193, 'trop_agb_crit': 6.128416443551616, 'trop_k_veg': 2.724170387400844, 'fire_amp': 1.1202509284327942}.
[I 2026-06-10 18:03:47,355] Trial 1670 finished with values: [10.1537143065749, 10.1537143065749] and parameters: {'k1': 0.008942893817759931, 'D_low': 43.2326421037033, 'k2': 0.0001016707987819611, 'D_high': 2427.054417940131, 'fire_exp': 1.4690410989404576, 'P_half': 157.80309954142965, 'pre_dampen_half': 8.259599205585761, 'gpp_af': 0.10098504976210308, 'gpp_b': 1.1008110571039521e-05, 'gpp_d': 12.338826503601998, 'ign_k': 3.965503094323014, 'ign_c': 22.126836566118193, 'trop_agb_crit': 1.5033346993841157, 'trop_k_veg': 2.724170387400844, 'fire_amp': 4.457492910914523}.
[I 2026-06-10 18:03:49,671] Trial 1671 finished with values: [10.481766924034794, 10.481766924034794] and parameters: {'k1': 0.028401063201780267, 'D_low': 1.873653322520581, 'k2': 0.045914852167405346, 'D_high': 839.2504050877119, 'fire_exp': 1.5191397119156032, 'P_half': 3.591771421517613, 'pre_dampen_half': 8.259599205585761, 'gpp_af': 0.10098504976210308, 'gpp_b': 1.1008110571039521e-05, 'gpp_d': 545.0253444559129, 'ign_k': 3.965503094323014, 'ign_c': 22.126836566118193, 'trop_agb_crit': 1.5033346993841157, 'trop_k_veg': 2.724170387400844, 'fire_amp': 5.44779717154213}.
[I 2026-06-10 18:03:51,060] Trial 1672 finished with values: [10.28376792009248, 10.28376792009248] and parameters: {'k1': 0.028401063201780267, 'D_low': 43.2326421037033, 'k2': 0.045914852167405346, 'D_high': 839.2504050877119, 'fire_exp': 1.5191397119156032, 'P_half': 157.80309954142965, 'pre_dampen_half': 50.39421212948868, 'gpp_af': 0.10098504976210308, 'gpp_b': 7.19617512632334e-05, 'gpp_d': 12.338826503601998, 'ign_k': 5.276924233362289, 'ign_c': 22.126836566118193, 'trop_agb_crit': 1.5033346993841157, 'trop_k_veg': 0.5535297685306277, 'fire_amp': 3.8987618470047547}.
[I 2026-06-10 18:03:52,524] Trial 1673 finished with values: [10.891278234084952, 10.891278234084952] and parameters: {'k1': 0.028401063201780267, 'D_low': 1032.0760237343195, 'k2': 0.0001016707987819611, 'D_high': 2427.054417940131, 'fire_exp': 5.873849057574217, 'P_half': 157.80309954142965, 'pre_dampen_half': 19.620161521276803, 'gpp_af': 0.10098504976210308, 'gpp_b': 0.00012118589392553798, 'gpp_d': 545.0253444559129, 'ign_k': 3.965503094323014, 'ign_c': 22.126836566118193, 'trop_agb_crit': 6.128416443551616, 'trop_k_veg': 2.724170387400844, 'fire_amp': 5.44779717154213}.
[I 2026-06-10 18:03:53,933] Trial 1674 finished with values: [10.625661080271945, 10.625661080271945] and parameters: {'k1': 2.820470499715577e-05, 'D_low': 1160.0153368569115, 'k2': 0.045914852167405346, 'D_high': 24192.779028783036, 'fire_exp': 1.4572158037266703, 'P_half': 157.80309954142965, 'pre_dampen_half': 8.259599205585761, 'gpp_af': 0.10098504976210308, 'gpp_b': 0.048042398959300715, 'gpp_d': 12.338826503601998, 'ign_k': 3.965503094323014, 'ign_c': 22.126836566118193, 'trop_agb_crit': 1.5033346993841157, 'trop_k_veg': 4.908089431313105, 'fire_amp': 5.44779717154213}.
[I 2026-06-10 18:03:55,517] Trial 1675 finished with values: [10.135765161723937, 10.135765161723937] and parameters: {'k1': 0.028401063201780267, 'D_low': 12.105387404469584, 'k2': 0.0001016707987819611, 'D_high': 35.136541394511, 'fire_exp': 1.5191397119156032, 'P_half': 157.80309954142965, 'pre_dampen_half': 8.259599205585761, 'gpp_af': 0.10098504976210308, 'gpp_b': 1.1008110571039521e-05, 'gpp_d': 12.338826503601998, 'ign_k': 5.276924233362289, 'ign_c': 22.126836566118193, 'trop_agb_crit': 1.5033346993841157, 'trop_k_veg': 2.724170387400844, 'fire_amp': 5.44779717154213}.
[I 2026-06-10 18:03:57,053] Trial 1676 finished with values: [10.627063307875266, 10.627063307875266] and parameters: {'k1': 0.07119679541167405, 'D_low': 24.28756508761176, 'k2': 0.0001016707987819611, 'D_high': 35.136541394511, 'fire_exp': 1.4690410989404576, 'P_half': 12.801393018711597, 'pre_dampen_half': 0.027734706212044397, 'gpp_af': 0.10098504976210308, 'gpp_b': 1.1008110571039521e-05, 'gpp_d': 545.0253444559129, 'ign_k': 7.6936205596526985, 'ign_c': 22.126836566118193, 'trop_agb_crit': 1.5033346993841157, 'trop_k_veg': 1.9325573645908398, 'fire_amp': 5.44779717154213}.
[I 2026-06-10 18:03:58,416] Trial 1677 finished with values: [10.009196922359216, 10.009196922359216] and parameters: {'k1': 2.820470499715577e-05, 'D_low': 12.105387404469584, 'k2': 0.045914852167405346, 'D_high': 2427.054417940131, 'fire_exp': 1.0601964743503993, 'P_half': 157.80309954142965, 'pre_dampen_half': 8.259599205585761, 'gpp_af': 0.0024448187822204066, 'gpp_b': 1.1008110571039521e-05, 'gpp_d': 1.0907247178366635, 'ign_k': 5.276924233362289, 'ign_c': 22.126836566118193, 'trop_agb_crit': 1.5033346993841157, 'trop_k_veg': 2.9806294141302545, 'fire_amp': 4.19233232783727}.
[I 2026-06-10 18:03:59,713] Trial 1678 finished with values: [10.115719005665465, 10.115719005665465] and parameters: {'k1': 0.028401063201780267, 'D_low': 1.873653322520581, 'k2': 0.0001016707987819611, 'D_high': 425.03623558131267, 'fire_exp': 1.4572158037266703, 'P_half': 8.318314747941244, 'pre_dampen_half': 8.259599205585761, 'gpp_af': 0.10098504976210308, 'gpp_b': 1.1008110571039521e-05, 'gpp_d': 545.0253444559129, 'ign_k': 3.965503094323014, 'ign_c': 22.126836566118193, 'trop_agb_crit': 6.128416443551616, 'trop_k_veg': 2.724170387400844, 'fire_amp': 5.44779717154213}.
[I 2026-06-10 18:04:01,124] Trial 1679 finished with values: [10.64528145813004, 10.64528145813004] and parameters: {'k1': 0.016973078532467004, 'D_low': 12.105387404469584, 'k2': 1.8367048659397003e-05, 'D_high': 2427.054417940131, 'fire_exp': 2.232649421491895, 'P_half': 157.80309954142965, 'pre_dampen_half': 8.259599205585761, 'gpp_af': 0.0035891407847759185, 'gpp_b': 1.1008110571039521e-05, 'gpp_d': 109.94514339716893, 'ign_k': 0.9892483802693092, 'ign_c': 22.126836566118193, 'trop_agb_crit': 1.5033346993841157, 'trop_k_veg': 2.9806294141302545, 'fire_amp': 5.4631688365272515}.
[I 2026-06-10 18:04:02,661] Trial 1680 finished with values: [-0.7448922061910872, 0.08296252567808071] and parameters: {'k1': 0.07119679541167405, 'D_low': 43.2326421037033, 'k2': 0.0001016707987819611, 'D_high': 8161.260265732991, 'fire_exp': 1.4690410989404576, 'P_half': 157.80309954142965, 'pre_dampen_half': 5.593036834117395, 'gpp_af': 0.10098504976210308, 'gpp_b': 0.00012118589392553798, 'gpp_d': 12.338826503601998, 'ign_k': 3.965503094323014, 'ign_c': 22.126836566118193, 'trop_agb_crit': 8.188098178380693, 'trop_k_veg': 6.172643383211297, 'fire_amp': 5.44779717154213}.
[I 2026-06-10 18:04:04,100] Trial 1681 finished with values: [-0.6937792682456062, 0.13257084899945182] and parameters: {'k1': 0.03096855930632394, 'D_low': 2.414672422128219, 'k2': 0.0001016707987819611, 'D_high': 35.136541394511, 'fire_exp': 1.4690410989404576, 'P_half': 157.80309954142965, 'pre_dampen_half': 2.7246429232774694, 'gpp_af': 0.10098504976210308, 'gpp_b': 1.1008110571039521e-05, 'gpp_d': 12.338826503601998, 'ign_k': 3.965503094323014, 'ign_c': 7.081721844034206, 'trop_agb_crit': 1.1945139451702542, 'trop_k_veg': 2.724170387400844, 'fire_amp': 5.44779717154213}.
[I 2026-06-10 18:04:05,615] Trial 1682 finished with values: [10.687163444222847, 10.687163444222847] and parameters: {'k1': 0.028401063201780267, 'D_low': 12.105387404469584, 'k2': 0.0001016707987819611, 'D_high': 2427.054417940131, 'fire_exp': 1.5866258127563206, 'P_half': 157.80309954142965, 'pre_dampen_half': 0.022992297821705258, 'gpp_af': 0.10098504976210308, 'gpp_b': 1.1008110571039521e-05, 'gpp_d': 12.338826503601998, 'ign_k': 5.276924233362289, 'ign_c': 22.126836566118193, 'trop_agb_crit': 1.5033346993841157, 'trop_k_veg': 2.9806294141302545, 'fire_amp': 5.44779717154213}.
[I 2026-06-10 18:04:07,013] Trial 1683 finished with values: [10.892857142659844, 10.892857142659844] and parameters: {'k1': 0.028401063201780267, 'D_low': 12.105387404469584, 'k2': 0.045914852167405346, 'D_high': 839.2504050877119, 'fire_exp': 1.0601964743503993, 'P_half': 157.80309954142965, 'pre_dampen_half': 8.259599205585761, 'gpp_af': 0.10098504976210308, 'gpp_b': 1.1008110571039521e-05, 'gpp_d': 12.338826503601998, 'ign_k': 5.276924233362289, 'ign_c': 661.3948808270801, 'trop_agb_crit': 1.5033346993841157, 'trop_k_veg': 0.5535297685306277, 'fire_amp': 4.19233232783727}.
[I 2026-06-10 18:04:08,382] Trial 1684 finished with values: [10.755441081189147, 10.755441081189147] and parameters: {'k1': 0.028401063201780267, 'D_low': 43.2326421037033, 'k2': 0.0001016707987819611, 'D_high': 2427.054417940131, 'fire_exp': 3.3310150840305224, 'P_half': 157.80309954142965, 'pre_dampen_half': 8.259599205585761, 'gpp_af': 0.10098504976210308, 'gpp_b': 1.1008110571039521e-05, 'gpp_d': 12.338826503601998, 'ign_k': 5.276924233362289, 'ign_c': 22.126836566118193, 'trop_agb_crit': 6.128416443551616, 'trop_k_veg': 2.724170387400844, 'fire_amp': 5.44779717154213}.
[I 2026-06-10 18:04:10,689] Trial 1685 finished with values: [10.035484932494402, 10.035484932494402] and parameters: {'k1': 0.016973078532467004, 'D_low': 1.873653322520581, 'k2': 0.0001016707987819611, 'D_high': 35.136541394511, 'fire_exp': 1.4690410989404576, 'P_half': 8.318314747941244, 'pre_dampen_half': 8.259599205585761, 'gpp_af': 0.5093754816476488, 'gpp_b': 1.1008110571039521e-05, 'gpp_d': 545.0253444559129, 'ign_k': 5.276924233362289, 'ign_c': 22.126836566118193, 'trop_agb_crit': 1.5033346993841157, 'trop_k_veg': 2.724170387400844, 'fire_amp': 5.44779717154213}.
[I 2026-06-10 18:04:12,125] Trial 1686 finished with values: [-0.7505293836847767, 0.10938094595442704] and parameters: {'k1': 0.028401063201780267, 'D_low': 43.2326421037033, 'k2': 0.0001016707987819611, 'D_high': 2427.054417940131, 'fire_exp': 1.5191397119156032, 'P_half': 157.80309954142965, 'pre_dampen_half': 10.344616200969803, 'gpp_af': 0.10098504976210308, 'gpp_b': 1.1008110571039521e-05, 'gpp_d': 12.338826503601998, 'ign_k': 5.276924233362289, 'ign_c': 22.126836566118193, 'trop_agb_crit': 6.128416443551616, 'trop_k_veg': 2.724170387400844, 'fire_amp': 5.44779717154213}.
[I 2026-06-10 18:04:13,495] Trial 1687 finished with values: [10.006269442804753, 10.006269442804753] and parameters: {'k1': 0.028401063201780267, 'D_low': 24.28756508761176, 'k2': 0.0001016707987819611, 'D_high': 8161.260265732991, 'fire_exp': 1.5191397119156032, 'P_half': 3.591771421517613, 'pre_dampen_half': 5.593036834117395, 'gpp_af': 0.10098504976210308, 'gpp_b': 0.00012118589392553798, 'gpp_d': 0.3146504736012563, 'ign_k': 3.965503094323014, 'ign_c': 22.126836566118193, 'trop_agb_crit': 1.5033346993841157, 'trop_k_veg': 6.172643383211297, 'fire_amp': 5.44779717154213}.
[I 2026-06-10 18:04:14,863] Trial 1688 finished with values: [-0.7132485838785032, 0.16121126558955678] and parameters: {'k1': 0.016973078532467004, 'D_low': 1.873653322520581, 'k2': 0.0001016707987819611, 'D_high': 35.136541394511, 'fire_exp': 1.4690410989404576, 'P_half': 8.318314747941244, 'pre_dampen_half': 5.593036834117395, 'gpp_af': 0.10098504976210308, 'gpp_b': 1.1008110571039521e-05, 'gpp_d': 545.0253444559129, 'ign_k': 3.965503094323014, 'ign_c': 22.126836566118193, 'trop_agb_crit': 1.5033346993841157, 'trop_k_veg': 2.724170387400844, 'fire_amp': 5.44779717154213}.
[I 2026-06-10 18:04:16,364] Trial 1689 finished with values: [10.506640427242592, 10.506640427242592] and parameters: {'k1': 0.028401063201780267, 'D_low': 43.2326421037033, 'k2': 2.029776878593299e-05, 'D_high': 2427.054417940131, 'fire_exp': 1.0601964743503993, 'P_half': 157.80309954142965, 'pre_dampen_half': 8.259599205585761, 'gpp_af': 0.10098504976210308, 'gpp_b': 1.1008110571039521e-05, 'gpp_d': 12.338826503601998, 'ign_k': 3.965503094323014, 'ign_c': 22.126836566118193, 'trop_agb_crit': 3.534001063181976, 'trop_k_veg': 0.7182755813472589, 'fire_amp': 1.1202509284327942}.
[I 2026-06-10 18:04:17,964] Trial 1690 finished with values: [10.01590837554359, 10.01590837554359] and parameters: {'k1': 0.028401063201780267, 'D_low': 100.57662827859441, 'k2': 0.0001016707987819611, 'D_high': 2427.054417940131, 'fire_exp': 1.5191397119156032, 'P_half': 8.318314747941244, 'pre_dampen_half': 8.259599205585761, 'gpp_af': 0.10098504976210308, 'gpp_b': 1.1008110571039521e-05, 'gpp_d': 545.0253444559129, 'ign_k': 0.9892483802693092, 'ign_c': 22.126836566118193, 'trop_agb_crit': 1.5033346993841157, 'trop_k_veg': 2.724170387400844, 'fire_amp': 5.44779717154213}.
[I 2026-06-10 18:04:19,383] Trial 1691 finished with values: [-0.735930594597795, 0.10952084842758458] and parameters: {'k1': 0.028401063201780267, 'D_low': 43.2326421037033, 'k2': 0.0001016707987819611, 'D_high': 2427.054417940131, 'fire_exp': 1.4572158037266703, 'P_half': 157.80309954142965, 'pre_dampen_half': 8.259599205585761, 'gpp_af': 0.10098504976210308, 'gpp_b': 1.1008110571039521e-05, 'gpp_d': 12.338826503601998, 'ign_k': 1.5068227826384997, 'ign_c': 22.126836566118193, 'trop_agb_crit': 1.5033346993841157, 'trop_k_veg': 5.389865793562076, 'fire_amp': 5.44779717154213}.
[I 2026-06-10 18:04:20,709] Trial 1692 finished with values: [-0.7476172355185411, 0.11313087325197202] and parameters: {'k1': 0.07119679541167405, 'D_low': 43.2326421037033, 'k2': 0.0001016707987819611, 'D_high': 198.3056154955596, 'fire_exp': 1.4690410989404576, 'P_half': 157.80309954142965, 'pre_dampen_half': 5.593036834117395, 'gpp_af': 0.10098504976210308, 'gpp_b': 1.1008110571039521e-05, 'gpp_d': 12.338826503601998, 'ign_k': 3.965503094323014, 'ign_c': 18.25244373197921, 'trop_agb_crit': 2.1989086830950257, 'trop_k_veg': 6.172643383211297, 'fire_amp': 5.44779717154213}.
[I 2026-06-10 18:04:22,053] Trial 1693 finished with values: [10.863987859728683, 10.863987859728683] and parameters: {'k1': 0.028401063201780267, 'D_low': 43.2326421037033, 'k2': 0.0001016707987819611, 'D_high': 2427.054417940131, 'fire_exp': 5.094322997626076, 'P_half': 157.80309954142965, 'pre_dampen_half': 8.259599205585761, 'gpp_af': 0.10098504976210308, 'gpp_b': 1.1008110571039521e-05, 'gpp_d': 545.0253444559129, 'ign_k': 5.276924233362289, 'ign_c': 22.126836566118193, 'trop_agb_crit': 6.128416443551616, 'trop_k_veg': 2.724170387400844, 'fire_amp': 5.44779717154213}.
[I 2026-06-10 18:04:23,368] Trial 1694 finished with values: [10.319302942819778, 10.319302942819778] and parameters: {'k1': 0.07119679541167405, 'D_low': 1.873653322520581, 'k2': 0.0001016707987819611, 'D_high': 8161.260265732991, 'fire_exp': 1.3016302649207157, 'P_half': 157.80309954142965, 'pre_dampen_half': 5.593036834117395, 'gpp_af': 0.10098504976210308, 'gpp_b': 1.1008110571039521e-05, 'gpp_d': 12.338826503601998, 'ign_k': 3.965503094323014, 'ign_c': 22.126836566118193, 'trop_agb_crit': 1.5033346993841157, 'trop_k_veg': 2.724170387400844, 'fire_amp': 5.44779717154213}.
[I 2026-06-10 18:04:24,926] Trial 1695 finished with values: [10.833061635280465, 10.833061635280465] and parameters: {'k1': 0.028401063201780267, 'D_low': 2.414672422128219, 'k2': 0.0001016707987819611, 'D_high': 2427.054417940131, 'fire_exp': 1.5191397119156032, 'P_half': 157.80309954142965, 'pre_dampen_half': 8.259599205585761, 'gpp_af': 0.001782912612865579, 'gpp_b': 0.010782779082109409, 'gpp_d': 660.8258687680153, 'ign_k': 5.276924233362289, 'ign_c': 7.081721844034206, 'trop_agb_crit': 6.128416443551616, 'trop_k_veg': 2.724170387400844, 'fire_amp': 5.44779717154213}.
[I 2026-06-10 18:04:26,412] Trial 1696 finished with values: [-0.6870854965937783, 0.2073614624039073] and parameters: {'k1': 0.006079905434073396, 'D_low': 43.2326421037033, 'k2': 1.957074424297733e-05, 'D_high': 2427.054417940131, 'fire_exp': 1.5191397119156032, 'P_half': 63.30002996758082, 'pre_dampen_half': 8.259599205585761, 'gpp_af': 0.10098504976210308, 'gpp_b': 1.1008110571039521e-05, 'gpp_d': 12.338826503601998, 'ign_k': 0.9892483802693092, 'ign_c': 22.126836566118193, 'trop_agb_crit': 1.5033346993841157, 'trop_k_veg': 2.724170387400844, 'fire_amp': 5.44779717154213}.
[I 2026-06-10 18:04:27,761] Trial 1697 finished with values: [10.440936971723328, 10.440936971723328] and parameters: {'k1': 0.028401063201780267, 'D_low': 43.2326421037033, 'k2': 0.0001016707987819611, 'D_high': 35.136541394511, 'fire_exp': 1.4572158037266703, 'P_half': 157.80309954142965, 'pre_dampen_half': 8.259599205585761, 'gpp_af': 0.10098504976210308, 'gpp_b': 1.1008110571039521e-05, 'gpp_d': 12.338826503601998, 'ign_k': 3.965503094323014, 'ign_c': 7.081721844034206, 'trop_agb_crit': 8.188098178380693, 'trop_k_veg': 2.724170387400844, 'fire_amp': 5.44779717154213}.
[I 2026-06-10 18:04:29,344] Trial 1698 finished with values: [10.377159392363552, 10.377159392363552] and parameters: {'k1': 0.028401063201780267, 'D_low': 1.873653322520581, 'k2': 1.085058467577667e-05, 'D_high': 2701.5988102078472, 'fire_exp': 1.4572158037266703, 'P_half': 157.80309954142965, 'pre_dampen_half': 8.259599205585761, 'gpp_af': 0.10098504976210308, 'gpp_b': 0.0026136034563317505, 'gpp_d': 545.0253444559129, 'ign_k': 0.015176162781044578, 'ign_c': 22.126836566118193, 'trop_agb_crit': 8.188098178380693, 'trop_k_veg': 4.908089431313105, 'fire_amp': 5.44779717154213}.
[I 2026-06-10 18:04:32,041] Trial 1699 finished with values: [-0.7459214757538876, 0.1036133122063363] and parameters: {'k1': 0.028401063201780267, 'D_low': 43.2326421037033, 'k2': 0.0001016707987819611, 'D_high': 2701.5988102078472, 'fire_exp': 1.5191397119156032, 'P_half': 157.80309954142965, 'pre_dampen_half': 8.259599205585761, 'gpp_af': 0.10098504976210308, 'gpp_b': 1.1008110571039521e-05, 'gpp_d': 12.338826503601998, 'ign_k': 3.965503094323014, 'ign_c': 22.126836566118193, 'trop_agb_crit': 8.188098178380693, 'trop_k_veg': 2.724170387400844, 'fire_amp': 5.44779717154213}.
[I 2026-06-10 18:04:33,803] Trial 1700 finished with values: [10.06695973806419, 10.06695973806419] and parameters: {'k1': 0.028401063201780267, 'D_low': 43.2326421037033, 'k2': 0.0001016707987819611, 'D_high': 2427.054417940131, 'fire_exp': 1.5191397119156032, 'P_half': 157.80309954142965, 'pre_dampen_half': 10.344616200969803, 'gpp_af': 0.10098504976210308, 'gpp_b': 1.1008110571039521e-05, 'gpp_d': 12.338826503601998, 'ign_k': 0.008502316981901386, 'ign_c': 1.3305095484689093, 'trop_agb_crit': 8.188098178380693, 'trop_k_veg': 0.5535297685306277, 'fire_amp': 5.44779717154213}.
[I 2026-06-10 18:04:35,304] Trial 1701 finished with values: [10.380853706724931, 10.380853706724931] and parameters: {'k1': 0.028401063201780267, 'D_low': 1.873653322520581, 'k2': 0.0001016707987819611, 'D_high': 16365.56386304344, 'fire_exp': 1.5191397119156032, 'P_half': 157.80309954142965, 'pre_dampen_half': 8.259599205585761, 'gpp_af': 0.03522602097143089, 'gpp_b': 0.00012118589392553798, 'gpp_d': 545.0253444559129, 'ign_k': 3.965503094323014, 'ign_c': 22.126836566118193, 'trop_agb_crit': 6.128416443551616, 'trop_k_veg': 6.574641430743268, 'fire_amp': 5.44779717154213}.
