[I 2026-07-22 21:42:11,075] Trial 174 finished with values: [10.74318170438945, 10.74318170438945] and parameters: {'k1': 0.002968335334246999, 'D_low': 140.92119204434155, 'k2': 2.8459703343413838e-05, 'D_high': 107013.64911724928, 'fire_exp': 1.6108357183810933, 'P_half': 2193.8654178115053, 'pre_dampen_half': 3.9885726374014694, 'gpp_af': 18.235072804314193, 'gpp_b': 0.02048523887932671, 'gpp_d': 6.378078463802852, 'ign_k': 3.210808548911192, 'ign_c': 4.1108484350212295, 'trop_agb_crit': 1.5774541406529003, 'trop_k_veg': 0.5415365826598848, 'fuel_k': 1.2528108647479208, 'fuel_half': 7.259866824755671}.
[I 2026-07-22 21:42:11,499] Trial 175 finished with values: [10.733465855424688, 10.733465855424688] and parameters: {'k1': 0.002968335334246999, 'D_low': 140.92119204434155, 'k2': 7.011194706512109e-05, 'D_high': 107013.64911724928, 'fire_exp': 1.034491242472073, 'P_half': 3648.4560830477985, 'pre_dampen_half': 9.288856801351132, 'gpp_af': 18.235072804314193, 'gpp_b': 0.5432846462741858, 'gpp_d': 6.378078463802852, 'ign_k': 0.0022267996908938684, 'ign_c': 4.1108484350212295, 'trop_agb_crit': 11.41767816030627, 'trop_k_veg': 3.107373729897127, 'fuel_k': 1.2528108647479208, 'fuel_half': 35.77838574843286}.
[I 2026-07-22 21:42:11,928] Trial 176 finished with values: [10.663276483476842, 10.663276483476842] and parameters: {'k1': 0.0004688858519834985, 'D_low': 247.75146043208053, 'k2': 2.8459703343413838e-05, 'D_high': 1026.0852623190942, 'fire_exp': 1.3219590610242518, 'P_half': 48.464976792190825, 'pre_dampen_half': 26.373339933815235, 'gpp_af': 0.09791370130598968, 'gpp_b': 0.02048523887932671, 'gpp_d': 2.9914693021302137, 'ign_k': 0.024287565087611766, 'ign_c': 4.1108484350212295, 'trop_agb_crit': 1.5774541406529003, 'trop_k_veg': 3.1385303007850824, 'fuel_k': 0.04207132303652083, 'fuel_half': 3.632486956676605}.
[I 2026-07-22 21:42:12,350] Trial 177 finished with values: [10.765732302913136, 10.765732302913136] and parameters: {'k1': 0.0003199177539819797, 'D_low': 3.169598846855015, 'k2': 0.0009562822793888481, 'D_high': 22409.155921648, 'fire_exp': 1.4750777427176416, 'P_half': 4221.021267871046, 'pre_dampen_half': 0.03597389076048619, 'gpp_af': 0.290486210751816, 'gpp_b': 1.1698276136056565e-05, 'gpp_d': 2.2044650100999164, 'ign_k': 0.001679627987843051, 'ign_c': 0.2987250655313649, 'trop_agb_crit': 1.4914219038863046, 'trop_k_veg': 3.024803048559367, 'fuel_k': 1.1820218758583807, 'fuel_half': 5.624789772977319}.
[I 2026-07-22 21:42:12,766] Trial 178 finished with values: [10.736360665318541, 10.736360665318541] and parameters: {'k1': 0.0029707920514735983, 'D_low': 247.75146043208053, 'k2': 2.1698375693549493e-05, 'D_high': 1026.0852623190942, 'fire_exp': 1.0689448798385355, 'P_half': 48.464976792190825, 'pre_dampen_half': 26.373339933815235, 'gpp_af': 0.0025511964576171086, 'gpp_b': 0.016763844265536048, 'gpp_d': 2.9914693021302137, 'ign_k': 0.024287565087611766, 'ign_c': 2.4423775964038934, 'trop_agb_crit': 5.127251822192504, 'trop_k_veg': 3.1385303007850824, 'fuel_k': 0.04207132303652083, 'fuel_half': 3.632486956676605}.
[I 2026-07-22 21:42:13,191] Trial 179 finished with values: [10.732924543362651, 10.732924543362651] and parameters: {'k1': 0.0010204225357677778, 'D_low': 864.0717009254879, 'k2': 0.0001971137615017176, 'D_high': 316055.11434645456, 'fire_exp': 2.3750840427797026, 'P_half': 3910.3637457741784, 'pre_dampen_half': 33.71909132517388, 'gpp_af': 0.008983355849178878, 'gpp_b': 1.6569065206637924e-05, 'gpp_d': 2.2926339830965645, 'ign_k': 0.18170401889219115, 'ign_c': 0.1831616544393274, 'trop_agb_crit': 10.719494362768906, 'trop_k_veg': 1.7570501127699656, 'fuel_k': 0.28630931797361614, 'fuel_half': 0.253071961271088}.
[I 2026-07-22 21:42:13,616] Trial 180 finished with values: [10.107322180064461, 10.107322180064461] and parameters: {'k1': 0.00016480446427978953, 'D_low': 163.4864778201543, 'k2': 0.002342238625792905, 'D_high': 887331.2884015184, 'fire_exp': 1.0341837609578937, 'P_half': 10.226988730324324, 'pre_dampen_half': 347.79988160923324, 'gpp_af': 29.925002022877816, 'gpp_b': 0.0054502936945582505, 'gpp_d': 2.8006820077310226, 'ign_k': 0.006290644294586149, 'ign_c': 11.40086370112731, 'trop_agb_crit': 6.1198430581046965, 'trop_k_veg': 0.9793402026070162, 'fuel_k': 0.48736180483849406, 'fuel_half': 0.32476735706274484}.
[I 2026-07-22 21:42:14,064] Trial 181 finished with values: [10.727120358232446, 10.727120358232446] and parameters: {'k1': 0.00023352156626184448, 'D_low': 11.437258028094242, 'k2': 1.6559474674046002e-05, 'D_high': 3262.5163516684925, 'fire_exp': 2.3123511487896353, 'P_half': 38.82837025280678, 'pre_dampen_half': 868.1843415114095, 'gpp_af': 1.4498445474033743, 'gpp_b': 1.1983032564333187e-05, 'gpp_d': 19.948958651882567, 'ign_k': 0.00515399351160314, 'ign_c': 2.4423775964038934, 'trop_agb_crit': 12.285102065067687, 'trop_k_veg': 1.7518409078083697, 'fuel_k': 0.09252659617259135, 'fuel_half': 2.276766792290519}.
[I 2026-07-22 21:42:14,503] Trial 182 finished with values: [10.764056885124214, 10.764056885124214] and parameters: {'k1': 0.0003199177539819797, 'D_low': 11697.604007727205, 'k2': 0.07799059237255677, 'D_high': 160625.60954780428, 'fire_exp': 1.5922031489278718, 'P_half': 9.324787201197319, 'pre_dampen_half': 0.03751320096826995, 'gpp_af': 1.1300566419249867, 'gpp_b': 0.024796579879439486, 'gpp_d': 2.2044650100999164, 'ign_k': 0.03141110271934876, 'ign_c': 77.59048401667629, 'trop_agb_crit': 15.870971677383487, 'trop_k_veg': 3.024803048559367, 'fuel_k': 0.6211831489538813, 'fuel_half': 0.33988503110784557}.
  trial  183/1500  pareto_size=2  best_taylor=0.7828  best_ilamb=0.6071  (1.4 min)
[I 2026-07-22 21:42:14,985] Trial 183 finished with values: [10.343960203916842, 10.343960203916842] and parameters: {'k1': 0.002971796631657383, 'D_low': 163.4864778201543, 'k2': 0.001566517163094646, 'D_high': 16392.60991832772, 'fire_exp': 1.0341837609578937, 'P_half': 7.890004262668578, 'pre_dampen_half': 36.876350096202984, 'gpp_af': 0.12243451886824051, 'gpp_b': 0.011750724729953272, 'gpp_d': 4.576857873108685, 'ign_k': 0.011698039424426817, 'ign_c': 0.11650681118986138, 'trop_agb_crit': 6.1198430581046965, 'trop_k_veg': 0.9793402026070162, 'fuel_k': 0.018207179480706392, 'fuel_half': 43.240425516201206}.
[I 2026-07-22 21:42:15,412] Trial 184 finished with values: [10.206078295359848, 10.206078295359848] and parameters: {'k1': 0.002968335334246999, 'D_low': 140.92119204434155, 'k2': 2.8459703343413838e-05, 'D_high': 305369.47947832284, 'fire_exp': 1.034491242472073, 'P_half': 10.226988730324324, 'pre_dampen_half': 36.876350096202984, 'gpp_af': 18.235072804314193, 'gpp_b': 0.02048523887932671, 'gpp_d': 4.576857873108685, 'ign_k': 0.0026834162496848666, 'ign_c': 6.1609752947414345, 'trop_agb_crit': 6.1198430581046965, 'trop_k_veg': 0.9793402026070162, 'fuel_k': 1.2528108647479208, 'fuel_half': 7.259866824755671}.
[I 2026-07-22 21:42:15,837] Trial 185 finished with values: [10.434812365032215, 10.434812365032215] and parameters: {'k1': 0.00016480446427978953, 'D_low': 9.497440085397416, 'k2': 0.01567230746060024, 'D_high': 71534.52030884045, 'fire_exp': 2.076479834926162, 'P_half': 13.019246714361572, 'pre_dampen_half': 19.600139992927424, 'gpp_af': 0.06789053271698488, 'gpp_b': 0.0054502936945582505, 'gpp_d': 2.8006820077310226, 'ign_k': 0.06807874826564587, 'ign_c': 15.221840161091619, 'trop_agb_crit': 18.047304706421063, 'trop_k_veg': 4.130963924640279, 'fuel_k': 0.48736180483849406, 'fuel_half': 0.32476735706274484}.
[I 2026-07-22 21:42:16,260] Trial 186 finished with values: [10.597617245705925, 10.597617245705925] and parameters: {'k1': 0.00029589152820953097, 'D_low': 6220.638781359816, 'k2': 0.0001971137615017176, 'D_high': 708572.1663941594, 'fire_exp': 1.0862503061991866, 'P_half': 2193.8654178115053, 'pre_dampen_half': 0.4016986062226068, 'gpp_af': 0.008562341633595545, 'gpp_b': 1.7565109007473816e-05, 'gpp_d': 9.00460602264307, 'ign_k': 0.5131654955148324, 'ign_c': 0.11650681118986138, 'trop_agb_crit': 5.707205898008383, 'trop_k_veg': 0.9369104721775232, 'fuel_k': 0.6199941538390381, 'fuel_half': 0.3335026483569958}.
[I 2026-07-22 21:42:16,687] Trial 187 finished with values: [10.650348407444937, 10.650348407444937] and parameters: {'k1': 0.052334804885400876, 'D_low': 3.169598846855015, 'k2': 1.127217425995114e-05, 'D_high': 10377.055497115112, 'fire_exp': 2.213762680468843, 'P_half': 13.019246714361572, 'pre_dampen_half': 290.26521418263894, 'gpp_af': 0.8226361776146098, 'gpp_b': 7.402343469704414e-05, 'gpp_d': 2.8006820077310226, 'ign_k': 0.018707420137660268, 'ign_c': 0.2755546207779662, 'trop_agb_crit': 9.836162684900028, 'trop_k_veg': 4.130963924640279, 'fuel_k': 0.9288369623462727, 'fuel_half': 0.6370755274604819}.
[I 2026-07-22 21:42:17,110] Trial 188 finished with values: [10.769230769178105, 10.769230769178105] and parameters: {'k1': 0.004312951023617458, 'D_low': 493529.62094020995, 'k2': 0.02228708726011015, 'D_high': 708572.1663941594, 'fire_exp': 1.8947494928972934, 'P_half': 2.458603276328005, 'pre_dampen_half': 25.15960733455045, 'gpp_af': 0.7539992074650282, 'gpp_b': 0.0021331409710300844, 'gpp_d': 2.9914693021302137, 'ign_k': 0.06807874826564587, 'ign_c': 433.79206974909323, 'trop_agb_crit': 2.411289811529197, 'trop_k_veg': 3.1385303007850824, 'fuel_k': 4.680936683972859, 'fuel_half': 52.005817291141206}.
[I 2026-07-22 21:42:17,549] Trial 189 finished with values: [10.079236480846323, 10.079236480846323] and parameters: {'k1': 0.004312951023617458, 'D_low': 102.19595065529477, 'k2': 1.915468390724633e-05, 'D_high': 71534.52030884045, 'fire_exp': 1.024589524149873, 'P_half': 220.3445560633069, 'pre_dampen_half': 12.389588752305043, 'gpp_af': 0.7539992074650282, 'gpp_b': 8.129227514069975e-05, 'gpp_d': 16.460426816350534, 'ign_k': 0.06807874826564587, 'ign_c': 15.221840161091619, 'trop_agb_crit': 24.584290528289387, 'trop_k_veg': 2.42764713875812, 'fuel_k': 4.680936683972859, 'fuel_half': 52.005817291141206}.
[I 2026-07-22 21:42:17,970] Trial 190 finished with values: [10.691233436164122, 10.691233436164122] and parameters: {'k1': 0.0010204225357677778, 'D_low': 3735.16768760467, 'k2': 1.854837679096716e-05, 'D_high': 316055.11434645456, 'fire_exp': 1.2120759485719061, 'P_half': 1025.3368317956683, 'pre_dampen_half': 0.10609580257119508, 'gpp_af': 1.4498445474033743, 'gpp_b': 1.1983032564333187e-05, 'gpp_d': 19.948958651882567, 'ign_k': 0.00515399351160314, 'ign_c': 16.626592254031866, 'trop_agb_crit': 13.98132484257899, 'trop_k_veg': 0.977663002683211, 'fuel_k': 0.017262921159278164, 'fuel_half': 97.86395331218435}.
[I 2026-07-22 21:42:18,388] Trial 191 finished with values: [-0.6240472585099353, 0.715978621398446] and parameters: {'k1': 0.002971796631657383, 'D_low': 163.4864778201543, 'k2': 2.1698375693549493e-05, 'D_high': 1693415.5410667954, 'fire_exp': 1.0341837609578937, 'P_half': 10.226988730324324, 'pre_dampen_half': 36.876350096202984, 'gpp_af': 0.0025511964576171086, 'gpp_b': 3.228689523591491e-05, 'gpp_d': 302.3127748796295, 'ign_k': 0.018707420137660268, 'ign_c': 6.1609752947414345, 'trop_agb_crit': 6.1198430581046965, 'trop_k_veg': 0.9793402026070162, 'fuel_k': 1.8731335591844647, 'fuel_half': 38.21129441691226}.
[I 2026-07-22 21:42:18,812] Trial 192 finished with values: [10.759679937627544, 10.759679937627544] and parameters: {'k1': 6.693990428538841e-05, 'D_low': 70586.60227368641, 'k2': 0.0034167643418329683, 'D_high': 1693415.5410667954, 'fire_exp': 2.088398022232781, 'P_half': 5.575453980775371, 'pre_dampen_half': 0.06209055280340042, 'gpp_af': 25.371947027764822, 'gpp_b': 0.6992636148959314, 'gpp_d': 25.017068255320467, 'ign_k': 0.04732407125181112, 'ign_c': 3.4084279109230433, 'trop_agb_crit': 5.841230872704112, 'trop_k_veg': 0.5695379443977426, 'fuel_k': 0.028970790717327534, 'fuel_half': 38.21129441691226}.
[I 2026-07-22 21:42:19,246] Trial 193 finished with values: [-0.3883964845855651, 0.7919671154831808] and parameters: {'k1': 0.003419108473554454, 'D_low': 2.8627614274446977, 'k2': 2.1698375693549493e-05, 'D_high': 8433503.858791472, 'fire_exp': 2.4645237762603327, 'P_half': 1.4378290221680121, 'pre_dampen_half': 228.6744476401009, 'gpp_af': 1.1300566419249867, 'gpp_b': 0.0005995821881487623, 'gpp_d': 6.91394869865762, 'ign_k': 0.03141110271934876, 'ign_c': 3.0378658251922155, 'trop_agb_crit': 15.870971677383487, 'trop_k_veg': 1.140286245977296, 'fuel_k': 3.6992394681929355, 'fuel_half': 18.202647368248815}.
[I 2026-07-22 21:42:19,673] Trial 194 finished with values: [10.636405924726441, 10.636405924726441] and parameters: {'k1': 0.004312951023617458, 'D_low': 70586.60227368641, 'k2': 1.915468390724633e-05, 'D_high': 1693415.5410667954, 'fire_exp': 2.088398022232781, 'P_half': 13.019246714361572, 'pre_dampen_half': 502.5175192217655, 'gpp_af': 0.8226361776146098, 'gpp_b': 0.0021331409710300844, 'gpp_d': 302.3127748796295, 'ign_k': 0.0013091491622098177, 'ign_c': 15.221840161091619, 'trop_agb_crit': 24.584290528289387, 'trop_k_veg': 1.6340262437673856, 'fuel_k': 0.04572914063536324, 'fuel_half': 52.005817291141206}.
[I 2026-07-22 21:42:20,099] Trial 195 finished with values: [10.769230109423535, 10.769230109423535] and parameters: {'k1': 0.0058043147174140705, 'D_low': 11.437258028094242, 'k2': 0.035891558714508394, 'D_high': 3262.5163516684925, 'fire_exp': 1.0862503061991866, 'P_half': 136.0956887810302, 'pre_dampen_half': 33.97904243111269, 'gpp_af': 0.0025511964576171086, 'gpp_b': 0.0021331409710300844, 'gpp_d': 9.00460602264307, 'ign_k': 0.06807874826564587, 'ign_c': 201.0328373440913, 'trop_agb_crit': 15.870971677383487, 'trop_k_veg': 0.977663002683211, 'fuel_k': 1.312881567992459, 'fuel_half': 42.6871254378718}.
[I 2026-07-22 21:42:20,543] Trial 196 finished with values: [10.474263292588967, 10.474263292588967] and parameters: {'k1': 0.003419108473554454, 'D_low': 2.8627614274446977, 'k2': 7.67074891445376e-05, 'D_high': 16392.60991832772, 'fire_exp': 2.4645237762603327, 'P_half': 7.890004262668578, 'pre_dampen_half': 33.71909132517388, 'gpp_af': 0.12243451886824051, 'gpp_b': 0.00012118589392553819, 'gpp_d': 6.91394869865762, 'ign_k': 3.284529979576942, 'ign_c': 0.11650681118986138, 'trop_agb_crit': 2.539877620672643, 'trop_k_veg': 2.417028380770307, 'fuel_k': 3.6992394681929355, 'fuel_half': 18.202647368248815}.
[I 2026-07-22 21:42:20,971] Trial 197 finished with values: [10.769230769178105, 10.769230769178105] and parameters: {'k1': 3.277022851928565e-05, 'D_low': 13.25142220631392, 'k2': 2.1698375693549493e-05, 'D_high': 160625.60954780428, 'fire_exp': 1.5922031489278718, 'P_half': 21.901578520649217, 'pre_dampen_half': 26.373339933815235, 'gpp_af': 42.29037995744429, 'gpp_b': 0.0005392415140872105, 'gpp_d': 6.91394869865762, 'ign_k': 4.59148521674054, 'ign_c': 94.19612235978188, 'trop_agb_crit': 6.119263728555865, 'trop_k_veg': 0.7808079158649266, 'fuel_k': 3.6992394681929355, 'fuel_half': 0.3625056554880307}.
[I 2026-07-22 21:42:21,409] Trial 198 finished with values: [10.707589786702078, 10.707589786702078] and parameters: {'k1': 0.0187011406476519, 'D_low': 9.497440085397416, 'k2': 0.017300724838654365, 'D_high': 71534.52030884045, 'fire_exp': 2.088398022232781, 'P_half': 220.3445560633069, 'pre_dampen_half': 290.26521418263894, 'gpp_af': 0.7539992074650282, 'gpp_b': 0.0021331409710300844, 'gpp_d': 144.76743839390986, 'ign_k': 0.06807874826564587, 'ign_c': 41.779950639915185, 'trop_agb_crit': 24.584290528289387, 'trop_k_veg': 1.6340262437673856, 'fuel_k': 4.680936683972859, 'fuel_half': 38.21129441691226}.
[I 2026-07-22 21:42:21,850] Trial 199 finished with values: [10.769112086550667, 10.769112086550667] and parameters: {'k1': 0.00013783578294796384, 'D_low': 70586.60227368641, 'k2': 0.0007406380926311093, 'D_high': 16392.60991832772, 'fire_exp': 1.0341837609578937, 'P_half': 7.890004262668578, 'pre_dampen_half': 290.26521418263894, 'gpp_af': 0.8226361776146098, 'gpp_b': 0.011750724729953272, 'gpp_d': 4.576857873108685, 'ign_k': 8.761971101023699, 'ign_c': 0.11650681118986138, 'trop_agb_crit': 6.1198430581046965, 'trop_k_veg': 1.6340262437673856, 'fuel_k': 0.018207179480706392, 'fuel_half': 0.6370755274604819}.
[I 2026-07-22 21:42:22,310] Trial 200 finished with values: [10.174512106188844, 10.174512106188844] and parameters: {'k1': 0.00016480446427978953, 'D_low': 1108.6804835269193, 'k2': 0.002342238625792905, 'D_high': 708572.1663941594, 'fire_exp': 1.0341837609578937, 'P_half': 2.458603276328005, 'pre_dampen_half': 26.373339933815235, 'gpp_af': 29.925002022877816, 'gpp_b': 0.0054502936945582505, 'gpp_d': 2.8006820077310226, 'ign_k': 0.006290644294586149, 'ign_c': 8.405439129313676, 'trop_agb_crit': 6.1198430581046965, 'trop_k_veg': 0.9793402026070162, 'fuel_k': 0.08612665817296865, 'fuel_half': 0.253071961271088}.
[I 2026-07-22 21:42:22,733] Trial 201 finished with values: [10.371040081700807, 10.371040081700807] and parameters: {'k1': 1.0605801312906204e-05, 'D_low': 1407.7923139972395, 'k2': 0.000140654144219877, 'D_high': 1488557.802851245, 'fire_exp': 1.3219590610242518, 'P_half': 48.464976792190825, 'pre_dampen_half': 26.373339933815235, 'gpp_af': 0.09791370130598968, 'gpp_b': 0.0054502936945582505, 'gpp_d': 857.4284557962626, 'ign_k': 0.006290644294586149, 'ign_c': 8.405439129313676, 'trop_agb_crit': 29.789943908227905, 'trop_k_veg': 6.911478238001162, 'fuel_k': 0.48736180483849406, 'fuel_half': 3.632486956676605}.
[I 2026-07-22 21:42:23,152] Trial 202 finished with values: [-0.7393892101032081, 0.4020808161111906] and parameters: {'k1': 0.002968335334246999, 'D_low': 102.19595065529477, 'k2': 0.017300724838654365, 'D_high': 107013.64911724928, 'fire_exp': 2.3987174696212126, 'P_half': 220.3445560633069, 'pre_dampen_half': 269.0845367054863, 'gpp_af': 0.7539992074650282, 'gpp_b': 0.0032930655419269924, 'gpp_d': 12.151631524283598, 'ign_k': 3.210808548911192, 'ign_c': 4.1108484350212295, 'trop_agb_crit': 19.28597237496244, 'trop_k_veg': 1.6340262437673856, 'fuel_k': 4.680936683972859, 'fuel_half': 38.21129441691226}.
[I 2026-07-22 21:42:23,577] Trial 203 finished with values: [10.119131359659175, 10.119131359659175] and parameters: {'k1': 0.003242143344038315, 'D_low': 163.4864778201543, 'k2': 2.1698375693549493e-05, 'D_high': 887331.2884015184, 'fire_exp': 2.4572720237054373, 'P_half': 10.226988730324324, 'pre_dampen_half': 347.79988160923324, 'gpp_af': 0.0025511964576171086, 'gpp_b': 3.228689523591491e-05, 'gpp_d': 2.8006820077310226, 'ign_k': 0.03141110271934876, 'ign_c': 0.11650681118986138, 'trop_agb_crit': 15.870971677383487, 'trop_k_veg': 0.9369104721775232, 'fuel_k': 0.48736180483849406, 'fuel_half': 42.6871254378718}.
[I 2026-07-22 21:42:24,038] Trial 204 finished with values: [10.500653783448849, 10.500653783448849] and parameters: {'k1': 0.052334804885400876, 'D_low': 4.043300846639722, 'k2': 2.1698375693549493e-05, 'D_high': 1488557.802851245, 'fire_exp': 1.3219590610242518, 'P_half': 1938.3858782150498, 'pre_dampen_half': 33.97904243111269, 'gpp_af': 0.09791370130598968, 'gpp_b': 3.228689523591491e-05, 'gpp_d': 857.4284557962626, 'ign_k': 0.018707420137660268, 'ign_c': 8.405439129313676, 'trop_agb_crit': 15.870971677383487, 'trop_k_veg': 6.911478238001162, 'fuel_k': 0.08612665817296865, 'fuel_half': 7.860326410149302}.
[I 2026-07-22 21:42:24,463] Trial 205 finished with values: [10.337590611486437, 10.337590611486437] and parameters: {'k1': 0.002971796631657383, 'D_low': 163.4864778201543, 'k2': 0.0001971137615017176, 'D_high': 708572.1663941594, 'fire_exp': 1.3219590610242518, 'P_half': 10.226988730324324, 'pre_dampen_half': 36.876350096202984, 'gpp_af': 29.925002022877816, 'gpp_b': 0.011750724729953272, 'gpp_d': 4.576857873108685, 'ign_k': 0.0026834162496848666, 'ign_c': 6.1609752947414345, 'trop_agb_crit': 6.119263728555865, 'trop_k_veg': 0.5772603928610088, 'fuel_k': 0.05597555634027867, 'fuel_half': 1.3547291924247347}.
[I 2026-07-22 21:42:24,885] Trial 206 finished with values: [10.691896259332916, 10.691896259332916] and parameters: {'k1': 0.011966626407443505, 'D_low': 150.83210025074274, 'k2': 0.0001971137615017176, 'D_high': 1693415.5410667954, 'fire_exp': 1.0341837609578937, 'P_half': 8832.039346746853, 'pre_dampen_half': 10.687450020671585, 'gpp_af': 0.0025511964576171086, 'gpp_b': 1.6569065206637924e-05, 'gpp_d': 9.00460602264307, 'ign_k': 0.018707420137660268, 'ign_c': 6.1609752947414345, 'trop_agb_crit': 2.419699259862185, 'trop_k_veg': 1.7570501127699656, 'fuel_k': 1.8731335591844647, 'fuel_half': 38.21129441691226}.
[I 2026-07-22 21:42:25,303] Trial 207 finished with values: [10.463057043213023, 10.463057043213023] and parameters: {'k1': 0.00023352156626184448, 'D_low': 247.75146043208053, 'k2': 0.01567230746060024, 'D_high': 1026.0852623190942, 'fire_exp': 1.1239133746826044, 'P_half': 343.5759946100352, 'pre_dampen_half': 347.79988160923324, 'gpp_af': 0.005618069878716736, 'gpp_b': 7.402343469704414e-05, 'gpp_d': 2.8006820077310226, 'ign_k': 0.7588328899786276, 'ign_c': 14.452451441203314, 'trop_agb_crit': 29.789943908227905, 'trop_k_veg': 4.130963924640279, 'fuel_k': 0.04572914063536324, 'fuel_half': 2.276766792290519}.
[I 2026-07-22 21:42:25,726] Trial 208 finished with values: [10.493822574722998, 10.493822574722998] and parameters: {'k1': 0.0131638092522722, 'D_low': 163.4864778201543, 'k2': 0.002342238625792905, 'D_high': 887331.2884015184, 'fire_exp': 1.0341837609578937, 'P_half': 10.226988730324324, 'pre_dampen_half': 0.03426913908389042, 'gpp_af': 8.769726637617675, 'gpp_b': 8.129227514069975e-05, 'gpp_d': 16.460426816350534, 'ign_k': 0.006290644294586149, 'ign_c': 11.40086370112731, 'trop_agb_crit': 1.1208086449693282, 'trop_k_veg': 1.4584243470991722, 'fuel_k': 0.48736180483849406, 'fuel_half': 42.6871254378718}.
