[I 2026-08-19 15:15:09,113] Trial 927 finished with value: -0.4393424338630701 and parameters: {'k1': 5.551674072566914e-05, 'D_low': 25.78975306134125, 'k2': 1.637196555033892e-05, 'D_high': 1033790.0002371843, 'fire_exp': 1.0889901386946832, 'P_half': 15.008651997773475, 'pre_dampen_half': 0.40326745065708747, 'gpp_af': 0.8223103520079621, 'gpp_b': 0.0006445556698003745, 'gpp_d': 2.3325978857061336, 'ign_k': 2.706497732257464, 'ign_c': 28.355015906558776, 'trop_agb_crit': 12.775660133998665, 'trop_k_veg': 7.296575168679686, 'pop_amp': 0.03357520848148041, 'pop_peak': 35.55338545512893, 'pop_sig': 0.6710190129134465, 'fuel_k': 0.4238837873401881, 'fuel_half': 1.8960842693887743}. Best is trial 421 with value: -0.6216386034937503.
[I 2026-08-19 15:15:13,011] Trial 928 finished with value: -0.4733015981904602 and parameters: {'k1': 0.004747448938331285, 'D_low': 71.63722075841456, 'k2': 4.288915258789205e-05, 'D_high': 10966.523023461248, 'fire_exp': 1.0714029205295643, 'P_half': 141.56608345206294, 'pre_dampen_half': 0.18791594181165783, 'gpp_af': 0.025828034461101233, 'gpp_b': 0.0009161728353591228, 'gpp_d': 0.05895450251214602, 'ign_k': 1.125367687926558, 'ign_c': 11.057503720072875, 'trop_agb_crit': 11.166787292557418, 'trop_k_veg': 5.585887148379301, 'pop_amp': 0.01620909720304009, 'pop_peak': 0.14876864906189796, 'pop_sig': 0.9859901898964234, 'fuel_k': 2.3094809530755493, 'fuel_half': 0.113092339481354}. Best is trial 421 with value: -0.6216386034937503.
[I 2026-08-19 15:15:18,149] Trial 929 finished with value: -0.5439227255488575 and parameters: {'k1': 0.00038633614160469166, 'D_low': 10.390336654101938, 'k2': 0.0002642510178993172, 'D_high': 548687.8600418578, 'fire_exp': 2.2086236533861925, 'P_half': 4.12274849800693, 'pre_dampen_half': 7.352558741911517, 'gpp_af': 3.0213313718406045, 'gpp_b': 0.0009854935376077015, 'gpp_d': 92.02565361623955, 'ign_k': 0.30870422448108487, 'ign_c': 3.5310548577218728, 'trop_agb_crit': 24.950841109509987, 'trop_k_veg': 6.4371608625840535, 'pop_amp': 0.9483153795178172, 'pop_peak': 0.9457270081495541, 'pop_sig': 0.3843264616018139, 'fuel_k': 0.7464471718806412, 'fuel_half': 0.20414747787715645}. Best is trial 421 with value: -0.6216386034937503.
[I 2026-08-19 15:15:21,937] Trial 930 finished with value: -0.5848786944780555 and parameters: {'k1': 0.09181933262635139, 'D_low': 9.934570589217566, 'k2': 6.877939289529812e-05, 'D_high': 2415669.8927838434, 'fire_exp': 2.7924460983035866, 'P_half': 94.05334338354145, 'pre_dampen_half': 75.20991525555598, 'gpp_af': 0.5560072766935853, 'gpp_b': 0.0001984487432066774, 'gpp_d': 46.945644517945894, 'ign_k': 0.04098747159957103, 'ign_c': 1.7402967346529015, 'trop_agb_crit': 20.595706251696352, 'trop_k_veg': 1.5342620921321515, 'pop_amp': 1.3319793765877321, 'pop_peak': 3.6987500017894583, 'pop_sig': 1.8826858015573045, 'fuel_k': 0.013748996791276181, 'fuel_half': 0.5107656477576924}. Best is trial 421 with value: -0.6216386034937503.
  trial  931/2500  best_overall=0.6216  (51.3 min)
[I 2026-08-19 15:15:26,386] Trial 931 finished with value: -0.592231295571328 and parameters: {'k1': 2.9441804481958282e-05, 'D_low': 39776.02506912161, 'k2': 4.861954762323048e-05, 'D_high': 152865.41821845633, 'fire_exp': 1.1708485143839358, 'P_half': 78.46652526000041, 'pre_dampen_half': 3.6691848130289877, 'gpp_af': 0.007072408542269253, 'gpp_b': 0.0005624508519777032, 'gpp_d': 6.108069891204187, 'ign_k': 2.175495367199112, 'ign_c': 23.0353983320881, 'trop_agb_crit': 6.039803684129173, 'trop_k_veg': 1.3290735272625658, 'pop_amp': 2.111372938822854, 'pop_peak': 4.097379277012253, 'pop_sig': 1.1329487507098936, 'fuel_k': 1.0747000042160548, 'fuel_half': 0.419017818111535}. Best is trial 421 with value: -0.6216386034937503.
[I 2026-08-19 15:15:30,510] Trial 932 finished with value: -0.5903266294629949 and parameters: {'k1': 0.0034864474702964816, 'D_low': 1024.502709215589, 'k2': 5.2633040650254676e-05, 'D_high': 822149.9070582151, 'fire_exp': 1.0310083356951385, 'P_half': 2.5535033100789777, 'pre_dampen_half': 0.4161424984039191, 'gpp_af': 0.05451282694137379, 'gpp_b': 9.797622241804648e-05, 'gpp_d': 1.3741118029634953, 'ign_k': 0.3097441939212377, 'ign_c': 16.284685010576574, 'trop_agb_crit': 18.994469274401197, 'trop_k_veg': 7.126733705709924, 'pop_amp': 0.0019516617051548177, 'pop_peak': 1.2612488126231496, 'pop_sig': 0.7230212776128477, 'fuel_k': 0.23937391560810206, 'fuel_half': 0.2835922452113939}. Best is trial 421 with value: -0.6216386034937503.
[I 2026-08-19 15:15:33,446] Trial 933 finished with value: -0.46273571278525544 and parameters: {'k1': 0.014150600489355689, 'D_low': 1216.3683206070662, 'k2': 3.2644735698091004e-05, 'D_high': 6707311.253624612, 'fire_exp': 4.761594272608637, 'P_half': 224.30373201340788, 'pre_dampen_half': 0.032258787022573426, 'gpp_af': 0.3524970892878372, 'gpp_b': 0.00046241703795260494, 'gpp_d': 0.2009377821913282, 'ign_k': 0.8018061057572256, 'ign_c': 0.4028643177244275, 'trop_agb_crit': 11.042146644671925, 'trop_k_veg': 3.304893560654677, 'pop_amp': 5.994109673426135, 'pop_peak': 0.5302492782340602, 'pop_sig': 2.056307847628249, 'fuel_k': 0.10425924502466906, 'fuel_half': 0.14750843207819622}. Best is trial 421 with value: -0.6216386034937503.
[I 2026-08-19 15:15:37,350] Trial 934 finished with value: -0.3611495876715963 and parameters: {'k1': 0.005674728125405278, 'D_low': 74028.46973139141, 'k2': 0.002691439894788102, 'D_high': 2478758.1526625403, 'fire_exp': 1.0426599209251028, 'P_half': 26.439510905081818, 'pre_dampen_half': 3.317384948873786, 'gpp_af': 0.009233409664937032, 'gpp_b': 0.00013669514681624896, 'gpp_d': 55.941838650388746, 'ign_k': 0.6406069434321964, 'ign_c': 58.72827398408088, 'trop_agb_crit': 18.56036113232734, 'trop_k_veg': 4.621653867654929, 'pop_amp': 0.0044552007488392895, 'pop_peak': 23.600936492780896, 'pop_sig': 1.3348562548165928, 'fuel_k': 1.5785319279230172, 'fuel_half': 0.4632498861759389}. Best is trial 421 with value: -0.6216386034937503.
[I 2026-08-19 15:15:40,493] Trial 935 finished with value: -0.5682471680158094 and parameters: {'k1': 0.0005122029186187217, 'D_low': 3248.562462955514, 'k2': 0.000254237702820519, 'D_high': 393446.7047310173, 'fire_exp': 1.8227913854573243, 'P_half': 94.65842296934304, 'pre_dampen_half': 3.858397991990163, 'gpp_af': 75.25968871891207, 'gpp_b': 0.08594323285155991, 'gpp_d': 197.55739090006182, 'ign_k': 0.5587789017641293, 'ign_c': 0.20435040209981337, 'trop_agb_crit': 22.312683691417458, 'trop_k_veg': 5.3415536462669735, 'pop_amp': 0.014358074073189986, 'pop_peak': 6.560756792746095, 'pop_sig': 0.35033995164437964, 'fuel_k': 0.24702699485944848, 'fuel_half': 0.3587768088498298}. Best is trial 421 with value: -0.6216386034937503.
[I 2026-08-19 15:15:43,492] Trial 936 finished with value: -0.4097423967720196 and parameters: {'k1': 0.006359053770442617, 'D_low': 88.23402464026285, 'k2': 0.003179352413072052, 'D_high': 7205060.070895283, 'fire_exp': 4.791540847186186, 'P_half': 356.495495317951, 'pre_dampen_half': 102.09756174039143, 'gpp_af': 0.011612978361115262, 'gpp_b': 0.0011094016160661804, 'gpp_d': 15.14830766543311, 'ign_k': 0.0479836772444368, 'ign_c': 7.913526269727056, 'trop_agb_crit': 1.1425255743388436, 'trop_k_veg': 4.366330060478805, 'pop_amp': 0.45089659076833044, 'pop_peak': 44.5291119871482, 'pop_sig': 0.7575877889589018, 'fuel_k': 0.21014307785233172, 'fuel_half': 3.2463532135851367}. Best is trial 421 with value: -0.6216386034937503.
  trial  937/2500  best_overall=0.6216  (51.7 min)
[I 2026-08-19 15:15:47,069] Trial 937 finished with value: -0.4020167203129234 and parameters: {'k1': 3.742987420259905e-05, 'D_low': 128.61231214694038, 'k2': 0.00018753640435581863, 'D_high': 15056.106033260236, 'fire_exp': 6.493493108916283, 'P_half': 405.5000969561246, 'pre_dampen_half': 404.6136515535192, 'gpp_af': 0.004612968808376376, 'gpp_b': 2.3157276334739096e-05, 'gpp_d': 0.18891848662558872, 'ign_k': 1.217736134842706, 'ign_c': 0.16731938296436225, 'trop_agb_crit': 5.977922655495717, 'trop_k_veg': 5.94451278486059, 'pop_amp': 1.5216507435231494, 'pop_peak': 6.929715923822721, 'pop_sig': 1.8483755507128385, 'fuel_k': 0.06526127750845043, 'fuel_half': 2.083685831552045}. Best is trial 421 with value: -0.6216386034937503.
[I 2026-08-19 15:15:49,524] Trial 938 finished with value: -0.4200237793317746 and parameters: {'k1': 1.4344536627872466e-05, 'D_low': 92.34264264888624, 'k2': 0.001971157202529679, 'D_high': 606906.6165290446, 'fire_exp': 9.030281708926639, 'P_half': 134.11549274249492, 'pre_dampen_half': 28.708700175803873, 'gpp_af': 0.009377775505478506, 'gpp_b': 1.5644607435819947e-05, 'gpp_d': 4.093082845439265, 'ign_k': 5.959440044199162, 'ign_c': 0.2237480770730525, 'trop_agb_crit': 19.97659810294804, 'trop_k_veg': 3.332856579386136, 'pop_amp': 0.357295133923554, 'pop_peak': 2.6220883452882537, 'pop_sig': 1.7716588807934464, 'fuel_k': 0.7896772890123379, 'fuel_half': 3.2621406096811385}. Best is trial 421 with value: -0.6216386034937503.
[I 2026-08-19 15:15:52,282] Trial 939 finished with value: -0.5702729779350821 and parameters: {'k1': 0.0009745113812974234, 'D_low': 3941.0825673436884, 'k2': 3.641064751557354e-05, 'D_high': 9059281.799904585, 'fire_exp': 1.3221772023298544, 'P_half': 81.79080306605366, 'pre_dampen_half': 16.24962468920308, 'gpp_af': 0.00333173262179583, 'gpp_b': 0.001040604984416276, 'gpp_d': 2.2470493520594332, 'ign_k': 9.903689424365504, 'ign_c': 1.5698603251777141, 'trop_agb_crit': 8.24882714502738, 'trop_k_veg': 2.595077294028379, 'pop_amp': 0.08949614071250707, 'pop_peak': 5.371347614456787, 'pop_sig': 1.4790674325914939, 'fuel_k': 0.1691305112405265, 'fuel_half': 0.8146098933903909}. Best is trial 421 with value: -0.6216386034937503.
[I 2026-08-19 15:15:55,987] Trial 940 finished with value: -0.5856404859105432 and parameters: {'k1': 0.004299489834804917, 'D_low': 1.620140686432232, 'k2': 0.00014314667567100325, 'D_high': 4009773.567202818, 'fire_exp': 4.860863143916049, 'P_half': 10.24726638789424, 'pre_dampen_half': 2.124145875688621, 'gpp_af': 0.006751050563611181, 'gpp_b': 1.748244638261341e-05, 'gpp_d': 10.926016925166975, 'ign_k': 0.22108457855166178, 'ign_c': 1.6046443423665337, 'trop_agb_crit': 19.496325304467454, 'trop_k_veg': 4.134265854147127, 'pop_amp': 0.28805792074827596, 'pop_peak': 6.451304388455691, 'pop_sig': 1.9270342442763537, 'fuel_k': 0.04968109631942294, 'fuel_half': 11.229410574325426}. Best is trial 421 with value: -0.6216386034937503.
[I 2026-08-19 15:16:00,006] Trial 941 finished with value: -0.5306113192371924 and parameters: {'k1': 0.004103614024460187, 'D_low': 56.59178816608362, 'k2': 0.0007304295548248243, 'D_high': 5487285.219565492, 'fire_exp': 1.4466378838111016, 'P_half': 1.2564644741168, 'pre_dampen_half': 1.4752605335395608, 'gpp_af': 7.249847641426526, 'gpp_b': 0.0016977047877778874, 'gpp_d': 3.493639847801076, 'ign_k': 8.15488411845279, 'ign_c': 0.1359894545693726, 'trop_agb_crit': 26.424705427751835, 'trop_k_veg': 7.318478492876126, 'pop_amp': 0.023040175049134196, 'pop_peak': 0.9070027781911579, 'pop_sig': 0.42150639914387744, 'fuel_k': 0.28803103933360585, 'fuel_half': 0.40006266850322425}. Best is trial 421 with value: -0.6216386034937503.
[I 2026-08-19 15:16:05,563] Trial 942 finished with value: -0.37815735999173994 and parameters: {'k1': 0.0005657459766410837, 'D_low': 114167.4344873176, 'k2': 1.2905452615499024e-05, 'D_high': 225099.7873834546, 'fire_exp': 1.3012356951157042, 'P_half': 1352.7166202497513, 'pre_dampen_half': 3.4901711969394897, 'gpp_af': 0.0018605134746639215, 'gpp_b': 4.695919739934922e-05, 'gpp_d': 0.27584489727577577, 'ign_k': 0.6855264539010921, 'ign_c': 11.476021887180458, 'trop_agb_crit': 5.939594567409902, 'trop_k_veg': 6.818609194828791, 'pop_amp': 0.024312937737994013, 'pop_peak': 0.7412955777771435, 'pop_sig': 1.4837367325692177, 'fuel_k': 0.1109887648103166, 'fuel_half': 0.30116388853372356}. Best is trial 421 with value: -0.6216386034937503.
  trial  943/2500  best_overall=0.6216  (52.0 min)
[I 2026-08-19 15:16:10,431] Trial 943 finished with value: -0.5058169382127244 and parameters: {'k1': 8.766576378507454e-05, 'D_low': 167.7696698106371, 'k2': 0.023722302560553396, 'D_high': 2100440.7614460397, 'fire_exp': 1.231312102616277, 'P_half': 2.3838586005090048, 'pre_dampen_half': 0.14708615721743762, 'gpp_af': 0.035280916959967594, 'gpp_b': 0.0007796528925071411, 'gpp_d': 83.92884669666377, 'ign_k': 0.13196202981692035, 'ign_c': 1.72987014718575, 'trop_agb_crit': 22.336477130883665, 'trop_k_veg': 1.5555921616539172, 'pop_amp': 0.26938420313691497, 'pop_peak': 282.84176083676914, 'pop_sig': 0.2855573391209485, 'fuel_k': 0.072929329185834, 'fuel_half': 0.1139195497734968}. Best is trial 421 with value: -0.6216386034937503.
[I 2026-08-19 15:16:14,558] Trial 944 finished with value: -0.5386803929966812 and parameters: {'k1': 0.000532653661919384, 'D_low': 80.33365616688238, 'k2': 1.1064209908492685e-05, 'D_high': 240235.76333957943, 'fire_exp': 1.1466998589507533, 'P_half': 2.2350999210731284, 'pre_dampen_half': 31.790992814112805, 'gpp_af': 0.18512819042187406, 'gpp_b': 2.8151164119064918e-05, 'gpp_d': 731.8133786315968, 'ign_k': 0.09667439142919765, 'ign_c': 2.1282068940334957, 'trop_agb_crit': 7.357370996721228, 'trop_k_veg': 2.7077990049587934, 'pop_amp': 0.20334786678477865, 'pop_peak': 13.335836551269965, 'pop_sig': 0.25153279938515927, 'fuel_k': 3.41081886569262, 'fuel_half': 16.490554196428242}. Best is trial 421 with value: -0.6216386034937503.
[I 2026-08-19 15:16:18,196] Trial 945 finished with value: -0.44712050688500576 and parameters: {'k1': 0.0039050517578554413, 'D_low': 1202.5579018006592, 'k2': 2.469522947681065e-05, 'D_high': 892060.6277291653, 'fire_exp': 2.5684380737357704, 'P_half': 548.4050839510733, 'pre_dampen_half': 0.8100171566041114, 'gpp_af': 0.054639226498589176, 'gpp_b': 4.980423557737276e-05, 'gpp_d': 3.100416545757724, 'ign_k': 0.3233013590863868, 'ign_c': 18.390072432426766, 'trop_agb_crit': 16.81086716099894, 'trop_k_veg': 6.607388619843665, 'pop_amp': 0.11524756324748399, 'pop_peak': 0.06103051839733659, 'pop_sig': 0.6589601038174944, 'fuel_k': 0.5167062334995185, 'fuel_half': 0.6898609087624638}. Best is trial 421 with value: -0.6216386034937503.
[I 2026-08-19 15:16:22,029] Trial 946 finished with value: -0.4134337061338395 and parameters: {'k1': 0.021193502429885613, 'D_low': 150.87260732885045, 'k2': 9.693343140929762e-05, 'D_high': 99344.92540432452, 'fire_exp': 2.8292135213560505, 'P_half': 3531.3098812903677, 'pre_dampen_half': 18.124088502390762, 'gpp_af': 0.012753748148162703, 'gpp_b': 0.0008824133395833113, 'gpp_d': 18.756856872546017, 'ign_k': 0.023971408632671606, 'ign_c': 2.9821643134030236, 'trop_agb_crit': 6.8617324976389655, 'trop_k_veg': 4.29426691904186, 'pop_amp': 8.291276149317573, 'pop_peak': 2.4278607805673045, 'pop_sig': 0.5291291313786594, 'fuel_k': 0.23598770732060534, 'fuel_half': 8.605759573744695}. Best is trial 421 with value: -0.6216386034937503.
[I 2026-08-19 15:16:25,294] Trial 947 finished with value: -0.40142083789873845 and parameters: {'k1': 0.00023330833900662688, 'D_low': 78412.06854246014, 'k2': 0.0011496574886555976, 'D_high': 104329.7370382893, 'fire_exp': 1.149056063410463, 'P_half': 316.08115067717836, 'pre_dampen_half': 0.6099100373583038, 'gpp_af': 0.0036296347221935594, 'gpp_b': 0.0001696637454985043, 'gpp_d': 1.3298656261009696, 'ign_k': 8.73099229737607, 'ign_c': 0.38635531814149626, 'trop_agb_crit': 16.277010580687826, 'trop_k_veg': 0.5737004823121465, 'pop_amp': 0.007084063010634609, 'pop_peak': 1.8192387711840103, 'pop_sig': 2.179535633015096, 'fuel_k': 0.28193246124125954, 'fuel_half': 2.949826674407358}. Best is trial 421 with value: -0.6216386034937503.
[I 2026-08-19 15:16:28,995] Trial 948 finished with value: -0.4362636971469172 and parameters: {'k1': 0.0019938835249519015, 'D_low': 160.82229220212403, 'k2': 1.3186958053658258e-05, 'D_high': 640110.7842740371, 'fire_exp': 2.499668854325084, 'P_half': 27.729256257724405, 'pre_dampen_half': 0.24577804302035056, 'gpp_af': 0.023748389858232948, 'gpp_b': 1.1140052421394252e-05, 'gpp_d': 0.4644025505707717, 'ign_k': 0.5190866920604733, 'ign_c': 6.649010175725567, 'trop_agb_crit': 10.541151816486261, 'trop_k_veg': 7.056162826227603, 'pop_amp': 14.787014990098081, 'pop_peak': 0.48068487986372493, 'pop_sig': 1.4982046997877652, 'fuel_k': 0.03803827986637156, 'fuel_half': 0.8228197956759294}. Best is trial 421 with value: -0.6216386034937503.
  trial  949/2500  best_overall=0.6216  (52.4 min)
[I 2026-08-19 15:16:32,525] Trial 949 finished with value: -0.5600507326725094 and parameters: {'k1': 0.00161424686216423, 'D_low': 51.52818336078293, 'k2': 0.00010734193241502688, 'D_high': 125959.5092298038, 'fire_exp': 5.296194277446385, 'P_half': 116.84675300303826, 'pre_dampen_half': 2.9794582786291977, 'gpp_af': 0.011863995828488594, 'gpp_b': 1.7988433456326694e-05, 'gpp_d': 5.613523577596935, 'ign_k': 6.006322918106913, 'ign_c': 2.092021812647152, 'trop_agb_crit': 25.19089475864105, 'trop_k_veg': 0.8513948030172617, 'pop_amp': 1.5143509189518392, 'pop_peak': 25.64126985810135, 'pop_sig': 0.7883940822991118, 'fuel_k': 0.05258586353812086, 'fuel_half': 0.17149244713576095}. Best is trial 421 with value: -0.6216386034937503.
[I 2026-08-19 15:16:35,916] Trial 950 finished with value: -0.4958320644731148 and parameters: {'k1': 0.00020133672035457605, 'D_low': 18.076711807866957, 'k2': 0.018610198198232286, 'D_high': 4110960.407392859, 'fire_exp': 1.9820009376476941, 'P_half': 166.2726311459685, 'pre_dampen_half': 67.57015531532205, 'gpp_af': 0.007560691243160083, 'gpp_b': 0.007241394759853072, 'gpp_d': 23.93307631015151, 'ign_k': 0.2341407454360439, 'ign_c': 7.579946515509296, 'trop_agb_crit': 22.074272622632378, 'trop_k_veg': 3.812282562519331, 'pop_amp': 0.00999773552640941, 'pop_peak': 12.003777405545614, 'pop_sig': 0.25834274407321295, 'fuel_k': 0.279909789601449, 'fuel_half': 0.1465225164816407}. Best is trial 421 with value: -0.6216386034937503.
[I 2026-08-19 15:16:40,590] Trial 951 finished with value: -0.44991001247887175 and parameters: {'k1': 0.000772895766018403, 'D_low': 2031.0605117587786, 'k2': 0.0005155704976572802, 'D_high': 1517262.9320419028, 'fire_exp': 1.1771924734244157, 'P_half': 449.3514734208324, 'pre_dampen_half': 19.496552556585748, 'gpp_af': 0.007806097632337093, 'gpp_b': 4.636694182372063e-05, 'gpp_d': 50.96073074719277, 'ign_k': 0.09898135612725355, 'ign_c': 37.34653226900233, 'trop_agb_crit': 28.331740080933756, 'trop_k_veg': 2.0030996198934994, 'pop_amp': 0.0013086191623893346, 'pop_peak': 2.069913009207483, 'pop_sig': 0.930486275538707, 'fuel_k': 0.14053722322420675, 'fuel_half': 0.32657996320022264}. Best is trial 421 with value: -0.6216386034937503.
[I 2026-08-19 15:16:44,563] Trial 952 finished with value: -0.4028173913908928 and parameters: {'k1': 0.004276426796487642, 'D_low': 919.73267939956, 'k2': 0.0034238000094737758, 'D_high': 18585.56937727193, 'fire_exp': 1.9910032083314337, 'P_half': 2.2032955484998764, 'pre_dampen_half': 0.7926188273325038, 'gpp_af': 0.006049352283717884, 'gpp_b': 0.020599463501153374, 'gpp_d': 240.80513146934092, 'ign_k': 0.03777608120405092, 'ign_c': 8.967011802737655, 'trop_agb_crit': 7.65412572314662, 'trop_k_veg': 0.775726901788437, 'pop_amp': 0.5063277720304307, 'pop_peak': 47.724214744769164, 'pop_sig': 0.26318963701511733, 'fuel_k': 0.6827602186970528, 'fuel_half': 0.24592496000623076}. Best is trial 421 with value: -0.6216386034937503.
[I 2026-08-19 15:16:48,415] Trial 953 finished with value: -0.43635430586188406 and parameters: {'k1': 0.002097947055869371, 'D_low': 8687.814839689527, 'k2': 4.480190789826381e-05, 'D_high': 190892.07008915077, 'fire_exp': 1.5779517471055167, 'P_half': 978.6617552599962, 'pre_dampen_half': 0.3121720796730821, 'gpp_af': 1.1113182642203787, 'gpp_b': 0.00011347195019461404, 'gpp_d': 13.199239015279577, 'ign_k': 0.17918760979040685, 'ign_c': 1.3115342819124396, 'trop_agb_crit': 27.047323065685514, 'trop_k_veg': 4.343780535620995, 'pop_amp': 0.004674436922397181, 'pop_peak': 0.28638257493753794, 'pop_sig': 1.2607401015888235, 'fuel_k': 0.6484179179145388, 'fuel_half': 1.2003677333315408}. Best is trial 421 with value: -0.6216386034937503.
[I 2026-08-19 15:16:52,798] Trial 954 finished with value: -0.40467751778348404 and parameters: {'k1': 0.011933452823940514, 'D_low': 27.874620601842324, 'k2': 7.579195380083021e-05, 'D_high': 38713.244858790415, 'fire_exp': 2.704005275941849, 'P_half': 94.69620226673432, 'pre_dampen_half': 0.04029907188168818, 'gpp_af': 0.0012241199592889246, 'gpp_b': 1.1251643156547339e-05, 'gpp_d': 0.6350703929963986, 'ign_k': 0.10388606623857118, 'ign_c': 120.4282556372752, 'trop_agb_crit': 8.525444476971476, 'trop_k_veg': 2.582323460332617, 'pop_amp': 0.07481261206341284, 'pop_peak': 24.950169172406014, 'pop_sig': 1.391841664745563, 'fuel_k': 0.019798817286475947, 'fuel_half': 1.9812155236371825}. Best is trial 421 with value: -0.6216386034937503.
  trial  955/2500  best_overall=0.6216  (52.8 min)
[I 2026-08-19 15:16:57,592] Trial 955 finished with value: -0.3554625854118624 and parameters: {'k1': 0.0017731692164487743, 'D_low': 6712.676724021199, 'k2': 0.00029458305378665526, 'D_high': 844667.7087806221, 'fire_exp': 4.75897344787379, 'P_half': 31.59172700625274, 'pre_dampen_half': 71.84366722234462, 'gpp_af': 0.005824144698993273, 'gpp_b': 0.0013176237779322691, 'gpp_d': 0.3620213874817976, 'ign_k': 1.0626198684968857, 'ign_c': 143.00260894097173, 'trop_agb_crit': 4.108763877708864, 'trop_k_veg': 2.53058739451276, 'pop_amp': 0.16597305613426935, 'pop_peak': 27.363423638459807, 'pop_sig': 1.3261044865920737, 'fuel_k': 0.019000337421585918, 'fuel_half': 2.5392417889299534}. Best is trial 421 with value: -0.6216386034937503.
