[I 2026-07-24 02:21:30,758] Trial 815 finished with value: 0.5775143940820592 and parameters: {'k1': 0.0007635828332344224, 'D_low': 63068.04016514019, 'k2': 6.052579988905526e-05, 'D_high': 3347608.636961336, 'fire_exp': 1.2433463131202445, 'P_half': 4.37565169778133, 'pre_dampen_half': 0.01480172314657822, 'gpp_af': 1.4984111414043038, 'gpp_b': 0.0008696022108507905, 'gpp_d': 9.62263466150108, 'ign_k': 9.989097976780657, 'ign_c': 0.17218441462313777, 'trop_agb_crit': 3.4797900371027715, 'trop_k_veg': 1.1004541555959337, 'fuel_k': 4.336509611764452, 'fuel_half': 0.26796529376046396}. Best is trial 0 with value: -0.6070628323553574.
[I 2026-07-24 02:21:31,176] Trial 816 finished with value: 0.5594139337835273 and parameters: {'k1': 0.0003153284700335539, 'D_low': 784.1236843476947, 'k2': 0.000771901170181061, 'D_high': 80832.26755853315, 'fire_exp': 2.4675894891175747, 'P_half': 4.975001814878381, 'pre_dampen_half': 0.48221980886368826, 'gpp_af': 9.389491361788636, 'gpp_b': 0.027938517780522865, 'gpp_d': 46.22805539970835, 'ign_k': 0.050291451555205306, 'ign_c': 12.31317883386231, 'trop_agb_crit': 10.910958941428051, 'trop_k_veg': 4.308904571928883, 'fuel_k': 3.0794380519777373, 'fuel_half': 1.2965385960763838}. Best is trial 0 with value: -0.6070628323553574.
[I 2026-07-24 02:21:31,594] Trial 817 finished with value: 0.446694977059507 and parameters: {'k1': 0.00023399081054440557, 'D_low': 1.0508509271758963, 'k2': 0.0008124378149901081, 'D_high': 978932.1018712714, 'fire_exp': 6.645474461150837, 'P_half': 31.23667124687043, 'pre_dampen_half': 115.94876729893156, 'gpp_af': 0.011772154708654994, 'gpp_b': 7.183712695636034e-05, 'gpp_d': 6.667901955996967, 'ign_k': 0.705725076647632, 'ign_c': 1.533269164271066, 'trop_agb_crit': 10.702550819186747, 'trop_k_veg': 0.8798563012287812, 'fuel_k': 1.468367910622271, 'fuel_half': 0.11705094099485679}. Best is trial 0 with value: -0.6070628323553574.
[I 2026-07-24 02:21:32,011] Trial 818 finished with value: 0.476133303905087 and parameters: {'k1': 0.0031402864835924586, 'D_low': 773.4604993942788, 'k2': 0.0010316013993603957, 'D_high': 4716284.806119396, 'fire_exp': 1.886690662672608, 'P_half': 1.0868692099151422, 'pre_dampen_half': 126.92194009115549, 'gpp_af': 83.20646110052043, 'gpp_b': 0.6343003956652717, 'gpp_d': 257.4825262476443, 'ign_k': 0.15122475691425052, 'ign_c': 26.697868097194736, 'trop_agb_crit': 11.777803197598795, 'trop_k_veg': 5.547437474091126, 'fuel_k': 5.846555701462861, 'fuel_half': 0.15378722412502818}. Best is trial 0 with value: -0.6070628323553574.
[I 2026-07-24 02:21:32,431] Trial 819 finished with value: 0.5807321245401688 and parameters: {'k1': 0.052544556759910224, 'D_low': 2.285814168541514, 'k2': 5.0088895189429764e-05, 'D_high': 5055267.372966767, 'fire_exp': 1.1065160083855412, 'P_half': 36.137179077836905, 'pre_dampen_half': 0.05672757525075046, 'gpp_af': 3.599568096046656, 'gpp_b': 0.00046381393113774, 'gpp_d': 353.3892064768173, 'ign_k': 0.047676788195654116, 'ign_c': 180.5424551746358, 'trop_agb_crit': 1.5012496230487153, 'trop_k_veg': 2.5678384323797743, 'fuel_k': 5.425788557290979, 'fuel_half': 0.24963400422376067}. Best is trial 0 with value: -0.6070628323553574.
[I 2026-07-24 02:21:32,847] Trial 820 finished with value: 0.5884754790113084 and parameters: {'k1': 0.015025812889038082, 'D_low': 1955.3570707931328, 'k2': 2.658553690385431e-05, 'D_high': 127604.80189606715, 'fire_exp': 3.218253274896578, 'P_half': 2.6544641560233013, 'pre_dampen_half': 3.2716597670536083, 'gpp_af': 94.71188191461172, 'gpp_b': 0.002829046964547075, 'gpp_d': 633.3768118131461, 'ign_k': 0.002829141656439473, 'ign_c': 487.52934999581896, 'trop_agb_crit': 11.458971692831538, 'trop_k_veg': 2.151579834262013, 'fuel_k': 1.557623327292732, 'fuel_half': 0.6259339322359979}. Best is trial 0 with value: -0.6070628323553574.
[I 2026-07-24 02:21:33,267] Trial 821 finished with value: 0.584503912104658 and parameters: {'k1': 0.0008906690342917237, 'D_low': 852.1221126575768, 'k2': 0.0036972878848990235, 'D_high': 47737.71932105626, 'fire_exp': 6.469414929152069, 'P_half': 35.885489480095885, 'pre_dampen_half': 4.081318819041846, 'gpp_af': 1.7589302970103857, 'gpp_b': 0.11610732002371105, 'gpp_d': 12.320589048441052, 'ign_k': 0.06215967702511712, 'ign_c': 1.834345437239933, 'trop_agb_crit': 26.61230017513363, 'trop_k_veg': 1.3179916997405248, 'fuel_k': 0.08291748419890199, 'fuel_half': 0.23813928347982022}. Best is trial 0 with value: -0.6070628323553574.
[I 2026-07-24 02:21:33,682] Trial 822 finished with value: 0.4710795027120639 and parameters: {'k1': 0.0018332361674591167, 'D_low': 539.9714389720366, 'k2': 2.4447282631741004e-05, 'D_high': 2616944.98558751, 'fire_exp': 1.0922956418498408, 'P_half': 1.4834137730046868, 'pre_dampen_half': 3.9220257513809096, 'gpp_af': 3.560124658487208, 'gpp_b': 0.0138099086263292, 'gpp_d': 931.6444278897125, 'ign_k': 0.06416338288024676, 'ign_c': 18.982820088542123, 'trop_agb_crit': 11.886113615895503, 'trop_k_veg': 5.692197815304682, 'fuel_k': 2.996650521043978, 'fuel_half': 0.13294364575706413}. Best is trial 0 with value: -0.6070628323553574.
[I 2026-07-24 02:21:34,095] Trial 823 finished with value: -0.5842553895929938 and parameters: {'k1': 0.0005780967736182712, 'D_low': 18.441174015279014, 'k2': 1.1372645590073099e-05, 'D_high': 1644973.1229813693, 'fire_exp': 1.0578079313367175, 'P_half': 1.4402635329045608, 'pre_dampen_half': 0.03159472983074178, 'gpp_af': 6.761857048307657, 'gpp_b': 0.023936493435623648, 'gpp_d': 300.4410218611004, 'ign_k': 0.926176175805757, 'ign_c': 1.213710226963043, 'trop_agb_crit': 8.442497503590188, 'trop_k_veg': 3.6091779379674143, 'fuel_k': 2.2401838792033084, 'fuel_half': 0.14109260130665105}. Best is trial 0 with value: -0.6070628323553574.
[I 2026-07-24 02:21:34,510] Trial 824 finished with value: 0.5027560414776268 and parameters: {'k1': 0.0005575447521087048, 'D_low': 245.13680129339454, 'k2': 0.0005254128134037044, 'D_high': 2290447.8775470736, 'fire_exp': 1.3357265350904433, 'P_half': 35.77002557421939, 'pre_dampen_half': 0.01738982592816444, 'gpp_af': 2.0487179925404173, 'gpp_b': 0.0012314082455328508, 'gpp_d': 37.273647130637315, 'ign_k': 0.7600991181811277, 'ign_c': 0.257978514524838, 'trop_agb_crit': 9.894996992479994, 'trop_k_veg': 3.296328289098934, 'fuel_k': 0.07974334864984321, 'fuel_half': 0.10631398137657058}. Best is trial 0 with value: -0.6070628323553574.
[I 2026-07-24 02:21:34,928] Trial 825 finished with value: 0.4694026231411109 and parameters: {'k1': 0.000323178669860272, 'D_low': 39.55925864661371, 'k2': 2.6544102896526408e-05, 'D_high': 1707196.2466016149, 'fire_exp': 1.2371562340710611, 'P_half': 4.727729211677843, 'pre_dampen_half': 0.08555203501489617, 'gpp_af': 13.705613611729317, 'gpp_b': 0.05049595304483441, 'gpp_d': 285.73834964243275, 'ign_k': 5.301216630127477, 'ign_c': 6.4389983626080385, 'trop_agb_crit': 7.947687891656377, 'trop_k_veg': 2.669231667071954, 'fuel_k': 0.4456274690776772, 'fuel_half': 1.8943705516109701}. Best is trial 0 with value: -0.6070628323553574.
[I 2026-07-24 02:21:35,342] Trial 826 finished with value: 0.42624056900463214 and parameters: {'k1': 0.00017594937922403637, 'D_low': 2.9561382248182504, 'k2': 1.205632464594261e-05, 'D_high': 5862063.728771824, 'fire_exp': 1.006783440714973, 'P_half': 4.9938028929348866, 'pre_dampen_half': 0.09721023060419824, 'gpp_af': 5.524722176840518, 'gpp_b': 0.003625006753599104, 'gpp_d': 95.2913546227502, 'ign_k': 0.39553852150331764, 'ign_c': 0.5496636689845713, 'trop_agb_crit': 12.134407727025275, 'trop_k_veg': 4.225590963284436, 'fuel_k': 3.941518303320317, 'fuel_half': 0.17982677704320457}. Best is trial 0 with value: -0.6070628323553574.
[I 2026-07-24 02:21:35,760] Trial 827 finished with value: 0.5745226775972506 and parameters: {'k1': 0.0005784173057056171, 'D_low': 9119.734274119688, 'k2': 0.0019861068406970407, 'D_high': 21522.239387400612, 'fire_exp': 1.167010616199777, 'P_half': 1.6674248942538434, 'pre_dampen_half': 0.0715179442010702, 'gpp_af': 1.4014884461534305, 'gpp_b': 0.0007300299164011844, 'gpp_d': 9.328252485616206, 'ign_k': 0.4593728667040024, 'ign_c': 0.3032331462823139, 'trop_agb_crit': 11.002810368610934, 'trop_k_veg': 3.374747221823786, 'fuel_k': 0.48501643350094825, 'fuel_half': 0.23158403991743134}. Best is trial 0 with value: -0.6070628323553574.
[I 2026-07-24 02:21:36,181] Trial 828 finished with value: 0.5249990098395803 and parameters: {'k1': 0.0007253089175413734, 'D_low': 4.198570216997034, 'k2': 0.00012699649389214971, 'D_high': 101349.22569281465, 'fire_exp': 2.3799050162009245, 'P_half': 1.0552766203028203, 'pre_dampen_half': 0.08580244254376479, 'gpp_af': 2.509772408791756, 'gpp_b': 7.764892769232751e-05, 'gpp_d': 246.73891419738422, 'ign_k': 0.033836890034932, 'ign_c': 0.1517354079654233, 'trop_agb_crit': 22.30590701387949, 'trop_k_veg': 2.2877242645775504, 'fuel_k': 4.103617055967382, 'fuel_half': 0.5033931321219016}. Best is trial 0 with value: -0.6070628323553574.
[I 2026-07-24 02:21:36,597] Trial 829 finished with value: 0.500260473867554 and parameters: {'k1': 0.03479501353040197, 'D_low': 4.134085903790769, 'k2': 0.00013772131025833873, 'D_high': 6013111.063195769, 'fire_exp': 2.315342141340812, 'P_half': 123.79782941537066, 'pre_dampen_half': 0.7380574632717151, 'gpp_af': 0.05399134579156767, 'gpp_b': 0.00012690253783138433, 'gpp_d': 177.96842001667343, 'ign_k': 0.011516607138293269, 'ign_c': 1.9002198054960742, 'trop_agb_crit': 2.33956406119468, 'trop_k_veg': 1.5912890376789266, 'fuel_k': 5.286428947251364, 'fuel_half': 0.46648925641373407}. Best is trial 0 with value: -0.6070628323553574.
[I 2026-07-24 02:21:37,015] Trial 830 finished with value: -0.5513193496629445 and parameters: {'k1': 0.012089807277348028, 'D_low': 7561.826154091157, 'k2': 0.059541328714907145, 'D_high': 7287912.62158592, 'fire_exp': 2.7956373115700863, 'P_half': 9.797243206453315, 'pre_dampen_half': 31.415650524985946, 'gpp_af': 0.3694054242794314, 'gpp_b': 0.0003683538725827108, 'gpp_d': 2.162307923936105, 'ign_k': 0.2050225551962823, 'ign_c': 11.599043998861934, 'trop_agb_crit': 2.8624502618421017, 'trop_k_veg': 0.6917768356149469, 'fuel_k': 0.18879154476179202, 'fuel_half': 1.8905229140831552}. Best is trial 0 with value: -0.6070628323553574.
[I 2026-07-24 02:21:37,434] Trial 831 finished with value: 0.4438275384785322 and parameters: {'k1': 0.0028108954251965567, 'D_low': 9.465107332638851, 'k2': 2.0209308704136844e-05, 'D_high': 130918.53791767094, 'fire_exp': 1.3652207653881272, 'P_half': 2.7256829570363297, 'pre_dampen_half': 0.1309428367099948, 'gpp_af': 5.504741255174374, 'gpp_b': 0.7699040519967293, 'gpp_d': 22.24029911769955, 'ign_k': 0.4543512962668975, 'ign_c': 17.247851207377998, 'trop_agb_crit': 8.793318049310509, 'trop_k_veg': 3.2619746847063844, 'fuel_k': 3.544443597966238, 'fuel_half': 0.17335322766506553}. Best is trial 0 with value: -0.6070628323553574.
[I 2026-07-24 02:21:37,851] Trial 832 finished with value: 0.5009127086224241 and parameters: {'k1': 0.00011233731402392048, 'D_low': 60.1197387146888, 'k2': 0.049934101043589425, 'D_high': 308259.24037872214, 'fire_exp': 1.3833012847344688, 'P_half': 3.202204460240622, 'pre_dampen_half': 0.13632202242612418, 'gpp_af': 63.351705707053796, 'gpp_b': 0.25281021005992516, 'gpp_d': 60.257574404718405, 'ign_k': 4.082478361629465, 'ign_c': 1.9496757875165227, 'trop_agb_crit': 3.689821049620171, 'trop_k_veg': 2.8747345931036943, 'fuel_k': 1.6697716423836384, 'fuel_half': 1.1290424674808006}. Best is trial 0 with value: -0.6070628323553574.
[I 2026-07-24 02:21:38,266] Trial 833 finished with value: 0.6445248672420552 and parameters: {'k1': 0.007439534433346221, 'D_low': 614.2822729701426, 'k2': 0.0034833027402444935, 'D_high': 1312138.0339857407, 'fire_exp': 6.4217805355670174, 'P_half': 4.75369311050851, 'pre_dampen_half': 3.8865694403186577, 'gpp_af': 0.22234756092537347, 'gpp_b': 0.05475205430024273, 'gpp_d': 4.335393337016147, 'ign_k': 3.6845970195317457, 'ign_c': 35.71612464788862, 'trop_agb_crit': 5.733600773654178, 'trop_k_veg': 0.876816656490894, 'fuel_k': 0.3168287149373955, 'fuel_half': 0.7167196292855136}. Best is trial 0 with value: -0.6070628323553574.
[I 2026-07-24 02:21:38,684] Trial 834 finished with value: 0.5691833422000354 and parameters: {'k1': 0.0004586311766512249, 'D_low': 10.603723006796955, 'k2': 8.725884211159267e-05, 'D_high': 14155.02084573911, 'fire_exp': 1.104582897309476, 'P_half': 14.415885590002823, 'pre_dampen_half': 0.011460775867163093, 'gpp_af': 97.21132353022476, 'gpp_b': 0.17695304573583714, 'gpp_d': 275.81482191808396, 'ign_k': 6.431215220079524, 'ign_c': 1.2331467421231717, 'trop_agb_crit': 11.615541029311268, 'trop_k_veg': 3.9252789874310907, 'fuel_k': 1.2424528018504535, 'fuel_half': 0.12402477626122983}. Best is trial 0 with value: -0.6070628323553574.
[I 2026-07-24 02:21:39,182] Trial 835 finished with value: 0.6445374145881376 and parameters: {'k1': 0.02360258686576665, 'D_low': 120.46432619910898, 'k2': 7.724616485292352e-05, 'D_high': 21172.43901822863, 'fire_exp': 1.0104602778322063, 'P_half': 2.1134881726138444, 'pre_dampen_half': 9.432994879496116, 'gpp_af': 1.300634897410467, 'gpp_b': 1.3615240669407571, 'gpp_d': 66.84336518717258, 'ign_k': 0.8287969776074942, 'ign_c': 625.1611599741082, 'trop_agb_crit': 15.566174921562164, 'trop_k_veg': 2.1451780366041784, 'fuel_k': 0.3594803910734348, 'fuel_half': 0.24109472620813222}. Best is trial 0 with value: -0.6070628323553574.
[I 2026-07-24 02:21:39,599] Trial 836 finished with value: 0.6445374145881376 and parameters: {'k1': 0.00031249935503207453, 'D_low': 2.242133766577678, 'k2': 0.001428334833225549, 'D_high': 239992.1389199257, 'fire_exp': 6.960460086502568, 'P_half': 402.9628765642738, 'pre_dampen_half': 200.28007235271943, 'gpp_af': 0.003262971818822984, 'gpp_b': 5.129121270811819e-05, 'gpp_d': 35.74312824659701, 'ign_k': 1.0452231224773152, 'ign_c': 41.46419851597236, 'trop_agb_crit': 23.278520395559465, 'trop_k_veg': 0.6984687714953718, 'fuel_k': 3.1138610124079853, 'fuel_half': 0.18099764783949832}. Best is trial 0 with value: -0.6070628323553574.
[I 2026-07-24 02:21:40,023] Trial 837 finished with value: 0.6445374145881376 and parameters: {'k1': 0.001002774536833652, 'D_low': 26.903549606136195, 'k2': 0.04470365703869873, 'D_high': 7583696.261493794, 'fire_exp': 3.1653975796761866, 'P_half': 1.9854045702184797, 'pre_dampen_half': 3.076377561842119, 'gpp_af': 22.182376937626735, 'gpp_b': 0.0002612943218207987, 'gpp_d': 11.533151333287973, 'ign_k': 0.617193121536843, 'ign_c': 127.37761577186957, 'trop_agb_crit': 12.281917853318708, 'trop_k_veg': 0.5979791141927562, 'fuel_k': 0.7504348385288828, 'fuel_half': 0.41826720702170483}. Best is trial 0 with value: -0.6070628323553574.
[I 2026-07-24 02:21:40,486] Trial 838 finished with value: 0.49613930299372067 and parameters: {'k1': 0.0004490706025274943, 'D_low': 659.0610570537393, 'k2': 3.1121328714566535e-05, 'D_high': 1652926.8652151448, 'fire_exp': 1.8896020600414458, 'P_half': 4.677308645017188, 'pre_dampen_half': 0.018346316839108385, 'gpp_af': 9.13094053090651, 'gpp_b': 0.0029027951310538055, 'gpp_d': 842.5107548251361, 'ign_k': 3.6221914762712997, 'ign_c': 0.5020836430900351, 'trop_agb_crit': 5.847844554252922, 'trop_k_veg': 2.8436464426749346, 'fuel_k': 0.2584996995623236, 'fuel_half': 0.13617672117426433}. Best is trial 0 with value: -0.6070628323553574.
[I 2026-07-24 02:21:40,930] Trial 839 finished with value: 0.41466070595952886 and parameters: {'k1': 0.00016390045022340372, 'D_low': 1.3439158667300908, 'k2': 0.00018170660464224105, 'D_high': 865670.2755360508, 'fire_exp': 1.1822094452900094, 'P_half': 7.1551131481317825, 'pre_dampen_half': 0.1441973303772446, 'gpp_af': 7.640522208415677, 'gpp_b': 0.0006297094831449452, 'gpp_d': 306.1149122807111, 'ign_k': 0.08791827240869839, 'ign_c': 0.14435935295585453, 'trop_agb_crit': 10.874085118735403, 'trop_k_veg': 1.2852698564737624, 'fuel_k': 3.5727866591324338, 'fuel_half': 0.1153911231033756}. Best is trial 0 with value: -0.6070628323553574.
[I 2026-07-24 02:21:41,342] Trial 840 finished with value: -0.5647743499962387 and parameters: {'k1': 2.637122995743997e-05, 'D_low': 441.58018260686254, 'k2': 0.005070486034184235, 'D_high': 7019176.7787593715, 'fire_exp': 1.6283546071483266, 'P_half': 2.780224198839357, 'pre_dampen_half': 4.35917964325343, 'gpp_af': 8.168432526308408, 'gpp_b': 0.17416500981346006, 'gpp_d': 44.67742978900977, 'ign_k': 2.7715449496096447, 'ign_c': 7.810011523810602, 'trop_agb_crit': 5.65903254683499, 'trop_k_veg': 3.7952994159680777, 'fuel_k': 1.0198753921660368, 'fuel_half': 1.9753486303136398}. Best is trial 0 with value: -0.6070628323553574.
[I 2026-07-24 02:21:41,757] Trial 841 finished with value: 0.4081500278234875 and parameters: {'k1': 0.011878480240800893, 'D_low': 74.6741626569181, 'k2': 0.0007669810643670285, 'D_high': 4253425.992571435, 'fire_exp': 6.200534335929758, 'P_half': 131.87947646023548, 'pre_dampen_half': 537.0717721507267, 'gpp_af': 1.1343857863575109, 'gpp_b': 0.0003376881890712219, 'gpp_d': 364.6821136814909, 'ign_k': 0.36607180784214266, 'ign_c': 0.22925023247918216, 'trop_agb_crit': 11.051034893838846, 'trop_k_veg': 3.0151128369975555, 'fuel_k': 0.2831836279713644, 'fuel_half': 0.12963881938701552}. Best is trial 0 with value: -0.6070628323553574.
[I 2026-07-24 02:21:42,174] Trial 842 finished with value: 0.5713058469435024 and parameters: {'k1': 0.00017565211725885306, 'D_low': 2955.2972897877917, 'k2': 0.00025598008238530127, 'D_high': 368633.92125692574, 'fire_exp': 1.87440152344394, 'P_half': 7.121458954196823, 'pre_dampen_half': 0.11943805609203834, 'gpp_af': 2.948793182139472, 'gpp_b': 0.06315855211364536, 'gpp_d': 974.3884508784827, 'ign_k': 0.03639788370948603, 'ign_c': 44.77887865103462, 'trop_agb_crit': 3.2017744521374083, 'trop_k_veg': 2.1285243342864217, 'fuel_k': 2.4589811676366176, 'fuel_half': 0.19942814621582353}. Best is trial 0 with value: -0.6070628323553574.
[I 2026-07-24 02:21:42,587] Trial 843 finished with value: -0.5901587661043826 and parameters: {'k1': 0.0012189872467610688, 'D_low': 1076.1583091491798, 'k2': 7.324454570849875e-05, 'D_high': 172967.64612586895, 'fire_exp': 1.1676895535175955, 'P_half': 35.24613089042202, 'pre_dampen_half': 0.8190279674887341, 'gpp_af': 0.18056347766571043, 'gpp_b': 0.007124640888588075, 'gpp_d': 890.977045222899, 'ign_k': 0.9114982537698324, 'ign_c': 0.40296514407902567, 'trop_agb_crit': 15.307438399342027, 'trop_k_veg': 3.438342232260315, 'fuel_k': 0.4942010373996251, 'fuel_half': 0.16262023486063076}. Best is trial 0 with value: -0.6070628323553574.
[I 2026-07-24 02:21:43,000] Trial 844 finished with value: 0.5418396166925561 and parameters: {'k1': 0.00038888176971895886, 'D_low': 91.39453749864967, 'k2': 0.00045656408790059106, 'D_high': 47942.986118105815, 'fire_exp': 1.7219714604052827, 'P_half': 486.91038949035436, 'pre_dampen_half': 0.48495180827784734, 'gpp_af': 0.01965956395538612, 'gpp_b': 0.00033778076496095773, 'gpp_d': 241.86832102896147, 'ign_k': 5.612806853292361, 'ign_c': 0.41838867309002153, 'trop_agb_crit': 24.67260629271454, 'trop_k_veg': 4.352593064724657, 'fuel_k': 0.523551316413302, 'fuel_half': 0.6636686107818096}. Best is trial 0 with value: -0.6070628323553574.
[I 2026-07-24 02:21:43,419] Trial 845 finished with value: 0.5222802142017666 and parameters: {'k1': 0.0033399362721726394, 'D_low': 298.7241095729291, 'k2': 0.0005332001670714324, 'D_high': 18517.455609274075, 'fire_exp': 1.3487837093730923, 'P_half': 31.571873683592287, 'pre_dampen_half': 1.2726267599642829, 'gpp_af': 0.06972444232282102, 'gpp_b': 0.0031789150873561115, 'gpp_d': 806.0489278374965, 'ign_k': 0.08128649601021848, 'ign_c': 0.13145408835097327, 'trop_agb_crit': 21.989982491846447, 'trop_k_veg': 4.961393749705522, 'fuel_k': 0.11127849785485702, 'fuel_half': 0.24843028689430321}. Best is trial 0 with value: -0.6070628323553574.
[I 2026-07-24 02:21:43,833] Trial 846 finished with value: 0.639752440048384 and parameters: {'k1': 4.4482362442636036e-05, 'D_low': 652.6435629927397, 'k2': 0.04525410657546623, 'D_high': 5086.392692549851, 'fire_exp': 3.5952465175782358, 'P_half': 2457.4307490455208, 'pre_dampen_half': 70.95200762526676, 'gpp_af': 2.4572659304821527, 'gpp_b': 0.00035405391476396337, 'gpp_d': 0.1166943003578279, 'ign_k': 0.08555456215668653, 'ign_c': 3.782036355713102, 'trop_agb_crit': 2.485063885334115, 'trop_k_veg': 1.9979385064124857, 'fuel_k': 0.021936439879180075, 'fuel_half': 1.1508382874913714}. Best is trial 0 with value: -0.6070628323553574.
[I 2026-07-24 02:21:44,247] Trial 847 finished with value: 0.5515508593724532 and parameters: {'k1': 0.023968200438977193, 'D_low': 1.5949320295219924, 'k2': 2.926724805354624e-05, 'D_high': 171997.12977727156, 'fire_exp': 1.2914293632116993, 'P_half': 45.24843025352245, 'pre_dampen_half': 0.07880638004832333, 'gpp_af': 0.5615837545452347, 'gpp_b': 0.0009137978919425871, 'gpp_d': 213.61600043914734, 'ign_k': 0.022086982136495598, 'ign_c': 52.41469583081927, 'trop_agb_crit': 1.9776761849703959, 'trop_k_veg': 7.223376305971566, 'fuel_k': 2.091162512750244, 'fuel_half': 0.25700180235759895}. Best is trial 0 with value: -0.6070628323553574.
[I 2026-07-24 02:21:44,665] Trial 848 finished with value: 0.551711628153235 and parameters: {'k1': 0.012271807830903089, 'D_low': 21218.309215877925, 'k2': 0.0009933262355464243, 'D_high': 2436560.6420236407, 'fire_exp': 1.4046622111056928, 'P_half': 3.0081827659060485, 'pre_dampen_half': 0.2982851144220586, 'gpp_af': 0.5067222548974142, 'gpp_b': 0.04364673345348289, 'gpp_d': 19.87916693494107, 'ign_k': 0.19697582220748078, 'ign_c': 0.5246751010093843, 'trop_agb_crit': 5.165731254585248, 'trop_k_veg': 3.017152091497487, 'fuel_k': 0.43771732917965417, 'fuel_half': 0.13772955708516818}. Best is trial 0 with value: -0.6070628323553574.
