[I 2026-06-10 22:35:10,040] Trial 524 finished with values: [12.750403056122398, 12.750403056122398] and parameters: {'k1': 0.00026539376439360527, 'D_low': 1.4002277211577039, 'k2': 1.1417577140741129e-05, 'D_high': 29.126651668813768, 'fire_exp': 1.2732983562135975, 'P_half': 1.4551749476072258, 'pre_dampen_half': 20.84599542460349, 'gpp_af': 3.298293484806585, 'gpp_b': 1.4540386644083135e-05, 'gpp_d': 47.35384181058586, 'ign_k': 1.636529060071807, 'ign_c': 0.14665316366397016, 'trop_agb_crit': 4.902399583903479, 'trop_k_veg': 0.6488368931910606, 'fire_amp': 4.1162797330133705}.
[I 2026-06-10 22:35:11,406] Trial 525 finished with values: [10.103162199726517, 10.103162199726517] and parameters: {'k1': 0.0014452451441203328, 'D_low': 1.4002277211577039, 'k2': 4.933751600448335e-05, 'D_high': 949.9072859745386, 'fire_exp': 1.2732983562135975, 'P_half': 3.9207829763785726, 'pre_dampen_half': 857.3351203969089, 'gpp_af': 0.41874665092828456, 'gpp_b': 0.00047819318414852577, 'gpp_d': 0.4742269251269962, 'ign_k': 7.252283715822169, 'ign_c': 16.497426799845446, 'trop_agb_crit': 2.0527418919564324, 'trop_k_veg': 4.796046723963646, 'fire_amp': 1.2393473789150806}.
[I 2026-06-10 22:35:12,738] Trial 526 finished with values: [10.081291038639241, 10.081291038639241] and parameters: {'k1': 1.0465498595171737e-05, 'D_low': 15.0613200804335, 'k2': 0.00024195799118138832, 'D_high': 27.55546207779663, 'fire_exp': 1.3807440352456883, 'P_half': 101.40635645866499, 'pre_dampen_half': 123.04779330083686, 'gpp_af': 1.3954498518315706, 'gpp_b': 0.16285506249643175, 'gpp_d': 12.151631524283598, 'ign_k': 6.415745702132089, 'ign_c': 2.2489542843914485, 'trop_agb_crit': 1.5033346993841157, 'trop_k_veg': 1.2749676887479542, 'fire_amp': 5.416595007374148}.
[I 2026-06-10 22:35:14,011] Trial 527 finished with values: [10.776221985551373, 10.776221985551373] and parameters: {'k1': 0.0014452451441203328, 'D_low': 2267.735223551285, 'k2': 0.02065142557895925, 'D_high': 949.9072859745386, 'fire_exp': 1.0601964743503993, 'P_half': 118.94665366442581, 'pre_dampen_half': 9.044346216330972, 'gpp_af': 6.384685545228285, 'gpp_b': 2.800940363375676e-05, 'gpp_d': 0.4742269251269962, 'ign_k': 1.6270983114897255, 'ign_c': 0.6235377135673155, 'trop_agb_crit': 1.0189592979395135, 'trop_k_veg': 4.796046723963646, 'fire_amp': 2.6192385880432525}.
[I 2026-06-10 22:35:15,275] Trial 528 finished with values: [10.413523303215166, 10.413523303215166] and parameters: {'k1': 0.00026539376439360527, 'D_low': 12.105387404469584, 'k2': 1.1417577140741129e-05, 'D_high': 29.126651668813768, 'fire_exp': 1.111738490499784, 'P_half': 1.4551749476072258, 'pre_dampen_half': 121.93011993958949, 'gpp_af': 0.07118041471054574, 'gpp_b': 0.16285506249643175, 'gpp_d': 12.151631524283598, 'ign_k': 1.636529060071807, 'ign_c': 0.7619822175388142, 'trop_agb_crit': 4.902399583903479, 'trop_k_veg': 0.6673124511410327, 'fire_amp': 4.1162797330133705}.
[I 2026-06-10 22:35:17,047] Trial 529 finished with values: [10.403021193081909, 10.403021193081909] and parameters: {'k1': 0.006079905434073396, 'D_low': 1.4002277211577039, 'k2': 0.0036014695835220327, 'D_high': 949.9072859745386, 'fire_exp': 1.2732983562135975, 'P_half': 882.2833027501578, 'pre_dampen_half': 20.84599542460349, 'gpp_af': 0.41874665092828456, 'gpp_b': 2.176805640408474e-05, 'gpp_d': 0.03927259340973166, 'ign_k': 1.6270983114897255, 'ign_c': 0.17036120617148395, 'trop_agb_crit': 12.647327018493208, 'trop_k_veg': 4.0068236274914755, 'fire_amp': 4.19233232783727}.
[I 2026-06-10 22:35:18,490] Trial 530 finished with values: [10.739732538872182, 10.739732538872182] and parameters: {'k1': 0.00026539376439360527, 'D_low': 2962.601088597272, 'k2': 0.003767022142229395, 'D_high': 431.45617043093523, 'fire_exp': 1.111738490499784, 'P_half': 61.6097529474144, 'pre_dampen_half': 121.93011993958949, 'gpp_af': 2.5184956910855436, 'gpp_b': 0.00031478066835753096, 'gpp_d': 0.12878367369717508, 'ign_k': 0.00840038491455979, 'ign_c': 7.081721844034206, 'trop_agb_crit': 2.0527418919564324, 'trop_k_veg': 0.6108091740265464, 'fire_amp': 2.2586887422726973}.
[I 2026-06-10 22:35:19,762] Trial 531 finished with values: [10.613009019818746, 10.613009019818746] and parameters: {'k1': 0.08006837661379566, 'D_low': 1.4002277211577039, 'k2': 4.933751600448335e-05, 'D_high': 44974.07193749848, 'fire_exp': 1.9095652801045373, 'P_half': 882.2833027501578, 'pre_dampen_half': 20.84599542460349, 'gpp_af': 0.41874665092828456, 'gpp_b': 2.800940363375676e-05, 'gpp_d': 0.4742269251269962, 'ign_k': 0.004775640431359605, 'ign_c': 16.497426799845446, 'trop_agb_crit': 8.188098178380693, 'trop_k_veg': 0.828441460847982, 'fire_amp': 4.19233232783727}.
[I 2026-06-10 22:35:21,007] Trial 532 finished with values: [10.992095346249252, 10.992095346249252] and parameters: {'k1': 0.0014452451441203328, 'D_low': 1.4002277211577039, 'k2': 4.933751600448335e-05, 'D_high': 949.9072859745386, 'fire_exp': 1.0601964743503993, 'P_half': 4.213183643253957, 'pre_dampen_half': 123.04779330083686, 'gpp_af': 0.09885838682552685, 'gpp_b': 1.4540386644083135e-05, 'gpp_d': 0.4742269251269962, 'ign_k': 0.09256855841989636, 'ign_c': 0.4177928311636542, 'trop_agb_crit': 1.5033346993841157, 'trop_k_veg': 5.636143940068465, 'fire_amp': 1.2393473789150806}.
[I 2026-06-10 22:35:22,265] Trial 533 finished with values: [-0.5905742096619288, 0.07261729562932162] and parameters: {'k1': 0.006079905434073396, 'D_low': 43.2326421037033, 'k2': 0.0007731571570012607, 'D_high': 949.9072859745386, 'fire_exp': 1.2732983562135975, 'P_half': 157.3644610977214, 'pre_dampen_half': 37.40930273158252, 'gpp_af': 0.09885838682552685, 'gpp_b': 0.00047819318414852577, 'gpp_d': 7.631016235941559, 'ign_k': 1.6270983114897255, 'ign_c': 7.832259769732471, 'trop_agb_crit': 1.8566494291193822, 'trop_k_veg': 6.825463866194253, 'fire_amp': 2.6192385880432525}.
[I 2026-06-10 22:35:23,593] Trial 534 finished with values: [10.603922681672138, 10.603922681672138] and parameters: {'k1': 0.0869690639641868, 'D_low': 1.4002277211577039, 'k2': 4.933751600448335e-05, 'D_high': 949.9072859745386, 'fire_exp': 1.0601964743503993, 'P_half': 1265.0580856641704, 'pre_dampen_half': 9.044346216330972, 'gpp_af': 0.37842528170684203, 'gpp_b': 0.00047819318414852577, 'gpp_d': 0.4742269251269962, 'ign_k': 0.17320535908244444, 'ign_c': 0.6235377135673155, 'trop_agb_crit': 1.0189592979395135, 'trop_k_veg': 4.796046723963646, 'fire_amp': 1.2393473789150806}.
[I 2026-06-10 22:35:25,101] Trial 535 finished with values: [10.819398008180647, 10.819398008180647] and parameters: {'k1': 0.00026539376439360527, 'D_low': 6010.742028864748, 'k2': 1.1417577140741129e-05, 'D_high': 29.126651668813768, 'fire_exp': 3.0820989694255045, 'P_half': 1.4551749476072258, 'pre_dampen_half': 189.36639872354493, 'gpp_af': 3.298293484806585, 'gpp_b': 0.16285506249643175, 'gpp_d': 12.151631524283598, 'ign_k': 1.636529060071807, 'ign_c': 0.7619822175388142, 'trop_agb_crit': 4.902399583903479, 'trop_k_veg': 0.6488368931910606, 'fire_amp': 4.1162797330133705}.
[I 2026-06-10 22:35:26,501] Trial 536 finished with values: [-0.32745654092138593, 0.5674350545673466] and parameters: {'k1': 0.0001887567630782227, 'D_low': 50.32059347286801, 'k2': 1.1417577140741129e-05, 'D_high': 431.45617043093523, 'fire_exp': 1.9136159174067866, 'P_half': 1.4551749476072258, 'pre_dampen_half': 21.593412825402957, 'gpp_af': 1.3954498518315706, 'gpp_b': 1.4540386644083135e-05, 'gpp_d': 47.35384181058586, 'ign_k': 0.09256855841989636, 'ign_c': 7.832259769732471, 'trop_agb_crit': 1.8285200278523417, 'trop_k_veg': 1.6648666152166967, 'fire_amp': 4.19233232783727}.
[I 2026-06-10 22:35:27,786] Trial 537 finished with values: [-0.3404378428857548, 0.5287370364986569] and parameters: {'k1': 0.00026539376439360527, 'D_low': 1.4002277211577039, 'k2': 3.152468275632564e-05, 'D_high': 27.55546207779663, 'fire_exp': 1.111738490499784, 'P_half': 61.6097529474144, 'pre_dampen_half': 9.044346216330972, 'gpp_af': 2.5184956910855436, 'gpp_b': 2.1309331861011757e-05, 'gpp_d': 0.7698760608299932, 'ign_k': 1.6270983114897255, 'ign_c': 7.081721844034206, 'trop_agb_crit': 2.0527418919564324, 'trop_k_veg': 0.6618107836658104, 'fire_amp': 1.5719333351012774}.
[I 2026-06-10 22:35:29,192] Trial 538 finished with values: [11.338019856627191, 11.338019856627191] and parameters: {'k1': 0.0001887567630782227, 'D_low': 2267.735223551285, 'k2': 0.003767022142229395, 'D_high': 48235.58283024493, 'fire_exp': 1.3792762394455726, 'P_half': 118.94665366442581, 'pre_dampen_half': 30.456909077772018, 'gpp_af': 1.3954498518315706, 'gpp_b': 2.800940363375676e-05, 'gpp_d': 0.014121081168145975, 'ign_k': 1.6270983114897255, 'ign_c': 1.3431925993528124, 'trop_agb_crit': 1.8285200278523417, 'trop_k_veg': 0.6673124511410327, 'fire_amp': 4.19233232783727}.
[I 2026-06-10 22:35:30,528] Trial 539 finished with values: [10.77966343520467, 10.77966343520467] and parameters: {'k1': 0.00026539376439360527, 'D_low': 1.4002277211577039, 'k2': 0.0012030178871154666, 'D_high': 431.45617043093523, 'fire_exp': 1.1633452995374232, 'P_half': 51.10120656497163, 'pre_dampen_half': 1.4510220269654117, 'gpp_af': 0.41874665092828456, 'gpp_b': 0.004411400434514031, 'gpp_d': 0.47379914349407487, 'ign_k': 0.09256855841989636, 'ign_c': 0.10435856341129002, 'trop_agb_crit': 4.902399583903479, 'trop_k_veg': 6.825463866194253, 'fire_amp': 1.7362652332618447}.
[I 2026-06-10 22:35:32,087] Trial 540 finished with values: [10.3624713090466, 10.3624713090466] and parameters: {'k1': 0.0009255037589041178, 'D_low': 12.105387404469584, 'k2': 0.00024195799118138832, 'D_high': 431.45617043093523, 'fire_exp': 1.3807440352456883, 'P_half': 4.213183643253957, 'pre_dampen_half': 121.93011993958949, 'gpp_af': 1.3954498518315706, 'gpp_b': 1.4540386644083135e-05, 'gpp_d': 0.03927259340973166, 'ign_k': 0.00840038491455979, 'ign_c': 65.87536748686888, 'trop_agb_crit': 1.0693376406863295, 'trop_k_veg': 0.6673124511410327, 'fire_amp': 4.19233232783727}.
[I 2026-06-10 22:35:33,629] Trial 541 finished with values: [10.272552099221729, 10.272552099221729] and parameters: {'k1': 0.00026539376439360527, 'D_low': 4006.89033223865, 'k2': 0.003767022142229395, 'D_high': 1817.0401889219124, 'fire_exp': 1.14171776851287, 'P_half': 157.80309954142965, 'pre_dampen_half': 121.93011993958949, 'gpp_af': 0.004409093791567215, 'gpp_b': 1.1008110571039521e-05, 'gpp_d': 0.12878367369717508, 'ign_k': 0.8945150807271531, 'ign_c': 0.7619822175388142, 'trop_agb_crit': 8.0091368834625, 'trop_k_veg': 4.796046723963646, 'fire_amp': 1.4357291436937847}.
[I 2026-06-10 22:35:34,982] Trial 542 finished with values: [10.377803700118523, 10.377803700118523] and parameters: {'k1': 0.0869690639641868, 'D_low': 12.105387404469584, 'k2': 0.02065142557895925, 'D_high': 431.45617043093523, 'fire_exp': 1.9095652801045373, 'P_half': 5.4712187293420325, 'pre_dampen_half': 121.93011993958949, 'gpp_af': 0.07118041471054574, 'gpp_b': 1.4540386644083135e-05, 'gpp_d': 0.4742269251269962, 'ign_k': 0.00840038491455979, 'ign_c': 0.6235377135673155, 'trop_agb_crit': 1.0693376406863295, 'trop_k_veg': 4.796046723963646, 'fire_amp': 2.6192385880432525}.
[I 2026-06-10 22:35:36,286] Trial 543 finished with values: [10.83232393812057, 10.83232393812057] and parameters: {'k1': 0.0009255037589041178, 'D_low': 1.4002277211577039, 'k2': 0.0012030178871154666, 'D_high': 27.55546207779663, 'fire_exp': 4.7144651891518725, 'P_half': 4.213183643253957, 'pre_dampen_half': 189.36639872354493, 'gpp_af': 0.41874665092828456, 'gpp_b': 1.4540386644083135e-05, 'gpp_d': 0.03927259340973166, 'ign_k': 0.09256855841989636, 'ign_c': 0.4177928311636542, 'trop_agb_crit': 1.0693376406863295, 'trop_k_veg': 4.0068236274914755, 'fire_amp': 5.831305332032283}.
[I 2026-06-10 22:35:37,878] Trial 544 finished with values: [10.82608550266497, 10.82608550266497] and parameters: {'k1': 0.0001887567630782227, 'D_low': 1.4002277211577039, 'k2': 0.0012030178871154666, 'D_high': 42210.21267871043, 'fire_exp': 1.1633452995374232, 'P_half': 277.00025557434554, 'pre_dampen_half': 269.0845367054866, 'gpp_af': 0.41874665092828456, 'gpp_b': 6.598911085146508, 'gpp_d': 0.47379914349407487, 'ign_k': 0.09256855841989636, 'ign_c': 0.10435856341129002, 'trop_agb_crit': 4.902399583903479, 'trop_k_veg': 4.0068236274914755, 'fire_amp': 1.1832294197682733}.
[I 2026-06-10 22:35:39,590] Trial 545 finished with values: [10.81016767725813, 10.81016767725813] and parameters: {'k1': 0.004902396944106613, 'D_low': 6010.742028864748, 'k2': 0.0001016707987819611, 'D_high': 1817.0401889219124, 'fire_exp': 1.111738490499784, 'P_half': 1.4551749476072258, 'pre_dampen_half': 903.3231300044874, 'gpp_af': 3.298293484806585, 'gpp_b': 1.4540386644083135e-05, 'gpp_d': 0.030844007727232167, 'ign_k': 0.17320535908244444, 'ign_c': 7.832259769732471, 'trop_agb_crit': 1.8023542850487386, 'trop_k_veg': 6.172643383211297, 'fire_amp': 5.831305332032283}.
[I 2026-06-10 22:35:41,743] Trial 546 finished with values: [10.420820746710232, 10.420820746710232] and parameters: {'k1': 0.016973078532467004, 'D_low': 3840.3004190988563, 'k2': 3.152468275632564e-05, 'D_high': 595.6633466901683, 'fire_exp': 1.0601964743503993, 'P_half': 157.80309954142965, 'pre_dampen_half': 269.0845367054866, 'gpp_af': 0.004409093791567215, 'gpp_b': 2.176805640408474e-05, 'gpp_d': 0.47379914349407487, 'ign_k': 0.17320535908244444, 'ign_c': 0.17036120617148395, 'trop_agb_crit': 1.5033346993841157, 'trop_k_veg': 4.0068236274914755, 'fire_amp': 1.1202509284327942}.
[I 2026-06-10 22:35:43,488] Trial 547 finished with values: [10.573646634454047, 10.573646634454047] and parameters: {'k1': 0.00026539376439360527, 'D_low': 171.2446447678494, 'k2': 0.0012030178871154666, 'D_high': 42210.21267871043, 'fire_exp': 1.14171776851287, 'P_half': 157.80309954142965, 'pre_dampen_half': 189.36639872354493, 'gpp_af': 0.004409093791567215, 'gpp_b': 0.004411400434514031, 'gpp_d': 0.03927259340973166, 'ign_k': 0.8945150807271531, 'ign_c': 0.6235377135673155, 'trop_agb_crit': 4.902399583903479, 'trop_k_veg': 4.0068236274914755, 'fire_amp': 5.831305332032283}.
[I 2026-06-10 22:35:45,035] Trial 548 finished with values: [10.713853235666162, 10.713853235666162] and parameters: {'k1': 0.0001887567630782227, 'D_low': 2267.735223551285, 'k2': 0.029687184908302574, 'D_high': 949.9072859745386, 'fire_exp': 1.9095652801045373, 'P_half': 157.80309954142965, 'pre_dampen_half': 9.044346216330972, 'gpp_af': 10.25616274847308, 'gpp_b': 2.800940363375676e-05, 'gpp_d': 0.4742269251269962, 'ign_k': 0.17320535908244444, 'ign_c': 0.6235377135673155, 'trop_agb_crit': 1.8285200278523417, 'trop_k_veg': 3.1055119128084763, 'fire_amp': 4.19233232783727}.
[I 2026-06-10 22:35:46,509] Trial 549 finished with values: [10.609970772951666, 10.609970772951666] and parameters: {'k1': 0.0012752949611679993, 'D_low': 1.4002277211577039, 'k2': 0.0007731571570012607, 'D_high': 1266.9536563782303, 'fire_exp': 1.5036604936020428, 'P_half': 1.4551749476072258, 'pre_dampen_half': 189.36639872354493, 'gpp_af': 3.298293484806585, 'gpp_b': 0.00012118589392553798, 'gpp_d': 0.030844007727232167, 'ign_k': 0.17320535908244444, 'ign_c': 7.832259769732471, 'trop_agb_crit': 1.8023542850487386, 'trop_k_veg': 6.172643383211297, 'fire_amp': 1.4475279918261055}.
[I 2026-06-10 22:35:48,103] Trial 550 finished with values: [10.747564320071385, 10.747564320071385] and parameters: {'k1': 0.08006837661379566, 'D_low': 3840.3004190988563, 'k2': 3.152468275632564e-05, 'D_high': 20103.283734409175, 'fire_exp': 1.9095652801045373, 'P_half': 589.5271473887282, 'pre_dampen_half': 9.044346216330972, 'gpp_af': 0.004409093791567215, 'gpp_b': 1.1008110571039521e-05, 'gpp_d': 0.47379914349407487, 'ign_k': 0.9419612235978201, 'ign_c': 0.10435856341129002, 'trop_agb_crit': 1.0189592979395135, 'trop_k_veg': 0.7808079158649266, 'fire_amp': 5.416595007374148}.
[I 2026-06-10 22:35:49,568] Trial 551 finished with values: [10.824907987710507, 10.824907987710507] and parameters: {'k1': 0.00026539376439360527, 'D_low': 6010.742028864748, 'k2': 0.02065142557895925, 'D_high': 29.126651668813768, 'fire_exp': 1.9095652801045373, 'P_half': 1.4551749476072258, 'pre_dampen_half': 155.08737608723771, 'gpp_af': 3.298293484806585, 'gpp_b': 0.16285506249643175, 'gpp_d': 12.151631524283598, 'ign_k': 1.636529060071807, 'ign_c': 0.10435856341129002, 'trop_agb_crit': 8.188098178380693, 'trop_k_veg': 0.6488368931910606, 'fire_amp': 4.1162797330133705}.
[I 2026-06-10 22:35:50,855] Trial 552 finished with values: [10.780379302206718, 10.780379302206718] and parameters: {'k1': 0.00026539376439360527, 'D_low': 2396.0796124300746, 'k2': 0.0010726091927327822, 'D_high': 27.55546207779663, 'fire_exp': 1.0601964743503993, 'P_half': 6004.223886195538, 'pre_dampen_half': 123.04779330083686, 'gpp_af': 1.9654778690222015, 'gpp_b': 1.4540386644083135e-05, 'gpp_d': 3.57879245350232, 'ign_k': 0.5407445028694732, 'ign_c': 1.3431925993528124, 'trop_agb_crit': 1.5033346993841157, 'trop_k_veg': 1.2749676887479542, 'fire_amp': 2.042193818779288}.
[I 2026-06-10 22:35:52,185] Trial 553 finished with values: [11.21389835170449, 11.21389835170449] and parameters: {'k1': 0.0014452451441203328, 'D_low': 97.43142535650219, 'k2': 4.933751600448335e-05, 'D_high': 42210.21267871043, 'fire_exp': 1.111738490499784, 'P_half': 157.3644610977214, 'pre_dampen_half': 121.93011993958949, 'gpp_af': 2.5184956910855436, 'gpp_b': 0.00047819318414852577, 'gpp_d': 12.281069836814826, 'ign_k': 0.037151317999473285, 'ign_c': 7.081721844034206, 'trop_agb_crit': 2.0527418919564324, 'trop_k_veg': 0.6108091740265464, 'fire_amp': 1.5719333351012774}.
[I 2026-06-10 22:35:53,515] Trial 554 finished with values: [10.48140483994883, 10.48140483994883] and parameters: {'k1': 0.00023134781612225627, 'D_low': 1.7551403048208316, 'k2': 0.0011135501184757278, 'D_high': 1817.0401889219124, 'fire_exp': 1.0601964743503993, 'P_half': 61.6097529474144, 'pre_dampen_half': 9.044346216330972, 'gpp_af': 27.78052183438328, 'gpp_b': 1.4540386644083135e-05, 'gpp_d': 0.7698760608299932, 'ign_k': 0.17320535908244444, 'ign_c': 0.6235377135673155, 'trop_agb_crit': 1.0189592979395135, 'trop_k_veg': 4.796046723963646, 'fire_amp': 1.5719333351012774}.
[I 2026-06-10 22:35:54,887] Trial 555 finished with values: [10.820913753731118, 10.820913753731118] and parameters: {'k1': 0.0869690639641868, 'D_low': 2396.0796124300746, 'k2': 0.02939607009739149, 'D_high': 44974.07193749848, 'fire_exp': 7.394434809371433, 'P_half': 191.61918406231337, 'pre_dampen_half': 9.044346216330972, 'gpp_af': 10.25616274847308, 'gpp_b': 1.5216765859697215e-05, 'gpp_d': 0.4742269251269962, 'ign_k': 1.636529060071807, 'ign_c': 0.6235377135673155, 'trop_agb_crit': 1.0189592979395135, 'trop_k_veg': 4.796046723963646, 'fire_amp': 2.6192385880432525}.
[I 2026-06-10 22:35:56,436] Trial 556 finished with values: [10.833247775900427, 10.833247775900427] and parameters: {'k1': 0.00026539376439360527, 'D_low': 2396.0796124300746, 'k2': 4.933751600448335e-05, 'D_high': 949.9072859745386, 'fire_exp': 8.529993407276715, 'P_half': 1.4551749476072258, 'pre_dampen_half': 37.40930273158252, 'gpp_af': 3.298293484806585, 'gpp_b': 0.00047819318414852577, 'gpp_d': 95.2715755007094, 'ign_k': 1.6270983114897255, 'ign_c': 7.832259769732471, 'trop_agb_crit': 21.380932890222198, 'trop_k_veg': 1.6648666152166967, 'fire_amp': 2.6192385880432525}.
[I 2026-06-10 22:35:57,797] Trial 557 finished with values: [10.014210927827095, 10.014210927827095] and parameters: {'k1': 0.00026539376439360527, 'D_low': 2267.735223551285, 'k2': 0.02065142557895925, 'D_high': 44974.07193749848, 'fire_exp': 1.111738490499784, 'P_half': 118.94665366442581, 'pre_dampen_half': 121.93011993958949, 'gpp_af': 0.09885838682552685, 'gpp_b': 0.00031478066835753096, 'gpp_d': 0.7698760608299932, 'ign_k': 0.002357279455676982, 'ign_c': 0.10435856341129002, 'trop_agb_crit': 2.0527418919564324, 'trop_k_veg': 0.6108091740265464, 'fire_amp': 1.5719333351012774}.
[I 2026-06-10 22:35:59,347] Trial 558 finished with values: [10.311448604884916, 10.311448604884916] and parameters: {'k1': 0.0057293717735696316, 'D_low': 2267.735223551285, 'k2': 0.0004976087827261435, 'D_high': 48235.58283024493, 'fire_exp': 1.2918065501148304, 'P_half': 277.00025557434554, 'pre_dampen_half': 269.0845367054866, 'gpp_af': 10.25616274847308, 'gpp_b': 2.176805640408474e-05, 'gpp_d': 0.03927259340973166, 'ign_k': 0.13500744867919376, 'ign_c': 2.226297338331262, 'trop_agb_crit': 1.0189592979395135, 'trop_k_veg': 4.0068236274914755, 'fire_amp': 2.6192385880432525}.
[I 2026-06-10 22:36:00,791] Trial 559 finished with values: [10.032797445409463, 10.032797445409463] and parameters: {'k1': 0.0869690639641868, 'D_low': 2267.735223551285, 'k2': 0.02065142557895925, 'D_high': 48235.58283024493, 'fire_exp': 1.9095652801045373, 'P_half': 118.94665366442581, 'pre_dampen_half': 9.044346216330972, 'gpp_af': 0.41874665092828456, 'gpp_b': 0.00047819318414852577, 'gpp_d': 594.7389794988394, 'ign_k': 0.8945150807271531, 'ign_c': 0.6235377135673155, 'trop_agb_crit': 1.0189592979395135, 'trop_k_veg': 4.796046723963646, 'fire_amp': 2.6192385880432525}.
[I 2026-06-10 22:36:02,057] Trial 560 finished with values: [10.739015826925653, 10.739015826925653] and parameters: {'k1': 0.006079905434073396, 'D_low': 43.2326421037033, 'k2': 0.005082220961627801, 'D_high': 570.8731724249576, 'fire_exp': 1.4690410989404576, 'P_half': 70.91190338709636, 'pre_dampen_half': 903.3231300044874, 'gpp_af': 42.29037995744429, 'gpp_b': 0.00012118589392553798, 'gpp_d': 0.1197776427957647, 'ign_k': 0.4320578308497379, 'ign_c': 3.4321391362415827, 'trop_agb_crit': 2.1989086830950257, 'trop_k_veg': 6.172643383211297, 'fire_amp': 1.032981306188127}.
