[I 2026-08-06 10:14:45,075] Trial 195 finished with values: [10.605462844767564, 10.605462844767564] and parameters: {'k1': 0.00488137519160367, 'D_low': 252.38726750780188, 'k2': 8.923807143379776e-05, 'D_high': 76.7074891445377, 'fire_exp': 1.1263716762638152, 'P_half': 221.2683656611821, 'pre_dampen_half': 3.3841016089580034, 'gpp_af': 1.5386842469144075, 'gpp_b': 3.481277316673104e-05, 'gpp_d': 150.14555442537656, 'ign_k': 0.019192001101561888, 'ign_c': 0.557280750002996, 'trop_agb_crit': 10.691477813613638, 'trop_k_veg': 1.0594599158279707}.
[I 2026-08-06 10:14:46,249] Trial 196 finished with values: [10.557739471530347, 10.557739471530347] and parameters: {'k1': 0.008912611835817005, 'D_low': 12.105387404469584, 'k2': 0.003419108473554454, 'D_high': 107.53522341516504, 'fire_exp': 1.3170256885255098, 'P_half': 4.213183643253957, 'pre_dampen_half': 63.6685916079943, 'gpp_af': 0.6403036652671171, 'gpp_b': 0.14577755664212386, 'gpp_d': 5.1715677287580455, 'ign_k': 8.926311370835233, 'ign_c': 11.400863701127316, 'trop_agb_crit': 24.80219492452611, 'trop_k_veg': 0.6673124511410327}.
[I 2026-08-06 10:14:47,435] Trial 197 finished with values: [10.712176729274587, 10.712176729274587] and parameters: {'k1': 0.012840669372724958, 'D_low': 7.890004262668578, 'k2': 0.00025255166452944054, 'D_high': 14.378290221680125, 'fire_exp': 2.467425479508436, 'P_half': 93.43302657318476, 'pre_dampen_half': 331.7366635899375, 'gpp_af': 0.05511595477601767, 'gpp_b': 0.012132126638791128, 'gpp_d': 82.84476373292449, 'ign_k': 0.0029519227433917453, 'ign_c': 30.785541778315018, 'trop_agb_crit': 18.785197416433792, 'trop_k_veg': 6.955154171468271}.
[I 2026-08-06 10:14:48,614] Trial 198 finished with values: [11.140415129680152, 11.140415129680152] and parameters: {'k1': 0.004312951023617458, 'D_low': 4.484744524732794, 'k2': 1.915468390724633e-05, 'D_high': 3712.591045287726, 'fire_exp': 1.0629462657398439, 'P_half': 221.2683656611821, 'pre_dampen_half': 552.4163637315892, 'gpp_af': 0.7539992074650279, 'gpp_b': 3.481277316673104e-05, 'gpp_d': 150.14555442537656, 'ign_k': 0.010167079878196114, 'ign_c': 0.557280750002996, 'trop_agb_crit': 24.584290528289387, 'trop_k_veg': 6.2065960186008615}.
[I 2026-08-06 10:14:49,799] Trial 199 finished with values: [10.768967517359984, 10.768967517359984] and parameters: {'k1': 0.00488137519160367, 'D_low': 6542.056762893129, 'k2': 0.014344484793173472, 'D_high': 61536.58035691648, 'fire_exp': 1.0362310858538248, 'P_half': 221.2683656611821, 'pre_dampen_half': 1.3833139021965035, 'gpp_af': 5.335773317316405, 'gpp_b': 0.01777482313117792, 'gpp_d': 150.14555442537656, 'ign_k': 5.351470428717437, 'ign_c': 3.470490935437501, 'trop_agb_crit': 10.691477813613638, 'trop_k_veg': 1.0594599158279707}.
[I 2026-08-06 10:14:50,980] Trial 200 finished with values: [10.39490352970228, 10.39490352970228] and parameters: {'k1': 0.006642027816373391, 'D_low': 355.00125258511594, 'k2': 0.03538758864779238, 'D_high': 3712.591045287726, 'fire_exp': 1.3170256885255098, 'P_half': 220.3445560633069, 'pre_dampen_half': 552.4163637315892, 'gpp_af': 0.7539992074650279, 'gpp_b': 0.14577755664212386, 'gpp_d': 5.1715677287580455, 'ign_k': 0.12329098365270515, 'ign_c': 15.221840161091626, 'trop_agb_crit': 24.584290528289387, 'trop_k_veg': 0.6743482387129308}.
[I 2026-08-06 10:14:52,141] Trial 201 finished with values: [10.716585647379727, 10.716585647379727] and parameters: {'k1': 0.008912611835817005, 'D_low': 5023.348046919797, 'k2': 0.03538758864779238, 'D_high': 8182.111518618414, 'fire_exp': 1.3170256885255098, 'P_half': 220.3445560633069, 'pre_dampen_half': 502.5175192217655, 'gpp_af': 0.7539992074650279, 'gpp_b': 3.481277316673104e-05, 'gpp_d': 2.944272359149677, 'ign_k': 0.21006485619596416, 'ign_c': 5.13055176058983, 'trop_agb_crit': 1.14876138417489, 'trop_k_veg': 3.1473758868965476}.
[I 2026-08-06 10:14:53,364] Trial 202 finished with values: [10.720331590841672, 10.720331590841672] and parameters: {'k1': 5.2759586181451185e-05, 'D_low': 38.82837025280678, 'k2': 0.003101429427212743, 'D_high': 107.53522341516504, 'fire_exp': 1.1263716762638152, 'P_half': 4.213183643253957, 'pre_dampen_half': 5.048653998722947, 'gpp_af': 1.6059727222314273, 'gpp_b': 0.14577755664212386, 'gpp_d': 5.1715677287580455, 'ign_k': 0.18697387216131534, 'ign_c': 1.9580595319750387, 'trop_agb_crit': 1.0693376406863295, 'trop_k_veg': 0.6673124511410327}.
[I 2026-08-06 10:14:54,536] Trial 203 finished with values: [11.188898301033039, 11.188898301033039] and parameters: {'k1': 0.012840669372724958, 'D_low': 7.890004262668578, 'k2': 0.0007047307383115598, 'D_high': 8182.111518618414, 'fire_exp': 1.0629462657398439, 'P_half': 93.43302657318476, 'pre_dampen_half': 17.707795393478506, 'gpp_af': 0.2204465010099918, 'gpp_b': 1.284284091405877e-05, 'gpp_d': 6.792399189485706, 'ign_k': 0.0029519227433917453, 'ign_c': 2.957080941494347, 'trop_agb_crit': 2.4645410377327237, 'trop_k_veg': 0.983473833513531}.
[I 2026-08-06 10:14:55,757] Trial 204 finished with values: [10.498822882166479, 10.498822882166479] and parameters: {'k1': 5.153993511603138e-05, 'D_low': 12.105387404469584, 'k2': 0.003767022142229395, 'D_high': 431.45617043093523, 'fire_exp': 1.0601964743503993, 'P_half': 4.213183643253957, 'pre_dampen_half': 8.594202650742222, 'gpp_af': 1.9706963379095486, 'gpp_b': 1.4540386644083135e-05, 'gpp_d': 0.043441170039664925, 'ign_k': 0.00840038491455979, 'ign_c': 2.8335389417624683, 'trop_agb_crit': 2.009167401373723, 'trop_k_veg': 0.6673124511410327}.
[I 2026-08-06 10:14:56,943] Trial 205 finished with values: [10.766101186522146, 10.766101186522146] and parameters: {'k1': 0.008912611835817005, 'D_low': 7.240382572465288, 'k2': 0.003419108473554454, 'D_high': 88.9193644629625, 'fire_exp': 2.1154350616377124, 'P_half': 4.213183643253957, 'pre_dampen_half': 38.00678588560607, 'gpp_af': 17.624510039685536, 'gpp_b': 0.12746711578215045, 'gpp_d': 5.1715677287580455, 'ign_k': 0.21006485619596416, 'ign_c': 11.400863701127316, 'trop_agb_crit': 7.500118950416987, 'trop_k_veg': 0.6673124511410327}.
[I 2026-08-06 10:14:58,103] Trial 206 finished with values: [10.536725692306732, 10.536725692306732] and parameters: {'k1': 0.004312951023617458, 'D_low': 1683.621997588799, 'k2': 0.014344484793173472, 'D_high': 45914.852167405326, 'fire_exp': 1.221575427404682, 'P_half': 140.74279366401683, 'pre_dampen_half': 8.594202650742222, 'gpp_af': 1.9706963379095486, 'gpp_b': 1.598364670380439e-05, 'gpp_d': 4.25060659305504, 'ign_k': 0.01364908766641695, 'ign_c': 0.557280750002996, 'trop_agb_crit': 1.0693376406863295, 'trop_k_veg': 3.49157152291552}.
[I 2026-08-06 10:14:59,217] Trial 207 finished with values: [10.473662915549891, 10.473662915549891] and parameters: {'k1': 3.23559867820537e-05, 'D_low': 4.484744524732794, 'k2': 1.915468390724633e-05, 'D_high': 3712.591045287726, 'fire_exp': 1.0629462657398439, 'P_half': 220.3445560633069, 'pre_dampen_half': 552.4163637315892, 'gpp_af': 0.7539992074650279, 'gpp_b': 0.14577755664212386, 'gpp_d': 5.1715677287580455, 'ign_k': 0.6161423618045312, 'ign_c': 15.221840161091626, 'trop_agb_crit': 24.584290528289387, 'trop_k_veg': 6.2065960186008615}.
[I 2026-08-06 10:15:00,361] Trial 208 finished with values: [10.760885644928495, 10.760885644928495] and parameters: {'k1': 5.153993511603138e-05, 'D_low': 520.4862686958022, 'k2': 0.014344484793173472, 'D_high': 455.5085098454081, 'fire_exp': 1.2171655955604195, 'P_half': 9716.212563514906, 'pre_dampen_half': 63.6685916079943, 'gpp_af': 5.335773317316405, 'gpp_b': 0.42247700890263645, 'gpp_d': 2.944272359149677, 'ign_k': 0.006912296717033066, 'ign_c': 5.13055176058983, 'trop_agb_crit': 1.0903028125370984, 'trop_k_veg': 1.140286245977296}.
[I 2026-08-06 10:15:01,545] Trial 209 finished with values: [10.712444030551588, 10.712444030551588] and parameters: {'k1': 0.00488137519160367, 'D_low': 7.299348683062307, 'k2': 8.923807143379776e-05, 'D_high': 8182.111518618414, 'fire_exp': 1.423480109671474, 'P_half': 133.4807155996069, 'pre_dampen_half': 5.048653998722947, 'gpp_af': 1.5386842469144075, 'gpp_b': 0.22727308251068193, 'gpp_d': 418.77522137884927, 'ign_k': 0.11619873314872933, 'ign_c': 0.557280750002996, 'trop_agb_crit': 10.691477813613638, 'trop_k_veg': 1.0594599158279707}.
[I 2026-08-06 10:15:02,684] Trial 210 finished with values: [10.769230768838547, 10.769230768838547] and parameters: {'k1': 0.008912611835817005, 'D_low': 7660.074273652683, 'k2': 0.05985024829384177, 'D_high': 5670.3463356272905, 'fire_exp': 1.221575427404682, 'P_half': 140.74279366401683, 'pre_dampen_half': 63.6685916079943, 'gpp_af': 0.6403036652671171, 'gpp_b': 0.0038900687554386305, 'gpp_d': 757.2868182332339, 'ign_k': 0.21006485619596416, 'ign_c': 11.903394335305014, 'trop_agb_crit': 1.0903028125370984, 'trop_k_veg': 0.6673124511410327}.
[I 2026-08-06 10:15:03,847] Trial 211 finished with values: [10.467670184605362, 10.467670184605362] and parameters: {'k1': 0.008912611835817005, 'D_low': 78.86001704920405, 'k2': 1.1065812688893481e-05, 'D_high': 5670.3463356272905, 'fire_exp': 1.3170256885255098, 'P_half': 4.213183643253957, 'pre_dampen_half': 502.5175192217655, 'gpp_af': 0.6403036652671171, 'gpp_b': 1.4868114807380364, 'gpp_d': 150.14555442537656, 'ign_k': 0.0680787482656459, 'ign_c': 0.557280750002996, 'trop_agb_crit': 7.500118950416987, 'trop_k_veg': 0.6673124511410327}.
[I 2026-08-06 10:15:04,989] Trial 212 finished with values: [10.368638002037311, 10.368638002037311] and parameters: {'k1': 0.012840669372724958, 'D_low': 12.105387404469584, 'k2': 0.003101429427212743, 'D_high': 1236.6924205139144, 'fire_exp': 1.0601964743503993, 'P_half': 4.213183643253957, 'pre_dampen_half': 3.0023172465753074, 'gpp_af': 0.15988721385117122, 'gpp_b': 1.4540386644083135e-05, 'gpp_d': 0.12878367369717508, 'ign_k': 0.00840038491455979, 'ign_c': 39.52220881906114, 'trop_agb_crit': 1.0693376406863295, 'trop_k_veg': 1.0594599158279707}.
[I 2026-08-06 10:15:06,120] Trial 213 finished with values: [10.690272716981575, 10.690272716981575] and parameters: {'k1': 0.012021930484915042, 'D_low': 7.299348683062307, 'k2': 0.003101429427212743, 'D_high': 1493.5213816355397, 'fire_exp': 1.1263716762638152, 'P_half': 4.213183643253957, 'pre_dampen_half': 5.048653998722947, 'gpp_af': 1.5386842469144075, 'gpp_b': 0.22727308251068193, 'gpp_d': 0.4726373877250429, 'ign_k': 0.0036065195493704487, 'ign_c': 1.9580595319750387, 'trop_agb_crit': 1.0693376406863295, 'trop_k_veg': 5.198868247525917}.
[I 2026-08-06 10:15:07,251] Trial 214 finished with values: [10.517750496013045, 10.517750496013045] and parameters: {'k1': 8.488887549001697e-05, 'D_low': 1112.9571947046009, 'k2': 0.0001889739291279833, 'D_high': 42210.21267871043, 'fire_exp': 1.695318866910499, 'P_half': 338.23872019362165, 'pre_dampen_half': 39.827466658711515, 'gpp_af': 0.47739011308437823, 'gpp_b': 2.176805640408474e-05, 'gpp_d': 0.4726373877250429, 'ign_k': 0.0036065195493704487, 'ign_c': 0.557280750002996, 'trop_agb_crit': 2.4645410377327237, 'trop_k_veg': 0.983473833513531}.
[I 2026-08-06 10:15:08,409] Trial 215 finished with values: [10.360327625682862, 10.360327625682862] and parameters: {'k1': 0.008287522363768155, 'D_low': 4.484744524732794, 'k2': 0.03538758864779238, 'D_high': 3712.591045287726, 'fire_exp': 1.3170256885255098, 'P_half': 2068.53034640896, 'pre_dampen_half': 502.5175192217655, 'gpp_af': 0.7539992074650279, 'gpp_b': 0.0021331409710300844, 'gpp_d': 2.944272359149677, 'ign_k': 0.12329098365270515, 'ign_c': 5.13055176058983, 'trop_agb_crit': 1.0903028125370984, 'trop_k_veg': 1.4584243470991722}.
[I 2026-08-06 10:15:09,555] Trial 216 finished with values: [-0.5093911112134337, 0.11479302235816402] and parameters: {'k1': 0.004312951023617458, 'D_low': 4.484744524732794, 'k2': 1.915468390724633e-05, 'D_high': 21.947742689197344, 'fire_exp': 1.1263716762638152, 'P_half': 220.3445560633069, 'pre_dampen_half': 502.5175192217655, 'gpp_af': 0.7539992074650279, 'gpp_b': 0.0021331409710300844, 'gpp_d': 16.460426816350523, 'ign_k': 0.0680787482656459, 'ign_c': 15.221840161091626, 'trop_agb_crit': 1.0903028125370984, 'trop_k_veg': 1.4584243470991722}.
[I 2026-08-06 10:15:10,683] Trial 217 finished with values: [10.337079680267866, 10.337079680267866] and parameters: {'k1': 2.316457903103837e-05, 'D_low': 520.4862686958022, 'k2': 0.014344484793173472, 'D_high': 1578.0309954142967, 'fire_exp': 1.0629462657398439, 'P_half': 140.74279366401683, 'pre_dampen_half': 552.4163637315892, 'gpp_af': 5.335773317316405, 'gpp_b': 0.14577755664212386, 'gpp_d': 16.460426816350523, 'ign_k': 0.01364908766641695, 'ign_c': 0.1406146398517664, 'trop_agb_crit': 24.584290528289387, 'trop_k_veg': 3.49157152291552}.
[I 2026-08-06 10:15:11,889] Trial 218 finished with values: [10.354527731938788, 10.354527731938788] and parameters: {'k1': 0.002367935204022389, 'D_low': 3.525936800597896, 'k2': 0.003767022142229395, 'D_high': 63233.81951066786, 'fire_exp': 1.221575427404682, 'P_half': 14.281536924924877, 'pre_dampen_half': 8.594202650742222, 'gpp_af': 1.9706963379095486, 'gpp_b': 3.481277316673104e-05, 'gpp_d': 0.043441170039664925, 'ign_k': 0.01364908766641695, 'ign_c': 48.704711413416454, 'trop_agb_crit': 7.599113148200974, 'trop_k_veg': 2.4336356947036335}.
[I 2026-08-06 10:15:13,079] Trial 219 finished with values: [10.639271136729667, 10.639271136729667] and parameters: {'k1': 0.002367935204022389, 'D_low': 4.484744524732794, 'k2': 1.915468390724633e-05, 'D_high': 985.7545621889059, 'fire_exp': 1.0629462657398439, 'P_half': 220.3445560633069, 'pre_dampen_half': 8.594202650742222, 'gpp_af': 1.9706963379095486, 'gpp_b': 0.0021331409710300844, 'gpp_d': 0.043441170039664925, 'ign_k': 0.01364908766641695, 'ign_c': 15.221840161091626, 'trop_agb_crit': 1.0693376406863295, 'trop_k_veg': 2.4336356947036335}.
[I 2026-08-06 10:15:14,426] Trial 220 finished with values: [10.767834440284732, 10.767834440284732] and parameters: {'k1': 0.004053638704742309, 'D_low': 7.299348683062307, 'k2': 0.003101429427212743, 'D_high': 21.947742689197344, 'fire_exp': 1.0629462657398439, 'P_half': 220.3445560633069, 'pre_dampen_half': 0.14126812677903758, 'gpp_af': 0.7539992074650279, 'gpp_b': 0.12746711578215045, 'gpp_d': 16.460426816350523, 'ign_k': 0.12329098365270515, 'ign_c': 2.957080941494347, 'trop_agb_crit': 1.0903028125370984, 'trop_k_veg': 0.6984687829911091}.
[I 2026-08-06 10:15:15,614] Trial 221 finished with values: [10.581590743233754, 10.581590743233754] and parameters: {'k1': 0.012840669372724958, 'D_low': 12.105387404469584, 'k2': 0.003767022142229395, 'D_high': 431.45617043093523, 'fire_exp': 1.0601964743503993, 'P_half': 2.0314811950454943, 'pre_dampen_half': 3.0023172465753074, 'gpp_af': 1.9706963379095486, 'gpp_b': 1.4540386644083135e-05, 'gpp_d': 0.12878367369717508, 'ign_k': 0.00840038491455979, 'ign_c': 39.52220881906114, 'trop_agb_crit': 1.0693376406863295, 'trop_k_veg': 0.6673124511410327}.
[I 2026-08-06 10:15:16,790] Trial 222 finished with values: [10.769230750866493, 10.769230750866493] and parameters: {'k1': 0.008912611835817005, 'D_low': 12.105387404469584, 'k2': 7.914423612155373e-05, 'D_high': 5670.3463356272905, 'fire_exp': 4.969226308995625, 'P_half': 220.3445560633069, 'pre_dampen_half': 63.6685916079943, 'gpp_af': 0.7539992074650279, 'gpp_b': 0.0005739662837359252, 'gpp_d': 1.493264336549928, 'ign_k': 0.21006485619596416, 'ign_c': 33.81093273170848, 'trop_agb_crit': 1.0455434848969813, 'trop_k_veg': 0.6673124511410327}.
[I 2026-08-06 10:15:17,967] Trial 223 finished with values: [10.767630763735392, 10.767630763735392] and parameters: {'k1': 0.002155595057104387, 'D_low': 40.12413353131991, 'k2': 0.0007047307383115598, 'D_high': 61536.58035691648, 'fire_exp': 2.1871318436814167, 'P_half': 221.2683656611821, 'pre_dampen_half': 3.3841016089580034, 'gpp_af': 5.335773317316405, 'gpp_b': 0.01777482313117792, 'gpp_d': 4.25060659305504, 'ign_k': 5.351470428717437, 'ign_c': 18.219343937475102, 'trop_agb_crit': 10.691477813613638, 'trop_k_veg': 1.0594599158279707}.
[I 2026-08-06 10:15:19,154] Trial 224 finished with values: [10.532892181336502, 10.532892181336502] and parameters: {'k1': 2.316457903103837e-05, 'D_low': 7.299348683062307, 'k2': 0.014344484793173472, 'D_high': 21.947742689197344, 'fire_exp': 1.221575427404682, 'P_half': 140.74279366401683, 'pre_dampen_half': 63.6685916079943, 'gpp_af': 5.335773317316405, 'gpp_b': 7.210246166617508e-05, 'gpp_d': 4.25060659305504, 'ign_k': 0.01364908766641695, 'ign_c': 2.8335389417624683, 'trop_agb_crit': 1.0903028125370984, 'trop_k_veg': 3.49157152291552}.
[I 2026-08-06 10:15:20,329] Trial 225 finished with values: [10.313343446089787, 10.313343446089787] and parameters: {'k1': 0.00031134168041628584, 'D_low': 520.4862686958022, 'k2': 1.1065812688893481e-05, 'D_high': 431.45617043093523, 'fire_exp': 1.0601964743503993, 'P_half': 4.213183643253957, 'pre_dampen_half': 8.594202650742222, 'gpp_af': 5.335773317316405, 'gpp_b': 0.0054502936945582505, 'gpp_d': 84.31013932082456, 'ign_k': 0.0035281132746849977, 'ign_c': 11.400863701127316, 'trop_agb_crit': 7.500118950416987, 'trop_k_veg': 0.6673124511410327}.
[I 2026-08-06 10:15:21,484] Trial 226 finished with values: [10.407241115741435, 10.407241115741435] and parameters: {'k1': 0.004053638704742309, 'D_low': 64.39790863101601, 'k2': 1.8205657658407255e-05, 'D_high': 39.780451630530095, 'fire_exp': 1.0629462657398439, 'P_half': 220.3445560633069, 'pre_dampen_half': 39.827466658711515, 'gpp_af': 0.7539992074650279, 'gpp_b': 0.14577755664212386, 'gpp_d': 5.1715677287580455, 'ign_k': 0.010167079878196114, 'ign_c': 2.414259639010457, 'trop_agb_crit': 1.8545640943955186, 'trop_k_veg': 0.983473833513531}.
[I 2026-08-06 10:15:22,656] Trial 227 finished with values: [10.525798543628527, 10.525798543628527] and parameters: {'k1': 0.04669327135003539, 'D_low': 7.299348683062307, 'k2': 0.014344484793173472, 'D_high': 21.947742689197344, 'fire_exp': 1.0629462657398439, 'P_half': 712.8188058401365, 'pre_dampen_half': 63.6685916079943, 'gpp_af': 0.6403036652671171, 'gpp_b': 3.481277316673104e-05, 'gpp_d': 757.2868182332339, 'ign_k': 0.12329098365270515, 'ign_c': 0.557280750002996, 'trop_agb_crit': 1.0903028125370984, 'trop_k_veg': 2.4336356947036335}.
[I 2026-08-06 10:15:23,842] Trial 228 finished with values: [-0.4653722081512962, 0.10679002684881123] and parameters: {'k1': 2.316457903103837e-05, 'D_low': 520.4862686958022, 'k2': 0.014344484793173472, 'D_high': 42210.21267871043, 'fire_exp': 1.221575427404682, 'P_half': 140.74279366401683, 'pre_dampen_half': 17.707795393478506, 'gpp_af': 0.2204465010099918, 'gpp_b': 7.210246166617508e-05, 'gpp_d': 4.25060659305504, 'ign_k': 0.01364908766641695, 'ign_c': 2.8335389417624683, 'trop_agb_crit': 8.997007571451054, 'trop_k_veg': 0.983473833513531}.
[I 2026-08-06 10:15:25,028] Trial 229 finished with values: [10.769030625904598, 10.769030625904598] and parameters: {'k1': 0.012021930484915042, 'D_low': 792.6237587961899, 'k2': 0.003767022142229395, 'D_high': 431.45617043093523, 'fire_exp': 1.1263716762638152, 'P_half': 133.4807155996069, 'pre_dampen_half': 3.0023172465753074, 'gpp_af': 1.5386842469144075, 'gpp_b': 0.22727308251068193, 'gpp_d': 0.12878367369717508, 'ign_k': 0.00840038491455979, 'ign_c': 39.52220881906114, 'trop_agb_crit': 1.0693376406863295, 'trop_k_veg': 0.6673124511410327}.
[I 2026-08-06 10:15:26,199] Trial 230 finished with values: [10.980587549287137, 10.980587549287137] and parameters: {'k1': 0.004312951023617458, 'D_low': 3.525936800597896, 'k2': 1.915468390724633e-05, 'D_high': 63233.81951066786, 'fire_exp': 1.0629462657398439, 'P_half': 140.74279366401683, 'pre_dampen_half': 502.5175192217655, 'gpp_af': 5.335773317316405, 'gpp_b': 0.0021331409710300844, 'gpp_d': 1.6983565276584263, 'ign_k': 0.0018256829646330853, 'ign_c': 15.221840161091626, 'trop_agb_crit': 2.9222815721218716, 'trop_k_veg': 1.4584243470991722}.
[I 2026-08-06 10:15:27,386] Trial 231 finished with values: [10.769230765169409, 10.769230765169409] and parameters: {'k1': 0.008287522363768155, 'D_low': 70.18267183720735, 'k2': 0.003101429427212743, 'D_high': 2940.51756322311, 'fire_exp': 3.4633094058711813, 'P_half': 1455.0993923603367, 'pre_dampen_half': 0.3924302839842014, 'gpp_af': 0.6403036652671171, 'gpp_b': 0.22727308251068193, 'gpp_d': 13.472769577631583, 'ign_k': 8.708806168038567, 'ign_c': 1.9580595319750387, 'trop_agb_crit': 7.500118950416987, 'trop_k_veg': 4.989748894578724}.
[I 2026-08-06 10:15:28,573] Trial 232 finished with values: [10.769227215299892, 10.769227215299892] and parameters: {'k1': 0.04669327135003539, 'D_low': 3.525936800597896, 'k2': 0.003101429427212743, 'D_high': 63233.81951066786, 'fire_exp': 7.690910336830845, 'P_half': 140.74279366401683, 'pre_dampen_half': 8.594202650742222, 'gpp_af': 0.6403036652671171, 'gpp_b': 0.22727308251068193, 'gpp_d': 757.2868182332339, 'ign_k': 0.12329098365270515, 'ign_c': 1.9580595319750387, 'trop_agb_crit': 8.997007571451054, 'trop_k_veg': 4.989748894578724}.
[I 2026-08-06 10:15:29,761] Trial 233 finished with values: [10.618644134276218, 10.618644134276218] and parameters: {'k1': 0.008912611835817005, 'D_low': 252.38726750780188, 'k2': 0.03538758864779238, 'D_high': 645.2946500764235, 'fire_exp': 1.3170256885255098, 'P_half': 5.076307782729897, 'pre_dampen_half': 12.003722333832918, 'gpp_af': 0.6403036652671171, 'gpp_b': 0.00431329787498825, 'gpp_d': 2.944272359149677, 'ign_k': 0.07091190338709638, 'ign_c': 5.13055176058983, 'trop_agb_crit': 1.0903028125370984, 'trop_k_veg': 1.0594599158279707}.
