[I 2026-08-19 18:11:37,029] Trial 2406 finished with value: 0.6445374145881376 and parameters: {'k1': 0.010967461352496283, 'D_low': 66799.1833269784, 'k2': 0.002706670155122478, 'D_high': 88.40231409662735, 'fire_exp': 4.039790996561278, 'P_half': 127.61995795405463, 'pre_dampen_half': 105.32591234463678, 'gpp_af': 2.4619930014019875, 'gpp_b': 0.017903340253338944, 'gpp_d': 3.07682799428082, 'ign_k': 1.2125336109294642, 'ign_c': 42.863473959982386, 'trop_agb_crit': 16.25480066443251, 'trop_k_veg': 0.5183595871327751, 'pop_amp': 0.008174291213391994, 'pop_peak': 57.092527635271175, 'pop_sig': 0.33064101967352827, 'fuel_k': 0.013013803205549722, 'fuel_half': 66.16312156121765}. Best is trial 1622 with value: -0.6125870653324885.
[I 2026-08-19 18:11:38,827] Trial 2407 finished with value: 0.6006022755017423 and parameters: {'k1': 1.2306558590726153e-05, 'D_low': 51.499477562348076, 'k2': 1.5169738253487315e-05, 'D_high': 29.477486490808964, 'fire_exp': 7.656294604061777, 'P_half': 1.1690680089953305, 'pre_dampen_half': 0.030873419627894357, 'gpp_af': 0.0054799310108487155, 'gpp_b': 0.0020514488428563958, 'gpp_d': 13.713498612680677, 'ign_k': 0.0308250915442852, 'ign_c': 0.1328530974645689, 'trop_agb_crit': 2.294891959633392, 'trop_k_veg': 1.2936492336842025, 'pop_amp': 0.580642910832166, 'pop_peak': 1.7412865319930335, 'pop_sig': 0.49858158857945084, 'fuel_k': 1.833669039260616, 'fuel_half': 1.4948476504425299}. Best is trial 1622 with value: -0.6125870653324885.
[I 2026-08-19 18:11:40,693] Trial 2408 finished with value: 0.608213342732215 and parameters: {'k1': 0.08286098483599291, 'D_low': 7.553039275044741, 'k2': 1.4931416657932699e-05, 'D_high': 1389158.126792644, 'fire_exp': 2.4608511882908934, 'P_half': 3.114464598248118, 'pre_dampen_half': 58.404073419998994, 'gpp_af': 0.005846184406608961, 'gpp_b': 0.02077072965882776, 'gpp_d': 29.379126882179566, 'ign_k': 0.5321651498438722, 'ign_c': 29.703221683571616, 'trop_agb_crit': 13.09092429637516, 'trop_k_veg': 1.6070852644538474, 'pop_amp': 0.0021999613940849867, 'pop_peak': 12.221922780714465, 'pop_sig': 0.804518309077158, 'fuel_k': 0.1154918691996241, 'fuel_half': 15.201108067679257}. Best is trial 1622 with value: -0.6125870653324885.
[I 2026-08-19 18:11:42,478] Trial 2409 finished with value: 0.5259415721873971 and parameters: {'k1': 0.0892867032238235, 'D_low': 25.63078017552437, 'k2': 0.0004972371618750317, 'D_high': 4778522.947502194, 'fire_exp': 1.3591201825932853, 'P_half': 1.3094814588285604, 'pre_dampen_half': 59.50008323060595, 'gpp_af': 0.0013113144722019317, 'gpp_b': 0.002457845066865566, 'gpp_d': 72.65584413725942, 'ign_k': 0.2530355731447286, 'ign_c': 6.38252889227233, 'trop_agb_crit': 10.272333954719665, 'trop_k_veg': 0.5162751120595779, 'pop_amp': 0.059957212407911215, 'pop_peak': 13.39147091653446, 'pop_sig': 0.45544228473024134, 'fuel_k': 0.08198544236349661, 'fuel_half': 73.38294250650918}. Best is trial 1622 with value: -0.6125870653324885.
[I 2026-08-19 18:11:44,283] Trial 2410 finished with value: 0.5105628865050156 and parameters: {'k1': 0.0006052560722298543, 'D_low': 24.809411833697105, 'k2': 8.092778275276954e-05, 'D_high': 3903603.3252113983, 'fire_exp': 3.4086663649716606, 'P_half': 114.28884896607022, 'pre_dampen_half': 1.3017913569168384, 'gpp_af': 0.46931761509665476, 'gpp_b': 0.050917508021563744, 'gpp_d': 42.194297867072436, 'ign_k': 0.1122024186774771, 'ign_c': 1.2917450671580561, 'trop_agb_crit': 2.2683779588125432, 'trop_k_veg': 0.7229481061087045, 'pop_amp': 2.508544702722194, 'pop_peak': 88.1682643234531, 'pop_sig': 1.2176474214650466, 'fuel_k': 0.2582394872953795, 'fuel_half': 3.0118948632105162}. Best is trial 1622 with value: -0.6125870653324885.
[I 2026-08-19 18:11:46,135] Trial 2411 finished with value: 0.45824536053048837 and parameters: {'k1': 0.09509439306503686, 'D_low': 1.4476552441506199, 'k2': 0.0002514319474631787, 'D_high': 2401366.050367067, 'fire_exp': 2.549069693040605, 'P_half': 1.6481006473121689, 'pre_dampen_half': 489.7506502248984, 'gpp_af': 0.24927511553870346, 'gpp_b': 0.0005548428975871311, 'gpp_d': 123.36732123925223, 'ign_k': 0.4318688067804037, 'ign_c': 16.5685267711609, 'trop_agb_crit': 10.98559734124271, 'trop_k_veg': 0.6500750463440832, 'pop_amp': 0.02526574168226974, 'pop_peak': 17.119253651154864, 'pop_sig': 1.6773228759720238, 'fuel_k': 0.0234930448739649, 'fuel_half': 11.25413469333741}. Best is trial 1622 with value: -0.6125870653324885.
  trial 2412/2500  best_overall=0.6126  (73.4 min)
[I 2026-08-19 18:11:48,499] Trial 2412 finished with value: 0.5630340622883232 and parameters: {'k1': 0.04088069873968559, 'D_low': 28.83818044089044, 'k2': 1.0179479577209622e-05, 'D_high': 7695325.574857449, 'fire_exp': 2.620826733047133, 'P_half': 5.005302702739548, 'pre_dampen_half': 35.909878410092794, 'gpp_af': 0.030219070005386477, 'gpp_b': 0.007719416713952665, 'gpp_d': 296.32446160645685, 'ign_k': 0.005787179772220399, 'ign_c': 0.474104050405706, 'trop_agb_crit': 12.672677143007402, 'trop_k_veg': 1.0703673848346917, 'pop_amp': 0.2230335798575754, 'pop_peak': 9.191241807385042, 'pop_sig': 1.1081991625550665, 'fuel_k': 0.022715045233362326, 'fuel_half': 15.856968762820733}. Best is trial 1622 with value: -0.6125870653324885.
[I 2026-08-19 18:11:50,341] Trial 2413 finished with value: 0.5694275858628489 and parameters: {'k1': 0.00016321065607085775, 'D_low': 1.0764359874068754, 'k2': 0.004310669163088829, 'D_high': 2729729.051387661, 'fire_exp': 6.841745404879968, 'P_half': 4.196258525190624, 'pre_dampen_half': 3.665374033148961, 'gpp_af': 1.499327615664181, 'gpp_b': 0.0017612499579663962, 'gpp_d': 136.22200635475403, 'ign_k': 2.820522738100932, 'ign_c': 26.612534312915646, 'trop_agb_crit': 2.6565322755884386, 'trop_k_veg': 2.876153309817685, 'pop_amp': 0.015299333203909426, 'pop_peak': 146.80252049511594, 'pop_sig': 0.926510386189375, 'fuel_k': 0.41626623625556713, 'fuel_half': 0.36438735042351184}. Best is trial 1622 with value: -0.6125870653324885.
[I 2026-08-19 18:11:52,154] Trial 2414 finished with value: 0.6445374145881376 and parameters: {'k1': 0.03183039275315595, 'D_low': 1.7602077951936328, 'k2': 0.00011732466787170697, 'D_high': 4169293.92794929, 'fire_exp': 2.264099610428777, 'P_half': 2.143308469680941, 'pre_dampen_half': 0.963743536002603, 'gpp_af': 3.894192872146061, 'gpp_b': 0.002851117492387265, 'gpp_d': 381.9817010679957, 'ign_k': 0.1725339347489497, 'ign_c': 171.2385561393353, 'trop_agb_crit': 14.998139740900665, 'trop_k_veg': 0.8067031763453566, 'pop_amp': 0.09259293175654995, 'pop_peak': 80.02431493863783, 'pop_sig': 0.7479386407570914, 'fuel_k': 0.04067192628448705, 'fuel_half': 17.185453309112052}. Best is trial 1622 with value: -0.6125870653324885.
[I 2026-08-19 18:11:53,904] Trial 2415 finished with value: -0.5877307445220702 and parameters: {'k1': 0.053728530108376596, 'D_low': 47.86532205074148, 'k2': 7.568796401701579e-05, 'D_high': 7469898.554236417, 'fire_exp': 1.3022346463529242, 'P_half': 40.7184658328136, 'pre_dampen_half': 21.374609013062013, 'gpp_af': 0.005218240455106431, 'gpp_b': 3.6418830205671614e-05, 'gpp_d': 7.303419173349387, 'ign_k': 0.2424984276899115, 'ign_c': 24.59572839822626, 'trop_agb_crit': 18.001580286228375, 'trop_k_veg': 1.911002834679777, 'pop_amp': 0.0677612080618742, 'pop_peak': 0.4396076265988731, 'pop_sig': 1.2393643381125756, 'fuel_k': 0.41690963681833093, 'fuel_half': 4.035093061249423}. Best is trial 1622 with value: -0.6125870653324885.
[I 2026-08-19 18:11:55,780] Trial 2416 finished with value: 0.4993976649642191 and parameters: {'k1': 0.06904382038453459, 'D_low': 3.6067880965582226, 'k2': 0.002902586486530566, 'D_high': 2552269.0444571064, 'fire_exp': 3.2834029867423387, 'P_half': 88.17553172815096, 'pre_dampen_half': 0.38820349755292666, 'gpp_af': 0.7095470727533096, 'gpp_b': 2.211613569530722e-05, 'gpp_d': 10.287121943963967, 'ign_k': 0.2557790709062141, 'ign_c': 6.255215250273442, 'trop_agb_crit': 28.896800066820393, 'trop_k_veg': 3.6360143062010883, 'pop_amp': 0.0011601087607870661, 'pop_peak': 0.7035557321206976, 'pop_sig': 0.8083097527112015, 'fuel_k': 0.1630311740818976, 'fuel_half': 3.3503110580876223}. Best is trial 1622 with value: -0.6125870653324885.
[I 2026-08-19 18:11:57,602] Trial 2417 finished with value: 0.6445374145881376 and parameters: {'k1': 0.006137003195926241, 'D_low': 11.41504594403265, 'k2': 2.2522003224728548e-05, 'D_high': 1347001.646883525, 'fire_exp': 2.700994086830037, 'P_half': 6.405597128226416, 'pre_dampen_half': 9.54357461901963, 'gpp_af': 0.0022941348789732104, 'gpp_b': 0.0019938006894807242, 'gpp_d': 166.01767293743174, 'ign_k': 0.34605152620949703, 'ign_c': 73.8336756973, 'trop_agb_crit': 8.56721834490072, 'trop_k_veg': 0.6006838518945249, 'pop_amp': 0.006435973821509704, 'pop_peak': 74.32385840634352, 'pop_sig': 1.0093368861451202, 'fuel_k': 0.012931122721699025, 'fuel_half': 30.059431440864447}. Best is trial 1622 with value: -0.6125870653324885.
[I 2026-08-19 18:11:59,345] Trial 2418 finished with value: 0.6445374145881376 and parameters: {'k1': 0.000726457559842366, 'D_low': 11.497114342295681, 'k2': 0.002572349781768527, 'D_high': 4729728.942650388, 'fire_exp': 1.3684589811033063, 'P_half': 46.20048228519373, 'pre_dampen_half': 0.17082125720665267, 'gpp_af': 0.020844834379949283, 'gpp_b': 4.176900824941682e-05, 'gpp_d': 2.5628798587590276, 'ign_k': 2.537992344933217, 'ign_c': 57.69633635799749, 'trop_agb_crit': 25.200106602696284, 'trop_k_veg': 3.781999825031328, 'pop_amp': 0.003805984083086794, 'pop_peak': 3.1609358540796704, 'pop_sig': 0.7825003594463852, 'fuel_k': 0.9694810580001669, 'fuel_half': 0.7200564273897677}. Best is trial 1622 with value: -0.6125870653324885.
[I 2026-08-19 18:12:01,218] Trial 2419 finished with value: 0.6445374145881376 and parameters: {'k1': 0.00026351503289653806, 'D_low': 43.81939686296188, 'k2': 0.00226462469238344, 'D_high': 9874545.143875562, 'fire_exp': 8.481290796863778, 'P_half': 3651.3032688884937, 'pre_dampen_half': 869.731009795881, 'gpp_af': 0.08827823925357176, 'gpp_b': 0.018093178505772516, 'gpp_d': 0.02381603831708342, 'ign_k': 0.9608615268807101, 'ign_c': 259.35021796236805, 'trop_agb_crit': 5.796166147763565, 'trop_k_veg': 0.985341402112913, 'pop_amp': 0.07728761777101185, 'pop_peak': 38.610168691723665, 'pop_sig': 0.256296391695994, 'fuel_k': 1.516572408984237, 'fuel_half': 8.849600110772581}. Best is trial 1622 with value: -0.6125870653324885.
[I 2026-08-19 18:12:03,030] Trial 2420 finished with value: 0.5966619764611736 and parameters: {'k1': 3.88144996952747e-05, 'D_low': 1034.8246557014465, 'k2': 0.0008737425566034346, 'D_high': 100896.105834032, 'fire_exp': 1.38290047083057, 'P_half': 8.819667471764738, 'pre_dampen_half': 1.298179527031679, 'gpp_af': 0.010208369100212689, 'gpp_b': 0.08426770970096739, 'gpp_d': 86.47418231320572, 'ign_k': 0.008181838538221435, 'ign_c': 600.2880535366969, 'trop_agb_crit': 3.6929574535008407, 'trop_k_veg': 1.264864358323829, 'pop_amp': 19.61489212929598, 'pop_peak': 1.2415486919055347, 'pop_sig': 0.3694357823315582, 'fuel_k': 0.3436685115709513, 'fuel_half': 1.7599827238327184}. Best is trial 1622 with value: -0.6125870653324885.
[I 2026-08-19 18:12:04,811] Trial 2421 finished with value: 0.646615200937123 and parameters: {'k1': 0.000902463097166628, 'D_low': 21854.36947210017, 'k2': 4.0325841708928736e-05, 'D_high': 5802634.639026797, 'fire_exp': 1.0821158013739571, 'P_half': 2.7984071253608582, 'pre_dampen_half': 1.7146054377674975, 'gpp_af': 0.04990367567087024, 'gpp_b': 0.0011822859912245288, 'gpp_d': 128.39307178186962, 'ign_k': 0.279321488210868, 'ign_c': 148.49432440707568, 'trop_agb_crit': 29.532421620577697, 'trop_k_veg': 0.9586266545679483, 'pop_amp': 0.01680647403323106, 'pop_peak': 7.041769710321791, 'pop_sig': 0.6701859606139885, 'fuel_k': 0.10028371715922549, 'fuel_half': 3.6596574278729754}. Best is trial 1622 with value: -0.6125870653324885.
[I 2026-08-19 18:12:06,762] Trial 2422 finished with value: 0.6197127377477942 and parameters: {'k1': 0.0057223174073896335, 'D_low': 13.324688566497409, 'k2': 6.180488810490695e-05, 'D_high': 574742.1818153393, 'fire_exp': 2.182205652143208, 'P_half': 21.352167638761895, 'pre_dampen_half': 89.8302589776186, 'gpp_af': 0.46533187400554776, 'gpp_b': 0.000254657733657844, 'gpp_d': 739.5454337095892, 'ign_k': 0.7010018372328414, 'ign_c': 45.46064684323584, 'trop_agb_crit': 15.868940756103623, 'trop_k_veg': 0.8664638214553428, 'pop_amp': 0.029432764537932476, 'pop_peak': 1.5167982291597049, 'pop_sig': 0.7665698836769274, 'fuel_k': 0.048311242847271174, 'fuel_half': 5.265862933425948}. Best is trial 1622 with value: -0.6125870653324885.
  trial 2423/2500  best_overall=0.6126  (73.7 min)
[I 2026-08-19 18:12:09,188] Trial 2423 finished with value: 0.47801596999251494 and parameters: {'k1': 0.08824457410434201, 'D_low': 5.61093325884395, 'k2': 5.5892931946450105e-05, 'D_high': 5864039.755044163, 'fire_exp': 3.6465235476871305, 'P_half': 3.535378807689297, 'pre_dampen_half': 0.5429599441810526, 'gpp_af': 0.003953798652847762, 'gpp_b': 1.262554080443799e-05, 'gpp_d': 216.1036320127529, 'ign_k': 2.0880288744539444, 'ign_c': 4.8790288635806025, 'trop_agb_crit': 19.03141753177294, 'trop_k_veg': 0.5835542590437847, 'pop_amp': 0.05111356446875077, 'pop_peak': 27.177809516890463, 'pop_sig': 0.699616284987113, 'fuel_k': 0.030588163067749124, 'fuel_half': 62.742814915196895}. Best is trial 1622 with value: -0.6125870653324885.
[I 2026-08-19 18:12:11,070] Trial 2424 finished with value: 0.6497357622803296 and parameters: {'k1': 0.003197735170978531, 'D_low': 153648.28461761546, 'k2': 0.007604227101485589, 'D_high': 451491.39486730844, 'fire_exp': 1.011597236217337, 'P_half': 20.76628982383159, 'pre_dampen_half': 1.478853412094538, 'gpp_af': 0.10067786777489661, 'gpp_b': 6.265947817374796e-05, 'gpp_d': 137.43809194776753, 'ign_k': 2.533099116778222, 'ign_c': 41.14305561338703, 'trop_agb_crit': 27.759724621905544, 'trop_k_veg': 1.387718906018813, 'pop_amp': 0.003715115011672724, 'pop_peak': 6.174329104253091, 'pop_sig': 0.6753433895361479, 'fuel_k': 0.10233018635376254, 'fuel_half': 17.238082325269506}. Best is trial 1622 with value: -0.6125870653324885.
[I 2026-08-19 18:12:12,907] Trial 2425 finished with value: 0.5033937365993186 and parameters: {'k1': 0.01609375219777135, 'D_low': 64022.2147451599, 'k2': 0.0014004222691566279, 'D_high': 1648019.7375200868, 'fire_exp': 1.576107241445321, 'P_half': 168.6963463335288, 'pre_dampen_half': 44.414103117114564, 'gpp_af': 0.1125712807291312, 'gpp_b': 2.2386975038132985e-05, 'gpp_d': 40.08666135790329, 'ign_k': 3.1293724128379314, 'ign_c': 6.460752011326361, 'trop_agb_crit': 18.814922924791567, 'trop_k_veg': 1.2501723916471585, 'pop_amp': 0.001148858431790456, 'pop_peak': 275.54355663151233, 'pop_sig': 0.5737860943100639, 'fuel_k': 0.04746416826289239, 'fuel_half': 3.9085318236935493}. Best is trial 1622 with value: -0.6125870653324885.
[I 2026-08-19 18:12:14,708] Trial 2426 finished with value: 0.6445196790185967 and parameters: {'k1': 0.027947638803089526, 'D_low': 2.8033594845407555, 'k2': 0.0002307298578346511, 'D_high': 1956182.1473090507, 'fire_exp': 2.953233619329511, 'P_half': 3.9103694643843374, 'pre_dampen_half': 14.136346890624825, 'gpp_af': 0.005155110153420209, 'gpp_b': 0.0018031830245823677, 'gpp_d': 559.0021504647342, 'ign_k': 8.24753098584211, 'ign_c': 38.79711785544088, 'trop_agb_crit': 9.94924936976202, 'trop_k_veg': 0.6622946977892485, 'pop_amp': 0.014482297541179549, 'pop_peak': 6.263074445346859, 'pop_sig': 0.6132138546014255, 'fuel_k': 0.05784551145591924, 'fuel_half': 12.02291240165609}. Best is trial 1622 with value: -0.6125870653324885.
[I 2026-08-19 18:12:16,564] Trial 2427 finished with value: 0.5221728829758803 and parameters: {'k1': 0.0023579693426008445, 'D_low': 112.99824626011667, 'k2': 0.00021715158219665952, 'D_high': 222104.68148227202, 'fire_exp': 1.8536183288886756, 'P_half': 1.0295234610349446, 'pre_dampen_half': 0.13041509363413792, 'gpp_af': 0.15715071622803267, 'gpp_b': 0.00045121616030831637, 'gpp_d': 0.23863480142154234, 'ign_k': 3.4330223071293, 'ign_c': 13.511573657162455, 'trop_agb_crit': 11.455497389877099, 'trop_k_veg': 1.193130711586785, 'pop_amp': 0.0031414825392421897, 'pop_peak': 665.3026685695571, 'pop_sig': 1.2038036275748922, 'fuel_k': 0.02393127253185517, 'fuel_half': 13.174336438855997}. Best is trial 1622 with value: -0.6125870653324885.
[I 2026-08-19 18:12:18,392] Trial 2428 finished with value: -0.5884137896686787 and parameters: {'k1': 0.00781953059429733, 'D_low': 3.066051799062878, 'k2': 0.00010720866431915423, 'D_high': 3865873.4322073683, 'fire_exp': 5.25402402367528, 'P_half': 2.3765268768201357, 'pre_dampen_half': 4.40709454951592, 'gpp_af': 1.5534100087482579, 'gpp_b': 0.0072964775259110855, 'gpp_d': 406.9611589684859, 'ign_k': 0.9320531286646805, 'ign_c': 8.600364328792805, 'trop_agb_crit': 17.276100306169102, 'trop_k_veg': 2.103425236889948, 'pop_amp': 0.0011666930260097992, 'pop_peak': 0.0796940563977019, 'pop_sig': 0.596217636151231, 'fuel_k': 0.2692215812192971, 'fuel_half': 2.2350734035216777}. Best is trial 1622 with value: -0.6125870653324885.
[I 2026-08-19 18:12:20,194] Trial 2429 finished with value: 0.457884075658306 and parameters: {'k1': 0.013617619609137727, 'D_low': 4.806062174494023, 'k2': 5.155827538659943e-05, 'D_high': 9320368.665885784, 'fire_exp': 3.5231039066478345, 'P_half': 2.787972014258088, 'pre_dampen_half': 82.11737617853697, 'gpp_af': 0.058950104879363245, 'gpp_b': 0.0002959314662909221, 'gpp_d': 654.6242711372978, 'ign_k': 1.3798383466150939, 'ign_c': 8.397532732346487, 'trop_agb_crit': 13.733900360008112, 'trop_k_veg': 1.0068229786616063, 'pop_amp': 0.008727823249955068, 'pop_peak': 14.029631948362313, 'pop_sig': 0.5528135720447743, 'fuel_k': 0.02988857730096703, 'fuel_half': 36.75489210571057}. Best is trial 1622 with value: -0.6125870653324885.
[I 2026-08-19 18:12:22,189] Trial 2430 finished with value: 0.4486818502993838 and parameters: {'k1': 0.015272734829383277, 'D_low': 22.172379891535364, 'k2': 0.0002611580331467908, 'D_high': 4147868.316941834, 'fire_exp': 7.738615702219117, 'P_half': 26.016900194010013, 'pre_dampen_half': 1.222915365345759, 'gpp_af': 0.5463750032065039, 'gpp_b': 0.003561801572981299, 'gpp_d': 3.402625215075288, 'ign_k': 1.5200368083225229, 'ign_c': 0.36622414995034763, 'trop_agb_crit': 7.059501300540443, 'trop_k_veg': 1.0966883803604477, 'pop_amp': 2.5796361521170033, 'pop_peak': 8.382731623817847, 'pop_sig': 0.769434151541044, 'fuel_k': 0.18942197271003391, 'fuel_half': 0.5270015259102014}. Best is trial 1622 with value: -0.6125870653324885.
[I 2026-08-19 18:12:24,194] Trial 2431 finished with value: 0.6445374145881376 and parameters: {'k1': 0.000183370912857008, 'D_low': 3411.160383006257, 'k2': 0.010879976224609974, 'D_high': 330667.44978113123, 'fire_exp': 3.126907407443805, 'P_half': 4354.237138266259, 'pre_dampen_half': 19.14629979365, 'gpp_af': 0.07847257595906713, 'gpp_b': 0.0019128130934114645, 'gpp_d': 34.6057944471008, 'ign_k': 6.211773623337687, 'ign_c': 105.74663307803463, 'trop_agb_crit': 23.53894693763222, 'trop_k_veg': 4.333020658348661, 'pop_amp': 0.004836694500554558, 'pop_peak': 50.230949360239066, 'pop_sig': 0.7737768888165224, 'fuel_k': 0.7846721026659789, 'fuel_half': 0.986041127432335}. Best is trial 1622 with value: -0.6125870653324885.
[I 2026-08-19 18:12:25,969] Trial 2432 finished with value: 0.6229395784551061 and parameters: {'k1': 0.0012970423646432095, 'D_low': 357.7838497763543, 'k2': 4.0302501964238934e-05, 'D_high': 27.569049655886307, 'fire_exp': 4.647139985095252, 'P_half': 3450.0927440368787, 'pre_dampen_half': 0.029444116962208017, 'gpp_af': 0.4593813112409365, 'gpp_b': 0.0011239800831882004, 'gpp_d': 0.0653642684252889, 'ign_k': 0.011975740195265254, 'ign_c': 24.072280657924775, 'trop_agb_crit': 14.955603697023761, 'trop_k_veg': 4.88112622265149, 'pop_amp': 0.08709661162876847, 'pop_peak': 915.198953873382, 'pop_sig': 1.0617758723379032, 'fuel_k': 0.4116423510052163, 'fuel_half': 2.027137195470812}. Best is trial 1622 with value: -0.6125870653324885.
[I 2026-08-19 18:12:27,801] Trial 2433 finished with value: 0.5935034700491172 and parameters: {'k1': 0.08351983861288709, 'D_low': 31.679900333299695, 'k2': 8.392243295778688e-05, 'D_high': 63601.810194024736, 'fire_exp': 1.1163421456072269, 'P_half': 42.329220557945725, 'pre_dampen_half': 21.384852688804248, 'gpp_af': 0.0153172699193545, 'gpp_b': 0.00029252105135425425, 'gpp_d': 2.0506632900406974, 'ign_k': 0.02102771634898101, 'ign_c': 319.47525090356993, 'trop_agb_crit': 9.924719584327933, 'trop_k_veg': 0.8427777940313352, 'pop_amp': 0.00639537091728829, 'pop_peak': 0.7366889706019099, 'pop_sig': 1.3576683145667432, 'fuel_k': 0.041703175094621146, 'fuel_half': 6.788994426505004}. Best is trial 1622 with value: -0.6125870653324885.
  trial 2434/2500  best_overall=0.6126  (74.1 min)
[I 2026-08-19 18:12:30,159] Trial 2434 finished with value: 0.6445374145881376 and parameters: {'k1': 0.0022777358185640723, 'D_low': 271.4259979602067, 'k2': 0.0002030568981219099, 'D_high': 8534784.959016936, 'fire_exp': 1.1521966357568985, 'P_half': 17.80994740718621, 'pre_dampen_half': 84.90078073242813, 'gpp_af': 0.010843912855344445, 'gpp_b': 0.0002512734503522383, 'gpp_d': 0.824461236815955, 'ign_k': 0.7033611079769717, 'ign_c': 169.13259967176322, 'trop_agb_crit': 24.249887504240178, 'trop_k_veg': 0.7711598679026431, 'pop_amp': 0.008345365857901275, 'pop_peak': 497.4424994589803, 'pop_sig': 0.7313828412495956, 'fuel_k': 0.029241519282729275, 'fuel_half': 6.204758623606531}. Best is trial 1622 with value: -0.6125870653324885.
