[I 2026-08-05 23:25:02,898] Trial 765 finished with values: [10.769230769178105, 10.769230769178105] and parameters: {'k1': 0.0029707920514735983, 'D_low': 2.1234210963705626, 'k2': 0.0027431991397796683, 'D_high': 7744.80118512745, 'fire_exp': 1.1258453832483524, 'P_half': 10.226988730324324, 'pre_dampen_half': 304.7488318185732, 'gpp_af': 5.511863475708366, 'gpp_b': 0.00028899729610231095, 'gpp_d': 891.8036602897795, 'ign_k': 8.761971101023693, 'ign_c': 510.6674528526552}.
[I 2026-08-05 23:25:04,130] Trial 766 finished with values: [10.293092613432162, 10.293092613432162] and parameters: {'k1': 0.025383218374507292, 'D_low': 2.1234210963705626, 'k2': 4.763991596630584e-05, 'D_high': 17.420858817889425, 'fire_exp': 1.010722707674549, 'P_half': 24.136213194527585, 'pre_dampen_half': 304.7488318185732, 'gpp_af': 1.2003722333832936, 'gpp_b': 0.6637926838138378, 'gpp_d': 891.8036602897795, 'ign_k': 8.761971101023693, 'ign_c': 3.0378658251922155}.
[I 2026-08-05 23:25:05,395] Trial 767 finished with values: [-0.5527761165388806, 0.4532893296142838] and parameters: {'k1': 0.008956420301712053, 'D_low': 2.1234210963705626, 'k2': 0.031211489608802344, 'D_high': 54669.374787660905, 'fire_exp': 1.1044852285094786, 'P_half': 215.55950571043874, 'pre_dampen_half': 304.7488318185732, 'gpp_af': 0.001339466259146302, 'gpp_b': 3.139005000572696e-05, 'gpp_d': 368.30088529547436, 'ign_k': 0.03141110271934876, 'ign_c': 0.3528113274684997}.
[I 2026-08-05 23:25:06,696] Trial 768 finished with values: [-0.6187097633151812, 0.6357049731783903] and parameters: {'k1': 0.025383218374507292, 'D_low': 1.4045842344024697, 'k2': 0.08894151386481904, 'D_high': 75773.14388518519, 'fire_exp': 1.1044852285094786, 'P_half': 25.49709775062068, 'pre_dampen_half': 304.7488318185732, 'gpp_af': 0.001339466259146302, 'gpp_b': 7.402343469704428e-05, 'gpp_d': 368.30088529547436, 'ign_k': 0.34703605955441524, 'ign_c': 0.9294394155644988}.
[I 2026-08-05 23:25:07,947] Trial 769 finished with values: [10.161623396794338, 10.161623396794338] and parameters: {'k1': 0.02641449645424223, 'D_low': 2.5449737887285035, 'k2': 0.00375241428659295, 'D_high': 9769.756791866093, 'fire_exp': 1.010722707674549, 'P_half': 12.808863354047988, 'pre_dampen_half': 304.7488318185732, 'gpp_af': 5.511863475708366, 'gpp_b': 0.008226792720717493, 'gpp_d': 223.60515435267138, 'ign_k': 0.12752949611679998, 'ign_c': 8.671454322584175}.
[I 2026-08-05 23:25:09,327] Trial 770 finished with values: [10.601662278879166, 10.601662278879166] and parameters: {'k1': 0.0027015957920129437, 'D_low': 5.29551022369202, 'k2': 4.763991596630584e-05, 'D_high': 106.44034434867002, 'fire_exp': 1.9269608977575319, 'P_half': 13.019246714361572, 'pre_dampen_half': 304.7488318185732, 'gpp_af': 5.511863475708366, 'gpp_b': 0.6637926838138378, 'gpp_d': 857.4284557962634, 'ign_k': 2.615413574494962, 'ign_c': 8.671454322584175}.
[I 2026-08-05 23:25:10,593] Trial 771 finished with values: [-0.5898165099456226, 0.543691691947142] and parameters: {'k1': 0.0029707920514735983, 'D_low': 18.89739291279832, 'k2': 0.08894151386481904, 'D_high': 75773.14388518519, 'fire_exp': 1.010722707674549, 'P_half': 10.226988730324324, 'pre_dampen_half': 304.7488318185732, 'gpp_af': 5.511863475708366, 'gpp_b': 0.6637926838138378, 'gpp_d': 891.8036602897795, 'ign_k': 0.34703605955441524, 'ign_c': 8.671454322584175}.
[I 2026-08-05 23:25:11,922] Trial 772 finished with values: [10.340769354713354, 10.340769354713354] and parameters: {'k1': 0.008956420301712053, 'D_low': 1.4045842344024697, 'k2': 0.03071666851587867, 'D_high': 9769.756791866093, 'fire_exp': 2.029036992298765, 'P_half': 13.019246714361572, 'pre_dampen_half': 304.7488318185732, 'gpp_af': 0.001339466259146302, 'gpp_b': 7.402343469704428e-05, 'gpp_d': 368.30088529547436, 'ign_k': 0.03141110271934876, 'ign_c': 0.3528113274684997}.
[I 2026-08-05 23:25:13,219] Trial 773 finished with values: [10.741700626806532, 10.741700626806532] and parameters: {'k1': 0.0029707920514735983, 'D_low': 9.882278532808778, 'k2': 0.0027431991397796683, 'D_high': 2941.5751391396584, 'fire_exp': 6.353688190122706, 'P_half': 10.753522341516506, 'pre_dampen_half': 4.963709806241684, 'gpp_af': 0.0021836613912815635, 'gpp_b': 7.402343469704428e-05, 'gpp_d': 5.878566318396007, 'ign_k': 8.761971101023693, 'ign_c': 8.671454322584175}.
[I 2026-08-05 23:25:14,469] Trial 774 finished with values: [-0.5615155096651497, 0.6233790096691241] and parameters: {'k1': 0.0001758858073588738, 'D_low': 125.32726386250698, 'k2': 0.08894151386481904, 'D_high': 75773.14388518519, 'fire_exp': 1.1258453832483524, 'P_half': 10.753522341516506, 'pre_dampen_half': 304.7488318185732, 'gpp_af': 0.0025511964576171086, 'gpp_b': 7.402343469704428e-05, 'gpp_d': 857.4284557962634, 'ign_k': 8.761971101023693, 'ign_c': 3.843180360935464}.
[I 2026-08-05 23:25:15,797] Trial 775 finished with values: [-0.5783601853034768, 0.6495194613589583] and parameters: {'k1': 0.025383218374507292, 'D_low': 18.89739291279832, 'k2': 0.03071666851587867, 'D_high': 7744.80118512745, 'fire_exp': 1.010722707674549, 'P_half': 215.55950571043874, 'pre_dampen_half': 107.40052367919465, 'gpp_af': 0.5107061330406066, 'gpp_b': 0.00012797528816608022, 'gpp_d': 5.878566318396007, 'ign_k': 0.4702627143647234, 'ign_c': 0.9294394155644988}.
[I 2026-08-05 23:25:16,937] Trial 776 finished with values: [-0.5423910395647098, 0.4067996926904349] and parameters: {'k1': 0.0029707920514735983, 'D_low': 2.1234210963705626, 'k2': 0.08894151386481904, 'D_high': 2969.087094484682, 'fire_exp': 1.1044852285094786, 'P_half': 276.27089412392087, 'pre_dampen_half': 304.7488318185732, 'gpp_af': 5.511863475708366, 'gpp_b': 3.481277316673104e-05, 'gpp_d': 150.14555442537656, 'ign_k': 0.13054148118849407, 'ign_c': 1.5061320080433496}.
[I 2026-08-05 23:25:18,092] Trial 777 finished with values: [10.094748641409714, 10.094748641409714] and parameters: {'k1': 0.0029707920514735983, 'D_low': 125.32726386250698, 'k2': 0.007321544340709295, 'D_high': 830.8114652888394, 'fire_exp': 1.1258453832483524, 'P_half': 12.316746498627493, 'pre_dampen_half': 304.7488318185732, 'gpp_af': 0.001339466259146302, 'gpp_b': 3.481277316673104e-05, 'gpp_d': 368.30088529547436, 'ign_k': 8.761971101023693, 'ign_c': 0.9294394155644988}.
[I 2026-08-05 23:25:19,246] Trial 778 finished with values: [10.433490382845141, 10.433490382845141] and parameters: {'k1': 0.0029707920514735983, 'D_low': 18.89739291279832, 'k2': 0.08894151386481904, 'D_high': 75773.14388518519, 'fire_exp': 1.1258453832483524, 'P_half': 13.019246714361572, 'pre_dampen_half': 304.7488318185732, 'gpp_af': 0.5107061330406066, 'gpp_b': 7.402343469704428e-05, 'gpp_d': 150.14555442537656, 'ign_k': 8.761971101023693, 'ign_c': 3.0378658251922155}.
[I 2026-08-05 23:25:20,717] Trial 779 finished with values: [10.300026804426105, 10.300026804426105] and parameters: {'k1': 0.0029707920514735983, 'D_low': 18.89739291279832, 'k2': 0.08894151386481904, 'D_high': 9769.756791866093, 'fire_exp': 1.010722707674549, 'P_half': 13.019246714361572, 'pre_dampen_half': 304.7488318185732, 'gpp_af': 5.511863475708366, 'gpp_b': 7.402343469704428e-05, 'gpp_d': 857.4284557962634, 'ign_k': 0.34703605955441524, 'ign_c': 3.0378658251922155}.
[I 2026-08-05 23:25:21,919] Trial 780 finished with values: [-0.5967823875442608, 0.5633929018182573] and parameters: {'k1': 0.008956420301712053, 'D_low': 4.051452710153359, 'k2': 0.0007081721844034209, 'D_high': 75773.14388518519, 'fire_exp': 2.5914873994986967, 'P_half': 12.808863354047988, 'pre_dampen_half': 703.6426675556048, 'gpp_af': 0.001339466259146302, 'gpp_b': 3.139005000572696e-05, 'gpp_d': 368.30088529547436, 'ign_k': 8.761971101023693, 'ign_c': 0.9294394155644988}.
[I 2026-08-05 23:25:23,078] Trial 781 finished with values: [-0.6193099626566756, 0.32862402806042534] and parameters: {'k1': 0.06415745702132086, 'D_low': 9.882278532808778, 'k2': 0.0027431991397796683, 'D_high': 2941.5751391396584, 'fire_exp': 1.3239942327296237, 'P_half': 10.226988730324324, 'pre_dampen_half': 304.7488318185732, 'gpp_af': 0.0021836613912815635, 'gpp_b': 7.402343469704428e-05, 'gpp_d': 5.878566318396007, 'ign_k': 0.34703605955441524, 'ign_c': 8.671454322584175}.
[I 2026-08-05 23:25:24,238] Trial 782 finished with values: [10.589635988121175, 10.589635988121175] and parameters: {'k1': 0.008956420301712053, 'D_low': 18.89739291279832, 'k2': 0.03071666851587867, 'D_high': 9769.756791866093, 'fire_exp': 1.1044852285094786, 'P_half': 13.019246714361572, 'pre_dampen_half': 247.25776073156666, 'gpp_af': 0.0021836613912815635, 'gpp_b': 0.011750724729953272, 'gpp_d': 5.277709597877513, 'ign_k': 8.761971101023693, 'ign_c': 3.0378658251922155}.
[I 2026-08-05 23:25:25,428] Trial 783 finished with values: [-0.6277398407204968, 0.5823330733206689] and parameters: {'k1': 0.025383218374507292, 'D_low': 1.4045842344024697, 'k2': 0.08894151386481904, 'D_high': 9769.756791866093, 'fire_exp': 1.1044852285094786, 'P_half': 25.49709775062068, 'pre_dampen_half': 247.25776073156666, 'gpp_af': 0.5107061330406066, 'gpp_b': 0.011750724729953272, 'gpp_d': 368.30088529547436, 'ign_k': 5.9736167866478125, 'ign_c': 3.0378658251922155}.
[I 2026-08-05 23:25:26,634] Trial 784 finished with values: [-0.5942701781075417, 0.5801680783506655] and parameters: {'k1': 0.00324789183891923, 'D_low': 4.051452710153359, 'k2': 0.03071666851587867, 'D_high': 7744.80118512745, 'fire_exp': 1.1258453832483524, 'P_half': 13.019246714361572, 'pre_dampen_half': 703.6426675556048, 'gpp_af': 0.0021836613912815635, 'gpp_b': 3.481277316673104e-05, 'gpp_d': 368.30088529547436, 'ign_k': 0.4702627143647234, 'ign_c': 1.5061320080433496}.
[I 2026-08-05 23:25:27,808] Trial 785 finished with values: [10.593023406390637, 10.593023406390637] and parameters: {'k1': 0.008956420301712053, 'D_low': 9.882278532808778, 'k2': 0.0027431991397796683, 'D_high': 9769.756791866093, 'fire_exp': 1.1258453832483524, 'P_half': 10.753522341516506, 'pre_dampen_half': 247.25776073156666, 'gpp_af': 0.0021836613912815635, 'gpp_b': 0.011750724729953272, 'gpp_d': 5.277709597877513, 'ign_k': 8.761971101023693, 'ign_c': 0.3528113274684997}.
[I 2026-08-05 23:25:28,966] Trial 786 finished with values: [10.149360887009298, 10.149360887009298] and parameters: {'k1': 0.02641449645424223, 'D_low': 5.303925290996657, 'k2': 0.0036014695835220327, 'D_high': 9769.756791866093, 'fire_exp': 1.010722707674549, 'P_half': 10.226988730324324, 'pre_dampen_half': 25.4442274895789, 'gpp_af': 5.511863475708366, 'gpp_b': 0.6637926838138378, 'gpp_d': 223.60515435267138, 'ign_k': 0.34703605955441524, 'ign_c': 8.671454322584175}.
[I 2026-08-05 23:25:30,188] Trial 787 finished with values: [-0.5615630306255313, 0.6032175660751089] and parameters: {'k1': 0.0029707920514735983, 'D_low': 125.32726386250698, 'k2': 0.08894151386481904, 'D_high': 75773.14388518519, 'fire_exp': 1.518582349269638, 'P_half': 13.019246714361572, 'pre_dampen_half': 304.7488318185732, 'gpp_af': 0.0025511964576171086, 'gpp_b': 7.402343469704428e-05, 'gpp_d': 0.679684982462508, 'ign_k': 8.761971101023693, 'ign_c': 3.843180360935464}.
[I 2026-08-05 23:25:31,378] Trial 788 finished with values: [-0.5752148286221905, 0.43266568779747006] and parameters: {'k1': 0.025383218374507292, 'D_low': 1.2299210465793122, 'k2': 0.00011939136672856547, 'D_high': 7744.80118512745, 'fire_exp': 1.010722707674549, 'P_half': 13.019246714361572, 'pre_dampen_half': 107.40052367919465, 'gpp_af': 0.0021836613912815635, 'gpp_b': 0.00012797528816608022, 'gpp_d': 368.30088529547436, 'ign_k': 0.4702627143647234, 'ign_c': 0.9294394155644988}.
[I 2026-08-05 23:25:32,628] Trial 789 finished with values: [10.69283797567416, 10.69283797567416] and parameters: {'k1': 0.002407354618388189, 'D_low': 1.4045842344024697, 'k2': 0.00011939136672856547, 'D_high': 7744.80118512745, 'fire_exp': 1.0743210440710231, 'P_half': 12.808863354047988, 'pre_dampen_half': 347.79988160923324, 'gpp_af': 0.001339466259146302, 'gpp_b': 0.011750724729953272, 'gpp_d': 5.878566318396007, 'ign_k': 0.13054148118849407, 'ign_c': 2.4287565087611744}.
[I 2026-08-05 23:25:33,821] Trial 790 finished with values: [10.480350733724318, 10.480350733724318] and parameters: {'k1': 0.002407354618388189, 'D_low': 18.89739291279832, 'k2': 0.08894151386481904, 'D_high': 75773.14388518519, 'fire_exp': 1.1258453832483524, 'P_half': 10.753522341516506, 'pre_dampen_half': 304.7488318185732, 'gpp_af': 5.511863475708366, 'gpp_b': 7.402343469704428e-05, 'gpp_d': 368.30088529547436, 'ign_k': 4.006890332238651, 'ign_c': 0.3528113274684997}.
[I 2026-08-05 23:25:34,979] Trial 791 finished with values: [10.395489469672267, 10.395489469672267] and parameters: {'k1': 0.001260821293027586, 'D_low': 2.1234210963705626, 'k2': 0.001154473887645231, 'D_high': 9769.756791866093, 'fire_exp': 1.1044852285094786, 'P_half': 685.7803657667797, 'pre_dampen_half': 703.6426675556048, 'gpp_af': 0.001339466259146302, 'gpp_b': 3.139005000572696e-05, 'gpp_d': 857.4284557962634, 'ign_k': 0.002676132993402929, 'ign_c': 9.023734753282096}.
[I 2026-08-05 23:25:36,151] Trial 792 finished with values: [10.718324407529066, 10.718324407529066] and parameters: {'k1': 0.0018588694009815867, 'D_low': 29.89885508829526, 'k2': 0.00010623096700264125, 'D_high': 9769.756791866093, 'fire_exp': 1.010722707674549, 'P_half': 13.019246714361572, 'pre_dampen_half': 247.25776073156666, 'gpp_af': 0.5107061330406066, 'gpp_b': 5.991854397410505, 'gpp_d': 2.893272120738162, 'ign_k': 5.9736167866478125, 'ign_c': 3.0378658251922155}.
[I 2026-08-05 23:25:37,270] Trial 793 finished with values: [10.764203122678447, 10.764203122678447] and parameters: {'k1': 0.002407354618388189, 'D_low': 1.4045842344024697, 'k2': 4.763991596630584e-05, 'D_high': 859.3747454677427, 'fire_exp': 6.397238610685558, 'P_half': 13.019246714361572, 'pre_dampen_half': 304.7488318185732, 'gpp_af': 5.511863475708366, 'gpp_b': 7.402343469704428e-05, 'gpp_d': 150.14555442537656, 'ign_k': 2.615413574494962, 'ign_c': 0.9294394155644988}.
[I 2026-08-05 23:25:38,428] Trial 794 finished with values: [-0.6024284709367365, 0.5923067524585928] and parameters: {'k1': 0.06415745702132086, 'D_low': 158.82035726402376, 'k2': 0.08894151386481904, 'D_high': 75773.14388518519, 'fire_exp': 1.1044852285094786, 'P_half': 12.808863354047988, 'pre_dampen_half': 304.7488318185732, 'gpp_af': 0.0025511964576171086, 'gpp_b': 0.00012797528816608022, 'gpp_d': 368.30088529547436, 'ign_k': 8.761971101023693, 'ign_c': 3.0378658251922155}.
[I 2026-08-05 23:25:39,584] Trial 795 finished with values: [-0.5830210660101309, 0.6706470749961868] and parameters: {'k1': 0.0029707920514735983, 'D_low': 125.32726386250698, 'k2': 0.0027431991397796683, 'D_high': 9769.756791866093, 'fire_exp': 1.010722707674549, 'P_half': 10.753522341516506, 'pre_dampen_half': 304.7488318185732, 'gpp_af': 0.0021836613912815635, 'gpp_b': 1.821693031918062e-05, 'gpp_d': 857.4284557962634, 'ign_k': 8.761971101023693, 'ign_c': 8.671454322584175}.
[I 2026-08-05 23:25:40,993] Trial 796 finished with values: [10.302036620507433, 10.302036620507433] and parameters: {'k1': 0.002407354618388189, 'D_low': 125.32726386250698, 'k2': 0.0027431991397796683, 'D_high': 26666.09148594752, 'fire_exp': 1.1258453832483524, 'P_half': 13.019246714361572, 'pre_dampen_half': 304.7488318185732, 'gpp_af': 0.0021836613912815635, 'gpp_b': 3.139005000572696e-05, 'gpp_d': 857.4284557962634, 'ign_k': 0.04563289369649656, 'ign_c': 34.088312486613106}.
[I 2026-08-05 23:25:42,132] Trial 797 finished with values: [-0.591745722147681, 0.5416081778795707] and parameters: {'k1': 0.0029707920514735983, 'D_low': 4.051452710153359, 'k2': 0.08894151386481904, 'D_high': 9769.756791866093, 'fire_exp': 1.182396148413737, 'P_half': 13.019246714361572, 'pre_dampen_half': 304.7488318185732, 'gpp_af': 0.0025511964576171086, 'gpp_b': 7.402343469704428e-05, 'gpp_d': 857.4284557962634, 'ign_k': 4.461217349302768, 'ign_c': 8.671454322584175}.
[I 2026-08-05 23:25:43,302] Trial 798 finished with values: [10.76901868679539, 10.76901868679539] and parameters: {'k1': 0.0029707920514735983, 'D_low': 6391.655642276445, 'k2': 0.08894151386481904, 'D_high': 75773.14388518519, 'fire_exp': 1.182396148413737, 'P_half': 12.808863354047988, 'pre_dampen_half': 347.79988160923324, 'gpp_af': 0.001339466259146302, 'gpp_b': 0.04070717093750775, 'gpp_d': 5.878566318396007, 'ign_k': 0.13054148118849407, 'ign_c': 8.671454322584175}.
[I 2026-08-05 23:25:44,447] Trial 799 finished with values: [-0.6066806712742701, 0.3366194301913632] and parameters: {'k1': 0.008956420301712053, 'D_low': 9.882278532808778, 'k2': 0.0007081721844034209, 'D_high': 2941.5751391396584, 'fire_exp': 1.1044852285094786, 'P_half': 13.019246714361572, 'pre_dampen_half': 304.7488318185732, 'gpp_af': 0.0021836613912815635, 'gpp_b': 7.402343469704428e-05, 'gpp_d': 368.30088529547436, 'ign_k': 8.761971101023693, 'ign_c': 8.671454322584175}.
[I 2026-08-05 23:25:45,593] Trial 800 finished with values: [-0.5748227418182065, 0.48929499591183834] and parameters: {'k1': 0.008956420301712053, 'D_low': 2.1234210963705626, 'k2': 0.001154473887645231, 'D_high': 9769.756791866093, 'fire_exp': 1.1044852285094786, 'P_half': 13.019246714361572, 'pre_dampen_half': 703.6426675556048, 'gpp_af': 0.001339466259146302, 'gpp_b': 3.139005000572696e-05, 'gpp_d': 857.4284557962634, 'ign_k': 0.04563289369649656, 'ign_c': 9.023734753282096}.
[I 2026-08-05 23:25:46,734] Trial 801 finished with values: [10.007238493975454, 10.007238493975454] and parameters: {'k1': 0.025383218374507292, 'D_low': 1.2299210465793122, 'k2': 0.0007081721844034209, 'D_high': 1665.1532285161688, 'fire_exp': 1.010722707674549, 'P_half': 13.019246714361572, 'pre_dampen_half': 107.40052367919465, 'gpp_af': 0.0021836613912815635, 'gpp_b': 7.402343469704428e-05, 'gpp_d': 124.72235343584714, 'ign_k': 0.34703605955441524, 'ign_c': 3.843180360935464}.
[I 2026-08-05 23:25:47,893] Trial 802 finished with values: [-0.579820013380542, 0.397736607800634] and parameters: {'k1': 0.008956420301712053, 'D_low': 2.1234210963705626, 'k2': 0.00011939136672856547, 'D_high': 9769.756791866093, 'fire_exp': 1.010722707674549, 'P_half': 13.019246714361572, 'pre_dampen_half': 247.25776073156666, 'gpp_af': 5.511863475708366, 'gpp_b': 0.6637926838138378, 'gpp_d': 263.6527567943319, 'ign_k': 0.34703605955441524, 'ign_c': 8.671454322584175}.
[I 2026-08-05 23:25:49,047] Trial 803 finished with values: [10.681790148809055, 10.681790148809055] and parameters: {'k1': 0.00013783578294796384, 'D_low': 1.4045842344024697, 'k2': 0.03071666851587867, 'D_high': 7744.80118512745, 'fire_exp': 1.1044852285094786, 'P_half': 24.136213194527585, 'pre_dampen_half': 304.7488318185732, 'gpp_af': 0.001339466259146302, 'gpp_b': 0.011750724729953272, 'gpp_d': 150.14555442537656, 'ign_k': 8.761971101023693, 'ign_c': 3.0378658251922155}.
[I 2026-08-05 23:25:50,230] Trial 804 finished with values: [10.275719494609257, 10.275719494609257] and parameters: {'k1': 0.0029707920514735983, 'D_low': 18.89739291279832, 'k2': 8.17182556771865e-05, 'D_high': 7744.80118512745, 'fire_exp': 1.6294642623991613, 'P_half': 13.019246714361572, 'pre_dampen_half': 304.7488318185732, 'gpp_af': 0.0021836613912815635, 'gpp_b': 3.139005000572696e-05, 'gpp_d': 857.4284557962634, 'ign_k': 8.761971101023693, 'ign_c': 3.0378658251922155}.
[I 2026-08-05 23:25:51,387] Trial 805 finished with values: [10.104110477416059, 10.104110477416059] and parameters: {'k1': 0.06415745702132086, 'D_low': 2.1234210963705626, 'k2': 0.0036014695835220327, 'D_high': 9769.756791866093, 'fire_exp': 1.1258453832483524, 'P_half': 10.226988730324324, 'pre_dampen_half': 304.7488318185732, 'gpp_af': 5.511863475708366, 'gpp_b': 3.0247471647147563e-05, 'gpp_d': 11.347624185662207, 'ign_k': 3.7954792742512957, 'ign_c': 0.17036120617148395}.
[I 2026-08-05 23:25:52,529] Trial 806 finished with values: [-0.5584275679261005, 0.8112035715610518] and parameters: {'k1': 0.025383218374507292, 'D_low': 1.2299210465793122, 'k2': 0.00011939136672856547, 'D_high': 7744.80118512745, 'fire_exp': 1.010722707674549, 'P_half': 13.019246714361572, 'pre_dampen_half': 107.40052367919465, 'gpp_af': 0.11353829000087724, 'gpp_b': 3.228689523591491e-05, 'gpp_d': 158.2364439052928, 'ign_k': 0.34703605955441524, 'ign_c': 8.671454322584175}.
[I 2026-08-05 23:25:53,748] Trial 807 finished with values: [10.765107882905703, 10.765107882905703] and parameters: {'k1': 0.0027015957920129437, 'D_low': 1.1065812688893482, 'k2': 0.011469197890812934, 'D_high': 9769.756791866093, 'fire_exp': 7.943705287383083, 'P_half': 10.226988730324324, 'pre_dampen_half': 304.7488318185732, 'gpp_af': 0.001339466259146302, 'gpp_b': 3.139005000572696e-05, 'gpp_d': 857.4284557962634, 'ign_k': 0.03141110271934876, 'ign_c': 8.671454322584175}.
[I 2026-08-05 23:25:54,924] Trial 808 finished with values: [10.319046762641698, 10.319046762641698] and parameters: {'k1': 0.02641449645424223, 'D_low': 2.1234210963705626, 'k2': 0.00011939136672856547, 'D_high': 7744.80118512745, 'fire_exp': 1.010722707674549, 'P_half': 12.808863354047988, 'pre_dampen_half': 304.7488318185732, 'gpp_af': 5.511863475708366, 'gpp_b': 0.6637926838138378, 'gpp_d': 5.878566318396007, 'ign_k': 5.9736167866478125, 'ign_c': 2.592301536155855}.
[I 2026-08-05 23:25:56,096] Trial 809 finished with values: [-0.6113882293263768, 0.47523727809872807] and parameters: {'k1': 0.025383218374507292, 'D_low': 1.1065812688893482, 'k2': 0.0007081721844034209, 'D_high': 9769.756791866093, 'fire_exp': 1.0881360604103363, 'P_half': 10.226988730324324, 'pre_dampen_half': 703.6426675556048, 'gpp_af': 5.511863475708366, 'gpp_b': 0.6637926838138378, 'gpp_d': 891.8036602897795, 'ign_k': 0.34703605955441524, 'ign_c': 8.671454322584175}.
