[I 2026-08-14 14:08:58,974] Trial 283 finished with values: [-0.4012697547829086, 1.787743108427886e-05] and parameters: {'k1': 0.0010204225357677778, 'D_low': 890.3633614906976, 'k2': 0.00027790450547968067, 'D_high': 38.287672160557875, 'fire_exp': 1.6214575867079866, 'P_half': 3910.3637457741784, 'pre_dampen_half': 0.05016722470997861, 'gpp_af': 0.16983565276584273, 'gpp_b': 0.00012906175696809457, 'gpp_d': 5.1227685768715014, 'ign_k': 0.6138509947844857, 'ign_c': 0.18316165443932733, 'trop_agb_crit': 1.2440687631821843, 'trop_k_veg': 3.1061628445647007, 'fuel_k': 0.28630931797361614, 'fuel_half': 26.9364391631794}.
[I 2026-08-14 14:09:00,066] Trial 284 finished with values: [-0.413289053073805, 1.5303792818888162e-05] and parameters: {'k1': 0.0012329098365270509, 'D_low': 3735.16768760467, 'k2': 1.854837679096716e-05, 'D_high': 316055.11434645514, 'fire_exp': 1.6214575867079866, 'P_half': 351.2704726270846, 'pre_dampen_half': 0.37306104754535907, 'gpp_af': 0.34902252478382495, 'gpp_b': 0.03103333227753725, 'gpp_d': 2.292633983096564, 'ign_k': 0.04380580767905655, 'ign_c': 105.24574681335613, 'trop_agb_crit': 13.98132484257899, 'trop_k_veg': 1.0540721475196824, 'fuel_k': 0.28630931797361614, 'fuel_half': 0.30455368715396786}.
[I 2026-08-14 14:09:01,266] Trial 285 finished with values: [-0.3554625854118624, 0.0] and parameters: {'k1': 6.069662445477729e-05, 'D_low': 3735.16768760467, 'k2': 2.5299503921303695e-05, 'D_high': 38.287672160557875, 'fire_exp': 6.274210722983794, 'P_half': 4.961134450191397, 'pre_dampen_half': 0.022695682239207024, 'gpp_af': 0.0023751383317256927, 'gpp_b': 1.1728753685919104, 'gpp_d': 0.3562950548153257, 'ign_k': 0.6138509947844857, 'ign_c': 1.3409701145872435, 'trop_agb_crit': 3.5522713231614182, 'trop_k_veg': 1.7664838950757566, 'fuel_k': 0.28630931797361614, 'fuel_half': 26.9364391631794}.
[I 2026-08-14 14:09:02,351] Trial 286 finished with values: [-0.3554625854118624, 0.0] and parameters: {'k1': 0.0012329098365270509, 'D_low': 19389.89852278267, 'k2': 0.004373100990516265, 'D_high': 11.741490726941782, 'fire_exp': 9.012915111444606, 'P_half': 894.5150807271528, 'pre_dampen_half': 0.37306104754535907, 'gpp_af': 42.44656636175248, 'gpp_b': 2.788681037423117, 'gpp_d': 0.173242701549491, 'ign_k': 0.026539376439360548, 'ign_c': 107.49405395173389, 'trop_agb_crit': 1.5280652380617874, 'trop_k_veg': 0.6112301235084354, 'fuel_k': 0.013421538374693755, 'fuel_half': 0.13249100882689224}.
[I 2026-08-14 14:09:03,459] Trial 287 finished with values: [-0.4048341560096844, 0.33943659708509466] and parameters: {'k1': 0.0010319747789063166, 'D_low': 2.0349553327469425, 'k2': 2.5299503921303695e-05, 'D_high': 316055.11434645514, 'fire_exp': 1.0362310858538248, 'P_half': 4.961134450191397, 'pre_dampen_half': 868.1843415114087, 'gpp_af': 68.11991466118579, 'gpp_b': 6.0327793441162e-05, 'gpp_d': 1.105785410092522, 'ign_k': 0.015058980408366392, 'ign_c': 98.40989343758308, 'trop_agb_crit': 2.3118820898020997, 'trop_k_veg': 4.844706510617515, 'fuel_k': 0.011892598727815663, 'fuel_half': 0.46335780813176825}.
[I 2026-08-14 14:09:04,534] Trial 288 finished with values: [-0.4025611240833745, 8.443275359182323e-05] and parameters: {'k1': 9.969469187531805e-05, 'D_low': 367.4904945305323, 'k2': 1.263794633808287e-05, 'D_high': 44.39648242927527, 'fire_exp': 1.6733848721157607, 'P_half': 48.464976792190825, 'pre_dampen_half': 0.011501973785501987, 'gpp_af': 42.29037995744429, 'gpp_b': 2.788681037423117, 'gpp_d': 6.913948698657619, 'ign_k': 0.04380580767905655, 'ign_c': 3.7151317999473266, 'trop_agb_crit': 10.719494362768906, 'trop_k_veg': 3.0284647013370933, 'fuel_k': 0.8380096183572122, 'fuel_half': 35.2847426865637}.
[I 2026-08-14 14:09:05,697] Trial 289 finished with values: [-0.35593519567440657, 1.615329203730198e-09] and parameters: {'k1': 0.00014001191914113747, 'D_low': 126.11058927054879, 'k2': 1.3243445838637965e-05, 'D_high': 16.752866684650684, 'fire_exp': 6.64661557126371, 'P_half': 1.7036120617148391, 'pre_dampen_half': 0.043181981126981975, 'gpp_af': 6.940121430516967, 'gpp_b': 0.07311344697279921, 'gpp_d': 0.11997897226934479, 'ign_k': 0.31014294272127446, 'ign_c': 0.21947742689197342, 'trop_agb_crit': 5.115968405120539, 'trop_k_veg': 2.639166174475906, 'fuel_k': 0.3176626387065175, 'fuel_half': 0.7498730336620312}.
[I 2026-08-14 14:09:06,827] Trial 290 finished with values: [-0.3554625854118624, 0.0] and parameters: {'k1': 0.0015736446109772138, 'D_low': 70586.60227368641, 'k2': 0.0034167643418329683, 'D_high': 1693415.5410667954, 'fire_exp': 9.012915111444606, 'P_half': 894.5150807271528, 'pre_dampen_half': 5.912487867336618, 'gpp_af': 1.1444682032324747, 'gpp_b': 0.6992636148959319, 'gpp_d': 302.3127748796293, 'ign_k': 0.018707420137660268, 'ign_c': 107.49405395173389, 'trop_agb_crit': 1.0501731925367062, 'trop_k_veg': 0.6898193780989617, 'fuel_k': 1.8731335591844642, 'fuel_half': 0.13249100882689224}.
[I 2026-08-14 14:09:07,913] Trial 291 finished with values: [-0.41652579968506204, 0.0003588765591723275] and parameters: {'k1': 1.8595266457134027e-05, 'D_low': 14787.382840410779, 'k2': 1.263794633808287e-05, 'D_high': 1826.6972566585878, 'fire_exp': 1.2429193829348841, 'P_half': 351.2704726270846, 'pre_dampen_half': 0.0195172246414495, 'gpp_af': 0.34902252478382495, 'gpp_b': 0.040428727350273294, 'gpp_d': 34.70266988650411, 'ign_k': 0.011698039424426817, 'ign_c': 14.935213816355384, 'trop_agb_crit': 21.825752290961518, 'trop_k_veg': 2.8224577471047865, 'fuel_k': 0.021123235354472927, 'fuel_half': 65.99277195883643}.
[I 2026-08-14 14:09:09,034] Trial 292 finished with values: [-0.3554625854118624, 0.0] and parameters: {'k1': 0.00040091494283268605, 'D_low': 144788.6047717001, 'k2': 2.5299503921303695e-05, 'D_high': 123.47208531015808, 'fire_exp': 2.26267489175816, 'P_half': 16.051347487097576, 'pre_dampen_half': 54.70750401264757, 'gpp_af': 0.326288637536534, 'gpp_b': 0.07311344697279921, 'gpp_d': 79.2966690166476, 'ign_k': 0.034321391362415854, 'ign_c': 771.13129913311, 'trop_agb_crit': 24.85900548334648, 'trop_k_veg': 2.8224577471047865, 'fuel_k': 0.24067532026281035, 'fuel_half': 65.99277195883643}.
[I 2026-08-14 14:09:10,272] Trial 293 finished with values: [-0.4915641019483356, 0.04876997440659658] and parameters: {'k1': 0.004312951023617458, 'D_low': 9.497440085397416, 'k2': 0.0005708731724249573, 'D_high': 71534.52030884045, 'fire_exp': 1.6214575867079866, 'P_half': 220.3445560633069, 'pre_dampen_half': 3.659675301686169, 'gpp_af': 0.008983355849178878, 'gpp_b': 0.0021331409710300844, 'gpp_d': 16.460426816350523, 'ign_k': 0.0680787482656459, 'ign_c': 15.221840161091626, 'trop_agb_crit': 24.584290528289387, 'trop_k_veg': 1.4584243470991722, 'fuel_k': 1.6630228777630973, 'fuel_half': 2.100333410321807}.
[I 2026-08-14 14:09:11,414] Trial 294 finished with values: [-0.40878714436003694, 2.7819645538773585e-05] and parameters: {'k1': 5.325873749322162e-05, 'D_low': 1.7286734109794883, 'k2': 1.4363112408604443e-05, 'D_high': 2541.6076006960125, 'fire_exp': 1.075051292556307, 'P_half': 894.5150807271528, 'pre_dampen_half': 0.05844629901057142, 'gpp_af': 0.8533931648032835, 'gpp_b': 2.788681037423117, 'gpp_d': 11.40961991569626, 'ign_k': 0.026539376439360548, 'ign_c': 107.49405395173389, 'trop_agb_crit': 2.1775224101934065, 'trop_k_veg': 0.8934118487032162, 'fuel_k': 0.013421538374693755, 'fuel_half': 0.30455368715396786}.
[I 2026-08-14 14:09:12,474] Trial 295 finished with values: [-0.4079073808282918, 7.411380519672939e-05] and parameters: {'k1': 0.00040091494283268605, 'D_low': 2.0349553327469425, 'k2': 0.0034167643418329683, 'D_high': 1693415.5410667954, 'fire_exp': 1.7973831035976209, 'P_half': 894.5150807271528, 'pre_dampen_half': 0.10609580257119508, 'gpp_af': 0.0023751383317256927, 'gpp_b': 0.006752383987148558, 'gpp_d': 1.105785410092522, 'ign_k': 1.07907786430243, 'ign_c': 0.4213183643253957, 'trop_agb_crit': 2.3118820898020997, 'trop_k_veg': 4.844706510617515, 'fuel_k': 0.02214708063365415, 'fuel_half': 0.46335780813176825}.
[I 2026-08-14 14:09:13,552] Trial 296 finished with values: [-0.43873796636266826, 0.007762974198177952] and parameters: {'k1': 6.069662445477729e-05, 'D_low': 3735.16768760467, 'k2': 1.854837679096716e-05, 'D_high': 316055.11434645514, 'fire_exp': 1.6214575867079866, 'P_half': 539.5442811888478, 'pre_dampen_half': 0.10609580257119508, 'gpp_af': 0.008983355849178878, 'gpp_b': 1.6569065206637924e-05, 'gpp_d': 2.292633983096564, 'ign_k': 1.8108143621079664, 'ign_c': 8.356564873457046, 'trop_agb_crit': 1.4946647023314867, 'trop_k_veg': 1.7570501127699654, 'fuel_k': 0.28630931797361614, 'fuel_half': 2.100333410321807}.
[I 2026-08-14 14:09:14,660] Trial 297 finished with values: [-0.40021808461597075, 7.04420460363453e-05] and parameters: {'k1': 1.0661259689433896e-05, 'D_low': 1160.0689839007139, 'k2': 0.0004673518999562748, 'D_high': 66.8537333582894, 'fire_exp': 2.1931399753552863, 'P_half': 22.41097161910951, 'pre_dampen_half': 0.022695682239207024, 'gpp_af': 0.04130614451133169, 'gpp_b': 0.0003528984625415794, 'gpp_d': 3.0023172465753074, 'ign_k': 1.857328833311487, 'ign_c': 1.3409701145872435, 'trop_agb_crit': 2.3118820898020997, 'trop_k_veg': 1.0049538030148353, 'fuel_k': 0.01814068034742312, 'fuel_half': 49.16400722913762}.
[I 2026-08-14 14:09:15,758] Trial 298 finished with values: [-0.41590254266171567, 9.06018080746307e-05] and parameters: {'k1': 2.6285770615112825e-05, 'D_low': 28.331534346441074, 'k2': 0.00019472216066157317, 'D_high': 39079.671568228776, 'fire_exp': 1.7973831035976209, 'P_half': 1938.3858782150498, 'pre_dampen_half': 0.043181981126981975, 'gpp_af': 6.940121430516967, 'gpp_b': 0.040428727350273294, 'gpp_d': 34.70266988650411, 'ign_k': 0.03141110271934876, 'ign_c': 0.21947742689197342, 'trop_agb_crit': 16.86264052240002, 'trop_k_veg': 7.260694958828215, 'fuel_k': 0.02496045629458217, 'fuel_half': 15.581254655530845}.
[I 2026-08-14 14:09:16,857] Trial 299 finished with values: [-0.3817642040368718, 1.2340714006242592e-09] and parameters: {'k1': 1.0477226564098276e-05, 'D_low': 2.0349553327469425, 'k2': 0.0009670857606743155, 'D_high': 38111.59226078823, 'fire_exp': 2.1589564941849333, 'P_half': 1212.4080603355412, 'pre_dampen_half': 0.03411860497758073, 'gpp_af': 0.0023751383317256927, 'gpp_b': 0.23395511097933275, 'gpp_d': 3.0023172465753074, 'ign_k': 0.567034633562729, 'ign_c': 0.7464754881442118, 'trop_agb_crit': 2.3118820898020997, 'trop_k_veg': 2.417028380770307, 'fuel_k': 1.6630228777630973, 'fuel_half': 12.136386887218588}.
[I 2026-08-14 14:09:17,970] Trial 300 finished with values: [-0.3554625854118624, 0.0] and parameters: {'k1': 0.0010204225357677778, 'D_low': 3735.16768760467, 'k2': 1.3243445838637965e-05, 'D_high': 316055.11434645514, 'fire_exp': 6.64661557126371, 'P_half': 1.7036120617148391, 'pre_dampen_half': 0.10609580257119508, 'gpp_af': 0.008983355849178878, 'gpp_b': 0.4168322557207811, 'gpp_d': 2.292633983096564, 'ign_k': 0.18170401889219123, 'ign_c': 884.4033380058667, 'trop_agb_crit': 20.205002815711154, 'trop_k_veg': 2.1816482703680733, 'fuel_k': 0.28630931797361614, 'fuel_half': 0.26760032016843777}.
[I 2026-08-14 14:09:19,058] Trial 301 finished with values: [-0.35544965205219875, 0.0] and parameters: {'k1': 0.0015375920235481753, 'D_low': 12.856617791467924, 'k2': 0.07799059237255677, 'D_high': 2283.4228779494524, 'fire_exp': 7.7991371065266675, 'P_half': 3795.8531426706395, 'pre_dampen_half': 5.912487867336618, 'gpp_af': 0.325975879331736, 'gpp_b': 0.6992636148959319, 'gpp_d': 302.3127748796293, 'ign_k': 0.006039096247545781, 'ign_c': 107.49405395173389, 'trop_agb_crit': 2.598572417333811, 'trop_k_veg': 0.6898193780989617, 'fuel_k': 1.8731335591844642, 'fuel_half': 1.1756010900231848}.
[I 2026-08-14 14:09:20,187] Trial 302 finished with values: [-0.35547177253292456, 3.6119163215886374e-10] and parameters: {'k1': 0.0001226254315886001, 'D_low': 984.7566464935828, 'k2': 0.003045524314144144, 'D_high': 66.8537333582894, 'fire_exp': 8.26634592587193, 'P_half': 3.525936800597896, 'pre_dampen_half': 0.03411860497758073, 'gpp_af': 0.04130614451133169, 'gpp_b': 0.0003528984625415794, 'gpp_d': 12.324765692041675, 'ign_k': 0.6454459531371669, 'ign_c': 0.15239409361703363, 'trop_agb_crit': 2.3118820898020997, 'trop_k_veg': 1.128469461526162, 'fuel_k': 2.6379166421137854, 'fuel_half': 26.9364391631794}.
[I 2026-08-14 14:09:21,314] Trial 303 finished with values: [-0.3554625854118624, 0.0] and parameters: {'k1': 0.0001226254315886001, 'D_low': 367.4904945305323, 'k2': 0.00027790450547968067, 'D_high': 160625.60954780428, 'fire_exp': 8.26634592587193, 'P_half': 3.525936800597896, 'pre_dampen_half': 0.37306104754535907, 'gpp_af': 5.600917281261384, 'gpp_b': 2.788681037423117, 'gpp_d': 6.284104775086881, 'ign_k': 0.03141110271934876, 'ign_c': 105.24574681335613, 'trop_agb_crit': 15.870971677383487, 'trop_k_veg': 3.1061628445647007, 'fuel_k': 0.8380096183572122, 'fuel_half': 0.30455368715396786}.
[I 2026-08-14 14:09:22,446] Trial 304 finished with values: [-0.3868188103210905, 1.0020047623515715e-05] and parameters: {'k1': 6.069662445477729e-05, 'D_low': 2.607160725470918, 'k2': 0.0009670857606743155, 'D_high': 2283.4228779494524, 'fire_exp': 3.1018148805490564, 'P_half': 78.32259769732477, 'pre_dampen_half': 0.03411860497758073, 'gpp_af': 0.03934396739328546, 'gpp_b': 0.0024605285374226047, 'gpp_d': 2.9012721497386225, 'ign_k': 5.98502482938418, 'ign_c': 14.452451441203321, 'trop_agb_crit': 2.598572417333811, 'trop_k_veg': 2.8056728593013704, 'fuel_k': 0.5588539902953054, 'fuel_half': 0.33988503110784557}.
[I 2026-08-14 14:09:23,595] Trial 305 finished with values: [-0.4176772218815348, 0.003555930823789799] and parameters: {'k1': 0.00014879588507789985, 'D_low': 1.1445244757026578, 'k2': 1.127217425995114e-05, 'D_high': 71534.52030884045, 'fire_exp': 2.878298002135838, 'P_half': 220.3445560633069, 'pre_dampen_half': 2.9046276683520458, 'gpp_af': 0.7539992074650279, 'gpp_b': 0.0021331409710300844, 'gpp_d': 290.642121800538, 'ign_k': 0.0680787482656459, 'ign_c': 0.3277320296937064, 'trop_agb_crit': 24.584290528289387, 'trop_k_veg': 1.4327328555223249, 'fuel_k': 4.680936683972861, 'fuel_half': 52.00581729114123}.
[I 2026-08-14 14:09:24,728] Trial 306 finished with values: [-0.3554625854118624, 0.0] and parameters: {'k1': 0.0003713474360443033, 'D_low': 1803.7506431281838, 'k2': 0.0004673518999562748, 'D_high': 1826.6972566585878, 'fire_exp': 1.1872731425335898, 'P_half': 16.051347487097576, 'pre_dampen_half': 233.2883871089531, 'gpp_af': 0.009853225172032555, 'gpp_b': 2.325239859823921e-05, 'gpp_d': 0.42885111268165765, 'ign_k': 0.6720930050156113, 'ign_c': 82.41925264876441, 'trop_agb_crit': 1.8730954962803803, 'trop_k_veg': 2.8224577471047865, 'fuel_k': 0.10696151252957647, 'fuel_half': 3.5738385583821737}.
[I 2026-08-14 14:09:25,857] Trial 307 finished with values: [-0.3554625854118624, 0.0] and parameters: {'k1': 0.0010319747789063166, 'D_low': 529141.0588169728, 'k2': 1.4363112408604443e-05, 'D_high': 1663.2295851843426, 'fire_exp': 1.2242398136753672, 'P_half': 2.1234210963705626, 'pre_dampen_half': 233.2883871089531, 'gpp_af': 68.11991466118579, 'gpp_b': 2.325239859823921e-05, 'gpp_d': 0.24231943110844462, 'ign_k': 0.6720930050156113, 'ign_c': 98.40989343758308, 'trop_agb_crit': 1.8730954962803803, 'trop_k_veg': 0.6139438440498544, 'fuel_k': 0.02957171323932571, 'fuel_half': 2.841639333505349}.
[I 2026-08-14 14:09:27,000] Trial 308 finished with values: [-0.41007390738499827, 0.0004956775121119916] and parameters: {'k1': 0.0002526432647626936, 'D_low': 2.0349553327469425, 'k2': 2.5299503921303695e-05, 'D_high': 12.862664853393753, 'fire_exp': 1.2429193829348841, 'P_half': 4.020051040432125, 'pre_dampen_half': 0.022695682239207024, 'gpp_af': 0.0023751383317256927, 'gpp_b': 0.0039265289720170965, 'gpp_d': 3.0023172465753074, 'ign_k': 1.8108143621079664, 'ign_c': 1.3409701145872435, 'trop_agb_crit': 2.3118820898020997, 'trop_k_veg': 4.844706510617515, 'fuel_k': 1.6630228777630973, 'fuel_half': 42.89592532297351}.
[I 2026-08-14 14:09:28,063] Trial 309 finished with values: [-0.3869424044697579, 0.0020039040847226186] and parameters: {'k1': 0.004312951023617458, 'D_low': 9.497440085397416, 'k2': 1.915468390724633e-05, 'D_high': 71534.52030884045, 'fire_exp': 1.0629462657398439, 'P_half': 48.464976792190825, 'pre_dampen_half': 502.5175192217655, 'gpp_af': 42.29037995744429, 'gpp_b': 2.788681037423117, 'gpp_d': 6.913948698657619, 'ign_k': 0.04380580767905655, 'ign_c': 105.24574681335613, 'trop_agb_crit': 1.1195539271968775, 'trop_k_veg': 3.0284647013370933, 'fuel_k': 0.8380096183572122, 'fuel_half': 52.00581729114123}.
[I 2026-08-14 14:09:29,155] Trial 310 finished with values: [-0.4119517411587662, 4.751450243412059e-05] and parameters: {'k1': 0.00014001191914113747, 'D_low': 2.9612221068836555, 'k2': 1.263794633808287e-05, 'D_high': 16.752866684650684, 'fire_exp': 1.182396148413737, 'P_half': 351.2704726270846, 'pre_dampen_half': 0.043181981126981975, 'gpp_af': 5.600917281261384, 'gpp_b': 2.788681037423117, 'gpp_d': 700.6693992445935, 'ign_k': 0.03141110271934876, 'ign_c': 105.24574681335613, 'trop_agb_crit': 15.870971677383487, 'trop_k_veg': 2.1816482703680733, 'fuel_k': 0.3176626387065175, 'fuel_half': 8.17127270071559}.
[I 2026-08-14 14:09:30,270] Trial 311 finished with values: [-0.418236390786127, 0.059456726918001634] and parameters: {'k1': 0.000132965214572995, 'D_low': 1803.7506431281838, 'k2': 1.854837679096716e-05, 'D_high': 316055.11434645514, 'fire_exp': 1.075051292556307, 'P_half': 3910.3637457741784, 'pre_dampen_half': 233.2883871089531, 'gpp_af': 0.34902252478382495, 'gpp_b': 0.002407352334224724, 'gpp_d': 0.24231943110844462, 'ign_k': 0.6720930050156113, 'ign_c': 0.18316165443932733, 'trop_agb_crit': 2.1775224101934065, 'trop_k_veg': 1.7570501127699654, 'fuel_k': 0.28630931797361614, 'fuel_half': 2.841639333505349}.
[I 2026-08-14 14:09:31,495] Trial 312 finished with values: [-0.4013745761091701, 6.459180892914862e-05] and parameters: {'k1': 9.969469187531805e-05, 'D_low': 367.4904945305323, 'k2': 0.00010939944910100016, 'D_high': 44.39648242927527, 'fire_exp': 1.6733848721157607, 'P_half': 48.464976792190825, 'pre_dampen_half': 0.046087035152705645, 'gpp_af': 42.29037995744429, 'gpp_b': 2.788681037423117, 'gpp_d': 6.913948698657619, 'ign_k': 0.18170401889219123, 'ign_c': 3.0378658251922155, 'trop_agb_crit': 10.719494362768906, 'trop_k_veg': 3.0284647013370933, 'fuel_k': 5.486054129200969, 'fuel_half': 35.2847426865637}.
[I 2026-08-14 14:09:32,664] Trial 313 finished with values: [-0.3554625854118624, 0.0] and parameters: {'k1': 0.0004688858519834985, 'D_low': 367.4904945305323, 'k2': 0.0010495653625093638, 'D_high': 909378.7396959361, 'fire_exp': 6.64661557126371, 'P_half': 27.59069025439785, 'pre_dampen_half': 6.881834772031151, 'gpp_af': 0.4085228003668622, 'gpp_b': 2.705776113447921, 'gpp_d': 285.57196407381804, 'ign_k': 0.31014294272127446, 'ign_c': 105.24574681335613, 'trop_agb_crit': 2.1775224101934065, 'trop_k_veg': 2.4516474838484386, 'fuel_k': 0.06382243375381637, 'fuel_half': 3.7093134348291836}.
[I 2026-08-14 14:09:33,745] Trial 314 finished with values: [-0.3952397495704533, 4.5349614286038786e-08] and parameters: {'k1': 6.069662445477729e-05, 'D_low': 13702.184620615577, 'k2': 2.5299503921303695e-05, 'D_high': 12.862664853393753, 'fire_exp': 1.2429193829348841, 'P_half': 539.5442811888478, 'pre_dampen_half': 0.022695682239207024, 'gpp_af': 0.0023751383317256927, 'gpp_b': 1.1728753685919104, 'gpp_d': 3.0023172465753074, 'ign_k': 1.8108143621079664, 'ign_c': 1.3409701145872435, 'trop_agb_crit': 1.4946647023314867, 'trop_k_veg': 4.60227373948169, 'fuel_k': 0.5588539902953054, 'fuel_half': 42.89592532297351}.
[I 2026-08-14 14:09:34,881] Trial 315 finished with values: [-0.3554625854118624, 0.0] and parameters: {'k1': 0.0024005553432620355, 'D_low': 1.7887890916820506, 'k2': 0.0009670857606743155, 'D_high': 2283.4228779494524, 'fire_exp': 3.1018148805490564, 'P_half': 3910.3637457741784, 'pre_dampen_half': 0.10017312476738939, 'gpp_af': 0.008983355849178878, 'gpp_b': 1.6569065206637924e-05, 'gpp_d': 0.012284844784580964, 'ign_k': 5.98502482938418, 'ign_c': 77.59048401667629, 'trop_agb_crit': 13.98132484257899, 'trop_k_veg': 2.835178685110773, 'fuel_k': 0.029193888522073733, 'fuel_half': 0.33988503110784557}.
[I 2026-08-14 14:09:35,977] Trial 316 finished with values: [-0.4068864516462637, 5.661532281209247e-06] and parameters: {'k1': 1.0477226564098276e-05, 'D_low': 9.222492453004657, 'k2': 1.3243445838637965e-05, 'D_high': 16.752866684650684, 'fire_exp': 1.182396148413737, 'P_half': 1212.4080603355412, 'pre_dampen_half': 0.03333029838740256, 'gpp_af': 0.0023751383317256927, 'gpp_b': 0.07311344697279921, 'gpp_d': 3.0023172465753074, 'ign_k': 0.0075985864315887865, 'ign_c': 0.1254144753902608, 'trop_agb_crit': 15.870971677383487, 'trop_k_veg': 2.417028380770307, 'fuel_k': 1.6630228777630973, 'fuel_half': 12.136386887218588}.
[I 2026-08-14 14:09:37,057] Trial 317 finished with values: [-0.4871869131267997, 0.05361100273827457] and parameters: {'k1': 0.000132965214572995, 'D_low': 126.11058927054879, 'k2': 1.4363112408604443e-05, 'D_high': 625838.668783032, 'fire_exp': 1.2429193829348841, 'P_half': 4.961134450191397, 'pre_dampen_half': 0.043181981126981975, 'gpp_af': 0.0023751383317256927, 'gpp_b': 2.325239859823921e-05, 'gpp_d': 700.6693992445935, 'ign_k': 0.31014294272127446, 'ign_c': 0.21947742689197342, 'trop_agb_crit': 1.8730954962803803, 'trop_k_veg': 0.6139438440498544, 'fuel_k': 1.6630228777630973, 'fuel_half': 2.841639333505349}.
