[I 2026-08-19 12:59:37,990] Trial 300 finished with values: [-0.4560575171129454, 0.06178959082916324] and parameters: {'k1': 1.844951990812239e-05, 'D_low': 27972.024228472703, 'k2': 9.861808369679773e-05, 'D_high': 1124534.1807254362, 'fire_exp': 1.3796609641485171, 'P_half': 1636.5290600718067, 'pre_dampen_half': 65.77017096798056, 'gpp_af': 24.20071425273804, 'gpp_b': 0.0011284712324279547, 'gpp_d': 650.4921701204659, 'ign_k': 9.162638829638215, 'ign_c': 12.366924205139131, 'trop_agb_crit': 1.542823384648628, 'trop_k_veg': 0.8084202024508578, 'pop_amp': 0.004708042915737182, 'pop_peak': 0.17274196344453516, 'pop_sig': 0.42382971672762476, 'fuel_k': 0.11148299766359336, 'fuel_half': 17.890117928710357}.
[I 2026-08-19 12:59:40,721] Trial 301 finished with values: [-0.3554625854118624, 0.0] and parameters: {'k1': 4.929552311643645e-05, 'D_low': 50340.563942871704, 'k2': 0.0032792262899971644, 'D_high': 24493.271671328574, 'fire_exp': 5.433392060430592, 'P_half': 21.577279477693462, 'pre_dampen_half': 0.7465571739720183, 'gpp_af': 1.3467890557370734, 'gpp_b': 0.010442814210473004, 'gpp_d': 1.0088237648985734, 'ign_k': 0.465004365588108, 'ign_c': 89.12611835816996, 'trop_agb_crit': 1.8566494291193822, 'trop_k_veg': 2.968382718115938, 'pop_amp': 11.72926995754655, 'pop_peak': 0.2017438358845408, 'pop_sig': 0.4663206866626952, 'fuel_k': 0.6153584041797165, 'fuel_half': 17.890117928710357}.
[I 2026-08-19 12:59:43,185] Trial 302 finished with values: [-0.4346341951012197, 0.20090687755160086] and parameters: {'k1': 1.8064907756357243e-05, 'D_low': 2.1309331861011747, 'k2': 0.0002191739661157602, 'D_high': 24493.271671328574, 'fire_exp': 1.1633452995374232, 'P_half': 21.577279477693462, 'pre_dampen_half': 1.8469033699850426, 'gpp_af': 0.8125629376969175, 'gpp_b': 0.004411400434514031, 'gpp_d': 0.049917896217442304, 'ign_k': 0.001317936116529161, 'ign_c': 0.4177928311636542, 'trop_agb_crit': 1.8566494291193822, 'trop_k_veg': 5.453348988480011, 'pop_amp': 11.72926995754655, 'pop_peak': 2.016436598480055, 'pop_sig': 0.4663206866626952, 'fuel_k': 0.6153584041797165, 'fuel_half': 1.683458881839943}.
[I 2026-08-19 12:59:46,123] Trial 303 finished with values: [-0.35867307089650413, 9.74870517644888e-10] and parameters: {'k1': 0.0007158031739371039, 'D_low': 621.7103663128163, 'k2': 0.001481080073036349, 'D_high': 29.268995763513708, 'fire_exp': 3.8979230431144027, 'P_half': 8807.303814609768, 'pre_dampen_half': 30.960543083273937, 'gpp_af': 12.971876440863593, 'gpp_b': 0.0007197235239700669, 'gpp_d': 0.043181981126981975, 'ign_k': 0.5481818979974936, 'ign_c': 1.704981874323336, 'trop_agb_crit': 22.15898715394987, 'trop_k_veg': 2.5117307861546383, 'pop_amp': 0.0023285309081692643, 'pop_peak': 66.11673186504072, 'pop_sig': 0.8497567836052746, 'fuel_k': 0.14519190859804215, 'fuel_half': 8.17127270071559}.
[I 2026-08-19 12:59:49,989] Trial 304 finished with values: [-0.4226928039100836, 0.00026067140024677027] and parameters: {'k1': 2.9693357731296325e-05, 'D_low': 27972.024228472703, 'k2': 0.0003856302813879373, 'D_high': 1661855.441285105, 'fire_exp': 1.3796609641485171, 'P_half': 6281.776703992854, 'pre_dampen_half': 0.05437101051096082, 'gpp_af': 3.3373658194339484, 'gpp_b': 0.008968044580295738, 'gpp_d': 118.26972885708257, 'ign_k': 0.006418208309987481, 'ign_c': 12.366924205139131, 'trop_agb_crit': 3.544180417534903, 'trop_k_veg': 4.30392173391187, 'pop_amp': 0.029228481237926353, 'pop_peak': 0.5393162598439744, 'pop_sig': 2.4100357112052566, 'fuel_k': 1.3626356448811705, 'fuel_half': 1.7918446176734728}.
  trial  305/2500  pareto_size=21  best_ilamb=0.6094  (14.2 min)
[I 2026-08-19 12:59:53,942] Trial 305 finished with values: [-0.42994382396387254, 0.0054063441195953965] and parameters: {'k1': 2.9693357731296325e-05, 'D_low': 1.6569065206637925, 'k2': 0.0003856302813879373, 'D_high': 1840060.4093141211, 'fire_exp': 1.1633452995374232, 'P_half': 1636.5290600718067, 'pre_dampen_half': 0.2571419084734534, 'gpp_af': 0.41874665092828456, 'gpp_b': 0.3189249600851242, 'gpp_d': 108.18665579547857, 'ign_k': 0.3818468247973969, 'ign_c': 4.4716799012313055, 'trop_agb_crit': 9.879645484210656, 'trop_k_veg': 5.453348988480011, 'pop_amp': 0.029228481237926353, 'pop_peak': 503.7153440645595, 'pop_sig': 0.4663206866626952, 'fuel_k': 1.3626356448811705, 'fuel_half': 1.9255395572015603}.
[I 2026-08-19 12:59:57,398] Trial 306 finished with values: [-0.3554625854118624, 0.0] and parameters: {'k1': 0.0007158031739371039, 'D_low': 1.8677210807213769, 'k2': 0.0019856031481305684, 'D_high': 1814.597053180889, 'fire_exp': 9.42746237183547, 'P_half': 8894.151386481904, 'pre_dampen_half': 30.960543083273937, 'gpp_af': 0.0077125451401819246, 'gpp_b': 6.598911085146508, 'gpp_d': 118.26972885708257, 'ign_k': 0.0023181776112903506, 'ign_c': 0.4471649524144918, 'trop_agb_crit': 3.544180417534903, 'trop_k_veg': 4.891066132801691, 'pop_amp': 0.029228481237926353, 'pop_peak': 66.11673186504072, 'pop_sig': 1.804482856986987, 'fuel_k': 0.06525050422102326, 'fuel_half': 17.890117928710357}.
[I 2026-08-19 13:00:02,465] Trial 307 finished with values: [-0.41783461803173455, 7.483583749356981e-07] and parameters: {'k1': 4.929552311643645e-05, 'D_low': 50340.563942871704, 'k2': 0.0019856031481305684, 'D_high': 1840060.4093141211, 'fire_exp': 5.433392060430592, 'P_half': 1636.5290600718067, 'pre_dampen_half': 0.7465571739720183, 'gpp_af': 0.0077125451401819246, 'gpp_b': 3.6593529069017844e-05, 'gpp_d': 118.26972885708257, 'ign_k': 0.43129510236174595, 'ign_c': 12.366924205139131, 'trop_agb_crit': 3.544180417534903, 'trop_k_veg': 2.968382718115938, 'pop_amp': 0.029228481237926353, 'pop_peak': 503.7153440645595, 'pop_sig': 1.804482856986987, 'fuel_k': 0.022805907608636752, 'fuel_half': 17.890117928710357}.
[I 2026-08-19 13:00:07,979] Trial 308 finished with values: [-0.411632809711113, 0.0035123389794486926] and parameters: {'k1': 0.0003944671255903532, 'D_low': 2.1309331861011747, 'k2': 0.0002191739661157602, 'D_high': 656327.636151562, 'fire_exp': 1.010722707674549, 'P_half': 21.577279477693462, 'pre_dampen_half': 0.9791370130598966, 'gpp_af': 0.4863825828994064, 'gpp_b': 3.3047126165675627, 'gpp_d': 23.068034439758797, 'ign_k': 0.02442377596403895, 'ign_c': 89.12611835816996, 'trop_agb_crit': 4.52348214816486, 'trop_k_veg': 0.9320112612196061, 'pop_amp': 0.08829902947227952, 'pop_peak': 0.2017438358845408, 'pop_sig': 0.3752554385661973, 'fuel_k': 0.24240470828760216, 'fuel_half': 1.8062437132536941}.
[I 2026-08-19 13:00:13,004] Trial 309 finished with values: [-0.39376819734499346, 0.0024356391671018773] and parameters: {'k1': 9.67404566214593e-05, 'D_low': 15150.361381456718, 'k2': 0.00126695365637823, 'D_high': 147291.8866762514, 'fire_exp': 1.8720063885874743, 'P_half': 2968.718490830258, 'pre_dampen_half': 372.8155624293852, 'gpp_af': 36.830088529547496, 'gpp_b': 3.1906667956153174, 'gpp_d': 108.18665579547857, 'ign_k': 6.32338195106678, 'ign_c': 6.0816733722841345, 'trop_agb_crit': 16.812382192913706, 'trop_k_veg': 0.8861882400007739, 'pop_amp': 0.007215028764483883, 'pop_peak': 0.1939631395974494, 'pop_sig': 1.804482856986987, 'fuel_k': 0.031056242489259013, 'fuel_half': 5.430507564500919}.
  trial  310/2500  pareto_size=22  best_ilamb=0.6094  (14.6 min)
[I 2026-08-19 13:00:17,411] Trial 310 finished with values: [-0.39798180064085675, 1.1839785945655379e-05] and parameters: {'k1': 0.05217998579193211, 'D_low': 1.6569065206637925, 'k2': 0.015109330261674455, 'D_high': 24493.271671328574, 'fire_exp': 5.881565436248893, 'P_half': 5.59983195169599, 'pre_dampen_half': 0.09467055845337147, 'gpp_af': 0.41874665092828456, 'gpp_b': 0.0004837646996135023, 'gpp_d': 0.16294786031575217, 'ign_k': 0.3818468247973969, 'ign_c': 27.70002555743451, 'trop_agb_crit': 24.500297851058132, 'trop_k_veg': 2.5052470616811733, 'pop_amp': 0.004612311905749002, 'pop_peak': 2.016436598480055, 'pop_sig': 0.4663206866626952, 'fuel_k': 0.013930721937333756, 'fuel_half': 11.964040008742545}.
[I 2026-08-19 13:00:21,338] Trial 311 finished with values: [-0.393249165586778, 1.613709210701586e-08] and parameters: {'k1': 5.7909642338812115e-05, 'D_low': 1.6569065206637925, 'k2': 0.0007731571570012607, 'D_high': 1814.597053180889, 'fire_exp': 6.464773756830049, 'P_half': 1265.0580856641704, 'pre_dampen_half': 5.221127581184657, 'gpp_af': 0.9346598275601615, 'gpp_b': 0.004411400434514031, 'gpp_d': 2.3230017312141893, 'ign_k': 0.17320535908244444, 'ign_c': 0.4177928311636542, 'trop_agb_crit': 25.313763881721908, 'trop_k_veg': 5.453348988480011, 'pop_amp': 0.001487684490383978, 'pop_peak': 0.08738617022933418, 'pop_sig': 0.4663206866626952, 'fuel_k': 2.1301541859085824, 'fuel_half': 23.216226582091146}.
[I 2026-08-19 13:00:27,404] Trial 312 finished with values: [-0.3554625854118624, 0.0] and parameters: {'k1': 0.021863563449420156, 'D_low': 16402.29067110099, 'k2': 0.00126695365637823, 'D_high': 577.4987726789047, 'fire_exp': 8.802665914111849, 'P_half': 267.2146013620241, 'pre_dampen_half': 372.8155624293852, 'gpp_af': 36.830088529547496, 'gpp_b': 0.028780534359197463, 'gpp_d': 0.23457196365169425, 'ign_k': 0.1647069822172432, 'ign_c': 39.930315840566834, 'trop_agb_crit': 16.812382192913706, 'trop_k_veg': 3.324165273971362, 'pop_amp': 0.007215028764483883, 'pop_peak': 6.8759637341322835, 'pop_sig': 1.8528333992769594, 'fuel_k': 0.27631890369709744, 'fuel_half': 5.430507564500919}.
[I 2026-08-19 13:00:31,799] Trial 313 finished with values: [-0.3835591590504084, 1.9907436311861204e-05] and parameters: {'k1': 0.09372580613581186, 'D_low': 2.400213216646464, 'k2': 0.0029606628946299667, 'D_high': 6543576.946931886, 'fire_exp': 2.4271562127665014, 'P_half': 5973.616786647811, 'pre_dampen_half': 30.11226646948154, 'gpp_af': 0.18737227240512885, 'gpp_b': 1.6346693017473464, 'gpp_d': 479.4837252202705, 'ign_k': 0.04439802552990466, 'ign_c': 0.13492881864712067, 'trop_agb_crit': 1.391686660241692, 'trop_k_veg': 3.45738453011802, 'pop_amp': 0.019006712253386706, 'pop_peak': 4.538219736113045, 'pop_sig': 1.0424917012813995, 'fuel_k': 4.04437775870989, 'fuel_half': 5.150261018468129}.
[I 2026-08-19 13:00:34,945] Trial 314 finished with values: [-0.35545801281186107, 1.1102230246251565e-16] and parameters: {'k1': 0.011069082134755388, 'D_low': 621.7103663128163, 'k2': 0.001481080073036349, 'D_high': 1125.2084792690184, 'fire_exp': 3.8979230431144027, 'P_half': 5347.027553411488, 'pre_dampen_half': 0.015372374060846974, 'gpp_af': 12.971876440863593, 'gpp_b': 0.13406466700501582, 'gpp_d': 0.043181981126981975, 'ign_k': 0.0013229646467088642, 'ign_c': 120.2193048491502, 'trop_agb_crit': 2.0835015454357144, 'trop_k_veg': 2.5117307861546383, 'pop_amp': 0.0023285309081692643, 'pop_peak': 0.08341701352955977, 'pop_sig': 0.8497567836052746, 'fuel_k': 0.3176626387065175, 'fuel_half': 8.17127270071559}.
  trial  315/2500  pareto_size=22  best_ilamb=0.6094  (14.9 min)
[I 2026-08-19 13:00:38,161] Trial 315 finished with values: [-0.35864717426136095, 4.680852297989091e-07] and parameters: {'k1': 0.0004846497679219079, 'D_low': 16402.29067110099, 'k2': 0.0002001342062287998, 'D_high': 46.00919967107137, 'fire_exp': 1.8720063885874743, 'P_half': 267.2146013620241, 'pre_dampen_half': 372.8155624293852, 'gpp_af': 36.830088529547496, 'gpp_b': 0.028780534359197463, 'gpp_d': 0.050654860639753524, 'ign_k': 0.1647069822172432, 'ign_c': 5.141531903173451, 'trop_agb_crit': 16.812382192913706, 'trop_k_veg': 3.291143953379188, 'pop_amp': 0.007215028764483883, 'pop_peak': 0.1939631395974494, 'pop_sig': 1.8528333992769594, 'fuel_k': 0.9199338799678547, 'fuel_half': 5.430507564500919}.
[I 2026-08-19 13:00:42,348] Trial 316 finished with values: [-0.3700182157241657, 0.0003311120325973915] and parameters: {'k1': 0.05294132201721566, 'D_low': 82151.19893998209, 'k2': 0.015763894361785387, 'D_high': 137138.85091300905, 'fire_exp': 1.8713074096420792, 'P_half': 508.2220961627802, 'pre_dampen_half': 0.09467055845337147, 'gpp_af': 0.41874665092828456, 'gpp_b': 0.004458440839692221, 'gpp_d': 1.0088237648985734, 'ign_k': 0.3818468247973969, 'ign_c': 0.5110256715654393, 'trop_agb_crit': 1.626357634890109, 'trop_k_veg': 5.453348988480011, 'pop_amp': 0.4560100710039961, 'pop_peak': 70.5165740192732, 'pop_sig': 0.4663206866626952, 'fuel_k': 1.3626356448811705, 'fuel_half': 1.9255395572015603}.
[I 2026-08-19 13:00:45,850] Trial 317 finished with values: [-0.3763368433531203, 0.006802956218428302] and parameters: {'k1': 0.0005681482545113264, 'D_low': 1.8677210807213769, 'k2': 3.077180271250682e-05, 'D_high': 1814.597053180889, 'fire_exp': 1.0824018381500955, 'P_half': 4337.920697490941, 'pre_dampen_half': 0.19674328025306115, 'gpp_af': 2.0540519425388455, 'gpp_b': 0.0007417652034871827, 'gpp_d': 0.02183661391281564, 'ign_k': 0.0023181776112903506, 'ign_c': 68.0281020578672, 'trop_agb_crit': 27.05166881899929, 'trop_k_veg': 4.288672925586801, 'pop_amp': 10.985330528057915, 'pop_peak': 0.08738617022933418, 'pop_sig': 0.9904669476016459, 'fuel_k': 3.640039183945803, 'fuel_half': 0.18427970406864538}.
[I 2026-08-19 13:00:48,733] Trial 318 finished with values: [-0.4195101766381639, 7.066765095320449e-08] and parameters: {'k1': 4.929552311643645e-05, 'D_low': 286.06841726052676, 'k2': 0.0067445742055710165, 'D_high': 1124534.1807254362, 'fire_exp': 3.7695400350033266, 'P_half': 6281.776703992854, 'pre_dampen_half': 0.10189118197357125, 'gpp_af': 0.053663001820106804, 'gpp_b': 0.010442814210473004, 'gpp_d': 0.19553384550454228, 'ign_k': 0.45791923103229365, 'ign_c': 17.321868366117503, 'trop_agb_crit': 2.082468072533112, 'trop_k_veg': 5.691473319778836, 'pop_amp': 0.0013002472438361158, 'pop_peak': 10.679600530994481, 'pop_sig': 2.1785636353327757, 'fuel_k': 0.11148299766359336, 'fuel_half': 5.940545235233705}.
[I 2026-08-19 13:00:52,375] Trial 319 finished with values: [-0.3554625854118624, 0.0] and parameters: {'k1': 0.0031375859487281395, 'D_low': 716328.9063135319, 'k2': 0.00027413507419758244, 'D_high': 89807.54434235983, 'fire_exp': 6.2400230621325194, 'P_half': 267.2146013620241, 'pre_dampen_half': 65.77017096798056, 'gpp_af': 36.830088529547496, 'gpp_b': 4.038332634638232, 'gpp_d': 63.84398027045259, 'ign_k': 0.009935023909063692, 'ign_c': 0.8916066514644356, 'trop_agb_crit': 3.817556602989146, 'trop_k_veg': 0.8084202024508578, 'pop_amp': 0.004708042915737182, 'pop_peak': 1.421337820414783, 'pop_sig': 1.075024169505919, 'fuel_k': 0.27631890369709744, 'fuel_half': 5.430507564500919}.
[I 2026-08-19 13:00:58,403] Trial 320 finished with values: [-0.3933800264681155, 6.52589093874667e-13] and parameters: {'k1': 0.006117912981900519, 'D_low': 16402.29067110099, 'k2': 0.00027413507419758244, 'D_high': 577.4987726789047, 'fire_exp': 3.7695400350033266, 'P_half': 267.2146013620241, 'pre_dampen_half': 1.3202414283299975, 'gpp_af': 36.830088529547496, 'gpp_b': 4.038332634638232, 'gpp_d': 424.46566361752417, 'ign_k': 0.06358541141199495, 'ign_c': 0.28376065854345905, 'trop_agb_crit': 28.49245476864681, 'trop_k_veg': 4.541505658710469, 'pop_amp': 0.0034369873301918173, 'pop_peak': 1.421337820414783, 'pop_sig': 1.8528333992769594, 'fuel_k': 0.27631890369709744, 'fuel_half': 5.430507564500919}.
  trial  321/2500  pareto_size=21  best_ilamb=0.6094  (15.3 min)
[I 2026-08-19 13:01:04,433] Trial 321 finished with values: [-0.3591909869105538, 0.0] and parameters: {'k1': 0.028670350305540694, 'D_low': 16402.29067110099, 'k2': 0.00027413507419758244, 'D_high': 577.4987726789047, 'fire_exp': 6.464773756830049, 'P_half': 267.2146013620241, 'pre_dampen_half': 1.3202414283299975, 'gpp_af': 36.830088529547496, 'gpp_b': 1.1615179049175124e-05, 'gpp_d': 424.46566361752417, 'ign_k': 0.0023181776112903506, 'ign_c': 0.28376065854345905, 'trop_agb_crit': 25.313763881721908, 'trop_k_veg': 4.541505658710469, 'pop_amp': 0.0034369873301918173, 'pop_peak': 0.08738617022933418, 'pop_sig': 1.8528333992769594, 'fuel_k': 0.06525050422102326, 'fuel_half': 99.80516566417303}.
[I 2026-08-19 13:01:08,404] Trial 322 finished with values: [-0.4320856330574404, 0.004178089817642894] and parameters: {'k1': 2.9693357731296325e-05, 'D_low': 1.6569065206637925, 'k2': 0.0002191739661157602, 'D_high': 1661855.441285105, 'fire_exp': 1.3796609641485171, 'P_half': 6281.776703992854, 'pre_dampen_half': 1.8469033699850426, 'gpp_af': 0.41874665092828456, 'gpp_b': 0.008968044580295738, 'gpp_d': 118.26972885708257, 'ign_k': 0.17320535908244444, 'ign_c': 12.366924205139131, 'trop_agb_crit': 14.188434224699876, 'trop_k_veg': 5.453348988480011, 'pop_amp': 0.029228481237926353, 'pop_peak': 2.016436598480055, 'pop_sig': 2.4100357112052566, 'fuel_k': 1.3626356448811705, 'fuel_half': 1.7918446176734728}.
[I 2026-08-19 13:01:12,171] Trial 323 finished with values: [-0.41871186000308, 0.0029409090333736287] and parameters: {'k1': 5.7909642338812115e-05, 'D_low': 1.6569065206637925, 'k2': 0.0019856031481305684, 'D_high': 24493.271671328574, 'fire_exp': 1.1633452995374232, 'P_half': 6281.776703992854, 'pre_dampen_half': 0.2571419084734534, 'gpp_af': 0.41874665092828456, 'gpp_b': 0.004411400434514031, 'gpp_d': 1.0088237648985734, 'ign_k': 9.162638829638215, 'ign_c': 0.4177928311636542, 'trop_agb_crit': 9.161151646334174, 'trop_k_veg': 5.691473319778836, 'pop_amp': 0.04874366481145617, 'pop_peak': 0.1436910852988821, 'pop_sig': 0.4663206866626952, 'fuel_k': 1.3626356448811705, 'fuel_half': 1.683458881839943}.
[I 2026-08-19 13:01:15,040] Trial 324 finished with values: [-0.39207580354543126, 1.3178791391510458e-11] and parameters: {'k1': 4.042960692360327e-05, 'D_low': 716328.9063135319, 'k2': 9.861808369679773e-05, 'D_high': 290855.8180038407, 'fire_exp': 1.010722707674549, 'P_half': 6220.327170121322, 'pre_dampen_half': 65.77017096798056, 'gpp_af': 5.966041614891422, 'gpp_b': 0.0011284712324279547, 'gpp_d': 3.032712462969173, 'ign_k': 0.0027703009300353663, 'ign_c': 243.11355106292382, 'trop_agb_crit': 1.542823384648628, 'trop_k_veg': 0.8084202024508578, 'pop_amp': 1.1784449905844594, 'pop_peak': 0.22068324240460466, 'pop_sig': 0.42382971672762476, 'fuel_k': 1.0151421859083098, 'fuel_half': 14.458046248526905}.
[I 2026-08-19 13:01:17,572] Trial 325 finished with values: [-0.4092639471312742, 6.439332411734e-08] and parameters: {'k1': 0.0029070516815839368, 'D_low': 1.6569065206637925, 'k2': 0.0019856031481305684, 'D_high': 24493.271671328574, 'fire_exp': 5.881565436248893, 'P_half': 6281.776703992854, 'pre_dampen_half': 0.2571419084734534, 'gpp_af': 0.13402388198950174, 'gpp_b': 9.67374839440457e-05, 'gpp_d': 118.26972885708257, 'ign_k': 9.162638829638215, 'ign_c': 0.5110256715654393, 'trop_agb_crit': 3.544180417534903, 'trop_k_veg': 4.30392173391187, 'pop_amp': 0.029228481237926353, 'pop_peak': 0.5393162598439744, 'pop_sig': 1.804482856986987, 'fuel_k': 0.15552861105540366, 'fuel_half': 1.9255395572015603}.
[I 2026-08-19 13:01:20,097] Trial 326 finished with values: [-0.3860007077198751, 1.3322676295501878e-15] and parameters: {'k1': 0.004279383604201466, 'D_low': 286.06841726052676, 'k2': 0.0019856031481305684, 'D_high': 24493.271671328574, 'fire_exp': 3.7695400350033266, 'P_half': 6220.327170121322, 'pre_dampen_half': 0.2571419084734534, 'gpp_af': 0.005018406982902927, 'gpp_b': 1.624829724391053, 'gpp_d': 1.0088237648985734, 'ign_k': 9.946147674311604, 'ign_c': 0.15590073239763044, 'trop_agb_crit': 1.257433437731036, 'trop_k_veg': 5.453348988480011, 'pop_amp': 2.1219303004144856, 'pop_peak': 1.421337820414783, 'pop_sig': 0.2777678917098414, 'fuel_k': 0.27631890369709744, 'fuel_half': 1.683458881839943}.
  trial  327/2500  pareto_size=21  best_ilamb=0.6094  (15.7 min)
[I 2026-08-19 13:01:26,125] Trial 327 finished with values: [-0.35969076223002916, 4.948117471315072e-10] and parameters: {'k1': 0.05217998579193211, 'D_low': 2190.672003635833, 'k2': 0.00027413507419758244, 'D_high': 577.4987726789047, 'fire_exp': 5.881565436248893, 'P_half': 267.2146013620241, 'pre_dampen_half': 0.4153327541909818, 'gpp_af': 36.830088529547496, 'gpp_b': 0.011108675282673156, 'gpp_d': 424.46566361752417, 'ign_k': 8.103949702339497, 'ign_c': 27.70002555743451, 'trop_agb_crit': 28.49245476864681, 'trop_k_veg': 4.541505658710469, 'pop_amp': 0.004612311905749002, 'pop_peak': 5.866350595696869, 'pop_sig': 0.8521762792373568, 'fuel_k': 0.27631890369709744, 'fuel_half': 8.17127270071559}.
[I 2026-08-19 13:01:29,575] Trial 328 finished with values: [-0.35546326816036133, 0.0] and parameters: {'k1': 0.05217998579193211, 'D_low': 276.34255224878797, 'k2': 0.0019339745640818936, 'D_high': 478.49186871472983, 'fire_exp': 5.881565436248893, 'P_half': 6281.776703992854, 'pre_dampen_half': 0.4153327541909818, 'gpp_af': 22.5822521149409, 'gpp_b': 0.004411400434514031, 'gpp_d': 1.0088237648985734, 'ign_k': 0.3818468247973969, 'ign_c': 27.70002555743451, 'trop_agb_crit': 3.3887235042490564, 'trop_k_veg': 5.691473319778836, 'pop_amp': 11.72926995754655, 'pop_peak': 2.016436598480055, 'pop_sig': 0.8521762792373568, 'fuel_k': 1.3626356448811705, 'fuel_half': 1.683458881839943}.
[I 2026-08-19 13:01:32,222] Trial 329 finished with values: [-0.3554625854118624, 0.0] and parameters: {'k1': 0.08924795116437424, 'D_low': 30595.410256046172, 'k2': 0.0067445742055710165, 'D_high': 1814.597053180889, 'fire_exp': 6.464773756830049, 'P_half': 267.2146013620241, 'pre_dampen_half': 0.10189118197357125, 'gpp_af': 0.9346598275601615, 'gpp_b': 9.67374839440457e-05, 'gpp_d': 118.26972885708257, 'ign_k': 0.0023181776112903506, 'ign_c': 225.58738962142354, 'trop_agb_crit': 28.49245476864681, 'trop_k_veg': 0.7356483920677926, 'pop_amp': 0.0034369873301918173, 'pop_peak': 456.60279198301936, 'pop_sig': 0.7020782687730053, 'fuel_k': 3.0434684030233257, 'fuel_half': 5.940545235233705}.
