[I 2026-06-10 19:36:20,338] Trial 703 finished with values: [10.001103629256049, 10.001103629256049] and parameters: {'k1': 5.7909642338812115e-05, 'D_low': 236.79352040223893, 'k2': 0.02065142557895925, 'D_high': 1817.0401889219124, 'fire_exp': 1.2060040899560858, 'P_half': 996.7983879709292, 'pre_dampen_half': 189.36639872354493, 'gpp_af': 0.8594202650742228, 'gpp_b': 0.00014164588046678954, 'gpp_d': 1.0088237648985734, 'ign_k': 0.13500744867919376, 'ign_c': 2.2882309479728957, 'trop_agb_crit': 1.0189592979395135, 'trop_k_veg': 5.453348988480011, 'fire_amp': 5.44779717154213}.
[I 2026-06-10 19:36:21,579] Trial 704 finished with values: [10.564113790900763, 10.564113790900763] and parameters: {'k1': 0.03820259936390116, 'D_low': 19.655597419418832, 'k2': 0.02065142557895925, 'D_high': 1817.0401889219124, 'fire_exp': 1.7505406131449859, 'P_half': 1.4551749476072258, 'pre_dampen_half': 0.1359195760156183, 'gpp_af': 56.62858823465573, 'gpp_b': 0.0013488940375755271, 'gpp_d': 1.0088237648985734, 'ign_k': 0.09256855841989636, 'ign_c': 7.832259769732471, 'trop_agb_crit': 8.0091368834625, 'trop_k_veg': 6.825463866194253, 'fire_amp': 5.44779717154213}.
[I 2026-06-10 19:36:22,748] Trial 705 finished with values: [10.096592890749495, 10.096592890749495] and parameters: {'k1': 9.293516267059069e-05, 'D_low': 133.4807155996069, 'k2': 0.028670350305540694, 'D_high': 32311.521854410956, 'fire_exp': 1.6901885781909627, 'P_half': 78.13392238162733, 'pre_dampen_half': 857.6556763881457, 'gpp_af': 3.298293484806585, 'gpp_b': 0.002416023630607169, 'gpp_d': 1.4397852866783676, 'ign_k': 0.0032383308053152635, 'ign_c': 1.364908766641693, 'trop_agb_crit': 1.0189592979395135, 'trop_k_veg': 2.99731137426955, 'fire_amp': 5.667622640988655}.
[I 2026-06-10 19:36:24,029] Trial 706 finished with values: [10.633401354272234, 10.633401354272234] and parameters: {'k1': 5.7909642338812115e-05, 'D_low': 13.012518385211498, 'k2': 0.02065142557895925, 'D_high': 1817.0401889219124, 'fire_exp': 1.111738490499784, 'P_half': 157.3644610977214, 'pre_dampen_half': 189.36639872354493, 'gpp_af': 1.9998014714101113, 'gpp_b': 0.002416023630607169, 'gpp_d': 7.631016235941559, 'ign_k': 0.09256855841989636, 'ign_c': 2.2882309479728957, 'trop_agb_crit': 1.438876022196885, 'trop_k_veg': 5.453348988480011, 'fire_amp': 4.472176921013167}.
[I 2026-06-10 19:36:25,306] Trial 707 finished with values: [10.138085319214177, 10.138085319214177] and parameters: {'k1': 0.0869690639641868, 'D_low': 236.79352040223893, 'k2': 0.02065142557895925, 'D_high': 1817.0401889219124, 'fire_exp': 1.2060040899560858, 'P_half': 1.4551749476072258, 'pre_dampen_half': 189.36639872354493, 'gpp_af': 3.030008727251782, 'gpp_b': 0.002416023630607169, 'gpp_d': 1.0088237648985734, 'ign_k': 0.09256855841989636, 'ign_c': 2.2882309479728957, 'trop_agb_crit': 1.8023542850487386, 'trop_k_veg': 0.6061284103410196, 'fire_amp': 2.042193818779288}.
[I 2026-06-10 19:36:26,500] Trial 708 finished with values: [10.643768054027701, 10.643768054027701] and parameters: {'k1': 0.012840669372724958, 'D_low': 43.2326421037033, 'k2': 7.531057256501231e-05, 'D_high': 431.45617043093523, 'fire_exp': 1.264103030891254, 'P_half': 119.18981992518337, 'pre_dampen_half': 189.36639872354493, 'gpp_af': 3.030008727251782, 'gpp_b': 0.002416023630607169, 'gpp_d': 0.021780247871356784, 'ign_k': 0.03845635122720663, 'ign_c': 7.832259769732471, 'trop_agb_crit': 1.0189592979395135, 'trop_k_veg': 1.6003641872536711, 'fire_amp': 4.19233232783727}.
[I 2026-06-10 19:36:27,744] Trial 709 finished with values: [10.83333333328067, 10.83333333328067] and parameters: {'k1': 0.03820259936390116, 'D_low': 50.32059347286801, 'k2': 0.02065142557895925, 'D_high': 1817.0401889219124, 'fire_exp': 1.7505406131449859, 'P_half': 2.6691447170887805, 'pre_dampen_half': 189.36639872354493, 'gpp_af': 56.62858823465573, 'gpp_b': 0.002416023630607169, 'gpp_d': 1.0088237648985734, 'ign_k': 0.09256855841989636, 'ign_c': 159.0105835124059, 'trop_agb_crit': 1.8023542850487386, 'trop_k_veg': 5.453348988480011, 'fire_amp': 5.44779717154213}.
[I 2026-06-10 19:36:28,923] Trial 710 finished with values: [10.267011377988172, 10.267011377988172] and parameters: {'k1': 0.012840669372724958, 'D_low': 171.2446447678494, 'k2': 0.003767022142229395, 'D_high': 48235.58283024493, 'fire_exp': 1.811096651915224, 'P_half': 18.93453091519153, 'pre_dampen_half': 38.00678588560607, 'gpp_af': 0.07118041471054574, 'gpp_b': 0.0015782327810795573, 'gpp_d': 21.899070557043984, 'ign_k': 0.0029519227433917453, 'ign_c': 48.704711413416454, 'trop_agb_crit': 2.100813292597435, 'trop_k_veg': 2.298840177048904, 'fire_amp': 4.19233232783727}.
[I 2026-06-10 19:36:30,083] Trial 711 finished with values: [-0.6705353320753875, 0.5749879529849565] and parameters: {'k1': 8.60693112508996e-05, 'D_low': 236.79352040223893, 'k2': 0.005204862686958021, 'D_high': 6682.9607218310075, 'fire_exp': 1.2060040899560858, 'P_half': 114.62237838612074, 'pre_dampen_half': 189.36639872354493, 'gpp_af': 1.9998014714101113, 'gpp_b': 0.001674375583895437, 'gpp_d': 76.38081075786287, 'ign_k': 0.09256855841989636, 'ign_c': 16.497426799845446, 'trop_agb_crit': 3.3933702290907823, 'trop_k_veg': 2.99731137426955, 'fire_amp': 2.6192385880432525}.
[I 2026-06-10 19:36:31,770] Trial 712 finished with values: [10.274349293583029, 10.274349293583029] and parameters: {'k1': 5.7909642338812115e-05, 'D_low': 144.5598398487298, 'k2': 0.02065142557895925, 'D_high': 6682.9607218310075, 'fire_exp': 1.9095652801045373, 'P_half': 78.13392238162733, 'pre_dampen_half': 189.36639872354493, 'gpp_af': 27.448645214004376, 'gpp_b': 0.002416023630607169, 'gpp_d': 1.0088237648985734, 'ign_k': 1.6270983114897255, 'ign_c': 1.364908766641693, 'trop_agb_crit': 19.951866308719378, 'trop_k_veg': 2.99731137426955, 'fire_amp': 5.667622640988655}.
[I 2026-06-10 19:36:33,030] Trial 713 finished with values: [10.531183834430426, 10.531183834430426] and parameters: {'k1': 5.7909642338812115e-05, 'D_low': 236.79352040223893, 'k2': 0.005204862686958021, 'D_high': 6682.9607218310075, 'fire_exp': 1.111738490499784, 'P_half': 401.33725523815957, 'pre_dampen_half': 9.044346216330972, 'gpp_af': 3.298293484806585, 'gpp_b': 0.006999112505425414, 'gpp_d': 1.4397852866783676, 'ign_k': 1.6270983114897255, 'ign_c': 13.546626168109242, 'trop_agb_crit': 1.8023542850487386, 'trop_k_veg': 2.99731137426955, 'fire_amp': 2.6192385880432525}.
[I 2026-06-10 19:36:34,233] Trial 714 finished with values: [10.599022120416569, 10.599022120416569] and parameters: {'k1': 0.03648456083047798, 'D_low': 50.32059347286801, 'k2': 0.0001280886335404798, 'D_high': 198.3056154955596, 'fire_exp': 1.1633452995374232, 'P_half': 996.7983879709292, 'pre_dampen_half': 1.8469033699850426, 'gpp_af': 0.07118041471054574, 'gpp_b': 0.0015782327810795573, 'gpp_d': 1.4397852866783676, 'ign_k': 1.6748279468858231, 'ign_c': 7.081721844034206, 'trop_agb_crit': 3.1419938725278875, 'trop_k_veg': 2.99731137426955, 'fire_amp': 3.8500040010232275}.
[I 2026-06-10 19:36:35,521] Trial 715 finished with values: [10.599564542030254, 10.599564542030254] and parameters: {'k1': 5.7909642338812115e-05, 'D_low': 13.012518385211498, 'k2': 0.02065142557895925, 'D_high': 1817.0401889219124, 'fire_exp': 1.9095652801045373, 'P_half': 157.3644610977214, 'pre_dampen_half': 189.36639872354493, 'gpp_af': 27.448645214004376, 'gpp_b': 0.002416023630607169, 'gpp_d': 1.0088237648985734, 'ign_k': 1.6270983114897255, 'ign_c': 0.5232779509048977, 'trop_agb_crit': 8.0091368834625, 'trop_k_veg': 5.453348988480011, 'fire_amp': 5.667622640988655}.
[I 2026-06-10 19:36:36,693] Trial 716 finished with values: [11.074919052044109, 11.074919052044109] and parameters: {'k1': 0.00026539376439360527, 'D_low': 43.2326421037033, 'k2': 0.02065142557895925, 'D_high': 1266.9536563782303, 'fire_exp': 1.2060040899560858, 'P_half': 12.262543158860007, 'pre_dampen_half': 189.36639872354493, 'gpp_af': 0.046239120540552445, 'gpp_b': 0.002416023630607169, 'gpp_d': 1.0088237648985734, 'ign_k': 0.8945150807271531, 'ign_c': 7.832259769732471, 'trop_agb_crit': 3.1920112940578624, 'trop_k_veg': 5.453348988480011, 'fire_amp': 5.015960627273085}.
[I 2026-06-10 19:36:37,932] Trial 717 finished with values: [-0.38360474690877117, 0.9682145931238576] and parameters: {'k1': 0.03820259936390116, 'D_low': 476.3737484593719, 'k2': 0.02065142557895925, 'D_high': 48235.58283024493, 'fire_exp': 1.9095652801045373, 'P_half': 96.70857606743157, 'pre_dampen_half': 9.044346216330972, 'gpp_af': 21.635028947225102, 'gpp_b': 2.800940363375676e-05, 'gpp_d': 14.427333163005196, 'ign_k': 1.6270983114897255, 'ign_c': 1.488823059798356, 'trop_agb_crit': 1.0189592979395135, 'trop_k_veg': 4.796046723963646, 'fire_amp': 2.6192385880432525}.
[I 2026-06-10 19:36:39,196] Trial 718 finished with values: [-0.4438794814819914, 0.6653802865903256] and parameters: {'k1': 0.0869690639641868, 'D_low': 2.5449737887285035, 'k2': 0.02065142557895925, 'D_high': 1817.0401889219124, 'fire_exp': 1.2060040899560858, 'P_half': 1.4551749476072258, 'pre_dampen_half': 9.044346216330972, 'gpp_af': 3.298293484806585, 'gpp_b': 0.001674375583895437, 'gpp_d': 1.0088237648985734, 'ign_k': 0.09256855841989636, 'ign_c': 7.832259769732471, 'trop_agb_crit': 8.0091368834625, 'trop_k_veg': 5.453348988480011, 'fire_amp': 5.44779717154213}.
[I 2026-06-10 19:36:40,442] Trial 719 finished with values: [10.78506526534278, 10.78506526534278] and parameters: {'k1': 0.03648456083047798, 'D_low': 1.605843632310088, 'k2': 2.316457903103837e-05, 'D_high': 24.9899605789089, 'fire_exp': 1.1490848108902036, 'P_half': 9474.524974021555, 'pre_dampen_half': 189.88136301569827, 'gpp_af': 14.161176080022173, 'gpp_b': 0.0012749409641020352, 'gpp_d': 1.4397852866783676, 'ign_k': 0.00660597889201953, 'ign_c': 0.9736725715035878, 'trop_agb_crit': 3.058280993112277, 'trop_k_veg': 2.99731137426955, 'fire_amp': 5.831305332032283}.
[I 2026-06-10 19:36:41,622] Trial 720 finished with values: [-0.4332235400320786, 0.9433123362593376] and parameters: {'k1': 0.004439732043401208, 'D_low': 1.605843632310088, 'k2': 0.005204862686958021, 'D_high': 48235.58283024493, 'fire_exp': 1.9095652801045373, 'P_half': 114.62237838612074, 'pre_dampen_half': 9.044346216330972, 'gpp_af': 21.635028947225102, 'gpp_b': 0.001674375583895437, 'gpp_d': 14.427333163005196, 'ign_k': 0.8861249804463233, 'ign_c': 1.488823059798356, 'trop_agb_crit': 6.666743425826005, 'trop_k_veg': 3.7910619738560545, 'fire_amp': 2.6192385880432525}.
[I 2026-06-10 19:36:42,786] Trial 721 finished with values: [10.811642775272556, 10.811642775272556] and parameters: {'k1': 0.0006042560675552671, 'D_low': 171.2446447678494, 'k2': 0.003767022142229395, 'D_high': 48235.58283024493, 'fire_exp': 2.918808567018439, 'P_half': 996.7983879709292, 'pre_dampen_half': 189.36639872354493, 'gpp_af': 1.2515601598062582, 'gpp_b': 0.002416023630607169, 'gpp_d': 21.899070557043984, 'ign_k': 0.0017400806211046388, 'ign_c': 48.704711413416454, 'trop_agb_crit': 1.438876022196885, 'trop_k_veg': 5.453348988480011, 'fire_amp': 5.44779717154213}.
[I 2026-06-10 19:36:43,952] Trial 722 finished with values: [10.30683321394762, 10.30683321394762] and parameters: {'k1': 0.0007916322947490366, 'D_low': 236.79352040223893, 'k2': 0.02065142557895925, 'D_high': 1817.0401889219124, 'fire_exp': 1.2060040899560858, 'P_half': 12.262543158860007, 'pre_dampen_half': 189.36639872354493, 'gpp_af': 3.030008727251782, 'gpp_b': 0.001674375583895437, 'gpp_d': 1.0088237648985734, 'ign_k': 0.09256855841989636, 'ign_c': 16.497426799845446, 'trop_agb_crit': 8.0091368834625, 'trop_k_veg': 5.453348988480011, 'fire_amp': 2.6192385880432525}.
[I 2026-06-10 19:36:45,176] Trial 723 finished with values: [12.88589240320782, 12.88589240320782] and parameters: {'k1': 0.0007916322947490366, 'D_low': 236.79352040223893, 'k2': 0.028670350305540694, 'D_high': 6682.9607218310075, 'fire_exp': 1.111738490499784, 'P_half': 157.3644610977214, 'pre_dampen_half': 189.36639872354493, 'gpp_af': 3.298293484806585, 'gpp_b': 0.001674375583895437, 'gpp_d': 76.38081075786287, 'ign_k': 1.6270983114897255, 'ign_c': 17.74954658911451, 'trop_agb_crit': 1.0189592979395135, 'trop_k_veg': 7.11321188263873, 'fire_amp': 5.667622640988655}.
[I 2026-06-10 19:36:46,499] Trial 724 finished with values: [10.265148797145756, 10.265148797145756] and parameters: {'k1': 5.025876001070713e-05, 'D_low': 236.79352040223893, 'k2': 0.0004976087827261435, 'D_high': 42210.21267871043, 'fire_exp': 1.4572158037266703, 'P_half': 114.62237838612074, 'pre_dampen_half': 857.6556763881457, 'gpp_af': 0.09885838682552685, 'gpp_b': 1.1008110571039521e-05, 'gpp_d': 1.4397852866783676, 'ign_k': 0.09256855841989636, 'ign_c': 16.497426799845446, 'trop_agb_crit': 12.647327018493208, 'trop_k_veg': 5.453348988480011, 'fire_amp': 2.6192385880432525}.
[I 2026-06-10 19:36:47,738] Trial 725 finished with values: [10.271784812774428, 10.271784812774428] and parameters: {'k1': 0.005754658592592073, 'D_low': 171.2446447678494, 'k2': 0.003767022142229395, 'D_high': 48235.58283024493, 'fire_exp': 1.111738490499784, 'P_half': 774.5825831079144, 'pre_dampen_half': 189.36639872354493, 'gpp_af': 3.030008727251782, 'gpp_b': 0.002416023630607169, 'gpp_d': 1.0088237648985734, 'ign_k': 0.09256855841989636, 'ign_c': 2.2882309479728957, 'trop_agb_crit': 21.086120736447015, 'trop_k_veg': 5.453348988480011, 'fire_amp': 4.19233232783727}.
[I 2026-06-10 19:36:48,936] Trial 726 finished with values: [-0.4466512009155378, 0.9565594538850506] and parameters: {'k1': 0.012840669372724958, 'D_low': 171.2446447678494, 'k2': 0.003767022142229395, 'D_high': 48235.58283024493, 'fire_exp': 1.7505406131449859, 'P_half': 18.93453091519153, 'pre_dampen_half': 38.00678588560607, 'gpp_af': 1.8730788990929563, 'gpp_b': 0.0004360709560327289, 'gpp_d': 21.899070557043984, 'ign_k': 0.00636406716773548, 'ign_c': 48.704711413416454, 'trop_agb_crit': 21.086120736447015, 'trop_k_veg': 2.520089655463604, 'fire_amp': 4.19233232783727}.
[I 2026-06-10 19:36:50,101] Trial 727 finished with values: [-0.6558659277279298, 0.4510341312203844] and parameters: {'k1': 5.7909642338812115e-05, 'D_low': 13.012518385211498, 'k2': 0.02065142557895925, 'D_high': 1817.0401889219124, 'fire_exp': 1.111738490499784, 'P_half': 139.09474988024093, 'pre_dampen_half': 189.36639872354493, 'gpp_af': 1.9998014714101113, 'gpp_b': 0.002416023630607169, 'gpp_d': 1.0088237648985734, 'ign_k': 0.09256855841989636, 'ign_c': 0.24361599465623282, 'trop_agb_crit': 8.0091368834625, 'trop_k_veg': 5.453348988480011, 'fire_amp': 4.472176921013167}.
[I 2026-06-10 19:36:51,313] Trial 728 finished with values: [10.466253628762574, 10.466253628762574] and parameters: {'k1': 5.7909642338812115e-05, 'D_low': 13.012518385211498, 'k2': 0.005204862686958021, 'D_high': 1817.0401889219124, 'fire_exp': 1.111738490499784, 'P_half': 157.3644610977214, 'pre_dampen_half': 1.785889900578207, 'gpp_af': 1.9998014714101113, 'gpp_b': 0.002416023630607169, 'gpp_d': 60.369370109848475, 'ign_k': 0.09256855841989636, 'ign_c': 2.2882309479728957, 'trop_agb_crit': 8.0091368834625, 'trop_k_veg': 5.453348988480011, 'fire_amp': 2.6192385880432525}.
[I 2026-06-10 19:36:52,910] Trial 729 finished with values: [10.352169230061108, 10.352169230061108] and parameters: {'k1': 0.03820259936390116, 'D_low': 669.7348618512094, 'k2': 0.02065142557895925, 'D_high': 1817.0401889219124, 'fire_exp': 1.2060040899560858, 'P_half': 18.93453091519153, 'pre_dampen_half': 9.044346216330972, 'gpp_af': 0.8594202650742228, 'gpp_b': 0.002416023630607169, 'gpp_d': 14.427333163005196, 'ign_k': 0.09256855841989636, 'ign_c': 2.2882309479728957, 'trop_agb_crit': 8.0091368834625, 'trop_k_veg': 1.31065329020191, 'fire_amp': 4.472176921013167}.
[I 2026-06-10 19:36:54,288] Trial 730 finished with values: [10.544048310879884, 10.544048310879884] and parameters: {'k1': 5.7909642338812115e-05, 'D_low': 171.2446447678494, 'k2': 0.02065142557895925, 'D_high': 4567.167062335235, 'fire_exp': 1.7505406131449859, 'P_half': 157.3644610977214, 'pre_dampen_half': 38.00678588560607, 'gpp_af': 1.8730788990929563, 'gpp_b': 0.0004360709560327289, 'gpp_d': 21.899070557043984, 'ign_k': 0.0029519227433917453, 'ign_c': 7.832259769732471, 'trop_agb_crit': 1.8023542850487386, 'trop_k_veg': 2.520089655463604, 'fire_amp': 4.472176921013167}.
[I 2026-06-10 19:36:55,509] Trial 731 finished with values: [10.132905913981759, 10.132905913981759] and parameters: {'k1': 0.00026539376439360527, 'D_low': 50.32059347286801, 'k2': 0.02065142557895925, 'D_high': 1266.9536563782303, 'fire_exp': 1.111738490499784, 'P_half': 2.6691447170887805, 'pre_dampen_half': 189.36639872354493, 'gpp_af': 9.489641456368314, 'gpp_b': 0.002416023630607169, 'gpp_d': 7.631016235941559, 'ign_k': 0.09256855841989636, 'ign_c': 2.2882309479728957, 'trop_agb_crit': 1.8023542850487386, 'trop_k_veg': 5.453348988480011, 'fire_amp': 2.042193818779288}.
[I 2026-06-10 19:36:56,750] Trial 732 finished with values: [10.658214118493461, 10.658214118493461] and parameters: {'k1': 5.7909642338812115e-05, 'D_low': 16.480446427978972, 'k2': 0.0001280886335404798, 'D_high': 6682.9607218310075, 'fire_exp': 1.811096651915224, 'P_half': 5.4712187293420325, 'pre_dampen_half': 9.044346216330972, 'gpp_af': 43.24033972449845, 'gpp_b': 0.0015782327810795573, 'gpp_d': 1.4397852866783676, 'ign_k': 1.6270983114897255, 'ign_c': 7.081721844034206, 'trop_agb_crit': 2.100813292597435, 'trop_k_veg': 2.99731137426955, 'fire_amp': 3.8500040010232275}.
[I 2026-06-10 19:36:57,954] Trial 733 finished with values: [10.146110461817578, 10.146110461817578] and parameters: {'k1': 5.7909642338812115e-05, 'D_low': 1.4002277211577039, 'k2': 2.316457903103837e-05, 'D_high': 86.80971440148622, 'fire_exp': 1.111738490499784, 'P_half': 157.3644610977214, 'pre_dampen_half': 189.36639872354493, 'gpp_af': 3.298293484806585, 'gpp_b': 0.002416023630607169, 'gpp_d': 1.0088237648985734, 'ign_k': 0.09256855841989636, 'ign_c': 7.832259769732471, 'trop_agb_crit': 1.8023542850487386, 'trop_k_veg': 1.5128444555847316, 'fire_amp': 4.19233232783727}.
[I 2026-06-10 19:36:59,130] Trial 734 finished with values: [10.579755630008936, 10.579755630008936] and parameters: {'k1': 5.7909642338812115e-05, 'D_low': 2186.356344942016, 'k2': 0.0007731571570012607, 'D_high': 1817.0401889219124, 'fire_exp': 1.2060040899560858, 'P_half': 774.5825831079144, 'pre_dampen_half': 189.36639872354493, 'gpp_af': 56.62858823465573, 'gpp_b': 0.001674375583895437, 'gpp_d': 7.631016235941559, 'ign_k': 0.8945150807271531, 'ign_c': 2.2882309479728957, 'trop_agb_crit': 1.438876022196885, 'trop_k_veg': 5.453348988480011, 'fire_amp': 4.19233232783727}.
[I 2026-06-10 19:37:00,384] Trial 735 finished with values: [10.732249434288276, 10.732249434288276] and parameters: {'k1': 0.0007916322947490366, 'D_low': 236.79352040223893, 'k2': 0.005204862686958021, 'D_high': 1817.0401889219124, 'fire_exp': 1.111738490499784, 'P_half': 1.4551749476072258, 'pre_dampen_half': 0.057820263517959394, 'gpp_af': 3.298293484806585, 'gpp_b': 0.006999112505425414, 'gpp_d': 1.0088237648985734, 'ign_k': 0.09256855841989636, 'ign_c': 16.497426799845446, 'trop_agb_crit': 1.8023542850487386, 'trop_k_veg': 7.835003985864704, 'fire_amp': 2.6192385880432525}.
[I 2026-06-10 19:37:01,702] Trial 736 finished with values: [-0.43742431641212076, 0.8488330634426543] and parameters: {'k1': 0.03820259936390116, 'D_low': 669.7348618512094, 'k2': 0.005204862686958021, 'D_high': 6682.9607218310075, 'fire_exp': 1.2060040899560858, 'P_half': 18.93453091519153, 'pre_dampen_half': 9.044346216330972, 'gpp_af': 3.298293484806585, 'gpp_b': 0.0008861657881839811, 'gpp_d': 14.427333163005196, 'ign_k': 0.00660597889201953, 'ign_c': 7.832259769732471, 'trop_agb_crit': 21.086120736447015, 'trop_k_veg': 2.99731137426955, 'fire_amp': 5.615047466686494}.
[I 2026-06-10 19:37:02,949] Trial 737 finished with values: [10.791047481612958, 10.791047481612958] and parameters: {'k1': 0.03820259936390116, 'D_low': 669.7348618512094, 'k2': 0.02065142557895925, 'D_high': 1266.9536563782303, 'fire_exp': 8.452807290590647, 'P_half': 2.6691447170887805, 'pre_dampen_half': 9.044346216330972, 'gpp_af': 3.030008727251782, 'gpp_b': 2.800940363375676e-05, 'gpp_d': 7.631016235941559, 'ign_k': 0.09256855841989636, 'ign_c': 0.773448215664679, 'trop_agb_crit': 6.351751286408562, 'trop_k_veg': 4.796046723963646, 'fire_amp': 2.042193818779288}.
[I 2026-06-10 19:37:04,166] Trial 738 finished with values: [10.338816230312334, 10.338816230312334] and parameters: {'k1': 0.03820259936390116, 'D_low': 16.480446427978972, 'k2': 4.69955602109909e-05, 'D_high': 1444.8691591610498, 'fire_exp': 1.9095652801045373, 'P_half': 5.4712187293420325, 'pre_dampen_half': 9.044346216330972, 'gpp_af': 21.635028947225102, 'gpp_b': 0.0015782327810795573, 'gpp_d': 14.427333163005196, 'ign_k': 0.8861249804463233, 'ign_c': 1.488823059798356, 'trop_agb_crit': 1.0189592979395135, 'trop_k_veg': 0.7808079158649266, 'fire_amp': 3.8500040010232275}.
[I 2026-06-10 19:37:05,355] Trial 739 finished with values: [10.410922824456682, 10.410922824456682] and parameters: {'k1': 0.0869690639641868, 'D_low': 9.882278532808778, 'k2': 0.004679501568332817, 'D_high': 23341.737328466752, 'fire_exp': 1.2060040899560858, 'P_half': 78.13392238162733, 'pre_dampen_half': 9.044346216330972, 'gpp_af': 3.298293484806585, 'gpp_b': 0.002416023630607169, 'gpp_d': 7.631016235941559, 'ign_k': 0.29415751391396583, 'ign_c': 1.364908766641693, 'trop_agb_crit': 1.0189592979395135, 'trop_k_veg': 5.453348988480011, 'fire_amp': 2.5432210024239192}.
