[I 2026-07-24 02:21:59,254] Trial 883 finished with value: 0.6165308005352186 and parameters: {'k1': 0.011733989896691886, 'D_low': 34876.02360744508, 'k2': 5.310102857954741e-05, 'D_high': 19639.18859625332, 'fire_exp': 1.994736688015863, 'P_half': 1.023484834601796, 'pre_dampen_half': 0.39247857358730065, 'gpp_af': 4.374158831256949, 'gpp_b': 7.944669226525753e-05, 'gpp_d': 947.9649037015413, 'ign_k': 0.28641563607456316, 'ign_c': 7.039538648796299, 'trop_agb_crit': 1.0332149756276494, 'trop_k_veg': 0.9977752513741354, 'fuel_k': 5.85250452627869, 'fuel_half': 0.25896577811065125}. Best is trial 0 with value: -0.6070628323553574.
[I 2026-07-24 02:21:59,674] Trial 884 finished with value: 0.5923846264153585 and parameters: {'k1': 0.025519426972176334, 'D_low': 7164.404972551823, 'k2': 0.015464034754529135, 'D_high': 2700023.444188668, 'fire_exp': 1.9085555457586605, 'P_half': 3.8065263018813584, 'pre_dampen_half': 1.4880584134966541, 'gpp_af': 1.211864272678508, 'gpp_b': 0.00045590265425884475, 'gpp_d': 97.67473571753796, 'ign_k': 0.08239437076397942, 'ign_c': 62.82566468575591, 'trop_agb_crit': 10.805438937931271, 'trop_k_veg': 0.6013725396157842, 'fuel_k': 0.33875046518119356, 'fuel_half': 0.445056116755923}. Best is trial 0 with value: -0.6070628323553574.
[I 2026-07-24 02:22:00,088] Trial 885 finished with value: 0.5863868606970045 and parameters: {'k1': 0.050055535248798244, 'D_low': 3293.0566419179877, 'k2': 0.0002746622357928448, 'D_high': 99727.69525464736, 'fire_exp': 2.6361307310525603, 'P_half': 1329.063148892193, 'pre_dampen_half': 0.09765744785506104, 'gpp_af': 0.023602700771073085, 'gpp_b': 0.0009251652074486949, 'gpp_d': 183.92946233670327, 'ign_k': 0.24613214181324397, 'ign_c': 4.935733683882324, 'trop_agb_crit': 16.74208442162143, 'trop_k_veg': 5.39231073788161, 'fuel_k': 0.051103475289368185, 'fuel_half': 0.3477601274973017}. Best is trial 0 with value: -0.6070628323553574.
[I 2026-07-24 02:22:00,502] Trial 886 finished with value: 0.5884057957345943 and parameters: {'k1': 0.0022890867534877965, 'D_low': 7455.33856020879, 'k2': 0.00042435181040252726, 'D_high': 1058588.890593169, 'fire_exp': 3.8792814256560577, 'P_half': 425.0118988179781, 'pre_dampen_half': 3.327767452858469, 'gpp_af': 0.0073682088592750515, 'gpp_b': 0.0017082117966762428, 'gpp_d': 30.19871970325929, 'ign_k': 5.585335638229637, 'ign_c': 18.896509701905135, 'trop_agb_crit': 23.437355430518146, 'trop_k_veg': 4.6902327186029575, 'fuel_k': 0.31806994493583873, 'fuel_half': 0.5114158443752107}. Best is trial 0 with value: -0.6070628323553574.
[I 2026-07-24 02:22:00,914] Trial 887 finished with value: 0.4623901910119992 and parameters: {'k1': 0.005184400117299397, 'D_low': 501.8117244194253, 'k2': 1.165898748457189e-05, 'D_high': 328802.16990586603, 'fire_exp': 1.1400132069888942, 'P_half': 8.340791857823412, 'pre_dampen_half': 0.1890434500278111, 'gpp_af': 29.699389435231087, 'gpp_b': 7.503075843559044, 'gpp_d': 660.084022479964, 'ign_k': 0.0015873528604305773, 'ign_c': 0.29619826272632743, 'trop_agb_crit': 1.247012561348324, 'trop_k_veg': 6.0818753567628905, 'fuel_k': 3.209533655040385, 'fuel_half': 0.10318262668813863}. Best is trial 0 with value: -0.6070628323553574.
[I 2026-07-24 02:22:01,335] Trial 888 finished with value: -0.5706220810810639 and parameters: {'k1': 0.0011390756096872608, 'D_low': 234.85703828799618, 'k2': 7.464921905408654e-05, 'D_high': 1108407.9597599586, 'fire_exp': 1.19274478877124, 'P_half': 41.7640693273447, 'pre_dampen_half': 0.7407063058058839, 'gpp_af': 0.013888869035849679, 'gpp_b': 0.0009197270646051687, 'gpp_d': 23.364916476371558, 'ign_k': 1.2725549830400915, 'ign_c': 0.122815542368436, 'trop_agb_crit': 6.652308345505444, 'trop_k_veg': 4.99129853310257, 'fuel_k': 0.6424518418249308, 'fuel_half': 4.968850222440403}. Best is trial 0 with value: -0.6070628323553574.
[I 2026-07-24 02:22:01,752] Trial 889 finished with value: 0.46220020718841215 and parameters: {'k1': 0.0011377014282876376, 'D_low': 67.81817012679964, 'k2': 6.595147493716358e-05, 'D_high': 191607.7997734666, 'fire_exp': 1.121500806987098, 'P_half': 177.84209642255303, 'pre_dampen_half': 7.119217560662603, 'gpp_af': 0.5934284569733512, 'gpp_b': 0.0006770263903551454, 'gpp_d': 168.83842438497908, 'ign_k': 0.0763616007782533, 'ign_c': 0.7714585374428661, 'trop_agb_crit': 12.119837095617308, 'trop_k_veg': 2.6200244175711616, 'fuel_k': 1.2974970147526448, 'fuel_half': 0.11081726550813652}. Best is trial 0 with value: -0.6070628323553574.
[I 2026-07-24 02:22:02,169] Trial 890 finished with value: 0.5886972896970706 and parameters: {'k1': 0.00743455091882302, 'D_low': 69279.80819287497, 'k2': 0.003629259325094403, 'D_high': 751796.982737636, 'fire_exp': 2.460796899874354, 'P_half': 1.7749913344811084, 'pre_dampen_half': 0.1279690704385224, 'gpp_af': 1.2440418391605488, 'gpp_b': 0.0003196833009707099, 'gpp_d': 33.52668731815032, 'ign_k': 0.41989658921781187, 'ign_c': 0.27300851519439234, 'trop_agb_crit': 17.819167517449266, 'trop_k_veg': 3.0759133959827616, 'fuel_k': 0.10961972305685466, 'fuel_half': 0.1341397929144786}. Best is trial 0 with value: -0.6070628323553574.
[I 2026-07-24 02:22:02,587] Trial 891 finished with value: 0.5750700976338295 and parameters: {'k1': 0.08567598457840667, 'D_low': 1506.6857929547598, 'k2': 0.0022804283745792766, 'D_high': 1010850.3027132077, 'fire_exp': 1.0366527579814513, 'P_half': 3.326981881240421, 'pre_dampen_half': 27.85390106289743, 'gpp_af': 46.4141372524917, 'gpp_b': 0.0007399338273086409, 'gpp_d': 348.54408966456145, 'ign_k': 4.132006185318616, 'ign_c': 0.16599024877670923, 'trop_agb_crit': 25.681979049677025, 'trop_k_veg': 0.6466049270521391, 'fuel_k': 1.103359535211223, 'fuel_half': 0.12748163048476918}. Best is trial 0 with value: -0.6070628323553574.
[I 2026-07-24 02:22:03,003] Trial 892 finished with value: -0.5524697795340874 and parameters: {'k1': 0.00849782372825052, 'D_low': 4838.02849586172, 'k2': 0.00020218585229452333, 'D_high': 36683.751780556784, 'fire_exp': 1.6465579631382172, 'P_half': 17.307998213595, 'pre_dampen_half': 1.0562151007987142, 'gpp_af': 0.016610315857686204, 'gpp_b': 0.00018525153420695297, 'gpp_d': 177.41061113347888, 'ign_k': 3.4993855016195448, 'ign_c': 0.47546029754875874, 'trop_agb_crit': 26.050669527560263, 'trop_k_veg': 3.1780328091562193, 'fuel_k': 1.997448392563458, 'fuel_half': 0.18069763982772374}. Best is trial 0 with value: -0.6070628323553574.
[I 2026-07-24 02:22:03,416] Trial 893 finished with value: 0.4939395249320482 and parameters: {'k1': 0.028664116388763178, 'D_low': 24094.12470077798, 'k2': 0.013793019843962884, 'D_high': 7417674.284798284, 'fire_exp': 1.0445108119652822, 'P_half': 4.822519005892269, 'pre_dampen_half': 1.0044168212838944, 'gpp_af': 17.372395504380155, 'gpp_b': 0.24059473974695053, 'gpp_d': 77.37784016679902, 'ign_k': 0.8287396594764882, 'ign_c': 0.2553385009036286, 'trop_agb_crit': 11.129153010135761, 'trop_k_veg': 1.4393457982136082, 'fuel_k': 0.15233667986490176, 'fuel_half': 0.23504790297535333}. Best is trial 0 with value: -0.6070628323553574.
[I 2026-07-24 02:22:03,857] Trial 894 finished with value: 0.4430525376318254 and parameters: {'k1': 0.0003090013513666582, 'D_low': 532.8977810831535, 'k2': 5.052584706189007e-05, 'D_high': 1073657.5480091574, 'fire_exp': 1.1555279913637904, 'P_half': 7.541890042949886, 'pre_dampen_half': 7.2296281509357865, 'gpp_af': 0.0011806205443900964, 'gpp_b': 0.0005902318769926519, 'gpp_d': 47.523792418609254, 'ign_k': 8.76779514030168, 'ign_c': 0.1458530653538291, 'trop_agb_crit': 12.14591341996235, 'trop_k_veg': 3.0250371975055623, 'fuel_k': 0.019605765121705816, 'fuel_half': 0.7886231218190367}. Best is trial 0 with value: -0.6070628323553574.
[I 2026-07-24 02:22:04,274] Trial 895 finished with value: -0.5813400088100138 and parameters: {'k1': 0.0020467334719315783, 'D_low': 2857.3863865491967, 'k2': 7.434150818815323e-05, 'D_high': 2072312.821137381, 'fire_exp': 2.2660568925575455, 'P_half': 27.65584353043037, 'pre_dampen_half': 5.851156506819386, 'gpp_af': 0.036514977870225174, 'gpp_b': 0.00816527722482495, 'gpp_d': 254.25819296937524, 'ign_k': 0.20097760075740875, 'ign_c': 0.16938589340648516, 'trop_agb_crit': 18.99972060699423, 'trop_k_veg': 2.9211983156227332, 'fuel_k': 1.8403950619010043, 'fuel_half': 0.811822242206854}. Best is trial 0 with value: -0.6070628323553574.
[I 2026-07-24 02:22:04,698] Trial 896 finished with value: -0.5930163648853242 and parameters: {'k1': 0.0003815495964698152, 'D_low': 2664.3281517825963, 'k2': 0.00014221407232128586, 'D_high': 361471.2224169659, 'fire_exp': 1.302398875643501, 'P_half': 8.251373491643562, 'pre_dampen_half': 1.0161962893065475, 'gpp_af': 0.03078491714300073, 'gpp_b': 0.002383310575878813, 'gpp_d': 487.4528943271762, 'ign_k': 0.10747647552824227, 'ign_c': 0.27840339090407673, 'trop_agb_crit': 9.66976261076926, 'trop_k_veg': 2.18235349689677, 'fuel_k': 4.882517586562434, 'fuel_half': 5.175257072969407}. Best is trial 0 with value: -0.6070628323553574.
[I 2026-07-24 02:22:05,113] Trial 897 finished with value: 0.5657115029902132 and parameters: {'k1': 0.00015843249830826145, 'D_low': 24492.45501888876, 'k2': 5.253873660440793e-05, 'D_high': 1717925.2500938394, 'fire_exp': 2.55268968830878, 'P_half': 68.76260651834059, 'pre_dampen_half': 1.283062515446929, 'gpp_af': 0.011591649540207066, 'gpp_b': 0.0002075869735429127, 'gpp_d': 218.42350863996745, 'ign_k': 0.059300784066083564, 'ign_c': 0.6229385149741713, 'trop_agb_crit': 10.603415998965716, 'trop_k_veg': 1.817385860061168, 'fuel_k': 3.589383347038919, 'fuel_half': 5.778610746887952}. Best is trial 0 with value: -0.6070628323553574.
[I 2026-07-24 02:22:05,527] Trial 898 finished with value: 0.5632776308820545 and parameters: {'k1': 0.0010729787314572674, 'D_low': 12009.580263256259, 'k2': 0.00015479989475842963, 'D_high': 5115354.633096739, 'fire_exp': 3.346473928794406, 'P_half': 10.173327244192402, 'pre_dampen_half': 2.6060112524401076, 'gpp_af': 0.26892738634759455, 'gpp_b': 0.018436345466360547, 'gpp_d': 15.837798234428861, 'ign_k': 0.06413248170428788, 'ign_c': 0.2517893892904972, 'trop_agb_crit': 26.574191128384694, 'trop_k_veg': 1.5725762443523044, 'fuel_k': 0.5800212567012406, 'fuel_half': 0.7828000595903345}. Best is trial 0 with value: -0.6070628323553574.
[I 2026-07-24 02:22:05,946] Trial 899 finished with value: 0.5778095635979607 and parameters: {'k1': 0.0012682293879609262, 'D_low': 597.0128221700943, 'k2': 0.00028396907048817077, 'D_high': 3823262.686554523, 'fire_exp': 2.527759093402258, 'P_half': 1.2155093780442323, 'pre_dampen_half': 0.03726792641512353, 'gpp_af': 6.748458278442178, 'gpp_b': 0.005628177379910282, 'gpp_d': 907.0430334136511, 'ign_k': 0.0011544139206209447, 'ign_c': 0.33306050969536943, 'trop_agb_crit': 5.125172577432625, 'trop_k_veg': 2.522640373807296, 'fuel_k': 0.35235554772600836, 'fuel_half': 1.1121435003009443}. Best is trial 0 with value: -0.6070628323553574.
[I 2026-07-24 02:22:06,385] Trial 900 finished with value: 0.46510450749441945 and parameters: {'k1': 0.031774233848103066, 'D_low': 34.38401023874265, 'k2': 0.04930557041080352, 'D_high': 7449671.3753874665, 'fire_exp': 2.242226575217452, 'P_half': 35.95224894168156, 'pre_dampen_half': 2.350399683784476, 'gpp_af': 0.35366396578234327, 'gpp_b': 0.019374089053289266, 'gpp_d': 17.073054774243868, 'ign_k': 0.3232786444894685, 'ign_c': 0.2238284321785868, 'trop_agb_crit': 2.0646623852584556, 'trop_k_veg': 0.5271591851702487, 'fuel_k': 0.4932472336343956, 'fuel_half': 0.2781071208630145}. Best is trial 0 with value: -0.6070628323553574.
[I 2026-07-24 02:22:06,805] Trial 901 finished with value: 0.4487419224958117 and parameters: {'k1': 5.418474179133475e-05, 'D_low': 1008.6080787508841, 'k2': 0.00017347938318923637, 'D_high': 690366.6675032729, 'fire_exp': 1.3073655711056331, 'P_half': 33.14384466978327, 'pre_dampen_half': 9.139556690877356, 'gpp_af': 0.0016745033823011982, 'gpp_b': 0.002014752721618848, 'gpp_d': 80.2165151234733, 'ign_k': 1.6225118730977557, 'ign_c': 2.0324219160588552, 'trop_agb_crit': 16.906374178350898, 'trop_k_veg': 1.72429064835366, 'fuel_k': 4.998364750003771, 'fuel_half': 3.0662409712896292}. Best is trial 0 with value: -0.6070628323553574.
[I 2026-07-24 02:22:07,223] Trial 902 finished with value: 0.5167979798423723 and parameters: {'k1': 0.016252360545459695, 'D_low': 45294.28609489395, 'k2': 0.005723944521293767, 'D_high': 4459683.748477616, 'fire_exp': 1.6291456648725195, 'P_half': 1.394082758985384, 'pre_dampen_half': 106.33461198788757, 'gpp_af': 15.986090395333227, 'gpp_b': 0.0005007444443134359, 'gpp_d': 695.7742241849281, 'ign_k': 0.6268082308120465, 'ign_c': 0.1388217799472821, 'trop_agb_crit': 17.989612684132588, 'trop_k_veg': 2.155179148933782, 'fuel_k': 0.07529452055249693, 'fuel_half': 0.19114035434013424}. Best is trial 0 with value: -0.6070628323553574.
[I 2026-07-24 02:22:07,638] Trial 903 finished with value: 0.6437816153805808 and parameters: {'k1': 0.0006993887510109199, 'D_low': 1.1809136424015902, 'k2': 9.655161603019852e-05, 'D_high': 26088.434356236543, 'fire_exp': 7.579109517482242, 'P_half': 272.5314790119126, 'pre_dampen_half': 254.751027858061, 'gpp_af': 0.11468116882110119, 'gpp_b': 0.00037353919555153573, 'gpp_d': 8.29968252765426, 'ign_k': 2.7037261424604675, 'ign_c': 28.72729772986713, 'trop_agb_crit': 6.819431546873747, 'trop_k_veg': 1.842077386329772, 'fuel_k': 2.9245363582004047, 'fuel_half': 1.1776449031933807}. Best is trial 0 with value: -0.6070628323553574.
[I 2026-07-24 02:22:08,055] Trial 904 finished with value: 0.5499741022718713 and parameters: {'k1': 0.03460888846836257, 'D_low': 2574.716596497854, 'k2': 0.0021941160895170876, 'D_high': 3310774.058893899, 'fire_exp': 1.9517277295180693, 'P_half': 4.116307794616328, 'pre_dampen_half': 42.16868309020874, 'gpp_af': 0.20906893665405157, 'gpp_b': 2.958639507139594e-05, 'gpp_d': 338.63851199283107, 'ign_k': 1.6295594516073886, 'ign_c': 0.4110917498931245, 'trop_agb_crit': 29.85497013147382, 'trop_k_veg': 1.700678368708904, 'fuel_k': 1.1131030582164256, 'fuel_half': 0.3524720228823002}. Best is trial 0 with value: -0.6070628323553574.
[I 2026-07-24 02:22:08,467] Trial 905 finished with value: 0.5881973748911796 and parameters: {'k1': 0.0008059320937645538, 'D_low': 928.3638011554808, 'k2': 0.00026187321529390676, 'D_high': 43651.23769471341, 'fire_exp': 2.0904421163821607, 'P_half': 114.94406439572276, 'pre_dampen_half': 0.117855881389547, 'gpp_af': 0.026493554721549368, 'gpp_b': 0.015644944022886426, 'gpp_d': 38.83724571629988, 'ign_k': 0.019912421499134636, 'ign_c': 0.10239196041971635, 'trop_agb_crit': 19.501329909819738, 'trop_k_veg': 2.8536933157838367, 'fuel_k': 0.8467470993758591, 'fuel_half': 4.26626317981721}. Best is trial 0 with value: -0.6070628323553574.
[I 2026-07-24 02:22:08,886] Trial 906 finished with value: 0.47157318344258314 and parameters: {'k1': 8.514099834063702e-05, 'D_low': 68074.40820496625, 'k2': 0.0006032379182945198, 'D_high': 5344907.875540683, 'fire_exp': 1.0532382021761686, 'P_half': 47.19316325007955, 'pre_dampen_half': 9.289147413923759, 'gpp_af': 0.04969888785080266, 'gpp_b': 0.00018489076164016158, 'gpp_d': 900.7228137061587, 'ign_k': 0.11359427644127036, 'ign_c': 0.3467218638301327, 'trop_agb_crit': 6.7221604205040215, 'trop_k_veg': 3.0953819902059334, 'fuel_k': 2.982116013122446, 'fuel_half': 2.3312216510047796}. Best is trial 0 with value: -0.6070628323553574.
[I 2026-07-24 02:22:09,307] Trial 907 finished with value: 0.48457959727936495 and parameters: {'k1': 0.00273522390552501, 'D_low': 7286.802351883854, 'k2': 0.01317978817954843, 'D_high': 334483.0016661079, 'fire_exp': 2.0531202598012332, 'P_half': 1.808752575286852, 'pre_dampen_half': 0.07854715961179665, 'gpp_af': 1.6817756543803761, 'gpp_b': 8.430180066561855e-05, 'gpp_d': 607.7455348899823, 'ign_k': 0.0982945937125554, 'ign_c': 0.11384035696214122, 'trop_agb_crit': 22.43006486583758, 'trop_k_veg': 1.6659253510269831, 'fuel_k': 1.6093121478044612, 'fuel_half': 0.26465752492053923}. Best is trial 0 with value: -0.6070628323553574.
[I 2026-07-24 02:22:09,724] Trial 908 finished with value: -0.584163913410374 and parameters: {'k1': 0.0008970895989135144, 'D_low': 202.70697542827503, 'k2': 0.0003567572312175234, 'D_high': 368403.3582569867, 'fire_exp': 1.2058670978942847, 'P_half': 7.228826457938937, 'pre_dampen_half': 1.1503875569430113, 'gpp_af': 0.04367546069284294, 'gpp_b': 0.0037765116913827026, 'gpp_d': 597.228342953578, 'ign_k': 0.7189743893616249, 'ign_c': 0.4523679621306031, 'trop_agb_crit': 10.098383854483984, 'trop_k_veg': 1.865673210442473, 'fuel_k': 2.7740279321037753, 'fuel_half': 14.739352703414786}. Best is trial 0 with value: -0.6070628323553574.
[I 2026-07-24 02:22:10,134] Trial 909 finished with value: 0.5129722930845132 and parameters: {'k1': 0.014420142427667969, 'D_low': 2959.1685898464148, 'k2': 0.0007124420972765693, 'D_high': 8231805.985494031, 'fire_exp': 1.4446628389329403, 'P_half': 4.615210706327863, 'pre_dampen_half': 0.8998751695345253, 'gpp_af': 0.014275374589340788, 'gpp_b': 0.0009727272639331172, 'gpp_d': 89.80312574118469, 'ign_k': 0.035255628017408634, 'ign_c': 0.35026651470230835, 'trop_agb_crit': 17.558533563942813, 'trop_k_veg': 2.1230091412167886, 'fuel_k': 0.5802021639663607, 'fuel_half': 15.71940706306309}. Best is trial 0 with value: -0.6070628323553574.
[I 2026-07-24 02:22:10,547] Trial 910 finished with value: 0.6091084222091735 and parameters: {'k1': 0.018380903283432014, 'D_low': 732.6020297888798, 'k2': 0.00013955652969511835, 'D_high': 2664824.357621086, 'fire_exp': 2.4240395682029954, 'P_half': 15.920555612225382, 'pre_dampen_half': 7.0337694931014045, 'gpp_af': 0.002475250412860204, 'gpp_b': 0.014806896109395297, 'gpp_d': 350.91745406474814, 'ign_k': 0.2500085997631217, 'ign_c': 1.1693020211221177, 'trop_agb_crit': 22.208840430634027, 'trop_k_veg': 5.130486562290169, 'fuel_k': 0.21538546943986203, 'fuel_half': 0.1770546535090553}. Best is trial 0 with value: -0.6070628323553574.
[I 2026-07-24 02:22:10,959] Trial 911 finished with value: 0.4404666059658153 and parameters: {'k1': 0.006633412085703944, 'D_low': 3302.2350702913614, 'k2': 0.00039653671904026403, 'D_high': 602835.3467813977, 'fire_exp': 1.3154143930979003, 'P_half': 12.280912482308059, 'pre_dampen_half': 0.4180120784012983, 'gpp_af': 0.01850213681904609, 'gpp_b': 0.0019923762298570185, 'gpp_d': 113.78265043530536, 'ign_k': 2.275357015067493, 'ign_c': 1.9312097398740586, 'trop_agb_crit': 6.500969542871006, 'trop_k_veg': 1.6767806683615807, 'fuel_k': 3.9047841486837886, 'fuel_half': 4.5538952361070475}. Best is trial 0 with value: -0.6070628323553574.
[I 2026-07-24 02:22:11,381] Trial 912 finished with value: 0.6749829807027122 and parameters: {'k1': 0.0008687305911951565, 'D_low': 14.446729805447294, 'k2': 6.2509717904109e-05, 'D_high': 3146901.7207251997, 'fire_exp': 2.4467318410211245, 'P_half': 7.505580986994669, 'pre_dampen_half': 98.5331979795072, 'gpp_af': 0.012224243502301946, 'gpp_b': 0.003847574845021388, 'gpp_d': 429.1803342781966, 'ign_k': 1.0894234261157787, 'ign_c': 0.19083435113715064, 'trop_agb_crit': 18.028463644355462, 'trop_k_veg': 1.89286577983013, 'fuel_k': 5.1817482908182875, 'fuel_half': 0.2533633579741326}. Best is trial 0 with value: -0.6070628323553574.
[I 2026-07-24 02:22:11,795] Trial 913 finished with value: -0.5597620170559467 and parameters: {'k1': 2.459828017997794e-05, 'D_low': 13.742596030312079, 'k2': 0.00026007496503359655, 'D_high': 3878816.274767875, 'fire_exp': 1.3618418566407169, 'P_half': 25.0205797598279, 'pre_dampen_half': 2.2534495870559037, 'gpp_af': 0.03909142011110126, 'gpp_b': 0.00038693157885344117, 'gpp_d': 172.298949468926, 'ign_k': 0.3606770988637458, 'ign_c': 0.20787797487644524, 'trop_agb_crit': 4.385669880397025, 'trop_k_veg': 1.3864235079506138, 'fuel_k': 2.0099632698945493, 'fuel_half': 25.62384102868904}. Best is trial 0 with value: -0.6070628323553574.
[I 2026-07-24 02:22:12,211] Trial 914 finished with value: 0.5384497283514179 and parameters: {'k1': 0.0018982871921308243, 'D_low': 100.58958038258416, 'k2': 4.750826266276626e-05, 'D_high': 1288510.2260956788, 'fire_exp': 1.7421142804548053, 'P_half': 6.685953586851094, 'pre_dampen_half': 0.1304438116304766, 'gpp_af': 0.01501085816717461, 'gpp_b': 0.006982777337576671, 'gpp_d': 623.8601543572444, 'ign_k': 0.21706163542742854, 'ign_c': 0.15875397520478993, 'trop_agb_crit': 5.400986211967757, 'trop_k_veg': 3.2136208730177067, 'fuel_k': 3.647164520260453, 'fuel_half': 8.28920924022342}. Best is trial 0 with value: -0.6070628323553574.
[I 2026-07-24 02:22:12,626] Trial 915 finished with value: 0.46574099823475 and parameters: {'k1': 0.03694251298635426, 'D_low': 511.6256032173982, 'k2': 0.0036782453047951445, 'D_high': 2670121.795860341, 'fire_exp': 1.712842557383428, 'P_half': 3.53457727842579, 'pre_dampen_half': 0.28470754646665286, 'gpp_af': 0.5081025638693457, 'gpp_b': 0.0037772271976060424, 'gpp_d': 679.6431883957523, 'ign_k': 0.12469960134058723, 'ign_c': 0.18678810441191485, 'trop_agb_crit': 7.846026837656619, 'trop_k_veg': 1.2586083282862064, 'fuel_k': 0.15456911792518813, 'fuel_half': 0.16790771605135393}. Best is trial 0 with value: -0.6070628323553574.
[I 2026-07-24 02:22:13,040] Trial 916 finished with value: 0.5981915407600282 and parameters: {'k1': 7.817646631775233e-05, 'D_low': 67706.12207534176, 'k2': 0.02078658002303806, 'D_high': 2592792.170385287, 'fire_exp': 3.6357157671133162, 'P_half': 2.296805526956567, 'pre_dampen_half': 7.839778910881882, 'gpp_af': 55.388253261699155, 'gpp_b': 2.6217424114013523, 'gpp_d': 270.6130271798105, 'ign_k': 0.1432540551578312, 'ign_c': 0.927943964001825, 'trop_agb_crit': 4.24608558719298, 'trop_k_veg': 2.8832091525248322, 'fuel_k': 0.6692801898524733, 'fuel_half': 0.8938677386547944}. Best is trial 0 with value: -0.6070628323553574.
