[I 2026-06-11 01:25:38,021] Trial 344 finished with values: [10.484047850360302, 10.484047850360302] and parameters: {'k1': 0.00023134781612225627, 'D_low': 236.79352040223893, 'k2': 6.340140860251457e-05, 'D_high': 6682.9607218310075, 'fire_exp': 1.2060040899560858, 'P_half': 5.4712187293420325, 'pre_dampen_half': 121.93011993958949, 'gpp_af': 14.161176080022173, 'gpp_b': 0.00031478066835753096, 'gpp_d': 1.4397852866783676, 'ign_k': 0.002357279455676982, 'ign_c': 1.364908766641693, 'trop_agb_crit': 19.102873436429586, 'trop_k_veg': 2.99731137426955, 'fire_amp': 1.5719333351012774}.
[I 2026-06-11 01:25:39,332] Trial 345 finished with values: [10.410280947329227, 10.410280947329227] and parameters: {'k1': 0.00026539376439360527, 'D_low': 2186.356344942016, 'k2': 0.0007731571570012607, 'D_high': 6682.9607218310075, 'fire_exp': 1.1633452995374232, 'P_half': 1.4551749476072258, 'pre_dampen_half': 4.847666216751353, 'gpp_af': 0.9219336658511308, 'gpp_b': 5.0875243087016374e-05, 'gpp_d': 7.631016235941559, 'ign_k': 0.09256855841989636, 'ign_c': 7.832259769732471, 'trop_agb_crit': 3.108985631683375, 'trop_k_veg': 1.6648666152166967, 'fire_amp': 1.4475279918261055}.
[I 2026-06-11 01:25:40,774] Trial 346 finished with values: [10.41026042093007, 10.41026042093007] and parameters: {'k1': 0.0009255037589041178, 'D_low': 2.843767489444367, 'k2': 0.0002442377596403892, 'D_high': 27.55546207779663, 'fire_exp': 1.6901885781909627, 'P_half': 5.4712187293420325, 'pre_dampen_half': 121.93011993958949, 'gpp_af': 0.005061568304359487, 'gpp_b': 2.1309331861011757e-05, 'gpp_d': 20.81401325574021, 'ign_k': 0.0032383308053152635, 'ign_c': 342.8810943862522, 'trop_agb_crit': 2.100813292597435, 'trop_k_veg': 0.6618107836658104, 'fire_amp': 3.1045399027418377}.
[I 2026-06-11 01:25:42,303] Trial 347 finished with values: [12.368977960703422, 12.368977960703422] and parameters: {'k1': 5.7909642338812115e-05, 'D_low': 2.843767489444367, 'k2': 4.933751600448335e-05, 'D_high': 6682.9607218310075, 'fire_exp': 1.1593349727271403, 'P_half': 3.591771421517613, 'pre_dampen_half': 253.71947027764784, 'gpp_af': 0.9219336658511308, 'gpp_b': 0.006999112505425414, 'gpp_d': 12.151631524283598, 'ign_k': 0.002357279455676982, 'ign_c': 21.275785720135406, 'trop_agb_crit': 2.49652474515731, 'trop_k_veg': 1.6648666152166967, 'fire_amp': 2.6192385880432525}.
[I 2026-06-11 01:25:43,726] Trial 348 finished with values: [10.731419942246774, 10.731419942246774] and parameters: {'k1': 9.132348475718357e-05, 'D_low': 1.7551403048208316, 'k2': 0.0001280886335404798, 'D_high': 32311.521854410956, 'fire_exp': 1.811096651915224, 'P_half': 1549.6599265816342, 'pre_dampen_half': 121.93011993958949, 'gpp_af': 2.5017068255320485, 'gpp_b': 0.00031478066835753096, 'gpp_d': 304.7488318185732, 'ign_k': 0.0032383308053152635, 'ign_c': 342.8810943862522, 'trop_agb_crit': 2.100813292597435, 'trop_k_veg': 6.963655030926962, 'fire_amp': 1.5719333351012774}.
[I 2026-06-11 01:25:45,067] Trial 349 finished with values: [10.483670309821038, 10.483670309821038] and parameters: {'k1': 0.00026539376439360527, 'D_low': 408.3047491580097, 'k2': 0.019383858782150494, 'D_high': 1266.9536563782303, 'fire_exp': 1.2060040899560858, 'P_half': 12.262543158860007, 'pre_dampen_half': 4.847666216751353, 'gpp_af': 0.035629505481532577, 'gpp_b': 0.005386676499630372, 'gpp_d': 21.899070557043984, 'ign_k': 0.0032383308053152635, 'ign_c': 1.364908766641693, 'trop_agb_crit': 1.8023542850487386, 'trop_k_veg': 1.6648666152166967, 'fire_amp': 2.7806853670293616}.
[I 2026-06-11 01:25:46,414] Trial 350 finished with values: [10.769197628382472, 10.769197628382472] and parameters: {'k1': 9.132348475718357e-05, 'D_low': 236.79352040223893, 'k2': 0.019383858782150494, 'D_high': 11.129666723443188, 'fire_exp': 1.2060040899560858, 'P_half': 3.591771421517613, 'pre_dampen_half': 0.02302684507178836, 'gpp_af': 2.5017068255320485, 'gpp_b': 1.2690840169394997, 'gpp_d': 21.899070557043984, 'ign_k': 0.0032383308053152635, 'ign_c': 1.4879588507789996, 'trop_agb_crit': 2.100813292597435, 'trop_k_veg': 0.5183533149347164, 'fire_amp': 2.7806853670293616}.
[I 2026-06-11 01:25:47,795] Trial 351 finished with values: [-0.4348093003535799, 0.11921522728155032] and parameters: {'k1': 0.0001599021369655865, 'D_low': 236.79352040223893, 'k2': 0.006802810205786726, 'D_high': 1817.0401889219124, 'fire_exp': 1.111738490499784, 'P_half': 1.4551749476072258, 'pre_dampen_half': 8.259599205585761, 'gpp_af': 0.005061568304359487, 'gpp_b': 5.0875243087016374e-05, 'gpp_d': 0.7698760608299932, 'ign_k': 0.037151317999473285, 'ign_c': 22.126836566118193, 'trop_agb_crit': 1.8023542850487386, 'trop_k_veg': 6.030247256556128, 'fire_amp': 2.7806853670293616}.
[I 2026-06-11 01:25:49,300] Trial 352 finished with values: [-0.4829526272509578, 0.27978427526467886] and parameters: {'k1': 0.0001599021369655865, 'D_low': 2.843767489444367, 'k2': 0.0499774937030317, 'D_high': 27.55546207779663, 'fire_exp': 1.2060040899560858, 'P_half': 51.10120656497163, 'pre_dampen_half': 123.04779330083686, 'gpp_af': 20.12115544906385, 'gpp_b': 2.1309331861011757e-05, 'gpp_d': 20.81401325574021, 'ign_k': 0.00660597889201953, 'ign_c': 14.709699119495124, 'trop_agb_crit': 24.199763404822136, 'trop_k_veg': 6.030247256556128, 'fire_amp': 2.7806853670293616}.
[I 2026-06-11 01:25:51,020] Trial 353 finished with values: [16.856322513655865, 16.856322513655865] and parameters: {'k1': 0.0869690639641868, 'D_low': 1.7551403048208316, 'k2': 0.002090955698118952, 'D_high': 1817.0401889219124, 'fire_exp': 1.5191397119156032, 'P_half': 157.80309954142965, 'pre_dampen_half': 189.88136301569827, 'gpp_af': 3.030008727251782, 'gpp_b': 0.05314875633348467, 'gpp_d': 21.899070557043984, 'ign_k': 0.004105873950290761, 'ign_c': 1.4879588507789996, 'trop_agb_crit': 1.1683326952092081, 'trop_k_veg': 2.724170387400844, 'fire_amp': 5.44779717154213}.
[I 2026-06-11 01:25:52,461] Trial 354 finished with values: [10.453156202613801, 10.453156202613801] and parameters: {'k1': 5.7909642338812115e-05, 'D_low': 408.3047491580097, 'k2': 1.1417577140741129e-05, 'D_high': 24.9899605789089, 'fire_exp': 1.811096651915224, 'P_half': 5.4712187293420325, 'pre_dampen_half': 189.88136301569827, 'gpp_af': 3.030008727251782, 'gpp_b': 0.00031478066835753096, 'gpp_d': 0.1619054449471649, 'ign_k': 0.002357279455676982, 'ign_c': 7.081721844034206, 'trop_agb_crit': 1.8023542850487386, 'trop_k_veg': 0.5535297685306277, 'fire_amp': 2.042193818779288}.
[I 2026-06-11 01:25:53,816] Trial 355 finished with values: [10.576601273226125, 10.576601273226125] and parameters: {'k1': 9.132348475718357e-05, 'D_low': 1.7551403048208316, 'k2': 0.0001280886335404798, 'D_high': 6682.9607218310075, 'fire_exp': 1.811096651915224, 'P_half': 3.591771421517613, 'pre_dampen_half': 121.93011993958949, 'gpp_af': 0.07118041471054574, 'gpp_b': 0.007579368252801536, 'gpp_d': 0.1619054449471649, 'ign_k': 0.002357279455676982, 'ign_c': 7.081721844034206, 'trop_agb_crit': 12.708819454040446, 'trop_k_veg': 0.5535297685306277, 'fire_amp': 1.5719333351012774}.
[I 2026-06-11 01:25:55,131] Trial 356 finished with values: [10.288050241161875, 10.288050241161875] and parameters: {'k1': 0.00023134781612225627, 'D_low': 1.7551403048208316, 'k2': 0.00012498583886387654, 'D_high': 6682.9607218310075, 'fire_exp': 1.811096651915224, 'P_half': 5.4712187293420325, 'pre_dampen_half': 121.93011993958949, 'gpp_af': 0.07118041471054574, 'gpp_b': 0.001674375583895437, 'gpp_d': 545.0253444559129, 'ign_k': 0.004105873950290761, 'ign_c': 7.081721844034206, 'trop_agb_crit': 1.8023542850487386, 'trop_k_veg': 1.6648666152166967, 'fire_amp': 1.4475279918261055}.
[I 2026-06-11 01:25:56,562] Trial 357 finished with values: [10.4345301094161, 10.4345301094161] and parameters: {'k1': 0.0003445931091927334, 'D_low': 2186.356344942016, 'k2': 0.0001280886335404798, 'D_high': 20103.283734409175, 'fire_exp': 1.811096651915224, 'P_half': 251.23618639978196, 'pre_dampen_half': 121.93011993958949, 'gpp_af': 0.004409093791567215, 'gpp_b': 5.0875243087016374e-05, 'gpp_d': 0.47379914349407487, 'ign_k': 0.9419612235978201, 'ign_c': 7.081721844034206, 'trop_agb_crit': 1.8023542850487386, 'trop_k_veg': 0.7808079158649266, 'fire_amp': 1.4475279918261055}.
[I 2026-06-11 01:25:58,114] Trial 358 finished with values: [10.18669970816049, 10.18669970816049] and parameters: {'k1': 5.7909642338812115e-05, 'D_low': 2267.735223551285, 'k2': 0.0007731571570012607, 'D_high': 6682.9607218310075, 'fire_exp': 1.2060040899560858, 'P_half': 3.591771421517613, 'pre_dampen_half': 4.847666216751353, 'gpp_af': 0.9219336658511308, 'gpp_b': 0.001674375583895437, 'gpp_d': 94.19931479490882, 'ign_k': 0.0032383308053152635, 'ign_c': 1.364908766641693, 'trop_agb_crit': 2.100813292597435, 'trop_k_veg': 6.963655030926962, 'fire_amp': 1.686388377130032}.
[I 2026-06-11 01:25:59,598] Trial 359 finished with values: [10.729365611441647, 10.729365611441647] and parameters: {'k1': 5.7909642338812115e-05, 'D_low': 602.4590664672947, 'k2': 0.0007731571570012607, 'D_high': 32311.521854410956, 'fire_exp': 1.1633452995374232, 'P_half': 2757.3353505786354, 'pre_dampen_half': 4.847666216751353, 'gpp_af': 2.5017068255320485, 'gpp_b': 0.00031478066835753096, 'gpp_d': 304.7488318185732, 'ign_k': 0.0032383308053152635, 'ign_c': 342.8810943862522, 'trop_agb_crit': 3.108985631683375, 'trop_k_veg': 5.453348988480011, 'fire_amp': 1.5719333351012774}.
[I 2026-06-11 01:26:01,044] Trial 360 finished with values: [10.606312604524227, 10.606312604524227] and parameters: {'k1': 9.132348475718357e-05, 'D_low': 1.7551403048208316, 'k2': 0.0001280886335404798, 'D_high': 32311.521854410956, 'fire_exp': 1.811096651915224, 'P_half': 1316.4487472745689, 'pre_dampen_half': 121.93011993958949, 'gpp_af': 14.161176080022173, 'gpp_b': 5.0875243087016374e-05, 'gpp_d': 21.899070557043984, 'ign_k': 0.9419612235978201, 'ign_c': 1.4879588507789996, 'trop_agb_crit': 1.8023542850487386, 'trop_k_veg': 0.7808079158649266, 'fire_amp': 1.5719333351012774}.
[I 2026-06-11 01:26:02,388] Trial 361 finished with values: [19.599918704643265, 19.599918704643265] and parameters: {'k1': 0.0004846497679219079, 'D_low': 236.79352040223893, 'k2': 0.019383858782150494, 'D_high': 8912.611835817017, 'fire_exp': 1.2060040899560858, 'P_half': 1.4551749476072258, 'pre_dampen_half': 903.3231300044874, 'gpp_af': 0.005061568304359487, 'gpp_b': 1.7286734109794885e-05, 'gpp_d': 1.4397852866783676, 'ign_k': 0.0032383308053152635, 'ign_c': 1.364908766641693, 'trop_agb_crit': 2.1989086830950257, 'trop_k_veg': 6.030247256556128, 'fire_amp': 3.1045399027418377}.
[I 2026-06-11 01:26:03,730] Trial 362 finished with values: [-0.4571257650096735, 0.1419670591187837] and parameters: {'k1': 5.178197947282869e-05, 'D_low': 83.56564873457052, 'k2': 0.0001280886335404798, 'D_high': 8912.611835817017, 'fire_exp': 1.811096651915224, 'P_half': 7.914423612155368, 'pre_dampen_half': 903.3231300044874, 'gpp_af': 0.004409093791567215, 'gpp_b': 5.0875243087016374e-05, 'gpp_d': 0.47379914349407487, 'ign_k': 0.00660597889201953, 'ign_c': 7.081721844034206, 'trop_agb_crit': 1.8023542850487386, 'trop_k_veg': 0.7808079158649266, 'fire_amp': 1.4475279918261055}.
[I 2026-06-11 01:26:05,213] Trial 363 finished with values: [15.81723523779349, 15.81723523779349] and parameters: {'k1': 0.0869690639641868, 'D_low': 408.3047491580097, 'k2': 0.002090955698118952, 'D_high': 8912.611835817017, 'fire_exp': 1.5191397119156032, 'P_half': 7.914423612155368, 'pre_dampen_half': 903.3231300044874, 'gpp_af': 0.10098504976210308, 'gpp_b': 2.1309331861011757e-05, 'gpp_d': 1.0088237648985734, 'ign_k': 0.00660597889201953, 'ign_c': 14.709699119495124, 'trop_agb_crit': 5.588032458772675, 'trop_k_veg': 2.724170387400844, 'fire_amp': 3.1045399027418377}.
[I 2026-06-11 01:26:06,734] Trial 364 finished with values: [10.520894818590156, 10.520894818590156] and parameters: {'k1': 0.00026539376439360527, 'D_low': 1074.940539517341, 'k2': 1.1417577140741129e-05, 'D_high': 29.126651668813768, 'fire_exp': 1.111738490499784, 'P_half': 12.262543158860007, 'pre_dampen_half': 189.36639872354493, 'gpp_af': 3.298293484806585, 'gpp_b': 0.006999112505425414, 'gpp_d': 0.030844007727232167, 'ign_k': 0.09256855841989636, 'ign_c': 7.832259769732471, 'trop_agb_crit': 1.8023542850487386, 'trop_k_veg': 1.6648666152166967, 'fire_amp': 2.042193818779288}.
[I 2026-06-11 01:26:08,118] Trial 365 finished with values: [11.241901079651923, 11.241901079651923] and parameters: {'k1': 0.00026539376439360527, 'D_low': 2186.356344942016, 'k2': 0.08661811390647982, 'D_high': 6682.9607218310075, 'fire_exp': 1.2732983562135975, 'P_half': 1.4551749476072258, 'pre_dampen_half': 189.36639872354493, 'gpp_af': 0.0065783822580709386, 'gpp_b': 5.0875243087016374e-05, 'gpp_d': 94.19931479490882, 'ign_k': 0.0032383308053152635, 'ign_c': 7.832259769732471, 'trop_agb_crit': 2.100813292597435, 'trop_k_veg': 1.6648666152166967, 'fire_amp': 1.5719333351012774}.
[I 2026-06-11 01:26:09,456] Trial 366 finished with values: [14.51332463865141, 14.51332463865141] and parameters: {'k1': 9.293516267059069e-05, 'D_low': 236.79352040223893, 'k2': 0.006802810205786726, 'D_high': 32311.521854410956, 'fire_exp': 1.111738490499784, 'P_half': 1.4551749476072258, 'pre_dampen_half': 857.6556763881457, 'gpp_af': 3.298293484806585, 'gpp_b': 0.006999112505425414, 'gpp_d': 0.7698760608299932, 'ign_k': 0.002357279455676982, 'ign_c': 7.081721844034206, 'trop_agb_crit': 1.8023542850487386, 'trop_k_veg': 0.5535297685306277, 'fire_amp': 2.7806853670293616}.
[I 2026-06-11 01:26:10,851] Trial 367 finished with values: [10.222739260976056, 10.222739260976056] and parameters: {'k1': 0.00023134781612225627, 'D_low': 1.7551403048208316, 'k2': 1.1417577140741129e-05, 'D_high': 6682.9607218310075, 'fire_exp': 1.2060040899560858, 'P_half': 5.4712187293420325, 'pre_dampen_half': 121.93011993958949, 'gpp_af': 3.298293484806585, 'gpp_b': 0.006999112505425414, 'gpp_d': 0.1619054449471649, 'ign_k': 0.002357279455676982, 'ign_c': 1.364908766641693, 'trop_agb_crit': 2.100813292597435, 'trop_k_veg': 0.5535297685306277, 'fire_amp': 1.290871715123794}.
[I 2026-06-11 01:26:12,503] Trial 368 finished with values: [11.45672897897772, 11.45672897897772] and parameters: {'k1': 9.132348475718357e-05, 'D_low': 236.79352040223893, 'k2': 0.019383858782150494, 'D_high': 1817.0401889219124, 'fire_exp': 1.2060040899560858, 'P_half': 51.10120656497163, 'pre_dampen_half': 9.044346216330972, 'gpp_af': 2.5017068255320485, 'gpp_b': 2.1309331861011757e-05, 'gpp_d': 0.4742269251269962, 'ign_k': 0.0032383308053152635, 'ign_c': 1.364908766641693, 'trop_agb_crit': 5.588032458772675, 'trop_k_veg': 6.963655030926962, 'fire_amp': 5.44779717154213}.
[I 2026-06-11 01:26:14,143] Trial 369 finished with values: [10.3247616691011, 10.3247616691011] and parameters: {'k1': 0.0001599021369655865, 'D_low': 236.79352040223893, 'k2': 0.006802810205786726, 'D_high': 1266.9536563782303, 'fire_exp': 1.111738490499784, 'P_half': 1.4551749476072258, 'pre_dampen_half': 189.36639872354493, 'gpp_af': 0.005061568304359487, 'gpp_b': 0.010307896803108956, 'gpp_d': 0.1423472425072452, 'ign_k': 0.00660597889201953, 'ign_c': 14.709699119495124, 'trop_agb_crit': 2.0527418919564324, 'trop_k_veg': 6.030247256556128, 'fire_amp': 1.0759744651553196}.
[I 2026-06-11 01:26:15,559] Trial 370 finished with values: [11.031343186450862, 11.031343186450862] and parameters: {'k1': 0.0009898117700885534, 'D_low': 2186.356344942016, 'k2': 0.0001280886335404798, 'D_high': 32311.521854410956, 'fire_exp': 1.111738490499784, 'P_half': 5.4712187293420325, 'pre_dampen_half': 189.36639872354493, 'gpp_af': 6.384685545228285, 'gpp_b': 0.00031478066835753096, 'gpp_d': 7.631016235941559, 'ign_k': 0.002357279455676982, 'ign_c': 7.081721844034206, 'trop_agb_crit': 1.8023542850487386, 'trop_k_veg': 0.5535297685306277, 'fire_amp': 1.5719333351012774}.
[I 2026-06-11 01:26:16,868] Trial 371 finished with values: [10.26345316094285, 10.26345316094285] and parameters: {'k1': 0.0004846497679219079, 'D_low': 408.3047491580097, 'k2': 0.0001280886335404798, 'D_high': 32311.521854410956, 'fire_exp': 1.7505406131449859, 'P_half': 774.5825831079144, 'pre_dampen_half': 903.3231300044874, 'gpp_af': 14.161176080022173, 'gpp_b': 0.00031478066835753096, 'gpp_d': 21.899070557043984, 'ign_k': 0.00660597889201953, 'ign_c': 29.690870944846793, 'trop_agb_crit': 12.708819454040446, 'trop_k_veg': 6.030247256556128, 'fire_amp': 2.042193818779288}.
[I 2026-06-11 01:26:18,226] Trial 372 finished with values: [11.751736932362961, 11.751736932362961] and parameters: {'k1': 9.132348475718357e-05, 'D_low': 1.7551403048208316, 'k2': 0.019383858782150494, 'D_high': 6682.9607218310075, 'fire_exp': 1.2060040899560858, 'P_half': 2.226799690893868, 'pre_dampen_half': 121.93011993958949, 'gpp_af': 27.78052183438328, 'gpp_b': 0.16397960021659272, 'gpp_d': 6.284104775086881, 'ign_k': 0.002357279455676982, 'ign_c': 0.10435856341129002, 'trop_agb_crit': 12.9667438075127, 'trop_k_veg': 2.99731137426955, 'fire_amp': 2.6192385880432525}.
[I 2026-06-11 01:26:19,605] Trial 373 finished with values: [10.19355319224556, 10.19355319224556] and parameters: {'k1': 9.132348475718357e-05, 'D_low': 1.7551403048208316, 'k2': 0.0001280886335404798, 'D_high': 32311.521854410956, 'fire_exp': 1.811096651915224, 'P_half': 5.4712187293420325, 'pre_dampen_half': 121.93011993958949, 'gpp_af': 1.8730788990929563, 'gpp_b': 0.0004360709560327289, 'gpp_d': 0.1619054449471649, 'ign_k': 0.0029519227433917453, 'ign_c': 7.081721844034206, 'trop_agb_crit': 21.086120736447015, 'trop_k_veg': 0.5535297685306277, 'fire_amp': 1.1655705619308396}.
[I 2026-06-11 01:26:21,108] Trial 374 finished with values: [10.213266829158005, 10.213266829158005] and parameters: {'k1': 9.132348475718357e-05, 'D_low': 408.3047491580097, 'k2': 0.0001280886335404798, 'D_high': 6682.9607218310075, 'fire_exp': 1.7505406131449859, 'P_half': 3.591771421517613, 'pre_dampen_half': 121.93011993958949, 'gpp_af': 0.07118041471054574, 'gpp_b': 0.001674375583895437, 'gpp_d': 21.899070557043984, 'ign_k': 0.0010941664389997358, 'ign_c': 7.081721844034206, 'trop_agb_crit': 12.708819454040446, 'trop_k_veg': 5.453348988480011, 'fire_amp': 1.5719333351012774}.
[I 2026-06-11 01:26:22,585] Trial 375 finished with values: [14.141619757990956, 14.141619757990956] and parameters: {'k1': 0.0869690639641868, 'D_low': 1.7551403048208316, 'k2': 0.0001280886335404798, 'D_high': 32311.521854410956, 'fire_exp': 1.811096651915224, 'P_half': 157.80309954142965, 'pre_dampen_half': 121.93011993958949, 'gpp_af': 1.8730788990929563, 'gpp_b': 2.1309331861011757e-05, 'gpp_d': 0.1619054449471649, 'ign_k': 0.002357279455676982, 'ign_c': 22.126836566118193, 'trop_agb_crit': 12.708819454040446, 'trop_k_veg': 0.5535297685306277, 'fire_amp': 5.44779717154213}.
[I 2026-06-11 01:26:23,992] Trial 376 finished with values: [10.363345040231959, 10.363345040231959] and parameters: {'k1': 0.00023134781612225627, 'D_low': 1.7551403048208316, 'k2': 0.0001280886335404798, 'D_high': 12.541447539026084, 'fire_exp': 1.811096651915224, 'P_half': 5.4712187293420325, 'pre_dampen_half': 189.88136301569827, 'gpp_af': 3.030008727251782, 'gpp_b': 0.05314875633348467, 'gpp_d': 21.899070557043984, 'ign_k': 0.0032383308053152635, 'ign_c': 1.4879588507789996, 'trop_agb_crit': 1.1683326952092081, 'trop_k_veg': 0.5183533149347164, 'fire_amp': 2.042193818779288}.
[I 2026-06-11 01:26:25,337] Trial 377 finished with values: [10.561416083128929, 10.561416083128929] and parameters: {'k1': 0.00023134781612225627, 'D_low': 2186.356344942016, 'k2': 0.00020222983754231334, 'D_high': 20103.283734409175, 'fire_exp': 1.811096651915224, 'P_half': 51.10120656497163, 'pre_dampen_half': 121.93011993958949, 'gpp_af': 0.3877557234566633, 'gpp_b': 0.015062722325200045, 'gpp_d': 0.1619054449471649, 'ign_k': 0.002357279455676982, 'ign_c': 388.02797007866826, 'trop_agb_crit': 21.380932890222198, 'trop_k_veg': 2.8926781829782864, 'fire_amp': 5.416595007374148}.
[I 2026-06-11 01:26:26,641] Trial 378 finished with values: [10.585059497776246, 10.585059497776246] and parameters: {'k1': 0.00023134781612225627, 'D_low': 408.3047491580097, 'k2': 0.0001280886335404798, 'D_high': 22.46290894032395, 'fire_exp': 2.241955206082364, 'P_half': 12.262543158860007, 'pre_dampen_half': 189.88136301569827, 'gpp_af': 14.161176080022173, 'gpp_b': 5.0875243087016374e-05, 'gpp_d': 21.899070557043984, 'ign_k': 0.09256855841989636, 'ign_c': 1.4879588507789996, 'trop_agb_crit': 1.8023542850487386, 'trop_k_veg': 1.6648666152166967, 'fire_amp': 1.5719333351012774}.
[I 2026-06-11 01:26:28,077] Trial 379 finished with values: [10.13256454614096, 10.13256454614096] and parameters: {'k1': 5.7909642338812115e-05, 'D_low': 236.79352040223893, 'k2': 1.1417577140741129e-05, 'D_high': 48235.58283024493, 'fire_exp': 1.2060040899560858, 'P_half': 318.834644588275, 'pre_dampen_half': 9.044346216330972, 'gpp_af': 0.41874665092828456, 'gpp_b': 2.1309331861011757e-05, 'gpp_d': 1.0088237648985734, 'ign_k': 0.0032383308053152635, 'ign_c': 0.13577269394141456, 'trop_agb_crit': 1.3063813396521713, 'trop_k_veg': 6.963655030926962, 'fire_amp': 2.6192385880432525}.
[I 2026-06-11 01:26:29,652] Trial 380 finished with values: [10.51904199592067, 10.51904199592067] and parameters: {'k1': 0.00038698408508416947, 'D_low': 1074.940539517341, 'k2': 0.0011239682517242113, 'D_high': 42210.21267871043, 'fire_exp': 1.5191397119156032, 'P_half': 61.6097529474144, 'pre_dampen_half': 121.93011993958949, 'gpp_af': 0.5970408652384318, 'gpp_b': 0.006999112505425414, 'gpp_d': 0.1619054449471649, 'ign_k': 0.09256855841989636, 'ign_c': 7.832259769732471, 'trop_agb_crit': 2.0527418919564324, 'trop_k_veg': 2.520089655463604, 'fire_amp': 1.0759744651553196}.
