[I 2026-06-10 20:34:46,692] Trial 604 finished with values: [10.763530318158619, 10.763530318158619] and parameters: {'k1': 3.609310926766545e-05, 'D_low': 171.2446447678494, 'k2': 0.003767022142229395, 'D_high': 1266.9536563782303, 'fire_exp': 1.4848387260494937, 'P_half': 12.280874862135363, 'pre_dampen_half': 170.71098124594695, 'gpp_af': 42.29037995744429, 'gpp_b': 0.00012118589392553798, 'gpp_d': 0.7961191926812561, 'ign_k': 0.002357279455676982, 'ign_c': 153.51441568398127, 'trop_agb_crit': 2.0527418919564324, 'trop_k_veg': 4.989748894578724, 'fire_amp': 2.0433579207802377}.
[I 2026-06-10 20:34:48,057] Trial 605 finished with values: [10.591106006630634, 10.591106006630634] and parameters: {'k1': 0.0009898117700885534, 'D_low': 171.2446447678494, 'k2': 0.02939607009739149, 'D_high': 32311.521854410956, 'fire_exp': 3.803403214687732, 'P_half': 5.4712187293420325, 'pre_dampen_half': 3.4461856429915305, 'gpp_af': 1.7775411110039254, 'gpp_b': 0.00031478066835753096, 'gpp_d': 0.7698760608299932, 'ign_k': 3.6309591863459096, 'ign_c': 7.081721844034206, 'trop_agb_crit': 2.0527418919564324, 'trop_k_veg': 0.6488368931910606, 'fire_amp': 2.6014979556220936}.
[I 2026-06-10 20:34:49,573] Trial 606 finished with values: [10.47403744471735, 10.47403744471735] and parameters: {'k1': 0.0018697387216131526, 'D_low': 270.15957920129443, 'k2': 0.00037358626308127543, 'D_high': 36998.679204890876, 'fire_exp': 1.41873960828944, 'P_half': 93.43302657318476, 'pre_dampen_half': 30.456909077772018, 'gpp_af': 0.008117091133892173, 'gpp_b': 0.00807491410172472, 'gpp_d': 1.0088237648985734, 'ign_k': 0.0029519227433917453, 'ign_c': 39.52220881906114, 'trop_agb_crit': 12.708819454040446, 'trop_k_veg': 2.520089655463604, 'fire_amp': 5.44779717154213}.
[I 2026-06-10 20:34:51,185] Trial 607 finished with values: [10.833201919574403, 10.833201919574403] and parameters: {'k1': 5.7909642338812115e-05, 'D_low': 171.2446447678494, 'k2': 0.00037358626308127543, 'D_high': 1817.0401889219124, 'fire_exp': 5.8194676931800995, 'P_half': 114.62237838612074, 'pre_dampen_half': 1.8469033699850426, 'gpp_af': 11.612579322936512, 'gpp_b': 2.176805640408474e-05, 'gpp_d': 21.899070557043984, 'ign_k': 0.17320535908244444, 'ign_c': 0.4177928311636542, 'trop_agb_crit': 3.3933702290907823, 'trop_k_veg': 3.6616459585256997, 'fire_amp': 5.540410692872822}.
[I 2026-06-10 20:34:52,647] Trial 608 finished with values: [-0.49014833064073815, 0.19496147186640655] and parameters: {'k1': 0.00023134781612225627, 'D_low': 1.7551403048208316, 'k2': 0.045914852167405346, 'D_high': 32311.521854410956, 'fire_exp': 1.41873960828944, 'P_half': 5.4712187293420325, 'pre_dampen_half': 16.009350908593582, 'gpp_af': 0.008117091133892173, 'gpp_b': 0.00031478066835753096, 'gpp_d': 12.338826503601998, 'ign_k': 0.002357279455676982, 'ign_c': 7.081721844034206, 'trop_agb_crit': 12.708819454040446, 'trop_k_veg': 0.5535297685306277, 'fire_amp': 1.5719333351012774}.
[I 2026-06-10 20:34:54,091] Trial 609 finished with values: [12.812401677897672, 12.812401677897672] and parameters: {'k1': 3.609310926766545e-05, 'D_low': 43.03411264066069, 'k2': 0.045914852167405346, 'D_high': 252.84086172415604, 'fire_exp': 1.4848387260494937, 'P_half': 93.43302657318476, 'pre_dampen_half': 170.71098124594695, 'gpp_af': 1.9706963379095486, 'gpp_b': 0.00012118589392553798, 'gpp_d': 96.93415502195788, 'ign_k': 0.17320535908244444, 'ign_c': 0.4177928311636542, 'trop_agb_crit': 11.664190932505923, 'trop_k_veg': 0.5183533149347164, 'fire_amp': 3.1543496524370136}.
[I 2026-06-10 20:34:55,474] Trial 610 finished with values: [-0.563191592780837, 0.16648155206848114] and parameters: {'k1': 0.08006837661379566, 'D_low': 171.2446447678494, 'k2': 0.0004976087827261435, 'D_high': 32311.521854410956, 'fire_exp': 1.811096651915224, 'P_half': 93.43302657318476, 'pre_dampen_half': 30.456909077772018, 'gpp_af': 0.2204465010099918, 'gpp_b': 0.00031478066835753096, 'gpp_d': 20.81401325574021, 'ign_k': 0.0029519227433917453, 'ign_c': 342.8810943862522, 'trop_agb_crit': 1.3063813396521713, 'trop_k_veg': 6.030247256556128, 'fire_amp': 5.44779717154213}.
[I 2026-06-10 20:34:56,946] Trial 611 finished with values: [10.614008136998287, 10.614008136998287] and parameters: {'k1': 0.00023134781612225627, 'D_low': 43.03411264066069, 'k2': 0.003767022142229395, 'D_high': 1266.9536563782303, 'fire_exp': 1.41873960828944, 'P_half': 5.4712187293420325, 'pre_dampen_half': 170.71098124594695, 'gpp_af': 0.008117091133892173, 'gpp_b': 1.2864576564815137e-05, 'gpp_d': 12.338826503601998, 'ign_k': 0.002357279455676982, 'ign_c': 75.30210437963517, 'trop_agb_crit': 11.664190932505923, 'trop_k_veg': 4.989748894578724, 'fire_amp': 1.5719333351012774}.
[I 2026-06-10 20:34:58,534] Trial 612 finished with values: [10.342276239120784, 10.342276239120784] and parameters: {'k1': 5.7909642338812115e-05, 'D_low': 171.2446447678494, 'k2': 0.003767022142229395, 'D_high': 1817.0401889219124, 'fire_exp': 1.0601964743503993, 'P_half': 12.280874862135363, 'pre_dampen_half': 1.8469033699850426, 'gpp_af': 0.009525547092124444, 'gpp_b': 2.176805640408474e-05, 'gpp_d': 96.93415502195788, 'ign_k': 0.17320535908244444, 'ign_c': 1.4879588507789996, 'trop_agb_crit': 11.664190932505923, 'trop_k_veg': 0.5183533149347164, 'fire_amp': 3.1543496524370136}.
[I 2026-06-10 20:34:59,965] Trial 613 finished with values: [10.625827476056058, 10.625827476056058] and parameters: {'k1': 5.178197947282869e-05, 'D_low': 43.03411264066069, 'k2': 0.0007731571570012607, 'D_high': 252.84086172415604, 'fire_exp': 1.4848387260494937, 'P_half': 1265.0580856641704, 'pre_dampen_half': 170.71098124594695, 'gpp_af': 1.9706963379095486, 'gpp_b': 0.00012118589392553798, 'gpp_d': 21.899070557043984, 'ign_k': 0.002357279455676982, 'ign_c': 0.10721400017185365, 'trop_agb_crit': 12.708819454040446, 'trop_k_veg': 4.989748894578724, 'fire_amp': 1.5719333351012774}.
[I 2026-06-10 20:35:01,600] Trial 614 finished with values: [10.628661540293468, 10.628661540293468] and parameters: {'k1': 3.609310926766545e-05, 'D_low': 1121.5915868662764, 'k2': 0.00037358626308127543, 'D_high': 32311.521854410956, 'fire_exp': 1.1633452995374232, 'P_half': 5.4712187293420325, 'pre_dampen_half': 37.40930273158252, 'gpp_af': 0.015627364027979502, 'gpp_b': 2.176805640408474e-05, 'gpp_d': 1.3411170141333262, 'ign_k': 0.0029519227433917453, 'ign_c': 16.497426799845446, 'trop_agb_crit': 8.0091368834625, 'trop_k_veg': 1.6003641872536711, 'fire_amp': 1.2393473789150806}.
[I 2026-06-10 20:35:02,941] Trial 615 finished with values: [12.782209808739292, 12.782209808739292] and parameters: {'k1': 5.7909642338812115e-05, 'D_low': 171.2446447678494, 'k2': 0.0007731571570012607, 'D_high': 252.84086172415604, 'fire_exp': 1.1633452995374232, 'P_half': 1265.0580856641704, 'pre_dampen_half': 170.71098124594695, 'gpp_af': 1.9706963379095486, 'gpp_b': 2.176805640408474e-05, 'gpp_d': 17.273230592904202, 'ign_k': 3.909508806930522, 'ign_c': 0.4177928311636542, 'trop_agb_crit': 11.664190932505923, 'trop_k_veg': 4.989748894578724, 'fire_amp': 5.44779717154213}.
[I 2026-06-10 20:35:04,381] Trial 616 finished with values: [10.353644525212973, 10.353644525212973] and parameters: {'k1': 3.609310926766545e-05, 'D_low': 171.2446447678494, 'k2': 0.045914852167405346, 'D_high': 32311.521854410956, 'fire_exp': 1.41873960828944, 'P_half': 5.4712187293420325, 'pre_dampen_half': 16.009350908593582, 'gpp_af': 0.008117091133892173, 'gpp_b': 0.00031478066835753096, 'gpp_d': 12.338826503601998, 'ign_k': 0.0029519227433917453, 'ign_c': 7.081721844034206, 'trop_agb_crit': 11.664190932505923, 'trop_k_veg': 0.5535297685306277, 'fire_amp': 3.1543496524370136}.
[I 2026-06-10 20:35:05,906] Trial 617 finished with values: [10.782067058661498, 10.782067058661498] and parameters: {'k1': 0.006079905434073396, 'D_low': 43.2326421037033, 'k2': 4.933751600448335e-05, 'D_high': 708.7479683081002, 'fire_exp': 1.7517910233753213, 'P_half': 5106.674528526557, 'pre_dampen_half': 37.40930273158252, 'gpp_af': 1.9998014714101113, 'gpp_b': 0.00047819318414852577, 'gpp_d': 594.7389794988394, 'ign_k': 0.8945150807271531, 'ign_c': 16.497426799845446, 'trop_agb_crit': 8.0091368834625, 'trop_k_veg': 1.6003641872536711, 'fire_amp': 1.5587346124822492}.
[I 2026-06-10 20:35:07,436] Trial 618 finished with values: [11.95440747886372, 11.95440747886372] and parameters: {'k1': 0.00023134781612225627, 'D_low': 171.2446447678494, 'k2': 0.0001280886335404798, 'D_high': 32311.521854410956, 'fire_exp': 1.811096651915224, 'P_half': 5.4712187293420325, 'pre_dampen_half': 121.93011993958949, 'gpp_af': 42.29037995744429, 'gpp_b': 0.00031478066835753096, 'gpp_d': 96.93415502195788, 'ign_k': 0.0017420858817889426, 'ign_c': 7.081721844034206, 'trop_agb_crit': 12.708819454040446, 'trop_k_veg': 0.5535297685306277, 'fire_amp': 5.606809127618709}.
[I 2026-06-10 20:35:08,778] Trial 619 finished with values: [12.01134000735113, 12.01134000735113] and parameters: {'k1': 3.609310926766545e-05, 'D_low': 83.56564873457052, 'k2': 0.003767022142229395, 'D_high': 1266.9536563782303, 'fire_exp': 1.2344878997299724, 'P_half': 93.43302657318476, 'pre_dampen_half': 170.71098124594695, 'gpp_af': 1.9706963379095486, 'gpp_b': 0.002416023630607169, 'gpp_d': 21.899070557043984, 'ign_k': 0.8945150807271531, 'ign_c': 16.497426799845446, 'trop_agb_crit': 11.664190932505923, 'trop_k_veg': 0.5183533149347164, 'fire_amp': 1.5587346124822492}.
[I 2026-06-10 20:35:10,192] Trial 620 finished with values: [16.15253475494019, 16.15253475494019] and parameters: {'k1': 3.609310926766545e-05, 'D_low': 171.2446447678494, 'k2': 0.00037358626308127543, 'D_high': 32311.521854410956, 'fire_exp': 1.4848387260494937, 'P_half': 5.4712187293420325, 'pre_dampen_half': 170.71098124594695, 'gpp_af': 0.016306190741524337, 'gpp_b': 0.00012118589392553798, 'gpp_d': 96.93415502195788, 'ign_k': 0.0029519227433917453, 'ign_c': 0.4177928311636542, 'trop_agb_crit': 11.664190932505923, 'trop_k_veg': 0.5089315327929785, 'fire_amp': 5.44779717154213}.
[I 2026-06-10 20:35:11,547] Trial 621 finished with values: [10.22580924026913, 10.22580924026913] and parameters: {'k1': 3.609310926766545e-05, 'D_low': 1121.5915868662764, 'k2': 0.006802810205786726, 'D_high': 252.84086172415604, 'fire_exp': 1.4848387260494937, 'P_half': 12.280874862135363, 'pre_dampen_half': 123.04779330083686, 'gpp_af': 0.004511991819672033, 'gpp_b': 2.176805640408474e-05, 'gpp_d': 34.18897529667503, 'ign_k': 0.0029519227433917453, 'ign_c': 7.081721844034206, 'trop_agb_crit': 11.664190932505923, 'trop_k_veg': 2.520089655463604, 'fire_amp': 3.1543496524370136}.
[I 2026-06-10 20:35:13,073] Trial 622 finished with values: [-0.35387938266380453, 0.21483254828401266] and parameters: {'k1': 0.0009898117700885534, 'D_low': 1.4002277211577039, 'k2': 0.02939607009739149, 'D_high': 44974.07193749848, 'fire_exp': 1.1633452995374232, 'P_half': 101.40635645866499, 'pre_dampen_half': 9.044346216330972, 'gpp_af': 1.7775411110039254, 'gpp_b': 0.16285506249643175, 'gpp_d': 1.0088237648985734, 'ign_k': 3.6309591863459096, 'ign_c': 2.2489542843914485, 'trop_agb_crit': 1.0189592979395135, 'trop_k_veg': 0.6488368931910606, 'fire_amp': 2.818314238665462}.
[I 2026-06-10 20:35:14,692] Trial 623 finished with values: [10.016631660287915, 10.016631660287915] and parameters: {'k1': 0.00023134781612225627, 'D_low': 13.012518385211498, 'k2': 0.0002442377596403892, 'D_high': 22.636544662054543, 'fire_exp': 1.0420149135640993, 'P_half': 7.914423612155368, 'pre_dampen_half': 121.93011993958949, 'gpp_af': 0.005061568304359487, 'gpp_b': 0.004411400434514031, 'gpp_d': 1.0088237648985734, 'ign_k': 0.002357279455676982, 'ign_c': 0.22592797420156951, 'trop_agb_crit': 12.708819454040446, 'trop_k_veg': 0.5667990147757791, 'fire_amp': 1.5719333351012774}.
[I 2026-06-10 20:35:16,121] Trial 624 finished with values: [31.581404219943284, 31.581404219943284] and parameters: {'k1': 0.05466937478766084, 'D_low': 1.7551403048208316, 'k2': 0.0007731571570012607, 'D_high': 36998.679204890876, 'fire_exp': 1.4848387260494937, 'P_half': 93.43302657318476, 'pre_dampen_half': 170.71098124594695, 'gpp_af': 0.05729456628445246, 'gpp_b': 2.176805640408474e-05, 'gpp_d': 0.7698760608299932, 'ign_k': 0.17320535908244444, 'ign_c': 7.081721844034206, 'trop_agb_crit': 11.664190932505923, 'trop_k_veg': 4.989748894578724, 'fire_amp': 4.1162797330133705}.
[I 2026-06-10 20:35:17,491] Trial 625 finished with values: [12.020643302215639, 12.020643302215639] and parameters: {'k1': 0.017276056747028225, 'D_low': 2.5449737887285035, 'k2': 0.0004976087827261435, 'D_high': 44974.07193749848, 'fire_exp': 3.2459542834651627, 'P_half': 101.40635645866499, 'pre_dampen_half': 98.05638874011484, 'gpp_af': 1.7775411110039254, 'gpp_b': 0.16285506249643175, 'gpp_d': 21.899070557043984, 'ign_k': 3.6309591863459096, 'ign_c': 2.2489542843914485, 'trop_agb_crit': 8.0091368834625, 'trop_k_veg': 0.6488368931910606, 'fire_amp': 2.818314238665462}.
[I 2026-06-10 20:35:18,814] Trial 626 finished with values: [20.737391701222506, 20.737391701222506] and parameters: {'k1': 0.0008779848797373387, 'D_low': 236.79352040223893, 'k2': 0.0002442377596403892, 'D_high': 1817.0401889219124, 'fire_exp': 1.2344878997299724, 'P_half': 114.62237838612074, 'pre_dampen_half': 958.6709783968975, 'gpp_af': 0.005061568304359487, 'gpp_b': 2.176805640408474e-05, 'gpp_d': 1.0088237648985734, 'ign_k': 0.17320535908244444, 'ign_c': 1.4879588507789996, 'trop_agb_crit': 3.3933702290907823, 'trop_k_veg': 2.520089655463604, 'fire_amp': 5.44779717154213}.
[I 2026-06-10 20:35:20,228] Trial 627 finished with values: [10.14542119894125, 10.14542119894125] and parameters: {'k1': 5.7909642338812115e-05, 'D_low': 1.7551403048208316, 'k2': 0.006802810205786726, 'D_high': 1266.9536563782303, 'fire_exp': 1.9136159174067866, 'P_half': 1241.3450098922583, 'pre_dampen_half': 123.04779330083686, 'gpp_af': 0.004511991819672033, 'gpp_b': 2.176805640408474e-05, 'gpp_d': 96.93415502195788, 'ign_k': 0.05681482545113266, 'ign_c': 7.081721844034206, 'trop_agb_crit': 11.664190932505923, 'trop_k_veg': 2.520089655463604, 'fire_amp': 3.1543496524370136}.
[I 2026-06-10 20:35:21,719] Trial 628 finished with values: [-0.41569504403019253, 0.17715363484632318] and parameters: {'k1': 0.00023134781612225627, 'D_low': 1121.5915868662764, 'k2': 0.0001280886335404798, 'D_high': 32311.521854410956, 'fire_exp': 1.811096651915224, 'P_half': 5.4712187293420325, 'pre_dampen_half': 121.93011993958949, 'gpp_af': 1.9706963379095486, 'gpp_b': 0.00012118589392553798, 'gpp_d': 96.93415502195788, 'ign_k': 0.012480180965117606, 'ign_c': 48.704711413416454, 'trop_agb_crit': 12.708819454040446, 'trop_k_veg': 4.989748894578724, 'fire_amp': 1.5719333351012774}.
[I 2026-06-10 20:35:23,500] Trial 629 finished with values: [10.29437274323119, 10.29437274323119] and parameters: {'k1': 3.609310926766545e-05, 'D_low': 1121.5915868662764, 'k2': 0.00037358626308127543, 'D_high': 36998.679204890876, 'fire_exp': 1.41873960828944, 'P_half': 1265.0580856641704, 'pre_dampen_half': 30.456909077772018, 'gpp_af': 1.9706963379095486, 'gpp_b': 0.00012118589392553798, 'gpp_d': 1.0088237648985734, 'ign_k': 0.17320535908244444, 'ign_c': 7.081721844034206, 'trop_agb_crit': 1.8566494291193822, 'trop_k_veg': 4.989748894578724, 'fire_amp': 5.44779717154213}.
[I 2026-06-10 20:35:24,837] Trial 630 finished with values: [10.527715156088405, 10.527715156088405] and parameters: {'k1': 3.609310926766545e-05, 'D_low': 43.03411264066069, 'k2': 0.0004976087827261435, 'D_high': 252.84086172415604, 'fire_exp': 1.4848387260494937, 'P_half': 1265.0580856641704, 'pre_dampen_half': 123.04779330083686, 'gpp_af': 1.9706963379095486, 'gpp_b': 0.00012118589392553798, 'gpp_d': 96.93415502195788, 'ign_k': 0.002357279455676982, 'ign_c': 153.51441568398127, 'trop_agb_crit': 11.664190932505923, 'trop_k_veg': 2.520089655463604, 'fire_amp': 3.1543496524370136}.
[I 2026-06-10 20:35:26,155] Trial 631 finished with values: [13.627193351107884, 13.627193351107884] and parameters: {'k1': 0.03648456083047798, 'D_low': 148.21691630007544, 'k2': 0.019383858782150494, 'D_high': 1817.0401889219124, 'fire_exp': 1.2060040899560858, 'P_half': 114.62237838612074, 'pre_dampen_half': 8.259599205585761, 'gpp_af': 0.2204465010099918, 'gpp_b': 2.176805640408474e-05, 'gpp_d': 1.0088237648985734, 'ign_k': 0.17320535908244444, 'ign_c': 0.4177928311636542, 'trop_agb_crit': 1.8285200278523417, 'trop_k_veg': 2.724170387400844, 'fire_amp': 5.44779717154213}.
[I 2026-06-10 20:35:27,646] Trial 632 finished with values: [-0.4103369541845082, 0.3058242883734984] and parameters: {'k1': 0.0018697387216131526, 'D_low': 171.2446447678494, 'k2': 0.00037358626308127543, 'D_high': 32311.521854410956, 'fire_exp': 1.2344878997299724, 'P_half': 5.4712187293420325, 'pre_dampen_half': 3.4461856429915305, 'gpp_af': 0.060029341913968644, 'gpp_b': 0.00031478066835753096, 'gpp_d': 0.1922572998567411, 'ign_k': 0.17320535908244444, 'ign_c': 7.081721844034206, 'trop_agb_crit': 1.3063813396521713, 'trop_k_veg': 0.5089315327929785, 'fire_amp': 1.5719333351012774}.
[I 2026-06-10 20:35:29,206] Trial 633 finished with values: [10.833333332980382, 10.833333332980382] and parameters: {'k1': 0.0001599021369655865, 'D_low': 171.2446447678494, 'k2': 0.0004976087827261435, 'D_high': 252.84086172415604, 'fire_exp': 1.4848387260494937, 'P_half': 51.10120656497163, 'pre_dampen_half': 30.456909077772018, 'gpp_af': 0.2204465010099918, 'gpp_b': 0.05719024141066792, 'gpp_d': 96.93415502195788, 'ign_k': 0.17320535908244444, 'ign_c': 153.51441568398127, 'trop_agb_crit': 11.664190932505923, 'trop_k_veg': 2.520089655463604, 'fire_amp': 3.1543496524370136}.
[I 2026-06-10 20:35:30,729] Trial 634 finished with values: [10.30944462617173, 10.30944462617173] and parameters: {'k1': 0.00023134781612225627, 'D_low': 83.56564873457052, 'k2': 0.045914852167405346, 'D_high': 1266.9536563782303, 'fire_exp': 1.41873960828944, 'P_half': 93.43302657318476, 'pre_dampen_half': 170.71098124594695, 'gpp_af': 0.008117091133892173, 'gpp_b': 0.00031478066835753096, 'gpp_d': 21.899070557043984, 'ign_k': 0.0029519227433917453, 'ign_c': 1.4879588507789996, 'trop_agb_crit': 8.0091368834625, 'trop_k_veg': 0.5535297685306277, 'fire_amp': 1.5719333351012774}.
[I 2026-06-10 20:35:32,143] Trial 635 finished with values: [10.73008789268591, 10.73008789268591] and parameters: {'k1': 5.7909642338812115e-05, 'D_low': 171.2446447678494, 'k2': 2.091507303847255e-05, 'D_high': 1817.0401889219124, 'fire_exp': 1.1633452995374232, 'P_half': 114.62237838612074, 'pre_dampen_half': 0.26568345471341914, 'gpp_af': 0.2204465010099918, 'gpp_b': 2.176805640408474e-05, 'gpp_d': 1.0088237648985734, 'ign_k': 0.17320535908244444, 'ign_c': 0.4177928311636542, 'trop_agb_crit': 1.8285200278523417, 'trop_k_veg': 0.5183533149347164, 'fire_amp': 1.734275426324203}.
[I 2026-06-10 20:35:33,595] Trial 636 finished with values: [10.283196910034665, 10.283196910034665] and parameters: {'k1': 3.609310926766545e-05, 'D_low': 1.7551403048208316, 'k2': 0.0001280886335404798, 'D_high': 32311.521854410956, 'fire_exp': 1.4848387260494937, 'P_half': 5.4712187293420325, 'pre_dampen_half': 170.71098124594695, 'gpp_af': 1.9706963379095486, 'gpp_b': 0.00012118589392553798, 'gpp_d': 0.1619054449471649, 'ign_k': 0.17320535908244444, 'ign_c': 0.4177928311636542, 'trop_agb_crit': 11.664190932505923, 'trop_k_veg': 4.989748894578724, 'fire_amp': 3.1543496524370136}.
[I 2026-06-10 20:35:35,000] Trial 637 finished with values: [10.302545116718036, 10.302545116718036] and parameters: {'k1': 3.609310926766545e-05, 'D_low': 171.2446447678494, 'k2': 0.006802810205786726, 'D_high': 32311.521854410956, 'fire_exp': 1.4848387260494937, 'P_half': 1241.3450098922583, 'pre_dampen_half': 121.93011993958949, 'gpp_af': 0.07118041471054574, 'gpp_b': 0.00031478066835753096, 'gpp_d': 0.1619054449471649, 'ign_k': 0.0029519227433917453, 'ign_c': 7.081721844034206, 'trop_agb_crit': 11.664190932505923, 'trop_k_veg': 0.5535297685306277, 'fire_amp': 3.1543496524370136}.
[I 2026-06-10 20:35:36,885] Trial 638 finished with values: [10.076220869491111, 10.076220869491111] and parameters: {'k1': 3.609310926766545e-05, 'D_low': 171.2446447678494, 'k2': 0.00037358626308127543, 'D_high': 1266.9536563782303, 'fire_exp': 1.811096651915224, 'P_half': 5.4712187293420325, 'pre_dampen_half': 103.54508504947606, 'gpp_af': 0.016306190741524337, 'gpp_b': 0.00031478066835753096, 'gpp_d': 0.7698760608299932, 'ign_k': 0.012480180965117606, 'ign_c': 7.081721844034206, 'trop_agb_crit': 11.664190932505923, 'trop_k_veg': 4.989748894578724, 'fire_amp': 5.44779717154213}.
[I 2026-06-10 20:35:38,759] Trial 639 finished with values: [10.143861477263808, 10.143861477263808] and parameters: {'k1': 5.178197947282869e-05, 'D_low': 1.4002277211577039, 'k2': 0.02939607009739149, 'D_high': 24.9899605789089, 'fire_exp': 1.2344878997299724, 'P_half': 9.580682294110435, 'pre_dampen_half': 189.88136301569827, 'gpp_af': 0.060029341913968644, 'gpp_b': 0.002416023630607169, 'gpp_d': 21.899070557043984, 'ign_k': 0.0032383308053152635, 'ign_c': 14.343168707118846, 'trop_agb_crit': 8.0091368834625, 'trop_k_veg': 0.5183533149347164, 'fire_amp': 1.746805197047088}.
[I 2026-06-10 20:35:40,441] Trial 640 finished with values: [10.274646878327605, 10.274646878327605] and parameters: {'k1': 0.012840669372724958, 'D_low': 276.27089412392087, 'k2': 0.00037358626308127543, 'D_high': 32311.521854410956, 'fire_exp': 1.9136159174067866, 'P_half': 5.4712187293420325, 'pre_dampen_half': 30.456909077772018, 'gpp_af': 3.8084948364657136, 'gpp_b': 2.176805640408474e-05, 'gpp_d': 0.7698760608299932, 'ign_k': 0.0029519227433917453, 'ign_c': 7.081721844034206, 'trop_agb_crit': 2.0527418919564324, 'trop_k_veg': 2.520089655463604, 'fire_amp': 5.44779717154213}.
