[I 2026-08-05 23:48:33,753] Trial 555 finished with values: [10.056052325784876, 10.056052325784876] and parameters: {'k1': 1.0941664389997354e-05, 'D_low': 2.458603276328005, 'k2': 0.0007081721844034209, 'D_high': 85018.70149611714, 'fire_exp': 1.151006986743773, 'P_half': 12.808863354047988, 'pre_dampen_half': 703.6426675556048, 'gpp_af': 35.20481045526041, 'gpp_b': 0.7987896438549947, 'gpp_d': 4.5768578731086835, 'ign_k': 0.030956657914928524, 'ign_c': 0.11433485956638717}.
[I 2026-08-05 23:48:34,662] Trial 556 finished with values: [10.146083465073955, 10.146083465073955] and parameters: {'k1': 0.00020222983754231334, 'D_low': 29.89885508829526, 'k2': 4.763991596630584e-05, 'D_high': 1177.190025324204, 'fire_exp': 1.0881360604103363, 'P_half': 10.226988730324324, 'pre_dampen_half': 14.689898077648792, 'gpp_af': 29.925002022877802, 'gpp_b': 0.03841303420847976, 'gpp_d': 891.8036602897795, 'ign_k': 0.0022462908940323947, 'ign_c': 2.5264326476269368}.
[I 2026-08-05 23:48:35,556] Trial 557 finished with values: [-0.4859702782005759, 0.10355556016563816] and parameters: {'k1': 0.016973078532467004, 'D_low': 2.458603276328005, 'k2': 0.0007081721844034209, 'D_high': 85018.70149611714, 'fire_exp': 1.2943117749495199, 'P_half': 39.03214299767183, 'pre_dampen_half': 703.6426675556048, 'gpp_af': 35.20481045526041, 'gpp_b': 0.7987896438549947, 'gpp_d': 4.5768578731086835, 'ign_k': 0.0026834162496848666, 'ign_c': 0.11433485956638717}.
[I 2026-08-05 23:48:36,486] Trial 558 finished with values: [11.385799325861605, 11.385799325861605] and parameters: {'k1': 0.021368329072358756, 'D_low': 7.068974950624602, 'k2': 1.3577269394141447e-05, 'D_high': 75773.14388518519, 'fire_exp': 1.010722707674549, 'P_half': 10.226988730324324, 'pre_dampen_half': 36.876350096203005, 'gpp_af': 29.925002022877802, 'gpp_b': 2.9612221068836557e-05, 'gpp_d': 5.878566318396007, 'ign_k': 0.01474275315991467, 'ign_c': 6.160975294741436}.
[I 2026-08-05 23:48:37,417] Trial 559 finished with values: [-0.5564802482691705, 0.07067914282729215] and parameters: {'k1': 0.03232155805617897, 'D_low': 29.89885508829526, 'k2': 0.0499774937030317, 'D_high': 6455.595882939566, 'fire_exp': 1.5201277403788451, 'P_half': 39.03214299767183, 'pre_dampen_half': 111.37963167994629, 'gpp_af': 11.234842109991876, 'gpp_b': 0.10123867001105968, 'gpp_d': 368.30088529547436, 'ign_k': 0.4702627143647234, 'ign_c': 14.810800730363484}.
[I 2026-08-05 23:48:38,331] Trial 560 finished with values: [10.00232748066553, 10.00232748066553] and parameters: {'k1': 0.0017320535908244437, 'D_low': 2.458603276328005, 'k2': 0.0007081721844034209, 'D_high': 75773.14388518519, 'fire_exp': 1.811096651915224, 'P_half': 10.226988730324324, 'pre_dampen_half': 36.876350096203005, 'gpp_af': 83.56239973758213, 'gpp_b': 0.03841303420847976, 'gpp_d': 368.30088529547436, 'ign_k': 0.01474275315991467, 'ign_c': 6.160975294741436}.
[I 2026-08-05 23:48:39,248] Trial 561 finished with values: [10.876452846332608, 10.876452846332608] and parameters: {'k1': 7.841214856323651e-05, 'D_low': 1112.9571947046009, 'k2': 0.0004381141781653133, 'D_high': 6455.595882939566, 'fire_exp': 1.151006986743773, 'P_half': 7.670748914453766, 'pre_dampen_half': 703.6426675556048, 'gpp_af': 0.09651979281656148, 'gpp_b': 6.255968081638362e-05, 'gpp_d': 149.50343942182866, 'ign_k': 0.11101191524846071, 'ign_c': 10.140635645866492}.
[I 2026-08-05 23:48:40,160] Trial 562 finished with values: [10.096997761395503, 10.096997761395503] and parameters: {'k1': 0.001862787834791215, 'D_low': 1.2834648227562822, 'k2': 2.5461628161276896e-05, 'D_high': 233.52156626184438, 'fire_exp': 1.182396148413737, 'P_half': 4.397766894483963, 'pre_dampen_half': 28.01075698398644, 'gpp_af': 0.0025511964576171086, 'gpp_b': 3.228689523591491e-05, 'gpp_d': 0.13223503889537183, 'ign_k': 0.03141110271934876, 'ign_c': 0.7724824966785973}.
[I 2026-08-05 23:48:41,136] Trial 563 finished with values: [10.76921791018824, 10.76921791018824] and parameters: {'k1': 0.0029707920514735983, 'D_low': 29.89885508829526, 'k2': 0.005456725485601475, 'D_high': 6455.595882939566, 'fire_exp': 1.811096651915224, 'P_half': 95.65499215943822, 'pre_dampen_half': 111.37963167994629, 'gpp_af': 0.0025511964576171086, 'gpp_b': 1.5938003265859821, 'gpp_d': 368.30088529547436, 'ign_k': 1.59348065855562, 'ign_c': 10.140635645866492}.
[I 2026-08-05 23:48:42,111] Trial 564 finished with values: [-0.5249276875858114, 0.12108448230898894] and parameters: {'k1': 0.03232155805617897, 'D_low': 9.330007965781027, 'k2': 0.0499774937030317, 'D_high': 6455.595882939566, 'fire_exp': 1.811096651915224, 'P_half': 10.226988730324324, 'pre_dampen_half': 36.876350096203005, 'gpp_af': 22.766850248686247, 'gpp_b': 0.03841303420847976, 'gpp_d': 891.8036602897795, 'ign_k': 0.01474275315991467, 'ign_c': 6.160975294741436}.
[I 2026-08-05 23:48:43,028] Trial 565 finished with values: [10.769230132589772, 10.769230132589772] and parameters: {'k1': 0.0017320535908244437, 'D_low': 2.458603276328005, 'k2': 0.0004381141781653133, 'D_high': 75773.14388518519, 'fire_exp': 1.1670151053031461, 'P_half': 147.09699119495133, 'pre_dampen_half': 0.10017312476738939, 'gpp_af': 0.001162712343304238, 'gpp_b': 0.35446974723746, 'gpp_d': 5.878566318396007, 'ign_k': 0.03141110271934876, 'ign_c': 47.268615251255675}.
[I 2026-08-05 23:48:43,940] Trial 566 finished with values: [-0.52463114869297, 0.1328696290109106] and parameters: {'k1': 0.002971796631657383, 'D_low': 74.92772870670282, 'k2': 1.1184534120760473e-05, 'D_high': 75773.14388518519, 'fire_exp': 1.1670151053031461, 'P_half': 39.03214299767183, 'pre_dampen_half': 53.73093479067421, 'gpp_af': 35.20481045526041, 'gpp_b': 0.011750724729953272, 'gpp_d': 5.1715677287580455, 'ign_k': 0.017654048052495083, 'ign_c': 6.160975294741436}.
[I 2026-08-05 23:48:44,851] Trial 567 finished with values: [10.762095760568453, 10.762095760568453] and parameters: {'k1': 0.016973078532467004, 'D_low': 125.32726386250698, 'k2': 4.676601116802035e-05, 'D_high': 85018.70149611714, 'fire_exp': 1.151006986743773, 'P_half': 12.808863354047988, 'pre_dampen_half': 304.7488318185732, 'gpp_af': 35.20481045526041, 'gpp_b': 0.7987896438549947, 'gpp_d': 0.03333029838740256, 'ign_k': 0.03141110271934876, 'ign_c': 0.11433485956638717}.
[I 2026-08-05 23:48:45,740] Trial 568 finished with values: [10.02919201915774, 10.02919201915774] and parameters: {'k1': 0.00324789183891923, 'D_low': 351.3346616869279, 'k2': 0.0004381141781653133, 'D_high': 75773.14388518519, 'fire_exp': 1.1670151053031461, 'P_half': 12.808863354047988, 'pre_dampen_half': 703.6426675556048, 'gpp_af': 35.20481045526041, 'gpp_b': 0.35446974723746, 'gpp_d': 5.878566318396007, 'ign_k': 0.01474275315991467, 'ign_c': 47.268615251255675}.
[I 2026-08-05 23:48:46,665] Trial 569 finished with values: [-0.45995239021553463, 0.08540391044594564] and parameters: {'k1': 0.006697348618512094, 'D_low': 74.92772870670282, 'k2': 0.00038791280730284417, 'D_high': 949.9072859745386, 'fire_exp': 1.0473002272689056, 'P_half': 39.03214299767183, 'pre_dampen_half': 53.73093479067421, 'gpp_af': 35.20481045526041, 'gpp_b': 0.10123867001105968, 'gpp_d': 4.5768578731086835, 'ign_k': 0.0013376564232104107, 'ign_c': 14.810800730363484}.
[I 2026-08-05 23:48:47,602] Trial 570 finished with values: [10.504893805085747, 10.504893805085747] and parameters: {'k1': 0.05557109890966285, 'D_low': 1.2834648227562822, 'k2': 2.5461628161276896e-05, 'D_high': 9769.756791866093, 'fire_exp': 1.0881360604103363, 'P_half': 10.226988730324324, 'pre_dampen_half': 703.6426675556048, 'gpp_af': 0.0018190993482387697, 'gpp_b': 0.00031478066835753096, 'gpp_d': 5.087233554384502, 'ign_k': 0.0026834162496848666, 'ign_c': 6.160975294741436}.
[I 2026-08-05 23:48:48,860] Trial 571 finished with values: [10.277618469508786, 10.277618469508786] and parameters: {'k1': 0.002971796631657383, 'D_low': 7.068974950624602, 'k2': 1.1184534120760473e-05, 'D_high': 6455.595882939566, 'fire_exp': 1.3614924220931135, 'P_half': 5.342106255632175, 'pre_dampen_half': 111.37963167994629, 'gpp_af': 29.925002022877802, 'gpp_b': 0.17962348438857098, 'gpp_d': 5.878566318396007, 'ign_k': 0.0026834162496848666, 'ign_c': 0.11433485956638717}.
[I 2026-08-05 23:48:49,892] Trial 572 finished with values: [12.985414221524596, 12.985414221524596] and parameters: {'k1': 0.016973078532467004, 'D_low': 2.458603276328005, 'k2': 0.0007081721844034209, 'D_high': 75773.14388518519, 'fire_exp': 1.151006986743773, 'P_half': 12.808863354047988, 'pre_dampen_half': 703.6426675556048, 'gpp_af': 35.20481045526041, 'gpp_b': 0.7987896438549947, 'gpp_d': 891.8036602897795, 'ign_k': 0.030956657914928524, 'ign_c': 1.0939944910100017}.
[I 2026-08-05 23:48:50,856] Trial 573 finished with values: [10.32560508222391, 10.32560508222391] and parameters: {'k1': 0.04897760278488444, 'D_low': 7.068974950624602, 'k2': 0.0007081721844034209, 'D_high': 3660.150802571655, 'fire_exp': 1.2943117749495199, 'P_half': 12.808863354047988, 'pre_dampen_half': 703.6426675556048, 'gpp_af': 35.20481045526041, 'gpp_b': 0.10123867001105968, 'gpp_d': 4.5768578731086835, 'ign_k': 0.01474275315991467, 'ign_c': 0.11433485956638717}.
[I 2026-08-05 23:48:51,872] Trial 574 finished with values: [11.472010858862271, 11.472010858862271] and parameters: {'k1': 0.03047028350021925, 'D_low': 18.522006003174383, 'k2': 0.0007081721844034209, 'D_high': 85018.70149611714, 'fire_exp': 1.010722707674549, 'P_half': 608.3019192425825, 'pre_dampen_half': 703.6426675556048, 'gpp_af': 35.20481045526041, 'gpp_b': 0.7987896438549947, 'gpp_d': 891.8036602897795, 'ign_k': 3.7173717478250508, 'ign_c': 1.0939944910100017}.
[I 2026-08-05 23:48:52,990] Trial 575 finished with values: [10.768467827606242, 10.768467827606242] and parameters: {'k1': 0.005643426708406567, 'D_low': 125.32726386250698, 'k2': 0.005456725485601475, 'D_high': 7744.80118512745, 'fire_exp': 1.182396148413737, 'P_half': 12.808863354047988, 'pre_dampen_half': 33.9790424311127, 'gpp_af': 0.001162712343304238, 'gpp_b': 0.7987896438549947, 'gpp_d': 4.5768578731086835, 'ign_k': 5.9736167866478125, 'ign_c': 0.11433485956638717}.
[I 2026-08-05 23:48:54,032] Trial 576 finished with values: [10.520484067490225, 10.520484067490225] and parameters: {'k1': 0.007183692410204826, 'D_low': 2.458603276328005, 'k2': 0.0007081721844034209, 'D_high': 75773.14388518519, 'fire_exp': 1.1044852285094786, 'P_half': 10.226988730324324, 'pre_dampen_half': 36.876350096203005, 'gpp_af': 35.20481045526041, 'gpp_b': 0.03841303420847976, 'gpp_d': 4.5768578731086835, 'ign_k': 0.01474275315991467, 'ign_c': 161.03205392189665}.
[I 2026-08-05 23:48:55,104] Trial 577 finished with values: [10.568025361681276, 10.568025361681276] and parameters: {'k1': 0.002971796631657383, 'D_low': 2.458603276328005, 'k2': 1.1184534120760473e-05, 'D_high': 6455.595882939566, 'fire_exp': 1.1044852285094786, 'P_half': 851.7034154701655, 'pre_dampen_half': 53.73093479067421, 'gpp_af': 0.04339970334001348, 'gpp_b': 0.011750724729953272, 'gpp_d': 5.1715677287580455, 'ign_k': 0.0227929621949939, 'ign_c': 6.160975294741436}.
[I 2026-08-05 23:48:56,082] Trial 578 finished with values: [11.516448312925961, 11.516448312925961] and parameters: {'k1': 0.03232155805617897, 'D_low': 7.068974950624602, 'k2': 0.0007081721844034209, 'D_high': 6455.595882939566, 'fire_exp': 1.1044852285094786, 'P_half': 10.226988730324324, 'pre_dampen_half': 111.37963167994629, 'gpp_af': 35.20481045526041, 'gpp_b': 1.5938003265859821, 'gpp_d': 368.30088529547436, 'ign_k': 1.8167721131483867, 'ign_c': 6.160975294741436}.
[I 2026-08-05 23:48:57,067] Trial 579 finished with values: [-0.5648709620558799, 0.12579274498294668] and parameters: {'k1': 0.0002514786015817364, 'D_low': 4.051452710153359, 'k2': 0.0007081721844034209, 'D_high': 85018.70149611714, 'fire_exp': 1.5201277403788451, 'P_half': 39.03214299767183, 'pre_dampen_half': 703.6426675556048, 'gpp_af': 29.925002022877802, 'gpp_b': 0.7987896438549947, 'gpp_d': 34.37107943937136, 'ign_k': 0.4702627143647234, 'ign_c': 0.17036120617148395}.
[I 2026-08-05 23:48:58,036] Trial 580 finished with values: [-0.5074528647400947, 0.12814333069716655] and parameters: {'k1': 0.0029707920514735983, 'D_low': 125.32726386250698, 'k2': 0.005456725485601475, 'D_high': 7744.80118512745, 'fire_exp': 1.182396148413737, 'P_half': 95.65499215943822, 'pre_dampen_half': 33.9790424311127, 'gpp_af': 0.0025511964576171086, 'gpp_b': 3.228689523591491e-05, 'gpp_d': 857.4284557962634, 'ign_k': 0.03141110271934876, 'ign_c': 8.671454322584175}.
[I 2026-08-05 23:48:58,956] Trial 581 finished with values: [10.42408627299612, 10.42408627299612] and parameters: {'k1': 0.002971796631657383, 'D_low': 2.458603276328005, 'k2': 0.0007081721844034209, 'D_high': 75773.14388518519, 'fire_exp': 1.3614924220931135, 'P_half': 5.342106255632175, 'pre_dampen_half': 111.37963167994629, 'gpp_af': 29.925002022877802, 'gpp_b': 3.0247471647147563e-05, 'gpp_d': 5.878566318396007, 'ign_k': 3.7954792742512957, 'ign_c': 6.160975294741436}.
[I 2026-08-05 23:48:59,858] Trial 582 finished with values: [10.672574743475876, 10.672574743475876] and parameters: {'k1': 0.0017320535908244437, 'D_low': 2.1234210963705626, 'k2': 1.1184534120760473e-05, 'D_high': 6455.595882939566, 'fire_exp': 1.811096651915224, 'P_half': 147.09699119495133, 'pre_dampen_half': 36.876350096203005, 'gpp_af': 0.001162712343304238, 'gpp_b': 3.228689523591491e-05, 'gpp_d': 368.30088529547436, 'ign_k': 0.1550134937334847, 'ign_c': 6.160975294741436}.
[I 2026-08-05 23:49:00,772] Trial 583 finished with values: [10.499458539401173, 10.499458539401173] and parameters: {'k1': 0.002971796631657383, 'D_low': 1858.6220273069061, 'k2': 1.1184534120760473e-05, 'D_high': 75773.14388518519, 'fire_exp': 1.1670151053031461, 'P_half': 10.226988730324324, 'pre_dampen_half': 36.876350096203005, 'gpp_af': 29.925002022877802, 'gpp_b': 0.011750724729953272, 'gpp_d': 5.878566318396007, 'ign_k': 0.01474275315991467, 'ign_c': 6.160975294741436}.
[I 2026-08-05 23:49:01,688] Trial 584 finished with values: [10.634261768388503, 10.634261768388503] and parameters: {'k1': 0.03232155805617897, 'D_low': 2.458603276328005, 'k2': 0.006138509947844854, 'D_high': 75773.14388518519, 'fire_exp': 1.3614924220931135, 'P_half': 10.226988730324324, 'pre_dampen_half': 36.876350096203005, 'gpp_af': 11.234842109991876, 'gpp_b': 1.5938003265859821, 'gpp_d': 1.826381177000974, 'ign_k': 0.0035114452581286888, 'ign_c': 6.160975294741436}.
[I 2026-08-05 23:49:02,612] Trial 585 finished with values: [11.148927731079716, 11.148927731079716] and parameters: {'k1': 0.04897760278488444, 'D_low': 2.458603276328005, 'k2': 0.00375241428659295, 'D_high': 85018.70149611714, 'fire_exp': 1.2943117749495199, 'P_half': 39.03214299767183, 'pre_dampen_half': 703.6426675556048, 'gpp_af': 35.20481045526041, 'gpp_b': 0.7987896438549947, 'gpp_d': 34.37107943937136, 'ign_k': 0.12752949611679998, 'ign_c': 0.11433485956638717}.
[I 2026-08-05 23:49:03,567] Trial 586 finished with values: [11.693407497675285, 11.693407497675285] and parameters: {'k1': 0.03232155805617897, 'D_low': 2.458603276328005, 'k2': 0.0007081721844034209, 'D_high': 85018.70149611714, 'fire_exp': 1.151006986743773, 'P_half': 12.808863354047988, 'pre_dampen_half': 703.6426675556048, 'gpp_af': 11.234842109991876, 'gpp_b': 0.7987896438549947, 'gpp_d': 368.30088529547436, 'ign_k': 5.9736167866478125, 'ign_c': 10.140635645866492}.
[I 2026-08-05 23:49:04,489] Trial 587 finished with values: [11.669468983867642, 11.669468983867642] and parameters: {'k1': 0.016973078532467004, 'D_low': 2.458603276328005, 'k2': 0.0007081721844034209, 'D_high': 7744.80118512745, 'fire_exp': 1.2943117749495199, 'P_half': 39.03214299767183, 'pre_dampen_half': 703.6426675556048, 'gpp_af': 35.20481045526041, 'gpp_b': 3.228689523591491e-05, 'gpp_d': 4.5768578731086835, 'ign_k': 0.10712009151798696, 'ign_c': 0.11433485956638717}.
[I 2026-08-05 23:49:05,399] Trial 588 finished with values: [10.59232213089986, 10.59232213089986] and parameters: {'k1': 0.015602015889668856, 'D_low': 7.068974950624602, 'k2': 0.00038791280730284417, 'D_high': 75773.14388518519, 'fire_exp': 1.5201277403788451, 'P_half': 39.03214299767183, 'pre_dampen_half': 36.876350096203005, 'gpp_af': 35.20481045526041, 'gpp_b': 0.10123867001105968, 'gpp_d': 4.5768578731086835, 'ign_k': 0.4702627143647234, 'ign_c': 14.810800730363484}.
[I 2026-08-05 23:49:06,342] Trial 589 finished with values: [10.697078156577618, 10.697078156577618] and parameters: {'k1': 2.0937989739527727e-05, 'D_low': 1.2834648227562822, 'k2': 2.5461628161276896e-05, 'D_high': 233.52156626184438, 'fire_exp': 1.182396148413737, 'P_half': 844.0303958079087, 'pre_dampen_half': 36.876350096203005, 'gpp_af': 35.20481045526041, 'gpp_b': 3.228689523591491e-05, 'gpp_d': 0.13223503889537183, 'ign_k': 0.03141110271934876, 'ign_c': 6.160975294741436}.
[I 2026-08-05 23:49:07,272] Trial 590 finished with values: [10.76900861401481, 10.76900861401481] and parameters: {'k1': 0.03232155805617897, 'D_low': 175.2878790340412, 'k2': 0.034987345440353576, 'D_high': 21.208987108343724, 'fire_exp': 1.3614924220931135, 'P_half': 12.808863354047988, 'pre_dampen_half': 30.20668663862189, 'gpp_af': 11.234842109991876, 'gpp_b': 1.5938003265859821, 'gpp_d': 368.30088529547436, 'ign_k': 0.01474275315991467, 'ign_c': 0.11433485956638717}.
[I 2026-08-05 23:49:08,254] Trial 591 finished with values: [10.769209691018792, 10.769209691018792] and parameters: {'k1': 0.03232155805617897, 'D_low': 175.2878790340412, 'k2': 0.031211489608802344, 'D_high': 6455.595882939566, 'fire_exp': 1.811096651915224, 'P_half': 5.342106255632175, 'pre_dampen_half': 111.37963167994629, 'gpp_af': 11.234842109991876, 'gpp_b': 1.5938003265859821, 'gpp_d': 0.020033665584113368, 'ign_k': 0.0035114452581286888, 'ign_c': 0.11433485956638717}.
[I 2026-08-05 23:49:09,352] Trial 592 finished with values: [10.2818744242555, 10.2818744242555] and parameters: {'k1': 0.04897760278488444, 'D_low': 2.458603276328005, 'k2': 0.0007081721844034209, 'D_high': 75773.14388518519, 'fire_exp': 1.1670151053031461, 'P_half': 12.808863354047988, 'pre_dampen_half': 703.6426675556048, 'gpp_af': 35.20481045526041, 'gpp_b': 0.35446974723746, 'gpp_d': 4.5768578731086835, 'ign_k': 0.05362153030688613, 'ign_c': 0.9736725715035878}.
[I 2026-08-05 23:49:10,271] Trial 593 finished with values: [10.053077961107572, 10.053077961107572] and parameters: {'k1': 4.346890702031291e-05, 'D_low': 7.068974950624602, 'k2': 1.1184534120760473e-05, 'D_high': 9769.756791866093, 'fire_exp': 1.0881360604103363, 'P_half': 10.226988730324324, 'pre_dampen_half': 36.876350096203005, 'gpp_af': 29.925002022877802, 'gpp_b': 0.011750724729953272, 'gpp_d': 5.878566318396007, 'ign_k': 0.0026834162496848666, 'ign_c': 6.160975294741436}.
[I 2026-08-05 23:49:11,202] Trial 594 finished with values: [10.614843464903364, 10.614843464903364] and parameters: {'k1': 0.030699709531122967, 'D_low': 7.068974950624602, 'k2': 0.0499774937030317, 'D_high': 6455.595882939566, 'fire_exp': 1.811096651915224, 'P_half': 941.9612235978199, 'pre_dampen_half': 111.37963167994629, 'gpp_af': 11.234842109991876, 'gpp_b': 1.5938003265859821, 'gpp_d': 891.8036602897795, 'ign_k': 0.002357279455676982, 'ign_c': 10.140635645866492}.
[I 2026-08-05 23:49:12,140] Trial 595 finished with values: [10.769181087797913, 10.769181087797913] and parameters: {'k1': 0.03232155805617897, 'D_low': 2.458603276328005, 'k2': 0.0499774937030317, 'D_high': 6455.595882939566, 'fire_exp': 1.6565860022602612, 'P_half': 8006.837661379568, 'pre_dampen_half': 0.48359183418131724, 'gpp_af': 35.20481045526041, 'gpp_b': 0.03841303420847976, 'gpp_d': 4.25060659305504, 'ign_k': 0.01474275315991467, 'ign_c': 8.671454322584175}.
[I 2026-08-05 23:49:13,063] Trial 596 finished with values: [-0.4983263772946616, 0.14313914719368892] and parameters: {'k1': 5.3514523498433285e-05, 'D_low': 125.32726386250698, 'k2': 0.0004381141781653133, 'D_high': 7744.80118512745, 'fire_exp': 1.010722707674549, 'P_half': 608.3019192425825, 'pre_dampen_half': 59.66041614891413, 'gpp_af': 22.766850248686247, 'gpp_b': 0.6637926838138378, 'gpp_d': 857.4284557962634, 'ign_k': 3.7173717478250508, 'ign_c': 0.11433485956638717}.
[I 2026-08-05 23:49:14,041] Trial 597 finished with values: [-0.527333682109707, 0.13707948495000044] and parameters: {'k1': 0.0005486676498816061, 'D_low': 2.458603276328005, 'k2': 0.034987345440353576, 'D_high': 75773.14388518519, 'fire_exp': 1.151006986743773, 'P_half': 12.808863354047988, 'pre_dampen_half': 88.81627111957808, 'gpp_af': 35.20481045526041, 'gpp_b': 0.7987896438549947, 'gpp_d': 19.65797948502804, 'ign_k': 0.01474275315991467, 'ign_c': 6.160975294741436}.
[I 2026-08-05 23:49:14,972] Trial 598 finished with values: [10.76538937051892, 10.76538937051892] and parameters: {'k1': 0.002971796631657383, 'D_low': 29.89885508829526, 'k2': 1.1184534120760473e-05, 'D_high': 1687.3495104568947, 'fire_exp': 3.149167178485301, 'P_half': 10.226988730324324, 'pre_dampen_half': 14.689898077648792, 'gpp_af': 29.925002022877802, 'gpp_b': 0.011750724729953272, 'gpp_d': 4.5768578731086835, 'ign_k': 0.005522071973135812, 'ign_c': 6.160975294741436}.
[I 2026-08-05 23:49:15,886] Trial 599 finished with values: [-0.49765174507000864, 0.12650452342832774] and parameters: {'k1': 0.0017320535908244437, 'D_low': 2.458603276328005, 'k2': 0.0499774937030317, 'D_high': 1665.1532285161688, 'fire_exp': 1.1044852285094786, 'P_half': 10.226988730324324, 'pre_dampen_half': 36.876350096203005, 'gpp_af': 22.766850248686247, 'gpp_b': 0.03841303420847976, 'gpp_d': 4.25060659305504, 'ign_k': 0.01474275315991467, 'ign_c': 6.160975294741436}.
