[I 2026-06-11 13:07:10,866] Trial 250 finished with values: [10.734873643392625, 10.734873643392625] and parameters: {'k1': 0.0018697387216131526, 'D_low': 2388.8979300769865, 'k2': 0.0004976087827261435, 'D_high': 27.55546207779663, 'fire_exp': 1.2918065501148304, 'P_half': 3.591771421517613, 'pre_dampen_half': 253.71947027764784, 'gpp_af': 0.008117091133892173, 'gpp_b': 0.00807491410172472, 'gpp_d': 20.81401325574021, 'ign_k': 0.002357279455676982, 'ign_c': 388.02797007866826, 'trop_agb_crit': 24.199763404822136, 'trop_k_veg': 0.5535297685306277, 'fire_amp': 5.606809127618709}.
[I 2026-06-11 13:07:11,759] Trial 251 finished with values: [10.145489390873887, 10.145489390873887] and parameters: {'k1': 0.0004846497679219079, 'D_low': 1121.5915868662764, 'k2': 0.08661811390647982, 'D_high': 1266.9536563782303, 'fire_exp': 1.111738490499784, 'P_half': 45.55085098454082, 'pre_dampen_half': 170.71098124594695, 'gpp_af': 42.29037995744429, 'gpp_b': 0.010307896803108956, 'gpp_d': 7.631016235941559, 'ign_k': 0.012480180965117606, 'ign_c': 16.470698221724305, 'trop_agb_crit': 11.664190932505923, 'trop_k_veg': 6.030247256556128, 'fire_amp': 3.1543496524370136}.
[I 2026-06-11 13:07:12,701] Trial 252 finished with values: [10.69450004187841, 10.69450004187841] and parameters: {'k1': 0.0018697387216131526, 'D_low': 1.4002277211577039, 'k2': 0.0001016707987819611, 'D_high': 1817.0401889219124, 'fire_exp': 1.1633452995374232, 'P_half': 4303.306161410612, 'pre_dampen_half': 16.009350908593582, 'gpp_af': 0.008117091133892173, 'gpp_b': 0.004411400434514031, 'gpp_d': 545.0253444559129, 'ign_k': 0.004105873950290761, 'ign_c': 22.126836566118193, 'trop_agb_crit': 5.588032458772675, 'trop_k_veg': 2.724170387400844, 'fire_amp': 1.5719333351012774}.
[I 2026-06-11 13:07:13,587] Trial 253 finished with values: [10.745569491506997, 10.745569491506997] and parameters: {'k1': 0.0001887567630782227, 'D_low': 1.7551403048208316, 'k2': 0.03071666851587867, 'D_high': 16780.50857913099, 'fire_exp': 1.069663761954776, 'P_half': 2.969335773129636, 'pre_dampen_half': 30.456909077772018, 'gpp_af': 0.008117091133892173, 'gpp_b': 1.8400604093141188, 'gpp_d': 12.338826503601998, 'ign_k': 1.636529060071807, 'ign_c': 7.081721844034206, 'trop_agb_crit': 1.8285200278523417, 'trop_k_veg': 4.0068236274914755, 'fire_amp': 4.2446263054164195}.
[I 2026-06-11 13:07:14,504] Trial 254 finished with values: [10.630801354872146, 10.630801354872146] and parameters: {'k1': 0.016973078532467004, 'D_low': 3840.3004190988563, 'k2': 0.045914852167405346, 'D_high': 20103.283734409175, 'fire_exp': 1.41873960828944, 'P_half': 3.591771421517613, 'pre_dampen_half': 16.009350908593582, 'gpp_af': 0.004409093791567215, 'gpp_b': 1.1008110571039521e-05, 'gpp_d': 0.47379914349407487, 'ign_k': 0.9419612235978201, 'ign_c': 7.081721844034206, 'trop_agb_crit': 1.5033346993841157, 'trop_k_veg': 0.7808079158649266, 'fire_amp': 5.416595007374148}.
[I 2026-06-11 13:07:15,436] Trial 255 finished with values: [10.462967306175774, 10.462967306175774] and parameters: {'k1': 1.1281785190969807e-05, 'D_low': 171.2446447678494, 'k2': 0.0004976087827261435, 'D_high': 69868.4759244566, 'fire_exp': 1.3807440352456883, 'P_half': 51.10120656497163, 'pre_dampen_half': 123.04779330083686, 'gpp_af': 29.700320404259642, 'gpp_b': 0.015062722325200045, 'gpp_d': 1.336803341156552, 'ign_k': 0.002357279455676982, 'ign_c': 388.02797007866826, 'trop_agb_crit': 2.0420012944047587, 'trop_k_veg': 1.2749676887479542, 'fire_amp': 5.606809127618709}.
[I 2026-06-11 13:07:16,416] Trial 256 finished with values: [11.377814197203046, 11.377814197203046] and parameters: {'k1': 3.609310926766545e-05, 'D_low': 1121.5915868662764, 'k2': 8.968733598183248e-05, 'D_high': 42210.21267871043, 'fire_exp': 1.7505406131449859, 'P_half': 9.580682294110435, 'pre_dampen_half': 170.71098124594695, 'gpp_af': 1.9706963379095486, 'gpp_b': 0.0004125336560355494, 'gpp_d': 96.93415502195788, 'ign_k': 0.012480180965117606, 'ign_c': 1.4879588507789996, 'trop_agb_crit': 11.664190932505923, 'trop_k_veg': 0.5183533149347164, 'fire_amp': 3.1543496524370136}.
[I 2026-06-11 13:07:17,471] Trial 257 finished with values: [10.595620106092973, 10.595620106092973] and parameters: {'k1': 5.7909642338812115e-05, 'D_low': 1.4002277211577039, 'k2': 0.0007731571570012607, 'D_high': 18701.140647651915, 'fire_exp': 1.1633452995374232, 'P_half': 1265.0580856641704, 'pre_dampen_half': 1.8469033699850426, 'gpp_af': 0.41874665092828456, 'gpp_b': 0.004411400434514031, 'gpp_d': 1.0088237648985734, 'ign_k': 0.17320535908244444, 'ign_c': 0.4177928311636542, 'trop_agb_crit': 1.8566494291193822, 'trop_k_veg': 5.022956259243681, 'fire_amp': 1.5719333351012774}.
[I 2026-06-11 13:07:18,520] Trial 258 finished with values: [10.76614443252211, 10.76614443252211] and parameters: {'k1': 0.00023134781612225627, 'D_low': 12.105387404469584, 'k2': 0.003767022142229395, 'D_high': 29.126651668813768, 'fire_exp': 1.111738490499784, 'P_half': 2539.9645554516837, 'pre_dampen_half': 3.4461856429915305, 'gpp_af': 1.9706963379095486, 'gpp_b': 0.00031478066835753096, 'gpp_d': 0.12878367369717508, 'ign_k': 0.00840038491455979, 'ign_c': 7.832259769732471, 'trop_agb_crit': 1.0693376406863295, 'trop_k_veg': 0.5089315327929785, 'fire_amp': 4.19233232783727}.
[I 2026-06-11 13:07:19,533] Trial 259 finished with values: [10.28262366157295, 10.28262366157295] and parameters: {'k1': 0.00026539376439360527, 'D_low': 1074.940539517341, 'k2': 1.1417577140741129e-05, 'D_high': 29.126651668813768, 'fire_exp': 1.9783727454920947, 'P_half': 1.4551749476072258, 'pre_dampen_half': 30.456909077772018, 'gpp_af': 1.3954498518315706, 'gpp_b': 0.006999112505425414, 'gpp_d': 47.35384181058586, 'ign_k': 0.09256855841989636, 'ign_c': 7.832259769732471, 'trop_agb_crit': 1.8023542850487386, 'trop_k_veg': 1.6648666152166967, 'fire_amp': 4.2446263054164195}.
[I 2026-06-11 13:07:20,496] Trial 260 finished with values: [10.71840229794935, 10.71840229794935] and parameters: {'k1': 0.006079905434073396, 'D_low': 15.0613200804335, 'k2': 4.933751600448335e-05, 'D_high': 42.242359735170886, 'fire_exp': 1.9365919987098117, 'P_half': 157.3644610977214, 'pre_dampen_half': 37.40930273158252, 'gpp_af': 29.700320404259642, 'gpp_b': 0.00047819318414852577, 'gpp_d': 12.151631524283598, 'ign_k': 0.001229921046579313, 'ign_c': 16.497426799845446, 'trop_agb_crit': 1.8023542850487386, 'trop_k_veg': 1.6003641872536711, 'fire_amp': 1.4475279918261055}.
[I 2026-06-11 13:07:21,428] Trial 261 finished with values: [10.06155839792363, 10.06155839792363] and parameters: {'k1': 0.08409006963311547, 'D_low': 1.4002277211577039, 'k2': 1.1417577140741129e-05, 'D_high': 29.126651668813768, 'fire_exp': 1.41873960828944, 'P_half': 1265.0580856641704, 'pre_dampen_half': 30.456909077772018, 'gpp_af': 0.41874665092828456, 'gpp_b': 0.006999112505425414, 'gpp_d': 47.35384181058586, 'ign_k': 0.09256855841989636, 'ign_c': 7.832259769732471, 'trop_agb_crit': 1.8023542850487386, 'trop_k_veg': 1.6648666152166967, 'fire_amp': 3.102033517490054}.
[I 2026-06-11 13:07:22,298] Trial 262 finished with values: [10.344946261835021, 10.344946261835021] and parameters: {'k1': 0.0001887567630782227, 'D_low': 236.79352040223893, 'k2': 0.005204862686958021, 'D_high': 18108.14362107968, 'fire_exp': 1.9136159174067866, 'P_half': 10.94496366796197, 'pre_dampen_half': 269.0845367054866, 'gpp_af': 0.8594202650742228, 'gpp_b': 0.049565458633074926, 'gpp_d': 47.35384181058586, 'ign_k': 0.0032383308053152635, 'ign_c': 1.3431925993528124, 'trop_agb_crit': 3.438084743887884, 'trop_k_veg': 4.0068236274914755, 'fire_amp': 2.7556562114998226}.
[I 2026-06-11 13:07:23,201] Trial 263 finished with values: [-0.38928915499274563, 0.4081101702485107] and parameters: {'k1': 1.1281785190969807e-05, 'D_low': 1121.5915868662764, 'k2': 0.0004976087827261435, 'D_high': 69868.4759244566, 'fire_exp': 1.111738490499784, 'P_half': 51.10120656497163, 'pre_dampen_half': 123.04779330083686, 'gpp_af': 29.700320404259642, 'gpp_b': 0.015062722325200045, 'gpp_d': 1.336803341156552, 'ign_k': 0.012480180965117606, 'ign_c': 16.470698221724305, 'trop_agb_crit': 8.639792249596399, 'trop_k_veg': 1.2749676887479542, 'fire_amp': 5.606809127618709}.
[I 2026-06-11 13:07:24,072] Trial 264 finished with values: [10.506676300983973, 10.506676300983973] and parameters: {'k1': 0.0004846497679219079, 'D_low': 15.0613200804335, 'k2': 0.0001280886335404798, 'D_high': 24.9899605789089, 'fire_exp': 1.111738490499784, 'P_half': 45.55085098454082, 'pre_dampen_half': 2.736251365128462, 'gpp_af': 0.07118041471054574, 'gpp_b': 1.4008921101492135e-05, 'gpp_d': 0.1619054449471649, 'ign_k': 0.001229921046579313, 'ign_c': 7.081721844034206, 'trop_agb_crit': 21.086120736447015, 'trop_k_veg': 6.030247256556128, 'fire_amp': 1.5719333351012774}.
[I 2026-06-11 13:07:24,942] Trial 265 finished with values: [-0.457029511736353, 0.391895485424657] and parameters: {'k1': 0.0014452451441203328, 'D_low': 15.0613200804335, 'k2': 5.153993511603138e-05, 'D_high': 69868.4759244566, 'fire_exp': 1.3807440352456883, 'P_half': 2.226799690893868, 'pre_dampen_half': 79.2915624488668, 'gpp_af': 29.700320404259642, 'gpp_b': 0.010307896803108956, 'gpp_d': 1.336803341156552, 'ign_k': 0.001229921046579313, 'ign_c': 1.364908766641693, 'trop_agb_crit': 12.9667438075127, 'trop_k_veg': 6.030247256556128, 'fire_amp': 2.7806853670293616}.
[I 2026-06-11 13:07:25,816] Trial 266 finished with values: [15.207762121781602, 15.207762121781602] and parameters: {'k1': 0.003968136435370146, 'D_low': 12.105387404469584, 'k2': 0.003767022142229395, 'D_high': 6682.9607218310075, 'fire_exp': 1.0601964743503993, 'P_half': 51.10120656497163, 'pre_dampen_half': 123.04779330083686, 'gpp_af': 1.9706963379095486, 'gpp_b': 0.001674375583895437, 'gpp_d': 1.4397852866783676, 'ign_k': 0.002357279455676982, 'ign_c': 1.364908766641693, 'trop_agb_crit': 24.199763404822136, 'trop_k_veg': 5.636143940068465, 'fire_amp': 4.19233232783727}.
[I 2026-06-11 13:07:26,755] Trial 267 finished with values: [10.58660339051384, 10.58660339051384] and parameters: {'k1': 0.00026539376439360527, 'D_low': 1.7551403048208316, 'k2': 0.032141234030334316, 'D_high': 262.11304189124235, 'fire_exp': 1.811096651915224, 'P_half': 5.4712187293420325, 'pre_dampen_half': 170.71098124594695, 'gpp_af': 0.07118041471054574, 'gpp_b': 0.00012118589392553798, 'gpp_d': 0.1619054449471649, 'ign_k': 0.002357279455676982, 'ign_c': 1.4091459170104739, 'trop_agb_crit': 1.438876022196885, 'trop_k_veg': 4.989748894578724, 'fire_amp': 1.5719333351012774}.
[I 2026-06-11 13:07:27,622] Trial 268 finished with values: [10.189152329621791, 10.189152329621791] and parameters: {'k1': 0.00023134781612225627, 'D_low': 6010.742028864748, 'k2': 0.045914852167405346, 'D_high': 32311.521854410956, 'fire_exp': 1.41873960828944, 'P_half': 5.4712187293420325, 'pre_dampen_half': 121.93011993958949, 'gpp_af': 1.7775411110039254, 'gpp_b': 0.16285506249643175, 'gpp_d': 95.2715755007094, 'ign_k': 0.002357279455676982, 'ign_c': 7.081721844034206, 'trop_agb_crit': 12.708819454040446, 'trop_k_veg': 0.6488368931910606, 'fire_amp': 1.5719333351012774}.
[I 2026-06-11 13:07:28,547] Trial 269 finished with values: [10.725693561296993, 10.725693561296993] and parameters: {'k1': 0.012840669372724958, 'D_low': 450.9719064153485, 'k2': 0.0004976087827261435, 'D_high': 69868.4759244566, 'fire_exp': 1.2918065501148304, 'P_half': 45.55085098454082, 'pre_dampen_half': 0.011396414164620812, 'gpp_af': 6.384685545228285, 'gpp_b': 2.176805640408474e-05, 'gpp_d': 0.39400557434451433, 'ign_k': 0.0018548376790967168, 'ign_c': 39.52220881906114, 'trop_agb_crit': 2.0420012944047587, 'trop_k_veg': 6.030247256556128, 'fire_amp': 5.606809127618709}.
[I 2026-06-11 13:07:29,425] Trial 270 finished with values: [-0.6180605414340798, 0.20512028129759974] and parameters: {'k1': 0.03648456083047798, 'D_low': 148.21691630007544, 'k2': 0.019383858782150494, 'D_high': 6682.9607218310075, 'fire_exp': 1.2060040899560858, 'P_half': 2.226799690893868, 'pre_dampen_half': 4.847666216751353, 'gpp_af': 0.060029341913968644, 'gpp_b': 0.001674375583895437, 'gpp_d': 545.0253444559129, 'ign_k': 0.0032383308053152635, 'ign_c': 0.17036120617148395, 'trop_agb_crit': 5.588032458772675, 'trop_k_veg': 2.99731137426955, 'fire_amp': 1.5180207449214471}.
[I 2026-06-11 13:07:30,302] Trial 271 finished with values: [10.612950202485594, 10.612950202485594] and parameters: {'k1': 3.609310926766545e-05, 'D_low': 146.24004590125713, 'k2': 0.005204862686958021, 'D_high': 1266.9536563782303, 'fire_exp': 1.9136159174067866, 'P_half': 2.226799690893868, 'pre_dampen_half': 269.0845367054866, 'gpp_af': 0.8594202650742228, 'gpp_b': 2.176805640408474e-05, 'gpp_d': 0.09467055845337147, 'ign_k': 0.0032383308053152635, 'ign_c': 1.3431925993528124, 'trop_agb_crit': 3.438084743887884, 'trop_k_veg': 4.0068236274914755, 'fire_amp': 3.1543496524370136}.
[I 2026-06-11 13:07:31,150] Trial 272 finished with values: [10.088017990236201, 10.088017990236201] and parameters: {'k1': 0.012840669372724958, 'D_low': 1.7551403048208316, 'k2': 0.0001280886335404798, 'D_high': 32311.521854410956, 'fire_exp': 1.811096651915224, 'P_half': 5.4712187293420325, 'pre_dampen_half': 4.603480758878793, 'gpp_af': 0.07118041471054574, 'gpp_b': 0.00031478066835753096, 'gpp_d': 0.1619054449471649, 'ign_k': 0.0029519227433917453, 'ign_c': 7.081721844034206, 'trop_agb_crit': 2.0527418919564324, 'trop_k_veg': 2.520089655463604, 'fire_amp': 5.615047466686494}.
[I 2026-06-11 13:07:32,016] Trial 273 finished with values: [10.307379617121796, 10.307379617121796] and parameters: {'k1': 0.016973078532467004, 'D_low': 171.2446447678494, 'k2': 0.0004976087827261435, 'D_high': 32311.521854410956, 'fire_exp': 1.2918065501148304, 'P_half': 5.4712187293420325, 'pre_dampen_half': 121.93011993958949, 'gpp_af': 0.07118041471054574, 'gpp_b': 0.015062722325200045, 'gpp_d': 0.1619054449471649, 'ign_k': 0.002357279455676982, 'ign_c': 7.081721844034206, 'trop_agb_crit': 24.199763404822136, 'trop_k_veg': 1.2749676887479542, 'fire_amp': 1.5719333351012774}.
[I 2026-06-11 13:07:32,898] Trial 274 finished with values: [10.763812826678278, 10.763812826678278] and parameters: {'k1': 0.00026539376439360527, 'D_low': 23.307122788234057, 'k2': 5.5686900831970225e-05, 'D_high': 29.126651668813768, 'fire_exp': 4.291626251159958, 'P_half': 1.4551749476072258, 'pre_dampen_half': 170.71098124594695, 'gpp_af': 1.3954498518315706, 'gpp_b': 0.006999112505425414, 'gpp_d': 79.05373031352391, 'ign_k': 0.0029519227433917453, 'ign_c': 7.832259769732471, 'trop_agb_crit': 12.647327018493208, 'trop_k_veg': 4.989748894578724, 'fire_amp': 4.2446263054164195}.
[I 2026-06-11 13:07:33,839] Trial 275 finished with values: [-0.6680020387146206, 0.14951198846818148] and parameters: {'k1': 0.05347027553411487, 'D_low': 1.4002277211577039, 'k2': 0.02065142557895925, 'D_high': 1817.0401889219124, 'fire_exp': 1.0812994412809738, 'P_half': 2.226799690893868, 'pre_dampen_half': 4.847666216751353, 'gpp_af': 0.41874665092828456, 'gpp_b': 0.004411400434514031, 'gpp_d': 1.4397852866783676, 'ign_k': 0.0032383308053152635, 'ign_c': 1.364908766641693, 'trop_agb_crit': 1.8566494291193822, 'trop_k_veg': 5.453348988480011, 'fire_amp': 1.5180207449214471}.
[I 2026-06-11 13:07:34,751] Trial 276 finished with values: [10.456662318765426, 10.456662318765426] and parameters: {'k1': 2.570626095678496e-05, 'D_low': 171.2446447678494, 'k2': 0.0004976087827261435, 'D_high': 69868.4759244566, 'fire_exp': 1.3807440352456883, 'P_half': 51.10120656497163, 'pre_dampen_half': 123.04779330083686, 'gpp_af': 29.700320404259642, 'gpp_b': 0.015062722325200045, 'gpp_d': 1.336803341156552, 'ign_k': 0.002357279455676982, 'ign_c': 388.02797007866826, 'trop_agb_crit': 2.0420012944047587, 'trop_k_veg': 1.2749676887479542, 'fire_amp': 5.606809127618709}.
[I 2026-06-11 13:07:35,603] Trial 277 finished with values: [10.555288964002692, 10.555288964002692] and parameters: {'k1': 6.784924519083143e-05, 'D_low': 13.012518385211498, 'k2': 0.0007731571570012607, 'D_high': 22.636544662054543, 'fire_exp': 1.0420149135640993, 'P_half': 1265.0580856641704, 'pre_dampen_half': 123.04779330083686, 'gpp_af': 20.12115544906385, 'gpp_b': 1.1008110571039521e-05, 'gpp_d': 3.57879245350232, 'ign_k': 0.0014363112408604436, 'ign_c': 0.4177928311636542, 'trop_agb_crit': 1.5033346993841157, 'trop_k_veg': 0.5667990147757791, 'fire_amp': 5.416595007374148}.
[I 2026-06-11 13:07:36,482] Trial 278 finished with values: [10.7692307688997, 10.7692307688997] and parameters: {'k1': 0.006079905434073396, 'D_low': 12.105387404469584, 'k2': 4.933751600448335e-05, 'D_high': 27.55546207779663, 'fire_exp': 8.654231079054446, 'P_half': 51.10120656497163, 'pre_dampen_half': 123.04779330083686, 'gpp_af': 1.9706963379095486, 'gpp_b': 0.00047819318414852577, 'gpp_d': 0.12878367369717508, 'ign_k': 0.8945150807271531, 'ign_c': 48.704711413416454, 'trop_agb_crit': 8.0091368834625, 'trop_k_veg': 1.2749676887479542, 'fire_amp': 4.19233232783727}.
[I 2026-06-11 13:07:37,363] Trial 279 finished with values: [10.613254173531915, 10.613254173531915] and parameters: {'k1': 0.00023134781612225627, 'D_low': 236.79352040223893, 'k2': 0.00037358626308127543, 'D_high': 32311.521854410956, 'fire_exp': 1.5191397119156032, 'P_half': 3.591771421517613, 'pre_dampen_half': 42.05657072871069, 'gpp_af': 0.04513257622008944, 'gpp_b': 0.0012611058927054877, 'gpp_d': 47.35384181058586, 'ign_k': 0.0032383308053152635, 'ign_c': 0.4177928311636542, 'trop_agb_crit': 3.438084743887884, 'trop_k_veg': 4.0068236274914755, 'fire_amp': 2.7806853670293616}.
[I 2026-06-11 13:07:38,388] Trial 280 finished with values: [10.181606314040053, 10.181606314040053] and parameters: {'k1': 0.012840669372724958, 'D_low': 450.9719064153485, 'k2': 0.0004976087827261435, 'D_high': 1817.0401889219124, 'fire_exp': 1.1633452995374232, 'P_half': 564.3426708406568, 'pre_dampen_half': 1.8469033699850426, 'gpp_af': 0.2204465010099918, 'gpp_b': 2.176805640408474e-05, 'gpp_d': 0.39400557434451433, 'ign_k': 0.17320535908244444, 'ign_c': 0.4177928311636542, 'trop_agb_crit': 2.0420012944047587, 'trop_k_veg': 6.030247256556128, 'fire_amp': 5.606809127618709}.
[I 2026-06-11 13:07:39,306] Trial 281 finished with values: [10.76762059132912, 10.76762059132912] and parameters: {'k1': 1.1281785190969807e-05, 'D_low': 171.2446447678494, 'k2': 1.8678768363332442e-05, 'D_high': 69868.4759244566, 'fire_exp': 3.2459542834651627, 'P_half': 51.10120656497163, 'pre_dampen_half': 98.05638874011484, 'gpp_af': 1.7775411110039254, 'gpp_b': 0.015062722325200045, 'gpp_d': 1.336803341156552, 'ign_k': 0.002357279455676982, 'ign_c': 388.02797007866826, 'trop_agb_crit': 3.5874145253515306, 'trop_k_veg': 1.2749676887479542, 'fire_amp': 2.818314238665462}.
[I 2026-06-11 13:07:40,170] Trial 282 finished with values: [10.35312098349251, 10.35312098349251] and parameters: {'k1': 0.0001599021369655865, 'D_low': 171.2446447678494, 'k2': 0.006802810205786726, 'D_high': 42210.21267871043, 'fire_exp': 1.2918065501148304, 'P_half': 61.6097529474144, 'pre_dampen_half': 4.847666216751353, 'gpp_af': 0.060029341913968644, 'gpp_b': 2.800940363375676e-05, 'gpp_d': 1.4397852866783676, 'ign_k': 0.0032383308053152635, 'ign_c': 1.364908766641693, 'trop_agb_crit': 2.0527418919564324, 'trop_k_veg': 2.99731137426955, 'fire_amp': 1.2393473789150806}.
[I 2026-06-11 13:07:41,068] Trial 283 finished with values: [10.192643974633562, 10.192643974633562] and parameters: {'k1': 0.00023134781612225627, 'D_low': 148.21691630007544, 'k2': 0.003767022142229395, 'D_high': 252.84086172415604, 'fire_exp': 1.4848387260494937, 'P_half': 12.280874862135363, 'pre_dampen_half': 42.05657072871069, 'gpp_af': 0.008117091133892173, 'gpp_b': 0.00012118589392553798, 'gpp_d': 0.1619054449471649, 'ign_k': 0.012480180965117606, 'ign_c': 22.126836566118193, 'trop_agb_crit': 11.664190932505923, 'trop_k_veg': 4.989748894578724, 'fire_amp': 3.1543496524370136}.
[I 2026-06-11 13:07:41,951] Trial 284 finished with values: [10.628852830924515, 10.628852830924515] and parameters: {'k1': 0.00023134781612225627, 'D_low': 6010.742028864748, 'k2': 0.0007731571570012607, 'D_high': 32311.521854410956, 'fire_exp': 1.41873960828944, 'P_half': 1265.0580856641704, 'pre_dampen_half': 121.93011993958949, 'gpp_af': 0.41874665092828456, 'gpp_b': 0.00031478066835753096, 'gpp_d': 0.1619054449471649, 'ign_k': 0.002357279455676982, 'ign_c': 0.4177928311636542, 'trop_agb_crit': 1.8566494291193822, 'trop_k_veg': 5.453348988480011, 'fire_amp': 5.44779717154213}.
[I 2026-06-11 13:07:42,851] Trial 285 finished with values: [11.223831015530815, 11.223831015530815] and parameters: {'k1': 0.012840669372724958, 'D_low': 1121.5915868662764, 'k2': 0.0011135501184757278, 'D_high': 42210.21267871043, 'fire_exp': 1.2918065501148304, 'P_half': 1.859526645713404, 'pre_dampen_half': 170.71098124594695, 'gpp_af': 0.8144272585223832, 'gpp_b': 0.0004125336560355494, 'gpp_d': 0.7698760608299932, 'ign_k': 0.012480180965117606, 'ign_c': 16.470698221724305, 'trop_agb_crit': 11.664190932505923, 'trop_k_veg': 6.030247256556128, 'fire_amp': 3.1543496524370136}.
[I 2026-06-11 13:07:43,747] Trial 286 finished with values: [11.129682540199946, 11.129682540199946] and parameters: {'k1': 0.0002418422795847161, 'D_low': 2186.356344942016, 'k2': 0.045914852167405346, 'D_high': 6682.9607218310075, 'fire_exp': 1.111738490499784, 'P_half': 2.226799690893868, 'pre_dampen_half': 189.36639872354493, 'gpp_af': 0.008117091133892173, 'gpp_b': 2.800940363375676e-05, 'gpp_d': 7.631016235941559, 'ign_k': 0.0032383308053152635, 'ign_c': 7.832259769732471, 'trop_agb_crit': 1.8023542850487386, 'trop_k_veg': 1.6648666152166967, 'fire_amp': 1.4475279918261055}.
