[I 2026-06-11 13:15:42,792] Trial 768 finished with values: [-0.6737145742877135, 0.07897147218411105] and parameters: {'k1': 3.609310926766545e-05, 'D_low': 236.79352040223893, 'k2': 0.005204862686958021, 'D_high': 1266.9536563782303, 'fire_exp': 1.811096651915224, 'P_half': 93.43302657318476, 'pre_dampen_half': 170.71098124594695, 'gpp_af': 0.015627364027979502, 'gpp_b': 0.00031478066835753096, 'gpp_d': 5.981605330890935, 'ign_k': 0.0029519227433917453, 'ign_c': 75.30210437963517, 'trop_agb_crit': 2.49652474515731, 'trop_k_veg': 4.989748894578724, 'fire_amp': 3.1543496524370136}.
[I 2026-06-11 13:15:43,666] Trial 769 finished with values: [-0.48146177821119784, 0.11783384416558229] and parameters: {'k1': 3.609310926766545e-05, 'D_low': 1121.5915868662764, 'k2': 0.032141234030334316, 'D_high': 252.84086172415604, 'fire_exp': 1.4848387260494937, 'P_half': 5.4712187293420325, 'pre_dampen_half': 170.71098124594695, 'gpp_af': 2.5444227489578917, 'gpp_b': 0.00012118589392553798, 'gpp_d': 94.19931479490882, 'ign_k': 0.012480180965117606, 'ign_c': 23.40999464613212, 'trop_agb_crit': 11.664190932505923, 'trop_k_veg': 4.989748894578724, 'fire_amp': 1.5719333351012774}.
[I 2026-06-11 13:15:44,567] Trial 770 finished with values: [10.767882782059328, 10.767882782059328] and parameters: {'k1': 0.0057293717735696316, 'D_low': 1.7551403048208316, 'k2': 0.0018588694009815867, 'D_high': 32311.521854410956, 'fire_exp': 6.5682505141693035, 'P_half': 93.43302657318476, 'pre_dampen_half': 79.2915624488668, 'gpp_af': 0.008117091133892173, 'gpp_b': 0.0036065155862388338, 'gpp_d': 0.1619054449471649, 'ign_k': 0.09256855841989636, 'ign_c': 29.690870944846793, 'trop_agb_crit': 8.0091368834625, 'trop_k_veg': 3.4439936249445045, 'fire_amp': 3.102033517490054}.
[I 2026-06-11 13:15:45,439] Trial 771 finished with values: [-0.6534101835047741, 0.01845384168011055] and parameters: {'k1': 0.08409006963311547, 'D_low': 1.4002277211577039, 'k2': 0.045914852167405346, 'D_high': 32311.521854410956, 'fire_exp': 2.4022781627753544, 'P_half': 5.4712187293420325, 'pre_dampen_half': 269.0845367054866, 'gpp_af': 0.060029341913968644, 'gpp_b': 0.006999112505425414, 'gpp_d': 47.35384181058586, 'ign_k': 0.09256855841989636, 'ign_c': 29.690870944846793, 'trop_agb_crit': 2.49652474515731, 'trop_k_veg': 3.4439936249445045, 'fire_amp': 3.211868494428654}.
[I 2026-06-11 13:15:46,355] Trial 772 finished with values: [10.687427005410816, 10.687427005410816] and parameters: {'k1': 0.08006837661379566, 'D_low': 1121.5915868662764, 'k2': 0.032141234030334316, 'D_high': 1266.9536563782303, 'fire_exp': 1.41873960828944, 'P_half': 5.4712187293420325, 'pre_dampen_half': 170.71098124594695, 'gpp_af': 0.0065783822580709386, 'gpp_b': 0.00012118589392553798, 'gpp_d': 0.1619054449471649, 'ign_k': 0.012480180965117606, 'ign_c': 65.87536748686888, 'trop_agb_crit': 11.664190932505923, 'trop_k_veg': 4.989748894578724, 'fire_amp': 2.7806853670293616}.
[I 2026-06-11 13:15:47,317] Trial 773 finished with values: [10.754778050682559, 10.754778050682559] and parameters: {'k1': 0.0006042560675552671, 'D_low': 236.79352040223893, 'k2': 0.045914852167405346, 'D_high': 32311.521854410956, 'fire_exp': 1.811096651915224, 'P_half': 1265.0580856641704, 'pre_dampen_half': 269.0845367054866, 'gpp_af': 24.539832961133826, 'gpp_b': 0.0036065155862388338, 'gpp_d': 1.336803341156552, 'ign_k': 2.9663798365255736, 'ign_c': 29.690870944846793, 'trop_agb_crit': 8.0091368834625, 'trop_k_veg': 6.030247256556128, 'fire_amp': 3.102033517490054}.
[I 2026-06-11 13:15:48,199] Trial 774 finished with values: [10.266553198720553, 10.266553198720553] and parameters: {'k1': 0.03648456083047798, 'D_low': 13.012518385211498, 'k2': 0.019383858782150494, 'D_high': 714.4571308652828, 'fire_exp': 6.396249560187033, 'P_half': 93.43302657318476, 'pre_dampen_half': 28.01075698398644, 'gpp_af': 0.060029341913968644, 'gpp_b': 0.0036065155862388338, 'gpp_d': 94.19931479490882, 'ign_k': 3.6309591863459096, 'ign_c': 2.2489542843914485, 'trop_agb_crit': 8.462233625364036, 'trop_k_veg': 0.6488368931910606, 'fire_amp': 2.7806853670293616}.
[I 2026-06-11 13:15:49,070] Trial 775 finished with values: [10.422848635678202, 10.422848635678202] and parameters: {'k1': 0.00038698408508416947, 'D_low': 148.21691630007544, 'k2': 0.02939607009739149, 'D_high': 714.4571308652828, 'fire_exp': 1.41873960828944, 'P_half': 5.4712187293420325, 'pre_dampen_half': 4.847666216751353, 'gpp_af': 0.060029341913968644, 'gpp_b': 0.0036065155862388338, 'gpp_d': 0.7923715993309053, 'ign_k': 0.0032383308053152635, 'ign_c': 23.422386257929038, 'trop_agb_crit': 12.9667438075127, 'trop_k_veg': 0.5667990147757791, 'fire_amp': 2.7806853670293616}.
[I 2026-06-11 13:15:49,941] Trial 776 finished with values: [-0.6431383817387224, 0.0029503488102803344] and parameters: {'k1': 0.08409006963311547, 'D_low': 148.21691630007544, 'k2': 0.045914852167405346, 'D_high': 6682.9607218310075, 'fire_exp': 1.2060040899560858, 'P_half': 1265.0580856641704, 'pre_dampen_half': 4.847666216751353, 'gpp_af': 0.41874665092828456, 'gpp_b': 0.0036065155862388338, 'gpp_d': 545.0253444559129, 'ign_k': 3.6309591863459096, 'ign_c': 23.422386257929038, 'trop_agb_crit': 5.588032458772675, 'trop_k_veg': 2.99731137426955, 'fire_amp': 3.102033517490054}.
[I 2026-06-11 13:15:50,812] Trial 777 finished with values: [10.10673329025462, 10.10673329025462] and parameters: {'k1': 0.08006837661379566, 'D_low': 13.012518385211498, 'k2': 0.019383858782150494, 'D_high': 714.4571308652828, 'fire_exp': 1.2060040899560858, 'P_half': 5.4712187293420325, 'pre_dampen_half': 16.009350908593582, 'gpp_af': 0.046239120540552445, 'gpp_b': 0.001674375583895437, 'gpp_d': 0.7923715993309053, 'ign_k': 0.0032383308053152635, 'ign_c': 7.081721844034206, 'trop_agb_crit': 8.462233625364036, 'trop_k_veg': 4.469525707857632, 'fire_amp': 1.5719333351012774}.
[I 2026-06-11 13:15:51,714] Trial 778 finished with values: [10.72740791042053, 10.72740791042053] and parameters: {'k1': 0.08409006963311547, 'D_low': 236.79352040223893, 'k2': 0.045914852167405346, 'D_high': 32311.521854410956, 'fire_exp': 1.41873960828944, 'P_half': 1.4551749476072258, 'pre_dampen_half': 0.3337303435204265, 'gpp_af': 0.0025386125063826667, 'gpp_b': 0.006999112505425414, 'gpp_d': 47.35384181058586, 'ign_k': 0.09256855841989636, 'ign_c': 29.690870944846793, 'trop_agb_crit': 8.0091368834625, 'trop_k_veg': 3.4439936249445045, 'fire_amp': 4.2446263054164195}.
[I 2026-06-11 13:15:52,634] Trial 779 finished with values: [10.580005409362322, 10.580005409362322] and parameters: {'k1': 0.08409006963311547, 'D_low': 236.79352040223893, 'k2': 0.02939607009739149, 'D_high': 6682.9607218310075, 'fire_exp': 1.2060040899560858, 'P_half': 2.226799690893868, 'pre_dampen_half': 4.847666216751353, 'gpp_af': 0.060029341913968644, 'gpp_b': 0.001674375583895437, 'gpp_d': 47.35384181058586, 'ign_k': 3.6309591863459096, 'ign_c': 29.690870944846793, 'trop_agb_crit': 3.937772188016226, 'trop_k_veg': 2.99731137426955, 'fire_amp': 3.102033517490054}.
[I 2026-06-11 13:15:53,505] Trial 780 finished with values: [-0.6542110210817662, 0.1516518471082443] and parameters: {'k1': 4.944223106753944e-05, 'D_low': 236.79352040223893, 'k2': 0.019383858782150494, 'D_high': 32311.521854410956, 'fire_exp': 1.3807440352456883, 'P_half': 5.4712187293420325, 'pre_dampen_half': 16.009350908593582, 'gpp_af': 0.060029341913968644, 'gpp_b': 0.010307896803108956, 'gpp_d': 0.09467055845337147, 'ign_k': 0.09256855841989636, 'ign_c': 0.29205563600251844, 'trop_agb_crit': 12.9667438075127, 'trop_k_veg': 4.989748894578724, 'fire_amp': 3.102033517490054}.
[I 2026-06-11 13:15:54,660] Trial 781 finished with values: [10.222120302719304, 10.222120302719304] and parameters: {'k1': 0.08409006963311547, 'D_low': 148.21691630007544, 'k2': 0.045914852167405346, 'D_high': 6682.9607218310075, 'fire_exp': 1.2060040899560858, 'P_half': 2.226799690893868, 'pre_dampen_half': 4.847666216751353, 'gpp_af': 0.060029341913968644, 'gpp_b': 0.0036065155862388338, 'gpp_d': 47.35384181058586, 'ign_k': 0.09256855841989636, 'ign_c': 29.690870944846793, 'trop_agb_crit': 8.0091368834625, 'trop_k_veg': 0.6673124511410327, 'fire_amp': 1.5180207449214471}.
[I 2026-06-11 13:15:55,533] Trial 782 finished with values: [10.212650853340905, 10.212650853340905] and parameters: {'k1': 0.08006837661379566, 'D_low': 1.4002277211577039, 'k2': 0.019383858782150494, 'D_high': 714.4571308652828, 'fire_exp': 1.41873960828944, 'P_half': 1265.0580856641704, 'pre_dampen_half': 30.456909077772018, 'gpp_af': 0.41874665092828456, 'gpp_b': 0.0036065155862388338, 'gpp_d': 0.7923715993309053, 'ign_k': 0.09256855841989636, 'ign_c': 7.081721844034206, 'trop_agb_crit': 8.462233625364036, 'trop_k_veg': 3.4337960558650757, 'fire_amp': 1.85916500023103}.
[I 2026-06-11 13:15:56,387] Trial 783 finished with values: [10.267052406474917, 10.267052406474917] and parameters: {'k1': 0.00038698408508416947, 'D_low': 236.79352040223893, 'k2': 0.00037358626308127543, 'D_high': 1266.9536563782303, 'fire_exp': 1.41873960828944, 'P_half': 93.43302657318476, 'pre_dampen_half': 30.456909077772018, 'gpp_af': 0.008117091133892173, 'gpp_b': 0.0010881810414580882, 'gpp_d': 0.09467055845337147, 'ign_k': 0.09256855841989636, 'ign_c': 23.422386257929038, 'trop_agb_crit': 12.9667438075127, 'trop_k_veg': 3.4439936249445045, 'fire_amp': 2.7806853670293616}.
[I 2026-06-11 13:15:57,306] Trial 784 finished with values: [10.690491280288574, 10.690491280288574] and parameters: {'k1': 0.0008362695993649681, 'D_low': 236.79352040223893, 'k2': 0.00037358626308127543, 'D_high': 32311.521854410956, 'fire_exp': 1.41873960828944, 'P_half': 1265.0580856641704, 'pre_dampen_half': 30.456909077772018, 'gpp_af': 0.41874665092828456, 'gpp_b': 0.0036065155862388338, 'gpp_d': 0.09467055845337147, 'ign_k': 0.0029519227433917453, 'ign_c': 23.422386257929038, 'trop_agb_crit': 8.0091368834625, 'trop_k_veg': 1.6648666152166967, 'fire_amp': 2.7806853670293616}.
[I 2026-06-11 13:15:58,177] Trial 785 finished with values: [10.620890054207338, 10.620890054207338] and parameters: {'k1': 0.00026539376439360527, 'D_low': 7988.050530300041, 'k2': 0.045914852167405346, 'D_high': 32311.521854410956, 'fire_exp': 1.41873960828944, 'P_half': 366.3433473924884, 'pre_dampen_half': 30.456909077772018, 'gpp_af': 0.008117091133892173, 'gpp_b': 0.0036065155862388338, 'gpp_d': 47.35384181058586, 'ign_k': 0.09256855841989636, 'ign_c': 23.422386257929038, 'trop_agb_crit': 8.0091368834625, 'trop_k_veg': 3.4439936249445045, 'fire_amp': 4.2446263054164195}.
[I 2026-06-11 13:15:59,048] Trial 786 finished with values: [10.18234474580041, 10.18234474580041] and parameters: {'k1': 0.00026539376439360527, 'D_low': 1.4002277211577039, 'k2': 0.045914852167405346, 'D_high': 32311.521854410956, 'fire_exp': 1.41873960828944, 'P_half': 1265.0580856641704, 'pre_dampen_half': 30.456909077772018, 'gpp_af': 0.008117091133892173, 'gpp_b': 0.0036065155862388338, 'gpp_d': 47.35384181058586, 'ign_k': 0.012566783761977915, 'ign_c': 29.690870944846793, 'trop_agb_crit': 8.0091368834625, 'trop_k_veg': 1.6648666152166967, 'fire_amp': 4.2446263054164195}.
[I 2026-06-11 13:15:59,913] Trial 787 finished with values: [10.588909976091145, 10.588909976091145] and parameters: {'k1': 0.03648456083047798, 'D_low': 1.7551403048208316, 'k2': 0.0018588694009815867, 'D_high': 6682.9607218310075, 'fire_exp': 1.2060040899560858, 'P_half': 2.226799690893868, 'pre_dampen_half': 129.5396794881549, 'gpp_af': 0.060029341913968644, 'gpp_b': 0.0036065155862388338, 'gpp_d': 0.1619054449471649, 'ign_k': 3.6309591863459096, 'ign_c': 29.690870944846793, 'trop_agb_crit': 8.0091368834625, 'trop_k_veg': 0.7220139871468583, 'fire_amp': 1.5835969292419834}.
[I 2026-06-11 13:16:00,800] Trial 788 finished with values: [-0.6963893686029525, 0.07992460334763796] and parameters: {'k1': 0.0057293717735696316, 'D_low': 236.79352040223893, 'k2': 5.153993511603138e-05, 'D_high': 32311.521854410956, 'fire_exp': 1.3807440352456883, 'P_half': 2.226799690893868, 'pre_dampen_half': 79.2915624488668, 'gpp_af': 0.008117091133892173, 'gpp_b': 0.010307896803108956, 'gpp_d': 1.336803341156552, 'ign_k': 0.001229921046579313, 'ign_c': 29.690870944846793, 'trop_agb_crit': 8.0091368834625, 'trop_k_veg': 6.030247256556128, 'fire_amp': 3.102033517490054}.
[I 2026-06-11 13:16:01,656] Trial 789 finished with values: [10.767543028277494, 10.767543028277494] and parameters: {'k1': 0.03648456083047798, 'D_low': 476.3737484593719, 'k2': 0.003767022142229395, 'D_high': 252.84086172415604, 'fire_exp': 1.4848387260494937, 'P_half': 8.318314747941244, 'pre_dampen_half': 170.71098124594695, 'gpp_af': 0.0065783822580709386, 'gpp_b': 0.05719024141066792, 'gpp_d': 94.19931479490882, 'ign_k': 0.00840038491455979, 'ign_c': 1.364908766641693, 'trop_agb_crit': 11.664190932505923, 'trop_k_veg': 4.989748894578724, 'fire_amp': 1.5719333351012774}.
[I 2026-06-11 13:16:02,608] Trial 790 finished with values: [10.980665730868271, 10.980665730868271] and parameters: {'k1': 0.00038698408508416947, 'D_low': 148.21691630007544, 'k2': 0.02939607009739149, 'D_high': 28058.07870333385, 'fire_exp': 1.811096651915224, 'P_half': 93.43302657318476, 'pre_dampen_half': 170.71098124594695, 'gpp_af': 0.015627364027979502, 'gpp_b': 0.001674375583895437, 'gpp_d': 5.981605330890935, 'ign_k': 3.6309591863459096, 'ign_c': 23.422386257929038, 'trop_agb_crit': 2.49652474515731, 'trop_k_veg': 4.989748894578724, 'fire_amp': 3.1543496524370136}.
[I 2026-06-11 13:16:03,511] Trial 791 finished with values: [10.72411112447154, 10.72411112447154] and parameters: {'k1': 0.0008362695993649681, 'D_low': 1121.5915868662764, 'k2': 0.049094038862232466, 'D_high': 252.84086172415604, 'fire_exp': 1.2060040899560858, 'P_half': 93.43302657318476, 'pre_dampen_half': 170.71098124594695, 'gpp_af': 1.9706963379095486, 'gpp_b': 0.00012118589392553798, 'gpp_d': 0.09467055845337147, 'ign_k': 0.012480180965117606, 'ign_c': 23.422386257929038, 'trop_agb_crit': 11.664190932505923, 'trop_k_veg': 2.99731137426955, 'fire_amp': 3.1543496524370136}.
[I 2026-06-11 13:16:04,367] Trial 792 finished with values: [-0.6810169008269166, 0.0830585737754983] and parameters: {'k1': 0.08409006963311547, 'D_low': 236.79352040223893, 'k2': 0.045914852167405346, 'D_high': 32311.521854410956, 'fire_exp': 1.41873960828944, 'P_half': 2.226799690893868, 'pre_dampen_half': 30.456909077772018, 'gpp_af': 0.008117091133892173, 'gpp_b': 0.0036065155862388338, 'gpp_d': 47.35384181058586, 'ign_k': 0.0029519227433917453, 'ign_c': 23.422386257929038, 'trop_agb_crit': 8.0091368834625, 'trop_k_veg': 3.4439936249445045, 'fire_amp': 1.5835969292419834}.
[I 2026-06-11 13:16:05,237] Trial 793 finished with values: [10.049249997093716, 10.049249997093716] and parameters: {'k1': 0.03648456083047798, 'D_low': 236.79352040223893, 'k2': 0.019383858782150494, 'D_high': 6682.9607218310075, 'fire_exp': 1.2060040899560858, 'P_half': 2.226799690893868, 'pre_dampen_half': 2.7246429232774694, 'gpp_af': 0.060029341913968644, 'gpp_b': 0.001674375583895437, 'gpp_d': 545.0253444559129, 'ign_k': 3.6309591863459096, 'ign_c': 23.422386257929038, 'trop_agb_crit': 5.588032458772675, 'trop_k_veg': 2.99731137426955, 'fire_amp': 1.5180207449214471}.
[I 2026-06-11 13:16:06,143] Trial 794 finished with values: [-0.6079098438226298, 0.00639936259511964] and parameters: {'k1': 0.08409006963311547, 'D_low': 236.79352040223893, 'k2': 0.045914852167405346, 'D_high': 32311.521854410956, 'fire_exp': 1.41873960828944, 'P_half': 5.4712187293420325, 'pre_dampen_half': 30.456909077772018, 'gpp_af': 0.008117091133892173, 'gpp_b': 0.0036065155862388338, 'gpp_d': 47.35384181058586, 'ign_k': 3.6309591863459096, 'ign_c': 23.422386257929038, 'trop_agb_crit': 8.0091368834625, 'trop_k_veg': 3.4439936249445045, 'fire_amp': 1.5180207449214471}.
[I 2026-06-11 13:16:07,013] Trial 795 finished with values: [10.371865704140083, 10.371865704140083] and parameters: {'k1': 0.03648456083047798, 'D_low': 266.07970538371484, 'k2': 0.02939607009739149, 'D_high': 6682.9607218310075, 'fire_exp': 1.2060040899560858, 'P_half': 2.226799690893868, 'pre_dampen_half': 4.847666216751353, 'gpp_af': 0.060029341913968644, 'gpp_b': 0.001674375583895437, 'gpp_d': 545.0253444559129, 'ign_k': 3.6309591863459096, 'ign_c': 23.422386257929038, 'trop_agb_crit': 12.9667438075127, 'trop_k_veg': 4.167664671344212, 'fire_amp': 2.7806853670293616}.
[I 2026-06-11 13:16:07,965] Trial 796 finished with values: [10.448986005775023, 10.448986005775023] and parameters: {'k1': 0.03648456083047798, 'D_low': 5.004428734228137, 'k2': 0.0001280886335404798, 'D_high': 6682.9607218310075, 'fire_exp': 1.2060040899560858, 'P_half': 5.4712187293420325, 'pre_dampen_half': 4.847666216751353, 'gpp_af': 0.07118041471054574, 'gpp_b': 0.0036065155862388338, 'gpp_d': 0.1619054449471649, 'ign_k': 3.6309591863459096, 'ign_c': 7.081721844034206, 'trop_agb_crit': 5.588032458772675, 'trop_k_veg': 0.6488368931910606, 'fire_amp': 2.818314238665462}.
[I 2026-06-11 13:16:08,851] Trial 797 finished with values: [-0.7464597372273585, 0.06489270226892419] and parameters: {'k1': 0.08409006963311547, 'D_low': 236.79352040223893, 'k2': 0.00037358626308127543, 'D_high': 1266.9536563782303, 'fire_exp': 1.41873960828944, 'P_half': 2.226799690893868, 'pre_dampen_half': 28.01075698398644, 'gpp_af': 0.060029341913968644, 'gpp_b': 0.0010881810414580882, 'gpp_d': 47.35384181058586, 'ign_k': 0.09256855841989636, 'ign_c': 23.422386257929038, 'trop_agb_crit': 8.0091368834625, 'trop_k_veg': 2.99731137426955, 'fire_amp': 2.7806853670293616}.
[I 2026-06-11 13:16:09,723] Trial 798 finished with values: [10.113027227532362, 10.113027227532362] and parameters: {'k1': 0.00038698408508416947, 'D_low': 13.012518385211498, 'k2': 0.019383858782150494, 'D_high': 6682.9607218310075, 'fire_exp': 1.2060040899560858, 'P_half': 2.226799690893868, 'pre_dampen_half': 16.009350908593582, 'gpp_af': 0.060029341913968644, 'gpp_b': 0.0036065155862388338, 'gpp_d': 545.0253444559129, 'ign_k': 0.002676132993402929, 'ign_c': 23.422386257929038, 'trop_agb_crit': 12.9667438075127, 'trop_k_veg': 2.99731137426955, 'fire_amp': 1.5719333351012774}.
[I 2026-06-11 13:16:10,593] Trial 799 finished with values: [10.154431873828768, 10.154431873828768] and parameters: {'k1': 0.05347027553411487, 'D_low': 1.4002277211577039, 'k2': 0.045914852167405346, 'D_high': 32311.521854410956, 'fire_exp': 1.2060040899560858, 'P_half': 1265.0580856641704, 'pre_dampen_half': 4.847666216751353, 'gpp_af': 0.41874665092828456, 'gpp_b': 0.004411400434514031, 'gpp_d': 1.4397852866783676, 'ign_k': 0.09256855841989636, 'ign_c': 1.364908766641693, 'trop_agb_crit': 12.9667438075127, 'trop_k_veg': 2.99731137426955, 'fire_amp': 1.5180207449214471}.
[I 2026-06-11 13:16:11,465] Trial 800 finished with values: [-0.5975095740836331, 0.14768581023693206] and parameters: {'k1': 6.784924519083143e-05, 'D_low': 427.93836042014675, 'k2': 0.0004976087827261435, 'D_high': 99461.47674311613, 'fire_exp': 1.4848387260494937, 'P_half': 93.43302657318476, 'pre_dampen_half': 170.71098124594695, 'gpp_af': 0.0065783822580709386, 'gpp_b': 0.001674375583895437, 'gpp_d': 3.257094673454639, 'ign_k': 0.0014363112408604436, 'ign_c': 23.40999464613212, 'trop_agb_crit': 5.588032458772675, 'trop_k_veg': 0.5588127200017643, 'fire_amp': 1.5719333351012774}.
[I 2026-06-11 13:16:12,353] Trial 801 finished with values: [10.434012653258772, 10.434012653258772] and parameters: {'k1': 0.00023134781612225627, 'D_low': 236.79352040223893, 'k2': 0.005204862686958021, 'D_high': 393.2349508311775, 'fire_exp': 1.811096651915224, 'P_half': 5.4712187293420325, 'pre_dampen_half': 269.0845367054866, 'gpp_af': 0.060029341913968644, 'gpp_b': 0.00031478066835753096, 'gpp_d': 5.981605330890935, 'ign_k': 0.002357279455676982, 'ign_c': 75.30210437963517, 'trop_agb_crit': 2.49652474515731, 'trop_k_veg': 4.0068236274914755, 'fire_amp': 1.505817508996859}.
[I 2026-06-11 13:16:13,227] Trial 802 finished with values: [10.52887808070585, 10.52887808070585] and parameters: {'k1': 0.08409006963311547, 'D_low': 236.79352040223893, 'k2': 0.045914852167405346, 'D_high': 6682.9607218310075, 'fire_exp': 1.41873960828944, 'P_half': 2.226799690893868, 'pre_dampen_half': 4.847666216751353, 'gpp_af': 0.060029341913968644, 'gpp_b': 7.555164990945509e-05, 'gpp_d': 47.35384181058586, 'ign_k': 0.0032383308053152635, 'ign_c': 0.17036120617148395, 'trop_agb_crit': 5.588032458772675, 'trop_k_veg': 3.4439936249445045, 'fire_amp': 3.102033517490054}.
[I 2026-06-11 13:16:14,107] Trial 803 finished with values: [10.51585467196344, 10.51585467196344] and parameters: {'k1': 0.00026539376439360527, 'D_low': 29.52145029390025, 'k2': 0.045914852167405346, 'D_high': 32311.521854410956, 'fire_exp': 1.41873960828944, 'P_half': 1.4551749476072258, 'pre_dampen_half': 30.456909077772018, 'gpp_af': 0.008117091133892173, 'gpp_b': 0.0036065155862388338, 'gpp_d': 47.35384181058586, 'ign_k': 0.012566783761977915, 'ign_c': 29.690870944846793, 'trop_agb_crit': 8.0091368834625, 'trop_k_veg': 3.4439936249445045, 'fire_amp': 4.2446263054164195}.
[I 2026-06-11 13:16:15,271] Trial 804 finished with values: [10.5214529640871, 10.5214529640871] and parameters: {'k1': 0.03648456083047798, 'D_low': 236.79352040223893, 'k2': 0.019383858782150494, 'D_high': 6682.9607218310075, 'fire_exp': 1.1593349727271403, 'P_half': 1265.0580856641704, 'pre_dampen_half': 16.009350908593582, 'gpp_af': 0.060029341913968644, 'gpp_b': 0.049565458633074926, 'gpp_d': 47.35384181058586, 'ign_k': 0.002676132993402929, 'ign_c': 21.275785720135406, 'trop_agb_crit': 8.462233625364036, 'trop_k_veg': 0.6488368931910606, 'fire_amp': 1.5719333351012774}.
