[I 2026-06-10 21:23:13,794] Trial 315 finished with values: [10.70652795111627, 10.70652795111627] and parameters: {'k1': 7.902459656172905e-05, 'D_low': 7.857247967427123, 'k2': 0.0004976087827261435, 'D_high': 42210.21267871043, 'fire_exp': 1.2918065501148304, 'P_half': 118.39097834757698, 'pre_dampen_half': 0.0111906222790675, 'gpp_af': 0.22965432344634354, 'gpp_b': 2.176805640408474e-05, 'gpp_d': 36.831884165358986, 'ign_k': 0.0029519227433917453, 'ign_c': 39.52220881906114, 'trop_agb_crit': 3.1419938725278875, 'trop_k_veg': 4.7254560805090735, 'fuel_k': 4.710433409437072, 'fuel_half': 1.9170041589170652}.
[I 2026-06-10 21:23:15,989] Trial 316 finished with values: [10.590328782200213, 10.590328782200213] and parameters: {'k1': 0.012840669372724958, 'D_low': 1870.1140647651896, 'k2': 0.002884223471687844, 'D_high': 42210.21267871043, 'fire_exp': 1.3806513288500464, 'P_half': 221.2683656611821, 'pre_dampen_half': 3.3841016089580034, 'gpp_af': 0.3002317246575309, 'gpp_b': 2.176805640408474e-05, 'gpp_d': 229.41380323183625, 'ign_k': 5.351470428717437, 'ign_c': 1.4940577239079738, 'trop_agb_crit': 12.647327018493208, 'trop_k_veg': 4.7254560805090735, 'fuel_k': 2.563645943471902, 'fuel_half': 1.3323297901105768}.
[I 2026-06-10 21:23:18,335] Trial 317 finished with values: [10.659387004526653, 10.659387004526653] and parameters: {'k1': 0.028401063201780267, 'D_low': 7.857247967427123, 'k2': 0.03699867920489089, 'D_high': 2427.054417940131, 'fire_exp': 1.2918065501148304, 'P_half': 118.39097834757698, 'pre_dampen_half': 0.011396414164620812, 'gpp_af': 1.1409619915696267, 'gpp_b': 2.176805640408474e-05, 'gpp_d': 12.151631524283598, 'ign_k': 1.1044350847124695, 'ign_c': 22.126836566118193, 'trop_agb_crit': 12.647327018493208, 'trop_k_veg': 6.45312300188076, 'fuel_k': 0.10978148458640455, 'fuel_half': 0.9536388266934221}.
[I 2026-06-10 21:23:20,359] Trial 318 finished with values: [10.735402651530844, 10.735402651530844] and parameters: {'k1': 0.03865036856259725, 'D_low': 16.00237013173313, 'k2': 0.004679839449773939, 'D_high': 3512.7047262708465, 'fire_exp': 1.3806513288500464, 'P_half': 117.71900253242038, 'pre_dampen_half': 243.70551632385417, 'gpp_af': 0.024714492403026287, 'gpp_b': 0.15208782389892764, 'gpp_d': 59.94537656798816, 'ign_k': 0.02741350741975827, 'ign_c': 1.4940577239079738, 'trop_agb_crit': 5.526463318565575, 'trop_k_veg': 4.7254560805090735, 'fuel_k': 0.10978148458640455, 'fuel_half': 11.781063202742125}.
[I 2026-06-10 21:23:22,099] Trial 319 finished with values: [10.532125842342488, 10.532125842342488] and parameters: {'k1': 0.028401063201780267, 'D_low': 323.7668055684038, 'k2': 0.0001906331412032436, 'D_high': 38202.59936390114, 'fire_exp': 1.1103154430776774, 'P_half': 13.30003421978439, 'pre_dampen_half': 0.027499987455708936, 'gpp_af': 5.056419398267455, 'gpp_b': 0.00012118589392553798, 'gpp_d': 562.7426550259207, 'ign_k': 0.025264326476269378, 'ign_c': 0.5655677524618509, 'trop_agb_crit': 8.576304173303555, 'trop_k_veg': 1.331829048405031, 'fuel_k': 2.563645943471902, 'fuel_half': 0.17108183937377372}.
[I 2026-06-10 21:23:24,070] Trial 320 finished with values: [10.209013045248478, 10.209013045248478] and parameters: {'k1': 0.008471801418819975, 'D_low': 37.35862630812753, 'k2': 4.207988669606632e-05, 'D_high': 12124.080603355414, 'fire_exp': 1.3806513288500464, 'P_half': 102.4585893986732, 'pre_dampen_half': 32.53305539860191, 'gpp_af': 3.4702669886504163, 'gpp_b': 0.00012118589392553798, 'gpp_d': 14.423399576193098, 'ign_k': 4.591485216740537, 'ign_c': 1.0944963667961967, 'trop_agb_crit': 10.691477813613638, 'trop_k_veg': 5.876643247346733, 'fuel_k': 0.3587473401729039, 'fuel_half': 0.1257793442986093}.
[I 2026-06-10 21:23:26,256] Trial 321 finished with values: [10.741347029060345, 10.741347029060345] and parameters: {'k1': 0.0006579066240690734, 'D_low': 323.7668055684038, 'k2': 0.002173988526401145, 'D_high': 40237.59749324181, 'fire_exp': 1.3806513288500464, 'P_half': 221.2683656611821, 'pre_dampen_half': 3.3841016089580034, 'gpp_af': 0.3002317246575309, 'gpp_b': 1.284284091405877e-05, 'gpp_d': 229.41380323183625, 'ign_k': 0.009674045662145934, 'ign_c': 188.97713941351608, 'trop_agb_crit': 4.84104109932157, 'trop_k_veg': 2.724170387400844, 'fuel_k': 0.10978148458640455, 'fuel_half': 0.28682508353628944}.
[I 2026-06-10 21:23:28,110] Trial 322 finished with values: [10.126812122359537, 10.126812122359537] and parameters: {'k1': 0.001906534551939351, 'D_low': 323.7668055684038, 'k2': 0.002173988526401145, 'D_high': 91246.32886689917, 'fire_exp': 1.1103154430776774, 'P_half': 7.46475488144212, 'pre_dampen_half': 565.0116730717873, 'gpp_af': 5.056419398267455, 'gpp_b': 0.005419266601560437, 'gpp_d': 12.6084874067596, 'ign_k': 6.344955605329754, 'ign_c': 1.1911696453733045, 'trop_agb_crit': 5.12586335774155, 'trop_k_veg': 0.6217101289242648, 'fuel_k': 0.4182971994460706, 'fuel_half': 1.5515644795575612}.
[I 2026-06-10 21:23:29,977] Trial 323 finished with values: [10.309999957116357, 10.309999957116357] and parameters: {'k1': 0.001906534551939351, 'D_low': 2.4474057445796826, 'k2': 0.002884223471687844, 'D_high': 91246.32886689917, 'fire_exp': 1.3806513288500464, 'P_half': 118.39097834757698, 'pre_dampen_half': 243.70551632385417, 'gpp_af': 5.056419398267455, 'gpp_b': 0.15208782389892764, 'gpp_d': 32.54021513867688, 'ign_k': 0.02741350741975827, 'ign_c': 1.4940577239079738, 'trop_agb_crit': 15.68644624233575, 'trop_k_veg': 4.7254560805090735, 'fuel_k': 2.563645943471902, 'fuel_half': 54.91887821601532}.
[I 2026-06-10 21:23:31,813] Trial 324 finished with values: [10.55613973633898, 10.55613973633898] and parameters: {'k1': 0.004898620823554844, 'D_low': 171.2446447678494, 'k2': 0.0004976087827261435, 'D_high': 33.95181659255643, 'fire_exp': 1.2918065501148304, 'P_half': 118.39097834757698, 'pre_dampen_half': 331.7366635899375, 'gpp_af': 0.05511595477601767, 'gpp_b': 0.004458440839692221, 'gpp_d': 32.54021513867688, 'ign_k': 1.1044350847124695, 'ign_c': 0.5655677524618509, 'trop_agb_crit': 2.7395739167173065, 'trop_k_veg': 4.7254560805090735, 'fuel_k': 0.3302507755382605, 'fuel_half': 60.22306787169707}.
[I 2026-06-10 21:23:34,219] Trial 325 finished with values: [10.751234906038565, 10.751234906038565] and parameters: {'k1': 0.028401063201780267, 'D_low': 16.00237013173313, 'k2': 0.00033271381912662167, 'D_high': 75233.37078680906, 'fire_exp': 1.5191397119156032, 'P_half': 57.62487216478601, 'pre_dampen_half': 6.881834772031151, 'gpp_af': 0.03522602097143089, 'gpp_b': 0.13702184620615573, 'gpp_d': 32.54021513867688, 'ign_k': 3.965503094323014, 'ign_c': 22.126836566118193, 'trop_agb_crit': 12.647327018493208, 'trop_k_veg': 6.863422129054255, 'fuel_k': 0.3302507755382605, 'fuel_half': 71.14476009343416}.
[I 2026-06-10 21:23:36,075] Trial 326 finished with values: [-0.2573699605003156, 0.7559880493530254] and parameters: {'k1': 0.03865036856259725, 'D_low': 2.4474057445796826, 'k2': 0.0002172578929502367, 'D_high': 91246.32886689917, 'fire_exp': 1.3806513288500464, 'P_half': 221.2683656611821, 'pre_dampen_half': 243.70551632385417, 'gpp_af': 0.24002253099641147, 'gpp_b': 1.284284091405877e-05, 'gpp_d': 59.94537656798816, 'ign_k': 0.02741350741975827, 'ign_c': 1.4940577239079738, 'trop_agb_crit': 2.679156169946616, 'trop_k_veg': 0.7818074020304813, 'fuel_k': 0.2503625235956924, 'fuel_half': 1.3323297901105768}.
[I 2026-06-10 21:23:38,054] Trial 327 finished with values: [-0.4480579724535759, 0.9721307979990165] and parameters: {'k1': 0.0006579066240690734, 'D_low': 323.7668055684038, 'k2': 0.002173988526401145, 'D_high': 42210.21267871043, 'fire_exp': 1.2781983515972553, 'P_half': 13.30003421978439, 'pre_dampen_half': 565.0116730717873, 'gpp_af': 10.067774870299937, 'gpp_b': 0.005419266601560437, 'gpp_d': 12.6084874067596, 'ign_k': 5.351470428717437, 'ign_c': 0.5655677524618509, 'trop_agb_crit': 9.286923253577127, 'trop_k_veg': 4.129715873342728, 'fuel_k': 0.4182971994460706, 'fuel_half': 1.3323297901105768}.
[I 2026-06-10 21:23:39,906] Trial 328 finished with values: [10.704086448070754, 10.704086448070754] and parameters: {'k1': 0.0009670857606743155, 'D_low': 1870.1140647651896, 'k2': 0.0002172578929502367, 'D_high': 61536.58035691648, 'fire_exp': 1.3806513288500464, 'P_half': 221.2683656611821, 'pre_dampen_half': 3.3841016089580034, 'gpp_af': 0.5592994749372486, 'gpp_b': 0.004458440839692221, 'gpp_d': 229.41380323183625, 'ign_k': 6.344955605329754, 'ign_c': 19.66760839944308, 'trop_agb_crit': 9.286923253577127, 'trop_k_veg': 4.7254560805090735, 'fuel_k': 0.06525050422102326, 'fuel_half': 0.28682508353628944}.
[I 2026-06-10 21:23:41,812] Trial 329 finished with values: [10.405036790393671, 10.405036790393671] and parameters: {'k1': 0.001906534551939351, 'D_low': 6.31831068043465, 'k2': 0.002884223471687844, 'D_high': 91246.32886689917, 'fire_exp': 1.3806513288500464, 'P_half': 93.43302657318476, 'pre_dampen_half': 13.472769577631583, 'gpp_af': 5.056419398267455, 'gpp_b': 2.176805640408474e-05, 'gpp_d': 32.54021513867688, 'ign_k': 0.012868405331151606, 'ign_c': 1.4940577239079738, 'trop_agb_crit': 12.647327018493208, 'trop_k_veg': 4.7254560805090735, 'fuel_k': 4.710433409437072, 'fuel_half': 54.91887821601532}.
[I 2026-06-10 21:23:43,780] Trial 330 finished with values: [10.22070077224368, 10.22070077224368] and parameters: {'k1': 0.0010495653625093638, 'D_low': 2022.2268128429641, 'k2': 0.014666151770108535, 'D_high': 38202.59936390114, 'fire_exp': 1.2336901664320323, 'P_half': 4.676601116802034, 'pre_dampen_half': 13.472769577631583, 'gpp_af': 0.5592994749372486, 'gpp_b': 4.240402110645304e-05, 'gpp_d': 562.7426550259207, 'ign_k': 0.351334661686928, 'ign_c': 1.4940577239079738, 'trop_agb_crit': 5.526463318565575, 'trop_k_veg': 2.724170387400844, 'fuel_k': 0.06525050422102326, 'fuel_half': 0.9682636678036001}.
[I 2026-06-10 21:23:45,571] Trial 331 finished with values: [10.213967866893963, 10.213967866893963] and parameters: {'k1': 0.001906534551939351, 'D_low': 2.4474057445796826, 'k2': 0.002173988526401145, 'D_high': 91246.32886689917, 'fire_exp': 1.1103154430776774, 'P_half': 118.39097834757698, 'pre_dampen_half': 243.70551632385417, 'gpp_af': 5.056419398267455, 'gpp_b': 0.15208782389892764, 'gpp_d': 32.54021513867688, 'ign_k': 0.012868405331151606, 'ign_c': 1.4940577239079738, 'trop_agb_crit': 28.4191188830683, 'trop_k_veg': 1.331829048405031, 'fuel_k': 0.917690895197959, 'fuel_half': 54.91887821601532}.
[I 2026-06-10 21:23:47,914] Trial 332 finished with values: [10.694097876010652, 10.694097876010652] and parameters: {'k1': 0.028401063201780267, 'D_low': 323.7668055684038, 'k2': 0.0001906331412032436, 'D_high': 3512.7047262708465, 'fire_exp': 1.1103154430776774, 'P_half': 221.2683656611821, 'pre_dampen_half': 0.027499987455708936, 'gpp_af': 5.056419398267455, 'gpp_b': 0.00012118589392553798, 'gpp_d': 562.7426550259207, 'ign_k': 0.025264326476269378, 'ign_c': 0.13376564232104107, 'trop_agb_crit': 8.576304173303555, 'trop_k_veg': 1.331829048405031, 'fuel_k': 2.563645943471902, 'fuel_half': 0.28682508353628944}.
[I 2026-06-10 21:23:49,961] Trial 333 finished with values: [10.64488687288022, 10.64488687288022] and parameters: {'k1': 0.028401063201780267, 'D_low': 37.35862630812753, 'k2': 0.00033271381912662167, 'D_high': 61536.58035691648, 'fire_exp': 1.5191397119156032, 'P_half': 157.80309954142965, 'pre_dampen_half': 3.3841016089580034, 'gpp_af': 0.03522602097143089, 'gpp_b': 0.0002833153434644105, 'gpp_d': 229.41380323183625, 'ign_k': 0.013276678836047658, 'ign_c': 18.219343937475102, 'trop_agb_crit': 5.526463318565575, 'trop_k_veg': 2.724170387400844, 'fuel_k': 3.989690646077923, 'fuel_half': 71.14476009343416}.
[I 2026-06-10 21:23:51,974] Trial 334 finished with values: [-0.4246853936491684, 0.9592346915512697] and parameters: {'k1': 0.012840669372724958, 'D_low': 2.4474057445796826, 'k2': 0.0002172578929502367, 'D_high': 91246.32886689917, 'fire_exp': 1.1103154430776774, 'P_half': 1.6139316358793205, 'pre_dampen_half': 565.0116730717873, 'gpp_af': 28.269551568161315, 'gpp_b': 0.005419266601560437, 'gpp_d': 12.6084874067596, 'ign_k': 0.012868405331151606, 'ign_c': 1.4940577239079738, 'trop_agb_crit': 15.68644624233575, 'trop_k_veg': 7.732256834860708, 'fuel_k': 0.9221804185592763, 'fuel_half': 0.17108183937377372}.
[I 2026-06-10 21:23:54,034] Trial 335 finished with values: [10.241878006792671, 10.241878006792671] and parameters: {'k1': 0.001906534551939351, 'D_low': 146.28013120517718, 'k2': 0.002884223471687844, 'D_high': 3512.7047262708465, 'fire_exp': 1.2781983515972553, 'P_half': 93.43302657318476, 'pre_dampen_half': 243.70551632385417, 'gpp_af': 0.3002317246575309, 'gpp_b': 2.176805640408474e-05, 'gpp_d': 229.41380323183625, 'ign_k': 0.012868405331151606, 'ign_c': 0.5655677524618509, 'trop_agb_crit': 5.12586335774155, 'trop_k_veg': 4.7254560805090735, 'fuel_k': 4.710433409437072, 'fuel_half': 54.91887821601532}.
[I 2026-06-10 21:23:56,161] Trial 336 finished with values: [10.615532829163316, 10.615532829163316] and parameters: {'k1': 0.002155595057104387, 'D_low': 525.4883437268169, 'k2': 0.0002172578929502367, 'D_high': 6858.704273511174, 'fire_exp': 1.3806513288500464, 'P_half': 2.0598022365449626, 'pre_dampen_half': 13.472769577631583, 'gpp_af': 0.3002317246575309, 'gpp_b': 2.176805640408474e-05, 'gpp_d': 12.338826503601998, 'ign_k': 0.0029519227433917453, 'ign_c': 1.4940577239079738, 'trop_agb_crit': 10.691477813613638, 'trop_k_veg': 6.45312300188076, 'fuel_k': 4.710433409437072, 'fuel_half': 71.14476009343416}.
[I 2026-06-10 21:23:58,350] Trial 337 finished with values: [10.183604119911962, 10.183604119911962] and parameters: {'k1': 0.07799059237255677, 'D_low': 37.35862630812753, 'k2': 0.0006863458703786212, 'D_high': 42210.21267871043, 'fire_exp': 1.3806513288500464, 'P_half': 20.654107883022302, 'pre_dampen_half': 32.53305539860191, 'gpp_af': 0.2204465010099918, 'gpp_b': 2.852199954727099e-05, 'gpp_d': 229.41380323183625, 'ign_k': 0.0029519227433917453, 'ign_c': 1.4940577239079738, 'trop_agb_crit': 10.691477813613638, 'trop_k_veg': 4.7254560805090735, 'fuel_k': 0.28328975157735103, 'fuel_half': 38.581832549157696}.
[I 2026-06-10 21:24:00,360] Trial 338 finished with values: [-0.24651354639507994, 0.8153228627024696] and parameters: {'k1': 0.0006579066240690734, 'D_low': 323.7668055684038, 'k2': 0.002173988526401145, 'D_high': 71267.2757353232, 'fire_exp': 1.1103154430776774, 'P_half': 56.22114524476698, 'pre_dampen_half': 565.0116730717873, 'gpp_af': 28.269551568161315, 'gpp_b': 0.014662453726154785, 'gpp_d': 922.1975850381748, 'ign_k': 0.012868405331151606, 'ign_c': 30.785541778315018, 'trop_agb_crit': 4.84104109932157, 'trop_k_veg': 2.132271839889451, 'fuel_k': 0.4182971994460706, 'fuel_half': 0.17108183937377372}.
[I 2026-06-10 21:24:02,325] Trial 339 finished with values: [10.231805199092069, 10.231805199092069] and parameters: {'k1': 0.0001971137615017176, 'D_low': 323.7668055684038, 'k2': 0.0004976087827261435, 'D_high': 83201.33621840179, 'fire_exp': 1.2051641823721246, 'P_half': 93.43302657318476, 'pre_dampen_half': 243.70551632385417, 'gpp_af': 5.056419398267455, 'gpp_b': 2.176805640408474e-05, 'gpp_d': 32.54021513867688, 'ign_k': 0.003252245757497283, 'ign_c': 22.126836566118193, 'trop_agb_crit': 3.1419938725278875, 'trop_k_veg': 5.593985425286908, 'fuel_k': 2.563645943471902, 'fuel_half': 60.70952705230881}.
[I 2026-06-10 21:24:04,599] Trial 340 finished with values: [10.429848627554518, 10.429848627554518] and parameters: {'k1': 0.03865036856259725, 'D_low': 40.12413353131991, 'k2': 0.0007047307383115598, 'D_high': 3512.7047262708465, 'fire_exp': 1.2781983515972553, 'P_half': 221.2683656611821, 'pre_dampen_half': 3.3841016089580034, 'gpp_af': 0.3002317246575309, 'gpp_b': 1.284284091405877e-05, 'gpp_d': 229.41380323183625, 'ign_k': 5.351470428717437, 'ign_c': 18.219343937475102, 'trop_agb_crit': 10.691477813613638, 'trop_k_veg': 6.45312300188076, 'fuel_k': 0.9221804185592763, 'fuel_half': 11.781063202742125}.
[I 2026-06-10 21:24:07,560] Trial 341 finished with values: [10.557449729897275, 10.557449729897275] and parameters: {'k1': 0.012840669372724958, 'D_low': 16.00237013173313, 'k2': 0.00033271381912662167, 'D_high': 42210.21267871043, 'fire_exp': 1.5191397119156032, 'P_half': 157.80309954142965, 'pre_dampen_half': 13.472769577631583, 'gpp_af': 5.056419398267455, 'gpp_b': 2.176805640408474e-05, 'gpp_d': 12.338826503601998, 'ign_k': 0.0029519227433917453, 'ign_c': 71.83692410204813, 'trop_agb_crit': 12.647327018493208, 'trop_k_veg': 2.724170387400844, 'fuel_k': 4.710433409437072, 'fuel_half': 71.14476009343416}.
[I 2026-06-10 21:24:09,695] Trial 342 finished with values: [10.592089372577563, 10.592089372577563] and parameters: {'k1': 0.002155595057104387, 'D_low': 525.4883437268169, 'k2': 0.002173988526401145, 'D_high': 42210.21267871043, 'fire_exp': 6.334729621242882, 'P_half': 2.0598022365449626, 'pre_dampen_half': 13.472769577631583, 'gpp_af': 0.3002317246575309, 'gpp_b': 0.0001484082099455773, 'gpp_d': 32.54021513867688, 'ign_k': 5.351470428717437, 'ign_c': 1.4940577239079738, 'trop_agb_crit': 10.691477813613638, 'trop_k_veg': 4.129715873342728, 'fuel_k': 4.710433409437072, 'fuel_half': 1.3323297901105768}.
[I 2026-06-10 21:24:11,463] Trial 343 finished with values: [10.086498454348671, 10.086498454348671] and parameters: {'k1': 0.03865036856259725, 'D_low': 40.12413353131991, 'k2': 0.015109086063191909, 'D_high': 3512.7047262708465, 'fire_exp': 1.2781983515972553, 'P_half': 56.22114524476698, 'pre_dampen_half': 243.70551632385417, 'gpp_af': 0.3002317246575309, 'gpp_b': 0.014662453726154785, 'gpp_d': 922.1975850381748, 'ign_k': 0.02741350741975827, 'ign_c': 1.4940577239079738, 'trop_agb_crit': 10.584071370490857, 'trop_k_veg': 6.45312300188076, 'fuel_k': 0.9221804185592763, 'fuel_half': 11.781063202742125}.
[I 2026-06-10 21:24:13,266] Trial 344 finished with values: [10.422089639292716, 10.422089639292716] and parameters: {'k1': 0.0009670857606743155, 'D_low': 525.4883437268169, 'k2': 0.000227929621949939, 'D_high': 61536.58035691648, 'fire_exp': 1.2781983515972553, 'P_half': 221.2683656611821, 'pre_dampen_half': 3.3841016089580034, 'gpp_af': 1.1409619915696267, 'gpp_b': 1.284284091405877e-05, 'gpp_d': 229.41380323183625, 'ign_k': 5.351470428717437, 'ign_c': 18.219343937475102, 'trop_agb_crit': 10.691477813613638, 'trop_k_veg': 6.45312300188076, 'fuel_k': 0.9221804185592763, 'fuel_half': 1.3323297901105768}.
[I 2026-06-10 21:24:15,508] Trial 345 finished with values: [10.491951881775009, 10.491951881775009] and parameters: {'k1': 0.002155595057104387, 'D_low': 323.7668055684038, 'k2': 0.00033271381912662167, 'D_high': 61536.58035691648, 'fire_exp': 1.423480109671474, 'P_half': 157.80309954142965, 'pre_dampen_half': 118.61116422456547, 'gpp_af': 0.03522602097143089, 'gpp_b': 0.00012118589392553798, 'gpp_d': 922.1975850381748, 'ign_k': 0.001973268844408891, 'ign_c': 30.785541778315018, 'trop_agb_crit': 27.025726513675966, 'trop_k_veg': 2.132271839889451, 'fuel_k': 0.01669441328556446, 'fuel_half': 71.14476009343416}.
[I 2026-06-10 21:24:17,310] Trial 346 finished with values: [10.196418290375075, 10.196418290375075] and parameters: {'k1': 0.00021901578520649233, 'D_low': 40.12413353131991, 'k2': 0.0002172578929502367, 'D_high': 40237.59749324181, 'fire_exp': 1.1103154430776774, 'P_half': 221.2683656611821, 'pre_dampen_half': 52.18447053446689, 'gpp_af': 0.2204465010099918, 'gpp_b': 0.005419266601560437, 'gpp_d': 36.831884165358986, 'ign_k': 5.351470428717437, 'ign_c': 18.219343937475102, 'trop_agb_crit': 5.526463318565575, 'trop_k_veg': 1.9658897090912955, 'fuel_k': 0.4182971994460706, 'fuel_half': 0.17108183937377372}.
[I 2026-06-10 21:24:19,100] Trial 347 finished with values: [10.70391060609197, 10.70391060609197] and parameters: {'k1': 0.012840669372724958, 'D_low': 3795.4792742512946, 'k2': 0.002884223471687844, 'D_high': 42210.21267871043, 'fire_exp': 1.3806513288500464, 'P_half': 118.39097834757698, 'pre_dampen_half': 243.70551632385417, 'gpp_af': 5.056419398267455, 'gpp_b': 0.15208782389892764, 'gpp_d': 5.469679518926602, 'ign_k': 0.02741350741975827, 'ign_c': 1.4940577239079738, 'trop_agb_crit': 28.4191188830683, 'trop_k_veg': 4.7254560805090735, 'fuel_k': 2.563645943471902, 'fuel_half': 1.3323297901105768}.
[I 2026-06-10 21:24:21,048] Trial 348 finished with values: [-0.3660610227681248, 0.9875037258781368] and parameters: {'k1': 0.0010495653625093638, 'D_low': 2022.2268128429641, 'k2': 0.014666151770108535, 'D_high': 40237.59749324181, 'fire_exp': 1.2051641823721246, 'P_half': 7.46475488144212, 'pre_dampen_half': 857.6556763881457, 'gpp_af': 0.5592994749372486, 'gpp_b': 2.176805640408474e-05, 'gpp_d': 562.7426550259207, 'ign_k': 6.344955605329754, 'ign_c': 19.66760839944308, 'trop_agb_crit': 16.115652992503392, 'trop_k_veg': 2.724170387400844, 'fuel_k': 0.28328975157735103, 'fuel_half': 0.9682636678036001}.
[I 2026-06-10 21:24:23,393] Trial 349 finished with values: [-0.4687177099193119, 0.9760626862678183] and parameters: {'k1': 0.028401063201780267, 'D_low': 323.7668055684038, 'k2': 0.0001906331412032436, 'D_high': 83201.33621840179, 'fire_exp': 2.450200807937923, 'P_half': 13.30003421978439, 'pre_dampen_half': 243.70551632385417, 'gpp_af': 5.056419398267455, 'gpp_b': 0.00012118589392553798, 'gpp_d': 32.54021513867688, 'ign_k': 6.344955605329754, 'ign_c': 22.126836566118193, 'trop_agb_crit': 3.1419938725278875, 'trop_k_veg': 2.9556982260250573, 'fuel_k': 2.563645943471902, 'fuel_half': 60.70952705230881}.
