[I 2026-07-22 18:46:28,300] Trial 664 finished with values: [10.744373388114047, 10.744373388114047] and parameters: {'k1': 0.0029282035181080004, 'D_low': 13804.775391932099, 'k2': 2.1698375693549493e-05, 'D_high': 680.9980431188127, 'fire_exp': 1.7124099831271415, 'P_half': 9.324787201197319, 'pre_dampen_half': 0.9658453324337261, 'gpp_af': 8.769726637617675, 'gpp_b': 3.228689523591491e-05, 'gpp_d': 4.776815004752158, 'ign_k': 0.006290644294586149, 'ign_c': 11.40086370112731, 'trop_agb_crit': 20.205002815711154, 'trop_k_veg': 1.140286245977296, 'fuel_k': 0.48736180483849406, 'fuel_half': 0.32476735706274484}.
[I 2026-07-22 18:46:28,732] Trial 665 finished with values: [-0.582631577589982, 0.1443436967061772] and parameters: {'k1': 0.006033623633620595, 'D_low': 1.7887890916820506, 'k2': 0.001566517163094646, 'D_high': 580966.5602369158, 'fire_exp': 1.4439251473259103, 'P_half': 38.82837025280678, 'pre_dampen_half': 0.46504594134732663, 'gpp_af': 0.015350904103515228, 'gpp_b': 1.7565109007473816e-05, 'gpp_d': 9.00460602264307, 'ign_k': 0.5131654955148324, 'ign_c': 11.40086370112731, 'trop_agb_crit': 4.576910054440526, 'trop_k_veg': 2.417028380770307, 'fuel_k': 0.0500651901928747, 'fuel_half': 81.87941582538087}.
[I 2026-07-22 18:46:29,173] Trial 666 finished with values: [-0.5702635014498489, 0.20603377998489347] and parameters: {'k1': 0.052334804885400876, 'D_low': 13.25142220631392, 'k2': 0.001566517163094646, 'D_high': 708572.1663941594, 'fire_exp': 3.9865235442286613, 'P_half': 2.843767489444367, 'pre_dampen_half': 3.9885726374014694, 'gpp_af': 0.06789053271698488, 'gpp_b': 1.7565109007473816e-05, 'gpp_d': 9.00460602264307, 'ign_k': 0.5131654955148324, 'ign_c': 14.452451441203314, 'trop_agb_crit': 9.362115196011851, 'trop_k_veg': 0.5415365826598848, 'fuel_k': 0.08612665817296865, 'fuel_half': 0.3335026483569958}.
[I 2026-07-22 18:46:29,591] Trial 667 finished with values: [10.66866962218489, 10.66866962218489] and parameters: {'k1': 1.8205657658407255e-05, 'D_low': 864.0717009254879, 'k2': 1.6559474674046002e-05, 'D_high': 708572.1663941594, 'fire_exp': 1.3175349115759807, 'P_half': 1938.3858782150498, 'pre_dampen_half': 26.373339933815235, 'gpp_af': 0.005618069878716736, 'gpp_b': 0.0054502936945582505, 'gpp_d': 857.4284557962626, 'ign_k': 0.0022267996908938684, 'ign_c': 14.074279366401672, 'trop_agb_crit': 6.119263728555865, 'trop_k_veg': 6.911478238001162, 'fuel_k': 0.08612665817296865, 'fuel_half': 81.87941582538087}.
[I 2026-07-22 18:46:30,006] Trial 668 finished with values: [10.56968455243548, 10.56968455243548] and parameters: {'k1': 0.0029707920514735983, 'D_low': 4.043300846639722, 'k2': 0.0007081721844034209, 'D_high': 160625.60954780428, 'fire_exp': 1.7124099831271415, 'P_half': 7.890004262668578, 'pre_dampen_half': 33.97904243111269, 'gpp_af': 0.0025511964576171086, 'gpp_b': 0.012418712303684949, 'gpp_d': 302.3127748796295, 'ign_k': 4.759571911239685, 'ign_c': 6.1609752947414345, 'trop_agb_crit': 15.870971677383487, 'trop_k_veg': 1.140286245977296, 'fuel_k': 0.08612665817296865, 'fuel_half': 18.202647368248815}.
[I 2026-07-22 18:46:30,415] Trial 669 finished with values: [10.76923076903347, 10.76923076903347] and parameters: {'k1': 0.0003199177539819797, 'D_low': 8454.098152188677, 'k2': 0.01567230746060024, 'D_high': 2283.4228779494524, 'fire_exp': 6.392491407653604, 'P_half': 1.7036120617148391, 'pre_dampen_half': 33.71909132517388, 'gpp_af': 0.0023751383317256927, 'gpp_b': 0.0054502936945582505, 'gpp_d': 2.2044650100999164, 'ign_k': 4.59148521674054, 'ign_c': 11.40086370112731, 'trop_agb_crit': 10.719494362768906, 'trop_k_veg': 2.3408809609838257, 'fuel_k': 3.6992394681929355, 'fuel_half': 5.7024711030333775}.
[I 2026-07-22 18:46:30,827] Trial 670 finished with values: [12.148951602434593, 12.148951602434593] and parameters: {'k1': 0.011966626407443505, 'D_low': 1.7887890916820506, 'k2': 0.0009724201099820953, 'D_high': 8433503.858791472, 'fire_exp': 1.2242398136753672, 'P_half': 1.4378290221680121, 'pre_dampen_half': 33.71909132517388, 'gpp_af': 42.29037995744429, 'gpp_b': 1.7565109007473816e-05, 'gpp_d': 6.91394869865762, 'ign_k': 4.59148521674054, 'ign_c': 0.13670484737132343, 'trop_agb_crit': 10.719494362768906, 'trop_k_veg': 2.417028380770307, 'fuel_k': 0.08612665817296865, 'fuel_half': 5.7024711030333775}.
[I 2026-07-22 18:46:31,238] Trial 671 finished with values: [-0.5258424858843264, 0.48420732521046705] and parameters: {'k1': 0.052334804885400876, 'D_low': 126.11058927054879, 'k2': 0.0009562822793888481, 'D_high': 708572.1663941594, 'fire_exp': 2.0165721691808587, 'P_half': 4.020051040432125, 'pre_dampen_half': 3.9885726374014694, 'gpp_af': 18.235072804314193, 'gpp_b': 0.002407352334224724, 'gpp_d': 3.0023172465753087, 'ign_k': 0.5670346335627292, 'ign_c': 4.1108484350212295, 'trop_agb_crit': 5.707205898008383, 'trop_k_veg': 2.417028380770307, 'fuel_k': 1.2528108647479208, 'fuel_half': 0.3625056554880307}.
  trial  672/2500  pareto_size=4  best_taylor=0.6956  best_ilamb=0.5875  (4.7 min)
[I 2026-07-22 18:46:31,764] Trial 672 finished with values: [10.125831675995935, 10.125831675995935] and parameters: {'k1': 0.0003199177539819797, 'D_low': 2.9612221068836555, 'k2': 0.035891558714508394, 'D_high': 2283.4228779494524, 'fire_exp': 2.0165721691808587, 'P_half': 2.843767489444367, 'pre_dampen_half': 420.2116526335304, 'gpp_af': 0.015350904103515228, 'gpp_b': 1.1698276136056565e-05, 'gpp_d': 1.050978521342778, 'ign_k': 0.5670346335627292, 'ign_c': 14.452451441203314, 'trop_agb_crit': 15.870971677383487, 'trop_k_veg': 2.3408809609838257, 'fuel_k': 0.6137000782082781, 'fuel_half': 18.202647368248815}.
[I 2026-07-22 18:46:32,178] Trial 673 finished with values: [10.769207614007025, 10.769207614007025] and parameters: {'k1': 0.011966626407443505, 'D_low': 864.0717009254879, 'k2': 0.030699709531122953, 'D_high': 316055.11434645456, 'fire_exp': 1.7124099831271415, 'P_half': 7.890004262668578, 'pre_dampen_half': 0.4016986062226068, 'gpp_af': 0.06789053271698488, 'gpp_b': 8.973215315767922, 'gpp_d': 6.91394869865762, 'ign_k': 0.006290644294586149, 'ign_c': 11.40086370112731, 'trop_agb_crit': 5.707205898008383, 'trop_k_veg': 1.140286245977296, 'fuel_k': 0.08612665817296865, 'fuel_half': 81.87941582538087}.
[I 2026-07-22 18:46:32,592] Trial 674 finished with values: [10.707225420684548, 10.707225420684548] and parameters: {'k1': 0.0003199177539819797, 'D_low': 128395.48332743198, 'k2': 0.001566517163094646, 'D_high': 887331.2884015184, 'fire_exp': 1.3411849220480432, 'P_half': 2.843767489444367, 'pre_dampen_half': 0.4016986062226068, 'gpp_af': 0.015350904103515228, 'gpp_b': 0.00017826376967587887, 'gpp_d': 9.00460602264307, 'ign_k': 0.5131654955148324, 'ign_c': 3.0378658251922155, 'trop_agb_crit': 9.362115196011851, 'trop_k_veg': 0.5415365826598848, 'fuel_k': 1.1820218758583807, 'fuel_half': 38.21129441691226}.
[I 2026-07-22 18:46:33,014] Trial 675 finished with values: [11.371167013188503, 11.371167013188503] and parameters: {'k1': 0.052334804885400876, 'D_low': 126.11058927054879, 'k2': 2.1698375693549493e-05, 'D_high': 160625.60954780428, 'fire_exp': 1.182396148413737, 'P_half': 60.42560675552672, 'pre_dampen_half': 33.97904243111269, 'gpp_af': 0.49740621749684094, 'gpp_b': 3.228689523591491e-05, 'gpp_d': 857.4284557962626, 'ign_k': 0.03141110271934876, 'ign_c': 8.405439129313676, 'trop_agb_crit': 15.870971677383487, 'trop_k_veg': 6.911478238001162, 'fuel_k': 5.486054129200971, 'fuel_half': 38.21129441691226}.
[I 2026-07-22 18:46:33,440] Trial 676 finished with values: [10.337849284006639, 10.337849284006639] and parameters: {'k1': 0.011966626407443505, 'D_low': 13.25142220631392, 'k2': 0.0007081721844034209, 'D_high': 316055.11434645456, 'fire_exp': 1.2242398136753672, 'P_half': 7.890004262668578, 'pre_dampen_half': 0.46504594134732663, 'gpp_af': 0.06789053271698488, 'gpp_b': 1.7565109007473816e-05, 'gpp_d': 2.2044650100999164, 'ign_k': 3.284529979576942, 'ign_c': 6.1609752947414345, 'trop_agb_crit': 9.362115196011851, 'trop_k_veg': 2.417028380770307, 'fuel_k': 3.8488790096189733, 'fuel_half': 7.259866824755671}.
[I 2026-07-22 18:46:33,868] Trial 677 finished with values: [10.05636653040601, 10.05636653040601] and parameters: {'k1': 0.0003199177539819797, 'D_low': 2.9612221068836555, 'k2': 2.1698375693549493e-05, 'D_high': 708572.1663941594, 'fire_exp': 1.1258453832483524, 'P_half': 1535.1441568398143, 'pre_dampen_half': 347.79988160923324, 'gpp_af': 0.49740621749684094, 'gpp_b': 0.0054502936945582505, 'gpp_d': 700.6693992445935, 'ign_k': 0.5670346335627292, 'ign_c': 11.40086370112731, 'trop_agb_crit': 15.870971677383487, 'trop_k_veg': 0.6903814430415869, 'fuel_k': 0.48736180483849406, 'fuel_half': 38.21129441691226}.
[I 2026-07-22 18:46:34,297] Trial 678 finished with values: [10.67299364725491, 10.67299364725491] and parameters: {'k1': 0.0003199177539819797, 'D_low': 13.25142220631392, 'k2': 1.6559474674046002e-05, 'D_high': 25240.47745792575, 'fire_exp': 1.1258453832483524, 'P_half': 1.7036120617148391, 'pre_dampen_half': 0.46504594134732663, 'gpp_af': 0.003422824370263182, 'gpp_b': 0.0054502936945582505, 'gpp_d': 2.2044650100999164, 'ign_k': 0.5131654955148324, 'ign_c': 4.1108484350212295, 'trop_agb_crit': 2.171140223187998, 'trop_k_veg': 2.410360404052941, 'fuel_k': 0.0500651901928747, 'fuel_half': 38.21129441691226}.
[I 2026-07-22 18:46:34,722] Trial 679 finished with values: [10.130756597516232, 10.130756597516232] and parameters: {'k1': 0.003198020818004832, 'D_low': 1.7887890916820506, 'k2': 0.0007081721844034209, 'D_high': 802968.0238356842, 'fire_exp': 1.3411849220480432, 'P_half': 234.09994646132157, 'pre_dampen_half': 0.46504594134732663, 'gpp_af': 0.015350904103515228, 'gpp_b': 1.7565109007473816e-05, 'gpp_d': 0.34391397565278453, 'ign_k': 3.284529979576942, 'ign_c': 3.330375276964646, 'trop_agb_crit': 1.5774541406529003, 'trop_k_veg': 0.8966698264662736, 'fuel_k': 0.08612665817296865, 'fuel_half': 81.87941582538087}.
[I 2026-07-22 18:46:35,153] Trial 680 finished with values: [-0.28415027713415764, 0.17146706711609727] and parameters: {'k1': 0.003242143344038315, 'D_low': 102.19595065529477, 'k2': 0.001566517163094646, 'D_high': 580966.5602369158, 'fire_exp': 1.182396148413737, 'P_half': 1938.3858782150498, 'pre_dampen_half': 294.75617712568373, 'gpp_af': 0.06789053271698488, 'gpp_b': 8.129227514069975e-05, 'gpp_d': 857.4284557962626, 'ign_k': 0.009861808369679786, 'ign_c': 3.0378658251922155, 'trop_agb_crit': 15.870971677383487, 'trop_k_veg': 2.417028380770307, 'fuel_k': 5.486054129200971, 'fuel_half': 91.90868674438059}.
[I 2026-07-22 18:46:35,581] Trial 681 finished with values: [10.764190918751257, 10.764190918751257] and parameters: {'k1': 0.0029282035181080004, 'D_low': 126.11058927054879, 'k2': 0.001566517163094646, 'D_high': 580966.5602369158, 'fire_exp': 7.550475808649676, 'P_half': 7.890004262668578, 'pre_dampen_half': 6.881834772031151, 'gpp_af': 0.25562996323356013, 'gpp_b': 0.0054502936945582505, 'gpp_d': 700.6693992445935, 'ign_k': 0.009861808369679786, 'ign_c': 11.40086370112731, 'trop_agb_crit': 20.205002815711154, 'trop_k_veg': 0.6921865222804094, 'fuel_k': 0.48736180483849406, 'fuel_half': 0.32476735706274484}.
[I 2026-07-22 18:46:36,003] Trial 682 finished with values: [10.002485982705355, 10.002485982705355] and parameters: {'k1': 0.052334804885400876, 'D_low': 8454.098152188677, 'k2': 2.8459703343413838e-05, 'D_high': 708572.1663941594, 'fire_exp': 2.0165721691808587, 'P_half': 2.843767489444367, 'pre_dampen_half': 6.881834772031151, 'gpp_af': 0.015350904103515228, 'gpp_b': 1.1698276136056565e-05, 'gpp_d': 0.015253065480601964, 'ign_k': 3.210808548911192, 'ign_c': 11.40086370112731, 'trop_agb_crit': 1.5774541406529003, 'trop_k_veg': 2.3408809609838257, 'fuel_k': 1.1820218758583807, 'fuel_half': 0.32476735706274484}.
[I 2026-07-22 18:46:36,421] Trial 683 finished with values: [10.833027294571743, 10.833027294571743] and parameters: {'k1': 9.969469187531805e-05, 'D_low': 864.0717009254879, 'k2': 2.1698375693549493e-05, 'D_high': 887331.2884015184, 'fire_exp': 1.3411849220480432, 'P_half': 38.82837025280678, 'pre_dampen_half': 33.97904243111269, 'gpp_af': 0.015350904103515228, 'gpp_b': 3.228689523591491e-05, 'gpp_d': 2.2044650100999164, 'ign_k': 0.03141110271934876, 'ign_c': 3.0378658251922155, 'trop_agb_crit': 12.324775650896964, 'trop_k_veg': 6.911478238001162, 'fuel_k': 0.0500651901928747, 'fuel_half': 81.87941582538087}.
[I 2026-07-22 18:46:36,841] Trial 684 finished with values: [12.540978013981526, 12.540978013981526] and parameters: {'k1': 0.0003199177539819797, 'D_low': 864.0717009254879, 'k2': 7.67074891445376e-05, 'D_high': 1681956.433827372, 'fire_exp': 1.7124099831271415, 'P_half': 7.890004262668578, 'pre_dampen_half': 26.373339933815235, 'gpp_af': 0.49740621749684094, 'gpp_b': 3.228689523591491e-05, 'gpp_d': 6.91394869865762, 'ign_k': 2.9663798365255736, 'ign_c': 6.1609752947414345, 'trop_agb_crit': 10.719494362768906, 'trop_k_veg': 1.7428926895756522, 'fuel_k': 3.6992394681929355, 'fuel_half': 81.87941582538087}.
[I 2026-07-22 18:46:37,256] Trial 685 finished with values: [10.180737315418298, 10.180737315418298] and parameters: {'k1': 0.00045102062878998736, 'D_low': 126.11058927054879, 'k2': 0.0009562822793888481, 'D_high': 708572.1663941594, 'fire_exp': 6.396249560187033, 'P_half': 4.020051040432125, 'pre_dampen_half': 89.15632969317363, 'gpp_af': 0.033373034352042676, 'gpp_b': 0.002407352334224724, 'gpp_d': 3.0023172465753087, 'ign_k': 0.5670346335627292, 'ign_c': 4.1108484350212295, 'trop_agb_crit': 6.119263728555865, 'trop_k_veg': 2.417028380770307, 'fuel_k': 1.2528108647479208, 'fuel_half': 0.3625056554880307}.
[I 2026-07-22 18:46:37,703] Trial 686 finished with values: [-0.6967670538372458, 0.18622083174630888] and parameters: {'k1': 0.052334804885400876, 'D_low': 8454.098152188677, 'k2': 1.895375973243287e-05, 'D_high': 708572.1663941594, 'fire_exp': 1.1258453832483524, 'P_half': 7.890004262668578, 'pre_dampen_half': 3.9885726374014694, 'gpp_af': 0.0025386125063826667, 'gpp_b': 1.1698276136056565e-05, 'gpp_d': 1.050978521342778, 'ign_k': 0.03141110271934876, 'ign_c': 14.452451441203314, 'trop_agb_crit': 5.707205898008383, 'trop_k_veg': 2.1085323608231485, 'fuel_k': 1.1820218758583807, 'fuel_half': 0.3335026483569958}.
[I 2026-07-22 18:46:38,123] Trial 687 finished with values: [10.41391657243759, 10.41391657243759] and parameters: {'k1': 0.011966626407443505, 'D_low': 126.11058927054879, 'k2': 2.8459703343413838e-05, 'D_high': 316055.11434645456, 'fire_exp': 1.2242398136753672, 'P_half': 2.843767489444367, 'pre_dampen_half': 3.9885726374014694, 'gpp_af': 0.10349059737742376, 'gpp_b': 0.0005392415140872105, 'gpp_d': 9.00460602264307, 'ign_k': 0.03141110271934876, 'ign_c': 11.462237838612072, 'trop_agb_crit': 6.119263728555865, 'trop_k_veg': 2.417028380770307, 'fuel_k': 0.48736180483849406, 'fuel_half': 0.3335026483569958}.
[I 2026-07-22 18:46:38,549] Trial 688 finished with values: [10.061782633631205, 10.061782633631205] and parameters: {'k1': 0.052334804885400876, 'D_low': 8454.098152188677, 'k2': 2.8459703343413838e-05, 'D_high': 1681956.433827372, 'fire_exp': 3.313658135010505, 'P_half': 2.843767489444367, 'pre_dampen_half': 26.373339933815235, 'gpp_af': 0.015350904103515228, 'gpp_b': 0.002407352334224724, 'gpp_d': 1.050978521342778, 'ign_k': 0.5131654955148324, 'ign_c': 14.452451441203314, 'trop_agb_crit': 15.35205868174982, 'trop_k_veg': 2.3408809609838257, 'fuel_k': 1.1820218758583807, 'fuel_half': 0.3625056554880307}.
[I 2026-07-22 18:46:38,963] Trial 689 finished with values: [10.76923076903347, 10.76923076903347] and parameters: {'k1': 4.944223106753944e-05, 'D_low': 4.043300846639722, 'k2': 0.0007081721844034209, 'D_high': 160625.60954780428, 'fire_exp': 8.791426299948917, 'P_half': 602.2882014304706, 'pre_dampen_half': 33.71909132517388, 'gpp_af': 0.05376487404131282, 'gpp_b': 1.1698276136056565e-05, 'gpp_d': 6.91394869865762, 'ign_k': 0.03141110271934876, 'ign_c': 798.8050530300033, 'trop_agb_crit': 15.870971677383487, 'trop_k_veg': 1.7428926895756522, 'fuel_k': 3.6992394681929355, 'fuel_half': 81.87941582538087}.
[I 2026-07-22 18:46:39,386] Trial 690 finished with values: [-0.4228296444573419, 0.2819111106589802] and parameters: {'k1': 0.003663433473924883, 'D_low': 13804.775391932099, 'k2': 6.364067167735477e-05, 'D_high': 316055.11434645456, 'fire_exp': 1.7124099831271415, 'P_half': 9.324787201197319, 'pre_dampen_half': 33.71909132517388, 'gpp_af': 8.769726637617675, 'gpp_b': 3.228689523591491e-05, 'gpp_d': 4.776815004752158, 'ign_k': 0.009861808369679786, 'ign_c': 11.40086370112731, 'trop_agb_crit': 20.205002815711154, 'trop_k_veg': 1.140286245977296, 'fuel_k': 1.8731335591844647, 'fuel_half': 0.3335026483569958}.
[I 2026-07-22 18:46:39,802] Trial 691 finished with values: [-0.4700702041107747, 0.4644071930456387] and parameters: {'k1': 0.0029282035181080004, 'D_low': 864.0717009254879, 'k2': 2.1698375693549493e-05, 'D_high': 708572.1663941594, 'fire_exp': 1.1258453832483524, 'P_half': 9.324787201197319, 'pre_dampen_half': 347.79988160923324, 'gpp_af': 42.29037995744429, 'gpp_b': 0.0054502936945582505, 'gpp_d': 2.8006820077310226, 'ign_k': 0.006290644294586149, 'ign_c': 11.40086370112731, 'trop_agb_crit': 20.205002815711154, 'trop_k_veg': 1.0049538030148353, 'fuel_k': 0.08612665817296865, 'fuel_half': 38.21129441691226}.
[I 2026-07-22 18:46:40,225] Trial 692 finished with values: [10.220813225834394, 10.220813225834394] and parameters: {'k1': 0.011966626407443505, 'D_low': 1.7887890916820506, 'k2': 0.001566517163094646, 'D_high': 316055.11434645456, 'fire_exp': 1.2310899049053081, 'P_half': 540.9803697908727, 'pre_dampen_half': 0.4016986062226068, 'gpp_af': 0.06789053271698488, 'gpp_b': 1.7565109007473816e-05, 'gpp_d': 9.00460602264307, 'ign_k': 3.284529979576942, 'ign_c': 11.462237838612072, 'trop_agb_crit': 9.362115196011851, 'trop_k_veg': 2.417028380770307, 'fuel_k': 0.08612665817296865, 'fuel_half': 0.3335026483569958}.
[I 2026-07-22 18:46:40,637] Trial 693 finished with values: [10.353837520722687, 10.353837520722687] and parameters: {'k1': 2.27847364377152e-05, 'D_low': 86076.25863264319, 'k2': 0.001566517163094646, 'D_high': 316055.11434645456, 'fire_exp': 1.2242398136753672, 'P_half': 7.890004262668578, 'pre_dampen_half': 0.4016986062226068, 'gpp_af': 0.06789053271698488, 'gpp_b': 1.7565109007473816e-05, 'gpp_d': 9.00460602264307, 'ign_k': 3.284529979576942, 'ign_c': 0.11650681118986138, 'trop_agb_crit': 9.362115196011851, 'trop_k_veg': 2.417028380770307, 'fuel_k': 0.6211831489538813, 'fuel_half': 0.3335026483569958}.
[I 2026-07-22 18:46:41,043] Trial 694 finished with values: [10.76864512375228, 10.76864512375228] and parameters: {'k1': 0.011966626407443505, 'D_low': 1.7887890916820506, 'k2': 1.895375973243287e-05, 'D_high': 316055.11434645456, 'fire_exp': 1.1258453832483524, 'P_half': 7.890004262668578, 'pre_dampen_half': 0.4016986062226068, 'gpp_af': 0.004598575950307868, 'gpp_b': 1.4862329780204049, 'gpp_d': 700.6693992445935, 'ign_k': 0.03141110271934876, 'ign_c': 11.40086370112731, 'trop_agb_crit': 9.362115196011851, 'trop_k_veg': 2.1085323608231485, 'fuel_k': 0.08612665817296865, 'fuel_half': 0.3335026483569958}.
[I 2026-07-22 18:46:41,450] Trial 695 finished with values: [10.76923076903347, 10.76923076903347] and parameters: {'k1': 9.969469187531805e-05, 'D_low': 1.7887890916820506, 'k2': 0.001566517163094646, 'D_high': 316055.11434645456, 'fire_exp': 1.2242398136753672, 'P_half': 7.890004262668578, 'pre_dampen_half': 0.4016986062226068, 'gpp_af': 0.49740621749684094, 'gpp_b': 1.7565109007473816e-05, 'gpp_d': 9.00460602264307, 'ign_k': 0.47637374845937214, 'ign_c': 490.9403886223242, 'trop_agb_crit': 9.362115196011851, 'trop_k_veg': 1.9295275931941318, 'fuel_k': 0.08612665817296865, 'fuel_half': 0.3625056554880307}.
[I 2026-07-22 18:46:41,863] Trial 696 finished with values: [-0.6312382836670422, 0.20508615481097192] and parameters: {'k1': 0.0026607970538371477, 'D_low': 1.7887890916820506, 'k2': 0.001566517163094646, 'D_high': 388024.1939505089, 'fire_exp': 1.2242398136753672, 'P_half': 2.2010656610055808, 'pre_dampen_half': 0.46504594134732663, 'gpp_af': 0.06789053271698488, 'gpp_b': 0.00011195197602511399, 'gpp_d': 2.2044650100999164, 'ign_k': 0.5131654955148324, 'ign_c': 11.40086370112731, 'trop_agb_crit': 12.324775650896964, 'trop_k_veg': 7.26254292602904, 'fuel_k': 0.0500651901928747, 'fuel_half': 81.87941582538087}.
[I 2026-07-22 18:46:42,274] Trial 697 finished with values: [-0.36581284996292124, 0.1920583386960818] and parameters: {'k1': 0.00023352156626184448, 'D_low': 13.25142220631392, 'k2': 1.6559474674046002e-05, 'D_high': 10360.875587906949, 'fire_exp': 1.3411849220480432, 'P_half': 38.82837025280678, 'pre_dampen_half': 33.71909132517388, 'gpp_af': 0.015350904103515228, 'gpp_b': 0.0005392415140872105, 'gpp_d': 6.91394869865762, 'ign_k': 0.5131654955148324, 'ign_c': 3.9323495083117734, 'trop_agb_crit': 2.171140223187998, 'trop_k_veg': 2.3408809609838257, 'fuel_k': 0.025506395489012103, 'fuel_half': 1.2664943797139754}.
[I 2026-07-22 18:46:42,682] Trial 698 finished with values: [-0.6237970997257674, 0.25842421085561584] and parameters: {'k1': 0.011966626407443505, 'D_low': 13804.775391932099, 'k2': 0.0007081721844034209, 'D_high': 316055.11434645456, 'fire_exp': 1.7124099831271415, 'P_half': 7.890004262668578, 'pre_dampen_half': 0.4016986062226068, 'gpp_af': 8.769726637617675, 'gpp_b': 3.228689523591491e-05, 'gpp_d': 302.3127748796295, 'ign_k': 3.284529979576942, 'ign_c': 11.40086370112731, 'trop_agb_crit': 15.870971677383487, 'trop_k_veg': 1.140286245977296, 'fuel_k': 1.8731335591844647, 'fuel_half': 0.3335026483569958}.
