[I 2026-06-08 12:17:15,915] Trial 431 finished with values: [10.478039088097573, 10.478039088097573] and parameters: {'k1': 3.23559867820537e-05, 'D_low': 38.82837025280678, 'k2': 5.52207197313581e-05, 'D_high': 2940.51756322311, 'fire_exp': 1.165368636520435, 'P_half': 12.808863354047988, 'pre_dampen_half': 107.40052367919465, 'gpp_af': 0.10409127568994281, 'gpp_b': 0.0005752434266899163, 'gpp_d': 5.1715677287580455, 'ign_k': 2.9818972317055166, 'ign_c': 20.03995359361212, 'trop_agb_crit': 3.5747129226002423, 'trop_k_veg': 6.2065960186008615}.
[I 2026-06-08 12:17:17,021] Trial 432 finished with values: [10.154944191542839, 10.154944191542839] and parameters: {'k1': 0.008912611835817005, 'D_low': 64.39790863101601, 'k2': 1.915468390724633e-05, 'D_high': 2940.51756322311, 'fire_exp': 1.165368636520435, 'P_half': 12.808863354047988, 'pre_dampen_half': 107.40052367919465, 'gpp_af': 0.1476584299248268, 'gpp_b': 0.0005752434266899163, 'gpp_d': 660.9129108295722, 'ign_k': 8.708806168038567, 'ign_c': 20.03995359361212, 'trop_agb_crit': 24.584290528289387, 'trop_k_veg': 0.5349971555643298}.
[I 2026-06-08 12:17:18,285] Trial 433 finished with values: [10.892857142659844, 10.892857142659844] and parameters: {'k1': 0.008912611835817005, 'D_low': 34.459310919273356, 'k2': 1.915468390724633e-05, 'D_high': 3712.591045287726, 'fire_exp': 5.97856358842259, 'P_half': 523.1053126909052, 'pre_dampen_half': 10.129197956845726, 'gpp_af': 0.1476584299248268, 'gpp_b': 0.0021331409710300844, 'gpp_d': 4.25060659305504, 'ign_k': 2.1368329072358767, 'ign_c': 121.2515722046017, 'trop_agb_crit': 18.785197416433792, 'trop_k_veg': 1.0594599158279707}.
[I 2026-06-08 12:17:19,662] Trial 434 finished with values: [10.108911015880711, 10.108911015880711] and parameters: {'k1': 0.008471801418819975, 'D_low': 355.00125258511594, 'k2': 0.0012040762895973265, 'D_high': 42210.21267871043, 'fire_exp': 1.1430983876313219, 'P_half': 4.213183643253957, 'pre_dampen_half': 10.129197956845726, 'gpp_af': 16.746194867675783, 'gpp_b': 0.0021331409710300844, 'gpp_d': 2.944272359149677, 'ign_k': 8.708806168038567, 'ign_c': 5.13055176058983, 'trop_agb_crit': 3.5747129226002423, 'trop_k_veg': 0.83140195149031}.
[I 2026-06-08 12:17:20,783] Trial 435 finished with values: [10.373410417311797, 10.373410417311797] and parameters: {'k1': 0.008912611835817005, 'D_low': 83.62695993649682, 'k2': 1.915468390724633e-05, 'D_high': 3712.591045287726, 'fire_exp': 1.0629462657398439, 'P_half': 5.076307782729897, 'pre_dampen_half': 63.6685916079943, 'gpp_af': 0.7539992074650279, 'gpp_b': 0.3682510091559943, 'gpp_d': 5.1715677287580455, 'ign_k': 8.926311370835233, 'ign_c': 5.13055176058983, 'trop_agb_crit': 7.499945891579917, 'trop_k_veg': 0.83140195149031}.
[I 2026-06-08 12:17:21,890] Trial 436 finished with values: [10.039571915583311, 10.039571915583311] and parameters: {'k1': 0.06598741607403362, 'D_low': 38.82837025280678, 'k2': 8.923807143379776e-05, 'D_high': 3198.0208180048303, 'fire_exp': 1.3170256885255098, 'P_half': 4.213183643253957, 'pre_dampen_half': 552.4163637315892, 'gpp_af': 6.155035361040188, 'gpp_b': 1.4540386644083135e-05, 'gpp_d': 5.1715677287580455, 'ign_k': 0.0680787482656459, 'ign_c': 0.14551749476072262, 'trop_agb_crit': 1.0903028125370984, 'trop_k_veg': 3.1473758868965476}.
[I 2026-06-08 12:17:23,060] Trial 437 finished with values: [10.140240998792303, 10.140240998792303] and parameters: {'k1': 0.008912611835817005, 'D_low': 38.82837025280678, 'k2': 0.0007047307383115598, 'D_high': 2940.51756322311, 'fire_exp': 1.3170256885255098, 'P_half': 12.808863354047988, 'pre_dampen_half': 63.6685916079943, 'gpp_af': 3.4702669886504163, 'gpp_b': 0.01777482313117792, 'gpp_d': 229.41380323183625, 'ign_k': 8.926311370835233, 'ign_c': 5.13055176058983, 'trop_agb_crit': 3.5747129226002423, 'trop_k_veg': 0.83140195149031}.
[I 2026-06-08 12:17:24,181] Trial 438 finished with values: [10.188264891829457, 10.188264891829457] and parameters: {'k1': 3.23559867820537e-05, 'D_low': 3.34949636434409, 'k2': 1.915468390724633e-05, 'D_high': 3712.591045287726, 'fire_exp': 1.0629462657398439, 'P_half': 4.213183643253957, 'pre_dampen_half': 107.40052367919465, 'gpp_af': 3.4702669886504163, 'gpp_b': 0.01777482313117792, 'gpp_d': 229.41380323183625, 'ign_k': 0.0013492881864712073, 'ign_c': 5.13055176058983, 'trop_agb_crit': 24.584290528289387, 'trop_k_veg': 0.83140195149031}.
[I 2026-06-08 12:17:25,321] Trial 439 finished with values: [10.328009215142881, 10.328009215142881] and parameters: {'k1': 0.008471801418819975, 'D_low': 355.00125258511594, 'k2': 0.012758211164590085, 'D_high': 2940.51756322311, 'fire_exp': 1.1430983876313219, 'P_half': 4.213183643253957, 'pre_dampen_half': 10.129197956845726, 'gpp_af': 0.2204465010099918, 'gpp_b': 1.3289448722869181e-05, 'gpp_d': 2.944272359149677, 'ign_k': 0.0680787482656459, 'ign_c': 5.13055176058983, 'trop_agb_crit': 24.584290528289387, 'trop_k_veg': 6.423641554321892}.
[I 2026-06-08 12:17:26,619] Trial 440 finished with values: [10.01040848641793, 10.01040848641793] and parameters: {'k1': 0.0029282035181080004, 'D_low': 355.00125258511594, 'k2': 0.0012040762895973265, 'D_high': 42210.21267871043, 'fire_exp': 1.3170256885255098, 'P_half': 220.3445560633069, 'pre_dampen_half': 63.6685916079943, 'gpp_af': 1.200191344086032, 'gpp_b': 1.319554058182653e-05, 'gpp_d': 150.14555442537656, 'ign_k': 0.0315101491238403, 'ign_c': 5.13055176058983, 'trop_agb_crit': 1.14876138417489, 'trop_k_veg': 2.520089655463604}.
[I 2026-06-08 12:17:27,903] Trial 441 finished with values: [10.125960499777708, 10.125960499777708] and parameters: {'k1': 0.03635503353478365, 'D_low': 34.459310919273356, 'k2': 0.0012040762895973265, 'D_high': 15351.441568398131, 'fire_exp': 1.165368636520435, 'P_half': 523.1053126909052, 'pre_dampen_half': 502.5175192217655, 'gpp_af': 0.25562996323356024, 'gpp_b': 0.0005752434266899163, 'gpp_d': 5.1715677287580455, 'ign_k': 0.010167079878196114, 'ign_c': 0.70689749506246, 'trop_agb_crit': 3.5747129226002423, 'trop_k_veg': 2.573214588078609}.
[I 2026-06-08 12:17:29,025] Trial 442 finished with values: [10.051681823511448, 10.051681823511448] and parameters: {'k1': 0.004312951023617458, 'D_low': 2.946000090510885, 'k2': 1.915468390724633e-05, 'D_high': 3712.591045287726, 'fire_exp': 1.3340920378182823, 'P_half': 220.3445560633069, 'pre_dampen_half': 502.5175192217655, 'gpp_af': 0.7539992074650279, 'gpp_b': 0.0021331409710300844, 'gpp_d': 16.460426816350523, 'ign_k': 0.5524095129928631, 'ign_c': 15.221840161091626, 'trop_agb_crit': 24.584290528289387, 'trop_k_veg': 1.4584243470991722}.
[I 2026-06-08 12:17:30,179] Trial 443 finished with values: [10.30151700134345, 10.30151700134345] and parameters: {'k1': 0.002155595057104387, 'D_low': 4.484744524732794, 'k2': 0.0005262881356087174, 'D_high': 645.2946500764235, 'fire_exp': 1.5868092618912009, 'P_half': 93.43302657318476, 'pre_dampen_half': 502.5175192217655, 'gpp_af': 0.2204465010099918, 'gpp_b': 2.176805640408474e-05, 'gpp_d': 5.1715677287580455, 'ign_k': 0.09255037589041182, 'ign_c': 5.13055176058983, 'trop_agb_crit': 24.584290528289387, 'trop_k_veg': 0.83140195149031}.
[I 2026-06-08 12:17:31,316] Trial 444 finished with values: [10.89267796552818, 10.89267796552818] and parameters: {'k1': 0.03635503353478365, 'D_low': 38.82837025280678, 'k2': 0.012758211164590085, 'D_high': 18.064907756357265, 'fire_exp': 1.165368636520435, 'P_half': 12.808863354047988, 'pre_dampen_half': 107.40052367919465, 'gpp_af': 0.10409127568994281, 'gpp_b': 0.0005752434266899163, 'gpp_d': 5.1715677287580455, 'ign_k': 8.708806168038567, 'ign_c': 30.28574109895626, 'trop_agb_crit': 3.5747129226002423, 'trop_k_veg': 2.573214588078609}.
[I 2026-06-08 12:17:32,456] Trial 445 finished with values: [10.288960912983049, 10.288960912983049] and parameters: {'k1': 0.008912611835817005, 'D_low': 4.484744524732794, 'k2': 1.915468390724633e-05, 'D_high': 3712.591045287726, 'fire_exp': 1.1430983876313219, 'P_half': 523.1053126909052, 'pre_dampen_half': 502.5175192217655, 'gpp_af': 0.05511595477601767, 'gpp_b': 0.0021331409710300844, 'gpp_d': 10.369565216756202, 'ign_k': 0.010167079878196114, 'ign_c': 0.70689749506246, 'trop_agb_crit': 18.785197416433792, 'trop_k_veg': 0.5349971555643298}.
[I 2026-06-08 12:17:33,706] Trial 446 finished with values: [10.222337932214142, 10.222337932214142] and parameters: {'k1': 0.004312951023617458, 'D_low': 4.484744524732794, 'k2': 0.03538758864779238, 'D_high': 3712.591045287726, 'fire_exp': 1.3170256885255098, 'P_half': 220.3445560633069, 'pre_dampen_half': 552.4163637315892, 'gpp_af': 0.7539992074650279, 'gpp_b': 3.481277316673104e-05, 'gpp_d': 5.1715677287580455, 'ign_k': 0.0680787482656459, 'ign_c': 15.221840161091626, 'trop_agb_crit': 24.584290528289387, 'trop_k_veg': 1.4584243470991722}.
[I 2026-06-08 12:17:34,893] Trial 447 finished with values: [10.351046019491655, 10.351046019491655] and parameters: {'k1': 0.03635503353478365, 'D_low': 4.484744524732794, 'k2': 1.1065812688893481e-05, 'D_high': 2940.51756322311, 'fire_exp': 1.165368636520435, 'P_half': 220.3445560633069, 'pre_dampen_half': 107.40052367919465, 'gpp_af': 0.10409127568994281, 'gpp_b': 0.0021331409710300844, 'gpp_d': 5.1715677287580455, 'ign_k': 0.0043958167971197126, 'ign_c': 21.275785720135406, 'trop_agb_crit': 3.5747129226002423, 'trop_k_veg': 1.4584243470991722}.
[I 2026-06-08 12:17:36,016] Trial 448 finished with values: [11.564862201468655, 11.564862201468655] and parameters: {'k1': 0.004312951023617458, 'D_low': 4.484744524732794, 'k2': 0.0003432139136241583, 'D_high': 60107.420288647554, 'fire_exp': 1.0601964743503993, 'P_half': 220.3445560633069, 'pre_dampen_half': 241.69519319206728, 'gpp_af': 0.022129266663052607, 'gpp_b': 3.481277316673104e-05, 'gpp_d': 5.1715677287580455, 'ign_k': 0.0680787482656459, 'ign_c': 0.14551749476072262, 'trop_agb_crit': 24.584290528289387, 'trop_k_veg': 1.4584243470991722}.
[I 2026-06-08 12:17:37,122] Trial 449 finished with values: [10.24142706077902, 10.24142706077902] and parameters: {'k1': 0.01549659926581634, 'D_low': 4.484744524732794, 'k2': 0.0012040762895973265, 'D_high': 42210.21267871043, 'fire_exp': 1.3170256885255098, 'P_half': 12.808863354047988, 'pre_dampen_half': 107.40052367919465, 'gpp_af': 0.2204465010099918, 'gpp_b': 0.0021331409710300844, 'gpp_d': 29.749683811098393, 'ign_k': 0.010939944910100021, 'ign_c': 30.28574109895626, 'trop_agb_crit': 24.584290528289387, 'trop_k_veg': 2.520089655463604}.
[I 2026-06-08 12:17:38,292] Trial 450 finished with values: [10.351625112787916, 10.351625112787916] and parameters: {'k1': 0.012840669372724958, 'D_low': 355.00125258511594, 'k2': 1.1065812688893481e-05, 'D_high': 3712.591045287726, 'fire_exp': 1.3170256885255098, 'P_half': 93.43302657318476, 'pre_dampen_half': 502.5175192217655, 'gpp_af': 0.2204465010099918, 'gpp_b': 0.0007280676817361986, 'gpp_d': 1.493264336549928, 'ign_k': 0.0680787482656459, 'ign_c': 5.13055176058983, 'trop_agb_crit': 24.584290528289387, 'trop_k_veg': 1.7664838950757566}.
[I 2026-06-08 12:17:39,398] Trial 451 finished with values: [10.95803850161196, 10.95803850161196] and parameters: {'k1': 0.03635503353478365, 'D_low': 4.484744524732794, 'k2': 0.015763894361785387, 'D_high': 3712.591045287726, 'fire_exp': 1.0271184723288342, 'P_half': 4.213183643253957, 'pre_dampen_half': 502.5175192217655, 'gpp_af': 6.155035361040188, 'gpp_b': 1.4540386644083135e-05, 'gpp_d': 5.1715677287580455, 'ign_k': 0.010939944910100021, 'ign_c': 15.221840161091626, 'trop_agb_crit': 25.382873076016292, 'trop_k_veg': 3.1473758868965476}.
[I 2026-06-08 12:17:40,665] Trial 452 finished with values: [10.09303271931273, 10.09303271931273] and parameters: {'k1': 7.118997101275657e-05, 'D_low': 38.82837025280678, 'k2': 0.012758211164590085, 'D_high': 783.2259769732478, 'fire_exp': 1.165368636520435, 'P_half': 56.22114524476698, 'pre_dampen_half': 107.40052367919465, 'gpp_af': 0.1476584299248268, 'gpp_b': 3.43926796010005e-05, 'gpp_d': 10.369565216756202, 'ign_k': 0.0315101491238403, 'ign_c': 7.4063809263110905, 'trop_agb_crit': 3.5747129226002423, 'trop_k_veg': 0.83140195149031}.
[I 2026-06-08 12:17:41,854] Trial 453 finished with values: [10.107457073627648, 10.107457073627648] and parameters: {'k1': 0.004312951023617458, 'D_low': 70.18267183720735, 'k2': 8.923807143379776e-05, 'D_high': 3712.591045287726, 'fire_exp': 1.0601964743503993, 'P_half': 220.3445560633069, 'pre_dampen_half': 552.4163637315892, 'gpp_af': 0.7539992074650279, 'gpp_b': 3.481277316673104e-05, 'gpp_d': 29.749683811098393, 'ign_k': 0.010167079878196114, 'ign_c': 0.1948891005130867, 'trop_agb_crit': 3.799798565960999, 'trop_k_veg': 1.4584243470991722}.
[I 2026-06-08 12:17:43,088] Trial 454 finished with values: [10.397720404022401, 10.397720404022401] and parameters: {'k1': 0.004312951023617458, 'D_low': 77.31571570012609, 'k2': 0.015763894361785387, 'D_high': 783.2259769732478, 'fire_exp': 1.7329145403564932, 'P_half': 220.3445560633069, 'pre_dampen_half': 502.5175192217655, 'gpp_af': 1.200191344086032, 'gpp_b': 0.0021331409710300844, 'gpp_d': 150.14555442537656, 'ign_k': 0.010167079878196114, 'ign_c': 7.4063809263110905, 'trop_agb_crit': 24.584290528289387, 'trop_k_veg': 3.1473758868965476}.
[I 2026-06-08 12:17:44,196] Trial 455 finished with values: [10.182088912243948, 10.182088912243948] and parameters: {'k1': 0.004312951023617458, 'D_low': 64.39790863101601, 'k2': 0.03538758864779238, 'D_high': 3712.591045287726, 'fire_exp': 1.3170256885255098, 'P_half': 83.12953263874529, 'pre_dampen_half': 502.5175192217655, 'gpp_af': 0.7539992074650279, 'gpp_b': 0.0021331409710300844, 'gpp_d': 5.1715677287580455, 'ign_k': 0.0680787482656459, 'ign_c': 15.221840161091626, 'trop_agb_crit': 24.584290528289387, 'trop_k_veg': 1.4584243470991722}.
[I 2026-06-08 12:17:45,271] Trial 456 finished with values: [10.626946165003789, 10.626946165003789] and parameters: {'k1': 0.004312951023617458, 'D_low': 70.18267183720735, 'k2': 1.1065812688893481e-05, 'D_high': 42210.21267871043, 'fire_exp': 1.3170256885255098, 'P_half': 12.808863354047988, 'pre_dampen_half': 10.00236596950633, 'gpp_af': 0.2204465010099918, 'gpp_b': 0.0005623095666134974, 'gpp_d': 1.493264336549928, 'ign_k': 0.602459066467295, 'ign_c': 20.03995359361212, 'trop_agb_crit': 2.1861040860339416, 'trop_k_veg': 1.4584243470991722}.
[I 2026-06-08 12:17:46,410] Trial 457 finished with values: [10.89096408571879, 10.89096408571879] and parameters: {'k1': 0.004312951023617458, 'D_low': 70.18267183720735, 'k2': 1.1065812688893481e-05, 'D_high': 2940.51756322311, 'fire_exp': 7.2464015659352805, 'P_half': 4.213183643253957, 'pre_dampen_half': 107.40052367919465, 'gpp_af': 0.1476584299248268, 'gpp_b': 0.0021331409710300844, 'gpp_d': 79.2966690166476, 'ign_k': 8.708806168038567, 'ign_c': 15.221840161091626, 'trop_agb_crit': 24.584290528289387, 'trop_k_veg': 1.4584243470991722}.
[I 2026-06-08 12:17:47,606] Trial 458 finished with values: [10.301676726215225, 10.301676726215225] and parameters: {'k1': 0.004312951023617458, 'D_low': 4.484744524732794, 'k2': 0.015763894361785387, 'D_high': 3712.591045287726, 'fire_exp': 1.695318866910499, 'P_half': 220.3445560633069, 'pre_dampen_half': 502.5175192217655, 'gpp_af': 0.1476584299248268, 'gpp_b': 0.0021331409710300844, 'gpp_d': 5.1715677287580455, 'ign_k': 0.010167079878196114, 'ign_c': 15.221840161091626, 'trop_agb_crit': 3.5747129226002423, 'trop_k_veg': 1.4584243470991722}.
[I 2026-06-08 12:17:48,849] Trial 459 finished with values: [10.351671855120879, 10.351671855120879] and parameters: {'k1': 0.03635503353478365, 'D_low': 38.82837025280678, 'k2': 0.012758211164590085, 'D_high': 3712.591045287726, 'fire_exp': 1.0601964743503993, 'P_half': 12.808863354047988, 'pre_dampen_half': 107.40052367919465, 'gpp_af': 0.1476584299248268, 'gpp_b': 0.0005752434266899163, 'gpp_d': 10.369565216756202, 'ign_k': 0.010939944910100021, 'ign_c': 30.28574109895626, 'trop_agb_crit': 3.5747129226002423, 'trop_k_veg': 2.573214588078609}.
[I 2026-06-08 12:17:50,020] Trial 460 finished with values: [10.261093483771136, 10.261093483771136] and parameters: {'k1': 0.00031134168041628584, 'D_low': 4.484744524732794, 'k2': 1.4403740929157842e-05, 'D_high': 3712.591045287726, 'fire_exp': 1.3340920378182823, 'P_half': 220.3445560633069, 'pre_dampen_half': 502.5175192217655, 'gpp_af': 0.7539992074650279, 'gpp_b': 0.0021331409710300844, 'gpp_d': 418.77522137884927, 'ign_k': 0.5524095129928631, 'ign_c': 15.221840161091626, 'trop_agb_crit': 24.584290528289387, 'trop_k_veg': 1.4584243470991722}.
[I 2026-06-08 12:17:51,128] Trial 461 finished with values: [10.268545072203427, 10.268545072203427] and parameters: {'k1': 0.037704815040649445, 'D_low': 355.00125258511594, 'k2': 0.0012040762895973265, 'D_high': 3712.591045287726, 'fire_exp': 1.3170256885255098, 'P_half': 4.213183643253957, 'pre_dampen_half': 63.6685916079943, 'gpp_af': 0.1476584299248268, 'gpp_b': 0.0005752434266899163, 'gpp_d': 10.369565216756202, 'ign_k': 0.0315101491238403, 'ign_c': 5.13055176058983, 'trop_agb_crit': 24.584290528289387, 'trop_k_veg': 3.49157152291552}.
[I 2026-06-08 12:17:52,250] Trial 462 finished with values: [10.434871150802625, 10.434871150802625] and parameters: {'k1': 0.007828534228218626, 'D_low': 77.31571570012609, 'k2': 0.0012040762895973265, 'D_high': 783.2259769732478, 'fire_exp': 1.3170256885255098, 'P_half': 56.22114524476698, 'pre_dampen_half': 63.6685916079943, 'gpp_af': 0.2204465010099918, 'gpp_b': 0.0021331409710300844, 'gpp_d': 10.369565216756202, 'ign_k': 0.0315101491238403, 'ign_c': 5.13055176058983, 'trop_agb_crit': 24.584290528289387, 'trop_k_veg': 0.83140195149031}.
[I 2026-06-08 12:17:53,406] Trial 463 finished with values: [10.666817106223942, 10.666817106223942] and parameters: {'k1': 0.008287522363768155, 'D_low': 355.00125258511594, 'k2': 0.0012040762895973265, 'D_high': 42210.21267871043, 'fire_exp': 1.3170256885255098, 'P_half': 4.213183643253957, 'pre_dampen_half': 2.5265897869422167, 'gpp_af': 0.2204465010099918, 'gpp_b': 0.0021331409710300844, 'gpp_d': 2.944272359149677, 'ign_k': 0.0680787482656459, 'ign_c': 5.13055176058983, 'trop_agb_crit': 24.584290528289387, 'trop_k_veg': 2.520089655463604}.
[I 2026-06-08 12:17:54,497] Trial 464 finished with values: [10.162138151256883, 10.162138151256883] and parameters: {'k1': 2.6285770615112825e-05, 'D_low': 38.82837025280678, 'k2': 0.0012040762895973265, 'D_high': 3712.591045287726, 'fire_exp': 1.0601964743503993, 'P_half': 93.43302657318476, 'pre_dampen_half': 107.40052367919465, 'gpp_af': 0.10409127568994281, 'gpp_b': 0.0005752434266899163, 'gpp_d': 10.369565216756202, 'ign_k': 0.0315101491238403, 'ign_c': 30.28574109895626, 'trop_agb_crit': 3.5747129226002423, 'trop_k_veg': 2.573214588078609}.
[I 2026-06-08 12:17:55,667] Trial 465 finished with values: [10.02727681275377, 10.02727681275377] and parameters: {'k1': 0.01889771394135163, 'D_low': 38.82837025280678, 'k2': 7.914423612155373e-05, 'D_high': 1493.5213816355397, 'fire_exp': 1.0601964743503993, 'P_half': 4.213183643253957, 'pre_dampen_half': 107.40052367919465, 'gpp_af': 6.155035361040188, 'gpp_b': 0.0054502936945582505, 'gpp_d': 16.460426816350523, 'ign_k': 0.010167079878196114, 'ign_c': 20.03995359361212, 'trop_agb_crit': 1.0903028125370984, 'trop_k_veg': 3.1473758868965476}.
[I 2026-06-08 12:17:56,889] Trial 466 finished with values: [-0.48184286920228586, 0.2007424148918161] and parameters: {'k1': 0.004312951023617458, 'D_low': 4.484744524732794, 'k2': 8.923807143379776e-05, 'D_high': 3712.591045287726, 'fire_exp': 1.3170256885255098, 'P_half': 220.3445560633069, 'pre_dampen_half': 502.5175192217655, 'gpp_af': 0.7539992074650279, 'gpp_b': 0.0021331409710300844, 'gpp_d': 5.1715677287580455, 'ign_k': 0.0680787482656459, 'ign_c': 0.70689749506246, 'trop_agb_crit': 24.584290528289387, 'trop_k_veg': 1.4584243470991722}.
[I 2026-06-08 12:17:58,061] Trial 467 finished with values: [10.035307996456867, 10.035307996456867] and parameters: {'k1': 0.06598741607403362, 'D_low': 38.82837025280678, 'k2': 7.914423612155373e-05, 'D_high': 3712.591045287726, 'fire_exp': 1.165368636520435, 'P_half': 4.213183643253957, 'pre_dampen_half': 241.69519319206728, 'gpp_af': 0.2204465010099918, 'gpp_b': 0.0005752434266899163, 'gpp_d': 10.369565216756202, 'ign_k': 0.010167079878196114, 'ign_c': 30.28574109895626, 'trop_agb_crit': 1.0903028125370984, 'trop_k_veg': 0.9781855536301391}.
[I 2026-06-08 12:17:59,167] Trial 468 finished with values: [10.290731935258147, 10.290731935258147] and parameters: {'k1': 0.004312951023617458, 'D_low': 77.31571570012609, 'k2': 8.923807143379776e-05, 'D_high': 783.2259769732478, 'fire_exp': 1.0629462657398439, 'P_half': 220.3445560633069, 'pre_dampen_half': 107.40052367919465, 'gpp_af': 1.6059727222314273, 'gpp_b': 0.0054502936945582505, 'gpp_d': 84.31013932082456, 'ign_k': 0.0315101491238403, 'ign_c': 20.03995359361212, 'trop_agb_crit': 7.500118950416987, 'trop_k_veg': 1.4584243470991722}.
[I 2026-06-08 12:18:00,321] Trial 469 finished with values: [10.303598451144243, 10.303598451144243] and parameters: {'k1': 0.06598741607403362, 'D_low': 38.82837025280678, 'k2': 7.914423612155373e-05, 'D_high': 3712.591045287726, 'fire_exp': 1.4665043946307825, 'P_half': 93.43302657318476, 'pre_dampen_half': 502.5175192217655, 'gpp_af': 0.2204465010099918, 'gpp_b': 0.0005752434266899163, 'gpp_d': 229.41380323183625, 'ign_k': 0.0680787482656459, 'ign_c': 15.221840161091626, 'trop_agb_crit': 1.0903028125370984, 'trop_k_veg': 3.1473758868965476}.
