[I 2026-06-10 20:19:24,466] Trial 1191 finished with values: [10.22070161954876, 10.22070161954876] and parameters: {'k1': 0.03648456083047798, 'D_low': 148.21691630007544, 'k2': 0.019383858782150494, 'D_high': 19427.30875500187, 'fire_exp': 1.5191397119156032, 'P_half': 1.4551749476072258, 'pre_dampen_half': 8.259599205585761, 'gpp_af': 0.10098504976210308, 'gpp_b': 2.1309331861011757e-05, 'gpp_d': 0.4742269251269962, 'ign_k': 0.0032383308053152635, 'ign_c': 22.126836566118193, 'trop_agb_crit': 1.8023542850487386, 'trop_k_veg': 2.724170387400844, 'fire_amp': 2.7806853670293616}.
[I 2026-06-10 20:19:26,085] Trial 1192 finished with values: [-0.6041372263496223, 0.08315503386972922] and parameters: {'k1': 0.03648456083047798, 'D_low': 236.79352040223893, 'k2': 0.0001280886335404798, 'D_high': 1266.9536563782303, 'fire_exp': 1.2918065501148304, 'P_half': 1.4551749476072258, 'pre_dampen_half': 9.044346216330972, 'gpp_af': 0.060029341913968644, 'gpp_b': 1.4008921101492135e-05, 'gpp_d': 0.03927259340973166, 'ign_k': 0.0032383308053152635, 'ign_c': 7.081721844034206, 'trop_agb_crit': 1.8023542850487386, 'trop_k_veg': 2.724170387400844, 'fire_amp': 3.457960730172751}.
[I 2026-06-10 20:19:27,423] Trial 1193 finished with values: [-0.4341991122052673, 0.1129728710174851] and parameters: {'k1': 0.00033241455394308477, 'D_low': 236.79352040223893, 'k2': 0.019383858782150494, 'D_high': 8912.611835817017, 'fire_exp': 1.5191397119156032, 'P_half': 7.914423612155368, 'pre_dampen_half': 9.044346216330972, 'gpp_af': 0.060029341913968644, 'gpp_b': 2.1309331861011757e-05, 'gpp_d': 1.4397852866783676, 'ign_k': 0.0032383308053152635, 'ign_c': 45.20211383882605, 'trop_agb_crit': 13.985331027461328, 'trop_k_veg': 5.453348988480011, 'fire_amp': 3.1045399027418377}.
[I 2026-06-10 20:19:28,804] Trial 1194 finished with values: [-0.48338794139338487, 0.21458828698004362] and parameters: {'k1': 0.0869690639641868, 'D_low': 236.79352040223893, 'k2': 0.019383858782150494, 'D_high': 1817.0401889219124, 'fire_exp': 1.2918065501148304, 'P_half': 1.4551749476072258, 'pre_dampen_half': 9.044346216330972, 'gpp_af': 66.43290892740877, 'gpp_b': 1.4008921101492135e-05, 'gpp_d': 0.4742269251269962, 'ign_k': 0.0032383308053152635, 'ign_c': 45.20211383882605, 'trop_agb_crit': 1.8023542850487386, 'trop_k_veg': 0.8796892190889679, 'fire_amp': 2.7806853670293616}.
[I 2026-06-10 20:19:30,097] Trial 1195 finished with values: [10.833328336751519, 10.833328336751519] and parameters: {'k1': 0.0012397054908843052, 'D_low': 236.79352040223893, 'k2': 0.00014078352411766088, 'D_high': 1817.0401889219124, 'fire_exp': 6.206609460089607, 'P_half': 1.4551749476072258, 'pre_dampen_half': 7.72621571462232, 'gpp_af': 0.10098504976210308, 'gpp_b': 2.1309331861011757e-05, 'gpp_d': 0.4742269251269962, 'ign_k': 0.0032383308053152635, 'ign_c': 22.126836566118193, 'trop_agb_crit': 4.8179978195501425, 'trop_k_veg': 2.724170387400844, 'fire_amp': 2.7806853670293616}.
[I 2026-06-10 20:19:31,467] Trial 1196 finished with values: [10.707286912555524, 10.707286912555524] and parameters: {'k1': 0.0869690639641868, 'D_low': 236.79352040223893, 'k2': 0.019383858782150494, 'D_high': 3454.0583523593405, 'fire_exp': 1.5191397119156032, 'P_half': 1554.7359415440887, 'pre_dampen_half': 9.044346216330972, 'gpp_af': 0.9219336658511308, 'gpp_b': 0.001674375583895437, 'gpp_d': 0.4742269251269962, 'ign_k': 0.0032383308053152635, 'ign_c': 3.8360290787481075, 'trop_agb_crit': 1.8023542850487386, 'trop_k_veg': 2.724170387400844, 'fire_amp': 5.1532175947535155}.
[I 2026-06-10 20:19:32,908] Trial 1197 finished with values: [-0.6419544441771531, 0.06787921657808194] and parameters: {'k1': 0.0869690639641868, 'D_low': 148.21691630007544, 'k2': 0.019383858782150494, 'D_high': 6682.9607218310075, 'fire_exp': 1.1633452995374232, 'P_half': 3.591771421517613, 'pre_dampen_half': 4.847666216751353, 'gpp_af': 0.060029341913968644, 'gpp_b': 0.001674375583895437, 'gpp_d': 0.4742269251269962, 'ign_k': 0.0029519227433917453, 'ign_c': 22.126836566118193, 'trop_agb_crit': 6.128416443551616, 'trop_k_veg': 2.724170387400844, 'fire_amp': 3.211868494428654}.
[I 2026-06-10 20:19:34,310] Trial 1198 finished with values: [-0.5728804410701569, 0.07170380793921205] and parameters: {'k1': 0.0869690639641868, 'D_low': 236.79352040223893, 'k2': 0.019383858782150494, 'D_high': 1266.9536563782303, 'fire_exp': 1.5191397119156032, 'P_half': 1.4551749476072258, 'pre_dampen_half': 9.044346216330972, 'gpp_af': 0.10098504976210308, 'gpp_b': 1.4008921101492135e-05, 'gpp_d': 0.03927259340973166, 'ign_k': 0.0010897490003652056, 'ign_c': 2.226297338331262, 'trop_agb_crit': 1.8023542850487386, 'trop_k_veg': 2.724170387400844, 'fire_amp': 3.457960730172751}.
[I 2026-06-10 20:19:35,635] Trial 1199 finished with values: [10.10076780476377, 10.10076780476377] and parameters: {'k1': 0.0869690639641868, 'D_low': 236.79352040223893, 'k2': 0.019383858782150494, 'D_high': 1266.9536563782303, 'fire_exp': 1.2918065501148304, 'P_half': 5.4712187293420325, 'pre_dampen_half': 9.044346216330972, 'gpp_af': 0.10098504976210308, 'gpp_b': 1.4008921101492135e-05, 'gpp_d': 0.4742269251269962, 'ign_k': 0.0032383308053152635, 'ign_c': 1.364908766641693, 'trop_agb_crit': 1.8023542850487386, 'trop_k_veg': 1.6648666152166967, 'fire_amp': 2.7806853670293616}.
[setup] CRUJRA climate from data/crujra/, GPP from global_baseline_modelC_inputs_1997-2016.nc ...
[setup] loading GFED5 reference from burntArea.nc ...
[setup] land cells (GFED5 burnable): 13916 / 64800 (21.5%)
[setup] GFED5 land-mean monthly frac: 0.005068
[opt] REGION=Boreal: fitting 2602 land cells only
[opt] warm-start from params.spatial.k1.json
[warm] Overall=0.6084  bias=0.6696 rmse=0.3818 seas=0.8232 spatial=0.7854
[opt] sampler=NSGAIISampler seed=42
[opt] running 1200 trials against GFED5 ...
  trial   13/1200  pareto_size=1  best_taylor=0.1103  best_ilamb=0.3602  (0.4 min)
  trial   26/1200  pareto_size=1  best_taylor=0.1373  best_ilamb=0.3932  (0.7 min)
  trial   40/1200  pareto_size=1  best_taylor=0.1373  best_ilamb=0.3932  (1.1 min)
  trial   54/1200  pareto_size=1  best_taylor=0.1373  best_ilamb=0.3932  (1.4 min)
  trial   67/1200  pareto_size=1  best_taylor=0.0311  best_ilamb=0.4095  (1.8 min)
  trial   80/1200  pareto_size=1  best_taylor=0.3190  best_ilamb=0.4369  (2.1 min)
  trial   93/1200  pareto_size=1  best_taylor=0.3190  best_ilamb=0.4369  (2.5 min)
  trial  106/1200  pareto_size=1  best_taylor=0.3190  best_ilamb=0.4369  (2.8 min)
  trial  120/1200  pareto_size=1  best_taylor=0.4208  best_ilamb=0.4429  (3.2 min)
  trial  133/1200  pareto_size=1  best_taylor=0.4208  best_ilamb=0.4429  (3.5 min)
  trial  147/1200  pareto_size=1  best_taylor=0.4208  best_ilamb=0.4429  (3.9 min)
  trial  160/1200  pareto_size=1  best_taylor=0.5915  best_ilamb=0.5439  (4.2 min)
  trial  175/1200  pareto_size=1  best_taylor=0.5915  best_ilamb=0.5439  (4.6 min)
  trial  188/1200  pareto_size=1  best_taylor=0.5915  best_ilamb=0.5439  (4.9 min)
  trial  201/1200  pareto_size=1  best_taylor=0.5915  best_ilamb=0.5439  (5.3 min)
  trial  214/1200  pareto_size=2  best_taylor=0.6291  best_ilamb=0.5832  (5.6 min)
  trial  224/1200  pareto_size=2  best_taylor=0.6291  best_ilamb=0.5832  (5.9 min)
  trial  236/1200  pareto_size=2  best_taylor=0.6291  best_ilamb=0.5832  (6.3 min)
  trial  249/1200  pareto_size=2  best_taylor=0.6291  best_ilamb=0.5832  (6.6 min)
  trial  262/1200  pareto_size=2  best_taylor=0.6291  best_ilamb=0.5832  (7.0 min)
  trial  275/1200  pareto_size=2  best_taylor=0.6291  best_ilamb=0.5832  (7.3 min)
  trial  289/1200  pareto_size=2  best_taylor=0.6291  best_ilamb=0.5832  (7.7 min)
  trial  301/1200  pareto_size=2  best_taylor=0.6291  best_ilamb=0.5832  (8.0 min)
  trial  314/1200  pareto_size=2  best_taylor=0.6291  best_ilamb=0.5832  (8.4 min)
  trial  328/1200  pareto_size=2  best_taylor=0.6291  best_ilamb=0.5832  (8.7 min)
  trial  342/1200  pareto_size=2  best_taylor=0.6291  best_ilamb=0.5832  (9.1 min)
  trial  354/1200  pareto_size=2  best_taylor=0.6468  best_ilamb=0.5771  (9.4 min)
  trial  367/1200  pareto_size=2  best_taylor=0.6468  best_ilamb=0.5771  (9.8 min)
  trial  381/1200  pareto_size=2  best_taylor=0.6468  best_ilamb=0.5771  (10.1 min)
  trial  395/1200  pareto_size=2  best_taylor=0.6468  best_ilamb=0.5771  (10.5 min)
  trial  408/1200  pareto_size=2  best_taylor=0.6468  best_ilamb=0.5771  (10.8 min)
  trial  421/1200  pareto_size=2  best_taylor=0.6468  best_ilamb=0.5771  (11.2 min)
  trial  435/1200  pareto_size=2  best_taylor=0.6468  best_ilamb=0.5771  (11.5 min)
  trial  448/1200  pareto_size=2  best_taylor=0.6468  best_ilamb=0.5771  (11.9 min)
  trial  462/1200  pareto_size=2  best_taylor=0.6468  best_ilamb=0.5771  (12.2 min)
  trial  475/1200  pareto_size=3  best_taylor=0.6468  best_ilamb=0.5771  (12.6 min)
  trial  488/1200  pareto_size=3  best_taylor=0.6468  best_ilamb=0.5771  (12.9 min)
  trial  502/1200  pareto_size=3  best_taylor=0.6468  best_ilamb=0.5771  (13.3 min)
  trial  515/1200  pareto_size=3  best_taylor=0.6468  best_ilamb=0.5771  (13.6 min)
  trial  528/1200  pareto_size=3  best_taylor=0.6468  best_ilamb=0.5771  (14.0 min)
  trial  542/1200  pareto_size=3  best_taylor=0.6468  best_ilamb=0.5771  (14.3 min)
  trial  555/1200  pareto_size=3  best_taylor=0.6468  best_ilamb=0.5771  (14.7 min)
  trial  569/1200  pareto_size=3  best_taylor=0.6468  best_ilamb=0.5771  (15.0 min)
  trial  584/1200  pareto_size=3  best_taylor=0.6468  best_ilamb=0.5771  (15.4 min)
  trial  598/1200  pareto_size=3  best_taylor=0.6468  best_ilamb=0.5771  (15.8 min)
  trial  612/1200  pareto_size=3  best_taylor=0.6468  best_ilamb=0.5771  (16.1 min)
  trial  624/1200  pareto_size=3  best_taylor=0.6468  best_ilamb=0.5771  (16.5 min)
  trial  637/1200  pareto_size=3  best_taylor=0.6468  best_ilamb=0.5771  (16.8 min)
  trial  650/1200  pareto_size=3  best_taylor=0.6468  best_ilamb=0.5771  (17.2 min)
  trial  664/1200  pareto_size=3  best_taylor=0.6468  best_ilamb=0.5771  (17.6 min)
  trial  677/1200  pareto_size=3  best_taylor=0.6468  best_ilamb=0.5771  (17.9 min)
  trial  689/1200  pareto_size=3  best_taylor=0.6468  best_ilamb=0.5771  (18.2 min)
  trial  703/1200  pareto_size=4  best_taylor=0.6468  best_ilamb=0.5771  (18.6 min)
  trial  716/1200  pareto_size=5  best_taylor=0.6468  best_ilamb=0.5771  (18.9 min)
  trial  730/1200  pareto_size=5  best_taylor=0.6468  best_ilamb=0.5771  (19.3 min)
  trial  744/1200  pareto_size=5  best_taylor=0.6468  best_ilamb=0.5771  (19.6 min)
  trial  757/1200  pareto_size=5  best_taylor=0.6468  best_ilamb=0.5771  (20.0 min)
  trial  770/1200  pareto_size=5  best_taylor=0.6468  best_ilamb=0.5771  (20.3 min)
  trial  784/1200  pareto_size=5  best_taylor=0.6468  best_ilamb=0.5771  (20.7 min)
  trial  797/1200  pareto_size=5  best_taylor=0.6468  best_ilamb=0.5771  (21.1 min)
  trial  810/1200  pareto_size=2  best_taylor=0.6576  best_ilamb=0.5526  (21.4 min)
  trial  824/1200  pareto_size=2  best_taylor=0.6576  best_ilamb=0.5526  (21.7 min)
  trial  836/1200  pareto_size=2  best_taylor=0.6576  best_ilamb=0.5526  (22.1 min)
  trial  847/1200  pareto_size=3  best_taylor=0.6702  best_ilamb=0.5526  (22.4 min)
  trial  858/1200  pareto_size=3  best_taylor=0.6702  best_ilamb=0.5526  (22.8 min)
  trial  871/1200  pareto_size=3  best_taylor=0.6702  best_ilamb=0.5526  (23.1 min)
  trial  885/1200  pareto_size=3  best_taylor=0.6702  best_ilamb=0.5526  (23.5 min)
  trial  899/1200  pareto_size=3  best_taylor=0.6744  best_ilamb=0.5526  (23.8 min)
  trial  914/1200  pareto_size=3  best_taylor=0.6744  best_ilamb=0.5526  (24.2 min)
  trial  929/1200  pareto_size=3  best_taylor=0.6744  best_ilamb=0.5526  (24.5 min)
  trial  944/1200  pareto_size=3  best_taylor=0.6744  best_ilamb=0.5475  (24.9 min)
  trial  959/1200  pareto_size=3  best_taylor=0.6744  best_ilamb=0.5669  (25.2 min)
  trial  974/1200  pareto_size=3  best_taylor=0.6744  best_ilamb=0.5669  (25.6 min)
  trial  987/1200  pareto_size=4  best_taylor=0.6744  best_ilamb=0.5669  (25.9 min)
  trial 1001/1200  pareto_size=4  best_taylor=0.6744  best_ilamb=0.5669  (26.3 min)
  trial 1016/1200  pareto_size=4  best_taylor=0.6744  best_ilamb=0.5669  (26.7 min)
  trial 1031/1200  pareto_size=5  best_taylor=0.6744  best_ilamb=0.5681  (27.0 min)
  trial 1046/1200  pareto_size=5  best_taylor=0.6744  best_ilamb=0.5681  (27.3 min)
  trial 1061/1200  pareto_size=5  best_taylor=0.6744  best_ilamb=0.5681  (27.7 min)
  trial 1077/1200  pareto_size=5  best_taylor=0.6744  best_ilamb=0.5681  (28.0 min)
  trial 1093/1200  pareto_size=5  best_taylor=0.6744  best_ilamb=0.5681  (28.4 min)
  trial 1109/1200  pareto_size=5  best_taylor=0.6744  best_ilamb=0.5681  (28.7 min)
  trial 1125/1200  pareto_size=5  best_taylor=0.6744  best_ilamb=0.5681  (29.1 min)
  trial 1141/1200  pareto_size=5  best_taylor=0.6744  best_ilamb=0.5681  (29.5 min)
  trial 1156/1200  pareto_size=5  best_taylor=0.6744  best_ilamb=0.5681  (29.8 min)
  trial 1169/1200  pareto_size=5  best_taylor=0.6744  best_ilamb=0.5681  (30.2 min)
  trial 1185/1200  pareto_size=5  best_taylor=0.6744  best_ilamb=0.5681  (30.5 min)
  trial 1200/1200  pareto_size=5  best_taylor=0.6744  best_ilamb=0.5681  (30.9 min)

[done] 1200 trials in 30.9 min
[pareto] 5 non-dominated trials, 5 with fp_score >= 0.85
[chosen] trial 898: ILAMB=0.5475  fp_score=0.9298  ratio=1.08
[best] Bias=0.6321  RMSE=0.3795  Seas=0.8234  Spatial=0.5228  Overall=0.5475
[diag] raw rate land-mean (yr^-1): 0.05471  (target ~ 0.06082)
[write] D:\FIRE_OFFLINE\models\C\params.boreal.json
[write] D:\FIRE_OFFLINE\ilamb\MODELS\ED-ModelC-final\burntArea.boreal.nc  (10.4 MB)

[FIX2] dumping top-5 Pareto candidates -> D:\FIRE_OFFLINE\ilamb\MODELS_TOPK_boreal
  k1: trial 898  internal_overall=0.5475  taylor=0.6744  sigma=0.926  fp=0.930  ratio=1.08  amp=2.78
  k2: trial 981  internal_overall=0.5310  taylor=0.6713  sigma=0.957  fp=0.933  ratio=1.07  amp=2.78
  k3: trial 936  internal_overall=0.5283  taylor=0.6678  sigma=0.918  fp=0.936  ratio=1.02  amp=2.78
  k4: trial 1020  internal_overall=0.5681  taylor=0.6597  sigma=0.809  fp=0.953  ratio=0.90  amp=3.21
  k5: trial 957  internal_overall=0.5669  taylor=0.6485  sigma=0.780  fp=0.955  ratio=0.87  amp=3.21
[FIX2] manifest -> D:\FIRE_OFFLINE\models\C\topk.boreal.json
[FIX2] re-score all candidates with official ILAMB (CLAUDE.md recipe; clean ._* first), e.g. --model_root "$PWD/ilamb/MODELS_TOPK_boreal"
[FIX2] promote the candidate with the best OFFICIAL Overall, NOT the internal one.
=== done Boreal exit=0 ===
=== fitting S.America (TAG=samerica) ===
[I 2026-06-10 20:20:18,925] A new study created in memory with name: no-name-5b78eb42-ff1b-44f5-a103-b73e5e5ad9fa
[I 2026-06-10 20:20:20,748] Trial 0 finished with values: [10.926919726976095, 10.926919726976095] and parameters: {'k1': 0.028401063201780267, 'D_low': 16.00237013173313, 'k2': 0.00033271381912662167, 'D_high': 2427.054417940131, 'fire_exp': 1.5191397119156032, 'P_half': 157.80309954142965, 'pre_dampen_half': 8.259599205585761, 'gpp_af': 0.03522602097143089, 'gpp_b': 0.00012118589392553798, 'gpp_d': 12.338826503601998, 'ign_k': 3.965503094323014, 'ign_c': 22.126836566118193, 'trop_agb_crit': 5.526463318565575, 'trop_k_veg': 2.724170387400844, 'fire_amp': 5.44779717154213}.
[I 2026-06-10 20:20:22,314] Trial 1 finished with values: [10.83188331593593, 10.83188331593593] and parameters: {'k1': 0.00031489116479568613, 'D_low': 6351.221010640702, 'k2': 0.008471801418819975, 'D_high': 2481.0409748678126, 'fire_exp': 1.4322493718230251, 'P_half': 4.2070539502879365, 'pre_dampen_half': 0.0195172246414495, 'gpp_af': 21.42302175774105, 'gpp_b': 0.040428727350273294, 'gpp_d': 34.70266988650411, 'ign_k': 0.0012087541473056963, 'ign_c': 757.9479953347999, 'trop_agb_crit': 16.967533607196547, 'trop_k_veg': 0.9008485225328876, 'fire_amp': 1.3851197621057665}.
[I 2026-06-10 20:20:23,847] Trial 2 finished with values: [10.828102575033475, 10.828102575033475] and parameters: {'k1': 5.415244119402538e-05, 'D_low': 16.480446427978972, 'k2': 0.0012561043700013551, 'D_high': 534.2937261279774, 'fire_exp': 1.9553708662745248, 'P_half': 280.163515871626, 'pre_dampen_half': 0.04982752357076448, 'gpp_af': 0.028888383623653185, 'gpp_b': 0.0015782327810795573, 'gpp_d': 1.9069966103000422, 'ign_k': 1.382623217936987, 'ign_c': 0.6290644294586147, 'trop_agb_crit': 5.748924681991978, 'trop_k_veg': 2.584093506411774, 'fire_amp': 1.0867895322868466}.
[I 2026-06-10 20:20:26,138] Trial 3 finished with values: [10.833333332980382, 10.833333332980382] and parameters: {'k1': 0.0026926469100861782, 'D_low': 4.809461967501573, 'k2': 1.8205657658407255e-05, 'D_high': 62451.395747430804, 'fire_exp': 9.23915031962725, 'P_half': 1712.3375973163984, 'pre_dampen_half': 0.3334792728637583, 'gpp_af': 0.0030786517836196197, 'gpp_b': 0.12746711578215045, 'gpp_d': 1.587678152692399, 'ign_k': 0.003077180271250686, 'ign_c': 9.565499215943817, 'trop_agb_crit': 1.1240768803005543, 'trop_k_veg': 6.221582596639011, 'fire_amp': 1.5899005744404588}.
[I 2026-06-10 20:20:28,319] Trial 4 finished with values: [10.82765205991138, 10.82765205991138] and parameters: {'k1': 0.004467752817973905, 'D_low': 17.65404805249507, 'k2': 0.0012030178871154666, 'D_high': 1537.592023548176, 'fire_exp': 1.5305744365500176, 'P_half': 7556.810141274427, 'pre_dampen_half': 75.10418138777538, 'gpp_af': 49.830438374949125, 'gpp_b': 2.3386439256208704, 'gpp_d': 9.761125443110442, 'ign_k': 4.869640941520899, 'ign_c': 0.22592797420156951, 'trop_agb_crit': 1.9475582306295418, 'trop_k_veg': 0.5667990147757791, 'fire_amp': 1.7912500010961188}.
[I 2026-06-10 20:20:29,986] Trial 5 finished with values: [10.825749845380528, 10.825749845380528] and parameters: {'k1': 0.00035868164986275477, 'D_low': 12.172958098369968, 'k2': 0.02065142557895925, 'D_high': 267.3088310781672, 'fire_exp': 1.9095652801045373, 'P_half': 148.17820606039086, 'pre_dampen_half': 0.050654860639753524, 'gpp_af': 10.25616274847308, 'gpp_b': 2.800940363375676e-05, 'gpp_d': 859.8737339212263, 'ign_k': 1.2273800987852967, 'ign_c': 0.6235377135673155, 'trop_agb_crit': 1.0189592979395135, 'trop_k_veg': 4.796046723963646, 'fire_amp': 3.548476438923424}.
[I 2026-06-10 20:20:31,382] Trial 6 finished with values: [10.823285430842626, 10.823285430842626] and parameters: {'k1': 0.00824192526487645, 'D_low': 1216.4139351417061, 'k2': 1.97778285124627e-05, 'D_high': 271.55819552829405, 'fire_exp': 1.305777134899723, 'P_half': 2834.090429514774, 'pre_dampen_half': 13.076473382928533, 'gpp_af': 0.04513257622008944, 'gpp_b': 2.4063018320720924e-05, 'gpp_d': 0.3588488911386258, 'ign_k': 0.01998634077852888, 'ign_c': 82.87522363768154, 'trop_agb_crit': 8.74479618932312, 'trop_k_veg': 5.85168037586392, 'fire_amp': 2.330529660087218}.
[I 2026-06-10 20:20:32,678] Trial 7 finished with values: [10.833317374206013, 10.833317374206013] and parameters: {'k1': 3.0086868214458443e-05, 'D_low': 712.8188058401365, 'k2': 0.011044350847124691, 'D_high': 1758.364027000852, 'fire_exp': 5.901564798023388, 'P_half': 94.44574254983563, 'pre_dampen_half': 4.108318894699926, 'gpp_af': 0.137310924682403, 'gpp_b': 1.420740499067604e-05, 'gpp_d': 0.034630370261191847, 'ign_k': 0.0013357240411974098, 'ign_c': 35.12704726270843, 'trop_agb_crit': 2.9130095015495914, 'trop_k_veg': 2.048095183109572, 'fire_amp': 5.0842159235079025}.
[I 2026-06-10 20:20:34,053] Trial 8 finished with values: [10.833333332980382, 10.833333332980382] and parameters: {'k1': 9.935023909063687e-05, 'D_low': 43.805807679056535, 'k2': 0.010524574681335632, 'D_high': 82.26074946221037, 'fire_exp': 1.1939328726535439, 'P_half': 14.421346497969488, 'pre_dampen_half': 0.06398916399944082, 'gpp_af': 44.51314315649209, 'gpp_b': 0.7058660227368639, 'gpp_d': 14.689898077648792, 'ign_k': 3.06085221067225, 'ign_c': 163.94127471631597, 'trop_agb_crit': 1.8861950443028859, 'trop_k_veg': 5.9390657068063915, 'fire_amp': 2.6283902041435616}.
[I 2026-06-10 20:20:35,557] Trial 9 finished with values: [10.736919029664557, 10.736919029664557] and parameters: {'k1': 0.016973078532467004, 'D_low': 3840.3004190988563, 'k2': 0.0001870742013766025, 'D_high': 27.55546207779663, 'fire_exp': 1.6901885781909627, 'P_half': 51.10120656497163, 'pre_dampen_half': 123.04779330083686, 'gpp_af': 20.12115544906385, 'gpp_b': 1.1008110571039521e-05, 'gpp_d': 3.57879245350232, 'ign_k': 0.0467351899956275, 'ign_c': 0.773448215664679, 'trop_agb_crit': 1.5033346993841157, 'trop_k_veg': 1.2749676887479542, 'fire_amp': 5.416595007374148}.
[I 2026-06-10 20:20:36,916] Trial 10 finished with values: [10.833333332980382, 10.833333332980382] and parameters: {'k1': 0.00019625093208439862, 'D_low': 118.89469769530467, 'k2': 0.006487477066058677, 'D_high': 284.78585168562967, 'fire_exp': 9.370916815598129, 'P_half': 7076.022085822009, 'pre_dampen_half': 0.18151456496577564, 'gpp_af': 0.3063673848555845, 'gpp_b': 0.0006386602091836768, 'gpp_d': 0.2655843450849988, 'ign_k': 0.0014045842344024703, 'ign_c': 27.431991397796672, 'trop_agb_crit': 5.527361503993262, 'trop_k_veg': 0.5767088252796749, 'fire_amp': 1.6475139271479562}.
[I 2026-06-10 20:20:38,165] Trial 11 finished with values: [10.833333305135124, 10.833333305135124] and parameters: {'k1': 0.042959927905391264, 'D_low': 9.083381663660585, 'k2': 3.798214508453257e-05, 'D_high': 907.4256288983863, 'fire_exp': 9.674988425050117, 'P_half': 9.29439415564499, 'pre_dampen_half': 22.944454507601968, 'gpp_af': 6.428328717564121, 'gpp_b': 0.00026657858841301916, 'gpp_d': 43.76044634724402, 'ign_k': 0.029589152820953094, 'ign_c': 33.82387201936214, 'trop_agb_crit': 8.62581622692092, 'trop_k_veg': 2.2085488395582877, 'fire_amp': 1.1755987008531337}.
