[I 2026-06-11 01:41:52,836] Trial 973 finished with values: [-0.5846258559359931, 0.039241571696001065] and parameters: {'k1': 0.030699709531122967, 'D_low': 236.79352040223893, 'k2': 5.12525027816961e-05, 'D_high': 6682.9607218310075, 'fire_exp': 1.2060040899560858, 'P_half': 157.80309954142965, 'pre_dampen_half': 903.3231300044874, 'gpp_af': 0.9219336658511308, 'gpp_b': 0.004411400434514031, 'gpp_d': 0.1619054449471649, 'ign_k': 7.544827057709847, 'ign_c': 14.709699119495124, 'trop_agb_crit': 2.100813292597435, 'trop_k_veg': 2.724170387400844, 'fire_amp': 5.44779717154213}.
[I 2026-06-11 01:41:54,409] Trial 974 finished with values: [-0.616607091108364, 0.14982432355221587] and parameters: {'k1': 0.030699709531122967, 'D_low': 148.21691630007544, 'k2': 7.531057256501231e-05, 'D_high': 6682.9607218310075, 'fire_exp': 1.5191397119156032, 'P_half': 157.80309954142965, 'pre_dampen_half': 9.044346216330972, 'gpp_af': 2.5017068255320485, 'gpp_b': 2.1309331861011757e-05, 'gpp_d': 304.7488318185732, 'ign_k': 7.544827057709847, 'ign_c': 0.24361599465623282, 'trop_agb_crit': 2.100813292597435, 'trop_k_veg': 0.5535297685306277, 'fire_amp': 5.44779717154213}.
[I 2026-06-11 01:41:55,768] Trial 975 finished with values: [10.44892320743568, 10.44892320743568] and parameters: {'k1': 0.0013219302264066773, 'D_low': 148.21691630007544, 'k2': 0.0007731571570012607, 'D_high': 32311.521854410956, 'fire_exp': 1.2060040899560858, 'P_half': 7.914423612155368, 'pre_dampen_half': 4.847666216751353, 'gpp_af': 0.9219336658511308, 'gpp_b': 0.001674375583895437, 'gpp_d': 0.1619054449471649, 'ign_k': 7.544827057709847, 'ign_c': 1.9423015749984096, 'trop_agb_crit': 5.588032458772675, 'trop_k_veg': 0.9923523017201868, 'fire_amp': 1.5719333351012774}.
[I 2026-06-11 01:41:57,078] Trial 976 finished with values: [10.391671999872894, 10.391671999872894] and parameters: {'k1': 0.0869690639641868, 'D_low': 148.21691630007544, 'k2': 0.0007731571570012607, 'D_high': 6682.9607218310075, 'fire_exp': 1.2060040899560858, 'P_half': 3.591771421517613, 'pre_dampen_half': 4.847666216751353, 'gpp_af': 0.5310489989160803, 'gpp_b': 0.001674375583895437, 'gpp_d': 0.1619054449471649, 'ign_k': 0.0032383308053152635, 'ign_c': 1.9423015749984096, 'trop_agb_crit': 24.199763404822136, 'trop_k_veg': 0.5535297685306277, 'fire_amp': 5.44779717154213}.
[I 2026-06-11 01:41:58,400] Trial 977 finished with values: [19.0877595522118, 19.0877595522118] and parameters: {'k1': 0.030699709531122967, 'D_low': 69.05604395130307, 'k2': 0.0007731571570012607, 'D_high': 6682.9607218310075, 'fire_exp': 1.5191397119156032, 'P_half': 7.914423612155368, 'pre_dampen_half': 121.93011993958949, 'gpp_af': 0.07118041471054574, 'gpp_b': 2.1309331861011757e-05, 'gpp_d': 304.7488318185732, 'ign_k': 7.544827057709847, 'ign_c': 14.709699119495124, 'trop_agb_crit': 25.429516249301212, 'trop_k_veg': 0.5535297685306277, 'fire_amp': 5.44779717154213}.
[I 2026-06-11 01:41:59,927] Trial 978 finished with values: [10.682981763236555, 10.682981763236555] and parameters: {'k1': 0.0868318308250935, 'D_low': 408.3047491580097, 'k2': 0.0001870742013766025, 'D_high': 6682.9607218310075, 'fire_exp': 1.5191397119156032, 'P_half': 7.914423612155368, 'pre_dampen_half': 9.044346216330972, 'gpp_af': 0.005061568304359487, 'gpp_b': 0.004411400434514031, 'gpp_d': 0.1619054449471649, 'ign_k': 7.544827057709847, 'ign_c': 14.709699119495124, 'trop_agb_crit': 8.347757040088627, 'trop_k_veg': 2.724170387400844, 'fire_amp': 5.44779717154213}.
[I 2026-06-11 01:42:01,525] Trial 979 finished with values: [10.760224107368101, 10.760224107368101] and parameters: {'k1': 0.0869690639641868, 'D_low': 236.79352040223893, 'k2': 0.019383858782150494, 'D_high': 32311.521854410956, 'fire_exp': 1.811096651915224, 'P_half': 5617.618805806643, 'pre_dampen_half': 121.93011993958949, 'gpp_af': 0.07118041471054574, 'gpp_b': 0.0004360709560327289, 'gpp_d': 0.1619054449471649, 'ign_k': 0.17320535908244444, 'ign_c': 7.081721844034206, 'trop_agb_crit': 12.9667438075127, 'trop_k_veg': 0.5535297685306277, 'fire_amp': 1.0804276661569383}.
[I 2026-06-11 01:42:02,939] Trial 980 finished with values: [10.548209582842507, 10.548209582842507] and parameters: {'k1': 0.030699709531122967, 'D_low': 148.21691630007544, 'k2': 7.531057256501231e-05, 'D_high': 6682.9607218310075, 'fire_exp': 1.5191397119156032, 'P_half': 157.80309954142965, 'pre_dampen_half': 9.044346216330972, 'gpp_af': 0.10098504976210308, 'gpp_b': 2.1309331861011757e-05, 'gpp_d': 0.1619054449471649, 'ign_k': 2.3805746020770413, 'ign_c': 1.364908766641693, 'trop_agb_crit': 2.100813292597435, 'trop_k_veg': 2.724170387400844, 'fire_amp': 1.5719333351012774}.
[I 2026-06-11 01:42:04,321] Trial 981 finished with values: [-0.6791514706467807, 0.12900483803232543] and parameters: {'k1': 0.0869690639641868, 'D_low': 148.21691630007544, 'k2': 0.0007731571570012607, 'D_high': 6682.9607218310075, 'fire_exp': 1.2060040899560858, 'P_half': 3.591771421517613, 'pre_dampen_half': 4.847666216751353, 'gpp_af': 0.9219336658511308, 'gpp_b': 0.001674375583895437, 'gpp_d': 0.1619054449471649, 'ign_k': 7.544827057709847, 'ign_c': 0.45630923983425714, 'trop_agb_crit': 5.588032458772675, 'trop_k_veg': 5.636143940068465, 'fire_amp': 5.44779717154213}.
[I 2026-06-11 01:42:05,636] Trial 982 finished with values: [10.768438892277954, 10.768438892277954] and parameters: {'k1': 0.030699709531122967, 'D_low': 236.79352040223893, 'k2': 7.531057256501231e-05, 'D_high': 6682.9607218310075, 'fire_exp': 1.5191397119156032, 'P_half': 157.80309954142965, 'pre_dampen_half': 0.045566310715226425, 'gpp_af': 0.10098504976210308, 'gpp_b': 2.1309331861011757e-05, 'gpp_d': 0.4742269251269962, 'ign_k': 0.004105873950290761, 'ign_c': 80.15297379101396, 'trop_agb_crit': 2.100813292597435, 'trop_k_veg': 2.724170387400844, 'fire_amp': 5.44779717154213}.
[I 2026-06-11 01:42:06,942] Trial 983 finished with values: [10.052969015687673, 10.052969015687673] and parameters: {'k1': 0.0869690639641868, 'D_low': 236.79352040223893, 'k2': 0.0001870742013766025, 'D_high': 6682.9607218310075, 'fire_exp': 1.2060040899560858, 'P_half': 3.591771421517613, 'pre_dampen_half': 4.847666216751353, 'gpp_af': 0.9219336658511308, 'gpp_b': 0.001674375583895437, 'gpp_d': 0.1619054449471649, 'ign_k': 0.0032383308053152635, 'ign_c': 186.69871096222246, 'trop_agb_crit': 24.199763404822136, 'trop_k_veg': 0.5535297685306277, 'fire_amp': 5.44779717154213}.
[I 2026-06-11 01:42:08,999] Trial 984 finished with values: [11.368654360512345, 11.368654360512345] and parameters: {'k1': 0.0869690639641868, 'D_low': 236.79352040223893, 'k2': 0.0007731571570012607, 'D_high': 17663.59719322428, 'fire_exp': 1.2060040899560858, 'P_half': 3.591771421517613, 'pre_dampen_half': 4.847666216751353, 'gpp_af': 0.07576025464197739, 'gpp_b': 5.0875243087016374e-05, 'gpp_d': 0.4742269251269962, 'ign_k': 0.0032383308053152635, 'ign_c': 2.226297338331262, 'trop_agb_crit': 12.9667438075127, 'trop_k_veg': 0.828441460847982, 'fire_amp': 5.44779717154213}.
[I 2026-06-11 01:42:10,385] Trial 985 finished with values: [10.165482231638142, 10.165482231638142] and parameters: {'k1': 0.030699709531122967, 'D_low': 148.21691630007544, 'k2': 0.0007731571570012607, 'D_high': 6682.9607218310075, 'fire_exp': 1.2060040899560858, 'P_half': 3.591771421517613, 'pre_dampen_half': 4.847666216751353, 'gpp_af': 0.046239120540552445, 'gpp_b': 0.001674375583895437, 'gpp_d': 304.7488318185732, 'ign_k': 0.007145711288893931, 'ign_c': 1.364908766641693, 'trop_agb_crit': 12.9667438075127, 'trop_k_veg': 2.6508357486965424, 'fire_amp': 5.44779717154213}.
[I 2026-06-11 01:42:11,742] Trial 986 finished with values: [10.34353439864514, 10.34353439864514] and parameters: {'k1': 0.0869690639641868, 'D_low': 236.79352040223893, 'k2': 7.531057256501231e-05, 'D_high': 6682.9607218310075, 'fire_exp': 1.2060040899560858, 'P_half': 157.80309954142965, 'pre_dampen_half': 4.847666216751353, 'gpp_af': 0.046239120540552445, 'gpp_b': 0.001674375583895437, 'gpp_d': 0.4742269251269962, 'ign_k': 0.0032383308053152635, 'ign_c': 4.142619760188259, 'trop_agb_crit': 2.100813292597435, 'trop_k_veg': 6.963655030926962, 'fire_amp': 5.44779717154213}.
[I 2026-06-11 01:42:13,146] Trial 987 finished with values: [-0.5741348572311787, 0.06469193077519308] and parameters: {'k1': 0.0869690639641868, 'D_low': 148.21691630007544, 'k2': 4.933751600448335e-05, 'D_high': 17663.59719322428, 'fire_exp': 1.5191397119156032, 'P_half': 5.4712187293420325, 'pre_dampen_half': 4.847666216751353, 'gpp_af': 0.10098504976210308, 'gpp_b': 5.0875243087016374e-05, 'gpp_d': 3.257094673454639, 'ign_k': 0.004105873950290761, 'ign_c': 22.126836566118193, 'trop_agb_crit': 2.100813292597435, 'trop_k_veg': 2.724170387400844, 'fire_amp': 5.44779717154213}.
[I 2026-06-11 01:42:14,618] Trial 988 finished with values: [10.36995318674865, 10.36995318674865] and parameters: {'k1': 0.0869690639641868, 'D_low': 408.3047491580097, 'k2': 7.531057256501231e-05, 'D_high': 1055.3846463525656, 'fire_exp': 1.2060040899560858, 'P_half': 3.591771421517613, 'pre_dampen_half': 9.044346216330972, 'gpp_af': 15.977732284872852, 'gpp_b': 0.004411400434514031, 'gpp_d': 0.1619054449471649, 'ign_k': 0.004105873950290761, 'ign_c': 1.364908766641693, 'trop_agb_crit': 2.100813292597435, 'trop_k_veg': 0.5535297685306277, 'fire_amp': 3.1045399027418377}.
[I 2026-06-11 01:42:16,197] Trial 989 finished with values: [10.713417486299383, 10.713417486299383] and parameters: {'k1': 0.0002588246491696491, 'D_low': 2267.735223551285, 'k2': 7.531057256501231e-05, 'D_high': 6682.9607218310075, 'fire_exp': 1.5191397119156032, 'P_half': 157.80309954142965, 'pre_dampen_half': 121.93011993958949, 'gpp_af': 0.07118041471054574, 'gpp_b': 0.0006809980431188124, 'gpp_d': 0.1619054449471649, 'ign_k': 7.544827057709847, 'ign_c': 22.126836566118193, 'trop_agb_crit': 28.779217872092953, 'trop_k_veg': 0.5535297685306277, 'fire_amp': 5.44779717154213}.
[I 2026-06-11 01:42:17,641] Trial 990 finished with values: [10.123415759209946, 10.123415759209946] and parameters: {'k1': 0.008535052150482593, 'D_low': 148.21691630007544, 'k2': 0.0001870742013766025, 'D_high': 6682.9607218310075, 'fire_exp': 1.5191397119156032, 'P_half': 61.6097529474144, 'pre_dampen_half': 9.044346216330972, 'gpp_af': 0.07576025464197739, 'gpp_b': 2.1309331861011757e-05, 'gpp_d': 0.4742269251269962, 'ign_k': 0.004105873950290761, 'ign_c': 22.126836566118193, 'trop_agb_crit': 5.588032458772675, 'trop_k_veg': 2.2484780838355256, 'fire_amp': 5.44779717154213}.
[I 2026-06-11 01:42:18,986] Trial 991 finished with values: [10.17687180326978, 10.17687180326978] and parameters: {'k1': 0.0869690639641868, 'D_low': 148.21691630007544, 'k2': 0.002090955698118952, 'D_high': 2298.2155660045737, 'fire_exp': 1.5191397119156032, 'P_half': 3.591771421517613, 'pre_dampen_half': 4.847666216751353, 'gpp_af': 0.10098504976210308, 'gpp_b': 0.001674375583895437, 'gpp_d': 0.4742269251269962, 'ign_k': 0.004105873950290761, 'ign_c': 1.9423015749984096, 'trop_agb_crit': 5.635210829694053, 'trop_k_veg': 2.724170387400844, 'fire_amp': 5.44779717154213}.
[I 2026-06-11 01:42:20,337] Trial 992 finished with values: [-0.5850047324739716, 0.057409997959284254] and parameters: {'k1': 0.08006837661379566, 'D_low': 236.79352040223893, 'k2': 0.0007731571570012607, 'D_high': 6682.9607218310075, 'fire_exp': 1.2060040899560858, 'P_half': 3.591771421517613, 'pre_dampen_half': 4.847666216751353, 'gpp_af': 0.046239120540552445, 'gpp_b': 0.001674375583895437, 'gpp_d': 1.4397852866783676, 'ign_k': 0.0032383308053152635, 'ign_c': 2.226297338331262, 'trop_agb_crit': 12.9667438075127, 'trop_k_veg': 0.828441460847982, 'fire_amp': 5.44779717154213}.
[I 2026-06-11 01:42:21,656] Trial 993 finished with values: [10.512802013974893, 10.512802013974893] and parameters: {'k1': 0.030699709531122967, 'D_low': 236.79352040223893, 'k2': 0.002090955698118952, 'D_high': 154.95079374286178, 'fire_exp': 1.2060040899560858, 'P_half': 182.00694976756813, 'pre_dampen_half': 9.044346216330972, 'gpp_af': 0.10098504976210308, 'gpp_b': 0.001674375583895437, 'gpp_d': 0.4742269251269962, 'ign_k': 0.0032383308053152635, 'ign_c': 1.364908766641693, 'trop_agb_crit': 2.100813292597435, 'trop_k_veg': 6.963655030926962, 'fire_amp': 5.44779717154213}.
[I 2026-06-11 01:42:23,089] Trial 994 finished with values: [10.769117595194869, 10.769117595194869] and parameters: {'k1': 0.0869690639641868, 'D_low': 148.21691630007544, 'k2': 0.005695622647004589, 'D_high': 6682.9607218310075, 'fire_exp': 1.5191397119156032, 'P_half': 3.591771421517613, 'pre_dampen_half': 4.847666216751353, 'gpp_af': 0.005061568304359487, 'gpp_b': 1.7375507377564614, 'gpp_d': 0.1619054449471649, 'ign_k': 0.3508854952536169, 'ign_c': 1.9423015749984096, 'trop_agb_crit': 24.199763404822136, 'trop_k_veg': 4.125263140134148, 'fire_amp': 5.44779717154213}.
[I 2026-06-11 01:42:24,629] Trial 995 finished with values: [10.115956791514439, 10.115956791514439] and parameters: {'k1': 0.03648456083047798, 'D_low': 2267.735223551285, 'k2': 0.0007731571570012607, 'D_high': 6682.9607218310075, 'fire_exp': 1.2060040899560858, 'P_half': 157.80309954142965, 'pre_dampen_half': 121.93011993958949, 'gpp_af': 0.07118041471054574, 'gpp_b': 0.001674375583895437, 'gpp_d': 0.1619054449471649, 'ign_k': 0.0032383308053152635, 'ign_c': 1.364908766641693, 'trop_agb_crit': 12.708819454040446, 'trop_k_veg': 2.99731137426955, 'fire_amp': 5.44779717154213}.
[I 2026-06-11 01:42:26,176] Trial 996 finished with values: [10.733781343712014, 10.733781343712014] and parameters: {'k1': 0.00023134781612225627, 'D_low': 235.39834531862078, 'k2': 0.006802810205786726, 'D_high': 27.55546207779663, 'fire_exp': 1.811096651915224, 'P_half': 157.80309954142965, 'pre_dampen_half': 123.04779330083686, 'gpp_af': 20.12115544906385, 'gpp_b': 9.129138790726056e-05, 'gpp_d': 0.4742269251269962, 'ign_k': 1.6270983114897255, 'ign_c': 7.018267183720731, 'trop_agb_crit': 2.100813292597435, 'trop_k_veg': 6.963655030926962, 'fire_amp': 5.44779717154213}.
[I 2026-06-11 01:42:27,563] Trial 997 finished with values: [11.062223050504663, 11.062223050504663] and parameters: {'k1': 0.030699709531122967, 'D_low': 408.3047491580097, 'k2': 7.531057256501231e-05, 'D_high': 6682.9607218310075, 'fire_exp': 1.5191397119156032, 'P_half': 157.80309954142965, 'pre_dampen_half': 903.3231300044874, 'gpp_af': 0.005061568304359487, 'gpp_b': 2.1309331861011757e-05, 'gpp_d': 0.1619054449471649, 'ign_k': 7.544827057709847, 'ign_c': 14.709699119495124, 'trop_agb_crit': 2.100813292597435, 'trop_k_veg': 0.5535297685306277, 'fire_amp': 5.44779717154213}.
[I 2026-06-11 01:42:29,295] Trial 998 finished with values: [10.058092037353218, 10.058092037353218] and parameters: {'k1': 0.0869690639641868, 'D_low': 236.79352040223893, 'k2': 0.0001870742013766025, 'D_high': 1266.9536563782303, 'fire_exp': 1.2060040899560858, 'P_half': 5.4712187293420325, 'pre_dampen_half': 9.044346216330972, 'gpp_af': 0.060029341913968644, 'gpp_b': 0.0004360709560327289, 'gpp_d': 304.7488318185732, 'ign_k': 0.0010897490003652056, 'ign_c': 22.126836566118193, 'trop_agb_crit': 2.100813292597435, 'trop_k_veg': 2.724170387400844, 'fire_amp': 5.44779717154213}.
[I 2026-06-11 01:42:30,707] Trial 999 finished with values: [-0.5503638015510954, 0.0514960749440575] and parameters: {'k1': 0.03648456083047798, 'D_low': 148.21691630007544, 'k2': 0.0007731571570012607, 'D_high': 6682.9607218310075, 'fire_exp': 1.5191397119156032, 'P_half': 157.80309954142965, 'pre_dampen_half': 9.044346216330972, 'gpp_af': 0.10098504976210308, 'gpp_b': 0.001674375583895437, 'gpp_d': 0.4742269251269962, 'ign_k': 0.0032383308053152635, 'ign_c': 1.9423015749984096, 'trop_agb_crit': 2.100813292597435, 'trop_k_veg': 2.2057060303254308, 'fire_amp': 5.44779717154213}.
[I 2026-06-11 01:42:32,263] Trial 1000 finished with values: [14.29842154629177, 14.29842154629177] and parameters: {'k1': 0.030699709531122967, 'D_low': 408.3047491580097, 'k2': 7.531057256501231e-05, 'D_high': 6682.9607218310075, 'fire_exp': 1.5191397119156032, 'P_half': 9.698743148715474, 'pre_dampen_half': 903.3231300044874, 'gpp_af': 0.5970408652384318, 'gpp_b': 2.1309331861011757e-05, 'gpp_d': 0.4742269251269962, 'ign_k': 0.004105873950290761, 'ign_c': 14.709699119495124, 'trop_agb_crit': 8.347757040088627, 'trop_k_veg': 2.724170387400844, 'fire_amp': 5.44779717154213}.
[I 2026-06-11 01:42:33,750] Trial 1001 finished with values: [-0.5109173616110142, 0.16002373702454664] and parameters: {'k1': 0.030699709531122967, 'D_low': 148.21691630007544, 'k2': 7.531057256501231e-05, 'D_high': 6682.9607218310075, 'fire_exp': 1.5191397119156032, 'P_half': 157.80309954142965, 'pre_dampen_half': 903.3231300044874, 'gpp_af': 0.005061568304359487, 'gpp_b': 0.004411400434514031, 'gpp_d': 0.1619054449471649, 'ign_k': 0.0032383308053152635, 'ign_c': 14.709699119495124, 'trop_agb_crit': 2.100813292597435, 'trop_k_veg': 2.724170387400844, 'fire_amp': 5.44779717154213}.
[I 2026-06-11 01:42:35,139] Trial 1002 finished with values: [11.484661720951692, 11.484661720951692] and parameters: {'k1': 0.0869690639641868, 'D_low': 236.79352040223893, 'k2': 0.00805094501261807, 'D_high': 1266.9536563782303, 'fire_exp': 1.2060040899560858, 'P_half': 157.80309954142965, 'pre_dampen_half': 910.0175265885813, 'gpp_af': 24.539832961133826, 'gpp_b': 5.0875243087016374e-05, 'gpp_d': 304.7488318185732, 'ign_k': 7.544827057709847, 'ign_c': 1.364908766641693, 'trop_agb_crit': 1.8023542850487386, 'trop_k_veg': 1.6648666152166967, 'fire_amp': 1.1268480791003903}.
[I 2026-06-11 01:42:36,479] Trial 1003 finished with values: [10.639870760846367, 10.639870760846367] and parameters: {'k1': 0.03648456083047798, 'D_low': 2267.735223551285, 'k2': 0.019383858782150494, 'D_high': 32311.521854410956, 'fire_exp': 1.5191397119156032, 'P_half': 157.80309954142965, 'pre_dampen_half': 4.847666216751353, 'gpp_af': 0.07576025464197739, 'gpp_b': 5.0875243087016374e-05, 'gpp_d': 0.4742269251269962, 'ign_k': 0.004105873950290761, 'ign_c': 1.364908766641693, 'trop_agb_crit': 28.779217872092953, 'trop_k_veg': 1.5030844497004798, 'fire_amp': 5.44779717154213}.
[I 2026-06-11 01:42:37,833] Trial 1004 finished with values: [10.714318025774606, 10.714318025774606] and parameters: {'k1': 0.0002418422795847161, 'D_low': 235.39834531862078, 'k2': 0.0001280886335404798, 'D_high': 17663.59719322428, 'fire_exp': 1.2565451539674661, 'P_half': 157.80309954142965, 'pre_dampen_half': 121.93011993958949, 'gpp_af': 0.07576025464197739, 'gpp_b': 0.001674375583895437, 'gpp_d': 0.4742269251269962, 'ign_k': 0.004105873950290761, 'ign_c': 1.364908766641693, 'trop_agb_crit': 12.708819454040446, 'trop_k_veg': 2.99731137426955, 'fire_amp': 2.0531624074464796}.
[I 2026-06-11 01:42:39,356] Trial 1005 finished with values: [10.294300478413131, 10.294300478413131] and parameters: {'k1': 0.030699709531122967, 'D_low': 1585.9294900076181, 'k2': 6.548510655446336e-05, 'D_high': 6682.9607218310075, 'fire_exp': 1.2060040899560858, 'P_half': 157.80309954142965, 'pre_dampen_half': 9.044346216330972, 'gpp_af': 0.060029341913968644, 'gpp_b': 2.1309331861011757e-05, 'gpp_d': 304.7488318185732, 'ign_k': 0.004105873950290761, 'ign_c': 1.364908766641693, 'trop_agb_crit': 2.100813292597435, 'trop_k_veg': 2.724170387400844, 'fire_amp': 5.44779717154213}.
[I 2026-06-11 01:42:40,868] Trial 1006 finished with values: [10.378381055028935, 10.378381055028935] and parameters: {'k1': 0.0869690639641868, 'D_low': 236.79352040223893, 'k2': 0.019383858782150494, 'D_high': 6682.9607218310075, 'fire_exp': 1.2060040899560858, 'P_half': 157.80309954142965, 'pre_dampen_half': 4.847666216751353, 'gpp_af': 0.046239120540552445, 'gpp_b': 5.0875243087016374e-05, 'gpp_d': 0.4742269251269962, 'ign_k': 0.0032383308053152635, 'ign_c': 1.364908766641693, 'trop_agb_crit': 12.9667438075127, 'trop_k_veg': 6.963655030926962, 'fire_amp': 5.44779717154213}.
[I 2026-06-11 01:42:42,199] Trial 1007 finished with values: [10.128085635191944, 10.128085635191944] and parameters: {'k1': 0.0869690639641868, 'D_low': 148.21691630007544, 'k2': 0.0007731571570012607, 'D_high': 1660.8858962357003, 'fire_exp': 1.2060040899560858, 'P_half': 3.591771421517613, 'pre_dampen_half': 4.847666216751353, 'gpp_af': 0.9219336658511308, 'gpp_b': 0.001674375583895437, 'gpp_d': 46.27607115144257, 'ign_k': 7.544827057709847, 'ign_c': 1.9423015749984096, 'trop_agb_crit': 24.199763404822136, 'trop_k_veg': 0.5535297685306277, 'fire_amp': 5.44779717154213}.
[I 2026-06-11 01:42:43,516] Trial 1008 finished with values: [10.279441355163186, 10.279441355163186] and parameters: {'k1': 0.03648456083047798, 'D_low': 236.79352040223893, 'k2': 0.019383858782150494, 'D_high': 6682.9607218310075, 'fire_exp': 1.5191397119156032, 'P_half': 3.591771421517613, 'pre_dampen_half': 4.847666216751353, 'gpp_af': 0.9219336658511308, 'gpp_b': 1.4008921101492135e-05, 'gpp_d': 0.1619054449471649, 'ign_k': 0.0032383308053152635, 'ign_c': 22.126836566118193, 'trop_agb_crit': 5.588032458772675, 'trop_k_veg': 5.636143940068465, 'fire_amp': 5.44779717154213}.
[I 2026-06-11 01:42:44,863] Trial 1009 finished with values: [14.05874155414109, 14.05874155414109] and parameters: {'k1': 0.0869690639641868, 'D_low': 148.21691630007544, 'k2': 0.0001280886335404798, 'D_high': 6682.9607218310075, 'fire_exp': 1.2060040899560858, 'P_half': 5.4712187293420325, 'pre_dampen_half': 121.93011993958949, 'gpp_af': 0.9219336658511308, 'gpp_b': 0.001674375583895437, 'gpp_d': 0.1619054449471649, 'ign_k': 7.544827057709847, 'ign_c': 1.9423015749984096, 'trop_agb_crit': 8.126156857703037, 'trop_k_veg': 0.5535297685306277, 'fire_amp': 5.44779717154213}.
