[I 2026-08-06 11:28:12,038] Trial 392 finished with values: [-0.5307132605724656, 0.1457126329538171] and parameters: {'k1': 0.01889771394135163, 'D_low': 7.299348683062307, 'k2': 0.0007047307383115598, 'D_high': 3712.591045287726, 'fire_exp': 1.0601964743503993, 'P_half': 4.213183643253957, 'pre_dampen_half': 552.4163637315892, 'gpp_af': 6.184662139590329, 'gpp_b': 2.176805640408474e-05, 'gpp_d': 84.31013932082456, 'ign_k': 0.0043958167971197126, 'ign_c': 323.47703263192955, 'trop_agb_crit': 7.500118950416987, 'trop_k_veg': 0.6673124511410327}.
[I 2026-08-06 11:28:13,491] Trial 393 finished with values: [10.590200519412585, 10.590200519412585] and parameters: {'k1': 5.2759586181451185e-05, 'D_low': 4.484744524732794, 'k2': 0.032845299795769424, 'D_high': 76.19822175388143, 'fire_exp': 1.3170256885255098, 'P_half': 4.213183643253957, 'pre_dampen_half': 38.00678588560607, 'gpp_af': 1.6059727222314273, 'gpp_b': 1.284284091405877e-05, 'gpp_d': 8.057329182285729, 'ign_k': 0.01364908766641695, 'ign_c': 5.13055176058983, 'trop_agb_crit': 1.0455434848969813, 'trop_k_veg': 2.4336356947036335}.
[I 2026-08-06 11:28:14,869] Trial 394 finished with values: [10.47604861987704, 10.47604861987704] and parameters: {'k1': 0.00031134168041628584, 'D_low': 355.00125258511594, 'k2': 1.1065812688893481e-05, 'D_high': 5670.3463356272905, 'fire_exp': 1.4665043946307825, 'P_half': 9.324787201197319, 'pre_dampen_half': 38.00678588560607, 'gpp_af': 1.1300566419249864, 'gpp_b': 0.0021331409710300844, 'gpp_d': 2.944272359149677, 'ign_k': 0.0680787482656459, 'ign_c': 2.414259639010457, 'trop_agb_crit': 24.584290528289387, 'trop_k_veg': 0.6743482387129308}.
[I 2026-08-06 11:28:16,280] Trial 395 finished with values: [10.670485135006276, 10.670485135006276] and parameters: {'k1': 0.06994589881535453, 'D_low': 1.54121727098019, 'k2': 0.03538758864779238, 'D_high': 21.947742689197344, 'fire_exp': 1.4665043946307825, 'P_half': 9.324787201197319, 'pre_dampen_half': 63.6685916079943, 'gpp_af': 1.1300566419249864, 'gpp_b': 0.42247700890263645, 'gpp_d': 2.944272359149677, 'ign_k': 0.12329098365270515, 'ign_c': 0.1254144753902608, 'trop_agb_crit': 24.584290528289387, 'trop_k_veg': 0.6743482387129308}.
[I 2026-08-06 11:28:17,776] Trial 396 finished with values: [-0.5341545861895355, 0.21684972268552882] and parameters: {'k1': 0.004312951023617458, 'D_low': 38.82837025280678, 'k2': 1.1065812688893481e-05, 'D_high': 3712.591045287726, 'fire_exp': 1.0629462657398439, 'P_half': 4.213183643253957, 'pre_dampen_half': 63.6685916079943, 'gpp_af': 1.6059727222314273, 'gpp_b': 1.3289448722869181e-05, 'gpp_d': 84.31013932082456, 'ign_k': 0.010167079878196114, 'ign_c': 7.4063809263110905, 'trop_agb_crit': 7.500118950416987, 'trop_k_veg': 1.8914629029068306}.
[I 2026-08-06 11:28:19,257] Trial 397 finished with values: [10.010360354586997, 10.010360354586997] and parameters: {'k1': 0.06598741607403362, 'D_low': 1.54121727098019, 'k2': 0.011715293025123641, 'D_high': 5670.3463356272905, 'fire_exp': 1.4665043946307825, 'P_half': 175.2878790340412, 'pre_dampen_half': 502.5175192217655, 'gpp_af': 0.7951170003631387, 'gpp_b': 1.3575045977280317e-05, 'gpp_d': 0.41500286580679413, 'ign_k': 0.0023224552232891564, 'ign_c': 8.40543912931368, 'trop_agb_crit': 6.275146677376727, 'trop_k_veg': 4.030242248006271}.
[I 2026-08-06 11:28:20,673] Trial 398 finished with values: [10.241411448172032, 10.241411448172032] and parameters: {'k1': 0.011966626407443505, 'D_low': 5.59983195169599, 'k2': 1.1065812688893481e-05, 'D_high': 5670.3463356272905, 'fire_exp': 1.0601964743503993, 'P_half': 4.213183643253957, 'pre_dampen_half': 63.6685916079943, 'gpp_af': 1.6059727222314273, 'gpp_b': 0.14577755664212386, 'gpp_d': 2.944272359149677, 'ign_k': 0.010167079878196114, 'ign_c': 8.40543912931368, 'trop_agb_crit': 6.119263728555865, 'trop_k_veg': 3.1473758868965476}.
[I 2026-08-06 11:28:22,236] Trial 399 finished with values: [10.494869795212468, 10.494869795212468] and parameters: {'k1': 0.00031134168041628584, 'D_low': 355.00125258511594, 'k2': 0.003419108473554454, 'D_high': 900.6846506533042, 'fire_exp': 1.0629462657398439, 'P_half': 4.213183643253957, 'pre_dampen_half': 38.00678588560607, 'gpp_af': 1.6059727222314273, 'gpp_b': 0.4192224259816183, 'gpp_d': 82.84476373292449, 'ign_k': 0.038563028138793747, 'ign_c': 54.09803697908719, 'trop_agb_crit': 18.785197416433792, 'trop_k_veg': 0.5349971555643298}.
[I 2026-08-06 11:28:23,659] Trial 400 finished with values: [10.15174470660339, 10.15174470660339] and parameters: {'k1': 0.00031134168041628584, 'D_low': 355.00125258511594, 'k2': 0.003419108473554454, 'D_high': 21.947742689197344, 'fire_exp': 1.1263716762638152, 'P_half': 4.213183643253957, 'pre_dampen_half': 63.6685916079943, 'gpp_af': 0.6403036652671171, 'gpp_b': 0.0021331409710300844, 'gpp_d': 84.31013932082456, 'ign_k': 0.0680787482656459, 'ign_c': 2.414259639010457, 'trop_agb_crit': 7.500118950416987, 'trop_k_veg': 1.0594599158279707}.
[I 2026-08-06 11:28:25,062] Trial 401 finished with values: [10.356016513215888, 10.356016513215888] and parameters: {'k1': 0.00031134168041628584, 'D_low': 4.484744524732794, 'k2': 0.003419108473554454, 'D_high': 1123.9682517242118, 'fire_exp': 1.1430983876313219, 'P_half': 175.2878790340412, 'pre_dampen_half': 5.048653998722947, 'gpp_af': 1.6059727222314273, 'gpp_b': 0.0021331409710300844, 'gpp_d': 5.1715677287580455, 'ign_k': 0.060759029110813774, 'ign_c': 1.2431017136067033, 'trop_agb_crit': 24.584290528289387, 'trop_k_veg': 7.936472946233041}.
[I 2026-08-06 11:28:26,429] Trial 402 finished with values: [10.480900852182684, 10.480900852182684] and parameters: {'k1': 0.008912611835817005, 'D_low': 38.82837025280678, 'k2': 0.03538758864779238, 'D_high': 3712.591045287726, 'fire_exp': 1.3170256885255098, 'P_half': 9.324787201197319, 'pre_dampen_half': 63.6685916079943, 'gpp_af': 0.6403036652671171, 'gpp_b': 0.0005739662837359252, 'gpp_d': 5.1715677287580455, 'ign_k': 0.21006485619596416, 'ign_c': 11.400863701127316, 'trop_agb_crit': 7.500118950416987, 'trop_k_veg': 0.6673124511410327}.
[I 2026-08-06 11:28:27,874] Trial 403 finished with values: [-0.5425242529501978, 0.05209306259362434] and parameters: {'k1': 0.06598741607403362, 'D_low': 1.54121727098019, 'k2': 0.011715293025123641, 'D_high': 1123.9682517242118, 'fire_exp': 2.667972213959779, 'P_half': 175.2878790340412, 'pre_dampen_half': 502.5175192217655, 'gpp_af': 14.476743839391009, 'gpp_b': 1.284284091405877e-05, 'gpp_d': 16.460426816350523, 'ign_k': 0.11619873314872933, 'ign_c': 0.70689749506246, 'trop_agb_crit': 24.584290528289387, 'trop_k_veg': 1.4584243470991722}.
[I 2026-08-06 11:28:29,269] Trial 404 finished with values: [-0.5447755393948666, 0.07927665406892348] and parameters: {'k1': 0.011966626407443505, 'D_low': 12.105387404469584, 'k2': 1.1065812688893481e-05, 'D_high': 5670.3463356272905, 'fire_exp': 1.3170256885255098, 'P_half': 4.213183643253957, 'pre_dampen_half': 63.6685916079943, 'gpp_af': 0.18069041761817034, 'gpp_b': 0.0005739662837359252, 'gpp_d': 1.493264336549928, 'ign_k': 0.12329098365270515, 'ign_c': 8.40543912931368, 'trop_agb_crit': 6.119263728555865, 'trop_k_veg': 0.6673124511410327}.
[I 2026-08-06 11:28:30,702] Trial 405 finished with values: [10.337125189125517, 10.337125189125517] and parameters: {'k1': 0.00031134168041628584, 'D_low': 4.513311251103462, 'k2': 0.03538758864779238, 'D_high': 3712.591045287726, 'fire_exp': 1.7329145403564932, 'P_half': 4.213183643253957, 'pre_dampen_half': 502.5175192217655, 'gpp_af': 9.419931479490897, 'gpp_b': 0.0021331409710300844, 'gpp_d': 1.6983565276584263, 'ign_k': 0.0680787482656459, 'ign_c': 0.70689749506246, 'trop_agb_crit': 24.584290528289387, 'trop_k_veg': 0.6673124511410327}.
[I 2026-08-06 11:28:32,840] Trial 406 finished with values: [10.234464012291763, 10.234464012291763] and parameters: {'k1': 0.005952904331761848, 'D_low': 1.54121727098019, 'k2': 0.03538758864779238, 'D_high': 3712.591045287726, 'fire_exp': 1.2918065501148304, 'P_half': 9.324787201197319, 'pre_dampen_half': 502.5175192217655, 'gpp_af': 1.6059727222314273, 'gpp_b': 0.42247700890263645, 'gpp_d': 84.31013932082456, 'ign_k': 0.010167079878196114, 'ign_c': 5.13055176058983, 'trop_agb_crit': 7.500118950416987, 'trop_k_veg': 0.6743482387129308}.
[I 2026-08-06 11:28:35,477] Trial 407 finished with values: [-0.5588831192977262, 0.1733716797770134] and parameters: {'k1': 0.007828534228218626, 'D_low': 38.82837025280678, 'k2': 7.639737756882014e-05, 'D_high': 21.356209987689077, 'fire_exp': 1.1430983876313219, 'P_half': 4.213183643253957, 'pre_dampen_half': 63.6685916079943, 'gpp_af': 0.6403036652671171, 'gpp_b': 1.3289448722869181e-05, 'gpp_d': 1.6983565276584263, 'ign_k': 2.1368329072358767, 'ign_c': 7.4063809263110905, 'trop_agb_crit': 10.965064494899984, 'trop_k_veg': 0.6673124511410327}.
[I 2026-08-06 11:28:38,076] Trial 408 finished with values: [10.009028390749336, 10.009028390749336] and parameters: {'k1': 0.011966626407443505, 'D_low': 171.2446447678494, 'k2': 0.03538758864779238, 'D_high': 5670.3463356272905, 'fire_exp': 1.2918065501148304, 'P_half': 140.74279366401683, 'pre_dampen_half': 63.6685916079943, 'gpp_af': 14.476743839391009, 'gpp_b': 2.176805640408474e-05, 'gpp_d': 2.944272359149677, 'ign_k': 0.21006485619596416, 'ign_c': 5.13055176058983, 'trop_agb_crit': 24.584290528289387, 'trop_k_veg': 0.6673124511410327}.
[I 2026-08-06 11:28:40,756] Trial 409 finished with values: [10.141728369643308, 10.141728369643308] and parameters: {'k1': 3.23559867820537e-05, 'D_low': 4.484744524732794, 'k2': 1.915468390724633e-05, 'D_high': 76.19822175388143, 'fire_exp': 1.0362310858538248, 'P_half': 4.213183643253957, 'pre_dampen_half': 38.00678588560607, 'gpp_af': 68.11991466118579, 'gpp_b': 0.0001314103502608067, 'gpp_d': 229.41380323183625, 'ign_k': 0.01364908766641695, 'ign_c': 2.8335389417624683, 'trop_agb_crit': 1.8545640943955186, 'trop_k_veg': 2.4336356947036335}.
[I 2026-08-06 11:28:43,104] Trial 410 finished with values: [10.132978335119462, 10.132978335119462] and parameters: {'k1': 0.008912611835817005, 'D_low': 7.299348683062307, 'k2': 1.1065812688893481e-05, 'D_high': 774.2116473996249, 'fire_exp': 1.1263716762638152, 'P_half': 4.213183643253957, 'pre_dampen_half': 63.6685916079943, 'gpp_af': 0.6403036652671171, 'gpp_b': 0.22727308251068193, 'gpp_d': 5.1715677287580455, 'ign_k': 0.21006485619596416, 'ign_c': 11.400863701127316, 'trop_agb_crit': 7.500118950416987, 'trop_k_veg': 0.6673124511410327}.
[I 2026-08-06 11:28:45,759] Trial 411 finished with values: [12.411982781202315, 12.411982781202315] and parameters: {'k1': 0.06994589881535453, 'D_low': 1.54121727098019, 'k2': 0.03538758864779238, 'D_high': 1236.6924205139144, 'fire_exp': 1.1263716762638152, 'P_half': 9.324787201197319, 'pre_dampen_half': 502.5175192217655, 'gpp_af': 0.6403036652671171, 'gpp_b': 0.0054502936945582505, 'gpp_d': 2.944272359149677, 'ign_k': 5.351470428717437, 'ign_c': 1.9580595319750387, 'trop_agb_crit': 6.119263728555865, 'trop_k_veg': 1.0594599158279707}.
[I 2026-08-06 11:28:48,155] Trial 412 finished with values: [10.186642164349683, 10.186642164349683] and parameters: {'k1': 0.005272264723319183, 'D_low': 38.82837025280678, 'k2': 0.004149969043497543, 'D_high': 3712.591045287726, 'fire_exp': 1.3170256885255098, 'P_half': 9.324787201197319, 'pre_dampen_half': 38.00678588560607, 'gpp_af': 0.6403036652671171, 'gpp_b': 0.42247700890263645, 'gpp_d': 5.1715677287580455, 'ign_k': 0.0680787482656459, 'ign_c': 2.414259639010457, 'trop_agb_crit': 24.584290528289387, 'trop_k_veg': 0.6673124511410327}.
[I 2026-08-06 11:28:50,629] Trial 413 finished with values: [-0.5313982280453634, 0.05031761226504283] and parameters: {'k1': 0.01889771394135163, 'D_low': 40.12413353131991, 'k2': 0.03538758864779238, 'D_high': 645.2946500764235, 'fire_exp': 1.1263716762638152, 'P_half': 1.605843632310088, 'pre_dampen_half': 3.3841016089580034, 'gpp_af': 0.7539992074650279, 'gpp_b': 1.284284091405877e-05, 'gpp_d': 229.41380323183625, 'ign_k': 5.351470428717437, 'ign_c': 1.2389052918551067, 'trop_agb_crit': 10.691477813613638, 'trop_k_veg': 6.45312300188076}.
[I 2026-08-06 11:28:53,011] Trial 414 finished with values: [10.54199653435815, 10.54199653435815] and parameters: {'k1': 0.004312951023617458, 'D_low': 40.52505887227999, 'k2': 0.032845299795769424, 'D_high': 21.947742689197344, 'fire_exp': 1.0629462657398439, 'P_half': 1.309149162209817, 'pre_dampen_half': 38.00678588560607, 'gpp_af': 0.6403036652671171, 'gpp_b': 1.284284091405877e-05, 'gpp_d': 8.057329182285729, 'ign_k': 0.01364908766641695, 'ign_c': 5.13055176058983, 'trop_agb_crit': 1.0455434848969813, 'trop_k_veg': 0.5349971555643298}.
[I 2026-08-06 11:28:55,598] Trial 415 finished with values: [-0.5456183577899203, 0.14570482180832212] and parameters: {'k1': 0.008912611835817005, 'D_low': 171.2446447678494, 'k2': 1.1065812688893481e-05, 'D_high': 11069.082134755383, 'fire_exp': 1.3170256885255098, 'P_half': 4.213183643253957, 'pre_dampen_half': 63.6685916079943, 'gpp_af': 0.6403036652671171, 'gpp_b': 2.176805640408474e-05, 'gpp_d': 16.460426816350523, 'ign_k': 0.12329098365270515, 'ign_c': 15.221840161091626, 'trop_agb_crit': 25.382873076016292, 'trop_k_veg': 0.6673124511410327}.
[I 2026-08-06 11:28:57,963] Trial 416 finished with values: [10.767393484153056, 10.767393484153056] and parameters: {'k1': 0.01889771394135163, 'D_low': 40.52505887227999, 'k2': 0.03538758864779238, 'D_high': 21.947742689197344, 'fire_exp': 1.0629462657398439, 'P_half': 4.213183643253957, 'pre_dampen_half': 3.3841016089580034, 'gpp_af': 1.6059727222314273, 'gpp_b': 0.0054502936945582505, 'gpp_d': 0.05692321998383699, 'ign_k': 5.351470428717437, 'ign_c': 1.9580595319750387, 'trop_agb_crit': 6.119263728555865, 'trop_k_veg': 1.0594599158279707}.
[I 2026-08-06 11:29:00,096] Trial 417 finished with values: [-0.5247152343538316, 0.03942583161357227] and parameters: {'k1': 0.01889771394135163, 'D_low': 40.12413353131991, 'k2': 0.03538758864779238, 'D_high': 536.2153030688613, 'fire_exp': 1.1263716762638152, 'P_half': 1.605843632310088, 'pre_dampen_half': 5.048653998722947, 'gpp_af': 1.9706963379095486, 'gpp_b': 0.0054502936945582505, 'gpp_d': 84.31013932082456, 'ign_k': 0.11619873314872933, 'ign_c': 1.9580595319750387, 'trop_agb_crit': 6.119263728555865, 'trop_k_veg': 6.842216150864676}.
[I 2026-08-06 11:29:02,260] Trial 418 finished with values: [10.180585572552726, 10.180585572552726] and parameters: {'k1': 2.766282010813135e-05, 'D_low': 355.00125258511594, 'k2': 1.1065812688893481e-05, 'D_high': 774.2116473996249, 'fire_exp': 1.3170256885255098, 'P_half': 4.213183643253957, 'pre_dampen_half': 63.6685916079943, 'gpp_af': 0.6403036652671171, 'gpp_b': 1.3289448722869181e-05, 'gpp_d': 1.6983565276584263, 'ign_k': 5.351470428717437, 'ign_c': 5.13055176058983, 'trop_agb_crit': 7.500118950416987, 'trop_k_veg': 0.6673124511410327}.
[I 2026-08-06 11:29:04,417] Trial 419 finished with values: [10.492476679647382, 10.492476679647382] and parameters: {'k1': 0.011966626407443505, 'D_low': 1.54121727098019, 'k2': 0.03538758864779238, 'D_high': 5670.3463356272905, 'fire_exp': 1.3170256885255098, 'P_half': 175.2878790340412, 'pre_dampen_half': 1.254979363966895, 'gpp_af': 14.476743839391009, 'gpp_b': 1.284284091405877e-05, 'gpp_d': 2.944272359149677, 'ign_k': 0.21006485619596416, 'ign_c': 5.13055176058983, 'trop_agb_crit': 6.275146677376727, 'trop_k_veg': 4.345076509212382}.
[I 2026-08-06 11:29:06,729] Trial 420 finished with values: [10.262320447944262, 10.262320447944262] and parameters: {'k1': 0.06598741607403362, 'D_low': 1.54121727098019, 'k2': 0.03538758864779238, 'D_high': 5670.3463356272905, 'fire_exp': 1.4665043946307825, 'P_half': 358.182027657807, 'pre_dampen_half': 502.5175192217655, 'gpp_af': 0.7951170003631387, 'gpp_b': 1.284284091405877e-05, 'gpp_d': 0.9726844876539025, 'ign_k': 0.0023224552232891564, 'ign_c': 323.47703263192955, 'trop_agb_crit': 24.584290528289387, 'trop_k_veg': 4.030242248006271}.
[I 2026-08-06 11:29:08,930] Trial 421 finished with values: [10.635112929738343, 10.635112929738343] and parameters: {'k1': 0.05705198955850472, 'D_low': 78.86001704920405, 'k2': 0.0007047307383115598, 'D_high': 3712.591045287726, 'fire_exp': 1.0601964743503993, 'P_half': 12.498583886387651, 'pre_dampen_half': 552.4163637315892, 'gpp_af': 0.7951170003631387, 'gpp_b': 1.284284091405877e-05, 'gpp_d': 16.460426816350523, 'ign_k': 0.0043958167971197126, 'ign_c': 7.4063809263110905, 'trop_agb_crit': 24.584290528289387, 'trop_k_veg': 3.1473758868965476}.
[I 2026-08-06 11:29:11,057] Trial 422 finished with values: [10.76923076892712, 10.76923076892712] and parameters: {'k1': 0.06598741607403362, 'D_low': 1.54121727098019, 'k2': 0.03538758864779238, 'D_high': 11069.082134755383, 'fire_exp': 1.3170256885255098, 'P_half': 8628.009047476773, 'pre_dampen_half': 502.5175192217655, 'gpp_af': 0.7951170003631387, 'gpp_b': 1.284284091405877e-05, 'gpp_d': 16.460426816350523, 'ign_k': 0.12329098365270515, 'ign_c': 323.47703263192955, 'trop_agb_crit': 24.584290528289387, 'trop_k_veg': 1.555454318160094}.
[I 2026-08-06 11:29:13,278] Trial 423 finished with values: [-0.5494905850707926, 0.20579821573782087] and parameters: {'k1': 0.037704815040649445, 'D_low': 7.46475488144212, 'k2': 1.1065812688893481e-05, 'D_high': 774.2116473996249, 'fire_exp': 1.3170256885255098, 'P_half': 1.309149162209817, 'pre_dampen_half': 63.6685916079943, 'gpp_af': 0.6403036652671171, 'gpp_b': 1.284284091405877e-05, 'gpp_d': 2.944272359149677, 'ign_k': 0.12329098365270515, 'ign_c': 5.13055176058983, 'trop_agb_crit': 6.119263728555865, 'trop_k_veg': 0.5349971555643298}.
[I 2026-08-06 11:29:15,566] Trial 424 finished with values: [10.099811322592545, 10.099811322592545] and parameters: {'k1': 0.008912611835817005, 'D_low': 1.54121727098019, 'k2': 1.915468390724633e-05, 'D_high': 3712.591045287726, 'fire_exp': 1.1263716762638152, 'P_half': 9.324787201197319, 'pre_dampen_half': 502.5175192217655, 'gpp_af': 1.1300566419249864, 'gpp_b': 0.0005392415140872105, 'gpp_d': 5.1715677287580455, 'ign_k': 0.11619873314872933, 'ign_c': 15.221840161091626, 'trop_agb_crit': 2.1861040860339416, 'trop_k_veg': 0.6673124511410327}.
[I 2026-08-06 11:29:17,719] Trial 425 finished with values: [10.017538949079821, 10.017538949079821] and parameters: {'k1': 7.118997101275657e-05, 'D_low': 7.299348683062307, 'k2': 1.1065812688893481e-05, 'D_high': 3712.591045287726, 'fire_exp': 1.1263716762638152, 'P_half': 4.213183643253957, 'pre_dampen_half': 63.6685916079943, 'gpp_af': 1.6059727222314273, 'gpp_b': 0.14577755664212386, 'gpp_d': 84.31013932082456, 'ign_k': 0.11619873314872933, 'ign_c': 7.4063809263110905, 'trop_agb_crit': 7.500118950416987, 'trop_k_veg': 3.1473758868965476}.
[I 2026-08-06 11:29:19,778] Trial 426 finished with values: [10.382680543883286, 10.382680543883286] and parameters: {'k1': 0.008912611835817005, 'D_low': 40.52505887227999, 'k2': 1.915468390724633e-05, 'D_high': 5670.3463356272905, 'fire_exp': 1.0601964743503993, 'P_half': 336.708521740818, 'pre_dampen_half': 8.594202650742222, 'gpp_af': 0.6403036652671171, 'gpp_b': 0.0005739662837359252, 'gpp_d': 84.31013932082456, 'ign_k': 0.01364908766641695, 'ign_c': 11.400863701127316, 'trop_agb_crit': 7.500118950416987, 'trop_k_veg': 0.6673124511410327}.
[I 2026-08-06 11:29:21,968] Trial 427 finished with values: [10.046633341508391, 10.046633341508391] and parameters: {'k1': 0.008912611835817005, 'D_low': 1.54121727098019, 'k2': 0.03538758864779238, 'D_high': 3712.591045287726, 'fire_exp': 1.7329145403564932, 'P_half': 140.74279366401683, 'pre_dampen_half': 502.5175192217655, 'gpp_af': 0.7951170003631387, 'gpp_b': 0.0005739662837359252, 'gpp_d': 16.460426816350523, 'ign_k': 0.0013320984762921239, 'ign_c': 11.400863701127316, 'trop_agb_crit': 24.584290528289387, 'trop_k_veg': 2.4336356947036335}.
[I 2026-08-06 11:29:24,156] Trial 428 finished with values: [10.133981059630607, 10.133981059630607] and parameters: {'k1': 0.00031134168041628584, 'D_low': 355.00125258511594, 'k2': 0.003419108473554454, 'D_high': 5670.3463356272905, 'fire_exp': 1.1430983876313219, 'P_half': 4.213183643253957, 'pre_dampen_half': 63.6685916079943, 'gpp_af': 0.6403036652671171, 'gpp_b': 0.08128322984179755, 'gpp_d': 0.6960360257735198, 'ign_k': 0.11619873314872933, 'ign_c': 0.70689749506246, 'trop_agb_crit': 6.275146677376727, 'trop_k_veg': 5.492385920002873}.
[I 2026-08-06 11:29:26,268] Trial 429 finished with values: [10.279347051635451, 10.279347051635451] and parameters: {'k1': 0.00031134168041628584, 'D_low': 12.105387404469584, 'k2': 1.1065812688893481e-05, 'D_high': 25628.666000163565, 'fire_exp': 1.3170256885255098, 'P_half': 4.213183643253957, 'pre_dampen_half': 63.6685916079943, 'gpp_af': 0.10409127568994281, 'gpp_b': 0.006906522645653115, 'gpp_d': 1.493264336549928, 'ign_k': 0.21006485619596416, 'ign_c': 11.400863701127316, 'trop_agb_crit': 10.965064494899984, 'trop_k_veg': 0.6673124511410327}.
[I 2026-08-06 11:29:28,277] Trial 430 finished with values: [10.375404569034895, 10.375404569034895] and parameters: {'k1': 0.00031134168041628584, 'D_low': 4.484744524732794, 'k2': 0.011715293025123641, 'D_high': 3712.591045287726, 'fire_exp': 1.1430983876313219, 'P_half': 4.213183643253957, 'pre_dampen_half': 693.3733406812293, 'gpp_af': 1.6059727222314273, 'gpp_b': 0.14577755664212386, 'gpp_d': 5.1715677287580455, 'ign_k': 0.11619873314872933, 'ign_c': 30.785541778315018, 'trop_agb_crit': 1.0455434848969813, 'trop_k_veg': 1.4584243470991722}.
