[I 2026-06-11 01:12:56,538] Trial 1085 finished with values: [10.565755643083234, 10.565755643083234] and parameters: {'k1': 0.09738633019266786, 'D_low': 98.98117700885537, 'k2': 0.011469197890812934, 'D_high': 1390.2686711035008, 'fire_exp': 2.30268982351901, 'P_half': 10.226988730324324, 'pre_dampen_half': 2.0876728026575546, 'gpp_af': 0.008562341633595545, 'gpp_b': 0.00012118589392553798, 'gpp_d': 2.8006820077310213, 'ign_k': 8.761971101023693, 'ign_c': 0.11650681118986138, 'trop_agb_crit': 9.836162684900028, 'trop_k_veg': 4.599337386928772, 'fuel_k': 0.05597555634027867, 'fuel_half': 52.00581729114123}.
[I 2026-06-11 01:12:58,068] Trial 1086 finished with values: [-0.802713198204019, 0.20333493369999867] and parameters: {'k1': 0.05233480488540085, 'D_low': 98.98117700885537, 'k2': 0.011469197890812934, 'D_high': 1024.9816559563214, 'fire_exp': 1.1258453832483524, 'P_half': 16.051347487097576, 'pre_dampen_half': 502.5175192217655, 'gpp_af': 0.015769192447197523, 'gpp_b': 0.00012118589392553798, 'gpp_d': 2.8006820077310213, 'ign_k': 8.761971101023693, 'ign_c': 0.9294394155644988, 'trop_agb_crit': 5.881906289439389, 'trop_k_veg': 4.599337386928772, 'fuel_k': 0.05597555634027867, 'fuel_half': 52.00581729114123}.
[I 2026-06-11 01:13:00,035] Trial 1087 finished with values: [10.752599439572244, 10.752599439572244] and parameters: {'k1': 0.004312951023617458, 'D_low': 4.484744524732794, 'k2': 0.0027431991397796683, 'D_high': 1024.9816559563214, 'fire_exp': 9.375735126919194, 'P_half': 16.051347487097576, 'pre_dampen_half': 502.5175192217655, 'gpp_af': 0.015769192447197523, 'gpp_b': 0.00012118589392553798, 'gpp_d': 2.8006820077310213, 'ign_k': 8.761971101023693, 'ign_c': 0.9294394155644988, 'trop_agb_crit': 5.881906289439389, 'trop_k_veg': 4.599337386928772, 'fuel_k': 4.680936683972861, 'fuel_half': 15.29850686893745}.
[I 2026-06-11 01:13:01,559] Trial 1088 finished with values: [-0.7180160978076834, 0.13725330641218303] and parameters: {'k1': 0.004312951023617458, 'D_low': 98.98117700885537, 'k2': 0.011469197890812934, 'D_high': 1024.9816559563214, 'fire_exp': 1.1258453832483524, 'P_half': 343.5759946100352, 'pre_dampen_half': 502.5175192217655, 'gpp_af': 0.015769192447197523, 'gpp_b': 7.402343469704428e-05, 'gpp_d': 2.8006820077310213, 'ign_k': 0.5131654955148326, 'ign_c': 0.9294394155644988, 'trop_agb_crit': 5.707205898008383, 'trop_k_veg': 4.599337386928772, 'fuel_k': 0.5964469943278032, 'fuel_half': 2.9236782115513154}.
[I 2026-06-11 01:13:03,180] Trial 1089 finished with values: [-0.7979598693667111, 0.20294787606575349] and parameters: {'k1': 0.09738633019266786, 'D_low': 4.484744524732794, 'k2': 0.03865036856259725, 'D_high': 1024.9816559563214, 'fire_exp': 1.1258453832483524, 'P_half': 151.39365555347075, 'pre_dampen_half': 502.5175192217655, 'gpp_af': 0.005618069878716736, 'gpp_b': 7.402343469704428e-05, 'gpp_d': 0.23485690470339216, 'ign_k': 0.5131654955148326, 'ign_c': 0.9294394155644988, 'trop_agb_crit': 9.879645484210656, 'trop_k_veg': 7.359706248396124, 'fuel_k': 0.49578999904399057, 'fuel_half': 10.06119804781128}.
[I 2026-06-11 01:13:04,881] Trial 1090 finished with values: [-0.8222877746835748, 0.20656464757354376] and parameters: {'k1': 0.09738633019266786, 'D_low': 90.71933427331369, 'k2': 0.011469197890812934, 'D_high': 1024.9816559563214, 'fire_exp': 1.1258453832483524, 'P_half': 220.3445560633069, 'pre_dampen_half': 502.5175192217655, 'gpp_af': 0.015769192447197523, 'gpp_b': 7.402343469704428e-05, 'gpp_d': 2.8006820077310213, 'ign_k': 0.5131654955148326, 'ign_c': 0.9294394155644988, 'trop_agb_crit': 9.836162684900028, 'trop_k_veg': 2.330015895740624, 'fuel_k': 4.680936683972861, 'fuel_half': 10.06119804781128}.
[I 2026-06-11 01:13:06,589] Trial 1091 finished with values: [10.443519201286529, 10.443519201286529] and parameters: {'k1': 0.09738633019266786, 'D_low': 98.98117700885537, 'k2': 0.03865036856259725, 'D_high': 1024.9816559563214, 'fire_exp': 1.1258453832483524, 'P_half': 1327.5361137191958, 'pre_dampen_half': 502.5175192217655, 'gpp_af': 0.008562341633595545, 'gpp_b': 7.402343469704428e-05, 'gpp_d': 1.9906830511569307, 'ign_k': 8.761971101023693, 'ign_c': 0.11650681118986138, 'trop_agb_crit': 1.1073237802669997, 'trop_k_veg': 2.330015895740624, 'fuel_k': 0.18294854512033595, 'fuel_half': 27.4762346187747}.
[I 2026-06-11 01:13:08,115] Trial 1092 finished with values: [-0.8124573425170951, 0.19558599077101047] and parameters: {'k1': 0.09738633019266786, 'D_low': 90.71933427331369, 'k2': 0.011469197890812934, 'D_high': 1024.9816559563214, 'fire_exp': 1.1258453832483524, 'P_half': 220.3445560633069, 'pre_dampen_half': 502.5175192217655, 'gpp_af': 0.015769192447197523, 'gpp_b': 0.00012118589392553798, 'gpp_d': 2.8006820077310213, 'ign_k': 0.5080094006294851, 'ign_c': 0.9294394155644988, 'trop_agb_crit': 9.836162684900028, 'trop_k_veg': 4.599337386928772, 'fuel_k': 4.680936683972861, 'fuel_half': 6.692398883561895}.
[I 2026-06-11 01:13:09,493] Trial 1093 finished with values: [10.053426608357714, 10.053426608357714] and parameters: {'k1': 0.09738633019266786, 'D_low': 98.98117700885537, 'k2': 0.011469197890812934, 'D_high': 1390.2686711035008, 'fire_exp': 1.1258453832483524, 'P_half': 16.051347487097576, 'pre_dampen_half': 502.5175192217655, 'gpp_af': 0.05591545464042534, 'gpp_b': 0.00010318352929732131, 'gpp_d': 2.8006820077310213, 'ign_k': 0.002860112654741167, 'ign_c': 0.11650681118986138, 'trop_agb_crit': 5.881906289439389, 'trop_k_veg': 4.599337386928772, 'fuel_k': 4.680936683972861, 'fuel_half': 10.06119804781128}.
[I 2026-06-11 01:13:10,874] Trial 1094 finished with values: [-0.7886067001397856, 0.2374822888587752] and parameters: {'k1': 0.09738633019266786, 'D_low': 90.71933427331369, 'k2': 0.02989647175615661, 'D_high': 1024.9816559563214, 'fire_exp': 1.1258453832483524, 'P_half': 16.051347487097576, 'pre_dampen_half': 502.5175192217655, 'gpp_af': 0.005782026351795939, 'gpp_b': 0.00010318352929732131, 'gpp_d': 838.2020094010369, 'ign_k': 8.761971101023693, 'ign_c': 0.11650681118986138, 'trop_agb_crit': 24.584290528289387, 'trop_k_veg': 4.599337386928772, 'fuel_k': 0.04572914063536324, 'fuel_half': 27.4762346187747}.
[I 2026-06-11 01:13:12,436] Trial 1095 finished with values: [-0.7868690422391804, 0.17638833519517727] and parameters: {'k1': 0.09738633019266786, 'D_low': 98.98117700885537, 'k2': 0.03865036856259725, 'D_high': 1390.2686711035008, 'fire_exp': 1.2310899049053081, 'P_half': 220.3445560633069, 'pre_dampen_half': 502.5175192217655, 'gpp_af': 0.015769192447197523, 'gpp_b': 3.228689523591491e-05, 'gpp_d': 2.8006820077310213, 'ign_k': 8.761971101023693, 'ign_c': 0.11650681118986138, 'trop_agb_crit': 1.310122900330372, 'trop_k_veg': 4.1309639246402785, 'fuel_k': 4.680936683972861, 'fuel_half': 52.00581729114123}.
[I 2026-06-11 01:13:14,084] Trial 1096 finished with values: [10.120403746123758, 10.120403746123758] and parameters: {'k1': 0.09738633019266786, 'D_low': 90.71933427331369, 'k2': 0.011469197890812934, 'D_high': 1024.9816559563214, 'fire_exp': 1.0114396646447246, 'P_half': 343.5759946100352, 'pre_dampen_half': 502.5175192217655, 'gpp_af': 0.015769192447197523, 'gpp_b': 0.00012118589392553798, 'gpp_d': 0.05704717510936691, 'ign_k': 8.761971101023693, 'ign_c': 0.11650681118986138, 'trop_agb_crit': 5.707205898008383, 'trop_k_veg': 4.599337386928772, 'fuel_k': 0.04572914063536324, 'fuel_half': 27.4762346187747}.
[I 2026-06-11 01:13:15,580] Trial 1097 finished with values: [-0.5964124219937721, 0.6520485377172827] and parameters: {'k1': 0.09738633019266786, 'D_low': 98.98117700885537, 'k2': 7.966502922679658e-05, 'D_high': 1390.2686711035008, 'fire_exp': 1.0881360604103363, 'P_half': 10.226988730324324, 'pre_dampen_half': 502.5175192217655, 'gpp_af': 0.015769192447197523, 'gpp_b': 3.228689523591491e-05, 'gpp_d': 2.8006820077310213, 'ign_k': 8.761971101023693, 'ign_c': 0.11650681118986138, 'trop_agb_crit': 6.1198430581046965, 'trop_k_veg': 1.4584243470991722, 'fuel_k': 0.05597555634027867, 'fuel_half': 60.39526675016393}.
[I 2026-06-11 01:13:16,987] Trial 1098 finished with values: [10.027989871540125, 10.027989871540125] and parameters: {'k1': 0.09738633019266786, 'D_low': 4.484744524732794, 'k2': 0.0027431991397796683, 'D_high': 1390.2686711035008, 'fire_exp': 2.1790515574598546, 'P_half': 16.051347487097576, 'pre_dampen_half': 502.5175192217655, 'gpp_af': 0.005618069878716736, 'gpp_b': 0.00010318352929732131, 'gpp_d': 34.97224310873812, 'ign_k': 0.5131654955148326, 'ign_c': 0.11650681118986138, 'trop_agb_crit': 1.310122900330372, 'trop_k_veg': 4.599337386928772, 'fuel_k': 0.05597555634027867, 'fuel_half': 60.39526675016393}.
[I 2026-06-11 01:13:18,400] Trial 1099 finished with values: [10.767824802590429, 10.767824802590429] and parameters: {'k1': 0.09738633019266786, 'D_low': 98.98117700885537, 'k2': 0.00010089430320527378, 'D_high': 1024.9816559563214, 'fire_exp': 7.089507362101403, 'P_half': 220.3445560633069, 'pre_dampen_half': 502.5175192217655, 'gpp_af': 0.015769192447197523, 'gpp_b': 0.00012118589392553798, 'gpp_d': 1.2771451735248283, 'ign_k': 8.761971101023693, 'ign_c': 22.53248381536621, 'trop_agb_crit': 6.1198430581046965, 'trop_k_veg': 4.599337386928772, 'fuel_k': 4.680936683972861, 'fuel_half': 15.29850686893745}.
[I 2026-06-11 01:13:19,792] Trial 1100 finished with values: [10.041285475740086, 10.041285475740086] and parameters: {'k1': 0.09738633019266786, 'D_low': 4.484744524732794, 'k2': 0.03865036856259725, 'D_high': 1390.2686711035008, 'fire_exp': 2.1790515574598546, 'P_half': 220.3445560633069, 'pre_dampen_half': 502.5175192217655, 'gpp_af': 0.008562341633595545, 'gpp_b': 0.00010318352929732131, 'gpp_d': 2.8006820077310213, 'ign_k': 8.761971101023693, 'ign_c': 0.11650681118986138, 'trop_agb_crit': 5.707205898008383, 'trop_k_veg': 1.4584243470991722, 'fuel_k': 4.680936683972861, 'fuel_half': 60.39526675016393}.
[I 2026-06-11 01:13:21,969] Trial 1101 finished with values: [10.035871822516928, 10.035871822516928] and parameters: {'k1': 0.09738633019266786, 'D_low': 1.4045842344024697, 'k2': 0.03865036856259725, 'D_high': 1390.2686711035008, 'fire_exp': 1.591671544437082, 'P_half': 16.051347487097576, 'pre_dampen_half': 502.5175192217655, 'gpp_af': 0.005618069878716736, 'gpp_b': 0.00010318352929732131, 'gpp_d': 6.399026982042284, 'ign_k': 0.5131654955148326, 'ign_c': 15.221840161091626, 'trop_agb_crit': 24.584290528289387, 'trop_k_veg': 7.359706248396124, 'fuel_k': 0.05597555634027867, 'fuel_half': 52.00581729114123}.
[I 2026-06-11 01:13:23,449] Trial 1102 finished with values: [-0.8025717001802, 0.2408793161722793] and parameters: {'k1': 0.09738633019266786, 'D_low': 98.98117700885537, 'k2': 0.011469197890812934, 'D_high': 1024.9816559563214, 'fire_exp': 1.0881360604103363, 'P_half': 16.051347487097576, 'pre_dampen_half': 502.5175192217655, 'gpp_af': 0.015769192447197523, 'gpp_b': 0.00012118589392553798, 'gpp_d': 2.8006820077310213, 'ign_k': 8.761971101023693, 'ign_c': 0.9294394155644988, 'trop_agb_crit': 5.881906289439389, 'trop_k_veg': 7.871057313180179, 'fuel_k': 4.680936683972861, 'fuel_half': 10.06119804781128}.
[I 2026-06-11 01:13:24,799] Trial 1103 finished with values: [12.836244890429679, 12.836244890429679] and parameters: {'k1': 0.09738633019266786, 'D_low': 98.98117700885537, 'k2': 0.011469197890812934, 'D_high': 1240.4053921849352, 'fire_exp': 1.0881360604103363, 'P_half': 16.051347487097576, 'pre_dampen_half': 502.5175192217655, 'gpp_af': 0.005618069878716736, 'gpp_b': 3.228689523591491e-05, 'gpp_d': 2.8006820077310213, 'ign_k': 4.591485216740537, 'ign_c': 0.28778985970624854, 'trop_agb_crit': 6.1198430581046965, 'trop_k_veg': 2.8224577471047865, 'fuel_k': 4.680936683972861, 'fuel_half': 0.12399445060149628}.
[I 2026-06-11 01:13:26,165] Trial 1104 finished with values: [-0.7812477515570249, 0.34157614836182215] and parameters: {'k1': 0.05233480488540085, 'D_low': 1.4045842344024697, 'k2': 0.03865036856259725, 'D_high': 1024.9816559563214, 'fire_exp': 1.591671544437082, 'P_half': 13.019246714361572, 'pre_dampen_half': 502.5175192217655, 'gpp_af': 19.984738355074416, 'gpp_b': 0.00010318352929732131, 'gpp_d': 314.6826989726468, 'ign_k': 0.5131654955148326, 'ign_c': 15.221840161091626, 'trop_agb_crit': 9.879645484210656, 'trop_k_veg': 7.359706248396124, 'fuel_k': 0.05597555634027867, 'fuel_half': 15.29850686893745}.
[I 2026-06-11 01:13:27,646] Trial 1105 finished with values: [-0.7844641868999278, 0.1493690635990077] and parameters: {'k1': 0.09738633019266786, 'D_low': 98.98117700885537, 'k2': 0.02989647175615661, 'D_high': 1390.2686711035008, 'fire_exp': 1.1258453832483524, 'P_half': 220.3445560633069, 'pre_dampen_half': 502.5175192217655, 'gpp_af': 0.005782026351795939, 'gpp_b': 0.00012118589392553798, 'gpp_d': 314.6826989726468, 'ign_k': 8.761971101023693, 'ign_c': 0.9294394155644988, 'trop_agb_crit': 9.879645484210656, 'trop_k_veg': 7.359706248396124, 'fuel_k': 0.05597555634027867, 'fuel_half': 7.860326410149304}.
[I 2026-06-11 01:13:29,218] Trial 1106 finished with values: [13.099714371181031, 13.099714371181031] and parameters: {'k1': 0.09738633019266786, 'D_low': 98.98117700885537, 'k2': 0.03865036856259725, 'D_high': 7784.974831204817, 'fire_exp': 1.2310899049053081, 'P_half': 13.019246714361572, 'pre_dampen_half': 502.5175192217655, 'gpp_af': 0.008562341633595545, 'gpp_b': 7.402343469704428e-05, 'gpp_d': 2.8006820077310213, 'ign_k': 8.761971101023693, 'ign_c': 0.11650681118986138, 'trop_agb_crit': 5.881906289439389, 'trop_k_veg': 5.546867170791755, 'fuel_k': 3.6992394681929337, 'fuel_half': 0.14319038307687884}.
[I 2026-06-11 01:13:30,768] Trial 1107 finished with values: [-0.7793135589783148, 0.15158264623157458] and parameters: {'k1': 0.09738633019266786, 'D_low': 4.484744524732794, 'k2': 0.03865036856259725, 'D_high': 1024.9816559563214, 'fire_exp': 1.591671544437082, 'P_half': 151.39365555347075, 'pre_dampen_half': 502.5175192217655, 'gpp_af': 0.005618069878716736, 'gpp_b': 0.00012118589392553798, 'gpp_d': 2.8006820077310213, 'ign_k': 0.5131654955148326, 'ign_c': 0.1864976860001822, 'trop_agb_crit': 9.879645484210656, 'trop_k_veg': 4.599337386928772, 'fuel_k': 0.05597555634027867, 'fuel_half': 10.06119804781128}.
[I 2026-06-11 01:13:32,205] Trial 1108 finished with values: [10.550632402992388, 10.550632402992388] and parameters: {'k1': 0.004312951023617458, 'D_low': 678.1728339039852, 'k2': 0.03865036856259725, 'D_high': 1058.1992548039145, 'fire_exp': 1.144329066180296, 'P_half': 343.5759946100352, 'pre_dampen_half': 502.5175192217655, 'gpp_af': 0.008562341633595545, 'gpp_b': 0.00012118589392553798, 'gpp_d': 34.97224310873812, 'ign_k': 0.5131654955148326, 'ign_c': 0.11650681118986138, 'trop_agb_crit': 9.879645484210656, 'trop_k_veg': 6.389513706190939, 'fuel_k': 0.5964469943278032, 'fuel_half': 2.9236782115513154}.
[I 2026-06-11 01:13:33,600] Trial 1109 finished with values: [-0.78368108792062, 0.18550761613990452] and parameters: {'k1': 0.05233480488540085, 'D_low': 98.98117700885537, 'k2': 0.011469197890812934, 'D_high': 1024.9816559563214, 'fire_exp': 1.1258453832483524, 'P_half': 220.3445560633069, 'pre_dampen_half': 502.5175192217655, 'gpp_af': 0.015769192447197523, 'gpp_b': 3.228689523591491e-05, 'gpp_d': 2.8006820077310213, 'ign_k': 8.761971101023693, 'ign_c': 0.9294394155644988, 'trop_agb_crit': 9.836162684900028, 'trop_k_veg': 4.599337386928772, 'fuel_k': 4.680936683972861, 'fuel_half': 52.00581729114123}.
[I 2026-06-11 01:13:35,025] Trial 1110 finished with values: [-0.8128464571101222, 0.2282223022477693] and parameters: {'k1': 0.09738633019266786, 'D_low': 98.98117700885537, 'k2': 0.011469197890812934, 'D_high': 1390.2686711035008, 'fire_exp': 1.2310899049053081, 'P_half': 10.226988730324324, 'pre_dampen_half': 502.5175192217655, 'gpp_af': 0.008562341633595545, 'gpp_b': 0.00010318352929732131, 'gpp_d': 2.8006820077310213, 'ign_k': 0.5131654955148326, 'ign_c': 0.11650681118986138, 'trop_agb_crit': 5.881906289439389, 'trop_k_veg': 4.599337386928772, 'fuel_k': 0.05597555634027867, 'fuel_half': 52.00581729114123}.
[I 2026-06-11 01:13:36,563] Trial 1111 finished with values: [-0.8186346933978279, 0.19186675418687937] and parameters: {'k1': 0.05233480488540085, 'D_low': 98.98117700885537, 'k2': 0.011469197890812934, 'D_high': 1024.9816559563214, 'fire_exp': 1.1258453832483524, 'P_half': 149.33199578396216, 'pre_dampen_half': 502.5175192217655, 'gpp_af': 0.015769192447197523, 'gpp_b': 0.00012118589392553798, 'gpp_d': 2.8006820077310213, 'ign_k': 8.761971101023693, 'ign_c': 0.9294394155644988, 'trop_agb_crit': 5.881906289439389, 'trop_k_veg': 4.599337386928772, 'fuel_k': 4.680936683972861, 'fuel_half': 7.860326410149304}.
[I 2026-06-11 01:13:38,074] Trial 1112 finished with values: [-0.8099223773131321, 0.18348055786306539] and parameters: {'k1': 0.05233480488540085, 'D_low': 98.98117700885537, 'k2': 0.03865036856259725, 'D_high': 1024.9816559563214, 'fire_exp': 1.0881360604103363, 'P_half': 10.226988730324324, 'pre_dampen_half': 502.5175192217655, 'gpp_af': 0.005618069878716736, 'gpp_b': 0.00012118589392553798, 'gpp_d': 2.8006820077310213, 'ign_k': 0.5131654955148326, 'ign_c': 0.11650681118986138, 'trop_agb_crit': 5.881906289439389, 'trop_k_veg': 4.599337386928772, 'fuel_k': 4.105340853253455, 'fuel_half': 52.00581729114123}.
[I 2026-06-11 01:13:39,443] Trial 1113 finished with values: [10.267217595201672, 10.267217595201672] and parameters: {'k1': 0.09738633019266786, 'D_low': 98.98117700885537, 'k2': 0.03865036856259725, 'D_high': 1024.9816559563214, 'fire_exp': 1.1258453832483524, 'P_half': 1327.5361137191958, 'pre_dampen_half': 502.5175192217655, 'gpp_af': 0.008562341633595545, 'gpp_b': 7.402343469704428e-05, 'gpp_d': 2.8006820077310213, 'ign_k': 8.761971101023693, 'ign_c': 0.11650681118986138, 'trop_agb_crit': 5.881906289439389, 'trop_k_veg': 5.546867170791755, 'fuel_k': 4.680936683972861, 'fuel_half': 15.29850686893745}.
[I 2026-06-11 01:13:40,875] Trial 1114 finished with values: [-0.7777639050396952, 0.14819002877783682] and parameters: {'k1': 0.09738633019266786, 'D_low': 174.83983085324363, 'k2': 0.011469197890812934, 'D_high': 1024.9816559563214, 'fire_exp': 1.2070502372556005, 'P_half': 10.226988730324324, 'pre_dampen_half': 502.5175192217655, 'gpp_af': 0.008562341633595545, 'gpp_b': 0.00012118589392553798, 'gpp_d': 2.8006820077310213, 'ign_k': 4.591485216740537, 'ign_c': 0.11650681118986138, 'trop_agb_crit': 9.879645484210656, 'trop_k_veg': 7.359706248396124, 'fuel_k': 0.05597555634027867, 'fuel_half': 15.29850686893745}.
[I 2026-06-11 01:13:42,864] Trial 1115 finished with values: [-0.8192138139573082, 0.28967717339988286] and parameters: {'k1': 0.09738633019266786, 'D_low': 98.98117700885537, 'k2': 0.03865036856259725, 'D_high': 1390.2686711035008, 'fire_exp': 1.1258453832483524, 'P_half': 16.051347487097576, 'pre_dampen_half': 502.5175192217655, 'gpp_af': 0.015769192447197523, 'gpp_b': 0.00012118589392553798, 'gpp_d': 314.6826989726468, 'ign_k': 8.761971101023693, 'ign_c': 15.221840161091626, 'trop_agb_crit': 24.584290528289387, 'trop_k_veg': 4.1309639246402785, 'fuel_k': 0.18759812799043146, 'fuel_half': 10.06119804781128}.
[I 2026-06-11 01:13:44,414] Trial 1116 finished with values: [10.272596300618213, 10.272596300618213] and parameters: {'k1': 0.05233480488540085, 'D_low': 98.98117700885537, 'k2': 0.011469197890812934, 'D_high': 1024.9816559563214, 'fire_exp': 1.1258453832483524, 'P_half': 16.051347487097576, 'pre_dampen_half': 502.5175192217655, 'gpp_af': 0.008562341633595545, 'gpp_b': 0.00010318352929732131, 'gpp_d': 2.6514377522418138, 'ign_k': 0.004603606140283047, 'ign_c': 0.11650681118986138, 'trop_agb_crit': 9.879645484210656, 'trop_k_veg': 7.359706248396124, 'fuel_k': 0.05597555634027867, 'fuel_half': 15.29850686893745}.
[I 2026-06-11 01:13:45,965] Trial 1117 finished with values: [10.49018158984834, 10.49018158984834] and parameters: {'k1': 0.006587536748686894, 'D_low': 4.484744524732794, 'k2': 0.03865036856259725, 'D_high': 1390.2686711035008, 'fire_exp': 8.824663358577489, 'P_half': 16.051347487097576, 'pre_dampen_half': 502.5175192217655, 'gpp_af': 0.015769192447197523, 'gpp_b': 0.00012118589392553798, 'gpp_d': 2.8006820077310213, 'ign_k': 8.761971101023693, 'ign_c': 0.11650681118986138, 'trop_agb_crit': 24.584290528289387, 'trop_k_veg': 4.599337386928772, 'fuel_k': 0.05597555634027867, 'fuel_half': 10.06119804781128}.
[I 2026-06-11 01:13:47,314] Trial 1118 finished with values: [-0.8261951874825904, 0.22639879974257182] and parameters: {'k1': 0.09738633019266786, 'D_low': 98.98117700885537, 'k2': 0.011469197890812934, 'D_high': 1390.2686711035008, 'fire_exp': 1.1258453832483524, 'P_half': 220.3445560633069, 'pre_dampen_half': 502.5175192217655, 'gpp_af': 0.015769192447197523, 'gpp_b': 7.402343469704428e-05, 'gpp_d': 2.8006820077310213, 'ign_k': 0.5131654955148326, 'ign_c': 0.9294394155644988, 'trop_agb_crit': 5.707205898008383, 'trop_k_veg': 4.1309639246402785, 'fuel_k': 2.2980535316449786, 'fuel_half': 2.9236782115513154}.
[I 2026-06-11 01:13:48,668] Trial 1119 finished with values: [-0.8052415562065705, 0.1979104393482013] and parameters: {'k1': 0.09738633019266786, 'D_low': 11.138398071670313, 'k2': 0.011469197890812934, 'D_high': 1024.9816559563214, 'fire_exp': 1.1258453832483524, 'P_half': 220.3445560633069, 'pre_dampen_half': 502.5175192217655, 'gpp_af': 0.015769192447197523, 'gpp_b': 0.00012118589392553798, 'gpp_d': 1.2771451735248283, 'ign_k': 8.761971101023693, 'ign_c': 0.11650681118986138, 'trop_agb_crit': 6.1198430581046965, 'trop_k_veg': 4.599337386928772, 'fuel_k': 4.680936683972861, 'fuel_half': 27.4762346187747}.
