[I 2026-07-25 00:37:28,016] Trial 1047 finished with value: 0.5357234076825612 and parameters: {'k1': 0.0824169432222801, 'D_low': 2826.4023565303883, 'k2': 0.00012971862827613223, 'D_high': 24506.820362809667, 'fire_exp': 2.0109393211904445, 'P_half': 723.9969731013864, 'pre_dampen_half': 10.291966540346925, 'gpp_af': 0.0030966595765490297, 'gpp_b': 2.0760772407611532e-05, 'gpp_d': 433.0421525317859, 'ign_k': 0.020470046964758647, 'ign_c': 0.5940751738255219, 'trop_agb_crit': 16.945146086014734, 'trop_k_veg': 1.0841654699120424, 'gdp_gamma': 0.8847616682162693, 'cure_k': 0.01204127172025346, 'cure_p_min': 183.2738053488722, 'cure_gpp_ref': 0.34128578567993123, 'cure_agb_crit': 1.0109025245856136, 'fuel_k': 0.1775537856266569, 'fuel_half': 22.327093389185137}. Best is trial 577 with value: -0.629883323094065.
[I 2026-07-25 00:37:28,514] Trial 1048 finished with value: -0.520819370485415 and parameters: {'k1': 0.0054902389141723695, 'D_low': 4236.856262060331, 'k2': 0.0014542546892547053, 'D_high': 77433.34856459437, 'fire_exp': 1.0443956425051864, 'P_half': 574.0404473811644, 'pre_dampen_half': 0.023023185901063704, 'gpp_af': 33.29293251597508, 'gpp_b': 2.516561241004637e-05, 'gpp_d': 20.343948949084233, 'ign_k': 0.05098648809498383, 'ign_c': 454.54774911382145, 'trop_agb_crit': 11.208089665856582, 'trop_k_veg': 4.160415530147072, 'gdp_gamma': 0.22243829613566682, 'cure_k': 0.2380797237958235, 'cure_p_min': 210.93978461525361, 'cure_gpp_ref': 0.5669249583698327, 'cure_agb_crit': 7.6925066090109775, 'fuel_k': 0.05051437410159565, 'fuel_half': 0.11393783167393574}. Best is trial 577 with value: -0.629883323094065.
[I 2026-07-25 00:37:28,977] Trial 1049 finished with value: 0.3943904161705456 and parameters: {'k1': 0.09047295168289357, 'D_low': 16.611653306273027, 'k2': 0.08233696724013634, 'D_high': 5869049.9394912105, 'fire_exp': 1.407640760568283, 'P_half': 1047.1822575462359, 'pre_dampen_half': 2.5634711681206035, 'gpp_af': 0.011634455712307982, 'gpp_b': 1.419904118835028e-05, 'gpp_d': 476.6411899281958, 'ign_k': 0.08396616996038006, 'ign_c': 1.088083899373632, 'trop_agb_crit': 25.250422225332883, 'trop_k_veg': 0.5290633291579286, 'gdp_gamma': 1.743393747261118, 'cure_k': 0.010850325205277593, 'cure_p_min': 321.140916350953, 'cure_gpp_ref': 1.3848673944405328, 'cure_agb_crit': 1.423741033620769, 'fuel_k': 0.08586179144466972, 'fuel_half': 17.53377667895604}. Best is trial 577 with value: -0.629883323094065.
[I 2026-07-25 00:37:29,438] Trial 1050 finished with value: 0.5421067452658235 and parameters: {'k1': 0.04807252351795629, 'D_low': 3.175676633565962, 'k2': 0.0002744757694607393, 'D_high': 1565203.9004635054, 'fire_exp': 2.066627888232015, 'P_half': 758.8777618752512, 'pre_dampen_half': 0.6073042712996737, 'gpp_af': 0.01969911695010926, 'gpp_b': 0.0025780908086026214, 'gpp_d': 956.7900434042082, 'ign_k': 0.015671776022963997, 'ign_c': 0.24297044151461045, 'trop_agb_crit': 29.229650144766392, 'trop_k_veg': 0.5462187532356894, 'gdp_gamma': 1.2371689614359291, 'cure_k': 0.001403792993603484, 'cure_p_min': 357.1546942065477, 'cure_gpp_ref': 1.05985158747169, 'cure_agb_crit': 1.2521050373049518, 'fuel_k': 0.14676000211631476, 'fuel_half': 79.87354802333603}. Best is trial 577 with value: -0.629883323094065.
[I 2026-07-25 00:37:29,899] Trial 1051 finished with value: 0.5812998854938758 and parameters: {'k1': 0.003925343666901029, 'D_low': 401.11022669467906, 'k2': 0.0031374041767897776, 'D_high': 1915641.8103506234, 'fire_exp': 1.2986967094529573, 'P_half': 2621.7332627276237, 'pre_dampen_half': 5.739006934978538, 'gpp_af': 0.0010899007775879155, 'gpp_b': 0.0007553438426243408, 'gpp_d': 142.40029731390982, 'ign_k': 0.005837992084646677, 'ign_c': 213.76493604959703, 'trop_agb_crit': 6.65213000093261, 'trop_k_veg': 1.147110076553426, 'gdp_gamma': 1.7347772833286081, 'cure_k': 0.0018688832851091956, 'cure_p_min': 157.00405455081685, 'cure_gpp_ref': 0.7909844917544586, 'cure_agb_crit': 3.4340783898651606, 'fuel_k': 0.03050834591316885, 'fuel_half': 70.94414465281181}. Best is trial 577 with value: -0.629883323094065.
[I 2026-07-25 00:37:30,355] Trial 1052 finished with value: 0.42839487296257706 and parameters: {'k1': 0.04646657171559936, 'D_low': 329.08105471122144, 'k2': 5.0226676667794175e-05, 'D_high': 8957287.512666047, 'fire_exp': 1.1129451345756742, 'P_half': 29.027568250207437, 'pre_dampen_half': 0.9480629567475362, 'gpp_af': 0.24218560636690006, 'gpp_b': 1.5164223057313684, 'gpp_d': 111.92985843418975, 'ign_k': 0.9517958116426111, 'ign_c': 4.39532658956571, 'trop_agb_crit': 23.854475373660325, 'trop_k_veg': 7.8762908956771085, 'gdp_gamma': 1.0792496492076966, 'cure_k': 0.03955903555960731, 'cure_p_min': 289.39129433388706, 'cure_gpp_ref': 1.1970561054585802, 'cure_agb_crit': 5.587448992838018, 'fuel_k': 0.021428743597469182, 'fuel_half': 0.6742803354726694}. Best is trial 577 with value: -0.629883323094065.
[I 2026-07-25 00:37:30,822] Trial 1053 finished with value: 0.54115188271576 and parameters: {'k1': 0.015902833231881842, 'D_low': 2142.172744941244, 'k2': 0.015360434400697023, 'D_high': 1720555.555426299, 'fire_exp': 1.0436863355722337, 'P_half': 7426.703122335475, 'pre_dampen_half': 5.803562879679395, 'gpp_af': 0.0026095167204435916, 'gpp_b': 0.0009806875017505676, 'gpp_d': 7.145957145560598, 'ign_k': 0.0011791649059075516, 'ign_c': 0.6614301325144207, 'trop_agb_crit': 9.645001058176739, 'trop_k_veg': 0.7783395793435578, 'gdp_gamma': 1.9028816498901349, 'cure_k': 0.011054989706710169, 'cure_p_min': 296.1133897620614, 'cure_gpp_ref': 0.2856349301770036, 'cure_agb_crit': 1.191689482137509, 'fuel_k': 0.5625206496292752, 'fuel_half': 93.1508638740772}. Best is trial 577 with value: -0.629883323094065.
[I 2026-07-25 00:37:31,287] Trial 1054 finished with value: 0.4212587512497261 and parameters: {'k1': 0.0066852764733740695, 'D_low': 278.57847177797413, 'k2': 0.0009234542740700388, 'D_high': 28801.567276322574, 'fire_exp': 1.1794172840396102, 'P_half': 10.464111783900977, 'pre_dampen_half': 2.4927607032573946, 'gpp_af': 0.3446304271153699, 'gpp_b': 0.010625572499845441, 'gpp_d': 94.8174401680751, 'ign_k': 0.007015027862802673, 'ign_c': 19.650433412701855, 'trop_agb_crit': 6.731986238951863, 'trop_k_veg': 7.1251513024362465, 'gdp_gamma': 0.5404314713864413, 'cure_k': 0.0010173061984199005, 'cure_p_min': 343.5067788908621, 'cure_gpp_ref': 1.2709434128755939, 'cure_agb_crit': 3.6381585051127168, 'fuel_k': 0.27241221635330765, 'fuel_half': 0.6841686722496176}. Best is trial 577 with value: -0.629883323094065.
[I 2026-07-25 00:37:31,746] Trial 1055 finished with value: -0.608738367285929 and parameters: {'k1': 4.778810899250184e-05, 'D_low': 803.8151462976548, 'k2': 0.00041624252491522776, 'D_high': 292362.34318834805, 'fire_exp': 1.3266725481848627, 'P_half': 73.25313924628146, 'pre_dampen_half': 0.3289461158177819, 'gpp_af': 0.034229436680336574, 'gpp_b': 0.012451869709914964, 'gpp_d': 14.53391569348806, 'ign_k': 0.3378897222670848, 'ign_c': 4.953456425927534, 'trop_agb_crit': 7.441184169865077, 'trop_k_veg': 3.4576821354376825, 'gdp_gamma': 1.0063946099823091, 'cure_k': 0.008048945760254004, 'cure_p_min': 389.6267867631192, 'cure_gpp_ref': 1.736436592252735, 'cure_agb_crit': 4.050444195423537, 'fuel_k': 0.4582582032871341, 'fuel_half': 0.5450530839121976}. Best is trial 577 with value: -0.629883323094065.
[I 2026-07-25 00:37:32,206] Trial 1056 finished with value: 0.500111800750733 and parameters: {'k1': 0.018266061115809674, 'D_low': 8.577131232217317, 'k2': 0.020650712402685373, 'D_high': 618532.5032431477, 'fire_exp': 1.4150683553041146, 'P_half': 1093.216964753127, 'pre_dampen_half': 38.77933354601159, 'gpp_af': 0.004025299638474703, 'gpp_b': 3.0387962751304405e-05, 'gpp_d': 34.8106298095838, 'ign_k': 0.007137999111527324, 'ign_c': 1.0471124848982325, 'trop_agb_crit': 18.57428440699475, 'trop_k_veg': 0.6695361095296319, 'gdp_gamma': 0.1534090921152872, 'cure_k': 0.018932209552356888, 'cure_p_min': 328.36921816401525, 'cure_gpp_ref': 0.2954309894262831, 'cure_agb_crit': 1.1601114153063314, 'fuel_k': 0.07330994432636248, 'fuel_half': 52.164684758866244}. Best is trial 577 with value: -0.629883323094065.
[I 2026-07-25 00:37:32,667] Trial 1057 finished with value: 0.4274280420527832 and parameters: {'k1': 0.0002244950851790968, 'D_low': 1296.4780793632783, 'k2': 1.1378781160835446e-05, 'D_high': 1999562.426822503, 'fire_exp': 2.092309612918601, 'P_half': 1.6894350697119243, 'pre_dampen_half': 4.684039380684453, 'gpp_af': 0.012436812010670628, 'gpp_b': 0.0017183761226306086, 'gpp_d': 14.776081933186497, 'ign_k': 1.6247888789136458, 'ign_c': 23.609208917125915, 'trop_agb_crit': 1.0100798641487747, 'trop_k_veg': 0.5517004079155869, 'gdp_gamma': 1.5168469187854523, 'cure_k': 0.15299451272719358, 'cure_p_min': 258.9996747995248, 'cure_gpp_ref': 0.09547029313835102, 'cure_agb_crit': 1.0579935276769825, 'fuel_k': 0.012212322052825216, 'fuel_half': 87.85046680761636}. Best is trial 577 with value: -0.629883323094065.
[I 2026-07-25 00:37:33,139] Trial 1058 finished with value: 0.5179302209036194 and parameters: {'k1': 0.030058779578320812, 'D_low': 69.1395831175219, 'k2': 0.003878879235253653, 'D_high': 5051043.4385999665, 'fire_exp': 1.486798279440657, 'P_half': 1880.748452583099, 'pre_dampen_half': 2.6447309011688667, 'gpp_af': 0.0016411665697649645, 'gpp_b': 4.380957179310184e-05, 'gpp_d': 120.58899393729156, 'ign_k': 0.002936450799340923, 'ign_c': 12.682427856096995, 'trop_agb_crit': 12.661101486794573, 'trop_k_veg': 0.8974758847574108, 'gdp_gamma': 0.6369312799194446, 'cure_k': 0.0011322439786498502, 'cure_p_min': 358.64583341256866, 'cure_gpp_ref': 0.40274245299853567, 'cure_agb_crit': 1.1359305577162275, 'fuel_k': 0.5059997922796474, 'fuel_half': 8.669408264889146}. Best is trial 577 with value: -0.629883323094065.
[I 2026-07-25 00:37:33,598] Trial 1059 finished with value: 0.6039413300117666 and parameters: {'k1': 1.727473335978309e-05, 'D_low': 142127.6581727744, 'k2': 0.001196316076922564, 'D_high': 70705.37222829208, 'fire_exp': 2.012372232910784, 'P_half': 27.327159433196545, 'pre_dampen_half': 0.01351361920173233, 'gpp_af': 0.004520398028576152, 'gpp_b': 0.005899908107950972, 'gpp_d': 2.099703314311086, 'ign_k': 1.0180720690189842, 'ign_c': 192.44816673766377, 'trop_agb_crit': 8.011721140498615, 'trop_k_veg': 4.729300552310102, 'gdp_gamma': 0.47142666449538373, 'cure_k': 0.0034307443437713173, 'cure_p_min': 268.02360886311385, 'cure_gpp_ref': 1.9807452261196326, 'cure_agb_crit': 4.493403512773909, 'fuel_k': 0.07491492673108704, 'fuel_half': 0.6951080701716362}. Best is trial 577 with value: -0.629883323094065.
[I 2026-07-25 00:37:34,056] Trial 1060 finished with value: 0.42721640406678196 and parameters: {'k1': 0.01640672101604679, 'D_low': 655.8529317093984, 'k2': 0.08478136735912235, 'D_high': 194308.04019911445, 'fire_exp': 2.025933788196323, 'P_half': 182.50634674960182, 'pre_dampen_half': 220.25999657936345, 'gpp_af': 0.03373391419326019, 'gpp_b': 0.00032173871283880287, 'gpp_d': 758.2264772761532, 'ign_k': 0.007254988754941751, 'ign_c': 10.066772569423073, 'trop_agb_crit': 5.330128572417645, 'trop_k_veg': 0.7859900174075681, 'gdp_gamma': 0.7919127506001159, 'cure_k': 0.0035279648735613398, 'cure_p_min': 131.5977338441996, 'cure_gpp_ref': 0.7106350952393068, 'cure_agb_crit': 6.33776913914411, 'fuel_k': 0.5633552035023647, 'fuel_half': 4.70671083190949}. Best is trial 577 with value: -0.629883323094065.
[I 2026-07-25 00:37:34,523] Trial 1061 finished with value: 0.5047658350555839 and parameters: {'k1': 0.00013883051395177434, 'D_low': 2265.6516534078396, 'k2': 4.9109305794588084e-05, 'D_high': 424234.58352578775, 'fire_exp': 1.9126487627784683, 'P_half': 271.64262834687025, 'pre_dampen_half': 0.1432350388945277, 'gpp_af': 0.0012229724593655052, 'gpp_b': 0.09241442543242015, 'gpp_d': 57.079270400740675, 'ign_k': 0.6610271273675447, 'ign_c': 0.6284080624340584, 'trop_agb_crit': 2.3613008480271462, 'trop_k_veg': 2.224680431760858, 'gdp_gamma': 0.874856637949393, 'cure_k': 0.04998073942038894, 'cure_p_min': 330.52604134318744, 'cure_gpp_ref': 1.2612053649866712, 'cure_agb_crit': 2.7165130754029994, 'fuel_k': 0.49097386330059134, 'fuel_half': 0.15146995157055518}. Best is trial 577 with value: -0.629883323094065.
[I 2026-07-25 00:37:34,985] Trial 1062 finished with value: 0.6053076553171732 and parameters: {'k1': 8.174252315762492e-05, 'D_low': 784.0288408783347, 'k2': 4.461540635382155e-05, 'D_high': 869508.6210833417, 'fire_exp': 1.166960704969005, 'P_half': 10.94178042654849, 'pre_dampen_half': 0.036960882174261196, 'gpp_af': 0.006612041241745725, 'gpp_b': 2.2064503386284544, 'gpp_d': 0.428476425559237, 'ign_k': 2.952313125753558, 'ign_c': 59.6018715192772, 'trop_agb_crit': 10.75571788127965, 'trop_k_veg': 5.154331353572368, 'gdp_gamma': 0.07267208030287901, 'cure_k': 0.0015372538400527432, 'cure_p_min': 334.60831418814854, 'cure_gpp_ref': 0.5129251989589294, 'cure_agb_crit': 2.98631529933059, 'fuel_k': 2.0265825739587267, 'fuel_half': 0.5603819713547926}. Best is trial 577 with value: -0.629883323094065.
[I 2026-07-25 00:37:35,439] Trial 1063 finished with value: 0.49172092939523737 and parameters: {'k1': 0.0007131632790027804, 'D_low': 1876.8729796844373, 'k2': 0.0001751146546994552, 'D_high': 318244.3756486615, 'fire_exp': 1.3482647029620691, 'P_half': 2788.5224619119354, 'pre_dampen_half': 5.144304403324282, 'gpp_af': 0.12045149738402991, 'gpp_b': 0.12028513368412072, 'gpp_d': 4.796517363037821, 'ign_k': 0.6985717616379163, 'ign_c': 3.863793431124489, 'trop_agb_crit': 11.960492280129571, 'trop_k_veg': 2.1479963103778354, 'gdp_gamma': 1.6859386565438672, 'cure_k': 0.00676198271131104, 'cure_p_min': 264.9784906820965, 'cure_gpp_ref': 1.14143587642055, 'cure_agb_crit': 3.544588839015592, 'fuel_k': 0.04669988411662254, 'fuel_half': 1.7515269915862761}. Best is trial 577 with value: -0.629883323094065.
[I 2026-07-25 00:37:35,898] Trial 1064 finished with value: 0.37610556068558754 and parameters: {'k1': 0.0017315921875361074, 'D_low': 8.479582427136169, 'k2': 0.06451273358169725, 'D_high': 667621.5683090518, 'fire_exp': 1.922235085755345, 'P_half': 192.90158803715897, 'pre_dampen_half': 25.678685829093883, 'gpp_af': 1.23186896316071, 'gpp_b': 0.006455942065220786, 'gpp_d': 642.9192632044146, 'ign_k': 0.005527804061437849, 'ign_c': 0.9209151313381915, 'trop_agb_crit': 10.471847198553005, 'trop_k_veg': 1.2140995046168424, 'gdp_gamma': 0.5398873010032174, 'cure_k': 0.005580422392133206, 'cure_p_min': 86.76583084535307, 'cure_gpp_ref': 0.0676835973759659, 'cure_agb_crit': 1.0288332923886507, 'fuel_k': 0.4060275163500601, 'fuel_half': 16.005766081676953}. Best is trial 577 with value: -0.629883323094065.
[I 2026-07-25 00:37:36,359] Trial 1065 finished with value: 0.455258599474039 and parameters: {'k1': 5.331397293149441e-05, 'D_low': 2126.847783906106, 'k2': 2.458213663955437e-05, 'D_high': 44218.16158142769, 'fire_exp': 1.9199284645940615, 'P_half': 325.98406675089996, 'pre_dampen_half': 0.015283365547035228, 'gpp_af': 0.042629583270072616, 'gpp_b': 0.00044880228687748763, 'gpp_d': 222.8944070465677, 'ign_k': 0.05092389189969459, 'ign_c': 5.242939643454064, 'trop_agb_crit': 9.443794365401976, 'trop_k_veg': 6.6213009912912915, 'gdp_gamma': 0.7771337943844353, 'cure_k': 0.06291833062697401, 'cure_p_min': 319.0028872020717, 'cure_gpp_ref': 1.8977597517749942, 'cure_agb_crit': 6.026152656627417, 'fuel_k': 0.47383606987087884, 'fuel_half': 0.15998385714075053}. Best is trial 577 with value: -0.629883323094065.
[I 2026-07-25 00:37:36,817] Trial 1066 finished with value: 0.5791617695534927 and parameters: {'k1': 0.06660518333554405, 'D_low': 76.61006773988012, 'k2': 0.007213058702001505, 'D_high': 7830114.3207264785, 'fire_exp': 2.1445610342791177, 'P_half': 4986.56041518958, 'pre_dampen_half': 0.9648454131683547, 'gpp_af': 0.0026557303395684686, 'gpp_b': 5.39498945020743e-05, 'gpp_d': 411.2482855781572, 'ign_k': 0.004741290158957494, 'ign_c': 3.3440662800726897, 'trop_agb_crit': 24.599160815029826, 'trop_k_veg': 1.0681949513863773, 'gdp_gamma': 0.7443779551594428, 'cure_k': 0.003279108829354987, 'cure_p_min': 181.01200838657616, 'cure_gpp_ref': 0.6676346629215728, 'cure_agb_crit': 1.4956473240073427, 'fuel_k': 0.015597156390791183, 'fuel_half': 30.007503329516567}. Best is trial 577 with value: -0.629883323094065.
[I 2026-07-25 00:37:37,386] Trial 1067 finished with value: 0.5633791229923094 and parameters: {'k1': 0.02075856105606081, 'D_low': 120.0156052864562, 'k2': 0.006202043385000123, 'D_high': 1100213.8302410054, 'fire_exp': 1.4905385784181582, 'P_half': 3529.429478042095, 'pre_dampen_half': 4.580242714228211, 'gpp_af': 0.0010714890422774987, 'gpp_b': 1.0288750226423769e-05, 'gpp_d': 40.189326898797454, 'ign_k': 0.05262455733773786, 'ign_c': 0.3621453185571629, 'trop_agb_crit': 29.27696858356439, 'trop_k_veg': 1.2882684464015157, 'gdp_gamma': 0.08788942174602372, 'cure_k': 0.0010511434711460647, 'cure_p_min': 319.2812158886787, 'cure_gpp_ref': 0.39641995445364825, 'cure_agb_crit': 1.0533365461417328, 'fuel_k': 0.01660759863910509, 'fuel_half': 44.14803147043639}. Best is trial 577 with value: -0.629883323094065.
[I 2026-07-25 00:37:37,844] Trial 1068 finished with value: 0.5882636705550552 and parameters: {'k1': 1.1420302889990894e-05, 'D_low': 23747.772876590345, 'k2': 0.00023217091812555266, 'D_high': 89847.39095968765, 'fire_exp': 1.719828311336647, 'P_half': 255.49209649533307, 'pre_dampen_half': 0.18474634174470772, 'gpp_af': 0.007443251058522622, 'gpp_b': 0.05069361859136434, 'gpp_d': 0.7695662247833588, 'ign_k': 2.2880078723981554, 'ign_c': 0.39912380553050497, 'trop_agb_crit': 6.718521755378341, 'trop_k_veg': 5.522479967141318, 'gdp_gamma': 0.2689419807325826, 'cure_k': 0.02248864396079566, 'cure_p_min': 395.86897704800884, 'cure_gpp_ref': 1.2847129746765713, 'cure_agb_crit': 4.601992932390267, 'fuel_k': 0.6432033617523141, 'fuel_half': 1.4893226535247612}. Best is trial 577 with value: -0.629883323094065.
[I 2026-07-25 00:37:38,304] Trial 1069 finished with value: 0.470029028999601 and parameters: {'k1': 0.02622666821573102, 'D_low': 160.51126363413945, 'k2': 0.07086867695387047, 'D_high': 34831.85978409915, 'fire_exp': 2.8983538361681007, 'P_half': 128.67844665365013, 'pre_dampen_half': 723.1854022340424, 'gpp_af': 0.019611841252456783, 'gpp_b': 1.5902496358041225e-05, 'gpp_d': 177.7201065226935, 'ign_k': 0.0011493372269354722, 'ign_c': 73.82056391432546, 'trop_agb_crit': 22.513459767648282, 'trop_k_veg': 0.5758967801911664, 'gdp_gamma': 0.974707285053588, 'cure_k': 0.0036746276815865756, 'cure_p_min': 266.1161178911601, 'cure_gpp_ref': 0.19585237976874958, 'cure_agb_crit': 2.954432123682631, 'fuel_k': 0.25775397733337035, 'fuel_half': 93.9263435671424}. Best is trial 577 with value: -0.629883323094065.
[I 2026-07-25 00:37:38,781] Trial 1070 finished with value: 0.6007454964417892 and parameters: {'k1': 6.90490461266102e-05, 'D_low': 6136.9363140076375, 'k2': 0.00017292396117707837, 'D_high': 13155.723392287358, 'fire_exp': 1.564207815164987, 'P_half': 126.82079851646799, 'pre_dampen_half': 3.1766836054438214, 'gpp_af': 0.24980265113580533, 'gpp_b': 0.005194374877818826, 'gpp_d': 0.9893022637500354, 'ign_k': 7.395832524023379, 'ign_c': 53.30426282540193, 'trop_agb_crit': 7.266343103436382, 'trop_k_veg': 3.0824266744041937, 'gdp_gamma': 1.8624166696041844, 'cure_k': 0.005792921125033107, 'cure_p_min': 322.25894615445316, 'cure_gpp_ref': 1.310044660505739, 'cure_agb_crit': 4.464675988304553, 'fuel_k': 0.2515927333803335, 'fuel_half': 0.27537584930040615}. Best is trial 577 with value: -0.629883323094065.
[I 2026-07-25 00:37:39,275] Trial 1071 finished with value: 0.5951635746862706 and parameters: {'k1': 1.876841217502853e-05, 'D_low': 276.202618269047, 'k2': 4.434790943237815e-05, 'D_high': 957212.7118665081, 'fire_exp': 1.863355431119151, 'P_half': 854.4064902101127, 'pre_dampen_half': 0.25187945373653525, 'gpp_af': 0.005126899759451677, 'gpp_b': 0.8722122661904294, 'gpp_d': 1.344125467246129, 'ign_k': 0.7865344659890543, 'ign_c': 17.0175226511426, 'trop_agb_crit': 11.801479115436612, 'trop_k_veg': 1.469841993349382, 'gdp_gamma': 0.22858686228205016, 'cure_k': 0.019528917755515126, 'cure_p_min': 364.5799642258643, 'cure_gpp_ref': 0.7410041458613987, 'cure_agb_crit': 5.332806391530825, 'fuel_k': 0.3926612521059187, 'fuel_half': 0.3529957091668141}. Best is trial 577 with value: -0.629883323094065.
[I 2026-07-25 00:37:39,735] Trial 1072 finished with value: 0.5550859168233283 and parameters: {'k1': 0.0007929626806853687, 'D_low': 177.8662091154328, 'k2': 0.0064856833242276654, 'D_high': 311688.5533273491, 'fire_exp': 1.103746866091397, 'P_half': 33.045282513571955, 'pre_dampen_half': 0.19849991887165222, 'gpp_af': 0.03247891588650175, 'gpp_b': 0.012813089405935608, 'gpp_d': 184.45925062189585, 'ign_k': 0.002582561661035643, 'ign_c': 0.7575977013275921, 'trop_agb_crit': 6.9010637665385435, 'trop_k_veg': 1.0468867507178066, 'gdp_gamma': 0.10626096452973743, 'cure_k': 0.003106145996176823, 'cure_p_min': 105.87915519704576, 'cure_gpp_ref': 0.08738089930314129, 'cure_agb_crit': 3.003306480628584, 'fuel_k': 0.012151329630530526, 'fuel_half': 13.513388622509266}. Best is trial 577 with value: -0.629883323094065.
