[I 2026-06-08 12:14:03,802] Trial 273 finished with values: [10.489983514892018, 10.489983514892018] and parameters: {'k1': 0.004312951023617458, 'D_low': 7.46475488144212, 'k2': 1.915468390724633e-05, 'D_high': 1578.0309954142967, 'fire_exp': 1.0629462657398439, 'P_half': 220.3445560633069, 'pre_dampen_half': 502.5175192217655, 'gpp_af': 0.7539992074650279, 'gpp_b': 1.3289448722869181e-05, 'gpp_d': 16.460426816350523, 'ign_k': 0.0680787482656459, 'ign_c': 0.70689749506246, 'trop_agb_crit': 7.500118950416987, 'trop_k_veg': 1.4584243470991722}.
[I 2026-06-08 12:14:05,894] Trial 274 finished with values: [10.85487337215673, 10.85487337215673] and parameters: {'k1': 0.008912611835817005, 'D_low': 355.00125258511594, 'k2': 0.03538758864779238, 'D_high': 645.2946500764235, 'fire_exp': 1.3170256885255098, 'P_half': 5.076307782729897, 'pre_dampen_half': 63.6685916079943, 'gpp_af': 56.20900787064881, 'gpp_b': 1.3289448722869181e-05, 'gpp_d': 0.17061223263518377, 'ign_k': 2.1368329072358767, 'ign_c': 5.13055176058983, 'trop_agb_crit': 1.0903028125370984, 'trop_k_veg': 0.83140195149031}.
[I 2026-06-08 12:14:07,828] Trial 275 finished with values: [10.531730238029466, 10.531730238029466] and parameters: {'k1': 0.004312951023617458, 'D_low': 1397.5908789482219, 'k2': 1.6991629902581918e-05, 'D_high': 1578.0309954142967, 'fire_exp': 1.423480109671474, 'P_half': 221.2683656611821, 'pre_dampen_half': 502.5175192217655, 'gpp_af': 0.7539992074650279, 'gpp_b': 3.481277316673104e-05, 'gpp_d': 229.41380323183625, 'ign_k': 5.351470428717437, 'ign_c': 0.9580682294110432, 'trop_agb_crit': 1.14876138417489, 'trop_k_veg': 1.4584243470991722}.
[I 2026-06-08 12:14:09,745] Trial 276 finished with values: [10.827496127721634, 10.827496127721634] and parameters: {'k1': 0.04669327135003539, 'D_low': 984.098934375832, 'k2': 1.1065812688893481e-05, 'D_high': 1578.0309954142967, 'fire_exp': 1.1430983876313219, 'P_half': 4.213183643253957, 'pre_dampen_half': 0.2888838362365318, 'gpp_af': 1.9706963379095486, 'gpp_b': 1.3289448722869181e-05, 'gpp_d': 1.6983565276584263, 'ign_k': 0.0018256829646330853, 'ign_c': 0.70689749506246, 'trop_agb_crit': 2.9222815721218716, 'trop_k_veg': 0.83140195149031}.
[I 2026-06-08 12:14:11,677] Trial 277 finished with values: [-0.5268459125115845, 0.181387916687194] and parameters: {'k1': 0.008287522363768155, 'D_low': 355.00125258511594, 'k2': 0.0012040762895973265, 'D_high': 42210.21267871043, 'fire_exp': 1.3170256885255098, 'P_half': 4.213183643253957, 'pre_dampen_half': 63.6685916079943, 'gpp_af': 0.2204465010099918, 'gpp_b': 0.0021331409710300844, 'gpp_d': 2.944272359149677, 'ign_k': 0.0680787482656459, 'ign_c': 5.13055176058983, 'trop_agb_crit': 24.584290528289387, 'trop_k_veg': 2.520089655463604}.
[I 2026-06-08 12:14:13,963] Trial 278 finished with values: [10.144132097895598, 10.144132097895598] and parameters: {'k1': 0.008471801418819975, 'D_low': 2.143851363193517, 'k2': 0.012758211164590085, 'D_high': 2940.51756322311, 'fire_exp': 1.0601964743503993, 'P_half': 56.22114524476698, 'pre_dampen_half': 107.40052367919465, 'gpp_af': 0.1476584299248268, 'gpp_b': 3.43926796010005e-05, 'gpp_d': 10.369565216756202, 'ign_k': 8.708806168038567, 'ign_c': 20.03995359361212, 'trop_agb_crit': 3.5747129226002423, 'trop_k_veg': 0.83140195149031}.
[I 2026-06-08 12:14:15,929] Trial 279 finished with values: [10.642608122255503, 10.642608122255503] and parameters: {'k1': 0.004312951023617458, 'D_low': 4.484744524732794, 'k2': 1.1065812688893481e-05, 'D_high': 3712.591045287726, 'fire_exp': 2.61565689708108, 'P_half': 220.3445560633069, 'pre_dampen_half': 502.5175192217655, 'gpp_af': 1.9706963379095486, 'gpp_b': 1.3289448722869181e-05, 'gpp_d': 29.749683811098393, 'ign_k': 2.1368329072358767, 'ign_c': 0.70689749506246, 'trop_agb_crit': 7.500118950416987, 'trop_k_veg': 1.4584243470991722}.
[I 2026-06-08 12:14:17,650] Trial 280 finished with values: [10.434955433221115, 10.434955433221115] and parameters: {'k1': 2.316457903103837e-05, 'D_low': 40.12413353131991, 'k2': 0.032845299795769424, 'D_high': 2940.51756322311, 'fire_exp': 1.423480109671474, 'P_half': 140.74279366401683, 'pre_dampen_half': 107.40052367919465, 'gpp_af': 0.1476584299248268, 'gpp_b': 0.0005752434266899163, 'gpp_d': 229.41380323183625, 'ign_k': 8.708806168038567, 'ign_c': 20.03995359361212, 'trop_agb_crit': 3.5747129226002423, 'trop_k_veg': 3.49157152291552}.
[I 2026-06-08 12:14:18,822] Trial 281 finished with values: [10.712459050586988, 10.712459050586988] and parameters: {'k1': 0.004312951023617458, 'D_low': 4.484744524732794, 'k2': 0.015763894361785387, 'D_high': 3712.591045287726, 'fire_exp': 1.0629462657398439, 'P_half': 220.3445560633069, 'pre_dampen_half': 502.5175192217655, 'gpp_af': 0.7539992074650279, 'gpp_b': 0.0021331409710300844, 'gpp_d': 29.749683811098393, 'ign_k': 0.010167079878196114, 'ign_c': 15.221840161091626, 'trop_agb_crit': 24.584290528289387, 'trop_k_veg': 1.4584243470991722}.
[I 2026-06-08 12:14:20,038] Trial 282 finished with values: [10.191139187635663, 10.191139187635663] and parameters: {'k1': 0.002155595057104387, 'D_low': 1.9977959434035766, 'k2': 0.0007047307383115598, 'D_high': 61536.58035691648, 'fire_exp': 1.3170256885255098, 'P_half': 221.2683656611821, 'pre_dampen_half': 63.6685916079943, 'gpp_af': 3.4702669886504163, 'gpp_b': 0.01777482313117792, 'gpp_d': 229.41380323183625, 'ign_k': 8.926311370835233, 'ign_c': 5.13055176058983, 'trop_agb_crit': 24.80219492452611, 'trop_k_veg': 0.83140195149031}.
[I 2026-06-08 12:14:21,298] Trial 283 finished with values: [10.151659536397391, 10.151659536397391] and parameters: {'k1': 0.004312951023617458, 'D_low': 4.484744524732794, 'k2': 8.923807143379776e-05, 'D_high': 42.070539502879384, 'fire_exp': 1.0629462657398439, 'P_half': 220.3445560633069, 'pre_dampen_half': 502.5175192217655, 'gpp_af': 0.7539992074650279, 'gpp_b': 3.481277316673104e-05, 'gpp_d': 10.369565216756202, 'ign_k': 0.0680787482656459, 'ign_c': 0.70689749506246, 'trop_agb_crit': 1.14876138417489, 'trop_k_veg': 1.4584243470991722}.
[I 2026-06-08 12:14:22,558] Trial 284 finished with values: [10.12445747709209, 10.12445747709209] and parameters: {'k1': 0.06598741607403362, 'D_low': 1228.2126524008484, 'k2': 0.0003432139136241583, 'D_high': 60107.420288647554, 'fire_exp': 1.0601964743503993, 'P_half': 4.213183643253957, 'pre_dampen_half': 241.69519319206728, 'gpp_af': 6.155035361040188, 'gpp_b': 1.220003093173824e-05, 'gpp_d': 0.4726373877250429, 'ign_k': 0.0680787482656459, 'ign_c': 0.14551749476072262, 'trop_agb_crit': 10.965064494899984, 'trop_k_veg': 3.517697529584014}.
[I 2026-06-08 12:14:23,694] Trial 285 finished with values: [10.155953635788233, 10.155953635788233] and parameters: {'k1': 0.004312951023617458, 'D_low': 4.484744524732794, 'k2': 0.03538758864779238, 'D_high': 3712.591045287726, 'fire_exp': 1.3170256885255098, 'P_half': 220.3445560633069, 'pre_dampen_half': 552.4163637315892, 'gpp_af': 0.7539992074650279, 'gpp_b': 0.14577755664212386, 'gpp_d': 5.1715677287580455, 'ign_k': 0.010167079878196114, 'ign_c': 15.221840161091626, 'trop_agb_crit': 24.584290528289387, 'trop_k_veg': 1.4584243470991722}.
[I 2026-06-08 12:14:24,832] Trial 286 finished with values: [-0.4669572106956587, 0.3104980668130326] and parameters: {'k1': 0.004312951023617458, 'D_low': 77.31571570012609, 'k2': 8.923807143379776e-05, 'D_high': 783.2259769732478, 'fire_exp': 1.0629462657398439, 'P_half': 220.3445560633069, 'pre_dampen_half': 502.5175192217655, 'gpp_af': 1.200191344086032, 'gpp_b': 1.319554058182653e-05, 'gpp_d': 150.14555442537656, 'ign_k': 0.0315101491238403, 'ign_c': 7.4063809263110905, 'trop_agb_crit': 1.14876138417489, 'trop_k_veg': 1.4584243470991722}.
[I 2026-06-08 12:14:26,001] Trial 287 finished with values: [10.723433281693355, 10.723433281693355] and parameters: {'k1': 0.008912611835817005, 'D_low': 284.21405887320833, 'k2': 0.03538758864779238, 'D_high': 4316.517111160399, 'fire_exp': 1.3170256885255098, 'P_half': 587.6331101080223, 'pre_dampen_half': 38.00678588560607, 'gpp_af': 6.155035361040188, 'gpp_b': 1.4540386644083135e-05, 'gpp_d': 0.2204889335659561, 'ign_k': 0.0680787482656459, 'ign_c': 0.14551749476072262, 'trop_agb_crit': 1.0455434848969813, 'trop_k_veg': 3.1473758868965476}.
[I 2026-06-08 12:14:27,285] Trial 288 finished with values: [10.88177962835438, 10.88177962835438] and parameters: {'k1': 0.03635503353478365, 'D_low': 2.143851363193517, 'k2': 0.00025255166452944054, 'D_high': 2940.51756322311, 'fire_exp': 1.4690410989404576, 'P_half': 9218.802364707573, 'pre_dampen_half': 10.129197956845726, 'gpp_af': 0.05511595477601767, 'gpp_b': 0.0005752434266899163, 'gpp_d': 660.9129108295722, 'ign_k': 8.708806168038567, 'ign_c': 20.03995359361212, 'trop_agb_crit': 3.5747129226002423, 'trop_k_veg': 6.9782110227926815}.
[I 2026-06-08 12:14:28,504] Trial 289 finished with values: [10.762206343941758, 10.762206343941758] and parameters: {'k1': 0.00031134168041628584, 'D_low': 8.446694862290624, 'k2': 0.003767022142229395, 'D_high': 431.45617043093523, 'fire_exp': 1.0601964743503993, 'P_half': 4.213183643253957, 'pre_dampen_half': 38.00678588560607, 'gpp_af': 1.9706963379095486, 'gpp_b': 1.4540386644083135e-05, 'gpp_d': 0.12878367369717508, 'ign_k': 0.00840038491455979, 'ign_c': 48.704711413416454, 'trop_agb_crit': 1.0693376406863295, 'trop_k_veg': 0.6673124511410327}.
[I 2026-06-08 12:14:29,638] Trial 290 finished with values: [10.07391061181304, 10.07391061181304] and parameters: {'k1': 0.012021930484915042, 'D_low': 77.31571570012609, 'k2': 0.0007047307383115598, 'D_high': 783.2259769732478, 'fire_exp': 1.1263716762638152, 'P_half': 54.37591736923918, 'pre_dampen_half': 502.5175192217655, 'gpp_af': 1.200191344086032, 'gpp_b': 1.5385046399532158e-05, 'gpp_d': 1.279742971294904, 'ign_k': 0.0315101491238403, 'ign_c': 1.9580595319750387, 'trop_agb_crit': 20.824968728078442, 'trop_k_veg': 1.0345878666211452}.
[I 2026-06-08 12:14:30,802] Trial 291 finished with values: [10.694314802094304, 10.694314802094304] and parameters: {'k1': 0.008287522363768155, 'D_low': 38.82837025280678, 'k2': 0.03538758864779238, 'D_high': 774.2116473996249, 'fire_exp': 1.695318866910499, 'P_half': 4.213183643253957, 'pre_dampen_half': 38.00678588560607, 'gpp_af': 1.6059727222314273, 'gpp_b': 0.42247700890263645, 'gpp_d': 5.1715677287580455, 'ign_k': 0.12329098365270515, 'ign_c': 5.13055176058983, 'trop_agb_crit': 1.0693376406863295, 'trop_k_veg': 3.1473758868965476}.
[I 2026-06-08 12:14:31,954] Trial 292 finished with values: [10.342550963877146, 10.342550963877146] and parameters: {'k1': 3.23559867820537e-05, 'D_low': 4.484744524732794, 'k2': 1.915468390724633e-05, 'D_high': 3712.591045287726, 'fire_exp': 1.0601964743503993, 'P_half': 4.213183643253957, 'pre_dampen_half': 107.40052367919465, 'gpp_af': 0.7539992074650279, 'gpp_b': 0.0054502936945582505, 'gpp_d': 5.1715677287580455, 'ign_k': 8.708806168038567, 'ign_c': 20.03995359361212, 'trop_agb_crit': 24.584290528289387, 'trop_k_veg': 6.2065960186008615}.
[I 2026-06-08 12:14:33,220] Trial 293 finished with values: [10.655993489302737, 10.655993489302737] and parameters: {'k1': 0.00488137519160367, 'D_low': 38.82837025280678, 'k2': 0.0012040762895973265, 'D_high': 8182.111518618414, 'fire_exp': 1.695318866910499, 'P_half': 140.74279366401683, 'pre_dampen_half': 8.594202650742222, 'gpp_af': 5.335773317316405, 'gpp_b': 6.369295096609023e-05, 'gpp_d': 229.41380323183625, 'ign_k': 0.010167079878196114, 'ign_c': 18.219343937475102, 'trop_agb_crit': 10.965064494899984, 'trop_k_veg': 3.49157152291552}.
[I 2026-06-08 12:14:34,397] Trial 294 finished with values: [10.568986948544186, 10.568986948544186] and parameters: {'k1': 1.4002277211577026e-05, 'D_low': 77.31571570012609, 'k2': 2.683416249684868e-05, 'D_high': 783.2259769732478, 'fire_exp': 1.4900535273878766, 'P_half': 54.37591736923918, 'pre_dampen_half': 502.5175192217655, 'gpp_af': 1.200191344086032, 'gpp_b': 1.319554058182653e-05, 'gpp_d': 1.279742971294904, 'ign_k': 5.901020135452, 'ign_c': 15.221840161091626, 'trop_agb_crit': 20.824968728078442, 'trop_k_veg': 5.905704303105107}.
[I 2026-06-08 12:14:35,594] Trial 295 finished with values: [10.881184799727238, 10.881184799727238] and parameters: {'k1': 3.23559867820537e-05, 'D_low': 40.12413353131991, 'k2': 0.0012040762895973265, 'D_high': 21.947742689197344, 'fire_exp': 1.695318866910499, 'P_half': 221.2683656611821, 'pre_dampen_half': 39.827466658711515, 'gpp_af': 0.10409127568994281, 'gpp_b': 0.07904599925873733, 'gpp_d': 5.1715677287580455, 'ign_k': 0.010167079878196114, 'ign_c': 30.28574109895626, 'trop_agb_crit': 7.901343398678964, 'trop_k_veg': 6.2065960186008615}.
[I 2026-06-08 12:14:36,731] Trial 296 finished with values: [10.802145909466473, 10.802145909466473] and parameters: {'k1': 0.008912611835817005, 'D_low': 7.299348683062307, 'k2': 0.0007047307383115598, 'D_high': 1123.9682517242118, 'fire_exp': 1.2918065501148304, 'P_half': 751.9407491506673, 'pre_dampen_half': 3.3841016089580034, 'gpp_af': 1.5386842469144075, 'gpp_b': 0.22727308251068193, 'gpp_d': 757.2868182332339, 'ign_k': 5.351470428717437, 'ign_c': 0.12510188850164433, 'trop_agb_crit': 12.647327018493208, 'trop_k_veg': 1.0594599158279707}.
[I 2026-06-08 12:14:37,954] Trial 297 finished with values: [10.864696202854287, 10.864696202854287] and parameters: {'k1': 2.316457903103837e-05, 'D_low': 520.4862686958022, 'k2': 0.014344484793173472, 'D_high': 774.2116473996249, 'fire_exp': 1.7008648718913113, 'P_half': 712.8188058401365, 'pre_dampen_half': 8.594202650742222, 'gpp_af': 0.6403036652671171, 'gpp_b': 7.210246166617508e-05, 'gpp_d': 4.25060659305504, 'ign_k': 0.01364908766641695, 'ign_c': 5.13055176058983, 'trop_agb_crit': 24.584290528289387, 'trop_k_veg': 0.8157008881455025}.
[I 2026-06-08 12:14:39,075] Trial 298 finished with values: [10.888101752473956, 10.888101752473956] and parameters: {'k1': 0.008287522363768155, 'D_low': 355.00125258511594, 'k2': 0.015763894361785387, 'D_high': 76.19822175388143, 'fire_exp': 1.1430983876313219, 'P_half': 221.2683656611821, 'pre_dampen_half': 10.129197956845726, 'gpp_af': 2.555721998081808, 'gpp_b': 0.0001314103502608067, 'gpp_d': 2.944272359149677, 'ign_k': 0.0680787482656459, 'ign_c': 5.13055176058983, 'trop_agb_crit': 2.9222815721218716, 'trop_k_veg': 0.6743482387129308}.
[I 2026-06-08 12:14:40,219] Trial 299 finished with values: [10.406725333571096, 10.406725333571096] and parameters: {'k1': 0.008912611835817005, 'D_low': 1313.2212275639863, 'k2': 1.915468390724633e-05, 'D_high': 3712.591045287726, 'fire_exp': 1.0629462657398439, 'P_half': 25.14786015817362, 'pre_dampen_half': 502.5175192217655, 'gpp_af': 0.7539992074650279, 'gpp_b': 0.0021331409710300844, 'gpp_d': 16.460426816350523, 'ign_k': 0.0680787482656459, 'ign_c': 0.8547476176667198, 'trop_agb_crit': 24.584290528289387, 'trop_k_veg': 0.586974895308737}.
[I 2026-06-08 12:14:41,357] Trial 300 finished with values: [10.481648543791142, 10.481648543791142] and parameters: {'k1': 0.01889771394135163, 'D_low': 2.143851363193517, 'k2': 1.1065812688893481e-05, 'D_high': 2940.51756322311, 'fire_exp': 1.0601964743503993, 'P_half': 56.22114524476698, 'pre_dampen_half': 10.129197956845726, 'gpp_af': 1.9706963379095486, 'gpp_b': 0.0054502936945582505, 'gpp_d': 84.31013932082456, 'ign_k': 8.708806168038567, 'ign_c': 20.03995359361212, 'trop_agb_crit': 7.500118950416987, 'trop_k_veg': 6.9782110227926815}.
[I 2026-06-08 12:14:42,598] Trial 301 finished with values: [10.223570438626012, 10.223570438626012] and parameters: {'k1': 0.004312951023617458, 'D_low': 70.18267183720735, 'k2': 1.1065812688893481e-05, 'D_high': 2940.51756322311, 'fire_exp': 1.0601964743503993, 'P_half': 220.3445560633069, 'pre_dampen_half': 107.40052367919465, 'gpp_af': 1.9706963379095486, 'gpp_b': 0.0021331409710300844, 'gpp_d': 29.749683811098393, 'ign_k': 8.708806168038567, 'ign_c': 20.03995359361212, 'trop_agb_crit': 7.500118950416987, 'trop_k_veg': 1.4584243470991722}.
[I 2026-06-08 12:14:43,758] Trial 302 finished with values: [10.51916542878417, 10.51916542878417] and parameters: {'k1': 0.012840669372724958, 'D_low': 4.484744524732794, 'k2': 0.0012040762895973265, 'D_high': 3712.591045287726, 'fire_exp': 1.423480109671474, 'P_half': 93.43302657318476, 'pre_dampen_half': 8.594202650742222, 'gpp_af': 0.7539992074650279, 'gpp_b': 1.284284091405877e-05, 'gpp_d': 229.41380323183625, 'ign_k': 0.0680787482656459, 'ign_c': 18.219343937475102, 'trop_agb_crit': 24.584290528289387, 'trop_k_veg': 1.4584243470991722}.
[I 2026-06-08 12:14:44,874] Trial 303 finished with values: [10.883052971562153, 10.883052971562153] and parameters: {'k1': 0.00031134168041628584, 'D_low': 40.12413353131991, 'k2': 0.03538758864779238, 'D_high': 25628.666000163565, 'fire_exp': 1.3170256885255098, 'P_half': 7523.33707868091, 'pre_dampen_half': 8.594202650742222, 'gpp_af': 26.237921284430897, 'gpp_b': 1.3289448722869181e-05, 'gpp_d': 229.41380323183625, 'ign_k': 0.0680787482656459, 'ign_c': 30.28574109895626, 'trop_agb_crit': 8.997007571451054, 'trop_k_veg': 1.4584243470991722}.
[I 2026-06-08 12:14:46,013] Trial 304 finished with values: [10.461023818557955, 10.461023818557955] and parameters: {'k1': 0.002155595057104387, 'D_low': 70.18267183720735, 'k2': 1.1065812688893481e-05, 'D_high': 61536.58035691648, 'fire_exp': 1.0362310858538248, 'P_half': 4.213183643253957, 'pre_dampen_half': 3.3841016089580034, 'gpp_af': 43.527268658119496, 'gpp_b': 0.0054502936945582505, 'gpp_d': 84.31013932082456, 'ign_k': 8.708806168038567, 'ign_c': 18.219343937475102, 'trop_agb_crit': 10.691477813613638, 'trop_k_veg': 6.9782110227926815}.
[I 2026-06-08 12:14:47,194] Trial 305 finished with values: [10.403222788281472, 10.403222788281472] and parameters: {'k1': 1.4002277211577026e-05, 'D_low': 1112.9571947046009, 'k2': 2.683416249684868e-05, 'D_high': 8182.111518618414, 'fire_exp': 1.4900535273878766, 'P_half': 54.37591736923918, 'pre_dampen_half': 502.5175192217655, 'gpp_af': 1.200191344086032, 'gpp_b': 3.481277316673104e-05, 'gpp_d': 150.14555442537656, 'ign_k': 0.0680787482656459, 'ign_c': 15.221840161091626, 'trop_agb_crit': 20.824968728078442, 'trop_k_veg': 5.905704303105107}.
[I 2026-06-08 12:14:48,339] Trial 306 finished with values: [10.892753346709942, 10.892753346709942] and parameters: {'k1': 0.012021930484915042, 'D_low': 3.525936800597896, 'k2': 1.1065812688893481e-05, 'D_high': 42.070539502879384, 'fire_exp': 9.883433002836895, 'P_half': 56.22114524476698, 'pre_dampen_half': 10.129197956845726, 'gpp_af': 1.9706963379095486, 'gpp_b': 0.00431329787498825, 'gpp_d': 757.2868182332339, 'ign_k': 0.6161423618045312, 'ign_c': 1.9580595319750387, 'trop_agb_crit': 7.500118950416987, 'trop_k_veg': 1.0594599158279707}.
[I 2026-06-08 12:14:49,531] Trial 307 finished with values: [-0.49796031964078347, 0.27756025563893894] and parameters: {'k1': 0.004312951023617458, 'D_low': 70.18267183720735, 'k2': 1.1065812688893481e-05, 'D_high': 2940.51756322311, 'fire_exp': 1.0629462657398439, 'P_half': 4.213183643253957, 'pre_dampen_half': 107.40052367919465, 'gpp_af': 1.9706963379095486, 'gpp_b': 0.0021331409710300844, 'gpp_d': 84.31013932082456, 'ign_k': 0.0680787482656459, 'ign_c': 15.221840161091626, 'trop_agb_crit': 24.584290528289387, 'trop_k_veg': 1.4584243470991722}.
[I 2026-06-08 12:14:50,774] Trial 308 finished with values: [10.51901786333553, 10.51901786333553] and parameters: {'k1': 0.002155595057104387, 'D_low': 40.12413353131991, 'k2': 0.014344484793173472, 'D_high': 11832.967057468773, 'fire_exp': 1.221575427404682, 'P_half': 221.2683656611821, 'pre_dampen_half': 8.594202650742222, 'gpp_af': 1.5386842469144075, 'gpp_b': 7.210246166617508e-05, 'gpp_d': 4.25060659305504, 'ign_k': 0.0049611344501914005, 'ign_c': 18.219343937475102, 'trop_agb_crit': 3.848553322122042, 'trop_k_veg': 1.0594599158279707}.
[I 2026-06-08 12:14:51,964] Trial 309 finished with values: [10.759104287422016, 10.759104287422016] and parameters: {'k1': 0.012021930484915042, 'D_low': 2.143851363193517, 'k2': 1.1065812688893481e-05, 'D_high': 1578.0309954142967, 'fire_exp': 1.423480109671474, 'P_half': 56.22114524476698, 'pre_dampen_half': 0.2888838362365318, 'gpp_af': 1.9706963379095486, 'gpp_b': 1.3289448722869181e-05, 'gpp_d': 757.2868182332339, 'ign_k': 0.6161423618045312, 'ign_c': 1.9580595319750387, 'trop_agb_crit': 7.500118950416987, 'trop_k_veg': 1.0594599158279707}.
[I 2026-06-08 12:14:53,158] Trial 310 finished with values: [10.129285564095442, 10.129285564095442] and parameters: {'k1': 0.03635503353478365, 'D_low': 4.484744524732794, 'k2': 0.015763894361785387, 'D_high': 3712.591045287726, 'fire_exp': 1.695318866910499, 'P_half': 220.3445560633069, 'pre_dampen_half': 502.5175192217655, 'gpp_af': 0.1476584299248268, 'gpp_b': 0.0021331409710300844, 'gpp_d': 5.1715677287580455, 'ign_k': 0.010167079878196114, 'ign_c': 15.221840161091626, 'trop_agb_crit': 3.5747129226002423, 'trop_k_veg': 1.4584243470991722}.
[I 2026-06-08 12:14:54,369] Trial 311 finished with values: [10.892463238703119, 10.892463238703119] and parameters: {'k1': 0.008912611835817005, 'D_low': 1078.832206002305, 'k2': 0.003101429427212743, 'D_high': 42.070539502879384, 'fire_exp': 1.3170256885255098, 'P_half': 5.076307782729897, 'pre_dampen_half': 10.129197956845726, 'gpp_af': 0.05511595477601767, 'gpp_b': 0.00431329787498825, 'gpp_d': 757.2868182332339, 'ign_k': 2.1368329072358767, 'ign_c': 5.13055176058983, 'trop_agb_crit': 1.0903028125370984, 'trop_k_veg': 3.1473758868965476}.
