[I 2026-07-22 18:45:13,365] Trial 489 finished with values: [10.76923076903347, 10.76923076903347] and parameters: {'k1': 0.0003199177539819797, 'D_low': 13.25142220631392, 'k2': 1.6559474674046002e-05, 'D_high': 8433503.858791472, 'fire_exp': 8.791426299948917, 'P_half': 1.4378290221680121, 'pre_dampen_half': 0.46504594134732663, 'gpp_af': 0.015350904103515228, 'gpp_b': 1.1698276136056565e-05, 'gpp_d': 2.2044650100999164, 'ign_k': 4.59148521674054, 'ign_c': 170.36632990295922, 'trop_agb_crit': 10.719494362768906, 'trop_k_veg': 1.7518409078083697, 'fuel_k': 3.6992394681929355, 'fuel_half': 81.87941582538087}.
[I 2026-07-22 18:45:13,777] Trial 490 finished with values: [11.22439817607619, 11.22439817607619] and parameters: {'k1': 0.0029707920514735983, 'D_low': 4.043300846639722, 'k2': 2.1698375693549493e-05, 'D_high': 160625.60954780428, 'fire_exp': 1.182396148413737, 'P_half': 38.82837025280678, 'pre_dampen_half': 33.97904243111269, 'gpp_af': 0.0025511964576171086, 'gpp_b': 3.228689523591491e-05, 'gpp_d': 857.4284557962626, 'ign_k': 0.03141110271934876, 'ign_c': 3.0378658251922155, 'trop_agb_crit': 1.1195539271968775, 'trop_k_veg': 1.140286245977296, 'fuel_k': 5.486054129200971, 'fuel_half': 18.202647368248815}.
[I 2026-07-22 18:45:14,190] Trial 491 finished with values: [12.110019391890347, 12.110019391890347] and parameters: {'k1': 0.002971796631657383, 'D_low': 13.25142220631392, 'k2': 2.1698375693549493e-05, 'D_high': 708572.1663941594, 'fire_exp': 1.1258453832483524, 'P_half': 10.226988730324324, 'pre_dampen_half': 36.876350096202984, 'gpp_af': 29.925002022877816, 'gpp_b': 0.0054502936945582505, 'gpp_d': 700.6693992445935, 'ign_k': 0.0026834162496848666, 'ign_c': 6.1609752947414345, 'trop_agb_crit': 20.205002815711154, 'trop_k_veg': 0.9793402026070162, 'fuel_k': 0.05597555634027867, 'fuel_half': 38.21129441691226}.
[I 2026-07-22 18:45:14,614] Trial 492 finished with values: [10.349904007089537, 10.349904007089537] and parameters: {'k1': 0.0003199177539819797, 'D_low': 13.25142220631392, 'k2': 2.8459703343413838e-05, 'D_high': 708572.1663941594, 'fire_exp': 8.791426299948917, 'P_half': 1.4378290221680121, 'pre_dampen_half': 3.9885726374014694, 'gpp_af': 0.015350904103515228, 'gpp_b': 1.1698276136056565e-05, 'gpp_d': 6.91394869865762, 'ign_k': 0.5131654955148324, 'ign_c': 14.452451441203314, 'trop_agb_crit': 13.365572767895445, 'trop_k_veg': 2.3408809609838257, 'fuel_k': 1.6460650207153922, 'fuel_half': 81.87941582538087}.
[I 2026-07-22 18:45:15,034] Trial 493 finished with values: [10.175803044437785, 10.175803044437785] and parameters: {'k1': 0.0029282035181080004, 'D_low': 13.25142220631392, 'k2': 2.1698375693549493e-05, 'D_high': 1026.0852623190942, 'fire_exp': 1.1258453832483524, 'P_half': 1535.1441568398143, 'pre_dampen_half': 347.79988160923324, 'gpp_af': 0.49740621749684094, 'gpp_b': 0.0054502936945582505, 'gpp_d': 700.6693992445935, 'ign_k': 0.7588328899786276, 'ign_c': 11.40086370112731, 'trop_agb_crit': 12.285102065067687, 'trop_k_veg': 1.0049538030148353, 'fuel_k': 0.48736180483849406, 'fuel_half': 38.21129441691226}.
[I 2026-07-22 18:45:15,456] Trial 494 finished with values: [10.68212588835638, 10.68212588835638] and parameters: {'k1': 0.011966626407443505, 'D_low': 8454.098152188677, 'k2': 0.001566517163094646, 'D_high': 316055.11434645456, 'fire_exp': 2.726360712292888, 'P_half': 7.890004262668578, 'pre_dampen_half': 33.71909132517388, 'gpp_af': 0.06789053271698488, 'gpp_b': 1.7565109007473816e-05, 'gpp_d': 6.91394869865762, 'ign_k': 3.284529979576942, 'ign_c': 11.40086370112731, 'trop_agb_crit': 10.719494362768906, 'trop_k_veg': 2.417028380770307, 'fuel_k': 0.08612665817296865, 'fuel_half': 28.412055118924748}.
[I 2026-07-22 18:45:15,896] Trial 495 finished with values: [10.38131289269043, 10.38131289269043] and parameters: {'k1': 0.00016480446427978953, 'D_low': 864.0717009254879, 'k2': 0.001566517163094646, 'D_high': 580966.5602369158, 'fire_exp': 1.7124099831271415, 'P_half': 3.0257721519613185, 'pre_dampen_half': 294.75617712568373, 'gpp_af': 0.12243451886824051, 'gpp_b': 8.129227514069975e-05, 'gpp_d': 6.91394869865762, 'ign_k': 0.009861808369679786, 'ign_c': 11.40086370112731, 'trop_agb_crit': 20.205002815711154, 'trop_k_veg': 2.417028380770307, 'fuel_k': 0.48736180483849406, 'fuel_half': 81.87941582538087}.
[I 2026-07-22 18:45:16,348] Trial 496 finished with values: [10.369298255043386, 10.369298255043386] and parameters: {'k1': 0.0058043147174140705, 'D_low': 4.043300846639722, 'k2': 0.01567230746060024, 'D_high': 18489.90108223028, 'fire_exp': 1.7124099831271415, 'P_half': 1.7036120617148391, 'pre_dampen_half': 420.2116526335304, 'gpp_af': 8.769726637617675, 'gpp_b': 0.0054502936945582505, 'gpp_d': 302.3127748796295, 'ign_k': 0.009861808369679786, 'ign_c': 0.10544710041137256, 'trop_agb_crit': 15.870971677383487, 'trop_k_veg': 1.7518409078083697, 'fuel_k': 0.01814068034742312, 'fuel_half': 49.16400722913764}.
[I 2026-07-22 18:45:16,781] Trial 497 finished with values: [10.502567012560126, 10.502567012560126] and parameters: {'k1': 0.00019876655910112227, 'D_low': 158.0407962960918, 'k2': 0.035891558714508394, 'D_high': 316055.11434645456, 'fire_exp': 1.182396148413737, 'P_half': 334.62201030483817, 'pre_dampen_half': 420.2116526335304, 'gpp_af': 0.3259758793317361, 'gpp_b': 0.0054502936945582505, 'gpp_d': 0.9568931772917474, 'ign_k': 0.5670346335627292, 'ign_c': 11.40086370112731, 'trop_agb_crit': 9.362115196011851, 'trop_k_veg': 3.024803048559367, 'fuel_k': 0.08612665817296865, 'fuel_half': 0.3335026483569958}.
[I 2026-07-22 18:45:17,208] Trial 498 finished with values: [10.805960084213753, 10.805960084213753] and parameters: {'k1': 0.002968335334246999, 'D_low': 4.043300846639722, 'k2': 0.006051580666890612, 'D_high': 160625.60954780428, 'fire_exp': 1.4575512062152998, 'P_half': 5.575453980775371, 'pre_dampen_half': 3.9885726374014694, 'gpp_af': 0.08765778781781633, 'gpp_b': 0.004922228103935987, 'gpp_d': 6.378078463802852, 'ign_k': 3.210808548911192, 'ign_c': 6.1609752947414345, 'trop_agb_crit': 15.870971677383487, 'trop_k_veg': 1.6340262437673856, 'fuel_k': 5.486054129200971, 'fuel_half': 18.202647368248815}.
[I 2026-07-22 18:45:17,631] Trial 499 finished with values: [-0.4009167655368926, 0.30182839056104294] and parameters: {'k1': 9.969469187531805e-05, 'D_low': 1.7887890916820506, 'k2': 7.67074891445376e-05, 'D_high': 580966.5602369158, 'fire_exp': 1.4439251473259103, 'P_half': 234.09994646132157, 'pre_dampen_half': 94.20121790275627, 'gpp_af': 8.769726637617675, 'gpp_b': 1.7565109007473816e-05, 'gpp_d': 6.378078463802852, 'ign_k': 0.03141110271934876, 'ign_c': 6.1609752947414345, 'trop_agb_crit': 2.419699259862185, 'trop_k_veg': 1.140286245977296, 'fuel_k': 0.08612665817296865, 'fuel_half': 38.21129441691226}.
[I 2026-07-22 18:45:18,056] Trial 500 finished with values: [10.581644085969232, 10.581644085969232] and parameters: {'k1': 9.969469187531805e-05, 'D_low': 864.0717009254879, 'k2': 7.67074891445376e-05, 'D_high': 160625.60954780428, 'fire_exp': 3.2181803496180783, 'P_half': 9.324787201197319, 'pre_dampen_half': 33.71909132517388, 'gpp_af': 0.49740621749684094, 'gpp_b': 0.0005995821881487623, 'gpp_d': 302.3127748796295, 'ign_k': 0.0013726318898045872, 'ign_c': 8.405439129313676, 'trop_agb_crit': 2.171140223187998, 'trop_k_veg': 3.028464701337094, 'fuel_k': 3.6992394681929355, 'fuel_half': 81.87941582538087}.
[I 2026-07-22 18:45:18,476] Trial 501 finished with values: [10.26388981892556, 10.26388981892556] and parameters: {'k1': 9.969469187531805e-05, 'D_low': 864.0717009254879, 'k2': 0.030699709531122953, 'D_high': 160625.60954780428, 'fire_exp': 1.7124099831271415, 'P_half': 8.91613269954689, 'pre_dampen_half': 294.75617712568373, 'gpp_af': 0.49740621749684094, 'gpp_b': 0.0005392415140872105, 'gpp_d': 700.6693992445935, 'ign_k': 0.031117676855667385, 'ign_c': 8.405439129313676, 'trop_agb_crit': 5.707205898008383, 'trop_k_veg': 0.9389228405367727, 'fuel_k': 5.486054129200971, 'fuel_half': 81.87941582538087}.
[I 2026-07-22 18:45:18,895] Trial 502 finished with values: [-0.2818468465075088, 0.2654166629721527] and parameters: {'k1': 1.8205657658407255e-05, 'D_low': 247.75146043208053, 'k2': 1.6559474674046002e-05, 'D_high': 708572.1663941594, 'fire_exp': 1.3175349115759807, 'P_half': 2.458603276328005, 'pre_dampen_half': 26.373339933815235, 'gpp_af': 0.005618069878716736, 'gpp_b': 0.0005392415140872105, 'gpp_d': 8.057329182285729, 'ign_k': 0.0022267996908938684, 'ign_c': 14.074279366401672, 'trop_agb_crit': 6.119263728555865, 'trop_k_veg': 1.7518409078083697, 'fuel_k': 0.08612665817296865, 'fuel_half': 0.2414020247400933}.
[I 2026-07-22 18:45:19,323] Trial 503 finished with values: [10.397705505168652, 10.397705505168652] and parameters: {'k1': 1.8205657658407255e-05, 'D_low': 247.75146043208053, 'k2': 1.6559474674046002e-05, 'D_high': 708572.1663941594, 'fire_exp': 1.2310899049053081, 'P_half': 2.458603276328005, 'pre_dampen_half': 26.373339933815235, 'gpp_af': 0.005618069878716736, 'gpp_b': 1.7565109007473816e-05, 'gpp_d': 8.057329182285729, 'ign_k': 0.0022267996908938684, 'ign_c': 14.074279366401672, 'trop_agb_crit': 9.362115196011851, 'trop_k_veg': 1.7518409078083697, 'fuel_k': 0.018207179480706392, 'fuel_half': 0.3335026483569958}.
[I 2026-07-22 18:45:19,740] Trial 504 finished with values: [10.765437710098963, 10.765437710098963] and parameters: {'k1': 0.00016480446427978953, 'D_low': 2.9612221068836555, 'k2': 0.035891558714508394, 'D_high': 1026.0852623190942, 'fire_exp': 1.3411849220480432, 'P_half': 38.82837025280678, 'pre_dampen_half': 0.023226277943865486, 'gpp_af': 0.005618069878716736, 'gpp_b': 0.0054502936945582505, 'gpp_d': 2.2044650100999164, 'ign_k': 0.5670346335627292, 'ign_c': 0.4392638796750216, 'trop_agb_crit': 12.285102065067687, 'trop_k_veg': 3.024803048559367, 'fuel_k': 0.6137000782082781, 'fuel_half': 2.276766792290519}.
[I 2026-07-22 18:45:20,157] Trial 505 finished with values: [-0.39669272582610143, 0.1692085842809129] and parameters: {'k1': 0.0029707920514735983, 'D_low': 4.043300846639722, 'k2': 2.1698375693549493e-05, 'D_high': 160625.60954780428, 'fire_exp': 1.182396148413737, 'P_half': 1938.3858782150498, 'pre_dampen_half': 33.97904243111269, 'gpp_af': 0.0025511964576171086, 'gpp_b': 3.228689523591491e-05, 'gpp_d': 857.4284557962626, 'ign_k': 0.03141110271934876, 'ign_c': 3.0378658251922155, 'trop_agb_crit': 15.870971677383487, 'trop_k_veg': 6.911478238001162, 'fuel_k': 5.486054129200971, 'fuel_half': 18.202647368248815}.
[I 2026-07-22 18:45:20,574] Trial 506 finished with values: [-0.37373422938425344, 0.3014949054002457] and parameters: {'k1': 9.969469187531805e-05, 'D_low': 864.0717009254879, 'k2': 7.67074891445376e-05, 'D_high': 1681956.433827372, 'fire_exp': 1.7124099831271415, 'P_half': 7.890004262668578, 'pre_dampen_half': 26.373339933815235, 'gpp_af': 0.49740621749684094, 'gpp_b': 0.0005995821881487623, 'gpp_d': 6.91394869865762, 'ign_k': 0.009861808369679786, 'ign_c': 8.405439129313676, 'trop_agb_crit': 2.171140223187998, 'trop_k_veg': 2.417028380770307, 'fuel_k': 3.6992394681929355, 'fuel_half': 81.87941582538087}.
[I 2026-07-22 18:45:21,000] Trial 507 finished with values: [-0.6570734306410706, 0.10422026019522113] and parameters: {'k1': 0.0029282035181080004, 'D_low': 126.11058927054879, 'k2': 2.1698375693549493e-05, 'D_high': 316055.11434645456, 'fire_exp': 1.1258453832483524, 'P_half': 7.890004262668578, 'pre_dampen_half': 0.4016986062226068, 'gpp_af': 0.25562996323356013, 'gpp_b': 0.0054502936945582505, 'gpp_d': 700.6693992445935, 'ign_k': 3.284529979576942, 'ign_c': 11.40086370112731, 'trop_agb_crit': 20.205002815711154, 'trop_k_veg': 0.6921865222804094, 'fuel_k': 0.48736180483849406, 'fuel_half': 0.3335026483569958}.
[I 2026-07-22 18:45:21,417] Trial 508 finished with values: [11.030810160492317, 11.030810160492317] and parameters: {'k1': 0.0029282035181080004, 'D_low': 126.11058927054879, 'k2': 0.001566517163094646, 'D_high': 16392.60991832772, 'fire_exp': 1.1258453832483524, 'P_half': 259.29513803785335, 'pre_dampen_half': 347.79988160923324, 'gpp_af': 0.25562996323356013, 'gpp_b': 1.7565109007473816e-05, 'gpp_d': 9.00460602264307, 'ign_k': 0.006290644294586149, 'ign_c': 0.11650681118986138, 'trop_agb_crit': 20.205002815711154, 'trop_k_veg': 2.417028380770307, 'fuel_k': 0.48736180483849406, 'fuel_half': 0.3335026483569958}.
[I 2026-07-22 18:45:21,837] Trial 509 finished with values: [10.179234807713527, 10.179234807713527] and parameters: {'k1': 0.00016480446427978953, 'D_low': 89.35942907009701, 'k2': 0.01567230746060024, 'D_high': 558.9524205217922, 'fire_exp': 1.182396148413737, 'P_half': 13.019246714361572, 'pre_dampen_half': 347.79988160923324, 'gpp_af': 0.06789053271698488, 'gpp_b': 0.0054502936945582505, 'gpp_d': 2.8006820077310226, 'ign_k': 0.006290644294586149, 'ign_c': 11.40086370112731, 'trop_agb_crit': 1.1195539271968775, 'trop_k_veg': 4.130963924640279, 'fuel_k': 0.48736180483849406, 'fuel_half': 18.202647368248815}.
[I 2026-07-22 18:45:22,291] Trial 510 finished with values: [10.116336160596404, 10.116336160596404] and parameters: {'k1': 0.00016480446427978953, 'D_low': 1407.7923139972395, 'k2': 0.0009562822793888481, 'D_high': 107013.64911724928, 'fire_exp': 3.313658135010505, 'P_half': 38.82837025280678, 'pre_dampen_half': 347.79988160923324, 'gpp_af': 0.005618069878716736, 'gpp_b': 0.002407352334224724, 'gpp_d': 3.0023172465753087, 'ign_k': 0.5670346335627292, 'ign_c': 0.4392638796750216, 'trop_agb_crit': 12.285102065067687, 'trop_k_veg': 1.0049538030148353, 'fuel_k': 1.2528108647479208, 'fuel_half': 2.276766792290519}.
[I 2026-07-22 18:45:22,710] Trial 511 finished with values: [10.089644825972197, 10.089644825972197] and parameters: {'k1': 9.969469187531805e-05, 'D_low': 126.11058927054879, 'k2': 0.0009562822793888481, 'D_high': 107013.64911724928, 'fire_exp': 3.313658135010505, 'P_half': 4.020051040432125, 'pre_dampen_half': 294.75617712568373, 'gpp_af': 18.235072804314193, 'gpp_b': 0.0005995821881487623, 'gpp_d': 3.0023172465753087, 'ign_k': 0.47081597932501923, 'ign_c': 11.40086370112731, 'trop_agb_crit': 1.5774541406529003, 'trop_k_veg': 2.417028380770307, 'fuel_k': 1.2528108647479208, 'fuel_half': 81.87941582538087}.
[I 2026-07-22 18:45:23,139] Trial 512 finished with values: [12.17720507453335, 12.17720507453335] and parameters: {'k1': 0.00023352156626184448, 'D_low': 13.25142220631392, 'k2': 1.6559474674046002e-05, 'D_high': 708572.1663941594, 'fire_exp': 1.3411849220480432, 'P_half': 38.82837025280678, 'pre_dampen_half': 12.515601598062569, 'gpp_af': 18.235072804314193, 'gpp_b': 0.0005392415140872105, 'gpp_d': 302.3127748796295, 'ign_k': 0.5131654955148324, 'ign_c': 4.1108484350212295, 'trop_agb_crit': 2.171140223187998, 'trop_k_veg': 1.7518409078083697, 'fuel_k': 0.0500651901928747, 'fuel_half': 38.21129441691226}.
[I 2026-07-22 18:45:23,569] Trial 513 finished with values: [10.098428407889426, 10.098428407889426] and parameters: {'k1': 0.00016480446427978953, 'D_low': 1407.7923139972395, 'k2': 0.0038341488164556755, 'D_high': 160625.60954780428, 'fire_exp': 1.182396148413737, 'P_half': 1938.3858782150498, 'pre_dampen_half': 33.97904243111269, 'gpp_af': 0.2077161282926346, 'gpp_b': 0.0054502936945582505, 'gpp_d': 857.4284557962626, 'ign_k': 0.03141110271934876, 'ign_c': 3.0378658251922155, 'trop_agb_crit': 12.285102065067687, 'trop_k_veg': 1.0049538030148353, 'fuel_k': 5.486054129200971, 'fuel_half': 18.202647368248815}.
[I 2026-07-22 18:45:23,989] Trial 514 finished with values: [11.784575420576871, 11.784575420576871] and parameters: {'k1': 1.8205657658407255e-05, 'D_low': 247.75146043208053, 'k2': 7.67074891445376e-05, 'D_high': 708572.1663941594, 'fire_exp': 1.3175349115759807, 'P_half': 2.458603276328005, 'pre_dampen_half': 33.71909132517388, 'gpp_af': 42.29037995744429, 'gpp_b': 0.0005392415140872105, 'gpp_d': 8.057329182285729, 'ign_k': 4.59148521674054, 'ign_c': 0.13670484737132343, 'trop_agb_crit': 6.119263728555865, 'trop_k_veg': 1.7518409078083697, 'fuel_k': 3.6992394681929355, 'fuel_half': 0.2414020247400933}.
[I 2026-07-22 18:45:24,410] Trial 515 finished with values: [10.551719710469978, 10.551719710469978] and parameters: {'k1': 9.969469187531805e-05, 'D_low': 864.0717009254879, 'k2': 0.030699709531122953, 'D_high': 2283.4228779494524, 'fire_exp': 2.3976499639906934, 'P_half': 334.62201030483817, 'pre_dampen_half': 294.75617712568373, 'gpp_af': 0.3259758793317361, 'gpp_b': 0.0054502936945582505, 'gpp_d': 6.91394869865762, 'ign_k': 0.5670346335627292, 'ign_c': 11.40086370112731, 'trop_agb_crit': 15.870971677383487, 'trop_k_veg': 3.024803048559367, 'fuel_k': 0.48736180483849406, 'fuel_half': 18.202647368248815}.
[I 2026-07-22 18:45:24,852] Trial 516 finished with values: [-0.52457175472301, 0.3001951719291098] and parameters: {'k1': 9.969469187531805e-05, 'D_low': 864.0717009254879, 'k2': 0.0038341488164556755, 'D_high': 1513567.861194033, 'fire_exp': 3.304317611738493, 'P_half': 9.324787201197319, 'pre_dampen_half': 347.79988160923324, 'gpp_af': 42.29037995744429, 'gpp_b': 0.0054502936945582505, 'gpp_d': 2.8006820077310226, 'ign_k': 0.7588328899786276, 'ign_c': 14.074279366401672, 'trop_agb_crit': 20.205002815711154, 'trop_k_veg': 1.0049538030148353, 'fuel_k': 0.08612665817296865, 'fuel_half': 81.87941582538087}.
[I 2026-07-22 18:45:25,311] Trial 517 finished with values: [10.406094192411476, 10.406094192411476] and parameters: {'k1': 0.052334804885400876, 'D_low': 2.9612221068836555, 'k2': 0.0001971137615017176, 'D_high': 2283.4228779494524, 'fire_exp': 1.1258453832483524, 'P_half': 2.458603276328005, 'pre_dampen_half': 2.488338093530606, 'gpp_af': 0.49740621749684094, 'gpp_b': 0.0054502936945582505, 'gpp_d': 2.2044650100999164, 'ign_k': 0.0012663923057989628, 'ign_c': 11.40086370112731, 'trop_agb_crit': 29.789943908227905, 'trop_k_veg': 1.7518409078083697, 'fuel_k': 0.08872338014306087, 'fuel_half': 49.16400722913764}.
[I 2026-07-22 18:45:25,763] Trial 518 finished with values: [10.749101090531967, 10.749101090531967] and parameters: {'k1': 0.011966626407443505, 'D_low': 140.92119204434155, 'k2': 2.8459703343413838e-05, 'D_high': 316055.11434645456, 'fire_exp': 1.2242398136753672, 'P_half': 7.890004262668578, 'pre_dampen_half': 3.9885726374014694, 'gpp_af': 0.06789053271698488, 'gpp_b': 0.0005392415140872105, 'gpp_d': 9.00460602264307, 'ign_k': 3.284529979576942, 'ign_c': 11.40086370112731, 'trop_agb_crit': 6.119263728555865, 'trop_k_veg': 2.417028380770307, 'fuel_k': 0.08612665817296865, 'fuel_half': 0.33988503110784557}.
[I 2026-07-22 18:45:26,200] Trial 519 finished with values: [-0.3455952424572256, 0.1898312536842608] and parameters: {'k1': 0.0029707920514735983, 'D_low': 4.043300846639722, 'k2': 0.0007081721844034209, 'D_high': 160625.60954780428, 'fire_exp': 1.182396148413737, 'P_half': 1938.3858782150498, 'pre_dampen_half': 19.600139992927424, 'gpp_af': 0.07961191926812566, 'gpp_b': 1.1698276136056565e-05, 'gpp_d': 857.4284557962626, 'ign_k': 0.03141110271934876, 'ign_c': 3.0378658251922155, 'trop_agb_crit': 15.870971677383487, 'trop_k_veg': 6.911478238001162, 'fuel_k': 5.486054129200971, 'fuel_half': 18.202647368248815}.
[I 2026-07-22 18:45:26,623] Trial 520 finished with values: [10.427424462807979, 10.427424462807979] and parameters: {'k1': 0.0003938139750079109, 'D_low': 864.0717009254879, 'k2': 0.00209261568837867, 'D_high': 15907.988939621297, 'fire_exp': 1.7124099831271415, 'P_half': 7.890004262668578, 'pre_dampen_half': 294.75617712568373, 'gpp_af': 42.29037995744429, 'gpp_b': 0.00012118589392553819, 'gpp_d': 6.91394869865762, 'ign_k': 0.006290644294586149, 'ign_c': 11.40086370112731, 'trop_agb_crit': 5.707205898008383, 'trop_k_veg': 2.417028380770307, 'fuel_k': 3.6992394681929355, 'fuel_half': 81.87941582538087}.
[I 2026-07-22 18:45:27,046] Trial 521 finished with values: [10.561652317026102, 10.561652317026102] and parameters: {'k1': 0.0003199177539819797, 'D_low': 89.35942907009701, 'k2': 0.012413450098922581, 'D_high': 2283.4228779494524, 'fire_exp': 1.182396148413737, 'P_half': 270.15957920129443, 'pre_dampen_half': 347.79988160923324, 'gpp_af': 18.235072804314193, 'gpp_b': 0.0005995821881487623, 'gpp_d': 2.2044650100999164, 'ign_k': 0.003338063875587391, 'ign_c': 0.13229646467088635, 'trop_agb_crit': 9.362115196011851, 'trop_k_veg': 4.130963924640279, 'fuel_k': 0.6452742971240902, 'fuel_half': 18.202647368248815}.
[I 2026-07-22 18:45:27,462] Trial 522 finished with values: [10.758364975793828, 10.758364975793828] and parameters: {'k1': 0.00016480446427978953, 'D_low': 126.11058927054879, 'k2': 0.0007081721844034209, 'D_high': 1693415.5410667954, 'fire_exp': 1.7124099831271415, 'P_half': 7.890004262668578, 'pre_dampen_half': 3.9885726374014694, 'gpp_af': 29.925002022877816, 'gpp_b': 8.129227514069975e-05, 'gpp_d': 700.6693992445935, 'ign_k': 3.210808548911192, 'ign_c': 11.40086370112731, 'trop_agb_crit': 1.5774541406529003, 'trop_k_veg': 1.6340262437673856, 'fuel_k': 0.48736180483849406, 'fuel_half': 7.259866824755671}.
[I 2026-07-22 18:45:27,880] Trial 523 finished with values: [10.720248188914107, 10.720248188914107] and parameters: {'k1': 0.00016480446427978953, 'D_low': 1407.7923139972395, 'k2': 0.011469197890812934, 'D_high': 1026.0852623190942, 'fire_exp': 1.3411849220480432, 'P_half': 38.82837025280678, 'pre_dampen_half': 0.46504594134732663, 'gpp_af': 0.015350904103515228, 'gpp_b': 0.0054502936945582505, 'gpp_d': 2.2044650100999164, 'ign_k': 0.7588328899786276, 'ign_c': 3.0378658251922155, 'trop_agb_crit': 12.285102065067687, 'trop_k_veg': 1.0049538030148353, 'fuel_k': 0.0500651901928747, 'fuel_half': 27.47623461877469}.
