[I 2026-06-11 12:52:21,810] Trial 340 finished with values: [12.790301830020814, 12.790301830020814] and parameters: {'k1': 0.03648456083047798, 'D_low': 236.79352040223893, 'k2': 0.0007731571570012607, 'D_high': 6682.9607218310075, 'fire_exp': 1.111738490499784, 'P_half': 84.3508388778244, 'pre_dampen_half': 189.36639872354493, 'gpp_af': 0.41874665092828456, 'gpp_b': 5.0875243087016374e-05, 'gpp_d': 1.4397852866783676, 'ign_k': 0.09256855841989636, 'ign_c': 0.2946000090510885, 'trop_agb_crit': 1.8023542850487386, 'trop_k_veg': 6.030247256556128, 'fire_amp': 1.4475279918261055}.
[I 2026-06-11 12:52:22,769] Trial 341 finished with values: [10.769010008636913, 10.769010008636913] and parameters: {'k1': 0.012840669372724958, 'D_low': 236.79352040223893, 'k2': 1.1417577140741129e-05, 'D_high': 1266.9536563782303, 'fire_exp': 1.2798881300289222, 'P_half': 436.4516946807792, 'pre_dampen_half': 0.04225994826142427, 'gpp_af': 0.2204465010099918, 'gpp_b': 2.176805640408474e-05, 'gpp_d': 0.030844007727232167, 'ign_k': 4.869640941520899, 'ign_c': 2.2882309479728957, 'trop_agb_crit': 2.100813292597435, 'trop_k_veg': 2.520089655463604, 'fire_amp': 1.7912500010961188}.
[I 2026-06-11 12:52:23,708] Trial 342 finished with values: [10.749258242730752, 10.749258242730752] and parameters: {'k1': 0.00026539376439360527, 'D_low': 2186.356344942016, 'k2': 0.08661811390647982, 'D_high': 1266.9536563782303, 'fire_exp': 1.111738490499784, 'P_half': 1.4551749476072258, 'pre_dampen_half': 189.36639872354493, 'gpp_af': 37.28155624293858, 'gpp_b': 5.0875243087016374e-05, 'gpp_d': 7.631016235941559, 'ign_k': 0.09256855841989636, 'ign_c': 55.24095129928624, 'trop_agb_crit': 1.8023542850487386, 'trop_k_veg': 1.64857963637888, 'fire_amp': 1.4475279918261055}.
[I 2026-06-11 12:52:24,657] Trial 343 finished with values: [10.722344169806563, 10.722344169806563] and parameters: {'k1': 9.132348475718357e-05, 'D_low': 236.79352040223893, 'k2': 0.019383858782150494, 'D_high': 1537.592023548176, 'fire_exp': 1.2798881300289222, 'P_half': 436.4516946807792, 'pre_dampen_half': 4.847666216751353, 'gpp_af': 0.016306190741524337, 'gpp_b': 0.015062722325200045, 'gpp_d': 304.7488318185732, 'ign_k': 4.869640941520899, 'ign_c': 2.2882309479728957, 'trop_agb_crit': 2.100813292597435, 'trop_k_veg': 1.2396985988794134, 'fire_amp': 1.7912500010961188}.
[I 2026-06-11 12:52:25,578] Trial 344 finished with values: [10.768592775306232, 10.768592775306232] and parameters: {'k1': 0.00023134781612225627, 'D_low': 15.0613200804335, 'k2': 6.340140860251457e-05, 'D_high': 69868.4759244566, 'fire_exp': 1.3807440352456883, 'P_half': 5.4712187293420325, 'pre_dampen_half': 121.93011993958949, 'gpp_af': 0.07118041471054574, 'gpp_b': 0.00031478066835753096, 'gpp_d': 1.336803341156552, 'ign_k': 0.002357279455676982, 'ign_c': 99.96359851911319, 'trop_agb_crit': 12.708819454040446, 'trop_k_veg': 6.963655030926962, 'fire_amp': 1.5719333351012774}.
[I 2026-06-11 12:52:26,514] Trial 345 finished with values: [10.532753517971909, 10.532753517971909] and parameters: {'k1': 0.00026539376439360527, 'D_low': 2186.356344942016, 'k2': 0.019383858782150494, 'D_high': 32311.521854410956, 'fire_exp': 1.2060040899560858, 'P_half': 1.4551749476072258, 'pre_dampen_half': 4.847666216751353, 'gpp_af': 0.060029341913968644, 'gpp_b': 5.0875243087016374e-05, 'gpp_d': 7.631016235941559, 'ign_k': 0.09256855841989636, 'ign_c': 7.832259769732471, 'trop_agb_crit': 21.380932890222198, 'trop_k_veg': 1.6648666152166967, 'fire_amp': 1.4475279918261055}.
[I 2026-06-11 12:52:27,450] Trial 346 finished with values: [12.729849961640287, 12.729849961640287] and parameters: {'k1': 0.0009255037589041178, 'D_low': 236.79352040223893, 'k2': 0.0001870742013766025, 'D_high': 6682.9607218310075, 'fire_exp': 1.2060040899560858, 'P_half': 5.4712187293420325, 'pre_dampen_half': 121.93011993958949, 'gpp_af': 0.5970408652384318, 'gpp_b': 0.001674375583895437, 'gpp_d': 1.4397852866783676, 'ign_k': 0.002357279455676982, 'ign_c': 388.02797007866826, 'trop_agb_crit': 1.1683326952092081, 'trop_k_veg': 6.030247256556128, 'fire_amp': 5.416595007374148}.
[I 2026-06-11 12:52:28,403] Trial 347 finished with values: [10.146227292760281, 10.146227292760281] and parameters: {'k1': 0.00023134781612225627, 'D_low': 171.2446447678494, 'k2': 1.1417577140741129e-05, 'D_high': 32311.521854410956, 'fire_exp': 1.1593349727271403, 'P_half': 51.10120656497163, 'pre_dampen_half': 253.71947027764784, 'gpp_af': 0.060029341913968644, 'gpp_b': 2.176805640408474e-05, 'gpp_d': 0.030844007727232167, 'ign_k': 0.09256855841989636, 'ign_c': 21.275785720135406, 'trop_agb_crit': 2.49652474515731, 'trop_k_veg': 2.520089655463604, 'fire_amp': 2.042193818779288}.
[I 2026-06-11 12:52:29,340] Trial 348 finished with values: [10.752848548221714, 10.752848548221714] and parameters: {'k1': 0.0001887567630782227, 'D_low': 2396.0796124300746, 'k2': 5.5686900831970225e-05, 'D_high': 18108.14362107968, 'fire_exp': 1.9783727454920947, 'P_half': 1549.6599265816342, 'pre_dampen_half': 189.88136301569827, 'gpp_af': 14.161176080022173, 'gpp_b': 1.8400604093141188, 'gpp_d': 79.05373031352391, 'ign_k': 1.636529060071807, 'ign_c': 1.3431925993528124, 'trop_agb_crit': 1.8285200278523417, 'trop_k_veg': 4.0068236274914755, 'fire_amp': 1.1655705619308396}.
[I 2026-06-11 12:52:30,279] Trial 349 finished with values: [10.129620821190088, 10.129620821190088] and parameters: {'k1': 0.05347027553411487, 'D_low': 236.79352040223893, 'k2': 0.0012030178871154666, 'D_high': 1537.592023548176, 'fire_exp': 1.2798881300289222, 'P_half': 436.4516946807792, 'pre_dampen_half': 75.10418138777538, 'gpp_af': 0.035629505481532577, 'gpp_b': 0.005386676499630372, 'gpp_d': 0.7698760608299932, 'ign_k': 4.869640941520899, 'ign_c': 2.2882309479728957, 'trop_agb_crit': 2.100813292597435, 'trop_k_veg': 1.2396985988794134, 'fire_amp': 1.7912500010961188}.
[I 2026-06-11 12:52:31,427] Trial 350 finished with values: [10.769230357718651, 10.769230357718651] and parameters: {'k1': 0.00023134781612225627, 'D_low': 1.7551403048208316, 'k2': 0.0001280886335404798, 'D_high': 11.129666723443188, 'fire_exp': 1.811096651915224, 'P_half': 5.4712187293420325, 'pre_dampen_half': 0.02302684507178836, 'gpp_af': 0.07118041471054574, 'gpp_b': 0.006999112505425414, 'gpp_d': 1.4397852866783676, 'ign_k': 0.002357279455676982, 'ign_c': 7.832259769732471, 'trop_agb_crit': 12.708819454040446, 'trop_k_veg': 2.99731137426955, 'fire_amp': 1.5719333351012774}.
[I 2026-06-11 12:52:32,475] Trial 351 finished with values: [-0.6133123040926765, 0.10149491073756634] and parameters: {'k1': 0.03648456083047798, 'D_low': 236.79352040223893, 'k2': 0.019383858782150494, 'D_high': 1817.0401889219124, 'fire_exp': 1.111738490499784, 'P_half': 1.4551749476072258, 'pre_dampen_half': 8.259599205585761, 'gpp_af': 0.060029341913968644, 'gpp_b': 5.0875243087016374e-05, 'gpp_d': 1.4397852866783676, 'ign_k': 0.037151317999473285, 'ign_c': 22.126836566118193, 'trop_agb_crit': 1.8023542850487386, 'trop_k_veg': 1.6648666152166967, 'fire_amp': 2.7806853670293616}.
[I 2026-06-11 12:52:33,493] Trial 352 finished with values: [10.549896933642692, 10.549896933642692] and parameters: {'k1': 0.0003445931091927334, 'D_low': 43.2326421037033, 'k2': 8.968733598183248e-05, 'D_high': 42.242359735170886, 'fire_exp': 1.811096651915224, 'P_half': 157.3644610977214, 'pre_dampen_half': 189.88136301569827, 'gpp_af': 1.9998014714101113, 'gpp_b': 0.00047819318414852577, 'gpp_d': 594.7389794988394, 'ign_k': 0.004105873950290761, 'ign_c': 22.126836566118193, 'trop_agb_crit': 8.0091368834625, 'trop_k_veg': 1.6648666152166967, 'fire_amp': 1.1655705619308396}.
[I 2026-06-11 12:52:34,475] Trial 353 finished with values: [10.75842529177373, 10.75842529177373] and parameters: {'k1': 0.006079905434073396, 'D_low': 15.0613200804335, 'k2': 8.968733598183248e-05, 'D_high': 42.242359735170886, 'fire_exp': 1.7792742686803427, 'P_half': 157.3644610977214, 'pre_dampen_half': 4.847666216751353, 'gpp_af': 29.700320404259642, 'gpp_b': 0.010307896803108956, 'gpp_d': 1.336803341156552, 'ign_k': 0.00660597889201953, 'ign_c': 99.96359851911319, 'trop_agb_crit': 2.100813292597435, 'trop_k_veg': 0.5183533149347164, 'fire_amp': 1.5587346124822492}.
[I 2026-06-11 12:52:35,445] Trial 354 finished with values: [12.776850570245513, 12.776850570245513] and parameters: {'k1': 0.0001599021369655865, 'D_low': 408.3047491580097, 'k2': 0.006802810205786726, 'D_high': 31301.15118850836, 'fire_exp': 1.1633452995374232, 'P_half': 1.859526645713404, 'pre_dampen_half': 75.10418138777538, 'gpp_af': 0.016306190741524337, 'gpp_b': 0.002416023630607169, 'gpp_d': 1.336803341156552, 'ign_k': 0.8945150807271531, 'ign_c': 7.081721844034206, 'trop_agb_crit': 21.086120736447015, 'trop_k_veg': 1.6003641872536711, 'fire_amp': 3.7523365308330816}.
[I 2026-06-11 12:52:37,115] Trial 355 finished with values: [10.06399020642017, 10.06399020642017] and parameters: {'k1': 0.00026539376439360527, 'D_low': 1074.940539517341, 'k2': 0.019383858782150494, 'D_high': 6682.9607218310075, 'fire_exp': 1.2060040899560858, 'P_half': 2.226799690893868, 'pre_dampen_half': 189.36639872354493, 'gpp_af': 27.78052183438328, 'gpp_b': 0.007579368252801536, 'gpp_d': 1.4397852866783676, 'ign_k': 0.09256855841989636, 'ign_c': 7.832259769732471, 'trop_agb_crit': 12.9667438075127, 'trop_k_veg': 2.99731137426955, 'fire_amp': 2.042193818779288}.
[I 2026-06-11 12:52:38,460] Trial 356 finished with values: [10.673169228440898, 10.673169228440898] and parameters: {'k1': 0.012840669372724958, 'D_low': 171.2446447678494, 'k2': 1.1417577140741129e-05, 'D_high': 29.126651668813768, 'fire_exp': 1.111738490499784, 'P_half': 93.43302657318476, 'pre_dampen_half': 253.71947027764784, 'gpp_af': 0.2204465010099918, 'gpp_b': 2.176805640408474e-05, 'gpp_d': 21.899070557043984, 'ign_k': 0.004105873950290761, 'ign_c': 7.832259769732471, 'trop_agb_crit': 12.708819454040446, 'trop_k_veg': 1.6648666152166967, 'fire_amp': 1.1655705619308396}.
[I 2026-06-11 12:52:39,560] Trial 357 finished with values: [10.198974110494255, 10.198974110494255] and parameters: {'k1': 9.132348475718357e-05, 'D_low': 236.79352040223893, 'k2': 0.019383858782150494, 'D_high': 1266.9536563782303, 'fire_exp': 1.2060040899560858, 'P_half': 251.23618639978196, 'pre_dampen_half': 4.847666216751353, 'gpp_af': 0.060029341913968644, 'gpp_b': 1.4008921101492135e-05, 'gpp_d': 1.4397852866783676, 'ign_k': 0.0032383308053152635, 'ign_c': 1.364908766641693, 'trop_agb_crit': 2.100813292597435, 'trop_k_veg': 6.963655030926962, 'fire_amp': 2.7806853670293616}.
[I 2026-06-11 12:52:40,567] Trial 358 finished with values: [10.388875691971284, 10.388875691971284] and parameters: {'k1': 0.00023134781612225627, 'D_low': 2.843767489444367, 'k2': 0.019383858782150494, 'D_high': 31301.15118850836, 'fire_exp': 1.1633452995374232, 'P_half': 51.10120656497163, 'pre_dampen_half': 4.847666216751353, 'gpp_af': 0.060029341913968644, 'gpp_b': 0.0012611058927054877, 'gpp_d': 1.336803341156552, 'ign_k': 0.001229921046579313, 'ign_c': 1.364908766641693, 'trop_agb_crit': 21.086120736447015, 'trop_k_veg': 5.453348988480011, 'fire_amp': 1.686388377130032}.
[I 2026-06-11 12:52:41,563] Trial 359 finished with values: [10.753284205941844, 10.753284205941844] and parameters: {'k1': 0.00023134781612225627, 'D_low': 602.4590664672947, 'k2': 0.019383858782150494, 'D_high': 27.55546207779663, 'fire_exp': 1.2060040899560858, 'P_half': 2757.3353505786354, 'pre_dampen_half': 4.847666216751353, 'gpp_af': 20.12115544906385, 'gpp_b': 0.015062722325200045, 'gpp_d': 20.81401325574021, 'ign_k': 0.002357279455676982, 'ign_c': 388.02797007866826, 'trop_agb_crit': 21.380932890222198, 'trop_k_veg': 2.8926781829782864, 'fire_amp': 5.416595007374148}.
[I 2026-06-11 12:52:42,832] Trial 360 finished with values: [10.64372180674032, 10.64372180674032] and parameters: {'k1': 0.0006390695092073222, 'D_low': 1.4002277211577039, 'k2': 0.019383858782150494, 'D_high': 315.101491238403, 'fire_exp': 1.2060040899560858, 'P_half': 1316.4487472745689, 'pre_dampen_half': 4.847666216751353, 'gpp_af': 0.07302012718529301, 'gpp_b': 5.0875243087016374e-05, 'gpp_d': 1.4397852866783676, 'ign_k': 0.0032383308053152635, 'ign_c': 0.4177928311636542, 'trop_agb_crit': 1.8023542850487386, 'trop_k_veg': 0.6618107836658104, 'fire_amp': 2.7806853670293616}.
[I 2026-06-11 12:52:43,991] Trial 361 finished with values: [10.458906206336954, 10.458906206336954] and parameters: {'k1': 0.006079905434073396, 'D_low': 2.843767489444367, 'k2': 0.0012030178871154666, 'D_high': 21.095259085905752, 'fire_exp': 1.2798881300289222, 'P_half': 436.4516946807792, 'pre_dampen_half': 189.88136301569827, 'gpp_af': 1.9998014714101113, 'gpp_b': 1.7286734109794885e-05, 'gpp_d': 0.7698760608299932, 'ign_k': 4.869640941520899, 'ign_c': 2.2882309479728957, 'trop_agb_crit': 8.0091368834625, 'trop_k_veg': 0.5183533149347164, 'fire_amp': 1.1655705619308396}.
[I 2026-06-11 12:52:45,007] Trial 362 finished with values: [-0.4718526954488247, 0.1697792135552988] and parameters: {'k1': 5.178197947282869e-05, 'D_low': 83.56564873457052, 'k2': 0.019383858782150494, 'D_high': 31301.15118850836, 'fire_exp': 1.2060040899560858, 'P_half': 3.591771421517613, 'pre_dampen_half': 4.847666216751353, 'gpp_af': 0.060029341913968644, 'gpp_b': 1.4008921101492135e-05, 'gpp_d': 1.4397852866783676, 'ign_k': 0.001229921046579313, 'ign_c': 1.364908766641693, 'trop_agb_crit': 2.100813292597435, 'trop_k_veg': 6.963655030926962, 'fire_amp': 2.7806853670293616}.
[I 2026-06-11 12:52:46,011] Trial 363 finished with values: [10.10588120945776, 10.10588120945776] and parameters: {'k1': 9.132348475718357e-05, 'D_low': 2186.356344942016, 'k2': 0.019383858782150494, 'D_high': 1817.0401889219124, 'fire_exp': 1.2060040899560858, 'P_half': 1.4551749476072258, 'pre_dampen_half': 8.259599205585761, 'gpp_af': 2.5017068255320485, 'gpp_b': 0.001674375583895437, 'gpp_d': 545.0253444559129, 'ign_k': 0.004105873950290761, 'ign_c': 22.126836566118193, 'trop_agb_crit': 2.100813292597435, 'trop_k_veg': 6.963655030926962, 'fire_amp': 1.4475279918261055}.
[I 2026-06-11 12:52:47,047] Trial 364 finished with values: [10.515678693886827, 10.515678693886827] and parameters: {'k1': 0.016973078532467004, 'D_low': 2.843767489444367, 'k2': 0.0499774937030317, 'D_high': 27.55546207779663, 'fire_exp': 1.6901885781909627, 'P_half': 51.10120656497163, 'pre_dampen_half': 123.04779330083686, 'gpp_af': 20.12115544906385, 'gpp_b': 0.015062722325200045, 'gpp_d': 20.81401325574021, 'ign_k': 0.002357279455676982, 'ign_c': 388.02797007866826, 'trop_agb_crit': 24.199763404822136, 'trop_k_veg': 1.2749676887479542, 'fire_amp': 5.416595007374148}.
[I 2026-06-11 12:52:48,082] Trial 365 finished with values: [12.537227388295314, 12.537227388295314] and parameters: {'k1': 0.00026539376439360527, 'D_low': 2186.356344942016, 'k2': 0.08661811390647982, 'D_high': 2295.7398214549485, 'fire_exp': 1.2732983562135975, 'P_half': 1.4551749476072258, 'pre_dampen_half': 189.36639872354493, 'gpp_af': 3.298293484806585, 'gpp_b': 5.0875243087016374e-05, 'gpp_d': 0.030844007727232167, 'ign_k': 0.004105873950290761, 'ign_c': 7.832259769732471, 'trop_agb_crit': 5.588032458772675, 'trop_k_veg': 1.6648666152166967, 'fire_amp': 5.869450070968175}.
[I 2026-06-11 12:52:49,101] Trial 366 finished with values: [10.247524085386967, 10.247524085386967] and parameters: {'k1': 9.293516267059069e-05, 'D_low': 236.79352040223893, 'k2': 0.019383858782150494, 'D_high': 32311.521854410956, 'fire_exp': 1.6901885781909627, 'P_half': 1.4551749476072258, 'pre_dampen_half': 857.6556763881457, 'gpp_af': 0.5970408652384318, 'gpp_b': 0.05314875633348467, 'gpp_d': 1.4397852866783676, 'ign_k': 0.002357279455676982, 'ign_c': 388.02797007866826, 'trop_agb_crit': 1.1683326952092081, 'trop_k_veg': 1.2749676887479542, 'fire_amp': 2.7806853670293616}.
[I 2026-06-11 12:52:50,019] Trial 367 finished with values: [10.916607100564455, 10.916607100564455] and parameters: {'k1': 0.00026539376439360527, 'D_low': 148.21691630007544, 'k2': 0.019383858782150494, 'D_high': 1266.9536563782303, 'fire_exp': 1.2060040899560858, 'P_half': 1.4551749476072258, 'pre_dampen_half': 189.36639872354493, 'gpp_af': 0.060029341913968644, 'gpp_b': 1.4008921101492135e-05, 'gpp_d': 0.030844007727232167, 'ign_k': 0.004105873950290761, 'ign_c': 1.364908766641693, 'trop_agb_crit': 1.8023542850487386, 'trop_k_veg': 2.724170387400844, 'fire_amp': 1.290871715123794}.
[I 2026-06-11 12:52:50,972] Trial 368 finished with values: [11.552092730767964, 11.552092730767964] and parameters: {'k1': 0.006079905434073396, 'D_low': 43.2326421037033, 'k2': 2.316457903103837e-05, 'D_high': 6682.9607218310075, 'fire_exp': 1.0420149135640993, 'P_half': 2.226799690893868, 'pre_dampen_half': 189.36639872354493, 'gpp_af': 3.298293484806585, 'gpp_b': 0.006999112505425414, 'gpp_d': 1.4397852866783676, 'ign_k': 0.02779045054796808, 'ign_c': 7.832259769732471, 'trop_agb_crit': 12.9667438075127, 'trop_k_veg': 1.6648666152166967, 'fire_amp': 2.042193818779288}.
[I 2026-06-11 12:52:52,034] Trial 369 finished with values: [-0.3985313615217193, 0.10705259922111998] and parameters: {'k1': 9.132348475718357e-05, 'D_low': 236.79352040223893, 'k2': 0.019383858782150494, 'D_high': 6682.9607218310075, 'fire_exp': 1.6901885781909627, 'P_half': 3.591771421517613, 'pre_dampen_half': 10.931606102061748, 'gpp_af': 2.5017068255320485, 'gpp_b': 0.001674375583895437, 'gpp_d': 21.899070557043984, 'ign_k': 0.0032383308053152635, 'ign_c': 1.364908766641693, 'trop_agb_crit': 21.086120736447015, 'trop_k_veg': 6.963655030926962, 'fire_amp': 3.7523365308330816}.
[I 2026-06-11 12:52:52,946] Trial 370 finished with values: [10.385955512046626, 10.385955512046626] and parameters: {'k1': 0.0009898117700885534, 'D_low': 2186.356344942016, 'k2': 1.1417577140741129e-05, 'D_high': 29.126651668813768, 'fire_exp': 1.111738490499784, 'P_half': 93.43302657318476, 'pre_dampen_half': 189.36639872354493, 'gpp_af': 0.016306190741524337, 'gpp_b': 2.176805640408474e-05, 'gpp_d': 7.631016235941559, 'ign_k': 0.0029519227433917453, 'ign_c': 7.832259769732471, 'trop_agb_crit': 1.8023542850487386, 'trop_k_veg': 2.520089655463604, 'fire_amp': 1.0759744651553196}.
[I 2026-06-11 12:52:53,882] Trial 371 finished with values: [10.651724397193545, 10.651724397193545] and parameters: {'k1': 5.178197947282869e-05, 'D_low': 1074.940539517341, 'k2': 2.316457903103837e-05, 'D_high': 2295.7398214549485, 'fire_exp': 1.111738490499784, 'P_half': 12.262543158860007, 'pre_dampen_half': 189.36639872354493, 'gpp_af': 0.5970408652384318, 'gpp_b': 0.006999112505425414, 'gpp_d': 0.030844007727232167, 'ign_k': 0.09256855841989636, 'ign_c': 29.690870944846793, 'trop_agb_crit': 5.588032458772675, 'trop_k_veg': 5.022956259243681, 'fire_amp': 3.7523365308330816}.
[I 2026-06-11 12:52:54,856] Trial 372 finished with values: [10.435883294441185, 10.435883294441185] and parameters: {'k1': 0.016973078532467004, 'D_low': 146.24004590125713, 'k2': 0.0001280886335404798, 'D_high': 24.9899605789089, 'fire_exp': 1.811096651915224, 'P_half': 12.262543158860007, 'pre_dampen_half': 189.36639872354493, 'gpp_af': 3.298293484806585, 'gpp_b': 0.16397960021659272, 'gpp_d': 6.284104775086881, 'ign_k': 0.09256855841989636, 'ign_c': 1.364908766641693, 'trop_agb_crit': 12.708819454040446, 'trop_k_veg': 0.5535297685306277, 'fire_amp': 1.5719333351012774}.
[I 2026-06-11 12:52:55,779] Trial 373 finished with values: [-0.5134253350803518, 0.1717524039483379] and parameters: {'k1': 0.0071350717305711155, 'D_low': 2.843767489444367, 'k2': 0.0007731571570012607, 'D_high': 31301.15118850836, 'fire_exp': 1.1633452995374232, 'P_half': 1.859526645713404, 'pre_dampen_half': 37.40930273158252, 'gpp_af': 0.016306190741524337, 'gpp_b': 0.015062722325200045, 'gpp_d': 0.7698760608299932, 'ign_k': 0.8945150807271531, 'ign_c': 7.081721844034206, 'trop_agb_crit': 8.0091368834625, 'trop_k_veg': 1.2396985988794134, 'fire_amp': 1.5587346124822492}.
[I 2026-06-11 12:52:56,729] Trial 374 finished with values: [10.276203277446703, 10.276203277446703] and parameters: {'k1': 0.00026539376439360527, 'D_low': 1.4002277211577039, 'k2': 3.152468275632564e-05, 'D_high': 6682.9607218310075, 'fire_exp': 1.14171776851287, 'P_half': 2.226799690893868, 'pre_dampen_half': 189.36639872354493, 'gpp_af': 27.78052183438328, 'gpp_b': 0.006999112505425414, 'gpp_d': 0.47379914349407487, 'ign_k': 0.0010941664389997358, 'ign_c': 7.832259769732471, 'trop_agb_crit': 12.9667438075127, 'trop_k_veg': 0.7808079158649266, 'fire_amp': 2.804180410489304}.
[I 2026-06-11 12:52:57,659] Trial 375 finished with values: [-0.5129534227926457, 0.16099100025482893] and parameters: {'k1': 0.00026539376439360527, 'D_low': 2.843767489444367, 'k2': 0.0012030178871154666, 'D_high': 1537.592023548176, 'fire_exp': 1.2798881300289222, 'P_half': 45.55085098454082, 'pre_dampen_half': 75.10418138777538, 'gpp_af': 0.016306190741524337, 'gpp_b': 0.0012749409641020352, 'gpp_d': 0.7698760608299932, 'ign_k': 4.869640941520899, 'ign_c': 7.832259769732471, 'trop_agb_crit': 21.380932890222198, 'trop_k_veg': 1.2396985988794134, 'fire_amp': 1.5180207449214471}.
[I 2026-06-11 12:52:58,577] Trial 376 finished with values: [10.521703779267634, 10.521703779267634] and parameters: {'k1': 0.05347027553411487, 'D_low': 236.79352040223893, 'k2': 0.019383858782150494, 'D_high': 1266.9536563782303, 'fire_exp': 1.2060040899560858, 'P_half': 436.4516946807792, 'pre_dampen_half': 4.847666216751353, 'gpp_af': 0.060029341913968644, 'gpp_b': 1.4008921101492135e-05, 'gpp_d': 0.7698760608299932, 'ign_k': 0.0032383308053152635, 'ign_c': 2.2882309479728957, 'trop_agb_crit': 2.100813292597435, 'trop_k_veg': 1.6648666152166967, 'fire_amp': 1.7912500010961188}.
