[I 2026-08-05 23:18:36,859] Trial 450 finished with values: [10.768340236885287, 10.768340236885287] and parameters: {'k1': 0.0029707920514735983, 'D_low': 125.32726386250698, 'k2': 0.0007081721844034209, 'D_high': 109.44963667961977, 'fire_exp': 4.305322641492379, 'P_half': 4.395816797119711, 'pre_dampen_half': 304.7488318185732, 'gpp_af': 0.5107061330406066, 'gpp_b': 0.011750724729953272, 'gpp_d': 150.14555442537656, 'ign_k': 0.03141110271934876, 'ign_c': 0.3528113274684997}.
[I 2026-08-05 23:18:38,016] Trial 451 finished with values: [10.43068257928975, 10.43068257928975] and parameters: {'k1': 0.0014452451441203328, 'D_low': 2.1234210963705626, 'k2': 0.08894151386481904, 'D_high': 75773.14388518519, 'fire_exp': 1.010722707674549, 'P_half': 10.226988730324324, 'pre_dampen_half': 107.40052367919465, 'gpp_af': 0.5107061330406066, 'gpp_b': 0.6637926838138378, 'gpp_d': 891.8036602897795, 'ign_k': 0.11903394335305037, 'ign_c': 8.671454322584175}.
[I 2026-08-05 23:18:39,257] Trial 452 finished with values: [-0.4871637796160481, 0.8597111414299625] and parameters: {'k1': 0.002407354618388189, 'D_low': 1.4045842344024697, 'k2': 4.763991596630584e-05, 'D_high': 9769.756791866093, 'fire_exp': 1.1258453832483524, 'P_half': 10.226988730324324, 'pre_dampen_half': 107.40052367919465, 'gpp_af': 0.5107061330406066, 'gpp_b': 3.228689523591491e-05, 'gpp_d': 79.2915624488668, 'ign_k': 8.761971101023693, 'ign_c': 8.671454322584175}.
[I 2026-08-05 23:18:40,476] Trial 453 finished with values: [10.20651744767691, 10.20651744767691] and parameters: {'k1': 0.008956420301712053, 'D_low': 2.1234210963705626, 'k2': 2.678690610097712e-05, 'D_high': 9769.756791866093, 'fire_exp': 1.1044852285094786, 'P_half': 13.019246714361572, 'pre_dampen_half': 703.6426675556048, 'gpp_af': 0.001339466259146302, 'gpp_b': 3.139005000572696e-05, 'gpp_d': 368.30088529547436, 'ign_k': 0.04563289369649656, 'ign_c': 12.37061744238074}.
[I 2026-08-05 23:18:41,678] Trial 454 finished with values: [10.271263774598731, 10.271263774598731] and parameters: {'k1': 0.0029707920514735983, 'D_low': 2.1234210963705626, 'k2': 0.0027431991397796683, 'D_high': 11069.082134755383, 'fire_exp': 1.010722707674549, 'P_half': 10.226988730324324, 'pre_dampen_half': 304.7488318185732, 'gpp_af': 5.511863475708366, 'gpp_b': 0.6637926838138378, 'gpp_d': 5.085491038878331, 'ign_k': 0.34703605955441524, 'ign_c': 3.0378658251922155}.
[I 2026-08-05 23:18:42,870] Trial 455 finished with values: [10.067595696843565, 10.067595696843565] and parameters: {'k1': 0.02641449645424223, 'D_low': 2.1234210963705626, 'k2': 0.0007081721844034209, 'D_high': 48249.14281180252, 'fire_exp': 1.1670151053031461, 'P_half': 10.226988730324324, 'pre_dampen_half': 107.40052367919465, 'gpp_af': 5.511863475708366, 'gpp_b': 0.011750724729953272, 'gpp_d': 653.070428885499, 'ign_k': 0.3818468247973969, 'ign_c': 8.671454322584175}.
[I 2026-08-05 23:18:44,250] Trial 456 finished with values: [10.284778306057554, 10.284778306057554] and parameters: {'k1': 0.002407354618388189, 'D_low': 1.4045842344024697, 'k2': 0.08894151386481904, 'D_high': 75773.14388518519, 'fire_exp': 2.197213031069217, 'P_half': 339.2247823857358, 'pre_dampen_half': 304.7488318185732, 'gpp_af': 0.04339970334001348, 'gpp_b': 7.402343469704428e-05, 'gpp_d': 5.878566318396007, 'ign_k': 5.347027553411489, 'ign_c': 8.671454322584175}.
[I 2026-08-05 23:18:45,486] Trial 457 finished with values: [10.051736652077166, 10.051736652077166] and parameters: {'k1': 0.0029707920514735983, 'D_low': 9.330007965781027, 'k2': 1.4378290221680118e-05, 'D_high': 9769.756791866093, 'fire_exp': 1.0881360604103363, 'P_half': 13.019246714361572, 'pre_dampen_half': 304.7488318185732, 'gpp_af': 29.925002022877802, 'gpp_b': 0.011750724729953272, 'gpp_d': 857.4284557962634, 'ign_k': 0.04563289369649656, 'ign_c': 2.4287565087611744}.
[I 2026-08-05 23:18:46,680] Trial 458 finished with values: [10.03438463698971, 10.03438463698971] and parameters: {'k1': 0.008956420301712053, 'D_low': 125.32726386250698, 'k2': 0.08894151386481904, 'D_high': 9769.756791866093, 'fire_exp': 1.010722707674549, 'P_half': 13.019246714361572, 'pre_dampen_half': 107.40052367919465, 'gpp_af': 0.04339970334001348, 'gpp_b': 7.402343469704428e-05, 'gpp_d': 0.03254982364882648, 'ign_k': 0.34703605955441524, 'ign_c': 12.37061744238074}.
[I 2026-08-05 23:18:47,874] Trial 459 finished with values: [-0.5341287693331888, 0.7541074830812979] and parameters: {'k1': 0.00013783578294796384, 'D_low': 9.330007965781027, 'k2': 0.0007081721844034209, 'D_high': 9769.756791866093, 'fire_exp': 1.0881360604103363, 'P_half': 10.226988730324324, 'pre_dampen_half': 485.44768702840923, 'gpp_af': 29.925002022877802, 'gpp_b': 0.011750724729953272, 'gpp_d': 857.4284557962634, 'ign_k': 8.761971101023693, 'ign_c': 2.4287565087611744}.
[I 2026-08-05 23:18:49,069] Trial 460 finished with values: [10.112907332245738, 10.112907332245738] and parameters: {'k1': 0.005643426708406567, 'D_low': 1.4045842344024697, 'k2': 0.0007081721844034209, 'D_high': 75773.14388518519, 'fire_exp': 1.1044852285094786, 'P_half': 10.226988730324324, 'pre_dampen_half': 347.79988160923324, 'gpp_af': 29.925002022877802, 'gpp_b': 7.402343469704428e-05, 'gpp_d': 857.4284557962634, 'ign_k': 0.03141110271934876, 'ign_c': 2.4287565087611744}.
[I 2026-08-05 23:18:50,252] Trial 461 finished with values: [10.001319230715753, 10.001319230715753] and parameters: {'k1': 0.008956420301712053, 'D_low': 125.32726386250698, 'k2': 0.0007081721844034209, 'D_high': 17300.724838654387, 'fire_exp': 1.010722707674549, 'P_half': 8.968733598183245, 'pre_dampen_half': 304.7488318185732, 'gpp_af': 29.925002022877802, 'gpp_b': 3.228689523591491e-05, 'gpp_d': 3.032712462969173, 'ign_k': 0.34703605955441524, 'ign_c': 12.37061744238074}.
[I 2026-08-05 23:18:51,423] Trial 462 finished with values: [-0.5923329973452514, 0.5488838186050958] and parameters: {'k1': 0.0029707920514735983, 'D_low': 18.89739291279832, 'k2': 0.03071666851587867, 'D_high': 7744.80118512745, 'fire_exp': 1.1258453832483524, 'P_half': 13.019246714361572, 'pre_dampen_half': 304.7488318185732, 'gpp_af': 0.0021836613912815635, 'gpp_b': 3.481277316673104e-05, 'gpp_d': 857.4284557962634, 'ign_k': 8.761971101023693, 'ign_c': 1.5061320080433496}.
[I 2026-08-05 23:18:52,613] Trial 463 finished with values: [10.029884730736455, 10.029884730736455] and parameters: {'k1': 0.02641449645424223, 'D_low': 2.1234210963705626, 'k2': 0.0001599021369655865, 'D_high': 6802.810205786723, 'fire_exp': 1.1670151053031461, 'P_half': 8.968733598183245, 'pre_dampen_half': 107.40052367919465, 'gpp_af': 5.511863475708366, 'gpp_b': 0.00012797528816608022, 'gpp_d': 5.679195944606101, 'ign_k': 0.3818468247973969, 'ign_c': 8.671454322584175}.
[I 2026-08-05 23:18:53,812] Trial 464 finished with values: [-0.5327750688971797, 0.839438088408111] and parameters: {'k1': 0.00324789183891923, 'D_low': 4.051452710153359, 'k2': 0.031211489608802344, 'D_high': 31030.112026960956, 'fire_exp': 1.151006986743773, 'P_half': 13.019246714361572, 'pre_dampen_half': 304.7488318185732, 'gpp_af': 29.925002022877802, 'gpp_b': 0.05693092741736214, 'gpp_d': 857.4284557962634, 'ign_k': 0.04563289369649656, 'ign_c': 0.3528113274684997}.
[I 2026-08-05 23:18:55,096] Trial 465 finished with values: [10.768550578128687, 10.768550578128687] and parameters: {'k1': 0.0029707920514735983, 'D_low': 1.1065812688893482, 'k2': 0.031211489608802344, 'D_high': 18.595266457134045, 'fire_exp': 3.1018148805490564, 'P_half': 10.226988730324324, 'pre_dampen_half': 107.40052367919465, 'gpp_af': 29.925002022877802, 'gpp_b': 0.011750724729953272, 'gpp_d': 223.60515435267138, 'ign_k': 0.34703605955441524, 'ign_c': 8.671454322584175}.
[I 2026-08-05 23:18:56,268] Trial 466 finished with values: [-0.47556469513744826, 0.8688868985744825] and parameters: {'k1': 0.0029707920514735983, 'D_low': 43.03411264066069, 'k2': 1.4378290221680118e-05, 'D_high': 75773.14388518519, 'fire_exp': 1.010722707674549, 'P_half': 13.019246714361572, 'pre_dampen_half': 304.7488318185732, 'gpp_af': 29.925002022877802, 'gpp_b': 0.011750724729953272, 'gpp_d': 857.4284557962634, 'ign_k': 0.03141110271934876, 'ign_c': 3.0378658251922155}.
[I 2026-08-05 23:18:57,467] Trial 467 finished with values: [-0.48350774721750556, 0.9016169382679611] and parameters: {'k1': 0.010253368317956682, 'D_low': 4.051452710153359, 'k2': 4.30943585950406e-05, 'D_high': 33379.746704222074, 'fire_exp': 1.0881360604103363, 'P_half': 24.136213194527585, 'pre_dampen_half': 304.7488318185732, 'gpp_af': 92.21975850381763, 'gpp_b': 3.228689523591491e-05, 'gpp_d': 857.4284557962634, 'ign_k': 0.03141110271934876, 'ign_c': 3.0378658251922155}.
[I 2026-08-05 23:18:58,649] Trial 468 finished with values: [-0.48619727448994077, 0.920083322801739] and parameters: {'k1': 0.002407354618388189, 'D_low': 1.2299210465793122, 'k2': 0.08894151386481904, 'D_high': 75773.14388518519, 'fire_exp': 1.010722707674549, 'P_half': 51.10120656497163, 'pre_dampen_half': 107.40052367919465, 'gpp_af': 0.5107061330406066, 'gpp_b': 3.228689523591491e-05, 'gpp_d': 5.878566318396007, 'ign_k': 0.031134168041628628, 'ign_c': 8.671454322584175}.
[I 2026-08-05 23:18:59,797] Trial 469 finished with values: [10.056561839476492, 10.056561839476492] and parameters: {'k1': 0.0029707920514735983, 'D_low': 4.051452710153359, 'k2': 0.0007081721844034209, 'D_high': 9769.756791866093, 'fire_exp': 1.0881360604103363, 'P_half': 10.226988730324324, 'pre_dampen_half': 304.7488318185732, 'gpp_af': 29.925002022877802, 'gpp_b': 0.011750724729953272, 'gpp_d': 8.144272585223819, 'ign_k': 8.761971101023693, 'ign_c': 2.41842279584716}.
[I 2026-08-05 23:19:01,027] Trial 470 finished with values: [-0.5777451754153198, 0.5024583367399458] and parameters: {'k1': 0.008956420301712053, 'D_low': 2.1234210963705626, 'k2': 0.031211489608802344, 'D_high': 9769.756791866093, 'fire_exp': 1.1044852285094786, 'P_half': 13.019246714361572, 'pre_dampen_half': 703.6426675556048, 'gpp_af': 0.001339466259146302, 'gpp_b': 3.139005000572696e-05, 'gpp_d': 368.30088529547436, 'ign_k': 0.03141110271934876, 'ign_c': 0.3528113274684997}.
[I 2026-08-05 23:19:02,200] Trial 471 finished with values: [10.196444215520195, 10.196444215520195] and parameters: {'k1': 0.00013783578294796384, 'D_low': 1.2299210465793122, 'k2': 0.08894151386481904, 'D_high': 9769.756791866093, 'fire_exp': 1.0881360604103363, 'P_half': 10.226988730324324, 'pre_dampen_half': 304.7488318185732, 'gpp_af': 29.925002022877802, 'gpp_b': 0.05314875633348467, 'gpp_d': 20.54051942538844, 'ign_k': 8.761971101023693, 'ign_c': 0.15239409361703363}.
[I 2026-08-05 23:19:03,368] Trial 472 finished with values: [10.140755976053983, 10.140755976053983] and parameters: {'k1': 0.002407354618388189, 'D_low': 1.4045842344024697, 'k2': 0.08894151386481904, 'D_high': 75773.14388518519, 'fire_exp': 1.1044852285094786, 'P_half': 13.019246714361572, 'pre_dampen_half': 107.40052367919465, 'gpp_af': 0.5107061330406066, 'gpp_b': 7.402343469704428e-05, 'gpp_d': 227.8683621488816, 'ign_k': 0.13054148118849407, 'ign_c': 0.17036120617148395}.
[I 2026-08-05 23:19:04,759] Trial 473 finished with values: [10.769230769178105, 10.769230769178105] and parameters: {'k1': 0.002407354618388189, 'D_low': 125.32726386250698, 'k2': 0.0783350052213816, 'D_high': 830.8114652888394, 'fire_exp': 1.1044852285094786, 'P_half': 13.019246714361572, 'pre_dampen_half': 347.79988160923324, 'gpp_af': 69.88585397513438, 'gpp_b': 7.402343469704428e-05, 'gpp_d': 5.878566318396007, 'ign_k': 8.761971101023693, 'ign_c': 99.67983879709281}.
[I 2026-08-05 23:19:05,965] Trial 474 finished with values: [10.75795734791469, 10.75795734791469] and parameters: {'k1': 0.002407354618388189, 'D_low': 1.4045842344024697, 'k2': 0.031211489608802344, 'D_high': 33.139424373451995, 'fire_exp': 1.1258453832483524, 'P_half': 13.019246714361572, 'pre_dampen_half': 107.40052367919465, 'gpp_af': 0.5107061330406066, 'gpp_b': 3.228689523591491e-05, 'gpp_d': 0.11136446029400991, 'ign_k': 8.761971101023693, 'ign_c': 8.671454322584175}.
[I 2026-08-05 23:19:07,149] Trial 475 finished with values: [10.766741206996343, 10.766741206996343] and parameters: {'k1': 0.008956420301712053, 'D_low': 2.1234210963705626, 'k2': 0.031211489608802344, 'D_high': 26666.09148594752, 'fire_exp': 1.1044852285094786, 'P_half': 13.019246714361572, 'pre_dampen_half': 703.6426675556048, 'gpp_af': 0.001339466259146302, 'gpp_b': 0.35446974723746, 'gpp_d': 368.30088529547436, 'ign_k': 0.04563289369649656, 'ign_c': 8.671454322584175}.
[I 2026-08-05 23:19:08,306] Trial 476 finished with values: [10.496918694713637, 10.496918694713637] and parameters: {'k1': 0.00013783578294796384, 'D_low': 9.330007965781027, 'k2': 0.0007081721844034209, 'D_high': 39.323386421481615, 'fire_exp': 1.058246684404056, 'P_half': 10.226988730324324, 'pre_dampen_half': 304.7488318185732, 'gpp_af': 29.925002022877802, 'gpp_b': 0.0002399125814348087, 'gpp_d': 857.4284557962634, 'ign_k': 0.03141110271934876, 'ign_c': 10.140635645866492}.
[I 2026-08-05 23:19:09,498] Trial 477 finished with values: [-0.5488704733277896, 0.6052023145145653] and parameters: {'k1': 0.00013783578294796384, 'D_low': 29.89885508829526, 'k2': 0.0007081721844034209, 'D_high': 9769.756791866093, 'fire_exp': 1.0881360604103363, 'P_half': 51.10120656497163, 'pre_dampen_half': 304.7488318185732, 'gpp_af': 5.511863475708366, 'gpp_b': 0.011750724729953272, 'gpp_d': 891.8036602897795, 'ign_k': 8.761971101023693, 'ign_c': 0.3528113274684997}.
[I 2026-08-05 23:19:10,691] Trial 478 finished with values: [10.492482734554299, 10.492482734554299] and parameters: {'k1': 1.226010546471291e-05, 'D_low': 1.1065812688893482, 'k2': 0.0022957398214549472, 'D_high': 9769.756791866093, 'fire_exp': 1.0881360604103363, 'P_half': 8.968733598183245, 'pre_dampen_half': 304.7488318185732, 'gpp_af': 29.925002022877802, 'gpp_b': 0.05693092741736214, 'gpp_d': 3.032712462969173, 'ign_k': 0.34703605955441524, 'ign_c': 0.3528113274684997}.
[I 2026-08-05 23:19:11,856] Trial 479 finished with values: [10.499215670166667, 10.499215670166667] and parameters: {'k1': 0.0029707920514735983, 'D_low': 2.1234210963705626, 'k2': 0.0001969885015387913, 'D_high': 75773.14388518519, 'fire_exp': 1.010722707674549, 'P_half': 13.019246714361572, 'pre_dampen_half': 2.7746994751929965, 'gpp_af': 5.511863475708366, 'gpp_b': 0.4192224259816183, 'gpp_d': 891.8036602897795, 'ign_k': 5.9736167866478125, 'ign_c': 3.0378658251922155}.
[I 2026-08-05 23:19:13,043] Trial 480 finished with values: [-0.5512683395700309, 0.5209245230439699] and parameters: {'k1': 0.002407354618388189, 'D_low': 2.1234210963705626, 'k2': 0.031211489608802344, 'D_high': 26666.09148594752, 'fire_exp': 1.1044852285094786, 'P_half': 13.019246714361572, 'pre_dampen_half': 347.79988160923324, 'gpp_af': 0.001339466259146302, 'gpp_b': 7.402343469704428e-05, 'gpp_d': 368.30088529547436, 'ign_k': 0.04563289369649656, 'ign_c': 2.4287565087611744}.
[I 2026-08-05 23:19:14,207] Trial 481 finished with values: [10.44539450852936, 10.44539450852936] and parameters: {'k1': 0.002407354618388189, 'D_low': 1.4045842344024697, 'k2': 0.0001870742013766025, 'D_high': 75773.14388518519, 'fire_exp': 1.010722707674549, 'P_half': 540.9803697908727, 'pre_dampen_half': 703.6426675556048, 'gpp_af': 0.16963424566072005, 'gpp_b': 0.011750724729953272, 'gpp_d': 0.2334174560017147, 'ign_k': 0.031134168041628628, 'ign_c': 8.671454322584175}.
[I 2026-08-05 23:19:15,378] Trial 482 finished with values: [-0.47579178183008264, 0.8603890058497998] and parameters: {'k1': 0.0004846497679219079, 'D_low': 1.1065812688893482, 'k2': 0.0007081721844034209, 'D_high': 48249.14281180252, 'fire_exp': 1.0881360604103363, 'P_half': 10.226988730324324, 'pre_dampen_half': 107.40052367919465, 'gpp_af': 29.925002022877802, 'gpp_b': 0.011750724729953272, 'gpp_d': 967.4365715402611, 'ign_k': 0.03033111747878116, 'ign_c': 12.37061744238074}.
[I 2026-08-05 23:19:16,567] Trial 483 finished with values: [-0.5786817052445222, 0.49795987682238885] and parameters: {'k1': 0.008956420301712053, 'D_low': 1.1065812688893482, 'k2': 0.0007081721844034209, 'D_high': 9769.756791866093, 'fire_exp': 1.1044852285094786, 'P_half': 10.226988730324324, 'pre_dampen_half': 703.6426675556048, 'gpp_af': 0.001339466259146302, 'gpp_b': 3.139005000572696e-05, 'gpp_d': 368.30088529547436, 'ign_k': 0.050667002161528835, 'ign_c': 8.671454322584175}.
[I 2026-08-05 23:19:17,781] Trial 484 finished with values: [10.385340659613652, 10.385340659613652] and parameters: {'k1': 0.00324789183891923, 'D_low': 1.4045842344024697, 'k2': 0.00011939136672856547, 'D_high': 639.0695092073224, 'fire_exp': 1.151006986743773, 'P_half': 13.019246714361572, 'pre_dampen_half': 107.40052367919465, 'gpp_af': 0.5107061330406066, 'gpp_b': 9.58832899519661e-05, 'gpp_d': 5.878566318396007, 'ign_k': 0.04563289369649656, 'ign_c': 12.37061744238074}.
[I 2026-08-05 23:19:18,973] Trial 485 finished with values: [10.50460509532307, 10.50460509532307] and parameters: {'k1': 0.008956420301712053, 'D_low': 1510.9086063191912, 'k2': 0.00011939136672856547, 'D_high': 9769.756791866093, 'fire_exp': 1.1044852285094786, 'P_half': 8.968733598183245, 'pre_dampen_half': 107.40052367919465, 'gpp_af': 0.5107061330406066, 'gpp_b': 3.139005000572696e-05, 'gpp_d': 3.032712462969173, 'ign_k': 0.04563289369649656, 'ign_c': 8.671454322584175}.
[I 2026-08-05 23:19:20,089] Trial 486 finished with values: [-0.5654222422954648, 0.39583257825598295] and parameters: {'k1': 0.025383218374507292, 'D_low': 2.1234210963705626, 'k2': 4.763991596630584e-05, 'D_high': 9769.756791866093, 'fire_exp': 1.010722707674549, 'P_half': 10.226988730324324, 'pre_dampen_half': 304.7488318185732, 'gpp_af': 5.511863475708366, 'gpp_b': 0.6637926838138378, 'gpp_d': 891.8036602897795, 'ign_k': 0.34703605955441524, 'ign_c': 8.671454322584175}.
[I 2026-08-05 23:19:21,289] Trial 487 finished with values: [-0.49939383504057266, 0.7367133549144238] and parameters: {'k1': 0.0029707920514735983, 'D_low': 29.89885508829526, 'k2': 0.0007081721844034209, 'D_high': 7744.80118512745, 'fire_exp': 1.0881360604103363, 'P_half': 24.136213194527585, 'pre_dampen_half': 304.7488318185732, 'gpp_af': 29.925002022877802, 'gpp_b': 3.228689523591491e-05, 'gpp_d': 857.4284557962634, 'ign_k': 0.03141110271934876, 'ign_c': 0.9294394155644988}.
[I 2026-08-05 23:19:22,454] Trial 488 finished with values: [10.413604485119832, 10.413604485119832] and parameters: {'k1': 2.0937989739527727e-05, 'D_low': 595.2904331761849, 'k2': 0.0022957398214549472, 'D_high': 9769.756791866093, 'fire_exp': 1.151006986743773, 'P_half': 7.639737756882015, 'pre_dampen_half': 111.37963167994629, 'gpp_af': 23.63242908838987, 'gpp_b': 2.800940363375676e-05, 'gpp_d': 3.032712462969173, 'ign_k': 0.34703605955441524, 'ign_c': 0.21356209987689076}.
[I 2026-08-05 23:19:23,650] Trial 489 finished with values: [10.291136990714499, 10.291136990714499] and parameters: {'k1': 0.0004846497679219079, 'D_low': 9.330007965781027, 'k2': 0.0007081721844034209, 'D_high': 9769.756791866093, 'fire_exp': 1.0881360604103363, 'P_half': 4.395816797119711, 'pre_dampen_half': 25.2636741027941, 'gpp_af': 12.298017893269162, 'gpp_b': 0.011750724729953272, 'gpp_d': 857.4284557962634, 'ign_k': 0.03141110271934876, 'ign_c': 0.3528113274684997}.
[I 2026-08-05 23:19:24,985] Trial 490 finished with values: [10.11193232063786, 10.11193232063786] and parameters: {'k1': 0.00013783578294796384, 'D_low': 1.4045842344024697, 'k2': 0.0027431991397796683, 'D_high': 1024.9816559563214, 'fire_exp': 1.1258453832483524, 'P_half': 13.019246714361572, 'pre_dampen_half': 347.79988160923324, 'gpp_af': 0.015769192447197523, 'gpp_b': 7.402343469704428e-05, 'gpp_d': 2.8006820077310213, 'ign_k': 8.761971101023693, 'ign_c': 0.9294394155644988}.
[I 2026-08-05 23:19:26,182] Trial 491 finished with values: [10.769230575916984, 10.769230575916984] and parameters: {'k1': 0.025383218374507292, 'D_low': 1.4045842344024697, 'k2': 4.763991596630584e-05, 'D_high': 9769.756791866093, 'fire_exp': 4.513476798165099, 'P_half': 10.226988730324324, 'pre_dampen_half': 304.7488318185732, 'gpp_af': 0.023243291829111983, 'gpp_b': 0.6637926838138378, 'gpp_d': 891.8036602897795, 'ign_k': 0.34703605955441524, 'ign_c': 8.671454322584175}.
[I 2026-08-05 23:19:27,387] Trial 492 finished with values: [10.550460354022281, 10.550460354022281] and parameters: {'k1': 0.0029707920514735983, 'D_low': 18.89739291279832, 'k2': 0.0027431991397796683, 'D_high': 9769.756791866093, 'fire_exp': 1.0881360604103363, 'P_half': 13.019246714361572, 'pre_dampen_half': 567.9600794296686, 'gpp_af': 0.0025511964576171086, 'gpp_b': 0.011750724729953272, 'gpp_d': 857.4284557962634, 'ign_k': 8.761971101023693, 'ign_c': 3.0378658251922155}.
[I 2026-08-05 23:19:28,531] Trial 493 finished with values: [10.192627009127499, 10.192627009127499] and parameters: {'k1': 0.0024398964530167717, 'D_low': 4.020051040432125, 'k2': 0.0010204225357677778, 'D_high': 9769.756791866093, 'fire_exp': 1.010722707674549, 'P_half': 63.585411411994926, 'pre_dampen_half': 347.79988160923324, 'gpp_af': 10.25616274847308, 'gpp_b': 2.800940363375676e-05, 'gpp_d': 3.032712462969173, 'ign_k': 0.05362153030688613, 'ign_c': 12.37061744238074}.
[I 2026-08-05 23:19:29,670] Trial 494 finished with values: [10.13125708817632, 10.13125708817632] and parameters: {'k1': 0.0029707920514735983, 'D_low': 4.051452710153359, 'k2': 0.0001870742013766025, 'D_high': 9769.756791866093, 'fire_exp': 1.010722707674549, 'P_half': 24.136213194527585, 'pre_dampen_half': 304.7488318185732, 'gpp_af': 5.511863475708366, 'gpp_b': 3.228689523591491e-05, 'gpp_d': 891.8036602897795, 'ign_k': 8.761971101023693, 'ign_c': 0.773448215664679}.
