[I 2026-08-20 01:12:29,426] Trial 1920 finished with value: 0.5630778656387603 and parameters: {'k1': 0.005749751135577992, 'D_low': 1.8083348982840393, 'k2': 0.03113918023905787, 'D_high': 35468.52240869825, 'fire_exp': 1.6002070969058548, 'P_half': 108.59086447222597, 'pre_dampen_half': 1.1388065497228237, 'gpp_af': 0.003276190108277673, 'gpp_b': 0.001029029606821297, 'gpp_d': 140.0684141478294, 'ign_k': 0.547814325489096, 'ign_c': 21.57251048661017, 'trop_agb_crit': 2.048058532301909, 'trop_k_veg': 3.9911881731961762, 'pop_amp': 0.008735227207768542, 'pop_peak': 11.898617474211646, 'pop_sig': 0.3256886589116956}. Best is trial 1128 with value: -0.620386984093161.
[I 2026-08-20 01:12:32,458] Trial 1921 finished with value: 0.5131503988560104 and parameters: {'k1': 0.0014192200139310854, 'D_low': 1179.4735524597536, 'k2': 0.09723800536528246, 'D_high': 1331045.8122884799, 'fire_exp': 1.9482251056606088, 'P_half': 49.7328712020191, 'pre_dampen_half': 0.13747795767429846, 'gpp_af': 0.014796099373069966, 'gpp_b': 6.705652870015897e-05, 'gpp_d': 651.9435395050277, 'ign_k': 0.15647289627483413, 'ign_c': 5.598505494977455, 'trop_agb_crit': 5.143523330932048, 'trop_k_veg': 6.472554162558035, 'pop_amp': 0.00844771615991153, 'pop_peak': 2.3446519851792313, 'pop_sig': 0.3000433617946276}. Best is trial 1128 with value: -0.620386984093161.
[I 2026-08-20 01:12:34,912] Trial 1922 finished with value: 0.5578701583762702 and parameters: {'k1': 0.00031310306247442295, 'D_low': 123.85361113957391, 'k2': 0.09447024437951496, 'D_high': 133012.5623921166, 'fire_exp': 1.1996804317085543, 'P_half': 552.3339812690549, 'pre_dampen_half': 2.258578919191109, 'gpp_af': 0.0015160995160389942, 'gpp_b': 0.0017912981050518522, 'gpp_d': 399.2237819416494, 'ign_k': 5.37788662154959, 'ign_c': 2.5478937927696554, 'trop_agb_crit': 8.704818570947115, 'trop_k_veg': 2.6657232901371954, 'pop_amp': 0.00169921652811739, 'pop_peak': 3.9120338527966263, 'pop_sig': 0.2845539711572908}. Best is trial 1128 with value: -0.620386984093161.
[I 2026-08-20 01:12:37,209] Trial 1923 finished with value: 0.6543937388500813 and parameters: {'k1': 0.03629844225884997, 'D_low': 2.190829357076683, 'k2': 8.54868913939645e-05, 'D_high': 1323763.0893600094, 'fire_exp': 2.104835349786258, 'P_half': 56.98945328596226, 'pre_dampen_half': 2.042117511220904, 'gpp_af': 0.001476654454584619, 'gpp_b': 3.229704029018904e-05, 'gpp_d': 573.3488594548751, 'ign_k': 3.1666799380330457, 'ign_c': 37.70163374345153, 'trop_agb_crit': 4.599058835959646, 'trop_k_veg': 5.508672677380284, 'pop_amp': 0.0019304837116591446, 'pop_peak': 0.13073559743471694, 'pop_sig': 0.5266666677062176}. Best is trial 1128 with value: -0.620386984093161.
[I 2026-08-20 01:12:39,567] Trial 1924 finished with value: 0.4555000651548231 and parameters: {'k1': 0.00039346371446258803, 'D_low': 1.95550306867022, 'k2': 0.0006709891178697366, 'D_high': 357183.44157027977, 'fire_exp': 1.4995359774729762, 'P_half': 101.61487020416087, 'pre_dampen_half': 131.28674336343508, 'gpp_af': 0.0018541524841941782, 'gpp_b': 0.0009918419795826256, 'gpp_d': 5.426371077118286, 'ign_k': 1.6911287583980674, 'ign_c': 19.875167584471463, 'trop_agb_crit': 3.356627836774632, 'trop_k_veg': 7.4907043631977785, 'pop_amp': 0.005603006673798981, 'pop_peak': 11.610897646812528, 'pop_sig': 0.270130430802805}. Best is trial 1128 with value: -0.620386984093161.
[I 2026-08-20 01:12:41,458] Trial 1925 finished with value: 0.5822757456606166 and parameters: {'k1': 0.00010236481999573372, 'D_low': 1.4311307843673922, 'k2': 0.022811369772609353, 'D_high': 2177561.004844483, 'fire_exp': 2.516203513120026, 'P_half': 60.74348646280647, 'pre_dampen_half': 0.0179121732660399, 'gpp_af': 0.007797574273043755, 'gpp_b': 0.0112103476102619, 'gpp_d': 308.97022701529744, 'ign_k': 0.06416200742553393, 'ign_c': 0.9305684442508106, 'trop_agb_crit': 7.375379471819823, 'trop_k_veg': 0.7820490573852779, 'pop_amp': 5.865246518248063, 'pop_peak': 296.19122512750647, 'pop_sig': 1.2224229851987658}. Best is trial 1128 with value: -0.620386984093161.
[I 2026-08-20 01:12:43,580] Trial 1926 finished with value: 0.5112985286682706 and parameters: {'k1': 0.0012749345245334105, 'D_low': 9.526432205556084, 'k2': 0.0040195873101547775, 'D_high': 124596.51863118743, 'fire_exp': 1.2825608615420216, 'P_half': 41.98788308880618, 'pre_dampen_half': 12.251356175942425, 'gpp_af': 0.0013176130320204907, 'gpp_b': 0.00048087590113622783, 'gpp_d': 861.2341590715457, 'ign_k': 0.4084575017661052, 'ign_c': 24.73819892017222, 'trop_agb_crit': 6.793191712136674, 'trop_k_veg': 4.520654938071294, 'pop_amp': 0.0013567962477053243, 'pop_peak': 2.4382154240747163, 'pop_sig': 0.5252470096635925}. Best is trial 1128 with value: -0.620386984093161.
[I 2026-08-20 01:12:45,840] Trial 1927 finished with value: 0.6809303726357869 and parameters: {'k1': 0.000291067319485035, 'D_low': 3.4463192390411996, 'k2': 0.07502025727607588, 'D_high': 6461061.030674062, 'fire_exp': 1.0123015053524378, 'P_half': 24.960343877414914, 'pre_dampen_half': 3.719242662426778, 'gpp_af': 0.006284766620666162, 'gpp_b': 0.0025013334677276094, 'gpp_d': 106.8054341673077, 'ign_k': 0.004767778307970432, 'ign_c': 0.7635263062851564, 'trop_agb_crit': 10.442931815253155, 'trop_k_veg': 2.8873635389585965, 'pop_amp': 18.511838052206915, 'pop_peak': 54.96009837990514, 'pop_sig': 2.312953064631183}. Best is trial 1128 with value: -0.620386984093161.
[I 2026-08-20 01:12:47,897] Trial 1928 finished with value: 0.6388330265816355 and parameters: {'k1': 7.721954479546173e-05, 'D_low': 125.49247412991011, 'k2': 0.003982158479364246, 'D_high': 35479.38465379959, 'fire_exp': 3.338830269866644, 'P_half': 2.884128565739861, 'pre_dampen_half': 0.40235080861005124, 'gpp_af': 0.12917973000104374, 'gpp_b': 0.0005725343617058044, 'gpp_d': 781.504681368134, 'ign_k': 2.185471144832931, 'ign_c': 30.55587431343518, 'trop_agb_crit': 2.5456125334312065, 'trop_k_veg': 7.431972762615091, 'pop_amp': 0.0012584682117967611, 'pop_peak': 19.242777841093485, 'pop_sig': 0.3785618249639366}. Best is trial 1128 with value: -0.620386984093161.
[I 2026-08-20 01:12:50,122] Trial 1929 finished with value: -0.5964899057360966 and parameters: {'k1': 0.00034613021427074746, 'D_low': 2.1102525530461427, 'k2': 0.002786987156039842, 'D_high': 4089515.6014170004, 'fire_exp': 1.5085808859227074, 'P_half': 12.997269973919687, 'pre_dampen_half': 3.0604143087112177, 'gpp_af': 0.0018970942565486872, 'gpp_b': 2.365507704394629e-05, 'gpp_d': 41.939173243159175, 'ign_k': 1.5331098732261699, 'ign_c': 10.849204176600031, 'trop_agb_crit': 2.4539308923014422, 'trop_k_veg': 5.156816528638715, 'pop_amp': 0.0022554602990608142, 'pop_peak': 3.277804280527194, 'pop_sig': 0.4429215461862672}. Best is trial 1128 with value: -0.620386984093161.
[I 2026-08-20 01:12:52,860] Trial 1930 finished with value: 0.3965593191172603 and parameters: {'k1': 0.0009917143652506347, 'D_low': 10.055784708215983, 'k2': 0.002361230112622795, 'D_high': 730597.7042028346, 'fire_exp': 1.5035580208601838, 'P_half': 46.36991047347932, 'pre_dampen_half': 7.933719452391924, 'gpp_af': 0.0031934090319885506, 'gpp_b': 9.187998117361926e-05, 'gpp_d': 761.7468558426956, 'ign_k': 1.418031884189867, 'ign_c': 15.777030657163518, 'trop_agb_crit': 2.973777471828265, 'trop_k_veg': 6.841263849218337, 'pop_amp': 0.0016792223047920815, 'pop_peak': 107.61217904002798, 'pop_sig': 0.6920230313650578}. Best is trial 1128 with value: -0.620386984093161.
[I 2026-08-20 01:12:54,765] Trial 1931 finished with value: 0.41525193806121563 and parameters: {'k1': 0.00035701078284708224, 'D_low': 8.456799017670642, 'k2': 0.00269535620604132, 'D_high': 9477426.712013684, 'fire_exp': 1.1138573841615724, 'P_half': 107.03385837839018, 'pre_dampen_half': 5.524060143427436, 'gpp_af': 0.03186745600188353, 'gpp_b': 2.6308345300651942e-05, 'gpp_d': 26.930663078125463, 'ign_k': 0.7484137965510531, 'ign_c': 6.56757636390007, 'trop_agb_crit': 4.054892316705722, 'trop_k_veg': 7.9624310529588405, 'pop_amp': 0.003549171804073135, 'pop_peak': 2.35053501975977, 'pop_sig': 0.6540610985829719}. Best is trial 1128 with value: -0.620386984093161.
[I 2026-08-20 01:12:57,203] Trial 1932 finished with value: 0.6456089678471243 and parameters: {'k1': 0.00021534753430167502, 'D_low': 233.76144483020957, 'k2': 0.00468240428535889, 'D_high': 25804.200896309663, 'fire_exp': 1.2270173399929054, 'P_half': 176.56438949751282, 'pre_dampen_half': 1.99415647374086, 'gpp_af': 0.007366868480256911, 'gpp_b': 6.651515793445681e-05, 'gpp_d': 170.28619401990574, 'ign_k': 4.157575193134349, 'ign_c': 37.59210295976816, 'trop_agb_crit': 3.576930517241994, 'trop_k_veg': 7.190712454277789, 'pop_amp': 0.003250569512673108, 'pop_peak': 7.827493284874625, 'pop_sig': 0.44736333580559395}. Best is trial 1128 with value: -0.620386984093161.
[I 2026-08-20 01:12:59,982] Trial 1933 finished with value: 0.4208758873438029 and parameters: {'k1': 0.0009637889085008044, 'D_low': 2.779644275908871, 'k2': 0.007551003160004365, 'D_high': 5295840.938006245, 'fire_exp': 1.551780466227497, 'P_half': 25.4654024338947, 'pre_dampen_half': 11.820398053494564, 'gpp_af': 0.0017507520843175223, 'gpp_b': 0.0001773256082119046, 'gpp_d': 0.5704071692152103, 'ign_k': 6.231586382623285, 'ign_c': 8.429346080820192, 'trop_agb_crit': 5.939210975022548, 'trop_k_veg': 2.7044660680613353, 'pop_amp': 0.0012892737564919915, 'pop_peak': 26.07946164877435, 'pop_sig': 0.9243289762723863}. Best is trial 1128 with value: -0.620386984093161.
[I 2026-08-20 01:13:02,821] Trial 1934 finished with value: 0.6579630291537066 and parameters: {'k1': 4.0689131908079074e-05, 'D_low': 1.616359687991478, 'k2': 0.0022044125679438033, 'D_high': 2925734.638885062, 'fire_exp': 2.0851485201281896, 'P_half': 1.7390453085302995, 'pre_dampen_half': 132.10088111479956, 'gpp_af': 0.12114078469863832, 'gpp_b': 0.0012176445004489322, 'gpp_d': 2.779358794925319, 'ign_k': 5.773628149838825, 'ign_c': 33.9884164599683, 'trop_agb_crit': 8.772922093506644, 'trop_k_veg': 7.630119995966199, 'pop_amp': 0.0028203697340067765, 'pop_peak': 6.361300130826628, 'pop_sig': 0.3147657074476731}. Best is trial 1128 with value: -0.620386984093161.
[I 2026-08-20 01:13:05,592] Trial 1935 finished with value: 0.6445374145881376 and parameters: {'k1': 0.0006418715808844041, 'D_low': 727.5391603454495, 'k2': 0.029281269112780357, 'D_high': 744434.2618551131, 'fire_exp': 1.053001298473664, 'P_half': 100.23392341793709, 'pre_dampen_half': 0.2904130818597233, 'gpp_af': 0.03064969975826837, 'gpp_b': 5.5476008322937644e-05, 'gpp_d': 126.28579930557922, 'ign_k': 8.728676237794948, 'ign_c': 55.9387101254795, 'trop_agb_crit': 17.067386436719193, 'trop_k_veg': 6.497457592363858, 'pop_amp': 0.003529869565067245, 'pop_peak': 2.873513423017575, 'pop_sig': 0.4861202074881335}. Best is trial 1128 with value: -0.620386984093161.
[I 2026-08-20 01:13:08,414] Trial 1936 finished with value: 0.4108538680902589 and parameters: {'k1': 0.0005016391053244554, 'D_low': 3.8538955852716796, 'k2': 0.0035652315032901004, 'D_high': 4600307.92132677, 'fire_exp': 1.746194669752445, 'P_half': 11.106980928644498, 'pre_dampen_half': 3.9102386128731386, 'gpp_af': 0.0024688197203475725, 'gpp_b': 4.981166223675045e-05, 'gpp_d': 14.298199550286746, 'ign_k': 0.6027172388825226, 'ign_c': 0.7524607826356791, 'trop_agb_crit': 5.149864162886877, 'trop_k_veg': 4.391203710748034, 'pop_amp': 0.004770562448193317, 'pop_peak': 0.5326655401244674, 'pop_sig': 0.4149287211955925}. Best is trial 1128 with value: -0.620386984093161.
[I 2026-08-20 01:13:11,376] Trial 1937 finished with value: 0.5194108514911842 and parameters: {'k1': 0.0021447232067446868, 'D_low': 3.96364028487433, 'k2': 0.0023471880934186518, 'D_high': 907963.2178055437, 'fire_exp': 1.7361546012195015, 'P_half': 1.8138715641928136, 'pre_dampen_half': 0.03952808390508009, 'gpp_af': 1.6531233374458547, 'gpp_b': 7.707217717733603e-05, 'gpp_d': 4.241729977845026, 'ign_k': 0.07801576502731114, 'ign_c': 9.61403941603368, 'trop_agb_crit': 6.27092608961152, 'trop_k_veg': 2.9019790271325103, 'pop_amp': 0.14105361071683856, 'pop_peak': 69.61886604866433, 'pop_sig': 0.49744268879564835}. Best is trial 1128 with value: -0.620386984093161.
[I 2026-08-20 01:13:14,968] Trial 1938 finished with value: 0.4623828278325631 and parameters: {'k1': 9.214898271387294e-05, 'D_low': 1.0518759107811197, 'k2': 0.09119872558881632, 'D_high': 697205.2482574066, 'fire_exp': 2.2098084385632553, 'P_half': 12.90645894115887, 'pre_dampen_half': 1.097599029379271, 'gpp_af': 0.006752826545690041, 'gpp_b': 2.6903319763627916e-05, 'gpp_d': 90.14458112723742, 'ign_k': 0.42865576871230643, 'ign_c': 5.221889589710039, 'trop_agb_crit': 2.427802935588812, 'trop_k_veg': 5.798324754186405, 'pop_amp': 0.0010609274622365734, 'pop_peak': 16.414571453111133, 'pop_sig': 0.4760060259438247}. Best is trial 1128 with value: -0.620386984093161.
[I 2026-08-20 01:13:17,790] Trial 1939 finished with value: 0.6276942715107939 and parameters: {'k1': 0.00155066399079338, 'D_low': 46556.93592490778, 'k2': 0.0011930570647573336, 'D_high': 30995.22317330869, 'fire_exp': 1.497501959191105, 'P_half': 660.6685416114798, 'pre_dampen_half': 18.20667768132902, 'gpp_af': 0.014752766848932227, 'gpp_b': 0.006925532812132042, 'gpp_d': 524.4408144178383, 'ign_k': 0.2575491747211754, 'ign_c': 0.3595504410903825, 'trop_agb_crit': 11.739746254505693, 'trop_k_veg': 3.6729792413604563, 'pop_amp': 0.10780690597393955, 'pop_peak': 2.978889273801388, 'pop_sig': 1.1506419545959754}. Best is trial 1128 with value: -0.620386984093161.
[I 2026-08-20 01:13:20,804] Trial 1940 finished with value: 0.5629958121048728 and parameters: {'k1': 0.0003975605804353301, 'D_low': 69.93374584417717, 'k2': 0.0019140635056760415, 'D_high': 1009201.9601281914, 'fire_exp': 2.386935478148216, 'P_half': 11.454180808292634, 'pre_dampen_half': 0.24835213433562645, 'gpp_af': 0.0016753684278370238, 'gpp_b': 0.0002472485180771411, 'gpp_d': 98.4390657138203, 'ign_k': 1.5958364352014747, 'ign_c': 23.12138850407684, 'trop_agb_crit': 1.6725747662910466, 'trop_k_veg': 3.9965929871381825, 'pop_amp': 0.005875210353644331, 'pop_peak': 4.113023250064669, 'pop_sig': 0.4835606779359405}. Best is trial 1128 with value: -0.620386984093161.
[I 2026-08-20 01:13:23,839] Trial 1941 finished with value: 0.4142338786050719 and parameters: {'k1': 6.570054866418228e-05, 'D_low': 1.2404501373366146, 'k2': 0.0007733304873613616, 'D_high': 2378604.033396938, 'fire_exp': 1.1341968443179127, 'P_half': 15.426341878509417, 'pre_dampen_half': 19.40248514627267, 'gpp_af': 0.0042470817503057565, 'gpp_b': 2.5216128333383146e-05, 'gpp_d': 41.145281734026625, 'ign_k': 0.1030737013795476, 'ign_c': 11.017296704882149, 'trop_agb_crit': 1.9591300894504249, 'trop_k_veg': 5.7137395398676425, 'pop_amp': 0.0017933661664197701, 'pop_peak': 0.9397029762585756, 'pop_sig': 0.46285488726576823}. Best is trial 1128 with value: -0.620386984093161.
[I 2026-08-20 01:13:26,914] Trial 1942 finished with value: 0.4602111076382316 and parameters: {'k1': 0.0009123743796359307, 'D_low': 19.7158821016787, 'k2': 0.0014395968645076304, 'D_high': 4716112.045375655, 'fire_exp': 2.913370114011196, 'P_half': 205.2431173300664, 'pre_dampen_half': 4.7098490740461285, 'gpp_af': 0.005954136653486564, 'gpp_b': 2.0397971148789314e-05, 'gpp_d': 124.52375224021871, 'ign_k': 0.45659925975159726, 'ign_c': 9.677438298242402, 'trop_agb_crit': 6.836626365771522, 'trop_k_veg': 6.678932971251502, 'pop_amp': 0.0018159384378126633, 'pop_peak': 0.3422950391158211, 'pop_sig': 2.1633713354191273}. Best is trial 1128 with value: -0.620386984093161.
[I 2026-08-20 01:13:29,950] Trial 1943 finished with value: 0.48337005086914275 and parameters: {'k1': 0.0005086200572330064, 'D_low': 1.2122527260609612, 'k2': 0.003403748913772732, 'D_high': 544332.5479876387, 'fire_exp': 1.437934157007374, 'P_half': 372.2136338787798, 'pre_dampen_half': 1.1923466694446214, 'gpp_af': 0.0015065348454771207, 'gpp_b': 5.279258885418338e-05, 'gpp_d': 43.301072208632185, 'ign_k': 1.0415209701068322, 'ign_c': 1.4029584318928559, 'trop_agb_crit': 3.45687251428689, 'trop_k_veg': 4.61111974105993, 'pop_amp': 0.0010547066571072051, 'pop_peak': 3.8991536241053844, 'pop_sig': 0.7139343227888254}. Best is trial 1128 with value: -0.620386984093161.
[I 2026-08-20 01:13:32,904] Trial 1944 finished with value: 0.6445374145881376 and parameters: {'k1': 0.00011719393258660791, 'D_low': 2896.0369345468853, 'k2': 0.015524242674488741, 'D_high': 1037667.1564513848, 'fire_exp': 2.0187334849089145, 'P_half': 220.27297740014416, 'pre_dampen_half': 31.270183312109786, 'gpp_af': 0.02404587242329683, 'gpp_b': 7.605521483774455e-05, 'gpp_d': 548.8519843739633, 'ign_k': 5.799588996879207, 'ign_c': 92.20083978167074, 'trop_agb_crit': 2.590970744554071, 'trop_k_veg': 6.070937094470345, 'pop_amp': 0.0024585817513572508, 'pop_peak': 251.95194498717268, 'pop_sig': 0.26090546634805145}. Best is trial 1128 with value: -0.620386984093161.
[I 2026-08-20 01:13:36,557] Trial 1945 finished with value: 0.5145234465691273 and parameters: {'k1': 0.004055310707771519, 'D_low': 108.94866848529982, 'k2': 0.0024052147212272838, 'D_high': 37477.708499569, 'fire_exp': 1.046663435176917, 'P_half': 1194.8689395923884, 'pre_dampen_half': 1.637390174664286, 'gpp_af': 0.0014199325380702286, 'gpp_b': 1.7276849151755403e-05, 'gpp_d': 7.900357011310323, 'ign_k': 0.23503244014519178, 'ign_c': 3.8306142798382314, 'trop_agb_crit': 1.673420635776094, 'trop_k_veg': 4.637107543961602, 'pop_amp': 10.953968271308653, 'pop_peak': 79.75079148512947, 'pop_sig': 0.42574477571797875}. Best is trial 1128 with value: -0.620386984093161.
[I 2026-08-20 01:13:39,440] Trial 1946 finished with value: 0.6129605140887786 and parameters: {'k1': 0.00509944474426752, 'D_low': 3.8808556110579944, 'k2': 0.03999019637672153, 'D_high': 28525.367929812903, 'fire_exp': 1.0215231948732886, 'P_half': 68.36063372076828, 'pre_dampen_half': 1.8767382452741075, 'gpp_af': 0.0712639262278053, 'gpp_b': 1.8407869755415166e-05, 'gpp_d': 552.1044095676082, 'ign_k': 1.646826266449135, 'ign_c': 42.11031360377211, 'trop_agb_crit': 7.176579055413186, 'trop_k_veg': 3.2869856813528724, 'pop_amp': 0.00445479568903601, 'pop_peak': 41.41726724614914, 'pop_sig': 0.45008566111515924}. Best is trial 1128 with value: -0.620386984093161.
[I 2026-08-20 01:13:42,217] Trial 1947 finished with value: 0.42732299307874755 and parameters: {'k1': 0.0006248036364042358, 'D_low': 121.23713620180968, 'k2': 0.06887521322285176, 'D_high': 117834.9886503375, 'fire_exp': 2.416019338249396, 'P_half': 18.741969109988894, 'pre_dampen_half': 9.113531741528552, 'gpp_af': 0.007678719979139531, 'gpp_b': 9.385140277870097e-05, 'gpp_d': 828.221802708492, 'ign_k': 2.6405490338504536, 'ign_c': 19.991366135328953, 'trop_agb_crit': 2.3985222691126684, 'trop_k_veg': 4.4749809013835975, 'pop_amp': 0.001576275122248856, 'pop_peak': 34.446025775889666, 'pop_sig': 0.43060892914263704}. Best is trial 1128 with value: -0.620386984093161.
[I 2026-08-20 01:13:44,903] Trial 1948 finished with value: 0.6525825193754542 and parameters: {'k1': 0.0007716285033302947, 'D_low': 5.6894943466283285, 'k2': 0.022926780348661767, 'D_high': 658898.3312271135, 'fire_exp': 1.5460865839611129, 'P_half': 3.211047948146881, 'pre_dampen_half': 8.631387747003757, 'gpp_af': 0.0012808001969765207, 'gpp_b': 0.0001555913816093481, 'gpp_d': 1.5931938163281165, 'ign_k': 0.7810942436549766, 'ign_c': 57.01727533601668, 'trop_agb_crit': 6.610623772198785, 'trop_k_veg': 7.7725936937923255, 'pop_amp': 0.004948121259247031, 'pop_peak': 2.6990246935302338, 'pop_sig': 0.3538022704722515}. Best is trial 1128 with value: -0.620386984093161.
[I 2026-08-20 01:13:47,861] Trial 1949 finished with value: 0.571921426908094 and parameters: {'k1': 0.0003261928073470215, 'D_low': 58.276614248862444, 'k2': 0.000528074157694329, 'D_high': 4979340.289818712, 'fire_exp': 1.1731159499066153, 'P_half': 1944.209242180555, 'pre_dampen_half': 0.23028021308645602, 'gpp_af': 0.00141891756667976, 'gpp_b': 2.6212162690657416e-05, 'gpp_d': 0.2614942694600224, 'ign_k': 0.13409832644698583, 'ign_c': 36.21840105389869, 'trop_agb_crit': 2.319055315713573, 'trop_k_veg': 3.5638304708833206, 'pop_amp': 2.121569627341636, 'pop_peak': 10.84374425092018, 'pop_sig': 0.7244368524550115}. Best is trial 1128 with value: -0.620386984093161.
[I 2026-08-20 01:13:50,714] Trial 1950 finished with value: 0.6078664376925225 and parameters: {'k1': 4.479601134346672e-05, 'D_low': 1157.6969753500773, 'k2': 0.037291747937544244, 'D_high': 2416.203234775713, 'fire_exp': 1.7784017983454625, 'P_half': 55.07969351335058, 'pre_dampen_half': 2.132848792025703, 'gpp_af': 0.006053643370207059, 'gpp_b': 0.003004525496413911, 'gpp_d': 460.459971873958, 'ign_k': 0.03618372869937774, 'ign_c': 23.73520724051861, 'trop_agb_crit': 2.940440004007784, 'trop_k_veg': 3.9748702087872623, 'pop_amp': 1.620459589218113, 'pop_peak': 26.199613492064813, 'pop_sig': 2.332277951034652}. Best is trial 1128 with value: -0.620386984093161.
[I 2026-08-20 01:13:53,488] Trial 1951 finished with value: 0.5834263401545013 and parameters: {'k1': 0.000434006068730158, 'D_low': 446.3000377115803, 'k2': 0.05105641446295231, 'D_high': 1917892.671465879, 'fire_exp': 1.8644857749493167, 'P_half': 2.1044495548952042, 'pre_dampen_half': 0.5043997446947963, 'gpp_af': 0.007983271453800492, 'gpp_b': 0.0226362228485979, 'gpp_d': 314.59020767682557, 'ign_k': 0.10837357966270637, 'ign_c': 2.6636928508812847, 'trop_agb_crit': 17.485072411949016, 'trop_k_veg': 2.8520153190219197, 'pop_amp': 0.5251835209255141, 'pop_peak': 149.80419757957756, 'pop_sig': 1.2489980886913155}. Best is trial 1128 with value: -0.620386984093161.
