[I 2026-08-20 00:22:12,429] Trial 530 finished with value: 0.43554620762623775 and parameters: {'k1': 0.007674436992162282, 'D_low': 9.058918955532963, 'k2': 0.0001992562505812978, 'D_high': 1999417.2041039497, 'fire_exp': 3.4802174011997407, 'P_half': 1.820181727726038, 'pre_dampen_half': 6.869013583452274, 'gpp_af': 0.6867186993517995, 'gpp_b': 9.393751975054423e-05, 'gpp_d': 651.355879268303, 'ign_k': 3.6151080281084935, 'ign_c': 4.237499059106263, 'trop_agb_crit': 7.1513970973307215, 'trop_k_veg': 1.2111137483688728}. Best is trial 0 with value: -0.5989088506199346.
[I 2026-08-20 00:22:14,849] Trial 531 finished with value: 0.5090004319754533 and parameters: {'k1': 0.0005252039901854696, 'D_low': 8.156557178897396, 'k2': 5.420827053972678e-05, 'D_high': 1066994.5263285963, 'fire_exp': 3.798151056260224, 'P_half': 4.971914419767666, 'pre_dampen_half': 2.595504741538253, 'gpp_af': 8.613710112758524, 'gpp_b': 0.0028785928694178764, 'gpp_d': 3.1963102612489602, 'ign_k': 1.9726865672371734, 'ign_c': 2.2877529358319166, 'trop_agb_crit': 2.0385628280910564, 'trop_k_veg': 1.0557062263977641}. Best is trial 0 with value: -0.5989088506199346.
[I 2026-08-20 00:22:17,062] Trial 532 finished with value: 0.525165973894443 and parameters: {'k1': 0.0003955050221501364, 'D_low': 5.086250386571161, 'k2': 0.0002101201142900414, 'D_high': 6041003.138149041, 'fire_exp': 2.3250767656207487, 'P_half': 5.470982811554698, 'pre_dampen_half': 5.211135701089126, 'gpp_af': 0.7908688265079459, 'gpp_b': 0.010960855130985074, 'gpp_d': 9.807914856761414, 'ign_k': 0.02495380563347687, 'ign_c': 0.23929827417839566, 'trop_agb_crit': 2.6621267179090187, 'trop_k_veg': 2.8953996869473175}. Best is trial 0 with value: -0.5989088506199346.
[I 2026-08-20 00:22:19,483] Trial 533 finished with value: 0.6445374145881376 and parameters: {'k1': 0.008493558386247739, 'D_low': 3.296966390482319, 'k2': 0.0015884372699326709, 'D_high': 3428757.2903820006, 'fire_exp': 3.201892721210699, 'P_half': 1.2828056143750428, 'pre_dampen_half': 2.8551376551896874, 'gpp_af': 5.889182350989251, 'gpp_b': 1.1882027015245485e-05, 'gpp_d': 561.3189308224843, 'ign_k': 9.432920445688628, 'ign_c': 117.40624333973747, 'trop_agb_crit': 7.743779125315863, 'trop_k_veg': 0.780025674981557}. Best is trial 0 with value: -0.5989088506199346.
[I 2026-08-20 00:22:21,961] Trial 534 finished with value: 0.41915395476877404 and parameters: {'k1': 0.02831431384541873, 'D_low': 13.949577161575414, 'k2': 6.021528637845027e-05, 'D_high': 2513690.4231873644, 'fire_exp': 5.309735652631255, 'P_half': 5.629289815037107, 'pre_dampen_half': 18.93790375593679, 'gpp_af': 15.351545166553235, 'gpp_b': 0.0036394619531562433, 'gpp_d': 581.8615764993276, 'ign_k': 1.888293510075424, 'ign_c': 11.356555811910473, 'trop_agb_crit': 6.263504635547053, 'trop_k_veg': 5.441265668300769}. Best is trial 0 with value: -0.5989088506199346.
[I 2026-08-20 00:22:24,332] Trial 535 finished with value: 0.5763531905908706 and parameters: {'k1': 0.00025613146533731983, 'D_low': 1.8604274323991112, 'k2': 1.6983618643253568e-05, 'D_high': 1052289.257644543, 'fire_exp': 3.5420242776610276, 'P_half': 12.781994995926468, 'pre_dampen_half': 3.6688589802495115, 'gpp_af': 0.8063601019195021, 'gpp_b': 0.21896131533091384, 'gpp_d': 3.3966369099631635, 'ign_k': 2.7218834473629765, 'ign_c': 6.579426095218635, 'trop_agb_crit': 1.163653466437296, 'trop_k_veg': 2.591425685110015}. Best is trial 0 with value: -0.5989088506199346.
[I 2026-08-20 00:22:26,730] Trial 536 finished with value: 0.5902477710825578 and parameters: {'k1': 0.0014839712657224364, 'D_low': 111.98055213481565, 'k2': 1.285860065273058e-05, 'D_high': 2856.2685741447626, 'fire_exp': 2.595680952122138, 'P_half': 4.155319942210788, 'pre_dampen_half': 744.1533827275027, 'gpp_af': 0.9004209365525654, 'gpp_b': 0.26706507184656636, 'gpp_d': 92.19888114676662, 'ign_k': 0.19613569192194535, 'ign_c': 1.106720157196802, 'trop_agb_crit': 10.324385394319826, 'trop_k_veg': 0.8989685051413105}. Best is trial 0 with value: -0.5989088506199346.
[I 2026-08-20 00:22:29,922] Trial 537 finished with value: 0.5582453935162386 and parameters: {'k1': 0.0020181792942398444, 'D_low': 17930.14887645953, 'k2': 3.503740879817733e-05, 'D_high': 7113284.157701007, 'fire_exp': 2.6598568296358387, 'P_half': 159.6327362712828, 'pre_dampen_half': 43.08249992866747, 'gpp_af': 0.04053024128364366, 'gpp_b': 0.0007206828056056677, 'gpp_d': 103.9436894837879, 'ign_k': 0.07308269077385154, 'ign_c': 11.130942109640813, 'trop_agb_crit': 24.670851138430557, 'trop_k_veg': 2.4625552799370345}. Best is trial 0 with value: -0.5989088506199346.
[I 2026-08-20 00:22:32,474] Trial 538 finished with value: -0.523698953300009 and parameters: {'k1': 4.1908082223966614e-05, 'D_low': 54.280476024851694, 'k2': 0.0029777801265184127, 'D_high': 331391.64035443455, 'fire_exp': 2.737030332928497, 'P_half': 3.3974892236665286, 'pre_dampen_half': 170.02520162133425, 'gpp_af': 0.10360442793642814, 'gpp_b': 0.014732260746836156, 'gpp_d': 17.688977853890083, 'ign_k': 0.2612715915711993, 'ign_c': 0.6281491806759978, 'trop_agb_crit': 7.03531193927368, 'trop_k_veg': 4.556690093787126}. Best is trial 0 with value: -0.5989088506199346.
[I 2026-08-20 00:22:34,842] Trial 539 finished with value: 0.41264728843247067 and parameters: {'k1': 0.001549281980094934, 'D_low': 27.405081398956792, 'k2': 0.0015413811186822384, 'D_high': 3091674.9954344616, 'fire_exp': 3.2295911136623325, 'P_half': 7.906006689599086, 'pre_dampen_half': 4.268573071645945, 'gpp_af': 16.237285580036843, 'gpp_b': 0.02101634679896316, 'gpp_d': 564.9870054647978, 'ign_k': 1.9878641071274148, 'ign_c': 2.4888196580701827, 'trop_agb_crit': 6.180358521123283, 'trop_k_veg': 4.468039539540249}. Best is trial 0 with value: -0.5989088506199346.
[I 2026-08-20 00:22:37,564] Trial 540 finished with value: 0.6445374145881376 and parameters: {'k1': 0.0027788553091968766, 'D_low': 61.327577763988835, 'k2': 7.615398038729394e-05, 'D_high': 95451.08202207576, 'fire_exp': 3.462089821549992, 'P_half': 1.8393792877346826, 'pre_dampen_half': 320.4409285323929, 'gpp_af': 0.009382115488425687, 'gpp_b': 0.2071306263915114, 'gpp_d': 760.5084302170766, 'ign_k': 1.2030014505452666, 'ign_c': 34.26765777730507, 'trop_agb_crit': 7.511801234878144, 'trop_k_veg': 0.5929932103229413}. Best is trial 0 with value: -0.5989088506199346.
[I 2026-08-20 00:22:39,910] Trial 541 finished with value: -0.5608143379455051 and parameters: {'k1': 7.075866832990592e-05, 'D_low': 9988.302820275083, 'k2': 0.0003518118543864684, 'D_high': 5328837.813227443, 'fire_exp': 1.608200840242845, 'P_half': 260.1841940238713, 'pre_dampen_half': 188.35362884174688, 'gpp_af': 0.001048105972764775, 'gpp_b': 4.928946393685691e-05, 'gpp_d': 0.2806417216110342, 'ign_k': 0.4073004428448799, 'ign_c': 15.417506758961135, 'trop_agb_crit': 28.955775431566654, 'trop_k_veg': 1.6636021261532183}. Best is trial 0 with value: -0.5989088506199346.
[I 2026-08-20 00:22:42,336] Trial 542 finished with value: 0.6226917996803856 and parameters: {'k1': 0.0008763853025261131, 'D_low': 9.819415633852937, 'k2': 0.00023356113141077988, 'D_high': 5848655.187900636, 'fire_exp': 2.278157471252777, 'P_half': 94.68185803527868, 'pre_dampen_half': 372.62563539600734, 'gpp_af': 0.6195063822198147, 'gpp_b': 0.9050958994901227, 'gpp_d': 1.998949117118698, 'ign_k': 0.011536128107583088, 'ign_c': 22.31227577409446, 'trop_agb_crit': 1.0884407163485479, 'trop_k_veg': 3.207367574865788}. Best is trial 0 with value: -0.5989088506199346.
[I 2026-08-20 00:22:44,746] Trial 543 finished with value: 0.6165036372810977 and parameters: {'k1': 0.0034134208066294164, 'D_low': 41.95459728234932, 'k2': 0.00045229255784715256, 'D_high': 4064027.0772569054, 'fire_exp': 5.0654549353810605, 'P_half': 1.2843834422457456, 'pre_dampen_half': 33.330060916625435, 'gpp_af': 0.18789347845120372, 'gpp_b': 0.4570902629153819, 'gpp_d': 61.846011881197036, 'ign_k': 2.9893172436699498, 'ign_c': 4.420026208222396, 'trop_agb_crit': 10.159170523643853, 'trop_k_veg': 1.9318369136912341}. Best is trial 0 with value: -0.5989088506199346.
[I 2026-08-20 00:22:47,242] Trial 544 finished with value: 0.4157666433750915 and parameters: {'k1': 0.012713767137506818, 'D_low': 1.5694345778754324, 'k2': 8.671741436626177e-05, 'D_high': 2098584.9506765963, 'fire_exp': 1.3745289573082498, 'P_half': 105.85925699701879, 'pre_dampen_half': 2.5992705399823643, 'gpp_af': 0.23335464594830815, 'gpp_b': 0.0011496045800276368, 'gpp_d': 195.35480432255457, 'ign_k': 0.08860518504248457, 'ign_c': 3.938098792132067, 'trop_agb_crit': 17.844384294071507, 'trop_k_veg': 4.824815571368765}. Best is trial 0 with value: -0.5989088506199346.
[I 2026-08-20 00:22:49,933] Trial 545 finished with value: 0.5527689678889498 and parameters: {'k1': 0.0007447230020352988, 'D_low': 643.5940531137816, 'k2': 0.00013441637246451867, 'D_high': 364237.1605394842, 'fire_exp': 1.8714252033038346, 'P_half': 2173.8647112225517, 'pre_dampen_half': 10.166648094749076, 'gpp_af': 0.15522278188937783, 'gpp_b': 6.52977161080563e-05, 'gpp_d': 129.09172488509873, 'ign_k': 4.12294892335043, 'ign_c': 8.41097381574291, 'trop_agb_crit': 29.98940640091534, 'trop_k_veg': 1.5312823280929573}. Best is trial 0 with value: -0.5989088506199346.
[I 2026-08-20 00:22:52,668] Trial 546 finished with value: 0.6445374145881376 and parameters: {'k1': 0.00271592886942715, 'D_low': 21.52324757128846, 'k2': 0.0004996213979630134, 'D_high': 170174.29449412812, 'fire_exp': 3.3748062841521906, 'P_half': 1.5231813098209104, 'pre_dampen_half': 28.70402589277314, 'gpp_af': 29.846420154516384, 'gpp_b': 0.00039730892613582875, 'gpp_d': 694.5100437633514, 'ign_k': 1.9348379958989137, 'ign_c': 41.96906681126304, 'trop_agb_crit': 4.488257176628177, 'trop_k_veg': 1.5746080266222298}. Best is trial 0 with value: -0.5989088506199346.
[I 2026-08-20 00:22:55,286] Trial 547 finished with value: 0.6445374145881376 and parameters: {'k1': 0.0002836821263724131, 'D_low': 528.3180137920838, 'k2': 0.0015615087632651658, 'D_high': 5935822.639442446, 'fire_exp': 2.1001250840892034, 'P_half': 297.0550532843738, 'pre_dampen_half': 5.941495576969761, 'gpp_af': 0.01631666193220052, 'gpp_b': 0.0004220273506130097, 'gpp_d': 2.787302394117826, 'ign_k': 1.0222104586684082, 'ign_c': 552.4883209837878, 'trop_agb_crit': 17.79414879954825, 'trop_k_veg': 2.614483373616619}. Best is trial 0 with value: -0.5989088506199346.
[I 2026-08-20 00:22:57,784] Trial 548 finished with value: 0.5992581416302927 and parameters: {'k1': 4.623840512164004e-05, 'D_low': 1.1119713733230574, 'k2': 0.00033049266866648, 'D_high': 3341872.120041265, 'fire_exp': 2.8681961325014442, 'P_half': 20.86196052535501, 'pre_dampen_half': 5.513164163620807, 'gpp_af': 0.17113169063123923, 'gpp_b': 0.5227465509486429, 'gpp_d': 12.577480557168323, 'ign_k': 0.10965680139214151, 'ign_c': 5.533335755018082, 'trop_agb_crit': 1.4217283163114185, 'trop_k_veg': 1.9071498846911552}. Best is trial 0 with value: -0.5989088506199346.
[I 2026-08-20 00:23:00,456] Trial 549 finished with value: -0.5780258388547794 and parameters: {'k1': 0.0007061642966606079, 'D_low': 11.116633450287505, 'k2': 0.0005104349411102931, 'D_high': 6513287.668494501, 'fire_exp': 4.916765696065719, 'P_half': 12.954580513314362, 'pre_dampen_half': 5.017938142557049, 'gpp_af': 8.718394215560606, 'gpp_b': 2.9461431841383678e-05, 'gpp_d': 838.0617821018755, 'ign_k': 8.33004159620751, 'ign_c': 12.732379346506255, 'trop_agb_crit': 5.430576252202429, 'trop_k_veg': 1.9610159266852247}. Best is trial 0 with value: -0.5989088506199346.
[I 2026-08-20 00:23:03,303] Trial 550 finished with value: 0.5122436129808416 and parameters: {'k1': 0.000964718629691855, 'D_low': 2.155797939199979, 'k2': 0.005041620275714285, 'D_high': 321129.7174318907, 'fire_exp': 4.827529906823691, 'P_half': 78.55278237646831, 'pre_dampen_half': 6.309158303380856, 'gpp_af': 38.35851946867326, 'gpp_b': 1.5540302101107585e-05, 'gpp_d': 61.7788405143027, 'ign_k': 2.53107473885118, 'ign_c': 3.693893877211073, 'trop_agb_crit': 15.500450854882377, 'trop_k_veg': 2.4384463204552236}. Best is trial 0 with value: -0.5989088506199346.
[I 2026-08-20 00:23:05,862] Trial 551 finished with value: 0.4144738144885066 and parameters: {'k1': 0.00228100270591378, 'D_low': 2.6198428597752668, 'k2': 0.0015546229559992679, 'D_high': 7645601.28097879, 'fire_exp': 5.5382861457375485, 'P_half': 14.055705881086865, 'pre_dampen_half': 8.91994019301756, 'gpp_af': 1.308186596271235, 'gpp_b': 0.0001578479826945794, 'gpp_d': 61.644024886331735, 'ign_k': 5.905673993764487, 'ign_c': 9.076252635665963, 'trop_agb_crit': 10.073233728175683, 'trop_k_veg': 3.8406381615021288}. Best is trial 0 with value: -0.5989088506199346.
[I 2026-08-20 00:23:08,410] Trial 552 finished with value: 0.6445374145881376 and parameters: {'k1': 0.0016956813509813578, 'D_low': 2.214022297798374, 'k2': 0.0014537602436139534, 'D_high': 6996579.918504009, 'fire_exp': 3.4132651971181156, 'P_half': 284.5812163915228, 'pre_dampen_half': 107.66463035812761, 'gpp_af': 1.898681904036367, 'gpp_b': 2.906793347636069e-05, 'gpp_d': 369.5586211578678, 'ign_k': 2.083226380411369, 'ign_c': 81.71512829183486, 'trop_agb_crit': 3.031217932912088, 'trop_k_veg': 2.333526653560118}. Best is trial 0 with value: -0.5989088506199346.
[I 2026-08-20 00:23:10,916] Trial 553 finished with value: 0.594530980526442 and parameters: {'k1': 0.0004268180325613587, 'D_low': 51.33160380895246, 'k2': 0.021899646297504786, 'D_high': 2763636.786793774, 'fire_exp': 3.3592234163803067, 'P_half': 5.83743425148582, 'pre_dampen_half': 60.93010285495055, 'gpp_af': 4.071528817420984, 'gpp_b': 0.0006485916135317215, 'gpp_d': 3.2054210143213635, 'ign_k': 0.009080677361481845, 'ign_c': 0.3654170061327685, 'trop_agb_crit': 25.364375173862847, 'trop_k_veg': 2.6425154978858245}. Best is trial 0 with value: -0.5989088506199346.
[I 2026-08-20 00:23:13,538] Trial 554 finished with value: 0.5865868742858927 and parameters: {'k1': 0.000886270240604838, 'D_low': 888.4510982997275, 'k2': 0.00019800382544147554, 'D_high': 1789837.9324696315, 'fire_exp': 5.600145974554276, 'P_half': 76.37434986878324, 'pre_dampen_half': 0.5464306766740035, 'gpp_af': 0.04662895695090059, 'gpp_b': 1.802952475694565e-05, 'gpp_d': 247.62751953955484, 'ign_k': 0.01731834809053059, 'ign_c': 2.7078854760442415, 'trop_agb_crit': 6.666438439905196, 'trop_k_veg': 4.919857649735357}. Best is trial 0 with value: -0.5989088506199346.
[I 2026-08-20 00:23:16,214] Trial 555 finished with value: 0.5754136396887168 and parameters: {'k1': 0.03197000823715915, 'D_low': 317.50906958597756, 'k2': 0.02435410235049587, 'D_high': 2155727.0789736244, 'fire_exp': 2.9023322090469925, 'P_half': 34.8846005835072, 'pre_dampen_half': 3.0076590617567045, 'gpp_af': 0.37654316930995024, 'gpp_b': 0.19494106913859235, 'gpp_d': 477.25061273548465, 'ign_k': 0.06466961604592218, 'ign_c': 3.3957404486625578, 'trop_agb_crit': 28.488048455934845, 'trop_k_veg': 2.764503233974658}. Best is trial 0 with value: -0.5989088506199346.
[I 2026-08-20 00:23:18,942] Trial 556 finished with value: -0.577896985316916 and parameters: {'k1': 0.009652060135915231, 'D_low': 1.976659979444382, 'k2': 0.00046844113230858276, 'D_high': 512505.5456070262, 'fire_exp': 3.5306522067684827, 'P_half': 7.386436188568077, 'pre_dampen_half': 4.688711987364042, 'gpp_af': 0.020038048586573626, 'gpp_b': 0.00031517777523210354, 'gpp_d': 65.19597577935576, 'ign_k': 2.976552977630116, 'ign_c': 0.6425770157061769, 'trop_agb_crit': 4.722704961092021, 'trop_k_veg': 5.329099098948507}. Best is trial 0 with value: -0.5989088506199346.
[I 2026-08-20 00:23:21,468] Trial 557 finished with value: -0.5519895137412023 and parameters: {'k1': 0.0014504674073477517, 'D_low': 21.939086246815606, 'k2': 0.00016685550085644712, 'D_high': 693389.6667158146, 'fire_exp': 1.4961448303873703, 'P_half': 7.510582384827482, 'pre_dampen_half': 0.14187691840989441, 'gpp_af': 1.656708928737797, 'gpp_b': 9.454025831803965e-05, 'gpp_d': 121.73476823157573, 'ign_k': 1.2724563183307114, 'ign_c': 2.696986396474605, 'trop_agb_crit': 10.877118146461616, 'trop_k_veg': 1.3575358433743019}. Best is trial 0 with value: -0.5989088506199346.
[I 2026-08-20 00:23:23,783] Trial 558 finished with value: 0.4589515583831846 and parameters: {'k1': 0.0004121706238087958, 'D_low': 5010.371036466662, 'k2': 0.04148538932364749, 'D_high': 3660601.1845448706, 'fire_exp': 2.9379693205697945, 'P_half': 1.3566173765322653, 'pre_dampen_half': 782.2812272433541, 'gpp_af': 0.960977912169429, 'gpp_b': 0.027588508285479103, 'gpp_d': 12.657314680160766, 'ign_k': 0.06136041931818869, 'ign_c': 0.14379650520299753, 'trop_agb_crit': 21.968163456496974, 'trop_k_veg': 3.816961942771177}. Best is trial 0 with value: -0.5989088506199346.
[I 2026-08-20 00:23:26,169] Trial 559 finished with value: 0.4206877132490845 and parameters: {'k1': 0.012855215650050468, 'D_low': 3.3450660123125715, 'k2': 0.0003127490556439662, 'D_high': 868529.9167625679, 'fire_exp': 2.0056679487347604, 'P_half': 92.2815696483648, 'pre_dampen_half': 11.337406466657239, 'gpp_af': 0.06422361546968824, 'gpp_b': 0.0015992484798525604, 'gpp_d': 76.11609053770457, 'ign_k': 3.0188244239279802, 'ign_c': 2.113517842450187, 'trop_agb_crit': 4.107718957462583, 'trop_k_veg': 5.339268828864925}. Best is trial 0 with value: -0.5989088506199346.
[I 2026-08-20 00:23:28,458] Trial 560 finished with value: -0.5890929616429512 and parameters: {'k1': 0.0002513896396827515, 'D_low': 3663.4242639466183, 'k2': 0.05396717866986125, 'D_high': 925483.8003281932, 'fire_exp': 1.3055268696081122, 'P_half': 1.2445246977345683, 'pre_dampen_half': 2.9232788051242515, 'gpp_af': 0.3407822605054085, 'gpp_b': 0.007667241524214188, 'gpp_d': 52.540065579436764, 'ign_k': 0.1428399181673627, 'ign_c': 0.3001657450990566, 'trop_agb_crit': 9.08601651836058, 'trop_k_veg': 3.111071206774521}. Best is trial 0 with value: -0.5989088506199346.
[I 2026-08-20 00:23:30,918] Trial 561 finished with value: 0.45775052729776167 and parameters: {'k1': 0.017389534006857835, 'D_low': 1.2429849392752137, 'k2': 0.00020770969335699938, 'D_high': 416574.39809521195, 'fire_exp': 3.544405943280391, 'P_half': 7.753631493528488, 'pre_dampen_half': 40.32498340625205, 'gpp_af': 0.05254245892567403, 'gpp_b': 0.00016474505855812642, 'gpp_d': 7.384067303404417, 'ign_k': 1.0589392954746955, 'ign_c': 0.30933140130332254, 'trop_agb_crit': 5.620909268358108, 'trop_k_veg': 5.629105016582664}. Best is trial 0 with value: -0.5989088506199346.
[I 2026-08-20 00:23:33,411] Trial 562 finished with value: 0.5636899738489372 and parameters: {'k1': 0.0025721697814075238, 'D_low': 5146.068159898775, 'k2': 0.0008614908364137919, 'D_high': 1212476.7714903452, 'fire_exp': 1.6432062359073831, 'P_half': 565.5509572048077, 'pre_dampen_half': 185.54858755857893, 'gpp_af': 0.006169553821611264, 'gpp_b': 0.005416241360643935, 'gpp_d': 29.910887564571144, 'ign_k': 3.8014129622390573, 'ign_c': 9.893604357162094, 'trop_agb_crit': 20.569879359904956, 'trop_k_veg': 2.67212113515311}. Best is trial 0 with value: -0.5989088506199346.
[I 2026-08-20 00:23:35,685] Trial 563 finished with value: 0.5401316732770606 and parameters: {'k1': 4.059016789053566e-05, 'D_low': 49955.37425805638, 'k2': 0.028244626738168403, 'D_high': 1316590.21148288, 'fire_exp': 1.0269761712279453, 'P_half': 1.792804984240404, 'pre_dampen_half': 2.1987431166449136, 'gpp_af': 3.2619249712214056, 'gpp_b': 0.3165648597273539, 'gpp_d': 494.48302058573154, 'ign_k': 0.04014175165983323, 'ign_c': 0.24977298562932143, 'trop_agb_crit': 11.811925595914428, 'trop_k_veg': 1.7143651221545395}. Best is trial 0 with value: -0.5989088506199346.
[I 2026-08-20 00:23:38,212] Trial 564 finished with value: 0.4369192621197886 and parameters: {'k1': 0.0016600350339546711, 'D_low': 2036.2296420167243, 'k2': 0.00013653259642810422, 'D_high': 4756582.301452724, 'fire_exp': 3.4549087207609475, 'P_half': 9.633237009162432, 'pre_dampen_half': 4.4896673691373845, 'gpp_af': 37.4936403000396, 'gpp_b': 5.2481300458654865e-05, 'gpp_d': 545.2997407528651, 'ign_k': 4.60834278815955, 'ign_c': 4.627879365800248, 'trop_agb_crit': 6.663143535227182, 'trop_k_veg': 2.6877132039589924}. Best is trial 0 with value: -0.5989088506199346.
[I 2026-08-20 00:23:40,534] Trial 565 finished with value: 0.5123008547559186 and parameters: {'k1': 0.0004685907309194311, 'D_low': 1863.5228291254207, 'k2': 0.013862656370888115, 'D_high': 5572924.738219558, 'fire_exp': 2.223111524808911, 'P_half': 1.4448236415938667, 'pre_dampen_half': 0.8001797440586986, 'gpp_af': 0.44459535417593843, 'gpp_b': 0.004654322209024216, 'gpp_d': 3.334970214576438, 'ign_k': 0.07537143552445051, 'ign_c': 0.11816317415872166, 'trop_agb_crit': 5.181190728324913, 'trop_k_veg': 1.076952600669841}. Best is trial 0 with value: -0.5989088506199346.
[I 2026-08-20 00:23:42,871] Trial 566 finished with value: 0.4401647321399085 and parameters: {'k1': 8.253307572740726e-05, 'D_low': 3359.684679816366, 'k2': 0.06508914749955581, 'D_high': 86265.94996400583, 'fire_exp': 1.0632873890949661, 'P_half': 2.9512060906313358, 'pre_dampen_half': 6.459888400071075, 'gpp_af': 0.41547316141968443, 'gpp_b': 0.0016539970332698076, 'gpp_d': 3.426146045672616, 'ign_k': 0.5555632271954837, 'ign_c': 0.15133199224953198, 'trop_agb_crit': 12.66543023120037, 'trop_k_veg': 2.7111438633140295}. Best is trial 0 with value: -0.5989088506199346.
[I 2026-08-20 00:23:45,362] Trial 567 finished with value: 0.5323973472892143 and parameters: {'k1': 0.08017329276744806, 'D_low': 110.52965161723341, 'k2': 0.00031878473619838265, 'D_high': 3065828.453747322, 'fire_exp': 4.804088097932806, 'P_half': 2.4423723822982453, 'pre_dampen_half': 3.891867449949753, 'gpp_af': 0.006390742609947369, 'gpp_b': 0.0016750244094906682, 'gpp_d': 33.285524461999216, 'ign_k': 2.637050986821855, 'ign_c': 0.11280864055752965, 'trop_agb_crit': 1.7164718705134159, 'trop_k_veg': 2.7236262185343127}. Best is trial 0 with value: -0.5989088506199346.
