[I 2026-08-19 18:05:13,090] Trial 2203 finished with value: 0.6116375658832309 and parameters: {'k1': 0.003965050706350664, 'D_low': 89681.00490376593, 'k2': 1.7545819179175403e-05, 'D_high': 1148712.6991433029, 'fire_exp': 1.2878468648200279, 'P_half': 879.7773027836452, 'pre_dampen_half': 1.1926698829271296, 'gpp_af': 0.7153794079493747, 'gpp_b': 0.00018386620704686764, 'gpp_d': 39.395996521293306, 'ign_k': 0.6993182312980631, 'ign_c': 7.1209376900973815, 'trop_agb_crit': 8.282661830613463, 'trop_k_veg': 2.415984972022829, 'pop_amp': 0.004972242587406838, 'pop_peak': 9.462506407914269, 'pop_sig': 0.7416949225854629, 'fuel_k': 0.08748489580738562, 'fuel_half': 1.8688884475488547}. Best is trial 1622 with value: -0.6125870653324885.
[I 2026-08-19 18:05:14,907] Trial 2204 finished with value: 0.4761267777859214 and parameters: {'k1': 0.009362456227861943, 'D_low': 21504.631969604285, 'k2': 0.00026374363345062923, 'D_high': 1044914.488500998, 'fire_exp': 1.0478941723720836, 'P_half': 376.2316347054292, 'pre_dampen_half': 3.4543223436067017, 'gpp_af': 0.038341505974048264, 'gpp_b': 1.5862117764524516e-05, 'gpp_d': 69.76249008634035, 'ign_k': 2.6656272947282633, 'ign_c': 1.4838776653230057, 'trop_agb_crit': 13.388069576014681, 'trop_k_veg': 1.0348201845677505, 'pop_amp': 0.0021919632798618597, 'pop_peak': 0.6865558103820109, 'pop_sig': 0.8183258608271965, 'fuel_k': 0.13584652959514013, 'fuel_half': 24.524107803915182}. Best is trial 1622 with value: -0.6125870653324885.
[I 2026-08-19 18:05:16,758] Trial 2205 finished with value: 0.6022194266667915 and parameters: {'k1': 0.00047325803703600247, 'D_low': 7.347895473008816, 'k2': 0.00219009170821102, 'D_high': 997378.4897440814, 'fire_exp': 1.3839267262895258, 'P_half': 584.0300664717981, 'pre_dampen_half': 7.426571337056004, 'gpp_af': 0.048076707389370636, 'gpp_b': 0.004525132238061615, 'gpp_d': 3.991072776955261, 'ign_k': 0.5138773261254443, 'ign_c': 57.761279700606984, 'trop_agb_crit': 8.82350580401063, 'trop_k_veg': 0.5505957980171218, 'pop_amp': 0.04933580343421677, 'pop_peak': 138.1107777819859, 'pop_sig': 0.28532633270207364, 'fuel_k': 0.02516982450031049, 'fuel_half': 19.144400977518476}. Best is trial 1622 with value: -0.6125870653324885.
[I 2026-08-19 18:05:18,716] Trial 2206 finished with value: 0.618541238571812 and parameters: {'k1': 5.16858119983044e-05, 'D_low': 238.73223752768084, 'k2': 0.0005587565507800999, 'D_high': 2892582.8529157676, 'fire_exp': 1.2464475644666142, 'P_half': 2.245875534679366, 'pre_dampen_half': 8.791248660217885, 'gpp_af': 1.6126631326131264, 'gpp_b': 0.012003082640620387, 'gpp_d': 0.024686097288812117, 'ign_k': 0.056212365545211064, 'ign_c': 38.15395397131843, 'trop_agb_crit': 6.31001091647339, 'trop_k_veg': 1.2275892224154923, 'pop_amp': 0.18884230516579456, 'pop_peak': 794.47325272103, 'pop_sig': 1.0274319396150593, 'fuel_k': 0.08072720001388914, 'fuel_half': 10.24832510342217}. Best is trial 1622 with value: -0.6125870653324885.
[I 2026-08-19 18:05:20,481] Trial 2207 finished with value: 0.46056850579574293 and parameters: {'k1': 0.0002634967899527658, 'D_low': 24.58813071571381, 'k2': 0.0006685356653634842, 'D_high': 884076.0402145205, 'fire_exp': 1.4200754021529407, 'P_half': 13.24610934641812, 'pre_dampen_half': 1.8828830681728606, 'gpp_af': 0.007190734805947981, 'gpp_b': 0.0016252703082954654, 'gpp_d': 1.1713022954244605, 'ign_k': 0.8278238330427201, 'ign_c': 16.09246215878895, 'trop_agb_crit': 19.07174454374101, 'trop_k_veg': 2.236460603370033, 'pop_amp': 0.006464085562971545, 'pop_peak': 331.67291988682064, 'pop_sig': 1.3104454121425309, 'fuel_k': 0.024605223454539204, 'fuel_half': 19.443767140308164}. Best is trial 1622 with value: -0.6125870653324885.
  trial 2208/2500  best_overall=0.6126  (66.9 min)
[I 2026-08-19 18:05:22,819] Trial 2208 finished with value: 0.49086889028835246 and parameters: {'k1': 0.0012073855418738165, 'D_low': 5.466010856699687, 'k2': 0.001662972761164716, 'D_high': 6142493.77606457, 'fire_exp': 1.671336488015199, 'P_half': 50.943804189274196, 'pre_dampen_half': 1.0671404769681534, 'gpp_af': 0.07996275266378089, 'gpp_b': 0.001031084422572715, 'gpp_d': 2.1044325465716787, 'ign_k': 0.054601658208314925, 'ign_c': 3.389399605276499, 'trop_agb_crit': 18.422030700064088, 'trop_k_veg': 1.288523028763558, 'pop_amp': 0.08197288232727404, 'pop_peak': 527.781206907316, 'pop_sig': 0.8634672259437504, 'fuel_k': 0.030364575825568816, 'fuel_half': 70.00137032785054}. Best is trial 1622 with value: -0.6125870653324885.
[I 2026-08-19 18:05:24,702] Trial 2209 finished with value: 0.6445374145881376 and parameters: {'k1': 0.0008151506857436548, 'D_low': 45.05422899080817, 'k2': 0.005755448912323811, 'D_high': 513662.43132013094, 'fire_exp': 1.978319030924755, 'P_half': 126.80183547669047, 'pre_dampen_half': 1.9617917888217338, 'gpp_af': 0.10022095134862068, 'gpp_b': 0.00023032328314735837, 'gpp_d': 0.030321335869350943, 'ign_k': 2.7890993242684172, 'ign_c': 48.56493772305707, 'trop_agb_crit': 15.593513201497686, 'trop_k_veg': 0.6511686905480212, 'pop_amp': 0.07693729352532211, 'pop_peak': 438.8745843843215, 'pop_sig': 0.8994612732329452, 'fuel_k': 0.022304097392624487, 'fuel_half': 10.699923286452306}. Best is trial 1622 with value: -0.6125870653324885.
[I 2026-08-19 18:05:26,498] Trial 2210 finished with value: 0.48315770161266625 and parameters: {'k1': 0.008023067006149734, 'D_low': 5126.339850047364, 'k2': 0.00023184714798040213, 'D_high': 1650305.3457644673, 'fire_exp': 1.62474888472561, 'P_half': 265.7890128914417, 'pre_dampen_half': 1.4059935469655842, 'gpp_af': 0.06250165493749399, 'gpp_b': 0.00019802245398897628, 'gpp_d': 14.421871893682226, 'ign_k': 0.9578046088074481, 'ign_c': 5.333679918582298, 'trop_agb_crit': 12.863185662039953, 'trop_k_veg': 0.6513417876914287, 'pop_amp': 0.010891479752928432, 'pop_peak': 54.90243065257888, 'pop_sig': 1.2430244961888135, 'fuel_k': 0.11608460654579164, 'fuel_half': 3.947957903310196}. Best is trial 1622 with value: -0.6125870653324885.
[I 2026-08-19 18:05:28,323] Trial 2211 finished with value: 0.5054653137800147 and parameters: {'k1': 0.07597594208351426, 'D_low': 2.9856710318689443, 'k2': 0.005509624349207685, 'D_high': 62535.138800483845, 'fire_exp': 3.264704970903769, 'P_half': 3.217195463107109, 'pre_dampen_half': 1.2309735284063879, 'gpp_af': 0.012726479623854535, 'gpp_b': 0.0013919882657298533, 'gpp_d': 34.201070906311436, 'ign_k': 0.837356843400993, 'ign_c': 2.5813083880781864, 'trop_agb_crit': 5.500476092109706, 'trop_k_veg': 1.3116999697422609, 'pop_amp': 0.0019339812290757562, 'pop_peak': 0.7740365669177477, 'pop_sig': 0.5014587360782696, 'fuel_k': 0.150889378736, 'fuel_half': 3.1488104204017437}. Best is trial 1622 with value: -0.6125870653324885.
[I 2026-08-19 18:05:30,150] Trial 2212 finished with value: 0.4969086130082032 and parameters: {'k1': 0.0029803400017960635, 'D_low': 67.4824714857199, 'k2': 0.00028488435248321585, 'D_high': 166193.3039057153, 'fire_exp': 1.7060505618721677, 'P_half': 13.508763144956749, 'pre_dampen_half': 2.4029790760087035, 'gpp_af': 0.002354715053134958, 'gpp_b': 3.0138751344631905e-05, 'gpp_d': 458.13305740000686, 'ign_k': 1.2123943166212712, 'ign_c': 24.674859490953096, 'trop_agb_crit': 18.015755364702233, 'trop_k_veg': 1.9675533627350752, 'pop_amp': 0.0023750414192230725, 'pop_peak': 0.0569784351329381, 'pop_sig': 2.003430499371739, 'fuel_k': 0.11133771371592542, 'fuel_half': 9.690448376458074}. Best is trial 1622 with value: -0.6125870653324885.
[I 2026-08-19 18:05:31,993] Trial 2213 finished with value: 0.6445374145881376 and parameters: {'k1': 0.018094805590138697, 'D_low': 147385.4949236851, 'k2': 0.005370683498726689, 'D_high': 62.75386662986248, 'fire_exp': 9.733628530320548, 'P_half': 2506.525890027422, 'pre_dampen_half': 7.620286327037933, 'gpp_af': 24.884286901619635, 'gpp_b': 7.034932211010046e-05, 'gpp_d': 2.031840379622945, 'ign_k': 0.005954154964825143, 'ign_c': 59.71959448257021, 'trop_agb_crit': 1.9367837928322433, 'trop_k_veg': 0.8076599425187305, 'pop_amp': 16.447264816540635, 'pop_peak': 3.5691726363711322, 'pop_sig': 2.142078827334433, 'fuel_k': 0.21328309490672673, 'fuel_half': 0.863124537360832}. Best is trial 1622 with value: -0.6125870653324885.
[I 2026-08-19 18:05:33,943] Trial 2214 finished with value: 0.6445374145881376 and parameters: {'k1': 0.003459628562279114, 'D_low': 40764.29128245206, 'k2': 0.000147221270231979, 'D_high': 2482731.3164990745, 'fire_exp': 1.519205005486372, 'P_half': 115.7833794913886, 'pre_dampen_half': 9.066216681219302, 'gpp_af': 0.009883910010615143, 'gpp_b': 2.6500535680117174e-05, 'gpp_d': 100.211806982779, 'ign_k': 1.288476430279866, 'ign_c': 589.2713937322299, 'trop_agb_crit': 14.030114987129407, 'trop_k_veg': 1.5666734453591422, 'pop_amp': 0.014773088958930872, 'pop_peak': 19.138497541151537, 'pop_sig': 1.0179881680997789, 'fuel_k': 0.19576930996709443, 'fuel_half': 7.2335283240099635}. Best is trial 1622 with value: -0.6125870653324885.
[I 2026-08-19 18:05:35,849] Trial 2215 finished with value: 0.6445374145881376 and parameters: {'k1': 0.0001130570025200482, 'D_low': 921467.8769516856, 'k2': 0.006218083288232245, 'D_high': 10571.35120437914, 'fire_exp': 1.277521975883827, 'P_half': 366.1106597163112, 'pre_dampen_half': 192.87384271737844, 'gpp_af': 0.034752577433715286, 'gpp_b': 7.909071494459359, 'gpp_d': 12.745107222610384, 'ign_k': 0.11962199885405737, 'ign_c': 734.2102954651708, 'trop_agb_crit': 2.1758190947570095, 'trop_k_veg': 2.8257239213536214, 'pop_amp': 6.052732775462135, 'pop_peak': 0.15354748811749974, 'pop_sig': 0.6722421171773737, 'fuel_k': 2.5720619927847466, 'fuel_half': 5.041909440682002}. Best is trial 1622 with value: -0.6125870653324885.
[I 2026-08-19 18:05:37,763] Trial 2216 finished with value: 0.6036434683539056 and parameters: {'k1': 0.006060338842255383, 'D_low': 2578.1598466648325, 'k2': 0.0031722015329644047, 'D_high': 223121.88027269067, 'fire_exp': 1.5172953076961864, 'P_half': 7963.94694573063, 'pre_dampen_half': 49.53317737493683, 'gpp_af': 0.010573039062199086, 'gpp_b': 0.006391278350047225, 'gpp_d': 85.3793141415031, 'ign_k': 4.800542456338255, 'ign_c': 24.142235548908822, 'trop_agb_crit': 18.39732092732572, 'trop_k_veg': 1.638342858412443, 'pop_amp': 0.006764361345686716, 'pop_peak': 15.53659567742598, 'pop_sig': 0.8075032599214248, 'fuel_k': 0.12663870765861437, 'fuel_half': 11.748444617156629}. Best is trial 1622 with value: -0.6125870653324885.
[I 2026-08-19 18:05:39,585] Trial 2217 finished with value: 0.498031207546225 and parameters: {'k1': 0.00038242001790494176, 'D_low': 292.4069860016055, 'k2': 0.003800587552574182, 'D_high': 165689.08922890841, 'fire_exp': 5.760390163384824, 'P_half': 2.2170478588275313, 'pre_dampen_half': 522.448314899908, 'gpp_af': 0.003136513897610083, 'gpp_b': 7.123567657153682e-05, 'gpp_d': 129.15793869298955, 'ign_k': 0.15962077562465923, 'ign_c': 0.6233095340080493, 'trop_agb_crit': 24.867588389720147, 'trop_k_veg': 5.77354210138863, 'pop_amp': 0.002042111736616653, 'pop_peak': 0.07360455933921332, 'pop_sig': 0.9241759697606318, 'fuel_k': 1.6597033564831398, 'fuel_half': 1.044514261465934}. Best is trial 1622 with value: -0.6125870653324885.
[I 2026-08-19 18:05:41,381] Trial 2218 finished with value: 0.6445374145881376 and parameters: {'k1': 0.00020949227730371038, 'D_low': 32079.021717516793, 'k2': 5.4931503242476634e-05, 'D_high': 159287.9137132031, 'fire_exp': 1.4258565617661536, 'P_half': 104.59653033107348, 'pre_dampen_half': 10.318726550463882, 'gpp_af': 0.031061959157415546, 'gpp_b': 0.0004378295339720774, 'gpp_d': 134.1882138493989, 'ign_k': 9.951671829288632, 'ign_c': 45.5761547238052, 'trop_agb_crit': 12.13409292608102, 'trop_k_veg': 0.5897572528297987, 'pop_amp': 0.0023222105511613235, 'pop_peak': 6.769648187058858, 'pop_sig': 0.6035237373331603, 'fuel_k': 0.1270322661100274, 'fuel_half': 6.642960291664738}. Best is trial 1622 with value: -0.6125870653324885.
  trial 2219/2500  best_overall=0.6126  (67.3 min)
[I 2026-08-19 18:05:43,772] Trial 2219 finished with value: 0.6161630177005271 and parameters: {'k1': 0.011473570242192453, 'D_low': 27857.8840666575, 'k2': 0.0008931403224100489, 'D_high': 19508.325429781384, 'fire_exp': 1.1629774332891778, 'P_half': 3567.3020263727153, 'pre_dampen_half': 184.1234890857295, 'gpp_af': 0.4517380982119823, 'gpp_b': 3.2121908470269186e-05, 'gpp_d': 88.43467556794909, 'ign_k': 9.232376734407257, 'ign_c': 4.686090980715762, 'trop_agb_crit': 17.287922829361193, 'trop_k_veg': 4.477716029793304, 'pop_amp': 0.0021810951790270055, 'pop_peak': 9.346101362504522, 'pop_sig': 1.1523643962287053, 'fuel_k': 0.08839153781546397, 'fuel_half': 5.719047637059691}. Best is trial 1622 with value: -0.6125870653324885.
[I 2026-08-19 18:05:45,590] Trial 2220 finished with value: 0.47447703233343086 and parameters: {'k1': 0.008481369297901697, 'D_low': 36.86700314039255, 'k2': 1.5250598543426561e-05, 'D_high': 7555953.900598849, 'fire_exp': 3.4479130783454717, 'P_half': 3.296982730469909, 'pre_dampen_half': 19.623128357901496, 'gpp_af': 0.0018485746351962916, 'gpp_b': 2.207176177146595e-05, 'gpp_d': 200.57417640240496, 'ign_k': 1.4236022968399622, 'ign_c': 25.291995993092836, 'trop_agb_crit': 16.115683037803617, 'trop_k_veg': 1.732848858568092, 'pop_amp': 0.0030507595061728876, 'pop_peak': 2.639177345416505, 'pop_sig': 1.6067277924552312, 'fuel_k': 0.020822434495788075, 'fuel_half': 1.6415207465620416}. Best is trial 1622 with value: -0.6125870653324885.
[I 2026-08-19 18:05:47,355] Trial 2221 finished with value: 0.5155029224110634 and parameters: {'k1': 0.00201519792964172, 'D_low': 14.625783527152722, 'k2': 0.0001327754881732777, 'D_high': 896695.276256911, 'fire_exp': 3.6653847908079618, 'P_half': 7.405241976394606, 'pre_dampen_half': 0.10280656588170407, 'gpp_af': 0.03288041415349531, 'gpp_b': 2.162842415487947e-05, 'gpp_d': 2.3892285586291906, 'ign_k': 0.14280825618939144, 'ign_c': 0.8439925276975122, 'trop_agb_crit': 14.827045278850468, 'trop_k_veg': 2.3010152015565044, 'pop_amp': 0.03050274594116191, 'pop_peak': 845.4403571730937, 'pop_sig': 1.142971841847427, 'fuel_k': 0.02049548752655774, 'fuel_half': 3.8652652357627155}. Best is trial 1622 with value: -0.6125870653324885.
[I 2026-08-19 18:05:49,197] Trial 2222 finished with value: 0.5968090697162853 and parameters: {'k1': 0.0011605610232883652, 'D_low': 224.0242566127946, 'k2': 0.0005719764596451944, 'D_high': 2874524.204686728, 'fire_exp': 1.3002097323232906, 'P_half': 84.12353191706137, 'pre_dampen_half': 39.94231498122767, 'gpp_af': 0.0024956650450227934, 'gpp_b': 3.959789194146649e-05, 'gpp_d': 0.3611398465767837, 'ign_k': 0.4941020613410403, 'ign_c': 33.92576498070608, 'trop_agb_crit': 10.870567946061772, 'trop_k_veg': 1.0014531875516888, 'pop_amp': 2.618404842573476, 'pop_peak': 381.36255118043607, 'pop_sig': 1.0618178512807965, 'fuel_k': 0.028723776641560048, 'fuel_half': 5.390849102203831}. Best is trial 1622 with value: -0.6125870653324885.
[I 2026-08-19 18:05:50,998] Trial 2223 finished with value: 0.3998170819762722 and parameters: {'k1': 0.05258061102536504, 'D_low': 5.646562288622275, 'k2': 9.314922162633986e-05, 'D_high': 168710.6320696393, 'fire_exp': 4.0436551456242436, 'P_half': 7.033060954211367, 'pre_dampen_half': 8.106543899367868, 'gpp_af': 0.051664127258582875, 'gpp_b': 5.6821389526527296e-05, 'gpp_d': 10.54138487616197, 'ign_k': 0.07050680274561315, 'ign_c': 0.2099131922047239, 'trop_agb_crit': 12.685652878016995, 'trop_k_veg': 4.248984752164964, 'pop_amp': 0.0033419916405872194, 'pop_peak': 0.12666596993222914, 'pop_sig': 0.6328280439227778, 'fuel_k': 3.499312472388516, 'fuel_half': 0.3514583173985644}. Best is trial 1622 with value: -0.6125870653324885.
[I 2026-08-19 18:05:52,808] Trial 2224 finished with value: 0.5762229047432983 and parameters: {'k1': 0.0020737655830525862, 'D_low': 26106.636730391096, 'k2': 4.071233504503087e-05, 'D_high': 6428959.70563053, 'fire_exp': 1.1904642088082869, 'P_half': 179.0840523757925, 'pre_dampen_half': 0.735462723336261, 'gpp_af': 0.009518150745983067, 'gpp_b': 0.0016746693866080196, 'gpp_d': 131.65816290541233, 'ign_k': 3.4434648821117038, 'ign_c': 0.875168017072756, 'trop_agb_crit': 28.506683604996688, 'trop_k_veg': 0.5903645000030187, 'pop_amp': 0.010687252934594792, 'pop_peak': 227.6268832500785, 'pop_sig': 0.8686429004796078, 'fuel_k': 0.03133210582403952, 'fuel_half': 38.42477230392964}. Best is trial 1622 with value: -0.6125870653324885.
[I 2026-08-19 18:05:54,676] Trial 2225 finished with value: 0.4217111468422048 and parameters: {'k1': 0.0024379739711395125, 'D_low': 2.0053711924395996, 'k2': 3.108408846511538e-05, 'D_high': 638289.1027423674, 'fire_exp': 1.3064775656770333, 'P_half': 15.859136763008983, 'pre_dampen_half': 6.76408093197981, 'gpp_af': 0.018388639779351436, 'gpp_b': 1.5041402165252618e-05, 'gpp_d': 2.4795858697544713, 'ign_k': 0.16328996735780435, 'ign_c': 7.255828322097363, 'trop_agb_crit': 10.99024079601872, 'trop_k_veg': 0.8253658296993341, 'pop_amp': 0.303794618082033, 'pop_peak': 409.1838444072256, 'pop_sig': 0.3062198191455311, 'fuel_k': 0.013525329310885176, 'fuel_half': 4.562209429344573}. Best is trial 1622 with value: -0.6125870653324885.
[I 2026-08-19 18:05:56,484] Trial 2226 finished with value: 0.5813530496297821 and parameters: {'k1': 0.0035570032357349897, 'D_low': 109.37143655636436, 'k2': 1.051493999113919e-05, 'D_high': 6000678.430952352, 'fire_exp': 2.0515810164931576, 'P_half': 11.164901546772615, 'pre_dampen_half': 8.023572584421252, 'gpp_af': 0.15897918513505835, 'gpp_b': 0.0059491517693629, 'gpp_d': 0.17946844786109914, 'ign_k': 0.29961517065422427, 'ign_c': 27.174051162412454, 'trop_agb_crit': 17.03892759879141, 'trop_k_veg': 0.5641532002727833, 'pop_amp': 0.045271629579133235, 'pop_peak': 70.21280988457094, 'pop_sig': 1.5434504059659397, 'fuel_k': 0.026945729033310193, 'fuel_half': 83.52919580049779}. Best is trial 1622 with value: -0.6125870653324885.
[I 2026-08-19 18:05:58,247] Trial 2227 finished with value: 0.5970987153158476 and parameters: {'k1': 0.0039468652926008905, 'D_low': 2.002464121569062, 'k2': 0.002664977978460587, 'D_high': 2099136.347489649, 'fire_exp': 8.516695458180328, 'P_half': 2.1125554117783145, 'pre_dampen_half': 23.748609839802743, 'gpp_af': 1.584384538527789, 'gpp_b': 0.00635488607562205, 'gpp_d': 45.20953079707385, 'ign_k': 0.08577662019840862, 'ign_c': 48.571754781824254, 'trop_agb_crit': 20.242852555895574, 'trop_k_veg': 2.061646708116199, 'pop_amp': 0.006816446945549436, 'pop_peak': 0.2965396263769007, 'pop_sig': 0.8109390266042389, 'fuel_k': 4.997175609474929, 'fuel_half': 0.17778879533787742}. Best is trial 1622 with value: -0.6125870653324885.
[I 2026-08-19 18:06:00,125] Trial 2228 finished with value: 0.45267626953990336 and parameters: {'k1': 0.03315427174424308, 'D_low': 607.9175940235835, 'k2': 0.020731866024446412, 'D_high': 5547507.197260777, 'fire_exp': 6.246172093137802, 'P_half': 8.879404982810856, 'pre_dampen_half': 50.087600602159505, 'gpp_af': 0.010285532583858795, 'gpp_b': 1.0453382844525025e-05, 'gpp_d': 19.697355870603257, 'ign_k': 7.579576046229923, 'ign_c': 3.2155102928577377, 'trop_agb_crit': 3.8896114022939736, 'trop_k_veg': 3.2660945307213947, 'pop_amp': 0.05132434416517456, 'pop_peak': 299.1644167913842, 'pop_sig': 1.459893584086951, 'fuel_k': 0.2359980982577297, 'fuel_half': 0.2531815165595889}. Best is trial 1622 with value: -0.6125870653324885.
[I 2026-08-19 18:06:02,052] Trial 2229 finished with value: 0.6540143050548299 and parameters: {'k1': 0.0009804858762212747, 'D_low': 7132.668636133587, 'k2': 0.00017821167936613703, 'D_high': 32679.396477733746, 'fire_exp': 1.7760264110647221, 'P_half': 324.78290575799065, 'pre_dampen_half': 605.0632184250987, 'gpp_af': 0.17704341191247028, 'gpp_b': 0.0017610124022548414, 'gpp_d': 27.30448039429326, 'ign_k': 8.5166524544262, 'ign_c': 33.12933834403836, 'trop_agb_crit': 13.709706968975585, 'trop_k_veg': 1.87106516177425, 'pop_amp': 0.0014251914938461804, 'pop_peak': 280.0014882026524, 'pop_sig': 1.1443276009721703, 'fuel_k': 0.08835621690709274, 'fuel_half': 11.52835342689486}. Best is trial 1622 with value: -0.6125870653324885.
  trial 2230/2500  best_overall=0.6126  (67.6 min)
[I 2026-08-19 18:06:04,422] Trial 2230 finished with value: 0.44686366006403544 and parameters: {'k1': 0.0006587487607855841, 'D_low': 19.60544626102647, 'k2': 0.0006486970929179161, 'D_high': 1640460.5208942275, 'fire_exp': 1.8396884117283694, 'P_half': 1.930455429625716, 'pre_dampen_half': 0.2952821146253804, 'gpp_af': 0.13825943535643603, 'gpp_b': 6.338618975826565e-05, 'gpp_d': 1.0952445325620217, 'ign_k': 0.6725814800896965, 'ign_c': 3.113272734758778, 'trop_agb_crit': 9.028099360021127, 'trop_k_veg': 1.6932431397656134, 'pop_amp': 0.03432591676215978, 'pop_peak': 518.8714330382727, 'pop_sig': 0.6129484068360479, 'fuel_k': 0.1472521594646369, 'fuel_half': 4.928517144440301}. Best is trial 1622 with value: -0.6125870653324885.
[I 2026-08-19 18:06:06,291] Trial 2231 finished with value: -0.572793994551409 and parameters: {'k1': 0.005098691263039124, 'D_low': 121.82257469808822, 'k2': 9.652529002201036e-05, 'D_high': 935474.7395881067, 'fire_exp': 1.3833291285611309, 'P_half': 11.877876204523561, 'pre_dampen_half': 2.9241129464911837, 'gpp_af': 0.005024900480388081, 'gpp_b': 1.7388624908779346e-05, 'gpp_d': 0.06025760873985204, 'ign_k': 0.14188240211687075, 'ign_c': 22.507894272798644, 'trop_agb_crit': 23.689934957789916, 'trop_k_veg': 0.672023785337388, 'pop_amp': 0.9061394019296709, 'pop_peak': 961.7275391315195, 'pop_sig': 1.1963533131835054, 'fuel_k': 0.015578215332766716, 'fuel_half': 69.20281980133103}. Best is trial 1622 with value: -0.6125870653324885.
