[I 2026-07-25 00:32:14,449] Trial 366 finished with value: 0.4382330673414885 and parameters: {'k1': 0.0011286916384585797, 'D_low': 1971.0437127658972, 'k2': 0.04632533733250111, 'D_high': 4842643.772982311, 'fire_exp': 6.643046993811562, 'P_half': 4.895994867050354, 'pre_dampen_half': 1.80888706913117, 'gpp_af': 1.9971495619653985, 'gpp_b': 0.00028456510220206574, 'gpp_d': 720.9030655314409, 'ign_k': 0.10977834854399322, 'ign_c': 0.1413230612978197, 'trop_agb_crit': 12.577118513613645, 'trop_k_veg': 0.6759026266308242, 'gdp_gamma': 0.312180744112231, 'cure_k': 0.024216750547069708, 'cure_p_min': 353.42437075080056, 'cure_gpp_ref': 0.10252123418208223, 'cure_agb_crit': 5.960966677873959, 'fuel_k': 0.358079883003694, 'fuel_half': 11.045928316833376}. Best is trial 0 with value: -0.6232552202351066.
[I 2026-07-25 00:32:14,921] Trial 367 finished with value: 0.44041160516312416 and parameters: {'k1': 7.392408041993702e-05, 'D_low': 422.9208874381034, 'k2': 0.08556444556803265, 'D_high': 515213.22740099183, 'fire_exp': 3.511831847425949, 'P_half': 3.236677314351376, 'pre_dampen_half': 0.38309740166889394, 'gpp_af': 68.37247779508763, 'gpp_b': 0.00016237083532078553, 'gpp_d': 527.026719630762, 'ign_k': 0.23187666144080601, 'ign_c': 0.33824909772865525, 'trop_agb_crit': 9.41096342546619, 'trop_k_veg': 0.9764312010011513, 'gdp_gamma': 0.10962907775681889, 'cure_k': 0.27530762912328993, 'cure_p_min': 283.43873417625974, 'cure_gpp_ref': 0.24405348655799647, 'cure_agb_crit': 2.798356861191128, 'fuel_k': 0.0948753036149584, 'fuel_half': 5.023949417327761}. Best is trial 0 with value: -0.6232552202351066.
[I 2026-07-25 00:32:15,372] Trial 368 finished with value: 0.5973928585145518 and parameters: {'k1': 0.0038090186733111655, 'D_low': 1718.565660489656, 'k2': 0.021887422008887335, 'D_high': 132919.10645181587, 'fire_exp': 3.2559968522234772, 'P_half': 1785.703959365305, 'pre_dampen_half': 259.38738347507956, 'gpp_af': 0.004869294280311133, 'gpp_b': 0.0003994803047468996, 'gpp_d': 214.23791609317345, 'ign_k': 0.012982890734858643, 'ign_c': 1.428516361552274, 'trop_agb_crit': 20.637059987248655, 'trop_k_veg': 0.5305562046387122, 'gdp_gamma': 0.3393695864367915, 'cure_k': 0.0012290721820257973, 'cure_p_min': 238.98502713272083, 'cure_gpp_ref': 1.0589307701973134, 'cure_agb_crit': 3.1354267954653436, 'fuel_k': 0.01730974440757233, 'fuel_half': 0.6350013898534084}. Best is trial 0 with value: -0.6232552202351066.
[I 2026-07-25 00:32:15,819] Trial 369 finished with value: 0.5994797257211049 and parameters: {'k1': 0.005841111818111176, 'D_low': 2.701406904880265, 'k2': 0.03951673020964921, 'D_high': 3062.0353866113464, 'fire_exp': 1.9778314197829685, 'P_half': 9.912084798208369, 'pre_dampen_half': 0.5016266788992978, 'gpp_af': 0.6684567657348038, 'gpp_b': 0.00014930097177491067, 'gpp_d': 49.75735403567323, 'ign_k': 0.009525032243757586, 'ign_c': 19.623856360682225, 'trop_agb_crit': 6.173080888860536, 'trop_k_veg': 2.265725803660966, 'gdp_gamma': 0.8478291794980383, 'cure_k': 0.0012753954923612498, 'cure_p_min': 120.60706183218214, 'cure_gpp_ref': 0.18895689593142984, 'cure_agb_crit': 1.715573582566009, 'fuel_k': 0.2749484427186842, 'fuel_half': 37.88495287538166}. Best is trial 0 with value: -0.6232552202351066.
[I 2026-07-25 00:32:16,266] Trial 370 finished with value: 0.580629031689653 and parameters: {'k1': 0.013264934208439634, 'D_low': 5.4580140500638725, 'k2': 0.042380826657934814, 'D_high': 460108.4487144727, 'fire_exp': 1.0323703768650265, 'P_half': 122.66033113475083, 'pre_dampen_half': 15.831589212139349, 'gpp_af': 0.004024152797103342, 'gpp_b': 1.3945726717052244e-05, 'gpp_d': 5.398872314027349, 'ign_k': 0.004414049549054649, 'ign_c': 18.031861040687453, 'trop_agb_crit': 16.34417437745347, 'trop_k_veg': 0.5603447716920481, 'gdp_gamma': 1.7269611293553553, 'cure_k': 0.0034819957330299157, 'cure_p_min': 257.6393861700228, 'cure_gpp_ref': 0.2048470155543419, 'cure_agb_crit': 4.477485140148467, 'fuel_k': 0.024843054450517033, 'fuel_half': 1.030981894611621}. Best is trial 0 with value: -0.6232552202351066.
[I 2026-07-25 00:32:16,715] Trial 371 finished with value: 0.4465860179809841 and parameters: {'k1': 0.0030177862708104923, 'D_low': 138.0001685781795, 'k2': 0.0023655934787569833, 'D_high': 5706838.005630367, 'fire_exp': 1.7655128083147908, 'P_half': 1178.1494059471731, 'pre_dampen_half': 13.932404413171607, 'gpp_af': 0.0012599133811667985, 'gpp_b': 1.8793623267404095e-05, 'gpp_d': 887.2140102504973, 'ign_k': 0.009200018037869606, 'ign_c': 29.506915039614164, 'trop_agb_crit': 6.889139273300394, 'trop_k_veg': 2.7151660968759614, 'gdp_gamma': 1.0841505118835557, 'cure_k': 0.0017489029104567045, 'cure_p_min': 119.03366619549851, 'cure_gpp_ref': 0.2389473826903971, 'cure_agb_crit': 1.7614683831303533, 'fuel_k': 0.032214012320157935, 'fuel_half': 59.88741096895368}. Best is trial 0 with value: -0.6232552202351066.
[I 2026-07-25 00:32:17,171] Trial 372 finished with value: 0.44242757816749045 and parameters: {'k1': 0.002923489847146723, 'D_low': 3016.445148923011, 'k2': 1.05731114758004e-05, 'D_high': 78.33068231157688, 'fire_exp': 1.2631169581596595, 'P_half': 1.0005290081452693, 'pre_dampen_half': 0.1857248734321842, 'gpp_af': 0.0011033094750728788, 'gpp_b': 0.00019362401155977578, 'gpp_d': 2.7536214603395464, 'ign_k': 0.7071024372580064, 'ign_c': 2.8370499182962234, 'trop_agb_crit': 1.9440904643596244, 'trop_k_veg': 1.8956334074541077, 'gdp_gamma': 0.5513676670563975, 'cure_k': 0.32019534043373954, 'cure_p_min': 371.18482517649403, 'cure_gpp_ref': 0.3444982750094588, 'cure_agb_crit': 1.1156303538241248, 'fuel_k': 0.2229414424077538, 'fuel_half': 31.57418854973198}. Best is trial 0 with value: -0.6232552202351066.
[I 2026-07-25 00:32:17,621] Trial 373 finished with value: 0.5625864885447521 and parameters: {'k1': 0.0013623024695644833, 'D_low': 459.07088473904446, 'k2': 2.8620276933961772e-05, 'D_high': 525.6806368325209, 'fire_exp': 1.5832100477333853, 'P_half': 1.977413587337813, 'pre_dampen_half': 0.6229414793829295, 'gpp_af': 0.32437143205851177, 'gpp_b': 0.04069944281574347, 'gpp_d': 0.8404516564898407, 'ign_k': 1.6927569456400562, 'ign_c': 5.42267547457525, 'trop_agb_crit': 1.200778631983697, 'trop_k_veg': 1.2498759492750824, 'gdp_gamma': 1.87333193494532, 'cure_k': 0.6655944738129179, 'cure_p_min': 339.52693743020893, 'cure_gpp_ref': 0.0905564484093465, 'cure_agb_crit': 2.8128251403856765, 'fuel_k': 0.01609687342225386, 'fuel_half': 8.56909968829691}. Best is trial 0 with value: -0.6232552202351066.
[I 2026-07-25 00:32:18,072] Trial 374 finished with value: 0.5959770094060137 and parameters: {'k1': 0.004187060135946586, 'D_low': 983.9963123448829, 'k2': 3.273526021567976e-05, 'D_high': 466348.4398881275, 'fire_exp': 3.008553602303308, 'P_half': 51.05992499935184, 'pre_dampen_half': 0.5191141652189842, 'gpp_af': 22.831856613896534, 'gpp_b': 0.00020677282537783675, 'gpp_d': 66.33228196228936, 'ign_k': 0.037676850760342336, 'ign_c': 161.27286082423558, 'trop_agb_crit': 17.344879317566463, 'trop_k_veg': 2.7104664509789167, 'gdp_gamma': 1.0400535103455322, 'cure_k': 0.003909996750811393, 'cure_p_min': 307.454233478704, 'cure_gpp_ref': 0.2176984413268206, 'cure_agb_crit': 7.9114195727506385, 'fuel_k': 0.025705960064653744, 'fuel_half': 2.433785454278037}. Best is trial 0 with value: -0.6232552202351066.
[I 2026-07-25 00:32:18,519] Trial 375 finished with value: 0.5675993293070297 and parameters: {'k1': 3.065151366923761e-05, 'D_low': 170.75935385163496, 'k2': 0.0008416969052133681, 'D_high': 943500.0728796055, 'fire_exp': 2.7602231693352883, 'P_half': 7.873720935384481, 'pre_dampen_half': 0.03833926281883791, 'gpp_af': 3.287089374062792, 'gpp_b': 0.001595968164762825, 'gpp_d': 182.10353663132085, 'ign_k': 0.001806474868980852, 'ign_c': 0.8384520938012208, 'trop_agb_crit': 9.344425086832453, 'trop_k_veg': 1.4690748497653126, 'gdp_gamma': 0.288734629412733, 'cure_k': 0.035484254434006, 'cure_p_min': 374.673270616344, 'cure_gpp_ref': 0.37455574240597345, 'cure_agb_crit': 6.127154682537961, 'fuel_k': 0.10710990733241134, 'fuel_half': 0.3349651933390384}. Best is trial 0 with value: -0.6232552202351066.
[I 2026-07-25 00:32:18,966] Trial 376 finished with value: 0.545590684383374 and parameters: {'k1': 0.0029298044359462013, 'D_low': 165.34930610379413, 'k2': 0.01314614192542804, 'D_high': 73716.60752707552, 'fire_exp': 1.628705988171728, 'P_half': 123.38610298225885, 'pre_dampen_half': 5.015853862396363, 'gpp_af': 0.0014940659490611128, 'gpp_b': 1.782526177669492e-05, 'gpp_d': 356.60064811703074, 'ign_k': 0.002204923955157328, 'ign_c': 233.14525535279358, 'trop_agb_crit': 16.154449990619216, 'trop_k_veg': 0.8155925484897968, 'gdp_gamma': 0.16929995648810742, 'cure_k': 0.0032700726464423764, 'cure_p_min': 280.2402888572459, 'cure_gpp_ref': 0.16054586859033906, 'cure_agb_crit': 1.8713197838690236, 'fuel_k': 0.11244830603831657, 'fuel_half': 1.8111376340969993}. Best is trial 0 with value: -0.6232552202351066.
[I 2026-07-25 00:32:19,419] Trial 377 finished with value: 0.5039275067616377 and parameters: {'k1': 0.03577818072683115, 'D_low': 12569.818378556181, 'k2': 0.0679861102724081, 'D_high': 60291.41068806497, 'fire_exp': 1.6741965215483894, 'P_half': 399.4000938394943, 'pre_dampen_half': 5.880299787720367, 'gpp_af': 0.026395847575978182, 'gpp_b': 0.00576083418689121, 'gpp_d': 948.6438235276422, 'ign_k': 0.05337513459568983, 'ign_c': 7.144254189572801, 'trop_agb_crit': 9.200104774018136, 'trop_k_veg': 0.540487712297325, 'gdp_gamma': 0.8664846726843162, 'cure_k': 0.0013259903108185597, 'cure_p_min': 168.72459544562153, 'cure_gpp_ref': 0.562628052878236, 'cure_agb_crit': 4.356961766515909, 'fuel_k': 0.15111276422293132, 'fuel_half': 0.7298689826431204}. Best is trial 0 with value: -0.6232552202351066.
[I 2026-07-25 00:32:19,867] Trial 378 finished with value: 0.5695686678408877 and parameters: {'k1': 2.6074143269454332e-05, 'D_low': 16953.785617805854, 'k2': 1.4521988298995315e-05, 'D_high': 173934.36823424566, 'fire_exp': 1.5194270861054284, 'P_half': 14.28658485583364, 'pre_dampen_half': 0.01287875669238175, 'gpp_af': 0.02799375108158362, 'gpp_b': 0.0006602922861728895, 'gpp_d': 3.0255955820736853, 'ign_k': 1.4584873134829988, 'ign_c': 33.666028579677636, 'trop_agb_crit': 1.7914019632828977, 'trop_k_veg': 4.331880132871992, 'gdp_gamma': 0.6381197859062689, 'cure_k': 0.6503971745763742, 'cure_p_min': 260.7097340276407, 'cure_gpp_ref': 0.06575078997971583, 'cure_agb_crit': 1.3486990125273044, 'fuel_k': 0.016760951024375977, 'fuel_half': 7.575854169266399}. Best is trial 0 with value: -0.6232552202351066.
[I 2026-07-25 00:32:20,317] Trial 379 finished with value: 0.45968133798658684 and parameters: {'k1': 2.8348249315346085e-05, 'D_low': 2.4014612173853505, 'k2': 0.006371375475773322, 'D_high': 5380.501682730495, 'fire_exp': 1.1174559233900623, 'P_half': 14.699000311284735, 'pre_dampen_half': 2.1279741799836502, 'gpp_af': 0.0012155358529138088, 'gpp_b': 2.5066914353849888e-05, 'gpp_d': 132.25969973805059, 'ign_k': 0.6236888088016406, 'ign_c': 2.8050401347381704, 'trop_agb_crit': 2.7067938635576883, 'trop_k_veg': 4.498173683142832, 'gdp_gamma': 0.2212994873796717, 'cure_k': 0.2714738960823517, 'cure_p_min': 242.91999737487848, 'cure_gpp_ref': 0.5893808453236422, 'cure_agb_crit': 1.977487627209157, 'fuel_k': 0.042703966360693596, 'fuel_half': 0.5807912075743915}. Best is trial 0 with value: -0.6232552202351066.
[I 2026-07-25 00:32:20,765] Trial 380 finished with value: -0.5803342560693132 and parameters: {'k1': 0.00012662962015900326, 'D_low': 1211.3025277647157, 'k2': 7.712207940707598e-05, 'D_high': 3336899.811240698, 'fire_exp': 2.0432930749547777, 'P_half': 17.17750176651284, 'pre_dampen_half': 0.7956650731982103, 'gpp_af': 3.1461288287712668, 'gpp_b': 1.6616752946930917e-05, 'gpp_d': 98.89860570352188, 'ign_k': 0.0027395628348649403, 'ign_c': 2.458848238238436, 'trop_agb_crit': 20.293181496742726, 'trop_k_veg': 1.0908013765633973, 'gdp_gamma': 1.1637115158467477, 'cure_k': 0.002530609136228829, 'cure_p_min': 380.86403904826005, 'cure_gpp_ref': 0.4286724069365353, 'cure_agb_crit': 4.561655104038006, 'fuel_k': 0.042301281492754035, 'fuel_half': 12.693496726740165}. Best is trial 0 with value: -0.6232552202351066.
[I 2026-07-25 00:32:21,216] Trial 381 finished with value: 0.5156641216239417 and parameters: {'k1': 2.1497213089401085e-05, 'D_low': 813.541486558823, 'k2': 0.00011119642468549556, 'D_high': 476859.746727158, 'fire_exp': 3.8432773433222525, 'P_half': 4.77854470683902, 'pre_dampen_half': 0.46566963756047325, 'gpp_af': 4.628234615705425, 'gpp_b': 2.1357174134420925e-05, 'gpp_d': 48.755397488667796, 'ign_k': 0.03969794384763472, 'ign_c': 0.1438618652660179, 'trop_agb_crit': 24.015283695779726, 'trop_k_veg': 0.7422975551098245, 'gdp_gamma': 0.6095715318357197, 'cure_k': 0.0070364928390948735, 'cure_p_min': 297.9085090648964, 'cure_gpp_ref': 0.5341492514083203, 'cure_agb_crit': 7.050851161514299, 'fuel_k': 0.062934886443899, 'fuel_half': 8.616575662740958}. Best is trial 0 with value: -0.6232552202351066.
[I 2026-07-25 00:32:21,665] Trial 382 finished with value: 0.5618568768716359 and parameters: {'k1': 2.7044304908485457e-05, 'D_low': 394.32425644591757, 'k2': 0.0001044082601532273, 'D_high': 1262622.9452278551, 'fire_exp': 1.7314848757244479, 'P_half': 13.808286804582456, 'pre_dampen_half': 0.02362704967006777, 'gpp_af': 4.180407989243556, 'gpp_b': 1.6766368863600348e-05, 'gpp_d': 38.860135718089275, 'ign_k': 0.017449544585306544, 'ign_c': 16.3587204437509, 'trop_agb_crit': 19.635734365110615, 'trop_k_veg': 0.8532595433407334, 'gdp_gamma': 0.11886393422859101, 'cure_k': 0.004664344031009365, 'cure_p_min': 395.2769077365078, 'cure_gpp_ref': 0.22313937295213665, 'cure_agb_crit': 5.038603923533674, 'fuel_k': 0.0113940692953882, 'fuel_half': 7.992057104912105}. Best is trial 0 with value: -0.6232552202351066.
[I 2026-07-25 00:32:22,114] Trial 383 finished with value: 0.5668161846502943 and parameters: {'k1': 8.044398690331547e-05, 'D_low': 1707.6691197164782, 'k2': 0.00012203620520924217, 'D_high': 2138939.2188066333, 'fire_exp': 1.5101316619370224, 'P_half': 269.6431411210823, 'pre_dampen_half': 0.12440061069720076, 'gpp_af': 76.53516597023436, 'gpp_b': 0.0002145631780478146, 'gpp_d': 34.531496870531306, 'ign_k': 0.015215289538584705, 'ign_c': 3.4793888690381807, 'trop_agb_crit': 21.77701708747311, 'trop_k_veg': 1.1671751447300212, 'gdp_gamma': 0.6005608284413947, 'cure_k': 0.6994231174915712, 'cure_p_min': 281.7582565210623, 'cure_gpp_ref': 0.29045318898457617, 'cure_agb_crit': 6.5784463944475355, 'fuel_k': 0.02896599199903141, 'fuel_half': 4.120334473921599}. Best is trial 0 with value: -0.6232552202351066.
[I 2026-07-25 00:32:22,562] Trial 384 finished with value: 0.5758918163139851 and parameters: {'k1': 7.92365597372632e-05, 'D_low': 34.689508140789975, 'k2': 2.6860371486782454e-05, 'D_high': 170.4318183882285, 'fire_exp': 1.7168029013648802, 'P_half': 6.321525909575141, 'pre_dampen_half': 0.6782337049769683, 'gpp_af': 0.0010874920286178028, 'gpp_b': 0.00010209134389428894, 'gpp_d': 43.56727886033264, 'ign_k': 0.003254256705698474, 'ign_c': 0.3819352045715838, 'trop_agb_crit': 5.943056147795739, 'trop_k_veg': 6.045084455817211, 'gdp_gamma': 0.8188965242839719, 'cure_k': 0.002935510930625714, 'cure_p_min': 285.3692211607133, 'cure_gpp_ref': 0.6305494927703656, 'cure_agb_crit': 1.4808422576604556, 'fuel_k': 0.032339087079581746, 'fuel_half': 2.658707752780955}. Best is trial 0 with value: -0.6232552202351066.
[I 2026-07-25 00:32:23,010] Trial 385 finished with value: -0.5397883577723682 and parameters: {'k1': 1.5750355516131738e-05, 'D_low': 858.166994844897, 'k2': 6.058114646095048e-05, 'D_high': 3040623.01463763, 'fire_exp': 1.6892574486353615, 'P_half': 33.28470008120313, 'pre_dampen_half': 1.8326255029023948, 'gpp_af': 28.427983338196587, 'gpp_b': 1.895004537154639e-05, 'gpp_d': 20.291322349657964, 'ign_k': 0.0010741041959227734, 'ign_c': 3.07461404959622, 'trop_agb_crit': 21.760255030661753, 'trop_k_veg': 2.0875018711991706, 'gdp_gamma': 0.6269848485342, 'cure_k': 0.01156713891216335, 'cure_p_min': 223.18505109038603, 'cure_gpp_ref': 1.2725213738682037, 'cure_agb_crit': 2.9673672299147587, 'fuel_k': 0.03338244470050171, 'fuel_half': 15.895554694205222}. Best is trial 0 with value: -0.6232552202351066.
[I 2026-07-25 00:32:23,457] Trial 386 finished with value: 0.40137453007627855 and parameters: {'k1': 5.083447864927199e-05, 'D_low': 4361.44700030849, 'k2': 0.00032289779800963563, 'D_high': 8983098.316129074, 'fire_exp': 1.886474132122119, 'P_half': 90.60879156095271, 'pre_dampen_half': 10.465072870809164, 'gpp_af': 0.027729690758702713, 'gpp_b': 4.6889486167581004e-05, 'gpp_d': 40.3267723401491, 'ign_k': 0.017237490767444463, 'ign_c': 3.4022901793769917, 'trop_agb_crit': 21.34081459749752, 'trop_k_veg': 0.7901950555622224, 'gdp_gamma': 0.9542451545729953, 'cure_k': 0.002297059518357872, 'cure_p_min': 321.88457061772516, 'cure_gpp_ref': 0.5351962397885685, 'cure_agb_crit': 4.64361316000139, 'fuel_k': 0.10825956537992511, 'fuel_half': 7.332020292938772}. Best is trial 0 with value: -0.6232552202351066.
[I 2026-07-25 00:32:23,905] Trial 387 finished with value: -0.5830435783835785 and parameters: {'k1': 0.0004987616449797793, 'D_low': 3116.78787375924, 'k2': 7.888686944789106e-05, 'D_high': 136570.80699005208, 'fire_exp': 2.498166731868452, 'P_half': 5.187609660056295, 'pre_dampen_half': 3.570427711023198, 'gpp_af': 4.885075982852066, 'gpp_b': 2.6555913969411376e-05, 'gpp_d': 204.90597023579977, 'ign_k': 0.008786262954644158, 'ign_c': 0.9939694830336702, 'trop_agb_crit': 10.214926868489869, 'trop_k_veg': 1.0870828079849397, 'gdp_gamma': 1.2354409472283883, 'cure_k': 0.011012559101665438, 'cure_p_min': 372.96669352718703, 'cure_gpp_ref': 0.6246624972664755, 'cure_agb_crit': 3.6791241296392125, 'fuel_k': 0.026551345959753343, 'fuel_half': 4.145812965192728}. Best is trial 0 with value: -0.6232552202351066.
[I 2026-07-25 00:32:24,355] Trial 388 finished with value: -0.5263574892556904 and parameters: {'k1': 0.0001311452477793597, 'D_low': 57114.84213257906, 'k2': 8.37710113867559e-05, 'D_high': 356393.19210505293, 'fire_exp': 2.9091430225435446, 'P_half': 7.422256509033737, 'pre_dampen_half': 14.714175584276854, 'gpp_af': 2.8014192954796098, 'gpp_b': 1.9857931036871375e-05, 'gpp_d': 115.01846749496444, 'ign_k': 0.023295365320846712, 'ign_c': 1.4901739507576601, 'trop_agb_crit': 8.361969367410985, 'trop_k_veg': 1.6993386953419753, 'gdp_gamma': 1.344038468745601, 'cure_k': 0.002821588135984586, 'cure_p_min': 323.6500215349596, 'cure_gpp_ref': 0.2647367187172818, 'cure_agb_crit': 4.421474341947967, 'fuel_k': 0.025906789447725932, 'fuel_half': 21.553431640180737}. Best is trial 0 with value: -0.6232552202351066.
[I 2026-07-25 00:32:24,803] Trial 389 finished with value: 0.435658392406749 and parameters: {'k1': 3.179231012531883e-05, 'D_low': 10.878229449858816, 'k2': 4.419531014660565e-05, 'D_high': 94023.99196856131, 'fire_exp': 1.7065488133490743, 'P_half': 34.97989352927194, 'pre_dampen_half': 128.3628811082737, 'gpp_af': 0.0025940402804466673, 'gpp_b': 0.0007137406081407588, 'gpp_d': 4.401439915954095, 'ign_k': 0.0010206479277743974, 'ign_c': 295.4336648127404, 'trop_agb_crit': 25.754411352114204, 'trop_k_veg': 3.513963308630448, 'gdp_gamma': 1.7505877352581032, 'cure_k': 0.012702344829683658, 'cure_p_min': 361.35134229604023, 'cure_gpp_ref': 1.0844523196372768, 'cure_agb_crit': 1.039375210973745, 'fuel_k': 0.8582369978539318, 'fuel_half': 1.0364159023105273}. Best is trial 0 with value: -0.6232552202351066.
[I 2026-07-25 00:32:25,289] Trial 390 finished with value: 0.5802959718546996 and parameters: {'k1': 0.00011671309816137091, 'D_low': 560.5107321176882, 'k2': 3.8180255600924e-05, 'D_high': 7138.730283879095, 'fire_exp': 1.1823709086624263, 'P_half': 1.0741920154395213, 'pre_dampen_half': 5.181863655069788, 'gpp_af': 0.08292176109361821, 'gpp_b': 4.1120709835695505e-05, 'gpp_d': 0.011140308098893091, 'ign_k': 0.08089919769418322, 'ign_c': 3.086808783171002, 'trop_agb_crit': 1.616355466598776, 'trop_k_veg': 6.705004589801018, 'gdp_gamma': 0.059948533548026386, 'cure_k': 0.06801558703249207, 'cure_p_min': 217.985850115093, 'cure_gpp_ref': 0.14579568843969817, 'cure_agb_crit': 1.0243158442148113, 'fuel_k': 0.019979484138229753, 'fuel_half': 5.939117484862795}. Best is trial 0 with value: -0.6232552202351066.
[I 2026-07-25 00:32:25,756] Trial 391 finished with value: 0.5305663270814033 and parameters: {'k1': 0.0018461958488402493, 'D_low': 16333.71484582454, 'k2': 0.0003923873134352249, 'D_high': 317593.53737495764, 'fire_exp': 2.9708708297266444, 'P_half': 16.20007672997097, 'pre_dampen_half': 13.54321029989192, 'gpp_af': 6.6986472216923065, 'gpp_b': 0.00011440043183424027, 'gpp_d': 134.02702776426892, 'ign_k': 0.0018248790950111304, 'ign_c': 11.037837167530952, 'trop_agb_crit': 5.150317213243658, 'trop_k_veg': 1.3999318115244634, 'gdp_gamma': 0.3308830299732706, 'cure_k': 0.03479418099253279, 'cure_p_min': 331.5056666361022, 'cure_gpp_ref': 0.7880191280300933, 'cure_agb_crit': 2.468240045513329, 'fuel_k': 0.014663867594367696, 'fuel_half': 1.2685893518355424}. Best is trial 0 with value: -0.6232552202351066.
