[I 2026-08-14 14:36:39,509] Trial 1123 finished with values: [-0.4062732177371659, 1.5782066187242094e-07] and parameters: {'k1': 0.00016312233285809254, 'D_low': 8050.832718692987, 'k2': 0.0015195936764126866, 'D_high': 316055.11434645514, 'fire_exp': 1.182396148413737, 'P_half': 7683.876502998063, 'pre_dampen_half': 0.03411860497758073, 'gpp_af': 0.030592049838223532, 'gpp_b': 2.788681037423117, 'gpp_d': 0.32837927360248453, 'ign_k': 0.0017745670917202131, 'ign_c': 105.24574681335613, 'trop_agb_crit': 5.808568531484235, 'trop_k_veg': 0.6189606672462583, 'fuel_k': 5.486054129200969, 'fuel_half': 15.581254655530845}.
[I 2026-08-14 14:36:41,987] Trial 1124 finished with values: [-0.3988046298239466, 3.5326547020986254e-08] and parameters: {'k1': 0.0024005553432620355, 'D_low': 1.7887890916820506, 'k2': 1.854837679096716e-05, 'D_high': 316055.11434645514, 'fire_exp': 1.6214575867079866, 'P_half': 9848.952560187112, 'pre_dampen_half': 3.651852634444856, 'gpp_af': 0.008983355849178878, 'gpp_b': 1.4862329780204044, 'gpp_d': 0.012472726063715429, 'ign_k': 0.567034633562729, 'ign_c': 0.3296550135838091, 'trop_agb_crit': 13.98132484257899, 'trop_k_veg': 1.7570501127699654, 'fuel_k': 3.91137961690532, 'fuel_half': 8.46633791940142}.
[I 2026-08-14 14:36:43,856] Trial 1125 finished with values: [-0.3554625854118624, 0.0] and parameters: {'k1': 0.0024005553432620355, 'D_low': 1.7887890916820506, 'k2': 0.0005708731724249573, 'D_high': 316055.11434645514, 'fire_exp': 3.27790247797386, 'P_half': 9848.952560187112, 'pre_dampen_half': 0.03411860497758073, 'gpp_af': 0.0025511964576171086, 'gpp_b': 0.00024732964314480056, 'gpp_d': 2.292633983096564, 'ign_k': 0.04380580767905655, 'ign_c': 105.24574681335613, 'trop_agb_crit': 5.273338791937182, 'trop_k_veg': 1.7570501127699654, 'fuel_k': 1.7390465915470883, 'fuel_half': 10.013658413533488}.
[I 2026-08-14 14:36:45,740] Trial 1126 finished with values: [-0.40439785667791783, 8.220119085411426e-08] and parameters: {'k1': 1.0477226564098276e-05, 'D_low': 367.4904945305323, 'k2': 1.263794633808287e-05, 'D_high': 16.752866684650684, 'fire_exp': 1.075051292556307, 'P_half': 1535.1441568398143, 'pre_dampen_half': 0.03333029838740256, 'gpp_af': 0.0023751383317256927, 'gpp_b': 2.788681037423117, 'gpp_d': 0.06888046676681166, 'ign_k': 0.04380580767905655, 'ign_c': 0.1254144753902608, 'trop_agb_crit': 2.447085645036977, 'trop_k_veg': 0.6189606672462583, 'fuel_k': 1.6630228777630973, 'fuel_half': 12.136386887218588}.
[I 2026-08-14 14:36:47,595] Trial 1127 finished with values: [-0.4141638768318664, 1.6864323791887514e-06] and parameters: {'k1': 6.069662445477729e-05, 'D_low': 367.4904945305323, 'k2': 0.00019472216066157317, 'D_high': 316055.11434645514, 'fire_exp': 1.2429193829348841, 'P_half': 1938.3858782150498, 'pre_dampen_half': 0.03627422119926134, 'gpp_af': 0.008983355849178878, 'gpp_b': 0.0056942858615488725, 'gpp_d': 0.01307253094873642, 'ign_k': 0.04380580767905655, 'ign_c': 105.24574681335613, 'trop_agb_crit': 2.3118820898020997, 'trop_k_veg': 3.4508425771776365, 'fuel_k': 0.28630931797361614, 'fuel_half': 15.581254655530845}.
[I 2026-08-14 14:36:49,474] Trial 1128 finished with values: [-0.4104362317064559, 3.5136915865763285e-07] and parameters: {'k1': 1.8595266457134027e-05, 'D_low': 9.222492453004657, 'k2': 1.854837679096716e-05, 'D_high': 5568672.881423475, 'fire_exp': 1.182396148413737, 'P_half': 1.6137130466116876, 'pre_dampen_half': 0.0195172246414495, 'gpp_af': 0.0023751383317256927, 'gpp_b': 0.07311344697279921, 'gpp_d': 2.292633983096564, 'ign_k': 0.04380580767905655, 'ign_c': 105.24574681335613, 'trop_agb_crit': 2.3118820898020997, 'trop_k_veg': 0.6921865222804094, 'fuel_k': 5.486054129200969, 'fuel_half': 15.581254655530845}.
[I 2026-08-14 14:36:51,289] Trial 1129 finished with values: [-0.4187605641066775, 7.060716919504717e-05] and parameters: {'k1': 0.013967310812223448, 'D_low': 367.4904945305323, 'k2': 0.0005708731724249573, 'D_high': 316055.11434645514, 'fire_exp': 1.182396148413737, 'P_half': 7683.876502998063, 'pre_dampen_half': 0.03426913908389044, 'gpp_af': 0.030007090451279302, 'gpp_b': 0.03103333227753725, 'gpp_d': 2.292633983096564, 'ign_k': 0.567034633562729, 'ign_c': 15.221840161091626, 'trop_agb_crit': 13.98132484257899, 'trop_k_veg': 2.417028380770307, 'fuel_k': 1.6460650207153917, 'fuel_half': 52.00581729114123}.
[I 2026-08-14 14:36:53,311] Trial 1130 finished with values: [-0.40721118142185875, 5.996605792812915e-06] and parameters: {'k1': 1.8595266457134027e-05, 'D_low': 14787.382840410779, 'k2': 0.00010939944910100016, 'D_high': 44.39648242927527, 'fire_exp': 1.2429193829348841, 'P_half': 48.464976792190825, 'pre_dampen_half': 0.011501973785501987, 'gpp_af': 0.0023751383317256927, 'gpp_b': 3.228689523591491e-05, 'gpp_d': 8.144272585223819, 'ign_k': 0.04380580767905655, 'ign_c': 105.24574681335613, 'trop_agb_crit': 2.1775224101934065, 'trop_k_veg': 2.8224577471047865, 'fuel_k': 0.03625926890059622, 'fuel_half': 12.136386887218588}.
[I 2026-08-14 14:36:55,231] Trial 1131 finished with values: [-0.39245902812810113, 7.083369113480842e-09] and parameters: {'k1': 0.0004688858519834985, 'D_low': 9.222492453004657, 'k2': 0.0011811772263023127, 'D_high': 582349.8764421478, 'fire_exp': 1.075051292556307, 'P_half': 1535.1441568398143, 'pre_dampen_half': 0.10609580257119508, 'gpp_af': 0.0023751383317256927, 'gpp_b': 2.788681037423117, 'gpp_d': 0.07525142212697536, 'ign_k': 0.04380580767905655, 'ign_c': 105.24574681335613, 'trop_agb_crit': 2.1775224101934065, 'trop_k_veg': 7.151800917825274, 'fuel_k': 1.6630228777630973, 'fuel_half': 3.7093134348291836}.
[I 2026-08-14 14:36:57,323] Trial 1132 finished with values: [-0.3796797648969075, 2.8092683734826096e-10] and parameters: {'k1': 0.0012329098365270509, 'D_low': 13713.885091300914, 'k2': 0.0004673518999562748, 'D_high': 44.39648242927527, 'fire_exp': 1.075051292556307, 'P_half': 1866.9871096222266, 'pre_dampen_half': 0.03627422119926134, 'gpp_af': 0.326288637536534, 'gpp_b': 2.788681037423117, 'gpp_d': 2.292633983096564, 'ign_k': 0.010826381820576981, 'ign_c': 105.24574681335613, 'trop_agb_crit': 2.1775224101934065, 'trop_k_veg': 0.7893983526826419, 'fuel_k': 0.24067532026281035, 'fuel_half': 15.581254655530845}.
[I 2026-08-14 14:36:59,322] Trial 1133 finished with values: [-0.4000085111071024, 8.124711761259285e-06] and parameters: {'k1': 6.069662445477729e-05, 'D_low': 2.607160725470918, 'k2': 0.00019472216066157317, 'D_high': 957.8343092179078, 'fire_exp': 1.182396148413737, 'P_half': 1938.3858782150498, 'pre_dampen_half': 0.03426913908389044, 'gpp_af': 0.0025511964576171086, 'gpp_b': 0.03103333227753725, 'gpp_d': 0.01307253094873642, 'ign_k': 0.03141110271934876, 'ign_c': 3.0378658251922155, 'trop_agb_crit': 16.86264052240002, 'trop_k_veg': 3.4508425771776365, 'fuel_k': 1.6460650207153917, 'fuel_half': 52.00581729114123}.
[I 2026-08-14 14:37:01,333] Trial 1134 finished with values: [-0.3554625854118624, 0.0] and parameters: {'k1': 0.0012329098365270509, 'D_low': 34714.349704205575, 'k2': 0.0009670857606743155, 'D_high': 316055.11434645514, 'fire_exp': 3.306631963306035, 'P_half': 269.74113434525447, 'pre_dampen_half': 0.03411860497758073, 'gpp_af': 0.0025511964576171086, 'gpp_b': 0.00012906175696809457, 'gpp_d': 2.292633983096564, 'ign_k': 0.567034633562729, 'ign_c': 105.24574681335613, 'trop_agb_crit': 2.1775224101934065, 'trop_k_veg': 1.128469461526162, 'fuel_k': 5.486054129200969, 'fuel_half': 12.136386887218588}.
[I 2026-08-14 14:37:03,774] Trial 1135 finished with values: [-0.45138567338804847, 0.00694311989800811] and parameters: {'k1': 1.0477226564098276e-05, 'D_low': 2.0349553327469425, 'k2': 1.915468390724633e-05, 'D_high': 316055.11434645514, 'fire_exp': 1.075051292556307, 'P_half': 220.3445560633069, 'pre_dampen_half': 0.10609580257119508, 'gpp_af': 0.0023751383317256927, 'gpp_b': 0.00016954603776126232, 'gpp_d': 1.105785410092522, 'ign_k': 3.2457892131111143, 'ign_c': 15.221840161091626, 'trop_agb_crit': 2.3118820898020997, 'trop_k_veg': 4.844706510617515, 'fuel_k': 0.011892598727815663, 'fuel_half': 0.3995528014939306}.
[I 2026-08-14 14:37:05,645] Trial 1136 finished with values: [-0.4121127802199284, 5.5818498432280705e-06] and parameters: {'k1': 0.0012329098365270509, 'D_low': 4.043300846639722, 'k2': 0.032985830257901916, 'D_high': 316055.11434645514, 'fire_exp': 1.6214575867079866, 'P_half': 269.74113434525447, 'pre_dampen_half': 0.03411860497758073, 'gpp_af': 0.0025511964576171086, 'gpp_b': 0.03103333227753725, 'gpp_d': 225.3679349322475, 'ign_k': 0.567034633562729, 'ign_c': 15.221840161091626, 'trop_agb_crit': 2.1775224101934065, 'trop_k_veg': 1.0540721475196824, 'fuel_k': 0.28630931797361614, 'fuel_half': 12.136386887218588}.
[I 2026-08-14 14:37:07,475] Trial 1137 finished with values: [-0.3843928213544824, 3.511585466853262e-10] and parameters: {'k1': 0.0004688858519834985, 'D_low': 1.7887890916820506, 'k2': 0.00010939944910100016, 'D_high': 316055.11434645514, 'fire_exp': 1.2429193829348841, 'P_half': 351.2704726270846, 'pre_dampen_half': 0.10609580257119508, 'gpp_af': 0.0023751383317256927, 'gpp_b': 2.788681037423117, 'gpp_d': 0.012284844784580964, 'ign_k': 0.04380580767905655, 'ign_c': 105.24574681335613, 'trop_agb_crit': 13.98132484257899, 'trop_k_veg': 0.9694140152996831, 'fuel_k': 0.021123235354472927, 'fuel_half': 65.99277195883643}.
[I 2026-08-14 14:37:09,357] Trial 1138 finished with values: [-0.3745434216655251, 8.124996591019062e-05] and parameters: {'k1': 0.00016312233285809254, 'D_low': 128395.48332743198, 'k2': 0.0009670857606743155, 'D_high': 316055.11434645514, 'fire_exp': 1.2429193829348841, 'P_half': 1212.4080603355412, 'pre_dampen_half': 0.03411860497758073, 'gpp_af': 0.0023751383317256927, 'gpp_b': 0.00017826376967587887, 'gpp_d': 2.292633983096564, 'ign_k': 0.06382008477114846, 'ign_c': 5.486676498816058, 'trop_agb_crit': 2.3118820898020997, 'trop_k_veg': 0.6189606672462583, 'fuel_k': 5.486054129200969, 'fuel_half': 15.581254655530845}.
[I 2026-08-14 14:37:11,310] Trial 1139 finished with values: [-0.4263931352755009, 0.001181850494124781] and parameters: {'k1': 1.8595266457134027e-05, 'D_low': 128395.48332743198, 'k2': 0.0009670857606743155, 'D_high': 316055.11434645514, 'fire_exp': 1.9439887028475722, 'P_half': 65.33684593224972, 'pre_dampen_half': 0.10609580257119508, 'gpp_af': 0.008983355849178878, 'gpp_b': 0.00017826376967587887, 'gpp_d': 0.012472726063715429, 'ign_k': 6.705921794825829, 'ign_c': 0.1887261434847181, 'trop_agb_crit': 5.273338791937182, 'trop_k_veg': 0.8258248924958269, 'fuel_k': 1.6630228777630973, 'fuel_half': 10.013658413533488}.
[I 2026-08-14 14:37:13,163] Trial 1140 finished with values: [-0.36560613953222265, 1.003308547353754e-11] and parameters: {'k1': 0.0004688858519834985, 'D_low': 367.4904945305323, 'k2': 1.263794633808287e-05, 'D_high': 160625.60954780428, 'fire_exp': 1.2429193829348841, 'P_half': 1938.3858782150498, 'pre_dampen_half': 0.011501973785501987, 'gpp_af': 0.0023751383317256927, 'gpp_b': 2.788681037423117, 'gpp_d': 8.144272585223819, 'ign_k': 0.04380580767905655, 'ign_c': 105.24574681335613, 'trop_agb_crit': 2.1775224101934065, 'trop_k_veg': 3.4508425771776365, 'fuel_k': 0.06382243375381637, 'fuel_half': 3.7093134348291836}.
[I 2026-08-14 14:37:15,083] Trial 1141 finished with values: [-0.40959618788511865, 6.787710727929053e-06] and parameters: {'k1': 1.8595266457134027e-05, 'D_low': 3735.16768760467, 'k2': 1.854837679096716e-05, 'D_high': 8127143.663537434, 'fire_exp': 1.6214575867079866, 'P_half': 1938.3858782150498, 'pre_dampen_half': 0.03411860497758073, 'gpp_af': 0.0023751383317256927, 'gpp_b': 0.03103333227753725, 'gpp_d': 2.292633983096564, 'ign_k': 0.567034633562729, 'ign_c': 0.3296550135838091, 'trop_agb_crit': 2.3118820898020997, 'trop_k_veg': 1.128469461526162, 'fuel_k': 5.486054129200969, 'fuel_half': 0.30455368715396786}.
[I 2026-08-14 14:37:16,997] Trial 1142 finished with values: [-0.3935080562669547, 1.7557926224043285e-09] and parameters: {'k1': 1.8595266457134027e-05, 'D_low': 42862.23942120829, 'k2': 0.00010939944910100016, 'D_high': 316055.11434645514, 'fire_exp': 1.2429193829348841, 'P_half': 1.2843094700513464, 'pre_dampen_half': 0.10609580257119508, 'gpp_af': 0.0023751383317256927, 'gpp_b': 2.788681037423117, 'gpp_d': 0.012284844784580964, 'ign_k': 0.03141110271934876, 'ign_c': 105.24574681335613, 'trop_agb_crit': 13.98132484257899, 'trop_k_veg': 2.8224577471047865, 'fuel_k': 5.486054129200969, 'fuel_half': 65.99277195883643}.
[I 2026-08-14 14:37:18,970] Trial 1143 finished with values: [-0.3681193653142414, 0.0001482148044910092] and parameters: {'k1': 0.0024005553432620355, 'D_low': 128395.48332743198, 'k2': 0.0009670857606743155, 'D_high': 316055.11434645514, 'fire_exp': 1.2429193829348841, 'P_half': 1938.3858782150498, 'pre_dampen_half': 0.10609580257119508, 'gpp_af': 0.0023751383317256927, 'gpp_b': 0.00017826376967587887, 'gpp_d': 0.015163585438685893, 'ign_k': 0.567034633562729, 'ign_c': 0.18316165443932733, 'trop_agb_crit': 13.98132484257899, 'trop_k_veg': 3.4508425771776365, 'fuel_k': 1.6630228777630973, 'fuel_half': 2.100333410321807}.
[I 2026-08-14 14:37:20,847] Trial 1144 finished with values: [-0.41760307769934507, 0.006124818708903468] and parameters: {'k1': 0.00015495079374286172, 'D_low': 4.043300846639722, 'k2': 1.915468390724633e-05, 'D_high': 316055.11434645514, 'fire_exp': 3.27790247797386, 'P_half': 220.3445560633069, 'pre_dampen_half': 39.37581228093823, 'gpp_af': 0.0025511964576171086, 'gpp_b': 6.0327793441162e-05, 'gpp_d': 2.292633983096564, 'ign_k': 0.04380580767905655, 'ign_c': 15.221840161091626, 'trop_agb_crit': 2.3118820898020997, 'trop_k_veg': 0.8258248924958269, 'fuel_k': 0.011892598727815663, 'fuel_half': 10.013658413533488}.
[I 2026-08-14 14:37:22,773] Trial 1145 finished with values: [-0.3856143473969272, 1.1939389477078066e-09] and parameters: {'k1': 0.00016312233285809254, 'D_low': 367.4904945305323, 'k2': 1.263794633808287e-05, 'D_high': 16.752866684650684, 'fire_exp': 1.6733848721157607, 'P_half': 48.464976792190825, 'pre_dampen_half': 0.03333029838740256, 'gpp_af': 0.005782026351795939, 'gpp_b': 2.788681037423117, 'gpp_d': 285.57196407381804, 'ign_k': 0.04380580767905655, 'ign_c': 0.1254144753902608, 'trop_agb_crit': 2.447085645036977, 'trop_k_veg': 0.6189606672462583, 'fuel_k': 0.06382243375381637, 'fuel_half': 0.30455368715396786}.
[I 2026-08-14 14:37:25,284] Trial 1146 finished with values: [-0.3554625854118624, 0.0] and parameters: {'k1': 0.0003713474360443033, 'D_low': 14787.382840410779, 'k2': 0.0005708731724249573, 'D_high': 316055.11434645514, 'fire_exp': 1.2429193829348841, 'P_half': 269.74113434525447, 'pre_dampen_half': 0.10609580257119508, 'gpp_af': 0.008983355849178878, 'gpp_b': 3.228689523591491e-05, 'gpp_d': 2.292633983096564, 'ign_k': 0.567034633562729, 'ign_c': 105.24574681335613, 'trop_agb_crit': 10.412790284818238, 'trop_k_veg': 2.1816482703680733, 'fuel_k': 1.6630228777630973, 'fuel_half': 12.136386887218588}.
[I 2026-08-14 14:37:27,176] Trial 1147 finished with values: [-0.43610766109632354, 0.0055716711724399515] and parameters: {'k1': 1.823133054009513e-05, 'D_low': 607.5587233670254, 'k2': 0.0005708731724249573, 'D_high': 316055.11434645514, 'fire_exp': 1.182396148413737, 'P_half': 269.74113434525447, 'pre_dampen_half': 0.03411860497758073, 'gpp_af': 0.0025511964576171086, 'gpp_b': 0.00024732964314480056, 'gpp_d': 314.6826989726468, 'ign_k': 0.567034633562729, 'ign_c': 0.18316165443932733, 'trop_agb_crit': 2.1775224101934065, 'trop_k_veg': 2.1816482703680733, 'fuel_k': 0.28630931797361614, 'fuel_half': 53.41467835749929}.
[I 2026-08-14 14:37:29,047] Trial 1148 finished with values: [-0.37584671273651354, 2.1069512801119572e-10] and parameters: {'k1': 0.0024005553432620355, 'D_low': 2.607160725470918, 'k2': 0.00019472216066157317, 'D_high': 316055.11434645514, 'fire_exp': 1.9439887028475722, 'P_half': 3910.3637457741784, 'pre_dampen_half': 0.10609580257119508, 'gpp_af': 0.0025511964576171086, 'gpp_b': 1.4862329780204044, 'gpp_d': 0.01307253094873642, 'ign_k': 0.567034633562729, 'ign_c': 0.18316165443932733, 'trop_agb_crit': 13.98132484257899, 'trop_k_veg': 1.7570501127699654, 'fuel_k': 5.486054129200969, 'fuel_half': 2.100333410321807}.
[I 2026-08-14 14:37:30,924] Trial 1149 finished with values: [-0.3909932897885885, 1.0534755290336761e-09] and parameters: {'k1': 6.069662445477729e-05, 'D_low': 9.222492453004657, 'k2': 1.263794633808287e-05, 'D_high': 160625.60954780428, 'fire_exp': 1.075051292556307, 'P_half': 1535.1441568398143, 'pre_dampen_half': 0.03627422119926134, 'gpp_af': 0.0023751383317256927, 'gpp_b': 2.788681037423117, 'gpp_d': 0.01307253094873642, 'ign_k': 0.04380580767905655, 'ign_c': 105.24574681335613, 'trop_agb_crit': 6.247810889373202, 'trop_k_veg': 0.6921865222804094, 'fuel_k': 5.486054129200969, 'fuel_half': 15.581254655530845}.
[I 2026-08-14 14:37:32,847] Trial 1150 finished with values: [-0.4245608729818465, 0.0005480050277427706] and parameters: {'k1': 1.8595266457134027e-05, 'D_low': 1.7887890916820506, 'k2': 0.00010939944910100016, 'D_high': 316055.11434645514, 'fire_exp': 1.2429193829348841, 'P_half': 3910.3637457741784, 'pre_dampen_half': 0.0195172246414495, 'gpp_af': 0.0023751383317256927, 'gpp_b': 0.00017826376967587887, 'gpp_d': 0.012472726063715429, 'ign_k': 0.567034633562729, 'ign_c': 0.18316165443932733, 'trop_agb_crit': 2.1775224101934065, 'trop_k_veg': 1.7570501127699654, 'fuel_k': 5.486054129200969, 'fuel_half': 2.100333410321807}.
[I 2026-08-14 14:37:35,007] Trial 1151 finished with values: [-0.3554625854118624, 0.0] and parameters: {'k1': 0.0004688858519834985, 'D_low': 9.222492453004657, 'k2': 0.0011811772263023127, 'D_high': 16.752866684650684, 'fire_exp': 3.146389673438612, 'P_half': 1535.1441568398143, 'pre_dampen_half': 0.03627422119926134, 'gpp_af': 0.0025511964576171086, 'gpp_b': 2.788681037423117, 'gpp_d': 0.06888046676681166, 'ign_k': 0.04380580767905655, 'ign_c': 105.24574681335613, 'trop_agb_crit': 2.1775224101934065, 'trop_k_veg': 7.151800917825274, 'fuel_k': 5.486054129200969, 'fuel_half': 15.581254655530845}.
[I 2026-08-14 14:37:36,962] Trial 1152 finished with values: [-0.3554625854118624, 0.0] and parameters: {'k1': 0.00016312233285809254, 'D_low': 367.4904945305323, 'k2': 0.0009670857606743155, 'D_high': 316055.11434645514, 'fire_exp': 2.1589564941849333, 'P_half': 7683.876502998063, 'pre_dampen_half': 0.10609580257119508, 'gpp_af': 0.030592049838223532, 'gpp_b': 1.6569065206637924e-05, 'gpp_d': 0.012284844784580964, 'ign_k': 0.567034633562729, 'ign_c': 105.24574681335613, 'trop_agb_crit': 5.808568531484235, 'trop_k_veg': 2.417028380770307, 'fuel_k': 5.486054129200969, 'fuel_half': 12.136386887218588}.
[I 2026-08-14 14:37:38,793] Trial 1153 finished with values: [-0.36551283841694315, 0.0] and parameters: {'k1': 0.0004688858519834985, 'D_low': 367.4904945305323, 'k2': 1.263794633808287e-05, 'D_high': 16.752866684650684, 'fire_exp': 1.2429193829348841, 'P_half': 1535.1441568398143, 'pre_dampen_half': 0.10609580257119508, 'gpp_af': 0.0023751383317256927, 'gpp_b': 2.788681037423117, 'gpp_d': 8.144272585223819, 'ign_k': 0.04380580767905655, 'ign_c': 105.24574681335613, 'trop_agb_crit': 5.881906289439389, 'trop_k_veg': 7.151800917825274, 'fuel_k': 1.6630228777630973, 'fuel_half': 3.7093134348291836}.
[I 2026-08-14 14:37:40,686] Trial 1154 finished with values: [-0.3554625854118624, 0.0] and parameters: {'k1': 0.0012329098365270509, 'D_low': 4.043300846639722, 'k2': 1.854837679096716e-05, 'D_high': 42.93803836877239, 'fire_exp': 1.2429193829348841, 'P_half': 351.2704726270846, 'pre_dampen_half': 0.04050483631781763, 'gpp_af': 0.008983355849178878, 'gpp_b': 0.00012906175696809457, 'gpp_d': 2.292633983096564, 'ign_k': 0.567034633562729, 'ign_c': 105.24574681335613, 'trop_agb_crit': 2.1775224101934065, 'trop_k_veg': 3.4508425771776365, 'fuel_k': 5.486054129200969, 'fuel_half': 0.30455368715396786}.
[I 2026-08-14 14:37:42,818] Trial 1155 finished with values: [-0.3554625854118624, 0.0] and parameters: {'k1': 0.0012329098365270509, 'D_low': 4.043300846639722, 'k2': 1.854837679096716e-05, 'D_high': 5568672.881423475, 'fire_exp': 4.537118316663781, 'P_half': 7683.876502998063, 'pre_dampen_half': 128.97804892610952, 'gpp_af': 0.0025511964576171086, 'gpp_b': 0.07311344697279921, 'gpp_d': 0.07525142212697536, 'ign_k': 0.04380580767905655, 'ign_c': 105.24574681335613, 'trop_agb_crit': 2.3118820898020997, 'trop_k_veg': 0.6921865222804094, 'fuel_k': 5.486054129200969, 'fuel_half': 1.3843950013804347}.
[I 2026-08-14 14:37:44,836] Trial 1156 finished with values: [-0.39716971966238196, 0.005421944100000964] and parameters: {'k1': 1.8595266457134027e-05, 'D_low': 128395.48332743198, 'k2': 0.01266039931354181, 'D_high': 316055.11434645514, 'fire_exp': 1.9439887028475722, 'P_half': 351.2704726270846, 'pre_dampen_half': 0.10609580257119508, 'gpp_af': 66.43290892740877, 'gpp_b': 0.00012906175696809457, 'gpp_d': 5.1227685768715014, 'ign_k': 6.705921794825829, 'ign_c': 0.1887261434847181, 'trop_agb_crit': 13.98132484257899, 'trop_k_veg': 1.7570501127699654, 'fuel_k': 5.486054129200969, 'fuel_half': 15.581254655530845}.
[I 2026-08-14 14:37:47,425] Trial 1157 finished with values: [-0.3554625854118624, 0.0] and parameters: {'k1': 0.0012329098365270509, 'D_low': 2.607160725470918, 'k2': 0.0009670857606743155, 'D_high': 8500.54600545206, 'fire_exp': 1.6733848721157607, 'P_half': 7683.876502998063, 'pre_dampen_half': 0.03411860497758073, 'gpp_af': 0.0025511964576171086, 'gpp_b': 1.1728753685919104, 'gpp_d': 2.292633983096564, 'ign_k': 0.04380580767905655, 'ign_c': 105.24574681335613, 'trop_agb_crit': 2.1775224101934065, 'trop_k_veg': 3.4508425771776365, 'fuel_k': 0.03682086978414771, 'fuel_half': 15.581254655530845}.
