[I 2026-06-10 20:00:41,475] Trial 451 finished with values: [10.563051391903535, 10.563051391903535] and parameters: {'k1': 0.0869690639641868, 'D_low': 148.21691630007544, 'k2': 1.1417577140741129e-05, 'D_high': 1817.0401889219124, 'fire_exp': 1.5191397119156032, 'P_half': 61.6097529474144, 'pre_dampen_half': 9.044346216330972, 'gpp_af': 0.5970408652384318, 'gpp_b': 0.005916090676703775, 'gpp_d': 364.60005353173506, 'ign_k': 0.004105873950290761, 'ign_c': 1.9423015749984096, 'trop_agb_crit': 5.588032458772675, 'trop_k_veg': 2.724170387400844, 'fire_amp': 2.7806853670293616}.
[I 2026-06-10 20:00:42,834] Trial 452 finished with values: [12.843697898318817, 12.843697898318817] and parameters: {'k1': 0.08006837661379566, 'D_low': 148.21691630007544, 'k2': 0.0002442377596403892, 'D_high': 1817.0401889219124, 'fire_exp': 1.5191397119156032, 'P_half': 7.914423612155368, 'pre_dampen_half': 903.3231300044874, 'gpp_af': 0.007531064950403672, 'gpp_b': 2.1309331861011757e-05, 'gpp_d': 0.4742269251269962, 'ign_k': 0.00660597889201953, 'ign_c': 2.226297338331262, 'trop_agb_crit': 21.086120736447015, 'trop_k_veg': 0.828441460847982, 'fire_amp': 3.1045399027418377}.
[I 2026-06-10 20:00:44,471] Trial 453 finished with values: [10.517221151639918, 10.517221151639918] and parameters: {'k1': 0.00026539376439360527, 'D_low': 236.79352040223893, 'k2': 1.1417577140741129e-05, 'D_high': 6682.9607218310075, 'fire_exp': 1.7505406131449859, 'P_half': 7.914423612155368, 'pre_dampen_half': 189.36639872354493, 'gpp_af': 0.007531064950403672, 'gpp_b': 0.00031478066835753096, 'gpp_d': 94.19931479490882, 'ign_k': 0.00660597889201953, 'ign_c': 29.690870944846793, 'trop_agb_crit': 2.100813292597435, 'trop_k_veg': 6.963655030926962, 'fire_amp': 1.5719333351012774}.
[I 2026-06-10 20:00:46,074] Trial 454 finished with values: [10.83333333294111, 10.83333333294111] and parameters: {'k1': 0.0869690639641868, 'D_low': 2186.356344942016, 'k2': 0.08661811390647982, 'D_high': 1817.0401889219124, 'fire_exp': 1.111738490499784, 'P_half': 84.3508388778244, 'pre_dampen_half': 8.259599205585761, 'gpp_af': 0.10098504976210308, 'gpp_b': 0.006999112505425414, 'gpp_d': 545.0253444559129, 'ign_k': 0.002357279455676982, 'ign_c': 22.126836566118193, 'trop_agb_crit': 1.8023542850487386, 'trop_k_veg': 1.6648666152166967, 'fire_amp': 2.042193818779288}.
[I 2026-06-10 20:00:47,487] Trial 455 finished with values: [31.36660712141744, 31.36660712141744] and parameters: {'k1': 0.00026539376439360527, 'D_low': 236.79352040223893, 'k2': 0.08661811390647982, 'D_high': 6682.9607218310075, 'fire_exp': 1.111738490499784, 'P_half': 1.4551749476072258, 'pre_dampen_half': 189.36639872354493, 'gpp_af': 2.5017068255320485, 'gpp_b': 5.0875243087016374e-05, 'gpp_d': 7.631016235941559, 'ign_k': 0.004105873950290761, 'ign_c': 0.6960633318526378, 'trop_agb_crit': 2.100813292597435, 'trop_k_veg': 2.724170387400844, 'fire_amp': 5.44779717154213}.
[I 2026-06-10 20:00:48,956] Trial 456 finished with values: [10.832639901831149, 10.832639901831149] and parameters: {'k1': 0.0002418422795847161, 'D_low': 236.79352040223893, 'k2': 0.0007731571570012607, 'D_high': 31301.15118850836, 'fire_exp': 4.197266872191233, 'P_half': 3.591771421517613, 'pre_dampen_half': 4.847666216751353, 'gpp_af': 0.9219336658511308, 'gpp_b': 0.001674375583895437, 'gpp_d': 1.4397852866783676, 'ign_k': 0.002357279455676982, 'ign_c': 1.364908766641693, 'trop_agb_crit': 12.9667438075127, 'trop_k_veg': 2.8926781829782864, 'fire_amp': 2.7806853670293616}.
[I 2026-06-10 20:00:50,410] Trial 457 finished with values: [10.526301361037106, 10.526301361037106] and parameters: {'k1': 0.00023134781612225627, 'D_low': 335.92388193960346, 'k2': 0.0001280886335404798, 'D_high': 24.9899605789089, 'fire_exp': 1.811096651915224, 'P_half': 5.4712187293420325, 'pre_dampen_half': 121.93011993958949, 'gpp_af': 0.07118041471054574, 'gpp_b': 5.0875243087016374e-05, 'gpp_d': 1.6963424566071992, 'ign_k': 0.0029519227433917453, 'ign_c': 7.081721844034206, 'trop_agb_crit': 12.708819454040446, 'trop_k_veg': 0.5535297685306277, 'fire_amp': 1.1655705619308396}.
[I 2026-06-10 20:00:51,906] Trial 458 finished with values: [-0.4910972416506434, 0.13817361172089637] and parameters: {'k1': 5.7909642338812115e-05, 'D_low': 236.79352040223893, 'k2': 0.0007731571570012607, 'D_high': 6682.9607218310075, 'fire_exp': 1.1633452995374232, 'P_half': 3.591771421517613, 'pre_dampen_half': 4.847666216751353, 'gpp_af': 0.9219336658511308, 'gpp_b': 0.001674375583895437, 'gpp_d': 304.7488318185732, 'ign_k': 0.0032383308053152635, 'ign_c': 1.364908766641693, 'trop_agb_crit': 1.8023542850487386, 'trop_k_veg': 0.7808079158649266, 'fire_amp': 2.7806853670293616}.
[I 2026-06-10 20:00:53,335] Trial 459 finished with values: [10.199039898305928, 10.199039898305928] and parameters: {'k1': 0.03648456083047798, 'D_low': 236.79352040223893, 'k2': 0.019383858782150494, 'D_high': 1266.9536563782303, 'fire_exp': 1.111738490499784, 'P_half': 1.4551749476072258, 'pre_dampen_half': 4.847666216751353, 'gpp_af': 0.060029341913968644, 'gpp_b': 1.4008921101492135e-05, 'gpp_d': 1.4397852866783676, 'ign_k': 0.037151317999473285, 'ign_c': 22.126836566118193, 'trop_agb_crit': 1.8023542850487386, 'trop_k_veg': 1.6648666152166967, 'fire_amp': 2.7806853670293616}.
[I 2026-06-10 20:00:54,693] Trial 460 finished with values: [10.818393592783838, 10.818393592783838] and parameters: {'k1': 9.132348475718357e-05, 'D_low': 236.79352040223893, 'k2': 0.019383858782150494, 'D_high': 8912.611835817017, 'fire_exp': 1.2060040899560858, 'P_half': 3.591771421517613, 'pre_dampen_half': 121.93011993958949, 'gpp_af': 0.005061568304359487, 'gpp_b': 0.25042526066088033, 'gpp_d': 1.0088237648985734, 'ign_k': 0.0032383308053152635, 'ign_c': 342.8810943862522, 'trop_agb_crit': 2.100813292597435, 'trop_k_veg': 5.453348988480011, 'fire_amp': 3.1045399027418377}.
[I 2026-06-10 20:00:56,374] Trial 461 finished with values: [10.83333333294111, 10.83333333294111] and parameters: {'k1': 0.0869690639641868, 'D_low': 2186.356344942016, 'k2': 0.0001280886335404798, 'D_high': 20103.283734409175, 'fire_exp': 1.353841071397002, 'P_half': 3.591771421517613, 'pre_dampen_half': 121.93011993958949, 'gpp_af': 0.5970408652384318, 'gpp_b': 2.1309331861011757e-05, 'gpp_d': 0.4742269251269962, 'ign_k': 0.9419612235978201, 'ign_c': 72.99613382801451, 'trop_agb_crit': 1.8023542850487386, 'trop_k_veg': 0.7808079158649266, 'fire_amp': 1.4475279918261055}.
[I 2026-06-10 20:00:58,598] Trial 462 finished with values: [10.096794994753528, 10.096794994753528] and parameters: {'k1': 0.0002418422795847161, 'D_low': 236.79352040223893, 'k2': 1.1417577140741129e-05, 'D_high': 6682.9607218310075, 'fire_exp': 1.7505406131449859, 'P_half': 3.591771421517613, 'pre_dampen_half': 350.88322284755304, 'gpp_af': 6.384685545228285, 'gpp_b': 0.001674375583895437, 'gpp_d': 21.899070557043984, 'ign_k': 0.0032383308053152635, 'ign_c': 0.5232779509048977, 'trop_agb_crit': 12.708819454040446, 'trop_k_veg': 0.9660523662864217, 'fire_amp': 2.7806853670293616}.
[I 2026-06-10 20:01:00,470] Trial 463 finished with values: [10.710462031261219, 10.710462031261219] and parameters: {'k1': 0.00026539376439360527, 'D_low': 83.56564873457052, 'k2': 0.0001280886335404798, 'D_high': 32311.521854410956, 'fire_exp': 1.811096651915224, 'P_half': 5.4712187293420325, 'pre_dampen_half': 4.847666216751353, 'gpp_af': 27.78052183438328, 'gpp_b': 2.1309331861011757e-05, 'gpp_d': 1.4397852866783676, 'ign_k': 0.0029519227433917453, 'ign_c': 7.081721844034206, 'trop_agb_crit': 21.086120736447015, 'trop_k_veg': 0.5183533149347164, 'fire_amp': 1.1655705619308396}.
[I 2026-06-10 20:01:02,129] Trial 464 finished with values: [10.719290519644671, 10.719290519644671] and parameters: {'k1': 5.7909642338812115e-05, 'D_low': 236.79352040223893, 'k2': 0.0001280886335404798, 'D_high': 24.9899605789089, 'fire_exp': 1.1633452995374232, 'P_half': 1.4551749476072258, 'pre_dampen_half': 4.847666216751353, 'gpp_af': 0.07118041471054574, 'gpp_b': 0.001674375583895437, 'gpp_d': 0.03927259340973166, 'ign_k': 0.0032383308053152635, 'ign_c': 7.081721844034206, 'trop_agb_crit': 1.8023542850487386, 'trop_k_veg': 1.6648666152166967, 'fire_amp': 1.5719333351012774}.
[I 2026-06-10 20:01:03,548] Trial 465 finished with values: [10.024092285424546, 10.024092285424546] and parameters: {'k1': 9.132348475718357e-05, 'D_low': 2267.735223551285, 'k2': 0.019383858782150494, 'D_high': 76838.76502998071, 'fire_exp': 1.1633452995374232, 'P_half': 3.591771421517613, 'pre_dampen_half': 4.847666216751353, 'gpp_af': 0.41874665092828456, 'gpp_b': 0.001674375583895437, 'gpp_d': 304.7488318185732, 'ign_k': 0.17320535908244444, 'ign_c': 1.364908766641693, 'trop_agb_crit': 2.100813292597435, 'trop_k_veg': 5.453348988480011, 'fire_amp': 2.7806853670293616}.
[I 2026-06-10 20:01:05,053] Trial 466 finished with values: [-0.6184174033939713, 0.08195074990340223] and parameters: {'k1': 0.0869690639641868, 'D_low': 236.79352040223893, 'k2': 0.019383858782150494, 'D_high': 1817.0401889219124, 'fire_exp': 1.5191397119156032, 'P_half': 1.4551749476072258, 'pre_dampen_half': 9.044346216330972, 'gpp_af': 0.10098504976210308, 'gpp_b': 1.4008921101492135e-05, 'gpp_d': 0.4742269251269962, 'ign_k': 0.0032383308053152635, 'ign_c': 22.126836566118193, 'trop_agb_crit': 1.850652607502099, 'trop_k_veg': 2.724170387400844, 'fire_amp': 2.7806853670293616}.
[I 2026-06-10 20:01:06,585] Trial 467 finished with values: [10.762837269290243, 10.762837269290243] and parameters: {'k1': 0.03648456083047798, 'D_low': 236.79352040223893, 'k2': 1.1417577140741129e-05, 'D_high': 1817.0401889219124, 'fire_exp': 1.111738490499784, 'P_half': 12.262543158860007, 'pre_dampen_half': 189.88136301569827, 'gpp_af': 0.060029341913968644, 'gpp_b': 0.002416023630607169, 'gpp_d': 21.899070557043984, 'ign_k': 0.00660597889201953, 'ign_c': 1.4879588507789996, 'trop_agb_crit': 1.8023542850487386, 'trop_k_veg': 0.5183533149347164, 'fire_amp': 2.042193818779288}.
[I 2026-06-10 20:01:08,144] Trial 468 finished with values: [12.121097581849995, 12.121097581849995] and parameters: {'k1': 9.132348475718357e-05, 'D_low': 2267.735223551285, 'k2': 0.0007731571570012607, 'D_high': 55.22071973135807, 'fire_exp': 1.1633452995374232, 'P_half': 5.4712187293420325, 'pre_dampen_half': 220.35141300841897, 'gpp_af': 0.9219336658511308, 'gpp_b': 0.001674375583895437, 'gpp_d': 76.38081075786287, 'ign_k': 2.615413574494962, 'ign_c': 1.9423015749984096, 'trop_agb_crit': 3.108985631683375, 'trop_k_veg': 5.453348988480011, 'fire_amp': 3.1045399027418377}.
[I 2026-06-10 20:01:09,678] Trial 469 finished with values: [10.120869460195314, 10.120869460195314] and parameters: {'k1': 0.00026539376439360527, 'D_low': 408.3047491580097, 'k2': 1.1417577140741129e-05, 'D_high': 24.9899605789089, 'fire_exp': 1.7505406131449859, 'P_half': 12.262543158860007, 'pre_dampen_half': 189.88136301569827, 'gpp_af': 3.030008727251782, 'gpp_b': 0.002416023630607169, 'gpp_d': 21.899070557043984, 'ign_k': 0.00660597889201953, 'ign_c': 1.4879588507789996, 'trop_agb_crit': 5.335241529707116, 'trop_k_veg': 0.9923523017201868, 'fire_amp': 2.042193818779288}.
[I 2026-06-10 20:01:11,032] Trial 470 finished with values: [10.451321936546712, 10.451321936546712] and parameters: {'k1': 0.00023134781612225627, 'D_low': 1.3376564232104105, 'k2': 0.0001280886335404798, 'D_high': 32311.521854410956, 'fire_exp': 1.1633452995374232, 'P_half': 399.3031584056686, 'pre_dampen_half': 4.847666216751353, 'gpp_af': 0.41874665092828456, 'gpp_b': 0.001674375583895437, 'gpp_d': 0.1619054449471649, 'ign_k': 0.002357279455676982, 'ign_c': 1.4879588507789996, 'trop_agb_crit': 19.102873436429586, 'trop_k_veg': 5.453348988480011, 'fire_amp': 2.7806853670293616}.
[I 2026-06-10 20:01:12,542] Trial 471 finished with values: [-0.4255951950199571, 0.10214318975214876] and parameters: {'k1': 0.0869690639641868, 'D_low': 2.843767489444367, 'k2': 0.019383858782150494, 'D_high': 1266.9536563782303, 'fire_exp': 1.2060040899560858, 'P_half': 84.3508388778244, 'pre_dampen_half': 4.847666216751353, 'gpp_af': 20.12115544906385, 'gpp_b': 0.006999112505425414, 'gpp_d': 20.81401325574021, 'ign_k': 0.0032383308053152635, 'ign_c': 1.364908766641693, 'trop_agb_crit': 1.8023542850487386, 'trop_k_veg': 0.6618107836658104, 'fire_amp': 2.042193818779288}.
[I 2026-06-10 20:01:14,082] Trial 472 finished with values: [15.497981411971198, 15.497981411971198] and parameters: {'k1': 9.132348475718357e-05, 'D_low': 2.843767489444367, 'k2': 0.0499774937030317, 'D_high': 6682.9607218310075, 'fire_exp': 1.2060040899560858, 'P_half': 84.3508388778244, 'pre_dampen_half': 121.93011993958949, 'gpp_af': 20.12115544906385, 'gpp_b': 2.1309331861011757e-05, 'gpp_d': 20.81401325574021, 'ign_k': 0.002357279455676982, 'ign_c': 0.2946000090510885, 'trop_agb_crit': 12.9667438075127, 'trop_k_veg': 2.99731137426955, 'fire_amp': 2.6192385880432525}.
[I 2026-06-10 20:01:16,015] Trial 473 finished with values: [12.369494237683357, 12.369494237683357] and parameters: {'k1': 5.7909642338812115e-05, 'D_low': 2267.735223551285, 'k2': 0.0007731571570012607, 'D_high': 48235.58283024493, 'fire_exp': 1.1633452995374232, 'P_half': 318.834644588275, 'pre_dampen_half': 225.8132942030758, 'gpp_af': 0.41874665092828456, 'gpp_b': 0.001674375583895437, 'gpp_d': 1.0088237648985734, 'ign_k': 0.0032383308053152635, 'ign_c': 0.4177928311636542, 'trop_agb_crit': 3.108985631683375, 'trop_k_veg': 5.453348988480011, 'fire_amp': 2.7806853670293616}.
[I 2026-06-10 20:01:17,410] Trial 474 finished with values: [10.125184335558451, 10.125184335558451] and parameters: {'k1': 5.178197947282869e-05, 'D_low': 408.3047491580097, 'k2': 0.0002442377596403892, 'D_high': 8912.611835817017, 'fire_exp': 1.111738490499784, 'P_half': 7.914423612155368, 'pre_dampen_half': 189.36639872354493, 'gpp_af': 0.005061568304359487, 'gpp_b': 0.004411400434514031, 'gpp_d': 0.1423472425072452, 'ign_k': 0.00660597889201953, 'ign_c': 14.709699119495124, 'trop_agb_crit': 2.0527418919564324, 'trop_k_veg': 5.453348988480011, 'fire_amp': 1.0759744651553196}.
[I 2026-06-10 20:01:19,135] Trial 475 finished with values: [10.620574397213007, 10.620574397213007] and parameters: {'k1': 0.0006042560675552671, 'D_low': 148.21691630007544, 'k2': 0.019383858782150494, 'D_high': 1266.9536563782303, 'fire_exp': 1.1633452995374232, 'P_half': 157.80309954142965, 'pre_dampen_half': 4.847666216751353, 'gpp_af': 0.9219336658511308, 'gpp_b': 2.1309331861011757e-05, 'gpp_d': 304.7488318185732, 'ign_k': 0.004105873950290761, 'ign_c': 22.126836566118193, 'trop_agb_crit': 3.108985631683375, 'trop_k_veg': 5.453348988480011, 'fire_amp': 5.44779717154213}.
[I 2026-06-10 20:01:20,648] Trial 476 finished with values: [10.154438127409383, 10.154438127409383] and parameters: {'k1': 0.00023134781612225627, 'D_low': 408.3047491580097, 'k2': 0.0001280886335404798, 'D_high': 32311.521854410956, 'fire_exp': 1.811096651915224, 'P_half': 114.62237838612074, 'pre_dampen_half': 121.93011993958949, 'gpp_af': 0.2204465010099918, 'gpp_b': 0.00031478066835753096, 'gpp_d': 1.6963424566071992, 'ign_k': 0.0029519227433917453, 'ign_c': 7.081721844034206, 'trop_agb_crit': 3.3933702290907823, 'trop_k_veg': 0.5535297685306277, 'fire_amp': 1.1655705619308396}.
[I 2026-06-10 20:01:22,541] Trial 477 finished with values: [10.754364689565724, 10.754364689565724] and parameters: {'k1': 0.0003445931091927334, 'D_low': 235.39834531862078, 'k2': 0.0001280886335404798, 'D_high': 32311.521854410956, 'fire_exp': 1.111738490499784, 'P_half': 12.262543158860007, 'pre_dampen_half': 121.93011993958949, 'gpp_af': 3.298293484806585, 'gpp_b': 0.006999112505425414, 'gpp_d': 0.030844007727232167, 'ign_k': 0.002357279455676982, 'ign_c': 7.081721844034206, 'trop_agb_crit': 1.8023542850487386, 'trop_k_veg': 0.5535297685306277, 'fire_amp': 4.1162797330133705}.
[I 2026-06-10 20:01:24,085] Trial 478 finished with values: [10.353452967943353, 10.353452967943353] and parameters: {'k1': 5.7909642338812115e-05, 'D_low': 236.79352040223893, 'k2': 0.0007731571570012607, 'D_high': 6682.9607218310075, 'fire_exp': 1.4572158037266703, 'P_half': 3.591771421517613, 'pre_dampen_half': 4.847666216751353, 'gpp_af': 0.9219336658511308, 'gpp_b': 0.001674375583895437, 'gpp_d': 304.7488318185732, 'ign_k': 0.0032383308053152635, 'ign_c': 1.364908766641693, 'trop_agb_crit': 3.108985631683375, 'trop_k_veg': 5.453348988480011, 'fire_amp': 2.7806853670293616}.
[I 2026-06-10 20:01:25,458] Trial 479 finished with values: [-0.47020260195018204, 0.1514875732388835] and parameters: {'k1': 0.00026539376439360527, 'D_low': 2186.356344942016, 'k2': 0.08661811390647982, 'D_high': 32311.521854410956, 'fire_exp': 1.111738490499784, 'P_half': 12.262543158860007, 'pre_dampen_half': 121.93011993958949, 'gpp_af': 3.298293484806585, 'gpp_b': 0.0022206965604739644, 'gpp_d': 0.030844007727232167, 'ign_k': 0.002357279455676982, 'ign_c': 22.126836566118193, 'trop_agb_crit': 1.8023542850487386, 'trop_k_veg': 1.6648666152166967, 'fire_amp': 2.042193818779288}.
[I 2026-06-10 20:01:27,517] Trial 480 finished with values: [10.15739406468117, 10.15739406468117] and parameters: {'k1': 0.00023134781612225627, 'D_low': 236.79352040223893, 'k2': 1.1417577140741129e-05, 'D_high': 6682.9607218310075, 'fire_exp': 1.14171776851287, 'P_half': 157.80309954142965, 'pre_dampen_half': 189.36639872354493, 'gpp_af': 0.07118041471054574, 'gpp_b': 0.0012749409641020352, 'gpp_d': 94.19931479490882, 'ign_k': 0.002357279455676982, 'ign_c': 7.081721844034206, 'trop_agb_crit': 2.100813292597435, 'trop_k_veg': 6.963655030926962, 'fire_amp': 1.5719333351012774}.
[I 2026-06-10 20:01:29,052] Trial 481 finished with values: [10.082826189518403, 10.082826189518403] and parameters: {'k1': 0.00023134781612225627, 'D_low': 408.3047491580097, 'k2': 0.0001280886335404798, 'D_high': 32311.521854410956, 'fire_exp': 1.811096651915224, 'P_half': 5.4712187293420325, 'pre_dampen_half': 121.93011993958949, 'gpp_af': 0.07118041471054574, 'gpp_b': 0.00031478066835753096, 'gpp_d': 0.03848886303127135, 'ign_k': 0.002357279455676982, 'ign_c': 7.081721844034206, 'trop_agb_crit': 21.086120736447015, 'trop_k_veg': 0.6618107836658104, 'fire_amp': 1.5719333351012774}.
[I 2026-06-10 20:01:30,645] Trial 482 finished with values: [10.83333333294111, 10.83333333294111] and parameters: {'k1': 9.132348475718357e-05, 'D_low': 2186.356344942016, 'k2': 4.933751600448335e-05, 'D_high': 42210.21267871043, 'fire_exp': 1.1633452995374232, 'P_half': 318.834644588275, 'pre_dampen_half': 189.36639872354493, 'gpp_af': 21.94636142065287, 'gpp_b': 2.1309331861011757e-05, 'gpp_d': 545.0253444559129, 'ign_k': 7.544827057709847, 'ign_c': 342.8810943862522, 'trop_agb_crit': 2.100813292597435, 'trop_k_veg': 1.6648666152166967, 'fire_amp': 3.1045399027418377}.
[I 2026-06-10 20:01:32,181] Trial 483 finished with values: [-0.49293488706294986, 0.17879917358356345] and parameters: {'k1': 0.00010777889602079265, 'D_low': 408.3047491580097, 'k2': 0.0007731571570012607, 'D_high': 48235.58283024493, 'fire_exp': 1.111738490499784, 'P_half': 1.4551749476072258, 'pre_dampen_half': 9.044346216330972, 'gpp_af': 37.28155624293858, 'gpp_b': 5.0875243087016374e-05, 'gpp_d': 21.899070557043984, 'ign_k': 0.09256855841989636, 'ign_c': 0.4177928311636542, 'trop_agb_crit': 1.8023542850487386, 'trop_k_veg': 5.453348988480011, 'fire_amp': 1.4475279918261055}.
[I 2026-06-10 20:01:33,535] Trial 484 finished with values: [10.007661223277001, 10.007661223277001] and parameters: {'k1': 5.7909642338812115e-05, 'D_low': 408.3047491580097, 'k2': 1.1417577140741129e-05, 'D_high': 6682.9607218310075, 'fire_exp': 1.1633452995374232, 'P_half': 12.262543158860007, 'pre_dampen_half': 19.21689966904807, 'gpp_af': 0.035629505481532577, 'gpp_b': 0.00031478066835753096, 'gpp_d': 21.899070557043984, 'ign_k': 0.17320535908244444, 'ign_c': 0.4177928311636542, 'trop_agb_crit': 2.100813292597435, 'trop_k_veg': 5.453348988480011, 'fire_amp': 2.6192385880432525}.
[I 2026-06-10 20:01:34,889] Trial 485 finished with values: [10.126217605501338, 10.126217605501338] and parameters: {'k1': 5.178197947282869e-05, 'D_low': 408.3047491580097, 'k2': 0.0002442377596403892, 'D_high': 1537.592023548176, 'fire_exp': 1.7505406131449859, 'P_half': 7.914423612155368, 'pre_dampen_half': 903.3231300044874, 'gpp_af': 0.5970408652384318, 'gpp_b': 0.004411400434514031, 'gpp_d': 21.899070557043984, 'ign_k': 0.00660597889201953, 'ign_c': 14.709699119495124, 'trop_agb_crit': 21.086120736447015, 'trop_k_veg': 5.453348988480011, 'fire_amp': 3.1045399027418377}.
[I 2026-06-10 20:01:36,184] Trial 486 finished with values: [16.821567354157274, 16.821567354157274] and parameters: {'k1': 5.7909642338812115e-05, 'D_low': 1.7551403048208316, 'k2': 0.0001280886335404798, 'D_high': 48235.58283024493, 'fire_exp': 1.1633452995374232, 'P_half': 19.987581927614485, 'pre_dampen_half': 121.93011993958949, 'gpp_af': 0.07118041471054574, 'gpp_b': 5.0875243087016374e-05, 'gpp_d': 21.899070557043984, 'ign_k': 0.17320535908244444, 'ign_c': 0.4177928311636542, 'trop_agb_crit': 12.708819454040446, 'trop_k_veg': 5.453348988480011, 'fire_amp': 2.6192385880432525}.
[I 2026-06-10 20:01:37,840] Trial 487 finished with values: [10.68222174862685, 10.68222174862685] and parameters: {'k1': 9.132348475718357e-05, 'D_low': 2186.356344942016, 'k2': 0.08661811390647982, 'D_high': 20103.283734409175, 'fire_exp': 1.4690410989404576, 'P_half': 1241.3450098922583, 'pre_dampen_half': 121.93011993958949, 'gpp_af': 0.004511991819672033, 'gpp_b': 5.0875243087016374e-05, 'gpp_d': 0.47379914349407487, 'ign_k': 0.004105873950290761, 'ign_c': 342.8810943862522, 'trop_agb_crit': 2.100813292597435, 'trop_k_veg': 0.7808079158649266, 'fire_amp': 3.1045399027418377}.
