[I 2026-06-08 12:59:23,471] Trial 2296 finished with values: [10.01565132227209, 10.01565132227209] and parameters: {'k1': 0.008471801418819975, 'D_low': 2.143851363193517, 'k2': 0.005130610786079737, 'D_high': 1493.5213816355397, 'fire_exp': 1.165368636520435, 'P_half': 4.213183643253957, 'pre_dampen_half': 107.40052367919465, 'gpp_af': 0.10409127568994281, 'gpp_b': 0.0005752434266899163, 'gpp_d': 660.9129108295722, 'ign_k': 6.1225863045216675, 'ign_c': 20.03995359361212, 'trop_agb_crit': 1.4336254916450553, 'trop_k_veg': 7.963430468552991}.
[I 2026-06-08 12:59:26,416] Trial 2297 finished with values: [-0.5948737547337875, 0.05483553370019034] and parameters: {'k1': 0.03635503353478365, 'D_low': 70.18267183720735, 'k2': 0.012758211164590085, 'D_high': 2940.51756322311, 'fire_exp': 1.165368636520435, 'P_half': 4.213183643253957, 'pre_dampen_half': 107.40052367919465, 'gpp_af': 0.1476584299248268, 'gpp_b': 0.0005752434266899163, 'gpp_d': 10.369565216756202, 'ign_k': 8.708806168038567, 'ign_c': 20.03995359361212, 'trop_agb_crit': 3.5747129226002423, 'trop_k_veg': 6.9782110227926815}.
[I 2026-06-08 12:59:29,294] Trial 2298 finished with values: [10.333076711316384, 10.333076711316384] and parameters: {'k1': 0.01889771394135163, 'D_low': 2.143851363193517, 'k2': 0.04333919331865372, 'D_high': 1493.5213816355397, 'fire_exp': 1.165368636520435, 'P_half': 4.213183643253957, 'pre_dampen_half': 107.40052367919465, 'gpp_af': 0.1476584299248268, 'gpp_b': 0.0005752434266899163, 'gpp_d': 660.9129108295722, 'ign_k': 0.004162118591113762, 'ign_c': 20.03995359361212, 'trop_agb_crit': 7.500118950416987, 'trop_k_veg': 5.233860299050363}.
[I 2026-06-08 12:59:32,109] Trial 2299 finished with values: [10.892857142659844, 10.892857142659844] and parameters: {'k1': 0.02348808493262077, 'D_low': 43.50263661868244, 'k2': 0.04333919331865372, 'D_high': 60109.76569771018, 'fire_exp': 1.165368636520435, 'P_half': 12.808863354047988, 'pre_dampen_half': 107.40052367919465, 'gpp_af': 0.029723297046800014, 'gpp_b': 0.0005752434266899163, 'gpp_d': 174.6332334997052, 'ign_k': 8.708806168038567, 'ign_c': 88.33664753872398, 'trop_agb_crit': 3.5747129226002423, 'trop_k_veg': 2.194427136482602}.
[I 2026-06-08 12:59:35,272] Trial 2300 finished with values: [10.265408666564465, 10.265408666564465] and parameters: {'k1': 0.01889771394135163, 'D_low': 70.18267183720735, 'k2': 0.012758211164590085, 'D_high': 2940.51756322311, 'fire_exp': 1.165368636520435, 'P_half': 4.213183643253957, 'pre_dampen_half': 107.40052367919465, 'gpp_af': 25.999747132783618, 'gpp_b': 0.0005752434266899163, 'gpp_d': 10.369565216756202, 'ign_k': 8.708806168038567, 'ign_c': 20.03995359361212, 'trop_agb_crit': 3.5747129226002423, 'trop_k_veg': 0.87692814350332}.
[I 2026-06-08 12:59:38,326] Trial 2301 finished with values: [10.892857142659844, 10.892857142659844] and parameters: {'k1': 0.01889771394135163, 'D_low': 2.143851363193517, 'k2': 0.012758211164590085, 'D_high': 1493.5213816355397, 'fire_exp': 1.165368636520435, 'P_half': 4.213183643253957, 'pre_dampen_half': 107.40052367919465, 'gpp_af': 0.8668208629915145, 'gpp_b': 0.0005752434266899163, 'gpp_d': 32.59634197484904, 'ign_k': 8.708806168038567, 'ign_c': 63.7614783168554, 'trop_agb_crit': 7.500118950416987, 'trop_k_veg': 6.197108275106861}.
[I 2026-06-08 12:59:42,780] Trial 2302 finished with values: [-0.5965473446448308, 0.04555561630579308] and parameters: {'k1': 0.01889771394135163, 'D_low': 2.143851363193517, 'k2': 0.04333919331865372, 'D_high': 1493.5213816355397, 'fire_exp': 1.165368636520435, 'P_half': 4.213183643253957, 'pre_dampen_half': 107.40052367919465, 'gpp_af': 0.1476584299248268, 'gpp_b': 0.0005752434266899163, 'gpp_d': 660.9129108295722, 'ign_k': 8.708806168038567, 'ign_c': 20.03995359361212, 'trop_agb_crit': 4.5511277305037705, 'trop_k_veg': 6.9782110227926815}.
[I 2026-06-08 12:59:45,141] Trial 2303 finished with values: [-0.5971438167828573, 0.048318480187818924] and parameters: {'k1': 0.02348808493262077, 'D_low': 2.018165937474199, 'k2': 0.012758211164590085, 'D_high': 1493.5213816355397, 'fire_exp': 1.165368636520435, 'P_half': 4.213183643253957, 'pre_dampen_half': 129.6205834341811, 'gpp_af': 0.10409127568994281, 'gpp_b': 0.0005752434266899163, 'gpp_d': 660.9129108295722, 'ign_k': 8.708806168038567, 'ign_c': 20.03995359361212, 'trop_agb_crit': 3.5747129226002423, 'trop_k_veg': 2.194427136482602}.
[I 2026-06-08 12:59:48,177] Trial 2304 finished with values: [-0.5901197384560866, 0.03788007307597008] and parameters: {'k1': 0.02348808493262077, 'D_low': 52.44744178276729, 'k2': 0.012758211164590085, 'D_high': 1493.5213816355397, 'fire_exp': 1.165368636520435, 'P_half': 4.213183643253957, 'pre_dampen_half': 107.40052367919465, 'gpp_af': 0.10409127568994281, 'gpp_b': 0.0005752434266899163, 'gpp_d': 660.9129108295722, 'ign_k': 8.708806168038567, 'ign_c': 20.03995359361212, 'trop_agb_crit': 3.5747129226002423, 'trop_k_veg': 6.9782110227926815}.
[I 2026-06-08 12:59:50,784] Trial 2305 finished with values: [-0.5798476260441559, 0.0403818388579299] and parameters: {'k1': 0.005253485546897007, 'D_low': 43.50263661868244, 'k2': 0.04333919331865372, 'D_high': 1493.5213816355397, 'fire_exp': 1.165368636520435, 'P_half': 4.213183643253957, 'pre_dampen_half': 107.40052367919465, 'gpp_af': 0.029723297046800014, 'gpp_b': 0.0005752434266899163, 'gpp_d': 660.9129108295722, 'ign_k': 8.708806168038567, 'ign_c': 20.03995359361212, 'trop_agb_crit': 7.500118950416987, 'trop_k_veg': 2.194427136482602}.
[I 2026-06-08 12:59:53,043] Trial 2306 finished with values: [10.21076049292602, 10.21076049292602] and parameters: {'k1': 0.01889771394135163, 'D_low': 70.18267183720735, 'k2': 0.0004291476744895325, 'D_high': 2940.51756322311, 'fire_exp': 1.1681605798837214, 'P_half': 12.808863354047988, 'pre_dampen_half': 107.40052367919465, 'gpp_af': 0.05511595477601767, 'gpp_b': 0.0005752434266899163, 'gpp_d': 660.9129108295722, 'ign_k': 8.708806168038567, 'ign_c': 20.03995359361212, 'trop_agb_crit': 1.0537561486255032, 'trop_k_veg': 2.194427136482602}.
[I 2026-06-08 12:59:55,361] Trial 2307 finished with values: [-0.5908285334673335, 0.04154016593933052] and parameters: {'k1': 0.01889771394135163, 'D_low': 1.4960850709142384, 'k2': 0.012758211164590085, 'D_high': 1493.5213816355397, 'fire_exp': 1.165368636520435, 'P_half': 12.808863354047988, 'pre_dampen_half': 79.76778175805345, 'gpp_af': 0.10409127568994281, 'gpp_b': 0.0005752434266899163, 'gpp_d': 8.215429705842617, 'ign_k': 1.692864311695629, 'ign_c': 20.03995359361212, 'trop_agb_crit': 3.5747129226002423, 'trop_k_veg': 2.194427136482602}.
[I 2026-06-08 12:59:58,700] Trial 2308 finished with values: [10.989445711582713, 10.989445711582713] and parameters: {'k1': 0.02348808493262077, 'D_low': 2.018165937474199, 'k2': 0.012758211164590085, 'D_high': 1493.5213816355397, 'fire_exp': 1.165368636520435, 'P_half': 12.808863354047988, 'pre_dampen_half': 107.40052367919465, 'gpp_af': 0.10409127568994281, 'gpp_b': 0.0005752434266899163, 'gpp_d': 660.9129108295722, 'ign_k': 8.708806168038567, 'ign_c': 1.028978159366502, 'trop_agb_crit': 3.5747129226002423, 'trop_k_veg': 2.194427136482602}.
[I 2026-06-08 13:00:01,689] Trial 2309 finished with values: [-0.5909706615635271, 0.037951321946822714] and parameters: {'k1': 0.01889771394135163, 'D_low': 32.83796190364696, 'k2': 0.012758211164590085, 'D_high': 1493.5213816355397, 'fire_exp': 1.165368636520435, 'P_half': 2.1570307680573153, 'pre_dampen_half': 107.40052367919465, 'gpp_af': 0.05511595477601767, 'gpp_b': 0.0005752434266899163, 'gpp_d': 10.369565216756202, 'ign_k': 8.708806168038567, 'ign_c': 20.03995359361212, 'trop_agb_crit': 3.5747129226002423, 'trop_k_veg': 2.194427136482602}.
[I 2026-06-08 13:00:06,756] Trial 2310 finished with values: [10.066059373566192, 10.066059373566192] and parameters: {'k1': 0.01889771394135163, 'D_low': 1.4960850709142384, 'k2': 0.012758211164590085, 'D_high': 2940.51756322311, 'fire_exp': 1.165368636520435, 'P_half': 4.213183643253957, 'pre_dampen_half': 107.40052367919465, 'gpp_af': 0.10409127568994281, 'gpp_b': 0.0005752434266899163, 'gpp_d': 32.59634197484904, 'ign_k': 8.708806168038567, 'ign_c': 20.03995359361212, 'trop_agb_crit': 3.5747129226002423, 'trop_k_veg': 2.3955239707119294}.
[I 2026-06-08 13:00:10,443] Trial 2311 finished with values: [10.673633281473242, 10.673633281473242] and parameters: {'k1': 0.008471801418819975, 'D_low': 52.44744178276729, 'k2': 0.012758211164590085, 'D_high': 1493.5213816355397, 'fire_exp': 1.165368636520435, 'P_half': 4.213183643253957, 'pre_dampen_half': 1.783492267339607, 'gpp_af': 0.10409127568994281, 'gpp_b': 0.0005752434266899163, 'gpp_d': 660.9129108295722, 'ign_k': 8.708806168038567, 'ign_c': 20.03995359361212, 'trop_agb_crit': 3.5747129226002423, 'trop_k_veg': 7.963430468552991}.
[I 2026-06-08 13:00:14,330] Trial 2312 finished with values: [10.289636602254866, 10.289636602254866] and parameters: {'k1': 0.02348808493262077, 'D_low': 70.18267183720735, 'k2': 0.012758211164590085, 'D_high': 67658.76408797395, 'fire_exp': 1.165368636520435, 'P_half': 2.0445481304689883, 'pre_dampen_half': 107.40052367919465, 'gpp_af': 0.10907247178366643, 'gpp_b': 0.0005752434266899163, 'gpp_d': 10.369565216756202, 'ign_k': 8.708806168038567, 'ign_c': 20.03995359361212, 'trop_agb_crit': 7.500118950416987, 'trop_k_veg': 6.9782110227926815}.
[I 2026-06-08 13:00:17,374] Trial 2313 finished with values: [-0.5943730441500428, 0.043221406924403905] and parameters: {'k1': 0.01889771394135163, 'D_low': 2.143851363193517, 'k2': 0.012758211164590085, 'D_high': 1493.5213816355397, 'fire_exp': 1.165368636520435, 'P_half': 2.1570307680573153, 'pre_dampen_half': 107.40052367919465, 'gpp_af': 0.10409127568994281, 'gpp_b': 0.0005752434266899163, 'gpp_d': 84.31013932082456, 'ign_k': 8.708806168038567, 'ign_c': 20.03995359361212, 'trop_agb_crit': 3.5747129226002423, 'trop_k_veg': 6.197108275106861}.
[I 2026-06-08 13:00:19,883] Trial 2314 finished with values: [-0.5897298858010029, 0.03810256869354578] and parameters: {'k1': 0.01889771394135163, 'D_low': 70.18267183720735, 'k2': 0.012758211164590085, 'D_high': 2940.51756322311, 'fire_exp': 1.165368636520435, 'P_half': 4.213183643253957, 'pre_dampen_half': 107.40052367919465, 'gpp_af': 0.025844142788784538, 'gpp_b': 0.0005752434266899163, 'gpp_d': 10.369565216756202, 'ign_k': 8.708806168038567, 'ign_c': 20.03995359361212, 'trop_agb_crit': 3.5747129226002423, 'trop_k_veg': 6.197108275106861}.
[I 2026-06-08 13:00:22,881] Trial 2315 finished with values: [-0.5985922801697902, 0.05026469868947414] and parameters: {'k1': 0.01889771394135163, 'D_low': 32.83796190364696, 'k2': 0.012758211164590085, 'D_high': 2940.51756322311, 'fire_exp': 1.165368636520435, 'P_half': 4.213183643253957, 'pre_dampen_half': 107.40052367919465, 'gpp_af': 0.05511595477601767, 'gpp_b': 0.0005752434266899163, 'gpp_d': 660.9129108295722, 'ign_k': 8.708806168038567, 'ign_c': 20.03995359361212, 'trop_agb_crit': 3.5747129226002423, 'trop_k_veg': 2.194427136482602}.
[I 2026-06-08 13:00:25,731] Trial 2316 finished with values: [-0.5977224471627719, 0.041506706676307625] and parameters: {'k1': 0.01889771394135163, 'D_low': 32.83796190364696, 'k2': 0.04333919331865372, 'D_high': 1493.5213816355397, 'fire_exp': 1.165368636520435, 'P_half': 2.1570307680573153, 'pre_dampen_half': 107.40052367919465, 'gpp_af': 0.10409127568994281, 'gpp_b': 0.0005752434266899163, 'gpp_d': 32.59634197484904, 'ign_k': 8.708806168038567, 'ign_c': 20.03995359361212, 'trop_agb_crit': 7.500118950416987, 'trop_k_veg': 6.197108275106861}.
[I 2026-06-08 13:00:30,415] Trial 2317 finished with values: [10.076078622223232, 10.076078622223232] and parameters: {'k1': 0.01889771394135163, 'D_low': 2.143851363193517, 'k2': 0.012758211164590085, 'D_high': 1493.5213816355397, 'fire_exp': 1.165368636520435, 'P_half': 4.213183643253957, 'pre_dampen_half': 107.40052367919465, 'gpp_af': 0.10409127568994281, 'gpp_b': 0.0005752434266899163, 'gpp_d': 32.59634197484904, 'ign_k': 8.708806168038567, 'ign_c': 20.03995359361212, 'trop_agb_crit': 9.814227536497615, 'trop_k_veg': 6.197108275106861}.
[I 2026-06-08 13:00:33,484] Trial 2318 finished with values: [-0.5900755638467885, 0.03862339307661378] and parameters: {'k1': 0.01889771394135163, 'D_low': 30.46239411575352, 'k2': 0.04333919331865372, 'D_high': 2940.51756322311, 'fire_exp': 1.165368636520435, 'P_half': 12.808863354047988, 'pre_dampen_half': 107.40052367919465, 'gpp_af': 0.017199513788543352, 'gpp_b': 0.0005752434266899163, 'gpp_d': 660.9129108295722, 'ign_k': 8.708806168038567, 'ign_c': 20.03995359361212, 'trop_agb_crit': 3.5747129226002423, 'trop_k_veg': 6.9782110227926815}.
[I 2026-06-08 13:00:35,713] Trial 2319 finished with values: [10.157642051829793, 10.157642051829793] and parameters: {'k1': 0.00039458563497948087, 'D_low': 2.018165937474199, 'k2': 0.04333919331865372, 'D_high': 2940.51756322311, 'fire_exp': 1.165368636520435, 'P_half': 12.808863354047988, 'pre_dampen_half': 107.40052367919465, 'gpp_af': 0.05511595477601767, 'gpp_b': 0.0005752434266899163, 'gpp_d': 660.9129108295722, 'ign_k': 8.708806168038567, 'ign_c': 20.03995359361212, 'trop_agb_crit': 3.5747129226002423, 'trop_k_veg': 2.194427136482602}.
[I 2026-06-08 13:00:38,687] Trial 2320 finished with values: [-0.5952427461658811, 0.04514063129672874] and parameters: {'k1': 0.01889771394135163, 'D_low': 2.143851363193517, 'k2': 0.012758211164590085, 'D_high': 1493.5213816355397, 'fire_exp': 1.165368636520435, 'P_half': 2.1570307680573153, 'pre_dampen_half': 107.40052367919465, 'gpp_af': 0.10409127568994281, 'gpp_b': 0.0005752434266899163, 'gpp_d': 21.828476026538596, 'ign_k': 8.708806168038567, 'ign_c': 20.03995359361212, 'trop_agb_crit': 3.5747129226002423, 'trop_k_veg': 2.194427136482602}.
[I 2026-06-08 13:00:41,486] Trial 2321 finished with values: [-0.595684328811424, 0.05502559347612712] and parameters: {'k1': 0.03635503353478365, 'D_low': 70.18267183720735, 'k2': 0.012758211164590085, 'D_high': 2940.51756322311, 'fire_exp': 1.165368636520435, 'P_half': 4.213183643253957, 'pre_dampen_half': 107.40052367919465, 'gpp_af': 0.1476584299248268, 'gpp_b': 0.0005752434266899163, 'gpp_d': 32.59634197484904, 'ign_k': 8.708806168038567, 'ign_c': 20.03995359361212, 'trop_agb_crit': 3.5747129226002423, 'trop_k_veg': 5.130880505721608}.
[I 2026-06-08 13:00:43,902] Trial 2322 finished with values: [10.294390188233354, 10.294390188233354] and parameters: {'k1': 5.67756902684915e-05, 'D_low': 2.143851363193517, 'k2': 0.04333919331865372, 'D_high': 1493.5213816355397, 'fire_exp': 1.165368636520435, 'P_half': 4.213183643253957, 'pre_dampen_half': 107.40052367919465, 'gpp_af': 0.017199513788543352, 'gpp_b': 0.0005752434266899163, 'gpp_d': 32.59634197484904, 'ign_k': 8.708806168038567, 'ign_c': 20.03995359361212, 'trop_agb_crit': 4.5511277305037705, 'trop_k_veg': 6.197108275106861}.
[I 2026-06-08 13:00:46,605] Trial 2323 finished with values: [-0.589960029099798, 0.037810548730141] and parameters: {'k1': 0.01889771394135163, 'D_low': 32.83796190364696, 'k2': 0.00448940480666442, 'D_high': 1493.5213816355397, 'fire_exp': 1.165368636520435, 'P_half': 4.213183643253957, 'pre_dampen_half': 107.40052367919465, 'gpp_af': 0.05511595477601767, 'gpp_b': 0.0005752434266899163, 'gpp_d': 660.9129108295722, 'ign_k': 8.708806168038567, 'ign_c': 20.03995359361212, 'trop_agb_crit': 3.5747129226002423, 'trop_k_veg': 2.194427136482602}.
[I 2026-06-08 13:00:49,577] Trial 2324 finished with values: [-0.5839725424086406, 0.032531675145523575] and parameters: {'k1': 0.00489600657200811, 'D_low': 1.9623826481168343, 'k2': 0.04333919331865372, 'D_high': 1493.5213816355397, 'fire_exp': 1.165368636520435, 'P_half': 4.213183643253957, 'pre_dampen_half': 107.40052367919465, 'gpp_af': 0.025844142788784538, 'gpp_b': 0.0005752434266899163, 'gpp_d': 32.59634197484904, 'ign_k': 8.708806168038567, 'ign_c': 20.03995359361212, 'trop_agb_crit': 7.500118950416987, 'trop_k_veg': 6.197108275106861}.
[I 2026-06-08 13:00:54,173] Trial 2325 finished with values: [10.044793338452127, 10.044793338452127] and parameters: {'k1': 0.03635503353478365, 'D_low': 70.18267183720735, 'k2': 0.012758211164590085, 'D_high': 2940.51756322311, 'fire_exp': 1.165368636520435, 'P_half': 4.213183643253957, 'pre_dampen_half': 129.6205834341811, 'gpp_af': 0.10409127568994281, 'gpp_b': 0.0005752434266899163, 'gpp_d': 660.9129108295722, 'ign_k': 8.708806168038567, 'ign_c': 20.03995359361212, 'trop_agb_crit': 7.500118950416987, 'trop_k_veg': 6.9782110227926815}.
[I 2026-06-08 13:00:57,164] Trial 2326 finished with values: [-0.5983864902018948, 0.05629921410462624] and parameters: {'k1': 0.03635503353478365, 'D_low': 39.02532261756613, 'k2': 0.04333919331865372, 'D_high': 2940.51756322311, 'fire_exp': 1.165368636520435, 'P_half': 4.213183643253957, 'pre_dampen_half': 107.40052367919465, 'gpp_af': 0.10409127568994281, 'gpp_b': 0.0005752434266899163, 'gpp_d': 84.31013932082456, 'ign_k': 8.708806168038567, 'ign_c': 20.03995359361212, 'trop_agb_crit': 3.5747129226002423, 'trop_k_veg': 2.194427136482602}.
[I 2026-06-08 13:00:59,754] Trial 2327 finished with values: [10.66292123639483, 10.66292123639483] and parameters: {'k1': 0.01889771394135163, 'D_low': 39.02532261756613, 'k2': 0.04333919331865372, 'D_high': 1493.5213816355397, 'fire_exp': 9.484336506251214, 'P_half': 4.213183643253957, 'pre_dampen_half': 107.40052367919465, 'gpp_af': 0.10409127568994281, 'gpp_b': 0.0005752434266899163, 'gpp_d': 10.369565216756202, 'ign_k': 8.708806168038567, 'ign_c': 20.03995359361212, 'trop_agb_crit': 3.5747129226002423, 'trop_k_veg': 2.194427136482602}.
[I 2026-06-08 13:01:02,288] Trial 2328 finished with values: [-0.5950696458913362, 0.04684374350697029] and parameters: {'k1': 0.01889771394135163, 'D_low': 2.143851363193517, 'k2': 0.012758211164590085, 'D_high': 1493.5213816355397, 'fire_exp': 1.165368636520435, 'P_half': 4.213183643253957, 'pre_dampen_half': 107.40052367919465, 'gpp_af': 0.1476584299248268, 'gpp_b': 0.0005752434266899163, 'gpp_d': 10.369565216756202, 'ign_k': 8.708806168038567, 'ign_c': 20.03995359361212, 'trop_agb_crit': 3.5747129226002423, 'trop_k_veg': 2.194427136482602}.
[I 2026-06-08 13:01:05,056] Trial 2329 finished with values: [-0.526209545236342, 0.22817524026283953] and parameters: {'k1': 0.01889771394135163, 'D_low': 70.18267183720735, 'k2': 0.012758211164590085, 'D_high': 1493.5213816355397, 'fire_exp': 1.165368636520435, 'P_half': 12.808863354047988, 'pre_dampen_half': 107.40052367919465, 'gpp_af': 0.10409127568994281, 'gpp_b': 0.0005752434266899163, 'gpp_d': 84.31013932082456, 'ign_k': 0.002556068000934466, 'ign_c': 20.03995359361212, 'trop_agb_crit': 3.5747129226002423, 'trop_k_veg': 2.194427136482602}.
[I 2026-06-08 13:01:07,690] Trial 2330 finished with values: [10.335943241194169, 10.335943241194169] and parameters: {'k1': 0.016915452325158058, 'D_low': 70.18267183720735, 'k2': 1.0796419946936671e-05, 'D_high': 1493.5213816355397, 'fire_exp': 1.165368636520435, 'P_half': 2.1570307680573153, 'pre_dampen_half': 107.40052367919465, 'gpp_af': 0.017199513788543352, 'gpp_b': 0.0005752434266899163, 'gpp_d': 84.31013932082456, 'ign_k': 8.708806168038567, 'ign_c': 20.03995359361212, 'trop_agb_crit': 3.5747129226002423, 'trop_k_veg': 6.197108275106861}.
[I 2026-06-08 13:01:10,527] Trial 2331 finished with values: [-0.5948151321698361, 0.04502111308663048] and parameters: {'k1': 0.02348808493262077, 'D_low': 2.018165937474199, 'k2': 0.04333919331865372, 'D_high': 1493.5213816355397, 'fire_exp': 1.165368636520435, 'P_half': 12.808863354047988, 'pre_dampen_half': 107.40052367919465, 'gpp_af': 0.10409127568994281, 'gpp_b': 0.0005752434266899163, 'gpp_d': 174.6332334997052, 'ign_k': 8.708806168038567, 'ign_c': 20.03995359361212, 'trop_agb_crit': 3.5747129226002423, 'trop_k_veg': 2.194427136482602}.
[I 2026-06-08 13:01:13,257] Trial 2332 finished with values: [10.075355238700412, 10.075355238700412] and parameters: {'k1': 0.01889771394135163, 'D_low': 70.18267183720735, 'k2': 0.04333919331865372, 'D_high': 1493.5213816355397, 'fire_exp': 1.165368636520435, 'P_half': 148.62721357628138, 'pre_dampen_half': 107.40052367919465, 'gpp_af': 0.14720208557059886, 'gpp_b': 0.0005752434266899163, 'gpp_d': 10.369565216756202, 'ign_k': 8.708806168038567, 'ign_c': 20.03995359361212, 'trop_agb_crit': 3.5747129226002423, 'trop_k_veg': 7.963430468552991}.
[I 2026-06-08 13:01:17,277] Trial 2333 finished with values: [10.18028210231286, 10.18028210231286] and parameters: {'k1': 2.346939704356422e-05, 'D_low': 1.4960850709142384, 'k2': 0.012758211164590085, 'D_high': 1493.5213816355397, 'fire_exp': 1.165368636520435, 'P_half': 4.213183643253957, 'pre_dampen_half': 107.40052367919465, 'gpp_af': 0.017199513788543352, 'gpp_b': 0.0005752434266899163, 'gpp_d': 84.31013932082456, 'ign_k': 8.708806168038567, 'ign_c': 20.03995359361212, 'trop_agb_crit': 12.748363247205281, 'trop_k_veg': 6.197108275106861}.
[I 2026-06-08 13:01:19,862] Trial 2334 finished with values: [10.02463380705189, 10.02463380705189] and parameters: {'k1': 0.0455192036334324, 'D_low': 70.18267183720735, 'k2': 0.04333919331865372, 'D_high': 1493.5213816355397, 'fire_exp': 1.165368636520435, 'P_half': 54.46078422846144, 'pre_dampen_half': 107.40052367919465, 'gpp_af': 0.025844142788784538, 'gpp_b': 0.0005752434266899163, 'gpp_d': 10.369565216756202, 'ign_k': 8.708806168038567, 'ign_c': 20.03995359361212, 'trop_agb_crit': 7.500118950416987, 'trop_k_veg': 6.9782110227926815}.
[I 2026-06-08 13:01:22,773] Trial 2335 finished with values: [10.701641841694805, 10.701641841694805] and parameters: {'k1': 0.01889771394135163, 'D_low': 32.83796190364696, 'k2': 0.04333919331865372, 'D_high': 108.35440424138838, 'fire_exp': 1.165368636520435, 'P_half': 2.1570307680573153, 'pre_dampen_half': 107.40052367919465, 'gpp_af': 0.1476584299248268, 'gpp_b': 0.0005752434266899163, 'gpp_d': 660.9129108295722, 'ign_k': 8.708806168038567, 'ign_c': 20.03995359361212, 'trop_agb_crit': 4.5511277305037705, 'trop_k_veg': 6.9782110227926815}.
