[I 2026-07-22 20:40:21,332] Trial 664 finished with values: [-0.7627432924258762, 0.06737544589651012] and parameters: {'k1': 0.028401063201780267, 'D_low': 216.6574784061471, 'k2': 0.00033271381912662167, 'D_high': 2413579.2291304003, 'fire_exp': 1.5532616753672623, 'P_half': 157.80309954142965, 'pre_dampen_half': 8.259599205585763, 'gpp_af': 0.03522602097143089, 'gpp_b': 0.00012118589392553798, 'gpp_d': 12.338826503601998, 'ign_k': 3.965503094323014, 'ign_c': 22.126836566118193, 'trop_agb_crit': 13.050465147768051, 'trop_k_veg': 2.724170387400844, 'fuel_k': 0.10978148458640455, 'fuel_half': 0.6603566884894324}.
[I 2026-07-22 20:40:21,751] Trial 665 finished with values: [10.379961440314805, 10.379961440314805] and parameters: {'k1': 0.043264339974928574, 'D_low': 2240.9155921647994, 'k2': 0.0009562822793888481, 'D_high': 2742371.6496047364, 'fire_exp': 1.1241449265712473, 'P_half': 102.4585893986732, 'pre_dampen_half': 14.689407256107613, 'gpp_af': 3.470266988650414, 'gpp_b': 2.176805640408474e-05, 'gpp_d': 12.151631524283598, 'ign_k': 0.00891606651464436, 'ign_c': 0.12510188850164433, 'trop_agb_crit': 2.7395739167173065, 'trop_k_veg': 0.8170196702261714, 'fuel_k': 0.9853604572233567, 'fuel_half': 1.3323297901105766}.
  trial  666/2500  pareto_size=5  best_taylor=0.7785  best_ilamb=0.6078  (4.7 min)
[I 2026-07-22 20:40:22,287] Trial 666 finished with values: [11.929671428606735, 11.929671428606735] and parameters: {'k1': 0.00022704877557909215, 'D_low': 3.86371393182755, 'k2': 0.0006863458703786212, 'D_high': 693439.2750387826, 'fire_exp': 1.5704801393982246, 'P_half': 355.00125258511594, 'pre_dampen_half': 16.224010950061366, 'gpp_af': 0.015875524914818664, 'gpp_b': 2.852199954727099e-05, 'gpp_d': 36.831884165358964, 'ign_k': 2.7142572552186843, 'ign_c': 5.199673923878318, 'trop_agb_crit': 2.7395739167173065, 'trop_k_veg': 3.1470652177597604, 'fuel_k': 4.0632364973692425, 'fuel_half': 1.0889347318773486}.
[I 2026-07-22 20:40:22,705] Trial 667 finished with values: [10.758639998766272, 10.758639998766272] and parameters: {'k1': 0.0011101191524846067, 'D_low': 2240.9155921647994, 'k2': 0.00016536937182824412, 'D_high': 2742371.6496047364, 'fire_exp': 1.8719045352638064, 'P_half': 102.4585893986732, 'pre_dampen_half': 13.472769577631588, 'gpp_af': 0.04897515106470033, 'gpp_b': 0.9044941899836164, 'gpp_d': 12.151631524283598, 'ign_k': 1.3431123753466423, 'ign_c': 0.12510188850164433, 'trop_agb_crit': 12.647327018493208, 'trop_k_veg': 0.8170196702261714, 'fuel_k': 4.710433409437071, 'fuel_half': 1.3323297901105766}.
[I 2026-07-22 20:40:23,124] Trial 668 finished with values: [11.850029140527809, 11.850029140527809] and parameters: {'k1': 0.0006533684593224971, 'D_low': 216.6574784061471, 'k2': 0.014666151770108535, 'D_high': 2742371.6496047364, 'fire_exp': 1.5704801393982246, 'P_half': 60.759029110813756, 'pre_dampen_half': 16.224010950061366, 'gpp_af': 0.2991469302130216, 'gpp_b': 0.0004382884213732982, 'gpp_d': 352.0481045526035, 'ign_k': 2.7142572552186843, 'ign_c': 0.2939463458625969, 'trop_agb_crit': 2.7395739167173065, 'trop_k_veg': 4.050700716504253, 'fuel_k': 0.057024351269772615, 'fuel_half': 0.3036855685244964}.
[I 2026-07-22 20:40:23,547] Trial 669 finished with values: [10.167288811662864, 10.167288811662864] and parameters: {'k1': 0.0011101191524846067, 'D_low': 2240.9155921647994, 'k2': 0.006838782488668311, 'D_high': 693439.2750387826, 'fire_exp': 1.1248464050065299, 'P_half': 355.00125258511594, 'pre_dampen_half': 16.224010950061366, 'gpp_af': 0.015875524914818664, 'gpp_b': 0.004458440839692221, 'gpp_d': 36.831884165358964, 'ign_k': 2.7142572552186843, 'ign_c': 17.583640270008498, 'trop_agb_crit': 2.7395739167173065, 'trop_k_veg': 0.8170196702261714, 'fuel_k': 0.07002142869039267, 'fuel_half': 0.3036855685244964}.
[I 2026-07-22 20:40:23,968] Trial 670 finished with values: [-0.6909141804824831, 0.0949398488338038] and parameters: {'k1': 0.008471801418819975, 'D_low': 2240.9155921647994, 'k2': 0.014666151770108535, 'D_high': 693439.2750387826, 'fire_exp': 1.5532616753672623, 'P_half': 355.00125258511594, 'pre_dampen_half': 13.472769577631588, 'gpp_af': 0.2901272149738624, 'gpp_b': 0.0028993292583566945, 'gpp_d': 352.0481045526035, 'ign_k': 2.136832907235876, 'ign_c': 0.26691447170887805, 'trop_agb_crit': 12.647327018493208, 'trop_k_veg': 0.8170196702261714, 'fuel_k': 0.07002142869039267, 'fuel_half': 3.75205585512428}.
[I 2026-07-22 20:40:24,385] Trial 671 finished with values: [-0.6091677688961371, 0.07005011437492104] and parameters: {'k1': 0.012840669372724958, 'D_low': 3103.3332277537256, 'k2': 0.014666151770108535, 'D_high': 2742371.6496047364, 'fire_exp': 1.8719045352638064, 'P_half': 102.4585893986732, 'pre_dampen_half': 13.472769577631588, 'gpp_af': 0.2991469302130216, 'gpp_b': 0.0028993292583566945, 'gpp_d': 206.05605824266914, 'ign_k': 0.0029519227433917453, 'ign_c': 0.12510188850164433, 'trop_agb_crit': 2.679156169946616, 'trop_k_veg': 2.1144348148283285, 'fuel_k': 4.710433409437071, 'fuel_half': 1.3323297901105766}.
[I 2026-07-22 20:40:24,805] Trial 672 finished with values: [10.450268181332275, 10.450268181332275] and parameters: {'k1': 0.012840669372724958, 'D_low': 35.437765484261625, 'k2': 0.0006863458703786212, 'D_high': 2742371.6496047364, 'fire_exp': 1.5704801393982246, 'P_half': 44.71679901231308, 'pre_dampen_half': 13.472769577631588, 'gpp_af': 0.053663001820106804, 'gpp_b': 1.648019261001441e-05, 'gpp_d': 40.95062894476691, 'ign_k': 0.008226074946221037, 'ign_c': 0.12510188850164433, 'trop_agb_crit': 8.983402272488592, 'trop_k_veg': 6.02985034296454, 'fuel_k': 0.025620781631399487, 'fuel_half': 1.0889347318773486}.
[I 2026-07-22 20:40:25,227] Trial 673 finished with values: [10.76923076903347, 10.76923076903347] and parameters: {'k1': 0.0011101191524846067, 'D_low': 65.88250985653332, 'k2': 0.015602015889668856, 'D_high': 2742371.6496047364, 'fire_exp': 1.9025702662542903, 'P_half': 50.34696988263488, 'pre_dampen_half': 13.472769577631588, 'gpp_af': 0.04897515106470033, 'gpp_b': 0.0003790316006121243, 'gpp_d': 352.0481045526035, 'ign_k': 3.965503094323014, 'ign_c': 44.67752817973901, 'trop_agb_crit': 9.286923253577127, 'trop_k_veg': 1.3987664054208562, 'fuel_k': 0.025620781631399487, 'fuel_half': 0.6603566884894324}.
[I 2026-07-22 20:40:25,650] Trial 674 finished with values: [10.316591400497218, 10.316591400497218] and parameters: {'k1': 0.0009299619346742016, 'D_low': 1.6752866684650682, 'k2': 0.015109086063191909, 'D_high': 2742371.6496047364, 'fire_exp': 1.8719045352638064, 'P_half': 56.22114524476698, 'pre_dampen_half': 13.472769577631588, 'gpp_af': 0.05511595477601764, 'gpp_b': 0.0028993292583566945, 'gpp_d': 352.0481045526035, 'ign_k': 0.0029519227433917453, 'ign_c': 5.199673923878318, 'trop_agb_crit': 10.584071370490857, 'trop_k_veg': 2.1144348148283285, 'fuel_k': 4.710433409437071, 'fuel_half': 1.0889347318773486}.
[I 2026-07-22 20:40:26,083] Trial 675 finished with values: [10.566669901970293, 10.566669901970293] and parameters: {'k1': 0.028401063201780267, 'D_low': 2240.9155921647994, 'k2': 0.015109086063191909, 'D_high': 6525529.853354094, 'fire_exp': 1.5704801393982246, 'P_half': 157.80309954142965, 'pre_dampen_half': 13.472769577631588, 'gpp_af': 0.03522602097143089, 'gpp_b': 2.852199954727099e-05, 'gpp_d': 274.48645214004335, 'ign_k': 2.7142572552186843, 'ign_c': 0.2939463458625969, 'trop_agb_crit': 2.7395739167173065, 'trop_k_veg': 2.724170387400844, 'fuel_k': 0.1001182870924137, 'fuel_half': 3.75205585512428}.
[I 2026-07-22 20:40:26,506] Trial 676 finished with values: [10.002235744502842, 10.002235744502842] and parameters: {'k1': 0.0011101191524846067, 'D_low': 2240.9155921647994, 'k2': 0.00016536937182824412, 'D_high': 2742371.6496047364, 'fire_exp': 1.8719045352638064, 'P_half': 102.4585893986732, 'pre_dampen_half': 14.689407256107613, 'gpp_af': 0.2991469302130216, 'gpp_b': 0.0028993292583566945, 'gpp_d': 206.05605824266914, 'ign_k': 0.0011417577140741143, 'ign_c': 44.67752817973901, 'trop_agb_crit': 8.983402272488592, 'trop_k_veg': 0.6375325851491305, 'fuel_k': 4.710433409437071, 'fuel_half': 1.3323297901105766}.
[I 2026-07-22 20:40:26,927] Trial 677 finished with values: [10.776048251896851, 10.776048251896851] and parameters: {'k1': 0.008471801418819975, 'D_low': 2240.9155921647994, 'k2': 0.0009562822793888481, 'D_high': 2742371.6496047364, 'fire_exp': 1.8719045352638064, 'P_half': 93.43302657318476, 'pre_dampen_half': 9.16302609334724, 'gpp_af': 0.2991469302130216, 'gpp_b': 2.176805640408474e-05, 'gpp_d': 12.151631524283598, 'ign_k': 2.136832907235876, 'ign_c': 0.13035590385085064, 'trop_agb_crit': 12.647327018493208, 'trop_k_veg': 2.1144348148283285, 'fuel_k': 0.07002142869039267, 'fuel_half': 3.75205585512428}.
[I 2026-07-22 20:40:27,342] Trial 678 finished with values: [10.5314479781373, 10.5314479781373] and parameters: {'k1': 0.004898620823554844, 'D_low': 35.437765484261625, 'k2': 0.0009256855841989632, 'D_high': 4185496.067158161, 'fire_exp': 1.8719045352638064, 'P_half': 56.22114524476698, 'pre_dampen_half': 0.9829324480069707, 'gpp_af': 0.2991469302130216, 'gpp_b': 0.004458440839692221, 'gpp_d': 40.95062894476691, 'ign_k': 0.008226074946221037, 'ign_c': 16.41379340685854, 'trop_agb_crit': 8.983402272488592, 'trop_k_veg': 2.9556982260250564, 'fuel_k': 0.025620781631399487, 'fuel_half': 0.30817917005205625}.
[I 2026-07-22 20:40:27,762] Trial 679 finished with values: [10.44947198904268, 10.44947198904268] and parameters: {'k1': 0.0007883068789768041, 'D_low': 3.86371393182755, 'k2': 0.0009256855841989632, 'D_high': 2007776.2367162877, 'fire_exp': 1.9025702662542903, 'P_half': 60.759029110813756, 'pre_dampen_half': 0.9829324480069707, 'gpp_af': 0.04897515106470033, 'gpp_b': 0.0001484082099455773, 'gpp_d': 352.0481045526035, 'ign_k': 0.013276678836047658, 'ign_c': 44.67752817973901, 'trop_agb_crit': 9.286923253577127, 'trop_k_veg': 0.8170196702261714, 'fuel_k': 4.710433409437071, 'fuel_half': 1.3323297901105766}.
[I 2026-07-22 20:40:28,178] Trial 680 finished with values: [-0.743377885114139, 0.08358024308354361] and parameters: {'k1': 0.028401063201780267, 'D_low': 16.00237013173313, 'k2': 0.00033271381912662167, 'D_high': 6525529.853354094, 'fire_exp': 1.3230624590942492, 'P_half': 355.00125258511594, 'pre_dampen_half': 8.259599205585763, 'gpp_af': 0.03522602097143089, 'gpp_b': 2.852199954727099e-05, 'gpp_d': 12.338826503601998, 'ign_k': 3.965503094323014, 'ign_c': 22.126836566118193, 'trop_agb_crit': 5.526463318565575, 'trop_k_veg': 4.050700716504253, 'fuel_k': 0.10978148458640455, 'fuel_half': 0.6603566884894324}.
[I 2026-07-22 20:40:28,600] Trial 681 finished with values: [10.432981264970238, 10.432981264970238] and parameters: {'k1': 0.008471801418819975, 'D_low': 2240.9155921647994, 'k2': 0.015109086063191909, 'D_high': 693439.2750387826, 'fire_exp': 1.5532616753672623, 'P_half': 355.00125258511594, 'pre_dampen_half': 13.472769577631588, 'gpp_af': 0.2901272149738624, 'gpp_b': 0.004458440839692221, 'gpp_d': 352.0481045526035, 'ign_k': 0.0029519227433917453, 'ign_c': 11.462237838612072, 'trop_agb_crit': 3.3933702290907823, 'trop_k_veg': 0.8170196702261714, 'fuel_k': 0.07002142869039267, 'fuel_half': 1.3323297901105766}.
[I 2026-07-22 20:40:29,021] Trial 682 finished with values: [11.975617660952786, 11.975617660952786] and parameters: {'k1': 0.012840669372724958, 'D_low': 3.86371393182755, 'k2': 0.00016536937182824412, 'D_high': 2742371.6496047364, 'fire_exp': 1.8719045352638064, 'P_half': 93.43302657318476, 'pre_dampen_half': 13.472769577631588, 'gpp_af': 0.2991469302130216, 'gpp_b': 2.176805640408474e-05, 'gpp_d': 483.22422323215085, 'ign_k': 0.0029519227433917453, 'ign_c': 44.67752817973901, 'trop_agb_crit': 8.983402272488592, 'trop_k_veg': 2.1144348148283285, 'fuel_k': 4.710433409437071, 'fuel_half': 0.17108183937377372}.
[I 2026-07-22 20:40:29,439] Trial 683 finished with values: [10.402717646538644, 10.402717646538644] and parameters: {'k1': 0.012840669372724958, 'D_low': 10854.572140544458, 'k2': 2.296989871634208e-05, 'D_high': 7589190.453000005, 'fire_exp': 2.14357894201977, 'P_half': 50.34696988263488, 'pre_dampen_half': 272.9378165037472, 'gpp_af': 0.8057329182285735, 'gpp_b': 0.0028993292583566945, 'gpp_d': 36.831884165358964, 'ign_k': 0.03871917261003672, 'ign_c': 0.2939463458625969, 'trop_agb_crit': 2.679156169946616, 'trop_k_veg': 6.02985034296454, 'fuel_k': 3.826843441487285, 'fuel_half': 0.6603566884894324}.
[I 2026-07-22 20:40:29,860] Trial 684 finished with values: [10.262686326619368, 10.262686326619368] and parameters: {'k1': 0.0011101191524846067, 'D_low': 2240.9155921647994, 'k2': 0.015602015889668856, 'D_high': 2742371.6496047364, 'fire_exp': 1.5064675556828317, 'P_half': 93.43302657318476, 'pre_dampen_half': 10.068659791784794, 'gpp_af': 0.3787888079800681, 'gpp_b': 2.176805640408474e-05, 'gpp_d': 352.0481045526035, 'ign_k': 0.0029519227433917453, 'ign_c': 44.67752817973901, 'trop_agb_crit': 9.286923253577127, 'trop_k_veg': 2.1144348148283285, 'fuel_k': 4.710433409437071, 'fuel_half': 1.3323297901105766}.
[I 2026-07-22 20:40:30,280] Trial 685 finished with values: [10.047013619010464, 10.047013619010464] and parameters: {'k1': 0.008471801418819975, 'D_low': 2240.9155921647994, 'k2': 0.014666151770108535, 'D_high': 693439.2750387826, 'fire_exp': 1.5532616753672623, 'P_half': 355.00125258511594, 'pre_dampen_half': 13.472769577631588, 'gpp_af': 39.53300852215307, 'gpp_b': 0.004458440839692221, 'gpp_d': 274.48645214004335, 'ign_k': 2.136832907235876, 'ign_c': 0.26691447170887805, 'trop_agb_crit': 12.647327018493208, 'trop_k_veg': 0.8170196702261714, 'fuel_k': 0.07002142869039267, 'fuel_half': 3.75205585512428}.
[I 2026-07-22 20:40:30,711] Trial 686 finished with values: [10.884617374678657, 10.884617374678657] and parameters: {'k1': 0.043264339974928574, 'D_low': 2240.9155921647994, 'k2': 0.00016536937182824412, 'D_high': 2742371.6496047364, 'fire_exp': 1.8719045352638064, 'P_half': 102.4585893986732, 'pre_dampen_half': 14.689407256107613, 'gpp_af': 0.30536370375523275, 'gpp_b': 2.176805640408474e-05, 'gpp_d': 12.151631524283598, 'ign_k': 2.136832907235876, 'ign_c': 0.12510188850164433, 'trop_agb_crit': 12.647327018493208, 'trop_k_veg': 0.8170196702261714, 'fuel_k': 0.07002142869039267, 'fuel_half': 3.75205585512428}.
[I 2026-07-22 20:40:31,138] Trial 687 finished with values: [10.109547163411793, 10.109547163411793] and parameters: {'k1': 0.008471801418819975, 'D_low': 2240.9155921647994, 'k2': 0.014666151770108535, 'D_high': 693439.2750387826, 'fire_exp': 1.5704801393982246, 'P_half': 355.00125258511594, 'pre_dampen_half': 16.224010950061366, 'gpp_af': 0.2901272149738624, 'gpp_b': 2.852199954727099e-05, 'gpp_d': 352.0481045526035, 'ign_k': 2.136832907235876, 'ign_c': 0.26691447170887805, 'trop_agb_crit': 2.7395739167173065, 'trop_k_veg': 0.8170196702261714, 'fuel_k': 0.07002142869039267, 'fuel_half': 0.3036855685244964}.
[I 2026-07-22 20:40:31,555] Trial 688 finished with values: [10.76923076903347, 10.76923076903347] and parameters: {'k1': 0.09303193611755875, 'D_low': 86.64406862241785, 'k2': 0.014666151770108535, 'D_high': 693439.2750387826, 'fire_exp': 1.8719045352638064, 'P_half': 2545.070581573528, 'pre_dampen_half': 13.472769577631588, 'gpp_af': 0.011029417379828963, 'gpp_b': 0.004458440839692221, 'gpp_d': 352.0481045526035, 'ign_k': 0.038563028138793747, 'ign_c': 527.6924233362282, 'trop_agb_crit': 10.584071370490857, 'trop_k_veg': 2.1144348148283285, 'fuel_k': 4.710433409437071, 'fuel_half': 1.3323297901105766}.
[I 2026-07-22 20:40:31,984] Trial 689 finished with values: [-0.23057630601339793, 0.25230697755147613] and parameters: {'k1': 2.9205563600251842e-05, 'D_low': 2240.9155921647994, 'k2': 0.015602015889668856, 'D_high': 693439.2750387826, 'fire_exp': 1.1248464050065299, 'P_half': 355.00125258511594, 'pre_dampen_half': 13.472769577631588, 'gpp_af': 0.2901272149738624, 'gpp_b': 0.004458440839692221, 'gpp_d': 352.0481045526035, 'ign_k': 0.0029519227433917453, 'ign_c': 0.26691447170887805, 'trop_agb_crit': 12.647327018493208, 'trop_k_veg': 0.8170196702261714, 'fuel_k': 0.07002142869039267, 'fuel_half': 1.3323297901105766}.
[I 2026-07-22 20:40:32,430] Trial 690 finished with values: [10.296602367585134, 10.296602367585134] and parameters: {'k1': 0.0009299619346742016, 'D_low': 3.86371393182755, 'k2': 0.00016536937182824412, 'D_high': 2742371.6496047364, 'fire_exp': 1.8719045352638064, 'P_half': 102.4585893986732, 'pre_dampen_half': 0.9829324480069707, 'gpp_af': 0.2901272149738624, 'gpp_b': 0.0001484082099455773, 'gpp_d': 40.95062894476691, 'ign_k': 0.0029519227433917453, 'ign_c': 0.13035590385085064, 'trop_agb_crit': 8.983402272488592, 'trop_k_veg': 0.8170196702261714, 'fuel_k': 4.0632364973692425, 'fuel_half': 1.3323297901105766}.
[I 2026-07-22 20:40:32,857] Trial 691 finished with values: [-0.7471844317541273, 0.2031952409222364] and parameters: {'k1': 0.028401063201780267, 'D_low': 216.6574784061471, 'k2': 0.0009562822793888481, 'D_high': 2413579.2291304003, 'fire_exp': 1.5704801393982246, 'P_half': 157.80309954142965, 'pre_dampen_half': 16.224010950061366, 'gpp_af': 3.470266988650414, 'gpp_b': 1.3289448722869181e-05, 'gpp_d': 36.831884165358964, 'ign_k': 2.136832907235876, 'ign_c': 22.126836566118193, 'trop_agb_crit': 2.7395739167173065, 'trop_k_veg': 3.1470652177597604, 'fuel_k': 0.10978148458640455, 'fuel_half': 0.3036855685244964}.
[I 2026-07-22 20:40:33,277] Trial 692 finished with values: [10.41992793130228, 10.41992793130228] and parameters: {'k1': 0.0009299619346742016, 'D_low': 80296.80238356847, 'k2': 0.0009562822793888481, 'D_high': 2742371.6496047364, 'fire_exp': 1.5532616753672623, 'P_half': 355.00125258511594, 'pre_dampen_half': 13.472769577631588, 'gpp_af': 3.470266988650414, 'gpp_b': 1.3289448722869181e-05, 'gpp_d': 352.0481045526035, 'ign_k': 2.136832907235876, 'ign_c': 5.199673923878318, 'trop_agb_crit': 10.584071370490857, 'trop_k_veg': 4.129715873342729, 'fuel_k': 0.025620781631399487, 'fuel_half': 0.3036855685244964}.
[I 2026-07-22 20:40:33,699] Trial 693 finished with values: [10.763511605734376, 10.763511605734376] and parameters: {'k1': 0.0006533684593224971, 'D_low': 216.6574784061471, 'k2': 0.014666151770108535, 'D_high': 2742371.6496047364, 'fire_exp': 1.5532616753672623, 'P_half': 355.00125258511594, 'pre_dampen_half': 16.224010950061366, 'gpp_af': 0.08000487801699094, 'gpp_b': 1.8528741512134448, 'gpp_d': 352.0481045526035, 'ign_k': 2.136832907235876, 'ign_c': 17.583640270008498, 'trop_agb_crit': 2.7395739167173065, 'trop_k_veg': 0.8170196702261714, 'fuel_k': 0.057024351269772615, 'fuel_half': 0.3036855685244964}.
[I 2026-07-22 20:40:34,118] Trial 694 finished with values: [10.76923076903347, 10.76923076903347] and parameters: {'k1': 0.00022704877557909215, 'D_low': 216.6574784061471, 'k2': 0.0009562822793888481, 'D_high': 2413579.2291304003, 'fire_exp': 1.8719045352638064, 'P_half': 355.00125258511594, 'pre_dampen_half': 16.224010950061366, 'gpp_af': 0.019225729985674112, 'gpp_b': 2.176805640408474e-05, 'gpp_d': 12.151631524283598, 'ign_k': 2.136832907235876, 'ign_c': 296.63798365255695, 'trop_agb_crit': 2.7395739167173065, 'trop_k_veg': 4.670903373203202, 'fuel_k': 0.9853604572233567, 'fuel_half': 0.3036855685244964}.
[I 2026-07-22 20:40:34,535] Trial 695 finished with values: [10.744899604386946, 10.744899604386946] and parameters: {'k1': 0.014458450258664154, 'D_low': 216.6574784061471, 'k2': 0.0009562822793888481, 'D_high': 673.0926289073358, 'fire_exp': 1.8719045352638064, 'P_half': 355.00125258511594, 'pre_dampen_half': 16.224010950061366, 'gpp_af': 3.470266988650414, 'gpp_b': 3.058550800996629e-05, 'gpp_d': 36.831884165358964, 'ign_k': 2.7142572552186843, 'ign_c': 17.583640270008498, 'trop_agb_crit': 2.7395739167173065, 'trop_k_veg': 3.1470652177597604, 'fuel_k': 0.057024351269772615, 'fuel_half': 0.3036855685244964}.
[I 2026-07-22 20:40:34,951] Trial 696 finished with values: [10.76676179530867, 10.76676179530867] and parameters: {'k1': 0.012840669372724958, 'D_low': 2240.9155921647994, 'k2': 0.014666151770108535, 'D_high': 2617.4661418874143, 'fire_exp': 1.8719045352638064, 'P_half': 93.43302657318476, 'pre_dampen_half': 0.7245868181143029, 'gpp_af': 0.015875524914818664, 'gpp_b': 0.0028993292583566945, 'gpp_d': 450.59526947401275, 'ign_k': 0.0029519227433917453, 'ign_c': 0.49442231067539427, 'trop_agb_crit': 2.679156169946616, 'trop_k_veg': 4.050700716504253, 'fuel_k': 0.852470259659268, 'fuel_half': 1.0921924740205373}.
[I 2026-07-22 20:40:35,370] Trial 697 finished with values: [11.984460100830232, 11.984460100830232] and parameters: {'k1': 0.012840669372724958, 'D_low': 2240.9155921647994, 'k2': 0.014666151770108535, 'D_high': 2742371.6496047364, 'fire_exp': 1.8719045352638064, 'P_half': 50.34696988263488, 'pre_dampen_half': 13.472769577631588, 'gpp_af': 0.2991469302130216, 'gpp_b': 0.0028993292583566945, 'gpp_d': 352.0481045526035, 'ign_k': 3.965503094323014, 'ign_c': 0.12510188850164433, 'trop_agb_crit': 2.679156169946616, 'trop_k_veg': 6.02985034296454, 'fuel_k': 4.710433409437071, 'fuel_half': 1.3323297901105766}.
[I 2026-07-22 20:40:35,789] Trial 698 finished with values: [-0.5069177904225245, 0.3037524441525614] and parameters: {'k1': 0.0006533684593224971, 'D_low': 216.6574784061471, 'k2': 0.014666151770108535, 'D_high': 693439.2750387826, 'fire_exp': 1.5704801393982246, 'P_half': 355.00125258511594, 'pre_dampen_half': 16.224010950061366, 'gpp_af': 75.51809122179522, 'gpp_b': 0.0004382884213732982, 'gpp_d': 36.831884165358964, 'ign_k': 2.7142572552186843, 'ign_c': 0.2939463458625969, 'trop_agb_crit': 8.846948092009814, 'trop_k_veg': 4.050700716504253, 'fuel_k': 0.057024351269772615, 'fuel_half': 0.3036855685244964}.
