[I 2026-08-14 14:21:16,132] Trial 668 finished with values: [-0.41602772665382115, 0.0009713016197280266] and parameters: {'k1': 0.0012329098365270509, 'D_low': 367.4904945305323, 'k2': 1.915468390724633e-05, 'D_high': 44.39648242927527, 'fire_exp': 1.9439887028475722, 'P_half': 220.3445560633069, 'pre_dampen_half': 0.37306104754535907, 'gpp_af': 0.34902252478382495, 'gpp_b': 0.012418712303684949, 'gpp_d': 8.144272585223819, 'ign_k': 4.759571911239685, 'ign_c': 14.935213816355384, 'trop_agb_crit': 2.3118820898020997, 'trop_k_veg': 2.8224577471047865, 'fuel_k': 0.021123235354472927, 'fuel_half': 0.30455368715396786}.
[I 2026-08-14 14:21:18,087] Trial 669 finished with values: [-0.3554625854118624, 0.0] and parameters: {'k1': 0.07573282902008706, 'D_low': 3507.515213502105, 'k2': 0.0009670857606743155, 'D_high': 38111.59226078823, 'fire_exp': 3.27790247797386, 'P_half': 1212.4080603355412, 'pre_dampen_half': 0.15144408538724474, 'gpp_af': 0.0023751383317256927, 'gpp_b': 0.9407903301838397, 'gpp_d': 3.0023172465753074, 'ign_k': 0.31014294272127446, 'ign_c': 5.486676498816058, 'trop_agb_crit': 5.273338791937182, 'trop_k_veg': 4.844706510617515, 'fuel_k': 1.6630228777630973, 'fuel_half': 10.013658413533488}.
[I 2026-08-14 14:21:19,949] Trial 670 finished with values: [-0.5226923762949149, 0.030766723899270487] and parameters: {'k1': 0.0131638092522722, 'D_low': 4.043300846639722, 'k2': 0.0009724201099820953, 'D_high': 625838.668783032, 'fire_exp': 1.7973831035976209, 'P_half': 65.33684593224972, 'pre_dampen_half': 0.15144408538724474, 'gpp_af': 0.008983355849178878, 'gpp_b': 0.00012906175696809457, 'gpp_d': 314.6826989726468, 'ign_k': 0.31014294272127446, 'ign_c': 0.18316165443932733, 'trop_agb_crit': 5.273338791937182, 'trop_k_veg': 3.1061628445647007, 'fuel_k': 5.486054129200969, 'fuel_half': 10.013658413533488}.
[I 2026-08-14 14:21:21,782] Trial 671 finished with values: [-0.41211142597404987, 7.916596822199473e-06] and parameters: {'k1': 6.069662445477729e-05, 'D_low': 4.043300846639722, 'k2': 2.1698375693549493e-05, 'D_high': 316055.11434645514, 'fire_exp': 2.1589564941849333, 'P_half': 1938.3858782150498, 'pre_dampen_half': 0.022695682239207024, 'gpp_af': 0.0025511964576171086, 'gpp_b': 3.228689523591491e-05, 'gpp_d': 2.292633983096564, 'ign_k': 0.03141110271934876, 'ign_c': 42.793836042014604, 'trop_agb_crit': 2.3118820898020997, 'trop_k_veg': 0.8258248924958269, 'fuel_k': 5.486054129200969, 'fuel_half': 35.2847426865637}.
[I 2026-08-14 14:21:23,618] Trial 672 finished with values: [-0.3554625854118624, 0.0] and parameters: {'k1': 0.0024005553432620355, 'D_low': 2.0349553327469425, 'k2': 0.0009670857606743155, 'D_high': 316055.11434645514, 'fire_exp': 1.182396148413737, 'P_half': 48.464976792190825, 'pre_dampen_half': 0.10609580257119508, 'gpp_af': 0.2077161282926346, 'gpp_b': 2.788681037423117, 'gpp_d': 2.292633983096564, 'ign_k': 0.567034633562729, 'ign_c': 105.24574681335613, 'trop_agb_crit': 2.3118820898020997, 'trop_k_veg': 2.8224577471047865, 'fuel_k': 1.6630228777630973, 'fuel_half': 12.136386887218588}.
[I 2026-08-14 14:21:25,449] Trial 673 finished with values: [-0.41476408626243, 2.9906922907052547e-06] and parameters: {'k1': 0.0010204225357677778, 'D_low': 367.4904945305323, 'k2': 1.263794633808287e-05, 'D_high': 316055.11434645514, 'fire_exp': 1.075051292556307, 'P_half': 351.2704726270846, 'pre_dampen_half': 0.10609580257119508, 'gpp_af': 0.34902252478382495, 'gpp_b': 8.973215315767913, 'gpp_d': 0.17638479543546878, 'ign_k': 0.04380580767905655, 'ign_c': 105.24574681335613, 'trop_agb_crit': 2.1775224101934065, 'trop_k_veg': 1.0540721475196824, 'fuel_k': 5.486054129200969, 'fuel_half': 0.30455368715396786}.
[I 2026-08-14 14:21:27,276] Trial 674 finished with values: [-0.4177848057796121, 4.193044729539075e-06] and parameters: {'k1': 1.8595266457134027e-05, 'D_low': 128395.48332743198, 'k2': 0.00010939944910100016, 'D_high': 316055.11434645514, 'fire_exp': 1.2429193829348841, 'P_half': 1938.3858782150498, 'pre_dampen_half': 0.0195172246414495, 'gpp_af': 0.0023751383317256927, 'gpp_b': 0.00017826376967587887, 'gpp_d': 2.292633983096564, 'ign_k': 0.03141110271934876, 'ign_c': 105.24574681335613, 'trop_agb_crit': 2.1775224101934065, 'trop_k_veg': 3.4508425771776365, 'fuel_k': 5.486054129200969, 'fuel_half': 15.581254655530845}.
[I 2026-08-14 14:21:29,162] Trial 675 finished with values: [-0.3554625854118624, 0.0] and parameters: {'k1': 0.0024005553432620355, 'D_low': 1160.0689839007139, 'k2': 0.0004673518999562748, 'D_high': 625838.668783032, 'fire_exp': 1.2429193829348841, 'P_half': 1212.4080603355412, 'pre_dampen_half': 0.15144408538724474, 'gpp_af': 0.326288637536534, 'gpp_b': 2.325239859823921e-05, 'gpp_d': 1.105785410092522, 'ign_k': 0.31014294272127446, 'ign_c': 79.62155254464994, 'trop_agb_crit': 2.3118820898020997, 'trop_k_veg': 4.844706510617515, 'fuel_k': 1.6630228777630973, 'fuel_half': 65.99277195883643}.
[I 2026-08-14 14:21:30,984] Trial 676 finished with values: [-0.3615662257658113, 0.0] and parameters: {'k1': 1.0477226564098276e-05, 'D_low': 367.4904945305323, 'k2': 1.263794633808287e-05, 'D_high': 16.752866684650684, 'fire_exp': 1.6733848721157607, 'P_half': 1535.1441568398143, 'pre_dampen_half': 0.011501973785501987, 'gpp_af': 0.0023751383317256927, 'gpp_b': 0.07311344697279921, 'gpp_d': 8.144272585223819, 'ign_k': 0.04380580767905655, 'ign_c': 105.24574681335613, 'trop_agb_crit': 2.1775224101934065, 'trop_k_veg': 0.6921865222804094, 'fuel_k': 3.8488790096189716, 'fuel_half': 3.7093134348291836}.
[I 2026-08-14 14:21:32,859] Trial 677 finished with values: [-0.3883728222869756, 2.3176462971008505e-09] and parameters: {'k1': 0.0012329098365270509, 'D_low': 9.222492453004657, 'k2': 2.5299503921303695e-05, 'D_high': 12.862664853393753, 'fire_exp': 1.7973831035976209, 'P_half': 4.961134450191397, 'pre_dampen_half': 0.03426913908389044, 'gpp_af': 0.16983565276584273, 'gpp_b': 1.1728753685919104, 'gpp_d': 3.0023172465753074, 'ign_k': 0.04380580767905655, 'ign_c': 105.24574681335613, 'trop_agb_crit': 2.3118820898020997, 'trop_k_veg': 0.6903814430415869, 'fuel_k': 0.029111707920759254, 'fuel_half': 35.2847426865637}.
[I 2026-08-14 14:21:34,740] Trial 678 finished with values: [-0.40213057805068353, 7.421758056458394e-06] and parameters: {'k1': 0.0010204225357677778, 'D_low': 2.0349553327469425, 'k2': 0.00010939944910100016, 'D_high': 12.862664853393753, 'fire_exp': 1.7973831035976209, 'P_half': 4.961134450191397, 'pre_dampen_half': 0.03411860497758073, 'gpp_af': 0.16983565276584273, 'gpp_b': 1.1728753685919104, 'gpp_d': 3.0023172465753074, 'ign_k': 0.39676339357448603, 'ign_c': 3.0378658251922155, 'trop_agb_crit': 15.53776736258787, 'trop_k_veg': 4.844706510617515, 'fuel_k': 5.486054129200969, 'fuel_half': 8.115041565366717}.
[I 2026-08-14 14:21:36,914] Trial 679 finished with values: [-0.41076694207559605, 5.478118188406711e-06] and parameters: {'k1': 1.0477226564098276e-05, 'D_low': 9.222492453004657, 'k2': 1.854837679096716e-05, 'D_high': 802968.0238356856, 'fire_exp': 1.6214575867079866, 'P_half': 1535.1441568398143, 'pre_dampen_half': 0.03411860497758073, 'gpp_af': 0.34902252478382495, 'gpp_b': 2.788681037423117, 'gpp_d': 3.0023172465753074, 'ign_k': 0.567034633562729, 'ign_c': 3.330375276964647, 'trop_agb_crit': 2.3118820898020997, 'trop_k_veg': 0.6921865222804094, 'fuel_k': 1.6630228777630973, 'fuel_half': 0.30455368715396786}.
[I 2026-08-14 14:21:38,941] Trial 680 finished with values: [-0.4060816819566321, 2.037359489781565e-06] and parameters: {'k1': 0.00014888230597983555, 'D_low': 93.75345303884801, 'k2': 0.08636422432723088, 'D_high': 39079.671568228776, 'fire_exp': 1.6214575867079866, 'P_half': 3910.3637457741784, 'pre_dampen_half': 0.043181981126981975, 'gpp_af': 0.008983355849178878, 'gpp_b': 0.040428727350273294, 'gpp_d': 1.105785410092522, 'ign_k': 0.0012087541473056963, 'ign_c': 0.4213183643253957, 'trop_agb_crit': 1.8730954962803803, 'trop_k_veg': 0.9008485225328876, 'fuel_k': 1.6630228777630973, 'fuel_half': 2.841639333505349}.
[I 2026-08-14 14:21:41,037] Trial 681 finished with values: [-0.3837171238602469, 1.0885914281111297e-08] and parameters: {'k1': 0.00040091494283268605, 'D_low': 9.222492453004657, 'k2': 1.3243445838637965e-05, 'D_high': 16.752866684650684, 'fire_exp': 7.550475808649676, 'P_half': 220.3445560633069, 'pre_dampen_half': 0.03333029838740256, 'gpp_af': 0.0023751383317256927, 'gpp_b': 6.0327793441162e-05, 'gpp_d': 285.57196407381804, 'ign_k': 0.04380580767905655, 'ign_c': 0.1254144753902608, 'trop_agb_crit': 2.1775224101934065, 'trop_k_veg': 2.8224577471047865, 'fuel_k': 0.021123235354472927, 'fuel_half': 12.136386887218588}.
[I 2026-08-14 14:21:42,855] Trial 682 finished with values: [-0.44391702071099715, 0.019026046503712757] and parameters: {'k1': 0.0010204225357677778, 'D_low': 3735.16768760467, 'k2': 0.00010939944910100016, 'D_high': 316055.11434645514, 'fire_exp': 1.182396148413737, 'P_half': 1938.3858782150498, 'pre_dampen_half': 0.15144408538724474, 'gpp_af': 0.34902252478382495, 'gpp_b': 3.228689523591491e-05, 'gpp_d': 314.6826989726468, 'ign_k': 0.31014294272127446, 'ign_c': 0.18316165443932733, 'trop_agb_crit': 5.273338791937182, 'trop_k_veg': 1.0540721475196824, 'fuel_k': 5.486054129200969, 'fuel_half': 10.013658413533488}.
[I 2026-08-14 14:21:44,761] Trial 683 finished with values: [-0.39497034540573916, 9.732107675297641e-09] and parameters: {'k1': 0.0003713474360443033, 'D_low': 126.11058927054879, 'k2': 1.263794633808287e-05, 'D_high': 160625.60954780428, 'fire_exp': 1.6214575867079866, 'P_half': 269.74113434525447, 'pre_dampen_half': 0.37306104754535907, 'gpp_af': 0.0876577878178163, 'gpp_b': 2.788681037423117, 'gpp_d': 314.6826989726468, 'ign_k': 0.04380580767905655, 'ign_c': 105.24574681335613, 'trop_agb_crit': 1.8730954962803803, 'trop_k_veg': 0.6189606672462583, 'fuel_k': 5.486054129200969, 'fuel_half': 15.581254655530845}.
[I 2026-08-14 14:21:46,676] Trial 684 finished with values: [-0.43533100824225546, 0.011757081025853822] and parameters: {'k1': 0.0010204225357677778, 'D_low': 35.16392386455341, 'k2': 1.4363112408604443e-05, 'D_high': 160625.60954780428, 'fire_exp': 1.7973831035976209, 'P_half': 351.2704726270846, 'pre_dampen_half': 0.03426913908389044, 'gpp_af': 0.16983565276584273, 'gpp_b': 3.228689523591491e-05, 'gpp_d': 3.0023172465753074, 'ign_k': 2.9663798365255736, 'ign_c': 3.0378658251922155, 'trop_agb_crit': 13.98132484257899, 'trop_k_veg': 1.128469461526162, 'fuel_k': 0.013421538374693755, 'fuel_half': 0.30455368715396786}.
[I 2026-08-14 14:21:48,598] Trial 685 finished with values: [-0.3758541308286863, 2.729003356627402e-08] and parameters: {'k1': 0.0131638092522722, 'D_low': 4.043300846639722, 'k2': 2.1698375693549493e-05, 'D_high': 160625.60954780428, 'fire_exp': 6.396249560187033, 'P_half': 1938.3858782150498, 'pre_dampen_half': 89.15632969317363, 'gpp_af': 0.033373034352042676, 'gpp_b': 3.228689523591491e-05, 'gpp_d': 2.292633983096564, 'ign_k': 0.03141110271934876, 'ign_c': 42.793836042014604, 'trop_agb_crit': 2.3118820898020997, 'trop_k_veg': 0.8258248924958269, 'fuel_k': 5.486054129200969, 'fuel_half': 35.2847426865637}.
[I 2026-08-14 14:21:50,553] Trial 686 finished with values: [-0.36357778365657356, 2.006617094707508e-11] and parameters: {'k1': 6.069662445477729e-05, 'D_low': 2.607160725470918, 'k2': 0.00019472216066157317, 'D_high': 316055.11434645514, 'fire_exp': 1.9439887028475722, 'P_half': 1938.3858782150498, 'pre_dampen_half': 0.022695682239207024, 'gpp_af': 0.0025386125063826667, 'gpp_b': 1.1728753685919104, 'gpp_d': 0.01307253094873642, 'ign_k': 0.476373748459372, 'ign_c': 0.13229646467088635, 'trop_agb_crit': 2.3118820898020997, 'trop_k_veg': 3.4508425771776365, 'fuel_k': 0.5588539902953054, 'fuel_half': 15.581254655530845}.
[I 2026-08-14 14:21:52,511] Trial 687 finished with values: [-0.4701061073427938, 0.017419090651185187] and parameters: {'k1': 0.00040091494283268605, 'D_low': 2.0349553327469425, 'k2': 1.915468390724633e-05, 'D_high': 316055.11434645514, 'fire_exp': 1.9439887028475722, 'P_half': 220.3445560633069, 'pre_dampen_half': 0.10609580257119508, 'gpp_af': 0.10349059737742376, 'gpp_b': 6.0327793441162e-05, 'gpp_d': 8.144272585223819, 'ign_k': 0.476373748459372, 'ign_c': 14.935213816355384, 'trop_agb_crit': 2.3118820898020997, 'trop_k_veg': 2.8224577471047865, 'fuel_k': 5.486054129200969, 'fuel_half': 15.581254655530845}.
[I 2026-08-14 14:21:54,409] Trial 688 finished with values: [-0.3554625854118624, 0.0] and parameters: {'k1': 0.0012329098365270509, 'D_low': 367.4904945305323, 'k2': 0.0009670857606743155, 'D_high': 625838.668783032, 'fire_exp': 3.27790247797386, 'P_half': 7683.876502998063, 'pre_dampen_half': 0.15144408538724474, 'gpp_af': 0.0025511964576171086, 'gpp_b': 0.00024732964314480056, 'gpp_d': 2.292633983096564, 'ign_k': 0.04380580767905655, 'ign_c': 105.24574681335613, 'trop_agb_crit': 5.273338791937182, 'trop_k_veg': 2.417028380770307, 'fuel_k': 0.28630931797361614, 'fuel_half': 10.013658413533488}.
[I 2026-08-14 14:21:56,253] Trial 689 finished with values: [-0.3554625854118624, 0.0] and parameters: {'k1': 4.944223106753944e-05, 'D_low': 367.4904945305323, 'k2': 2.5299503921303695e-05, 'D_high': 39079.671568228776, 'fire_exp': 1.2429193829348841, 'P_half': 602.2882014304706, 'pre_dampen_half': 0.15144408538724474, 'gpp_af': 0.05376487404131282, 'gpp_b': 2.788681037423117, 'gpp_d': 1.105785410092522, 'ign_k': 0.04380580767905655, 'ign_c': 798.8050530300033, 'trop_agb_crit': 2.1775224101934065, 'trop_k_veg': 4.844706510617515, 'fuel_k': 1.6630228777630973, 'fuel_half': 2.841639333505349}.
[I 2026-08-14 14:21:58,434] Trial 690 finished with values: [-0.42232658550894764, 0.0005202432045102734] and parameters: {'k1': 0.003663433473924883, 'D_low': 4.043300846639722, 'k2': 0.00010939944910100016, 'D_high': 160625.60954780428, 'fire_exp': 1.7973831035976209, 'P_half': 1938.3858782150498, 'pre_dampen_half': 0.03333029838740256, 'gpp_af': 0.008983355849178878, 'gpp_b': 0.00012906175696809457, 'gpp_d': 5.1227685768715014, 'ign_k': 0.47081597932501906, 'ign_c': 3.0378658251922155, 'trop_agb_crit': 2.3118820898020997, 'trop_k_veg': 3.1061628445647007, 'fuel_k': 5.486054129200969, 'fuel_half': 8.115041565366717}.
[I 2026-08-14 14:22:00,355] Trial 691 finished with values: [-0.40281715279676106, 1.6853601170208066e-07] and parameters: {'k1': 6.069662445477729e-05, 'D_low': 9.222492453004657, 'k2': 2.5299503921303695e-05, 'D_high': 12.862664853393753, 'fire_exp': 1.7973831035976209, 'P_half': 1212.4080603355412, 'pre_dampen_half': 0.03333029838740256, 'gpp_af': 0.008983355849178878, 'gpp_b': 0.07311344697279921, 'gpp_d': 2.292633983096564, 'ign_k': 0.03141110271934876, 'ign_c': 3.0378658251922155, 'trop_agb_crit': 2.3118820898020997, 'trop_k_veg': 0.6921865222804094, 'fuel_k': 5.486054129200969, 'fuel_half': 35.2847426865637}.
[I 2026-08-14 14:22:02,260] Trial 692 finished with values: [-0.3554625854118624, 0.0] and parameters: {'k1': 0.0012329098365270509, 'D_low': 2.0349553327469425, 'k2': 0.0009670857606743155, 'D_high': 38111.59226078823, 'fire_exp': 1.075051292556307, 'P_half': 351.2704726270846, 'pre_dampen_half': 0.03411860497758073, 'gpp_af': 0.0023751383317256927, 'gpp_b': 0.9407903301838397, 'gpp_d': 3.0023172465753074, 'ign_k': 0.567034633562729, 'ign_c': 105.24574681335613, 'trop_agb_crit': 2.3118820898020997, 'trop_k_veg': 4.844706510617515, 'fuel_k': 0.06382243375381637, 'fuel_half': 12.136386887218588}.
[I 2026-08-14 14:22:04,175] Trial 693 finished with values: [-0.3554625854118624, 0.0] and parameters: {'k1': 0.05554169083020911, 'D_low': 86076.25863264319, 'k2': 0.00010939944910100016, 'D_high': 160625.60954780428, 'fire_exp': 4.487053621524983, 'P_half': 1212.4080603355412, 'pre_dampen_half': 0.03333029838740256, 'gpp_af': 0.008983355849178878, 'gpp_b': 0.23395511097933275, 'gpp_d': 2.292633983096564, 'ign_k': 0.47081597932501906, 'ign_c': 0.19678273362633986, 'trop_agb_crit': 1.7813653882411722, 'trop_k_veg': 3.715819581962784, 'fuel_k': 1.772261104101594, 'fuel_half': 8.115041565366717}.
[I 2026-08-14 14:22:06,103] Trial 694 finished with values: [-0.38179229475259596, 4.815888798859191e-10] and parameters: {'k1': 0.07573282902008706, 'D_low': 3507.515213502105, 'k2': 0.00019472216066157317, 'D_high': 316055.11434645514, 'fire_exp': 1.9439887028475722, 'P_half': 1938.3858782150498, 'pre_dampen_half': 0.15144408538724474, 'gpp_af': 0.004598575950307868, 'gpp_b': 1.4862329780204044, 'gpp_d': 0.01307253094873642, 'ign_k': 0.476373748459372, 'ign_c': 0.18316165443932733, 'trop_agb_crit': 5.273338791937182, 'trop_k_veg': 3.4508425771776365, 'fuel_k': 1.6630228777630973, 'fuel_half': 10.013658413533488}.
[I 2026-08-14 14:22:08,128] Trial 695 finished with values: [-0.3554625854118624, 0.0] and parameters: {'k1': 0.0012329098365270509, 'D_low': 3507.515213502105, 'k2': 1.854837679096716e-05, 'D_high': 625838.668783032, 'fire_exp': 1.2465639280699068, 'P_half': 65.33684593224972, 'pre_dampen_half': 0.03411860497758073, 'gpp_af': 0.0025511964576171086, 'gpp_b': 0.03103333227753725, 'gpp_d': 3.0023172465753074, 'ign_k': 0.567034633562729, 'ign_c': 490.9403886223242, 'trop_agb_crit': 13.365572767895445, 'trop_k_veg': 1.9295275931941316, 'fuel_k': 1.6460650207153917, 'fuel_half': 10.013658413533488}.
[I 2026-08-14 14:22:09,998] Trial 696 finished with values: [-0.5325404425327226, 0.14569458154867765] and parameters: {'k1': 0.0026607970538371477, 'D_low': 3507.515213502105, 'k2': 1.854837679096716e-05, 'D_high': 388024.1939505089, 'fire_exp': 1.2465639280699068, 'P_half': 65.33684593224972, 'pre_dampen_half': 0.15144408538724474, 'gpp_af': 0.34902252478382495, 'gpp_b': 0.00011195197602511399, 'gpp_d': 314.6826989726468, 'ign_k': 0.31014294272127446, 'ign_c': 0.3296550135838091, 'trop_agb_crit': 5.273338791937182, 'trop_k_veg': 1.128469461526162, 'fuel_k': 1.6630228777630973, 'fuel_half': 10.013658413533488}.
[I 2026-08-14 14:22:11,971] Trial 697 finished with values: [-0.40961573623847325, 0.0007586292581853726] and parameters: {'k1': 0.0003713474360443033, 'D_low': 3507.515213502105, 'k2': 0.0005708731724249573, 'D_high': 10360.875587906949, 'fire_exp': 1.6214575867079866, 'P_half': 269.74113434525447, 'pre_dampen_half': 0.011501973785501987, 'gpp_af': 0.25562996323356024, 'gpp_b': 0.00024732964314480056, 'gpp_d': 285.57196407381804, 'ign_k': 0.567034633562729, 'ign_c': 3.9323495083117734, 'trop_agb_crit': 2.419699259862185, 'trop_k_veg': 0.6921865222804094, 'fuel_k': 0.025506395489012103, 'fuel_half': 1.2664943797139752}.
[I 2026-08-14 14:22:13,876] Trial 698 finished with values: [-0.47355857343128516, 0.009407077104537698] and parameters: {'k1': 0.0010204225357677778, 'D_low': 4.043300846639722, 'k2': 0.00010939944910100016, 'D_high': 160625.60954780428, 'fire_exp': 1.6214575867079866, 'P_half': 351.2704726270846, 'pre_dampen_half': 0.10609580257119508, 'gpp_af': 0.008983355849178878, 'gpp_b': 0.00012906175696809457, 'gpp_d': 2.292633983096564, 'ign_k': 0.567034633562729, 'ign_c': 3.0378658251922155, 'trop_agb_crit': 13.98132484257899, 'trop_k_veg': 1.128469461526162, 'fuel_k': 5.486054129200969, 'fuel_half': 8.115041565366717}.
[I 2026-08-14 14:22:16,285] Trial 699 finished with values: [-0.3554625854118624, 0.0] and parameters: {'k1': 0.05554169083020911, 'D_low': 4.043300846639722, 'k2': 1.263794633808287e-05, 'D_high': 316055.11434645514, 'fire_exp': 1.6214575867079866, 'P_half': 351.2704726270846, 'pre_dampen_half': 0.03411860497758073, 'gpp_af': 0.00219210598059826, 'gpp_b': 2.788681037423117, 'gpp_d': 3.0023172465753074, 'ign_k': 0.567034633562729, 'ign_c': 105.24574681335613, 'trop_agb_crit': 1.0917603465078451, 'trop_k_veg': 3.715819581962784, 'fuel_k': 1.772261104101594, 'fuel_half': 2.100333410321807}.
[I 2026-08-14 14:22:18,162] Trial 700 finished with values: [-0.4186667007811171, 0.000582349738400878] and parameters: {'k1': 0.0012329098365270509, 'D_low': 367.4904945305323, 'k2': 1.263794633808287e-05, 'D_high': 316055.11434645514, 'fire_exp': 1.182396148413737, 'P_half': 351.2704726270846, 'pre_dampen_half': 0.0195172246414495, 'gpp_af': 0.34902252478382495, 'gpp_b': 3.228689523591491e-05, 'gpp_d': 2.292633983096564, 'ign_k': 0.04380580767905655, 'ign_c': 105.24574681335613, 'trop_agb_crit': 2.1775224101934065, 'trop_k_veg': 0.8258248924958269, 'fuel_k': 0.06382243375381637, 'fuel_half': 0.14319038307687884}.
[I 2026-08-14 14:22:20,396] Trial 701 finished with values: [-0.422275917907441, 0.0021505492368593115] and parameters: {'k1': 1.0477226564098276e-05, 'D_low': 6.471392405728638, 'k2': 1.3243445838637965e-05, 'D_high': 16.752866684650684, 'fire_exp': 1.2465639280699068, 'P_half': 351.2704726270846, 'pre_dampen_half': 0.03333029838740256, 'gpp_af': 0.34902252478382495, 'gpp_b': 0.03103333227753725, 'gpp_d': 285.57196407381804, 'ign_k': 0.567034633562729, 'ign_c': 0.3296550135838091, 'trop_agb_crit': 2.1775224101934065, 'trop_k_veg': 1.128469461526162, 'fuel_k': 1.6630228777630973, 'fuel_half': 0.30455368715396786}.
[I 2026-08-14 14:22:23,047] Trial 702 finished with values: [-0.3554625854118624, 0.0] and parameters: {'k1': 0.05554169083020911, 'D_low': 3735.16768760467, 'k2': 0.07119679541167405, 'D_high': 44.39648242927527, 'fire_exp': 1.6214575867079866, 'P_half': 351.2704726270846, 'pre_dampen_half': 0.37306104754535907, 'gpp_af': 0.34902252478382495, 'gpp_b': 2.788681037423117, 'gpp_d': 2.292633983096564, 'ign_k': 0.04380580767905655, 'ign_c': 105.24574681335613, 'trop_agb_crit': 2.3118820898020997, 'trop_k_veg': 1.7428926895756525, 'fuel_k': 0.33626074223668484, 'fuel_half': 0.30455368715396786}.
