[I 2026-07-22 21:52:49,757] Trial 72 finished with values: [-0.35824516939323453, 0.12522101463303337] and parameters: {'k1': 0.052334804885400876, 'D_low': 4.043300846639722, 'k2': 2.1698375693549493e-05, 'D_high': 1693415.5410667954, 'fire_exp': 1.0689448798385355, 'P_half': 1938.3858782150498, 'pre_dampen_half': 33.97904243111269, 'gpp_af': 0.0025511964576171086, 'gpp_b': 3.228689523591491e-05, 'gpp_d': 302.3127748796295, 'ign_k': 0.018707420137660268, 'ign_c': 3.0378658251922155, 'trop_agb_crit': 15.870971677383487, 'trop_k_veg': 1.6340262437673856, 'fuel_k': 1.8731335591844647, 'fuel_half': 38.21129441691226}.
[I 2026-07-22 21:52:50,195] Trial 73 finished with values: [10.769230768737705, 10.769230768737705] and parameters: {'k1': 0.00013649087666416944, 'D_low': 150.83210025074274, 'k2': 0.0038341488164556755, 'D_high': 37811.09641794862, 'fire_exp': 1.7568552513978481, 'P_half': 9124.632886689908, 'pre_dampen_half': 10.687450020671585, 'gpp_af': 0.015350904103515228, 'gpp_b': 1.8375468962060835, 'gpp_d': 0.05811599743439243, 'ign_k': 0.008318314747941249, 'ign_c': 0.4392638796750216, 'trop_agb_crit': 1.886175574962432, 'trop_k_veg': 1.128469461526162, 'fuel_k': 0.030315034760496764, 'fuel_half': 49.011305842597835}.
[I 2026-07-22 21:52:50,615] Trial 74 finished with values: [10.769230768838547, 10.769230768838547] and parameters: {'k1': 0.0010319747789063166, 'D_low': 5.289337931949933, 'k2': 1.4363112408604443e-05, 'D_high': 625838.6687830309, 'fire_exp': 1.7777336228188028, 'P_half': 2.1234210963705626, 'pre_dampen_half': 0.024253030233078024, 'gpp_af': 40.21258599547602, 'gpp_b': 2.325239859823921e-05, 'gpp_d': 0.24231943110844456, 'ign_k': 1.6780508579130997, 'ign_c': 98.40989343758308, 'trop_agb_crit': 1.8730954962803803, 'trop_k_veg': 0.8934118487032162, 'fuel_k': 0.10696151252957647, 'fuel_half': 2.84163933350535}.
[I 2026-07-22 21:52:51,030] Trial 75 finished with values: [10.726058513561165, 10.726058513561165] and parameters: {'k1': 3.6595533391425955e-05, 'D_low': 15056.799083945913, 'k2': 0.000985079068311927, 'D_high': 1094.5857315547435, 'fire_exp': 2.4645237762603327, 'P_half': 126.69536563782302, 'pre_dampen_half': 42.056570728710675, 'gpp_af': 0.02298987619936072, 'gpp_b': 1.2892705405728861e-05, 'gpp_d': 372.8155624293852, 'ign_k': 0.00515399351160314, 'ign_c': 20.23326185206641, 'trop_agb_crit': 1.6580318731537693, 'trop_k_veg': 1.578436797869987, 'fuel_k': 0.017262921159278164, 'fuel_half': 30.847886273764168}.
[I 2026-07-22 21:52:51,451] Trial 76 finished with values: [10.769230768838547, 10.769230768838547] and parameters: {'k1': 1.7926680648388784e-05, 'D_low': 10748.712866171665, 'k2': 1.1990634114955788e-05, 'D_high': 42.135824057097246, 'fire_exp': 2.0812229867114214, 'P_half': 1.8256829646330843, 'pre_dampen_half': 63.26147292744763, 'gpp_af': 0.9510288748158536, 'gpp_b': 3.950466256493085e-05, 'gpp_d': 0.3770957946038097, 'ign_k': 0.024858393940748243, 'ign_c': 264.7194625525936, 'trop_agb_crit': 16.862640522400024, 'trop_k_veg': 1.5039265596561595, 'fuel_k': 0.02214708063365415, 'fuel_half': 15.581254655530845}.
[I 2026-07-22 21:52:51,868] Trial 77 finished with values: [10.769230768838547, 10.769230768838547] and parameters: {'k1': 3.8751982355100445e-05, 'D_low': 362681.79038790334, 'k2': 1.127217425995114e-05, 'D_high': 354.3776548426163, 'fire_exp': 1.6394009014957145, 'P_half': 8320.133621840185, 'pre_dampen_half': 2.9046276683520444, 'gpp_af': 0.8226361776146098, 'gpp_b': 0.06315461993576105, 'gpp_d': 0.15875524914818662, 'ign_k': 0.002011190979341457, 'ign_c': 2.329535895346768, 'trop_agb_crit': 1.5457499114893816, 'trop_k_veg': 0.7618668427217097, 'fuel_k': 0.024304286905830974, 'fuel_half': 0.6370755274604819}.
[I 2026-07-22 21:52:52,287] Trial 78 finished with values: [10.769230768838547, 10.769230768838547] and parameters: {'k1': 0.0001487958850779001, 'D_low': 238789.3267762958, 'k2': 0.000985079068311927, 'D_high': 32.587510576286036, 'fire_exp': 1.2098353172192753, 'P_half': 28.15630081597223, 'pre_dampen_half': 0.08075644182853793, 'gpp_af': 0.8226361776146098, 'gpp_b': 0.003377126304540961, 'gpp_d': 20.781977011630676, 'ign_k': 1.86111944625468, 'ign_c': 698.684759244565, 'trop_agb_crit': 1.6580318731537693, 'trop_k_veg': 1.578436797869987, 'fuel_k': 0.43644410574317105, 'fuel_half': 97.86395331218435}.
[I 2026-07-22 21:52:52,707] Trial 79 finished with values: [10.769230768838547, 10.769230768838547] and parameters: {'k1': 0.0029707920514735983, 'D_low': 282295.1182993734, 'k2': 0.014550993923603364, 'D_high': 2541.6076006960125, 'fire_exp': 1.0689448798385355, 'P_half': 6153.658035691652, 'pre_dampen_half': 33.97904243111269, 'gpp_af': 0.0025511964576171086, 'gpp_b': 0.010847560307977218, 'gpp_d': 11.409619915696265, 'ign_k': 0.001181519069025321, 'ign_c': 3.0378658251922155, 'trop_agb_crit': 23.815062574705927, 'trop_k_veg': 6.911478238001162, 'fuel_k': 5.486054129200971, 'fuel_half': 18.202647368248815}.
[I 2026-07-22 21:52:53,125] Trial 80 finished with values: [10.769204941308576, 10.769204941308576] and parameters: {'k1': 0.003419108473554454, 'D_low': 4.043300846639722, 'k2': 2.1698375693549493e-05, 'D_high': 160625.60954780428, 'fire_exp': 2.4645237762603327, 'P_half': 1938.3858782150498, 'pre_dampen_half': 0.07217660153019874, 'gpp_af': 0.03924302839842014, 'gpp_b': 1.2892705405728861e-05, 'gpp_d': 372.8155624293852, 'ign_k': 0.0029580419692843236, 'ign_c': 3.0378658251922155, 'trop_agb_crit': 2.539877620672643, 'trop_k_veg': 2.3241642204298145, 'fuel_k': 0.548050918645616, 'fuel_half': 18.202647368248815}.
[I 2026-07-22 21:52:53,543] Trial 81 finished with values: [10.764233586400687, 10.764233586400687] and parameters: {'k1': 0.002968335334246999, 'D_low': 19389.89852278267, 'k2': 0.004373100990516265, 'D_high': 107013.64911724928, 'fire_exp': 2.3987174696212126, 'P_half': 894.5150807271528, 'pre_dampen_half': 269.0845367054863, 'gpp_af': 1.1444682032324742, 'gpp_b': 0.0032930655419269924, 'gpp_d': 0.173242701549491, 'ign_k': 3.210808548911192, 'ign_c': 4.1108484350212295, 'trop_agb_crit': 1.5774541406529003, 'trop_k_veg': 0.6898193780989617, 'fuel_k': 0.013421538374693755, 'fuel_half': 0.13249100882689224}.
[I 2026-07-22 21:52:53,961] Trial 82 finished with values: [10.265667212005585, 10.265667212005585] and parameters: {'k1': 5.3397427849512415e-05, 'D_low': 4956.545863307493, 'k2': 0.038650368562597265, 'D_high': 6978.624673182437, 'fire_exp': 1.8435203341118644, 'P_half': 4.889669266916749, 'pre_dampen_half': 233.2883871089529, 'gpp_af': 0.0016008221370480654, 'gpp_b': 2.325239859823921e-05, 'gpp_d': 0.24714492403026278, 'ign_k': 0.005105542986365654, 'ign_c': 98.40989343758308, 'trop_agb_crit': 1.5072795582679794, 'trop_k_veg': 1.793919400078986, 'fuel_k': 0.03743055596010634, 'fuel_half': 2.84163933350535}.
[I 2026-07-22 21:52:54,441] Trial 83 finished with values: [10.769138872660406, 10.769138872660406] and parameters: {'k1': 5.325873749322162e-05, 'D_low': 35.26355664053754, 'k2': 0.002155595057104387, 'D_high': 2541.6076006960125, 'fire_exp': 1.5270406335749596, 'P_half': 8.547476176667196, 'pre_dampen_half': 0.01324353451676283, 'gpp_af': 0.02298987619936072, 'gpp_b': 0.010847560307977218, 'gpp_d': 372.8155624293852, 'ign_k': 0.001181519069025321, 'ign_c': 307.96093943652426, 'trop_agb_crit': 2.539877620672643, 'trop_k_veg': 2.3241642204298145, 'fuel_k': 0.6452742971240902, 'fuel_half': 58.54612336582593}.
[I 2026-07-22 21:52:54,931] Trial 84 finished with values: [10.769204615046682, 10.769204615046682] and parameters: {'k1': 0.05667112411430846, 'D_low': 102.19595065529477, 'k2': 1.844951990812239e-05, 'D_high': 279720.24228472734, 'fire_exp': 1.6928007222092407, 'P_half': 2329.781042267055, 'pre_dampen_half': 0.04998755363568286, 'gpp_af': 9.469707381426533, 'gpp_b': 8.129227514069975e-05, 'gpp_d': 0.3619181297408274, 'ign_k': 0.009861808369679786, 'ign_c': 181.25870836716206, 'trop_agb_crit': 19.28597237496244, 'trop_k_veg': 2.42764713875812, 'fuel_k': 1.312881567992459, 'fuel_half': 42.81555938400684}.
[I 2026-07-22 21:52:55,375] Trial 85 finished with values: [10.046532956752596, 10.046532956752596] and parameters: {'k1': 0.003242143344038315, 'D_low': 6220.638781359816, 'k2': 0.0034207303670092245, 'D_high': 580966.5602369158, 'fire_exp': 1.0862503061991866, 'P_half': 136.0956887810302, 'pre_dampen_half': 294.75617712568373, 'gpp_af': 0.008562341633595545, 'gpp_b': 1.7565109007473816e-05, 'gpp_d': 9.00460602264307, 'ign_k': 0.5131654955148324, 'ign_c': 0.11650681118986138, 'trop_agb_crit': 5.707205898008383, 'trop_k_veg': 0.9369104721775232, 'fuel_k': 1.312881567992459, 'fuel_half': 42.6871254378718}.
[I 2026-07-22 21:52:55,801] Trial 86 finished with values: [10.764122152230033, 10.764122152230033] and parameters: {'k1': 0.028340904295147747, 'D_low': 6220.638781359816, 'k2': 0.0034207303670092245, 'D_high': 16392.60991832772, 'fire_exp': 1.0862503061991866, 'P_half': 19.986340778528874, 'pre_dampen_half': 0.4016986062226068, 'gpp_af': 1.540945776288155, 'gpp_b': 2.1051180519608694, 'gpp_d': 2.2965432344634333, 'ign_k': 0.5131654955148324, 'ign_c': 0.11650681118986138, 'trop_agb_crit': 13.297554090738672, 'trop_k_veg': 0.9369104721775232, 'fuel_k': 0.011457494049098885, 'fuel_half': 3.0296104428212485}.
[I 2026-07-22 21:52:56,233] Trial 87 finished with values: [10.768889103642087, 10.768889103642087] and parameters: {'k1': 0.052334804885400876, 'D_low': 70586.60227368641, 'k2': 0.0011101191524846067, 'D_high': 1693415.5410667954, 'fire_exp': 2.088398022232781, 'P_half': 5.575453980775371, 'pre_dampen_half': 32.34702813589569, 'gpp_af': 9.527157550070955, 'gpp_b': 2.1879230865774315, 'gpp_d': 302.3127748796295, 'ign_k': 0.03179302199939539, 'ign_c': 0.23764449553865352, 'trop_agb_crit': 2.171140223187998, 'trop_k_veg': 1.6340262437673856, 'fuel_k': 1.8731335591844647, 'fuel_half': 4.245549454254903}.
[I 2026-07-22 21:52:56,664] Trial 88 finished with values: [10.769230768838547, 10.769230768838547] and parameters: {'k1': 3.6595533391425955e-05, 'D_low': 11.437258028094242, 'k2': 2.5299503921303695e-05, 'D_high': 3262.5163516684925, 'fire_exp': 1.0903919400451174, 'P_half': 539.5442811888478, 'pre_dampen_half': 0.022695682239207024, 'gpp_af': 1.4498445474033743, 'gpp_b': 1.1983032564333187e-05, 'gpp_d': 20.781977011630676, 'ign_k': 3.153600608518474, 'ign_c': 698.684759244565, 'trop_agb_crit': 1.4946647023314867, 'trop_k_veg': 3.4508425771776365, 'fuel_k': 0.5588539902953052, 'fuel_half': 97.86395331218435}.
[I 2026-07-22 21:52:57,117] Trial 89 finished with values: [10.768562987842968, 10.768562987842968] and parameters: {'k1': 0.0013054148118849399, 'D_low': 85.60024220272012, 'k2': 0.0034207303670092245, 'D_high': 922.5376791737639, 'fire_exp': 1.1159844513896044, 'P_half': 3648.4560830477985, 'pre_dampen_half': 0.4016986062226068, 'gpp_af': 49.58364991402757, 'gpp_b': 0.5432846462741858, 'gpp_d': 9.00460602264307, 'ign_k': 0.5131654955148324, 'ign_c': 14.074279366401672, 'trop_agb_crit': 7.359282739093333, 'trop_k_veg': 3.9497405715830105, 'fuel_k': 0.15820328899546293, 'fuel_half': 0.3335026483569958}.
[I 2026-07-22 21:52:57,540] Trial 90 finished with values: [10.769230768838547, 10.769230768838547] and parameters: {'k1': 0.0012329098365270509, 'D_low': 19389.89852278267, 'k2': 0.004373100990516265, 'D_high': 44.39648242927527, 'fire_exp': 2.3987174696212126, 'P_half': 894.5150807271528, 'pre_dampen_half': 0.37306104754535907, 'gpp_af': 0.349022524783825, 'gpp_b': 2.7886810374231183, 'gpp_d': 0.17638479543546873, 'ign_k': 0.04380580767905655, 'ign_c': 107.49405395173397, 'trop_agb_crit': 1.0501731925367062, 'trop_k_veg': 0.6898193780989617, 'fuel_k': 0.06382243375381637, 'fuel_half': 0.30455368715396786}.
[I 2026-07-22 21:52:57,967] Trial 91 finished with values: [10.764211156695021, 10.764211156695021] and parameters: {'k1': 0.052334804885400876, 'D_low': 3.169598846855015, 'k2': 0.0034167643418329683, 'D_high': 1693415.5410667954, 'fire_exp': 2.088398022232781, 'P_half': 4221.021267871046, 'pre_dampen_half': 290.26521418263894, 'gpp_af': 0.49740621749684094, 'gpp_b': 0.6992636148959314, 'gpp_d': 302.3127748796295, 'ign_k': 0.018707420137660268, 'ign_c': 0.2755546207779662, 'trop_agb_crit': 2.171140223187998, 'trop_k_veg': 1.6340262437673856, 'fuel_k': 1.1820218758583807, 'fuel_half': 38.21129441691226}.
[I 2026-07-22 21:52:58,417] Trial 92 finished with values: [10.769230768838547, 10.769230768838547] and parameters: {'k1': 0.000132965214572995, 'D_low': 1803.7506431281838, 'k2': 0.038650368562597265, 'D_high': 6978.624673182437, 'fire_exp': 1.0706972415344522, 'P_half': 4.889669266916749, 'pre_dampen_half': 0.09150505661171647, 'gpp_af': 0.009853225172032555, 'gpp_b': 0.00010318352929732131, 'gpp_d': 0.24714492403026278, 'ign_k': 0.6720930050156115, 'ign_c': 82.41925264876441, 'trop_agb_crit': 1.5072795582679794, 'trop_k_veg': 0.6139438440498544, 'fuel_k': 0.03743055596010634, 'fuel_half': 1.2382535539666997}.
[I 2026-07-22 21:52:58,914] Trial 93 finished with values: [10.769230767150068, 10.769230767150068] and parameters: {'k1': 0.0001487958850779001, 'D_low': 238789.3267762958, 'k2': 1.127217425995114e-05, 'D_high': 24.063018320720932, 'fire_exp': 1.2098353172192753, 'P_half': 19.986340778528874, 'pre_dampen_half': 44.466289554754454, 'gpp_af': 0.8226361776146098, 'gpp_b': 2.1051180519608694, 'gpp_d': 290.6421218005383, 'ign_k': 0.003008686821445843, 'ign_c': 2.329535895346768, 'trop_agb_crit': 2.4165727141234647, 'trop_k_veg': 2.3703642788018935, 'fuel_k': 1.3863198285285168, 'fuel_half': 3.0296104428212485}.
  trial   94/1500  pareto_size=3  best_taylor=0.5627  best_ilamb=0.5291  (0.7 min)
[I 2026-07-22 21:52:59,442] Trial 94 finished with values: [10.593947538468447, 10.593947538468447] and parameters: {'k1': 0.00016480446427978953, 'D_low': 1407.7923139972395, 'k2': 0.01567230746060024, 'D_high': 558.9524205217922, 'fire_exp': 1.0482996836046896, 'P_half': 13.019246714361572, 'pre_dampen_half': 347.79988160923324, 'gpp_af': 0.06789053271698488, 'gpp_b': 0.0054502936945582505, 'gpp_d': 2.8006820077310226, 'ign_k': 0.006290644294586149, 'ign_c': 11.40086370112731, 'trop_agb_crit': 29.789943908227905, 'trop_k_veg': 4.130963924640279, 'fuel_k': 0.48736180483849406, 'fuel_half': 0.32476735706274484}.
[I 2026-07-22 21:52:59,921] Trial 95 finished with values: [10.769230768838547, 10.769230768838547] and parameters: {'k1': 2.5852079056761296e-05, 'D_low': 260206.07998030365, 'k2': 0.0010495653625093638, 'D_high': 909378.7396959377, 'fire_exp': 1.3407893171095366, 'P_half': 25.284086172415588, 'pre_dampen_half': 68.5395809221937, 'gpp_af': 0.0011328913410639256, 'gpp_b': 2.705776113447921, 'gpp_d': 0.028604435659156362, 'ign_k': 0.018934530915191535, 'ign_c': 631.3175583634927, 'trop_agb_crit': 25.360745838025757, 'trop_k_veg': 2.4516474838484386, 'fuel_k': 0.5692975843713446, 'fuel_half': 2.2148104601284695}.
[I 2026-07-22 21:53:00,380] Trial 96 finished with values: [11.30039544589814, 11.30039544589814] and parameters: {'k1': 1.8205657658407255e-05, 'D_low': 13.25142220631392, 'k2': 0.0001971137615017176, 'D_high': 708572.1663941594, 'fire_exp': 1.3219590610242518, 'P_half': 2.458603276328005, 'pre_dampen_half': 26.373339933815235, 'gpp_af': 0.15876781526923997, 'gpp_b': 0.0005392415140872105, 'gpp_d': 8.057329182285729, 'ign_k': 0.0013726318898045872, 'ign_c': 8.405439129313676, 'trop_agb_crit': 6.119263728555865, 'trop_k_veg': 0.5772603928610088, 'fuel_k': 0.08612665817296865, 'fuel_half': 0.253071961271088}.
[I 2026-07-22 21:53:00,806] Trial 97 finished with values: [10.769230768838547, 10.769230768838547] and parameters: {'k1': 5.325873749322162e-05, 'D_low': 282295.1182993734, 'k2': 0.0755681014127443, 'D_high': 2541.6076006960125, 'fire_exp': 2.3651801035395126, 'P_half': 6153.658035691652, 'pre_dampen_half': 1.0224794024845183, 'gpp_af': 40.67908494359547, 'gpp_b': 0.010847560307977218, 'gpp_d': 0.09548041810464164, 'ign_k': 0.001181519069025321, 'ign_c': 2.0013420622879967, 'trop_agb_crit': 23.815062574705927, 'trop_k_veg': 1.0609790190334525, 'fuel_k': 0.8617898156534981, 'fuel_half': 58.54612336582593}.
[I 2026-07-22 21:53:01,229] Trial 98 finished with values: [10.769177298527838, 10.769177298527838] and parameters: {'k1': 0.0031375859487281395, 'D_low': 286.06841726052676, 'k2': 0.0016150602315370215, 'D_high': 4137.7016715719255, 'fire_exp': 1.3097237620624782, 'P_half': 6220.327170121322, 'pre_dampen_half': 65.77017096798056, 'gpp_af': 0.005018406982902927, 'gpp_b': 1.6248297243910514, 'gpp_d': 2.7362513651284632, 'ign_k': 3.7862466978704616, 'ign_c': 8.308114652888387, 'trop_agb_crit': 4.247094312974337, 'trop_k_veg': 0.5321398066473183, 'fuel_k': 0.05577330003793969, 'fuel_half': 4.216019821013409}.
[I 2026-07-22 21:53:01,701] Trial 99 finished with values: [10.769230768838547, 10.769230768838547] and parameters: {'k1': 2.0937989739527727e-05, 'D_low': 1403.0344584930538, 'k2': 0.0004381141781653137, 'D_high': 66.8537333582894, 'fire_exp': 1.3668597238529023, 'P_half': 39.03214299767183, 'pre_dampen_half': 420.2116526335304, 'gpp_af': 21.25864743764987, 'gpp_b': 0.0003528984625415794, 'gpp_d': 0.19476644406315285, 'ign_k': 1.8573288333114872, 'ign_c': 47.268615251255675, 'trop_agb_crit': 23.59397023337466, 'trop_k_veg': 2.3408809609838257, 'fuel_k': 0.01814068034742312, 'fuel_half': 49.16400722913764}.
[I 2026-07-22 21:53:02,158] Trial 100 finished with values: [10.768091011273587, 10.768091011273587] and parameters: {'k1': 2.0937989739527727e-05, 'D_low': 35.26355664053754, 'k2': 0.0004381141781653137, 'D_high': 58214.71549214832, 'fire_exp': 2.4645237762603327, 'P_half': 39.03214299767183, 'pre_dampen_half': 0.07217660153019874, 'gpp_af': 21.25864743764987, 'gpp_b': 1.2892705405728861e-05, 'gpp_d': 372.8155624293852, 'ign_k': 0.0048255892187380085, 'ign_c': 47.268615251255675, 'trop_agb_crit': 23.59397023337466, 'trop_k_veg': 2.3408809609838257, 'fuel_k': 0.6452742971240902, 'fuel_half': 41.78605220965295}.
[I 2026-07-22 21:53:02,598] Trial 101 finished with values: [10.769230768838547, 10.769230768838547] and parameters: {'k1': 2.5852079056761296e-05, 'D_low': 260206.07998030365, 'k2': 0.08636422432723093, 'D_high': 316055.11434645456, 'fire_exp': 1.3407893171095366, 'P_half': 3820.259936390117, 'pre_dampen_half': 0.10609580257119508, 'gpp_af': 0.0011328913410639256, 'gpp_b': 1.6569065206637924e-05, 'gpp_d': 2.2926339830965645, 'ign_k': 0.18170401889219115, 'ign_c': 631.3175583634927, 'trop_agb_crit': 13.98132484257899, 'trop_k_veg': 1.7570501127699656, 'fuel_k': 0.5692975843713446, 'fuel_half': 2.1003334103218068}.
[I 2026-07-22 21:53:03,027] Trial 102 finished with values: [10.769230656956967, 10.769230656956967] and parameters: {'k1': 0.00014001191914113747, 'D_low': 3507.515213502105, 'k2': 1.3243445838637965e-05, 'D_high': 16.752866684650684, 'fire_exp': 2.1249351191954107, 'P_half': 27.59069025439785, 'pre_dampen_half': 0.043181981126981975, 'gpp_af': 6.940121430516972, 'gpp_b': 0.4168322557207809, 'gpp_d': 0.11997897226934479, 'ign_k': 0.31014294272127435, 'ign_c': 0.21947742689197342, 'trop_agb_crit': 1.1921754348704765, 'trop_k_veg': 2.1816482703680733, 'fuel_k': 0.31766263870651756, 'fuel_half': 8.17127270071559}.
[I 2026-07-22 21:53:03,449] Trial 103 finished with values: [10.768524767015572, 10.768524767015572] and parameters: {'k1': 0.0004688858519834985, 'D_low': 247.75146043208053, 'k2': 1.6559474674046002e-05, 'D_high': 1026.0852623190942, 'fire_exp': 1.4750777427176416, 'P_half': 48.464976792190825, 'pre_dampen_half': 0.03597389076048619, 'gpp_af': 0.09791370130598968, 'gpp_b': 0.016763844265536048, 'gpp_d': 2.2044650100999164, 'ign_k': 0.024287565087611766, 'ign_c': 2.4423775964038934, 'trop_agb_crit': 12.285102065067687, 'trop_k_veg': 3.024803048559367, 'fuel_k': 0.04207132303652083, 'fuel_half': 5.624789772977319}.
[I 2026-07-22 21:53:03,874] Trial 104 finished with values: [10.723595020261696, 10.723595020261696] and parameters: {'k1': 0.0029707920514735983, 'D_low': 4.043300846639722, 'k2': 2.1698375693549493e-05, 'D_high': 160625.60954780428, 'fire_exp': 1.9656831165940098, 'P_half': 3910.3637457741784, 'pre_dampen_half': 33.97904243111269, 'gpp_af': 0.008983355849178878, 'gpp_b': 1.6569065206637924e-05, 'gpp_d': 2.2926339830965645, 'ign_k': 0.18170401889219115, 'ign_c': 0.1831616544393274, 'trop_agb_crit': 13.98132484257899, 'trop_k_veg': 1.7570501127699656, 'fuel_k': 0.046063721952885314, 'fuel_half': 18.202647368248815}.
[I 2026-07-22 21:53:04,329] Trial 105 finished with values: [10.769230768838547, 10.769230768838547] and parameters: {'k1': 9.969469187531805e-05, 'D_low': 864.0717009254879, 'k2': 7.67074891445376e-05, 'D_high': 8433503.858791472, 'fire_exp': 2.3175855380945642, 'P_half': 3.525936800597896, 'pre_dampen_half': 563.8801013171918, 'gpp_af': 42.29037995744429, 'gpp_b': 4.600919967107135e-05, 'gpp_d': 6.91394869865762, 'ign_k': 3.1030112026960968, 'ign_c': 84.89840783024053, 'trop_agb_crit': 10.719494362768906, 'trop_k_veg': 1.140286245977296, 'fuel_k': 0.838009618357212, 'fuel_half': 35.28474268656372}.
[I 2026-07-22 21:53:04,772] Trial 106 finished with values: [10.769230761847888, 10.769230761847888] and parameters: {'k1': 6.069662445477729e-05, 'D_low': 2.607160725470918, 'k2': 2.5299503921303695e-05, 'D_high': 12.862664853393753, 'fire_exp': 1.3839434497638388, 'P_half': 539.5442811888478, 'pre_dampen_half': 0.022695682239207024, 'gpp_af': 0.03934396739328546, 'gpp_b': 1.172875368591911, 'gpp_d': 0.01307253094873642, 'ign_k': 1.810814362107967, 'ign_c': 1.3409701145872435, 'trop_agb_crit': 1.4946647023314867, 'trop_k_veg': 3.4508425771776365, 'fuel_k': 0.5588539902953052, 'fuel_half': 42.89592532297351}.
