[I 2026-06-09 12:12:04,598] Trial 546 finished with values: [11.432558235469958, 11.432558235469958] and parameters: {'k1': 0.05832560268546887, 'D_low': 1.533916259116362, 'k2': 0.0005700142105246941, 'D_high': 69868.4759244566, 'fire_exp': 1.060109541566103, 'P_half': 64.52946500764233, 'pre_dampen_half': 340.6909167027263, 'gpp_af': 5.244830565633045, 'gpp_b': 0.00977702299083608, 'gpp_d': 26.003623362924223, 'ign_k': 0.0018548376790967168, 'ign_c': 1.0022396791143333, 'trop_agb_crit': 2.0420012944047587, 'trop_k_veg': 3.6260119779455584}.
[I 2026-06-09 12:12:05,936] Trial 547 finished with values: [10.431310010600072, 10.431310010600072] and parameters: {'k1': 6.404854675916172e-05, 'D_low': 10.16551026641873, 'k2': 4.540076719227351e-05, 'D_high': 14268.845807630427, 'fire_exp': 1.14171776851287, 'P_half': 1.8942844905792813, 'pre_dampen_half': 11.164047352793695, 'gpp_af': 0.32613327839065587, 'gpp_b': 0.002262927522655115, 'gpp_d': 26.003623362924223, 'ign_k': 0.33592388193960354, 'ign_c': 0.21234210963705627, 'trop_agb_crit': 2.679156169946616, 'trop_k_veg': 0.6618107836658104}.
[I 2026-06-09 12:12:07,185] Trial 548 finished with values: [-0.5221015902893739, 0.245103550781971] and parameters: {'k1': 5.105542986365652e-05, 'D_low': 125.32726386250698, 'k2': 8.488887549001697e-05, 'D_high': 39655.03094323017, 'fire_exp': 1.608176525358426, 'P_half': 28.647019533509873, 'pre_dampen_half': 673.2248920775328, 'gpp_af': 21.258647437649888, 'gpp_b': 1.7213644875359617e-05, 'gpp_d': 500.2195003344709, 'ign_k': 0.3242143344038317, 'ign_c': 18.43395662181926, 'trop_agb_crit': 1.5144860262751405, 'trop_k_veg': 4.8737397608275925}.
[I 2026-06-09 12:12:08,398] Trial 549 finished with values: [10.340388252938597, 10.340388252938597] and parameters: {'k1': 0.01549659926581634, 'D_low': 1.2164034504723769, 'k2': 0.037633129263701104, 'D_high': 8559.572793311818, 'fire_exp': 1.353841071397002, 'P_half': 149.35213816355395, 'pre_dampen_half': 566.2858823465564, 'gpp_af': 5.244830565633045, 'gpp_b': 0.002262927522655115, 'gpp_d': 0.0735311909944862, 'ign_k': 0.3242143344038317, 'ign_c': 0.9083381663660584, 'trop_agb_crit': 19.51558406059598, 'trop_k_veg': 1.8981057964668895}.
[I 2026-06-09 12:12:09,545] Trial 550 finished with values: [10.892857142659844, 10.892857142659844] and parameters: {'k1': 6.404854675916172e-05, 'D_low': 125.32726386250698, 'k2': 8.488887549001697e-05, 'D_high': 20.59802236544963, 'fire_exp': 5.197864628432944, 'P_half': 4326.433997492859, 'pre_dampen_half': 673.2248920775328, 'gpp_af': 1.3218737536384089, 'gpp_b': 0.002262927522655115, 'gpp_d': 1.5988721385117124, 'ign_k': 0.005232779509048981, 'ign_c': 0.21234210963705627, 'trop_agb_crit': 2.064341235744835, 'trop_k_veg': 0.9660523662864217}.
[I 2026-06-09 12:12:10,663] Trial 551 finished with values: [10.297073279711782, 10.297073279711782] and parameters: {'k1': 0.015161591075671724, 'D_low': 102.53722513378383, 'k2': 0.0005700142105246941, 'D_high': 39655.03094323017, 'fire_exp': 1.14171776851287, 'P_half': 50.32059347286801, 'pre_dampen_half': 340.6909167027263, 'gpp_af': 1.3218737536384089, 'gpp_b': 0.050107402158164165, 'gpp_d': 26.003623362924223, 'ign_k': 0.0019264360371306567, 'ign_c': 1.887567630782227, 'trop_agb_crit': 2.6695352180079177, 'trop_k_veg': 1.8981057964668895}.
[I 2026-06-09 12:12:11,803] Trial 552 finished with values: [10.738945534072805, 10.738945534072805] and parameters: {'k1': 6.404854675916172e-05, 'D_low': 1.533916259116362, 'k2': 0.002148652800991412, 'D_high': 14268.845807630427, 'fire_exp': 1.060109541566103, 'P_half': 149.35213816355395, 'pre_dampen_half': 673.2248920775328, 'gpp_af': 0.32613327839065587, 'gpp_b': 2.036444166653217e-05, 'gpp_d': 0.2473046721099913, 'ign_k': 0.32478918389192313, 'ign_c': 0.21234210963705627, 'trop_agb_crit': 19.51558406059598, 'trop_k_veg': 4.51930447316402}.
[I 2026-06-09 12:12:13,013] Trial 553 finished with values: [12.455466296855617, 12.455466296855617] and parameters: {'k1': 0.007519407491506672, 'D_low': 1.254144753902608, 'k2': 0.07683876502998062, 'D_high': 14268.845807630427, 'fire_exp': 1.14171776851287, 'P_half': 1.8942844905792813, 'pre_dampen_half': 673.2248920775328, 'gpp_af': 0.5107061330406066, 'gpp_b': 0.0028993292583566945, 'gpp_d': 1.6983565276584263, 'ign_k': 3.4288109438625263, 'ign_c': 0.9083381663660584, 'trop_agb_crit': 1.259515631748535, 'trop_k_veg': 1.1517712915946832}.
[I 2026-06-09 12:12:14,275] Trial 554 finished with values: [10.507254081944222, 10.507254081944222] and parameters: {'k1': 6.404854675916172e-05, 'D_low': 1593.4806585556198, 'k2': 0.06994589881535453, 'D_high': 26.198194454351665, 'fire_exp': 1.060109541566103, 'P_half': 5.29551022369202, 'pre_dampen_half': 340.6909167027263, 'gpp_af': 18.703611234549903, 'gpp_b': 1.7213644875359617e-05, 'gpp_d': 26.003623362924223, 'ign_k': 3.4288109438625263, 'ign_c': 0.21234210963705627, 'trop_agb_crit': 19.51558406059598, 'trop_k_veg': 1.0540721475196824}.
[I 2026-06-09 12:12:15,421] Trial 555 finished with values: [10.467011338352828, 10.467011338352828] and parameters: {'k1': 0.015161591075671724, 'D_low': 93.13467980132747, 'k2': 1.5412172709801895e-05, 'D_high': 39655.03094323017, 'fire_exp': 1.1615865989246452, 'P_half': 9.748197009262512, 'pre_dampen_half': 340.6909167027263, 'gpp_af': 5.244830565633045, 'gpp_b': 0.0006724850206557243, 'gpp_d': 1.2434469102435366, 'ign_k': 3.1536006085184716, 'ign_c': 0.20319809838424974, 'trop_agb_crit': 2.6695352180079177, 'trop_k_veg': 3.6260119779455584}.
[I 2026-06-09 12:12:16,601] Trial 556 finished with values: [10.403957675364602, 10.403957675364602] and parameters: {'k1': 0.0004846497679219079, 'D_low': 3040.8822605588985, 'k2': 0.0009749762207436118, 'D_high': 41821.78526757458, 'fire_exp': 1.3340920378182823, 'P_half': 1.8942844905792813, 'pre_dampen_half': 345.01054536130147, 'gpp_af': 4.874291611803563, 'gpp_b': 3.686869490609954e-05, 'gpp_d': 0.0735311909944862, 'ign_k': 0.0019264360371306567, 'ign_c': 4.341568011961653, 'trop_agb_crit': 1.6369193980425034, 'trop_k_veg': 3.6260119779455584}.
[I 2026-06-09 12:12:17,737] Trial 557 finished with values: [10.197136278110966, 10.197136278110966] and parameters: {'k1': 5.105542986365652e-05, 'D_low': 35.02761367842313, 'k2': 8.488887549001697e-05, 'D_high': 604.2560675552674, 'fire_exp': 1.14171776851287, 'P_half': 28.647019533509873, 'pre_dampen_half': 673.2248920775328, 'gpp_af': 0.13767835510755025, 'gpp_b': 3.686869490609954e-05, 'gpp_d': 500.2195003344709, 'ign_k': 0.3242143344038317, 'ign_c': 18.43395662181926, 'trop_agb_crit': 1.5144860262751405, 'trop_k_veg': 4.51930447316402}.
[I 2026-06-09 12:12:18,870] Trial 558 finished with values: [10.283285705869503, 10.283285705869503] and parameters: {'k1': 0.05832560268546887, 'D_low': 12.115155843077673, 'k2': 0.0005700142105246941, 'D_high': 14268.845807630427, 'fire_exp': 1.4848387260494937, 'P_half': 64.52946500764233, 'pre_dampen_half': 673.2248920775328, 'gpp_af': 5.244830565633045, 'gpp_b': 5.0279186721731925e-05, 'gpp_d': 0.0735311909944862, 'ign_k': 0.0018548376790967168, 'ign_c': 1.0022396791143333, 'trop_agb_crit': 2.0420012944047587, 'trop_k_veg': 4.51930447316402}.
[I 2026-06-09 12:12:20,153] Trial 559 finished with values: [11.29673220158367, 11.29673220158367] and parameters: {'k1': 2.0937989739527727e-05, 'D_low': 1.533916259116362, 'k2': 8.488887549001697e-05, 'D_high': 39655.03094323017, 'fire_exp': 1.2943117749495199, 'P_half': 1.8942844905792813, 'pre_dampen_half': 673.2248920775328, 'gpp_af': 1.3218737536384089, 'gpp_b': 0.002262927522655115, 'gpp_d': 500.2195003344709, 'ign_k': 0.3242143344038317, 'ign_c': 2.1858605829601814, 'trop_agb_crit': 2.6695352180079177, 'trop_k_veg': 0.6618107836658104}.
[I 2026-06-09 12:12:21,402] Trial 560 finished with values: [10.789001221904325, 10.789001221904325] and parameters: {'k1': 0.007519407491506672, 'D_low': 35.02761367842313, 'k2': 1.5412172709801895e-05, 'D_high': 69868.4759244566, 'fire_exp': 3.272030580361712, 'P_half': 1.4045842344024697, 'pre_dampen_half': 673.2248920775328, 'gpp_af': 0.5107061330406066, 'gpp_b': 0.0028993292583566945, 'gpp_d': 26.003623362924223, 'ign_k': 0.0019264360371306567, 'ign_c': 1.887567630782227, 'trop_agb_crit': 1.259515631748535, 'trop_k_veg': 1.1517712915946832}.
[I 2026-06-09 12:12:22,540] Trial 561 finished with values: [10.774394324083431, 10.774394324083431] and parameters: {'k1': 0.00027348497877392004, 'D_low': 2.2636544662054536, 'k2': 4.540076719227351e-05, 'D_high': 14268.845807630427, 'fire_exp': 2.4204227225778934, 'P_half': 108.21382910613987, 'pre_dampen_half': 340.6909167027263, 'gpp_af': 5.244830565633045, 'gpp_b': 0.002262927522655115, 'gpp_d': 1.5988721385117124, 'ign_k': 1.3163809252272205, 'ign_c': 1.0022396791143333, 'trop_agb_crit': 1.6059119829430093, 'trop_k_veg': 1.1984430479717227}.
[I 2026-06-09 12:12:23,659] Trial 562 finished with values: [10.175141866067658, 10.175141866067658] and parameters: {'k1': 5.105542986365652e-05, 'D_low': 125.32726386250698, 'k2': 0.0005700142105246941, 'D_high': 3512.7047262708465, 'fire_exp': 1.060109541566103, 'P_half': 818.2111518618419, 'pre_dampen_half': 673.2248920775328, 'gpp_af': 0.0018077112775902943, 'gpp_b': 2.036444166653217e-05, 'gpp_d': 9.220495435298796, 'ign_k': 0.3242143344038317, 'ign_c': 1.0022396791143333, 'trop_agb_crit': 8.404607864475192, 'trop_k_veg': 4.8737397608275925}.
[I 2026-06-09 12:12:24,994] Trial 563 finished with values: [10.487125856571032, 10.487125856571032] and parameters: {'k1': 6.404854675916172e-05, 'D_low': 1.254144753902608, 'k2': 4.540076719227351e-05, 'D_high': 14268.845807630427, 'fire_exp': 1.14171776851287, 'P_half': 4.509158385973332, 'pre_dampen_half': 11.164047352793695, 'gpp_af': 0.0012900833126964447, 'gpp_b': 2.036444166653217e-05, 'gpp_d': 26.003623362924223, 'ign_k': 3.4288109438625263, 'ign_c': 0.9083381663660584, 'trop_agb_crit': 2.679156169946616, 'trop_k_veg': 0.6618107836658104}.
[I 2026-06-09 12:12:26,134] Trial 564 finished with values: [10.489705707184278, 10.489705707184278] and parameters: {'k1': 0.0630731811849173, 'D_low': 12.115155843077673, 'k2': 4.540076719227351e-05, 'D_high': 26.198194454351665, 'fire_exp': 2.10707132280748, 'P_half': 108.21382910613987, 'pre_dampen_half': 340.6909167027263, 'gpp_af': 1.3218737536384089, 'gpp_b': 2.036444166653217e-05, 'gpp_d': 1.2434469102435366, 'ign_k': 3.1536006085184716, 'ign_c': 1.8836925134820866, 'trop_agb_crit': 19.51558406059598, 'trop_k_veg': 1.8981057964668895}.
[I 2026-06-09 12:12:27,461] Trial 565 finished with values: [10.417632595671485, 10.417632595671485] and parameters: {'k1': 6.404854675916172e-05, 'D_low': 12.115155843077673, 'k2': 0.0021314828404757746, 'D_high': 18125.870836716233, 'fire_exp': 1.608176525358426, 'P_half': 64.52946500764233, 'pre_dampen_half': 269.0845367054866, 'gpp_af': 5.244830565633045, 'gpp_b': 0.002262927522655115, 'gpp_d': 99.3234953243749, 'ign_k': 0.3242143344038317, 'ign_c': 1.0022396791143333, 'trop_agb_crit': 2.0420012944047587, 'trop_k_veg': 3.6260119779455584}.
[I 2026-06-09 12:12:28,732] Trial 566 finished with values: [10.27752708076594, 10.27752708076594] and parameters: {'k1': 0.0030219760889797966, 'D_low': 36.67128654092897, 'k2': 0.06994589881535453, 'D_high': 18125.870836716233, 'fire_exp': 1.4848387260494937, 'P_half': 108.21382910613987, 'pre_dampen_half': 340.6909167027263, 'gpp_af': 5.244830565633045, 'gpp_b': 0.002262927522655115, 'gpp_d': 1.5988721385117124, 'ign_k': 0.4303356629825978, 'ign_c': 0.21234210963705627, 'trop_agb_crit': 19.51558406059598, 'trop_k_veg': 4.51930447316402}.
[I 2026-06-09 12:12:29,865] Trial 567 finished with values: [10.323800746915806, 10.323800746915806] and parameters: {'k1': 0.0030219760889797966, 'D_low': 102.53722513378383, 'k2': 4.540076719227351e-05, 'D_high': 14268.845807630427, 'fire_exp': 1.608176525358426, 'P_half': 45.55085098454082, 'pre_dampen_half': 703.1720691067119, 'gpp_af': 1.3218737536384089, 'gpp_b': 0.002262927522655115, 'gpp_d': 99.3234953243749, 'ign_k': 0.0019264360371306567, 'ign_c': 1.8836925134820866, 'trop_agb_crit': 1.3063813396521713, 'trop_k_veg': 1.1984430479717227}.
[I 2026-06-09 12:12:30,975] Trial 568 finished with values: [10.261083532624419, 10.261083532624419] and parameters: {'k1': 6.404854675916172e-05, 'D_low': 35.02761367842313, 'k2': 0.0009749762207436118, 'D_high': 18125.870836716233, 'fire_exp': 1.4848387260494937, 'P_half': 10.777889602079263, 'pre_dampen_half': 340.6909167027263, 'gpp_af': 5.244830565633045, 'gpp_b': 3.686869490609954e-05, 'gpp_d': 1.5988721385117124, 'ign_k': 0.0019264360371306567, 'ign_c': 55.24095129928624, 'trop_agb_crit': 19.51558406059598, 'trop_k_veg': 4.51930447316402}.
[I 2026-06-09 12:12:32,111] Trial 569 finished with values: [10.959670030216948, 10.959670030216948] and parameters: {'k1': 5.105542986365652e-05, 'D_low': 12.115155843077673, 'k2': 0.06994589881535453, 'D_high': 18125.870836716233, 'fire_exp': 1.608176525358426, 'P_half': 108.21382910613987, 'pre_dampen_half': 673.2248920775328, 'gpp_af': 1.3218737536384089, 'gpp_b': 1.7213644875359617e-05, 'gpp_d': 26.003623362924223, 'ign_k': 0.4303356629825978, 'ign_c': 1.887567630782227, 'trop_agb_crit': 19.51558406059598, 'trop_k_veg': 4.51930447316402}.
[I 2026-06-09 12:12:33,260] Trial 570 finished with values: [10.556515155011887, 10.556515155011887] and parameters: {'k1': 6.404854675916172e-05, 'D_low': 1.2164034504723769, 'k2': 0.06994589881535453, 'D_high': 18125.870836716233, 'fire_exp': 1.608176525358426, 'P_half': 17.655835392092534, 'pre_dampen_half': 340.6909167027263, 'gpp_af': 5.244830565633045, 'gpp_b': 0.002262927522655115, 'gpp_d': 0.0735311909944862, 'ign_k': 0.3242143344038317, 'ign_c': 0.9083381663660584, 'trop_agb_crit': 6.475515989686909, 'trop_k_veg': 1.1984430479717227}.
[I 2026-06-09 12:12:34,515] Trial 571 finished with values: [10.951530987944835, 10.951530987944835] and parameters: {'k1': 6.404854675916172e-05, 'D_low': 12.115155843077673, 'k2': 4.540076719227351e-05, 'D_high': 18125.870836716233, 'fire_exp': 1.14171776851287, 'P_half': 1.8942844905792813, 'pre_dampen_half': 269.0845367054866, 'gpp_af': 1.3218737536384089, 'gpp_b': 0.002262927522655115, 'gpp_d': 26.003623362924223, 'ign_k': 3.4288109438625263, 'ign_c': 0.21234210963705627, 'trop_agb_crit': 19.51558406059598, 'trop_k_veg': 4.51930447316402}.
[I 2026-06-09 12:12:35,750] Trial 572 finished with values: [-0.507197231333731, 0.26366977035625794] and parameters: {'k1': 6.404854675916172e-05, 'D_low': 12.115155843077673, 'k2': 4.540076719227351e-05, 'D_high': 39655.03094323017, 'fire_exp': 1.608176525358426, 'P_half': 108.21382910613987, 'pre_dampen_half': 340.6909167027263, 'gpp_af': 1.3218737536384089, 'gpp_b': 0.002262927522655115, 'gpp_d': 99.3234953243749, 'ign_k': 0.4235909356730625, 'ign_c': 1.8836925134820866, 'trop_agb_crit': 1.3063813396521713, 'trop_k_veg': 4.51930447316402}.
[I 2026-06-09 12:12:37,013] Trial 573 finished with values: [10.074252998988294, 10.074252998988294] and parameters: {'k1': 6.615437365561391e-05, 'D_low': 12.115155843077673, 'k2': 4.540076719227351e-05, 'D_high': 14268.845807630427, 'fire_exp': 1.060109541566103, 'P_half': 149.35213816355395, 'pre_dampen_half': 340.6909167027263, 'gpp_af': 1.3218737536384089, 'gpp_b': 0.050107402158164165, 'gpp_d': 26.003623362924223, 'ign_k': 0.3242143344038317, 'ign_c': 0.21234210963705627, 'trop_agb_crit': 1.6369193980425034, 'trop_k_veg': 3.6260119779455584}.
[I 2026-06-09 12:12:38,209] Trial 574 finished with values: [10.82345192796913, 10.82345192796913] and parameters: {'k1': 0.0630731811849173, 'D_low': 12.115155843077673, 'k2': 4.540076719227351e-05, 'D_high': 39655.03094323017, 'fire_exp': 3.9120805166661197, 'P_half': 108.21382910613987, 'pre_dampen_half': 0.42262026803543373, 'gpp_af': 13.286323715350147, 'gpp_b': 0.002262927522655115, 'gpp_d': 99.3234953243749, 'ign_k': 0.32478918389192313, 'ign_c': 1.0022396791143333, 'trop_agb_crit': 19.51558406059598, 'trop_k_veg': 4.51930447316402}.
[I 2026-06-09 12:12:39,411] Trial 575 finished with values: [10.278027205199406, 10.278027205199406] and parameters: {'k1': 0.00234238498471129, 'D_low': 1.533916259116362, 'k2': 0.002148652800991412, 'D_high': 39655.03094323017, 'fire_exp': 1.14171776851287, 'P_half': 28.647019533509873, 'pre_dampen_half': 73.68271642921833, 'gpp_af': 21.258647437649888, 'gpp_b': 1.7213644875359617e-05, 'gpp_d': 0.0735311909944862, 'ign_k': 0.5456725485601477, 'ign_c': 18.43395662181926, 'trop_agb_crit': 1.5144860262751405, 'trop_k_veg': 0.6618107836658104}.
[I 2026-06-09 12:12:40,613] Trial 576 finished with values: [10.40914298218524, 10.40914298218524] and parameters: {'k1': 0.00515305301141249, 'D_low': 1.533916259116362, 'k2': 1.5412172709801895e-05, 'D_high': 26.198194454351665, 'fire_exp': 1.1615865989246452, 'P_half': 108.21382910613987, 'pre_dampen_half': 673.2248920775328, 'gpp_af': 5.244830565633045, 'gpp_b': 0.0006724850206557243, 'gpp_d': 0.0735311909944862, 'ign_k': 0.5456725485601477, 'ign_c': 0.21234210963705627, 'trop_agb_crit': 1.5144860262751405, 'trop_k_veg': 3.6260119779455584}.
[I 2026-06-09 12:12:41,916] Trial 577 finished with values: [10.605221918174319, 10.605221918174319] and parameters: {'k1': 3.3380638755873866e-05, 'D_low': 7573.282902008707, 'k2': 8.488887549001697e-05, 'D_high': 14268.845807630427, 'fire_exp': 1.9268171109476195, 'P_half': 28.647019533509873, 'pre_dampen_half': 340.6909167027263, 'gpp_af': 5.244830565633045, 'gpp_b': 1.7213644875359617e-05, 'gpp_d': 500.2195003344709, 'ign_k': 0.3242143344038317, 'ign_c': 18.43395662181926, 'trop_agb_crit': 1.6369193980425034, 'trop_k_veg': 3.6260119779455584}.
[I 2026-06-09 12:12:43,094] Trial 578 finished with values: [10.602784953121914, 10.602784953121914] and parameters: {'k1': 0.0006533684593224971, 'D_low': 2.7012557725439073, 'k2': 0.0005700142105246941, 'D_high': 3512.7047262708465, 'fire_exp': 1.060109541566103, 'P_half': 1.4045842344024697, 'pre_dampen_half': 673.2248920775328, 'gpp_af': 0.0018077112775902943, 'gpp_b': 2.036444166653217e-05, 'gpp_d': 1.6983565276584263, 'ign_k': 0.004224235973517089, 'ign_c': 0.20319809838424974, 'trop_agb_crit': 8.404607864475192, 'trop_k_veg': 0.9620620512997147}.
[I 2026-06-09 12:12:44,245] Trial 579 finished with values: [-0.5239698910521196, 0.3449889002554324] and parameters: {'k1': 9.969469187531805e-05, 'D_low': 35.02761367842313, 'k2': 0.0009749762207436118, 'D_high': 39655.03094323017, 'fire_exp': 1.4408046627835394, 'P_half': 1.4045842344024697, 'pre_dampen_half': 17.849597677210657, 'gpp_af': 0.13767835510755025, 'gpp_b': 3.686869490609954e-05, 'gpp_d': 7.070472286699648, 'ign_k': 0.3242143344038317, 'ign_c': 0.628303969797272, 'trop_agb_crit': 1.6369193980425034, 'trop_k_veg': 4.51930447316402}.
[I 2026-06-09 12:12:45,566] Trial 580 finished with values: [10.004612675583415, 10.004612675583415] and parameters: {'k1': 0.015161591075671724, 'D_low': 2.7012557725439073, 'k2': 4.540076719227351e-05, 'D_high': 14268.845807630427, 'fire_exp': 1.060109541566103, 'P_half': 149.35213816355395, 'pre_dampen_half': 340.6909167027263, 'gpp_af': 0.32613327839065587, 'gpp_b': 2.036444166653217e-05, 'gpp_d': 0.2473046721099913, 'ign_k': 0.004224235973517089, 'ign_c': 1.0022396791143333, 'trop_agb_crit': 1.6369193980425034, 'trop_k_veg': 0.613011901666533}.
[I 2026-06-09 12:12:46,746] Trial 581 finished with values: [12.028535444108584, 12.028535444108584] and parameters: {'k1': 0.007519407491506672, 'D_low': 12.115155843077673, 'k2': 0.06994589881535453, 'D_high': 69868.4759244566, 'fire_exp': 1.4848387260494937, 'P_half': 45.55085098454082, 'pre_dampen_half': 340.6909167027263, 'gpp_af': 1.3218737536384089, 'gpp_b': 5.0279186721731925e-05, 'gpp_d': 1.5988721385117124, 'ign_k': 0.4303356629825978, 'ign_c': 1.0022396791143333, 'trop_agb_crit': 1.7813653882411722, 'trop_k_veg': 4.51930447316402}.
[I 2026-06-09 12:12:48,033] Trial 582 finished with values: [12.145445526913294, 12.145445526913294] and parameters: {'k1': 0.0030219760889797966, 'D_low': 12.115155843077673, 'k2': 0.037633129263701104, 'D_high': 14268.845807630427, 'fire_exp': 1.9268171109476195, 'P_half': 17.655835392092534, 'pre_dampen_half': 340.6909167027263, 'gpp_af': 0.32613327839065587, 'gpp_b': 2.036444166653217e-05, 'gpp_d': 7.070472286699648, 'ign_k': 0.3242143344038317, 'ign_c': 0.9083381663660584, 'trop_agb_crit': 1.6369193980425034, 'trop_k_veg': 4.51930447316402}.
[I 2026-06-09 12:12:49,273] Trial 583 finished with values: [10.292734576982816, 10.292734576982816] and parameters: {'k1': 0.0011997639111130957, 'D_low': 125.32726386250698, 'k2': 0.037633129263701104, 'D_high': 39655.03094323017, 'fire_exp': 1.608176525358426, 'P_half': 1.4045842344024697, 'pre_dampen_half': 566.2858823465564, 'gpp_af': 21.258647437649888, 'gpp_b': 1.7213644875359617e-05, 'gpp_d': 26.003623362924223, 'ign_k': 0.3242143344038317, 'ign_c': 21.132597710340573, 'trop_agb_crit': 19.51558406059598, 'trop_k_veg': 1.2728061447508268}.
[I 2026-06-09 12:12:50,470] Trial 584 finished with values: [10.01509306320369, 10.01509306320369] and parameters: {'k1': 0.015161591075671724, 'D_low': 2.7012557725439073, 'k2': 0.0005700142105246941, 'D_high': 20679.187143488783, 'fire_exp': 1.060109541566103, 'P_half': 818.2111518618419, 'pre_dampen_half': 151.32148777056312, 'gpp_af': 0.0018077112775902943, 'gpp_b': 2.036444166653217e-05, 'gpp_d': 1.2434469102435366, 'ign_k': 0.004224235973517089, 'ign_c': 1.0022396791143333, 'trop_agb_crit': 8.404607864475192, 'trop_k_veg': 5.06204715641377}.
