[I 2026-06-09 12:04:20,834] Trial 195 finished with values: [10.642440986114718, 10.642440986114718] and parameters: {'k1': 9.969469187531805e-05, 'D_low': 102.53722513378383, 'k2': 8.488887549001697e-05, 'D_high': 6161.423618045306, 'fire_exp': 2.4204227225778934, 'P_half': 17.655835392092534, 'pre_dampen_half': 340.6909167027263, 'gpp_af': 0.030672207731723966, 'gpp_b': 5.0279186721731925e-05, 'gpp_d': 500.2195003344709, 'ign_k': 0.5456725485601477, 'ign_c': 2.1858605829601814, 'trop_agb_crit': 1.6059119829430093, 'trop_k_veg': 4.51930447316402}.
[I 2026-06-09 12:04:22,236] Trial 196 finished with values: [10.510319270357074, 10.510319270357074] and parameters: {'k1': 1.263794633808287e-05, 'D_low': 4303.306161410612, 'k2': 0.0005700142105246941, 'D_high': 49840.77439553209, 'fire_exp': 1.4081947723562425, 'P_half': 108.21382910613987, 'pre_dampen_half': 345.01054536130147, 'gpp_af': 0.017638479543546873, 'gpp_b': 0.0028426125329232715, 'gpp_d': 0.0735311909944862, 'ign_k': 0.008226074946221037, 'ign_c': 1.0022396791143333, 'trop_agb_crit': 2.679156169946616, 'trop_k_veg': 1.4464877575789599}.
[I 2026-06-09 12:04:23,556] Trial 197 finished with values: [10.24197846825336, 10.24197846825336] and parameters: {'k1': 0.00024287565087611777, 'D_low': 13.180029267201178, 'k2': 0.037633129263701104, 'D_high': 14268.845807630427, 'fire_exp': 2.10707132280748, 'P_half': 64.52946500764233, 'pre_dampen_half': 566.2858823465564, 'gpp_af': 0.007619648413221235, 'gpp_b': 2.036444166653217e-05, 'gpp_d': 0.0735311909944862, 'ign_k': 7.660074273652684, 'ign_c': 21.132597710340573, 'trop_agb_crit': 24.819675619300654, 'trop_k_veg': 1.8981057964668895}.
[I 2026-06-09 12:04:24,875] Trial 198 finished with values: [10.475076459158977, 10.475076459158977] and parameters: {'k1': 0.014666151770108535, 'D_low': 95.93239010535945, 'k2': 1.5167330688076188e-05, 'D_high': 788.6001704920405, 'fire_exp': 1.4179955885299673, 'P_half': 1.4045842344024697, 'pre_dampen_half': 673.2248920775328, 'gpp_af': 5.244830565633045, 'gpp_b': 0.0006724850206557243, 'gpp_d': 8.942824595236095, 'ign_k': 0.0037322156377670697, 'ign_c': 161.72900811143117, 'trop_agb_crit': 1.5144860262751405, 'trop_k_veg': 4.8737397608275925}.
[I 2026-06-09 12:04:26,116] Trial 199 finished with values: [10.879186178688837, 10.879186178688837] and parameters: {'k1': 0.00024287565087611777, 'D_low': 1.104970302415413, 'k2': 0.041833856821460375, 'D_high': 643.9790863101603, 'fire_exp': 2.0859967986741856, 'P_half': 108.21382910613987, 'pre_dampen_half': 566.2858823465564, 'gpp_af': 9.983349602292815, 'gpp_b': 0.0028426125329232715, 'gpp_d': 0.0735311909944862, 'ign_k': 0.05021737623389565, 'ign_c': 1.0022396791143333, 'trop_agb_crit': 1.0794185889648462, 'trop_k_veg': 4.58735804874393}.
[I 2026-06-09 12:04:27,560] Trial 200 finished with values: [10.814048842765905, 10.814048842765905] and parameters: {'k1': 1.263794633808287e-05, 'D_low': 2.2636544662054536, 'k2': 1.3357240411974104e-05, 'D_high': 69868.4759244566, 'fire_exp': 1.608176525358426, 'P_half': 108.21382910613987, 'pre_dampen_half': 345.01054536130147, 'gpp_af': 0.5107061330406066, 'gpp_b': 0.002262927522655115, 'gpp_d': 0.0735311909944862, 'ign_k': 0.0018548376790967168, 'ign_c': 0.20319809838424974, 'trop_agb_crit': 2.679156169946616, 'trop_k_veg': 1.4464877575789599}.
[I 2026-06-09 12:04:28,924] Trial 201 finished with values: [10.740978949306799, 10.740978949306799] and parameters: {'k1': 0.02806535913298299, 'D_low': 10.16551026641873, 'k2': 0.06994589881535453, 'D_high': 200.1342062287997, 'fire_exp': 2.4204227225778934, 'P_half': 1.3924162890248675, 'pre_dampen_half': 139.2154853304649, 'gpp_af': 0.516681811478353, 'gpp_b': 0.0004848496183873286, 'gpp_d': 8.998420889037451, 'ign_k': 0.0019264360371306567, 'ign_c': 0.1410563867753527, 'trop_agb_crit': 16.408949267986486, 'trop_k_veg': 4.51930447316402}.
[I 2026-06-09 12:04:30,146] Trial 202 finished with values: [10.793336177917912, 10.793336177917912] and parameters: {'k1': 0.014666151770108535, 'D_low': 2388.8979300769865, 'k2': 2.316457903103837e-05, 'D_high': 39655.03094323017, 'fire_exp': 1.14171776851287, 'P_half': 28.647019533509873, 'pre_dampen_half': 1.241231030920016, 'gpp_af': 2.831223426520226, 'gpp_b': 1.7213644875359617e-05, 'gpp_d': 0.2473046721099913, 'ign_k': 0.0037322156377670697, 'ign_c': 0.9083381663660584, 'trop_agb_crit': 1.6904893834415775, 'trop_k_veg': 0.6618107836658104}.
[I 2026-06-09 12:04:31,345] Trial 203 finished with values: [10.758350069724415, 10.758350069724415] and parameters: {'k1': 0.0001889739291279833, 'D_low': 2.2636544662054536, 'k2': 4.540076719227351e-05, 'D_high': 696.8111190775315, 'fire_exp': 1.608176525358426, 'P_half': 28.647019533509873, 'pre_dampen_half': 3.289170255990991, 'gpp_af': 2.831223426520226, 'gpp_b': 1.7213644875359617e-05, 'gpp_d': 99.3234953243749, 'ign_k': 2.0685303464089606, 'ign_c': 0.21234210963705627, 'trop_agb_crit': 19.51558406059598, 'trop_k_veg': 6.424078855931784}.
[I 2026-06-09 12:04:32,650] Trial 204 finished with values: [10.637984301523913, 10.637984301523913] and parameters: {'k1': 0.015161591075671724, 'D_low': 10.16551026641873, 'k2': 0.002148652800991412, 'D_high': 41821.78526757458, 'fire_exp': 1.14171776851287, 'P_half': 7089.141723796886, 'pre_dampen_half': 151.32148777056312, 'gpp_af': 3.0190550386581414, 'gpp_b': 0.0012749409641020352, 'gpp_d': 7.070472286699648, 'ign_k': 1.1215915868662767, 'ign_c': 1.0022396791143333, 'trop_agb_crit': 6.475515989686909, 'trop_k_veg': 3.6260119779455584}.
[I 2026-06-09 12:04:33,890] Trial 205 finished with values: [10.460493975215432, 10.460493975215432] and parameters: {'k1': 2.0937989739527727e-05, 'D_low': 102.53722513378383, 'k2': 0.011966626407443505, 'D_high': 39655.03094323017, 'fire_exp': 2.10707132280748, 'P_half': 50.32059347286801, 'pre_dampen_half': 340.6909167027263, 'gpp_af': 1.3218737536384089, 'gpp_b': 4.886759303288982e-05, 'gpp_d': 500.2195003344709, 'ign_k': 0.014273228319112995, 'ign_c': 2.1858605829601814, 'trop_agb_crit': 2.6695352180079177, 'trop_k_veg': 1.8981057964668895}.
[I 2026-06-09 12:04:35,293] Trial 206 finished with values: [10.782435150907846, 10.782435150907846] and parameters: {'k1': 1.263794633808287e-05, 'D_low': 10.16551026641873, 'k2': 0.0005700142105246941, 'D_high': 14268.845807630427, 'fire_exp': 1.060109541566103, 'P_half': 7089.141723796886, 'pre_dampen_half': 151.32148777056312, 'gpp_af': 3.0190550386581414, 'gpp_b': 0.0028426125329232715, 'gpp_d': 7.070472286699648, 'ign_k': 0.008226074946221037, 'ign_c': 1.0022396791143333, 'trop_agb_crit': 2.679156169946616, 'trop_k_veg': 1.4464877575789599}.
[I 2026-06-09 12:04:36,625] Trial 207 finished with values: [10.860650068447272, 10.860650068447272] and parameters: {'k1': 9.969469187531805e-05, 'D_low': 90.71933427331369, 'k2': 0.0005700142105246941, 'D_high': 14.061463985176639, 'fire_exp': 1.060109541566103, 'P_half': 149.35213816355395, 'pre_dampen_half': 340.6909167027263, 'gpp_af': 5.244830565633045, 'gpp_b': 0.037811096417948574, 'gpp_d': 0.0735311909944862, 'ign_k': 0.3242143344038317, 'ign_c': 5.762487216478598, 'trop_agb_crit': 1.5144860262751405, 'trop_k_veg': 3.6260119779455584}.
[I 2026-06-09 12:04:37,822] Trial 208 finished with values: [10.31633126147827, 10.31633126147827] and parameters: {'k1': 0.036309591863459084, 'D_low': 6.0803901902966, 'k2': 1.5167330688076188e-05, 'D_high': 69868.4759244566, 'fire_exp': 1.4081947723562425, 'P_half': 1.3924162890248675, 'pre_dampen_half': 139.2154853304649, 'gpp_af': 0.516681811478353, 'gpp_b': 0.0004848496183873286, 'gpp_d': 8.998420889037451, 'ign_k': 0.008318314747941242, 'ign_c': 0.1410563867753527, 'trop_agb_crit': 16.408949267986486, 'trop_k_veg': 7.714366810951191}.
[I 2026-06-09 12:04:39,023] Trial 209 finished with values: [10.114404424986024, 10.114404424986024] and parameters: {'k1': 1.263794633808287e-05, 'D_low': 12.115155843077673, 'k2': 0.037633129263701104, 'D_high': 14268.845807630427, 'fire_exp': 1.060109541566103, 'P_half': 17.655835392092534, 'pre_dampen_half': 11.164047352793695, 'gpp_af': 0.32613327839065587, 'gpp_b': 2.036444166653217e-05, 'gpp_d': 0.2473046721099913, 'ign_k': 1.1215915868662767, 'ign_c': 0.9083381663660584, 'trop_agb_crit': 1.6369193980425034, 'trop_k_veg': 0.6984687829911091}.
[I 2026-06-09 12:04:40,204] Trial 210 finished with values: [10.892805800044767, 10.892805800044767] and parameters: {'k1': 0.036309591863459084, 'D_low': 10.16551026641873, 'k2': 1.5167330688076188e-05, 'D_high': 200.1342062287997, 'fire_exp': 2.447244097399011, 'P_half': 7089.141723796886, 'pre_dampen_half': 151.32148777056312, 'gpp_af': 3.0190550386581414, 'gpp_b': 0.0028426125329232715, 'gpp_d': 0.024253030233078024, 'ign_k': 1.1215915868662767, 'ign_c': 0.1410563867753527, 'trop_agb_crit': 16.408949267986486, 'trop_k_veg': 3.6260119779455584}.
[I 2026-06-09 12:04:41,420] Trial 211 finished with values: [10.645466340592211, 10.645466340592211] and parameters: {'k1': 0.00024287565087611777, 'D_low': 609.7546255373115, 'k2': 0.00022882309479728955, 'D_high': 23.181776112903503, 'fire_exp': 1.608176525358426, 'P_half': 28.647019533509873, 'pre_dampen_half': 566.2858823465564, 'gpp_af': 0.007619648413221235, 'gpp_b': 1.7213644875359617e-05, 'gpp_d': 500.2195003344709, 'ign_k': 4.564399028622419, 'ign_c': 18.43395662181926, 'trop_agb_crit': 1.6904893834415775, 'trop_k_veg': 1.8981057964668895}.
[I 2026-06-09 12:04:42,755] Trial 212 finished with values: [10.892695965907874, 10.892695965907874] and parameters: {'k1': 0.00024287565087611777, 'D_low': 792.6237587961899, 'k2': 0.041833856821460375, 'D_high': 23.181776112903503, 'fire_exp': 2.10707132280748, 'P_half': 64.52946500764233, 'pre_dampen_half': 0.194732494508583, 'gpp_af': 0.007619648413221235, 'gpp_b': 2.466823316803323e-05, 'gpp_d': 0.03848886303127135, 'ign_k': 0.0037322156377670697, 'ign_c': 1.887567630782227, 'trop_agb_crit': 1.0794185889648462, 'trop_k_veg': 1.8981057964668895}.
[I 2026-06-09 12:04:44,018] Trial 213 finished with values: [10.8606564270945, 10.8606564270945] and parameters: {'k1': 0.05832560268546887, 'D_low': 35.02761367842313, 'k2': 2.316457903103837e-05, 'D_high': 159.77662354833882, 'fire_exp': 1.569607751453048, 'P_half': 1.8942844905792813, 'pre_dampen_half': 0.03190729641440917, 'gpp_af': 0.32613327839065587, 'gpp_b': 3.686869490609954e-05, 'gpp_d': 45.8273170217025, 'ign_k': 0.0019264360371306567, 'ign_c': 1.887567630782227, 'trop_agb_crit': 17.700408094497767, 'trop_k_veg': 0.6618107836658104}.
[I 2026-06-09 12:04:45,276] Trial 214 finished with values: [10.208526972521101, 10.208526972521101] and parameters: {'k1': 0.05832560268546887, 'D_low': 2.2636544662054536, 'k2': 0.06994589881535453, 'D_high': 39655.03094323017, 'fire_exp': 2.4204227225778934, 'P_half': 45.55085098454082, 'pre_dampen_half': 340.6909167027263, 'gpp_af': 1.3218737536384089, 'gpp_b': 0.002262927522655115, 'gpp_d': 26.003623362924223, 'ign_k': 0.0019264360371306567, 'ign_c': 0.20319809838424974, 'trop_agb_crit': 2.679156169946616, 'trop_k_veg': 1.1984430479717227}.
[I 2026-06-09 12:04:46,465] Trial 215 finished with values: [10.687283389256601, 10.687283389256601] and parameters: {'k1': 2.259279742015695e-05, 'D_low': 1.104970302415413, 'k2': 0.0014386831909679527, 'D_high': 949.9072859745386, 'fire_exp': 1.4179955885299673, 'P_half': 17.655835392092534, 'pre_dampen_half': 673.2248920775328, 'gpp_af': 5.244830565633045, 'gpp_b': 0.0012749409641020352, 'gpp_d': 8.942824595236095, 'ign_k': 0.004625231503129158, 'ign_c': 161.72900811143117, 'trop_agb_crit': 1.6369193980425034, 'trop_k_veg': 0.6618107836658104}.
[I 2026-06-09 12:04:47,687] Trial 216 finished with values: [10.808586353750899, 10.808586353750899] and parameters: {'k1': 0.07076022085822008, 'D_low': 13.180029267201178, 'k2': 0.0009749762207436118, 'D_high': 23.181776112903503, 'fire_exp': 1.9268171109476195, 'P_half': 1455.0993923603367, 'pre_dampen_half': 566.2858823465564, 'gpp_af': 0.007619648413221235, 'gpp_b': 4.886759303288982e-05, 'gpp_d': 0.2473046721099913, 'ign_k': 4.295992790539128, 'ign_c': 0.9083381663660584, 'trop_agb_crit': 1.6369193980425034, 'trop_k_veg': 1.8981057964668895}.
[I 2026-06-09 12:04:48,907] Trial 217 finished with values: [10.656953569204472, 10.656953569204472] and parameters: {'k1': 0.0071350717305711155, 'D_low': 18.522006003174383, 'k2': 0.0011135501184757278, 'D_high': 39655.03094323017, 'fire_exp': 1.060109541566103, 'P_half': 608.3019192425825, 'pre_dampen_half': 7.084445284509009, 'gpp_af': 0.0030611349005284453, 'gpp_b': 0.0004125336560355494, 'gpp_d': 891.8036602897795, 'ign_k': 0.0012030530850061366, 'ign_c': 1.9423015749984096, 'trop_agb_crit': 6.475515989686909, 'trop_k_veg': 1.2396985988794134}.
[I 2026-06-09 12:04:50,204] Trial 218 finished with values: [10.390105073617764, 10.390105073617764] and parameters: {'k1': 0.015161591075671724, 'D_low': 12.115155843077673, 'k2': 0.0005700142105246941, 'D_high': 39655.03094323017, 'fire_exp': 2.0859967986741856, 'P_half': 149.35213816355395, 'pre_dampen_half': 566.2858823465564, 'gpp_af': 1.8075983730158514, 'gpp_b': 0.061804951935425775, 'gpp_d': 1.2434469102435366, 'ign_k': 0.3242143344038317, 'ign_c': 1.8836925134820866, 'trop_agb_crit': 1.0794185889648462, 'trop_k_veg': 3.6260119779455584}.
[I 2026-06-09 12:04:51,412] Trial 219 finished with values: [-0.49953516524968594, 0.2049321278126498] and parameters: {'k1': 0.015161591075671724, 'D_low': 2.7012557725439073, 'k2': 0.0005700142105246941, 'D_high': 3512.7047262708465, 'fire_exp': 1.060109541566103, 'P_half': 818.2111518618419, 'pre_dampen_half': 151.32148777056312, 'gpp_af': 0.0018077112775902943, 'gpp_b': 2.036444166653217e-05, 'gpp_d': 1.2434469102435366, 'ign_k': 0.004224235973517089, 'ign_c': 1.0022396791143333, 'trop_agb_crit': 8.404607864475192, 'trop_k_veg': 5.06204715641377}.
[I 2026-06-09 12:04:52,617] Trial 220 finished with values: [10.892740019485991, 10.892740019485991] and parameters: {'k1': 0.015161591075671724, 'D_low': 125.32726386250698, 'k2': 8.488887549001697e-05, 'D_high': 20.59802236544963, 'fire_exp': 1.2943117749495199, 'P_half': 39.03214299767183, 'pre_dampen_half': 151.32148777056312, 'gpp_af': 0.0018077112775902943, 'gpp_b': 0.7987896438549947, 'gpp_d': 1.2434469102435366, 'ign_k': 0.004224235973517089, 'ign_c': 2.1858605829601814, 'trop_agb_crit': 6.475515989686909, 'trop_k_veg': 5.06204715641377}.
[I 2026-06-09 12:04:53,828] Trial 221 finished with values: [10.429300727118237, 10.429300727118237] and parameters: {'k1': 1.263794633808287e-05, 'D_low': 12.115155843077673, 'k2': 3.0376902301221646e-05, 'D_high': 696.8111190775315, 'fire_exp': 1.14171776851287, 'P_half': 108.21382910613987, 'pre_dampen_half': 269.0845367054866, 'gpp_af': 0.32613327839065587, 'gpp_b': 0.0028993292583566945, 'gpp_d': 0.2473046721099913, 'ign_k': 0.32478918389192313, 'ign_c': 0.20319809838424974, 'trop_agb_crit': 19.51558406059598, 'trop_k_veg': 2.7576755957217833}.
[I 2026-06-09 12:04:55,044] Trial 222 finished with values: [10.873362189053895, 10.873362189053895] and parameters: {'k1': 0.0876197110102369, 'D_low': 13.180029267201178, 'k2': 0.011966626407443505, 'D_high': 11129.571947046003, 'fire_exp': 1.7283732813150752, 'P_half': 8.547476176667196, 'pre_dampen_half': 3.4518498268723494, 'gpp_af': 0.01629478603157523, 'gpp_b': 0.032054268581070196, 'gpp_d': 11.300566419249856, 'ign_k': 0.002296989871634209, 'ign_c': 21.132597710340573, 'trop_agb_crit': 9.399460198533095, 'trop_k_veg': 3.4084274101954186}.
[I 2026-06-09 12:04:56,327] Trial 223 finished with values: [10.274750565283362, 10.274750565283362] and parameters: {'k1': 0.00234238498471129, 'D_low': 90.71933427331369, 'k2': 0.002148652800991412, 'D_high': 76.7074891445377, 'fire_exp': 1.0577932261029366, 'P_half': 1.8942844905792813, 'pre_dampen_half': 673.2248920775328, 'gpp_af': 0.0012334147231672942, 'gpp_b': 0.0006724850206557243, 'gpp_d': 867.6409475740121, 'ign_k': 0.5456725485601477, 'ign_c': 0.20319809838424974, 'trop_agb_crit': 1.5144860262751405, 'trop_k_veg': 4.8737397608275925}.
[I 2026-06-09 12:04:57,707] Trial 224 finished with values: [10.890176112524644, 10.890176112524644] and parameters: {'k1': 0.05832560268546887, 'D_low': 102.53722513378383, 'k2': 0.06994589881535453, 'D_high': 69868.4759244566, 'fire_exp': 7.4147903133293305, 'P_half': 149.35213816355395, 'pre_dampen_half': 340.6909167027263, 'gpp_af': 0.5107061330406066, 'gpp_b': 0.002262927522655115, 'gpp_d': 99.3234953243749, 'ign_k': 0.0018548376790967168, 'ign_c': 4.341568011961653, 'trop_agb_crit': 1.6059119829430093, 'trop_k_veg': 4.51930447316402}.
[I 2026-06-09 12:04:58,952] Trial 225 finished with values: [10.672273003321585, 10.672273003321585] and parameters: {'k1': 0.015161591075671724, 'D_low': 1.533916259116362, 'k2': 0.0005700142105246941, 'D_high': 48.094619675015736, 'fire_exp': 1.4848387260494937, 'P_half': 64.52946500764233, 'pre_dampen_half': 673.2248920775328, 'gpp_af': 1.3218737536384089, 'gpp_b': 5.0279186721731925e-05, 'gpp_d': 0.0735311909944862, 'ign_k': 0.5456725485601477, 'ign_c': 1.0022396791143333, 'trop_agb_crit': 1.6059119829430093, 'trop_k_veg': 3.6260119779455584}.
[I 2026-06-09 12:05:00,149] Trial 226 finished with values: [10.75792072388833, 10.75792072388833] and parameters: {'k1': 1.1281785190969807e-05, 'D_low': 6.0803901902966, 'k2': 1.3357240411974104e-05, 'D_high': 69868.4759244566, 'fire_exp': 2.0623196560647115, 'P_half': 45.55085098454082, 'pre_dampen_half': 139.2154853304649, 'gpp_af': 0.516681811478353, 'gpp_b': 0.0003601974223479835, 'gpp_d': 59.94537656798816, 'ign_k': 0.0018548376790967168, 'ign_c': 0.20319809838424974, 'trop_agb_crit': 2.679156169946616, 'trop_k_veg': 6.030247256556128}.
[I 2026-06-09 12:05:01,326] Trial 227 finished with values: [10.725535094080087, 10.725535094080087] and parameters: {'k1': 2.0937989739527727e-05, 'D_low': 125.32726386250698, 'k2': 8.488887549001697e-05, 'D_high': 696.8111190775315, 'fire_exp': 1.2943117749495199, 'P_half': 39.03214299767183, 'pre_dampen_half': 3.289170255990991, 'gpp_af': 21.258647437649888, 'gpp_b': 1.7213644875359617e-05, 'gpp_d': 99.3234953243749, 'ign_k': 0.32478918389192313, 'ign_c': 0.21234210963705627, 'trop_agb_crit': 19.51558406059598, 'trop_k_veg': 4.51930447316402}.
[I 2026-06-09 12:05:02,564] Trial 228 finished with values: [10.242889460712208, 10.242889460712208] and parameters: {'k1': 6.615437365561391e-05, 'D_low': 102.53722513378383, 'k2': 0.000124801809651176, 'D_high': 39655.03094323017, 'fire_exp': 1.157110862187662, 'P_half': 149.35213816355395, 'pre_dampen_half': 340.6909167027263, 'gpp_af': 1.3218737536384089, 'gpp_b': 0.00011277885258222645, 'gpp_d': 26.003623362924223, 'ign_k': 0.0019264360371306567, 'ign_c': 2.8156300815972224, 'trop_agb_crit': 1.6059119829430093, 'trop_k_veg': 0.8280056526977017}.
[I 2026-06-09 12:05:03,910] Trial 229 finished with values: [10.796330445707197, 10.796330445707197] and parameters: {'k1': 0.015161591075671724, 'D_low': 12.115155843077673, 'k2': 0.0005700142105246941, 'D_high': 949.9072859745386, 'fire_exp': 1.060109541566103, 'P_half': 149.35213816355395, 'pre_dampen_half': 11.164047352793695, 'gpp_af': 27.448645214004376, 'gpp_b': 5.0279186721731925e-05, 'gpp_d': 0.0735311909944862, 'ign_k': 0.3242143344038317, 'ign_c': 1.0022396791143333, 'trop_agb_crit': 6.475515989686909, 'trop_k_veg': 0.6618107836658104}.
[I 2026-06-09 12:05:05,259] Trial 230 finished with values: [10.033468358931009, 10.033468358931009] and parameters: {'k1': 9.969469187531805e-05, 'D_low': 1.2164034504723769, 'k2': 0.0005700142105246941, 'D_high': 39655.03094323017, 'fire_exp': 1.1615865989246452, 'P_half': 17.655835392092534, 'pre_dampen_half': 340.6909167027263, 'gpp_af': 5.244830565633045, 'gpp_b': 0.0006724850206557243, 'gpp_d': 0.0735311909944862, 'ign_k': 0.3242143344038317, 'ign_c': 1.0022396791143333, 'trop_agb_crit': 6.475515989686909, 'trop_k_veg': 3.6260119779455584}.
[I 2026-06-09 12:05:06,622] Trial 231 finished with values: [10.148748834892304, 10.148748834892304] and parameters: {'k1': 0.05832560268546887, 'D_low': 5.790964233881213, 'k2': 0.06994589881535453, 'D_high': 1647.069822172432, 'fire_exp': 1.4848387260494937, 'P_half': 2.194774268919734, 'pre_dampen_half': 673.2248920775328, 'gpp_af': 11.20397753296041, 'gpp_b': 0.00977702299083608, 'gpp_d': 1.5988721385117124, 'ign_k': 3.1536006085184716, 'ign_c': 5.762487216478598, 'trop_agb_crit': 6.043719268200285, 'trop_k_veg': 4.51930447316402}.
[I 2026-06-09 12:05:07,947] Trial 232 finished with values: [10.892856757777032, 10.892856757777032] and parameters: {'k1': 0.00234238498471129, 'D_low': 102.53722513378383, 'k2': 1.5412172709801895e-05, 'D_high': 39655.03094323017, 'fire_exp': 8.690958947747358, 'P_half': 1567.230746060024, 'pre_dampen_half': 976.4961889396907, 'gpp_af': 0.017638479543546873, 'gpp_b': 0.0028993292583566945, 'gpp_d': 0.5669686912640489, 'ign_k': 0.3242143344038317, 'ign_c': 5.762487216478598, 'trop_agb_crit': 1.6059119829430093, 'trop_k_veg': 4.8737397608275925}.
[I 2026-06-09 12:05:09,240] Trial 233 finished with values: [10.892852054076114, 10.892852054076114] and parameters: {'k1': 6.615437365561391e-05, 'D_low': 5.790964233881213, 'k2': 0.0011135501184757278, 'D_high': 1647.069822172432, 'fire_exp': 5.850436756059748, 'P_half': 2.194774268919734, 'pre_dampen_half': 0.4090432448301885, 'gpp_af': 0.0030611349005284453, 'gpp_b': 0.0004125336560355494, 'gpp_d': 891.8036602897795, 'ign_k': 0.0012030530850061366, 'ign_c': 1.9423015749984096, 'trop_agb_crit': 5.789462140980137, 'trop_k_veg': 1.2396985988794134}.
