[I 2026-06-10 22:08:30,788] Trial 631 finished with values: [-0.4625950513356038, 0.33986078813956944] and parameters: {'k1': 0.012840669372724958, 'D_low': 148.21691630007544, 'k2': 0.02065142557895925, 'D_high': 30227.031291375773, 'fire_exp': 1.2344878997299724, 'P_half': 1.859526645713404, 'pre_dampen_half': 16.009350908593582, 'gpp_af': 0.37842528170684203, 'gpp_b': 1.4540386644083135e-05, 'gpp_d': 0.7698760608299932, 'ign_k': 0.00840038491455979, 'ign_c': 1.9423015749984096, 'trop_agb_crit': 1.0693376406863295, 'trop_k_veg': 0.5588127200017643, 'fire_amp': 1.5180207449214471}.
[I 2026-06-10 22:08:32,835] Trial 632 finished with values: [10.705483280989245, 10.705483280989245] and parameters: {'k1': 0.00031134168041628584, 'D_low': 1.4002277211577039, 'k2': 0.0002442377596403892, 'D_high': 83.14160873549643, 'fire_exp': 1.1633452995374232, 'P_half': 3.591771421517613, 'pre_dampen_half': 1.8469033699850426, 'gpp_af': 37.28155624293858, 'gpp_b': 1.4540386644083135e-05, 'gpp_d': 0.1922572998567411, 'ign_k': 0.29415751391396583, 'ign_c': 7.081721844034206, 'trop_agb_crit': 1.8566494291193822, 'trop_k_veg': 5.453348988480011, 'fire_amp': 3.1045399027418377}.
[I 2026-06-10 22:08:34,573] Trial 633 finished with values: [-0.5101388629543754, 0.030782021746635135] and parameters: {'k1': 0.012840669372724958, 'D_low': 171.2446447678494, 'k2': 0.02065142557895925, 'D_high': 42210.21267871043, 'fire_exp': 1.14171776851287, 'P_half': 61.6097529474144, 'pre_dampen_half': 33.71909132517384, 'gpp_af': 0.016306190741524337, 'gpp_b': 0.0012611058927054877, 'gpp_d': 0.7698760608299932, 'ign_k': 0.0029519227433917453, 'ign_c': 1.9423015749984096, 'trop_agb_crit': 8.0091368834625, 'trop_k_veg': 2.520089655463604, 'fire_amp': 1.5180207449214471}.
[I 2026-06-10 22:08:36,542] Trial 634 finished with values: [16.96535085855382, 16.96535085855382] and parameters: {'k1': 0.012840669372724958, 'D_low': 171.2446447678494, 'k2': 0.02065142557895925, 'D_high': 36998.679204890876, 'fire_exp': 1.0601964743503993, 'P_half': 93.43302657318476, 'pre_dampen_half': 189.88136301569827, 'gpp_af': 0.016306190741524337, 'gpp_b': 2.800940363375676e-05, 'gpp_d': 21.899070557043984, 'ign_k': 0.0029519227433917453, 'ign_c': 2.226297338331262, 'trop_agb_crit': 21.086120736447015, 'trop_k_veg': 2.520089655463604, 'fire_amp': 4.783836175730692}.
[I 2026-06-10 22:08:38,222] Trial 635 finished with values: [10.522847346053265, 10.522847346053265] and parameters: {'k1': 0.0018697387216131526, 'D_low': 148.21691630007544, 'k2': 0.02065142557895925, 'D_high': 30227.031291375773, 'fire_exp': 1.2344878997299724, 'P_half': 1.859526645713404, 'pre_dampen_half': 0.26568345471341914, 'gpp_af': 0.37842528170684203, 'gpp_b': 1.4540386644083135e-05, 'gpp_d': 0.7698760608299932, 'ign_k': 0.00840038491455979, 'ign_c': 1.9423015749984096, 'trop_agb_crit': 1.0693376406863295, 'trop_k_veg': 0.6673124511410327, 'fire_amp': 1.734275426324203}.
[I 2026-06-10 22:08:39,659] Trial 636 finished with values: [10.01937425073949, 10.01937425073949] and parameters: {'k1': 0.012840669372724958, 'D_low': 12.105387404469584, 'k2': 0.0002442377596403892, 'D_high': 12.541447539026084, 'fire_exp': 1.0812994412809738, 'P_half': 12.262543158860007, 'pre_dampen_half': 16.009350908593582, 'gpp_af': 0.0662749342026412, 'gpp_b': 2.800940363375676e-05, 'gpp_d': 6.284104775086881, 'ign_k': 0.002357279455676982, 'ign_c': 1.9423015749984096, 'trop_agb_crit': 1.0693376406863295, 'trop_k_veg': 2.520089655463604, 'fire_amp': 1.5180207449214471}.
[I 2026-06-10 22:08:41,108] Trial 637 finished with values: [13.27868939287248, 13.27868939287248] and parameters: {'k1': 0.00031134168041628584, 'D_low': 1.4002277211577039, 'k2': 0.0007731571570012607, 'D_high': 42210.21267871043, 'fire_exp': 1.1633452995374232, 'P_half': 7.914423612155368, 'pre_dampen_half': 4.603480758878793, 'gpp_af': 0.016306190741524337, 'gpp_b': 2.800940363375676e-05, 'gpp_d': 0.7698760608299932, 'ign_k': 0.29415751391396583, 'ign_c': 7.081721844034206, 'trop_agb_crit': 1.8566494291193822, 'trop_k_veg': 2.520089655463604, 'fire_amp': 5.44779717154213}.
[I 2026-06-10 22:08:42,505] Trial 638 finished with values: [10.419672216070747, 10.419672216070747] and parameters: {'k1': 0.00031134168041628584, 'D_low': 12.105387404469584, 'k2': 0.02065142557895925, 'D_high': 42210.21267871043, 'fire_exp': 1.41873960828944, 'P_half': 61.6097529474144, 'pre_dampen_half': 103.54508504947606, 'gpp_af': 0.016306190741524337, 'gpp_b': 2.800940363375676e-05, 'gpp_d': 700.6693992445935, 'ign_k': 0.07867677706257832, 'ign_c': 1.9423015749984096, 'trop_agb_crit': 1.2489332852689512, 'trop_k_veg': 0.6673124511410327, 'fire_amp': 1.2393473789150806}.
[I 2026-06-10 22:08:44,345] Trial 639 finished with values: [-0.5218484073901939, 0.1274977557191852] and parameters: {'k1': 0.012840669372724958, 'D_low': 148.21691630007544, 'k2': 0.02065142557895925, 'D_high': 42210.21267871043, 'fire_exp': 1.0812994412809738, 'P_half': 61.6097529474144, 'pre_dampen_half': 4.603480758878793, 'gpp_af': 0.016306190741524337, 'gpp_b': 2.800940363375676e-05, 'gpp_d': 0.7698760608299932, 'ign_k': 0.0029519227433917453, 'ign_c': 14.343168707118846, 'trop_agb_crit': 8.0091368834625, 'trop_k_veg': 2.520089655463604, 'fire_amp': 1.746805197047088}.
[I 2026-06-10 22:08:46,344] Trial 640 finished with values: [10.583968205504535, 10.583968205504535] and parameters: {'k1': 0.00031134168041628584, 'D_low': 276.27089412392087, 'k2': 0.003767022142229395, 'D_high': 262.11304189124235, 'fire_exp': 1.41873960828944, 'P_half': 12.262543158860007, 'pre_dampen_half': 16.009350908593582, 'gpp_af': 3.8084948364657136, 'gpp_b': 1.3415796596713932e-05, 'gpp_d': 12.338826503601998, 'ign_k': 0.07867677706257832, 'ign_c': 1.4091459170104739, 'trop_agb_crit': 1.0693376406863295, 'trop_k_veg': 0.6673124511410327, 'fire_amp': 1.5719333351012774}.
[I 2026-06-10 22:08:47,813] Trial 641 finished with values: [10.707552266570783, 10.707552266570783] and parameters: {'k1': 0.006079905434073396, 'D_low': 12.105387404469584, 'k2': 0.02065142557895925, 'D_high': 12.541447539026084, 'fire_exp': 1.5315561686017187, 'P_half': 1.859526645713404, 'pre_dampen_half': 16.009350908593582, 'gpp_af': 0.008117091133892173, 'gpp_b': 0.00043225896016820903, 'gpp_d': 46.010874324515754, 'ign_k': 0.00840038491455979, 'ign_c': 48.704711413416454, 'trop_agb_crit': 1.0693376406863295, 'trop_k_veg': 1.6648666152166967, 'fire_amp': 5.869450070968175}.
[I 2026-06-10 22:08:49,194] Trial 642 finished with values: [10.2676440695177, 10.2676440695177] and parameters: {'k1': 0.012840669372724958, 'D_low': 148.21691630007544, 'k2': 0.02065142557895925, 'D_high': 451.02062878998754, 'fire_exp': 1.14171776851287, 'P_half': 61.6097529474144, 'pre_dampen_half': 33.71909132517384, 'gpp_af': 0.016306190741524337, 'gpp_b': 0.0012611058927054877, 'gpp_d': 0.7698760608299932, 'ign_k': 0.0029519227433917453, 'ign_c': 0.14665316366397016, 'trop_agb_crit': 1.513702538071769, 'trop_k_veg': 0.8262197191676174, 'fire_amp': 1.5180207449214471}.
[I 2026-06-10 22:08:50,494] Trial 643 finished with values: [10.072261640156073, 10.072261640156073] and parameters: {'k1': 5.7909642338812115e-05, 'D_low': 408.3047491580097, 'k2': 0.0002442377596403892, 'D_high': 1266.9536563782303, 'fire_exp': 1.5315561686017187, 'P_half': 1.226010546471291, 'pre_dampen_half': 189.36639872354493, 'gpp_af': 2.5444227489578917, 'gpp_b': 5.0875243087016374e-05, 'gpp_d': 7.631016235941559, 'ign_k': 0.09256855841989636, 'ign_c': 7.832259769732471, 'trop_agb_crit': 18.081400596781233, 'trop_k_veg': 5.453348988480011, 'fire_amp': 1.4475279918261055}.
[I 2026-06-10 22:08:52,249] Trial 644 finished with values: [12.892259786701457, 12.892259786701457] and parameters: {'k1': 0.006079905434073396, 'D_low': 148.21691630007544, 'k2': 0.02065142557895925, 'D_high': 42210.21267871043, 'fire_exp': 1.0601964743503993, 'P_half': 12.262543158860007, 'pre_dampen_half': 189.36639872354493, 'gpp_af': 3.298293484806585, 'gpp_b': 9.497440085397415e-05, 'gpp_d': 46.010874324515754, 'ign_k': 0.005318061933708109, 'ign_c': 1.9423015749984096, 'trop_agb_crit': 18.081400596781233, 'trop_k_veg': 1.6648666152166967, 'fire_amp': 1.5180207449214471}.
[I 2026-06-10 22:08:53,872] Trial 645 finished with values: [-0.3805572801707901, 0.07977673292117338] and parameters: {'k1': 0.001260821293027586, 'D_low': 1.4002277211577039, 'k2': 0.0007731571570012607, 'D_high': 83.14160873549643, 'fire_exp': 1.1633452995374232, 'P_half': 61.6097529474144, 'pre_dampen_half': 35.09387368811639, 'gpp_af': 0.2204465010099918, 'gpp_b': 1.3415796596713932e-05, 'gpp_d': 594.7389794988394, 'ign_k': 0.29415751391396583, 'ign_c': 1.9423015749984096, 'trop_agb_crit': 1.8566494291193822, 'trop_k_veg': 1.056284487623406, 'fire_amp': 1.5180207449214471}.
[I 2026-06-10 22:08:55,400] Trial 646 finished with values: [-0.5193834351790589, 0.10721156580372637] and parameters: {'k1': 0.08006837661379566, 'D_low': 148.21691630007544, 'k2': 0.02065142557895925, 'D_high': 42210.21267871043, 'fire_exp': 1.0812994412809738, 'P_half': 93.43302657318476, 'pre_dampen_half': 4.603480758878793, 'gpp_af': 0.016306190741524337, 'gpp_b': 2.800940363375676e-05, 'gpp_d': 21.899070557043984, 'ign_k': 0.002676132993402929, 'ign_c': 2.226297338331262, 'trop_agb_crit': 8.0091368834625, 'trop_k_veg': 0.828441460847982, 'fire_amp': 1.746805197047088}.
[I 2026-06-10 22:08:56,876] Trial 647 finished with values: [10.153967974438682, 10.153967974438682] and parameters: {'k1': 0.012840669372724958, 'D_low': 171.2446447678494, 'k2': 0.0018588694009815867, 'D_high': 42210.21267871043, 'fire_exp': 1.2344878997299724, 'P_half': 61.6097529474144, 'pre_dampen_half': 16.009350908593582, 'gpp_af': 0.016306190741524337, 'gpp_b': 0.0012611058927054877, 'gpp_d': 0.7698760608299932, 'ign_k': 0.010733257635049785, 'ign_c': 1.9423015749984096, 'trop_agb_crit': 8.0091368834625, 'trop_k_veg': 2.520089655463604, 'fire_amp': 1.5835969292419834}.
[I 2026-06-10 22:08:58,256] Trial 648 finished with values: [-0.4609190365090407, 0.11154866896552307] and parameters: {'k1': 0.012840669372724958, 'D_low': 12.105387404469584, 'k2': 0.003767022142229395, 'D_high': 42210.21267871043, 'fire_exp': 1.41873960828944, 'P_half': 61.6097529474144, 'pre_dampen_half': 16.009350908593582, 'gpp_af': 0.016306190741524337, 'gpp_b': 2.800940363375676e-05, 'gpp_d': 700.6693992445935, 'ign_k': 0.0029519227433917453, 'ign_c': 1.9423015749984096, 'trop_agb_crit': 1.2489332852689512, 'trop_k_veg': 2.520089655463604, 'fire_amp': 1.5180207449214471}.
[I 2026-06-10 22:08:59,762] Trial 649 finished with values: [10.8210167471645, 10.8210167471645] and parameters: {'k1': 0.012840669372724958, 'D_low': 2.843767489444367, 'k2': 0.02065142557895925, 'D_high': 42210.21267871043, 'fire_exp': 1.2344878997299724, 'P_half': 4.213183643253957, 'pre_dampen_half': 28.01075698398644, 'gpp_af': 0.2204465010099918, 'gpp_b': 2.800940363375676e-05, 'gpp_d': 545.0253444559129, 'ign_k': 0.00840038491455979, 'ign_c': 710.7346698112268, 'trop_agb_crit': 1.2489332852689512, 'trop_k_veg': 1.9108076884826826, 'fire_amp': 4.783836175730692}.
[I 2026-06-10 22:09:01,474] Trial 650 finished with values: [10.833333333029685, 10.833333333029685] and parameters: {'k1': 5.7909642338812115e-05, 'D_low': 12.105387404469584, 'k2': 0.003767022142229395, 'D_high': 36998.679204890876, 'fire_exp': 1.0812994412809738, 'P_half': 61.6097529474144, 'pre_dampen_half': 33.71909132517384, 'gpp_af': 0.0662749342026412, 'gpp_b': 9.497440085397415e-05, 'gpp_d': 28.312234265202243, 'ign_k': 1.6748279468858231, 'ign_c': 157.63098727399432, 'trop_agb_crit': 8.0091368834625, 'trop_k_veg': 2.298840177048904, 'fire_amp': 1.5180207449214471}.
[I 2026-06-10 22:09:03,003] Trial 651 finished with values: [10.802992286831417, 10.802992286831417] and parameters: {'k1': 0.012840669372724958, 'D_low': 43.2326421037033, 'k2': 2.316457903103837e-05, 'D_high': 2295.7398214549485, 'fire_exp': 1.41873960828944, 'P_half': 61.6097529474144, 'pre_dampen_half': 0.01648400221743738, 'gpp_af': 3.298293484806585, 'gpp_b': 9.497440085397415e-05, 'gpp_d': 1.4397852866783676, 'ign_k': 0.0029519227433917453, 'ign_c': 120.67843549291506, 'trop_agb_crit': 8.614723729015276, 'trop_k_veg': 2.99731137426955, 'fire_amp': 1.2393473789150806}.
[I 2026-06-10 22:09:04,369] Trial 652 finished with values: [10.832922100905602, 10.832922100905602] and parameters: {'k1': 0.006079905434073396, 'D_low': 1.4002277211577039, 'k2': 0.0007731571570012607, 'D_high': 83.14160873549643, 'fire_exp': 1.1633452995374232, 'P_half': 12.262543158860007, 'pre_dampen_half': 1.8469033699850426, 'gpp_af': 3.298293484806585, 'gpp_b': 0.16397960021659272, 'gpp_d': 34.18897529667503, 'ign_k': 0.29415751391396583, 'ign_c': 48.704711413416454, 'trop_agb_crit': 25.429516249301212, 'trop_k_veg': 2.6508357486965424, 'fire_amp': 5.44779717154213}.
[I 2026-06-10 22:09:05,659] Trial 653 finished with values: [10.964397749325752, 10.964397749325752] and parameters: {'k1': 0.012840669372724958, 'D_low': 1.4002277211577039, 'k2': 0.0002442377596403892, 'D_high': 30227.031291375773, 'fire_exp': 1.2344878997299724, 'P_half': 3.591771421517613, 'pre_dampen_half': 1.8469033699850426, 'gpp_af': 0.008117091133892173, 'gpp_b': 1.3415796596713932e-05, 'gpp_d': 0.7698760608299932, 'ign_k': 0.00840038491455979, 'ign_c': 7.081721844034206, 'trop_agb_crit': 1.0693376406863295, 'trop_k_veg': 0.5588127200017643, 'fire_amp': 5.44779717154213}.
[I 2026-06-10 22:09:07,461] Trial 654 finished with values: [-0.3479239972293592, 0.06281852294268808] and parameters: {'k1': 0.012840669372724958, 'D_low': 12.105387404469584, 'k2': 0.02065142557895925, 'D_high': 30227.031291375773, 'fire_exp': 1.0601964743503993, 'P_half': 2834.090429514774, 'pre_dampen_half': 28.01075698398644, 'gpp_af': 0.0662749342026412, 'gpp_b': 2.176805640408474e-05, 'gpp_d': 28.312234265202243, 'ign_k': 0.00840038491455979, 'ign_c': 157.63098727399432, 'trop_agb_crit': 1.0693376406863295, 'trop_k_veg': 2.520089655463604, 'fire_amp': 4.783836175730692}.
[I 2026-06-10 22:09:09,136] Trial 655 finished with values: [12.000926392346866, 12.000926392346866] and parameters: {'k1': 0.00031134168041628584, 'D_low': 148.21691630007544, 'k2': 0.02065142557895925, 'D_high': 83.14160873549643, 'fire_exp': 1.1633452995374232, 'P_half': 3.591771421517613, 'pre_dampen_half': 124.72235343584714, 'gpp_af': 0.008117091133892173, 'gpp_b': 1.3415796596713932e-05, 'gpp_d': 34.18897529667503, 'ign_k': 0.0029519227433917453, 'ign_c': 0.14665316366397016, 'trop_agb_crit': 1.8566494291193822, 'trop_k_veg': 2.520089655463604, 'fire_amp': 5.44779717154213}.
[I 2026-06-10 22:09:10,615] Trial 656 finished with values: [10.412853619565011, 10.412853619565011] and parameters: {'k1': 0.012840669372724958, 'D_low': 12.105387404469584, 'k2': 0.003767022142229395, 'D_high': 42210.21267871043, 'fire_exp': 1.7220686611084326, 'P_half': 4.213183643253957, 'pre_dampen_half': 28.01075698398644, 'gpp_af': 26.365275679433186, 'gpp_b': 2.176805640408474e-05, 'gpp_d': 545.0253444559129, 'ign_k': 0.00840038491455979, 'ign_c': 1.4091459170104739, 'trop_agb_crit': 8.0091368834625, 'trop_k_veg': 2.520089655463604, 'fire_amp': 1.5180207449214471}.
[I 2026-06-10 22:09:12,063] Trial 657 finished with values: [10.673887708200148, 10.673887708200148] and parameters: {'k1': 0.00031134168041628584, 'D_low': 1.4002277211577039, 'k2': 0.02065142557895925, 'D_high': 83.14160873549643, 'fire_exp': 1.41873960828944, 'P_half': 3.591771421517613, 'pre_dampen_half': 1.8469033699850426, 'gpp_af': 0.013816526035853764, 'gpp_b': 2.800940363375676e-05, 'gpp_d': 700.6693992445935, 'ign_k': 0.29415751391396583, 'ign_c': 7.081721844034206, 'trop_agb_crit': 1.8566494291193822, 'trop_k_veg': 5.453348988480011, 'fire_amp': 5.44779717154213}.
[I 2026-06-10 22:09:13,607] Trial 658 finished with values: [-0.4871424407483224, 0.22902487027687202] and parameters: {'k1': 0.012840669372724958, 'D_low': 148.21691630007544, 'k2': 0.02065142557895925, 'D_high': 42210.21267871043, 'fire_exp': 1.2344878997299724, 'P_half': 1.859526645713404, 'pre_dampen_half': 16.009350908593582, 'gpp_af': 0.016306190741524337, 'gpp_b': 1.4540386644083135e-05, 'gpp_d': 0.7698760608299932, 'ign_k': 0.010733257635049785, 'ign_c': 1.9423015749984096, 'trop_agb_crit': 1.2489332852689512, 'trop_k_veg': 0.6673124511410327, 'fire_amp': 1.5180207449214471}.
[I 2026-06-10 22:09:15,092] Trial 659 finished with values: [22.675129004682454, 22.675129004682454] and parameters: {'k1': 0.006079905434073396, 'D_low': 43.2326421037033, 'k2': 0.0007731571570012607, 'D_high': 2295.7398214549485, 'fire_exp': 1.0420149135640993, 'P_half': 12.262543158860007, 'pre_dampen_half': 189.36639872354493, 'gpp_af': 3.298293484806585, 'gpp_b': 0.006999112505425414, 'gpp_d': 12.338826503601998, 'ign_k': 0.07867677706257832, 'ign_c': 7.832259769732471, 'trop_agb_crit': 8.188098178380693, 'trop_k_veg': 1.6648666152166967, 'fire_amp': 5.869450070968175}.
[I 2026-06-10 22:09:16,761] Trial 660 finished with values: [11.963385577752971, 11.963385577752971] and parameters: {'k1': 0.006079905434073396, 'D_low': 12.105387404469584, 'k2': 0.02065142557895925, 'D_high': 42210.21267871043, 'fire_exp': 1.0420149135640993, 'P_half': 61.6097529474144, 'pre_dampen_half': 16.009350908593582, 'gpp_af': 3.298293484806585, 'gpp_b': 0.006999112505425414, 'gpp_d': 700.6693992445935, 'ign_k': 0.07867677706257832, 'ign_c': 1.9423015749984096, 'trop_agb_crit': 8.188098178380693, 'trop_k_veg': 5.453348988480011, 'fire_amp': 1.4621871311312478}.
[I 2026-06-10 22:09:18,152] Trial 661 finished with values: [-0.4725925777412077, 0.2072503607421703] and parameters: {'k1': 0.0027792265849300047, 'D_low': 270.15957920129443, 'k2': 0.003767022142229395, 'D_high': 42210.21267871043, 'fire_exp': 1.0420149135640993, 'P_half': 4.213183643253957, 'pre_dampen_half': 1.1353829000087716, 'gpp_af': 0.09885838682552685, 'gpp_b': 5.0875243087016374e-05, 'gpp_d': 76.38081075786287, 'ign_k': 0.09256855841989636, 'ign_c': 0.4177928311636542, 'trop_agb_crit': 8.188098178380693, 'trop_k_veg': 2.520089655463604, 'fire_amp': 1.2393473789150806}.
[I 2026-06-10 22:09:19,495] Trial 662 finished with values: [10.518269495396586, 10.518269495396586] and parameters: {'k1': 0.00031134168041628584, 'D_low': 12.105387404469584, 'k2': 0.0002442377596403892, 'D_high': 12.541447539026084, 'fire_exp': 1.5036604936020428, 'P_half': 61.6097529474144, 'pre_dampen_half': 4.603480758878793, 'gpp_af': 0.008117091133892173, 'gpp_b': 2.800940363375676e-05, 'gpp_d': 0.7698760608299932, 'ign_k': 0.00840038491455979, 'ign_c': 48.704711413416454, 'trop_agb_crit': 8.0091368834625, 'trop_k_veg': 2.520089655463604, 'fire_amp': 5.869450070968175}.
[I 2026-06-10 22:09:20,826] Trial 663 finished with values: [-0.2435326210707395, 0.0844229882248716] and parameters: {'k1': 0.012840669372724958, 'D_low': 12.105387404469584, 'k2': 0.003767022142229395, 'D_high': 262.11304189124235, 'fire_exp': 1.0601964743503993, 'P_half': 4.213183643253957, 'pre_dampen_half': 28.01075698398644, 'gpp_af': 0.0662749342026412, 'gpp_b': 2.176805640408474e-05, 'gpp_d': 545.0253444559129, 'ign_k': 0.00840038491455979, 'ign_c': 228.79430573173593, 'trop_agb_crit': 1.8023542850487386, 'trop_k_veg': 0.6673124511410327, 'fire_amp': 4.783836175730692}.
[I 2026-06-10 22:09:22,221] Trial 664 finished with values: [-0.4309093333764373, 0.12995231325873702] and parameters: {'k1': 0.012840669372724958, 'D_low': 1.4002277211577039, 'k2': 0.02065142557895925, 'D_high': 83.14160873549643, 'fire_exp': 1.1633452995374232, 'P_half': 61.6097529474144, 'pre_dampen_half': 16.009350908593582, 'gpp_af': 0.016306190741524337, 'gpp_b': 2.800940363375676e-05, 'gpp_d': 0.7698760608299932, 'ign_k': 0.010733257635049785, 'ign_c': 1.9423015749984096, 'trop_agb_crit': 1.2489332852689512, 'trop_k_veg': 5.453348988480011, 'fire_amp': 5.015960627273085}.
[I 2026-06-10 22:09:23,793] Trial 665 finished with values: [10.06749985804787, 10.06749985804787] and parameters: {'k1': 0.00031134168041628584, 'D_low': 12.105387404469584, 'k2': 0.00025923015361558547, 'D_high': 22.636544662054543, 'fire_exp': 1.14171776851287, 'P_half': 69.68111190775313, 'pre_dampen_half': 33.71909132517384, 'gpp_af': 0.0662749342026412, 'gpp_b': 0.0002637687576667052, 'gpp_d': 47.35384181058586, 'ign_k': 0.0029519227433917453, 'ign_c': 157.63098727399432, 'trop_agb_crit': 1.8023542850487386, 'trop_k_veg': 0.6673124511410327, 'fire_amp': 4.783836175730692}.
[I 2026-06-10 22:09:25,398] Trial 666 finished with values: [10.112155618258189, 10.112155618258189] and parameters: {'k1': 0.012840669372724958, 'D_low': 148.21691630007544, 'k2': 0.003767022142229395, 'D_high': 42210.21267871043, 'fire_exp': 1.0601964743503993, 'P_half': 4.213183643253957, 'pre_dampen_half': 4.603480758878793, 'gpp_af': 0.016306190741524337, 'gpp_b': 9.497440085397415e-05, 'gpp_d': 46.010874324515754, 'ign_k': 0.0029519227433917453, 'ign_c': 132.46527974321125, 'trop_agb_crit': 2.0527418919564324, 'trop_k_veg': 2.520089655463604, 'fire_amp': 1.5180207449214471}.
[I 2026-06-10 22:09:26,918] Trial 667 finished with values: [-0.4825890298689763, 0.1654812475630244] and parameters: {'k1': 0.012840669372724958, 'D_low': 171.2446447678494, 'k2': 0.02065142557895925, 'D_high': 30227.031291375773, 'fire_exp': 1.2344878997299724, 'P_half': 1.859526645713404, 'pre_dampen_half': 4.603480758878793, 'gpp_af': 0.016306190741524337, 'gpp_b': 1.4540386644083135e-05, 'gpp_d': 28.312234265202243, 'ign_k': 0.00840038491455979, 'ign_c': 1.9423015749984096, 'trop_agb_crit': 8.0091368834625, 'trop_k_veg': 2.520089655463604, 'fire_amp': 1.5180207449214471}.
