[I 2026-06-10 19:24:07,081] Trial 185 finished with values: [10.811285801716895, 10.811285801716895] and parameters: {'k1': 0.032270237615157994, 'D_low': 6010.742028864748, 'k2': 0.0001016707987819611, 'D_high': 570.8731724249576, 'fire_exp': 2.3820146568432237, 'P_half': 93.43302657318476, 'pre_dampen_half': 8.259599205585761, 'gpp_af': 42.29037995744429, 'gpp_b': 2.176805640408474e-05, 'gpp_d': 545.0253444559129, 'ign_k': 3.965503094323014, 'ign_c': 3.4321391362415827, 'trop_agb_crit': 4.902399583903479, 'trop_k_veg': 2.520089655463604, 'fire_amp': 5.606809127618709}.
[I 2026-06-10 19:24:08,453] Trial 186 finished with values: [10.548228498106566, 10.548228498106566] and parameters: {'k1': 0.0001887567630782227, 'D_low': 2396.0796124300746, 'k2': 0.08661811390647982, 'D_high': 1266.9536563782303, 'fire_exp': 1.4848387260494937, 'P_half': 12.280874862135363, 'pre_dampen_half': 30.456909077772018, 'gpp_af': 1.3954498518315706, 'gpp_b': 5.0875243087016374e-05, 'gpp_d': 47.35384181058586, 'ign_k': 1.636529060071807, 'ign_c': 1.3431925993528124, 'trop_agb_crit': 1.8285200278523417, 'trop_k_veg': 4.989748894578724, 'fire_amp': 1.4475279918261055}.
[I 2026-06-10 19:24:09,821] Trial 187 finished with values: [10.83333333328067, 10.83333333328067] and parameters: {'k1': 0.017276056747028225, 'D_low': 1739.6167422846984, 'k2': 0.02939607009739149, 'D_high': 36998.679204890876, 'fire_exp': 4.2769938521987285, 'P_half': 101.40635645866499, 'pre_dampen_half': 98.05638874011484, 'gpp_af': 1.7775411110039254, 'gpp_b': 2.176805640408474e-05, 'gpp_d': 0.09467055845337147, 'ign_k': 3.6309591863459096, 'ign_c': 39.52220881906114, 'trop_agb_crit': 12.647327018493208, 'trop_k_veg': 2.520089655463604, 'fire_amp': 2.818314238665462}.
[I 2026-06-10 19:24:11,141] Trial 188 finished with values: [10.831483011680879, 10.831483011680879] and parameters: {'k1': 0.0071350717305711155, 'D_low': 3809.1436474916286, 'k2': 0.0001016707987819611, 'D_high': 241.42596390104578, 'fire_exp': 1.2798881300289222, 'P_half': 4.213183643253957, 'pre_dampen_half': 0.011396414164620812, 'gpp_af': 0.016306190741524337, 'gpp_b': 0.0004125336560355494, 'gpp_d': 0.7698760608299932, 'ign_k': 0.004105873950290761, 'ign_c': 48.704711413416454, 'trop_agb_crit': 1.0693376406863295, 'trop_k_veg': 1.2396985988794134, 'fire_amp': 4.19233232783727}.
[I 2026-06-10 19:24:12,574] Trial 189 finished with values: [10.587905178463048, 10.587905178463048] and parameters: {'k1': 0.00026539376439360527, 'D_low': 2186.356344942016, 'k2': 1.1417577140741129e-05, 'D_high': 1266.9536563782303, 'fire_exp': 1.111738490499784, 'P_half': 12.262543158860007, 'pre_dampen_half': 11.669626228257902, 'gpp_af': 3.298293484806585, 'gpp_b': 5.0875243087016374e-05, 'gpp_d': 0.030844007727232167, 'ign_k': 0.09256855841989636, 'ign_c': 7.832259769732471, 'trop_agb_crit': 1.8023542850487386, 'trop_k_veg': 1.6648666152166967, 'fire_amp': 2.042193818779288}.
[I 2026-06-10 19:24:14,068] Trial 190 finished with values: [10.290106948780283, 10.290106948780283] and parameters: {'k1': 0.006079905434073396, 'D_low': 43.2326421037033, 'k2': 0.0007731571570012607, 'D_high': 1817.0401889219124, 'fire_exp': 1.4690410989404576, 'P_half': 1.4551749476072258, 'pre_dampen_half': 903.3231300044874, 'gpp_af': 3.298293484806585, 'gpp_b': 0.006999112505425414, 'gpp_d': 1.0088237648985734, 'ign_k': 0.8945150807271531, 'ign_c': 7.832259769732471, 'trop_agb_crit': 2.1989086830950257, 'trop_k_veg': 5.453348988480011, 'fire_amp': 5.44779717154213}.
[I 2026-06-10 19:24:15,602] Trial 191 finished with values: [10.51877825347454, 10.51877825347454] and parameters: {'k1': 0.0869690639641868, 'D_low': 408.3047491580097, 'k2': 8.968733598183248e-05, 'D_high': 48235.58283024493, 'fire_exp': 1.7505406131449859, 'P_half': 118.94665366442581, 'pre_dampen_half': 9.044346216330972, 'gpp_af': 10.25616274847308, 'gpp_b': 0.002416023630607169, 'gpp_d': 21.899070557043984, 'ign_k': 0.00660597889201953, 'ign_c': 0.6235377135673155, 'trop_agb_crit': 21.086120736447015, 'trop_k_veg': 6.825463866194253, 'fire_amp': 2.6192385880432525}.
[I 2026-06-10 19:24:17,145] Trial 192 finished with values: [10.661046026378251, 10.661046026378251] and parameters: {'k1': 5.7909642338812115e-05, 'D_low': 171.2446447678494, 'k2': 0.0004976087827261435, 'D_high': 41833.85682146036, 'fire_exp': 1.2918065501148304, 'P_half': 1265.0580856641704, 'pre_dampen_half': 1.8469033699850426, 'gpp_af': 0.2204465010099918, 'gpp_b': 0.03719354588132657, 'gpp_d': 14.427333163005196, 'ign_k': 0.17320535908244444, 'ign_c': 0.4177928311636542, 'trop_agb_crit': 1.8566494291193822, 'trop_k_veg': 5.453348988480011, 'fire_amp': 5.606809127618709}.
[I 2026-06-10 19:24:18,772] Trial 193 finished with values: [10.782046063771931, 10.782046063771931] and parameters: {'k1': 0.003968136435370146, 'D_low': 13.012518385211498, 'k2': 0.0007731571570012607, 'D_high': 1266.9536563782303, 'fire_exp': 1.111738490499784, 'P_half': 774.5825831079144, 'pre_dampen_half': 10.931606102061748, 'gpp_af': 3.298293484806585, 'gpp_b': 5.0875243087016374e-05, 'gpp_d': 0.030844007727232167, 'ign_k': 0.09256855841989636, 'ign_c': 7.832259769732471, 'trop_agb_crit': 1.8023542850487386, 'trop_k_veg': 5.453348988480011, 'fire_amp': 2.042193818779288}.
[I 2026-06-10 19:24:20,312] Trial 194 finished with values: [10.66360988669415, 10.66360988669415] and parameters: {'k1': 5.7909642338812115e-05, 'D_low': 1.4002277211577039, 'k2': 0.0011239682517242113, 'D_high': 41833.85682146036, 'fire_exp': 1.1633452995374232, 'P_half': 18.93453091519153, 'pre_dampen_half': 1.8469033699850426, 'gpp_af': 0.41874665092828456, 'gpp_b': 0.004411400434514031, 'gpp_d': 0.1423472425072452, 'ign_k': 0.17320535908244444, 'ign_c': 0.4177928311636542, 'trop_agb_crit': 3.058280993112277, 'trop_k_veg': 2.8926781829782864, 'fire_amp': 1.8357623383234334}.
[I 2026-06-10 19:24:21,872] Trial 195 finished with values: [10.230617526292626, 10.230617526292626] and parameters: {'k1': 0.03820259936390116, 'D_low': 5.08290658294838, 'k2': 0.02065142557895925, 'D_high': 48235.58283024493, 'fire_exp': 1.233919071594971, 'P_half': 18.93453091519153, 'pre_dampen_half': 9.044346216330972, 'gpp_af': 56.62858823465573, 'gpp_b': 2.800940363375676e-05, 'gpp_d': 14.427333163005196, 'ign_k': 0.06219881174029358, 'ign_c': 1.488823059798356, 'trop_agb_crit': 1.0189592979395135, 'trop_k_veg': 4.796046723963646, 'fire_amp': 2.6192385880432525}.
[I 2026-06-10 19:24:23,351] Trial 196 finished with values: [10.64852736384596, 10.64852736384596] and parameters: {'k1': 0.03648456083047798, 'D_low': 236.79352040223893, 'k2': 0.019383858782150494, 'D_high': 6682.9607218310075, 'fire_exp': 1.2060040899560858, 'P_half': 18.93453091519153, 'pre_dampen_half': 0.16974173693738634, 'gpp_af': 56.62858823465573, 'gpp_b': 0.001674375583895437, 'gpp_d': 1.4397852866783676, 'ign_k': 0.0032383308053152635, 'ign_c': 0.7619822175388142, 'trop_agb_crit': 12.9667438075127, 'trop_k_veg': 2.99731137426955, 'fire_amp': 2.7806853670293616}.
[I 2026-06-10 19:24:24,820] Trial 197 finished with values: [10.710345664934282, 10.710345664934282] and parameters: {'k1': 0.00035868164986275477, 'D_low': 171.2446447678494, 'k2': 5.5686900831970225e-05, 'D_high': 42210.21267871043, 'fire_exp': 1.0812994412809738, 'P_half': 61.6097529474144, 'pre_dampen_half': 4.603480758878793, 'gpp_af': 0.014724438934285355, 'gpp_b': 0.0004125336560355494, 'gpp_d': 79.05373031352391, 'ign_k': 0.0029519227433917453, 'ign_c': 16.497426799845446, 'trop_agb_crit': 2.0527418919564324, 'trop_k_veg': 0.5618951132741115, 'fire_amp': 1.2393473789150806}.
[I 2026-06-10 19:24:26,274] Trial 198 finished with values: [10.680362780696113, 10.680362780696113] and parameters: {'k1': 0.0001971137615017176, 'D_low': 50.32059347286801, 'k2': 0.0004976087827261435, 'D_high': 42210.21267871043, 'fire_exp': 1.1633452995374232, 'P_half': 93.43302657318476, 'pre_dampen_half': 0.011396414164620812, 'gpp_af': 0.8057329182285734, 'gpp_b': 0.004411400434514031, 'gpp_d': 1.0088237648985734, 'ign_k': 0.0029519227433917453, 'ign_c': 0.1611736893633666, 'trop_agb_crit': 12.647327018493208, 'trop_k_veg': 2.520089655463604, 'fire_amp': 5.44779717154213}.
[I 2026-06-10 19:24:27,787] Trial 199 finished with values: [10.742491162072321, 10.742491162072321] and parameters: {'k1': 0.00023134781612225627, 'D_low': 50.32059347286801, 'k2': 1.1049703024154134e-05, 'D_high': 32311.521854410956, 'fire_exp': 1.0812994412809738, 'P_half': 5.4712187293420325, 'pre_dampen_half': 562.7426550259207, 'gpp_af': 97.64961889396923, 'gpp_b': 0.0012611058927054877, 'gpp_d': 0.1619054449471649, 'ign_k': 0.002357279455676982, 'ign_c': 388.02797007866826, 'trop_agb_crit': 1.2489332852689512, 'trop_k_veg': 0.5535297685306277, 'fire_amp': 1.5719333351012774}.
[I 2026-06-10 19:24:29,235] Trial 200 finished with values: [10.802052648432689, 10.802052648432689] and parameters: {'k1': 0.012840669372724958, 'D_low': 1.4002277211577039, 'k2': 4.933751600448335e-05, 'D_high': 42.242359735170886, 'fire_exp': 1.7792742686803427, 'P_half': 61.6097529474144, 'pre_dampen_half': 4.603480758878793, 'gpp_af': 0.016306190741524337, 'gpp_b': 0.00047819318414852577, 'gpp_d': 1.0088237648985734, 'ign_k': 0.0029519227433917453, 'ign_c': 0.17036120617148395, 'trop_agb_crit': 8.0091368834625, 'trop_k_veg': 2.520089655463604, 'fire_amp': 1.2393473789150806}.
[I 2026-06-10 19:24:30,780] Trial 201 finished with values: [10.520926602030897, 10.520926602030897] and parameters: {'k1': 0.00035868164986275477, 'D_low': 50.32059347286801, 'k2': 0.0007731571570012607, 'D_high': 42210.21267871043, 'fire_exp': 1.1633452995374232, 'P_half': 277.00025557434554, 'pre_dampen_half': 1.8469033699850426, 'gpp_af': 10.25616274847308, 'gpp_b': 0.004411400434514031, 'gpp_d': 700.6693992445935, 'ign_k': 1.2273800987852967, 'ign_c': 0.6235377135673155, 'trop_agb_crit': 1.0189592979395135, 'trop_k_veg': 4.796046723963646, 'fire_amp': 1.2393473789150806}.
[I 2026-06-10 19:24:32,250] Trial 202 finished with values: [10.83333333328067, 10.83333333328067] and parameters: {'k1': 0.0001971137615017176, 'D_low': 12.105387404469584, 'k2': 0.0004976087827261435, 'D_high': 431.45617043093523, 'fire_exp': 1.2918065501148304, 'P_half': 4.213183643253957, 'pre_dampen_half': 0.011396414164620812, 'gpp_af': 0.008117091133892173, 'gpp_b': 2.176805640408474e-05, 'gpp_d': 2.5450745565416026, 'ign_k': 0.07867677706257832, 'ign_c': 342.8810943862522, 'trop_agb_crit': 12.708819454040446, 'trop_k_veg': 0.5535297685306277, 'fire_amp': 5.606809127618709}.
[I 2026-06-10 19:24:33,731] Trial 203 finished with values: [10.421645638148021, 10.421645638148021] and parameters: {'k1': 0.03820259936390116, 'D_low': 12.105387404469584, 'k2': 3.152468275632564e-05, 'D_high': 48235.58283024493, 'fire_exp': 1.14171776851287, 'P_half': 18.93453091519153, 'pre_dampen_half': 9.044346216330972, 'gpp_af': 0.09885838682552685, 'gpp_b': 2.800940363375676e-05, 'gpp_d': 46.010874324515754, 'ign_k': 0.06219881174029358, 'ign_c': 0.10435856341129002, 'trop_agb_crit': 8.188098178380693, 'trop_k_veg': 0.6618107836658104, 'fire_amp': 2.6192385880432525}.
[I 2026-06-10 19:24:35,200] Trial 204 finished with values: [10.610990944276738, 10.610990944276738] and parameters: {'k1': 0.00026539376439360527, 'D_low': 12.172958098369968, 'k2': 0.08661811390647982, 'D_high': 1266.9536563782303, 'fire_exp': 1.111738490499784, 'P_half': 157.3644610977214, 'pre_dampen_half': 435.2726865811943, 'gpp_af': 94.30595410350193, 'gpp_b': 5.0875243087016374e-05, 'gpp_d': 7.631016235941559, 'ign_k': 0.09256855841989636, 'ign_c': 7.832259769732471, 'trop_agb_crit': 1.8023542850487386, 'trop_k_veg': 0.8097682578073301, 'fire_amp': 1.8357623383234334}.
[I 2026-06-10 19:24:36,716] Trial 205 finished with values: [-0.2462176114234295, 0.9981940346832161] and parameters: {'k1': 0.03820259936390116, 'D_low': 50.32059347286801, 'k2': 0.0001280886335404798, 'D_high': 41833.85682146036, 'fire_exp': 1.264103030891254, 'P_half': 5.4712187293420325, 'pre_dampen_half': 42.05657072871069, 'gpp_af': 56.62858823465573, 'gpp_b': 0.00013164432569139702, 'gpp_d': 0.26636419343091605, 'ign_k': 0.03845635122720663, 'ign_c': 0.773448215664679, 'trop_agb_crit': 1.2489332852689512, 'trop_k_veg': 2.1406449943451844, 'fire_amp': 3.890668402773863}.
[I 2026-06-10 19:24:38,188] Trial 206 finished with values: [10.68611377194966, 10.68611377194966] and parameters: {'k1': 0.0032360993995751053, 'D_low': 1.605843632310088, 'k2': 3.152468275632564e-05, 'D_high': 24.9899605789089, 'fire_exp': 1.14171776851287, 'P_half': 774.5825831079144, 'pre_dampen_half': 9.044346216330972, 'gpp_af': 0.09885838682552685, 'gpp_b': 0.0012749409641020352, 'gpp_d': 46.010874324515754, 'ign_k': 0.00660597889201953, 'ign_c': 1.4879588507789996, 'trop_agb_crit': 3.058280993112277, 'trop_k_veg': 3.4439936249445045, 'fire_amp': 2.6192385880432525}.
[I 2026-06-10 19:24:39,741] Trial 207 finished with values: [10.395141589183826, 10.395141589183826] and parameters: {'k1': 0.03820259936390116, 'D_low': 408.3047491580097, 'k2': 0.02065142557895925, 'D_high': 48235.58283024493, 'fire_exp': 1.7505406131449859, 'P_half': 18.93453091519153, 'pre_dampen_half': 0.058813839452486964, 'gpp_af': 56.62858823465573, 'gpp_b': 0.002416023630607169, 'gpp_d': 21.899070557043984, 'ign_k': 0.06219881174029358, 'ign_c': 0.6235377135673155, 'trop_agb_crit': 21.086120736447015, 'trop_k_veg': 6.825463866194253, 'fire_amp': 2.6192385880432525}.
[I 2026-06-10 19:24:41,152] Trial 208 finished with values: [10.553291224695947, 10.553291224695947] and parameters: {'k1': 0.012840669372724958, 'D_low': 236.79352040223893, 'k2': 0.0004976087827261435, 'D_high': 18337.177967709995, 'fire_exp': 1.2918065501148304, 'P_half': 2.226799690893868, 'pre_dampen_half': 0.13249602803264168, 'gpp_af': 0.2204465010099918, 'gpp_b': 2.176805640408474e-05, 'gpp_d': 0.03927259340973166, 'ign_k': 0.0032383308053152635, 'ign_c': 1.364908766641693, 'trop_agb_crit': 12.647327018493208, 'trop_k_veg': 2.99731137426955, 'fire_amp': 2.7806853670293616}.
[I 2026-06-10 19:24:42,650] Trial 209 finished with values: [10.776200248306353, 10.776200248306353] and parameters: {'k1': 0.0869690639641868, 'D_low': 2267.735223551285, 'k2': 7.857247967427128e-05, 'D_high': 1817.0401889219124, 'fire_exp': 1.1633452995374232, 'P_half': 157.80309954142965, 'pre_dampen_half': 9.044346216330972, 'gpp_af': 0.8057329182285734, 'gpp_b': 0.01666658176842624, 'gpp_d': 1.0088237648985734, 'ign_k': 1.6270983114897255, 'ign_c': 0.1611736893633666, 'trop_agb_crit': 3.1419938725278875, 'trop_k_veg': 0.7258074184598352, 'fire_amp': 2.6192385880432525}.
[I 2026-06-10 19:24:44,206] Trial 210 finished with values: [10.19231757908208, 10.19231757908208] and parameters: {'k1': 5.7909642338812115e-05, 'D_low': 12.105387404469584, 'k2': 3.152468275632564e-05, 'D_high': 431.45617043093523, 'fire_exp': 1.14171776851287, 'P_half': 157.80309954142965, 'pre_dampen_half': 9.044346216330972, 'gpp_af': 3.298293484806585, 'gpp_b': 0.006999112505425414, 'gpp_d': 46.010874324515754, 'ign_k': 0.09256855841989636, 'ign_c': 7.832259769732471, 'trop_agb_crit': 8.188098178380693, 'trop_k_veg': 5.453348988480011, 'fire_amp': 5.44779717154213}.
[I 2026-06-10 19:24:45,728] Trial 211 finished with values: [10.80380721747003, 10.80380721747003] and parameters: {'k1': 0.03820259936390116, 'D_low': 2267.735223551285, 'k2': 0.02065142557895925, 'D_high': 41833.85682146036, 'fire_exp': 1.233919071594971, 'P_half': 1265.0580856641704, 'pre_dampen_half': 1.8469033699850426, 'gpp_af': 0.9219336658511308, 'gpp_b': 0.03719354588132657, 'gpp_d': 14.427333163005196, 'ign_k': 0.17320535908244444, 'ign_c': 0.4177928311636542, 'trop_agb_crit': 1.0189592979395135, 'trop_k_veg': 4.796046723963646, 'fire_amp': 3.8500040010232275}.
[I 2026-06-10 19:24:47,142] Trial 212 finished with values: [10.832695037846124, 10.832695037846124] and parameters: {'k1': 0.012840669372724958, 'D_low': 2267.735223551285, 'k2': 0.002090955698118952, 'D_high': 949.9072859745386, 'fire_exp': 1.14171776851287, 'P_half': 93.43302657318476, 'pre_dampen_half': 0.011396414164620812, 'gpp_af': 0.09885838682552685, 'gpp_b': 2.176805640408474e-05, 'gpp_d': 0.03927259340973166, 'ign_k': 1.6270983114897255, 'ign_c': 0.10435856341129002, 'trop_agb_crit': 8.188098178380693, 'trop_k_veg': 0.6618107836658104, 'fire_amp': 2.6192385880432525}.
[I 2026-06-10 19:24:48,542] Trial 213 finished with values: [10.267592397674587, 10.267592397674587] and parameters: {'k1': 0.012840669372724958, 'D_low': 37.13474360443033, 'k2': 0.0011135501184757278, 'D_high': 42210.21267871043, 'fire_exp': 1.2344878997299724, 'P_half': 61.6097529474144, 'pre_dampen_half': 4.603480758878793, 'gpp_af': 5.470750401264765, 'gpp_b': 0.0004125336560355494, 'gpp_d': 0.7698760608299932, 'ign_k': 3.965503094323014, 'ign_c': 1.9423015749984096, 'trop_agb_crit': 6.351751286408562, 'trop_k_veg': 2.520089655463604, 'fire_amp': 1.2393473789150806}.
[I 2026-06-10 19:24:50,016] Trial 214 finished with values: [10.78301954133217, 10.78301954133217] and parameters: {'k1': 5.7909642338812115e-05, 'D_low': 36.04182012888637, 'k2': 1.1049703024154134e-05, 'D_high': 41833.85682146036, 'fire_exp': 1.1633452995374232, 'P_half': 1265.0580856641704, 'pre_dampen_half': 189.88136301569827, 'gpp_af': 56.62858823465573, 'gpp_b': 0.027582100003239053, 'gpp_d': 14.427333163005196, 'ign_k': 0.00660597889201953, 'ign_c': 0.4177928311636542, 'trop_agb_crit': 21.086120736447015, 'trop_k_veg': 5.453348988480011, 'fire_amp': 1.1655705619308396}.
[I 2026-06-10 19:24:51,520] Trial 215 finished with values: [10.833323301083892, 10.833323301083892] and parameters: {'k1': 0.03820259936390116, 'D_low': 37.13474360443033, 'k2': 0.018467059900514494, 'D_high': 18108.14362107968, 'fire_exp': 7.541554304668537, 'P_half': 70.91190338709636, 'pre_dampen_half': 269.0845367054866, 'gpp_af': 56.62858823465573, 'gpp_b': 0.049565458633074926, 'gpp_d': 0.21281400894533783, 'ign_k': 0.003296550135838091, 'ign_c': 1.3431925993528124, 'trop_agb_crit': 1.0189592979395135, 'trop_k_veg': 4.0068236274914755, 'fire_amp': 2.6192385880432525}.
[I 2026-06-10 19:24:53,022] Trial 216 finished with values: [10.527134538469378, 10.527134538469378] and parameters: {'k1': 0.0869690639641868, 'D_low': 1.605843632310088, 'k2': 0.0007731571570012607, 'D_high': 1817.0401889219124, 'fire_exp': 1.111738490499784, 'P_half': 1.4551749476072258, 'pre_dampen_half': 1.6130673726933187, 'gpp_af': 27.78052183438328, 'gpp_b': 2.800940363375676e-05, 'gpp_d': 1.0088237648985734, 'ign_k': 1.6270983114897255, 'ign_c': 0.6235377135673155, 'trop_agb_crit': 1.8023542850487386, 'trop_k_veg': 5.453348988480011, 'fire_amp': 2.6192385880432525}.
[I 2026-06-10 19:24:54,521] Trial 217 finished with values: [10.83333333328067, 10.83333333328067] and parameters: {'k1': 0.0001971137615017176, 'D_low': 43.2326421037033, 'k2': 0.0007731571570012607, 'D_high': 1817.0401889219124, 'fire_exp': 1.4690410989404576, 'P_half': 277.00025557434554, 'pre_dampen_half': 903.3231300044874, 'gpp_af': 3.298293484806585, 'gpp_b': 0.006999112505425414, 'gpp_d': 1.0088237648985734, 'ign_k': 0.8945150807271531, 'ign_c': 664.6698709242512, 'trop_agb_crit': 3.1419938725278875, 'trop_k_veg': 5.453348988480011, 'fire_amp': 5.44779717154213}.
[I 2026-06-10 19:24:55,958] Trial 218 finished with values: [10.82953623332925, 10.82953623332925] and parameters: {'k1': 0.00026539376439360527, 'D_low': 2808.7330790064375, 'k2': 0.0007731571570012607, 'D_high': 1817.0401889219124, 'fire_exp': 1.111738490499784, 'P_half': 12.262543158860007, 'pre_dampen_half': 189.36639872354493, 'gpp_af': 0.41874665092828456, 'gpp_b': 0.7196087713577951, 'gpp_d': 0.030844007727232167, 'ign_k': 0.09256855841989636, 'ign_c': 7.832259769732471, 'trop_agb_crit': 1.8566494291193822, 'trop_k_veg': 5.453348988480011, 'fire_amp': 5.44779717154213}.
[I 2026-06-10 19:24:57,370] Trial 219 finished with values: [10.302809967335781, 10.302809967335781] and parameters: {'k1': 0.006079905434073396, 'D_low': 1.7551403048208316, 'k2': 0.045914852167405346, 'D_high': 16780.50857913099, 'fire_exp': 1.7792742686803427, 'P_half': 157.3644610977214, 'pre_dampen_half': 16.009350908593582, 'gpp_af': 1.9998014714101113, 'gpp_b': 0.00047819318414852577, 'gpp_d': 12.338826503601998, 'ign_k': 0.07867677706257832, 'ign_c': 7.081721844034206, 'trop_agb_crit': 8.0091368834625, 'trop_k_veg': 1.6003641872536711, 'fire_amp': 1.5587346124822492}.
[I 2026-06-10 19:24:58,871] Trial 220 finished with values: [10.651592220837692, 10.651592220837692] and parameters: {'k1': 0.032270237615157994, 'D_low': 2186.356344942016, 'k2': 1.1417577140741129e-05, 'D_high': 570.8731724249576, 'fire_exp': 1.111738490499784, 'P_half': 70.91190338709636, 'pre_dampen_half': 8.259599205585761, 'gpp_af': 42.29037995744429, 'gpp_b': 0.00012118589392553798, 'gpp_d': 545.0253444559129, 'ign_k': 3.965503094323014, 'ign_c': 3.4321391362415827, 'trop_agb_crit': 5.588032458772675, 'trop_k_veg': 6.172643383211297, 'fire_amp': 1.032981306188127}.
[I 2026-06-10 19:25:00,467] Trial 221 finished with values: [10.237774339302431, 10.237774339302431] and parameters: {'k1': 0.006079905434073396, 'D_low': 1.4002277211577039, 'k2': 0.0007731571570012607, 'D_high': 1817.0401889219124, 'fire_exp': 1.0601964743503993, 'P_half': 1.4551749476072258, 'pre_dampen_half': 38.00678588560607, 'gpp_af': 1.9706963379095486, 'gpp_b': 0.00047819318414852577, 'gpp_d': 1.0088237648985734, 'ign_k': 0.8945150807271531, 'ign_c': 7.832259769732471, 'trop_agb_crit': 1.0693376406863295, 'trop_k_veg': 1.6003641872536711, 'fire_amp': 1.5587346124822492}.
