[I 2026-08-05 23:44:55,280] Trial 330 finished with values: [-0.4707872210073768, 0.12015695450499353] and parameters: {'k1': 0.016973078532467004, 'D_low': 18.522006003174383, 'k2': 0.0001870742013766025, 'D_high': 411.0848435021235, 'fire_exp': 1.010722707674549, 'P_half': 608.3019192425825, 'pre_dampen_half': 59.66041614891413, 'gpp_af': 22.766850248686247, 'gpp_b': 0.6637926838138378, 'gpp_d': 891.8036602897795, 'ign_k': 3.7173717478250508, 'ign_c': 0.11433485956638717}.
[I 2026-08-05 23:44:56,568] Trial 331 finished with values: [10.226075967240039, 10.226075967240039] and parameters: {'k1': 7.841214856323651e-05, 'D_low': 29.89885508829526, 'k2': 0.0499774937030317, 'D_high': 7744.80118512745, 'fire_exp': 1.811096651915224, 'P_half': 10.226988730324324, 'pre_dampen_half': 304.7488318185732, 'gpp_af': 11.234842109991876, 'gpp_b': 3.228689523591491e-05, 'gpp_d': 368.30088529547436, 'ign_k': 0.002357279455676982, 'ign_c': 47.268615251255675}.
[I 2026-08-05 23:44:57,959] Trial 332 finished with values: [11.405118101943087, 11.405118101943087] and parameters: {'k1': 0.04897760278488444, 'D_low': 2.458603276328005, 'k2': 0.0001870742013766025, 'D_high': 85018.70149611714, 'fire_exp': 1.2943117749495199, 'P_half': 10.226988730324324, 'pre_dampen_half': 703.6426675556048, 'gpp_af': 11.234842109991876, 'gpp_b': 0.7987896438549947, 'gpp_d': 34.37107943937136, 'ign_k': 0.0467351899956275, 'ign_c': 0.773448215664679}.
[I 2026-08-05 23:44:59,213] Trial 333 finished with values: [-0.5301911054409985, 0.158273933261307] and parameters: {'k1': 0.0017320535908244437, 'D_low': 2.458603276328005, 'k2': 0.0007081721844034209, 'D_high': 75773.14388518519, 'fire_exp': 1.1044852285094786, 'P_half': 10.226988730324324, 'pre_dampen_half': 36.876350096203005, 'gpp_af': 83.56239973758213, 'gpp_b': 0.03841303420847976, 'gpp_d': 4.25060659305504, 'ign_k': 0.01474275315991467, 'ign_c': 6.160975294741436}.
[I 2026-08-05 23:45:00,315] Trial 334 finished with values: [10.477769185249338, 10.477769185249338] and parameters: {'k1': 0.00012105387404469581, 'D_low': 2.458603276328005, 'k2': 3.5917714215176105e-05, 'D_high': 6455.595882939566, 'fire_exp': 1.1044852285094786, 'P_half': 403.3495283157659, 'pre_dampen_half': 703.6426675556048, 'gpp_af': 35.20481045526041, 'gpp_b': 0.10123867001105968, 'gpp_d': 4.5768578731086835, 'ign_k': 0.03604182012888638, 'ign_c': 14.810800730363484}.
[I 2026-08-05 23:45:01,450] Trial 335 finished with values: [11.266054413100598, 11.266054413100598] and parameters: {'k1': 0.0029707920514735983, 'D_low': 2.1234210963705626, 'k2': 0.005456725485601475, 'D_high': 6366.1449945522045, 'fire_exp': 1.182396148413737, 'P_half': 95.65499215943822, 'pre_dampen_half': 304.7488318185732, 'gpp_af': 0.001162712343304238, 'gpp_b': 3.228689523591491e-05, 'gpp_d': 857.4284557962634, 'ign_k': 0.03141110271934876, 'ign_c': 3.0378658251922155}.
[I 2026-08-05 23:45:02,603] Trial 336 finished with values: [10.55416108293645, 10.55416108293645] and parameters: {'k1': 3.252245757497282e-05, 'D_low': 7.068974950624602, 'k2': 3.5917714215176105e-05, 'D_high': 30227.031291375773, 'fire_exp': 1.0501937052663004, 'P_half': 10.226988730324324, 'pre_dampen_half': 53.73093479067421, 'gpp_af': 23.63242908838987, 'gpp_b': 3.481277316673104e-05, 'gpp_d': 4.25060659305504, 'ign_k': 0.0016058436323100884, 'ign_c': 0.1457050032975653}.
[I 2026-08-05 23:45:03,697] Trial 337 finished with values: [10.482401146842713, 10.482401146842713] and parameters: {'k1': 3.634567200581791e-05, 'D_low': 1.2834648227562822, 'k2': 2.5461628161276896e-05, 'D_high': 233.52156626184438, 'fire_exp': 1.182396148413737, 'P_half': 24.136213194527585, 'pre_dampen_half': 53.73093479067421, 'gpp_af': 21.995805943313187, 'gpp_b': 3.228689523591491e-05, 'gpp_d': 0.13223503889537183, 'ign_k': 0.13054148118849407, 'ign_c': 0.7724824966785973}.
[I 2026-08-05 23:45:04,745] Trial 338 finished with values: [10.769184695476824, 10.769184695476824] and parameters: {'k1': 0.05705198955850472, 'D_low': 74.92772870670282, 'k2': 0.00011939136672856547, 'D_high': 15672.307460600232, 'fire_exp': 1.182396148413737, 'P_half': 408.3047491580097, 'pre_dampen_half': 53.73093479067421, 'gpp_af': 0.0025511964576171086, 'gpp_b': 9.71862138171112, 'gpp_d': 857.4284557962634, 'ign_k': 0.03141110271934876, 'ign_c': 2.4287565087611744}.
[I 2026-08-05 23:45:05,799] Trial 339 finished with values: [10.768771375442917, 10.768771375442917] and parameters: {'k1': 0.002971796631657383, 'D_low': 29.89885508829526, 'k2': 4.763991596630584e-05, 'D_high': 1687.3495104568947, 'fire_exp': 1.811096651915224, 'P_half': 10.226988730324324, 'pre_dampen_half': 0.5669686912640489, 'gpp_af': 29.925002022877802, 'gpp_b': 1.5938003265859821, 'gpp_d': 891.8036602897795, 'ign_k': 0.002357279455676982, 'ign_c': 10.140635645866492}.
[I 2026-08-05 23:45:06,903] Trial 340 finished with values: [11.51536134254537, 11.51536134254537] and parameters: {'k1': 3.252245757497282e-05, 'D_low': 1171.5293025123642, 'k2': 0.00040525058872279963, 'D_high': 6455.595882939566, 'fire_exp': 1.1044852285094786, 'P_half': 24.136213194527585, 'pre_dampen_half': 304.7488318185732, 'gpp_af': 4.095062894476692, 'gpp_b': 0.0025416076006960116, 'gpp_d': 368.30088529547436, 'ign_k': 0.019192001101561888, 'ign_c': 10.140635645866492}.
[I 2026-08-05 23:45:08,041] Trial 341 finished with values: [10.158113542368552, 10.158113542368552] and parameters: {'k1': 0.00012105387404469581, 'D_low': 29.89885508829526, 'k2': 0.0499774937030317, 'D_high': 830.8114652888394, 'fire_exp': 1.811096651915224, 'P_half': 39.03214299767183, 'pre_dampen_half': 703.6426675556048, 'gpp_af': 11.234842109991876, 'gpp_b': 0.10123867001105968, 'gpp_d': 39.827466658711515, 'ign_k': 0.002357279455676982, 'ign_c': 2.2882309479728957}.
[I 2026-08-05 23:45:09,084] Trial 342 finished with values: [10.768463055759199, 10.768463055759199] and parameters: {'k1': 2.0937989739527727e-05, 'D_low': 2.458603276328005, 'k2': 0.0004381141781653133, 'D_high': 48249.14281180252, 'fire_exp': 1.182396148413737, 'P_half': 24.136213194527585, 'pre_dampen_half': 304.7488318185732, 'gpp_af': 0.0025511964576171086, 'gpp_b': 0.7987896438549947, 'gpp_d': 857.4284557962634, 'ign_k': 0.03141110271934876, 'ign_c': 47.268615251255675}.
[I 2026-08-05 23:45:10,137] Trial 343 finished with values: [10.380891064325548, 10.380891064325548] and parameters: {'k1': 3.252245757497282e-05, 'D_low': 4.051452710153359, 'k2': 0.0001870742013766025, 'D_high': 411.0848435021235, 'fire_exp': 1.010722707674549, 'P_half': 608.3019192425825, 'pre_dampen_half': 703.6426675556048, 'gpp_af': 1.3725472882585024, 'gpp_b': 0.7987896438549947, 'gpp_d': 891.8036602897795, 'ign_k': 0.03033111747878116, 'ign_c': 0.1457050032975653}.
[I 2026-08-05 23:45:11,202] Trial 344 finished with values: [10.074958671341992, 10.074958671341992] and parameters: {'k1': 0.0029707920514735983, 'D_low': 2.843767489444367, 'k2': 0.005456725485601475, 'D_high': 31239.815244140624, 'fire_exp': 1.182396148413737, 'P_half': 95.65499215943822, 'pre_dampen_half': 33.9790424311127, 'gpp_af': 83.25634591966735, 'gpp_b': 0.1676789742547917, 'gpp_d': 107.84642153666701, 'ign_k': 0.03141110271934876, 'ign_c': 3.0378658251922155}.
[I 2026-08-05 23:45:12,349] Trial 345 finished with values: [10.471432290062832, 10.471432290062832] and parameters: {'k1': 1.1845753911529365e-05, 'D_low': 2.458603276328005, 'k2': 0.00038791280730284417, 'D_high': 6366.1449945522045, 'fire_exp': 1.182396148413737, 'P_half': 95.65499215943822, 'pre_dampen_half': 303.1650219733388, 'gpp_af': 37.28155624293858, 'gpp_b': 0.40704318060211087, 'gpp_d': 1.226969905882515, 'ign_k': 0.006912296717033066, 'ign_c': 0.11433485956638717}.
[I 2026-08-05 23:45:13,423] Trial 346 finished with values: [11.634815624273754, 11.634815624273754] and parameters: {'k1': 0.0004846497679219079, 'D_low': 4.051452710153359, 'k2': 0.00038791280730284417, 'D_high': 9769.756791866093, 'fire_exp': 1.3614924220931135, 'P_half': 10.226988730324324, 'pre_dampen_half': 303.1650219733388, 'gpp_af': 37.28155624293858, 'gpp_b': 0.10123867001105968, 'gpp_d': 368.30088529547436, 'ign_k': 0.4702627143647234, 'ign_c': 0.11433485956638717}.
[I 2026-08-05 23:45:14,496] Trial 347 finished with values: [10.766210612006978, 10.766210612006978] and parameters: {'k1': 0.00012105387404469581, 'D_low': 2.458603276328005, 'k2': 0.008919267853250165, 'D_high': 233.52156626184438, 'fire_exp': 1.182396148413737, 'P_half': 1.3035590385085063, 'pre_dampen_half': 0.1562736402797949, 'gpp_af': 1.6595781802652418, 'gpp_b': 3.228689523591491e-05, 'gpp_d': 39.827466658711515, 'ign_k': 0.11101191524846071, 'ign_c': 0.7724824966785973}.
[I 2026-08-05 23:45:15,537] Trial 348 finished with values: [10.277636970099714, 10.277636970099714] and parameters: {'k1': 0.0026651167490553537, 'D_low': 1.0883991813938128, 'k2': 1.1184534120760473e-05, 'D_high': 27.662820108131335, 'fire_exp': 1.0117229084672894, 'P_half': 4.397766894483963, 'pre_dampen_half': 5.542030950268268, 'gpp_af': 2.8805537835688413, 'gpp_b': 0.0025416076006960116, 'gpp_d': 368.30088529547436, 'ign_k': 0.11101191524846071, 'ign_c': 0.8891936446296247}.
[I 2026-08-05 23:45:16,593] Trial 349 finished with values: [10.134008669819773, 10.134008669819773] and parameters: {'k1': 0.04897760278488444, 'D_low': 2.458603276328005, 'k2': 0.0004381141781653133, 'D_high': 48249.14281180252, 'fire_exp': 1.151006986743773, 'P_half': 851.7034154701655, 'pre_dampen_half': 703.6426675556048, 'gpp_af': 0.04339970334001348, 'gpp_b': 0.0025416076006960116, 'gpp_d': 0.1187686699420959, 'ign_k': 0.017654048052495083, 'ign_c': 47.268615251255675}.
[I 2026-08-05 23:45:17,711] Trial 350 finished with values: [11.162409075752477, 11.162409075752477] and parameters: {'k1': 0.015602015889668856, 'D_low': 26.21130418912424, 'k2': 0.00014091459170104733, 'D_high': 85018.70149611714, 'fire_exp': 1.2943117749495199, 'P_half': 39.03214299767183, 'pre_dampen_half': 703.6426675556048, 'gpp_af': 35.20481045526041, 'gpp_b': 0.0005995821881487623, 'gpp_d': 34.37107943937136, 'ign_k': 0.017654048052495083, 'ign_c': 47.268615251255675}.
[I 2026-08-05 23:45:18,787] Trial 351 finished with values: [10.754977531409443, 10.754977531409443] and parameters: {'k1': 0.002971796631657383, 'D_low': 2.1234210963705626, 'k2': 3.5917714215176105e-05, 'D_high': 85018.70149611714, 'fire_exp': 1.1670151053031461, 'P_half': 24.136213194527585, 'pre_dampen_half': 703.6426675556048, 'gpp_af': 0.001162712343304238, 'gpp_b': 0.10123867001105968, 'gpp_d': 5.878566318396007, 'ign_k': 0.03141110271934876, 'ign_c': 6.160975294741436}.
[I 2026-08-05 23:45:19,826] Trial 352 finished with values: [10.759283575879033, 10.759283575879033] and parameters: {'k1': 0.002971796631657383, 'D_low': 2.458603276328005, 'k2': 0.005456725485601475, 'D_high': 75773.14388518519, 'fire_exp': 1.182396148413737, 'P_half': 95.65499215943822, 'pre_dampen_half': 33.9790424311127, 'gpp_af': 0.0025511964576171086, 'gpp_b': 0.10123867001105968, 'gpp_d': 5.878566318396007, 'ign_k': 0.006912296717033066, 'ign_c': 3.0378658251922155}.
[I 2026-08-05 23:45:20,912] Trial 353 finished with values: [-0.578353503175071, 0.09020989959667503] and parameters: {'k1': 0.016973078532467004, 'D_low': 2.458603276328005, 'k2': 0.0007081721844034209, 'D_high': 85018.70149611714, 'fire_exp': 1.151006986743773, 'P_half': 12.808863354047988, 'pre_dampen_half': 703.6426675556048, 'gpp_af': 35.20481045526041, 'gpp_b': 0.7987896438549947, 'gpp_d': 4.5768578731086835, 'ign_k': 5.9736167866478125, 'ign_c': 0.11433485956638717}.
[I 2026-08-05 23:45:21,972] Trial 354 finished with values: [10.768587428659544, 10.768587428659544] and parameters: {'k1': 0.005967518552547517, 'D_low': 74.92772870670282, 'k2': 8.598664501707758e-05, 'D_high': 1687.3495104568947, 'fire_exp': 1.0881360604103363, 'P_half': 45.55085098454082, 'pre_dampen_half': 0.016235510473855456, 'gpp_af': 29.925002022877802, 'gpp_b': 0.011750724729953272, 'gpp_d': 5.1715677287580455, 'ign_k': 0.0026834162496848666, 'ign_c': 298.123706972088}.
[I 2026-08-05 23:45:23,208] Trial 355 finished with values: [10.502462952542173, 10.502462952542173] and parameters: {'k1': 0.00023134781612225627, 'D_low': 918.4900818511542, 'k2': 1.1184534120760473e-05, 'D_high': 11.789509559476436, 'fire_exp': 1.1044852285094786, 'P_half': 10.226988730324324, 'pre_dampen_half': 121.93011993958949, 'gpp_af': 13.560863064135962, 'gpp_b': 1.4427571100855582e-05, 'gpp_d': 4.25060659305504, 'ign_k': 0.002357279455676982, 'ign_c': 893.0783450941816}.
[I 2026-08-05 23:45:24,283] Trial 356 finished with values: [10.720306384779054, 10.720306384779054] and parameters: {'k1': 7.841214856323651e-05, 'D_low': 1112.9571947046009, 'k2': 0.0004381141781653133, 'D_high': 6455.595882939566, 'fire_exp': 1.2943117749495199, 'P_half': 51.41531903173455, 'pre_dampen_half': 703.6426675556048, 'gpp_af': 35.20481045526041, 'gpp_b': 0.7987896438549947, 'gpp_d': 0.834897644537872, 'ign_k': 0.11101191524846071, 'ign_c': 10.140635645866492}.
[I 2026-08-05 23:45:25,342] Trial 357 finished with values: [10.675376250178717, 10.675376250178717] and parameters: {'k1': 0.002971796631657383, 'D_low': 523.1053126909052, 'k2': 4.763991596630584e-05, 'D_high': 1687.3495104568947, 'fire_exp': 1.6529278148136084, 'P_half': 95.65499215943822, 'pre_dampen_half': 14.689898077648792, 'gpp_af': 29.925002022877802, 'gpp_b': 0.011750724729953272, 'gpp_d': 891.8036602897795, 'ign_k': 6.3073181184917315, 'ign_c': 6.160975294741436}.
[I 2026-08-05 23:45:26,401] Trial 358 finished with values: [-0.578353503175071, 0.09020989959667503] and parameters: {'k1': 0.016973078532467004, 'D_low': 2.458603276328005, 'k2': 0.0007081721844034209, 'D_high': 85018.70149611714, 'fire_exp': 1.151006986743773, 'P_half': 12.808863354047988, 'pre_dampen_half': 703.6426675556048, 'gpp_af': 35.20481045526041, 'gpp_b': 0.7987896438549947, 'gpp_d': 4.5768578731086835, 'ign_k': 5.9736167866478125, 'ign_c': 0.11433485956638717}.
[I 2026-08-05 23:45:27,460] Trial 359 finished with values: [10.748241692500075, 10.748241692500075] and parameters: {'k1': 2.0937989739527727e-05, 'D_low': 125.32726386250698, 'k2': 0.013975908789482218, 'D_high': 7744.80118512745, 'fire_exp': 1.1670151053031461, 'P_half': 10.226988730324324, 'pre_dampen_half': 304.7488318185732, 'gpp_af': 0.0025511964576171086, 'gpp_b': 0.10123867001105968, 'gpp_d': 5.878566318396007, 'ign_k': 0.002278473643771521, 'ign_c': 47.268615251255675}.
[I 2026-08-05 23:45:28,582] Trial 360 finished with values: [10.232144820413373, 10.232144820413373] and parameters: {'k1': 0.03232155805617897, 'D_low': 918.4900818511542, 'k2': 0.031211489608802344, 'D_high': 8241.92526487646, 'fire_exp': 2.2881850891698634, 'P_half': 12.808863354047988, 'pre_dampen_half': 111.37963167994629, 'gpp_af': 5.511863475708366, 'gpp_b': 0.00011783328148730701, 'gpp_d': 368.30088529547436, 'ign_k': 0.03033111747878116, 'ign_c': 8.671454322584175}.
[I 2026-08-05 23:45:29,626] Trial 361 finished with values: [10.769230768838547, 10.769230768838547] and parameters: {'k1': 0.0029707920514735983, 'D_low': 2.1234210963705626, 'k2': 0.0004381141781653133, 'D_high': 7744.80118512745, 'fire_exp': 2.61565689708108, 'P_half': 39.03214299767183, 'pre_dampen_half': 703.6426675556048, 'gpp_af': 0.001162712343304238, 'gpp_b': 1.8823910330650002, 'gpp_d': 857.4284557962634, 'ign_k': 0.03141110271934876, 'ign_c': 8.671454322584175}.
[I 2026-08-05 23:45:30,690] Trial 362 finished with values: [10.466598503111548, 10.466598503111548] and parameters: {'k1': 0.0029707920514735983, 'D_low': 125.32726386250698, 'k2': 3.5917714215176105e-05, 'D_high': 7744.80118512745, 'fire_exp': 1.1670151053031461, 'P_half': 10.226988730324324, 'pre_dampen_half': 703.6426675556048, 'gpp_af': 52.92490796395662, 'gpp_b': 0.006373956092838178, 'gpp_d': 0.04974854350453755, 'ign_k': 0.03141110271934876, 'ign_c': 6.160975294741436}.
[I 2026-08-05 23:45:31,739] Trial 363 finished with values: [10.719657547373656, 10.719657547373656] and parameters: {'k1': 0.0028421405887320826, 'D_low': 74.92772870670282, 'k2': 1.1184534120760473e-05, 'D_high': 6455.595882939566, 'fire_exp': 1.4690410989404576, 'P_half': 851.7034154701655, 'pre_dampen_half': 703.6426675556048, 'gpp_af': 90.33231300044888, 'gpp_b': 0.0025416076006960116, 'gpp_d': 0.1187686699420959, 'ign_k': 0.017654048052495083, 'ign_c': 6.160975294741436}.
[I 2026-08-05 23:45:32,816] Trial 364 finished with values: [10.768441550807513, 10.768441550807513] and parameters: {'k1': 0.0017320535908244437, 'D_low': 2.458603276328005, 'k2': 1.1184534120760473e-05, 'D_high': 7744.80118512745, 'fire_exp': 1.5201277403788451, 'P_half': 147.09699119495133, 'pre_dampen_half': 0.14399867863160215, 'gpp_af': 51.72004221341863, 'gpp_b': 3.228689523591491e-05, 'gpp_d': 4.25060659305504, 'ign_k': 0.017654048052495083, 'ign_c': 14.810800730363484}.
[I 2026-08-05 23:45:33,918] Trial 365 finished with values: [-0.4884428825590291, 0.14726103543249824] and parameters: {'k1': 0.014666151770108535, 'D_low': 9.330007965781027, 'k2': 0.005456725485601475, 'D_high': 949.9072859745386, 'fire_exp': 1.182396148413737, 'P_half': 608.3019192425825, 'pre_dampen_half': 36.876350096203005, 'gpp_af': 22.766850248686247, 'gpp_b': 3.228689523591491e-05, 'gpp_d': 891.8036602897795, 'ign_k': 3.7173717478250508, 'ign_c': 2.4287565087611744}.
[I 2026-08-05 23:45:34,972] Trial 366 finished with values: [10.119172877667566, 10.119172877667566] and parameters: {'k1': 7.841214856323651e-05, 'D_low': 396.8136435370147, 'k2': 0.005456725485601475, 'D_high': 6455.595882939566, 'fire_exp': 1.182396148413737, 'P_half': 95.65499215943822, 'pre_dampen_half': 33.9790424311127, 'gpp_af': 0.0025511964576171086, 'gpp_b': 3.228689523591491e-05, 'gpp_d': 10.931606102061748, 'ign_k': 0.11101191524846071, 'ign_c': 10.140635645866492}.
[I 2026-08-05 23:45:36,019] Trial 367 finished with values: [-0.5116858354864446, 0.1966799286595018] and parameters: {'k1': 0.005967518552547517, 'D_low': 7.068974950624602, 'k2': 0.00011939136672856547, 'D_high': 1123.9682517242118, 'fire_exp': 1.1044852285094786, 'P_half': 8.369109437186466, 'pre_dampen_half': 36.876350096203005, 'gpp_af': 83.56239973758213, 'gpp_b': 3.228689523591491e-05, 'gpp_d': 4.25060659305504, 'ign_k': 0.01474275315991467, 'ign_c': 14.810800730363484}.
[I 2026-08-05 23:45:37,063] Trial 368 finished with values: [10.735482468708774, 10.735482468708774] and parameters: {'k1': 0.0029707920514735983, 'D_low': 2.1234210963705626, 'k2': 1.1184534120760473e-05, 'D_high': 75773.14388518519, 'fire_exp': 1.1670151053031461, 'P_half': 93.34064019986363, 'pre_dampen_half': 36.876350096203005, 'gpp_af': 0.001162712343304238, 'gpp_b': 0.011750724729953272, 'gpp_d': 0.0763203160273735, 'ign_k': 0.01474275315991467, 'ign_c': 6.160975294741436}.
[I 2026-08-05 23:45:38,168] Trial 369 finished with values: [10.04029651911816, 10.04029651911816] and parameters: {'k1': 7.841214856323651e-05, 'D_low': 7.068974950624602, 'k2': 1.1184534120760473e-05, 'D_high': 29.580419692843236, 'fire_exp': 1.1044852285094786, 'P_half': 24.136213194527585, 'pre_dampen_half': 304.7488318185732, 'gpp_af': 11.234842109991876, 'gpp_b': 3.228689523591491e-05, 'gpp_d': 0.12659922449669828, 'ign_k': 0.005568690083197025, 'ign_c': 47.268615251255675}.
[I 2026-08-05 23:45:39,241] Trial 370 finished with values: [10.257148769573156, 10.257148769573156] and parameters: {'k1': 0.0017320535908244437, 'D_low': 2.1234210963705626, 'k2': 1.1184534120760473e-05, 'D_high': 3660.150802571655, 'fire_exp': 1.1044852285094786, 'P_half': 147.09699119495133, 'pre_dampen_half': 107.40052367919465, 'gpp_af': 35.20481045526041, 'gpp_b': 0.10123867001105968, 'gpp_d': 4.25060659305504, 'ign_k': 0.03141110271934876, 'ign_c': 6.160975294741436}.
[I 2026-08-05 23:45:40,298] Trial 371 finished with values: [10.502413252717187, 10.502413252717187] and parameters: {'k1': 0.00012105387404469581, 'D_low': 2.458603276328005, 'k2': 3.5917714215176105e-05, 'D_high': 6455.595882939566, 'fire_exp': 1.5201277403788451, 'P_half': 215.55950571043874, 'pre_dampen_half': 111.37963167994629, 'gpp_af': 1.6595781802652418, 'gpp_b': 0.0025416076006960116, 'gpp_d': 79.05373031352391, 'ign_k': 0.6097546255373116, 'ign_c': 10.140635645866492}.
[I 2026-08-05 23:45:41,386] Trial 372 finished with values: [-0.5648709620558799, 0.12579274498294668] and parameters: {'k1': 0.0002514786015817364, 'D_low': 4.051452710153359, 'k2': 0.0007081721844034209, 'D_high': 85018.70149611714, 'fire_exp': 1.5201277403788451, 'P_half': 39.03214299767183, 'pre_dampen_half': 703.6426675556048, 'gpp_af': 29.925002022877802, 'gpp_b': 0.7987896438549947, 'gpp_d': 34.37107943937136, 'ign_k': 0.4702627143647234, 'ign_c': 0.17036120617148395}.
[I 2026-08-05 23:45:42,435] Trial 373 finished with values: [10.203564206794914, 10.203564206794914] and parameters: {'k1': 0.002971796631657383, 'D_low': 918.4900818511542, 'k2': 0.031211489608802344, 'D_high': 75773.14388518519, 'fire_exp': 1.1670151053031461, 'P_half': 10.226988730324324, 'pre_dampen_half': 53.73093479067421, 'gpp_af': 29.925002022877802, 'gpp_b': 3.228689523591491e-05, 'gpp_d': 5.878566318396007, 'ign_k': 0.01474275315991467, 'ign_c': 6.160975294741436}.
[I 2026-08-05 23:45:43,658] Trial 374 finished with values: [10.667067603051228, 10.667067603051228] and parameters: {'k1': 3.634567200581791e-05, 'D_low': 29.89885508829526, 'k2': 3.5917714215176105e-05, 'D_high': 8241.92526487646, 'fire_exp': 2.2881850891698634, 'P_half': 12.808863354047988, 'pre_dampen_half': 700.6693992445935, 'gpp_af': 5.511863475708366, 'gpp_b': 0.011750724729953272, 'gpp_d': 4.5768578731086835, 'ign_k': 0.0026834162496848666, 'ign_c': 6.160975294741436}.
