[I 2026-08-19 12:55:10,214] Trial 210 finished with values: [-0.3554625854118624, 0.0] and parameters: {'k1': 0.00013174543864342755, 'D_low': 536033.1935690228, 'k2': 0.008945150807271526, 'D_high': 21189.675944936007, 'fire_exp': 4.089975874386939, 'P_half': 47.687027229313756, 'pre_dampen_half': 0.173242701549491, 'gpp_af': 0.060237008157478775, 'gpp_b': 0.3524330779511354, 'gpp_d': 0.011802321563258196, 'ign_k': 0.20639617012599235, 'ign_c': 0.15276032303600073, 'trop_agb_crit': 1.1485803434383741, 'trop_k_veg': 5.358548772317544, 'pop_amp': 1.0628049289894101, 'pop_peak': 5.475274111905318, 'pop_sig': 0.31316568569786407, 'fuel_k': 0.23215778853982408, 'fuel_half': 2.6327844992182525}.
[I 2026-08-19 12:55:12,699] Trial 211 finished with values: [-0.40117984422579783, 1.620219152176361e-07] and parameters: {'k1': 1.844951990812239e-05, 'D_low': 27972.024228472703, 'k2': 0.0019856031481305684, 'D_high': 6543576.946931886, 'fire_exp': 6.454675979546216, 'P_half': 1265.0580856641704, 'pre_dampen_half': 30.11226646948154, 'gpp_af': 0.006580815488709274, 'gpp_b': 0.004411400434514031, 'gpp_d': 118.26972885708257, 'ign_k': 0.04439802552990466, 'ign_c': 12.366924205139131, 'trop_agb_crit': 3.3887235042490564, 'trop_k_veg': 6.972354563243685, 'pop_amp': 6.746076139939917, 'pop_peak': 4.557885026195722, 'pop_sig': 1.0424917012813995, 'fuel_k': 0.6153584041797165, 'fuel_half': 0.3497028715561063}.
[I 2026-08-19 12:55:15,010] Trial 212 finished with values: [-0.35892537583916073, 9.43689570931383e-15] and parameters: {'k1': 0.0005681482545113264, 'D_low': 1.8677210807213769, 'k2': 0.007962155254465001, 'D_high': 1814.597053180889, 'fire_exp': 4.291626251159958, 'P_half': 5347.027553411488, 'pre_dampen_half': 2.7123436122934654, 'gpp_af': 0.9346598275601615, 'gpp_b': 0.13406466700501582, 'gpp_d': 0.02183661391281564, 'ign_k': 0.0023181776112903506, 'ign_c': 68.0281020578672, 'trop_agb_crit': 1.257433437731036, 'trop_k_veg': 6.9761380404514854, 'pop_amp': 0.29266686632819644, 'pop_peak': 0.08738617022933418, 'pop_sig': 0.7020782687730053, 'fuel_k': 2.6379166421137854, 'fuel_half': 99.80516566417303}.
[I 2026-08-19 12:55:17,291] Trial 213 finished with values: [-0.40857337984062647, 1.1219404965068236e-06] and parameters: {'k1': 0.0004846497679219079, 'D_low': 14577.755664212387, 'k2': 0.0002001342062287998, 'D_high': 324.1860728315053, 'fire_exp': 1.8678802571070678, 'P_half': 2065.142557895925, 'pre_dampen_half': 0.607808309968195, 'gpp_af': 0.11134482360128048, 'gpp_b': 1.788789091682049e-05, 'gpp_d': 2.0418743718729573, 'ign_k': 1.6172900811143154, 'ign_c': 0.41058739502907604, 'trop_agb_crit': 3.695702972706243, 'trop_k_veg': 2.0329217931687547, 'pop_amp': 0.4264646201538291, 'pop_peak': 0.05281056279423359, 'pop_sig': 1.8623612109022214, 'fuel_k': 3.8865617480844983, 'fuel_half': 4.959062145413503}.
[I 2026-08-19 12:55:19,605] Trial 214 finished with values: [-0.3554625854118624, 0.0] and parameters: {'k1': 0.008023527304678842, 'D_low': 716328.9063135319, 'k2': 0.011911039386071291, 'D_high': 866.4406862241786, 'fire_exp': 7.0737122729658894, 'P_half': 9.758709881516557, 'pre_dampen_half': 1.7894545674847269, 'gpp_af': 0.0024676405980083274, 'gpp_b': 5.300369711220893, 'gpp_d': 10.736758192045198, 'ign_k': 0.00821431252199958, 'ign_c': 60.79905434073397, 'trop_agb_crit': 8.18559705330321, 'trop_k_veg': 1.349711319511071, 'pop_amp': 0.004708042915737182, 'pop_peak': 285.48911231893095, 'pop_sig': 0.8854553643686127, 'fuel_k': 1.3983545687571308, 'fuel_half': 9.562955396652193}.
[I 2026-08-19 12:55:21,874] Trial 215 finished with values: [-0.3554625854118624, 0.0] and parameters: {'k1': 0.011069082134755388, 'D_low': 50340.563942871704, 'k2': 0.04006890332238649, 'D_high': 577.4987726789047, 'fire_exp': 3.8979230431144027, 'P_half': 5347.027553411488, 'pre_dampen_half': 1.2841171149443682, 'gpp_af': 36.830088529547496, 'gpp_b': 0.00045810684751934107, 'gpp_d': 0.043181981126981975, 'ign_k': 0.06863458703786214, 'ign_c': 120.2193048491502, 'trop_agb_crit': 10.886548068709027, 'trop_k_veg': 2.5117307861546383, 'pop_amp': 0.0023285309081692643, 'pop_peak': 17.64763592374909, 'pop_sig': 0.8497567836052746, 'fuel_k': 0.3176626387065175, 'fuel_half': 5.430507564500919}.
[I 2026-08-19 12:55:24,314] Trial 216 finished with values: [-0.3554625854118624, 0.0] and parameters: {'k1': 0.011069082134755388, 'D_low': 122.13924959062801, 'k2': 0.001481080073036349, 'D_high': 1125.2084792690184, 'fire_exp': 1.8493890000580158, 'P_half': 3269.790633391691, 'pre_dampen_half': 97.08007608568462, 'gpp_af': 12.971876440863593, 'gpp_b': 1.2690840169394997, 'gpp_d': 217.00563172707407, 'ign_k': 0.681478104652993, 'ign_c': 120.2193048491502, 'trop_agb_crit': 2.0835015454357144, 'trop_k_veg': 3.2956501175550894, 'pop_amp': 0.4577897804124867, 'pop_peak': 0.08341701352955977, 'pop_sig': 0.8497567836052746, 'fuel_k': 0.3176626387065175, 'fuel_half': 8.17127270071559}.
  trial  217/2500  pareto_size=19  best_ilamb=0.6094  (9.7 min)
[I 2026-08-19 12:55:26,788] Trial 217 finished with values: [-0.402679328376305, 3.7823066900699587e-10] and parameters: {'k1': 4.929552311643645e-05, 'D_low': 286.06841726052676, 'k2': 0.0003856302813879373, 'D_high': 54015.7239792564, 'fire_exp': 4.3161213924316595, 'P_half': 6281.776703992854, 'pre_dampen_half': 0.7465571739720183, 'gpp_af': 0.005018406982902927, 'gpp_b': 0.010442814210473004, 'gpp_d': 0.19553384550454228, 'ign_k': 0.3699359899959751, 'ign_c': 17.321868366117503, 'trop_agb_crit': 1.271272336700571, 'trop_k_veg': 2.968382718115938, 'pop_amp': 0.0013002472438361158, 'pop_peak': 10.679600530994481, 'pop_sig': 2.1785636353327757, 'fuel_k': 0.022805907608636752, 'fuel_half': 1.4605276344629996}.
[I 2026-08-19 12:55:29,400] Trial 218 finished with values: [-0.3554625854118624, 0.0] and parameters: {'k1': 0.034288109438625244, 'D_low': 368564.667491501, 'k2': 0.09541821559010193, 'D_high': 110.50234523355934, 'fire_exp': 2.4902446681314054, 'P_half': 1078.832206002305, 'pre_dampen_half': 30.20668663862189, 'gpp_af': 0.005881383945248695, 'gpp_b': 0.7852333744217085, 'gpp_d': 0.13249602803264168, 'ign_k': 0.007857247967427126, 'ign_c': 14.05716335102249, 'trop_agb_crit': 7.513532694186442, 'trop_k_veg': 2.497257918262611, 'pop_amp': 0.0024745009897501106, 'pop_peak': 297.13615180471083, 'pop_sig': 0.4608292650672527, 'fuel_k': 0.02289876396419942, 'fuel_half': 46.37076274653071}.
[I 2026-08-19 12:55:31,796] Trial 219 finished with values: [-0.42047972224753283, 0.000199451054093025] and parameters: {'k1': 0.0004846497679219079, 'D_low': 437.4364439939077, 'k2': 3.077180271250682e-05, 'D_high': 2979751.682713254, 'fire_exp': 1.8678802571070678, 'P_half': 4337.920697490941, 'pre_dampen_half': 0.19674328025306115, 'gpp_af': 0.11134482360128048, 'gpp_b': 0.0007417652034871827, 'gpp_d': 0.050654860639753524, 'ign_k': 1.6172900811143154, 'ign_c': 5.141531903173451, 'trop_agb_crit': 27.05166881899929, 'trop_k_veg': 3.291143953379188, 'pop_amp': 0.008683934086503814, 'pop_peak': 0.05281056279423359, 'pop_sig': 1.528568913478884, 'fuel_k': 0.03848144961814478, 'fuel_half': 0.18427970406864538}.
[I 2026-08-19 12:55:34,120] Trial 220 finished with values: [-0.3878194728544805, 1.2090661805075342e-11] and parameters: {'k1': 0.032845299795769424, 'D_low': 16402.29067110099, 'k2': 0.0007406380926311093, 'D_high': 577.4987726789047, 'fire_exp': 1.4690410989404576, 'P_half': 1739.6167422846984, 'pre_dampen_half': 216.45199495862124, 'gpp_af': 51.72004221341863, 'gpp_b': 0.011696458740181149, 'gpp_d': 13.026655193291248, 'ign_k': 1.5602015889668863, 'ign_c': 0.8369109437186465, 'trop_agb_crit': 1.822859970813982, 'trop_k_veg': 4.541505658710469, 'pop_amp': 0.00633689568192959, 'pop_peak': 1.421337820414783, 'pop_sig': 0.5598417308492872, 'fuel_k': 0.01824299099180509, 'fuel_half': 5.430507564500919}.
[I 2026-08-19 12:55:36,649] Trial 221 finished with values: [-0.38424964504175, 4.968536512994781e-06] and parameters: {'k1': 0.028670350305540694, 'D_low': 9594.602618277151, 'k2': 1.2748758606816134e-05, 'D_high': 1814.597053180889, 'fire_exp': 6.464773756830049, 'P_half': 1.332700437360483, 'pre_dampen_half': 300.3420512048734, 'gpp_af': 1.4381397836784893, 'gpp_b': 1.1615179049175124e-05, 'gpp_d': 2.3230017312141893, 'ign_k': 0.0023181776112903506, 'ign_c': 225.58738962142354, 'trop_agb_crit': 13.763560673020894, 'trop_k_veg': 6.9761380404514854, 'pop_amp': 0.29266686632819644, 'pop_peak': 0.08738617022933418, 'pop_sig': 0.7020782687730053, 'fuel_k': 0.8174966438857849, 'fuel_half': 2.01596048776016}.
[I 2026-08-19 12:55:38,988] Trial 222 finished with values: [-0.4043121436891187, 3.9957661623901686e-09] and parameters: {'k1': 0.0004846497679219079, 'D_low': 26637.521271705016, 'k2': 0.0002001342062287998, 'D_high': 46.00919967107137, 'fire_exp': 1.8678802571070678, 'P_half': 2065.142557895925, 'pre_dampen_half': 0.607808309968195, 'gpp_af': 0.11134482360128048, 'gpp_b': 1.788789091682049e-05, 'gpp_d': 0.050654860639753524, 'ign_k': 1.6172900811143154, 'ign_c': 5.141531903173451, 'trop_agb_crit': 3.695702972706243, 'trop_k_veg': 3.291143953379188, 'pop_amp': 0.008683934086503814, 'pop_peak': 0.05281056279423359, 'pop_sig': 1.528568913478884, 'fuel_k': 0.9199338799678547, 'fuel_half': 1.7895437790635824}.
[I 2026-08-19 12:55:41,336] Trial 223 finished with values: [-0.4064696776558764, 1.311127639791465e-07] and parameters: {'k1': 1.8064907756357243e-05, 'D_low': 16402.29067110099, 'k2': 0.0007731571570012607, 'D_high': 24493.271671328574, 'fire_exp': 3.7695400350033266, 'P_half': 2.6198194454351658, 'pre_dampen_half': 1.8469033699850426, 'gpp_af': 0.8125629376969175, 'gpp_b': 4.038332634638232, 'gpp_d': 1.0088237648985734, 'ign_k': 0.17320535908244444, 'ign_c': 0.4177928311636542, 'trop_agb_crit': 1.8566494291193822, 'trop_k_veg': 5.453348988480011, 'pop_amp': 11.72926995754655, 'pop_peak': 2.016436598480055, 'pop_sig': 0.4663206866626952, 'fuel_k': 0.27631890369709744, 'fuel_half': 1.683458881839943}.
[I 2026-08-19 12:55:43,735] Trial 224 finished with values: [-0.3780480257715898, 2.571172164067548e-10] and parameters: {'k1': 9.67404566214593e-05, 'D_low': 82151.19893998209, 'k2': 0.015763894361785387, 'D_high': 46.00919967107137, 'fire_exp': 1.8678802571070678, 'P_half': 2065.142557895925, 'pre_dampen_half': 0.607808309968195, 'gpp_af': 0.0028701881471957036, 'gpp_b': 1.788789091682049e-05, 'gpp_d': 0.050654860639753524, 'ign_k': 1.6172900811143154, 'ign_c': 6.0816733722841345, 'trop_agb_crit': 3.695702972706243, 'trop_k_veg': 4.129715873342728, 'pop_amp': 0.4560100710039961, 'pop_peak': 0.05281056279423359, 'pop_sig': 1.6014049129068106, 'fuel_k': 0.9199338799678547, 'fuel_half': 1.7895437790635824}.
[I 2026-08-19 12:55:45,930] Trial 225 finished with values: [-0.3554625854118624, 0.0] and parameters: {'k1': 0.019894080167856886, 'D_low': 536033.1935690228, 'k2': 0.008559572793311807, 'D_high': 24796.57987943952, 'fire_exp': 4.089975874386939, 'P_half': 47.687027229313756, 'pre_dampen_half': 0.173242701549491, 'gpp_af': 1.9600139992927448, 'gpp_b': 0.3524330779511354, 'gpp_d': 217.00563172707407, 'ign_k': 0.681478104652993, 'ign_c': 222.87087260110138, 'trop_agb_crit': 5.12586335774155, 'trop_k_veg': 3.2956501175550894, 'pop_amp': 1.0628049289894101, 'pop_peak': 0.18401217748485388, 'pop_sig': 0.36020116569588484, 'fuel_k': 2.800220309203497, 'fuel_half': 41.2601291684027}.
  trial  226/2500  pareto_size=19  best_ilamb=0.6094  (10.1 min)
[I 2026-08-19 12:55:48,510] Trial 226 finished with values: [-0.420349739795374, 7.859326917047937e-07] and parameters: {'k1': 1.844951990812239e-05, 'D_low': 27972.024228472703, 'k2': 0.0019856031481305684, 'D_high': 1124534.1807254362, 'fire_exp': 5.197864628432944, 'P_half': 1517.2922775770444, 'pre_dampen_half': 0.2571419084734534, 'gpp_af': 0.006580815488709274, 'gpp_b': 9.67374839440457e-05, 'gpp_d': 118.26972885708257, 'ign_k': 9.162638829638215, 'ign_c': 12.366924205139131, 'trop_agb_crit': 3.544180417534903, 'trop_k_veg': 5.691473319778836, 'pop_amp': 0.04874366481145617, 'pop_peak': 162.62551614461097, 'pop_sig': 0.6871869718280653, 'fuel_k': 0.11148299766359336, 'fuel_half': 2.44365199339694}.
[I 2026-08-19 12:55:55,435] Trial 227 finished with values: [-0.406338558265172, 0.00031011269495972993] and parameters: {'k1': 1.8064907756357243e-05, 'D_low': 27972.024228472703, 'k2': 0.0002191739661157602, 'D_high': 24493.271671328574, 'fire_exp': 1.1633452995374232, 'P_half': 1265.0580856641704, 'pre_dampen_half': 0.10189118197357125, 'gpp_af': 0.8125629376969175, 'gpp_b': 4.038332634638232, 'gpp_d': 118.26972885708257, 'ign_k': 0.17320535908244444, 'ign_c': 0.28376065854345905, 'trop_agb_crit': 3.3887235042490564, 'trop_k_veg': 5.453348988480011, 'pop_amp': 0.0034369873301918173, 'pop_peak': 2.016436598480055, 'pop_sig': 0.4663206866626952, 'fuel_k': 0.27631890369709744, 'fuel_half': 1.683458881839943}.
[I 2026-08-19 12:55:59,525] Trial 228 finished with values: [-0.43310403320307655, 0.006416298653779684] and parameters: {'k1': 0.0029070516815839368, 'D_low': 1.6569065206637925, 'k2': 0.0019856031481305684, 'D_high': 24493.271671328574, 'fire_exp': 1.1633452995374232, 'P_half': 6281.776703992854, 'pre_dampen_half': 0.10189118197357125, 'gpp_af': 0.41874665092828456, 'gpp_b': 0.004411400434514031, 'gpp_d': 1.0088237648985734, 'ign_k': 0.3818468247973969, 'ign_c': 0.5110256715654393, 'trop_agb_crit': 3.3887235042490564, 'trop_k_veg': 5.691473319778836, 'pop_amp': 11.72926995754655, 'pop_peak': 2.016436598480055, 'pop_sig': 0.4663206866626952, 'fuel_k': 1.3626356448811705, 'fuel_half': 1.683458881839943}.
[I 2026-08-19 12:56:03,190] Trial 229 finished with values: [-0.3554625854118624, 0.0] and parameters: {'k1': 0.024933463261727313, 'D_low': 604950.5313715198, 'k2': 0.0009071933427331367, 'D_high': 2845739.381375801, 'fire_exp': 2.4271562127665014, 'P_half': 229.5739821454948, 'pre_dampen_half': 0.015744687922205295, 'gpp_af': 0.0028701881471957036, 'gpp_b': 0.0001197012410697741, 'gpp_d': 479.4837252202705, 'ign_k': 6.32338195106678, 'ign_c': 459.14852167405303, 'trop_agb_crit': 1.391686660241692, 'trop_k_veg': 3.45738453011802, 'pop_amp': 0.019006712253386706, 'pop_peak': 4.538219736113045, 'pop_sig': 1.804482856986987, 'fuel_k': 0.6763941362086655, 'fuel_half': 16.684217902257085}.
[I 2026-08-19 12:56:05,780] Trial 230 finished with values: [-0.39493972244635256, 1.4921952562474416e-11] and parameters: {'k1': 0.006117912981900519, 'D_low': 1368.9795993592197, 'k2': 0.00027413507419758244, 'D_high': 577.4987726789047, 'fire_exp': 7.856097010829145, 'P_half': 267.2146013620241, 'pre_dampen_half': 1.3202414283299975, 'gpp_af': 36.830088529547496, 'gpp_b': 4.038332634638232, 'gpp_d': 63.84398027045259, 'ign_k': 0.009935023909063692, 'ign_c': 0.8916066514644356, 'trop_agb_crit': 28.49245476864681, 'trop_k_veg': 0.5286133593985778, 'pop_amp': 0.0021433490423168255, 'pop_peak': 1.421337820414783, 'pop_sig': 0.5314193463179775, 'fuel_k': 0.27631890369709744, 'fuel_half': 5.430507564500919}.
[I 2026-08-19 12:56:08,376] Trial 231 finished with values: [-0.38200476071873435, 9.536126333031802e-10] and parameters: {'k1': 0.008023527304678842, 'D_low': 131.8600900985155, 'k2': 0.0011619873314872927, 'D_high': 29.268995763513708, 'fire_exp': 6.2400230621325194, 'P_half': 7683.876502998063, 'pre_dampen_half': 30.960543083273937, 'gpp_af': 0.0024676405980083274, 'gpp_b': 0.0007197235239700669, 'gpp_d': 650.4921701204659, 'ign_k': 0.5481818979974936, 'ign_c': 0.4471649524144918, 'trop_agb_crit': 4.018584329485901, 'trop_k_veg': 4.891066132801691, 'pop_amp': 12.165162567684659, 'pop_peak': 66.11673186504072, 'pop_sig': 1.0264911386548754, 'fuel_k': 0.9666195090843235, 'fuel_half': 62.83266061384217}.
  trial  232/2500  pareto_size=19  best_ilamb=0.6094  (10.5 min)
[I 2026-08-19 12:56:10,858] Trial 232 finished with values: [-0.3554625854118624, 0.0] and parameters: {'k1': 1.8064907756357243e-05, 'D_low': 16402.29067110099, 'k2': 0.0002191739661157602, 'D_high': 24493.271671328574, 'fire_exp': 3.7695400350033266, 'P_half': 6281.776703992854, 'pre_dampen_half': 1.8469033699850426, 'gpp_af': 42.947523481442836, 'gpp_b': 0.008968044580295738, 'gpp_d': 1.0088237648985734, 'ign_k': 0.06863458703786214, 'ign_c': 832.0133621840175, 'trop_agb_crit': 8.711333668367427, 'trop_k_veg': 1.2440172074061366, 'pop_amp': 0.5300002490710547, 'pop_peak': 0.5393162598439744, 'pop_sig': 0.2977167961863623, 'fuel_k': 0.022805907608636752, 'fuel_half': 1.683458881839943}.
[I 2026-08-19 12:56:13,661] Trial 233 finished with values: [-0.3652399069071391, 1.4942676232587715e-05] and parameters: {'k1': 0.011069082134755388, 'D_low': 437.4364439939077, 'k2': 3.077180271250682e-05, 'D_high': 9355.38060645217, 'fire_exp': 1.0824018381500955, 'P_half': 5347.027553411488, 'pre_dampen_half': 0.19674328025306115, 'gpp_af': 12.971876440863593, 'gpp_b': 0.13406466700501582, 'gpp_d': 0.043181981126981975, 'ign_k': 0.015990213696558658, 'ign_c': 120.2193048491502, 'trop_agb_crit': 17.69486533706496, 'trop_k_veg': 0.8258248924958269, 'pop_amp': 0.0023285309081692643, 'pop_peak': 0.08341701352955977, 'pop_sig': 0.9904669476016459, 'fuel_k': 0.3176626387065175, 'fuel_half': 8.17127270071559}.
[I 2026-08-19 12:56:16,126] Trial 234 finished with values: [-0.3554625854118624, 0.0] and parameters: {'k1': 1.392416289024867e-05, 'D_low': 621.7103663128163, 'k2': 0.001481080073036349, 'D_high': 24796.57987943952, 'fire_exp': 3.8979230431144027, 'P_half': 3269.790633391691, 'pre_dampen_half': 0.015372374060846974, 'gpp_af': 12.971876440863593, 'gpp_b': 0.001449251800073137, 'gpp_d': 217.00563172707407, 'ign_k': 0.681478104652993, 'ign_c': 120.2193048491502, 'trop_agb_crit': 2.0835015454357144, 'trop_k_veg': 2.8119323832865257, 'pop_amp': 0.4577897804124867, 'pop_peak': 86.38271491072675, 'pop_sig': 0.36020116569588484, 'fuel_k': 0.3176626387065175, 'fuel_half': 8.17127270071559}.
[I 2026-08-19 12:56:18,715] Trial 235 finished with values: [-0.3554625854118624, 0.0] and parameters: {'k1': 0.006138509947844854, 'D_low': 16402.29067110099, 'k2': 0.0003856302813879373, 'D_high': 577.4987726789047, 'fire_exp': 6.44705173818705, 'P_half': 6281.776703992854, 'pre_dampen_half': 0.05437101051096082, 'gpp_af': 49.583649914027546, 'gpp_b': 0.011696458740181149, 'gpp_d': 3.2179661649786304, 'ign_k': 1.5602015889668863, 'ign_c': 117.15293025123641, 'trop_agb_crit': 10.886548068709027, 'trop_k_veg': 1.2440172074061366, 'pop_amp': 0.4999422261927467, 'pop_peak': 1.421337820414783, 'pop_sig': 2.4100357112052566, 'fuel_k': 2.3638015628656124, 'fuel_half': 5.430507564500919}.
[I 2026-08-19 12:56:21,016] Trial 236 finished with values: [-0.3554625854118624, 0.0] and parameters: {'k1': 0.021863563449420156, 'D_low': 806144.8506535876, 'k2': 0.015109330261674455, 'D_high': 107.17061306668224, 'fire_exp': 1.1633452995374232, 'P_half': 1265.0580856641704, 'pre_dampen_half': 372.8155624293852, 'gpp_af': 0.41874665092828456, 'gpp_b': 0.028780534359197463, 'gpp_d': 1.0088237648985734, 'ign_k': 0.3818468247973969, 'ign_c': 0.5110256715654393, 'trop_agb_crit': 16.812382192913706, 'trop_k_veg': 0.8861882400007739, 'pop_amp': 0.0011150475527947471, 'pop_peak': 0.1939631395974494, 'pop_sig': 1.9859058288798883, 'fuel_k': 2.6779274788719736, 'fuel_half': 1.9255395572015603}.
[I 2026-08-19 12:56:23,465] Trial 237 finished with values: [-0.41646972045698494, 6.676270323247024e-07] and parameters: {'k1': 4.929552311643645e-05, 'D_low': 50340.563942871704, 'k2': 0.0032792262899971644, 'D_high': 1840060.4093141211, 'fire_exp': 5.433392060430592, 'P_half': 1636.5290600718067, 'pre_dampen_half': 0.7465571739720183, 'gpp_af': 1.3467890557370734, 'gpp_b': 0.010442814210473004, 'gpp_d': 108.18665579547857, 'ign_k': 0.43129510236174595, 'ign_c': 0.4484744524732794, 'trop_agb_crit': 3.544180417534903, 'trop_k_veg': 2.968382718115938, 'pop_amp': 0.0013002472438361158, 'pop_peak': 503.7153440645595, 'pop_sig': 1.804482856986987, 'fuel_k': 0.022805907608636752, 'fuel_half': 17.890117928710357}.
[I 2026-08-19 12:56:26,017] Trial 238 finished with values: [-0.4245596427777619, 0.08879256803651314] and parameters: {'k1': 5.7909642338812115e-05, 'D_low': 1368.9795993592197, 'k2': 0.00010226988730324317, 'D_high': 24493.271671328574, 'fire_exp': 1.1633452995374232, 'P_half': 111.3550118475728, 'pre_dampen_half': 1.8469033699850426, 'gpp_af': 0.41874665092828456, 'gpp_b': 0.004835865362182062, 'gpp_d': 1.0088237648985734, 'ign_k': 0.009935023909063692, 'ign_c': 0.4177928311636542, 'trop_agb_crit': 1.8566494291193822, 'trop_k_veg': 0.5286133593985778, 'pop_amp': 0.0021433490423168255, 'pop_peak': 0.4058954892105276, 'pop_sig': 0.4663206866626952, 'fuel_k': 0.6153584041797165, 'fuel_half': 46.94418916845851}.
[I 2026-08-19 12:56:28,407] Trial 239 finished with values: [-0.41890545516041555, 0.0012847589942470705] and parameters: {'k1': 0.0003944671255903532, 'D_low': 2.1309331861011747, 'k2': 0.0002191739661157602, 'D_high': 656327.636151562, 'fire_exp': 1.010722707674549, 'P_half': 21.577279477693462, 'pre_dampen_half': 0.9791370130598966, 'gpp_af': 0.4863825828994064, 'gpp_b': 3.3047126165675627, 'gpp_d': 0.5391752791214324, 'ign_k': 0.02442377596403895, 'ign_c': 89.12611835816996, 'trop_agb_crit': 4.655654379631494, 'trop_k_veg': 0.9320112612196061, 'pop_amp': 0.08829902947227952, 'pop_peak': 0.2017438358845408, 'pop_sig': 0.3752554385661973, 'fuel_k': 0.24240470828760216, 'fuel_half': 1.8062437132536941}.
