[I 2026-07-25 00:35:14,595] Trial 760 finished with value: 0.4347670690655494 and parameters: {'k1': 0.0027560906137105348, 'D_low': 821.2144993508516, 'k2': 0.0009380926278720659, 'D_high': 341533.9203760724, 'fire_exp': 1.2166806356701643, 'P_half': 50.580527595176484, 'pre_dampen_half': 0.49641319458026106, 'gpp_af': 0.6124916458640831, 'gpp_b': 0.0006034531621757017, 'gpp_d': 523.890200326568, 'ign_k': 0.003979616286310814, 'ign_c': 0.7345439177499918, 'trop_agb_crit': 7.9823070727364165, 'trop_k_veg': 2.2439905174055874, 'gdp_gamma': 0.8933192079484842, 'cure_k': 0.01843957069376986, 'cure_p_min': 183.57808937029014, 'cure_gpp_ref': 0.7522044462414155, 'cure_agb_crit': 5.077302763255687, 'fuel_k': 1.2297337178109153, 'fuel_half': 25.04520662540655}. Best is trial 577 with value: -0.629883323094065.
[I 2026-07-25 00:35:15,049] Trial 761 finished with value: 0.46647817744741915 and parameters: {'k1': 0.0013546000165862826, 'D_low': 1332.8137201019747, 'k2': 0.025242305862814094, 'D_high': 192408.82320805266, 'fire_exp': 2.213117050962503, 'P_half': 12.751886562356459, 'pre_dampen_half': 1.8510994185482608, 'gpp_af': 0.0015910922216324313, 'gpp_b': 3.0739067339421255e-05, 'gpp_d': 0.17234354781135536, 'ign_k': 0.31188171529209113, 'ign_c': 15.90264297534967, 'trop_agb_crit': 11.580964568651307, 'trop_k_veg': 2.416618223182757, 'gdp_gamma': 1.0459883558661862, 'cure_k': 0.0017696184681048265, 'cure_p_min': 149.68588812342932, 'cure_gpp_ref': 0.05525430757940166, 'cure_agb_crit': 1.9835351427178245, 'fuel_k': 1.0038402990303854, 'fuel_half': 98.77920935833889}. Best is trial 577 with value: -0.629883323094065.
[I 2026-07-25 00:35:15,501] Trial 762 finished with value: 0.5627886030815883 and parameters: {'k1': 0.0008884169296105824, 'D_low': 8.30457377571425, 'k2': 0.0008432582550526416, 'D_high': 28582.76695204323, 'fire_exp': 1.7595971304855424, 'P_half': 4.00060274067128, 'pre_dampen_half': 0.550021175855466, 'gpp_af': 0.13285791283400664, 'gpp_b': 0.33185250789260773, 'gpp_d': 95.47633160027516, 'ign_k': 0.6459798762275301, 'ign_c': 0.2444214616733549, 'trop_agb_crit': 1.2158542853799075, 'trop_k_veg': 1.3271907482678817, 'gdp_gamma': 0.1946076262529912, 'cure_k': 0.10426852973754475, 'cure_p_min': 202.3871617581528, 'cure_gpp_ref': 0.056034682281582135, 'cure_agb_crit': 1.1210552568834848, 'fuel_k': 0.4138521326253517, 'fuel_half': 3.4028021056302253}. Best is trial 577 with value: -0.629883323094065.
[I 2026-07-25 00:35:15,955] Trial 763 finished with value: 0.45895156069791965 and parameters: {'k1': 0.0004750867767830459, 'D_low': 181.22093108045132, 'k2': 5.635908701231569e-05, 'D_high': 3977480.224068719, 'fire_exp': 1.1721567953285004, 'P_half': 9.590933419316137, 'pre_dampen_half': 0.05952804239512375, 'gpp_af': 0.024386889682817235, 'gpp_b': 0.03918421626515882, 'gpp_d': 13.792334814743691, 'ign_k': 0.8549524350808023, 'ign_c': 0.17261008284200868, 'trop_agb_crit': 2.8168681516943037, 'trop_k_veg': 4.712512270557282, 'gdp_gamma': 1.1217809370779206, 'cure_k': 0.2605966361041475, 'cure_p_min': 366.0770552517614, 'cure_gpp_ref': 0.10367479382230069, 'cure_agb_crit': 1.34435170912328, 'fuel_k': 0.11427969904995433, 'fuel_half': 3.7326122267770803}. Best is trial 577 with value: -0.629883323094065.
[I 2026-07-25 00:35:16,407] Trial 764 finished with value: 0.46022118346145724 and parameters: {'k1': 0.000574798670753597, 'D_low': 458.42567067965, 'k2': 1.2271293746828116e-05, 'D_high': 2927453.369319831, 'fire_exp': 1.605964253355332, 'P_half': 180.6896896698302, 'pre_dampen_half': 0.02528321329496777, 'gpp_af': 12.119775345642427, 'gpp_b': 0.000859820531503722, 'gpp_d': 55.94687768850717, 'ign_k': 0.016463643018506408, 'ign_c': 2.5152864105392703, 'trop_agb_crit': 28.845796315616987, 'trop_k_veg': 1.4998137617589848, 'gdp_gamma': 0.7465763103473715, 'cure_k': 0.0013637476556313396, 'cure_p_min': 350.1856503495792, 'cure_gpp_ref': 0.6188278558035483, 'cure_agb_crit': 3.560846198853997, 'fuel_k': 0.28909765284351613, 'fuel_half': 8.751959673764189}. Best is trial 577 with value: -0.629883323094065.
[I 2026-07-25 00:35:16,861] Trial 765 finished with value: 0.41968126246564874 and parameters: {'k1': 0.015206902209439712, 'D_low': 195.37824771649292, 'k2': 0.00019350495046542508, 'D_high': 67921.72438902684, 'fire_exp': 1.1477883864224432, 'P_half': 2.524833038704626, 'pre_dampen_half': 2.618380514736038, 'gpp_af': 0.7440250554880613, 'gpp_b': 0.013648835418731426, 'gpp_d': 15.597560212335987, 'ign_k': 0.0140288687473925, 'ign_c': 2.498141358889405, 'trop_agb_crit': 4.297748964932826, 'trop_k_veg': 2.2868658714423695, 'gdp_gamma': 0.5099868882098371, 'cure_k': 0.07026982794558037, 'cure_p_min': 245.75245233571763, 'cure_gpp_ref': 0.13352594439319876, 'cure_agb_crit': 1.1399254245663484, 'fuel_k': 0.1587223444794382, 'fuel_half': 64.52195053763178}. Best is trial 577 with value: -0.629883323094065.
[I 2026-07-25 00:35:17,312] Trial 766 finished with value: -0.553303177283606 and parameters: {'k1': 2.9786165375314407e-05, 'D_low': 42.15151313769576, 'k2': 2.5040029855408982e-05, 'D_high': 4969142.087060085, 'fire_exp': 2.0861076899962696, 'P_half': 4.793851546051057, 'pre_dampen_half': 0.19070467765905919, 'gpp_af': 0.006944227423896739, 'gpp_b': 0.003941023123408996, 'gpp_d': 58.318250603356326, 'ign_k': 0.008646182713993979, 'ign_c': 61.44878257430295, 'trop_agb_crit': 8.529148624807519, 'trop_k_veg': 0.8633723926802828, 'gdp_gamma': 1.4720918871734348, 'cure_k': 0.1658633638047053, 'cure_p_min': 323.6667946736073, 'cure_gpp_ref': 0.08948761855664537, 'cure_agb_crit': 2.5221247788172145, 'fuel_k': 0.03321604981392782, 'fuel_half': 65.58930429485113}. Best is trial 577 with value: -0.629883323094065.
[I 2026-07-25 00:35:17,765] Trial 767 finished with value: 0.5869452603744032 and parameters: {'k1': 0.00026263882137908605, 'D_low': 357465.51064313663, 'k2': 0.015871927398164624, 'D_high': 156967.6568462106, 'fire_exp': 1.061328934277615, 'P_half': 134.43463941297858, 'pre_dampen_half': 1.8704175964268681, 'gpp_af': 0.7489146334714363, 'gpp_b': 0.0013241983100631403, 'gpp_d': 4.310644201521452, 'ign_k': 0.013468937826095866, 'ign_c': 0.19110171143653634, 'trop_agb_crit': 3.983965032796216, 'trop_k_veg': 2.605644400133028, 'gdp_gamma': 0.5982416809919159, 'cure_k': 0.023388655487461264, 'cure_p_min': 232.95232929850542, 'cure_gpp_ref': 0.724806738414089, 'cure_agb_crit': 3.861762414944679, 'fuel_k': 0.7684339780668878, 'fuel_half': 9.399075549623142}. Best is trial 577 with value: -0.629883323094065.
[I 2026-07-25 00:35:18,248] Trial 768 finished with value: 0.4922249563479121 and parameters: {'k1': 0.00470051129711467, 'D_low': 277.9540996061284, 'k2': 0.00034755805956684926, 'D_high': 363392.5447631813, 'fire_exp': 1.018093858944531, 'P_half': 5.284743832930312, 'pre_dampen_half': 6.556992191355848, 'gpp_af': 0.021487473060912178, 'gpp_b': 7.332199352042932, 'gpp_d': 88.37260752835194, 'ign_k': 0.04291937591640959, 'ign_c': 0.11271640173217158, 'trop_agb_crit': 5.951922805954212, 'trop_k_veg': 1.7168338026806012, 'gdp_gamma': 0.6891305068199873, 'cure_k': 0.11147183599361433, 'cure_p_min': 309.62454011841663, 'cure_gpp_ref': 0.06763305008249008, 'cure_agb_crit': 1.2980186124348148, 'fuel_k': 0.04014114735816018, 'fuel_half': 17.375836595370377}. Best is trial 577 with value: -0.629883323094065.
[I 2026-07-25 00:35:18,726] Trial 769 finished with value: 0.4500405418398812 and parameters: {'k1': 0.00169037532075214, 'D_low': 60563.9421055265, 'k2': 0.00015877014681462675, 'D_high': 344.73646458170373, 'fire_exp': 1.2352794795831425, 'P_half': 14.193254735701847, 'pre_dampen_half': 2.225396335718841, 'gpp_af': 2.5050166123692446, 'gpp_b': 0.0039907708732113325, 'gpp_d': 0.527843772742838, 'ign_k': 0.02324545398438703, 'ign_c': 0.5819129374731823, 'trop_agb_crit': 21.04898335812607, 'trop_k_veg': 2.383585722522254, 'gdp_gamma': 0.252805804157621, 'cure_k': 0.3028274141140339, 'cure_p_min': 252.01604965659556, 'cure_gpp_ref': 1.1782101333135335, 'cure_agb_crit': 2.6682783277457456, 'fuel_k': 0.09294057138190666, 'fuel_half': 1.569201335205256}. Best is trial 577 with value: -0.629883323094065.
[I 2026-07-25 00:35:19,185] Trial 770 finished with value: 0.5874135065031001 and parameters: {'k1': 0.00013094735323449102, 'D_low': 7.374450349775624, 'k2': 0.005229330808613786, 'D_high': 661048.7921870586, 'fire_exp': 6.842819020749781, 'P_half': 12.334826701090064, 'pre_dampen_half': 0.6330876689635582, 'gpp_af': 0.0016003873145099346, 'gpp_b': 0.0006656502382569114, 'gpp_d': 34.1265772254868, 'ign_k': 1.3902839064886028, 'ign_c': 1.5815623660731561, 'trop_agb_crit': 22.201834185931627, 'trop_k_veg': 1.2922800201794613, 'gdp_gamma': 0.14422881883885555, 'cure_k': 0.0011036920001309299, 'cure_p_min': 137.8897337252146, 'cure_gpp_ref': 0.05845817890056517, 'cure_agb_crit': 1.1910637605930317, 'fuel_k': 0.2947451706776096, 'fuel_half': 41.253831953318375}. Best is trial 577 with value: -0.629883323094065.
[I 2026-07-25 00:35:19,638] Trial 771 finished with value: 0.5503791076996597 and parameters: {'k1': 0.00014969694808441843, 'D_low': 6.567858796710403, 'k2': 0.00012809034074108417, 'D_high': 107167.55916215644, 'fire_exp': 1.2412003473019126, 'P_half': 3123.6581028504033, 'pre_dampen_half': 0.4936262152877456, 'gpp_af': 12.134949564755113, 'gpp_b': 1.3666071295666108e-05, 'gpp_d': 747.8027563702767, 'ign_k': 0.6270167178293445, 'ign_c': 5.96100836805792, 'trop_agb_crit': 6.781396720191455, 'trop_k_veg': 2.6674020008589867, 'gdp_gamma': 0.24889364746475895, 'cure_k': 0.0304135970235906, 'cure_p_min': 246.40070674604786, 'cure_gpp_ref': 0.21240809435706126, 'cure_agb_crit': 7.284515663549622, 'fuel_k': 0.03444710963310864, 'fuel_half': 16.605300837147244}. Best is trial 577 with value: -0.629883323094065.
[I 2026-07-25 00:35:20,093] Trial 772 finished with value: 0.5861618184120598 and parameters: {'k1': 0.00716206433795972, 'D_low': 3.001123289097551, 'k2': 0.00013662028362808996, 'D_high': 5379736.20778802, 'fire_exp': 1.5388816812897255, 'P_half': 9.698531893391344, 'pre_dampen_half': 0.3296962197631917, 'gpp_af': 0.07004239634403897, 'gpp_b': 2.3930102933222237, 'gpp_d': 9.783887443785378, 'ign_k': 0.08839357121154787, 'ign_c': 1.5999170423692404, 'trop_agb_crit': 9.52666991674298, 'trop_k_veg': 3.9496738461804686, 'gdp_gamma': 0.11351212276075874, 'cure_k': 0.023378884180322634, 'cure_p_min': 399.89641543242755, 'cure_gpp_ref': 0.31360834617417976, 'cure_agb_crit': 1.1735740082910255, 'fuel_k': 0.07490416235578448, 'fuel_half': 11.375985689395677}. Best is trial 577 with value: -0.629883323094065.
[I 2026-07-25 00:35:20,545] Trial 773 finished with value: 0.49625795184529675 and parameters: {'k1': 0.0027823889136670936, 'D_low': 3.5998597574077915, 'k2': 1.7477859253660647e-05, 'D_high': 9415902.405520333, 'fire_exp': 1.4272984603608174, 'P_half': 5.700043175613983, 'pre_dampen_half': 7.272757527268284, 'gpp_af': 0.07416090674261869, 'gpp_b': 0.03676246787876061, 'gpp_d': 24.065805460768715, 'ign_k': 0.2254506477130855, 'ign_c': 0.12501091918684104, 'trop_agb_crit': 1.2943489830117632, 'trop_k_veg': 2.4995189249416314, 'gdp_gamma': 0.3180831196610004, 'cure_k': 0.7288665857067967, 'cure_p_min': 233.7547992270435, 'cure_gpp_ref': 0.06083044613362145, 'cure_agb_crit': 1.3642947884977905, 'fuel_k': 0.014033555209245974, 'fuel_half': 63.43611021776384}. Best is trial 577 with value: -0.629883323094065.
[I 2026-07-25 00:35:21,000] Trial 774 finished with value: 0.6030000133068895 and parameters: {'k1': 0.0011713843050758805, 'D_low': 65858.1309058829, 'k2': 0.00024074663575229997, 'D_high': 4577.155742084146, 'fire_exp': 2.331762331046791, 'P_half': 28.755204338366035, 'pre_dampen_half': 0.820708211933101, 'gpp_af': 0.7698556719715108, 'gpp_b': 0.014861305142741057, 'gpp_d': 1.4593714260301724, 'ign_k': 0.07234406441334447, 'ign_c': 0.3787727841746211, 'trop_agb_crit': 15.748164013954852, 'trop_k_veg': 1.9619509027554962, 'gdp_gamma': 0.5501000884072271, 'cure_k': 0.005402223245518481, 'cure_p_min': 394.11765991216834, 'cure_gpp_ref': 1.3245451011917488, 'cure_agb_crit': 2.8461071035301564, 'fuel_k': 0.01167364236873564, 'fuel_half': 0.14846480698276945}. Best is trial 577 with value: -0.629883323094065.
[I 2026-07-25 00:35:21,454] Trial 775 finished with value: 0.44085166798665754 and parameters: {'k1': 0.020522265196798204, 'D_low': 95.12937292700248, 'k2': 0.004907184066370158, 'D_high': 650367.0593884614, 'fire_exp': 1.1031957191607555, 'P_half': 130.27474902815626, 'pre_dampen_half': 0.14674185315713392, 'gpp_af': 0.12559782552286594, 'gpp_b': 0.004424589515613693, 'gpp_d': 26.657609705544004, 'ign_k': 0.21721284384114845, 'ign_c': 0.5728157514022121, 'trop_agb_crit': 9.223691075687691, 'trop_k_veg': 4.186426440406942, 'gdp_gamma': 0.818184363785696, 'cure_k': 0.004049018955220829, 'cure_p_min': 378.00761042708376, 'cure_gpp_ref': 1.8764835866557767, 'cure_agb_crit': 2.7407775199910547, 'fuel_k': 0.26958635175271284, 'fuel_half': 3.108541838599872}. Best is trial 577 with value: -0.629883323094065.
[I 2026-07-25 00:35:21,911] Trial 776 finished with value: 0.5613839683545271 and parameters: {'k1': 3.292247475681923e-05, 'D_low': 7366.191305482543, 'k2': 1.1115211680394128e-05, 'D_high': 2799683.902404943, 'fire_exp': 2.0744781687510456, 'P_half': 1.233638690838329, 'pre_dampen_half': 1.6135306568153502, 'gpp_af': 0.0019582455831374914, 'gpp_b': 0.5530162717603628, 'gpp_d': 59.596093396499995, 'ign_k': 1.3273285822693945, 'ign_c': 4.952559597623466, 'trop_agb_crit': 10.572027736094462, 'trop_k_veg': 0.6830297298441931, 'gdp_gamma': 0.7256675881122094, 'cure_k': 0.04305202341666189, 'cure_p_min': 286.3159483143446, 'cure_gpp_ref': 0.15649535317893937, 'cure_agb_crit': 1.7655509006007435, 'fuel_k': 0.018990059445785717, 'fuel_half': 88.46514159736957}. Best is trial 577 with value: -0.629883323094065.
[I 2026-07-25 00:35:22,363] Trial 777 finished with value: 0.442147942879493 and parameters: {'k1': 0.043318471783414796, 'D_low': 1464.9453992486267, 'k2': 0.0005545572643173831, 'D_high': 6502043.958609924, 'fire_exp': 2.011192078594984, 'P_half': 689.7357681724619, 'pre_dampen_half': 6.0169901113971225, 'gpp_af': 0.0017422887271717894, 'gpp_b': 5.012209621989302e-05, 'gpp_d': 110.07892980565597, 'ign_k': 0.0026490873792073943, 'ign_c': 27.773938889260368, 'trop_agb_crit': 17.653001548829234, 'trop_k_veg': 0.7347502758188134, 'gdp_gamma': 1.580717773334131, 'cure_k': 0.033856510083549986, 'cure_p_min': 103.41956521393266, 'cure_gpp_ref': 0.26464956256830835, 'cure_agb_crit': 5.6687326392786375, 'fuel_k': 0.012098080653135735, 'fuel_half': 11.467090993017102}. Best is trial 577 with value: -0.629883323094065.
[I 2026-07-25 00:35:22,819] Trial 778 finished with value: 0.5103828452400208 and parameters: {'k1': 0.005608407382782901, 'D_low': 175.31451673437414, 'k2': 0.0013912031088851148, 'D_high': 10637.187148597526, 'fire_exp': 1.3478118456282342, 'P_half': 19.8417597714431, 'pre_dampen_half': 0.17424464002673565, 'gpp_af': 3.7884715756727014, 'gpp_b': 0.0003773995605407473, 'gpp_d': 28.43196371026811, 'ign_k': 0.032340298025045185, 'ign_c': 14.716355861016352, 'trop_agb_crit': 5.110291292311556, 'trop_k_veg': 1.5751578265776969, 'gdp_gamma': 1.3396438453694826, 'cure_k': 0.008286074499949463, 'cure_p_min': 272.12942598545493, 'cure_gpp_ref': 0.3053843244585374, 'cure_agb_crit': 2.2543098776835366, 'fuel_k': 0.8221184081428147, 'fuel_half': 1.8085351436369168}. Best is trial 577 with value: -0.629883323094065.
[I 2026-07-25 00:35:23,277] Trial 779 finished with value: 0.44399601928180366 and parameters: {'k1': 0.004449860640948347, 'D_low': 87.12414266399242, 'k2': 0.0016009128966180141, 'D_high': 91655.77192731945, 'fire_exp': 1.3774818074104775, 'P_half': 114.12820660484367, 'pre_dampen_half': 19.158252945946256, 'gpp_af': 0.0028510987372063453, 'gpp_b': 1.7590180863469352e-05, 'gpp_d': 884.3316934503257, 'ign_k': 0.010054552274897483, 'ign_c': 33.4155220793782, 'trop_agb_crit': 20.703507756075364, 'trop_k_veg': 0.9891405227275353, 'gdp_gamma': 0.6227817532160812, 'cure_k': 0.0010470891628148258, 'cure_p_min': 154.133480171279, 'cure_gpp_ref': 0.16304817981284944, 'cure_agb_crit': 6.107703005967585, 'fuel_k': 0.04247934170048098, 'fuel_half': 4.859326982678518}. Best is trial 577 with value: -0.629883323094065.
[I 2026-07-25 00:35:23,739] Trial 780 finished with value: 0.4646076820455678 and parameters: {'k1': 7.136819673761883e-05, 'D_low': 197.69610572756636, 'k2': 1.133528391585761e-05, 'D_high': 6458166.7130739745, 'fire_exp': 1.4405349517539505, 'P_half': 4.344874035521426, 'pre_dampen_half': 0.12357642372779801, 'gpp_af': 0.0019364314746046511, 'gpp_b': 0.0013880629742066746, 'gpp_d': 1.5312678492853662, 'ign_k': 0.02137987450789367, 'ign_c': 0.26256503290441924, 'trop_agb_crit': 1.2554994205925336, 'trop_k_veg': 1.0248314278101889, 'gdp_gamma': 0.9408805486964527, 'cure_k': 0.26109127301430207, 'cure_p_min': 318.9820382445953, 'cure_gpp_ref': 0.0679679759320234, 'cure_agb_crit': 3.1495981672888336, 'fuel_k': 0.20345464603650062, 'fuel_half': 26.622945991356495}. Best is trial 577 with value: -0.629883323094065.
[I 2026-07-25 00:35:24,195] Trial 781 finished with value: 0.4043186650209506 and parameters: {'k1': 0.0023706873186743, 'D_low': 769.0390747457727, 'k2': 0.004810954994098988, 'D_high': 1609743.1854716546, 'fire_exp': 1.3539270864000894, 'P_half': 63.29323639719917, 'pre_dampen_half': 1.2794485959728226, 'gpp_af': 0.019588443739684953, 'gpp_b': 0.0001420133738780401, 'gpp_d': 649.3251397633458, 'ign_k': 0.001305485309329931, 'ign_c': 3.1051736697586456, 'trop_agb_crit': 11.508882180551646, 'trop_k_veg': 1.601696629040847, 'gdp_gamma': 1.3557693789920937, 'cure_k': 0.006198911342013567, 'cure_p_min': 174.66989693281076, 'cure_gpp_ref': 0.13256061721974585, 'cure_agb_crit': 7.378266142263707, 'fuel_k': 0.015288408031278242, 'fuel_half': 15.10361435059457}. Best is trial 577 with value: -0.629883323094065.
[I 2026-07-25 00:35:24,651] Trial 782 finished with value: 0.5565311011463924 and parameters: {'k1': 0.002559038706853973, 'D_low': 868.269177567861, 'k2': 0.0009324772736905304, 'D_high': 1300837.3693466056, 'fire_exp': 1.393194675527708, 'P_half': 1.555773222402938, 'pre_dampen_half': 36.52113053194873, 'gpp_af': 0.2565753809276781, 'gpp_b': 0.09435736461259488, 'gpp_d': 6.71186233808769, 'ign_k': 0.051901621625360266, 'ign_c': 0.10659342320983763, 'trop_agb_crit': 1.903661932873709, 'trop_k_veg': 1.4305381658309066, 'gdp_gamma': 1.4675540920356247, 'cure_k': 0.11514674846760152, 'cure_p_min': 243.39791893269387, 'cure_gpp_ref': 0.10758389947311948, 'cure_agb_crit': 1.0874412744927757, 'fuel_k': 0.2786442125480988, 'fuel_half': 4.447101001540542}. Best is trial 577 with value: -0.629883323094065.
[I 2026-07-25 00:35:25,109] Trial 783 finished with value: 0.5004719303694012 and parameters: {'k1': 0.01701613645659392, 'D_low': 740.6263920287686, 'k2': 0.00016513499164565374, 'D_high': 132125.24904975118, 'fire_exp': 1.299843419064697, 'P_half': 41.11001727430322, 'pre_dampen_half': 0.3429988608934092, 'gpp_af': 43.56494474511077, 'gpp_b': 0.0004672090869869771, 'gpp_d': 11.784045028564735, 'ign_k': 0.004235394728054594, 'ign_c': 136.131482508923, 'trop_agb_crit': 3.284398830853672, 'trop_k_veg': 4.74903057638069, 'gdp_gamma': 1.0325673571673972, 'cure_k': 0.0015144301715576433, 'cure_p_min': 397.0243385132593, 'cure_gpp_ref': 1.5995454877112043, 'cure_agb_crit': 7.44232286877771, 'fuel_k': 0.22479115518626633, 'fuel_half': 4.227697417839234}. Best is trial 577 with value: -0.629883323094065.
[I 2026-07-25 00:35:25,566] Trial 784 finished with value: -0.567375158426289 and parameters: {'k1': 0.008232090068279832, 'D_low': 8432.419036964295, 'k2': 0.02290954593064231, 'D_high': 6554658.60782392, 'fire_exp': 1.2771551608873473, 'P_half': 5.675560589610768, 'pre_dampen_half': 0.5428772189699644, 'gpp_af': 0.5631958527669108, 'gpp_b': 0.0012305656364641987, 'gpp_d': 491.8116405101969, 'ign_k': 0.7845347775181775, 'ign_c': 6.030341165414262, 'trop_agb_crit': 22.47122920569686, 'trop_k_veg': 1.3469160432357856, 'gdp_gamma': 0.0733185766404408, 'cure_k': 0.0028438523757913807, 'cure_p_min': 219.52523642837954, 'cure_gpp_ref': 0.80088780378087, 'cure_agb_crit': 2.0500785268360526, 'fuel_k': 0.21130843776909994, 'fuel_half': 2.4905706168204578}. Best is trial 577 with value: -0.629883323094065.
[I 2026-07-25 00:35:26,026] Trial 785 finished with value: 0.4915486917331158 and parameters: {'k1': 0.00015308809581752005, 'D_low': 573.788765785549, 'k2': 0.004359786847099295, 'D_high': 391377.289158157, 'fire_exp': 2.209546869664918, 'P_half': 91.26295812761778, 'pre_dampen_half': 52.936665781347806, 'gpp_af': 0.4411448537490986, 'gpp_b': 0.4381601262555758, 'gpp_d': 74.45725334365213, 'ign_k': 0.02444520932219599, 'ign_c': 5.463366348133605, 'trop_agb_crit': 6.523575710958801, 'trop_k_veg': 4.127822269530779, 'gdp_gamma': 1.1034945773585214, 'cure_k': 0.0062042040634709295, 'cure_p_min': 270.0401796084519, 'cure_gpp_ref': 0.1760087494160305, 'cure_agb_crit': 4.889055349568922, 'fuel_k': 0.01828515341825239, 'fuel_half': 0.3229783218023099}. Best is trial 577 with value: -0.629883323094065.
