[I 2026-08-06 02:59:09,827] Trial 1097 finished with values: [10.769230769045793, 10.769230769045793] and parameters: {'k1': 0.00324789183891923, 'D_low': 29.89885508829526, 'k2': 0.0022957398214549472, 'D_high': 9769.756791866093, 'fire_exp': 1.0881360604103363, 'P_half': 215.55950571043874, 'pre_dampen_half': 805.2502904451399, 'gpp_af': 1.3725472882585024, 'gpp_b': 0.03308649623479659, 'gpp_d': 4.5768578731086835, 'ign_k': 0.6454459531371669, 'ign_c': 176.6359719322424}.
[I 2026-08-06 02:59:11,391] Trial 1098 finished with values: [10.055295717319702, 10.055295717319702] and parameters: {'k1': 0.00324789183891923, 'D_low': 29.89885508829526, 'k2': 0.002935672965826306, 'D_high': 4225.853424839539, 'fire_exp': 1.518582349269638, 'P_half': 147.09699119495133, 'pre_dampen_half': 107.40052367919465, 'gpp_af': 5.620854611217178, 'gpp_b': 0.011750724729953272, 'gpp_d': 4.5768578731086835, 'ign_k': 0.6454459531371669, 'ign_c': 9.34330265731847}.
[I 2026-08-06 02:59:12,780] Trial 1099 finished with values: [-0.49193034280819947, 0.22058705913059173] and parameters: {'k1': 0.00324789183891923, 'D_low': 2.458603276328005, 'k2': 0.0022957398214549472, 'D_high': 7744.80118512745, 'fire_exp': 1.0881360604103363, 'P_half': 215.55950571043874, 'pre_dampen_half': 107.40052367919465, 'gpp_af': 5.620854611217178, 'gpp_b': 0.011750724729953272, 'gpp_d': 613.9406964482342, 'ign_k': 0.03141110271934876, 'ign_c': 0.3253741042140523}.
[I 2026-08-06 02:59:14,005] Trial 1100 finished with values: [10.105371969494174, 10.105371969494174] and parameters: {'k1': 0.00324789183891923, 'D_low': 22.54602706347901, 'k2': 0.0007081721844034209, 'D_high': 2969.087094484682, 'fire_exp': 1.0881360604103363, 'P_half': 147.09699119495133, 'pre_dampen_half': 107.40052367919465, 'gpp_af': 43.693637535567404, 'gpp_b': 0.00044548820847973626, 'gpp_d': 29.749683811098393, 'ign_k': 0.03033111747878116, 'ign_c': 8.671454322584175}.
[I 2026-08-06 02:59:15,384] Trial 1101 finished with values: [10.218917410860657, 10.218917410860657] and parameters: {'k1': 0.00324789183891923, 'D_low': 29.89885508829526, 'k2': 7.915210103365496e-05, 'D_high': 308.0832558855944, 'fire_exp': 1.0881360604103363, 'P_half': 215.55950571043874, 'pre_dampen_half': 107.40052367919465, 'gpp_af': 1.3725472882585024, 'gpp_b': 0.0024605285374226047, 'gpp_d': 29.83701993880331, 'ign_k': 0.03141110271934876, 'ign_c': 10.140635645866492}.
[I 2026-08-06 02:59:16,823] Trial 1102 finished with values: [10.884480942345458, 10.884480942345458] and parameters: {'k1': 0.01889771394135163, 'D_low': 29.89885508829526, 'k2': 0.0022957398214549472, 'D_high': 6455.595882939566, 'fire_exp': 1.0881360604103363, 'P_half': 215.55950571043874, 'pre_dampen_half': 304.7488318185732, 'gpp_af': 1.3725472882585024, 'gpp_b': 1.1008110571039521e-05, 'gpp_d': 4.5768578731086835, 'ign_k': 0.6454459531371669, 'ign_c': 5.349430281426445}.
[I 2026-08-06 02:59:18,015] Trial 1103 finished with values: [-0.482801651477781, 0.14145364983263542] and parameters: {'k1': 0.00324789183891923, 'D_low': 57.22950094567826, 'k2': 0.002935672965826306, 'D_high': 8182.111518618414, 'fire_exp': 1.0559384059137513, 'P_half': 2.157758652553991, 'pre_dampen_half': 76.86605275420082, 'gpp_af': 0.47739011308437823, 'gpp_b': 0.011750724729953272, 'gpp_d': 2.8006820077310213, 'ign_k': 0.11101191524846071, 'ign_c': 9.34330265731847}.
[I 2026-08-06 02:59:19,215] Trial 1104 finished with values: [10.742261471172267, 10.742261471172267] and parameters: {'k1': 0.002829816861310949, 'D_low': 2.458603276328005, 'k2': 0.0007081721844034209, 'D_high': 7744.80118512745, 'fire_exp': 1.0881360604103363, 'P_half': 5919.749792564379, 'pre_dampen_half': 107.40052367919465, 'gpp_af': 0.0048478428004036025, 'gpp_b': 0.008226792720717493, 'gpp_d': 34.37107943937136, 'ign_k': 0.1384332853353327, 'ign_c': 8.671454322584175}.
[I 2026-08-06 02:59:20,411] Trial 1105 finished with values: [10.271338891652006, 10.271338891652006] and parameters: {'k1': 0.00324789183891923, 'D_low': 4.075267974954964, 'k2': 0.004940031671739378, 'D_high': 6455.595882939566, 'fire_exp': 1.0881360604103363, 'P_half': 215.55950571043874, 'pre_dampen_half': 107.40052367919465, 'gpp_af': 0.47739011308437823, 'gpp_b': 0.08040151168202724, 'gpp_d': 5.878566318396007, 'ign_k': 0.0486276976221284, 'ign_c': 8.671454322584175}.
[I 2026-08-06 02:59:21,715] Trial 1106 finished with values: [10.764108047084381, 10.764108047084381] and parameters: {'k1': 0.00324789183891923, 'D_low': 29.89885508829526, 'k2': 0.03210808548911189, 'D_high': 91.78481720510284, 'fire_exp': 1.0881360604103363, 'P_half': 215.55950571043874, 'pre_dampen_half': 304.7488318185732, 'gpp_af': 5.620854611217178, 'gpp_b': 0.011750724729953272, 'gpp_d': 0.04050483631781763, 'ign_k': 0.6454459531371669, 'ign_c': 10.140635645866492}.
[I 2026-08-06 02:59:22,978] Trial 1107 finished with values: [-0.46920143904349637, 0.0318099376389509] and parameters: {'k1': 0.04897760278488444, 'D_low': 6.1642743507854245, 'k2': 0.004940031671739378, 'D_high': 10316.033434719713, 'fire_exp': 1.0881360604103363, 'P_half': 215.55950571043874, 'pre_dampen_half': 107.40052367919465, 'gpp_af': 0.47739011308437823, 'gpp_b': 0.08040151168202724, 'gpp_d': 5.878566318396007, 'ign_k': 3.529389593576794, 'ign_c': 10.140635645866492}.
[I 2026-08-06 02:59:24,251] Trial 1108 finished with values: [10.715564433142285, 10.715564433142285] and parameters: {'k1': 0.00324789183891923, 'D_low': 2.1234210963705626, 'k2': 0.002935672965826306, 'D_high': 7744.80118512745, 'fire_exp': 1.0881360604103363, 'P_half': 12.808863354047988, 'pre_dampen_half': 107.40052367919465, 'gpp_af': 0.010590622233713298, 'gpp_b': 0.0749660927540677, 'gpp_d': 368.30088529547436, 'ign_k': 0.014879588507790004, 'ign_c': 10.140635645866492}.
[I 2026-08-06 02:59:25,540] Trial 1109 finished with values: [10.07192500479062, 10.07192500479062] and parameters: {'k1': 0.01889771394135163, 'D_low': 29.89885508829526, 'k2': 0.0007081721844034209, 'D_high': 6455.595882939566, 'fire_exp': 1.0881360604103363, 'P_half': 147.09699119495133, 'pre_dampen_half': 76.86605275420082, 'gpp_af': 5.620854611217178, 'gpp_b': 0.024796579879439486, 'gpp_d': 29.83701993880331, 'ign_k': 0.6454459531371669, 'ign_c': 10.140635645866492}.
[I 2026-08-06 02:59:27,245] Trial 1110 finished with values: [10.000056750578542, 10.000056750578542] and parameters: {'k1': 0.00324789183891923, 'D_low': 57.285769939950555, 'k2': 0.0022957398214549472, 'D_high': 8182.111518618414, 'fire_exp': 1.0881360604103363, 'P_half': 215.55950571043874, 'pre_dampen_half': 107.40052367919465, 'gpp_af': 0.010590622233713298, 'gpp_b': 0.00031478066835753096, 'gpp_d': 368.30088529547436, 'ign_k': 0.0486276976221284, 'ign_c': 8.671454322584175}.
[I 2026-08-06 02:59:28,472] Trial 1111 finished with values: [10.140049771179159, 10.140049771179159] and parameters: {'k1': 0.00324789183891923, 'D_low': 2.458603276328005, 'k2': 0.0022957398214549472, 'D_high': 2969.087094484682, 'fire_exp': 1.0881360604103363, 'P_half': 147.09699119495133, 'pre_dampen_half': 76.86605275420082, 'gpp_af': 0.8942824595236101, 'gpp_b': 0.008226792720717493, 'gpp_d': 29.83701993880331, 'ign_k': 0.03033111747878116, 'ign_c': 10.140635645866492}.
[I 2026-08-06 02:59:29,802] Trial 1112 finished with values: [10.130684479072904, 10.130684479072904] and parameters: {'k1': 0.01889771394135163, 'D_low': 1.2299210465793122, 'k2': 0.0007081721844034209, 'D_high': 2969.087094484682, 'fire_exp': 1.0881360604103363, 'P_half': 215.55950571043874, 'pre_dampen_half': 304.7488318185732, 'gpp_af': 0.5107061330406066, 'gpp_b': 0.011750724729953272, 'gpp_d': 29.83701993880331, 'ign_k': 0.006912296717033066, 'ign_c': 10.140635645866492}.
[I 2026-08-06 02:59:31,117] Trial 1113 finished with values: [10.403933045782757, 10.403933045782757] and parameters: {'k1': 0.00324789183891923, 'D_low': 2.458603276328005, 'k2': 0.0022957398214549472, 'D_high': 10316.033434719713, 'fire_exp': 1.0881360604103363, 'P_half': 215.55950571043874, 'pre_dampen_half': 107.40052367919465, 'gpp_af': 0.026886479903448782, 'gpp_b': 0.011750724729953272, 'gpp_d': 613.9406964482342, 'ign_k': 0.03141110271934876, 'ign_c': 8.671454322584175}.
[I 2026-08-06 02:59:32,440] Trial 1114 finished with values: [-0.484921429051302, 0.28676372783920145] and parameters: {'k1': 0.018356410276830985, 'D_low': 1.2299210465793122, 'k2': 0.02789202112452399, 'D_high': 9769.756791866093, 'fire_exp': 1.0881360604103363, 'P_half': 215.55950571043874, 'pre_dampen_half': 805.2502904451399, 'gpp_af': 5.620854611217178, 'gpp_b': 0.011750724729953272, 'gpp_d': 4.5768578731086835, 'ign_k': 0.0486276976221284, 'ign_c': 9.34330265731847}.
[I 2026-08-06 02:59:33,893] Trial 1115 finished with values: [-0.47545248470838264, 0.12884509228489727] and parameters: {'k1': 0.01889771394135163, 'D_low': 2.458603276328005, 'k2': 0.0013909474988024091, 'D_high': 6455.595882939566, 'fire_exp': 1.0881360604103363, 'P_half': 147.09699119495133, 'pre_dampen_half': 304.7488318185732, 'gpp_af': 0.8942824595236101, 'gpp_b': 0.011750724729953272, 'gpp_d': 5.878566318396007, 'ign_k': 0.03033111747878116, 'ign_c': 0.1457050032975653}.
[I 2026-08-06 02:59:35,347] Trial 1116 finished with values: [10.94292419708853, 10.94292419708853] and parameters: {'k1': 0.00324789183891923, 'D_low': 2.458603276328005, 'k2': 0.0007081721844034209, 'D_high': 7744.80118512745, 'fire_exp': 1.0881360604103363, 'P_half': 10.226988730324324, 'pre_dampen_half': 107.40052367919465, 'gpp_af': 17.083297083173804, 'gpp_b': 0.00031478066835753096, 'gpp_d': 34.37107943937136, 'ign_k': 0.1384332853353327, 'ign_c': 8.671454322584175}.
[I 2026-08-06 02:59:36,912] Trial 1117 finished with values: [-0.5048164833468677, 0.1271241272860194] and parameters: {'k1': 0.00324789183891923, 'D_low': 1.2299210465793122, 'k2': 0.03210808548911189, 'D_high': 2969.087094484682, 'fire_exp': 1.0881360604103363, 'P_half': 215.55950571043874, 'pre_dampen_half': 107.40052367919465, 'gpp_af': 5.620854611217178, 'gpp_b': 0.008226792720717493, 'gpp_d': 29.83701993880331, 'ign_k': 0.6454459531371669, 'ign_c': 10.140635645866492}.
[I 2026-08-06 02:59:38,506] Trial 1118 finished with values: [-0.49243759582064583, 0.2740826154371856] and parameters: {'k1': 0.00324789183891923, 'D_low': 29.89885508829526, 'k2': 0.0022957398214549472, 'D_high': 2969.087094484682, 'fire_exp': 1.3239942327296237, 'P_half': 2.157758652553991, 'pre_dampen_half': 107.40052367919465, 'gpp_af': 39.32173465243003, 'gpp_b': 0.011750724729953272, 'gpp_d': 8.144272585223819, 'ign_k': 0.6454459531371669, 'ign_c': 7.916322947490362}.
[I 2026-08-06 02:59:39,998] Trial 1119 finished with values: [10.19630802619201, 10.19630802619201] and parameters: {'k1': 0.00010208550480923065, 'D_low': 29.89885508829526, 'k2': 0.0007081721844034209, 'D_high': 2969.087094484682, 'fire_exp': 1.0881360604103363, 'P_half': 215.55950571043874, 'pre_dampen_half': 76.86605275420082, 'gpp_af': 1.3725472882585024, 'gpp_b': 0.008226792720717493, 'gpp_d': 29.83701993880331, 'ign_k': 0.6454459531371669, 'ign_c': 6.160975294741436}.
[I 2026-08-06 02:59:42,896] Trial 1120 finished with values: [10.452885683101377, 10.452885683101377] and parameters: {'k1': 0.008900784976354454, 'D_low': 1047.5330041760885, 'k2': 0.0022957398214549472, 'D_high': 3121.3520322039926, 'fire_exp': 1.0881360604103363, 'P_half': 147.09699119495133, 'pre_dampen_half': 304.7488318185732, 'gpp_af': 5.620854611217178, 'gpp_b': 0.011750724729953272, 'gpp_d': 4.5768578731086835, 'ign_k': 0.0486276976221284, 'ign_c': 8.018119368890574}.
[I 2026-08-06 02:59:45,687] Trial 1121 finished with values: [10.20178743469917, 10.20178743469917] and parameters: {'k1': 0.0006952772018502053, 'D_low': 29.89885508829526, 'k2': 0.0007081721844034209, 'D_high': 2969.087094484682, 'fire_exp': 1.0881360604103363, 'P_half': 147.09699119495133, 'pre_dampen_half': 162.17830774673868, 'gpp_af': 0.8942824595236101, 'gpp_b': 0.008226792720717493, 'gpp_d': 4.5768578731086835, 'ign_k': 0.03033111747878116, 'ign_c': 0.1457050032975653}.
[I 2026-08-06 02:59:47,276] Trial 1122 finished with values: [10.358378836010278, 10.358378836010278] and parameters: {'k1': 0.00324789183891923, 'D_low': 2.458603276328005, 'k2': 0.0007081721844034209, 'D_high': 7744.80118512745, 'fire_exp': 1.0559384059137513, 'P_half': 820.2811066259796, 'pre_dampen_half': 76.86605275420082, 'gpp_af': 0.47739011308437823, 'gpp_b': 0.011750724729953272, 'gpp_d': 29.749683811098393, 'ign_k': 0.03033111747878116, 'ign_c': 10.140635645866492}.
[I 2026-08-06 02:59:49,144] Trial 1123 finished with values: [-0.5054091917612602, 0.12641122300392416] and parameters: {'k1': 0.00324789183891923, 'D_low': 29.89885508829526, 'k2': 0.012758211164590085, 'D_high': 2969.087094484682, 'fire_exp': 1.0881360604103363, 'P_half': 215.55950571043874, 'pre_dampen_half': 107.40052367919465, 'gpp_af': 5.620854611217178, 'gpp_b': 0.008226792720717493, 'gpp_d': 29.83701993880331, 'ign_k': 0.6454459531371669, 'ign_c': 10.140635645866492}.
[I 2026-08-06 02:59:50,631] Trial 1124 finished with values: [10.361961282723367, 10.361961282723367] and parameters: {'k1': 0.016973078532467004, 'D_low': 1.2299210465793122, 'k2': 0.004940031671739378, 'D_high': 9769.756791866093, 'fire_exp': 1.0881360604103363, 'P_half': 2.157758652553991, 'pre_dampen_half': 19.09014329875082, 'gpp_af': 0.47739011308437823, 'gpp_b': 0.08040151168202724, 'gpp_d': 4.5768578731086835, 'ign_k': 0.0486276976221284, 'ign_c': 10.140635645866492}.
[I 2026-08-06 02:59:52,304] Trial 1125 finished with values: [10.24279706241181, 10.24279706241181] and parameters: {'k1': 0.00324789183891923, 'D_low': 29.89885508829526, 'k2': 0.0007081721844034209, 'D_high': 6455.595882939566, 'fire_exp': 1.0881360604103363, 'P_half': 147.09699119495133, 'pre_dampen_half': 107.40052367919465, 'gpp_af': 5.620854611217178, 'gpp_b': 0.011750724729953272, 'gpp_d': 26.07917317941345, 'ign_k': 0.6454459531371669, 'ign_c': 6.160975294741436}.
[I 2026-08-06 02:59:53,782] Trial 1126 finished with values: [10.424621990684532, 10.424621990684532] and parameters: {'k1': 0.00324789183891923, 'D_low': 57.285769939950555, 'k2': 0.002935672965826306, 'D_high': 7744.80118512745, 'fire_exp': 1.275453659678475, 'P_half': 215.55950571043874, 'pre_dampen_half': 805.2502904451399, 'gpp_af': 5.620854611217178, 'gpp_b': 0.011750724729953272, 'gpp_d': 368.30088529547436, 'ign_k': 0.6454459531371669, 'ign_c': 9.34330265731847}.
[I 2026-08-06 02:59:55,333] Trial 1127 finished with values: [-0.49496678894600465, 0.3250290352539784] and parameters: {'k1': 0.01889771394135163, 'D_low': 29.89885508829526, 'k2': 0.0022957398214549472, 'D_high': 7744.80118512745, 'fire_exp': 1.0881360604103363, 'P_half': 215.55950571043874, 'pre_dampen_half': 107.40052367919465, 'gpp_af': 1.3725472882585024, 'gpp_b': 1.1008110571039521e-05, 'gpp_d': 4.5768578731086835, 'ign_k': 0.0035114452581286888, 'ign_c': 0.1457050032975653}.
[I 2026-08-06 02:59:56,813] Trial 1128 finished with values: [-0.4632703285225965, 0.05992373099891657] and parameters: {'k1': 5.12525027816961e-05, 'D_low': 2.458603276328005, 'k2': 0.0007081721844034209, 'D_high': 7744.80118512745, 'fire_exp': 1.151006986743773, 'P_half': 215.55950571043874, 'pre_dampen_half': 304.7488318185732, 'gpp_af': 0.0048478428004036025, 'gpp_b': 0.00031478066835753096, 'gpp_d': 4.5768578731086835, 'ign_k': 0.6454459531371669, 'ign_c': 0.1457050032975653}.
[I 2026-08-06 02:59:58,274] Trial 1129 finished with values: [-0.4722908383238333, 0.04162543709099864] and parameters: {'k1': 0.00324789183891923, 'D_low': 29.89885508829526, 'k2': 0.002935672965826306, 'D_high': 9769.756791866093, 'fire_exp': 1.0881360604103363, 'P_half': 215.55950571043874, 'pre_dampen_half': 805.2502904451399, 'gpp_af': 0.18148402127631746, 'gpp_b': 0.03308649623479659, 'gpp_d': 4.5768578731086835, 'ign_k': 0.6454459531371669, 'ign_c': 10.140635645866492}.
[I 2026-08-06 02:59:59,685] Trial 1130 finished with values: [10.769230769045793, 10.769230769045793] and parameters: {'k1': 0.0015139365555347072, 'D_low': 29.89885508829526, 'k2': 7.361379380357782e-05, 'D_high': 12775.77960461496, 'fire_exp': 1.0881360604103363, 'P_half': 147.09699119495133, 'pre_dampen_half': 107.40052367919465, 'gpp_af': 0.00301004353953023, 'gpp_b': 0.011750724729953272, 'gpp_d': 29.749683811098393, 'ign_k': 0.03033111747878116, 'ign_c': 868.3183082509343}.
[I 2026-08-06 03:00:01,291] Trial 1131 finished with values: [10.643781618909765, 10.643781618909765] and parameters: {'k1': 0.00324789183891923, 'D_low': 4.075267974954964, 'k2': 0.002935672965826306, 'D_high': 7744.80118512745, 'fire_exp': 1.0881360604103363, 'P_half': 5617.618805806643, 'pre_dampen_half': 304.7488318185732, 'gpp_af': 5.620854611217178, 'gpp_b': 0.011750724729953272, 'gpp_d': 5.878566318396007, 'ign_k': 0.0486276976221284, 'ign_c': 10.140635645866492}.
[I 2026-08-06 03:00:02,814] Trial 1132 finished with values: [-0.47726999496349265, 0.1361436557603708] and parameters: {'k1': 0.00324789183891923, 'D_low': 2.458603276328005, 'k2': 0.0007081721844034209, 'D_high': 8182.111518618414, 'fire_exp': 1.0881360604103363, 'P_half': 12.808863354047988, 'pre_dampen_half': 107.40052367919465, 'gpp_af': 1.3725472882585024, 'gpp_b': 0.024796579879439486, 'gpp_d': 1.826381177000974, 'ign_k': 0.019192001101561888, 'ign_c': 6.160975294741436}.
[I 2026-08-06 03:00:04,386] Trial 1133 finished with values: [10.641983619387709, 10.641983619387709] and parameters: {'k1': 0.00324789183891923, 'D_low': 29.89885508829526, 'k2': 0.003152494048956087, 'D_high': 14.883152891273634, 'fire_exp': 1.0881360604103363, 'P_half': 147.09699119495133, 'pre_dampen_half': 107.40052367919465, 'gpp_af': 1.3725472882585024, 'gpp_b': 0.011750724729953272, 'gpp_d': 26.07917317941345, 'ign_k': 0.03033111747878116, 'ign_c': 10.140635645866492}.
[I 2026-08-06 03:00:05,972] Trial 1134 finished with values: [-0.47005324539360815, 0.08123951808234597] and parameters: {'k1': 0.04897760278488444, 'D_low': 2.458603276328005, 'k2': 0.0007081721844034209, 'D_high': 10316.033434719713, 'fire_exp': 1.0881360604103363, 'P_half': 215.55950571043874, 'pre_dampen_half': 107.40052367919465, 'gpp_af': 0.010590622233713298, 'gpp_b': 0.00031478066835753096, 'gpp_d': 0.06669205177379639, 'ign_k': 0.02456326518827606, 'ign_c': 8.671454322584175}.
[I 2026-08-06 03:00:07,432] Trial 1135 finished with values: [-0.49229580383373983, 0.14960909155563817] and parameters: {'k1': 0.00324789183891923, 'D_low': 29.89885508829526, 'k2': 0.0007081721844034209, 'D_high': 2969.087094484682, 'fire_exp': 1.0881360604103363, 'P_half': 3.364457865463594, 'pre_dampen_half': 76.86605275420082, 'gpp_af': 1.3725472882585024, 'gpp_b': 0.008226792720717493, 'gpp_d': 26.07917317941345, 'ign_k': 0.6454459531371669, 'ign_c': 6.160975294741436}.
[I 2026-08-06 03:00:08,910] Trial 1136 finished with values: [10.492854065845675, 10.492854065845675] and parameters: {'k1': 0.01889771394135163, 'D_low': 29.89885508829526, 'k2': 0.0007081721844034209, 'D_high': 8182.111518618414, 'fire_exp': 1.0881360604103363, 'P_half': 215.55950571043874, 'pre_dampen_half': 304.7488318185732, 'gpp_af': 0.010590622233713298, 'gpp_b': 0.011750724729953272, 'gpp_d': 368.30088529547436, 'ign_k': 0.03033111747878116, 'ign_c': 10.140635645866492}.
[I 2026-08-06 03:00:10,980] Trial 1137 finished with values: [10.270943476307513, 10.270943476307513] and parameters: {'k1': 0.00324789183891923, 'D_low': 4.075267974954964, 'k2': 0.0007081721844034209, 'D_high': 2969.087094484682, 'fire_exp': 1.518582349269638, 'P_half': 147.09699119495133, 'pre_dampen_half': 107.40052367919465, 'gpp_af': 4.264808645687885, 'gpp_b': 0.011750724729953272, 'gpp_d': 29.749683811098393, 'ign_k': 0.11101191524846071, 'ign_c': 8.671454322584175}.
[I 2026-08-06 03:00:12,454] Trial 1138 finished with values: [10.510082873467617, 10.510082873467617] and parameters: {'k1': 0.00324789183891923, 'D_low': 2.1234210963705626, 'k2': 0.0007081721844034209, 'D_high': 8182.111518618414, 'fire_exp': 1.0881360604103363, 'P_half': 12.808863354047988, 'pre_dampen_half': 107.40052367919465, 'gpp_af': 0.010590622233713298, 'gpp_b': 0.011750724729953272, 'gpp_d': 368.30088529547436, 'ign_k': 0.014879588507790004, 'ign_c': 7.916322947490362}.
[I 2026-08-06 03:00:13,882] Trial 1139 finished with values: [-0.4992498009624578, 0.221594119554672] and parameters: {'k1': 0.00324789183891923, 'D_low': 2.458603276328005, 'k2': 0.0007081721844034209, 'D_high': 2969.087094484682, 'fire_exp': 1.0881360604103363, 'P_half': 147.09699119495133, 'pre_dampen_half': 107.40052367919465, 'gpp_af': 1.3725472882585024, 'gpp_b': 0.00031478066835753096, 'gpp_d': 0.6380717024176037, 'ign_k': 1.8669871096222272, 'ign_c': 6.160975294741436}.
[I 2026-08-06 03:00:15,381] Trial 1140 finished with values: [10.202242331414196, 10.202242331414196] and parameters: {'k1': 0.00324789183891923, 'D_low': 2.458603276328005, 'k2': 7.145711288893928e-05, 'D_high': 7744.80118512745, 'fire_exp': 1.151006986743773, 'P_half': 215.55950571043874, 'pre_dampen_half': 107.40052367919465, 'gpp_af': 0.0048478428004036025, 'gpp_b': 0.00031478066835753096, 'gpp_d': 34.37107943937136, 'ign_k': 0.1384332853353327, 'ign_c': 0.1457050032975653}.
[I 2026-08-06 03:00:16,957] Trial 1141 finished with values: [10.000288393655232, 10.000288393655232] and parameters: {'k1': 0.00324789183891923, 'D_low': 29.89885508829526, 'k2': 0.0007081721844034209, 'D_high': 7744.80118512745, 'fire_exp': 1.0881360604103363, 'P_half': 105.53846463525653, 'pre_dampen_half': 159.77732284872855, 'gpp_af': 5.620854611217178, 'gpp_b': 0.011750724729953272, 'gpp_d': 29.83701993880331, 'ign_k': 0.0486276976221284, 'ign_c': 10.140635645866492}.
