[I 2026-06-10 22:39:58,834] Trial 709 finished with values: [10.833333333148357, 10.833333333148357] and parameters: {'k1': 0.0032360993995751053, 'D_low': 171.2446447678494, 'k2': 0.0012030178871154666, 'D_high': 27.55546207779663, 'fire_exp': 1.1633452995374232, 'P_half': 277.00025557434554, 'pre_dampen_half': 269.0845367054866, 'gpp_af': 0.41874665092828456, 'gpp_b': 1.0828092646426677e-05, 'gpp_d': 46.010874324515754, 'ign_k': 0.13500744867919376, 'ign_c': 159.0105835124059, 'trop_agb_crit': 12.647327018493208, 'trop_k_veg': 4.0068236274914755, 'fire_amp': 5.831305332032283}.
[I 2026-06-10 22:40:00,156] Trial 710 finished with values: [-0.6053690914074031, 0.06139118403752075] and parameters: {'k1': 0.0869690639641868, 'D_low': 146.24004590125713, 'k2': 0.0012030178871154666, 'D_high': 35.136541394511, 'fire_exp': 1.0601964743503993, 'P_half': 1265.0580856641704, 'pre_dampen_half': 189.36639872354493, 'gpp_af': 0.41874665092828456, 'gpp_b': 0.00047819318414852577, 'gpp_d': 46.010874324515754, 'ign_k': 0.8945150807271531, 'ign_c': 0.4177928311636542, 'trop_agb_crit': 1.0189592979395135, 'trop_k_veg': 4.796046723963646, 'fire_amp': 5.831305332032283}.
[I 2026-06-10 22:40:01,471] Trial 711 finished with values: [10.183719871326307, 10.183719871326307] and parameters: {'k1': 8.60693112508996e-05, 'D_low': 43.2326421037033, 'k2': 0.019383858782150494, 'D_high': 42210.21267871043, 'fire_exp': 1.2732983562135975, 'P_half': 1265.0580856641704, 'pre_dampen_half': 37.40930273158252, 'gpp_af': 0.09885838682552685, 'gpp_b': 0.00047819318414852577, 'gpp_d': 7.631016235941559, 'ign_k': 1.6270983114897255, 'ign_c': 7.832259769732471, 'trop_agb_crit': 12.647327018493208, 'trop_k_veg': 4.0068236274914755, 'fire_amp': 2.6192385880432525}.
[I 2026-06-10 22:40:02,812] Trial 712 finished with values: [21.421281691207568, 21.421281691207568] and parameters: {'k1': 0.0001887567630782227, 'D_low': 144.5598398487298, 'k2': 0.003767022142229395, 'D_high': 42210.21267871043, 'fire_exp': 1.1633452995374232, 'P_half': 4.213183643253957, 'pre_dampen_half': 269.0845367054866, 'gpp_af': 0.41874665092828456, 'gpp_b': 1.4540386644083135e-05, 'gpp_d': 0.03927259340973166, 'ign_k': 0.09256855841989636, 'ign_c': 0.17036120617148395, 'trop_agb_crit': 19.951866308719378, 'trop_k_veg': 4.0068236274914755, 'fire_amp': 5.416595007374148}.
[I 2026-06-10 22:40:04,648] Trial 713 finished with values: [11.20681053145645, 11.20681053145645] and parameters: {'k1': 0.0869690639641868, 'D_low': 2396.0796124300746, 'k2': 0.02939607009739149, 'D_high': 44974.07193749848, 'fire_exp': 1.9095652801045373, 'P_half': 401.33725523815957, 'pre_dampen_half': 98.05638874011484, 'gpp_af': 10.25616274847308, 'gpp_b': 2.800940363375676e-05, 'gpp_d': 12.151631524283598, 'ign_k': 1.636529060071807, 'ign_c': 13.546626168109242, 'trop_agb_crit': 1.0189592979395135, 'trop_k_veg': 0.6488368931910606, 'fire_amp': 5.416595007374148}.
[I 2026-06-10 22:40:06,117] Trial 714 finished with values: [10.42329153361761, 10.42329153361761] and parameters: {'k1': 0.006079905434073396, 'D_low': 146.24004590125713, 'k2': 4.933751600448335e-05, 'D_high': 198.3056154955596, 'fire_exp': 1.2732983562135975, 'P_half': 1265.0580856641704, 'pre_dampen_half': 37.40930273158252, 'gpp_af': 0.41874665092828456, 'gpp_b': 0.00047819318414852577, 'gpp_d': 0.4742269251269962, 'ign_k': 0.8945150807271531, 'ign_c': 0.6235377135673155, 'trop_agb_crit': 1.0189592979395135, 'trop_k_veg': 4.796046723963646, 'fire_amp': 2.6192385880432525}.
[I 2026-06-10 22:40:07,472] Trial 715 finished with values: [10.299312660448502, 10.299312660448502] and parameters: {'k1': 0.0014452451441203328, 'D_low': 50.32059347286801, 'k2': 4.933751600448335e-05, 'D_high': 18701.140647651915, 'fire_exp': 1.0601964743503993, 'P_half': 1265.0580856641704, 'pre_dampen_half': 269.0845367054866, 'gpp_af': 0.09885838682552685, 'gpp_b': 0.00047819318414852577, 'gpp_d': 594.7389794988394, 'ign_k': 0.037151317999473285, 'ign_c': 0.6235377135673155, 'trop_agb_crit': 1.0189592979395135, 'trop_k_veg': 5.022956259243681, 'fire_amp': 1.2393473789150806}.
[I 2026-06-10 22:40:08,780] Trial 716 finished with values: [14.06240323633299, 14.06240323633299] and parameters: {'k1': 0.0869690639641868, 'D_low': 43.2326421037033, 'k2': 0.00024195799118138832, 'D_high': 949.9072859745386, 'fire_exp': 1.3807440352456883, 'P_half': 4.213183643253957, 'pre_dampen_half': 189.36639872354493, 'gpp_af': 0.046239120540552445, 'gpp_b': 1.4540386644083135e-05, 'gpp_d': 47.35384181058586, 'ign_k': 0.17320535908244444, 'ign_c': 7.832259769732471, 'trop_agb_crit': 1.8566494291193822, 'trop_k_veg': 0.8262197191676174, 'fire_amp': 5.3557573266024745}.
[I 2026-06-10 22:40:10,107] Trial 717 finished with values: [-0.4253890357894431, 0.3353490241128817] and parameters: {'k1': 0.0869690639641868, 'D_low': 476.3737484593719, 'k2': 0.003767022142229395, 'D_high': 48235.58283024493, 'fire_exp': 1.0601964743503993, 'P_half': 1265.0580856641704, 'pre_dampen_half': 9.044346216330972, 'gpp_af': 0.41874665092828456, 'gpp_b': 0.00047819318414852577, 'gpp_d': 594.7389794988394, 'ign_k': 0.8945150807271531, 'ign_c': 0.6235377135673155, 'trop_agb_crit': 1.0189592979395135, 'trop_k_veg': 4.796046723963646, 'fire_amp': 2.6192385880432525}.
[I 2026-06-10 22:40:11,639] Trial 718 finished with values: [10.243265680674755, 10.243265680674755] and parameters: {'k1': 0.00026539376439360527, 'D_low': 1.4002277211577039, 'k2': 4.933751600448335e-05, 'D_high': 29.126651668813768, 'fire_exp': 1.2732983562135975, 'P_half': 1.4551749476072258, 'pre_dampen_half': 189.36639872354493, 'gpp_af': 3.298293484806585, 'gpp_b': 0.004411400434514031, 'gpp_d': 0.030844007727232167, 'ign_k': 1.6270983114897255, 'ign_c': 0.7619822175388142, 'trop_agb_crit': 1.8285200278523417, 'trop_k_veg': 3.1055119128084763, 'fire_amp': 2.042193818779288}.
[I 2026-06-10 22:40:13,681] Trial 719 finished with values: [10.830926451302668, 10.830926451302668] and parameters: {'k1': 0.0869690639641868, 'D_low': 2267.735223551285, 'k2': 0.02065142557895925, 'D_high': 48235.58283024493, 'fire_exp': 1.9095652801045373, 'P_half': 9474.524974021555, 'pre_dampen_half': 9.044346216330972, 'gpp_af': 10.25616274847308, 'gpp_b': 2.800940363375676e-05, 'gpp_d': 0.4742269251269962, 'ign_k': 1.6270983114897255, 'ign_c': 0.6235377135673155, 'trop_agb_crit': 1.0189592979395135, 'trop_k_veg': 4.796046723963646, 'fire_amp': 2.6192385880432525}.
[I 2026-06-10 22:40:14,990] Trial 720 finished with values: [10.451714470180391, 10.451714470180391] and parameters: {'k1': 0.004439732043401208, 'D_low': 146.24004590125713, 'k2': 0.019383858782150494, 'D_high': 35.136541394511, 'fire_exp': 1.0601964743503993, 'P_half': 1265.0580856641704, 'pre_dampen_half': 269.0845367054866, 'gpp_af': 0.41874665092828456, 'gpp_b': 2.176805640408474e-05, 'gpp_d': 46.010874324515754, 'ign_k': 0.8945150807271531, 'ign_c': 0.4177928311636542, 'trop_agb_crit': 6.666743425826005, 'trop_k_veg': 3.7910619738560545, 'fire_amp': 5.831305332032283}.
[I 2026-06-10 22:40:16,251] Trial 721 finished with values: [10.458754310117085, 10.458754310117085] and parameters: {'k1': 0.00026539376439360527, 'D_low': 1.7551403048208316, 'k2': 0.019383858782150494, 'D_high': 42210.21267871043, 'fire_exp': 2.918808567018439, 'P_half': 1.4551749476072258, 'pre_dampen_half': 189.36639872354493, 'gpp_af': 0.8057329182285734, 'gpp_b': 0.00013164432569139702, 'gpp_d': 1.4397852866783676, 'ign_k': 0.0017400806211046388, 'ign_c': 7.081721844034206, 'trop_agb_crit': 12.647327018493208, 'trop_k_veg': 2.1406449943451844, 'fire_amp': 1.4475279918261055}.
[I 2026-06-10 22:40:17,556] Trial 722 finished with values: [10.043612050603995, 10.043612050603995] and parameters: {'k1': 0.00026539376439360527, 'D_low': 1.4002277211577039, 'k2': 4.933751600448335e-05, 'D_high': 949.9072859745386, 'fire_exp': 1.1633452995374232, 'P_half': 882.2833027501578, 'pre_dampen_half': 20.84599542460349, 'gpp_af': 0.41874665092828456, 'gpp_b': 0.004411400434514031, 'gpp_d': 47.35384181058586, 'ign_k': 1.6270983114897255, 'ign_c': 0.4177928311636542, 'trop_agb_crit': 4.902399583903479, 'trop_k_veg': 2.1406449943451844, 'fire_amp': 5.615047466686494}.
[I 2026-06-10 22:40:19,009] Trial 723 finished with values: [10.014004113262253, 10.014004113262253] and parameters: {'k1': 0.006079905434073396, 'D_low': 43.2326421037033, 'k2': 0.0012030178871154666, 'D_high': 27.55546207779663, 'fire_exp': 1.1633452995374232, 'P_half': 157.3644610977214, 'pre_dampen_half': 37.40930273158252, 'gpp_af': 0.41874665092828456, 'gpp_b': 0.00047819318414852577, 'gpp_d': 7.631016235941559, 'ign_k': 0.09256855841989636, 'ign_c': 17.74954658911451, 'trop_agb_crit': 1.0693376406863295, 'trop_k_veg': 7.11321188263873, 'fire_amp': 5.831305332032283}.
[I 2026-06-10 22:40:20,603] Trial 724 finished with values: [10.78807088130074, 10.78807088130074] and parameters: {'k1': 5.025876001070713e-05, 'D_low': 12.105387404469584, 'k2': 1.1417577140741129e-05, 'D_high': 29.126651668813768, 'fire_exp': 1.111738490499784, 'P_half': 1.4551749476072258, 'pre_dampen_half': 189.36639872354493, 'gpp_af': 3.298293484806585, 'gpp_b': 0.16285506249643175, 'gpp_d': 0.030844007727232167, 'ign_k': 0.17320535908244444, 'ign_c': 0.7619822175388142, 'trop_agb_crit': 4.902399583903479, 'trop_k_veg': 2.1406449943451844, 'fire_amp': 2.042193818779288}.
[I 2026-06-10 22:40:22,048] Trial 725 finished with values: [-0.6299673460433096, 0.054102085213981854] and parameters: {'k1': 0.005754658592592073, 'D_low': 1.4002277211577039, 'k2': 0.0012030178871154666, 'D_high': 27.55546207779663, 'fire_exp': 1.1633452995374232, 'P_half': 1265.0580856641704, 'pre_dampen_half': 121.93011993958949, 'gpp_af': 0.07118041471054574, 'gpp_b': 1.4540386644083135e-05, 'gpp_d': 46.010874324515754, 'ign_k': 0.09256855841989636, 'ign_c': 0.4177928311636542, 'trop_agb_crit': 1.0693376406863295, 'trop_k_veg': 5.636143940068465, 'fire_amp': 5.831305332032283}.
[I 2026-06-10 22:40:23,432] Trial 726 finished with values: [10.510487191708437, 10.510487191708437] and parameters: {'k1': 0.0869690639641868, 'D_low': 2267.735223551285, 'k2': 0.02065142557895925, 'D_high': 48235.58283024493, 'fire_exp': 1.9095652801045373, 'P_half': 118.94665366442581, 'pre_dampen_half': 9.044346216330972, 'gpp_af': 6.384685545228285, 'gpp_b': 2.800940363375676e-05, 'gpp_d': 0.4742269251269962, 'ign_k': 0.00636406716773548, 'ign_c': 0.6235377135673155, 'trop_agb_crit': 1.0189592979395135, 'trop_k_veg': 4.796046723963646, 'fire_amp': 2.6192385880432525}.
[I 2026-06-10 22:40:24,712] Trial 727 finished with values: [-0.6145764151484334, 0.19300581748755163] and parameters: {'k1': 0.0869690639641868, 'D_low': 1.4002277211577039, 'k2': 0.0007731571570012607, 'D_high': 1266.9536563782303, 'fire_exp': 1.1633452995374232, 'P_half': 139.09474988024093, 'pre_dampen_half': 189.36639872354493, 'gpp_af': 37.28155624293858, 'gpp_b': 0.004411400434514031, 'gpp_d': 7.631016235941559, 'ign_k': 0.17320535908244444, 'ign_c': 0.24361599465623282, 'trop_agb_crit': 1.8566494291193822, 'trop_k_veg': 6.825463866194253, 'fire_amp': 1.4475279918261055}.
[I 2026-06-10 22:40:25,982] Trial 728 finished with values: [11.045186252335958, 11.045186252335958] and parameters: {'k1': 0.0001887567630782227, 'D_low': 1.4002277211577039, 'k2': 0.003767022142229395, 'D_high': 44974.07193749848, 'fire_exp': 1.0601964743503993, 'P_half': 101.40635645866499, 'pre_dampen_half': 1.785889900578207, 'gpp_af': 0.09885838682552685, 'gpp_b': 1.4540386644083135e-05, 'gpp_d': 60.369370109848475, 'ign_k': 0.17320535908244444, 'ign_c': 1.3431925993528124, 'trop_agb_crit': 1.8285200278523417, 'trop_k_veg': 3.1055119128084763, 'fire_amp': 4.1162797330133705}.
[I 2026-06-10 22:40:27,544] Trial 729 finished with values: [10.468372935010127, 10.468372935010127] and parameters: {'k1': 0.006079905434073396, 'D_low': 171.2446447678494, 'k2': 0.0007731571570012607, 'D_high': 1266.9536563782303, 'fire_exp': 1.3807440352456883, 'P_half': 4.213183643253957, 'pre_dampen_half': 20.84599542460349, 'gpp_af': 0.41874665092828456, 'gpp_b': 0.004411400434514031, 'gpp_d': 47.35384181058586, 'ign_k': 0.17320535908244444, 'ign_c': 7.832259769732471, 'trop_agb_crit': 1.8566494291193822, 'trop_k_veg': 1.31065329020191, 'fire_amp': 1.4475279918261055}.
[I 2026-06-10 22:40:29,101] Trial 730 finished with values: [-0.5615887527973108, 0.4201114542043596] and parameters: {'k1': 0.006079905434073396, 'D_low': 146.24004590125713, 'k2': 0.0007731571570012607, 'D_high': 4567.167062335235, 'fire_exp': 1.0601964743503993, 'P_half': 157.3644610977214, 'pre_dampen_half': 9.044346216330972, 'gpp_af': 0.8057329182285734, 'gpp_b': 2.176805640408474e-05, 'gpp_d': 0.03927259340973166, 'ign_k': 0.13500744867919376, 'ign_c': 7.832259769732471, 'trop_agb_crit': 1.8566494291193822, 'trop_k_veg': 4.796046723963646, 'fire_amp': 2.6192385880432525}.
[I 2026-06-10 22:40:30,377] Trial 731 finished with values: [-0.39966268139278643, 0.6744431646813486] and parameters: {'k1': 0.00026539376439360527, 'D_low': 3266.346436894069, 'k2': 1.1417577140741129e-05, 'D_high': 27.55546207779663, 'fire_exp': 1.111738490499784, 'P_half': 61.6097529474144, 'pre_dampen_half': 350.88322284755304, 'gpp_af': 9.489641456368314, 'gpp_b': 0.00265975681233728, 'gpp_d': 0.4316838564848064, 'ign_k': 0.46813761934505577, 'ign_c': 0.5232779509048977, 'trop_agb_crit': 15.605813459825825, 'trop_k_veg': 0.6108091740265464, 'fire_amp': 1.5719333351012774}.
[I 2026-06-10 22:40:31,746] Trial 732 finished with values: [10.530337074586942, 10.530337074586942] and parameters: {'k1': 0.00026539376439360527, 'D_low': 12.105387404469584, 'k2': 0.003767022142229395, 'D_high': 27.55546207779663, 'fire_exp': 1.0601964743503993, 'P_half': 5.4712187293420325, 'pre_dampen_half': 189.36639872354493, 'gpp_af': 43.24033972449845, 'gpp_b': 1.4540386644083135e-05, 'gpp_d': 1.0088237648985734, 'ign_k': 0.09256855841989636, 'ign_c': 0.7619822175388142, 'trop_agb_crit': 1.0693376406863295, 'trop_k_veg': 2.1406449943451844, 'fire_amp': 4.19233232783727}.
[I 2026-06-10 22:40:33,059] Trial 733 finished with values: [10.768129747976241, 10.768129747976241] and parameters: {'k1': 0.0869690639641868, 'D_low': 1074.940539517341, 'k2': 0.0010726091927327822, 'D_high': 86.80971440148622, 'fire_exp': 1.111738490499784, 'P_half': 61.6097529474144, 'pre_dampen_half': 121.93011993958949, 'gpp_af': 2.5184956910855436, 'gpp_b': 0.00031478066835753096, 'gpp_d': 0.7698760608299932, 'ign_k': 0.002357279455676982, 'ign_c': 7.081721844034206, 'trop_agb_crit': 2.0527418919564324, 'trop_k_veg': 1.5128444555847316, 'fire_amp': 2.042193818779288}.
[I 2026-06-10 22:40:34,866] Trial 734 finished with values: [10.11229167497865, 10.11229167497865] and parameters: {'k1': 0.0014452451441203328, 'D_low': 1.4002277211577039, 'k2': 4.933751600448335e-05, 'D_high': 949.9072859745386, 'fire_exp': 1.9136159174067866, 'P_half': 157.3644610977214, 'pre_dampen_half': 958.6709783968975, 'gpp_af': 1.9654778690222015, 'gpp_b': 0.00047819318414852577, 'gpp_d': 594.7389794988394, 'ign_k': 0.037151317999473285, 'ign_c': 0.6235377135673155, 'trop_agb_crit': 2.0527418919564324, 'trop_k_veg': 5.022956259243681, 'fire_amp': 2.6192385880432525}.
[I 2026-06-10 22:40:36,490] Trial 735 finished with values: [10.724667809997058, 10.724667809997058] and parameters: {'k1': 0.016973078532467004, 'D_low': 3840.3004190988563, 'k2': 3.152468275632564e-05, 'D_high': 48235.58283024493, 'fire_exp': 1.9095652801045373, 'P_half': 118.94665366442581, 'pre_dampen_half': 0.057820263517959394, 'gpp_af': 10.25616274847308, 'gpp_b': 2.800940363375676e-05, 'gpp_d': 0.4742269251269962, 'ign_k': 1.6270983114897255, 'ign_c': 0.10435856341129002, 'trop_agb_crit': 1.0189592979395135, 'trop_k_veg': 7.835003985864704, 'fire_amp': 5.416595007374148}.
[I 2026-06-10 22:40:37,829] Trial 736 finished with values: [10.48853085337093, 10.48853085337093] and parameters: {'k1': 0.0001887567630782227, 'D_low': 1.4002277211577039, 'k2': 0.003767022142229395, 'D_high': 949.9072859745386, 'fire_exp': 1.0601964743503993, 'P_half': 157.80309954142965, 'pre_dampen_half': 9.044346216330972, 'gpp_af': 0.41874665092828456, 'gpp_b': 1.4540386644083135e-05, 'gpp_d': 47.35384181058586, 'ign_k': 0.8945150807271531, 'ign_c': 0.4177928311636542, 'trop_agb_crit': 1.0693376406863295, 'trop_k_veg': 3.1055119128084763, 'fire_amp': 5.831305332032283}.
[I 2026-06-10 22:40:39,196] Trial 737 finished with values: [10.833330834165668, 10.833330834165668] and parameters: {'k1': 0.0869690639641868, 'D_low': 12.105387404469584, 'k2': 0.003767022142229395, 'D_high': 27.55546207779663, 'fire_exp': 8.452807290590647, 'P_half': 61.6097529474144, 'pre_dampen_half': 121.93011993958949, 'gpp_af': 2.5184956910855436, 'gpp_b': 0.004411400434514031, 'gpp_d': 0.4316838564848064, 'ign_k': 0.46813761934505577, 'ign_c': 0.7619822175388142, 'trop_agb_crit': 1.8566494291193822, 'trop_k_veg': 6.825463866194253, 'fire_amp': 1.5719333351012774}.
[I 2026-06-10 22:40:40,557] Trial 738 finished with values: [11.791222255026053, 11.791222255026053] and parameters: {'k1': 0.0032360993995751053, 'D_low': 1.4002277211577039, 'k2': 0.0012030178871154666, 'D_high': 1444.8691591610498, 'fire_exp': 1.0601964743503993, 'P_half': 1265.0580856641704, 'pre_dampen_half': 189.36639872354493, 'gpp_af': 0.41874665092828456, 'gpp_b': 1.4540386644083135e-05, 'gpp_d': 46.010874324515754, 'ign_k': 0.8945150807271531, 'ign_c': 0.4177928311636542, 'trop_agb_crit': 1.0693376406863295, 'trop_k_veg': 5.636143940068465, 'fire_amp': 5.831305332032283}.
[I 2026-06-10 22:40:42,519] Trial 739 finished with values: [-0.5782889752737023, 0.2688754087800509] and parameters: {'k1': 0.006079905434073396, 'D_low': 146.24004590125713, 'k2': 0.00024195799118138832, 'D_high': 23341.737328466752, 'fire_exp': 1.3807440352456883, 'P_half': 1265.0580856641704, 'pre_dampen_half': 37.40930273158252, 'gpp_af': 0.41874665092828456, 'gpp_b': 2.800940363375676e-05, 'gpp_d': 47.35384181058586, 'ign_k': 1.6270983114897255, 'ign_c': 16.497426799845446, 'trop_agb_crit': 1.513702538071769, 'trop_k_veg': 0.8262197191676174, 'fire_amp': 2.5432210024239192}.
[I 2026-06-10 22:40:44,845] Trial 740 finished with values: [10.440461711106261, 10.440461711106261] and parameters: {'k1': 0.00026539376439360527, 'D_low': 146.24004590125713, 'k2': 0.0012030178871154666, 'D_high': 35.136541394511, 'fire_exp': 1.0601964743503993, 'P_half': 118.94665366442581, 'pre_dampen_half': 9.044346216330972, 'gpp_af': 0.41874665092828456, 'gpp_b': 2.800940363375676e-05, 'gpp_d': 46.010874324515754, 'ign_k': 1.6270983114897255, 'ign_c': 0.4177928311636542, 'trop_agb_crit': 2.0527418919564324, 'trop_k_veg': 5.636143940068465, 'fire_amp': 2.6192385880432525}.
[I 2026-06-10 22:40:46,579] Trial 741 finished with values: [10.627593837893626, 10.627593837893626] and parameters: {'k1': 0.0031213520322039886, 'D_low': 235.39834531862078, 'k2': 1.1417577140741129e-05, 'D_high': 44974.07193749848, 'fire_exp': 1.111738490499784, 'P_half': 101.40635645866499, 'pre_dampen_half': 189.36639872354493, 'gpp_af': 0.002790115363936195, 'gpp_b': 2.1309331861011757e-05, 'gpp_d': 0.4742269251269962, 'ign_k': 0.09256855841989636, 'ign_c': 0.10435856341129002, 'trop_agb_crit': 8.188098178380693, 'trop_k_veg': 0.6108091740265464, 'fire_amp': 1.5719333351012774}.
[I 2026-06-10 22:40:48,228] Trial 742 finished with values: [16.23538574071641, 16.23538574071641] and parameters: {'k1': 0.08006837661379566, 'D_low': 2396.0796124300746, 'k2': 0.003767022142229395, 'D_high': 48235.58283024493, 'fire_exp': 1.9095652801045373, 'P_half': 4.213183643253957, 'pre_dampen_half': 30.456909077772018, 'gpp_af': 10.25616274847308, 'gpp_b': 1.4540386644083135e-05, 'gpp_d': 47.35384181058586, 'ign_k': 1.6270983114897255, 'ign_c': 1.3431925993528124, 'trop_agb_crit': 1.0189592979395135, 'trop_k_veg': 0.828441460847982, 'fire_amp': 4.19233232783727}.
[I 2026-06-10 22:40:49,573] Trial 743 finished with values: [-0.3983195039359882, 0.659325871466593] and parameters: {'k1': 0.00026539376439360527, 'D_low': 3266.346436894069, 'k2': 1.1417577140741129e-05, 'D_high': 27.55546207779663, 'fire_exp': 1.111738490499784, 'P_half': 61.6097529474144, 'pre_dampen_half': 350.88322284755304, 'gpp_af': 5.975195267844334, 'gpp_b': 0.00265975681233728, 'gpp_d': 0.4316838564848064, 'ign_k': 0.46813761934505577, 'ign_c': 0.5232779509048977, 'trop_agb_crit': 15.605813459825825, 'trop_k_veg': 0.6108091740265464, 'fire_amp': 1.5719333351012774}.
[I 2026-06-10 22:40:51,292] Trial 744 finished with values: [10.707102274556672, 10.707102274556672] and parameters: {'k1': 0.017276056747028225, 'D_low': 2396.0796124300746, 'k2': 0.0012030178871154666, 'D_high': 20103.283734409175, 'fire_exp': 1.9365919987098117, 'P_half': 101.40635645866499, 'pre_dampen_half': 98.05638874011484, 'gpp_af': 0.41874665092828456, 'gpp_b': 0.16285506249643175, 'gpp_d': 0.47379914349407487, 'ign_k': 0.09256855841989636, 'ign_c': 0.10435856341129002, 'trop_agb_crit': 4.902399583903479, 'trop_k_veg': 1.600928934389327, 'fire_amp': 5.416595007374148}.
[I 2026-06-10 22:40:52,884] Trial 745 finished with values: [10.310395257763302, 10.310395257763302] and parameters: {'k1': 0.00026539376439360527, 'D_low': 43.2326421037033, 'k2': 3.2423055114836195e-05, 'D_high': 949.9072859745386, 'fire_exp': 1.2732983562135975, 'P_half': 118.94665366442581, 'pre_dampen_half': 37.40930273158252, 'gpp_af': 2.5184956910855436, 'gpp_b': 2.800940363375676e-05, 'gpp_d': 0.7698760608299932, 'ign_k': 1.6270983114897255, 'ign_c': 0.6235377135673155, 'trop_agb_crit': 1.8566494291193822, 'trop_k_veg': 6.825463866194253, 'fire_amp': 2.6192385880432525}.
