[I 2026-08-06 11:32:18,791] Trial 509 finished with values: [10.395154168896253, 10.395154168896253] and parameters: {'k1': 0.011966626407443505, 'D_low': 171.2446447678494, 'k2': 1.1065812688893481e-05, 'D_high': 5670.3463356272905, 'fire_exp': 1.1490848108902036, 'P_half': 4.213183643253957, 'pre_dampen_half': 5.048653998722947, 'gpp_af': 0.6403036652671171, 'gpp_b': 0.0054502936945582505, 'gpp_d': 2.944272359149677, 'ign_k': 8.708806168038567, 'ign_c': 1.9580595319750387, 'trop_agb_crit': 7.500118950416987, 'trop_k_veg': 1.0594599158279707}.
[I 2026-08-06 11:32:21,587] Trial 510 finished with values: [10.729772453293226, 10.729772453293226] and parameters: {'k1': 0.008912611835817005, 'D_low': 5.59983195169599, 'k2': 0.03538758864779238, 'D_high': 5670.3463356272905, 'fire_exp': 1.3170256885255098, 'P_half': 1.605843632310088, 'pre_dampen_half': 63.6685916079943, 'gpp_af': 0.017199513788543352, 'gpp_b': 0.42247700890263645, 'gpp_d': 2.944272359149677, 'ign_k': 8.926311370835233, 'ign_c': 8.40543912931368, 'trop_agb_crit': 6.119263728555865, 'trop_k_veg': 0.6743482387129308}.
[I 2026-08-06 11:32:23,984] Trial 511 finished with values: [10.152699287509378, 10.152699287509378] and parameters: {'k1': 0.037704815040649445, 'D_low': 7.46475488144212, 'k2': 1.1065812688893481e-05, 'D_high': 774.2116473996249, 'fire_exp': 1.3170256885255098, 'P_half': 4.346890702031289, 'pre_dampen_half': 63.6685916079943, 'gpp_af': 22.851664167592126, 'gpp_b': 0.0005739662837359252, 'gpp_d': 2.944272359149677, 'ign_k': 3.589155871450839, 'ign_c': 5.13055176058983, 'trop_agb_crit': 24.80219492452611, 'trop_k_veg': 0.5349971555643298}.
[I 2026-08-06 11:32:26,241] Trial 512 finished with values: [10.76923076892712, 10.76923076892712] and parameters: {'k1': 0.01889771394135163, 'D_low': 7.299348683062307, 'k2': 1.1065812688893481e-05, 'D_high': 63233.81951066786, 'fire_exp': 1.1430983876313219, 'P_half': 4.213183643253957, 'pre_dampen_half': 0.12475844033340494, 'gpp_af': 1.1300566419249864, 'gpp_b': 1.3289448722869181e-05, 'gpp_d': 16.460426816350523, 'ign_k': 0.0680787482656459, 'ign_c': 800.6837661379559, 'trop_agb_crit': 7.500118950416987, 'trop_k_veg': 0.6673124511410327}.
[I 2026-08-06 11:32:28,473] Trial 513 finished with values: [10.933752064399071, 10.933752064399071] and parameters: {'k1': 0.008471801418819975, 'D_low': 4.484744524732794, 'k2': 0.03538758864779238, 'D_high': 1123.9682517242118, 'fire_exp': 1.3170256885255098, 'P_half': 4.213183643253957, 'pre_dampen_half': 63.6685916079943, 'gpp_af': 0.6403036652671171, 'gpp_b': 0.0005739662837359252, 'gpp_d': 16.460426816350523, 'ign_k': 0.21006485619596416, 'ign_c': 0.70689749506246, 'trop_agb_crit': 7.500118950416987, 'trop_k_veg': 0.6673124511410327}.
[I 2026-08-06 11:32:30,584] Trial 514 finished with values: [10.659045920243113, 10.659045920243113] and parameters: {'k1': 0.01889771394135163, 'D_low': 7.299348683062307, 'k2': 0.03538758864779238, 'D_high': 774.2116473996249, 'fire_exp': 1.1263716762638152, 'P_half': 4.213183643253957, 'pre_dampen_half': 0.48359183418131724, 'gpp_af': 0.6403036652671171, 'gpp_b': 0.22727308251068193, 'gpp_d': 1.493264336549928, 'ign_k': 0.11619873314872933, 'ign_c': 11.400863701127316, 'trop_agb_crit': 7.500118950416987, 'trop_k_veg': 1.0594599158279707}.
[I 2026-08-06 11:32:32,638] Trial 515 finished with values: [-0.5228438213434246, 0.04444235519594486] and parameters: {'k1': 0.06994589881535453, 'D_low': 1.54121727098019, 'k2': 0.03538758864779238, 'D_high': 645.2946500764235, 'fire_exp': 1.3170256885255098, 'P_half': 4.213183643253957, 'pre_dampen_half': 3.3841016089580034, 'gpp_af': 0.6403036652671171, 'gpp_b': 0.00012379625135997558, 'gpp_d': 229.41380323183625, 'ign_k': 5.351470428717437, 'ign_c': 1.2389052918551067, 'trop_agb_crit': 10.691477813613638, 'trop_k_veg': 6.45312300188076}.
[I 2026-08-06 11:32:34,601] Trial 516 finished with values: [10.769190001989003, 10.769190001989003] and parameters: {'k1': 0.01889771394135163, 'D_low': 355.00125258511594, 'k2': 0.03538758864779238, 'D_high': 536.2153030688613, 'fire_exp': 1.0629462657398439, 'P_half': 1.605843632310088, 'pre_dampen_half': 5.048653998722947, 'gpp_af': 1.9706963379095486, 'gpp_b': 0.0054502936945582505, 'gpp_d': 5.1715677287580455, 'ign_k': 0.0680787482656459, 'ign_c': 144.1431566333022, 'trop_agb_crit': 6.119263728555865, 'trop_k_veg': 1.7664838950757566}.
[I 2026-08-06 11:32:36,757] Trial 517 finished with values: [10.726032464239418, 10.726032464239418] and parameters: {'k1': 0.008912611835817005, 'D_low': 5.59983195169599, 'k2': 0.032845299795769424, 'D_high': 1123.9682517242118, 'fire_exp': 1.3170256885255098, 'P_half': 1.605843632310088, 'pre_dampen_half': 63.6685916079943, 'gpp_af': 1.965797948502807, 'gpp_b': 0.0005739662837359252, 'gpp_d': 16.460426816350523, 'ign_k': 0.21006485619596416, 'ign_c': 5.13055176058983, 'trop_agb_crit': 10.691477813613638, 'trop_k_veg': 0.6743482387129308}.
[I 2026-08-06 11:32:38,750] Trial 518 finished with values: [-0.5532692209721339, 0.0954220919878207] and parameters: {'k1': 0.06598741607403362, 'D_low': 159.7458124425669, 'k2': 1.915468390724633e-05, 'D_high': 22.281634177046417, 'fire_exp': 1.0629462657398439, 'P_half': 98.3519252750597, 'pre_dampen_half': 502.5175192217655, 'gpp_af': 0.6403036652671171, 'gpp_b': 0.0005392415140872105, 'gpp_d': 16.460426816350523, 'ign_k': 0.12329098365270515, 'ign_c': 8.40543912931368, 'trop_agb_crit': 1.0455434848969813, 'trop_k_veg': 0.6743482387129308}.
[I 2026-08-06 11:32:40,784] Trial 519 finished with values: [10.76923076892712, 10.76923076892712] and parameters: {'k1': 0.008912611835817005, 'D_low': 12.105387404469584, 'k2': 0.0007047307383115598, 'D_high': 3712.591045287726, 'fire_exp': 1.3170256885255098, 'P_half': 4.213183643253957, 'pre_dampen_half': 63.6685916079943, 'gpp_af': 0.5981605330890939, 'gpp_b': 0.42247700890263645, 'gpp_d': 16.460426816350523, 'ign_k': 8.926311370835233, 'ign_c': 323.47703263192955, 'trop_agb_crit': 24.80219492452611, 'trop_k_veg': 1.0594599158279707}.
[I 2026-08-06 11:32:42,909] Trial 520 finished with values: [-0.5467652141341635, 0.07987871149929515] and parameters: {'k1': 0.011966626407443505, 'D_low': 12.105387404469584, 'k2': 1.1065812688893481e-05, 'D_high': 5670.3463356272905, 'fire_exp': 1.3170256885255098, 'P_half': 4.213183643253957, 'pre_dampen_half': 63.6685916079943, 'gpp_af': 0.18069041761817034, 'gpp_b': 0.0005739662837359252, 'gpp_d': 1.493264336549928, 'ign_k': 0.12329098365270515, 'ign_c': 8.40543912931368, 'trop_agb_crit': 7.500118950416987, 'trop_k_veg': 0.6673124511410327}.
[I 2026-08-06 11:32:45,000] Trial 521 finished with values: [10.328834165875953, 10.328834165875953] and parameters: {'k1': 0.007530210437963516, 'D_low': 12.105387404469584, 'k2': 0.03538758864779238, 'D_high': 774.2116473996249, 'fire_exp': 1.3170256885255098, 'P_half': 4.213183643253957, 'pre_dampen_half': 63.6685916079943, 'gpp_af': 0.6403036652671171, 'gpp_b': 0.0005739662837359252, 'gpp_d': 2.944272359149677, 'ign_k': 8.926311370835233, 'ign_c': 11.400863701127316, 'trop_agb_crit': 24.80219492452611, 'trop_k_veg': 0.6673124511410327}.
[I 2026-08-06 11:32:47,359] Trial 522 finished with values: [10.463693869997181, 10.463693869997181] and parameters: {'k1': 0.01889771394135163, 'D_low': 12.105387404469584, 'k2': 0.03538758864779238, 'D_high': 1236.6924205139144, 'fire_exp': 1.3170256885255098, 'P_half': 4.213183643253957, 'pre_dampen_half': 3.3841016089580034, 'gpp_af': 0.00111906222790675, 'gpp_b': 0.0005739662837359252, 'gpp_d': 229.41380323183625, 'ign_k': 0.21006485619596416, 'ign_c': 11.400863701127316, 'trop_agb_crit': 6.119263728555865, 'trop_k_veg': 0.6673124511410327}.
[I 2026-08-06 11:32:49,876] Trial 523 finished with values: [10.409682270185689, 10.409682270185689] and parameters: {'k1': 0.011966626407443505, 'D_low': 5.59983195169599, 'k2': 1.1065812688893481e-05, 'D_high': 3712.591045287726, 'fire_exp': 1.3170256885255098, 'P_half': 9.324787201197319, 'pre_dampen_half': 502.5175192217655, 'gpp_af': 0.6403036652671171, 'gpp_b': 0.0005739662837359252, 'gpp_d': 8.057329182285729, 'ign_k': 0.12329098365270515, 'ign_c': 5.13055176058983, 'trop_agb_crit': 6.119263728555865, 'trop_k_veg': 0.6743482387129308}.
[I 2026-08-06 11:32:51,770] Trial 524 finished with values: [10.76923076892712, 10.76923076892712] and parameters: {'k1': 0.01889771394135163, 'D_low': 4.484744524732794, 'k2': 1.915468390724633e-05, 'D_high': 22.281634177046417, 'fire_exp': 1.1263716762638152, 'P_half': 107.12009151798692, 'pre_dampen_half': 502.5175192217655, 'gpp_af': 0.7539992074650279, 'gpp_b': 0.00023481641213549971, 'gpp_d': 16.460426816350523, 'ign_k': 0.0680787482656459, 'ign_c': 966.7978239320698, 'trop_agb_crit': 1.0455434848969813, 'trop_k_veg': 6.842216150864676}.
[I 2026-08-06 11:32:53,539] Trial 525 finished with values: [10.24516571197374, 10.24516571197374] and parameters: {'k1': 0.00031134168041628584, 'D_low': 173.2186836611753, 'k2': 0.003419108473554454, 'D_high': 3712.591045287726, 'fire_exp': 1.0629462657398439, 'P_half': 4.213183643253957, 'pre_dampen_half': 502.5175192217655, 'gpp_af': 1.6059727222314273, 'gpp_b': 0.0005739662837359252, 'gpp_d': 1.493264336549928, 'ign_k': 0.0680787482656459, 'ign_c': 11.400863701127316, 'trop_agb_crit': 24.584290528289387, 'trop_k_veg': 3.1473758868965476}.
[I 2026-08-06 11:32:55,253] Trial 526 finished with values: [12.474061469891993, 12.474061469891993] and parameters: {'k1': 0.008912611835817005, 'D_low': 7.299348683062307, 'k2': 0.032845299795769424, 'D_high': 5670.3463356272905, 'fire_exp': 1.3170256885255098, 'P_half': 9.324787201197319, 'pre_dampen_half': 748.1106041623153, 'gpp_af': 0.6403036652671171, 'gpp_b': 0.0005739662837359252, 'gpp_d': 8.057329182285729, 'ign_k': 0.21006485619596416, 'ign_c': 7.4063809263110905, 'trop_agb_crit': 10.691477813613638, 'trop_k_veg': 0.5772603928610088}.
[I 2026-08-06 11:32:57,038] Trial 527 finished with values: [-0.5596161731873526, 0.05732685297651097] and parameters: {'k1': 0.0029282035181080004, 'D_low': 5.59983195169599, 'k2': 0.03538758864779238, 'D_high': 774.2116473996249, 'fire_exp': 1.3170256885255098, 'P_half': 1.605843632310088, 'pre_dampen_half': 63.6685916079943, 'gpp_af': 0.6403036652671171, 'gpp_b': 0.0005739662837359252, 'gpp_d': 1.493264336549928, 'ign_k': 0.21006485619596416, 'ign_c': 8.40543912931368, 'trop_agb_crit': 6.119263728555865, 'trop_k_veg': 0.6673124511410327}.
[I 2026-08-06 11:32:58,785] Trial 528 finished with values: [10.209839791730774, 10.209839791730774] and parameters: {'k1': 0.01889771394135163, 'D_low': 355.00125258511594, 'k2': 1.1065812688893481e-05, 'D_high': 5670.3463356272905, 'fire_exp': 1.7329145403564932, 'P_half': 9.324787201197319, 'pre_dampen_half': 502.5175192217655, 'gpp_af': 1.1300566419249864, 'gpp_b': 0.0005739662837359252, 'gpp_d': 16.460426816350523, 'ign_k': 0.3993031584056687, 'ign_c': 5.13055176058983, 'trop_agb_crit': 7.500118950416987, 'trop_k_veg': 6.423641554321892}.
[I 2026-08-06 11:33:00,525] Trial 529 finished with values: [-0.5602204493853707, 0.17585193301064328] and parameters: {'k1': 0.007828534228218626, 'D_low': 6.28303969797272, 'k2': 7.639737756882014e-05, 'D_high': 21.356209987689077, 'fire_exp': 1.1430983876313219, 'P_half': 4.213183643253957, 'pre_dampen_half': 63.6685916079943, 'gpp_af': 0.6403036652671171, 'gpp_b': 1.3289448722869181e-05, 'gpp_d': 1.6983565276584263, 'ign_k': 2.1368329072358767, 'ign_c': 7.4063809263110905, 'trop_agb_crit': 10.965064494899984, 'trop_k_veg': 0.6673124511410327}.
[I 2026-08-06 11:33:02,273] Trial 530 finished with values: [10.053923230091893, 10.053923230091893] and parameters: {'k1': 0.008912611835817005, 'D_low': 4.484744524732794, 'k2': 1.1065812688893481e-05, 'D_high': 37954.79274251299, 'fire_exp': 1.3170256885255098, 'P_half': 525.911865925123, 'pre_dampen_half': 63.6685916079943, 'gpp_af': 0.0022961065892443786, 'gpp_b': 2.176805640408474e-05, 'gpp_d': 1.493264336549928, 'ign_k': 0.1550134937334847, 'ign_c': 15.221840161091626, 'trop_agb_crit': 24.584290528289387, 'trop_k_veg': 1.4584243470991722}.
[I 2026-08-06 11:33:04,074] Trial 531 finished with values: [10.20428006901779, 10.20428006901779] and parameters: {'k1': 0.008912611835817005, 'D_low': 38.82837025280678, 'k2': 0.03538758864779238, 'D_high': 11069.082134755383, 'fire_exp': 1.3170256885255098, 'P_half': 4.213183643253957, 'pre_dampen_half': 38.00678588560607, 'gpp_af': 1.6059727222314273, 'gpp_b': 0.42247700890263645, 'gpp_d': 16.460426816350523, 'ign_k': 0.010167079878196114, 'ign_c': 7.4063809263110905, 'trop_agb_crit': 24.584290528289387, 'trop_k_veg': 0.5443513380244235}.
[I 2026-08-06 11:33:05,911] Trial 532 finished with values: [10.214940793327393, 10.214940793327393] and parameters: {'k1': 0.06994589881535453, 'D_low': 1.54121727098019, 'k2': 0.03538758864779238, 'D_high': 3712.591045287726, 'fire_exp': 1.8100179779646608, 'P_half': 4.213183643253957, 'pre_dampen_half': 502.5175192217655, 'gpp_af': 0.6403036652671171, 'gpp_b': 0.42247700890263645, 'gpp_d': 1.6983565276584263, 'ign_k': 0.07087479683081002, 'ign_c': 7.4063809263110905, 'trop_agb_crit': 24.584290528289387, 'trop_k_veg': 0.6743482387129308}.
[I 2026-08-06 11:33:07,678] Trial 533 finished with values: [10.215940795810782, 10.215940795810782] and parameters: {'k1': 0.008471801418819975, 'D_low': 4.484744524732794, 'k2': 0.003419108473554454, 'D_high': 3712.591045287726, 'fire_exp': 1.3170256885255098, 'P_half': 4.213183643253957, 'pre_dampen_half': 63.6685916079943, 'gpp_af': 0.6403036652671171, 'gpp_b': 0.0005739662837359252, 'gpp_d': 1.493264336549928, 'ign_k': 0.21006485619596416, 'ign_c': 11.400863701127316, 'trop_agb_crit': 7.500118950416987, 'trop_k_veg': 0.6673124511410327}.
[I 2026-08-06 11:33:09,452] Trial 534 finished with values: [10.660137848293758, 10.660137848293758] and parameters: {'k1': 0.008912611835817005, 'D_low': 7.46475488144212, 'k2': 1.1065812688893481e-05, 'D_high': 774.2116473996249, 'fire_exp': 1.3170256885255098, 'P_half': 9.324787201197319, 'pre_dampen_half': 63.6685916079943, 'gpp_af': 0.6403036652671171, 'gpp_b': 1.6204477512064799, 'gpp_d': 2.944272359149677, 'ign_k': 0.12329098365270515, 'ign_c': 5.13055176058983, 'trop_agb_crit': 6.119263728555865, 'trop_k_veg': 0.5349971555643298}.
[I 2026-08-06 11:33:12,102] Trial 535 finished with values: [-0.5344450999238854, 0.04375483969020921] and parameters: {'k1': 0.00810356796771759, 'D_low': 7.299348683062307, 'k2': 1.1065812688893481e-05, 'D_high': 3712.591045287726, 'fire_exp': 1.1263716762638152, 'P_half': 9.324787201197319, 'pre_dampen_half': 502.5175192217655, 'gpp_af': 1.1300566419249864, 'gpp_b': 0.22727308251068193, 'gpp_d': 5.1715677287580455, 'ign_k': 0.11619873314872933, 'ign_c': 15.221840161091626, 'trop_agb_crit': 7.500118950416987, 'trop_k_veg': 0.6673124511410327}.
[I 2026-08-06 11:33:15,061] Trial 536 finished with values: [10.578795347190631, 10.578795347190631] and parameters: {'k1': 0.05705198955850472, 'D_low': 171.2446447678494, 'k2': 1.1065812688893481e-05, 'D_high': 5670.3463356272905, 'fire_exp': 1.2918065501148304, 'P_half': 4.213183643253957, 'pre_dampen_half': 38.00678588560607, 'gpp_af': 1.6059727222314273, 'gpp_b': 0.2859164396628517, 'gpp_d': 2.944272359149677, 'ign_k': 8.708806168038567, 'ign_c': 5.034696988263485, 'trop_agb_crit': 7.500118950416987, 'trop_k_veg': 0.6673124511410327}.
[I 2026-08-06 11:33:17,062] Trial 537 finished with values: [-0.33740306331125935, 0.1299062243738509] and parameters: {'k1': 2.6285770615112825e-05, 'D_low': 159.7458124425669, 'k2': 0.03538758864779238, 'D_high': 22.281634177046417, 'fire_exp': 1.0629462657398439, 'P_half': 5.076307782729897, 'pre_dampen_half': 502.5175192217655, 'gpp_af': 0.7539992074650279, 'gpp_b': 0.0005739662837359252, 'gpp_d': 16.460426816350523, 'ign_k': 0.0680787482656459, 'ign_c': 15.221840161091626, 'trop_agb_crit': 24.584290528289387, 'trop_k_veg': 0.6673124511410327}.
[I 2026-08-06 11:33:19,079] Trial 538 finished with values: [10.826790496005303, 10.826790496005303] and parameters: {'k1': 0.06994589881535453, 'D_low': 1.54121727098019, 'k2': 0.003419108473554454, 'D_high': 11069.082134755383, 'fire_exp': 1.3170256885255098, 'P_half': 140.74279366401683, 'pre_dampen_half': 63.6685916079943, 'gpp_af': 0.6403036652671171, 'gpp_b': 2.176805640408474e-05, 'gpp_d': 2.944272359149677, 'ign_k': 0.0680787482656459, 'ign_c': 5.13055176058983, 'trop_agb_crit': 24.584290528289387, 'trop_k_veg': 3.1473758868965476}.
[I 2026-08-06 11:33:21,021] Trial 539 finished with values: [11.632817985342163, 11.632817985342163] and parameters: {'k1': 0.06598741607403362, 'D_low': 1.54121727098019, 'k2': 0.03538758864779238, 'D_high': 1123.9682517242118, 'fire_exp': 2.667972213959779, 'P_half': 9.324787201197319, 'pre_dampen_half': 502.5175192217655, 'gpp_af': 0.053663001820106804, 'gpp_b': 0.001683575425554734, 'gpp_d': 8.057329182285729, 'ign_k': 5.351470428717437, 'ign_c': 5.13055176058983, 'trop_agb_crit': 10.691477813613638, 'trop_k_veg': 6.423641554321892}.
[I 2026-08-06 11:33:22,959] Trial 540 finished with values: [-0.5751820409804917, 0.04258283858370504] and parameters: {'k1': 0.011966626407443505, 'D_low': 171.2446447678494, 'k2': 0.08924795116437424, 'D_high': 774.2116473996249, 'fire_exp': 1.3170256885255098, 'P_half': 4.213183643253957, 'pre_dampen_half': 63.6685916079943, 'gpp_af': 0.6403036652671171, 'gpp_b': 0.0005739662837359252, 'gpp_d': 2.944272359149677, 'ign_k': 3.589155871450839, 'ign_c': 11.400863701127316, 'trop_agb_crit': 6.119263728555865, 'trop_k_veg': 0.6673124511410327}.
[I 2026-08-06 11:33:24,855] Trial 541 finished with values: [-0.523230365365523, 0.09374382743607224] and parameters: {'k1': 0.008912611835817005, 'D_low': 1.9977959434035766, 'k2': 1.1065812688893481e-05, 'D_high': 14.468941663899356, 'fire_exp': 1.1263716762638152, 'P_half': 3.313942437345199, 'pre_dampen_half': 63.6685916079943, 'gpp_af': 0.6403036652671171, 'gpp_b': 0.0054502936945582505, 'gpp_d': 229.41380323183625, 'ign_k': 0.010167079878196114, 'ign_c': 0.6318310680434649, 'trop_agb_crit': 24.80219492452611, 'trop_k_veg': 6.45312300188076}.
[I 2026-08-06 11:33:26,641] Trial 542 finished with values: [10.162827700618198, 10.162827700618198] and parameters: {'k1': 0.0029282035181080004, 'D_low': 7.299348683062307, 'k2': 0.003419108473554454, 'D_high': 774.2116473996249, 'fire_exp': 1.1263716762638152, 'P_half': 4.213183643253957, 'pre_dampen_half': 63.6685916079943, 'gpp_af': 0.6403036652671171, 'gpp_b': 0.0005739662837359252, 'gpp_d': 5.1715677287580455, 'ign_k': 0.21006485619596416, 'ign_c': 11.400863701127316, 'trop_agb_crit': 7.500118950416987, 'trop_k_veg': 0.6673124511410327}.
[I 2026-08-06 11:33:28,428] Trial 543 finished with values: [-0.5629412255997076, 0.06838359432407326] and parameters: {'k1': 0.0029282035181080004, 'D_low': 1.54121727098019, 'k2': 0.03538758864779238, 'D_high': 774.2116473996249, 'fire_exp': 1.3170256885255098, 'P_half': 175.2878790340412, 'pre_dampen_half': 502.5175192217655, 'gpp_af': 14.476743839391009, 'gpp_b': 1.284284091405877e-05, 'gpp_d': 16.460426816350523, 'ign_k': 0.21006485619596416, 'ign_c': 11.400863701127316, 'trop_agb_crit': 24.584290528289387, 'trop_k_veg': 1.4584243470991722}.
[I 2026-08-06 11:33:30,288] Trial 544 finished with values: [-0.5459674223167654, 0.07996484430314221] and parameters: {'k1': 0.029385019583898195, 'D_low': 12.105387404469584, 'k2': 1.1065812688893481e-05, 'D_high': 5670.3463356272905, 'fire_exp': 1.3170256885255098, 'P_half': 4.213183643253957, 'pre_dampen_half': 63.6685916079943, 'gpp_af': 0.18069041761817034, 'gpp_b': 0.0005739662837359252, 'gpp_d': 1.493264336549928, 'ign_k': 0.12329098365270515, 'ign_c': 8.40543912931368, 'trop_agb_crit': 6.119263728555865, 'trop_k_veg': 0.6673124511410327}.
[I 2026-08-06 11:33:32,302] Trial 545 finished with values: [10.041876013731319, 10.041876013731319] and parameters: {'k1': 0.01889771394135163, 'D_low': 40.12413353131991, 'k2': 1.1065812688893481e-05, 'D_high': 22.281634177046417, 'fire_exp': 1.3170256885255098, 'P_half': 5.076307782729897, 'pre_dampen_half': 63.6685916079943, 'gpp_af': 0.6403036652671171, 'gpp_b': 0.0005392415140872105, 'gpp_d': 16.460426816350523, 'ign_k': 0.0680787482656459, 'ign_c': 5.13055176058983, 'trop_agb_crit': 1.0455434848969813, 'trop_k_veg': 0.6743482387129308}.
[I 2026-08-06 11:33:34,107] Trial 546 finished with values: [10.344185492775813, 10.344185492775813] and parameters: {'k1': 0.00031134168041628584, 'D_low': 355.00125258511594, 'k2': 0.003419108473554454, 'D_high': 1123.9682517242118, 'fire_exp': 2.667972213959779, 'P_half': 175.2878790340412, 'pre_dampen_half': 502.5175192217655, 'gpp_af': 1.6059727222314273, 'gpp_b': 0.0021331409710300844, 'gpp_d': 16.460426816350523, 'ign_k': 0.20639617012599235, 'ign_c': 5.13055176058983, 'trop_agb_crit': 24.584290528289387, 'trop_k_veg': 1.4584243470991722}.
[I 2026-08-06 11:33:35,912] Trial 547 finished with values: [10.254574662013137, 10.254574662013137] and parameters: {'k1': 0.06598741607403362, 'D_low': 1.54121727098019, 'k2': 1.1065812688893481e-05, 'D_high': 3712.591045287726, 'fire_exp': 1.4665043946307825, 'P_half': 140.74279366401683, 'pre_dampen_half': 502.5175192217655, 'gpp_af': 0.7951170003631387, 'gpp_b': 1.284284091405877e-05, 'gpp_d': 16.460426816350523, 'ign_k': 0.0023224552232891564, 'ign_c': 323.47703263192955, 'trop_agb_crit': 24.584290528289387, 'trop_k_veg': 2.4336356947036335}.
[I 2026-08-06 11:33:37,746] Trial 548 finished with values: [10.248003220277702, 10.248003220277702] and parameters: {'k1': 0.06598741607403362, 'D_low': 4.484744524732794, 'k2': 0.011715293025123641, 'D_high': 568.1482545113266, 'fire_exp': 5.311995034756393, 'P_half': 175.2878790340412, 'pre_dampen_half': 502.5175192217655, 'gpp_af': 1.6059727222314273, 'gpp_b': 1.284284091405877e-05, 'gpp_d': 16.460426816350523, 'ign_k': 0.11619873314872933, 'ign_c': 0.10605801312906209, 'trop_agb_crit': 24.584290528289387, 'trop_k_veg': 1.4584243470991722}.
