[I 2026-07-22 18:43:59,736] Trial 314 finished with values: [10.715192481735174, 10.715192481735174] and parameters: {'k1': 0.003242143344038315, 'D_low': 13702.184620615577, 'k2': 0.0004381141781653137, 'D_high': 580966.5602369158, 'fire_exp': 1.7124099831271415, 'P_half': 7.890004262668578, 'pre_dampen_half': 0.2888838362365318, 'gpp_af': 0.015350904103515228, 'gpp_b': 8.129227514069975e-05, 'gpp_d': 144.76743839390986, 'ign_k': 0.009861808369679786, 'ign_c': 94.57692079529029, 'trop_agb_crit': 5.707205898008383, 'trop_k_veg': 4.60227373948169, 'fuel_k': 0.018207179480706392, 'fuel_half': 0.32476735706274484}.
[I 2026-07-22 18:44:00,148] Trial 315 finished with values: [10.76804843700195, 10.76804843700195] and parameters: {'k1': 2.27847364377152e-05, 'D_low': 150.83210025074274, 'k2': 0.001566517163094646, 'D_high': 558.9524205217922, 'fire_exp': 1.1258453832483524, 'P_half': 8832.039346746853, 'pre_dampen_half': 0.10017312476738939, 'gpp_af': 0.12243451886824051, 'gpp_b': 1.7565109007473816e-05, 'gpp_d': 9.00460602264307, 'ign_k': 0.006290644294586149, 'ign_c': 11.40086370112731, 'trop_agb_crit': 9.362115196011851, 'trop_k_veg': 4.130963924640279, 'fuel_k': 0.029193888522073733, 'fuel_half': 0.32476735706274484}.
[I 2026-07-22 18:44:00,558] Trial 316 finished with values: [10.76923076903347, 10.76923076903347] and parameters: {'k1': 0.002968335334246999, 'D_low': 70586.60227368641, 'k2': 0.05583672722754823, 'D_high': 2283.4228779494524, 'fire_exp': 2.655962930461066, 'P_half': 5.575453980775371, 'pre_dampen_half': 0.03333029838740256, 'gpp_af': 29.925002022877816, 'gpp_b': 1.1698276136056565e-05, 'gpp_d': 6.378078463802852, 'ign_k': 0.006039096247545781, 'ign_c': 16.626592254031866, 'trop_agb_crit': 12.285102065067687, 'trop_k_veg': 1.6340262437673856, 'fuel_k': 1.8731335591844647, 'fuel_half': 7.259866824755671}.
[I 2026-07-22 18:44:00,969] Trial 317 finished with values: [-0.23290158712187833, 0.2643080232568886] and parameters: {'k1': 2.27847364377152e-05, 'D_low': 4.043300846639722, 'k2': 0.001566517163094646, 'D_high': 16392.60991832772, 'fire_exp': 1.2310899049053081, 'P_half': 540.9803697908727, 'pre_dampen_half': 19.600139992927424, 'gpp_af': 0.008562341633595545, 'gpp_b': 1.7565109007473816e-05, 'gpp_d': 9.00460602264307, 'ign_k': 0.03141110271934876, 'ign_c': 0.11650681118986138, 'trop_agb_crit': 9.362115196011851, 'trop_k_veg': 2.417028380770307, 'fuel_k': 0.6452742971240902, 'fuel_half': 0.3335026483569958}.
[I 2026-07-22 18:44:01,387] Trial 318 finished with values: [10.018905976195711, 10.018905976195711] and parameters: {'k1': 9.969469187531805e-05, 'D_low': 13.25142220631392, 'k2': 7.67074891445376e-05, 'D_high': 2512533.442757688, 'fire_exp': 2.0165721691808587, 'P_half': 2.458603276328005, 'pre_dampen_half': 26.373339933815235, 'gpp_af': 42.29037995744429, 'gpp_b': 0.0005392415140872105, 'gpp_d': 27.50607428241511, 'ign_k': 0.0013726318898045872, 'ign_c': 0.1867876836333246, 'trop_agb_crit': 2.171140223187998, 'trop_k_veg': 0.5695379443977426, 'fuel_k': 3.6992394681929355, 'fuel_half': 8.115041565366713}.
[I 2026-07-22 18:44:01,797] Trial 319 finished with values: [10.761360590526909, 10.761360590526909] and parameters: {'k1': 1.2030530850061361e-05, 'D_low': 864.0717009254879, 'k2': 2.1698375693549493e-05, 'D_high': 160625.60954780428, 'fire_exp': 3.2181803496180783, 'P_half': 669.7348618512094, 'pre_dampen_half': 9.288856801351132, 'gpp_af': 1.1300566419249867, 'gpp_b': 0.0005995821881487623, 'gpp_d': 857.4284557962626, 'ign_k': 0.03141110271934876, 'ign_c': 14.074279366401672, 'trop_agb_crit': 10.719494362768906, 'trop_k_veg': 1.140286245977296, 'fuel_k': 3.6992394681929355, 'fuel_half': 18.202647368248815}.
[I 2026-07-22 18:44:02,202] Trial 320 finished with values: [10.76923076903347, 10.76923076903347] and parameters: {'k1': 0.0003199177539819797, 'D_low': 1403.0344584930538, 'k2': 0.002342238625792905, 'D_high': 8433503.858791472, 'fire_exp': 3.916877009398767, 'P_half': 39.03214299767183, 'pre_dampen_half': 0.014385690886336346, 'gpp_af': 0.3259758793317361, 'gpp_b': 1.1698276136056565e-05, 'gpp_d': 6.91394869865762, 'ign_k': 5.557109890966285, 'ign_c': 47.268615251255675, 'trop_agb_crit': 10.719494362768906, 'trop_k_veg': 2.3408809609838257, 'fuel_k': 0.3872812826465556, 'fuel_half': 0.33988503110784557}.
[I 2026-07-22 18:44:02,623] Trial 321 finished with values: [10.76923076903347, 10.76923076903347] and parameters: {'k1': 0.0058043147174140705, 'D_low': 70586.60227368641, 'k2': 0.002342238625792905, 'D_high': 2283.4228779494524, 'fire_exp': 1.4575512062152998, 'P_half': 5.575453980775371, 'pre_dampen_half': 3.9885726374014694, 'gpp_af': 0.3259758793317361, 'gpp_b': 1.1698276136056565e-05, 'gpp_d': 6.91394869865762, 'ign_k': 0.006039096247545781, 'ign_c': 16.626592254031866, 'trop_agb_crit': 1.5774541406529003, 'trop_k_veg': 2.6391661744759056, 'fuel_k': 1.8731335591844647, 'fuel_half': 0.14319038307687884}.
[I 2026-07-22 18:44:03,048] Trial 322 finished with values: [10.262370468348761, 10.262370468348761] and parameters: {'k1': 0.0003199177539819797, 'D_low': 8454.098152188677, 'k2': 0.002342238625792905, 'D_high': 8433503.858791472, 'fire_exp': 1.182396148413737, 'P_half': 1938.3858782150498, 'pre_dampen_half': 33.97904243111269, 'gpp_af': 0.0025511964576171086, 'gpp_b': 3.228689523591491e-05, 'gpp_d': 302.3127748796295, 'ign_k': 4.59148521674054, 'ign_c': 0.13670484737132343, 'trop_agb_crit': 10.719494362768906, 'trop_k_veg': 2.3408809609838257, 'fuel_k': 3.6992394681929355, 'fuel_half': 38.21129441691226}.
[I 2026-07-22 18:44:03,454] Trial 323 finished with values: [10.420301105027812, 10.420301105027812] and parameters: {'k1': 0.011966626407443505, 'D_low': 11.459566575664761, 'k2': 0.0009670857606743155, 'D_high': 316055.11434645456, 'fire_exp': 1.1258453832483524, 'P_half': 1212.4080603355412, 'pre_dampen_half': 347.79988160923324, 'gpp_af': 0.06789053271698488, 'gpp_b': 0.0054502936945582505, 'gpp_d': 3.0023172465753087, 'ign_k': 0.5670346335627292, 'ign_c': 11.40086370112731, 'trop_agb_crit': 9.362115196011851, 'trop_k_veg': 2.2426202441332554, 'fuel_k': 1.663022877763097, 'fuel_half': 13.402368611128821}.
[I 2026-07-22 18:44:03,862] Trial 324 finished with values: [-0.39669272582610143, 0.1692085842809129] and parameters: {'k1': 0.0029707920514735983, 'D_low': 4.043300846639722, 'k2': 2.1698375693549493e-05, 'D_high': 160625.60954780428, 'fire_exp': 1.182396148413737, 'P_half': 1938.3858782150498, 'pre_dampen_half': 33.97904243111269, 'gpp_af': 0.0025511964576171086, 'gpp_b': 3.228689523591491e-05, 'gpp_d': 857.4284557962626, 'ign_k': 0.03141110271934876, 'ign_c': 3.0378658251922155, 'trop_agb_crit': 15.870971677383487, 'trop_k_veg': 6.911478238001162, 'fuel_k': 5.486054129200971, 'fuel_half': 18.202647368248815}.
[I 2026-07-22 18:44:04,277] Trial 325 finished with values: [10.149863791166627, 10.149863791166627] and parameters: {'k1': 0.052334804885400876, 'D_low': 126.11058927054879, 'k2': 0.001566517163094646, 'D_high': 1681956.433827372, 'fire_exp': 1.7124099831271415, 'P_half': 7.890004262668578, 'pre_dampen_half': 26.373339933815235, 'gpp_af': 0.49740621749684094, 'gpp_b': 0.0005392415140872105, 'gpp_d': 700.6693992445935, 'ign_k': 0.009861808369679786, 'ign_c': 8.405439129313676, 'trop_agb_crit': 2.171140223187998, 'trop_k_veg': 2.417028380770307, 'fuel_k': 0.48736180483849406, 'fuel_half': 38.21129441691226}.
[I 2026-07-22 18:44:04,687] Trial 326 finished with values: [10.403959973633519, 10.403959973633519] and parameters: {'k1': 9.969469187531805e-05, 'D_low': 864.0717009254879, 'k2': 7.67074891445376e-05, 'D_high': 580966.5602369158, 'fire_exp': 1.7124099831271415, 'P_half': 1.7036120617148391, 'pre_dampen_half': 37.19072637334468, 'gpp_af': 8.769726637617675, 'gpp_b': 0.6462022984655512, 'gpp_d': 700.6693992445935, 'ign_k': 0.009861808369679786, 'ign_c': 94.57692079529029, 'trop_agb_crit': 20.205002815711154, 'trop_k_veg': 4.130963924640279, 'fuel_k': 0.48736180483849406, 'fuel_half': 7.259866824755671}.
[I 2026-07-22 18:44:05,107] Trial 327 finished with values: [10.567129123740607, 10.567129123740607] and parameters: {'k1': 0.0187011406476519, 'D_low': 13.25142220631392, 'k2': 0.0001971137615017176, 'D_high': 708572.1663941594, 'fire_exp': 2.0165721691808587, 'P_half': 2.458603276328005, 'pre_dampen_half': 0.2888838362365318, 'gpp_af': 0.49740621749684094, 'gpp_b': 0.0005392415140872105, 'gpp_d': 144.76743839390986, 'ign_k': 0.006290644294586149, 'ign_c': 11.40086370112731, 'trop_agb_crit': 7.500118950416987, 'trop_k_veg': 2.3408809609838257, 'fuel_k': 0.48736180483849406, 'fuel_half': 38.21129441691226}.
[I 2026-07-22 18:44:05,523] Trial 328 finished with values: [10.938526628680671, 10.938526628680671] and parameters: {'k1': 0.00016480446427978953, 'D_low': 1407.7923139972395, 'k2': 0.0038341488164556755, 'D_high': 305369.47947832284, 'fire_exp': 1.0881360604103363, 'P_half': 38.82837025280678, 'pre_dampen_half': 347.79988160923324, 'gpp_af': 0.049802479194577566, 'gpp_b': 0.0054502936945582505, 'gpp_d': 2.8006820077310226, 'ign_k': 0.006039096247545781, 'ign_c': 0.4392638796750216, 'trop_agb_crit': 6.1198430581046965, 'trop_k_veg': 1.0049538030148353, 'fuel_k': 0.48736180483849406, 'fuel_half': 0.33988503110784557}.
[I 2026-07-22 18:44:05,940] Trial 329 finished with values: [10.327990390626237, 10.327990390626237] and parameters: {'k1': 0.00016480446427978953, 'D_low': 126.11058927054879, 'k2': 0.01567230746060024, 'D_high': 558.9524205217922, 'fire_exp': 1.1258453832483524, 'P_half': 1.7036120617148391, 'pre_dampen_half': 347.79988160923324, 'gpp_af': 42.29037995744429, 'gpp_b': 0.00012118589392553819, 'gpp_d': 3.0023172465753087, 'ign_k': 4.59148521674054, 'ign_c': 0.13670484737132343, 'trop_agb_crit': 29.789943908227905, 'trop_k_veg': 4.232850899624566, 'fuel_k': 3.6992394681929355, 'fuel_half': 0.3625056554880307}.
[I 2026-07-22 18:44:06,356] Trial 330 finished with values: [10.31781426458171, 10.31781426458171] and parameters: {'k1': 0.0003199177539819797, 'D_low': 77437.38566267729, 'k2': 7.67074891445376e-05, 'D_high': 8433503.858791472, 'fire_exp': 8.791426299948917, 'P_half': 9.324787201197319, 'pre_dampen_half': 33.71909132517388, 'gpp_af': 42.29037995744429, 'gpp_b': 1.1698276136056565e-05, 'gpp_d': 6.91394869865762, 'ign_k': 4.59148521674054, 'ign_c': 0.13670484737132343, 'trop_agb_crit': 10.719494362768906, 'trop_k_veg': 2.3408809609838257, 'fuel_k': 3.6992394681929355, 'fuel_half': 81.87941582538087}.
[I 2026-07-22 18:44:06,770] Trial 331 finished with values: [10.193374545513674, 10.193374545513674] and parameters: {'k1': 9.969469187531805e-05, 'D_low': 11.459566575664761, 'k2': 7.67074891445376e-05, 'D_high': 160625.60954780428, 'fire_exp': 1.1258453832483524, 'P_half': 2.0915073038472545, 'pre_dampen_half': 347.79988160923324, 'gpp_af': 42.29037995744429, 'gpp_b': 2.3382984208508284, 'gpp_d': 6.91394869865762, 'ign_k': 0.1550134937334847, 'ign_c': 11.40086370112731, 'trop_agb_crit': 10.719494362768906, 'trop_k_veg': 1.140286245977296, 'fuel_k': 1.663022877763097, 'fuel_half': 0.3625056554880307}.
[I 2026-07-22 18:44:07,182] Trial 332 finished with values: [10.504305280755835, 10.504305280755835] and parameters: {'k1': 0.0058043147174140705, 'D_low': 2.9612221068836555, 'k2': 0.0007081721844034209, 'D_high': 2283.4228779494524, 'fire_exp': 1.4575512062152998, 'P_half': 1.7036120617148391, 'pre_dampen_half': 420.2116526335304, 'gpp_af': 0.0023751383317256927, 'gpp_b': 0.0054502936945582505, 'gpp_d': 6.378078463802852, 'ign_k': 3.210808548911192, 'ign_c': 11.40086370112731, 'trop_agb_crit': 1.5774541406529003, 'trop_k_veg': 1.6340262437673856, 'fuel_k': 1.8645619680420138, 'fuel_half': 49.16400722913764}.
[I 2026-07-22 18:44:07,595] Trial 333 finished with values: [10.24402150687142, 10.24402150687142] and parameters: {'k1': 9.969469187531805e-05, 'D_low': 13.25142220631392, 'k2': 7.67074891445376e-05, 'D_high': 160625.60954780428, 'fire_exp': 2.0165721691808587, 'P_half': 9.324787201197319, 'pre_dampen_half': 26.373339933815235, 'gpp_af': 42.29037995744429, 'gpp_b': 0.0005392415140872105, 'gpp_d': 27.50607428241511, 'ign_k': 0.0013726318898045872, 'ign_c': 6.44574526230189, 'trop_agb_crit': 2.171140223187998, 'trop_k_veg': 0.5695379443977426, 'fuel_k': 3.6992394681929355, 'fuel_half': 81.87941582538087}.
[I 2026-07-22 18:44:08,016] Trial 334 finished with values: [-0.3186999523548585, 0.1756845462036919] and parameters: {'k1': 0.0003199177539819797, 'D_low': 2.9612221068836555, 'k2': 0.035891558714508394, 'D_high': 2283.4228779494524, 'fire_exp': 1.182396148413737, 'P_half': 334.62201030483817, 'pre_dampen_half': 420.2116526335304, 'gpp_af': 0.3259758793317361, 'gpp_b': 0.0054502936945582505, 'gpp_d': 2.2044650100999164, 'ign_k': 0.5670346335627292, 'ign_c': 11.40086370112731, 'trop_agb_crit': 15.870971677383487, 'trop_k_veg': 3.024803048559367, 'fuel_k': 0.6137000782082781, 'fuel_half': 18.202647368248815}.
[I 2026-07-22 18:44:08,469] Trial 335 finished with values: [10.194382512995011, 10.194382512995011] and parameters: {'k1': 0.00016480446427978953, 'D_low': 126.11058927054879, 'k2': 0.001566517163094646, 'D_high': 580966.5602369158, 'fire_exp': 1.182396148413737, 'P_half': 127.52949611679996, 'pre_dampen_half': 9.288856801351132, 'gpp_af': 18.235072804314193, 'gpp_b': 3.228689523591491e-05, 'gpp_d': 6.378078463802852, 'ign_k': 3.210808548911192, 'ign_c': 11.40086370112731, 'trop_agb_crit': 20.205002815711154, 'trop_k_veg': 2.417028380770307, 'fuel_k': 0.48736180483849406, 'fuel_half': 43.240425516201206}.
[I 2026-07-22 18:44:08,897] Trial 336 finished with values: [10.76923076903347, 10.76923076903347] and parameters: {'k1': 0.0003199177539819797, 'D_low': 24520.940895977496, 'k2': 0.002342238625792905, 'D_high': 2283.4228779494524, 'fire_exp': 2.655962930461066, 'P_half': 1.4378290221680121, 'pre_dampen_half': 33.71909132517388, 'gpp_af': 0.3259758793317361, 'gpp_b': 1.1698276136056565e-05, 'gpp_d': 6.91394869865762, 'ign_k': 4.59148521674054, 'ign_c': 0.13670484737132343, 'trop_agb_crit': 10.719494362768906, 'trop_k_veg': 2.3408809609838257, 'fuel_k': 3.6992394681929355, 'fuel_half': 81.87941582538087}.
  trial  337/2500  pareto_size=4  best_taylor=0.6516  best_ilamb=0.5836  (2.4 min)
[I 2026-07-22 18:44:09,383] Trial 337 finished with values: [10.70893983606046, 10.70893983606046] and parameters: {'k1': 0.0058043147174140705, 'D_low': 3.169598846855015, 'k2': 0.002342238625792905, 'D_high': 30.887296151492574, 'fire_exp': 1.7124099831271415, 'P_half': 12.38905291855107, 'pre_dampen_half': 420.2116526335304, 'gpp_af': 0.3259758793317361, 'gpp_b': 8.129227514069975e-05, 'gpp_d': 12.151631524283598, 'ign_k': 0.009861808369679786, 'ign_c': 94.57692079529029, 'trop_agb_crit': 5.115968405120539, 'trop_k_veg': 2.6391661744759056, 'fuel_k': 0.018207179480706392, 'fuel_half': 0.3335026483569958}.
[I 2026-07-22 18:44:09,802] Trial 338 finished with values: [-0.27605742431412356, 0.2402193706167095] and parameters: {'k1': 2.27847364377152e-05, 'D_low': 4.043300846639722, 'k2': 0.0007081721844034209, 'D_high': 305369.47947832284, 'fire_exp': 1.2310899049053081, 'P_half': 1025.3368317956683, 'pre_dampen_half': 19.600139992927424, 'gpp_af': 0.3259758793317361, 'gpp_b': 1.1698276136056565e-05, 'gpp_d': 9.00460602264307, 'ign_k': 0.03141110271934876, 'ign_c': 0.11650681118986138, 'trop_agb_crit': 9.362115196011851, 'trop_k_veg': 2.417028380770307, 'fuel_k': 0.6211831489538813, 'fuel_half': 0.33988503110784557}.
[I 2026-07-22 18:44:10,218] Trial 339 finished with values: [10.363327509126487, 10.363327509126487] and parameters: {'k1': 0.002971796631657383, 'D_low': 163.4864778201543, 'k2': 0.0007081721844034209, 'D_high': 160625.60954780428, 'fire_exp': 1.0881360604103363, 'P_half': 9.324787201197319, 'pre_dampen_half': 36.876350096202984, 'gpp_af': 29.925002022877816, 'gpp_b': 0.0005995821881487623, 'gpp_d': 6.91394869865762, 'ign_k': 0.0026834162496848666, 'ign_c': 0.13670484737132343, 'trop_agb_crit': 6.1198430581046965, 'trop_k_veg': 1.140286245977296, 'fuel_k': 0.05597555634027867, 'fuel_half': 1.3547291924247347}.
[I 2026-07-22 18:44:10,632] Trial 340 finished with values: [10.759543811761162, 10.759543811761162] and parameters: {'k1': 0.0029707920514735983, 'D_low': 126.11058927054879, 'k2': 2.1698375693549493e-05, 'D_high': 1026.0852623190942, 'fire_exp': 3.313658135010505, 'P_half': 4.020051040432125, 'pre_dampen_half': 33.97904243111269, 'gpp_af': 18.235072804314193, 'gpp_b': 3.228689523591491e-05, 'gpp_d': 3.0023172465753087, 'ign_k': 0.0013091491622098177, 'ign_c': 4.1108484350212295, 'trop_agb_crit': 15.870971677383487, 'trop_k_veg': 0.5910730452888153, 'fuel_k': 0.0500651901928747, 'fuel_half': 18.202647368248815}.
[I 2026-07-22 18:44:11,045] Trial 341 finished with values: [12.501366271361633, 12.501366271361633] and parameters: {'k1': 0.003242143344038315, 'D_low': 864.0717009254879, 'k2': 7.67074891445376e-05, 'D_high': 580966.5602369158, 'fire_exp': 1.7124099831271415, 'P_half': 1.4378290221680121, 'pre_dampen_half': 33.71909132517388, 'gpp_af': 0.12243451886824051, 'gpp_b': 0.00012118589392553819, 'gpp_d': 6.91394869865762, 'ign_k': 4.59148521674054, 'ign_c': 0.13670484737132343, 'trop_agb_crit': 10.719494362768906, 'trop_k_veg': 2.417028380770307, 'fuel_k': 0.018207179480706392, 'fuel_half': 0.3335026483569958}.
[I 2026-07-22 18:44:11,464] Trial 342 finished with values: [10.658965757557255, 10.658965757557255] and parameters: {'k1': 0.00016480446427978953, 'D_low': 13.25142220631392, 'k2': 0.0001971137615017176, 'D_high': 558.9524205217922, 'fire_exp': 2.0165721691808587, 'P_half': 2.458603276328005, 'pre_dampen_half': 347.79988160923324, 'gpp_af': 0.06789053271698488, 'gpp_b': 0.0054502936945582505, 'gpp_d': 700.6693992445935, 'ign_k': 0.006290644294586149, 'ign_c': 0.9736725715035879, 'trop_agb_crit': 29.789943908227905, 'trop_k_veg': 3.028464701337094, 'fuel_k': 0.48736180483849406, 'fuel_half': 38.21129441691226}.
[I 2026-07-22 18:44:11,907] Trial 343 finished with values: [10.05698705855581, 10.05698705855581] and parameters: {'k1': 9.969469187531805e-05, 'D_low': 864.0717009254879, 'k2': 0.002342238625792905, 'D_high': 580966.5602369158, 'fire_exp': 1.4439251473259103, 'P_half': 9.324787201197319, 'pre_dampen_half': 33.71909132517388, 'gpp_af': 8.769726637617675, 'gpp_b': 0.0005995821881487623, 'gpp_d': 6.91394869865762, 'ign_k': 0.009861808369679786, 'ign_c': 94.57692079529029, 'trop_agb_crit': 2.419699259862185, 'trop_k_veg': 2.3408809609838257, 'fuel_k': 3.6992394681929355, 'fuel_half': 7.259866824755671}.
[I 2026-07-22 18:44:12,346] Trial 344 finished with values: [10.174550736268642, 10.174550736268642] and parameters: {'k1': 0.0003199177539819797, 'D_low': 13.25142220631392, 'k2': 1.6559474674046002e-05, 'D_high': 887331.2884015184, 'fire_exp': 1.3411849220480432, 'P_half': 9.324787201197319, 'pre_dampen_half': 0.46504594134732663, 'gpp_af': 0.015350904103515228, 'gpp_b': 0.0005995821881487623, 'gpp_d': 6.91394869865762, 'ign_k': 0.5131654955148324, 'ign_c': 3.0378658251922155, 'trop_agb_crit': 1.886175574962432, 'trop_k_veg': 1.7518409078083697, 'fuel_k': 0.0500651901928747, 'fuel_half': 38.21129441691226}.
[I 2026-07-22 18:44:12,770] Trial 345 finished with values: [-0.44421401740225785, 0.2861424116332755] and parameters: {'k1': 9.969469187531805e-05, 'D_low': 864.0717009254879, 'k2': 0.030699709531122953, 'D_high': 580966.5602369158, 'fire_exp': 1.7124099831271415, 'P_half': 7.890004262668578, 'pre_dampen_half': 294.75617712568373, 'gpp_af': 0.12243451886824051, 'gpp_b': 0.0005995821881487623, 'gpp_d': 6.91394869865762, 'ign_k': 0.006290644294586149, 'ign_c': 11.40086370112731, 'trop_agb_crit': 5.707205898008383, 'trop_k_veg': 2.417028380770307, 'fuel_k': 0.48736180483849406, 'fuel_half': 81.87941582538087}.
[I 2026-07-22 18:44:13,203] Trial 346 finished with values: [10.70783556176512, 10.70783556176512] and parameters: {'k1': 9.969469187531805e-05, 'D_low': 126.11058927054879, 'k2': 7.67074891445376e-05, 'D_high': 160625.60954780428, 'fire_exp': 3.2181803496180783, 'P_half': 9.324787201197319, 'pre_dampen_half': 0.12475844033340494, 'gpp_af': 42.29037995744429, 'gpp_b': 0.0054502936945582505, 'gpp_d': 700.6693992445935, 'ign_k': 0.006290644294586149, 'ign_c': 11.40086370112731, 'trop_agb_crit': 20.205002815711154, 'trop_k_veg': 4.130963924640279, 'fuel_k': 5.1416354431322855, 'fuel_half': 0.32476735706274484}.
[I 2026-07-22 18:44:13,628] Trial 347 finished with values: [10.082333613581017, 10.082333613581017] and parameters: {'k1': 1.8205657658407255e-05, 'D_low': 247.75146043208053, 'k2': 1.6559474674046002e-05, 'D_high': 16392.60991832772, 'fire_exp': 1.2310899049053081, 'P_half': 2.458603276328005, 'pre_dampen_half': 26.373339933815235, 'gpp_af': 0.005618069878716736, 'gpp_b': 1.7565109007473816e-05, 'gpp_d': 8.057329182285729, 'ign_k': 0.0022267996908938684, 'ign_c': 14.074279366401672, 'trop_agb_crit': 9.362115196011851, 'trop_k_veg': 1.7518409078083697, 'fuel_k': 0.018207179480706392, 'fuel_half': 0.3335026483569958}.
[I 2026-07-22 18:44:14,051] Trial 348 finished with values: [10.040156642161838, 10.040156642161838] and parameters: {'k1': 0.011966626407443505, 'D_low': 105.0448464633852, 'k2': 2.1698375693549493e-05, 'D_high': 316055.11434645456, 'fire_exp': 1.2242398136753672, 'P_half': 2.458603276328005, 'pre_dampen_half': 26.373339933815235, 'gpp_af': 0.06789053271698488, 'gpp_b': 0.0005392415140872105, 'gpp_d': 0.08139347272614299, 'ign_k': 0.0013726318898045872, 'ign_c': 11.40086370112731, 'trop_agb_crit': 6.119263728555865, 'trop_k_veg': 2.417028380770307, 'fuel_k': 0.08612665817296865, 'fuel_half': 0.3335026483569958}.
