[I 2026-07-24 02:07:41,224] Trial 224 finished with value: 0.5813904507202894 and parameters: {'k1': 1.4322745385731514e-05, 'D_low': 63.66945289900612, 'k2': 0.0011512561709397587, 'D_high': 65343.64571366537, 'fire_exp': 4.916634394914901, 'P_half': 79.04635762887249, 'pre_dampen_half': 1.6294103278356649, 'gpp_af': 2.929940527918197, 'gpp_b': 0.0009371213256965954, 'gpp_d': 43.79719977403923, 'ign_k': 0.6592189646626192, 'ign_c': 12.168231999981902, 'trop_agb_crit': 20.814103110571057, 'trop_k_veg': 1.2759694428229855, 'gdp_gamma': 0.0029510746356224632, 'fuel_k': 0.5921261156225412, 'fuel_half': 0.25250861842490546}. Best is trial 0 with value: -0.6086958580586874.
[I 2026-07-24 02:07:41,650] Trial 225 finished with value: 0.5867991786661297 and parameters: {'k1': 6.2647276300617e-05, 'D_low': 35.31492776022255, 'k2': 0.0003069092674874255, 'D_high': 3878822.616887094, 'fire_exp': 1.609339677055346, 'P_half': 653.6245013951075, 'pre_dampen_half': 237.5631943529086, 'gpp_af': 0.18783483894859074, 'gpp_b': 0.05132299149313589, 'gpp_d': 0.59780009562044, 'ign_k': 0.0021194894751278065, 'ign_c': 0.5659090539870612, 'trop_agb_crit': 6.575584196259791, 'trop_k_veg': 0.7799039606625725, 'gdp_gamma': 0.20028490555667988, 'fuel_k': 3.986367320712011, 'fuel_half': 48.14705128696666}. Best is trial 0 with value: -0.6086958580586874.
[I 2026-07-24 02:07:42,079] Trial 226 finished with value: 0.5980183265161397 and parameters: {'k1': 0.04853638020187962, 'D_low': 25140.1887823577, 'k2': 0.0002689167776192773, 'D_high': 45888.89573955283, 'fire_exp': 1.1675117335905296, 'P_half': 1.6430966174487198, 'pre_dampen_half': 7.512182975108689, 'gpp_af': 1.8782009962607724, 'gpp_b': 0.00359440237922129, 'gpp_d': 9.83180889032963, 'ign_k': 0.008948485489635257, 'ign_c': 0.4414447040292335, 'trop_agb_crit': 21.30511836363824, 'trop_k_veg': 0.8522046309237307, 'gdp_gamma': 0.02096853934016684, 'fuel_k': 0.02633384709107267, 'fuel_half': 6.360486442179441}. Best is trial 0 with value: -0.6086958580586874.
[I 2026-07-24 02:07:42,505] Trial 227 finished with value: 0.5190833512252678 and parameters: {'k1': 0.0002999337129896871, 'D_low': 2.442266583311558, 'k2': 0.007115646037083422, 'D_high': 1370079.3138489332, 'fire_exp': 1.5373013012250858, 'P_half': 1.9574401157274925, 'pre_dampen_half': 8.044799373451589, 'gpp_af': 0.011132875295532111, 'gpp_b': 0.0015817975324550323, 'gpp_d': 49.2133464733047, 'ign_k': 0.005846268828233944, 'ign_c': 4.2458494361164965, 'trop_agb_crit': 4.391610421538063, 'trop_k_veg': 1.1014782464554091, 'gdp_gamma': 0.05003304435166383, 'fuel_k': 0.423759708873596, 'fuel_half': 70.22113595737592}. Best is trial 0 with value: -0.6086958580586874.
[I 2026-07-24 02:07:42,931] Trial 228 finished with value: -0.5524133717566109 and parameters: {'k1': 0.0005208662315323202, 'D_low': 173.7550204396336, 'k2': 0.029910027893110827, 'D_high': 4163773.4404119253, 'fire_exp': 1.8732394095354934, 'P_half': 5.431692758803838, 'pre_dampen_half': 523.2963158202274, 'gpp_af': 0.007335598532332638, 'gpp_b': 0.0003157140670856294, 'gpp_d': 299.0090393474337, 'ign_k': 0.0023056278470121976, 'ign_c': 2.5740542752651954, 'trop_agb_crit': 13.97921015562276, 'trop_k_veg': 0.9621795814818314, 'gdp_gamma': 0.1853143229812385, 'fuel_k': 0.08297073955306981, 'fuel_half': 64.6169881849648}. Best is trial 0 with value: -0.6086958580586874.
[I 2026-07-24 02:07:43,362] Trial 229 finished with value: 0.6287822558316017 and parameters: {'k1': 0.05946779702836076, 'D_low': 118129.92948443384, 'k2': 0.0002594353344973768, 'D_high': 5774795.837670042, 'fire_exp': 2.4357607466569893, 'P_half': 6.24418208410844, 'pre_dampen_half': 104.61653199142316, 'gpp_af': 0.17463922245445004, 'gpp_b': 0.0007032589467771278, 'gpp_d': 443.2296454670862, 'ign_k': 0.001522997873227892, 'ign_c': 18.370088361450264, 'trop_agb_crit': 28.578042894497454, 'trop_k_veg': 1.3244105980309815, 'gdp_gamma': 0.04598584823903344, 'fuel_k': 0.010306879099067067, 'fuel_half': 11.423623658632538}. Best is trial 0 with value: -0.6086958580586874.
[I 2026-07-24 02:07:43,789] Trial 230 finished with value: 0.49039680525663165 and parameters: {'k1': 0.00046024582636378157, 'D_low': 36.05328207954867, 'k2': 0.00046923458017440473, 'D_high': 363576.18686048285, 'fire_exp': 1.1229436245057287, 'P_half': 3.762598431498506, 'pre_dampen_half': 19.7262152551177, 'gpp_af': 0.0025138102190330495, 'gpp_b': 0.0006558980603529169, 'gpp_d': 0.9335708368590654, 'ign_k': 0.008130593476300386, 'ign_c': 59.70455628180746, 'trop_agb_crit': 7.152723488330009, 'trop_k_veg': 1.7627769473348083, 'gdp_gamma': 0.9476467032598352, 'fuel_k': 1.3228727934429405, 'fuel_half': 22.407456300575426}. Best is trial 0 with value: -0.6086958580586874.
[I 2026-07-24 02:07:44,226] Trial 231 finished with value: 0.6257198735900071 and parameters: {'k1': 0.033265866786951634, 'D_low': 5.590864167775481, 'k2': 0.045356108867418025, 'D_high': 8808711.368000826, 'fire_exp': 1.3679592843203088, 'P_half': 5916.892212447003, 'pre_dampen_half': 826.7750675338694, 'gpp_af': 3.0641838017960334, 'gpp_b': 8.455963423722338e-05, 'gpp_d': 0.24504861045139345, 'ign_k': 0.009523932936859384, 'ign_c': 5.197060418446055, 'trop_agb_crit': 11.717422851570598, 'trop_k_veg': 0.952338051576329, 'gdp_gamma': 0.5101597912033587, 'fuel_k': 0.06430027644840665, 'fuel_half': 92.06453364717642}. Best is trial 0 with value: -0.6086958580586874.
[I 2026-07-24 02:07:44,655] Trial 232 finished with value: 0.5501771798366655 and parameters: {'k1': 0.0009358387349250984, 'D_low': 170.99446826362717, 'k2': 0.010515083297139342, 'D_high': 3203028.3352647726, 'fire_exp': 1.3136987052600595, 'P_half': 2.1649099957992575, 'pre_dampen_half': 15.754873931550469, 'gpp_af': 0.8590751205148638, 'gpp_b': 0.0005345859570656521, 'gpp_d': 32.113139804742666, 'ign_k': 0.002047292106019011, 'ign_c': 737.2297459376289, 'trop_agb_crit': 24.672494247059728, 'trop_k_veg': 0.7503778698683209, 'gdp_gamma': 0.06387830325489438, 'fuel_k': 0.020558627290488147, 'fuel_half': 32.536527948822}. Best is trial 0 with value: -0.6086958580586874.
[I 2026-07-24 02:07:45,083] Trial 233 finished with value: 0.5640820684775328 and parameters: {'k1': 0.00022323720532768467, 'D_low': 1.8722395764364954, 'k2': 0.08582670794907592, 'D_high': 6657880.8885084735, 'fire_exp': 3.308721805213087, 'P_half': 9.79457831701728, 'pre_dampen_half': 0.2745125240830107, 'gpp_af': 0.10371363660115393, 'gpp_b': 0.0001768685380099615, 'gpp_d': 8.903759230089475, 'ign_k': 0.020945113376415987, 'ign_c': 4.188147582594251, 'trop_agb_crit': 16.305985275231794, 'trop_k_veg': 0.8159756193335026, 'gdp_gamma': 0.00199922032832512, 'fuel_k': 1.8119392824201985, 'fuel_half': 0.13694714549716405}. Best is trial 0 with value: -0.6086958580586874.
[I 2026-07-24 02:07:45,511] Trial 234 finished with value: 0.5413624161320957 and parameters: {'k1': 1.0729666770793496e-05, 'D_low': 2.348688264661637, 'k2': 0.0014923242907728118, 'D_high': 306880.25660937926, 'fire_exp': 1.9521117157079713, 'P_half': 7.938630923574033, 'pre_dampen_half': 0.18199854116625172, 'gpp_af': 0.005738032126204993, 'gpp_b': 6.965316250056957e-05, 'gpp_d': 37.107695631775286, 'ign_k': 0.001767200694924753, 'ign_c': 36.4960230790305, 'trop_agb_crit': 3.1612901305184677, 'trop_k_veg': 1.0978183544777627, 'gdp_gamma': 1.7179207225261053, 'fuel_k': 0.037529368942215, 'fuel_half': 89.02314797600846}. Best is trial 0 with value: -0.6086958580586874.
[I 2026-07-24 02:07:45,942] Trial 235 finished with value: -0.5919876263280921 and parameters: {'k1': 0.030915598838083928, 'D_low': 1270.1259963388231, 'k2': 0.010240330864938672, 'D_high': 2436741.049988637, 'fire_exp': 1.0089850538214706, 'P_half': 4.148834200850092, 'pre_dampen_half': 2.3322579496323033, 'gpp_af': 0.7122923209856203, 'gpp_b': 0.008108991110481637, 'gpp_d': 8.818038402351636, 'ign_k': 0.0018545083525334156, 'ign_c': 19.39957341516081, 'trop_agb_crit': 3.554404551129254, 'trop_k_veg': 0.5524940714788763, 'gdp_gamma': 0.29240807625506715, 'fuel_k': 0.3174972055723769, 'fuel_half': 18.12634163408791}. Best is trial 0 with value: -0.6086958580586874.
[I 2026-07-24 02:07:46,400] Trial 236 finished with value: 0.5004705557785243 and parameters: {'k1': 0.00025907496962519587, 'D_low': 40.78889902471174, 'k2': 0.013489742099166568, 'D_high': 8906414.166356469, 'fire_exp': 1.5454825767552265, 'P_half': 11.741307530594163, 'pre_dampen_half': 131.81430918212538, 'gpp_af': 0.003120278098905359, 'gpp_b': 0.005474043130739607, 'gpp_d': 41.31614594070249, 'ign_k': 0.0035932596651004046, 'ign_c': 14.897734724409014, 'trop_agb_crit': 8.957355548660008, 'trop_k_veg': 0.5513162419682701, 'gdp_gamma': 0.8230931440144205, 'fuel_k': 0.21191543803318136, 'fuel_half': 26.733432880398542}. Best is trial 0 with value: -0.6086958580586874.
[I 2026-07-24 02:07:46,831] Trial 237 finished with value: -0.5568597339305834 and parameters: {'k1': 0.0023247948066421674, 'D_low': 737.2563762566557, 'k2': 0.0021034610877111062, 'D_high': 9388189.306990873, 'fire_exp': 1.059527636440291, 'P_half': 4.043698230717289, 'pre_dampen_half': 0.8586164957913905, 'gpp_af': 0.1421782360945787, 'gpp_b': 0.00042769100727258743, 'gpp_d': 8.268630332636974, 'ign_k': 0.008588288891648553, 'ign_c': 3.154242408265816, 'trop_agb_crit': 14.551015607393602, 'trop_k_veg': 0.5588892555993161, 'gdp_gamma': 0.14192127315027966, 'fuel_k': 0.11906516233604443, 'fuel_half': 23.27620076218505}. Best is trial 0 with value: -0.6086958580586874.
[I 2026-07-24 02:07:47,261] Trial 238 finished with value: 0.3967746609422603 and parameters: {'k1': 0.0055714645981240285, 'D_low': 592.6763905368631, 'k2': 0.04817564788891453, 'D_high': 9623302.325426549, 'fire_exp': 1.0561607852001467, 'P_half': 3.3043389549638404, 'pre_dampen_half': 2.2257534767888316, 'gpp_af': 0.27772370881215186, 'gpp_b': 0.0013959825610705017, 'gpp_d': 24.571565939629973, 'ign_k': 0.002551436588054073, 'ign_c': 1.9516828802837685, 'trop_agb_crit': 2.599594979973702, 'trop_k_veg': 0.5434173620193475, 'gdp_gamma': 0.3795988133035302, 'fuel_k': 0.47773098448603607, 'fuel_half': 27.408585477640152}. Best is trial 0 with value: -0.6086958580586874.
[I 2026-07-24 02:07:47,688] Trial 239 finished with value: 0.5427267763405771 and parameters: {'k1': 1.7306275055674255e-05, 'D_low': 23.122320565930227, 'k2': 0.05163830681518523, 'D_high': 6924744.710444457, 'fire_exp': 1.9990468197450042, 'P_half': 2.342772349560508, 'pre_dampen_half': 93.45714443452869, 'gpp_af': 0.003185500485265412, 'gpp_b': 0.000128877914297876, 'gpp_d': 261.2587421053538, 'ign_k': 0.005349359504135225, 'ign_c': 15.642273309687665, 'trop_agb_crit': 9.228636327714232, 'trop_k_veg': 1.1844071033494208, 'gdp_gamma': 0.14144175035650858, 'fuel_k': 0.14905008202825867, 'fuel_half': 36.540361000335665}. Best is trial 0 with value: -0.6086958580586874.
[I 2026-07-24 02:07:48,118] Trial 240 finished with value: 0.4964416421760127 and parameters: {'k1': 0.06713958660493012, 'D_low': 63.93260537418282, 'k2': 0.08159225955694457, 'D_high': 9493011.691397963, 'fire_exp': 1.1072335251921148, 'P_half': 8971.29741942635, 'pre_dampen_half': 23.278444143350242, 'gpp_af': 0.6908309140696957, 'gpp_b': 0.001190479784838415, 'gpp_d': 48.57342978860619, 'ign_k': 0.004760841313314482, 'ign_c': 4.414436444421425, 'trop_agb_crit': 6.113285195658617, 'trop_k_veg': 0.7195527132920715, 'gdp_gamma': 1.3116135069904542, 'fuel_k': 0.047203144282790724, 'fuel_half': 66.50664474288081}. Best is trial 0 with value: -0.6086958580586874.
[I 2026-07-24 02:07:48,549] Trial 241 finished with value: -0.5546389663056942 and parameters: {'k1': 0.009987888480168131, 'D_low': 9430.97089618687, 'k2': 0.0033719069759897686, 'D_high': 2629015.6423613112, 'fire_exp': 1.1517150619524337, 'P_half': 13.489952787182217, 'pre_dampen_half': 0.07765814674025548, 'gpp_af': 0.49905837774997563, 'gpp_b': 0.0002047177416780775, 'gpp_d': 47.10521653522768, 'ign_k': 0.010622143917881383, 'ign_c': 5.174281766113916, 'trop_agb_crit': 11.102703541672499, 'trop_k_veg': 0.5324130652669629, 'gdp_gamma': 0.7550240132334766, 'fuel_k': 0.09382952437899501, 'fuel_half': 18.39232503199276}. Best is trial 0 with value: -0.6086958580586874.
[I 2026-07-24 02:07:48,976] Trial 242 finished with value: 0.5370280496334106 and parameters: {'k1': 0.003031024034705716, 'D_low': 512.1908486355451, 'k2': 3.180081835993375e-05, 'D_high': 887041.9672130363, 'fire_exp': 1.9089016021377092, 'P_half': 54.861732237762425, 'pre_dampen_half': 0.09492374886078168, 'gpp_af': 0.01765516813281891, 'gpp_b': 0.0038299800785870706, 'gpp_d': 17.099952674383356, 'ign_k': 0.006892341174788565, 'ign_c': 0.4328967512653404, 'trop_agb_crit': 8.70924023168898, 'trop_k_veg': 0.6438014182019344, 'gdp_gamma': 0.8218536109723527, 'fuel_k': 0.03360443945435613, 'fuel_half': 9.010058436269679}. Best is trial 0 with value: -0.6086958580586874.
[I 2026-07-24 02:07:49,405] Trial 243 finished with value: -0.515552802884831 and parameters: {'k1': 0.013008167964788759, 'D_low': 10.710065212776176, 'k2': 0.01298555508482968, 'D_high': 1658165.5282673982, 'fire_exp': 1.4600816709829847, 'P_half': 78.46680049915622, 'pre_dampen_half': 4.1587320845871325, 'gpp_af': 1.9588118771383418, 'gpp_b': 0.004165957426366872, 'gpp_d': 68.50742734373678, 'ign_k': 0.0018059926032143424, 'ign_c': 15.071356769424284, 'trop_agb_crit': 4.997996699711528, 'trop_k_veg': 0.8881559206137081, 'gdp_gamma': 0.10117230110923207, 'fuel_k': 0.38552149448766565, 'fuel_half': 29.288067155317318}. Best is trial 0 with value: -0.6086958580586874.
[I 2026-07-24 02:07:49,834] Trial 244 finished with value: 0.4032591823972759 and parameters: {'k1': 0.0017597483750146472, 'D_low': 670.8286899388321, 'k2': 0.013088303068013774, 'D_high': 460642.2218641891, 'fire_exp': 1.8019259516735104, 'P_half': 1.118109265979089, 'pre_dampen_half': 0.2916602525236922, 'gpp_af': 0.4381752668673634, 'gpp_b': 0.0009877709031757527, 'gpp_d': 20.452334950445575, 'ign_k': 0.06551795253713927, 'ign_c': 3.496943334453122, 'trop_agb_crit': 25.494851787263173, 'trop_k_veg': 1.473195765826144, 'gdp_gamma': 0.41773758777560266, 'fuel_k': 0.04885625623367826, 'fuel_half': 7.13618783535866}. Best is trial 0 with value: -0.6086958580586874.
[I 2026-07-24 02:07:50,261] Trial 245 finished with value: 0.5087742527282221 and parameters: {'k1': 0.009168231179376879, 'D_low': 9395.87904638693, 'k2': 0.015730157892005135, 'D_high': 1936356.8687928894, 'fire_exp': 1.0231910611027222, 'P_half': 17.43706112900051, 'pre_dampen_half': 0.03449844473099948, 'gpp_af': 0.07670849592142714, 'gpp_b': 0.0008063477007882784, 'gpp_d': 533.3857855139673, 'ign_k': 0.03960093345435619, 'ign_c': 0.2907308652647688, 'trop_agb_crit': 13.921907860820456, 'trop_k_veg': 0.9195951013420562, 'gdp_gamma': 0.28147041304756204, 'fuel_k': 0.12717890924853878, 'fuel_half': 26.376662507695347}. Best is trial 0 with value: -0.6086958580586874.
[I 2026-07-24 02:07:50,699] Trial 246 finished with value: 0.6082949855013174 and parameters: {'k1': 0.0032699823197445067, 'D_low': 44287.609006586485, 'k2': 0.005321715152410333, 'D_high': 250244.3391127139, 'fire_exp': 1.9533950439824856, 'P_half': 75.90290518777229, 'pre_dampen_half': 0.15254821145429837, 'gpp_af': 0.3158012102448242, 'gpp_b': 0.0021547477389206125, 'gpp_d': 151.92891589349324, 'ign_k': 0.0038673960397915164, 'ign_c': 15.20444740300655, 'trop_agb_crit': 9.137361009039454, 'trop_k_veg': 0.6490172952219857, 'gdp_gamma': 0.3791946106035941, 'fuel_k': 0.1084192234945886, 'fuel_half': 13.120723771567803}. Best is trial 0 with value: -0.6086958580586874.
[I 2026-07-24 02:07:51,126] Trial 247 finished with value: 0.5876939800675796 and parameters: {'k1': 9.949893592047459e-05, 'D_low': 66.64994285042722, 'k2': 0.07496696413103147, 'D_high': 18298.265013509288, 'fire_exp': 2.827737176032272, 'P_half': 4.727432475506527, 'pre_dampen_half': 16.00422507264144, 'gpp_af': 0.002445680660006153, 'gpp_b': 0.0001149501745409973, 'gpp_d': 139.328624434174, 'ign_k': 0.0020714837796744277, 'ign_c': 7.288402990560409, 'trop_agb_crit': 21.312269191970454, 'trop_k_veg': 0.6484527659999321, 'gdp_gamma': 0.35553749775109367, 'fuel_k': 0.17162745771382082, 'fuel_half': 46.541251301745845}. Best is trial 0 with value: -0.6086958580586874.
[I 2026-07-24 02:07:51,558] Trial 248 finished with value: -0.6052640211143645 and parameters: {'k1': 3.173527227990218e-05, 'D_low': 17.152592804222298, 'k2': 0.00040239369198048395, 'D_high': 843288.9501806026, 'fire_exp': 1.814634344102943, 'P_half': 14.75370753830689, 'pre_dampen_half': 30.721036576739607, 'gpp_af': 0.0010007452678762708, 'gpp_b': 1.2402141957548209e-05, 'gpp_d': 9.401868907737118, 'ign_k': 0.0020092844450609404, 'ign_c': 233.58741633638914, 'trop_agb_crit': 6.511317106976969, 'trop_k_veg': 1.7566943383023443, 'gdp_gamma': 1.4695101273107312, 'fuel_k': 0.11966721418502924, 'fuel_half': 25.942116415844662}. Best is trial 0 with value: -0.6086958580586874.
[I 2026-07-24 02:07:52,004] Trial 249 finished with value: 0.46643118208976087 and parameters: {'k1': 1.974088416689104e-05, 'D_low': 116.09895643134445, 'k2': 0.00862335120483208, 'D_high': 227009.2122233334, 'fire_exp': 1.1696792181759674, 'P_half': 19.986299383823297, 'pre_dampen_half': 19.602494828192654, 'gpp_af': 0.0012130587568236813, 'gpp_b': 0.0002889404950643649, 'gpp_d': 5.674413114702175, 'ign_k': 0.0023548219110592255, 'ign_c': 674.188516193496, 'trop_agb_crit': 4.897941929124128, 'trop_k_veg': 2.166752653148602, 'gdp_gamma': 1.129598666652382, 'fuel_k': 0.13480575106610657, 'fuel_half': 3.4177811098838218}. Best is trial 0 with value: -0.6086958580586874.
[I 2026-07-24 02:07:52,451] Trial 250 finished with value: 0.598467884833905 and parameters: {'k1': 0.030607533208214605, 'D_low': 13856.251604534224, 'k2': 0.05191449187267352, 'D_high': 24031.126119821016, 'fire_exp': 1.0961783714070668, 'P_half': 5.189411735290852, 'pre_dampen_half': 0.7478113794525166, 'gpp_af': 1.112056822198523, 'gpp_b': 0.001938783258227124, 'gpp_d': 7.344414040577098, 'ign_k': 0.0014021902503722672, 'ign_c': 108.66916379413847, 'trop_agb_crit': 4.021659407166548, 'trop_k_veg': 0.6127111194200827, 'gdp_gamma': 0.07095105727321004, 'fuel_k': 0.3446296710931943, 'fuel_half': 6.4549533519245665}. Best is trial 0 with value: -0.6086958580586874.
[I 2026-07-24 02:07:52,880] Trial 251 finished with value: 0.5418753319659471 and parameters: {'k1': 0.0017612301888668299, 'D_low': 2841.916829108137, 'k2': 0.0005101074024613975, 'D_high': 1242862.520685386, 'fire_exp': 1.1462414189434178, 'P_half': 2.1550657635451675, 'pre_dampen_half': 0.14910171583005877, 'gpp_af': 0.028202798887638828, 'gpp_b': 0.0005349638955439357, 'gpp_d': 0.708354437454486, 'ign_k': 0.010381232368626233, 'ign_c': 4.835147541896084, 'trop_agb_crit': 11.059846713909787, 'trop_k_veg': 0.5879066107818873, 'gdp_gamma': 0.016100311303748175, 'fuel_k': 0.09066357253753454, 'fuel_half': 9.099345334071598}. Best is trial 0 with value: -0.6086958580586874.
[I 2026-07-24 02:07:53,312] Trial 252 finished with value: 0.44550909919226656 and parameters: {'k1': 1.9986670015191923e-05, 'D_low': 4.536292469973564, 'k2': 0.09038263364963244, 'D_high': 593344.5704151042, 'fire_exp': 1.3735261953074243, 'P_half': 9.267847652250772, 'pre_dampen_half': 27.59498858510189, 'gpp_af': 0.08254395198091798, 'gpp_b': 0.0005044682991723426, 'gpp_d': 0.04862531727742476, 'ign_k': 0.5719135618386564, 'ign_c': 17.81144733624308, 'trop_agb_crit': 7.462737995799897, 'trop_k_veg': 3.1718573879007126, 'gdp_gamma': 0.002123307767429414, 'fuel_k': 2.7428401442011094, 'fuel_half': 0.20932495524412878}. Best is trial 0 with value: -0.6086958580586874.
[I 2026-07-24 02:07:53,741] Trial 253 finished with value: -0.5972871956670845 and parameters: {'k1': 0.0002260594226810594, 'D_low': 317.8923509155931, 'k2': 0.010040381069698926, 'D_high': 1124499.6114173562, 'fire_exp': 1.3380415863860649, 'P_half': 16.913298628386187, 'pre_dampen_half': 0.7995856190020476, 'gpp_af': 0.1296158305528318, 'gpp_b': 0.0001409785792527983, 'gpp_d': 3.195359471515858, 'ign_k': 0.004044300880108426, 'ign_c': 5.328414875181921, 'trop_agb_crit': 20.56477170426738, 'trop_k_veg': 0.6239878611717365, 'gdp_gamma': 0.48260862226126117, 'fuel_k': 0.18452059291084322, 'fuel_half': 86.49561515476226}. Best is trial 0 with value: -0.6086958580586874.
[I 2026-07-24 02:07:54,177] Trial 254 finished with value: 0.4296344035098454 and parameters: {'k1': 0.0020368785608553238, 'D_low': 930.4372507592573, 'k2': 0.012049126025869647, 'D_high': 5890652.25201272, 'fire_exp': 1.2676668766478418, 'P_half': 3.814272876558389, 'pre_dampen_half': 6.155758189972337, 'gpp_af': 0.23949029086302362, 'gpp_b': 0.0003931030619640172, 'gpp_d': 9.18642956255721, 'ign_k': 0.010253617219140454, 'ign_c': 0.7730605407566261, 'trop_agb_crit': 11.978941048587323, 'trop_k_veg': 0.5386865711614648, 'gdp_gamma': 0.0989733248018691, 'fuel_k': 0.1228002690129764, 'fuel_half': 26.816222511144918}. Best is trial 0 with value: -0.6086958580586874.
[I 2026-07-24 02:07:54,618] Trial 255 finished with value: 0.5627881665727874 and parameters: {'k1': 0.0033983282009844985, 'D_low': 519.8370208492153, 'k2': 0.00040905290824419424, 'D_high': 316572.30567445885, 'fire_exp': 1.1234082996002919, 'P_half': 20.67032428684516, 'pre_dampen_half': 21.989691990772254, 'gpp_af': 3.5566454772371956, 'gpp_b': 0.0013665333874666502, 'gpp_d': 23.160272553996254, 'ign_k': 0.005110717341822584, 'ign_c': 19.4706670512754, 'trop_agb_crit': 2.909832614472711, 'trop_k_veg': 0.5781174800793887, 'gdp_gamma': 1.0565628309959079, 'fuel_k': 0.20418343311798592, 'fuel_half': 32.69869080277487}. Best is trial 0 with value: -0.6086958580586874.
