[I 2026-08-19 14:57:04,316] Trial 579 finished with value: -0.3554625854118624 and parameters: {'k1': 0.003711334775581542, 'D_low': 48.553918240700526, 'k2': 2.72529312743303e-05, 'D_high': 4393.126648368201, 'fire_exp': 1.6224996624192076, 'P_half': 101.63224497470054, 'pre_dampen_half': 2.4019727766602323, 'gpp_af': 0.01023967228744343, 'gpp_b': 0.03526376835095078, 'gpp_d': 5.317972068554108, 'ign_k': 9.166668258062284, 'ign_c': 58.162261581673526, 'trop_agb_crit': 12.918298689210802, 'trop_k_veg': 1.5004768134986213, 'pop_amp': 0.0261892954349495, 'pop_peak': 0.7652304002230521, 'pop_sig': 2.319317582949746, 'fuel_k': 0.21809548889865324, 'fuel_half': 0.8743656521068603}. Best is trial 421 with value: -0.6216386034937503.
[I 2026-08-19 14:57:07,202] Trial 580 finished with value: -0.4288239754193975 and parameters: {'k1': 2.40248697218895e-05, 'D_low': 149376.00999850337, 'k2': 0.0015389133991282466, 'D_high': 590490.4927070097, 'fire_exp': 1.2780507734163693, 'P_half': 280.9762484126922, 'pre_dampen_half': 5.93693663444921, 'gpp_af': 0.002171960259905485, 'gpp_b': 0.0004158667871505144, 'gpp_d': 3.1432957411514755, 'ign_k': 5.350902018892218, 'ign_c': 17.75042273744245, 'trop_agb_crit': 20.540259362642836, 'trop_k_veg': 0.5154165681588568, 'pop_amp': 0.6327186895697219, 'pop_peak': 7.245215163239603, 'pop_sig': 1.4353674191673744, 'fuel_k': 1.398005488591668, 'fuel_half': 0.17953817598100383}. Best is trial 421 with value: -0.6216386034937503.
[I 2026-08-19 14:57:09,683] Trial 581 finished with value: -0.39873125798784737 and parameters: {'k1': 0.012584187542650943, 'D_low': 15574.63922454885, 'k2': 2.6366428870505398e-05, 'D_high': 4769.901579977387, 'fire_exp': 1.4511869265307855, 'P_half': 882.159417089563, 'pre_dampen_half': 1.0638094497976485, 'gpp_af': 0.006759581469124465, 'gpp_b': 0.00011743075061429402, 'gpp_d': 0.0938235522800977, 'ign_k': 3.4097556401463764, 'ign_c': 4.297934285630673, 'trop_agb_crit': 12.566674710087499, 'trop_k_veg': 7.414971115354161, 'pop_amp': 0.00297465019985218, 'pop_peak': 1.108005144022459, 'pop_sig': 0.5699154805889686, 'fuel_k': 0.4909277087559102, 'fuel_half': 0.8952443408436017}. Best is trial 421 with value: -0.6216386034937503.
[I 2026-08-19 14:57:12,488] Trial 582 finished with value: -0.4996198574716339 and parameters: {'k1': 0.003401675696707243, 'D_low': 3981.46825975848, 'k2': 0.0003982698419103332, 'D_high': 673279.4364220185, 'fire_exp': 1.3421948785402646, 'P_half': 3.9023868624141773, 'pre_dampen_half': 0.19731362298873617, 'gpp_af': 0.6393609784764167, 'gpp_b': 0.001802977185182661, 'gpp_d': 93.17957091342069, 'ign_k': 0.03625269085167777, 'ign_c': 0.14411693333014386, 'trop_agb_crit': 24.936971844992495, 'trop_k_veg': 5.593196957815759, 'pop_amp': 0.11560843868603149, 'pop_peak': 0.9501363004379167, 'pop_sig': 0.5143782853796824, 'fuel_k': 0.22083478973570825, 'fuel_half': 0.11567893634462592}. Best is trial 421 with value: -0.6216386034937503.
[I 2026-08-19 14:57:15,454] Trial 583 finished with value: -0.44291549460370794 and parameters: {'k1': 0.04617766451184778, 'D_low': 2.0285598804439307, 'k2': 0.053908801988046276, 'D_high': 251741.7944660462, 'fire_exp': 2.28807029340033, 'P_half': 1827.3376534880995, 'pre_dampen_half': 2.250886530497669, 'gpp_af': 0.06928675669769462, 'gpp_b': 0.0007750071515100098, 'gpp_d': 32.062999662004096, 'ign_k': 4.118017161040393, 'ign_c': 6.954424822419472, 'trop_agb_crit': 14.482395191529461, 'trop_k_veg': 7.807241539331835, 'pop_amp': 0.0014801292275832562, 'pop_peak': 408.18583565894903, 'pop_sig': 0.4009970057092438, 'fuel_k': 0.7036266076641822, 'fuel_half': 0.13868958713688237}. Best is trial 421 with value: -0.6216386034937503.
  trial  584/2500  best_overall=0.6216  (33.2 min)
[I 2026-08-19 14:57:18,436] Trial 584 finished with value: -0.33285275365722955 and parameters: {'k1': 0.05953887471745178, 'D_low': 24.705586911150068, 'k2': 0.00025781303121324387, 'D_high': 419237.08720710356, 'fire_exp': 3.5868717778453885, 'P_half': 160.35673983647533, 'pre_dampen_half': 49.48120510635168, 'gpp_af': 0.002718546633757634, 'gpp_b': 0.0006302103563185969, 'gpp_d': 87.664039433808, 'ign_k': 0.24793439468209452, 'ign_c': 14.020217310567109, 'trop_agb_crit': 27.337876671790593, 'trop_k_veg': 7.263218016081793, 'pop_amp': 15.950424515737208, 'pop_peak': 7.456616570589515, 'pop_sig': 0.6070678022908186, 'fuel_k': 3.716338677933841, 'fuel_half': 5.6236364101020895}. Best is trial 421 with value: -0.6216386034937503.
[I 2026-08-19 14:57:21,330] Trial 585 finished with value: -0.43015726489509715 and parameters: {'k1': 0.0001481602013991869, 'D_low': 26239.668050377, 'k2': 1.0610878596612473e-05, 'D_high': 937501.2812910925, 'fire_exp': 1.0210295151717301, 'P_half': 1951.0088959183836, 'pre_dampen_half': 0.1559448246314469, 'gpp_af': 0.04933037573741141, 'gpp_b': 0.014532533507900486, 'gpp_d': 0.29697475611603624, 'ign_k': 9.627553480881042, 'ign_c': 0.5470109170398091, 'trop_agb_crit': 8.32537037136599, 'trop_k_veg': 4.984567588019257, 'pop_amp': 0.010785886551873835, 'pop_peak': 2.180727329340183, 'pop_sig': 0.45802107290959965, 'fuel_k': 2.0598394873189707, 'fuel_half': 0.16280439885902584}. Best is trial 421 with value: -0.6216386034937503.
[I 2026-08-19 14:57:24,418] Trial 586 finished with value: -0.3554625854118624 and parameters: {'k1': 0.011597097361721456, 'D_low': 89.49264452930697, 'k2': 1.149304054366514e-05, 'D_high': 53299.26131684666, 'fire_exp': 1.22416565742364, 'P_half': 84.9634840673052, 'pre_dampen_half': 1.7024807956589476, 'gpp_af': 0.17459183049776444, 'gpp_b': 0.0023121565721756893, 'gpp_d': 0.37375765431180746, 'ign_k': 0.43745853034783144, 'ign_c': 927.8937078982158, 'trop_agb_crit': 7.493937811002711, 'trop_k_veg': 3.2425526779062914, 'pop_amp': 0.0026208867774577607, 'pop_peak': 0.8061937290126646, 'pop_sig': 0.8205337630170102, 'fuel_k': 1.8670780100624444, 'fuel_half': 0.16821436466626985}. Best is trial 421 with value: -0.6216386034937503.
[I 2026-08-19 14:57:27,517] Trial 587 finished with value: -0.3735348317765597 and parameters: {'k1': 0.013762543005855382, 'D_low': 224.0721715680297, 'k2': 4.110954196335218e-05, 'D_high': 1356315.4752467882, 'fire_exp': 1.2310455927289445, 'P_half': 72.48384387220845, 'pre_dampen_half': 0.019709295023786138, 'gpp_af': 0.05011139104845125, 'gpp_b': 0.012046361717419607, 'gpp_d': 0.07385197961408203, 'ign_k': 7.510438953380972, 'ign_c': 29.814842336489864, 'trop_agb_crit': 6.345343825535978, 'trop_k_veg': 6.799190375006121, 'pop_amp': 0.036158497961865634, 'pop_peak': 1.1042709720741484, 'pop_sig': 0.5695296056539365, 'fuel_k': 5.5555039550010346, 'fuel_half': 0.2090029761434686}. Best is trial 421 with value: -0.6216386034937503.
[I 2026-08-19 14:57:30,723] Trial 588 finished with value: -0.5908248749301841 and parameters: {'k1': 3.797678248330263e-05, 'D_low': 23.73016247329572, 'k2': 2.3954509900244703e-05, 'D_high': 7751909.7403831575, 'fire_exp': 2.6330222845755427, 'P_half': 14.82872474032025, 'pre_dampen_half': 11.239619023543478, 'gpp_af': 0.5785847730049003, 'gpp_b': 0.0008833912664451689, 'gpp_d': 35.678596918508156, 'ign_k': 0.211821529663904, 'ign_c': 0.14431060246152794, 'trop_agb_crit': 21.722967695191407, 'trop_k_veg': 7.59225317317978, 'pop_amp': 0.5421161413147539, 'pop_peak': 31.257413950571355, 'pop_sig': 0.40758003348573063, 'fuel_k': 0.16179299372605496, 'fuel_half': 0.2470131628133476}. Best is trial 421 with value: -0.6216386034937503.
[I 2026-08-19 14:57:33,392] Trial 589 finished with value: -0.4662153026835968 and parameters: {'k1': 0.006405134522666067, 'D_low': 123.02184826651713, 'k2': 0.0005644411809103522, 'D_high': 2947154.5445499183, 'fire_exp': 3.307579028075634, 'P_half': 60.96541830084418, 'pre_dampen_half': 5.3122976309078, 'gpp_af': 0.0024912916351282166, 'gpp_b': 0.0008661657880227652, 'gpp_d': 0.013370328039837814, 'ign_k': 2.112464704110667, 'ign_c': 0.5535051505436945, 'trop_agb_crit': 15.799714381320465, 'trop_k_veg': 3.532190778232906, 'pop_amp': 0.5946958716474436, 'pop_peak': 6.589240097216838, 'pop_sig': 0.4075059069018175, 'fuel_k': 0.5015820996072945, 'fuel_half': 2.016295347183392}. Best is trial 421 with value: -0.6216386034937503.
[I 2026-08-19 14:57:36,561] Trial 590 finished with value: -0.3875084188142297 and parameters: {'k1': 0.0014178554628503717, 'D_low': 212.21958567908018, 'k2': 3.824929334307853e-05, 'D_high': 1159689.3349372917, 'fire_exp': 1.5337632576259064, 'P_half': 16.57372034817611, 'pre_dampen_half': 0.8218926685444379, 'gpp_af': 0.013776618772395487, 'gpp_b': 0.00045226371862842207, 'gpp_d': 1.025085379852684, 'ign_k': 4.479256495222622, 'ign_c': 29.890392546674935, 'trop_agb_crit': 4.4266271634125065, 'trop_k_veg': 1.908312885890303, 'pop_amp': 0.001636006169894484, 'pop_peak': 15.006683394539111, 'pop_sig': 1.3607899936839198, 'fuel_k': 0.10701670032595172, 'fuel_half': 0.33227326013745573}. Best is trial 421 with value: -0.6216386034937503.
  trial  591/2500  best_overall=0.6216  (33.5 min)
[I 2026-08-19 14:57:40,397] Trial 591 finished with value: -0.598199888909133 and parameters: {'k1': 0.005131565346239941, 'D_low': 7.089417265001777, 'k2': 9.472678961485606e-05, 'D_high': 6574666.174733506, 'fire_exp': 3.3163961056148565, 'P_half': 178.77066223805124, 'pre_dampen_half': 3.4229587137563486, 'gpp_af': 0.0011229707951740484, 'gpp_b': 1.481836971626647e-05, 'gpp_d': 0.5467499707081038, 'ign_k': 0.9687898162517684, 'ign_c': 0.44982813484728473, 'trop_agb_crit': 24.51885927219654, 'trop_k_veg': 1.710549246624492, 'pop_amp': 1.254206981480186, 'pop_peak': 47.15092168850598, 'pop_sig': 0.6574542274461233, 'fuel_k': 0.15508176545567418, 'fuel_half': 0.5890410152853445}. Best is trial 421 with value: -0.6216386034937503.
[I 2026-08-19 14:57:43,333] Trial 592 finished with value: -0.5604647819797582 and parameters: {'k1': 0.006470689292294348, 'D_low': 10.485588654326323, 'k2': 0.0001626420647127573, 'D_high': 8054970.143932381, 'fire_exp': 2.4368194050599605, 'P_half': 26.001685498068756, 'pre_dampen_half': 0.2211788859508458, 'gpp_af': 0.00183692082762022, 'gpp_b': 1.3474206084118175e-05, 'gpp_d': 0.09130749988446976, 'ign_k': 1.6381840602186497, 'ign_c': 0.7232809608301274, 'trop_agb_crit': 20.7981957987029, 'trop_k_veg': 1.7828470096529836, 'pop_amp': 4.5431225725827, 'pop_peak': 6.628180007784891, 'pop_sig': 0.644202262804517, 'fuel_k': 0.32840525693215206, 'fuel_half': 1.6576118266898368}. Best is trial 421 with value: -0.6216386034937503.
[I 2026-08-19 14:57:46,211] Trial 593 finished with value: -0.37519417086785 and parameters: {'k1': 0.006786496536130261, 'D_low': 20.97434898345841, 'k2': 0.0016938078908863366, 'D_high': 6234683.532498293, 'fire_exp': 6.126094353869854, 'P_half': 2120.6116611364287, 'pre_dampen_half': 131.79992926525418, 'gpp_af': 0.003312589568198225, 'gpp_b': 0.004248919199089753, 'gpp_d': 5.606069304350413, 'ign_k': 0.18807266588103352, 'ign_c': 0.19974074884278067, 'trop_agb_crit': 28.062292889874467, 'trop_k_veg': 1.7502728190241825, 'pop_amp': 2.856305054800673, 'pop_peak': 2.472388598323821, 'pop_sig': 0.756958768402345, 'fuel_k': 0.2138166786011037, 'fuel_half': 1.2221345087443414}. Best is trial 421 with value: -0.6216386034937503.
[I 2026-08-19 14:57:48,649] Trial 594 finished with value: -0.5014018228364869 and parameters: {'k1': 0.00026245149610919525, 'D_low': 1318.996505363327, 'k2': 0.0002350780025892529, 'D_high': 4503942.296812742, 'fire_exp': 5.801645057940887, 'P_half': 139.13687446723478, 'pre_dampen_half': 22.267435607041392, 'gpp_af': 0.006043080251631573, 'gpp_b': 3.839511936250266e-05, 'gpp_d': 46.45384463340462, 'ign_k': 5.96238198454223, 'ign_c': 5.566738698418875, 'trop_agb_crit': 18.497289223651805, 'trop_k_veg': 4.183599085642799, 'pop_amp': 0.1776007712235147, 'pop_peak': 57.17225071856863, 'pop_sig': 0.5372631823996475, 'fuel_k': 0.07521207323862183, 'fuel_half': 2.655131340530929}. Best is trial 421 with value: -0.6216386034937503.
[I 2026-08-19 14:57:51,080] Trial 595 finished with value: -0.4192823096659972 and parameters: {'k1': 0.027083969603187815, 'D_low': 6491.7462476673945, 'k2': 1.8212156480115003e-05, 'D_high': 7194315.560700244, 'fire_exp': 1.5825865238237438, 'P_half': 140.41137973293831, 'pre_dampen_half': 2.810572349521825, 'gpp_af': 0.014583831312345218, 'gpp_b': 2.3283030608534784e-05, 'gpp_d': 15.075297780352809, 'ign_k': 0.08735545511274463, 'ign_c': 39.500168035879405, 'trop_agb_crit': 11.85037292947072, 'trop_k_veg': 4.718454083272444, 'pop_amp': 0.0010519798080249594, 'pop_peak': 0.3348389950220684, 'pop_sig': 1.13413650994223, 'fuel_k': 0.2825898055574984, 'fuel_half': 1.273292901758727}. Best is trial 421 with value: -0.6216386034937503.
[I 2026-08-19 14:57:53,625] Trial 596 finished with value: -0.5550261690794638 and parameters: {'k1': 0.0070563917943689885, 'D_low': 61.045304602915934, 'k2': 0.001513854083639986, 'D_high': 1900992.1445828576, 'fire_exp': 4.453889866082291, 'P_half': 149.60932140610507, 'pre_dampen_half': 6.690956352813818, 'gpp_af': 0.0025173926531555446, 'gpp_b': 2.9148132633400508e-05, 'gpp_d': 10.308107206999441, 'ign_k': 0.7129687908305933, 'ign_c': 0.17316165094163125, 'trop_agb_crit': 13.262885770714687, 'trop_k_veg': 1.7337849870141702, 'pop_amp': 0.7113834675652755, 'pop_peak': 0.7418756095961856, 'pop_sig': 0.9895168895823331, 'fuel_k': 0.2580307711814517, 'fuel_half': 10.016612706119327}. Best is trial 421 with value: -0.6216386034937503.
[I 2026-08-19 14:57:56,348] Trial 597 finished with value: -0.5589585473360585 and parameters: {'k1': 0.00011075421346100815, 'D_low': 280.31658644998123, 'k2': 0.00011685664152699069, 'D_high': 148459.37755358286, 'fire_exp': 5.643315704351763, 'P_half': 681.9024236356814, 'pre_dampen_half': 396.2655191006743, 'gpp_af': 0.05046344313247419, 'gpp_b': 3.132239629056589e-05, 'gpp_d': 2.399292114942719, 'ign_k': 4.694571050032086, 'ign_c': 0.3404477180404607, 'trop_agb_crit': 12.418183338312915, 'trop_k_veg': 7.8399440265756475, 'pop_amp': 3.893470378385662, 'pop_peak': 9.481886833043772, 'pop_sig': 1.7268133406221864, 'fuel_k': 2.815058389409825, 'fuel_half': 0.6165069215254032}. Best is trial 421 with value: -0.6216386034937503.
[I 2026-08-19 14:57:58,983] Trial 598 finished with value: -0.46994440122099485 and parameters: {'k1': 0.0004001542825901932, 'D_low': 11.83871307772354, 'k2': 0.011249417055829812, 'D_high': 1121064.2643124992, 'fire_exp': 2.5642520840840164, 'P_half': 4.239286958155962, 'pre_dampen_half': 5.282298935876613, 'gpp_af': 0.7636335692652083, 'gpp_b': 0.0026448839578928607, 'gpp_d': 17.744285346991635, 'ign_k': 0.1868381795232011, 'ign_c': 0.3994570637584726, 'trop_agb_crit': 11.431789031180335, 'trop_k_veg': 3.484555207457086, 'pop_amp': 3.900457617018082, 'pop_peak': 10.545918301716075, 'pop_sig': 0.44752420802530624, 'fuel_k': 0.22795084007688274, 'fuel_half': 0.1657165558694439}. Best is trial 421 with value: -0.6216386034937503.
  trial  599/2500  best_overall=0.6216  (33.9 min)
[I 2026-08-19 14:58:01,785] Trial 599 finished with value: -0.5469334309787642 and parameters: {'k1': 0.0009918265818440318, 'D_low': 542.0666458450185, 'k2': 0.0002512753912790786, 'D_high': 1803204.482053076, 'fire_exp': 1.3189612133937618, 'P_half': 1.2042865833188034, 'pre_dampen_half': 1.3734233101313411, 'gpp_af': 4.881808047575525, 'gpp_b': 0.00041300813303135316, 'gpp_d': 488.20459937765224, 'ign_k': 0.37284553901977396, 'ign_c': 0.15081371119849493, 'trop_agb_crit': 27.550407615598694, 'trop_k_veg': 6.497576632166383, 'pop_amp': 0.14114465746672258, 'pop_peak': 6.347294805729382, 'pop_sig': 0.46048791979622467, 'fuel_k': 1.7862114123422892, 'fuel_half': 0.39307256292117737}. Best is trial 421 with value: -0.6216386034937503.
[I 2026-08-19 14:58:04,381] Trial 600 finished with value: -0.5450623772224151 and parameters: {'k1': 0.0030850738434668613, 'D_low': 18.367409380219183, 'k2': 0.01321782816045167, 'D_high': 1799195.6080090634, 'fire_exp': 1.0572396196458378, 'P_half': 23.103801953995028, 'pre_dampen_half': 1.0599297656448041, 'gpp_af': 0.31975817834812553, 'gpp_b': 0.0014691937620117293, 'gpp_d': 17.531829601177908, 'ign_k': 0.017594482249520454, 'ign_c': 0.19827085153381288, 'trop_agb_crit': 8.824484355414816, 'trop_k_veg': 6.676114043667858, 'pop_amp': 3.5504960160873122, 'pop_peak': 0.3041471461039925, 'pop_sig': 0.25679334483976246, 'fuel_k': 2.2661799571736907, 'fuel_half': 0.2361107250391449}. Best is trial 421 with value: -0.6216386034937503.
[I 2026-08-19 14:58:07,110] Trial 601 finished with value: -0.572219581384122 and parameters: {'k1': 0.010853507854619186, 'D_low': 84.72843851132211, 'k2': 2.671982271099297e-05, 'D_high': 7780887.498240113, 'fire_exp': 7.110960403286508, 'P_half': 235.1261277396659, 'pre_dampen_half': 57.57779589321969, 'gpp_af': 0.0034042538183189494, 'gpp_b': 2.0876193203670884e-05, 'gpp_d': 0.3025000623604227, 'ign_k': 6.353595728924681, 'ign_c': 0.8467518551380621, 'trop_agb_crit': 24.524896708770548, 'trop_k_veg': 1.4039287675999643, 'pop_amp': 2.379036280300705, 'pop_peak': 134.18327175581527, 'pop_sig': 0.48956725752484387, 'fuel_k': 0.7639013971658988, 'fuel_half': 1.656629722985136}. Best is trial 421 with value: -0.6216386034937503.
[I 2026-08-19 14:58:09,697] Trial 602 finished with value: -0.49329005180504615 and parameters: {'k1': 0.007642811969125923, 'D_low': 8.382933637155705, 'k2': 3.250810631620049e-05, 'D_high': 4730380.459757402, 'fire_exp': 1.7751298881011175, 'P_half': 94.19694192822718, 'pre_dampen_half': 3.646155905522541, 'gpp_af': 0.0026462832465985304, 'gpp_b': 4.634574585676019e-05, 'gpp_d': 0.35949969368346024, 'ign_k': 0.46140320467595464, 'ign_c': 0.2406090363081969, 'trop_agb_crit': 9.55669197958839, 'trop_k_veg': 3.832784581416404, 'pop_amp': 4.056682781275808, 'pop_peak': 646.2422658185496, 'pop_sig': 0.6659228802223286, 'fuel_k': 0.561800692939025, 'fuel_half': 0.21347031398425406}. Best is trial 421 with value: -0.6216386034937503.
[I 2026-08-19 14:58:12,398] Trial 603 finished with value: -0.5770033055118942 and parameters: {'k1': 0.0037762621147314373, 'D_low': 1.6229489204678103, 'k2': 0.00028700157298995914, 'D_high': 605992.2134548195, 'fire_exp': 1.8449880219489005, 'P_half': 3.4534738605607447, 'pre_dampen_half': 1.94485161568946, 'gpp_af': 1.7794441118069517, 'gpp_b': 0.0012311352596408092, 'gpp_d': 52.20554892081717, 'ign_k': 0.0605367394445778, 'ign_c': 0.16146009452276147, 'trop_agb_crit': 12.203700369976481, 'trop_k_veg': 7.566010367541803, 'pop_amp': 1.179291537740278, 'pop_peak': 0.2284073367224279, 'pop_sig': 0.6060749214609588, 'fuel_k': 0.04484712603771115, 'fuel_half': 0.7697119096822153}. Best is trial 421 with value: -0.6216386034937503.
[I 2026-08-19 14:58:15,498] Trial 604 finished with value: -0.3554625854118624 and parameters: {'k1': 0.002999313883864781, 'D_low': 4022.9846298097777, 'k2': 1.372904944685258e-05, 'D_high': 140843.71959547448, 'fire_exp': 2.8236308113973125, 'P_half': 938.7775121134641, 'pre_dampen_half': 1.5663882980728734, 'gpp_af': 0.007881900529583546, 'gpp_b': 1.763845971113298e-05, 'gpp_d': 197.04179255894033, 'ign_k': 4.048015184543214, 'ign_c': 109.99422172872676, 'trop_agb_crit': 14.611078473151112, 'trop_k_veg': 5.749996516103336, 'pop_amp': 0.0486418350423379, 'pop_peak': 0.1997705435467256, 'pop_sig': 1.1734868717005733, 'fuel_k': 2.6100832464245096, 'fuel_half': 2.280552361864231}. Best is trial 421 with value: -0.6216386034937503.
[I 2026-08-19 14:58:18,127] Trial 605 finished with value: -0.3554625854118624 and parameters: {'k1': 0.0010015114199802657, 'D_low': 778.0197739108895, 'k2': 0.0013502623963617246, 'D_high': 9493014.303795394, 'fire_exp': 1.4966208006785056, 'P_half': 748.1204859526231, 'pre_dampen_half': 222.98367267647478, 'gpp_af': 0.005084734121733439, 'gpp_b': 0.0020798061961396453, 'gpp_d': 53.44558446189972, 'ign_k': 0.6404314966486166, 'ign_c': 210.75932253404113, 'trop_agb_crit': 27.543877071780773, 'trop_k_veg': 2.687466568307687, 'pop_amp': 0.010205936153476272, 'pop_peak': 0.6194603545899972, 'pop_sig': 0.5899078966459711, 'fuel_k': 2.523778274672262, 'fuel_half': 0.3125147880561908}. Best is trial 421 with value: -0.6216386034937503.
[I 2026-08-19 14:58:20,898] Trial 606 finished with value: -0.43206481927845325 and parameters: {'k1': 0.0030912875667966854, 'D_low': 7.272886456971598, 'k2': 0.0003353969072119469, 'D_high': 599497.0385895498, 'fire_exp': 4.900275319926027, 'P_half': 320.4323639655229, 'pre_dampen_half': 0.5753277463334203, 'gpp_af': 0.0011133256841352182, 'gpp_b': 6.62374188589707e-05, 'gpp_d': 0.8507005698167623, 'ign_k': 0.0652734626765776, 'ign_c': 0.21729897162587802, 'trop_agb_crit': 28.611360382301704, 'trop_k_veg': 0.6623138625628305, 'pop_amp': 5.705643612639173, 'pop_peak': 35.378919919981016, 'pop_sig': 0.2535178207511719, 'fuel_k': 0.20403424309051585, 'fuel_half': 0.10169375317222104}. Best is trial 421 with value: -0.6216386034937503.
  trial  607/2500  best_overall=0.6216  (34.3 min)
[I 2026-08-19 14:58:24,005] Trial 607 finished with value: -0.5105325307096218 and parameters: {'k1': 0.0002639391700103288, 'D_low': 19.022029963456504, 'k2': 0.0004776129335634943, 'D_high': 4575224.973852977, 'fire_exp': 1.433607822724977, 'P_half': 30.579565677436786, 'pre_dampen_half': 0.034964563880044014, 'gpp_af': 5.031476358288694, 'gpp_b': 0.2990207965566256, 'gpp_d': 246.79204687100162, 'ign_k': 0.07251616528175574, 'ign_c': 0.7001484120399449, 'trop_agb_crit': 7.210403736157646, 'trop_k_veg': 4.834867061463239, 'pop_amp': 1.151109123099898, 'pop_peak': 0.46366370822157293, 'pop_sig': 0.5908092219647507, 'fuel_k': 1.3569756027804918, 'fuel_half': 0.10363393811710356}. Best is trial 421 with value: -0.6216386034937503.
