[I 2026-08-20 00:46:24,642] Trial 1120 finished with value: 0.5098533475226569 and parameters: {'k1': 0.0008142799970319763, 'D_low': 1108.6048321543115, 'k2': 0.0975749354860265, 'D_high': 1220905.0476116724, 'fire_exp': 1.2683388013551768, 'P_half': 6.978930262322291, 'pre_dampen_half': 21.332949986200116, 'gpp_af': 0.00425243481889875, 'gpp_b': 0.0031924397217539544, 'gpp_d': 11.73186735549213, 'ign_k': 0.0017314745968506522, 'ign_c': 0.3900235051179656, 'trop_agb_crit': 2.0483870206512163, 'trop_k_veg': 1.6411543024546984, 'pop_amp': 0.7882301626979544, 'pop_peak': 67.82607115587093, 'pop_sig': 1.0073369374936265}. Best is trial 274 with value: -0.604910391627968.
[I 2026-08-20 00:46:26,602] Trial 1121 finished with value: 0.5346816843619964 and parameters: {'k1': 0.0006246292631692464, 'D_low': 3.2457210450046734, 'k2': 0.02729386086717483, 'D_high': 6351047.162352111, 'fire_exp': 1.740493205353972, 'P_half': 1.2243887095778747, 'pre_dampen_half': 0.516857617070309, 'gpp_af': 0.09582859472345003, 'gpp_b': 0.0004971863428251653, 'gpp_d': 8.188959797442733, 'ign_k': 0.0021802580405810568, 'ign_c': 0.2283273896428323, 'trop_agb_crit': 1.1904154548180022, 'trop_k_veg': 1.2548276027831622, 'pop_amp': 0.48416827565896436, 'pop_peak': 52.01833654757857, 'pop_sig': 1.528111228045531}. Best is trial 274 with value: -0.604910391627968.
[I 2026-08-20 00:46:28,473] Trial 1122 finished with value: 0.5685589863676643 and parameters: {'k1': 0.0034633303557717026, 'D_low': 265.4746305683742, 'k2': 0.00016425610262770852, 'D_high': 3009935.3170819753, 'fire_exp': 1.1611888761437035, 'P_half': 28.958602767061834, 'pre_dampen_half': 0.6820371946444534, 'gpp_af': 0.01782117912599725, 'gpp_b': 0.0017577629024809033, 'gpp_d': 0.040743516752865326, 'ign_k': 1.149724545139003, 'ign_c': 4.57611810054151, 'trop_agb_crit': 1.644081339187238, 'trop_k_veg': 2.01657264264834, 'pop_amp': 13.198336631555893, 'pop_peak': 14.081787349389975, 'pop_sig': 0.7112884074835651}. Best is trial 274 with value: -0.604910391627968.
[I 2026-08-20 00:46:30,316] Trial 1123 finished with value: 0.5054568505377712 and parameters: {'k1': 0.004828173012840766, 'D_low': 273.50786489394756, 'k2': 0.007700607907779075, 'D_high': 6972537.9969498385, 'fire_exp': 1.479591651391287, 'P_half': 270.3504137251429, 'pre_dampen_half': 0.5807491219069698, 'gpp_af': 0.04650299642524104, 'gpp_b': 0.0012623169422878503, 'gpp_d': 0.13020316587935027, 'ign_k': 4.953652243907675, 'ign_c': 0.11426251231561553, 'trop_agb_crit': 1.1130687980292906, 'trop_k_veg': 3.5730651722330147, 'pop_amp': 11.462987884268912, 'pop_peak': 67.14691436925148, 'pop_sig': 0.8641968346546448}. Best is trial 274 with value: -0.604910391627968.
[I 2026-08-20 00:46:32,496] Trial 1124 finished with value: -0.5124144002354831 and parameters: {'k1': 0.0008513650528974232, 'D_low': 1.1880309789916084, 'k2': 0.01090254301523773, 'D_high': 5896944.424449001, 'fire_exp': 1.358234183267531, 'P_half': 1.4342955989245993, 'pre_dampen_half': 3.038582330066608, 'gpp_af': 0.26872028382094876, 'gpp_b': 0.0055669782403963055, 'gpp_d': 0.3006365689976328, 'ign_k': 0.004134986002028705, 'ign_c': 2.184168431767637, 'trop_agb_crit': 1.8966082206562966, 'trop_k_veg': 1.4753266268153662, 'pop_amp': 0.8046324824278315, 'pop_peak': 7.841332339803415, 'pop_sig': 1.4682877956660487}. Best is trial 274 with value: -0.604910391627968.
[I 2026-08-20 00:46:34,444] Trial 1125 finished with value: 0.6440666209362662 and parameters: {'k1': 0.023354007782897392, 'D_low': 6.828136793405634, 'k2': 0.029152396729400367, 'D_high': 12594.287800204836, 'fire_exp': 2.138285727189321, 'P_half': 1.7429629730333893, 'pre_dampen_half': 0.031824442241292744, 'gpp_af': 0.1420212724652057, 'gpp_b': 0.00036567255001682364, 'gpp_d': 0.07955481771272135, 'ign_k': 1.1564398036049768, 'ign_c': 40.616173486904366, 'trop_agb_crit': 4.04774630741502, 'trop_k_veg': 4.745028865208744, 'pop_amp': 0.03959238751722974, 'pop_peak': 12.524645953779492, 'pop_sig': 0.8350575558660692}. Best is trial 274 with value: -0.604910391627968.
[I 2026-08-20 00:46:36,396] Trial 1126 finished with value: 0.5385836706665967 and parameters: {'k1': 8.33941655885199e-05, 'D_low': 34229.08050553052, 'k2': 0.0025185594001176422, 'D_high': 741597.2047544129, 'fire_exp': 1.4120360641570078, 'P_half': 1.7376460407177063, 'pre_dampen_half': 0.27903919900293306, 'gpp_af': 0.05397525820674565, 'gpp_b': 0.0006642684242461622, 'gpp_d': 0.31282828114722444, 'ign_k': 0.37653999491415135, 'ign_c': 2.56828343565112, 'trop_agb_crit': 1.1797436927452363, 'trop_k_veg': 5.960446505086091, 'pop_amp': 0.015194096838588746, 'pop_peak': 0.2694001931132884, 'pop_sig': 1.0451199240124254}. Best is trial 274 with value: -0.604910391627968.
[I 2026-08-20 00:46:38,397] Trial 1127 finished with value: 0.5815447164850205 and parameters: {'k1': 3.526874684089292e-05, 'D_low': 58.21493459836185, 'k2': 0.0008396150030940835, 'D_high': 1156273.8249154566, 'fire_exp': 1.6350793895658777, 'P_half': 1663.2123991038904, 'pre_dampen_half': 0.03502108774519377, 'gpp_af': 0.001958331976439138, 'gpp_b': 0.0031627869393037102, 'gpp_d': 0.12176971898622195, 'ign_k': 0.22324410061262318, 'ign_c': 0.3392355350264595, 'trop_agb_crit': 1.6861616724658868, 'trop_k_veg': 6.603024929343575, 'pop_amp': 6.933525127695662, 'pop_peak': 0.29296831988129385, 'pop_sig': 0.5856059234331783}. Best is trial 274 with value: -0.604910391627968.
[I 2026-08-20 00:46:40,397] Trial 1128 finished with value: -0.620386984093161 and parameters: {'k1': 0.0028527938879532675, 'D_low': 15.384966395250048, 'k2': 0.0021796494204501505, 'D_high': 1299113.1200034542, 'fire_exp': 1.0094456401508618, 'P_half': 903.0040708845238, 'pre_dampen_half': 0.5982054527766553, 'gpp_af': 0.0010650127177187958, 'gpp_b': 1.4834099718094365e-05, 'gpp_d': 0.6374895228693604, 'ign_k': 0.17229511777588918, 'ign_c': 22.64851623120514, 'trop_agb_crit': 2.576650605089696, 'trop_k_veg': 5.114353926270059, 'pop_amp': 3.7693423590515116, 'pop_peak': 23.95107521679624, 'pop_sig': 0.9620242579540751}. Best is trial 1128 with value: -0.620386984093161.
[I 2026-08-20 00:46:42,263] Trial 1129 finished with value: 0.5129266060765169 and parameters: {'k1': 0.0007211944434395043, 'D_low': 1357.5928728997214, 'k2': 0.012299929200160813, 'D_high': 5991699.505902359, 'fire_exp': 1.1107297092488506, 'P_half': 63.37948490763583, 'pre_dampen_half': 0.01684353976134028, 'gpp_af': 0.0029554480957212728, 'gpp_b': 0.0009530910624241358, 'gpp_d': 0.02231849137176561, 'ign_k': 5.804931977863767, 'ign_c': 0.3896790891470999, 'trop_agb_crit': 1.0589133975805423, 'trop_k_veg': 2.039468402764036, 'pop_amp': 3.091727046259176, 'pop_peak': 1.3205557213887258, 'pop_sig': 0.7871445497420337}. Best is trial 1128 with value: -0.620386984093161.
[I 2026-08-20 00:46:44,461] Trial 1130 finished with value: 0.41013253411699624 and parameters: {'k1': 0.0018374260419481221, 'D_low': 20.836029999001294, 'k2': 0.022325115846611423, 'D_high': 1777832.0874274678, 'fire_exp': 1.0331011749909382, 'P_half': 519.1397480060788, 'pre_dampen_half': 0.504678091625527, 'gpp_af': 0.016592982869234846, 'gpp_b': 1.7088505751049116e-05, 'gpp_d': 1.2572472272662554, 'ign_k': 0.06848699138012108, 'ign_c': 30.083840275722526, 'trop_agb_crit': 1.5692479295947313, 'trop_k_veg': 6.109613039875726, 'pop_amp': 7.437100174015764, 'pop_peak': 48.842709717101094, 'pop_sig': 1.007705778886827}. Best is trial 1128 with value: -0.620386984093161.
[I 2026-08-20 00:46:46,365] Trial 1131 finished with value: 0.5443643712205418 and parameters: {'k1': 0.0008968965297939682, 'D_low': 13.147262495400874, 'k2': 0.01163069469338617, 'D_high': 9000752.279418092, 'fire_exp': 1.3382535172628054, 'P_half': 95.55772999813672, 'pre_dampen_half': 0.05165860394203356, 'gpp_af': 0.031138688844404135, 'gpp_b': 0.006627340808356554, 'gpp_d': 0.0869468697655941, 'ign_k': 0.004440297620008145, 'ign_c': 0.46983651328124965, 'trop_agb_crit': 2.391555358242119, 'trop_k_veg': 1.2924361704215315, 'pop_amp': 4.283036339333851, 'pop_peak': 101.88666014153101, 'pop_sig': 0.9159656000461438}. Best is trial 1128 with value: -0.620386984093161.
[I 2026-08-20 00:46:48,342] Trial 1132 finished with value: 0.5692923396701299 and parameters: {'k1': 0.0035151624496417865, 'D_low': 51.44847406781769, 'k2': 0.015038286300484562, 'D_high': 100948.34509400968, 'fire_exp': 1.3048046107183902, 'P_half': 5677.360279899738, 'pre_dampen_half': 1.2753003715059132, 'gpp_af': 0.0032222749296381657, 'gpp_b': 1.4066147149022292e-05, 'gpp_d': 0.766308905471269, 'ign_k': 1.475323382870158, 'ign_c': 15.324578968260656, 'trop_agb_crit': 2.700729106651308, 'trop_k_veg': 4.497095068491415, 'pop_amp': 0.13504470791294831, 'pop_peak': 18.636151571546538, 'pop_sig': 1.2563979917797727}. Best is trial 1128 with value: -0.620386984093161.
[I 2026-08-20 00:46:50,266] Trial 1133 finished with value: 0.6230237819593105 and parameters: {'k1': 0.02078207567250918, 'D_low': 9.898809888402123, 'k2': 0.02696872830948756, 'D_high': 986196.8126546617, 'fire_exp': 4.132467325167889, 'P_half': 2.255708377022126, 'pre_dampen_half': 0.9691412866443905, 'gpp_af': 0.032408492627572574, 'gpp_b': 0.0004020096507276067, 'gpp_d': 0.8286126278694811, 'ign_k': 0.3798937233716669, 'ign_c': 46.348984305757824, 'trop_agb_crit': 4.1145293081934184, 'trop_k_veg': 6.945774929794957, 'pop_amp': 1.0356794551296302, 'pop_peak': 1.2352184991727224, 'pop_sig': 0.6208731331849884}. Best is trial 1128 with value: -0.620386984093161.
[I 2026-08-20 00:46:52,200] Trial 1134 finished with value: 0.566302915689457 and parameters: {'k1': 0.0014230999691948955, 'D_low': 660.5560170624576, 'k2': 0.03462025091753325, 'D_high': 2687702.240811306, 'fire_exp': 1.0577564622026536, 'P_half': 3664.6799820174865, 'pre_dampen_half': 0.6096130323743211, 'gpp_af': 0.48734627677482156, 'gpp_b': 0.019869354861180268, 'gpp_d': 0.3274184216308222, 'ign_k': 1.5621553526473475, 'ign_c': 1.906794855590763, 'trop_agb_crit': 1.2989640878123483, 'trop_k_veg': 1.5564371499960024, 'pop_amp': 2.1279782565300986, 'pop_peak': 1.8345030291804951, 'pop_sig': 0.376877454304053}. Best is trial 1128 with value: -0.620386984093161.
[I 2026-08-20 00:46:54,152] Trial 1135 finished with value: 0.580022415654753 and parameters: {'k1': 0.02075102350275577, 'D_low': 648.6586611856234, 'k2': 0.0013985273511832345, 'D_high': 3010851.5374439666, 'fire_exp': 1.493870991865398, 'P_half': 247.11651200333813, 'pre_dampen_half': 0.17014880272837393, 'gpp_af': 0.001788910879962041, 'gpp_b': 5.417994489293531e-05, 'gpp_d': 0.9077124886883654, 'ign_k': 0.03836234126183636, 'ign_c': 121.6539370686946, 'trop_agb_crit': 4.448160427891455, 'trop_k_veg': 4.733091855410157, 'pop_amp': 7.8820987168845225, 'pop_peak': 3.9895208392365333, 'pop_sig': 1.1570696729406693}. Best is trial 1128 with value: -0.620386984093161.
[I 2026-08-20 00:46:56,071] Trial 1136 finished with value: 0.4387210697424433 and parameters: {'k1': 0.002824476124146679, 'D_low': 210.16954948987268, 'k2': 3.48082126753068e-05, 'D_high': 1282086.3882351154, 'fire_exp': 4.259280971208473, 'P_half': 18.468409667037932, 'pre_dampen_half': 53.90707362841096, 'gpp_af': 0.016803790715536705, 'gpp_b': 0.0010025523094772594, 'gpp_d': 15.40686863083287, 'ign_k': 0.5543196064182855, 'ign_c': 0.15997336095057368, 'trop_agb_crit': 20.186608174375355, 'trop_k_veg': 1.7131170724017437, 'pop_amp': 0.25622492116429596, 'pop_peak': 4.346211713599098, 'pop_sig': 1.2560493555388328}. Best is trial 1128 with value: -0.620386984093161.
[I 2026-08-20 00:46:57,898] Trial 1137 finished with value: 0.5774709252045881 and parameters: {'k1': 0.012632387095657923, 'D_low': 3.7211494923653596, 'k2': 0.0017409574668074577, 'D_high': 703988.1842632333, 'fire_exp': 2.052840197646957, 'P_half': 1175.5731153120275, 'pre_dampen_half': 0.16660764484410787, 'gpp_af': 0.005948544163628961, 'gpp_b': 0.00015758460782648202, 'gpp_d': 1.8349956378797567, 'ign_k': 0.024751775414240267, 'ign_c': 25.363711806477856, 'trop_agb_crit': 3.6137651024458277, 'trop_k_veg': 2.1299492374357607, 'pop_amp': 0.452315648901837, 'pop_peak': 28.204799266105685, 'pop_sig': 1.5266294174182722}. Best is trial 1128 with value: -0.620386984093161.
[I 2026-08-20 00:46:59,785] Trial 1138 finished with value: 0.6445374145881376 and parameters: {'k1': 0.0023540593495955187, 'D_low': 113.07436922788351, 'k2': 0.0009880277430224973, 'D_high': 453679.82657389913, 'fire_exp': 1.1616968739013542, 'P_half': 2017.013404814501, 'pre_dampen_half': 0.13818222741775082, 'gpp_af': 0.026038169862240022, 'gpp_b': 2.267621456399318e-05, 'gpp_d': 1.1045146432941984, 'ign_k': 0.373478240392592, 'ign_c': 248.37869828808854, 'trop_agb_crit': 2.8445337532047263, 'trop_k_veg': 2.4899920553937425, 'pop_amp': 3.1525302909515385, 'pop_peak': 3.413724672988486, 'pop_sig': 0.8149021699739989}. Best is trial 1128 with value: -0.620386984093161.
[I 2026-08-20 00:47:01,719] Trial 1139 finished with value: 0.4146960350616439 and parameters: {'k1': 0.0005609031428655309, 'D_low': 1698.1087840398766, 'k2': 0.005873816595240836, 'D_high': 241205.3454223001, 'fire_exp': 1.3777114900052003, 'P_half': 1.6549695490737522, 'pre_dampen_half': 3.892516861492156, 'gpp_af': 0.005701190399658561, 'gpp_b': 0.0003628955711647389, 'gpp_d': 0.1562039428657067, 'ign_k': 2.1726577387464143, 'ign_c': 18.61086506298367, 'trop_agb_crit': 2.2604307836328967, 'trop_k_veg': 4.752951379643881, 'pop_amp': 0.13986058611480878, 'pop_peak': 0.8312146573814468, 'pop_sig': 0.7871083019425286}. Best is trial 1128 with value: -0.620386984093161.
[I 2026-08-20 00:47:03,581] Trial 1140 finished with value: 0.5216248595264378 and parameters: {'k1': 4.442926289746961e-05, 'D_low': 5857.567127104691, 'k2': 0.034773977025519515, 'D_high': 915572.7644854938, 'fire_exp': 1.142576423166611, 'P_half': 144.3907999190054, 'pre_dampen_half': 0.04956846883761789, 'gpp_af': 0.0036847303579851977, 'gpp_b': 0.00011949843980647539, 'gpp_d': 13.892584112141392, 'ign_k': 1.452297993144978, 'ign_c': 9.662380820678862, 'trop_agb_crit': 3.8131441344208072, 'trop_k_veg': 1.6436416730056584, 'pop_amp': 2.582842455469728, 'pop_peak': 0.686854559359684, 'pop_sig': 0.43974781877506497}. Best is trial 1128 with value: -0.620386984093161.
[I 2026-08-20 00:47:06,350] Trial 1141 finished with value: 0.4959768436135914 and parameters: {'k1': 0.006800354049729695, 'D_low': 264.3357836010663, 'k2': 0.010865693092567859, 'D_high': 3137318.525028707, 'fire_exp': 5.793989888818991, 'P_half': 28.86909110001669, 'pre_dampen_half': 232.14575866306492, 'gpp_af': 0.30897984963138414, 'gpp_b': 0.00032446844202498385, 'gpp_d': 654.5811758581569, 'ign_k': 8.919165044204552, 'ign_c': 5.246969275345432, 'trop_agb_crit': 7.934275363510617, 'trop_k_veg': 1.6402947725631396, 'pop_amp': 0.43467007258881285, 'pop_peak': 62.68350745975533, 'pop_sig': 1.4295366679000145}. Best is trial 1128 with value: -0.620386984093161.
[I 2026-08-20 00:47:08,499] Trial 1142 finished with value: 0.5444706387982461 and parameters: {'k1': 0.016635756325132426, 'D_low': 451.6057677825224, 'k2': 0.006638539121926111, 'D_high': 198780.2608079408, 'fire_exp': 1.3740952626291376, 'P_half': 55.24154513334236, 'pre_dampen_half': 0.15757569686418862, 'gpp_af': 0.016079473247990545, 'gpp_b': 5.285960457817837e-05, 'gpp_d': 463.75800377340755, 'ign_k': 0.001283533048445823, 'ign_c': 0.10149058657554491, 'trop_agb_crit': 7.1078816155803235, 'trop_k_veg': 1.6435011988121124, 'pop_amp': 0.33564636398484843, 'pop_peak': 62.430508288077995, 'pop_sig': 1.9682544134900521}. Best is trial 1128 with value: -0.620386984093161.
[I 2026-08-20 00:47:10,639] Trial 1143 finished with value: -0.5576761070322273 and parameters: {'k1': 0.0053829478824817065, 'D_low': 23.16675863425727, 'k2': 0.008174916821363265, 'D_high': 271420.8726835476, 'fire_exp': 1.5004639738494703, 'P_half': 191.36522946356604, 'pre_dampen_half': 0.019414716830490272, 'gpp_af': 0.001115439692487095, 'gpp_b': 2.3982369705932777e-05, 'gpp_d': 2.4715901056288136, 'ign_k': 0.6072911781049588, 'ign_c': 0.4267226476901356, 'trop_agb_crit': 3.997978634458666, 'trop_k_veg': 4.828499377817963, 'pop_amp': 9.36815034476325, 'pop_peak': 12.239991998274107, 'pop_sig': 1.316979380020863}. Best is trial 1128 with value: -0.620386984093161.
[I 2026-08-20 00:47:12,755] Trial 1144 finished with value: 0.5199050869969538 and parameters: {'k1': 0.002593890073671195, 'D_low': 3.7875778023996842, 'k2': 0.010992449266823972, 'D_high': 261181.12269238243, 'fire_exp': 1.0059273488389053, 'P_half': 497.90395275313654, 'pre_dampen_half': 0.05170020101758832, 'gpp_af': 0.003487936479559676, 'gpp_b': 9.138170595734685e-05, 'gpp_d': 1.396196469095639, 'ign_k': 0.05077874789573927, 'ign_c': 51.66406265895499, 'trop_agb_crit': 5.367777547608093, 'trop_k_veg': 5.566937643431722, 'pop_amp': 7.789810036372255, 'pop_peak': 2.5847630969717024, 'pop_sig': 0.9821336180606244}. Best is trial 1128 with value: -0.620386984093161.
[I 2026-08-20 00:47:14,805] Trial 1145 finished with value: 0.455566510231028 and parameters: {'k1': 1.425683460649256e-05, 'D_low': 25.063035267690523, 'k2': 0.0008298495284398496, 'D_high': 2954659.556275588, 'fire_exp': 1.3361221530926068, 'P_half': 310.6909938349956, 'pre_dampen_half': 6.6355004222529885, 'gpp_af': 0.004518964843282213, 'gpp_b': 0.004972546168611213, 'gpp_d': 0.11813872737314356, 'ign_k': 4.218791617525348, 'ign_c': 0.8935538162914404, 'trop_agb_crit': 1.7475866396556274, 'trop_k_veg': 6.798012539815923, 'pop_amp': 6.680380841800244, 'pop_peak': 48.007903222307554, 'pop_sig': 1.335675195861684}. Best is trial 1128 with value: -0.620386984093161.
[I 2026-08-20 00:47:16,880] Trial 1146 finished with value: 0.5166606779271669 and parameters: {'k1': 0.000495327396353892, 'D_low': 2383.1057483453014, 'k2': 0.06894029290877128, 'D_high': 5388612.269561349, 'fire_exp': 2.263656463788684, 'P_half': 1.2609134993238953, 'pre_dampen_half': 0.49088475432179973, 'gpp_af': 0.008763702215242227, 'gpp_b': 0.0011054768374571847, 'gpp_d': 9.905543826506035, 'ign_k': 0.285138090740094, 'ign_c': 0.552540580015549, 'trop_agb_crit': 7.718663703963669, 'trop_k_veg': 7.108296740356904, 'pop_amp': 0.153342014233499, 'pop_peak': 0.13133388175667515, 'pop_sig': 0.6022593386318867}. Best is trial 1128 with value: -0.620386984093161.
[I 2026-08-20 00:47:19,013] Trial 1147 finished with value: 0.42993397218146967 and parameters: {'k1': 6.059840434402336e-05, 'D_low': 39.98620235105945, 'k2': 8.674031660750909e-05, 'D_high': 1865688.965302958, 'fire_exp': 1.0974740922800166, 'P_half': 271.8510440845469, 'pre_dampen_half': 0.10352749108339548, 'gpp_af': 0.0019143917343913844, 'gpp_b': 3.2633815380128295e-05, 'gpp_d': 0.2577108465462638, 'ign_k': 2.1549821098849105, 'ign_c': 2.157942567347024, 'trop_agb_crit': 3.207219741289714, 'trop_k_veg': 5.77755149794941, 'pop_amp': 6.607496370590786, 'pop_peak': 7.848800492632054, 'pop_sig': 1.0884184688986809}. Best is trial 1128 with value: -0.620386984093161.
[I 2026-08-20 00:47:20,973] Trial 1148 finished with value: -0.4932478049778748 and parameters: {'k1': 0.00022321512742098148, 'D_low': 73.29108974365666, 'k2': 0.01269826466567571, 'D_high': 5062904.768907753, 'fire_exp': 1.679588778291295, 'P_half': 81.1775872445179, 'pre_dampen_half': 146.873490751548, 'gpp_af': 0.003337825428358092, 'gpp_b': 0.019886121818479482, 'gpp_d': 0.14182594593846784, 'ign_k': 7.781660867477799, 'ign_c': 0.8345992345427804, 'trop_agb_crit': 2.044862123305247, 'trop_k_veg': 4.443900798275841, 'pop_amp': 10.306714892610731, 'pop_peak': 2.0658743343301307, 'pop_sig': 1.5867593581279122}. Best is trial 1128 with value: -0.620386984093161.
[I 2026-08-20 00:47:22,868] Trial 1149 finished with value: 0.4892444093014334 and parameters: {'k1': 0.0007992036549574039, 'D_low': 152.5803534887307, 'k2': 0.007178926588297014, 'D_high': 501128.88320967904, 'fire_exp': 1.4263230519263086, 'P_half': 2.5089735872312704, 'pre_dampen_half': 1.4035215769855556, 'gpp_af': 0.00979562382579819, 'gpp_b': 0.02250444971516741, 'gpp_d': 11.298675898539607, 'ign_k': 0.2169149957254637, 'ign_c': 7.135608289304315, 'trop_agb_crit': 9.108570620976689, 'trop_k_veg': 1.1540851472312295, 'pop_amp': 18.44913733483494, 'pop_peak': 21.836080891497314, 'pop_sig': 1.4072169999397321}. Best is trial 1128 with value: -0.620386984093161.
[I 2026-08-20 00:47:24,699] Trial 1150 finished with value: 0.5763223971592135 and parameters: {'k1': 0.005407363261942935, 'D_low': 18.86126861481913, 'k2': 0.0003238070774156753, 'D_high': 2905389.617212572, 'fire_exp': 2.0885027090167805, 'P_half': 2107.659879557433, 'pre_dampen_half': 0.03152735303120147, 'gpp_af': 0.001020545734961025, 'gpp_b': 0.000460152739186665, 'gpp_d': 93.02569675052247, 'ign_k': 0.3931072117309926, 'ign_c': 16.45896851631172, 'trop_agb_crit': 2.4150947891289793, 'trop_k_veg': 6.476223152903521, 'pop_amp': 3.405826158975371, 'pop_peak': 232.1598857239474, 'pop_sig': 0.5535832548455262}. Best is trial 1128 with value: -0.620386984093161.
[I 2026-08-20 00:47:27,070] Trial 1151 finished with value: 0.5887256980292966 and parameters: {'k1': 0.07469137047316013, 'D_low': 350.80067973666655, 'k2': 0.03662463361256044, 'D_high': 13101.079373150133, 'fire_exp': 1.6251153026144647, 'P_half': 5442.971183511839, 'pre_dampen_half': 389.9019863648801, 'gpp_af': 0.5002499219874283, 'gpp_b': 0.0001998205291243983, 'gpp_d': 6.037440571736453, 'ign_k': 4.908592891712658, 'ign_c': 0.10536663650857044, 'trop_agb_crit': 6.54854613288045, 'trop_k_veg': 5.418065241470194, 'pop_amp': 2.6191746231580026, 'pop_peak': 0.07928112178907665, 'pop_sig': 0.5190362010283918}. Best is trial 1128 with value: -0.620386984093161.
