[I 2026-08-19 15:43:09,045] Trial 1362 finished with value: -0.4339381166226223 and parameters: {'k1': 0.00012575922544580666, 'D_low': 157.1899763344272, 'k2': 0.052798758066854405, 'D_high': 43186.09249148368, 'fire_exp': 1.0627761988956574, 'P_half': 1698.895735660368, 'pre_dampen_half': 0.31543158090312867, 'gpp_af': 0.048669166657075415, 'gpp_b': 0.003701999986322558, 'gpp_d': 1.8497853167037197, 'ign_k': 0.002338094259090845, 'ign_c': 0.3559635747414694, 'trop_agb_crit': 22.645508582486684, 'trop_k_veg': 3.760071963401424, 'pop_amp': 0.001431780324750416, 'pop_peak': 11.651690433789875, 'pop_sig': 1.576326685490445, 'fuel_k': 1.788831919940042, 'fuel_half': 0.27786363391707647}. Best is trial 421 with value: -0.6216386034937503.
[I 2026-08-19 15:43:12,848] Trial 1363 finished with value: -0.42963980076852054 and parameters: {'k1': 0.043546811241208704, 'D_low': 303.44203639379856, 'k2': 0.03848600169625755, 'D_high': 3441494.664093387, 'fire_exp': 2.7867854030323342, 'P_half': 943.1799770648386, 'pre_dampen_half': 0.24372086207747531, 'gpp_af': 0.009167246002774031, 'gpp_b': 3.08351786324009e-05, 'gpp_d': 60.041325782106256, 'ign_k': 1.3625446231410079, 'ign_c': 7.731924778864587, 'trop_agb_crit': 16.441134248168613, 'trop_k_veg': 1.7629779201860505, 'pop_amp': 0.0090317689480857, 'pop_peak': 0.41129788840643605, 'pop_sig': 0.4382510639318165, 'fuel_k': 0.14294042566213025, 'fuel_half': 0.7975633967485947}. Best is trial 421 with value: -0.6216386034937503.
  trial 1364/2500  best_overall=0.6216  (79.2 min)
[I 2026-08-19 15:43:16,585] Trial 1364 finished with value: -0.5268160878076309 and parameters: {'k1': 0.0045144780223227935, 'D_low': 638.3996391289527, 'k2': 0.047316418801965764, 'D_high': 1457411.1979523052, 'fire_exp': 7.482613766621117, 'P_half': 13.73110741618262, 'pre_dampen_half': 0.7945811885292986, 'gpp_af': 0.7151338638893603, 'gpp_b': 0.000545120497242166, 'gpp_d': 351.0760535623766, 'ign_k': 0.7447064580718711, 'ign_c': 7.293508600029951, 'trop_agb_crit': 7.44502260189867, 'trop_k_veg': 4.232650055679446, 'pop_amp': 0.003878542799557952, 'pop_peak': 3.676440338472175, 'pop_sig': 0.35783638025277553, 'fuel_k': 0.3901521456094772, 'fuel_half': 0.3059954115745051}. Best is trial 421 with value: -0.6216386034937503.
[I 2026-08-19 15:43:19,611] Trial 1365 finished with value: -0.5368743258797168 and parameters: {'k1': 0.0009195865193751516, 'D_low': 37.16591671640674, 'k2': 1.0225421675369182e-05, 'D_high': 451088.23100148235, 'fire_exp': 3.6871050459999837, 'P_half': 53.14197188343967, 'pre_dampen_half': 7.5155075699751235, 'gpp_af': 0.26062703793114, 'gpp_b': 4.421346868769403e-05, 'gpp_d': 0.21143644368122982, 'ign_k': 0.11851987813672851, 'ign_c': 0.4782896679303924, 'trop_agb_crit': 22.451176567278637, 'trop_k_veg': 1.310635786809488, 'pop_amp': 2.1156031622284606, 'pop_peak': 7.2391798775935285, 'pop_sig': 1.259153556582923, 'fuel_k': 0.02510142075192579, 'fuel_half': 0.5135133376309083}. Best is trial 421 with value: -0.6216386034937503.
[I 2026-08-19 15:43:22,364] Trial 1366 finished with value: -0.5701591825193177 and parameters: {'k1': 0.002411537860853237, 'D_low': 32.82541094645743, 'k2': 0.060828992401883365, 'D_high': 100611.84888028401, 'fire_exp': 1.9735571313168112, 'P_half': 162.0040657349444, 'pre_dampen_half': 17.68742925485521, 'gpp_af': 0.005914674859104142, 'gpp_b': 0.00035799012452222996, 'gpp_d': 21.84522830574616, 'ign_k': 1.4197732991687957, 'ign_c': 0.47501367500237157, 'trop_agb_crit': 26.455825679031808, 'trop_k_veg': 1.9283556609643369, 'pop_amp': 0.006305447932624105, 'pop_peak': 0.4682221762278655, 'pop_sig': 0.5882263428591752, 'fuel_k': 0.49907568492948096, 'fuel_half': 0.6807283046521287}. Best is trial 421 with value: -0.6216386034937503.
[I 2026-08-19 15:43:24,944] Trial 1367 finished with value: -0.4642143095682799 and parameters: {'k1': 0.004024776643619864, 'D_low': 4.407702108672521, 'k2': 0.0057204963040348765, 'D_high': 41711.968344943714, 'fire_exp': 1.1868169123872474, 'P_half': 449.0366343721092, 'pre_dampen_half': 19.78676743746225, 'gpp_af': 0.12665843397189747, 'gpp_b': 0.0011128018651352012, 'gpp_d': 231.63215380121028, 'ign_k': 0.002385097681291967, 'ign_c': 16.56415879725362, 'trop_agb_crit': 21.54687265626136, 'trop_k_veg': 1.6250440873026955, 'pop_amp': 0.0013085972974783589, 'pop_peak': 7.388707563593241, 'pop_sig': 0.6324866986617576, 'fuel_k': 5.083044489368244, 'fuel_half': 0.2291545634446183}. Best is trial 421 with value: -0.6216386034937503.
[I 2026-08-19 15:43:27,559] Trial 1368 finished with value: -0.5343791151423944 and parameters: {'k1': 0.0010905949105051087, 'D_low': 26.414242678412542, 'k2': 0.021011771557895367, 'D_high': 2567017.115027831, 'fire_exp': 2.108105404647005, 'P_half': 2.691671337679309, 'pre_dampen_half': 44.43424094344523, 'gpp_af': 0.001783205092220281, 'gpp_b': 4.146704337482096e-05, 'gpp_d': 0.09318286464548307, 'ign_k': 0.0779815958244069, 'ign_c': 0.5883140569614291, 'trop_agb_crit': 10.716843805755735, 'trop_k_veg': 4.852501771296796, 'pop_amp': 0.0026197299358250796, 'pop_peak': 3.205194105484316, 'pop_sig': 0.5962034269929318, 'fuel_k': 0.8439232023601089, 'fuel_half': 0.11922030864319783}. Best is trial 421 with value: -0.6216386034937503.
[I 2026-08-19 15:43:30,331] Trial 1369 finished with value: -0.5875442712293653 and parameters: {'k1': 8.607554762152977e-05, 'D_low': 28.785192265856978, 'k2': 0.008446600802110966, 'D_high': 4375710.8484241115, 'fire_exp': 1.7032481402104476, 'P_half': 2.1089882902056774, 'pre_dampen_half': 6.511901291730185, 'gpp_af': 0.006059374262614091, 'gpp_b': 3.269072716162541e-05, 'gpp_d': 24.68733914421591, 'ign_k': 0.013527831526877535, 'ign_c': 0.22622280887518242, 'trop_agb_crit': 8.781455571590817, 'trop_k_veg': 7.594553191125482, 'pop_amp': 0.0010226714022176172, 'pop_peak': 1.3309278095064883, 'pop_sig': 0.25916340404585486, 'fuel_k': 2.2757963865143966, 'fuel_half': 0.20769083114201656}. Best is trial 421 with value: -0.6216386034937503.
[I 2026-08-19 15:43:33,431] Trial 1370 finished with value: -0.5333715410150865 and parameters: {'k1': 4.2970015163876906e-05, 'D_low': 7.190154428294257, 'k2': 0.0007487882756153964, 'D_high': 83441.83131144458, 'fire_exp': 1.3931368422742425, 'P_half': 16.91192719624188, 'pre_dampen_half': 0.4990478746957, 'gpp_af': 0.04982321356186863, 'gpp_b': 0.0002865738565105143, 'gpp_d': 1.2625150492125792, 'ign_k': 0.16333544364524671, 'ign_c': 0.1256054969551847, 'trop_agb_crit': 3.6747983176305654, 'trop_k_veg': 3.03869014332892, 'pop_amp': 0.008155816812686444, 'pop_peak': 0.306047774878497, 'pop_sig': 0.36416406590457834, 'fuel_k': 2.2662444189599467, 'fuel_half': 1.069191402731507}. Best is trial 421 with value: -0.6216386034937503.
[I 2026-08-19 15:43:36,149] Trial 1371 finished with value: -0.5641185192025929 and parameters: {'k1': 0.007666275225036282, 'D_low': 3.9108984405959415, 'k2': 0.029669840785344674, 'D_high': 8147664.58273738, 'fire_exp': 4.02286655104556, 'P_half': 14.915563397150313, 'pre_dampen_half': 1.290270445132575, 'gpp_af': 0.09264638897077573, 'gpp_b': 2.5348597559741667e-05, 'gpp_d': 36.61234809820519, 'ign_k': 4.227013186544764, 'ign_c': 0.20165717745527964, 'trop_agb_crit': 16.94783620095913, 'trop_k_veg': 1.9830028621521398, 'pop_amp': 0.016063681129687663, 'pop_peak': 0.16111843355622482, 'pop_sig': 0.3384000534880749, 'fuel_k': 0.1762817292648966, 'fuel_half': 2.3150996945998585}. Best is trial 421 with value: -0.6216386034937503.
  trial 1372/2500  best_overall=0.6216  (79.5 min)
[I 2026-08-19 15:43:40,697] Trial 1372 finished with value: -0.40730117716269676 and parameters: {'k1': 0.00037523483451165016, 'D_low': 246.63740917304142, 'k2': 0.00028622455881187033, 'D_high': 7648815.503969239, 'fire_exp': 1.1862321270166163, 'P_half': 648.3470627977041, 'pre_dampen_half': 4.992345900681751, 'gpp_af': 0.21747612620836218, 'gpp_b': 0.0012333816455270242, 'gpp_d': 0.8036911214660613, 'ign_k': 0.2095765480744149, 'ign_c': 45.8281564547786, 'trop_agb_crit': 14.849727338458582, 'trop_k_veg': 3.188316313699708, 'pop_amp': 0.006561771449173136, 'pop_peak': 2.2672400418585905, 'pop_sig': 0.6650760434633675, 'fuel_k': 2.1339112703025975, 'fuel_half': 1.1985435582918196}. Best is trial 421 with value: -0.6216386034937503.
[I 2026-08-19 15:43:44,217] Trial 1373 finished with value: -0.38227325659882727 and parameters: {'k1': 0.0002078308558928796, 'D_low': 47820.87940576591, 'k2': 0.000694820707446893, 'D_high': 57585.82249740337, 'fire_exp': 1.1142822633663059, 'P_half': 2556.210049443531, 'pre_dampen_half': 166.976972792234, 'gpp_af': 0.014712146746420907, 'gpp_b': 0.0019154773683652498, 'gpp_d': 2.4769847089684403, 'ign_k': 0.9233704013028584, 'ign_c': 3.4044149825207795, 'trop_agb_crit': 20.15569207391566, 'trop_k_veg': 4.96353960313475, 'pop_amp': 0.001381820630232901, 'pop_peak': 17.38179792577876, 'pop_sig': 1.0094910530991894, 'fuel_k': 0.30142299675000694, 'fuel_half': 0.5206830218372311}. Best is trial 421 with value: -0.6216386034937503.
[I 2026-08-19 15:43:48,030] Trial 1374 finished with value: -0.3823479953677083 and parameters: {'k1': 1.6285096804844323e-05, 'D_low': 20289.648017782303, 'k2': 2.2305270580366964e-05, 'D_high': 12.126400286160598, 'fire_exp': 5.354663046113249, 'P_half': 479.7215574521886, 'pre_dampen_half': 21.947427739831138, 'gpp_af': 2.924385824486196, 'gpp_b': 0.024745118061519057, 'gpp_d': 0.4356820057913866, 'ign_k': 0.0776431687432438, 'ign_c': 13.943766209622854, 'trop_agb_crit': 1.5351829066204714, 'trop_k_veg': 2.8295033496971196, 'pop_amp': 0.09115409628252297, 'pop_peak': 0.13247163141198456, 'pop_sig': 1.5773639849049808, 'fuel_k': 0.15611511038148843, 'fuel_half': 4.587318370869567}. Best is trial 421 with value: -0.6216386034937503.
[I 2026-08-19 15:43:52,283] Trial 1375 finished with value: -0.550344944958137 and parameters: {'k1': 0.00013151412237106437, 'D_low': 5609.506701847157, 'k2': 0.00033908424098406665, 'D_high': 5905034.801243818, 'fire_exp': 1.02548939680548, 'P_half': 75.10765373730709, 'pre_dampen_half': 42.49779650612853, 'gpp_af': 0.0031551405947777226, 'gpp_b': 0.00011909944474269134, 'gpp_d': 2.523690628115446, 'ign_k': 0.466966769072764, 'ign_c': 11.114233772544887, 'trop_agb_crit': 29.282683570101756, 'trop_k_veg': 4.991838825001944, 'pop_amp': 0.0038405196459169524, 'pop_peak': 9.5854389931903, 'pop_sig': 2.0026537496715964, 'fuel_k': 0.7040950160349283, 'fuel_half': 0.959941006084727}. Best is trial 421 with value: -0.6216386034937503.
[I 2026-08-19 15:43:57,433] Trial 1376 finished with value: -0.3926222679741155 and parameters: {'k1': 0.0017873209689389263, 'D_low': 59028.488986482946, 'k2': 0.0012366909498054612, 'D_high': 5470539.925765353, 'fire_exp': 1.7787310237336522, 'P_half': 1.0167863814444411, 'pre_dampen_half': 0.2901486951435925, 'gpp_af': 0.0018085778900437633, 'gpp_b': 0.0003312107705645418, 'gpp_d': 1.584899568879447, 'ign_k': 2.893434759848775, 'ign_c': 0.3420607702849829, 'trop_agb_crit': 20.183333512606055, 'trop_k_veg': 2.126045772773294, 'pop_amp': 0.1265285627409978, 'pop_peak': 0.24432601280664248, 'pop_sig': 0.5466572765939515, 'fuel_k': 2.895907781108406, 'fuel_half': 1.194144017384315}. Best is trial 421 with value: -0.6216386034937503.
  trial 1377/2500  best_overall=0.6216  (79.9 min)
[I 2026-08-19 15:44:02,691] Trial 1377 finished with value: -0.4600124801591562 and parameters: {'k1': 0.0009669568200962218, 'D_low': 38.77128767648658, 'k2': 0.00213778197616245, 'D_high': 7419496.054504223, 'fire_exp': 1.3832835097008622, 'P_half': 1.7701330759716365, 'pre_dampen_half': 0.023761944368327896, 'gpp_af': 0.0020044210242972935, 'gpp_b': 0.00011449823576895259, 'gpp_d': 1.3666342624989527, 'ign_k': 0.013715928626879455, 'ign_c': 0.12035510740482783, 'trop_agb_crit': 5.824709698540693, 'trop_k_veg': 3.930148260061766, 'pop_amp': 0.04390949995325981, 'pop_peak': 0.7636858615678186, 'pop_sig': 0.4794618252130385, 'fuel_k': 1.5382953911455948, 'fuel_half': 0.15350818979549596}. Best is trial 421 with value: -0.6216386034937503.
[I 2026-08-19 15:44:06,008] Trial 1378 finished with value: -0.4222993668268787 and parameters: {'k1': 2.022036879313569e-05, 'D_low': 192462.02471016606, 'k2': 1.0010591536677552e-05, 'D_high': 4261437.69374836, 'fire_exp': 1.1415474162075874, 'P_half': 27.703374392330772, 'pre_dampen_half': 1.1162118592865942, 'gpp_af': 0.0029370438074943213, 'gpp_b': 3.122058783571003e-05, 'gpp_d': 0.17587195216317922, 'ign_k': 0.024647733870244427, 'ign_c': 99.77455814498865, 'trop_agb_crit': 8.461201625794846, 'trop_k_veg': 1.2961698747481047, 'pop_amp': 0.29174911832630224, 'pop_peak': 1.368419327752069, 'pop_sig': 2.3001727932938962, 'fuel_k': 1.4895739490599624, 'fuel_half': 3.130033267358915}. Best is trial 421 with value: -0.6216386034937503.
[I 2026-08-19 15:44:10,347] Trial 1379 finished with value: -0.3944868474429617 and parameters: {'k1': 0.03394225673444252, 'D_low': 1023.6229017449932, 'k2': 0.08514264011147758, 'D_high': 2806.816791166369, 'fire_exp': 5.167578896371952, 'P_half': 68.12966649922637, 'pre_dampen_half': 40.34711545989941, 'gpp_af': 0.02619875337781452, 'gpp_b': 0.0038623481161824107, 'gpp_d': 34.14021981859199, 'ign_k': 0.050456298763608805, 'ign_c': 0.2463083160726136, 'trop_agb_crit': 15.957507982227883, 'trop_k_veg': 0.7282424650233034, 'pop_amp': 0.0013548697555016275, 'pop_peak': 0.5116811923971685, 'pop_sig': 0.777185807765918, 'fuel_k': 0.24835891783397984, 'fuel_half': 0.3543828641761122}. Best is trial 421 with value: -0.6216386034937503.
[I 2026-08-19 15:44:14,506] Trial 1380 finished with value: -0.5528563634214458 and parameters: {'k1': 0.0015401356496267838, 'D_low': 87.05193267761962, 'k2': 0.08125507240985538, 'D_high': 620510.9843557513, 'fire_exp': 3.4313358696771497, 'P_half': 7.362897376606957, 'pre_dampen_half': 36.84646343764587, 'gpp_af': 0.026966227314887934, 'gpp_b': 8.673865954602414e-05, 'gpp_d': 377.1667548819291, 'ign_k': 0.6557620240540585, 'ign_c': 1.6476658687707741, 'trop_agb_crit': 16.22279622953933, 'trop_k_veg': 3.215800502719932, 'pop_amp': 0.003279443919500058, 'pop_peak': 0.45473372958954095, 'pop_sig': 0.3141744530543918, 'fuel_k': 0.5592948126670737, 'fuel_half': 1.8924074633674228}. Best is trial 421 with value: -0.6216386034937503.
[I 2026-08-19 15:44:18,045] Trial 1381 finished with value: -0.5187159386989683 and parameters: {'k1': 0.008330031447140679, 'D_low': 519.6767435364545, 'k2': 2.3099608879019453e-05, 'D_high': 94749.30834450967, 'fire_exp': 6.898905569932288, 'P_half': 32.20358896805619, 'pre_dampen_half': 30.823792342595617, 'gpp_af': 0.02029529364919651, 'gpp_b': 4.257837505057777e-05, 'gpp_d': 2.197145141301816, 'ign_k': 0.17392235084942131, 'ign_c': 1.4829550848381212, 'trop_agb_crit': 11.38455870779189, 'trop_k_veg': 4.045510425485149, 'pop_amp': 3.4174801490900153, 'pop_peak': 0.37045977771069766, 'pop_sig': 1.1067533676691672, 'fuel_k': 0.011053997926155676, 'fuel_half': 0.35841701136906934}. Best is trial 421 with value: -0.6216386034937503.
[I 2026-08-19 15:44:22,007] Trial 1382 finished with value: -0.3554625854118624 and parameters: {'k1': 0.005058456106696287, 'D_low': 4248.351565961161, 'k2': 3.0976915565253105e-05, 'D_high': 1747376.1868251231, 'fire_exp': 2.769079031046453, 'P_half': 502.44555724915045, 'pre_dampen_half': 8.583930602936107, 'gpp_af': 0.011854099330290625, 'gpp_b': 6.907654013346104e-05, 'gpp_d': 0.2650748733582027, 'ign_k': 6.311255634518919, 'ign_c': 89.9752582564135, 'trop_agb_crit': 6.146600603417335, 'trop_k_veg': 2.7364514789204204, 'pop_amp': 0.06379594995288396, 'pop_peak': 2.55453251414151, 'pop_sig': 1.7213713406142799, 'fuel_k': 0.17891067494907784, 'fuel_half': 0.15104379519832348}. Best is trial 421 with value: -0.6216386034937503.
  trial 1383/2500  best_overall=0.6216  (80.3 min)
[I 2026-08-19 15:44:28,134] Trial 1383 finished with value: -0.5760999873608036 and parameters: {'k1': 0.0006748940957816512, 'D_low': 1244.3171116687383, 'k2': 0.05300439221054903, 'D_high': 7607685.339711171, 'fire_exp': 4.197586016251601, 'P_half': 390.09740812300436, 'pre_dampen_half': 11.43846157930632, 'gpp_af': 0.006005749918422085, 'gpp_b': 6.778818482766623e-05, 'gpp_d': 133.02369191795307, 'ign_k': 0.8841442878803252, 'ign_c': 1.247911912928834, 'trop_agb_crit': 11.268844721674622, 'trop_k_veg': 2.473306417602291, 'pop_amp': 0.001406578770766674, 'pop_peak': 5.514589442888876, 'pop_sig': 0.44751677049940114, 'fuel_k': 3.0890351716855395, 'fuel_half': 0.17683838569138552}. Best is trial 421 with value: -0.6216386034937503.
[I 2026-08-19 15:44:34,110] Trial 1384 finished with value: -0.4487155738106763 and parameters: {'k1': 0.04854419021322634, 'D_low': 1859.1141638099248, 'k2': 0.0008340482990033564, 'D_high': 9761078.449462965, 'fire_exp': 2.409865637290347, 'P_half': 4.85160819789144, 'pre_dampen_half': 0.012166406256779541, 'gpp_af': 47.59667171691463, 'gpp_b': 0.023541470461819376, 'gpp_d': 4.4948516642483485, 'ign_k': 0.05583400789165831, 'ign_c': 0.3752056283917032, 'trop_agb_crit': 9.90736583109139, 'trop_k_veg': 1.9128340274855755, 'pop_amp': 7.795688721774949, 'pop_peak': 297.8024794597948, 'pop_sig': 0.31645681300952755, 'fuel_k': 0.1718797643873196, 'fuel_half': 30.89768687383874}. Best is trial 421 with value: -0.6216386034937503.
[I 2026-08-19 15:44:38,791] Trial 1385 finished with value: -0.42220908515093836 and parameters: {'k1': 0.00026839200505897066, 'D_low': 4317.31037385824, 'k2': 0.004959260478663454, 'D_high': 4946.120318230306, 'fire_exp': 1.4468177064304548, 'P_half': 1.1287223398064068, 'pre_dampen_half': 2.4038494313289074, 'gpp_af': 0.0010414264485016694, 'gpp_b': 0.00020215898520119688, 'gpp_d': 0.03415371784032881, 'ign_k': 0.4168208606233399, 'ign_c': 0.18011394978428044, 'trop_agb_crit': 12.36007124973822, 'trop_k_veg': 7.182125065066642, 'pop_amp': 0.005306884380138641, 'pop_peak': 2.385571346478534, 'pop_sig': 0.482061118626923, 'fuel_k': 1.8770866668007482, 'fuel_half': 0.13016653301693368}. Best is trial 421 with value: -0.6216386034937503.
[I 2026-08-19 15:44:43,545] Trial 1386 finished with value: -0.2968921992581263 and parameters: {'k1': 0.0007568902946490736, 'D_low': 42.21698262586708, 'k2': 0.00021165031934683722, 'D_high': 658788.634689093, 'fire_exp': 2.8307007589082023, 'P_half': 59.8075445974989, 'pre_dampen_half': 158.78061652963768, 'gpp_af': 0.11251179462868735, 'gpp_b': 9.232407927656981e-05, 'gpp_d': 1.2753890947342097, 'ign_k': 0.29218815904505185, 'ign_c': 4.977965163463621, 'trop_agb_crit': 2.0531296750298162, 'trop_k_veg': 1.3326430908536246, 'pop_amp': 11.524585339435367, 'pop_peak': 2.6965674661315093, 'pop_sig': 1.0513250002831163, 'fuel_k': 0.05673994589404612, 'fuel_half': 3.1430325888096835}. Best is trial 421 with value: -0.6216386034937503.
  trial 1387/2500  best_overall=0.6216  (80.7 min)
[I 2026-08-19 15:44:49,939] Trial 1387 finished with value: -0.5395435409888091 and parameters: {'k1': 0.004270238885940808, 'D_low': 304.1142396191253, 'k2': 0.05966023644629087, 'D_high': 1329801.3552877284, 'fire_exp': 2.943084956516013, 'P_half': 12.261341240813158, 'pre_dampen_half': 10.023581511954738, 'gpp_af': 0.0017577243357510164, 'gpp_b': 0.00014836512704931708, 'gpp_d': 6.991399463304715, 'ign_k': 0.07170366273434664, 'ign_c': 0.34789396032165626, 'trop_agb_crit': 14.852134182232087, 'trop_k_veg': 2.1932257813414116, 'pop_amp': 0.029429073011869745, 'pop_peak': 3.452242262267137, 'pop_sig': 0.25853950600018616, 'fuel_k': 0.09835487949590667, 'fuel_half': 0.19146163734998492}. Best is trial 421 with value: -0.6216386034937503.
[I 2026-08-19 15:44:54,165] Trial 1388 finished with value: -0.4819348137413762 and parameters: {'k1': 0.005165829814204959, 'D_low': 100.32623144132072, 'k2': 0.000517384178437029, 'D_high': 2639907.487650112, 'fire_exp': 1.6444458828536515, 'P_half': 1.0158286514623847, 'pre_dampen_half': 2.2021932877901547, 'gpp_af': 0.014842584615613162, 'gpp_b': 3.0724022450714586e-05, 'gpp_d': 2.8651855061138263, 'ign_k': 0.0914469251551926, 'ign_c': 1.0557854058936553, 'trop_agb_crit': 21.926255709807833, 'trop_k_veg': 7.56838567231404, 'pop_amp': 0.0012474868887887719, 'pop_peak': 1.4954700956544582, 'pop_sig': 0.3114326487077764, 'fuel_k': 4.229238611615546, 'fuel_half': 0.22669739578039774}. Best is trial 421 with value: -0.6216386034937503.
[I 2026-08-19 15:44:57,754] Trial 1389 finished with value: -0.3554625854118624 and parameters: {'k1': 0.001843920360751599, 'D_low': 89.46358888772991, 'k2': 0.036925925117427705, 'D_high': 575766.7290565128, 'fire_exp': 4.957482396410624, 'P_half': 94.0240884333794, 'pre_dampen_half': 0.8739103115794552, 'gpp_af': 0.014365571668813153, 'gpp_b': 4.429721871767326e-05, 'gpp_d': 80.92781735841417, 'ign_k': 1.3452133254101517, 'ign_c': 102.51238119497465, 'trop_agb_crit': 10.401239730549568, 'trop_k_veg': 2.768657304613079, 'pop_amp': 0.040470313821886594, 'pop_peak': 2.681706200729117, 'pop_sig': 0.7949085135680114, 'fuel_k': 0.21555026792294088, 'fuel_half': 0.23549786727340905}. Best is trial 421 with value: -0.6216386034937503.
[I 2026-08-19 15:45:01,783] Trial 1390 finished with value: -0.4905298770821931 and parameters: {'k1': 0.0033767226441354567, 'D_low': 88.33697519251668, 'k2': 3.8556870907501425e-05, 'D_high': 4889898.158547396, 'fire_exp': 1.748313274815356, 'P_half': 292.0765119792137, 'pre_dampen_half': 1.261823594140981, 'gpp_af': 0.2548691059742195, 'gpp_b': 0.00229519023725455, 'gpp_d': 1.2157246152588859, 'ign_k': 0.5323101045871454, 'ign_c': 1.0287037533890286, 'trop_agb_crit': 10.025739405287828, 'trop_k_veg': 3.7109418353116057, 'pop_amp': 15.774875180671895, 'pop_peak': 0.4222014682318585, 'pop_sig': 1.0315898879038161, 'fuel_k': 0.037231732923027595, 'fuel_half': 1.7902593350663312}. Best is trial 421 with value: -0.6216386034937503.
