[I 2026-08-06 10:50:24,137] Trial 404 finished with values: [10.193601068036612, 10.193601068036612] and parameters: {'k1': 0.05778755734457457, 'D_low': 12.105387404469584, 'k2': 0.014344484793173472, 'D_high': 42210.21267871043, 'fire_exp': 1.7329145403564932, 'P_half': 4.213183643253957, 'pre_dampen_half': 63.6685916079943, 'gpp_af': 0.18069041761817034, 'gpp_b': 0.0005739662837359252, 'gpp_d': 1.493264336549928, 'ign_k': 0.01364908766641695, 'ign_c': 3.470490935437501, 'trop_agb_crit': 8.997007571451054, 'trop_k_veg': 0.6673124511410327}.
[I 2026-08-06 10:50:25,669] Trial 405 finished with values: [10.571675069729336, 10.571675069729336] and parameters: {'k1': 0.00488137519160367, 'D_low': 4.513311251103462, 'k2': 0.014344484793173472, 'D_high': 8182.111518618414, 'fire_exp': 1.7329145403564932, 'P_half': 712.8188058401365, 'pre_dampen_half': 38.00678588560607, 'gpp_af': 9.419931479490897, 'gpp_b': 0.22727308251068193, 'gpp_d': 19.600139992927435, 'ign_k': 0.01364908766641695, 'ign_c': 1.9580595319750387, 'trop_agb_crit': 8.997007571451054, 'trop_k_veg': 2.520089655463604}.
[I 2026-08-06 10:50:26,858] Trial 406 finished with values: [-0.5777317625257916, 0.08388344794933489] and parameters: {'k1': 0.005952904331761848, 'D_low': 38.82837025280678, 'k2': 0.014344484793173472, 'D_high': 42210.21267871043, 'fire_exp': 1.7329145403564932, 'P_half': 221.2683656611821, 'pre_dampen_half': 38.00678588560607, 'gpp_af': 1.6059727222314273, 'gpp_b': 2.176805640408474e-05, 'gpp_d': 229.41380323183625, 'ign_k': 0.01364908766641695, 'ign_c': 3.470490935437501, 'trop_agb_crit': 8.997007571451054, 'trop_k_veg': 2.520089655463604}.
[I 2026-08-06 10:50:28,020] Trial 407 finished with values: [10.535899843284621, 10.535899843284621] and parameters: {'k1': 0.012021930484915042, 'D_low': 7.46475488144212, 'k2': 7.639737756882014e-05, 'D_high': 21.356209987689077, 'fire_exp': 1.7008648718913113, 'P_half': 102.4585893986732, 'pre_dampen_half': 5.048653998722947, 'gpp_af': 0.0049748543504537545, 'gpp_b': 1.5385046399532158e-05, 'gpp_d': 757.2868182332339, 'ign_k': 0.11619873314872933, 'ign_c': 3.470490935437501, 'trop_agb_crit': 10.691477813613638, 'trop_k_veg': 1.9799513595694562}.
[I 2026-08-06 10:50:29,207] Trial 408 finished with values: [11.082667714886709, 11.082667714886709] and parameters: {'k1': 0.05778755734457457, 'D_low': 38.82837025280678, 'k2': 0.031536006085184705, 'D_high': 42210.21267871043, 'fire_exp': 1.7329145403564932, 'P_half': 4.213183643253957, 'pre_dampen_half': 38.00678588560607, 'gpp_af': 0.6403036652671171, 'gpp_b': 2.176805640408474e-05, 'gpp_d': 1.493264336549928, 'ign_k': 0.21006485619596416, 'ign_c': 0.557280750002996, 'trop_agb_crit': 8.997007571451054, 'trop_k_veg': 2.520089655463604}.
[I 2026-08-06 10:50:30,398] Trial 409 finished with values: [-0.5777071034716862, 0.15037449764207467] and parameters: {'k1': 0.008287522363768155, 'D_low': 12.105387404469584, 'k2': 0.003101429427212743, 'D_high': 11832.967057468773, 'fire_exp': 1.2611826901294014, 'P_half': 4.213183643253957, 'pre_dampen_half': 63.6685916079943, 'gpp_af': 0.6403036652671171, 'gpp_b': 0.22727308251068193, 'gpp_d': 8.057329182285729, 'ign_k': 0.0049611344501914005, 'ign_c': 48.704711413416454, 'trop_agb_crit': 6.119263728555865, 'trop_k_veg': 0.6673124511410327}.
[I 2026-08-06 10:50:31,581] Trial 410 finished with values: [-0.5884025730394461, 0.18586819296137191] and parameters: {'k1': 0.008912611835817005, 'D_low': 12.105387404469584, 'k2': 1.1065812688893481e-05, 'D_high': 5670.3463356272905, 'fire_exp': 1.3170256885255098, 'P_half': 4.213183643253957, 'pre_dampen_half': 63.6685916079943, 'gpp_af': 0.6403036652671171, 'gpp_b': 3.481277316673104e-05, 'gpp_d': 1.493264336549928, 'ign_k': 0.21006485619596416, 'ign_c': 11.400863701127316, 'trop_agb_crit': 8.997007571451054, 'trop_k_veg': 0.6673124511410327}.
[I 2026-08-06 10:50:32,767] Trial 411 finished with values: [10.44537926017339, 10.44537926017339] and parameters: {'k1': 0.05778755734457457, 'D_low': 38.82837025280678, 'k2': 0.031536006085184705, 'D_high': 5670.3463356272905, 'fire_exp': 3.3801590342525687, 'P_half': 221.2683656611821, 'pre_dampen_half': 38.00678588560607, 'gpp_af': 1.6059727222314273, 'gpp_b': 0.00431329787498825, 'gpp_d': 229.41380323183625, 'ign_k': 0.07091190338709638, 'ign_c': 1.9580595319750387, 'trop_agb_crit': 8.997007571451054, 'trop_k_veg': 0.6743482387129308}.
[I 2026-08-06 10:50:33,938] Trial 412 finished with values: [-0.5934985322158122, 0.06362192008171219] and parameters: {'k1': 0.005272264723319183, 'D_low': 520.4862686958022, 'k2': 0.004149969043497543, 'D_high': 8182.111518618414, 'fire_exp': 1.221575427404682, 'P_half': 712.8188058401365, 'pre_dampen_half': 63.6685916079943, 'gpp_af': 1.9706963379095486, 'gpp_b': 0.22727308251068193, 'gpp_d': 19.600139992927435, 'ign_k': 2.5253810447657927, 'ign_c': 1.9580595319750387, 'trop_agb_crit': 8.997007571451054, 'trop_k_veg': 2.4336356947036335}.
[I 2026-08-06 10:50:35,314] Trial 413 finished with values: [11.09746533098499, 11.09746533098499] and parameters: {'k1': 0.012021930484915042, 'D_low': 7.299348683062307, 'k2': 0.031536006085184705, 'D_high': 42210.21267871043, 'fire_exp': 3.3801590342525687, 'P_half': 4.213183643253957, 'pre_dampen_half': 63.6685916079943, 'gpp_af': 3.4702669886504163, 'gpp_b': 2.176805640408474e-05, 'gpp_d': 757.2868182332339, 'ign_k': 5.351470428717437, 'ign_c': 1.2389052918551067, 'trop_agb_crit': 1.8559980846490576, 'trop_k_veg': 2.520089655463604}.
[I 2026-08-06 10:50:36,478] Trial 414 finished with values: [-0.5527441103588353, 0.13351158285579046] and parameters: {'k1': 0.002155595057104387, 'D_low': 7.299348683062307, 'k2': 0.003767022142229395, 'D_high': 61536.58035691648, 'fire_exp': 1.0601964743503993, 'P_half': 221.2683656611821, 'pre_dampen_half': 3.3841016089580034, 'gpp_af': 1.2389588752305056, 'gpp_b': 0.0005739662837359252, 'gpp_d': 757.2868182332339, 'ign_k': 3.589155871450839, 'ign_c': 5.13055176058983, 'trop_agb_crit': 1.0903028125370984, 'trop_k_veg': 5.580504276549027}.
[I 2026-08-06 10:50:37,634] Trial 415 finished with values: [10.128116741565593, 10.128116741565593] and parameters: {'k1': 0.002155595057104387, 'D_low': 7.240382572465288, 'k2': 1.1065812688893481e-05, 'D_high': 11069.082134755383, 'fire_exp': 1.1263716762638152, 'P_half': 4.213183643253957, 'pre_dampen_half': 38.00678588560607, 'gpp_af': 43.527268658119496, 'gpp_b': 0.0054502936945582505, 'gpp_d': 757.2868182332339, 'ign_k': 0.019192001101561888, 'ign_c': 1.9580595319750387, 'trop_agb_crit': 25.382873076016292, 'trop_k_veg': 1.0594599158279707}.
[I 2026-08-06 10:50:38,821] Trial 416 finished with values: [10.372292956110783, 10.372292956110783] and parameters: {'k1': 0.012021930484915042, 'D_low': 12.105387404469584, 'k2': 0.031536006085184705, 'D_high': 11832.967057468773, 'fire_exp': 1.1263716762638152, 'P_half': 4.213183643253957, 'pre_dampen_half': 63.6685916079943, 'gpp_af': 1.9706963379095486, 'gpp_b': 0.00431329787498825, 'gpp_d': 0.05692321998383699, 'ign_k': 0.07091190338709638, 'ign_c': 1.9580595319750387, 'trop_agb_crit': 8.997007571451054, 'trop_k_veg': 0.6743482387129308}.
[I 2026-08-06 10:50:40,059] Trial 417 finished with values: [10.730982383352744, 10.730982383352744] and parameters: {'k1': 0.012021930484915042, 'D_low': 7.299348683062307, 'k2': 0.031536006085184705, 'D_high': 536.2153030688613, 'fire_exp': 3.3801590342525687, 'P_half': 4.213183643253957, 'pre_dampen_half': 12.338826503601998, 'gpp_af': 1.9706963379095486, 'gpp_b': 0.00431329787498825, 'gpp_d': 1.493264336549928, 'ign_k': 2.1368329072358767, 'ign_c': 1.9580595319750387, 'trop_agb_crit': 8.997007571451054, 'trop_k_veg': 6.842216150864676}.
[I 2026-08-06 10:50:41,221] Trial 418 finished with values: [10.69929278629353, 10.69929278629353] and parameters: {'k1': 0.008912611835817005, 'D_low': 12.105387404469584, 'k2': 0.031536006085184705, 'D_high': 8182.111518618414, 'fire_exp': 1.3170256885255098, 'P_half': 4.213183643253957, 'pre_dampen_half': 63.6685916079943, 'gpp_af': 0.6403036652671171, 'gpp_b': 0.0005739662837359252, 'gpp_d': 1.493264336549928, 'ign_k': 0.019192001101561888, 'ign_c': 0.557280750002996, 'trop_agb_crit': 8.997007571451054, 'trop_k_veg': 2.4336356947036335}.
[I 2026-08-06 10:50:42,397] Trial 419 finished with values: [10.673673741560725, 10.673673741560725] and parameters: {'k1': 0.05778755734457457, 'D_low': 520.4862686958022, 'k2': 8.923807143379776e-05, 'D_high': 42210.21267871043, 'fire_exp': 1.3170256885255098, 'P_half': 221.2683656611821, 'pre_dampen_half': 1.254979363966895, 'gpp_af': 0.6403036652671171, 'gpp_b': 0.0005739662837359252, 'gpp_d': 2.944272359149677, 'ign_k': 0.019192001101561888, 'ign_c': 30.785541778315018, 'trop_agb_crit': 8.997007571451054, 'trop_k_veg': 2.520089655463604}.
[I 2026-08-06 10:50:43,568] Trial 420 finished with values: [10.451437829003217, 10.451437829003217] and parameters: {'k1': 0.00488137519160367, 'D_low': 520.4862686958022, 'k2': 8.923807143379776e-05, 'D_high': 8182.111518618414, 'fire_exp': 1.3170256885255098, 'P_half': 358.182027657807, 'pre_dampen_half': 331.7366635899375, 'gpp_af': 0.6403036652671171, 'gpp_b': 0.0005739662837359252, 'gpp_d': 0.9726844876539025, 'ign_k': 0.019192001101561888, 'ign_c': 30.785541778315018, 'trop_agb_crit': 18.785197416433792, 'trop_k_veg': 1.140286245977296}.
[I 2026-08-06 10:50:44,755] Trial 421 finished with values: [-0.5692166105367906, 0.24420637598224304] and parameters: {'k1': 0.01889771394135163, 'D_low': 12.105387404469584, 'k2': 1.1065812688893481e-05, 'D_high': 21.947742689197344, 'fire_exp': 1.2611826901294014, 'P_half': 12.498583886387651, 'pre_dampen_half': 63.6685916079943, 'gpp_af': 1.6059727222314273, 'gpp_b': 1.5385046399532158e-05, 'gpp_d': 134.6119925566483, 'ign_k': 0.0032770228519285686, 'ign_c': 1.9580595319750387, 'trop_agb_crit': 7.500118950416987, 'trop_k_veg': 1.0594599158279707}.
[I 2026-08-06 10:50:45,990] Trial 422 finished with values: [10.604059304546695, 10.604059304546695] and parameters: {'k1': 0.008912611835817005, 'D_low': 40.52505887227999, 'k2': 0.003767022142229395, 'D_high': 11069.082134755383, 'fire_exp': 1.1263716762638152, 'P_half': 8628.009047476773, 'pre_dampen_half': 234.12640025944248, 'gpp_af': 1.6059727222314273, 'gpp_b': 0.0005739662837359252, 'gpp_d': 2.944272359149677, 'ign_k': 0.019192001101561888, 'ign_c': 5.13055176058983, 'trop_agb_crit': 1.0693376406863295, 'trop_k_veg': 1.555454318160094}.
[I 2026-08-06 10:50:47,176] Trial 423 finished with values: [11.155248206120739, 11.155248206120739] and parameters: {'k1': 0.037704815040649445, 'D_low': 40.52505887227999, 'k2': 8.923807143379776e-05, 'D_high': 5670.3463356272905, 'fire_exp': 1.221575427404682, 'P_half': 4.213183643253957, 'pre_dampen_half': 331.7366635899375, 'gpp_af': 5.335773317316405, 'gpp_b': 0.0005739662837359252, 'gpp_d': 757.2868182332339, 'ign_k': 0.019192001101561888, 'ign_c': 5.13055176058983, 'trop_agb_crit': 7.628718523810018, 'trop_k_veg': 4.030242248006271}.
[I 2026-08-06 10:50:48,378] Trial 424 finished with values: [10.34854584039398, 10.34854584039398] and parameters: {'k1': 0.00488137519160367, 'D_low': 38.82837025280678, 'k2': 0.014344484793173472, 'D_high': 1578.0309954142967, 'fire_exp': 1.8493890000580158, 'P_half': 140.74279366401683, 'pre_dampen_half': 38.00678588560607, 'gpp_af': 1.6059727222314273, 'gpp_b': 7.210246166617508e-05, 'gpp_d': 1.493264336549928, 'ign_k': 5.351470428717437, 'ign_c': 2.8335389417624683, 'trop_agb_crit': 2.1861040860339416, 'trop_k_veg': 2.573214588078609}.
[I 2026-08-06 10:50:49,533] Trial 425 finished with values: [10.0524139430757, 10.0524139430757] and parameters: {'k1': 7.118997101275657e-05, 'D_low': 355.00125258511594, 'k2': 1.1065812688893481e-05, 'D_high': 645.2946500764235, 'fire_exp': 1.3170256885255098, 'P_half': 4.213183643253957, 'pre_dampen_half': 63.6685916079943, 'gpp_af': 0.6403036652671171, 'gpp_b': 0.0005739662837359252, 'gpp_d': 2.944272359149677, 'ign_k': 0.21006485619596416, 'ign_c': 5.13055176058983, 'trop_agb_crit': 1.0903028125370984, 'trop_k_veg': 1.8914629029068306}.
[I 2026-08-06 10:50:51,243] Trial 426 finished with values: [-0.5842489507304239, 0.25864745327236527] and parameters: {'k1': 0.008912611835817005, 'D_low': 40.52505887227999, 'k2': 1.1065812688893481e-05, 'D_high': 5670.3463356272905, 'fire_exp': 1.2611826901294014, 'P_half': 4.213183643253957, 'pre_dampen_half': 234.12640025944248, 'gpp_af': 0.6403036652671171, 'gpp_b': 0.0005739662837359252, 'gpp_d': 2.944272359149677, 'ign_k': 0.0036065195493704487, 'ign_c': 11.400863701127316, 'trop_agb_crit': 7.500118950416987, 'trop_k_veg': 0.6673124511410327}.
[I 2026-08-06 10:50:53,840] Trial 427 finished with values: [10.400955535435118, 10.400955535435118] and parameters: {'k1': 0.05778755734457457, 'D_low': 38.82837025280678, 'k2': 0.014344484793173472, 'D_high': 1493.5213816355397, 'fire_exp': 1.7329145403564932, 'P_half': 4.213183643253957, 'pre_dampen_half': 38.00678588560607, 'gpp_af': 1.6059727222314273, 'gpp_b': 2.176805640408474e-05, 'gpp_d': 2.944272359149677, 'ign_k': 0.0013320984762921239, 'ign_c': 3.470490935437501, 'trop_agb_crit': 1.0903028125370984, 'trop_k_veg': 2.194427136482602}.
[I 2026-08-06 10:50:55,920] Trial 428 finished with values: [-0.5749070071721911, 0.09915240411054205] and parameters: {'k1': 0.008912611835817005, 'D_low': 40.52505887227999, 'k2': 1.1065812688893481e-05, 'D_high': 5670.3463356272905, 'fire_exp': 1.3170256885255098, 'P_half': 4.213183643253957, 'pre_dampen_half': 234.12640025944248, 'gpp_af': 0.6403036652671171, 'gpp_b': 0.08128322984179755, 'gpp_d': 0.6960360257735198, 'ign_k': 0.21006485619596416, 'ign_c': 5.13055176058983, 'trop_agb_crit': 6.275146677376727, 'trop_k_veg': 5.492385920002873}.
[I 2026-08-06 10:50:57,264] Trial 429 finished with values: [10.246462573313527, 10.246462573313527] and parameters: {'k1': 0.008912611835817005, 'D_low': 520.4862686958022, 'k2': 0.031536006085184705, 'D_high': 5670.3463356272905, 'fire_exp': 3.3801590342525687, 'P_half': 4.213183643253957, 'pre_dampen_half': 63.6685916079943, 'gpp_af': 0.6403036652671171, 'gpp_b': 0.006906522645653115, 'gpp_d': 1.493264336549928, 'ign_k': 0.21006485619596416, 'ign_c': 0.557280750002996, 'trop_agb_crit': 8.997007571451054, 'trop_k_veg': 2.4336356947036335}.
[I 2026-08-06 10:50:58,402] Trial 430 finished with values: [15.171034813268257, 15.171034813268257] and parameters: {'k1': 0.05778755734457457, 'D_low': 7.299348683062307, 'k2': 0.003101429427212743, 'D_high': 42210.21267871043, 'fire_exp': 1.3170256885255098, 'P_half': 221.2683656611821, 'pre_dampen_half': 693.3733406812293, 'gpp_af': 1.6059727222314273, 'gpp_b': 2.176805640408474e-05, 'gpp_d': 229.41380323183625, 'ign_k': 0.21006485619596416, 'ign_c': 1.0226988730324322, 'trop_agb_crit': 8.997007571451054, 'trop_k_veg': 3.1473758868965476}.
[I 2026-08-06 10:50:59,558] Trial 431 finished with values: [10.528626937631655, 10.528626937631655] and parameters: {'k1': 0.008471801418819975, 'D_low': 520.4862686958022, 'k2': 5.52207197313581e-05, 'D_high': 8182.111518618414, 'fire_exp': 1.3170256885255098, 'P_half': 5.076307782729897, 'pre_dampen_half': 331.7366635899375, 'gpp_af': 0.6403036652671171, 'gpp_b': 0.0005739662837359252, 'gpp_d': 2.944272359149677, 'ign_k': 2.9818972317055166, 'ign_c': 3.470490935437501, 'trop_agb_crit': 18.785197416433792, 'trop_k_veg': 2.520089655463604}.
[I 2026-08-06 10:51:00,712] Trial 432 finished with values: [10.331286763764979, 10.331286763764979] and parameters: {'k1': 0.008912611835817005, 'D_low': 12.105387404469584, 'k2': 4.207988669606632e-05, 'D_high': 774.2116473996249, 'fire_exp': 1.2611826901294014, 'P_half': 712.8188058401365, 'pre_dampen_half': 63.6685916079943, 'gpp_af': 0.6403036652671171, 'gpp_b': 2.6738182964551835e-05, 'gpp_d': 8.057329182285729, 'ign_k': 0.004144296901136395, 'ign_c': 5.13055176058983, 'trop_agb_crit': 7.500118950416987, 'trop_k_veg': 0.6673124511410327}.
[I 2026-08-06 10:51:01,915] Trial 433 finished with values: [10.769230768877819, 10.769230768877819] and parameters: {'k1': 0.00488137519160367, 'D_low': 355.00125258511594, 'k2': 8.923807143379776e-05, 'D_high': 78.57247967427125, 'fire_exp': 5.97856358842259, 'P_half': 140.74279366401683, 'pre_dampen_half': 63.6685916079943, 'gpp_af': 0.6403036652671171, 'gpp_b': 0.01666658176842624, 'gpp_d': 757.2868182332339, 'ign_k': 0.019192001101561888, 'ign_c': 121.2515722046017, 'trop_agb_crit': 7.628718523810018, 'trop_k_veg': 0.6673124511410327}.
[I 2026-08-06 10:51:03,389] Trial 434 finished with values: [10.609926742725238, 10.609926742725238] and parameters: {'k1': 0.05778755734457457, 'D_low': 436.4516946807792, 'k2': 0.019894080167856886, 'D_high': 1236.6924205139144, 'fire_exp': 1.7329145403564932, 'P_half': 523.1053126909052, 'pre_dampen_half': 38.00678588560607, 'gpp_af': 16.746194867675783, 'gpp_b': 0.0012213924959062798, 'gpp_d': 757.2868182332339, 'ign_k': 0.01364908766641695, 'ign_c': 2.4936660834465174, 'trop_agb_crit': 8.997007571451054, 'trop_k_veg': 2.520089655463604}.
[I 2026-08-06 10:51:04,719] Trial 435 finished with values: [-0.5898764166091705, 0.05659335118818987] and parameters: {'k1': 0.00488137519160367, 'D_low': 520.4862686958022, 'k2': 0.0154776166709383, 'D_high': 8182.111518618414, 'fire_exp': 1.221575427404682, 'P_half': 712.8188058401365, 'pre_dampen_half': 63.6685916079943, 'gpp_af': 1.9706963379095486, 'gpp_b': 0.3682510091559943, 'gpp_d': 19.600139992927435, 'ign_k': 2.5253810447657927, 'ign_c': 1.9580595319750387, 'trop_agb_crit': 8.997007571451054, 'trop_k_veg': 2.4336356947036335}.
[I 2026-08-06 10:51:06,078] Trial 436 finished with values: [10.422032404725579, 10.422032404725579] and parameters: {'k1': 0.012021930484915042, 'D_low': 7.46475488144212, 'k2': 1.1065812688893481e-05, 'D_high': 3198.0208180048303, 'fire_exp': 1.5185721648966928, 'P_half': 102.4585893986732, 'pre_dampen_half': 5.048653998722947, 'gpp_af': 0.0049748543504537545, 'gpp_b': 2.176805640408474e-05, 'gpp_d': 84.31013932082456, 'ign_k': 0.11619873314872933, 'ign_c': 3.470490935437501, 'trop_agb_crit': 10.691477813613638, 'trop_k_veg': 1.9799513595694562}.
[I 2026-08-06 10:51:07,666] Trial 437 finished with values: [-0.5589958956263277, 0.18646422480628722] and parameters: {'k1': 0.07111611367121734, 'D_low': 7.46475488144212, 'k2': 1.1065812688893481e-05, 'D_high': 42210.21267871043, 'fire_exp': 1.0601964743503993, 'P_half': 102.4585893986732, 'pre_dampen_half': 5.048653998722947, 'gpp_af': 0.6403036652671171, 'gpp_b': 0.0005739662837359252, 'gpp_d': 84.31013932082456, 'ign_k': 3.589155871450839, 'ign_c': 0.557280750002996, 'trop_agb_crit': 10.691477813613638, 'trop_k_veg': 2.4336356947036335}.
[I 2026-08-06 10:51:09,233] Trial 438 finished with values: [10.291412956759412, 10.291412956759412] and parameters: {'k1': 0.01889771394135163, 'D_low': 3.34949636434409, 'k2': 1.1065812688893481e-05, 'D_high': 21.947742689197344, 'fire_exp': 1.0601964743503993, 'P_half': 4.213183643253957, 'pre_dampen_half': 5.048653998722947, 'gpp_af': 0.6403036652671171, 'gpp_b': 0.0005739662837359252, 'gpp_d': 1.493264336549928, 'ign_k': 0.0013492881864712073, 'ign_c': 11.400863701127316, 'trop_agb_crit': 7.500118950416987, 'trop_k_veg': 0.6673124511410327}.
[I 2026-08-06 10:51:10,546] Trial 439 finished with values: [-0.5561454259880116, 0.2889590563697432] and parameters: {'k1': 0.05778755734457457, 'D_low': 12.105387404469584, 'k2': 0.014344484793173472, 'D_high': 42210.21267871043, 'fire_exp': 1.7329145403564932, 'P_half': 4.213183643253957, 'pre_dampen_half': 38.00678588560607, 'gpp_af': 0.6403036652671171, 'gpp_b': 2.176805640408474e-05, 'gpp_d': 1.493264336549928, 'ign_k': 0.019192001101561888, 'ign_c': 0.557280750002996, 'trop_agb_crit': 8.997007571451054, 'trop_k_veg': 6.423641554321892}.
[I 2026-08-06 10:51:11,798] Trial 440 finished with values: [-0.5353365029134494, 0.24782338527605563] and parameters: {'k1': 0.0029282035181080004, 'D_low': 7.46475488144212, 'k2': 0.003101429427212743, 'D_high': 42210.21267871043, 'fire_exp': 1.5185721648966928, 'P_half': 4.213183643253957, 'pre_dampen_half': 5.048653998722947, 'gpp_af': 0.6403036652671171, 'gpp_b': 0.0005739662837359252, 'gpp_d': 1.493264336549928, 'ign_k': 0.21006485619596416, 'ign_c': 3.470490935437501, 'trop_agb_crit': 7.500118950416987, 'trop_k_veg': 1.9799513595694562}.
[I 2026-08-06 10:51:13,130] Trial 441 finished with values: [10.709243694446451, 10.709243694446451] and parameters: {'k1': 0.012021930484915042, 'D_low': 12.105387404469584, 'k2': 0.003101429427212743, 'D_high': 15351.441568398131, 'fire_exp': 1.5185721648966928, 'P_half': 4.213183643253957, 'pre_dampen_half': 14.711215379121963, 'gpp_af': 0.25562996323356024, 'gpp_b': 2.176805640408474e-05, 'gpp_d': 757.2868182332339, 'ign_k': 0.07091190338709638, 'ign_c': 0.557280750002996, 'trop_agb_crit': 10.691477813613638, 'trop_k_veg': 1.9799513595694562}.
[I 2026-08-06 10:51:14,427] Trial 442 finished with values: [10.331928466991839, 10.331928466991839] and parameters: {'k1': 0.05778755734457457, 'D_low': 2.946000090510885, 'k2': 0.0007047307383115598, 'D_high': 61536.58035691648, 'fire_exp': 1.3340920378182823, 'P_half': 221.2683656611821, 'pre_dampen_half': 1.3833139021965035, 'gpp_af': 68.11991466118579, 'gpp_b': 0.22727308251068193, 'gpp_d': 229.41380323183625, 'ign_k': 0.5524095129928631, 'ign_c': 1.9580595319750387, 'trop_agb_crit': 10.691477813613638, 'trop_k_veg': 4.989748894578724}.
