[I 2026-06-10 22:33:24,354] Trial 450 finished with values: [10.677587215253062, 10.677587215253062] and parameters: {'k1': 0.017276056747028225, 'D_low': 2396.0796124300746, 'k2': 0.003767022142229395, 'D_high': 44974.07193749848, 'fire_exp': 1.9365919987098117, 'P_half': 101.40635645866499, 'pre_dampen_half': 98.05638874011484, 'gpp_af': 1.3954498518315706, 'gpp_b': 0.0004360709560327289, 'gpp_d': 95.2715755007094, 'ign_k': 0.09256855841989636, 'ign_c': 1.3431925993528124, 'trop_agb_crit': 1.5033346993841157, 'trop_k_veg': 1.6648666152166967, 'fire_amp': 2.042193818779288}.
[I 2026-06-10 22:33:25,849] Trial 451 finished with values: [13.288805853804472, 13.288805853804472] and parameters: {'k1': 0.006079905434073396, 'D_low': 43.2326421037033, 'k2': 1.1417577140741129e-05, 'D_high': 570.8731724249576, 'fire_exp': 1.4690410989404576, 'P_half': 1.4551749476072258, 'pre_dampen_half': 903.3231300044874, 'gpp_af': 3.298293484806585, 'gpp_b': 0.00013164432569139702, 'gpp_d': 364.60005353173506, 'ign_k': 0.8945150807271531, 'ign_c': 7.832259769732471, 'trop_agb_crit': 2.1989086830950257, 'trop_k_veg': 6.172643383211297, 'fire_amp': 2.042193818779288}.
[I 2026-06-10 22:33:27,279] Trial 452 finished with values: [11.837693474215627, 11.837693474215627] and parameters: {'k1': 0.0869690639641868, 'D_low': 146.24004590125713, 'k2': 0.0004976087827261435, 'D_high': 48235.58283024493, 'fire_exp': 1.0601964743503993, 'P_half': 277.00025557434554, 'pre_dampen_half': 269.0845367054866, 'gpp_af': 0.8057329182285734, 'gpp_b': 0.00047819318414852577, 'gpp_d': 594.7389794988394, 'ign_k': 0.13500744867919376, 'ign_c': 0.6235377135673155, 'trop_agb_crit': 12.647327018493208, 'trop_k_veg': 4.796046723963646, 'fire_amp': 1.1202509284327942}.
[I 2026-06-10 22:33:28,829] Trial 453 finished with values: [10.121846409115712, 10.121846409115712] and parameters: {'k1': 0.00026539376439360527, 'D_low': 1.4002277211577039, 'k2': 0.0012030178871154666, 'D_high': 1817.0401889219124, 'fire_exp': 1.14171776851287, 'P_half': 157.80309954142965, 'pre_dampen_half': 189.36639872354493, 'gpp_af': 0.004409093791567215, 'gpp_b': 0.004411400434514031, 'gpp_d': 1.0088237648985734, 'ign_k': 0.8945150807271531, 'ign_c': 0.6235377135673155, 'trop_agb_crit': 4.902399583903479, 'trop_k_veg': 2.1406449943451844, 'fire_amp': 5.615047466686494}.
[I 2026-06-10 22:33:30,417] Trial 454 finished with values: [13.182013478790532, 13.182013478790532] and parameters: {'k1': 0.0001887567630782227, 'D_low': 146.24004590125713, 'k2': 0.003767022142229395, 'D_high': 48235.58283024493, 'fire_exp': 1.0601964743503993, 'P_half': 157.80309954142965, 'pre_dampen_half': 9.044346216330972, 'gpp_af': 0.41874665092828456, 'gpp_b': 1.4540386644083135e-05, 'gpp_d': 0.4742269251269962, 'ign_k': 0.17320535908244444, 'ign_c': 0.6235377135673155, 'trop_agb_crit': 1.0189592979395135, 'trop_k_veg': 4.796046723963646, 'fire_amp': 4.19233232783727}.
[I 2026-06-10 22:33:32,029] Trial 455 finished with values: [12.24479965929455, 12.24479965929455] and parameters: {'k1': 5.7909642338812115e-05, 'D_low': 2267.735223551285, 'k2': 0.0012030178871154666, 'D_high': 48235.58283024493, 'fire_exp': 1.1633452995374232, 'P_half': 51.10120656497163, 'pre_dampen_half': 123.04779330083686, 'gpp_af': 10.25616274847308, 'gpp_b': 0.004411400434514031, 'gpp_d': 1.0088237648985734, 'ign_k': 1.6270983114897255, 'ign_c': 0.6960633318526378, 'trop_agb_crit': 1.0189592979395135, 'trop_k_veg': 0.828441460847982, 'fire_amp': 2.6192385880432525}.
[I 2026-06-10 22:33:33,453] Trial 456 finished with values: [10.80774507177955, 10.80774507177955] and parameters: {'k1': 0.00026539376439360527, 'D_low': 50.32059347286801, 'k2': 0.0010726091927327822, 'D_high': 1817.0401889219124, 'fire_exp': 4.197266872191233, 'P_half': 277.00025557434554, 'pre_dampen_half': 269.0845367054866, 'gpp_af': 1.9654778690222015, 'gpp_b': 1.4540386644083135e-05, 'gpp_d': 47.35384181058586, 'ign_k': 0.17320535908244444, 'ign_c': 1.3431925993528124, 'trop_agb_crit': 1.0189592979395135, 'trop_k_veg': 4.796046723963646, 'fire_amp': 2.6192385880432525}.
[I 2026-06-10 22:33:34,850] Trial 457 finished with values: [14.842983935292548, 14.842983935292548] and parameters: {'k1': 0.0001887567630782227, 'D_low': 335.92388193960346, 'k2': 0.0001016707987819611, 'D_high': 8440.303958079088, 'fire_exp': 1.0601964743503993, 'P_half': 4.213183643253957, 'pre_dampen_half': 30.456909077772018, 'gpp_af': 3.298293484806585, 'gpp_b': 0.00012118589392553798, 'gpp_d': 95.2715755007094, 'ign_k': 1.636529060071807, 'ign_c': 7.832259769732471, 'trop_agb_crit': 1.8023542850487386, 'trop_k_veg': 0.6488368931910606, 'fire_amp': 4.19233232783727}.
[I 2026-06-10 22:33:36,423] Trial 458 finished with values: [10.164383557769892, 10.164383557769892] and parameters: {'k1': 0.00026539376439360527, 'D_low': 6010.742028864748, 'k2': 0.003767022142229395, 'D_high': 431.45617043093523, 'fire_exp': 1.111738490499784, 'P_half': 4.213183643253957, 'pre_dampen_half': 189.36639872354493, 'gpp_af': 1.3954498518315706, 'gpp_b': 1.4540386644083135e-05, 'gpp_d': 47.35384181058586, 'ign_k': 0.09256855841989636, 'ign_c': 1.3431925993528124, 'trop_agb_crit': 4.902399583903479, 'trop_k_veg': 2.1406449943451844, 'fire_amp': 4.19233232783727}.
[I 2026-06-10 22:33:37,879] Trial 459 finished with values: [-0.5236040360444154, 0.0963402304446851] and parameters: {'k1': 0.0001887567630782227, 'D_low': 1.4002277211577039, 'k2': 0.003767022142229395, 'D_high': 27.55546207779663, 'fire_exp': 1.1633452995374232, 'P_half': 4.213183643253957, 'pre_dampen_half': 123.04779330083686, 'gpp_af': 0.41874665092828456, 'gpp_b': 1.4540386644083135e-05, 'gpp_d': 46.010874324515754, 'ign_k': 0.09256855841989636, 'ign_c': 0.4177928311636542, 'trop_agb_crit': 1.5033346993841157, 'trop_k_veg': 5.636143940068465, 'fire_amp': 5.416595007374148}.
[I 2026-06-10 22:33:39,216] Trial 460 finished with values: [10.795995638410469, 10.795995638410469] and parameters: {'k1': 0.0869690639641868, 'D_low': 146.24004590125713, 'k2': 0.003767022142229395, 'D_high': 431.45617043093523, 'fire_exp': 1.0601964743503993, 'P_half': 1265.0580856641704, 'pre_dampen_half': 121.93011993958949, 'gpp_af': 0.07118041471054574, 'gpp_b': 0.25042526066088033, 'gpp_d': 0.12878367369717508, 'ign_k': 0.17320535908244444, 'ign_c': 0.7619822175388142, 'trop_agb_crit': 1.0693376406863295, 'trop_k_veg': 0.6673124511410327, 'fire_amp': 4.19233232783727}.
[I 2026-06-10 22:33:40,660] Trial 461 finished with values: [10.753549430150665, 10.753549430150665] and parameters: {'k1': 0.0004846497679219079, 'D_low': 1.4002277211577039, 'k2': 4.933751600448335e-05, 'D_high': 949.9072859745386, 'fire_exp': 1.353841071397002, 'P_half': 157.3644610977214, 'pre_dampen_half': 958.6709783968975, 'gpp_af': 0.41874665092828456, 'gpp_b': 2.800940363375676e-05, 'gpp_d': 1.4397852866783676, 'ign_k': 0.037151317999473285, 'ign_c': 72.99613382801451, 'trop_agb_crit': 2.0527418919564324, 'trop_k_veg': 1.6003641872536711, 'fire_amp': 1.2393473789150806}.
[I 2026-06-10 22:33:42,057] Trial 462 finished with values: [10.094550257646855, 10.094550257646855] and parameters: {'k1': 0.00026539376439360527, 'D_low': 1.4002277211577039, 'k2': 0.003767022142229395, 'D_high': 27.55546207779663, 'fire_exp': 1.0601964743503993, 'P_half': 51.10120656497163, 'pre_dampen_half': 350.88322284755304, 'gpp_af': 0.41874665092828456, 'gpp_b': 0.004411400434514031, 'gpp_d': 0.4742269251269962, 'ign_k': 0.09256855841989636, 'ign_c': 0.5232779509048977, 'trop_agb_crit': 1.0189592979395135, 'trop_k_veg': 0.9660523662864217, 'fire_amp': 5.615047466686494}.
[I 2026-06-10 22:33:43,670] Trial 463 finished with values: [19.69423737353442, 19.69423737353442] and parameters: {'k1': 0.00026539376439360527, 'D_low': 1.4002277211577039, 'k2': 0.0012030178871154666, 'D_high': 20103.283734409175, 'fire_exp': 1.1633452995374232, 'P_half': 51.10120656497163, 'pre_dampen_half': 958.6709783968975, 'gpp_af': 0.09885838682552685, 'gpp_b': 0.00047819318414852577, 'gpp_d': 0.4742269251269962, 'ign_k': 0.09256855841989636, 'ign_c': 0.10435856341129002, 'trop_agb_crit': 4.902399583903479, 'trop_k_veg': 1.600928934389327, 'fire_amp': 5.615047466686494}.
[I 2026-06-10 22:33:45,277] Trial 464 finished with values: [10.532192276172603, 10.532192276172603] and parameters: {'k1': 0.0001887567630782227, 'D_low': 2396.0796124300746, 'k2': 0.003767022142229395, 'D_high': 949.9072859745386, 'fire_exp': 1.0601964743503993, 'P_half': 157.80309954142965, 'pre_dampen_half': 30.456909077772018, 'gpp_af': 0.09885838682552685, 'gpp_b': 0.16285506249643175, 'gpp_d': 47.35384181058586, 'ign_k': 1.636529060071807, 'ign_c': 1.3431925993528124, 'trop_agb_crit': 1.8285200278523417, 'trop_k_veg': 3.1055119128084763, 'fire_amp': 4.19233232783727}.
[I 2026-06-10 22:33:46,673] Trial 465 finished with values: [20.293476119208826, 20.293476119208826] and parameters: {'k1': 0.017276056747028225, 'D_low': 12.105387404469584, 'k2': 0.02939607009739149, 'D_high': 76838.76502998071, 'fire_exp': 1.0601964743503993, 'P_half': 101.40635645866499, 'pre_dampen_half': 37.40930273158252, 'gpp_af': 0.41874665092828456, 'gpp_b': 1.4540386644083135e-05, 'gpp_d': 46.010874324515754, 'ign_k': 0.17320535908244444, 'ign_c': 16.497426799845446, 'trop_agb_crit': 1.5033346993841157, 'trop_k_veg': 4.796046723963646, 'fire_amp': 5.416595007374148}.
[I 2026-06-10 22:33:48,042] Trial 466 finished with values: [10.636458423274965, 10.636458423274965] and parameters: {'k1': 0.006079905434073396, 'D_low': 1074.940539517341, 'k2': 1.1417577140741129e-05, 'D_high': 949.9072859745386, 'fire_exp': 1.2732983562135975, 'P_half': 1.4551749476072258, 'pre_dampen_half': 37.40930273158252, 'gpp_af': 0.09885838682552685, 'gpp_b': 0.006999112505425414, 'gpp_d': 0.4742269251269962, 'ign_k': 0.09256855841989636, 'ign_c': 16.497426799845446, 'trop_agb_crit': 1.850652607502099, 'trop_k_veg': 1.6003641872536711, 'fire_amp': 2.042193818779288}.
[I 2026-06-10 22:33:49,403] Trial 467 finished with values: [10.186123275518018, 10.186123275518018] and parameters: {'k1': 0.0032360993995751053, 'D_low': 1.4002277211577039, 'k2': 3.152468275632564e-05, 'D_high': 27.55546207779663, 'fire_exp': 1.1633452995374232, 'P_half': 157.80309954142965, 'pre_dampen_half': 9.044346216330972, 'gpp_af': 0.41874665092828456, 'gpp_b': 2.1309331861011757e-05, 'gpp_d': 0.4742269251269962, 'ign_k': 1.6270983114897255, 'ign_c': 0.10435856341129002, 'trop_agb_crit': 1.0693376406863295, 'trop_k_veg': 0.6618107836658104, 'fire_amp': 2.6192385880432525}.
[I 2026-06-10 22:33:50,872] Trial 468 finished with values: [10.395440776235457, 10.395440776235457] and parameters: {'k1': 0.0004846497679219079, 'D_low': 2396.0796124300746, 'k2': 0.003767022142229395, 'D_high': 48235.58283024493, 'fire_exp': 1.0601964743503993, 'P_half': 1265.0580856641704, 'pre_dampen_half': 2.736251365128462, 'gpp_af': 1.3954498518315706, 'gpp_b': 1.4540386644083135e-05, 'gpp_d': 1.4397852866783676, 'ign_k': 2.615413574494962, 'ign_c': 0.6235377135673155, 'trop_agb_crit': 1.8285200278523417, 'trop_k_veg': 0.6673124511410327, 'fire_amp': 2.6192385880432525}.
[I 2026-06-10 22:33:52,823] Trial 469 finished with values: [10.015288630905719, 10.015288630905719] and parameters: {'k1': 0.0869690639641868, 'D_low': 2267.735223551285, 'k2': 3.152468275632564e-05, 'D_high': 949.9072859745386, 'fire_exp': 1.14171776851287, 'P_half': 157.80309954142965, 'pre_dampen_half': 9.044346216330972, 'gpp_af': 0.09885838682552685, 'gpp_b': 2.1309331861011757e-05, 'gpp_d': 0.4742269251269962, 'ign_k': 1.6270983114897255, 'ign_c': 0.10435856341129002, 'trop_agb_crit': 5.335241529707116, 'trop_k_veg': 0.9923523017201868, 'fire_amp': 2.6192385880432525}.
[I 2026-06-10 22:33:54,237] Trial 470 finished with values: [11.203125017285634, 11.203125017285634] and parameters: {'k1': 0.0869690639641868, 'D_low': 2267.735223551285, 'k2': 0.02065142557895925, 'D_high': 48235.58283024493, 'fire_exp': 1.9365919987098117, 'P_half': 101.40635645866499, 'pre_dampen_half': 9.044346216330972, 'gpp_af': 1.9998014714101113, 'gpp_b': 2.800940363375676e-05, 'gpp_d': 0.4742269251269962, 'ign_k': 1.6270983114897255, 'ign_c': 0.6235377135673155, 'trop_agb_crit': 1.0189592979395135, 'trop_k_veg': 4.796046723963646, 'fire_amp': 5.416595007374148}.
[I 2026-06-10 22:33:55,545] Trial 471 finished with values: [10.615276300179668, 10.615276300179668] and parameters: {'k1': 0.0001887567630782227, 'D_low': 1.4002277211577039, 'k2': 0.003767022142229395, 'D_high': 44974.07193749848, 'fire_exp': 5.117531439790398, 'P_half': 157.80309954142965, 'pre_dampen_half': 189.36639872354493, 'gpp_af': 0.09885838682552685, 'gpp_b': 1.4540386644083135e-05, 'gpp_d': 47.35384181058586, 'ign_k': 0.09256855841989636, 'ign_c': 0.10435856341129002, 'trop_agb_crit': 8.188098178380693, 'trop_k_veg': 3.1055119128084763, 'fire_amp': 4.19233232783727}.
[I 2026-06-10 22:33:56,871] Trial 472 finished with values: [11.281123638243377, 11.281123638243377] and parameters: {'k1': 0.0001887567630782227, 'D_low': 43.2326421037033, 'k2': 4.933751600448335e-05, 'D_high': 949.9072859745386, 'fire_exp': 1.0601964743503993, 'P_half': 157.3644610977214, 'pre_dampen_half': 37.40930273158252, 'gpp_af': 0.09885838682552685, 'gpp_b': 1.4540386644083135e-05, 'gpp_d': 0.4742269251269962, 'ign_k': 1.6270983114897255, 'ign_c': 16.497426799845446, 'trop_agb_crit': 1.8285200278523417, 'trop_k_veg': 3.1055119128084763, 'fire_amp': 4.19233232783727}.
[I 2026-06-10 22:33:58,245] Trial 473 finished with values: [16.420590496228307, 16.420590496228307] and parameters: {'k1': 0.0001887567630782227, 'D_low': 2267.735223551285, 'k2': 0.003767022142229395, 'D_high': 48235.58283024493, 'fire_exp': 1.0601964743503993, 'P_half': 118.94665366442581, 'pre_dampen_half': 225.8132942030758, 'gpp_af': 10.25616274847308, 'gpp_b': 1.4540386644083135e-05, 'gpp_d': 0.4742269251269962, 'ign_k': 1.636529060071807, 'ign_c': 0.6235377135673155, 'trop_agb_crit': 1.8285200278523417, 'trop_k_veg': 0.6673124511410327, 'fire_amp': 4.19233232783727}.
[I 2026-06-10 22:33:59,771] Trial 474 finished with values: [10.290616387356563, 10.290616387356563] and parameters: {'k1': 0.0869690639641868, 'D_low': 12.105387404469584, 'k2': 0.003767022142229395, 'D_high': 1817.0401889219124, 'fire_exp': 1.0601964743503993, 'P_half': 1265.0580856641704, 'pre_dampen_half': 9.044346216330972, 'gpp_af': 0.09885838682552685, 'gpp_b': 1.4540386644083135e-05, 'gpp_d': 37.19072637334467, 'ign_k': 0.17320535908244444, 'ign_c': 16.497426799845446, 'trop_agb_crit': 8.188098178380693, 'trop_k_veg': 4.61686111043599, 'fire_amp': 2.6192385880432525}.
[I 2026-06-10 22:34:01,241] Trial 475 finished with values: [10.401130998516182, 10.401130998516182] and parameters: {'k1': 0.0006042560675552671, 'D_low': 43.2326421037033, 'k2': 4.933751600448335e-05, 'D_high': 949.9072859745386, 'fire_exp': 1.0601964743503993, 'P_half': 70.91190338709636, 'pre_dampen_half': 958.6709783968975, 'gpp_af': 0.09885838682552685, 'gpp_b': 0.00012118589392553798, 'gpp_d': 0.4742269251269962, 'ign_k': 0.8945150807271531, 'ign_c': 3.4321391362415827, 'trop_agb_crit': 2.0527418919564324, 'trop_k_veg': 1.6003641872536711, 'fire_amp': 1.032981306188127}.
[I 2026-06-10 22:34:02,594] Trial 476 finished with values: [10.256377214134284, 10.256377214134284] and parameters: {'k1': 0.0001887567630782227, 'D_low': 2396.0796124300746, 'k2': 0.003767022142229395, 'D_high': 431.45617043093523, 'fire_exp': 1.0601964743503993, 'P_half': 114.62237838612074, 'pre_dampen_half': 30.456909077772018, 'gpp_af': 1.7775411110039254, 'gpp_b': 0.16285506249643175, 'gpp_d': 95.2715755007094, 'ign_k': 1.636529060071807, 'ign_c': 1.3431925993528124, 'trop_agb_crit': 3.3933702290907823, 'trop_k_veg': 0.6488368931910606, 'fire_amp': 4.19233232783727}.
[I 2026-06-10 22:34:03,916] Trial 477 finished with values: [-0.3605700942473033, 0.5875166184567419] and parameters: {'k1': 0.00026539376439360527, 'D_low': 235.39834531862078, 'k2': 1.1417577140741129e-05, 'D_high': 42210.21267871043, 'fire_exp': 1.111738490499784, 'P_half': 61.6097529474144, 'pre_dampen_half': 121.93011993958949, 'gpp_af': 2.5184956910855436, 'gpp_b': 0.00031478066835753096, 'gpp_d': 0.7698760608299932, 'ign_k': 0.002357279455676982, 'ign_c': 7.081721844034206, 'trop_agb_crit': 2.0527418919564324, 'trop_k_veg': 0.6108091740265464, 'fire_amp': 1.5719333351012774}.
[I 2026-06-10 22:34:05,214] Trial 478 finished with values: [15.75365411894359, 15.75365411894359] and parameters: {'k1': 0.0869690639641868, 'D_low': 146.28013120517718, 'k2': 0.003767022142229395, 'D_high': 44974.07193749848, 'fire_exp': 1.4572158037266703, 'P_half': 101.40635645866499, 'pre_dampen_half': 189.36639872354493, 'gpp_af': 0.09885838682552685, 'gpp_b': 2.1309331861011757e-05, 'gpp_d': 0.4742269251269962, 'ign_k': 0.09256855841989636, 'ign_c': 0.10435856341129002, 'trop_agb_crit': 8.188098178380693, 'trop_k_veg': 5.593985425286908, 'fire_amp': 2.6192385880432525}.
[I 2026-06-10 22:34:06,673] Trial 479 finished with values: [25.050871974307924, 25.050871974307924] and parameters: {'k1': 0.017276056747028225, 'D_low': 12.105387404469584, 'k2': 0.003767022142229395, 'D_high': 44974.07193749848, 'fire_exp': 1.0601964743503993, 'P_half': 101.40635645866499, 'pre_dampen_half': 98.05638874011484, 'gpp_af': 1.3954498518315706, 'gpp_b': 0.0022206965604739644, 'gpp_d': 12.151631524283598, 'ign_k': 1.636529060071807, 'ign_c': 0.4177928311636542, 'trop_agb_crit': 1.5033346993841157, 'trop_k_veg': 5.636143940068465, 'fire_amp': 5.416595007374148}.
[I 2026-06-10 22:34:08,188] Trial 480 finished with values: [10.381729281195264, 10.381729281195264] and parameters: {'k1': 0.00031134168041628584, 'D_low': 1.4002277211577039, 'k2': 0.0012030178871154666, 'D_high': 27.55546207779663, 'fire_exp': 1.0601964743503993, 'P_half': 5.4712187293420325, 'pre_dampen_half': 189.36639872354493, 'gpp_af': 0.07118041471054574, 'gpp_b': 1.4540386644083135e-05, 'gpp_d': 1.0088237648985734, 'ign_k': 0.00840038491455979, 'ign_c': 0.4177928311636542, 'trop_agb_crit': 4.902399583903479, 'trop_k_veg': 2.1406449943451844, 'fire_amp': 5.615047466686494}.
[I 2026-06-10 22:34:09,561] Trial 481 finished with values: [10.346832896820372, 10.346832896820372] and parameters: {'k1': 0.00031134168041628584, 'D_low': 2267.735223551285, 'k2': 0.02065142557895925, 'D_high': 44974.07193749848, 'fire_exp': 1.9095652801045373, 'P_half': 118.94665366442581, 'pre_dampen_half': 9.044346216330972, 'gpp_af': 1.3954498518315706, 'gpp_b': 2.800940363375676e-05, 'gpp_d': 12.151631524283598, 'ign_k': 1.636529060071807, 'ign_c': 0.6235377135673155, 'trop_agb_crit': 1.0189592979395135, 'trop_k_veg': 0.6488368931910606, 'fire_amp': 4.1162797330133705}.
[I 2026-06-10 22:34:10,938] Trial 482 finished with values: [-0.5908318753297334, 0.4496957651274235] and parameters: {'k1': 0.0009255037589041178, 'D_low': 171.2446447678494, 'k2': 0.00024195799118138832, 'D_high': 27.55546207779663, 'fire_exp': 1.3807440352456883, 'P_half': 4.213183643253957, 'pre_dampen_half': 123.04779330083686, 'gpp_af': 1.3954498518315706, 'gpp_b': 1.4540386644083135e-05, 'gpp_d': 0.03927259340973166, 'ign_k': 7.544827057709847, 'ign_c': 23.422386257929038, 'trop_agb_crit': 1.0693376406863295, 'trop_k_veg': 4.0068236274914755, 'fire_amp': 5.831305332032283}.
[I 2026-06-10 22:34:12,337] Trial 483 finished with values: [10.81704855485794, 10.81704855485794] and parameters: {'k1': 0.00010777889602079265, 'D_low': 43.2326421037033, 'k2': 4.933751600448335e-05, 'D_high': 949.9072859745386, 'fire_exp': 1.811096651915224, 'P_half': 277.00025557434554, 'pre_dampen_half': 37.40930273158252, 'gpp_af': 1.9654778690222015, 'gpp_b': 0.049565458633074926, 'gpp_d': 0.4742269251269962, 'ign_k': 0.371259104528773, 'ign_c': 16.497426799845446, 'trop_agb_crit': 21.380932890222198, 'trop_k_veg': 1.6003641872536711, 'fire_amp': 1.8357623383234334}.
[I 2026-06-10 22:34:13,892] Trial 484 finished with values: [10.1428209539743, 10.1428209539743] and parameters: {'k1': 0.00026539376439360527, 'D_low': 2396.0796124300746, 'k2': 1.5178052094448868e-05, 'D_high': 315.101491238403, 'fire_exp': 1.111738490499784, 'P_half': 1.4551749476072258, 'pre_dampen_half': 19.21689966904807, 'gpp_af': 3.298293484806585, 'gpp_b': 0.0004360709560327289, 'gpp_d': 95.2715755007094, 'ign_k': 0.09256855841989636, 'ign_c': 7.832259769732471, 'trop_agb_crit': 21.380932890222198, 'trop_k_veg': 1.6648666152166967, 'fire_amp': 2.042193818779288}.
[I 2026-06-10 22:34:15,305] Trial 485 finished with values: [14.014706805414086, 14.014706805414086] and parameters: {'k1': 0.0869690639641868, 'D_low': 171.2446447678494, 'k2': 0.0004976087827261435, 'D_high': 48235.58283024493, 'fire_exp': 1.0601964743503993, 'P_half': 277.00025557434554, 'pre_dampen_half': 269.0845367054866, 'gpp_af': 0.41874665092828456, 'gpp_b': 2.176805640408474e-05, 'gpp_d': 0.03927259340973166, 'ign_k': 0.17320535908244444, 'ign_c': 0.6235377135673155, 'trop_agb_crit': 12.647327018493208, 'trop_k_veg': 4.0068236274914755, 'fire_amp': 2.6192385880432525}.
[I 2026-06-10 22:34:16,766] Trial 486 finished with values: [10.288599747197022, 10.288599747197022] and parameters: {'k1': 0.00026539376439360527, 'D_low': 12.105387404469584, 'k2': 0.003767022142229395, 'D_high': 20103.283734409175, 'fire_exp': 1.1633452995374232, 'P_half': 19.987581927614485, 'pre_dampen_half': 98.05638874011484, 'gpp_af': 1.3954498518315706, 'gpp_b': 0.16285506249643175, 'gpp_d': 0.47379914349407487, 'ign_k': 0.09256855841989636, 'ign_c': 0.10435856341129002, 'trop_agb_crit': 1.0693376406863295, 'trop_k_veg': 1.600928934389327, 'fire_amp': 5.615047466686494}.
