[I 2026-08-19 14:52:47,039] Trial 492 finished with value: -0.4705939322870439 and parameters: {'k1': 0.00016111348270056992, 'D_low': 16289.461121675275, 'k2': 1.290551159648636e-05, 'D_high': 1538823.2552054208, 'fire_exp': 1.092796829034141, 'P_half': 199.73767386325076, 'pre_dampen_half': 0.030980532476110132, 'gpp_af': 0.1513186091623858, 'gpp_b': 0.00016030401509673604, 'gpp_d': 0.47140476318230423, 'ign_k': 0.349384091655328, 'ign_c': 2.0788166547224747, 'trop_agb_crit': 14.028021637897853, 'trop_k_veg': 4.332568818473412, 'pop_amp': 0.10799939681901957, 'pop_peak': 90.34546237223383, 'pop_sig': 0.43259070674324757, 'fuel_k': 0.39809716514215865, 'fuel_half': 0.1761020943964298}. Best is trial 421 with value: -0.6216386034937503.
[I 2026-08-19 14:52:50,206] Trial 493 finished with value: -0.34462285779916135 and parameters: {'k1': 3.401007927525066e-05, 'D_low': 47652.532689314365, 'k2': 1.8339136233400803e-05, 'D_high': 5380328.010066843, 'fire_exp': 1.8782965327139645, 'P_half': 4.760790146041501, 'pre_dampen_half': 0.4640943268939413, 'gpp_af': 0.008731395382033491, 'gpp_b': 3.751850532421727e-05, 'gpp_d': 1.01339986359429, 'ign_k': 9.725003420024692, 'ign_c': 33.839103087775605, 'trop_agb_crit': 16.63976712048882, 'trop_k_veg': 0.9630081124162734, 'pop_amp': 7.580934645820857, 'pop_peak': 51.86221265068044, 'pop_sig': 0.6072333487336059, 'fuel_k': 4.265899070564867, 'fuel_half': 0.7979050667487917}. Best is trial 421 with value: -0.6216386034937503.
[I 2026-08-19 14:52:53,776] Trial 494 finished with value: -0.4171059699277343 and parameters: {'k1': 0.00011364484005023758, 'D_low': 1561.651395676081, 'k2': 5.1404225263984615e-05, 'D_high': 5541061.451702976, 'fire_exp': 2.5480638682152015, 'P_half': 6513.380364522879, 'pre_dampen_half': 72.52842269352091, 'gpp_af': 0.008493614072278268, 'gpp_b': 5.421129558431231e-05, 'gpp_d': 0.4123230484660488, 'ign_k': 0.8188319452726692, 'ign_c': 9.054568945623547, 'trop_agb_crit': 9.36815991191883, 'trop_k_veg': 1.9012665260601402, 'pop_amp': 0.013423430336984331, 'pop_peak': 375.64693452637573, 'pop_sig': 0.5595120207997452, 'fuel_k': 3.4634955533189586, 'fuel_half': 2.1819859532990837}. Best is trial 421 with value: -0.6216386034937503.
  trial  495/2500  best_overall=0.6216  (28.8 min)
[I 2026-08-19 14:52:57,570] Trial 495 finished with value: -0.43191725197486247 and parameters: {'k1': 0.018762483390930063, 'D_low': 7.899682089683546, 'k2': 2.370647248467262e-05, 'D_high': 2185148.3861937984, 'fire_exp': 6.5096464114315395, 'P_half': 997.8647235866011, 'pre_dampen_half': 8.189283468953038, 'gpp_af': 0.008610985705638249, 'gpp_b': 4.602374633356691e-05, 'gpp_d': 5.2810680862215875, 'ign_k': 0.4918743218596548, 'ign_c': 0.43713611407023123, 'trop_agb_crit': 10.249280285428169, 'trop_k_veg': 3.3953265845585543, 'pop_amp': 9.453129028597953, 'pop_peak': 46.391486671202834, 'pop_sig': 0.27303384031310735, 'fuel_k': 0.1800421471814436, 'fuel_half': 2.789195545219136}. Best is trial 421 with value: -0.6216386034937503.
[I 2026-08-19 14:53:01,583] Trial 496 finished with value: -0.42332271021906936 and parameters: {'k1': 0.07866314362990161, 'D_low': 95.08538362935509, 'k2': 0.03637065110682795, 'D_high': 5290765.691038869, 'fire_exp': 3.3003867064318864, 'P_half': 185.9621548992806, 'pre_dampen_half': 0.463296648215381, 'gpp_af': 0.09776296014170749, 'gpp_b': 0.01033918535191492, 'gpp_d': 0.05811048035961241, 'ign_k': 0.18728348462367245, 'ign_c': 5.347844257946311, 'trop_agb_crit': 17.41814564346289, 'trop_k_veg': 7.547324181209194, 'pop_amp': 0.024859294913524895, 'pop_peak': 573.1946022171876, 'pop_sig': 0.32684572413003227, 'fuel_k': 0.39422066090350144, 'fuel_half': 0.2805749687490386}. Best is trial 421 with value: -0.6216386034937503.
[I 2026-08-19 14:53:07,616] Trial 497 finished with value: -0.511496831831224 and parameters: {'k1': 0.011591031406960156, 'D_low': 9326.579608402262, 'k2': 8.740898152202133e-05, 'D_high': 729388.0319826908, 'fire_exp': 4.020450748914078, 'P_half': 550.3401653124972, 'pre_dampen_half': 567.0437758111956, 'gpp_af': 0.01736436207121744, 'gpp_b': 4.25525969444895e-05, 'gpp_d': 0.5117529064985975, 'ign_k': 0.9246188429399821, 'ign_c': 21.920260583054258, 'trop_agb_crit': 1.437973796799684, 'trop_k_veg': 2.2876000036164084, 'pop_amp': 2.081457752094618, 'pop_peak': 8.507611003647096, 'pop_sig': 0.9425312477290014, 'fuel_k': 0.07007954619257653, 'fuel_half': 3.218610357686707}. Best is trial 421 with value: -0.6216386034937503.
[I 2026-08-19 14:53:11,485] Trial 498 finished with value: -0.46186819592812955 and parameters: {'k1': 0.00020592989639402703, 'D_low': 926.9026966940703, 'k2': 0.00017604060472150776, 'D_high': 1143591.8391789054, 'fire_exp': 6.868597841584265, 'P_half': 575.0462986460974, 'pre_dampen_half': 364.8766724655035, 'gpp_af': 0.005480277486512699, 'gpp_b': 1.882189626730973e-05, 'gpp_d': 1.3117246144601904, 'ign_k': 0.19874647667570602, 'ign_c': 0.14861251512373355, 'trop_agb_crit': 18.337878579136426, 'trop_k_veg': 5.135642180883202, 'pop_amp': 1.9349480921461453, 'pop_peak': 114.53896131501985, 'pop_sig': 1.3981481789344847, 'fuel_k': 0.44713564831401026, 'fuel_half': 0.11984947983119028}. Best is trial 421 with value: -0.6216386034937503.
[I 2026-08-19 14:53:15,377] Trial 499 finished with value: -0.40078148986325673 and parameters: {'k1': 0.00014005990837123432, 'D_low': 1.3002734014881618, 'k2': 0.00028794400071792983, 'D_high': 9507.532482712819, 'fire_exp': 9.50017592288417, 'P_half': 43.88056742561525, 'pre_dampen_half': 467.3930647059608, 'gpp_af': 0.0021453020934281437, 'gpp_b': 2.999247950713969e-05, 'gpp_d': 7.299181475020852, 'ign_k': 2.1646342035203268, 'ign_c': 1.11766649188788, 'trop_agb_crit': 18.143364631805593, 'trop_k_veg': 2.357836656597381, 'pop_amp': 10.98820163388969, 'pop_peak': 34.50588114558553, 'pop_sig': 1.5152074856578805, 'fuel_k': 2.1923577945643014, 'fuel_half': 0.99385756838555}. Best is trial 421 with value: -0.6216386034937503.
  trial  500/2500  best_overall=0.6216  (29.2 min)
[I 2026-08-19 14:53:19,316] Trial 500 finished with value: -0.5154682428819795 and parameters: {'k1': 0.0036818617312247334, 'D_low': 30.107016206816272, 'k2': 0.00019653706283390018, 'D_high': 48362.52878634089, 'fire_exp': 1.24270111101908, 'P_half': 1.452302776056519, 'pre_dampen_half': 0.028175549048518562, 'gpp_af': 0.16578478281497644, 'gpp_b': 2.5860190945358415e-05, 'gpp_d': 28.378024845801615, 'ign_k': 0.5883892613603877, 'ign_c': 0.44939354736375864, 'trop_agb_crit': 23.4546639950579, 'trop_k_veg': 5.186039094955924, 'pop_amp': 2.306313577201644, 'pop_peak': 134.26988935119647, 'pop_sig': 0.2952233169130797, 'fuel_k': 1.3762987123263122, 'fuel_half': 2.4081881172759285}. Best is trial 421 with value: -0.6216386034937503.
[I 2026-08-19 14:53:24,239] Trial 501 finished with value: -0.47250824762955396 and parameters: {'k1': 6.690472934793043e-05, 'D_low': 250.1932580442038, 'k2': 1.0297906614377952e-05, 'D_high': 7957699.016335257, 'fire_exp': 1.6712457726865377, 'P_half': 606.5582095393648, 'pre_dampen_half': 11.32989896812635, 'gpp_af': 0.0011382151445052304, 'gpp_b': 0.00042541237878267586, 'gpp_d': 6.3027176672406835, 'ign_k': 0.5026852771164729, 'ign_c': 3.774088803033788, 'trop_agb_crit': 9.450084626916716, 'trop_k_veg': 2.443572959188876, 'pop_amp': 0.39769119495605176, 'pop_peak': 0.34988328908948135, 'pop_sig': 1.328749810820257, 'fuel_k': 0.04307855090321458, 'fuel_half': 1.5641765672451156}. Best is trial 421 with value: -0.6216386034937503.
[I 2026-08-19 14:53:27,887] Trial 502 finished with value: -0.5059009343861184 and parameters: {'k1': 0.0040027058690830985, 'D_low': 2989.600413462597, 'k2': 1.382206940041113e-05, 'D_high': 2007786.1555025063, 'fire_exp': 3.3580983441293095, 'P_half': 673.3309846558428, 'pre_dampen_half': 37.03659565433503, 'gpp_af': 0.011432803428569326, 'gpp_b': 4.9428147011718786e-05, 'gpp_d': 0.32897817628928155, 'ign_k': 0.17344553139899885, 'ign_c': 0.24966950922421496, 'trop_agb_crit': 6.329217492464832, 'trop_k_veg': 5.142331775333515, 'pop_amp': 1.1517965179929088, 'pop_peak': 246.84599878393604, 'pop_sig': 1.3978150712042066, 'fuel_k': 0.11021850706895715, 'fuel_half': 71.99573962399694}. Best is trial 421 with value: -0.6216386034937503.
[I 2026-08-19 14:53:31,418] Trial 503 finished with value: -0.5679380228091123 and parameters: {'k1': 0.0014403232535976076, 'D_low': 337.67065794314817, 'k2': 0.03068459389638736, 'D_high': 121710.70853313984, 'fire_exp': 1.5541852301402175, 'P_half': 21.545846838285463, 'pre_dampen_half': 11.292239626007676, 'gpp_af': 0.5057392513167345, 'gpp_b': 0.003618992757607101, 'gpp_d': 4.500598126145432, 'ign_k': 0.0017481950462375825, 'ign_c': 571.5857598694256, 'trop_agb_crit': 4.5107435947895125, 'trop_k_veg': 3.8201972635681947, 'pop_amp': 3.7353358277543753, 'pop_peak': 8.595744529943794, 'pop_sig': 0.8490538050689661, 'fuel_k': 0.43418066180293735, 'fuel_half': 0.2214447582038397}. Best is trial 421 with value: -0.6216386034937503.
[I 2026-08-19 14:53:34,225] Trial 504 finished with value: -0.4767548590875405 and parameters: {'k1': 0.0004691268363983917, 'D_low': 165.16195006306833, 'k2': 8.593813138751548e-05, 'D_high': 1239653.8739302442, 'fire_exp': 1.4520099484000741, 'P_half': 48.27787396580942, 'pre_dampen_half': 0.7716451701773859, 'gpp_af': 3.700521813319114, 'gpp_b': 1.697675526109421e-05, 'gpp_d': 0.1217057339376838, 'ign_k': 6.649293709781313, 'ign_c': 2.0057724983748706, 'trop_agb_crit': 11.22345359532321, 'trop_k_veg': 3.6073938476158482, 'pop_amp': 0.12579746945417722, 'pop_peak': 6.416263283016118, 'pop_sig': 1.204053889247686, 'fuel_k': 0.11315521208591674, 'fuel_half': 0.6927944255708556}. Best is trial 421 with value: -0.6216386034937503.
[I 2026-08-19 14:53:37,656] Trial 505 finished with value: -0.3554625854118624 and parameters: {'k1': 0.00010785067685449455, 'D_low': 4014.4418501703567, 'k2': 3.731098208642735e-05, 'D_high': 39636.664676532535, 'fire_exp': 1.6323735200361904, 'P_half': 254.19930074358632, 'pre_dampen_half': 1.9179698516157018, 'gpp_af': 0.002288600348772594, 'gpp_b': 3.115746628887282e-05, 'gpp_d': 1.5074571025168837, 'ign_k': 3.1261565808750147, 'ign_c': 48.362103990051224, 'trop_agb_crit': 3.5681550979638073, 'trop_k_veg': 1.9616384837614473, 'pop_amp': 0.26211951354527985, 'pop_peak': 0.10582143889779794, 'pop_sig': 2.0733636076738353, 'fuel_k': 0.5532525585602497, 'fuel_half': 0.2168509641668804}. Best is trial 421 with value: -0.6216386034937503.
  trial  506/2500  best_overall=0.6216  (29.6 min)
[I 2026-08-19 14:53:41,059] Trial 506 finished with value: -0.5648352879566556 and parameters: {'k1': 3.0913740070485465e-05, 'D_low': 894.6557075193876, 'k2': 8.855181468177953e-05, 'D_high': 6179942.080270437, 'fire_exp': 1.5294681670427357, 'P_half': 84.16923598242515, 'pre_dampen_half': 209.63635422685135, 'gpp_af': 0.051001314297656246, 'gpp_b': 1.3076844493813002e-05, 'gpp_d': 0.9712182991117272, 'ign_k': 2.256854757204287, 'ign_c': 2.831608313151314, 'trop_agb_crit': 15.373672360878398, 'trop_k_veg': 0.8994685488395162, 'pop_amp': 0.00522533605921777, 'pop_peak': 19.324776359180905, 'pop_sig': 0.34466403889895225, 'fuel_k': 0.40640150008865655, 'fuel_half': 2.2713412311921464}. Best is trial 421 with value: -0.6216386034937503.
[I 2026-08-19 14:53:43,732] Trial 507 finished with value: -0.5277994451305072 and parameters: {'k1': 7.420020362659574e-05, 'D_low': 49.21964577128156, 'k2': 0.0004382230072760529, 'D_high': 30551.752682051036, 'fire_exp': 1.3233289185069865, 'P_half': 7.867844488040703, 'pre_dampen_half': 0.830517797162872, 'gpp_af': 0.08025014750639853, 'gpp_b': 0.00013919462382279896, 'gpp_d': 87.99914079611294, 'ign_k': 7.383948046520106, 'ign_c': 2.0905545244489447, 'trop_agb_crit': 5.9994874366269615, 'trop_k_veg': 7.708613700118017, 'pop_amp': 2.286970265540744, 'pop_peak': 182.34234642268154, 'pop_sig': 0.43685056430481406, 'fuel_k': 0.5842243144230118, 'fuel_half': 6.885228766225545}. Best is trial 421 with value: -0.6216386034937503.
[I 2026-08-19 14:53:46,442] Trial 508 finished with value: -0.3554625854118624 and parameters: {'k1': 1.071178380533246e-05, 'D_low': 243422.499833829, 'k2': 3.2099286712470184e-05, 'D_high': 1011288.143823595, 'fire_exp': 1.6062701842512455, 'P_half': 11.79961450071812, 'pre_dampen_half': 0.8989083151322287, 'gpp_af': 0.0032677815041844307, 'gpp_b': 0.00040095784418304586, 'gpp_d': 0.32639153039319885, 'ign_k': 9.719248812161183, 'ign_c': 77.24848079837217, 'trop_agb_crit': 13.00581277885645, 'trop_k_veg': 0.9315190890031009, 'pop_amp': 0.4390925754741352, 'pop_peak': 70.02863815711041, 'pop_sig': 2.0746451299202624, 'fuel_k': 0.6530696987017558, 'fuel_half': 0.10394460368065794}. Best is trial 421 with value: -0.6216386034937503.
[I 2026-08-19 14:53:49,024] Trial 509 finished with value: -0.5823089448099925 and parameters: {'k1': 5.1597456554216566e-05, 'D_low': 2752.351066629604, 'k2': 1.101181835055347e-05, 'D_high': 1054636.7412535124, 'fire_exp': 1.2828337813035966, 'P_half': 485.27539165699295, 'pre_dampen_half': 5.522349801093677, 'gpp_af': 0.001906929772134798, 'gpp_b': 1.8111627311054454e-05, 'gpp_d': 1.7180945343603826, 'ign_k': 9.943588781845195, 'ign_c': 6.380445592053128, 'trop_agb_crit': 24.42986973828022, 'trop_k_veg': 1.3485268649545956, 'pop_amp': 0.2828124656950146, 'pop_peak': 0.2792090077012249, 'pop_sig': 1.124517535444495, 'fuel_k': 0.34877157978720624, 'fuel_half': 0.11576664392432028}. Best is trial 421 with value: -0.6216386034937503.
[I 2026-08-19 14:53:51,825] Trial 510 finished with value: -0.48487250275949456 and parameters: {'k1': 0.0015528669705883516, 'D_low': 143.56821904796962, 'k2': 0.010315308883534883, 'D_high': 25198.567608768528, 'fire_exp': 1.4845910291369526, 'P_half': 2.3025307250044627, 'pre_dampen_half': 10.894682933436405, 'gpp_af': 0.153677745614417, 'gpp_b': 0.005192377808517129, 'gpp_d': 209.39350637015428, 'ign_k': 0.004203110381344293, 'ign_c': 185.5225210813975, 'trop_agb_crit': 2.8085013793218723, 'trop_k_veg': 5.952758454419299, 'pop_amp': 0.8071685526166308, 'pop_peak': 30.852809596045155, 'pop_sig': 0.3928142569803264, 'fuel_k': 1.2492612943767263, 'fuel_half': 0.9647982972633098}. Best is trial 421 with value: -0.6216386034937503.
[I 2026-08-19 14:53:54,884] Trial 511 finished with value: -0.550313212085445 and parameters: {'k1': 0.0004934320239628476, 'D_low': 79.23043258624178, 'k2': 0.0055942160872175075, 'D_high': 3169782.0470214174, 'fire_exp': 1.7580757299452519, 'P_half': 3.6024897602723085, 'pre_dampen_half': 9.02452251772797, 'gpp_af': 0.0359688259416895, 'gpp_b': 0.001961753692850656, 'gpp_d': 76.34694197525008, 'ign_k': 0.0011365049976770072, 'ign_c': 202.5391814153425, 'trop_agb_crit': 4.351552744724888, 'trop_k_veg': 3.650161919910066, 'pop_amp': 1.9032076557247994, 'pop_peak': 11.241420507029051, 'pop_sig': 0.5106063572051104, 'fuel_k': 0.7570719088063829, 'fuel_half': 6.285126155152867}. Best is trial 421 with value: -0.6216386034937503.
[I 2026-08-19 14:53:57,886] Trial 512 finished with value: -0.3977923178247126 and parameters: {'k1': 1.4865856861014094e-05, 'D_low': 1615.5256681136777, 'k2': 2.0400424628112296e-05, 'D_high': 18934.362878982494, 'fire_exp': 7.576168644931753, 'P_half': 54.36383787560267, 'pre_dampen_half': 101.03401681672479, 'gpp_af': 0.6224572749666717, 'gpp_b': 0.003593786724244488, 'gpp_d': 1.89335820914585, 'ign_k': 0.06049350799925827, 'ign_c': 0.16218531068405098, 'trop_agb_crit': 17.064537404087627, 'trop_k_veg': 7.122678822867396, 'pop_amp': 15.314672230256315, 'pop_peak': 2.4824255519850404, 'pop_sig': 2.4403665039935465, 'fuel_k': 3.616285035861438, 'fuel_half': 0.3755812784801229}. Best is trial 421 with value: -0.6216386034937503.
[I 2026-08-19 14:54:00,926] Trial 513 finished with value: -0.4337427959877805 and parameters: {'k1': 0.007301410372594897, 'D_low': 116.32286063944973, 'k2': 1.0705467293567477e-05, 'D_high': 439206.8599831107, 'fire_exp': 1.2153891293868753, 'P_half': 5.702039166178219, 'pre_dampen_half': 0.011118094377277257, 'gpp_af': 0.006135433162496139, 'gpp_b': 0.00019958449293560316, 'gpp_d': 15.496573180761846, 'ign_k': 0.021505132419049937, 'ign_c': 5.255007654430101, 'trop_agb_crit': 7.553364139035128, 'trop_k_veg': 3.8378446898850425, 'pop_amp': 0.0011757274769094855, 'pop_peak': 0.2791857433877048, 'pop_sig': 0.8495291993189946, 'fuel_k': 0.011791913044436006, 'fuel_half': 0.3520235735715739}. Best is trial 421 with value: -0.6216386034937503.
  trial  514/2500  best_overall=0.6216  (30.0 min)
[I 2026-08-19 14:54:04,080] Trial 514 finished with value: -0.3195155202600581 and parameters: {'k1': 0.0014268711643419356, 'D_low': 494.6971082763044, 'k2': 0.0007040585786737397, 'D_high': 360859.94770626625, 'fire_exp': 3.0432193629287885, 'P_half': 534.6803967433088, 'pre_dampen_half': 634.3897900054199, 'gpp_af': 0.00392852487457042, 'gpp_b': 3.124845797009067e-05, 'gpp_d': 3.7396708369132594, 'ign_k': 0.35688592839166433, 'ign_c': 0.42492335630568506, 'trop_agb_crit': 28.4816354611439, 'trop_k_veg': 2.603076309929797, 'pop_amp': 14.641202728989816, 'pop_peak': 76.16135281280772, 'pop_sig': 1.067153916769313, 'fuel_k': 0.6797410714882797, 'fuel_half': 33.583865211336835}. Best is trial 421 with value: -0.6216386034937503.
[I 2026-08-19 14:54:06,957] Trial 515 finished with value: -0.3554625854118624 and parameters: {'k1': 0.00013385199930100532, 'D_low': 41.68978185583143, 'k2': 3.624622914852068e-05, 'D_high': 2947331.8644876364, 'fire_exp': 1.5654405572306147, 'P_half': 18.7468389820061, 'pre_dampen_half': 0.10509499052341194, 'gpp_af': 0.06119468792628251, 'gpp_b': 0.01232513469995314, 'gpp_d': 3.10682471943525, 'ign_k': 1.242764258299121, 'ign_c': 84.61589187229094, 'trop_agb_crit': 5.448990032154145, 'trop_k_veg': 6.077419258821895, 'pop_amp': 0.1118735759399149, 'pop_peak': 65.07838789334203, 'pop_sig': 0.25037833338259996, 'fuel_k': 1.2070034800828353, 'fuel_half': 0.15682932722583118}. Best is trial 421 with value: -0.6216386034937503.
[I 2026-08-19 14:54:09,444] Trial 516 finished with value: -0.49015302758081714 and parameters: {'k1': 0.00492220541864894, 'D_low': 12893.745899183905, 'k2': 0.0002103775125391206, 'D_high': 9198643.389268002, 'fire_exp': 1.8477888207720612, 'P_half': 1434.442957095081, 'pre_dampen_half': 20.216012863346336, 'gpp_af': 0.18064721152760502, 'gpp_b': 7.728333408687183e-05, 'gpp_d': 49.599117900970136, 'ign_k': 1.7349065598510378, 'ign_c': 3.643259985350308, 'trop_agb_crit': 12.737818915124501, 'trop_k_veg': 2.105757689820767, 'pop_amp': 0.00335777946581648, 'pop_peak': 5.061370085161679, 'pop_sig': 0.7849556504916025, 'fuel_k': 1.350988176999297, 'fuel_half': 0.20066675458820624}. Best is trial 421 with value: -0.6216386034937503.
[I 2026-08-19 14:54:12,364] Trial 517 finished with value: -0.5377289383553967 and parameters: {'k1': 0.0016880265553270023, 'D_low': 8960.299826166296, 'k2': 0.0006343623670068497, 'D_high': 53226.626547304084, 'fire_exp': 2.6121888280284855, 'P_half': 43.64801501358482, 'pre_dampen_half': 43.18285940031038, 'gpp_af': 0.001252764011712267, 'gpp_b': 0.0005066644022628875, 'gpp_d': 2.105332448331009, 'ign_k': 0.496856005001752, 'ign_c': 3.2381636019289513, 'trop_agb_crit': 3.389236052546629, 'trop_k_veg': 1.1695151686828738, 'pop_amp': 2.368523511910362, 'pop_peak': 60.94277481703413, 'pop_sig': 1.1939970423623723, 'fuel_k': 0.12691546113362542, 'fuel_half': 17.718323424414248}. Best is trial 421 with value: -0.6216386034937503.
[I 2026-08-19 14:54:15,221] Trial 518 finished with value: -0.43685450490060573 and parameters: {'k1': 1.7147140474026204e-05, 'D_low': 1155.415732127763, 'k2': 1.8544482454733964e-05, 'D_high': 2658753.979855652, 'fire_exp': 1.6963534981846713, 'P_half': 7.540123783968476, 'pre_dampen_half': 50.66987205894094, 'gpp_af': 0.11967638860358092, 'gpp_b': 0.0018015183288194129, 'gpp_d': 1.256578278008622, 'ign_k': 0.21816734186601033, 'ign_c': 28.877548614305287, 'trop_agb_crit': 9.63600672100269, 'trop_k_veg': 6.792252077081893, 'pop_amp': 0.025624121052885848, 'pop_peak': 42.81372128765626, 'pop_sig': 0.3352633893852128, 'fuel_k': 0.5502912992164485, 'fuel_half': 0.8583487413961437}. Best is trial 421 with value: -0.6216386034937503.
[I 2026-08-19 14:54:18,629] Trial 519 finished with value: -0.4232260098411783 and parameters: {'k1': 3.237035169035592e-05, 'D_low': 190998.82766773237, 'k2': 0.0001761570973772268, 'D_high': 229455.702368664, 'fire_exp': 1.5784788823718132, 'P_half': 8.791466327662498, 'pre_dampen_half': 0.04895373947913653, 'gpp_af': 0.0028603586316193474, 'gpp_b': 2.392101646258947e-05, 'gpp_d': 0.41030191344105804, 'ign_k': 6.896307684683415, 'ign_c': 2.22410491892058, 'trop_agb_crit': 22.233921355991335, 'trop_k_veg': 0.5532184777501353, 'pop_amp': 3.591447530679274, 'pop_peak': 0.4992021699349375, 'pop_sig': 1.8682372234293887, 'fuel_k': 0.8112907276631353, 'fuel_half': 0.1464217013025608}. Best is trial 421 with value: -0.6216386034937503.
[I 2026-08-19 14:54:21,481] Trial 520 finished with value: -0.5102486028540053 and parameters: {'k1': 0.0004820855371527259, 'D_low': 53771.26615039003, 'k2': 1.1338317985305619e-05, 'D_high': 528642.5063517004, 'fire_exp': 1.866158352233209, 'P_half': 53.804125335460526, 'pre_dampen_half': 499.7799954173582, 'gpp_af': 0.005087118672826646, 'gpp_b': 5.330245250217059e-05, 'gpp_d': 39.22588248745775, 'ign_k': 2.1557241288835556, 'ign_c': 2.9705555324131825, 'trop_agb_crit': 24.908014557605778, 'trop_k_veg': 3.298310978651601, 'pop_amp': 0.0023904155333251387, 'pop_peak': 78.53627531939624, 'pop_sig': 0.4898812567080625, 'fuel_k': 0.06389198808987034, 'fuel_half': 0.8275810935401499}. Best is trial 421 with value: -0.6216386034937503.
  trial  521/2500  best_overall=0.6216  (30.3 min)
