[I 2026-08-19 15:45:06,323] Trial 1391 finished with value: -0.48217994247306334 and parameters: {'k1': 0.002216754311075008, 'D_low': 153.7997372620246, 'k2': 0.0010462641692668769, 'D_high': 175614.5341786882, 'fire_exp': 1.2398469315150766, 'P_half': 14.697031373413852, 'pre_dampen_half': 3.179412633820757, 'gpp_af': 22.081138969068117, 'gpp_b': 1.2292326784157732, 'gpp_d': 125.18507647438827, 'ign_k': 0.5329300160401202, 'ign_c': 0.18810366317994903, 'trop_agb_crit': 24.620741669374137, 'trop_k_veg': 6.1595382680755115, 'pop_amp': 1.2625590332823415, 'pop_peak': 20.260555154573513, 'pop_sig': 0.4531365310677284, 'fuel_k': 0.9166882132941326, 'fuel_half': 0.13483151584798386}. Best is trial 421 with value: -0.6216386034937503.
  trial 1392/2500  best_overall=0.6216  (81.0 min)
[I 2026-08-19 15:45:10,835] Trial 1392 finished with value: -0.3554625854118624 and parameters: {'k1': 3.787911298851132e-05, 'D_low': 7553.074186864945, 'k2': 2.049610183237932e-05, 'D_high': 6909865.267430794, 'fire_exp': 1.9887718399773355, 'P_half': 524.3273708279987, 'pre_dampen_half': 0.29013033800796806, 'gpp_af': 0.0016179544325525864, 'gpp_b': 0.00013023246996662544, 'gpp_d': 0.07361350605921375, 'ign_k': 9.020557502399472, 'ign_c': 41.126356430771146, 'trop_agb_crit': 11.6557965246068, 'trop_k_veg': 1.8165377464438275, 'pop_amp': 4.399124301573737, 'pop_peak': 0.651095588306303, 'pop_sig': 2.0143447508555217, 'fuel_k': 0.2613214260332073, 'fuel_half': 0.1760051459961931}. Best is trial 421 with value: -0.6216386034937503.
[I 2026-08-19 15:45:14,902] Trial 1393 finished with value: -0.45758950293813505 and parameters: {'k1': 1.1561339809308984e-05, 'D_low': 47492.49281438887, 'k2': 3.2211712814216094e-05, 'D_high': 4120188.8032342107, 'fire_exp': 1.3245269380470375, 'P_half': 861.4907304733833, 'pre_dampen_half': 1.3717410172565863, 'gpp_af': 0.012810989620166226, 'gpp_b': 0.0004751367538861374, 'gpp_d': 1.7313498157863694, 'ign_k': 5.765536984141745, 'ign_c': 21.531898930323322, 'trop_agb_crit': 27.789894701079138, 'trop_k_veg': 0.5874094829643605, 'pop_amp': 0.9600652027122761, 'pop_peak': 46.97698752708022, 'pop_sig': 1.4837664205856878, 'fuel_k': 0.16384864959358034, 'fuel_half': 0.23045362152584983}. Best is trial 421 with value: -0.6216386034937503.
[I 2026-08-19 15:45:18,609] Trial 1394 finished with value: -0.4768542250391574 and parameters: {'k1': 0.008599059415018961, 'D_low': 302.04262057444413, 'k2': 0.003932902932594668, 'D_high': 122138.56632359771, 'fire_exp': 7.300877610251556, 'P_half': 322.6131431639903, 'pre_dampen_half': 37.37473334147608, 'gpp_af': 0.008356790029133589, 'gpp_b': 1.65690025231129e-05, 'gpp_d': 235.16104764301275, 'ign_k': 1.8100168376662145, 'ign_c': 3.8774431312059217, 'trop_agb_crit': 7.649422676025745, 'trop_k_veg': 4.544744464807065, 'pop_amp': 0.0010464894871027425, 'pop_peak': 0.30633030964163827, 'pop_sig': 1.1657362051715165, 'fuel_k': 1.4614392323920216, 'fuel_half': 0.9405574983493538}. Best is trial 421 with value: -0.6216386034937503.
[I 2026-08-19 15:45:22,965] Trial 1395 finished with value: -0.4367520127585429 and parameters: {'k1': 0.009723737108430799, 'D_low': 740.546738823379, 'k2': 0.015225584175239348, 'D_high': 2435822.6104862816, 'fire_exp': 1.5704081638041363, 'P_half': 310.4675907930894, 'pre_dampen_half': 27.122108999393056, 'gpp_af': 0.004389106592247942, 'gpp_b': 1.0765321865705574e-05, 'gpp_d': 0.0849574088458249, 'ign_k': 0.9591767064159264, 'ign_c': 0.5130047494237824, 'trop_agb_crit': 24.612099431613974, 'trop_k_veg': 1.4688270558882477, 'pop_amp': 3.068739164818788, 'pop_peak': 5.605051041591316, 'pop_sig': 0.26415479956478893, 'fuel_k': 1.6259696514699074, 'fuel_half': 0.7778519495190728}. Best is trial 421 with value: -0.6216386034937503.
[I 2026-08-19 15:45:27,217] Trial 1396 finished with value: -0.5879349140470354 and parameters: {'k1': 0.013272084104392103, 'D_low': 4.7497223467237575, 'k2': 1.2696351933668434e-05, 'D_high': 921656.122237228, 'fire_exp': 1.1817388968304847, 'P_half': 22.013008103006626, 'pre_dampen_half': 0.7345776821800731, 'gpp_af': 0.02770739634531349, 'gpp_b': 1.891615328223255e-05, 'gpp_d': 1.8995549108958505, 'ign_k': 1.158703586841869, 'ign_c': 8.027171948726345, 'trop_agb_crit': 5.496490254404472, 'trop_k_veg': 0.8863521937941177, 'pop_amp': 0.023658024216945534, 'pop_peak': 7.06722849767733, 'pop_sig': 2.050020842779581, 'fuel_k': 0.04255342931012933, 'fuel_half': 0.5304975702409389}. Best is trial 421 with value: -0.6216386034937503.
[I 2026-08-19 15:45:31,039] Trial 1397 finished with value: -0.3969309737604556 and parameters: {'k1': 0.036245927097993735, 'D_low': 282.9768872560843, 'k2': 4.091155922054108e-05, 'D_high': 18347.160446452188, 'fire_exp': 3.5823784422009237, 'P_half': 2495.7504015493373, 'pre_dampen_half': 233.61833931874548, 'gpp_af': 0.001152894185008864, 'gpp_b': 2.060272353717926e-05, 'gpp_d': 22.760325459808076, 'ign_k': 0.053382223276690365, 'ign_c': 0.3873167247208058, 'trop_agb_crit': 22.653103295174194, 'trop_k_veg': 4.339353993770294, 'pop_amp': 8.177177367898508, 'pop_peak': 21.40229872833636, 'pop_sig': 0.3069206522450538, 'fuel_k': 0.5047619963463125, 'fuel_half': 14.976230365219868}. Best is trial 421 with value: -0.6216386034937503.
  trial 1398/2500  best_overall=0.6216  (81.5 min)
[I 2026-08-19 15:45:36,357] Trial 1398 finished with value: -0.4383165460655068 and parameters: {'k1': 0.0019648762677233326, 'D_low': 4107.783199562248, 'k2': 0.016276776748104734, 'D_high': 1086373.5903026972, 'fire_exp': 2.0232393359277374, 'P_half': 116.21805762398182, 'pre_dampen_half': 0.5501910203635569, 'gpp_af': 0.0012280930443048042, 'gpp_b': 0.0001359710831629514, 'gpp_d': 0.06025129291682631, 'ign_k': 0.027092824943450736, 'ign_c': 0.5413575963246441, 'trop_agb_crit': 25.344084522859124, 'trop_k_veg': 1.5714792830279485, 'pop_amp': 0.05876637080958318, 'pop_peak': 30.970158929374872, 'pop_sig': 0.32471793650753183, 'fuel_k': 0.85471317913781, 'fuel_half': 2.106819117194841}. Best is trial 421 with value: -0.6216386034937503.
[I 2026-08-19 15:45:40,803] Trial 1399 finished with value: -0.564676285982547 and parameters: {'k1': 0.0006780056218191671, 'D_low': 544.47828374947, 'k2': 1.7656262247965096e-05, 'D_high': 8467062.585537728, 'fire_exp': 4.9742356925893185, 'P_half': 65.66701740938932, 'pre_dampen_half': 60.74404607339687, 'gpp_af': 0.036550592874348434, 'gpp_b': 0.00010455316564561548, 'gpp_d': 0.43043743654856886, 'ign_k': 1.4148475882090028, 'ign_c': 0.8931718577120187, 'trop_agb_crit': 7.948607949837475, 'trop_k_veg': 4.1286825642614655, 'pop_amp': 1.273106394317662, 'pop_peak': 138.95981638845828, 'pop_sig': 0.7215608939144461, 'fuel_k': 0.1114237987687953, 'fuel_half': 2.9301422432614186}. Best is trial 421 with value: -0.6216386034937503.
[I 2026-08-19 15:45:43,811] Trial 1400 finished with value: -0.47609668008514144 and parameters: {'k1': 0.021400017983423923, 'D_low': 1270.0986037716582, 'k2': 0.0016072281422617166, 'D_high': 6646965.02741483, 'fire_exp': 7.449673112385874, 'P_half': 307.6503546665453, 'pre_dampen_half': 6.571166673294877, 'gpp_af': 0.4925534027106641, 'gpp_b': 1.1079399793171836e-05, 'gpp_d': 331.41469934103634, 'ign_k': 0.9345697173504773, 'ign_c': 15.652636864062087, 'trop_agb_crit': 7.100675401817775, 'trop_k_veg': 4.762180879799586, 'pop_amp': 0.0031373343743125075, 'pop_peak': 321.1429013617808, 'pop_sig': 1.3883011492077966, 'fuel_k': 2.6304445647800545, 'fuel_half': 0.2773741652854206}. Best is trial 421 with value: -0.6216386034937503.
[I 2026-08-19 15:45:46,842] Trial 1401 finished with value: -0.39232386209655756 and parameters: {'k1': 0.00044247198101569625, 'D_low': 368.54420135865337, 'k2': 0.0018243756012963467, 'D_high': 534318.8714448406, 'fire_exp': 1.5351775404336345, 'P_half': 2.2828534971108576, 'pre_dampen_half': 0.028400887891644674, 'gpp_af': 96.22668415831377, 'gpp_b': 0.16726551180153126, 'gpp_d': 2.64328546285876, 'ign_k': 0.003450502124832595, 'ign_c': 1.0945482021987103, 'trop_agb_crit': 26.447448011377755, 'trop_k_veg': 4.369798497506308, 'pop_amp': 0.7672330106874663, 'pop_peak': 4.497507729000379, 'pop_sig': 0.3430199502548063, 'fuel_k': 0.1462386379397332, 'fuel_half': 0.4003398399372243}. Best is trial 421 with value: -0.6216386034937503.
[I 2026-08-19 15:45:51,225] Trial 1402 finished with value: -0.5733112126929935 and parameters: {'k1': 0.0012559057387395746, 'D_low': 1342.2155027400497, 'k2': 0.09104989185867349, 'D_high': 6371327.589591085, 'fire_exp': 1.365317633723364, 'P_half': 880.9530830832117, 'pre_dampen_half': 5.912565098072492, 'gpp_af': 1.0853741357491022, 'gpp_b': 0.00041519936969916776, 'gpp_d': 2.0857512310723014, 'ign_k': 0.022430776504059956, 'ign_c': 6.424811613385282, 'trop_agb_crit': 9.876427063118662, 'trop_k_veg': 4.858212599750624, 'pop_amp': 0.0029920227354858176, 'pop_peak': 5.094498807236665, 'pop_sig': 1.0619167198888089, 'fuel_k': 5.179118113103282, 'fuel_half': 0.18856475150071178}. Best is trial 421 with value: -0.6216386034937503.
[I 2026-08-19 15:45:57,390] Trial 1403 finished with value: -0.53943997429195 and parameters: {'k1': 0.0001970484934542845, 'D_low': 146.20291795523895, 'k2': 0.00013669869535322713, 'D_high': 1690765.2821647357, 'fire_exp': 1.0131520955546265, 'P_half': 7.742289874170101, 'pre_dampen_half': 23.865997285166305, 'gpp_af': 0.01671559770361011, 'gpp_b': 0.00037833574112372233, 'gpp_d': 0.5848620717782114, 'ign_k': 7.2454130657189335, 'ign_c': 2.6801575066684773, 'trop_agb_crit': 4.6988143313668855, 'trop_k_veg': 1.8759548456493058, 'pop_amp': 0.009313707891544575, 'pop_peak': 1.131483268815698, 'pop_sig': 2.370204553108895, 'fuel_k': 0.12381875526101412, 'fuel_half': 0.45875741553857263}. Best is trial 421 with value: -0.6216386034937503.
  trial 1404/2500  best_overall=0.6216  (81.9 min)
[I 2026-08-19 15:46:10,225] Trial 1404 finished with value: -0.4113420939172345 and parameters: {'k1': 0.0002597878141006741, 'D_low': 11166.573224026255, 'k2': 6.165581387923787e-05, 'D_high': 8893598.92387068, 'fire_exp': 2.8968186137329917, 'P_half': 241.82543288078872, 'pre_dampen_half': 55.29369582647358, 'gpp_af': 0.002647203797869878, 'gpp_b': 6.668908011165444e-05, 'gpp_d': 13.620961560431828, 'ign_k': 1.696812871630823, 'ign_c': 2.1756738685799015, 'trop_agb_crit': 10.88456568061906, 'trop_k_veg': 6.218777578859679, 'pop_amp': 7.126409460671397, 'pop_peak': 16.598899175046633, 'pop_sig': 1.4939253433106046, 'fuel_k': 0.07225895987663007, 'fuel_half': 1.711342754160744}. Best is trial 421 with value: -0.6216386034937503.
[I 2026-08-19 15:46:16,975] Trial 1405 finished with value: -0.6028315586791554 and parameters: {'k1': 0.00011667344013579726, 'D_low': 1.0206510864537244, 'k2': 8.465191052514653e-05, 'D_high': 6358655.742246715, 'fire_exp': 1.2742079217857547, 'P_half': 1.206236298041426, 'pre_dampen_half': 3.665179032683319, 'gpp_af': 0.7943012780139361, 'gpp_b': 0.00010038826959901159, 'gpp_d': 610.0797260520026, 'ign_k': 0.28000757032606804, 'ign_c': 19.817023309039598, 'trop_agb_crit': 16.269471969866103, 'trop_k_veg': 5.548827591567304, 'pop_amp': 0.09181875155632838, 'pop_peak': 0.14649534252994603, 'pop_sig': 0.38723350199670437, 'fuel_k': 2.977925794404417, 'fuel_half': 2.0465581733201175}. Best is trial 421 with value: -0.6216386034937503.
[I 2026-08-19 15:46:21,432] Trial 1406 finished with value: -0.4955379153563381 and parameters: {'k1': 1.4719681499823004e-05, 'D_low': 104768.25846751816, 'k2': 0.004772569244873024, 'D_high': 4906103.425732172, 'fire_exp': 1.1067017116001148, 'P_half': 411.24720303588066, 'pre_dampen_half': 25.365291636186868, 'gpp_af': 0.003508450066512519, 'gpp_b': 0.00015258474220555812, 'gpp_d': 2.3560732501679094, 'ign_k': 0.05315288481872199, 'ign_c': 20.54091963291925, 'trop_agb_crit': 21.722011647273014, 'trop_k_veg': 5.870565241807108, 'pop_amp': 0.001431031857002422, 'pop_peak': 2.3806919783362255, 'pop_sig': 0.8538429246693391, 'fuel_k': 2.628424901564889, 'fuel_half': 0.6423042335043684}. Best is trial 421 with value: -0.6216386034937503.
  trial 1407/2500  best_overall=0.6216  (82.3 min)
[I 2026-08-19 15:46:27,973] Trial 1407 finished with value: -0.44243762631283345 and parameters: {'k1': 0.0007871555481613212, 'D_low': 8.007414351432532, 'k2': 5.952883155330878e-05, 'D_high': 89857.39208301077, 'fire_exp': 1.4024713368426822, 'P_half': 16.966996973802384, 'pre_dampen_half': 0.12641012848507516, 'gpp_af': 2.7694440394651934, 'gpp_b': 1.032526330698477e-05, 'gpp_d': 249.487262724694, 'ign_k': 0.005684761509273743, 'ign_c': 139.73289482665854, 'trop_agb_crit': 19.461979076194382, 'trop_k_veg': 4.534471149660218, 'pop_amp': 0.05036178340925405, 'pop_peak': 0.17950720914179508, 'pop_sig': 0.3346050731681194, 'fuel_k': 4.045520618678048, 'fuel_half': 1.3332305434707827}. Best is trial 421 with value: -0.6216386034937503.
[I 2026-08-19 15:46:31,988] Trial 1408 finished with value: -0.4290003411475033 and parameters: {'k1': 3.522958749511754e-05, 'D_low': 2.697530747720194, 'k2': 7.037756662762391e-05, 'D_high': 562926.7012610382, 'fire_exp': 1.9610018115366294, 'P_half': 1.2951852029598434, 'pre_dampen_half': 6.826083575628006, 'gpp_af': 0.03981884331694332, 'gpp_b': 0.0008215951076148108, 'gpp_d': 258.95972674972967, 'ign_k': 0.03143740607628721, 'ign_c': 52.02279692018687, 'trop_agb_crit': 18.363457948821353, 'trop_k_veg': 7.772313767021388, 'pop_amp': 0.2703458828181515, 'pop_peak': 0.4840629694933297, 'pop_sig': 0.6667603772330943, 'fuel_k': 0.6231020720415196, 'fuel_half': 23.398891837997148}. Best is trial 421 with value: -0.6216386034937503.
[I 2026-08-19 15:46:39,107] Trial 1409 finished with value: -0.5789415977779625 and parameters: {'k1': 4.487940484895455e-05, 'D_low': 7.9784341372667935, 'k2': 0.0011177174015687306, 'D_high': 7188127.395761535, 'fire_exp': 1.4035270322601845, 'P_half': 34.05542172247178, 'pre_dampen_half': 17.095984229182037, 'gpp_af': 30.7043095024745, 'gpp_b': 4.864337871997472e-05, 'gpp_d': 420.4717575660669, 'ign_k': 0.04542048987235559, 'ign_c': 10.53884758163661, 'trop_agb_crit': 19.039149308497436, 'trop_k_veg': 4.086026794217653, 'pop_amp': 0.100169617567558, 'pop_peak': 0.14767737422348343, 'pop_sig': 0.34412555602914874, 'fuel_k': 1.8943712511547752, 'fuel_half': 1.482010522730815}. Best is trial 421 with value: -0.6216386034937503.
[I 2026-08-19 15:46:43,724] Trial 1410 finished with value: -0.39280217287724045 and parameters: {'k1': 8.124074570110006e-05, 'D_low': 1.0804756721871933, 'k2': 0.0006672185228231587, 'D_high': 234389.72049328993, 'fire_exp': 1.568776610959722, 'P_half': 1.7049347118765792, 'pre_dampen_half': 10.421137369862484, 'gpp_af': 0.045245632464112936, 'gpp_b': 3.78752888800888e-05, 'gpp_d': 320.85682822200266, 'ign_k': 0.3072863616965495, 'ign_c': 89.92440541472052, 'trop_agb_crit': 18.983672542552277, 'trop_k_veg': 2.172820913433557, 'pop_amp': 0.025302404314905137, 'pop_peak': 0.18759920290106877, 'pop_sig': 0.36397166830550187, 'fuel_k': 5.334421467483053, 'fuel_half': 1.0140430934438922}. Best is trial 421 with value: -0.6216386034937503.
  trial 1411/2500  best_overall=0.6216  (82.7 min)
[I 2026-08-19 15:46:48,965] Trial 1411 finished with value: -0.5285335366472184 and parameters: {'k1': 0.0023343162343664576, 'D_low': 5529.953535243414, 'k2': 0.04729910979472266, 'D_high': 3790864.480257318, 'fire_exp': 1.7060109924577542, 'P_half': 46.67840235986266, 'pre_dampen_half': 6.268411146706942, 'gpp_af': 0.1237776430581846, 'gpp_b': 0.0015208586072559946, 'gpp_d': 123.84838054788878, 'ign_k': 0.03502657576818731, 'ign_c': 22.607081774030224, 'trop_agb_crit': 24.04451666709067, 'trop_k_veg': 1.7859520723438875, 'pop_amp': 0.0042107055850075705, 'pop_peak': 11.240980286212602, 'pop_sig': 1.51577578515564, 'fuel_k': 5.579137512718217, 'fuel_half': 3.3893799558349307}. Best is trial 421 with value: -0.6216386034937503.
[I 2026-08-19 15:46:54,300] Trial 1412 finished with value: -0.5800415591700561 and parameters: {'k1': 0.00015094134962718132, 'D_low': 3.1663231140864747, 'k2': 0.0001702270140158553, 'D_high': 2291854.295998201, 'fire_exp': 1.0678850262674142, 'P_half': 3.073251660498759, 'pre_dampen_half': 2.2034952193508808, 'gpp_af': 0.34850786738895356, 'gpp_b': 0.043662768234087254, 'gpp_d': 726.2728507664349, 'ign_k': 4.315586558162297, 'ign_c': 2.2902537160718297, 'trop_agb_crit': 20.005980812670618, 'trop_k_veg': 4.350635950177851, 'pop_amp': 0.06374443863213619, 'pop_peak': 0.7141225406237739, 'pop_sig': 0.4663352573285991, 'fuel_k': 0.7895158996702345, 'fuel_half': 8.228365020893198}. Best is trial 421 with value: -0.6216386034937503.
[I 2026-08-19 15:46:59,234] Trial 1413 finished with value: -0.5802833153378419 and parameters: {'k1': 0.00021477014437362452, 'D_low': 4.156884565040828, 'k2': 2.6212783460476547e-05, 'D_high': 721860.1615345172, 'fire_exp': 1.6941482225573037, 'P_half': 9.61952855784571, 'pre_dampen_half': 1.2121787209774466, 'gpp_af': 0.2901971361826361, 'gpp_b': 1.5190564729544907e-05, 'gpp_d': 970.6246974234775, 'ign_k': 1.3987284737986503, 'ign_c': 7.7755608400937595, 'trop_agb_crit': 13.180643664093903, 'trop_k_veg': 6.1828545807194955, 'pop_amp': 0.06750657141624575, 'pop_peak': 0.5350838411567815, 'pop_sig': 0.5574885534127391, 'fuel_k': 3.6050512403723087, 'fuel_half': 0.9903142470807524}. Best is trial 421 with value: -0.6216386034937503.
[I 2026-08-19 15:47:05,298] Trial 1414 finished with value: -0.3724626635764793 and parameters: {'k1': 0.0034556606917397043, 'D_low': 173505.39010364044, 'k2': 0.006299687345017587, 'D_high': 3940369.401293296, 'fire_exp': 1.2481066346046576, 'P_half': 1.2455131889285744, 'pre_dampen_half': 3.362902177316781, 'gpp_af': 0.003977447697934646, 'gpp_b': 1.7777452662839106e-05, 'gpp_d': 6.915942998870795, 'ign_k': 0.014737283202043, 'ign_c': 0.16723490711692462, 'trop_agb_crit': 13.985627258364566, 'trop_k_veg': 1.7722814402073688, 'pop_amp': 0.04519132596980185, 'pop_peak': 0.252623870849563, 'pop_sig': 0.5011789197899762, 'fuel_k': 0.3437618370222754, 'fuel_half': 0.27115486481162143}. Best is trial 421 with value: -0.6216386034937503.
  trial 1415/2500  best_overall=0.6216  (83.0 min)
[I 2026-08-19 15:47:11,600] Trial 1415 finished with value: -0.5942252214665243 and parameters: {'k1': 0.007579436061550834, 'D_low': 3341.836618486307, 'k2': 0.020507247577644244, 'D_high': 534935.9201019441, 'fire_exp': 7.202747253200248, 'P_half': 10.879950594598576, 'pre_dampen_half': 6.754853134144401, 'gpp_af': 0.013974895381773864, 'gpp_b': 5.4552910777079164e-05, 'gpp_d': 1.366463136184707, 'ign_k': 0.4628645677818651, 'ign_c': 2.311920706987902, 'trop_agb_crit': 12.499093600833424, 'trop_k_veg': 5.032642416296506, 'pop_amp': 0.001865357539089819, 'pop_peak': 16.86997691411321, 'pop_sig': 0.8952305553752912, 'fuel_k': 2.862326134707041, 'fuel_half': 2.038529426832631}. Best is trial 421 with value: -0.6216386034937503.
[I 2026-08-19 15:47:17,659] Trial 1416 finished with value: -0.4518430490199606 and parameters: {'k1': 0.00022191152357985356, 'D_low': 376.83185227052513, 'k2': 0.0003833777900756378, 'D_high': 3435220.9115772843, 'fire_exp': 1.2608305888858382, 'P_half': 6.905897788936865, 'pre_dampen_half': 0.11044444746730407, 'gpp_af': 0.0071969064140223514, 'gpp_b': 0.0022467436020521653, 'gpp_d': 17.770349922492752, 'ign_k': 0.08091607335635281, 'ign_c': 0.1983601991469549, 'trop_agb_crit': 16.441190637860682, 'trop_k_veg': 1.0589621451047626, 'pop_amp': 0.0011881934779449305, 'pop_peak': 0.6290396298154057, 'pop_sig': 0.3486910674781605, 'fuel_k': 0.1301195643526821, 'fuel_half': 2.322737318186857}. Best is trial 421 with value: -0.6216386034937503.
[I 2026-08-19 15:47:21,775] Trial 1417 finished with value: -0.3554625854118624 and parameters: {'k1': 0.002534377364008594, 'D_low': 9.59701640111106, 'k2': 0.000815456639214857, 'D_high': 3438990.073108836, 'fire_exp': 1.2882999704296711, 'P_half': 1.0035212970762473, 'pre_dampen_half': 0.6101325130194731, 'gpp_af': 0.07461546813832692, 'gpp_b': 0.00010596139355110265, 'gpp_d': 392.7406727863005, 'ign_k': 0.21843617989619737, 'ign_c': 260.9333851993186, 'trop_agb_crit': 6.808149268909884, 'trop_k_veg': 6.501475578730034, 'pop_amp': 0.08117974556339567, 'pop_peak': 10.930296592717019, 'pop_sig': 0.3470572613220678, 'fuel_k': 4.450432159086383, 'fuel_half': 16.657621534282498}. Best is trial 421 with value: -0.6216386034937503.
[I 2026-08-19 15:47:26,134] Trial 1418 finished with value: -0.5346076406341771 and parameters: {'k1': 0.05082938735251699, 'D_low': 30.179779977518276, 'k2': 0.0471482576784403, 'D_high': 1822664.6139709696, 'fire_exp': 3.7880561568184863, 'P_half': 170.20683897110382, 'pre_dampen_half': 42.40031879188066, 'gpp_af': 0.136666949869352, 'gpp_b': 1.4786267206486442e-05, 'gpp_d': 178.6713167252116, 'ign_k': 1.4807560854326696, 'ign_c': 24.601155939517902, 'trop_agb_crit': 8.480532148832893, 'trop_k_veg': 1.849299931950416, 'pop_amp': 0.005546777074914217, 'pop_peak': 1.6473675735743327, 'pop_sig': 1.1436317199626977, 'fuel_k': 0.3992693447091585, 'fuel_half': 0.67569624586608}. Best is trial 421 with value: -0.6216386034937503.
[I 2026-08-19 15:47:31,974] Trial 1419 finished with value: -0.5826509939180038 and parameters: {'k1': 0.0001329367561498669, 'D_low': 4.766262067700121, 'k2': 0.00013280822997304594, 'D_high': 67466.4836253048, 'fire_exp': 1.9014390870671998, 'P_half': 1.5069121785709694, 'pre_dampen_half': 9.865682093365011, 'gpp_af': 1.3612990219706085, 'gpp_b': 0.0002591317486037494, 'gpp_d': 133.9938308346324, 'ign_k': 1.7758703436379646, 'ign_c': 19.951103533761085, 'trop_agb_crit': 8.5504643074118, 'trop_k_veg': 3.6251654445892374, 'pop_amp': 0.13387763233020303, 'pop_peak': 1.6593443449699987, 'pop_sig': 0.2513143440521928, 'fuel_k': 3.424973365103037, 'fuel_half': 2.784060656806776}. Best is trial 421 with value: -0.6216386034937503.
  trial 1420/2500  best_overall=0.6216  (83.5 min)
