[I 2026-08-06 02:40:22,729] Trial 152 finished with values: [10.768624910836063, 10.768624910836063] and parameters: {'k1': 0.03232155805617897, 'D_low': 1.4002277211577039, 'k2': 4.763991596630584e-05, 'D_high': 6455.595882939566, 'fire_exp': 5.463881201328881, 'P_half': 14.94057723907974, 'pre_dampen_half': 2.292633983096564, 'gpp_af': 22.766850248686247, 'gpp_b': 0.6637926838138378, 'gpp_d': 891.8036602897795, 'ign_k': 0.18170401889219123, 'ign_c': 14.367095138664217}.
[I 2026-08-06 02:40:23,903] Trial 153 finished with values: [-0.4820287235024284, 0.7265486827494525] and parameters: {'k1': 0.00324789183891923, 'D_low': 4.075267974954964, 'k2': 0.031211489608802344, 'D_high': 48249.14281180252, 'fire_exp': 1.151006986743773, 'P_half': 12.808863354047988, 'pre_dampen_half': 107.40052367919465, 'gpp_af': 20.12115544906385, 'gpp_b': 1.1008110571039521e-05, 'gpp_d': 0.11136446029400991, 'ign_k': 0.03033111747878116, 'ign_c': 8.671454322584175}.
[I 2026-08-06 02:40:25,039] Trial 154 finished with values: [10.696822503399654, 10.696822503399654] and parameters: {'k1': 0.016973078532467004, 'D_low': 51.9967392387832, 'k2': 1.831616544393272e-05, 'D_high': 27.55546207779663, 'fire_exp': 1.2680134752324452, 'P_half': 4075.7883791361783, 'pre_dampen_half': 75.44632385121258, 'gpp_af': 13.560863064135962, 'gpp_b': 0.000832333943844274, 'gpp_d': 300.3420512048734, 'ign_k': 0.0467351899956275, 'ign_c': 0.773448215664679}.
[I 2026-08-06 02:40:26,195] Trial 155 finished with values: [10.769230769045793, 10.769230769045793] and parameters: {'k1': 4.739584301027366e-05, 'D_low': 918.4900818511542, 'k2': 5.105542986365652e-05, 'D_high': 22.636544662054543, 'fire_exp': 1.1044852285094786, 'P_half': 215.55950571043874, 'pre_dampen_half': 111.37963167994629, 'gpp_af': 0.0662749342026412, 'gpp_b': 0.0025416076006960116, 'gpp_d': 28.312234265202243, 'ign_k': 0.11101191524846071, 'ign_c': 157.63098727399432}.
[I 2026-08-06 02:40:27,349] Trial 156 finished with values: [10.758224731303388, 10.758224731303388] and parameters: {'k1': 0.04897760278488444, 'D_low': 2.458603276328005, 'k2': 0.08790311296857814, 'D_high': 8182.111518618414, 'fire_exp': 2.8398070613229245, 'P_half': 338.23872019362165, 'pre_dampen_half': 4.187466509282843, 'gpp_af': 0.15988721385117122, 'gpp_b': 0.003510201564752293, 'gpp_d': 150.14555442537656, 'ign_k': 0.017654048052495083, 'ign_c': 0.557280750002996}.
[I 2026-08-06 02:40:28,488] Trial 157 finished with values: [10.768849310516842, 10.768849310516842] and parameters: {'k1': 0.002971796631657383, 'D_low': 1112.9571947046009, 'k2': 0.0007081721844034209, 'D_high': 400.9149428326862, 'fire_exp': 1.264103030891254, 'P_half': 1627.0983114897251, 'pre_dampen_half': 0.16974173693738634, 'gpp_af': 29.925002022877802, 'gpp_b': 0.00013164432569139702, 'gpp_d': 4.5768578731086835, 'ign_k': 0.0026834162496848666, 'ign_c': 298.123706972088}.
[I 2026-08-06 02:40:29,639] Trial 158 finished with values: [10.730584134436107, 10.730584134436107] and parameters: {'k1': 0.0017320535908244437, 'D_low': 918.4900818511542, 'k2': 1.1184534120760473e-05, 'D_high': 6455.595882939566, 'fire_exp': 1.1044852285094786, 'P_half': 215.55950571043874, 'pre_dampen_half': 0.09467055845337147, 'gpp_af': 4.095062894476692, 'gpp_b': 8.539677611488478e-05, 'gpp_d': 5.878566318396007, 'ign_k': 0.11101191524846071, 'ign_c': 10.140635645866492}.
[I 2026-08-06 02:40:30,766] Trial 159 finished with values: [10.427658341987456, 10.427658341987456] and parameters: {'k1': 0.00013783578294796384, 'D_low': 125.32726386250698, 'k2': 0.0027431991397796683, 'D_high': 1024.9816559563214, 'fire_exp': 1.2943117749495199, 'P_half': 5.342106255632175, 'pre_dampen_half': 347.79988160923324, 'gpp_af': 0.015769192447197523, 'gpp_b': 7.402343469704428e-05, 'gpp_d': 2.8006820077310213, 'ign_k': 0.0048255892187380085, 'ign_c': 0.6235377135673155}.
[I 2026-08-06 02:40:31,892] Trial 160 finished with values: [10.255848260911087, 10.255848260911087] and parameters: {'k1': 0.03699867920489089, 'D_low': 4.051452710153359, 'k2': 3.5917714215176105e-05, 'D_high': 75773.14388518519, 'fire_exp': 1.182396148413737, 'P_half': 2799.899764723165, 'pre_dampen_half': 304.7488318185732, 'gpp_af': 4.095062894476692, 'gpp_b': 3.228689523591491e-05, 'gpp_d': 5.878566318396007, 'ign_k': 0.3818468247973969, 'ign_c': 0.5110256715654393}.
[I 2026-08-06 02:40:33,034] Trial 161 finished with values: [10.768921810119553, 10.768921810119553] and parameters: {'k1': 0.03232155805617897, 'D_low': 7126.727573532312, 'k2': 1.1184534120760473e-05, 'D_high': 75773.14388518519, 'fire_exp': 1.1044852285094786, 'P_half': 3669.20903969591, 'pre_dampen_half': 4.350163152436989, 'gpp_af': 4.095062894476692, 'gpp_b': 1.5938003265859821, 'gpp_d': 368.30088529547436, 'ign_k': 7.537201787998428, 'ign_c': 0.5110256715654393}.
[I 2026-08-06 02:40:34,189] Trial 162 finished with values: [10.68079833138534, 10.68079833138534] and parameters: {'k1': 0.006117912981900519, 'D_low': 29.89885508829526, 'k2': 2.316457903103837e-05, 'D_high': 949.9072859745386, 'fire_exp': 1.14171776851287, 'P_half': 157.80309954142965, 'pre_dampen_half': 1.6130673726933187, 'gpp_af': 29.925002022877802, 'gpp_b': 0.011750724729953272, 'gpp_d': 4.5768578731086835, 'ign_k': 0.0026834162496848666, 'ign_c': 6.160975294741436}.
[I 2026-08-06 02:40:35,404] Trial 163 finished with values: [10.769226794366915, 10.769226794366915] and parameters: {'k1': 0.00010436686039715205, 'D_low': 98.57545621889057, 'k2': 0.010987817552608315, 'D_high': 6455.595882939566, 'fire_exp': 2.2881850891698634, 'P_half': 4.397766894483963, 'pre_dampen_half': 0.5550617910625242, 'gpp_af': 2.8805537835688413, 'gpp_b': 4.749990847441259, 'gpp_d': 0.6537496690081765, 'ign_k': 4.8235582830244885, 'ign_c': 0.8891936446296247}.
[I 2026-08-06 02:40:36,546] Trial 164 finished with values: [10.728983544923073, 10.728983544923073] and parameters: {'k1': 0.00013783578294796384, 'D_low': 4.051452710153359, 'k2': 0.0001870742013766025, 'D_high': 411.0848435021235, 'fire_exp': 1.5201277403788451, 'P_half': 51.10120656497163, 'pre_dampen_half': 59.66041614891413, 'gpp_af': 0.2343193755572473, 'gpp_b': 0.10123867001105968, 'gpp_d': 39.827466658711515, 'ign_k': 0.031134168041628628, 'ign_c': 0.11433485956638717}.
[I 2026-08-06 02:40:37,657] Trial 165 finished with values: [10.512609545178508, 10.512609545178508] and parameters: {'k1': 0.00012105387404469581, 'D_low': 4.075267974954964, 'k2': 1.1184534120760473e-05, 'D_high': 6455.595882939566, 'fire_exp': 1.1044852285094786, 'P_half': 51.10120656497163, 'pre_dampen_half': 7.6110013825922485, 'gpp_af': 1.6595781802652418, 'gpp_b': 0.0025416076006960116, 'gpp_d': 368.30088529547436, 'ign_k': 0.0467351899956275, 'ign_c': 10.140635645866492}.
[I 2026-08-06 02:40:38,797] Trial 166 finished with values: [10.768525569404288, 10.768525569404288] and parameters: {'k1': 7.841214856323651e-05, 'D_low': 7126.727573532312, 'k2': 8.923807143379776e-05, 'D_high': 8182.111518618414, 'fire_exp': 2.332293128354265, 'P_half': 14.94057723907974, 'pre_dampen_half': 4.350163152436989, 'gpp_af': 11.234842109991876, 'gpp_b': 1.5938003265859821, 'gpp_d': 5.878566318396007, 'ign_k': 7.537201787998428, 'ign_c': 12.37061744238074}.
[I 2026-08-06 02:40:39,954] Trial 167 finished with values: [10.272008901707041, 10.272008901707041] and parameters: {'k1': 7.841214856323651e-05, 'D_low': 29.89885508829526, 'k2': 1.1184534120760473e-05, 'D_high': 75773.14388518519, 'fire_exp': 1.1044852285094786, 'P_half': 10.226988730324324, 'pre_dampen_half': 4.350163152436989, 'gpp_af': 29.925002022877802, 'gpp_b': 2.7719116797094715e-05, 'gpp_d': 1.105785410092522, 'ign_k': 7.537201787998428, 'ign_c': 6.160975294741436}.
[I 2026-08-06 02:40:41,095] Trial 168 finished with values: [10.462019965707526, 10.462019965707526] and parameters: {'k1': 0.02714257255218683, 'D_low': 51.9967392387832, 'k2': 0.010080550999930625, 'D_high': 10427.291060979045, 'fire_exp': 1.0881360604103363, 'P_half': 10.226988730324324, 'pre_dampen_half': 36.876350096203005, 'gpp_af': 0.001339466259146302, 'gpp_b': 0.000832333943844274, 'gpp_d': 4.5768578731086835, 'ign_k': 0.03604182012888638, 'ign_c': 6.160975294741436}.
[I 2026-08-06 02:40:42,235] Trial 169 finished with values: [10.602390366467688, 10.602390366467688] and parameters: {'k1': 0.002971796631657383, 'D_low': 29.89885508829526, 'k2': 0.0001870742013766025, 'D_high': 42.13183643253958, 'fire_exp': 1.6901885781909627, 'P_half': 10.226988730324324, 'pre_dampen_half': 36.876350096203005, 'gpp_af': 29.925002022877802, 'gpp_b': 1.1008110571039521e-05, 'gpp_d': 3.57879245350232, 'ign_k': 0.0467351899956275, 'ign_c': 6.160975294741436}.
[I 2026-08-06 02:40:43,362] Trial 170 finished with values: [10.695936668100446, 10.695936668100446] and parameters: {'k1': 0.03232155805617897, 'D_low': 730.952095351094, 'k2': 0.006138509947844854, 'D_high': 9769.756791866093, 'fire_exp': 1.0881360604103363, 'P_half': 10.226988730324324, 'pre_dampen_half': 36.876350096203005, 'gpp_af': 0.004344117003966495, 'gpp_b': 0.0035057749039614167, 'gpp_d': 4.5768578731086835, 'ign_k': 0.8826264591983531, 'ign_c': 19.19168994439752}.
[I 2026-08-06 02:40:44,472] Trial 171 finished with values: [10.74111657969905, 10.74111657969905] and parameters: {'k1': 0.02714257255218683, 'D_low': 432.21095215763245, 'k2': 0.010080550999930625, 'D_high': 10427.291060979045, 'fire_exp': 1.2680134752324452, 'P_half': 4075.7883791361783, 'pre_dampen_half': 3.3594011166738142, 'gpp_af': 13.560863064135962, 'gpp_b': 0.000832333943844274, 'gpp_d': 300.3420512048734, 'ign_k': 0.03604182012888638, 'ign_c': 0.11049703024154134}.
[I 2026-08-06 02:40:45,595] Trial 172 finished with values: [10.74415674289637, 10.74415674289637] and parameters: {'k1': 0.0002656971546588439, 'D_low': 1.2834648227562822, 'k2': 3.5917714215176105e-05, 'D_high': 10427.291060979045, 'fire_exp': 1.264103030891254, 'P_half': 24.136213194527585, 'pre_dampen_half': 3.3594011166738142, 'gpp_af': 0.004339536161007625, 'gpp_b': 0.000832333943844274, 'gpp_d': 150.14555442537656, 'ign_k': 0.004937355303501836, 'ign_c': 0.7724824966785973}.
[I 2026-08-06 02:40:46,713] Trial 173 finished with values: [10.721390039233384, 10.721390039233384] and parameters: {'k1': 0.021368329072358756, 'D_low': 4.075267974954964, 'k2': 8.400384914559786e-05, 'D_high': 4870.47114134165, 'fire_exp': 1.6901885781909627, 'P_half': 51.10120656497163, 'pre_dampen_half': 7.6110013825922485, 'gpp_af': 20.12115544906385, 'gpp_b': 1.1008110571039521e-05, 'gpp_d': 0.012547369537891036, 'ign_k': 0.0467351899956275, 'ign_c': 0.773448215664679}.
[I 2026-08-06 02:40:47,848] Trial 174 finished with values: [10.727264115909083, 10.727264115909083] and parameters: {'k1': 0.02714257255218683, 'D_low': 51.9967392387832, 'k2': 0.010080550999930625, 'D_high': 10427.291060979045, 'fire_exp': 1.2680134752324452, 'P_half': 4075.7883791361783, 'pre_dampen_half': 3.3594011166738142, 'gpp_af': 13.560863064135962, 'gpp_b': 0.000832333943844274, 'gpp_d': 300.3420512048734, 'ign_k': 0.03604182012888638, 'ign_c': 0.11049703024154134}.
[I 2026-08-06 02:40:48,982] Trial 175 finished with values: [10.43272554943407, 10.43272554943407] and parameters: {'k1': 0.0016129739560722712, 'D_low': 175.2878790340412, 'k2': 0.03210808548911189, 'D_high': 9769.756791866093, 'fire_exp': 1.0881360604103363, 'P_half': 1.3035590385085063, 'pre_dampen_half': 36.876350096203005, 'gpp_af': 1.2634200269147204, 'gpp_b': 0.011750724729953272, 'gpp_d': 0.11609694921678075, 'ign_k': 0.0026834162496848666, 'ign_c': 0.11433485956638717}.
[I 2026-08-06 02:40:50,127] Trial 176 finished with values: [10.769166789361549, 10.769166789361549] and parameters: {'k1': 0.00016536937182824412, 'D_low': 2.458603276328005, 'k2': 0.005456725485601475, 'D_high': 576.2487216478603, 'fire_exp': 1.5201277403788451, 'P_half': 24.136213194527585, 'pre_dampen_half': 304.7488318185732, 'gpp_af': 0.003315453261146913, 'gpp_b': 0.6302262847075769, 'gpp_d': 150.14555442537656, 'ign_k': 0.019192001101561888, 'ign_c': 12.03017887115466}.
[I 2026-08-06 02:40:51,274] Trial 177 finished with values: [10.763599607730653, 10.763599607730653] and parameters: {'k1': 0.004579192310322934, 'D_low': 9.330007965781027, 'k2': 0.0499774937030317, 'D_high': 949.9072859745386, 'fire_exp': 1.0473002272689056, 'P_half': 436.4516946807792, 'pre_dampen_half': 1.6130673726933187, 'gpp_af': 0.04339970334001348, 'gpp_b': 0.015062722325200045, 'gpp_d': 0.03848886303127135, 'ign_k': 0.0037322156377670697, 'ign_c': 388.02797007866826}.
[I 2026-08-06 02:40:52,409] Trial 178 finished with values: [10.591624220530644, 10.591624220530644] and parameters: {'k1': 3.252245757497282e-05, 'D_low': 1112.9571947046009, 'k2': 3.5917714215176105e-05, 'D_high': 7744.80118512745, 'fire_exp': 1.5201277403788451, 'P_half': 24.136213194527585, 'pre_dampen_half': 304.7488318185732, 'gpp_af': 0.0025511964576171086, 'gpp_b': 0.00011783328148730701, 'gpp_d': 150.14555442537656, 'ign_k': 0.03141110271934876, 'ign_c': 3.0378658251922155}.
[I 2026-08-06 02:40:53,564] Trial 179 finished with values: [10.767538429196762, 10.767538429196762] and parameters: {'k1': 0.06598741607403362, 'D_low': 1112.9571947046009, 'k2': 8.923807143379776e-05, 'D_high': 8182.111518618414, 'fire_exp': 2.332293128354265, 'P_half': 338.23872019362165, 'pre_dampen_half': 0.6023700815747873, 'gpp_af': 6.155035361040188, 'gpp_b': 3.481277316673104e-05, 'gpp_d': 150.14555442537656, 'ign_k': 0.0015276032303600073, 'ign_c': 0.557280750002996}.
[I 2026-08-06 02:40:54,722] Trial 180 finished with values: [10.763257109305309, 10.763257109305309] and parameters: {'k1': 0.025383218374507292, 'D_low': 9.330007965781027, 'k2': 0.00011939136672856547, 'D_high': 1687.3495104568947, 'fire_exp': 1.010722707674549, 'P_half': 19.4230157499841, 'pre_dampen_half': 14.689898077648792, 'gpp_af': 0.04339970334001348, 'gpp_b': 0.6637926838138378, 'gpp_d': 0.03848886303127135, 'ign_k': 3.7173717478250508, 'ign_c': 2.4287565087611744}.
[I 2026-08-06 02:40:55,880] Trial 181 finished with values: [10.28320413834466, 10.28320413834466] and parameters: {'k1': 7.841214856323651e-05, 'D_low': 918.4900818511542, 'k2': 1.1184534120760473e-05, 'D_high': 6455.595882939566, 'fire_exp': 1.1044852285094786, 'P_half': 408.3047491580097, 'pre_dampen_half': 304.7488318185732, 'gpp_af': 11.234842109991876, 'gpp_b': 3.228689523591491e-05, 'gpp_d': 857.4284557962634, 'ign_k': 0.03141110271934876, 'ign_c': 10.140635645866492}.
[I 2026-08-06 02:40:57,037] Trial 182 finished with values: [10.763980178671334, 10.763980178671334] and parameters: {'k1': 0.002971796631657383, 'D_low': 4.051452710153359, 'k2': 0.0007081721844034209, 'D_high': 3660.150802571655, 'fire_exp': 1.0881360604103363, 'P_half': 8.968733598183245, 'pre_dampen_half': 0.031420056654638935, 'gpp_af': 29.925002022877802, 'gpp_b': 0.011750724729953272, 'gpp_d': 0.07271087249685712, 'ign_k': 0.0026834162496848666, 'ign_c': 298.123706972088}.
[I 2026-08-06 02:40:58,181] Trial 183 finished with values: [10.76618003143411, 10.76618003143411] and parameters: {'k1': 0.00013783578294796384, 'D_low': 1.4045842344024697, 'k2': 0.0027431991397796683, 'D_high': 10427.291060979045, 'fire_exp': 1.2680134752324452, 'P_half': 4075.7883791361783, 'pre_dampen_half': 0.1643845340580847, 'gpp_af': 0.015769192447197523, 'gpp_b': 7.402343469704428e-05, 'gpp_d': 2.8006820077310213, 'ign_k': 0.03604182012888638, 'ign_c': 0.9294394155644988}.
[I 2026-08-06 02:40:59,302] Trial 184 finished with values: [10.769205785471394, 10.769205785471394] and parameters: {'k1': 0.00488137519160367, 'D_low': 1112.9571947046009, 'k2': 8.923807143379776e-05, 'D_high': 8182.111518618414, 'fire_exp': 2.2881850891698634, 'P_half': 338.23872019362165, 'pre_dampen_half': 14.711215379121963, 'gpp_af': 0.47739011308437823, 'gpp_b': 1.5938003265859821, 'gpp_d': 40.863415094409035, 'ign_k': 0.019192001101561888, 'ign_c': 10.140635645866492}.
[I 2026-08-06 02:41:00,475] Trial 185 finished with values: [10.769228457674192, 10.769228457674192] and parameters: {'k1': 0.002971796631657383, 'D_low': 2647.194625525941, 'k2': 2.1698375693549493e-05, 'D_high': 6366.1449945522045, 'fire_exp': 1.182396148413737, 'P_half': 1938.3858782150498, 'pre_dampen_half': 36.876350096203005, 'gpp_af': 0.0025511964576171086, 'gpp_b': 0.9578978255503134, 'gpp_d': 4.5768578731086835, 'ign_k': 0.0026834162496848666, 'ign_c': 6.160975294741436}.
[I 2026-08-06 02:41:01,589] Trial 186 finished with values: [10.651527720297405, 10.651527720297405] and parameters: {'k1': 7.841214856323651e-05, 'D_low': 7126.727573532312, 'k2': 0.00038791280730284417, 'D_high': 8182.111518618414, 'fire_exp': 1.1044852285094786, 'P_half': 24.136213194527585, 'pre_dampen_half': 304.7488318185732, 'gpp_af': 0.47739011308437823, 'gpp_b': 1.0714507872203791, 'gpp_d': 150.14555442537656, 'ign_k': 0.4702627143647234, 'ign_c': 12.37061744238074}.
[I 2026-08-06 02:41:02,717] Trial 187 finished with values: [10.732477051754566, 10.732477051754566] and parameters: {'k1': 0.016973078532467004, 'D_low': 175.2878790340412, 'k2': 0.0001870742013766025, 'D_high': 411.0848435021235, 'fire_exp': 1.1044852285094786, 'P_half': 51.10120656497163, 'pre_dampen_half': 111.37963167994629, 'gpp_af': 11.234842109991876, 'gpp_b': 4.038332634638232, 'gpp_d': 3.57879245350232, 'ign_k': 0.0035114452581286888, 'ign_c': 10.140635645866492}.
[I 2026-08-06 02:41:03,863] Trial 188 finished with values: [-0.48171086029056365, 0.15575678249933045] and parameters: {'k1': 0.00324789183891923, 'D_low': 2.1234210963705626, 'k2': 0.031211489608802344, 'D_high': 8182.111518618414, 'fire_exp': 1.151006986743773, 'P_half': 12.808863354047988, 'pre_dampen_half': 107.40052367919465, 'gpp_af': 0.010590622233713298, 'gpp_b': 0.00012797528816608022, 'gpp_d': 368.30088529547436, 'ign_k': 0.014879588507790004, 'ign_c': 8.671454322584175}.
[I 2026-08-06 02:41:05,020] Trial 189 finished with values: [10.744339566617068, 10.744339566617068] and parameters: {'k1': 0.03232155805617897, 'D_low': 29.89885508829526, 'k2': 0.0007081721844034209, 'D_high': 9769.756791866093, 'fire_exp': 2.2881850891698634, 'P_half': 10.226988730324324, 'pre_dampen_half': 303.1650219733388, 'gpp_af': 29.925002022877802, 'gpp_b': 1.5938003265859821, 'gpp_d': 4.5768578731086835, 'ign_k': 0.0026834162496848666, 'ign_c': 10.140635645866492}.
[I 2026-08-06 02:41:06,194] Trial 190 finished with values: [10.345192644083028, 10.345192644083028] and parameters: {'k1': 3.252245757497282e-05, 'D_low': 1112.9571947046009, 'k2': 0.0007081721844034209, 'D_high': 8182.111518618414, 'fire_exp': 1.0881360604103363, 'P_half': 10.226988730324324, 'pre_dampen_half': 36.876350096203005, 'gpp_af': 29.925002022877802, 'gpp_b': 0.011750724729953272, 'gpp_d': 4.5768578731086835, 'ign_k': 0.0026834162496848666, 'ign_c': 6.160975294741436}.
[I 2026-08-06 02:41:07,356] Trial 191 finished with values: [-0.46687855026892516, 0.2900166336669743] and parameters: {'k1': 0.02714257255218683, 'D_low': 51.9967392387832, 'k2': 1.1184534120760473e-05, 'D_high': 41.05873950290761, 'fire_exp': 1.2680134752324452, 'P_half': 351.2704726270846, 'pre_dampen_half': 111.37963167994629, 'gpp_af': 13.560863064135962, 'gpp_b': 0.000832333943844274, 'gpp_d': 368.30088529547436, 'ign_k': 0.11101191524846071, 'ign_c': 0.11272174259951144}.
[I 2026-08-06 02:41:08,585] Trial 192 finished with values: [10.761295624114387, 10.761295624114387] and parameters: {'k1': 0.004579192310322934, 'D_low': 7126.727573532312, 'k2': 1.1184534120760473e-05, 'D_high': 32270.237615157977, 'fire_exp': 1.1044852285094786, 'P_half': 3669.20903969591, 'pre_dampen_half': 1.5691864266263484, 'gpp_af': 92.21975850381763, 'gpp_b': 2.7719116797094715e-05, 'gpp_d': 5.878566318396007, 'ign_k': 7.537201787998428, 'ign_c': 12.37061744238074}.
[I 2026-08-06 02:41:09,720] Trial 193 finished with values: [10.704225889799643, 10.704225889799643] and parameters: {'k1': 0.002971796631657383, 'D_low': 2.1234210963705626, 'k2': 0.0007081721844034209, 'D_high': 949.9072859745386, 'fire_exp': 1.14171776851287, 'P_half': 10.226988730324324, 'pre_dampen_half': 36.876350096203005, 'gpp_af': 0.001162712343304238, 'gpp_b': 0.0012749409641020352, 'gpp_d': 0.026763484380985716, 'ign_k': 0.0067849245190831405, 'ign_c': 8.671454322584175}.
[I 2026-08-06 02:41:10,879] Trial 194 finished with values: [10.5264619379385, 10.5264619379385] and parameters: {'k1': 0.002971796631657383, 'D_low': 29.89885508829526, 'k2': 0.0007081721844034209, 'D_high': 42.13183643253958, 'fire_exp': 1.0881360604103363, 'P_half': 10.226988730324324, 'pre_dampen_half': 36.876350096203005, 'gpp_af': 29.925002022877802, 'gpp_b': 1.4427571100855582e-05, 'gpp_d': 4.5768578731086835, 'ign_k': 0.0467351899956275, 'ign_c': 6.160975294741436}.
[I 2026-08-06 02:41:12,023] Trial 195 finished with values: [10.769230769045793, 10.769230769045793] and parameters: {'k1': 7.841214856323651e-05, 'D_low': 74.92772870670282, 'k2': 1.1184534120760473e-05, 'D_high': 6455.595882939566, 'fire_exp': 1.1044852285094786, 'P_half': 45.55085098454082, 'pre_dampen_half': 53.73093479067421, 'gpp_af': 29.925002022877802, 'gpp_b': 0.0025416076006960116, 'gpp_d': 368.30088529547436, 'ign_k': 0.11101191524846071, 'ign_c': 298.123706972088}.
[I 2026-08-06 02:41:13,144] Trial 196 finished with values: [10.18203649305233, 10.18203649305233] and parameters: {'k1': 0.002971796631657383, 'D_low': 29.89885508829526, 'k2': 2.5461628161276896e-05, 'D_high': 4508.240502480678, 'fire_exp': 1.0117229084672894, 'P_half': 10.226988730324324, 'pre_dampen_half': 36.876350096203005, 'gpp_af': 2.8805537835688413, 'gpp_b': 0.011750724729953272, 'gpp_d': 4.5768578731086835, 'ign_k': 0.0026834162496848666, 'ign_c': 0.8891936446296247}.
