[I 2026-06-11 00:52:49,064] Trial 245 finished with values: [10.44099796694725, 10.44099796694725] and parameters: {'k1': 0.00013783578294796384, 'D_low': 652.5765108342365, 'k2': 0.0027431991397796683, 'D_high': 28087.330790064407, 'fire_exp': 1.6139358000526771, 'P_half': 12.38905291855107, 'pre_dampen_half': 347.79988160923324, 'gpp_af': 0.8226361776146098, 'gpp_b': 1.6569065206637924e-05, 'gpp_d': 2.292633983096564, 'ign_k': 0.003008686821445846, 'ign_c': 0.9294394155644988, 'trop_agb_crit': 13.98132484257899, 'trop_k_veg': 1.7570501127699654, 'fuel_k': 0.04572914063536324, 'fuel_half': 15.29850686893745}.
[I 2026-06-11 00:52:50,415] Trial 246 finished with values: [10.714457898128659, 10.714457898128659] and parameters: {'k1': 0.00013649087666416944, 'D_low': 28.3353894176247, 'k2': 1.854837679096716e-05, 'D_high': 76.19822175388143, 'fire_exp': 1.0889492364376547, 'P_half': 3910.3637457741784, 'pre_dampen_half': 294.75617712568373, 'gpp_af': 0.015350904103515228, 'gpp_b': 1.7565109007473816e-05, 'gpp_d': 0.0581159974343924, 'ign_k': 0.02847858516856297, 'ign_c': 0.11650681118986138, 'trop_agb_crit': 26.402883285404346, 'trop_k_veg': 1.0049538030148353, 'fuel_k': 0.030315034760496778, 'fuel_half': 49.011305842597814}.
[I 2026-06-11 00:52:51,782] Trial 247 finished with values: [10.025132466685688, 10.025132466685688] and parameters: {'k1': 0.004312951023617458, 'D_low': 4.484744524732794, 'k2': 0.0005708731724249573, 'D_high': 3712.591045287726, 'fire_exp': 1.2310899049053081, 'P_half': 16.051347487097576, 'pre_dampen_half': 502.5175192217655, 'gpp_af': 0.008562341633595545, 'gpp_b': 1.7565109007473816e-05, 'gpp_d': 9.004606022643067, 'ign_k': 0.5131654955148326, 'ign_c': 0.11650681118986138, 'trop_agb_crit': 24.584290528289387, 'trop_k_veg': 1.4584243470991722, 'fuel_k': 0.09252659617259135, 'fuel_half': 52.00581729114123}.
[I 2026-06-11 00:52:53,149] Trial 248 finished with values: [10.76883439653289, 10.76883439653289] and parameters: {'k1': 2.27847364377152e-05, 'D_low': 338.23872019362165, 'k2': 0.0034207303670092245, 'D_high': 1390.2686711035008, 'fire_exp': 8.930248873821906, 'P_half': 136.0956887810302, 'pre_dampen_half': 294.75617712568373, 'gpp_af': 0.008562341633595545, 'gpp_b': 1.7565109007473816e-05, 'gpp_d': 9.004606022643067, 'ign_k': 0.5131654955148326, 'ign_c': 0.11650681118986138, 'trop_agb_crit': 21.825752290961518, 'trop_k_veg': 0.9369104721775232, 'fuel_k': 1.3128815679924584, 'fuel_half': 1.3547291924247344}.
[I 2026-06-11 00:52:54,538] Trial 249 finished with values: [10.57238858116606, 10.57238858116606] and parameters: {'k1': 9.969469187531805e-05, 'D_low': 28.3353894176247, 'k2': 0.00010939944910100016, 'D_high': 1919.1689944397538, 'fire_exp': 1.0889492364376547, 'P_half': 4.020051040432125, 'pre_dampen_half': 33.71909132517384, 'gpp_af': 42.29037995744429, 'gpp_b': 0.0039265289720170965, 'gpp_d': 6.913948698657619, 'ign_k': 4.591485216740537, 'ign_c': 0.43926387967502156, 'trop_agb_crit': 10.719494362768906, 'trop_k_veg': 3.715819581962784, 'fuel_k': 0.030315034760496778, 'fuel_half': 81.8794158253808}.
[I 2026-06-11 00:52:55,907] Trial 250 finished with values: [10.15727074627279, 10.15727074627279] and parameters: {'k1': 0.00013649087666416944, 'D_low': 5949.270019168345, 'k2': 0.0034207303670092245, 'D_high': 15000.328053766281, 'fire_exp': 1.0889492364376547, 'P_half': 136.0956887810302, 'pre_dampen_half': 294.75617712568373, 'gpp_af': 0.008562341633595545, 'gpp_b': 1.7565109007473816e-05, 'gpp_d': 0.0581159974343924, 'ign_k': 0.5131654955148326, 'ign_c': 0.11650681118986138, 'trop_agb_crit': 26.402883285404346, 'trop_k_veg': 0.9369104721775232, 'fuel_k': 1.3128815679924584, 'fuel_half': 49.011305842597814}.
[I 2026-06-11 00:52:57,279] Trial 251 finished with values: [10.711584308123784, 10.711584308123784] and parameters: {'k1': 0.05233480488540085, 'D_low': 2.5379946629058443, 'k2': 1.915468390724633e-05, 'D_high': 30608.522106722474, 'fire_exp': 1.0629462657398439, 'P_half': 1938.3858782150498, 'pre_dampen_half': 1.254979363966895, 'gpp_af': 0.0025511964576171086, 'gpp_b': 3.228689523591491e-05, 'gpp_d': 302.3127748796293, 'ign_k': 0.0680787482656459, 'ign_c': 3.0378658251922155, 'trop_agb_crit': 15.870971677383487, 'trop_k_veg': 1.4584243470991722, 'fuel_k': 0.5941849670507414, 'fuel_half': 52.00581729114123}.
[I 2026-06-11 00:52:58,629] Trial 252 finished with values: [10.720029088492108, 10.720029088492108] and parameters: {'k1': 0.0003893835424674703, 'D_low': 28.3353894176247, 'k2': 0.0038341488164556755, 'D_high': 1919.1689944397538, 'fire_exp': 1.0889492364376547, 'P_half': 8832.039346746853, 'pre_dampen_half': 518.2609891091987, 'gpp_af': 0.015350904103515228, 'gpp_b': 4.0803257466853524e-05, 'gpp_d': 0.0581159974343924, 'ign_k': 0.02847858516856297, 'ign_c': 0.43926387967502156, 'trop_agb_crit': 26.402883285404346, 'trop_k_veg': 1.0049538030148353, 'fuel_k': 0.030315034760496778, 'fuel_half': 49.011305842597814}.
[I 2026-06-11 00:53:00,248] Trial 253 finished with values: [10.753334120862197, 10.753334120862197] and parameters: {'k1': 0.002968335334246999, 'D_low': 2.5379946629058443, 'k2': 2.1698375693549493e-05, 'D_high': 30608.522106722474, 'fire_exp': 1.6139358000526771, 'P_half': 1938.3858782150498, 'pre_dampen_half': 3.9885726374014685, 'gpp_af': 0.06789053271698488, 'gpp_b': 0.0054502936945582505, 'gpp_d': 290.642121800538, 'ign_k': 0.5131654955148326, 'ign_c': 3.0378658251922155, 'trop_agb_crit': 24.85900548334648, 'trop_k_veg': 0.5415365826598848, 'fuel_k': 0.487361804838494, 'fuel_half': 7.259866824755668}.
[I 2026-06-11 00:53:01,792] Trial 254 finished with values: [10.708081478214764, 10.708081478214764] and parameters: {'k1': 0.004312951023617458, 'D_low': 3848.9589040216215, 'k2': 1.915468390724633e-05, 'D_high': 21.980325699763856, 'fire_exp': 1.0629462657398439, 'P_half': 539.5442811888478, 'pre_dampen_half': 502.5175192217655, 'gpp_af': 0.7539992074650279, 'gpp_b': 0.003377126304540961, 'gpp_d': 290.642121800538, 'ign_k': 3.1536006085184716, 'ign_c': 15.221840161091626, 'trop_agb_crit': 19.28597237496244, 'trop_k_veg': 3.4508425771776365, 'fuel_k': 0.08612665817296865, 'fuel_half': 52.00581729114123}.
[I 2026-06-11 00:53:03,502] Trial 255 finished with values: [10.311316631095398, 10.311316631095398] and parameters: {'k1': 0.004312951023617458, 'D_low': 4.484744524732794, 'k2': 7.67074891445376e-05, 'D_high': 1919.1689944397538, 'fire_exp': 1.0889492364376547, 'P_half': 1.4378290221680121, 'pre_dampen_half': 502.5175192217655, 'gpp_af': 0.015350904103515228, 'gpp_b': 0.0021331409710300844, 'gpp_d': 16.460426816350523, 'ign_k': 0.02847858516856297, 'ign_c': 0.13670484737132343, 'trop_agb_crit': 26.402883285404346, 'trop_k_veg': 3.4439936249445045, 'fuel_k': 4.680936683972861, 'fuel_half': 81.8794158253808}.
[I 2026-06-11 00:53:05,329] Trial 256 finished with values: [10.762969221267802, 10.762969221267802] and parameters: {'k1': 0.00013783578294796384, 'D_low': 338.23872019362165, 'k2': 0.00012498583886387654, 'D_high': 9769.756791866093, 'fire_exp': 3.1323893237815805, 'P_half': 220.3445560633069, 'pre_dampen_half': 347.79988160923324, 'gpp_af': 0.12243451886824051, 'gpp_b': 1.7565109007473816e-05, 'gpp_d': 9.004606022643067, 'ign_k': 0.0026834162496848666, 'ign_c': 2.329535895346768, 'trop_agb_crit': 28.408892144927382, 'trop_k_veg': 1.4584243470991722, 'fuel_k': 0.021123235354472927, 'fuel_half': 0.6370755274604819}.
[I 2026-06-11 00:53:07,025] Trial 257 finished with values: [10.661566946880209, 10.661566946880209] and parameters: {'k1': 2.27847364377152e-05, 'D_low': 338.23872019362165, 'k2': 0.0034207303670092245, 'D_high': 1390.2686711035008, 'fire_exp': 1.2310899049053081, 'P_half': 10.226988730324324, 'pre_dampen_half': 1.113448236012804, 'gpp_af': 0.008562341633595545, 'gpp_b': 1.7565109007473816e-05, 'gpp_d': 0.03254982364882648, 'ign_k': 0.5131654955148326, 'ign_c': 0.11650681118986138, 'trop_agb_crit': 5.707205898008383, 'trop_k_veg': 0.9369104721775232, 'fuel_k': 0.05597555634027867, 'fuel_half': 1.3547291924247344}.
[I 2026-06-11 00:53:08,798] Trial 258 finished with values: [-0.6008497666313098, 0.5103739173543516] and parameters: {'k1': 0.00013783578294796384, 'D_low': 1.4045842344024697, 'k2': 1.915468390724633e-05, 'D_high': 204.16881527138202, 'fire_exp': 1.1258453832483524, 'P_half': 13.019246714361572, 'pre_dampen_half': 502.5175192217655, 'gpp_af': 0.005618069878716736, 'gpp_b': 7.402343469704428e-05, 'gpp_d': 2.8006820077310213, 'ign_k': 8.761971101023693, 'ign_c': 0.9294394155644988, 'trop_agb_crit': 9.836162684900028, 'trop_k_veg': 1.140286245977296, 'fuel_k': 3.6992394681929337, 'fuel_half': 2.9236782115513154}.
[I 2026-06-11 00:53:10,500] Trial 259 finished with values: [10.529002353696375, 10.529002353696375] and parameters: {'k1': 0.004312951023617458, 'D_low': 1.4045842344024697, 'k2': 0.015109086063191909, 'D_high': 3712.591045287726, 'fire_exp': 1.1258453832483524, 'P_half': 13.019246714361572, 'pre_dampen_half': 0.10609580257119508, 'gpp_af': 0.7539992074650279, 'gpp_b': 3.228689523591491e-05, 'gpp_d': 302.3127748796293, 'ign_k': 0.18170401889219123, 'ign_c': 3.0378658251922155, 'trop_agb_crit': 3.575594457014808, 'trop_k_veg': 1.7570501127699654, 'fuel_k': 0.24991287225033346, 'fuel_half': 2.100333410321807}.
[I 2026-06-11 00:53:11,877] Trial 260 finished with values: [10.08728616438562, 10.08728616438562] and parameters: {'k1': 0.00013783578294796384, 'D_low': 338.23872019362165, 'k2': 7.67074891445376e-05, 'D_high': 1024.9816559563214, 'fire_exp': 1.0881360604103363, 'P_half': 16.051347487097576, 'pre_dampen_half': 347.79988160923324, 'gpp_af': 0.326288637536534, 'gpp_b': 7.402343469704428e-05, 'gpp_d': 2.8006820077310213, 'ign_k': 4.591485216740537, 'ign_c': 6.390695092073219, 'trop_agb_crit': 21.825752290961518, 'trop_k_veg': 2.8224577471047865, 'fuel_k': 3.6992394681929337, 'fuel_half': 0.6370755274604819}.
[I 2026-06-11 00:53:13,248] Trial 261 finished with values: [10.699668485697835, 10.699668485697835] and parameters: {'k1': 0.05233480488540085, 'D_low': 19.4230157499841, 'k2': 1.915468390724633e-05, 'D_high': 204.16881527138202, 'fire_exp': 1.182396148413737, 'P_half': 1938.3858782150498, 'pre_dampen_half': 33.9790424311127, 'gpp_af': 0.0025511964576171086, 'gpp_b': 3.228689523591491e-05, 'gpp_d': 295.4581800800121, 'ign_k': 0.018707420137660268, 'ign_c': 3.0378658251922155, 'trop_agb_crit': 15.870971677383487, 'trop_k_veg': 1.6340262437673854, 'fuel_k': 1.8731335591844642, 'fuel_half': 52.00581729114123}.
[I 2026-06-11 00:53:14,581] Trial 262 finished with values: [10.161785677778285, 10.161785677778285] and parameters: {'k1': 0.00013783578294796384, 'D_low': 1.4045842344024697, 'k2': 1.127217425995114e-05, 'D_high': 1024.9816559563214, 'fire_exp': 1.0629462657398439, 'P_half': 13.019246714361572, 'pre_dampen_half': 502.5175192217655, 'gpp_af': 0.015769192447197523, 'gpp_b': 0.00023973289798891726, 'gpp_d': 2.8006820077310213, 'ign_k': 8.761971101023693, 'ign_c': 0.9294394155644988, 'trop_agb_crit': 19.28597237496244, 'trop_k_veg': 4.1309639246402785, 'fuel_k': 0.04572914063536324, 'fuel_half': 7.860326410149304}.
[I 2026-06-11 00:53:15,923] Trial 263 finished with values: [10.687652440884985, 10.687652440884985] and parameters: {'k1': 7.118997101275657e-05, 'D_low': 2.5379946629058443, 'k2': 0.0005708731724249573, 'D_high': 1390.2686711035008, 'fire_exp': 1.182396148413737, 'P_half': 1938.3858782150498, 'pre_dampen_half': 33.9790424311127, 'gpp_af': 0.0025511964576171086, 'gpp_b': 1.7565109007473816e-05, 'gpp_d': 302.3127748796293, 'ign_k': 3.284529979576944, 'ign_c': 3.0378658251922155, 'trop_agb_crit': 21.825752290961518, 'trop_k_veg': 1.6340262437673854, 'fuel_k': 1.8731335591844642, 'fuel_half': 38.211294416912246}.
[I 2026-06-11 00:53:17,263] Trial 264 finished with values: [10.380875800042652, 10.380875800042652] and parameters: {'k1': 0.0015974581244256687, 'D_low': 2.2281634177046414, 'k2': 0.0007081721844034209, 'D_high': 9769.756791866093, 'fire_exp': 1.0881360604103363, 'P_half': 16.051347487097576, 'pre_dampen_half': 36.876350096203005, 'gpp_af': 0.326288637536534, 'gpp_b': 0.011750724729953272, 'gpp_d': 314.6826989726468, 'ign_k': 0.034321391362415854, 'ign_c': 14.935213816355384, 'trop_agb_crit': 6.1198430581046965, 'trop_k_veg': 2.8224577471047865, 'fuel_k': 0.05597555634027867, 'fuel_half': 0.12399445060149628}.
[I 2026-06-11 00:53:18,615] Trial 265 finished with values: [10.566824486684114, 10.566824486684114] and parameters: {'k1': 0.00016480446427978953, 'D_low': 4.484744524732794, 'k2': 0.01567230746060024, 'D_high': 146.1896279370497, 'fire_exp': 1.0889492364376547, 'P_half': 16.051347487097576, 'pre_dampen_half': 502.5175192217655, 'gpp_af': 0.008562341633595545, 'gpp_b': 0.0054502936945582505, 'gpp_d': 9.004606022643067, 'ign_k': 0.02847858516856297, 'ign_c': 0.11650681118986138, 'trop_agb_crit': 26.402883285404346, 'trop_k_veg': 4.232850899624565, 'fuel_k': 0.09252659617259135, 'fuel_half': 81.8794158253808}.
[I 2026-06-11 00:53:19,963] Trial 266 finished with values: [10.515683598464804, 10.515683598464804] and parameters: {'k1': 0.00013783578294796384, 'D_low': 29.89885508829526, 'k2': 0.0007081721844034209, 'D_high': 9769.756791866093, 'fire_exp': 1.0881360604103363, 'P_half': 13.019246714361572, 'pre_dampen_half': 347.79988160923324, 'gpp_af': 29.925002022877802, 'gpp_b': 0.011750724729953272, 'gpp_d': 4.5768578731086835, 'ign_k': 0.0026834162496848666, 'ign_c': 0.9294394155644988, 'trop_agb_crit': 6.1198430581046965, 'trop_k_veg': 0.9793402026070162, 'fuel_k': 0.04572914063536324, 'fuel_half': 7.860326410149304}.
[I 2026-06-11 00:53:21,413] Trial 267 finished with values: [10.644219941646474, 10.644219941646474] and parameters: {'k1': 0.05233480488540085, 'D_low': 19.4230157499841, 'k2': 0.004042660783042889, 'D_high': 9769.756791866093, 'fire_exp': 1.3175349115759807, 'P_half': 5.575453980775371, 'pre_dampen_half': 0.6960360257735198, 'gpp_af': 29.925002022877802, 'gpp_b': 0.011750724729953272, 'gpp_d': 16.460426816350523, 'ign_k': 0.0026834162496848666, 'ign_c': 6.160975294741436, 'trop_agb_crit': 6.1198430581046965, 'trop_k_veg': 3.94974057158301, 'fuel_k': 3.884320409093511, 'fuel_half': 52.00581729114123}.
[I 2026-06-11 00:53:22,768] Trial 268 finished with values: [10.769230769178105, 10.769230769178105] and parameters: {'k1': 0.00013783578294796384, 'D_low': 1.4045842344024697, 'k2': 2.1698375693549493e-05, 'D_high': 28670.350305540705, 'fire_exp': 2.9731026683493726, 'P_half': 13.019246714361572, 'pre_dampen_half': 347.79988160923324, 'gpp_af': 0.015769192447197523, 'gpp_b': 6.444074720047013, 'gpp_d': 0.08465012008077429, 'ign_k': 8.761971101023693, 'ign_c': 3.0378658251922155, 'trop_agb_crit': 29.789943908227905, 'trop_k_veg': 1.6340262437673854, 'fuel_k': 0.04572914063536324, 'fuel_half': 15.29850686893745}.
[I 2026-06-11 00:53:24,105] Trial 269 finished with values: [-0.470895300156615, 0.940190886632258] and parameters: {'k1': 0.004312951023617458, 'D_low': 5.59983195169599, 'k2': 7.67074891445376e-05, 'D_high': 89263.11370835223, 'fire_exp': 1.0629462657398439, 'P_half': 220.3445560633069, 'pre_dampen_half': 502.5175192217655, 'gpp_af': 42.29037995744429, 'gpp_b': 0.00012118589392553798, 'gpp_d': 9.004606022643067, 'ign_k': 4.591485216740537, 'ign_c': 15.221840161091626, 'trop_agb_crit': 19.189415375617013, 'trop_k_veg': 0.5772603928610088, 'fuel_k': 3.6992394681929337, 'fuel_half': 52.00581729114123}.
[I 2026-06-11 00:53:25,480] Trial 270 finished with values: [10.70126266997573, 10.70126266997573] and parameters: {'k1': 0.05233480488540085, 'D_low': 19.4230157499841, 'k2': 0.0005708731724249573, 'D_high': 1390.2686711035008, 'fire_exp': 1.2310899049053081, 'P_half': 16.051347487097576, 'pre_dampen_half': 0.4016986062226067, 'gpp_af': 0.008562341633595545, 'gpp_b': 1.7565109007473816e-05, 'gpp_d': 16.460426816350523, 'ign_k': 0.0026834162496848666, 'ign_c': 6.160975294741436, 'trop_agb_crit': 5.707205898008383, 'trop_k_veg': 2.8224577471047865, 'fuel_k': 3.884320409093511, 'fuel_half': 52.00581729114123}.
[I 2026-06-11 00:53:26,875] Trial 271 finished with values: [10.66740100264304, 10.66740100264304] and parameters: {'k1': 0.00013783578294796384, 'D_low': 1.4045842344024697, 'k2': 0.03589155871450837, 'D_high': 1024.9816559563214, 'fire_exp': 3.1018148805490564, 'P_half': 13.019246714361572, 'pre_dampen_half': 502.5175192217655, 'gpp_af': 0.015769192447197523, 'gpp_b': 7.402343469704428e-05, 'gpp_d': 2.8006820077310213, 'ign_k': 8.761971101023693, 'ign_c': 0.9294394155644988, 'trop_agb_crit': 9.836162684900028, 'trop_k_veg': 0.5772603928610088, 'fuel_k': 0.04572914063536324, 'fuel_half': 7.860326410149304}.
[I 2026-06-11 00:53:28,205] Trial 272 finished with values: [10.655529732390848, 10.655529732390848] and parameters: {'k1': 0.00013783578294796384, 'D_low': 338.23872019362165, 'k2': 0.0005708731724249573, 'D_high': 28087.330790064407, 'fire_exp': 1.2310899049053081, 'P_half': 12.38905291855107, 'pre_dampen_half': 0.4016986062226067, 'gpp_af': 0.8226361776146098, 'gpp_b': 1.7565109007473816e-05, 'gpp_d': 2.292633983096564, 'ign_k': 0.003008686821445846, 'ign_c': 0.9294394155644988, 'trop_agb_crit': 13.98132484257899, 'trop_k_veg': 1.7570501127699654, 'fuel_k': 0.04572914063536324, 'fuel_half': 0.3335026483569958}.
[I 2026-06-11 00:53:29,520] Trial 273 finished with values: [10.5421513248779, 10.5421513248779] and parameters: {'k1': 0.00013783578294796384, 'D_low': 652.5765108342365, 'k2': 0.03589155871450837, 'D_high': 28087.330790064407, 'fire_exp': 1.6139358000526771, 'P_half': 24.184227958471602, 'pre_dampen_half': 76.38081075786287, 'gpp_af': 0.7539992074650279, 'gpp_b': 1.6569065206637924e-05, 'gpp_d': 2.292633983096564, 'ign_k': 0.003008686821445846, 'ign_c': 3.0378658251922155, 'trop_agb_crit': 3.575594457014808, 'trop_k_veg': 1.7570501127699654, 'fuel_k': 0.04572914063536324, 'fuel_half': 37.108168807575375}.
[I 2026-06-11 00:53:30,819] Trial 274 finished with values: [10.769230769178105, 10.769230769178105] and parameters: {'k1': 0.004312951023617458, 'D_low': 338.23872019362165, 'k2': 7.67074891445376e-05, 'D_high': 12125.157220460196, 'fire_exp': 1.0629462657398439, 'P_half': 2394.048324276471, 'pre_dampen_half': 502.5175192217655, 'gpp_af': 42.29037995744429, 'gpp_b': 0.00012118589392553798, 'gpp_d': 6.913948698657619, 'ign_k': 0.5131654955148326, 'ign_c': 110.68683358440691, 'trop_agb_crit': 19.28597237496244, 'trop_k_veg': 0.9369104721775232, 'fuel_k': 3.6992394681929337, 'fuel_half': 42.6871254378718}.
[I 2026-06-11 00:53:32,139] Trial 275 finished with values: [10.16890826164497, 10.16890826164497] and parameters: {'k1': 0.003242143344038315, 'D_low': 1.4045842344024697, 'k2': 1.127217425995114e-05, 'D_high': 1024.9816559563214, 'fire_exp': 1.2310899049053081, 'P_half': 136.0956887810302, 'pre_dampen_half': 294.75617712568373, 'gpp_af': 0.015769192447197523, 'gpp_b': 1.7565109007473816e-05, 'gpp_d': 2.8006820077310213, 'ign_k': 0.5131654955148326, 'ign_c': 0.11650681118986138, 'trop_agb_crit': 5.707205898008383, 'trop_k_veg': 0.9369104721775232, 'fuel_k': 0.04572914063536324, 'fuel_half': 7.860326410149304}.
[I 2026-06-11 00:53:33,499] Trial 276 finished with values: [10.659128502620907, 10.659128502620907] and parameters: {'k1': 0.003198020818004832, 'D_low': 414.99690434975446, 'k2': 3.349496364344092e-05, 'D_high': 30608.522106722474, 'fire_exp': 1.182396148413737, 'P_half': 1938.3858782150498, 'pre_dampen_half': 33.9790424311127, 'gpp_af': 0.12243451886824051, 'gpp_b': 1.56731783988398e-05, 'gpp_d': 9.004606022643067, 'ign_k': 0.018707420137660268, 'ign_c': 0.11650681118986138, 'trop_agb_crit': 21.825752290961518, 'trop_k_veg': 2.8224577471047865, 'fuel_k': 1.8731335591844642, 'fuel_half': 1.3547291924247344}.
[I 2026-06-11 00:53:34,861] Trial 277 finished with values: [10.344362959690567, 10.344362959690567] and parameters: {'k1': 0.00013783578294796384, 'D_low': 4.484744524732794, 'k2': 7.67074891445376e-05, 'D_high': 1919.1689944397538, 'fire_exp': 1.1258453832483524, 'P_half': 13.019246714361572, 'pre_dampen_half': 502.5175192217655, 'gpp_af': 0.015769192447197523, 'gpp_b': 7.402343469704428e-05, 'gpp_d': 16.460426816350523, 'ign_k': 0.02847858516856297, 'ign_c': 0.9294394155644988, 'trop_agb_crit': 26.402883285404346, 'trop_k_veg': 4.1309639246402785, 'fuel_k': 4.680936683972861, 'fuel_half': 57.882001937752435}.
[I 2026-06-11 00:53:36,235] Trial 278 finished with values: [10.657434337647004, 10.657434337647004] and parameters: {'k1': 0.0029282035181080004, 'D_low': 2.2281634177046414, 'k2': 1.915468390724633e-05, 'D_high': 3712.591045287726, 'fire_exp': 1.0629462657398439, 'P_half': 1535.1441568398143, 'pre_dampen_half': 36.876350096203005, 'gpp_af': 0.25562996323356024, 'gpp_b': 0.011750724729953272, 'gpp_d': 314.6826989726468, 'ign_k': 4.591485216740537, 'ign_c': 15.221840161091626, 'trop_agb_crit': 2.419699259862185, 'trop_k_veg': 0.6921865222804094, 'fuel_k': 3.6992394681929337, 'fuel_half': 81.8794158253808}.
[I 2026-06-11 00:53:37,533] Trial 279 finished with values: [10.656848281113202, 10.656848281113202] and parameters: {'k1': 0.00016480446427978953, 'D_low': 125.61043700013555, 'k2': 0.01567230746060024, 'D_high': 146.1896279370497, 'fire_exp': 1.1258453832483524, 'P_half': 13.019246714361572, 'pre_dampen_half': 347.79988160923324, 'gpp_af': 0.004225994826142428, 'gpp_b': 0.0054502936945582505, 'gpp_d': 2.8006820077310213, 'ign_k': 0.006290644294586149, 'ign_c': 55.24095129928624, 'trop_agb_crit': 29.789943908227905, 'trop_k_veg': 1.64857963637888, 'fuel_k': 0.487361804838494, 'fuel_half': 0.32476735706274484}.
