[I 2026-08-05 23:11:24,324] Trial 90 finished with values: [10.755077362716193, 10.755077362716193] and parameters: {'k1': 0.0002656971546588439, 'D_low': 1112.9571947046009, 'k2': 8.923807143379776e-05, 'D_high': 8182.111518618414, 'fire_exp': 1.264103030891254, 'P_half': 338.23872019362165, 'pre_dampen_half': 0.16974173693738634, 'gpp_af': 0.006359264168909611, 'gpp_b': 0.00013164432569139702, 'gpp_d': 150.14555442537656, 'ign_k': 0.019192001101561888, 'ign_c': 0.557280750002996}.
[I 2026-08-05 23:11:25,463] Trial 91 finished with values: [10.769230769178105, 10.769230769178105] and parameters: {'k1': 0.0010557345038524782, 'D_low': 2.5379946629058443, 'k2': 0.002791367011873748, 'D_high': 11.815190690253214, 'fire_exp': 1.182396148413737, 'P_half': 1938.3858782150498, 'pre_dampen_half': 33.9790424311127, 'gpp_af': 2.8805537835688413, 'gpp_b': 0.08161454372835547, 'gpp_d': 857.4284557962634, 'ign_k': 0.7058572590901792, 'ign_c': 307.96093943652454}.
[I 2026-08-05 23:11:26,615] Trial 92 finished with values: [10.76264876251934, 10.76264876251934] and parameters: {'k1': 0.00035868164986275477, 'D_low': 12.172958098369968, 'k2': 0.02065142557895925, 'D_high': 267.3088310781672, 'fire_exp': 1.9095652801045373, 'P_half': 148.17820606039086, 'pre_dampen_half': 0.050654860639753524, 'gpp_af': 10.25616274847308, 'gpp_b': 2.800940363375676e-05, 'gpp_d': 859.8737339212263, 'ign_k': 1.2273800987852967, 'ign_c': 0.6235377135673155}.
[I 2026-08-05 23:11:27,727] Trial 93 finished with values: [10.734770238348068, 10.734770238348068] and parameters: {'k1': 0.00016536937182824412, 'D_low': 2.458603276328005, 'k2': 0.005456725485601475, 'D_high': 53514.70428717441, 'fire_exp': 3.7748863822506733, 'P_half': 95.65499215943822, 'pre_dampen_half': 0.014857392806279237, 'gpp_af': 35.20481045526041, 'gpp_b': 0.0004837646996135023, 'gpp_d': 20.54051942538844, 'ign_k': 0.3818468247973969, 'ign_c': 12.03017887115466}.
[I 2026-08-05 23:11:28,849] Trial 94 finished with values: [10.574929635375174, 10.574929635375174] and parameters: {'k1': 3.252245757497282e-05, 'D_low': 1112.9571947046009, 'k2': 3.5917714215176105e-05, 'D_high': 8182.111518618414, 'fire_exp': 1.5201277403788451, 'P_half': 24.136213194527585, 'pre_dampen_half': 304.7488318185732, 'gpp_af': 0.47739011308437823, 'gpp_b': 3.481277316673104e-05, 'gpp_d': 150.14555442537656, 'ign_k': 0.019192001101561888, 'ign_c': 0.1457050032975653}.
[I 2026-08-05 23:11:30,008] Trial 95 finished with values: [10.768670255911395, 10.768670255911395] and parameters: {'k1': 0.02714257255218683, 'D_low': 51.9967392387832, 'k2': 0.010080550999930625, 'D_high': 249.36660834465195, 'fire_exp': 1.2680134752324452, 'P_half': 4075.7883791361783, 'pre_dampen_half': 3.3594011166738142, 'gpp_af': 7.9319091138570625, 'gpp_b': 0.000832333943844274, 'gpp_d': 6.693694972526552, 'ign_k': 0.004431133722857619, 'ign_c': 392.8409513479224}.
[I 2026-08-05 23:11:31,112] Trial 96 finished with values: [10.716674050659389, 10.716674050659389] and parameters: {'k1': 0.006117912981900519, 'D_low': 29.89885508829526, 'k2': 2.316457903103837e-05, 'D_high': 949.9072859745386, 'fire_exp': 1.14171776851287, 'P_half': 157.80309954142965, 'pre_dampen_half': 1.6130673726933187, 'gpp_af': 29.925002022877802, 'gpp_b': 0.011750724729953272, 'gpp_d': 4.5768578731086835, 'ign_k': 0.0026834162496848666, 'ign_c': 6.160975294741436}.
[I 2026-08-05 23:11:32,238] Trial 97 finished with values: [10.567716845772786, 10.567716845772786] and parameters: {'k1': 0.04897760278488444, 'D_low': 2.458603276328005, 'k2': 0.08790311296857814, 'D_high': 10316.033434719713, 'fire_exp': 2.3782613909771353, 'P_half': 2.157758652553991, 'pre_dampen_half': 76.86605275420082, 'gpp_af': 35.20481045526041, 'gpp_b': 0.003510201564752293, 'gpp_d': 34.37107943937136, 'ign_k': 0.017654048052495083, 'ign_c': 9.34330265731847}.
[I 2026-08-05 23:11:33,359] Trial 98 finished with values: [10.723172603517993, 10.723172603517993] and parameters: {'k1': 0.021368329072358756, 'D_low': 4.075267974954964, 'k2': 0.0001870742013766025, 'D_high': 27.55546207779663, 'fire_exp': 1.6901885781909627, 'P_half': 51.10120656497163, 'pre_dampen_half': 7.6110013825922485, 'gpp_af': 20.12115544906385, 'gpp_b': 1.1008110571039521e-05, 'gpp_d': 3.57879245350232, 'ign_k': 0.0467351899956275, 'ign_c': 0.773448215664679}.
[I 2026-08-05 23:11:34,541] Trial 99 finished with values: [10.769230769178105, 10.769230769178105] and parameters: {'k1': 0.0002656971546588439, 'D_low': 8832.039346746853, 'k2': 0.0026491056409715568, 'D_high': 88.90110660871557, 'fire_exp': 1.264103030891254, 'P_half': 4.087300390305745, 'pre_dampen_half': 0.029401794589686385, 'gpp_af': 0.06895710419314548, 'gpp_b': 0.00013164432569139702, 'gpp_d': 0.16593890383815796, 'ign_k': 0.26721460136202413, 'ign_c': 386.4218705871767}.
[I 2026-08-05 23:11:35,655] Trial 100 finished with values: [10.723269517565313, 10.723269517565313] and parameters: {'k1': 0.03232155805617897, 'D_low': 98.57545621889057, 'k2': 0.006138509947844854, 'D_high': 6455.595882939566, 'fire_exp': 2.2881850891698634, 'P_half': 958.8659498594012, 'pre_dampen_half': 111.37963167994629, 'gpp_af': 0.004344117003966495, 'gpp_b': 0.0035057749039614167, 'gpp_d': 0.6537496690081765, 'ign_k': 0.8826264591983531, 'ign_c': 19.19168994439752}.
[I 2026-08-05 23:11:36,795] Trial 101 finished with values: [10.763683125564826, 10.763683125564826] and parameters: {'k1': 0.016973078532467004, 'D_low': 175.2878790340412, 'k2': 0.0001870742013766025, 'D_high': 411.0848435021235, 'fire_exp': 1.3614924220931135, 'P_half': 51.10120656497163, 'pre_dampen_half': 59.66041614891413, 'gpp_af': 20.12115544906385, 'gpp_b': 4.038332634638232, 'gpp_d': 3.57879245350232, 'ign_k': 0.0035114452581286888, 'ign_c': 0.11433485956638717}.
[I 2026-08-05 23:11:37,993] Trial 102 finished with values: [10.7692307685657, 10.7692307685657] and parameters: {'k1': 0.05217998579193211, 'D_low': 168.67533138445359, 'k2': 0.0019339745640818936, 'D_high': 131.80029267201175, 'fire_exp': 5.881565436248893, 'P_half': 5.59983195169599, 'pre_dampen_half': 0.4153327541909818, 'gpp_af': 0.13402388198950174, 'gpp_b': 0.011108675282673156, 'gpp_d': 0.16294786031575217, 'ign_k': 0.002879700348528891, 'ign_c': 503.8184316297588}.
[I 2026-08-05 23:11:39,163] Trial 103 finished with values: [10.759217885916515, 10.759217885916515] and parameters: {'k1': 2.0937989739527727e-05, 'D_low': 125.32726386250698, 'k2': 0.02065142557895925, 'D_high': 267.3088310781672, 'fire_exp': 1.2943117749495199, 'P_half': 63.585411411994926, 'pre_dampen_half': 703.6426675556048, 'gpp_af': 10.25616274847308, 'gpp_b': 2.800940363375676e-05, 'gpp_d': 0.19476644406315288, 'ign_k': 0.0048255892187380085, 'ign_c': 0.6235377135673155}.
[I 2026-08-05 23:11:40,384] Trial 104 finished with values: [10.769230769178105, 10.769230769178105] and parameters: {'k1': 0.014666151770108535, 'D_low': 2.83760658543459, 'k2': 0.015109330261674455, 'D_high': 949.9072859745386, 'fire_exp': 9.65697704255972, 'P_half': 2267.735223551285, 'pre_dampen_half': 0.09467055845337147, 'gpp_af': 27.448645214004376, 'gpp_b': 5.5972678141182876e-05, 'gpp_d': 0.03848886303127135, 'ign_k': 0.0037322156377670697, 'ign_c': 111.18405953132105}.
[I 2026-08-05 23:11:41,557] Trial 105 finished with values: [10.766702056567508, 10.766702056567508] and parameters: {'k1': 0.004579192310322934, 'D_low': 2.843767489444367, 'k2': 0.0499774937030317, 'D_high': 32311.521854410956, 'fire_exp': 1.811096651915224, 'P_half': 436.4516946807792, 'pre_dampen_half': 1.5691864266263484, 'gpp_af': 0.5970408652384318, 'gpp_b': 0.015062722325200045, 'gpp_d': 0.1619054449471649, 'ign_k': 0.002357279455676982, 'ign_c': 388.02797007866826}.
[I 2026-08-05 23:11:42,726] Trial 106 finished with values: [10.76240789234467, 10.76240789234467] and parameters: {'k1': 0.00010436686039715205, 'D_low': 532.1216007763549, 'k2': 0.010987817552608315, 'D_high': 2412.9868904539244, 'fire_exp': 2.961939534707384, 'P_half': 4.397766894483963, 'pre_dampen_half': 0.5550617910625242, 'gpp_af': 2.8805537835688413, 'gpp_b': 0.9631999397024836, 'gpp_d': 668.5510162938966, 'ign_k': 4.8235582830244885, 'ign_c': 0.8891936446296247}.
[I 2026-08-05 23:11:43,850] Trial 107 finished with values: [-0.5491739533542914, 0.9430843111721577] and parameters: {'k1': 0.02641449645424223, 'D_low': 2.1234210963705626, 'k2': 0.031211489608802344, 'D_high': 48249.14281180252, 'fire_exp': 3.1018148805490564, 'P_half': 12.808863354047988, 'pre_dampen_half': 107.40052367919465, 'gpp_af': 5.511863475708366, 'gpp_b': 0.00012797528816608022, 'gpp_d': 223.60515435267138, 'ign_k': 0.34703605955441524, 'ign_c': 8.671454322584175}.
[I 2026-08-05 23:11:45,005] Trial 108 finished with values: [10.74436365619539, 10.74436365619539] and parameters: {'k1': 7.841214856323651e-05, 'D_low': 118.94665366442581, 'k2': 0.02065142557895925, 'D_high': 75773.14388518519, 'fire_exp': 1.1044852285094786, 'P_half': 3669.20903969591, 'pre_dampen_half': 0.050654860639753524, 'gpp_af': 92.21975850381763, 'gpp_b': 2.800940363375676e-05, 'gpp_d': 859.8737339212263, 'ign_k': 1.2273800987852967, 'ign_c': 12.37061744238074}.
[I 2026-08-05 23:11:46,158] Trial 109 finished with values: [10.769230762062353, 10.769230762062353] and parameters: {'k1': 0.015602015889668856, 'D_low': 1636.5290600718067, 'k2': 0.006424916813668931, 'D_high': 2317.9376139410874, 'fire_exp': 7.762566645187935, 'P_half': 1687.869855879562, 'pre_dampen_half': 896.4492537002844, 'gpp_af': 0.11563475499641605, 'gpp_b': 0.0017065087316216368, 'gpp_d': 0.9885838682552678, 'ign_k': 0.001655947467404601, 'ign_c': 14.810800730363484}.
[I 2026-08-05 23:11:47,285] Trial 110 finished with values: [10.765400159690952, 10.765400159690952] and parameters: {'k1': 4.739584301027366e-05, 'D_low': 13.012518385211498, 'k2': 0.0027431991397796683, 'D_high': 22.636544662054543, 'fire_exp': 1.3201882743050743, 'P_half': 69.68111190775313, 'pre_dampen_half': 0.4742269251269962, 'gpp_af': 0.0662749342026412, 'gpp_b': 0.010483435442445016, 'gpp_d': 28.312234265202243, 'ign_k': 0.0014363112408604436, 'ign_c': 157.63098727399432}.
[I 2026-08-05 23:11:48,386] Trial 111 finished with values: [10.727276901429393, 10.727276901429393] and parameters: {'k1': 0.002971796631657383, 'D_low': 74.92772870670282, 'k2': 0.0007081721844034209, 'D_high': 9769.756791866093, 'fire_exp': 1.0881360604103363, 'P_half': 1627.0983114897251, 'pre_dampen_half': 53.73093479067421, 'gpp_af': 29.925002022877802, 'gpp_b': 0.011750724729953272, 'gpp_d': 4.5768578731086835, 'ign_k': 0.0026834162496848666, 'ign_c': 298.123706972088}.
[I 2026-08-05 23:11:49,507] Trial 112 finished with values: [10.545207681891313, 10.545207681891313] and parameters: {'k1': 0.025383218374507292, 'D_low': 18.522006003174383, 'k2': 4.763991596630584e-05, 'D_high': 1687.3495104568947, 'fire_exp': 1.010722707674549, 'P_half': 608.3019192425825, 'pre_dampen_half': 14.689898077648792, 'gpp_af': 22.766850248686247, 'gpp_b': 0.6637926838138378, 'gpp_d': 891.8036602897795, 'ign_k': 3.7173717478250508, 'ign_c': 14.367095138664217}.
[I 2026-08-05 23:11:50,682] Trial 113 finished with values: [10.76203630483261, 10.76203630483261] and parameters: {'k1': 0.00488137519160367, 'D_low': 918.4900818511542, 'k2': 8.923807143379776e-05, 'D_high': 8182.111518618414, 'fire_exp': 2.332293128354265, 'P_half': 14.94057723907974, 'pre_dampen_half': 14.711215379121963, 'gpp_af': 11.234842109991876, 'gpp_b': 1.5938003265859821, 'gpp_d': 368.30088529547436, 'ign_k': 0.11101191524846071, 'ign_c': 10.140635645866492}.
[I 2026-08-05 23:11:51,828] Trial 114 finished with values: [10.769230769178105, 10.769230769178105] and parameters: {'k1': 0.00324789183891923, 'D_low': 2.1234210963705626, 'k2': 6.290644294586152e-05, 'D_high': 1140.0863701127325, 'fire_exp': 3.9121416285496955, 'P_half': 1.533916259116362, 'pre_dampen_half': 107.40052367919465, 'gpp_af': 5.511863475708366, 'gpp_b': 0.00012797528816608022, 'gpp_d': 0.11136446029400991, 'ign_k': 7.2866537374910445, 'ign_c': 171.23375973163948}.
[I 2026-08-05 23:11:52,925] Trial 115 finished with values: [10.769230769178105, 10.769230769178105] and parameters: {'k1': 0.008715336806899437, 'D_low': 74.92772870670282, 'k2': 1.6796279878430503e-05, 'D_high': 215.7727947769347, 'fire_exp': 2.5013167628643336, 'P_half': 395.22208819061166, 'pre_dampen_half': 4.863825828994056, 'gpp_af': 0.11563475499641605, 'gpp_b': 5.9297350775555, 'gpp_d': 76.2192732934521, 'ign_k': 0.02307884981527798, 'ign_c': 528.4809078673597}.
[I 2026-08-05 23:11:54,085] Trial 116 finished with values: [10.768557602568563, 10.768557602568563] and parameters: {'k1': 0.004579192310322934, 'D_low': 123.66924205139141, 'k2': 1.1184534120760473e-05, 'D_high': 32270.237615157977, 'fire_exp': 2.4685680709443356, 'P_half': 1846.7059900514498, 'pre_dampen_half': 1.5691864266263484, 'gpp_af': 39.744595568350256, 'gpp_b': 0.005971435064832835, 'gpp_d': 0.32128420171885896, 'ign_k': 0.9782222138048976, 'ign_c': 10.253722513378378}.
[I 2026-08-05 23:11:55,225] Trial 117 finished with values: [10.768799315069458, 10.768799315069458] and parameters: {'k1': 0.014666151770108535, 'D_low': 1440.3650379563878, 'k2': 2.316457903103837e-05, 'D_high': 3550.0125258511603, 'fire_exp': 1.14171776851287, 'P_half': 157.80309954142965, 'pre_dampen_half': 1.6130673726933187, 'gpp_af': 27.448645214004376, 'gpp_b': 0.36703737625293875, 'gpp_d': 0.03848886303127135, 'ign_k': 0.0037322156377670697, 'ign_c': 9.444574254983557}.
[I 2026-08-05 23:11:56,372] Trial 118 finished with values: [10.679900711198844, 10.679900711198844] and parameters: {'k1': 0.014666151770108535, 'D_low': 9.330007965781027, 'k2': 0.00011939136672856547, 'D_high': 949.9072859745386, 'fire_exp': 1.0473002272689056, 'P_half': 19.4230157499841, 'pre_dampen_half': 1.6130673726933187, 'gpp_af': 0.04339970334001348, 'gpp_b': 5.2308563179361105e-05, 'gpp_d': 0.03848886303127135, 'ign_k': 0.0037322156377670697, 'ign_c': 2.4287565087611744}.
[I 2026-08-05 23:11:57,473] Trial 119 finished with values: [10.614874653921635, 10.614874653921635] and parameters: {'k1': 0.03699867920489089, 'D_low': 334.62201030483817, 'k2': 1.1184534120760473e-05, 'D_high': 75773.14388518519, 'fire_exp': 1.1044852285094786, 'P_half': 93.34064019986363, 'pre_dampen_half': 0.09467055845337147, 'gpp_af': 4.095062894476692, 'gpp_b': 2.7719116797094715e-05, 'gpp_d': 5.878566318396007, 'ign_k': 0.3818468247973969, 'ign_c': 0.5110256715654393}.
[I 2026-08-05 23:11:58,586] Trial 120 finished with values: [10.769005987602311, 10.769005987602311] and parameters: {'k1': 2.0937989739527727e-05, 'D_low': 125.32726386250698, 'k2': 0.0009299619346742016, 'D_high': 107.88909575795405, 'fire_exp': 1.2943117749495199, 'P_half': 39.03214299767183, 'pre_dampen_half': 2.9046276683520458, 'gpp_af': 0.04403094955951772, 'gpp_b': 0.7987896438549947, 'gpp_d': 0.15875524914818662, 'ign_k': 0.002011190979341457, 'ign_c': 2.442377596403893}.
[I 2026-08-05 23:11:59,690] Trial 121 finished with values: [10.75973652973051, 10.75973652973051] and parameters: {'k1': 0.03232155805617897, 'D_low': 918.4900818511542, 'k2': 0.015109330261674455, 'D_high': 6455.595882939566, 'fire_exp': 5.463881201328881, 'P_half': 14.94057723907974, 'pre_dampen_half': 111.37963167994629, 'gpp_af': 4.095062894476692, 'gpp_b': 1.5938003265859821, 'gpp_d': 368.30088529547436, 'ign_k': 0.11101191524846071, 'ign_c': 0.5110256715654393}.
[I 2026-08-05 23:12:00,878] Trial 122 finished with values: [10.766095945392687, 10.766095945392687] and parameters: {'k1': 0.00488137519160367, 'D_low': 1112.9571947046009, 'k2': 8.923807143379776e-05, 'D_high': 8182.111518618414, 'fire_exp': 2.332293128354265, 'P_half': 338.23872019362165, 'pre_dampen_half': 14.711215379121963, 'gpp_af': 0.47739011308437823, 'gpp_b': 0.005167823176781545, 'gpp_d': 150.14555442537656, 'ign_k': 0.019192001101561888, 'ign_c': 0.557280750002996}.
[I 2026-08-05 23:12:02,053] Trial 123 finished with values: [10.711336370729413, 10.711336370729413] and parameters: {'k1': 0.01783192664937594, 'D_low': 2.458603276328005, 'k2': 0.08790311296857814, 'D_high': 576.2487216478603, 'fire_exp': 1.324458134009935, 'P_half': 95.65499215943822, 'pre_dampen_half': 76.86605275420082, 'gpp_af': 0.6194713831445294, 'gpp_b': 0.0003570095960030948, 'gpp_d': 0.13274681648778813, 'ign_k': 0.0027847738314446878, 'ign_c': 12.03017887115466}.
[I 2026-08-05 23:12:03,242] Trial 124 finished with values: [10.76263512681252, 10.76263512681252] and parameters: {'k1': 0.02641449645424223, 'D_low': 64.52946500764233, 'k2': 0.0007883068789768041, 'D_high': 54.1524411940254, 'fire_exp': 2.0148477884158655, 'P_half': 125.61043700013555, 'pre_dampen_half': 1.4445251022763053, 'gpp_af': 0.14765842992482675, 'gpp_b': 0.0024605285374226047, 'gpp_d': 0.05061568304359488, 'ign_k': 0.34703605955441524, 'ign_c': 0.15178052094448868}.
[I 2026-08-05 23:12:04,391] Trial 125 finished with values: [10.769167769171197, 10.769167769171197] and parameters: {'k1': 1.2629989039319992e-05, 'D_low': 7089.141723796886, 'k2': 0.0007883068789768041, 'D_high': 24.622754931226588, 'fire_exp': 3.1018148805490564, 'P_half': 78.32259769732477, 'pre_dampen_half': 0.07345296810407675, 'gpp_af': 0.017832592720985762, 'gpp_b': 0.01974058362112495, 'gpp_d': 37.40930273158252, 'ign_k': 0.34703605955441524, 'ign_c': 0.5076307782729895}.
[I 2026-08-05 23:12:05,519] Trial 126 finished with values: [10.769230769178105, 10.769230769178105] and parameters: {'k1': 0.0012329098365270509, 'D_low': 51.30551760589834, 'k2': 0.0499774937030317, 'D_high': 32311.521854410956, 'fire_exp': 1.811096651915224, 'P_half': 436.4516946807792, 'pre_dampen_half': 0.37306104754535907, 'gpp_af': 0.34902252478382495, 'gpp_b': 2.788681037423117, 'gpp_d': 0.1619054449471649, 'ign_k': 0.09850790683119273, 'ign_c': 105.24574681335613}.
[I 2026-08-05 23:12:06,725] Trial 127 finished with values: [10.768887433646078, 10.768887433646078] and parameters: {'k1': 0.0004739164656764018, 'D_low': 123.66924205139141, 'k2': 0.0027431991397796683, 'D_high': 1024.9816559563214, 'fire_exp': 2.4685680709443356, 'P_half': 4564.399028622418, 'pre_dampen_half': 0.6485888757042115, 'gpp_af': 0.015769192447197523, 'gpp_b': 7.402343469704428e-05, 'gpp_d': 0.32128420171885896, 'ign_k': 0.9782222138048976, 'ign_c': 10.253722513378378}.
[I 2026-08-05 23:12:07,961] Trial 128 finished with values: [10.76922732914975, 10.76922732914975] and parameters: {'k1': 0.00017535949529764417, 'D_low': 19.986340778528874, 'k2': 0.02207600491318518, 'D_high': 3550.0125258511603, 'fire_exp': 2.5642061910321017, 'P_half': 77.42116473996248, 'pre_dampen_half': 0.06055990892372905, 'gpp_af': 0.017832592720985762, 'gpp_b': 0.36703737625293875, 'gpp_d': 6.403036652671167, 'ign_k': 1.2130221181165162, 'ign_c': 9.444574254983557}.
[I 2026-08-05 23:12:09,149] Trial 129 finished with values: [10.750744750224847, 10.750744750224847] and parameters: {'k1': 0.005967518552547517, 'D_low': 9.330007965781027, 'k2': 0.00011939136672856547, 'D_high': 322.951013956506, 'fire_exp': 1.182396148413737, 'P_half': 210.0648561959641, 'pre_dampen_half': 0.11408801789211462, 'gpp_af': 0.0025511964576171086, 'gpp_b': 3.228689523591491e-05, 'gpp_d': 5.1715677287580455, 'ign_k': 0.010167079878196114, 'ign_c': 52.04862686958018}.
[I 2026-08-05 23:12:10,339] Trial 130 finished with values: [10.764516422962656, 10.764516422962656] and parameters: {'k1': 0.02714257255218683, 'D_low': 532.1216007763549, 'k2': 0.010080550999930625, 'D_high': 2412.9868904539244, 'fire_exp': 2.961939534707384, 'P_half': 4.397766894483963, 'pre_dampen_half': 0.5550617910625242, 'gpp_af': 2.8805537835688413, 'gpp_b': 0.9631999397024836, 'gpp_d': 300.3420512048734, 'ign_k': 4.8235582830244885, 'ign_c': 0.11049703024154134}.
[I 2026-08-05 23:12:11,607] Trial 131 finished with values: [10.740610348217956, 10.740610348217956] and parameters: {'k1': 0.003381093273170853, 'D_low': 51.9967392387832, 'k2': 0.010080550999930625, 'D_high': 10427.291060979045, 'fire_exp': 1.151006986743773, 'P_half': 4075.7883791361783, 'pre_dampen_half': 107.40052367919465, 'gpp_af': 5.511863475708366, 'gpp_b': 0.00012797528816608022, 'gpp_d': 0.11136446029400991, 'ign_k': 0.03604182012888638, 'ign_c': 0.11049703024154134}.
[I 2026-08-05 23:12:12,778] Trial 132 finished with values: [10.763299305853385, 10.763299305853385] and parameters: {'k1': 0.0029707920514735983, 'D_low': 7126.727573532312, 'k2': 3.5917714215176105e-05, 'D_high': 7744.80118512745, 'fire_exp': 1.182396148413737, 'P_half': 24.136213194527585, 'pre_dampen_half': 4.350163152436989, 'gpp_af': 0.001162712343304238, 'gpp_b': 3.228689523591491e-05, 'gpp_d': 857.4284557962634, 'ign_k': 0.03141110271934876, 'ign_c': 12.37061744238074}.
[I 2026-08-05 23:12:13,932] Trial 133 finished with values: [10.60196763772928, 10.60196763772928] and parameters: {'k1': 0.03699867920489089, 'D_low': 2.1234210963705626, 'k2': 1.1184534120760473e-05, 'D_high': 8241.92526487646, 'fire_exp': 1.151006986743773, 'P_half': 12.808863354047988, 'pre_dampen_half': 0.6199100007802261, 'gpp_af': 4.095062894476692, 'gpp_b': 0.0024194895091734425, 'gpp_d': 5.878566318396007, 'ign_k': 0.3818468247973969, 'ign_c': 8.671454322584175}.
[I 2026-08-05 23:12:15,080] Trial 134 finished with values: [10.721285996027133, 10.721285996027133] and parameters: {'k1': 1.1102341430568339e-05, 'D_low': 918.4900818511542, 'k2': 0.006138509947844854, 'D_high': 6455.595882939566, 'fire_exp': 1.1044852285094786, 'P_half': 215.55950571043874, 'pre_dampen_half': 53.73093479067421, 'gpp_af': 11.234842109991876, 'gpp_b': 0.0025416076006960116, 'gpp_d': 368.30088529547436, 'ign_k': 0.11101191524846071, 'ign_c': 45.097190641534816}.
