[I 2026-06-10 21:19:51,950] Trial 370 finished with values: [13.490545327982819, 13.490545327982819] and parameters: {'k1': 0.0009898117700885534, 'D_low': 1074.940539517341, 'k2': 0.0001870742013766025, 'D_high': 27.55546207779663, 'fire_exp': 1.111738490499784, 'P_half': 51.10120656497163, 'pre_dampen_half': 189.36639872354493, 'gpp_af': 20.12115544906385, 'gpp_b': 1.1008110571039521e-05, 'gpp_d': 0.030844007727232167, 'ign_k': 0.0467351899956275, 'ign_c': 0.773448215664679, 'trop_agb_crit': 1.8023542850487386, 'trop_k_veg': 1.2749676887479542, 'fire_amp': 5.416595007374148}.
[I 2026-06-10 21:19:53,572] Trial 371 finished with values: [10.549095297861165, 10.549095297861165] and parameters: {'k1': 0.012840669372724958, 'D_low': 171.2446447678494, 'k2': 8.968733598183248e-05, 'D_high': 24.9899605789089, 'fire_exp': 1.5305744365500176, 'P_half': 277.00025557434554, 'pre_dampen_half': 75.10418138777538, 'gpp_af': 0.8057329182285734, 'gpp_b': 0.002416023630607169, 'gpp_d': 0.03927259340973166, 'ign_k': 0.0029519227433917453, 'ign_c': 29.690870944846793, 'trop_agb_crit': 21.086120736447015, 'trop_k_veg': 2.520089655463604, 'fire_amp': 1.7912500010961188}.
[I 2026-06-10 21:19:55,336] Trial 372 finished with values: [14.0474089663361, 14.0474089663361] and parameters: {'k1': 0.004467752817973905, 'D_low': 17.65404805249507, 'k2': 4.933751600448335e-05, 'D_high': 29.126651668813768, 'fire_exp': 1.111738490499784, 'P_half': 277.00025557434554, 'pre_dampen_half': 75.10418138777538, 'gpp_af': 0.8057329182285734, 'gpp_b': 0.16397960021659272, 'gpp_d': 6.284104775086881, 'ign_k': 4.869640941520899, 'ign_c': 0.1611736893633666, 'trop_agb_crit': 1.8023542850487386, 'trop_k_veg': 1.6003641872536711, 'fire_amp': 1.7912500010961188}.
[I 2026-06-10 21:19:57,016] Trial 373 finished with values: [20.03551533446769, 20.03551533446769] and parameters: {'k1': 9.132348475718357e-05, 'D_low': 171.2446447678494, 'k2': 1.1417577140741129e-05, 'D_high': 29.126651668813768, 'fire_exp': 1.111738490499784, 'P_half': 1.4551749476072258, 'pre_dampen_half': 189.36639872354493, 'gpp_af': 96.74365715402625, 'gpp_b': 2.176805640408474e-05, 'gpp_d': 304.7488318185732, 'ign_k': 0.09256855841989636, 'ign_c': 7.832259769732471, 'trop_agb_crit': 1.8023542850487386, 'trop_k_veg': 2.520089655463604, 'fire_amp': 2.042193818779288}.
[I 2026-06-10 21:19:58,740] Trial 374 finished with values: [11.437299300924606, 11.437299300924606] and parameters: {'k1': 0.006079905434073396, 'D_low': 171.2446447678494, 'k2': 2.316457903103837e-05, 'D_high': 29.126651668813768, 'fire_exp': 1.2918065501148304, 'P_half': 12.262543158860007, 'pre_dampen_half': 903.3231300044874, 'gpp_af': 3.298293484806585, 'gpp_b': 0.006999112505425414, 'gpp_d': 0.7698760608299932, 'ign_k': 0.0010941664389997358, 'ign_c': 7.832259769732471, 'trop_agb_crit': 2.1989086830950257, 'trop_k_veg': 2.520089655463604, 'fire_amp': 1.2393473789150806}.
[I 2026-06-10 21:20:00,406] Trial 375 finished with values: [11.352694919867352, 11.352694919867352] and parameters: {'k1': 0.00026539376439360527, 'D_low': 1074.940539517341, 'k2': 0.0011239682517242113, 'D_high': 949.9072859745386, 'fire_exp': 1.111738490499784, 'P_half': 1.4551749476072258, 'pre_dampen_half': 189.36639872354493, 'gpp_af': 3.298293484806585, 'gpp_b': 0.006999112505425414, 'gpp_d': 0.1423472425072452, 'ign_k': 0.09256855841989636, 'ign_c': 7.832259769732471, 'trop_agb_crit': 8.188098178380693, 'trop_k_veg': 0.6618107836658104, 'fire_amp': 4.2446263054164195}.
[I 2026-06-10 21:20:02,067] Trial 376 finished with values: [10.147208847373435, 10.147208847373435] and parameters: {'k1': 0.004467752817973905, 'D_low': 17.65404805249507, 'k2': 5.153993511603138e-05, 'D_high': 69868.4759244566, 'fire_exp': 1.3807440352456883, 'P_half': 277.00025557434554, 'pre_dampen_half': 269.0845367054866, 'gpp_af': 0.8057329182285734, 'gpp_b': 2.3386439256208704, 'gpp_d': 9.761125443110442, 'ign_k': 0.029898855088295265, 'ign_c': 0.1611736893633666, 'trop_agb_crit': 3.1419938725278875, 'trop_k_veg': 6.030247256556128, 'fire_amp': 1.7912500010961188}.
[I 2026-06-10 21:20:03,688] Trial 377 finished with values: [11.330692366023113, 11.330692366023113] and parameters: {'k1': 0.016973078532467004, 'D_low': 43.2326421037033, 'k2': 0.00020222983754231334, 'D_high': 42.242359735170886, 'fire_exp': 1.6901885781909627, 'P_half': 51.10120656497163, 'pre_dampen_half': 123.04779330083686, 'gpp_af': 0.3877557234566633, 'gpp_b': 0.015062722325200045, 'gpp_d': 20.81401325574021, 'ign_k': 0.002357279455676982, 'ign_c': 388.02797007866826, 'trop_agb_crit': 24.199763404822136, 'trop_k_veg': 1.2749676887479542, 'fire_amp': 5.416595007374148}.
[I 2026-06-10 21:20:05,290] Trial 378 finished with values: [10.822213988128262, 10.822213988128262] and parameters: {'k1': 0.016973078532467004, 'D_low': 1079.0778643024298, 'k2': 0.0010726091927327822, 'D_high': 22.46290894032395, 'fire_exp': 2.241955206082364, 'P_half': 101.40635645866499, 'pre_dampen_half': 98.05638874011484, 'gpp_af': 0.8594202650742228, 'gpp_b': 1.1008110571039521e-05, 'gpp_d': 47.35384181058586, 'ign_k': 0.0032383308053152635, 'ign_c': 0.1611736893633666, 'trop_agb_crit': 8.0091368834625, 'trop_k_veg': 0.5183533149347164, 'fire_amp': 1.1202509284327942}.
[I 2026-06-10 21:20:06,974] Trial 379 finished with values: [-0.4397596548088161, 0.04975412021717185] and parameters: {'k1': 0.003968136435370146, 'D_low': 1074.940539517341, 'k2': 1.1417577140741129e-05, 'D_high': 315.101491238403, 'fire_exp': 1.4690410989404576, 'P_half': 277.00025557434554, 'pre_dampen_half': 10.931606102061748, 'gpp_af': 0.5970408652384318, 'gpp_b': 9.497440085397415e-05, 'gpp_d': 0.1619054449471649, 'ign_k': 0.8945150807271531, 'ign_c': 0.13577269394141456, 'trop_agb_crit': 1.3063813396521713, 'trop_k_veg': 1.6648666152166967, 'fire_amp': 2.804180410489304}.
[I 2026-06-10 21:20:08,637] Trial 380 finished with values: [10.820984425259475, 10.820984425259475] and parameters: {'k1': 0.00038698408508416947, 'D_low': 17.65404805249507, 'k2': 0.0010726091927327822, 'D_high': 1537.592023548176, 'fire_exp': 1.2918065501148304, 'P_half': 10.94496366796197, 'pre_dampen_half': 4.603480758878793, 'gpp_af': 27.448645214004376, 'gpp_b': 2.3386439256208704, 'gpp_d': 0.7698760608299932, 'ign_k': 4.869640941520899, 'ign_c': 0.1611736893633666, 'trop_agb_crit': 3.1419938725278875, 'trop_k_veg': 0.5667990147757791, 'fire_amp': 1.7912500010961188}.
[I 2026-06-10 21:20:10,251] Trial 381 finished with values: [10.833333332159754, 10.833333332159754] and parameters: {'k1': 5.7909642338812115e-05, 'D_low': 24.28756508761176, 'k2': 3.395181659255642e-05, 'D_high': 44974.07193749848, 'fire_exp': 3.2459542834651627, 'P_half': 101.40635645866499, 'pre_dampen_half': 6.881834772031151, 'gpp_af': 0.015627364027979502, 'gpp_b': 2.176805640408474e-05, 'gpp_d': 95.2715755007094, 'ign_k': 3.6309591863459096, 'ign_c': 39.52220881906114, 'trop_agb_crit': 12.647327018493208, 'trop_k_veg': 5.453348988480011, 'fire_amp': 2.818314238665462}.
[I 2026-06-10 21:20:11,918] Trial 382 finished with values: [-0.5220261659792239, 0.028706581308169055] and parameters: {'k1': 0.012840669372724958, 'D_low': 171.2446447678494, 'k2': 0.0010726091927327822, 'D_high': 42.242359735170886, 'fire_exp': 1.5305744365500176, 'P_half': 277.00025557434554, 'pre_dampen_half': 28.01075698398644, 'gpp_af': 1.9998014714101113, 'gpp_b': 2.176805640408474e-05, 'gpp_d': 594.7389794988394, 'ign_k': 0.8945150807271531, 'ign_c': 0.1611736893633666, 'trop_agb_crit': 3.1419938725278875, 'trop_k_veg': 2.520089655463604, 'fire_amp': 1.7912500010961188}.
[I 2026-06-10 21:20:13,584] Trial 383 finished with values: [-0.34516247343041834, 0.05290960738542505] and parameters: {'k1': 0.004467752817973905, 'D_low': 43.03411264066069, 'k2': 1.1417577140741129e-05, 'D_high': 27.55546207779663, 'fire_exp': 1.4690410989404576, 'P_half': 277.00025557434554, 'pre_dampen_half': 903.3231300044874, 'gpp_af': 0.8057329182285734, 'gpp_b': 2.3386439256208704, 'gpp_d': 9.761125443110442, 'ign_k': 0.8945150807271531, 'ign_c': 0.1611736893633666, 'trop_agb_crit': 3.1419938725278875, 'trop_k_veg': 0.5667990147757791, 'fire_amp': 1.7912500010961188}.
[I 2026-06-10 21:20:15,229] Trial 384 finished with values: [12.836202173016273, 12.836202173016273] and parameters: {'k1': 0.00026539376439360527, 'D_low': 1593.4806585556198, 'k2': 2.316457903103837e-05, 'D_high': 949.9072859745386, 'fire_exp': 1.111738490499784, 'P_half': 12.262543158860007, 'pre_dampen_half': 16.009350908593582, 'gpp_af': 27.448645214004376, 'gpp_b': 0.0012749409641020352, 'gpp_d': 304.7488318185732, 'ign_k': 0.002357279455676982, 'ign_c': 7.832259769732471, 'trop_agb_crit': 1.7969555911761859, 'trop_k_veg': 1.6648666152166967, 'fire_amp': 2.042193818779288}.
[I 2026-06-10 21:20:17,088] Trial 385 finished with values: [10.312464087527554, 10.312464087527554] and parameters: {'k1': 6.318310680434653e-05, 'D_low': 4.676601116802034, 'k2': 4.933751600448335e-05, 'D_high': 24.9899605789089, 'fire_exp': 1.7505406131449859, 'P_half': 9.580682294110435, 'pre_dampen_half': 37.40930273158252, 'gpp_af': 14.161176080022173, 'gpp_b': 0.002416023630607169, 'gpp_d': 21.899070557043984, 'ign_k': 0.00660597889201953, 'ign_c': 3.4321391362415827, 'trop_agb_crit': 24.199763404822136, 'trop_k_veg': 0.6363741063482814, 'fire_amp': 1.2060618932559806}.
[I 2026-06-10 21:20:18,692] Trial 386 finished with values: [10.901824454320417, 10.901824454320417] and parameters: {'k1': 0.016973078532467004, 'D_low': 43.2326421037033, 'k2': 8.968733598183248e-05, 'D_high': 2427.054417940131, 'fire_exp': 1.5305744365500176, 'P_half': 8.318314747941244, 'pre_dampen_half': 189.88136301569827, 'gpp_af': 0.8594202650742228, 'gpp_b': 1.1008110571039521e-05, 'gpp_d': 1.4397852866783676, 'ign_k': 0.02779045054796808, 'ign_c': 35.133466168692735, 'trop_agb_crit': 1.8566494291193822, 'trop_k_veg': 3.4439936249445045, 'fire_amp': 1.1655705619308396}.
[I 2026-06-10 21:20:20,312] Trial 387 finished with values: [10.677106113561289, 10.677106113561289] and parameters: {'k1': 5.7909642338812115e-05, 'D_low': 1074.940539517341, 'k2': 1.1417577140741129e-05, 'D_high': 29.126651668813768, 'fire_exp': 1.111738490499784, 'P_half': 2834.090429514774, 'pre_dampen_half': 2.736251365128462, 'gpp_af': 29.700320404259642, 'gpp_b': 2.4063018320720924e-05, 'gpp_d': 545.0253444559129, 'ign_k': 0.371259104528773, 'ign_c': 0.17036120617148395, 'trop_agb_crit': 8.74479618932312, 'trop_k_veg': 6.778288138489648, 'fire_amp': 1.147839669817869}.
[I 2026-06-10 21:20:22,188] Trial 388 finished with values: [10.753708321848382, 10.753708321848382] and parameters: {'k1': 0.012840669372724958, 'D_low': 669.7348618512094, 'k2': 0.0010726091927327822, 'D_high': 42.242359735170886, 'fire_exp': 1.5305744365500176, 'P_half': 277.00025557434554, 'pre_dampen_half': 75.10418138777538, 'gpp_af': 0.8057329182285734, 'gpp_b': 2.176805640408474e-05, 'gpp_d': 0.03927259340973166, 'ign_k': 0.0029519227433917453, 'ign_c': 0.1611736893633666, 'trop_agb_crit': 3.1419938725278875, 'trop_k_veg': 2.520089655463604, 'fire_amp': 1.7912500010961188}.
[I 2026-06-10 21:20:23,945] Trial 389 finished with values: [29.904608346114145, 29.904608346114145] and parameters: {'k1': 0.016973078532467004, 'D_low': 1.3376564232104105, 'k2': 0.0010726091927327822, 'D_high': 2427.054417940131, 'fire_exp': 1.111738490499784, 'P_half': 2.226799690893868, 'pre_dampen_half': 189.36639872354493, 'gpp_af': 0.8594202650742228, 'gpp_b': 0.006999112505425414, 'gpp_d': 2.5450745565416026, 'ign_k': 0.0032383308053152635, 'ign_c': 0.1611736893633666, 'trop_agb_crit': 21.086120736447015, 'trop_k_veg': 1.6648666152166967, 'fire_amp': 2.042193818779288}.
[I 2026-06-10 21:20:25,550] Trial 390 finished with values: [19.875724028126506, 19.875724028126506] and parameters: {'k1': 0.016973078532467004, 'D_low': 43.03411264066069, 'k2': 1.1417577140741129e-05, 'D_high': 2427.054417940131, 'fire_exp': 1.4690410989404576, 'P_half': 2.226799690893868, 'pre_dampen_half': 903.3231300044874, 'gpp_af': 0.8057329182285734, 'gpp_b': 1.1008110571039521e-05, 'gpp_d': 479.80109106752894, 'ign_k': 0.0032383308053152635, 'ign_c': 0.1611736893633666, 'trop_agb_crit': 3.1419938725278875, 'trop_k_veg': 0.5183533149347164, 'fire_amp': 1.7912500010961188}.
[I 2026-06-10 21:20:27,121] Trial 391 finished with values: [10.747436532224802, 10.747436532224802] and parameters: {'k1': 0.016973078532467004, 'D_low': 1074.940539517341, 'k2': 0.0001016707987819611, 'D_high': 900.6846506533042, 'fire_exp': 1.4690410989404576, 'P_half': 12.262543158860007, 'pre_dampen_half': 2.736251365128462, 'gpp_af': 3.298293484806585, 'gpp_b': 2.050348580570328e-05, 'gpp_d': 545.0253444559129, 'ign_k': 0.8945150807271531, 'ign_c': 7.832259769732471, 'trop_agb_crit': 24.199763404822136, 'trop_k_veg': 1.6648666152166967, 'fire_amp': 5.44779717154213}.
[I 2026-06-10 21:20:28,768] Trial 392 finished with values: [10.833329633920426, 10.833329633920426] and parameters: {'k1': 9.293516267059069e-05, 'D_low': 146.28013120517718, 'k2': 0.0010726091927327822, 'D_high': 1537.592023548176, 'fire_exp': 5.117531439790398, 'P_half': 277.00025557434554, 'pre_dampen_half': 75.10418138777538, 'gpp_af': 20.12115544906385, 'gpp_b': 0.015062722325200045, 'gpp_d': 0.09467055845337147, 'ign_k': 0.0029519227433917453, 'ign_c': 14.709699119495124, 'trop_agb_crit': 24.199763404822136, 'trop_k_veg': 5.593985425286908, 'fire_amp': 5.606809127618709}.
[I 2026-06-10 21:20:30,642] Trial 393 finished with values: [12.769979154824629, 12.769979154824629] and parameters: {'k1': 0.012840669372724958, 'D_low': 171.2446447678494, 'k2': 2.316457903103837e-05, 'D_high': 42210.21267871043, 'fire_exp': 1.2918065501148304, 'P_half': 9.580682294110435, 'pre_dampen_half': 4.603480758878793, 'gpp_af': 1.7775411110039254, 'gpp_b': 0.00047819318414852577, 'gpp_d': 37.19072637334467, 'ign_k': 0.02779045054796808, 'ign_c': 2.2489542843914485, 'trop_agb_crit': 3.5874145253515306, 'trop_k_veg': 4.61686111043599, 'fire_amp': 2.818314238665462}.
[I 2026-06-10 21:20:32,434] Trial 394 finished with values: [40.85694594966134, 40.85694594966134] and parameters: {'k1': 0.004467752817973905, 'D_low': 43.03411264066069, 'k2': 5.153993511603138e-05, 'D_high': 69868.4759244566, 'fire_exp': 1.4690410989404576, 'P_half': 45.55085098454082, 'pre_dampen_half': 903.3231300044874, 'gpp_af': 0.07118041471054574, 'gpp_b': 0.0010881810414580882, 'gpp_d': 47.35384181058586, 'ign_k': 3.6309591863459096, 'ign_c': 0.1611736893633666, 'trop_agb_crit': 3.1419938725278875, 'trop_k_veg': 6.030247256556128, 'fire_amp': 1.7912500010961188}.
[I 2026-06-10 21:20:34,141] Trial 395 finished with values: [10.833333332159754, 10.833333332159754] and parameters: {'k1': 0.017276056747028225, 'D_low': 1739.6167422846984, 'k2': 0.02939607009739149, 'D_high': 29.126651668813768, 'fire_exp': 1.633445707733642, 'P_half': 101.40635645866499, 'pre_dampen_half': 189.36639872354493, 'gpp_af': 1.7775411110039254, 'gpp_b': 0.0004125336560355494, 'gpp_d': 95.2715755007094, 'ign_k': 0.09256855841989636, 'ign_c': 7.832259769732471, 'trop_agb_crit': 2.0527418919564324, 'trop_k_veg': 4.787592810917961, 'fire_amp': 2.818314238665462}.
[I 2026-06-10 21:20:35,748] Trial 396 finished with values: [-0.47465663694801913, 0.01482113415223496] and parameters: {'k1': 0.016973078532467004, 'D_low': 24.28756508761176, 'k2': 2.091507303847255e-05, 'D_high': 8912.611835817017, 'fire_exp': 1.6901885781909627, 'P_half': 101.40635645866499, 'pre_dampen_half': 1.8469033699850426, 'gpp_af': 1.7775411110039254, 'gpp_b': 0.015062722325200045, 'gpp_d': 95.2715755007094, 'ign_k': 0.17320535908244444, 'ign_c': 1.1698039424426816, 'trop_agb_crit': 24.199763404822136, 'trop_k_veg': 0.6488368931910606, 'fire_amp': 5.416595007374148}.
[I 2026-06-10 21:20:37,663] Trial 397 finished with values: [-0.24269879758829552, 0.05295757816313784] and parameters: {'k1': 5.7909642338812115e-05, 'D_low': 1739.6167422846984, 'k2': 5.153993511603138e-05, 'D_high': 69868.4759244566, 'fire_exp': 3.2459542834651627, 'P_half': 45.55085098454082, 'pre_dampen_half': 269.0845367054866, 'gpp_af': 0.07118041471054574, 'gpp_b': 0.004411400434514031, 'gpp_d': 545.0253444559129, 'ign_k': 0.004105873950290761, 'ign_c': 1.1698039424426816, 'trop_agb_crit': 5.588032458772675, 'trop_k_veg': 2.724170387400844, 'fire_amp': 5.44779717154213}.
[I 2026-06-10 21:20:39,453] Trial 398 finished with values: [10.680497368078449, 10.680497368078449] and parameters: {'k1': 0.00026539376439360527, 'D_low': 1074.940539517341, 'k2': 0.0010726091927327822, 'D_high': 1537.592023548176, 'fire_exp': 1.9783727454920947, 'P_half': 1.4551749476072258, 'pre_dampen_half': 30.456909077772018, 'gpp_af': 1.3954498518315706, 'gpp_b': 2.3386439256208704, 'gpp_d': 9.761125443110442, 'ign_k': 3.7954792742512957, 'ign_c': 0.1611736893633666, 'trop_agb_crit': 3.1419938725278875, 'trop_k_veg': 1.6648666152166967, 'fire_amp': 1.7912500010961188}.
[I 2026-06-10 21:20:41,239] Trial 399 finished with values: [10.833302380413992, 10.833302380413992] and parameters: {'k1': 0.006079905434073396, 'D_low': 1074.940539517341, 'k2': 1.1417577140741129e-05, 'D_high': 42210.21267871043, 'fire_exp': 3.528518316173592, 'P_half': 1858.6220273069061, 'pre_dampen_half': 16.009350908593582, 'gpp_af': 3.298293484806585, 'gpp_b': 0.0004125336560355494, 'gpp_d': 0.030844007727232167, 'ign_k': 0.06445745262301897, 'ign_c': 7.832259769732471, 'trop_agb_crit': 2.0527418919564324, 'trop_k_veg': 1.6648666152166967, 'fire_amp': 2.042193818779288}.
[I 2026-06-10 21:20:42,936] Trial 400 finished with values: [16.074523041098743, 16.074523041098743] and parameters: {'k1': 0.0001969885015387913, 'D_low': 1074.940539517341, 'k2': 0.0010726091927327822, 'D_high': 900.6846506533042, 'fire_exp': 1.5305744365500176, 'P_half': 277.00025557434554, 'pre_dampen_half': 903.3231300044874, 'gpp_af': 3.298293484806585, 'gpp_b': 0.006999112505425414, 'gpp_d': 594.7389794988394, 'ign_k': 0.8945150807271531, 'ign_c': 0.1611736893633666, 'trop_agb_crit': 2.1989086830950257, 'trop_k_veg': 2.9779319378885387, 'fire_amp': 2.042193818779288}.
[I 2026-06-10 21:20:44,608] Trial 401 finished with values: [10.230727432379895, 10.230727432379895] and parameters: {'k1': 5.7909642338812115e-05, 'D_low': 148.21691630007544, 'k2': 0.0001016707987819611, 'D_high': 42.242359735170886, 'fire_exp': 1.9136159174067866, 'P_half': 101.40635645866499, 'pre_dampen_half': 98.05638874011484, 'gpp_af': 29.700320404259642, 'gpp_b': 1.8400604093141188, 'gpp_d': 47.35384181058586, 'ign_k': 0.004105873950290761, 'ign_c': 0.7619822175388142, 'trop_agb_crit': 5.588032458772675, 'trop_k_veg': 2.724170387400844, 'fire_amp': 4.2446263054164195}.
[I 2026-06-10 21:20:46,474] Trial 402 finished with values: [12.258575496296352, 12.258575496296352] and parameters: {'k1': 0.00026539376439360527, 'D_low': 171.2446447678494, 'k2': 1.1417577140741129e-05, 'D_high': 29.126651668813768, 'fire_exp': 1.111738490499784, 'P_half': 12.262543158860007, 'pre_dampen_half': 75.10418138777538, 'gpp_af': 3.298293484806585, 'gpp_b': 2.176805640408474e-05, 'gpp_d': 0.03927259340973166, 'ign_k': 0.09256855841989636, 'ign_c': 7.832259769732471, 'trop_agb_crit': 1.8023542850487386, 'trop_k_veg': 2.520089655463604, 'fire_amp': 2.042193818779288}.
[I 2026-06-10 21:20:48,294] Trial 403 finished with values: [15.570955665432743, 15.570955665432743] and parameters: {'k1': 0.017276056747028225, 'D_low': 148.21691630007544, 'k2': 0.02939607009739149, 'D_high': 1817.0401889219124, 'fire_exp': 3.2459542834651627, 'P_half': 45.55085098454082, 'pre_dampen_half': 98.05638874011484, 'gpp_af': 20.12115544906385, 'gpp_b': 0.015062722325200045, 'gpp_d': 95.2715755007094, 'ign_k': 3.6309591863459096, 'ign_c': 2.2489542843914485, 'trop_agb_crit': 24.199763404822136, 'trop_k_veg': 5.453348988480011, 'fire_amp': 2.818314238665462}.
[I 2026-06-10 21:20:50,079] Trial 404 finished with values: [18.579626321106545, 18.579626321106545] and parameters: {'k1': 0.017276056747028225, 'D_low': 24.28756508761176, 'k2': 0.0002442377596403892, 'D_high': 42210.21267871043, 'fire_exp': 1.6901885781909627, 'P_half': 51.10120656497163, 'pre_dampen_half': 4.603480758878793, 'gpp_af': 20.12115544906385, 'gpp_b': 0.015062722325200045, 'gpp_d': 95.2715755007094, 'ign_k': 3.6309591863459096, 'ign_c': 1.9423015749984096, 'trop_agb_crit': 24.199763404822136, 'trop_k_veg': 2.520089655463604, 'fire_amp': 5.416595007374148}.
[I 2026-06-10 21:20:51,812] Trial 405 finished with values: [10.066442237180143, 10.066442237180143] and parameters: {'k1': 0.0012752949611679993, 'D_low': 1074.940539517341, 'k2': 1.1417577140741129e-05, 'D_high': 8440.303958079088, 'fire_exp': 1.633445707733642, 'P_half': 61.6097529474144, 'pre_dampen_half': 189.36639872354493, 'gpp_af': 3.298293484806585, 'gpp_b': 0.006999112505425414, 'gpp_d': 0.7698760608299932, 'ign_k': 0.09256855841989636, 'ign_c': 7.832259769732471, 'trop_agb_crit': 1.8023542850487386, 'trop_k_veg': 1.6648666152166967, 'fire_amp': 1.2393473789150806}.
[I 2026-06-10 21:20:53,766] Trial 406 finished with values: [10.805340462654407, 10.805340462654407] and parameters: {'k1': 0.017276056747028225, 'D_low': 1739.6167422846984, 'k2': 1.1417577140741129e-05, 'D_high': 44974.07193749848, 'fire_exp': 3.2459542834651627, 'P_half': 101.40635645866499, 'pre_dampen_half': 98.05638874011484, 'gpp_af': 1.7775411110039254, 'gpp_b': 0.16285506249643175, 'gpp_d': 0.7698760608299932, 'ign_k': 0.8945150807271531, 'ign_c': 1.1698039424426816, 'trop_agb_crit': 2.0527418919564324, 'trop_k_veg': 0.6488368931910606, 'fire_amp': 2.818314238665462}.
