[I 2026-08-20 00:12:45,878] Trial 302 finished with value: 0.6145632362595473 and parameters: {'k1': 9.810339060355169e-05, 'D_low': 91141.81706174537, 'k2': 0.019917992650051366, 'D_high': 9146732.807065478, 'fire_exp': 1.6730879989235192, 'P_half': 2.140259288032848, 'pre_dampen_half': 82.7319780164941, 'gpp_af': 1.662372257083499, 'gpp_b': 0.3398028943741578, 'gpp_d': 315.2040853110422, 'ign_k': 0.7394839537022233, 'ign_c': 0.16822666058562583, 'trop_agb_crit': 29.46433676582733, 'trop_k_veg': 4.79867814858575}. Best is trial 0 with value: -0.5989088506199346.
[I 2026-08-20 00:12:48,397] Trial 303 finished with value: 0.490501724999181 and parameters: {'k1': 0.000581548062597828, 'D_low': 10.17149302171014, 'k2': 4.21301959242886e-05, 'D_high': 518034.54290517984, 'fire_exp': 2.2631456399327345, 'P_half': 26.40335737425878, 'pre_dampen_half': 0.35077997072912964, 'gpp_af': 0.062463269721849436, 'gpp_b': 0.00014794151213571308, 'gpp_d': 32.43277527997358, 'ign_k': 0.15014551178962643, 'ign_c': 5.04467581117912, 'trop_agb_crit': 3.2617488148973637, 'trop_k_veg': 3.1966016331276492}. Best is trial 0 with value: -0.5989088506199346.
[I 2026-08-20 00:12:51,043] Trial 304 finished with value: 0.44565409299602265 and parameters: {'k1': 0.011596709561314244, 'D_low': 2.417500316820024, 'k2': 0.0026148374281238984, 'D_high': 178552.7665304879, 'fire_exp': 1.8387688344624895, 'P_half': 50.54703962961736, 'pre_dampen_half': 0.849557904598135, 'gpp_af': 5.706976333436357, 'gpp_b': 0.025240554484484937, 'gpp_d': 419.1701078001684, 'ign_k': 0.5596653866588999, 'ign_c': 6.851088986219632, 'trop_agb_crit': 8.073527247205227, 'trop_k_veg': 1.7668720349510088}. Best is trial 0 with value: -0.5989088506199346.
[I 2026-08-20 00:12:53,426] Trial 305 finished with value: 0.45905277542252343 and parameters: {'k1': 0.01496426608525565, 'D_low': 5.827168060789509, 'k2': 4.172472760107513e-05, 'D_high': 4752703.07606137, 'fire_exp': 2.4973500688662966, 'P_half': 11.58307524331406, 'pre_dampen_half': 0.6396083312881372, 'gpp_af': 1.568347930220978, 'gpp_b': 2.252739103350576e-05, 'gpp_d': 82.21503708251576, 'ign_k': 0.10394557283103785, 'ign_c': 2.1744617933314854, 'trop_agb_crit': 4.111266929872244, 'trop_k_veg': 1.284211027891035}. Best is trial 0 with value: -0.5989088506199346.
[I 2026-08-20 00:12:55,895] Trial 306 finished with value: 0.5877515453691238 and parameters: {'k1': 0.009304427411555783, 'D_low': 37.656481704506845, 'k2': 0.0010159458448659152, 'D_high': 308793.33514705685, 'fire_exp': 7.053630120515318, 'P_half': 49.771721263717495, 'pre_dampen_half': 27.082904684528934, 'gpp_af': 0.31042235064130136, 'gpp_b': 0.011052065120038415, 'gpp_d': 728.5888587730681, 'ign_k': 0.013060274188660315, 'ign_c': 1.6361525469134357, 'trop_agb_crit': 12.127221533623356, 'trop_k_veg': 1.4984432399047483}. Best is trial 0 with value: -0.5989088506199346.
[I 2026-08-20 00:12:58,574] Trial 307 finished with value: -0.4748438334613193 and parameters: {'k1': 0.0003097315519495148, 'D_low': 1189.3206486410927, 'k2': 0.00022811899480651494, 'D_high': 3141579.342917605, 'fire_exp': 4.153577234951086, 'P_half': 7.477699046594787, 'pre_dampen_half': 22.738649010201048, 'gpp_af': 6.6187526441184135, 'gpp_b': 8.771067421387219e-05, 'gpp_d': 0.800029678921908, 'ign_k': 0.9407774679736406, 'ign_c': 0.38366358080521745, 'trop_agb_crit': 14.475092510750121, 'trop_k_veg': 0.7019196926622113}. Best is trial 0 with value: -0.5989088506199346.
[I 2026-08-20 00:13:01,334] Trial 308 finished with value: 0.44539890032001606 and parameters: {'k1': 0.058174686991331395, 'D_low': 5812.983719324012, 'k2': 0.008884511245940087, 'D_high': 266251.00074388436, 'fire_exp': 1.6494434528253954, 'P_half': 76.07398545545546, 'pre_dampen_half': 57.94282077457999, 'gpp_af': 2.05507609648935, 'gpp_b': 2.9628033504819692e-05, 'gpp_d': 64.64867559587809, 'ign_k': 0.07786172942722698, 'ign_c': 0.1111220823886464, 'trop_agb_crit': 9.676234576674343, 'trop_k_veg': 5.152175252169917}. Best is trial 0 with value: -0.5989088506199346.
[I 2026-08-20 00:13:03,755] Trial 309 finished with value: -0.5582042701581462 and parameters: {'k1': 0.0006560103360619032, 'D_low': 11754.083162562702, 'k2': 0.03772640081922087, 'D_high': 1382641.4482513831, 'fire_exp': 1.40075750264891, 'P_half': 6.755955695699088, 'pre_dampen_half': 9.145582993998172, 'gpp_af': 1.2287463986006222, 'gpp_b': 0.0017752098807285333, 'gpp_d': 4.22966522435692, 'ign_k': 0.0665036795295172, 'ign_c': 0.5404836442962743, 'trop_agb_crit': 17.91009977542962, 'trop_k_veg': 7.292404541794035}. Best is trial 0 with value: -0.5989088506199346.
[I 2026-08-20 00:13:06,211] Trial 310 finished with value: 0.5552868521228478 and parameters: {'k1': 0.036398339033105895, 'D_low': 1.8085001791182584, 'k2': 0.0003819214292866172, 'D_high': 2695524.795275816, 'fire_exp': 2.148821993533916, 'P_half': 16.183616347470867, 'pre_dampen_half': 0.11601445453234466, 'gpp_af': 1.6564332791296468, 'gpp_b': 0.42785729646866366, 'gpp_d': 25.745112181622776, 'ign_k': 0.8594940044929683, 'ign_c': 1.2501180633236257, 'trop_agb_crit': 26.358055290848178, 'trop_k_veg': 4.934031748302382}. Best is trial 0 with value: -0.5989088506199346.
[I 2026-08-20 00:13:08,691] Trial 311 finished with value: 0.4385628996888067 and parameters: {'k1': 0.0006300359527670247, 'D_low': 38.3887718905725, 'k2': 0.005541493545569583, 'D_high': 500866.27183285356, 'fire_exp': 3.5738657288064357, 'P_half': 1.5528106642705783, 'pre_dampen_half': 60.83829685688018, 'gpp_af': 0.02024927965331715, 'gpp_b': 1.5620702746598844e-05, 'gpp_d': 40.9831777472051, 'ign_k': 0.1633087955563918, 'ign_c': 0.20132704655224395, 'trop_agb_crit': 7.533669997570592, 'trop_k_veg': 1.2741844709363026}. Best is trial 0 with value: -0.5989088506199346.
[I 2026-08-20 00:13:11,342] Trial 312 finished with value: 0.6445374145881376 and parameters: {'k1': 2.8184876836464303e-05, 'D_low': 55.920176463055014, 'k2': 4.372984860572962e-05, 'D_high': 1732362.9280772435, 'fire_exp': 4.700542808982793, 'P_half': 3.453878064564259, 'pre_dampen_half': 788.8414330690013, 'gpp_af': 1.0324952974327795, 'gpp_b': 0.0022642800342147786, 'gpp_d': 4.66100600035662, 'ign_k': 1.9669337602042305, 'ign_c': 84.69991789460902, 'trop_agb_crit': 26.899072633786666, 'trop_k_veg': 0.5571594194433471}. Best is trial 0 with value: -0.5989088506199346.
[I 2026-08-20 00:13:13,850] Trial 313 finished with value: 0.6038948149387873 and parameters: {'k1': 0.0009217658760160006, 'D_low': 1.7937913357000885, 'k2': 0.0035291062920030374, 'D_high': 201463.04371535633, 'fire_exp': 2.0323526031944654, 'P_half': 109.66839459856902, 'pre_dampen_half': 5.813173683031104, 'gpp_af': 0.04448778165853054, 'gpp_b': 0.18112752029109105, 'gpp_d': 76.27469277282648, 'ign_k': 0.06418061812055381, 'ign_c': 27.67201674773091, 'trop_agb_crit': 23.470821134610773, 'trop_k_veg': 3.2602991493017592}. Best is trial 0 with value: -0.5989088506199346.
[I 2026-08-20 00:13:16,294] Trial 314 finished with value: 0.5933141406069398 and parameters: {'k1': 0.01576752882181758, 'D_low': 239.318177287427, 'k2': 0.0014820780245927152, 'D_high': 21263.577889695607, 'fire_exp': 3.8178946973596353, 'P_half': 673.9344200203075, 'pre_dampen_half': 8.924737729969328, 'gpp_af': 0.6245534218042413, 'gpp_b': 2.2592995446511048e-05, 'gpp_d': 644.1954250079306, 'ign_k': 0.006510626184343822, 'ign_c': 1.784935960401514, 'trop_agb_crit': 12.13123128412373, 'trop_k_veg': 4.221203226079416}. Best is trial 0 with value: -0.5989088506199346.
[I 2026-08-20 00:13:18,800] Trial 315 finished with value: -0.5323301944163841 and parameters: {'k1': 0.04738402153856372, 'D_low': 2.416401599384174, 'k2': 0.002975721370638184, 'D_high': 3963799.6160452333, 'fire_exp': 2.044661627072605, 'P_half': 170.7436712275079, 'pre_dampen_half': 6.425952004562632, 'gpp_af': 13.958793158146007, 'gpp_b': 0.019823210924744372, 'gpp_d': 138.82629993968308, 'ign_k': 0.05750191048291566, 'ign_c': 1.318519069508103, 'trop_agb_crit': 17.530967175097025, 'trop_k_veg': 3.379955934897797}. Best is trial 0 with value: -0.5989088506199346.
[I 2026-08-20 00:13:21,293] Trial 316 finished with value: 0.4296084178513804 and parameters: {'k1': 0.010965201837658735, 'D_low': 2.61096165072019, 'k2': 0.002769456600966203, 'D_high': 341439.8198767119, 'fire_exp': 1.606776512548758, 'P_half': 28.991487227241976, 'pre_dampen_half': 23.923199201307522, 'gpp_af': 55.699512359645304, 'gpp_b': 0.08922092529046019, 'gpp_d': 257.7654150591576, 'ign_k': 0.04066269853170527, 'ign_c': 0.31427959632346864, 'trop_agb_crit': 9.985179302476835, 'trop_k_veg': 3.9249298865560385}. Best is trial 0 with value: -0.5989088506199346.
[I 2026-08-20 00:13:23,752] Trial 317 finished with value: -0.5729050070427322 and parameters: {'k1': 0.023677448281847632, 'D_low': 58.804447972719494, 'k2': 0.000599118619681076, 'D_high': 4619854.895307456, 'fire_exp': 2.330416065864644, 'P_half': 38.282284636500634, 'pre_dampen_half': 24.15112057407329, 'gpp_af': 7.501269509596407, 'gpp_b': 0.04829253693990674, 'gpp_d': 289.21020661985904, 'ign_k': 0.10259766188213675, 'ign_c': 13.979466887482715, 'trop_agb_crit': 16.186947315484183, 'trop_k_veg': 3.2252577449297273}. Best is trial 0 with value: -0.5989088506199346.
[I 2026-08-20 00:13:26,148] Trial 318 finished with value: 0.5807349927328548 and parameters: {'k1': 0.0140455775794223, 'D_low': 2.6635089353774224, 'k2': 0.002221159524262085, 'D_high': 1563571.850192944, 'fire_exp': 2.6233169859258094, 'P_half': 2242.8779331579813, 'pre_dampen_half': 2.1776262841339693, 'gpp_af': 1.7766633108348466, 'gpp_b': 0.0013997022551585376, 'gpp_d': 124.62926491041812, 'ign_k': 0.021037820286791863, 'ign_c': 0.2669654430765942, 'trop_agb_crit': 9.499819191260054, 'trop_k_veg': 1.8301713726038467}. Best is trial 0 with value: -0.5989088506199346.
[I 2026-08-20 00:13:28,639] Trial 319 finished with value: 0.5946346574410092 and parameters: {'k1': 0.0005727205589567522, 'D_low': 14.08336280470709, 'k2': 0.019611466152276467, 'D_high': 15587.589709070995, 'fire_exp': 3.1174819104287392, 'P_half': 16.188446347268915, 'pre_dampen_half': 2.025039163211393, 'gpp_af': 0.1324473555340904, 'gpp_b': 0.12588169382929051, 'gpp_d': 59.18861789555865, 'ign_k': 4.6546021483722395, 'ign_c': 0.8434800395095015, 'trop_agb_crit': 6.737078447428647, 'trop_k_veg': 0.5622378627284108}. Best is trial 0 with value: -0.5989088506199346.
[I 2026-08-20 00:13:31,336] Trial 320 finished with value: 0.6445374145881376 and parameters: {'k1': 0.09004958630520886, 'D_low': 46.836678009660204, 'k2': 0.0003138729109677453, 'D_high': 1134781.3182410048, 'fire_exp': 2.301424415993141, 'P_half': 8.15476151645192, 'pre_dampen_half': 5.70472971248069, 'gpp_af': 2.752583449916974, 'gpp_b': 0.010182401595426157, 'gpp_d': 572.4938404535503, 'ign_k': 0.3225384972427658, 'ign_c': 103.43363110166433, 'trop_agb_crit': 10.54318230549583, 'trop_k_veg': 2.4465686308843613}. Best is trial 0 with value: -0.5989088506199346.
[I 2026-08-20 00:13:33,860] Trial 321 finished with value: 0.5314262528931903 and parameters: {'k1': 0.01591805154812793, 'D_low': 5.215801379760081, 'k2': 0.0005396384647959483, 'D_high': 8766656.21679658, 'fire_exp': 1.5388130706081744, 'P_half': 618.452551183335, 'pre_dampen_half': 0.17354380392914104, 'gpp_af': 0.07571455476162657, 'gpp_b': 4.162593786052185e-05, 'gpp_d': 244.16811437819527, 'ign_k': 1.2694571395403509, 'ign_c': 1.1440119220480958, 'trop_agb_crit': 25.614456115871057, 'trop_k_veg': 2.0397316605929183}. Best is trial 0 with value: -0.5989088506199346.
[I 2026-08-20 00:13:36,195] Trial 322 finished with value: 0.611239196488077 and parameters: {'k1': 0.002308921462751489, 'D_low': 893.7075385100736, 'k2': 0.001972403383585779, 'D_high': 2983926.722198038, 'fire_exp': 1.7973201713914797, 'P_half': 40.93544527101658, 'pre_dampen_half': 92.73959568172003, 'gpp_af': 19.914380254771782, 'gpp_b': 0.017759012063707367, 'gpp_d': 83.09243157274335, 'ign_k': 0.18605959794733784, 'ign_c': 45.09132955201856, 'trop_agb_crit': 13.751557086950422, 'trop_k_veg': 4.958225364724779}. Best is trial 0 with value: -0.5989088506199346.
[I 2026-08-20 00:13:38,432] Trial 323 finished with value: 0.5805917223116832 and parameters: {'k1': 0.0014822567286733991, 'D_low': 52.5894727154578, 'k2': 0.0028649188912255423, 'D_high': 6945597.414863353, 'fire_exp': 1.316578910751969, 'P_half': 404.64570464135096, 'pre_dampen_half': 1.6033205455766328, 'gpp_af': 1.7748823424210145, 'gpp_b': 4.652724652575049, 'gpp_d': 106.62825709255027, 'ign_k': 0.2025741414190006, 'ign_c': 2.9663063506384715, 'trop_agb_crit': 7.894269659710423, 'trop_k_veg': 3.367722620804433}. Best is trial 0 with value: -0.5989088506199346.
[I 2026-08-20 00:13:40,895] Trial 324 finished with value: -0.5420041150383814 and parameters: {'k1': 0.007165974616776534, 'D_low': 6301.749817999114, 'k2': 0.021878803422243142, 'D_high': 1048796.3757633797, 'fire_exp': 2.5452258495000315, 'P_half': 51.70273506473762, 'pre_dampen_half': 11.729543031106068, 'gpp_af': 0.5982875219206729, 'gpp_b': 0.0029678600035095994, 'gpp_d': 1.4193125727231903, 'ign_k': 0.833011256434554, 'ign_c': 0.21553231630271572, 'trop_agb_crit': 8.82322682142257, 'trop_k_veg': 5.6463095012464155}. Best is trial 0 with value: -0.5989088506199346.
[I 2026-08-20 00:13:43,104] Trial 325 finished with value: 0.5341108159021924 and parameters: {'k1': 0.007114642472984299, 'D_low': 2.0241754560929155, 'k2': 0.000277660112253731, 'D_high': 448656.67769403115, 'fire_exp': 1.7319242393123, 'P_half': 707.5876258582982, 'pre_dampen_half': 17.67148026533228, 'gpp_af': 0.056461344230538814, 'gpp_b': 0.04018869900412581, 'gpp_d': 63.68529098447195, 'ign_k': 0.94846494726597, 'ign_c': 1.4887126318671882, 'trop_agb_crit': 21.591047722296093, 'trop_k_veg': 6.475757906654673}. Best is trial 0 with value: -0.5989088506199346.
[I 2026-08-20 00:13:46,002] Trial 326 finished with value: -0.5828052942654305 and parameters: {'k1': 0.06159020412382337, 'D_low': 725.4487836992362, 'k2': 0.0005481435361298769, 'D_high': 6062411.162023473, 'fire_exp': 1.9318281943586362, 'P_half': 198.81279482985596, 'pre_dampen_half': 5.493061251307009, 'gpp_af': 9.892803395288558, 'gpp_b': 0.054647643462554685, 'gpp_d': 688.9846323979567, 'ign_k': 0.23241376281984774, 'ign_c': 8.057871391856384, 'trop_agb_crit': 22.49208142371978, 'trop_k_veg': 2.5371701979095627}. Best is trial 0 with value: -0.5989088506199346.
[I 2026-08-20 00:13:48,220] Trial 327 finished with value: -0.5524086707706967 and parameters: {'k1': 0.05206595351105937, 'D_low': 29.464948529878612, 'k2': 0.0006196029064799972, 'D_high': 565945.8871075811, 'fire_exp': 1.7815184240924873, 'P_half': 892.673005203736, 'pre_dampen_half': 221.9000298683183, 'gpp_af': 1.9290102809325436, 'gpp_b': 0.014462862822621988, 'gpp_d': 66.59995891354046, 'ign_k': 0.2734444996802783, 'ign_c': 14.344462520369488, 'trop_agb_crit': 15.676491471735465, 'trop_k_veg': 1.618938240034083}. Best is trial 0 with value: -0.5989088506199346.
[I 2026-08-20 00:13:50,507] Trial 328 finished with value: 0.42654079664914857 and parameters: {'k1': 0.04711265703197138, 'D_low': 106.47839419686754, 'k2': 0.0004417023442909879, 'D_high': 179888.0909957056, 'fire_exp': 3.6339967298052565, 'P_half': 28.22841802810485, 'pre_dampen_half': 178.5389570869833, 'gpp_af': 2.5024454460557366, 'gpp_b': 0.027935250140255302, 'gpp_d': 542.310016849141, 'ign_k': 0.07920694143814729, 'ign_c': 3.7723385761823103, 'trop_agb_crit': 15.974223948509865, 'trop_k_veg': 2.706099224708911}. Best is trial 0 with value: -0.5989088506199346.
[I 2026-08-20 00:13:52,736] Trial 329 finished with value: 0.6445374145881376 and parameters: {'k1': 0.033465400528553055, 'D_low': 1.942498196285985, 'k2': 1.843998493581427e-05, 'D_high': 1121898.879567173, 'fire_exp': 2.8070412423934217, 'P_half': 288.6371240090542, 'pre_dampen_half': 0.19940635919823535, 'gpp_af': 0.14823143846916756, 'gpp_b': 0.008727300481752312, 'gpp_d': 346.46912084786453, 'ign_k': 1.4158151967532906, 'ign_c': 94.16525500599158, 'trop_agb_crit': 12.832670818436133, 'trop_k_veg': 6.879659396453599}. Best is trial 0 with value: -0.5989088506199346.
[I 2026-08-20 00:13:55,124] Trial 330 finished with value: 0.53970732984866 and parameters: {'k1': 0.009429898381162536, 'D_low': 10846.688468062892, 'k2': 0.027796139125105358, 'D_high': 657902.2881609251, 'fire_exp': 3.5936967556482635, 'P_half': 1.759306921122526, 'pre_dampen_half': 161.89017289131317, 'gpp_af': 3.7470206591502353, 'gpp_b': 0.0003574669101470933, 'gpp_d': 0.7355803061578355, 'ign_k': 1.2546372555918355, 'ign_c': 0.15405783519647004, 'trop_agb_crit': 11.032754972175313, 'trop_k_veg': 5.40915230068762}. Best is trial 0 with value: -0.5989088506199346.
[I 2026-08-20 00:13:58,458] Trial 331 finished with value: 0.6445374145881376 and parameters: {'k1': 0.0025876155453294094, 'D_low': 262036.3531369969, 'k2': 0.05706689264850277, 'D_high': 126225.86883383288, 'fire_exp': 1.7832807810769349, 'P_half': 27.61147604602753, 'pre_dampen_half': 1.538714688062266, 'gpp_af': 6.97096022750914, 'gpp_b': 0.023118943046884822, 'gpp_d': 1.1800731256197985, 'ign_k': 0.06285715105114037, 'ign_c': 0.10803255167133204, 'trop_agb_crit': 15.608747899376375, 'trop_k_veg': 4.1359399697785335}. Best is trial 0 with value: -0.5989088506199346.
[I 2026-08-20 00:14:00,798] Trial 332 finished with value: 0.6337543258158091 and parameters: {'k1': 0.03389635117364887, 'D_low': 51.59307148584751, 'k2': 0.0004463932656521311, 'D_high': 9851707.89812964, 'fire_exp': 1.582891859094133, 'P_half': 333.05365845051443, 'pre_dampen_half': 276.61278571879313, 'gpp_af': 13.630574746501054, 'gpp_b': 0.011496439745535662, 'gpp_d': 143.48057215804909, 'ign_k': 1.2598309880238003, 'ign_c': 33.20247610682581, 'trop_agb_crit': 17.561972816097008, 'trop_k_veg': 2.408446116035084}. Best is trial 0 with value: -0.5989088506199346.
[I 2026-08-20 00:14:03,025] Trial 333 finished with value: 0.5120768971795064 and parameters: {'k1': 0.039857929803467466, 'D_low': 449.82509654997745, 'k2': 0.00022282182945257504, 'D_high': 103246.55061768931, 'fire_exp': 1.2884791766963364, 'P_half': 2106.9026411132495, 'pre_dampen_half': 229.2580402566963, 'gpp_af': 3.6728691799704314, 'gpp_b': 0.050178008688321736, 'gpp_d': 32.83749022559331, 'ign_k': 0.6324903763573422, 'ign_c': 2.9820177441838602, 'trop_agb_crit': 4.312049934966364, 'trop_k_veg': 1.5597713738489907}. Best is trial 0 with value: -0.5989088506199346.
[I 2026-08-20 00:14:05,327] Trial 334 finished with value: 0.4052753511606977 and parameters: {'k1': 0.00011633842348614166, 'D_low': 498.6619419780404, 'k2': 0.00014540909077628275, 'D_high': 1327007.5792743552, 'fire_exp': 1.2976764629838886, 'P_half': 63.906650249990356, 'pre_dampen_half': 5.713539165003312, 'gpp_af': 0.04378170947428524, 'gpp_b': 0.0015157140299543502, 'gpp_d': 2.3421298963545953, 'ign_k': 7.946538293258519, 'ign_c': 10.697308431232996, 'trop_agb_crit': 28.389349550470797, 'trop_k_veg': 2.5708104862340697}. Best is trial 0 with value: -0.5989088506199346.
[I 2026-08-20 00:14:07,674] Trial 335 finished with value: -0.5411176310075223 and parameters: {'k1': 0.00014471936250474033, 'D_low': 36244.760803006524, 'k2': 0.038591222210730795, 'D_high': 654888.9548439966, 'fire_exp': 1.0288242894127375, 'P_half': 7.419270781557887, 'pre_dampen_half': 1.869961540465895, 'gpp_af': 0.8408539894689859, 'gpp_b': 2.3449884246600846e-05, 'gpp_d': 3.6780378631090858, 'ign_k': 0.28651514271041156, 'ign_c': 0.1450148316592542, 'trop_agb_crit': 8.870439564383913, 'trop_k_veg': 7.77520559231743}. Best is trial 0 with value: -0.5989088506199346.
[I 2026-08-20 00:14:10,591] Trial 336 finished with value: 0.6021686564225461 and parameters: {'k1': 1.606422202397703e-05, 'D_low': 151499.74711905603, 'k2': 0.032811939938101234, 'D_high': 4407.262194799806, 'fire_exp': 1.704700135694918, 'P_half': 3.0410072253342344, 'pre_dampen_half': 9.061551569574776, 'gpp_af': 0.09750866692531199, 'gpp_b': 4.07752346151952e-05, 'gpp_d': 0.22191299082523885, 'ign_k': 0.22440595978515926, 'ign_c': 0.19593372673336507, 'trop_agb_crit': 3.1368835357188085, 'trop_k_veg': 6.766358537145796}. Best is trial 0 with value: -0.5989088506199346.
[I 2026-08-20 00:14:13,024] Trial 337 finished with value: 0.4519914412444125 and parameters: {'k1': 0.00445929490766443, 'D_low': 1092.5736253216483, 'k2': 0.01720916065556358, 'D_high': 199045.62534366263, 'fire_exp': 3.179512208503524, 'P_half': 86.68732329175225, 'pre_dampen_half': 12.017479949185997, 'gpp_af': 0.023595409635266875, 'gpp_b': 0.0010215090414110056, 'gpp_d': 0.3450565706407656, 'ign_k': 7.067014171830286, 'ign_c': 0.40635684602836564, 'trop_agb_crit': 8.160576194662587, 'trop_k_veg': 6.732908797555654}. Best is trial 0 with value: -0.5989088506199346.
[I 2026-08-20 00:14:15,461] Trial 338 finished with value: -0.5786731146608698 and parameters: {'k1': 0.00046852455205539885, 'D_low': 438.1995066913633, 'k2': 0.009131472172794605, 'D_high': 567934.0326967683, 'fire_exp': 4.593251614560819, 'P_half': 4.055655108083754, 'pre_dampen_half': 12.114695140547468, 'gpp_af': 1.4057035421944402, 'gpp_b': 0.0008004000010822899, 'gpp_d': 17.28431525252932, 'ign_k': 0.16048437362035622, 'ign_c': 0.4294312651725926, 'trop_agb_crit': 27.422095676752093, 'trop_k_veg': 5.620004627395109}. Best is trial 0 with value: -0.5989088506199346.
[I 2026-08-20 00:14:18,046] Trial 339 finished with value: 0.6346121075411701 and parameters: {'k1': 2.064337746051391e-05, 'D_low': 243.3504782577635, 'k2': 0.0007249028536879253, 'D_high': 21231.051345835574, 'fire_exp': 1.5037567499195093, 'P_half': 3.3450870603931073, 'pre_dampen_half': 26.08741183962996, 'gpp_af': 0.013781270458208546, 'gpp_b': 0.0004994491593409162, 'gpp_d': 3.1237265088707895, 'ign_k': 1.3954767682336673, 'ign_c': 32.15507630317414, 'trop_agb_crit': 21.64704638389975, 'trop_k_veg': 1.141476892538278}. Best is trial 0 with value: -0.5989088506199346.
