[I 2026-08-06 00:17:24,813] Trial 660 finished with values: [10.347396867027388, 10.347396867027388] and parameters: {'k1': 0.0029707920514735983, 'D_low': 532.1216007763549, 'k2': 0.0004381141781653133, 'D_high': 6366.1449945522045, 'fire_exp': 2.196935728020977, 'P_half': 22.4895428439145, 'pre_dampen_half': 76.86605275420082, 'gpp_af': 0.0025511964576171086, 'gpp_b': 3.481277316673104e-05, 'gpp_d': 0.19476644406315288, 'ign_k': 0.03141110271934876, 'ign_c': 2.2882309479728957}.
[I 2026-08-06 00:17:25,858] Trial 661 finished with values: [10.768672149786319, 10.768672149786319] and parameters: {'k1': 0.007183692410204826, 'D_low': 98.57545621889057, 'k2': 0.006138509947844854, 'D_high': 6715.971856456831, 'fire_exp': 1.010722707674549, 'P_half': 608.3019192425825, 'pre_dampen_half': 0.0684241702326661, 'gpp_af': 0.0068880466766811635, 'gpp_b': 0.6637926838138378, 'gpp_d': 150.14555442537656, 'ign_k': 0.001401798877018328, 'ign_c': 14.367095138664217}.
[I 2026-08-06 00:17:26,933] Trial 662 finished with values: [10.241464324887836, 10.241464324887836] and parameters: {'k1': 0.002971796631657383, 'D_low': 74.92772870670282, 'k2': 1.1184534120760473e-05, 'D_high': 3660.150802571655, 'fire_exp': 1.5201277403788451, 'P_half': 125.61043700013555, 'pre_dampen_half': 48.08505037156744, 'gpp_af': 2.0845995424603503, 'gpp_b': 8.539677611488478e-05, 'gpp_d': 4.5768578731086835, 'ign_k': 0.11903394335305037, 'ign_c': 7.916322947490362}.
[I 2026-08-06 00:17:28,055] Trial 663 finished with values: [10.485460598098111, 10.485460598098111] and parameters: {'k1': 0.023805746020770402, 'D_low': 1.54121727098019, 'k2': 3.5917714215176105e-05, 'D_high': 8182.111518618414, 'fire_exp': 1.4665043946307825, 'P_half': 1669.8621151307725, 'pre_dampen_half': 36.876350096203005, 'gpp_af': 0.8448348528946281, 'gpp_b': 3.481277316673104e-05, 'gpp_d': 219.46051932475797, 'ign_k': 0.019192001101561888, 'ign_c': 2.92043384718141}.
[I 2026-08-06 00:17:29,146] Trial 664 finished with values: [10.115684692989669, 10.115684692989669] and parameters: {'k1': 0.007183692410204826, 'D_low': 98.57545621889057, 'k2': 0.006138509947844854, 'D_high': 75773.14388518519, 'fire_exp': 1.0473002272689056, 'P_half': 958.8659498594012, 'pre_dampen_half': 76.86605275420082, 'gpp_af': 0.004344117003966495, 'gpp_b': 0.011750724729953272, 'gpp_d': 150.14555442537656, 'ign_k': 0.0026834162496848666, 'ign_c': 14.810800730363484}.
[I 2026-08-06 00:17:30,174] Trial 665 finished with values: [13.131125759990763, 13.131125759990763] and parameters: {'k1': 0.00324789183891923, 'D_low': 2.1234210963705626, 'k2': 0.006138509947844854, 'D_high': 6455.595882939566, 'fire_exp': 1.151006986743773, 'P_half': 12.808863354047988, 'pre_dampen_half': 111.37963167994629, 'gpp_af': 1.6595781802652418, 'gpp_b': 0.0024194895091734425, 'gpp_d': 39.827466658711515, 'ign_k': 0.11101191524846071, 'ign_c': 14.810800730363484}.
[I 2026-08-06 00:17:31,266] Trial 666 finished with values: [10.769230768877819, 10.769230768877819] and parameters: {'k1': 0.025383218374507292, 'D_low': 125.32726386250698, 'k2': 0.006138509947844854, 'D_high': 1123.9682517242118, 'fire_exp': 2.2881850891698634, 'P_half': 8.369109437186466, 'pre_dampen_half': 567.9600794296686, 'gpp_af': 0.004344117003966495, 'gpp_b': 0.0035057749039614167, 'gpp_d': 39.827466658711515, 'ign_k': 0.8826264591983531, 'ign_c': 47.268615251255675}.
[I 2026-08-06 00:17:32,501] Trial 667 finished with values: [-0.4991477398853876, 0.17089279461336326] and parameters: {'k1': 0.007183692410204826, 'D_low': 98.57545621889057, 'k2': 0.006138509947844854, 'D_high': 949.9072859745386, 'fire_exp': 1.0473002272689056, 'P_half': 958.8659498594012, 'pre_dampen_half': 76.86605275420082, 'gpp_af': 0.004344117003966495, 'gpp_b': 0.003510201564752293, 'gpp_d': 150.14555442537656, 'ign_k': 0.0027847738314446878, 'ign_c': 161.03205392189665}.
[I 2026-08-06 00:17:33,562] Trial 668 finished with values: [10.278112209363856, 10.278112209363856] and parameters: {'k1': 0.021368329072358756, 'D_low': 7.068974950624602, 'k2': 0.0004381141781653133, 'D_high': 75773.14388518519, 'fire_exp': 1.606353818654556, 'P_half': 1938.3858782150498, 'pre_dampen_half': 247.25776073156666, 'gpp_af': 0.0025511964576171086, 'gpp_b': 3.228689523591491e-05, 'gpp_d': 0.03627422119926134, 'ign_k': 0.011994950112756754, 'ign_c': 47.268615251255675}.
[I 2026-08-06 00:17:34,622] Trial 669 finished with values: [-0.5718994925273816, 0.2342282285835997] and parameters: {'k1': 0.0029707920514735983, 'D_low': 351.3346616869279, 'k2': 3.5917714215176105e-05, 'D_high': 3660.150802571655, 'fire_exp': 1.1404778529537094, 'P_half': 22.4895428439145, 'pre_dampen_half': 36.876350096203005, 'gpp_af': 0.4527387214026172, 'gpp_b': 3.228689523591491e-05, 'gpp_d': 5.878566318396007, 'ign_k': 0.019192001101561888, 'ign_c': 2.41842279584716}.
[I 2026-08-06 00:17:35,656] Trial 670 finished with values: [10.317340736951195, 10.317340736951195] and parameters: {'k1': 0.0017320535908244437, 'D_low': 396.8136435370147, 'k2': 1.1184534120760473e-05, 'D_high': 75773.14388518519, 'fire_exp': 1.151006986743773, 'P_half': 958.8659498594012, 'pre_dampen_half': 33.9790424311127, 'gpp_af': 0.47739011308437823, 'gpp_b': 0.011750724729953272, 'gpp_d': 10.931606102061748, 'ign_k': 0.005877005203443299, 'ign_c': 14.810800730363484}.
[I 2026-08-06 00:17:36,679] Trial 671 finished with values: [10.716731611545407, 10.716731611545407] and parameters: {'k1': 2.0937989739527727e-05, 'D_low': 74.92772870670282, 'k2': 0.0010204225357677778, 'D_high': 55772.84121799238, 'fire_exp': 1.0881360604103363, 'P_half': 10.226988730324324, 'pre_dampen_half': 33.9790424311127, 'gpp_af': 1.6595781802652418, 'gpp_b': 1.722111409234053e-05, 'gpp_d': 150.14555442537656, 'ign_k': 0.0048255892187380085, 'ign_c': 6.160975294741436}.
[I 2026-08-06 00:17:37,739] Trial 672 finished with values: [10.431228655565112, 10.431228655565112] and parameters: {'k1': 3.252245757497282e-05, 'D_low': 7.068974950624602, 'k2': 1.1184534120760473e-05, 'D_high': 9769.756791866093, 'fire_exp': 1.182396148413737, 'P_half': 125.61043700013555, 'pre_dampen_half': 14.689898077648792, 'gpp_af': 0.028585493941961918, 'gpp_b': 0.011750724729953272, 'gpp_d': 5.878566318396007, 'ign_k': 0.019192001101561888, 'ign_c': 0.8891936446296247}.
[I 2026-08-06 00:17:38,859] Trial 673 finished with values: [10.029456992129148, 10.029456992129148] and parameters: {'k1': 0.002971796631657383, 'D_low': 532.1216007763549, 'k2': 0.0007081721844034209, 'D_high': 75773.14388518519, 'fire_exp': 1.5201277403788451, 'P_half': 14.94057723907974, 'pre_dampen_half': 33.9790424311127, 'gpp_af': 0.08235550625917108, 'gpp_b': 0.011750724729953272, 'gpp_d': 4.5768578731086835, 'ign_k': 0.09071933427331372, 'ign_c': 14.810800730363484}.
[I 2026-08-06 00:17:39,934] Trial 674 finished with values: [10.717521783194133, 10.717521783194133] and parameters: {'k1': 0.03232155805617897, 'D_low': 1112.9571947046009, 'k2': 0.006138509947844854, 'D_high': 6455.595882939566, 'fire_exp': 1.5201277403788451, 'P_half': 39.03214299767183, 'pre_dampen_half': 111.37963167994629, 'gpp_af': 1.6595781802652418, 'gpp_b': 3.481277316673104e-05, 'gpp_d': 0.04078961160746153, 'ign_k': 0.03141110271934876, 'ign_c': 47.268615251255675}.
[I 2026-08-06 00:17:41,008] Trial 675 finished with values: [10.337488910754404, 10.337488910754404] and parameters: {'k1': 0.03232155805617897, 'D_low': 7.068974950624602, 'k2': 0.006138509947844854, 'D_high': 1123.9682517242118, 'fire_exp': 1.1044852285094786, 'P_half': 14.94057723907974, 'pre_dampen_half': 1.823875297964684, 'gpp_af': 0.004344117003966495, 'gpp_b': 0.0035057749039614167, 'gpp_d': 19.65797948502804, 'ign_k': 0.11101191524846071, 'ign_c': 8.671454322584175}.
[I 2026-08-06 00:17:42,067] Trial 676 finished with values: [10.952660325140377, 10.952660325140377] and parameters: {'k1': 0.021368329072358756, 'D_low': 2.1234210963705626, 'k2': 0.0543876219522674, 'D_high': 75773.14388518519, 'fire_exp': 1.5201277403788451, 'P_half': 408.3047491580097, 'pre_dampen_half': 304.7488318185732, 'gpp_af': 1.6595781802652418, 'gpp_b': 0.0024194895091734425, 'gpp_d': 39.827466658711515, 'ign_k': 0.0026834162496848666, 'ign_c': 14.810800730363484}.
[I 2026-08-06 00:17:43,118] Trial 677 finished with values: [10.321652226745849, 10.321652226745849] and parameters: {'k1': 0.03232155805617897, 'D_low': 7.068974950624602, 'k2': 3.5917714215176105e-05, 'D_high': 183.91807805583133, 'fire_exp': 1.1044852285094786, 'P_half': 14.94057723907974, 'pre_dampen_half': 3.4369565628226946, 'gpp_af': 0.0016138541942192133, 'gpp_b': 0.0006082667040432242, 'gpp_d': 0.055171654110845424, 'ign_k': 0.11101191524846071, 'ign_c': 10.140635645866492}.
[I 2026-08-06 00:17:44,214] Trial 678 finished with values: [10.184879102960837, 10.184879102960837] and parameters: {'k1': 0.0017320535908244437, 'D_low': 532.1216007763549, 'k2': 0.08841388855976236, 'D_high': 75773.14388518519, 'fire_exp': 1.4665043946307825, 'P_half': 608.3019192425825, 'pre_dampen_half': 36.876350096203005, 'gpp_af': 0.09172078901566363, 'gpp_b': 9.58832899519661e-05, 'gpp_d': 891.8036602897795, 'ign_k': 0.08312953263874531, 'ign_c': 14.367095138664217}.
[I 2026-08-06 00:17:45,297] Trial 679 finished with values: [-0.5543248479157092, 0.1057181954943317] and parameters: {'k1': 0.0002656971546588439, 'D_low': 4.051452710153359, 'k2': 0.006138509947844854, 'D_high': 10316.033434719713, 'fire_exp': 2.196935728020977, 'P_half': 22.4895428439145, 'pre_dampen_half': 76.86605275420082, 'gpp_af': 0.47739011308437823, 'gpp_b': 0.10123867001105968, 'gpp_d': 300.3420512048734, 'ign_k': 0.4702627143647234, 'ign_c': 14.810800730363484}.
[I 2026-08-06 00:17:46,318] Trial 680 finished with values: [-0.5217100086632614, 0.1878187703576779] and parameters: {'k1': 2.0937989739527727e-05, 'D_low': 74.92772870670282, 'k2': 0.0010204225357677778, 'D_high': 9769.756791866093, 'fire_exp': 1.0881360604103363, 'P_half': 10.226988730324324, 'pre_dampen_half': 5.542030950268268, 'gpp_af': 0.08235550625917108, 'gpp_b': 2.800940363375676e-05, 'gpp_d': 4.5768578731086835, 'ign_k': 0.0048255892187380085, 'ign_c': 6.160975294741436}.
[I 2026-08-06 00:17:47,344] Trial 681 finished with values: [10.384224181564056, 10.384224181564056] and parameters: {'k1': 0.0002656971546588439, 'D_low': 4.051452710153359, 'k2': 0.0004381141781653133, 'D_high': 72522.83715822162, 'fire_exp': 1.5201277403788451, 'P_half': 1938.3858782150498, 'pre_dampen_half': 76.86605275420082, 'gpp_af': 35.20481045526041, 'gpp_b': 0.10123867001105968, 'gpp_d': 150.14555442537656, 'ign_k': 0.1550134937334847, 'ign_c': 9.34330265731847}.
[I 2026-08-06 00:17:48,372] Trial 682 finished with values: [10.488745824767184, 10.488745824767184] and parameters: {'k1': 0.03232155805617897, 'D_low': 1112.9571947046009, 'k2': 0.006138509947844854, 'D_high': 6455.595882939566, 'fire_exp': 1.1044852285094786, 'P_half': 608.3019192425825, 'pre_dampen_half': 33.9790424311127, 'gpp_af': 1.6595781802652418, 'gpp_b': 9.58832899519661e-05, 'gpp_d': 891.8036602897795, 'ign_k': 0.001046549859517173, 'ign_c': 14.367095138664217}.
[I 2026-08-06 00:17:49,470] Trial 683 finished with values: [10.492973184792953, 10.492973184792953] and parameters: {'k1': 0.06415745702132086, 'D_low': 2.1234210963705626, 'k2': 0.0036014695835220327, 'D_high': 21.208987108343724, 'fire_exp': 1.151006986743773, 'P_half': 958.8659498594012, 'pre_dampen_half': 111.37963167994629, 'gpp_af': 5.511863475708366, 'gpp_b': 0.0024194895091734425, 'gpp_d': 13.076473382928533, 'ign_k': 0.0026834162496848666, 'ign_c': 19.19168994439752}.
[I 2026-08-06 00:17:50,522] Trial 684 finished with values: [11.211176117555864, 11.211176117555864] and parameters: {'k1': 0.00012105387404469581, 'D_low': 2.458603276328005, 'k2': 0.006138509947844854, 'D_high': 949.9072859745386, 'fire_exp': 1.010722707674549, 'P_half': 2.157758652553991, 'pre_dampen_half': 76.86605275420082, 'gpp_af': 1.6595781802652418, 'gpp_b': 0.003510201564752293, 'gpp_d': 891.8036602897795, 'ign_k': 0.017654048052495083, 'ign_c': 14.367095138664217}.
[I 2026-08-06 00:17:51,569] Trial 685 finished with values: [10.769200154449083, 10.769200154449083] and parameters: {'k1': 0.00012105387404469581, 'D_low': 29.89885508829526, 'k2': 3.5917714215176105e-05, 'D_high': 3660.150802571655, 'fire_exp': 7.377654184453313, 'P_half': 22.4895428439145, 'pre_dampen_half': 304.7488318185732, 'gpp_af': 0.47739011308437823, 'gpp_b': 0.028780534359197463, 'gpp_d': 4.5768578731086835, 'ign_k': 0.0659112309484029, 'ign_c': 1.24801809651176}.
[I 2026-08-06 00:17:52,776] Trial 686 finished with values: [10.531263673661186, 10.531263673661186] and parameters: {'k1': 3.252245757497282e-05, 'D_low': 74.92772870670282, 'k2': 0.001154473887645231, 'D_high': 57.90964233881214, 'fire_exp': 1.182396148413737, 'P_half': 24.136213194527585, 'pre_dampen_half': 5.542030950268268, 'gpp_af': 0.0025511964576171086, 'gpp_b': 3.481277316673104e-05, 'gpp_d': 150.14555442537656, 'ign_k': 0.11903394335305037, 'ign_c': 9.023734753282096}.
[I 2026-08-06 00:17:53,821] Trial 687 finished with values: [10.48853662450225, 10.48853662450225] and parameters: {'k1': 0.00324789183891923, 'D_low': 2.1234210963705626, 'k2': 1.1184534120760473e-05, 'D_high': 949.9072859745386, 'fire_exp': 1.151006986743773, 'P_half': 408.3047491580097, 'pre_dampen_half': 21.593412825402957, 'gpp_af': 0.004344117003966495, 'gpp_b': 0.003510201564752293, 'gpp_d': 0.049917896217442304, 'ign_k': 0.0026834162496848666, 'ign_c': 19.19168994439752}.
[I 2026-08-06 00:17:54,899] Trial 688 finished with values: [10.374622069296581, 10.374622069296581] and parameters: {'k1': 0.0017320535908244437, 'D_low': 125.32726386250698, 'k2': 0.006138509947844854, 'D_high': 6802.810205786723, 'fire_exp': 2.196935728020977, 'P_half': 22.4895428439145, 'pre_dampen_half': 111.37963167994629, 'gpp_af': 0.028585493941961918, 'gpp_b': 0.011750724729953272, 'gpp_d': 5.085491038878331, 'ign_k': 0.005877005203443299, 'ign_c': 8.671454322584175}.
[I 2026-08-06 00:17:55,946] Trial 689 finished with values: [10.622389147406764, 10.622389147406764] and parameters: {'k1': 0.0017320535908244437, 'D_low': 18.522006003174383, 'k2': 1.1184534120760473e-05, 'D_high': 75773.14388518519, 'fire_exp': 1.0714541464524414, 'P_half': 608.3019192425825, 'pre_dampen_half': 0.34645729315852974, 'gpp_af': 0.0025511964576171086, 'gpp_b': 3.228689523591491e-05, 'gpp_d': 5.878566318396007, 'ign_k': 3.7173717478250508, 'ign_c': 2.92043384718141}.
[I 2026-08-06 00:17:56,963] Trial 690 finished with values: [11.975178116047015, 11.975178116047015] and parameters: {'k1': 0.0005486676498816061, 'D_low': 4.051452710153359, 'k2': 0.006138509947844854, 'D_high': 3660.150802571655, 'fire_exp': 1.010722707674549, 'P_half': 7.857247967427123, 'pre_dampen_half': 304.7488318185732, 'gpp_af': 0.004344117003966495, 'gpp_b': 0.003510201564752293, 'gpp_d': 33.373658194339434, 'ign_k': 0.006418208309987481, 'ign_c': 14.367095138664217}.
[I 2026-08-06 00:17:58,011] Trial 691 finished with values: [10.353865454828876, 10.353865454828876] and parameters: {'k1': 0.0017320535908244437, 'D_low': 1112.9571947046009, 'k2': 1.4378290221680118e-05, 'D_high': 639.0695092073224, 'fire_exp': 1.1044852285094786, 'P_half': 608.3019192425825, 'pre_dampen_half': 33.9790424311127, 'gpp_af': 22.766850248686247, 'gpp_b': 8.539677611488478e-05, 'gpp_d': 891.8036602897795, 'ign_k': 0.09071933427331372, 'ign_c': 9.34330265731847}.
[I 2026-08-06 00:17:59,059] Trial 692 finished with values: [10.40858128849442, 10.40858128849442] and parameters: {'k1': 0.03232155805617897, 'D_low': 7.068974950624602, 'k2': 0.004940031671739378, 'D_high': 75773.14388518519, 'fire_exp': 1.1044852285094786, 'P_half': 14.94057723907974, 'pre_dampen_half': 1.6130673726933187, 'gpp_af': 0.028585493941961918, 'gpp_b': 0.0006082667040432242, 'gpp_d': 5.878566318396007, 'ign_k': 0.03141110271934876, 'ign_c': 47.268615251255675}.
[I 2026-08-06 00:18:00,141] Trial 693 finished with values: [10.751317731330959, 10.751317731330959] and parameters: {'k1': 0.002971796631657383, 'D_low': 532.1216007763549, 'k2': 1.1184534120760473e-05, 'D_high': 6455.595882939566, 'fire_exp': 1.151006986743773, 'P_half': 14.94057723907974, 'pre_dampen_half': 111.37963167994629, 'gpp_af': 0.47739011308437823, 'gpp_b': 8.539677611488478e-05, 'gpp_d': 5.878566318396007, 'ign_k': 4.461217349302768, 'ign_c': 6.160975294741436}.
[I 2026-08-06 00:18:01,216] Trial 694 finished with values: [10.763755636645296, 10.763755636645296] and parameters: {'k1': 0.00324789183891923, 'D_low': 7579.633113316125, 'k2': 0.006138509947844854, 'D_high': 75773.14388518519, 'fire_exp': 1.151006986743773, 'P_half': 958.8659498594012, 'pre_dampen_half': 33.9790424311127, 'gpp_af': 0.0025511964576171086, 'gpp_b': 0.0024194895091734425, 'gpp_d': 13.076473382928533, 'ign_k': 0.0023746677989874045, 'ign_c': 14.810800730363484}.
[I 2026-08-06 00:18:02,307] Trial 695 finished with values: [11.238595616219166, 11.238595616219166] and parameters: {'k1': 0.002971796631657383, 'D_low': 74.92772870670282, 'k2': 0.0007081721844034209, 'D_high': 9769.756791866093, 'fire_exp': 1.0881360604103363, 'P_half': 2.157758652553991, 'pre_dampen_half': 703.6426675556048, 'gpp_af': 0.0025511964576171086, 'gpp_b': 0.011750724729953272, 'gpp_d': 0.19476644406315288, 'ign_k': 0.4902396944106615, 'ign_c': 6.160975294741436}.
[I 2026-08-06 00:18:03,353] Trial 696 finished with values: [10.011879624672186, 10.011879624672186] and parameters: {'k1': 0.025383218374507292, 'D_low': 532.1216007763549, 'k2': 0.006138509947844854, 'D_high': 75773.14388518519, 'fire_exp': 1.5201277403788451, 'P_half': 14.94057723907974, 'pre_dampen_half': 14.689898077648792, 'gpp_af': 22.766850248686247, 'gpp_b': 8.539677611488478e-05, 'gpp_d': 668.5510162938966, 'ign_k': 0.09071933427331372, 'ign_c': 14.367095138664217}.
[I 2026-08-06 00:18:04,521] Trial 697 finished with values: [10.525231125643932, 10.525231125643932] and parameters: {'k1': 0.0029707920514735983, 'D_low': 98.57545621889057, 'k2': 2.1698375693549493e-05, 'D_high': 75773.14388518519, 'fire_exp': 2.2881850891698634, 'P_half': 408.3047491580097, 'pre_dampen_half': 111.37963167994629, 'gpp_af': 0.0025511964576171086, 'gpp_b': 0.0035057749039614167, 'gpp_d': 0.11136446029400991, 'ign_k': 0.8826264591983531, 'ign_c': 2.92043384718141}.
[I 2026-08-06 00:18:05,771] Trial 698 finished with values: [10.685089880302378, 10.685089880302378] and parameters: {'k1': 0.0017320535908244437, 'D_low': 2.1234210963705626, 'k2': 0.0010204225357677778, 'D_high': 21.208987108343724, 'fire_exp': 1.5201277403788451, 'P_half': 408.3047491580097, 'pre_dampen_half': 33.9790424311127, 'gpp_af': 0.0025511964576171086, 'gpp_b': 0.0024194895091734425, 'gpp_d': 13.076473382928533, 'ign_k': 0.0026834162496848666, 'ign_c': 14.810800730363484}.
[I 2026-08-06 00:18:06,832] Trial 699 finished with values: [10.718077211668987, 10.718077211668987] and parameters: {'k1': 0.002971796631657383, 'D_low': 1.54121727098019, 'k2': 1.1184534120760473e-05, 'D_high': 6366.1449945522045, 'fire_exp': 2.196935728020977, 'P_half': 22.4895428439145, 'pre_dampen_half': 304.7488318185732, 'gpp_af': 0.47739011308437823, 'gpp_b': 0.011750724729953272, 'gpp_d': 0.19476644406315288, 'ign_k': 0.03141110271934876, 'ign_c': 14.810800730363484}.
[I 2026-08-06 00:18:07,799] Trial 700 finished with values: [10.536534293823655, 10.536534293823655] and parameters: {'k1': 0.0005956633466901681, 'D_low': 125.32726386250698, 'k2': 0.0004381141781653133, 'D_high': 6455.595882939566, 'fire_exp': 1.5201277403788451, 'P_half': 39.03214299767183, 'pre_dampen_half': 33.9790424311127, 'gpp_af': 0.028585493941961918, 'gpp_b': 0.011750724729953272, 'gpp_d': 39.827466658711515, 'ign_k': 0.03141110271934876, 'ign_c': 47.268615251255675}.
[I 2026-08-06 00:18:08,895] Trial 701 finished with values: [10.769230768877819, 10.769230768877819] and parameters: {'k1': 0.025383218374507292, 'D_low': 18.522006003174383, 'k2': 4.763991596630584e-05, 'D_high': 1687.3495104568947, 'fire_exp': 1.5201277403788451, 'P_half': 2968.718490830258, 'pre_dampen_half': 0.07686859572675554, 'gpp_af': 0.0025511964576171086, 'gpp_b': 0.14313825333079222, 'gpp_d': 0.07404167689653945, 'ign_k': 3.7173717478250508, 'ign_c': 225.1444048387014}.
[I 2026-08-06 00:18:09,879] Trial 702 finished with values: [10.483369743118413, 10.483369743118413] and parameters: {'k1': 0.002971796631657383, 'D_low': 1.54121727098019, 'k2': 0.0001599021369655865, 'D_high': 6455.595882939566, 'fire_exp': 1.151006986743773, 'P_half': 24.136213194527585, 'pre_dampen_half': 33.9790424311127, 'gpp_af': 0.47739011308437823, 'gpp_b': 0.0358180527371211, 'gpp_d': 10.931606102061748, 'ign_k': 6.00422388619554, 'ign_c': 19.19168994439752}.
[I 2026-08-06 00:18:10,938] Trial 703 finished with values: [11.030413859570281, 11.030413859570281] and parameters: {'k1': 0.002971796631657383, 'D_low': 7.068974950624602, 'k2': 2.1698375693549493e-05, 'D_high': 75773.14388518519, 'fire_exp': 1.0881360604103363, 'P_half': 125.61043700013555, 'pre_dampen_half': 53.73093479067421, 'gpp_af': 0.028585493941961918, 'gpp_b': 3.228689523591491e-05, 'gpp_d': 5.878566318396007, 'ign_k': 0.0026834162496848666, 'ign_c': 2.92043384718141}.
[I 2026-08-06 00:18:11,917] Trial 704 finished with values: [-0.5718374773363678, 0.17768567578923267] and parameters: {'k1': 0.0029707920514735983, 'D_low': 4.051452710153359, 'k2': 2.1698375693549493e-05, 'D_high': 75773.14388518519, 'fire_exp': 1.182396148413737, 'P_half': 408.3047491580097, 'pre_dampen_half': 36.876350096203005, 'gpp_af': 0.0025511964576171086, 'gpp_b': 8.539677611488478e-05, 'gpp_d': 857.4284557962634, 'ign_k': 0.019192001101561888, 'ign_c': 14.810800730363484}.
