[I 2026-08-19 17:31:26,634] Trial 1188 finished with value: 0.6177483803897597 and parameters: {'k1': 0.005622761254648391, 'D_low': 4207.353030961293, 'k2': 0.0010042836036390785, 'D_high': 19818.03219982289, 'fire_exp': 2.2817526709188916, 'P_half': 8.37273454381152, 'pre_dampen_half': 138.69002567529, 'gpp_af': 0.003306868223464796, 'gpp_b': 0.2556973275359187, 'gpp_d': 83.89867859147306, 'ign_k': 1.556291976559674, 'ign_c': 1.2278775123446557, 'trop_agb_crit': 27.574175752752133, 'trop_k_veg': 5.622870382218616, 'pop_amp': 0.4144790899326467, 'pop_peak': 0.19666153288001512, 'pop_sig': 0.4075975254028906, 'fuel_k': 0.969866205415496, 'fuel_half': 0.471067977636417}. Best is trial 0 with value: -0.6094076133578652.
[I 2026-08-19 17:31:28,337] Trial 1189 finished with value: 0.6248916593427882 and parameters: {'k1': 0.003640159738084747, 'D_low': 5864.896210027635, 'k2': 0.00018460701872969836, 'D_high': 2564109.393505054, 'fire_exp': 2.6063325204392407, 'P_half': 16.919033718554704, 'pre_dampen_half': 73.92105270324944, 'gpp_af': 3.818923804701687, 'gpp_b': 0.004475402200585805, 'gpp_d': 93.34259374134506, 'ign_k': 0.19885300014725527, 'ign_c': 0.11193637221145991, 'trop_agb_crit': 5.036734384768872, 'trop_k_veg': 0.9308151688630009, 'pop_amp': 2.4920812650190625, 'pop_peak': 11.252689873898207, 'pop_sig': 0.8176648737026443, 'fuel_k': 0.3440386794764965, 'fuel_half': 0.13957705787243432}. Best is trial 0 with value: -0.6094076133578652.
[I 2026-08-19 17:31:29,987] Trial 1190 finished with value: 0.6445374145881376 and parameters: {'k1': 0.0004891909693449724, 'D_low': 867.5375388380677, 'k2': 0.0012339084390861734, 'D_high': 9236571.969004456, 'fire_exp': 1.2498803036335333, 'P_half': 506.505186250069, 'pre_dampen_half': 48.20108080645298, 'gpp_af': 0.0014089570384451184, 'gpp_b': 8.973290069702146e-05, 'gpp_d': 18.93301970752372, 'ign_k': 1.9982269382163738, 'ign_c': 54.68764020341584, 'trop_agb_crit': 29.74276376390547, 'trop_k_veg': 2.982599841869806, 'pop_amp': 0.0010298997692652025, 'pop_peak': 10.778429445375437, 'pop_sig': 0.9643898172820553, 'fuel_k': 2.3192410334582685, 'fuel_half': 0.3463951925935979}. Best is trial 0 with value: -0.6094076133578652.
[I 2026-08-19 17:31:31,726] Trial 1191 finished with value: 0.59560815596173 and parameters: {'k1': 0.08019524758015696, 'D_low': 7.942720741160126, 'k2': 0.0007791221743300868, 'D_high': 101297.31626207559, 'fire_exp': 4.4360589908258925, 'P_half': 4.18491490946071, 'pre_dampen_half': 125.45638653696567, 'gpp_af': 0.022042881855026897, 'gpp_b': 0.0049551336605038075, 'gpp_d': 356.9959876277499, 'ign_k': 0.012984101904079922, 'ign_c': 0.5574606696742189, 'trop_agb_crit': 25.173469962770568, 'trop_k_veg': 0.6617760254364461, 'pop_amp': 0.04049947677923545, 'pop_peak': 0.8461136326948452, 'pop_sig': 0.4757947006855046, 'fuel_k': 0.22537938964971505, 'fuel_half': 0.15760932201043318}. Best is trial 0 with value: -0.6094076133578652.
[I 2026-08-19 17:31:33,401] Trial 1192 finished with value: 0.5796076623775479 and parameters: {'k1': 0.0008700640618115882, 'D_low': 10820.102574912667, 'k2': 0.0005439672142938002, 'D_high': 8251239.718995251, 'fire_exp': 3.383635864017805, 'P_half': 2.5456068313359665, 'pre_dampen_half': 0.2748651796706581, 'gpp_af': 0.0057063145274414825, 'gpp_b': 0.00026115363110117867, 'gpp_d': 431.85664670816925, 'ign_k': 0.03725300248447781, 'ign_c': 0.137184424864134, 'trop_agb_crit': 18.922837026631996, 'trop_k_veg': 0.9672189556241096, 'pop_amp': 0.03073841561800685, 'pop_peak': 0.4576631367691258, 'pop_sig': 0.39077654340843376, 'fuel_k': 0.07492046383726329, 'fuel_half': 0.1805924452714614}. Best is trial 0 with value: -0.6094076133578652.
[I 2026-08-19 17:31:35,517] Trial 1193 finished with value: -0.5742842305571958 and parameters: {'k1': 0.025981635086017342, 'D_low': 2686.7123432065373, 'k2': 0.00044556608931286005, 'D_high': 1144451.669363383, 'fire_exp': 3.7725341878554675, 'P_half': 4.0752333091886666, 'pre_dampen_half': 20.550414051471, 'gpp_af': 0.0031976251495822484, 'gpp_b': 0.0004109273428654134, 'gpp_d': 115.92413206033996, 'ign_k': 0.2580244205833112, 'ign_c': 0.16307820779566506, 'trop_agb_crit': 24.586573795166714, 'trop_k_veg': 3.122990163873181, 'pop_amp': 0.009763207308763556, 'pop_peak': 0.8333816401692699, 'pop_sig': 0.5416013818749049, 'fuel_k': 0.4343089115178336, 'fuel_half': 0.23506221192448304}. Best is trial 0 with value: -0.6094076133578652.
[I 2026-08-19 17:31:37,353] Trial 1194 finished with value: 0.5791604847898252 and parameters: {'k1': 0.0001893135255758499, 'D_low': 2.972207199521349, 'k2': 0.000682175319803205, 'D_high': 775491.3366410638, 'fire_exp': 3.59871867196046, 'P_half': 1.211293138542158, 'pre_dampen_half': 0.0263602375957314, 'gpp_af': 0.06327397512633749, 'gpp_b': 0.011486513107102117, 'gpp_d': 34.649602929120945, 'ign_k': 0.0459392133121891, 'ign_c': 0.35679074550752926, 'trop_agb_crit': 3.084613156635298, 'trop_k_veg': 0.5778369997004001, 'pop_amp': 4.737564593062895, 'pop_peak': 1.2375103073915583, 'pop_sig': 0.256957323006749, 'fuel_k': 0.10824964647050578, 'fuel_half': 0.8500742116820497}. Best is trial 0 with value: -0.6094076133578652.
[I 2026-08-19 17:31:39,098] Trial 1195 finished with value: 0.5550510985230888 and parameters: {'k1': 0.020899902100605404, 'D_low': 387.028412443032, 'k2': 0.0005941514210647345, 'D_high': 1197438.789681253, 'fire_exp': 2.411364626664009, 'P_half': 2.4333599605001552, 'pre_dampen_half': 5.295579838213691, 'gpp_af': 0.8565005285285116, 'gpp_b': 0.6410846823900158, 'gpp_d': 229.27047950603088, 'ign_k': 0.013783002673197169, 'ign_c': 0.4775742830187949, 'trop_agb_crit': 2.7599124182557615, 'trop_k_veg': 0.9795374104493297, 'pop_amp': 3.701703424106539, 'pop_peak': 0.5236827728803918, 'pop_sig': 1.9401326216662649, 'fuel_k': 0.037589740725348084, 'fuel_half': 0.2498041334514188}. Best is trial 0 with value: -0.6094076133578652.
[I 2026-08-19 17:31:40,866] Trial 1196 finished with value: 0.501713476465332 and parameters: {'k1': 0.010532128921929604, 'D_low': 49.00493224165507, 'k2': 0.07172694520666094, 'D_high': 396753.53759411635, 'fire_exp': 1.8398107300854287, 'P_half': 1.2606215484572993, 'pre_dampen_half': 0.01942333795491428, 'gpp_af': 0.014699646461895895, 'gpp_b': 0.0003019743342338026, 'gpp_d': 0.5907476434385842, 'ign_k': 0.05914825023223606, 'ign_c': 1.5536754242905937, 'trop_agb_crit': 1.0171811089647806, 'trop_k_veg': 4.161504682466404, 'pop_amp': 2.752435821995544, 'pop_peak': 2.816855361339879, 'pop_sig': 0.7528254274186151, 'fuel_k': 0.04061566262136359, 'fuel_half': 7.388235670436295}. Best is trial 0 with value: -0.6094076133578652.
[I 2026-08-19 17:31:42,617] Trial 1197 finished with value: 0.5178491345740438 and parameters: {'k1': 0.0002408253150151247, 'D_low': 3.2709166421863913, 'k2': 0.004101848094281739, 'D_high': 1139825.0822382336, 'fire_exp': 2.6034873751912926, 'P_half': 137.35164898429207, 'pre_dampen_half': 0.20427885060318793, 'gpp_af': 0.3766475495759125, 'gpp_b': 0.004820945505728886, 'gpp_d': 10.765071997816905, 'ign_k': 0.14099057290524494, 'ign_c': 0.6408557361304325, 'trop_agb_crit': 9.396120525582871, 'trop_k_veg': 0.8532560307768289, 'pop_amp': 1.2895287485389209, 'pop_peak': 18.461486352451356, 'pop_sig': 0.3548556605414547, 'fuel_k': 0.09569097443394466, 'fuel_half': 1.6158661929306029}. Best is trial 0 with value: -0.6094076133578652.
[I 2026-08-19 17:31:44,334] Trial 1198 finished with value: 0.5272500047772966 and parameters: {'k1': 0.01724955926750753, 'D_low': 6.230423873500081, 'k2': 0.038530262022343886, 'D_high': 117778.38735976063, 'fire_exp': 3.743096565083264, 'P_half': 2.3951864684054605, 'pre_dampen_half': 0.1442216621759879, 'gpp_af': 0.09132859122722113, 'gpp_b': 0.0006609485917022605, 'gpp_d': 764.3655383189129, 'ign_k': 0.8390292477247215, 'ign_c': 0.17497122652625524, 'trop_agb_crit': 11.43002782884126, 'trop_k_veg': 1.3757714336861284, 'pop_amp': 0.00618579561485687, 'pop_peak': 0.716998409406148, 'pop_sig': 2.3292437112587585, 'fuel_k': 0.756248110178683, 'fuel_half': 84.234248269169}. Best is trial 0 with value: -0.6094076133578652.
  trial 1199/2500  best_overall=0.6094  (33.3 min)
[I 2026-08-19 17:31:46,491] Trial 1199 finished with value: 0.5548952883584314 and parameters: {'k1': 0.00034188145154168494, 'D_low': 1.8125662034034438, 'k2': 0.0005402113103436623, 'D_high': 2869357.7318829163, 'fire_exp': 2.7192036595767943, 'P_half': 107.49135248958144, 'pre_dampen_half': 0.058518961948514504, 'gpp_af': 0.11613701143995217, 'gpp_b': 0.0013809696622694395, 'gpp_d': 22.931566780536357, 'ign_k': 0.10682866934744714, 'ign_c': 3.050752522944525, 'trop_agb_crit': 3.866723765171008, 'trop_k_veg': 0.6140219327201138, 'pop_amp': 0.3660668636653863, 'pop_peak': 27.14514770991565, 'pop_sig': 1.2314304120024695, 'fuel_k': 1.027201170400342, 'fuel_half': 1.7573449120878977}. Best is trial 0 with value: -0.6094076133578652.
[I 2026-08-19 17:31:48,219] Trial 1200 finished with value: 0.600928945222629 and parameters: {'k1': 0.012450567408172271, 'D_low': 10145.420416977468, 'k2': 0.0004487436047173875, 'D_high': 466888.9642620233, 'fire_exp': 4.93450691205123, 'P_half': 119.08247020825192, 'pre_dampen_half': 0.9753868874946119, 'gpp_af': 5.7462641829725, 'gpp_b': 9.664227083079441e-05, 'gpp_d': 0.42193500214716817, 'ign_k': 0.0953244618189631, 'ign_c': 0.717114248151003, 'trop_agb_crit': 6.044758578012724, 'trop_k_veg': 0.7760507635288878, 'pop_amp': 2.211976618145505, 'pop_peak': 16.413023516264992, 'pop_sig': 0.2795086466748587, 'fuel_k': 0.10611674702105552, 'fuel_half': 0.15919430696983167}. Best is trial 0 with value: -0.6094076133578652.
[I 2026-08-19 17:31:49,923] Trial 1201 finished with value: 0.5509020533452571 and parameters: {'k1': 0.0038722311831658703, 'D_low': 102.47390939482413, 'k2': 0.0008749691085193476, 'D_high': 2054645.0338133543, 'fire_exp': 3.651785617186058, 'P_half': 19.291679144013028, 'pre_dampen_half': 0.1365985898559325, 'gpp_af': 0.1693615523880378, 'gpp_b': 0.07229869182121562, 'gpp_d': 4.092071622717994, 'ign_k': 0.10344698407032753, 'ign_c': 0.13816785609985016, 'trop_agb_crit': 13.520830491656374, 'trop_k_veg': 1.1494959755208334, 'pop_amp': 3.703456494395308, 'pop_peak': 123.95086193384132, 'pop_sig': 1.0570568111413619, 'fuel_k': 0.2625168062452644, 'fuel_half': 1.44638269500573}. Best is trial 0 with value: -0.6094076133578652.
[I 2026-08-19 17:31:51,596] Trial 1202 finished with value: 0.581970590323085 and parameters: {'k1': 0.0023570051498746215, 'D_low': 147.1486221779181, 'k2': 7.010531453928803e-05, 'D_high': 184713.52028025594, 'fire_exp': 4.519016588290074, 'P_half': 7.528054106558747, 'pre_dampen_half': 0.08537176069071598, 'gpp_af': 0.0936506139448442, 'gpp_b': 0.0010411968746136758, 'gpp_d': 72.84480282879527, 'ign_k': 0.023252697125648394, 'ign_c': 0.13760157550517824, 'trop_agb_crit': 11.10982798996578, 'trop_k_veg': 1.3093633244156366, 'pop_amp': 0.2788638667372483, 'pop_peak': 0.3128348796097073, 'pop_sig': 0.6602480909198638, 'fuel_k': 0.07654567853355322, 'fuel_half': 1.8763733583074638}. Best is trial 0 with value: -0.6094076133578652.
[I 2026-08-19 17:31:53,260] Trial 1203 finished with value: 0.5894254688564298 and parameters: {'k1': 0.00617889683691729, 'D_low': 1.9237193653242937, 'k2': 0.0001721559696443278, 'D_high': 767999.1607953184, 'fire_exp': 3.518579770990354, 'P_half': 179.14781963331822, 'pre_dampen_half': 11.487940634775175, 'gpp_af': 0.9593924743603248, 'gpp_b': 0.00017138699301296552, 'gpp_d': 8.912913675017101, 'ign_k': 0.07418655915564598, 'ign_c': 0.20370988162737907, 'trop_agb_crit': 3.6789201627294226, 'trop_k_veg': 1.4896265624579696, 'pop_amp': 15.470109217955484, 'pop_peak': 26.527439373348912, 'pop_sig': 0.9349000931334004, 'fuel_k': 0.19311366584351658, 'fuel_half': 0.14804252955072214}. Best is trial 0 with value: -0.6094076133578652.
[I 2026-08-19 17:31:54,910] Trial 1204 finished with value: 0.44450528747053375 and parameters: {'k1': 0.0003419408294100778, 'D_low': 3.1441267335283456, 'k2': 0.0007241466333207866, 'D_high': 5755085.497845197, 'fire_exp': 3.7777546217663294, 'P_half': 141.75676562939597, 'pre_dampen_half': 3.6695254405454887, 'gpp_af': 0.16864127300104428, 'gpp_b': 0.0018415478552649806, 'gpp_d': 2.869587730304319, 'ign_k': 0.16045055793808163, 'ign_c': 0.2922952036532121, 'trop_agb_crit': 15.586134306504116, 'trop_k_veg': 0.7654674595096462, 'pop_amp': 7.041704644231848, 'pop_peak': 22.875177405965342, 'pop_sig': 0.9520451507514912, 'fuel_k': 0.5997529623736045, 'fuel_half': 1.6121154293363535}. Best is trial 0 with value: -0.6094076133578652.
[I 2026-08-19 17:31:56,624] Trial 1205 finished with value: 0.4107224887414259 and parameters: {'k1': 0.001230413621048584, 'D_low': 279.00636882720653, 'k2': 0.017831510137590795, 'D_high': 5392743.82008711, 'fire_exp': 5.136398734161488, 'P_half': 3.3415698758244288, 'pre_dampen_half': 8.997771624813721, 'gpp_af': 0.010242441144671086, 'gpp_b': 1.8869863260931805e-05, 'gpp_d': 723.8713628695383, 'ign_k': 1.8614285169542002, 'ign_c': 0.30067488701845074, 'trop_agb_crit': 9.57241785925181, 'trop_k_veg': 2.9164804458000577, 'pop_amp': 0.01704661382849616, 'pop_peak': 0.9741339983292678, 'pop_sig': 0.8679938424787104, 'fuel_k': 0.09788922989072153, 'fuel_half': 0.11715103998246797}. Best is trial 0 with value: -0.6094076133578652.
[I 2026-08-19 17:31:58,241] Trial 1206 finished with value: 0.5092534986765499 and parameters: {'k1': 0.0004402165869215119, 'D_low': 69.3043030707345, 'k2': 0.0002700892820692243, 'D_high': 2225663.0747305183, 'fire_exp': 2.128191981702935, 'P_half': 4.982568676151343, 'pre_dampen_half': 0.3184667194558414, 'gpp_af': 0.03212243236218994, 'gpp_b': 0.010149345543505954, 'gpp_d': 105.82710455725098, 'ign_k': 1.1807510630906586, 'ign_c': 0.22095907329589298, 'trop_agb_crit': 13.608219026874343, 'trop_k_veg': 1.900273150140265, 'pop_amp': 0.23625925905703068, 'pop_peak': 0.06970182944549363, 'pop_sig': 0.41501927280091405, 'fuel_k': 0.7510418988751016, 'fuel_half': 0.2802319712838525}. Best is trial 0 with value: -0.6094076133578652.
[I 2026-08-19 17:31:59,900] Trial 1207 finished with value: 0.5673570758902323 and parameters: {'k1': 0.01975564993898237, 'D_low': 184.73625467192124, 'k2': 0.0011551123861282156, 'D_high': 4655.06063834739, 'fire_exp': 1.774249290610915, 'P_half': 7.913882330094801, 'pre_dampen_half': 25.091097781620455, 'gpp_af': 0.0705446432710581, 'gpp_b': 0.023238033305795623, 'gpp_d': 28.93168063199126, 'ign_k': 0.022214763708751816, 'ign_c': 3.7439637911977077, 'trop_agb_crit': 3.3033872993317726, 'trop_k_veg': 1.9643644959978663, 'pop_amp': 1.0778590382085282, 'pop_peak': 0.1648896429034482, 'pop_sig': 1.206338378722191, 'fuel_k': 0.23724672846444317, 'fuel_half': 0.19313864343710765}. Best is trial 0 with value: -0.6094076133578652.
[I 2026-08-19 17:32:01,564] Trial 1208 finished with value: 0.5569269496458089 and parameters: {'k1': 0.000812663647947139, 'D_low': 3851.7480369905884, 'k2': 0.00016957494974659308, 'D_high': 58241.50995646659, 'fire_exp': 1.2494958149963522, 'P_half': 2456.186418870609, 'pre_dampen_half': 0.12731352197733506, 'gpp_af': 0.2329778418235965, 'gpp_b': 0.001294440591369758, 'gpp_d': 945.5978773559661, 'ign_k': 0.06402150778781121, 'ign_c': 0.11907286344133472, 'trop_agb_crit': 13.681382093582005, 'trop_k_veg': 1.966449507679342, 'pop_amp': 1.6020279161705604, 'pop_peak': 124.716490576135, 'pop_sig': 0.4710291331628196, 'fuel_k': 1.90852624939836, 'fuel_half': 0.12131239358398332}. Best is trial 0 with value: -0.6094076133578652.
[I 2026-08-19 17:32:03,197] Trial 1209 finished with value: -0.5862389187023844 and parameters: {'k1': 0.0008087054224559177, 'D_low': 2366.4549728484617, 'k2': 0.0006480677169269373, 'D_high': 1740804.2429123805, 'fire_exp': 2.9302868961620145, 'P_half': 34.79871925570517, 'pre_dampen_half': 4.114459406302743, 'gpp_af': 0.34058441130380235, 'gpp_b': 0.0001897776573165056, 'gpp_d': 153.0905781185128, 'ign_k': 2.8432027548565073, 'ign_c': 0.10362034653989698, 'trop_agb_crit': 23.780284243639887, 'trop_k_veg': 1.7461278851612536, 'pop_amp': 0.16495231018216758, 'pop_peak': 2.2177118858027858, 'pop_sig': 0.6725296987499262, 'fuel_k': 0.03210167066797981, 'fuel_half': 0.41254873441118384}. Best is trial 0 with value: -0.6094076133578652.
[I 2026-08-19 17:32:04,864] Trial 1210 finished with value: 0.5331440500459348 and parameters: {'k1': 0.001073726384267232, 'D_low': 1043.8222785817934, 'k2': 0.00018665073377606477, 'D_high': 345092.7107616148, 'fire_exp': 3.1134965096319305, 'P_half': 180.40038739795557, 'pre_dampen_half': 0.3313266786701259, 'gpp_af': 0.25860456394047343, 'gpp_b': 0.0002648402505528015, 'gpp_d': 65.53024171162029, 'ign_k': 3.1468968759109415, 'ign_c': 0.16285006705400384, 'trop_agb_crit': 12.418295452555084, 'trop_k_veg': 0.9825858823361442, 'pop_amp': 0.036600338133245654, 'pop_peak': 15.234879573687794, 'pop_sig': 1.327296497305405, 'fuel_k': 0.04045695773379963, 'fuel_half': 0.2428027363777585}. Best is trial 0 with value: -0.6094076133578652.
  trial 1211/2500  best_overall=0.6094  (33.7 min)
[I 2026-08-19 17:32:06,839] Trial 1211 finished with value: 0.46039251519910973 and parameters: {'k1': 0.0006489119519444984, 'D_low': 1751.8029932424852, 'k2': 0.00028214790075044315, 'D_high': 5420117.255430036, 'fire_exp': 4.017119547592892, 'P_half': 28.494917792239033, 'pre_dampen_half': 0.36468663462336853, 'gpp_af': 0.05900755955664808, 'gpp_b': 7.583174257056573e-05, 'gpp_d': 688.0191028315625, 'ign_k': 7.380258394977377, 'ign_c': 2.2412624015664697, 'trop_agb_crit': 15.93669416323621, 'trop_k_veg': 1.0529449259018206, 'pop_amp': 0.9242629424738069, 'pop_peak': 0.6890809795830811, 'pop_sig': 1.0595052064065504, 'fuel_k': 0.03373770028967129, 'fuel_half': 0.3198323424385246}. Best is trial 0 with value: -0.6094076133578652.
[I 2026-08-19 17:32:08,529] Trial 1212 finished with value: 0.5927035467656123 and parameters: {'k1': 0.008731131135635724, 'D_low': 92.59695756737528, 'k2': 0.0011774108567834218, 'D_high': 388624.4739793559, 'fire_exp': 1.4502635318448294, 'P_half': 23.681521775170392, 'pre_dampen_half': 0.657430100355841, 'gpp_af': 0.0032082081287157895, 'gpp_b': 1.0449726092250424, 'gpp_d': 5.225118396594311, 'ign_k': 0.9341605549132462, 'ign_c': 0.9960410456760178, 'trop_agb_crit': 8.921909596489556, 'trop_k_veg': 0.5160202923490016, 'pop_amp': 0.5994784467623551, 'pop_peak': 32.80894231634307, 'pop_sig': 0.3252209279626173, 'fuel_k': 0.021352334314963164, 'fuel_half': 2.515792260676366}. Best is trial 0 with value: -0.6094076133578652.
[I 2026-08-19 17:32:10,330] Trial 1213 finished with value: 0.48114780768534704 and parameters: {'k1': 0.005780895571104552, 'D_low': 15.309145015507942, 'k2': 0.0004173557920752637, 'D_high': 2527638.526263338, 'fire_exp': 2.4349185011929535, 'P_half': 1.3900007159274201, 'pre_dampen_half': 0.9408165494998841, 'gpp_af': 0.047194381491790435, 'gpp_b': 0.002947414762281995, 'gpp_d': 25.998517859564707, 'ign_k': 0.20365495504428685, 'ign_c': 0.6495936696300659, 'trop_agb_crit': 1.8940888208222781, 'trop_k_veg': 1.1169590486527674, 'pop_amp': 0.4014065619378021, 'pop_peak': 0.46245584584198807, 'pop_sig': 0.5980745185414377, 'fuel_k': 0.03245269943216507, 'fuel_half': 0.11503705111549067}. Best is trial 0 with value: -0.6094076133578652.
[I 2026-08-19 17:32:12,114] Trial 1214 finished with value: 0.4809335983587679 and parameters: {'k1': 0.05879769237656213, 'D_low': 3.037875712978941, 'k2': 0.0005820946046359518, 'D_high': 8623130.39424091, 'fire_exp': 4.874285670353668, 'P_half': 439.89726535982845, 'pre_dampen_half': 37.23066863382004, 'gpp_af': 0.013055619031393517, 'gpp_b': 0.000844418181367836, 'gpp_d': 372.8801796173242, 'ign_k': 1.3152659773829227, 'ign_c': 0.12637907919630456, 'trop_agb_crit': 28.288572901996663, 'trop_k_veg': 0.925486229131527, 'pop_amp': 0.2788029115340757, 'pop_peak': 0.4098450668187409, 'pop_sig': 0.2901162090863976, 'fuel_k': 1.4549505489919932, 'fuel_half': 0.10241668884833657}. Best is trial 0 with value: -0.6094076133578652.
[I 2026-08-19 17:32:13,840] Trial 1215 finished with value: 0.634186386598873 and parameters: {'k1': 0.012436715382513031, 'D_low': 77010.68978376157, 'k2': 6.690393334149138e-05, 'D_high': 50509.89604320864, 'fire_exp': 4.6928799600122755, 'P_half': 15.81900365450799, 'pre_dampen_half': 6.925936310345419, 'gpp_af': 0.01079377531373776, 'gpp_b': 4.656529906024723e-05, 'gpp_d': 725.5519928941895, 'ign_k': 3.0532536167476265, 'ign_c': 0.26561554694266554, 'trop_agb_crit': 9.420770031821563, 'trop_k_veg': 1.6900037264300998, 'pop_amp': 0.11349563583852779, 'pop_peak': 78.47549350584185, 'pop_sig': 0.4028924327404195, 'fuel_k': 0.04243380079825984, 'fuel_half': 0.26974242351010214}. Best is trial 0 with value: -0.6094076133578652.
[I 2026-08-19 17:32:15,511] Trial 1216 finished with value: 0.45647588339125067 and parameters: {'k1': 0.009317708699348271, 'D_low': 11.125415453897915, 'k2': 0.01371160506205217, 'D_high': 117905.88779369905, 'fire_exp': 4.361615058265457, 'P_half': 7.228268612969433, 'pre_dampen_half': 17.54533832381547, 'gpp_af': 0.0119691512301396, 'gpp_b': 0.0002556462748400962, 'gpp_d': 163.8162761364212, 'ign_k': 0.05983454666841603, 'ign_c': 0.11453703142986801, 'trop_agb_crit': 20.23571929966768, 'trop_k_veg': 2.314978283285591, 'pop_amp': 0.10990480523699232, 'pop_peak': 9.69947261914169, 'pop_sig': 0.8683665294939579, 'fuel_k': 0.4787140102884878, 'fuel_half': 0.18955199184944216}. Best is trial 0 with value: -0.6094076133578652.
