[I 2026-08-19 12:50:53,190] Trial 119 finished with values: [-0.37138293879491835, 0.00034954276993559574] and parameters: {'k1': 9.67404566214593e-05, 'D_low': 15150.361381456718, 'k2': 0.0032792262899971644, 'D_high': 1840060.4093141211, 'fire_exp': 1.8713074096420792, 'P_half': 229.5739821454948, 'pre_dampen_half': 0.6380717024176037, 'gpp_af': 9.722892928336762, 'gpp_b': 0.3189249600851242, 'gpp_d': 0.04831624275180356, 'ign_k': 9.162638829638215, 'ign_c': 6.0816733722841345, 'trop_agb_crit': 3.544180417534903, 'trop_k_veg': 2.246382792334124, 'pop_amp': 5.682850415992685, 'pop_peak': 503.7153440645595, 'pop_sig': 1.804482856986987, 'fuel_k': 0.15552861105540366, 'fuel_half': 11.935199796901877}.
[I 2026-08-19 12:50:56,752] Trial 120 finished with values: [-0.3554625854118624, 0.0] and parameters: {'k1': 0.024933463261727313, 'D_low': 604950.5313715198, 'k2': 0.0009071933427331367, 'D_high': 212.44995866006457, 'fire_exp': 2.4271562127665014, 'P_half': 5973.616786647811, 'pre_dampen_half': 0.015744687922205295, 'gpp_af': 3.37190913251739, 'gpp_b': 0.0007280676817361986, 'gpp_d': 479.4837252202705, 'ign_k': 0.6083019192425827, 'ign_c': 459.14852167405303, 'trop_agb_crit': 1.391686660241692, 'trop_k_veg': 3.45738453011802, 'pop_amp': 0.019006712253386706, 'pop_peak': 4.538219736113045, 'pop_sig': 2.338827834943534, 'fuel_k': 2.738262613214191, 'fuel_half': 16.684217902257085}.
[I 2026-08-19 12:51:00,424] Trial 121 finished with values: [-0.35546829593470625, 0.0] and parameters: {'k1': 0.011069082134755388, 'D_low': 621.7103663128163, 'k2': 0.001481080073036349, 'D_high': 1125.2084792690184, 'fire_exp': 3.8979230431144027, 'P_half': 5347.027553411488, 'pre_dampen_half': 0.015372374060846974, 'gpp_af': 12.971876440863593, 'gpp_b': 0.13406466700501582, 'gpp_d': 0.043181981126981975, 'ign_k': 0.015990213696558658, 'ign_c': 120.2193048491502, 'trop_agb_crit': 2.0835015454357144, 'trop_k_veg': 2.5117307861546383, 'pop_amp': 0.0023285309081692643, 'pop_peak': 0.08341701352955977, 'pop_sig': 0.8497567836052746, 'fuel_k': 0.3176626387065175, 'fuel_half': 8.17127270071559}.
  trial  122/2500  pareto_size=14  best_ilamb=0.6094  (5.3 min)
[I 2026-08-19 12:51:04,141] Trial 122 finished with values: [-0.3783852289132083, 8.213224288444732e-05] and parameters: {'k1': 3.4487261314487366e-05, 'D_low': 2.400213216646464, 'k2': 0.09116768553735347, 'D_high': 859.256982218913, 'fire_exp': 6.454675979546216, 'P_half': 10.436686039715203, 'pre_dampen_half': 25.55721998081806, 'gpp_af': 0.08830969679935065, 'gpp_b': 0.037482836078042855, 'gpp_d': 2.2797170259640835, 'ign_k': 0.0023181776112903506, 'ign_c': 2.4858393940748233, 'trop_agb_crit': 23.606263788786194, 'trop_k_veg': 5.00190491033469, 'pop_amp': 0.29266686632819644, 'pop_peak': 0.1712285152764425, 'pop_sig': 1.3452638868867473, 'fuel_k': 4.04437775870989, 'fuel_half': 0.3497028715561063}.
[I 2026-08-19 12:51:07,291] Trial 123 finished with values: [-0.36004176650837183, 0.00041156793800878333] and parameters: {'k1': 3.798214508453257e-05, 'D_low': 864.403589520682, 'k2': 0.0876197110102369, 'D_high': 283.35548841697704, 'fire_exp': 4.700407898796261, 'P_half': 28.47858516856296, 'pre_dampen_half': 722.6207258080483, 'gpp_af': 64.89877132084352, 'gpp_b': 0.0016095289638234304, 'gpp_d': 3.063673848555843, 'ign_k': 0.015977662354833867, 'ign_c': 0.11129666723443188, 'trop_agb_crit': 1.1336695817840534, 'trop_k_veg': 2.709933287181283, 'pop_amp': 0.14522371993286978, 'pop_peak': 0.08324950456340541, 'pop_sig': 0.4748828360345704, 'fuel_k': 0.43811686258016247, 'fuel_half': 10.781845035122265}.
[I 2026-08-19 12:51:09,972] Trial 124 finished with values: [-0.3438793325484054, 1.0313971898767704e-13] and parameters: {'k1': 4.042960692360327e-05, 'D_low': 74.18778535608804, 'k2': 0.005855726588796253, 'D_high': 290855.8180038407, 'fire_exp': 1.0802702964942565, 'P_half': 705.857259090179, 'pre_dampen_half': 0.02302684507178836, 'gpp_af': 24.20071425273804, 'gpp_b': 0.30126482730084564, 'gpp_d': 17.707795393478506, 'ign_k': 2.4939838794891496, 'ign_c': 42.70232968405541, 'trop_agb_crit': 6.909724267901692, 'trop_k_veg': 0.6482845389294265, 'pop_amp': 2.6865274575771596, 'pop_peak': 0.22068324240460466, 'pop_sig': 0.4384596693876216, 'fuel_k': 5.048594494082411, 'fuel_half': 14.458046248526905}.
[I 2026-08-19 12:51:12,584] Trial 125 finished with values: [-0.3554625854118624, 0.0] and parameters: {'k1': 2.3572794556769812e-05, 'D_low': 241709.96068266948, 'k2': 0.039964301676942524, 'D_high': 29.268995763513708, 'fire_exp': 9.42746237183547, 'P_half': 24.93666083446519, 'pre_dampen_half': 30.960543083273937, 'gpp_af': 0.4791614072461613, 'gpp_b': 2.101447504824719, 'gpp_d': 117.2128156438701, 'ign_k': 0.5481818979974936, 'ign_c': 0.4471649524144918, 'trop_agb_crit': 22.15898715394987, 'trop_k_veg': 4.891066132801691, 'pop_amp': 12.165162567684659, 'pop_peak': 66.11673186504072, 'pop_sig': 1.0264911386548754, 'fuel_k': 0.69712116678509, 'fuel_half': 62.83266061384217}.
[I 2026-08-19 12:51:15,682] Trial 126 finished with values: [-0.4090348553437432, 5.652518171306298e-07] and parameters: {'k1': 9.67404566214593e-05, 'D_low': 82151.19893998209, 'k2': 0.015763894361785387, 'D_high': 147291.8866762514, 'fire_exp': 1.8713074096420792, 'P_half': 229.5739821454948, 'pre_dampen_half': 0.01939964577577238, 'gpp_af': 0.0028701881471957036, 'gpp_b': 0.004458440839692221, 'gpp_d': 274.48645214004335, 'ign_k': 0.025331450012450227, 'ign_c': 6.0816733722841345, 'trop_agb_crit': 1.626357634890109, 'trop_k_veg': 4.129715873342728, 'pop_amp': 0.4560100710039961, 'pop_peak': 70.5165740192732, 'pop_sig': 1.6014049129068106, 'fuel_k': 0.6763941362086655, 'fuel_half': 1.5048065372205641}.
[I 2026-08-19 12:51:18,475] Trial 127 finished with values: [-0.3554625854118624, 0.0] and parameters: {'k1': 0.008023527304678842, 'D_low': 716328.9063135319, 'k2': 0.0011619873314872927, 'D_high': 866.4406862241786, 'fire_exp': 6.2400230621325194, 'P_half': 12.115155843077673, 'pre_dampen_half': 1.5662356447891177, 'gpp_af': 0.0024676405980083274, 'gpp_b': 1.4193988874743626e-05, 'gpp_d': 650.4921701204659, 'ign_k': 2.207600491318519, 'ign_c': 60.79905434073397, 'trop_agb_crit': 4.018584329485901, 'trop_k_veg': 0.8084202024508578, 'pop_amp': 0.004708042915737182, 'pop_peak': 0.5960356212705233, 'pop_sig': 0.8854553643686127, 'fuel_k': 0.9666195090843235, 'fuel_half': 9.562955396652193}.
[I 2026-08-19 12:51:21,171] Trial 128 finished with values: [-0.3565744547822232, 1.5543122344752192e-15] and parameters: {'k1': 3.798214508453257e-05, 'D_low': 10197.901653977404, 'k2': 0.0876197110102369, 'D_high': 573.9662837359255, 'fire_exp': 7.876546087737504, 'P_half': 1112.9571947046009, 'pre_dampen_half': 0.1542366983422621, 'gpp_af': 0.010950432582003473, 'gpp_b': 1.4427571100855582e-05, 'gpp_d': 2.510118205488209, 'ign_k': 0.3420730367009226, 'ign_c': 25.123618639978158, 'trop_agb_crit': 1.3594678406051504, 'trop_k_veg': 5.067274496329336, 'pop_amp': 0.01796592157824264, 'pop_peak': 0.31709669264724544, 'pop_sig': 0.2746092425426871, 'fuel_k': 0.43644410574317105, 'fuel_half': 0.6370755274604819}.
  trial  129/2500  pareto_size=14  best_ilamb=0.6094  (5.7 min)
[I 2026-08-19 12:51:24,142] Trial 129 finished with values: [-0.35627457477968927, 1.2090328738167955e-13] and parameters: {'k1': 0.006024590664672947, 'D_low': 536033.1935690228, 'k2': 3.077180271250682e-05, 'D_high': 9355.38060645217, 'fire_exp': 1.0824018381500955, 'P_half': 4337.920697490941, 'pre_dampen_half': 0.19674328025306115, 'gpp_af': 19.980759202241707, 'gpp_b': 0.3524330779511354, 'gpp_d': 3.9841905944346854, 'ign_k': 0.002912665166881378, 'ign_c': 0.5488047000766043, 'trop_agb_crit': 1.1485803434383741, 'trop_k_veg': 5.358548772317544, 'pop_amp': 1.0628049289894101, 'pop_peak': 352.89806695809773, 'pop_sig': 0.9904669476016459, 'fuel_k': 0.23215778853982408, 'fuel_half': 2.6327844992182525}.
[I 2026-08-19 12:51:26,980] Trial 130 finished with values: [-0.4326198654789929, 0.002503912781282591] and parameters: {'k1': 1.844951990812239e-05, 'D_low': 27972.024228472703, 'k2': 0.0019856031481305684, 'D_high': 1124534.1807254362, 'fire_exp': 1.3796609641485171, 'P_half': 1636.5290600718067, 'pre_dampen_half': 0.2571419084734534, 'gpp_af': 0.0077125451401819246, 'gpp_b': 9.67374839440457e-05, 'gpp_d': 118.26972885708257, 'ign_k': 9.162638829638215, 'ign_c': 12.366924205139131, 'trop_agb_crit': 3.544180417534903, 'trop_k_veg': 5.691473319778836, 'pop_amp': 0.04874366481145617, 'pop_peak': 0.17274196344453516, 'pop_sig': 1.804482856986987, 'fuel_k': 0.11148299766359336, 'fuel_half': 17.890117928710357}.
[I 2026-08-19 12:51:29,452] Trial 131 finished with values: [-0.4109960032027165, 6.067310709401141e-08] and parameters: {'k1': 5.7909642338812115e-05, 'D_low': 1.6569065206637925, 'k2': 0.0002191739661157602, 'D_high': 24493.271671328574, 'fire_exp': 1.1633452995374232, 'P_half': 1265.0580856641704, 'pre_dampen_half': 1.8469033699850426, 'gpp_af': 0.41874665092828456, 'gpp_b': 0.004411400434514031, 'gpp_d': 1.0088237648985734, 'ign_k': 0.17320535908244444, 'ign_c': 89.12611835816996, 'trop_agb_crit': 14.188434224699876, 'trop_k_veg': 5.453348988480011, 'pop_amp': 11.72926995754655, 'pop_peak': 2.016436598480055, 'pop_sig': 0.4663206866626952, 'fuel_k': 0.01288448573983209, 'fuel_half': 1.683458881839943}.
[I 2026-08-19 12:51:31,936] Trial 132 finished with values: [-0.3554625854118624, 0.0] and parameters: {'k1': 0.019894080167856886, 'D_low': 122.13924959062801, 'k2': 0.00515305301141249, 'D_high': 24796.57987943952, 'fire_exp': 1.8493890000580158, 'P_half': 3269.790633391691, 'pre_dampen_half': 97.08007608568462, 'gpp_af': 1.9600139992927448, 'gpp_b': 1.2690840169394997, 'gpp_d': 217.00563172707407, 'ign_k': 0.681478104652993, 'ign_c': 222.87087260110138, 'trop_agb_crit': 5.12586335774155, 'trop_k_veg': 3.2956501175550894, 'pop_amp': 0.4577897804124867, 'pop_peak': 0.1413441534804191, 'pop_sig': 0.36020116569588484, 'fuel_k': 2.800220309203497, 'fuel_half': 41.2601291684027}.
[I 2026-08-19 12:51:34,391] Trial 133 finished with values: [-0.3814965321000011, 7.398252011014961e-10] and parameters: {'k1': 4.929552311643645e-05, 'D_low': 50340.563942871704, 'k2': 0.00027155819552829395, 'D_high': 54015.7239792564, 'fire_exp': 7.296312489711155, 'P_half': 311.3095956122123, 'pre_dampen_half': 0.4513257622008943, 'gpp_af': 1.3467890557370734, 'gpp_b': 0.0007343344964174934, 'gpp_d': 0.19553384550454228, 'ign_k': 0.009293516267059074, 'ign_c': 0.4484744524732794, 'trop_agb_crit': 20.44187835249379, 'trop_k_veg': 1.8517119608276615, 'pop_amp': 0.0032687254098544157, 'pop_peak': 16.535158037880507, 'pop_sig': 2.1785636353327757, 'fuel_k': 5.50931896978077, 'fuel_half': 1.4605276344629996}.
[I 2026-08-19 12:51:37,108] Trial 134 finished with values: [-0.3718439996048273, 6.560504361985409e-10] and parameters: {'k1': 3.715199773711023e-05, 'D_low': 131.8600900985155, 'k2': 0.0021608491389795734, 'D_high': 29.268995763513708, 'fire_exp': 9.42746237183547, 'P_half': 24.93666083446519, 'pre_dampen_half': 30.960543083273937, 'gpp_af': 0.4791614072461613, 'gpp_b': 2.101447504824719, 'gpp_d': 117.2128156438701, 'ign_k': 0.5481818979974936, 'ign_c': 0.4471649524144918, 'trop_agb_crit': 22.15898715394987, 'trop_k_veg': 4.891066132801691, 'pop_amp': 12.165162567684659, 'pop_peak': 66.11673186504072, 'pop_sig': 1.0264911386548754, 'fuel_k': 0.69712116678509, 'fuel_half': 62.83266061384217}.
[I 2026-08-19 12:51:39,701] Trial 135 finished with values: [-0.3554625854118624, 0.0] and parameters: {'k1': 0.008023527304678842, 'D_low': 1960.6620200097805, 'k2': 0.0011619873314872927, 'D_high': 866.4406862241786, 'fire_exp': 1.6759818435211715, 'P_half': 12.115155843077673, 'pre_dampen_half': 1.5662356447891177, 'gpp_af': 0.04236414938631994, 'gpp_b': 0.30126482730084564, 'gpp_d': 17.707795393478506, 'ign_k': 2.207600491318519, 'ign_c': 60.79905434073397, 'trop_agb_crit': 4.018584329485901, 'trop_k_veg': 0.8084202024508578, 'pop_amp': 0.038155460446952685, 'pop_peak': 0.5960356212705233, 'pop_sig': 0.4384596693876216, 'fuel_k': 5.048594494082411, 'fuel_half': 1.5110998901295218}.
[I 2026-08-19 12:51:42,121] Trial 136 finished with values: [-0.3554625854118624, 0.0] and parameters: {'k1': 4.0873003903057456e-05, 'D_low': 50340.563942871704, 'k2': 0.0003856302813879373, 'D_high': 9355.38060645217, 'fire_exp': 1.9279473457486451, 'P_half': 6281.776703992854, 'pre_dampen_half': 0.19674328025306115, 'gpp_af': 0.0025186552636979184, 'gpp_b': 0.008968044580295738, 'gpp_d': 3.9841905944346854, 'ign_k': 8.501870149611706, 'ign_c': 832.0133621840175, 'trop_agb_crit': 27.05166881899929, 'trop_k_veg': 1.2440172074061366, 'pop_amp': 0.5300002490710547, 'pop_peak': 163.3885016510293, 'pop_sig': 0.9904669476016459, 'fuel_k': 0.2432129790428913, 'fuel_half': 10.137471815285474}.
  trial  137/2500  pareto_size=16  best_ilamb=0.6094  (6.0 min)
[I 2026-08-19 12:51:46,299] Trial 137 finished with values: [-0.4140327309527267, 0.0007927567112582246] and parameters: {'k1': 1.844951990812239e-05, 'D_low': 27972.024228472703, 'k2': 0.0019856031481305684, 'D_high': 24493.271671328574, 'fire_exp': 1.1633452995374232, 'P_half': 1265.0580856641704, 'pre_dampen_half': 0.10189118197357125, 'gpp_af': 0.006580815488709274, 'gpp_b': 0.004411400434514031, 'gpp_d': 118.26972885708257, 'ign_k': 0.17320535908244444, 'ign_c': 12.366924205139131, 'trop_agb_crit': 3.3887235042490564, 'trop_k_veg': 5.691473319778836, 'pop_amp': 0.04874366481145617, 'pop_peak': 2.016436598480055, 'pop_sig': 0.4663206866626952, 'fuel_k': 0.6153584041797165, 'fuel_half': 1.683458881839943}.
[I 2026-08-19 12:51:50,253] Trial 138 finished with values: [-0.3554625854118624, 0.0] and parameters: {'k1': 0.06646698709242517, 'D_low': 148855.78028512435, 'k2': 0.016394127471631596, 'D_high': 85398.82274838032, 'fire_exp': 7.8083450855424115, 'P_half': 143.67095138664226, 'pre_dampen_half': 108.94336258132203, 'gpp_af': 0.07302012718529301, 'gpp_b': 0.000809134743599756, 'gpp_d': 0.03550255612313078, 'ign_k': 0.008160948743089917, 'ign_c': 0.21095259085905754, 'trop_agb_crit': 2.1146441123724067, 'trop_k_veg': 3.324264218444254, 'pop_amp': 0.0010712758680532413, 'pop_peak': 7.865194610067352, 'pop_sig': 0.6536586487333584, 'fuel_k': 0.04140464747782871, 'fuel_half': 0.22887381144600968}.
[I 2026-08-19 12:51:54,510] Trial 139 finished with values: [-0.3570721927017853, 1.1980287127788536e-05] and parameters: {'k1': 0.011069082134755388, 'D_low': 621.7103663128163, 'k2': 1.2519965329664594e-05, 'D_high': 1125.2084792690184, 'fire_exp': 1.0501937052663004, 'P_half': 5347.027553411488, 'pre_dampen_half': 0.015372374060846974, 'gpp_af': 49.583649914027546, 'gpp_b': 0.13406466700501582, 'gpp_d': 0.043181981126981975, 'ign_k': 0.015990213696558658, 'ign_c': 117.15293025123641, 'trop_agb_crit': 3.923744278402932, 'trop_k_veg': 2.5117307861546383, 'pop_amp': 0.0023285309081692643, 'pop_peak': 0.08341701352955977, 'pop_sig': 0.8497567836052746, 'fuel_k': 0.3176626387065175, 'fuel_half': 1.7918446176734728}.
[I 2026-08-19 12:51:57,806] Trial 140 finished with values: [-0.3554625854118624, 0.0] and parameters: {'k1': 0.0029690870944846805, 'D_low': 148855.78028512435, 'k2': 0.017300724838654365, 'D_high': 9355.38060645217, 'fire_exp': 1.9279473457486451, 'P_half': 2.2281634177046414, 'pre_dampen_half': 0.19674328025306115, 'gpp_af': 0.07302012718529301, 'gpp_b': 0.00036184510553922684, 'gpp_d': 41.409555474790004, 'ign_k': 0.09627265309234109, 'ign_c': 0.2806439011124269, 'trop_agb_crit': 27.05166881899929, 'trop_k_veg': 3.324264218444254, 'pop_amp': 1.0503230808560116, 'pop_peak': 229.1060059125936, 'pop_sig': 0.7817835639641524, 'fuel_k': 0.21634267769819432, 'fuel_half': 10.137471815285474}.
[I 2026-08-19 12:52:00,875] Trial 141 finished with values: [-0.3554625854118624, 0.0] and parameters: {'k1': 0.000224109716191095, 'D_low': 454420.8225488321, 'k2': 0.00126695365637823, 'D_high': 107.17061306668224, 'fire_exp': 1.8720063885874743, 'P_half': 1.1845753911529378, 'pre_dampen_half': 372.8155624293852, 'gpp_af': 0.0038793182938363898, 'gpp_b': 0.028780534359197463, 'gpp_d': 3.063673848555843, 'ign_k': 0.015977662354833867, 'ign_c': 1.3783578294796377, 'trop_agb_crit': 16.812382192913706, 'trop_k_veg': 0.8861882400007739, 'pop_amp': 0.0011150475527947471, 'pop_peak': 0.08324950456340541, 'pop_sig': 1.9859058288798883, 'fuel_k': 2.6779274788719736, 'fuel_half': 0.5232216089948756}.
[I 2026-08-19 12:52:05,715] Trial 142 finished with values: [-0.35957347164780273, 5.551115123125783e-16] and parameters: {'k1': 4.929552311643645e-05, 'D_low': 286.06841726052676, 'k2': 0.00039266205721678855, 'D_high': 49556.49568746661, 'fire_exp': 4.3161213924316595, 'P_half': 6220.327170121322, 'pre_dampen_half': 42.63619053601748, 'gpp_af': 0.005018406982902927, 'gpp_b': 1.624829724391053, 'gpp_d': 79.3190911385705, 'ign_k': 0.3699359899959751, 'ign_c': 17.321868366117503, 'trop_agb_crit': 1.7327871113349946, 'trop_k_veg': 0.5321398066473183, 'pop_amp': 0.014308344296406287, 'pop_peak': 10.679600530994481, 'pop_sig': 0.3157995825149297, 'fuel_k': 0.69712116678509, 'fuel_half': 0.10355826161899183}.
  trial  143/2500  pareto_size=16  best_ilamb=0.6094  (6.4 min)
[I 2026-08-19 12:52:11,699] Trial 143 finished with values: [-0.3554625854118624, 0.0] and parameters: {'k1': 0.0031375859487281395, 'D_low': 368564.667491501, 'k2': 0.09541821559010193, 'D_high': 4137.7016715719255, 'fire_exp': 1.9699978833710656, 'P_half': 190.35256770834567, 'pre_dampen_half': 30.20668663862189, 'gpp_af': 0.005881383945248695, 'gpp_b': 1.624829724391053, 'gpp_d': 402.0122056582937, 'ign_k': 0.007857247967427126, 'ign_c': 14.05716335102249, 'trop_agb_crit': 4.247094312974337, 'trop_k_veg': 0.5321398066473183, 'pop_amp': 0.014308344296406287, 'pop_peak': 10.679600530994481, 'pop_sig': 1.0341661612252109, 'fuel_k': 0.052053627001374315, 'fuel_half': 0.26185943242515625}.
[I 2026-08-19 12:52:16,908] Trial 144 finished with values: [-0.3554625854118624, 0.0] and parameters: {'k1': 0.0011375171592588656, 'D_low': 1.1445244757026578, 'k2': 3.077180271250682e-05, 'D_high': 54015.7239792564, 'fire_exp': 1.0824018381500955, 'P_half': 6281.776703992854, 'pre_dampen_half': 0.19674328025306115, 'gpp_af': 42.947523481442836, 'gpp_b': 0.008968044580295738, 'gpp_d': 3.9841905944346854, 'ign_k': 0.1537592023548176, 'ign_c': 832.0133621840175, 'trop_agb_crit': 5.341419125196561, 'trop_k_veg': 4.288672925586801, 'pop_amp': 10.985330528057915, 'pop_peak': 0.5393162598439744, 'pop_sig': 0.2977167961863623, 'fuel_k': 0.022805907608636752, 'fuel_half': 0.18427970406864538}.
[I 2026-08-19 12:52:19,939] Trial 145 finished with values: [-0.3554625854118624, 0.0] and parameters: {'k1': 0.0034167643418329683, 'D_low': 169341.55410667966, 'k2': 0.016394127471631596, 'D_high': 131.64984536291766, 'fire_exp': 1.4322493718230251, 'P_half': 4.2070539502879365, 'pre_dampen_half': 0.42885111268165765, 'gpp_af': 21.42302175774105, 'gpp_b': 0.040428727350273294, 'gpp_d': 0.03550255612313078, 'ign_k': 0.0012087541473056963, 'ign_c': 757.9479953347999, 'trop_agb_crit': 16.155001304356414, 'trop_k_veg': 0.9008485225328876, 'pop_amp': 0.006053891567028103, 'pop_peak': 0.3074668528543553, 'pop_sig': 0.5037119471039664, 'fuel_k': 0.04140464747782871, 'fuel_half': 0.22887381144600968}.
[I 2026-08-19 12:52:23,540] Trial 146 finished with values: [-0.3554625854118624, 0.0] and parameters: {'k1': 1.1650681118986128e-05, 'D_low': 2190.672003635833, 'k2': 8.053471030316099e-05, 'D_high': 74308.20019313856, 'fire_exp': 5.881565436248893, 'P_half': 229.5739821454948, 'pre_dampen_half': 0.6380717024176037, 'gpp_af': 0.13402388198950174, 'gpp_b': 3.1906667956153174, 'gpp_d': 0.04831624275180356, 'ign_k': 0.0028437674894443675, 'ign_c': 27.70002555743451, 'trop_agb_crit': 19.76681084946931, 'trop_k_veg': 1.64857963637888, 'pop_amp': 0.6896221126698381, 'pop_peak': 70.5165740192732, 'pop_sig': 1.6014049129068106, 'fuel_k': 0.013930721937333756, 'fuel_half': 1.0228520845452074}.
[I 2026-08-19 12:52:25,842] Trial 147 finished with values: [-0.3554625854118624, 0.0] and parameters: {'k1': 0.008023527304678842, 'D_low': 506157.68887523044, 'k2': 0.0011619873314872927, 'D_high': 866.4406862241786, 'fire_exp': 6.2400230621325194, 'P_half': 4.2070539502879365, 'pre_dampen_half': 0.0195172246414495, 'gpp_af': 21.42302175774105, 'gpp_b': 0.040428727350273294, 'gpp_d': 650.4921701204659, 'ign_k': 2.207600491318519, 'ign_c': 60.79905434073397, 'trop_agb_crit': 16.967533607196547, 'trop_k_veg': 0.8084202024508578, 'pop_amp': 0.006053891567028103, 'pop_peak': 0.3074668528543553, 'pop_sig': 0.8854553643686127, 'fuel_k': 0.9666195090843235, 'fuel_half': 9.562955396652193}.
[I 2026-08-19 12:52:28,114] Trial 148 finished with values: [-0.35962997965384347, 6.291911436306918e-11] and parameters: {'k1': 0.01216413935141706, 'D_low': 2.7814285643757533, 'k2': 0.00027155819552829395, 'D_high': 49.56947932799961, 'fire_exp': 7.296312489711155, 'P_half': 311.3095956122123, 'pre_dampen_half': 0.4513257622008943, 'gpp_af': 30.231277487962974, 'gpp_b': 0.000809134743599756, 'gpp_d': 0.42258746449961676, 'ign_k': 0.008160948743089917, 'ign_c': 35.500125258511574, 'trop_agb_crit': 16.155001304356414, 'trop_k_veg': 5.437420238162096, 'pop_amp': 0.0010712758680532413, 'pop_peak': 7.865194610067352, 'pop_sig': 0.6536586487333584, 'fuel_k': 0.04140464747782871, 'fuel_half': 20.55424552015074}.
  trial  149/2500  pareto_size=16  best_ilamb=0.6094  (6.8 min)
