[I 2026-08-19 13:48:55,550] Trial 1109 finished with values: [-0.4520478947503932, 0.011861904371784249] and parameters: {'k1': 0.005456725485601475, 'D_low': 27972.024228472703, 'k2': 0.0019856031481305684, 'D_high': 1840060.4093141211, 'fire_exp': 4.3161213924316595, 'P_half': 10.436686039715203, 'pre_dampen_half': 0.2571419084734534, 'gpp_af': 0.025562656963361886, 'gpp_b': 0.0001605469768042801, 'gpp_d': 118.26972885708257, 'ign_k': 0.04439802552990466, 'ign_c': 0.2806439011124269, 'trop_agb_crit': 28.49245476864681, 'trop_k_veg': 4.30392173391187, 'pop_amp': 6.746076139939917, 'pop_peak': 456.60279198301936, 'pop_sig': 1.804482856986987, 'fuel_k': 0.15552861105540366, 'fuel_half': 0.18427970406864538}.
[I 2026-08-19 13:48:58,476] Trial 1110 finished with values: [-0.38841401242326257, 3.0252189642254734e-10] and parameters: {'k1': 0.09372580613581186, 'D_low': 27972.024228472703, 'k2': 0.0002001342062287998, 'D_high': 1840060.4093141211, 'fire_exp': 6.454675979546216, 'P_half': 8894.151386481904, 'pre_dampen_half': 30.11226646948154, 'gpp_af': 0.18737227240512885, 'gpp_b': 0.0004837646996135023, 'gpp_d': 118.26972885708257, 'ign_k': 0.04439802552990466, 'ign_c': 12.366924205139131, 'trop_agb_crit': 16.598543231494265, 'trop_k_veg': 4.30392173391187, 'pop_amp': 0.008683934086503814, 'pop_peak': 1.9043491615789352, 'pop_sig': 0.6871869718280653, 'fuel_k': 2.6585337048733106, 'fuel_half': 0.18427970406864538}.
[I 2026-08-19 13:49:00,705] Trial 1111 finished with values: [-0.4036967851119739, 2.0317081350640365e-14] and parameters: {'k1': 2.9693357731296325e-05, 'D_low': 1.6569065206637925, 'k2': 0.0003856302813879373, 'D_high': 1840060.4093141211, 'fire_exp': 7.856097010829145, 'P_half': 8894.151386481904, 'pre_dampen_half': 0.2571419084734534, 'gpp_af': 36.830088529547496, 'gpp_b': 0.14222241542049918, 'gpp_d': 108.18665579547857, 'ign_k': 0.009935023909063692, 'ign_c': 4.4716799012313055, 'trop_agb_crit': 2.6689615974393592, 'trop_k_veg': 6.972354563243685, 'pop_amp': 0.0021433490423168255, 'pop_peak': 4.557885026195722, 'pop_sig': 0.28855712799307187, 'fuel_k': 2.8606142106392465, 'fuel_half': 17.890117928710357}.
[I 2026-08-19 13:49:03,274] Trial 1112 finished with values: [-0.42596244853868004, 3.915374226171053e-06] and parameters: {'k1': 4.0873003903057456e-05, 'D_low': 4.7367704903983565, 'k2': 4.0270527176466894e-05, 'D_high': 1661855.441285105, 'fire_exp': 2.5321117364280843, 'P_half': 8894.151386481904, 'pre_dampen_half': 0.0399066504395798, 'gpp_af': 49.583649914027546, 'gpp_b': 1.624829724391053, 'gpp_d': 108.18665579547857, 'ign_k': 9.162638829638215, 'ign_c': 4.4716799012313055, 'trop_agb_crit': 27.05166881899929, 'trop_k_veg': 6.972354563243685, 'pop_amp': 0.0021433490423168255, 'pop_peak': 10.679600530994481, 'pop_sig': 1.804482856986987, 'fuel_k': 3.640039183945803, 'fuel_half': 0.10355826161899183}.
[I 2026-08-19 13:49:05,784] Trial 1113 finished with values: [-0.4210854113289072, 5.353261500751216e-09] and parameters: {'k1': 4.0873003903057456e-05, 'D_low': 1.6569065206637925, 'k2': 4.392638796750218e-05, 'D_high': 5109990.03526815, 'fire_exp': 6.464773756830049, 'P_half': 8894.151386481904, 'pre_dampen_half': 0.2571419084734534, 'gpp_af': 0.18737227240512885, 'gpp_b': 0.0004837646996135023, 'gpp_d': 108.18665579547857, 'ign_k': 9.162638829638215, 'ign_c': 0.2806439011124269, 'trop_agb_crit': 27.05166881899929, 'trop_k_veg': 4.30392173391187, 'pop_amp': 10.985330528057915, 'pop_peak': 10.679600530994481, 'pop_sig': 1.8528333992769594, 'fuel_k': 1.2032415608411315, 'fuel_half': 0.10355826161899183}.
[I 2026-08-19 13:49:08,566] Trial 1114 finished with values: [-0.3975328156764021, 0.00036788716610769434] and parameters: {'k1': 4.929552311643645e-05, 'D_low': 1.6569065206637925, 'k2': 3.077180271250682e-05, 'D_high': 1840060.4093141211, 'fire_exp': 2.5321117364280843, 'P_half': 8894.151386481904, 'pre_dampen_half': 32.9936138572788, 'gpp_af': 49.583649914027546, 'gpp_b': 9.67374839440457e-05, 'gpp_d': 108.18665579547857, 'ign_k': 0.009935023909063692, 'ign_c': 4.4716799012313055, 'trop_agb_crit': 28.49245476864681, 'trop_k_veg': 5.691473319778836, 'pop_amp': 10.985330528057915, 'pop_peak': 162.62551614461097, 'pop_sig': 0.4663206866626952, 'fuel_k': 0.11148299766359336, 'fuel_half': 0.18427970406864538}.
  trial 1115/2500  pareto_size=27  best_ilamb=0.6094  (63.5 min)
[I 2026-08-19 13:49:12,274] Trial 1115 finished with values: [-0.39534000093585997, 5.28133092814187e-13] and parameters: {'k1': 4.929552311643645e-05, 'D_low': 437.4364439939077, 'k2': 6.340140860251457e-05, 'D_high': 109.93781215236433, 'fire_exp': 5.433392060430592, 'P_half': 8894.151386481904, 'pre_dampen_half': 0.05393491030297468, 'gpp_af': 0.5052337839341163, 'gpp_b': 3.794956666451706e-05, 'gpp_d': 118.26972885708257, 'ign_k': 0.0023181776112903506, 'ign_c': 13.219302264066766, 'trop_agb_crit': 1.050713312531254, 'trop_k_veg': 2.246382792334124, 'pop_amp': 10.985330528057915, 'pop_peak': 0.5487349415383407, 'pop_sig': 1.804482856986987, 'fuel_k': 3.250046746707412, 'fuel_half': 0.18427970406864538}.
[I 2026-08-19 13:49:14,695] Trial 1116 finished with values: [-0.43045763293986816, 0.004268382478370247] and parameters: {'k1': 0.08924795116437424, 'D_low': 1.6569065206637925, 'k2': 0.0019856031481305684, 'D_high': 1124534.1807254362, 'fire_exp': 1.8678802571070678, 'P_half': 267.2146013620241, 'pre_dampen_half': 0.2571419084734534, 'gpp_af': 0.0011535068593010395, 'gpp_b': 9.67374839440457e-05, 'gpp_d': 118.26972885708257, 'ign_k': 0.009935023909063692, 'ign_c': 6.0816733722841345, 'trop_agb_crit': 9.561362341798622, 'trop_k_veg': 0.8084202024508578, 'pop_amp': 0.004708042915737182, 'pop_peak': 1.884221947092994, 'pop_sig': 0.9904669476016459, 'fuel_k': 0.9666195090843235, 'fuel_half': 1.7895437790635824}.
[I 2026-08-19 13:49:16,930] Trial 1117 finished with values: [-0.41817456499244826, 0.00019171050138189205] and parameters: {'k1': 4.929552311643645e-05, 'D_low': 437.4364439939077, 'k2': 6.340140860251457e-05, 'D_high': 6495.4282944184915, 'fire_exp': 1.8678802571070678, 'P_half': 1517.2922775770444, 'pre_dampen_half': 0.19674328025306115, 'gpp_af': 0.9346598275601615, 'gpp_b': 0.0007417652034871827, 'gpp_d': 1.0088237648985734, 'ign_k': 0.45791923103229365, 'ign_c': 0.5488047000766043, 'trop_agb_crit': 2.7861552979882043, 'trop_k_veg': 5.691473319778836, 'pop_amp': 0.37458767874694515, 'pop_peak': 503.7153440645595, 'pop_sig': 1.804482856986987, 'fuel_k': 0.022805907608636752, 'fuel_half': 0.7793156956114083}.
[I 2026-08-19 13:49:19,590] Trial 1118 finished with values: [-0.41091935934367, 2.256417275248168e-12] and parameters: {'k1': 4.929552311643645e-05, 'D_low': 437.4364439939077, 'k2': 3.077180271250682e-05, 'D_high': 109.93781215236433, 'fire_exp': 5.433392060430592, 'P_half': 8894.151386481904, 'pre_dampen_half': 0.19674328025306115, 'gpp_af': 0.9346598275601615, 'gpp_b': 0.0007417652034871827, 'gpp_d': 118.26972885708257, 'ign_k': 0.0023181776112903506, 'ign_c': 0.5488047000766043, 'trop_agb_crit': 3.544180417534903, 'trop_k_veg': 0.8084202024508578, 'pop_amp': 10.985330528057915, 'pop_peak': 503.7153440645595, 'pop_sig': 1.804482856986987, 'fuel_k': 0.022805907608636752, 'fuel_half': 0.18427970406864538}.
[I 2026-08-19 13:49:22,793] Trial 1119 finished with values: [-0.41787221992349377, 1.7180401545857649e-10] and parameters: {'k1': 0.0004846497679219079, 'D_low': 63.0252633496321, 'k2': 3.077180271250682e-05, 'D_high': 6543576.946931886, 'fire_exp': 5.53596325380691, 'P_half': 8894.151386481904, 'pre_dampen_half': 0.2571419084734534, 'gpp_af': 36.830088529547496, 'gpp_b': 0.14222241542049918, 'gpp_d': 108.18665579547857, 'ign_k': 0.009935023909063692, 'ign_c': 4.4716799012313055, 'trop_agb_crit': 2.6689615974393592, 'trop_k_veg': 0.8084202024508578, 'pop_amp': 5.27924855752961, 'pop_peak': 0.05281056279423359, 'pop_sig': 1.804482856986987, 'fuel_k': 0.9199338799678547, 'fuel_half': 1.7895437790635824}.
[I 2026-08-19 13:49:25,538] Trial 1120 finished with values: [-0.3971988517678206, 0.0008994213784928595] and parameters: {'k1': 1.844951990812239e-05, 'D_low': 1368.9795993592197, 'k2': 0.0019856031481305684, 'D_high': 5109990.03526815, 'fire_exp': 1.3796609641485171, 'P_half': 1517.2922775770444, 'pre_dampen_half': 0.2571419084734534, 'gpp_af': 0.41874665092828456, 'gpp_b': 0.007179740972016222, 'gpp_d': 0.017406609236636988, 'ign_k': 0.1537592023548176, 'ign_c': 0.5488047000766043, 'trop_agb_crit': 24.500297851058132, 'trop_k_veg': 5.691473319778836, 'pop_amp': 0.04874366481145617, 'pop_peak': 162.62551614461097, 'pop_sig': 1.804482856986987, 'fuel_k': 0.11148299766359336, 'fuel_half': 1.9255395572015603}.
[I 2026-08-19 13:49:29,034] Trial 1121 finished with values: [-0.4104172545593995, 2.545741395465484e-13] and parameters: {'k1': 0.08924795116437424, 'D_low': 1.6569065206637925, 'k2': 0.0003856302813879373, 'D_high': 1661855.441285105, 'fire_exp': 6.464773756830049, 'P_half': 4337.920697490941, 'pre_dampen_half': 7.72621571462232, 'gpp_af': 49.583649914027546, 'gpp_b': 4.038332634638232, 'gpp_d': 108.18665579547857, 'ign_k': 0.009935023909063692, 'ign_c': 225.58738962142354, 'trop_agb_crit': 28.49245476864681, 'trop_k_veg': 6.972354563243685, 'pop_amp': 0.020758979942636296, 'pop_peak': 1.421337820414783, 'pop_sig': 1.804482856986987, 'fuel_k': 2.8606142106392465, 'fuel_half': 17.890117928710357}.
[I 2026-08-19 13:49:32,518] Trial 1122 finished with values: [-0.4259145691800432, 0.0002547444583034242] and parameters: {'k1': 2.9693357731296325e-05, 'D_low': 2048.523887932672, 'k2': 0.04088650427963048, 'D_high': 1661855.441285105, 'fire_exp': 4.3161213924316595, 'P_half': 229.5739821454948, 'pre_dampen_half': 0.2571419084734534, 'gpp_af': 0.0028701881471957036, 'gpp_b': 9.67374839440457e-05, 'gpp_d': 108.18665579547857, 'ign_k': 9.162638829638215, 'ign_c': 4.4716799012313055, 'trop_agb_crit': 28.49245476864681, 'trop_k_veg': 6.972354563243685, 'pop_amp': 0.0021433490423168255, 'pop_peak': 1.884221947092994, 'pop_sig': 0.9904669476016459, 'fuel_k': 5.706437033023268, 'fuel_half': 17.890117928710357}.
  trial 1123/2500  pareto_size=27  best_ilamb=0.6094  (63.9 min)
[I 2026-08-19 13:49:36,175] Trial 1123 finished with values: [-0.4295952497675044, 0.0014566691549167121] and parameters: {'k1': 0.005456725485601475, 'D_low': 2.400213216646464, 'k2': 0.0019856031481305684, 'D_high': 1661855.441285105, 'fire_exp': 1.3796609641485171, 'P_half': 1517.2922775770444, 'pre_dampen_half': 0.2571419084734534, 'gpp_af': 0.18737227240512885, 'gpp_b': 0.1033080166772517, 'gpp_d': 108.18665579547857, 'ign_k': 0.45791923103229365, 'ign_c': 12.366924205139131, 'trop_agb_crit': 2.6689615974393592, 'trop_k_veg': 6.972354563243685, 'pop_amp': 0.002417279427070676, 'pop_peak': 1.9043491615789352, 'pop_sig': 1.2141356335300337, 'fuel_k': 0.11148299766359336, 'fuel_half': 36.04056769491987}.
[I 2026-08-19 13:49:40,342] Trial 1124 finished with values: [-0.4118036290014183, 1.8293533354807323e-10] and parameters: {'k1': 0.004690495600045604, 'D_low': 3625.1787087194525, 'k2': 0.0014455983984872978, 'D_high': 1907543.828944448, 'fire_exp': 6.454675979546216, 'P_half': 8894.151386481904, 'pre_dampen_half': 0.7465571739720183, 'gpp_af': 0.18737227240512885, 'gpp_b': 0.0001605469768042801, 'gpp_d': 118.26972885708257, 'ign_k': 0.04439802552990466, 'ign_c': 13.909474988024083, 'trop_agb_crit': 28.49245476864681, 'trop_k_veg': 5.934843523098098, 'pop_amp': 0.0034369873301918173, 'pop_peak': 1.9043491615789352, 'pop_sig': 0.38306298468201894, 'fuel_k': 0.024842211874916795, 'fuel_half': 17.890117928710357}.
[I 2026-08-19 13:49:45,607] Trial 1125 finished with values: [-0.3575353832989041, 1.1102230246251565e-16] and parameters: {'k1': 4.929552311643645e-05, 'D_low': 437.4364439939077, 'k2': 0.00021724674331575933, 'D_high': 1661855.441285105, 'fire_exp': 7.856097010829145, 'P_half': 8894.151386481904, 'pre_dampen_half': 0.19674328025306115, 'gpp_af': 36.830088529547496, 'gpp_b': 9.67374839440457e-05, 'gpp_d': 0.02482251666589635, 'ign_k': 0.009935023909063692, 'ign_c': 0.9079055681923555, 'trop_agb_crit': 28.49245476864681, 'trop_k_veg': 0.8084202024508578, 'pop_amp': 0.008683934086503814, 'pop_peak': 703.4172637752926, 'pop_sig': 0.4663206866626952, 'fuel_k': 4.04437775870989, 'fuel_half': 1.7895437790635824}.
[I 2026-08-19 13:49:50,386] Trial 1126 finished with values: [-0.4258427819175187, 0.00026828450252980307] and parameters: {'k1': 9.67404566214593e-05, 'D_low': 1.6569065206637925, 'k2': 6.340140860251457e-05, 'D_high': 1907543.828944448, 'fire_exp': 1.3796609641485171, 'P_half': 8894.151386481904, 'pre_dampen_half': 0.2571419084734534, 'gpp_af': 0.07258303421052695, 'gpp_b': 0.007179740972016222, 'gpp_d': 1.0088237648985734, 'ign_k': 0.45791923103229365, 'ign_c': 12.366924205139131, 'trop_agb_crit': 3.544180417534903, 'trop_k_veg': 5.691473319778836, 'pop_amp': 0.002417279427070676, 'pop_peak': 162.62551614461097, 'pop_sig': 0.6871869718280653, 'fuel_k': 0.11148299766359336, 'fuel_half': 17.890117928710357}.
[I 2026-08-19 13:49:54,215] Trial 1127 finished with values: [-0.4562191607472929, 0.001637647145857568] and parameters: {'k1': 0.0017404948150194378, 'D_low': 1.6569065206637925, 'k2': 4.392638796750218e-05, 'D_high': 1124534.1807254362, 'fire_exp': 2.5321117364280843, 'P_half': 1517.2922775770444, 'pre_dampen_half': 0.2571419084734534, 'gpp_af': 0.006580815488709274, 'gpp_b': 9.67374839440457e-05, 'gpp_d': 0.050654860639753524, 'ign_k': 1.507693681578506, 'ign_c': 12.366924205139131, 'trop_agb_crit': 1.050713312531254, 'trop_k_veg': 4.288672925586801, 'pop_amp': 5.27924855752961, 'pop_peak': 162.62551614461097, 'pop_sig': 1.804482856986987, 'fuel_k': 3.250046746707412, 'fuel_half': 17.890117928710357}.
  trial 1128/2500  pareto_size=27  best_ilamb=0.6094  (64.2 min)
[I 2026-08-19 13:49:59,118] Trial 1128 finished with values: [-0.40804871165290085, 1.083454978512144e-06] and parameters: {'k1': 0.0004846497679219079, 'D_low': 1368.9795993592197, 'k2': 3.077180271250682e-05, 'D_high': 1661855.441285105, 'fire_exp': 7.856097010829145, 'P_half': 5.006402338982991, 'pre_dampen_half': 0.2571419084734534, 'gpp_af': 0.18737227240512885, 'gpp_b': 0.14222241542049918, 'gpp_d': 108.18665579547857, 'ign_k': 0.45791923103229365, 'ign_c': 12.366924205139131, 'trop_agb_crit': 1.050713312531254, 'trop_k_veg': 0.5984963599845551, 'pop_amp': 0.002417279427070676, 'pop_peak': 162.62551614461097, 'pop_sig': 0.2707760667134371, 'fuel_k': 3.640039183945803, 'fuel_half': 17.890117928710357}.
[I 2026-08-19 13:50:02,904] Trial 1129 finished with values: [-0.424760985042352, 1.6332523238737906e-05] and parameters: {'k1': 2.9693357731296325e-05, 'D_low': 1.6569065206637925, 'k2': 4.0270527176466894e-05, 'D_high': 6543576.946931886, 'fire_exp': 2.5321117364280843, 'P_half': 8894.151386481904, 'pre_dampen_half': 0.10189118197357125, 'gpp_af': 0.18737227240512885, 'gpp_b': 9.67374839440457e-05, 'gpp_d': 118.26972885708257, 'ign_k': 9.162638829638215, 'ign_c': 4.4716799012313055, 'trop_agb_crit': 7.258992764218388, 'trop_k_veg': 0.8084202024508578, 'pop_amp': 0.0021433490423168255, 'pop_peak': 1.884221947092994, 'pop_sig': 1.804482856986987, 'fuel_k': 5.827415439643459, 'fuel_half': 1.7895437790635824}.
[I 2026-08-19 13:50:05,963] Trial 1130 finished with values: [-0.41926114010111853, 2.5756476340621504e-07] and parameters: {'k1': 9.67404566214593e-05, 'D_low': 1368.9795993592197, 'k2': 0.0019856031481305684, 'D_high': 1840060.4093141211, 'fire_exp': 1.3796609641485171, 'P_half': 1517.2922775770444, 'pre_dampen_half': 0.05393491030297468, 'gpp_af': 0.0077125451401819246, 'gpp_b': 1.3619982922216376, 'gpp_d': 1.0088237648985734, 'ign_k': 0.45791923103229365, 'ign_c': 12.366924205139131, 'trop_agb_crit': 1.050713312531254, 'trop_k_veg': 4.30392173391187, 'pop_amp': 0.002417279427070676, 'pop_peak': 162.62551614461097, 'pop_sig': 1.804482856986987, 'fuel_k': 0.11148299766359336, 'fuel_half': 17.890117928710357}.
[I 2026-08-19 13:50:09,150] Trial 1131 finished with values: [-0.42421901505255794, 0.0001989368478388931] and parameters: {'k1': 0.0004846497679219079, 'D_low': 1.6569065206637925, 'k2': 0.00021724674331575933, 'D_high': 1819372.4578178402, 'fire_exp': 2.5321117364280843, 'P_half': 8894.151386481904, 'pre_dampen_half': 0.2571419084734534, 'gpp_af': 49.583649914027546, 'gpp_b': 9.67374839440457e-05, 'gpp_d': 118.26972885708257, 'ign_k': 9.162638829638215, 'ign_c': 6.0816733722841345, 'trop_agb_crit': 3.3887235042490564, 'trop_k_veg': 5.691473319778836, 'pop_amp': 5.27924855752961, 'pop_peak': 1.884221947092994, 'pop_sig': 1.804482856986987, 'fuel_k': 3.250046746707412, 'fuel_half': 1.7895437790635824}.
[I 2026-08-19 13:50:12,565] Trial 1132 finished with values: [-0.43679825864099897, 0.0010175374612990673] and parameters: {'k1': 0.016811809836782463, 'D_low': 569.4285861548873, 'k2': 0.0019856031481305684, 'D_high': 1840060.4093141211, 'fire_exp': 1.3796609641485171, 'P_half': 229.5739821454948, 'pre_dampen_half': 0.05393491030297468, 'gpp_af': 0.0028701881471957036, 'gpp_b': 0.007179740972016222, 'gpp_d': 118.26972885708257, 'ign_k': 9.162638829638215, 'ign_c': 12.366924205139131, 'trop_agb_crit': 17.69486533706496, 'trop_k_veg': 2.246382792334124, 'pop_amp': 0.024891633080683897, 'pop_peak': 1.884221947092994, 'pop_sig': 0.6871869718280653, 'fuel_k': 3.250046746707412, 'fuel_half': 0.18427970406864538}.
[I 2026-08-19 13:50:14,982] Trial 1133 finished with values: [-0.3554625854118624, 0.0] and parameters: {'k1': 0.001218379985512712, 'D_low': 2.409048013138047, 'k2': 4.392638796750218e-05, 'D_high': 1819372.4578178402, 'fire_exp': 6.464773756830049, 'P_half': 1265.0580856641704, 'pre_dampen_half': 0.2571419084734534, 'gpp_af': 0.0028701881471957036, 'gpp_b': 1.624829724391053, 'gpp_d': 0.050654860639753524, 'ign_k': 1.327536113719196, 'ign_c': 6.0816733722841345, 'trop_agb_crit': 16.905946438583634, 'trop_k_veg': 4.30392173391187, 'pop_amp': 0.37689860535821906, 'pop_peak': 1.884221947092994, 'pop_sig': 1.804482856986987, 'fuel_k': 3.250046746707412, 'fuel_half': 0.3497028715561063}.
[I 2026-08-19 13:50:17,652] Trial 1134 finished with values: [-0.4228192123199722, 0.0001935895527875875] and parameters: {'k1': 2.8822522589903297e-05, 'D_low': 1368.9795993592197, 'k2': 6.340140860251457e-05, 'D_high': 1840060.4093141211, 'fire_exp': 1.3796609641485171, 'P_half': 1517.2922775770444, 'pre_dampen_half': 0.05393491030297468, 'gpp_af': 0.005761312282837745, 'gpp_b': 0.007179740972016222, 'gpp_d': 1.0088237648985734, 'ign_k': 0.45791923103229365, 'ign_c': 12.366924205139131, 'trop_agb_crit': 27.05166881899929, 'trop_k_veg': 5.691473319778836, 'pop_amp': 0.002417279427070676, 'pop_peak': 503.7153440645595, 'pop_sig': 1.804482856986987, 'fuel_k': 0.11148299766359336, 'fuel_half': 17.890117928710357}.
  trial 1135/2500  pareto_size=28  best_ilamb=0.6094  (64.6 min)
[I 2026-08-19 13:50:21,495] Trial 1135 finished with values: [-0.3554625854118624, 0.0] and parameters: {'k1': 4.0873003903057456e-05, 'D_low': 6293.732112193172, 'k2': 0.0067445742055710165, 'D_high': 109.93781215236433, 'fire_exp': 6.464773756830049, 'P_half': 8894.151386481904, 'pre_dampen_half': 0.2571419084734534, 'gpp_af': 0.18737227240512885, 'gpp_b': 1.1645080536732737, 'gpp_d': 118.26972885708257, 'ign_k': 0.0023181776112903506, 'ign_c': 12.366924205139131, 'trop_agb_crit': 1.3760638642288516, 'trop_k_veg': 0.8084202024508578, 'pop_amp': 0.0034369873301918173, 'pop_peak': 456.60279198301936, 'pop_sig': 1.8528333992769594, 'fuel_k': 0.11148299766359336, 'fuel_half': 0.18427970406864538}.
[I 2026-08-19 13:50:25,050] Trial 1136 finished with values: [-0.352967610945489, 3.3825309220247846e-10] and parameters: {'k1': 1.844951990812239e-05, 'D_low': 27972.024228472703, 'k2': 0.0019856031481305684, 'D_high': 5109990.03526815, 'fire_exp': 6.464773756830049, 'P_half': 8894.151386481904, 'pre_dampen_half': 353.292239058726, 'gpp_af': 0.18737227240512885, 'gpp_b': 1.1645080536732737, 'gpp_d': 118.26972885708257, 'ign_k': 0.45791923103229365, 'ign_c': 12.366924205139131, 'trop_agb_crit': 28.49245476864681, 'trop_k_veg': 6.972354563243685, 'pop_amp': 0.04874366481145617, 'pop_peak': 0.17274196344453516, 'pop_sig': 0.6871869718280653, 'fuel_k': 0.023074547684106324, 'fuel_half': 17.890117928710357}.
[I 2026-08-19 13:50:28,891] Trial 1137 finished with values: [-0.370907338088119, 5.551115123125783e-16] and parameters: {'k1': 1.844951990812239e-05, 'D_low': 10356.22739065962, 'k2': 3.077180271250682e-05, 'D_high': 1269686.0471076458, 'fire_exp': 7.856097010829145, 'P_half': 8894.151386481904, 'pre_dampen_half': 0.10189118197357125, 'gpp_af': 36.830088529547496, 'gpp_b': 0.0004837646996135023, 'gpp_d': 15.3464307516782, 'ign_k': 0.009935023909063692, 'ign_c': 89.12611835816996, 'trop_agb_crit': 3.544180417534903, 'trop_k_veg': 6.972354563243685, 'pop_amp': 0.04874366481145617, 'pop_peak': 703.4172637752926, 'pop_sig': 0.4663206866626952, 'fuel_k': 4.04437775870989, 'fuel_half': 17.890117928710357}.
[I 2026-08-19 13:50:32,963] Trial 1138 finished with values: [-0.5902468718997959, 0.04336026600760334] and parameters: {'k1': 9.67404566214593e-05, 'D_low': 1.6569065206637925, 'k2': 0.00021724674331575933, 'D_high': 1124534.1807254362, 'fire_exp': 1.3796609641485171, 'P_half': 2075.616895868802, 'pre_dampen_half': 0.05393491030297468, 'gpp_af': 0.19784541307475992, 'gpp_b': 9.67374839440457e-05, 'gpp_d': 1.0088237648985734, 'ign_k': 0.17320535908244444, 'ign_c': 12.366924205139131, 'trop_agb_crit': 17.69486533706496, 'trop_k_veg': 5.691473319778836, 'pop_amp': 10.985330528057915, 'pop_peak': 1.884221947092994, 'pop_sig': 1.8919903150596906, 'fuel_k': 3.250046746707412, 'fuel_half': 1.7895437790635824}.
