[I 2026-08-19 17:00:40,746] Trial 86 finished with value: -0.5675366621048457 and parameters: {'k1': 0.01147395035730827, 'D_low': 627.736874592896, 'k2': 0.03470827732306397, 'D_high': 204568.93804881297, 'fire_exp': 1.875194466050005, 'P_half': 87.40063840130468, 'pre_dampen_half': 0.4732687222553992, 'gpp_af': 2.412153241920568, 'gpp_b': 0.0013102085340532471, 'gpp_d': 5.082636558847965, 'ign_k': 5.241515705591943, 'ign_c': 0.34169814216857575, 'trop_agb_crit': 5.1941885339013005, 'trop_k_veg': 0.8596604943566809, 'pop_amp': 2.025963076596312, 'pop_peak': 0.2852591639034504, 'pop_sig': 1.5361051925630975, 'fuel_k': 0.02472883075231479, 'fuel_half': 3.035890876747148}. Best is trial 0 with value: -0.6094076133578652.
[I 2026-08-19 17:00:42,484] Trial 87 finished with value: 0.5919287236999222 and parameters: {'k1': 0.009005891041601943, 'D_low': 454.3148299557007, 'k2': 0.01604014270605955, 'D_high': 12984.966790176912, 'fire_exp': 1.4148164124579872, 'P_half': 609.6765361784933, 'pre_dampen_half': 0.3918258754194534, 'gpp_af': 8.514294524528655, 'gpp_b': 0.0005617561281492695, 'gpp_d': 1.936659919055037, 'ign_k': 1.6752626629441791, 'ign_c': 4.051636489410623, 'trop_agb_crit': 6.3555785429630545, 'trop_k_veg': 0.6943453290733345, 'pop_amp': 0.9463884518188838, 'pop_peak': 0.2049079736768243, 'pop_sig': 1.5756181492373365, 'fuel_k': 0.014453845841889563, 'fuel_half': 3.623947287481067}. Best is trial 0 with value: -0.6094076133578652.
[I 2026-08-19 17:00:44,302] Trial 88 finished with value: -0.5642642779161562 and parameters: {'k1': 0.033047371101437, 'D_low': 95.94792423576006, 'k2': 0.01127254168871063, 'D_high': 6858217.722115518, 'fire_exp': 1.6608780281103601, 'P_half': 30.89081648860487, 'pre_dampen_half': 1.038906570074483, 'gpp_af': 0.20461156062293098, 'gpp_b': 5.771634991433482e-05, 'gpp_d': 0.9981802345120551, 'ign_k': 4.091520639579675, 'ign_c': 0.36064140162663333, 'trop_agb_crit': 3.294789296524286, 'trop_k_veg': 0.7074667461044488, 'pop_amp': 0.07724401277592417, 'pop_peak': 0.8721065357354633, 'pop_sig': 1.2102583252306602, 'fuel_k': 0.061094071288092335, 'fuel_half': 53.98800680031489}. Best is trial 0 with value: -0.6094076133578652.
[I 2026-08-19 17:00:46,089] Trial 89 finished with value: 0.5018715018086841 and parameters: {'k1': 0.03089464370115756, 'D_low': 733.4706743195911, 'k2': 0.0026896532400801625, 'D_high': 2202347.565705916, 'fire_exp': 1.7038331244383567, 'P_half': 50.852779694100875, 'pre_dampen_half': 10.995065646818222, 'gpp_af': 0.3485941157459112, 'gpp_b': 0.00024322168443881694, 'gpp_d': 0.12881655683529777, 'ign_k': 0.6162952677747501, 'ign_c': 1.762722170404313, 'trop_agb_crit': 2.4361536567923947, 'trop_k_veg': 1.2463827086801194, 'pop_amp': 0.7415305189184755, 'pop_peak': 1.8449372198101952, 'pop_sig': 1.2012412152599496, 'fuel_k': 0.11161481165582139, 'fuel_half': 33.91592572607151}. Best is trial 0 with value: -0.6094076133578652.
[I 2026-08-19 17:00:47,841] Trial 90 finished with value: 0.517207362570479 and parameters: {'k1': 0.022945327984111044, 'D_low': 42.25125366830038, 'k2': 0.030737598023932312, 'D_high': 8633756.044105811, 'fire_exp': 2.2981401886827215, 'P_half': 168.1118873974555, 'pre_dampen_half': 1.4276798615661197, 'gpp_af': 0.007980545892492147, 'gpp_b': 0.0005375785766913835, 'gpp_d': 0.9269042809358851, 'ign_k': 6.592105543192908, 'ign_c': 0.6562846547264926, 'trop_agb_crit': 6.132939367793397, 'trop_k_veg': 0.5566477119563877, 'pop_amp': 0.08005863266407, 'pop_peak': 0.2435750627025729, 'pop_sig': 2.451324715997867, 'fuel_k': 0.11341557974167576, 'fuel_half': 19.3631765986297}. Best is trial 0 with value: -0.6094076133578652.
[I 2026-08-19 17:00:49,555] Trial 91 finished with value: -0.4548440495602611 and parameters: {'k1': 0.005811544622042903, 'D_low': 4.5011275487964255, 'k2': 0.004763613641148099, 'D_high': 2978858.615794379, 'fire_exp': 2.311647541384278, 'P_half': 4.776352873517747, 'pre_dampen_half': 5.863142289706006, 'gpp_af': 8.598096620613589, 'gpp_b': 0.00020596462445673697, 'gpp_d': 0.07445423002724307, 'ign_k': 7.801033609214931, 'ign_c': 0.283677512341719, 'trop_agb_crit': 11.466347856738945, 'trop_k_veg': 0.6152295925906719, 'pop_amp': 0.0189540275240969, 'pop_peak': 2.0685882126589776, 'pop_sig': 0.9209657941178376, 'fuel_k': 0.08906428241133556, 'fuel_half': 10.12338530743359}. Best is trial 0 with value: -0.6094076133578652.
[I 2026-08-19 17:00:51,322] Trial 92 finished with value: 0.5312514730433188 and parameters: {'k1': 8.215688782661926e-05, 'D_low': 298.94280472735477, 'k2': 0.05077646949740952, 'D_high': 1304048.3612894663, 'fire_exp': 1.2559402572886114, 'P_half': 94.18640817402095, 'pre_dampen_half': 1.3450014870374274, 'gpp_af': 0.012052222307855815, 'gpp_b': 0.0005707261696460687, 'gpp_d': 3.110861746343585, 'ign_k': 0.017678891405623502, 'ign_c': 0.6383575332487842, 'trop_agb_crit': 11.05880304644962, 'trop_k_veg': 0.5441887411551398, 'pop_amp': 0.009258351502329294, 'pop_peak': 2.2822081347122705, 'pop_sig': 0.949808856114136, 'fuel_k': 0.022185161510992493, 'fuel_half': 93.63619350308373}. Best is trial 0 with value: -0.6094076133578652.
  trial   93/2500  best_overall=0.6094  (2.5 min)
[I 2026-08-19 17:00:53,087] Trial 93 finished with value: 0.5457351391422275 and parameters: {'k1': 0.003213805649397044, 'D_low': 77763.11594686899, 'k2': 0.06902249567279777, 'D_high': 3651785.116014041, 'fire_exp': 1.1650282413627764, 'P_half': 4.475755674388109, 'pre_dampen_half': 1.9946553186548497, 'gpp_af': 3.6321468537836417, 'gpp_b': 0.000443236771271609, 'gpp_d': 0.3744910874990005, 'ign_k': 0.6178146247266196, 'ign_c': 1.451180920979377, 'trop_agb_crit': 4.478344785382031, 'trop_k_veg': 0.6105511177870958, 'pop_amp': 0.02549574450793789, 'pop_peak': 4.688441570965304, 'pop_sig': 0.8390343946390775, 'fuel_k': 0.015133803199271927, 'fuel_half': 1.8030121924924487}. Best is trial 0 with value: -0.6094076133578652.
[I 2026-08-19 17:00:54,794] Trial 94 finished with value: 0.57215787469007 and parameters: {'k1': 0.002698492082282595, 'D_low': 658.8499765647409, 'k2': 0.03147745328174976, 'D_high': 497727.72335444734, 'fire_exp': 2.3148823655360475, 'P_half': 200.612358854807, 'pre_dampen_half': 0.07798958462876428, 'gpp_af': 1.5091684066493423, 'gpp_b': 0.5837814631766507, 'gpp_d': 1.2822675268848787, 'ign_k': 1.6576165873642745, 'ign_c': 0.21539587827955395, 'trop_agb_crit': 5.118543343958964, 'trop_k_veg': 0.9519670191600749, 'pop_amp': 4.281915545327553, 'pop_peak': 2.6779904805335293, 'pop_sig': 1.1145499348317192, 'fuel_k': 0.15122026432083857, 'fuel_half': 0.3511367485545457}. Best is trial 0 with value: -0.6094076133578652.
[I 2026-08-19 17:00:56,522] Trial 95 finished with value: 0.5343039353305594 and parameters: {'k1': 0.0003102443268399744, 'D_low': 5.2994401439010215, 'k2': 0.0029692629488581096, 'D_high': 100392.09722353061, 'fire_exp': 2.5253895824717105, 'P_half': 266.5769430792386, 'pre_dampen_half': 1.2751673750683319, 'gpp_af': 0.21056122335673466, 'gpp_b': 0.00043936751141906137, 'gpp_d': 49.2602388753116, 'ign_k': 6.290087669514128, 'ign_c': 15.130858371859448, 'trop_agb_crit': 10.222583877190143, 'trop_k_veg': 1.065345559329925, 'pop_amp': 0.01419928770128689, 'pop_peak': 841.4326007745225, 'pop_sig': 1.0437793363862016, 'fuel_k': 0.01959754743204139, 'fuel_half': 93.90704165100635}. Best is trial 0 with value: -0.6094076133578652.
[I 2026-08-19 17:00:58,250] Trial 96 finished with value: 0.6058375910429037 and parameters: {'k1': 0.001189340016656617, 'D_low': 4.491462756749206, 'k2': 0.003664786650968997, 'D_high': 1116.5693057359733, 'fire_exp': 1.0345548369776125, 'P_half': 144.39644135354914, 'pre_dampen_half': 0.4569178214056311, 'gpp_af': 5.894929908178553, 'gpp_b': 1.706636742370811e-05, 'gpp_d': 138.24454575784011, 'ign_k': 2.4122256230151495, 'ign_c': 0.5844371872456271, 'trop_agb_crit': 9.769003585833076, 'trop_k_veg': 0.6199510941374629, 'pop_amp': 0.002968123439082427, 'pop_peak': 2.730884801684516, 'pop_sig': 1.3802070902485908, 'fuel_k': 0.07761236365108487, 'fuel_half': 71.23230822882014}. Best is trial 0 with value: -0.6094076133578652.
[I 2026-08-19 17:00:59,976] Trial 97 finished with value: 0.5253333598149046 and parameters: {'k1': 0.0012592875436145225, 'D_low': 216.7757396367656, 'k2': 0.01719187623640782, 'D_high': 5746960.406244541, 'fire_exp': 1.4561566900940386, 'P_half': 193.58923619732312, 'pre_dampen_half': 13.93647886392481, 'gpp_af': 0.20161865313836286, 'gpp_b': 0.024525498332651063, 'gpp_d': 201.32855887373447, 'ign_k': 0.007036793066774131, 'ign_c': 0.25402956706367297, 'trop_agb_crit': 4.143806329081032, 'trop_k_veg': 0.7794747366173296, 'pop_amp': 0.01630720586000046, 'pop_peak': 0.06430460475768043, 'pop_sig': 0.8341269424013878, 'fuel_k': 0.0632779808409257, 'fuel_half': 41.6041460179455}. Best is trial 0 with value: -0.6094076133578652.
[I 2026-08-19 17:01:01,713] Trial 98 finished with value: -0.5547488202486981 and parameters: {'k1': 0.048059455880572866, 'D_low': 2236.0023854897795, 'k2': 0.006773783703911224, 'D_high': 3469767.583962919, 'fire_exp': 1.2888370572201389, 'P_half': 72.47500517012972, 'pre_dampen_half': 0.34976509248492915, 'gpp_af': 0.46095561263386736, 'gpp_b': 6.801573882522752e-05, 'gpp_d': 38.901319926545206, 'ign_k': 4.482371713434136, 'ign_c': 0.389804138303496, 'trop_agb_crit': 1.790999820851477, 'trop_k_veg': 1.040348671897528, 'pop_amp': 0.5508785799112736, 'pop_peak': 0.05195587622945697, 'pop_sig': 0.7463815181583704, 'fuel_k': 0.07935935627426469, 'fuel_half': 64.28817833297848}. Best is trial 0 with value: -0.6094076133578652.
[I 2026-08-19 17:01:03,517] Trial 99 finished with value: 0.5973946738985949 and parameters: {'k1': 0.013538018518329156, 'D_low': 10321.466631799889, 'k2': 0.007346241287016978, 'D_high': 892355.2356391693, 'fire_exp': 1.6041714785013175, 'P_half': 1880.4304259863545, 'pre_dampen_half': 0.06100892385907654, 'gpp_af': 1.2167671721780196, 'gpp_b': 0.0005485788561603621, 'gpp_d': 0.23983742027459878, 'ign_k': 0.5801273835678514, 'ign_c': 0.13179449435984741, 'trop_agb_crit': 17.305775605894134, 'trop_k_veg': 0.9980553554906522, 'pop_amp': 0.01792643537331265, 'pop_peak': 0.12534708365264108, 'pop_sig': 0.3899634029566355, 'fuel_k': 0.024445765837561785, 'fuel_half': 8.712468814897107}. Best is trial 0 with value: -0.6094076133578652.
[I 2026-08-19 17:01:05,244] Trial 100 finished with value: 0.5512935042271494 and parameters: {'k1': 0.02029718292616248, 'D_low': 22173.035834903316, 'k2': 0.020662729446234065, 'D_high': 6299671.025886813, 'fire_exp': 1.071297121820334, 'P_half': 384.37531476053897, 'pre_dampen_half': 0.17982231953253028, 'gpp_af': 0.04495441957231348, 'gpp_b': 1.4410717567092457e-05, 'gpp_d': 90.46003867622396, 'ign_k': 2.644956625813447, 'ign_c': 0.3997804990056947, 'trop_agb_crit': 1.656465938479284, 'trop_k_veg': 0.8546651176633717, 'pop_amp': 0.019821936112066195, 'pop_peak': 2.5746520294399753, 'pop_sig': 0.5051908939193783, 'fuel_k': 0.3402712776305944, 'fuel_half': 58.204252795439196}. Best is trial 0 with value: -0.6094076133578652.
[I 2026-08-19 17:01:06,953] Trial 101 finished with value: 0.6304688608340703 and parameters: {'k1': 0.004484902933428356, 'D_low': 111641.28209136192, 'k2': 0.0036248718930063295, 'D_high': 8202309.509744021, 'fire_exp': 1.087961976866272, 'P_half': 23.790310198812886, 'pre_dampen_half': 0.22850981342048482, 'gpp_af': 0.012338064928698031, 'gpp_b': 0.3148520657126881, 'gpp_d': 0.4323890931204677, 'ign_k': 4.163194235724158, 'ign_c': 0.5047476942826208, 'trop_agb_crit': 2.298724012050566, 'trop_k_veg': 1.0947117034302325, 'pop_amp': 0.050576103409566454, 'pop_peak': 0.06096000539677346, 'pop_sig': 0.6749103389302582, 'fuel_k': 0.07117682780580485, 'fuel_half': 4.592837280931637}. Best is trial 0 with value: -0.6094076133578652.
[I 2026-08-19 17:01:08,748] Trial 102 finished with value: 0.5276780317222706 and parameters: {'k1': 0.04430206895480243, 'D_low': 679.7877767576701, 'k2': 0.0005138136688257522, 'D_high': 213953.7108589101, 'fire_exp': 1.0274917253488578, 'P_half': 739.0784873004621, 'pre_dampen_half': 0.07809190045403769, 'gpp_af': 1.02353851947677, 'gpp_b': 0.0003425411850409637, 'gpp_d': 47.16372986941197, 'ign_k': 1.4386540948738504, 'ign_c': 1.6157902605626584, 'trop_agb_crit': 1.0749222251186445, 'trop_k_veg': 1.9926323140930895, 'pop_amp': 1.1330973230300792, 'pop_peak': 0.30352701365179935, 'pop_sig': 0.41815411111015693, 'fuel_k': 0.01495869179151744, 'fuel_half': 6.151492799100671}. Best is trial 0 with value: -0.6094076133578652.
[I 2026-08-19 17:01:10,481] Trial 103 finished with value: -0.502669226021287 and parameters: {'k1': 0.01321553084776213, 'D_low': 12570.485434125072, 'k2': 0.002876679772062808, 'D_high': 6364012.431915581, 'fire_exp': 1.3809934701091997, 'P_half': 28.841534578934947, 'pre_dampen_half': 0.03846457915066287, 'gpp_af': 2.0705252815236297, 'gpp_b': 0.0008577311934694812, 'gpp_d': 2.306301536528336, 'ign_k': 0.5243763035681104, 'ign_c': 0.36724175739913073, 'trop_agb_crit': 3.847399341099074, 'trop_k_veg': 0.6930310796303638, 'pop_amp': 15.71478153434832, 'pop_peak': 0.15830626999992006, 'pop_sig': 0.8050730822380338, 'fuel_k': 0.057932384302452025, 'fuel_half': 29.172637876421938}. Best is trial 0 with value: -0.6094076133578652.
[I 2026-08-19 17:01:12,174] Trial 104 finished with value: 0.5861552794048394 and parameters: {'k1': 0.0011226972306421978, 'D_low': 78.49378439067351, 'k2': 0.0002457053314535236, 'D_high': 22195.13566869217, 'fire_exp': 1.761652802011051, 'P_half': 518.5179173924764, 'pre_dampen_half': 0.20038199304080148, 'gpp_af': 0.1370755103431273, 'gpp_b': 1.8498118064278902e-05, 'gpp_d': 649.2394052118343, 'ign_k': 0.026007264552265704, 'ign_c': 0.24048811758463887, 'trop_agb_crit': 11.313907033562412, 'trop_k_veg': 1.7442350425659257, 'pop_amp': 0.0022835449481510193, 'pop_peak': 211.43369672324104, 'pop_sig': 1.0445267449479916, 'fuel_k': 0.12398062465509739, 'fuel_half': 55.14650949382484}. Best is trial 0 with value: -0.6094076133578652.
  trial  105/2500  best_overall=0.6094  (2.8 min)
[I 2026-08-19 17:01:13,806] Trial 105 finished with value: 0.5920203819168216 and parameters: {'k1': 0.00025893774258642577, 'D_low': 78815.97062449073, 'k2': 0.000855685224196633, 'D_high': 438050.9601319667, 'fire_exp': 1.0462172815611874, 'P_half': 15.112529543425321, 'pre_dampen_half': 0.6570833349394434, 'gpp_af': 0.03943878381925982, 'gpp_b': 0.024544013491672904, 'gpp_d': 110.60983030912304, 'ign_k': 2.2519059766010487, 'ign_c': 0.680132791576026, 'trop_agb_crit': 5.917052887322164, 'trop_k_veg': 1.474951771001573, 'pop_amp': 0.0013894699176330804, 'pop_peak': 0.13668196899284274, 'pop_sig': 0.8347359548006356, 'fuel_k': 0.16762440966236325, 'fuel_half': 18.927570119494394}. Best is trial 0 with value: -0.6094076133578652.
[I 2026-08-19 17:01:15,401] Trial 106 finished with value: 0.6445374145881376 and parameters: {'k1': 0.0120409457222059, 'D_low': 4.784472088675834, 'k2': 0.0002279078330252638, 'D_high': 335075.1814583781, 'fire_exp': 1.8070692827398276, 'P_half': 6.038684851920868, 'pre_dampen_half': 0.3478740018683599, 'gpp_af': 0.20071787296307045, 'gpp_b': 8.887239791870348e-05, 'gpp_d': 28.52101094594015, 'ign_k': 2.1721709096333015, 'ign_c': 70.51250336415094, 'trop_agb_crit': 17.34705870162159, 'trop_k_veg': 0.5213660285022992, 'pop_amp': 0.010263450564850389, 'pop_peak': 4.506322041716958, 'pop_sig': 1.2825402092595226, 'fuel_k': 0.03708685720340104, 'fuel_half': 21.127255420807373}. Best is trial 0 with value: -0.6094076133578652.
[I 2026-08-19 17:01:17,025] Trial 107 finished with value: 0.49110002496143745 and parameters: {'k1': 0.008322664002283433, 'D_low': 7.825966612668205, 'k2': 0.010782723269071022, 'D_high': 1839835.9609110758, 'fire_exp': 1.7735491420072014, 'P_half': 155.42163114732335, 'pre_dampen_half': 0.15784509407943992, 'gpp_af': 0.7551246811926994, 'gpp_b': 5.621456002114563e-05, 'gpp_d': 152.15155856570593, 'ign_k': 7.9066008179998395, 'ign_c': 0.2590187298682668, 'trop_agb_crit': 4.652077213804396, 'trop_k_veg': 0.930035227546171, 'pop_amp': 0.1637013093335738, 'pop_peak': 0.17597565064400247, 'pop_sig': 0.8107657010985743, 'fuel_k': 0.20866913419815983, 'fuel_half': 4.780961964395173}. Best is trial 0 with value: -0.6094076133578652.
[I 2026-08-19 17:01:18,644] Trial 108 finished with value: 0.5194761969048566 and parameters: {'k1': 0.03946472278296215, 'D_low': 10.030004163146778, 'k2': 0.07412000495821458, 'D_high': 1153829.439349776, 'fire_exp': 2.1932896914613678, 'P_half': 27.484688134342253, 'pre_dampen_half': 0.057861439283546715, 'gpp_af': 0.4241131404539341, 'gpp_b': 1.720807043937179e-05, 'gpp_d': 0.09556735041423531, 'ign_k': 2.5548788170944103, 'ign_c': 0.5190446719879419, 'trop_agb_crit': 1.5355916721797453, 'trop_k_veg': 0.9065698878520234, 'pop_amp': 0.16761484868007664, 'pop_peak': 6.443869036832174, 'pop_sig': 1.2241407184761093, 'fuel_k': 0.07283402261400052, 'fuel_half': 55.002297465081995}. Best is trial 0 with value: -0.6094076133578652.
[I 2026-08-19 17:01:20,208] Trial 109 finished with value: 0.5101967257488398 and parameters: {'k1': 0.08213829383937088, 'D_low': 14332.87168705874, 'k2': 0.009919483288164825, 'D_high': 3432447.8325784383, 'fire_exp': 1.1576753652648393, 'P_half': 8.236448725206795, 'pre_dampen_half': 0.08768999833501434, 'gpp_af': 0.19986164754352156, 'gpp_b': 0.0005820873834130031, 'gpp_d': 24.727228234551294, 'ign_k': 3.529391790079843, 'ign_c': 0.2649380172899202, 'trop_agb_crit': 3.7812813399724052, 'trop_k_veg': 1.4690405794634387, 'pop_amp': 1.092658567712638, 'pop_peak': 0.17309258496266192, 'pop_sig': 0.3898951082955903, 'fuel_k': 0.18941610526494884, 'fuel_half': 76.90557762258776}. Best is trial 0 with value: -0.6094076133578652.
[I 2026-08-19 17:01:21,767] Trial 110 finished with value: 0.5408533215505635 and parameters: {'k1': 0.00019978767223759346, 'D_low': 24.121485638362195, 'k2': 0.00032268854211059845, 'D_high': 3150071.7342329263, 'fire_exp': 1.0630822171463195, 'P_half': 3557.9331591806035, 'pre_dampen_half': 1.1648608861454104, 'gpp_af': 0.05506717350086349, 'gpp_b': 6.676601135665291e-05, 'gpp_d': 33.16839789043431, 'ign_k': 9.221741662974205, 'ign_c': 5.004666949423009, 'trop_agb_crit': 26.144719257080684, 'trop_k_veg': 2.270372920913911, 'pop_amp': 0.0011008816876944213, 'pop_peak': 1.4082848018883207, 'pop_sig': 0.7557617381507901, 'fuel_k': 0.15671030636577443, 'fuel_half': 0.10827308031484331}. Best is trial 0 with value: -0.6094076133578652.
[I 2026-08-19 17:01:23,356] Trial 111 finished with value: 0.6012305837820414 and parameters: {'k1': 0.0066867887973849184, 'D_low': 167.28588449483613, 'k2': 0.020913576575209217, 'D_high': 1163137.711126103, 'fire_exp': 1.3305568119806104, 'P_half': 49.60620889627152, 'pre_dampen_half': 37.537941091985324, 'gpp_af': 0.3275247261967719, 'gpp_b': 0.00024945999351597993, 'gpp_d': 239.903534584966, 'ign_k': 4.896490071723625, 'ign_c': 1.2367064871793965, 'trop_agb_crit': 2.481620690588049, 'trop_k_veg': 3.126190456488458, 'pop_amp': 3.6035029138074255, 'pop_peak': 0.08144420478709109, 'pop_sig': 1.0046552453060327, 'fuel_k': 0.05501182672288533, 'fuel_half': 73.83419004485458}. Best is trial 0 with value: -0.6094076133578652.
[I 2026-08-19 17:01:24,935] Trial 112 finished with value: 0.4517708132513114 and parameters: {'k1': 0.0011111742685199716, 'D_low': 4610.384927555189, 'k2': 0.05213439338802541, 'D_high': 1795521.9082454615, 'fire_exp': 1.8652410455847053, 'P_half': 106.02656217318477, 'pre_dampen_half': 0.07561379313312216, 'gpp_af': 0.5870583478676356, 'gpp_b': 0.002547278109335715, 'gpp_d': 35.43344164205916, 'ign_k': 2.5134638972839327, 'ign_c': 0.4443276146061478, 'trop_agb_crit': 7.153571555682519, 'trop_k_veg': 1.5608970978085572, 'pop_amp': 1.817179172379298, 'pop_peak': 0.3058850284859233, 'pop_sig': 1.8071608693565664, 'fuel_k': 0.018843318166898392, 'fuel_half': 1.922632316394428}. Best is trial 0 with value: -0.6094076133578652.
[I 2026-08-19 17:01:26,540] Trial 113 finished with value: 0.4812015025647627 and parameters: {'k1': 0.015907249998621954, 'D_low': 732.9933381366245, 'k2': 0.04445932310657865, 'D_high': 116788.28797140649, 'fire_exp': 1.1853955922691901, 'P_half': 26.93250845076035, 'pre_dampen_half': 16.99351461834582, 'gpp_af': 0.9989120178572131, 'gpp_b': 7.264774918076826e-05, 'gpp_d': 2.854589204598004, 'ign_k': 1.9548228529426832, 'ign_c': 0.22076483180764309, 'trop_agb_crit': 2.2560569736227016, 'trop_k_veg': 0.5158272878912393, 'pop_amp': 0.10473860401398093, 'pop_peak': 0.5091446903748496, 'pop_sig': 1.080341651216144, 'fuel_k': 0.054191736867858095, 'fuel_half': 3.4247447013140415}. Best is trial 0 with value: -0.6094076133578652.
[I 2026-08-19 17:01:28,111] Trial 114 finished with value: 0.4998851891986825 and parameters: {'k1': 0.0011936345158530775, 'D_low': 6042.707022718972, 'k2': 0.005439439768209643, 'D_high': 314904.0829178433, 'fire_exp': 1.4825696041723317, 'P_half': 89.39628123563472, 'pre_dampen_half': 0.0207548914371279, 'gpp_af': 0.24863036950873088, 'gpp_b': 0.00013450890264876962, 'gpp_d': 0.03154554464130331, 'ign_k': 0.16874081449181097, 'ign_c': 0.1303119044564064, 'trop_agb_crit': 1.849306305050989, 'trop_k_veg': 0.6371895788903581, 'pop_amp': 9.22411093521535, 'pop_peak': 0.10456597111670159, 'pop_sig': 0.8758040797455274, 'fuel_k': 0.10213478869134722, 'fuel_half': 4.787808941113415}. Best is trial 0 with value: -0.6094076133578652.
