[setup] COUPLING-READY: climate (D_bar/T_air/P_*) + GPP all from global_baseline_modelC_inputs_1997-2016.nc ...
[setup] loading GFED5 reference from burntArea.nc ...
[setup] land cells (GFED5 burnable): 13916 / 64800 (21.5%)
[setup] GFED5 land-mean monthly frac: 0.005068
[opt] warm-start from params.spatial.k1.json
[warm] Overall=0.3989  bias=0.5816 rmse=0.3647 seas=0.6545 spatial=0.0294
[opt] sampler=NSGAIISampler seed=42
[I 2026-07-22 20:35:38,271] A new study created in memory with name: no-name-09828b6d-0763-4b9e-b80a-0568282818b7
[opt] running 2500 trials against GFED5 ...
[I 2026-07-22 20:35:38,690] Trial 0 finished with values: [10.658237866773707, 10.658237866773707] and parameters: {'k1': 0.028401063201780267, 'D_low': 16.00237013173313, 'k2': 0.00033271381912662167, 'D_high': 2427.054417940131, 'fire_exp': 1.5191397119156032, 'P_half': 157.80309954142965, 'pre_dampen_half': 8.259599205585761, 'gpp_af': 0.03522602097143089, 'gpp_b': 0.00012118589392553798, 'gpp_d': 12.338826503601998, 'ign_k': 3.965503094323014, 'ign_c': 22.126836566118193, 'trop_agb_crit': 5.526463318565575, 'trop_k_veg': 2.724170387400844, 'fuel_k': 0.10978148458640455, 'fuel_half': 71.14476009343416}.
[I 2026-07-22 20:35:39,099] Trial 1 finished with values: [10.672628759163516, 10.672628759163516] and parameters: {'k1': 0.008471801418819975, 'D_low': 3907.96715682288, 'k2': 4.207988669606632e-05, 'D_high': 86.2913219007186, 'fire_exp': 1.0546632013184414, 'P_half': 2915.443189153754, 'pre_dampen_half': 10.129197956845726, 'gpp_af': 3.470266988650414, 'gpp_b': 1.3289448722869181e-05, 'gpp_d': 707.2114131472224, 'ign_k': 2.136832907235876, 'ign_c': 0.7068974950624601, 'trop_agb_crit': 1.8559980846490576, 'trop_k_veg': 0.83140195149031, 'fuel_k': 0.07002142869039267, 'fuel_half': 3.75205585512428}.
[I 2026-07-22 20:35:39,521] Trial 2 finished with values: [10.732334219864127, 10.732334219864127] and parameters: {'k1': 0.0005342937261279771, 'D_low': 55.895242052179206, 'k2': 0.0028016351587162596, 'D_high': 68.70101665590026, 'fire_exp': 1.306941185248186, 'P_half': 29.204338471814108, 'pre_dampen_half': 1.9069966103000422, 'gpp_af': 8.431013932082463, 'gpp_b': 0.00015777663630582464, 'gpp_d': 3.725393839578884, 'ign_k': 0.23423849847112918, 'ign_c': 0.15339162591163621, 'trop_agb_crit': 7.896186801026689, 'trop_k_veg': 0.8022348220849581, 'fuel_k': 0.01516083650740451, 'fuel_half': 70.25166339242158}.
[I 2026-07-22 20:35:39,930] Trial 3 finished with values: [10.76923076903347, 10.76923076903347] and parameters: {'k1': 0.07286653737491042, 'D_low': 70857.21663941599, 'k2': 0.00016536937182824412, 'D_high': 38.550736900261796, 'fire_exp': 1.8719045352638064, 'P_half': 57.62487216478601, 'pre_dampen_half': 0.0407559644007287, 'gpp_af': 0.2991469302130216, 'gpp_b': 1.6081669283634658e-05, 'gpp_d': 352.0481045526035, 'ign_k': 0.010842262717330166, 'ign_c': 44.67752817973901, 'trop_agb_crit': 2.8869220380495735, 'trop_k_veg': 2.1144348148283285, 'fuel_k': 0.3302507755382605, 'fuel_half': 0.35856126103453967}.
[I 2026-07-22 20:35:40,344] Trial 4 finished with values: [10.76757763322978, 10.76757763322978] and parameters: {'k1': 0.0755681014127443, 'D_low': 44750.401913509006, 'k2': 0.057279044707996225, 'D_high': 2338643.9256208735, 'fire_exp': 1.7295308887606116, 'P_half': 4869.640941520898, 'pre_dampen_half': 0.027698899227562815, 'gpp_af': 0.009548041810464166, 'gpp_b': 1.867943489455631e-05, 'gpp_d': 0.4233032996527595, 'ign_k': 0.03586816498627549, 'ign_c': 1.2172958098369964, 'trop_agb_crit': 16.755052359850303, 'trop_k_veg': 1.34444739467741, 'fuel_k': 0.060322392669638326, 'fuel_half': 4.247058562261869}.
[I 2026-07-22 20:35:40,758] Trial 5 finished with values: [10.746809498809853, 10.746809498809853] and parameters: {'k1': 3.661819220392426e-05, 'D_low': 65040.20246676568, 'k2': 1.9870215385428627e-05, 'D_high': 8342988.0130473375, 'fire_exp': 2.0291170036317387, 'P_half': 6.235377135673156, 'pre_dampen_half': 0.010656401760606449, 'gpp_af': 11.948328168545443, 'gpp_b': 0.17423847570785791, 'gpp_d': 44.160688951185854, 'ign_k': 1.2164139351417067, 'ign_c': 0.1977782851246272, 'trop_agb_crit': 3.384522041201139, 'trop_k_veg': 0.6894301219471972, 'fuel_k': 2.4993775341055966, 'fuel_half': 7.41129978108324}.
[I 2026-07-22 20:35:41,171] Trial 6 finished with values: [10.64838208641727, 10.64838208641727] and parameters: {'k1': 0.00021066486017042195, 'D_low': 2.4063018320720926, 'k2': 0.00017535949529764417, 'D_high': 893.5110590331861, 'fire_exp': 1.951369393384915, 'P_half': 355.00125258511594, 'pre_dampen_half': 272.9378165037472, 'gpp_af': 0.22965432344634348, 'gpp_b': 5.2187377767382e-05, 'gpp_d': 36.831884165358964, 'ign_k': 1.104435084712469, 'ign_c': 17.583640270008498, 'trop_agb_crit': 13.766134492174427, 'trop_k_veg': 1.9658897090912955, 'fuel_k': 0.28328975157735103, 'fuel_half': 1.9170041589170657}.
[I 2026-07-22 20:35:41,584] Trial 7 finished with values: [10.214043851488686, 10.214043851488686] and parameters: {'k1': 1.263794633808287e-05, 'D_low': 4.439648242927527, 'k2': 1.3357240411974104e-05, 'D_high': 65835.85310972678, 'fire_exp': 1.3338126188125452, 'P_half': 108.21382910613987, 'pre_dampen_half': 345.01054536130147, 'gpp_af': 0.017638479543546873, 'gpp_b': 0.0028993292583566945, 'gpp_d': 59.945376567988106, 'ign_k': 0.008226074946221037, 'ign_c': 0.2031980983842498, 'trop_agb_crit': 2.679156169946616, 'trop_k_veg': 0.7818074020304813, 'fuel_k': 3.826843441487285, 'fuel_half': 26.56813924114493}.
[I 2026-07-22 20:35:42,036] Trial 8 finished with values: [10.76923076903347, 10.76923076903347] and parameters: {'k1': 0.0034167643418329683, 'D_low': 169341.55410667966, 'k2': 0.016394127471631596, 'D_high': 131.64984536291755, 'fire_exp': 2.265608866329626, 'P_half': 143.67095138664226, 'pre_dampen_half': 108.94336258132203, 'gpp_af': 30.231277487962988, 'gpp_b': 0.000809134743599756, 'gpp_d': 0.03550255612313078, 'ign_k': 0.008160948743089924, 'ign_c': 5.11012065649716, 'trop_agb_crit': 16.155001304356414, 'trop_k_veg': 5.437420238162097, 'fuel_k': 0.010454760061291155, 'fuel_half': 3.405978543532996}.
[I 2026-07-22 20:35:42,465] Trial 9 finished with values: [10.625586107330221, 10.625586107330221] and parameters: {'k1': 0.0004673518999562748, 'D_low': 21.510319582575757, 'k2': 3.0162092627967762e-05, 'D_high': 1060.9405001897937, 'fire_exp': 2.3725834451092904, 'P_half': 19.625093208439857, 'pre_dampen_half': 3.926025433552807, 'gpp_af': 3.274121520988884, 'gpp_b': 0.0015197691143574409, 'gpp_d': 722.6207258080483, 'ign_k': 7.076022085822006, 'ign_c': 1.0165510266418727, 'trop_agb_crit': 5.426206745606971, 'trop_k_veg': 1.1514990646668624, 'fuel_k': 0.0618486145535729, 'fuel_half': 0.12902113024567152}.
[I 2026-07-22 20:35:42,878] Trial 10 finished with values: [10.76923076903347, 10.76923076903347] and parameters: {'k1': 0.0027431991397796683, 'D_low': 1037.7055497115118, 'k2': 1.6066267921727703e-05, 'D_high': 469.76297622476886, 'fire_exp': 2.298451449583582, 'P_half': 9.083381663660585, 'pre_dampen_half': 0.053024228766843526, 'gpp_af': 0.28006820077310246, 'gpp_b': 8.201678186795007, 'gpp_d': 0.16228424432188981, 'ign_k': 0.4881375191603672, 'ign_c': 111.29571947045997, 'trop_agb_crit': 2.243982507529704, 'trop_k_veg': 3.7655625092973994, 'fuel_k': 0.10513738477836053, 'fuel_half': 7.887102624766476}.
[I 2026-07-22 20:35:43,296] Trial 11 finished with values: [10.768168799478358, 10.768168799478358] and parameters: {'k1': 0.0034207303670092245, 'D_low': 1639.2609918327714, 'k2': 2.296989871634208e-05, 'D_high': 1027578.416190738, 'fire_exp': 1.3416870310419562, 'P_half': 5.572807500029961, 'pre_dampen_half': 0.01599100311121483, 'gpp_af': 0.9004606022643077, 'gpp_b': 0.1162481823613905, 'gpp_d': 0.01210428510799503, 'ign_k': 0.11178209200698722, 'ign_c': 0.8053471030316095, 'trop_agb_crit': 8.974255743856958, 'trop_k_veg': 0.8108268204433952, 'fuel_k': 0.8308632327396429, 'fuel_half': 1.4461256820152135}.
[I 2026-07-22 20:35:43,708] Trial 12 finished with values: [10.76913397214567, 10.76913397214567] and parameters: {'k1': 0.05583672722754823, 'D_low': 6.685373335828939, 'k2': 0.00023134781612225587, 'D_high': 47.95579858030176, 'fire_exp': 2.3333107744598345, 'P_half': 3231.152185441098, 'pre_dampen_half': 0.19485346746590887, 'gpp_af': 1.9948958651882587, 'gpp_b': 0.8004481426143581, 'gpp_d': 5.9704086523843145, 'ign_k': 0.1314021022620738, 'ign_c': 0.9277034327414713, 'trop_agb_crit': 1.3725370520782985, 'trop_k_veg': 6.016243801593679, 'fuel_k': 3.173200772758111, 'fuel_half': 7.930569433855138}.
[I 2026-07-22 20:35:44,117] Trial 13 finished with values: [10.599222689919364, 10.599222689919364] and parameters: {'k1': 0.00022704877557909215, 'D_low': 124.52525727440515, 'k2': 0.008013508750140624, 'D_high': 2413579.2291304003, 'fire_exp': 2.2542764775111617, 'P_half': 1316.7465326936142, 'pre_dampen_half': 16.224010950061366, 'gpp_af': 0.002634509839733607, 'gpp_b': 9.327650919528727e-05, 'gpp_d': 311.00755757274874, 'ign_k': 0.26651167490553546, 'ign_c': 0.10883991813938126, 'trop_agb_crit': 1.4121660706207504, 'trop_k_veg': 3.1470652177597604, 'fuel_k': 0.010329084861117386, 'fuel_half': 0.3036855685244964}.
[I 2026-07-22 20:35:44,527] Trial 14 finished with values: [10.76923076903347, 10.76923076903347] and parameters: {'k1': 0.001566517163094646, 'D_low': 14170.04358760281, 'k2': 0.004053638704742309, 'D_high': 221.62352426595902, 'fire_exp': 1.9204570795137206, 'P_half': 8.89193644629625, 'pre_dampen_half': 0.4236414938631993, 'gpp_af': 5.4007867012865365, 'gpp_b': 0.07903098490824649, 'gpp_d': 176.24510039685507, 'ign_k': 0.4270232968405546, 'ign_c': 18.760068220300635, 'trop_agb_crit': 1.3752099014456878, 'trop_k_veg': 1.3859384729785302, 'fuel_k': 0.054547178265401106, 'fuel_half': 0.5394720267647732}.
[I 2026-07-22 20:35:44,940] Trial 15 finished with values: [10.257322746185665, 10.257322746185665] and parameters: {'k1': 0.07799059237255677, 'D_low': 228.34228779494518, 'k2': 0.03699867920489092, 'D_high': 61211.32154754238, 'fire_exp': 2.0715108722728917, 'P_half': 102.4585893986732, 'pre_dampen_half': 7.665128204660192, 'gpp_af': 0.2901272149738624, 'gpp_b': 0.0001484082099455773, 'gpp_d': 40.95062894476691, 'ign_k': 0.013276678836047658, 'ign_c': 0.12510188850164433, 'trop_agb_crit': 8.983402272488592, 'trop_k_veg': 0.8170196702261714, 'fuel_k': 4.0995500417030915, 'fuel_half': 72.7420826493834}.
[I 2026-07-22 20:35:45,361] Trial 16 finished with values: [10.737457907750091, 10.737457907750091] and parameters: {'k1': 0.045651763726463325, 'D_low': 166.32295851843423, 'k2': 1.1529924570330218e-05, 'D_high': 3714594.1935037985, 'fire_exp': 1.480442702914831, 'P_half': 7355.61985085331, 'pre_dampen_half': 657.8091125940398, 'gpp_af': 18.409723989839083, 'gpp_b': 0.0005843773200430936, 'gpp_d': 0.8423423635296957, 'ign_k': 2.5383218374507304, 'ign_c': 1.8522006003174372, 'trop_agb_crit': 1.7797595772834214, 'trop_k_veg': 2.3411300034414677, 'fuel_k': 3.988224126368738, 'fuel_half': 12.24868285680487}.
[I 2026-07-22 20:35:45,776] Trial 17 finished with values: [11.247187064629182, 11.247187064629182] and parameters: {'k1': 0.001906534551939351, 'D_low': 3.8287672160557875, 'k2': 0.002884223471687844, 'D_high': 8716117.989430292, 'fire_exp': 1.1369596031946847, 'P_half': 118.39097834757698, 'pre_dampen_half': 243.70551632385397, 'gpp_af': 5.056419398267455, 'gpp_b': 0.1520878238989275, 'gpp_d': 32.54021513867685, 'ign_k': 0.02741350741975827, 'ign_c': 1.4940577239079738, 'trop_agb_crit': 15.68644624233575, 'trop_k_veg': 4.725456080509074, 'fuel_k': 2.563645943471902, 'fuel_half': 54.91887821601527}.
[I 2026-07-22 20:35:46,207] Trial 18 finished with values: [10.684454272995957, 10.684454272995957] and parameters: {'k1': 0.0011101191524846067, 'D_low': 1021.1693428871283, 'k2': 0.015602015889668856, 'D_high': 79393.25078783733, 'fire_exp': 1.9025702662542903, 'P_half': 1524.6518242848613, 'pre_dampen_half': 281.855626699674, 'gpp_af': 0.04897515106470033, 'gpp_b': 0.0017926591238975052, 'gpp_d': 0.029505956594932957, 'ign_k': 0.20564614086027933, 'ign_c': 0.13924162890248676, 'trop_agb_crit': 4.872420129560893, 'trop_k_veg': 2.251019475487767, 'fuel_k': 0.06252517815977368, 'fuel_half': 5.9224278919224576}.
[I 2026-07-22 20:35:46,664] Trial 19 finished with values: [10.711046364539886, 10.711046364539886] and parameters: {'k1': 1.3243445838637965e-05, 'D_low': 1.6752866684650682, 'k2': 0.0195165137832656, 'D_high': 1449.2518000731375, 'fire_exp': 1.1234725391720877, 'P_half': 122.73630375458193, 'pre_dampen_half': 70.78932406899753, 'gpp_af': 0.011997897226934482, 'gpp_b': 0.05461888811739216, 'gpp_d': 0.02671390178713565, 'ign_k': 0.001609633064821938, 'ign_c': 13.348071559960674, 'trop_agb_crit': 6.289029460848807, 'trop_k_veg': 2.927602344444864, 'fuel_k': 1.0403789263969374, 'fuel_half': 84.6362160256194}.
[I 2026-07-22 20:35:47,098] Trial 20 finished with values: [10.768950179346964, 10.768950179346964] and parameters: {'k1': 0.0011619873314872927, 'D_low': 86.64406862241785, 'k2': 0.015161591075671724, 'D_high': 421.690199379951, 'fire_exp': 1.4951483674354806, 'P_half': 2.0598022365449626, 'pre_dampen_half': 0.013389171890458417, 'gpp_af': 65.04921701204668, 'gpp_b': 1.0372435026692939, 'gpp_d': 30.190550386581368, 'ign_k': 0.043232642103703305, 'ign_c': 0.4933751600448339, 'trop_agb_crit': 1.7024582907699128, 'trop_k_veg': 1.0006736835346968, 'fuel_k': 0.3356098860138197, 'fuel_half': 13.924761586031797}.
[I 2026-07-22 20:35:47,537] Trial 21 finished with values: [10.627087088468636, 10.627087088468636] and parameters: {'k1': 0.004373100990516265, 'D_low': 47.81931841485258, 'k2': 0.06598741607403362, 'D_high': 267535.550698083, 'fire_exp': 1.6618799814410974, 'P_half': 279.82272717049284, 'pre_dampen_half': 1.2531420756075002, 'gpp_af': 0.017324270154949098, 'gpp_b': 0.0013672126623075966, 'gpp_d': 61.550353610401785, 'ign_k': 0.0011417577140741143, 'ign_c': 0.29126651668813763, 'trop_agb_crit': 1.1693687409928537, 'trop_k_veg': 0.559773544096922, 'fuel_k': 2.3801202050712624, 'fuel_half': 12.911407200549913}.
[I 2026-07-22 20:35:47,969] Trial 22 finished with values: [10.767581733914355, 10.767581733914355] and parameters: {'k1': 0.0007883068789768041, 'D_low': 3.86371393182755, 'k2': 0.0009256855841989632, 'D_high': 6931.554219323896, 'fire_exp': 1.171990128270338, 'P_half': 54.37591736923918, 'pre_dampen_half': 0.9829324480069707, 'gpp_af': 1.200191344086032, 'gpp_b': 0.06464901394322498, 'gpp_d': 0.016846901973653922, 'ign_k': 0.0315101491238403, 'ign_c': 31.874227118134108, 'trop_agb_crit': 5.535964054794066, 'trop_k_veg': 5.373862339436158, 'fuel_k': 0.6760059777297097, 'fuel_half': 0.30817917005205625}.
[I 2026-07-22 20:35:48,410] Trial 23 finished with values: [10.752174349418672, 10.752174349418672] and parameters: {'k1': 1.915468390724633e-05, 'D_low': 7153.452030884037, 'k2': 1.2765717873951678e-05, 'D_high': 32707.96223514813, 'fire_exp': 2.3667655023073495, 'P_half': 200.3995359361214, 'pre_dampen_half': 0.8726691654212084, 'gpp_af': 1.6460426816350544, 'gpp_b': 0.005617167092871686, 'gpp_d': 5.346676975436892, 'ign_k': 5.832560268546886, 'ign_c': 3.502761367842312, 'trop_agb_crit': 26.290267902103615, 'trop_k_veg': 6.153480144962659, 'fuel_k': 0.03498947175913593, 'fuel_half': 0.1614670469622492}.
[I 2026-07-22 20:35:48,825] Trial 24 finished with values: [10.76742873256896, 10.76742873256896] and parameters: {'k1': 2.5299503921303695e-05, 'D_low': 1.286266485339375, 'k2': 2.3865571736727097e-05, 'D_high': 125325.84471303935, 'fire_exp': 1.0674039642039916, 'P_half': 18.875676307822275, 'pre_dampen_half': 167.63957643123777, 'gpp_af': 0.0013072530948736417, 'gpp_b': 0.7705678683116644, 'gpp_d': 0.25661017560409516, 'ign_k': 0.0029693357731296367, 'ign_c': 61.22780092275801, 'trop_agb_crit': 8.492290599869307, 'trop_k_veg': 5.695758802954583, 'fuel_k': 1.1018907554284363, 'fuel_half': 25.73017803008086}.
[I 2026-07-22 20:35:49,235] Trial 25 finished with values: [10.135311843464153, 10.135311843464153] and parameters: {'k1': 0.00013431925993528124, 'D_low': 11.604789380012715, 'k2': 0.010056781316817115, 'D_high': 693439.2750387826, 'fire_exp': 2.4783442138475, 'P_half': 44.71679901231308, 'pre_dampen_half': 0.7245868181143029, 'gpp_af': 7.62192732934522, 'gpp_b': 0.0011087183655158347, 'gpp_d': 450.59526947401275, 'ign_k': 2.7142572552186843, 'ign_c': 5.199673923878318, 'trop_agb_crit': 12.856643861355176, 'trop_k_veg': 4.050700716504253, 'fuel_k': 0.019341658237934812, 'fuel_half': 51.01039893789344}.
[I 2026-07-22 20:35:49,647] Trial 26 finished with values: [10.731916976520761, 10.731916976520761] and parameters: {'k1': 0.0010495653625093638, 'D_low': 90937.87396959367, 'k2': 0.0001906331412032436, 'D_high': 2361235.86415402, 'fire_exp': 1.4284956407464617, 'P_half': 1.104970302415413, 'pre_dampen_half': 336.44174907538985, 'gpp_af': 0.0028604435659156367, 'gpp_b': 0.0008239138919814073, 'gpp_d': 562.7426550259207, 'ign_k': 6.344955605329754, 'ign_c': 19.667608399443072, 'trop_agb_crit': 8.576304173303555, 'trop_k_veg': 1.733613253381165, 'fuel_k': 0.06525050422102326, 'fuel_half': 0.9682636678036}.
[I 2026-07-22 20:35:50,062] Trial 27 finished with values: [10.697718033674501, 10.697718033674501] and parameters: {'k1': 0.004898620823554844, 'D_low': 32677.376097937307, 'k2': 0.014666151770108535, 'D_high': 546649.376092156, 'fire_exp': 1.0871627347485018, 'P_half': 94.99072859745384, 'pre_dampen_half': 0.01939964577577238, 'gpp_af': 0.5592994749372484, 'gpp_b': 0.004458440839692221, 'gpp_d': 274.48645214004335, 'ign_k': 0.025331450012450227, 'ign_c': 0.2939463458625969, 'trop_agb_crit': 1.626357634890109, 'trop_k_veg': 4.129715873342729, 'fuel_k': 0.5217990518430394, 'fuel_half': 0.2010796072862617}.
[I 2026-07-22 20:35:50,489] Trial 28 finished with values: [10.76923076903347, 10.76923076903347] and parameters: {'k1': 2.1698375693549493e-05, 'D_low': 16062.560954780438, 'k2': 1.9545735860656975e-05, 'D_high': 853415.1646713236, 'fire_exp': 1.9100381338040326, 'P_half': 2.1154127741888553, 'pre_dampen_half': 0.02655758440526785, 'gpp_af': 85.74284557962639, 'gpp_b': 0.0017604543767148696, 'gpp_d': 0.7131990160433629, 'ign_k': 1.7831926649375953, 'ign_c': 615.1688122361401, 'trop_agb_crit': 28.605077487330046, 'trop_k_veg': 4.037641278318055, 'fuel_k': 0.11099567024348489, 'fuel_half': 0.17803367228855937}.
[I 2026-07-22 20:35:50,901] Trial 29 finished with values: [10.646559698944325, 10.646559698944325] and parameters: {'k1': 0.012840669372724958, 'D_low': 2240.9155921647994, 'k2': 0.0004976087827261435, 'D_high': 2742371.6496047364, 'fire_exp': 1.10726080528881, 'P_half': 93.43302657318476, 'pre_dampen_half': 0.011396414164620812, 'gpp_af': 0.2204465010099918, 'gpp_b': 2.176805640408474e-05, 'gpp_d': 0.03927259340973168, 'ign_k': 0.0029519227433917453, 'ign_c': 39.52220881906112, 'trop_agb_crit': 12.647327018493208, 'trop_k_veg': 2.520089655463604, 'fuel_k': 4.710433409437071, 'fuel_half': 1.3323297901105766}.
[I 2026-07-22 20:35:51,319] Trial 30 finished with values: [10.766844657012633, 10.766844657012633] and parameters: {'k1': 0.00013894673469237216, 'D_low': 162777.64805093448, 'k2': 7.841214856323651e-05, 'D_high': 6016379.6919274125, 'fire_exp': 1.0111992801255827, 'P_half': 7577.314388518511, 'pre_dampen_half': 0.016436129702486316, 'gpp_af': 28.55719640738185, 'gpp_b': 0.014662453726154785, 'gpp_d': 922.1975850381756, 'ign_k': 0.001973268844408891, 'ign_c': 16.421663082032175, 'trop_agb_crit': 27.025726513675966, 'trop_k_veg': 2.1322718398894507, 'fuel_k': 0.5604857991960507, 'fuel_half': 12.224921159070403}.
[I 2026-07-22 20:35:51,771] Trial 31 finished with values: [10.407454978162464, 10.407454978162464] and parameters: {'k1': 0.0006579066240690734, 'D_low': 5825.704883392062, 'k2': 0.002173988526401145, 'D_high': 2552396.0446765427, 'fire_exp': 1.0425212905832526, 'P_half': 13.30003421978439, 'pre_dampen_half': 565.0116730717867, 'gpp_af': 28.2695515681613, 'gpp_b': 0.005419266601560437, 'gpp_d': 12.6084874067596, 'ign_k': 0.012868405331151606, 'ign_c': 0.5655677524618509, 'trop_agb_crit': 4.84104109932157, 'trop_k_veg': 1.331829048405031, 'fuel_k': 0.41829719944607047, 'fuel_half': 0.17108183937377372}.
[I 2026-07-22 20:35:52,250] Trial 32 finished with values: [10.76923076903347, 10.76923076903347] and parameters: {'k1': 0.07899129442978683, 'D_low': 826541.1247641906, 'k2': 0.0062036438354928424, 'D_high': 16465.624158769166, 'fire_exp': 1.3279246182301934, 'P_half': 1799.6169659044353, 'pre_dampen_half': 26.52502871774025, 'gpp_af': 0.006502564919194479, 'gpp_b': 2.921212208238251, 'gpp_d': 129.6242374700586, 'ign_k': 6.2979564496765486, 'ign_c': 79.96096625957166, 'trop_agb_crit': 8.055428067442477, 'trop_k_veg': 1.5943541697874255, 'fuel_k': 3.901762247625935, 'fuel_half': 39.64529634406677}.
[I 2026-07-22 20:35:52,744] Trial 33 finished with values: [10.769218618291859, 10.769218618291859] and parameters: {'k1': 1.5166126720973775e-05, 'D_low': 1.4394674438851187, 'k2': 0.00032051877004248816, 'D_high': 729995.1667436651, 'fire_exp': 2.4710223381519936, 'P_half': 3.9963872470333532, 'pre_dampen_half': 9.34659827560161, 'gpp_af': 0.08025170779205826, 'gpp_b': 6.599125487497978, 'gpp_d': 162.4032124640189, 'ign_k': 2.2558738962142395, 'ign_c': 7.495017292334739, 'trop_agb_crit': 4.099573751320914, 'trop_k_veg': 1.0670503756847771, 'fuel_k': 0.014342328204470055, 'fuel_half': 39.27960653222749}.
