[I 2026-08-06 09:06:52,151] Trial 1029 finished with values: [-0.6357134391201502, 0.39903515507663345] and parameters: {'k1': 0.029626010885972713, 'D_low': 5.59983195169599, 'k2': 0.03538758864779238, 'D_high': 2940.51756322311, 'fire_exp': 1.1430983876313219, 'P_half': 4.213183643253957, 'pre_dampen_half': 552.4163637315892, 'gpp_af': 0.0014188461251885575, 'gpp_b': 1.284284091405877e-05, 'gpp_d': 229.41380323183625, 'ign_k': 5.351470428717437, 'ign_c': 8.40543912931368, 'trop_agb_crit': 25.382873076016292, 'trop_k_veg': 0.6743482387129308}.
[I 2026-08-06 09:06:53,260] Trial 1030 finished with values: [10.02125620014745, 10.02125620014745] and parameters: {'k1': 0.01889771394135163, 'D_low': 4.484744524732794, 'k2': 0.032845299795769424, 'D_high': 2940.51756322311, 'fire_exp': 1.0629462657398439, 'P_half': 12.808863354047988, 'pre_dampen_half': 107.40052367919465, 'gpp_af': 0.1476584299248268, 'gpp_b': 0.004821867175721073, 'gpp_d': 84.31013932082456, 'ign_k': 5.351470428717437, 'ign_c': 20.03995359361212, 'trop_agb_crit': 7.500118950416987, 'trop_k_veg': 1.4584243470991722}.
[I 2026-08-06 09:06:54,387] Trial 1031 finished with values: [10.277186693372087, 10.277186693372087] and parameters: {'k1': 0.01889771394135163, 'D_low': 5.59983195169599, 'k2': 0.00015197743481843557, 'D_high': 972.4201099820957, 'fire_exp': 1.0629462657398439, 'P_half': 97.0660675687761, 'pre_dampen_half': 107.40052367919465, 'gpp_af': 0.1476584299248268, 'gpp_b': 0.004821867175721073, 'gpp_d': 84.31013932082456, 'ign_k': 5.351470428717437, 'ign_c': 0.557280750002996, 'trop_agb_crit': 7.500118950416987, 'trop_k_veg': 6.092557528471241}.
[I 2026-08-06 09:06:55,556] Trial 1032 finished with values: [-0.6222487303650591, 0.660991371794855] and parameters: {'k1': 0.01889771394135163, 'D_low': 6.004682478324446, 'k2': 0.03538758864779238, 'D_high': 11936.92846763647, 'fire_exp': 1.0629462657398439, 'P_half': 12.808863354047988, 'pre_dampen_half': 502.5175192217655, 'gpp_af': 0.18069041761817034, 'gpp_b': 0.0005752434266899163, 'gpp_d': 431.69073113052116, 'ign_k': 8.708806168038567, 'ign_c': 20.03995359361212, 'trop_agb_crit': 7.500118950416987, 'trop_k_veg': 0.6743482387129308}.
[I 2026-08-06 09:06:56,689] Trial 1033 finished with values: [10.140096777783219, 10.140096777783219] and parameters: {'k1': 0.01889771394135163, 'D_low': 4.484744524732794, 'k2': 0.006027551301719578, 'D_high': 2940.51756322311, 'fire_exp': 1.353841071397002, 'P_half': 315.2494048956088, 'pre_dampen_half': 552.4163637315892, 'gpp_af': 0.00515795696727661, 'gpp_b': 0.0005752434266899163, 'gpp_d': 150.14555442537656, 'ign_k': 8.604303107293026, 'ign_c': 8.40543912931368, 'trop_agb_crit': 10.965064494899984, 'trop_k_veg': 0.6673124511410327}.
[I 2026-08-06 09:06:57,813] Trial 1034 finished with values: [10.02581938735955, 10.02581938735955] and parameters: {'k1': 0.01889771394135163, 'D_low': 4.484744524732794, 'k2': 0.005082220961627801, 'D_high': 1537.4098204111451, 'fire_exp': 1.353841071397002, 'P_half': 33.70998494872883, 'pre_dampen_half': 552.4163637315892, 'gpp_af': 0.1476584299248268, 'gpp_b': 0.0005752434266899163, 'gpp_d': 150.14555442537656, 'ign_k': 8.708806168038567, 'ign_c': 20.03995359361212, 'trop_agb_crit': 2.012913102604422, 'trop_k_veg': 1.4584243470991722}.
[I 2026-08-06 09:06:59,002] Trial 1035 finished with values: [-0.6367401913556789, 0.3276662314500963] and parameters: {'k1': 0.01889771394135163, 'D_low': 1.9623826481168343, 'k2': 0.032845299795769424, 'D_high': 2940.51756322311, 'fire_exp': 1.0629462657398439, 'P_half': 5.505316245273476, 'pre_dampen_half': 502.5175192217655, 'gpp_af': 0.1476584299248268, 'gpp_b': 0.0005752434266899163, 'gpp_d': 431.69073113052116, 'ign_k': 8.708806168038567, 'ign_c': 20.03995359361212, 'trop_agb_crit': 7.500118950416987, 'trop_k_veg': 1.4584243470991722}.
[I 2026-08-06 09:07:00,483] Trial 1036 finished with values: [-0.6175419977223833, 0.2510288749605252] and parameters: {'k1': 0.008471801418819975, 'D_low': 12.105387404469584, 'k2': 0.03538758864779238, 'D_high': 2940.51756322311, 'fire_exp': 1.0629462657398439, 'P_half': 4.213183643253957, 'pre_dampen_half': 552.4163637315892, 'gpp_af': 0.00515795696727661, 'gpp_b': 0.0005752434266899163, 'gpp_d': 84.31013932082456, 'ign_k': 9.226223582279749, 'ign_c': 0.9580682294110432, 'trop_agb_crit': 10.965064494899984, 'trop_k_veg': 2.520089655463604}.
[I 2026-08-06 09:07:01,595] Trial 1037 finished with values: [-0.631959783900194, 0.42233901040426103] and parameters: {'k1': 0.016748279468858224, 'D_low': 5.59983195169599, 'k2': 0.012758211164590085, 'D_high': 2940.51756322311, 'fire_exp': 1.0629462657398439, 'P_half': 12.808863354047988, 'pre_dampen_half': 552.4163637315892, 'gpp_af': 0.1476584299248268, 'gpp_b': 0.0005752434266899163, 'gpp_d': 431.69073113052116, 'ign_k': 8.708806168038567, 'ign_c': 0.557280750002996, 'trop_agb_crit': 7.500118950416987, 'trop_k_veg': 0.7000576665556255}.
[I 2026-08-06 09:07:02,692] Trial 1038 finished with values: [10.054814914736902, 10.054814914736902] and parameters: {'k1': 0.016748279468858224, 'D_low': 5.59983195169599, 'k2': 0.005082220961627801, 'D_high': 1384.332853353327, 'fire_exp': 1.0629462657398439, 'P_half': 12.808863354047988, 'pre_dampen_half': 552.4163637315892, 'gpp_af': 0.1476584299248268, 'gpp_b': 0.04898665760408784, 'gpp_d': 229.41380323183625, 'ign_k': 8.708806168038567, 'ign_c': 20.03995359361212, 'trop_agb_crit': 13.938884581439597, 'trop_k_veg': 2.5879386297557976}.
[I 2026-08-06 09:07:03,791] Trial 1039 finished with values: [10.257709566316489, 10.257709566316489] and parameters: {'k1': 0.029626010885972713, 'D_low': 376.3717463557541, 'k2': 0.0013219302264066773, 'D_high': 2940.51756322311, 'fire_exp': 1.0629462657398439, 'P_half': 1.1069424888528068, 'pre_dampen_half': 502.5175192217655, 'gpp_af': 0.0689916853868204, 'gpp_b': 0.0005752434266899163, 'gpp_d': 431.69073113052116, 'ign_k': 8.708806168038567, 'ign_c': 20.03995359361212, 'trop_agb_crit': 7.500118950416987, 'trop_k_veg': 1.9358464828856796}.
[I 2026-08-06 09:07:04,882] Trial 1040 finished with values: [-0.6245839885195982, 0.31931854481948807] and parameters: {'k1': 0.029626010885972713, 'D_low': 12.105387404469584, 'k2': 0.012758211164590085, 'D_high': 2940.51756322311, 'fire_exp': 1.1430983876313219, 'P_half': 12.808863354047988, 'pre_dampen_half': 502.5175192217655, 'gpp_af': 0.1476584299248268, 'gpp_b': 0.0005752434266899163, 'gpp_d': 431.69073113052116, 'ign_k': 5.351470428717437, 'ign_c': 20.03995359361212, 'trop_agb_crit': 7.500118950416987, 'trop_k_veg': 0.6673124511410327}.
[I 2026-08-06 09:07:06,037] Trial 1041 finished with values: [-0.6275703694482387, 0.2251377468297806] and parameters: {'k1': 0.016748279468858224, 'D_low': 5.59983195169599, 'k2': 0.03538758864779238, 'D_high': 1537.4098204111451, 'fire_exp': 1.0629462657398439, 'P_half': 1.1069424888528068, 'pre_dampen_half': 552.4163637315892, 'gpp_af': 0.1476584299248268, 'gpp_b': 0.0005752434266899163, 'gpp_d': 8.571213555597648, 'ign_k': 8.708806168038567, 'ign_c': 20.03995359361212, 'trop_agb_crit': 10.965064494899984, 'trop_k_veg': 2.4855199240230106}.
[I 2026-08-06 09:07:07,119] Trial 1042 finished with values: [-0.6190725894753639, 0.25411058424207944] and parameters: {'k1': 0.016748279468858224, 'D_low': 70.18267183720735, 'k2': 0.005082220961627801, 'D_high': 1537.4098204111451, 'fire_exp': 1.0629462657398439, 'P_half': 1.4246408590160289, 'pre_dampen_half': 552.4163637315892, 'gpp_af': 0.1476584299248268, 'gpp_b': 0.0005752434266899163, 'gpp_d': 150.14555442537656, 'ign_k': 8.708806168038567, 'ign_c': 20.03995359361212, 'trop_agb_crit': 29.480726565384675, 'trop_k_veg': 2.520089655463604}.
[I 2026-08-06 09:07:08,177] Trial 1043 finished with values: [10.227870894933984, 10.227870894933984] and parameters: {'k1': 1.4716512163645849e-05, 'D_low': 4.484744524732794, 'k2': 0.004013372552381595, 'D_high': 2940.51756322311, 'fire_exp': 1.0629462657398439, 'P_half': 12.808863354047988, 'pre_dampen_half': 107.40052367919465, 'gpp_af': 0.1476584299248268, 'gpp_b': 0.0005752434266899163, 'gpp_d': 84.31013932082456, 'ign_k': 8.708806168038567, 'ign_c': 20.03995359361212, 'trop_agb_crit': 7.500118950416987, 'trop_k_veg': 1.4584243470991722}.
[I 2026-08-06 09:07:09,302] Trial 1044 finished with values: [10.769230769178105, 10.769230769178105] and parameters: {'k1': 0.01889771394135163, 'D_low': 7480.921720804117, 'k2': 0.032845299795769424, 'D_high': 2940.51756322311, 'fire_exp': 1.0629462657398439, 'P_half': 12.808863354047988, 'pre_dampen_half': 552.4163637315892, 'gpp_af': 0.0014188461251885575, 'gpp_b': 1.284284091405877e-05, 'gpp_d': 84.31013932082456, 'ign_k': 8.708806168038567, 'ign_c': 0.557280750002996, 'trop_agb_crit': 10.965064494899984, 'trop_k_veg': 2.520089655463604}.
[I 2026-08-06 09:07:10,444] Trial 1045 finished with values: [10.657710351968582, 10.657710351968582] and parameters: {'k1': 0.016748279468858224, 'D_low': 12.105387404469584, 'k2': 0.005082220961627801, 'D_high': 972.4201099820957, 'fire_exp': 1.1430983876313219, 'P_half': 97.0660675687761, 'pre_dampen_half': 552.4163637315892, 'gpp_af': 0.1476584299248268, 'gpp_b': 0.6198479224692378, 'gpp_d': 1.493264336549928, 'ign_k': 8.708806168038567, 'ign_c': 20.03995359361212, 'trop_agb_crit': 7.500118950416987, 'trop_k_veg': 1.4584243470991722}.
[I 2026-08-06 09:07:11,580] Trial 1046 finished with values: [-0.6277700757077553, 0.3205977293841228] and parameters: {'k1': 0.03635503353478365, 'D_low': 70.18267183720735, 'k2': 0.012758211164590085, 'D_high': 2940.51756322311, 'fire_exp': 1.0629462657398439, 'P_half': 1.4246408590160289, 'pre_dampen_half': 552.4163637315892, 'gpp_af': 0.1476584299248268, 'gpp_b': 0.003139959085072088, 'gpp_d': 431.69073113052116, 'ign_k': 5.351470428717437, 'ign_c': 0.21208987108343724, 'trop_agb_crit': 10.965064494899984, 'trop_k_veg': 1.8991799462763763}.
[I 2026-08-06 09:07:12,669] Trial 1047 finished with values: [-0.6299252892655728, 0.26207411710593453] and parameters: {'k1': 0.01889771394135163, 'D_low': 4.484744524732794, 'k2': 0.032845299795769424, 'D_high': 1177.190025324204, 'fire_exp': 1.1430983876313219, 'P_half': 12.808863354047988, 'pre_dampen_half': 552.4163637315892, 'gpp_af': 0.1476584299248268, 'gpp_b': 0.0005752434266899163, 'gpp_d': 229.41380323183625, 'ign_k': 8.708806168038567, 'ign_c': 1.483502036384642, 'trop_agb_crit': 10.965064494899984, 'trop_k_veg': 1.9938441068366917}.
[I 2026-08-06 09:07:13,757] Trial 1048 finished with values: [10.769230769178105, 10.769230769178105] and parameters: {'k1': 0.01889771394135163, 'D_low': 12.105387404469584, 'k2': 0.012758211164590085, 'D_high': 2940.51756322311, 'fire_exp': 1.0629462657398439, 'P_half': 12.808863354047988, 'pre_dampen_half': 552.4163637315892, 'gpp_af': 0.18069041761817034, 'gpp_b': 0.0005752434266899163, 'gpp_d': 84.31013932082456, 'ign_k': 8.708806168038567, 'ign_c': 831.5365004960594, 'trop_agb_crit': 7.7455469160099035, 'trop_k_veg': 2.520089655463604}.
[I 2026-08-06 09:07:14,863] Trial 1049 finished with values: [-0.5771435234373081, 0.35474308632125484] and parameters: {'k1': 0.002136439666839362, 'D_low': 70.18267183720735, 'k2': 0.012758211164590085, 'D_high': 2940.51756322311, 'fire_exp': 1.0629462657398439, 'P_half': 1.4246408590160289, 'pre_dampen_half': 107.40052367919465, 'gpp_af': 0.1476584299248268, 'gpp_b': 0.0005752434266899163, 'gpp_d': 84.31013932082456, 'ign_k': 5.351470428717437, 'ign_c': 0.21208987108343724, 'trop_agb_crit': 7.500118950416987, 'trop_k_veg': 2.520089655463604}.
[I 2026-08-06 09:07:15,941] Trial 1050 finished with values: [10.507564480601916, 10.507564480601916] and parameters: {'k1': 0.016748279468858224, 'D_low': 982.409871499049, 'k2': 0.005082220961627801, 'D_high': 8182.111518618414, 'fire_exp': 1.0629462657398439, 'P_half': 4.213183643253957, 'pre_dampen_half': 502.5175192217655, 'gpp_af': 11.451145698676878, 'gpp_b': 0.08687036454256601, 'gpp_d': 8.571213555597648, 'ign_k': 8.708806168038567, 'ign_c': 20.03995359361212, 'trop_agb_crit': 10.965064494899984, 'trop_k_veg': 2.520089655463604}.
[I 2026-08-06 09:07:17,051] Trial 1051 finished with values: [-0.6334916697670807, 0.25251766025317823] and parameters: {'k1': 0.01889771394135163, 'D_low': 12.105387404469584, 'k2': 0.012758211164590085, 'D_high': 1177.190025324204, 'fire_exp': 1.0629462657398439, 'P_half': 4.213183643253957, 'pre_dampen_half': 552.4163637315892, 'gpp_af': 0.1476584299248268, 'gpp_b': 0.0005752434266899163, 'gpp_d': 84.31013932082456, 'ign_k': 9.226223582279749, 'ign_c': 0.557280750002996, 'trop_agb_crit': 7.500118950416987, 'trop_k_veg': 2.520089655463604}.
[I 2026-08-06 09:07:18,156] Trial 1052 finished with values: [10.643155322324295, 10.643155322324295] and parameters: {'k1': 0.01889771394135163, 'D_low': 1.9623826481168343, 'k2': 0.032845299795769424, 'D_high': 32.53741042140524, 'fire_exp': 1.1430983876313219, 'P_half': 22.54602706347901, 'pre_dampen_half': 552.4163637315892, 'gpp_af': 0.0014188461251885575, 'gpp_b': 0.0005752434266899163, 'gpp_d': 84.31013932082456, 'ign_k': 8.708806168038567, 'ign_c': 0.557280750002996, 'trop_agb_crit': 7.500118950416987, 'trop_k_veg': 2.520089655463604}.
[I 2026-08-06 09:07:19,261] Trial 1053 finished with values: [-0.6112053778676956, 0.35656679314398376] and parameters: {'k1': 0.01889771394135163, 'D_low': 12.105387404469584, 'k2': 0.012758211164590085, 'D_high': 2940.51756322311, 'fire_exp': 1.0629462657398439, 'P_half': 12.808863354047988, 'pre_dampen_half': 552.4163637315892, 'gpp_af': 0.1476584299248268, 'gpp_b': 0.0005752434266899163, 'gpp_d': 1.493264336549928, 'ign_k': 1.4047969156119493, 'ign_c': 20.03995359361212, 'trop_agb_crit': 25.382873076016292, 'trop_k_veg': 2.520089655463604}.
[I 2026-08-06 09:07:20,372] Trial 1054 finished with values: [10.769230769178105, 10.769230769178105] and parameters: {'k1': 0.01889771394135163, 'D_low': 12.105387404469584, 'k2': 0.004013372552381595, 'D_high': 1177.190025324204, 'fire_exp': 1.1430983876313219, 'P_half': 97.0660675687761, 'pre_dampen_half': 107.40052367919465, 'gpp_af': 0.1476584299248268, 'gpp_b': 0.0005752434266899163, 'gpp_d': 229.41380323183625, 'ign_k': 5.351470428717437, 'ign_c': 515.6257069134119, 'trop_agb_crit': 7.500118950416987, 'trop_k_veg': 0.6673124511410327}.
[I 2026-08-06 09:07:21,897] Trial 1055 finished with values: [-0.624012490109522, 0.2793030803709281] and parameters: {'k1': 0.01889771394135163, 'D_low': 5.59983195169599, 'k2': 0.012758211164590085, 'D_high': 2940.51756322311, 'fire_exp': 1.0629462657398439, 'P_half': 4.213183643253957, 'pre_dampen_half': 107.40052367919465, 'gpp_af': 0.1476584299248268, 'gpp_b': 0.0005752434266899163, 'gpp_d': 431.69073113052116, 'ign_k': 8.708806168038567, 'ign_c': 20.03995359361212, 'trop_agb_crit': 7.500118950416987, 'trop_k_veg': 2.520089655463604}.
[I 2026-08-06 09:07:23,019] Trial 1056 finished with values: [10.039885731648859, 10.039885731648859] and parameters: {'k1': 0.01889771394135163, 'D_low': 4.484744524732794, 'k2': 0.032845299795769424, 'D_high': 2940.51756322311, 'fire_exp': 1.0629462657398439, 'P_half': 12.808863354047988, 'pre_dampen_half': 107.40052367919465, 'gpp_af': 0.013276330623901841, 'gpp_b': 0.0005752434266899163, 'gpp_d': 431.69073113052116, 'ign_k': 8.708806168038567, 'ign_c': 20.03995359361212, 'trop_agb_crit': 7.500118950416987, 'trop_k_veg': 1.4584243470991722}.
[I 2026-08-06 09:07:24,110] Trial 1057 finished with values: [-0.616674708545743, 0.39202459650015453] and parameters: {'k1': 0.01889771394135163, 'D_low': 12.105387404469584, 'k2': 0.012758211164590085, 'D_high': 2940.51756322311, 'fire_exp': 1.0629462657398439, 'P_half': 12.808863354047988, 'pre_dampen_half': 107.40052367919465, 'gpp_af': 0.18069041761817034, 'gpp_b': 0.0005752434266899163, 'gpp_d': 229.41380323183625, 'ign_k': 5.351470428717437, 'ign_c': 0.557280750002996, 'trop_agb_crit': 10.965064494899984, 'trop_k_veg': 0.6743482387129308}.
[I 2026-08-06 09:07:25,234] Trial 1058 finished with values: [-0.6216993414219483, 0.22793919067440138] and parameters: {'k1': 0.01889771394135163, 'D_low': 5.59983195169599, 'k2': 0.005082220961627801, 'D_high': 2940.51756322311, 'fire_exp': 1.0629462657398439, 'P_half': 12.808863354047988, 'pre_dampen_half': 552.4163637315892, 'gpp_af': 0.1476584299248268, 'gpp_b': 0.0017100237531775793, 'gpp_d': 150.14555442537656, 'ign_k': 8.708806168038567, 'ign_c': 20.03995359361212, 'trop_agb_crit': 1.14876138417489, 'trop_k_veg': 1.4584243470991722}.
[I 2026-08-06 09:07:26,341] Trial 1059 finished with values: [-0.6169951582758526, 0.4265109112001939] and parameters: {'k1': 0.01889771394135163, 'D_low': 4.484744524732794, 'k2': 0.004013372552381595, 'D_high': 2940.51756322311, 'fire_exp': 1.0629462657398439, 'P_half': 4.213183643253957, 'pre_dampen_half': 107.40052367919465, 'gpp_af': 0.14467197647069258, 'gpp_b': 1.284284091405877e-05, 'gpp_d': 84.31013932082456, 'ign_k': 8.708806168038567, 'ign_c': 20.03995359361212, 'trop_agb_crit': 7.500118950416987, 'trop_k_veg': 2.520089655463604}.
[I 2026-08-06 09:07:27,464] Trial 1060 finished with values: [10.310359769381432, 10.310359769381432] and parameters: {'k1': 0.029626010885972713, 'D_low': 5.59983195169599, 'k2': 0.03538758864779238, 'D_high': 2940.51756322311, 'fire_exp': 2.7504578233979857, 'P_half': 4.213183643253957, 'pre_dampen_half': 552.4163637315892, 'gpp_af': 0.00515795696727661, 'gpp_b': 0.0005752434266899163, 'gpp_d': 8.571213555597648, 'ign_k': 0.12329098365270515, 'ign_c': 0.9580682294110432, 'trop_agb_crit': 10.965064494899984, 'trop_k_veg': 0.6743482387129308}.
[I 2026-08-06 09:07:28,539] Trial 1061 finished with values: [-0.5991225624866389, 0.41047799107417005] and parameters: {'k1': 0.01889771394135163, 'D_low': 12.105387404469584, 'k2': 0.005082220961627801, 'D_high': 8182.111518618414, 'fire_exp': 1.0629462657398439, 'P_half': 282.98168613109493, 'pre_dampen_half': 502.5175192217655, 'gpp_af': 0.1476584299248268, 'gpp_b': 0.0005752434266899163, 'gpp_d': 2.944272359149677, 'ign_k': 8.708806168038567, 'ign_c': 20.03995359361212, 'trop_agb_crit': 25.382873076016292, 'trop_k_veg': 0.6673124511410327}.
[I 2026-08-06 09:07:29,635] Trial 1062 finished with values: [-0.6218108177075123, 0.2750623987763172] and parameters: {'k1': 0.01889771394135163, 'D_low': 12.105387404469584, 'k2': 0.005082220961627801, 'D_high': 2940.51756322311, 'fire_exp': 1.0629462657398439, 'P_half': 12.808863354047988, 'pre_dampen_half': 107.40052367919465, 'gpp_af': 0.1476584299248268, 'gpp_b': 0.0005752434266899163, 'gpp_d': 84.31013932082456, 'ign_k': 5.919749792564381, 'ign_c': 20.03995359361212, 'trop_agb_crit': 7.500118950416987, 'trop_k_veg': 2.520089655463604}.
[I 2026-08-06 09:07:30,704] Trial 1063 finished with values: [-0.6226419166852779, 0.2669551233907226] and parameters: {'k1': 0.01889771394135163, 'D_low': 5.59983195169599, 'k2': 0.005082220961627801, 'D_high': 2940.51756322311, 'fire_exp': 1.1430983876313219, 'P_half': 24.563265188276052, 'pre_dampen_half': 502.5175192217655, 'gpp_af': 0.0014188461251885575, 'gpp_b': 1.284284091405877e-05, 'gpp_d': 84.31013932082456, 'ign_k': 5.595401979134829, 'ign_c': 20.03995359361212, 'trop_agb_crit': 7.500118950416987, 'trop_k_veg': 0.6673124511410327}.
[I 2026-08-06 09:07:31,783] Trial 1064 finished with values: [10.486081288215631, 10.486081288215631] and parameters: {'k1': 0.01889771394135163, 'D_low': 4.484744524732794, 'k2': 0.032845299795769424, 'D_high': 91.78481720510284, 'fire_exp': 1.0629462657398439, 'P_half': 4.213183643253957, 'pre_dampen_half': 552.4163637315892, 'gpp_af': 0.1476584299248268, 'gpp_b': 0.0005752434266899163, 'gpp_d': 229.41380323183625, 'ign_k': 8.708806168038567, 'ign_c': 0.30620022479972875, 'trop_agb_crit': 7.500118950416987, 'trop_k_veg': 2.5879386297557976}.
[I 2026-08-06 09:07:32,887] Trial 1065 finished with values: [10.389668216030751, 10.389668216030751] and parameters: {'k1': 0.03635503353478365, 'D_low': 6.1642743507854245, 'k2': 0.012758211164590085, 'D_high': 35293.89593576791, 'fire_exp': 1.0629462657398439, 'P_half': 1.4246408590160289, 'pre_dampen_half': 552.4163637315892, 'gpp_af': 0.1476584299248268, 'gpp_b': 0.0005752434266899163, 'gpp_d': 431.69073113052116, 'ign_k': 8.708806168038567, 'ign_c': 0.21208987108343724, 'trop_agb_crit': 29.480726565384675, 'trop_k_veg': 1.4584243470991722}.
[I 2026-08-06 09:07:33,990] Trial 1066 finished with values: [-0.6406273700549218, 0.42249408009888834] and parameters: {'k1': 0.01889771394135163, 'D_low': 4.484744524732794, 'k2': 0.012758211164590085, 'D_high': 2940.51756322311, 'fire_exp': 1.0629462657398439, 'P_half': 12.808863354047988, 'pre_dampen_half': 552.4163637315892, 'gpp_af': 0.1476584299248268, 'gpp_b': 0.0005752434266899163, 'gpp_d': 431.69073113052116, 'ign_k': 8.708806168038567, 'ign_c': 0.557280750002996, 'trop_agb_crit': 7.500118950416987, 'trop_k_veg': 1.4584243470991722}.
[I 2026-08-06 09:07:35,080] Trial 1067 finished with values: [-0.6174928715340462, 0.15547561882322225] and parameters: {'k1': 0.029626010885972713, 'D_low': 5.59983195169599, 'k2': 0.00383039225527374, 'D_high': 2940.51756322311, 'fire_exp': 1.0629462657398439, 'P_half': 97.0660675687761, 'pre_dampen_half': 502.5175192217655, 'gpp_af': 0.0689916853868204, 'gpp_b': 0.004821867175721073, 'gpp_d': 431.69073113052116, 'ign_k': 5.351470428717437, 'ign_c': 20.03995359361212, 'trop_agb_crit': 7.500118950416987, 'trop_k_veg': 2.520089655463604}.
[I 2026-08-06 09:07:36,204] Trial 1068 finished with values: [-0.6111501991456891, 0.263671184944394] and parameters: {'k1': 0.01889771394135163, 'D_low': 12.105387404469584, 'k2': 0.005082220961627801, 'D_high': 1177.190025324204, 'fire_exp': 1.0629462657398439, 'P_half': 12.808863354047988, 'pre_dampen_half': 107.40052367919465, 'gpp_af': 0.1476584299248268, 'gpp_b': 0.0005752434266899163, 'gpp_d': 431.69073113052116, 'ign_k': 8.708806168038567, 'ign_c': 0.557280750002996, 'trop_agb_crit': 25.382873076016292, 'trop_k_veg': 2.520089655463604}.
