[I 2026-07-24 02:06:32,404] Trial 64 finished with value: 0.6114696923566694 and parameters: {'k1': 0.005383398431149385, 'D_low': 9.166408102149045, 'k2': 0.001935713460659425, 'D_high': 1557353.4688595315, 'fire_exp': 2.4784329082601433, 'P_half': 91.66813625916544, 'pre_dampen_half': 52.53633185429036, 'gpp_af': 0.0023583333234256506, 'gpp_b': 0.005082688579088647, 'gpp_d': 297.6924561637887, 'ign_k': 0.02850797054245364, 'ign_c': 21.373782735752396, 'trop_agb_crit': 29.035004378488086, 'trop_k_veg': 1.7973535703806096, 'gdp_gamma': 0.17238284578431715, 'fuel_k': 0.10602900700790298, 'fuel_half': 50.31006268458368}. Best is trial 0 with value: -0.6086958580586874.
[I 2026-07-24 02:06:32,832] Trial 65 finished with value: 0.5824940642698413 and parameters: {'k1': 0.003059442982684631, 'D_low': 3.575700773773658, 'k2': 0.005493587095809351, 'D_high': 26420.959768558398, 'fire_exp': 3.378290087581121, 'P_half': 98.87033718970682, 'pre_dampen_half': 259.9796161120962, 'gpp_af': 0.05298882196066733, 'gpp_b': 2.3983251127853746e-05, 'gpp_d': 57.990709576053646, 'ign_k': 0.0015711411692001936, 'ign_c': 10.230215092319172, 'trop_agb_crit': 29.922338268514064, 'trop_k_veg': 0.9905577499120688, 'gdp_gamma': 0.016419479358886487, 'fuel_k': 0.06290092770493726, 'fuel_half': 10.94685049528364}. Best is trial 0 with value: -0.6086958580586874.
[I 2026-07-24 02:06:33,259] Trial 66 finished with value: 0.576311133431618 and parameters: {'k1': 0.0015665255249869448, 'D_low': 2.4844488132941653, 'k2': 0.039497512716246144, 'D_high': 7780.721413143763, 'fire_exp': 1.2689426421623564, 'P_half': 196.48793776892265, 'pre_dampen_half': 2.3984573157365747, 'gpp_af': 0.0016465233277246061, 'gpp_b': 3.991421715283664e-05, 'gpp_d': 60.528230769971756, 'ign_k': 0.04136746099225519, 'ign_c': 13.110656226564165, 'trop_agb_crit': 9.192030336749612, 'trop_k_veg': 0.6449549715640914, 'gdp_gamma': 0.12309755622024424, 'fuel_k': 0.016080912314672013, 'fuel_half': 2.5641699824494806}. Best is trial 0 with value: -0.6086958580586874.
[I 2026-07-24 02:06:33,680] Trial 67 finished with value: 0.4218668404194579 and parameters: {'k1': 0.0017561447184596044, 'D_low': 62.9928507048004, 'k2': 0.013209524993405424, 'D_high': 232162.36258538257, 'fire_exp': 1.8958717917927288, 'P_half': 4.253556450992457, 'pre_dampen_half': 375.72776150098525, 'gpp_af': 0.0024467984679278016, 'gpp_b': 0.0002967051043322437, 'gpp_d': 73.41028685101203, 'ign_k': 0.007623720973845363, 'ign_c': 20.486592524172526, 'trop_agb_crit': 12.757461393713225, 'trop_k_veg': 1.7024526486109945, 'gdp_gamma': 0.419608775063446, 'fuel_k': 0.0807920500499646, 'fuel_half': 4.695469056938165}. Best is trial 0 with value: -0.6086958580586874.
[I 2026-07-24 02:06:34,100] Trial 68 finished with value: 0.4638727594527722 and parameters: {'k1': 0.023707831432994354, 'D_low': 91.53866870312395, 'k2': 0.006672156998496745, 'D_high': 189164.06157937687, 'fire_exp': 2.2044189225223842, 'P_half': 17.749494955044906, 'pre_dampen_half': 814.5357464284231, 'gpp_af': 0.05216402344981804, 'gpp_b': 0.00011672938762305746, 'gpp_d': 489.66930396591516, 'ign_k': 0.01465772865492275, 'ign_c': 1.0609774137620513, 'trop_agb_crit': 4.577179886186891, 'trop_k_veg': 1.9342815605128094, 'gdp_gamma': 0.03878906855633664, 'fuel_k': 0.052881687639207295, 'fuel_half': 5.501286259001561}. Best is trial 0 with value: -0.6086958580586874.
[I 2026-07-24 02:06:34,522] Trial 69 finished with value: 0.4769486371351779 and parameters: {'k1': 0.008083131221879038, 'D_low': 8.607305317455427, 'k2': 0.08067938036524658, 'D_high': 48017.3371283759, 'fire_exp': 1.6627388103720502, 'P_half': 9.846183942199575, 'pre_dampen_half': 180.74386228938437, 'gpp_af': 0.0013259446724256116, 'gpp_b': 5.4742532911579074e-05, 'gpp_d': 296.72003279592445, 'ign_k': 0.0011923684739445625, 'ign_c': 344.49186649516247, 'trop_agb_crit': 6.474116581519161, 'trop_k_veg': 1.7397830424037168, 'gdp_gamma': 1.3015800009717515, 'fuel_k': 0.012861605558590932, 'fuel_half': 1.596770475851204}. Best is trial 0 with value: -0.6086958580586874.
[I 2026-07-24 02:06:34,945] Trial 70 finished with value: -0.6074630531750703 and parameters: {'k1': 0.0009323529126022885, 'D_low': 30.695783142931717, 'k2': 0.002470176159955859, 'D_high': 815525.4269398226, 'fire_exp': 1.7565394190148396, 'P_half': 2.5380026212773057, 'pre_dampen_half': 51.044409087431, 'gpp_af': 0.006096507599793495, 'gpp_b': 0.0004487059110626912, 'gpp_d': 2.360032868174879, 'ign_k': 0.01246465216883633, 'ign_c': 91.68088197411083, 'trop_agb_crit': 13.853216639361372, 'trop_k_veg': 1.8539167228684192, 'gdp_gamma': 1.3899878322411459, 'fuel_k': 0.22672772017832285, 'fuel_half': 34.2669309598419}. Best is trial 0 with value: -0.6086958580586874.
[I 2026-07-24 02:06:35,366] Trial 71 finished with value: 0.6037883286545482 and parameters: {'k1': 0.0012408837603184336, 'D_low': 279.26803510609165, 'k2': 0.0017128231756788148, 'D_high': 1783316.0214836672, 'fire_exp': 1.3964975042526164, 'P_half': 1.356421077487104, 'pre_dampen_half': 706.1207264403317, 'gpp_af': 0.007285390832730789, 'gpp_b': 0.00016148608149561778, 'gpp_d': 4.563219245938081, 'ign_k': 0.04012865559997783, 'ign_c': 148.23574620669513, 'trop_agb_crit': 8.552561886781772, 'trop_k_veg': 3.2620433235727972, 'gdp_gamma': 1.730288415545569, 'fuel_k': 0.37636700775544496, 'fuel_half': 41.930378491161626}. Best is trial 0 with value: -0.6086958580586874.
[I 2026-07-24 02:06:35,790] Trial 72 finished with value: 0.6130595095136049 and parameters: {'k1': 0.0019314681635551516, 'D_low': 2.3743206205283824, 'k2': 0.004978289192659086, 'D_high': 14923.206783994749, 'fire_exp': 2.4872325461956533, 'P_half': 17.495194175065954, 'pre_dampen_half': 93.34842468618749, 'gpp_af': 0.031412097216305786, 'gpp_b': 0.03983992323874016, 'gpp_d': 0.45997116247074293, 'ign_k': 0.18680838462236896, 'ign_c': 43.35205266491774, 'trop_agb_crit': 13.501908321589866, 'trop_k_veg': 2.51667452794928, 'gdp_gamma': 0.4640112017562392, 'fuel_k': 0.07098491706692606, 'fuel_half': 9.524043057335703}. Best is trial 0 with value: -0.6086958580586874.
[I 2026-07-24 02:06:36,213] Trial 73 finished with value: 0.5697591540949158 and parameters: {'k1': 0.0031942433460937984, 'D_low': 2.4005735865817064, 'k2': 0.021096976238426324, 'D_high': 1448384.1280553115, 'fire_exp': 2.294341818948764, 'P_half': 119.577864989059, 'pre_dampen_half': 1.7998967801441335, 'gpp_af': 0.01515138349342003, 'gpp_b': 5.1505701778262064e-05, 'gpp_d': 913.1387424075398, 'ign_k': 0.0025830824343742297, 'ign_c': 237.89551111514007, 'trop_agb_crit': 3.4418015210503734, 'trop_k_veg': 2.5922282645737735, 'gdp_gamma': 0.23515062805471282, 'fuel_k': 0.01872740487589809, 'fuel_half': 7.019349830284188}. Best is trial 0 with value: -0.6086958580586874.
[I 2026-07-24 02:06:36,644] Trial 74 finished with value: 0.6445374145881376 and parameters: {'k1': 0.0031364689860765276, 'D_low': 4.798415823294339, 'k2': 0.022771472930856004, 'D_high': 78829.92749271904, 'fire_exp': 7.010950755536092, 'P_half': 31.813500484803363, 'pre_dampen_half': 316.29424915081444, 'gpp_af': 0.3311427126931474, 'gpp_b': 2.1441962179041815e-05, 'gpp_d': 2.500761815706015, 'ign_k': 0.23836041182871226, 'ign_c': 179.14811353594874, 'trop_agb_crit': 9.024402967293353, 'trop_k_veg': 1.4029341578688337, 'gdp_gamma': 0.0046487864090844775, 'fuel_k': 1.7772968225895367, 'fuel_half': 0.41170019197847046}. Best is trial 0 with value: -0.6086958580586874.
[I 2026-07-24 02:06:37,077] Trial 75 finished with value: -0.5691248985376902 and parameters: {'k1': 4.1450745540298725e-05, 'D_low': 17.742486884867173, 'k2': 0.003662565949912752, 'D_high': 268799.8339222349, 'fire_exp': 4.455897763103074, 'P_half': 63.050763667879984, 'pre_dampen_half': 70.32316908088819, 'gpp_af': 0.12746210968749344, 'gpp_b': 1.6271482687255153e-05, 'gpp_d': 10.949922514247733, 'ign_k': 0.08789765810137855, 'ign_c': 5.689374053898567, 'trop_agb_crit': 13.88433033107034, 'trop_k_veg': 1.239739056059549, 'gdp_gamma': 0.0019272111911692378, 'fuel_k': 3.2049607368240345, 'fuel_half': 0.1028867475069803}. Best is trial 0 with value: -0.6086958580586874.
[I 2026-07-24 02:06:37,499] Trial 76 finished with value: 0.6238940078271115 and parameters: {'k1': 0.0035963597322272523, 'D_low': 807.8168610000525, 'k2': 0.03332016841242574, 'D_high': 418.1285557820476, 'fire_exp': 1.3160764153921685, 'P_half': 52.62523098374576, 'pre_dampen_half': 192.00441329849536, 'gpp_af': 0.0053638031100766235, 'gpp_b': 0.00014425328750431083, 'gpp_d': 563.393378402392, 'ign_k': 0.018675644564901044, 'ign_c': 87.52088730345481, 'trop_agb_crit': 6.513473906951171, 'trop_k_veg': 1.6221099403024632, 'gdp_gamma': 0.014152659417031923, 'fuel_k': 0.016244981307546223, 'fuel_half': 19.36181923330927}. Best is trial 0 with value: -0.6086958580586874.
[I 2026-07-24 02:06:37,923] Trial 77 finished with value: 0.543600468335295 and parameters: {'k1': 0.0004857187654091683, 'D_low': 263.56054212952904, 'k2': 0.0443212548104679, 'D_high': 15353.291491509746, 'fire_exp': 1.8227762693393497, 'P_half': 2.348187291417686, 'pre_dampen_half': 48.21173137417392, 'gpp_af': 0.003981897593626681, 'gpp_b': 0.0013499956307724199, 'gpp_d': 48.63359474823782, 'ign_k': 0.012776046227881126, 'ign_c': 15.17905962999183, 'trop_agb_crit': 15.076729770202292, 'trop_k_veg': 1.8902942528789384, 'gdp_gamma': 0.16972507132282788, 'fuel_k': 0.2718593285000964, 'fuel_half': 2.8767977508952685}. Best is trial 0 with value: -0.6086958580586874.
[I 2026-07-24 02:06:38,347] Trial 78 finished with value: 0.46405807016629486 and parameters: {'k1': 0.0024714148809375893, 'D_low': 1.3380340287989316, 'k2': 0.0003948659546237683, 'D_high': 536552.1652532796, 'fire_exp': 2.3249238606512272, 'P_half': 2.2663708948293095, 'pre_dampen_half': 213.29188720246094, 'gpp_af': 0.017640660743957974, 'gpp_b': 5.429158575616667e-05, 'gpp_d': 18.13269420658789, 'ign_k': 0.008217716004308255, 'ign_c': 36.30518352551609, 'trop_agb_crit': 16.069634718774537, 'trop_k_veg': 1.7726934902929394, 'gdp_gamma': 1.3610689256456383, 'fuel_k': 0.20634928304222014, 'fuel_half': 7.7291716656192735}. Best is trial 0 with value: -0.6086958580586874.
[I 2026-07-24 02:06:38,771] Trial 79 finished with value: 0.5909833526506308 and parameters: {'k1': 0.0028590029545378435, 'D_low': 4524.454559605681, 'k2': 0.0029356700574028624, 'D_high': 34117.95980813869, 'fire_exp': 2.615294074526328, 'P_half': 1149.899790026688, 'pre_dampen_half': 5.437355823876327, 'gpp_af': 0.005205339742812212, 'gpp_b': 6.027367759273703e-05, 'gpp_d': 54.45763209755378, 'ign_k': 0.0013872725778801933, 'ign_c': 126.54960956315742, 'trop_agb_crit': 3.9769230631501253, 'trop_k_veg': 0.700227833218707, 'gdp_gamma': 1.5364751547474895, 'fuel_k': 0.10490902326261718, 'fuel_half': 1.1037478013625224}. Best is trial 0 with value: -0.6086958580586874.
[I 2026-07-24 02:06:39,223] Trial 80 finished with value: 0.5914183943951594 and parameters: {'k1': 0.0009251182509580759, 'D_low': 5.425894811415561, 'k2': 0.0006487539082307566, 'D_high': 44932.22788065233, 'fire_exp': 3.223089879801667, 'P_half': 117.2510729288207, 'pre_dampen_half': 829.078944608322, 'gpp_af': 0.3261361254921295, 'gpp_b': 7.993040215167194e-05, 'gpp_d': 48.09753372355767, 'ign_k': 0.6034177436517537, 'ign_c': 1.0082886909440893, 'trop_agb_crit': 5.671052543403265, 'trop_k_veg': 2.770994812848094, 'gdp_gamma': 0.001312643851874472, 'fuel_k': 2.7417687127964574, 'fuel_half': 0.2219207169317167}. Best is trial 0 with value: -0.6086958580586874.
[I 2026-07-24 02:06:39,651] Trial 81 finished with value: -0.5110849851589272 and parameters: {'k1': 0.0015539038931085348, 'D_low': 45.60251464209215, 'k2': 0.0010742885197272671, 'D_high': 6716420.156371823, 'fire_exp': 1.3276672350611873, 'P_half': 3.3256329055311595, 'pre_dampen_half': 5.626194542099216, 'gpp_af': 0.07522169138075413, 'gpp_b': 5.669621813373875e-05, 'gpp_d': 0.9891932177814445, 'ign_k': 0.004776410244989304, 'ign_c': 154.19538103424193, 'trop_agb_crit': 17.266345575647133, 'trop_k_veg': 1.8050348717082705, 'gdp_gamma': 0.12740699456658086, 'fuel_k': 0.11320743643392257, 'fuel_half': 98.48480575972545}. Best is trial 0 with value: -0.6086958580586874.
[I 2026-07-24 02:06:40,075] Trial 82 finished with value: 0.5720109887969382 and parameters: {'k1': 0.0005069575705552758, 'D_low': 149.69878441684014, 'k2': 0.00048002114816380947, 'D_high': 2679590.607915699, 'fire_exp': 1.113672214679139, 'P_half': 1.719374242760683, 'pre_dampen_half': 1.3530998331289408, 'gpp_af': 0.07612303529883149, 'gpp_b': 2.2639311956387945e-05, 'gpp_d': 0.3523342009352257, 'ign_k': 0.008159305434772932, 'ign_c': 372.51451569252407, 'trop_agb_crit': 27.81989258215271, 'trop_k_veg': 2.884496814190821, 'gdp_gamma': 0.28852893917401284, 'fuel_k': 0.18883717110591625, 'fuel_half': 29.963224533646834}. Best is trial 0 with value: -0.6086958580586874.
[I 2026-07-24 02:06:40,498] Trial 83 finished with value: 0.6120042048046898 and parameters: {'k1': 0.017588218189633797, 'D_low': 475.29566835785414, 'k2': 0.02015328507634519, 'D_high': 1635735.5307576787, 'fire_exp': 2.5129303483215, 'P_half': 2.666894260172498, 'pre_dampen_half': 4.544375237200995, 'gpp_af': 0.347269613469485, 'gpp_b': 0.0023958486020698587, 'gpp_d': 0.04119267190270476, 'ign_k': 0.02340376989636163, 'ign_c': 299.5123091466847, 'trop_agb_crit': 20.078548333827072, 'trop_k_veg': 1.6867344932303192, 'gdp_gamma': 0.08233937470779117, 'fuel_k': 0.08545791824558722, 'fuel_half': 92.9364554747297}. Best is trial 0 with value: -0.6086958580586874.
[I 2026-07-24 02:06:40,926] Trial 84 finished with value: -0.5795289272142572 and parameters: {'k1': 0.0005775183583620668, 'D_low': 21.854100516916073, 'k2': 0.02324204268048141, 'D_high': 941421.1449821119, 'fire_exp': 2.312985115776353, 'P_half': 4.693194531813693, 'pre_dampen_half': 710.8046410594469, 'gpp_af': 0.005969350105833011, 'gpp_b': 0.0007512521695382542, 'gpp_d': 45.365289311867336, 'ign_k': 0.0020327671337321642, 'ign_c': 5.256811637179782, 'trop_agb_crit': 6.525418848838072, 'trop_k_veg': 0.6952485939797147, 'gdp_gamma': 0.8859913980350905, 'fuel_k': 0.0816719306936826, 'fuel_half': 8.997815573510449}. Best is trial 0 with value: -0.6086958580586874.
[I 2026-07-24 02:06:41,348] Trial 85 finished with value: -0.5684048936183324 and parameters: {'k1': 0.00040442561864201227, 'D_low': 1.629724366173437, 'k2': 0.027302155922131643, 'D_high': 8072910.124699803, 'fire_exp': 1.9085700367973977, 'P_half': 20.28837886567769, 'pre_dampen_half': 745.4504788501625, 'gpp_af': 0.011187220165989477, 'gpp_b': 0.0006719947877214477, 'gpp_d': 61.333472063236435, 'ign_k': 0.003734463367543418, 'ign_c': 4.074142841236075, 'trop_agb_crit': 6.130091042903822, 'trop_k_veg': 0.5786173437184244, 'gdp_gamma': 0.3879387031820505, 'fuel_k': 0.06911875572310137, 'fuel_half': 88.84385317266643}. Best is trial 0 with value: -0.6086958580586874.
[I 2026-07-24 02:06:41,774] Trial 86 finished with value: -0.5786472046155537 and parameters: {'k1': 6.497380616552854e-05, 'D_low': 5.97346884703969, 'k2': 0.003167283001885381, 'D_high': 197187.4412465241, 'fire_exp': 1.8600835678738712, 'P_half': 154.09131682931832, 'pre_dampen_half': 549.1871701852054, 'gpp_af': 0.04802068920544577, 'gpp_b': 0.0003447750602377375, 'gpp_d': 0.7690567485252903, 'ign_k': 0.011622008415591568, 'ign_c': 0.48957410518509836, 'trop_agb_crit': 7.064706988046724, 'trop_k_veg': 0.5841854534120681, 'gdp_gamma': 0.4799884898941943, 'fuel_k': 0.12224045403079298, 'fuel_half': 42.319743539020266}. Best is trial 0 with value: -0.6086958580586874.
[I 2026-07-24 02:06:42,197] Trial 87 finished with value: -0.4943509765403202 and parameters: {'k1': 4.0302944236206864e-05, 'D_low': 1.2717718574178192, 'k2': 0.005625277565181627, 'D_high': 8855416.026159078, 'fire_exp': 2.1582898795268033, 'P_half': 20.235132663221105, 'pre_dampen_half': 102.20418857834674, 'gpp_af': 0.015116018776365711, 'gpp_b': 1.1462911979909367e-05, 'gpp_d': 0.07768092895654792, 'ign_k': 0.023369340397476464, 'ign_c': 0.6571128114171488, 'trop_agb_crit': 5.714164469236107, 'trop_k_veg': 0.5631036636121451, 'gdp_gamma': 0.07982082758540147, 'fuel_k': 0.10383827665052271, 'fuel_half': 17.43086735094373}. Best is trial 0 with value: -0.6086958580586874.
[I 2026-07-24 02:06:42,647] Trial 88 finished with value: 0.5639056694167544 and parameters: {'k1': 0.00026071493618930696, 'D_low': 8.652685373211778, 'k2': 0.002873224790369717, 'D_high': 5227.4543010047455, 'fire_exp': 2.1643104579179457, 'P_half': 247.26011465007468, 'pre_dampen_half': 505.42070677985015, 'gpp_af': 0.0032167587452150335, 'gpp_b': 0.0012909629445006072, 'gpp_d': 0.26300262797073326, 'ign_k': 0.0446648273711985, 'ign_c': 0.18670689704464863, 'trop_agb_crit': 4.804305139803061, 'trop_k_veg': 0.7361996861414853, 'gdp_gamma': 0.6575403124165572, 'fuel_k': 1.4758579063137636, 'fuel_half': 22.695219426040804}. Best is trial 0 with value: -0.6086958580586874.
[I 2026-07-24 02:06:43,079] Trial 89 finished with value: 0.6001998141263489 and parameters: {'k1': 1.608667493904566e-05, 'D_low': 348.81334886443125, 'k2': 0.006329673252247783, 'D_high': 114966.35427212236, 'fire_exp': 1.5570205139448148, 'P_half': 194.94680650886153, 'pre_dampen_half': 701.3975733050869, 'gpp_af': 0.7463463516326422, 'gpp_b': 0.0033032348002744035, 'gpp_d': 0.0482368949250549, 'ign_k': 0.054952445159790975, 'ign_c': 0.9040585948495267, 'trop_agb_crit': 4.053958352350297, 'trop_k_veg': 0.5615838209792333, 'gdp_gamma': 0.35741633739449313, 'fuel_k': 0.07385073844355292, 'fuel_half': 13.374752641744202}. Best is trial 0 with value: -0.6086958580586874.
[I 2026-07-24 02:06:43,505] Trial 90 finished with value: 0.6183543980303216 and parameters: {'k1': 0.0005992016777142276, 'D_low': 3.2936014187043408, 'k2': 0.014922260411931943, 'D_high': 6712624.706751296, 'fire_exp': 2.1711578796234443, 'P_half': 290.91422688924405, 'pre_dampen_half': 148.77796337929493, 'gpp_af': 0.0020439443717335786, 'gpp_b': 0.005144348852999788, 'gpp_d': 17.059025977780962, 'ign_k': 0.06316112595657547, 'ign_c': 3.34604000413731, 'trop_agb_crit': 2.9634494263239763, 'trop_k_veg': 0.5989784855735971, 'gdp_gamma': 0.20590925404230553, 'fuel_k': 0.06766469159741177, 'fuel_half': 26.702581734151703}. Best is trial 0 with value: -0.6086958580586874.
[I 2026-07-24 02:06:43,932] Trial 91 finished with value: 0.6743591485079148 and parameters: {'k1': 0.003315333980051577, 'D_low': 6.219715981138639, 'k2': 0.0050181308885764745, 'D_high': 3554564.2712652874, 'fire_exp': 1.320699127497379, 'P_half': 5.681830670181743, 'pre_dampen_half': 806.4432417771134, 'gpp_af': 0.014399139527159538, 'gpp_b': 8.119270211253968e-05, 'gpp_d': 103.56265866111205, 'ign_k': 0.051421232032204583, 'ign_c': 0.1514070277006638, 'trop_agb_crit': 14.014012028038806, 'trop_k_veg': 0.7411536880553442, 'gdp_gamma': 0.7914811742292164, 'fuel_k': 0.08943412869970678, 'fuel_half': 58.806630275826834}. Best is trial 0 with value: -0.6086958580586874.
[I 2026-07-24 02:06:44,398] Trial 92 finished with value: 0.5883822835176322 and parameters: {'k1': 0.0003672419006771866, 'D_low': 68.829628968911, 'k2': 0.006636323098398803, 'D_high': 200344.85182099565, 'fire_exp': 3.1129678658512723, 'P_half': 16.648063629455716, 'pre_dampen_half': 1.9470878440098052, 'gpp_af': 0.0011078230739806948, 'gpp_b': 0.0003153278266674015, 'gpp_d': 0.38070529870511643, 'ign_k': 0.006973588363157883, 'ign_c': 231.56735226557268, 'trop_agb_crit': 10.74481487913311, 'trop_k_veg': 2.1173396219769693, 'gdp_gamma': 1.0088261208019145, 'fuel_k': 0.22000285738723943, 'fuel_half': 12.093676137033636}. Best is trial 0 with value: -0.6086958580586874.
[I 2026-07-24 02:06:44,833] Trial 93 finished with value: 0.5542172494897171 and parameters: {'k1': 0.0004999756000318615, 'D_low': 117.66844623440649, 'k2': 0.0005729798343411548, 'D_high': 1403095.1453411258, 'fire_exp': 1.3669602401599437, 'P_half': 13.126765306683911, 'pre_dampen_half': 5.0450846563814045, 'gpp_af': 0.27045125139771026, 'gpp_b': 0.0006346440376132556, 'gpp_d': 1.328887241848798, 'ign_k': 0.005237196390137349, 'ign_c': 228.94298112590468, 'trop_agb_crit': 12.73761334521661, 'trop_k_veg': 1.2755274584535956, 'gdp_gamma': 0.002533759468568538, 'fuel_k': 0.09860619692634424, 'fuel_half': 68.50397316091782}. Best is trial 0 with value: -0.6086958580586874.
[I 2026-07-24 02:06:45,257] Trial 94 finished with value: 0.5177175192918408 and parameters: {'k1': 0.006750530493513544, 'D_low': 5.859142539843602, 'k2': 0.03058035975024571, 'D_high': 7072766.7865191, 'fire_exp': 2.3209360747037966, 'P_half': 2.1897095230950927, 'pre_dampen_half': 212.67262109804068, 'gpp_af': 0.0017737393287733663, 'gpp_b': 0.0001609812676671359, 'gpp_d': 160.78351850693232, 'ign_k': 0.0011900834409521775, 'ign_c': 1.1253057576754806, 'trop_agb_crit': 3.4041726862169144, 'trop_k_veg': 0.5518310797556985, 'gdp_gamma': 0.26929609002780874, 'fuel_k': 0.012165973218408607, 'fuel_half': 40.994784417984874}. Best is trial 0 with value: -0.6086958580586874.
[I 2026-07-24 02:06:45,701] Trial 95 finished with value: 0.48747517251401695 and parameters: {'k1': 3.391815634221797e-05, 'D_low': 27.593488331364917, 'k2': 0.0005661292775220137, 'D_high': 1134113.7216526382, 'fire_exp': 5.607118286454198, 'P_half': 76.5489804975196, 'pre_dampen_half': 41.8806077506965, 'gpp_af': 0.08825061041030542, 'gpp_b': 9.29233787985128e-05, 'gpp_d': 17.138246498225545, 'ign_k': 0.26396161659063894, 'ign_c': 2.4521317113290912, 'trop_agb_crit': 6.480453951101609, 'trop_k_veg': 1.456347577813337, 'gdp_gamma': 0.008975985591662771, 'fuel_k': 1.0340662201555966, 'fuel_half': 0.15044199288517177}. Best is trial 0 with value: -0.6086958580586874.
