[I 2026-07-22 22:04:29,987] Trial 145 finished with values: [10.503982438177331, 10.503982438177331] and parameters: {'k1': 0.0023179376139410863, 'D_low': 247.75146043208053, 'k2': 0.05583672722754823, 'D_high': 1026.0852623190942, 'fire_exp': 2.0868320990652838, 'P_half': 1.0435856341129002, 'pre_dampen_half': 868.1843415114095, 'gpp_af': 0.09791370130598968, 'gpp_b': 1.1983032564333187e-05, 'gpp_d': 0.9576572359933986, 'ign_k': 0.024287565087611766, 'ign_c': 16.626592254031866, 'trop_agb_crit': 12.285102065067687, 'trop_k_veg': 1.7518409078083697, 'fuel_k': 0.017262921159278164, 'fuel_half': 97.86395331218435}.
[I 2026-07-22 22:04:30,426] Trial 146 finished with values: [10.760066287976608, 10.760066287976608] and parameters: {'k1': 0.02806535913298299, 'D_low': 864.0717009254879, 'k2': 0.0001971137615017176, 'D_high': 1693415.5410667954, 'fire_exp': 1.6108357183810933, 'P_half': 1.4378290221680121, 'pre_dampen_half': 3.9885726374014694, 'gpp_af': 18.235072804314193, 'gpp_b': 0.00012118589392553819, 'gpp_d': 61.82902222163609, 'ign_k': 0.018707420137660268, 'ign_c': 238.8897930076982, 'trop_agb_crit': 1.5774541406529003, 'trop_k_veg': 3.4439936249445045, 'fuel_k': 1.8731335591844647, 'fuel_half': 0.253071961271088}.
[I 2026-07-22 22:04:30,855] Trial 147 finished with values: [10.760215362088958, 10.760215362088958] and parameters: {'k1': 0.00016480446427978953, 'D_low': 1407.7923139972395, 'k2': 3.5281132746849994e-05, 'D_high': 558.9524205217922, 'fire_exp': 2.2271826002669806, 'P_half': 3.6138942712165267, 'pre_dampen_half': 0.2888838362365318, 'gpp_af': 0.06789053271698488, 'gpp_b': 0.0054502936945582505, 'gpp_d': 84.31013932082456, 'ign_k': 0.006290644294586149, 'ign_c': 11.40086370112731, 'trop_agb_crit': 5.841230872704112, 'trop_k_veg': 0.5695379443977426, 'fuel_k': 0.48736180483849406, 'fuel_half': 16.371966573507315}.
[I 2026-07-22 22:04:31,294] Trial 148 finished with values: [10.769230768877819, 10.769230768877819] and parameters: {'k1': 0.028340904295147747, 'D_low': 6220.638781359816, 'k2': 0.0034207303670092245, 'D_high': 24.063018320720932, 'fire_exp': 1.3296958331046895, 'P_half': 19.986340778528874, 'pre_dampen_half': 0.4016986062226068, 'gpp_af': 1.540945776288155, 'gpp_b': 2.1051180519608694, 'gpp_d': 0.058813839452486937, 'ign_k': 0.003008686821445843, 'ign_c': 71.28188058401358, 'trop_agb_crit': 16.035571745273074, 'trop_k_veg': 2.3703642788018935, 'fuel_k': 1.3863198285285168, 'fuel_half': 3.0296104428212485}.
[I 2026-07-22 22:04:31,736] Trial 149 finished with values: [10.74826846562488, 10.74826846562488] and parameters: {'k1': 0.02806535913298299, 'D_low': 864.0717009254879, 'k2': 0.0001971137615017176, 'D_high': 8433503.858791472, 'fire_exp': 2.3750840427797026, 'P_half': 1.4378290221680121, 'pre_dampen_half': 0.13249602803264168, 'gpp_af': 29.925002022877816, 'gpp_b': 0.011750724729953272, 'gpp_d': 6.91394869865762, 'ign_k': 0.0026834162496848666, 'ign_c': 238.8897930076982, 'trop_agb_crit': 2.1409462099712546, 'trop_k_veg': 1.140286245977296, 'fuel_k': 0.08612665817296865, 'fuel_half': 0.253071961271088}.
[I 2026-07-22 22:04:32,176] Trial 150 finished with values: [10.764967676974383, 10.764967676974383] and parameters: {'k1': 0.00013649087666416944, 'D_low': 150.83210025074274, 'k2': 0.0014057163351022498, 'D_high': 2283.4228779494524, 'fire_exp': 1.7216882787979422, 'P_half': 8832.039346746853, 'pre_dampen_half': 10.687450020671585, 'gpp_af': 0.3259758793317361, 'gpp_b': 0.02502809770894037, 'gpp_d': 2.4002253099641138, 'ign_k': 0.009634538433595985, 'ign_c': 0.4392638796750216, 'trop_agb_crit': 1.886175574962432, 'trop_k_veg': 1.1021959069423406, 'fuel_k': 0.030315034760496764, 'fuel_half': 49.011305842597835}.
[I 2026-07-22 22:04:32,611] Trial 151 finished with values: [10.59705536470877, 10.59705536470877] and parameters: {'k1': 0.00016480446427978953, 'D_low': 1407.7923139972395, 'k2': 0.0005342937261279771, 'D_high': 30235.506416287044, 'fire_exp': 1.751784769842796, 'P_half': 3.6138942712165267, 'pre_dampen_half': 0.2888838362365318, 'gpp_af': 0.06789053271698488, 'gpp_b': 0.0054502936945582505, 'gpp_d': 84.31013932082456, 'ign_k': 0.006290644294586149, 'ign_c': 11.40086370112731, 'trop_agb_crit': 7.500118950416987, 'trop_k_veg': 0.5687244174086067, 'fuel_k': 0.48736180483849406, 'fuel_half': 0.32476735706274484}.
[I 2026-07-22 22:04:33,035] Trial 152 finished with values: [-0.5939601357876609, 0.10608721831981005] and parameters: {'k1': 0.0004688858519834985, 'D_low': 247.75146043208053, 'k2': 1.6559474674046002e-05, 'D_high': 35.39329732028365, 'fire_exp': 1.3219590610242518, 'P_half': 48.464976792190825, 'pre_dampen_half': 26.373339933815235, 'gpp_af': 0.09791370130598968, 'gpp_b': 0.016763844265536048, 'gpp_d': 2.9914693021302137, 'ign_k': 0.024287565087611766, 'ign_c': 2.4423775964038934, 'trop_agb_crit': 12.285102065067687, 'trop_k_veg': 3.1385303007850824, 'fuel_k': 0.04207132303652083, 'fuel_half': 3.632486956676605}.
[I 2026-07-22 22:04:33,465] Trial 153 finished with values: [10.769207612534627, 10.769207612534627] and parameters: {'k1': 0.00040091494283268605, 'D_low': 2279.512551412468, 'k2': 4.17792831163654e-05, 'D_high': 123.47208531015796, 'fire_exp': 2.202616952702989, 'P_half': 6087.820637369983, 'pre_dampen_half': 0.7354388726789677, 'gpp_af': 0.022579970267080786, 'gpp_b': 0.07311344697279915, 'gpp_d': 1.1057854100925222, 'ign_k': 0.0012634132366522116, 'ign_c': 0.42131836432539566, 'trop_agb_crit': 11.41767816030627, 'trop_k_veg': 3.107373729897127, 'fuel_k': 0.011892598727815663, 'fuel_half': 0.4633578081317683}.
[I 2026-07-22 22:04:33,902] Trial 154 finished with values: [10.401385924566135, 10.401385924566135] and parameters: {'k1': 2.27847364377152e-05, 'D_low': 140.92119204434155, 'k2': 0.001566517163094646, 'D_high': 107013.64911724928, 'fire_exp': 1.0862503061991866, 'P_half': 1228.2126524008484, 'pre_dampen_half': 0.7354388726789677, 'gpp_af': 0.12243451886824051, 'gpp_b': 1.7565109007473816e-05, 'gpp_d': 9.00460602264307, 'ign_k': 0.0012634132366522116, 'ign_c': 0.11650681118986138, 'trop_agb_crit': 9.362115196011851, 'trop_k_veg': 3.107373729897127, 'fuel_k': 1.2528108647479208, 'fuel_half': 42.892621277245716}.
[I 2026-07-22 22:04:34,335] Trial 155 finished with values: [-0.6719328893092518, 0.06335926531729585] and parameters: {'k1': 6.693990428538841e-05, 'D_low': 1.1640589436768796, 'k2': 3.5281132746849994e-05, 'D_high': 2512533.442757688, 'fire_exp': 2.264545306066772, 'P_half': 245.27450543222417, 'pre_dampen_half': 94.20121790275627, 'gpp_af': 0.3259758793317361, 'gpp_b': 0.002022832315155261, 'gpp_d': 25.017068255320467, 'ign_k': 0.04732407125181112, 'ign_c': 2.0013420622879967, 'trop_agb_crit': 2.598572417333811, 'trop_k_veg': 0.5695379443977426, 'fuel_k': 0.028970790717327534, 'fuel_half': 16.371966573507315}.
[I 2026-07-22 22:04:34,787] Trial 156 finished with values: [10.716716474016502, 10.716716474016502] and parameters: {'k1': 6.693990428538841e-05, 'D_low': 1.1640589436768796, 'k2': 3.5281132746849994e-05, 'D_high': 392.28369335318325, 'fire_exp': 2.2271826002669806, 'P_half': 245.27450543222417, 'pre_dampen_half': 10.059683154936915, 'gpp_af': 2.114381609520638, 'gpp_b': 0.00011277885258222645, 'gpp_d': 25.017068255320467, 'ign_k': 0.04732407125181112, 'ign_c': 0.3296550135838091, 'trop_agb_crit': 5.841230872704112, 'trop_k_veg': 0.5695379443977426, 'fuel_k': 0.028970790717327534, 'fuel_half': 16.371966573507315}.
[I 2026-07-22 22:04:35,238] Trial 157 finished with values: [10.77372303637258, 10.77372303637258] and parameters: {'k1': 6.693990428538841e-05, 'D_low': 1.1640589436768796, 'k2': 0.035891558714508394, 'D_high': 2512533.442757688, 'fire_exp': 1.2120759485719061, 'P_half': 245.27450543222417, 'pre_dampen_half': 10.059683154936915, 'gpp_af': 2.114381609520638, 'gpp_b': 1.6569065206637924e-05, 'gpp_d': 2.2926339830965645, 'ign_k': 0.18170401889219115, 'ign_c': 0.1831616544393274, 'trop_agb_crit': 13.98132484257899, 'trop_k_veg': 0.5695379443977426, 'fuel_k': 0.28630931797361614, 'fuel_half': 2.1003334103218068}.
[I 2026-07-22 22:04:35,665] Trial 158 finished with values: [10.728957859466387, 10.728957859466387] and parameters: {'k1': 0.002971796631657383, 'D_low': 118.5778850288792, 'k2': 0.0007081721844034209, 'D_high': 305369.47947832284, 'fire_exp': 1.0341837609578937, 'P_half': 10.226988730324324, 'pre_dampen_half': 0.09150505661171647, 'gpp_af': 0.0016008221370480654, 'gpp_b': 0.011750724729953272, 'gpp_d': 0.24714492403026278, 'ign_k': 0.005105542986365654, 'ign_c': 6.1609752947414345, 'trop_agb_crit': 1.5072795582679794, 'trop_k_veg': 0.9793402026070162, 'fuel_k': 0.05597555634027867, 'fuel_half': 1.3547291924247347}.
[I 2026-07-22 22:04:36,097] Trial 159 finished with values: [10.479354850062602, 10.479354850062602] and parameters: {'k1': 0.052334804885400876, 'D_low': 140.92119204434155, 'k2': 0.0034167643418329683, 'D_high': 1693415.5410667954, 'fire_exp': 1.2386878293405026, 'P_half': 4221.021267871046, 'pre_dampen_half': 3.9885726374014694, 'gpp_af': 0.49740621749684094, 'gpp_b': 0.6992636148959314, 'gpp_d': 9.00460602264307, 'ign_k': 0.5131654955148324, 'ign_c': 4.1108484350212295, 'trop_agb_crit': 5.707205898008383, 'trop_k_veg': 0.5415365826598848, 'fuel_k': 4.517981047227404, 'fuel_half': 7.259866824755671}.
[I 2026-07-22 22:04:36,531] Trial 160 finished with values: [10.62106177148687, 10.62106177148687] and parameters: {'k1': 0.0004688858519834985, 'D_low': 247.75146043208053, 'k2': 2.8459703343413838e-05, 'D_high': 1488557.802851245, 'fire_exp': 1.2386878293405026, 'P_half': 2193.8654178115053, 'pre_dampen_half': 3.9885726374014694, 'gpp_af': 18.235072804314193, 'gpp_b': 0.016763844265536048, 'gpp_d': 2.9914693021302137, 'ign_k': 0.5131654955148324, 'ign_c': 2.4423775964038934, 'trop_agb_crit': 12.285102065067687, 'trop_k_veg': 3.1385303007850824, 'fuel_k': 0.04207132303652083, 'fuel_half': 7.259866824755671}.
[I 2026-07-22 22:04:36,962] Trial 161 finished with values: [10.72631234450484, 10.72631234450484] and parameters: {'k1': 3.6595533391425955e-05, 'D_low': 15056.799083945913, 'k2': 0.017300724838654365, 'D_high': 1094.5857315547435, 'fire_exp': 1.1159844513896044, 'P_half': 126.69536563782302, 'pre_dampen_half': 0.4016986062226068, 'gpp_af': 0.02298987619936072, 'gpp_b': 1.2892705405728861e-05, 'gpp_d': 9.00460602264307, 'ign_k': 0.00515399351160314, 'ign_c': 41.779950639915185, 'trop_agb_crit': 1.6580318731537693, 'trop_k_veg': 3.9497405715830105, 'fuel_k': 0.017262921159278164, 'fuel_half': 0.3335026483569958}.
[I 2026-07-22 22:04:37,421] Trial 162 finished with values: [10.74121517125379, 10.74121517125379] and parameters: {'k1': 3.6595533391425955e-05, 'D_low': 15056.799083945913, 'k2': 0.000985079068311927, 'D_high': 1094.5857315547435, 'fire_exp': 2.4645237762603327, 'P_half': 126.69536563782302, 'pre_dampen_half': 868.1843415114095, 'gpp_af': 1.4498445474033743, 'gpp_b': 1.1983032564333187e-05, 'gpp_d': 19.948958651882567, 'ign_k': 0.00515399351160314, 'ign_c': 20.23326185206641, 'trop_agb_crit': 6.058402553512053, 'trop_k_veg': 1.578436797869987, 'fuel_k': 0.017262921159278164, 'fuel_half': 30.847886273764168}.
[I 2026-07-22 22:04:37,869] Trial 163 finished with values: [11.0096358104897, 11.0096358104897] and parameters: {'k1': 0.0015974581244256687, 'D_low': 3.325987092445845, 'k2': 0.0038341488164556755, 'D_high': 26587.030147082678, 'fire_exp': 1.3858146055494713, 'P_half': 1.0435856341129002, 'pre_dampen_half': 10.687450020671585, 'gpp_af': 0.09791370130598968, 'gpp_b': 4.0803257466853524e-05, 'gpp_d': 397.44595568350155, 'ign_k': 0.024287565087611766, 'ign_c': 2.4423775964038934, 'trop_agb_crit': 1.886175574962432, 'trop_k_veg': 1.7518409078083697, 'fuel_k': 0.030315034760496764, 'fuel_half': 2.276766792290519}.
[I 2026-07-22 22:04:38,322] Trial 164 finished with values: [10.639796482774393, 10.639796482774393] and parameters: {'k1': 0.011966626407443505, 'D_low': 29.10300676616922, 'k2': 0.07799059237255677, 'D_high': 2283.4228779494524, 'fire_exp': 2.264545306066772, 'P_half': 334.62201030483817, 'pre_dampen_half': 94.20121790275627, 'gpp_af': 0.11022143612695977, 'gpp_b': 0.0005392415140872105, 'gpp_d': 8.057329182285729, 'ign_k': 0.006039096247545781, 'ign_c': 77.59048401667629, 'trop_agb_crit': 3.5522713231614182, 'trop_k_veg': 0.5348713617837559, 'fuel_k': 0.08612665817296865, 'fuel_half': 0.33988503110784557}.
[I 2026-07-22 22:04:38,796] Trial 165 finished with values: [10.452835415631066, 10.452835415631066] and parameters: {'k1': 0.0058043147174140705, 'D_low': 1.1640589436768796, 'k2': 0.05583672722754823, 'D_high': 3262.5163516684925, 'fire_exp': 2.3123511487896353, 'P_half': 245.27450543222417, 'pre_dampen_half': 10.059683154936915, 'gpp_af': 1.4498445474033743, 'gpp_b': 1.1983032564333187e-05, 'gpp_d': 373.3014953695604, 'ign_k': 0.04732407125181112, 'ign_c': 3.4084279109230433, 'trop_agb_crit': 5.841230872704112, 'trop_k_veg': 0.977663002683211, 'fuel_k': 0.028970790717327534, 'fuel_half': 16.371966573507315}.
[I 2026-07-22 22:04:39,249] Trial 166 finished with values: [10.686665603100053, 10.686665603100053] and parameters: {'k1': 0.0004688858519834985, 'D_low': 247.75146043208053, 'k2': 1.6559474674046002e-05, 'D_high': 1026.0852623190942, 'fire_exp': 2.2271826002669806, 'P_half': 245.27450543222417, 'pre_dampen_half': 26.373339933815235, 'gpp_af': 2.114381609520638, 'gpp_b': 0.016763844265536048, 'gpp_d': 2.9914693021302137, 'ign_k': 0.04732407125181112, 'ign_c': 2.4423775964038934, 'trop_agb_crit': 12.285102065067687, 'trop_k_veg': 3.1385303007850824, 'fuel_k': 0.028970790717327534, 'fuel_half': 3.632486956676605}.
[I 2026-07-22 22:04:39,699] Trial 167 finished with values: [10.769230768877819, 10.769230768877819] and parameters: {'k1': 0.00011502956321912731, 'D_low': 4158.269729781509, 'k2': 2.8459703343413838e-05, 'D_high': 2283.4228779494524, 'fire_exp': 1.3028151137833979, 'P_half': 334.62201030483817, 'pre_dampen_half': 3.9885726374014694, 'gpp_af': 18.235072804314193, 'gpp_b': 0.02048523887932671, 'gpp_d': 2.4002253099641138, 'ign_k': 3.210808548911192, 'ign_c': 558.880500599197, 'trop_agb_crit': 1.5774541406529003, 'trop_k_veg': 0.907369149674874, 'fuel_k': 0.6211831489538813, 'fuel_half': 0.33988503110784557}.
[I 2026-07-22 22:04:40,157] Trial 168 finished with values: [10.04583931474906, 10.04583931474906] and parameters: {'k1': 0.02806535913298299, 'D_low': 140.92119204434155, 'k2': 0.00010939944910100016, 'D_high': 1693415.5410667954, 'fire_exp': 1.6108357183810933, 'P_half': 1228.2126524008484, 'pre_dampen_half': 33.71909132517388, 'gpp_af': 1.1300566419249867, 'gpp_b': 0.02048523887932671, 'gpp_d': 6.91394869865762, 'ign_k': 0.004144296901136395, 'ign_c': 4.1108484350212295, 'trop_agb_crit': 10.719494362768906, 'trop_k_veg': 3.715819581962785, 'fuel_k': 1.8731335591844647, 'fuel_half': 0.253071961271088}.
[I 2026-07-22 22:04:40,618] Trial 169 finished with values: [10.663663067828693, 10.663663067828693] and parameters: {'k1': 0.0024005553432620355, 'D_low': 2.0349553327469425, 'k2': 0.0009670857606743155, 'D_high': 107013.64911724928, 'fire_exp': 1.2386878293405026, 'P_half': 2193.8654178115053, 'pre_dampen_half': 0.03411860497758073, 'gpp_af': 0.0023751383317256927, 'gpp_b': 1.7565109007473816e-05, 'gpp_d': 3.0023172465753087, 'ign_k': 0.5670346335627292, 'ign_c': 5.48667649881606, 'trop_agb_crit': 2.3118820898020997, 'trop_k_veg': 4.844706510617516, 'fuel_k': 1.663022877763097, 'fuel_half': 12.136386887218588}.
[I 2026-07-22 22:04:41,080] Trial 170 finished with values: [10.715755176949603, 10.715755176949603] and parameters: {'k1': 0.0003199177539819797, 'D_low': 3.169598846855015, 'k2': 0.012840669372724958, 'D_high': 22409.155921648, 'fire_exp': 1.5751749417148029, 'P_half': 539.5442811888478, 'pre_dampen_half': 0.022695682239207024, 'gpp_af': 0.290486210751816, 'gpp_b': 1.1698276136056565e-05, 'gpp_d': 2.2044650100999164, 'ign_k': 1.810814362107967, 'ign_c': 1.3409701145872435, 'trop_agb_crit': 1.4914219038863046, 'trop_k_veg': 3.4508425771776365, 'fuel_k': 1.1820218758583807, 'fuel_half': 42.89592532297351}.
[I 2026-07-22 22:04:41,543] Trial 171 finished with values: [10.769207612534627, 10.769207612534627] and parameters: {'k1': 0.00040091494283268605, 'D_low': 2279.512551412468, 'k2': 4.17792831163654e-05, 'D_high': 123.47208531015796, 'fire_exp': 2.202616952702989, 'P_half': 6087.820637369983, 'pre_dampen_half': 0.7354388726789677, 'gpp_af': 0.022579970267080786, 'gpp_b': 0.07311344697279915, 'gpp_d': 1.1057854100925222, 'ign_k': 0.0012634132366522116, 'ign_c': 0.42131836432539566, 'trop_agb_crit': 11.41767816030627, 'trop_k_veg': 3.107373729897127, 'fuel_k': 0.011892598727815663, 'fuel_half': 0.4633578081317683}.
[I 2026-07-22 22:04:41,996] Trial 172 finished with values: [10.06027272590825, 10.06027272590825] and parameters: {'k1': 0.0004688858519834985, 'D_low': 247.75146043208053, 'k2': 0.07799059237255677, 'D_high': 2283.4228779494524, 'fire_exp': 1.3219590610242518, 'P_half': 2.1095259085905753, 'pre_dampen_half': 26.373339933815235, 'gpp_af': 0.3259758793317361, 'gpp_b': 0.02893498807797731, 'gpp_d': 2.901272149738622, 'ign_k': 0.0075985864315887865, 'ign_c': 77.59048401667629, 'trop_agb_crit': 12.285102065067687, 'trop_k_veg': 3.324264218444254, 'fuel_k': 0.04207132303652083, 'fuel_half': 3.632486956676605}.
[I 2026-07-22 22:04:42,455] Trial 173 finished with values: [10.578380781315992, 10.578380781315992] and parameters: {'k1': 0.052334804885400876, 'D_low': 2.8627614274446977, 'k2': 3.609310926766545e-05, 'D_high': 1022307.2030625104, 'fire_exp': 1.6108357183810933, 'P_half': 126.69536563782302, 'pre_dampen_half': 0.07217660153019874, 'gpp_af': 18.235072804314193, 'gpp_b': 1.2892705405728861e-05, 'gpp_d': 372.8155624293852, 'ign_k': 0.018707420137660268, 'ign_c': 4.1108484350212295, 'trop_agb_crit': 1.5774541406529003, 'trop_k_veg': 2.3241642204298145, 'fuel_k': 0.6452742971240902, 'fuel_half': 38.21129441691226}.
[I 2026-07-22 22:04:42,936] Trial 174 finished with values: [10.769230768877819, 10.769230768877819] and parameters: {'k1': 2.0937989739527727e-05, 'D_low': 140.92119204434155, 'k2': 2.8459703343413838e-05, 'D_high': 107013.64911724928, 'fire_exp': 1.6108357183810933, 'P_half': 8832.039346746853, 'pre_dampen_half': 10.687450020671585, 'gpp_af': 18.235072804314193, 'gpp_b': 0.02048523887932671, 'gpp_d': 6.378078463802852, 'ign_k': 3.210808548911192, 'ign_c': 47.268615251255675, 'trop_agb_crit': 1.5774541406529003, 'trop_k_veg': 0.5415365826598848, 'fuel_k': 1.2528108647479208, 'fuel_half': 49.011305842597835}.
[I 2026-07-22 22:04:43,379] Trial 175 finished with values: [10.76527527750511, 10.76527527750511] and parameters: {'k1': 0.02806535913298299, 'D_low': 864.0717009254879, 'k2': 7.011194706512109e-05, 'D_high': 8433503.858791472, 'fire_exp': 2.3750840427797026, 'P_half': 3648.4560830477985, 'pre_dampen_half': 9.288856801351132, 'gpp_af': 1.1300566419249867, 'gpp_b': 0.5432846462741858, 'gpp_d': 6.91394869865762, 'ign_k': 0.0022267996908938684, 'ign_c': 238.8897930076982, 'trop_agb_crit': 10.719494362768906, 'trop_k_veg': 1.140286245977296, 'fuel_k': 0.08612665817296865, 'fuel_half': 35.77838574843286}.
[I 2026-07-22 22:04:43,815] Trial 176 finished with values: [10.763110744216842, 10.763110744216842] and parameters: {'k1': 3.6595533391425955e-05, 'D_low': 15056.799083945913, 'k2': 2.8459703343413838e-05, 'D_high': 1094.5857315547435, 'fire_exp': 2.4645237762603327, 'P_half': 126.69536563782302, 'pre_dampen_half': 42.056570728710675, 'gpp_af': 0.02298987619936072, 'gpp_b': 0.02048523887932671, 'gpp_d': 372.8155624293852, 'ign_k': 0.00515399351160314, 'ign_c': 4.1108484350212295, 'trop_agb_crit': 1.5774541406529003, 'trop_k_veg': 1.578436797869987, 'fuel_k': 0.017262921159278164, 'fuel_half': 30.847886273764168}.
[I 2026-07-22 22:04:44,255] Trial 177 finished with values: [10.763387108845905, 10.763387108845905] and parameters: {'k1': 0.0003199177539819797, 'D_low': 3.169598846855015, 'k2': 0.0009562822793888481, 'D_high': 22409.155921648, 'fire_exp': 1.4750777427176416, 'P_half': 4221.021267871046, 'pre_dampen_half': 0.03597389076048619, 'gpp_af': 0.290486210751816, 'gpp_b': 1.1698276136056565e-05, 'gpp_d': 2.2044650100999164, 'ign_k': 0.001679627987843051, 'ign_c': 0.2987250655313649, 'trop_agb_crit': 1.4914219038863046, 'trop_k_veg': 3.024803048559367, 'fuel_k': 1.1820218758583807, 'fuel_half': 5.624789772977319}.
[I 2026-07-22 22:04:44,701] Trial 178 finished with values: [10.561114169425492, 10.561114169425492] and parameters: {'k1': 6.069662445477729e-05, 'D_low': 35.26355664053754, 'k2': 2.5299503921303695e-05, 'D_high': 58214.71549214832, 'fire_exp': 1.0903919400451174, 'P_half': 39.03214299767183, 'pre_dampen_half': 0.07217660153019874, 'gpp_af': 0.03934396739328546, 'gpp_b': 1.2892705405728861e-05, 'gpp_d': 372.8155624293852, 'ign_k': 0.0048255892187380085, 'ign_c': 47.268615251255675, 'trop_agb_crit': 5.127251822192504, 'trop_k_veg': 2.3408809609838257, 'fuel_k': 0.6452742971240902, 'fuel_half': 41.78605220965295}.
[I 2026-07-22 22:04:45,140] Trial 179 finished with values: [10.750915828434406, 10.750915828434406] and parameters: {'k1': 0.0003199177539819797, 'D_low': 864.0717009254879, 'k2': 7.67074891445376e-05, 'D_high': 2283.4228779494524, 'fire_exp': 2.3750840427797026, 'P_half': 334.62201030483817, 'pre_dampen_half': 33.71909132517388, 'gpp_af': 0.3259758793317361, 'gpp_b': 1.1698276136056565e-05, 'gpp_d': 2.2044650100999164, 'ign_k': 0.006039096247545781, 'ign_c': 77.59048401667629, 'trop_agb_crit': 10.719494362768906, 'trop_k_veg': 3.024803048559367, 'fuel_k': 0.6211831489538813, 'fuel_half': 81.87941582538087}.
