[I 2026-08-06 02:33:53,424] Trial 1305 finished with values: [-0.5605626388370621, 0.02793853794099488] and parameters: {'k1': 0.021368329072358756, 'D_low': 18.522006003174383, 'k2': 4.763991596630584e-05, 'D_high': 6455.595882939566, 'fire_exp': 1.0473002272689056, 'P_half': 664.2027816373393, 'pre_dampen_half': 14.689898077648792, 'gpp_af': 22.766850248686247, 'gpp_b': 0.10123867001105968, 'gpp_d': 107.84642153666701, 'ign_k': 3.7173717478250508, 'ign_c': 14.367095138664217}.
[I 2026-08-06 02:33:54,372] Trial 1306 finished with values: [-0.5593084216088975, 0.023568014208608212] and parameters: {'k1': 0.03232155805617897, 'D_low': 9.330007965781027, 'k2': 4.763991596630584e-05, 'D_high': 6455.595882939566, 'fire_exp': 1.0473002272689056, 'P_half': 608.3019192425825, 'pre_dampen_half': 14.689898077648792, 'gpp_af': 4.582731702170249, 'gpp_b': 1.5938003265859821, 'gpp_d': 107.84642153666701, 'ign_k': 3.7173717478250508, 'ign_c': 14.367095138664217}.
[I 2026-08-06 02:33:55,385] Trial 1307 finished with values: [10.407203206507447, 10.407203206507447] and parameters: {'k1': 0.021368329072358756, 'D_low': 18.522006003174383, 'k2': 0.01278916609981651, 'D_high': 18.258480425922784, 'fire_exp': 1.0473002272689056, 'P_half': 608.3019192425825, 'pre_dampen_half': 14.689898077648792, 'gpp_af': 4.582731702170249, 'gpp_b': 0.10123867001105968, 'gpp_d': 39.827466658711515, 'ign_k': 3.7173717478250508, 'ign_c': 8.918355390301986}.
[I 2026-08-06 02:33:56,365] Trial 1308 finished with values: [-0.5474961065529695, 0.017886027957622508] and parameters: {'k1': 0.025383218374507292, 'D_low': 1.3628699025451325, 'k2': 4.763991596630584e-05, 'D_high': 400.9149428326862, 'fire_exp': 1.2680134752324452, 'P_half': 664.2027816373393, 'pre_dampen_half': 25.15960733455044, 'gpp_af': 4.582731702170249, 'gpp_b': 0.10123867001105968, 'gpp_d': 39.827466658711515, 'ign_k': 3.7173717478250508, 'ign_c': 14.367095138664217}.
[I 2026-08-06 02:33:57,299] Trial 1309 finished with values: [10.225374756504445, 10.225374756504445] and parameters: {'k1': 0.021368329072358756, 'D_low': 1.7807904329970783, 'k2': 4.763991596630584e-05, 'D_high': 6455.595882939566, 'fire_exp': 1.2680134752324452, 'P_half': 664.2027816373393, 'pre_dampen_half': 14.689898077648792, 'gpp_af': 4.582731702170249, 'gpp_b': 1.5938003265859821, 'gpp_d': 368.30088529547436, 'ign_k': 3.7173717478250508, 'ign_c': 14.367095138664217}.
[I 2026-08-06 02:33:58,235] Trial 1310 finished with values: [10.769123506868967, 10.769123506868967] and parameters: {'k1': 0.025383218374507292, 'D_low': 18.522006003174383, 'k2': 0.04224251951471084, 'D_high': 400.9149428326862, 'fire_exp': 1.010722707674549, 'P_half': 958.8659498594012, 'pre_dampen_half': 0.04968517863427778, 'gpp_af': 0.004339536161007625, 'gpp_b': 1.5938003265859821, 'gpp_d': 368.30088529547436, 'ign_k': 3.7173717478250508, 'ign_c': 14.367095138664217}.
[I 2026-08-06 02:33:59,184] Trial 1311 finished with values: [-0.5693959967193853, 0.0222497247443475] and parameters: {'k1': 0.08926311370835228, 'D_low': 31.117676855667376, 'k2': 0.001347977766751687, 'D_high': 1687.3495104568947, 'fire_exp': 1.0473002272689056, 'P_half': 608.3019192425825, 'pre_dampen_half': 14.689898077648792, 'gpp_af': 22.766850248686247, 'gpp_b': 0.10123867001105968, 'gpp_d': 39.827466658711515, 'ign_k': 3.7173717478250508, 'ign_c': 14.367095138664217}.
[I 2026-08-06 02:34:00,101] Trial 1312 finished with values: [-0.5602242894184266, 0.01659737944733508] and parameters: {'k1': 0.08926311370835228, 'D_low': 31.117676855667376, 'k2': 0.0006229347004284254, 'D_high': 440.94295721828615, 'fire_exp': 1.2680134752324452, 'P_half': 177.4954658911452, 'pre_dampen_half': 14.689898077648792, 'gpp_af': 4.077131237195135, 'gpp_b': 0.1676789742547917, 'gpp_d': 39.827466658711515, 'ign_k': 7.799059237255681, 'ign_c': 14.367095138664217}.
[I 2026-08-06 02:34:01,018] Trial 1313 finished with values: [10.236335137978392, 10.236335137978392] and parameters: {'k1': 0.03232155805617897, 'D_low': 31.117676855667376, 'k2': 4.763991596630584e-05, 'D_high': 1578.0404945802954, 'fire_exp': 1.0473002272689056, 'P_half': 664.2027816373393, 'pre_dampen_half': 14.689898077648792, 'gpp_af': 22.766850248686247, 'gpp_b': 0.6637926838138378, 'gpp_d': 107.84642153666701, 'ign_k': 3.7173717478250508, 'ign_c': 19.19168994439752}.
[I 2026-08-06 02:34:01,968] Trial 1314 finished with values: [10.769144042157238, 10.769144042157238] and parameters: {'k1': 0.021368329072358756, 'D_low': 616.4329525571076, 'k2': 0.006138509947844854, 'D_high': 1687.3495104568947, 'fire_exp': 1.3239942327296237, 'P_half': 39.03214299767183, 'pre_dampen_half': 14.689898077648792, 'gpp_af': 0.004339536161007625, 'gpp_b': 1.5938003265859821, 'gpp_d': 300.3420512048734, 'ign_k': 0.0037322156377670697, 'ign_c': 2.4511692798424947}.
[I 2026-08-06 02:34:02,887] Trial 1315 finished with values: [11.32455539932904, 11.32455539932904] and parameters: {'k1': 0.025383218374507292, 'D_low': 18.522006003174383, 'k2': 0.0004381141781653133, 'D_high': 24939.838794891497, 'fire_exp': 1.3239942327296237, 'P_half': 664.2027816373393, 'pre_dampen_half': 25.15960733455044, 'gpp_af': 22.766850248686247, 'gpp_b': 0.6637926838138378, 'gpp_d': 300.3420512048734, 'ign_k': 3.7173717478250508, 'ign_c': 3.735862630812751}.
[I 2026-08-06 02:34:04,247] Trial 1316 finished with values: [-0.5657206193465417, 0.016854085762313065] and parameters: {'k1': 0.025383218374507292, 'D_low': 31.117676855667376, 'k2': 0.0004381141781653133, 'D_high': 1687.3495104568947, 'fire_exp': 1.2680134752324452, 'P_half': 177.4954658911452, 'pre_dampen_half': 14.689898077648792, 'gpp_af': 11.234842109991876, 'gpp_b': 0.1676789742547917, 'gpp_d': 39.827466658711515, 'ign_k': 7.799059237255681, 'ign_c': 14.367095138664217}.
[I 2026-08-06 02:34:05,163] Trial 1317 finished with values: [10.76462060813088, 10.76462060813088] and parameters: {'k1': 0.025383218374507292, 'D_low': 18.522006003174383, 'k2': 0.0004381141781653133, 'D_high': 6455.595882939566, 'fire_exp': 1.0473002272689056, 'P_half': 3974.965675011387, 'pre_dampen_half': 14.689898077648792, 'gpp_af': 0.0012856329182448095, 'gpp_b': 0.09760461369620549, 'gpp_d': 39.827466658711515, 'ign_k': 3.7173717478250508, 'ign_c': 19.19168994439752}.
[I 2026-08-06 02:34:06,096] Trial 1318 finished with values: [10.716076089211038, 10.716076089211038] and parameters: {'k1': 0.025383218374507292, 'D_low': 18.522006003174383, 'k2': 0.0002642238654525265, 'D_high': 1687.3495104568947, 'fire_exp': 1.010722707674549, 'P_half': 958.8659498594012, 'pre_dampen_half': 14.689898077648792, 'gpp_af': 0.004339536161007625, 'gpp_b': 0.09610325935041866, 'gpp_d': 39.827466658711515, 'ign_k': 3.7173717478250508, 'ign_c': 14.367095138664217}.
[I 2026-08-06 02:34:07,029] Trial 1319 finished with values: [-0.5626380940272384, 0.02760620783358192] and parameters: {'k1': 0.021368329072358756, 'D_low': 18.522006003174383, 'k2': 0.0004381141781653133, 'D_high': 6455.595882939566, 'fire_exp': 1.2680134752324452, 'P_half': 608.3019192425825, 'pre_dampen_half': 14.689898077648792, 'gpp_af': 65.61032228556527, 'gpp_b': 0.10123867001105968, 'gpp_d': 300.3420512048734, 'ign_k': 3.7173717478250508, 'ign_c': 14.367095138664217}.
[I 2026-08-06 02:34:07,962] Trial 1320 finished with values: [10.038943315249384, 10.038943315249384] and parameters: {'k1': 0.08926311370835228, 'D_low': 18.522006003174383, 'k2': 0.006138509947844854, 'D_high': 400.9149428326862, 'fire_exp': 1.2680134752324452, 'P_half': 608.3019192425825, 'pre_dampen_half': 14.689898077648792, 'gpp_af': 4.077131237195135, 'gpp_b': 0.10123867001105968, 'gpp_d': 39.827466658711515, 'ign_k': 3.7173717478250508, 'ign_c': 14.367095138664217}.
[I 2026-08-06 02:34:08,915] Trial 1321 finished with values: [-0.5629066309096806, 0.01965433304524411] and parameters: {'k1': 0.025383218374507292, 'D_low': 18.522006003174383, 'k2': 4.763991596630584e-05, 'D_high': 6455.595882939566, 'fire_exp': 1.010722707674549, 'P_half': 664.2027816373393, 'pre_dampen_half': 14.689898077648792, 'gpp_af': 22.766850248686247, 'gpp_b': 0.09760461369620549, 'gpp_d': 107.84642153666701, 'ign_k': 3.7173717478250508, 'ign_c': 17.40494815019437}.
[I 2026-08-06 02:34:09,894] Trial 1322 finished with values: [-0.5662690142825154, 0.022718386919237776] and parameters: {'k1': 0.021368329072358756, 'D_low': 31.117676855667376, 'k2': 0.0499774937030317, 'D_high': 1687.3495104568947, 'fire_exp': 1.2680134752324452, 'P_half': 608.3019192425825, 'pre_dampen_half': 14.689898077648792, 'gpp_af': 4.582731702170249, 'gpp_b': 0.10123867001105968, 'gpp_d': 107.84642153666701, 'ign_k': 7.799059237255681, 'ign_c': 14.367095138664217}.
[I 2026-08-06 02:34:10,812] Trial 1323 finished with values: [10.427559733382205, 10.427559733382205] and parameters: {'k1': 0.021368329072358756, 'D_low': 18.522006003174383, 'k2': 0.05588430421438935, 'D_high': 6455.595882939566, 'fire_exp': 1.0473002272689056, 'P_half': 664.2027816373393, 'pre_dampen_half': 14.689898077648792, 'gpp_af': 4.582731702170249, 'gpp_b': 0.6637926838138378, 'gpp_d': 107.84642153666701, 'ign_k': 3.7173717478250508, 'ign_c': 14.367095138664217}.
[I 2026-08-06 02:34:11,761] Trial 1324 finished with values: [-0.5266379795539011, 0.04171332820777629] and parameters: {'k1': 0.03232155805617897, 'D_low': 9.330007965781027, 'k2': 1.61819746743859e-05, 'D_high': 6455.595882939566, 'fire_exp': 1.0473002272689056, 'P_half': 664.2027816373393, 'pre_dampen_half': 14.689898077648792, 'gpp_af': 22.766850248686247, 'gpp_b': 0.6637926838138378, 'gpp_d': 891.8036602897795, 'ign_k': 0.04733400761327903, 'ign_c': 14.367095138664217}.
[I 2026-08-06 02:34:12,696] Trial 1325 finished with values: [-0.5732807294080591, 0.012134289566359424] and parameters: {'k1': 0.08926311370835228, 'D_low': 10.980728756907085, 'k2': 0.006138509947844854, 'D_high': 6455.595882939566, 'fire_exp': 1.0473002272689056, 'P_half': 608.3019192425825, 'pre_dampen_half': 14.689898077648792, 'gpp_af': 4.5092553051828705, 'gpp_b': 0.6637926838138378, 'gpp_d': 39.827466658711515, 'ign_k': 3.529389593576794, 'ign_c': 19.19168994439752}.
[I 2026-08-06 02:34:13,613] Trial 1326 finished with values: [10.758500773490129, 10.758500773490129] and parameters: {'k1': 0.08926311370835228, 'D_low': 31.117676855667376, 'k2': 4.763991596630584e-05, 'D_high': 1687.3495104568947, 'fire_exp': 1.0473002272689056, 'P_half': 8417.601502819636, 'pre_dampen_half': 0.19171244775105253, 'gpp_af': 4.582731702170249, 'gpp_b': 0.6637926838138378, 'gpp_d': 891.8036602897795, 'ign_k': 3.7173717478250508, 'ign_c': 14.367095138664217}.
[I 2026-08-06 02:34:14,561] Trial 1327 finished with values: [10.69690175841949, 10.69690175841949] and parameters: {'k1': 0.08926311370835228, 'D_low': 31.117676855667376, 'k2': 0.0499774937030317, 'D_high': 1687.3495104568947, 'fire_exp': 1.2680134752324452, 'P_half': 276.27089412392087, 'pre_dampen_half': 18.65834020040025, 'gpp_af': 0.009783362909802898, 'gpp_b': 0.1676789742547917, 'gpp_d': 39.827466658711515, 'ign_k': 7.799059237255681, 'ign_c': 14.367095138664217}.
[I 2026-08-06 02:34:15,511] Trial 1328 finished with values: [10.742144610411026, 10.742144610411026] and parameters: {'k1': 0.08926311370835228, 'D_low': 31.117676855667376, 'k2': 4.763991596630584e-05, 'D_high': 1687.3495104568947, 'fire_exp': 3.675617025971904, 'P_half': 276.27089412392087, 'pre_dampen_half': 14.689898077648792, 'gpp_af': 4.582731702170249, 'gpp_b': 0.1676789742547917, 'gpp_d': 891.8036602897795, 'ign_k': 7.799059237255681, 'ign_c': 14.367095138664217}.
[I 2026-08-06 02:34:16,523] Trial 1329 finished with values: [-0.5616234709140617, 0.011039742216842563] and parameters: {'k1': 0.021368329072358756, 'D_low': 31.117676855667376, 'k2': 0.0499774937030317, 'D_high': 6455.595882939566, 'fire_exp': 1.7164931785633317, 'P_half': 276.27089412392087, 'pre_dampen_half': 14.689898077648792, 'gpp_af': 4.582731702170249, 'gpp_b': 0.1676789742547917, 'gpp_d': 39.827466658711515, 'ign_k': 3.7173717478250508, 'ign_c': 14.367095138664217}.
[I 2026-08-06 02:34:17,423] Trial 1330 finished with values: [-0.5708994287538137, 0.026383573325511667] and parameters: {'k1': 0.03232155805617897, 'D_low': 18.522006003174383, 'k2': 0.0004381141781653133, 'D_high': 1578.0404945802954, 'fire_exp': 1.2680134752324452, 'P_half': 608.3019192425825, 'pre_dampen_half': 25.15960733455044, 'gpp_af': 1.6278996489926025, 'gpp_b': 0.09760461369620549, 'gpp_d': 300.3420512048734, 'ign_k': 3.7173717478250508, 'ign_c': 14.367095138664217}.
[I 2026-08-06 02:34:18,357] Trial 1331 finished with values: [-0.5681166962596559, 0.025658309770752452] and parameters: {'k1': 0.021368329072358756, 'D_low': 18.522006003174383, 'k2': 4.763991596630584e-05, 'D_high': 6455.595882939566, 'fire_exp': 1.0473002272689056, 'P_half': 608.3019192425825, 'pre_dampen_half': 14.689898077648792, 'gpp_af': 4.582731702170249, 'gpp_b': 0.10123867001105968, 'gpp_d': 39.827466658711515, 'ign_k': 3.7173717478250508, 'ign_c': 14.367095138664217}.
[I 2026-08-06 02:34:19,386] Trial 1332 finished with values: [12.95922734307614, 12.95922734307614] and parameters: {'k1': 0.021368329072358756, 'D_low': 71.73480907515082, 'k2': 0.0499774937030317, 'D_high': 6455.595882939566, 'fire_exp': 1.7164931785633317, 'P_half': 276.27089412392087, 'pre_dampen_half': 724.4804125761929, 'gpp_af': 4.582731702170249, 'gpp_b': 0.1676789742547917, 'gpp_d': 39.827466658711515, 'ign_k': 3.7173717478250508, 'ign_c': 14.367095138664217}.
[I 2026-08-06 02:34:20,306] Trial 1333 finished with values: [-0.556982465170978, 0.024842915880095906] and parameters: {'k1': 0.021368329072358756, 'D_low': 18.522006003174383, 'k2': 0.0006229347004284254, 'D_high': 400.9149428326862, 'fire_exp': 1.2680134752324452, 'P_half': 177.4954658911452, 'pre_dampen_half': 25.15960733455044, 'gpp_af': 4.077131237195135, 'gpp_b': 1.5938003265859821, 'gpp_d': 269.7608381628704, 'ign_k': 3.7173717478250508, 'ign_c': 14.367095138664217}.
[I 2026-08-06 02:34:21,308] Trial 1334 finished with values: [10.073390054305325, 10.073390054305325] and parameters: {'k1': 0.021368329072358756, 'D_low': 18.522006003174383, 'k2': 0.0499774937030317, 'D_high': 6455.595882939566, 'fire_exp': 1.7164931785633317, 'P_half': 271.7121699145744, 'pre_dampen_half': 14.689898077648792, 'gpp_af': 22.766850248686247, 'gpp_b': 0.1676789742547917, 'gpp_d': 39.827466658711515, 'ign_k': 3.7173717478250508, 'ign_c': 14.367095138664217}.
[I 2026-08-06 02:34:22,232] Trial 1335 finished with values: [-0.5568096513419432, 0.02316119911444825] and parameters: {'k1': 0.0002500492108992787, 'D_low': 18.522006003174383, 'k2': 0.0004381141781653133, 'D_high': 6455.595882939566, 'fire_exp': 1.0473002272689056, 'P_half': 608.3019192425825, 'pre_dampen_half': 25.15960733455044, 'gpp_af': 22.766850248686247, 'gpp_b': 0.6637926838138378, 'gpp_d': 39.827466658711515, 'ign_k': 3.7173717478250508, 'ign_c': 14.367095138664217}.
[I 2026-08-06 02:34:23,179] Trial 1336 finished with values: [10.72201703258863, 10.72201703258863] and parameters: {'k1': 0.021368329072358756, 'D_low': 18.522006003174383, 'k2': 4.763991596630584e-05, 'D_high': 6455.595882939566, 'fire_exp': 1.0473002272689056, 'P_half': 276.27089412392087, 'pre_dampen_half': 0.03719451708679172, 'gpp_af': 4.582731702170249, 'gpp_b': 0.10123867001105968, 'gpp_d': 39.827466658711515, 'ign_k': 3.7173717478250508, 'ign_c': 14.367095138664217}.
[I 2026-08-06 02:34:24,128] Trial 1337 finished with values: [10.731164006759974, 10.731164006759974] and parameters: {'k1': 0.025383218374507292, 'D_low': 18.522006003174383, 'k2': 4.763991596630584e-05, 'D_high': 6455.595882939566, 'fire_exp': 1.0473002272689056, 'P_half': 608.3019192425825, 'pre_dampen_half': 0.05704717510936691, 'gpp_af': 4.582731702170249, 'gpp_b': 0.6637926838138378, 'gpp_d': 368.30088529547436, 'ign_k': 3.7173717478250508, 'ign_c': 14.367095138664217}.
[I 2026-08-06 02:34:25,517] Trial 1338 finished with values: [-0.5537671236303052, 0.025462490680613126] and parameters: {'k1': 0.025383218374507292, 'D_low': 9.330007965781027, 'k2': 4.763991596630584e-05, 'D_high': 400.9149428326862, 'fire_exp': 1.0473002272689056, 'P_half': 664.2027816373393, 'pre_dampen_half': 14.689898077648792, 'gpp_af': 22.766850248686247, 'gpp_b': 0.09760461369620549, 'gpp_d': 107.84642153666701, 'ign_k': 3.7173717478250508, 'ign_c': 14.367095138664217}.
[I 2026-08-06 02:34:26,465] Trial 1339 finished with values: [12.525377099543537, 12.525377099543537] and parameters: {'k1': 0.08926311370835228, 'D_low': 18.522006003174383, 'k2': 0.006138509947844854, 'D_high': 6455.595882939566, 'fire_exp': 1.0473002272689056, 'P_half': 664.2027816373393, 'pre_dampen_half': 25.15960733455044, 'gpp_af': 22.766850248686247, 'gpp_b': 0.052183838897628114, 'gpp_d': 39.827466658711515, 'ign_k': 3.7173717478250508, 'ign_c': 0.796650292267966}.
[I 2026-08-06 02:34:27,460] Trial 1340 finished with values: [10.739453181768885, 10.739453181768885] and parameters: {'k1': 0.025383218374507292, 'D_low': 18.522006003174383, 'k2': 4.763991596630584e-05, 'D_high': 6455.595882939566, 'fire_exp': 1.0473002272689056, 'P_half': 664.2027816373393, 'pre_dampen_half': 14.689898077648792, 'gpp_af': 0.017981805950824024, 'gpp_b': 0.6637926838138378, 'gpp_d': 39.827466658711515, 'ign_k': 3.7173717478250508, 'ign_c': 14.367095138664217}.
[I 2026-08-06 02:34:28,439] Trial 1341 finished with values: [-0.5303721179919865, 0.017916022630327877] and parameters: {'k1': 0.025383218374507292, 'D_low': 18.522006003174383, 'k2': 4.763991596630584e-05, 'D_high': 400.9149428326862, 'fire_exp': 1.2680134752324452, 'P_half': 177.4954658911452, 'pre_dampen_half': 14.689898077648792, 'gpp_af': 22.766850248686247, 'gpp_b': 0.10123867001105968, 'gpp_d': 39.827466658711515, 'ign_k': 3.7173717478250508, 'ign_c': 14.367095138664217}.
[I 2026-08-06 02:34:29,420] Trial 1342 finished with values: [-0.5549332993715211, 0.017775185052509745] and parameters: {'k1': 0.021368329072358756, 'D_low': 9.330007965781027, 'k2': 4.763991596630584e-05, 'D_high': 1578.0404945802954, 'fire_exp': 1.0473002272689056, 'P_half': 664.2027816373393, 'pre_dampen_half': 14.689898077648792, 'gpp_af': 22.766850248686247, 'gpp_b': 1.5938003265859821, 'gpp_d': 107.84642153666701, 'ign_k': 3.7173717478250508, 'ign_c': 14.367095138664217}.
[I 2026-08-06 02:34:30,400] Trial 1343 finished with values: [11.002830037825598, 11.002830037825598] and parameters: {'k1': 0.021368329072358756, 'D_low': 18.522006003174383, 'k2': 0.0004381141781653133, 'D_high': 6455.595882939566, 'fire_exp': 1.3239942327296237, 'P_half': 39.03214299767183, 'pre_dampen_half': 25.15960733455044, 'gpp_af': 11.234842109991876, 'gpp_b': 1.5938003265859821, 'gpp_d': 107.84642153666701, 'ign_k': 0.0037322156377670697, 'ign_c': 3.735862630812751}.
[I 2026-08-06 02:34:31,351] Trial 1344 finished with values: [10.025670962397413, 10.025670962397413] and parameters: {'k1': 0.08926311370835228, 'D_low': 31.117676855667376, 'k2': 0.006138509947844854, 'D_high': 400.9149428326862, 'fire_exp': 1.010722707674549, 'P_half': 608.3019192425825, 'pre_dampen_half': 14.689898077648792, 'gpp_af': 22.766850248686247, 'gpp_b': 0.09760461369620549, 'gpp_d': 300.3420512048734, 'ign_k': 1.193692846763647, 'ign_c': 19.19168994439752}.
[I 2026-08-06 02:34:32,299] Trial 1345 finished with values: [10.760690993732224, 10.760690993732224] and parameters: {'k1': 0.08926311370835228, 'D_low': 31.117676855667376, 'k2': 0.006138509947844854, 'D_high': 25261.796445828073, 'fire_exp': 1.010722707674549, 'P_half': 664.2027816373393, 'pre_dampen_half': 14.689898077648792, 'gpp_af': 0.004339536161007625, 'gpp_b': 0.6637926838138378, 'gpp_d': 39.827466658711515, 'ign_k': 3.7173717478250508, 'ign_c': 19.19168994439752}.
[I 2026-08-06 02:34:33,280] Trial 1346 finished with values: [10.363562524905076, 10.363562524905076] and parameters: {'k1': 0.025383218374507292, 'D_low': 18.522006003174383, 'k2': 0.0499774937030317, 'D_high': 1687.3495104568947, 'fire_exp': 1.2680134752324452, 'P_half': 3113.806805121377, 'pre_dampen_half': 14.689898077648792, 'gpp_af': 22.766850248686247, 'gpp_b': 0.6637926838138378, 'gpp_d': 891.8036602897795, 'ign_k': 7.799059237255681, 'ign_c': 14.367095138664217}.
[I 2026-08-06 02:34:34,277] Trial 1347 finished with values: [-0.5785397907241429, 0.015103057444941004] and parameters: {'k1': 0.021368329072358756, 'D_low': 18.522006003174383, 'k2': 0.006138509947844854, 'D_high': 2969.087094484682, 'fire_exp': 1.0473002272689056, 'P_half': 958.8659498594012, 'pre_dampen_half': 14.689898077648792, 'gpp_af': 4.582731702170249, 'gpp_b': 0.000832333943844274, 'gpp_d': 39.827466658711515, 'ign_k': 3.7173717478250508, 'ign_c': 19.19168994439752}.
[I 2026-08-06 02:34:35,254] Trial 1348 finished with values: [10.401928871173295, 10.401928871173295] and parameters: {'k1': 0.03232155805617897, 'D_low': 9.330007965781027, 'k2': 7.915210103365496e-05, 'D_high': 1757.483082212096, 'fire_exp': 1.0473002272689056, 'P_half': 124.04053921849349, 'pre_dampen_half': 14.689898077648792, 'gpp_af': 4.582731702170249, 'gpp_b': 0.10123867001105968, 'gpp_d': 39.827466658711515, 'ign_k': 3.7173717478250508, 'ign_c': 14.367095138664217}.
[I 2026-08-06 02:34:36,216] Trial 1349 finished with values: [-0.5502732627544299, 0.017224917337300583] and parameters: {'k1': 0.03232155805617897, 'D_low': 18.522006003174383, 'k2': 4.763991596630584e-05, 'D_high': 6455.595882939566, 'fire_exp': 1.010722707674549, 'P_half': 664.2027816373393, 'pre_dampen_half': 14.689898077648792, 'gpp_af': 22.766850248686247, 'gpp_b': 0.6637926838138378, 'gpp_d': 39.827466658711515, 'ign_k': 3.7173717478250508, 'ign_c': 14.367095138664217}.
