[I 2026-07-22 21:53:34,928] Trial 177 finished with values: [10.768699421737665, 10.768699421737665] and parameters: {'k1': 0.0003199177539819797, 'D_low': 3.169598846855015, 'k2': 0.0009562822793888481, 'D_high': 22409.155921648, 'fire_exp': 1.4750777427176416, 'P_half': 4221.021267871046, 'pre_dampen_half': 0.03597389076048619, 'gpp_af': 0.290486210751816, 'gpp_b': 1.1698276136056565e-05, 'gpp_d': 2.2044650100999164, 'ign_k': 0.001679627987843051, 'ign_c': 0.2987250655313649, 'trop_agb_crit': 1.4914219038863046, 'trop_k_veg': 3.024803048559367, 'fuel_k': 1.1820218758583807, 'fuel_half': 5.624789772977319}.
[I 2026-07-22 21:53:35,352] Trial 178 finished with values: [10.755503391569025, 10.755503391569025] and parameters: {'k1': 0.0029707920514735983, 'D_low': 247.75146043208053, 'k2': 2.1698375693549493e-05, 'D_high': 1026.0852623190942, 'fire_exp': 1.0689448798385355, 'P_half': 1.0435856341129002, 'pre_dampen_half': 0.46504594134732663, 'gpp_af': 0.0025511964576171086, 'gpp_b': 0.016763844265536048, 'gpp_d': 397.44595568350155, 'ign_k': 0.024287565087611766, 'ign_c': 2.4423775964038934, 'trop_agb_crit': 5.127251822192504, 'trop_k_veg': 1.7518409078083697, 'fuel_k': 0.04207132303652083, 'fuel_half': 2.276766792290519}.
[I 2026-07-22 21:53:35,769] Trial 179 finished with values: [10.765801556957413, 10.765801556957413] and parameters: {'k1': 0.0003199177539819797, 'D_low': 3.169598846855015, 'k2': 0.012840669372724958, 'D_high': 2283.4228779494524, 'fire_exp': 1.4750777427176416, 'P_half': 334.62201030483817, 'pre_dampen_half': 0.03597389076048619, 'gpp_af': 0.3259758793317361, 'gpp_b': 1.1698276136056565e-05, 'gpp_d': 2.2044650100999164, 'ign_k': 0.006039096247545781, 'ign_c': 77.59048401667629, 'trop_agb_crit': 1.4914219038863046, 'trop_k_veg': 3.024803048559367, 'fuel_k': 0.6211831489538813, 'fuel_half': 5.624789772977319}.
[I 2026-07-22 21:53:36,190] Trial 180 finished with values: [10.374360946093821, 10.374360946093821] and parameters: {'k1': 6.693990428538841e-05, 'D_low': 11.437258028094242, 'k2': 0.002342238625792905, 'D_high': 887331.2884015184, 'fire_exp': 2.3123511487896353, 'P_half': 28.15630081597223, 'pre_dampen_half': 10.059683154936915, 'gpp_af': 1.4498445474033743, 'gpp_b': 0.002022832315155261, 'gpp_d': 25.017068255320467, 'ign_k': 0.04732407125181112, 'ign_c': 3.4084279109230433, 'trop_agb_crit': 6.058402553512053, 'trop_k_veg': 0.977663002683211, 'fuel_k': 0.028970790717327534, 'fuel_half': 16.371966573507315}.
[I 2026-07-22 21:53:36,613] Trial 181 finished with values: [10.21383386104349, 10.21383386104349] and parameters: {'k1': 0.00014001191914113747, 'D_low': 1.1640589436768796, 'k2': 1.6559474674046002e-05, 'D_high': 2512533.442757688, 'fire_exp': 2.2271826002669806, 'P_half': 27.59069025439785, 'pre_dampen_half': 10.059683154936915, 'gpp_af': 2.114381609520638, 'gpp_b': 0.002022832315155261, 'gpp_d': 25.017068255320467, 'ign_k': 0.04732407125181112, 'ign_c': 2.4423775964038934, 'trop_agb_crit': 12.285102065067687, 'trop_k_veg': 1.7518409078083697, 'fuel_k': 0.09252659617259135, 'fuel_half': 2.276766792290519}.
[I 2026-07-22 21:53:37,026] Trial 182 finished with values: [10.609957633209424, 10.609957633209424] and parameters: {'k1': 3.6595533391425955e-05, 'D_low': 11697.604007727205, 'k2': 0.000985079068311927, 'D_high': 26587.030147082678, 'fire_exp': 1.3858146055494713, 'P_half': 1.0435856341129002, 'pre_dampen_half': 10.687450020671585, 'gpp_af': 0.015350904103515228, 'gpp_b': 0.024796579879439486, 'gpp_d': 372.8155624293852, 'ign_k': 0.024287565087611766, 'ign_c': 20.23326185206641, 'trop_agb_crit': 1.886175574962432, 'trop_k_veg': 1.578436797869987, 'fuel_k': 0.017262921159278164, 'fuel_half': 30.847886273764168}.
[I 2026-07-22 21:53:37,444] Trial 183 finished with values: [10.761685942310203, 10.761685942310203] and parameters: {'k1': 5.3397427849512415e-05, 'D_low': 118.5778850288792, 'k2': 0.001566517163094646, 'D_high': 16392.60991832772, 'fire_exp': 1.8435203341118644, 'P_half': 7.890004262668578, 'pre_dampen_half': 0.09150505661171647, 'gpp_af': 0.12243451886824051, 'gpp_b': 0.00010318352929732131, 'gpp_d': 0.24714492403026278, 'ign_k': 0.011698039424426817, 'ign_c': 0.11650681118986138, 'trop_agb_crit': 1.5072795582679794, 'trop_k_veg': 1.793919400078986, 'fuel_k': 0.018207179480706392, 'fuel_half': 43.240425516201206}.
[I 2026-07-22 21:53:37,868] Trial 184 finished with values: [10.72923158957781, 10.72923158957781] and parameters: {'k1': 0.002968335334246999, 'D_low': 140.92119204434155, 'k2': 2.8459703343413838e-05, 'D_high': 6978.624673182437, 'fire_exp': 1.034491242472073, 'P_half': 4.889669266916749, 'pre_dampen_half': 0.09150505661171647, 'gpp_af': 18.235072804314193, 'gpp_b': 0.02048523887932671, 'gpp_d': 0.24714492403026278, 'ign_k': 0.005105542986365654, 'ign_c': 0.22636544662054536, 'trop_agb_crit': 1.5072795582679794, 'trop_k_veg': 1.793919400078986, 'fuel_k': 1.2528108647479208, 'fuel_half': 7.259866824755671}.
[I 2026-07-22 21:53:38,286] Trial 185 finished with values: [10.639512682582623, 10.639512682582623] and parameters: {'k1': 0.003419108473554454, 'D_low': 140.92119204434155, 'k2': 3.609310926766545e-05, 'D_high': 107013.64911724928, 'fire_exp': 2.076479834926162, 'P_half': 126.69536563782302, 'pre_dampen_half': 19.600139992927424, 'gpp_af': 0.02298987619936072, 'gpp_b': 1.2892705405728861e-05, 'gpp_d': 372.8155624293852, 'ign_k': 3.210808548911192, 'ign_c': 4.1108484350212295, 'trop_agb_crit': 18.047304706421063, 'trop_k_veg': 2.3241642204298145, 'fuel_k': 0.6452742971240902, 'fuel_half': 30.847886273764168}.
[I 2026-07-22 21:53:38,711] Trial 186 finished with values: [10.75154200413121, 10.75154200413121] and parameters: {'k1': 0.00029589152820953097, 'D_low': 6220.638781359816, 'k2': 1.6559474674046002e-05, 'D_high': 1026.0852623190942, 'fire_exp': 1.0862503061991866, 'P_half': 2193.8654178115053, 'pre_dampen_half': 0.4016986062226068, 'gpp_af': 0.008562341633595545, 'gpp_b': 1.7565109007473816e-05, 'gpp_d': 9.00460602264307, 'ign_k': 0.5131654955148324, 'ign_c': 0.11650681118986138, 'trop_agb_crit': 5.707205898008383, 'trop_k_veg': 0.9369104721775232, 'fuel_k': 0.6199941538390381, 'fuel_half': 0.3335026483569958}.
[I 2026-07-22 21:53:39,131] Trial 187 finished with values: [10.76635641128933, 10.76635641128933] and parameters: {'k1': 0.02806535913298299, 'D_low': 864.0717009254879, 'k2': 2.8459703343413838e-05, 'D_high': 107013.64911724928, 'fire_exp': 2.213762680468843, 'P_half': 2193.8654178115053, 'pre_dampen_half': 33.71909132517388, 'gpp_af': 18.235072804314193, 'gpp_b': 1.7565109007473816e-05, 'gpp_d': 9.00460602264307, 'ign_k': 0.004144296901136395, 'ign_c': 238.8897930076982, 'trop_agb_crit': 5.707205898008383, 'trop_k_veg': 0.5415365826598848, 'fuel_k': 0.9288369623462727, 'fuel_half': 7.259866824755671}.
[I 2026-07-22 21:53:39,547] Trial 188 finished with values: [10.628614117778863, 10.628614117778863] and parameters: {'k1': 1.8205657658407255e-05, 'D_low': 4158.269729781509, 'k2': 0.02228708726011015, 'D_high': 2283.4228779494524, 'fire_exp': 1.8947494928972934, 'P_half': 334.62201030483817, 'pre_dampen_half': 25.15960733455045, 'gpp_af': 0.15876781526923997, 'gpp_b': 5.397956855996442e-05, 'gpp_d': 2.4002253099641138, 'ign_k': 0.0013726318898045872, 'ign_c': 558.880500599197, 'trop_agb_crit': 2.598572417333811, 'trop_k_veg': 0.907369149674874, 'fuel_k': 0.0734480915638841, 'fuel_half': 3.632486956676605}.
  trial  189/1500  pareto_size=4  best_taylor=0.5627  best_ilamb=0.5291  (1.3 min)
[I 2026-07-22 21:53:40,014] Trial 189 finished with values: [10.7692197518035, 10.7692197518035] and parameters: {'k1': 0.028340904295147747, 'D_low': 6220.638781359816, 'k2': 0.004373100990516265, 'D_high': 43680.76927942614, 'fire_exp': 2.3987174696212126, 'P_half': 19.986340778528874, 'pre_dampen_half': 12.389588752305043, 'gpp_af': 42.44656636175246, 'gpp_b': 2.1051180519608694, 'gpp_d': 0.173242701549491, 'ign_k': 0.026539376439360548, 'ign_c': 0.11650681118986138, 'trop_agb_crit': 1.5280652380617874, 'trop_k_veg': 0.9369104721775232, 'fuel_k': 0.013421538374693755, 'fuel_half': 3.0296104428212485}.
[I 2026-07-22 21:53:40,435] Trial 190 finished with values: [10.606559747126195, 10.606559747126195] and parameters: {'k1': 0.002968335334246999, 'D_low': 140.92119204434155, 'k2': 2.8459703343413838e-05, 'D_high': 107013.64911724928, 'fire_exp': 1.6108357183810933, 'P_half': 1025.3368317956683, 'pre_dampen_half': 3.9885726374014694, 'gpp_af': 2.114381609520638, 'gpp_b': 0.002022832315155261, 'gpp_d': 25.017068255320467, 'ign_k': 0.04732407125181112, 'ign_c': 3.4084279109230433, 'trop_agb_crit': 1.5774541406529003, 'trop_k_veg': 0.5695379443977426, 'fuel_k': 0.028970790717327534, 'fuel_half': 16.371966573507315}.
[I 2026-07-22 21:53:40,852] Trial 191 finished with values: [10.764683279000868, 10.764683279000868] and parameters: {'k1': 5.3397427849512415e-05, 'D_low': 118.5778850288792, 'k2': 2.1698375693549493e-05, 'D_high': 1693415.5410667954, 'fire_exp': 1.8435203341118644, 'P_half': 4.889669266916749, 'pre_dampen_half': 0.09150505661171647, 'gpp_af': 0.0025511964576171086, 'gpp_b': 3.228689523591491e-05, 'gpp_d': 302.3127748796295, 'ign_k': 0.018707420137660268, 'ign_c': 0.22636544662054536, 'trop_agb_crit': 1.5072795582679794, 'trop_k_veg': 1.793919400078986, 'fuel_k': 1.8731335591844647, 'fuel_half': 38.21129441691226}.
[I 2026-07-22 21:53:41,272] Trial 192 finished with values: [10.769219587996643, 10.769219587996643] and parameters: {'k1': 0.0015375920235481753, 'D_low': 4.043300846639722, 'k2': 2.1698375693549493e-05, 'D_high': 160625.60954780428, 'fire_exp': 2.4645237762603327, 'P_half': 1938.3858782150498, 'pre_dampen_half': 0.06209055280340042, 'gpp_af': 25.371947027764822, 'gpp_b': 1.2892705405728861e-05, 'gpp_d': 0.09548041810464164, 'ign_k': 0.0015167330688076208, 'ign_c': 2.0013420622879967, 'trop_agb_crit': 3.7507963596256046, 'trop_k_veg': 1.0609790190334525, 'fuel_k': 2.006125726290936, 'fuel_half': 18.202647368248815}.
[I 2026-07-22 21:53:41,722] Trial 193 finished with values: [10.427306261696273, 10.427306261696273] and parameters: {'k1': 0.00016480446427978953, 'D_low': 1407.7923139972395, 'k2': 0.05583672722754823, 'D_high': 558.9524205217922, 'fire_exp': 1.0482996836046896, 'P_half': 13.019246714361572, 'pre_dampen_half': 228.6744476401009, 'gpp_af': 2.114381609520638, 'gpp_b': 1.1983032564333187e-05, 'gpp_d': 2.8006820077310226, 'ign_k': 0.04732407125181112, 'ign_c': 11.40086370112731, 'trop_agb_crit': 5.841230872704112, 'trop_k_veg': 4.130963924640279, 'fuel_k': 0.48736180483849406, 'fuel_half': 97.86395331218435}.
[I 2026-07-22 21:53:42,143] Trial 194 finished with values: [10.182803913128591, 10.182803913128591] and parameters: {'k1': 0.003242143344038315, 'D_low': 6220.638781359816, 'k2': 0.0034207303670092245, 'D_high': 16392.60991832772, 'fire_exp': 1.0862503061991866, 'P_half': 7.890004262668578, 'pre_dampen_half': 294.75617712568373, 'gpp_af': 0.12243451886824051, 'gpp_b': 1.7565109007473816e-05, 'gpp_d': 9.00460602264307, 'ign_k': 0.0013091491622098177, 'ign_c': 0.11650681118986138, 'trop_agb_crit': 5.707205898008383, 'trop_k_veg': 2.417028380770307, 'fuel_k': 0.018207179480706392, 'fuel_half': 42.6871254378718}.
[I 2026-07-22 21:53:42,565] Trial 195 finished with values: [-0.25338572842701407, 0.18120695840332357] and parameters: {'k1': 6.693990428538841e-05, 'D_low': 1.1640589436768796, 'k2': 0.035891558714508394, 'D_high': 2512533.442757688, 'fire_exp': 1.7650286443463072, 'P_half': 2.1095259085905753, 'pre_dampen_half': 294.75617712568373, 'gpp_af': 0.3259758793317361, 'gpp_b': 1.2892705405728861e-05, 'gpp_d': 2.901272149738622, 'ign_k': 0.0029580419692843236, 'ign_c': 201.0328373440913, 'trop_agb_crit': 1.1208086449693282, 'trop_k_veg': 0.5695379443977426, 'fuel_k': 1.312881567992459, 'fuel_half': 42.6871254378718}.
[I 2026-07-22 21:53:42,999] Trial 196 finished with values: [10.175422906071004, 10.175422906071004] and parameters: {'k1': 3.6595533391425955e-05, 'D_low': 12.856617791467924, 'k2': 0.0007406380926311093, 'D_high': 30235.506416287044, 'fire_exp': 2.264545306066772, 'P_half': 3.6138942712165267, 'pre_dampen_half': 94.20121790275627, 'gpp_af': 0.06789053271698488, 'gpp_b': 1.2892705405728861e-05, 'gpp_d': 0.09548041810464164, 'ign_k': 0.006290644294586149, 'ign_c': 11.40086370112731, 'trop_agb_crit': 2.598572417333811, 'trop_k_veg': 0.5687244174086067, 'fuel_k': 0.017262921159278164, 'fuel_half': 30.847886273764168}.
[I 2026-07-22 21:53:43,422] Trial 197 finished with values: [10.105182802318971, 10.105182802318971] and parameters: {'k1': 3.277022851928565e-05, 'D_low': 3.169598846855015, 'k2': 0.07799059237255677, 'D_high': 2283.4228779494524, 'fire_exp': 1.4750777427176416, 'P_half': 21.901578520649217, 'pre_dampen_half': 233.2883871089529, 'gpp_af': 0.09791370130598968, 'gpp_b': 2.325239859823921e-05, 'gpp_d': 2.2044650100999164, 'ign_k': 0.005105542986365654, 'ign_c': 94.19612235978188, 'trop_agb_crit': 12.285102065067687, 'trop_k_veg': 0.7808079158649266, 'fuel_k': 0.04207132303652083, 'fuel_half': 5.624789772977319}.
[I 2026-07-22 21:53:43,844] Trial 198 finished with values: [10.655511797845207, 10.655511797845207] and parameters: {'k1': 0.0187011406476519, 'D_low': 4956.545863307493, 'k2': 0.038650368562597265, 'D_high': 6978.624673182437, 'fire_exp': 1.8435203341118644, 'P_half': 4.889669266916749, 'pre_dampen_half': 868.1843415114095, 'gpp_af': 1.4498445474033743, 'gpp_b': 1.1983032564333187e-05, 'gpp_d': 144.76743839390986, 'ign_k': 0.005105542986365654, 'ign_c': 98.40989343758308, 'trop_agb_crit': 6.058402553512053, 'trop_k_veg': 1.793919400078986, 'fuel_k': 0.017262921159278164, 'fuel_half': 2.84163933350535}.
[I 2026-07-22 21:53:44,263] Trial 199 finished with values: [10.756323199326596, 10.756323199326596] and parameters: {'k1': 2.27847364377152e-05, 'D_low': 6220.638781359816, 'k2': 0.001566517163094646, 'D_high': 2512533.442757688, 'fire_exp': 2.2271826002669806, 'P_half': 27.59069025439785, 'pre_dampen_half': 0.4016986062226068, 'gpp_af': 0.12243451886824051, 'gpp_b': 0.002022832315155261, 'gpp_d': 25.017068255320467, 'ign_k': 3.284529979576942, 'ign_c': 2.4423775964038934, 'trop_agb_crit': 12.285102065067687, 'trop_k_veg': 2.417028380770307, 'fuel_k': 0.09252659617259135, 'fuel_half': 0.3335026483569958}.
[I 2026-07-22 21:53:44,684] Trial 200 finished with values: [10.610554657962465, 10.610554657962465] and parameters: {'k1': 6.693990428538841e-05, 'D_low': 1108.6804835269193, 'k2': 0.002342238625792905, 'D_high': 558.9524205217922, 'fire_exp': 2.3123511487896353, 'P_half': 13.019246714361572, 'pre_dampen_half': 347.79988160923324, 'gpp_af': 1.4498445474033743, 'gpp_b': 0.002022832315155261, 'gpp_d': 25.017068255320467, 'ign_k': 0.04732407125181112, 'ign_c': 11.40086370112731, 'trop_agb_crit': 6.058402553512053, 'trop_k_veg': 0.977663002683211, 'fuel_k': 0.48736180483849406, 'fuel_half': 0.32476735706274484}.
[I 2026-07-22 21:53:45,105] Trial 201 finished with values: [10.750203029518326, 10.750203029518326] and parameters: {'k1': 1.0605801312906204e-05, 'D_low': 140.92119204434155, 'k2': 0.000140654144219877, 'D_high': 1488557.802851245, 'fire_exp': 1.2386878293405026, 'P_half': 2193.8654178115053, 'pre_dampen_half': 3.9885726374014694, 'gpp_af': 18.235072804314193, 'gpp_b': 0.00010318352929732131, 'gpp_d': 372.8155624293852, 'ign_k': 3.210808548911192, 'ign_c': 20.23326185206641, 'trop_agb_crit': 1.5774541406529003, 'trop_k_veg': 1.578436797869987, 'fuel_k': 0.03743055596010634, 'fuel_half': 7.259866824755671}.
[I 2026-07-22 21:53:45,527] Trial 202 finished with values: [10.146826772558507, 10.146826772558507] and parameters: {'k1': 6.693990428538841e-05, 'D_low': 1.1640589436768796, 'k2': 0.038650368562597265, 'D_high': 2512533.442757688, 'fire_exp': 2.2271826002669806, 'P_half': 4.889669266916749, 'pre_dampen_half': 868.1843415114095, 'gpp_af': 1.4498445474033743, 'gpp_b': 1.1983032564333187e-05, 'gpp_d': 12.151631524283598, 'ign_k': 0.04732407125181112, 'ign_c': 16.626592254031866, 'trop_agb_crit': 5.841230872704112, 'trop_k_veg': 1.793919400078986, 'fuel_k': 0.017262921159278164, 'fuel_half': 2.84163933350535}.
[I 2026-07-22 21:53:45,946] Trial 203 finished with values: [10.764053421831589, 10.764053421831589] and parameters: {'k1': 0.00014001191914113747, 'D_low': 140.92119204434155, 'k2': 1.6559474674046002e-05, 'D_high': 107013.64911724928, 'fire_exp': 2.4572720237054373, 'P_half': 1228.2126524008484, 'pre_dampen_half': 3.9885726374014694, 'gpp_af': 2.114381609520638, 'gpp_b': 0.002022832315155261, 'gpp_d': 6.378078463802852, 'ign_k': 0.04732407125181112, 'ign_c': 2.4423775964038934, 'trop_agb_crit': 12.285102065067687, 'trop_k_veg': 1.7518409078083697, 'fuel_k': 1.2528108647479208, 'fuel_half': 2.276766792290519}.
[I 2026-07-22 21:53:46,367] Trial 204 finished with values: [15.131720275370547, 15.131720275370547] and parameters: {'k1': 0.0058043147174140705, 'D_low': 11.437258028094242, 'k2': 0.05583672722754823, 'D_high': 1488557.802851245, 'fire_exp': 1.2386878293405026, 'P_half': 28.15630081597223, 'pre_dampen_half': 868.1843415114095, 'gpp_af': 18.235072804314193, 'gpp_b': 1.1983032564333187e-05, 'gpp_d': 372.8155624293852, 'ign_k': 0.00515399351160314, 'ign_c': 20.23326185206641, 'trop_agb_crit': 6.058402553512053, 'trop_k_veg': 1.578436797869987, 'fuel_k': 0.017262921159278164, 'fuel_half': 7.860326410149302}.
[I 2026-07-22 21:53:46,787] Trial 205 finished with values: [10.76802168207819, 10.76802168207819] and parameters: {'k1': 1.2030530850061361e-05, 'D_low': 85.60024220272012, 'k2': 2.1698375693549493e-05, 'D_high': 160625.60954780428, 'fire_exp': 1.9656831165940098, 'P_half': 3648.4560830477985, 'pre_dampen_half': 9.288856801351132, 'gpp_af': 2.486059941484729, 'gpp_b': 0.5432846462741858, 'gpp_d': 3.1060682524644907, 'ign_k': 0.0022267996908938684, 'ign_c': 14.074279366401672, 'trop_agb_crit': 13.98132484257899, 'trop_k_veg': 1.7570501127699656, 'fuel_k': 0.15820328899546293, 'fuel_half': 0.2414020247400933}.
[I 2026-07-22 21:53:47,209] Trial 206 finished with values: [10.580898384071297, 10.580898384071297] and parameters: {'k1': 0.02806535913298299, 'D_low': 1407.7923139972395, 'k2': 0.0001971137615017176, 'D_high': 558.9524205217922, 'fire_exp': 1.0482996836046896, 'P_half': 269.74113434525447, 'pre_dampen_half': 3.659675301686168, 'gpp_af': 0.06789053271698488, 'gpp_b': 0.00012118589392553819, 'gpp_d': 6.91394869865762, 'ign_k': 0.006290644294586149, 'ign_c': 4.1108484350212295, 'trop_agb_crit': 2.419699259862185, 'trop_k_veg': 4.130963924640279, 'fuel_k': 0.48736180483849406, 'fuel_half': 7.259866824755671}.
[I 2026-07-22 21:53:47,631] Trial 207 finished with values: [10.261903404405555, 10.261903404405555] and parameters: {'k1': 0.011966626407443505, 'D_low': 13.25142220631392, 'k2': 0.01567230746060024, 'D_high': 3569.592428042591, 'fire_exp': 1.5922031489278718, 'P_half': 343.5759946100352, 'pre_dampen_half': 347.79988160923324, 'gpp_af': 1.1300566419249867, 'gpp_b': 1.7565109007473816e-05, 'gpp_d': 2.8006820077310226, 'ign_k': 0.004144296901136395, 'ign_c': 14.452451441203314, 'trop_agb_crit': 29.789943908227905, 'trop_k_veg': 4.130963924640279, 'fuel_k': 0.6199941538390381, 'fuel_half': 0.253071961271088}.
[I 2026-07-22 21:53:48,052] Trial 208 finished with values: [10.769203758251875, 10.769203758251875] and parameters: {'k1': 0.0131638092522722, 'D_low': 6220.638781359816, 'k2': 0.038650368562597265, 'D_high': 6978.624673182437, 'fire_exp': 1.8435203341118644, 'P_half': 4.961134450191397, 'pre_dampen_half': 0.03426913908389042, 'gpp_af': 0.015350904103515228, 'gpp_b': 4.0803257466853524e-05, 'gpp_d': 0.19476644406315285, 'ign_k': 0.005105542986365654, 'ign_c': 98.40989343758308, 'trop_agb_crit': 1.886175574962432, 'trop_k_veg': 2.3408809609838257, 'fuel_k': 1.312881567992459, 'fuel_half': 49.011305842597835}.
[I 2026-07-22 21:53:48,474] Trial 209 finished with values: [10.769230767199485, 10.769230767199485] and parameters: {'k1': 2.0937989739527727e-05, 'D_low': 150.83210025074274, 'k2': 0.0034207303670092245, 'D_high': 16392.60991832772, 'fire_exp': 1.1081148161781469, 'P_half': 1106.908213475539, 'pre_dampen_half': 0.4016986062226068, 'gpp_af': 0.015350904103515228, 'gpp_b': 1.7565109007473816e-05, 'gpp_d': 0.19476644406315285, 'ign_k': 0.5131654955148324, 'ign_c': 47.268615251255675, 'trop_agb_crit': 1.886175574962432, 'trop_k_veg': 0.9369104721775232, 'fuel_k': 0.6199941538390381, 'fuel_half': 0.3335026483569958}.
[I 2026-07-22 21:53:48,895] Trial 210 finished with values: [10.347218004128706, 10.347218004128706] and parameters: {'k1': 6.693990428538841e-05, 'D_low': 1768.4772284586304, 'k2': 0.002342238625792905, 'D_high': 887331.2884015184, 'fire_exp': 2.2271826002669806, 'P_half': 28.15630081597223, 'pre_dampen_half': 10.059683154936915, 'gpp_af': 1.4498445474033743, 'gpp_b': 0.002022832315155261, 'gpp_d': 25.017068255320467, 'ign_k': 0.04732407125181112, 'ign_c': 2.4423775964038934, 'trop_agb_crit': 6.058402553512053, 'trop_k_veg': 1.7518409078083697, 'fuel_k': 0.09252659617259135, 'fuel_half': 16.371966573507315}.
[I 2026-07-22 21:53:49,317] Trial 211 finished with values: [-0.3092854096573612, 0.18632283703668873] and parameters: {'k1': 0.002968335334246999, 'D_low': 4.043300846639722, 'k2': 0.07799059237255677, 'D_high': 107013.64911724928, 'fire_exp': 1.034491242472073, 'P_half': 3648.4560830477985, 'pre_dampen_half': 94.20121790275627, 'gpp_af': 18.235072804314193, 'gpp_b': 3.228689523591491e-05, 'gpp_d': 302.3127748796295, 'ign_k': 0.006039096247545781, 'ign_c': 3.0378658251922155, 'trop_agb_crit': 3.5522713231614182, 'trop_k_veg': 1.6340262437673856, 'fuel_k': 1.2528108647479208, 'fuel_half': 0.33988503110784557}.
