[I 2026-08-06 00:19:51,927] Trial 795 finished with values: [-0.5773831354954121, 0.15002960238397112] and parameters: {'k1': 0.00012105387404469581, 'D_low': 74.92772870670282, 'k2': 3.5917714215176105e-05, 'D_high': 6455.595882939566, 'fire_exp': 1.151006986743773, 'P_half': 22.4895428439145, 'pre_dampen_half': 111.37963167994629, 'gpp_af': 1.6595781802652418, 'gpp_b': 1.821693031918062e-05, 'gpp_d': 4.5768578731086835, 'ign_k': 0.11903394335305037, 'ign_c': 19.19168994439752}.
[I 2026-08-06 00:19:52,831] Trial 796 finished with values: [10.383942828378117, 10.383942828378117] and parameters: {'k1': 0.002971796631657383, 'D_low': 125.32726386250698, 'k2': 0.006138509947844854, 'D_high': 8182.111518618414, 'fire_exp': 2.196935728020977, 'P_half': 125.61043700013555, 'pre_dampen_half': 111.37963167994629, 'gpp_af': 0.47739011308437823, 'gpp_b': 8.539677611488478e-05, 'gpp_d': 5.085491038878331, 'ign_k': 0.019192001101561888, 'ign_c': 34.088312486613106}.
[I 2026-08-06 00:19:53,699] Trial 797 finished with values: [10.989772146572264, 10.989772146572264] and parameters: {'k1': 0.0029707920514735983, 'D_low': 1.54121727098019, 'k2': 8.200096539027468e-05, 'D_high': 75773.14388518519, 'fire_exp': 1.5201277403788451, 'P_half': 125.61043700013555, 'pre_dampen_half': 958.6709783968975, 'gpp_af': 1.6595781802652418, 'gpp_b': 8.539677611488478e-05, 'gpp_d': 4.5768578731086835, 'ign_k': 0.019192001101561888, 'ign_c': 2.92043384718141}.
[I 2026-08-06 00:19:54,588] Trial 798 finished with values: [10.768076888575575, 10.768076888575575] and parameters: {'k1': 0.0017320535908244437, 'D_low': 6391.655642276445, 'k2': 1.1184534120760473e-05, 'D_high': 11069.082134755383, 'fire_exp': 1.5201277403788451, 'P_half': 408.3047491580097, 'pre_dampen_half': 36.876350096203005, 'gpp_af': 0.028585493941961918, 'gpp_b': 0.04070717093750775, 'gpp_d': 4.5768578731086835, 'ign_k': 0.0026834162496848666, 'ign_c': 2.92043384718141}.
[I 2026-08-06 00:19:55,591] Trial 799 finished with values: [11.62366269833823, 11.62366269833823] and parameters: {'k1': 0.0005486676498816061, 'D_low': 532.1216007763549, 'k2': 0.006138509947844854, 'D_high': 75773.14388518519, 'fire_exp': 1.010722707674549, 'P_half': 7.857247967427123, 'pre_dampen_half': 36.876350096203005, 'gpp_af': 0.09172078901566363, 'gpp_b': 8.539677611488478e-05, 'gpp_d': 891.8036602897795, 'ign_k': 0.08312953263874531, 'ign_c': 14.810800730363484}.
[I 2026-08-06 00:19:56,664] Trial 800 finished with values: [11.829194023169542, 11.829194023169542] and parameters: {'k1': 0.00012105387404469581, 'D_low': 74.92772870670282, 'k2': 0.0010204225357677778, 'D_high': 3660.150802571655, 'fire_exp': 1.5201277403788451, 'P_half': 22.4895428439145, 'pre_dampen_half': 304.7488318185732, 'gpp_af': 1.6595781802652418, 'gpp_b': 8.539677611488478e-05, 'gpp_d': 668.5510162938966, 'ign_k': 0.09071933427331372, 'ign_c': 9.34330265731847}.
[I 2026-08-06 00:19:57,535] Trial 801 finished with values: [-0.5708861854424231, 0.10936724417701571] and parameters: {'k1': 0.025383218374507292, 'D_low': 18.522006003174383, 'k2': 4.763991596630584e-05, 'D_high': 1687.3495104568947, 'fire_exp': 1.010722707674549, 'P_half': 608.3019192425825, 'pre_dampen_half': 14.689898077648792, 'gpp_af': 0.47739011308437823, 'gpp_b': 0.10123867001105968, 'gpp_d': 124.72235343584714, 'ign_k': 3.7173717478250508, 'ign_c': 14.810800730363484}.
[I 2026-08-06 00:19:58,453] Trial 802 finished with values: [-0.5529459501024101, 0.19970540831540995] and parameters: {'k1': 0.002971796631657383, 'D_low': 9.882278532808778, 'k2': 1.1184534120760473e-05, 'D_high': 6455.595882939566, 'fire_exp': 1.4665043946307825, 'P_half': 125.61043700013555, 'pre_dampen_half': 304.7488318185732, 'gpp_af': 5.511863475708366, 'gpp_b': 0.0024194895091734425, 'gpp_d': 263.6527567943319, 'ign_k': 0.031134168041628628, 'ign_c': 19.19168994439752}.
[I 2026-08-06 00:19:59,863] Trial 803 finished with values: [10.743573535490977, 10.743573535490977] and parameters: {'k1': 0.0017320535908244437, 'D_low': 98.57545621889057, 'k2': 0.006138509947844854, 'D_high': 75773.14388518519, 'fire_exp': 2.2881850891698634, 'P_half': 24.136213194527585, 'pre_dampen_half': 33.9790424311127, 'gpp_af': 0.004344117003966495, 'gpp_b': 0.011750724729953272, 'gpp_d': 19.65797948502804, 'ign_k': 0.005877005203443299, 'ign_c': 14.810800730363484}.
[I 2026-08-06 00:20:01,835] Trial 804 finished with values: [11.988739210506491, 11.988739210506491] and parameters: {'k1': 0.00012105387404469581, 'D_low': 532.1216007763549, 'k2': 8.17182556771865e-05, 'D_high': 75773.14388518519, 'fire_exp': 1.6294642623991613, 'P_half': 14.94057723907974, 'pre_dampen_half': 958.6709783968975, 'gpp_af': 0.028585493941961918, 'gpp_b': 8.539677611488478e-05, 'gpp_d': 4.5768578731086835, 'ign_k': 0.09071933427331372, 'ign_c': 14.810800730363484}.
[I 2026-08-06 00:20:02,658] Trial 805 finished with values: [10.083963008181236, 10.083963008181236] and parameters: {'k1': 0.002971796631657383, 'D_low': 1.54121727098019, 'k2': 1.1184534120760473e-05, 'D_high': 6455.595882939566, 'fire_exp': 1.5201277403788451, 'P_half': 958.8659498594012, 'pre_dampen_half': 111.37963167994629, 'gpp_af': 0.47739011308437823, 'gpp_b': 3.481277316673104e-05, 'gpp_d': 11.347624185662207, 'ign_k': 0.11101191524846071, 'ign_c': 2.2882309479728957}.
[I 2026-08-06 00:20:03,530] Trial 806 finished with values: [12.323844692664402, 12.323844692664402] and parameters: {'k1': 0.03232155805617897, 'D_low': 7.068974950624602, 'k2': 0.006138509947844854, 'D_high': 75773.14388518519, 'fire_exp': 1.1044852285094786, 'P_half': 14.94057723907974, 'pre_dampen_half': 247.25776073156666, 'gpp_af': 0.11353829000087724, 'gpp_b': 3.228689523591491e-05, 'gpp_d': 158.2364439052928, 'ign_k': 0.03141110271934876, 'ign_c': 47.268615251255675}.
[I 2026-08-06 00:20:04,401] Trial 807 finished with values: [10.76192791703783, 10.76192791703783] and parameters: {'k1': 0.025383218374507292, 'D_low': 18.522006003174383, 'k2': 4.763991596630584e-05, 'D_high': 1687.3495104568947, 'fire_exp': 7.943705287383083, 'P_half': 8.369109437186466, 'pre_dampen_half': 111.37963167994629, 'gpp_af': 22.766850248686247, 'gpp_b': 0.6637926838138378, 'gpp_d': 891.8036602897795, 'ign_k': 3.7173717478250508, 'ign_c': 8.671454322584175}.
[I 2026-08-06 00:20:05,348] Trial 808 finished with values: [13.31480823593356, 13.31480823593356] and parameters: {'k1': 0.00012105387404469581, 'D_low': 74.92772870670282, 'k2': 0.006138509947844854, 'D_high': 75773.14388518519, 'fire_exp': 1.5201277403788451, 'P_half': 22.4895428439145, 'pre_dampen_half': 304.7488318185732, 'gpp_af': 1.6595781802652418, 'gpp_b': 8.539677611488478e-05, 'gpp_d': 368.30088529547436, 'ign_k': 0.11101191524846071, 'ign_c': 2.592301536155855}.
[I 2026-08-06 00:20:06,332] Trial 809 finished with values: [-0.5398857051260726, 0.17989014881101562] and parameters: {'k1': 0.0017320535908244437, 'D_low': 9.882278532808778, 'k2': 1.1184534120760473e-05, 'D_high': 3660.150802571655, 'fire_exp': 1.5201277403788451, 'P_half': 125.61043700013555, 'pre_dampen_half': 246.93224594675561, 'gpp_af': 0.028585493941961918, 'gpp_b': 8.539677611488478e-05, 'gpp_d': 150.14555442537656, 'ign_k': 0.04135816738916687, 'ign_c': 14.810800730363484}.
[I 2026-08-06 00:20:07,318] Trial 810 finished with values: [10.73558100516513, 10.73558100516513] and parameters: {'k1': 0.025383218374507292, 'D_low': 4.051452710153359, 'k2': 0.0004381141781653133, 'D_high': 29456.2056920274, 'fire_exp': 1.7253235844223638, 'P_half': 39.03214299767183, 'pre_dampen_half': 567.9600794296686, 'gpp_af': 0.0025511964576171086, 'gpp_b': 3.481277316673104e-05, 'gpp_d': 79.91486611862103, 'ign_k': 0.1550134937334847, 'ign_c': 47.268615251255675}.
[I 2026-08-06 00:20:08,291] Trial 811 finished with values: [10.12694940659157, 10.12694940659157] and parameters: {'k1': 0.021368329072358756, 'D_low': 532.1216007763549, 'k2': 0.0004381141781653133, 'D_high': 9769.756791866093, 'fire_exp': 1.1044852285094786, 'P_half': 125.61043700013555, 'pre_dampen_half': 304.7488318185732, 'gpp_af': 1.6595781802652418, 'gpp_b': 0.00044548820847973626, 'gpp_d': 5.878566318396007, 'ign_k': 0.03141110271934876, 'ign_c': 14.810800730363484}.
[I 2026-08-06 00:20:09,319] Trial 812 finished with values: [10.058209872341932, 10.058209872341932] and parameters: {'k1': 0.00012105387404469581, 'D_low': 4.051452710153359, 'k2': 3.5917714215176105e-05, 'D_high': 3660.150802571655, 'fire_exp': 1.5201277403788451, 'P_half': 22.4895428439145, 'pre_dampen_half': 304.7488318185732, 'gpp_af': 35.20481045526041, 'gpp_b': 8.539677611488478e-05, 'gpp_d': 300.3420512048734, 'ign_k': 0.4702627143647234, 'ign_c': 14.810800730363484}.
[I 2026-08-06 00:20:10,314] Trial 813 finished with values: [10.768316793266695, 10.768316793266695] and parameters: {'k1': 0.0029707920514735983, 'D_low': 4.051452710153359, 'k2': 3.5917714215176105e-05, 'D_high': 6366.1449945522045, 'fire_exp': 1.5201277403788451, 'P_half': 147.09699119495133, 'pre_dampen_half': 703.6426675556048, 'gpp_af': 0.0025511964576171086, 'gpp_b': 8.539677611488478e-05, 'gpp_d': 0.19476644406315288, 'ign_k': 0.03141110271934876, 'ign_c': 195.18986965599527}.
[I 2026-08-06 00:20:11,291] Trial 814 finished with values: [10.142768530927817, 10.142768530927817] and parameters: {'k1': 0.0029707920514735983, 'D_low': 1112.9571947046009, 'k2': 2.1698375693549493e-05, 'D_high': 75773.14388518519, 'fire_exp': 1.182396148413737, 'P_half': 49.539659199197295, 'pre_dampen_half': 36.876350096203005, 'gpp_af': 0.0025511964576171086, 'gpp_b': 3.228689523591491e-05, 'gpp_d': 150.14555442537656, 'ign_k': 0.0026834162496848666, 'ign_c': 0.8891936446296247}.
[I 2026-08-06 00:20:12,301] Trial 815 finished with values: [10.745278247786903, 10.745278247786903] and parameters: {'k1': 0.0002656971546588439, 'D_low': 125.32726386250698, 'k2': 0.006138509947844854, 'D_high': 233.52156626184438, 'fire_exp': 2.196935728020977, 'P_half': 39.03214299767183, 'pre_dampen_half': 76.86605275420082, 'gpp_af': 0.0025511964576171086, 'gpp_b': 3.228689523591491e-05, 'gpp_d': 21.76454019090988, 'ign_k': 0.03141110271934876, 'ign_c': 47.268615251255675}.
[I 2026-08-06 00:20:13,264] Trial 816 finished with values: [10.57380299793756, 10.57380299793756] and parameters: {'k1': 0.00012105387404469581, 'D_low': 74.92772870670282, 'k2': 3.5917714215176105e-05, 'D_high': 9769.756791866093, 'fire_exp': 1.5201277403788451, 'P_half': 2.4106893837852787, 'pre_dampen_half': 5.542030950268268, 'gpp_af': 0.08235550625917108, 'gpp_b': 0.011750724729953272, 'gpp_d': 4.5768578731086835, 'ign_k': 0.11903394335305037, 'ign_c': 6.160975294741436}.
[I 2026-08-06 00:20:14,289] Trial 817 finished with values: [10.806964525080776, 10.806964525080776] and parameters: {'k1': 0.0029707920514735983, 'D_low': 7.068974950624602, 'k2': 0.0004381141781653133, 'D_high': 75773.14388518519, 'fire_exp': 1.182396148413737, 'P_half': 22.4895428439145, 'pre_dampen_half': 36.876350096203005, 'gpp_af': 0.0025511964576171086, 'gpp_b': 8.539677611488478e-05, 'gpp_d': 0.19476644406315288, 'ign_k': 0.0026834162496848666, 'ign_c': 14.810800730363484}.
[I 2026-08-06 00:20:15,265] Trial 818 finished with values: [10.756714128038565, 10.756714128038565] and parameters: {'k1': 0.0029707920514735983, 'D_low': 4.051452710153359, 'k2': 1.1184534120760473e-05, 'D_high': 29456.2056920274, 'fire_exp': 1.4665043946307825, 'P_half': 147.09699119495133, 'pre_dampen_half': 76.86605275420082, 'gpp_af': 0.0025511964576171086, 'gpp_b': 0.10123867001105968, 'gpp_d': 668.5510162938966, 'ign_k': 0.1550134937334847, 'ign_c': 9.34330265731847}.
[I 2026-08-06 00:20:16,242] Trial 819 finished with values: [-0.5443840572357487, 0.17916004185749068] and parameters: {'k1': 0.0029707920514735983, 'D_low': 1.54121727098019, 'k2': 1.1184534120760473e-05, 'D_high': 1687.3495104568947, 'fire_exp': 1.010722707674549, 'P_half': 608.3019192425825, 'pre_dampen_half': 36.876350096203005, 'gpp_af': 0.0025511964576171086, 'gpp_b': 3.228689523591491e-05, 'gpp_d': 891.8036602897795, 'ign_k': 0.019192001101561888, 'ign_c': 2.92043384718141}.
[I 2026-08-06 00:20:17,495] Trial 820 finished with values: [10.505814136006506, 10.505814136006506] and parameters: {'k1': 0.00012105387404469581, 'D_low': 312.92286563608616, 'k2': 0.006138509947844854, 'D_high': 1123.9682517242118, 'fire_exp': 2.2881850891698634, 'P_half': 8.369109437186466, 'pre_dampen_half': 88.81627111957808, 'gpp_af': 1.6595781802652418, 'gpp_b': 0.0035057749039614167, 'gpp_d': 4.5768578731086835, 'ign_k': 0.11903394335305037, 'ign_c': 6.160975294741436}.
[I 2026-08-06 00:20:18,468] Trial 821 finished with values: [-0.5468099753273339, 0.13080988387964776] and parameters: {'k1': 0.025383218374507292, 'D_low': 532.1216007763549, 'k2': 0.0004381141781653133, 'D_high': 11069.082134755383, 'fire_exp': 1.010722707674549, 'P_half': 39.03214299767183, 'pre_dampen_half': 33.9790424311127, 'gpp_af': 0.18148402127631746, 'gpp_b': 0.03308649623479659, 'gpp_d': 5.085491038878331, 'ign_k': 0.03141110271934876, 'ign_c': 8.671454322584175}.
[I 2026-08-06 00:20:19,494] Trial 822 finished with values: [10.762962504846636, 10.762962504846636] and parameters: {'k1': 0.025383218374507292, 'D_low': 18.522006003174383, 'k2': 4.763991596630584e-05, 'D_high': 1687.3495104568947, 'fire_exp': 1.010722707674549, 'P_half': 608.3019192425825, 'pre_dampen_half': 14.689898077648792, 'gpp_af': 0.0025511964576171086, 'gpp_b': 0.6637926838138378, 'gpp_d': 891.8036602897795, 'ign_k': 3.7173717478250508, 'ign_c': 14.367095138664217}.
[I 2026-08-06 00:20:20,502] Trial 823 finished with values: [-0.5128634321683552, 0.15254704643956596] and parameters: {'k1': 0.029722820698619923, 'D_low': 7.068974950624602, 'k2': 0.0004381141781653133, 'D_high': 6455.595882939566, 'fire_exp': 1.151006986743773, 'P_half': 1938.3858782150498, 'pre_dampen_half': 111.37963167994629, 'gpp_af': 0.028585493941961918, 'gpp_b': 3.228689523591491e-05, 'gpp_d': 13.076473382928533, 'ign_k': 0.031134168041628628, 'ign_c': 47.268615251255675}.
[I 2026-08-06 00:20:21,496] Trial 824 finished with values: [10.769227400143647, 10.769227400143647] and parameters: {'k1': 0.0017320535908244437, 'D_low': 4.699556021099095, 'k2': 0.006138509947844854, 'D_high': 11069.082134755383, 'fire_exp': 2.2881850891698634, 'P_half': 8.369109437186466, 'pre_dampen_half': 48.34691027981356, 'gpp_af': 0.004344117003966495, 'gpp_b': 1.5023892424595373, 'gpp_d': 19.65797948502804, 'ign_k': 0.09071933427331372, 'ign_c': 8.671454322584175}.
[I 2026-08-06 00:20:22,505] Trial 825 finished with values: [10.220749774465167, 10.220749774465167] and parameters: {'k1': 0.03232155805617897, 'D_low': 125.32726386250698, 'k2': 7.361379380357782e-05, 'D_high': 1123.9682517242118, 'fire_exp': 1.010722707674549, 'P_half': 8.369109437186466, 'pre_dampen_half': 111.37963167994629, 'gpp_af': 0.00301004353953023, 'gpp_b': 0.0035057749039614167, 'gpp_d': 0.11136446029400991, 'ign_k': 0.03141110271934876, 'ign_c': 47.268615251255675}.
[I 2026-08-06 00:20:23,519] Trial 826 finished with values: [10.330927805309669, 10.330927805309669] and parameters: {'k1': 0.00012105387404469581, 'D_low': 1.54121727098019, 'k2': 3.5917714215176105e-05, 'D_high': 6455.595882939566, 'fire_exp': 1.0559384059137513, 'P_half': 958.8659498594012, 'pre_dampen_half': 111.37963167994629, 'gpp_af': 0.47739011308437823, 'gpp_b': 8.539677611488478e-05, 'gpp_d': 5.878566318396007, 'ign_k': 4.461217349302768, 'ign_c': 2.41842279584716}.
[I 2026-08-06 00:20:24,492] Trial 827 finished with values: [10.738024659961965, 10.738024659961965] and parameters: {'k1': 0.00369731116092524, 'D_low': 396.8136435370147, 'k2': 0.002681489769414653, 'D_high': 1537.4098204111451, 'fire_exp': 1.5201277403788451, 'P_half': 22.4895428439145, 'pre_dampen_half': 0.14445596525544369, 'gpp_af': 1.6595781802652418, 'gpp_b': 8.539677611488478e-05, 'gpp_d': 4.5768578731086835, 'ign_k': 0.11903394335305037, 'ign_c': 14.810800730363484}.
[I 2026-08-06 00:20:25,538] Trial 828 finished with values: [-0.5269921704857299, 0.1734464436047245] and parameters: {'k1': 0.021368329072358756, 'D_low': 7.068974950624602, 'k2': 1.1184534120760473e-05, 'D_high': 75773.14388518519, 'fire_exp': 2.196935728020977, 'P_half': 22.4895428439145, 'pre_dampen_half': 304.7488318185732, 'gpp_af': 0.47739011308437823, 'gpp_b': 8.539677611488478e-05, 'gpp_d': 39.827466658711515, 'ign_k': 0.0026834162496848666, 'ign_c': 14.810800730363484}.
[I 2026-08-06 00:20:26,518] Trial 829 finished with values: [10.377740659499258, 10.377740659499258] and parameters: {'k1': 0.0017320535908244437, 'D_low': 532.1216007763549, 'k2': 1.1184534120760473e-05, 'D_high': 75773.14388518519, 'fire_exp': 1.4665043946307825, 'P_half': 125.61043700013555, 'pre_dampen_half': 36.876350096203005, 'gpp_af': 0.09172078901566363, 'gpp_b': 8.539677611488478e-05, 'gpp_d': 0.9005959291141283, 'ign_k': 0.019192001101561888, 'ign_c': 23.872908899163228}.
[I 2026-08-06 00:20:27,483] Trial 830 finished with values: [-0.5400902533714277, 0.16141831583665867] and parameters: {'k1': 0.0009706606756877609, 'D_low': 532.1216007763549, 'k2': 0.08935977793528184, 'D_high': 75773.14388518519, 'fire_exp': 1.5201277403788451, 'P_half': 22.4895428439145, 'pre_dampen_half': 33.9790424311127, 'gpp_af': 0.0025511964576171086, 'gpp_b': 8.539677611488478e-05, 'gpp_d': 668.5510162938966, 'ign_k': 0.0035136541394511, 'ign_c': 14.810800730363484}.
[I 2026-08-06 00:20:28,468] Trial 831 finished with values: [10.716897544984981, 10.716897544984981] and parameters: {'k1': 0.00012105387404469581, 'D_low': 540.7445028694731, 'k2': 3.5917714215176105e-05, 'D_high': 11069.082134755383, 'fire_exp': 2.196935728020977, 'P_half': 22.4895428439145, 'pre_dampen_half': 36.876350096203005, 'gpp_af': 2.990355148608495, 'gpp_b': 8.539677611488478e-05, 'gpp_d': 5.085491038878331, 'ign_k': 0.019192001101561888, 'ign_c': 4.142619760188259}.
[I 2026-08-06 00:20:29,472] Trial 832 finished with values: [11.817564075115587, 11.817564075115587] and parameters: {'k1': 0.03232155805617897, 'D_low': 1.54121727098019, 'k2': 0.006138509947844854, 'D_high': 1123.9682517242118, 'fire_exp': 2.2881850891698634, 'P_half': 8.369109437186466, 'pre_dampen_half': 111.37963167994629, 'gpp_af': 0.0025511964576171086, 'gpp_b': 3.228689523591491e-05, 'gpp_d': 0.11136446029400991, 'ign_k': 0.8826264591983531, 'ign_c': 8.671454322584175}.
[I 2026-08-06 00:20:30,520] Trial 833 finished with values: [-0.5724890439994165, 0.1670246012231733] and parameters: {'k1': 0.002971796631657383, 'D_low': 74.92772870670282, 'k2': 0.0007081721844034209, 'D_high': 9769.756791866093, 'fire_exp': 1.0881360604103363, 'P_half': 10.226988730324324, 'pre_dampen_half': 5.542030950268268, 'gpp_af': 0.08235550625917108, 'gpp_b': 0.011750724729953272, 'gpp_d': 4.5768578731086835, 'ign_k': 0.11903394335305037, 'ign_c': 6.160975294741436}.
[I 2026-08-06 00:20:31,521] Trial 834 finished with values: [10.685018619392114, 10.685018619392114] and parameters: {'k1': 0.0029707920514735983, 'D_low': 1.54121727098019, 'k2': 1.1184534120760473e-05, 'D_high': 75773.14388518519, 'fire_exp': 1.4665043946307825, 'P_half': 125.61043700013555, 'pre_dampen_half': 36.876350096203005, 'gpp_af': 0.0025511964576171086, 'gpp_b': 0.011750724729953272, 'gpp_d': 5.878566318396007, 'ign_k': 0.0026834162496848666, 'ign_c': 2.92043384718141}.
[I 2026-08-06 00:20:32,492] Trial 835 finished with values: [10.754748041251991, 10.754748041251991] and parameters: {'k1': 0.0017320535908244437, 'D_low': 2.1234210963705626, 'k2': 1.1184534120760473e-05, 'D_high': 75773.14388518519, 'fire_exp': 1.151006986743773, 'P_half': 408.3047491580097, 'pre_dampen_half': 304.7488318185732, 'gpp_af': 5.511863475708366, 'gpp_b': 0.0037084949295141927, 'gpp_d': 13.076473382928533, 'ign_k': 0.09071933427331372, 'ign_c': 74.19780584302272}.
[I 2026-08-06 00:20:33,489] Trial 836 finished with values: [-0.4750627079123074, 0.1992238129431242] and parameters: {'k1': 0.0002656971546588439, 'D_low': 74.92772870670282, 'k2': 0.0007081721844034209, 'D_high': 10316.033434719713, 'fire_exp': 1.518582349269638, 'P_half': 14.94057723907974, 'pre_dampen_half': 76.86605275420082, 'gpp_af': 0.08235550625917108, 'gpp_b': 0.1427634083968456, 'gpp_d': 300.3420512048734, 'ign_k': 0.11903394335305037, 'ign_c': 6.160975294741436}.
[I 2026-08-06 00:20:34,497] Trial 837 finished with values: [10.656536975807363, 10.656536975807363] and parameters: {'k1': 6.615437365561391e-05, 'D_low': 532.1216007763549, 'k2': 2.1698375693549493e-05, 'D_high': 3660.150802571655, 'fire_exp': 1.5201277403788451, 'P_half': 22.4895428439145, 'pre_dampen_half': 304.7488318185732, 'gpp_af': 1.6595781802652418, 'gpp_b': 8.539677611488478e-05, 'gpp_d': 0.07404167689653945, 'ign_k': 0.11101191524846071, 'ign_c': 2.2882309479728957}.
[I 2026-08-06 00:20:35,507] Trial 838 finished with values: [10.487871791287246, 10.487871791287246] and parameters: {'k1': 0.0017320535908244437, 'D_low': 532.1216007763549, 'k2': 1.4378290221680118e-05, 'D_high': 639.0695092073224, 'fire_exp': 1.5201277403788451, 'P_half': 119.21396716829831, 'pre_dampen_half': 33.9790424311127, 'gpp_af': 22.766850248686247, 'gpp_b': 8.86208604060461, 'gpp_d': 891.8036602897795, 'ign_k': 0.09071933427331372, 'ign_c': 0.32627001117104587}.
[I 2026-08-06 00:20:36,592] Trial 839 finished with values: [10.745883124146347, 10.745883124146347] and parameters: {'k1': 0.021368329072358756, 'D_low': 532.1216007763549, 'k2': 1.1184534120760473e-05, 'D_high': 75773.14388518519, 'fire_exp': 1.4665043946307825, 'P_half': 125.61043700013555, 'pre_dampen_half': 0.03315494004644148, 'gpp_af': 0.09172078901566363, 'gpp_b': 8.539677611488478e-05, 'gpp_d': 4.5768578731086835, 'ign_k': 3.7173717478250508, 'ign_c': 14.367095138664217}.
