[I 2026-08-19 13:36:29,663] Trial 929 finished with values: [-0.40884871143976015, 2.1988533216443784e-09] and parameters: {'k1': 0.0017574830822120952, 'D_low': 286.06841726052676, 'k2': 4.392638796750218e-05, 'D_high': 1840060.4093141211, 'fire_exp': 6.464773756830049, 'P_half': 8894.151386481904, 'pre_dampen_half': 0.2571419084734534, 'gpp_af': 6.635341982375291, 'gpp_b': 1.624829724391053, 'gpp_d': 118.26972885708257, 'ign_k': 1.327536113719196, 'ign_c': 12.366924205139131, 'trop_agb_crit': 3.544180417534903, 'trop_k_veg': 4.30392173391187, 'pop_amp': 6.746076139939917, 'pop_peak': 1.9043491615789352, 'pop_sig': 0.6871869718280653, 'fuel_k': 0.18940660610935214, 'fuel_half': 0.18427970406864538}.
[I 2026-08-19 13:36:33,643] Trial 930 finished with values: [-0.411365715723403, 5.314474465500929e-06] and parameters: {'k1': 0.0004846497679219079, 'D_low': 1368.9795993592197, 'k2': 1.2748758606816134e-05, 'D_high': 1819372.4578178402, 'fire_exp': 2.5321117364280843, 'P_half': 267.2146013620241, 'pre_dampen_half': 0.2571419084734534, 'gpp_af': 0.9346598275601615, 'gpp_b': 4.038332634638232, 'gpp_d': 108.18665579547857, 'ign_k': 0.009935023909063692, 'ign_c': 6.0816733722841345, 'trop_agb_crit': 1.050713312531254, 'trop_k_veg': 0.8084202024508578, 'pop_amp': 5.27924855752961, 'pop_peak': 1.884221947092994, 'pop_sig': 0.5314193463179775, 'fuel_k': 0.9666195090843235, 'fuel_half': 17.890117928710357}.
  trial  931/2500  pareto_size=26  best_ilamb=0.6094  (50.9 min)
[I 2026-08-19 13:36:42,306] Trial 931 finished with values: [-0.42492128628569814, 2.9263210543639673e-07] and parameters: {'k1': 4.0873003903057456e-05, 'D_low': 1381.4827557709839, 'k2': 0.0019856031481305684, 'D_high': 1840060.4093141211, 'fire_exp': 3.7695400350033266, 'P_half': 8894.151386481904, 'pre_dampen_half': 0.2571419084734534, 'gpp_af': 0.18737227240512885, 'gpp_b': 0.0001605469768042801, 'gpp_d': 118.26972885708257, 'ign_k': 0.3699359899959751, 'ign_c': 13.909474988024083, 'trop_agb_crit': 28.49245476864681, 'trop_k_veg': 2.968382718115938, 'pop_amp': 0.0013002472438361158, 'pop_peak': 456.60279198301936, 'pop_sig': 0.32561835694668706, 'fuel_k': 0.11148299766359336, 'fuel_half': 38.055644378716025}.
[I 2026-08-19 13:36:51,136] Trial 932 finished with values: [-0.4203881700932942, 6.139801600468786e-08] and parameters: {'k1': 4.929552311643645e-05, 'D_low': 21721.300271457043, 'k2': 0.0019856031481305684, 'D_high': 1840060.4093141211, 'fire_exp': 4.4758690202162805, 'P_half': 8894.151386481904, 'pre_dampen_half': 0.2571419084734534, 'gpp_af': 0.0077125451401819246, 'gpp_b': 0.0001605469768042801, 'gpp_d': 118.26972885708257, 'ign_k': 0.43129510236174595, 'ign_c': 12.366924205139131, 'trop_agb_crit': 3.544180417534903, 'trop_k_veg': 4.30392173391187, 'pop_amp': 10.985330528057915, 'pop_peak': 503.7153440645595, 'pop_sig': 0.6871869718280653, 'fuel_k': 0.11148299766359336, 'fuel_half': 17.890117928710357}.
[I 2026-08-19 13:37:02,080] Trial 933 finished with values: [-0.48963381412126383, 0.03743024764510472] and parameters: {'k1': 2.9693357731296325e-05, 'D_low': 15150.361381456718, 'k2': 0.0019856031481305684, 'D_high': 1124534.1807254362, 'fire_exp': 1.8678802571070678, 'P_half': 1.8649768600018217, 'pre_dampen_half': 0.2571419084734534, 'gpp_af': 0.006580815488709274, 'gpp_b': 9.67374839440457e-05, 'gpp_d': 118.26972885708257, 'ign_k': 0.45791923103229365, 'ign_c': 6.0816733722841345, 'trop_agb_crit': 3.544180417534903, 'trop_k_veg': 5.691473319778836, 'pop_amp': 0.029228481237926353, 'pop_peak': 1.884221947092994, 'pop_sig': 1.804482856986987, 'fuel_k': 3.250046746707412, 'fuel_half': 1.7895437790635824}.
  trial  934/2500  pareto_size=26  best_ilamb=0.6094  (51.4 min)
[I 2026-08-19 13:37:12,444] Trial 934 finished with values: [-0.3554625854118624, 0.0] and parameters: {'k1': 5.025876001070713e-05, 'D_low': 393.5385399037397, 'k2': 3.077180271250682e-05, 'D_high': 6543576.946931886, 'fire_exp': 5.103111966648476, 'P_half': 6281.776703992854, 'pre_dampen_half': 0.19674328025306115, 'gpp_af': 0.18737227240512885, 'gpp_b': 0.0007417652034871827, 'gpp_d': 3.9841905944346854, 'ign_k': 0.3818468247973969, 'ign_c': 89.12611835816996, 'trop_agb_crit': 14.188434224699876, 'trop_k_veg': 4.288672925586801, 'pop_amp': 10.985330528057915, 'pop_peak': 352.89806695809773, 'pop_sig': 0.9904669476016459, 'fuel_k': 4.04437775870989, 'fuel_half': 1.7895437790635824}.
[I 2026-08-19 13:37:18,038] Trial 935 finished with values: [-0.41212227007099644, 8.321028462821012e-06] and parameters: {'k1': 1.844951990812239e-05, 'D_low': 1824.8589591168006, 'k2': 4.392638796750218e-05, 'D_high': 9355.38060645217, 'fire_exp': 4.4758690202162805, 'P_half': 4.937355303501834, 'pre_dampen_half': 0.2571419084734534, 'gpp_af': 0.18737227240512885, 'gpp_b': 0.0004837646996135023, 'gpp_d': 118.26972885708257, 'ign_k': 0.1537592023548176, 'ign_c': 12.366924205139131, 'trop_agb_crit': 27.05166881899929, 'trop_k_veg': 3.754644404143055, 'pop_amp': 0.06945433987275948, 'pop_peak': 352.89806695809773, 'pop_sig': 0.6871869718280653, 'fuel_k': 0.15552861105540366, 'fuel_half': 0.10355826161899183}.
[I 2026-08-19 13:37:22,554] Trial 936 finished with values: [-0.4037256499097556, 2.2787046694006108e-09] and parameters: {'k1': 1.844951990812239e-05, 'D_low': 437.4364439939077, 'k2': 3.077180271250682e-05, 'D_high': 109.93781215236433, 'fire_exp': 5.433392060430592, 'P_half': 1517.2922775770444, 'pre_dampen_half': 0.19674328025306115, 'gpp_af': 0.006580815488709274, 'gpp_b': 0.0007417652034871827, 'gpp_d': 118.26972885708257, 'ign_k': 0.0023181776112903506, 'ign_c': 0.21227623829877074, 'trop_agb_crit': 3.544180417534903, 'trop_k_veg': 5.691473319778836, 'pop_amp': 10.985330528057915, 'pop_peak': 162.62551614461097, 'pop_sig': 1.804482856986987, 'fuel_k': 0.11148299766359336, 'fuel_half': 0.18427970406864538}.
[I 2026-08-19 13:37:27,362] Trial 937 finished with values: [-0.3554129496004178, 0.0] and parameters: {'k1': 0.000681086961092427, 'D_low': 2048.523887932672, 'k2': 0.0003856302813879373, 'D_high': 1661855.441285105, 'fire_exp': 6.464773756830049, 'P_half': 4337.920697490941, 'pre_dampen_half': 0.2571419084734534, 'gpp_af': 0.0028701881471957036, 'gpp_b': 0.7652822088380072, 'gpp_d': 108.18665579547857, 'ign_k': 9.162638829638215, 'ign_c': 12.366924205139131, 'trop_agb_crit': 28.49245476864681, 'trop_k_veg': 6.972354563243685, 'pop_amp': 0.024891633080683897, 'pop_peak': 1.884221947092994, 'pop_sig': 1.804482856986987, 'fuel_k': 2.8606142106392465, 'fuel_half': 17.890117928710357}.
  trial  938/2500  pareto_size=26  best_ilamb=0.6094  (51.8 min)
[I 2026-08-19 13:37:32,915] Trial 938 finished with values: [-0.40894625606496177, 8.549761398857214e-08] and parameters: {'k1': 0.0004846497679219079, 'D_low': 286.06841726052676, 'k2': 0.0019856031481305684, 'D_high': 24493.271671328574, 'fire_exp': 3.7695400350033266, 'P_half': 86.8530648875492, 'pre_dampen_half': 0.2571419084734534, 'gpp_af': 0.0077125451401819246, 'gpp_b': 0.0001605469768042801, 'gpp_d': 3.032712462969173, 'ign_k': 0.004603606140283047, 'ign_c': 606.4466313438515, 'trop_agb_crit': 17.69486533706496, 'trop_k_veg': 2.968382718115938, 'pop_amp': 0.0013002472438361158, 'pop_peak': 1.9043491615789352, 'pop_sig': 0.6871869718280653, 'fuel_k': 0.11148299766359336, 'fuel_half': 2.01596048776016}.
[I 2026-08-19 13:37:40,777] Trial 939 finished with values: [-0.4235617837857741, 2.093472321051948e-07] and parameters: {'k1': 4.929552311643645e-05, 'D_low': 27972.024228472703, 'k2': 0.0019856031481305684, 'D_high': 1840060.4093141211, 'fire_exp': 4.4758690202162805, 'P_half': 6281.776703992854, 'pre_dampen_half': 0.7465571739720183, 'gpp_af': 69.07170464178779, 'gpp_b': 0.0001605469768042801, 'gpp_d': 118.26972885708257, 'ign_k': 0.43129510236174595, 'ign_c': 13.909474988024083, 'trop_agb_crit': 3.544180417534903, 'trop_k_veg': 4.30392173391187, 'pop_amp': 0.0013002472438361158, 'pop_peak': 1.9043491615789352, 'pop_sig': 1.7697640960996615, 'fuel_k': 0.15552861105540366, 'fuel_half': 0.18427970406864538}.
[I 2026-08-19 13:37:46,827] Trial 940 finished with values: [-0.40976664327599693, 3.0599967004718565e-11] and parameters: {'k1': 1.844951990812239e-05, 'D_low': 6293.732112193172, 'k2': 0.0019856031481305684, 'D_high': 6543576.946931886, 'fire_exp': 3.7695400350033266, 'P_half': 8894.151386481904, 'pre_dampen_half': 0.0971297898952573, 'gpp_af': 0.18737227240512885, 'gpp_b': 1.1645080536732737, 'gpp_d': 118.26972885708257, 'ign_k': 0.45791923103229365, 'ign_c': 12.366924205139131, 'trop_agb_crit': 28.49245476864681, 'trop_k_veg': 5.691473319778836, 'pop_amp': 0.002417279427070676, 'pop_peak': 456.60279198301936, 'pop_sig': 1.8528333992769594, 'fuel_k': 0.11148299766359336, 'fuel_half': 0.10355826161899183}.
[I 2026-08-19 13:37:51,156] Trial 941 finished with values: [-0.35894262258465687, 0.0] and parameters: {'k1': 1.844951990812239e-05, 'D_low': 6293.732112193172, 'k2': 0.0067445742055710165, 'D_high': 9355.38060645217, 'fire_exp': 6.464773756830049, 'P_half': 4.937355303501834, 'pre_dampen_half': 0.0399066504395798, 'gpp_af': 0.005018406982902927, 'gpp_b': 1.624829724391053, 'gpp_d': 3.9841905944346854, 'ign_k': 0.45791923103229365, 'ign_c': 0.2806439011124269, 'trop_agb_crit': 27.05166881899929, 'trop_k_veg': 3.754644404143055, 'pop_amp': 5.27924855752961, 'pop_peak': 456.60279198301936, 'pop_sig': 1.8528333992769594, 'fuel_k': 3.640039183945803, 'fuel_half': 0.10355826161899183}.
  trial  942/2500  pareto_size=26  best_ilamb=0.6094  (52.2 min)
[I 2026-08-19 13:37:57,346] Trial 942 finished with values: [-0.5438602144238784, 0.002900617180816578] and parameters: {'k1': 0.005456725485601475, 'D_low': 2.400213216646464, 'k2': 0.0002001342062287998, 'D_high': 1661855.441285105, 'fire_exp': 4.3161213924316595, 'P_half': 10.436686039715203, 'pre_dampen_half': 0.2571419084734534, 'gpp_af': 0.18737227240512885, 'gpp_b': 0.1033080166772517, 'gpp_d': 108.18665579547857, 'ign_k': 0.04439802552990466, 'ign_c': 0.2806439011124269, 'trop_agb_crit': 2.6689615974393592, 'trop_k_veg': 6.972354563243685, 'pop_amp': 6.746076139939917, 'pop_peak': 4.557885026195722, 'pop_sig': 0.9904669476016459, 'fuel_k': 5.706437033023268, 'fuel_half': 0.10355826161899183}.
[I 2026-08-19 13:38:03,491] Trial 943 finished with values: [-0.3998882437761834, 9.842551191852067e-07] and parameters: {'k1': 2.9693357731296325e-05, 'D_low': 286.06841726052676, 'k2': 0.0019856031481305684, 'D_high': 9355.38060645217, 'fire_exp': 1.8678802571070678, 'P_half': 4.937355303501834, 'pre_dampen_half': 0.2571419084734534, 'gpp_af': 0.005018406982902927, 'gpp_b': 1.624829724391053, 'gpp_d': 118.26972885708257, 'ign_k': 0.3699359899959751, 'ign_c': 0.2806439011124269, 'trop_agb_crit': 3.544180417534903, 'trop_k_veg': 5.691473319778836, 'pop_amp': 5.27924855752961, 'pop_peak': 1.884221947092994, 'pop_sig': 1.804482856986987, 'fuel_k': 3.640039183945803, 'fuel_half': 1.7895437790635824}.
[I 2026-08-19 13:38:09,821] Trial 944 finished with values: [-0.40294022928944867, 4.619638005465276e-13] and parameters: {'k1': 4.929552311643645e-05, 'D_low': 437.4364439939077, 'k2': 3.077180271250682e-05, 'D_high': 5109990.03526815, 'fire_exp': 6.464773756830049, 'P_half': 8894.151386481904, 'pre_dampen_half': 0.19674328025306115, 'gpp_af': 0.9346598275601615, 'gpp_b': 1.1645080536732737, 'gpp_d': 118.26972885708257, 'ign_k': 0.0023181776112903506, 'ign_c': 12.366924205139131, 'trop_agb_crit': 28.49245476864681, 'trop_k_veg': 6.972354563243685, 'pop_amp': 10.985330528057915, 'pop_peak': 503.7153440645595, 'pop_sig': 1.804482856986987, 'fuel_k': 0.022805907608636752, 'fuel_half': 17.890117928710357}.
[I 2026-08-19 13:38:14,889] Trial 945 finished with values: [-0.42170104018390386, 9.850454052440227e-08] and parameters: {'k1': 2.9693357731296325e-05, 'D_low': 15150.361381456718, 'k2': 0.0019856031481305684, 'D_high': 1840060.4093141211, 'fire_exp': 3.7695400350033266, 'P_half': 8894.151386481904, 'pre_dampen_half': 0.2571419084734534, 'gpp_af': 0.006580815488709274, 'gpp_b': 5.349456206882108e-05, 'gpp_d': 3.8578495088216087, 'ign_k': 1.996170534716646, 'ign_c': 6.0816733722841345, 'trop_agb_crit': 3.544180417534903, 'trop_k_veg': 5.691473319778836, 'pop_amp': 0.0013002472438361158, 'pop_peak': 1.884221947092994, 'pop_sig': 1.804482856986987, 'fuel_k': 0.1670857439052947, 'fuel_half': 17.890117928710357}.
  trial  946/2500  pareto_size=27  best_ilamb=0.6094  (52.6 min)
[I 2026-08-19 13:38:22,636] Trial 946 finished with values: [-0.41116029321640585, 0.001967804362504766] and parameters: {'k1': 4.0873003903057456e-05, 'D_low': 286.06841726052676, 'k2': 0.00021724674331575933, 'D_high': 9355.38060645217, 'fire_exp': 2.5321117364280843, 'P_half': 4.937355303501834, 'pre_dampen_half': 0.0399066504395798, 'gpp_af': 0.005018406982902927, 'gpp_b': 9.67374839440457e-05, 'gpp_d': 3.9841905944346854, 'ign_k': 0.07066140101361142, 'ign_c': 0.7313962512403624, 'trop_agb_crit': 27.05166881899929, 'trop_k_veg': 5.691473319778836, 'pop_amp': 10.985330528057915, 'pop_peak': 10.679600530994481, 'pop_sig': 0.9904669476016459, 'fuel_k': 0.11148299766359336, 'fuel_half': 0.18427970406864538}.
[I 2026-08-19 13:38:30,322] Trial 947 finished with values: [-0.5171678885381328, 0.39534114246289487] and parameters: {'k1': 4.929552311643645e-05, 'D_low': 286.06841726052676, 'k2': 4.392638796750218e-05, 'D_high': 1840060.4093141211, 'fire_exp': 4.3161213924316595, 'P_half': 4.937355303501834, 'pre_dampen_half': 0.2571419084734534, 'gpp_af': 69.07170464178779, 'gpp_b': 0.0004837646996135023, 'gpp_d': 118.26972885708257, 'ign_k': 0.43129510236174595, 'ign_c': 12.366924205139131, 'trop_agb_crit': 27.05166881899929, 'trop_k_veg': 4.30392173391187, 'pop_amp': 5.27924855752961, 'pop_peak': 10.679600530994481, 'pop_sig': 0.6871869718280653, 'fuel_k': 0.25840593789253463, 'fuel_half': 0.18427970406864538}.
[I 2026-08-19 13:38:35,179] Trial 948 finished with values: [-0.42747218491749067, 0.0009451327574280244] and parameters: {'k1': 9.67404566214593e-05, 'D_low': 2048.523887932672, 'k2': 6.340140860251457e-05, 'D_high': 1819372.4578178402, 'fire_exp': 2.5321117364280843, 'P_half': 229.5739821454948, 'pre_dampen_half': 0.2571419084734534, 'gpp_af': 0.0028701881471957036, 'gpp_b': 9.67374839440457e-05, 'gpp_d': 108.18665579547857, 'ign_k': 0.044367214807418745, 'ign_c': 6.0816733722841345, 'trop_agb_crit': 1.050713312531254, 'trop_k_veg': 2.246382792334124, 'pop_amp': 0.024891633080683897, 'pop_peak': 1.884221947092994, 'pop_sig': 1.804482856986987, 'fuel_k': 3.250046746707412, 'fuel_half': 17.890117928710357}.
[I 2026-08-19 13:38:42,952] Trial 949 finished with values: [-0.4177290177881616, 2.2930692921696583e-05] and parameters: {'k1': 2.9693357731296325e-05, 'D_low': 417.9306435491205, 'k2': 0.004016926345849037, 'D_high': 18732.304830787147, 'fire_exp': 1.8678802571070678, 'P_half': 8894.151386481904, 'pre_dampen_half': 0.2571419084734534, 'gpp_af': 3.3373658194339484, 'gpp_b': 9.67374839440457e-05, 'gpp_d': 3.8578495088216087, 'ign_k': 0.45791923103229365, 'ign_c': 12.366924205139131, 'trop_agb_crit': 3.544180417534903, 'trop_k_veg': 2.968382718115938, 'pop_amp': 0.0013002472438361158, 'pop_peak': 1.884221947092994, 'pop_sig': 1.804482856986987, 'fuel_k': 0.1670857439052947, 'fuel_half': 17.890117928710357}.
  trial  950/2500  pareto_size=27  best_ilamb=0.6094  (53.1 min)
[I 2026-08-19 13:38:54,551] Trial 950 finished with values: [-0.3972714264286564, 3.4416913763379853e-15] and parameters: {'k1': 2.9693357731296325e-05, 'D_low': 15150.361381456718, 'k2': 1.7745670917202122e-05, 'D_high': 9355.38060645217, 'fire_exp': 4.3161213924316595, 'P_half': 4.937355303501834, 'pre_dampen_half': 0.2571419084734534, 'gpp_af': 0.005018406982902927, 'gpp_b': 1.624829724391053, 'gpp_d': 3.9841905944346854, 'ign_k': 0.45791923103229365, 'ign_c': 0.2806439011124269, 'trop_agb_crit': 27.05166881899929, 'trop_k_veg': 3.754644404143055, 'pop_amp': 5.27924855752961, 'pop_peak': 1.884221947092994, 'pop_sig': 1.804482856986987, 'fuel_k': 3.640039183945803, 'fuel_half': 0.10355826161899183}.
[I 2026-08-19 13:39:00,225] Trial 951 finished with values: [-0.42752549926823313, 1.701161315148525e-07] and parameters: {'k1': 4.929552311643645e-05, 'D_low': 1.6569065206637925, 'k2': 0.0019856031481305684, 'D_high': 1661855.441285105, 'fire_exp': 4.4758690202162805, 'P_half': 8894.151386481904, 'pre_dampen_half': 0.2571419084734534, 'gpp_af': 49.583649914027546, 'gpp_b': 0.0004837646996135023, 'gpp_d': 108.18665579547857, 'ign_k': 9.162638829638215, 'ign_c': 4.4716799012313055, 'trop_agb_crit': 28.49245476864681, 'trop_k_veg': 4.30392173391187, 'pop_amp': 10.985330528057915, 'pop_peak': 1.884221947092994, 'pop_sig': 0.6871869718280653, 'fuel_k': 0.25840593789253463, 'fuel_half': 17.890117928710357}.
[I 2026-08-19 13:39:08,389] Trial 952 finished with values: [-0.4158546148977276, 0.01666032147191565] and parameters: {'k1': 9.67404566214593e-05, 'D_low': 2048.523887932672, 'k2': 6.340140860251457e-05, 'D_high': 1907543.828944448, 'fire_exp': 3.7695400350033266, 'P_half': 229.5739821454948, 'pre_dampen_half': 0.2571419084734534, 'gpp_af': 15.812896493361498, 'gpp_b': 5.349456206882108e-05, 'gpp_d': 3.651852634444856, 'ign_k': 0.0629707107611051, 'ign_c': 12.366924205139131, 'trop_agb_crit': 1.050713312531254, 'trop_k_veg': 3.754644404143055, 'pop_amp': 5.27924855752961, 'pop_peak': 188.8530210220455, 'pop_sig': 1.804482856986987, 'fuel_k': 3.250046746707412, 'fuel_half': 17.890117928710357}.
  trial  953/2500  pareto_size=26  best_ilamb=0.6094  (53.5 min)
[I 2026-08-19 13:39:15,482] Trial 953 finished with values: [-0.4337984234597784, 0.0006943283471432249] and parameters: {'k1': 0.016811809836782463, 'D_low': 569.4285861548873, 'k2': 6.340140860251457e-05, 'D_high': 1661855.441285105, 'fire_exp': 1.3796609641485171, 'P_half': 229.5739821454948, 'pre_dampen_half': 0.05393491030297468, 'gpp_af': 0.0028701881471957036, 'gpp_b': 0.007179740972016222, 'gpp_d': 108.18665579547857, 'ign_k': 9.162638829638215, 'ign_c': 13.219302264066766, 'trop_agb_crit': 1.050713312531254, 'trop_k_veg': 2.246382792334124, 'pop_amp': 0.024891633080683897, 'pop_peak': 1.884221947092994, 'pop_sig': 1.804482856986987, 'fuel_k': 3.250046746707412, 'fuel_half': 0.18427970406864538}.
[I 2026-08-19 13:39:19,264] Trial 954 finished with values: [-0.36502940879339724, 0.0035859272095564165] and parameters: {'k1': 1.844951990812239e-05, 'D_low': 286.06841726052676, 'k2': 0.0014455983984872978, 'D_high': 1840060.4093141211, 'fire_exp': 1.127084760238533, 'P_half': 8894.151386481904, 'pre_dampen_half': 0.2571419084734534, 'gpp_af': 69.07170464178779, 'gpp_b': 0.0001605469768042801, 'gpp_d': 0.16294786031575217, 'ign_k': 0.17320535908244444, 'ign_c': 0.38887507405855737, 'trop_agb_crit': 14.188434224699876, 'trop_k_veg': 6.972354563243685, 'pop_amp': 0.0013002472438361158, 'pop_peak': 4.557885026195722, 'pop_sig': 0.9904669476016459, 'fuel_k': 2.8606142106392465, 'fuel_half': 0.27968176455765076}.
[I 2026-08-19 13:39:23,407] Trial 955 finished with values: [-0.4022955219913156, 3.597255011644762e-07] and parameters: {'k1': 0.08924795116437424, 'D_low': 1368.9795993592197, 'k2': 6.340140860251457e-05, 'D_high': 1124534.1807254362, 'fire_exp': 7.856097010829145, 'P_half': 267.2146013620241, 'pre_dampen_half': 0.2571419084734534, 'gpp_af': 0.9346598275601615, 'gpp_b': 0.007179740972016222, 'gpp_d': 1.0088237648985734, 'ign_k': 0.009935023909063692, 'ign_c': 12.366924205139131, 'trop_agb_crit': 1.050713312531254, 'trop_k_veg': 4.423268434305453, 'pop_amp': 0.002417279427070676, 'pop_peak': 162.62551614461097, 'pop_sig': 0.5314193463179775, 'fuel_k': 0.11148299766359336, 'fuel_half': 17.890117928710357}.
[I 2026-08-19 13:39:27,204] Trial 956 finished with values: [-0.42745822470294303, 0.00023823417846036143] and parameters: {'k1': 2.9693357731296325e-05, 'D_low': 286.06841726052676, 'k2': 0.0019856031481305684, 'D_high': 1124534.1807254362, 'fire_exp': 1.5898779352707688, 'P_half': 6281.776703992854, 'pre_dampen_half': 0.2571419084734534, 'gpp_af': 0.0077125451401819246, 'gpp_b': 9.67374839440457e-05, 'gpp_d': 118.26972885708257, 'ign_k': 0.45791923103229365, 'ign_c': 13.909474988024083, 'trop_agb_crit': 3.544180417534903, 'trop_k_veg': 2.968382718115938, 'pop_amp': 0.029228481237926353, 'pop_peak': 503.7153440645595, 'pop_sig': 1.804482856986987, 'fuel_k': 0.11148299766359336, 'fuel_half': 17.890117928710357}.
[I 2026-08-19 13:39:31,247] Trial 957 finished with values: [-0.4037419132938487, 8.769734438640597e-08] and parameters: {'k1': 4.0873003903057456e-05, 'D_low': 437.4364439939077, 'k2': 3.077180271250682e-05, 'D_high': 109.93781215236433, 'fire_exp': 4.3161213924316595, 'P_half': 4.937355303501834, 'pre_dampen_half': 0.19674328025306115, 'gpp_af': 0.9346598275601615, 'gpp_b': 1.624829724391053, 'gpp_d': 118.26972885708257, 'ign_k': 0.010826381820576981, 'ign_c': 0.2806439011124269, 'trop_agb_crit': 27.05166881899929, 'trop_k_veg': 3.754644404143055, 'pop_amp': 10.985330528057915, 'pop_peak': 503.7153440645595, 'pop_sig': 0.9904669476016459, 'fuel_k': 0.022805907608636752, 'fuel_half': 0.10355826161899183}.
  trial  958/2500  pareto_size=26  best_ilamb=0.6094  (53.9 min)
[I 2026-08-19 13:39:36,339] Trial 958 finished with values: [-0.384122442347283, 3.3306690738754696e-16] and parameters: {'k1': 1.844951990812239e-05, 'D_low': 286.06841726052676, 'k2': 0.0019856031481305684, 'D_high': 5109990.03526815, 'fire_exp': 6.464773756830049, 'P_half': 8894.151386481904, 'pre_dampen_half': 0.0971297898952573, 'gpp_af': 0.18737227240512885, 'gpp_b': 1.1645080536732737, 'gpp_d': 118.26972885708257, 'ign_k': 0.43129510236174595, 'ign_c': 12.366924205139131, 'trop_agb_crit': 3.544180417534903, 'trop_k_veg': 3.754644404143055, 'pop_amp': 0.0034369873301918173, 'pop_peak': 456.60279198301936, 'pop_sig': 1.804482856986987, 'fuel_k': 0.11148299766359336, 'fuel_half': 17.890117928710357}.
