[I 2026-08-14 14:16:31,595] Trial 528 finished with values: [-0.3554625854118624, 0.0] and parameters: {'k1': 0.0024005553432620355, 'D_low': 2.0349553327469425, 'k2': 0.0009670857606743155, 'D_high': 38111.59226078823, 'fire_exp': 2.1589564941849333, 'P_half': 3910.3637457741784, 'pre_dampen_half': 0.03411860497758073, 'gpp_af': 0.0023751383317256927, 'gpp_b': 0.015382154459808445, 'gpp_d': 3.0023172465753074, 'ign_k': 0.567034633562729, 'ign_c': 510.6674528526552, 'trop_agb_crit': 2.3118820898020997, 'trop_k_veg': 2.417028380770307, 'fuel_k': 1.6630228777630973, 'fuel_half': 12.136386887218588}.
[I 2026-08-14 14:16:33,530] Trial 529 finished with values: [-0.39546175783931214, 0.0007411050504660954] and parameters: {'k1': 0.0029707920514735983, 'D_low': 1.7887890916820506, 'k2': 1.742085881788942e-05, 'D_high': 71534.52030884045, 'fire_exp': 8.59876394564356, 'P_half': 27.59069025439785, 'pre_dampen_half': 0.0195172246414495, 'gpp_af': 0.4085228003668622, 'gpp_b': 1.6569065206637924e-05, 'gpp_d': 11.40961991569626, 'ign_k': 0.567034633562729, 'ign_c': 0.3296550135838091, 'trop_agb_crit': 15.870971677383487, 'trop_k_veg': 6.911478238001162, 'fuel_k': 0.7156083490235491, 'fuel_half': 2.2148104601284695}.
[I 2026-08-14 14:16:35,395] Trial 530 finished with values: [-0.3554625854118624, 0.0] and parameters: {'k1': 0.0012329098365270509, 'D_low': 367.4904945305323, 'k2': 1.263794633808287e-05, 'D_high': 44.39648242927527, 'fire_exp': 1.6214575867079866, 'P_half': 351.2704726270846, 'pre_dampen_half': 3.659675301686169, 'gpp_af': 0.008983355849178878, 'gpp_b': 2.788681037423117, 'gpp_d': 0.17638479543546878, 'ign_k': 0.0680787482656459, 'ign_c': 105.24574681335613, 'trop_agb_crit': 2.1775224101934065, 'trop_k_veg': 1.4584243470991722, 'fuel_k': 1.6630228777630973, 'fuel_half': 2.100333410321807}.
[I 2026-08-14 14:16:37,861] Trial 531 finished with values: [-0.40282329140470063, 5.883550209129229e-05] and parameters: {'k1': 0.07573282902008706, 'D_low': 3507.515213502105, 'k2': 0.0002549709775062069, 'D_high': 39079.671568228776, 'fire_exp': 1.7973831035976209, 'P_half': 65.33684593224972, 'pre_dampen_half': 0.15144408538724474, 'gpp_af': 0.008983355849178878, 'gpp_b': 0.040428727350273294, 'gpp_d': 0.032144312552187276, 'ign_k': 3.0409816628297026, 'ign_c': 0.21947742689197342, 'trop_agb_crit': 5.273338791937182, 'trop_k_veg': 4.844706510617515, 'fuel_k': 0.06382243375381637, 'fuel_half': 3.7093134348291836}.
[I 2026-08-14 14:16:39,732] Trial 532 finished with values: [-0.3983156069965653, 5.529741934351406e-07] and parameters: {'k1': 6.069662445477729e-05, 'D_low': 2.607160725470918, 'k2': 2.5299503921303695e-05, 'D_high': 39079.671568228776, 'fire_exp': 1.7973831035976209, 'P_half': 6153.658035691652, 'pre_dampen_half': 0.022695682239207024, 'gpp_af': 0.03934396739328546, 'gpp_b': 0.010847560307977218, 'gpp_d': 0.01307253094873642, 'ign_k': 1.8108143621079664, 'ign_c': 0.21947742689197342, 'trop_agb_crit': 1.4946647023314867, 'trop_k_veg': 3.4508425771776365, 'fuel_k': 0.5588539902953054, 'fuel_half': 15.581254655530845}.
[I 2026-08-14 14:16:41,722] Trial 533 finished with values: [-0.40576575088381917, 9.191939513641945e-05] and parameters: {'k1': 0.0131638092522722, 'D_low': 9.497440085397416, 'k2': 0.00019472216066157317, 'D_high': 8226.792720717496, 'fire_exp': 1.6214575867079866, 'P_half': 1938.3858782150498, 'pre_dampen_half': 0.03426913908389044, 'gpp_af': 0.008983355849178878, 'gpp_b': 0.00012906175696809457, 'gpp_d': 16.460426816350523, 'ign_k': 0.03141110271934876, 'ign_c': 15.221840161091626, 'trop_agb_crit': 16.86264052240002, 'trop_k_veg': 1.4584243470991722, 'fuel_k': 0.05168495502319155, 'fuel_half': 15.581254655530845}.
[I 2026-08-14 14:16:43,581] Trial 534 finished with values: [-0.3554625854118624, 0.0] and parameters: {'k1': 0.0003713474360443033, 'D_low': 3507.515213502105, 'k2': 1.263794633808287e-05, 'D_high': 44.39648242927527, 'fire_exp': 6.188409493921614, 'P_half': 269.74113434525447, 'pre_dampen_half': 0.26568345471341914, 'gpp_af': 0.34902252478382495, 'gpp_b': 0.00024732964314480056, 'gpp_d': 314.6826989726468, 'ign_k': 0.567034633562729, 'ign_c': 105.24574681335613, 'trop_agb_crit': 16.967533607196547, 'trop_k_veg': 2.1816482703680733, 'fuel_k': 1.6630228777630973, 'fuel_half': 43.240425516201185}.
[I 2026-08-14 14:16:45,445] Trial 535 finished with values: [-0.390596633763086, 0.0007628773697955227] and parameters: {'k1': 0.0012329098365270509, 'D_low': 3735.16768760467, 'k2': 2.1698375693549493e-05, 'D_high': 160625.60954780428, 'fire_exp': 1.6214575867079866, 'P_half': 1938.3858782150498, 'pre_dampen_half': 502.5175192217655, 'gpp_af': 0.34902252478382495, 'gpp_b': 0.03103333227753725, 'gpp_d': 0.34391397565278453, 'ign_k': 0.03141110271934876, 'ign_c': 42.793836042014604, 'trop_agb_crit': 15.53776736258787, 'trop_k_veg': 6.911478238001162, 'fuel_k': 5.486054129200969, 'fuel_half': 52.00581729114123}.
[I 2026-08-14 14:16:47,328] Trial 536 finished with values: [-0.3953762256542925, 5.3677088329706635e-09] and parameters: {'k1': 0.0012329098365270509, 'D_low': 4.043300846639722, 'k2': 0.0005708731724249573, 'D_high': 316055.11434645514, 'fire_exp': 3.27790247797386, 'P_half': 65.33684593224972, 'pre_dampen_half': 0.15144408538724474, 'gpp_af': 0.0025511964576171086, 'gpp_b': 0.00024732964314480056, 'gpp_d': 2.292633983096564, 'ign_k': 0.04380580767905655, 'ign_c': 105.24574681335613, 'trop_agb_crit': 5.273338791937182, 'trop_k_veg': 0.8258248924958269, 'fuel_k': 1.6630228777630973, 'fuel_half': 10.013658413533488}.
[I 2026-08-14 14:16:49,185] Trial 537 finished with values: [-0.4607645401962127, 0.09749572415305774] and parameters: {'k1': 0.0012329098365270509, 'D_low': 3735.16768760467, 'k2': 1.854837679096716e-05, 'D_high': 1620420.329328003, 'fire_exp': 1.6214575867079866, 'P_half': 6.658322706867178, 'pre_dampen_half': 502.5175192217655, 'gpp_af': 0.34902252478382495, 'gpp_b': 0.03103333227753725, 'gpp_d': 3.0023172465753074, 'ign_k': 0.567034633562729, 'ign_c': 15.221840161091626, 'trop_agb_crit': 15.35205868174982, 'trop_k_veg': 1.128469461526162, 'fuel_k': 1.772261104101594, 'fuel_half': 0.30455368715396786}.
[I 2026-08-14 14:16:51,093] Trial 538 finished with values: [-0.3554625854118624, 0.0] and parameters: {'k1': 0.0029282035181080004, 'D_low': 367.4904945305323, 'k2': 0.08636422432723088, 'D_high': 39079.671568228776, 'fire_exp': 3.4606786740074256, 'P_half': 1535.1441568398143, 'pre_dampen_half': 0.011501973785501987, 'gpp_af': 0.25562996323356024, 'gpp_b': 2.788681037423117, 'gpp_d': 285.57196407381804, 'ign_k': 0.04380580767905655, 'ign_c': 105.24574681335613, 'trop_agb_crit': 2.1775224101934065, 'trop_k_veg': 0.6921865222804094, 'fuel_k': 0.06382243375381637, 'fuel_half': 3.7093134348291836}.
[I 2026-08-14 14:16:52,989] Trial 539 finished with values: [-0.41266540693458287, 0.00022961052243375413] and parameters: {'k1': 0.05554169083020911, 'D_low': 73.7642948170377, 'k2': 1.854837679096716e-05, 'D_high': 316055.11434645514, 'fire_exp': 1.6214575867079866, 'P_half': 343.5759946100352, 'pre_dampen_half': 0.03411860497758073, 'gpp_af': 0.03934396739328546, 'gpp_b': 0.03103333227753725, 'gpp_d': 3.0023172465753074, 'ign_k': 0.0012087541473056963, 'ign_c': 0.3296550135838091, 'trop_agb_crit': 2.3118820898020997, 'trop_k_veg': 2.715720739358474, 'fuel_k': 0.5588539902953054, 'fuel_half': 12.136386887218588}.
[I 2026-08-14 14:16:55,242] Trial 540 finished with values: [-0.3554625854118624, 0.0] and parameters: {'k1': 0.004312951023617458, 'D_low': 13713.885091300914, 'k2': 0.007321544340709295, 'D_high': 71534.52030884045, 'fire_exp': 1.075051292556307, 'P_half': 12.316746498627493, 'pre_dampen_half': 0.10609580257119508, 'gpp_af': 0.4085228003668622, 'gpp_b': 2.788681037423117, 'gpp_d': 2.292633983096564, 'ign_k': 0.567034633562729, 'ign_c': 79.62155254464994, 'trop_agb_crit': 2.1775224101934065, 'trop_k_veg': 3.2626710594521904, 'fuel_k': 1.6630228777630973, 'fuel_half': 2.2148104601284695}.
[I 2026-08-14 14:16:58,084] Trial 541 finished with values: [-0.3554625854118624, 0.0] and parameters: {'k1': 0.00045102062878998736, 'D_low': 4.043300846639722, 'k2': 1.854837679096716e-05, 'D_high': 316055.11434645514, 'fire_exp': 1.6214575867079866, 'P_half': 351.2704726270846, 'pre_dampen_half': 0.0195172246414495, 'gpp_af': 0.008983355849178878, 'gpp_b': 3.228689523591491e-05, 'gpp_d': 3.0023172465753074, 'ign_k': 0.567034633562729, 'ign_c': 105.24574681335613, 'trop_agb_crit': 2.3118820898020997, 'trop_k_veg': 0.8258248924958269, 'fuel_k': 1.772261104101594, 'fuel_half': 2.100333410321807}.
[I 2026-08-14 14:17:00,429] Trial 542 finished with values: [-0.3554625854118624, 0.0] and parameters: {'k1': 3.072871314966638e-05, 'D_low': 14787.382840410779, 'k2': 1.263794633808287e-05, 'D_high': 38111.59226078823, 'fire_exp': 1.2429193829348841, 'P_half': 351.2704726270846, 'pre_dampen_half': 0.03411860497758073, 'gpp_af': 0.0023751383317256927, 'gpp_b': 0.9407903301838397, 'gpp_d': 8.144272585223819, 'ign_k': 0.567034633562729, 'ign_c': 105.24574681335613, 'trop_agb_crit': 2.1775224101934065, 'trop_k_veg': 4.844706510617515, 'fuel_k': 0.021123235354472927, 'fuel_half': 65.99277195883643}.
[I 2026-08-14 14:17:02,348] Trial 543 finished with values: [-0.5137377605687828, 0.05987013486646575] and parameters: {'k1': 0.004312951023617458, 'D_low': 1.7887890916820506, 'k2': 5.30392529099666e-05, 'D_high': 71534.52030884045, 'fire_exp': 1.2429193829348841, 'P_half': 65.33684593224972, 'pre_dampen_half': 0.15144408538724474, 'gpp_af': 0.0023751383317256927, 'gpp_b': 2.325239859823921e-05, 'gpp_d': 1.105785410092522, 'ign_k': 0.31014294272127446, 'ign_c': 0.18316165443932733, 'trop_agb_crit': 1.8730954962803803, 'trop_k_veg': 4.844706510617515, 'fuel_k': 1.6630228777630973, 'fuel_half': 2.2148104601284695}.
[I 2026-08-14 14:17:04,211] Trial 544 finished with values: [-0.39434908781500455, 5.899463251246573e-09] and parameters: {'k1': 0.0012329098365270509, 'D_low': 367.4904945305323, 'k2': 0.00019472216066157317, 'D_high': 160625.60954780428, 'fire_exp': 1.7973831035976209, 'P_half': 1938.3858782150498, 'pre_dampen_half': 0.37306104754535907, 'gpp_af': 0.34902252478382495, 'gpp_b': 2.788681037423117, 'gpp_d': 5.1227685768715014, 'ign_k': 0.04380580767905655, 'ign_c': 105.24574681335613, 'trop_agb_crit': 16.86264052240002, 'trop_k_veg': 0.6189606672462583, 'fuel_k': 0.38480453452215246, 'fuel_half': 35.2847426865637}.
[I 2026-08-14 14:17:06,248] Trial 545 finished with values: [-0.3554625854137161, 0.0] and parameters: {'k1': 1.0477226564098276e-05, 'D_low': 367.4904945305323, 'k2': 1.263794633808287e-05, 'D_high': 160625.60954780428, 'fire_exp': 4.487053621524983, 'P_half': 48.464976792190825, 'pre_dampen_half': 0.011501973785501987, 'gpp_af': 0.008983355849178878, 'gpp_b': 0.07311344697279921, 'gpp_d': 8.144272585223819, 'ign_k': 0.04380580767905655, 'ign_c': 53.02386925407301, 'trop_agb_crit': 2.3118820898020997, 'trop_k_veg': 0.6921865222804094, 'fuel_k': 5.486054129200969, 'fuel_half': 0.35019911407938}.
[I 2026-08-14 14:17:08,527] Trial 546 finished with values: [-0.3554625854118624, 0.0] and parameters: {'k1': 6.069662445477729e-05, 'D_low': 367.4904945305323, 'k2': 2.5299503921303695e-05, 'D_high': 12.862664853393753, 'fire_exp': 1.2429193829348841, 'P_half': 351.2704726270846, 'pre_dampen_half': 0.37306104754535907, 'gpp_af': 0.34902252478382495, 'gpp_b': 1.1728753685919104, 'gpp_d': 0.01307253094873642, 'ign_k': 1.8108143621079664, 'ign_c': 105.24574681335613, 'trop_agb_crit': 1.4946647023314867, 'trop_k_veg': 0.6189606672462583, 'fuel_k': 0.5588539902953054, 'fuel_half': 0.30455368715396786}.
[I 2026-08-14 14:17:10,450] Trial 547 finished with values: [-0.4125238060731178, 4.0788107046663136e-05] and parameters: {'k1': 2.6285770615112825e-05, 'D_low': 28.331534346441074, 'k2': 0.00019472216066157317, 'D_high': 39079.671568228776, 'fire_exp': 1.7973831035976209, 'P_half': 1535.1441568398143, 'pre_dampen_half': 0.043181981126981975, 'gpp_af': 0.42249047116633204, 'gpp_b': 0.08980754434235988, 'gpp_d': 3.0023172465753074, 'ign_k': 0.04380580767905655, 'ign_c': 0.21947742689197342, 'trop_agb_crit': 1.8730954962803803, 'trop_k_veg': 0.6921865222804094, 'fuel_k': 0.02496045629458217, 'fuel_half': 15.581254655530845}.
[I 2026-08-14 14:17:12,543] Trial 548 finished with values: [-0.3877796936619752, 9.992967819894005e-08] and parameters: {'k1': 0.0029707920514735983, 'D_low': 91.66403471455098, 'k2': 0.00010939944910100016, 'D_high': 160625.60954780428, 'fire_exp': 5.117363435868793, 'P_half': 6153.658035691652, 'pre_dampen_half': 0.03333029838740256, 'gpp_af': 0.8533931648032835, 'gpp_b': 0.07311344697279921, 'gpp_d': 11.40961991569626, 'ign_k': 0.47081597932501906, 'ign_c': 0.1254144753902608, 'trop_agb_crit': 2.3118820898020997, 'trop_k_veg': 6.911478238001162, 'fuel_k': 5.486054129200969, 'fuel_half': 12.136386887218588}.
[I 2026-08-14 14:17:14,391] Trial 549 finished with values: [-0.4053687936524029, 7.833877299157077e-05] and parameters: {'k1': 0.0012329098365270509, 'D_low': 4.043300846639722, 'k2': 1.263794633808287e-05, 'D_high': 316055.11434645514, 'fire_exp': 1.075051292556307, 'P_half': 351.2704726270846, 'pre_dampen_half': 0.37306104754535907, 'gpp_af': 0.003422824370263182, 'gpp_b': 2.788681037423117, 'gpp_d': 0.17638479543546878, 'ign_k': 0.567034633562729, 'ign_c': 0.19678273362633986, 'trop_agb_crit': 13.365572767895445, 'trop_k_veg': 2.410360404052941, 'fuel_k': 1.6460650207153917, 'fuel_half': 0.30455368715396786}.
[I 2026-08-14 14:17:16,237] Trial 550 finished with values: [-0.39692830809227186, 1.5013530796359476e-07] and parameters: {'k1': 0.0024005553432620355, 'D_low': 2.0349553327469425, 'k2': 1.263794633808287e-05, 'D_high': 38111.59226078823, 'fire_exp': 1.2429193829348841, 'P_half': 1212.4080603355412, 'pre_dampen_half': 0.10609580257119508, 'gpp_af': 0.0023751383317256927, 'gpp_b': 2.788681037423117, 'gpp_d': 8.144272585223819, 'ign_k': 0.04380580767905655, 'ign_c': 5.486676498816058, 'trop_agb_crit': 2.1775224101934065, 'trop_k_veg': 4.844706510617515, 'fuel_k': 1.6630228777630973, 'fuel_half': 0.5884212538415389}.
[I 2026-08-14 14:17:18,457] Trial 551 finished with values: [-0.3554625854118624, 0.0] and parameters: {'k1': 6.069662445477729e-05, 'D_low': 2.607160725470918, 'k2': 1.263794633808287e-05, 'D_high': 12.862664853393753, 'fire_exp': 6.188409493921614, 'P_half': 539.5442811888478, 'pre_dampen_half': 0.022695682239207024, 'gpp_af': 0.34902252478382495, 'gpp_b': 1.1728753685919104, 'gpp_d': 0.01307253094873642, 'ign_k': 7.107346698112278, 'ign_c': 1.3409701145872435, 'trop_agb_crit': 1.4946647023314867, 'trop_k_veg': 3.4508425771776365, 'fuel_k': 0.06382243375381637, 'fuel_half': 42.89592532297351}.
[I 2026-08-14 14:17:20,615] Trial 552 finished with values: [-0.3764916441819498, 2.608606664011859e-10] and parameters: {'k1': 0.00040091494283268605, 'D_low': 2.0349553327469425, 'k2': 0.00019472216066157317, 'D_high': 316055.11434645514, 'fire_exp': 1.9439887028475722, 'P_half': 1938.3858782150498, 'pre_dampen_half': 0.03627422119926134, 'gpp_af': 0.030592049838223532, 'gpp_b': 1.1728753685919104, 'gpp_d': 0.01307253094873642, 'ign_k': 0.03141110271934876, 'ign_c': 15.221840161091626, 'trop_agb_crit': 16.86264052240002, 'trop_k_veg': 3.4508425771776365, 'fuel_k': 5.486054129200969, 'fuel_half': 15.581254655530845}.
[I 2026-08-14 14:17:22,618] Trial 553 finished with values: [-0.4180078069238348, 0.00029442897621445585] and parameters: {'k1': 0.05554169083020911, 'D_low': 796.6615929194281, 'k2': 1.854837679096716e-05, 'D_high': 316055.11434645514, 'fire_exp': 6.397238610685558, 'P_half': 220.3445560633069, 'pre_dampen_half': 0.10609580257119508, 'gpp_af': 0.0023751383317256927, 'gpp_b': 6.0327793441162e-05, 'gpp_d': 3.0023172465753074, 'ign_k': 0.567034633562729, 'ign_c': 14.935213816355384, 'trop_agb_crit': 6.49757528676979, 'trop_k_veg': 3.715819581962784, 'fuel_k': 1.772261104101594, 'fuel_half': 0.3995528014939306}.
[I 2026-08-14 14:17:24,473] Trial 554 finished with values: [-0.4093273221335278, 0.00030249127591330804] and parameters: {'k1': 1.4915922954285195e-05, 'D_low': 1.7887890916820506, 'k2': 1.263794633808287e-05, 'D_high': 1826.6972566585878, 'fire_exp': 1.2429193829348841, 'P_half': 48.464976792190825, 'pre_dampen_half': 0.10609580257119508, 'gpp_af': 0.4085228003668622, 'gpp_b': 2.788681037423117, 'gpp_d': 16.460426816350523, 'ign_k': 0.04380580767905655, 'ign_c': 0.18316165443932733, 'trop_agb_crit': 13.98132484257899, 'trop_k_veg': 2.4516474838484386, 'fuel_k': 1.6630228777630973, 'fuel_half': 2.2148104601284695}.
[I 2026-08-14 14:17:26,369] Trial 555 finished with values: [-0.4201995362799849, 0.000914788653477161] and parameters: {'k1': 0.0131638092522722, 'D_low': 4.043300846639722, 'k2': 2.1698375693549493e-05, 'D_high': 160625.60954780428, 'fire_exp': 1.182396148413737, 'P_half': 1938.3858782150498, 'pre_dampen_half': 0.034116553487407886, 'gpp_af': 0.0025511964576171086, 'gpp_b': 3.228689523591491e-05, 'gpp_d': 2.292633983096564, 'ign_k': 0.03141110271934876, 'ign_c': 42.793836042014604, 'trop_agb_crit': 2.3118820898020997, 'trop_k_veg': 0.8258248924958269, 'fuel_k': 5.486054129200969, 'fuel_half': 35.2847426865637}.
[I 2026-08-14 14:17:28,500] Trial 556 finished with values: [-0.3554625854118624, 0.0] and parameters: {'k1': 0.0131638092522722, 'D_low': 4.043300846639722, 'k2': 0.00019472216066157317, 'D_high': 160625.60954780428, 'fire_exp': 6.188409493921614, 'P_half': 351.2704726270846, 'pre_dampen_half': 0.03426913908389044, 'gpp_af': 0.34902252478382495, 'gpp_b': 0.040428727350273294, 'gpp_d': 5.1227685768715014, 'ign_k': 0.03141110271934876, 'ign_c': 105.24574681335613, 'trop_agb_crit': 16.967533607196547, 'trop_k_veg': 3.1061628445647007, 'fuel_k': 0.06382243375381637, 'fuel_half': 35.2847426865637}.
[I 2026-08-14 14:17:30,548] Trial 557 finished with values: [-0.3583176245779367, 0.0] and parameters: {'k1': 0.0010204225357677778, 'D_low': 9.222492453004657, 'k2': 0.00010939944910100016, 'D_high': 160625.60954780428, 'fire_exp': 4.487053621524983, 'P_half': 1212.4080603355412, 'pre_dampen_half': 0.03333029838740256, 'gpp_af': 0.008983355849178878, 'gpp_b': 0.23395511097933275, 'gpp_d': 2.292633983096564, 'ign_k': 0.47081597932501906, 'ign_c': 3.0378658251922155, 'trop_agb_crit': 2.3118820898020997, 'trop_k_veg': 3.715819581962784, 'fuel_k': 5.486054129200969, 'fuel_half': 8.115041565366717}.
[I 2026-08-14 14:17:32,513] Trial 558 finished with values: [-0.42710520792858686, 0.0019252402449461137] and parameters: {'k1': 1.8595266457134027e-05, 'D_low': 14787.382840410779, 'k2': 1.854837679096716e-05, 'D_high': 316055.11434645514, 'fire_exp': 1.2429193829348841, 'P_half': 351.2704726270846, 'pre_dampen_half': 0.0195172246414495, 'gpp_af': 0.34902252478382495, 'gpp_b': 0.040428727350273294, 'gpp_d': 3.0023172465753074, 'ign_k': 0.567034633562729, 'ign_c': 0.3296550135838091, 'trop_agb_crit': 2.3118820898020997, 'trop_k_veg': 1.128469461526162, 'fuel_k': 0.021123235354472927, 'fuel_half': 0.30455368715396786}.
[I 2026-08-14 14:17:34,579] Trial 559 finished with values: [-0.4140207600381916, 3.0660306158392103e-06] and parameters: {'k1': 0.0012329098365270509, 'D_low': 367.4904945305323, 'k2': 1.263794633808287e-05, 'D_high': 44.39648242927527, 'fire_exp': 1.075051292556307, 'P_half': 351.2704726270846, 'pre_dampen_half': 0.37306104754535907, 'gpp_af': 0.34902252478382495, 'gpp_b': 2.788681037423117, 'gpp_d': 0.17638479543546878, 'ign_k': 0.04380580767905655, 'ign_c': 105.24574681335613, 'trop_agb_crit': 2.1775224101934065, 'trop_k_veg': 0.6189606672462583, 'fuel_k': 0.06382243375381637, 'fuel_half': 0.30455368715396786}.
[I 2026-08-14 14:17:36,778] Trial 560 finished with values: [-0.4116952990009792, 5.962804478620853e-06] and parameters: {'k1': 0.0029282035181080004, 'D_low': 4.043300846639722, 'k2': 0.08636422432723088, 'D_high': 39079.671568228776, 'fire_exp': 1.6733848721157607, 'P_half': 1535.1441568398143, 'pre_dampen_half': 0.034116553487407886, 'gpp_af': 0.0025511964576171086, 'gpp_b': 0.00012906175696809457, 'gpp_d': 285.57196407381804, 'ign_k': 0.03141110271934876, 'ign_c': 105.24574681335613, 'trop_agb_crit': 15.53776736258787, 'trop_k_veg': 0.6921865222804094, 'fuel_k': 5.486054129200969, 'fuel_half': 7.933304552450495}.
[I 2026-08-14 14:17:38,848] Trial 561 finished with values: [-0.519720169349347, 0.17286249959008282] and parameters: {'k1': 0.0012329098365270509, 'D_low': 367.4904945305323, 'k2': 2.5299503921303695e-05, 'D_high': 5109990.03526815, 'fire_exp': 1.075051292556307, 'P_half': 351.2704726270846, 'pre_dampen_half': 0.37306104754535907, 'gpp_af': 0.34902252478382495, 'gpp_b': 6.0327793441162e-05, 'gpp_d': 1.105785410092522, 'ign_k': 0.25494545883297104, 'ign_c': 0.4213183643253957, 'trop_agb_crit': 2.1775224101934065, 'trop_k_veg': 0.6189606672462583, 'fuel_k': 0.06382243375381637, 'fuel_half': 0.30455368715396786}.
[I 2026-08-14 14:17:41,248] Trial 562 finished with values: [-0.4083152475966035, 5.600170182695763e-06] and parameters: {'k1': 0.0029707920514735983, 'D_low': 367.4904945305323, 'k2': 1.263794633808287e-05, 'D_high': 822494.7917407926, 'fire_exp': 1.182396148413737, 'P_half': 48.464976792190825, 'pre_dampen_half': 0.0195172246414495, 'gpp_af': 0.0023751383317256927, 'gpp_b': 0.010847560307977218, 'gpp_d': 8.144272585223819, 'ign_k': 0.04380580767905655, 'ign_c': 105.24574681335613, 'trop_agb_crit': 2.1775224101934065, 'trop_k_veg': 6.911478238001162, 'fuel_k': 2.8606142106392465, 'fuel_half': 3.7093134348291836}.
