[I 2026-06-10 20:16:01,199] Trial 1043 finished with values: [11.734680917742558, 11.734680917742558] and parameters: {'k1': 0.0869690639641868, 'D_low': 236.79352040223893, 'k2': 2.1315065419408075e-05, 'D_high': 1266.9536563782303, 'fire_exp': 1.5191397119156032, 'P_half': 5.4712187293420325, 'pre_dampen_half': 133.42802292606774, 'gpp_af': 0.10098504976210308, 'gpp_b': 1.4008921101492135e-05, 'gpp_d': 0.4742269251269962, 'ign_k': 0.0032383308053152635, 'ign_c': 2.226297338331262, 'trop_agb_crit': 5.588032458772675, 'trop_k_veg': 2.724170387400844, 'fire_amp': 3.457960730172751}.
[I 2026-06-10 20:16:02,615] Trial 1044 finished with values: [-0.46282339366168634, 0.09179352676049735] and parameters: {'k1': 0.0869690639641868, 'D_low': 148.21691630007544, 'k2': 0.0001280886335404798, 'D_high': 1817.0401889219124, 'fire_exp': 1.5191397119156032, 'P_half': 157.80309954142965, 'pre_dampen_half': 121.93011993958949, 'gpp_af': 0.10098504976210308, 'gpp_b': 2.1309331861011757e-05, 'gpp_d': 0.4742269251269962, 'ign_k': 0.0032383308053152635, 'ign_c': 22.126836566118193, 'trop_agb_crit': 12.708819454040446, 'trop_k_veg': 1.6648666152166967, 'fire_amp': 1.5719333351012774}.
[I 2026-06-10 20:16:03,969] Trial 1045 finished with values: [10.57062075879509, 10.57062075879509] and parameters: {'k1': 0.0869690639641868, 'D_low': 236.79352040223893, 'k2': 0.0001280886335404798, 'D_high': 1266.9536563782303, 'fire_exp': 1.5191397119156032, 'P_half': 157.80309954142965, 'pre_dampen_half': 9.044346216330972, 'gpp_af': 2.5017068255320485, 'gpp_b': 2.1309331861011757e-05, 'gpp_d': 0.03927259340973166, 'ign_k': 0.0032383308053152635, 'ign_c': 2.226297338331262, 'trop_agb_crit': 2.100813292597435, 'trop_k_veg': 2.724170387400844, 'fire_amp': 3.457960730172751}.
[I 2026-06-10 20:16:05,706] Trial 1046 finished with values: [10.832795674921822, 10.832795674921822] and parameters: {'k1': 0.03648456083047798, 'D_low': 236.79352040223893, 'k2': 0.019383858782150494, 'D_high': 1817.0401889219124, 'fire_exp': 1.5191397119156032, 'P_half': 98.4062605901197, 'pre_dampen_half': 0.024282388078138956, 'gpp_af': 0.10098504976210308, 'gpp_b': 1.4008921101492135e-05, 'gpp_d': 0.03927259340973166, 'ign_k': 0.0032383308053152635, 'ign_c': 7.081721844034206, 'trop_agb_crit': 1.8023542850487386, 'trop_k_veg': 2.724170387400844, 'fire_amp': 3.457960730172751}.
[I 2026-06-10 20:16:07,012] Trial 1047 finished with values: [10.049154687203664, 10.049154687203664] and parameters: {'k1': 0.0869690639641868, 'D_low': 148.21691630007544, 'k2': 0.0001870742013766025, 'D_high': 17.147614717763165, 'fire_exp': 1.5191397119156032, 'P_half': 51.10120656497163, 'pre_dampen_half': 9.044346216330972, 'gpp_af': 0.5970408652384318, 'gpp_b': 2.1309331861011757e-05, 'gpp_d': 0.4742269251269962, 'ign_k': 0.002357279455676982, 'ign_c': 22.126836566118193, 'trop_agb_crit': 5.588032458772675, 'trop_k_veg': 2.8926781829782864, 'fire_amp': 5.44779717154213}.
[I 2026-06-10 20:16:08,463] Trial 1048 finished with values: [-0.633616323335203, 0.0999054176584736] and parameters: {'k1': 0.03648456083047798, 'D_low': 236.79352040223893, 'k2': 0.0001280886335404798, 'D_high': 24.9899605789089, 'fire_exp': 1.5191397119156032, 'P_half': 1.4551749476072258, 'pre_dampen_half': 121.93011993958949, 'gpp_af': 0.060029341913968644, 'gpp_b': 1.4008921101492135e-05, 'gpp_d': 0.4690202496211708, 'ign_k': 0.0032383308053152635, 'ign_c': 7.081721844034206, 'trop_agb_crit': 12.708819454040446, 'trop_k_veg': 0.7808079158649266, 'fire_amp': 1.5719333351012774}.
[I 2026-06-10 20:16:09,808] Trial 1049 finished with values: [10.810650820643781, 10.810650820643781] and parameters: {'k1': 0.0869690639641868, 'D_low': 1379.0750725122043, 'k2': 0.004679501568332817, 'D_high': 1817.0401889219124, 'fire_exp': 1.1633452995374232, 'P_half': 5.4712187293420325, 'pre_dampen_half': 9.044346216330972, 'gpp_af': 0.9219336658511308, 'gpp_b': 0.17623234026513296, 'gpp_d': 0.4742269251269962, 'ign_k': 0.002357279455676982, 'ign_c': 22.126836566118193, 'trop_agb_crit': 5.588032458772675, 'trop_k_veg': 2.8926781829782864, 'fire_amp': 2.7806853670293616}.
[I 2026-06-10 20:16:11,061] Trial 1050 finished with values: [10.199362050150517, 10.199362050150517] and parameters: {'k1': 0.0869690639641868, 'D_low': 236.79352040223893, 'k2': 0.019383858782150494, 'D_high': 6682.9607218310075, 'fire_exp': 1.5191397119156032, 'P_half': 3.591771421517613, 'pre_dampen_half': 4.847666216751353, 'gpp_af': 0.060029341913968644, 'gpp_b': 1.4008921101492135e-05, 'gpp_d': 1.4397852866783676, 'ign_k': 0.0032383308053152635, 'ign_c': 142.7117917296591, 'trop_agb_crit': 1.8023542850487386, 'trop_k_veg': 2.724170387400844, 'fire_amp': 3.211868494428654}.
[I 2026-06-10 20:16:12,391] Trial 1051 finished with values: [10.520643130051225, 10.520643130051225] and parameters: {'k1': 0.0869690639641868, 'D_low': 148.21691630007544, 'k2': 0.0001280886335404798, 'D_high': 1817.0401889219124, 'fire_exp': 1.5191397119156032, 'P_half': 157.80309954142965, 'pre_dampen_half': 121.93011993958949, 'gpp_af': 0.07118041471054574, 'gpp_b': 2.1309331861011757e-05, 'gpp_d': 1.4397852866783676, 'ign_k': 0.0032383308053152635, 'ign_c': 22.126836566118193, 'trop_agb_crit': 1.8023542850487386, 'trop_k_veg': 1.6648666152166967, 'fire_amp': 2.7806853670293616}.
[I 2026-06-10 20:16:13,674] Trial 1052 finished with values: [10.24985261111429, 10.24985261111429] and parameters: {'k1': 0.0869690639641868, 'D_low': 117.2401123013763, 'k2': 0.0001280886335404798, 'D_high': 1266.9536563782303, 'fire_exp': 1.5191397119156032, 'P_half': 1.4551749476072258, 'pre_dampen_half': 8.259599205585761, 'gpp_af': 0.060029341913968644, 'gpp_b': 1.4008921101492135e-05, 'gpp_d': 0.03927259340973166, 'ign_k': 0.0032383308053152635, 'ign_c': 5.764955931688925, 'trop_agb_crit': 1.8023542850487386, 'trop_k_veg': 2.724170387400844, 'fire_amp': 3.457960730172751}.
[I 2026-06-10 20:16:15,023] Trial 1053 finished with values: [10.874888079939687, 10.874888079939687] and parameters: {'k1': 0.03648456083047798, 'D_low': 3.8887507405855737, 'k2': 0.011415387250465888, 'D_high': 6682.9607218310075, 'fire_exp': 1.5191397119156032, 'P_half': 1.4551749476072258, 'pre_dampen_half': 9.044346216330972, 'gpp_af': 0.10098504976210308, 'gpp_b': 2.1309331861011757e-05, 'gpp_d': 0.03927259340973166, 'ign_k': 0.0032383308053152635, 'ign_c': 22.126836566118193, 'trop_agb_crit': 12.708819454040446, 'trop_k_veg': 2.724170387400844, 'fire_amp': 3.457960730172751}.
[I 2026-06-10 20:16:16,462] Trial 1054 finished with values: [10.595759331337737, 10.595759331337737] and parameters: {'k1': 0.0869690639641868, 'D_low': 236.79352040223893, 'k2': 0.019383858782150494, 'D_high': 7333.200379637292, 'fire_exp': 1.2918065501148304, 'P_half': 5.4712187293420325, 'pre_dampen_half': 8.259599205585761, 'gpp_af': 0.04374856054559358, 'gpp_b': 0.004018983258010131, 'gpp_d': 0.4742269251269962, 'ign_k': 0.007145711288893931, 'ign_c': 2.226297338331262, 'trop_agb_crit': 1.8023542850487386, 'trop_k_veg': 2.724170387400844, 'fire_amp': 1.1720456710357745}.
[I 2026-06-10 20:16:17,968] Trial 1055 finished with values: [10.636778052760699, 10.636778052760699] and parameters: {'k1': 0.0869690639641868, 'D_low': 2186.356344942016, 'k2': 0.0001280886335404798, 'D_high': 20103.283734409175, 'fire_exp': 1.811096651915224, 'P_half': 5.4712187293420325, 'pre_dampen_half': 121.93011993958949, 'gpp_af': 0.9219336658511308, 'gpp_b': 0.001674375583895437, 'gpp_d': 0.4742269251269962, 'ign_k': 0.0032383308053152635, 'ign_c': 0.45630923983425714, 'trop_agb_crit': 1.8023542850487386, 'trop_k_veg': 5.453348988480011, 'fire_amp': 1.1655705619308396}.
[I 2026-06-10 20:16:19,319] Trial 1056 finished with values: [11.13644200434695, 11.13644200434695] and parameters: {'k1': 0.0869690639641868, 'D_low': 7.62865212162937, 'k2': 0.019383858782150494, 'D_high': 17663.59719322428, 'fire_exp': 1.5191397119156032, 'P_half': 1.4551749476072258, 'pre_dampen_half': 9.797752629207743, 'gpp_af': 0.10098504976210308, 'gpp_b': 2.1309331861011757e-05, 'gpp_d': 0.4742269251269962, 'ign_k': 0.0032383308053152635, 'ign_c': 2.226297338331262, 'trop_agb_crit': 12.708819454040446, 'trop_k_veg': 2.724170387400844, 'fire_amp': 2.7806853670293616}.
[I 2026-06-10 20:16:20,655] Trial 1057 finished with values: [10.124406073962184, 10.124406073962184] and parameters: {'k1': 0.0869690639641868, 'D_low': 236.79352040223893, 'k2': 0.019383858782150494, 'D_high': 6682.9607218310075, 'fire_exp': 1.5191397119156032, 'P_half': 5.4712187293420325, 'pre_dampen_half': 4.847666216751353, 'gpp_af': 0.10098504976210308, 'gpp_b': 1.4008921101492135e-05, 'gpp_d': 0.03927259340973166, 'ign_k': 0.0010897490003652056, 'ign_c': 22.126836566118193, 'trop_agb_crit': 1.8023542850487386, 'trop_k_veg': 3.8441175599257993, 'fire_amp': 2.7806853670293616}.
[I 2026-06-10 20:16:22,028] Trial 1058 finished with values: [10.928075130918216, 10.928075130918216] and parameters: {'k1': 0.0869690639641868, 'D_low': 49.539659199197295, 'k2': 0.019383858782150494, 'D_high': 6682.9607218310075, 'fire_exp': 1.5191397119156032, 'P_half': 3.591771421517613, 'pre_dampen_half': 9.044346216330972, 'gpp_af': 0.060029341913968644, 'gpp_b': 2.1309331861011757e-05, 'gpp_d': 304.7488318185732, 'ign_k': 0.0032383308053152635, 'ign_c': 22.126836566118193, 'trop_agb_crit': 5.588032458772675, 'trop_k_veg': 2.724170387400844, 'fire_amp': 3.211868494428654}.
[I 2026-06-10 20:16:23,473] Trial 1059 finished with values: [10.209813549596252, 10.209813549596252] and parameters: {'k1': 0.0869690639641868, 'D_low': 148.21691630007544, 'k2': 0.0001280886335404798, 'D_high': 7333.200379637292, 'fire_exp': 1.2918065501148304, 'P_half': 1.4551749476072258, 'pre_dampen_half': 9.044346216330972, 'gpp_af': 0.07118041471054574, 'gpp_b': 1.4008921101492135e-05, 'gpp_d': 0.4742269251269962, 'ign_k': 0.007145711288893931, 'ign_c': 22.126836566118193, 'trop_agb_crit': 1.8023542850487386, 'trop_k_veg': 2.724170387400844, 'fire_amp': 2.7806853670293616}.
[I 2026-06-10 20:16:24,841] Trial 1060 finished with values: [10.276955649745364, 10.276955649745364] and parameters: {'k1': 0.0869690639641868, 'D_low': 236.79352040223893, 'k2': 0.019383858782150494, 'D_high': 1817.0401889219124, 'fire_exp': 1.2918065501148304, 'P_half': 1.4551749476072258, 'pre_dampen_half': 9.044346216330972, 'gpp_af': 0.07118041471054574, 'gpp_b': 2.1309331861011757e-05, 'gpp_d': 0.4742269251269962, 'ign_k': 0.0032383308053152635, 'ign_c': 22.126836566118193, 'trop_agb_crit': 29.831859755984098, 'trop_k_veg': 2.724170387400844, 'fire_amp': 2.7806853670293616}.
[I 2026-06-10 20:16:26,522] Trial 1061 finished with values: [-0.5920164581670543, 0.10627758997547643] and parameters: {'k1': 0.030699709531122967, 'D_low': 422.58534248395387, 'k2': 0.019383858782150494, 'D_high': 6682.9607218310075, 'fire_exp': 1.5191397119156032, 'P_half': 1.4551749476072258, 'pre_dampen_half': 4.847666216751353, 'gpp_af': 0.9219336658511308, 'gpp_b': 1.4008921101492135e-05, 'gpp_d': 462.98471849924937, 'ign_k': 0.0032383308053152635, 'ign_c': 1.364908766641693, 'trop_agb_crit': 2.100813292597435, 'trop_k_veg': 5.447068407295338, 'fire_amp': 2.7806853670293616}.
[I 2026-06-10 20:16:27,791] Trial 1062 finished with values: [10.055643929780283, 10.055643929780283] and parameters: {'k1': 0.03648456083047798, 'D_low': 266.07970538371484, 'k2': 0.019383858782150494, 'D_high': 6682.9607218310075, 'fire_exp': 1.5191397119156032, 'P_half': 3.591771421517613, 'pre_dampen_half': 4.847666216751353, 'gpp_af': 0.060029341913968644, 'gpp_b': 1.4008921101492135e-05, 'gpp_d': 304.7488318185732, 'ign_k': 0.0032383308053152635, 'ign_c': 1.364908766641693, 'trop_agb_crit': 1.8023542850487386, 'trop_k_veg': 4.167664671344212, 'fire_amp': 2.7806853670293616}.
[I 2026-06-10 20:16:29,154] Trial 1063 finished with values: [-0.6293072805535436, 0.07217487928282762] and parameters: {'k1': 0.03648456083047798, 'D_low': 266.07970538371484, 'k2': 0.019383858782150494, 'D_high': 6682.9607218310075, 'fire_exp': 1.5191397119156032, 'P_half': 5.4712187293420325, 'pre_dampen_half': 4.847666216751353, 'gpp_af': 0.10098504976210308, 'gpp_b': 2.1309331861011757e-05, 'gpp_d': 304.7488318185732, 'ign_k': 0.0032383308053152635, 'ign_c': 22.126836566118193, 'trop_agb_crit': 12.708819454040446, 'trop_k_veg': 2.724170387400844, 'fire_amp': 3.457960730172751}.
[I 2026-06-10 20:16:30,538] Trial 1064 finished with values: [10.452975975041117, 10.452975975041117] and parameters: {'k1': 0.0869690639641868, 'D_low': 236.79352040223893, 'k2': 0.0001280886335404798, 'D_high': 1266.9536563782303, 'fire_exp': 1.2918065501148304, 'P_half': 371.7584066880797, 'pre_dampen_half': 9.044346216330972, 'gpp_af': 0.10098504976210308, 'gpp_b': 1.4008921101492135e-05, 'gpp_d': 0.03927259340973166, 'ign_k': 0.0032383308053152635, 'ign_c': 7.081721844034206, 'trop_agb_crit': 5.588032458772675, 'trop_k_veg': 2.724170387400844, 'fire_amp': 3.457960730172751}.
[I 2026-06-10 20:16:31,945] Trial 1065 finished with values: [10.931776720643349, 10.931776720643349] and parameters: {'k1': 0.00048416368653649076, 'D_low': 236.79352040223893, 'k2': 0.019383858782150494, 'D_high': 1817.0401889219124, 'fire_exp': 1.2918065501148304, 'P_half': 1.4551749476072258, 'pre_dampen_half': 15.166550780280438, 'gpp_af': 0.07118041471054574, 'gpp_b': 1.4008921101492135e-05, 'gpp_d': 0.4742269251269962, 'ign_k': 0.0032383308053152635, 'ign_c': 22.126836566118193, 'trop_agb_crit': 3.108985631683375, 'trop_k_veg': 4.4155907721858, 'fire_amp': 2.7806853670293616}.
[I 2026-06-10 20:16:33,269] Trial 1066 finished with values: [10.09919153070313, 10.09919153070313] and parameters: {'k1': 5.7909642338812115e-05, 'D_low': 2.974026018716663, 'k2': 0.0007731571570012607, 'D_high': 1817.0401889219124, 'fire_exp': 1.1633452995374232, 'P_half': 1.4551749476072258, 'pre_dampen_half': 9.044346216330972, 'gpp_af': 0.10098504976210308, 'gpp_b': 0.0028802443818939046, 'gpp_d': 0.47379914349407487, 'ign_k': 0.0032383308053152635, 'ign_c': 7.081721844034206, 'trop_agb_crit': 17.397618604048503, 'trop_k_veg': 2.724170387400844, 'fire_amp': 2.7806853670293616}.
[I 2026-06-10 20:16:34,519] Trial 1067 finished with values: [10.108963250771172, 10.108963250771172] and parameters: {'k1': 0.0869690639641868, 'D_low': 148.21691630007544, 'k2': 0.00034302976652689015, 'D_high': 1817.0401889219124, 'fire_exp': 1.5191397119156032, 'P_half': 157.80309954142965, 'pre_dampen_half': 9.044346216330972, 'gpp_af': 0.10098504976210308, 'gpp_b': 2.1309331861011757e-05, 'gpp_d': 0.4742269251269962, 'ign_k': 0.004105873950290761, 'ign_c': 22.126836566118193, 'trop_agb_crit': 5.588032458772675, 'trop_k_veg': 2.724170387400844, 'fire_amp': 5.44779717154213}.
[I 2026-06-10 20:16:35,760] Trial 1068 finished with values: [10.34318678885579, 10.34318678885579] and parameters: {'k1': 0.030699709531122967, 'D_low': 422.58534248395387, 'k2': 0.019383858782150494, 'D_high': 1817.0401889219124, 'fire_exp': 1.5191397119156032, 'P_half': 1.4551749476072258, 'pre_dampen_half': 4.847666216751353, 'gpp_af': 0.9219336658511308, 'gpp_b': 1.4008921101492135e-05, 'gpp_d': 1.4397852866783676, 'ign_k': 0.0032383308053152635, 'ign_c': 22.126836566118193, 'trop_agb_crit': 2.100813292597435, 'trop_k_veg': 2.4410284080238216, 'fire_amp': 2.7806853670293616}.
[I 2026-06-10 20:16:37,005] Trial 1069 finished with values: [10.033827044706879, 10.033827044706879] and parameters: {'k1': 0.0869690639641868, 'D_low': 236.79352040223893, 'k2': 0.0001280886335404798, 'D_high': 1817.0401889219124, 'fire_exp': 1.2918065501148304, 'P_half': 1.4551749476072258, 'pre_dampen_half': 9.044346216330972, 'gpp_af': 0.8686539609312193, 'gpp_b': 1.4008921101492135e-05, 'gpp_d': 0.4742269251269962, 'ign_k': 0.0032383308053152635, 'ign_c': 22.126836566118193, 'trop_agb_crit': 1.8728103227942046, 'trop_k_veg': 1.3393548819222179, 'fire_amp': 3.457960730172751}.
[I 2026-06-10 20:16:38,340] Trial 1070 finished with values: [10.724808830286308, 10.724808830286308] and parameters: {'k1': 0.0869690639641868, 'D_low': 236.79352040223893, 'k2': 0.019383858782150494, 'D_high': 1817.0401889219124, 'fire_exp': 2.30268982351901, 'P_half': 1.4551749476072258, 'pre_dampen_half': 9.044346216330972, 'gpp_af': 0.10098504976210308, 'gpp_b': 1.4008921101492135e-05, 'gpp_d': 0.47049655051630496, 'ign_k': 0.0032383308053152635, 'ign_c': 2.226297338331262, 'trop_agb_crit': 2.100813292597435, 'trop_k_veg': 2.724170387400844, 'fire_amp': 1.0480572377435322}.
[I 2026-06-10 20:16:39,679] Trial 1071 finished with values: [10.676891925634987, 10.676891925634987] and parameters: {'k1': 0.0869690639641868, 'D_low': 2.843767489444367, 'k2': 0.0001280886335404798, 'D_high': 1266.9536563782303, 'fire_exp': 1.2918065501148304, 'P_half': 84.3508388778244, 'pre_dampen_half': 4.847666216751353, 'gpp_af': 0.060029341913968644, 'gpp_b': 0.006999112505425414, 'gpp_d': 20.81401325574021, 'ign_k': 0.0032383308053152635, 'ign_c': 2.226297338331262, 'trop_agb_crit': 12.9667438075127, 'trop_k_veg': 2.99731137426955, 'fire_amp': 2.042193818779288}.
[I 2026-06-10 20:16:40,926] Trial 1072 finished with values: [-0.6407023124435132, 0.07980395945580099] and parameters: {'k1': 0.0869690639641868, 'D_low': 236.79352040223893, 'k2': 0.019383858782150494, 'D_high': 6682.9607218310075, 'fire_exp': 1.5191397119156032, 'P_half': 5.4712187293420325, 'pre_dampen_half': 4.847666216751353, 'gpp_af': 0.07118041471054574, 'gpp_b': 1.4008921101492135e-05, 'gpp_d': 0.4742269251269962, 'ign_k': 0.0032383308053152635, 'ign_c': 0.12495886031183844, 'trop_agb_crit': 5.588032458772675, 'trop_k_veg': 2.724170387400844, 'fire_amp': 3.457960730172751}.
[I 2026-06-10 20:16:42,169] Trial 1073 finished with values: [10.279388312072012, 10.279388312072012] and parameters: {'k1': 0.0002418422795847161, 'D_low': 422.58534248395387, 'k2': 2.1315065419408075e-05, 'D_high': 1817.0401889219124, 'fire_exp': 1.2060040899560858, 'P_half': 3.591771421517613, 'pre_dampen_half': 9.044346216330972, 'gpp_af': 0.9219336658511308, 'gpp_b': 2.1309331861011757e-05, 'gpp_d': 144.04069838056964, 'ign_k': 0.0032383308053152635, 'ign_c': 1.364908766641693, 'trop_agb_crit': 3.285141446715206, 'trop_k_veg': 2.724170387400844, 'fire_amp': 3.457960730172751}.
[I 2026-06-10 20:16:43,405] Trial 1074 finished with values: [-0.5836750556413784, 0.11140618221793319] and parameters: {'k1': 0.08006837661379566, 'D_low': 148.21691630007544, 'k2': 0.0001870742013766025, 'D_high': 1817.0401889219124, 'fire_exp': 1.5191397119156032, 'P_half': 51.10120656497163, 'pre_dampen_half': 9.044346216330972, 'gpp_af': 0.5970408652384318, 'gpp_b': 2.1309331861011757e-05, 'gpp_d': 0.4742269251269962, 'ign_k': 0.002357279455676982, 'ign_c': 2.226297338331262, 'trop_agb_crit': 2.5313878860438592, 'trop_k_veg': 2.1028049920164067, 'fire_amp': 5.44779717154213}.
[I 2026-06-10 20:16:44,641] Trial 1075 finished with values: [10.372531487988105, 10.372531487988105] and parameters: {'k1': 0.0869690639641868, 'D_low': 49.539659199197295, 'k2': 0.0007731571570012607, 'D_high': 156.6398629053274, 'fire_exp': 1.5191397119156032, 'P_half': 5.4712187293420325, 'pre_dampen_half': 9.044346216330972, 'gpp_af': 0.15740732860520312, 'gpp_b': 2.1309331861011757e-05, 'gpp_d': 304.7488318185732, 'ign_k': 0.0032383308053152635, 'ign_c': 22.126836566118193, 'trop_agb_crit': 5.588032458772675, 'trop_k_veg': 2.724170387400844, 'fire_amp': 2.7806853670293616}.
[I 2026-06-10 20:16:46,014] Trial 1076 finished with values: [-0.5961436338458718, 0.08305435170294895] and parameters: {'k1': 0.03648456083047798, 'D_low': 236.79352040223893, 'k2': 0.005082220961627801, 'D_high': 8912.611835817017, 'fire_exp': 1.5191397119156032, 'P_half': 7.914423612155368, 'pre_dampen_half': 903.3231300044874, 'gpp_af': 0.005061568304359487, 'gpp_b': 0.004411400434514031, 'gpp_d': 1.4397852866783676, 'ign_k': 0.002357279455676982, 'ign_c': 228.79430573173593, 'trop_agb_crit': 2.1989086830950257, 'trop_k_veg': 5.453348988480011, 'fire_amp': 3.1045399027418377}.
[I 2026-06-10 20:16:47,824] Trial 1077 finished with values: [10.512965641381623, 10.512965641381623] and parameters: {'k1': 0.03648456083047798, 'D_low': 236.79352040223893, 'k2': 0.019383858782150494, 'D_high': 57905.121933088216, 'fire_exp': 1.816756651336301, 'P_half': 5.4712187293420325, 'pre_dampen_half': 4.847666216751353, 'gpp_af': 20.12115544906385, 'gpp_b': 0.006999112505425414, 'gpp_d': 1.406967493694286, 'ign_k': 0.0032383308053152635, 'ign_c': 4.619723604324942, 'trop_agb_crit': 12.708819454040446, 'trop_k_veg': 2.99731137426955, 'fire_amp': 3.457960730172751}.
[I 2026-06-10 20:16:49,068] Trial 1078 finished with values: [10.756072440244878, 10.756072440244878] and parameters: {'k1': 0.03648456083047798, 'D_low': 236.79352040223893, 'k2': 0.0001280886335404798, 'D_high': 1266.9536563782303, 'fire_exp': 1.5191397119156032, 'P_half': 1.4551749476072258, 'pre_dampen_half': 9.044346216330972, 'gpp_af': 0.060029341913968644, 'gpp_b': 0.004411400434514031, 'gpp_d': 0.03927259340973166, 'ign_k': 0.002357279455676982, 'ign_c': 7.081721844034206, 'trop_agb_crit': 2.1989086830950257, 'trop_k_veg': 2.724170387400844, 'fire_amp': 3.1045399027418377}.
[I 2026-06-10 20:16:50,324] Trial 1079 finished with values: [-0.6409787155127387, 0.08203266674921361] and parameters: {'k1': 0.03096855930632394, 'D_low': 236.79352040223893, 'k2': 2.1315065419408075e-05, 'D_high': 1817.0401889219124, 'fire_exp': 1.2918065501148304, 'P_half': 1.4551749476072258, 'pre_dampen_half': 9.044346216330972, 'gpp_af': 0.060029341913968644, 'gpp_b': 2.1309331861011757e-05, 'gpp_d': 0.4742269251269962, 'ign_k': 0.0032383308053152635, 'ign_c': 22.126836566118193, 'trop_agb_crit': 3.285141446715206, 'trop_k_veg': 1.6648666152166967, 'fire_amp': 3.457960730172751}.
