[I 2026-08-19 13:18:38,943] Trial 660 finished with values: [-0.4058520523088423, 4.3179728281828034e-07] and parameters: {'k1': 0.0004846497679219079, 'D_low': 1.6569065206637925, 'k2': 0.0003856302813879373, 'D_high': 1840060.4093141211, 'fire_exp': 1.8678802571070678, 'P_half': 8894.151386481904, 'pre_dampen_half': 1.8469033699850426, 'gpp_af': 0.0025186552636979184, 'gpp_b': 0.14222241542049918, 'gpp_d': 108.18665579547857, 'ign_k': 0.009935023909063692, 'ign_c': 89.12611835816996, 'trop_agb_crit': 27.05166881899929, 'trop_k_veg': 4.288672925586801, 'pop_amp': 0.0021433490423168255, 'pop_peak': 4.557885026195722, 'pop_sig': 0.9904669476016459, 'fuel_k': 2.8606142106392465, 'fuel_half': 1.7895437790635824}.
[I 2026-08-19 13:18:41,397] Trial 661 finished with values: [-0.3793683471480763, 1.1102230246251565e-15] and parameters: {'k1': 0.0004846497679219079, 'D_low': 52652.6601213521, 'k2': 0.0002001342062287998, 'D_high': 1907543.828944448, 'fire_exp': 4.4758690202162805, 'P_half': 8894.151386481904, 'pre_dampen_half': 1.8469033699850426, 'gpp_af': 0.11134482360128048, 'gpp_b': 0.0007806230565393799, 'gpp_d': 27.58503443495818, 'ign_k': 0.056287569501742137, 'ign_c': 89.12611835816996, 'trop_agb_crit': 3.544180417534903, 'trop_k_veg': 6.972354563243685, 'pop_amp': 0.008683934086503814, 'pop_peak': 0.17274196344453516, 'pop_sig': 0.7824044734208029, 'fuel_k': 0.9199338799678547, 'fuel_half': 2.01596048776016}.
[I 2026-08-19 13:18:43,604] Trial 662 finished with values: [-0.3554625854118624, 0.0] and parameters: {'k1': 9.67404566214593e-05, 'D_low': 1368.9795993592197, 'k2': 6.340140860251457e-05, 'D_high': 1661855.441285105, 'fire_exp': 1.8678802571070678, 'P_half': 229.5739821454948, 'pre_dampen_half': 1.8469033699850426, 'gpp_af': 0.0025186552636979184, 'gpp_b': 1.788789091682049e-05, 'gpp_d': 1.0088237648985734, 'ign_k': 9.162638829638215, 'ign_c': 89.12611835816996, 'trop_agb_crit': 27.05166881899929, 'trop_k_veg': 4.288672925586801, 'pop_amp': 5.27924855752961, 'pop_peak': 0.05281056279423359, 'pop_sig': 0.9904669476016459, 'fuel_k': 3.250046746707412, 'fuel_half': 1.7895437790635824}.
[I 2026-08-19 13:18:45,867] Trial 663 finished with values: [-0.4193149167484195, 6.615263892228995e-12] and parameters: {'k1': 2.9693357731296325e-05, 'D_low': 437.4364439939077, 'k2': 0.0014455983984872978, 'D_high': 1907543.828944448, 'fire_exp': 6.454675979546216, 'P_half': 8894.151386481904, 'pre_dampen_half': 0.2571419084734534, 'gpp_af': 3.3373658194339484, 'gpp_b': 5.349456206882108e-05, 'gpp_d': 118.26972885708257, 'ign_k': 0.010439567055209046, 'ign_c': 12.366924205139131, 'trop_agb_crit': 3.544180417534903, 'trop_k_veg': 0.8084202024508578, 'pop_amp': 0.008683934086503814, 'pop_peak': 0.5393162598439744, 'pop_sig': 0.4663206866626952, 'fuel_k': 4.04437775870989, 'fuel_half': 0.18427970406864538}.
  trial  664/2500  pareto_size=22  best_ilamb=0.6094  (33.1 min)
[I 2026-08-19 13:18:48,938] Trial 664 finished with values: [-0.3970479955585258, 0.0012682177485128232] and parameters: {'k1': 0.09372580613581186, 'D_low': 1.6569065206637925, 'k2': 4.392638796750218e-05, 'D_high': 24493.271671328574, 'fire_exp': 1.8678802571070678, 'P_half': 10.436686039715203, 'pre_dampen_half': 1.8469033699850426, 'gpp_af': 0.0025186552636979184, 'gpp_b': 0.05825704883392061, 'gpp_d': 8.347790852520644, 'ign_k': 0.17320535908244444, 'ign_c': 0.13492881864712067, 'trop_agb_crit': 23.606263788786194, 'trop_k_veg': 6.972354563243685, 'pop_amp': 5.27924855752961, 'pop_peak': 0.05281056279423359, 'pop_sig': 1.0424917012813995, 'fuel_k': 0.9199338799678547, 'fuel_half': 0.3497028715561063}.
[I 2026-08-19 13:18:51,563] Trial 665 finished with values: [-0.35978069844075167, 1.203492860923916e-11] and parameters: {'k1': 4.0873003903057456e-05, 'D_low': 1.6569065206637925, 'k2': 0.0003856302813879373, 'D_high': 6543576.946931886, 'fire_exp': 6.464773756830049, 'P_half': 8894.151386481904, 'pre_dampen_half': 0.2571419084734534, 'gpp_af': 16.00876749440612, 'gpp_b': 0.0004837646996135023, 'gpp_d': 0.16294786031575217, 'ign_k': 0.04439802552990466, 'ign_c': 12.366924205139131, 'trop_agb_crit': 27.05166881899929, 'trop_k_veg': 6.972354563243685, 'pop_amp': 6.746076139939917, 'pop_peak': 0.07315480952187907, 'pop_sig': 1.804482856986987, 'fuel_k': 2.8606142106392465, 'fuel_half': 17.890117928710357}.
[I 2026-08-19 13:18:53,781] Trial 666 finished with values: [-0.40184844359099225, 5.473399511402022e-14] and parameters: {'k1': 2.9693357731296325e-05, 'D_low': 286.06841726052676, 'k2': 0.0032792262899971644, 'D_high': 1840060.4093141211, 'fire_exp': 4.3161213924316595, 'P_half': 4.937355303501834, 'pre_dampen_half': 0.19674328025306115, 'gpp_af': 0.005018406982902927, 'gpp_b': 1.624829724391053, 'gpp_d': 322.70817007751526, 'ign_k': 9.162638829638215, 'ign_c': 4.4716799012313055, 'trop_agb_crit': 27.05166881899929, 'trop_k_veg': 4.30392173391187, 'pop_amp': 9.001864149842234, 'pop_peak': 10.679600530994481, 'pop_sig': 1.804482856986987, 'fuel_k': 0.24023690348942592, 'fuel_half': 17.890117928710357}.
[I 2026-08-19 13:18:56,003] Trial 667 finished with values: [-0.40222975281880374, 6.694644838489694e-14] and parameters: {'k1': 2.9693357731296325e-05, 'D_low': 437.4364439939077, 'k2': 3.077180271250682e-05, 'D_high': 109.93781215236433, 'fire_exp': 5.433392060430592, 'P_half': 8894.151386481904, 'pre_dampen_half': 0.19674328025306115, 'gpp_af': 0.9346598275601615, 'gpp_b': 0.3189249600851242, 'gpp_d': 108.18665579547857, 'ign_k': 0.0023181776112903506, 'ign_c': 0.5488047000766043, 'trop_agb_crit': 3.544180417534903, 'trop_k_veg': 0.8084202024508578, 'pop_amp': 0.029228481237926353, 'pop_peak': 503.7153440645595, 'pop_sig': 1.804482856986987, 'fuel_k': 0.022805907608636752, 'fuel_half': 17.890117928710357}.
[I 2026-08-19 13:18:58,455] Trial 668 finished with values: [-0.42451473105061216, 1.303154171350407e-06] and parameters: {'k1': 1.844951990812239e-05, 'D_low': 1.6569065206637925, 'k2': 0.0014455983984872978, 'D_high': 1907543.828944448, 'fire_exp': 2.8938596518938504, 'P_half': 8894.151386481904, 'pre_dampen_half': 0.2571419084734534, 'gpp_af': 0.18737227240512885, 'gpp_b': 9.67374839440457e-05, 'gpp_d': 15.3464307516782, 'ign_k': 0.04439802552990466, 'ign_c': 12.366924205139131, 'trop_agb_crit': 3.544180417534903, 'trop_k_veg': 5.691473319778836, 'pop_amp': 0.04874366481145617, 'pop_peak': 0.17274196344453516, 'pop_sig': 0.6871869718280653, 'fuel_k': 2.8606142106392465, 'fuel_half': 17.890117928710357}.
[I 2026-08-19 13:19:00,762] Trial 669 finished with values: [-0.4210618066633537, 0.009608647772152867] and parameters: {'k1': 4.0873003903057456e-05, 'D_low': 6293.732112193172, 'k2': 0.0002001342062287998, 'D_high': 24493.271671328574, 'fire_exp': 1.8678802571070678, 'P_half': 1.332700437360483, 'pre_dampen_half': 0.2571419084734534, 'gpp_af': 0.18737227240512885, 'gpp_b': 9.67374839440457e-05, 'gpp_d': 3.032712462969173, 'ign_k': 0.17320535908244444, 'ign_c': 12.366924205139131, 'trop_agb_crit': 13.763560673020894, 'trop_k_veg': 0.6719347333876377, 'pop_amp': 0.0034369873301918173, 'pop_peak': 0.05281056279423359, 'pop_sig': 0.7824044734208029, 'fuel_k': 0.9199338799678547, 'fuel_half': 2.01596048776016}.
[I 2026-08-19 13:19:03,004] Trial 670 finished with values: [-0.40169545320979705, 1.589155437131673e-06] and parameters: {'k1': 0.0004846497679219079, 'D_low': 1368.9795993592197, 'k2': 1.2748758606816134e-05, 'D_high': 24493.271671328574, 'fire_exp': 1.8678802571070678, 'P_half': 267.2146013620241, 'pre_dampen_half': 1.8469033699850426, 'gpp_af': 0.11134482360128048, 'gpp_b': 4.038332634638232, 'gpp_d': 3.032712462969173, 'ign_k': 0.009935023909063692, 'ign_c': 89.12611835816996, 'trop_agb_crit': 9.561362341798622, 'trop_k_veg': 0.8084202024508578, 'pop_amp': 0.004708042915737182, 'pop_peak': 0.05281056279423359, 'pop_sig': 1.1410217708053068, 'fuel_k': 0.9666195090843235, 'fuel_half': 2.01596048776016}.
[I 2026-08-19 13:19:05,412] Trial 671 finished with values: [-0.3963957331872857, 6.787903572558207e-13] and parameters: {'k1': 0.0004846497679219079, 'D_low': 286.06841726052676, 'k2': 0.0380601909492279, 'D_high': 24493.271671328574, 'fire_exp': 3.7695400350033266, 'P_half': 1.332700437360483, 'pre_dampen_half': 0.2571419084734534, 'gpp_af': 0.005018406982902927, 'gpp_b': 1.624829724391053, 'gpp_d': 1.0088237648985734, 'ign_k': 9.162638829638215, 'ign_c': 0.15590073239763044, 'trop_agb_crit': 1.257433437731036, 'trop_k_veg': 2.819496004876631, 'pop_amp': 2.1219303004144856, 'pop_peak': 1.9043491615789352, 'pop_sig': 0.2777678917098414, 'fuel_k': 0.9199338799678547, 'fuel_half': 2.01596048776016}.
[I 2026-08-19 13:19:07,671] Trial 672 finished with values: [-0.419163145342368, 0.00037053892237604025] and parameters: {'k1': 9.67404566214593e-05, 'D_low': 27972.024228472703, 'k2': 6.340140860251457e-05, 'D_high': 1907543.828944448, 'fire_exp': 2.5321117364280843, 'P_half': 229.5739821454948, 'pre_dampen_half': 0.2571419084734534, 'gpp_af': 0.0028701881471957036, 'gpp_b': 0.0004837646996135023, 'gpp_d': 108.18665579547857, 'ign_k': 0.45791923103229365, 'ign_c': 6.0816733722841345, 'trop_agb_crit': 1.050713312531254, 'trop_k_veg': 6.972354563243685, 'pop_amp': 0.024891633080683897, 'pop_peak': 1.884221947092994, 'pop_sig': 1.804482856986987, 'fuel_k': 3.250046746707412, 'fuel_half': 17.890117928710357}.
  trial  673/2500  pareto_size=23  best_ilamb=0.6094  (33.5 min)
[I 2026-08-19 13:19:10,805] Trial 673 finished with values: [-0.5052291776945781, 0.005118100606452236] and parameters: {'k1': 0.0004846497679219079, 'D_low': 1.6569065206637925, 'k2': 4.392638796750218e-05, 'D_high': 6543576.946931886, 'fire_exp': 2.5321117364280843, 'P_half': 1265.0580856641704, 'pre_dampen_half': 0.2571419084734534, 'gpp_af': 0.18737227240512885, 'gpp_b': 9.67374839440457e-05, 'gpp_d': 118.26972885708257, 'ign_k': 0.0629707107611051, 'ign_c': 12.366924205139131, 'trop_agb_crit': 2.6689615974393592, 'trop_k_veg': 3.754644404143055, 'pop_amp': 5.27924855752961, 'pop_peak': 1.884221947092994, 'pop_sig': 1.804482856986987, 'fuel_k': 3.640039183945803, 'fuel_half': 0.10355826161899183}.
[I 2026-08-19 13:19:13,197] Trial 674 finished with values: [-0.47570043040036347, 0.05659788600720561] and parameters: {'k1': 0.0004846497679219079, 'D_low': 1.6569065206637925, 'k2': 3.077180271250682e-05, 'D_high': 9355.38060645217, 'fire_exp': 1.1633452995374232, 'P_half': 352.110299468884, 'pre_dampen_half': 0.19674328025306115, 'gpp_af': 0.0028701881471957036, 'gpp_b': 9.67374839440457e-05, 'gpp_d': 11.739995320396202, 'ign_k': 0.0018476008877284175, 'ign_c': 0.7313962512403624, 'trop_agb_crit': 1.050713312531254, 'trop_k_veg': 0.6719347333876377, 'pop_amp': 5.27924855752961, 'pop_peak': 1.884221947092994, 'pop_sig': 0.9904669476016459, 'fuel_k': 3.640039183945803, 'fuel_half': 1.7895437790635824}.
[I 2026-08-19 13:19:15,623] Trial 675 finished with values: [-0.40471470894177264, 4.554023795155793e-05] and parameters: {'k1': 0.0008020503059027807, 'D_low': 15150.361381456718, 'k2': 0.0032792262899971644, 'D_high': 9355.38060645217, 'fire_exp': 1.1633452995374232, 'P_half': 118.47646505012496, 'pre_dampen_half': 0.19674328025306115, 'gpp_af': 2.0540519425388455, 'gpp_b': 0.3189249600851242, 'gpp_d': 108.18665579547857, 'ign_k': 9.162638829638215, 'ign_c': 4.4716799012313055, 'trop_agb_crit': 3.544180417534903, 'trop_k_veg': 0.6719347333876377, 'pop_amp': 10.985330528057915, 'pop_peak': 503.7153440645595, 'pop_sig': 1.804482856986987, 'fuel_k': 3.640039183945803, 'fuel_half': 0.28216750786781575}.
[I 2026-08-19 13:19:17,823] Trial 676 finished with values: [-0.4031970356504053, 8.664504562883035e-05] and parameters: {'k1': 0.0004846497679219079, 'D_low': 1.6569065206637925, 'k2': 0.0002001342062287998, 'D_high': 109.93781215236433, 'fire_exp': 1.8678802571070678, 'P_half': 1265.0580856641704, 'pre_dampen_half': 0.19674328025306115, 'gpp_af': 0.11134482360128048, 'gpp_b': 0.0007417652034871827, 'gpp_d': 118.26972885708257, 'ign_k': 0.0023181776112903506, 'ign_c': 0.5488047000766043, 'trop_agb_crit': 14.188434224699876, 'trop_k_veg': 0.5443513380244235, 'pop_amp': 0.008683934086503814, 'pop_peak': 0.05281056279423359, 'pop_sig': 1.804482856986987, 'fuel_k': 0.9199338799678547, 'fuel_half': 1.7895437790635824}.
[I 2026-08-19 13:19:20,075] Trial 677 finished with values: [-0.5237322264767672, 0.034265930199042116] and parameters: {'k1': 0.005456725485601475, 'D_low': 437.4364439939077, 'k2': 3.077180271250682e-05, 'D_high': 9355.38060645217, 'fire_exp': 1.0824018381500955, 'P_half': 4337.920697490941, 'pre_dampen_half': 0.19674328025306115, 'gpp_af': 2.0540519425388455, 'gpp_b': 0.0007417652034871827, 'gpp_d': 3.9841905944346854, 'ign_k': 0.1537592023548176, 'ign_c': 0.5488047000766043, 'trop_agb_crit': 17.69486533706496, 'trop_k_veg': 4.288672925586801, 'pop_amp': 10.985330528057915, 'pop_peak': 352.89806695809773, 'pop_sig': 0.9904669476016459, 'fuel_k': 3.640039183945803, 'fuel_half': 0.18427970406864538}.
[I 2026-08-19 13:19:22,499] Trial 678 finished with values: [-0.3554625854118624, 0.0] and parameters: {'k1': 1.844951990812239e-05, 'D_low': 27972.024228472703, 'k2': 0.0019856031481305684, 'D_high': 9355.38060645217, 'fire_exp': 7.856097010829145, 'P_half': 267.2146013620241, 'pre_dampen_half': 0.2571419084734534, 'gpp_af': 0.9346598275601615, 'gpp_b': 0.004411400434514031, 'gpp_d': 118.26972885708257, 'ign_k': 0.1537592023548176, 'ign_c': 225.58738962142354, 'trop_agb_crit': 3.3887235042490564, 'trop_k_veg': 3.8630358731893586, 'pop_amp': 10.985330528057915, 'pop_peak': 13.10465149744836, 'pop_sig': 0.6871869718280653, 'fuel_k': 3.640039183945803, 'fuel_half': 0.18427970406864538}.
[I 2026-08-19 13:19:24,778] Trial 679 finished with values: [-0.3937892993818779, 0.003446921289728344] and parameters: {'k1': 0.005456725485601475, 'D_low': 27972.024228472703, 'k2': 3.077180271250682e-05, 'D_high': 9355.38060645217, 'fire_exp': 1.0824018381500955, 'P_half': 4337.920697490941, 'pre_dampen_half': 0.19674328025306115, 'gpp_af': 2.0540519425388455, 'gpp_b': 0.0007417652034871827, 'gpp_d': 3.9841905944346854, 'ign_k': 0.1537592023548176, 'ign_c': 12.366924205139131, 'trop_agb_crit': 3.3887235042490564, 'trop_k_veg': 5.691473319778836, 'pop_amp': 10.985330528057915, 'pop_peak': 162.62551614461097, 'pop_sig': 0.9904669476016459, 'fuel_k': 0.11148299766359336, 'fuel_half': 2.44365199339694}.
[I 2026-08-19 13:19:27,089] Trial 680 finished with values: [-0.4362070222867375, 0.00436766301066549] and parameters: {'k1': 1.844951990812239e-05, 'D_low': 1.6569065206637925, 'k2': 0.0019856031481305684, 'D_high': 1124534.1807254362, 'fire_exp': 1.3796609641485171, 'P_half': 1517.2922775770444, 'pre_dampen_half': 0.2571419084734534, 'gpp_af': 0.006580815488709274, 'gpp_b': 9.67374839440457e-05, 'gpp_d': 0.16294786031575217, 'ign_k': 0.1119148413136602, 'ign_c': 6.0816733722841345, 'trop_agb_crit': 3.544180417534903, 'trop_k_veg': 6.972354563243685, 'pop_amp': 0.04874366481145617, 'pop_peak': 1.884221947092994, 'pop_sig': 1.804482856986987, 'fuel_k': 2.8606142106392465, 'fuel_half': 10.982048001175743}.
[I 2026-08-19 13:19:29,702] Trial 681 finished with values: [-0.37265640952385526, 3.650413304967515e-12] and parameters: {'k1': 0.005456725485601475, 'D_low': 1.6569065206637925, 'k2': 0.0019856031481305684, 'D_high': 24493.271671328574, 'fire_exp': 6.464773756830049, 'P_half': 4337.920697490941, 'pre_dampen_half': 0.2571419084734534, 'gpp_af': 0.11134482360128048, 'gpp_b': 0.004411400434514031, 'gpp_d': 0.01615714055429207, 'ign_k': 0.17320535908244444, 'ign_c': 12.366924205139131, 'trop_agb_crit': 28.49245476864681, 'trop_k_veg': 6.972354563243685, 'pop_amp': 0.020758979942636296, 'pop_peak': 0.05281056279423359, 'pop_sig': 0.7824044734208029, 'fuel_k': 2.8606142106392465, 'fuel_half': 2.44365199339694}.
  trial  682/2500  pareto_size=23  best_ilamb=0.6094  (33.8 min)
[I 2026-08-19 13:19:33,020] Trial 682 finished with values: [-0.5383143418329025, 0.18477625739849912] and parameters: {'k1': 0.0007158031739371039, 'D_low': 1368.9795993592197, 'k2': 0.0021608491389795734, 'D_high': 1661855.441285105, 'fire_exp': 1.0501937052663004, 'P_half': 267.2146013620241, 'pre_dampen_half': 4.412509669839992, 'gpp_af': 49.583649914027546, 'gpp_b': 0.620439464939785, 'gpp_d': 117.2128156438701, 'ign_k': 0.025284086172415596, 'ign_c': 0.19678273362633986, 'trop_agb_crit': 1.334283419016584, 'trop_k_veg': 4.891066132801691, 'pop_amp': 0.0021433490423168255, 'pop_peak': 1.421337820414783, 'pop_sig': 1.0264911386548754, 'fuel_k': 0.9773603496225698, 'fuel_half': 1.7918446176734728}.
[I 2026-08-19 13:19:35,522] Trial 683 finished with values: [-0.435997541304026, 0.004727934059828298] and parameters: {'k1': 1.9423940721007243e-05, 'D_low': 27972.024228472703, 'k2': 0.0019856031481305684, 'D_high': 6543576.946931886, 'fire_exp': 1.0824018381500955, 'P_half': 4337.920697490941, 'pre_dampen_half': 0.19674328025306115, 'gpp_af': 0.18737227240512885, 'gpp_b': 0.0007417652034871827, 'gpp_d': 118.26972885708257, 'ign_k': 0.3699359899959751, 'ign_c': 30.08512495286993, 'trop_agb_crit': 17.69486533706496, 'trop_k_veg': 3.033123769260696, 'pop_amp': 10.985330528057915, 'pop_peak': 0.22533749272964107, 'pop_sig': 0.6871869718280653, 'fuel_k': 3.640039183945803, 'fuel_half': 0.18427970406864538}.
[I 2026-08-19 13:19:37,887] Trial 684 finished with values: [-0.41789916201626187, 0.0027399739197030426] and parameters: {'k1': 1.844951990812239e-05, 'D_low': 286.06841726052676, 'k2': 0.0019856031481305684, 'D_high': 9355.38060645217, 'fire_exp': 1.3796609641485171, 'P_half': 1517.2922775770444, 'pre_dampen_half': 0.0399066504395798, 'gpp_af': 0.005018406982902927, 'gpp_b': 9.67374839440457e-05, 'gpp_d': 3.9841905944346854, 'ign_k': 0.3699359899959751, 'ign_c': 0.2806439011124269, 'trop_agb_crit': 3.3887235042490564, 'trop_k_veg': 5.691473319778836, 'pop_amp': 5.27924855752961, 'pop_peak': 10.679600530994481, 'pop_sig': 0.6871869718280653, 'fuel_k': 3.640039183945803, 'fuel_half': 2.44365199339694}.
[I 2026-08-19 13:19:40,131] Trial 685 finished with values: [-0.4081238357456389, 0.00030855987040734334] and parameters: {'k1': 4.929552311643645e-05, 'D_low': 1.6569065206637925, 'k2': 0.0019856031481305684, 'D_high': 24493.271671328574, 'fire_exp': 1.1783023063956737, 'P_half': 6281.776703992854, 'pre_dampen_half': 0.7465571739720183, 'gpp_af': 0.0077125451401819246, 'gpp_b': 0.004411400434514031, 'gpp_d': 108.18665579547857, 'ign_k': 0.009935023909063692, 'ign_c': 225.58738962142354, 'trop_agb_crit': 3.3887235042490564, 'trop_k_veg': 2.968382718115938, 'pop_amp': 0.0013002472438361158, 'pop_peak': 13.10465149744836, 'pop_sig': 1.804482856986987, 'fuel_k': 1.3626356448811705, 'fuel_half': 17.890117928710357}.
[I 2026-08-19 13:19:43,090] Trial 686 finished with values: [-0.4122820961627596, 5.701895045007177e-08] and parameters: {'k1': 0.0004846497679219079, 'D_low': 1.1820908383754247, 'k2': 0.06698932367914714, 'D_high': 24493.271671328574, 'fire_exp': 7.856097010829145, 'P_half': 891.3195612714107, 'pre_dampen_half': 0.583790525618232, 'gpp_af': 0.9346598275601615, 'gpp_b': 0.0007417652034871827, 'gpp_d': 3.032712462969173, 'ign_k': 0.009935023909063692, 'ign_c': 0.15590073239763044, 'trop_agb_crit': 17.69486533706496, 'trop_k_veg': 4.30392173391187, 'pop_amp': 2.1219303004144856, 'pop_peak': 1.9043491615789352, 'pop_sig': 0.6871869718280653, 'fuel_k': 0.06665315262856292, 'fuel_half': 2.01596048776016}.
[I 2026-08-19 13:19:46,047] Trial 687 finished with values: [-0.3462224659291171, 0.9685629830290231] and parameters: {'k1': 0.09372580613581186, 'D_low': 2.400213216646464, 'k2': 0.09116768553735347, 'D_high': 1253.7743435802931, 'fire_exp': 1.1633452995374232, 'P_half': 10.436686039715203, 'pre_dampen_half': 30.11226646948154, 'gpp_af': 0.41874665092828456, 'gpp_b': 0.004411400434514031, 'gpp_d': 1.0088237648985734, 'ign_k': 0.04439802552990466, 'ign_c': 0.4177928311636542, 'trop_agb_crit': 23.606263788786194, 'trop_k_veg': 6.972354563243685, 'pop_amp': 6.746076139939917, 'pop_peak': 2.016436598480055, 'pop_sig': 0.4663206866626952, 'fuel_k': 4.04437775870989, 'fuel_half': 0.3497028715561063}.
[I 2026-08-19 13:19:50,127] Trial 688 finished with values: [-0.39664040824577135, 7.938094626069869e-14] and parameters: {'k1': 9.67404566214593e-05, 'D_low': 1.6569065206637925, 'k2': 0.09116768553735347, 'D_high': 6543576.946931886, 'fire_exp': 6.454675979546216, 'P_half': 10.436686039715203, 'pre_dampen_half': 30.11226646948154, 'gpp_af': 0.18737227240512885, 'gpp_b': 0.05825704883392061, 'gpp_d': 0.050654860639753524, 'ign_k': 0.04439802552990466, 'ign_c': 89.12611835816996, 'trop_agb_crit': 14.188434224699876, 'trop_k_veg': 6.972354563243685, 'pop_amp': 6.746076139939917, 'pop_peak': 107.34407505564539, 'pop_sig': 1.804482856986987, 'fuel_k': 4.04437775870989, 'fuel_half': 0.3497028715561063}.
[I 2026-08-19 13:19:52,842] Trial 689 finished with values: [-0.421388034397126, 0.0023883663597077387] and parameters: {'k1': 0.0004846497679219079, 'D_low': 1.6569065206637925, 'k2': 0.0002001342062287998, 'D_high': 24493.271671328574, 'fire_exp': 1.8678802571070678, 'P_half': 442.0612468360114, 'pre_dampen_half': 0.2571419084734534, 'gpp_af': 0.0028701881471957036, 'gpp_b': 9.67374839440457e-05, 'gpp_d': 0.050654860639753524, 'ign_k': 0.17320535908244444, 'ign_c': 6.0816733722841345, 'trop_agb_crit': 14.188434224699876, 'trop_k_veg': 0.5443513380244235, 'pop_amp': 0.006259385398634981, 'pop_peak': 1.884221947092994, 'pop_sig': 1.804482856986987, 'fuel_k': 0.9199338799678547, 'fuel_half': 1.7895437790635824}.
  trial  690/2500  pareto_size=23  best_ilamb=0.6094  (34.2 min)
