[I 2026-08-06 10:23:11,965] Trial 624 finished with values: [10.455017085888295, 10.455017085888295] and parameters: {'k1': 0.008912611835817005, 'D_low': 34.459310919273356, 'k2': 1.915468390724633e-05, 'D_high': 21.947742689197344, 'fire_exp': 1.0629462657398439, 'P_half': 220.3445560633069, 'pre_dampen_half': 481.9793830934018, 'gpp_af': 5.335773317316405, 'gpp_b': 0.0021331409710300844, 'gpp_d': 16.460426816350523, 'ign_k': 0.0680787482656459, 'ign_c': 2.8335389417624683, 'trop_agb_crit': 8.997007571451054, 'trop_k_veg': 2.194427136482602}.
[I 2026-08-06 10:23:13,150] Trial 625 finished with values: [10.010074072480089, 10.010074072480089] and parameters: {'k1': 0.008912611835817005, 'D_low': 2.4622754931226587, 'k2': 1.915468390724633e-05, 'D_high': 3712.591045287726, 'fire_exp': 1.1263716762638152, 'P_half': 220.3445560633069, 'pre_dampen_half': 552.4163637315892, 'gpp_af': 1.9706963379095486, 'gpp_b': 0.0021331409710300844, 'gpp_d': 16.460426816350523, 'ign_k': 0.0680787482656459, 'ign_c': 11.400863701127316, 'trop_agb_crit': 6.275146677376727, 'trop_k_veg': 0.983473833513531}.
[I 2026-08-06 10:23:14,328] Trial 626 finished with values: [-0.5735266879475186, 0.07131677736815079] and parameters: {'k1': 0.008912611835817005, 'D_low': 355.00125258511594, 'k2': 0.03538758864779238, 'D_high': 11832.967057468773, 'fire_exp': 1.1263716762638152, 'P_half': 5.076307782729897, 'pre_dampen_half': 502.5175192217655, 'gpp_af': 0.6403036652671171, 'gpp_b': 0.0021331409710300844, 'gpp_d': 2.944272359149677, 'ign_k': 0.21006485619596416, 'ign_c': 15.221840161091626, 'trop_agb_crit': 1.0903028125370984, 'trop_k_veg': 3.1473758868965476}.
[I 2026-08-06 10:23:15,536] Trial 627 finished with values: [10.505764605253056, 10.505764605253056] and parameters: {'k1': 0.008912611835817005, 'D_low': 3.525936800597896, 'k2': 1.915468390724633e-05, 'D_high': 21.947742689197344, 'fire_exp': 1.1263716762638152, 'P_half': 220.3445560633069, 'pre_dampen_half': 8.594202650742222, 'gpp_af': 24.725776073156705, 'gpp_b': 3.481277316673104e-05, 'gpp_d': 1.6983565276584263, 'ign_k': 0.0680787482656459, 'ign_c': 0.70689749506246, 'trop_agb_crit': 8.997007571451054, 'trop_k_veg': 2.4336356947036335}.
[I 2026-08-06 10:23:16,702] Trial 628 finished with values: [10.435179828249886, 10.435179828249886] and parameters: {'k1': 0.008912611835817005, 'D_low': 1397.5908789482219, 'k2': 0.03538758864779238, 'D_high': 8182.111518618414, 'fire_exp': 1.1490848108902036, 'P_half': 314.0161493033586, 'pre_dampen_half': 234.12640025944248, 'gpp_af': 0.6403036652671171, 'gpp_b': 0.006906522645653115, 'gpp_d': 84.31013932082456, 'ign_k': 0.00840038491455979, 'ign_c': 5.13055176058983, 'trop_agb_crit': 8.997007571451054, 'trop_k_veg': 3.1473758868965476}.
[I 2026-08-06 10:23:17,866] Trial 629 finished with values: [10.408641755451388, 10.408641755451388] and parameters: {'k1': 0.004312951023617458, 'D_low': 4.484744524732794, 'k2': 1.915468390724633e-05, 'D_high': 37954.79274251299, 'fire_exp': 1.1263716762638152, 'P_half': 1.4367266998250416, 'pre_dampen_half': 502.5175192217655, 'gpp_af': 0.7539992074650279, 'gpp_b': 0.0021331409710300844, 'gpp_d': 0.04078961160746153, 'ign_k': 0.1550134937334847, 'ign_c': 15.221840161091626, 'trop_agb_crit': 2.1861040860339416, 'trop_k_veg': 1.7517490491468353}.
[I 2026-08-06 10:23:19,070] Trial 630 finished with values: [10.759708534540485, 10.759708534540485] and parameters: {'k1': 0.012021930484915042, 'D_low': 5438.762195226741, 'k2': 1.915468390724633e-05, 'D_high': 15351.441568398131, 'fire_exp': 1.1263716762638152, 'P_half': 220.3445560633069, 'pre_dampen_half': 502.5175192217655, 'gpp_af': 1.965797948502807, 'gpp_b': 0.0021331409710300844, 'gpp_d': 2.944272359149677, 'ign_k': 0.0680787482656459, 'ign_c': 5.13055176058983, 'trop_agb_crit': 2.1861040860339416, 'trop_k_veg': 2.194427136482602}.
[I 2026-08-06 10:23:20,245] Trial 631 finished with values: [-0.5308513847227229, 0.16848158038393313] and parameters: {'k1': 0.0001839180780558311, 'D_low': 1112.9571947046009, 'k2': 8.923807143379776e-05, 'D_high': 8182.111518618414, 'fire_exp': 1.1263716762638152, 'P_half': 220.3445560633069, 'pre_dampen_half': 502.5175192217655, 'gpp_af': 0.7539992074650279, 'gpp_b': 0.011051185074931393, 'gpp_d': 16.460426816350523, 'ign_k': 0.0680787482656459, 'ign_c': 0.557280750002996, 'trop_agb_crit': 2.1861040860339416, 'trop_k_veg': 1.4584243470991722}.
[I 2026-08-06 10:23:21,434] Trial 632 finished with values: [10.203537873157702, 10.203537873157702] and parameters: {'k1': 3.23559867820537e-05, 'D_low': 34.459310919273356, 'k2': 1.4665316366397004e-05, 'D_high': 3712.591045287726, 'fire_exp': 1.221575427404682, 'P_half': 220.3445560633069, 'pre_dampen_half': 63.6685916079943, 'gpp_af': 0.7539992074650279, 'gpp_b': 0.00012379625135997558, 'gpp_d': 16.460426816350523, 'ign_k': 0.0680787482656459, 'ign_c': 2.8335389417624683, 'trop_agb_crit': 1.0455434848969813, 'trop_k_veg': 2.573214588078609}.
[I 2026-08-06 10:23:22,590] Trial 633 finished with values: [-0.4653255931294503, 0.14482017145949566] and parameters: {'k1': 0.008912611835817005, 'D_low': 4.484744524732794, 'k2': 8.923807143379776e-05, 'D_high': 985.7545621889059, 'fire_exp': 1.1430983876313219, 'P_half': 220.3445560633069, 'pre_dampen_half': 502.5175192217655, 'gpp_af': 0.25562996323356024, 'gpp_b': 0.14577755664212386, 'gpp_d': 4.25060659305504, 'ign_k': 2.9818972317055166, 'ign_c': 0.557280750002996, 'trop_agb_crit': 1.0455434848969813, 'trop_k_veg': 1.4584243470991722}.
[I 2026-08-06 10:23:23,789] Trial 634 finished with values: [10.76428499914004, 10.76428499914004] and parameters: {'k1': 0.008912611835817005, 'D_low': 1112.9571947046009, 'k2': 3.9207829763785736e-05, 'D_high': 21.947742689197344, 'fire_exp': 1.0629462657398439, 'P_half': 220.3445560633069, 'pre_dampen_half': 502.5175192217655, 'gpp_af': 0.7539992074650279, 'gpp_b': 8.313439445310161, 'gpp_d': 16.460426816350523, 'ign_k': 0.0680787482656459, 'ign_c': 15.221840161091626, 'trop_agb_crit': 1.14876138417489, 'trop_k_veg': 1.4584243470991722}.
[I 2026-08-06 10:23:24,977] Trial 635 finished with values: [10.5035853469742, 10.5035853469742] and parameters: {'k1': 0.008912611835817005, 'D_low': 4.484744524732794, 'k2': 0.0003432139136241583, 'D_high': 3712.591045287726, 'fire_exp': 1.0629462657398439, 'P_half': 220.3445560633069, 'pre_dampen_half': 502.5175192217655, 'gpp_af': 0.7539992074650279, 'gpp_b': 0.0021331409710300844, 'gpp_d': 16.460426816350523, 'ign_k': 0.0680787482656459, 'ign_c': 15.221840161091626, 'trop_agb_crit': 26.643872076082868, 'trop_k_veg': 1.4584243470991722}.
[I 2026-08-06 10:23:26,150] Trial 636 finished with values: [10.769047648291652, 10.769047648291652] and parameters: {'k1': 0.012021930484915042, 'D_low': 2.4622754931226587, 'k2': 0.014344484793173472, 'D_high': 63233.81951066786, 'fire_exp': 1.3170256885255098, 'P_half': 140.74279366401683, 'pre_dampen_half': 0.010585220389440335, 'gpp_af': 0.6403036652671171, 'gpp_b': 3.481277316673104e-05, 'gpp_d': 2.944272359149677, 'ign_k': 0.21006485619596416, 'ign_c': 0.557280750002996, 'trop_agb_crit': 8.997007571451054, 'trop_k_veg': 2.4336356947036335}.
[I 2026-08-06 10:23:27,322] Trial 637 finished with values: [11.37378343979072, 11.37378343979072] and parameters: {'k1': 0.012840669372724958, 'D_low': 4.484744524732794, 'k2': 0.003767022142229395, 'D_high': 3712.591045287726, 'fire_exp': 1.0601964743503993, 'P_half': 4.087300390305745, 'pre_dampen_half': 502.5175192217655, 'gpp_af': 0.7539992074650279, 'gpp_b': 0.14577755664212386, 'gpp_d': 84.31013932082456, 'ign_k': 0.00840038491455979, 'ign_c': 20.03995359361212, 'trop_agb_crit': 1.6878075072665546, 'trop_k_veg': 1.4584243470991722}.
[I 2026-08-06 10:23:28,493] Trial 638 finished with values: [10.473475114145932, 10.473475114145932] and parameters: {'k1': 0.00488137519160367, 'D_low': 4.484744524732794, 'k2': 0.03538758864779238, 'D_high': 3712.591045287726, 'fire_exp': 1.1430983876313219, 'P_half': 220.3445560633069, 'pre_dampen_half': 552.4163637315892, 'gpp_af': 0.7539992074650279, 'gpp_b': 0.14577755664212386, 'gpp_d': 16.460426816350523, 'ign_k': 0.0680787482656459, 'ign_c': 2.8335389417624683, 'trop_agb_crit': 24.584290528289387, 'trop_k_veg': 2.573214588078609}.
[I 2026-08-06 10:23:29,723] Trial 639 finished with values: [-0.5287696025960454, 0.14200144189734965] and parameters: {'k1': 0.029385019583898195, 'D_low': 4.484744524732794, 'k2': 1.915468390724633e-05, 'D_high': 21.947742689197344, 'fire_exp': 1.0629462657398439, 'P_half': 220.3445560633069, 'pre_dampen_half': 552.4163637315892, 'gpp_af': 24.725776073156705, 'gpp_b': 0.14577755664212386, 'gpp_d': 16.460426816350523, 'ign_k': 0.010167079878196114, 'ign_c': 15.221840161091626, 'trop_agb_crit': 24.584290528289387, 'trop_k_veg': 2.194427136482602}.
[I 2026-08-06 10:23:30,884] Trial 640 finished with values: [10.063197870578387, 10.063197870578387] and parameters: {'k1': 0.012021930484915042, 'D_low': 2.4622754931226587, 'k2': 1.4403740929157842e-05, 'D_high': 985.7545621889059, 'fire_exp': 1.0629462657398439, 'P_half': 5.076307782729897, 'pre_dampen_half': 63.6685916079943, 'gpp_af': 0.6403036652671171, 'gpp_b': 0.006906522645653115, 'gpp_d': 574.194366311956, 'ign_k': 0.36014695835220345, 'ign_c': 15.221840161091626, 'trop_agb_crit': 1.0903028125370984, 'trop_k_veg': 3.1473758868965476}.
[I 2026-08-06 10:23:32,233] Trial 641 finished with values: [-0.5236783884222465, 0.08013353515638322] and parameters: {'k1': 0.029626010885972713, 'D_low': 4.484744524732794, 'k2': 0.0006591123094840287, 'D_high': 15351.441568398131, 'fire_exp': 1.1430983876313219, 'P_half': 115.44738876452311, 'pre_dampen_half': 502.5175192217655, 'gpp_af': 0.25562996323356024, 'gpp_b': 0.14577755664212386, 'gpp_d': 10.369565216756202, 'ign_k': 2.1368329072358767, 'ign_c': 15.221840161091626, 'trop_agb_crit': 1.0455434848969813, 'trop_k_veg': 2.194427136482602}.
[I 2026-08-06 10:23:33,391] Trial 642 finished with values: [10.768449792744564, 10.768449792744564] and parameters: {'k1': 0.004312951023617458, 'D_low': 1112.9571947046009, 'k2': 5.52207197313581e-05, 'D_high': 902.3734753282104, 'fire_exp': 4.643701096890353, 'P_half': 140.74279366401683, 'pre_dampen_half': 552.4163637315892, 'gpp_af': 0.7539992074650279, 'gpp_b': 3.481277316673104e-05, 'gpp_d': 150.14555442537656, 'ign_k': 0.0680787482656459, 'ign_c': 11.400863701127316, 'trop_agb_crit': 1.0455434848969813, 'trop_k_veg': 2.194427136482602}.
[I 2026-08-06 10:23:34,580] Trial 643 finished with values: [-0.5308513847227229, 0.16848158038393313] and parameters: {'k1': 0.0001839180780558311, 'D_low': 1112.9571947046009, 'k2': 8.923807143379776e-05, 'D_high': 8182.111518618414, 'fire_exp': 1.1263716762638152, 'P_half': 220.3445560633069, 'pre_dampen_half': 502.5175192217655, 'gpp_af': 0.7539992074650279, 'gpp_b': 0.011051185074931393, 'gpp_d': 16.460426816350523, 'ign_k': 0.0680787482656459, 'ign_c': 0.557280750002996, 'trop_agb_crit': 2.1861040860339416, 'trop_k_veg': 1.4584243470991722}.
[I 2026-08-06 10:23:35,735] Trial 644 finished with values: [10.270694182821439, 10.270694182821439] and parameters: {'k1': 0.004312951023617458, 'D_low': 520.4862686958022, 'k2': 8.923807143379776e-05, 'D_high': 8182.111518618414, 'fire_exp': 1.1430983876313219, 'P_half': 220.3445560633069, 'pre_dampen_half': 17.707795393478506, 'gpp_af': 0.7539992074650279, 'gpp_b': 7.210246166617508e-05, 'gpp_d': 150.14555442537656, 'ign_k': 0.01364908766641695, 'ign_c': 2.8335389417624683, 'trop_agb_crit': 1.0455434848969813, 'trop_k_veg': 1.4584243470991722}.
[I 2026-08-06 10:23:36,903] Trial 645 finished with values: [-0.5158232792074183, 0.12160643389175141] and parameters: {'k1': 0.012021930484915042, 'D_low': 4.484744524732794, 'k2': 1.8205657658407255e-05, 'D_high': 1493.5213816355397, 'fire_exp': 1.1263716762638152, 'P_half': 220.3445560633069, 'pre_dampen_half': 502.5175192217655, 'gpp_af': 0.7539992074650279, 'gpp_b': 0.011051185074931393, 'gpp_d': 16.460426816350523, 'ign_k': 0.0680787482656459, 'ign_c': 15.221840161091626, 'trop_agb_crit': 1.6079844205915728, 'trop_k_veg': 0.983473833513531}.
[I 2026-08-06 10:23:38,061] Trial 646 finished with values: [11.527620975717726, 11.527620975717726] and parameters: {'k1': 0.029385019583898195, 'D_low': 4.484744524732794, 'k2': 1.915468390724633e-05, 'D_high': 13.179361165291603, 'fire_exp': 1.0629462657398439, 'P_half': 17.04981874323337, 'pre_dampen_half': 693.3733406812293, 'gpp_af': 0.7539992074650279, 'gpp_b': 0.0021331409710300844, 'gpp_d': 16.460426816350523, 'ign_k': 0.010167079878196114, 'ign_c': 15.221840161091626, 'trop_agb_crit': 24.584290528289387, 'trop_k_veg': 2.194427136482602}.
[I 2026-08-06 10:23:39,234] Trial 647 finished with values: [10.05595810571568, 10.05595810571568] and parameters: {'k1': 0.0001839180780558311, 'D_low': 1112.9571947046009, 'k2': 8.923807143379776e-05, 'D_high': 8182.111518618414, 'fire_exp': 1.1263716762638152, 'P_half': 658.7536748686896, 'pre_dampen_half': 502.5175192217655, 'gpp_af': 0.7539992074650279, 'gpp_b': 0.011051185074931393, 'gpp_d': 16.460426816350523, 'ign_k': 0.0680787482656459, 'ign_c': 0.557280750002996, 'trop_agb_crit': 2.1861040860339416, 'trop_k_veg': 1.4584243470991722}.
[I 2026-08-06 10:23:40,432] Trial 648 finished with values: [10.747376703563026, 10.747376703563026] and parameters: {'k1': 0.012021930484915042, 'D_low': 7.299348683062307, 'k2': 0.0154776166709383, 'D_high': 64.1820830998748, 'fire_exp': 1.0629462657398439, 'P_half': 220.3445560633069, 'pre_dampen_half': 63.6685916079943, 'gpp_af': 24.725776073156705, 'gpp_b': 0.14577755664212386, 'gpp_d': 19.600139992927435, 'ign_k': 2.9818972317055166, 'ign_c': 15.221840161091626, 'trop_agb_crit': 7.628718523810018, 'trop_k_veg': 0.6673124511410327}.
[I 2026-08-06 10:23:41,607] Trial 649 finished with values: [10.769230768838547, 10.769230768838547] and parameters: {'k1': 0.008912611835817005, 'D_low': 4.484744524732794, 'k2': 8.923807143379776e-05, 'D_high': 8182.111518618414, 'fire_exp': 1.0629462657398439, 'P_half': 220.3445560633069, 'pre_dampen_half': 552.4163637315892, 'gpp_af': 0.7539992074650279, 'gpp_b': 0.14577755664212386, 'gpp_d': 150.14555442537656, 'ign_k': 2.9818972317055166, 'ign_c': 49.40031671739375, 'trop_agb_crit': 1.0455434848969813, 'trop_k_veg': 1.4584243470991722}.
[I 2026-08-06 10:23:42,766] Trial 650 finished with values: [-0.4994219296286616, 0.17352651956626652] and parameters: {'k1': 0.008912611835817005, 'D_low': 4.484744524732794, 'k2': 0.0001280298359290444, 'D_high': 3712.591045287726, 'fire_exp': 1.0629462657398439, 'P_half': 220.3445560633069, 'pre_dampen_half': 552.4163637315892, 'gpp_af': 0.7539992074650279, 'gpp_b': 0.14577755664212386, 'gpp_d': 16.460426816350523, 'ign_k': 0.01364908766641695, 'ign_c': 2.8335389417624683, 'trop_agb_crit': 1.0903028125370984, 'trop_k_veg': 2.194427136482602}.
[I 2026-08-06 10:23:43,952] Trial 651 finished with values: [10.767725053759069, 10.767725053759069] and parameters: {'k1': 0.008912611835817005, 'D_low': 4.484744524732794, 'k2': 1.8205657658407255e-05, 'D_high': 21.947742689197344, 'fire_exp': 1.1263716762638152, 'P_half': 7579.633113316125, 'pre_dampen_half': 234.12640025944248, 'gpp_af': 0.7539992074650279, 'gpp_b': 0.14577755664212386, 'gpp_d': 0.02947837769137004, 'ign_k': 0.010167079878196114, 'ign_c': 15.221840161091626, 'trop_agb_crit': 1.0903028125370984, 'trop_k_veg': 0.983473833513531}.
[I 2026-08-06 10:23:45,125] Trial 652 finished with values: [10.423940319604931, 10.423940319604931] and parameters: {'k1': 0.004312951023617458, 'D_low': 490.2396944106614, 'k2': 7.914423612155373e-05, 'D_high': 8182.111518618414, 'fire_exp': 1.0629462657398439, 'P_half': 220.3445560633069, 'pre_dampen_half': 502.5175192217655, 'gpp_af': 0.7539992074650279, 'gpp_b': 3.481277316673104e-05, 'gpp_d': 150.14555442537656, 'ign_k': 0.0680787482656459, 'ign_c': 0.557280750002996, 'trop_agb_crit': 1.0455434848969813, 'trop_k_veg': 1.4584243470991722}.
[I 2026-08-06 10:23:46,300] Trial 653 finished with values: [10.108250430638467, 10.108250430638467] and parameters: {'k1': 0.004312951023617458, 'D_low': 34.459310919273356, 'k2': 0.0003432139136241583, 'D_high': 3712.591045287726, 'fire_exp': 1.1263716762638152, 'P_half': 220.3445560633069, 'pre_dampen_half': 502.5175192217655, 'gpp_af': 0.7539992074650279, 'gpp_b': 0.0021331409710300844, 'gpp_d': 16.460426816350523, 'ign_k': 0.0680787482656459, 'ign_c': 15.221840161091626, 'trop_agb_crit': 1.0903028125370984, 'trop_k_veg': 2.194427136482602}.
[I 2026-08-06 10:23:47,458] Trial 654 finished with values: [13.199095347464006, 13.199095347464006] and parameters: {'k1': 0.04669327135003539, 'D_low': 3.525936800597896, 'k2': 0.03538758864779238, 'D_high': 63233.81951066786, 'fire_exp': 1.0629462657398439, 'P_half': 140.74279366401683, 'pre_dampen_half': 552.4163637315892, 'gpp_af': 0.7539992074650279, 'gpp_b': 3.481277316673104e-05, 'gpp_d': 1.6983565276584263, 'ign_k': 0.0680787482656459, 'ign_c': 5.13055176058983, 'trop_agb_crit': 24.584290528289387, 'trop_k_veg': 2.4336356947036335}.
[I 2026-08-06 10:23:48,635] Trial 655 finished with values: [-0.5143971943585698, 0.11885343959908568] and parameters: {'k1': 0.00488137519160367, 'D_low': 2.143851363193517, 'k2': 1.915468390724633e-05, 'D_high': 3712.591045287726, 'fire_exp': 1.1263716762638152, 'P_half': 220.3445560633069, 'pre_dampen_half': 502.5175192217655, 'gpp_af': 0.7539992074650279, 'gpp_b': 0.0021331409710300844, 'gpp_d': 10.369565216756202, 'ign_k': 0.0680787482656459, 'ign_c': 15.221840161091626, 'trop_agb_crit': 1.0455434848969813, 'trop_k_veg': 2.194427136482602}.
[I 2026-08-06 10:23:49,795] Trial 656 finished with values: [10.231160922704637, 10.231160922704637] and parameters: {'k1': 3.23559867820537e-05, 'D_low': 4.484744524732794, 'k2': 1.915468390724633e-05, 'D_high': 3712.591045287726, 'fire_exp': 1.221575427404682, 'P_half': 220.3445560633069, 'pre_dampen_half': 63.6685916079943, 'gpp_af': 0.16548212780922, 'gpp_b': 0.00012379625135997558, 'gpp_d': 16.460426816350523, 'ign_k': 0.0680787482656459, 'ign_c': 2.8335389417624683, 'trop_agb_crit': 1.0903028125370984, 'trop_k_veg': 2.573214588078609}.
[I 2026-08-06 10:23:50,985] Trial 657 finished with values: [10.113812116331168, 10.113812116331168] and parameters: {'k1': 0.029687184908302574, 'D_low': 4.484744524732794, 'k2': 1.8205657658407255e-05, 'D_high': 21.947742689197344, 'fire_exp': 1.1263716762638152, 'P_half': 220.3445560633069, 'pre_dampen_half': 502.5175192217655, 'gpp_af': 0.7539992074650279, 'gpp_b': 3.481277316673104e-05, 'gpp_d': 16.460426816350523, 'ign_k': 0.0680787482656459, 'ign_c': 15.221840161091626, 'trop_agb_crit': 1.0903028125370984, 'trop_k_veg': 0.983473833513531}.
[I 2026-08-06 10:23:52,144] Trial 658 finished with values: [-0.5361176184821328, 0.13987984942879317] and parameters: {'k1': 0.008912611835817005, 'D_low': 4.484744524732794, 'k2': 1.915468390724633e-05, 'D_high': 3712.591045287726, 'fire_exp': 1.0629462657398439, 'P_half': 220.3445560633069, 'pre_dampen_half': 502.5175192217655, 'gpp_af': 0.7539992074650279, 'gpp_b': 0.0021331409710300844, 'gpp_d': 4.25060659305504, 'ign_k': 0.0680787482656459, 'ign_c': 15.221840161091626, 'trop_agb_crit': 24.584290528289387, 'trop_k_veg': 0.6673124511410327}.
[I 2026-08-06 10:23:53,562] Trial 659 finished with values: [-0.5308513847227229, 0.16848158038393313] and parameters: {'k1': 0.0001839180780558311, 'D_low': 1112.9571947046009, 'k2': 8.923807143379776e-05, 'D_high': 8182.111518618414, 'fire_exp': 1.1263716762638152, 'P_half': 220.3445560633069, 'pre_dampen_half': 502.5175192217655, 'gpp_af': 0.7539992074650279, 'gpp_b': 0.011051185074931393, 'gpp_d': 16.460426816350523, 'ign_k': 0.0680787482656459, 'ign_c': 0.557280750002996, 'trop_agb_crit': 2.1861040860339416, 'trop_k_veg': 1.4584243470991722}.
[I 2026-08-06 10:23:54,738] Trial 660 finished with values: [10.29336334926848, 10.29336334926848] and parameters: {'k1': 0.004312951023617458, 'D_low': 1112.9571947046009, 'k2': 7.914423612155373e-05, 'D_high': 3712.591045287726, 'fire_exp': 1.0629462657398439, 'P_half': 220.3445560633069, 'pre_dampen_half': 502.5175192217655, 'gpp_af': 0.7539992074650279, 'gpp_b': 3.481277316673104e-05, 'gpp_d': 16.460426816350523, 'ign_k': 0.0680787482656459, 'ign_c': 15.221840161091626, 'trop_agb_crit': 1.0455434848969813, 'trop_k_veg': 2.573214588078609}.
[I 2026-08-06 10:23:55,943] Trial 661 finished with values: [-0.524750455506527, 0.09715937455501555] and parameters: {'k1': 0.00488137519160367, 'D_low': 34.459310919273356, 'k2': 0.014344484793173472, 'D_high': 3712.591045287726, 'fire_exp': 1.5036604936020428, 'P_half': 220.3445560633069, 'pre_dampen_half': 234.12640025944248, 'gpp_af': 0.7539992074650279, 'gpp_b': 0.0021331409710300844, 'gpp_d': 16.460426816350523, 'ign_k': 0.0680787482656459, 'ign_c': 15.221840161091626, 'trop_agb_crit': 1.0903028125370984, 'trop_k_veg': 1.4584243470991722}.
[I 2026-08-06 10:23:57,092] Trial 662 finished with values: [11.096817378134096, 11.096817378134096] and parameters: {'k1': 0.012021930484915042, 'D_low': 7.299348683062307, 'k2': 0.03538758864779238, 'D_high': 11832.967057468773, 'fire_exp': 1.1263716762638152, 'P_half': 5.076307782729897, 'pre_dampen_half': 502.5175192217655, 'gpp_af': 1.9706963379095486, 'gpp_b': 0.0021331409710300844, 'gpp_d': 19.600139992927435, 'ign_k': 0.21006485619596416, 'ign_c': 15.221840161091626, 'trop_agb_crit': 1.0903028125370984, 'trop_k_veg': 3.1473758868965476}.
