[I 2026-07-24 02:08:38,406] Trial 352 finished with value: 0.5792411881678632 and parameters: {'k1': 0.0020458056107496548, 'D_low': 178.4736911407722, 'k2': 0.01880620629380557, 'D_high': 3772038.802721172, 'fire_exp': 4.2768186755852, 'P_half': 334.59143929024697, 'pre_dampen_half': 59.66398110626155, 'gpp_af': 0.08334340591600088, 'gpp_b': 0.00022586181938106075, 'gpp_d': 147.68835924768857, 'ign_k': 0.006679849624551291, 'ign_c': 7.707550015491386, 'trop_agb_crit': 11.543171564492388, 'trop_k_veg': 0.7752922991325639, 'gdp_gamma': 0.5125597054787917, 'fuel_k': 0.017369096388499768, 'fuel_half': 22.35972428253199}. Best is trial 335 with value: -0.6233152110406992.
[I 2026-07-24 02:08:38,856] Trial 353 finished with value: 0.5393307549646978 and parameters: {'k1': 3.7835939225192906e-05, 'D_low': 2.5682070092652793, 'k2': 0.00035741716632687036, 'D_high': 40715.58841299257, 'fire_exp': 1.0926574212794133, 'P_half': 2.8434268741221613, 'pre_dampen_half': 0.038976337881237756, 'gpp_af': 0.0028325302478816317, 'gpp_b': 0.0005165408777010078, 'gpp_d': 0.20592285567073343, 'ign_k': 0.0024512917780148864, 'ign_c': 56.19404199351508, 'trop_agb_crit': 18.50654755471806, 'trop_k_veg': 0.6124783446185695, 'gdp_gamma': 1.0186981210952968, 'fuel_k': 0.05413215043714411, 'fuel_half': 22.534732533238373}. Best is trial 335 with value: -0.6233152110406992.
[I 2026-07-24 02:08:39,392] Trial 354 finished with value: 0.4428626467687897 and parameters: {'k1': 0.00011203221254863994, 'D_low': 10629.523880877736, 'k2': 0.0019510318502429609, 'D_high': 1511731.7909232322, 'fire_exp': 3.484915734264375, 'P_half': 60.682230616826594, 'pre_dampen_half': 44.83031883200528, 'gpp_af': 2.3531838960721623, 'gpp_b': 1.5713850588866885e-05, 'gpp_d': 79.50221154344236, 'ign_k': 0.013085952506180401, 'ign_c': 0.3973912861372367, 'trop_agb_crit': 16.48442568510977, 'trop_k_veg': 2.46454660594459, 'gdp_gamma': 1.9811068568276193, 'fuel_k': 0.10843220619650283, 'fuel_half': 91.23727502278854}. Best is trial 335 with value: -0.6233152110406992.
[I 2026-07-24 02:08:39,854] Trial 355 finished with value: 0.6031988348400873 and parameters: {'k1': 0.0053002204070826675, 'D_low': 5.304914085398496, 'k2': 0.0037755429664685838, 'D_high': 62147.86681613371, 'fire_exp': 1.5942552392646325, 'P_half': 1.2894914773800523, 'pre_dampen_half': 5.580031740950109, 'gpp_af': 0.005772921899992014, 'gpp_b': 0.0035937975331519273, 'gpp_d': 14.720973993521502, 'ign_k': 0.020141509814521664, 'ign_c': 938.2981114067961, 'trop_agb_crit': 21.09623915333929, 'trop_k_veg': 1.534132682312922, 'gdp_gamma': 0.8797898036081506, 'fuel_k': 0.09745945679465272, 'fuel_half': 2.9946868337361576}. Best is trial 335 with value: -0.6233152110406992.
[I 2026-07-24 02:08:40,301] Trial 356 finished with value: 0.6091377962274573 and parameters: {'k1': 0.0005345091407819305, 'D_low': 56.658336119719316, 'k2': 0.004687137468817902, 'D_high': 1236654.5163796707, 'fire_exp': 3.774557466176343, 'P_half': 100.28931426394077, 'pre_dampen_half': 17.93420275186259, 'gpp_af': 1.6396830323741216, 'gpp_b': 2.1038861592828073e-05, 'gpp_d': 0.5102537931936741, 'ign_k': 0.011861161926169357, 'ign_c': 12.092393869120333, 'trop_agb_crit': 16.02972145118195, 'trop_k_veg': 1.8648927390032255, 'gdp_gamma': 0.2918167404919073, 'fuel_k': 0.830024865017753, 'fuel_half': 32.97229270302675}. Best is trial 335 with value: -0.6233152110406992.
[I 2026-07-24 02:08:40,759] Trial 357 finished with value: 0.4017730862550841 and parameters: {'k1': 0.0004740839996248105, 'D_low': 48.89268929943675, 'k2': 0.03295677589473365, 'D_high': 2080185.5838112857, 'fire_exp': 2.094408618667371, 'P_half': 779.6085673959274, 'pre_dampen_half': 96.63638569148146, 'gpp_af': 0.14895302172307565, 'gpp_b': 1.6536510031530656e-05, 'gpp_d': 572.4869215606853, 'ign_k': 0.031179693479505485, 'ign_c': 1.4465840748217318, 'trop_agb_crit': 6.445013569084106, 'trop_k_veg': 2.1212014390245475, 'gdp_gamma': 1.4466505870220823, 'fuel_k': 0.036878422794245906, 'fuel_half': 38.948320761931946}. Best is trial 335 with value: -0.6233152110406992.
[I 2026-07-24 02:08:41,203] Trial 358 finished with value: 0.40078126073067577 and parameters: {'k1': 0.0004927662470466605, 'D_low': 1.1263002463979905, 'k2': 0.00017580716398213637, 'D_high': 1532828.6041083392, 'fire_exp': 5.858560248969045, 'P_half': 48.71247481016548, 'pre_dampen_half': 23.1447707313184, 'gpp_af': 0.3746514581163054, 'gpp_b': 2.8363490130608794e-05, 'gpp_d': 3.87848437369713, 'ign_k': 3.8148813883879678, 'ign_c': 14.44388663459427, 'trop_agb_crit': 12.26131997751441, 'trop_k_veg': 1.1403744661844257, 'gdp_gamma': 0.0010733315935833087, 'fuel_k': 4.008835269208061, 'fuel_half': 0.7740203313601168}. Best is trial 335 with value: -0.6233152110406992.
[I 2026-07-24 02:08:41,646] Trial 359 finished with value: 0.5932634240105561 and parameters: {'k1': 0.00021990845085494924, 'D_low': 179.8631636191674, 'k2': 0.05555056750168522, 'D_high': 50180.81245478606, 'fire_exp': 3.9729945198674725, 'P_half': 323.78885399196406, 'pre_dampen_half': 88.57740559252454, 'gpp_af': 5.8441096953925795, 'gpp_b': 3.9651210221110536e-05, 'gpp_d': 8.549082602603011, 'ign_k': 0.05963591885984508, 'ign_c': 2.2745313919942114, 'trop_agb_crit': 27.342917248603683, 'trop_k_veg': 2.489521417498683, 'gdp_gamma': 0.2069821925120916, 'fuel_k': 0.011478398482192181, 'fuel_half': 78.35471420971345}. Best is trial 335 with value: -0.6233152110406992.
[I 2026-07-24 02:08:42,108] Trial 360 finished with value: 0.5842843873017243 and parameters: {'k1': 0.0018764772788712914, 'D_low': 4345.427758923943, 'k2': 0.09437002748738742, 'D_high': 860772.6865199031, 'fire_exp': 2.5669216489447737, 'P_half': 1111.2136616002322, 'pre_dampen_half': 211.2925549221895, 'gpp_af': 0.018379977742521668, 'gpp_b': 3.071049659471741e-05, 'gpp_d': 45.305541540622, 'ign_k': 0.005772899032642056, 'ign_c': 4.784243023101856, 'trop_agb_crit': 14.111457815986991, 'trop_k_veg': 1.5607700639069317, 'gdp_gamma': 0.25080329474210955, 'fuel_k': 0.026183776608361412, 'fuel_half': 91.49325299346341}. Best is trial 335 with value: -0.6233152110406992.
[I 2026-07-24 02:08:42,584] Trial 361 finished with value: 0.41688923155901336 and parameters: {'k1': 0.00010581439419699372, 'D_low': 116.9815096469064, 'k2': 0.0009285561360181972, 'D_high': 618683.9435601052, 'fire_exp': 1.6573708144667425, 'P_half': 134.92759011922922, 'pre_dampen_half': 14.945220025844613, 'gpp_af': 21.314182581879244, 'gpp_b': 0.0006951410482890471, 'gpp_d': 151.40119864928099, 'ign_k': 0.0013195638094852865, 'ign_c': 3.7029693172791758, 'trop_agb_crit': 12.402330745635041, 'trop_k_veg': 2.9408830871453078, 'gdp_gamma': 0.7604032479533356, 'fuel_k': 0.07763046608607373, 'fuel_half': 74.13103293004293}. Best is trial 335 with value: -0.6233152110406992.
[I 2026-07-24 02:08:43,048] Trial 362 finished with value: 0.5967084860682221 and parameters: {'k1': 1.4000263636824504e-05, 'D_low': 17.171418055695735, 'k2': 0.033981403451891636, 'D_high': 2073339.0602541298, 'fire_exp': 3.2549413323851737, 'P_half': 173.12454168515305, 'pre_dampen_half': 72.68263371995988, 'gpp_af': 0.11569036571290242, 'gpp_b': 0.058754755303250784, 'gpp_d': 420.41034581707777, 'ign_k': 0.004374823981350973, 'ign_c': 7.814750477809216, 'trop_agb_crit': 20.229549113298614, 'trop_k_veg': 0.546519113919157, 'gdp_gamma': 0.8039244396591413, 'fuel_k': 0.043200975066661006, 'fuel_half': 0.6046378896873313}. Best is trial 335 with value: -0.6233152110406992.
[I 2026-07-24 02:08:43,501] Trial 363 finished with value: 0.47245991560987055 and parameters: {'k1': 8.763718614948573e-05, 'D_low': 62.86760258630094, 'k2': 3.521137826991326e-05, 'D_high': 9273703.631927367, 'fire_exp': 1.5425161702834216, 'P_half': 18.19527527785143, 'pre_dampen_half': 18.0001151315257, 'gpp_af': 0.007433298144037012, 'gpp_b': 3.0446360868224313e-05, 'gpp_d': 158.0588633461468, 'ign_k': 0.0011544994062619156, 'ign_c': 8.323660544080314, 'trop_agb_crit': 4.150195147690105, 'trop_k_veg': 2.356743818071082, 'gdp_gamma': 1.1889825907359033, 'fuel_k': 0.0827488958353399, 'fuel_half': 38.64112880771881}. Best is trial 335 with value: -0.6233152110406992.
[I 2026-07-24 02:08:43,950] Trial 364 finished with value: 0.5077995968666614 and parameters: {'k1': 0.0101963582454089, 'D_low': 4540.393215742675, 'k2': 0.017389796403133907, 'D_high': 1507669.6255285945, 'fire_exp': 2.714574594026559, 'P_half': 4.544839296389795, 'pre_dampen_half': 73.84972578471547, 'gpp_af': 0.040616477659777404, 'gpp_b': 5.848473148892277e-05, 'gpp_d': 229.1599534783098, 'ign_k': 0.0019627554368972515, 'ign_c': 18.999905286716114, 'trop_agb_crit': 24.199649405475338, 'trop_k_veg': 7.320238447787624, 'gdp_gamma': 0.20361603726086405, 'fuel_k': 0.022375690321500677, 'fuel_half': 48.22711969050371}. Best is trial 335 with value: -0.6233152110406992.
[I 2026-07-24 02:08:44,393] Trial 365 finished with value: 0.5565921787008266 and parameters: {'k1': 0.00017393689160206876, 'D_low': 3.56047479268991, 'k2': 0.08391129001347582, 'D_high': 1686572.2556109107, 'fire_exp': 2.872083799692076, 'P_half': 523.1096371641125, 'pre_dampen_half': 67.11964900955459, 'gpp_af': 0.11251592461378877, 'gpp_b': 0.00011960213136912121, 'gpp_d': 257.5647581514665, 'ign_k': 0.002203969090283347, 'ign_c': 35.067566147668366, 'trop_agb_crit': 16.590223288435055, 'trop_k_veg': 4.023087493626724, 'gdp_gamma': 0.5547533773837363, 'fuel_k': 0.04002127802808522, 'fuel_half': 64.90546616673633}. Best is trial 335 with value: -0.6233152110406992.
[I 2026-07-24 02:08:44,865] Trial 366 finished with value: 0.4199415780097473 and parameters: {'k1': 0.013566857570582767, 'D_low': 14885.887838703547, 'k2': 0.006832938384342511, 'D_high': 1045088.3199465265, 'fire_exp': 1.2846515677528976, 'P_half': 212.9796473479893, 'pre_dampen_half': 17.326495730076804, 'gpp_af': 0.0077810630993838574, 'gpp_b': 0.0005406035766552514, 'gpp_d': 115.00879489153772, 'ign_k': 0.0023280660691953406, 'ign_c': 127.75392722021765, 'trop_agb_crit': 1.8346399240031823, 'trop_k_veg': 2.8785057685409328, 'gdp_gamma': 0.9131306120304857, 'fuel_k': 0.029766339182336548, 'fuel_half': 1.3225190989853248}. Best is trial 335 with value: -0.6233152110406992.
[I 2026-07-24 02:08:45,314] Trial 367 finished with value: 0.618080409934007 and parameters: {'k1': 0.05143043520967566, 'D_low': 518.4071800099866, 'k2': 0.026264446851511684, 'D_high': 369.1742857185486, 'fire_exp': 1.899332550249643, 'P_half': 2272.0381429648855, 'pre_dampen_half': 5.4235691774592185, 'gpp_af': 0.06062616538399384, 'gpp_b': 3.526438687040022e-05, 'gpp_d': 3.221377312122259, 'ign_k': 0.0025125382903851685, 'ign_c': 2.0015157372037264, 'trop_agb_crit': 5.314043441685071, 'trop_k_veg': 1.1444213013176516, 'gdp_gamma': 1.8643248770409104, 'fuel_k': 0.011002993819832073, 'fuel_half': 45.32457901413323}. Best is trial 335 with value: -0.6233152110406992.
[I 2026-07-24 02:08:45,771] Trial 368 finished with value: -0.5490293246249094 and parameters: {'k1': 0.006449663128087282, 'D_low': 2357.0035829180038, 'k2': 3.0641315634741536e-05, 'D_high': 4794070.393684046, 'fire_exp': 1.7956908831155094, 'P_half': 68.95941300050987, 'pre_dampen_half': 128.69502618428152, 'gpp_af': 0.029227731663341385, 'gpp_b': 1.8825441907838153e-05, 'gpp_d': 3.3536387262321177, 'ign_k': 0.044916337859485664, 'ign_c': 15.938334459823906, 'trop_agb_crit': 8.557296767472396, 'trop_k_veg': 0.5501465258668488, 'gdp_gamma': 0.0606751766507411, 'fuel_k': 0.011005266572242453, 'fuel_half': 5.186253012476463}. Best is trial 335 with value: -0.6233152110406992.
[I 2026-07-24 02:08:46,219] Trial 369 finished with value: -0.6079012345911995 and parameters: {'k1': 5.240567096313973e-05, 'D_low': 2063.4551781726805, 'k2': 0.009358290774939479, 'D_high': 3585496.7208774737, 'fire_exp': 1.7121329859769132, 'P_half': 32.22919911259906, 'pre_dampen_half': 5.888698136565738, 'gpp_af': 0.01917858863868972, 'gpp_b': 4.5726292625592095e-05, 'gpp_d': 0.2102387252906189, 'ign_k': 0.0014384780715942192, 'ign_c': 13.890004584760613, 'trop_agb_crit': 13.765622232108429, 'trop_k_veg': 1.4469318119226153, 'gdp_gamma': 0.6858133432130508, 'fuel_k': 0.1533957827663199, 'fuel_half': 59.643181479839065}. Best is trial 335 with value: -0.6233152110406992.
[I 2026-07-24 02:08:46,665] Trial 370 finished with value: -0.5957591308024981 and parameters: {'k1': 0.0008801459887891564, 'D_low': 2207.8038075019285, 'k2': 0.015483226551210084, 'D_high': 4602690.062679466, 'fire_exp': 2.449076258494853, 'P_half': 126.02841954186061, 'pre_dampen_half': 196.77941825077644, 'gpp_af': 0.7745281229843614, 'gpp_b': 0.004679769735573183, 'gpp_d': 147.11832924398126, 'ign_k': 0.0056241118969541015, 'ign_c': 0.44934714731587466, 'trop_agb_crit': 6.515143130414173, 'trop_k_veg': 5.711326681790913, 'gdp_gamma': 0.5241251202526654, 'fuel_k': 0.027492703606615716, 'fuel_half': 81.51248795165941}. Best is trial 335 with value: -0.6233152110406992.
[I 2026-07-24 02:08:47,109] Trial 371 finished with value: 0.6198457700615314 and parameters: {'k1': 0.00019495741283583203, 'D_low': 6352.070099305212, 'k2': 0.08641873965873932, 'D_high': 1514065.6155709072, 'fire_exp': 3.9209485408932525, 'P_half': 1251.7965212260224, 'pre_dampen_half': 63.90492712029476, 'gpp_af': 5.610589329829485, 'gpp_b': 0.0015927586543612012, 'gpp_d': 3.386751775221339, 'ign_k': 0.0010549326373255855, 'ign_c': 6.404508925038, 'trop_agb_crit': 3.399595900220353, 'trop_k_veg': 4.838217850609877, 'gdp_gamma': 0.12171178182337472, 'fuel_k': 0.014618834094564269, 'fuel_half': 18.30620632969911}. Best is trial 335 with value: -0.6233152110406992.
[I 2026-07-24 02:08:47,581] Trial 372 finished with value: 0.5859813999783114 and parameters: {'k1': 0.00022240456075537575, 'D_low': 34716.81460704421, 'k2': 0.0017511093052944148, 'D_high': 360447.1274859532, 'fire_exp': 1.566617397784403, 'P_half': 3.219249703534199, 'pre_dampen_half': 4.58826075403084, 'gpp_af': 0.0014905042580420056, 'gpp_b': 0.0006707174169829515, 'gpp_d': 0.07549068804802023, 'ign_k': 0.0012879058237316664, 'ign_c': 15.15247889877256, 'trop_agb_crit': 11.283417574376566, 'trop_k_veg': 0.6780142955199336, 'gdp_gamma': 0.45757030143540794, 'fuel_k': 0.8332407671970313, 'fuel_half': 46.120187483867355}. Best is trial 335 with value: -0.6233152110406992.
[I 2026-07-24 02:08:48,033] Trial 373 finished with value: 0.5582930351021798 and parameters: {'k1': 0.0002532951697276256, 'D_low': 16129.935886134295, 'k2': 0.001937911218811699, 'D_high': 8020855.184144892, 'fire_exp': 2.717846243805911, 'P_half': 94.41811723623832, 'pre_dampen_half': 50.44934949454346, 'gpp_af': 0.008253518019215166, 'gpp_b': 2.0402869641086423e-05, 'gpp_d': 2.9437130561843086, 'ign_k': 0.008138195626864927, 'ign_c': 27.23464597286925, 'trop_agb_crit': 7.419252070792889, 'trop_k_veg': 1.2879918548325469, 'gdp_gamma': 0.3239995528851116, 'fuel_k': 0.3090464980642963, 'fuel_half': 67.92508978952327}. Best is trial 335 with value: -0.6233152110406992.
[I 2026-07-24 02:08:48,483] Trial 374 finished with value: 0.4624421548499227 and parameters: {'k1': 0.0001383491793613761, 'D_low': 2445.183743146069, 'k2': 0.03275797530839164, 'D_high': 521628.33969687007, 'fire_exp': 1.5387599448585927, 'P_half': 314.80244729291024, 'pre_dampen_half': 432.76321826745664, 'gpp_af': 2.3528643876702775, 'gpp_b': 0.008245906799911065, 'gpp_d': 244.94531196899203, 'ign_k': 0.6918486432039098, 'ign_c': 12.06672983343717, 'trop_agb_crit': 5.462986665900797, 'trop_k_veg': 4.867825123989269, 'gdp_gamma': 0.2517229919462488, 'fuel_k': 0.027255842246379103, 'fuel_half': 56.252552948679785}. Best is trial 335 with value: -0.6233152110406992.
[I 2026-07-24 02:08:48,928] Trial 375 finished with value: -0.5179498692541067 and parameters: {'k1': 0.00015462369832100836, 'D_low': 5.851321712659753, 'k2': 0.011634697539778185, 'D_high': 721900.2013735807, 'fire_exp': 2.2656141021134406, 'P_half': 27.608358400668028, 'pre_dampen_half': 741.8248788377834, 'gpp_af': 0.14801144562563057, 'gpp_b': 0.00023311027104251498, 'gpp_d': 542.4663902073477, 'ign_k': 0.008506276476399085, 'ign_c': 0.7253750206458155, 'trop_agb_crit': 1.447453383029894, 'trop_k_veg': 6.744476519611172, 'gdp_gamma': 0.12487287114917418, 'fuel_k': 0.05897993256923894, 'fuel_half': 45.39817145750466}. Best is trial 335 with value: -0.6233152110406992.
[I 2026-07-24 02:08:49,374] Trial 376 finished with value: 0.4457477951050379 and parameters: {'k1': 0.0003573605580047698, 'D_low': 18.587587960762054, 'k2': 0.0056061713960702236, 'D_high': 37928.72591859426, 'fire_exp': 2.3798290887177105, 'P_half': 42.102957168106684, 'pre_dampen_half': 6.0083530244795025, 'gpp_af': 0.014525404825030529, 'gpp_b': 0.0004163138625803638, 'gpp_d': 0.34782915194632724, 'ign_k': 0.015976659547596122, 'ign_c': 2.4813999218562386, 'trop_agb_crit': 8.14912906239921, 'trop_k_veg': 1.0725191027461212, 'gdp_gamma': 1.3682220080405167, 'fuel_k': 3.1803340628567067, 'fuel_half': 89.0593831831483}. Best is trial 335 with value: -0.6233152110406992.
[I 2026-07-24 02:08:49,819] Trial 377 finished with value: 0.4129104996372466 and parameters: {'k1': 6.27962171421352e-05, 'D_low': 529.7768466395144, 'k2': 0.038741287802761135, 'D_high': 3309937.4275183147, 'fire_exp': 1.142315303898641, 'P_half': 7.888384891809615, 'pre_dampen_half': 34.87541253034382, 'gpp_af': 0.02436220330845242, 'gpp_b': 0.00019716280282168123, 'gpp_d': 0.2025048793268564, 'ign_k': 0.0012996692791196304, 'ign_c': 18.16009796660261, 'trop_agb_crit': 16.845337498270514, 'trop_k_veg': 0.8763605958734937, 'gdp_gamma': 0.38400701220709416, 'fuel_k': 0.07532015508659053, 'fuel_half': 62.518508660987365}. Best is trial 335 with value: -0.6233152110406992.
[I 2026-07-24 02:08:50,261] Trial 378 finished with value: 0.5782761230644128 and parameters: {'k1': 0.00034868241731032633, 'D_low': 111328.39119730411, 'k2': 0.0862483442916883, 'D_high': 5962318.1098016035, 'fire_exp': 2.048411891764895, 'P_half': 177.37505482376577, 'pre_dampen_half': 170.22639137474164, 'gpp_af': 7.403218100044809, 'gpp_b': 0.0007069835703842591, 'gpp_d': 47.02418352746179, 'ign_k': 0.01849431500593008, 'ign_c': 0.1354139836709213, 'trop_agb_crit': 9.100042637866009, 'trop_k_veg': 2.850649374208412, 'gdp_gamma': 0.30456540933251514, 'fuel_k': 0.03300456398677013, 'fuel_half': 18.54278598059144}. Best is trial 335 with value: -0.6233152110406992.
[I 2026-07-24 02:08:50,706] Trial 379 finished with value: 0.6224112980963292 and parameters: {'k1': 0.0001832596827009588, 'D_low': 4650.660367640787, 'k2': 0.012740929560680599, 'D_high': 177779.62075817326, 'fire_exp': 1.8950756332764493, 'P_half': 97.30205869040525, 'pre_dampen_half': 90.43922796473151, 'gpp_af': 0.0036455236600478453, 'gpp_b': 0.04816281551726762, 'gpp_d': 21.240719285754512, 'ign_k': 0.010050404097855991, 'ign_c': 0.16905348828240024, 'trop_agb_crit': 5.3277602794268635, 'trop_k_veg': 7.838286046120459, 'gdp_gamma': 0.7927809105637631, 'fuel_k': 0.030872485611202517, 'fuel_half': 65.22902694653196}. Best is trial 335 with value: -0.6233152110406992.
[I 2026-07-24 02:08:51,155] Trial 380 finished with value: 0.5897455893903039 and parameters: {'k1': 0.002872515240322798, 'D_low': 175.11622866354153, 'k2': 0.007707522057110154, 'D_high': 745943.824716823, 'fire_exp': 2.848226194250477, 'P_half': 657.9554684381707, 'pre_dampen_half': 524.1473280500911, 'gpp_af': 3.268458951212386, 'gpp_b': 0.008644048007775473, 'gpp_d': 28.10317049679271, 'ign_k': 0.01018572242498788, 'ign_c': 1.5925294236912282, 'trop_agb_crit': 10.857075716267486, 'trop_k_veg': 4.681524147359853, 'gdp_gamma': 0.23751658983800067, 'fuel_k': 0.03640386196554821, 'fuel_half': 38.05883667490851}. Best is trial 335 with value: -0.6233152110406992.
[I 2026-07-24 02:08:51,601] Trial 381 finished with value: 0.5392976021014093 and parameters: {'k1': 6.148181447719943e-05, 'D_low': 2225.7352470276655, 'k2': 0.0016706334521123043, 'D_high': 2092533.5348045854, 'fire_exp': 2.623591837220914, 'P_half': 362.3663416478432, 'pre_dampen_half': 468.6746492585895, 'gpp_af': 0.4200871648783405, 'gpp_b': 0.032563167285099406, 'gpp_d': 68.9009180366645, 'ign_k': 0.002765177573041392, 'ign_c': 1.120775076785639, 'trop_agb_crit': 6.0909419548056345, 'trop_k_veg': 2.4325314143540853, 'gdp_gamma': 0.7933009615133451, 'fuel_k': 0.0204514102964451, 'fuel_half': 31.376953811858918}. Best is trial 335 with value: -0.6233152110406992.
[I 2026-07-24 02:08:52,049] Trial 382 finished with value: 0.5230989543103939 and parameters: {'k1': 9.833275632302734e-05, 'D_low': 113.45660989196934, 'k2': 0.010013474749103461, 'D_high': 143353.64147883066, 'fire_exp': 2.1491537391196243, 'P_half': 205.588520122629, 'pre_dampen_half': 4.77563383266938, 'gpp_af': 0.07147434356998121, 'gpp_b': 0.00013217018163780674, 'gpp_d': 0.09118754036819487, 'ign_k': 0.0035017962341623667, 'ign_c': 13.67219021682448, 'trop_agb_crit': 9.40767363581425, 'trop_k_veg': 1.179042557819595, 'gdp_gamma': 1.4278755736211806, 'fuel_k': 0.10118963938244736, 'fuel_half': 83.27513624347245}. Best is trial 335 with value: -0.6233152110406992.
[I 2026-07-24 02:08:52,500] Trial 383 finished with value: 0.5461221145655036 and parameters: {'k1': 4.626314803312026e-05, 'D_low': 208.79827631377, 'k2': 0.003609976865399009, 'D_high': 8058611.593143488, 'fire_exp': 3.0855014021844407, 'P_half': 11.908149823117471, 'pre_dampen_half': 0.5907172011973165, 'gpp_af': 0.06032970550839966, 'gpp_b': 4.676701724468787e-05, 'gpp_d': 0.8979291330201783, 'ign_k': 0.008639957717153089, 'ign_c': 30.028968402566807, 'trop_agb_crit': 16.11078142768302, 'trop_k_veg': 1.4065005268139559, 'gdp_gamma': 1.138441341093027, 'fuel_k': 0.17265534416848174, 'fuel_half': 37.67145025088767}. Best is trial 335 with value: -0.6233152110406992.
