[I 2026-06-09 12:51:22,744] Trial 2435 finished with values: [10.505370314705003, 10.505370314705003] and parameters: {'k1': 2.158824559222906e-05, 'D_low': 1.254144753902608, 'k2': 0.059726680112071134, 'D_high': 14268.845807630427, 'fire_exp': 2.10707132280748, 'P_half': 1.1926578355192445, 'pre_dampen_half': 673.2248920775328, 'gpp_af': 1.3218737536384089, 'gpp_b': 0.0003017323045976273, 'gpp_d': 2.6326028586826236, 'ign_k': 0.4303356629825978, 'ign_c': 21.132597710340573, 'trop_agb_crit': 19.51558406059598, 'trop_k_veg': 1.8981057964668895}.
[I 2026-06-09 12:51:23,801] Trial 2436 finished with values: [-0.578127103982178, 0.08402647785396067] and parameters: {'k1': 0.01549659926581634, 'D_low': 115.44738876452311, 'k2': 0.059726680112071134, 'D_high': 39655.03094323017, 'fire_exp': 2.10707132280748, 'P_half': 50.32059347286801, 'pre_dampen_half': 566.2858823465564, 'gpp_af': 1.3218737536384089, 'gpp_b': 0.00977702299083608, 'gpp_d': 17.47930258786901, 'ign_k': 3.1536006085184716, 'ign_c': 21.132597710340573, 'trop_agb_crit': 1.7572362556095453, 'trop_k_veg': 4.51930447316402}.
[I 2026-06-09 12:51:24,859] Trial 2437 finished with values: [10.730503931770906, 10.730503931770906] and parameters: {'k1': 0.01549659926581634, 'D_low': 3659.503273103771, 'k2': 0.037633129263701104, 'D_high': 39655.03094323017, 'fire_exp': 2.10707132280748, 'P_half': 50.32059347286801, 'pre_dampen_half': 299.73016016733175, 'gpp_af': 1.3218737536384089, 'gpp_b': 0.00977702299083608, 'gpp_d': 500.2195003344709, 'ign_k': 3.1536006085184716, 'ign_c': 21.132597710340573, 'trop_agb_crit': 4.164621598502872, 'trop_k_veg': 1.8981057964668895}.
[I 2026-06-09 12:51:25,942] Trial 2438 finished with values: [-0.6034055586461068, 0.0693264447677604] and parameters: {'k1': 0.01549659926581634, 'D_low': 9.250120000291027, 'k2': 0.0005700142105246941, 'D_high': 14268.845807630427, 'fire_exp': 1.608176525358426, 'P_half': 50.32059347286801, 'pre_dampen_half': 103.02162547570735, 'gpp_af': 1.3218737536384089, 'gpp_b': 0.00977702299083608, 'gpp_d': 500.2195003344709, 'ign_k': 3.1536006085184716, 'ign_c': 21.132597710340573, 'trop_agb_crit': 3.095183742938872, 'trop_k_veg': 3.410846254238515}.
[I 2026-06-09 12:51:27,099] Trial 2439 finished with values: [10.30841059447456, 10.30841059447456] and parameters: {'k1': 0.01549659926581634, 'D_low': 1.254144753902608, 'k2': 0.059726680112071134, 'D_high': 39655.03094323017, 'fire_exp': 2.10707132280748, 'P_half': 26.12674514081258, 'pre_dampen_half': 566.2858823465564, 'gpp_af': 1.3218737536384089, 'gpp_b': 0.00977702299083608, 'gpp_d': 17.47930258786901, 'ign_k': 3.1536006085184716, 'ign_c': 21.132597710340573, 'trop_agb_crit': 3.9999199283543145, 'trop_k_veg': 1.8981057964668895}.
[I 2026-06-09 12:51:28,238] Trial 2440 finished with values: [10.857792752651813, 10.857792752651813] and parameters: {'k1': 0.01549659926581634, 'D_low': 1.254144753902608, 'k2': 0.06994589881535453, 'D_high': 26.386509129543942, 'fire_exp': 2.10707132280748, 'P_half': 50.32059347286801, 'pre_dampen_half': 340.6909167027263, 'gpp_af': 1.3218737536384089, 'gpp_b': 0.00977702299083608, 'gpp_d': 26.003623362924223, 'ign_k': 3.1536006085184716, 'ign_c': 21.132597710340573, 'trop_agb_crit': 2.6695352180079177, 'trop_k_veg': 1.8981057964668895}.
[I 2026-06-09 12:51:29,251] Trial 2441 finished with values: [-0.5864376210420875, 0.06329775405623983] and parameters: {'k1': 0.01549659926581634, 'D_low': 1.254144753902608, 'k2': 0.059726680112071134, 'D_high': 14268.845807630427, 'fire_exp': 2.10707132280748, 'P_half': 34.51797505661073, 'pre_dampen_half': 340.6909167027263, 'gpp_af': 1.3218737536384089, 'gpp_b': 0.00977702299083608, 'gpp_d': 500.2195003344709, 'ign_k': 0.4303356629825978, 'ign_c': 21.132597710340573, 'trop_agb_crit': 3.9999199283543145, 'trop_k_veg': 1.8981057964668895}.
[I 2026-06-09 12:51:30,296] Trial 2442 finished with values: [10.190653246559718, 10.190653246559718] and parameters: {'k1': 0.05156257069134124, 'D_low': 7.752561479855029, 'k2': 0.059726680112071134, 'D_high': 2471.1617679707197, 'fire_exp': 2.10707132280748, 'P_half': 28.647019533509873, 'pre_dampen_half': 673.2248920775328, 'gpp_af': 1.3218737536384089, 'gpp_b': 0.00977702299083608, 'gpp_d': 500.2195003344709, 'ign_k': 0.4303356629825978, 'ign_c': 19.417556319623248, 'trop_agb_crit': 3.9999199283543145, 'trop_k_veg': 1.8981057964668895}.
[I 2026-06-09 12:51:31,338] Trial 2443 finished with values: [-0.5917221630619576, 0.0351954127000631] and parameters: {'k1': 0.01549659926581634, 'D_low': 115.44738876452311, 'k2': 0.06994589881535453, 'D_high': 2471.1617679707197, 'fire_exp': 2.10707132280748, 'P_half': 50.32059347286801, 'pre_dampen_half': 340.6909167027263, 'gpp_af': 0.39456890255679883, 'gpp_b': 0.0006142048646491728, 'gpp_d': 500.2195003344709, 'ign_k': 3.1536006085184716, 'ign_c': 21.132597710340573, 'trop_agb_crit': 2.6695352180079177, 'trop_k_veg': 1.8981057964668895}.
[I 2026-06-09 12:51:32,388] Trial 2444 finished with values: [10.264543021140183, 10.264543021140183] and parameters: {'k1': 0.0026978061004103923, 'D_low': 1.254144753902608, 'k2': 9.580965066339831e-05, 'D_high': 14268.845807630427, 'fire_exp': 2.10707132280748, 'P_half': 34.51797505661073, 'pre_dampen_half': 673.2248920775328, 'gpp_af': 1.3218737536384089, 'gpp_b': 0.00977702299083608, 'gpp_d': 26.003623362924223, 'ign_k': 3.1536006085184716, 'ign_c': 21.132597710340573, 'trop_agb_crit': 3.9999199283543145, 'trop_k_veg': 4.973365261418152}.
[I 2026-06-09 12:51:33,565] Trial 2445 finished with values: [10.869305909334713, 10.869305909334713] and parameters: {'k1': 0.01549659926581634, 'D_low': 1.254144753902608, 'k2': 0.059726680112071134, 'D_high': 14268.845807630427, 'fire_exp': 2.10707132280748, 'P_half': 149.35213816355395, 'pre_dampen_half': 673.2248920775328, 'gpp_af': 1.3218737536384089, 'gpp_b': 0.00977702299083608, 'gpp_d': 0.01943841259543169, 'ign_k': 0.4303356629825978, 'ign_c': 21.132597710340573, 'trop_agb_crit': 3.9999199283543145, 'trop_k_veg': 3.868219262274037}.
[I 2026-06-09 12:51:34,735] Trial 2446 finished with values: [10.601279844734329, 10.601279844734329] and parameters: {'k1': 0.00036654852523237155, 'D_low': 1.254144753902608, 'k2': 0.06994589881535453, 'D_high': 2471.1617679707197, 'fire_exp': 1.608176525358426, 'P_half': 61.40760722406964, 'pre_dampen_half': 373.88954328694535, 'gpp_af': 0.01942738928156656, 'gpp_b': 0.00977702299083608, 'gpp_d': 26.003623362924223, 'ign_k': 3.1536006085184716, 'ign_c': 21.132597710340573, 'trop_agb_crit': 2.6695352180079177, 'trop_k_veg': 1.8981057964668895}.
[I 2026-06-09 12:51:36,562] Trial 2447 finished with values: [10.020371137953642, 10.020371137953642] and parameters: {'k1': 0.01549659926581634, 'D_low': 1.254144753902608, 'k2': 0.0005700142105246941, 'D_high': 39655.03094323017, 'fire_exp': 1.714760105440155, 'P_half': 50.32059347286801, 'pre_dampen_half': 103.02162547570735, 'gpp_af': 1.3218737536384089, 'gpp_b': 0.00977702299083608, 'gpp_d': 26.003623362924223, 'ign_k': 0.007554673383441432, 'ign_c': 19.417556319623248, 'trop_agb_crit': 26.171809320307133, 'trop_k_veg': 2.1288004557592703}.
[I 2026-06-09 12:51:37,607] Trial 2448 finished with values: [-0.5690325757486497, 0.07903371174963425] and parameters: {'k1': 0.01549659926581634, 'D_low': 1.254144753902608, 'k2': 0.059726680112071134, 'D_high': 14268.845807630427, 'fire_exp': 1.608176525358426, 'P_half': 50.32059347286801, 'pre_dampen_half': 340.6909167027263, 'gpp_af': 1.3218737536384089, 'gpp_b': 0.00977702299083608, 'gpp_d': 2.6326028586826236, 'ign_k': 3.1536006085184716, 'ign_c': 21.132597710340573, 'trop_agb_crit': 3.9999199283543145, 'trop_k_veg': 1.8981057964668895}.
[I 2026-06-09 12:51:38,666] Trial 2449 finished with values: [-0.592912544634428, 0.06480199726567704] and parameters: {'k1': 0.01549659926581634, 'D_low': 115.44738876452311, 'k2': 0.06994589881535453, 'D_high': 14268.845807630427, 'fire_exp': 2.10707132280748, 'P_half': 50.32059347286801, 'pre_dampen_half': 340.6909167027263, 'gpp_af': 1.3218737536384089, 'gpp_b': 0.00977702299083608, 'gpp_d': 99.3234953243749, 'ign_k': 3.1536006085184716, 'ign_c': 21.132597710340573, 'trop_agb_crit': 4.164621598502872, 'trop_k_veg': 1.8981057964668895}.
[I 2026-06-09 12:51:39,698] Trial 2450 finished with values: [-0.5917287631419602, 0.06818570879421171] and parameters: {'k1': 0.01549659926581634, 'D_low': 115.44738876452311, 'k2': 0.0005700142105246941, 'D_high': 14268.845807630427, 'fire_exp': 2.10707132280748, 'P_half': 28.647019533509873, 'pre_dampen_half': 103.02162547570735, 'gpp_af': 1.3218737536384089, 'gpp_b': 0.00977702299083608, 'gpp_d': 26.003623362924223, 'ign_k': 3.1536006085184716, 'ign_c': 19.417556319623248, 'trop_agb_crit': 4.164621598502872, 'trop_k_veg': 4.973365261418152}.
[I 2026-06-09 12:51:40,814] Trial 2451 finished with values: [10.645124496706948, 10.645124496706948] and parameters: {'k1': 0.01549659926581634, 'D_low': 1.254144753902608, 'k2': 0.0005700142105246941, 'D_high': 2918.7839113058963, 'fire_exp': 2.10707132280748, 'P_half': 34.51797505661073, 'pre_dampen_half': 103.02162547570735, 'gpp_af': 1.3218737536384089, 'gpp_b': 0.00977702299083608, 'gpp_d': 17.47930258786901, 'ign_k': 0.16885494072453028, 'ign_c': 21.132597710340573, 'trop_agb_crit': 3.9999199283543145, 'trop_k_veg': 2.1288004557592703}.
[I 2026-06-09 12:51:41,921] Trial 2452 finished with values: [10.834964614554996, 10.834964614554996] and parameters: {'k1': 0.01549659926581634, 'D_low': 1.254144753902608, 'k2': 0.059726680112071134, 'D_high': 2471.1617679707197, 'fire_exp': 2.10707132280748, 'P_half': 61.40760722406964, 'pre_dampen_half': 566.2858823465564, 'gpp_af': 0.004050483631781762, 'gpp_b': 0.00977702299083608, 'gpp_d': 17.47930258786901, 'ign_k': 0.046036300272501114, 'ign_c': 21.132597710340573, 'trop_agb_crit': 4.301330286212358, 'trop_k_veg': 3.868219262274037}.
[I 2026-06-09 12:51:42,978] Trial 2453 finished with values: [-0.5853064949392763, 0.0900604912113675] and parameters: {'k1': 0.01549659926581634, 'D_low': 1.254144753902608, 'k2': 0.0005700142105246941, 'D_high': 39655.03094323017, 'fire_exp': 2.10707132280748, 'P_half': 28.647019533509873, 'pre_dampen_half': 103.02162547570735, 'gpp_af': 1.3218737536384089, 'gpp_b': 0.00977702299083608, 'gpp_d': 5.06436523891437, 'ign_k': 3.1536006085184716, 'ign_c': 19.417556319623248, 'trop_agb_crit': 10.68344381564028, 'trop_k_veg': 2.1288004557592703}.
[I 2026-06-09 12:51:44,036] Trial 2454 finished with values: [10.078124777565435, 10.078124777565435] and parameters: {'k1': 0.01549659926581634, 'D_low': 1.254144753902608, 'k2': 0.037633129263701104, 'D_high': 2471.1617679707197, 'fire_exp': 2.10707132280748, 'P_half': 149.35213816355395, 'pre_dampen_half': 340.6909167027263, 'gpp_af': 1.3218737536384089, 'gpp_b': 0.00977702299083608, 'gpp_d': 500.2195003344709, 'ign_k': 3.1536006085184716, 'ign_c': 21.132597710340573, 'trop_agb_crit': 1.992108418542412, 'trop_k_veg': 1.8981057964668895}.
[I 2026-06-09 12:51:45,094] Trial 2455 finished with values: [-0.5766813220417003, 0.06458522356212615] and parameters: {'k1': 0.00643553097152057, 'D_low': 115.44738876452311, 'k2': 0.0005700142105246941, 'D_high': 14268.845807630427, 'fire_exp': 2.10707132280748, 'P_half': 34.51797505661073, 'pre_dampen_half': 340.6909167027263, 'gpp_af': 1.3218737536384089, 'gpp_b': 0.00977702299083608, 'gpp_d': 500.2195003344709, 'ign_k': 3.1536006085184716, 'ign_c': 21.132597710340573, 'trop_agb_crit': 3.095183742938872, 'trop_k_veg': 1.8981057964668895}.
[I 2026-06-09 12:51:46,104] Trial 2456 finished with values: [10.698433702180957, 10.698433702180957] and parameters: {'k1': 0.01549659926581634, 'D_low': 1.254144753902608, 'k2': 4.861559784636039e-05, 'D_high': 39655.03094323017, 'fire_exp': 3.163098761233064, 'P_half': 34.51797505661073, 'pre_dampen_half': 673.2248920775328, 'gpp_af': 1.3218737536384089, 'gpp_b': 0.00977702299083608, 'gpp_d': 26.003623362924223, 'ign_k': 0.044445969114294846, 'ign_c': 21.132597710340573, 'trop_agb_crit': 19.314073717758, 'trop_k_veg': 2.8792153220958605}.
[I 2026-06-09 12:51:47,259] Trial 2457 finished with values: [-0.5887573588962123, 0.05796886005882629] and parameters: {'k1': 0.01549659926581634, 'D_low': 115.44738876452311, 'k2': 0.0005700142105246941, 'D_high': 14268.845807630427, 'fire_exp': 1.608176525358426, 'P_half': 149.35213816355395, 'pre_dampen_half': 566.2858823465564, 'gpp_af': 1.3218737536384089, 'gpp_b': 0.00977702299083608, 'gpp_d': 26.003623362924223, 'ign_k': 3.1536006085184716, 'ign_c': 21.132597710340573, 'trop_agb_crit': 2.6695352180079177, 'trop_k_veg': 1.8981057964668895}.
[I 2026-06-09 12:51:48,447] Trial 2458 finished with values: [10.105341497483504, 10.105341497483504] and parameters: {'k1': 0.01549659926581634, 'D_low': 115.44738876452311, 'k2': 0.06994589881535453, 'D_high': 39655.03094323017, 'fire_exp': 2.10707132280748, 'P_half': 61.40760722406964, 'pre_dampen_half': 566.2858823465564, 'gpp_af': 1.3218737536384089, 'gpp_b': 0.00977702299083608, 'gpp_d': 26.003623362924223, 'ign_k': 3.1536006085184716, 'ign_c': 21.132597710340573, 'trop_agb_crit': 12.123761779314275, 'trop_k_veg': 1.8981057964668895}.
[I 2026-06-09 12:51:49,505] Trial 2459 finished with values: [10.550822744435907, 10.550822744435907] and parameters: {'k1': 0.0013490134063461829, 'D_low': 1.254144753902608, 'k2': 0.0005700142105246941, 'D_high': 39655.03094323017, 'fire_exp': 2.10707132280748, 'P_half': 149.35213816355395, 'pre_dampen_half': 340.6909167027263, 'gpp_af': 1.3218737536384089, 'gpp_b': 0.00977702299083608, 'gpp_d': 26.003623362924223, 'ign_k': 0.002894533423080875, 'ign_c': 21.132597710340573, 'trop_agb_crit': 7.84513820828624, 'trop_k_veg': 1.8981057964668895}.
[I 2026-06-09 12:51:50,565] Trial 2460 finished with values: [10.82580703690966, 10.82580703690966] and parameters: {'k1': 0.01549659926581634, 'D_low': 1.254144753902608, 'k2': 0.06994589881535453, 'D_high': 14268.845807630427, 'fire_exp': 2.10707132280748, 'P_half': 50.32059347286801, 'pre_dampen_half': 0.038549569140030514, 'gpp_af': 1.3218737536384089, 'gpp_b': 0.00977702299083608, 'gpp_d': 26.003623362924223, 'ign_k': 3.1536006085184716, 'ign_c': 21.132597710340573, 'trop_agb_crit': 2.6695352180079177, 'trop_k_veg': 1.8981057964668895}.
[I 2026-06-09 12:51:51,650] Trial 2461 finished with values: [10.062516720029365, 10.062516720029365] and parameters: {'k1': 0.01549659926581634, 'D_low': 115.44738876452311, 'k2': 0.06994589881535453, 'D_high': 39655.03094323017, 'fire_exp': 2.173734886992439, 'P_half': 3.727072657994501, 'pre_dampen_half': 566.2858823465564, 'gpp_af': 0.004050483631781762, 'gpp_b': 0.00015304633681488832, 'gpp_d': 500.2195003344709, 'ign_k': 3.1536006085184716, 'ign_c': 21.132597710340573, 'trop_agb_crit': 12.123761779314275, 'trop_k_veg': 1.8981057964668895}.
[I 2026-06-09 12:51:54,507] Trial 2462 finished with values: [-0.5910522858333259, 0.05628671975387256] and parameters: {'k1': 0.01549659926581634, 'D_low': 1.254144753902608, 'k2': 0.005865358852063418, 'D_high': 14268.845807630427, 'fire_exp': 2.10707132280748, 'P_half': 50.32059347286801, 'pre_dampen_half': 340.6909167027263, 'gpp_af': 0.01942738928156656, 'gpp_b': 0.0003017323045976273, 'gpp_d': 500.2195003344709, 'ign_k': 3.1536006085184716, 'ign_c': 21.132597710340573, 'trop_agb_crit': 1.5144860262751405, 'trop_k_veg': 1.8981057964668895}.
[I 2026-06-09 12:51:58,134] Trial 2463 finished with values: [10.31862772554102, 10.31862772554102] and parameters: {'k1': 0.01549659926581634, 'D_low': 1.254144753902608, 'k2': 0.06994589881535453, 'D_high': 14268.845807630427, 'fire_exp': 1.608176525358426, 'P_half': 50.32059347286801, 'pre_dampen_half': 340.6909167027263, 'gpp_af': 1.3218737536384089, 'gpp_b': 0.00977702299083608, 'gpp_d': 26.003623362924223, 'ign_k': 3.1536006085184716, 'ign_c': 21.132597710340573, 'trop_agb_crit': 2.838874773220187, 'trop_k_veg': 1.8981057964668895}.
[I 2026-06-09 12:52:03,273] Trial 2464 finished with values: [10.824169183280079, 10.824169183280079] and parameters: {'k1': 0.01549659926581634, 'D_low': 1.254144753902608, 'k2': 0.0005700142105246941, 'D_high': 2471.1617679707197, 'fire_exp': 2.10707132280748, 'P_half': 28.647019533509873, 'pre_dampen_half': 340.6909167027263, 'gpp_af': 1.3218737536384089, 'gpp_b': 0.00977702299083608, 'gpp_d': 0.10746339807664083, 'ign_k': 3.1536006085184716, 'ign_c': 19.417556319623248, 'trop_agb_crit': 1.5144860262751405, 'trop_k_veg': 2.1288004557592703}.
[I 2026-06-09 12:52:05,363] Trial 2465 finished with values: [10.146710801371245, 10.146710801371245] and parameters: {'k1': 0.05156257069134124, 'D_low': 13.180029267201178, 'k2': 0.037633129263701104, 'D_high': 2471.1617679707197, 'fire_exp': 2.10707132280748, 'P_half': 28.647019533509873, 'pre_dampen_half': 103.02162547570735, 'gpp_af': 1.3218737536384089, 'gpp_b': 0.00977702299083608, 'gpp_d': 26.003623362924223, 'ign_k': 3.1536006085184716, 'ign_c': 21.132597710340573, 'trop_agb_crit': 2.6695352180079177, 'trop_k_veg': 1.8981057964668895}.
[I 2026-06-09 12:52:07,228] Trial 2466 finished with values: [-0.5885565674056994, 0.052115380635244235] and parameters: {'k1': 0.05156257069134124, 'D_low': 13.180029267201178, 'k2': 0.037633129263701104, 'D_high': 14268.845807630427, 'fire_exp': 2.10707132280748, 'P_half': 149.35213816355395, 'pre_dampen_half': 566.2858823465564, 'gpp_af': 1.3218737536384089, 'gpp_b': 0.00977702299083608, 'gpp_d': 26.003623362924223, 'ign_k': 3.1536006085184716, 'ign_c': 21.132597710340573, 'trop_agb_crit': 2.6695352180079177, 'trop_k_veg': 1.8981057964668895}.
[I 2026-06-09 12:52:09,226] Trial 2467 finished with values: [10.892857142659844, 10.892857142659844] and parameters: {'k1': 0.01549659926581634, 'D_low': 36.934948070544024, 'k2': 0.0005700142105246941, 'D_high': 39655.03094323017, 'fire_exp': 2.10707132280748, 'P_half': 50.32059347286801, 'pre_dampen_half': 673.2248920775328, 'gpp_af': 1.3218737536384089, 'gpp_b': 0.00977702299083608, 'gpp_d': 26.003623362924223, 'ign_k': 0.4303356629825978, 'ign_c': 382.55960510607366, 'trop_agb_crit': 2.6695352180079177, 'trop_k_veg': 1.8981057964668895}.
[I 2026-06-09 12:52:11,115] Trial 2468 finished with values: [10.743030559696061, 10.743030559696061] and parameters: {'k1': 6.565465651749403e-05, 'D_low': 115.44738876452311, 'k2': 0.06994589881535453, 'D_high': 1074.5342325948502, 'fire_exp': 2.10707132280748, 'P_half': 34.51797505661073, 'pre_dampen_half': 340.6909167027263, 'gpp_af': 1.3218737536384089, 'gpp_b': 0.00977702299083608, 'gpp_d': 26.003623362924223, 'ign_k': 0.04754300679712875, 'ign_c': 21.132597710340573, 'trop_agb_crit': 4.164621598502872, 'trop_k_veg': 1.8981057964668895}.
[I 2026-06-09 12:52:12,989] Trial 2469 finished with values: [10.806968421258317, 10.806968421258317] and parameters: {'k1': 0.01549659926581634, 'D_low': 115.44738876452311, 'k2': 0.0005700142105246941, 'D_high': 14268.845807630427, 'fire_exp': 2.10707132280748, 'P_half': 50.32059347286801, 'pre_dampen_half': 0.012320269423755699, 'gpp_af': 9.20005805473218, 'gpp_b': 0.00977702299083608, 'gpp_d': 26.003623362924223, 'ign_k': 3.1536006085184716, 'ign_c': 21.132597710340573, 'trop_agb_crit': 2.6695352180079177, 'trop_k_veg': 1.8981057964668895}.
[I 2026-06-09 12:52:14,767] Trial 2470 finished with values: [10.63847562749044, 10.63847562749044] and parameters: {'k1': 1.8887897847547978e-05, 'D_low': 1.254144753902608, 'k2': 0.059726680112071134, 'D_high': 2471.1617679707197, 'fire_exp': 2.10707132280748, 'P_half': 34.51797505661073, 'pre_dampen_half': 673.2248920775328, 'gpp_af': 0.23511216729221598, 'gpp_b': 0.00977702299083608, 'gpp_d': 6.359038797556075, 'ign_k': 0.4303356629825978, 'ign_c': 21.132597710340573, 'trop_agb_crit': 3.9999199283543145, 'trop_k_veg': 1.8981057964668895}.
[I 2026-06-09 12:52:16,854] Trial 2471 finished with values: [10.270258166367665, 10.270258166367665] and parameters: {'k1': 0.01549659926581634, 'D_low': 1.254144753902608, 'k2': 0.06994589881535453, 'D_high': 3263.666896700853, 'fire_exp': 2.10707132280748, 'P_half': 568.233085779862, 'pre_dampen_half': 566.2858823465564, 'gpp_af': 1.3218737536384089, 'gpp_b': 0.0003017323045976273, 'gpp_d': 26.003623362924223, 'ign_k': 3.1536006085184716, 'ign_c': 19.417556319623248, 'trop_agb_crit': 1.5144860262751405, 'trop_k_veg': 4.51930447316402}.
[I 2026-06-09 12:52:18,708] Trial 2472 finished with values: [10.767792484401395, 10.767792484401395] and parameters: {'k1': 0.01549659926581634, 'D_low': 1.254144753902608, 'k2': 0.022044675565696642, 'D_high': 103.05985666011546, 'fire_exp': 2.10707132280748, 'P_half': 34.51797505661073, 'pre_dampen_half': 673.2248920775328, 'gpp_af': 1.3218737536384089, 'gpp_b': 0.00977702299083608, 'gpp_d': 500.2195003344709, 'ign_k': 0.0010962638838924524, 'ign_c': 21.132597710340573, 'trop_agb_crit': 3.095183742938872, 'trop_k_veg': 1.8981057964668895}.
[I 2026-06-09 12:52:20,593] Trial 2473 finished with values: [10.479614716337018, 10.479614716337018] and parameters: {'k1': 0.01549659926581634, 'D_low': 115.44738876452311, 'k2': 0.06994589881535453, 'D_high': 2471.1617679707197, 'fire_exp': 5.289853716008655, 'P_half': 50.32059347286801, 'pre_dampen_half': 340.6909167027263, 'gpp_af': 1.3218737536384089, 'gpp_b': 0.00977702299083608, 'gpp_d': 500.2195003344709, 'ign_k': 3.1536006085184716, 'ign_c': 21.132597710340573, 'trop_agb_crit': 3.9999199283543145, 'trop_k_veg': 1.8981057964668895}.
[I 2026-06-09 12:52:24,176] Trial 2474 finished with values: [10.46202423284411, 10.46202423284411] and parameters: {'k1': 0.01549659926581634, 'D_low': 1.254144753902608, 'k2': 0.037633129263701104, 'D_high': 1388.7574361188367, 'fire_exp': 6.856740337808976, 'P_half': 50.32059347286801, 'pre_dampen_half': 373.88954328694535, 'gpp_af': 1.3218737536384089, 'gpp_b': 0.0003017323045976273, 'gpp_d': 500.2195003344709, 'ign_k': 3.1536006085184716, 'ign_c': 21.132597710340573, 'trop_agb_crit': 2.6695352180079177, 'trop_k_veg': 1.8981057964668895}.
