[I 2026-08-06 10:28:06,257] Trial 859 finished with values: [-0.5499057731228111, 0.1601200394154476] and parameters: {'k1': 0.008912611835817005, 'D_low': 4.484744524732794, 'k2': 8.923807143379776e-05, 'D_high': 985.7545621889059, 'fire_exp': 1.0629462657398439, 'P_half': 220.3445560633069, 'pre_dampen_half': 63.6685916079943, 'gpp_af': 1.3119837017732534, 'gpp_b': 3.425678426646209e-05, 'gpp_d': 2.944272359149677, 'ign_k': 2.9818972317055166, 'ign_c': 4.2425976091860935, 'trop_agb_crit': 1.0911298587990423, 'trop_k_veg': 1.4584243470991722}.
[I 2026-08-06 10:28:07,511] Trial 860 finished with values: [-0.5246206547918982, 0.17137035116603705] and parameters: {'k1': 0.008912611835817005, 'D_low': 4.484744524732794, 'k2': 0.03538758864779238, 'D_high': 11832.967057468773, 'fire_exp': 1.1430983876313219, 'P_half': 220.3445560633069, 'pre_dampen_half': 552.4163637315892, 'gpp_af': 0.7539992074650279, 'gpp_b': 0.34011244465350393, 'gpp_d': 4.25060659305504, 'ign_k': 0.0680787482656459, 'ign_c': 5.13055176058983, 'trop_agb_crit': 2.3949151201661625, 'trop_k_veg': 3.1473758868965476}.
[I 2026-08-06 10:28:08,818] Trial 861 finished with values: [10.029936419903896, 10.029936419903896] and parameters: {'k1': 0.00488137519160367, 'D_low': 355.00125258511594, 'k2': 0.014344484793173472, 'D_high': 3712.591045287726, 'fire_exp': 1.5036604936020428, 'P_half': 220.3445560633069, 'pre_dampen_half': 234.12640025944248, 'gpp_af': 0.6403036652671171, 'gpp_b': 0.006906522645653115, 'gpp_d': 16.460426816350523, 'ign_k': 0.0032423055114836233, 'ign_c': 15.221840161091626, 'trop_agb_crit': 1.0903028125370984, 'trop_k_veg': 1.4584243470991722}.
[I 2026-08-06 10:28:10,060] Trial 862 finished with values: [10.308852683891802, 10.308852683891802] and parameters: {'k1': 0.008912611835817005, 'D_low': 4.484744524732794, 'k2': 8.923807143379776e-05, 'D_high': 15351.441568398131, 'fire_exp': 1.1263716762638152, 'P_half': 220.3445560633069, 'pre_dampen_half': 502.5175192217655, 'gpp_af': 0.25562996323356024, 'gpp_b': 0.14577755664212386, 'gpp_d': 16.460426816350523, 'ign_k': 2.1368329072358767, 'ign_c': 0.70689749506246, 'trop_agb_crit': 1.0455434848969813, 'trop_k_veg': 2.194427136482602}.
[I 2026-08-06 10:28:11,292] Trial 863 finished with values: [-0.5314672318917228, 0.06913248960415619] and parameters: {'k1': 0.008912611835817005, 'D_low': 4.484744524732794, 'k2': 0.0003432139136241583, 'D_high': 3712.591045287726, 'fire_exp': 1.0629462657398439, 'P_half': 29.23116601611836, 'pre_dampen_half': 552.4163637315892, 'gpp_af': 0.7539992074650279, 'gpp_b': 0.14577755664212386, 'gpp_d': 16.460426816350523, 'ign_k': 3.589155871450839, 'ign_c': 15.221840161091626, 'trop_agb_crit': 1.0455434848969813, 'trop_k_veg': 3.4387132748252047}.
[I 2026-08-06 10:28:12,619] Trial 864 finished with values: [10.769230768838547, 10.769230768838547] and parameters: {'k1': 0.008912611835817005, 'D_low': 4.484744524732794, 'k2': 5.52207197313581e-05, 'D_high': 985.7545621889059, 'fire_exp': 1.0629462657398439, 'P_half': 220.3445560633069, 'pre_dampen_half': 502.5175192217655, 'gpp_af': 1.9706963379095486, 'gpp_b': 0.0021331409710300844, 'gpp_d': 4.25060659305504, 'ign_k': 2.9818972317055166, 'ign_c': 201.4978984700884, 'trop_agb_crit': 1.0903028125370984, 'trop_k_veg': 0.6673124511410327}.
[I 2026-08-06 10:28:13,817] Trial 865 finished with values: [10.020932290206673, 10.020932290206673] and parameters: {'k1': 0.008912611835817005, 'D_low': 150.6455793119292, 'k2': 5.52207197313581e-05, 'D_high': 21.947742689197344, 'fire_exp': 1.0629462657398439, 'P_half': 140.74279366401683, 'pre_dampen_half': 502.5175192217655, 'gpp_af': 0.6403036652671171, 'gpp_b': 0.14577755664212386, 'gpp_d': 16.460426816350523, 'ign_k': 1.343112375346642, 'ign_c': 11.400863701127316, 'trop_agb_crit': 1.0197794118421077, 'trop_k_veg': 3.1473758868965476}.
[I 2026-08-06 10:28:15,046] Trial 866 finished with values: [10.744965229214543, 10.744965229214543] and parameters: {'k1': 0.04669327135003539, 'D_low': 3.525936800597896, 'k2': 0.014344484793173472, 'D_high': 63233.81951066786, 'fire_exp': 5.113811291218321, 'P_half': 220.3445560633069, 'pre_dampen_half': 502.5175192217655, 'gpp_af': 0.7539992074650279, 'gpp_b': 3.481277316673104e-05, 'gpp_d': 1.6983565276584263, 'ign_k': 0.01364908766641695, 'ign_c': 2.8335389417624683, 'trop_agb_crit': 1.0903028125370984, 'trop_k_veg': 0.983473833513531}.
[I 2026-08-06 10:28:16,326] Trial 867 finished with values: [10.345203361420921, 10.345203361420921] and parameters: {'k1': 0.004312951023617458, 'D_low': 1112.9571947046009, 'k2': 1.915468390724633e-05, 'D_high': 15351.441568398131, 'fire_exp': 1.1430983876313219, 'P_half': 220.3445560633069, 'pre_dampen_half': 502.5175192217655, 'gpp_af': 0.7539992074650279, 'gpp_b': 3.481277316673104e-05, 'gpp_d': 150.14555442537656, 'ign_k': 0.0680787482656459, 'ign_c': 15.221840161091626, 'trop_agb_crit': 2.1861040860339416, 'trop_k_veg': 1.4584243470991722}.
[I 2026-08-06 10:28:17,637] Trial 868 finished with values: [-0.557377517287526, 0.09393902280715505] and parameters: {'k1': 0.008912611835817005, 'D_low': 4.484744524732794, 'k2': 8.923807143379776e-05, 'D_high': 21.947742689197344, 'fire_exp': 1.1263716762638152, 'P_half': 220.3445560633069, 'pre_dampen_half': 502.5175192217655, 'gpp_af': 24.725776073156705, 'gpp_b': 0.14577755664212386, 'gpp_d': 16.460426816350523, 'ign_k': 2.1368329072358767, 'ign_c': 0.70689749506246, 'trop_agb_crit': 24.584290528289387, 'trop_k_veg': 2.194427136482602}.
[I 2026-08-06 10:28:18,947] Trial 869 finished with values: [10.864242009533488, 10.864242009533488] and parameters: {'k1': 0.008912611835817005, 'D_low': 1.395216238046901, 'k2': 1.915468390724633e-05, 'D_high': 3005.809024615141, 'fire_exp': 1.0629462657398439, 'P_half': 220.3445560633069, 'pre_dampen_half': 502.5175192217655, 'gpp_af': 0.7539992074650279, 'gpp_b': 3.481277316673104e-05, 'gpp_d': 4.25060659305504, 'ign_k': 0.21006485619596416, 'ign_c': 3.5828811741825057, 'trop_agb_crit': 1.0903028125370984, 'trop_k_veg': 0.983473833513531}.
[I 2026-08-06 10:28:20,224] Trial 870 finished with values: [10.070412856790995, 10.070412856790995] and parameters: {'k1': 0.008912611835817005, 'D_low': 1112.9571947046009, 'k2': 0.0027015957920129437, 'D_high': 3712.591045287726, 'fire_exp': 1.0629462657398439, 'P_half': 220.3445560633069, 'pre_dampen_half': 502.5175192217655, 'gpp_af': 0.7539992074650279, 'gpp_b': 3.481277316673104e-05, 'gpp_d': 16.460426816350523, 'ign_k': 0.21006485619596416, 'ign_c': 11.400863701127316, 'trop_agb_crit': 1.0455434848969813, 'trop_k_veg': 2.194427136482602}.
[I 2026-08-06 10:28:21,411] Trial 871 finished with values: [10.76295032171085, 10.76295032171085] and parameters: {'k1': 0.008912611835817005, 'D_low': 3.525936800597896, 'k2': 0.00012492307509390826, 'D_high': 15351.441568398131, 'fire_exp': 1.1430983876313219, 'P_half': 220.3445560633069, 'pre_dampen_half': 0.32782478097825357, 'gpp_af': 0.020680586423631197, 'gpp_b': 0.0021331409710300844, 'gpp_d': 2.944272359149677, 'ign_k': 0.0680787482656459, 'ign_c': 15.221840161091626, 'trop_agb_crit': 1.0903028125370984, 'trop_k_veg': 1.3571174947037614}.
[I 2026-08-06 10:28:22,642] Trial 872 finished with values: [12.664441519943505, 12.664441519943505] and parameters: {'k1': 2.2416664245892614e-05, 'D_low': 685.7803657667797, 'k2': 0.03538758864779238, 'D_high': 11832.967057468773, 'fire_exp': 1.0629462657398439, 'P_half': 64.13139914374976, 'pre_dampen_half': 552.4163637315892, 'gpp_af': 0.7539992074650279, 'gpp_b': 4.377856668016338e-05, 'gpp_d': 16.460426816350523, 'ign_k': 0.01364908766641695, 'ign_c': 3.5828811741825057, 'trop_agb_crit': 1.7708319837489073, 'trop_k_veg': 3.1473758868965476}.
[I 2026-08-06 10:28:24,179] Trial 873 finished with values: [-0.5542086362957364, 0.12570106689837846] and parameters: {'k1': 0.004312951023617458, 'D_low': 1112.9571947046009, 'k2': 0.09946147674311599, 'D_high': 8182.111518618414, 'fire_exp': 1.1430983876313219, 'P_half': 220.3445560633069, 'pre_dampen_half': 502.5175192217655, 'gpp_af': 0.7539992074650279, 'gpp_b': 3.481277316673104e-05, 'gpp_d': 150.14555442537656, 'ign_k': 0.0680787482656459, 'ign_c': 0.557280750002996, 'trop_agb_crit': 1.14876138417489, 'trop_k_veg': 1.4584243470991722}.
[I 2026-08-06 10:28:25,389] Trial 874 finished with values: [10.000389533237822, 10.000389533237822] and parameters: {'k1': 0.008912611835817005, 'D_low': 355.00125258511594, 'k2': 0.03538758864779238, 'D_high': 11832.967057468773, 'fire_exp': 1.0629462657398439, 'P_half': 5.076307782729897, 'pre_dampen_half': 502.5175192217655, 'gpp_af': 0.7539992074650279, 'gpp_b': 0.0021331409710300844, 'gpp_d': 4.25060659305504, 'ign_k': 5.595401979134829, 'ign_c': 15.221840161091626, 'trop_agb_crit': 1.0903028125370984, 'trop_k_veg': 0.983473833513531}.
[I 2026-08-06 10:28:26,591] Trial 875 finished with values: [-0.5505897411196926, 0.07474684863359093] and parameters: {'k1': 0.008912611835817005, 'D_low': 4.484744524732794, 'k2': 0.0001280298359290444, 'D_high': 1641.3793406858565, 'fire_exp': 1.0629462657398439, 'P_half': 140.74279366401683, 'pre_dampen_half': 552.4163637315892, 'gpp_af': 1.9706963379095486, 'gpp_b': 0.0325181766809307, 'gpp_d': 4.25060659305504, 'ign_k': 2.9818972317055166, 'ign_c': 11.400863701127316, 'trop_agb_crit': 1.0903028125370984, 'trop_k_veg': 0.6673124511410327}.
[I 2026-08-06 10:28:27,791] Trial 876 finished with values: [10.207930443204335, 10.207930443204335] and parameters: {'k1': 0.008912611835817005, 'D_low': 355.00125258511594, 'k2': 0.03538758864779238, 'D_high': 39819.19662051714, 'fire_exp': 1.1174086754605184, 'P_half': 5.076307782729897, 'pre_dampen_half': 63.6685916079943, 'gpp_af': 0.05849340411085125, 'gpp_b': 0.006906522645653115, 'gpp_d': 2.944272359149677, 'ign_k': 0.21006485619596416, 'ign_c': 15.221840161091626, 'trop_agb_crit': 1.0903028125370984, 'trop_k_veg': 3.1473758868965476}.
[I 2026-08-06 10:28:29,013] Trial 877 finished with values: [10.543224752087445, 10.543224752087445] and parameters: {'k1': 0.008912611835817005, 'D_low': 4.484744524732794, 'k2': 0.0003432139136241583, 'D_high': 3712.591045287726, 'fire_exp': 1.1430983876313219, 'P_half': 220.3445560633069, 'pre_dampen_half': 502.5175192217655, 'gpp_af': 0.7539992074650279, 'gpp_b': 0.14577755664212386, 'gpp_d': 0.33699352257983195, 'ign_k': 0.0680787482656459, 'ign_c': 15.221840161091626, 'trop_agb_crit': 2.3949151201661625, 'trop_k_veg': 2.194427136482602}.
[I 2026-08-06 10:28:30,182] Trial 878 finished with values: [11.082996389049162, 11.082996389049162] and parameters: {'k1': 0.00488137519160367, 'D_low': 2.143851363193517, 'k2': 7.914423612155373e-05, 'D_high': 387.1917261003672, 'fire_exp': 1.0629462657398439, 'P_half': 5.076307782729897, 'pre_dampen_half': 502.5175192217655, 'gpp_af': 0.7539992074650279, 'gpp_b': 0.0021331409710300844, 'gpp_d': 16.460426816350523, 'ign_k': 0.0680787482656459, 'ign_c': 5.13055176058983, 'trop_agb_crit': 24.584290528289387, 'trop_k_veg': 2.573214588078609}.
[I 2026-08-06 10:28:31,353] Trial 879 finished with values: [10.11665669498308, 10.11665669498308] and parameters: {'k1': 0.008912611835817005, 'D_low': 355.00125258511594, 'k2': 1.915468390724633e-05, 'D_high': 3005.809024615141, 'fire_exp': 1.0629462657398439, 'P_half': 5.076307782729897, 'pre_dampen_half': 63.6685916079943, 'gpp_af': 0.05849340411085125, 'gpp_b': 0.004821867175721073, 'gpp_d': 2.944272359149677, 'ign_k': 0.21006485619596416, 'ign_c': 5.13055176058983, 'trop_agb_crit': 1.0903028125370984, 'trop_k_veg': 0.983473833513531}.
[I 2026-08-06 10:28:32,532] Trial 880 finished with values: [10.741248167190472, 10.741248167190472] and parameters: {'k1': 0.002525674232217022, 'D_low': 4.484744524732794, 'k2': 8.923807143379776e-05, 'D_high': 15351.441568398131, 'fire_exp': 3.2785320057129117, 'P_half': 220.3445560633069, 'pre_dampen_half': 502.5175192217655, 'gpp_af': 0.7539992074650279, 'gpp_b': 0.0021331409710300844, 'gpp_d': 10.369565216756202, 'ign_k': 0.0680787482656459, 'ign_c': 15.221840161091626, 'trop_agb_crit': 1.14876138417489, 'trop_k_veg': 2.194427136482602}.
[I 2026-08-06 10:28:33,769] Trial 881 finished with values: [10.136494520579204, 10.136494520579204] and parameters: {'k1': 0.008912611835817005, 'D_low': 355.00125258511594, 'k2': 0.03538758864779238, 'D_high': 11832.967057468773, 'fire_exp': 1.1263716762638152, 'P_half': 5.076307782729897, 'pre_dampen_half': 502.5175192217655, 'gpp_af': 0.6403036652671171, 'gpp_b': 0.0021331409710300844, 'gpp_d': 395.3300852215303, 'ign_k': 0.21006485619596416, 'ign_c': 15.221840161091626, 'trop_agb_crit': 1.0903028125370984, 'trop_k_veg': 3.1473758868965476}.
[I 2026-08-06 10:28:34,954] Trial 882 finished with values: [-0.5562808664228686, 0.03708542825732808] and parameters: {'k1': 0.008912611835817005, 'D_low': 4.484744524732794, 'k2': 5.52207197313581e-05, 'D_high': 11832.967057468773, 'fire_exp': 1.0629462657398439, 'P_half': 140.74279366401683, 'pre_dampen_half': 502.5175192217655, 'gpp_af': 1.9706963379095486, 'gpp_b': 0.0021331409710300844, 'gpp_d': 2.944272359149677, 'ign_k': 2.9818972317055166, 'ign_c': 15.221840161091626, 'trop_agb_crit': 1.0903028125370984, 'trop_k_veg': 0.6673124511410327}.
[I 2026-08-06 10:28:36,151] Trial 883 finished with values: [-0.5139472595917606, 0.10049875737370129] and parameters: {'k1': 0.008912611835817005, 'D_low': 4.484744524732794, 'k2': 5.52207197313581e-05, 'D_high': 972.4201099820957, 'fire_exp': 1.0629462657398439, 'P_half': 220.3445560633069, 'pre_dampen_half': 552.4163637315892, 'gpp_af': 0.7539992074650279, 'gpp_b': 0.0325181766809307, 'gpp_d': 16.460426816350523, 'ign_k': 3.589155871450839, 'ign_c': 11.400863701127316, 'trop_agb_crit': 1.0455434848969813, 'trop_k_veg': 2.194427136482602}.
[I 2026-08-06 10:28:37,415] Trial 884 finished with values: [10.525237225391567, 10.525237225391567] and parameters: {'k1': 0.008912611835817005, 'D_low': 4.484744524732794, 'k2': 0.0003432139136241583, 'D_high': 3712.591045287726, 'fire_exp': 1.0629462657398439, 'P_half': 140.74279366401683, 'pre_dampen_half': 552.4163637315892, 'gpp_af': 91.367149130616, 'gpp_b': 0.14577755664212386, 'gpp_d': 4.25060659305504, 'ign_k': 2.545070581573529, 'ign_c': 15.221840161091626, 'trop_agb_crit': 1.0455434848969813, 'trop_k_veg': 2.194427136482602}.
[I 2026-08-06 10:28:38,660] Trial 885 finished with values: [-0.5526396009376351, 0.043087138580777506] and parameters: {'k1': 0.008912611835817005, 'D_low': 355.00125258511594, 'k2': 0.03538758864779238, 'D_high': 11832.967057468773, 'fire_exp': 1.0629462657398439, 'P_half': 5.076307782729897, 'pre_dampen_half': 552.4163637315892, 'gpp_af': 0.7539992074650279, 'gpp_b': 0.006906522645653115, 'gpp_d': 16.460426816350523, 'ign_k': 3.589155871450839, 'ign_c': 15.221840161091626, 'trop_agb_crit': 1.0455434848969813, 'trop_k_veg': 4.375785248100498}.
[I 2026-08-06 10:28:39,873] Trial 886 finished with values: [10.416309274819335, 10.416309274819335] and parameters: {'k1': 0.004312951023617458, 'D_low': 1112.9571947046009, 'k2': 0.0005161767747867287, 'D_high': 8182.111518618414, 'fire_exp': 1.6162573555507567, 'P_half': 140.74279366401683, 'pre_dampen_half': 449.75507565287154, 'gpp_af': 0.7539992074650279, 'gpp_b': 0.0021331409710300844, 'gpp_d': 4.25060659305504, 'ign_k': 0.1550134937334847, 'ign_c': 11.400863701127316, 'trop_agb_crit': 1.0455434848969813, 'trop_k_veg': 1.4584243470991722}.
[I 2026-08-06 10:28:41,074] Trial 887 finished with values: [10.120028887578782, 10.120028887578782] and parameters: {'k1': 0.008912611835817005, 'D_low': 1112.9571947046009, 'k2': 0.03538758864779238, 'D_high': 11832.967057468773, 'fire_exp': 1.3170256885255098, 'P_half': 5.076307782729897, 'pre_dampen_half': 502.5175192217655, 'gpp_af': 0.7539992074650279, 'gpp_b': 0.006906522645653115, 'gpp_d': 4.25060659305504, 'ign_k': 0.21006485619596416, 'ign_c': 11.400863701127316, 'trop_agb_crit': 1.0911298587990423, 'trop_k_veg': 4.375785248100498}.
[I 2026-08-06 10:28:42,292] Trial 888 finished with values: [10.769166499013458, 10.769166499013458] and parameters: {'k1': 0.012021930484915042, 'D_low': 2.4622754931226587, 'k2': 0.014344484793173472, 'D_high': 985.7545621889059, 'fire_exp': 1.0629462657398439, 'P_half': 140.74279366401683, 'pre_dampen_half': 0.038179654097601136, 'gpp_af': 12.224990841982798, 'gpp_b': 0.14577755664212386, 'gpp_d': 0.8000487801699092, 'ign_k': 3.250104176616458, 'ign_c': 15.221840161091626, 'trop_agb_crit': 1.0903028125370984, 'trop_k_veg': 0.983473833513531}.
[I 2026-08-06 10:28:43,522] Trial 889 finished with values: [10.538631908505067, 10.538631908505067] and parameters: {'k1': 0.008912611835817005, 'D_low': 34.459310919273356, 'k2': 0.014344484793173472, 'D_high': 985.7545621889059, 'fire_exp': 1.0629462657398439, 'P_half': 2966.379836525573, 'pre_dampen_half': 552.4163637315892, 'gpp_af': 1.9706963379095486, 'gpp_b': 0.0325181766809307, 'gpp_d': 4.25060659305504, 'ign_k': 0.0680787482656459, 'ign_c': 15.221840161091626, 'trop_agb_crit': 1.0903028125370984, 'trop_k_veg': 0.6673124511410327}.
[I 2026-08-06 10:28:45,070] Trial 890 finished with values: [10.212387351672046, 10.212387351672046] and parameters: {'k1': 0.008912611835817005, 'D_low': 355.00125258511594, 'k2': 0.03538758864779238, 'D_high': 16737.924342831117, 'fire_exp': 1.3170256885255098, 'P_half': 220.3445560633069, 'pre_dampen_half': 502.5175192217655, 'gpp_af': 0.6403036652671171, 'gpp_b': 0.006906522645653115, 'gpp_d': 2.944272359149677, 'ign_k': 0.21006485619596416, 'ign_c': 15.221840161091626, 'trop_agb_crit': 1.0455434848969813, 'trop_k_veg': 2.194427136482602}.
[I 2026-08-06 10:28:46,284] Trial 891 finished with values: [10.231212117610216, 10.231212117610216] and parameters: {'k1': 0.00488137519160367, 'D_low': 2.4622754931226587, 'k2': 0.014344484793173472, 'D_high': 985.7545621889059, 'fire_exp': 1.3170256885255098, 'P_half': 220.3445560633069, 'pre_dampen_half': 63.6685916079943, 'gpp_af': 0.7539992074650279, 'gpp_b': 0.006906522645653115, 'gpp_d': 16.460426816350523, 'ign_k': 0.0680787482656459, 'ign_c': 15.221840161091626, 'trop_agb_crit': 1.0903028125370984, 'trop_k_veg': 3.1473758868965476}.
[I 2026-08-06 10:28:47,488] Trial 892 finished with values: [-0.5919309458566443, 0.1138639060151222] and parameters: {'k1': 0.008912611835817005, 'D_low': 355.00125258511594, 'k2': 0.03538758864779238, 'D_high': 11832.967057468773, 'fire_exp': 1.1430983876313219, 'P_half': 5.076307782729897, 'pre_dampen_half': 502.5175192217655, 'gpp_af': 8.915632969317377, 'gpp_b': 0.006906522645653115, 'gpp_d': 2.944272359149677, 'ign_k': 0.0680787482656459, 'ign_c': 15.221840161091626, 'trop_agb_crit': 1.0903028125370984, 'trop_k_veg': 3.1473758868965476}.
[I 2026-08-06 10:28:48,716] Trial 893 finished with values: [11.66928195816376, 11.66928195816376] and parameters: {'k1': 0.008912611835817005, 'D_low': 34.459310919273356, 'k2': 0.0003432139136241583, 'D_high': 11832.967057468773, 'fire_exp': 1.3170256885255098, 'P_half': 5.076307782729897, 'pre_dampen_half': 552.4163637315892, 'gpp_af': 0.6403036652671171, 'gpp_b': 0.14577755664212386, 'gpp_d': 16.460426816350523, 'ign_k': 3.589155871450839, 'ign_c': 0.70689749506246, 'trop_agb_crit': 2.818694656863287, 'trop_k_veg': 2.194427136482602}.
[I 2026-08-06 10:28:49,960] Trial 894 finished with values: [10.007555226475665, 10.007555226475665] and parameters: {'k1': 0.029626010885972713, 'D_low': 1112.9571947046009, 'k2': 7.914423612155373e-05, 'D_high': 8182.111518618414, 'fire_exp': 1.2048119960437906, 'P_half': 115.44738876452311, 'pre_dampen_half': 502.5175192217655, 'gpp_af': 0.25562996323356024, 'gpp_b': 3.481277316673104e-05, 'gpp_d': 150.14555442537656, 'ign_k': 0.0680787482656459, 'ign_c': 0.557280750002996, 'trop_agb_crit': 1.0455434848969813, 'trop_k_veg': 2.194427136482602}.
[I 2026-08-06 10:28:51,185] Trial 895 finished with values: [-0.5245830349993778, 0.13846537797217773] and parameters: {'k1': 0.008912611835817005, 'D_low': 4.484744524732794, 'k2': 1.4403740929157842e-05, 'D_high': 985.7545621889059, 'fire_exp': 1.3170256885255098, 'P_half': 220.3445560633069, 'pre_dampen_half': 502.5175192217655, 'gpp_af': 0.6403036652671171, 'gpp_b': 0.006906522645653115, 'gpp_d': 16.460426816350523, 'ign_k': 0.0680787482656459, 'ign_c': 0.70689749506246, 'trop_agb_crit': 1.0903028125370984, 'trop_k_veg': 0.983473833513531}.
[I 2026-08-06 10:28:52,377] Trial 896 finished with values: [-0.5458401401539323, 0.11850525811751422] and parameters: {'k1': 0.008912611835817005, 'D_low': 4.484744524732794, 'k2': 0.0003432139136241583, 'D_high': 15351.441568398131, 'fire_exp': 1.1263716762638152, 'P_half': 29.23116601611836, 'pre_dampen_half': 502.5175192217655, 'gpp_af': 0.7539992074650279, 'gpp_b': 0.14577755664212386, 'gpp_d': 1.034905973774237, 'ign_k': 0.0680787482656459, 'ign_c': 15.221840161091626, 'trop_agb_crit': 21.20801447986448, 'trop_k_veg': 3.4387132748252047}.
[I 2026-08-06 10:28:53,597] Trial 897 finished with values: [10.532597521349178, 10.532597521349178] and parameters: {'k1': 0.008912611835817005, 'D_low': 4.484744524732794, 'k2': 7.914423612155373e-05, 'D_high': 3712.591045287726, 'fire_exp': 1.0629462657398439, 'P_half': 5.076307782729897, 'pre_dampen_half': 502.5175192217655, 'gpp_af': 0.7539992074650279, 'gpp_b': 0.14577755664212386, 'gpp_d': 16.460426816350523, 'ign_k': 0.0680787482656459, 'ign_c': 0.557280750002996, 'trop_agb_crit': 1.0903028125370984, 'trop_k_veg': 2.194427136482602}.
