[I 2026-07-24 02:06:18,703] Trial 32 finished with value: 0.5735958191131834 and parameters: {'k1': 0.004679563515187975, 'D_low': 231.62909830622618, 'k2': 0.04162716168395077, 'D_high': 67204.42885838734, 'fire_exp': 2.7246735914798297, 'P_half': 2.3045086852600107, 'pre_dampen_half': 10.590205764350632, 'gpp_af': 0.0738935544671803, 'gpp_b': 0.0016484618818398357, 'gpp_d': 94.36613041847055, 'ign_k': 0.004788532324708006, 'ign_c': 61.4911425916238, 'trop_agb_crit': 23.860929164589294, 'trop_k_veg': 0.5107992992587757, 'gdp_gamma': 0.07928793918791215, 'fuel_k': 0.024723361561369752, 'fuel_half': 2.8161594015590943}. Best is trial 0 with value: -0.6086958580586874.
[I 2026-07-24 02:06:19,125] Trial 33 finished with value: 0.4760078882604606 and parameters: {'k1': 0.024055838271528532, 'D_low': 7.766636966288837, 'k2': 0.0023353383714967433, 'D_high': 16054.081203589822, 'fire_exp': 1.0005856323949402, 'P_half': 1.057896601968058, 'pre_dampen_half': 23.45834631321969, 'gpp_af': 0.0050359922048490505, 'gpp_b': 0.00013965944162221572, 'gpp_d': 75.93602567877063, 'ign_k': 0.002595984652194769, 'ign_c': 114.84656604896448, 'trop_agb_crit': 23.735648851468408, 'trop_k_veg': 1.4929037097906244, 'gdp_gamma': 0.19351277119113058, 'fuel_k': 0.019106866954570777, 'fuel_half': 44.571146181578406}. Best is trial 0 with value: -0.6086958580586874.
[I 2026-07-24 02:06:19,543] Trial 34 finished with value: 0.5151920125578364 and parameters: {'k1': 0.0004052488410986366, 'D_low': 502.08236324226027, 'k2': 0.00464474502854195, 'D_high': 11515.029819801135, 'fire_exp': 1.031378861562729, 'P_half': 73.34583339912504, 'pre_dampen_half': 263.1870294644199, 'gpp_af': 0.004248677087696442, 'gpp_b': 0.0006646150193242946, 'gpp_d': 72.03359182900839, 'ign_k': 0.0014461096064487548, 'ign_c': 2.6789769829391163, 'trop_agb_crit': 20.10893680258136, 'trop_k_veg': 1.033056145484874, 'gdp_gamma': 0.018125665507019974, 'fuel_k': 0.04496862426093112, 'fuel_half': 1.6477602453506386}. Best is trial 0 with value: -0.6086958580586874.
[I 2026-07-24 02:06:19,965] Trial 35 finished with value: 0.430476663946776 and parameters: {'k1': 0.00034597522457545344, 'D_low': 36.62111748267747, 'k2': 0.010405305846378261, 'D_high': 572600.117332063, 'fire_exp': 6.816197083995878, 'P_half': 66.26495632897092, 'pre_dampen_half': 34.28393639707975, 'gpp_af': 0.05734810958622293, 'gpp_b': 1.24032928586577e-05, 'gpp_d': 22.209362049042735, 'ign_k': 0.227192565665434, 'ign_c': 16.422461463756175, 'trop_agb_crit': 17.882092335794887, 'trop_k_veg': 0.5254773313882639, 'gdp_gamma': 0.003981022510856422, 'fuel_k': 5.995807192469634, 'fuel_half': 0.20220141013129342}. Best is trial 0 with value: -0.6086958580586874.
[I 2026-07-24 02:06:20,388] Trial 36 finished with value: 0.5297235100349732 and parameters: {'k1': 0.00024409151222526987, 'D_low': 1.7322849786523362, 'k2': 0.06514584935481701, 'D_high': 11121.802415770755, 'fire_exp': 1.2698778130362836, 'P_half': 5.2967053184427595, 'pre_dampen_half': 34.6577122385374, 'gpp_af': 0.07348879540216487, 'gpp_b': 0.0007422696288966827, 'gpp_d': 92.91443272636234, 'ign_k': 0.0037976149217476105, 'ign_c': 1.6561617934940775, 'trop_agb_crit': 27.682651266476835, 'trop_k_veg': 2.3405113616799604, 'gdp_gamma': 0.05487102098002062, 'fuel_k': 0.010184419405015945, 'fuel_half': 14.086351374430228}. Best is trial 0 with value: -0.6086958580586874.
[I 2026-07-24 02:06:20,812] Trial 37 finished with value: 0.5420220543817266 and parameters: {'k1': 0.00011402210539268682, 'D_low': 7.031257191512023, 'k2': 0.013974903394164616, 'D_high': 4840946.98195233, 'fire_exp': 2.4344245550721078, 'P_half': 1.330189905277908, 'pre_dampen_half': 255.09252484265392, 'gpp_af': 0.0020562667012276057, 'gpp_b': 0.00026991904987128405, 'gpp_d': 117.1967521450142, 'ign_k': 0.20435765885441123, 'ign_c': 1.5013677149369387, 'trop_agb_crit': 7.728135795778489, 'trop_k_veg': 0.5299577806304802, 'gdp_gamma': 0.00952280689892071, 'fuel_k': 3.665737016278659, 'fuel_half': 0.40295848065716383}. Best is trial 0 with value: -0.6086958580586874.
[I 2026-07-24 02:06:21,237] Trial 38 finished with value: 0.5850809193385645 and parameters: {'k1': 0.015114395316880485, 'D_low': 693.3286927377271, 'k2': 0.003656188789470629, 'D_high': 965945.5913460789, 'fire_exp': 6.937280796521586, 'P_half': 100.42025477851557, 'pre_dampen_half': 8.349610125661176, 'gpp_af': 0.11458541776953944, 'gpp_b': 3.34831853046614e-05, 'gpp_d': 2.1601480256771515, 'ign_k': 0.011929637933495328, 'ign_c': 16.226804903950168, 'trop_agb_crit': 9.189623874672675, 'trop_k_veg': 0.5044683454826866, 'gdp_gamma': 0.013400017170801424, 'fuel_k': 4.18324381077532, 'fuel_half': 0.22214224515248185}. Best is trial 0 with value: -0.6086958580586874.
[I 2026-07-24 02:06:21,659] Trial 39 finished with value: 0.5962878100003752 and parameters: {'k1': 9.840884253557753e-05, 'D_low': 1.5519883310194624, 'k2': 0.008101433190813141, 'D_high': 2262145.869529856, 'fire_exp': 9.896347901219977, 'P_half': 118.54579868465635, 'pre_dampen_half': 163.07522879775965, 'gpp_af': 0.25478646096918883, 'gpp_b': 0.00010336058534416761, 'gpp_d': 709.2846930980448, 'ign_k': 0.43673462773245536, 'ign_c': 24.10181871133921, 'trop_agb_crit': 22.74698568081297, 'trop_k_veg': 0.8846177538116731, 'gdp_gamma': 0.0015924369813359114, 'fuel_k': 3.9937516282036074, 'fuel_half': 0.6918700178840014}. Best is trial 0 with value: -0.6086958580586874.
[I 2026-07-24 02:06:22,084] Trial 40 finished with value: -0.5793653931499968 and parameters: {'k1': 0.003013385167396318, 'D_low': 26.88916281356966, 'k2': 0.019275852439724114, 'D_high': 71413.84143141513, 'fire_exp': 1.4974228621479513, 'P_half': 138.8874180526544, 'pre_dampen_half': 12.168856052518823, 'gpp_af': 0.009143736833023665, 'gpp_b': 7.157388101310448e-05, 'gpp_d': 332.1530349381797, 'ign_k': 0.0011515305018137741, 'ign_c': 66.92022433933352, 'trop_agb_crit': 5.604232061524412, 'trop_k_veg': 1.4942540787054421, 'gdp_gamma': 0.3899755797693898, 'fuel_k': 0.02820508644593178, 'fuel_half': 6.291811231947991}. Best is trial 0 with value: -0.6086958580586874.
[I 2026-07-24 02:06:22,504] Trial 41 finished with value: -0.5277012602719457 and parameters: {'k1': 0.00765157722913572, 'D_low': 230.58304891974058, 'k2': 0.007148371934869472, 'D_high': 100673.94354966999, 'fire_exp': 2.386092074818738, 'P_half': 18.829988815438448, 'pre_dampen_half': 643.7907185201223, 'gpp_af': 0.017189375273864296, 'gpp_b': 3.184152943891071e-05, 'gpp_d': 907.7373517072572, 'ign_k': 0.005333989122382447, 'ign_c': 14.031770811861938, 'trop_agb_crit': 24.33716360012947, 'trop_k_veg': 1.1055026534889825, 'gdp_gamma': 0.20281676336765544, 'fuel_k': 0.024313098831155972, 'fuel_half': 8.144857127806562}. Best is trial 0 with value: -0.6086958580586874.
[I 2026-07-24 02:06:22,923] Trial 42 finished with value: 0.5250837449089972 and parameters: {'k1': 0.0005775727483621789, 'D_low': 114.44545937498823, 'k2': 0.018332741082283065, 'D_high': 193980.92190521315, 'fire_exp': 2.157514149815777, 'P_half': 1057.2391502030057, 'pre_dampen_half': 136.05882108921705, 'gpp_af': 0.004205594510283828, 'gpp_b': 0.0011594056693094792, 'gpp_d': 454.1615883214927, 'ign_k': 0.0019071132549453279, 'ign_c': 24.755615531642306, 'trop_agb_crit': 5.9587549967713525, 'trop_k_veg': 5.626559253244642, 'gdp_gamma': 1.7971224100799805, 'fuel_k': 0.02799985139783278, 'fuel_half': 7.854193140041308}. Best is trial 0 with value: -0.6086958580586874.
[I 2026-07-24 02:06:23,346] Trial 43 finished with value: 0.5310325319079775 and parameters: {'k1': 0.017444574710686493, 'D_low': 137.9881513817147, 'k2': 0.007248858873287828, 'D_high': 2819.8869289472264, 'fire_exp': 4.415090682061131, 'P_half': 3.6037607469085695, 'pre_dampen_half': 389.39910658777393, 'gpp_af': 0.26180201652791785, 'gpp_b': 0.00029608159827796115, 'gpp_d': 885.8713648131052, 'ign_k': 0.24391862626690936, 'ign_c': 3.0196165216505575, 'trop_agb_crit': 14.580084427643184, 'trop_k_veg': 0.9519696014264183, 'gdp_gamma': 0.8599180293522043, 'fuel_k': 0.053337152433220104, 'fuel_half': 19.631309049292337}. Best is trial 0 with value: -0.6086958580586874.
[I 2026-07-24 02:06:23,769] Trial 44 finished with value: 0.5697538384699034 and parameters: {'k1': 0.015535976675748077, 'D_low': 5.960554503538995, 'k2': 0.009780817530043973, 'D_high': 74481.8845633592, 'fire_exp': 2.0722710370808017, 'P_half': 404.5802146846539, 'pre_dampen_half': 2.614430857477971, 'gpp_af': 0.001613913990220984, 'gpp_b': 0.00015702800557269096, 'gpp_d': 73.95934469720311, 'ign_k': 0.004205999141529364, 'ign_c': 29.20737039694418, 'trop_agb_crit': 2.8164605049020324, 'trop_k_veg': 2.1062619797465456, 'gdp_gamma': 0.2394602164364803, 'fuel_k': 0.4631174989216864, 'fuel_half': 2.9257431227980426}. Best is trial 0 with value: -0.6086958580586874.
[I 2026-07-24 02:06:24,189] Trial 45 finished with value: 0.46429328294673056 and parameters: {'k1': 0.0020759820503490306, 'D_low': 260.1115428766539, 'k2': 0.0006314958167801987, 'D_high': 85984.61274833666, 'fire_exp': 2.3079170876444115, 'P_half': 23.868715041105858, 'pre_dampen_half': 637.4860261615069, 'gpp_af': 0.4997933237198113, 'gpp_b': 0.0004127251579566135, 'gpp_d': 61.826305376281134, 'ign_k': 0.0014361039529573747, 'ign_c': 3.258620221514743, 'trop_agb_crit': 25.695806712808025, 'trop_k_veg': 0.8319763007712235, 'gdp_gamma': 1.0817924853812417, 'fuel_k': 0.030330918985072515, 'fuel_half': 12.277857793613162}. Best is trial 0 with value: -0.6086958580586874.
[I 2026-07-24 02:06:24,614] Trial 46 finished with value: 0.5646103517080391 and parameters: {'k1': 0.00024984154225801794, 'D_low': 575.4816027133213, 'k2': 0.005180466937009956, 'D_high': 177900.4307928412, 'fire_exp': 1.6278167712581857, 'P_half': 705.9048816601157, 'pre_dampen_half': 1.358248954405278, 'gpp_af': 0.0021584573468281503, 'gpp_b': 4.211298883221887e-05, 'gpp_d': 21.1657615721323, 'ign_k': 0.0016975143891085505, 'ign_c': 155.57169759310165, 'trop_agb_crit': 15.3167805438533, 'trop_k_veg': 1.971543847322027, 'gdp_gamma': 0.3199266288657395, 'fuel_k': 0.012871485828975893, 'fuel_half': 36.66675080409233}. Best is trial 0 with value: -0.6086958580586874.
[I 2026-07-24 02:06:25,054] Trial 47 finished with value: 0.5968804985125458 and parameters: {'k1': 0.0017763318465715636, 'D_low': 61.05314520291559, 'k2': 0.0036459826403420553, 'D_high': 8479.531089020873, 'fire_exp': 1.7559521995052843, 'P_half': 19.089689004097497, 'pre_dampen_half': 0.598258444693226, 'gpp_af': 0.010854589781386684, 'gpp_b': 0.004877701108068189, 'gpp_d': 23.183950115771918, 'ign_k': 0.0014972223820028667, 'ign_c': 3.9625661139533275, 'trop_agb_crit': 2.4152176571015413, 'trop_k_veg': 0.6759948468451946, 'gdp_gamma': 0.1325284238165357, 'fuel_k': 0.018282889189312743, 'fuel_half': 4.433715815172276}. Best is trial 0 with value: -0.6086958580586874.
[I 2026-07-24 02:06:25,481] Trial 48 finished with value: 0.4708820664395226 and parameters: {'k1': 0.0033190633746635603, 'D_low': 2.128801692821649, 'k2': 0.012192198606862962, 'D_high': 12525.554504540152, 'fire_exp': 1.6285753880003724, 'P_half': 57.25394091634881, 'pre_dampen_half': 167.87506284026296, 'gpp_af': 0.015234925923456343, 'gpp_b': 1.8119039592539625e-05, 'gpp_d': 1.190072042462093, 'ign_k': 0.0011900107932091629, 'ign_c': 99.07759264778932, 'trop_agb_crit': 7.772806241503586, 'trop_k_veg': 0.7606613227270586, 'gdp_gamma': 0.9837062043091903, 'fuel_k': 0.07925204627227365, 'fuel_half': 4.215449957422402}. Best is trial 0 with value: -0.6086958580586874.
[I 2026-07-24 02:06:25,907] Trial 49 finished with value: 0.5981275263662968 and parameters: {'k1': 0.0002630488687868401, 'D_low': 2255.578764560013, 'k2': 0.011060385971477814, 'D_high': 79687.5455495308, 'fire_exp': 6.785405313515928, 'P_half': 21.194751515390823, 'pre_dampen_half': 652.2359388249713, 'gpp_af': 0.052806757967466235, 'gpp_b': 5.1379479425581066e-05, 'gpp_d': 1.0169283937591684, 'ign_k': 8.791670040921025, 'ign_c': 11.023175192355552, 'trop_agb_crit': 22.84144722134815, 'trop_k_veg': 0.7349822618978077, 'gdp_gamma': 0.003297756107550078, 'fuel_k': 5.429303028712025, 'fuel_half': 0.20216252348885513}. Best is trial 0 with value: -0.6086958580586874.
[I 2026-07-24 02:06:26,329] Trial 50 finished with value: 0.49725951055944717 and parameters: {'k1': 0.0076119943839994255, 'D_low': 20690.09724048588, 'k2': 0.09272304046700912, 'D_high': 203021.45797017697, 'fire_exp': 1.890649584901842, 'P_half': 16.529762693958105, 'pre_dampen_half': 104.9426496142755, 'gpp_af': 0.0035150495114419046, 'gpp_b': 1.7693254666939563e-05, 'gpp_d': 721.4875941036512, 'ign_k': 0.021043774608472385, 'ign_c': 1.8839968733190682, 'trop_agb_crit': 23.537462865542793, 'trop_k_veg': 0.7948374058298927, 'gdp_gamma': 0.08514402056569187, 'fuel_k': 0.3359332653450596, 'fuel_half': 9.680500417933205}. Best is trial 0 with value: -0.6086958580586874.
[I 2026-07-24 02:06:26,750] Trial 51 finished with value: -0.4844761719610144 and parameters: {'k1': 0.00616767931324228, 'D_low': 77.61393841044986, 'k2': 0.04809480163033545, 'D_high': 43032.196864654725, 'fire_exp': 1.103139320494603, 'P_half': 14.960828292033087, 'pre_dampen_half': 376.35035502985187, 'gpp_af': 0.0055671490718930865, 'gpp_b': 0.0003724413460401628, 'gpp_d': 441.12492425138186, 'ign_k': 0.011887327784110703, 'ign_c': 123.23435009191951, 'trop_agb_crit': 5.4555418174234855, 'trop_k_veg': 1.4368070027475672, 'gdp_gamma': 0.12837168081090855, 'fuel_k': 0.025789006307737342, 'fuel_half': 7.6842013727337}. Best is trial 0 with value: -0.6086958580586874.
[I 2026-07-24 02:06:27,168] Trial 52 finished with value: 0.47781010353022124 and parameters: {'k1': 0.004890787862928507, 'D_low': 140.99087383898825, 'k2': 0.07023746656823866, 'D_high': 143702.3227604309, 'fire_exp': 1.0133563511020782, 'P_half': 2.5674078197459456, 'pre_dampen_half': 188.37908777967644, 'gpp_af': 0.005948915920729278, 'gpp_b': 0.00020683887447660437, 'gpp_d': 185.7985235577846, 'ign_k': 0.038920479053933615, 'ign_c': 94.15078149630239, 'trop_agb_crit': 1.920945994910302, 'trop_k_veg': 1.2197385754163608, 'gdp_gamma': 0.8461689295600187, 'fuel_k': 0.1574414868219226, 'fuel_half': 12.285556025533548}. Best is trial 0 with value: -0.6086958580586874.
[I 2026-07-24 02:06:27,586] Trial 53 finished with value: 0.6039116821108881 and parameters: {'k1': 0.01002433989860558, 'D_low': 439.88693873366236, 'k2': 0.020304558549436528, 'D_high': 1424901.7715566582, 'fire_exp': 1.1179998605789563, 'P_half': 85.08344985095638, 'pre_dampen_half': 120.88246572531207, 'gpp_af': 0.0027924689746183272, 'gpp_b': 0.0005110272140763251, 'gpp_d': 321.7947898507897, 'ign_k': 0.03194309044463691, 'ign_c': 871.6433464881145, 'trop_agb_crit': 5.774113312905844, 'trop_k_veg': 2.758251723215718, 'gdp_gamma': 0.058775461387449546, 'fuel_k': 0.01817343803466773, 'fuel_half': 0.8876496640352447}. Best is trial 0 with value: -0.6086958580586874.
[I 2026-07-24 02:06:28,011] Trial 54 finished with value: 0.6479206028870174 and parameters: {'k1': 0.000446268362624494, 'D_low': 4.8148748904048215, 'k2': 0.002072760876030495, 'D_high': 529136.2680465502, 'fire_exp': 5.10421220620591, 'P_half': 9.045463509570107, 'pre_dampen_half': 45.68058606241452, 'gpp_af': 0.04073831130349869, 'gpp_b': 0.00011632293946833817, 'gpp_d': 4.044713046081188, 'ign_k': 3.2012626126002264, 'ign_c': 36.73332833112709, 'trop_agb_crit': 21.42820937974783, 'trop_k_veg': 0.7229382332979546, 'gdp_gamma': 0.0013991668544091349, 'fuel_k': 4.031334204403642, 'fuel_half': 3.9855263674922976}. Best is trial 0 with value: -0.6086958580586874.
[I 2026-07-24 02:06:28,439] Trial 55 finished with value: 0.6013244230658021 and parameters: {'k1': 0.00019211771900577875, 'D_low': 39.11968971771092, 'k2': 0.008954981598259618, 'D_high': 808717.5513558065, 'fire_exp': 1.6129015361099206, 'P_half': 9338.292009050636, 'pre_dampen_half': 271.3529936087898, 'gpp_af': 0.18978129749343506, 'gpp_b': 0.00011156335531066795, 'gpp_d': 538.7119525542935, 'ign_k': 0.00813361617321306, 'ign_c': 756.0030331156725, 'trop_agb_crit': 5.323913774648613, 'trop_k_veg': 0.5531780358336419, 'gdp_gamma': 0.5679459871289158, 'fuel_k': 0.01319238053908967, 'fuel_half': 3.814109887332569}. Best is trial 0 with value: -0.6086958580586874.
[I 2026-07-24 02:06:28,928] Trial 56 finished with value: 0.6445374145881376 and parameters: {'k1': 0.0007592026700722792, 'D_low': 1.2728292719988348, 'k2': 0.00022005156413856268, 'D_high': 87211.52306306727, 'fire_exp': 6.619760652186102, 'P_half': 50.83478064036375, 'pre_dampen_half': 2.5722712282755107, 'gpp_af': 0.01331029977149345, 'gpp_b': 0.000358264281098043, 'gpp_d': 2.7047312397134755, 'ign_k': 0.27033569901028065, 'ign_c': 60.035122388238726, 'trop_agb_crit': 23.308279124240354, 'trop_k_veg': 0.6272746905751987, 'gdp_gamma': 0.001114737125657679, 'fuel_k': 1.47060789639918, 'fuel_half': 0.11939441735847338}. Best is trial 0 with value: -0.6086958580586874.
[I 2026-07-24 02:06:29,412] Trial 57 finished with value: 0.5982358517851974 and parameters: {'k1': 0.0002765874256026465, 'D_low': 1719.8809031818334, 'k2': 0.0006119805751241831, 'D_high': 61803.48331931349, 'fire_exp': 9.344339445288556, 'P_half': 28.98149343427602, 'pre_dampen_half': 260.54433358337224, 'gpp_af': 0.10569800924329746, 'gpp_b': 1.5687446458381387e-05, 'gpp_d': 98.64472897673093, 'ign_k': 0.022347738593699634, 'ign_c': 41.277670545785, 'trop_agb_crit': 12.07013684984262, 'trop_k_veg': 0.5344353142522013, 'gdp_gamma': 0.004402783924292197, 'fuel_k': 4.873575848719359, 'fuel_half': 0.33575537973569314}. Best is trial 0 with value: -0.6086958580586874.
[I 2026-07-24 02:06:29,839] Trial 58 finished with value: 0.6039743431501268 and parameters: {'k1': 0.000890779099641113, 'D_low': 2394.7609582658133, 'k2': 0.07659536912532691, 'D_high': 3701.544739453024, 'fire_exp': 2.228850841967994, 'P_half': 116.54356677337267, 'pre_dampen_half': 59.30281143816943, 'gpp_af': 0.43696002314244015, 'gpp_b': 0.00013854254149732857, 'gpp_d': 141.5845404496464, 'ign_k': 0.008836678254720516, 'ign_c': 107.42654902835814, 'trop_agb_crit': 2.805061049113584, 'trop_k_veg': 1.378371408697314, 'gdp_gamma': 0.08862616580908297, 'fuel_k': 0.03962248496573943, 'fuel_half': 45.51874006463563}. Best is trial 0 with value: -0.6086958580586874.
[I 2026-07-24 02:06:30,262] Trial 59 finished with value: 0.5326379023180687 and parameters: {'k1': 0.025229625687796766, 'D_low': 331.94350599962786, 'k2': 0.006140331549925127, 'D_high': 592002.1408632322, 'fire_exp': 1.9571740374123285, 'P_half': 129.87104058720598, 'pre_dampen_half': 395.566833665992, 'gpp_af': 0.01034331531290159, 'gpp_b': 4.187151296864223e-05, 'gpp_d': 416.12195781756054, 'ign_k': 0.011473919356495117, 'ign_c': 64.21664657337766, 'trop_agb_crit': 15.86327984981809, 'trop_k_veg': 0.8112896136884895, 'gdp_gamma': 0.12340964427126223, 'fuel_k': 0.013122784090498402, 'fuel_half': 3.3737654974607847}. Best is trial 0 with value: -0.6086958580586874.
[I 2026-07-24 02:06:30,687] Trial 60 finished with value: 0.5145083371083529 and parameters: {'k1': 0.0003347923641271173, 'D_low': 2.158488037809863, 'k2': 0.013122265151587374, 'D_high': 7462849.8171276245, 'fire_exp': 8.421400258986516, 'P_half': 128.8537934895076, 'pre_dampen_half': 5.329299299747099, 'gpp_af': 0.0076934916835599354, 'gpp_b': 3.5273629431830935e-05, 'gpp_d': 2.1458250817789555, 'ign_k': 0.5179143947191687, 'ign_c': 18.572490243333245, 'trop_agb_crit': 21.250904892187712, 'trop_k_veg': 0.6145223781635025, 'gdp_gamma': 0.011322591461276853, 'fuel_k': 5.61735924821525, 'fuel_half': 0.21888743851431935}. Best is trial 0 with value: -0.6086958580586874.
[I 2026-07-24 02:06:31,111] Trial 61 finished with value: 0.5874133343193975 and parameters: {'k1': 0.0023939263986481126, 'D_low': 5311.957681753245, 'k2': 0.03610310512619322, 'D_high': 22262.488835398362, 'fire_exp': 2.4115237717109372, 'P_half': 2.601029734616368, 'pre_dampen_half': 194.92111776627337, 'gpp_af': 0.01053396534550603, 'gpp_b': 0.0008805759490009612, 'gpp_d': 338.07315424814453, 'ign_k': 0.006724128535060074, 'ign_c': 42.91437194511644, 'trop_agb_crit': 29.800270257905815, 'trop_k_veg': 1.3006660269635404, 'gdp_gamma': 0.024099897235561236, 'fuel_k': 0.023461537089633763, 'fuel_half': 56.68528920531955}. Best is trial 0 with value: -0.6086958580586874.
[I 2026-07-24 02:06:31,542] Trial 62 finished with value: 0.4489019218881065 and parameters: {'k1': 0.0010241831301124127, 'D_low': 7.069017484034996, 'k2': 0.013790877989496188, 'D_high': 41318.60560584158, 'fire_exp': 1.051709258192269, 'P_half': 114.55901696472775, 'pre_dampen_half': 56.268948800580496, 'gpp_af': 0.04607979317221019, 'gpp_b': 0.00011378734510573574, 'gpp_d': 39.60379054362012, 'ign_k': 0.0010158705687606134, 'ign_c': 160.73612513988698, 'trop_agb_crit': 4.471743385052367, 'trop_k_veg': 2.032514616154388, 'gdp_gamma': 0.17150411168972665, 'fuel_k': 0.037622367308691416, 'fuel_half': 6.1017265843775235}. Best is trial 0 with value: -0.6086958580586874.
[I 2026-07-24 02:06:31,970] Trial 63 finished with value: 0.4849569948306508 and parameters: {'k1': 2.552989970862196e-05, 'D_low': 12.889826063998138, 'k2': 0.01741621711308118, 'D_high': 412129.9433364858, 'fire_exp': 1.1846191210357566, 'P_half': 20.764057370543995, 'pre_dampen_half': 19.262798280629244, 'gpp_af': 0.006124424680028885, 'gpp_b': 4.929403363103679e-05, 'gpp_d': 52.64115481903326, 'ign_k': 0.00379440256106365, 'ign_c': 105.67339532646326, 'trop_agb_crit': 25.83778146821385, 'trop_k_veg': 0.7878633527725178, 'gdp_gamma': 0.07405921833798144, 'fuel_k': 0.04079319345651827, 'fuel_half': 33.26865317045362}. Best is trial 0 with value: -0.6086958580586874.
