[I 2026-08-19 14:36:34,342] Trial 202 finished with value: -0.4040229697922064 and parameters: {'k1': 0.0010942399088997436, 'D_low': 3.9182256609011437, 'k2': 0.0011410523874182223, 'D_high': 446863.9477121414, 'fire_exp': 6.125469534632643, 'P_half': 14.497746646273681, 'pre_dampen_half': 509.8401960358885, 'gpp_af': 0.16202350306932659, 'gpp_b': 1.8844921617628308e-05, 'gpp_d': 118.76980294797039, 'ign_k': 0.014911247578996116, 'ign_c': 10.904060352378849, 'trop_agb_crit': 6.618548849188186, 'trop_k_veg': 2.190329596185171, 'pop_amp': 0.19092556967124277, 'pop_peak': 27.417672081355942, 'pop_sig': 0.580511854127366, 'fuel_k': 0.039751846218445644, 'fuel_half': 2.4584938839357937}. Best is trial 121 with value: -0.6148958760349835.
[I 2026-08-19 14:36:36,970] Trial 203 finished with value: -0.5435999451479329 and parameters: {'k1': 0.003028451412998572, 'D_low': 9.655637582331773, 'k2': 0.0002771669147581509, 'D_high': 2103013.33393135, 'fire_exp': 3.884534683208389, 'P_half': 13.649742026929308, 'pre_dampen_half': 632.4445636667892, 'gpp_af': 0.0014470076055761673, 'gpp_b': 0.00021868461060566027, 'gpp_d': 0.7914976065384635, 'ign_k': 0.10096370261373207, 'ign_c': 0.17037904865532108, 'trop_agb_crit': 8.371796281489791, 'trop_k_veg': 1.7137088561016933, 'pop_amp': 0.6996808253445798, 'pop_peak': 17.107512166298285, 'pop_sig': 0.6368130853290909, 'fuel_k': 0.023122813566163136, 'fuel_half': 6.6081474448123965}. Best is trial 121 with value: -0.6148958760349835.
[I 2026-08-19 14:36:39,260] Trial 204 finished with value: -0.4206232223298973 and parameters: {'k1': 0.02927040975707555, 'D_low': 27270.528682902976, 'k2': 0.00726452990194395, 'D_high': 1879774.2398911165, 'fire_exp': 2.2355228817271064, 'P_half': 1300.8485564173297, 'pre_dampen_half': 13.412136074051618, 'gpp_af': 0.027174802879364728, 'gpp_b': 2.077461586102755e-05, 'gpp_d': 0.44722648291257705, 'ign_k': 0.1293400209947614, 'ign_c': 2.409550514811867, 'trop_agb_crit': 10.726840291327864, 'trop_k_veg': 1.4770779831095024, 'pop_amp': 0.0017727696160329898, 'pop_peak': 0.3961089067027913, 'pop_sig': 0.7660140452234214, 'fuel_k': 1.7912465439243699, 'fuel_half': 0.1690749342840768}. Best is trial 121 with value: -0.6148958760349835.
[I 2026-08-19 14:36:41,514] Trial 205 finished with value: -0.5180162850455573 and parameters: {'k1': 0.0016344730464827291, 'D_low': 18.880096582278266, 'k2': 2.9615783498696203e-05, 'D_high': 3654710.0599738453, 'fire_exp': 5.69006410394604, 'P_half': 9.38583955484013, 'pre_dampen_half': 12.594789140983568, 'gpp_af': 0.015118398398009216, 'gpp_b': 1.9226251774014586e-05, 'gpp_d': 0.019331681183087045, 'ign_k': 0.13057861127229842, 'ign_c': 0.32655587902695327, 'trop_agb_crit': 10.622023722022874, 'trop_k_veg': 3.121780282684131, 'pop_amp': 0.38641022358855814, 'pop_peak': 1.9448355218674331, 'pop_sig': 1.4067661792485384, 'fuel_k': 0.11611507087208074, 'fuel_half': 0.9439207056776221}. Best is trial 121 with value: -0.6148958760349835.
[I 2026-08-19 14:36:43,887] Trial 206 finished with value: -0.41972476057498376 and parameters: {'k1': 0.0003275662360595316, 'D_low': 621.2241572037743, 'k2': 2.4654431472604568e-05, 'D_high': 10171.642573794747, 'fire_exp': 2.197223153447337, 'P_half': 50.018168056164335, 'pre_dampen_half': 0.16773165010183336, 'gpp_af': 0.07370448460926833, 'gpp_b': 0.00045001469848085024, 'gpp_d': 0.4585886167418024, 'ign_k': 1.689946003407834, 'ign_c': 1.5398412171394729, 'trop_agb_crit': 6.946743203569939, 'trop_k_veg': 4.90242124158618, 'pop_amp': 0.0012756301354961141, 'pop_peak': 21.90158126022874, 'pop_sig': 0.7958409247310572, 'fuel_k': 0.6663658145109841, 'fuel_half': 2.79324626521264}. Best is trial 121 with value: -0.6148958760349835.
[I 2026-08-19 14:36:46,891] Trial 207 finished with value: -0.39110178108734805 and parameters: {'k1': 0.002164973586966569, 'D_low': 43.12338013457291, 'k2': 0.0015003429814049898, 'D_high': 4197670.289009214, 'fire_exp': 6.1668128462822915, 'P_half': 509.9886388883532, 'pre_dampen_half': 261.8198149214072, 'gpp_af': 0.25474519934344514, 'gpp_b': 1.0818562914868497e-05, 'gpp_d': 0.9461298881078143, 'ign_k': 0.04534755109205492, 'ign_c': 0.10970706640693668, 'trop_agb_crit': 18.854975764086394, 'trop_k_veg': 3.0814650538167365, 'pop_amp': 0.005949362731426745, 'pop_peak': 137.9054516070842, 'pop_sig': 0.7458457839750285, 'fuel_k': 0.0940277005103749, 'fuel_half': 3.652023605990064}. Best is trial 121 with value: -0.6148958760349835.
[I 2026-08-19 14:36:50,326] Trial 208 finished with value: -0.5809744801951802 and parameters: {'k1': 0.0009663070084292922, 'D_low': 61.24118161632137, 'k2': 9.785139508706165e-05, 'D_high': 110072.38121385392, 'fire_exp': 3.1001744029368594, 'P_half': 3.609946810364112, 'pre_dampen_half': 6.966701215873785, 'gpp_af': 0.12664739525724417, 'gpp_b': 5.881554574709109e-05, 'gpp_d': 12.527884883950753, 'ign_k': 0.5459891915158818, 'ign_c': 4.833726563899171, 'trop_agb_crit': 23.61328958753905, 'trop_k_veg': 1.8271831187955003, 'pop_amp': 0.14030914532095, 'pop_peak': 182.88489803721987, 'pop_sig': 1.0477736506716235, 'fuel_k': 0.1689345259110217, 'fuel_half': 2.1342510940813666}. Best is trial 121 with value: -0.6148958760349835.
[I 2026-08-19 14:36:53,399] Trial 209 finished with value: -0.507760639671297 and parameters: {'k1': 0.00024587784307493823, 'D_low': 3.326515886878418, 'k2': 0.00041048541656010465, 'D_high': 2008913.2468698637, 'fire_exp': 3.1134034813773277, 'P_half': 22.086719887649792, 'pre_dampen_half': 13.295594988473102, 'gpp_af': 0.0368070029370711, 'gpp_b': 7.294771653095151e-05, 'gpp_d': 75.85639766153497, 'ign_k': 0.04548040505401367, 'ign_c': 0.16340898426225267, 'trop_agb_crit': 4.727149837564384, 'trop_k_veg': 4.207820670081671, 'pop_amp': 0.0019606555776023552, 'pop_peak': 39.36101615973268, 'pop_sig': 1.4560793762279285, 'fuel_k': 0.09021064171290502, 'fuel_half': 6.721109330035892}. Best is trial 121 with value: -0.6148958760349835.
  trial  210/2500  best_overall=0.6149  (12.8 min)
[I 2026-08-19 14:36:57,347] Trial 210 finished with value: -0.5949230549119127 and parameters: {'k1': 0.0005216507292380661, 'D_low': 310.223490980761, 'k2': 1.5549999078755994e-05, 'D_high': 1643915.825280779, 'fire_exp': 1.2931015848364535, 'P_half': 136.14820716219987, 'pre_dampen_half': 2.3034278751289325, 'gpp_af': 0.02114460215464529, 'gpp_b': 1.7810986806794472e-05, 'gpp_d': 1.4076137193275275, 'ign_k': 9.424537697301522, 'ign_c': 3.9334204490144553, 'trop_agb_crit': 5.283102312678035, 'trop_k_veg': 2.479650366992951, 'pop_amp': 0.021262975467265122, 'pop_peak': 4.197766018392553, 'pop_sig': 1.2279835501174006, 'fuel_k': 0.0589420365190971, 'fuel_half': 0.7392811868861326}. Best is trial 121 with value: -0.6148958760349835.
[I 2026-08-19 14:36:59,979] Trial 211 finished with value: -0.49239418238797283 and parameters: {'k1': 0.00018439296266923292, 'D_low': 1135.7117767664722, 'k2': 4.817303789552429e-05, 'D_high': 2026305.8178102588, 'fire_exp': 1.4367753949096036, 'P_half': 42.110099014486615, 'pre_dampen_half': 577.8173013618232, 'gpp_af': 0.09535543921782212, 'gpp_b': 1.5970572688887697e-05, 'gpp_d': 2.5892431931852884, 'ign_k': 5.378644140437603, 'ign_c': 1.2245088532908794, 'trop_agb_crit': 3.296935013459852, 'trop_k_veg': 3.209635017617195, 'pop_amp': 0.0025147927930509887, 'pop_peak': 5.282760938364617, 'pop_sig': 2.1836359019078078, 'fuel_k': 0.01173649363451098, 'fuel_half': 1.4173329429416666}. Best is trial 121 with value: -0.6148958760349835.
[I 2026-08-19 14:37:02,751] Trial 212 finished with value: -0.5393609211714387 and parameters: {'k1': 0.0003048839609040277, 'D_low': 91.83130373174498, 'k2': 1.2869556902559913e-05, 'D_high': 7538379.707245613, 'fire_exp': 1.0678873825699726, 'P_half': 55.85750218937578, 'pre_dampen_half': 5.3309825103232855, 'gpp_af': 0.03990747102092184, 'gpp_b': 0.00015133068010633868, 'gpp_d': 0.34713488849928525, 'ign_k': 2.2074286302587924, 'ign_c': 26.661700587918812, 'trop_agb_crit': 20.078529779254087, 'trop_k_veg': 4.816776021211435, 'pop_amp': 0.05326460373097696, 'pop_peak': 0.8984866516385571, 'pop_sig': 1.4827164646795767, 'fuel_k': 0.03988948882233996, 'fuel_half': 0.17881462718693336}. Best is trial 121 with value: -0.6148958760349835.
[I 2026-08-19 14:37:05,231] Trial 213 finished with value: -0.5355809331985049 and parameters: {'k1': 0.00017948516983103236, 'D_low': 4.491661846939099, 'k2': 0.0012002920166655114, 'D_high': 3490550.9907049127, 'fire_exp': 5.879428097235263, 'P_half': 174.20342031258969, 'pre_dampen_half': 490.8435041192173, 'gpp_af': 0.012045437929569266, 'gpp_b': 1.6657439099337145e-05, 'gpp_d': 9.698313914477275, 'ign_k': 0.21679196180002858, 'ign_c': 0.2031975708846903, 'trop_agb_crit': 3.8289493719707366, 'trop_k_veg': 5.335377815160627, 'pop_amp': 0.0224243886815921, 'pop_peak': 11.46161458726749, 'pop_sig': 0.6511538869733313, 'fuel_k': 0.011783851313299825, 'fuel_half': 7.628355327937901}. Best is trial 121 with value: -0.6148958760349835.
[I 2026-08-19 14:37:07,749] Trial 214 finished with value: -0.4058126315280096 and parameters: {'k1': 0.00042808876336759524, 'D_low': 169.969095121603, 'k2': 4.774741590342179e-05, 'D_high': 109692.92401122613, 'fire_exp': 4.716337876108736, 'P_half': 4.942915036237343, 'pre_dampen_half': 1.6714997535507508, 'gpp_af': 0.11299788346427286, 'gpp_b': 0.00016255492433108672, 'gpp_d': 26.847883585839273, 'ign_k': 0.1740687355501154, 'ign_c': 53.44889478604194, 'trop_agb_crit': 29.203057972441425, 'trop_k_veg': 2.381982516757335, 'pop_amp': 0.028883105619052208, 'pop_peak': 58.02333989780132, 'pop_sig': 0.6963715340191556, 'fuel_k': 0.14868640354393034, 'fuel_half': 4.597933863731942}. Best is trial 121 with value: -0.6148958760349835.
[I 2026-08-19 14:37:10,100] Trial 215 finished with value: -0.47080713040460254 and parameters: {'k1': 0.05421495076433738, 'D_low': 5.9454283891558175, 'k2': 0.0002493929776318836, 'D_high': 121065.17027970425, 'fire_exp': 6.913070006297355, 'P_half': 1.3183253975631835, 'pre_dampen_half': 0.5683383665307176, 'gpp_af': 5.92284659233519, 'gpp_b': 0.00016299468856156813, 'gpp_d': 7.933911348642945, 'ign_k': 0.5707520985324668, 'ign_c': 2.609196831420028, 'trop_agb_crit': 8.17848737675409, 'trop_k_veg': 1.441384816046791, 'pop_amp': 0.09818939951229891, 'pop_peak': 81.52050512240352, 'pop_sig': 1.076653758955317, 'fuel_k': 0.04862061370325087, 'fuel_half': 2.267902106556554}. Best is trial 121 with value: -0.6148958760349835.
[I 2026-08-19 14:37:12,366] Trial 216 finished with value: -0.375825617374238 and parameters: {'k1': 0.003601700864289998, 'D_low': 52259.80044710315, 'k2': 2.6917304964412918e-05, 'D_high': 2164.0500879112415, 'fire_exp': 1.6086785629889215, 'P_half': 1.1838294330514538, 'pre_dampen_half': 1.64973199362256, 'gpp_af': 0.006515826115227976, 'gpp_b': 0.0007990267687705035, 'gpp_d': 1.1925672813378092, 'ign_k': 7.793624969874279, 'ign_c': 0.4978015277214195, 'trop_agb_crit': 3.3900688723222197, 'trop_k_veg': 6.190940160585915, 'pop_amp': 0.5189285418907497, 'pop_peak': 0.5165440360037141, 'pop_sig': 0.3536319287130043, 'fuel_k': 1.2965018534383657, 'fuel_half': 0.15489756046945768}. Best is trial 121 with value: -0.6148958760349835.
[I 2026-08-19 14:37:14,943] Trial 217 finished with value: -0.5461585669113418 and parameters: {'k1': 0.0007294258107971296, 'D_low': 124.90942582774468, 'k2': 0.00011147607372877942, 'D_high': 824875.4490330588, 'fire_exp': 1.166988476354489, 'P_half': 166.0531564210176, 'pre_dampen_half': 4.579740073313027, 'gpp_af': 0.0417127056974636, 'gpp_b': 0.00010831536157362619, 'gpp_d': 0.02623088987380168, 'ign_k': 0.8458021652478207, 'ign_c': 0.4865811243562515, 'trop_agb_crit': 14.786472705296507, 'trop_k_veg': 1.8788754582307101, 'pop_amp': 0.007233931891601035, 'pop_peak': 72.72551190685915, 'pop_sig': 2.4056879266561357, 'fuel_k': 0.6389973997682225, 'fuel_half': 3.3987773142859243}. Best is trial 121 with value: -0.6148958760349835.
  trial  218/2500  best_overall=0.6149  (13.2 min)
[I 2026-08-19 14:37:17,281] Trial 218 finished with value: -0.5738353191712682 and parameters: {'k1': 0.011086387650256291, 'D_low': 42.12475572170842, 'k2': 4.4255858081253664e-05, 'D_high': 104958.00633809733, 'fire_exp': 1.3037931139975016, 'P_half': 49.153343147993816, 'pre_dampen_half': 2.5296308884308782, 'gpp_af': 0.013095360588097958, 'gpp_b': 3.839179802347203e-05, 'gpp_d': 0.28004501869286585, 'ign_k': 7.536148773601648, 'ign_c': 3.2119433091705147, 'trop_agb_crit': 5.3343784859195935, 'trop_k_veg': 3.966661129424849, 'pop_amp': 0.06152797706539707, 'pop_peak': 3.9429408262775674, 'pop_sig': 0.8733515018772238, 'fuel_k': 0.05070849861709673, 'fuel_half': 1.0565523609648895}. Best is trial 121 with value: -0.6148958760349835.
[I 2026-08-19 14:37:19,580] Trial 219 finished with value: -0.3043610564758528 and parameters: {'k1': 0.0010787769230505375, 'D_low': 8.172100958999607, 'k2': 6.132351946363569e-05, 'D_high': 6547410.846535329, 'fire_exp': 2.743835637776306, 'P_half': 14.298136217067327, 'pre_dampen_half': 91.04733629903924, 'gpp_af': 0.24498319320419104, 'gpp_b': 0.00011363323096710853, 'gpp_d': 163.6222125407004, 'ign_k': 2.4458322982044023, 'ign_c': 0.2165974168191996, 'trop_agb_crit': 13.480716256872032, 'trop_k_veg': 1.581144583952153, 'pop_amp': 3.634754909998215, 'pop_peak': 35.970924600857884, 'pop_sig': 1.4285157300918956, 'fuel_k': 0.06505825091956624, 'fuel_half': 1.2613788746980015}. Best is trial 121 with value: -0.6148958760349835.
[I 2026-08-19 14:37:21,912] Trial 220 finished with value: -0.46884193169390304 and parameters: {'k1': 0.02246260583218946, 'D_low': 3088.18600192029, 'k2': 0.004071621139521797, 'D_high': 8702929.828443779, 'fire_exp': 3.186277189769945, 'P_half': 216.08781748011958, 'pre_dampen_half': 0.4092348914693079, 'gpp_af': 0.0075181844120523625, 'gpp_b': 0.0009664559469510913, 'gpp_d': 0.5477312442666292, 'ign_k': 0.8302172289393565, 'ign_c': 1.912077747441916, 'trop_agb_crit': 14.504078551895361, 'trop_k_veg': 6.5601719503603695, 'pop_amp': 0.0023312510392848092, 'pop_peak': 0.20886003050193191, 'pop_sig': 1.3260046154692662, 'fuel_k': 1.276857549881922, 'fuel_half': 0.16474554949992634}. Best is trial 121 with value: -0.6148958760349835.
[I 2026-08-19 14:37:24,102] Trial 221 finished with value: -0.49910764809625385 and parameters: {'k1': 0.004731034966720915, 'D_low': 67.90041004321279, 'k2': 0.00039599208299469343, 'D_high': 1891734.9113383417, 'fire_exp': 1.045666001534488, 'P_half': 102.13328262878343, 'pre_dampen_half': 826.4885478581854, 'gpp_af': 0.00318243031763795, 'gpp_b': 0.00019404431490000696, 'gpp_d': 0.028931857212082492, 'ign_k': 5.690390686703009, 'ign_c': 3.577460527893227, 'trop_agb_crit': 6.609817013354158, 'trop_k_veg': 6.330160215940664, 'pop_amp': 0.21484221130544426, 'pop_peak': 0.15404644604394746, 'pop_sig': 0.3607007021578414, 'fuel_k': 0.5442644140599554, 'fuel_half': 11.215098681881905}. Best is trial 121 with value: -0.6148958760349835.
[I 2026-08-19 14:37:26,310] Trial 222 finished with value: -0.4895744164339163 and parameters: {'k1': 0.001314327004110951, 'D_low': 180.31628319026677, 'k2': 3.906373045893694e-05, 'D_high': 9454090.453095395, 'fire_exp': 1.1232736349428878, 'P_half': 14.585180238406526, 'pre_dampen_half': 9.449391590581707, 'gpp_af': 0.0011983252807663929, 'gpp_b': 2.040325854363552e-05, 'gpp_d': 0.3723484369953265, 'ign_k': 8.722472439121816, 'ign_c': 0.40666371404308815, 'trop_agb_crit': 9.640088638715916, 'trop_k_veg': 1.5692666318647608, 'pop_amp': 0.14161037623291228, 'pop_peak': 13.297177860878001, 'pop_sig': 1.3814087747656139, 'fuel_k': 0.8287324481352067, 'fuel_half': 0.41545258828371096}. Best is trial 121 with value: -0.6148958760349835.
[I 2026-08-19 14:37:28,614] Trial 223 finished with value: -0.3668315675192263 and parameters: {'k1': 0.08916261840982899, 'D_low': 128632.03488515066, 'k2': 0.0020267772362103026, 'D_high': 200327.7723129196, 'fire_exp': 1.5083421181254848, 'P_half': 497.9841664054831, 'pre_dampen_half': 0.8475688353690906, 'gpp_af': 0.004891525602109487, 'gpp_b': 6.114700278137927e-05, 'gpp_d': 0.9217147455958299, 'ign_k': 1.0466872578133497, 'ign_c': 20.15853334487247, 'trop_agb_crit': 7.735876698072864, 'trop_k_veg': 6.586194865226705, 'pop_amp': 0.002273570587264122, 'pop_peak': 0.2506206962033757, 'pop_sig': 0.5233437247104139, 'fuel_k': 3.87138330085908, 'fuel_half': 1.951127552667056}. Best is trial 121 with value: -0.6148958760349835.
[I 2026-08-19 14:37:30,860] Trial 224 finished with value: -0.5884560870280529 and parameters: {'k1': 0.0012950719537752106, 'D_low': 4586.4519424609025, 'k2': 0.0028241652907619146, 'D_high': 149670.75789209007, 'fire_exp': 1.3896048161641767, 'P_half': 302.37709934057807, 'pre_dampen_half': 9.887952889530366, 'gpp_af': 0.13056026049216124, 'gpp_b': 9.335933321306977e-05, 'gpp_d': 2.3015536240548795, 'ign_k': 3.7848993532017134, 'ign_c': 13.038454169375372, 'trop_agb_crit': 26.57463269855418, 'trop_k_veg': 5.045655020357426, 'pop_amp': 0.015653202920278223, 'pop_peak': 130.92374007179603, 'pop_sig': 1.2366420825900428, 'fuel_k': 0.340843638611395, 'fuel_half': 0.9336320213926986}. Best is trial 121 with value: -0.6148958760349835.
[I 2026-08-19 14:37:33,003] Trial 225 finished with value: -0.5524213596608603 and parameters: {'k1': 2.7092376488621502e-05, 'D_low': 72.26111582872524, 'k2': 1.6284118117881214e-05, 'D_high': 3788165.6949725193, 'fire_exp': 1.2657032239671722, 'P_half': 2.429146505118215, 'pre_dampen_half': 0.259106128566952, 'gpp_af': 0.044165912093652566, 'gpp_b': 0.0005380325920011967, 'gpp_d': 2.6938284859580772, 'ign_k': 7.517299822502742, 'ign_c': 1.8724923166870688, 'trop_agb_crit': 9.531656594006988, 'trop_k_veg': 1.7667774250854869, 'pop_amp': 0.1525946503383213, 'pop_peak': 0.19589664054510195, 'pop_sig': 1.2997980846543602, 'fuel_k': 4.350225379023645, 'fuel_half': 4.431936049307394}. Best is trial 121 with value: -0.6148958760349835.
[I 2026-08-19 14:37:35,263] Trial 226 finished with value: -0.3554625854118624 and parameters: {'k1': 0.0013562639415204587, 'D_low': 506.58591462025703, 'k2': 1.6952486239481523e-05, 'D_high': 266299.374482723, 'fire_exp': 1.1153990690173925, 'P_half': 227.8323713879894, 'pre_dampen_half': 10.303587980579401, 'gpp_af': 0.06816091194302654, 'gpp_b': 0.0031431298814598905, 'gpp_d': 0.9511316425883457, 'ign_k': 8.825971143926642, 'ign_c': 60.6206440829863, 'trop_agb_crit': 1.9334819028220722, 'trop_k_veg': 3.8217875761763156, 'pop_amp': 0.07812515049472044, 'pop_peak': 12.420507993944215, 'pop_sig': 1.5458625386825282, 'fuel_k': 0.01671848674335185, 'fuel_half': 0.21053049027883447}. Best is trial 121 with value: -0.6148958760349835.
  trial  227/2500  best_overall=0.6149  (13.5 min)
[I 2026-08-19 14:37:37,791] Trial 227 finished with value: -0.41773810033609876 and parameters: {'k1': 0.008379582807145408, 'D_low': 112.26303259920456, 'k2': 3.973134594067343e-05, 'D_high': 14443.240940667545, 'fire_exp': 1.7863786226129588, 'P_half': 925.599902973209, 'pre_dampen_half': 1.3576347243281899, 'gpp_af': 0.20754087226659546, 'gpp_b': 3.1511249711267645e-05, 'gpp_d': 3.3539527196393952, 'ign_k': 1.9794652221391418, 'ign_c': 14.802887229555981, 'trop_agb_crit': 24.96405695823564, 'trop_k_veg': 6.3674683143225534, 'pop_amp': 0.013152348711764315, 'pop_peak': 341.7712449442983, 'pop_sig': 1.1726600111979772, 'fuel_k': 0.34559715930682544, 'fuel_half': 0.866350700889283}. Best is trial 121 with value: -0.6148958760349835.
[I 2026-08-19 14:37:40,069] Trial 228 finished with value: -0.40574603203960147 and parameters: {'k1': 0.002122082689468772, 'D_low': 4.245140785605203, 'k2': 1.6379270309535406e-05, 'D_high': 58365.08203449803, 'fire_exp': 3.0340845012842137, 'P_half': 1.5255057087645847, 'pre_dampen_half': 5.173887672208133, 'gpp_af': 1.3897045355435391, 'gpp_b': 0.00048540489145408643, 'gpp_d': 0.3729928150712358, 'ign_k': 0.14933059952368694, 'ign_c': 0.18487695457569847, 'trop_agb_crit': 17.884943888177094, 'trop_k_veg': 2.8359435200668326, 'pop_amp': 0.2932792916687954, 'pop_peak': 351.6064590279879, 'pop_sig': 1.7523307006829743, 'fuel_k': 0.746878333527398, 'fuel_half': 11.325339498661421}. Best is trial 121 with value: -0.6148958760349835.
[I 2026-08-19 14:37:42,284] Trial 229 finished with value: -0.3554625854118624 and parameters: {'k1': 0.0005960315199332389, 'D_low': 530.7323055432907, 'k2': 0.021829223866876028, 'D_high': 3782.558859971419, 'fire_exp': 1.0259547421211244, 'P_half': 69.79986029830255, 'pre_dampen_half': 1.471176670468371, 'gpp_af': 0.1226402252488744, 'gpp_b': 0.0020956353306396825, 'gpp_d': 6.133716833012771, 'ign_k': 2.5715267953662813, 'ign_c': 80.65012054642156, 'trop_agb_crit': 25.741144294918186, 'trop_k_veg': 6.745684786059825, 'pop_amp': 0.003238124589825075, 'pop_peak': 66.34567043904882, 'pop_sig': 0.9845790163790641, 'fuel_k': 1.8033459202216668, 'fuel_half': 0.811196479095916}. Best is trial 121 with value: -0.6148958760349835.
[I 2026-08-19 14:37:44,776] Trial 230 finished with value: -0.36160452034078916 and parameters: {'k1': 0.00010170323983378042, 'D_low': 319625.9823844471, 'k2': 3.8570761927066705e-05, 'D_high': 8304390.055344017, 'fire_exp': 3.492108001095834, 'P_half': 13.9145961453183, 'pre_dampen_half': 1.096063516314652, 'gpp_af': 0.0679327686798589, 'gpp_b': 4.460334629584355e-05, 'gpp_d': 6.787612849859752, 'ign_k': 0.23554219640568638, 'ign_c': 1.4114527172059046, 'trop_agb_crit': 6.134603209287766, 'trop_k_veg': 1.6489716600304791, 'pop_amp': 0.05933581916347457, 'pop_peak': 0.319582709114613, 'pop_sig': 1.4202199114661016, 'fuel_k': 1.5143464347012234, 'fuel_half': 0.6357404519984043}. Best is trial 121 with value: -0.6148958760349835.
