[I 2026-06-10 17:52:26,945] Trial 1221 finished with values: [10.87965890771711, 10.87965890771711] and parameters: {'k1': 0.016973078532467004, 'D_low': 24.28756508761176, 'k2': 0.003456886280594567, 'D_high': 2427.054417940131, 'fire_exp': 1.4690410989404576, 'P_half': 4.611259693508339, 'pre_dampen_half': 8.259599205585761, 'gpp_af': 0.10098504976210308, 'gpp_b': 1.1008110571039521e-05, 'gpp_d': 545.0253444559129, 'ign_k': 3.965503094323014, 'ign_c': 35.133466168692735, 'trop_agb_crit': 1.0693376406863295, 'trop_k_veg': 2.9806294141302545, 'fire_amp': 5.44779717154213}.
[I 2026-06-10 17:52:28,510] Trial 1222 finished with values: [10.594130471452077, 10.594130471452077] and parameters: {'k1': 0.008535052150482593, 'D_low': 24.28756508761176, 'k2': 0.0001016707987819611, 'D_high': 262.11304189124235, 'fire_exp': 1.4690410989404576, 'P_half': 3370.629622438604, 'pre_dampen_half': 155.08737608723771, 'gpp_af': 0.09885838682552685, 'gpp_b': 1.1008110571039521e-05, 'gpp_d': 12.338826503601998, 'ign_k': 3.965503094323014, 'ign_c': 22.126836566118193, 'trop_agb_crit': 2.1989086830950257, 'trop_k_veg': 2.724170387400844, 'fire_amp': 5.44779717154213}.
[I 2026-06-10 17:52:29,937] Trial 1223 finished with values: [10.626942034196666, 10.626942034196666] and parameters: {'k1': 0.016973078532467004, 'D_low': 1739.6167422846984, 'k2': 3.152468275632564e-05, 'D_high': 512.8126758785007, 'fire_exp': 1.14171776851287, 'P_half': 101.40635645866499, 'pre_dampen_half': 8.259599205585761, 'gpp_af': 0.10098504976210308, 'gpp_b': 2.1309331861011757e-05, 'gpp_d': 545.0253444559129, 'ign_k': 1.6270983114897255, 'ign_c': 22.126836566118193, 'trop_agb_crit': 1.5033346993841157, 'trop_k_veg': 6.168921645828263, 'fire_amp': 2.6192385880432525}.
[I 2026-06-10 17:52:31,239] Trial 1224 finished with values: [10.13206959334341, 10.13206959334341] and parameters: {'k1': 0.006079905434073396, 'D_low': 43.2326421037033, 'k2': 1.2432381951316053e-05, 'D_high': 18108.14362107968, 'fire_exp': 1.4690410989404576, 'P_half': 157.80309954142965, 'pre_dampen_half': 1.8469033699850426, 'gpp_af': 27.448645214004376, 'gpp_b': 0.00012118589392553798, 'gpp_d': 12.338826503601998, 'ign_k': 3.965503094323014, 'ign_c': 7.081721844034206, 'trop_agb_crit': 3.1419938725278875, 'trop_k_veg': 6.172643383211297, 'fire_amp': 5.606809127618709}.
[I 2026-06-10 17:52:32,618] Trial 1225 finished with values: [10.70628033227952, 10.70628033227952] and parameters: {'k1': 0.016973078532467004, 'D_low': 12.105387404469584, 'k2': 0.0001016707987819611, 'D_high': 76838.76502998071, 'fire_exp': 1.0601964743503993, 'P_half': 3.591771421517613, 'pre_dampen_half': 8.259599205585761, 'gpp_af': 0.10098504976210308, 'gpp_b': 1.1008110571039521e-05, 'gpp_d': 545.0253444559129, 'ign_k': 0.09256855841989636, 'ign_c': 35.133466168692735, 'trop_agb_crit': 1.5033346993841157, 'trop_k_veg': 2.9806294141302545, 'fire_amp': 4.19233232783727}.
[I 2026-06-10 17:52:34,133] Trial 1226 finished with values: [-0.45782335037588545, 0.2582710009379756] and parameters: {'k1': 0.016973078532467004, 'D_low': 43.2326421037033, 'k2': 0.0001016707987819611, 'D_high': 2427.054417940131, 'fire_exp': 1.5191397119156032, 'P_half': 8.318314747941244, 'pre_dampen_half': 8.259599205585761, 'gpp_af': 0.10098504976210308, 'gpp_b': 1.1008110571039521e-05, 'gpp_d': 545.0253444559129, 'ign_k': 0.004105873950290761, 'ign_c': 22.126836566118193, 'trop_agb_crit': 1.5033346993841157, 'trop_k_veg': 2.724170387400844, 'fire_amp': 5.44779717154213}.
[I 2026-06-10 17:52:35,706] Trial 1227 finished with values: [10.442427769342757, 10.442427769342757] and parameters: {'k1': 0.028401063201780267, 'D_low': 43.2326421037033, 'k2': 1.2432381951316053e-05, 'D_high': 99461.47674311613, 'fire_exp': 1.5191397119156032, 'P_half': 157.80309954142965, 'pre_dampen_half': 8.259599205585761, 'gpp_af': 0.10098504976210308, 'gpp_b': 0.00012118589392553798, 'gpp_d': 0.06473915535554219, 'ign_k': 3.965503094323014, 'ign_c': 7.081721844034206, 'trop_agb_crit': 6.128416443551616, 'trop_k_veg': 6.172643383211297, 'fire_amp': 1.5587346124822492}.
[I 2026-06-10 17:52:37,576] Trial 1228 finished with values: [10.650997198305745, 10.650997198305745] and parameters: {'k1': 0.0326979063339169, 'D_low': 1.1231301345658462, 'k2': 0.045914852167405346, 'D_high': 18108.14362107968, 'fire_exp': 3.6287385930703477, 'P_half': 3.591771421517613, 'pre_dampen_half': 269.0845367054866, 'gpp_af': 0.8057329182285734, 'gpp_b': 0.6089142387470042, 'gpp_d': 12.338826503601998, 'ign_k': 0.4303356629825978, 'ign_c': 7.081721844034206, 'trop_agb_crit': 3.1419938725278875, 'trop_k_veg': 0.5535297685306277, 'fire_amp': 1.1202509284327942}.
[I 2026-06-10 17:52:38,888] Trial 1229 finished with values: [10.617004774031285, 10.617004774031285] and parameters: {'k1': 0.016973078532467004, 'D_low': 2.414672422128219, 'k2': 0.0001016707987819611, 'D_high': 35.136541394511, 'fire_exp': 1.4690410989404576, 'P_half': 157.80309954142965, 'pre_dampen_half': 1.8469033699850426, 'gpp_af': 27.448645214004376, 'gpp_b': 0.00043225896016820903, 'gpp_d': 4.335089924140592, 'ign_k': 3.965503094323014, 'ign_c': 7.081721844034206, 'trop_agb_crit': 8.188098178380693, 'trop_k_veg': 3.8441175599257993, 'fire_amp': 3.628824129757524}.
[I 2026-06-10 17:52:40,310] Trial 1230 finished with values: [10.04879827918896, 10.04879827918896] and parameters: {'k1': 0.028401063201780267, 'D_low': 1.873653322520581, 'k2': 0.0001016707987819611, 'D_high': 839.2504050877119, 'fire_exp': 1.4690410989404576, 'P_half': 3.591771421517613, 'pre_dampen_half': 8.259599205585761, 'gpp_af': 28.267686429697818, 'gpp_b': 1.1008110571039521e-05, 'gpp_d': 12.338826503601998, 'ign_k': 5.276924233362289, 'ign_c': 22.126836566118193, 'trop_agb_crit': 3.1419938725278875, 'trop_k_veg': 0.5535297685306277, 'fire_amp': 5.44779717154213}.
[I 2026-06-10 17:52:42,080] Trial 1231 finished with values: [12.600651806658657, 12.600651806658657] and parameters: {'k1': 0.0326979063339169, 'D_low': 1739.6167422846984, 'k2': 0.00034302976652689015, 'D_high': 44974.07193749848, 'fire_exp': 1.4690410989404576, 'P_half': 3.591771421517613, 'pre_dampen_half': 98.05638874011484, 'gpp_af': 0.3939208112794227, 'gpp_b': 2.800940363375676e-05, 'gpp_d': 12.338826503601998, 'ign_k': 1.6270983114897255, 'ign_c': 7.081721844034206, 'trop_agb_crit': 3.1419938725278875, 'trop_k_veg': 2.6508357486965424, 'fire_amp': 2.6192385880432525}.
[I 2026-06-10 17:52:43,582] Trial 1232 finished with values: [13.23463690205834, 13.23463690205834] and parameters: {'k1': 0.006079905434073396, 'D_low': 12.105387404469584, 'k2': 0.045914852167405346, 'D_high': 18108.14362107968, 'fire_exp': 1.0601964743503993, 'P_half': 3.591771421517613, 'pre_dampen_half': 8.259599205585761, 'gpp_af': 0.10098504976210308, 'gpp_b': 1.1008110571039521e-05, 'gpp_d': 545.0253444559129, 'ign_k': 0.0020779081121680668, 'ign_c': 7.081721844034206, 'trop_agb_crit': 1.0693376406863295, 'trop_k_veg': 6.172643383211297, 'fire_amp': 4.19233232783727}.
[I 2026-06-10 17:52:44,918] Trial 1233 finished with values: [10.05017760201568, 10.05017760201568] and parameters: {'k1': 0.016973078532467004, 'D_low': 24.28756508761176, 'k2': 0.0001016707987819611, 'D_high': 2427.054417940131, 'fire_exp': 1.4690410989404576, 'P_half': 1.4551749476072258, 'pre_dampen_half': 8.259599205585761, 'gpp_af': 0.10098504976210308, 'gpp_b': 1.1008110571039521e-05, 'gpp_d': 545.0253444559129, 'ign_k': 0.004105873950290761, 'ign_c': 22.126836566118193, 'trop_agb_crit': 1.5033346993841157, 'trop_k_veg': 3.7999645544621745, 'fire_amp': 5.44779717154213}.
[I 2026-06-10 17:52:46,286] Trial 1234 finished with values: [10.31204607210186, 10.31204607210186] and parameters: {'k1': 5.618854373041685e-05, 'D_low': 427.93836042014675, 'k2': 0.0001016707987819611, 'D_high': 18108.14362107968, 'fire_exp': 1.4690410989404576, 'P_half': 157.80309954142965, 'pre_dampen_half': 1.8469033699850426, 'gpp_af': 27.448645214004376, 'gpp_b': 2.800940363375676e-05, 'gpp_d': 545.0253444559129, 'ign_k': 0.0467351899956275, 'ign_c': 1.4091459170104739, 'trop_agb_crit': 8.188098178380693, 'trop_k_veg': 0.5535297685306277, 'fire_amp': 5.606809127618709}.
[I 2026-06-10 17:52:47,724] Trial 1235 finished with values: [11.863381757901248, 11.863381757901248] and parameters: {'k1': 0.03096855930632394, 'D_low': 43.2326421037033, 'k2': 0.0001016707987819611, 'D_high': 76838.76502998071, 'fire_exp': 1.9365919987098117, 'P_half': 157.80309954142965, 'pre_dampen_half': 8.259599205585761, 'gpp_af': 27.448645214004376, 'gpp_b': 1.1008110571039521e-05, 'gpp_d': 545.0253444559129, 'ign_k': 3.965503094323014, 'ign_c': 7.081721844034206, 'trop_agb_crit': 1.1945139451702542, 'trop_k_veg': 4.796046723963646, 'fire_amp': 4.653626747360275}.
[I 2026-06-10 17:52:49,203] Trial 1236 finished with values: [12.987815396474922, 12.987815396474922] and parameters: {'k1': 0.0869690639641868, 'D_low': 43.2326421037033, 'k2': 0.02065142557895925, 'D_high': 42210.21267871043, 'fire_exp': 1.9365919987098117, 'P_half': 118.94665366442581, 'pre_dampen_half': 9.044346216330972, 'gpp_af': 0.8057329182285734, 'gpp_b': 2.800940363375676e-05, 'gpp_d': 12.151631524283598, 'ign_k': 3.965503094323014, 'ign_c': 0.10435856341129002, 'trop_agb_crit': 2.1989086830950257, 'trop_k_veg': 4.796046723963646, 'fire_amp': 5.44779717154213}.
[I 2026-06-10 17:52:50,842] Trial 1237 finished with values: [10.583191528917228, 10.583191528917228] and parameters: {'k1': 0.028401063201780267, 'D_low': 1889.0961174687689, 'k2': 0.0014560457463361884, 'D_high': 6933.798145979337, 'fire_exp': 1.4572158037266703, 'P_half': 157.80309954142965, 'pre_dampen_half': 8.259599205585761, 'gpp_af': 0.10098504976210308, 'gpp_b': 0.00012118589392553798, 'gpp_d': 0.37303584565699144, 'ign_k': 3.965503094323014, 'ign_c': 22.126836566118193, 'trop_agb_crit': 1.5033346993841157, 'trop_k_veg': 1.8463442856669503, 'fire_amp': 5.44779717154213}.
[I 2026-06-10 17:52:52,282] Trial 1238 finished with values: [10.864808529770519, 10.864808529770519] and parameters: {'k1': 0.012840669372724958, 'D_low': 1739.6167422846984, 'k2': 0.02939607009739149, 'D_high': 76838.76502998071, 'fire_exp': 6.6318836405183115, 'P_half': 118.94665366442581, 'pre_dampen_half': 1.978454130747598, 'gpp_af': 0.8057329182285734, 'gpp_b': 0.0004125336560355494, 'gpp_d': 12.151631524283598, 'ign_k': 0.4303356629825978, 'ign_c': 0.10435856341129002, 'trop_agb_crit': 8.188098178380693, 'trop_k_veg': 4.796046723963646, 'fire_amp': 1.8985461897009317}.
[I 2026-06-10 17:52:53,667] Trial 1239 finished with values: [10.555762458092175, 10.555762458092175] and parameters: {'k1': 0.0869690639641868, 'D_low': 1739.6167422846984, 'k2': 0.0009480904871088137, 'D_high': 42210.21267871043, 'fire_exp': 1.14171776851287, 'P_half': 118.94665366442581, 'pre_dampen_half': 9.044346216330972, 'gpp_af': 0.10098504976210308, 'gpp_b': 0.0004125336560355494, 'gpp_d': 95.2715755007094, 'ign_k': 1.6270983114897255, 'ign_c': 0.10435856341129002, 'trop_agb_crit': 3.5874145253515306, 'trop_k_veg': 0.828441460847982, 'fire_amp': 1.1202509284327942}.
[I 2026-06-10 17:52:55,024] Trial 1240 finished with values: [10.860409965337777, 10.860409965337777] and parameters: {'k1': 0.016973078532467004, 'D_low': 43.2326421037033, 'k2': 0.045914852167405346, 'D_high': 2427.054417940131, 'fire_exp': 1.4690410989404576, 'P_half': 3.591771421517613, 'pre_dampen_half': 269.0845367054866, 'gpp_af': 0.10098504976210308, 'gpp_b': 1.1008110571039521e-05, 'gpp_d': 7.631016235941559, 'ign_k': 0.4303356629825978, 'ign_c': 35.133466168692735, 'trop_agb_crit': 16.727251047779326, 'trop_k_veg': 2.9806294141302545, 'fire_amp': 1.1202509284327942}.
[I 2026-06-10 17:52:56,609] Trial 1241 finished with values: [10.319177921163673, 10.319177921163673] and parameters: {'k1': 0.016973078532467004, 'D_low': 1.873653322520581, 'k2': 0.0001016707987819611, 'D_high': 35.136541394511, 'fire_exp': 1.4690410989404576, 'P_half': 157.80309954142965, 'pre_dampen_half': 2.7246429232774694, 'gpp_af': 27.448645214004376, 'gpp_b': 1.1008110571039521e-05, 'gpp_d': 545.0253444559129, 'ign_k': 3.965503094323014, 'ign_c': 22.126836566118193, 'trop_agb_crit': 1.5033346993841157, 'trop_k_veg': 6.172643383211297, 'fire_amp': 5.44779717154213}.
[I 2026-06-10 17:52:58,769] Trial 1242 finished with values: [10.558463394515597, 10.558463394515597] and parameters: {'k1': 0.028401063201780267, 'D_low': 43.2326421037033, 'k2': 0.0001016707987819611, 'D_high': 2427.054417940131, 'fire_exp': 1.5191397119156032, 'P_half': 157.80309954142965, 'pre_dampen_half': 8.259599205585761, 'gpp_af': 0.10098504976210308, 'gpp_b': 0.0010262384545413326, 'gpp_d': 0.07392783121182012, 'ign_k': 5.276924233362289, 'ign_c': 22.126836566118193, 'trop_agb_crit': 6.128416443551616, 'trop_k_veg': 2.724170387400844, 'fire_amp': 5.44779717154213}.
[I 2026-06-10 17:53:00,112] Trial 1243 finished with values: [11.816985507860005, 11.816985507860005] and parameters: {'k1': 0.012840669372724958, 'D_low': 43.2326421037033, 'k2': 2.091507303847255e-05, 'D_high': 2427.054417940131, 'fire_exp': 1.14171776851287, 'P_half': 157.80309954142965, 'pre_dampen_half': 8.259599205585761, 'gpp_af': 0.8057329182285734, 'gpp_b': 0.0004125336560355494, 'gpp_d': 12.151631524283598, 'ign_k': 3.965503094323014, 'ign_c': 0.10435856341129002, 'trop_agb_crit': 8.188098178380693, 'trop_k_veg': 4.796046723963646, 'fire_amp': 5.44779717154213}.
[I 2026-06-10 17:53:01,545] Trial 1244 finished with values: [-0.4459545057691166, 0.22528307597019992] and parameters: {'k1': 0.012840669372724958, 'D_low': 43.2326421037033, 'k2': 2.091507303847255e-05, 'D_high': 42210.21267871043, 'fire_exp': 1.14171776851287, 'P_half': 118.94665366442581, 'pre_dampen_half': 9.044346216330972, 'gpp_af': 0.8057329182285734, 'gpp_b': 0.0004125336560355494, 'gpp_d': 12.151631524283598, 'ign_k': 0.4303356629825978, 'ign_c': 0.10435856341129002, 'trop_agb_crit': 3.1419938725278875, 'trop_k_veg': 4.796046723963646, 'fire_amp': 1.1202509284327942}.
[I 2026-06-10 17:53:02,934] Trial 1245 finished with values: [10.123308905327423, 10.123308905327423] and parameters: {'k1': 0.08006837661379566, 'D_low': 1739.6167422846984, 'k2': 0.02939607009739149, 'D_high': 44974.07193749848, 'fire_exp': 3.2459542834651627, 'P_half': 101.40635645866499, 'pre_dampen_half': 98.05638874011484, 'gpp_af': 3.6313666575298127, 'gpp_b': 2.1309331861011757e-05, 'gpp_d': 95.2715755007094, 'ign_k': 1.6270983114897255, 'ign_c': 2.226297338331262, 'trop_agb_crit': 3.5874145253515306, 'trop_k_veg': 0.828441460847982, 'fire_amp': 2.6192385880432525}.
[I 2026-06-10 17:53:04,481] Trial 1246 finished with values: [-0.6672053395447374, 0.26260635624465756] and parameters: {'k1': 0.016973078532467004, 'D_low': 43.2326421037033, 'k2': 0.045914852167405346, 'D_high': 20133.201996321863, 'fire_exp': 1.5191397119156032, 'P_half': 8.318314747941244, 'pre_dampen_half': 8.259599205585761, 'gpp_af': 0.8057329182285734, 'gpp_b': 1.1008110571039521e-05, 'gpp_d': 545.0253444559129, 'ign_k': 0.4303356629825978, 'ign_c': 22.126836566118193, 'trop_agb_crit': 3.1419938725278875, 'trop_k_veg': 2.724170387400844, 'fire_amp': 1.5587346124822492}.
[I 2026-06-10 17:53:06,010] Trial 1247 finished with values: [10.436996629743998, 10.436996629743998] and parameters: {'k1': 0.016973078532467004, 'D_low': 1.873653322520581, 'k2': 0.0001016707987819611, 'D_high': 35.136541394511, 'fire_exp': 1.4690410989404576, 'P_half': 1.4551749476072258, 'pre_dampen_half': 8.259599205585761, 'gpp_af': 0.0031855717594504725, 'gpp_b': 0.00043225896016820903, 'gpp_d': 545.0253444559129, 'ign_k': 3.965503094323014, 'ign_c': 22.126836566118193, 'trop_agb_crit': 1.5033346993841157, 'trop_k_veg': 2.724170387400844, 'fire_amp': 5.44779717154213}.
[I 2026-06-10 17:53:07,335] Trial 1248 finished with values: [10.769471064279164, 10.769471064279164] and parameters: {'k1': 0.0326979063339169, 'D_low': 43.2326421037033, 'k2': 0.0001016707987819611, 'D_high': 76838.76502998071, 'fire_exp': 1.9365919987098117, 'P_half': 157.80309954142965, 'pre_dampen_half': 8.259599205585761, 'gpp_af': 0.8057329182285734, 'gpp_b': 0.6089142387470042, 'gpp_d': 12.338826503601998, 'ign_k': 0.4303356629825978, 'ign_c': 7.081721844034206, 'trop_agb_crit': 3.1419938725278875, 'trop_k_veg': 0.5535297685306277, 'fire_amp': 1.5587346124822492}.
[I 2026-06-10 17:53:08,624] Trial 1249 finished with values: [10.639232563020856, 10.639232563020856] and parameters: {'k1': 0.08006837661379566, 'D_low': 1440.3650379563878, 'k2': 0.00025923015361558547, 'D_high': 42210.21267871043, 'fire_exp': 1.0601964743503993, 'P_half': 101.40635645866499, 'pre_dampen_half': 1.6130673726933187, 'gpp_af': 0.09885838682552685, 'gpp_b': 0.0002637687576667052, 'gpp_d': 95.2715755007094, 'ign_k': 0.0029519227433917453, 'ign_c': 13.054148118849394, 'trop_agb_crit': 3.5874145253515306, 'trop_k_veg': 0.828441460847982, 'fire_amp': 2.6192385880432525}.
[I 2026-06-10 17:53:09,899] Trial 1250 finished with values: [14.077669558813831, 14.077669558813831] and parameters: {'k1': 0.012840669372724958, 'D_low': 1.873653322520581, 'k2': 0.0001016707987819611, 'D_high': 42210.21267871043, 'fire_exp': 1.5191397119156032, 'P_half': 118.94665366442581, 'pre_dampen_half': 9.044346216330972, 'gpp_af': 0.10098504976210308, 'gpp_b': 1.1008110571039521e-05, 'gpp_d': 545.0253444559129, 'ign_k': 0.4303356629825978, 'ign_c': 0.10435856341129002, 'trop_agb_crit': 3.1419938725278875, 'trop_k_veg': 2.724170387400844, 'fire_amp': 5.44779717154213}.
[I 2026-06-10 17:53:11,492] Trial 1251 finished with values: [10.362951752365424, 10.362951752365424] and parameters: {'k1': 0.00031134168041628584, 'D_low': 1440.3650379563878, 'k2': 0.00025923015361558547, 'D_high': 42210.21267871043, 'fire_exp': 1.4690410989404576, 'P_half': 157.80309954142965, 'pre_dampen_half': 0.1582597822261689, 'gpp_af': 27.448645214004376, 'gpp_b': 1.1008110571039521e-05, 'gpp_d': 236.32429088389833, 'ign_k': 3.965503094323014, 'ign_c': 18.25244373197921, 'trop_agb_crit': 1.0693376406863295, 'trop_k_veg': 0.6673124511410327, 'fire_amp': 5.44779717154213}.
[I 2026-06-10 17:53:13,245] Trial 1252 finished with values: [10.856501698988263, 10.856501698988263] and parameters: {'k1': 0.08006837661379566, 'D_low': 1739.6167422846984, 'k2': 0.0001016707987819611, 'D_high': 35.136541394511, 'fire_exp': 1.4690410989404576, 'P_half': 1.4551749476072258, 'pre_dampen_half': 0.05126960232221254, 'gpp_af': 0.10098504976210308, 'gpp_b': 2.1309331861011757e-05, 'gpp_d': 545.0253444559129, 'ign_k': 1.6270983114897255, 'ign_c': 2.226297338331262, 'trop_agb_crit': 1.5033346993841157, 'trop_k_veg': 2.724170387400844, 'fire_amp': 1.5719333351012774}.
[I 2026-06-10 17:53:14,691] Trial 1253 finished with values: [10.371015398530721, 10.371015398530721] and parameters: {'k1': 0.0869690639641868, 'D_low': 1.873653322520581, 'k2': 0.02065142557895925, 'D_high': 42210.21267871043, 'fire_exp': 1.9365919987098117, 'P_half': 118.94665366442581, 'pre_dampen_half': 0.5491703202887761, 'gpp_af': 0.8057329182285734, 'gpp_b': 1.1008110571039521e-05, 'gpp_d': 12.151631524283598, 'ign_k': 3.965503094323014, 'ign_c': 0.10435856341129002, 'trop_agb_crit': 1.5033346993841157, 'trop_k_veg': 2.724170387400844, 'fire_amp': 5.44779717154213}.
[I 2026-06-10 17:53:16,047] Trial 1254 finished with values: [-0.7084983797108835, 0.13646512403646305] and parameters: {'k1': 0.006079905434073396, 'D_low': 43.2326421037033, 'k2': 0.0001016707987819611, 'D_high': 2427.054417940131, 'fire_exp': 1.5191397119156032, 'P_half': 63.30002996758082, 'pre_dampen_half': 8.259599205585761, 'gpp_af': 0.10098504976210308, 'gpp_b': 1.1008110571039521e-05, 'gpp_d': 12.338826503601998, 'ign_k': 0.9892483802693092, 'ign_c': 22.126836566118193, 'trop_agb_crit': 1.5033346993841157, 'trop_k_veg': 2.724170387400844, 'fire_amp': 5.44779717154213}.
[I 2026-06-10 17:53:17,418] Trial 1255 finished with values: [10.466720935769114, 10.466720935769114] and parameters: {'k1': 0.006079905434073396, 'D_low': 43.2326421037033, 'k2': 0.0001016707987819611, 'D_high': 76838.76502998071, 'fire_exp': 1.5191397119156032, 'P_half': 402.33733927404546, 'pre_dampen_half': 8.259599205585761, 'gpp_af': 0.8057329182285734, 'gpp_b': 1.1008110571039521e-05, 'gpp_d': 545.0253444559129, 'ign_k': 0.4303356629825978, 'ign_c': 22.126836566118193, 'trop_agb_crit': 1.5033346993841157, 'trop_k_veg': 4.796046723963646, 'fire_amp': 1.5587346124822492}.
[I 2026-06-10 17:53:19,565] Trial 1256 finished with values: [11.456452789379558, 11.456452789379558] and parameters: {'k1': 0.0869690639641868, 'D_low': 43.2326421037033, 'k2': 0.0001016707987819611, 'D_high': 2427.054417940131, 'fire_exp': 1.4572158037266703, 'P_half': 157.80309954142965, 'pre_dampen_half': 98.05638874011484, 'gpp_af': 0.10098504976210308, 'gpp_b': 2.1309331861011757e-05, 'gpp_d': 12.338826503601998, 'ign_k': 3.965503094323014, 'ign_c': 0.10435856341129002, 'trop_agb_crit': 8.188098178380693, 'trop_k_veg': 0.6618107836658104, 'fire_amp': 2.6192385880432525}.
[I 2026-06-10 17:53:21,076] Trial 1257 finished with values: [11.459353038279076, 11.459353038279076] and parameters: {'k1': 6.199983461825241e-05, 'D_low': 43.2326421037033, 'k2': 0.0001016707987819611, 'D_high': 35.136541394511, 'fire_exp': 1.4690410989404576, 'P_half': 1.4551749476072258, 'pre_dampen_half': 903.3231300044874, 'gpp_af': 0.10098504976210308, 'gpp_b': 2.1309331861011757e-05, 'gpp_d': 12.338826503601998, 'ign_k': 3.965503094323014, 'ign_c': 18.25244373197921, 'trop_agb_crit': 2.1989086830950257, 'trop_k_veg': 6.172643383211297, 'fire_amp': 5.44779717154213}.
