[I 2026-08-19 17:25:38,597] Trial 985 finished with value: 0.5689978259227506 and parameters: {'k1': 0.0005194460625235949, 'D_low': 1.1392413106873671, 'k2': 0.07237067166582611, 'D_high': 759736.0084856532, 'fire_exp': 2.2553280376363394, 'P_half': 115.2171241013971, 'pre_dampen_half': 5.499226858516808, 'gpp_af': 0.4738569056801677, 'gpp_b': 2.2589776562266697e-05, 'gpp_d': 241.62110205019547, 'ign_k': 0.027994164780061403, 'ign_c': 44.586066520509696, 'trop_agb_crit': 29.136428627424074, 'trop_k_veg': 2.8897423115196803, 'pop_amp': 0.16384944227556844, 'pop_peak': 16.755626234162225, 'pop_sig': 0.8794136740576529, 'fuel_k': 1.7372691013964852, 'fuel_half': 16.075996761560983}. Best is trial 0 with value: -0.6094076133578652.
[I 2026-08-19 17:25:40,325] Trial 986 finished with value: 0.61077091482446 and parameters: {'k1': 0.08060079486123718, 'D_low': 11141.527866716191, 'k2': 0.0048524964574471205, 'D_high': 3567693.7484402508, 'fire_exp': 9.203671462546835, 'P_half': 3.6922257827066987, 'pre_dampen_half': 50.64279862440765, 'gpp_af': 0.0763906764015043, 'gpp_b': 6.294395006915881e-05, 'gpp_d': 0.26999416269920246, 'ign_k': 0.11413364510894307, 'ign_c': 19.87320725164683, 'trop_agb_crit': 3.7238131287351526, 'trop_k_veg': 1.1796563709863668, 'pop_amp': 0.28516876886758996, 'pop_peak': 894.468227483294, 'pop_sig': 1.1220487709729736, 'fuel_k': 0.060002359548654606, 'fuel_half': 0.4709003048071899}. Best is trial 0 with value: -0.6094076133578652.
[I 2026-08-19 17:25:42,019] Trial 987 finished with value: 0.46317935650273845 and parameters: {'k1': 0.0002124681532450614, 'D_low': 6569.382516293236, 'k2': 0.0008489695945885138, 'D_high': 463883.5329028242, 'fire_exp': 2.8816813424389327, 'P_half': 5.5134372132841065, 'pre_dampen_half': 0.7741629222647964, 'gpp_af': 0.068993615193399, 'gpp_b': 1.1600478682039447e-05, 'gpp_d': 26.541618339955853, 'ign_k': 1.9191667830260253, 'ign_c': 3.6712327270557408, 'trop_agb_crit': 7.158232395566376, 'trop_k_veg': 4.931675185476908, 'pop_amp': 0.001182654270315745, 'pop_peak': 6.0955114625328815, 'pop_sig': 0.9327167589531437, 'fuel_k': 0.3224779795474734, 'fuel_half': 1.8583456607538318}. Best is trial 0 with value: -0.6094076133578652.
  trial  988/2500  best_overall=0.6094  (27.3 min)
[I 2026-08-19 17:25:43,921] Trial 988 finished with value: 0.5738747929996274 and parameters: {'k1': 1.9857742552484595e-05, 'D_low': 235.03465578302, 'k2': 0.022480494192041078, 'D_high': 5552939.3280999465, 'fire_exp': 1.5010248567323654, 'P_half': 1923.5944337321253, 'pre_dampen_half': 1.1491741427051638, 'gpp_af': 0.04547401258130544, 'gpp_b': 0.012805772255854065, 'gpp_d': 47.60526728709286, 'ign_k': 0.5041987713970396, 'ign_c': 0.5373279387557595, 'trop_agb_crit': 10.796388706035085, 'trop_k_veg': 0.921737521254685, 'pop_amp': 0.12239756858506967, 'pop_peak': 0.05755816856832663, 'pop_sig': 0.7979314636813472, 'fuel_k': 1.6733300051057636, 'fuel_half': 22.968866573097113}. Best is trial 0 with value: -0.6094076133578652.
[I 2026-08-19 17:25:45,595] Trial 989 finished with value: 0.45081426945935665 and parameters: {'k1': 3.9525867994555224e-05, 'D_low': 121340.29085390853, 'k2': 3.4650518256266016e-05, 'D_high': 9936646.6162198, 'fire_exp': 1.3849924276068257, 'P_half': 147.2788324100863, 'pre_dampen_half': 16.070625598314408, 'gpp_af': 0.06841102041092967, 'gpp_b': 0.002470354471225825, 'gpp_d': 37.0284954932057, 'ign_k': 0.0015943206583417854, 'ign_c': 1.0080042037360806, 'trop_agb_crit': 8.260723850106938, 'trop_k_veg': 4.479797984422176, 'pop_amp': 17.906890927883218, 'pop_peak': 126.20837719594942, 'pop_sig': 1.3894584795550702, 'fuel_k': 2.3649259957353537, 'fuel_half': 0.3159390198749882}. Best is trial 0 with value: -0.6094076133578652.
[I 2026-08-19 17:25:47,242] Trial 990 finished with value: 0.5751756003510045 and parameters: {'k1': 6.044518547772509e-05, 'D_low': 2675.0992447531276, 'k2': 0.00014100668667155547, 'D_high': 17575.845132140792, 'fire_exp': 1.1257189426755634, 'P_half': 856.7240252230018, 'pre_dampen_half': 15.428347661266626, 'gpp_af': 0.0013910770470002092, 'gpp_b': 0.001214579554021491, 'gpp_d': 1.6051253389397517, 'ign_k': 2.39597139157009, 'ign_c': 17.90328341028934, 'trop_agb_crit': 5.7080985416048415, 'trop_k_veg': 3.012649302599825, 'pop_amp': 0.009311431856758985, 'pop_peak': 21.34349020032438, 'pop_sig': 2.0870281196863187, 'fuel_k': 0.20312886691955187, 'fuel_half': 2.1071902593912455}. Best is trial 0 with value: -0.6094076133578652.
[I 2026-08-19 17:25:48,891] Trial 991 finished with value: 0.5736223845183219 and parameters: {'k1': 7.71578414212258e-05, 'D_low': 129628.46460266245, 'k2': 0.0001030693273646706, 'D_high': 419920.5198223208, 'fire_exp': 1.6154036129344902, 'P_half': 76.00605846166599, 'pre_dampen_half': 1.7628571093066512, 'gpp_af': 0.010161382724055708, 'gpp_b': 3.696769651876515e-05, 'gpp_d': 53.61136914938893, 'ign_k': 2.9582722241016617, 'ign_c': 2.5292308172329796, 'trop_agb_crit': 13.409919520198917, 'trop_k_veg': 3.168747280043117, 'pop_amp': 0.005935256338325545, 'pop_peak': 10.367893720504831, 'pop_sig': 2.219555109784182, 'fuel_k': 1.294209899626768, 'fuel_half': 1.5434423919494615}. Best is trial 0 with value: -0.6094076133578652.
[I 2026-08-19 17:25:50,549] Trial 992 finished with value: 0.4070392081125841 and parameters: {'k1': 0.000579807527861111, 'D_low': 703.4511774797712, 'k2': 4.3528530903037015e-05, 'D_high': 520459.3512344855, 'fire_exp': 1.0201277814792962, 'P_half': 52.26733566605854, 'pre_dampen_half': 2.5128938408447308, 'gpp_af': 0.0383022356095763, 'gpp_b': 0.00011919683062360857, 'gpp_d': 1.6322600492683046, 'ign_k': 3.4027166663964503, 'ign_c': 3.3062161888342416, 'trop_agb_crit': 21.456758406054902, 'trop_k_veg': 2.802456889366324, 'pop_amp': 0.00632729042054733, 'pop_peak': 12.044059640719464, 'pop_sig': 2.017430785231118, 'fuel_k': 0.11378625418012783, 'fuel_half': 0.20776598821397835}. Best is trial 0 with value: -0.6094076133578652.
[I 2026-08-19 17:25:52,206] Trial 993 finished with value: 0.5325582837116786 and parameters: {'k1': 0.015244653568134196, 'D_low': 5086.422663033865, 'k2': 0.006910529802484486, 'D_high': 1156234.129510285, 'fire_exp': 9.193424884970716, 'P_half': 78.89829195893208, 'pre_dampen_half': 101.64955288644785, 'gpp_af': 0.03547959400239421, 'gpp_b': 0.0020322347657166988, 'gpp_d': 57.8077270310856, 'ign_k': 1.2537539861066833, 'ign_c': 2.3676116588552896, 'trop_agb_crit': 1.3993007027219297, 'trop_k_veg': 1.8397832049809308, 'pop_amp': 0.2946146000143599, 'pop_peak': 444.5614846513724, 'pop_sig': 0.6571394094530483, 'fuel_k': 0.20799405387798275, 'fuel_half': 0.6332450881535431}. Best is trial 0 with value: -0.6094076133578652.
[I 2026-08-19 17:25:53,840] Trial 994 finished with value: 0.5950048545032721 and parameters: {'k1': 0.00034996571956986196, 'D_low': 418.4254449792606, 'k2': 0.0016657097493898922, 'D_high': 4715656.802628523, 'fire_exp': 2.8340354450763634, 'P_half': 29.595659373650715, 'pre_dampen_half': 171.0072669191857, 'gpp_af': 0.39413632472395854, 'gpp_b': 0.003758869522408496, 'gpp_d': 131.49822566519046, 'ign_k': 0.018981949984635236, 'ign_c': 114.68409489830299, 'trop_agb_crit': 8.189362222545517, 'trop_k_veg': 2.4502925312598633, 'pop_amp': 0.006661705520993576, 'pop_peak': 0.4031255835607411, 'pop_sig': 0.6170481758407443, 'fuel_k': 0.23510133452277995, 'fuel_half': 0.30476206629505004}. Best is trial 0 with value: -0.6094076133578652.
[I 2026-08-19 17:25:55,494] Trial 995 finished with value: 0.5839393721662659 and parameters: {'k1': 7.700789537157039e-05, 'D_low': 62.44763774552192, 'k2': 0.00021210575890112462, 'D_high': 6777616.670465244, 'fire_exp': 1.3026404042340574, 'P_half': 5043.219982497796, 'pre_dampen_half': 0.03532022942098971, 'gpp_af': 0.0017589825950969007, 'gpp_b': 0.08393752100955328, 'gpp_d': 732.8855377778993, 'ign_k': 0.284385696900836, 'ign_c': 1.6598353425219459, 'trop_agb_crit': 11.984880706310168, 'trop_k_veg': 5.922326720323069, 'pop_amp': 11.762723309391108, 'pop_peak': 358.2673330777357, 'pop_sig': 0.3879634395890181, 'fuel_k': 4.732577395026651, 'fuel_half': 0.2786500034888445}. Best is trial 0 with value: -0.6094076133578652.
[I 2026-08-19 17:25:57,090] Trial 996 finished with value: 0.603522984809124 and parameters: {'k1': 0.0001658395190189522, 'D_low': 51.72501759335077, 'k2': 0.017360232947466078, 'D_high': 1566073.8231896716, 'fire_exp': 4.02783354665092, 'P_half': 8.686502793328186, 'pre_dampen_half': 27.442506671146575, 'gpp_af': 5.144507915502476, 'gpp_b': 1.5355172137392144e-05, 'gpp_d': 34.08832967173303, 'ign_k': 0.11089792292002094, 'ign_c': 42.302842711883656, 'trop_agb_crit': 9.702059952743387, 'trop_k_veg': 7.71658423865542, 'pop_amp': 0.2895518488124517, 'pop_peak': 2.08464856903227, 'pop_sig': 1.4462329981827104, 'fuel_k': 0.04928764265614495, 'fuel_half': 30.913345497313262}. Best is trial 0 with value: -0.6094076133578652.
[I 2026-08-19 17:25:58,755] Trial 997 finished with value: 0.525358476633859 and parameters: {'k1': 0.00043016114053042733, 'D_low': 16.200833901900165, 'k2': 0.042730928710667554, 'D_high': 36732.51203353191, 'fire_exp': 2.118728166426443, 'P_half': 140.89121193067538, 'pre_dampen_half': 1.1679239985053091, 'gpp_af': 0.00855499945256229, 'gpp_b': 1.4845538964604935e-05, 'gpp_d': 20.525454247451083, 'ign_k': 2.3336830986143764, 'ign_c': 6.603178010868319, 'trop_agb_crit': 4.33046947818608, 'trop_k_veg': 2.277282694553835, 'pop_amp': 0.004871957100147952, 'pop_peak': 8.987809952099045, 'pop_sig': 0.915880989653329, 'fuel_k': 0.06382107388198306, 'fuel_half': 0.32109409496747365}. Best is trial 0 with value: -0.6094076133578652.
[I 2026-08-19 17:26:00,408] Trial 998 finished with value: 0.45363589854348063 and parameters: {'k1': 0.03903286995891105, 'D_low': 327.8850477028782, 'k2': 0.06779027432381977, 'D_high': 2150792.289687982, 'fire_exp': 9.74138667476132, 'P_half': 3.777256101017073, 'pre_dampen_half': 105.2869331972291, 'gpp_af': 0.019387950332808126, 'gpp_b': 0.0003062577927654509, 'gpp_d': 1.674816359956915, 'ign_k': 4.898136577980786, 'ign_c': 0.24003501463299634, 'trop_agb_crit': 4.6981520943180195, 'trop_k_veg': 2.6505541660075456, 'pop_amp': 0.24526738928884123, 'pop_peak': 113.74315579268368, 'pop_sig': 0.5058939601348555, 'fuel_k': 0.12250938590955458, 'fuel_half': 2.0547683228839992}. Best is trial 0 with value: -0.6094076133578652.
[I 2026-08-19 17:26:02,093] Trial 999 finished with value: 0.4191730234385995 and parameters: {'k1': 2.4949266579911165e-05, 'D_low': 29736.299479154764, 'k2': 9.612597557483506e-05, 'D_high': 1680634.5773952059, 'fire_exp': 1.44872560232137, 'P_half': 294.08427632320564, 'pre_dampen_half': 8.944539134353063, 'gpp_af': 0.05237409496599622, 'gpp_b': 0.006784550920859617, 'gpp_d': 153.98364674912114, 'ign_k': 0.13530082191409618, 'ign_c': 7.9930681836731825, 'trop_agb_crit': 17.205642091171736, 'trop_k_veg': 7.876591905274761, 'pop_amp': 1.5083434742772663, 'pop_peak': 255.69010901617725, 'pop_sig': 0.683546030026238, 'fuel_k': 2.0060609514540624, 'fuel_half': 0.4687834074675316}. Best is trial 0 with value: -0.6094076133578652.
[I 2026-08-19 17:26:03,740] Trial 1000 finished with value: 0.5652859030870115 and parameters: {'k1': 1.0826971351657855e-05, 'D_low': 587.6574798059411, 'k2': 0.006655247012530697, 'D_high': 1752248.3722645228, 'fire_exp': 2.2785236030593534, 'P_half': 474.471950030494, 'pre_dampen_half': 1.5056750994957804, 'gpp_af': 13.400498132255073, 'gpp_b': 0.004164580324410525, 'gpp_d': 236.06722414650042, 'ign_k': 0.057790693308094325, 'ign_c': 13.292827112652091, 'trop_agb_crit': 25.387314149998357, 'trop_k_veg': 7.494200309297406, 'pop_amp': 0.0019114030727665717, 'pop_peak': 0.11444196910895563, 'pop_sig': 0.5455291236161439, 'fuel_k': 0.6030644413118613, 'fuel_half': 0.5435970298300349}. Best is trial 0 with value: -0.6094076133578652.
  trial 1001/2500  best_overall=0.6094  (27.7 min)
[I 2026-08-19 17:26:05,624] Trial 1001 finished with value: 0.5529911453861713 and parameters: {'k1': 0.007820232101012481, 'D_low': 202.74957886867213, 'k2': 0.0021269600148120247, 'D_high': 2884535.6033068495, 'fire_exp': 8.929077820363442, 'P_half': 1.6546144227147408, 'pre_dampen_half': 1.04562545021461, 'gpp_af': 2.290792850752841, 'gpp_b': 3.659917246266621e-05, 'gpp_d': 0.3042142705853798, 'ign_k': 0.1801548510671016, 'ign_c': 0.11964525770852671, 'trop_agb_crit': 2.147067957417342, 'trop_k_veg': 4.1016743918320335, 'pop_amp': 0.10590721325266743, 'pop_peak': 606.6856443737103, 'pop_sig': 1.128781244167063, 'fuel_k': 0.03264507750104703, 'fuel_half': 1.6045811145759652}. Best is trial 0 with value: -0.6094076133578652.
[I 2026-08-19 17:26:07,251] Trial 1002 finished with value: 0.5964728058017751 and parameters: {'k1': 0.00011607330583189588, 'D_low': 147667.46272907333, 'k2': 4.892800425270605e-05, 'D_high': 1247422.3254399751, 'fire_exp': 1.9113896500634122, 'P_half': 300.9782436036607, 'pre_dampen_half': 0.04543306762112873, 'gpp_af': 0.004144637417975234, 'gpp_b': 0.004637560298470619, 'gpp_d': 462.2722289802062, 'ign_k': 0.18230221602112667, 'ign_c': 7.261632040675726, 'trop_agb_crit': 19.479063848505206, 'trop_k_veg': 6.503942744932931, 'pop_amp': 1.0699441256614433, 'pop_peak': 498.74751820026523, 'pop_sig': 0.7497259298405944, 'fuel_k': 1.0842108377173727, 'fuel_half': 0.3454633150461438}. Best is trial 0 with value: -0.6094076133578652.
[I 2026-08-19 17:26:08,954] Trial 1003 finished with value: -0.503525107793948 and parameters: {'k1': 1.3785078940857021e-05, 'D_low': 267.74262251269363, 'k2': 6.432875769875213e-05, 'D_high': 7030901.559929204, 'fire_exp': 1.7387789344181492, 'P_half': 1.0576726193518422, 'pre_dampen_half': 51.41622853787173, 'gpp_af': 0.040838567933856956, 'gpp_b': 0.026562908985894588, 'gpp_d': 31.85877870872941, 'ign_k': 0.17267456454896574, 'ign_c': 2.8099161913427615, 'trop_agb_crit': 9.003229078380011, 'trop_k_veg': 1.3798283616755538, 'pop_amp': 0.0033856613386189405, 'pop_peak': 1.753096047809773, 'pop_sig': 0.5899733680974997, 'fuel_k': 0.5310218591826276, 'fuel_half': 0.13201712515505037}. Best is trial 0 with value: -0.6094076133578652.
[I 2026-08-19 17:26:10,589] Trial 1004 finished with value: 0.5288372435494033 and parameters: {'k1': 0.0005185000509412619, 'D_low': 389.4152584033223, 'k2': 0.05289579997440684, 'D_high': 1424414.0866244442, 'fire_exp': 2.6174547572616222, 'P_half': 38.23001298761977, 'pre_dampen_half': 6.0924193582903285, 'gpp_af': 0.04642676898785786, 'gpp_b': 1.9107786399538504e-05, 'gpp_d': 953.6130641853285, 'ign_k': 0.0010111426418952052, 'ign_c': 1.0327893092261522, 'trop_agb_crit': 21.895426730310472, 'trop_k_veg': 4.495623755510646, 'pop_amp': 0.0011212064675720998, 'pop_peak': 0.19476172873771883, 'pop_sig': 2.1583621650901983, 'fuel_k': 2.752628979565621, 'fuel_half': 0.9568180053989912}. Best is trial 0 with value: -0.6094076133578652.
[I 2026-08-19 17:26:12,203] Trial 1005 finished with value: 0.5740893040074284 and parameters: {'k1': 0.012355229085433444, 'D_low': 5.085481196818782, 'k2': 0.012371551905737728, 'D_high': 3398104.91930921, 'fire_exp': 9.553987272536878, 'P_half': 37.46191757041465, 'pre_dampen_half': 5.512034749184601, 'gpp_af': 0.055913985787000305, 'gpp_b': 4.231568909514438e-05, 'gpp_d': 0.8459363068987579, 'ign_k': 0.1559900972968928, 'ign_c': 16.686876494929884, 'trop_agb_crit': 4.923078169143284, 'trop_k_veg': 4.358481665167097, 'pop_amp': 0.004830580527810109, 'pop_peak': 728.3106682403217, 'pop_sig': 1.0772220165266446, 'fuel_k': 0.4016277886001014, 'fuel_half': 0.2114696585007581}. Best is trial 0 with value: -0.6094076133578652.
[I 2026-08-19 17:26:13,834] Trial 1006 finished with value: -0.5665770130158455 and parameters: {'k1': 3.15869173857049e-05, 'D_low': 126506.81717196648, 'k2': 0.00010667987321885317, 'D_high': 5340333.622865566, 'fire_exp': 1.0250701315483366, 'P_half': 23.566215207080976, 'pre_dampen_half': 13.617770160006737, 'gpp_af': 0.9776807613486139, 'gpp_b': 0.009387014111001627, 'gpp_d': 53.48045134558972, 'ign_k': 0.025362528354597246, 'ign_c': 2.616791475893511, 'trop_agb_crit': 17.047261295869678, 'trop_k_veg': 4.588868597028027, 'pop_amp': 4.19365294293998, 'pop_peak': 14.309887488726627, 'pop_sig': 0.7469912676152646, 'fuel_k': 0.49564526368202566, 'fuel_half': 0.17680219612784343}. Best is trial 0 with value: -0.6094076133578652.
[I 2026-08-19 17:26:15,511] Trial 1007 finished with value: 0.6445374145881376 and parameters: {'k1': 0.007063559718593857, 'D_low': 10252.844999379902, 'k2': 0.003524959992940196, 'D_high': 9944581.0219116, 'fire_exp': 6.043113007174398, 'P_half': 1.3803685338241183, 'pre_dampen_half': 12.370120617084773, 'gpp_af': 0.002974332488916009, 'gpp_b': 1.2578810740474191e-05, 'gpp_d': 0.38818058276275974, 'ign_k': 1.568412422148855, 'ign_c': 66.48448955107008, 'trop_agb_crit': 3.100172868408034, 'trop_k_veg': 3.1141900722624904, 'pop_amp': 0.22707731987136215, 'pop_peak': 43.25691687187444, 'pop_sig': 1.366947034203818, 'fuel_k': 0.03314287544571669, 'fuel_half': 0.14549443486169575}. Best is trial 0 with value: -0.6094076133578652.
[I 2026-08-19 17:26:17,140] Trial 1008 finished with value: 0.4969070794811852 and parameters: {'k1': 0.0001200858681882556, 'D_low': 63.39049209508837, 'k2': 0.007736079111251024, 'D_high': 326005.2026076722, 'fire_exp': 3.3083293474164646, 'P_half': 5.084716939865709, 'pre_dampen_half': 70.90350273026694, 'gpp_af': 0.07316746040330521, 'gpp_b': 0.021438519037266197, 'gpp_d': 71.0602801045703, 'ign_k': 0.3228983140232175, 'ign_c': 3.1344522549909404, 'trop_agb_crit': 18.308290115480155, 'trop_k_veg': 2.7841182157084363, 'pop_amp': 0.0016576313644139796, 'pop_peak': 1.5633514506626087, 'pop_sig': 0.7479576495801945, 'fuel_k': 3.8335456094710967, 'fuel_half': 0.23834073724986238}. Best is trial 0 with value: -0.6094076133578652.
[I 2026-08-19 17:26:18,805] Trial 1009 finished with value: 0.6445374145881376 and parameters: {'k1': 0.044049454112231094, 'D_low': 5.014021736828493, 'k2': 0.08373764554082228, 'D_high': 1537472.2054317943, 'fire_exp': 3.0733215086359915, 'P_half': 17.089100815148033, 'pre_dampen_half': 450.5923225738156, 'gpp_af': 0.018047106084397482, 'gpp_b': 3.5592210937026995e-05, 'gpp_d': 4.199425827873743, 'ign_k': 2.0067679038755903, 'ign_c': 63.53665092076144, 'trop_agb_crit': 16.81934372175279, 'trop_k_veg': 1.3881031407870994, 'pop_amp': 0.04123291777994339, 'pop_peak': 409.06413317685156, 'pop_sig': 2.074261747838513, 'fuel_k': 1.1547017249323879, 'fuel_half': 0.4240431859117586}. Best is trial 0 with value: -0.6094076133578652.
[I 2026-08-19 17:26:20,450] Trial 1010 finished with value: 0.6527926087160238 and parameters: {'k1': 0.0002099000225004321, 'D_low': 159.34126533758217, 'k2': 0.014064843161948977, 'D_high': 2195344.6072044335, 'fire_exp': 3.5680757599298873, 'P_half': 13.271483982485154, 'pre_dampen_half': 2.5192842165564158, 'gpp_af': 2.064653724307272, 'gpp_b': 0.00030956594976161704, 'gpp_d': 223.84189075683614, 'ign_k': 1.2157083219773919, 'ign_c': 41.20149185185641, 'trop_agb_crit': 10.172952307056601, 'trop_k_veg': 6.635162574360571, 'pop_amp': 0.3270525489990306, 'pop_peak': 0.7175348539374994, 'pop_sig': 0.8177443580056282, 'fuel_k': 0.15183513189097178, 'fuel_half': 5.817452150094909}. Best is trial 0 with value: -0.6094076133578652.
[I 2026-08-19 17:26:22,142] Trial 1011 finished with value: 0.42692571914669464 and parameters: {'k1': 0.00019434457293950885, 'D_low': 1.2982839454052402, 'k2': 0.00043340377043703157, 'D_high': 4319347.101962107, 'fire_exp': 1.1255629020445963, 'P_half': 5.612610660425648, 'pre_dampen_half': 0.17233792501153983, 'gpp_af': 16.908702046549685, 'gpp_b': 4.5895987392115844e-05, 'gpp_d': 497.3423631595312, 'ign_k': 0.3459823054633676, 'ign_c': 5.134687741056878, 'trop_agb_crit': 12.273135748758845, 'trop_k_veg': 2.1982479519361546, 'pop_amp': 0.38106340065013844, 'pop_peak': 0.892637058165952, 'pop_sig': 1.2563630629420262, 'fuel_k': 2.0375453515790447, 'fuel_half': 52.71298760078095}. Best is trial 0 with value: -0.6094076133578652.
[I 2026-08-19 17:26:23,784] Trial 1012 finished with value: 0.5726266357138822 and parameters: {'k1': 0.0001019945249759796, 'D_low': 202.19284940204236, 'k2': 0.0017613545113128021, 'D_high': 8506325.954219306, 'fire_exp': 3.760287766658987, 'P_half': 25.961893901027185, 'pre_dampen_half': 4.762081130304415, 'gpp_af': 0.3287230563231328, 'gpp_b': 0.0001180661982716994, 'gpp_d': 191.31939732955695, 'ign_k': 0.02277284127498723, 'ign_c': 9.390481006913898, 'trop_agb_crit': 29.629352390407142, 'trop_k_veg': 3.4776451508758766, 'pop_amp': 0.017216405606670603, 'pop_peak': 0.32789129081244284, 'pop_sig': 1.0970425458295567, 'fuel_k': 0.19323205196019066, 'fuel_half': 1.460837638793542}. Best is trial 0 with value: -0.6094076133578652.
[I 2026-08-19 17:26:25,439] Trial 1013 finished with value: 0.5766765294618834 and parameters: {'k1': 3.399136024057805e-05, 'D_low': 5.150476998362864, 'k2': 0.00116683399255335, 'D_high': 3352727.571027619, 'fire_exp': 4.381114090862546, 'P_half': 16.7600390503842, 'pre_dampen_half': 2.2505563264139106, 'gpp_af': 0.0025270682263036446, 'gpp_b': 0.0007346206118210345, 'gpp_d': 2.040079473060108, 'ign_k': 0.10444237232863386, 'ign_c': 9.567833994969188, 'trop_agb_crit': 12.206316454344517, 'trop_k_veg': 4.517533569851978, 'pop_amp': 0.003194457469687596, 'pop_peak': 0.17968261710785174, 'pop_sig': 0.9521240796490992, 'fuel_k': 0.6420205341253051, 'fuel_half': 0.7532364027495132}. Best is trial 0 with value: -0.6094076133578652.
  trial 1014/2500  best_overall=0.6094  (28.0 min)
