[I 2026-07-24 02:22:27,673] Trial 951 finished with value: -0.565935264530523 and parameters: {'k1': 0.03684811938024342, 'D_low': 582.4178074404151, 'k2': 0.00046931810267718954, 'D_high': 1507228.6842603416, 'fire_exp': 2.2209276763725487, 'P_half': 104.69308828413827, 'pre_dampen_half': 0.990756728192205, 'gpp_af': 0.3849513057746416, 'gpp_b': 0.0007979614568669631, 'gpp_d': 459.9841312918847, 'ign_k': 2.127771910142141, 'ign_c': 0.3257990174492043, 'trop_agb_crit': 22.528070104755162, 'trop_k_veg': 4.607493392628593, 'fuel_k': 0.2990504648857037, 'fuel_half': 0.13569369609494117}. Best is trial 0 with value: -0.6070628323553574.
[I 2026-07-24 02:22:28,087] Trial 952 finished with value: 0.5825089808771324 and parameters: {'k1': 0.0009586308442619007, 'D_low': 959.6101978216386, 'k2': 0.002414971941089067, 'D_high': 263290.2273731382, 'fire_exp': 1.1877700546830428, 'P_half': 15.494559071024826, 'pre_dampen_half': 0.026162331615681378, 'gpp_af': 0.014045376334951093, 'gpp_b': 0.055343190992760756, 'gpp_d': 971.1573992835777, 'ign_k': 1.3502802333287167, 'ign_c': 1.3388521929141957, 'trop_agb_crit': 25.636584226343803, 'trop_k_veg': 6.4591792203008325, 'fuel_k': 0.8581914361014645, 'fuel_half': 0.4758304670606485}. Best is trial 0 with value: -0.6070628323553574.
[I 2026-07-24 02:22:28,502] Trial 953 finished with value: 0.6378843533949283 and parameters: {'k1': 0.0019248112200274318, 'D_low': 247248.5411214173, 'k2': 0.011767969736192173, 'D_high': 1674343.1830754676, 'fire_exp': 2.552461817476521, 'P_half': 2.090009044279661, 'pre_dampen_half': 13.68133712580523, 'gpp_af': 0.5130695662260824, 'gpp_b': 0.005479209498568003, 'gpp_d': 23.415898466373207, 'ign_k': 1.1060369143732978, 'ign_c': 0.1795270885596398, 'trop_agb_crit': 28.64635880212735, 'trop_k_veg': 1.5891665604563951, 'fuel_k': 0.5245724972847869, 'fuel_half': 0.28348972722314053}. Best is trial 0 with value: -0.6070628323553574.
[I 2026-07-24 02:22:28,921] Trial 954 finished with value: 0.5394307445036628 and parameters: {'k1': 0.003783428697219218, 'D_low': 261.47495856837537, 'k2': 6.962569544557577e-05, 'D_high': 33390.93495342148, 'fire_exp': 1.0770021428142686, 'P_half': 1.4092944386807504, 'pre_dampen_half': 0.06651534505088273, 'gpp_af': 9.151646623407036, 'gpp_b': 0.00037041886456997384, 'gpp_d': 46.68679112409376, 'ign_k': 1.4374549032748727, 'ign_c': 0.9588827196745617, 'trop_agb_crit': 18.852611015495214, 'trop_k_veg': 3.5039508478105157, 'fuel_k': 1.0226807863739709, 'fuel_half': 12.04325031610867}. Best is trial 0 with value: -0.6070628323553574.
[I 2026-07-24 02:22:29,336] Trial 955 finished with value: 0.593265298882178 and parameters: {'k1': 0.0065216427216581475, 'D_low': 1777.88708199742, 'k2': 8.589850814353475e-05, 'D_high': 77497.21254692564, 'fire_exp': 1.7664008530625475, 'P_half': 382.13999505304054, 'pre_dampen_half': 0.06600255858376537, 'gpp_af': 0.34694757979415, 'gpp_b': 0.9869070505424259, 'gpp_d': 470.69089386501776, 'ign_k': 0.153395738314296, 'ign_c': 2.1174758731155334, 'trop_agb_crit': 13.52733275270063, 'trop_k_veg': 5.048003754929408, 'fuel_k': 0.12077033308787188, 'fuel_half': 2.0770887198088768}. Best is trial 0 with value: -0.6070628323553574.
[I 2026-07-24 02:22:29,756] Trial 956 finished with value: -0.5339125103599186 and parameters: {'k1': 0.01816236687957901, 'D_low': 303.62407058659915, 'k2': 0.014293408027561693, 'D_high': 2590672.9328301335, 'fire_exp': 1.0282448356847025, 'P_half': 1.1320644277521055, 'pre_dampen_half': 1.256869537944713, 'gpp_af': 28.642752779697016, 'gpp_b': 0.07791549839430673, 'gpp_d': 7.43848985272979, 'ign_k': 0.07345009632633968, 'ign_c': 5.496942135009723, 'trop_agb_crit': 9.483562433049402, 'trop_k_veg': 1.0243712523881086, 'fuel_k': 3.021809080688785, 'fuel_half': 0.2942810030447339}. Best is trial 0 with value: -0.6070628323553574.
[I 2026-07-24 02:22:30,170] Trial 957 finished with value: 0.4933335490222358 and parameters: {'k1': 0.00037332166265509944, 'D_low': 235.63564681352602, 'k2': 4.375796986304104e-05, 'D_high': 285455.99254620966, 'fire_exp': 2.9959201496482377, 'P_half': 1.411604025949965, 'pre_dampen_half': 0.4764698126393279, 'gpp_af': 1.1847970842932571, 'gpp_b': 0.006508066828612137, 'gpp_d': 10.981873965155913, 'ign_k': 9.067047439772484, 'ign_c': 3.5682836357229553, 'trop_agb_crit': 15.632488013333223, 'trop_k_veg': 3.9826939508306687, 'fuel_k': 3.5156242237655393, 'fuel_half': 62.17350499491762}. Best is trial 0 with value: -0.6070628323553574.
[I 2026-07-24 02:22:30,583] Trial 958 finished with value: 0.4797207248860911 and parameters: {'k1': 0.006717254022471428, 'D_low': 430.87013751191546, 'k2': 0.0008943393861694554, 'D_high': 323058.57801456953, 'fire_exp': 1.8004006024683497, 'P_half': 90.98619614049008, 'pre_dampen_half': 17.296403035432572, 'gpp_af': 0.01027084757679311, 'gpp_b': 0.026656590279110822, 'gpp_d': 250.1861132169567, 'ign_k': 0.9928940476780723, 'ign_c': 4.8186835076673225, 'trop_agb_crit': 17.34850750369954, 'trop_k_veg': 4.45038787920307, 'fuel_k': 3.805122434751571, 'fuel_half': 0.6643159130930177}. Best is trial 0 with value: -0.6070628323553574.
[I 2026-07-24 02:22:31,001] Trial 959 finished with value: 0.6008254473744529 and parameters: {'k1': 0.004100747040135297, 'D_low': 11550.401956353182, 'k2': 7.267285488399206e-05, 'D_high': 5592331.25198456, 'fire_exp': 2.7944366690412763, 'P_half': 329.67024041266467, 'pre_dampen_half': 1.207987865142693, 'gpp_af': 0.04173142227230779, 'gpp_b': 0.054763426091737316, 'gpp_d': 48.346839362007415, 'ign_k': 0.12931440718295203, 'ign_c': 0.5292864785878053, 'trop_agb_crit': 23.36490594636404, 'trop_k_veg': 5.545531203061063, 'fuel_k': 0.596672410300722, 'fuel_half': 3.3998440436119064}. Best is trial 0 with value: -0.6070628323553574.
[I 2026-07-24 02:22:31,419] Trial 960 finished with value: 0.5582880769259569 and parameters: {'k1': 0.007252829316931815, 'D_low': 33798.57183198101, 'k2': 0.00010723364785941003, 'D_high': 8408773.572631218, 'fire_exp': 1.6387369837945964, 'P_half': 167.92953299839954, 'pre_dampen_half': 17.239604056347957, 'gpp_af': 0.08412711303373731, 'gpp_b': 0.0022406678206995556, 'gpp_d': 32.76031991237371, 'ign_k': 0.009131898460927849, 'ign_c': 0.24094838896656345, 'trop_agb_crit': 22.957408704037938, 'trop_k_veg': 2.0793804051092786, 'fuel_k': 1.8310768506671204, 'fuel_half': 0.4059772242812933}. Best is trial 0 with value: -0.6070628323553574.
[I 2026-07-24 02:22:31,839] Trial 961 finished with value: 0.5347397212908322 and parameters: {'k1': 1.4972177358813469e-05, 'D_low': 4.000539098861397, 'k2': 7.921889966065316e-05, 'D_high': 884066.8501645268, 'fire_exp': 1.6196285316928327, 'P_half': 5.823605178489009, 'pre_dampen_half': 0.053529959960779604, 'gpp_af': 5.996480086953472, 'gpp_b': 0.2241003990287949, 'gpp_d': 281.0622885886302, 'ign_k': 0.5304912269539722, 'ign_c': 0.1453474147318095, 'trop_agb_crit': 3.877149753997486, 'trop_k_veg': 5.4127069427465715, 'fuel_k': 1.530453770093757, 'fuel_half': 0.3445545089557172}. Best is trial 0 with value: -0.6070628323553574.
[I 2026-07-24 02:22:32,261] Trial 962 finished with value: 0.5436069370875233 and parameters: {'k1': 0.0013929510714566248, 'D_low': 10492.416907340885, 'k2': 1.9562809622520833e-05, 'D_high': 4387716.337445277, 'fire_exp': 2.1314012937080804, 'P_half': 6.58036888870159, 'pre_dampen_half': 36.39555339761158, 'gpp_af': 0.013125183561488412, 'gpp_b': 0.008984134743947486, 'gpp_d': 440.79885993301986, 'ign_k': 0.07123674395861092, 'ign_c': 1.246554809928916, 'trop_agb_crit': 14.4171642132009, 'trop_k_veg': 3.3005114455272717, 'fuel_k': 1.8322625462654343, 'fuel_half': 1.826950277373076}. Best is trial 0 with value: -0.6070628323553574.
[I 2026-07-24 02:22:32,675] Trial 963 finished with value: 0.5516831583969852 and parameters: {'k1': 0.0032568581878947627, 'D_low': 263.86011029393916, 'k2': 0.00017538807664394275, 'D_high': 2525462.4179021656, 'fire_exp': 4.327655824578633, 'P_half': 63.24703228216357, 'pre_dampen_half': 9.597877169464947, 'gpp_af': 0.2163492987589413, 'gpp_b': 0.011897383076643639, 'gpp_d': 712.3780256297345, 'ign_k': 0.04816379503114198, 'ign_c': 0.14801620913144825, 'trop_agb_crit': 9.67450411539096, 'trop_k_veg': 3.289761415051594, 'fuel_k': 0.29187205025604007, 'fuel_half': 1.4163780472498504}. Best is trial 0 with value: -0.6070628323553574.
[I 2026-07-24 02:22:33,093] Trial 964 finished with value: 0.4195695842335284 and parameters: {'k1': 0.0027439664255907116, 'D_low': 3792.528134415738, 'k2': 1.567332788616428e-05, 'D_high': 452631.7234229338, 'fire_exp': 1.9904863692455026, 'P_half': 57.347193532755526, 'pre_dampen_half': 4.316709250898408, 'gpp_af': 42.380552932491206, 'gpp_b': 0.002029259650214624, 'gpp_d': 814.8840322428588, 'ign_k': 4.469034315532117, 'ign_c': 5.298708372091731, 'trop_agb_crit': 16.263115082967076, 'trop_k_veg': 2.217347189331028, 'fuel_k': 1.9886828752066898, 'fuel_half': 12.026250317531643}. Best is trial 0 with value: -0.6070628323553574.
[I 2026-07-24 02:22:33,509] Trial 965 finished with value: 0.49736448648634224 and parameters: {'k1': 0.001694685866964777, 'D_low': 179.7158188825167, 'k2': 0.0041116898473101855, 'D_high': 7677512.788066134, 'fire_exp': 3.143800132102418, 'P_half': 4.044163696187297, 'pre_dampen_half': 1.5942642494757042, 'gpp_af': 4.006931496731439, 'gpp_b': 0.13098886307930974, 'gpp_d': 24.758805812611005, 'ign_k': 0.10502970511857532, 'ign_c': 1.13767239605578, 'trop_agb_crit': 23.33229891126095, 'trop_k_veg': 1.9779153886606808, 'fuel_k': 0.3967125353121059, 'fuel_half': 0.17527649822726954}. Best is trial 0 with value: -0.6070628323553574.
[I 2026-07-24 02:22:33,926] Trial 966 finished with value: 0.4984801713004611 and parameters: {'k1': 0.008975634138145503, 'D_low': 1.6725188469799865, 'k2': 1.824108919487559e-05, 'D_high': 701966.8527371681, 'fire_exp': 1.0775292615136638, 'P_half': 499.4530108015672, 'pre_dampen_half': 0.07258503338002766, 'gpp_af': 0.016339560595440086, 'gpp_b': 0.008113307431052852, 'gpp_d': 478.096217867753, 'ign_k': 0.03862768193734716, 'ign_c': 14.205266250122792, 'trop_agb_crit': 1.158918276744954, 'trop_k_veg': 3.0542225342016445, 'fuel_k': 4.657552663458435, 'fuel_half': 0.13726942084634988}. Best is trial 0 with value: -0.6070628323553574.
[I 2026-07-24 02:22:34,349] Trial 967 finished with value: 0.42451471058453505 and parameters: {'k1': 0.003469726956384374, 'D_low': 9.346937999745299, 'k2': 0.00016625153474889343, 'D_high': 2577834.05609733, 'fire_exp': 2.0589867290105803, 'P_half': 4.181052330284729, 'pre_dampen_half': 0.7295524602525917, 'gpp_af': 0.06345673291856783, 'gpp_b': 0.003036813942597806, 'gpp_d': 329.986784139918, 'ign_k': 5.638767028953387, 'ign_c': 10.955955761084192, 'trop_agb_crit': 18.68809349283141, 'trop_k_veg': 1.060843240175818, 'fuel_k': 3.954848589445596, 'fuel_half': 6.870748562872514}. Best is trial 0 with value: -0.6070628323553574.
[I 2026-07-24 02:22:34,777] Trial 968 finished with value: 0.6104055311749105 and parameters: {'k1': 7.989797304069942e-05, 'D_low': 2.6273824047436265, 'k2': 0.000558811780326649, 'D_high': 180959.4012746063, 'fire_exp': 8.16978985645206, 'P_half': 1300.1988172511326, 'pre_dampen_half': 2.4980642489851275, 'gpp_af': 0.009787798508875747, 'gpp_b': 5.476911723800616e-05, 'gpp_d': 47.9669029144266, 'ign_k': 0.04344158805067008, 'ign_c': 20.893183295391903, 'trop_agb_crit': 21.913924013061873, 'trop_k_veg': 0.7323008613219046, 'fuel_k': 3.942441166846592, 'fuel_half': 1.2811508407803784}. Best is trial 0 with value: -0.6070628323553574.
[I 2026-07-24 02:22:35,190] Trial 969 finished with value: 0.43798817042359484 and parameters: {'k1': 0.002278776889012438, 'D_low': 25.83005286037612, 'k2': 3.571830224759246e-05, 'D_high': 6067290.331356932, 'fire_exp': 1.6929677977564699, 'P_half': 1.0985909814035948, 'pre_dampen_half': 0.20253570434978505, 'gpp_af': 2.3066050163528398, 'gpp_b': 0.11682014266705153, 'gpp_d': 23.692281552029556, 'ign_k': 2.95873523675966, 'ign_c': 1.1093177325518269, 'trop_agb_crit': 10.194249197056761, 'trop_k_veg': 4.421349731845603, 'fuel_k': 1.055245530379847, 'fuel_half': 0.1342487020730845}. Best is trial 0 with value: -0.6070628323553574.
[I 2026-07-24 02:22:35,602] Trial 970 finished with value: 0.5728156244153698 and parameters: {'k1': 0.007001243721984527, 'D_low': 1020.1369504257615, 'k2': 4.928543472235974e-05, 'D_high': 3595099.590399635, 'fire_exp': 1.5305503424315776, 'P_half': 3.3336237228558545, 'pre_dampen_half': 0.09916162075998176, 'gpp_af': 0.07075858965505134, 'gpp_b': 0.09974045186407648, 'gpp_d': 9.047421284554387, 'ign_k': 4.061834111062715, 'ign_c': 2.4044788890412736, 'trop_agb_crit': 9.97666075660601, 'trop_k_veg': 4.703807346955581, 'fuel_k': 5.531945679178845, 'fuel_half': 16.04674437637894}. Best is trial 0 with value: -0.6070628323553574.
[I 2026-07-24 02:22:36,016] Trial 971 finished with value: 0.5635925363944384 and parameters: {'k1': 0.0009795308675914337, 'D_low': 15.610145623718505, 'k2': 2.325685585419497e-05, 'D_high': 8486462.958523074, 'fire_exp': 1.0590200837594237, 'P_half': 11.922352493296449, 'pre_dampen_half': 51.17277612881839, 'gpp_af': 0.18569309242177442, 'gpp_b': 0.001647216324411525, 'gpp_d': 65.25189659291594, 'ign_k': 1.2505868975578684, 'ign_c': 3.8702463988923204, 'trop_agb_crit': 14.751688358467712, 'trop_k_veg': 3.768135444651246, 'fuel_k': 1.6064336143763593, 'fuel_half': 1.5960524386867114}. Best is trial 0 with value: -0.6070628323553574.
[I 2026-07-24 02:22:36,432] Trial 972 finished with value: 0.5023117494647504 and parameters: {'k1': 0.00033083281491137377, 'D_low': 237.2605848768908, 'k2': 7.209558334645089e-05, 'D_high': 491708.3446642797, 'fire_exp': 1.1928370735360763, 'P_half': 25.81525655017923, 'pre_dampen_half': 121.11642796436124, 'gpp_af': 0.12590668203959382, 'gpp_b': 2.7299323081171192e-05, 'gpp_d': 291.1767237843652, 'ign_k': 3.0883970719255722, 'ign_c': 0.29416328624385485, 'trop_agb_crit': 17.30504224513991, 'trop_k_veg': 1.9835906389873224, 'fuel_k': 1.197515821047278, 'fuel_half': 29.09295726451136}. Best is trial 0 with value: -0.6070628323553574.
[I 2026-07-24 02:22:36,848] Trial 973 finished with value: 0.4835300442642054 and parameters: {'k1': 0.03270126470743448, 'D_low': 9634.999466145502, 'k2': 1.7349608568589903e-05, 'D_high': 5335730.910897145, 'fire_exp': 1.5091405973719285, 'P_half': 1.0208021088461092, 'pre_dampen_half': 5.031438005459607, 'gpp_af': 2.946283576059348, 'gpp_b': 3.742975797455132e-05, 'gpp_d': 5.452247341256809, 'ign_k': 2.7028153300526863, 'ign_c': 2.022392882041656, 'trop_agb_crit': 23.943630567003797, 'trop_k_veg': 7.349624360824854, 'fuel_k': 1.352037913118656, 'fuel_half': 43.41267396277059}. Best is trial 0 with value: -0.6070628323553574.
[I 2026-07-24 02:22:37,274] Trial 974 finished with value: 0.4276739533154148 and parameters: {'k1': 0.02502717612979597, 'D_low': 340.62696347297276, 'k2': 1.6066542544937363e-05, 'D_high': 4041220.5018854677, 'fire_exp': 2.6055469610242645, 'P_half': 127.80257756490322, 'pre_dampen_half': 9.162187944700712, 'gpp_af': 0.9972805728634361, 'gpp_b': 0.010446174067370997, 'gpp_d': 537.0804326416712, 'ign_k': 0.4565664994203133, 'ign_c': 0.8711157193278212, 'trop_agb_crit': 16.632414973403915, 'trop_k_veg': 2.0502848886111407, 'fuel_k': 2.7554830090918814, 'fuel_half': 1.0754784429006055}. Best is trial 0 with value: -0.6070628323553574.
[I 2026-07-24 02:22:37,696] Trial 975 finished with value: 0.48275086424163727 and parameters: {'k1': 0.000504452584231828, 'D_low': 5908.617758495753, 'k2': 1.9230100556991154e-05, 'D_high': 127523.68463696523, 'fire_exp': 1.229791614966342, 'P_half': 2.677055419729961, 'pre_dampen_half': 0.4848878841898394, 'gpp_af': 0.05841416520299086, 'gpp_b': 0.0050917873712504605, 'gpp_d': 28.563400023691386, 'ign_k': 0.2858128914207348, 'ign_c': 0.15379134647858253, 'trop_agb_crit': 8.281342199179653, 'trop_k_veg': 1.1110114051845807, 'fuel_k': 4.768261462246767, 'fuel_half': 7.476523229047352}. Best is trial 0 with value: -0.6070628323553574.
[I 2026-07-24 02:22:38,111] Trial 976 finished with value: 0.5201290269616134 and parameters: {'k1': 0.0001834638557039016, 'D_low': 634.2305469764174, 'k2': 0.00025442532217284517, 'D_high': 9288585.74807326, 'fire_exp': 5.406505397318641, 'P_half': 18.929883008580063, 'pre_dampen_half': 338.3665365696783, 'gpp_af': 0.27360629501513656, 'gpp_b': 0.00032814352586736103, 'gpp_d': 853.7717822608802, 'ign_k': 1.0225107433005713, 'ign_c': 0.30610629876646295, 'trop_agb_crit': 27.242969737680028, 'trop_k_veg': 3.012709259271421, 'fuel_k': 1.4067792759425437, 'fuel_half': 0.23758882652101546}. Best is trial 0 with value: -0.6070628323553574.
[I 2026-07-24 02:22:38,524] Trial 977 finished with value: 0.5252414300519964 and parameters: {'k1': 0.00398653515935936, 'D_low': 10.227477475243663, 'k2': 0.00022277780901459334, 'D_high': 9020640.074858282, 'fire_exp': 2.262166142846833, 'P_half': 2.273973061081967, 'pre_dampen_half': 2.60731891747396, 'gpp_af': 0.021973810060517848, 'gpp_b': 0.016247371853857807, 'gpp_d': 479.2588718125188, 'ign_k': 1.579326087513704, 'ign_c': 0.3312044379081045, 'trop_agb_crit': 16.89885000198149, 'trop_k_veg': 4.226993254739772, 'fuel_k': 3.7598702870036416, 'fuel_half': 42.134869699368295}. Best is trial 0 with value: -0.6070628323553574.
[I 2026-07-24 02:22:38,943] Trial 978 finished with value: 0.461551951514546 and parameters: {'k1': 0.00011021043640195991, 'D_low': 391.9125437263123, 'k2': 3.187245613350268e-05, 'D_high': 239559.61819122225, 'fire_exp': 1.5452942027169534, 'P_half': 69.4561115070643, 'pre_dampen_half': 0.5055718591762063, 'gpp_af': 0.9806137579162574, 'gpp_b': 0.05225756448035971, 'gpp_d': 25.727913285572104, 'ign_k': 3.5184340269854895, 'ign_c': 3.4532259532502962, 'trop_agb_crit': 23.275530906631587, 'trop_k_veg': 2.024819611255208, 'fuel_k': 4.537994298075142, 'fuel_half': 4.875064834110462}. Best is trial 0 with value: -0.6070628323553574.
[I 2026-07-24 02:22:39,425] Trial 979 finished with value: 0.6056048344194762 and parameters: {'k1': 0.0006886663233070812, 'D_low': 4018.5776210744793, 'k2': 4.994513670397911e-05, 'D_high': 4821.436828297718, 'fire_exp': 2.8552683667721204, 'P_half': 234.51293794947406, 'pre_dampen_half': 0.1589746169511548, 'gpp_af': 0.00203279822561412, 'gpp_b': 0.02515316414812296, 'gpp_d': 420.4619307148421, 'ign_k': 0.3251269583460336, 'ign_c': 0.38097598351893425, 'trop_agb_crit': 14.173635648345236, 'trop_k_veg': 3.4276518650605583, 'fuel_k': 0.2791748335227024, 'fuel_half': 0.17106356007550202}. Best is trial 0 with value: -0.6070628323553574.
[I 2026-07-24 02:22:39,843] Trial 980 finished with value: 0.5847590809094358 and parameters: {'k1': 0.00019895816076129593, 'D_low': 626.2737334470323, 'k2': 0.00018943307375921117, 'D_high': 10849.566043924386, 'fire_exp': 1.5445664559885584, 'P_half': 29.751018166947368, 'pre_dampen_half': 1.964659593474127, 'gpp_af': 0.0064929734033718775, 'gpp_b': 0.00374856174279676, 'gpp_d': 332.92715278233374, 'ign_k': 1.1313452409278915, 'ign_c': 0.19903440738720424, 'trop_agb_crit': 3.327277862344003, 'trop_k_veg': 1.102029770661724, 'fuel_k': 3.541906401544654, 'fuel_half': 18.35573086553827}. Best is trial 0 with value: -0.6070628323553574.
[I 2026-07-24 02:22:40,256] Trial 981 finished with value: 0.5290612036443829 and parameters: {'k1': 0.00022619999495658845, 'D_low': 4.524930647349602, 'k2': 2.3434723152355536e-05, 'D_high': 146252.73552434563, 'fire_exp': 1.8687796351833603, 'P_half': 1.1150146881151017, 'pre_dampen_half': 0.015372986693008598, 'gpp_af': 1.252816785078746, 'gpp_b': 0.018139711570832325, 'gpp_d': 3.695122484944699, 'ign_k': 0.07526835279120642, 'ign_c': 1.5654091060843522, 'trop_agb_crit': 6.162863390861795, 'trop_k_veg': 2.8695069131065667, 'fuel_k': 4.880503659479318, 'fuel_half': 0.22004431921878656}. Best is trial 0 with value: -0.6070628323553574.
[I 2026-07-24 02:22:40,671] Trial 982 finished with value: -0.5978749694748411 and parameters: {'k1': 0.0013594637813785118, 'D_low': 1000.197513941541, 'k2': 0.0001383399802872526, 'D_high': 1256453.9556048454, 'fire_exp': 1.2139569013855216, 'P_half': 83.90262125756183, 'pre_dampen_half': 1.9468719468313855, 'gpp_af': 0.43887004043021677, 'gpp_b': 0.014728251482056072, 'gpp_d': 70.07523823018897, 'ign_k': 0.2835962776485705, 'ign_c': 4.051889917172338, 'trop_agb_crit': 17.325847068263005, 'trop_k_veg': 2.6919759481104824, 'fuel_k': 1.7769518179849153, 'fuel_half': 14.229865430732147}. Best is trial 0 with value: -0.6070628323553574.
[I 2026-07-24 02:22:41,087] Trial 983 finished with value: 0.5910962643018826 and parameters: {'k1': 0.014123454418367695, 'D_low': 3.1875383188242474, 'k2': 1.6456799051212254e-05, 'D_high': 2022913.794336673, 'fire_exp': 2.359649239432909, 'P_half': 4819.184824027582, 'pre_dampen_half': 0.4583597634174841, 'gpp_af': 0.7433873060834049, 'gpp_b': 4.973341882358649e-05, 'gpp_d': 568.5679555705394, 'ign_k': 0.0018178684075343154, 'ign_c': 1.575512550308115, 'trop_agb_crit': 1.3447001491840649, 'trop_k_veg': 6.416537989075971, 'fuel_k': 5.6657372813779565, 'fuel_half': 0.15912535138938072}. Best is trial 0 with value: -0.6070628323553574.
[I 2026-07-24 02:22:41,503] Trial 984 finished with value: 0.5634496875789806 and parameters: {'k1': 0.008354931053381108, 'D_low': 114.49315635814621, 'k2': 0.015687558655168642, 'D_high': 4197445.045580721, 'fire_exp': 4.266093896891703, 'P_half': 3.2068692359116295, 'pre_dampen_half': 0.9462851473476462, 'gpp_af': 1.0878785765999661, 'gpp_b': 0.003028492140766924, 'gpp_d': 111.78630733953412, 'ign_k': 0.04000285694473932, 'ign_c': 0.16920076143110307, 'trop_agb_crit': 4.329115842227453, 'trop_k_veg': 0.7032612511849726, 'fuel_k': 0.7432109402008773, 'fuel_half': 0.24449500880981642}. Best is trial 0 with value: -0.6070628323553574.
