[I 2026-08-20 00:54:03,400] Trial 1724 finished with value: 0.4234137168343489 and parameters: {'k1': 0.0005669206505897873, 'D_low': 4.220833415896399, 'k2': 0.004543281134417579, 'D_high': 89626.68389230037, 'fire_exp': 1.1863192867788128, 'P_half': 22.557045880900606, 'pre_dampen_half': 2.224433016863286, 'gpp_af': 0.012511143954385061, 'gpp_b': 0.0004481295484270439, 'gpp_d': 407.4202923174732, 'ign_k': 2.02284435471365, 'ign_c': 5.586348847378146, 'trop_agb_crit': 14.336205235232129, 'trop_k_veg': 3.2596120283753174}. Best is trial 1285 with value: -0.6015874360929447.
[I 2026-08-20 00:54:04,807] Trial 1725 finished with value: -0.5371501208694315 and parameters: {'k1': 1.4493469742722725e-05, 'D_low': 21.406630491052972, 'k2': 0.0011784281260870733, 'D_high': 977605.2190193827, 'fire_exp': 2.6427240475573375, 'P_half': 7.654505679939835, 'pre_dampen_half': 16.472399652820727, 'gpp_af': 0.1541011145036364, 'gpp_b': 0.0003054999775783858, 'gpp_d': 800.3949506110131, 'ign_k': 2.500724224723974, 'ign_c': 2.9966350514264195, 'trop_agb_crit': 26.77437267171849, 'trop_k_veg': 3.6185044051525734}. Best is trial 1285 with value: -0.6015874360929447.
[I 2026-08-20 00:54:06,237] Trial 1726 finished with value: 0.5112175682389315 and parameters: {'k1': 5.8227977528383655e-05, 'D_low': 3.9139202878161194, 'k2': 0.0015434301235522343, 'D_high': 3930607.6457165107, 'fire_exp': 1.9832871545404178, 'P_half': 6.7358493326037125, 'pre_dampen_half': 2.154374516698977, 'gpp_af': 0.002354921451661258, 'gpp_b': 0.00028454428698884633, 'gpp_d': 56.8107242475028, 'ign_k': 0.1582108075137174, 'ign_c': 3.555510951360809, 'trop_agb_crit': 9.825797864468582, 'trop_k_veg': 3.3009029209529164}. Best is trial 1285 with value: -0.6015874360929447.
[I 2026-08-20 00:54:07,734] Trial 1727 finished with value: 0.5690421228432144 and parameters: {'k1': 0.003892181017514128, 'D_low': 7.573609277095311, 'k2': 1.1214928805825877e-05, 'D_high': 1534039.76078992, 'fire_exp': 8.658290133853118, 'P_half': 49.3422369868238, 'pre_dampen_half': 0.168318382007407, 'gpp_af': 0.027718394964570695, 'gpp_b': 6.892976215001202e-05, 'gpp_d': 8.819902490914085, 'ign_k': 0.3633500986999482, 'ign_c': 3.2589578935682306, 'trop_agb_crit': 2.302071247209588, 'trop_k_veg': 1.5480559879640232}. Best is trial 1285 with value: -0.6015874360929447.
[I 2026-08-20 00:54:09,588] Trial 1728 finished with value: 0.46767243098899025 and parameters: {'k1': 0.0001563692616117762, 'D_low': 2.956455856995588, 'k2': 0.0001692679518123843, 'D_high': 499626.9836031733, 'fire_exp': 1.8669469425100236, 'P_half': 6.330298096198106, 'pre_dampen_half': 0.822818295649162, 'gpp_af': 11.42565070921815, 'gpp_b': 0.05208174948518353, 'gpp_d': 42.92329834098106, 'ign_k': 0.41341477630117096, 'ign_c': 4.960928368656811, 'trop_agb_crit': 1.7977423121461584, 'trop_k_veg': 1.5099148940321552}. Best is trial 1285 with value: -0.6015874360929447.
[I 2026-08-20 00:54:11,024] Trial 1729 finished with value: 0.6445374145881376 and parameters: {'k1': 1.1331657789712977e-05, 'D_low': 906626.371531253, 'k2': 1.0447001874717356e-05, 'D_high': 54673.68959353908, 'fire_exp': 4.318037327667942, 'P_half': 346.42122324782844, 'pre_dampen_half': 0.014271035925725706, 'gpp_af': 0.46742707073460554, 'gpp_b': 0.002261613683172802, 'gpp_d': 2.7617539551492025, 'ign_k': 0.013568772796998096, 'ign_c': 46.12751807199793, 'trop_agb_crit': 7.906306395859393, 'trop_k_veg': 4.459300026512669}. Best is trial 1285 with value: -0.6015874360929447.
[I 2026-08-20 00:54:12,715] Trial 1730 finished with value: 0.6445374145881376 and parameters: {'k1': 0.014225563300688315, 'D_low': 23185.20664623127, 'k2': 0.0003385778345315358, 'D_high': 1071730.214960416, 'fire_exp': 2.4840300263730066, 'P_half': 157.07331651950776, 'pre_dampen_half': 24.75573146781716, 'gpp_af': 1.10403833221884, 'gpp_b': 0.0007022368535782667, 'gpp_d': 740.0249486843398, 'ign_k': 9.642639002372967, 'ign_c': 98.94679289197835, 'trop_agb_crit': 17.220063101867687, 'trop_k_veg': 0.8007433468588928}. Best is trial 1285 with value: -0.6015874360929447.
[I 2026-08-20 00:54:15,500] Trial 1731 finished with value: 0.5653190015157654 and parameters: {'k1': 2.2407774797108217e-05, 'D_low': 131.2136950834899, 'k2': 0.00039888707048238865, 'D_high': 2191230.282901181, 'fire_exp': 3.328673028556634, 'P_half': 1.0170389880298403, 'pre_dampen_half': 11.182272822752664, 'gpp_af': 11.741081704404987, 'gpp_b': 0.2797829137814631, 'gpp_d': 92.81398993105326, 'ign_k': 0.043194037995278926, 'ign_c': 2.686458980836298, 'trop_agb_crit': 6.15127709535993, 'trop_k_veg': 2.299679372273123}. Best is trial 1285 with value: -0.6015874360929447.
[I 2026-08-20 00:54:17,792] Trial 1732 finished with value: 0.6445374145881376 and parameters: {'k1': 4.293421216482003e-05, 'D_low': 283.8990931833384, 'k2': 0.00019911281911197455, 'D_high': 9049158.553503076, 'fire_exp': 1.93786173590032, 'P_half': 27.313371549459088, 'pre_dampen_half': 41.19687570249282, 'gpp_af': 0.002990309529311063, 'gpp_b': 0.00025913199430235774, 'gpp_d': 116.60255055261733, 'ign_k': 1.2257598810415713, 'ign_c': 46.874046306390646, 'trop_agb_crit': 13.619427149921997, 'trop_k_veg': 4.253442070095502}. Best is trial 1285 with value: -0.6015874360929447.
[I 2026-08-20 00:54:19,243] Trial 1733 finished with value: 0.6445374145881376 and parameters: {'k1': 0.0014658145022574938, 'D_low': 33509.593688531866, 'k2': 0.026021097627212428, 'D_high': 2953.097210753036, 'fire_exp': 2.880813494729521, 'P_half': 4.897630310461347, 'pre_dampen_half': 0.27162927370058093, 'gpp_af': 0.009270185183062569, 'gpp_b': 5.0437833292538336e-05, 'gpp_d': 2.0203721214279984, 'ign_k': 0.002062620431296678, 'ign_c': 21.949310504187032, 'trop_agb_crit': 22.984945962183012, 'trop_k_veg': 1.0027208369503986}. Best is trial 1285 with value: -0.6015874360929447.
[I 2026-08-20 00:54:20,695] Trial 1734 finished with value: -0.5481452473554298 and parameters: {'k1': 0.01079917319985312, 'D_low': 46.829491919355036, 'k2': 0.00018423111790719261, 'D_high': 6631984.225205125, 'fire_exp': 7.3234889364438915, 'P_half': 24.781740168730728, 'pre_dampen_half': 13.345856448255885, 'gpp_af': 0.057473070932762875, 'gpp_b': 0.00033572752213040046, 'gpp_d': 315.60171443818336, 'ign_k': 5.381229970595272, 'ign_c': 2.667253852050404, 'trop_agb_crit': 3.7022260279048087, 'trop_k_veg': 1.1714189783011062}. Best is trial 1285 with value: -0.6015874360929447.
[I 2026-08-20 00:54:22,128] Trial 1735 finished with value: 0.6445374145881376 and parameters: {'k1': 0.00028420037866407354, 'D_low': 5.1008611116965845, 'k2': 1.3102215693804429e-05, 'D_high': 6551126.78855342, 'fire_exp': 5.774002161481561, 'P_half': 36.45725935555077, 'pre_dampen_half': 3.301004873314805, 'gpp_af': 0.31209733662457634, 'gpp_b': 0.0003777476206212261, 'gpp_d': 864.8417870777148, 'ign_k': 0.48193000523117924, 'ign_c': 63.47919386281678, 'trop_agb_crit': 4.5072614344379485, 'trop_k_veg': 0.8355063825384054}. Best is trial 1285 with value: -0.6015874360929447.
[I 2026-08-20 00:54:23,526] Trial 1736 finished with value: -0.5840270927431552 and parameters: {'k1': 0.0006078802188681388, 'D_low': 4.985757974967563, 'k2': 0.0005268727226122699, 'D_high': 885127.4901168975, 'fire_exp': 4.9524469415944825, 'P_half': 59.733051443138656, 'pre_dampen_half': 20.325058595753344, 'gpp_af': 0.20983398507238527, 'gpp_b': 8.173566142788757e-05, 'gpp_d': 19.205806530192802, 'ign_k': 7.0479725697748075, 'ign_c': 10.947156989342668, 'trop_agb_crit': 3.8884449077055665, 'trop_k_veg': 1.9198345040533233}. Best is trial 1285 with value: -0.6015874360929447.
[I 2026-08-20 00:54:24,937] Trial 1737 finished with value: 0.6445374145881376 and parameters: {'k1': 1.736612013771918e-05, 'D_low': 351.85449353204456, 'k2': 0.0005060016492875021, 'D_high': 13538.279981213902, 'fire_exp': 2.3828665301465817, 'P_half': 2836.4189663744282, 'pre_dampen_half': 13.594383073170842, 'gpp_af': 71.98600730304025, 'gpp_b': 4.999610828147276, 'gpp_d': 1.4711324339055236, 'ign_k': 3.626227911713846, 'ign_c': 139.3029922832777, 'trop_agb_crit': 1.2822372186038216, 'trop_k_veg': 1.6065306590769937}. Best is trial 1285 with value: -0.6015874360929447.
[I 2026-08-20 00:54:26,349] Trial 1738 finished with value: 0.5294546166263564 and parameters: {'k1': 0.0005476864959349768, 'D_low': 433.10016059952426, 'k2': 0.05683480249367313, 'D_high': 574893.6399997275, 'fire_exp': 1.9867390036605368, 'P_half': 1.3587390329073648, 'pre_dampen_half': 0.1997856413928189, 'gpp_af': 0.3739902977957952, 'gpp_b': 0.05299476802377999, 'gpp_d': 96.77923301830158, 'ign_k': 0.3269373015345218, 'ign_c': 6.362564766283502, 'trop_agb_crit': 4.370625173065008, 'trop_k_veg': 3.9460940113491083}. Best is trial 1285 with value: -0.6015874360929447.
[I 2026-08-20 00:54:27,948] Trial 1739 finished with value: 0.516813771245743 and parameters: {'k1': 0.0002996541786964923, 'D_low': 4.601423847247125, 'k2': 0.00013710272306884864, 'D_high': 668875.6316617377, 'fire_exp': 8.815633540313224, 'P_half': 86.70682254243205, 'pre_dampen_half': 20.632512148717595, 'gpp_af': 0.1738000521070942, 'gpp_b': 0.00011311762483509714, 'gpp_d': 9.69477247334567, 'ign_k': 0.609982853556432, 'ign_c': 7.363750829128164, 'trop_agb_crit': 4.495761749690114, 'trop_k_veg': 1.8843900797015893}. Best is trial 1285 with value: -0.6015874360929447.
[I 2026-08-20 00:54:29,575] Trial 1740 finished with value: 0.5849622310090726 and parameters: {'k1': 0.00020525585615163136, 'D_low': 4.23210859949864, 'k2': 0.004359698376853735, 'D_high': 1935819.9415706093, 'fire_exp': 9.27329868752377, 'P_half': 335.3590382885424, 'pre_dampen_half': 177.17033678598384, 'gpp_af': 0.08392637247653241, 'gpp_b': 8.187307930284152e-05, 'gpp_d': 15.930332381518078, 'ign_k': 3.6134509149265095, 'ign_c': 16.097102590439462, 'trop_agb_crit': 2.909098029263443, 'trop_k_veg': 1.1019584986149458}. Best is trial 1285 with value: -0.6015874360929447.
[I 2026-08-20 00:54:31,109] Trial 1741 finished with value: -0.5461287101750825 and parameters: {'k1': 0.00019071975068681222, 'D_low': 23.234725454640433, 'k2': 0.00017924487535404387, 'D_high': 209105.84535353983, 'fire_exp': 4.284801270882132, 'P_half': 6.139649991216603, 'pre_dampen_half': 3.114315023309212, 'gpp_af': 0.522087565156969, 'gpp_b': 3.765319306094822e-05, 'gpp_d': 44.43340473553241, 'ign_k': 1.826572279186551, 'ign_c': 1.5482471733778855, 'trop_agb_crit': 24.91504313181301, 'trop_k_veg': 4.128932106257893}. Best is trial 1285 with value: -0.6015874360929447.
[I 2026-08-20 00:54:32,843] Trial 1742 finished with value: 0.6445374145881376 and parameters: {'k1': 0.00847244983544767, 'D_low': 2.3029342776591943, 'k2': 6.11911183690196e-05, 'D_high': 6351140.218780832, 'fire_exp': 7.303323429716086, 'P_half': 42.647270290888706, 'pre_dampen_half': 10.192134180143873, 'gpp_af': 15.401765174286036, 'gpp_b': 0.0006807719211323906, 'gpp_d': 184.86427479624572, 'ign_k': 0.24987339367857145, 'ign_c': 66.18233831289956, 'trop_agb_crit': 5.038334067911109, 'trop_k_veg': 1.7728143406544068}. Best is trial 1285 with value: -0.6015874360929447.
[I 2026-08-20 00:54:34,395] Trial 1743 finished with value: 0.6445374145881376 and parameters: {'k1': 0.0018790597408792223, 'D_low': 1.6033615168742146, 'k2': 1.3514010185256943e-05, 'D_high': 5140345.798640853, 'fire_exp': 4.457480135850828, 'P_half': 1.570360704949718, 'pre_dampen_half': 3.832641986086295, 'gpp_af': 0.0012936948038612776, 'gpp_b': 0.0001151165698408113, 'gpp_d': 50.19912617519201, 'ign_k': 7.318621748747878, 'ign_c': 78.96894880910189, 'trop_agb_crit': 6.4285743454469655, 'trop_k_veg': 0.5082368925498867}. Best is trial 1285 with value: -0.6015874360929447.
[I 2026-08-20 00:54:35,964] Trial 1744 finished with value: 0.6066839071275092 and parameters: {'k1': 2.1901331839941646e-05, 'D_low': 2483.137626228746, 'k2': 0.002387516340524723, 'D_high': 3437.223269602717, 'fire_exp': 2.3956861231129203, 'P_half': 175.37922966802736, 'pre_dampen_half': 0.024043390543122888, 'gpp_af': 0.012366788515126554, 'gpp_b': 0.001065037225443127, 'gpp_d': 9.855347081529601, 'ign_k': 0.013914961485512045, 'ign_c': 0.11035668283561963, 'trop_agb_crit': 2.9353910360464184, 'trop_k_veg': 0.8108073296432201}. Best is trial 1285 with value: -0.6015874360929447.
[I 2026-08-20 00:54:37,521] Trial 1745 finished with value: 0.6445374145881376 and parameters: {'k1': 0.05118219872797682, 'D_low': 974365.914569384, 'k2': 8.875626443354958e-05, 'D_high': 169.96761151555287, 'fire_exp': 1.011672745364534, 'P_half': 5548.944123169377, 'pre_dampen_half': 61.00170006471694, 'gpp_af': 0.11771885137944105, 'gpp_b': 0.00036245738576932274, 'gpp_d': 5.3385592955793495, 'ign_k': 0.06592657035902949, 'ign_c': 33.50910251965573, 'trop_agb_crit': 7.481728590830616, 'trop_k_veg': 5.238341133400328}. Best is trial 1285 with value: -0.6015874360929447.
[I 2026-08-20 00:54:39,582] Trial 1746 finished with value: 0.6445374145881376 and parameters: {'k1': 9.458758145191936e-05, 'D_low': 12.238843906722073, 'k2': 0.0006327430887521464, 'D_high': 3827.027854694469, 'fire_exp': 6.35383255530075, 'P_half': 54.15329972810954, 'pre_dampen_half': 3.3256963391908054, 'gpp_af': 0.03998799597414447, 'gpp_b': 0.00010332044470397993, 'gpp_d': 18.678916618530963, 'ign_k': 5.194702801196191, 'ign_c': 72.65117764460987, 'trop_agb_crit': 8.55603735486342, 'trop_k_veg': 1.640202416340519}. Best is trial 1285 with value: -0.6015874360929447.
[I 2026-08-20 00:54:41,158] Trial 1747 finished with value: 0.4305021880768256 and parameters: {'k1': 0.002931307142404891, 'D_low': 31.59154916830466, 'k2': 1.8571036047362448e-05, 'D_high': 9472748.003597898, 'fire_exp': 5.438934278156824, 'P_half': 2.584248256267371, 'pre_dampen_half': 10.121668367852564, 'gpp_af': 0.08404515429022924, 'gpp_b': 1.7495403995062218e-05, 'gpp_d': 193.99454905056527, 'ign_k': 3.7517068234234108, 'ign_c': 2.0218676629935506, 'trop_agb_crit': 3.7617123004314768, 'trop_k_veg': 3.2852064871548934}. Best is trial 1285 with value: -0.6015874360929447.
[I 2026-08-20 00:54:42,741] Trial 1748 finished with value: -0.5775815543230053 and parameters: {'k1': 0.000255373655450084, 'D_low': 6.045754350673187, 'k2': 0.000868073629224892, 'D_high': 4101118.454523374, 'fire_exp': 3.2891131979299404, 'P_half': 73.51026189000146, 'pre_dampen_half': 713.784615379807, 'gpp_af': 0.09001755446930916, 'gpp_b': 0.00016828391073239372, 'gpp_d': 23.452038253624643, 'ign_k': 2.197875155297282, 'ign_c': 19.835375090029615, 'trop_agb_crit': 1.3079389607460674, 'trop_k_veg': 2.771734107548199}. Best is trial 1285 with value: -0.6015874360929447.
[I 2026-08-20 00:54:44,504] Trial 1749 finished with value: 0.6445374145881376 and parameters: {'k1': 0.021265082037735184, 'D_low': 210.7600694116421, 'k2': 0.0003080371409434043, 'D_high': 3572.2230850642995, 'fire_exp': 9.379434173559353, 'P_half': 2.823316172418227, 'pre_dampen_half': 3.304612659590685, 'gpp_af': 0.025007036455460974, 'gpp_b': 0.20114996659842446, 'gpp_d': 0.0747437618380448, 'ign_k': 2.226038736391015, 'ign_c': 0.2289184837863946, 'trop_agb_crit': 4.7430331142399735, 'trop_k_veg': 0.5641809016924717}. Best is trial 1285 with value: -0.6015874360929447.
[I 2026-08-20 00:54:46,096] Trial 1750 finished with value: 0.6418567430054809 and parameters: {'k1': 0.0001570955009521192, 'D_low': 3127.7599969454054, 'k2': 0.09915776097068038, 'D_high': 28.399948078117596, 'fire_exp': 5.194717798200315, 'P_half': 173.80329109264787, 'pre_dampen_half': 6.367275026178987, 'gpp_af': 1.5265807750256923, 'gpp_b': 0.0030037993306564494, 'gpp_d': 0.535763469666188, 'ign_k': 0.0031535855859970824, 'ign_c': 78.85771761100084, 'trop_agb_crit': 3.290087649269111, 'trop_k_veg': 7.298350582011602}. Best is trial 1285 with value: -0.6015874360929447.
[I 2026-08-20 00:54:47,736] Trial 1751 finished with value: 0.5943495644721705 and parameters: {'k1': 0.00019402417663221615, 'D_low': 10.035812076165588, 'k2': 0.0004901237029174295, 'D_high': 156235.791182682, 'fire_exp': 7.297600780711127, 'P_half': 216.3493712722663, 'pre_dampen_half': 17.977521608335284, 'gpp_af': 0.016174475850081506, 'gpp_b': 0.00210530084739191, 'gpp_d': 628.5649097919064, 'ign_k': 3.1978146492402124, 'ign_c': 12.947172030607417, 'trop_agb_crit': 1.4564117670298573, 'trop_k_veg': 1.2735033718020914}. Best is trial 1285 with value: -0.6015874360929447.
[I 2026-08-20 00:54:49,322] Trial 1752 finished with value: 0.5815174533413088 and parameters: {'k1': 0.001096572185995293, 'D_low': 10.215003624596301, 'k2': 0.00039596041785727525, 'D_high': 665748.5066824919, 'fire_exp': 5.811073998152142, 'P_half': 158.05057982063857, 'pre_dampen_half': 28.17805145510745, 'gpp_af': 2.935095428316634, 'gpp_b': 3.062399674742275e-05, 'gpp_d': 1.3449495812738916, 'ign_k': 1.4265844011984559, 'ign_c': 4.126813918504098, 'trop_agb_crit': 3.53485171652638, 'trop_k_veg': 5.065657368515849}. Best is trial 1285 with value: -0.6015874360929447.
[I 2026-08-20 00:54:50,806] Trial 1753 finished with value: -0.5738133964424813 and parameters: {'k1': 0.015579279858316985, 'D_low': 196.66867657278343, 'k2': 0.009891253192822816, 'D_high': 2753380.293259723, 'fire_exp': 1.2952707346695762, 'P_half': 897.964449125345, 'pre_dampen_half': 78.31919199135568, 'gpp_af': 0.004158233153750007, 'gpp_b': 3.497831297765044e-05, 'gpp_d': 0.4532055012092175, 'ign_k': 0.6139389310561242, 'ign_c': 21.704117329036844, 'trop_agb_crit': 27.909517950850432, 'trop_k_veg': 2.427538850432385}. Best is trial 1285 with value: -0.6015874360929447.
[I 2026-08-20 00:54:52,382] Trial 1754 finished with value: 0.4162978458666592 and parameters: {'k1': 0.0025463356749248025, 'D_low': 31.49598477266933, 'k2': 0.00024395622057307395, 'D_high': 315488.1981495101, 'fire_exp': 4.489393201267452, 'P_half': 19.874160679433285, 'pre_dampen_half': 66.2892126517911, 'gpp_af': 0.013059480972287357, 'gpp_b': 6.065052403242046e-05, 'gpp_d': 245.32045467095145, 'ign_k': 6.293850124153397, 'ign_c': 13.88081283668063, 'trop_agb_crit': 3.0925845121538615, 'trop_k_veg': 1.9643804876136703}. Best is trial 1285 with value: -0.6015874360929447.
[I 2026-08-20 00:54:53,962] Trial 1755 finished with value: 0.6020446028156086 and parameters: {'k1': 0.0012919077054060189, 'D_low': 1.3031994798631672, 'k2': 0.0028854630330363744, 'D_high': 7374142.124062648, 'fire_exp': 5.7065181924014885, 'P_half': 4441.253703578237, 'pre_dampen_half': 14.373448067104293, 'gpp_af': 0.3788570399901295, 'gpp_b': 1.1087734932832789e-05, 'gpp_d': 0.8725025793182316, 'ign_k': 2.0565824535604516, 'ign_c': 15.458181538481405, 'trop_agb_crit': 6.811268314960004, 'trop_k_veg': 1.7676496128086403}. Best is trial 1285 with value: -0.6015874360929447.
[I 2026-08-20 00:54:55,549] Trial 1756 finished with value: 0.6445374145881376 and parameters: {'k1': 0.005115465102797291, 'D_low': 40.483096405882996, 'k2': 0.0024203231737627857, 'D_high': 334301.5192119671, 'fire_exp': 6.505692481386716, 'P_half': 921.8175731381808, 'pre_dampen_half': 660.5883065375194, 'gpp_af': 65.71562203273774, 'gpp_b': 5.067031013982443, 'gpp_d': 3.309378407632588, 'ign_k': 0.008226162055369263, 'ign_c': 26.672180543913544, 'trop_agb_crit': 3.849727243498959, 'trop_k_veg': 3.9234073632064437}. Best is trial 1285 with value: -0.6015874360929447.
[I 2026-08-20 00:54:57,271] Trial 1757 finished with value: 0.6445374145881376 and parameters: {'k1': 0.04684151071653904, 'D_low': 72.0240165722954, 'k2': 0.0035216902130655917, 'D_high': 21650.205148909794, 'fire_exp': 5.704499911302599, 'P_half': 2.825995634368647, 'pre_dampen_half': 0.025010888708077075, 'gpp_af': 0.010579897384022605, 'gpp_b': 1.3147302610769138e-05, 'gpp_d': 2.7655108419092675, 'ign_k': 0.021699684085097284, 'ign_c': 508.178476176471, 'trop_agb_crit': 26.47305232666593, 'trop_k_veg': 1.5455306089956566}. Best is trial 1285 with value: -0.6015874360929447.
[I 2026-08-20 00:54:58,870] Trial 1758 finished with value: 0.6445374145881376 and parameters: {'k1': 0.01863414866148947, 'D_low': 238.9939081766329, 'k2': 0.00028908285936126164, 'D_high': 75.85840393216571, 'fire_exp': 6.467397937576032, 'P_half': 6043.816347465161, 'pre_dampen_half': 0.467953886785512, 'gpp_af': 50.42934170695664, 'gpp_b': 0.0013856173688713829, 'gpp_d': 0.6844693383425511, 'ign_k': 9.926935403033493, 'ign_c': 0.11310764505289296, 'trop_agb_crit': 1.1921999521462336, 'trop_k_veg': 2.4150534557566625}. Best is trial 1285 with value: -0.6015874360929447.
[I 2026-08-20 00:55:00,951] Trial 1759 finished with value: 0.5145620667691437 and parameters: {'k1': 0.0003248329531166833, 'D_low': 15.291614828582366, 'k2': 2.0573300219173012e-05, 'D_high': 552928.3677327959, 'fire_exp': 5.480228530469886, 'P_half': 19.985934956544916, 'pre_dampen_half': 1.3098401835882298, 'gpp_af': 0.2929992633109155, 'gpp_b': 0.0023365740098067835, 'gpp_d': 46.7253533721445, 'ign_k': 3.2928981763606093, 'ign_c': 16.99370864970854, 'trop_agb_crit': 4.156968624870511, 'trop_k_veg': 2.161170948943361}. Best is trial 1285 with value: -0.6015874360929447.
[I 2026-08-20 00:55:02,509] Trial 1760 finished with value: 0.41979067056603603 and parameters: {'k1': 0.009384343740271781, 'D_low': 27.547049625610413, 'k2': 0.00026446703332637454, 'D_high': 87742.05109314606, 'fire_exp': 1.8553064115769273, 'P_half': 57.49199189473803, 'pre_dampen_half': 6.259173445871323, 'gpp_af': 2.5553061468092455, 'gpp_b': 0.0035813963340040524, 'gpp_d': 623.2191591252172, 'ign_k': 0.16813677130871285, 'ign_c': 3.251978522842121, 'trop_agb_crit': 14.920816214638762, 'trop_k_veg': 5.744144338049167}. Best is trial 1285 with value: -0.6015874360929447.
