[I 2026-08-06 03:05:55,459] Trial 504 finished with values: [-0.5794190353855505, 0.20576323105717542] and parameters: {'k1': 3.29655013583809e-05, 'D_low': 1.1102341430568343, 'k2': 4.484744524732793e-05, 'D_high': 28975.337521324145, 'fire_exp': 1.0881360604103363, 'P_half': 10.755022125844455, 'pre_dampen_half': 36.876350096203005, 'gpp_af': 0.05391752791214327, 'gpp_b': 0.004215504256370331, 'gpp_d': 331.7366635899375, 'ign_k': 0.37424230019851973, 'ign_c': 0.9580682294110432, 'gdp_gamma': 0.3862443158940324}.
[I 2026-08-06 03:05:57,108] Trial 505 finished with values: [10.309333292138454, 10.309333292138454] and parameters: {'k1': 2.9394634586259703e-05, 'D_low': 29.89885508829526, 'k2': 0.007519407491506672, 'D_high': 9769.756791866093, 'fire_exp': 1.0881360604103363, 'P_half': 141.1179996668461, 'pre_dampen_half': 36.876350096203005, 'gpp_af': 21.42302175774105, 'gpp_b': 0.040428727350273294, 'gpp_d': 33.9790424311127, 'ign_k': 0.37424230019851973, 'ign_c': 6.160975294741436, 'gdp_gamma': 1.351676663316814}.
[I 2026-08-06 03:05:58,868] Trial 506 finished with values: [10.685710380970432, 10.685710380970432] and parameters: {'k1': 0.006697348618512094, 'D_low': 2068.53034640896, 'k2': 0.0007081721844034209, 'D_high': 2970.7920514735997, 'fire_exp': 1.2621840161507252, 'P_half': 2.1698375693549488, 'pre_dampen_half': 36.876350096203005, 'gpp_af': 0.002311080279955305, 'gpp_b': 3.481277316673104e-05, 'gpp_d': 26.003623362924223, 'ign_k': 0.0026834162496848666, 'ign_c': 6.160975294741436, 'gdp_gamma': 1.351676663316814}.
[I 2026-08-06 03:06:00,611] Trial 507 finished with values: [10.333972455334562, 10.333972455334562] and parameters: {'k1': 0.00031489116479568613, 'D_low': 21.901578520649217, 'k2': 0.007519407491506672, 'D_high': 35.11445258128688, 'fire_exp': 1.0881360604103363, 'P_half': 1.2765717873951687, 'pre_dampen_half': 36.876350096203005, 'gpp_af': 0.09145768948268033, 'gpp_b': 0.004215504256370331, 'gpp_d': 34.70266988650411, 'ign_k': 0.37424230019851973, 'ign_c': 6.807874826564585, 'gdp_gamma': 0.559652086128564}.
[I 2026-08-06 03:06:02,512] Trial 508 finished with values: [-0.5391639342506588, 0.1373098185838606] and parameters: {'k1': 2.9394634586259703e-05, 'D_low': 19.063314120324364, 'k2': 0.00014001191914113747, 'D_high': 8182.111518618414, 'fire_exp': 1.0881360604103363, 'P_half': 616.1423618045311, 'pre_dampen_half': 129.7187644086357, 'gpp_af': 0.002311080279955305, 'gpp_b': 0.004215504256370331, 'gpp_d': 1.2434469102435366, 'ign_k': 1.2021930484915047, 'ign_c': 6.807874826564585, 'gdp_gamma': 1.8068697350278546}.
[I 2026-08-06 03:06:04,204] Trial 509 finished with values: [10.259794179745143, 10.259794179745143] and parameters: {'k1': 1.337656423210409e-05, 'D_low': 376.7022142229396, 'k2': 0.0007081721844034209, 'D_high': 9769.756791866093, 'fire_exp': 1.0881360604103363, 'P_half': 10.226988730324324, 'pre_dampen_half': 8.904067307938409, 'gpp_af': 47.98010910675297, 'gpp_b': 0.004215504256370331, 'gpp_d': 48.69745226446181, 'ign_k': 0.03893835424674704, 'ign_c': 1.3894673469237204, 'gdp_gamma': 0.0014844267306148389}.
[I 2026-08-06 03:06:05,851] Trial 510 finished with values: [10.104174400491702, 10.104174400491702] and parameters: {'k1': 2.9394634586259703e-05, 'D_low': 19.063314120324364, 'k2': 0.00014001191914113747, 'D_high': 4042.6607830428875, 'fire_exp': 1.0340574447037933, 'P_half': 10.226988730324324, 'pre_dampen_half': 31.977584652685227, 'gpp_af': 26.90845367054865, 'gpp_b': 0.0030742893625766146, 'gpp_d': 5.087233554384502, 'ign_k': 1.2021930484915047, 'ign_c': 1.317454386434276, 'gdp_gamma': 0.5013415300044294}.
[I 2026-08-06 03:06:07,523] Trial 511 finished with values: [10.714971261349419, 10.714971261349419] and parameters: {'k1': 0.0002191739661157602, 'D_low': 29.89885508829526, 'k2': 0.0007081721844034209, 'D_high': 13.670484737132345, 'fire_exp': 1.8108717155566076, 'P_half': 27.79045054796807, 'pre_dampen_half': 36.876350096203005, 'gpp_af': 29.925002022877802, 'gpp_b': 0.0012070331879029856, 'gpp_d': 37.40930273158252, 'ign_k': 1.2021930484915047, 'ign_c': 6.807874826564585, 'gdp_gamma': 0.015216188354081242}.
[I 2026-08-06 03:06:09,361] Trial 512 finished with values: [10.76923076903347, 10.76923076903347] and parameters: {'k1': 2.9394634586259703e-05, 'D_low': 1.1102341430568343, 'k2': 0.00015466641867531393, 'D_high': 3419.1084735544555, 'fire_exp': 1.0881360604103363, 'P_half': 25.255166452944085, 'pre_dampen_half': 36.876350096203005, 'gpp_af': 0.017832592720985762, 'gpp_b': 0.17962348438857098, 'gpp_d': 189.88136301569827, 'ign_k': 1.2021930484915047, 'ign_c': 304.7028350021922, 'gdp_gamma': 1.8068697350278546}.
[I 2026-08-06 03:06:11,137] Trial 513 finished with values: [10.769213866620506, 10.769213866620506] and parameters: {'k1': 2.9394634586259703e-05, 'D_low': 148.10800730363493, 'k2': 0.00015466641867531393, 'D_high': 21863.563449420166, 'fire_exp': 5.177104509724454, 'P_half': 1610.3205392189668, 'pre_dampen_half': 129.7187644086357, 'gpp_af': 0.05391752791214327, 'gpp_b': 5.7857954539842234e-05, 'gpp_d': 33.9790424311127, 'ign_k': 0.002115412774188856, 'ign_c': 22.126836566118193, 'gdp_gamma': 0.1138099269777268}.
[I 2026-08-06 03:06:12,770] Trial 514 finished with values: [10.135643565000695, 10.135643565000695] and parameters: {'k1': 2.9394634586259703e-05, 'D_low': 29.89885508829526, 'k2': 0.000227929621949939, 'D_high': 2308.5168151108014, 'fire_exp': 1.0727542652117925, 'P_half': 25.255166452944085, 'pre_dampen_half': 36.876350096203005, 'gpp_af': 11.861116422456565, 'gpp_b': 0.004215504256370331, 'gpp_d': 33.9790424311127, 'ign_k': 0.002115412774188856, 'ign_c': 1.317454386434276, 'gdp_gamma': 0.3862443158940324}.
[I 2026-08-06 03:06:14,418] Trial 515 finished with values: [10.7184386465641, 10.7184386465641] and parameters: {'k1': 2.9394634586259703e-05, 'D_low': 1.1102341430568343, 'k2': 0.06994589881535453, 'D_high': 2970.7920514735997, 'fire_exp': 1.0881360604103363, 'P_half': 2.1698375693549488, 'pre_dampen_half': 0.025152098893118636, 'gpp_af': 0.002311080279955305, 'gpp_b': 3.686869490609954e-05, 'gpp_d': 331.7366635899375, 'ign_k': 0.0019264360371306567, 'ign_c': 1.3894673469237204, 'gdp_gamma': 0.3862443158940324}.
[I 2026-08-06 03:06:16,060] Trial 516 finished with values: [10.759159639289997, 10.759159639289997] and parameters: {'k1': 0.0030285741098956273, 'D_low': 3795.4792742512946, 'k2': 0.00014001191914113747, 'D_high': 386.98408508417, 'fire_exp': 1.5191397119156032, 'P_half': 25.255166452944085, 'pre_dampen_half': 31.977584652685227, 'gpp_af': 0.09145768948268033, 'gpp_b': 0.028369067932328344, 'gpp_d': 189.88136301569827, 'ign_k': 0.37424230019851973, 'ign_c': 6.807874826564585, 'gdp_gamma': 0.5013415300044294}.
[I 2026-08-06 03:06:17,628] Trial 517 finished with values: [10.368152428737519, 10.368152428737519] and parameters: {'k1': 0.0030285741098956273, 'D_low': 29.89885508829526, 'k2': 4.484744524732793e-05, 'D_high': 21863.563449420166, 'fire_exp': 1.5191397119156032, 'P_half': 25.255166452944085, 'pre_dampen_half': 36.876350096203005, 'gpp_af': 0.09145768948268033, 'gpp_b': 0.004215504256370331, 'gpp_d': 10.931606102061748, 'ign_k': 0.37424230019851973, 'ign_c': 22.126836566118193, 'gdp_gamma': 0.3862443158940324}.
[I 2026-08-06 03:06:19,211] Trial 518 finished with values: [10.621049593146118, 10.621049593146118] and parameters: {'k1': 0.0029690870944846805, 'D_low': 29.89885508829526, 'k2': 0.0007081721844034209, 'D_high': 21863.563449420166, 'fire_exp': 1.5191397119156032, 'P_half': 10.226988730324324, 'pre_dampen_half': 36.876350096203005, 'gpp_af': 0.05391752791214327, 'gpp_b': 0.0030742893625766146, 'gpp_d': 10.931606102061748, 'ign_k': 2.7728241828010627, 'ign_c': 0.6615437365561385, 'gdp_gamma': 1.8068697350278546}.
[I 2026-08-06 03:06:20,941] Trial 519 finished with values: [10.011118680353968, 10.011118680353968] and parameters: {'k1': 2.80643901112427e-05, 'D_low': 148.10800730363493, 'k2': 0.03820259936390116, 'D_high': 28975.337521324145, 'fire_exp': 1.0881360604103363, 'P_half': 37.15131799947327, 'pre_dampen_half': 129.7187644086357, 'gpp_af': 0.09145768948268033, 'gpp_b': 0.004215504256370331, 'gpp_d': 4.08522800366862, 'ign_k': 1.2021930484915047, 'ign_c': 22.126836566118193, 'gdp_gamma': 0.3862443158940324}.
[I 2026-08-06 03:06:23,115] Trial 520 finished with values: [10.316575507793699, 10.316575507793699] and parameters: {'k1': 0.00031489116479568613, 'D_low': 1.1102341430568343, 'k2': 4.484744524732793e-05, 'D_high': 1550.1349373348469, 'fire_exp': 1.0727542652117925, 'P_half': 1.2765717873951687, 'pre_dampen_half': 36.876350096203005, 'gpp_af': 0.05391752791214327, 'gpp_b': 0.0030742893625766146, 'gpp_d': 34.70266988650411, 'ign_k': 1.2021930484915047, 'ign_c': 0.3525936800597896, 'gdp_gamma': 1.8068697350278546}.
[I 2026-08-06 03:06:24,892] Trial 521 finished with values: [10.262912119837475, 10.262912119837475] and parameters: {'k1': 0.0007284371265166888, 'D_low': 30.956657914928517, 'k2': 0.00014001191914113747, 'D_high': 35.11445258128688, 'fire_exp': 1.0881360604103363, 'P_half': 4.933751600448339, 'pre_dampen_half': 129.7187644086357, 'gpp_af': 0.09145768948268033, 'gpp_b': 0.004215504256370331, 'gpp_d': 122.03624884436569, 'ign_k': 0.37424230019851973, 'ign_c': 22.126836566118193, 'gdp_gamma': 0.1138099269777268}.
[I 2026-08-06 03:06:26,674] Trial 522 finished with values: [10.348523240363566, 10.348523240363566] and parameters: {'k1': 0.0030285741098956273, 'D_low': 1.1102341430568343, 'k2': 0.00020222983754231334, 'D_high': 8182.111518618414, 'fire_exp': 1.0881360604103363, 'P_half': 25.255166452944085, 'pre_dampen_half': 129.7187644086357, 'gpp_af': 0.002311080279955305, 'gpp_b': 0.004215504256370331, 'gpp_d': 331.7366635899375, 'ign_k': 0.37424230019851973, 'ign_c': 6.807874826564585, 'gdp_gamma': 1.8068697350278546}.
[I 2026-08-06 03:06:28,417] Trial 523 finished with values: [10.082349621432153, 10.082349621432153] and parameters: {'k1': 0.0030285741098956273, 'D_low': 29.89885508829526, 'k2': 0.00014001191914113747, 'D_high': 35.11445258128688, 'fire_exp': 1.0643782527174972, 'P_half': 616.1423618045311, 'pre_dampen_half': 129.7187644086357, 'gpp_af': 0.09145768948268033, 'gpp_b': 0.004215504256370331, 'gpp_d': 1.2434469102435366, 'ign_k': 0.37424230019851973, 'ign_c': 6.445745262301892, 'gdp_gamma': 0.1138099269777268}.
[I 2026-08-06 03:06:30,045] Trial 524 finished with values: [10.044962740438626, 10.044962740438626] and parameters: {'k1': 0.0030285741098956273, 'D_low': 148.10800730363493, 'k2': 0.00014001191914113747, 'D_high': 21863.563449420166, 'fire_exp': 1.0643782527174972, 'P_half': 616.1423618045311, 'pre_dampen_half': 129.7187644086357, 'gpp_af': 0.1241231030920017, 'gpp_b': 0.004215504256370331, 'gpp_d': 331.7366635899375, 'ign_k': 0.08356564873457054, 'ign_c': 22.126836566118193, 'gdp_gamma': 0.1138099269777268}.
[I 2026-08-06 03:06:31,772] Trial 525 finished with values: [10.515836160783666, 10.515836160783666] and parameters: {'k1': 0.0030285741098956273, 'D_low': 29.89885508829526, 'k2': 2.0621202575348143e-05, 'D_high': 8182.111518618414, 'fire_exp': 1.0643782527174972, 'P_half': 25.255166452944085, 'pre_dampen_half': 397.4459556835019, 'gpp_af': 0.09145768948268033, 'gpp_b': 0.0025797966927081192, 'gpp_d': 189.88136301569827, 'ign_k': 0.37524142865929516, 'ign_c': 6.807874826564585, 'gdp_gamma': 0.1138099269777268}.
[I 2026-08-06 03:06:33,388] Trial 526 finished with values: [10.23403416925338, 10.23403416925338] and parameters: {'k1': 2.9394634586259703e-05, 'D_low': 127.52949611679996, 'k2': 0.06994589881535453, 'D_high': 8440.303958079088, 'fire_exp': 1.0340574447037933, 'P_half': 25.255166452944085, 'pre_dampen_half': 14.711215379121963, 'gpp_af': 0.002311080279955305, 'gpp_b': 0.004215504256370331, 'gpp_d': 331.7366635899375, 'ign_k': 0.038791280730284435, 'ign_c': 6.807874826564585, 'gdp_gamma': 1.8068697350278546}.
[I 2026-08-06 03:06:35,008] Trial 527 finished with values: [10.450706030653206, 10.450706030653206] and parameters: {'k1': 2.9394634586259703e-05, 'D_low': 1.1102341430568343, 'k2': 0.0008312953263874528, 'D_high': 28975.337521324145, 'fire_exp': 1.4322493718230251, 'P_half': 2.1698375693549488, 'pre_dampen_half': 36.876350096203005, 'gpp_af': 0.002311080279955305, 'gpp_b': 0.0030742893625766146, 'gpp_d': 34.70266988650411, 'ign_k': 0.0026834162496848666, 'ign_c': 6.160975294741436, 'gdp_gamma': 1.8068697350278546}.
[I 2026-08-06 03:06:36,735] Trial 528 finished with values: [10.446729340020813, 10.446729340020813] and parameters: {'k1': 2.9394634586259703e-05, 'D_low': 1.1102341430568343, 'k2': 0.00015466641867531393, 'D_high': 3419.1084735544555, 'fire_exp': 1.206785218555155, 'P_half': 1.743445339651922, 'pre_dampen_half': 36.876350096203005, 'gpp_af': 0.002311080279955305, 'gpp_b': 0.0030742893625766146, 'gpp_d': 33.9790424311127, 'ign_k': 0.0019264360371306567, 'ign_c': 0.21948188038908775, 'gdp_gamma': 1.8068697350278546}.
[I 2026-08-06 03:06:38,439] Trial 529 finished with values: [10.071244920190075, 10.071244920190075] and parameters: {'k1': 2.9394634586259703e-05, 'D_low': 57.949672745830284, 'k2': 3.277320296937061e-05, 'D_high': 1453.919918756155, 'fire_exp': 1.0340574447037933, 'P_half': 2.951922743391744, 'pre_dampen_half': 17.62185042369633, 'gpp_af': 1.036956521675621, 'gpp_b': 3.686869490609954e-05, 'gpp_d': 26.003623362924223, 'ign_k': 0.0019264360371306567, 'ign_c': 0.9580682294110432, 'gdp_gamma': 0.3862443158940324}.
[I 2026-08-06 03:06:40,073] Trial 530 finished with values: [-0.5801947109276828, 0.08737130744761457] and parameters: {'k1': 2.9394634586259703e-05, 'D_low': 29.89885508829526, 'k2': 4.484744524732793e-05, 'D_high': 21863.563449420166, 'fire_exp': 1.5191397119156032, 'P_half': 25.255166452944085, 'pre_dampen_half': 129.7187644086357, 'gpp_af': 0.017832592720985762, 'gpp_b': 0.0030742893625766146, 'gpp_d': 189.88136301569827, 'ign_k': 1.2021930484915047, 'ign_c': 22.126836566118193, 'gdp_gamma': 1.8068697350278546}.
[I 2026-08-06 03:06:41,742] Trial 531 finished with values: [10.193437333754384, 10.193437333754384] and parameters: {'k1': 2.9394634586259703e-05, 'D_low': 19.063314120324364, 'k2': 0.00014001191914113747, 'D_high': 21863.563449420166, 'fire_exp': 1.766457666768112, 'P_half': 4.933751600448339, 'pre_dampen_half': 129.7187644086357, 'gpp_af': 0.002311080279955305, 'gpp_b': 0.004215504256370331, 'gpp_d': 1.2434469102435366, 'ign_k': 1.2021930484915047, 'ign_c': 6.807874826564585, 'gdp_gamma': 1.8068697350278546}.
[I 2026-08-06 03:06:43,674] Trial 532 finished with values: [10.123454125411989, 10.123454125411989] and parameters: {'k1': 0.002971796631657383, 'D_low': 1.1102341430568343, 'k2': 0.0007081721844034209, 'D_high': 35.11445258128688, 'fire_exp': 1.314673522286271, 'P_half': 10.226988730324324, 'pre_dampen_half': 36.876350096203005, 'gpp_af': 0.05391752791214327, 'gpp_b': 0.00039228369335318313, 'gpp_d': 33.9790424311127, 'ign_k': 0.37424230019851973, 'ign_c': 1.3894673469237204, 'gdp_gamma': 0.3862443158940324}.
[I 2026-08-06 03:06:45,293] Trial 533 finished with values: [11.290285098026263, 11.290285098026263] and parameters: {'k1': 0.0002191739661157602, 'D_low': 4.346890702031289, 'k2': 0.007519407491506672, 'D_high': 2842.140588732084, 'fire_exp': 1.314673522286271, 'P_half': 1.2765717873951687, 'pre_dampen_half': 228.5166416759209, 'gpp_af': 0.05391752791214327, 'gpp_b': 0.0012070331879029856, 'gpp_d': 48.69745226446181, 'ign_k': 0.031585104499228, 'ign_c': 0.7531057256501223, 'gdp_gamma': 1.8068697350278546}.
[I 2026-08-06 03:06:46,922] Trial 534 finished with values: [10.710256765755071, 10.710256765755071] and parameters: {'k1': 2.9394634586259703e-05, 'D_low': 1.1102341430568343, 'k2': 0.06994589881535453, 'D_high': 2842.140588732084, 'fire_exp': 1.0881360604103363, 'P_half': 25.255166452944085, 'pre_dampen_half': 36.876350096203005, 'gpp_af': 0.05391752791214327, 'gpp_b': 0.0030742893625766146, 'gpp_d': 757.401706154469, 'ign_k': 0.37424230019851973, 'ign_c': 6.807874826564585, 'gdp_gamma': 1.8068697350278546}.
[I 2026-08-06 03:06:48,656] Trial 535 finished with values: [-0.5775573422037806, 0.13335341964443503] and parameters: {'k1': 0.0002191739661157602, 'D_low': 29.89885508829526, 'k2': 0.0007492772870670282, 'D_high': 13.670484737132345, 'fire_exp': 1.4322493718230251, 'P_half': 1.2765717873951687, 'pre_dampen_half': 397.4459556835019, 'gpp_af': 0.05391752791214327, 'gpp_b': 0.0012070331879029856, 'gpp_d': 0.48359183418131724, 'ign_k': 0.37424230019851973, 'ign_c': 0.5351452349843333, 'gdp_gamma': 0.7366679513906507}.
[I 2026-08-06 03:06:50,252] Trial 536 finished with values: [10.76841012078398, 10.76841012078398] and parameters: {'k1': 0.0030285741098956273, 'D_low': 1441.4315663330235, 'k2': 4.484744524732793e-05, 'D_high': 35.11445258128688, 'fire_exp': 4.55730164795642, 'P_half': 25.255166452944085, 'pre_dampen_half': 36.876350096203005, 'gpp_af': 0.06323437159998231, 'gpp_b': 0.009753810162817544, 'gpp_d': 189.88136301569827, 'ign_k': 0.37424230019851973, 'ign_c': 6.807874826564585, 'gdp_gamma': 0.11787300531243229}.
[I 2026-08-06 03:06:51,895] Trial 537 finished with values: [10.209947622980403, 10.209947622980403] and parameters: {'k1': 0.0007284371265166888, 'D_low': 1.1102341430568343, 'k2': 4.484744524732793e-05, 'D_high': 21863.563449420166, 'fire_exp': 1.5191397119156032, 'P_half': 25.255166452944085, 'pre_dampen_half': 36.876350096203005, 'gpp_af': 0.017832592720985762, 'gpp_b': 0.0025797966927081192, 'gpp_d': 5.981605330890935, 'ign_k': 1.2021930484915047, 'ign_c': 8.308114652888387, 'gdp_gamma': 0.3862443158940324}.
[I 2026-08-06 03:06:53,608] Trial 538 finished with values: [-0.5788370440419734, 0.17753380295605226] and parameters: {'k1': 0.0030285741098956273, 'D_low': 1.1102341430568343, 'k2': 4.484744524732793e-05, 'D_high': 35.11445258128688, 'fire_exp': 1.0881360604103363, 'P_half': 25.255166452944085, 'pre_dampen_half': 36.876350096203005, 'gpp_af': 0.09145768948268033, 'gpp_b': 0.004215504256370331, 'gpp_d': 331.7366635899375, 'ign_k': 0.37424230019851973, 'ign_c': 1.3894673469237204, 'gdp_gamma': 0.3862443158940324}.
[I 2026-08-06 03:06:55,176] Trial 539 finished with values: [10.781958972649193, 10.781958972649193] and parameters: {'k1': 2.3224552232891533e-05, 'D_low': 376.7022142229396, 'k2': 0.03820259936390116, 'D_high': 28975.337521324145, 'fire_exp': 1.0340574447037933, 'P_half': 251.23618639978196, 'pre_dampen_half': 14.711215379121963, 'gpp_af': 1.036956521675621, 'gpp_b': 0.0005623095666134974, 'gpp_d': 331.7366635899375, 'ign_k': 0.37424230019851973, 'ign_c': 0.6615437365561385, 'gdp_gamma': 1.8068697350278546}.
[I 2026-08-06 03:06:56,837] Trial 540 finished with values: [10.24248653318563, 10.24248653318563] and parameters: {'k1': 2.80643901112427e-05, 'D_low': 29.89885508829526, 'k2': 2.143851363193518e-05, 'D_high': 35.11445258128688, 'fire_exp': 1.0881360604103363, 'P_half': 10.755022125844455, 'pre_dampen_half': 14.711215379121963, 'gpp_af': 1.036956521675621, 'gpp_b': 0.004215504256370331, 'gpp_d': 331.7366635899375, 'ign_k': 0.038791280730284435, 'ign_c': 0.9580682294110432, 'gdp_gamma': 0.3862443158940324}.
[I 2026-08-06 03:06:58,598] Trial 541 finished with values: [10.135332862726466, 10.135332862726466] and parameters: {'k1': 2.9394634586259703e-05, 'D_low': 1.1102341430568343, 'k2': 0.03820259936390116, 'D_high': 2970.7920514735997, 'fire_exp': 1.0881360604103363, 'P_half': 10.226988730324324, 'pre_dampen_half': 36.876350096203005, 'gpp_af': 0.05391752791214327, 'gpp_b': 0.0030742893625766146, 'gpp_d': 331.7366635899375, 'ign_k': 0.37424230019851973, 'ign_c': 1.317454386434276, 'gdp_gamma': 0.3862443158940324}.
[I 2026-08-06 03:07:00,269] Trial 542 finished with values: [10.109611203913449, 10.109611203913449] and parameters: {'k1': 2.80643901112427e-05, 'D_low': 29.89885508829526, 'k2': 2.143851363193518e-05, 'D_high': 28975.337521324145, 'fire_exp': 1.0727542652117925, 'P_half': 10.755022125844455, 'pre_dampen_half': 14.711215379121963, 'gpp_af': 1.036956521675621, 'gpp_b': 0.004215504256370331, 'gpp_d': 331.7366635899375, 'ign_k': 0.038791280730284435, 'ign_c': 6.807874826564585, 'gdp_gamma': 0.3862443158940324}.
[I 2026-08-06 03:07:01,913] Trial 543 finished with values: [-0.4769841895763305, 0.17709340845684163] and parameters: {'k1': 0.0002191739661157602, 'D_low': 148.10800730363493, 'k2': 0.00014001191914113747, 'D_high': 13.670484737132345, 'fire_exp': 1.5191397119156032, 'P_half': 4.933751600448339, 'pre_dampen_half': 397.4459556835019, 'gpp_af': 0.05391752791214327, 'gpp_b': 5.7857954539842234e-05, 'gpp_d': 189.88136301569827, 'ign_k': 1.2021930484915047, 'ign_c': 6.807874826564585, 'gdp_gamma': 0.1138099269777268}.
[I 2026-08-06 03:07:03,577] Trial 544 finished with values: [11.172513875231644, 11.172513875231644] and parameters: {'k1': 2.80643901112427e-05, 'D_low': 29.89885508829526, 'k2': 0.007530210437963516, 'D_high': 21863.563449420166, 'fire_exp': 1.0340574447037933, 'P_half': 10.226988730324324, 'pre_dampen_half': 36.876350096203005, 'gpp_af': 0.05391752791214327, 'gpp_b': 0.004215504256370331, 'gpp_d': 331.7366635899375, 'ign_k': 1.833717796770998, 'ign_c': 0.9580682294110432, 'gdp_gamma': 1.8068697350278546}.
[I 2026-08-06 03:07:05,513] Trial 545 finished with values: [10.43043944418564, 10.43043944418564] and parameters: {'k1': 2.80643901112427e-05, 'D_low': 2.6285770615112845, 'k2': 0.0007492772870670282, 'D_high': 82.00096539027479, 'fire_exp': 1.4322493718230251, 'P_half': 1.2765717873951687, 'pre_dampen_half': 14.711215379121963, 'gpp_af': 0.05391752791214327, 'gpp_b': 0.004215504256370331, 'gpp_d': 48.69745226446181, 'ign_k': 0.37424230019851973, 'ign_c': 6.807874826564585, 'gdp_gamma': 1.8068697350278546}.
