[I 2026-08-06 08:59:02,543] Trial 629 finished with values: [10.312964836963403, 10.312964836963403] and parameters: {'k1': 0.004312951023617458, 'D_low': 2.143851363193517, 'k2': 0.032845299795769424, 'D_high': 61536.58035691648, 'fire_exp': 1.0362310858538248, 'P_half': 1.4367266998250416, 'pre_dampen_half': 63.6685916079943, 'gpp_af': 0.7539992074650279, 'gpp_b': 0.0005752434266899163, 'gpp_d': 0.04078961160746153, 'ign_k': 0.0680787482656459, 'ign_c': 0.70689749506246, 'trop_agb_crit': 25.382873076016292, 'trop_k_veg': 1.7517490491468353}.
[I 2026-08-06 08:59:03,757] Trial 630 finished with values: [10.516177163515941, 10.516177163515941] and parameters: {'k1': 0.01889771394135163, 'D_low': 5438.762195226741, 'k2': 0.0007047307383115598, 'D_high': 61536.58035691648, 'fire_exp': 1.0629462657398439, 'P_half': 221.2683656611821, 'pre_dampen_half': 502.5175192217655, 'gpp_af': 0.25562996323356024, 'gpp_b': 1.284284091405877e-05, 'gpp_d': 229.41380323183625, 'ign_k': 0.07696703458159235, 'ign_c': 0.557280750002996, 'trop_agb_crit': 1.14876138417489, 'trop_k_veg': 0.6673124511410327}.
[I 2026-08-06 08:59:04,958] Trial 631 finished with values: [-0.574125526327048, 0.7179244469682624] and parameters: {'k1': 0.0001839180780558311, 'D_low': 40.12413353131991, 'k2': 0.03538758864779238, 'D_high': 25628.666000163565, 'fire_exp': 1.0362310858538248, 'P_half': 1.605843632310088, 'pre_dampen_half': 502.5175192217655, 'gpp_af': 0.7539992074650279, 'gpp_b': 0.011051185074931393, 'gpp_d': 229.41380323183625, 'ign_k': 8.708806168038567, 'ign_c': 1.2389052918551067, 'trop_agb_crit': 25.382873076016292, 'trop_k_veg': 2.520089655463604}.
[I 2026-08-06 08:59:06,150] Trial 632 finished with values: [10.272038835271044, 10.272038835271044] and parameters: {'k1': 0.00810356796771759, 'D_low': 2.6786906100977124, 'k2': 1.4665316366397004e-05, 'D_high': 25628.666000163565, 'fire_exp': 1.695318866910499, 'P_half': 4.213183643253957, 'pre_dampen_half': 107.40052367919465, 'gpp_af': 1.1409619915696267, 'gpp_b': 1.5385046399532158e-05, 'gpp_d': 229.41380323183625, 'ign_k': 0.12329098365270515, 'ign_c': 8.40543912931368, 'trop_agb_crit': 1.6878075072665546, 'trop_k_veg': 1.9938441068366917}.
[I 2026-08-06 08:59:07,291] Trial 633 finished with values: [10.159453028049796, 10.159453028049796] and parameters: {'k1': 0.007299613382801458, 'D_low': 12.105387404469584, 'k2': 0.0009562822793888481, 'D_high': 8182.111518618414, 'fire_exp': 1.221575427404682, 'P_half': 220.3445560633069, 'pre_dampen_half': 107.40052367919465, 'gpp_af': 0.00515795696727661, 'gpp_b': 1.3575045977280317e-05, 'gpp_d': 16.460426816350523, 'ign_k': 0.12329098365270515, 'ign_c': 0.21208987108343724, 'trop_agb_crit': 1.14876138417489, 'trop_k_veg': 0.6673124511410327}.
[I 2026-08-06 08:59:08,430] Trial 634 finished with values: [10.752187162561802, 10.752187162561802] and parameters: {'k1': 0.01549659926581634, 'D_low': 12.105387404469584, 'k2': 3.9207829763785736e-05, 'D_high': 8182.111518618414, 'fire_exp': 1.1430983876313219, 'P_half': 5.29551022369202, 'pre_dampen_half': 63.6685916079943, 'gpp_af': 0.7539992074650279, 'gpp_b': 8.313439445310161, 'gpp_d': 2.944272359149677, 'ign_k': 0.12329098365270515, 'ign_c': 0.21208987108343724, 'trop_agb_crit': 10.965064494899984, 'trop_k_veg': 4.345076509212382}.
[I 2026-08-06 08:59:09,546] Trial 635 finished with values: [10.118648156042104, 10.118648156042104] and parameters: {'k1': 0.004312951023617458, 'D_low': 4.484744524732794, 'k2': 0.032845299795769424, 'D_high': 8182.111518618414, 'fire_exp': 1.0629462657398439, 'P_half': 4.213183643253957, 'pre_dampen_half': 502.5175192217655, 'gpp_af': 9.419931479490897, 'gpp_b': 0.0005752434266899163, 'gpp_d': 229.41380323183625, 'ign_k': 8.708806168038567, 'ign_c': 20.03995359361212, 'trop_agb_crit': 26.643872076082868, 'trop_k_veg': 3.8009448355772393}.
[I 2026-08-06 08:59:10,715] Trial 636 finished with values: [10.687499462743375, 10.687499462743375] and parameters: {'k1': 0.01889771394135163, 'D_low': 3.525936800597896, 'k2': 0.032845299795769424, 'D_high': 8182.111518618414, 'fire_exp': 1.0601964743503993, 'P_half': 220.3445560633069, 'pre_dampen_half': 0.010585220389440335, 'gpp_af': 0.1476584299248268, 'gpp_b': 0.0005752434266899163, 'gpp_d': 229.41380323183625, 'ign_k': 8.708806168038567, 'ign_c': 20.03995359361212, 'trop_agb_crit': 1.14876138417489, 'trop_k_veg': 1.4584243470991722}.
[I 2026-08-06 08:59:11,841] Trial 637 finished with values: [-0.5635137703605871, 0.3562806391716066] and parameters: {'k1': 0.00488137519160367, 'D_low': 5.59983195169599, 'k2': 0.032845299795769424, 'D_high': 2940.51756322311, 'fire_exp': 1.1430983876313219, 'P_half': 338.23872019362165, 'pre_dampen_half': 552.4163637315892, 'gpp_af': 0.1476584299248268, 'gpp_b': 1.3289448722869181e-05, 'gpp_d': 150.14555442537656, 'ign_k': 8.708806168038567, 'ign_c': 0.557280750002996, 'trop_agb_crit': 10.965064494899984, 'trop_k_veg': 0.6673124511410327}.
[I 2026-08-06 08:59:12,980] Trial 638 finished with values: [10.394501752307704, 10.394501752307704] and parameters: {'k1': 0.004312951023617458, 'D_low': 4.484744524732794, 'k2': 0.0007047307383115598, 'D_high': 1177.190025324204, 'fire_exp': 1.1430983876313219, 'P_half': 4.213183643253957, 'pre_dampen_half': 502.5175192217655, 'gpp_af': 0.00515795696727661, 'gpp_b': 0.0005752434266899163, 'gpp_d': 1.493264336549928, 'ign_k': 5.351470428717437, 'ign_c': 0.557280750002996, 'trop_agb_crit': 1.14876138417489, 'trop_k_veg': 0.6673124511410327}.
[I 2026-08-06 08:59:14,106] Trial 639 finished with values: [-0.5343615598712768, 0.573701416216889] and parameters: {'k1': 0.002367935204022389, 'D_low': 70.18267183720735, 'k2': 0.012758211164590085, 'D_high': 8182.111518618414, 'fire_exp': 1.0629462657398439, 'P_half': 220.3445560633069, 'pre_dampen_half': 502.5175192217655, 'gpp_af': 9.419931479490897, 'gpp_b': 0.0005752434266899163, 'gpp_d': 84.31013932082456, 'ign_k': 8.708806168038567, 'ign_c': 20.03995359361212, 'trop_agb_crit': 7.500118950416987, 'trop_k_veg': 3.8009448355772393}.
[I 2026-08-06 08:59:15,300] Trial 640 finished with values: [10.049647509788452, 10.049647509788452] and parameters: {'k1': 0.01889771394135163, 'D_low': 70.18267183720735, 'k2': 0.0007047307383115598, 'D_high': 63233.81951066786, 'fire_exp': 1.423480109671474, 'P_half': 4.213183643253957, 'pre_dampen_half': 107.40052367919465, 'gpp_af': 0.00515795696727661, 'gpp_b': 1.3575045977280317e-05, 'gpp_d': 574.194366311956, 'ign_k': 0.36014695835220345, 'ign_c': 20.03995359361212, 'trop_agb_crit': 1.14876138417489, 'trop_k_veg': 1.9938441068366917}.
[I 2026-08-06 08:59:16,455] Trial 641 finished with values: [-0.5749141059337419, 0.3112719754098062] and parameters: {'k1': 0.029626010885972713, 'D_low': 5.59983195169599, 'k2': 0.0006591123094840287, 'D_high': 2940.51756322311, 'fire_exp': 1.165368636520435, 'P_half': 115.44738876452311, 'pre_dampen_half': 552.4163637315892, 'gpp_af': 0.1476584299248268, 'gpp_b': 0.0005752434266899163, 'gpp_d': 2.944272359149677, 'ign_k': 0.12329098365270515, 'ign_c': 8.40543912931368, 'trop_agb_crit': 25.382873076016292, 'trop_k_veg': 0.6673124511410327}.
[I 2026-08-06 08:59:17,615] Trial 642 finished with values: [10.52709737756795, 10.52709737756795] and parameters: {'k1': 0.00488137519160367, 'D_low': 12.105387404469584, 'k2': 0.032845299795769424, 'D_high': 902.3734753282104, 'fire_exp': 4.643701096890353, 'P_half': 4.213183643253957, 'pre_dampen_half': 502.5175192217655, 'gpp_af': 0.1476584299248268, 'gpp_b': 0.0005752434266899163, 'gpp_d': 229.41380323183625, 'ign_k': 8.708806168038567, 'ign_c': 0.557280750002996, 'trop_agb_crit': 25.382873076016292, 'trop_k_veg': 0.6673124511410327}.
[I 2026-08-06 08:59:18,756] Trial 643 finished with values: [-0.5635137703605871, 0.3562806391716066] and parameters: {'k1': 0.00488137519160367, 'D_low': 5.59983195169599, 'k2': 0.032845299795769424, 'D_high': 2940.51756322311, 'fire_exp': 1.1430983876313219, 'P_half': 338.23872019362165, 'pre_dampen_half': 552.4163637315892, 'gpp_af': 0.1476584299248268, 'gpp_b': 1.3289448722869181e-05, 'gpp_d': 150.14555442537656, 'ign_k': 8.708806168038567, 'ign_c': 0.557280750002996, 'trop_agb_crit': 10.965064494899984, 'trop_k_veg': 0.6673124511410327}.
[I 2026-08-06 08:59:19,976] Trial 644 finished with values: [10.364709669707832, 10.364709669707832] and parameters: {'k1': 0.04669327135003539, 'D_low': 40.12413353131991, 'k2': 0.0007047307383115598, 'D_high': 15351.441568398131, 'fire_exp': 1.423480109671474, 'P_half': 221.2683656611821, 'pre_dampen_half': 502.5175192217655, 'gpp_af': 0.25562996323356024, 'gpp_b': 3.481277316673104e-05, 'gpp_d': 150.14555442537656, 'ign_k': 0.0018256829646330853, 'ign_c': 0.9580682294110432, 'trop_agb_crit': 1.14876138417489, 'trop_k_veg': 0.6673124511410327}.
[I 2026-08-06 08:59:21,431] Trial 645 finished with values: [-0.5466500482995806, 0.5670311872908446] and parameters: {'k1': 0.004312951023617458, 'D_low': 2.143851363193517, 'k2': 0.0005262881356087174, 'D_high': 8182.111518618414, 'fire_exp': 1.1430983876313219, 'P_half': 338.23872019362165, 'pre_dampen_half': 552.4163637315892, 'gpp_af': 0.1476584299248268, 'gpp_b': 1.3289448722869181e-05, 'gpp_d': 150.14555442537656, 'ign_k': 8.708806168038567, 'ign_c': 0.70689749506246, 'trop_agb_crit': 1.6079844205915728, 'trop_k_veg': 1.0594599158279707}.
[I 2026-08-06 08:59:22,617] Trial 646 finished with values: [10.452094110368934, 10.452094110368934] and parameters: {'k1': 0.004312951023617458, 'D_low': 40.12413353131991, 'k2': 0.0007047307383115598, 'D_high': 13.179361165291603, 'fire_exp': 1.0629462657398439, 'P_half': 17.04981874323337, 'pre_dampen_half': 502.5175192217655, 'gpp_af': 0.00515795696727661, 'gpp_b': 0.0005752434266899163, 'gpp_d': 1.493264336549928, 'ign_k': 8.708806168038567, 'ign_c': 0.9580682294110432, 'trop_agb_crit': 1.6878075072665546, 'trop_k_veg': 2.520089655463604}.
[I 2026-08-06 08:59:23,771] Trial 647 finished with values: [10.020373422456291, 10.020373422456291] and parameters: {'k1': 0.00488137519160367, 'D_low': 5.59983195169599, 'k2': 0.032845299795769424, 'D_high': 2940.51756322311, 'fire_exp': 1.1430983876313219, 'P_half': 658.7536748686896, 'pre_dampen_half': 552.4163637315892, 'gpp_af': 0.1476584299248268, 'gpp_b': 1.3289448722869181e-05, 'gpp_d': 150.14555442537656, 'ign_k': 8.708806168038567, 'ign_c': 0.557280750002996, 'trop_agb_crit': 10.965064494899984, 'trop_k_veg': 0.6673124511410327}.
[I 2026-08-06 08:59:24,942] Trial 648 finished with values: [10.625572360593017, 10.625572360593017] and parameters: {'k1': 0.008471801418819975, 'D_low': 4.484744524732794, 'k2': 0.032845299795769424, 'D_high': 64.1820830998748, 'fire_exp': 1.0629462657398439, 'P_half': 1.605843632310088, 'pre_dampen_half': 502.5175192217655, 'gpp_af': 0.10409127568994281, 'gpp_b': 0.0054502936945582505, 'gpp_d': 5.1715677287580455, 'ign_k': 0.6697348618512097, 'ign_c': 1.2389052918551067, 'trop_agb_crit': 1.14876138417489, 'trop_k_veg': 1.4584243470991722}.
[I 2026-08-06 08:59:26,193] Trial 649 finished with values: [10.769230769178105, 10.769230769178105] and parameters: {'k1': 0.004312951023617458, 'D_low': 4.484744524732794, 'k2': 0.0007047307383115598, 'D_high': 61536.58035691648, 'fire_exp': 1.423480109671474, 'P_half': 338.23872019362165, 'pre_dampen_half': 502.5175192217655, 'gpp_af': 0.1476584299248268, 'gpp_b': 1.284284091405877e-05, 'gpp_d': 229.41380323183625, 'ign_k': 8.708806168038567, 'ign_c': 49.40031671739375, 'trop_agb_crit': 1.14876138417489, 'trop_k_veg': 3.8009448355772393}.
[I 2026-08-06 08:59:27,351] Trial 650 finished with values: [-0.5708127468666007, 0.692412547566478] and parameters: {'k1': 0.008471801418819975, 'D_low': 4.484744524732794, 'k2': 0.0005262881356087174, 'D_high': 61536.58035691648, 'fire_exp': 1.695318866910499, 'P_half': 220.3445560633069, 'pre_dampen_half': 502.5175192217655, 'gpp_af': 0.7539992074650279, 'gpp_b': 0.0005752434266899163, 'gpp_d': 229.41380323183625, 'ign_k': 2.615413574494962, 'ign_c': 0.70689749506246, 'trop_agb_crit': 1.14876138417489, 'trop_k_veg': 2.520089655463604}.
[I 2026-08-06 08:59:28,553] Trial 651 finished with values: [10.759870192002813, 10.759870192002813] and parameters: {'k1': 0.00488137519160367, 'D_low': 70.18267183720735, 'k2': 0.0012040762895973265, 'D_high': 61536.58035691648, 'fire_exp': 1.423480109671474, 'P_half': 7579.633113316125, 'pre_dampen_half': 107.40052367919465, 'gpp_af': 1.1409619915696267, 'gpp_b': 1.284284091405877e-05, 'gpp_d': 0.02947837769137004, 'ign_k': 0.07696703458159235, 'ign_c': 8.40543912931368, 'trop_agb_crit': 10.965064494899984, 'trop_k_veg': 0.5772603928610088}.
[I 2026-08-06 08:59:29,761] Trial 652 finished with values: [10.514558746509305, 10.514558746509305] and parameters: {'k1': 0.01889771394135163, 'D_low': 490.2396944106614, 'k2': 0.0007047307383115598, 'D_high': 63233.81951066786, 'fire_exp': 1.221575427404682, 'P_half': 4.213183643253957, 'pre_dampen_half': 107.40052367919465, 'gpp_af': 0.00515795696727661, 'gpp_b': 0.0005752434266899163, 'gpp_d': 0.41500286580679413, 'ign_k': 8.708806168038567, 'ign_c': 0.557280750002996, 'trop_agb_crit': 1.14876138417489, 'trop_k_veg': 0.6673124511410327}.
[I 2026-08-06 08:59:30,960] Trial 653 finished with values: [-0.5463129146516728, 0.8203003195363543] and parameters: {'k1': 0.004312951023617458, 'D_low': 12.105387404469584, 'k2': 0.03538758864779238, 'D_high': 8182.111518618414, 'fire_exp': 1.353841071397002, 'P_half': 12.808863354047988, 'pre_dampen_half': 502.5175192217655, 'gpp_af': 1.1409619915696267, 'gpp_b': 1.5385046399532158e-05, 'gpp_d': 229.41380323183625, 'ign_k': 5.351470428717437, 'ign_c': 0.24989960578908887, 'trop_agb_crit': 1.6878075072665546, 'trop_k_veg': 0.6743482387129308}.
[I 2026-08-06 08:59:32,254] Trial 654 finished with values: [10.228480527865846, 10.228480527865846] and parameters: {'k1': 0.01889771394135163, 'D_low': 70.18267183720735, 'k2': 0.0007047307383115598, 'D_high': 25628.666000163565, 'fire_exp': 1.423480109671474, 'P_half': 221.2683656611821, 'pre_dampen_half': 107.40052367919465, 'gpp_af': 0.00515795696727661, 'gpp_b': 2.6738182964551835e-05, 'gpp_d': 229.41380323183625, 'ign_k': 8.708806168038567, 'ign_c': 0.9580682294110432, 'trop_agb_crit': 1.14876138417489, 'trop_k_veg': 0.5772603928610088}.
[I 2026-08-06 08:59:33,458] Trial 655 finished with values: [-0.5795203857862783, 0.5213876739875978] and parameters: {'k1': 0.01889771394135163, 'D_low': 70.18267183720735, 'k2': 0.0007047307383115598, 'D_high': 2940.51756322311, 'fire_exp': 1.0629462657398439, 'P_half': 5.29551022369202, 'pre_dampen_half': 63.6685916079943, 'gpp_af': 0.1476584299248268, 'gpp_b': 1.284284091405877e-05, 'gpp_d': 2.944272359149677, 'ign_k': 8.708806168038567, 'ign_c': 0.21208987108343724, 'trop_agb_crit': 7.500118950416987, 'trop_k_veg': 4.345076509212382}.
[I 2026-08-06 08:59:34,646] Trial 656 finished with values: [-0.5949439500694957, 0.6666869118323331] and parameters: {'k1': 0.008471801418819975, 'D_low': 40.12413353131991, 'k2': 0.0009562822793888481, 'D_high': 8182.111518618414, 'fire_exp': 1.0629462657398439, 'P_half': 4.213183643253957, 'pre_dampen_half': 502.5175192217655, 'gpp_af': 0.16548212780922, 'gpp_b': 0.0005752434266899163, 'gpp_d': 1.493264336549928, 'ign_k': 8.708806168038567, 'ign_c': 0.9580682294110432, 'trop_agb_crit': 1.6878075072665546, 'trop_k_veg': 1.9938441068366917}.
[I 2026-08-06 08:59:36,747] Trial 657 finished with values: [-0.5762453044011838, 0.7962218085491912] and parameters: {'k1': 0.029687184908302574, 'D_low': 34.459310919273356, 'k2': 1.915468390724633e-05, 'D_high': 25628.666000163565, 'fire_exp': 1.0629462657398439, 'P_half': 12.808863354047988, 'pre_dampen_half': 502.5175192217655, 'gpp_af': 0.7539992074650279, 'gpp_b': 0.0005752434266899163, 'gpp_d': 229.41380323183625, 'ign_k': 8.708806168038567, 'ign_c': 20.03995359361212, 'trop_agb_crit': 7.500118950416987, 'trop_k_veg': 6.9782110227926815}.
[I 2026-08-06 08:59:39,347] Trial 658 finished with values: [-0.5311671826389633, 0.7283421508859691] and parameters: {'k1': 0.004312951023617458, 'D_low': 3.525936800597896, 'k2': 0.0012040762895973265, 'D_high': 25628.666000163565, 'fire_exp': 1.1430983876313219, 'P_half': 221.2683656611821, 'pre_dampen_half': 107.40052367919465, 'gpp_af': 1.1409619915696267, 'gpp_b': 0.0005752434266899163, 'gpp_d': 16.460426816350523, 'ign_k': 0.12329098365270515, 'ign_c': 8.40543912931368, 'trop_agb_crit': 10.965064494899984, 'trop_k_veg': 4.345076509212382}.
[I 2026-08-06 08:59:40,854] Trial 659 finished with values: [-0.5635137703605871, 0.3562806391716066] and parameters: {'k1': 0.00488137519160367, 'D_low': 5.59983195169599, 'k2': 0.032845299795769424, 'D_high': 2940.51756322311, 'fire_exp': 1.1430983876313219, 'P_half': 338.23872019362165, 'pre_dampen_half': 552.4163637315892, 'gpp_af': 0.1476584299248268, 'gpp_b': 1.3289448722869181e-05, 'gpp_d': 150.14555442537656, 'ign_k': 8.708806168038567, 'ign_c': 0.557280750002996, 'trop_agb_crit': 10.965064494899984, 'trop_k_veg': 0.6673124511410327}.
[I 2026-08-06 08:59:42,246] Trial 660 finished with values: [-0.5600605496945604, 0.8712797620747246] and parameters: {'k1': 0.01889771394135163, 'D_low': 70.18267183720735, 'k2': 0.012758211164590085, 'D_high': 15351.441568398131, 'fire_exp': 1.0362310858538248, 'P_half': 4.213183643253957, 'pre_dampen_half': 107.40052367919465, 'gpp_af': 1.921689966904808, 'gpp_b': 0.0005752434266899163, 'gpp_d': 229.41380323183625, 'ign_k': 0.0680787482656459, 'ign_c': 0.557280750002996, 'trop_agb_crit': 25.382873076016292, 'trop_k_veg': 0.5443513380244235}.
[I 2026-08-06 08:59:43,385] Trial 661 finished with values: [10.369183019514312, 10.369183019514312] and parameters: {'k1': 0.03635503353478365, 'D_low': 12.105387404469584, 'k2': 1.915468390724633e-05, 'D_high': 2940.51756322311, 'fire_exp': 1.5036604936020428, 'P_half': 338.23872019362165, 'pre_dampen_half': 552.4163637315892, 'gpp_af': 0.7539992074650279, 'gpp_b': 0.0005752434266899163, 'gpp_d': 418.77522137884927, 'ign_k': 8.708806168038567, 'ign_c': 8.40543912931368, 'trop_agb_crit': 10.965064494899984, 'trop_k_veg': 0.6673124511410327}.
[I 2026-08-06 08:59:44,522] Trial 662 finished with values: [-0.5996316401685929, 0.5603830652851332] and parameters: {'k1': 0.004312951023617458, 'D_low': 40.12413353131991, 'k2': 0.03538758864779238, 'D_high': 25628.666000163565, 'fire_exp': 1.0362310858538248, 'P_half': 1.605843632310088, 'pre_dampen_half': 502.5175192217655, 'gpp_af': 0.10409127568994281, 'gpp_b': 0.011051185074931393, 'gpp_d': 229.41380323183625, 'ign_k': 8.708806168038567, 'ign_c': 1.2389052918551067, 'trop_agb_crit': 25.382873076016292, 'trop_k_veg': 2.520089655463604}.
[I 2026-08-06 08:59:45,661] Trial 663 finished with values: [-0.590095465651516, 0.838885868999139] and parameters: {'k1': 0.01889771394135163, 'D_low': 34.459310919273356, 'k2': 0.019894080167856886, 'D_high': 61536.58035691648, 'fire_exp': 1.1430983876313219, 'P_half': 1.605843632310088, 'pre_dampen_half': 552.4163637315892, 'gpp_af': 0.18069041761817034, 'gpp_b': 0.0005752434266899163, 'gpp_d': 5.1715677287580455, 'ign_k': 0.6697348618512097, 'ign_c': 20.03995359361212, 'trop_agb_crit': 10.965064494899984, 'trop_k_veg': 0.6673124511410327}.
[I 2026-08-06 08:59:46,785] Trial 664 finished with values: [-0.5732638714381483, 0.3465117493705856] and parameters: {'k1': 0.00488137519160367, 'D_low': 5.59983195169599, 'k2': 0.032845299795769424, 'D_high': 2940.51756322311, 'fire_exp': 1.165368636520435, 'P_half': 5.232779509048979, 'pre_dampen_half': 552.4163637315892, 'gpp_af': 0.1476584299248268, 'gpp_b': 0.0005752434266899163, 'gpp_d': 2.944272359149677, 'ign_k': 5.351470428717437, 'ign_c': 0.70689749506246, 'trop_agb_crit': 1.14876138417489, 'trop_k_veg': 0.6673124511410327}.
[I 2026-08-06 08:59:47,972] Trial 665 finished with values: [10.203500969774273, 10.203500969774273] and parameters: {'k1': 0.01549659926581634, 'D_low': 589.5271473887282, 'k2': 0.004149969043497543, 'D_high': 8182.111518618414, 'fire_exp': 1.0629462657398439, 'P_half': 1.605843632310088, 'pre_dampen_half': 63.6685916079943, 'gpp_af': 0.7539992074650279, 'gpp_b': 1.284284091405877e-05, 'gpp_d': 155.08737608723771, 'ign_k': 0.0680787482656459, 'ign_c': 0.70689749506246, 'trop_agb_crit': 10.965064494899984, 'trop_k_veg': 4.345076509212382}.
[I 2026-08-06 08:59:49,112] Trial 666 finished with values: [10.732925798724484, 10.732925798724484] and parameters: {'k1': 0.01889771394135163, 'D_low': 70.18267183720735, 'k2': 0.012758211164590085, 'D_high': 8182.111518618414, 'fire_exp': 1.423480109671474, 'P_half': 1.605843632310088, 'pre_dampen_half': 502.5175192217655, 'gpp_af': 0.7539992074650279, 'gpp_b': 4.652488591349138, 'gpp_d': 5.1715677287580455, 'ign_k': 0.5407445028694732, 'ign_c': 20.03995359361212, 'trop_agb_crit': 10.905006748783771, 'trop_k_veg': 2.5879386297557976}.
[I 2026-08-06 08:59:50,267] Trial 667 finished with values: [10.126121940120711, 10.126121940120711] and parameters: {'k1': 2.6285770615112825e-05, 'D_low': 97.43142535650219, 'k2': 0.0007047307383115598, 'D_high': 5254.8834372681695, 'fire_exp': 1.1430983876313219, 'P_half': 338.23872019362165, 'pre_dampen_half': 502.5175192217655, 'gpp_af': 0.18069041761817034, 'gpp_b': 3.481277316673104e-05, 'gpp_d': 229.41380323183625, 'ign_k': 0.12329098365270515, 'ign_c': 0.9580682294110432, 'trop_agb_crit': 10.965064494899984, 'trop_k_veg': 1.4584243470991722}.
[I 2026-08-06 08:59:51,409] Trial 668 finished with values: [-0.5468491177597239, 0.7501782878803898] and parameters: {'k1': 0.004312951023617458, 'D_low': 4.484744524732794, 'k2': 0.0007047307383115598, 'D_high': 15351.441568398131, 'fire_exp': 1.423480109671474, 'P_half': 220.3445560633069, 'pre_dampen_half': 502.5175192217655, 'gpp_af': 1.2281069836814835, 'gpp_b': 1.284284091405877e-05, 'gpp_d': 229.41380323183625, 'ign_k': 5.351470428717437, 'ign_c': 0.70689749506246, 'trop_agb_crit': 1.14876138417489, 'trop_k_veg': 5.562062429861957}.
