[I 2026-07-22 22:01:57,458] Trial 1332 finished with values: [-0.7778813732071946, 0.03125256589098169] and parameters: {'k1': 0.003242143344038315, 'D_low': 1.1640589436768796, 'k2': 0.003658518527736814, 'D_high': 2512533.442757688, 'fire_exp': 2.3750840427797026, 'P_half': 1.4378290221680121, 'pre_dampen_half': 33.71909132517388, 'gpp_af': 1.4498445474033743, 'gpp_b': 0.002022832315155261, 'gpp_d': 25.017068255320467, 'ign_k': 4.59148521674054, 'ign_c': 16.626592254031866, 'trop_agb_crit': 10.719494362768906, 'trop_k_veg': 0.5695379443977426, 'fuel_k': 3.6992394681929355, 'fuel_half': 81.87941582538087}.
[I 2026-07-22 22:01:57,885] Trial 1333 finished with values: [-0.7774129989854892, 0.042070529565888304] and parameters: {'k1': 0.003242143344038315, 'D_low': 1.1640589436768796, 'k2': 0.030699709531122953, 'D_high': 8433503.858791472, 'fire_exp': 2.264545306066772, 'P_half': 1.4378290221680121, 'pre_dampen_half': 10.059683154936915, 'gpp_af': 2.114381609520638, 'gpp_b': 0.00011277885258222645, 'gpp_d': 25.017068255320467, 'ign_k': 4.59148521674054, 'ign_c': 16.626592254031866, 'trop_agb_crit': 5.707205898008383, 'trop_k_veg': 1.7428926895756522, 'fuel_k': 3.6992394681929355, 'fuel_half': 2.276766792290519}.
[I 2026-07-22 22:01:58,313] Trial 1334 finished with values: [-0.7355804936481287, 0.03152008645057902] and parameters: {'k1': 0.003242143344038315, 'D_low': 2.199522084499044, 'k2': 0.003658518527736814, 'D_high': 8433503.858791472, 'fire_exp': 2.3750840427797026, 'P_half': 1.4378290221680121, 'pre_dampen_half': 10.059683154936915, 'gpp_af': 1.4498445474033743, 'gpp_b': 0.00011277885258222645, 'gpp_d': 25.017068255320467, 'ign_k': 4.59148521674054, 'ign_c': 16.626592254031866, 'trop_agb_crit': 5.707205898008383, 'trop_k_veg': 1.7428926895756522, 'fuel_k': 3.6992394681929355, 'fuel_half': 81.87941582538087}.
[I 2026-07-22 22:01:58,738] Trial 1335 finished with values: [10.703322970478323, 10.703322970478323] and parameters: {'k1': 0.003242143344038315, 'D_low': 91.66403471455098, 'k2': 2.1698375693549493e-05, 'D_high': 2512533.442757688, 'fire_exp': 1.641358586909244, 'P_half': 1.4378290221680121, 'pre_dampen_half': 868.1843415114095, 'gpp_af': 0.3259758793317361, 'gpp_b': 0.00011277885258222645, 'gpp_d': 373.3014953695604, 'ign_k': 2.9663798365255736, 'ign_c': 16.626592254031866, 'trop_agb_crit': 5.707205898008383, 'trop_k_veg': 6.911478238001162, 'fuel_k': 0.8398846716543956, 'fuel_half': 38.21129441691226}.
[I 2026-07-22 22:01:59,165] Trial 1336 finished with values: [-0.7609329889481664, 0.03787166615856741] and parameters: {'k1': 0.003242143344038315, 'D_low': 1.1640589436768796, 'k2': 0.003658518527736814, 'D_high': 2512533.442757688, 'fire_exp': 2.0053720199464102, 'P_half': 1.4378290221680121, 'pre_dampen_half': 10.059683154936915, 'gpp_af': 1.1300566419249867, 'gpp_b': 0.00011277885258222645, 'gpp_d': 25.017068255320467, 'ign_k': 4.59148521674054, 'ign_c': 16.626592254031866, 'trop_agb_crit': 5.707205898008383, 'trop_k_veg': 1.7428926895756522, 'fuel_k': 0.17760095864122427, 'fuel_half': 38.21129441691226}.
[I 2026-07-22 22:01:59,589] Trial 1337 finished with values: [10.25610586932074, 10.25610586932074] and parameters: {'k1': 0.003242143344038315, 'D_low': 2311.854866544268, 'k2': 2.1698375693549493e-05, 'D_high': 580966.5602369158, 'fire_exp': 2.3123511487896353, 'P_half': 1.4378290221680121, 'pre_dampen_half': 10.22391323207224, 'gpp_af': 0.3259758793317361, 'gpp_b': 0.00011277885258222645, 'gpp_d': 373.3014953695604, 'ign_k': 4.59148521674054, 'ign_c': 16.626592254031866, 'trop_agb_crit': 10.719494362768906, 'trop_k_veg': 6.911478238001162, 'fuel_k': 0.8398846716543956, 'fuel_half': 16.371966573507315}.
[I 2026-07-22 22:02:00,025] Trial 1338 finished with values: [13.04606554489554, 13.04606554489554] and parameters: {'k1': 0.003242143344038315, 'D_low': 1.1640589436768796, 'k2': 0.003658518527736814, 'D_high': 8433503.858791472, 'fire_exp': 2.3750840427797026, 'P_half': 1.4378290221680121, 'pre_dampen_half': 290.1459078621923, 'gpp_af': 2.114381609520638, 'gpp_b': 0.002022832315155261, 'gpp_d': 25.017068255320467, 'ign_k': 4.59148521674054, 'ign_c': 5.936357641149636, 'trop_agb_crit': 7.883969223148413, 'trop_k_veg': 1.7428926895756522, 'fuel_k': 3.6992394681929355, 'fuel_half': 81.87941582538087}.
[I 2026-07-22 22:02:00,461] Trial 1339 finished with values: [10.170457291615838, 10.170457291615838] and parameters: {'k1': 0.052334804885400876, 'D_low': 2311.854866544268, 'k2': 2.1698375693549493e-05, 'D_high': 1693415.5410667954, 'fire_exp': 2.3123511487896353, 'P_half': 1.4378290221680121, 'pre_dampen_half': 868.1843415114095, 'gpp_af': 0.3259758793317361, 'gpp_b': 0.00011277885258222645, 'gpp_d': 373.3014953695604, 'ign_k': 0.3351430459015791, 'ign_c': 16.626592254031866, 'trop_agb_crit': 10.719494362768906, 'trop_k_veg': 1.140286245977296, 'fuel_k': 0.4403765768963988, 'fuel_half': 16.371966573507315}.
[I 2026-07-22 22:02:00,898] Trial 1340 finished with values: [-0.7773281697678219, 0.03074024944011089] and parameters: {'k1': 0.003242143344038315, 'D_low': 1.1640589436768796, 'k2': 0.003658518527736814, 'D_high': 8433503.858791472, 'fire_exp': 2.3750840427797026, 'P_half': 1.4378290221680121, 'pre_dampen_half': 33.71909132517388, 'gpp_af': 1.4498445474033743, 'gpp_b': 0.002022832315155261, 'gpp_d': 25.017068255320467, 'ign_k': 4.59148521674054, 'ign_c': 16.626592254031866, 'trop_agb_crit': 5.707205898008383, 'trop_k_veg': 1.7428926895756522, 'fuel_k': 0.8954119688867196, 'fuel_half': 81.87941582538087}.
[I 2026-07-22 22:02:01,337] Trial 1341 finished with values: [-0.7180712397042444, 0.023468495815708645] and parameters: {'k1': 0.003242143344038315, 'D_low': 2311.854866544268, 'k2': 0.00010089430320527378, 'D_high': 2512533.442757688, 'fire_exp': 2.264545306066772, 'P_half': 1.4378290221680121, 'pre_dampen_half': 33.71909132517388, 'gpp_af': 1.782401184029456, 'gpp_b': 8.168628001294799e-05, 'gpp_d': 373.3014953695604, 'ign_k': 4.59148521674054, 'ign_c': 16.626592254031866, 'trop_agb_crit': 10.719494362768906, 'trop_k_veg': 1.7428926895756522, 'fuel_k': 3.6992394681929355, 'fuel_half': 2.276766792290519}.
[I 2026-07-22 22:02:01,760] Trial 1342 finished with values: [10.125924873297228, 10.125924873297228] and parameters: {'k1': 0.003242143344038315, 'D_low': 1.1640589436768796, 'k2': 0.00036821611602060956, 'D_high': 1693415.5410667954, 'fire_exp': 2.3750840427797026, 'P_half': 1.4378290221680121, 'pre_dampen_half': 10.059683154936915, 'gpp_af': 2.114381609520638, 'gpp_b': 0.002022832315155261, 'gpp_d': 8.057329182285729, 'ign_k': 4.59148521674054, 'ign_c': 16.626592254031866, 'trop_agb_crit': 5.707205898008383, 'trop_k_veg': 1.7428926895756522, 'fuel_k': 0.7156083490235493, 'fuel_half': 81.87941582538087}.
[I 2026-07-22 22:02:02,191] Trial 1343 finished with values: [-0.7082685635950849, 0.02308224729237074] and parameters: {'k1': 0.003242143344038315, 'D_low': 91.66403471455098, 'k2': 2.1698375693549493e-05, 'D_high': 1693415.5410667954, 'fire_exp': 2.2271826002669806, 'P_half': 1.4378290221680121, 'pre_dampen_half': 10.059683154936915, 'gpp_af': 2.114381609520638, 'gpp_b': 0.00026582805291215216, 'gpp_d': 8.057329182285729, 'ign_k': 2.9663798365255736, 'ign_c': 16.626592254031866, 'trop_agb_crit': 5.707205898008383, 'trop_k_veg': 6.911478238001162, 'fuel_k': 0.7156083490235493, 'fuel_half': 38.21129441691226}.
[I 2026-07-22 22:02:02,623] Trial 1344 finished with values: [-0.7410604873303042, 0.03214819721530271] and parameters: {'k1': 0.003242143344038315, 'D_low': 91.66403471455098, 'k2': 4.2837023971014874e-05, 'D_high': 2512533.442757688, 'fire_exp': 2.3123511487896353, 'P_half': 1.4378290221680121, 'pre_dampen_half': 10.059683154936915, 'gpp_af': 1.1300566419249867, 'gpp_b': 0.00011277885258222645, 'gpp_d': 373.3014953695604, 'ign_k': 4.59148521674054, 'ign_c': 16.626592254031866, 'trop_agb_crit': 10.719494362768906, 'trop_k_veg': 1.7428926895756522, 'fuel_k': 0.017262921159278164, 'fuel_half': 2.276766792290519}.
[I 2026-07-22 22:02:03,048] Trial 1345 finished with values: [-0.7571144368208741, 0.030140953049772712] and parameters: {'k1': 0.052334804885400876, 'D_low': 1.1640589436768796, 'k2': 0.003658518527736814, 'D_high': 1693415.5410667954, 'fire_exp': 2.0053720199464102, 'P_half': 1.4378290221680121, 'pre_dampen_half': 10.059683154936915, 'gpp_af': 2.114381609520638, 'gpp_b': 0.002022832315155261, 'gpp_d': 25.017068255320467, 'ign_k': 2.9663798365255736, 'ign_c': 16.626592254031866, 'trop_agb_crit': 10.719494362768906, 'trop_k_veg': 1.7428926895756522, 'fuel_k': 0.2651087544199802, 'fuel_half': 2.276766792290519}.
[I 2026-07-22 22:02:03,475] Trial 1346 finished with values: [10.322877361086615, 10.322877361086615] and parameters: {'k1': 0.003242143344038315, 'D_low': 1.1640589436768796, 'k2': 0.003658518527736814, 'D_high': 2512533.442757688, 'fire_exp': 2.3750840427797026, 'P_half': 1.4378290221680121, 'pre_dampen_half': 33.71909132517388, 'gpp_af': 1.4498445474033743, 'gpp_b': 4.220353378826744e-05, 'gpp_d': 373.3014953695604, 'ign_k': 4.59148521674054, 'ign_c': 16.626592254031866, 'trop_agb_crit': 10.719494362768906, 'trop_k_veg': 1.7428926895756522, 'fuel_k': 3.6992394681929355, 'fuel_half': 81.87941582538087}.
[I 2026-07-22 22:02:03,909] Trial 1347 finished with values: [10.266438896207664, 10.266438896207664] and parameters: {'k1': 0.003242143344038315, 'D_low': 1.1640589436768796, 'k2': 0.003658518527736814, 'D_high': 2028.0000710139504, 'fire_exp': 2.3750840427797026, 'P_half': 1.4378290221680121, 'pre_dampen_half': 33.71909132517388, 'gpp_af': 0.2743691912485276, 'gpp_b': 0.002022832315155261, 'gpp_d': 25.017068255320467, 'ign_k': 4.59148521674054, 'ign_c': 16.626592254031866, 'trop_agb_crit': 5.707205898008383, 'trop_k_veg': 1.6456154580440219, 'fuel_k': 3.6992394681929355, 'fuel_half': 81.87941582538087}.
[I 2026-07-22 22:02:04,359] Trial 1348 finished with values: [10.102304797959647, 10.102304797959647] and parameters: {'k1': 0.003242143344038315, 'D_low': 1.1640589436768796, 'k2': 2.820470499715577e-05, 'D_high': 8433503.858791472, 'fire_exp': 2.0053720199464102, 'P_half': 1.4378290221680121, 'pre_dampen_half': 10.059683154936915, 'gpp_af': 0.05779293266899788, 'gpp_b': 0.002022832315155261, 'gpp_d': 373.3014953695604, 'ign_k': 4.59148521674054, 'ign_c': 16.626592254031866, 'trop_agb_crit': 5.707205898008383, 'trop_k_veg': 1.7428926895756522, 'fuel_k': 3.6992394681929355, 'fuel_half': 38.21129441691226}.
[I 2026-07-22 22:02:04,810] Trial 1349 finished with values: [-0.7842601186365088, 0.033105765161549616] and parameters: {'k1': 0.015076936815785055, 'D_low': 91.66403471455098, 'k2': 0.003658518527736814, 'D_high': 2512533.442757688, 'fire_exp': 2.0053720199464102, 'P_half': 1.4378290221680121, 'pre_dampen_half': 33.71909132517388, 'gpp_af': 0.3259758793317361, 'gpp_b': 0.002022832315155261, 'gpp_d': 25.017068255320467, 'ign_k': 4.59148521674054, 'ign_c': 16.626592254031866, 'trop_agb_crit': 10.719494362768906, 'trop_k_veg': 4.599337386928772, 'fuel_k': 0.17760095864122427, 'fuel_half': 81.87941582538087}.
[I 2026-07-22 22:02:05,265] Trial 1350 finished with values: [10.176217776103135, 10.176217776103135] and parameters: {'k1': 0.052334804885400876, 'D_low': 1.1640589436768796, 'k2': 4.2837023971014874e-05, 'D_high': 2512533.442757688, 'fire_exp': 2.3123511487896353, 'P_half': 1.4378290221680121, 'pre_dampen_half': 10.059683154936915, 'gpp_af': 1.4498445474033743, 'gpp_b': 0.00011277885258222645, 'gpp_d': 373.3014953695604, 'ign_k': 4.59148521674054, 'ign_c': 16.626592254031866, 'trop_agb_crit': 5.707205898008383, 'trop_k_veg': 1.7428926895756522, 'fuel_k': 3.6992394681929355, 'fuel_half': 2.276766792290519}.
[I 2026-07-22 22:02:05,711] Trial 1351 finished with values: [10.279950497017271, 10.279950497017271] and parameters: {'k1': 0.003242143344038315, 'D_low': 2311.854866544268, 'k2': 0.030699709531122953, 'D_high': 2512533.442757688, 'fire_exp': 2.3786532049674034, 'P_half': 2.1095259085905753, 'pre_dampen_half': 10.059683154936915, 'gpp_af': 0.3259758793317361, 'gpp_b': 0.00011277885258222645, 'gpp_d': 8.057329182285729, 'ign_k': 4.59148521674054, 'ign_c': 16.626592254031866, 'trop_agb_crit': 10.719494362768906, 'trop_k_veg': 0.5695379443977426, 'fuel_k': 0.8398846716543956, 'fuel_half': 16.371966573507315}.
[I 2026-07-22 22:02:06,167] Trial 1352 finished with values: [10.604795248734776, 10.604795248734776] and parameters: {'k1': 0.003242143344038315, 'D_low': 1.1640589436768796, 'k2': 2.1698375693549493e-05, 'D_high': 2512533.442757688, 'fire_exp': 2.3123511487896353, 'P_half': 406.34698167377394, 'pre_dampen_half': 10.059683154936915, 'gpp_af': 1.1300566419249867, 'gpp_b': 0.00011277885258222645, 'gpp_d': 8.057329182285729, 'ign_k': 2.9663798365255736, 'ign_c': 16.626592254031866, 'trop_agb_crit': 5.707205898008383, 'trop_k_veg': 1.7428926895756522, 'fuel_k': 0.7156083490235493, 'fuel_half': 2.276766792290519}.
[I 2026-07-22 22:02:06,599] Trial 1353 finished with values: [10.07169133913746, 10.07169133913746] and parameters: {'k1': 0.003242143344038315, 'D_low': 1.1640589436768796, 'k2': 0.003658518527736814, 'D_high': 8433503.858791472, 'fire_exp': 2.3750840427797026, 'P_half': 1.4378290221680121, 'pre_dampen_half': 33.71909132517388, 'gpp_af': 1.4498445474033743, 'gpp_b': 0.002022832315155261, 'gpp_d': 565.7899943166799, 'ign_k': 0.25269943226124775, 'ign_c': 16.626592254031866, 'trop_agb_crit': 1.1251545684671, 'trop_k_veg': 1.7428926895756522, 'fuel_k': 1.1636339080320923, 'fuel_half': 81.87941582538087}.
[I 2026-07-22 22:02:07,055] Trial 1354 finished with values: [-0.7824869440019006, 0.027206738110020057] and parameters: {'k1': 0.003242143344038315, 'D_low': 91.66403471455098, 'k2': 2.1698375693549493e-05, 'D_high': 8433503.858791472, 'fire_exp': 2.2271826002669806, 'P_half': 1.4378290221680121, 'pre_dampen_half': 33.71909132517388, 'gpp_af': 0.3259758793317361, 'gpp_b': 0.002022832315155261, 'gpp_d': 373.3014953695604, 'ign_k': 2.9663798365255736, 'ign_c': 16.626592254031866, 'trop_agb_crit': 5.707205898008383, 'trop_k_veg': 1.7428926895756522, 'fuel_k': 0.8398846716543956, 'fuel_half': 38.21129441691226}.
[I 2026-07-22 22:02:07,509] Trial 1355 finished with values: [-0.7435027346746953, 0.030324814636704] and parameters: {'k1': 0.003242143344038315, 'D_low': 1.1640589436768796, 'k2': 0.030699709531122953, 'D_high': 2512533.442757688, 'fire_exp': 2.3786532049674034, 'P_half': 1.4378290221680121, 'pre_dampen_half': 10.059683154936915, 'gpp_af': 2.114381609520638, 'gpp_b': 3.167995163828261e-05, 'gpp_d': 8.057329182285729, 'ign_k': 4.59148521674054, 'ign_c': 16.626592254031866, 'trop_agb_crit': 5.707205898008383, 'trop_k_veg': 1.7428926895756522, 'fuel_k': 3.6992394681929355, 'fuel_half': 2.276766792290519}.
[I 2026-07-22 22:02:07,957] Trial 1356 finished with values: [10.31295764063256, 10.31295764063256] and parameters: {'k1': 0.003242143344038315, 'D_low': 91.66403471455098, 'k2': 0.030699709531122953, 'D_high': 2512533.442757688, 'fire_exp': 2.3123511487896353, 'P_half': 1.4378290221680121, 'pre_dampen_half': 10.059683154936915, 'gpp_af': 0.3259758793317361, 'gpp_b': 0.00011277885258222645, 'gpp_d': 25.017068255320467, 'ign_k': 0.10594104146032199, 'ign_c': 16.626592254031866, 'trop_agb_crit': 5.707205898008383, 'trop_k_veg': 4.599337386928772, 'fuel_k': 0.8398846716543956, 'fuel_half': 38.21129441691226}.
[I 2026-07-22 22:02:08,393] Trial 1357 finished with values: [10.079220185743065, 10.079220185743065] and parameters: {'k1': 0.003242143344038315, 'D_low': 1.1640589436768796, 'k2': 2.1698375693549493e-05, 'D_high': 2512533.442757688, 'fire_exp': 2.3750840427797026, 'P_half': 1.4378290221680121, 'pre_dampen_half': 33.71909132517388, 'gpp_af': 0.3259758793317361, 'gpp_b': 0.00011277885258222645, 'gpp_d': 25.017068255320467, 'ign_k': 2.9663798365255736, 'ign_c': 16.626592254031866, 'trop_agb_crit': 10.719494362768906, 'trop_k_veg': 6.911478238001162, 'fuel_k': 0.8398846716543956, 'fuel_half': 81.87941582538087}.
[I 2026-07-22 22:02:08,838] Trial 1358 finished with values: [10.480529452867724, 10.480529452867724] and parameters: {'k1': 0.003242143344038315, 'D_low': 1.1640589436768796, 'k2': 0.003658518527736814, 'D_high': 8433503.858791472, 'fire_exp': 2.2271826002669806, 'P_half': 343.88729064691387, 'pre_dampen_half': 10.059683154936915, 'gpp_af': 2.114381609520638, 'gpp_b': 0.00011277885258222645, 'gpp_d': 25.017068255320467, 'ign_k': 2.9663798365255736, 'ign_c': 16.626592254031866, 'trop_agb_crit': 5.707205898008383, 'trop_k_veg': 1.7428926895756522, 'fuel_k': 3.6992394681929355, 'fuel_half': 2.276766792290519}.
[I 2026-07-22 22:02:09,274] Trial 1359 finished with values: [-0.7037628484772278, 0.018681492971826197] and parameters: {'k1': 0.015076936815785055, 'D_low': 91.66403471455098, 'k2': 2.1698375693549493e-05, 'D_high': 2512533.442757688, 'fire_exp': 2.3786532049674034, 'P_half': 1.4378290221680121, 'pre_dampen_half': 10.059683154936915, 'gpp_af': 2.114381609520638, 'gpp_b': 0.002022832315155261, 'gpp_d': 25.017068255320467, 'ign_k': 4.59148521674054, 'ign_c': 16.626592254031866, 'trop_agb_crit': 5.707205898008383, 'trop_k_veg': 1.7428926895756522, 'fuel_k': 0.17760095864122427, 'fuel_half': 38.21129441691226}.
  trial 1360/1500  pareto_size=8  best_taylor=0.7911  best_ilamb=0.5907  (9.8 min)
[I 2026-07-22 22:02:09,988] Trial 1360 finished with values: [-0.7772456658791073, 0.030667178855278254] and parameters: {'k1': 0.003242143344038315, 'D_low': 1.1640589436768796, 'k2': 0.003658518527736814, 'D_high': 8433503.858791472, 'fire_exp': 2.3750840427797026, 'P_half': 1.4378290221680121, 'pre_dampen_half': 33.71909132517388, 'gpp_af': 1.4498445474033743, 'gpp_b': 0.002022832315155261, 'gpp_d': 25.017068255320467, 'ign_k': 4.59148521674054, 'ign_c': 16.626592254031866, 'trop_agb_crit': 5.707205898008383, 'trop_k_veg': 1.7428926895756522, 'fuel_k': 0.49578999904399057, 'fuel_half': 81.87941582538087}.
[I 2026-07-22 22:02:10,457] Trial 1361 finished with values: [10.011236221008028, 10.011236221008028] and parameters: {'k1': 0.003242143344038315, 'D_low': 91.66403471455098, 'k2': 4.2837023971014874e-05, 'D_high': 8433503.858791472, 'fire_exp': 2.264545306066772, 'P_half': 1.4378290221680121, 'pre_dampen_half': 10.059683154936915, 'gpp_af': 2.114381609520638, 'gpp_b': 0.002022832315155261, 'gpp_d': 25.017068255320467, 'ign_k': 4.59148521674054, 'ign_c': 16.626592254031866, 'trop_agb_crit': 5.707205898008383, 'trop_k_veg': 1.7428926895756522, 'fuel_k': 0.01574201873566924, 'fuel_half': 2.276766792290519}.
[I 2026-07-22 22:02:10,935] Trial 1362 finished with values: [10.131800614792343, 10.131800614792343] and parameters: {'k1': 0.003242143344038315, 'D_low': 2.199522084499044, 'k2': 0.003658518527736814, 'D_high': 2512533.442757688, 'fire_exp': 2.3750840427797026, 'P_half': 1.4378290221680121, 'pre_dampen_half': 33.71909132517388, 'gpp_af': 0.3259758793317361, 'gpp_b': 0.00011277885258222645, 'gpp_d': 25.017068255320467, 'ign_k': 4.59148521674054, 'ign_c': 16.626592254031866, 'trop_agb_crit': 10.719494362768906, 'trop_k_veg': 1.7428926895756522, 'fuel_k': 3.6992394681929355, 'fuel_half': 81.87941582538087}.
[I 2026-07-22 22:02:11,377] Trial 1363 finished with values: [-0.7332775411010521, 0.02593211646304827] and parameters: {'k1': 0.003242143344038315, 'D_low': 91.66403471455098, 'k2': 2.1698375693549493e-05, 'D_high': 2512533.442757688, 'fire_exp': 2.3123511487896353, 'P_half': 1.4378290221680121, 'pre_dampen_half': 10.059683154936915, 'gpp_af': 0.3259758793317361, 'gpp_b': 0.00011277885258222645, 'gpp_d': 8.057329182285729, 'ign_k': 4.59148521674054, 'ign_c': 16.626592254031866, 'trop_agb_crit': 5.707205898008383, 'trop_k_veg': 6.911478238001162, 'fuel_k': 0.8398846716543956, 'fuel_half': 2.276766792290519}.
[I 2026-07-22 22:02:11,810] Trial 1364 finished with values: [12.476087671630442, 12.476087671630442] and parameters: {'k1': 0.052334804885400876, 'D_low': 1.1640589436768796, 'k2': 0.003658518527736814, 'D_high': 2512533.442757688, 'fire_exp': 2.0053720199464102, 'P_half': 1.4378290221680121, 'pre_dampen_half': 10.059683154936915, 'gpp_af': 2.114381609520638, 'gpp_b': 0.002022832315155261, 'gpp_d': 25.017068255320467, 'ign_k': 4.59148521674054, 'ign_c': 1.0412771143213733, 'trop_agb_crit': 10.719494362768906, 'trop_k_veg': 1.7428926895756522, 'fuel_k': 0.17760095864122427, 'fuel_half': 16.371966573507315}.
[I 2026-07-22 22:02:12,254] Trial 1365 finished with values: [10.105313150804099, 10.105313150804099] and parameters: {'k1': 0.003242143344038315, 'D_low': 1.1640589436768796, 'k2': 2.1698375693549493e-05, 'D_high': 2512533.442757688, 'fire_exp': 2.4366873535186158, 'P_half': 1.4378290221680121, 'pre_dampen_half': 33.71909132517388, 'gpp_af': 0.3259758793317361, 'gpp_b': 0.002022832315155261, 'gpp_d': 0.6445631395722565, 'ign_k': 4.59148521674054, 'ign_c': 16.626592254031866, 'trop_agb_crit': 18.150854837099246, 'trop_k_veg': 1.6456154580440219, 'fuel_k': 0.8398846716543956, 'fuel_half': 16.371966573507315}.
[I 2026-07-22 22:02:12,727] Trial 1366 finished with values: [-0.7564013990270455, 0.01675413355939659] and parameters: {'k1': 0.003242143344038315, 'D_low': 1.1640589436768796, 'k2': 0.00036821611602060956, 'D_high': 8433503.858791472, 'fire_exp': 2.3123511487896353, 'P_half': 1.4378290221680121, 'pre_dampen_half': 33.71909132517388, 'gpp_af': 2.114381609520638, 'gpp_b': 0.006838488643537398, 'gpp_d': 8.057329182285729, 'ign_k': 4.59148521674054, 'ign_c': 16.626592254031866, 'trop_agb_crit': 5.707205898008383, 'trop_k_veg': 1.6456154580440219, 'fuel_k': 0.7156083490235493, 'fuel_half': 81.87941582538087}.
