[I 2026-06-11 02:04:24,489] Trial 683 finished with values: [12.978764365599066, 12.978764365599066] and parameters: {'k1': 0.006164329525571074, 'D_low': 1.7551403048208316, 'k2': 0.00037358626308127543, 'D_high': 36998.679204890876, 'fire_exp': 1.41873960828944, 'P_half': 5.4712187293420325, 'pre_dampen_half': 30.456909077772018, 'gpp_af': 0.2204465010099918, 'gpp_b': 0.00031478066835753096, 'gpp_d': 12.338826503601998, 'ign_k': 0.002357279455676982, 'ign_c': 7.081721844034206, 'trop_agb_crit': 1.8566494291193822, 'trop_k_veg': 5.453348988480011, 'fire_amp': 2.901299101737137}.
[I 2026-06-11 02:04:26,041] Trial 684 finished with values: [10.69187800028189, 10.69187800028189] and parameters: {'k1': 3.609310926766545e-05, 'D_low': 236.79352040223893, 'k2': 0.0004976087827261435, 'D_high': 970.6606756877612, 'fire_exp': 1.41873960828944, 'P_half': 51.10120656497163, 'pre_dampen_half': 16.009350908593582, 'gpp_af': 42.29037995744429, 'gpp_b': 0.00031478066835753096, 'gpp_d': 0.7698760608299932, 'ign_k': 0.002357279455676982, 'ign_c': 39.52220881906114, 'trop_agb_crit': 2.0527418919564324, 'trop_k_veg': 2.99731137426955, 'fire_amp': 5.606809127618709}.
[I 2026-06-11 02:04:27,376] Trial 685 finished with values: [17.77743491937321, 17.77743491937321] and parameters: {'k1': 3.609310926766545e-05, 'D_low': 1.7551403048208316, 'k2': 0.045914852167405346, 'D_high': 1266.9536563782303, 'fire_exp': 1.1633452995374232, 'P_half': 1265.0580856641704, 'pre_dampen_half': 170.71098124594695, 'gpp_af': 0.10098504976210308, 'gpp_b': 0.015382154459808445, 'gpp_d': 1.0088237648985734, 'ign_k': 0.07867677706257832, 'ign_c': 1.4879588507789996, 'trop_agb_crit': 28.779217872092953, 'trop_k_veg': 4.989748894578724, 'fire_amp': 5.44779717154213}.
[I 2026-06-11 02:04:28,685] Trial 686 finished with values: [10.737217603105357, 10.737217603105357] and parameters: {'k1': 3.609310926766545e-05, 'D_low': 171.2446447678494, 'k2': 0.0004976087827261435, 'D_high': 35.136541394511, 'fire_exp': 1.9136159174067866, 'P_half': 93.43302657318476, 'pre_dampen_half': 220.35141300841897, 'gpp_af': 0.2204465010099918, 'gpp_b': 0.002416023630607169, 'gpp_d': 0.1619054449471649, 'ign_k': 0.0029519227433917453, 'ign_c': 7.081721844034206, 'trop_agb_crit': 11.664190932505923, 'trop_k_veg': 1.2749676887479542, 'fire_amp': 1.5719333351012774}.
[I 2026-06-11 02:04:29,960] Trial 687 finished with values: [10.598053073695258, 10.598053073695258] and parameters: {'k1': 0.016973078532467004, 'D_low': 1121.5915868662764, 'k2': 0.0004862769762212836, 'D_high': 32311.521854410956, 'fire_exp': 1.4848387260494937, 'P_half': 1549.6599265816342, 'pre_dampen_half': 170.71098124594695, 'gpp_af': 0.07118041471054574, 'gpp_b': 0.015062722325200045, 'gpp_d': 29.9035514860849, 'ign_k': 0.002357279455676982, 'ign_c': 388.02797007866826, 'trop_agb_crit': 12.647327018493208, 'trop_k_veg': 4.989748894578724, 'fire_amp': 5.606809127618709}.
[I 2026-06-11 02:04:31,323] Trial 688 finished with values: [-0.7277747412135368, 0.08099001897815694] and parameters: {'k1': 0.012840669372724958, 'D_low': 43.03411264066069, 'k2': 0.00037358626308127543, 'D_high': 252.84086172415604, 'fire_exp': 1.2918065501148304, 'P_half': 1265.0580856641704, 'pre_dampen_half': 170.71098124594695, 'gpp_af': 1.9706963379095486, 'gpp_b': 0.0004125336560355494, 'gpp_d': 96.93415502195788, 'ign_k': 0.17320535908244444, 'ign_c': 4.142619760188259, 'trop_agb_crit': 11.664190932505923, 'trop_k_veg': 2.520089655463604, 'fire_amp': 1.2393473789150806}.
[I 2026-06-11 02:04:32,853] Trial 689 finished with values: [10.036236681717494, 10.036236681717494] and parameters: {'k1': 0.0018697387216131526, 'D_low': 1.7551403048208316, 'k2': 0.045914852167405346, 'D_high': 16780.50857913099, 'fire_exp': 1.4848387260494937, 'P_half': 3.591771421517613, 'pre_dampen_half': 16.009350908593582, 'gpp_af': 0.008117091133892173, 'gpp_b': 0.00807491410172472, 'gpp_d': 12.338826503601998, 'ign_k': 0.07867677706257832, 'ign_c': 3.7623363852696734, 'trop_agb_crit': 12.647327018493208, 'trop_k_veg': 0.5535297685306277, 'fire_amp': 1.5719333351012774}.
[I 2026-06-11 02:04:34,330] Trial 690 finished with values: [-0.6989960456403799, 0.10039984137999802] and parameters: {'k1': 0.012840669372724958, 'D_low': 51.61767747867285, 'k2': 0.00037358626308127543, 'D_high': 1266.9536563782303, 'fire_exp': 1.4848387260494937, 'P_half': 93.43302657318476, 'pre_dampen_half': 16.009350908593582, 'gpp_af': 0.008117091133892173, 'gpp_b': 2.176805640408474e-05, 'gpp_d': 0.09467055845337147, 'ign_k': 0.0029519227433917453, 'ign_c': 39.52220881906114, 'trop_agb_crit': 12.647327018493208, 'trop_k_veg': 2.520089655463604, 'fire_amp': 3.617425524369146}.
[I 2026-06-11 02:04:35,634] Trial 691 finished with values: [-0.6794018022677747, 0.1092504133950486] and parameters: {'k1': 5.7909642338812115e-05, 'D_low': 171.2446447678494, 'k2': 8.968733598183248e-05, 'D_high': 16780.50857913099, 'fire_exp': 1.9136159174067866, 'P_half': 93.43302657318476, 'pre_dampen_half': 350.88322284755304, 'gpp_af': 0.008117091133892173, 'gpp_b': 0.0004125336560355494, 'gpp_d': 1.0088237648985734, 'ign_k': 0.002357279455676982, 'ign_c': 39.52220881906114, 'trop_agb_crit': 8.0091368834625, 'trop_k_veg': 2.520089655463604, 'fire_amp': 3.1543496524370136}.
[I 2026-06-11 02:04:36,949] Trial 692 finished with values: [10.769230768877819, 10.769230768877819] and parameters: {'k1': 0.006164329525571074, 'D_low': 1.7551403048208316, 'k2': 0.00037358626308127543, 'D_high': 24.9899605789089, 'fire_exp': 1.2344878997299724, 'P_half': 51.10120656497163, 'pre_dampen_half': 189.88136301569827, 'gpp_af': 0.2204465010099918, 'gpp_b': 0.015062722325200045, 'gpp_d': 1.6963424566071992, 'ign_k': 0.5407445028694732, 'ign_c': 388.02797007866826, 'trop_agb_crit': 8.0091368834625, 'trop_k_veg': 2.520089655463604, 'fire_amp': 3.457960730172751}.
[I 2026-06-11 02:04:38,280] Trial 693 finished with values: [10.656117034884595, 10.656117034884595] and parameters: {'k1': 0.012840669372724958, 'D_low': 171.2446447678494, 'k2': 0.00037358626308127543, 'D_high': 252.84086172415604, 'fire_exp': 1.9136159174067866, 'P_half': 12.280874862135363, 'pre_dampen_half': 170.71098124594695, 'gpp_af': 90.42322003557416, 'gpp_b': 2.176805640408474e-05, 'gpp_d': 0.7698760608299932, 'ign_k': 0.012480180965117606, 'ign_c': 0.32627001117104587, 'trop_agb_crit': 11.664190932505923, 'trop_k_veg': 4.989748894578724, 'fire_amp': 5.44779717154213}.
[I 2026-06-11 02:04:39,758] Trial 694 finished with values: [10.655619394133918, 10.655619394133918] and parameters: {'k1': 3.609310926766545e-05, 'D_low': 171.2446447678494, 'k2': 2.6087868551829077e-05, 'D_high': 36998.679204890876, 'fire_exp': 1.9136159174067866, 'P_half': 93.43302657318476, 'pre_dampen_half': 170.71098124594695, 'gpp_af': 0.016306190741524337, 'gpp_b': 1.0828092646426677e-05, 'gpp_d': 0.7698760608299932, 'ign_k': 0.0029519227433917453, 'ign_c': 342.8810943862522, 'trop_agb_crit': 2.0527418919564324, 'trop_k_veg': 2.520089655463604, 'fire_amp': 1.5719333351012774}.
[I 2026-06-11 02:04:41,615] Trial 695 finished with values: [10.769206111126442, 10.769206111126442] and parameters: {'k1': 0.012840669372724958, 'D_low': 171.2446447678494, 'k2': 0.00037358626308127543, 'D_high': 16780.50857913099, 'fire_exp': 1.41873960828944, 'P_half': 114.62237838612074, 'pre_dampen_half': 30.456909077772018, 'gpp_af': 0.008117091133892173, 'gpp_b': 0.0004125336560355494, 'gpp_d': 0.7698760608299932, 'ign_k': 0.7895056976009632, 'ign_c': 39.52220881906114, 'trop_agb_crit': 4.902399583903479, 'trop_k_veg': 5.453348988480011, 'fire_amp': 3.211868494428654}.
[I 2026-06-11 02:04:42,970] Trial 696 finished with values: [-0.6649078784276699, 0.169108857007502] and parameters: {'k1': 0.012840669372724958, 'D_low': 171.2446447678494, 'k2': 0.00037358626308127543, 'D_high': 2058.484816788601, 'fire_exp': 1.2344878997299724, 'P_half': 5.4712187293420325, 'pre_dampen_half': 30.456909077772018, 'gpp_af': 0.07118041471054574, 'gpp_b': 2.176805640408474e-05, 'gpp_d': 20.81401325574021, 'ign_k': 0.002357279455676982, 'ign_c': 1.4879588507789996, 'trop_agb_crit': 12.708819454040446, 'trop_k_veg': 6.030247256556128, 'fire_amp': 1.1655705619308396}.
[I 2026-06-11 02:04:44,275] Trial 697 finished with values: [10.658667555135134, 10.658667555135134] and parameters: {'k1': 0.012840669372724958, 'D_low': 171.2446447678494, 'k2': 0.0004976087827261435, 'D_high': 36998.679204890876, 'fire_exp': 1.9136159174067866, 'P_half': 51.10120656497163, 'pre_dampen_half': 0.23485690470339216, 'gpp_af': 0.07118041471054574, 'gpp_b': 2.176805640408474e-05, 'gpp_d': 20.81401325574021, 'ign_k': 0.002357279455676982, 'ign_c': 388.02797007866826, 'trop_agb_crit': 2.0527418919564324, 'trop_k_veg': 1.2749676887479542, 'fire_amp': 5.606809127618709}.
[I 2026-06-11 02:04:45,634] Trial 698 finished with values: [12.419562760303958, 12.419562760303958] and parameters: {'k1': 5.7909642338812115e-05, 'D_low': 1.7551403048208316, 'k2': 0.00037358626308127543, 'D_high': 36998.679204890876, 'fire_exp': 1.2344878997299724, 'P_half': 93.43302657318476, 'pre_dampen_half': 30.456909077772018, 'gpp_af': 0.2204465010099918, 'gpp_b': 0.00031478066835753096, 'gpp_d': 1.0088237648985734, 'ign_k': 0.0018548376790967168, 'ign_c': 1.4879588507789996, 'trop_agb_crit': 1.8285200278523417, 'trop_k_veg': 2.520089655463604, 'fire_amp': 5.44779717154213}.
[I 2026-06-11 02:04:47,013] Trial 699 finished with values: [10.732905261009746, 10.732905261009746] and parameters: {'k1': 0.012840669372724958, 'D_low': 171.2446447678494, 'k2': 0.045914852167405346, 'D_high': 20.78152796466981, 'fire_exp': 1.41873960828944, 'P_half': 2.2010656610055808, 'pre_dampen_half': 30.456909077772018, 'gpp_af': 0.008117091133892173, 'gpp_b': 2.176805640408474e-05, 'gpp_d': 0.7698760608299932, 'ign_k': 0.0029519227433917453, 'ign_c': 39.52220881906114, 'trop_agb_crit': 2.0527418919564324, 'trop_k_veg': 2.520089655463604, 'fire_amp': 5.44779717154213}.
[I 2026-06-11 02:04:48,526] Trial 700 finished with values: [-0.6072654512977105, 0.07229262555333493] and parameters: {'k1': 0.0018697387216131526, 'D_low': 1.7551403048208316, 'k2': 0.045914852167405346, 'D_high': 16780.50857913099, 'fire_exp': 1.4848387260494937, 'P_half': 1549.6599265816342, 'pre_dampen_half': 170.71098124594695, 'gpp_af': 0.008117091133892173, 'gpp_b': 0.00807491410172472, 'gpp_d': 545.0253444559129, 'ign_k': 0.0029519227433917453, 'ign_c': 3.7623363852696734, 'trop_agb_crit': 12.647327018493208, 'trop_k_veg': 4.989748894578724, 'fire_amp': 3.211868494428654}.
[I 2026-06-11 02:04:50,011] Trial 701 finished with values: [10.04927969549463, 10.04927969549463] and parameters: {'k1': 0.0018697387216131526, 'D_low': 1.7551403048208316, 'k2': 0.0007731571570012607, 'D_high': 252.84086172415604, 'fire_exp': 1.41873960828944, 'P_half': 3.591771421517613, 'pre_dampen_half': 16.009350908593582, 'gpp_af': 0.008117091133892173, 'gpp_b': 0.00012118589392553798, 'gpp_d': 12.338826503601998, 'ign_k': 0.07867677706257832, 'ign_c': 0.4177928311636542, 'trop_agb_crit': 12.708819454040446, 'trop_k_veg': 4.989748894578724, 'fire_amp': 3.1543496524370136}.
[I 2026-06-11 02:04:51,356] Trial 702 finished with values: [10.769209936100523, 10.769209936100523] and parameters: {'k1': 3.609310926766545e-05, 'D_low': 43.03411264066069, 'k2': 0.045914852167405346, 'D_high': 32311.521854410956, 'fire_exp': 7.837740398103447, 'P_half': 3.591771421517613, 'pre_dampen_half': 16.009350908593582, 'gpp_af': 0.008117091133892173, 'gpp_b': 0.00031478066835753096, 'gpp_d': 96.93415502195788, 'ign_k': 0.002357279455676982, 'ign_c': 1.4879588507789996, 'trop_agb_crit': 8.0091368834625, 'trop_k_veg': 0.5535297685306277, 'fire_amp': 1.5719333351012774}.
[I 2026-06-11 02:04:52,742] Trial 703 finished with values: [-0.6287725392833121, 0.12431915517500014] and parameters: {'k1': 0.016973078532467004, 'D_low': 1.7551403048208316, 'k2': 0.00037358626308127543, 'D_high': 36998.679204890876, 'fire_exp': 1.9136159174067866, 'P_half': 61.6097529474144, 'pre_dampen_half': 30.456909077772018, 'gpp_af': 0.07118041471054574, 'gpp_b': 0.00014164588046678954, 'gpp_d': 0.7698760608299932, 'ign_k': 0.0029519227433917453, 'ign_c': 39.52220881906114, 'trop_agb_crit': 4.902399583903479, 'trop_k_veg': 2.520089655463604, 'fire_amp': 1.2393473789150806}.
[I 2026-06-11 02:04:54,132] Trial 704 finished with values: [10.74233285539951, 10.74233285539951] and parameters: {'k1': 0.016973078532467004, 'D_low': 19.655597419418832, 'k2': 0.00037358626308127543, 'D_high': 1266.9536563782303, 'fire_exp': 1.9136159174067866, 'P_half': 51.10120656497163, 'pre_dampen_half': 0.1359195760156183, 'gpp_af': 0.07118041471054574, 'gpp_b': 0.0013488940375755271, 'gpp_d': 96.93415502195788, 'ign_k': 0.002357279455676982, 'ign_c': 388.02797007866826, 'trop_agb_crit': 2.0527418919564324, 'trop_k_veg': 2.520089655463604, 'fire_amp': 5.606809127618709}.
[I 2026-06-11 02:04:55,558] Trial 705 finished with values: [-0.45771481973013817, 0.12131631320033731] and parameters: {'k1': 5.178197947282869e-05, 'D_low': 236.79352040223893, 'k2': 0.045914852167405346, 'D_high': 55.22071973135807, 'fire_exp': 1.2344878997299724, 'P_half': 2.226799690893868, 'pre_dampen_half': 220.35141300841897, 'gpp_af': 0.008117091133892173, 'gpp_b': 0.001674375583895437, 'gpp_d': 0.7698760608299932, 'ign_k': 0.012566783761977915, 'ign_c': 39.52220881906114, 'trop_agb_crit': 4.902399583903479, 'trop_k_veg': 6.030247256556128, 'fire_amp': 2.7806853670293616}.
[I 2026-06-11 02:04:57,059] Trial 706 finished with values: [10.67114749888735, 10.67114749888735] and parameters: {'k1': 5.7909642338812115e-05, 'D_low': 148.21691630007544, 'k2': 0.0004862769762212836, 'D_high': 36998.679204890876, 'fire_exp': 1.9136159174067866, 'P_half': 1549.6599265816342, 'pre_dampen_half': 30.456909077772018, 'gpp_af': 0.10098504976210308, 'gpp_b': 0.00031478066835753096, 'gpp_d': 1.0088237648985734, 'ign_k': 0.012802983592904445, 'ign_c': 1.4879588507789996, 'trop_agb_crit': 1.8285200278523417, 'trop_k_veg': 2.520089655463604, 'fire_amp': 2.7806853670293616}.
[I 2026-06-11 02:04:58,469] Trial 707 finished with values: [10.678601124877135, 10.678601124877135] and parameters: {'k1': 3.609310926766545e-05, 'D_low': 1121.5915868662764, 'k2': 0.00037358626308127543, 'D_high': 32311.521854410956, 'fire_exp': 1.4848387260494937, 'P_half': 1549.6599265816342, 'pre_dampen_half': 16.009350908593582, 'gpp_af': 0.008117091133892173, 'gpp_b': 0.0004125336560355494, 'gpp_d': 545.0253444559129, 'ign_k': 0.0029519227433917453, 'ign_c': 39.52220881906114, 'trop_agb_crit': 4.902399583903479, 'trop_k_veg': 0.6061284103410196, 'fire_amp': 1.2393473789150806}.
[I 2026-06-11 02:04:59,796] Trial 708 finished with values: [10.703684873610408, 10.703684873610408] and parameters: {'k1': 5.178197947282869e-05, 'D_low': 236.79352040223893, 'k2': 0.0004976087827261435, 'D_high': 24.9899605789089, 'fire_exp': 1.2344878997299724, 'P_half': 119.18981992518337, 'pre_dampen_half': 30.456909077772018, 'gpp_af': 0.07118041471054574, 'gpp_b': 2.176805640408474e-05, 'gpp_d': 0.021780247871356784, 'ign_k': 0.0018548376790967168, 'ign_c': 1.4879588507789996, 'trop_agb_crit': 8.0091368834625, 'trop_k_veg': 6.030247256556128, 'fire_amp': 1.1655705619308396}.
[I 2026-06-11 02:05:01,149] Trial 709 finished with values: [10.368505846020557, 10.368505846020557] and parameters: {'k1': 3.609310926766545e-05, 'D_low': 171.2446447678494, 'k2': 0.0004976087827261435, 'D_high': 1266.9536563782303, 'fire_exp': 1.4848387260494937, 'P_half': 61.6097529474144, 'pre_dampen_half': 16.009350908593582, 'gpp_af': 42.29037995744429, 'gpp_b': 0.0004125336560355494, 'gpp_d': 96.93415502195788, 'ign_k': 0.0029519227433917453, 'ign_c': 159.0105835124059, 'trop_agb_crit': 4.902399583903479, 'trop_k_veg': 2.520089655463604, 'fire_amp': 5.606809127618709}.
[I 2026-06-11 02:05:02,894] Trial 710 finished with values: [10.330303035009578, 10.330303035009578] and parameters: {'k1': 0.03648456083047798, 'D_low': 171.2446447678494, 'k2': 0.00037358626308127543, 'D_high': 36998.679204890876, 'fire_exp': 1.2344878997299724, 'P_half': 1265.0580856641704, 'pre_dampen_half': 30.456909077772018, 'gpp_af': 2.5444227489578917, 'gpp_b': 0.00031478066835753096, 'gpp_d': 1.0088237648985734, 'ign_k': 0.17320535908244444, 'ign_c': 7.081721844034206, 'trop_agb_crit': 12.708819454040446, 'trop_k_veg': 2.724170387400844, 'fire_amp': 5.44779717154213}.
[I 2026-06-11 02:05:04,416] Trial 711 finished with values: [10.55378206529776, 10.55378206529776] and parameters: {'k1': 8.60693112508996e-05, 'D_low': 43.03411264066069, 'k2': 0.0001280886335404798, 'D_high': 55.22071973135807, 'fire_exp': 1.4848387260494937, 'P_half': 45.55085098454082, 'pre_dampen_half': 170.71098124594695, 'gpp_af': 1.9706963379095486, 'gpp_b': 0.0004125336560355494, 'gpp_d': 96.93415502195788, 'ign_k': 0.002357279455676982, 'ign_c': 153.51441568398127, 'trop_agb_crit': 8.0091368834625, 'trop_k_veg': 6.030247256556128, 'fire_amp': 5.606809127618709}.
[I 2026-06-11 02:05:05,830] Trial 712 finished with values: [10.755519342604199, 10.755519342604199] and parameters: {'k1': 3.609310926766545e-05, 'D_low': 144.5598398487298, 'k2': 0.0004976087827261435, 'D_high': 1266.9536563782303, 'fire_exp': 1.4848387260494937, 'P_half': 1265.0580856641704, 'pre_dampen_half': 16.009350908593582, 'gpp_af': 1.9706963379095486, 'gpp_b': 0.0004125336560355494, 'gpp_d': 0.09467055845337147, 'ign_k': 0.002357279455676982, 'ign_c': 39.52220881906114, 'trop_agb_crit': 19.951866308719378, 'trop_k_veg': 2.520089655463604, 'fire_amp': 5.606809127618709}.
[I 2026-06-11 02:05:07,129] Trial 713 finished with values: [10.224703444857402, 10.224703444857402] and parameters: {'k1': 0.0018697387216131526, 'D_low': 1.4002277211577039, 'k2': 0.0007731571570012607, 'D_high': 30227.031291375773, 'fire_exp': 1.41873960828944, 'P_half': 401.33725523815957, 'pre_dampen_half': 1.8469033699850426, 'gpp_af': 0.008117091133892173, 'gpp_b': 0.00807491410172472, 'gpp_d': 1.0088237648985734, 'ign_k': 0.17320535908244444, 'ign_c': 13.546626168109242, 'trop_agb_crit': 12.708819454040446, 'trop_k_veg': 5.453348988480011, 'fire_amp': 5.44779717154213}.
[I 2026-06-11 02:05:08,434] Trial 714 finished with values: [10.638140913245964, 10.638140913245964] and parameters: {'k1': 0.016973078532467004, 'D_low': 1.7551403048208316, 'k2': 0.0004862769762212836, 'D_high': 198.3056154955596, 'fire_exp': 1.9136159174067866, 'P_half': 51.10120656497163, 'pre_dampen_half': 30.456909077772018, 'gpp_af': 2.5444227489578917, 'gpp_b': 0.00031478066835753096, 'gpp_d': 1.6963424566071992, 'ign_k': 0.012802983592904445, 'ign_c': 1.4879588507789996, 'trop_agb_crit': 4.902399583903479, 'trop_k_veg': 2.520089655463604, 'fire_amp': 2.7806853670293616}.
[I 2026-06-11 02:05:09,757] Trial 715 finished with values: [-0.6072654512977105, 0.07229262555333493] and parameters: {'k1': 0.0018697387216131526, 'D_low': 1.7551403048208316, 'k2': 0.045914852167405346, 'D_high': 16780.50857913099, 'fire_exp': 1.4848387260494937, 'P_half': 1549.6599265816342, 'pre_dampen_half': 170.71098124594695, 'gpp_af': 0.008117091133892173, 'gpp_b': 0.00807491410172472, 'gpp_d': 545.0253444559129, 'ign_k': 0.0029519227433917453, 'ign_c': 3.7623363852696734, 'trop_agb_crit': 12.647327018493208, 'trop_k_veg': 4.989748894578724, 'fire_amp': 3.211868494428654}.
[I 2026-06-11 02:05:11,286] Trial 716 finished with values: [10.08690129554413, 10.08690129554413] and parameters: {'k1': 0.012840669372724958, 'D_low': 171.2446447678494, 'k2': 0.00037358626308127543, 'D_high': 16780.50857913099, 'fire_exp': 1.9136159174067866, 'P_half': 51.10120656497163, 'pre_dampen_half': 16.009350908593582, 'gpp_af': 0.046239120540552445, 'gpp_b': 0.015062722325200045, 'gpp_d': 21.899070557043984, 'ign_k': 0.0029519227433917453, 'ign_c': 39.52220881906114, 'trop_agb_crit': 12.647327018493208, 'trop_k_veg': 6.030247256556128, 'fire_amp': 5.606809127618709}.
[I 2026-06-11 02:05:12,854] Trial 717 finished with values: [10.40636221621498, 10.40636221621498] and parameters: {'k1': 0.03648456083047798, 'D_low': 476.3737484593719, 'k2': 0.00037358626308127543, 'D_high': 1266.9536563782303, 'fire_exp': 1.2344878997299724, 'P_half': 1549.6599265816342, 'pre_dampen_half': 170.71098124594695, 'gpp_af': 0.015627364027979502, 'gpp_b': 0.00031478066835753096, 'gpp_d': 0.09467055845337147, 'ign_k': 0.0029519227433917453, 'ign_c': 1.4879588507789996, 'trop_agb_crit': 12.647327018493208, 'trop_k_veg': 2.724170387400844, 'fire_amp': 2.7806853670293616}.
[I 2026-06-11 02:05:14,241] Trial 718 finished with values: [10.577935933487012, 10.577935933487012] and parameters: {'k1': 0.0018697387216131526, 'D_low': 1.7551403048208316, 'k2': 0.00037358626308127543, 'D_high': 16780.50857913099, 'fire_exp': 1.9136159174067866, 'P_half': 1549.6599265816342, 'pre_dampen_half': 170.71098124594695, 'gpp_af': 0.008117091133892173, 'gpp_b': 0.00807491410172472, 'gpp_d': 545.0253444559129, 'ign_k': 0.002357279455676982, 'ign_c': 3.7623363852696734, 'trop_agb_crit': 4.902399583903479, 'trop_k_veg': 2.520089655463604, 'fire_amp': 3.211868494428654}.
[I 2026-06-11 02:05:15,538] Trial 719 finished with values: [10.759866740171455, 10.759866740171455] and parameters: {'k1': 5.7909642338812115e-05, 'D_low': 171.2446447678494, 'k2': 0.00037358626308127543, 'D_high': 36998.679204890876, 'fire_exp': 1.9136159174067866, 'P_half': 9474.524974021555, 'pre_dampen_half': 30.456909077772018, 'gpp_af': 0.2204465010099918, 'gpp_b': 2.176805640408474e-05, 'gpp_d': 1.0088237648985734, 'ign_k': 0.0029519227433917453, 'ign_c': 39.52220881906114, 'trop_agb_crit': 1.8285200278523417, 'trop_k_veg': 2.520089655463604, 'fire_amp': 5.44779717154213}.
