[I 2026-08-20 00:36:56,976] Trial 832 finished with value: -0.54900702347436 and parameters: {'k1': 0.006829549229217899, 'D_low': 1452.497717842224, 'k2': 0.00033042258854195164, 'D_high': 3600477.9104366493, 'fire_exp': 1.688291465532189, 'P_half': 1.6520013592413418, 'pre_dampen_half': 1.6870692559065423, 'gpp_af': 0.009459209957527422, 'gpp_b': 1.2105755732694028e-05, 'gpp_d': 0.08050621620021622, 'ign_k': 0.05176782262780394, 'ign_c': 1.5696719431462114, 'trop_agb_crit': 15.741132475207921, 'trop_k_veg': 7.754818071409428, 'pop_amp': 0.03619283610395902, 'pop_peak': 5.307659295053493, 'pop_sig': 1.1700215109383623}. Best is trial 274 with value: -0.604910391627968.
[I 2026-08-20 00:36:58,775] Trial 833 finished with value: -0.5336623974733873 and parameters: {'k1': 0.0004617797610867129, 'D_low': 22677.917314938746, 'k2': 0.08814532430726824, 'D_high': 9932467.63163592, 'fire_exp': 1.589667723435215, 'P_half': 1.4378175204302226, 'pre_dampen_half': 103.2920770643946, 'gpp_af': 0.09388077851364184, 'gpp_b': 5.643834562975803e-05, 'gpp_d': 0.3046074958713318, 'ign_k': 1.0974214328968632, 'ign_c': 21.73857793978503, 'trop_agb_crit': 3.2380854740364065, 'trop_k_veg': 2.6465310177698953, 'pop_amp': 0.1310951482852285, 'pop_peak': 4.867503195614884, 'pop_sig': 0.6157639976373345}. Best is trial 274 with value: -0.604910391627968.
[I 2026-08-20 00:37:00,720] Trial 834 finished with value: -0.5325697322379371 and parameters: {'k1': 0.002410650861904542, 'D_low': 13173.689361518542, 'k2': 0.00991195459259391, 'D_high': 529857.3844349006, 'fire_exp': 1.999051488222924, 'P_half': 1.3259319355662542, 'pre_dampen_half': 57.67973253810658, 'gpp_af': 0.4651199143159564, 'gpp_b': 0.0007925358028909505, 'gpp_d': 964.6116244791759, 'ign_k': 0.02757408305693518, 'ign_c': 1.0573692973349016, 'trop_agb_crit': 29.89459885971937, 'trop_k_veg': 3.8611301448306086, 'pop_amp': 0.0409489722345352, 'pop_peak': 0.0964449243497882, 'pop_sig': 0.26384709345101864}. Best is trial 274 with value: -0.604910391627968.
[I 2026-08-20 00:37:02,612] Trial 835 finished with value: 0.5715417892077481 and parameters: {'k1': 9.126878173421125e-05, 'D_low': 910.0232513939793, 'k2': 0.00048110565560536753, 'D_high': 329109.70414128836, 'fire_exp': 1.518166206861669, 'P_half': 321.98677124182285, 'pre_dampen_half': 7.702827005957241, 'gpp_af': 0.0012663038702687025, 'gpp_b': 0.002045334173751371, 'gpp_d': 1.320596743368009, 'ign_k': 2.449253750201317, 'ign_c': 2.779628205207887, 'trop_agb_crit': 2.1155570127711063, 'trop_k_veg': 4.23585387499426, 'pop_amp': 0.5418425678633858, 'pop_peak': 0.0638493393817765, 'pop_sig': 0.29753360251610156}. Best is trial 274 with value: -0.604910391627968.
[I 2026-08-20 00:37:04,466] Trial 836 finished with value: 0.5127808034960422 and parameters: {'k1': 0.003808571711080457, 'D_low': 4.564004846487728, 'k2': 0.012016107238244315, 'D_high': 255604.9803038705, 'fire_exp': 2.0307031494994394, 'P_half': 18.916937858737565, 'pre_dampen_half': 0.06520662659482544, 'gpp_af': 0.0019315004916944118, 'gpp_b': 1.0562002407029594e-05, 'gpp_d': 1.807754611551436, 'ign_k': 0.0016851803996101263, 'ign_c': 0.18992238267676212, 'trop_agb_crit': 10.331588509509523, 'trop_k_veg': 3.8731654395093154, 'pop_amp': 6.665041545720791, 'pop_peak': 0.23055330376973598, 'pop_sig': 1.2964300122262469}. Best is trial 274 with value: -0.604910391627968.
[I 2026-08-20 00:37:06,316] Trial 837 finished with value: 0.48592314898740496 and parameters: {'k1': 0.00030573451202464837, 'D_low': 554.5606941277935, 'k2': 0.07897788284251979, 'D_high': 272718.2955549539, 'fire_exp': 1.3782594842808882, 'P_half': 84.20020975020375, 'pre_dampen_half': 0.14183821827566, 'gpp_af': 0.22193171736048983, 'gpp_b': 3.603624798536345e-05, 'gpp_d': 0.2206182517507032, 'ign_k': 5.171273250096987, 'ign_c': 0.525422361213163, 'trop_agb_crit': 1.0886901733122856, 'trop_k_veg': 2.242868501910431, 'pop_amp': 1.8145832319380926, 'pop_peak': 0.05915442732328768, 'pop_sig': 0.6644482649193276}. Best is trial 274 with value: -0.604910391627968.
[I 2026-08-20 00:37:08,362] Trial 838 finished with value: 0.5959932280961995 and parameters: {'k1': 7.981678418211373e-05, 'D_low': 2.775674120818597, 'k2': 0.002500428882171976, 'D_high': 111388.7714246937, 'fire_exp': 1.3616335573877232, 'P_half': 69.50443884792985, 'pre_dampen_half': 22.544881317315653, 'gpp_af': 0.005142758362943876, 'gpp_b': 0.02921606011741724, 'gpp_d': 0.3556425155069758, 'ign_k': 4.116970392984787, 'ign_c': 1.383175060359323, 'trop_agb_crit': 1.2238020757441535, 'trop_k_veg': 1.6559923080896517, 'pop_amp': 0.07239931017725523, 'pop_peak': 0.18719575810176312, 'pop_sig': 0.5373167643659011}. Best is trial 274 with value: -0.604910391627968.
[I 2026-08-20 00:37:10,163] Trial 839 finished with value: 0.5372510725945923 and parameters: {'k1': 0.003190131683584802, 'D_low': 4.717930161126404, 'k2': 0.006317604452377235, 'D_high': 292181.6156172068, 'fire_exp': 1.5892290682937276, 'P_half': 62.021308365563755, 'pre_dampen_half': 0.24914989118467273, 'gpp_af': 0.12302505481141571, 'gpp_b': 0.0037080745986815366, 'gpp_d': 29.526122582330903, 'ign_k': 0.041523912617683185, 'ign_c': 6.52822385240348, 'trop_agb_crit': 16.175683156600677, 'trop_k_veg': 0.8727832601036968, 'pop_amp': 0.1839395134299197, 'pop_peak': 24.040278183486155, 'pop_sig': 0.9786365765553265}. Best is trial 274 with value: -0.604910391627968.
[I 2026-08-20 00:37:12,015] Trial 840 finished with value: -0.537607050260182 and parameters: {'k1': 0.0008142826737014967, 'D_low': 132.38247641542355, 'k2': 0.056493816449052305, 'D_high': 27367.52591503131, 'fire_exp': 1.0369847662796432, 'P_half': 15.644436536508877, 'pre_dampen_half': 0.47746902659956686, 'gpp_af': 0.006070094729894206, 'gpp_b': 0.0005583282208639345, 'gpp_d': 1.7473484836971238, 'ign_k': 0.0014297105169913387, 'ign_c': 0.2620317934146674, 'trop_agb_crit': 11.450700569491309, 'trop_k_veg': 2.1731556370780636, 'pop_amp': 2.656206463164478, 'pop_peak': 6.848332668232157, 'pop_sig': 0.837409311226389}. Best is trial 274 with value: -0.604910391627968.
[I 2026-08-20 00:37:13,835] Trial 841 finished with value: 0.6315113238033266 and parameters: {'k1': 0.003033054747280102, 'D_low': 58723.400475539434, 'k2': 0.00016203242505540282, 'D_high': 6810.33692632292, 'fire_exp': 2.2426848605129335, 'P_half': 4.076134349868261, 'pre_dampen_half': 16.470246870116764, 'gpp_af': 0.0025667490524508376, 'gpp_b': 0.0010846294204972366, 'gpp_d': 0.36983721851031154, 'ign_k': 0.025503620301038976, 'ign_c': 0.4635775019698666, 'trop_agb_crit': 3.688932321236103, 'trop_k_veg': 5.7367787302076625, 'pop_amp': 0.037924104456337426, 'pop_peak': 9.546905403709959, 'pop_sig': 1.482069938597869}. Best is trial 274 with value: -0.604910391627968.
[I 2026-08-20 00:37:15,663] Trial 842 finished with value: -0.5189145792917031 and parameters: {'k1': 3.102038642857463e-05, 'D_low': 64.15317517656706, 'k2': 0.0029607002418786184, 'D_high': 8228803.042692558, 'fire_exp': 2.4235525983432344, 'P_half': 45.88907776192496, 'pre_dampen_half': 39.73701294544512, 'gpp_af': 0.0015701519559141927, 'gpp_b': 0.0001357586962140454, 'gpp_d': 0.6551013011152509, 'ign_k': 2.74244911868964, 'ign_c': 1.9107083010883552, 'trop_agb_crit': 1.752012158591488, 'trop_k_veg': 2.991807656103976, 'pop_amp': 0.7976915581168592, 'pop_peak': 0.05124616205768072, 'pop_sig': 0.5650466862825285}. Best is trial 274 with value: -0.604910391627968.
[I 2026-08-20 00:37:17,532] Trial 843 finished with value: -0.5787022081455389 and parameters: {'k1': 0.0003526478516121725, 'D_low': 358.609309601216, 'k2': 0.015697049225962316, 'D_high': 6249181.341637937, 'fire_exp': 1.1050150083459025, 'P_half': 237.51285573835352, 'pre_dampen_half': 0.26422592523772176, 'gpp_af': 0.009767530399920194, 'gpp_b': 6.106144149164534e-05, 'gpp_d': 0.3179276301055363, 'ign_k': 4.510997032689571, 'ign_c': 6.237450537693112, 'trop_agb_crit': 3.2725995550030476, 'trop_k_veg': 2.7792364794053923, 'pop_amp': 3.0670719911062823, 'pop_peak': 0.47857763065040193, 'pop_sig': 0.5601251269553199}. Best is trial 274 with value: -0.604910391627968.
[I 2026-08-20 00:37:19,325] Trial 844 finished with value: -0.5501095548498369 and parameters: {'k1': 0.00010158213746627623, 'D_low': 2.4370642922470904, 'k2': 0.0021754765730762926, 'D_high': 6756965.253552862, 'fire_exp': 1.0473305739103078, 'P_half': 288.1920974267877, 'pre_dampen_half': 7.657946045479986, 'gpp_af': 0.0025579696591627107, 'gpp_b': 0.0007414432733710193, 'gpp_d': 0.5840117327909681, 'ign_k': 6.285540324567539, 'ign_c': 1.8358555389874174, 'trop_agb_crit': 2.269904034158857, 'trop_k_veg': 4.267428428298947, 'pop_amp': 0.0799833046079972, 'pop_peak': 1.085500944147903, 'pop_sig': 0.5825095808243782}. Best is trial 274 with value: -0.604910391627968.
[I 2026-08-20 00:37:21,160] Trial 845 finished with value: 0.6445374145881376 and parameters: {'k1': 0.001581439293752092, 'D_low': 180.1543380824662, 'k2': 0.02009799413398806, 'D_high': 924501.357089255, 'fire_exp': 1.3048165469069974, 'P_half': 4070.5654509774886, 'pre_dampen_half': 0.1479903975388792, 'gpp_af': 0.01838610903219217, 'gpp_b': 4.017476291079979e-05, 'gpp_d': 1.1198606224584, 'ign_k': 2.2437294885014087, 'ign_c': 56.44045963343707, 'trop_agb_crit': 3.3794359166392516, 'trop_k_veg': 1.118499199329744, 'pop_amp': 1.248478521327425, 'pop_peak': 0.6333417727862438, 'pop_sig': 0.5912114084641307}. Best is trial 274 with value: -0.604910391627968.
[I 2026-08-20 00:37:22,989] Trial 846 finished with value: 0.4793861041289127 and parameters: {'k1': 0.005408206496908964, 'D_low': 9.038270449871318, 'k2': 0.07126866803207647, 'D_high': 1523614.6611686558, 'fire_exp': 1.2791087428357286, 'P_half': 11.483068072259066, 'pre_dampen_half': 0.10003478741607638, 'gpp_af': 0.04155690932185875, 'gpp_b': 8.857071493091377e-05, 'gpp_d': 9.004869757625137, 'ign_k': 0.0020686866222656554, 'ign_c': 3.8034447993627207, 'trop_agb_crit': 4.357841754675882, 'trop_k_veg': 1.7980228073399638, 'pop_amp': 16.202320472747797, 'pop_peak': 1.5040892096804435, 'pop_sig': 0.7524818008432642}. Best is trial 274 with value: -0.604910391627968.
[I 2026-08-20 00:37:24,886] Trial 847 finished with value: 0.4668991746459623 and parameters: {'k1': 0.005813768565413693, 'D_low': 206.18017739194647, 'k2': 0.00045975166005512573, 'D_high': 208725.61990681087, 'fire_exp': 1.0407484294001863, 'P_half': 5.664668988047076, 'pre_dampen_half': 12.907004816865774, 'gpp_af': 0.001550497483576155, 'gpp_b': 2.355795756945218e-05, 'gpp_d': 44.85876010971377, 'ign_k': 7.919064317941396, 'ign_c': 0.5979452226830032, 'trop_agb_crit': 6.430636019730908, 'trop_k_veg': 2.161423807531718, 'pop_amp': 0.017266468171597937, 'pop_peak': 6.708298331089722, 'pop_sig': 0.7004168556502676}. Best is trial 274 with value: -0.604910391627968.
[I 2026-08-20 00:37:26,764] Trial 848 finished with value: 0.48273926822307156 and parameters: {'k1': 0.0004503442006595435, 'D_low': 2448.474644793916, 'k2': 0.07857114133486769, 'D_high': 375950.4498528131, 'fire_exp': 2.8299246746999915, 'P_half': 1.7633797525206656, 'pre_dampen_half': 300.4981503290841, 'gpp_af': 0.001319698748510965, 'gpp_b': 1.5821772949550807e-05, 'gpp_d': 5.62698803363026, 'ign_k': 3.075440818423667, 'ign_c': 0.2633745975660357, 'trop_agb_crit': 3.242866202759382, 'trop_k_veg': 3.065607029750063, 'pop_amp': 0.3051869631087675, 'pop_peak': 0.22648038921370503, 'pop_sig': 1.085409120280577}. Best is trial 274 with value: -0.604910391627968.
[I 2026-08-20 00:37:28,848] Trial 849 finished with value: -0.5882883681566872 and parameters: {'k1': 0.000998705818849186, 'D_low': 246.373303083251, 'k2': 0.083123691318525, 'D_high': 1298881.2189342012, 'fire_exp': 1.4262003657103122, 'P_half': 3.262677494911541, 'pre_dampen_half': 0.24388080237177415, 'gpp_af': 0.03832490307695839, 'gpp_b': 0.0002255178878756933, 'gpp_d': 240.91361921871567, 'ign_k': 0.002028057268486483, 'ign_c': 0.30694160146309635, 'trop_agb_crit': 4.226620212705815, 'trop_k_veg': 1.460027223685239, 'pop_amp': 3.82829153017271, 'pop_peak': 27.657652559092377, 'pop_sig': 2.416078818762041}. Best is trial 274 with value: -0.604910391627968.
[I 2026-08-20 00:37:30,653] Trial 850 finished with value: 0.5722358259082998 and parameters: {'k1': 0.09485821408274775, 'D_low': 2005.7935583572837, 'k2': 0.0567638607344066, 'D_high': 591014.1302870677, 'fire_exp': 3.731466776409977, 'P_half': 1263.9551998175216, 'pre_dampen_half': 91.99136285216356, 'gpp_af': 0.022764901868435296, 'gpp_b': 3.734914550872623e-05, 'gpp_d': 24.45988373208726, 'ign_k': 1.5290701002048395, 'ign_c': 0.8249906462730959, 'trop_agb_crit': 2.948093670682863, 'trop_k_veg': 2.0060118198428016, 'pop_amp': 0.8200705240472212, 'pop_peak': 0.13224025617639845, 'pop_sig': 0.41829146055574373}. Best is trial 274 with value: -0.604910391627968.
[I 2026-08-20 00:37:32,438] Trial 851 finished with value: -0.5701160843143533 and parameters: {'k1': 7.173691598126102e-05, 'D_low': 183.11879607219976, 'k2': 0.039064614809235315, 'D_high': 1087824.553065184, 'fire_exp': 1.2852947671735344, 'P_half': 9.518721483077734, 'pre_dampen_half': 0.6026468371753495, 'gpp_af': 0.14109740801968207, 'gpp_b': 6.974287620578577e-05, 'gpp_d': 3.5592738983768664, 'ign_k': 3.371584811746692, 'ign_c': 2.941592601359884, 'trop_agb_crit': 1.9980027717507542, 'trop_k_veg': 2.9934472019870446, 'pop_amp': 0.19571676209511465, 'pop_peak': 0.0667704482068267, 'pop_sig': 0.8735951871131696}. Best is trial 274 with value: -0.604910391627968.
[I 2026-08-20 00:37:34,244] Trial 852 finished with value: 0.575505163093317 and parameters: {'k1': 6.67652593971296e-05, 'D_low': 60.63955697655566, 'k2': 0.03139823103511496, 'D_high': 593490.1850295283, 'fire_exp': 1.268031692488043, 'P_half': 188.73760162909082, 'pre_dampen_half': 0.2902807954673807, 'gpp_af': 0.004069766557474627, 'gpp_b': 5.907570150411619e-05, 'gpp_d': 0.20799030494615067, 'ign_k': 0.6076502358825194, 'ign_c': 28.910871917524886, 'trop_agb_crit': 2.2633336422959656, 'trop_k_veg': 2.471565727396296, 'pop_amp': 2.828082251693519, 'pop_peak': 0.142229086002337, 'pop_sig': 0.32597046235463906}. Best is trial 274 with value: -0.604910391627968.
[I 2026-08-20 00:37:36,033] Trial 853 finished with value: 0.6103967663605311 and parameters: {'k1': 0.0007089062927473581, 'D_low': 3.708382551004531, 'k2': 0.017493711411067016, 'D_high': 1975700.4306420605, 'fire_exp': 1.6410132411613592, 'P_half': 14.720921103851209, 'pre_dampen_half': 2.8192058610016963, 'gpp_af': 0.21270938885100252, 'gpp_b': 0.0004634282000998814, 'gpp_d': 171.54266854274468, 'ign_k': 0.0023610596078453604, 'ign_c': 0.12498092424034721, 'trop_agb_crit': 2.175268235804415, 'trop_k_veg': 1.236961810507857, 'pop_amp': 13.258615524239005, 'pop_peak': 4.805603170671207, 'pop_sig': 2.180106803289664}. Best is trial 274 with value: -0.604910391627968.
[I 2026-08-20 00:37:37,833] Trial 854 finished with value: 0.5598821213221681 and parameters: {'k1': 0.00021048717278924687, 'D_low': 5431.787336550627, 'k2': 0.0718268610999222, 'D_high': 174641.58638740834, 'fire_exp': 1.225359015322923, 'P_half': 1.02560471284409, 'pre_dampen_half': 0.01303631502298863, 'gpp_af': 0.017224262017643047, 'gpp_b': 0.0003353514979761116, 'gpp_d': 130.1007150651562, 'ign_k': 0.0023953747261079863, 'ign_c': 0.6743823006887348, 'trop_agb_crit': 3.2088229274295412, 'trop_k_veg': 1.625396188201016, 'pop_amp': 1.0240390339169045, 'pop_peak': 48.132072840388744, 'pop_sig': 1.4718610858801353}. Best is trial 274 with value: -0.604910391627968.
[I 2026-08-20 00:37:39,620] Trial 855 finished with value: 0.6106827997997973 and parameters: {'k1': 0.008848831766275315, 'D_low': 85.90184040465208, 'k2': 0.016276246734514846, 'D_high': 1684.5584665478414, 'fire_exp': 1.6613511451394543, 'P_half': 9.431314793148973, 'pre_dampen_half': 0.01158650729691126, 'gpp_af': 0.6170719356283799, 'gpp_b': 2.039553075817395e-05, 'gpp_d': 60.910395765376464, 'ign_k': 0.003044876093073855, 'ign_c': 1.6835347276336181, 'trop_agb_crit': 1.836397848024932, 'trop_k_veg': 1.1165643303312303, 'pop_amp': 1.960967279087779, 'pop_peak': 42.21499398302087, 'pop_sig': 1.516274114291519}. Best is trial 274 with value: -0.604910391627968.
[I 2026-08-20 00:37:41,395] Trial 856 finished with value: 0.5728925152355423 and parameters: {'k1': 0.0012968085886006407, 'D_low': 9.331830682145272, 'k2': 0.039135687466490786, 'D_high': 6759535.966186346, 'fire_exp': 2.902656624915144, 'P_half': 21.627653261569364, 'pre_dampen_half': 0.29751556571334115, 'gpp_af': 0.9984657210401007, 'gpp_b': 0.007280365023483865, 'gpp_d': 523.2905053020869, 'ign_k': 0.0019921822936696905, 'ign_c': 0.12419387771961135, 'trop_agb_crit': 2.402782070959009, 'trop_k_veg': 2.2375807239776804, 'pop_amp': 0.46956455642171413, 'pop_peak': 467.5397575779709, 'pop_sig': 1.7685480299620913}. Best is trial 274 with value: -0.604910391627968.
[I 2026-08-20 00:37:43,205] Trial 857 finished with value: 0.4422723482631138 and parameters: {'k1': 0.0016760650775496466, 'D_low': 8552.508382573227, 'k2': 0.0006919839561370589, 'D_high': 4528091.704778125, 'fire_exp': 2.097883479764325, 'P_half': 40.24351035273398, 'pre_dampen_half': 47.00084837408357, 'gpp_af': 0.38063321953070706, 'gpp_b': 0.00042766356172521414, 'gpp_d': 13.59910386560067, 'ign_k': 0.9681003196204147, 'ign_c': 3.1642357832378223, 'trop_agb_crit': 19.555724352238407, 'trop_k_veg': 3.938829147177611, 'pop_amp': 0.0024891764545779717, 'pop_peak': 2.98433862537192, 'pop_sig': 0.8701678458419034}. Best is trial 274 with value: -0.604910391627968.
[I 2026-08-20 00:37:45,001] Trial 858 finished with value: 0.5833294549177895 and parameters: {'k1': 6.150204252407875e-05, 'D_low': 3281.4416960658086, 'k2': 0.04231513632548886, 'D_high': 8917050.434909685, 'fire_exp': 1.8662630823627346, 'P_half': 103.50701725435326, 'pre_dampen_half': 8.23477922237515, 'gpp_af': 0.003267140846901826, 'gpp_b': 0.008890184690339264, 'gpp_d': 6.686800570740527, 'ign_k': 4.214854636884991, 'ign_c': 4.563127757845401, 'trop_agb_crit': 11.075895413091832, 'trop_k_veg': 6.9433896833252735, 'pop_amp': 0.0023601212936017833, 'pop_peak': 0.5102465862045709, 'pop_sig': 0.7095718694747453}. Best is trial 274 with value: -0.604910391627968.
[I 2026-08-20 00:37:46,789] Trial 859 finished with value: 0.5850473205465793 and parameters: {'k1': 0.0001646814495814726, 'D_low': 309.09563705866424, 'k2': 0.05321055646770176, 'D_high': 112477.39149749043, 'fire_exp': 2.899588139649792, 'P_half': 4.343841745607355, 'pre_dampen_half': 0.26865856046469944, 'gpp_af': 0.010380168213866845, 'gpp_b': 0.0038152731319440244, 'gpp_d': 730.1586621111383, 'ign_k': 0.0045912836524258024, 'ign_c': 0.39859907990677096, 'trop_agb_crit': 4.025660862623664, 'trop_k_veg': 0.817849160039698, 'pop_amp': 2.165177415496104, 'pop_peak': 25.630317121488044, 'pop_sig': 2.2020686645239054}. Best is trial 274 with value: -0.604910391627968.
[I 2026-08-20 00:37:48,558] Trial 860 finished with value: 0.4438850807326252 and parameters: {'k1': 0.0008505021334290519, 'D_low': 5779.955688769487, 'k2': 0.047978474200331585, 'D_high': 1450025.199911698, 'fire_exp': 2.235682271977131, 'P_half': 2.5729588903896228, 'pre_dampen_half': 14.532263733757247, 'gpp_af': 0.16733741167519975, 'gpp_b': 0.00450843534256378, 'gpp_d': 13.858368512328038, 'ign_k': 0.3034496817898658, 'ign_c': 18.856603250725968, 'trop_agb_crit': 28.853681333460127, 'trop_k_veg': 3.321575311856888, 'pop_amp': 0.003123017868213444, 'pop_peak': 0.7049027010336841, 'pop_sig': 0.5027875574734566}. Best is trial 274 with value: -0.604910391627968.
[I 2026-08-20 00:37:50,564] Trial 861 finished with value: 0.5746868169185115 and parameters: {'k1': 0.010027277858729674, 'D_low': 287.00464668727017, 'k2': 0.0024748463482760297, 'D_high': 7449179.059128502, 'fire_exp': 1.3983728730459455, 'P_half': 5.233023468977339, 'pre_dampen_half': 0.013131221787029999, 'gpp_af': 0.14013664887243507, 'gpp_b': 0.053587677887517525, 'gpp_d': 388.773383936774, 'ign_k': 0.01645210973376846, 'ign_c': 0.2411829472775513, 'trop_agb_crit': 5.229925058737945, 'trop_k_veg': 1.1840514089837324, 'pop_amp': 0.3383269729481902, 'pop_peak': 8.756828964944606, 'pop_sig': 2.105778408192004}. Best is trial 274 with value: -0.604910391627968.
[I 2026-08-20 00:37:52,317] Trial 862 finished with value: 0.5296385803027515 and parameters: {'k1': 0.003292502599302403, 'D_low': 1951.7491624047818, 'k2': 0.0002654536199768614, 'D_high': 431027.76190532156, 'fire_exp': 3.346220625736375, 'P_half': 11.61630729878253, 'pre_dampen_half': 0.27553460061264257, 'gpp_af': 0.0010806217844508057, 'gpp_b': 5.574850867321739e-05, 'gpp_d': 44.43420606211996, 'ign_k': 8.910054153853876, 'ign_c': 2.5518430805035455, 'trop_agb_crit': 12.458490354871678, 'trop_k_veg': 1.0636686712421048, 'pop_amp': 0.0053850304277475265, 'pop_peak': 0.091314898651639, 'pop_sig': 1.3207420751721564}. Best is trial 274 with value: -0.604910391627968.
[I 2026-08-20 00:37:54,152] Trial 863 finished with value: 0.5628163084151866 and parameters: {'k1': 0.0011421209172888672, 'D_low': 47419.60688577178, 'k2': 0.05277399315145233, 'D_high': 5222867.563026114, 'fire_exp': 3.5928792440510664, 'P_half': 4.833900772239253, 'pre_dampen_half': 7.651063885860963, 'gpp_af': 0.019151827281106426, 'gpp_b': 2.7159222471541727e-05, 'gpp_d': 0.21869754628074717, 'ign_k': 3.4233973875453163, 'ign_c': 4.026463874123837, 'trop_agb_crit': 2.169804159260749, 'trop_k_veg': 5.2506755406451155, 'pop_amp': 4.932021874095321, 'pop_peak': 0.08800151593881246, 'pop_sig': 2.3152374764535075}. Best is trial 274 with value: -0.604910391627968.
