[I 2026-08-20 00:58:15,768] Trial 1872 finished with value: 0.6315356706465971 and parameters: {'k1': 0.001470787738047416, 'D_low': 2.470882421633958, 'k2': 0.0001972834274694293, 'D_high': 1872245.00619147, 'fire_exp': 2.3310387344846655, 'P_half': 1.3214570406039734, 'pre_dampen_half': 45.368137214570666, 'gpp_af': 7.984673857432132, 'gpp_b': 0.0004238466980602412, 'gpp_d': 27.662672416846597, 'ign_k': 0.4836078918540362, 'ign_c': 38.09722273540094, 'trop_agb_crit': 5.336704768908317, 'trop_k_veg': 2.992744361789856}. Best is trial 1285 with value: -0.6015874360929447.
[I 2026-08-20 00:58:17,163] Trial 1873 finished with value: 0.6047691540530137 and parameters: {'k1': 0.009634265570506739, 'D_low': 3.037328688953357, 'k2': 0.0005421154934299688, 'D_high': 4287843.916404144, 'fire_exp': 5.8241008127021825, 'P_half': 6.657947371382057, 'pre_dampen_half': 0.8778943974375568, 'gpp_af': 4.535485357409308, 'gpp_b': 0.6688409577900107, 'gpp_d': 357.27885131419066, 'ign_k': 0.5429508159717875, 'ign_c': 26.411732466407678, 'trop_agb_crit': 3.846086337650437, 'trop_k_veg': 2.7404646929921546}. Best is trial 1285 with value: -0.6015874360929447.
[I 2026-08-20 00:58:18,540] Trial 1874 finished with value: 0.5782937962786752 and parameters: {'k1': 0.0002198123673586312, 'D_low': 1.8866281614980893, 'k2': 0.0005790707038747722, 'D_high': 1724752.9806512583, 'fire_exp': 3.7553131541604223, 'P_half': 14.368750552240526, 'pre_dampen_half': 17.883974981468867, 'gpp_af': 0.33251102938908617, 'gpp_b': 5.105653555797728e-05, 'gpp_d': 690.4354304112668, 'ign_k': 0.16002181250191366, 'ign_c': 26.026075887651263, 'trop_agb_crit': 3.7808471069281735, 'trop_k_veg': 3.852577597258425}. Best is trial 1285 with value: -0.6015874360929447.
[I 2026-08-20 00:58:19,920] Trial 1875 finished with value: 0.5631789356620039 and parameters: {'k1': 0.05139210967063908, 'D_low': 3.914981329572455, 'k2': 0.01814280334783382, 'D_high': 1541919.4632473248, 'fire_exp': 2.907512799586772, 'P_half': 29.13642498592718, 'pre_dampen_half': 1.9932970510385373, 'gpp_af': 0.44263349894566134, 'gpp_b': 0.032854195383836764, 'gpp_d': 501.87304620503613, 'ign_k': 0.03186232658819806, 'ign_c': 5.548227891485743, 'trop_agb_crit': 6.493634594601285, 'trop_k_veg': 1.19578551546084}. Best is trial 1285 with value: -0.6015874360929447.
[I 2026-08-20 00:58:21,285] Trial 1876 finished with value: 0.4976507355360209 and parameters: {'k1': 4.424500132850557e-05, 'D_low': 470.87526879388514, 'k2': 0.011644968236707725, 'D_high': 256381.8842953243, 'fire_exp': 1.3408552538904863, 'P_half': 1.0816216403006866, 'pre_dampen_half': 1.0443829687356099, 'gpp_af': 0.19865086093479756, 'gpp_b': 0.011107050992107431, 'gpp_d': 217.11562374714697, 'ign_k': 0.08114452617277809, 'ign_c': 0.1647217036998777, 'trop_agb_crit': 9.207669239305947, 'trop_k_veg': 1.1583647241538768}. Best is trial 1285 with value: -0.6015874360929447.
[I 2026-08-20 00:58:22,667] Trial 1877 finished with value: 0.6445374145881376 and parameters: {'k1': 0.0016149970111620047, 'D_low': 4.530502673208938, 'k2': 0.002456057419958615, 'D_high': 316699.32873936236, 'fire_exp': 5.591447277294471, 'P_half': 67.16981051275239, 'pre_dampen_half': 16.301157809143763, 'gpp_af': 0.009857248943915561, 'gpp_b': 0.0027053624623541578, 'gpp_d': 54.80168873702059, 'ign_k': 0.16614463117717598, 'ign_c': 51.698075437680274, 'trop_agb_crit': 15.785466619411, 'trop_k_veg': 6.655885697311714}. Best is trial 1285 with value: -0.6015874360929447.
[I 2026-08-20 00:58:24,027] Trial 1878 finished with value: 0.4895402497754473 and parameters: {'k1': 0.014210836943321696, 'D_low': 371.0400326498005, 'k2': 0.00017910029428611166, 'D_high': 1047179.7784755224, 'fire_exp': 2.6942120776884853, 'P_half': 89.03437049463287, 'pre_dampen_half': 38.973738442973584, 'gpp_af': 9.656717552859359, 'gpp_b': 0.011068647169758099, 'gpp_d': 6.076569333359889, 'ign_k': 0.12258394454509264, 'ign_c': 1.9410565942955489, 'trop_agb_crit': 6.0314806711211215, 'trop_k_veg': 2.4339152616064768}. Best is trial 1285 with value: -0.6015874360929447.
[I 2026-08-20 00:58:25,433] Trial 1879 finished with value: 0.6445374145881376 and parameters: {'k1': 0.0001325943997771769, 'D_low': 509246.2642770039, 'k2': 0.05414966034837451, 'D_high': 429.83591685358437, 'fire_exp': 5.772192211608998, 'P_half': 1420.2358150638402, 'pre_dampen_half': 0.016221968635524477, 'gpp_af': 3.2137644729862758, 'gpp_b': 1.4946240604152115, 'gpp_d': 0.7592518218405007, 'ign_k': 0.12856697828331162, 'ign_c': 3.492634684487117, 'trop_agb_crit': 4.52334296510421, 'trop_k_veg': 1.294581532357919}. Best is trial 1285 with value: -0.6015874360929447.
[I 2026-08-20 00:58:26,920] Trial 1880 finished with value: 0.6445374145881376 and parameters: {'k1': 0.00024454561391094767, 'D_low': 25.116440278272037, 'k2': 0.0004148651938838915, 'D_high': 63176.016198398946, 'fire_exp': 7.504093496958277, 'P_half': 3512.6325374357275, 'pre_dampen_half': 0.010085117181097229, 'gpp_af': 0.0061302108544222566, 'gpp_b': 0.12270785932675256, 'gpp_d': 539.684509606263, 'ign_k': 9.01141249249075, 'ign_c': 5.513597568094697, 'trop_agb_crit': 8.782740162089219, 'trop_k_veg': 2.5139364365316705}. Best is trial 1285 with value: -0.6015874360929447.
[I 2026-08-20 00:58:28,393] Trial 1881 finished with value: 0.6444348743772911 and parameters: {'k1': 3.841817209516834e-05, 'D_low': 12548.166103318756, 'k2': 7.874439279962303e-05, 'D_high': 57833.35800952407, 'fire_exp': 6.692651513874384, 'P_half': 8105.641191700503, 'pre_dampen_half': 3.6607844620461374, 'gpp_af': 0.048559425521057235, 'gpp_b': 3.908912774040535e-05, 'gpp_d': 0.01242425362690249, 'ign_k': 0.10066231047295257, 'ign_c': 2.8629654194267857, 'trop_agb_crit': 26.925026188055224, 'trop_k_veg': 2.019660721925605}. Best is trial 1285 with value: -0.6015874360929447.
[I 2026-08-20 00:58:29,802] Trial 1882 finished with value: 0.4258516467698791 and parameters: {'k1': 0.0018866275361435747, 'D_low': 39.897866734985314, 'k2': 7.353790742910268e-05, 'D_high': 1325802.1590502043, 'fire_exp': 4.646325147624751, 'P_half': 4.00630179173979, 'pre_dampen_half': 5.5174210091453695, 'gpp_af': 0.07110154000195629, 'gpp_b': 2.2183583444946084e-05, 'gpp_d': 72.61150258118744, 'ign_k': 6.255391826355395, 'ign_c': 4.209377115651371, 'trop_agb_crit': 4.563292877989732, 'trop_k_veg': 1.101801294294977}. Best is trial 1285 with value: -0.6015874360929447.
[I 2026-08-20 00:58:31,240] Trial 1883 finished with value: 0.6445374145881376 and parameters: {'k1': 3.679892649052554e-05, 'D_low': 2.079832010587894, 'k2': 0.07498026023029972, 'D_high': 1802.8382298135082, 'fire_exp': 4.694758504165947, 'P_half': 195.17880567600054, 'pre_dampen_half': 2.3614652125530986, 'gpp_af': 50.47412888595311, 'gpp_b': 0.5003076528094312, 'gpp_d': 0.6088753680015373, 'ign_k': 0.12800402651029047, 'ign_c': 126.13697681604191, 'trop_agb_crit': 3.31594032134415, 'trop_k_veg': 6.193621944003087}. Best is trial 1285 with value: -0.6015874360929447.
[I 2026-08-20 00:58:32,616] Trial 1884 finished with value: 0.6445374145881376 and parameters: {'k1': 1.821800813525868e-05, 'D_low': 372715.7397341123, 'k2': 0.0015388693179649996, 'D_high': 1630.043128942161, 'fire_exp': 3.9070620833619523, 'P_half': 389.50837075200235, 'pre_dampen_half': 74.88184086712265, 'gpp_af': 0.002691911832589704, 'gpp_b': 2.8320491492205213, 'gpp_d': 0.03118163166206577, 'ign_k': 2.572657837005504, 'ign_c': 71.15839386375129, 'trop_agb_crit': 23.345918097283214, 'trop_k_veg': 1.676805454528951}. Best is trial 1285 with value: -0.6015874360929447.
[I 2026-08-20 00:58:34,007] Trial 1885 finished with value: 0.5198390588512438 and parameters: {'k1': 0.005179668429035608, 'D_low': 2.891028579849798, 'k2': 1.7947330384111155e-05, 'D_high': 9981445.744457236, 'fire_exp': 2.774267306856744, 'P_half': 6.007572479867748, 'pre_dampen_half': 81.05670140332684, 'gpp_af': 8.005629874315591, 'gpp_b': 0.0017232421111694777, 'gpp_d': 8.634293627745455, 'ign_k': 0.4617983804169653, 'ign_c': 26.32609921968762, 'trop_agb_crit': 19.126206865453835, 'trop_k_veg': 0.7517413358120391}. Best is trial 1285 with value: -0.6015874360929447.
[I 2026-08-20 00:58:35,781] Trial 1886 finished with value: 0.567259957093568 and parameters: {'k1': 0.008455593147674837, 'D_low': 84.97597643569121, 'k2': 0.0005624788217651772, 'D_high': 1749993.9363643248, 'fire_exp': 1.9113029136903557, 'P_half': 933.4308559916684, 'pre_dampen_half': 2.7529066091924945, 'gpp_af': 0.013211318334013069, 'gpp_b': 0.0014830504997000562, 'gpp_d': 1.0551592867943131, 'ign_k': 0.8645882652635098, 'ign_c': 23.98783626729442, 'trop_agb_crit': 29.734789347213002, 'trop_k_veg': 3.681334181300619}. Best is trial 1285 with value: -0.6015874360929447.
[I 2026-08-20 00:58:37,175] Trial 1887 finished with value: 0.6445374145881376 and parameters: {'k1': 0.0013775621130436276, 'D_low': 2.4419636355928156, 'k2': 0.0010336284596371152, 'D_high': 942.2488863124569, 'fire_exp': 4.53608491147436, 'P_half': 6165.555814006731, 'pre_dampen_half': 87.05198937017279, 'gpp_af': 7.923659436622447, 'gpp_b': 1.0494062184795531e-05, 'gpp_d': 31.913311439478008, 'ign_k': 0.021396428841690567, 'ign_c': 134.75657673878487, 'trop_agb_crit': 2.7514130863658766, 'trop_k_veg': 2.685178893177513}. Best is trial 1285 with value: -0.6015874360929447.
[I 2026-08-20 00:58:38,642] Trial 1888 finished with value: 0.6445374145881376 and parameters: {'k1': 0.00010612486194445359, 'D_low': 151097.41091185418, 'k2': 0.0009629185062002369, 'D_high': 998.1791678140465, 'fire_exp': 3.1332176246981884, 'P_half': 26.348505279196097, 'pre_dampen_half': 722.994893401438, 'gpp_af': 0.1310882567256219, 'gpp_b': 0.6890384769627522, 'gpp_d': 0.02103028540898843, 'ign_k': 0.0025332423372141587, 'ign_c': 38.94639910378731, 'trop_agb_crit': 24.23378847012694, 'trop_k_veg': 1.072269991646994}. Best is trial 1285 with value: -0.6015874360929447.
[I 2026-08-20 00:58:39,994] Trial 1889 finished with value: 0.6445374145881376 and parameters: {'k1': 0.00011120381467930087, 'D_low': 959.6722482355239, 'k2': 0.001887619383161197, 'D_high': 359475.07898641704, 'fire_exp': 1.6686129677970685, 'P_half': 5.261557400864027, 'pre_dampen_half': 7.034044039077354, 'gpp_af': 0.02609880645691426, 'gpp_b': 0.00012015707850264302, 'gpp_d': 2.8082866994582067, 'ign_k': 0.40491218402114315, 'ign_c': 67.26940016851547, 'trop_agb_crit': 20.458556920373187, 'trop_k_veg': 1.0531643591951483}. Best is trial 1285 with value: -0.6015874360929447.
[I 2026-08-20 00:58:41,374] Trial 1890 finished with value: 0.6445374145881376 and parameters: {'k1': 0.08608341444157597, 'D_low': 33.095481276028345, 'k2': 0.01763126600858643, 'D_high': 17747.48505235434, 'fire_exp': 8.637541712350023, 'P_half': 1288.5335992257772, 'pre_dampen_half': 1.9244861910703908, 'gpp_af': 10.59791087056421, 'gpp_b': 2.7067103661226958e-05, 'gpp_d': 0.7820215163388616, 'ign_k': 2.280104098040896, 'ign_c': 879.1124404842183, 'trop_agb_crit': 23.600633632873567, 'trop_k_veg': 3.9633106986156488}. Best is trial 1285 with value: -0.6015874360929447.
[I 2026-08-20 00:58:42,748] Trial 1891 finished with value: 0.40997140123848275 and parameters: {'k1': 0.009319302773790498, 'D_low': 3661.157994213658, 'k2': 0.000649601255105485, 'D_high': 1234644.6974499084, 'fire_exp': 1.6024535090769114, 'P_half': 99.87376918943697, 'pre_dampen_half': 20.69190702858307, 'gpp_af': 37.78115581103637, 'gpp_b': 0.02059774074582366, 'gpp_d': 838.7887708709101, 'ign_k': 1.0075175312103961, 'ign_c': 17.350280682155773, 'trop_agb_crit': 4.564721104338142, 'trop_k_veg': 1.4427929976928455}. Best is trial 1285 with value: -0.6015874360929447.
[I 2026-08-20 00:58:44,164] Trial 1892 finished with value: 0.5227480437001906 and parameters: {'k1': 0.0032980326762695675, 'D_low': 54.47358287159408, 'k2': 0.0004783270794216282, 'D_high': 2810751.4568643845, 'fire_exp': 4.4479259963790385, 'P_half': 146.34144767708364, 'pre_dampen_half': 4.416869852518417, 'gpp_af': 0.17808657909096964, 'gpp_b': 1.1609492401485454e-05, 'gpp_d': 835.991736578101, 'ign_k': 6.951413059431424, 'ign_c': 21.92487954981167, 'trop_agb_crit': 2.4726897058903328, 'trop_k_veg': 1.3175319009145319}. Best is trial 1285 with value: -0.6015874360929447.
[I 2026-08-20 00:58:45,557] Trial 1893 finished with value: 0.4096761087193782 and parameters: {'k1': 0.00015447050959240192, 'D_low': 4302.805136733508, 'k2': 0.000539130959484331, 'D_high': 635286.4557130845, 'fire_exp': 1.840987970326752, 'P_half': 128.95121365713456, 'pre_dampen_half': 11.110933066297491, 'gpp_af': 0.13840651269253834, 'gpp_b': 3.8716288593439083e-05, 'gpp_d': 24.024589154951414, 'ign_k': 1.0352767746823608, 'ign_c': 1.3090523122712727, 'trop_agb_crit': 15.279385090637994, 'trop_k_veg': 3.5729679331242403}. Best is trial 1285 with value: -0.6015874360929447.
[I 2026-08-20 00:58:46,972] Trial 1894 finished with value: 0.5842172110824329 and parameters: {'k1': 3.453960023997525e-05, 'D_low': 356.6394546386782, 'k2': 0.0943292968861955, 'D_high': 6703.276705155919, 'fire_exp': 2.2007031878493954, 'P_half': 52.05686566937693, 'pre_dampen_half': 104.22150502483404, 'gpp_af': 2.794938275490958, 'gpp_b': 0.16021358331527397, 'gpp_d': 9.519664090985877, 'ign_k': 0.20373062128568195, 'ign_c': 0.5237839428517816, 'trop_agb_crit': 26.01210251993728, 'trop_k_veg': 3.777606279117976}. Best is trial 1285 with value: -0.6015874360929447.
[I 2026-08-20 00:58:48,334] Trial 1895 finished with value: 0.6031016080535058 and parameters: {'k1': 0.05413144719604516, 'D_low': 33.35776624379489, 'k2': 0.004326753250395581, 'D_high': 13382.166895872302, 'fire_exp': 7.540341894401676, 'P_half': 93.32070384879891, 'pre_dampen_half': 3.715296841134422, 'gpp_af': 0.3681808085214325, 'gpp_b': 4.4192896411926357e-05, 'gpp_d': 28.253004284108876, 'ign_k': 0.0036212079952037306, 'ign_c': 136.6325312958622, 'trop_agb_crit': 2.3710306395974863, 'trop_k_veg': 1.2006901159204595}. Best is trial 1285 with value: -0.6015874360929447.
[I 2026-08-20 00:58:49,748] Trial 1896 finished with value: 0.4247031585776254 and parameters: {'k1': 0.0013282257473251557, 'D_low': 28.28414639514916, 'k2': 1.2230743558285084e-05, 'D_high': 8419296.774431081, 'fire_exp': 6.307565162400494, 'P_half': 4.21059443235239, 'pre_dampen_half': 33.67162135998547, 'gpp_af': 5.359219334551271, 'gpp_b': 0.0022973094756396704, 'gpp_d': 290.0448075265009, 'ign_k': 0.5502588522395286, 'ign_c': 4.309336151589153, 'trop_agb_crit': 18.884154952593715, 'trop_k_veg': 2.415532257575658}. Best is trial 1285 with value: -0.6015874360929447.
[I 2026-08-20 00:58:51,114] Trial 1897 finished with value: 0.4520372179368003 and parameters: {'k1': 0.00881981137553932, 'D_low': 1511.9818896304037, 'k2': 4.7432325668223545e-05, 'D_high': 1644167.9057725465, 'fire_exp': 3.537532146095932, 'P_half': 14.90659436154075, 'pre_dampen_half': 9.167547984587884, 'gpp_af': 0.41150151170088733, 'gpp_b': 0.02836684945741919, 'gpp_d': 39.45862161239089, 'ign_k': 0.7059334685086015, 'ign_c': 6.209608005480088, 'trop_agb_crit': 4.415653765435068, 'trop_k_veg': 1.208002143034192}. Best is trial 1285 with value: -0.6015874360929447.
[I 2026-08-20 00:58:52,509] Trial 1898 finished with value: 0.6445374145881376 and parameters: {'k1': 0.00020674465604986287, 'D_low': 10.70062147331915, 'k2': 0.0014712399194060802, 'D_high': 569259.8289393887, 'fire_exp': 2.6878992759227773, 'P_half': 14.882159551244952, 'pre_dampen_half': 3.507897854711549, 'gpp_af': 0.8761654691392465, 'gpp_b': 2.5442814676597702e-05, 'gpp_d': 1.9210280051737139, 'ign_k': 6.783005130370418, 'ign_c': 48.77144070078645, 'trop_agb_crit': 2.7502991969749333, 'trop_k_veg': 1.5000173144616913}. Best is trial 1285 with value: -0.6015874360929447.
[I 2026-08-20 00:58:53,887] Trial 1899 finished with value: 0.4668905713970112 and parameters: {'k1': 0.0008751380431462961, 'D_low': 1.5327549177834303, 'k2': 0.0005465580632045311, 'D_high': 3798811.0763220047, 'fire_exp': 2.0650769878531157, 'P_half': 34.568019106062536, 'pre_dampen_half': 0.9879080655433499, 'gpp_af': 6.841054859342105, 'gpp_b': 0.038025606381708085, 'gpp_d': 23.28082594016029, 'ign_k': 6.30679988695, 'ign_c': 5.775211379668667, 'trop_agb_crit': 2.4198799825952393, 'trop_k_veg': 2.8815937168902344}. Best is trial 1285 with value: -0.6015874360929447.
[I 2026-08-20 00:58:55,311] Trial 1900 finished with value: 0.6445374145881376 and parameters: {'k1': 0.0005737113404256232, 'D_low': 96.2505965881178, 'k2': 0.08989862012279339, 'D_high': 51.76567678417819, 'fire_exp': 5.400568449450362, 'P_half': 1196.0668943047033, 'pre_dampen_half': 102.84190559677329, 'gpp_af': 0.0017592173242219446, 'gpp_b': 3.775978388760456, 'gpp_d': 0.1254876212762387, 'ign_k': 4.227605714620646, 'ign_c': 7.804553494488147, 'trop_agb_crit': 5.089052834929873, 'trop_k_veg': 6.149689254595072}. Best is trial 1285 with value: -0.6015874360929447.
[I 2026-08-20 00:58:57,111] Trial 1901 finished with value: 0.5221120166304306 and parameters: {'k1': 0.00018455722252485023, 'D_low': 1.4568328722689938, 'k2': 0.0002963456761107252, 'D_high': 742848.8287272624, 'fire_exp': 4.506858591556498, 'P_half': 7.586029156966508, 'pre_dampen_half': 11.934350128277984, 'gpp_af': 0.1326505467800816, 'gpp_b': 0.023536883393116863, 'gpp_d': 16.773115479775615, 'ign_k': 1.8052435755400587, 'ign_c': 0.27094107922371097, 'trop_agb_crit': 17.096528740534286, 'trop_k_veg': 7.487992622089757}. Best is trial 1285 with value: -0.6015874360929447.
[I 2026-08-20 00:58:58,506] Trial 1902 finished with value: -0.5640695015727848 and parameters: {'k1': 0.0008685331384227601, 'D_low': 13157.853608050385, 'k2': 0.0005629221161831344, 'D_high': 3622829.950433957, 'fire_exp': 1.1404297025675554, 'P_half': 416.018223659507, 'pre_dampen_half': 64.10465154653822, 'gpp_af': 0.12671236113904324, 'gpp_b': 0.001608089081111997, 'gpp_d': 0.9713207502889887, 'ign_k': 7.7663708879667, 'ign_c': 3.6395008266389266, 'trop_agb_crit': 29.974425177631417, 'trop_k_veg': 4.3634924909009865}. Best is trial 1285 with value: -0.6015874360929447.
[I 2026-08-20 00:58:59,923] Trial 1903 finished with value: 0.4637214041397879 and parameters: {'k1': 0.0012335393299222489, 'D_low': 1.4765661998468016, 'k2': 1.4599440928833154e-05, 'D_high': 1948557.5423683743, 'fire_exp': 4.8090372996088995, 'P_half': 5.712712758692771, 'pre_dampen_half': 22.588492717340362, 'gpp_af': 0.012657618860620959, 'gpp_b': 0.0021571549446983136, 'gpp_d': 136.887626271242, 'ign_k': 0.5869211228372881, 'ign_c': 9.426169345522968, 'trop_agb_crit': 14.119885666729132, 'trop_k_veg': 1.1911877280811805}. Best is trial 1285 with value: -0.6015874360929447.
[I 2026-08-20 00:59:01,325] Trial 1904 finished with value: 0.6451339290748498 and parameters: {'k1': 5.0623469163916775e-05, 'D_low': 20668.497835323316, 'k2': 1.8975903610065096e-05, 'D_high': 335551.9198280348, 'fire_exp': 1.8034172169671214, 'P_half': 467.0770949578907, 'pre_dampen_half': 0.30679651202110964, 'gpp_af': 0.0053499281261614896, 'gpp_b': 7.897274790597993, 'gpp_d': 10.856829923902971, 'ign_k': 0.0024595489402495746, 'ign_c': 126.89109055397316, 'trop_agb_crit': 23.958651628145702, 'trop_k_veg': 2.115689262015677}. Best is trial 1285 with value: -0.6015874360929447.
[I 2026-08-20 00:59:02,726] Trial 1905 finished with value: -0.5517597276976642 and parameters: {'k1': 0.0005567666590812445, 'D_low': 3281.903742152461, 'k2': 4.0205721898467306e-05, 'D_high': 7199863.740425575, 'fire_exp': 2.0176960632880094, 'P_half': 45.28384824241337, 'pre_dampen_half': 13.902045509562488, 'gpp_af': 0.59539553274517, 'gpp_b': 0.0003844845527821775, 'gpp_d': 206.81078136677266, 'ign_k': 0.07793331421099974, 'ign_c': 13.683399388382737, 'trop_agb_crit': 7.20680872601519, 'trop_k_veg': 3.317103832902395}. Best is trial 1285 with value: -0.6015874360929447.
[I 2026-08-20 00:59:04,228] Trial 1906 finished with value: 0.6287151533645824 and parameters: {'k1': 5.144419209593604e-05, 'D_low': 56339.719491733355, 'k2': 0.012541364706794638, 'D_high': 40.16840312174205, 'fire_exp': 2.430354417256081, 'P_half': 6.545552864246606, 'pre_dampen_half': 5.919082421061081, 'gpp_af': 0.8529486832717106, 'gpp_b': 1.3516337620380152, 'gpp_d': 14.02334639373758, 'ign_k': 0.08351471820582743, 'ign_c': 3.378077632011388, 'trop_agb_crit': 2.0608095695877586, 'trop_k_veg': 1.0020713738052098}. Best is trial 1285 with value: -0.6015874360929447.
[I 2026-08-20 00:59:05,658] Trial 1907 finished with value: 0.5413200736536492 and parameters: {'k1': 0.0449517617157163, 'D_low': 94.83746267706177, 'k2': 1.4049853403638756e-05, 'D_high': 9703294.421731554, 'fire_exp': 7.690944976287502, 'P_half': 87.00305881342756, 'pre_dampen_half': 0.9718836689520209, 'gpp_af': 1.1459793855351244, 'gpp_b': 0.002371539963680691, 'gpp_d': 291.4307742926131, 'ign_k': 2.2971174736637763, 'ign_c': 4.713484412574107, 'trop_agb_crit': 8.005618225593578, 'trop_k_veg': 1.731456134808968}. Best is trial 1285 with value: -0.6015874360929447.
[I 2026-08-20 00:59:07,104] Trial 1908 finished with value: 0.5503896333680205 and parameters: {'k1': 0.00013131931146650804, 'D_low': 13393.585119511035, 'k2': 0.08758340765353366, 'D_high': 39632.16732476426, 'fire_exp': 1.6104416294281645, 'P_half': 2.3635974144974865, 'pre_dampen_half': 867.7941126935649, 'gpp_af': 1.0437888718306483, 'gpp_b': 0.38539094386011324, 'gpp_d': 15.657661414556625, 'ign_k': 0.6344400984792976, 'ign_c': 0.15635352583236792, 'trop_agb_crit': 28.84773370118681, 'trop_k_veg': 1.8445587044162988}. Best is trial 1285 with value: -0.6015874360929447.
