[I 2026-08-19 17:27:16,032] Trial 1043 finished with value: 0.6042399454703028 and parameters: {'k1': 0.00041464401257059955, 'D_low': 196133.626612132, 'k2': 0.050951937854548726, 'D_high': 3360689.2167172907, 'fire_exp': 2.2926765631487553, 'P_half': 10.876426278095543, 'pre_dampen_half': 114.27372050046142, 'gpp_af': 0.03584873969717653, 'gpp_b': 5.745054674385101e-05, 'gpp_d': 214.69123913693093, 'ign_k': 0.5044563161347575, 'ign_c': 0.3889864608964193, 'trop_agb_crit': 21.12877004662144, 'trop_k_veg': 2.0815035377043323, 'pop_amp': 0.0012538415107662152, 'pop_peak': 2.132699563295295, 'pop_sig': 0.3369768466506844, 'fuel_k': 4.521176947731197, 'fuel_half': 1.423296477072489}. Best is trial 0 with value: -0.6094076133578652.
[I 2026-08-19 17:27:17,660] Trial 1044 finished with value: -0.5473635273736851 and parameters: {'k1': 0.0002160550717440574, 'D_low': 223.14740356533514, 'k2': 0.003796935415108509, 'D_high': 4044116.4772527725, 'fire_exp': 1.6843269635040725, 'P_half': 92.36091309219132, 'pre_dampen_half': 24.019673840281328, 'gpp_af': 0.13964350125832903, 'gpp_b': 0.003973568200070441, 'gpp_d': 0.3519914663739148, 'ign_k': 0.1572491767979355, 'ign_c': 0.36266309149965076, 'trop_agb_crit': 5.0498604671490375, 'trop_k_veg': 0.5305745806680474, 'pop_amp': 0.0069829195042983025, 'pop_peak': 0.050284574446292085, 'pop_sig': 2.492371273331648, 'fuel_k': 0.19651298496380154, 'fuel_half': 9.531297558268145}. Best is trial 0 with value: -0.6094076133578652.
[I 2026-08-19 17:27:19,286] Trial 1045 finished with value: 0.6503451947721285 and parameters: {'k1': 0.01173615471019257, 'D_low': 166.01380460836094, 'k2': 0.06338695825492659, 'D_high': 990201.3004935671, 'fire_exp': 5.520481098356416, 'P_half': 49.47172394738897, 'pre_dampen_half': 241.613849472739, 'gpp_af': 0.027233098444421535, 'gpp_b': 9.56090680965052e-05, 'gpp_d': 392.7490799034686, 'ign_k': 1.1574551566211797, 'ign_c': 33.271086133718356, 'trop_agb_crit': 1.7644503091818882, 'trop_k_veg': 2.0195417765429173, 'pop_amp': 0.013501743389004431, 'pop_peak': 145.97683707514332, 'pop_sig': 0.6096320883463628, 'fuel_k': 0.15439565570791522, 'fuel_half': 1.2609342726391484}. Best is trial 0 with value: -0.6094076133578652.
[I 2026-08-19 17:27:20,913] Trial 1046 finished with value: 0.6445374145881376 and parameters: {'k1': 0.00014024318044519917, 'D_low': 101.66669723713956, 'k2': 0.0015994143969487408, 'D_high': 6247078.33989168, 'fire_exp': 1.74788801425198, 'P_half': 5.752944881557131, 'pre_dampen_half': 33.83772589753586, 'gpp_af': 0.01805896280333832, 'gpp_b': 2.548572371824228e-05, 'gpp_d': 54.494555046666235, 'ign_k': 2.688306784916748, 'ign_c': 54.008322611547605, 'trop_agb_crit': 13.828858207755164, 'trop_k_veg': 4.377791846028693, 'pop_amp': 0.034418898457292055, 'pop_peak': 0.18294632875517267, 'pop_sig': 0.44087577707837877, 'fuel_k': 2.371693999612208, 'fuel_half': 0.41414750937961836}. Best is trial 0 with value: -0.6094076133578652.
[I 2026-08-19 17:27:22,718] Trial 1047 finished with value: 0.6445374145881376 and parameters: {'k1': 0.03608433080231185, 'D_low': 3.4059436241129464, 'k2': 0.000690594343476497, 'D_high': 2300382.5516608604, 'fire_exp': 6.250285405742247, 'P_half': 1.559163492607212, 'pre_dampen_half': 171.69418744205493, 'gpp_af': 0.04117696840420087, 'gpp_b': 0.02184891858641662, 'gpp_d': 234.2469901986191, 'ign_k': 2.4938388913190868, 'ign_c': 194.9145646976001, 'trop_agb_crit': 1.686691681513226, 'trop_k_veg': 3.775642519924339, 'pop_amp': 0.002343006461804048, 'pop_peak': 24.833887846966647, 'pop_sig': 0.9863298969417087, 'fuel_k': 0.32715626854259305, 'fuel_half': 0.30696852520960505}. Best is trial 0 with value: -0.6094076133578652.
[I 2026-08-19 17:27:24,383] Trial 1048 finished with value: -0.5818605100814624 and parameters: {'k1': 0.024726192706085667, 'D_low': 26.54222817409202, 'k2': 0.002234578340352577, 'D_high': 3914338.458695131, 'fire_exp': 5.735861861044302, 'P_half': 43.01938703450443, 'pre_dampen_half': 7.526154185106124, 'gpp_af': 0.03661217531454076, 'gpp_b': 0.00011050662581148705, 'gpp_d': 572.1983187275782, 'ign_k': 0.3713732231686857, 'ign_c': 0.2540252185163721, 'trop_agb_crit': 21.89779471154429, 'trop_k_veg': 1.0655692605000302, 'pop_amp': 0.12675738264731046, 'pop_peak': 0.24977466695775402, 'pop_sig': 0.4281363228363512, 'fuel_k': 0.2216489656570726, 'fuel_half': 0.16319855956104054}. Best is trial 0 with value: -0.6094076133578652.
[I 2026-08-19 17:27:26,028] Trial 1049 finished with value: 0.5766370945120105 and parameters: {'k1': 0.07661516508882313, 'D_low': 39.59239694560438, 'k2': 0.002007748243117269, 'D_high': 1596679.1143854982, 'fire_exp': 5.572291691276848, 'P_half': 59.7797483623511, 'pre_dampen_half': 44.06527750417071, 'gpp_af': 0.023238726394443566, 'gpp_b': 0.0014258736939844851, 'gpp_d': 29.60258358836436, 'ign_k': 0.01658079769834151, 'ign_c': 8.453608248226457, 'trop_agb_crit': 15.086973165861352, 'trop_k_veg': 1.4364768554896776, 'pop_amp': 2.9484276267504543, 'pop_peak': 0.1328445965375174, 'pop_sig': 0.5306658448915661, 'fuel_k': 0.8856087049153366, 'fuel_half': 0.3393945737201433}. Best is trial 0 with value: -0.6094076133578652.
[I 2026-08-19 17:27:27,660] Trial 1050 finished with value: 0.578583791143673 and parameters: {'k1': 0.0005219089266384841, 'D_low': 9973.033851794993, 'k2': 2.354273889499597e-05, 'D_high': 57876.093024671245, 'fire_exp': 1.022930982064317, 'P_half': 514.1931665654602, 'pre_dampen_half': 1.0554752002949452, 'gpp_af': 0.21285629401968864, 'gpp_b': 0.0333061514289627, 'gpp_d': 961.4935285394412, 'ign_k': 2.1146827614260433, 'ign_c': 0.16473893670053122, 'trop_agb_crit': 18.53292095996521, 'trop_k_veg': 6.389623317274649, 'pop_amp': 14.187435034116174, 'pop_peak': 89.74844702833781, 'pop_sig': 0.8443411924201586, 'fuel_k': 2.0663192058553, 'fuel_half': 0.1593926600149804}. Best is trial 0 with value: -0.6094076133578652.
[I 2026-08-19 17:27:29,305] Trial 1051 finished with value: 0.4974081424284076 and parameters: {'k1': 0.0008311157445100872, 'D_low': 2292.2009146543346, 'k2': 0.018724523424547664, 'D_high': 2906946.732759811, 'fire_exp': 2.835721516355599, 'P_half': 7.587530667462117, 'pre_dampen_half': 7.866279001427686, 'gpp_af': 5.07500505642086, 'gpp_b': 0.004971878870170723, 'gpp_d': 119.36854692794329, 'ign_k': 0.48438333468194633, 'ign_c': 0.28873871967109643, 'trop_agb_crit': 12.87714996462508, 'trop_k_veg': 1.0892185987886402, 'pop_amp': 0.007298107656567263, 'pop_peak': 0.8643926272442597, 'pop_sig': 0.36319229132219444, 'fuel_k': 2.7456320947418877, 'fuel_half': 0.15302247652347717}. Best is trial 0 with value: -0.6094076133578652.
  trial 1052/2500  best_overall=0.6094  (29.1 min)
[I 2026-08-19 17:27:31,235] Trial 1052 finished with value: -0.5921529773362748 and parameters: {'k1': 0.003606969465385217, 'D_low': 115.19310074634332, 'k2': 0.001096381859593643, 'D_high': 589761.5150595745, 'fire_exp': 2.5306433737738594, 'P_half': 14.593498372742582, 'pre_dampen_half': 1.2677924644908771, 'gpp_af': 0.08365793923282816, 'gpp_b': 0.0035162309179281124, 'gpp_d': 600.6463075860077, 'ign_k': 1.6942611496966153, 'ign_c': 0.3406231062988046, 'trop_agb_crit': 28.032341885488332, 'trop_k_veg': 5.101816040196234, 'pop_amp': 0.1095216763792591, 'pop_peak': 0.14403729998842696, 'pop_sig': 0.40075681568293436, 'fuel_k': 1.8682129010309494, 'fuel_half': 0.41607816014470606}. Best is trial 0 with value: -0.6094076133578652.
[I 2026-08-19 17:27:32,877] Trial 1053 finished with value: 0.5843751409528732 and parameters: {'k1': 0.05624223749558053, 'D_low': 1014.9999999583551, 'k2': 0.0049898250738348955, 'D_high': 883570.2330544164, 'fire_exp': 7.284696372611263, 'P_half': 9.03001164510411, 'pre_dampen_half': 2.744792747945847, 'gpp_af': 0.0017637696692534043, 'gpp_b': 0.0002836121328423966, 'gpp_d': 102.1226064325045, 'ign_k': 0.05205853993527032, 'ign_c': 0.20395429662918566, 'trop_agb_crit': 14.811110696222157, 'trop_k_veg': 1.1564133670184935, 'pop_amp': 0.03014225569050776, 'pop_peak': 0.05785427660912202, 'pop_sig': 0.2946273889063871, 'fuel_k': 0.2462155491897718, 'fuel_half': 0.4079829157494232}. Best is trial 0 with value: -0.6094076133578652.
[I 2026-08-19 17:27:34,547] Trial 1054 finished with value: 0.56554708980634 and parameters: {'k1': 7.16281225276725e-05, 'D_low': 7923.04448039818, 'k2': 0.009995339312428339, 'D_high': 37294.99601053613, 'fire_exp': 2.0028874662877225, 'P_half': 9.034388438019375, 'pre_dampen_half': 19.757436180660722, 'gpp_af': 0.06238724994727414, 'gpp_b': 0.014039737780786763, 'gpp_d': 379.3793985678972, 'ign_k': 0.030354814325711278, 'ign_c': 0.9703848794630502, 'trop_agb_crit': 19.69768246901122, 'trop_k_veg': 1.5440104311539522, 'pop_amp': 0.003284594872100743, 'pop_peak': 0.7934785784392699, 'pop_sig': 0.35337782590221073, 'fuel_k': 0.6939205195757501, 'fuel_half': 1.194147414371701}. Best is trial 0 with value: -0.6094076133578652.
[I 2026-08-19 17:27:36,163] Trial 1055 finished with value: 0.45799223395105737 and parameters: {'k1': 4.548752514640965e-05, 'D_low': 309.2990536726423, 'k2': 0.002664263291778294, 'D_high': 4317613.044429425, 'fire_exp': 2.2439651690853815, 'P_half': 1.8541570580297722, 'pre_dampen_half': 1.5625495985961102, 'gpp_af': 0.06659926395136945, 'gpp_b': 0.00011615389883652883, 'gpp_d': 9.723928740091667, 'ign_k': 0.060458294395626014, 'ign_c': 0.10348586967957094, 'trop_agb_crit': 20.169330467538842, 'trop_k_veg': 1.3640515743812216, 'pop_amp': 0.014090033865444027, 'pop_peak': 1.798153290995394, 'pop_sig': 0.5468739625151983, 'fuel_k': 1.4052353866183216, 'fuel_half': 0.17345842112772356}. Best is trial 0 with value: -0.6094076133578652.
[I 2026-08-19 17:27:37,814] Trial 1056 finished with value: -0.5631452988642962 and parameters: {'k1': 8.40118570031841e-05, 'D_low': 657.4482669175384, 'k2': 0.030444226517568524, 'D_high': 587080.7445747629, 'fire_exp': 2.745672336152147, 'P_half': 4.204463259117064, 'pre_dampen_half': 32.452142177391416, 'gpp_af': 0.03379358510833257, 'gpp_b': 2.848446820193068e-05, 'gpp_d': 302.384664699633, 'ign_k': 0.06498891223526171, 'ign_c': 0.26276958841045384, 'trop_agb_crit': 13.85090807126691, 'trop_k_veg': 0.5165122913852165, 'pop_amp': 0.002399994058582666, 'pop_peak': 0.11219797810550323, 'pop_sig': 0.5156295774120084, 'fuel_k': 1.710206053664973, 'fuel_half': 2.249605990179132}. Best is trial 0 with value: -0.6094076133578652.
[I 2026-08-19 17:27:39,455] Trial 1057 finished with value: 0.5393055571115251 and parameters: {'k1': 0.0002524488530069052, 'D_low': 3.09291969907414, 'k2': 0.0007275919333064028, 'D_high': 2300738.6292406577, 'fire_exp': 3.2150705504911885, 'P_half': 27.3519950938366, 'pre_dampen_half': 246.51877574436, 'gpp_af': 0.007020642048208869, 'gpp_b': 0.0007839062329188808, 'gpp_d': 28.690457194880235, 'ign_k': 1.1968406009371864, 'ign_c': 1.6464421327282508, 'trop_agb_crit': 3.10602111546198, 'trop_k_veg': 2.493034369931276, 'pop_amp': 0.01846509490143442, 'pop_peak': 308.73921596066117, 'pop_sig': 0.7569245230864158, 'fuel_k': 1.707841252972958, 'fuel_half': 0.15035482039859366}. Best is trial 0 with value: -0.6094076133578652.
[I 2026-08-19 17:27:41,112] Trial 1058 finished with value: 0.5802643001296502 and parameters: {'k1': 0.017195383926230767, 'D_low': 578.317405262201, 'k2': 0.0002281642441523075, 'D_high': 2512043.253135644, 'fire_exp': 5.042918329852303, 'P_half': 2528.206646474384, 'pre_dampen_half': 20.320027142105413, 'gpp_af': 0.04984544581883708, 'gpp_b': 2.746059432609568e-05, 'gpp_d': 917.138260447511, 'ign_k': 0.4397481096780552, 'ign_c': 0.5189186640011021, 'trop_agb_crit': 9.012425463586144, 'trop_k_veg': 1.439696376367715, 'pop_amp': 0.05380307253100673, 'pop_peak': 0.5949510550493501, 'pop_sig': 0.6746912405331811, 'fuel_k': 1.021967380607962, 'fuel_half': 0.38046381531410617}. Best is trial 0 with value: -0.6094076133578652.
[I 2026-08-19 17:27:42,835] Trial 1059 finished with value: 0.4670213028984418 and parameters: {'k1': 0.004154198718759435, 'D_low': 417.2832961099458, 'k2': 0.006175379887588296, 'D_high': 246010.4295327699, 'fire_exp': 1.8883061760930022, 'P_half': 2.213585940159242, 'pre_dampen_half': 0.17538155207648196, 'gpp_af': 0.03656344454686145, 'gpp_b': 0.0014577820763899854, 'gpp_d': 26.289051314888773, 'ign_k': 0.38688797669844616, 'ign_c': 0.13680540019188658, 'trop_agb_crit': 16.65179214240648, 'trop_k_veg': 5.683799849843693, 'pop_amp': 0.1789630986743307, 'pop_peak': 0.6765431815491851, 'pop_sig': 0.6193300523953723, 'fuel_k': 0.8878950078671266, 'fuel_half': 0.8040626919705826}. Best is trial 0 with value: -0.6094076133578652.
[I 2026-08-19 17:27:44,629] Trial 1060 finished with value: 0.508075168471201 and parameters: {'k1': 0.000678634150139768, 'D_low': 5.554879303114308, 'k2': 0.0008966721655344578, 'D_high': 2302583.3886269317, 'fire_exp': 8.073051972374476, 'P_half': 82.45433983335019, 'pre_dampen_half': 5.686253763702259, 'gpp_af': 0.030114915170138198, 'gpp_b': 0.000589025045337313, 'gpp_d': 343.2581138849273, 'ign_k': 0.2525791743625885, 'ign_c': 0.8245414607533289, 'trop_agb_crit': 16.456739732621415, 'trop_k_veg': 1.0622202803518328, 'pop_amp': 0.22208380085044907, 'pop_peak': 1.0577330541655416, 'pop_sig': 0.5232888216459353, 'fuel_k': 0.6141773410856242, 'fuel_half': 0.3155947718360897}. Best is trial 0 with value: -0.6094076133578652.
[I 2026-08-19 17:27:46,542] Trial 1061 finished with value: 0.4554286892878624 and parameters: {'k1': 0.014275510995181317, 'D_low': 4.176097879856906, 'k2': 0.011235290249771952, 'D_high': 1072853.6931970408, 'fire_exp': 2.013436464792612, 'P_half': 4.455816667919474, 'pre_dampen_half': 0.3236592887173418, 'gpp_af': 0.12764406394715042, 'gpp_b': 0.0016049594809448321, 'gpp_d': 309.07574756370207, 'ign_k': 2.850275871094325, 'ign_c': 1.9767935780123194, 'trop_agb_crit': 29.365141902104305, 'trop_k_veg': 4.205891120044335, 'pop_amp': 0.02470424120391337, 'pop_peak': 0.09959479336173432, 'pop_sig': 0.3273208710297679, 'fuel_k': 0.2286627221200025, 'fuel_half': 0.7134913039748131}. Best is trial 0 with value: -0.6094076133578652.
[I 2026-08-19 17:27:48,469] Trial 1062 finished with value: 0.47982741896010694 and parameters: {'k1': 0.00036430818364407383, 'D_low': 1.0186025602329396, 'k2': 0.0055634738703923365, 'D_high': 8425626.241149822, 'fire_exp': 3.2979518071778955, 'P_half': 13.153555136318568, 'pre_dampen_half': 1.3638651833764321, 'gpp_af': 0.15956845437849615, 'gpp_b': 0.0010892092157954469, 'gpp_d': 649.0441073238633, 'ign_k': 0.15978582006936992, 'ign_c': 1.0503170112414209, 'trop_agb_crit': 9.207819760226059, 'trop_k_veg': 0.9457941365835124, 'pop_amp': 0.001185944516558278, 'pop_peak': 0.2712475151167817, 'pop_sig': 0.8006756995037058, 'fuel_k': 0.09666998090187144, 'fuel_half': 9.015331129814784}. Best is trial 0 with value: -0.6094076133578652.
[I 2026-08-19 17:27:50,280] Trial 1063 finished with value: 0.4585800677553491 and parameters: {'k1': 0.06740824690692074, 'D_low': 1062.581543304692, 'k2': 0.0015470572003838583, 'D_high': 6069904.608047883, 'fire_exp': 3.248100494686619, 'P_half': 5.811936380594568, 'pre_dampen_half': 34.025504327320036, 'gpp_af': 0.019677427045801093, 'gpp_b': 6.320258370755403e-05, 'gpp_d': 963.7345598412894, 'ign_k': 0.26996290283456786, 'ign_c': 0.5356198939607848, 'trop_agb_crit': 18.13107893245316, 'trop_k_veg': 1.7406152456986, 'pop_amp': 0.7436617934801564, 'pop_peak': 0.5649786813630099, 'pop_sig': 0.4509788264707893, 'fuel_k': 0.04730452571317373, 'fuel_half': 0.5701810430898904}. Best is trial 0 with value: -0.6094076133578652.
  trial 1064/2500  best_overall=0.6094  (29.4 min)
[I 2026-08-19 17:27:52,179] Trial 1064 finished with value: 0.6420403301513287 and parameters: {'k1': 0.0006123490677770489, 'D_low': 2610.2681802268476, 'k2': 0.0007182633834282125, 'D_high': 967124.6600084082, 'fire_exp': 1.2481003406222426, 'P_half': 18.176386827452195, 'pre_dampen_half': 84.4108498904354, 'gpp_af': 0.0033247104869958497, 'gpp_b': 0.005769003686181179, 'gpp_d': 12.0500361438375, 'ign_k': 4.843772037156761, 'ign_c': 32.50196840013926, 'trop_agb_crit': 13.547533131685105, 'trop_k_veg': 2.9285051526642927, 'pop_amp': 0.0013295765617416704, 'pop_peak': 9.743932667552789, 'pop_sig': 0.4597122205338568, 'fuel_k': 0.20828748840353165, 'fuel_half': 0.42497488212422}. Best is trial 0 with value: -0.6094076133578652.
[I 2026-08-19 17:27:53,867] Trial 1065 finished with value: 0.420956254171855 and parameters: {'k1': 0.041250359079815675, 'D_low': 999.3855857890138, 'k2': 0.0005680681493347052, 'D_high': 504513.1036034147, 'fire_exp': 1.5672331564261377, 'P_half': 8.697417349851198, 'pre_dampen_half': 0.7698012914153944, 'gpp_af': 0.4069046431483999, 'gpp_b': 0.025212272215790567, 'gpp_d': 109.29313301798199, 'ign_k': 0.8268594305870345, 'ign_c': 0.773989193909619, 'trop_agb_crit': 22.895443572476516, 'trop_k_veg': 3.6993047965375605, 'pop_amp': 0.012209345367815844, 'pop_peak': 0.9859799204911833, 'pop_sig': 0.2651431124494021, 'fuel_k': 2.138360380946356, 'fuel_half': 0.2973578345119017}. Best is trial 0 with value: -0.6094076133578652.
[I 2026-08-19 17:27:55,539] Trial 1066 finished with value: 0.44283158781692444 and parameters: {'k1': 0.001238906258069636, 'D_low': 191.72133110807647, 'k2': 0.013103058123872068, 'D_high': 86512.71600896442, 'fire_exp': 2.3463799289800114, 'P_half': 4.93709309504898, 'pre_dampen_half': 26.364509577361147, 'gpp_af': 0.12522648147421775, 'gpp_b': 0.004266814254992873, 'gpp_d': 93.36292726212518, 'ign_k': 3.0388061221925207, 'ign_c': 0.518288729431831, 'trop_agb_crit': 20.550319044144835, 'trop_k_veg': 1.3780754967325513, 'pop_amp': 0.001507917443209403, 'pop_peak': 0.09358991826268433, 'pop_sig': 1.1624250289659084, 'fuel_k': 0.012422194731516133, 'fuel_half': 0.5585311500156225}. Best is trial 0 with value: -0.6094076133578652.
[I 2026-08-19 17:27:57,275] Trial 1067 finished with value: 0.4862123220151897 and parameters: {'k1': 0.00020257269361116304, 'D_low': 283.173237155132, 'k2': 0.010583258445609115, 'D_high': 7614036.877716411, 'fire_exp': 4.161631570594612, 'P_half': 17.431514788467013, 'pre_dampen_half': 4.607355566031707, 'gpp_af': 0.030939000476682375, 'gpp_b': 0.0003216674859738876, 'gpp_d': 318.4736395200056, 'ign_k': 0.09946813358924417, 'ign_c': 0.2654183408252941, 'trop_agb_crit': 26.298106985943395, 'trop_k_veg': 1.6655338925824141, 'pop_amp': 0.005147132021953608, 'pop_peak': 0.4158743365253664, 'pop_sig': 0.5079000728657195, 'fuel_k': 0.5413638261511807, 'fuel_half': 0.7538117598928077}. Best is trial 0 with value: -0.6094076133578652.
[I 2026-08-19 17:27:59,070] Trial 1068 finished with value: -0.5707778498522917 and parameters: {'k1': 0.04317809050211726, 'D_low': 2.6031728074362657, 'k2': 0.0014043289522273595, 'D_high': 6249409.1521646455, 'fire_exp': 5.978790035788554, 'P_half': 38.731325994296824, 'pre_dampen_half': 51.282926099496876, 'gpp_af': 0.02230321213585111, 'gpp_b': 1.3655107417305962e-05, 'gpp_d': 5.157318503269317, 'ign_k': 0.09113776219424878, 'ign_c': 0.7407471149675467, 'trop_agb_crit': 23.448475631350366, 'trop_k_veg': 1.3978466053632952, 'pop_amp': 0.3430844924267292, 'pop_peak': 1.75224896067673, 'pop_sig': 0.36649777281804424, 'fuel_k': 0.11284783234762934, 'fuel_half': 0.654971799049292}. Best is trial 0 with value: -0.6094076133578652.
[I 2026-08-19 17:28:01,044] Trial 1069 finished with value: 0.5022509871074804 and parameters: {'k1': 0.03083263418499966, 'D_low': 30.64693191343825, 'k2': 0.0009796794147642852, 'D_high': 10361.774659438826, 'fire_exp': 4.099761862190878, 'P_half': 3.701606647755225, 'pre_dampen_half': 35.62281657562686, 'gpp_af': 0.40501854280026117, 'gpp_b': 0.03017257142422945, 'gpp_d': 806.9744202620063, 'ign_k': 1.9307100642224304, 'ign_c': 0.14462125469387493, 'trop_agb_crit': 14.136627432003735, 'trop_k_veg': 6.889774570786513, 'pop_amp': 0.14960857029594998, 'pop_peak': 0.4123210296358398, 'pop_sig': 0.35128900222461945, 'fuel_k': 0.9874418265374096, 'fuel_half': 0.9901744983487447}. Best is trial 0 with value: -0.6094076133578652.
[I 2026-08-19 17:28:02,881] Trial 1070 finished with value: 0.5806997515919364 and parameters: {'k1': 1.2758877608299914e-05, 'D_low': 35707.49932204494, 'k2': 0.044723184965858004, 'D_high': 108349.73627290945, 'fire_exp': 3.8264179297081906, 'P_half': 29.369452318535384, 'pre_dampen_half': 0.9459485631517585, 'gpp_af': 0.29100583182050016, 'gpp_b': 0.0021723536969357454, 'gpp_d': 178.3021983659702, 'ign_k': 0.2186460805055994, 'ign_c': 0.3256623200759646, 'trop_agb_crit': 29.915516600423228, 'trop_k_veg': 1.4305030103946186, 'pop_amp': 0.16511981232785866, 'pop_peak': 3.6150814497375414, 'pop_sig': 0.37304752677403835, 'fuel_k': 5.82423484699023, 'fuel_half': 6.933480671570845}. Best is trial 0 with value: -0.6094076133578652.
[I 2026-08-19 17:28:04,675] Trial 1071 finished with value: -0.5743868916713579 and parameters: {'k1': 0.00203586762174708, 'D_low': 10635.893196439869, 'k2': 0.00044048253749847717, 'D_high': 5818173.112381034, 'fire_exp': 2.2698974503719267, 'P_half': 83.15493245129657, 'pre_dampen_half': 14.8005695557953, 'gpp_af': 1.0603595132338195, 'gpp_b': 0.013700955215516328, 'gpp_d': 384.9722730178954, 'ign_k': 0.6194997495707573, 'ign_c': 1.0370102780390633, 'trop_agb_crit': 22.257613810971385, 'trop_k_veg': 7.156914208958458, 'pop_amp': 0.9963999334119531, 'pop_peak': 0.3736324352086949, 'pop_sig': 0.43739835824756484, 'fuel_k': 0.20968651224235965, 'fuel_half': 0.5393722343866498}. Best is trial 0 with value: -0.6094076133578652.
