[I 2026-08-19 17:10:18,933] Trial 434 finished with value: -0.5644807744330408 and parameters: {'k1': 0.010543171765891944, 'D_low': 69.54204280926605, 'k2': 0.024596520114446855, 'D_high': 4741829.462209996, 'fire_exp': 1.273934938371611, 'P_half': 89.23184676646198, 'pre_dampen_half': 0.4483076676055078, 'gpp_af': 7.591866303211512, 'gpp_b': 0.0006080571977423908, 'gpp_d': 42.79986761600947, 'ign_k': 0.2766491438683539, 'ign_c': 1.0908951374519198, 'trop_agb_crit': 10.979433715691444, 'trop_k_veg': 0.9931569356305063, 'pop_amp': 0.00810424191582654, 'pop_peak': 1.0666655721470182, 'pop_sig': 0.8442506582469649, 'fuel_k': 1.623859131788589, 'fuel_half': 65.89330321807033}. Best is trial 0 with value: -0.6094076133578652.
[I 2026-08-19 17:10:20,523] Trial 435 finished with value: 0.5995909664235677 and parameters: {'k1': 1.356166739963839e-05, 'D_low': 2365.8405902759187, 'k2': 1.523068406080798e-05, 'D_high': 8432.545566797437, 'fire_exp': 1.6670998675175175, 'P_half': 457.13481366909036, 'pre_dampen_half': 1.6345253815139515, 'gpp_af': 0.06625398645026176, 'gpp_b': 0.0001820744123177033, 'gpp_d': 0.010799587704450265, 'ign_k': 3.8676610107497607, 'ign_c': 14.0048762956244, 'trop_agb_crit': 10.77142715978348, 'trop_k_veg': 1.8817082258137776, 'pop_amp': 0.0011445214055848445, 'pop_peak': 98.89065794671669, 'pop_sig': 2.021527032946837, 'fuel_k': 0.6326279892565455, 'fuel_half': 2.724627310062734}. Best is trial 0 with value: -0.6094076133578652.
[I 2026-08-19 17:10:22,122] Trial 436 finished with value: 0.4310436441237614 and parameters: {'k1': 0.008389615308864963, 'D_low': 15.23644988420768, 'k2': 0.003520158435644619, 'D_high': 9877596.383707682, 'fire_exp': 1.4380096110893985, 'P_half': 17.990516631840034, 'pre_dampen_half': 0.39547388270175116, 'gpp_af': 7.506238729053533, 'gpp_b': 0.000207025108909701, 'gpp_d': 106.32450775550295, 'ign_k': 0.4004422208498785, 'ign_c': 1.035024724879526, 'trop_agb_crit': 8.322138989274475, 'trop_k_veg': 0.7837541377552902, 'pop_amp': 0.1182388628502715, 'pop_peak': 0.5606526586333921, 'pop_sig': 0.7020070597712195, 'fuel_k': 2.1581830211709025, 'fuel_half': 48.58543050378772}. Best is trial 0 with value: -0.6094076133578652.
[I 2026-08-19 17:10:23,678] Trial 437 finished with value: 0.4608220499409523 and parameters: {'k1': 0.009563684960419126, 'D_low': 6.0048266453190235, 'k2': 0.07217767113566666, 'D_high': 8145053.466833304, 'fire_exp': 1.2860332085178374, 'P_half': 23.008528073397606, 'pre_dampen_half': 6.429750758591927, 'gpp_af': 4.05490206734854, 'gpp_b': 1.1550110151191046e-05, 'gpp_d': 547.2742111955753, 'ign_k': 3.0345012249131074, 'ign_c': 0.23635208020685475, 'trop_agb_crit': 9.43574075574404, 'trop_k_veg': 1.6838033625620534, 'pop_amp': 0.0014518063222542933, 'pop_peak': 0.09788932809106181, 'pop_sig': 1.0056122593362824, 'fuel_k': 1.1579031228119816, 'fuel_half': 53.01954894948603}. Best is trial 0 with value: -0.6094076133578652.
[I 2026-08-19 17:10:25,257] Trial 438 finished with value: 0.4616435312993268 and parameters: {'k1': 0.002103649803680869, 'D_low': 42.36536129126843, 'k2': 0.0002284998404307697, 'D_high': 2563867.271316176, 'fire_exp': 1.154710218434767, 'P_half': 22.065908579430772, 'pre_dampen_half': 0.04072920416926556, 'gpp_af': 4.18477267308838, 'gpp_b': 1.1371983064111042e-05, 'gpp_d': 238.1595549618621, 'ign_k': 0.7036770551318405, 'ign_c': 1.5678057665652156, 'trop_agb_crit': 25.43709058853549, 'trop_k_veg': 2.986675487211592, 'pop_amp': 0.015179991483612452, 'pop_peak': 4.885306769804382, 'pop_sig': 1.222622362439752, 'fuel_k': 0.32188916110174065, 'fuel_half': 45.98603678938842}. Best is trial 0 with value: -0.6094076133578652.
[I 2026-08-19 17:10:26,850] Trial 439 finished with value: 0.5205950437463472 and parameters: {'k1': 0.0003205253699448957, 'D_low': 9.385704624041866, 'k2': 0.0070329773929987995, 'D_high': 17607.839948617016, 'fire_exp': 1.185957939154495, 'P_half': 5.205522079904179, 'pre_dampen_half': 0.3489031166048741, 'gpp_af': 0.3895585643420293, 'gpp_b': 0.0002248829498369439, 'gpp_d': 175.5601110708899, 'ign_k': 1.3383994414470437, 'ign_c': 0.3263115162708392, 'trop_agb_crit': 17.52170027229834, 'trop_k_veg': 3.320982300087452, 'pop_amp': 0.8477892390249817, 'pop_peak': 1.0241257376275719, 'pop_sig': 0.5973680008466762, 'fuel_k': 0.2064040377211172, 'fuel_half': 27.586726128330458}. Best is trial 0 with value: -0.6094076133578652.
[I 2026-08-19 17:10:28,411] Trial 440 finished with value: -0.5631972154068761 and parameters: {'k1': 0.0001643230994892444, 'D_low': 2.4727486564905052, 'k2': 0.006265359197123573, 'D_high': 3748836.2176191662, 'fire_exp': 1.033745123752992, 'P_half': 2.6693320329754036, 'pre_dampen_half': 0.1344563093346344, 'gpp_af': 8.455251559522276, 'gpp_b': 0.0007354892913167939, 'gpp_d': 108.44974184068704, 'ign_k': 0.09888848927695591, 'ign_c': 0.8512988308328383, 'trop_agb_crit': 12.983733732364998, 'trop_k_veg': 3.1554579573775796, 'pop_amp': 0.19342064417124868, 'pop_peak': 4.7760033400114645, 'pop_sig': 0.9583694590590863, 'fuel_k': 0.410064508444707, 'fuel_half': 31.540009201235154}. Best is trial 0 with value: -0.6094076133578652.
[I 2026-08-19 17:10:29,958] Trial 441 finished with value: -0.5177070424686168 and parameters: {'k1': 4.095522754292952e-05, 'D_low': 2.3193998218067438, 'k2': 0.0013467957777978429, 'D_high': 9580784.999517549, 'fire_exp': 1.3783922380173552, 'P_half': 1.3387958764368273, 'pre_dampen_half': 0.07154312536061681, 'gpp_af': 57.0789701948638, 'gpp_b': 8.878882655627558e-05, 'gpp_d': 10.175213791766456, 'ign_k': 0.2521874225155651, 'ign_c': 0.22123845315581522, 'trop_agb_crit': 2.393402719263605, 'trop_k_veg': 4.2970194716860615, 'pop_amp': 1.4951011312311233, 'pop_peak': 0.5865278719056128, 'pop_sig': 1.0210797444171484, 'fuel_k': 0.067536566445219, 'fuel_half': 72.90423300047063}. Best is trial 0 with value: -0.6094076133578652.
[I 2026-08-19 17:10:31,558] Trial 442 finished with value: -0.49250030257183963 and parameters: {'k1': 0.004888206682994225, 'D_low': 13.849891470163653, 'k2': 0.029903942679731264, 'D_high': 32002.534807650653, 'fire_exp': 2.2206331327207214, 'P_half': 61.64576184663634, 'pre_dampen_half': 3.194401310853336, 'gpp_af': 10.519046334323647, 'gpp_b': 0.0022699800975671354, 'gpp_d': 80.37051331714287, 'ign_k': 0.7150851786134309, 'ign_c': 1.8182620742539817, 'trop_agb_crit': 21.822637919659694, 'trop_k_veg': 0.5818353489056068, 'pop_amp': 0.0021812531567341636, 'pop_peak': 5.119862021696163, 'pop_sig': 0.5729409425885136, 'fuel_k': 2.835261114405472, 'fuel_half': 62.511035695627726}. Best is trial 0 with value: -0.6094076133578652.
[I 2026-08-19 17:10:33,126] Trial 443 finished with value: 0.5018643827087995 and parameters: {'k1': 8.707665817671914e-05, 'D_low': 78.40777827426915, 'k2': 0.008976227144675908, 'D_high': 1129057.744727466, 'fire_exp': 2.0777832270661105, 'P_half': 1.1615106870238, 'pre_dampen_half': 0.03563582945164732, 'gpp_af': 19.178500417126795, 'gpp_b': 0.003795908366517453, 'gpp_d': 37.14057236375699, 'ign_k': 0.03390407625011058, 'ign_c': 3.0233426969410595, 'trop_agb_crit': 16.82486630749795, 'trop_k_veg': 2.4695354126930464, 'pop_amp': 1.7952895901674382, 'pop_peak': 6.065411728082688, 'pop_sig': 1.257161380534842, 'fuel_k': 0.30060419870483657, 'fuel_half': 64.31722005015808}. Best is trial 0 with value: -0.6094076133578652.
[I 2026-08-19 17:10:34,692] Trial 444 finished with value: 0.4396015782505591 and parameters: {'k1': 0.00031607547429456816, 'D_low': 37.219087442183564, 'k2': 0.06073643871201659, 'D_high': 4541005.182335515, 'fire_exp': 2.763646538106246, 'P_half': 8.436426717291043, 'pre_dampen_half': 1.2927491063124068, 'gpp_af': 2.3530821433717617, 'gpp_b': 0.0030683769819599576, 'gpp_d': 44.72058600794194, 'ign_k': 0.6364089491264735, 'ign_c': 3.5345013166535373, 'trop_agb_crit': 19.60532589429269, 'trop_k_veg': 1.732696276307635, 'pop_amp': 0.0012405470788974034, 'pop_peak': 0.12959068271464763, 'pop_sig': 0.8706508821798103, 'fuel_k': 0.08052542786038502, 'fuel_half': 13.431869493406806}. Best is trial 0 with value: -0.6094076133578652.
[I 2026-08-19 17:10:36,254] Trial 445 finished with value: 0.5588096412638597 and parameters: {'k1': 0.002677316213329537, 'D_low': 33.11631852353614, 'k2': 0.028448717861293295, 'D_high': 4931388.696756145, 'fire_exp': 1.6580674421731245, 'P_half': 228.9359610274583, 'pre_dampen_half': 0.36966026813475167, 'gpp_af': 3.7168590717211734, 'gpp_b': 0.005007117226855658, 'gpp_d': 132.85403078441618, 'ign_k': 0.006093062656563449, 'ign_c': 0.5028483781442821, 'trop_agb_crit': 19.974008844488182, 'trop_k_veg': 0.9285351617662989, 'pop_amp': 0.0017189934522165119, 'pop_peak': 4.325635110727554, 'pop_sig': 0.721925726915646, 'fuel_k': 0.6945168694419254, 'fuel_half': 41.10876496190146}. Best is trial 0 with value: -0.6094076133578652.
[I 2026-08-19 17:10:37,806] Trial 446 finished with value: 0.43947549763825233 and parameters: {'k1': 0.00012269493624461757, 'D_low': 5.990228300852575, 'k2': 0.006392134509113318, 'D_high': 2621523.267215359, 'fire_exp': 1.0990563922500043, 'P_half': 1.2370622318822981, 'pre_dampen_half': 0.7738545199180138, 'gpp_af': 13.073542111623409, 'gpp_b': 0.001435372975267703, 'gpp_d': 86.9912403738653, 'ign_k': 0.02511132830845885, 'ign_c': 5.162770988404363, 'trop_agb_crit': 13.876466286684616, 'trop_k_veg': 4.795739948992213, 'pop_amp': 0.3535050955169005, 'pop_peak': 22.927167653254195, 'pop_sig': 1.110380634028452, 'fuel_k': 0.3901638385436234, 'fuel_half': 22.49304458972196}. Best is trial 0 with value: -0.6094076133578652.
  trial  447/2500  best_overall=0.6094  (12.2 min)
[I 2026-08-19 17:10:39,452] Trial 447 finished with value: 0.5848722589330804 and parameters: {'k1': 2.5668191914486885e-05, 'D_low': 373337.0311261891, 'k2': 0.00018488948131983684, 'D_high': 7826099.072289528, 'fire_exp': 1.0635886579994456, 'P_half': 2749.6885909316225, 'pre_dampen_half': 0.618774051889014, 'gpp_af': 0.00480664800583969, 'gpp_b': 0.22135070994525124, 'gpp_d': 460.15790337620024, 'ign_k': 0.11480799958219857, 'ign_c': 0.6115924095937951, 'trop_agb_crit': 6.325290144359511, 'trop_k_veg': 7.493781818748669, 'pop_amp': 6.865829188979542, 'pop_peak': 379.2227429544955, 'pop_sig': 1.0651856212697182, 'fuel_k': 0.43900480643463813, 'fuel_half': 0.3815250897038323}. Best is trial 0 with value: -0.6094076133578652.
[I 2026-08-19 17:10:41,009] Trial 448 finished with value: 0.620709730744778 and parameters: {'k1': 3.8685493178474424e-05, 'D_low': 1144.9033752581192, 'k2': 4.865330312636244e-05, 'D_high': 19527.164883635145, 'fire_exp': 1.4511669764319308, 'P_half': 95.27732825851453, 'pre_dampen_half': 132.67229005301886, 'gpp_af': 2.6770484286340053, 'gpp_b': 0.005258946390686234, 'gpp_d': 770.3762846024797, 'ign_k': 0.24102658281667041, 'ign_c': 0.20765251901275572, 'trop_agb_crit': 20.61005869920151, 'trop_k_veg': 4.9252280524181264, 'pop_amp': 5.905594993191602, 'pop_peak': 81.30200895525701, 'pop_sig': 0.3190829793707849, 'fuel_k': 2.5739951418438616, 'fuel_half': 0.15024503669398998}. Best is trial 0 with value: -0.6094076133578652.
[I 2026-08-19 17:10:42,622] Trial 449 finished with value: -0.5469076643916395 and parameters: {'k1': 0.0002668758922847638, 'D_low': 15065.41965586445, 'k2': 0.0005147581952729938, 'D_high': 339434.67678696726, 'fire_exp': 1.1461231239394523, 'P_half': 2.9892172665861234, 'pre_dampen_half': 0.7646140122687461, 'gpp_af': 0.17534699255472747, 'gpp_b': 0.0001627446279839069, 'gpp_d': 993.1030177102376, 'ign_k': 0.2084848623367322, 'ign_c': 0.4055241171958515, 'trop_agb_crit': 2.996578832832449, 'trop_k_veg': 0.9450502085472765, 'pop_amp': 0.004404848999553845, 'pop_peak': 2.349161163421204, 'pop_sig': 0.8667337017604084, 'fuel_k': 0.20253462314609139, 'fuel_half': 87.75297053654617}. Best is trial 0 with value: -0.6094076133578652.
[I 2026-08-19 17:10:44,171] Trial 450 finished with value: 0.5179071838723448 and parameters: {'k1': 0.04355441770112705, 'D_low': 182.56692901597114, 'k2': 0.002928970969130112, 'D_high': 1033450.8971695811, 'fire_exp': 1.0880138275499955, 'P_half': 718.8094497504038, 'pre_dampen_half': 0.2562932397078845, 'gpp_af': 2.8770261722147974, 'gpp_b': 0.0024451826512968673, 'gpp_d': 106.15313819325358, 'ign_k': 0.07933921016671443, 'ign_c': 2.2834100559833765, 'trop_agb_crit': 10.576717100487036, 'trop_k_veg': 1.310664438825473, 'pop_amp': 0.006617662297833526, 'pop_peak': 0.620373397709259, 'pop_sig': 1.8768712296493968, 'fuel_k': 0.5157172382070053, 'fuel_half': 56.77337100263796}. Best is trial 0 with value: -0.6094076133578652.
[I 2026-08-19 17:10:45,719] Trial 451 finished with value: 0.5792426375681792 and parameters: {'k1': 8.938804078604833e-05, 'D_low': 22.246675844084272, 'k2': 0.001843223450565833, 'D_high': 20310.999401916357, 'fire_exp': 1.2273461135881183, 'P_half': 6.086786023691283, 'pre_dampen_half': 0.13022782698135937, 'gpp_af': 8.457767356495596, 'gpp_b': 0.0037284477434548022, 'gpp_d': 154.27001235333486, 'ign_k': 0.006813681778316979, 'ign_c': 1.8158763920484402, 'trop_agb_crit': 15.624790578482147, 'trop_k_veg': 2.1652034423857844, 'pop_amp': 0.002918068739323732, 'pop_peak': 0.3039356014436352, 'pop_sig': 1.519540813100038, 'fuel_k': 0.3897958756782832, 'fuel_half': 37.14121871528849}. Best is trial 0 with value: -0.6094076133578652.
[I 2026-08-19 17:10:47,299] Trial 452 finished with value: 0.5831222059658167 and parameters: {'k1': 0.00030671327381214875, 'D_low': 20097.100494338898, 'k2': 1.2482901364974386e-05, 'D_high': 2198326.359576761, 'fire_exp': 1.2451474722605265, 'P_half': 514.3562646646501, 'pre_dampen_half': 0.10377832582049842, 'gpp_af': 0.05591260407843534, 'gpp_b': 0.8776548559475145, 'gpp_d': 943.6669018846677, 'ign_k': 0.11164292496386968, 'ign_c': 3.8971921411949975, 'trop_agb_crit': 21.050572967489092, 'trop_k_veg': 4.095344495321285, 'pop_amp': 7.707094324816373, 'pop_peak': 315.31045761514554, 'pop_sig': 0.9911023064559706, 'fuel_k': 2.7496293903622724, 'fuel_half': 0.11823048767259182}. Best is trial 0 with value: -0.6094076133578652.
[I 2026-08-19 17:10:48,877] Trial 453 finished with value: 0.49793027486905284 and parameters: {'k1': 0.00012947753216303965, 'D_low': 1.30616775382202, 'k2': 0.05324410211072059, 'D_high': 69227.85298706294, 'fire_exp': 1.2298945825535121, 'P_half': 25.28343933005977, 'pre_dampen_half': 0.4167181157142039, 'gpp_af': 4.1034017968566685, 'gpp_b': 0.00018506930937414195, 'gpp_d': 798.241218679115, 'ign_k': 1.5682720516273596, 'ign_c': 14.106455392061132, 'trop_agb_crit': 7.8411567522593195, 'trop_k_veg': 0.7334869851671878, 'pop_amp': 0.010109536547331125, 'pop_peak': 0.16921982661292642, 'pop_sig': 1.0426763103568868, 'fuel_k': 0.02647596815182703, 'fuel_half': 14.317607580127198}. Best is trial 0 with value: -0.6094076133578652.
[I 2026-08-19 17:10:50,465] Trial 454 finished with value: -0.47842344099442685 and parameters: {'k1': 0.02295334439804784, 'D_low': 52.202353644228296, 'k2': 0.05404052360564412, 'D_high': 5964829.608324885, 'fire_exp': 1.2318240340400943, 'P_half': 223.78420577890483, 'pre_dampen_half': 2.3731815064791055, 'gpp_af': 86.70394442948388, 'gpp_b': 3.419507999633453e-05, 'gpp_d': 7.189410915402021, 'ign_k': 0.11491740845976238, 'ign_c': 0.3204708985281764, 'trop_agb_crit': 6.993683102236907, 'trop_k_veg': 1.0272214612496233, 'pop_amp': 0.015529063133423475, 'pop_peak': 4.357369665635493, 'pop_sig': 1.1379451705382948, 'fuel_k': 0.6787156095071509, 'fuel_half': 33.38627493300069}. Best is trial 0 with value: -0.6094076133578652.
[I 2026-08-19 17:10:52,051] Trial 455 finished with value: 0.5811376597580321 and parameters: {'k1': 0.00016607583444326526, 'D_low': 2.0906800804315964, 'k2': 0.03696699590682595, 'D_high': 2078948.812092881, 'fire_exp': 2.704689118400436, 'P_half': 2.738694652306533, 'pre_dampen_half': 0.267383958751326, 'gpp_af': 1.2292695386026156, 'gpp_b': 0.00016123773872215596, 'gpp_d': 22.050123093984826, 'ign_k': 0.07353809313326394, 'ign_c': 49.09287448123048, 'trop_agb_crit': 8.158019601486153, 'trop_k_veg': 0.7044717199469586, 'pop_amp': 0.008081810279688694, 'pop_peak': 0.11163859737146051, 'pop_sig': 0.7487913428907932, 'fuel_k': 0.2898983519908992, 'fuel_half': 3.7076763842456044}. Best is trial 0 with value: -0.6094076133578652.
[I 2026-08-19 17:10:53,588] Trial 456 finished with value: 0.5892159174393481 and parameters: {'k1': 8.916757022351825e-05, 'D_low': 73587.21052897871, 'k2': 6.757543456145633e-05, 'D_high': 9531.764900113714, 'fire_exp': 1.149978553513538, 'P_half': 3420.3968101335195, 'pre_dampen_half': 0.8768608906752777, 'gpp_af': 0.03792294894080173, 'gpp_b': 6.398459990271641e-05, 'gpp_d': 140.09819500899636, 'ign_k': 1.9342513816814062, 'ign_c': 1.3910449643657836, 'trop_agb_crit': 22.40318846446752, 'trop_k_veg': 7.154323499848318, 'pop_amp': 0.3558742756148121, 'pop_peak': 85.73802756348643, 'pop_sig': 0.5522865111398939, 'fuel_k': 2.345078661679857, 'fuel_half': 0.15140369285493788}. Best is trial 0 with value: -0.6094076133578652.
[I 2026-08-19 17:10:55,152] Trial 457 finished with value: 0.42156144577217625 and parameters: {'k1': 0.0065936522597051335, 'D_low': 162.61302558686592, 'k2': 4.982933052818689e-05, 'D_high': 4396321.086539372, 'fire_exp': 1.0953218659164166, 'P_half': 6.055799478303491, 'pre_dampen_half': 1.9111772170612529, 'gpp_af': 0.006155908195186366, 'gpp_b': 2.3299207689566203e-05, 'gpp_d': 2.700392582953602, 'ign_k': 0.2140086762911634, 'ign_c': 2.0118947034251544, 'trop_agb_crit': 1.789232016225748, 'trop_k_veg': 0.7245714755213395, 'pop_amp': 0.35478242836361906, 'pop_peak': 0.05150203994068881, 'pop_sig': 1.5308732694623552, 'fuel_k': 0.040372951064871855, 'fuel_half': 14.827868692003513}. Best is trial 0 with value: -0.6094076133578652.
[I 2026-08-19 17:10:56,740] Trial 458 finished with value: 0.5823165067728848 and parameters: {'k1': 1.9329789341525723e-05, 'D_low': 28.789642933180044, 'k2': 0.00011969830854933093, 'D_high': 588529.640858026, 'fire_exp': 1.2626321367098443, 'P_half': 827.838837151703, 'pre_dampen_half': 0.26486936508626985, 'gpp_af': 0.010134177954369144, 'gpp_b': 0.14039880655637216, 'gpp_d': 403.8724618556688, 'ign_k': 0.04864299901042658, 'ign_c': 6.684351734249085, 'trop_agb_crit': 11.47457615009355, 'trop_k_veg': 5.645768109860994, 'pop_amp': 13.262718174529779, 'pop_peak': 42.71253976056256, 'pop_sig': 0.6721101105976192, 'fuel_k': 0.2690880819499109, 'fuel_half': 0.25269462489893213}. Best is trial 0 with value: -0.6094076133578652.
[I 2026-08-19 17:10:58,302] Trial 459 finished with value: -0.5770711813610545 and parameters: {'k1': 0.042114796835554996, 'D_low': 33.93156189449772, 'k2': 0.004021528797147949, 'D_high': 9201022.210884426, 'fire_exp': 1.3428249371971432, 'P_half': 47.44710603766713, 'pre_dampen_half': 0.6674240236250423, 'gpp_af': 0.05032183514265709, 'gpp_b': 0.0001587874220655366, 'gpp_d': 8.55721642531329, 'ign_k': 8.372754140237687, 'ign_c': 0.11860482788436398, 'trop_agb_crit': 6.893619047673518, 'trop_k_veg': 0.8605578273534087, 'pop_amp': 0.06683865078320475, 'pop_peak': 5.687590720672419, 'pop_sig': 0.8809051172183985, 'fuel_k': 0.032157885314667525, 'fuel_half': 6.412337474256338}. Best is trial 0 with value: -0.6094076133578652.
  trial  460/2500  best_overall=0.6094  (12.6 min)
[I 2026-08-19 17:10:59,977] Trial 460 finished with value: 0.42782869873501783 and parameters: {'k1': 0.05931044375952773, 'D_low': 36.68018593546086, 'k2': 0.0028070261749395253, 'D_high': 6696126.088681816, 'fire_exp': 1.0025012656291596, 'P_half': 2.3319424815244822, 'pre_dampen_half': 4.4437407010938985, 'gpp_af': 0.08616233125873146, 'gpp_b': 0.003688470580348793, 'gpp_d': 146.71964651867432, 'ign_k': 0.02593577344530763, 'ign_c': 0.2592144901280329, 'trop_agb_crit': 2.4259013967297602, 'trop_k_veg': 1.4731115655295757, 'pop_amp': 0.13073871098025333, 'pop_peak': 0.2587177382641576, 'pop_sig': 0.9848966232799128, 'fuel_k': 0.045037186128965526, 'fuel_half': 2.030472842858263}. Best is trial 0 with value: -0.6094076133578652.
[I 2026-08-19 17:11:01,618] Trial 461 finished with value: 0.4292558709537152 and parameters: {'k1': 0.08616138361646465, 'D_low': 24.67625104427674, 'k2': 0.0016839132630998741, 'D_high': 7519089.944275728, 'fire_exp': 2.17399091270703, 'P_half': 22.748376696868608, 'pre_dampen_half': 5.931498635308568, 'gpp_af': 0.0202950502628659, 'gpp_b': 1.271290139511134e-05, 'gpp_d': 8.172736603067662, 'ign_k': 3.9525051036022134, 'ign_c': 0.15087609713841918, 'trop_agb_crit': 6.695309304193777, 'trop_k_veg': 0.7381931993233467, 'pop_amp': 0.026177607623520397, 'pop_peak': 1.0400230932415226, 'pop_sig': 0.4881586049286497, 'fuel_k': 0.0489916599669047, 'fuel_half': 1.3039135578431449}. Best is trial 0 with value: -0.6094076133578652.
[I 2026-08-19 17:11:03,206] Trial 462 finished with value: 0.516449483140079 and parameters: {'k1': 0.0008035948952460047, 'D_low': 2.524809308831124, 'k2': 0.028416773364508322, 'D_high': 2600979.8391546444, 'fire_exp': 2.6077091041370206, 'P_half': 63.15731808115347, 'pre_dampen_half': 0.13178582678906312, 'gpp_af': 2.5125025183335534, 'gpp_b': 0.0038041300324057918, 'gpp_d': 132.24677053642955, 'ign_k': 0.17440374959977806, 'ign_c': 0.22038267789696242, 'trop_agb_crit': 7.767508178827676, 'trop_k_veg': 1.8227617708226342, 'pop_amp': 0.018041169571041547, 'pop_peak': 0.511558832105482, 'pop_sig': 1.365632629241992, 'fuel_k': 0.08788819150271578, 'fuel_half': 65.62837561558385}. Best is trial 0 with value: -0.6094076133578652.
