[I 2026-08-20 00:49:34,288] Trial 1539 finished with value: 0.4539600841757414 and parameters: {'k1': 0.010671636326142988, 'D_low': 4830.569514594844, 'k2': 0.0007074466796515451, 'D_high': 72907.1582967976, 'fire_exp': 1.5110270326570978, 'P_half': 81.53419745644894, 'pre_dampen_half': 81.96836215873014, 'gpp_af': 22.321928691668944, 'gpp_b': 0.007925594103837709, 'gpp_d': 411.2494487255069, 'ign_k': 0.1601631506694419, 'ign_c': 1.3293016729532354, 'trop_agb_crit': 25.29517245046617, 'trop_k_veg': 2.365443039609346}. Best is trial 1285 with value: -0.6015874360929447.
[I 2026-08-20 00:49:36,059] Trial 1540 finished with value: 0.6445374145881376 and parameters: {'k1': 0.020615184638765643, 'D_low': 1.183861227360534, 'k2': 1.2099335874595342e-05, 'D_high': 65.0686631268212, 'fire_exp': 8.703145367099232, 'P_half': 1880.7644490393495, 'pre_dampen_half': 0.044199093039259015, 'gpp_af': 0.2936836788860191, 'gpp_b': 0.0030168898167748205, 'gpp_d': 0.07812328001869177, 'ign_k': 0.021192982607332687, 'ign_c': 136.26538014061768, 'trop_agb_crit': 7.690430731823684, 'trop_k_veg': 5.758181305014857}. Best is trial 1285 with value: -0.6015874360929447.
[I 2026-08-20 00:49:37,457] Trial 1541 finished with value: 0.5940045174480062 and parameters: {'k1': 0.00011225415276847859, 'D_low': 50.99601146778377, 'k2': 0.00013888673049342596, 'D_high': 151638.88432760583, 'fire_exp': 3.2215490716004935, 'P_half': 2.176032270829199, 'pre_dampen_half': 0.3643321785178071, 'gpp_af': 6.037398410118252, 'gpp_b': 5.488943933190387, 'gpp_d': 804.6221484162365, 'ign_k': 0.017623212522956004, 'ign_c': 5.598371037992842, 'trop_agb_crit': 6.969822599184583, 'trop_k_veg': 3.3584043790665725}. Best is trial 1285 with value: -0.6015874360929447.
[I 2026-08-20 00:49:38,823] Trial 1542 finished with value: 0.5333964972862748 and parameters: {'k1': 3.337495653948635e-05, 'D_low': 198.79230307053695, 'k2': 0.009627404363278523, 'D_high': 9355522.392949358, 'fire_exp': 2.3135590224252742, 'P_half': 1.140534288312803, 'pre_dampen_half': 26.444467274037116, 'gpp_af': 8.36538730320467, 'gpp_b': 1.394290698395434, 'gpp_d': 85.0466725238971, 'ign_k': 0.31516284019372326, 'ign_c': 18.469603072716815, 'trop_agb_crit': 10.501408088498357, 'trop_k_veg': 3.939646303841001}. Best is trial 1285 with value: -0.6015874360929447.
[I 2026-08-20 00:49:40,169] Trial 1543 finished with value: 0.6052544219051683 and parameters: {'k1': 0.026749372824648055, 'D_low': 21.687513864566363, 'k2': 1.5631416981612396e-05, 'D_high': 325495.90736202087, 'fire_exp': 9.91544052480807, 'P_half': 46.48933985596216, 'pre_dampen_half': 27.55794247932375, 'gpp_af': 87.8345926637153, 'gpp_b': 0.0027347427293782744, 'gpp_d': 87.33167841508858, 'ign_k': 0.08000908673693632, 'ign_c': 7.699276860144937, 'trop_agb_crit': 10.980034679931135, 'trop_k_veg': 1.214378285586562}. Best is trial 1285 with value: -0.6015874360929447.
[I 2026-08-20 00:49:41,561] Trial 1544 finished with value: -0.5773568831011506 and parameters: {'k1': 0.002920217730120609, 'D_low': 2377.5536195929367, 'k2': 0.0015021972001134142, 'D_high': 1835402.6146267774, 'fire_exp': 1.5667241943729038, 'P_half': 595.1857312500539, 'pre_dampen_half': 14.451679831713127, 'gpp_af': 0.02513293451239612, 'gpp_b': 2.488778123688668e-05, 'gpp_d': 36.786232423995386, 'ign_k': 1.4136172903142945, 'ign_c': 17.42796144099777, 'trop_agb_crit': 24.421986905985385, 'trop_k_veg': 3.049173805404732}. Best is trial 1285 with value: -0.6015874360929447.
[I 2026-08-20 00:49:42,968] Trial 1545 finished with value: 0.41977295059907616 and parameters: {'k1': 5.461471235477142e-05, 'D_low': 31.103157358794395, 'k2': 0.0017343893392473709, 'D_high': 2454042.9614229267, 'fire_exp': 1.4126024608333838, 'P_half': 2.377098126670061, 'pre_dampen_half': 21.326340927029822, 'gpp_af': 0.6095842121033436, 'gpp_b': 0.013543023109893292, 'gpp_d': 985.4047598925812, 'ign_k': 0.06064977558510072, 'ign_c': 3.2922252496600697, 'trop_agb_crit': 11.832119744519812, 'trop_k_veg': 1.9514098969294786}. Best is trial 1285 with value: -0.6015874360929447.
[I 2026-08-20 00:49:44,370] Trial 1546 finished with value: 0.6396634089601321 and parameters: {'k1': 0.07267911702568959, 'D_low': 9195.578598899603, 'k2': 0.00015080937657680784, 'D_high': 41.47302493169936, 'fire_exp': 3.716964044465579, 'P_half': 5.773072913325856, 'pre_dampen_half': 16.05343809466865, 'gpp_af': 18.060973366068882, 'gpp_b': 5.076766028443594e-05, 'gpp_d': 2.728623871168663, 'ign_k': 0.0035590649177370415, 'ign_c': 13.14015965924526, 'trop_agb_crit': 14.964385118945057, 'trop_k_veg': 2.6534270146191092}. Best is trial 1285 with value: -0.6015874360929447.
[I 2026-08-20 00:49:45,750] Trial 1547 finished with value: 0.5852560555789152 and parameters: {'k1': 0.0006894723640895746, 'D_low': 1916.427992846103, 'k2': 2.228008303387561e-05, 'D_high': 3973833.4300691723, 'fire_exp': 3.7041287578574678, 'P_half': 354.3736737390616, 'pre_dampen_half': 30.908786111129015, 'gpp_af': 0.2858720983013085, 'gpp_b': 0.004111954283902395, 'gpp_d': 158.62348618722993, 'ign_k': 0.0096851294075993, 'ign_c': 4.2594067423809845, 'trop_agb_crit': 21.809741385722266, 'trop_k_veg': 7.247817894495997}. Best is trial 1285 with value: -0.6015874360929447.
[I 2026-08-20 00:49:47,152] Trial 1548 finished with value: 0.6445374145881376 and parameters: {'k1': 3.154163292675037e-05, 'D_low': 143.99281147800846, 'k2': 0.00042665466962268483, 'D_high': 5353995.107055687, 'fire_exp': 1.2602710351808912, 'P_half': 33.31270455438881, 'pre_dampen_half': 0.15608038340663513, 'gpp_af': 0.10790216939959946, 'gpp_b': 0.0001509689139533892, 'gpp_d': 8.4798409286867, 'ign_k': 3.0037247820444595, 'ign_c': 156.79705693539134, 'trop_agb_crit': 3.5901173299692917, 'trop_k_veg': 6.558506424483279}. Best is trial 1285 with value: -0.6015874360929447.
[I 2026-08-20 00:49:48,582] Trial 1549 finished with value: 0.5170070412130532 and parameters: {'k1': 0.0012109220029416963, 'D_low': 636.1656557836484, 'k2': 0.00903355109261386, 'D_high': 2658877.306017519, 'fire_exp': 1.8722496558208195, 'P_half': 1.524285838646853, 'pre_dampen_half': 42.76282048606466, 'gpp_af': 0.33335406721123595, 'gpp_b': 0.19691196582819123, 'gpp_d': 250.65821255345935, 'ign_k': 0.042428098982566206, 'ign_c': 0.1530543908062545, 'trop_agb_crit': 8.962898942597477, 'trop_k_veg': 2.1802663172649344}. Best is trial 1285 with value: -0.6015874360929447.
[I 2026-08-20 00:49:49,968] Trial 1550 finished with value: 0.5135687412118226 and parameters: {'k1': 6.551780015390127e-05, 'D_low': 11.037375530073271, 'k2': 0.0029150926384065765, 'D_high': 3193929.20521896, 'fire_exp': 4.184031510839195, 'P_half': 3.082661926621336, 'pre_dampen_half': 1.2804473139317816, 'gpp_af': 1.4490254671399243, 'gpp_b': 0.0028053991768857327, 'gpp_d': 973.960422386058, 'ign_k': 7.891454829182476, 'ign_c': 9.070525025533945, 'trop_agb_crit': 3.6229161318891383, 'trop_k_veg': 0.9463895770959434}. Best is trial 1285 with value: -0.6015874360929447.
[I 2026-08-20 00:49:51,408] Trial 1551 finished with value: 0.5766252048038233 and parameters: {'k1': 0.00012021159250024931, 'D_low': 361.8222927755024, 'k2': 0.0007773645068980397, 'D_high': 2258100.10597546, 'fire_exp': 9.97834844270332, 'P_half': 1.3487654014184927, 'pre_dampen_half': 2.8582692293190157, 'gpp_af': 0.0015896000300588615, 'gpp_b': 0.00011515767542205761, 'gpp_d': 25.579522817047692, 'ign_k': 0.1348828913445088, 'ign_c': 0.41198056695699004, 'trop_agb_crit': 28.018798630522607, 'trop_k_veg': 4.625960409314557}. Best is trial 1285 with value: -0.6015874360929447.
[I 2026-08-20 00:49:52,857] Trial 1552 finished with value: 0.5542842961218674 and parameters: {'k1': 1.570119927547321e-05, 'D_low': 5.420913050248297, 'k2': 0.0025550988787208916, 'D_high': 105486.83003942744, 'fire_exp': 3.10576902288801, 'P_half': 2.200714130541412, 'pre_dampen_half': 17.72997341660831, 'gpp_af': 6.598487038847839, 'gpp_b': 0.02721415501828323, 'gpp_d': 27.99750032268592, 'ign_k': 0.35244222774937967, 'ign_c': 2.2606141656150753, 'trop_agb_crit': 16.932495777518678, 'trop_k_veg': 2.8967993810184614}. Best is trial 1285 with value: -0.6015874360929447.
[I 2026-08-20 00:49:54,313] Trial 1553 finished with value: 0.6445374145881376 and parameters: {'k1': 0.029177565833696503, 'D_low': 4.221964443663708, 'k2': 0.03359862099171144, 'D_high': 222578.1029815819, 'fire_exp': 5.002063479705929, 'P_half': 7557.143186376309, 'pre_dampen_half': 3.402901640992801, 'gpp_af': 13.61568520078605, 'gpp_b': 0.11825453657428543, 'gpp_d': 0.7146222473446164, 'ign_k': 7.713863813800772, 'ign_c': 132.29614980393387, 'trop_agb_crit': 2.9280604268379737, 'trop_k_veg': 0.991825908955174}. Best is trial 1285 with value: -0.6015874360929447.
[I 2026-08-20 00:49:55,735] Trial 1554 finished with value: 0.6503520625791336 and parameters: {'k1': 0.02034748908115589, 'D_low': 2.43575996438911, 'k2': 0.0002115849925483591, 'D_high': 7373047.636681893, 'fire_exp': 8.805383124977899, 'P_half': 50.65205146095531, 'pre_dampen_half': 24.297088228332928, 'gpp_af': 10.72492376209522, 'gpp_b': 0.008632953530591498, 'gpp_d': 19.879500220747868, 'ign_k': 1.6287666324907344, 'ign_c': 29.992631539106977, 'trop_agb_crit': 8.405176492653332, 'trop_k_veg': 3.262120761937509}. Best is trial 1285 with value: -0.6015874360929447.
[I 2026-08-20 00:49:57,449] Trial 1555 finished with value: -0.5561476871705546 and parameters: {'k1': 0.0006606118886350475, 'D_low': 42.376019008005095, 'k2': 0.010839188955447235, 'D_high': 1645158.6893448795, 'fire_exp': 4.280015471516636, 'P_half': 1.090908802558795, 'pre_dampen_half': 90.21028216346009, 'gpp_af': 0.008347318982553321, 'gpp_b': 0.00019092093065700805, 'gpp_d': 5.622515454472786, 'ign_k': 0.07093983486545671, 'ign_c': 1.5037701389736764, 'trop_agb_crit': 25.31173479981624, 'trop_k_veg': 7.534447310912513}. Best is trial 1285 with value: -0.6015874360929447.
[I 2026-08-20 00:49:58,860] Trial 1556 finished with value: 0.6445374145881376 and parameters: {'k1': 0.010206512195840291, 'D_low': 143.8388539069484, 'k2': 5.4146996472474115e-05, 'D_high': 45.76564802164642, 'fire_exp': 4.329041128254937, 'P_half': 6449.533795298719, 'pre_dampen_half': 0.010266206689175605, 'gpp_af': 0.0012873161805451395, 'gpp_b': 0.4671569224837776, 'gpp_d': 399.4564904903344, 'ign_k': 3.40153813733658, 'ign_c': 441.49100262065247, 'trop_agb_crit': 10.587766692019898, 'trop_k_veg': 0.6655282573137425}. Best is trial 1285 with value: -0.6015874360929447.
[I 2026-08-20 00:50:00,223] Trial 1557 finished with value: -0.5550189982299155 and parameters: {'k1': 2.581152008097747e-05, 'D_low': 2724.6353330923066, 'k2': 0.00021030947031772356, 'D_high': 8703801.302048083, 'fire_exp': 3.7789797786691888, 'P_half': 2.116008231511716, 'pre_dampen_half': 36.59319717639093, 'gpp_af': 14.152635618823124, 'gpp_b': 0.007307521787873226, 'gpp_d': 169.77197201765267, 'ign_k': 0.3107580074983965, 'ign_c': 0.4847052864702516, 'trop_agb_crit': 20.554537059723337, 'trop_k_veg': 3.4840978739076904}. Best is trial 1285 with value: -0.6015874360929447.
[I 2026-08-20 00:50:01,627] Trial 1558 finished with value: 0.5211758739889861 and parameters: {'k1': 0.0005524614364105286, 'D_low': 611.563785660916, 'k2': 0.0005136598388997351, 'D_high': 1136157.855411623, 'fire_exp': 2.7879572199897433, 'P_half': 1.5288208989260292, 'pre_dampen_half': 2.8228857153051465, 'gpp_af': 50.50116810524537, 'gpp_b': 0.00019934742084092857, 'gpp_d': 102.96127827292752, 'ign_k': 0.10337723665855537, 'ign_c': 18.2703759749036, 'trop_agb_crit': 8.20815843700972, 'trop_k_veg': 1.991460016093969}. Best is trial 1285 with value: -0.6015874360929447.
[I 2026-08-20 00:50:02,997] Trial 1559 finished with value: -0.5695060932062553 and parameters: {'k1': 0.0009209317198507849, 'D_low': 10081.025230386978, 'k2': 0.003169351243141269, 'D_high': 308246.2380755423, 'fire_exp': 1.115469573053912, 'P_half': 52.039391751344205, 'pre_dampen_half': 48.43568814207761, 'gpp_af': 0.6895375671682467, 'gpp_b': 0.06419933068702334, 'gpp_d': 716.4808329819886, 'ign_k': 0.3216461959875307, 'ign_c': 0.15516729676658958, 'trop_agb_crit': 12.63923725668943, 'trop_k_veg': 4.183108614321407}. Best is trial 1285 with value: -0.6015874360929447.
[I 2026-08-20 00:50:04,405] Trial 1560 finished with value: 0.44818493249614844 and parameters: {'k1': 0.043162417511779384, 'D_low': 1.238703777545911, 'k2': 1.1643963113420181e-05, 'D_high': 420997.48233634705, 'fire_exp': 6.800451330687763, 'P_half': 2.3286370865552755, 'pre_dampen_half': 53.731552610428466, 'gpp_af': 2.4581243512131086, 'gpp_b': 0.0001776504740737851, 'gpp_d': 272.9333177838183, 'ign_k': 0.8687358277248405, 'ign_c': 1.7045988423054237, 'trop_agb_crit': 28.60451288895771, 'trop_k_veg': 2.3857207694426834}. Best is trial 1285 with value: -0.6015874360929447.
[I 2026-08-20 00:50:05,854] Trial 1561 finished with value: 0.5862698006218071 and parameters: {'k1': 0.0002461985418966161, 'D_low': 2.605554848773467, 'k2': 0.0010481512659429135, 'D_high': 2944.1020057130486, 'fire_exp': 1.7024899136670404, 'P_half': 8.052059696094874, 'pre_dampen_half': 12.342030220201599, 'gpp_af': 0.4707607957501197, 'gpp_b': 9.189448697080917e-05, 'gpp_d': 11.527239336082058, 'ign_k': 8.609047932441932, 'ign_c': 7.04867391651541, 'trop_agb_crit': 20.465183113187443, 'trop_k_veg': 0.9088118312561447}. Best is trial 1285 with value: -0.6015874360929447.
[I 2026-08-20 00:50:07,328] Trial 1562 finished with value: 0.6415452770900083 and parameters: {'k1': 0.00024658475321613383, 'D_low': 151.68146598326345, 'k2': 0.0027520719066980903, 'D_high': 16.87552564283025, 'fire_exp': 1.5388067974157948, 'P_half': 6.242054903842114, 'pre_dampen_half': 178.57381993488704, 'gpp_af': 69.3837768331509, 'gpp_b': 5.336090754790803e-05, 'gpp_d': 3.814041426753213, 'ign_k': 0.009886602737607591, 'ign_c': 703.1106441120179, 'trop_agb_crit': 1.2218316204189434, 'trop_k_veg': 0.80414381463637}. Best is trial 1285 with value: -0.6015874360929447.
[I 2026-08-20 00:50:08,732] Trial 1563 finished with value: 0.5917561101668902 and parameters: {'k1': 0.0004339583337427869, 'D_low': 354.0202450314487, 'k2': 4.8088018477856755e-05, 'D_high': 431397.3812509652, 'fire_exp': 1.6097217764640912, 'P_half': 86.53955141154617, 'pre_dampen_half': 0.10067876327315038, 'gpp_af': 0.14166009966073143, 'gpp_b': 3.124191217264389e-05, 'gpp_d': 4.032342424270265, 'ign_k': 0.39325830567057685, 'ign_c': 34.654668427978336, 'trop_agb_crit': 2.834057139069998, 'trop_k_veg': 4.734208213078491}. Best is trial 1285 with value: -0.6015874360929447.
[I 2026-08-20 00:50:10,151] Trial 1564 finished with value: 0.4047434059810028 and parameters: {'k1': 0.04730961725463101, 'D_low': 606.8709849523011, 'k2': 0.0003678592563655824, 'D_high': 5347914.865628935, 'fire_exp': 1.3752162185549424, 'P_half': 86.37265954484424, 'pre_dampen_half': 3.4999130062032093, 'gpp_af': 7.758690980076935, 'gpp_b': 0.12910401349172848, 'gpp_d': 125.71004901624461, 'ign_k': 0.5072229677783757, 'ign_c': 4.9423881970730505, 'trop_agb_crit': 19.039094095201392, 'trop_k_veg': 2.787490892619283}. Best is trial 1285 with value: -0.6015874360929447.
[I 2026-08-20 00:50:11,519] Trial 1565 finished with value: 0.4128176010075528 and parameters: {'k1': 0.03226234603196157, 'D_low': 3.0629492835371033, 'k2': 0.00017966346669550878, 'D_high': 319970.27569602354, 'fire_exp': 1.9148087042437925, 'P_half': 5.353329448923303, 'pre_dampen_half': 7.00424466297931, 'gpp_af': 7.040847972772651, 'gpp_b': 0.030227800943155234, 'gpp_d': 51.6498920226871, 'ign_k': 0.2234103940649495, 'ign_c': 0.8184889188093565, 'trop_agb_crit': 17.74023450308344, 'trop_k_veg': 4.15697728304761}. Best is trial 1285 with value: -0.6015874360929447.
[I 2026-08-20 00:50:12,929] Trial 1566 finished with value: 0.4710214420679073 and parameters: {'k1': 8.069542471391708e-05, 'D_low': 13.309235094455195, 'k2': 0.0011097253690305492, 'D_high': 6672519.698810904, 'fire_exp': 1.331642376384764, 'P_half': 1.6023896801107205, 'pre_dampen_half': 56.60120029984906, 'gpp_af': 0.0616618385556523, 'gpp_b': 9.61317792598696e-05, 'gpp_d': 0.22238281088454048, 'ign_k': 6.8063957761608265, 'ign_c': 2.349809929374958, 'trop_agb_crit': 26.97083030115257, 'trop_k_veg': 0.7979201219228806}. Best is trial 1285 with value: -0.6015874360929447.
[I 2026-08-20 00:50:14,437] Trial 1567 finished with value: 0.6445374145881376 and parameters: {'k1': 0.004788328406263158, 'D_low': 40381.959864476776, 'k2': 0.0068173694275173126, 'D_high': 59.189161404459654, 'fire_exp': 1.3968441834635377, 'P_half': 660.1445714371838, 'pre_dampen_half': 421.47319761974154, 'gpp_af': 0.0024691368719076544, 'gpp_b': 0.0036090517939637913, 'gpp_d': 78.91997408741105, 'ign_k': 0.006129172033295575, 'ign_c': 0.15070602387472204, 'trop_agb_crit': 1.9894491943269328, 'trop_k_veg': 0.9583333697171583}. Best is trial 1285 with value: -0.6015874360929447.
[I 2026-08-20 00:50:15,824] Trial 1568 finished with value: 0.6445374145881376 and parameters: {'k1': 0.0444038540875676, 'D_low': 331253.38536228164, 'k2': 0.03977343475331653, 'D_high': 228963.14600101346, 'fire_exp': 6.420474733135143, 'P_half': 3113.9072037010505, 'pre_dampen_half': 0.046666822761452176, 'gpp_af': 0.0011975305854605932, 'gpp_b': 2.3446729846802152, 'gpp_d': 0.8754044906408265, 'ign_k': 0.006485532206334994, 'ign_c': 812.460327611347, 'trop_agb_crit': 2.0942023630388524, 'trop_k_veg': 0.5976529539133737}. Best is trial 1285 with value: -0.6015874360929447.
[I 2026-08-20 00:50:17,237] Trial 1569 finished with value: 0.4393925508276675 and parameters: {'k1': 0.0006443924157335251, 'D_low': 9.412524223959528, 'k2': 0.00010890049167915681, 'D_high': 1802567.642064511, 'fire_exp': 2.299584319797352, 'P_half': 1.9107063385030691, 'pre_dampen_half': 40.21597785639253, 'gpp_af': 6.377139690672818, 'gpp_b': 0.09543037797795134, 'gpp_d': 264.35722541878914, 'ign_k': 5.573512061751329, 'ign_c': 5.165534507275044, 'trop_agb_crit': 10.365779997054581, 'trop_k_veg': 1.4466503362298149}. Best is trial 1285 with value: -0.6015874360929447.
[I 2026-08-20 00:50:19,190] Trial 1570 finished with value: 0.6080936901521632 and parameters: {'k1': 0.04632486220007132, 'D_low': 18.31978796671231, 'k2': 3.894793263233952e-05, 'D_high': 5617905.29780442, 'fire_exp': 8.269409241088917, 'P_half': 45.710573868194835, 'pre_dampen_half': 42.26132431175486, 'gpp_af': 0.9007358143332586, 'gpp_b': 0.0006347254419874357, 'gpp_d': 19.046906320749365, 'ign_k': 0.4462211880512832, 'ign_c': 26.689964537974998, 'trop_agb_crit': 23.66382441741743, 'trop_k_veg': 2.0497670189271004}. Best is trial 1285 with value: -0.6015874360929447.
[I 2026-08-20 00:50:20,662] Trial 1571 finished with value: 0.506398127937897 and parameters: {'k1': 0.0012030071830938815, 'D_low': 1.035728369102516, 'k2': 0.0105220121274232, 'D_high': 63809.36305118621, 'fire_exp': 2.0135979170247453, 'P_half': 7.494635366042884, 'pre_dampen_half': 41.914946661365136, 'gpp_af': 51.993373155760565, 'gpp_b': 0.03642973671891225, 'gpp_d': 28.48126091528975, 'ign_k': 1.89022974408244, 'ign_c': 0.4097072855497215, 'trop_agb_crit': 1.1231721688484566, 'trop_k_veg': 2.405165244465405}. Best is trial 1285 with value: -0.6015874360929447.
[I 2026-08-20 00:50:22,035] Trial 1572 finished with value: 0.44401964686969486 and parameters: {'k1': 0.006116288208640378, 'D_low': 2.489639769529445, 'k2': 1.358877744959481e-05, 'D_high': 2139562.26017021, 'fire_exp': 4.094919302817332, 'P_half': 2.0618379530953517, 'pre_dampen_half': 19.888229380369218, 'gpp_af': 35.657552060375394, 'gpp_b': 1.7453226252827543e-05, 'gpp_d': 931.6589016829948, 'ign_k': 0.3032816660097909, 'ign_c': 5.820205581664725, 'trop_agb_crit': 21.304584488451972, 'trop_k_veg': 1.1801962038989156}. Best is trial 1285 with value: -0.6015874360929447.
[I 2026-08-20 00:50:23,435] Trial 1573 finished with value: -0.5490346388128536 and parameters: {'k1': 0.0036757087847498174, 'D_low': 1.9600322274995372, 'k2': 8.932863960933854e-05, 'D_high': 255893.56360743308, 'fire_exp': 2.1917985840445793, 'P_half': 14.844115507720346, 'pre_dampen_half': 2.306515743880016, 'gpp_af': 1.8862772507334273, 'gpp_b': 0.05276011664207123, 'gpp_d': 221.1514331201259, 'ign_k': 4.0814521857043555, 'ign_c': 1.2724174806688975, 'trop_agb_crit': 1.7337897802282856, 'trop_k_veg': 1.0446236698000035}. Best is trial 1285 with value: -0.6015874360929447.
[I 2026-08-20 00:50:24,882] Trial 1574 finished with value: 0.6445374145881376 and parameters: {'k1': 0.0005758961842501063, 'D_low': 1.571270837787206, 'k2': 0.0025524953341338457, 'D_high': 6001422.330898905, 'fire_exp': 5.069585993135199, 'P_half': 7.310068995727731, 'pre_dampen_half': 14.59118094816419, 'gpp_af': 6.408075761325581, 'gpp_b': 0.0002665819874564718, 'gpp_d': 158.16330369147065, 'ign_k': 2.9901174897340317, 'ign_c': 187.86381220834033, 'trop_agb_crit': 3.5722468128324594, 'trop_k_veg': 2.0826174739019825}. Best is trial 1285 with value: -0.6015874360929447.
[I 2026-08-20 00:50:26,331] Trial 1575 finished with value: 0.5486929265230698 and parameters: {'k1': 0.007245278048938557, 'D_low': 7.591853402313079, 'k2': 0.00033081658095138525, 'D_high': 158796.415857598, 'fire_exp': 5.814995033768384, 'P_half': 180.78788119584925, 'pre_dampen_half': 2.0742387407068716, 'gpp_af': 29.590277865061516, 'gpp_b': 4.9351132786458494e-05, 'gpp_d': 579.6584746639429, 'ign_k': 4.013990332956414, 'ign_c': 6.336289461803336, 'trop_agb_crit': 9.244571915187743, 'trop_k_veg': 2.197605422338639}. Best is trial 1285 with value: -0.6015874360929447.
