[I 2026-08-20 01:08:31,001] Trial 2279 finished with value: 0.5704676414862666 and parameters: {'k1': 0.09031258797369864, 'D_low': 3.8413699951655, 'k2': 6.767894778387673e-05, 'D_high': 7970898.924987518, 'fire_exp': 9.217124967674309, 'P_half': 133.10304805181525, 'pre_dampen_half': 76.74920452331047, 'gpp_af': 6.1916355617341585, 'gpp_b': 0.000275889208594349, 'gpp_d': 661.5753242329871, 'ign_k': 0.10375366825392458, 'ign_c': 5.647985368410317, 'trop_agb_crit': 29.40932294255172, 'trop_k_veg': 0.8018317025678622}. Best is trial 1285 with value: -0.6015874360929447.
[I 2026-08-20 01:08:32,436] Trial 2280 finished with value: 0.6116780297953641 and parameters: {'k1': 0.012411922989515402, 'D_low': 5491.651369327456, 'k2': 0.00019633542022728188, 'D_high': 43011.8886608921, 'fire_exp': 4.417621572122625, 'P_half': 26.470136584313863, 'pre_dampen_half': 94.85566148441487, 'gpp_af': 0.4756547403263264, 'gpp_b': 0.7257182194206752, 'gpp_d': 489.7979177307548, 'ign_k': 1.5620785833624602, 'ign_c': 7.913843078747373, 'trop_agb_crit': 20.87752201668305, 'trop_k_veg': 4.648315340878766}. Best is trial 1285 with value: -0.6015874360929447.
[I 2026-08-20 01:08:33,901] Trial 2281 finished with value: 0.44621392884382927 and parameters: {'k1': 0.06604220395409974, 'D_low': 578.452369689225, 'k2': 0.000134154096848088, 'D_high': 88947.37154026535, 'fire_exp': 2.326787138182009, 'P_half': 4.817236304634142, 'pre_dampen_half': 14.596891931152257, 'gpp_af': 93.4308117553525, 'gpp_b': 0.23084535312479476, 'gpp_d': 526.9328485579834, 'ign_k': 1.3383050282639426, 'ign_c': 0.1388736823055637, 'trop_agb_crit': 9.3354270505502, 'trop_k_veg': 1.6268367466350389}. Best is trial 1285 with value: -0.6015874360929447.
[I 2026-08-20 01:08:35,316] Trial 2282 finished with value: 0.6445374145881376 and parameters: {'k1': 0.023206804623643367, 'D_low': 19212.059951900428, 'k2': 0.03705076870842646, 'D_high': 4426.769542665971, 'fire_exp': 4.517457055224997, 'P_half': 96.4955357424167, 'pre_dampen_half': 10.570189145431648, 'gpp_af': 2.770702929518464, 'gpp_b': 1.1945558017392488e-05, 'gpp_d': 0.07245940275557212, 'ign_k': 0.0064943825106667545, 'ign_c': 1.7047506867995739, 'trop_agb_crit': 1.6887419698774628, 'trop_k_veg': 2.383610962266752}. Best is trial 1285 with value: -0.6015874360929447.
[I 2026-08-20 01:08:36,683] Trial 2283 finished with value: 0.406757769406074 and parameters: {'k1': 0.00171344105335532, 'D_low': 102.03319678624312, 'k2': 5.973987321597466e-05, 'D_high': 4883259.87879482, 'fire_exp': 1.3254131296027425, 'P_half': 871.2882459698076, 'pre_dampen_half': 53.91594746757777, 'gpp_af': 0.7647932941412561, 'gpp_b': 1.8510277375427284e-05, 'gpp_d': 125.35951423297928, 'ign_k': 0.2865221462063486, 'ign_c': 0.3305278942328733, 'trop_agb_crit': 13.9081498626651, 'trop_k_veg': 3.2965824214873343}. Best is trial 1285 with value: -0.6015874360929447.
[I 2026-08-20 01:08:38,531] Trial 2284 finished with value: 0.6439462995818771 and parameters: {'k1': 0.009424821201321943, 'D_low': 2.9923631112104796, 'k2': 1.2096243429779324e-05, 'D_high': 1189294.6029672301, 'fire_exp': 5.895200714490778, 'P_half': 47.7079088492702, 'pre_dampen_half': 8.983479118153948, 'gpp_af': 4.083396431384195, 'gpp_b': 0.0001803873702908628, 'gpp_d': 785.8602905180852, 'ign_k': 0.042766738723204675, 'ign_c': 81.10778921481193, 'trop_agb_crit': 29.703229051273595, 'trop_k_veg': 1.916182491074723}. Best is trial 1285 with value: -0.6015874360929447.
[I 2026-08-20 01:08:39,902] Trial 2285 finished with value: 0.6445374145881376 and parameters: {'k1': 0.08928716600324398, 'D_low': 41673.779503622056, 'k2': 0.001167849690820447, 'D_high': 5543725.222907774, 'fire_exp': 6.255325155693744, 'P_half': 1531.176115782364, 'pre_dampen_half': 0.017412721694542947, 'gpp_af': 2.764757417114647, 'gpp_b': 0.013964630301533427, 'gpp_d': 0.5244599396547812, 'ign_k': 0.6266581230616401, 'ign_c': 980.1567649975613, 'trop_agb_crit': 3.005406557402748, 'trop_k_veg': 6.428041995445328}. Best is trial 1285 with value: -0.6015874360929447.
[I 2026-08-20 01:08:41,342] Trial 2286 finished with value: 0.6445374145881376 and parameters: {'k1': 0.0038304855353136218, 'D_low': 99.7940831000634, 'k2': 0.02504989881371496, 'D_high': 54.65397043438796, 'fire_exp': 6.1992924426249365, 'P_half': 3556.5555745975853, 'pre_dampen_half': 0.6998728437756775, 'gpp_af': 0.40703361796501436, 'gpp_b': 6.0832559558246116e-05, 'gpp_d': 4.19104834708079, 'ign_k': 0.009803841432386103, 'ign_c': 99.10450626888166, 'trop_agb_crit': 1.1965190523493208, 'trop_k_veg': 1.4112590645213057}. Best is trial 1285 with value: -0.6015874360929447.
[I 2026-08-20 01:08:42,741] Trial 2287 finished with value: 0.6288449353598999 and parameters: {'k1': 0.0005979534406317975, 'D_low': 7918.629896420589, 'k2': 0.0005207441149118127, 'D_high': 5726633.982417163, 'fire_exp': 1.3881925161044246, 'P_half': 2.045836100825455, 'pre_dampen_half': 0.3602618310156387, 'gpp_af': 56.02105699179111, 'gpp_b': 0.12822317581460219, 'gpp_d': 0.5290693835720899, 'ign_k': 0.006523911686163497, 'ign_c': 2.39858033084957, 'trop_agb_crit': 14.730227346755347, 'trop_k_veg': 0.9640749185741792}. Best is trial 1285 with value: -0.6015874360929447.
[I 2026-08-20 01:08:44,136] Trial 2288 finished with value: 0.6308038866832589 and parameters: {'k1': 0.07418819897082632, 'D_low': 80.77549859644837, 'k2': 0.09820747763131989, 'D_high': 3800103.9130636705, 'fire_exp': 2.4244399124389107, 'P_half': 11.691064302532496, 'pre_dampen_half': 107.64176143957457, 'gpp_af': 0.011884057650960613, 'gpp_b': 0.6023952455274304, 'gpp_d': 524.771046526701, 'ign_k': 0.003372799803089904, 'ign_c': 221.81780651665125, 'trop_agb_crit': 2.5555130950963836, 'trop_k_veg': 1.2531038540130004}. Best is trial 1285 with value: -0.6015874360929447.
[I 2026-08-20 01:08:45,587] Trial 2289 finished with value: 0.6443932331547642 and parameters: {'k1': 0.0002145213865160039, 'D_low': 2884.82977707042, 'k2': 0.023043259977038846, 'D_high': 112.44048573654729, 'fire_exp': 1.5860008890280461, 'P_half': 3764.8381708107822, 'pre_dampen_half': 334.24472695598183, 'gpp_af': 0.006275887740578115, 'gpp_b': 8.207662918986501e-05, 'gpp_d': 0.017176504125529166, 'ign_k': 0.20481318526771236, 'ign_c': 58.53749971967393, 'trop_agb_crit': 28.46432196071729, 'trop_k_veg': 1.9799670987290376}. Best is trial 1285 with value: -0.6015874360929447.
[I 2026-08-20 01:08:47,047] Trial 2290 finished with value: 0.6445374145881376 and parameters: {'k1': 0.049044004488466, 'D_low': 14.604182256921852, 'k2': 6.147006833778695e-05, 'D_high': 466353.3908151262, 'fire_exp': 1.980756044011109, 'P_half': 10.335372297855248, 'pre_dampen_half': 1.563766433560059, 'gpp_af': 38.95859700838961, 'gpp_b': 0.01704285184777998, 'gpp_d': 436.14126970533664, 'ign_k': 0.5152993454720325, 'ign_c': 54.191377101160874, 'trop_agb_crit': 17.45760046786784, 'trop_k_veg': 3.0859420033142104}. Best is trial 1285 with value: -0.6015874360929447.
[I 2026-08-20 01:08:48,471] Trial 2291 finished with value: 0.620754108512549 and parameters: {'k1': 0.04552883059833811, 'D_low': 21833.195964816066, 'k2': 0.0002836809564382796, 'D_high': 19314.34197535699, 'fire_exp': 1.9975450071937713, 'P_half': 92.10162306815548, 'pre_dampen_half': 59.004891024491194, 'gpp_af': 0.014925864650981757, 'gpp_b': 0.051514980444218136, 'gpp_d': 0.06186183681236006, 'ign_k': 4.6563541674548095, 'ign_c': 7.159381417907046, 'trop_agb_crit': 8.100796530622025, 'trop_k_veg': 1.1129632438901067}. Best is trial 1285 with value: -0.6015874360929447.
[I 2026-08-20 01:08:49,881] Trial 2292 finished with value: 0.562318390117821 and parameters: {'k1': 0.0016990442412419318, 'D_low': 55378.42759970682, 'k2': 4.439141043336657e-05, 'D_high': 4940881.673815953, 'fire_exp': 2.2209521743025644, 'P_half': 274.80988250994244, 'pre_dampen_half': 39.26516669736106, 'gpp_af': 1.3325276051112205, 'gpp_b': 1.510029095935124e-05, 'gpp_d': 92.19270298487469, 'ign_k': 0.08180871901368894, 'ign_c': 0.8100704007748806, 'trop_agb_crit': 28.024937969120742, 'trop_k_veg': 6.361749265141203}. Best is trial 1285 with value: -0.6015874360929447.
[I 2026-08-20 01:08:51,296] Trial 2293 finished with value: 0.4489675117191433 and parameters: {'k1': 0.0014528867400869954, 'D_low': 6.016327103648553, 'k2': 0.00044401897577921894, 'D_high': 530120.8194117177, 'fire_exp': 8.15800150910542, 'P_half': 16.18782685429177, 'pre_dampen_half': 85.92715619317349, 'gpp_af': 0.6881352908304468, 'gpp_b': 1.6240784846234153e-05, 'gpp_d': 4.641856560318554, 'ign_k': 2.343835292391601, 'ign_c': 14.930294071468285, 'trop_agb_crit': 7.004133635359365, 'trop_k_veg': 1.9836586780668253}. Best is trial 1285 with value: -0.6015874360929447.
[I 2026-08-20 01:08:52,686] Trial 2294 finished with value: 0.5439724913443019 and parameters: {'k1': 0.018188752288063128, 'D_low': 5.452848876217865, 'k2': 2.9995427218722574e-05, 'D_high': 2031960.5374338736, 'fire_exp': 2.8621331365397915, 'P_half': 13.725213911989485, 'pre_dampen_half': 1.6414859880993484, 'gpp_af': 3.9416019352481095, 'gpp_b': 0.13189898427013969, 'gpp_d': 48.94785940527256, 'ign_k': 0.10903995945316214, 'ign_c': 13.156347970996421, 'trop_agb_crit': 8.513459171548693, 'trop_k_veg': 0.7965625979537299}. Best is trial 1285 with value: -0.6015874360929447.
[I 2026-08-20 01:08:54,109] Trial 2295 finished with value: 0.6445374145881376 and parameters: {'k1': 0.0019445793905197332, 'D_low': 334095.8526305032, 'k2': 0.0003467681133544124, 'D_high': 113.80410638740484, 'fire_exp': 3.413631039526999, 'P_half': 58.22208414751306, 'pre_dampen_half': 0.021180955932286714, 'gpp_af': 36.7265361082283, 'gpp_b': 3.07598532309431e-05, 'gpp_d': 45.09841802382847, 'ign_k': 0.0649237955964077, 'ign_c': 21.465192080980785, 'trop_agb_crit': 5.876674489018815, 'trop_k_veg': 1.2052857361261298}. Best is trial 1285 with value: -0.6015874360929447.
[I 2026-08-20 01:08:55,506] Trial 2296 finished with value: 0.45950545396579356 and parameters: {'k1': 0.07383257135339882, 'D_low': 214.76767560099435, 'k2': 0.00024777983482092815, 'D_high': 430426.9229365616, 'fire_exp': 1.806641884502698, 'P_half': 21.768053491135905, 'pre_dampen_half': 0.4343923111510168, 'gpp_af': 11.603901388055384, 'gpp_b': 0.0024052701043343443, 'gpp_d': 29.28485391151848, 'ign_k': 0.3164068168428062, 'ign_c': 8.351092433567713, 'trop_agb_crit': 11.167679393126116, 'trop_k_veg': 1.4905284033528348}. Best is trial 1285 with value: -0.6015874360929447.
[I 2026-08-20 01:08:56,922] Trial 2297 finished with value: 0.6445374145881376 and parameters: {'k1': 0.0005842997922643527, 'D_low': 64.7720100019357, 'k2': 0.00022996531805587723, 'D_high': 3776560.1181868427, 'fire_exp': 9.485460217355175, 'P_half': 4.028820817132772, 'pre_dampen_half': 0.017187202556118834, 'gpp_af': 0.01675513568905118, 'gpp_b': 0.04826180029626834, 'gpp_d': 0.06321406540361381, 'ign_k': 0.07968492758835996, 'ign_c': 502.1190831642218, 'trop_agb_crit': 5.942652101451962, 'trop_k_veg': 1.2823431126536486}. Best is trial 1285 with value: -0.6015874360929447.
[I 2026-08-20 01:08:58,343] Trial 2298 finished with value: 0.6445374145881376 and parameters: {'k1': 0.0039868504351352595, 'D_low': 15.84949025937401, 'k2': 0.0007115431683173542, 'D_high': 21153.729583666638, 'fire_exp': 1.2214730314998135, 'P_half': 9447.238720019017, 'pre_dampen_half': 147.20295772330178, 'gpp_af': 0.03421925842552116, 'gpp_b': 6.111180286340834, 'gpp_d': 0.19494051823302574, 'ign_k': 2.5671839027132255, 'ign_c': 89.60437597180338, 'trop_agb_crit': 1.4600452958818768, 'trop_k_veg': 1.8183423622092685}. Best is trial 1285 with value: -0.6015874360929447.
[I 2026-08-20 01:09:00,246] Trial 2299 finished with value: 0.5497670394171252 and parameters: {'k1': 0.04570549718177217, 'D_low': 5.819171916377489, 'k2': 0.002030238518423562, 'D_high': 1541313.518480639, 'fire_exp': 2.1326301316969585, 'P_half': 72.1711677270891, 'pre_dampen_half': 1.5907374241667953, 'gpp_af': 12.573859802419083, 'gpp_b': 0.03116892323752999, 'gpp_d': 25.404188509607398, 'ign_k': 0.02690559385828291, 'ign_c': 5.97145863443244, 'trop_agb_crit': 5.468389847627427, 'trop_k_veg': 2.919009376671901}. Best is trial 1285 with value: -0.6015874360929447.
[I 2026-08-20 01:09:01,656] Trial 2300 finished with value: 0.6434425842331266 and parameters: {'k1': 0.0378146139926468, 'D_low': 1524.4808475459156, 'k2': 0.00011867480868832688, 'D_high': 163.4819382089908, 'fire_exp': 1.8057353607632, 'P_half': 1046.1375728601183, 'pre_dampen_half': 0.8310765901012426, 'gpp_af': 16.645528908049485, 'gpp_b': 0.014832055810423213, 'gpp_d': 0.07132958677026338, 'ign_k': 0.0026073243237847298, 'ign_c': 1.3487861532679146, 'trop_agb_crit': 1.3497047340856891, 'trop_k_veg': 2.4018241404467986}. Best is trial 1285 with value: -0.6015874360929447.
[I 2026-08-20 01:09:03,050] Trial 2301 finished with value: 0.5184902279848612 and parameters: {'k1': 0.09045862229121213, 'D_low': 45.64616478635743, 'k2': 6.87899701582171e-05, 'D_high': 2501924.7505787336, 'fire_exp': 1.602496174959822, 'P_half': 185.49620617294482, 'pre_dampen_half': 3.050222558824767, 'gpp_af': 16.539363667054165, 'gpp_b': 0.03776444117709491, 'gpp_d': 241.74595678748258, 'ign_k': 0.04282064595600591, 'ign_c': 19.79566880922256, 'trop_agb_crit': 16.8162435644666, 'trop_k_veg': 3.3720781554549357}. Best is trial 1285 with value: -0.6015874360929447.
[I 2026-08-20 01:09:04,510] Trial 2302 finished with value: 0.6445374145881376 and parameters: {'k1': 6.714770156607776e-05, 'D_low': 176135.59012239697, 'k2': 0.001957419765307458, 'D_high': 852.3098637227421, 'fire_exp': 1.1770373307203503, 'P_half': 5.941541806693135, 'pre_dampen_half': 0.10181007734898453, 'gpp_af': 0.0011485232115805843, 'gpp_b': 0.023701943063160664, 'gpp_d': 0.2162507798615798, 'ign_k': 9.1633428626254, 'ign_c': 13.581521848601792, 'trop_agb_crit': 9.662836629048012, 'trop_k_veg': 0.6936029659393084}. Best is trial 1285 with value: -0.6015874360929447.
[I 2026-08-20 01:09:05,956] Trial 2303 finished with value: 0.6446823852418582 and parameters: {'k1': 0.021084083973279325, 'D_low': 1.7030374278088134, 'k2': 9.21708168226103e-05, 'D_high': 189579.25663536787, 'fire_exp': 6.0154785085718, 'P_half': 5612.016385248577, 'pre_dampen_half': 0.03567245434045719, 'gpp_af': 30.68646426121053, 'gpp_b': 0.012713975140155027, 'gpp_d': 33.80155311013218, 'ign_k': 0.023216746114469472, 'ign_c': 22.936562779528753, 'trop_agb_crit': 10.324176864404714, 'trop_k_veg': 7.847168833439157}. Best is trial 1285 with value: -0.6015874360929447.
[I 2026-08-20 01:09:07,367] Trial 2304 finished with value: 0.5113966874317917 and parameters: {'k1': 0.0053673222812883606, 'D_low': 459.9005007488099, 'k2': 2.2621898047889876e-05, 'D_high': 31524.961220161775, 'fire_exp': 1.643201771838082, 'P_half': 46.03818173346439, 'pre_dampen_half': 55.92357750835432, 'gpp_af': 6.554562031158758, 'gpp_b': 1.8099643984736358, 'gpp_d': 146.4521997171294, 'ign_k': 5.674841207593908, 'ign_c': 3.3343411677288075, 'trop_agb_crit': 14.8945431091999, 'trop_k_veg': 1.6644350454895345}. Best is trial 1285 with value: -0.6015874360929447.
[I 2026-08-20 01:09:08,762] Trial 2305 finished with value: 0.6445374145881376 and parameters: {'k1': 0.0007823672931085916, 'D_low': 576150.5148741197, 'k2': 0.0010901715454020092, 'D_high': 19.471677982775486, 'fire_exp': 3.449858618647444, 'P_half': 24.138698560907883, 'pre_dampen_half': 10.769362790051051, 'gpp_af': 0.053086434633085856, 'gpp_b': 0.22431723253255476, 'gpp_d': 0.15415621629255763, 'ign_k': 1.2843271442657869, 'ign_c': 476.3275196723303, 'trop_agb_crit': 1.445652353779627, 'trop_k_veg': 1.271086747811941}. Best is trial 1285 with value: -0.6015874360929447.
[I 2026-08-20 01:09:10,192] Trial 2306 finished with value: 0.6445374145881376 and parameters: {'k1': 0.0008170044557363631, 'D_low': 6.021539103310605, 'k2': 0.00039094365956314617, 'D_high': 8679199.634951513, 'fire_exp': 4.387892711593803, 'P_half': 9.143701031125847, 'pre_dampen_half': 11.08189262827792, 'gpp_af': 4.272891831239982, 'gpp_b': 0.11609676756692998, 'gpp_d': 652.2340404266793, 'ign_k': 7.823447059892149, 'ign_c': 95.18522267321488, 'trop_agb_crit': 5.424212638435045, 'trop_k_veg': 1.1428719530359563}. Best is trial 1285 with value: -0.6015874360929447.
[I 2026-08-20 01:09:11,587] Trial 2307 finished with value: 0.4547161157016488 and parameters: {'k1': 0.014244180777346654, 'D_low': 240.59199792011017, 'k2': 0.000843225317332404, 'D_high': 1027263.2091203654, 'fire_exp': 2.6500147224456803, 'P_half': 38.62961334477231, 'pre_dampen_half': 1.229591916625454, 'gpp_af': 15.448108270254352, 'gpp_b': 0.07366906639996301, 'gpp_d': 629.5908354084045, 'ign_k': 0.16678949741717652, 'ign_c': 0.5108159941144341, 'trop_agb_crit': 5.216406178412121, 'trop_k_veg': 6.207700672835509}. Best is trial 1285 with value: -0.6015874360929447.
[I 2026-08-20 01:09:12,984] Trial 2308 finished with value: 0.5845358611315771 and parameters: {'k1': 0.032974518052361255, 'D_low': 124.35696806232384, 'k2': 0.00037147149832551535, 'D_high': 2319576.349455048, 'fire_exp': 1.6588554286750494, 'P_half': 296.397148148038, 'pre_dampen_half': 38.009410414960236, 'gpp_af': 0.6189963585092486, 'gpp_b': 1.7099504347009564, 'gpp_d': 137.4989455641958, 'ign_k': 0.26124321713432613, 'ign_c': 6.741286605377419, 'trop_agb_crit': 27.624940346085097, 'trop_k_veg': 1.8685438148689542}. Best is trial 1285 with value: -0.6015874360929447.
[I 2026-08-20 01:09:14,355] Trial 2309 finished with value: 0.5388996687276173 and parameters: {'k1': 0.009820918747017678, 'D_low': 1.085629966846792, 'k2': 0.00011715382418489436, 'D_high': 832518.5573490724, 'fire_exp': 3.7838436488028386, 'P_half': 10.469102066364794, 'pre_dampen_half': 0.046033589734133594, 'gpp_af': 12.665449192081438, 'gpp_b': 0.012773401058980404, 'gpp_d': 146.30464334881387, 'ign_k': 0.2299385212011941, 'ign_c': 9.16400569072371, 'trop_agb_crit': 14.801867393377044, 'trop_k_veg': 2.1139703759070416}. Best is trial 1285 with value: -0.6015874360929447.
[I 2026-08-20 01:09:15,752] Trial 2310 finished with value: 0.6445374145881376 and parameters: {'k1': 0.0012470516679673437, 'D_low': 432046.51364206243, 'k2': 1.0722472520768242e-05, 'D_high': 20770.72171333198, 'fire_exp': 6.785866832856555, 'P_half': 4903.404018017901, 'pre_dampen_half': 7.337393884649311, 'gpp_af': 0.6959302250066938, 'gpp_b': 0.007788869490221389, 'gpp_d': 0.036657303835256845, 'ign_k': 0.008990640426240976, 'ign_c': 752.6439030040277, 'trop_agb_crit': 18.481312415342217, 'trop_k_veg': 1.1312204431832051}. Best is trial 1285 with value: -0.6015874360929447.
[I 2026-08-20 01:09:17,173] Trial 2311 finished with value: 0.48380496105382553 and parameters: {'k1': 0.02170782820165952, 'D_low': 277.8018647554976, 'k2': 2.0232734981750874e-05, 'D_high': 6094061.1749892505, 'fire_exp': 8.685186970558803, 'P_half': 3.2163177796793554, 'pre_dampen_half': 2.897344460276619, 'gpp_af': 8.051084496905508, 'gpp_b': 0.00014573846730345886, 'gpp_d': 41.50132459698736, 'ign_k': 3.3752363119590796, 'ign_c': 20.44277328611643, 'trop_agb_crit': 27.934694309524023, 'trop_k_veg': 2.116236423080315}. Best is trial 1285 with value: -0.6015874360929447.
[I 2026-08-20 01:09:18,602] Trial 2312 finished with value: 0.6445374145881376 and parameters: {'k1': 0.00018419767599502833, 'D_low': 6.962408252441213, 'k2': 1.190386021098976e-05, 'D_high': 93.06564999930359, 'fire_exp': 9.431849441327985, 'P_half': 6.998459013090422, 'pre_dampen_half': 10.543183391087759, 'gpp_af': 13.31506231489039, 'gpp_b': 0.0001150653437680108, 'gpp_d': 772.6264140685751, 'ign_k': 0.16970934719064554, 'ign_c': 624.0144355488555, 'trop_agb_crit': 4.891878137012985, 'trop_k_veg': 1.4893189819166828}. Best is trial 1285 with value: -0.6015874360929447.
[I 2026-08-20 01:09:19,972] Trial 2313 finished with value: 0.5740475059795399 and parameters: {'k1': 0.0973961001379227, 'D_low': 7.651300340661953, 'k2': 0.0003452777732708114, 'D_high': 93478.43330827351, 'fire_exp': 2.7654408041518237, 'P_half': 6.832979144323833, 'pre_dampen_half': 4.1932374215633965, 'gpp_af': 3.0842992970992595, 'gpp_b': 0.00804356135120103, 'gpp_d': 18.92515010071753, 'ign_k': 0.04776577602921285, 'ign_c': 29.904007122823085, 'trop_agb_crit': 24.362314291245408, 'trop_k_veg': 4.220726786497626}. Best is trial 1285 with value: -0.6015874360929447.
[I 2026-08-20 01:09:21,846] Trial 2314 finished with value: 0.587007522776952 and parameters: {'k1': 0.050908617193649655, 'D_low': 336.4883600028384, 'k2': 0.0010448834888961839, 'D_high': 18158.68672551592, 'fire_exp': 1.4862039113545793, 'P_half': 11.093579249386774, 'pre_dampen_half': 9.795074512662381, 'gpp_af': 0.8096389665464057, 'gpp_b': 2.229766819839799, 'gpp_d': 523.9792537039756, 'ign_k': 0.20988483902012448, 'ign_c': 6.363731672612508, 'trop_agb_crit': 6.308375900921888, 'trop_k_veg': 3.0473887030760713}. Best is trial 1285 with value: -0.6015874360929447.
[I 2026-08-20 01:09:23,303] Trial 2315 finished with value: 0.6445374145881376 and parameters: {'k1': 0.0002321015606361742, 'D_low': 965057.002168904, 'k2': 0.0007937961988926358, 'D_high': 1491694.6963137093, 'fire_exp': 9.57074387170388, 'P_half': 440.67896010976204, 'pre_dampen_half': 0.039736390102496716, 'gpp_af': 4.684931340510186, 'gpp_b': 0.04807463255917265, 'gpp_d': 12.395149225935782, 'ign_k': 0.3285163912608962, 'ign_c': 0.39234331323115895, 'trop_agb_crit': 17.468049101935325, 'trop_k_veg': 7.815894809253565}. Best is trial 1285 with value: -0.6015874360929447.
