[I 2026-08-20 01:12:06,044] Trial 2427 finished with value: -0.5793293824038803 and parameters: {'k1': 0.0004123740124649728, 'D_low': 1.0139119414776605, 'k2': 0.0023069320358949656, 'D_high': 5813333.1309110075, 'fire_exp': 6.8923187723401025, 'P_half': 1.2859338147586428, 'pre_dampen_half': 135.79100326136572, 'gpp_af': 0.32208590742070203, 'gpp_b': 0.00536919967804279, 'gpp_d': 255.86412381082687, 'ign_k': 1.3970449482118048, 'ign_c': 11.448112665169328, 'trop_agb_crit': 3.8186017852469516, 'trop_k_veg': 2.6343669734801702}. Best is trial 1285 with value: -0.6015874360929447.
[I 2026-08-20 01:12:07,595] Trial 2428 finished with value: 0.6445374145881376 and parameters: {'k1': 1.0166825783863821e-05, 'D_low': 2273.4082386032196, 'k2': 0.00034352721462804455, 'D_high': 12.9707196884996, 'fire_exp': 9.681002967274852, 'P_half': 2.4668419515474698, 'pre_dampen_half': 0.02229381551457237, 'gpp_af': 64.44944678656448, 'gpp_b': 3.64163072621128, 'gpp_d': 440.72766361482735, 'ign_k': 0.09430825459769537, 'ign_c': 18.593005621658147, 'trop_agb_crit': 6.017539719058648, 'trop_k_veg': 1.5065339990649582}. Best is trial 1285 with value: -0.6015874360929447.
[I 2026-08-20 01:12:09,014] Trial 2429 finished with value: 0.5003872091243877 and parameters: {'k1': 0.002091858439211449, 'D_low': 11.365157876177335, 'k2': 5.9782947337780065e-05, 'D_high': 1554027.1170666793, 'fire_exp': 2.189797374852242, 'P_half': 8.780362926868303, 'pre_dampen_half': 14.928231678018632, 'gpp_af': 0.13326856083469102, 'gpp_b': 0.10565655269981948, 'gpp_d': 996.9174203390824, 'ign_k': 6.33921180331313, 'ign_c': 4.092002314624757, 'trop_agb_crit': 10.743893580125718, 'trop_k_veg': 3.8728861406087796}. Best is trial 1285 with value: -0.6015874360929447.
[I 2026-08-20 01:12:10,418] Trial 2430 finished with value: 0.5496394290472959 and parameters: {'k1': 1.0049111456690238e-05, 'D_low': 161.5975382051645, 'k2': 5.622465651751926e-05, 'D_high': 3016801.2858373555, 'fire_exp': 3.5637106018272418, 'P_half': 5.609131781095043, 'pre_dampen_half': 0.42641231120975565, 'gpp_af': 1.0516340245648066, 'gpp_b': 0.00017138961477345755, 'gpp_d': 2.0338455238995334, 'ign_k': 0.21517315270949494, 'ign_c': 0.9544708039568356, 'trop_agb_crit': 29.388726507880165, 'trop_k_veg': 3.805854658151283}. Best is trial 1285 with value: -0.6015874360929447.
[I 2026-08-20 01:12:12,458] Trial 2431 finished with value: 0.6445374145881376 and parameters: {'k1': 0.00037574476302035037, 'D_low': 8.169469127264374, 'k2': 2.4119652326574424e-05, 'D_high': 16694.04694447415, 'fire_exp': 1.3597877267583542, 'P_half': 401.77502935650585, 'pre_dampen_half': 1.8225897568898273, 'gpp_af': 0.007240344969445134, 'gpp_b': 0.16114493928977586, 'gpp_d': 0.40413878492748595, 'ign_k': 0.026743537534759172, 'ign_c': 829.0913054181626, 'trop_agb_crit': 3.483125091021615, 'trop_k_veg': 1.6452130812256731}. Best is trial 1285 with value: -0.6015874360929447.
[I 2026-08-20 01:12:13,911] Trial 2432 finished with value: 0.621517519775721 and parameters: {'k1': 0.00012676126653685018, 'D_low': 8.439223496704054, 'k2': 0.0003043230563877635, 'D_high': 5256907.374073551, 'fire_exp': 2.8401184993543978, 'P_half': 1.7181936006085812, 'pre_dampen_half': 102.28577728320961, 'gpp_af': 0.008890824829140146, 'gpp_b': 0.19825827496228535, 'gpp_d': 0.01940833387378395, 'ign_k': 0.012976508374232067, 'ign_c': 4.192908165586586, 'trop_agb_crit': 1.7167611829966358, 'trop_k_veg': 0.8099086918669233}. Best is trial 1285 with value: -0.6015874360929447.
[I 2026-08-20 01:12:15,322] Trial 2433 finished with value: 0.4543768734148953 and parameters: {'k1': 0.02655983602107332, 'D_low': 991.2100643722807, 'k2': 2.4835857800941646e-05, 'D_high': 9879299.733120168, 'fire_exp': 1.8170164258726658, 'P_half': 37.78599001164241, 'pre_dampen_half': 275.05320503661454, 'gpp_af': 8.674696614002004, 'gpp_b': 0.4036118964498129, 'gpp_d': 362.9224107228471, 'ign_k': 0.4309327762624775, 'ign_c': 7.374183631617933, 'trop_agb_crit': 16.618735108980623, 'trop_k_veg': 0.8508230556163633}. Best is trial 1285 with value: -0.6015874360929447.
[I 2026-08-20 01:12:16,918] Trial 2434 finished with value: 0.6445374145881376 and parameters: {'k1': 5.619796919691995e-05, 'D_low': 14.61337813687212, 'k2': 0.00039153082626159816, 'D_high': 8267.807673097477, 'fire_exp': 8.048749223181174, 'P_half': 6299.323605653814, 'pre_dampen_half': 0.1387088896358314, 'gpp_af': 0.18519562680923957, 'gpp_b': 0.0004073175366370933, 'gpp_d': 103.75467630137994, 'ign_k': 0.0555263808285366, 'ign_c': 3.1691442533442675, 'trop_agb_crit': 10.728192810234937, 'trop_k_veg': 0.5132896009226396}. Best is trial 1285 with value: -0.6015874360929447.
[I 2026-08-20 01:12:18,566] Trial 2435 finished with value: 0.6262756063168741 and parameters: {'k1': 2.0216435480478864e-05, 'D_low': 3.058932345647893, 'k2': 3.0866862312420103e-05, 'D_high': 156.58944543015681, 'fire_exp': 2.0675536435604274, 'P_half': 34.39413194839947, 'pre_dampen_half': 4.110147536696532, 'gpp_af': 16.85600952722902, 'gpp_b': 2.175678050177002e-05, 'gpp_d': 0.6555666191052647, 'ign_k': 0.0034453695773808213, 'ign_c': 0.4084821727186193, 'trop_agb_crit': 1.2429246232395654, 'trop_k_veg': 2.033893113710699}. Best is trial 1285 with value: -0.6015874360929447.
[I 2026-08-20 01:12:20,205] Trial 2436 finished with value: 0.6442903276019187 and parameters: {'k1': 0.006301071641397328, 'D_low': 51.47786156670634, 'k2': 0.00020731425215257681, 'D_high': 342.85846349277153, 'fire_exp': 4.191552114151528, 'P_half': 6639.940551396096, 'pre_dampen_half': 83.34420273733566, 'gpp_af': 55.4512469135307, 'gpp_b': 3.805724317974484, 'gpp_d': 14.691584216063184, 'ign_k': 4.719592744080894, 'ign_c': 0.5326672702300027, 'trop_agb_crit': 2.758953752028708, 'trop_k_veg': 3.104471463955995}. Best is trial 1285 with value: -0.6015874360929447.
[I 2026-08-20 01:12:21,609] Trial 2437 finished with value: 0.45479591914169715 and parameters: {'k1': 0.011444856773475783, 'D_low': 1.782916835993501, 'k2': 2.3418546737322603e-05, 'D_high': 706644.9075004547, 'fire_exp': 4.353232797302477, 'P_half': 14.104763401396836, 'pre_dampen_half': 226.62414270654236, 'gpp_af': 65.23758005926852, 'gpp_b': 0.00032669479086978897, 'gpp_d': 633.3748445146668, 'ign_k': 0.1793351609593533, 'ign_c': 10.60450834124952, 'trop_agb_crit': 14.326512790364637, 'trop_k_veg': 2.0020374362698687}. Best is trial 1285 with value: -0.6015874360929447.
[I 2026-08-20 01:12:23,670] Trial 2438 finished with value: 0.6170806387663105 and parameters: {'k1': 0.05987447079678772, 'D_low': 11.8170722903664, 'k2': 0.07991560743248526, 'D_high': 1037.3890072566467, 'fire_exp': 1.266318518188228, 'P_half': 1.2752944082510866, 'pre_dampen_half': 13.946796001415198, 'gpp_af': 0.1362565936154409, 'gpp_b': 0.349322265083165, 'gpp_d': 319.80464927203235, 'ign_k': 0.0025233021772765856, 'ign_c': 535.3975851545069, 'trop_agb_crit': 28.6854983346468, 'trop_k_veg': 4.460366749423558}. Best is trial 1285 with value: -0.6015874360929447.
[I 2026-08-20 01:12:26,071] Trial 2439 finished with value: 0.5564172823594049 and parameters: {'k1': 0.04076051010157995, 'D_low': 28.90307428297875, 'k2': 0.002456687030318456, 'D_high': 7362956.504823191, 'fire_exp': 1.9988907679376162, 'P_half': 7.645050025242524, 'pre_dampen_half': 0.32953044094573153, 'gpp_af': 3.4256104364454347, 'gpp_b': 0.055330302303690286, 'gpp_d': 183.42635362878022, 'ign_k': 0.015142171415751684, 'ign_c': 3.7346835787053645, 'trop_agb_crit': 17.71188331369854, 'trop_k_veg': 3.1422201399265615}. Best is trial 1285 with value: -0.6015874360929447.
[I 2026-08-20 01:12:28,273] Trial 2440 finished with value: 0.6445374145881376 and parameters: {'k1': 1.0347853593554126e-05, 'D_low': 846148.1360708729, 'k2': 4.219884760420681e-05, 'D_high': 61.47385295277038, 'fire_exp': 2.179428458416052, 'P_half': 1976.3489423325934, 'pre_dampen_half': 108.61946215349947, 'gpp_af': 11.239308317757072, 'gpp_b': 0.08608468265248236, 'gpp_d': 4.10389325551264, 'ign_k': 0.05780454010441962, 'ign_c': 0.24013410620485054, 'trop_agb_crit': 15.33257512182884, 'trop_k_veg': 0.9967195568084598}. Best is trial 1285 with value: -0.6015874360929447.
[I 2026-08-20 01:12:30,494] Trial 2441 finished with value: 0.644484004065114 and parameters: {'k1': 0.00048385120695937313, 'D_low': 217022.02428345126, 'k2': 3.093354595930766e-05, 'D_high': 15906.145858472577, 'fire_exp': 1.6213145992926206, 'P_half': 6.886109943987049, 'pre_dampen_half': 232.85303111537922, 'gpp_af': 0.09673306997505618, 'gpp_b': 0.1683173484891232, 'gpp_d': 260.60014670480535, 'ign_k': 1.0021357916627849, 'ign_c': 0.7526145777844548, 'trop_agb_crit': 2.086624529619651, 'trop_k_veg': 1.23071447472295}. Best is trial 1285 with value: -0.6015874360929447.
[I 2026-08-20 01:12:32,508] Trial 2442 finished with value: 0.49098172917247407 and parameters: {'k1': 0.0028957895518856138, 'D_low': 25.928663312634107, 'k2': 8.148001534328561e-05, 'D_high': 3725052.232596634, 'fire_exp': 5.750191317387441, 'P_half': 3.8363956493124394, 'pre_dampen_half': 1.7333528772781133, 'gpp_af': 2.284990112682053, 'gpp_b': 0.000808743676525643, 'gpp_d': 283.45074535108864, 'ign_k': 0.4487663561392501, 'ign_c': 18.152975484346413, 'trop_agb_crit': 14.77789838669023, 'trop_k_veg': 0.9645093093257624}. Best is trial 1285 with value: -0.6015874360929447.
[I 2026-08-20 01:12:35,133] Trial 2443 finished with value: 0.639271809119468 and parameters: {'k1': 1.0865911013048245e-05, 'D_low': 1378.6651827786059, 'k2': 0.0006013642135500291, 'D_high': 492.45273577577746, 'fire_exp': 3.0412591532401265, 'P_half': 34.846073494456135, 'pre_dampen_half': 0.03929737127404564, 'gpp_af': 6.9088708878842295, 'gpp_b': 0.012602135441983858, 'gpp_d': 68.30075604756394, 'ign_k': 0.025350614727066716, 'ign_c': 114.61592703870375, 'trop_agb_crit': 28.11438030554759, 'trop_k_veg': 1.7031166223724652}. Best is trial 1285 with value: -0.6015874360929447.
[I 2026-08-20 01:12:36,882] Trial 2444 finished with value: 0.5852723785798437 and parameters: {'k1': 0.019150814705445225, 'D_low': 773.6693793939846, 'k2': 0.0004424696288123679, 'D_high': 2784057.927027784, 'fire_exp': 2.1056571091173826, 'P_half': 15.936398615111205, 'pre_dampen_half': 1.4192606917792776, 'gpp_af': 24.609008956646473, 'gpp_b': 0.014695204165260597, 'gpp_d': 366.3865130839473, 'ign_k': 0.16255342912673512, 'ign_c': 37.18925100277992, 'trop_agb_crit': 8.462122483592927, 'trop_k_veg': 3.034871702288925}. Best is trial 1285 with value: -0.6015874360929447.
[I 2026-08-20 01:12:38,763] Trial 2445 finished with value: 0.4197569208682076 and parameters: {'k1': 0.0018241390602528453, 'D_low': 8.838602728813552, 'k2': 4.465469612111021e-05, 'D_high': 576232.6477442251, 'fire_exp': 4.043514758408472, 'P_half': 2.8903628100640617, 'pre_dampen_half': 25.992320545181364, 'gpp_af': 5.246748975880098, 'gpp_b': 0.0315017300439572, 'gpp_d': 52.747641070008434, 'ign_k': 0.4255659673980351, 'ign_c': 4.394174997890731, 'trop_agb_crit': 7.483322013106301, 'trop_k_veg': 1.150119838533603}. Best is trial 1285 with value: -0.6015874360929447.
[I 2026-08-20 01:12:40,341] Trial 2446 finished with value: 0.6445374145881376 and parameters: {'k1': 6.814963360394973e-05, 'D_low': 116.71505378789304, 'k2': 0.017200112513207463, 'D_high': 406.35958711432255, 'fire_exp': 2.9037852381906553, 'P_half': 13.358907025586488, 'pre_dampen_half': 1.677358286237069, 'gpp_af': 28.777371895883284, 'gpp_b': 0.004240339235713959, 'gpp_d': 0.018864260144585757, 'ign_k': 0.5428166858296337, 'ign_c': 164.7745148220438, 'trop_agb_crit': 2.7185849129808797, 'trop_k_veg': 1.0837735152092784}. Best is trial 1285 with value: -0.6015874360929447.
[I 2026-08-20 01:12:41,819] Trial 2447 finished with value: 0.5439679065246336 and parameters: {'k1': 0.021669120225961656, 'D_low': 82.44460141909938, 'k2': 0.00022914675775001972, 'D_high': 101196.19672447722, 'fire_exp': 1.5526410489834792, 'P_half': 1015.5439010236473, 'pre_dampen_half': 2.863194211113633, 'gpp_af': 6.20108284368625, 'gpp_b': 0.09301752940182581, 'gpp_d': 39.215724680332706, 'ign_k': 2.9670903385434, 'ign_c': 19.902793027367665, 'trop_agb_crit': 6.351028141682712, 'trop_k_veg': 2.171163503001494}. Best is trial 1285 with value: -0.6015874360929447.
[I 2026-08-20 01:12:43,572] Trial 2448 finished with value: 0.6295250680990448 and parameters: {'k1': 6.503195377596941e-05, 'D_low': 708.4077263336254, 'k2': 2.8770935946160625e-05, 'D_high': 497.1859226873647, 'fire_exp': 5.247012245404837, 'P_half': 1287.096488546932, 'pre_dampen_half': 0.14722317962333945, 'gpp_af': 0.0072546811673906645, 'gpp_b': 1.4414585567341358e-05, 'gpp_d': 0.07410118119827155, 'ign_k': 0.0028827960124647254, 'ign_c': 0.1518897051348128, 'trop_agb_crit': 2.262245005518456, 'trop_k_veg': 6.3807919676747975}. Best is trial 1285 with value: -0.6015874360929447.
[I 2026-08-20 01:12:45,291] Trial 2449 finished with value: 0.5393263075228065 and parameters: {'k1': 0.006400778019763391, 'D_low': 1068.443311862051, 'k2': 0.0003031119692921175, 'D_high': 204135.97442130145, 'fire_exp': 2.112139881566062, 'P_half': 656.9773234762151, 'pre_dampen_half': 10.48744791595283, 'gpp_af': 27.940685988808852, 'gpp_b': 0.27706521163592757, 'gpp_d': 634.9517836794523, 'ign_k': 0.0755963177255271, 'ign_c': 6.757958236904958, 'trop_agb_crit': 23.563190863992556, 'trop_k_veg': 2.3561534916632607}. Best is trial 1285 with value: -0.6015874360929447.
[I 2026-08-20 01:12:46,952] Trial 2450 finished with value: 0.4711629049224646 and parameters: {'k1': 0.0007004892841691576, 'D_low': 16.8305610316668, 'k2': 0.00020270477742168131, 'D_high': 9706954.397431497, 'fire_exp': 3.249813187057839, 'P_half': 2.185451847875758, 'pre_dampen_half': 19.58625468568296, 'gpp_af': 1.4048505630490322, 'gpp_b': 0.015463613068110968, 'gpp_d': 228.16700643830336, 'ign_k': 6.218947311643899, 'ign_c': 25.47838740013191, 'trop_agb_crit': 4.181715363569913, 'trop_k_veg': 2.3572210680638195}. Best is trial 1285 with value: -0.6015874360929447.
[I 2026-08-20 01:12:48,510] Trial 2451 finished with value: -0.5496311793749593 and parameters: {'k1': 0.007745631816311025, 'D_low': 2.0368149931518067, 'k2': 0.02471080225683517, 'D_high': 9129220.571484512, 'fire_exp': 2.92169463566688, 'P_half': 1.2629688277010538, 'pre_dampen_half': 2.272990471909965, 'gpp_af': 14.621568341690681, 'gpp_b': 0.00954189824999461, 'gpp_d': 39.7669920372075, 'ign_k': 0.12267571539878014, 'ign_c': 0.22073094529899911, 'trop_agb_crit': 18.40006568304609, 'trop_k_veg': 3.8852456868988754}. Best is trial 1285 with value: -0.6015874360929447.
[I 2026-08-20 01:12:50,423] Trial 2452 finished with value: 0.6445374145881376 and parameters: {'k1': 0.002273148608324921, 'D_low': 127.34692301217419, 'k2': 0.005139049300391819, 'D_high': 35.598632653099294, 'fire_exp': 7.890343660551371, 'P_half': 35.73951413271875, 'pre_dampen_half': 0.03051945016798085, 'gpp_af': 0.08366507348138096, 'gpp_b': 0.002122925227426462, 'gpp_d': 3.472932778774928, 'ign_k': 0.11100842267659883, 'ign_c': 44.54342502745727, 'trop_agb_crit': 10.79703819131038, 'trop_k_veg': 0.61704331923942}. Best is trial 1285 with value: -0.6015874360929447.
[I 2026-08-20 01:12:52,087] Trial 2453 finished with value: 0.5996412944674757 and parameters: {'k1': 0.00039034178325630925, 'D_low': 4466.536952150734, 'k2': 0.0011422133180259083, 'D_high': 299312.81902188715, 'fire_exp': 1.4876788687017677, 'P_half': 16.476354629555793, 'pre_dampen_half': 54.22389320586256, 'gpp_af': 47.870617258774736, 'gpp_b': 0.13197924679470868, 'gpp_d': 344.1605500050536, 'ign_k': 0.03899240282083467, 'ign_c': 122.90383746967666, 'trop_agb_crit': 13.741901290152597, 'trop_k_veg': 2.066481600144529}. Best is trial 1285 with value: -0.6015874360929447.
[I 2026-08-20 01:12:53,534] Trial 2454 finished with value: 0.5092333223016468 and parameters: {'k1': 0.003947905473810032, 'D_low': 1.6924084358525813, 'k2': 0.0001351766855084165, 'D_high': 9782993.946095537, 'fire_exp': 4.122199247863238, 'P_half': 128.22741707221022, 'pre_dampen_half': 50.613123090812, 'gpp_af': 0.3393935102338153, 'gpp_b': 0.00025258385616680224, 'gpp_d': 0.3638335807875668, 'ign_k': 9.090173087743368, 'ign_c': 2.958735418631398, 'trop_agb_crit': 2.3788744365619183, 'trop_k_veg': 1.861569175489393}. Best is trial 1285 with value: -0.6015874360929447.
[I 2026-08-20 01:12:55,718] Trial 2455 finished with value: 0.46010313765295197 and parameters: {'k1': 0.001186861385728647, 'D_low': 3701.0162054815664, 'k2': 0.09440555442678471, 'D_high': 2845120.4717963743, 'fire_exp': 1.1945257684706487, 'P_half': 1.2432386977273524, 'pre_dampen_half': 2.6506253307985084, 'gpp_af': 0.1330303204384436, 'gpp_b': 0.021383129713464656, 'gpp_d': 33.204479271584304, 'ign_k': 0.07004990544428191, 'ign_c': 1.3162342278576504, 'trop_agb_crit': 7.418398349710017, 'trop_k_veg': 3.7220298654137283}. Best is trial 1285 with value: -0.6015874360929447.
[I 2026-08-20 01:12:58,083] Trial 2456 finished with value: 0.6445374145881376 and parameters: {'k1': 3.2160929954084066e-05, 'D_low': 51.309171374703745, 'k2': 0.00036737407667043585, 'D_high': 55.39951378715815, 'fire_exp': 2.8006455736154217, 'P_half': 7238.3039400325715, 'pre_dampen_half': 23.010432743973755, 'gpp_af': 0.1435193052975488, 'gpp_b': 0.012761664975424022, 'gpp_d': 120.66324035918474, 'ign_k': 0.16708323650899032, 'ign_c': 83.31696255797593, 'trop_agb_crit': 1.219021164081561, 'trop_k_veg': 0.5397834387721583}. Best is trial 1285 with value: -0.6015874360929447.
[I 2026-08-20 01:13:00,326] Trial 2457 finished with value: 0.6356591623792193 and parameters: {'k1': 0.00012059704886919931, 'D_low': 32968.950087850506, 'k2': 1.160189015737455e-05, 'D_high': 331.5618748719264, 'fire_exp': 1.1383041371514389, 'P_half': 117.8587709401699, 'pre_dampen_half': 339.54915336370686, 'gpp_af': 0.003918893854604902, 'gpp_b': 0.07612203456089228, 'gpp_d': 91.38289778619347, 'ign_k': 0.27680936479543194, 'ign_c': 3.6309702310976317, 'trop_agb_crit': 12.567103963504255, 'trop_k_veg': 2.0804903502376573}. Best is trial 1285 with value: -0.6015874360929447.
[I 2026-08-20 01:13:02,588] Trial 2458 finished with value: 0.6445374145881376 and parameters: {'k1': 0.004279987385661565, 'D_low': 119083.66762054618, 'k2': 7.134004947539736e-05, 'D_high': 307.0253352779761, 'fire_exp': 3.9965721727046053, 'P_half': 317.4752029573502, 'pre_dampen_half': 2.5399904364548735, 'gpp_af': 65.10731916492504, 'gpp_b': 9.075225302758655, 'gpp_d': 0.014971209608591723, 'ign_k': 0.004477505298998067, 'ign_c': 28.173289248340435, 'trop_agb_crit': 16.919580146330784, 'trop_k_veg': 3.255217637786821}. Best is trial 1285 with value: -0.6015874360929447.
[I 2026-08-20 01:13:04,853] Trial 2459 finished with value: 0.6445374145881376 and parameters: {'k1': 0.0012240450878882839, 'D_low': 5.210579185720871, 'k2': 0.001221426942284621, 'D_high': 3721792.8352496563, 'fire_exp': 4.6221807011335665, 'P_half': 118.06458921249015, 'pre_dampen_half': 869.789927982561, 'gpp_af': 0.006133811276394599, 'gpp_b': 0.00010924884541766165, 'gpp_d': 1.9836755205614638, 'ign_k': 4.846622241791821, 'ign_c': 220.40053644728204, 'trop_agb_crit': 7.123612949230932, 'trop_k_veg': 4.388019678148369}. Best is trial 1285 with value: -0.6015874360929447.
[I 2026-08-20 01:13:07,072] Trial 2460 finished with value: 0.6012704728800624 and parameters: {'k1': 0.09942660204333104, 'D_low': 15.239227544128365, 'k2': 0.0009458137849040311, 'D_high': 5829538.409860625, 'fire_exp': 3.2406415593282163, 'P_half': 264.7057297833431, 'pre_dampen_half': 3.0969348799906573, 'gpp_af': 0.65340473616006, 'gpp_b': 0.8250905782823369, 'gpp_d': 723.3805697509307, 'ign_k': 0.062405327941670155, 'ign_c': 1.2877698420537678, 'trop_agb_crit': 29.246963880655816, 'trop_k_veg': 2.260785064841121}. Best is trial 1285 with value: -0.6015874360929447.
[I 2026-08-20 01:13:09,304] Trial 2461 finished with value: 0.5558600261676998 and parameters: {'k1': 0.000691826305327301, 'D_low': 3955.365029146365, 'k2': 0.000913636619771018, 'D_high': 2473590.0239601517, 'fire_exp': 2.6845665183068235, 'P_half': 490.5413738629351, 'pre_dampen_half': 632.9350540437343, 'gpp_af': 3.5867476862636227, 'gpp_b': 0.0003577097369353551, 'gpp_d': 3.1387629478189374, 'ign_k': 7.425176907806103, 'ign_c': 1.2023418614164367, 'trop_agb_crit': 3.4513318744116486, 'trop_k_veg': 6.422665009121594}. Best is trial 1285 with value: -0.6015874360929447.
[I 2026-08-20 01:13:11,749] Trial 2462 finished with value: 0.6445374145881376 and parameters: {'k1': 5.0633590811931165e-05, 'D_low': 2.2949471901412246, 'k2': 0.00022624246951550949, 'D_high': 3397617.671563541, 'fire_exp': 6.353154250629817, 'P_half': 1.0124937798962688, 'pre_dampen_half': 15.699072850283446, 'gpp_af': 0.18403935680322758, 'gpp_b': 0.000760059547519232, 'gpp_d': 93.20166880302635, 'ign_k': 8.059723216672818, 'ign_c': 66.43280030414411, 'trop_agb_crit': 4.0041550235833965, 'trop_k_veg': 1.7717830245334583}. Best is trial 1285 with value: -0.6015874360929447.
[I 2026-08-20 01:13:14,237] Trial 2463 finished with value: 0.6445374145881376 and parameters: {'k1': 0.0005767197909427013, 'D_low': 452.1262259953546, 'k2': 4.717927757230006e-05, 'D_high': 530504.4922146703, 'fire_exp': 7.202436190618121, 'P_half': 76.20032145086674, 'pre_dampen_half': 21.70089848243982, 'gpp_af': 48.128211605504525, 'gpp_b': 7.044026453560564, 'gpp_d': 5.451049331897174, 'ign_k': 0.0024907330157984287, 'ign_c': 0.43186182358969993, 'trop_agb_crit': 1.1813328792518305, 'trop_k_veg': 0.663592122261643}. Best is trial 1285 with value: -0.6015874360929447.
