[I 2026-08-19 17:44:24,322] Trial 1594 finished with value: 0.5953867604138117 and parameters: {'k1': 0.004001025248053561, 'D_low': 1.638056949368287, 'k2': 0.026496192898052984, 'D_high': 2278.8078318427347, 'fire_exp': 1.4649984758929262, 'P_half': 628.4579189692312, 'pre_dampen_half': 0.7387959207318959, 'gpp_af': 0.02700469177192111, 'gpp_b': 3.107481870527524e-05, 'gpp_d': 70.74445921436008, 'ign_k': 0.5361513272009967, 'ign_c': 5.834221474968674, 'trop_agb_crit': 2.793251022624796, 'trop_k_veg': 1.6403945986662132, 'pop_amp': 1.479132527425555, 'pop_peak': 9.201975576547287, 'pop_sig': 2.4189373975582726, 'fuel_k': 0.10914818233007825, 'fuel_half': 0.18115263569072323}. Best is trial 0 with value: -0.6094076133578652.
[I 2026-08-19 17:44:26,489] Trial 1595 finished with value: 0.5814811835729068 and parameters: {'k1': 0.0047473210905067155, 'D_low': 2923.8012748705128, 'k2': 0.0002190069601953393, 'D_high': 8916169.98571568, 'fire_exp': 2.3053212715395137, 'P_half': 1859.7100168657003, 'pre_dampen_half': 0.3465641184168232, 'gpp_af': 0.04257612204705265, 'gpp_b': 0.027666102120933483, 'gpp_d': 22.508367661971793, 'ign_k': 0.08363135041437823, 'ign_c': 0.33625017581252054, 'trop_agb_crit': 7.276386038655836, 'trop_k_veg': 1.2651703075299159, 'pop_amp': 8.847753250296513, 'pop_peak': 173.47416242963982, 'pop_sig': 0.901262074773341, 'fuel_k': 0.0741034597073174, 'fuel_half': 0.6523634106140548}. Best is trial 0 with value: -0.6094076133578652.
[I 2026-08-19 17:44:28,658] Trial 1596 finished with value: -0.5718400147414823 and parameters: {'k1': 0.04283587714126956, 'D_low': 464.93167986343616, 'k2': 7.164993993176329e-05, 'D_high': 3530212.3495344254, 'fire_exp': 2.9224401071190425, 'P_half': 1.6762973260154712, 'pre_dampen_half': 1.3920004655730351, 'gpp_af': 0.6534012523173729, 'gpp_b': 0.008919397359522881, 'gpp_d': 36.69581333977246, 'ign_k': 0.030125501955276034, 'ign_c': 0.44289186139467623, 'trop_agb_crit': 1.7646132646605746, 'trop_k_veg': 1.8783469774726216, 'pop_amp': 11.234481241229803, 'pop_peak': 3.3686539258996926, 'pop_sig': 0.723065755041212, 'fuel_k': 0.168920263123104, 'fuel_half': 0.17865865609831189}. Best is trial 0 with value: -0.6094076133578652.
[I 2026-08-19 17:44:30,843] Trial 1597 finished with value: 0.49667731169099594 and parameters: {'k1': 0.0330089707608473, 'D_low': 1.984467025957831, 'k2': 0.0005416460047452054, 'D_high': 628050.8399570638, 'fire_exp': 8.161615505529024, 'P_half': 4.505814029967396, 'pre_dampen_half': 1.5806170486825608, 'gpp_af': 0.0111562166406988, 'gpp_b': 0.0027458877477655992, 'gpp_d': 383.92578215340177, 'ign_k': 2.365815736466246, 'ign_c': 0.765278726932858, 'trop_agb_crit': 25.02140468504049, 'trop_k_veg': 1.1580781473814625, 'pop_amp': 0.0010839711841341831, 'pop_peak': 0.08568930515517445, 'pop_sig': 0.43268480552700234, 'fuel_k': 1.3908020458799697, 'fuel_half': 0.12303862689044287}. Best is trial 0 with value: -0.6094076133578652.
[I 2026-08-19 17:44:33,056] Trial 1598 finished with value: 0.6445374145881376 and parameters: {'k1': 0.004327853594370088, 'D_low': 2.1169304044435733, 'k2': 0.016011292626752098, 'D_high': 1454675.1941929155, 'fire_exp': 1.4103932005112219, 'P_half': 1142.6285551939204, 'pre_dampen_half': 6.7046398636028375, 'gpp_af': 0.024600368415232395, 'gpp_b': 5.786694587595293e-05, 'gpp_d': 14.259098138137944, 'ign_k': 1.9754286351422328, 'ign_c': 76.94286170665092, 'trop_agb_crit': 1.2643627488382208, 'trop_k_veg': 1.0642215439579692, 'pop_amp': 0.8297668140567634, 'pop_peak': 99.53033563930593, 'pop_sig': 1.1624637286626192, 'fuel_k': 0.08523536982429561, 'fuel_half': 0.15688015344742995}. Best is trial 0 with value: -0.6094076133578652.
  trial 1599/2500  best_overall=0.6094  (46.2 min)
[I 2026-08-19 17:44:35,734] Trial 1599 finished with value: 0.47350964374007753 and parameters: {'k1': 6.510799653157656e-05, 'D_low': 43.86914951273481, 'k2': 0.022521475355940332, 'D_high': 4135809.698044301, 'fire_exp': 1.3656334390210652, 'P_half': 26.7234514000804, 'pre_dampen_half': 83.59731113377113, 'gpp_af': 0.7596418054649517, 'gpp_b': 2.6232636077561704e-05, 'gpp_d': 239.02365979562643, 'ign_k': 1.0209080349599997, 'ign_c': 0.991609561692854, 'trop_agb_crit': 9.480713638079086, 'trop_k_veg': 1.1163707083245535, 'pop_amp': 0.0019320841968501108, 'pop_peak': 0.5462591398728486, 'pop_sig': 0.9038442956664515, 'fuel_k': 0.4186680637404439, 'fuel_half': 5.496029608831744}. Best is trial 0 with value: -0.6094076133578652.
[I 2026-08-19 17:44:37,942] Trial 1600 finished with value: 0.5163162745551593 and parameters: {'k1': 0.005449312826961521, 'D_low': 1.1220854384270313, 'k2': 0.0036174269941780064, 'D_high': 4528845.081853644, 'fire_exp': 5.062971795688405, 'P_half': 54.07203149374847, 'pre_dampen_half': 3.4260294739213117, 'gpp_af': 0.001386058521487785, 'gpp_b': 3.4409908481566155e-05, 'gpp_d': 48.23595325321005, 'ign_k': 0.938718673287947, 'ign_c': 22.534428124119042, 'trop_agb_crit': 4.109676426365552, 'trop_k_veg': 3.5398357597590344, 'pop_amp': 0.0023420612556918634, 'pop_peak': 0.15654585139639846, 'pop_sig': 1.143507191235424, 'fuel_k': 0.6761864887013018, 'fuel_half': 0.2119734275166006}. Best is trial 0 with value: -0.6094076133578652.
[I 2026-08-19 17:44:40,160] Trial 1601 finished with value: 0.4527521059506947 and parameters: {'k1': 0.009657734019503858, 'D_low': 148.44651739342345, 'k2': 0.013214446744183365, 'D_high': 2256994.1866765744, 'fire_exp': 1.957503861306838, 'P_half': 20.28176590138277, 'pre_dampen_half': 1.3576139746177198, 'gpp_af': 0.2875558496597711, 'gpp_b': 0.016227313092111176, 'gpp_d': 837.0413659266925, 'ign_k': 0.3943820764885049, 'ign_c': 0.6186834301403841, 'trop_agb_crit': 23.41736494751101, 'trop_k_veg': 4.736297261279135, 'pop_amp': 0.3987155346636086, 'pop_peak': 17.147438643102053, 'pop_sig': 0.3831353977276211, 'fuel_k': 2.1013065395115644, 'fuel_half': 0.2465055029548874}. Best is trial 0 with value: -0.6094076133578652.
[I 2026-08-19 17:44:42,401] Trial 1602 finished with value: 0.5060367028794982 and parameters: {'k1': 0.0006133797694652805, 'D_low': 57.69466458534035, 'k2': 0.06207287892239645, 'D_high': 1513398.137389919, 'fire_exp': 2.4241148836373756, 'P_half': 56.526105621206334, 'pre_dampen_half': 5.472632525929072, 'gpp_af': 0.011271759895820419, 'gpp_b': 6.720131769693265e-05, 'gpp_d': 1.2949222172844899, 'ign_k': 0.1099908027933712, 'ign_c': 17.297673853317395, 'trop_agb_crit': 3.3942863510192622, 'trop_k_veg': 1.3754436089832884, 'pop_amp': 0.0673048174097872, 'pop_peak': 6.420857593399217, 'pop_sig': 2.472537905782284, 'fuel_k': 0.01880854934052774, 'fuel_half': 0.12511785241449558}. Best is trial 0 with value: -0.6094076133578652.
[I 2026-08-19 17:44:44,557] Trial 1603 finished with value: 0.5976756622781438 and parameters: {'k1': 0.0038998004654856597, 'D_low': 4681.289703493678, 'k2': 0.00043552628108636246, 'D_high': 1245344.2753757786, 'fire_exp': 2.6516702121732694, 'P_half': 977.254901794224, 'pre_dampen_half': 97.82400655398958, 'gpp_af': 1.6628680844480574, 'gpp_b': 1.1020408755874774e-05, 'gpp_d': 15.407402285029749, 'ign_k': 0.015991168602542453, 'ign_c': 0.1110999723670785, 'trop_agb_crit': 8.150464980047198, 'trop_k_veg': 5.002160950643011, 'pop_amp': 0.17927953742951663, 'pop_peak': 29.557216580683956, 'pop_sig': 0.6061636351615886, 'fuel_k': 0.1379478450373675, 'fuel_half': 0.9649896646358551}. Best is trial 0 with value: -0.6094076133578652.
[I 2026-08-19 17:44:46,746] Trial 1604 finished with value: 0.5063715229629839 and parameters: {'k1': 0.01404233431869459, 'D_low': 34.342455367052985, 'k2': 0.0015244363563073004, 'D_high': 12654.810699209587, 'fire_exp': 2.073765242722927, 'P_half': 1.4079028546379702, 'pre_dampen_half': 0.8692447791923246, 'gpp_af': 0.049148483764692816, 'gpp_b': 0.012924838967058316, 'gpp_d': 311.7610946306213, 'ign_k': 1.488747493725632, 'ign_c': 0.36557374175801116, 'trop_agb_crit': 21.868662735124186, 'trop_k_veg': 4.2510443535235884, 'pop_amp': 0.03306179575457319, 'pop_peak': 0.15683397617039485, 'pop_sig': 0.39842335385173067, 'fuel_k': 1.5347038505514934, 'fuel_half': 0.6610301938841576}. Best is trial 0 with value: -0.6094076133578652.
[I 2026-08-19 17:44:48,959] Trial 1605 finished with value: -0.5777697010132588 and parameters: {'k1': 0.00014798252418622853, 'D_low': 2.6821515684066783, 'k2': 0.08282302078100269, 'D_high': 5649212.968244853, 'fire_exp': 1.041602381427589, 'P_half': 6.815814166162954, 'pre_dampen_half': 0.6027880949567526, 'gpp_af': 0.0018891765401746023, 'gpp_b': 3.8143927311016986e-05, 'gpp_d': 10.666932366947815, 'ign_k': 0.04285226281048662, 'ign_c': 11.524481516885928, 'trop_agb_crit': 1.6941939828421966, 'trop_k_veg': 1.0206514402312876, 'pop_amp': 0.33898413776536584, 'pop_peak': 29.934117127589985, 'pop_sig': 1.0528213905667678, 'fuel_k': 0.9885881126965749, 'fuel_half': 0.33442960316057385}. Best is trial 0 with value: -0.6094076133578652.
[I 2026-08-19 17:44:51,139] Trial 1606 finished with value: 0.5263441195264278 and parameters: {'k1': 0.018545348867541084, 'D_low': 2.618934426956626, 'k2': 0.007511541316610965, 'D_high': 58704.63685995774, 'fire_exp': 1.139845029899973, 'P_half': 1067.9725464209073, 'pre_dampen_half': 1.0684796594172217, 'gpp_af': 0.002743510746379148, 'gpp_b': 4.0838618177389734e-05, 'gpp_d': 123.34543755797344, 'ign_k': 1.5409810428447568, 'ign_c': 1.1506935840571975, 'trop_agb_crit': 2.414124935609267, 'trop_k_veg': 0.8419108600756157, 'pop_amp': 0.08359339264901221, 'pop_peak': 24.291938875817376, 'pop_sig': 1.552727251912993, 'fuel_k': 0.0468898338951691, 'fuel_half': 0.35715491274905464}. Best is trial 0 with value: -0.6094076133578652.
[I 2026-08-19 17:44:53,356] Trial 1607 finished with value: 0.6445374145881376 and parameters: {'k1': 0.006507203413510895, 'D_low': 2.611116619573287, 'k2': 0.0014085230068520563, 'D_high': 1430507.300161697, 'fire_exp': 3.1522970369451406, 'P_half': 43.58750142672084, 'pre_dampen_half': 30.429013372730825, 'gpp_af': 0.06773044636368131, 'gpp_b': 0.0022483397159928885, 'gpp_d': 8.48924501312903, 'ign_k': 4.351810214755522, 'ign_c': 85.18617826799368, 'trop_agb_crit': 1.9284111754638746, 'trop_k_veg': 4.174323359636044, 'pop_amp': 0.003406811376717469, 'pop_peak': 148.38666708059446, 'pop_sig': 0.5134167958044642, 'fuel_k': 0.08285697043950624, 'fuel_half': 0.13722272668664984}. Best is trial 0 with value: -0.6094076133578652.
[I 2026-08-19 17:44:55,522] Trial 1608 finished with value: 0.5614612067161713 and parameters: {'k1': 0.000278845831640841, 'D_low': 2949.858452909304, 'k2': 0.0030221522386400645, 'D_high': 3397774.065378792, 'fire_exp': 3.5029007426288157, 'P_half': 28.734285949371266, 'pre_dampen_half': 5.727130987490409, 'gpp_af': 0.02668906461172398, 'gpp_b': 0.011413283325277203, 'gpp_d': 13.88474741957622, 'ign_k': 0.8888583857648799, 'ign_c': 0.14777715727245744, 'trop_agb_crit': 11.556423112291005, 'trop_k_veg': 1.553074780664086, 'pop_amp': 0.015624160889297693, 'pop_peak': 9.826578535910004, 'pop_sig': 0.5861713025591229, 'fuel_k': 0.02379808159228962, 'fuel_half': 2.0415355050101547}. Best is trial 0 with value: -0.6094076133578652.
  trial 1609/2500  best_overall=0.6094  (46.5 min)
[I 2026-08-19 17:44:58,220] Trial 1609 finished with value: 0.4759846415729414 and parameters: {'k1': 0.008107864993181902, 'D_low': 253.53683485860776, 'k2': 0.0002615518216394891, 'D_high': 1566721.5993265475, 'fire_exp': 5.510097207248202, 'P_half': 1.7388500644153648, 'pre_dampen_half': 0.38846713219815476, 'gpp_af': 0.7906382620585904, 'gpp_b': 0.00038940190479844043, 'gpp_d': 81.01090187538564, 'ign_k': 0.14526246344781182, 'ign_c': 4.272374829487489, 'trop_agb_crit': 5.910152500027938, 'trop_k_veg': 1.4085426935298773, 'pop_amp': 0.27621534569170064, 'pop_peak': 7.029485852036592, 'pop_sig': 1.268276893086204, 'fuel_k': 0.40293869227819246, 'fuel_half': 0.10497636068834915}. Best is trial 0 with value: -0.6094076133578652.
[I 2026-08-19 17:45:00,379] Trial 1610 finished with value: -0.5554448392968757 and parameters: {'k1': 0.0004280713621669693, 'D_low': 8.721708884236685, 'k2': 0.04268590242387654, 'D_high': 3302595.3903110093, 'fire_exp': 1.651174830077308, 'P_half': 8.186390992915962, 'pre_dampen_half': 0.814841433701048, 'gpp_af': 0.4537613828776899, 'gpp_b': 0.0002643795265499058, 'gpp_d': 29.92047354602066, 'ign_k': 0.1263451659839174, 'ign_c': 8.584699266307215, 'trop_agb_crit': 10.005143659796765, 'trop_k_veg': 0.7979925684081721, 'pop_amp': 0.001492790876530255, 'pop_peak': 0.07587160637143557, 'pop_sig': 0.6380009322002974, 'fuel_k': 0.05607364694133411, 'fuel_half': 15.393047088273015}. Best is trial 0 with value: -0.6094076133578652.
[I 2026-08-19 17:45:02,559] Trial 1611 finished with value: 0.40604764142035343 and parameters: {'k1': 0.0006757982422032969, 'D_low': 3.183538328558029, 'k2': 0.03212114927452138, 'D_high': 1244853.378946967, 'fire_exp': 2.591012487198401, 'P_half': 59.03088829722919, 'pre_dampen_half': 8.068941647251794, 'gpp_af': 0.015958543161945008, 'gpp_b': 1.582700330545901e-05, 'gpp_d': 14.987249947670849, 'ign_k': 0.7764685135845405, 'ign_c': 4.02783357179887, 'trop_agb_crit': 12.054616954952905, 'trop_k_veg': 1.012824070348363, 'pop_amp': 0.5119596284295646, 'pop_peak': 18.00383893249667, 'pop_sig': 0.6669281160541146, 'fuel_k': 0.25877338338097244, 'fuel_half': 0.3976493629519404}. Best is trial 0 with value: -0.6094076133578652.
[I 2026-08-19 17:45:04,759] Trial 1612 finished with value: 0.5517303826164481 and parameters: {'k1': 0.09078480137467589, 'D_low': 1.0674845082522249, 'k2': 4.523436371044239e-05, 'D_high': 5874237.452675806, 'fire_exp': 3.823843249439243, 'P_half': 4.322256877142533, 'pre_dampen_half': 9.603097963462098, 'gpp_af': 0.011563792394428, 'gpp_b': 0.0002601520747849059, 'gpp_d': 25.696512765391493, 'ign_k': 0.005330417120833352, 'ign_c': 1.031892863419561, 'trop_agb_crit': 12.972550134879308, 'trop_k_veg': 4.081134484615635, 'pop_amp': 0.0025098098128589316, 'pop_peak': 2.086348808424751, 'pop_sig': 0.6996685533322021, 'fuel_k': 1.4104316305741504, 'fuel_half': 0.11973370815575292}. Best is trial 0 with value: -0.6094076133578652.
[I 2026-08-19 17:45:06,924] Trial 1613 finished with value: -0.6090032781628314 and parameters: {'k1': 0.014159929560489292, 'D_low': 1.6650951939919907, 'k2': 0.002765927315032987, 'D_high': 6571763.995103339, 'fire_exp': 2.9285064734533988, 'P_half': 4.726747784271533, 'pre_dampen_half': 9.872604285435369, 'gpp_af': 0.1338830384113313, 'gpp_b': 0.0021107774511317087, 'gpp_d': 48.21910114841919, 'ign_k': 0.3774195905294735, 'ign_c': 15.718292352823893, 'trop_agb_crit': 17.880062934983833, 'trop_k_veg': 2.7928984240497594, 'pop_amp': 0.0012493220455620834, 'pop_peak': 0.27788863751624465, 'pop_sig': 0.7603877887681381, 'fuel_k': 0.2803625778194181, 'fuel_half': 2.1709857860060446}. Best is trial 0 with value: -0.6094076133578652.
[I 2026-08-19 17:45:09,146] Trial 1614 finished with value: 0.6445374145881376 and parameters: {'k1': 0.0034318243600174212, 'D_low': 14.218092806553356, 'k2': 0.00926692843522964, 'D_high': 9331578.298486825, 'fire_exp': 2.6640190082439315, 'P_half': 1.1247390306067389, 'pre_dampen_half': 954.2685067348282, 'gpp_af': 0.09679733806947387, 'gpp_b': 0.00044071086989710094, 'gpp_d': 99.38161513129414, 'ign_k': 0.7208145926399999, 'ign_c': 65.66177026695871, 'trop_agb_crit': 26.833403307255274, 'trop_k_veg': 5.13636697979473, 'pop_amp': 0.011753218344222367, 'pop_peak': 1.5170847079149534, 'pop_sig': 0.5577425962084744, 'fuel_k': 0.38624951798176277, 'fuel_half': 11.408814524563496}. Best is trial 0 with value: -0.6094076133578652.
[I 2026-08-19 17:45:11,325] Trial 1615 finished with value: 0.6445374145881376 and parameters: {'k1': 0.0012917936041364159, 'D_low': 5.137981671653381, 'k2': 0.00351869764636937, 'D_high': 123263.41191849722, 'fire_exp': 1.5618191635355225, 'P_half': 3.5169584208990927, 'pre_dampen_half': 1.3375746571588107, 'gpp_af': 0.16270972074011275, 'gpp_b': 0.0013844567906861566, 'gpp_d': 77.93295943753971, 'ign_k': 0.21537573324013193, 'ign_c': 163.23840414989743, 'trop_agb_crit': 22.384759273439258, 'trop_k_veg': 3.758379458098896, 'pop_amp': 0.0021377817763085388, 'pop_peak': 0.650228176230062, 'pop_sig': 0.4787747882668974, 'fuel_k': 0.49440203826442397, 'fuel_half': 2.867606155309718}. Best is trial 0 with value: -0.6094076133578652.
[I 2026-08-19 17:45:13,372] Trial 1616 finished with value: 0.6445374145881376 and parameters: {'k1': 0.003625564921708717, 'D_low': 7.311338448086394, 'k2': 0.002036156810950998, 'D_high': 3937337.4697755687, 'fire_exp': 3.462345302044597, 'P_half': 1.8285091161830882, 'pre_dampen_half': 2.9925036601786625, 'gpp_af': 0.17961728915513028, 'gpp_b': 0.0031467074736539814, 'gpp_d': 13.276495357454511, 'ign_k': 2.597318842083079, 'ign_c': 78.86485826173782, 'trop_agb_crit': 13.101746804838207, 'trop_k_veg': 1.7387260504391193, 'pop_amp': 0.010680440216624773, 'pop_peak': 1.1218072093396743, 'pop_sig': 0.5341589132202218, 'fuel_k': 0.11327680128584844, 'fuel_half': 1.351823673664429}. Best is trial 0 with value: -0.6094076133578652.
[I 2026-08-19 17:45:15,533] Trial 1617 finished with value: 0.6201761507353873 and parameters: {'k1': 0.0474525867038272, 'D_low': 4.090810248951621, 'k2': 0.0015876136273765733, 'D_high': 4477946.900801042, 'fire_exp': 6.047509691596185, 'P_half': 7.001141963512396, 'pre_dampen_half': 32.377522052479726, 'gpp_af': 0.002149868781837638, 'gpp_b': 0.006482441435040507, 'gpp_d': 1.4742048787599482, 'ign_k': 9.266464087226218, 'ign_c': 2.0287940458800597, 'trop_agb_crit': 5.586923028645449, 'trop_k_veg': 5.002201270944968, 'pop_amp': 0.0012510180746369444, 'pop_peak': 3.250747197167768, 'pop_sig': 0.3733000585559584, 'fuel_k': 0.13061587740221567, 'fuel_half': 1.627516985593158}. Best is trial 0 with value: -0.6094076133578652.
[I 2026-08-19 17:45:17,684] Trial 1618 finished with value: 0.6065925923377324 and parameters: {'k1': 0.004653800331977972, 'D_low': 1.2466640773899575, 'k2': 0.001294889266953354, 'D_high': 2609925.3170463736, 'fire_exp': 2.544374141126487, 'P_half': 4.984315644187428, 'pre_dampen_half': 11.12863506494564, 'gpp_af': 0.005824414206012379, 'gpp_b': 0.052839537480907875, 'gpp_d': 246.8404855298222, 'ign_k': 0.30841576841777474, 'ign_c': 12.3613096156814, 'trop_agb_crit': 12.82688461172917, 'trop_k_veg': 4.281610968604807, 'pop_amp': 0.005909998925194224, 'pop_peak': 0.27535372455055485, 'pop_sig': 0.4260980893781278, 'fuel_k': 0.08506391807534164, 'fuel_half': 13.438908311877507}. Best is trial 0 with value: -0.6094076133578652.
  trial 1619/2500  best_overall=0.6094  (46.9 min)
[I 2026-08-19 17:45:20,344] Trial 1619 finished with value: 0.5589803907035685 and parameters: {'k1': 0.0631536213345797, 'D_low': 1.6820960723143032, 'k2': 0.0031636626265480632, 'D_high': 1997505.7515203052, 'fire_exp': 5.440120714519796, 'P_half': 20.915235620462777, 'pre_dampen_half': 0.19769695432318274, 'gpp_af': 0.2427256137538095, 'gpp_b': 0.00032984778824794925, 'gpp_d': 30.016455203617888, 'ign_k': 0.08717920706841133, 'ign_c': 3.4839265986127415, 'trop_agb_crit': 2.9646138040032084, 'trop_k_veg': 5.653498385572529, 'pop_amp': 0.0011307373003791403, 'pop_peak': 0.15576518811602907, 'pop_sig': 0.27680968768919423, 'fuel_k': 0.2481380316947058, 'fuel_half': 0.1616727700660917}. Best is trial 0 with value: -0.6094076133578652.
[I 2026-08-19 17:45:22,638] Trial 1620 finished with value: 0.5940193081150658 and parameters: {'k1': 0.01949240257770399, 'D_low': 1.157070716226542, 'k2': 0.04591300999449907, 'D_high': 2162081.801103521, 'fire_exp': 2.17949032949345, 'P_half': 13.987095157246898, 'pre_dampen_half': 100.68635339350624, 'gpp_af': 0.06020880853933938, 'gpp_b': 0.0028160792891230384, 'gpp_d': 9.574505603537567, 'ign_k': 0.05730783968325421, 'ign_c': 71.57575670076415, 'trop_agb_crit': 18.30138013488121, 'trop_k_veg': 4.8603759536861135, 'pop_amp': 0.0017381171908510758, 'pop_peak': 0.34281030094587367, 'pop_sig': 0.8716010869616705, 'fuel_k': 0.37355666653046443, 'fuel_half': 1.2828242528064047}. Best is trial 0 with value: -0.6094076133578652.
[I 2026-08-19 17:45:24,796] Trial 1621 finished with value: 0.5041265173764905 and parameters: {'k1': 0.000286530402599852, 'D_low': 4380.48259345643, 'k2': 2.3806746613696986e-05, 'D_high': 3454521.8916504127, 'fire_exp': 2.1317971167291137, 'P_half': 119.01475856674406, 'pre_dampen_half': 0.2651540672897405, 'gpp_af': 0.07891156553839772, 'gpp_b': 0.03087459738147428, 'gpp_d': 25.38801380012972, 'ign_k': 0.0031936107494766027, 'ign_c': 36.423439965991754, 'trop_agb_crit': 13.316897223207192, 'trop_k_veg': 2.8711984014631096, 'pop_amp': 14.495164313511, 'pop_peak': 0.6052782953211544, 'pop_sig': 0.6165759326252614, 'fuel_k': 2.0760379804439073, 'fuel_half': 0.12791866749072667}. Best is trial 0 with value: -0.6094076133578652.
[I 2026-08-19 17:45:26,966] Trial 1622 finished with value: -0.6125870653324885 and parameters: {'k1': 0.025202317338981036, 'D_low': 126.82199273293776, 'k2': 0.00022815773181773002, 'D_high': 5917488.7338981265, 'fire_exp': 2.024845560988495, 'P_half': 97.99694457710045, 'pre_dampen_half': 2.6086639291952194, 'gpp_af': 0.006111253341857366, 'gpp_b': 4.361202283155925e-05, 'gpp_d': 110.7155075991425, 'ign_k': 0.6221476018969019, 'ign_c': 11.910088524725449, 'trop_agb_crit': 9.118306825532683, 'trop_k_veg': 7.395813165811829, 'pop_amp': 0.002723136147508801, 'pop_peak': 0.06955898473546489, 'pop_sig': 0.37728144337961594, 'fuel_k': 0.6711003942818964, 'fuel_half': 0.6047963821537015}. Best is trial 1622 with value: -0.6125870653324885.
