[I 2026-06-08 12:31:21,492] Trial 1136 finished with values: [-0.5639891366092304, 0.09214912532708386] and parameters: {'k1': 0.008471801418819975, 'D_low': 2.143851363193517, 'k2': 0.012758211164590085, 'D_high': 3712.591045287726, 'fire_exp': 1.3170256885255098, 'P_half': 220.3445560633069, 'pre_dampen_half': 502.5175192217655, 'gpp_af': 0.7539992074650279, 'gpp_b': 0.0021331409710300844, 'gpp_d': 10.369565216756202, 'ign_k': 8.708806168038567, 'ign_c': 23.5601112448067, 'trop_agb_crit': 18.785197416433792, 'trop_k_veg': 6.2065960186008615}.
[I 2026-06-08 12:31:22,579] Trial 1137 finished with values: [10.293565196035718, 10.293565196035718] and parameters: {'k1': 0.01889771394135163, 'D_low': 2.143851363193517, 'k2': 1.4665316366397004e-05, 'D_high': 2940.51756322311, 'fire_exp': 1.165368636520435, 'P_half': 4.213183643253957, 'pre_dampen_half': 107.40052367919465, 'gpp_af': 0.1476584299248268, 'gpp_b': 0.00223436535646235, 'gpp_d': 10.369565216756202, 'ign_k': 8.708806168038567, 'ign_c': 20.03995359361212, 'trop_agb_crit': 1.0911298587990423, 'trop_k_veg': 6.2065960186008615}.
[I 2026-06-08 12:31:23,759] Trial 1138 finished with values: [10.728353015426912, 10.728353015426912] and parameters: {'k1': 0.007299613382801458, 'D_low': 64.39790863101601, 'k2': 0.001462400459012571, 'D_high': 2940.51756322311, 'fire_exp': 2.585960226157379, 'P_half': 220.3445560633069, 'pre_dampen_half': 502.5175192217655, 'gpp_af': 1.9706963379095486, 'gpp_b': 0.0021331409710300844, 'gpp_d': 29.749683811098393, 'ign_k': 0.0680787482656459, 'ign_c': 20.03995359361212, 'trop_agb_crit': 18.785197416433792, 'trop_k_veg': 0.5349971555643298}.
[I 2026-06-08 12:31:24,933] Trial 1139 finished with values: [-0.5238910564160635, 0.10459648872842064] and parameters: {'k1': 0.01889771394135163, 'D_low': 4.484744524732794, 'k2': 1.4665316366397004e-05, 'D_high': 6059.999467262209, 'fire_exp': 1.165368636520435, 'P_half': 4.213183643253957, 'pre_dampen_half': 502.5175192217655, 'gpp_af': 0.017199513788543352, 'gpp_b': 0.0054502936945582505, 'gpp_d': 84.31013932082456, 'ign_k': 8.708806168038567, 'ign_c': 15.221840161091626, 'trop_agb_crit': 7.500118950416987, 'trop_k_veg': 2.194427136482602}.
[I 2026-06-08 12:31:26,198] Trial 1140 finished with values: [10.825951961767696, 10.825951961767696] and parameters: {'k1': 0.01889771394135163, 'D_low': 1.3577269394141454, 'k2': 0.0012040762895973265, 'D_high': 2940.51756322311, 'fire_exp': 1.165368636520435, 'P_half': 4.213183643253957, 'pre_dampen_half': 0.01037746597276956, 'gpp_af': 0.10409127568994281, 'gpp_b': 0.0005752434266899163, 'gpp_d': 84.31013932082456, 'ign_k': 8.708806168038567, 'ign_c': 20.03995359361212, 'trop_agb_crit': 7.500118950416987, 'trop_k_veg': 2.194427136482602}.
[I 2026-06-08 12:31:27,339] Trial 1141 finished with values: [10.195795402294811, 10.195795402294811] and parameters: {'k1': 0.01889771394135163, 'D_low': 1.9623826481168343, 'k2': 0.0012040762895973265, 'D_high': 1493.5213816355397, 'fire_exp': 1.165368636520435, 'P_half': 4.213183643253957, 'pre_dampen_half': 107.40052367919465, 'gpp_af': 0.10409127568994281, 'gpp_b': 0.0005752434266899163, 'gpp_d': 84.31013932082456, 'ign_k': 8.708806168038567, 'ign_c': 15.221840161091626, 'trop_agb_crit': 7.500118950416987, 'trop_k_veg': 2.7863130345574474}.
[I 2026-06-08 12:31:28,456] Trial 1142 finished with values: [-0.5288365007449778, 0.184686151249854] and parameters: {'k1': 0.008287522363768155, 'D_low': 355.00125258511594, 'k2': 0.0012040762895973265, 'D_high': 42210.21267871043, 'fire_exp': 1.3170256885255098, 'P_half': 4.213183643253957, 'pre_dampen_half': 63.6685916079943, 'gpp_af': 0.2204465010099918, 'gpp_b': 0.0021331409710300844, 'gpp_d': 14.792055086678463, 'ign_k': 0.0680787482656459, 'ign_c': 5.13055176058983, 'trop_agb_crit': 24.584290528289387, 'trop_k_veg': 2.520089655463604}.
[I 2026-06-08 12:31:29,569] Trial 1143 finished with values: [-0.5487099399194684, 0.1376697964105108] and parameters: {'k1': 0.008471801418819975, 'D_low': 1.3577269394141454, 'k2': 1.4665316366397004e-05, 'D_high': 1493.5213816355397, 'fire_exp': 1.165368636520435, 'P_half': 12.808863354047988, 'pre_dampen_half': 107.40052367919465, 'gpp_af': 0.2204465010099918, 'gpp_b': 0.0013581822883038843, 'gpp_d': 14.792055086678463, 'ign_k': 1.5024129734649199, 'ign_c': 15.221840161091626, 'trop_agb_crit': 7.500118950416987, 'trop_k_veg': 6.2065960186008615}.
[I 2026-06-08 12:31:30,724] Trial 1144 finished with values: [10.55248559608084, 10.55248559608084] and parameters: {'k1': 2.3548462628715368e-05, 'D_low': 4.484744524732794, 'k2': 1.4665316366397004e-05, 'D_high': 2253.2483815366227, 'fire_exp': 1.165368636520435, 'P_half': 4.213183643253957, 'pre_dampen_half': 107.40052367919465, 'gpp_af': 0.017199513788543352, 'gpp_b': 0.007688424240620812, 'gpp_d': 16.278996489926016, 'ign_k': 8.708806168038567, 'ign_c': 15.221840161091626, 'trop_agb_crit': 7.500118950416987, 'trop_k_veg': 2.194427136482602}.
[I 2026-06-08 12:31:31,934] Trial 1145 finished with values: [10.228790051979404, 10.228790051979404] and parameters: {'k1': 0.03635503353478365, 'D_low': 1.3577269394141454, 'k2': 0.012758211164590085, 'D_high': 2940.51756322311, 'fire_exp': 1.165368636520435, 'P_half': 220.3445560633069, 'pre_dampen_half': 107.40052367919465, 'gpp_af': 1.200191344086032, 'gpp_b': 0.0005752434266899163, 'gpp_d': 150.14555442537656, 'ign_k': 0.0018172487463735136, 'ign_c': 20.889841735420323, 'trop_agb_crit': 4.789307037039607, 'trop_k_veg': 6.9782110227926815}.
[I 2026-06-08 12:31:33,111] Trial 1146 finished with values: [-0.5257879665242223, 0.15497730668870802] and parameters: {'k1': 0.012840669372724958, 'D_low': 355.00125258511594, 'k2': 0.0012040762895973265, 'D_high': 42210.21267871043, 'fire_exp': 1.3170256885255098, 'P_half': 93.43302657318476, 'pre_dampen_half': 502.5175192217655, 'gpp_af': 0.2204465010099918, 'gpp_b': 0.0021331409710300844, 'gpp_d': 1.493264336549928, 'ign_k': 0.0680787482656459, 'ign_c': 5.13055176058983, 'trop_agb_crit': 24.584290528289387, 'trop_k_veg': 3.869465953383845}.
[I 2026-06-08 12:31:34,283] Trial 1147 finished with values: [10.256748838024757, 10.256748838024757] and parameters: {'k1': 0.008471801418819975, 'D_low': 2.143851363193517, 'k2': 1.4665316366397004e-05, 'D_high': 2940.51756322311, 'fire_exp': 1.165368636520435, 'P_half': 12.808863354047988, 'pre_dampen_half': 107.40052367919465, 'gpp_af': 0.017199513788543352, 'gpp_b': 0.0005752434266899163, 'gpp_d': 10.369565216756202, 'ign_k': 8.708806168038567, 'ign_c': 20.03995359361212, 'trop_agb_crit': 7.500118950416987, 'trop_k_veg': 2.194427136482602}.
[I 2026-06-08 12:31:35,590] Trial 1148 finished with values: [-0.5880279973635701, 0.0774722874617425] and parameters: {'k1': 0.008471801418819975, 'D_low': 2.143851363193517, 'k2': 0.012758211164590085, 'D_high': 2940.51756322311, 'fire_exp': 1.0601964743503993, 'P_half': 220.3445560633069, 'pre_dampen_half': 107.40052367919465, 'gpp_af': 0.1476584299248268, 'gpp_b': 0.0005752434266899163, 'gpp_d': 10.369565216756202, 'ign_k': 5.595401979134829, 'ign_c': 20.03995359361212, 'trop_agb_crit': 7.500118950416987, 'trop_k_veg': 0.7579605458363415}.
[I 2026-06-08 12:31:36,772] Trial 1149 finished with values: [-0.5468101701723593, 0.09370547058601997] and parameters: {'k1': 0.001761725951418538, 'D_low': 4.484744524732794, 'k2': 0.0017483983085324361, 'D_high': 1493.5213816355397, 'fire_exp': 1.0601964743503993, 'P_half': 220.3445560633069, 'pre_dampen_half': 502.5175192217655, 'gpp_af': 0.10409127568994281, 'gpp_b': 0.0021331409710300844, 'gpp_d': 29.749683811098393, 'ign_k': 1.4047969156119493, 'ign_c': 20.03995359361212, 'trop_agb_crit': 7.500118950416987, 'trop_k_veg': 0.5349971555643298}.
[I 2026-06-08 12:31:37,880] Trial 1150 finished with values: [10.718687960953602, 10.718687960953602] and parameters: {'k1': 0.008471801418819975, 'D_low': 355.00125258511594, 'k2': 0.0012040762895973265, 'D_high': 2593.8846934540597, 'fire_exp': 1.165368636520435, 'P_half': 508.009400629485, 'pre_dampen_half': 107.40052367919465, 'gpp_af': 10.591195835776093, 'gpp_b': 0.0021331409710300844, 'gpp_d': 2.944272359149677, 'ign_k': 0.0680787482656459, 'ign_c': 20.03995359361212, 'trop_agb_crit': 1.0911298587990423, 'trop_k_veg': 6.2065960186008615}.
[I 2026-06-08 12:31:39,068] Trial 1151 finished with values: [10.298571614093659, 10.298571614093659] and parameters: {'k1': 0.01889771394135163, 'D_low': 1.9623826481168343, 'k2': 0.0012040762895973265, 'D_high': 2940.51756322311, 'fire_exp': 1.8613186123969219, 'P_half': 220.3445560633069, 'pre_dampen_half': 133.42802292606774, 'gpp_af': 0.017199513788543352, 'gpp_b': 0.0005752434266899163, 'gpp_d': 3.099405585241116, 'ign_k': 5.595401979134829, 'ign_c': 20.03995359361212, 'trop_agb_crit': 7.500118950416987, 'trop_k_veg': 2.4978545597116653}.
[I 2026-06-08 12:31:40,660] Trial 1152 finished with values: [10.580321102979351, 10.580321102979351] and parameters: {'k1': 0.01889771394135163, 'D_low': 1.3577269394141454, 'k2': 1.4665316366397004e-05, 'D_high': 3658.5185277368187, 'fire_exp': 1.165368636520435, 'P_half': 4.213183643253957, 'pre_dampen_half': 502.5175192217655, 'gpp_af': 1.200191344086032, 'gpp_b': 0.0005752434266899163, 'gpp_d': 150.14555442537656, 'ign_k': 8.708806168038567, 'ign_c': 15.221840161091626, 'trop_agb_crit': 7.500118950416987, 'trop_k_veg': 2.573214588078609}.
[I 2026-06-08 12:31:41,810] Trial 1153 finished with values: [10.080427972923804, 10.080427972923804] and parameters: {'k1': 0.01889771394135163, 'D_low': 1.3577269394141454, 'k2': 0.0012040762895973265, 'D_high': 1493.5213816355397, 'fire_exp': 1.165368636520435, 'P_half': 4.213183643253957, 'pre_dampen_half': 107.40052367919465, 'gpp_af': 0.017199513788543352, 'gpp_b': 0.0005752434266899163, 'gpp_d': 84.31013932082456, 'ign_k': 8.708806168038567, 'ign_c': 15.221840161091626, 'trop_agb_crit': 7.500118950416987, 'trop_k_veg': 2.194427136482602}.
[I 2026-06-08 12:31:42,906] Trial 1154 finished with values: [-0.5519739274620419, 0.16568470763753929] and parameters: {'k1': 0.008471801418819975, 'D_low': 2.033448213394542, 'k2': 1.4665316366397004e-05, 'D_high': 2940.51756322311, 'fire_exp': 1.165368636520435, 'P_half': 4.213183643253957, 'pre_dampen_half': 107.40052367919465, 'gpp_af': 0.1476584299248268, 'gpp_b': 0.0005752434266899163, 'gpp_d': 84.31013932082456, 'ign_k': 1.4047969156119493, 'ign_c': 15.221840161091626, 'trop_agb_crit': 7.500118950416987, 'trop_k_veg': 2.194427136482602}.
[I 2026-06-08 12:31:44,415] Trial 1155 finished with values: [10.233510366592503, 10.233510366592503] and parameters: {'k1': 0.03635503353478365, 'D_low': 38.82837025280678, 'k2': 0.012758211164590085, 'D_high': 2940.51756322311, 'fire_exp': 1.165368636520435, 'P_half': 4.213183643253957, 'pre_dampen_half': 502.5175192217655, 'gpp_af': 0.05511595477601767, 'gpp_b': 0.0005752434266899163, 'gpp_d': 10.369565216756202, 'ign_k': 8.708806168038567, 'ign_c': 20.03995359361212, 'trop_agb_crit': 3.5747129226002423, 'trop_k_veg': 1.9358464828856796}.
[I 2026-06-08 12:31:46,028] Trial 1156 finished with values: [10.199996059863413, 10.199996059863413] and parameters: {'k1': 0.01889771394135163, 'D_low': 1.9623826481168343, 'k2': 1.4665316366397004e-05, 'D_high': 17.147614717763165, 'fire_exp': 1.165368636520435, 'P_half': 220.3445560633069, 'pre_dampen_half': 107.40052367919465, 'gpp_af': 0.017199513788543352, 'gpp_b': 0.0005752434266899163, 'gpp_d': 0.986538195779616, 'ign_k': 5.595401979134829, 'ign_c': 15.221840161091626, 'trop_agb_crit': 7.500118950416987, 'trop_k_veg': 2.194427136482602}.
[I 2026-06-08 12:31:47,317] Trial 1157 finished with values: [10.539746200984109, 10.539746200984109] and parameters: {'k1': 0.01889771394135163, 'D_low': 2.143851363193517, 'k2': 0.0012040762895973265, 'D_high': 1493.5213816355397, 'fire_exp': 2.1589287943408615, 'P_half': 12.808863354047988, 'pre_dampen_half': 84.03977588241656, 'gpp_af': 0.10409127568994281, 'gpp_b': 0.0005752434266899163, 'gpp_d': 84.31013932082456, 'ign_k': 8.708806168038567, 'ign_c': 20.03995359361212, 'trop_agb_crit': 1.0911298587990423, 'trop_k_veg': 2.573214588078609}.
[I 2026-06-08 12:31:48,553] Trial 1158 finished with values: [10.311999578738925, 10.311999578738925] and parameters: {'k1': 0.008471801418819975, 'D_low': 2.143851363193517, 'k2': 0.012758211164590085, 'D_high': 2940.51756322311, 'fire_exp': 1.3170256885255098, 'P_half': 220.3445560633069, 'pre_dampen_half': 502.5175192217655, 'gpp_af': 0.1476584299248268, 'gpp_b': 0.17623234026513296, 'gpp_d': 10.369565216756202, 'ign_k': 5.595401979134829, 'ign_c': 20.03995359361212, 'trop_agb_crit': 24.584290528289387, 'trop_k_veg': 0.7579605458363415}.
[I 2026-06-08 12:31:49,696] Trial 1159 finished with values: [10.173919501353971, 10.173919501353971] and parameters: {'k1': 0.008471801418819975, 'D_low': 4.484744524732794, 'k2': 0.0012040762895973265, 'D_high': 14271.179172965916, 'fire_exp': 1.0601964743503993, 'P_half': 220.3445560633069, 'pre_dampen_half': 107.40052367919465, 'gpp_af': 0.1476584299248268, 'gpp_b': 0.0005752434266899163, 'gpp_d': 10.369565216756202, 'ign_k': 5.595401979134829, 'ign_c': 20.03995359361212, 'trop_agb_crit': 7.500118950416987, 'trop_k_veg': 2.0980895061968847}.
[I 2026-06-08 12:31:50,898] Trial 1160 finished with values: [-0.583125079280014, 0.04296588719517502] and parameters: {'k1': 0.01889771394135163, 'D_low': 1.9623826481168343, 'k2': 0.0012040762895973265, 'D_high': 1493.5213816355397, 'fire_exp': 1.165368636520435, 'P_half': 12.808863354047988, 'pre_dampen_half': 107.40052367919465, 'gpp_af': 0.1476584299248268, 'gpp_b': 0.0005752434266899163, 'gpp_d': 84.31013932082456, 'ign_k': 8.708806168038567, 'ign_c': 20.03995359361212, 'trop_agb_crit': 7.500118950416987, 'trop_k_veg': 6.2065960186008615}.
[I 2026-06-08 12:31:52,087] Trial 1161 finished with values: [10.117758294330905, 10.117758294330905] and parameters: {'k1': 0.01889771394135163, 'D_low': 4.484744524732794, 'k2': 2.246290894032394e-05, 'D_high': 1493.5213816355397, 'fire_exp': 1.3170256885255098, 'P_half': 2.5449737887285035, 'pre_dampen_half': 502.5175192217655, 'gpp_af': 0.10409127568994281, 'gpp_b': 0.0005752434266899163, 'gpp_d': 84.31013932082456, 'ign_k': 8.708806168038567, 'ign_c': 15.221840161091626, 'trop_agb_crit': 7.500118950416987, 'trop_k_veg': 2.194427136482602}.
[I 2026-06-08 12:31:53,191] Trial 1162 finished with values: [-0.5918961725824664, 0.04460480170581438] and parameters: {'k1': 0.008471801418819975, 'D_low': 2.143851363193517, 'k2': 0.012758211164590085, 'D_high': 1493.5213816355397, 'fire_exp': 1.165368636520435, 'P_half': 4.213183643253957, 'pre_dampen_half': 107.40052367919465, 'gpp_af': 0.1588528422491509, 'gpp_b': 0.0005752434266899163, 'gpp_d': 660.9129108295722, 'ign_k': 8.708806168038567, 'ign_c': 20.03995359361212, 'trop_agb_crit': 3.5747129226002423, 'trop_k_veg': 2.194427136482602}.
[I 2026-06-08 12:31:54,385] Trial 1163 finished with values: [10.045882361383583, 10.045882361383583] and parameters: {'k1': 0.008912611835817005, 'D_low': 4.484744524732794, 'k2': 0.012758211164590085, 'D_high': 2940.51756322311, 'fire_exp': 1.3170256885255098, 'P_half': 220.3445560633069, 'pre_dampen_half': 107.40052367919465, 'gpp_af': 0.1476584299248268, 'gpp_b': 0.0021331409710300844, 'gpp_d': 10.369565216756202, 'ign_k': 8.708806168038567, 'ign_c': 20.03995359361212, 'trop_agb_crit': 24.584290528289387, 'trop_k_veg': 0.5349971555643298}.
[I 2026-06-08 12:31:55,682] Trial 1164 finished with values: [10.445226719285758, 10.445226719285758] and parameters: {'k1': 0.01889771394135163, 'D_low': 4.484744524732794, 'k2': 0.012758211164590085, 'D_high': 2940.51756322311, 'fire_exp': 1.0601964743503993, 'P_half': 220.3445560633069, 'pre_dampen_half': 107.40052367919465, 'gpp_af': 0.1476584299248268, 'gpp_b': 7.668583666862479e-05, 'gpp_d': 84.31013932082456, 'ign_k': 8.708806168038567, 'ign_c': 15.221840161091626, 'trop_agb_crit': 7.500118950416987, 'trop_k_veg': 0.5349971555643298}.
[I 2026-06-08 12:31:56,875] Trial 1165 finished with values: [10.272778511734257, 10.272778511734257] and parameters: {'k1': 0.01889771394135163, 'D_low': 2.143851363193517, 'k2': 0.0002054806895412532, 'D_high': 2940.51756322311, 'fire_exp': 1.165368636520435, 'P_half': 12.808863354047988, 'pre_dampen_half': 107.40052367919465, 'gpp_af': 0.10409127568994281, 'gpp_b': 0.0005752434266899163, 'gpp_d': 150.14555442537656, 'ign_k': 5.595401979134829, 'ign_c': 5.44599783927348, 'trop_agb_crit': 1.0911298587990423, 'trop_k_veg': 0.639227649887817}.
[I 2026-06-08 12:31:57,981] Trial 1166 finished with values: [10.124999838517478, 10.124999838517478] and parameters: {'k1': 0.01889771394135163, 'D_low': 4.484744524732794, 'k2': 7.628652121629366e-05, 'D_high': 1493.5213816355397, 'fire_exp': 1.165368636520435, 'P_half': 4.213183643253957, 'pre_dampen_half': 107.40052367919465, 'gpp_af': 10.178541681137117, 'gpp_b': 0.0005752434266899163, 'gpp_d': 84.31013932082456, 'ign_k': 6.891386015952696, 'ign_c': 15.221840161091626, 'trop_agb_crit': 7.500118950416987, 'trop_k_veg': 2.194427136482602}.
[I 2026-06-08 12:31:59,103] Trial 1167 finished with values: [10.564692012357146, 10.564692012357146] and parameters: {'k1': 0.01889771394135163, 'D_low': 1.9623826481168343, 'k2': 0.012758211164590085, 'D_high': 1493.5213816355397, 'fire_exp': 1.165368636520435, 'P_half': 12.808863354047988, 'pre_dampen_half': 107.40052367919465, 'gpp_af': 0.017199513788543352, 'gpp_b': 0.03884648824992858, 'gpp_d': 660.9129108295722, 'ign_k': 8.708806168038567, 'ign_c': 20.03995359361212, 'trop_agb_crit': 7.500118950416987, 'trop_k_veg': 6.9782110227926815}.
[I 2026-06-08 12:32:00,241] Trial 1168 finished with values: [-0.5814648718429027, 0.04838670293101843] and parameters: {'k1': 0.01889771394135163, 'D_low': 1.3577269394141454, 'k2': 0.0012040762895973265, 'D_high': 1493.5213816355397, 'fire_exp': 1.165368636520435, 'P_half': 4.213183643253957, 'pre_dampen_half': 107.40052367919465, 'gpp_af': 0.10409127568994281, 'gpp_b': 0.0005752434266899163, 'gpp_d': 150.14555442537656, 'ign_k': 8.708806168038567, 'ign_c': 20.03995359361212, 'trop_agb_crit': 7.500118950416987, 'trop_k_veg': 2.573214588078609}.
[I 2026-06-08 12:32:01,906] Trial 1169 finished with values: [-0.5654129152528258, 0.12745989735978525] and parameters: {'k1': 0.008471801418819975, 'D_low': 2.143851363193517, 'k2': 0.0012040762895973265, 'D_high': 1493.5213816355397, 'fire_exp': 1.165368636520435, 'P_half': 12.808863354047988, 'pre_dampen_half': 107.40052367919465, 'gpp_af': 0.2204465010099918, 'gpp_b': 0.0021331409710300844, 'gpp_d': 84.31013932082456, 'ign_k': 1.5024129734649199, 'ign_c': 15.221840161091626, 'trop_agb_crit': 7.500118950416987, 'trop_k_veg': 0.5349971555643298}.
[I 2026-06-08 12:32:03,189] Trial 1170 finished with values: [10.187737122347507, 10.187737122347507] and parameters: {'k1': 0.01889771394135163, 'D_low': 2.143851363193517, 'k2': 0.0012040762895973265, 'D_high': 2940.51756322311, 'fire_exp': 1.165368636520435, 'P_half': 4.213183643253957, 'pre_dampen_half': 107.40052367919465, 'gpp_af': 0.10409127568994281, 'gpp_b': 0.0005752434266899163, 'gpp_d': 10.369565216756202, 'ign_k': 8.708806168038567, 'ign_c': 20.03995359361212, 'trop_agb_crit': 12.20853696107838, 'trop_k_veg': 6.2065960186008615}.
[I 2026-06-08 12:32:04,442] Trial 1171 finished with values: [-0.5919542642310629, 0.055328385684348835] and parameters: {'k1': 0.01889771394135163, 'D_low': 1.9623826481168343, 'k2': 0.012758211164590085, 'D_high': 1493.5213816355397, 'fire_exp': 1.3170256885255098, 'P_half': 4.213183643253957, 'pre_dampen_half': 107.40052367919465, 'gpp_af': 1.200191344086032, 'gpp_b': 0.0005752434266899163, 'gpp_d': 660.9129108295722, 'ign_k': 8.708806168038567, 'ign_c': 20.03995359361212, 'trop_agb_crit': 3.5747129226002423, 'trop_k_veg': 7.963430468552991}.
[I 2026-06-08 12:32:05,711] Trial 1172 finished with values: [10.220644104886892, 10.220644104886892] and parameters: {'k1': 0.01889771394135163, 'D_low': 38.82837025280678, 'k2': 0.012758211164590085, 'D_high': 1493.5213816355397, 'fire_exp': 1.165368636520435, 'P_half': 220.3445560633069, 'pre_dampen_half': 107.40052367919465, 'gpp_af': 0.05511595477601767, 'gpp_b': 0.0005752434266899163, 'gpp_d': 232.60260771259067, 'ign_k': 8.708806168038567, 'ign_c': 20.03995359361212, 'trop_agb_crit': 1.0911298587990423, 'trop_k_veg': 2.194427136482602}.
[I 2026-06-08 12:32:06,940] Trial 1173 finished with values: [10.353951321967987, 10.353951321967987] and parameters: {'k1': 0.007299613382801458, 'D_low': 4.484744524732794, 'k2': 0.0012040762895973265, 'D_high': 2940.51756322311, 'fire_exp': 1.0601964743503993, 'P_half': 220.3445560633069, 'pre_dampen_half': 107.40052367919465, 'gpp_af': 1.9706963379095486, 'gpp_b': 0.0005752434266899163, 'gpp_d': 0.986538195779616, 'ign_k': 1.4047969156119493, 'ign_c': 20.03995359361212, 'trop_agb_crit': 7.500118950416987, 'trop_k_veg': 2.4978545597116653}.
[I 2026-06-08 12:32:08,107] Trial 1174 finished with values: [10.184861125898513, 10.184861125898513] and parameters: {'k1': 0.01889771394135163, 'D_low': 1.3577269394141454, 'k2': 0.012758211164590085, 'D_high': 1493.5213816355397, 'fire_exp': 1.3170256885255098, 'P_half': 4.213183643253957, 'pre_dampen_half': 107.40052367919465, 'gpp_af': 1.200191344086032, 'gpp_b': 0.0005752434266899163, 'gpp_d': 150.14555442537656, 'ign_k': 8.708806168038567, 'ign_c': 20.03995359361212, 'trop_agb_crit': 18.785197416433792, 'trop_k_veg': 6.2065960186008615}.
