[I 2026-06-10 21:49:40,512] Trial 1085 finished with values: [10.125324206629797, 10.125324206629797] and parameters: {'k1': 0.012840669372724958, 'D_low': 97.43142535650219, 'k2': 0.002884223471687844, 'D_high': 1384.332853353327, 'fire_exp': 1.2781983515972553, 'P_half': 221.2683656611821, 'pre_dampen_half': 243.70551632385417, 'gpp_af': 0.22965432344634354, 'gpp_b': 2.176805640408474e-05, 'gpp_d': 229.41380323183625, 'ign_k': 5.351470428717437, 'ign_c': 22.126836566118193, 'trop_agb_crit': 10.215415653610627, 'trop_k_veg': 4.7254560805090735, 'fuel_k': 0.28328975157735103, 'fuel_half': 11.781063202742125}.
[I 2026-06-10 21:49:42,660] Trial 1086 finished with values: [10.330030066828723, 10.330030066828723] and parameters: {'k1': 0.05466937478766084, 'D_low': 97.43142535650219, 'k2': 0.002884223471687844, 'D_high': 40237.59749324181, 'fire_exp': 4.610942284688801, 'P_half': 93.43302657318476, 'pre_dampen_half': 565.0116730717873, 'gpp_af': 0.019225729985674112, 'gpp_b': 0.0003790316006121243, 'gpp_d': 229.41380323183625, 'ign_k': 6.344955605329754, 'ign_c': 22.126836566118193, 'trop_agb_crit': 15.68644624233575, 'trop_k_veg': 1.331829048405031, 'fuel_k': 0.4182971994460706, 'fuel_half': 11.781063202742125}.
[I 2026-06-10 21:49:44,984] Trial 1087 finished with values: [-0.6047531515175286, 0.24916881816608683] and parameters: {'k1': 0.0006579066240690734, 'D_low': 62.970710761105074, 'k2': 0.002884223471687844, 'D_high': 3512.7047262708465, 'fire_exp': 1.2781983515972553, 'P_half': 93.43302657318476, 'pre_dampen_half': 857.6556763881457, 'gpp_af': 0.3002317246575309, 'gpp_b': 0.005419266601560437, 'gpp_d': 12.6084874067596, 'ign_k': 1.1044350847124695, 'ign_c': 0.6004682478324445, 'trop_agb_crit': 10.215415653610627, 'trop_k_veg': 6.45312300188076, 'fuel_k': 0.4182971994460706, 'fuel_half': 11.781063202742125}.
[I 2026-06-10 21:49:47,246] Trial 1088 finished with values: [10.007785920683782, 10.007785920683782] and parameters: {'k1': 0.012840669372724958, 'D_low': 97.43142535650219, 'k2': 0.002884223471687844, 'D_high': 2289.1315306837046, 'fire_exp': 1.2781983515972553, 'P_half': 221.2683656611821, 'pre_dampen_half': 857.6556763881457, 'gpp_af': 0.22965432344634354, 'gpp_b': 0.005419266601560437, 'gpp_d': 229.41380323183625, 'ign_k': 1.1044350847124695, 'ign_c': 22.126836566118193, 'trop_agb_crit': 2.679156169946616, 'trop_k_veg': 4.129715873342728, 'fuel_k': 4.710433409437072, 'fuel_half': 11.781063202742125}.
[I 2026-06-10 21:49:49,411] Trial 1089 finished with values: [-0.6830118916875245, 0.23548224169140208] and parameters: {'k1': 0.05466937478766084, 'D_low': 97.43142535650219, 'k2': 0.002884223471687844, 'D_high': 2289.1315306837046, 'fire_exp': 1.4126958348191876, 'P_half': 221.2683656611821, 'pre_dampen_half': 857.6556763881457, 'gpp_af': 0.22965432344634354, 'gpp_b': 1.284284091405877e-05, 'gpp_d': 229.41380323183625, 'ign_k': 1.1044350847124695, 'ign_c': 22.126836566118193, 'trop_agb_crit': 10.215415653610627, 'trop_k_veg': 3.376529607942905, 'fuel_k': 0.28328975157735103, 'fuel_half': 11.781063202742125}.
[I 2026-06-10 21:49:52,289] Trial 1090 finished with values: [-0.8103459684406616, 0.13585053053112894] and parameters: {'k1': 0.012840669372724958, 'D_low': 5.351452349843333, 'k2': 0.002884223471687844, 'D_high': 2289.1315306837046, 'fire_exp': 1.2781983515972553, 'P_half': 221.2683656611821, 'pre_dampen_half': 857.6556763881457, 'gpp_af': 0.3002317246575309, 'gpp_b': 0.005419266601560437, 'gpp_d': 229.41380323183625, 'ign_k': 1.1044350847124695, 'ign_c': 22.126836566118193, 'trop_agb_crit': 10.215415653610627, 'trop_k_veg': 3.376529607942905, 'fuel_k': 4.710433409437072, 'fuel_half': 11.781063202742125}.
[I 2026-06-10 21:49:54,618] Trial 1091 finished with values: [10.108918204559002, 10.108918204559002] and parameters: {'k1': 0.012840669372724958, 'D_low': 40.12413353131991, 'k2': 0.004708159793250189, 'D_high': 3512.7047262708465, 'fire_exp': 1.2781983515972553, 'P_half': 221.2683656611821, 'pre_dampen_half': 243.70551632385417, 'gpp_af': 0.22965432344634354, 'gpp_b': 0.005419266601560437, 'gpp_d': 5.492846275210879, 'ign_k': 1.1044350847124695, 'ign_c': 22.126836566118193, 'trop_agb_crit': 6.751197593534963, 'trop_k_veg': 4.7254560805090735, 'fuel_k': 4.710433409437072, 'fuel_half': 77.65748163444492}.
[I 2026-06-10 21:49:56,690] Trial 1092 finished with values: [-0.7673989037852188, 0.2698963256722531] and parameters: {'k1': 0.05466937478766084, 'D_low': 97.43142535650219, 'k2': 0.002884223471687844, 'D_high': 2289.1315306837046, 'fire_exp': 1.2781983515972553, 'P_half': 221.2683656611821, 'pre_dampen_half': 857.6556763881457, 'gpp_af': 0.6321802404315148, 'gpp_b': 1.284284091405877e-05, 'gpp_d': 6.478643450593011, 'ign_k': 5.588430421438937, 'ign_c': 22.126836566118193, 'trop_agb_crit': 2.679156169946616, 'trop_k_veg': 4.7254560805090735, 'fuel_k': 4.710433409437072, 'fuel_half': 11.781063202742125}.
[I 2026-06-10 21:49:58,696] Trial 1093 finished with values: [10.345560721450008, 10.345560721450008] and parameters: {'k1': 0.002155595057104387, 'D_low': 37.35862630812753, 'k2': 0.002884223471687844, 'D_high': 3512.7047262708465, 'fire_exp': 1.2781983515972553, 'P_half': 221.2683656611821, 'pre_dampen_half': 857.6556763881457, 'gpp_af': 0.3002317246575309, 'gpp_b': 2.176805640408474e-05, 'gpp_d': 59.94537656798816, 'ign_k': 4.591485216740537, 'ign_c': 22.126836566118193, 'trop_agb_crit': 2.679156169946616, 'trop_k_veg': 5.876643247346733, 'fuel_k': 4.710433409437072, 'fuel_half': 1.3323297901105768}.
[I 2026-06-10 21:50:00,802] Trial 1094 finished with values: [10.417300447371687, 10.417300447371687] and parameters: {'k1': 0.002155595057104387, 'D_low': 36.07301614542843, 'k2': 0.002173988526401145, 'D_high': 409.18595179278975, 'fire_exp': 1.423480109671474, 'P_half': 13.30003421978439, 'pre_dampen_half': 565.0116730717873, 'gpp_af': 0.3002317246575309, 'gpp_b': 0.0001484082099455773, 'gpp_d': 6.478643450593011, 'ign_k': 3.965503094323014, 'ign_c': 0.4944223106753942, 'trop_agb_crit': 5.526463318565575, 'trop_k_veg': 6.45312300188076, 'fuel_k': 0.8524702596592678, 'fuel_half': 11.781063202742125}.
[I 2026-06-10 21:50:02,996] Trial 1095 finished with values: [10.55083080468001, 10.55083080468001] and parameters: {'k1': 0.00045102062878998736, 'D_low': 97.43142535650219, 'k2': 0.002884223471687844, 'D_high': 2289.1315306837046, 'fire_exp': 1.1103154430776774, 'P_half': 93.43302657318476, 'pre_dampen_half': 565.0116730717873, 'gpp_af': 0.3002317246575309, 'gpp_b': 1.284284091405877e-05, 'gpp_d': 0.018251114783155144, 'ign_k': 0.8599189552684969, 'ign_c': 22.126836566118193, 'trop_agb_crit': 10.215415653610627, 'trop_k_veg': 4.129715873342728, 'fuel_k': 4.710433409437072, 'fuel_half': 1.9170041589170652}.
[I 2026-06-10 21:50:05,070] Trial 1096 finished with values: [10.09807421460279, 10.09807421460279] and parameters: {'k1': 0.012840669372724958, 'D_low': 40.12413353131991, 'k2': 0.0004733400761327899, 'D_high': 3512.7047262708465, 'fire_exp': 1.2781983515972553, 'P_half': 13.30003421978439, 'pre_dampen_half': 243.70551632385417, 'gpp_af': 0.22965432344634354, 'gpp_b': 0.005419266601560437, 'gpp_d': 5.492846275210879, 'ign_k': 1.1044350847124695, 'ign_c': 22.126836566118193, 'trop_agb_crit': 6.751197593534963, 'trop_k_veg': 1.4031488821947427, 'fuel_k': 0.5182294818798785, 'fuel_half': 1.9780198649348861}.
[I 2026-06-10 21:50:07,028] Trial 1097 finished with values: [10.090742445435088, 10.090742445435088] and parameters: {'k1': 0.0868318308250935, 'D_low': 5.351452349843333, 'k2': 0.002173988526401145, 'D_high': 3717.5840668808005, 'fire_exp': 1.2781983515972553, 'P_half': 93.43302657318476, 'pre_dampen_half': 857.6556763881457, 'gpp_af': 0.3002317246575309, 'gpp_b': 2.176805640408474e-05, 'gpp_d': 14.423399576193098, 'ign_k': 0.8599189552684969, 'ign_c': 22.126836566118193, 'trop_agb_crit': 2.679156169946616, 'trop_k_veg': 4.7254560805090735, 'fuel_k': 4.710433409437072, 'fuel_half': 11.781063202742125}.
[I 2026-06-10 21:50:09,173] Trial 1098 finished with values: [10.744805939267597, 10.744805939267597] and parameters: {'k1': 0.012840669372724958, 'D_low': 5.351452349843333, 'k2': 0.00010980728756907093, 'D_high': 3512.7047262708465, 'fire_exp': 5.380479301007963, 'P_half': 13.30003421978439, 'pre_dampen_half': 857.6556763881457, 'gpp_af': 0.3002317246575309, 'gpp_b': 0.005419266601560437, 'gpp_d': 32.54021513867688, 'ign_k': 0.8599189552684969, 'ign_c': 22.126836566118193, 'trop_agb_crit': 2.079118578643291, 'trop_k_veg': 6.45312300188076, 'fuel_k': 4.710433409437072, 'fuel_half': 11.781063202742125}.
[I 2026-06-10 21:50:11,374] Trial 1099 finished with values: [-0.7892187883547503, 0.2938677964265256] and parameters: {'k1': 0.03865036856259725, 'D_low': 37.35862630812753, 'k2': 0.002173988526401145, 'D_high': 3717.5840668808005, 'fire_exp': 1.4126958348191876, 'P_half': 93.43302657318476, 'pre_dampen_half': 565.0116730717873, 'gpp_af': 0.22965432344634354, 'gpp_b': 0.0009153552948098625, 'gpp_d': 229.41380323183625, 'ign_k': 6.344955605329754, 'ign_c': 22.126836566118193, 'trop_agb_crit': 15.68644624233575, 'trop_k_veg': 4.7254560805090735, 'fuel_k': 0.4182971994460706, 'fuel_half': 11.781063202742125}.
[I 2026-06-10 21:50:14,153] Trial 1100 finished with values: [-0.7820536156465852, 0.21013039601252692] and parameters: {'k1': 0.02228708726011016, 'D_low': 97.43142535650219, 'k2': 0.002884223471687844, 'D_high': 1384.332853353327, 'fire_exp': 1.1103154430776774, 'P_half': 221.2683656611821, 'pre_dampen_half': 857.6556763881457, 'gpp_af': 0.22965432344634354, 'gpp_b': 2.176805640408474e-05, 'gpp_d': 806.2791930582829, 'ign_k': 1.1044350847124695, 'ign_c': 22.126836566118193, 'trop_agb_crit': 10.215415653610627, 'trop_k_veg': 3.1997247840069356, 'fuel_k': 4.710433409437072, 'fuel_half': 11.781063202742125}.
[I 2026-06-10 21:50:16,069] Trial 1101 finished with values: [-0.7651081540900257, 0.4237418703536274] and parameters: {'k1': 0.03865036856259725, 'D_low': 16.312233285809263, 'k2': 0.002884223471687844, 'D_high': 40237.59749324181, 'fire_exp': 1.2781983515972553, 'P_half': 221.2683656611821, 'pre_dampen_half': 857.6556763881457, 'gpp_af': 0.019225729985674112, 'gpp_b': 0.0003790316006121243, 'gpp_d': 229.41380323183625, 'ign_k': 6.344955605329754, 'ign_c': 22.126836566118193, 'trop_agb_crit': 2.679156169946616, 'trop_k_veg': 6.45312300188076, 'fuel_k': 0.4182971994460706, 'fuel_half': 11.781063202742125}.
[I 2026-06-10 21:50:17,948] Trial 1102 finished with values: [10.769230769038703, 10.769230769038703] and parameters: {'k1': 0.012840669372724958, 'D_low': 97.43142535650219, 'k2': 0.002884223471687844, 'D_high': 106.19895658396987, 'fire_exp': 1.2781983515972553, 'P_half': 221.2683656611821, 'pre_dampen_half': 857.6556763881457, 'gpp_af': 0.3002317246575309, 'gpp_b': 0.005419266601560437, 'gpp_d': 229.41380323183625, 'ign_k': 1.1044350847124695, 'ign_c': 41.3712274169079, 'trop_agb_crit': 10.215415653610627, 'trop_k_veg': 3.376529607942905, 'fuel_k': 4.710433409437072, 'fuel_half': 11.781063202742125}.
[I 2026-06-10 21:50:19,940] Trial 1103 finished with values: [-0.7631176891242082, 0.20849943900457246] and parameters: {'k1': 0.05466937478766084, 'D_low': 97.43142535650219, 'k2': 0.015109086063191909, 'D_high': 3512.7047262708465, 'fire_exp': 1.2781983515972553, 'P_half': 221.2683656611821, 'pre_dampen_half': 565.0116730717873, 'gpp_af': 0.009783362909802898, 'gpp_b': 4.5542534088169265e-05, 'gpp_d': 6.478643450593011, 'ign_k': 5.351470428717437, 'ign_c': 22.126836566118193, 'trop_agb_crit': 10.691477813613638, 'trop_k_veg': 6.45312300188076, 'fuel_k': 0.9221804185592763, 'fuel_half': 11.781063202742125}.
[I 2026-06-10 21:50:21,824] Trial 1104 finished with values: [-0.6304109521418599, 0.1664528054580764] and parameters: {'k1': 0.0868318308250935, 'D_low': 40.12413353131991, 'k2': 0.002884223471687844, 'D_high': 1384.332853353327, 'fire_exp': 1.2781983515972553, 'P_half': 221.2683656611821, 'pre_dampen_half': 857.6556763881457, 'gpp_af': 0.3002317246575309, 'gpp_b': 0.005419266601560437, 'gpp_d': 229.41380323183625, 'ign_k': 5.351470428717437, 'ign_c': 0.6004682478324445, 'trop_agb_crit': 10.215415653610627, 'trop_k_veg': 0.5856939449129789, 'fuel_k': 0.4182971994460706, 'fuel_half': 11.781063202742125}.
[I 2026-06-10 21:50:23,690] Trial 1105 finished with values: [10.012287198137379, 10.012287198137379] and parameters: {'k1': 0.05466937478766084, 'D_low': 5.351452349843333, 'k2': 0.002884223471687844, 'D_high': 1825.2443731979224, 'fire_exp': 1.3806513288500464, 'P_half': 221.2683656611821, 'pre_dampen_half': 565.0116730717873, 'gpp_af': 0.019225729985674112, 'gpp_b': 0.005419266601560437, 'gpp_d': 6.478643450593011, 'ign_k': 5.351470428717437, 'ign_c': 22.126836566118193, 'trop_agb_crit': 10.215415653610627, 'trop_k_veg': 4.6587922535200255, 'fuel_k': 4.710433409437072, 'fuel_half': 11.781063202742125}.
[I 2026-06-10 21:50:25,724] Trial 1106 finished with values: [10.144834467077882, 10.144834467077882] and parameters: {'k1': 0.012840669372724958, 'D_low': 5.351452349843333, 'k2': 0.002884223471687844, 'D_high': 3512.7047262708465, 'fire_exp': 1.4126958348191876, 'P_half': 221.2683656611821, 'pre_dampen_half': 857.6556763881457, 'gpp_af': 0.3002317246575309, 'gpp_b': 1.284284091405877e-05, 'gpp_d': 4.317251206640923, 'ign_k': 5.351470428717437, 'ign_c': 7.173480907515078, 'trop_agb_crit': 2.679156169946616, 'trop_k_veg': 6.45312300188076, 'fuel_k': 4.710433409437072, 'fuel_half': 11.781063202742125}.
[I 2026-06-10 21:50:27,855] Trial 1107 finished with values: [10.769230769178105, 10.769230769178105] and parameters: {'k1': 0.05466937478766084, 'D_low': 7727.18515155253, 'k2': 0.002884223471687844, 'D_high': 2289.1315306837046, 'fire_exp': 1.4126958348191876, 'P_half': 221.2683656611821, 'pre_dampen_half': 857.6556763881457, 'gpp_af': 0.3002317246575309, 'gpp_b': 0.0001484082099455773, 'gpp_d': 6.478643450593011, 'ign_k': 5.351470428717437, 'ign_c': 22.126836566118193, 'trop_agb_crit': 10.215415653610627, 'trop_k_veg': 4.7254560805090735, 'fuel_k': 4.710433409437072, 'fuel_half': 11.781063202742125}.
[I 2026-06-10 21:50:29,852] Trial 1108 finished with values: [-0.73138018964043, 0.07811770851597721] and parameters: {'k1': 0.05466937478766084, 'D_low': 5.351452349843333, 'k2': 0.002884223471687844, 'D_high': 1384.332853353327, 'fire_exp': 1.2781983515972553, 'P_half': 221.2683656611821, 'pre_dampen_half': 857.6556763881457, 'gpp_af': 0.3002317246575309, 'gpp_b': 0.005419266601560437, 'gpp_d': 229.41380323183625, 'ign_k': 1.1044350847124695, 'ign_c': 22.126836566118193, 'trop_agb_crit': 10.215415653610627, 'trop_k_veg': 4.7254560805090735, 'fuel_k': 0.28328975157735103, 'fuel_half': 11.781063202742125}.
[I 2026-06-10 21:50:31,670] Trial 1109 finished with values: [-0.6515135633829466, 0.2373146412311683] and parameters: {'k1': 0.05466937478766084, 'D_low': 2.4474057445796826, 'k2': 0.015109086063191909, 'D_high': 409.18595179278975, 'fire_exp': 1.2781983515972553, 'P_half': 13.30003421978439, 'pre_dampen_half': 565.0116730717873, 'gpp_af': 0.3002317246575309, 'gpp_b': 1.284284091405877e-05, 'gpp_d': 6.478643450593011, 'ign_k': 5.351470428717437, 'ign_c': 0.4944223106753942, 'trop_agb_crit': 10.215415653610627, 'trop_k_veg': 4.7254560805090735, 'fuel_k': 0.2503625235956924, 'fuel_half': 1.0921924740205375}.
[I 2026-06-10 21:50:33,675] Trial 1110 finished with values: [10.099467737555873, 10.099467737555873] and parameters: {'k1': 0.05466937478766084, 'D_low': 5.351452349843333, 'k2': 0.002884223471687844, 'D_high': 1181.1772263023133, 'fire_exp': 1.3806513288500464, 'P_half': 271.7121699145744, 'pre_dampen_half': 857.6556763881457, 'gpp_af': 0.019225729985674112, 'gpp_b': 0.0003790316006121243, 'gpp_d': 229.41380323183625, 'ign_k': 6.344955605329754, 'ign_c': 22.126836566118193, 'trop_agb_crit': 10.215415653610627, 'trop_k_veg': 1.331829048405031, 'fuel_k': 0.4182971994460706, 'fuel_half': 11.781063202742125}.
[I 2026-06-10 21:50:36,152] Trial 1111 finished with values: [-0.8028393288027601, 0.10209346489516591] and parameters: {'k1': 0.05466937478766084, 'D_low': 5.351452349843333, 'k2': 0.002173988526401145, 'D_high': 2289.1315306837046, 'fire_exp': 1.4126958348191876, 'P_half': 221.2683656611821, 'pre_dampen_half': 857.6556763881457, 'gpp_af': 0.22965432344634354, 'gpp_b': 0.005419266601560437, 'gpp_d': 14.423399576193098, 'ign_k': 1.1044350847124695, 'ign_c': 22.126836566118193, 'trop_agb_crit': 10.215415653610627, 'trop_k_veg': 4.7254560805090735, 'fuel_k': 4.710433409437072, 'fuel_half': 11.781063202742125}.
[I 2026-06-10 21:50:37,938] Trial 1112 finished with values: [-0.8048799269030263, 0.14683858130521987] and parameters: {'k1': 0.012840669372724958, 'D_low': 5.351452349843333, 'k2': 0.002884223471687844, 'D_high': 3512.7047262708465, 'fire_exp': 1.2781983515972553, 'P_half': 221.2683656611821, 'pre_dampen_half': 857.6556763881457, 'gpp_af': 0.3002317246575309, 'gpp_b': 0.005419266601560437, 'gpp_d': 4.317251206640923, 'ign_k': 0.8599189552684969, 'ign_c': 22.126836566118193, 'trop_agb_crit': 2.679156169946616, 'trop_k_veg': 4.6587922535200255, 'fuel_k': 4.710433409437072, 'fuel_half': 11.781063202742125}.
[I 2026-06-10 21:50:39,957] Trial 1113 finished with values: [10.463040405874166, 10.463040405874166] and parameters: {'k1': 0.0006579066240690734, 'D_low': 323.7668055684038, 'k2': 0.004708159793250189, 'D_high': 3512.7047262708465, 'fire_exp': 2.2361780082940723, 'P_half': 221.2683656611821, 'pre_dampen_half': 857.6556763881457, 'gpp_af': 0.22965432344634354, 'gpp_b': 0.005419266601560437, 'gpp_d': 5.492846275210879, 'ign_k': 1.1044350847124695, 'ign_c': 0.5655677524618509, 'trop_agb_crit': 6.751197593534963, 'trop_k_veg': 6.45312300188076, 'fuel_k': 0.4182971994460706, 'fuel_half': 0.17450366043682808}.
[I 2026-06-10 21:50:41,955] Trial 1114 finished with values: [-0.6561646045304077, 0.17387579708213496] and parameters: {'k1': 0.05466937478766084, 'D_low': 36.82161160206094, 'k2': 0.002884223471687844, 'D_high': 1384.332853353327, 'fire_exp': 1.2781983515972553, 'P_half': 221.2683656611821, 'pre_dampen_half': 857.6556763881457, 'gpp_af': 0.3002317246575309, 'gpp_b': 2.176805640408474e-05, 'gpp_d': 229.41380323183625, 'ign_k': 1.1044350847124695, 'ign_c': 22.126836566118193, 'trop_agb_crit': 10.215415653610627, 'trop_k_veg': 6.45312300188076, 'fuel_k': 0.020747957391736738, 'fuel_half': 11.781063202742125}.
[I 2026-06-10 21:50:43,774] Trial 1115 finished with values: [10.738232491196744, 10.738232491196744] and parameters: {'k1': 0.05466937478766084, 'D_low': 37.35862630812753, 'k2': 0.002884223471687844, 'D_high': 2289.1315306837046, 'fire_exp': 1.4126958348191876, 'P_half': 221.2683656611821, 'pre_dampen_half': 565.0116730717873, 'gpp_af': 0.22965432344634354, 'gpp_b': 0.030192753723920055, 'gpp_d': 0.05704717510936691, 'ign_k': 0.00796650292267966, 'ign_c': 22.126836566118193, 'trop_agb_crit': 10.215415653610627, 'trop_k_veg': 4.7254560805090735, 'fuel_k': 0.28328975157735103, 'fuel_half': 11.781063202742125}.
[I 2026-06-10 21:50:45,761] Trial 1116 finished with values: [10.198742155103849, 10.198742155103849] and parameters: {'k1': 0.05466937478766084, 'D_low': 40.12413353131991, 'k2': 0.002356011124480671, 'D_high': 1384.332853353327, 'fire_exp': 1.7822419482137914, 'P_half': 221.2683656611821, 'pre_dampen_half': 857.6556763881457, 'gpp_af': 0.3002317246575309, 'gpp_b': 1.284284091405877e-05, 'gpp_d': 229.41380323183625, 'ign_k': 1.1044350847124695, 'ign_c': 22.126836566118193, 'trop_agb_crit': 10.215415653610627, 'trop_k_veg': 4.7254560805090735, 'fuel_k': 0.28328975157735103, 'fuel_half': 11.781063202742125}.
[I 2026-06-10 21:50:48,012] Trial 1117 finished with values: [10.56483911204508, 10.56483911204508] and parameters: {'k1': 0.05466937478766084, 'D_low': 37.35862630812753, 'k2': 0.002884223471687844, 'D_high': 2289.1315306837046, 'fire_exp': 1.4126958348191876, 'P_half': 221.2683656611821, 'pre_dampen_half': 565.0116730717873, 'gpp_af': 0.3002317246575309, 'gpp_b': 0.0001484082099455773, 'gpp_d': 6.478643450593011, 'ign_k': 1.0127455512700312, 'ign_c': 0.4944223106753942, 'trop_agb_crit': 9.341194710265947, 'trop_k_veg': 4.7254560805090735, 'fuel_k': 2.3074912597235855, 'fuel_half': 1.0921924740205375}.
[I 2026-06-10 21:50:50,642] Trial 1118 finished with values: [10.050689198445939, 10.050689198445939] and parameters: {'k1': 0.0006579066240690734, 'D_low': 40.12413353131991, 'k2': 0.002173988526401145, 'D_high': 3512.7047262708465, 'fire_exp': 1.2781983515972553, 'P_half': 13.30003421978439, 'pre_dampen_half': 857.6556763881457, 'gpp_af': 0.3002317246575309, 'gpp_b': 0.005419266601560437, 'gpp_d': 32.54021513867688, 'ign_k': 1.1044350847124695, 'ign_c': 22.126836566118193, 'trop_agb_crit': 2.079118578643291, 'trop_k_veg': 3.376529607942905, 'fuel_k': 4.710433409437072, 'fuel_half': 11.781063202742125}.
[I 2026-06-10 21:50:53,024] Trial 1119 finished with values: [11.534899418367559, 11.534899418367559] and parameters: {'k1': 0.0006579066240690734, 'D_low': 175.74830822120956, 'k2': 0.002884223471687844, 'D_high': 3512.7047262708465, 'fire_exp': 1.2781983515972553, 'P_half': 221.2683656611821, 'pre_dampen_half': 857.6556763881457, 'gpp_af': 0.22965432344634354, 'gpp_b': 0.005419266601560437, 'gpp_d': 5.492846275210879, 'ign_k': 1.0127455512700312, 'ign_c': 0.5655677524618509, 'trop_agb_crit': 9.341194710265947, 'trop_k_veg': 4.7254560805090735, 'fuel_k': 4.710433409437072, 'fuel_half': 0.17450366043682808}.
