[I 2026-08-20 00:32:48,127] Trial 869 finished with value: 0.605995352127238 and parameters: {'k1': 0.006785073493225336, 'D_low': 3.984840123052371, 'k2': 0.0013143142973144348, 'D_high': 761428.5260521449, 'fire_exp': 4.519749056778209, 'P_half': 41.68245327834471, 'pre_dampen_half': 11.134375026587396, 'gpp_af': 0.006451929418126392, 'gpp_b': 0.0069053851317954365, 'gpp_d': 185.96991656689772, 'ign_k': 0.8165318808946846, 'ign_c': 5.270049682298127, 'trop_agb_crit': 1.935851429882685, 'trop_k_veg': 5.6037542417946895}. Best is trial 0 with value: -0.5989088506199346.
[I 2026-08-20 00:32:49,520] Trial 870 finished with value: -0.5750329593703666 and parameters: {'k1': 0.021176733512051644, 'D_low': 264.24982933967516, 'k2': 0.008621064293589447, 'D_high': 348668.89504575694, 'fire_exp': 3.998191577612242, 'P_half': 45.839611931340784, 'pre_dampen_half': 4.599517644679407, 'gpp_af': 0.175887542563811, 'gpp_b': 2.2768857102063415e-05, 'gpp_d': 31.665038126051375, 'ign_k': 4.864783950325714, 'ign_c': 1.3163205741632829, 'trop_agb_crit': 7.107268259610432, 'trop_k_veg': 3.2050007888224417}. Best is trial 0 with value: -0.5989088506199346.
[I 2026-08-20 00:32:50,896] Trial 871 finished with value: 0.5285120755887824 and parameters: {'k1': 0.05485721550467171, 'D_low': 14.387976692633607, 'k2': 0.004916133480783202, 'D_high': 96491.95956498996, 'fire_exp': 3.7471596632521744, 'P_half': 386.0149594718666, 'pre_dampen_half': 16.588830839502453, 'gpp_af': 5.112606906409609, 'gpp_b': 0.00039004670985976945, 'gpp_d': 48.95842909574093, 'ign_k': 5.422269949078471, 'ign_c': 7.37278337320636, 'trop_agb_crit': 10.264019447592066, 'trop_k_veg': 4.107950986589187}. Best is trial 0 with value: -0.5989088506199346.
[I 2026-08-20 00:32:52,469] Trial 872 finished with value: 0.6445289236858821 and parameters: {'k1': 3.756984837182974e-05, 'D_low': 1136.2477815165187, 'k2': 0.003119729209305953, 'D_high': 83588.26302980703, 'fire_exp': 1.780810072542974, 'P_half': 3.317329415983746, 'pre_dampen_half': 137.7540384493406, 'gpp_af': 0.016468372358199625, 'gpp_b': 1.5070257856713701e-05, 'gpp_d': 2.1248959900914257, 'ign_k': 3.018327091888209, 'ign_c': 39.06207037358487, 'trop_agb_crit': 17.133177418813265, 'trop_k_veg': 0.642339150975756}. Best is trial 0 with value: -0.5989088506199346.
[I 2026-08-20 00:32:53,867] Trial 873 finished with value: 0.5621702062355494 and parameters: {'k1': 0.0043035329025885435, 'D_low': 1.068821840522997, 'k2': 0.0002518520728934513, 'D_high': 8084118.856120365, 'fire_exp': 4.890924331455978, 'P_half': 15.832318994606313, 'pre_dampen_half': 2.7430732682412966, 'gpp_af': 1.8191377953892012, 'gpp_b': 0.23370750192128853, 'gpp_d': 9.819888762458161, 'ign_k': 0.20772980131479138, 'ign_c': 7.9228349083649325, 'trop_agb_crit': 6.713375325111006, 'trop_k_veg': 1.5742449323330931}. Best is trial 0 with value: -0.5989088506199346.
[I 2026-08-20 00:32:55,264] Trial 874 finished with value: 0.5790650299641744 and parameters: {'k1': 0.000543593248451007, 'D_low': 617.8366821929322, 'k2': 1.1948175587229484e-05, 'D_high': 144485.60156506332, 'fire_exp': 1.2499369718940994, 'P_half': 2.1888550389404062, 'pre_dampen_half': 0.024308506822357474, 'gpp_af': 0.034944389747593896, 'gpp_b': 0.0003409556845184118, 'gpp_d': 0.0408527924143132, 'ign_k': 0.09069377934211137, 'ign_c': 41.87998063688835, 'trop_agb_crit': 2.0025241069610304, 'trop_k_veg': 3.8985490003489573}. Best is trial 0 with value: -0.5989088506199346.
[I 2026-08-20 00:32:56,764] Trial 875 finished with value: 0.5942587230999922 and parameters: {'k1': 0.017575421686900204, 'D_low': 172.02706849411612, 'k2': 0.011043502996073117, 'D_high': 2940.7805449722287, 'fire_exp': 2.314506841035894, 'P_half': 85.30681581325952, 'pre_dampen_half': 3.4643248568020057, 'gpp_af': 0.7310562850733862, 'gpp_b': 3.001825818970317e-05, 'gpp_d': 8.184739528633832, 'ign_k': 6.84098597131397, 'ign_c': 1.8250726336026892, 'trop_agb_crit': 2.7317670934168934, 'trop_k_veg': 3.1347776072497746}. Best is trial 0 with value: -0.5989088506199346.
[I 2026-08-20 00:32:58,408] Trial 876 finished with value: 0.6445368901369306 and parameters: {'k1': 1.2376791828804422e-05, 'D_low': 16.021703171773755, 'k2': 0.0002594396917352614, 'D_high': 36.74676416900381, 'fire_exp': 4.814629016480077, 'P_half': 873.9388430262854, 'pre_dampen_half': 47.04610160144135, 'gpp_af': 0.04898265195200752, 'gpp_b': 0.5123634779208031, 'gpp_d': 118.29614377936507, 'ign_k': 2.8990866167176583, 'ign_c': 0.13671537629476002, 'trop_agb_crit': 10.028396588108162, 'trop_k_veg': 3.7001348883475416}. Best is trial 0 with value: -0.5989088506199346.
[I 2026-08-20 00:32:59,907] Trial 877 finished with value: -0.5452227676019596 and parameters: {'k1': 0.05053501104013027, 'D_low': 1.5393834655573722, 'k2': 0.00019631936112450083, 'D_high': 1354305.037945035, 'fire_exp': 6.059569835870037, 'P_half': 8.783456555436105, 'pre_dampen_half': 6.489818786953913, 'gpp_af': 0.7843937130372367, 'gpp_b': 0.0005789409440623013, 'gpp_d': 3.8463957048949884, 'ign_k': 7.618418422980716, 'ign_c': 1.013931576624059, 'trop_agb_crit': 3.6125071514603424, 'trop_k_veg': 5.873287727872295}. Best is trial 0 with value: -0.5989088506199346.
[I 2026-08-20 00:33:01,357] Trial 878 finished with value: -0.5048656860020226 and parameters: {'k1': 3.2642539150908316e-05, 'D_low': 3.2722600228913556, 'k2': 1.5521589869658157e-05, 'D_high': 9346888.002627656, 'fire_exp': 1.5474010736073527, 'P_half': 24.821688351573282, 'pre_dampen_half': 23.11296069272484, 'gpp_af': 0.13257019359632113, 'gpp_b': 0.0010634696660964985, 'gpp_d': 0.04300089215986861, 'ign_k': 0.5751373567962091, 'ign_c': 1.1829170129467677, 'trop_agb_crit': 3.208481263454491, 'trop_k_veg': 2.45347667994598}. Best is trial 0 with value: -0.5989088506199346.
[I 2026-08-20 00:33:02,777] Trial 879 finished with value: 0.5030282304692261 and parameters: {'k1': 0.017975828517990837, 'D_low': 1933.6817059996408, 'k2': 0.009796880432357317, 'D_high': 108414.07077703552, 'fire_exp': 3.2308928627069227, 'P_half': 201.4253381416888, 'pre_dampen_half': 4.142390343910323, 'gpp_af': 0.278264779825793, 'gpp_b': 4.857827690322509e-05, 'gpp_d': 14.404490283196507, 'ign_k': 1.762237283453882, 'ign_c': 3.86006007922547, 'trop_agb_crit': 7.058850286431971, 'trop_k_veg': 3.1645831990445368}. Best is trial 0 with value: -0.5989088506199346.
[I 2026-08-20 00:33:04,396] Trial 880 finished with value: 0.5654722168144068 and parameters: {'k1': 0.00014544675745077273, 'D_low': 3.1556813118829563, 'k2': 4.6433395668213194e-05, 'D_high': 25994.061768039286, 'fire_exp': 2.663693028529113, 'P_half': 134.3904848270464, 'pre_dampen_half': 129.718924294175, 'gpp_af': 0.4624034670767853, 'gpp_b': 1.5159405209608414e-05, 'gpp_d': 12.204536291410871, 'ign_k': 0.20531584159106675, 'ign_c': 2.135578093046109, 'trop_agb_crit': 6.829617650793152, 'trop_k_veg': 5.440730675314755}. Best is trial 0 with value: -0.5989088506199346.
[I 2026-08-20 00:33:05,801] Trial 881 finished with value: 0.5940135466703176 and parameters: {'k1': 0.047821496408530215, 'D_low': 6.489508980048547, 'k2': 1.1213668283512258e-05, 'D_high': 4634877.255675785, 'fire_exp': 1.7228512148044555, 'P_half': 2624.406088026064, 'pre_dampen_half': 0.23150348103160828, 'gpp_af': 0.013248827927296532, 'gpp_b': 0.19733901151138336, 'gpp_d': 54.178059887021284, 'ign_k': 0.1181917175932747, 'ign_c': 8.035496121685831, 'trop_agb_crit': 25.247975617110427, 'trop_k_veg': 0.5545820772546745}. Best is trial 0 with value: -0.5989088506199346.
[I 2026-08-20 00:33:07,189] Trial 882 finished with value: 0.5158814280184154 and parameters: {'k1': 0.0001733025819549389, 'D_low': 2.1040356809936167, 'k2': 0.0013546765256565916, 'D_high': 4952648.47158059, 'fire_exp': 1.800439786810701, 'P_half': 3.882779936103636, 'pre_dampen_half': 0.9105764121371734, 'gpp_af': 0.25024867024444136, 'gpp_b': 0.015591298878957539, 'gpp_d': 584.55508353153, 'ign_k': 0.09009001912975184, 'ign_c': 4.687327762036963, 'trop_agb_crit': 1.0006127572950425, 'trop_k_veg': 2.4445836334328996}. Best is trial 0 with value: -0.5989088506199346.
[I 2026-08-20 00:33:08,606] Trial 883 finished with value: 0.5842113843971712 and parameters: {'k1': 0.025624542617093897, 'D_low': 22653.90627368559, 'k2': 0.00015081835067459845, 'D_high': 6070593.478404749, 'fire_exp': 2.388864969624014, 'P_half': 823.9860717615918, 'pre_dampen_half': 3.8423525737436526, 'gpp_af': 3.4668876699476665, 'gpp_b': 0.0002029184106644516, 'gpp_d': 43.706248160072676, 'ign_k': 0.2782555660073785, 'ign_c': 0.7217041518989273, 'trop_agb_crit': 25.06390386307246, 'trop_k_veg': 5.745833215950521}. Best is trial 0 with value: -0.5989088506199346.
[I 2026-08-20 00:33:09,977] Trial 884 finished with value: 0.45405287027443286 and parameters: {'k1': 0.014119977806357896, 'D_low': 4.047102108887879, 'k2': 0.003399820403958944, 'D_high': 3370022.3724612505, 'fire_exp': 3.645802534601734, 'P_half': 2.4654105377308935, 'pre_dampen_half': 1.9820210751690779, 'gpp_af': 0.038524781024203564, 'gpp_b': 0.0014739043074804491, 'gpp_d': 7.287749288324982, 'ign_k': 7.666695473115561, 'ign_c': 1.9940858205840517, 'trop_agb_crit': 5.576531289737478, 'trop_k_veg': 3.3129856380864884}. Best is trial 0 with value: -0.5989088506199346.
[I 2026-08-20 00:33:11,566] Trial 885 finished with value: 0.45966051413683195 and parameters: {'k1': 0.06199960652658438, 'D_low': 1.034494729470155, 'k2': 0.0021167264843495914, 'D_high': 1862089.427097303, 'fire_exp': 4.993935180931828, 'P_half': 9.956660134603805, 'pre_dampen_half': 1.9581867296654079, 'gpp_af': 0.1451645492071322, 'gpp_b': 0.001759744816774609, 'gpp_d': 464.79224840639296, 'ign_k': 6.004739475057506, 'ign_c': 3.9431552769143265, 'trop_agb_crit': 5.359953476513513, 'trop_k_veg': 2.7797697469474656}. Best is trial 0 with value: -0.5989088506199346.
[I 2026-08-20 00:33:12,976] Trial 886 finished with value: 0.536249399606188 and parameters: {'k1': 8.551267195609716e-05, 'D_low': 1.4891265937779405, 'k2': 0.00041076649560253586, 'D_high': 4399221.592828029, 'fire_exp': 2.0372034172895126, 'P_half': 28.672995537749735, 'pre_dampen_half': 0.7333118504857021, 'gpp_af': 0.0010910798555729601, 'gpp_b': 3.286565382389989e-05, 'gpp_d': 0.37759423501117445, 'ign_k': 0.08055635423195771, 'ign_c': 4.904817526316288, 'trop_agb_crit': 1.8848865193429045, 'trop_k_veg': 2.5623740831294755}. Best is trial 0 with value: -0.5989088506199346.
[I 2026-08-20 00:33:14,456] Trial 887 finished with value: 0.6017665442092187 and parameters: {'k1': 1.6365541887732657e-05, 'D_low': 34724.09580083376, 'k2': 0.009132387862006298, 'D_high': 1148085.0769091686, 'fire_exp': 1.4441416080068967, 'P_half': 67.40642756613617, 'pre_dampen_half': 3.308213358739646, 'gpp_af': 0.3352674109271794, 'gpp_b': 5.055792887486716e-05, 'gpp_d': 7.7466727020520025, 'ign_k': 0.22708379481086338, 'ign_c': 58.256434800750434, 'trop_agb_crit': 9.539339030537135, 'trop_k_veg': 0.8677607413473565}. Best is trial 0 with value: -0.5989088506199346.
[I 2026-08-20 00:33:15,847] Trial 888 finished with value: 0.5714564645850982 and parameters: {'k1': 0.005121096189190183, 'D_low': 1.1215829252789282, 'k2': 0.0008785306201721382, 'D_high': 5437211.288396149, 'fire_exp': 3.518119821717534, 'P_half': 4.062869483799126, 'pre_dampen_half': 15.026052296284846, 'gpp_af': 0.010953318451760789, 'gpp_b': 0.01122159995188981, 'gpp_d': 184.06248976405405, 'ign_k': 1.7863215539174098, 'ign_c': 0.16772296774686962, 'trop_agb_crit': 7.833308281573232, 'trop_k_veg': 4.240167283797904}. Best is trial 0 with value: -0.5989088506199346.
[I 2026-08-20 00:33:17,259] Trial 889 finished with value: 0.42959114142337895 and parameters: {'k1': 0.00013802391302834233, 'D_low': 11.123750552079699, 'k2': 3.3166310402870895e-05, 'D_high': 566991.1752992623, 'fire_exp': 1.709960198414961, 'P_half': 2.5607639162978577, 'pre_dampen_half': 1.2286094162562273, 'gpp_af': 3.039484431430818, 'gpp_b': 1.182864685062656e-05, 'gpp_d': 540.463585448969, 'ign_k': 0.15873737974174676, 'ign_c': 0.3270520241047872, 'trop_agb_crit': 6.7162438401194535, 'trop_k_veg': 2.4970959503006793}. Best is trial 0 with value: -0.5989088506199346.
[I 2026-08-20 00:33:18,623] Trial 890 finished with value: -0.5537287381924014 and parameters: {'k1': 0.013029018428260458, 'D_low': 24.057584896260035, 'k2': 0.030229822409537713, 'D_high': 3174300.437290935, 'fire_exp': 5.30191752313165, 'P_half': 52.69460164591364, 'pre_dampen_half': 3.683619449607211, 'gpp_af': 0.30389734673554963, 'gpp_b': 3.9690108059832486e-05, 'gpp_d': 101.68454203297593, 'ign_k': 7.24632508942458, 'ign_c': 1.5041944709131878, 'trop_agb_crit': 7.576459875523896, 'trop_k_veg': 2.2776406934324505}. Best is trial 0 with value: -0.5989088506199346.
[I 2026-08-20 00:33:20,030] Trial 891 finished with value: 0.4202953104502829 and parameters: {'k1': 0.07743311618976166, 'D_low': 19.667613819181028, 'k2': 0.0030637591026783325, 'D_high': 1693218.0836222263, 'fire_exp': 4.234424851112033, 'P_half': 16.63696777730479, 'pre_dampen_half': 14.861630142904362, 'gpp_af': 0.019167402185480922, 'gpp_b': 0.0002520563338961982, 'gpp_d': 51.39269957086739, 'ign_k': 9.52709835675624, 'ign_c': 0.5611352344881786, 'trop_agb_crit': 9.866833935647799, 'trop_k_veg': 4.031927743893607}. Best is trial 0 with value: -0.5989088506199346.
[I 2026-08-20 00:33:21,432] Trial 892 finished with value: 0.4674458797304505 and parameters: {'k1': 0.0003863314338817747, 'D_low': 35.36454753969147, 'k2': 0.0043159861643906955, 'D_high': 5807622.448330196, 'fire_exp': 4.6843045234722895, 'P_half': 11.557175895940045, 'pre_dampen_half': 1.2382581022275228, 'gpp_af': 51.167466426021306, 'gpp_b': 0.00012048107987825051, 'gpp_d': 730.4382212833974, 'ign_k': 2.7406654688827317, 'ign_c': 18.340679064985263, 'trop_agb_crit': 3.238058495610609, 'trop_k_veg': 4.469203639752434}. Best is trial 0 with value: -0.5989088506199346.
[I 2026-08-20 00:33:23,002] Trial 893 finished with value: 0.5614629350490656 and parameters: {'k1': 0.0021467891922847347, 'D_low': 147.2735975692144, 'k2': 0.004838582606312657, 'D_high': 11422.378351329424, 'fire_exp': 8.371238815393744, 'P_half': 11.94845574248333, 'pre_dampen_half': 10.245846061048908, 'gpp_af': 0.07426299893604214, 'gpp_b': 8.065590227693256e-05, 'gpp_d': 454.65511636165974, 'ign_k': 3.543866557656139, 'ign_c': 1.9047172680497744, 'trop_agb_crit': 10.75076362695897, 'trop_k_veg': 1.6755137932489592}. Best is trial 0 with value: -0.5989088506199346.
[I 2026-08-20 00:33:24,684] Trial 894 finished with value: 0.47994862492561785 and parameters: {'k1': 0.04126044990777986, 'D_low': 1749.3635747791923, 'k2': 0.01996592231753832, 'D_high': 834275.423438537, 'fire_exp': 1.2833373444993097, 'P_half': 6.851755887783305, 'pre_dampen_half': 19.349577639967038, 'gpp_af': 1.0292007454614116, 'gpp_b': 0.0005425485857176897, 'gpp_d': 13.172624536447058, 'ign_k': 5.358339643229856, 'ign_c': 1.0736572299562845, 'trop_agb_crit': 8.06352857602275, 'trop_k_veg': 1.7433057856322594}. Best is trial 0 with value: -0.5989088506199346.
[I 2026-08-20 00:33:26,175] Trial 895 finished with value: 0.5091831061096133 and parameters: {'k1': 0.0014183026450976688, 'D_low': 59.15061533105225, 'k2': 0.0002519317330097248, 'D_high': 6466042.541429785, 'fire_exp': 2.7212345012830332, 'P_half': 8.051808835781163, 'pre_dampen_half': 22.450894526131748, 'gpp_af': 13.728815181066214, 'gpp_b': 4.616487923444278, 'gpp_d': 71.84859800592429, 'ign_k': 1.3653159040648297, 'ign_c': 11.068783629002626, 'trop_agb_crit': 7.225822085755445, 'trop_k_veg': 2.507505628140567}. Best is trial 0 with value: -0.5989088506199346.
[I 2026-08-20 00:33:27,684] Trial 896 finished with value: 0.4181429713459731 and parameters: {'k1': 0.0036743633076958973, 'D_low': 14.28063715032643, 'k2': 0.002349604118318427, 'D_high': 9834091.607050033, 'fire_exp': 2.1614181669920143, 'P_half': 8.908982687304675, 'pre_dampen_half': 3.4231906047210607, 'gpp_af': 16.10344327169379, 'gpp_b': 0.0016717647633964481, 'gpp_d': 429.21459939118205, 'ign_k': 8.073735287721554, 'ign_c': 11.761988328473173, 'trop_agb_crit': 5.981948773491122, 'trop_k_veg': 1.4143416781941125}. Best is trial 0 with value: -0.5989088506199346.
[I 2026-08-20 00:33:29,313] Trial 897 finished with value: -0.5708140411555578 and parameters: {'k1': 3.6497662571351726e-05, 'D_low': 2846.8292995993042, 'k2': 0.0013202803739369863, 'D_high': 8418738.703189185, 'fire_exp': 1.9545012863201103, 'P_half': 5.717992352587785, 'pre_dampen_half': 8.040960629846731, 'gpp_af': 0.10211863283195009, 'gpp_b': 0.00020833846076573614, 'gpp_d': 24.036493570742014, 'ign_k': 6.027422614459124, 'ign_c': 20.370454480601957, 'trop_agb_crit': 25.722931032621208, 'trop_k_veg': 0.7697571032841357}. Best is trial 0 with value: -0.5989088506199346.
[I 2026-08-20 00:33:30,839] Trial 898 finished with value: 0.5577275318689291 and parameters: {'k1': 0.04007257761093901, 'D_low': 899.9638850362319, 'k2': 0.04284382694563837, 'D_high': 45939.18945511812, 'fire_exp': 5.115718912023538, 'P_half': 41.22242187588948, 'pre_dampen_half': 0.2388182444217849, 'gpp_af': 0.009638026161030513, 'gpp_b': 1.145562089709795e-05, 'gpp_d': 165.85200058818725, 'ign_k': 0.3636914162294864, 'ign_c': 1.7635320260048617, 'trop_agb_crit': 17.656057288750738, 'trop_k_veg': 2.2102214944383456}. Best is trial 0 with value: -0.5989088506199346.
[I 2026-08-20 00:33:32,158] Trial 899 finished with value: 0.5583923951623877 and parameters: {'k1': 5.04673733959648e-05, 'D_low': 606.6870200520667, 'k2': 1.1760202020429039e-05, 'D_high': 343138.1321710608, 'fire_exp': 1.1524855765788227, 'P_half': 32.91718736791165, 'pre_dampen_half': 0.027175407985066784, 'gpp_af': 0.013387756130646857, 'gpp_b': 2.4176990486684615e-05, 'gpp_d': 0.08414892691577638, 'ign_k': 0.0228185941052992, 'ign_c': 0.6104535375844261, 'trop_agb_crit': 3.6428571997007086, 'trop_k_veg': 4.305767683537477}. Best is trial 0 with value: -0.5989088506199346.
[I 2026-08-20 00:33:33,591] Trial 900 finished with value: 0.6445374145881376 and parameters: {'k1': 0.0012620087874915266, 'D_low': 15808.214639760472, 'k2': 0.0007033993170499052, 'D_high': 2714.6121819779005, 'fire_exp': 2.746879840812261, 'P_half': 196.68780980933525, 'pre_dampen_half': 3.483991775710125, 'gpp_af': 0.3381458256107447, 'gpp_b': 1.05044449416927e-05, 'gpp_d': 8.520132991723035, 'ign_k': 0.025482657643453213, 'ign_c': 1.2236075809380895, 'trop_agb_crit': 27.26909647681629, 'trop_k_veg': 3.3179187689855483}. Best is trial 0 with value: -0.5989088506199346.
[I 2026-08-20 00:33:34,929] Trial 901 finished with value: -0.5754551143923806 and parameters: {'k1': 5.508917276357084e-05, 'D_low': 245.94021970089176, 'k2': 0.00039750355268848374, 'D_high': 960980.4809726453, 'fire_exp': 1.3726447253626444, 'P_half': 1.8384002071284746, 'pre_dampen_half': 4.7744971745111044, 'gpp_af': 0.013727254217673476, 'gpp_b': 0.0005511765910681253, 'gpp_d': 0.2904978592917872, 'ign_k': 0.22509164481640373, 'ign_c': 4.423574528791896, 'trop_agb_crit': 3.2071204024480573, 'trop_k_veg': 3.905775146727307}. Best is trial 0 with value: -0.5989088506199346.
[I 2026-08-20 00:33:36,338] Trial 902 finished with value: 0.6445374145881376 and parameters: {'k1': 6.239179531389724e-05, 'D_low': 1.4453895224402467, 'k2': 0.00011054628784574458, 'D_high': 5257163.92910929, 'fire_exp': 4.46544270277295, 'P_half': 2.6740240383177585, 'pre_dampen_half': 2.4188569340876844, 'gpp_af': 0.6641204368064134, 'gpp_b': 0.0005294238646702575, 'gpp_d': 299.7656499304521, 'ign_k': 5.997118184034151, 'ign_c': 131.31180125112974, 'trop_agb_crit': 4.759979687978669, 'trop_k_veg': 0.6426489464237577}. Best is trial 0 with value: -0.5989088506199346.
[I 2026-08-20 00:33:37,691] Trial 903 finished with value: 0.4607531038823024 and parameters: {'k1': 2.6655633867853295e-05, 'D_low': 32.89738563562423, 'k2': 0.003240598760726042, 'D_high': 488201.66612472344, 'fire_exp': 1.191534106704872, 'P_half': 17.676774269528043, 'pre_dampen_half': 376.6478081042606, 'gpp_af': 0.009649707537056604, 'gpp_b': 0.0001578574206139736, 'gpp_d': 0.49043588553819284, 'ign_k': 0.869288854348572, 'ign_c': 2.6344417763840653, 'trop_agb_crit': 3.6882154427231373, 'trop_k_veg': 5.148614827423329}. Best is trial 0 with value: -0.5989088506199346.
[I 2026-08-20 00:33:39,169] Trial 904 finished with value: 0.42770111716592396 and parameters: {'k1': 0.0017842668052505306, 'D_low': 167.72379058478032, 'k2': 0.004076875843210143, 'D_high': 197929.78981580932, 'fire_exp': 3.311028612435711, 'P_half': 45.6703831907453, 'pre_dampen_half': 27.92035072066478, 'gpp_af': 0.07514734478083748, 'gpp_b': 1.2127606524016535e-05, 'gpp_d': 747.2493367908302, 'ign_k': 4.609538321281798, 'ign_c': 2.0248062223776198, 'trop_agb_crit': 4.374257260143911, 'trop_k_veg': 3.907122902981645}. Best is trial 0 with value: -0.5989088506199346.
[I 2026-08-20 00:33:40,811] Trial 905 finished with value: 0.5867642582061522 and parameters: {'k1': 1.1186410991203892e-05, 'D_low': 129.62488165304242, 'k2': 0.00014151217873641507, 'D_high': 318811.87455965014, 'fire_exp': 3.163775897594958, 'P_half': 23.611236967777625, 'pre_dampen_half': 4.138018054740863, 'gpp_af': 0.003935353424515623, 'gpp_b': 0.0012341979074380824, 'gpp_d': 0.16788596971096045, 'ign_k': 0.04211784310007098, 'ign_c': 2.6832917238796865, 'trop_agb_crit': 6.262950698316394, 'trop_k_veg': 6.218176179934198}. Best is trial 0 with value: -0.5989088506199346.
[I 2026-08-20 00:33:42,129] Trial 906 finished with value: 0.4219727846365451 and parameters: {'k1': 0.0013407300028635237, 'D_low': 1466.516709314207, 'k2': 0.0009737469725325746, 'D_high': 199521.74832221834, 'fire_exp': 4.032859843796733, 'P_half': 1.694837973414467, 'pre_dampen_half': 36.67768514850578, 'gpp_af': 0.3508892164067478, 'gpp_b': 0.0016685830829096385, 'gpp_d': 46.472221129705794, 'ign_k': 0.2902957930414508, 'ign_c': 2.4554141722137457, 'trop_agb_crit': 10.736528778131017, 'trop_k_veg': 4.543464492010854}. Best is trial 0 with value: -0.5989088506199346.
