[I 2026-08-19 15:06:32,707] Trial 782 finished with value: -0.5182534375310754 and parameters: {'k1': 0.0003271996220421904, 'D_low': 19.086175141137105, 'k2': 1.8007884030252094e-05, 'D_high': 8876769.653212292, 'fire_exp': 1.4911388785752657, 'P_half': 25.715432325174255, 'pre_dampen_half': 3.0656354887534074, 'gpp_af': 2.283135506922791, 'gpp_b': 0.0008694320376811096, 'gpp_d': 0.5176254684788059, 'ign_k': 0.5630733087191941, 'ign_c': 3.2685334871493374, 'trop_agb_crit': 5.790431857205207, 'trop_k_veg': 5.514155527755683, 'pop_amp': 0.41417301021288605, 'pop_peak': 24.45849623418675, 'pop_sig': 0.31511570176792947, 'fuel_k': 0.5552886927313615, 'fuel_half': 0.1695195696301972}. Best is trial 421 with value: -0.6216386034937503.
[I 2026-08-19 15:06:35,415] Trial 783 finished with value: -0.4804460703439564 and parameters: {'k1': 0.00022717032695872692, 'D_low': 1512.461292892678, 'k2': 0.0006076756643968535, 'D_high': 7725555.857899144, 'fire_exp': 4.612918383613398, 'P_half': 129.63852136229735, 'pre_dampen_half': 104.2386682313671, 'gpp_af': 0.011630671074225225, 'gpp_b': 2.0580690166740374e-05, 'gpp_d': 1.9858767820575214, 'ign_k': 1.9077021936026173, 'ign_c': 0.8476189283184916, 'trop_agb_crit': 20.114750973019113, 'trop_k_veg': 1.5427997451367463, 'pop_amp': 3.1818809665752235, 'pop_peak': 254.76451091129022, 'pop_sig': 1.6196607159883554, 'fuel_k': 0.14595190586514784, 'fuel_half': 0.6799248598086813}. Best is trial 421 with value: -0.6216386034937503.
[I 2026-08-19 15:06:38,091] Trial 784 finished with value: -0.4066582452216285 and parameters: {'k1': 0.002084836632768689, 'D_low': 62.96435276761737, 'k2': 2.8147734027449073e-05, 'D_high': 21178.796426788056, 'fire_exp': 5.796640633386458, 'P_half': 62.54564630513997, 'pre_dampen_half': 5.519370634097343, 'gpp_af': 0.08546048469566446, 'gpp_b': 0.0006077412089418639, 'gpp_d': 511.68839203103346, 'ign_k': 0.08514653733704325, 'ign_c': 1.2446411982706298, 'trop_agb_crit': 23.24619024701539, 'trop_k_veg': 3.619962138301804, 'pop_amp': 0.34198811855837385, 'pop_peak': 15.736144069487004, 'pop_sig': 0.45696215817408214, 'fuel_k': 1.7283780139026546, 'fuel_half': 2.39475115646969}. Best is trial 421 with value: -0.6216386034937503.
[I 2026-08-19 15:06:40,836] Trial 785 finished with value: -0.4696707824230244 and parameters: {'k1': 0.0011645952418761843, 'D_low': 101.90658904474965, 'k2': 8.544837455112243e-05, 'D_high': 456677.2149755917, 'fire_exp': 4.718075285662045, 'P_half': 599.6827969368369, 'pre_dampen_half': 439.90014656993105, 'gpp_af': 0.016328408349451873, 'gpp_b': 8.005422594377858e-05, 'gpp_d': 1.7991963706602618, 'ign_k': 0.30924230194697216, 'ign_c': 4.270613295829914, 'trop_agb_crit': 12.201539951158628, 'trop_k_veg': 2.536796534881408, 'pop_amp': 0.6806519132313283, 'pop_peak': 1.0557893878242606, 'pop_sig': 0.3901158360503645, 'fuel_k': 0.25688105540822426, 'fuel_half': 22.661649039111754}. Best is trial 421 with value: -0.6216386034937503.
  trial  786/2500  best_overall=0.6216  (42.6 min)
[I 2026-08-19 15:06:43,639] Trial 786 finished with value: -0.5441766346419118 and parameters: {'k1': 0.0020927565161205906, 'D_low': 2436.7603860544964, 'k2': 0.012040734594811923, 'D_high': 1987633.2372564513, 'fire_exp': 1.1529231143342484, 'P_half': 3.296245733398847, 'pre_dampen_half': 9.950497241495194, 'gpp_af': 0.14650529209112673, 'gpp_b': 0.0675460399760281, 'gpp_d': 0.9270289222500786, 'ign_k': 2.94758789937098, 'ign_c': 9.229994776051747, 'trop_agb_crit': 7.075167335347499, 'trop_k_veg': 1.3717592372695087, 'pop_amp': 0.048926269117061966, 'pop_peak': 290.8816838291912, 'pop_sig': 0.30813292582863605, 'fuel_k': 2.6375113609228467, 'fuel_half': 0.4243704022114968}. Best is trial 421 with value: -0.6216386034937503.
[I 2026-08-19 15:06:46,384] Trial 787 finished with value: -0.5000618203940512 and parameters: {'k1': 0.0010526445221080072, 'D_low': 5.478970542100846, 'k2': 0.009954002981853702, 'D_high': 1567565.35220475, 'fire_exp': 1.3639521760064068, 'P_half': 1.0866752549151037, 'pre_dampen_half': 1.421694782106006, 'gpp_af': 0.019714431878275922, 'gpp_b': 0.009605730475304221, 'gpp_d': 26.1671423566584, 'ign_k': 0.015508701977680372, 'ign_c': 2.4831267761574236, 'trop_agb_crit': 10.077858047910144, 'trop_k_veg': 3.885779817314408, 'pop_amp': 0.023757154369493327, 'pop_peak': 14.37296767508393, 'pop_sig': 0.368492052284037, 'fuel_k': 1.428824844831848, 'fuel_half': 0.6987534251883912}. Best is trial 421 with value: -0.6216386034937503.
[I 2026-08-19 15:06:49,452] Trial 788 finished with value: -0.3554625854118624 and parameters: {'k1': 0.0004447591100688018, 'D_low': 344.7985323503895, 'k2': 0.003671573015931653, 'D_high': 299797.97684588976, 'fire_exp': 1.4808626609251772, 'P_half': 731.4565361601193, 'pre_dampen_half': 10.438619072831605, 'gpp_af': 0.006548040726693193, 'gpp_b': 0.0006399460219751286, 'gpp_d': 621.5065912839414, 'ign_k': 1.3845177794626906, 'ign_c': 84.46118170032547, 'trop_agb_crit': 29.866728446827054, 'trop_k_veg': 4.36694194726293, 'pop_amp': 0.0016783108470708396, 'pop_peak': 11.352663880196818, 'pop_sig': 0.8811294684921932, 'fuel_k': 0.16141371866865067, 'fuel_half': 0.746748805897804}. Best is trial 421 with value: -0.6216386034937503.
[I 2026-08-19 15:06:52,306] Trial 789 finished with value: -0.4721096300472126 and parameters: {'k1': 0.033760124479886626, 'D_low': 141.23423139794085, 'k2': 2.7251895211556113e-05, 'D_high': 287987.05199819733, 'fire_exp': 2.2896652109042, 'P_half': 725.2910858518992, 'pre_dampen_half': 3.445711582987626, 'gpp_af': 0.012967771286587616, 'gpp_b': 0.0002660472933980636, 'gpp_d': 0.07239223856375158, 'ign_k': 0.0656532524387386, 'ign_c': 4.215230855480915, 'trop_agb_crit': 25.988084733769956, 'trop_k_veg': 4.167979958299919, 'pop_amp': 1.4047370670168868, 'pop_peak': 29.153485769106318, 'pop_sig': 1.1910281202795059, 'fuel_k': 0.09716341305237845, 'fuel_half': 0.10782777729614017}. Best is trial 421 with value: -0.6216386034937503.
[I 2026-08-19 15:06:55,653] Trial 790 finished with value: -0.5409972194457137 and parameters: {'k1': 2.981901360451923e-05, 'D_low': 7.625278970076303, 'k2': 3.596780524141276e-05, 'D_high': 2723035.3625381957, 'fire_exp': 2.02437927628885, 'P_half': 9.576181237807948, 'pre_dampen_half': 4.332626250410017, 'gpp_af': 0.6369678030329929, 'gpp_b': 0.0002814494519317705, 'gpp_d': 0.8749528635158974, 'ign_k': 2.5665995811846085, 'ign_c': 22.869351814716214, 'trop_agb_crit': 19.619311640766018, 'trop_k_veg': 4.671747327160208, 'pop_amp': 0.02691390844917975, 'pop_peak': 381.9255414757717, 'pop_sig': 0.2525037611789905, 'fuel_k': 1.3577758935520647, 'fuel_half': 0.1726323679847871}. Best is trial 421 with value: -0.6216386034937503.
[I 2026-08-19 15:06:59,017] Trial 791 finished with value: -0.5530953142868439 and parameters: {'k1': 0.0015011738899288968, 'D_low': 33.749895884619214, 'k2': 0.008961300543213887, 'D_high': 218418.4096221909, 'fire_exp': 2.3687400940568426, 'P_half': 6.40783375965869, 'pre_dampen_half': 0.3785639871392497, 'gpp_af': 0.017646045280541048, 'gpp_b': 0.0017354511759774059, 'gpp_d': 13.017607186722381, 'ign_k': 0.4333152362958123, 'ign_c': 22.352099988202248, 'trop_agb_crit': 9.823108200870704, 'trop_k_veg': 1.7572326429846292, 'pop_amp': 0.1795243652407549, 'pop_peak': 26.28290061401482, 'pop_sig': 0.3984357334434105, 'fuel_k': 4.389183342685017, 'fuel_half': 0.17940408983746983}. Best is trial 421 with value: -0.6216386034937503.
[I 2026-08-19 15:07:01,720] Trial 792 finished with value: -0.5179763681241587 and parameters: {'k1': 0.0071084137987516794, 'D_low': 154.4183490125967, 'k2': 2.7987561946036126e-05, 'D_high': 696854.1024404987, 'fire_exp': 1.1678272336964366, 'P_half': 23.542693742873364, 'pre_dampen_half': 0.08206904299418775, 'gpp_af': 0.04187784779459813, 'gpp_b': 0.0005407879917010326, 'gpp_d': 0.0674837417337697, 'ign_k': 0.16230253324298033, 'ign_c': 2.0437055131774504, 'trop_agb_crit': 4.7547608299846935, 'trop_k_veg': 3.8948456078954, 'pop_amp': 0.023577674621333783, 'pop_peak': 0.3138627388624662, 'pop_sig': 0.6494252654261083, 'fuel_k': 1.253640260631628, 'fuel_half': 0.45196907948198767}. Best is trial 421 with value: -0.6216386034937503.
  trial  793/2500  best_overall=0.6216  (43.0 min)
[I 2026-08-19 15:07:05,107] Trial 793 finished with value: -0.5853177466285158 and parameters: {'k1': 0.0004633547247550177, 'D_low': 40.71062550050913, 'k2': 0.003090743745288444, 'D_high': 6655621.999258881, 'fire_exp': 1.2140874222179268, 'P_half': 2.061987112358692, 'pre_dampen_half': 0.04653676348732642, 'gpp_af': 0.06746470786709147, 'gpp_b': 0.0034207558606612256, 'gpp_d': 11.711461189633509, 'ign_k': 0.19665632244809209, 'ign_c': 2.9137369571348195, 'trop_agb_crit': 11.04259075108587, 'trop_k_veg': 3.539715558762649, 'pop_amp': 0.3456290801954904, 'pop_peak': 13.050340786718468, 'pop_sig': 0.25985186690090684, 'fuel_k': 3.1345212022665505, 'fuel_half': 0.2234627931191508}. Best is trial 421 with value: -0.6216386034937503.
[I 2026-08-19 15:07:08,100] Trial 794 finished with value: -0.5570492195340153 and parameters: {'k1': 4.047899881409558e-05, 'D_low': 19.13077074382687, 'k2': 1.2036503028111188e-05, 'D_high': 9376070.8827593, 'fire_exp': 1.0685765086940635, 'P_half': 4.406883238444365, 'pre_dampen_half': 0.021104867061370033, 'gpp_af': 0.16086688927167472, 'gpp_b': 8.224032724952621e-05, 'gpp_d': 155.9409831059154, 'ign_k': 0.23589921771139188, 'ign_c': 7.446592346287218, 'trop_agb_crit': 11.975854944766677, 'trop_k_veg': 1.830267382880589, 'pop_amp': 1.9472329715443784, 'pop_peak': 5.26109879133072, 'pop_sig': 0.30221406566230635, 'fuel_k': 0.575884777496162, 'fuel_half': 1.1223113189237308}. Best is trial 421 with value: -0.6216386034937503.
[I 2026-08-19 15:07:10,818] Trial 795 finished with value: -0.5519644345891395 and parameters: {'k1': 0.0002678120428120439, 'D_low': 42.649144866519315, 'k2': 5.264179956845677e-05, 'D_high': 1178598.5079166172, 'fire_exp': 1.0142545788450184, 'P_half': 13.972620448828373, 'pre_dampen_half': 0.949570545981773, 'gpp_af': 1.9886323946888012, 'gpp_b': 0.0017500732541417938, 'gpp_d': 195.27961855663196, 'ign_k': 0.18061762608268653, 'ign_c': 31.830756682399418, 'trop_agb_crit': 6.189779555893435, 'trop_k_veg': 4.967478042288269, 'pop_amp': 0.047307709751977046, 'pop_peak': 28.79154078937463, 'pop_sig': 0.9689054226829856, 'fuel_k': 2.302044496092922, 'fuel_half': 0.10010619366674971}. Best is trial 421 with value: -0.6216386034937503.
[I 2026-08-19 15:07:13,826] Trial 796 finished with value: -0.43402964936505983 and parameters: {'k1': 0.0028288798070636697, 'D_low': 1418.700599785265, 'k2': 0.0011040189958593835, 'D_high': 210638.59160401623, 'fire_exp': 3.427912139960895, 'P_half': 37.38103645542108, 'pre_dampen_half': 5.258044335645208, 'gpp_af': 0.06576841321030165, 'gpp_b': 8.69466528623874e-05, 'gpp_d': 0.018435195325583794, 'ign_k': 0.006108255365160463, 'ign_c': 5.634273632689814, 'trop_agb_crit': 2.1691765218415657, 'trop_k_veg': 2.4083345887519303, 'pop_amp': 7.7492976126567745, 'pop_peak': 5.663124614643164, 'pop_sig': 1.4966124872248787, 'fuel_k': 0.033041125772785174, 'fuel_half': 20.471913600849426}. Best is trial 421 with value: -0.6216386034937503.
[I 2026-08-19 15:07:16,694] Trial 797 finished with value: -0.5259907212796 and parameters: {'k1': 1.3180838282889648e-05, 'D_low': 14.166945777932602, 'k2': 0.0004835985819052494, 'D_high': 562502.5598526921, 'fire_exp': 1.1029949087646211, 'P_half': 12.415399754797075, 'pre_dampen_half': 1.0568721139022448, 'gpp_af': 0.009244184340221194, 'gpp_b': 0.0008795260365577127, 'gpp_d': 1.4089322907939452, 'ign_k': 0.14842733906432953, 'ign_c': 22.25690391579584, 'trop_agb_crit': 4.062066510924252, 'trop_k_veg': 3.7381325426045517, 'pop_amp': 1.1517267007153373, 'pop_peak': 56.6219791843145, 'pop_sig': 0.7978173540159444, 'fuel_k': 0.221321911562537, 'fuel_half': 0.9730613761426948}. Best is trial 421 with value: -0.6216386034937503.
[I 2026-08-19 15:07:19,137] Trial 798 finished with value: -0.43703126385085006 and parameters: {'k1': 0.0038993842077608048, 'D_low': 18.27968707875066, 'k2': 0.001609589904531926, 'D_high': 8369606.812759193, 'fire_exp': 3.2393964806023003, 'P_half': 2.3665989413678323, 'pre_dampen_half': 14.050749484280482, 'gpp_af': 0.009580724107461816, 'gpp_b': 0.0021075223881117182, 'gpp_d': 4.82970417380064, 'ign_k': 0.01841224557244345, 'ign_c': 3.942841828330997, 'trop_agb_crit': 21.236744972390536, 'trop_k_veg': 0.9025120281424034, 'pop_amp': 0.13494039664758908, 'pop_peak': 5.015254636981335, 'pop_sig': 0.3187044984515112, 'fuel_k': 0.5572482398852231, 'fuel_half': 0.17891128656385874}. Best is trial 421 with value: -0.6216386034937503.
[I 2026-08-19 15:07:21,695] Trial 799 finished with value: -0.34324430991293203 and parameters: {'k1': 0.0017668313567039621, 'D_low': 109.5820447068136, 'k2': 6.107419249517024e-05, 'D_high': 8182528.771963032, 'fire_exp': 2.156119143527173, 'P_half': 200.2350103344216, 'pre_dampen_half': 0.2369612073547923, 'gpp_af': 0.01421888849540377, 'gpp_b': 8.31027360462324e-05, 'gpp_d': 10.90600104574056, 'ign_k': 5.119631611631507, 'ign_c': 33.60775149583677, 'trop_agb_crit': 16.587538950065102, 'trop_k_veg': 0.7049457381994088, 'pop_amp': 0.10610999895511035, 'pop_peak': 277.0956190596744, 'pop_sig': 0.44424907970585814, 'fuel_k': 0.06189686066816938, 'fuel_half': 0.10312795156903522}. Best is trial 421 with value: -0.6216386034937503.
[I 2026-08-19 15:07:24,223] Trial 800 finished with value: -0.574798019770445 and parameters: {'k1': 0.003766528711691721, 'D_low': 4.328640937345076, 'k2': 0.00033086382817344636, 'D_high': 92200.5929518537, 'fire_exp': 1.0132071544428223, 'P_half': 1.6590174303518521, 'pre_dampen_half': 0.21832108778693807, 'gpp_af': 11.964880840505595, 'gpp_b': 0.008524619289598816, 'gpp_d': 28.452490847736467, 'ign_k': 0.19015883148104193, 'ign_c': 0.1563613711461613, 'trop_agb_crit': 29.109136431570796, 'trop_k_veg': 5.636632767361284, 'pop_amp': 0.4326042114683843, 'pop_peak': 1.4797978133504113, 'pop_sig': 0.620386872404555, 'fuel_k': 1.4012019645867315, 'fuel_half': 0.5793203728058441}. Best is trial 421 with value: -0.6216386034937503.
  trial  801/2500  best_overall=0.6216  (43.3 min)
[I 2026-08-19 15:07:27,411] Trial 801 finished with value: -0.5992399812123608 and parameters: {'k1': 2.6547220400714513e-05, 'D_low': 22714.728926354193, 'k2': 1.934096495522216e-05, 'D_high': 48606.93667716377, 'fire_exp': 1.0807135379726671, 'P_half': 89.03808339725924, 'pre_dampen_half': 0.5693286783764744, 'gpp_af': 0.0035627709087873933, 'gpp_b': 6.69575724642992e-05, 'gpp_d': 1.1014139857133032, 'ign_k': 7.3076476633715695, 'ign_c': 10.044865460245413, 'trop_agb_crit': 8.682074809185917, 'trop_k_veg': 1.0611718673046697, 'pop_amp': 4.032090448918294, 'pop_peak': 9.011969749609138, 'pop_sig': 2.0128181051518204, 'fuel_k': 0.9636721648381856, 'fuel_half': 0.5150646304092166}. Best is trial 421 with value: -0.6216386034937503.
[I 2026-08-19 15:07:30,122] Trial 802 finished with value: -0.44124349517235856 and parameters: {'k1': 0.0006990049315816609, 'D_low': 17364.470714260216, 'k2': 6.711603448752406e-05, 'D_high': 638346.1404900026, 'fire_exp': 1.386672386088845, 'P_half': 988.0115861105614, 'pre_dampen_half': 1.5220990304947335, 'gpp_af': 0.025546201366674508, 'gpp_b': 0.0008628973424124031, 'gpp_d': 0.4888655212008539, 'ign_k': 1.403092124132162, 'ign_c': 0.9311456360740235, 'trop_agb_crit': 5.636317345201044, 'trop_k_veg': 3.627796514963358, 'pop_amp': 0.06549841189722029, 'pop_peak': 20.417126473213987, 'pop_sig': 2.1556462014983153, 'fuel_k': 0.3487011285584397, 'fuel_half': 3.9602940899173533}. Best is trial 421 with value: -0.6216386034937503.
[I 2026-08-19 15:07:32,890] Trial 803 finished with value: -0.40054039314361134 and parameters: {'k1': 0.000266601436630265, 'D_low': 49.80175534117689, 'k2': 1.3119352492476865e-05, 'D_high': 2832793.464910181, 'fire_exp': 1.3839832321891155, 'P_half': 19.05916952752365, 'pre_dampen_half': 48.120306919568115, 'gpp_af': 0.08806375531593534, 'gpp_b': 0.0022445434178167342, 'gpp_d': 0.01970702883990917, 'ign_k': 0.021913596179524545, 'ign_c': 78.47923981118949, 'trop_agb_crit': 8.606850050975336, 'trop_k_veg': 1.8868950497177095, 'pop_amp': 0.3519640161093785, 'pop_peak': 1.8749422923096035, 'pop_sig': 1.2984253045966319, 'fuel_k': 0.026793102280800528, 'fuel_half': 2.183364335720225}. Best is trial 421 with value: -0.6216386034937503.
[I 2026-08-19 15:07:35,518] Trial 804 finished with value: -0.3554625854118624 and parameters: {'k1': 0.0015696470410562031, 'D_low': 2.0802196899076693, 'k2': 0.00023708556783980214, 'D_high': 69487.56471471075, 'fire_exp': 2.0718044848551513, 'P_half': 8.316580730438588, 'pre_dampen_half': 9.607897023309684, 'gpp_af': 0.017896989302530263, 'gpp_b': 0.0029983422345615405, 'gpp_d': 0.28367424175132244, 'ign_k': 0.42110604577771643, 'ign_c': 128.81982269104964, 'trop_agb_crit': 9.127503401585665, 'trop_k_veg': 1.6765169463024576, 'pop_amp': 0.578372935633259, 'pop_peak': 6.12563685665924, 'pop_sig': 1.3447944004742587, 'fuel_k': 0.014524437105570222, 'fuel_half': 1.2157978582626416}. Best is trial 421 with value: -0.6216386034937503.
[I 2026-08-19 15:07:38,132] Trial 805 finished with value: -0.47591554736841335 and parameters: {'k1': 0.0012009713017221812, 'D_low': 180.2325918923509, 'k2': 4.4134060683305624e-05, 'D_high': 400111.0922711289, 'fire_exp': 3.225426760782386, 'P_half': 54.30014292426082, 'pre_dampen_half': 3.701059400376342, 'gpp_af': 0.10968832931721224, 'gpp_b': 0.00010980445628071297, 'gpp_d': 0.045823898188125003, 'ign_k': 1.6185089283834238, 'ign_c': 25.942061812718098, 'trop_agb_crit': 22.408249666138097, 'trop_k_veg': 1.6526165859260384, 'pop_amp': 2.4270274058705623, 'pop_peak': 6.147685303106488, 'pop_sig': 0.2957588149489812, 'fuel_k': 0.1325322322195288, 'fuel_half': 0.1037416851811254}. Best is trial 421 with value: -0.6216386034937503.
[I 2026-08-19 15:07:41,019] Trial 806 finished with value: -0.36800244861962633 and parameters: {'k1': 0.001514131045780961, 'D_low': 1712.5193983186598, 'k2': 0.0012618330138183301, 'D_high': 204061.55422734038, 'fire_exp': 6.060731985645865, 'P_half': 20.135930640255545, 'pre_dampen_half': 54.808952848551705, 'gpp_af': 0.0016090270001638159, 'gpp_b': 0.04223221578851563, 'gpp_d': 1.4754867409058983, 'ign_k': 0.11165023174753713, 'ign_c': 42.571025948341216, 'trop_agb_crit': 2.123997810658207, 'trop_k_veg': 1.2750655098168828, 'pop_amp': 0.3040726241569666, 'pop_peak': 4.994351334976148, 'pop_sig': 1.8349612238338608, 'fuel_k': 0.1537295304979753, 'fuel_half': 1.1022827703098486}. Best is trial 421 with value: -0.6216386034937503.
[I 2026-08-19 15:07:43,855] Trial 807 finished with value: -0.31870522024602865 and parameters: {'k1': 2.7084772494136326e-05, 'D_low': 4584.295394071948, 'k2': 1.3527798829893638e-05, 'D_high': 1321521.9436022362, 'fire_exp': 1.1503713734026921, 'P_half': 84.5062367262156, 'pre_dampen_half': 1.0763593002223626, 'gpp_af': 0.007086691911418742, 'gpp_b': 5.3688227337204934e-05, 'gpp_d': 76.90464566622393, 'ign_k': 4.537422812796161, 'ign_c': 0.615959729552454, 'trop_agb_crit': 6.157058996970801, 'trop_k_veg': 2.238191975158155, 'pop_amp': 10.90501738398138, 'pop_peak': 17.50252265068242, 'pop_sig': 1.9534102807649822, 'fuel_k': 1.0858453502866934, 'fuel_half': 0.229327762756475}. Best is trial 421 with value: -0.6216386034937503.
[I 2026-08-19 15:07:46,297] Trial 808 finished with value: -0.4301035111796345 and parameters: {'k1': 0.016195206296576305, 'D_low': 502.5051727661252, 'k2': 1.7420062724882423e-05, 'D_high': 9993844.414566785, 'fire_exp': 6.5571037945748145, 'P_half': 126.46806981329684, 'pre_dampen_half': 3.965599877180767, 'gpp_af': 0.002800185098489053, 'gpp_b': 1.1879882426283668e-05, 'gpp_d': 1.5141749555555715, 'ign_k': 0.06562525055973187, 'ign_c': 1.7248253917148562, 'trop_agb_crit': 26.735517845166655, 'trop_k_veg': 3.4558593272605282, 'pop_amp': 0.04099078360725287, 'pop_peak': 3.6036508384079005, 'pop_sig': 0.8250691196140874, 'fuel_k': 0.0730566445102933, 'fuel_half': 0.7337566953214095}. Best is trial 421 with value: -0.6216386034937503.
  trial  809/2500  best_overall=0.6216  (43.7 min)
[I 2026-08-19 15:07:49,121] Trial 809 finished with value: -0.48519845829585384 and parameters: {'k1': 0.005966231320278777, 'D_low': 583.4986905639216, 'k2': 0.0015563384832643263, 'D_high': 4905394.6324477345, 'fire_exp': 1.0653336409236605, 'P_half': 71.64251883903333, 'pre_dampen_half': 0.27738455412474994, 'gpp_af': 0.0013392682496294161, 'gpp_b': 0.0004108743445421113, 'gpp_d': 12.037714599813771, 'ign_k': 0.024462506061011153, 'ign_c': 1.8667253949015752, 'trop_agb_crit': 6.959597603924526, 'trop_k_veg': 2.549253929106716, 'pop_amp': 0.02302238140952165, 'pop_peak': 144.55034886827855, 'pop_sig': 0.25415052814274436, 'fuel_k': 0.8882375288452312, 'fuel_half': 0.818607716326023}. Best is trial 421 with value: -0.6216386034937503.
[I 2026-08-19 15:07:51,620] Trial 810 finished with value: -0.41184562121714385 and parameters: {'k1': 6.308049923192812e-05, 'D_low': 126834.5126133787, 'k2': 1.5219748896436866e-05, 'D_high': 24039.12993406599, 'fire_exp': 1.2762836078048672, 'P_half': 99.2188524021471, 'pre_dampen_half': 3.2413085936229713, 'gpp_af': 0.0014874077761334464, 'gpp_b': 0.00016813051119296687, 'gpp_d': 1.0186265625369215, 'ign_k': 5.271930167993807, 'ign_c': 4.551333163715297, 'trop_agb_crit': 6.954211720603301, 'trop_k_veg': 1.4624383751652847, 'pop_amp': 4.7259160954625, 'pop_peak': 53.79745286626245, 'pop_sig': 2.1969072325351675, 'fuel_k': 0.8759213740885872, 'fuel_half': 0.21697172686257896}. Best is trial 421 with value: -0.6216386034937503.
