[I 2026-07-24 02:10:34,122] Trial 608 finished with value: 0.4441356229092148 and parameters: {'k1': 0.020762821476473216, 'D_low': 2519.8404886447593, 'k2': 0.07915938825494458, 'D_high': 6101575.633991595, 'fire_exp': 3.341961237677814, 'P_half': 137.79059275766056, 'pre_dampen_half': 83.2893551626499, 'gpp_af': 0.003880771714701503, 'gpp_b': 1.000046436975182e-05, 'gpp_d': 112.30490384649488, 'ign_k': 0.001292559685683188, 'ign_c': 0.3019916869974341, 'trop_agb_crit': 20.47508258135905, 'trop_k_veg': 2.3927536009550803, 'gdp_gamma': 1.4053681419013746, 'fuel_k': 0.08402025559090075, 'fuel_half': 69.26956171140826}. Best is trial 335 with value: -0.6233152110406992.
[I 2026-07-24 02:10:34,568] Trial 609 finished with value: 0.45517958162286765 and parameters: {'k1': 0.00013904676426437616, 'D_low': 4.557485484870086, 'k2': 0.00028386050610690816, 'D_high': 1590010.3031093515, 'fire_exp': 2.182160566208601, 'P_half': 1.1692452557506332, 'pre_dampen_half': 31.926954656483815, 'gpp_af': 0.05755606734222427, 'gpp_b': 5.489313864251759e-05, 'gpp_d': 1.0363319106082185, 'ign_k': 0.012303157782702507, 'ign_c': 11.089360243448354, 'trop_agb_crit': 2.2725814452304713, 'trop_k_veg': 1.252343110905558, 'gdp_gamma': 1.13666839124358, 'fuel_k': 0.045809343664751985, 'fuel_half': 87.44994095098983}. Best is trial 335 with value: -0.6233152110406992.
[I 2026-07-24 02:10:35,024] Trial 610 finished with value: 0.48353831047434803 and parameters: {'k1': 0.09669223885468041, 'D_low': 2095.810744994045, 'k2': 0.04480354924050027, 'D_high': 215009.88620633405, 'fire_exp': 1.616696473879592, 'P_half': 1823.0484508452455, 'pre_dampen_half': 21.750133609422274, 'gpp_af': 0.02929492378788503, 'gpp_b': 0.00011772161760244926, 'gpp_d': 629.3298093065744, 'ign_k': 0.0024321642347408644, 'ign_c': 6.238248573628014, 'trop_agb_crit': 4.913652110708969, 'trop_k_veg': 0.7699074476159659, 'gdp_gamma': 1.2892357480622088, 'fuel_k': 0.029273212070547755, 'fuel_half': 84.26806497775614}. Best is trial 335 with value: -0.6233152110406992.
[I 2026-07-24 02:10:35,477] Trial 611 finished with value: 0.4474831899034436 and parameters: {'k1': 0.001312566197402, 'D_low': 1.3441782431941383, 'k2': 0.012660088118013927, 'D_high': 794224.4158620132, 'fire_exp': 1.6663987640952715, 'P_half': 4.185858672239385, 'pre_dampen_half': 4.8111945023192355, 'gpp_af': 0.26187049143868935, 'gpp_b': 0.00012095270288138624, 'gpp_d': 2.5716696618261525, 'ign_k': 0.002744502455574808, 'ign_c': 58.974283465759115, 'trop_agb_crit': 2.862353837922177, 'trop_k_veg': 1.1045705623650564, 'gdp_gamma': 1.8846296167777083, 'fuel_k': 0.27878777349112854, 'fuel_half': 8.364429006134008}. Best is trial 335 with value: -0.6233152110406992.
[I 2026-07-24 02:10:35,929] Trial 612 finished with value: 0.6377111946454913 and parameters: {'k1': 0.08735569130603545, 'D_low': 109404.4456843013, 'k2': 0.049939913510167314, 'D_high': 215368.1066169838, 'fire_exp': 2.0734611080244294, 'P_half': 2677.8652719472757, 'pre_dampen_half': 91.90048905215228, 'gpp_af': 0.8531658292855894, 'gpp_b': 0.00023440956746066587, 'gpp_d': 288.06497564736134, 'ign_k': 0.0010420694907381318, 'ign_c': 0.23195469961792076, 'trop_agb_crit': 13.736689429821398, 'trop_k_veg': 2.325129905830042, 'gdp_gamma': 1.4988642039085074, 'fuel_k': 0.0619794526461746, 'fuel_half': 13.744395328795916}. Best is trial 335 with value: -0.6233152110406992.
[I 2026-07-24 02:10:36,373] Trial 613 finished with value: 0.5919363512436404 and parameters: {'k1': 0.0001645040243751443, 'D_low': 337.7941301457471, 'k2': 0.0016078602493373873, 'D_high': 127635.98499762305, 'fire_exp': 3.4619922139735344, 'P_half': 273.8201800601871, 'pre_dampen_half': 156.69618001612378, 'gpp_af': 4.682573439787096, 'gpp_b': 0.23620247947251186, 'gpp_d': 160.99335201785522, 'ign_k': 0.0037360342686137546, 'ign_c': 0.11865448066462823, 'trop_agb_crit': 27.636406556191385, 'trop_k_veg': 5.994592074516034, 'gdp_gamma': 0.027778985436062026, 'fuel_k': 0.1914250331992733, 'fuel_half': 20.660738223944204}. Best is trial 335 with value: -0.6233152110406992.
[I 2026-07-24 02:10:36,825] Trial 614 finished with value: 0.5209115796997752 and parameters: {'k1': 0.0005263566003725821, 'D_low': 2.3185981686425485, 'k2': 0.0001663890777854821, 'D_high': 644794.1448250156, 'fire_exp': 8.454982833845493, 'P_half': 15.255878756503504, 'pre_dampen_half': 18.540148304934185, 'gpp_af': 0.0011909643912202867, 'gpp_b': 5.0103931448745124e-05, 'gpp_d': 15.132874984174638, 'ign_k': 3.568704654693608, 'ign_c': 26.005605176429576, 'trop_agb_crit': 28.42435374095386, 'trop_k_veg': 0.7286937275684958, 'gdp_gamma': 0.0018855582570780523, 'fuel_k': 2.935575344301474, 'fuel_half': 0.2910213749129732}. Best is trial 335 with value: -0.6233152110406992.
[I 2026-07-24 02:10:37,271] Trial 615 finished with value: 0.4700816036077695 and parameters: {'k1': 0.0004947939952317884, 'D_low': 9840.250538209668, 'k2': 0.0013923160204754753, 'D_high': 7141589.69139831, 'fire_exp': 1.7738127119032145, 'P_half': 197.99806687626327, 'pre_dampen_half': 960.5393871283466, 'gpp_af': 1.7686441532534527, 'gpp_b': 0.008075390229231576, 'gpp_d': 701.9611975951336, 'ign_k': 0.00902584852174519, 'ign_c': 0.5799798933713481, 'trop_agb_crit': 11.934917373267933, 'trop_k_veg': 5.991389614315306, 'gdp_gamma': 0.7184644276393282, 'fuel_k': 0.047221861126625166, 'fuel_half': 29.621521636159688}. Best is trial 335 with value: -0.6233152110406992.
[I 2026-07-24 02:10:37,717] Trial 616 finished with value: 0.5438386522078946 and parameters: {'k1': 0.00028829450289586143, 'D_low': 1833.0534572009494, 'k2': 0.0002112167902137246, 'D_high': 306212.8542520722, 'fire_exp': 1.74842504972567, 'P_half': 679.850493046238, 'pre_dampen_half': 166.14337673995712, 'gpp_af': 0.002042536786673618, 'gpp_b': 0.00030651767731302605, 'gpp_d': 0.012462066785059667, 'ign_k': 0.011819241572396095, 'ign_c': 20.044146006694284, 'trop_agb_crit': 2.7818009978272613, 'trop_k_veg': 2.26984829128424, 'gdp_gamma': 0.38852048827195607, 'fuel_k': 0.027429378679101453, 'fuel_half': 7.093820269882302}. Best is trial 335 with value: -0.6233152110406992.
[I 2026-07-24 02:10:38,173] Trial 617 finished with value: 0.600408357255247 and parameters: {'k1': 2.5323011112453312e-05, 'D_low': 3319.985664705924, 'k2': 0.000367308228474823, 'D_high': 248196.83099864356, 'fire_exp': 1.4776808847452523, 'P_half': 1553.828108391949, 'pre_dampen_half': 3.20971605363202, 'gpp_af': 0.11287925050428316, 'gpp_b': 0.0011414653416212087, 'gpp_d': 0.03471117575860872, 'ign_k': 0.006811152114827222, 'ign_c': 751.9836837396252, 'trop_agb_crit': 6.416539021546865, 'trop_k_veg': 3.4856553835845046, 'gdp_gamma': 0.5764030327094478, 'fuel_k': 0.01855391077206097, 'fuel_half': 2.4315458750341854}. Best is trial 335 with value: -0.6233152110406992.
[I 2026-07-24 02:10:38,629] Trial 618 finished with value: 0.5818411751248056 and parameters: {'k1': 0.00011860807040662595, 'D_low': 11.040714120577082, 'k2': 0.004654558708720604, 'D_high': 344519.93997833, 'fire_exp': 1.456278897108162, 'P_half': 932.6033364358104, 'pre_dampen_half': 27.95573208089463, 'gpp_af': 0.0010914771428702195, 'gpp_b': 0.0030659959084074024, 'gpp_d': 3.8316382768236465, 'ign_k': 0.009951990482015397, 'ign_c': 7.1256945773032205, 'trop_agb_crit': 1.556147552102837, 'trop_k_veg': 1.0576227324015979, 'gdp_gamma': 1.0612255762093112, 'fuel_k': 0.07957840834000227, 'fuel_half': 52.28055765374615}. Best is trial 335 with value: -0.6233152110406992.
[I 2026-07-24 02:10:39,084] Trial 619 finished with value: 0.5505147349718263 and parameters: {'k1': 1.5364643384112094e-05, 'D_low': 448.22898149567226, 'k2': 0.0030718049013449718, 'D_high': 332331.90301803366, 'fire_exp': 1.3803277377233343, 'P_half': 1128.8149217538278, 'pre_dampen_half': 510.11193828830903, 'gpp_af': 0.730815245326566, 'gpp_b': 0.0001853269250563253, 'gpp_d': 0.06592675306721155, 'ign_k': 0.001303804508989785, 'ign_c': 39.59962714130426, 'trop_agb_crit': 3.393744058152655, 'trop_k_veg': 2.974030825519967, 'gdp_gamma': 1.5473138622160303, 'fuel_k': 0.03388987638156094, 'fuel_half': 5.200970738104008}. Best is trial 335 with value: -0.6233152110406992.
[I 2026-07-24 02:10:39,529] Trial 620 finished with value: 0.5063995137384398 and parameters: {'k1': 6.298068965858421e-05, 'D_low': 2.4406691122041764, 'k2': 0.020837803627287797, 'D_high': 344394.87946029706, 'fire_exp': 1.0235751833955615, 'P_half': 63.00692163239019, 'pre_dampen_half': 0.5153296487053834, 'gpp_af': 0.005213392129242198, 'gpp_b': 0.000517810936778492, 'gpp_d': 0.09520961530238263, 'ign_k': 0.008296283399735023, 'ign_c': 6.54569013539921, 'trop_agb_crit': 1.0582839920418805, 'trop_k_veg': 2.5856358383174793, 'gdp_gamma': 0.23648086470343974, 'fuel_k': 0.012784035677776858, 'fuel_half': 28.006076917983222}. Best is trial 335 with value: -0.6233152110406992.
[I 2026-07-24 02:10:39,983] Trial 621 finished with value: 0.6413941843006497 and parameters: {'k1': 3.7870199366321e-05, 'D_low': 13.833683355691749, 'k2': 0.0002867825404649201, 'D_high': 1254259.3144998723, 'fire_exp': 1.1425062273750506, 'P_half': 962.0417505560754, 'pre_dampen_half': 12.521496662230698, 'gpp_af': 10.137486922282152, 'gpp_b': 0.0007167820518034166, 'gpp_d': 0.01215260018308787, 'ign_k': 0.008171150727840326, 'ign_c': 172.29014679382814, 'trop_agb_crit': 2.474758011313226, 'trop_k_veg': 2.0740391188082405, 'gdp_gamma': 0.23579241870218126, 'fuel_k': 0.04923695085286195, 'fuel_half': 24.269559562546718}. Best is trial 335 with value: -0.6233152110406992.
[I 2026-07-24 02:10:40,434] Trial 622 finished with value: 0.6023316606583723 and parameters: {'k1': 1.1847866389268662e-05, 'D_low': 267.27306664729576, 'k2': 0.0033536480313995057, 'D_high': 7605655.340760361, 'fire_exp': 1.9893012527751721, 'P_half': 311.3591862380613, 'pre_dampen_half': 552.8389356249805, 'gpp_af': 0.3083473386830101, 'gpp_b': 0.03286851941952077, 'gpp_d': 1.0693558548558968, 'ign_k': 0.003985589813646209, 'ign_c': 484.00791837480955, 'trop_agb_crit': 7.075325880971478, 'trop_k_veg': 2.9989844519730444, 'gdp_gamma': 0.07141197005077726, 'fuel_k': 0.015809044367595268, 'fuel_half': 9.46784303327844}. Best is trial 335 with value: -0.6233152110406992.
[I 2026-07-24 02:10:40,887] Trial 623 finished with value: -0.6053468188045549 and parameters: {'k1': 0.0005879500424526516, 'D_low': 12.784704615623644, 'k2': 0.008557232570350954, 'D_high': 3401329.7197369146, 'fire_exp': 1.953758726595451, 'P_half': 2.861690534923543, 'pre_dampen_half': 11.77181321199628, 'gpp_af': 0.0016943754516093375, 'gpp_b': 6.443877526415201e-05, 'gpp_d': 8.547645202320771, 'ign_k': 0.010655924405157448, 'ign_c': 8.760099410485179, 'trop_agb_crit': 2.404420043262469, 'trop_k_veg': 0.8925817600037635, 'gdp_gamma': 0.7007038909036095, 'fuel_k': 0.08098775150360758, 'fuel_half': 13.154569819919502}. Best is trial 335 with value: -0.6233152110406992.
[I 2026-07-24 02:10:41,343] Trial 624 finished with value: -0.6023053285685899 and parameters: {'k1': 2.888311970955628e-05, 'D_low': 5.801825450682382, 'k2': 0.00022496996017209978, 'D_high': 199465.90582314215, 'fire_exp': 1.0550785675129761, 'P_half': 29.946455702039557, 'pre_dampen_half': 1.6890051510150497, 'gpp_af': 0.0030695380996183705, 'gpp_b': 0.00014700154274591024, 'gpp_d': 2.56614770456961, 'ign_k': 0.0019961986823575383, 'ign_c': 47.81660253958475, 'trop_agb_crit': 1.7579434222827874, 'trop_k_veg': 3.7541885111773756, 'gdp_gamma': 0.5497709240686753, 'fuel_k': 0.01150873773984574, 'fuel_half': 8.190213472079675}. Best is trial 335 with value: -0.6233152110406992.
[I 2026-07-24 02:10:41,792] Trial 625 finished with value: 0.5683125811615294 and parameters: {'k1': 5.904141276020872e-05, 'D_low': 3.7854904106418634, 'k2': 0.0014643999279030575, 'D_high': 17592.87906917104, 'fire_exp': 1.6225576261169063, 'P_half': 34.75975230982845, 'pre_dampen_half': 0.22510622371264086, 'gpp_af': 0.004578531165044353, 'gpp_b': 1.7330028632502624e-05, 'gpp_d': 0.27410422083994157, 'ign_k': 0.0017511651940503776, 'ign_c': 6.395330044656333, 'trop_agb_crit': 1.1803718103270957, 'trop_k_veg': 1.3761682157288377, 'gdp_gamma': 1.7091688722865033, 'fuel_k': 0.039436446660035665, 'fuel_half': 0.5672837890768924}. Best is trial 335 with value: -0.6233152110406992.
[I 2026-07-24 02:10:42,240] Trial 626 finished with value: 0.5816533348841882 and parameters: {'k1': 0.000581959289498332, 'D_low': 139.53835096524026, 'k2': 0.0023467896784552505, 'D_high': 3478769.9831514414, 'fire_exp': 3.603616570327596, 'P_half': 1573.185080821001, 'pre_dampen_half': 2.3509941835840085, 'gpp_af': 0.23473949267723043, 'gpp_b': 0.0004872080151769391, 'gpp_d': 973.0291508395009, 'ign_k': 0.0022061688110272554, 'ign_c': 0.407007551593863, 'trop_agb_crit': 15.196122642060866, 'trop_k_veg': 4.095359004580671, 'gdp_gamma': 1.6064396615917464, 'fuel_k': 0.03485964899646818, 'fuel_half': 49.6426229208348}. Best is trial 335 with value: -0.6233152110406992.
[I 2026-07-24 02:10:42,717] Trial 627 finished with value: 0.5867544893098743 and parameters: {'k1': 3.3152475119354975e-05, 'D_low': 3.5591692266031973, 'k2': 0.0014328899246894445, 'D_high': 16229.053186785519, 'fire_exp': 9.454087473133717, 'P_half': 5.90590839722735, 'pre_dampen_half': 5.079866386858345, 'gpp_af': 0.1808941288661098, 'gpp_b': 2.8856556083309414e-05, 'gpp_d': 1.7180047316248428, 'ign_k': 2.663120756826292, 'ign_c': 6.440358108676751, 'trop_agb_crit': 21.74447491810096, 'trop_k_veg': 0.8315319456460192, 'gdp_gamma': 0.0029363816457940103, 'fuel_k': 1.0392419404460393, 'fuel_half': 0.10254612370857993}. Best is trial 335 with value: -0.6233152110406992.
[I 2026-07-24 02:10:43,170] Trial 628 finished with value: 0.6020388760662859 and parameters: {'k1': 0.0011429176581844273, 'D_low': 792.0544345039491, 'k2': 0.01777568485360015, 'D_high': 2824.9332431822345, 'fire_exp': 1.9140051788219001, 'P_half': 115.31351993438565, 'pre_dampen_half': 0.05615705333762985, 'gpp_af': 0.08800824104557513, 'gpp_b': 0.00015893091015009033, 'gpp_d': 207.1042909151372, 'ign_k': 0.06778882180409848, 'ign_c': 0.6556099989005698, 'trop_agb_crit': 12.154441921718261, 'trop_k_veg': 3.485230893725011, 'gdp_gamma': 1.7181885887504291, 'fuel_k': 0.22577611162560804, 'fuel_half': 4.753219269334387}. Best is trial 335 with value: -0.6233152110406992.
[I 2026-07-24 02:10:43,623] Trial 629 finished with value: 0.5852838423625008 and parameters: {'k1': 0.00023483344680657957, 'D_low': 36.615773677563794, 'k2': 1.698177123789553e-05, 'D_high': 56652.06577149794, 'fire_exp': 1.179619367282296, 'P_half': 11.34115696625574, 'pre_dampen_half': 0.19872787590574328, 'gpp_af': 0.03454245252868592, 'gpp_b': 1.593277408113637e-05, 'gpp_d': 2.747699557099915, 'ign_k': 0.23042364373245847, 'ign_c': 43.3964325233066, 'trop_agb_crit': 1.4664047498293886, 'trop_k_veg': 3.0686775139612203, 'gdp_gamma': 0.06446616949502579, 'fuel_k': 0.032599295806421846, 'fuel_half': 12.727573770602508}. Best is trial 335 with value: -0.6233152110406992.
[I 2026-07-24 02:10:44,145] Trial 630 finished with value: 0.5231788561142693 and parameters: {'k1': 0.00045061909093599027, 'D_low': 4.274475353429795, 'k2': 0.002742384498214386, 'D_high': 4147713.4543693024, 'fire_exp': 2.9399885552080427, 'P_half': 5.305088750559511, 'pre_dampen_half': 1.7195012858036953, 'gpp_af': 0.002468641902060723, 'gpp_b': 9.200769980776805e-05, 'gpp_d': 10.06850796361037, 'ign_k': 0.003927730964685042, 'ign_c': 5.8609542252738995, 'trop_agb_crit': 4.868677431080124, 'trop_k_veg': 0.687351571630761, 'gdp_gamma': 1.2723617659038788, 'fuel_k': 0.03676799691459003, 'fuel_half': 2.95102057602273}. Best is trial 335 with value: -0.6233152110406992.
[I 2026-07-24 02:10:44,598] Trial 631 finished with value: 0.5399179374277733 and parameters: {'k1': 3.7378736927369706e-05, 'D_low': 11.29852358511666, 'k2': 4.5568144100688e-05, 'D_high': 52075.161765817444, 'fire_exp': 1.2004003147062903, 'P_half': 35.83727597107699, 'pre_dampen_half': 39.071244171684135, 'gpp_af': 0.001641418596501667, 'gpp_b': 0.0005155358625992923, 'gpp_d': 0.11306595631287517, 'ign_k': 0.009744248932526184, 'ign_c': 11.533226455011821, 'trop_agb_crit': 3.3071669036092812, 'trop_k_veg': 4.406860903610288, 'gdp_gamma': 0.014733594996881118, 'fuel_k': 0.011465607683378854, 'fuel_half': 1.7599563724858316}. Best is trial 335 with value: -0.6233152110406992.
[I 2026-07-24 02:10:45,067] Trial 632 finished with value: 0.4179185553092889 and parameters: {'k1': 0.00017259327910335628, 'D_low': 5.177367115623861, 'k2': 0.02326642381770353, 'D_high': 4075274.9477994787, 'fire_exp': 4.636574016869338, 'P_half': 219.98033975988722, 'pre_dampen_half': 10.219712696913314, 'gpp_af': 0.07346312898744731, 'gpp_b': 0.00030911401497255963, 'gpp_d': 3.1206911267122996, 'ign_k': 0.6496541609162765, 'ign_c': 3.546496690247951, 'trop_agb_crit': 25.56906282553998, 'trop_k_veg': 0.9001998402372443, 'gdp_gamma': 0.0017179325096820955, 'fuel_k': 3.9496259875363853, 'fuel_half': 0.29591369948054896}. Best is trial 335 with value: -0.6233152110406992.
[I 2026-07-24 02:10:45,545] Trial 633 finished with value: 0.4710736385566088 and parameters: {'k1': 0.0006519430850522032, 'D_low': 1.0828746412276835, 'k2': 0.00016037310497696384, 'D_high': 5503133.188931293, 'fire_exp': 1.6780231931320961, 'P_half': 14.260535701530284, 'pre_dampen_half': 1.0211025400804687, 'gpp_af': 0.20547430899388, 'gpp_b': 1.5886543987394786e-05, 'gpp_d': 4.085320052053196, 'ign_k': 0.035092072083423145, 'ign_c': 0.6580935932358526, 'trop_agb_crit': 3.2362079565231356, 'trop_k_veg': 1.8727169798639516, 'gdp_gamma': 0.7174214662411705, 'fuel_k': 0.15197831619587615, 'fuel_half': 3.718773916062553}. Best is trial 335 with value: -0.6233152110406992.
[I 2026-07-24 02:10:46,000] Trial 634 finished with value: 0.5417074834376295 and parameters: {'k1': 2.4528532499356356e-05, 'D_low': 1.0979615921494008, 'k2': 0.00011416808179253524, 'D_high': 346645.24431929726, 'fire_exp': 1.335024852885342, 'P_half': 73.49478708033544, 'pre_dampen_half': 0.9446677596862306, 'gpp_af': 0.007495354412690521, 'gpp_b': 9.389787790617823e-05, 'gpp_d': 3.921831197125805, 'ign_k': 0.0023261293967891663, 'ign_c': 12.25347720046218, 'trop_agb_crit': 1.506679622162776, 'trop_k_veg': 6.397840516939693, 'gdp_gamma': 0.1119293912071545, 'fuel_k': 0.014995743584798035, 'fuel_half': 13.119031715942599}. Best is trial 335 with value: -0.6233152110406992.
[I 2026-07-24 02:10:46,457] Trial 635 finished with value: 0.451939560227245 and parameters: {'k1': 0.0004143740941981379, 'D_low': 16.90058405395984, 'k2': 0.0033168251043340716, 'D_high': 6127868.618311377, 'fire_exp': 2.3131135765836617, 'P_half': 2.3330908069395426, 'pre_dampen_half': 1.4676280966833144, 'gpp_af': 0.0013011992870547262, 'gpp_b': 3.4229790475471084e-05, 'gpp_d': 61.95732497317335, 'ign_k': 0.007292180959781761, 'ign_c': 3.1997247550891643, 'trop_agb_crit': 1.6725786532520734, 'trop_k_veg': 0.995839248186978, 'gdp_gamma': 0.9306367938386689, 'fuel_k': 0.24525601819819773, 'fuel_half': 39.54275326551324}. Best is trial 335 with value: -0.6233152110406992.
[I 2026-07-24 02:10:46,910] Trial 636 finished with value: 0.5503525140435072 and parameters: {'k1': 1.0427727597336903e-05, 'D_low': 9.138365434662612, 'k2': 0.02342119368321122, 'D_high': 1373427.4565566112, 'fire_exp': 2.235693878729238, 'P_half': 79.98148543490049, 'pre_dampen_half': 12.161833642599333, 'gpp_af': 0.0015940383817772573, 'gpp_b': 0.00018447371484206404, 'gpp_d': 0.06677846141612288, 'ign_k': 0.001531243163870288, 'ign_c': 5.5616758949458704, 'trop_agb_crit': 2.1453684793689822, 'trop_k_veg': 1.012739499492414, 'gdp_gamma': 0.9100198908108648, 'fuel_k': 0.051780977647440406, 'fuel_half': 45.86479801693016}. Best is trial 335 with value: -0.6233152110406992.
[I 2026-07-24 02:10:47,361] Trial 637 finished with value: 0.5057250775492341 and parameters: {'k1': 0.0008329870974287451, 'D_low': 4.164409113897309, 'k2': 0.0029153473141128833, 'D_high': 2077421.01351573, 'fire_exp': 4.010828554386515, 'P_half': 3.1354248246448804, 'pre_dampen_half': 167.8349449364287, 'gpp_af': 0.03313869833761155, 'gpp_b': 1.8531974507632758e-05, 'gpp_d': 1.1332823689684974, 'ign_k': 0.0016870293346978084, 'ign_c': 0.1463945705564552, 'trop_agb_crit': 5.4102882608417255, 'trop_k_veg': 0.8232133262666614, 'gdp_gamma': 0.643853839799996, 'fuel_k': 0.03918819726855328, 'fuel_half': 59.461283334193084}. Best is trial 335 with value: -0.6233152110406992.
[I 2026-07-24 02:10:47,818] Trial 638 finished with value: -0.5823794760908746 and parameters: {'k1': 0.004119434346511559, 'D_low': 10036.829537378931, 'k2': 0.05054672090615686, 'D_high': 3638574.2147561614, 'fire_exp': 1.6621227576065036, 'P_half': 108.14844370407705, 'pre_dampen_half': 6.844787869671373, 'gpp_af': 0.021245992485294293, 'gpp_b': 3.398968729480585e-05, 'gpp_d': 27.3611330068198, 'ign_k': 0.005916871541791934, 'ign_c': 33.52292232934081, 'trop_agb_crit': 27.59011948034562, 'trop_k_veg': 0.7414696907141549, 'gdp_gamma': 0.5735708521105177, 'fuel_k': 0.022092589311591897, 'fuel_half': 91.34061341675091}. Best is trial 335 with value: -0.6233152110406992.
[I 2026-07-24 02:10:48,276] Trial 639 finished with value: 0.5836795268670585 and parameters: {'k1': 0.0004782374769192597, 'D_low': 9060.218986922646, 'k2': 0.002247851539165291, 'D_high': 1460700.236284499, 'fire_exp': 2.205462137373453, 'P_half': 2119.5149066269405, 'pre_dampen_half': 4.540706292711052, 'gpp_af': 0.14194565489439012, 'gpp_b': 5.517713731468579e-05, 'gpp_d': 198.24732313216958, 'ign_k': 0.0038003111786558477, 'ign_c': 0.27949001853778355, 'trop_agb_crit': 24.14974037692861, 'trop_k_veg': 2.800172662852794, 'gdp_gamma': 0.5314499302004715, 'fuel_k': 1.8662798883897143, 'fuel_half': 28.77602209036813}. Best is trial 335 with value: -0.6233152110406992.
