[I 2026-07-22 18:43:30,534] Trial 244 finished with values: [-0.6472632203733506, 0.27679870792962225] and parameters: {'k1': 0.0003199177539819797, 'D_low': 8454.098152188677, 'k2': 0.002342238625792905, 'D_high': 8433503.858791472, 'fire_exp': 8.791426299948917, 'P_half': 1.4378290221680121, 'pre_dampen_half': 33.71909132517388, 'gpp_af': 0.015350904103515228, 'gpp_b': 1.1698276136056565e-05, 'gpp_d': 6.91394869865762, 'ign_k': 4.59148521674054, 'ign_c': 0.13670484737132343, 'trop_agb_crit': 10.719494362768906, 'trop_k_veg': 2.3408809609838257, 'fuel_k': 3.6992394681929355, 'fuel_half': 81.87941582538087}.
[I 2026-07-22 18:43:30,951] Trial 245 finished with values: [10.517965503492812, 10.517965503492812] and parameters: {'k1': 0.0058043147174140705, 'D_low': 3.169598846855015, 'k2': 0.05583672722754823, 'D_high': 2283.4228779494524, 'fire_exp': 2.655962930461066, 'P_half': 12.38905291855107, 'pre_dampen_half': 420.2116526335304, 'gpp_af': 0.3259758793317361, 'gpp_b': 1.1698276136056565e-05, 'gpp_d': 2.2044650100999164, 'ign_k': 0.006039096247545781, 'ign_c': 16.626592254031866, 'trop_agb_crit': 12.285102065067687, 'trop_k_veg': 1.7518409078083697, 'fuel_k': 0.01814068034742312, 'fuel_half': 49.16400722913764}.
[I 2026-07-22 18:43:31,368] Trial 246 finished with values: [10.76923076903347, 10.76923076903347] and parameters: {'k1': 9.969469187531805e-05, 'D_low': 1407.7923139972395, 'k2': 0.0001971137615017176, 'D_high': 1693415.5410667954, 'fire_exp': 8.791426299948917, 'P_half': 1.4378290221680121, 'pre_dampen_half': 33.97904243111269, 'gpp_af': 42.29037995744429, 'gpp_b': 0.00012118589392553819, 'gpp_d': 6.91394869865762, 'ign_k': 4.59148521674054, 'ign_c': 238.8897930076982, 'trop_agb_crit': 29.789943908227905, 'trop_k_veg': 4.130963924640279, 'fuel_k': 3.6992394681929355, 'fuel_half': 81.87941582538087}.
[I 2026-07-22 18:43:31,782] Trial 247 finished with values: [10.684873658168742, 10.684873658168742] and parameters: {'k1': 0.002971796631657383, 'D_low': 163.4864778201543, 'k2': 0.002342238625792905, 'D_high': 305369.47947832284, 'fire_exp': 1.2943117749495199, 'P_half': 8832.039346746853, 'pre_dampen_half': 36.876350096202984, 'gpp_af': 0.015350904103515228, 'gpp_b': 1.1698276136056565e-05, 'gpp_d': 2.2044650100999164, 'ign_k': 0.006039096247545781, 'ign_c': 77.59048401667629, 'trop_agb_crit': 6.1198430581046965, 'trop_k_veg': 0.9793402026070162, 'fuel_k': 0.6211831489538813, 'fuel_half': 1.3547291924247347}.
[I 2026-07-22 18:43:32,195] Trial 248 finished with values: [10.76923076903347, 10.76923076903347] and parameters: {'k1': 0.00016480446427978953, 'D_low': 1407.7923139972395, 'k2': 0.0004381141781653137, 'D_high': 558.9524205217922, 'fire_exp': 8.930248873821906, 'P_half': 39.03214299767183, 'pre_dampen_half': 703.6426675556041, 'gpp_af': 21.25864743764987, 'gpp_b': 0.7987896438549943, 'gpp_d': 0.19476644406315285, 'ign_k': 0.0048255892187380085, 'ign_c': 11.40086370112731, 'trop_agb_crit': 29.789943908227905, 'trop_k_veg': 2.3408809609838257, 'fuel_k': 0.3872812826465556, 'fuel_half': 0.32476735706274484}.
[I 2026-07-22 18:43:32,621] Trial 249 finished with values: [10.214657629950327, 10.214657629950327] and parameters: {'k1': 0.002968335334246999, 'D_low': 140.92119204434155, 'k2': 0.0009562822793888481, 'D_high': 107013.64911724928, 'fire_exp': 3.313658135010505, 'P_half': 4.020051040432125, 'pre_dampen_half': 3.9885726374014694, 'gpp_af': 18.235072804314193, 'gpp_b': 0.0039265289720170965, 'gpp_d': 6.378078463802852, 'ign_k': 3.210808548911192, 'ign_c': 4.1108484350212295, 'trop_agb_crit': 1.5774541406529003, 'trop_k_veg': 0.5415365826598848, 'fuel_k': 1.2528108647479208, 'fuel_half': 7.259866824755671}.
[I 2026-07-22 18:43:33,040] Trial 250 finished with values: [10.76923076903347, 10.76923076903347] and parameters: {'k1': 0.0029707920514735983, 'D_low': 458876.1870833981, 'k2': 0.0038341488164556755, 'D_high': 1026.0852623190942, 'fire_exp': 3.2181803496180783, 'P_half': 38.82837025280678, 'pre_dampen_half': 518.2609891091992, 'gpp_af': 0.005618069878716736, 'gpp_b': 4.0803257466853524e-05, 'gpp_d': 857.4284557962626, 'ign_k': 0.7588328899786276, 'ign_c': 0.4392638796750216, 'trop_agb_crit': 15.870971677383487, 'trop_k_veg': 1.0049538030148353, 'fuel_k': 0.030315034760496764, 'fuel_half': 18.202647368248815}.
[I 2026-07-22 18:43:33,458] Trial 251 finished with values: [10.729029584490391, 10.729029584490391] and parameters: {'k1': 0.00013649087666416944, 'D_low': 150.83210025074274, 'k2': 0.0007081721844034209, 'D_high': 26587.030147082678, 'fire_exp': 1.0881360604103363, 'P_half': 8832.039346746853, 'pre_dampen_half': 1.2549793639668947, 'gpp_af': 0.015350904103515228, 'gpp_b': 4.0803257466853524e-05, 'gpp_d': 0.05811599743439243, 'ign_k': 0.0026834162496848666, 'ign_c': 0.4392638796750216, 'trop_agb_crit': 26.402883285404346, 'trop_k_veg': 0.9793402026070162, 'fuel_k': 0.5941849670507415, 'fuel_half': 1.3547291924247347}.
[I 2026-07-22 18:43:33,874] Trial 252 finished with values: [10.763397232715686, 10.763397232715686] and parameters: {'k1': 0.0003893835424674703, 'D_low': 84633.79750416071, 'k2': 2.7703009300353648e-05, 'D_high': 66.8537333582894, 'fire_exp': 1.3411849220480432, 'P_half': 38.82837025280678, 'pre_dampen_half': 96.93415502195796, 'gpp_af': 24.361092841799906, 'gpp_b': 0.00023741511860790972, 'gpp_d': 19.948958651882567, 'ign_k': 5.985024829384178, 'ign_c': 16.626592254031866, 'trop_agb_crit': 6.058402553512053, 'trop_k_veg': 2.251517628390837, 'fuel_k': 0.01814068034742312, 'fuel_half': 49.16400722913764}.
[I 2026-07-22 18:43:34,290] Trial 253 finished with values: [10.769224017469718, 10.769224017469718] and parameters: {'k1': 9.969469187531805e-05, 'D_low': 4.043300846639722, 'k2': 0.00010939944910100016, 'D_high': 1693415.5410667954, 'fire_exp': 8.791426299948917, 'P_half': 1938.3858782150498, 'pre_dampen_half': 3.659675301686168, 'gpp_af': 18.235072804314193, 'gpp_b': 3.228689523591491e-05, 'gpp_d': 6.91394869865762, 'ign_k': 4.59148521674054, 'ign_c': 3.0378658251922155, 'trop_agb_crit': 29.789943908227905, 'trop_k_veg': 4.130963924640279, 'fuel_k': 1.8731335591844647, 'fuel_half': 81.87941582538087}.
[I 2026-07-22 18:43:34,701] Trial 254 finished with values: [10.39240666027461, 10.39240666027461] and parameters: {'k1': 0.0003199177539819797, 'D_low': 13.25142220631392, 'k2': 0.002342238625792905, 'D_high': 160625.60954780428, 'fire_exp': 1.2943117749495199, 'P_half': 9.324787201197319, 'pre_dampen_half': 94.20121790275627, 'gpp_af': 0.015350904103515228, 'gpp_b': 0.0005995821881487623, 'gpp_d': 857.4284557962626, 'ign_k': 0.03141110271934876, 'ign_c': 77.59048401667629, 'trop_agb_crit': 1.886175574962432, 'trop_k_veg': 6.911478238001162, 'fuel_k': 0.6211831489538813, 'fuel_half': 0.33988503110784557}.
[I 2026-07-22 18:43:35,123] Trial 255 finished with values: [-0.28439200076492227, 0.2807702204267123] and parameters: {'k1': 0.00016480446427978953, 'D_low': 1407.7923139972395, 'k2': 0.0038341488164556755, 'D_high': 1026.0852623190942, 'fire_exp': 1.3411849220480432, 'P_half': 38.82837025280678, 'pre_dampen_half': 347.79988160923324, 'gpp_af': 0.005618069878716736, 'gpp_b': 0.0054502936945582505, 'gpp_d': 2.8006820077310226, 'ign_k': 0.7588328899786276, 'ign_c': 0.4392638796750216, 'trop_agb_crit': 12.285102065067687, 'trop_k_veg': 1.0049538030148353, 'fuel_k': 0.48736180483849406, 'fuel_half': 2.276766792290519}.
[I 2026-07-22 18:43:35,545] Trial 256 finished with values: [10.64700501080171, 10.64700501080171] and parameters: {'k1': 0.00013649087666416944, 'D_low': 150.83210025074274, 'k2': 0.00012498583886387654, 'D_high': 26587.030147082678, 'fire_exp': 1.2943117749495199, 'P_half': 8832.039346746853, 'pre_dampen_half': 518.2609891091992, 'gpp_af': 0.015350904103515228, 'gpp_b': 1.1698276136056565e-05, 'gpp_d': 2.2044650100999164, 'ign_k': 0.02847858516856297, 'ign_c': 0.4392638796750216, 'trop_agb_crit': 28.408892144927382, 'trop_k_veg': 2.3408809609838257, 'fuel_k': 0.6211831489538813, 'fuel_half': 49.011305842597835}.
[I 2026-07-22 18:43:35,967] Trial 257 finished with values: [10.736554016940893, 10.736554016940893] and parameters: {'k1': 3.277022851928565e-05, 'D_low': 85.60024220272012, 'k2': 7.011194706512109e-05, 'D_high': 922.5376791737639, 'fire_exp': 1.3175349115759807, 'P_half': 21.901578520649217, 'pre_dampen_half': 1.1134482360128044, 'gpp_af': 29.925002022877816, 'gpp_b': 0.011750724729953272, 'gpp_d': 4.576857873108685, 'ign_k': 0.0026834162496848666, 'ign_c': 94.19612235978188, 'trop_agb_crit': 6.1198430581046965, 'trop_k_veg': 0.7808079158649266, 'fuel_k': 0.05597555634027867, 'fuel_half': 1.3547291924247347}.
[I 2026-07-22 18:43:36,384] Trial 258 finished with values: [10.6620983359428, 10.6620983359428] and parameters: {'k1': 0.0024005553432620355, 'D_low': 11.459566575664761, 'k2': 0.0009670857606743155, 'D_high': 210.33776477006836, 'fire_exp': 1.1258453832483524, 'P_half': 1212.4080603355412, 'pre_dampen_half': 9.288856801351132, 'gpp_af': 1.1300566419249867, 'gpp_b': 0.0054502936945582505, 'gpp_d': 3.0023172465753087, 'ign_k': 0.5670346335627292, 'ign_c': 11.40086370112731, 'trop_agb_crit': 29.789943908227905, 'trop_k_veg': 3.9497405715830105, 'fuel_k': 0.08612665817296865, 'fuel_half': 18.202647368248815}.
[I 2026-07-22 18:43:36,804] Trial 259 finished with values: [-0.570646679474273, 0.23355362705503224] and parameters: {'k1': 0.0003199177539819797, 'D_low': 13.25142220631392, 'k2': 1.6559474674046002e-05, 'D_high': 887331.2884015184, 'fire_exp': 1.3411849220480432, 'P_half': 38.82837025280678, 'pre_dampen_half': 0.46504594134732663, 'gpp_af': 0.015350904103515228, 'gpp_b': 1.1698276136056565e-05, 'gpp_d': 2.2044650100999164, 'ign_k': 0.5131654955148324, 'ign_c': 3.0378658251922155, 'trop_agb_crit': 1.886175574962432, 'trop_k_veg': 1.7518409078083697, 'fuel_k': 0.0500651901928747, 'fuel_half': 38.21129441691226}.
[I 2026-07-22 18:43:37,224] Trial 260 finished with values: [10.184160390481336, 10.184160390481336] and parameters: {'k1': 0.00016480446427978953, 'D_low': 11.459566575664761, 'k2': 0.0009670857606743155, 'D_high': 558.9524205217922, 'fire_exp': 1.1258453832483524, 'P_half': 1212.4080603355412, 'pre_dampen_half': 347.79988160923324, 'gpp_af': 0.0023751383317256927, 'gpp_b': 0.0054502936945582505, 'gpp_d': 3.0023172465753087, 'ign_k': 0.5670346335627292, 'ign_c': 11.40086370112731, 'trop_agb_crit': 29.789943908227905, 'trop_k_veg': 4.844706510617516, 'fuel_k': 1.663022877763097, 'fuel_half': 0.3625056554880307}.
[I 2026-07-22 18:43:37,671] Trial 261 finished with values: [10.691562283587688, 10.691562283587688] and parameters: {'k1': 0.052334804885400876, 'D_low': 140.92119204434155, 'k2': 1.6559474674046002e-05, 'D_high': 1026.0852623190942, 'fire_exp': 2.0165721691808587, 'P_half': 343.5759946100352, 'pre_dampen_half': 26.373339933815235, 'gpp_af': 0.49740621749684094, 'gpp_b': 0.0005392415140872105, 'gpp_d': 295.4581800800121, 'ign_k': 0.0013726318898045872, 'ign_c': 14.452451441203314, 'trop_agb_crit': 6.119263728555865, 'trop_k_veg': 0.5772603928610088, 'fuel_k': 1.1820218758583807, 'fuel_half': 7.259866824755671}.
[I 2026-07-22 18:43:38,092] Trial 262 finished with values: [-0.2599263153144263, 0.30455570576341195] and parameters: {'k1': 0.00023352156626184448, 'D_low': 140.92119204434155, 'k2': 1.6559474674046002e-05, 'D_high': 1026.0852623190942, 'fire_exp': 1.1258453832483524, 'P_half': 38.82837025280678, 'pre_dampen_half': 347.79988160923324, 'gpp_af': 18.235072804314193, 'gpp_b': 0.00023973289798891726, 'gpp_d': 9.00460602264307, 'ign_k': 0.5131654955148324, 'ign_c': 4.1108484350212295, 'trop_agb_crit': 29.789943908227905, 'trop_k_veg': 1.7518409078083697, 'fuel_k': 0.0500651901928747, 'fuel_half': 7.259866824755671}.
[I 2026-07-22 18:43:38,515] Trial 263 finished with values: [10.421587626607801, 10.421587626607801] and parameters: {'k1': 7.118997101275657e-05, 'D_low': 4.043300846639722, 'k2': 1.6559474674046002e-05, 'D_high': 66.8537333582894, 'fire_exp': 1.182396148413737, 'P_half': 1938.3858782150498, 'pre_dampen_half': 33.97904243111269, 'gpp_af': 0.0025511964576171086, 'gpp_b': 0.0003528984625415794, 'gpp_d': 302.3127748796295, 'ign_k': 1.8573288333114872, 'ign_c': 3.0378658251922155, 'trop_agb_crit': 24.85900548334648, 'trop_k_veg': 1.6340262437673856, 'fuel_k': 1.8731335591844647, 'fuel_half': 38.21129441691226}.
[I 2026-07-22 18:43:38,925] Trial 264 finished with values: [13.96292767000114, 13.96292767000114] and parameters: {'k1': 0.0003199177539819797, 'D_low': 3.169598846855015, 'k2': 0.035891558714508394, 'D_high': 2283.4228779494524, 'fire_exp': 1.182396148413737, 'P_half': 334.62201030483817, 'pre_dampen_half': 94.20121790275627, 'gpp_af': 0.3259758793317361, 'gpp_b': 3.228689523591491e-05, 'gpp_d': 857.4284557962626, 'ign_k': 0.03141110271934876, 'ign_c': 3.0378658251922155, 'trop_agb_crit': 15.870971677383487, 'trop_k_veg': 3.024803048559367, 'fuel_k': 5.486054129200971, 'fuel_half': 0.12399445060149628}.
[I 2026-07-22 18:43:39,352] Trial 265 finished with values: [10.569987744254012, 10.569987744254012] and parameters: {'k1': 0.011966626407443505, 'D_low': 8454.098152188677, 'k2': 0.0001971137615017176, 'D_high': 316055.11434645456, 'fire_exp': 1.1258453832483524, 'P_half': 1.4378290221680121, 'pre_dampen_half': 33.71909132517388, 'gpp_af': 0.015350904103515228, 'gpp_b': 1.6569065206637924e-05, 'gpp_d': 6.91394869865762, 'ign_k': 0.004144296901136395, 'ign_c': 0.13670484737132343, 'trop_agb_crit': 29.789943908227905, 'trop_k_veg': 1.7570501127699656, 'fuel_k': 3.6992394681929355, 'fuel_half': 2.1003334103218068}.
[I 2026-07-22 18:43:39,778] Trial 266 finished with values: [10.11883836016619, 10.11883836016619] and parameters: {'k1': 0.0058043147174140705, 'D_low': 140.92119204434155, 'k2': 2.8459703343413838e-05, 'D_high': 107013.64911724928, 'fire_exp': 1.7124099831271415, 'P_half': 2.843767489444367, 'pre_dampen_half': 3.9885726374014694, 'gpp_af': 18.235072804314193, 'gpp_b': 1.7565109007473816e-05, 'gpp_d': 9.00460602264307, 'ign_k': 0.5131654955148324, 'ign_c': 16.626592254031866, 'trop_agb_crit': 5.707205898008383, 'trop_k_veg': 0.5415365826598848, 'fuel_k': 0.6211831489538813, 'fuel_half': 0.33988503110784557}.
[I 2026-07-22 18:43:40,202] Trial 267 finished with values: [10.769221788298164, 10.769221788298164] and parameters: {'k1': 0.0187011406476519, 'D_low': 1407.7923139972395, 'k2': 0.004042660783042889, 'D_high': 210.33776477006836, 'fire_exp': 1.2943117749495199, 'P_half': 3.6138942712165267, 'pre_dampen_half': 0.6960360257735195, 'gpp_af': 0.0023751383317256927, 'gpp_b': 0.0054502936945582505, 'gpp_d': 144.76743839390986, 'ign_k': 0.5670346335627292, 'ign_c': 11.40086370112731, 'trop_agb_crit': 29.789943908227905, 'trop_k_veg': 2.3408809609838257, 'fuel_k': 0.48736180483849406, 'fuel_half': 0.32476735706274484}.
[I 2026-07-22 18:43:40,639] Trial 268 finished with values: [10.76923076903347, 10.76923076903347] and parameters: {'k1': 0.002968335334246999, 'D_low': 140.92119204434155, 'k2': 0.0001971137615017176, 'D_high': 1535145.3414688278, 'fire_exp': 2.9731026683493726, 'P_half': 2193.8654178115053, 'pre_dampen_half': 347.79988160923324, 'gpp_af': 18.235072804314193, 'gpp_b': 6.44407472004701, 'gpp_d': 0.08465012008077429, 'ign_k': 0.5131654955148324, 'ign_c': 11.40086370112731, 'trop_agb_crit': 29.789943908227905, 'trop_k_veg': 1.7570501127699656, 'fuel_k': 0.6199941538390381, 'fuel_half': 7.259866824755671}.
[I 2026-07-22 18:43:41,056] Trial 269 finished with values: [10.6855366397398, 10.6855366397398] and parameters: {'k1': 0.0003199177539819797, 'D_low': 140.92119204434155, 'k2': 2.8459703343413838e-05, 'D_high': 107013.64911724928, 'fire_exp': 1.7124099831271415, 'P_half': 2193.8654178115053, 'pre_dampen_half': 33.71909132517388, 'gpp_af': 18.235072804314193, 'gpp_b': 1.7565109007473816e-05, 'gpp_d': 6.91394869865762, 'ign_k': 0.5131654955148324, 'ign_c': 4.1108484350212295, 'trop_agb_crit': 19.189415375617013, 'trop_k_veg': 0.5415365826598848, 'fuel_k': 0.6199941538390381, 'fuel_half': 81.87941582538087}.
[I 2026-07-22 18:43:41,474] Trial 270 finished with values: [10.374824210941343, 10.374824210941343] and parameters: {'k1': 0.0187011406476519, 'D_low': 1407.7923139972395, 'k2': 0.001566517163094646, 'D_high': 580966.5602369158, 'fire_exp': 1.7124099831271415, 'P_half': 7.890004262668578, 'pre_dampen_half': 294.75617712568373, 'gpp_af': 0.12243451886824051, 'gpp_b': 8.129227514069975e-05, 'gpp_d': 144.76743839390986, 'ign_k': 0.006290644294586149, 'ign_c': 11.40086370112731, 'trop_agb_crit': 5.707205898008383, 'trop_k_veg': 2.417028380770307, 'fuel_k': 0.48736180483849406, 'fuel_half': 0.32476735706274484}.
[I 2026-07-22 18:43:41,896] Trial 271 finished with values: [10.27569802025056, 10.27569802025056] and parameters: {'k1': 0.003242143344038315, 'D_low': 102.19595065529477, 'k2': 2.1698375693549493e-05, 'D_high': 580966.5602369158, 'fire_exp': 1.182396148413737, 'P_half': 136.0956887810302, 'pre_dampen_half': 33.97904243111269, 'gpp_af': 8.769726637617675, 'gpp_b': 8.129227514069975e-05, 'gpp_d': 0.3619181297408274, 'ign_k': 0.009861808369679786, 'ign_c': 94.57692079529029, 'trop_agb_crit': 5.707205898008383, 'trop_k_veg': 1.6340262437673856, 'fuel_k': 1.312881567992459, 'fuel_half': 7.259866824755671}.
[I 2026-07-22 18:43:42,315] Trial 272 finished with values: [12.921812708798075, 12.921812708798075] and parameters: {'k1': 9.969469187531805e-05, 'D_low': 163.4864778201543, 'k2': 0.0007081721844034209, 'D_high': 8433503.858791472, 'fire_exp': 1.0881360604103363, 'P_half': 1.4378290221680121, 'pre_dampen_half': 36.876350096202984, 'gpp_af': 42.29037995744429, 'gpp_b': 1.1698276136056565e-05, 'gpp_d': 6.91394869865762, 'ign_k': 4.59148521674054, 'ign_c': 0.13670484737132343, 'trop_agb_crit': 10.719494362768906, 'trop_k_veg': 1.140286245977296, 'fuel_k': 3.6992394681929355, 'fuel_half': 0.33988503110784557}.
[I 2026-07-22 18:43:42,738] Trial 273 finished with values: [10.762261379308084, 10.762261379308084] and parameters: {'k1': 0.0058043147174140705, 'D_low': 209.12794881839662, 'k2': 0.002342238625792905, 'D_high': 145242.37928628005, 'fire_exp': 2.1931399753552863, 'P_half': 8832.039346746853, 'pre_dampen_half': 76.38081075786287, 'gpp_af': 0.015350904103515228, 'gpp_b': 1.1698276136056565e-05, 'gpp_d': 19.948958651882567, 'ign_k': 0.006039096247545781, 'ign_c': 3.0378658251922155, 'trop_agb_crit': 1.886175574962432, 'trop_k_veg': 3.024803048559367, 'fuel_k': 0.6211831489538813, 'fuel_half': 0.33988503110784557}.
[I 2026-07-22 18:43:43,154] Trial 274 finished with values: [10.769230767259291, 10.769230767259291] and parameters: {'k1': 9.969469187531805e-05, 'D_low': 13.25142220631392, 'k2': 7.67074891445376e-05, 'D_high': 422212.4815323179, 'fire_exp': 8.791426299948917, 'P_half': 2394.048324276471, 'pre_dampen_half': 33.71909132517388, 'gpp_af': 42.29037995744429, 'gpp_b': 0.00012118589392553819, 'gpp_d': 6.91394869865762, 'ign_k': 0.0013726318898045872, 'ign_c': 110.68683358440691, 'trop_agb_crit': 10.719494362768906, 'trop_k_veg': 0.5772603928610088, 'fuel_k': 3.6992394681929355, 'fuel_half': 0.253071961271088}.
[I 2026-07-22 18:43:43,564] Trial 275 finished with values: [10.30942482406808, 10.30942482406808] and parameters: {'k1': 1.8205657658407255e-05, 'D_low': 85.60024220272012, 'k2': 2.1698375693549493e-05, 'D_high': 160625.60954780428, 'fire_exp': 2.0165721691808587, 'P_half': 2.458603276328005, 'pre_dampen_half': 26.373339933815235, 'gpp_af': 1.1300566419249867, 'gpp_b': 0.0005392415140872105, 'gpp_d': 857.4284557962626, 'ign_k': 0.0013726318898045872, 'ign_c': 8.405439129313676, 'trop_agb_crit': 6.119263728555865, 'trop_k_veg': 0.5772603928610088, 'fuel_k': 0.08612665817296865, 'fuel_half': 18.202647368248815}.
[I 2026-07-22 18:43:43,982] Trial 276 finished with values: [10.470096034132627, 10.470096034132627] and parameters: {'k1': 0.003198020818004832, 'D_low': 70586.60227368641, 'k2': 3.349496364344092e-05, 'D_high': 160625.60954780428, 'fire_exp': 1.2943117749495199, 'P_half': 9.324787201197319, 'pre_dampen_half': 94.20121790275627, 'gpp_af': 29.925002022877816, 'gpp_b': 1.56731783988398e-05, 'gpp_d': 6.378078463802852, 'ign_k': 0.03141110271934876, 'ign_c': 6.1609752947414345, 'trop_agb_crit': 1.5774541406529003, 'trop_k_veg': 1.6340262437673856, 'fuel_k': 0.6211831489538813, 'fuel_half': 7.259866824755671}.
[I 2026-07-22 18:43:44,413] Trial 277 finished with values: [10.55205327739371, 10.55205327739371] and parameters: {'k1': 3.277022851928565e-05, 'D_low': 102.19595065529477, 'k2': 2.8459703343413838e-05, 'D_high': 580966.5602369158, 'fire_exp': 1.3175349115759807, 'P_half': 21.901578520649217, 'pre_dampen_half': 294.75617712568373, 'gpp_af': 29.925002022877816, 'gpp_b': 0.011750724729953272, 'gpp_d': 0.3619181297408274, 'ign_k': 0.009861808369679786, 'ign_c': 94.19612235978188, 'trop_agb_crit': 5.707205898008383, 'trop_k_veg': 0.7808079158649266, 'fuel_k': 1.312881567992459, 'fuel_half': 57.882001937752385}.
[I 2026-07-22 18:43:44,832] Trial 278 finished with values: [-0.3875332179047859, 0.2119123720118642] and parameters: {'k1': 0.0029282035181080004, 'D_low': 126.11058927054879, 'k2': 2.1698375693549493e-05, 'D_high': 160625.60954780428, 'fire_exp': 1.1258453832483524, 'P_half': 1535.1441568398143, 'pre_dampen_half': 347.79988160923324, 'gpp_af': 0.25562996323356013, 'gpp_b': 0.0054502936945582505, 'gpp_d': 700.6693992445935, 'ign_k': 0.006290644294586149, 'ign_c': 11.40086370112731, 'trop_agb_crit': 20.205002815711154, 'trop_k_veg': 0.6921865222804094, 'fuel_k': 0.48736180483849406, 'fuel_half': 0.32476735706274484}.
