[I 2026-08-06 11:02:08,280] Trial 882 finished with values: [10.528231032455682, 10.528231032455682] and parameters: {'k1': 0.008912611835817005, 'D_low': 7.299348683062307, 'k2': 0.019894080167856886, 'D_high': 78.57247967427125, 'fire_exp': 1.7329145403564932, 'P_half': 712.8188058401365, 'pre_dampen_half': 331.7366635899375, 'gpp_af': 1.6059727222314273, 'gpp_b': 0.01666658176842624, 'gpp_d': 82.84476373292449, 'ign_k': 0.12329098365270515, 'ign_c': 5.13055176058983, 'trop_agb_crit': 6.119263728555865, 'trop_k_veg': 2.4336356947036335}.
[I 2026-08-06 11:02:10,364] Trial 883 finished with values: [11.03271795173164, 11.03271795173164] and parameters: {'k1': 0.01889771394135163, 'D_low': 7.299348683062307, 'k2': 0.019894080167856886, 'D_high': 972.4201099820957, 'fire_exp': 1.221575427404682, 'P_half': 712.8188058401365, 'pre_dampen_half': 63.6685916079943, 'gpp_af': 1.9706963379095486, 'gpp_b': 2.176805640408474e-05, 'gpp_d': 19.600139992927435, 'ign_k': 2.5253810447657927, 'ign_c': 1.9580595319750387, 'trop_agb_crit': 19.3289574092866, 'trop_k_veg': 4.375785248100498}.
[I 2026-08-06 11:02:12,387] Trial 884 finished with values: [10.318052365397271, 10.318052365397271] and parameters: {'k1': 0.01889771394135163, 'D_low': 7.299348683062307, 'k2': 0.0154776166709383, 'D_high': 61536.58035691648, 'fire_exp': 1.7329145403564932, 'P_half': 712.8188058401365, 'pre_dampen_half': 38.00678588560607, 'gpp_af': 91.367149130616, 'gpp_b': 2.176805640408474e-05, 'gpp_d': 84.31013932082456, 'ign_k': 2.545070581573529, 'ign_c': 1.9580595319750387, 'trop_agb_crit': 8.997007571451054, 'trop_k_veg': 2.4336356947036335}.
[I 2026-08-06 11:02:14,329] Trial 885 finished with values: [12.378435033386793, 12.378435033386793] and parameters: {'k1': 0.005272264723319183, 'D_low': 1.3577269394141454, 'k2': 0.004149969043497543, 'D_high': 8182.111518618414, 'fire_exp': 1.0271184723288342, 'P_half': 712.8188058401365, 'pre_dampen_half': 331.7366635899375, 'gpp_af': 0.6403036652671171, 'gpp_b': 0.22727308251068193, 'gpp_d': 82.84476373292449, 'ign_k': 2.5253810447657927, 'ign_c': 1.9580595319750387, 'trop_agb_crit': 8.997007571451054, 'trop_k_veg': 5.580504276549027}.
[I 2026-08-06 11:02:16,735] Trial 886 finished with values: [12.192057839898322, 12.192057839898322] and parameters: {'k1': 0.002155595057104387, 'D_low': 38.82837025280678, 'k2': 8.923807143379776e-05, 'D_high': 42210.21267871043, 'fire_exp': 1.6162573555507567, 'P_half': 221.2683656611821, 'pre_dampen_half': 449.75507565287154, 'gpp_af': 0.6403036652671171, 'gpp_b': 3.481277316673104e-05, 'gpp_d': 229.41380323183625, 'ign_k': 0.12329098365270515, 'ign_c': 1.2431017136067033, 'trop_agb_crit': 8.997007571451054, 'trop_k_veg': 5.580504276549027}.
[I 2026-08-06 11:02:18,721] Trial 887 finished with values: [10.15137112336697, 10.15137112336697] and parameters: {'k1': 0.00488137519160367, 'D_low': 520.4862686958022, 'k2': 8.923807143379776e-05, 'D_high': 3005.809024615141, 'fire_exp': 1.221575427404682, 'P_half': 712.8188058401365, 'pre_dampen_half': 719.4083432823455, 'gpp_af': 5.335773317316405, 'gpp_b': 0.04633252119753636, 'gpp_d': 350.88322284755304, 'ign_k': 0.04406703994564747, 'ign_c': 0.8916132699546893, 'trop_agb_crit': 8.997007571451054, 'trop_k_veg': 2.520089655463604}.
[I 2026-08-06 11:02:20,968] Trial 888 finished with values: [10.763427433827454, 10.763427433827454] and parameters: {'k1': 0.008912611835817005, 'D_low': 40.52505887227999, 'k2': 0.003101429427212743, 'D_high': 5670.3463356272905, 'fire_exp': 3.3801590342525687, 'P_half': 4.213183643253957, 'pre_dampen_half': 0.038179654097601136, 'gpp_af': 12.224990841982798, 'gpp_b': 0.00431329787498825, 'gpp_d': 0.8000487801699092, 'ign_k': 3.250104176616458, 'ign_c': 1.2431017136067033, 'trop_agb_crit': 8.997007571451054, 'trop_k_veg': 4.030242248006271}.
[I 2026-08-06 11:02:22,919] Trial 889 finished with values: [10.65759543016247, 10.65759543016247] and parameters: {'k1': 0.005952904331761848, 'D_low': 38.82837025280678, 'k2': 8.923807143379776e-05, 'D_high': 61536.58035691648, 'fire_exp': 1.7329145403564932, 'P_half': 2966.379836525573, 'pre_dampen_half': 38.00678588560607, 'gpp_af': 1.6059727222314273, 'gpp_b': 2.176805640408474e-05, 'gpp_d': 84.31013932082456, 'ign_k': 0.01364908766641695, 'ign_c': 1.2431017136067033, 'trop_agb_crit': 8.997007571451054, 'trop_k_veg': 7.936472946233041}.
[I 2026-08-06 11:02:24,872] Trial 890 finished with values: [-0.6032298204289825, 0.09511098511840443] and parameters: {'k1': 0.00488137519160367, 'D_low': 38.82837025280678, 'k2': 0.019894080167856886, 'D_high': 16737.924342831117, 'fire_exp': 1.221575427404682, 'P_half': 712.8188058401365, 'pre_dampen_half': 38.00678588560607, 'gpp_af': 0.6403036652671171, 'gpp_b': 0.0012213924959062798, 'gpp_d': 350.88322284755304, 'ign_k': 0.010939944910100021, 'ign_c': 1.9580595319750387, 'trop_agb_crit': 8.997007571451054, 'trop_k_veg': 2.4336356947036335}.
[I 2026-08-06 11:02:26,861] Trial 891 finished with values: [10.476870736414323, 10.476870736414323] and parameters: {'k1': 0.008912611835817005, 'D_low': 191.61918406231337, 'k2': 0.031536006085184705, 'D_high': 61536.58035691648, 'fire_exp': 1.7329145403564932, 'P_half': 4.213183643253957, 'pre_dampen_half': 38.00678588560607, 'gpp_af': 0.6403036652671171, 'gpp_b': 0.0005739662837359252, 'gpp_d': 757.2868182332339, 'ign_k': 0.07091190338709638, 'ign_c': 5.13055176058983, 'trop_agb_crit': 8.997007571451054, 'trop_k_veg': 1.9799513595694562}.
[I 2026-08-06 11:02:28,840] Trial 892 finished with values: [10.12770863168534, 10.12770863168534] and parameters: {'k1': 0.00488137519160367, 'D_low': 38.82837025280678, 'k2': 0.0154776166709383, 'D_high': 42210.21267871043, 'fire_exp': 1.2611826901294014, 'P_half': 712.8188058401365, 'pre_dampen_half': 38.00678588560607, 'gpp_af': 8.915632969317377, 'gpp_b': 2.176805640408474e-05, 'gpp_d': 19.600139992927435, 'ign_k': 0.010939944910100021, 'ign_c': 2.4936660834465174, 'trop_agb_crit': 8.997007571451054, 'trop_k_veg': 2.520089655463604}.
[I 2026-08-06 11:02:30,918] Trial 893 finished with values: [-0.5908181229147444, 0.06110820492924973] and parameters: {'k1': 0.00488137519160367, 'D_low': 520.4862686958022, 'k2': 0.004149969043497543, 'D_high': 1236.6924205139144, 'fire_exp': 1.221575427404682, 'P_half': 221.2683656611821, 'pre_dampen_half': 719.4083432823455, 'gpp_af': 0.6403036652671171, 'gpp_b': 0.01666658176842624, 'gpp_d': 82.84476373292449, 'ign_k': 2.5253810447657927, 'ign_c': 1.9580595319750387, 'trop_agb_crit': 2.818694656863287, 'trop_k_veg': 2.4336356947036335}.
[I 2026-08-06 11:02:32,917] Trial 894 finished with values: [-0.5904261091625879, 0.044303923828718283] and parameters: {'k1': 0.05778755734457457, 'D_low': 38.82837025280678, 'k2': 0.019894080167856886, 'D_high': 1236.6924205139144, 'fire_exp': 1.2048119960437906, 'P_half': 523.1053126909052, 'pre_dampen_half': 38.00678588560607, 'gpp_af': 0.6403036652671171, 'gpp_b': 0.0012213924959062798, 'gpp_d': 350.88322284755304, 'ign_k': 0.010939944910100021, 'ign_c': 2.4936660834465174, 'trop_agb_crit': 6.119263728555865, 'trop_k_veg': 2.520089655463604}.
[I 2026-08-06 11:02:34,895] Trial 895 finished with values: [10.275263993307986, 10.275263993307986] and parameters: {'k1': 0.002155595057104387, 'D_low': 355.00125258511594, 'k2': 1.1065812688893481e-05, 'D_high': 60107.420288647554, 'fire_exp': 1.3170256885255098, 'P_half': 523.1053126909052, 'pre_dampen_half': 331.7366635899375, 'gpp_af': 0.6403036652671171, 'gpp_b': 0.2859164396628517, 'gpp_d': 757.2868182332339, 'ign_k': 0.019192001101561888, 'ign_c': 5.13055176058983, 'trop_agb_crit': 6.119263728555865, 'trop_k_veg': 0.6673124511410327}.
[I 2026-08-06 11:02:37,418] Trial 896 finished with values: [10.061724673900017, 10.061724673900017] and parameters: {'k1': 0.00488137519160367, 'D_low': 38.82837025280678, 'k2': 0.014344484793173472, 'D_high': 42210.21267871043, 'fire_exp': 1.7329145403564932, 'P_half': 221.2683656611821, 'pre_dampen_half': 38.00678588560607, 'gpp_af': 0.6403036652671171, 'gpp_b': 2.176805640408474e-05, 'gpp_d': 1.034905973774237, 'ign_k': 0.060759029110813774, 'ign_c': 1.2431017136067033, 'trop_agb_crit': 8.997007571451054, 'trop_k_veg': 2.520089655463604}.
[I 2026-08-06 11:02:39,363] Trial 897 finished with values: [10.335963913469165, 10.335963913469165] and parameters: {'k1': 0.00488137519160367, 'D_low': 520.4862686958022, 'k2': 1.1065812688893481e-05, 'D_high': 1236.6924205139144, 'fire_exp': 1.221575427404682, 'P_half': 712.8188058401365, 'pre_dampen_half': 38.00678588560607, 'gpp_af': 1.6059727222314273, 'gpp_b': 0.01666658176842624, 'gpp_d': 350.88322284755304, 'ign_k': 0.6161423618045312, 'ign_c': 1.9580595319750387, 'trop_agb_crit': 8.997007571451054, 'trop_k_veg': 2.520089655463604}.
[I 2026-08-06 11:02:41,293] Trial 898 finished with values: [-0.6032298204289825, 0.09511098511840443] and parameters: {'k1': 0.00488137519160367, 'D_low': 38.82837025280678, 'k2': 0.019894080167856886, 'D_high': 16737.924342831117, 'fire_exp': 1.221575427404682, 'P_half': 712.8188058401365, 'pre_dampen_half': 38.00678588560607, 'gpp_af': 0.6403036652671171, 'gpp_b': 0.0012213924959062798, 'gpp_d': 350.88322284755304, 'ign_k': 0.010939944910100021, 'ign_c': 1.9580595319750387, 'trop_agb_crit': 8.997007571451054, 'trop_k_veg': 2.4336356947036335}.
[I 2026-08-06 11:02:43,220] Trial 899 finished with values: [10.101974887835091, 10.101974887835091] and parameters: {'k1': 0.05778755734457457, 'D_low': 38.82837025280678, 'k2': 0.004149969043497543, 'D_high': 1236.6924205139144, 'fire_exp': 1.221575427404682, 'P_half': 523.1053126909052, 'pre_dampen_half': 38.00678588560607, 'gpp_af': 0.6403036652671171, 'gpp_b': 0.22727308251068193, 'gpp_d': 19.600139992927435, 'ign_k': 0.010939944910100021, 'ign_c': 1.9580595319750387, 'trop_agb_crit': 6.119263728555865, 'trop_k_veg': 2.520089655463604}.
[I 2026-08-06 11:02:45,167] Trial 900 finished with values: [-0.5853528318507063, 0.10254046324123312] and parameters: {'k1': 0.008912611835817005, 'D_low': 40.52505887227999, 'k2': 0.031536006085184705, 'D_high': 5670.3463356272905, 'fire_exp': 3.3801590342525687, 'P_half': 4.213183643253957, 'pre_dampen_half': 63.6685916079943, 'gpp_af': 5.335773317316405, 'gpp_b': 0.00431329787498825, 'gpp_d': 395.3300852215303, 'ign_k': 0.07091190338709638, 'ign_c': 5.13055176058983, 'trop_agb_crit': 8.997007571451054, 'trop_k_veg': 2.5878603012249104}.
[I 2026-08-06 11:02:47,091] Trial 901 finished with values: [-0.5983808848017428, 0.08472320104688036] and parameters: {'k1': 0.01889771394135163, 'D_low': 7.299348683062307, 'k2': 0.0154776166709383, 'D_high': 61536.58035691648, 'fire_exp': 1.7329145403564932, 'P_half': 712.8188058401365, 'pre_dampen_half': 38.00678588560607, 'gpp_af': 1.6059727222314273, 'gpp_b': 2.176805640408474e-05, 'gpp_d': 84.31013932082456, 'ign_k': 0.6161423618045312, 'ign_c': 1.9580595319750387, 'trop_agb_crit': 8.997007571451054, 'trop_k_veg': 0.808936329875387}.
[I 2026-08-06 11:02:49,003] Trial 902 finished with values: [10.765885225096056, 10.765885225096056] and parameters: {'k1': 0.00488137519160367, 'D_low': 602.2882014304706, 'k2': 0.003101429427212743, 'D_high': 61536.58035691648, 'fire_exp': 1.0271184723288342, 'P_half': 523.1053126909052, 'pre_dampen_half': 38.00678588560607, 'gpp_af': 0.0014188461251885575, 'gpp_b': 0.3682510091559943, 'gpp_d': 82.84476373292449, 'ign_k': 3.589155871450839, 'ign_c': 1.2431017136067033, 'trop_agb_crit': 6.119263728555865, 'trop_k_veg': 2.4336356947036335}.
[I 2026-08-06 11:02:50,882] Trial 903 finished with values: [10.220171700648216, 10.220171700648216] and parameters: {'k1': 0.00488137519160367, 'D_low': 520.4862686958022, 'k2': 0.019894080167856886, 'D_high': 8182.111518618414, 'fire_exp': 1.3170256885255098, 'P_half': 523.1053126909052, 'pre_dampen_half': 719.4083432823455, 'gpp_af': 1.9706963379095486, 'gpp_b': 0.22727308251068193, 'gpp_d': 350.88322284755304, 'ign_k': 2.5253810447657927, 'ign_c': 1.9580595319750387, 'trop_agb_crit': 8.997007571451054, 'trop_k_veg': 2.520089655463604}.
[I 2026-08-06 11:02:52,855] Trial 904 finished with values: [10.66690366356932, 10.66690366356932] and parameters: {'k1': 0.008912611835817005, 'D_low': 38.82837025280678, 'k2': 0.019894080167856886, 'D_high': 78.57247967427125, 'fire_exp': 1.2611826901294014, 'P_half': 523.1053126909052, 'pre_dampen_half': 38.00678588560607, 'gpp_af': 5.335773317316405, 'gpp_b': 0.0012213924959062798, 'gpp_d': 350.88322284755304, 'ign_k': 0.010939944910100021, 'ign_c': 5.13055176058983, 'trop_agb_crit': 3.24512374569104, 'trop_k_veg': 2.5878603012249104}.
[I 2026-08-06 11:02:54,786] Trial 905 finished with values: [10.162810731751382, 10.162810731751382] and parameters: {'k1': 0.005272264723319183, 'D_low': 1.3577269394141454, 'k2': 0.031536006085184705, 'D_high': 8182.111518618414, 'fire_exp': 3.3801590342525687, 'P_half': 4.213183643253957, 'pre_dampen_half': 63.6685916079943, 'gpp_af': 1.9706963379095486, 'gpp_b': 0.22727308251068193, 'gpp_d': 5.1715677287580455, 'ign_k': 2.5253810447657927, 'ign_c': 5.13055176058983, 'trop_agb_crit': 27.61179014535634, 'trop_k_veg': 5.492385920002873}.
[I 2026-08-06 11:02:56,831] Trial 906 finished with values: [10.769230768877819, 10.769230768877819] and parameters: {'k1': 0.008912611835817005, 'D_low': 520.4862686958022, 'k2': 0.031536006085184705, 'D_high': 5670.3463356272905, 'fire_exp': 1.0601964743503993, 'P_half': 366.3433473924884, 'pre_dampen_half': 331.7366635899375, 'gpp_af': 0.0049748543504537545, 'gpp_b': 0.0005739662837359252, 'gpp_d': 82.84476373292449, 'ign_k': 0.21006485619596416, 'ign_c': 194.94955785090448, 'trop_agb_crit': 8.997007571451054, 'trop_k_veg': 3.1473758868965476}.
[I 2026-08-06 11:02:59,251] Trial 907 finished with values: [10.75386853485761, 10.75386853485761] and parameters: {'k1': 0.002155595057104387, 'D_low': 436.4516946807792, 'k2': 0.019894080167856886, 'D_high': 1236.6924205139144, 'fire_exp': 1.2611826901294014, 'P_half': 523.1053126909052, 'pre_dampen_half': 0.045985759503078684, 'gpp_af': 0.6403036652671171, 'gpp_b': 0.0012213924959062798, 'gpp_d': 350.88322284755304, 'ign_k': 0.010939944910100021, 'ign_c': 2.4936660834465174, 'trop_agb_crit': 6.119263728555865, 'trop_k_veg': 0.6673124511410327}.
[I 2026-08-06 11:03:01,736] Trial 908 finished with values: [-0.585304189122495, 0.05538612491616468] and parameters: {'k1': 0.00488137519160367, 'D_low': 191.61918406231337, 'k2': 0.02805807870333381, 'D_high': 1236.6924205139144, 'fire_exp': 1.7329145403564932, 'P_half': 523.1053126909052, 'pre_dampen_half': 719.4083432823455, 'gpp_af': 5.335773317316405, 'gpp_b': 3.4398788165063823, 'gpp_d': 350.88322284755304, 'ign_k': 3.589155871450839, 'ign_c': 1.2431017136067033, 'trop_agb_crit': 8.997007571451054, 'trop_k_veg': 1.9799513595694562}.
[I 2026-08-06 11:03:04,014] Trial 909 finished with values: [10.397652603073334, 10.397652603073334] and parameters: {'k1': 0.00488137519160367, 'D_low': 520.4862686958022, 'k2': 0.004149969043497543, 'D_high': 1588.2035726402378, 'fire_exp': 3.0694595803293345, 'P_half': 221.2683656611821, 'pre_dampen_half': 719.4083432823455, 'gpp_af': 0.6403036652671171, 'gpp_b': 0.0012213924959062798, 'gpp_d': 82.84476373292449, 'ign_k': 2.5253810447657927, 'ign_c': 1.1994950112756755, 'trop_agb_crit': 8.997007571451054, 'trop_k_veg': 7.936472946233041}.
[I 2026-08-06 11:03:06,201] Trial 910 finished with values: [10.632360594157996, 10.632360594157996] and parameters: {'k1': 0.00488137519160367, 'D_low': 97.43142535650219, 'k2': 8.923807143379776e-05, 'D_high': 8182.111518618414, 'fire_exp': 1.7329145403564932, 'P_half': 523.1053126909052, 'pre_dampen_half': 38.00678588560607, 'gpp_af': 0.6403036652671171, 'gpp_b': 0.22727308251068193, 'gpp_d': 350.88322284755304, 'ign_k': 0.010939944910100021, 'ign_c': 1.9580595319750387, 'trop_agb_crit': 8.997007571451054, 'trop_k_veg': 2.4336356947036335}.
[I 2026-08-06 11:03:08,286] Trial 911 finished with values: [-0.5818346563693598, 0.04283099815153035] and parameters: {'k1': 0.01889771394135163, 'D_low': 7.299348683062307, 'k2': 0.019894080167856886, 'D_high': 1236.6924205139144, 'fire_exp': 1.2611826901294014, 'P_half': 523.1053126909052, 'pre_dampen_half': 63.6685916079943, 'gpp_af': 0.6403036652671171, 'gpp_b': 0.22727308251068193, 'gpp_d': 350.88322284755304, 'ign_k': 0.010939944910100021, 'ign_c': 1.9580595319750387, 'trop_agb_crit': 7.861566638880103, 'trop_k_veg': 4.167664671344212}.
[I 2026-08-06 11:03:10,271] Trial 912 finished with values: [10.190463162801914, 10.190463162801914] and parameters: {'k1': 5.004428734228139e-05, 'D_low': 38.82837025280678, 'k2': 0.019894080167856886, 'D_high': 16737.924342831117, 'fire_exp': 1.2611826901294014, 'P_half': 712.8188058401365, 'pre_dampen_half': 38.00678588560607, 'gpp_af': 0.6403036652671171, 'gpp_b': 0.010360875587906944, 'gpp_d': 350.88322284755304, 'ign_k': 0.010939944910100021, 'ign_c': 2.4936660834465174, 'trop_agb_crit': 8.997007571451054, 'trop_k_veg': 2.520089655463604}.
[I 2026-08-06 11:03:12,153] Trial 913 finished with values: [10.56317895596855, 10.56317895596855] and parameters: {'k1': 0.0003932349508311777, 'D_low': 1.1828517880366913, 'k2': 0.031536006085184705, 'D_high': 8182.111518618414, 'fire_exp': 1.0601964743503993, 'P_half': 3.850312405984757, 'pre_dampen_half': 3.3841016089580034, 'gpp_af': 0.0049748543504537545, 'gpp_b': 0.01666658176842624, 'gpp_d': 82.84476373292449, 'ign_k': 2.5253810447657927, 'ign_c': 5.13055176058983, 'trop_agb_crit': 7.628718523810018, 'trop_k_veg': 3.1473758868965476}.
[I 2026-08-06 11:03:14,131] Trial 914 finished with values: [10.190198064714535, 10.190198064714535] and parameters: {'k1': 0.01889771394135163, 'D_low': 7.299348683062307, 'k2': 0.019894080167856886, 'D_high': 1236.6924205139144, 'fire_exp': 1.3170256885255098, 'P_half': 712.8188058401365, 'pre_dampen_half': 63.6685916079943, 'gpp_af': 1.6059727222314273, 'gpp_b': 0.0012213924959062798, 'gpp_d': 1.493264336549928, 'ign_k': 0.12329098365270515, 'ign_c': 2.4936660834465174, 'trop_agb_crit': 6.119263728555865, 'trop_k_veg': 2.4336356947036335}.
[I 2026-08-06 11:03:16,051] Trial 915 finished with values: [10.508733507019313, 10.508733507019313] and parameters: {'k1': 0.008912611835817005, 'D_low': 38.82837025280678, 'k2': 0.0002952145029390025, 'D_high': 18.736533225205818, 'fire_exp': 1.3170256885255098, 'P_half': 712.8188058401365, 'pre_dampen_half': 38.00678588560607, 'gpp_af': 0.6403036652671171, 'gpp_b': 0.13713885091300912, 'gpp_d': 350.88322284755304, 'ign_k': 0.010939944910100021, 'ign_c': 1.9580595319750387, 'trop_agb_crit': 8.997007571451054, 'trop_k_veg': 2.4336356947036335}.
[I 2026-08-06 11:03:18,020] Trial 916 finished with values: [-0.5823616307626215, 0.0722521480389583] and parameters: {'k1': 0.00488137519160367, 'D_low': 520.4862686958022, 'k2': 8.923807143379776e-05, 'D_high': 8182.111518618414, 'fire_exp': 1.0271184723288342, 'P_half': 712.8188058401365, 'pre_dampen_half': 331.7366635899375, 'gpp_af': 0.6403036652671171, 'gpp_b': 0.3682510091559943, 'gpp_d': 82.84476373292449, 'ign_k': 2.5253810447657927, 'ign_c': 1.9580595319750387, 'trop_agb_crit': 8.997007571451054, 'trop_k_veg': 2.4336356947036335}.
[I 2026-08-06 11:03:20,555] Trial 917 finished with values: [10.061068718402321, 10.061068718402321] and parameters: {'k1': 0.00488137519160367, 'D_low': 7.299348683062307, 'k2': 0.0154776166709383, 'D_high': 61536.58035691648, 'fire_exp': 1.7329145403564932, 'P_half': 712.8188058401365, 'pre_dampen_half': 38.00678588560607, 'gpp_af': 1.9706963379095486, 'gpp_b': 2.176805640408474e-05, 'gpp_d': 19.600139992927435, 'ign_k': 0.6161423618045312, 'ign_c': 1.9580595319750387, 'trop_agb_crit': 1.0917603465078451, 'trop_k_veg': 2.4336356947036335}.
[I 2026-08-06 11:03:22,590] Trial 918 finished with values: [-0.6046959628312895, 0.06059747508981639] and parameters: {'k1': 0.005272264723319183, 'D_low': 38.82837025280678, 'k2': 0.004149969043497543, 'D_high': 8182.111518618414, 'fire_exp': 1.221575427404682, 'P_half': 712.8188058401365, 'pre_dampen_half': 63.6685916079943, 'gpp_af': 1.9706963379095486, 'gpp_b': 0.22727308251068193, 'gpp_d': 19.600139992927435, 'ign_k': 0.010939944910100021, 'ign_c': 1.9580595319750387, 'trop_agb_crit': 8.997007571451054, 'trop_k_veg': 4.375785248100498}.
[I 2026-08-06 11:03:24,577] Trial 919 finished with values: [10.767728963400184, 10.767728963400184] and parameters: {'k1': 0.008912611835817005, 'D_low': 12.105387404469584, 'k2': 0.003101429427212743, 'D_high': 34.726831246383334, 'fire_exp': 1.3170256885255098, 'P_half': 712.8188058401365, 'pre_dampen_half': 38.00678588560607, 'gpp_af': 0.0014188461251885575, 'gpp_b': 0.13713885091300912, 'gpp_d': 1.493264336549928, 'ign_k': 0.6161423618045312, 'ign_c': 1.9580595319750387, 'trop_agb_crit': 8.997007571451054, 'trop_k_veg': 2.4336356947036335}.
[I 2026-08-06 11:03:26,419] Trial 920 finished with values: [11.151830738014011, 11.151830738014011] and parameters: {'k1': 0.008912611835817005, 'D_low': 520.4862686958022, 'k2': 0.019894080167856886, 'D_high': 5670.3463356272905, 'fire_exp': 1.0601964743503993, 'P_half': 221.2683656611821, 'pre_dampen_half': 719.4083432823455, 'gpp_af': 5.335773317316405, 'gpp_b': 0.01666658176842624, 'gpp_d': 350.88322284755304, 'ign_k': 3.589155871450839, 'ign_c': 0.8916132699546893, 'trop_agb_crit': 6.119263728555865, 'trop_k_veg': 7.222310503533637}.
[I 2026-08-06 11:03:28,264] Trial 921 finished with values: [-0.6046204409422715, 0.0934436883934805] and parameters: {'k1': 0.00488137519160367, 'D_low': 38.82837025280678, 'k2': 0.019894080167856886, 'D_high': 8182.111518618414, 'fire_exp': 1.2611826901294014, 'P_half': 523.1053126909052, 'pre_dampen_half': 38.00678588560607, 'gpp_af': 0.6403036652671171, 'gpp_b': 0.0012213924959062798, 'gpp_d': 350.88322284755304, 'ign_k': 0.010939944910100021, 'ign_c': 1.9580595319750387, 'trop_agb_crit': 6.119263728555865, 'trop_k_veg': 2.4336356947036335}.
