[I 2026-08-06 11:24:02,457] Trial 197 finished with values: [10.764973995997256, 10.764973995997256] and parameters: {'k1': 0.011966626407443505, 'D_low': 5.59983195169599, 'k2': 0.0004976087827261435, 'D_high': 14.378290221680125, 'fire_exp': 1.2918065501148304, 'P_half': 1.605843632310088, 'pre_dampen_half': 0.011396414164620812, 'gpp_af': 0.2204465010099918, 'gpp_b': 2.176805640408474e-05, 'gpp_d': 0.03927259340973166, 'ign_k': 0.12329098365270515, 'ign_c': 39.52220881906114, 'trop_agb_crit': 12.647327018493208, 'trop_k_veg': 2.520089655463604}.
[I 2026-08-06 11:24:03,715] Trial 198 finished with values: [10.574497941921525, 10.574497941921525] and parameters: {'k1': 0.008912611835817005, 'D_low': 38.82837025280678, 'k2': 7.914423612155373e-05, 'D_high': 3712.591045287726, 'fire_exp': 1.0629462657398439, 'P_half': 3227.0237615158, 'pre_dampen_half': 38.00678588560607, 'gpp_af': 0.7539992074650279, 'gpp_b': 0.00431329787498825, 'gpp_d': 757.2868182332339, 'ign_k': 0.010167079878196114, 'ign_c': 1.9580595319750387, 'trop_agb_crit': 1.0455434848969813, 'trop_k_veg': 3.1473758868965476}.
[I 2026-08-06 11:24:05,003] Trial 199 finished with values: [10.757584371430093, 10.757584371430093] and parameters: {'k1': 0.012021930484915042, 'D_low': 171.2446447678494, 'k2': 0.003101429427212743, 'D_high': 42210.21267871043, 'fire_exp': 1.2918065501148304, 'P_half': 3227.0237615158, 'pre_dampen_half': 0.011396414164620812, 'gpp_af': 0.0049748543504537545, 'gpp_b': 2.176805640408474e-05, 'gpp_d': 757.2868182332339, 'ign_k': 0.0029519227433917453, 'ign_c': 39.52220881906114, 'trop_agb_crit': 14.948114979829949, 'trop_k_veg': 1.0594599158279707}.
[I 2026-08-06 11:24:06,338] Trial 200 finished with values: [10.76042014293257, 10.76042014293257] and parameters: {'k1': 0.006642027816373391, 'D_low': 355.00125258511594, 'k2': 0.03538758864779238, 'D_high': 3712.591045287726, 'fire_exp': 1.3170256885255098, 'P_half': 220.3445560633069, 'pre_dampen_half': 502.5175192217655, 'gpp_af': 0.7539992074650279, 'gpp_b': 3.083723329640506, 'gpp_d': 16.460426816350523, 'ign_k': 0.12329098365270515, 'ign_c': 33.81093273170848, 'trop_agb_crit': 1.0455434848969813, 'trop_k_veg': 0.6743482387129308}.
[I 2026-08-06 11:24:07,628] Trial 201 finished with values: [10.711296410451812, 10.711296410451812] and parameters: {'k1': 0.04669327135003539, 'D_low': 5023.348046919797, 'k2': 1.1065812688893481e-05, 'D_high': 42.070539502879384, 'fire_exp': 1.1430983876313219, 'P_half': 175.2878790340412, 'pre_dampen_half': 10.129197956845726, 'gpp_af': 0.10409127568994281, 'gpp_b': 1.3289448722869181e-05, 'gpp_d': 1.6983565276584263, 'ign_k': 2.1368329072358767, 'ign_c': 0.70689749506246, 'trop_agb_crit': 10.965064494899984, 'trop_k_veg': 0.6673124511410327}.
[I 2026-08-06 11:24:08,930] Trial 202 finished with values: [10.434835639136443, 10.434835639136443] and parameters: {'k1': 5.2759586181451185e-05, 'D_low': 355.00125258511594, 'k2': 0.0012040762895973265, 'D_high': 1615.0602315370222, 'fire_exp': 1.3170256885255098, 'P_half': 9.324787201197319, 'pre_dampen_half': 63.6685916079943, 'gpp_af': 2.6003623362924237, 'gpp_b': 2.6738182964551835e-05, 'gpp_d': 8.057329182285729, 'ign_k': 0.18697387216131534, 'ign_c': 24.398964530167703, 'trop_agb_crit': 6.119263728555865, 'trop_k_veg': 0.5772603928610088}.
[I 2026-08-06 11:24:10,288] Trial 203 finished with values: [-0.5479353692942042, 0.121574324206145] and parameters: {'k1': 0.011966626407443505, 'D_low': 5.59983195169599, 'k2': 1.1065812688893481e-05, 'D_high': 5670.3463356272905, 'fire_exp': 1.3170256885255098, 'P_half': 1.605843632310088, 'pre_dampen_half': 63.6685916079943, 'gpp_af': 0.6403036652671171, 'gpp_b': 0.0005739662837359252, 'gpp_d': 2.944272359149677, 'ign_k': 0.12329098365270515, 'ign_c': 8.40543912931368, 'trop_agb_crit': 6.119263728555865, 'trop_k_veg': 0.6743482387129308}.
[I 2026-08-06 11:24:11,544] Trial 204 finished with values: [10.654801774819726, 10.654801774819726] and parameters: {'k1': 0.00031134168041628584, 'D_low': 1112.9571947046009, 'k2': 8.923807143379776e-05, 'D_high': 8182.111518618414, 'fire_exp': 1.0629462657398439, 'P_half': 220.3445560633069, 'pre_dampen_half': 0.2888838362365318, 'gpp_af': 0.7539992074650279, 'gpp_b': 3.481277316673104e-05, 'gpp_d': 84.31013932082456, 'ign_k': 0.0680787482656459, 'ign_c': 11.400863701127316, 'trop_agb_crit': 7.500118950416987, 'trop_k_veg': 1.4584243470991722}.
[I 2026-08-06 11:24:12,848] Trial 205 finished with values: [10.257832846618465, 10.257832846618465] and parameters: {'k1': 0.01889771394135163, 'D_low': 7.299348683062307, 'k2': 0.003101429427212743, 'D_high': 21.947742689197344, 'fire_exp': 1.1263716762638152, 'P_half': 712.8188058401365, 'pre_dampen_half': 63.6685916079943, 'gpp_af': 0.6403036652671171, 'gpp_b': 0.22727308251068193, 'gpp_d': 757.2868182332339, 'ign_k': 0.11619873314872933, 'ign_c': 1.9580595319750387, 'trop_agb_crit': 7.500118950416987, 'trop_k_veg': 1.0594599158279707}.
[I 2026-08-06 11:24:14,171] Trial 206 finished with values: [10.611399493657263, 10.611399493657263] and parameters: {'k1': 0.05778755734457457, 'D_low': 1683.621997588799, 'k2': 0.0007047307383115598, 'D_high': 45914.852167405326, 'fire_exp': 1.0362310858538248, 'P_half': 221.2683656611821, 'pre_dampen_half': 1.3833139021965035, 'gpp_af': 1.9706963379095486, 'gpp_b': 1.598364670380439e-05, 'gpp_d': 229.41380323183625, 'ign_k': 5.351470428717437, 'ign_c': 3.470490935437501, 'trop_agb_crit': 1.0693376406863295, 'trop_k_veg': 6.45312300188076}.
[I 2026-08-06 11:24:15,470] Trial 207 finished with values: [10.527592525443032, 10.527592525443032] and parameters: {'k1': 0.04669327135003539, 'D_low': 3.525936800597896, 'k2': 1.1065812688893481e-05, 'D_high': 21.947742689197344, 'fire_exp': 1.1263716762638152, 'P_half': 4.213183643253957, 'pre_dampen_half': 0.2888838362365318, 'gpp_af': 1.9706963379095486, 'gpp_b': 1.3289448722869181e-05, 'gpp_d': 1.6983565276584263, 'ign_k': 0.6161423618045312, 'ign_c': 0.70689749506246, 'trop_agb_crit': 7.500118950416987, 'trop_k_veg': 0.6673124511410327}.
[I 2026-08-06 11:24:16,744] Trial 208 finished with values: [10.672489729528879, 10.672489729528879] and parameters: {'k1': 0.06994589881535453, 'D_low': 355.00125258511594, 'k2': 0.03538758864779238, 'D_high': 774.2116473996249, 'fire_exp': 1.2611826901294014, 'P_half': 1.1827346017839087, 'pre_dampen_half': 63.6685916079943, 'gpp_af': 2.6003623362924237, 'gpp_b': 0.42247700890263645, 'gpp_d': 2.944272359149677, 'ign_k': 0.12329098365270515, 'ign_c': 5.13055176058983, 'trop_agb_crit': 1.0903028125370984, 'trop_k_veg': 1.140286245977296}.
[I 2026-08-06 11:24:18,009] Trial 209 finished with values: [10.15099680416744, 10.15099680416744] and parameters: {'k1': 0.004312951023617458, 'D_low': 7.299348683062307, 'k2': 8.923807143379776e-05, 'D_high': 8182.111518618414, 'fire_exp': 1.0629462657398439, 'P_half': 712.8188058401365, 'pre_dampen_half': 63.6685916079943, 'gpp_af': 0.6403036652671171, 'gpp_b': 0.22727308251068193, 'gpp_d': 418.77522137884927, 'ign_k': 0.12329098365270515, 'ign_c': 0.557280750002996, 'trop_agb_crit': 1.14876138417489, 'trop_k_veg': 1.0594599158279707}.
[I 2026-08-06 11:24:19,310] Trial 210 finished with values: [10.76923076892712, 10.76923076892712] and parameters: {'k1': 0.01889771394135163, 'D_low': 7660.074273652683, 'k2': 0.05985024829384177, 'D_high': 21.947742689197344, 'fire_exp': 1.1430983876313219, 'P_half': 175.2878790340412, 'pre_dampen_half': 5.048653998722947, 'gpp_af': 1.9706963379095486, 'gpp_b': 1.3289448722869181e-05, 'gpp_d': 10.369565216756202, 'ign_k': 0.11619873314872933, 'ign_c': 0.70689749506246, 'trop_agb_crit': 10.965064494899984, 'trop_k_veg': 1.0594599158279707}.
[I 2026-08-06 11:24:20,557] Trial 211 finished with values: [10.424730021307225, 10.424730021307225] and parameters: {'k1': 0.01889771394135163, 'D_low': 78.86001704920405, 'k2': 1.1065812688893481e-05, 'D_high': 21.947742689197344, 'fire_exp': 1.0601964743503993, 'P_half': 4.213183643253957, 'pre_dampen_half': 552.4163637315892, 'gpp_af': 1.9706963379095486, 'gpp_b': 1.4868114807380364, 'gpp_d': 5.1715677287580455, 'ign_k': 0.010167079878196114, 'ign_c': 15.221840161091626, 'trop_agb_crit': 7.500118950416987, 'trop_k_veg': 1.0594599158279707}.
[I 2026-08-06 11:24:21,894] Trial 212 finished with values: [10.761899491102549, 10.761899491102549] and parameters: {'k1': 0.002155595057104387, 'D_low': 1112.9571947046009, 'k2': 0.003101429427212743, 'D_high': 21.947742689197344, 'fire_exp': 1.423480109671474, 'P_half': 221.2683656611821, 'pre_dampen_half': 3.3841016089580034, 'gpp_af': 0.6403036652671171, 'gpp_b': 1.284284091405877e-05, 'gpp_d': 229.41380323183625, 'ign_k': 0.0680787482656459, 'ign_c': 0.557280750002996, 'trop_agb_crit': 1.14876138417489, 'trop_k_veg': 4.989748894578724}.
[I 2026-08-06 11:24:23,208] Trial 213 finished with values: [10.570527022681762, 10.570527022681762] and parameters: {'k1': 0.002155595057104387, 'D_low': 1.54121727098019, 'k2': 0.0007047307383115598, 'D_high': 21.947742689197344, 'fire_exp': 1.423480109671474, 'P_half': 9.324787201197319, 'pre_dampen_half': 3.3841016089580034, 'gpp_af': 1.5386842469144075, 'gpp_b': 0.0005392415140872105, 'gpp_d': 229.41380323183625, 'ign_k': 5.351470428717437, 'ign_c': 15.221840161091626, 'trop_agb_crit': 24.584290528289387, 'trop_k_veg': 5.198868247525917}.
[I 2026-08-06 11:24:24,482] Trial 214 finished with values: [10.697914446369277, 10.697914446369277] and parameters: {'k1': 0.002155595057104387, 'D_low': 40.12413353131991, 'k2': 0.0001889739291279833, 'D_high': 21.947742689197344, 'fire_exp': 1.221575427404682, 'P_half': 140.74279366401683, 'pre_dampen_half': 8.594202650742222, 'gpp_af': 5.335773317316405, 'gpp_b': 1.5385046399532158e-05, 'gpp_d': 0.043441170039664925, 'ign_k': 5.351470428717437, 'ign_c': 2.8335389417624683, 'trop_agb_crit': 1.0693376406863295, 'trop_k_veg': 1.0345878666211452}.
[I 2026-08-06 11:24:25,714] Trial 215 finished with values: [10.648144648998702, 10.648144648998702] and parameters: {'k1': 0.04669327135003539, 'D_low': 7.299348683062307, 'k2': 1.1065812688893481e-05, 'D_high': 21.947742689197344, 'fire_exp': 1.1430983876313219, 'P_half': 2068.53034640896, 'pre_dampen_half': 5.048653998722947, 'gpp_af': 1.9706963379095486, 'gpp_b': 0.0054502936945582505, 'gpp_d': 1.6983565276584263, 'ign_k': 2.1368329072358767, 'ign_c': 0.70689749506246, 'trop_agb_crit': 7.500118950416987, 'trop_k_veg': 1.0594599158279707}.
[I 2026-08-06 11:24:27,002] Trial 216 finished with values: [10.214855722957507, 10.214855722957507] and parameters: {'k1': 0.00031134168041628584, 'D_low': 38.82837025280678, 'k2': 0.003419108473554454, 'D_high': 3712.591045287726, 'fire_exp': 1.0629462657398439, 'P_half': 4.213183643253957, 'pre_dampen_half': 38.00678588560607, 'gpp_af': 1.6059727222314273, 'gpp_b': 0.14577755664212386, 'gpp_d': 5.1715677287580455, 'ign_k': 0.010167079878196114, 'ign_c': 2.414259639010457, 'trop_agb_crit': 1.0455434848969813, 'trop_k_veg': 0.6673124511410327}.
[I 2026-08-06 11:24:28,409] Trial 217 finished with values: [10.74261072080789, 10.74261072080789] and parameters: {'k1': 0.012021930484915042, 'D_low': 12.105387404469584, 'k2': 0.003767022142229395, 'D_high': 21.947742689197344, 'fire_exp': 1.0629462657398439, 'P_half': 6.784924519083139, 'pre_dampen_half': 38.00678588560607, 'gpp_af': 0.006359264168909611, 'gpp_b': 0.14577755664212386, 'gpp_d': 5.1715677287580455, 'ign_k': 0.11619873314872933, 'ign_c': 0.1406146398517664, 'trop_agb_crit': 1.0455434848969813, 'trop_k_veg': 1.0345878666211452}.
[I 2026-08-06 11:24:29,715] Trial 218 finished with values: [10.435856021596651, 10.435856021596651] and parameters: {'k1': 0.004312951023617458, 'D_low': 520.4862686958022, 'k2': 1.915468390724633e-05, 'D_high': 91167.68553735342, 'fire_exp': 1.0629462657398439, 'P_half': 140.74279366401683, 'pre_dampen_half': 8.594202650742222, 'gpp_af': 5.335773317316405, 'gpp_b': 0.0038900687554386305, 'gpp_d': 16.460426816350523, 'ign_k': 0.01364908766641695, 'ign_c': 2.8335389417624683, 'trop_agb_crit': 7.599113148200974, 'trop_k_veg': 2.4336356947036335}.
[I 2026-08-06 11:24:30,964] Trial 219 finished with values: [10.305994281358451, 10.305994281358451] and parameters: {'k1': 0.004312951023617458, 'D_low': 12.105387404469584, 'k2': 1.1065812688893481e-05, 'D_high': 3712.591045287726, 'fire_exp': 1.0601964743503993, 'P_half': 4.213183643253957, 'pre_dampen_half': 8.594202650742222, 'gpp_af': 5.335773317316405, 'gpp_b': 0.0054502936945582505, 'gpp_d': 16.460426816350523, 'ign_k': 0.01364908766641695, 'ign_c': 11.400863701127316, 'trop_agb_crit': 8.997007571451054, 'trop_k_veg': 2.4336356947036335}.
[I 2026-08-06 11:24:32,223] Trial 220 finished with values: [10.758249364797374, 10.758249364797374] and parameters: {'k1': 0.00031134168041628584, 'D_low': 38.82837025280678, 'k2': 0.003419108473554454, 'D_high': 107.53522341516504, 'fire_exp': 1.0601964743503993, 'P_half': 4.213183643253957, 'pre_dampen_half': 0.14126812677903758, 'gpp_af': 1.9706963379095486, 'gpp_b': 1.4540386644083135e-05, 'gpp_d': 0.12878367369717508, 'ign_k': 0.010167079878196114, 'ign_c': 48.704711413416454, 'trop_agb_crit': 1.0693376406863295, 'trop_k_veg': 0.6984687829911091}.
[I 2026-08-06 11:24:33,677] Trial 221 finished with values: [10.679588090811524, 10.679588090811524] and parameters: {'k1': 8.488887549001697e-05, 'D_low': 38.82837025280678, 'k2': 0.0003432139136241583, 'D_high': 1493.5213816355397, 'fire_exp': 1.695318866910499, 'P_half': 2.0314811950454943, 'pre_dampen_half': 39.827466658711515, 'gpp_af': 3.4702669886504163, 'gpp_b': 1.3289448722869181e-05, 'gpp_d': 0.17061223263518377, 'ign_k': 2.1368329072358767, 'ign_c': 2.414259639010457, 'trop_agb_crit': 1.8545640943955186, 'trop_k_veg': 0.83140195149031}.
[I 2026-08-06 11:24:35,019] Trial 222 finished with values: [10.762220327162527, 10.762220327162527] and parameters: {'k1': 0.012840669372724958, 'D_low': 7.299348683062307, 'k2': 2.683416249684868e-05, 'D_high': 21.947742689197344, 'fire_exp': 4.969226308995625, 'P_half': 54.37591736923918, 'pre_dampen_half': 5.048653998722947, 'gpp_af': 1.200191344086032, 'gpp_b': 0.0054502936945582505, 'gpp_d': 84.31013932082456, 'ign_k': 0.11619873314872933, 'ign_c': 0.557280750002996, 'trop_agb_crit': 20.824968728078442, 'trop_k_veg': 1.0594599158279707}.
[I 2026-08-06 11:24:36,273] Trial 223 finished with values: [10.715351316234166, 10.715351316234166] and parameters: {'k1': 0.002155595057104387, 'D_low': 40.12413353131991, 'k2': 0.0007047307383115598, 'D_high': 42210.21267871043, 'fire_exp': 2.1871318436814167, 'P_half': 221.2683656611821, 'pre_dampen_half': 3.3841016089580034, 'gpp_af': 0.0049748543504537545, 'gpp_b': 2.176805640408474e-05, 'gpp_d': 757.2868182332339, 'ign_k': 0.0029519227433917453, 'ign_c': 18.219343937475102, 'trop_agb_crit': 10.691477813613638, 'trop_k_veg': 1.0594599158279707}.
[I 2026-08-06 11:24:37,537] Trial 224 finished with values: [-0.5569753243894726, 0.05576701256807981] and parameters: {'k1': 0.06994589881535453, 'D_low': 1.54121727098019, 'k2': 0.03538758864779238, 'D_high': 3712.591045287726, 'fire_exp': 1.4665043946307825, 'P_half': 9.324787201197319, 'pre_dampen_half': 502.5175192217655, 'gpp_af': 1.1300566419249864, 'gpp_b': 0.42247700890263645, 'gpp_d': 2.944272359149677, 'ign_k': 0.0680787482656459, 'ign_c': 5.13055176058983, 'trop_agb_crit': 24.584290528289387, 'trop_k_veg': 0.6743482387129308}.
[I 2026-08-06 11:24:38,760] Trial 225 finished with values: [10.356586671390355, 10.356586671390355] and parameters: {'k1': 0.008912611835817005, 'D_low': 40.12413353131991, 'k2': 0.03538758864779238, 'D_high': 645.2946500764235, 'fire_exp': 1.3170256885255098, 'P_half': 5.076307782729897, 'pre_dampen_half': 8.594202650742222, 'gpp_af': 5.335773317316405, 'gpp_b': 0.0005739662837359252, 'gpp_d': 2.944272359149677, 'ign_k': 0.21006485619596416, 'ign_c': 5.13055176058983, 'trop_agb_crit': 1.0903028125370984, 'trop_k_veg': 3.1473758868965476}.
[I 2026-08-06 11:24:39,991] Trial 226 finished with values: [-0.4956691181825447, 0.09814464813815993] and parameters: {'k1': 0.00031134168041628584, 'D_low': 12.105387404469584, 'k2': 1.1065812688893481e-05, 'D_high': 2289.1315306837046, 'fire_exp': 1.0601964743503993, 'P_half': 4.213183643253957, 'pre_dampen_half': 331.7366635899375, 'gpp_af': 1.9706963379095486, 'gpp_b': 0.012132126638791128, 'gpp_d': 82.84476373292449, 'ign_k': 0.038563028138793747, 'ign_c': 30.785541778315018, 'trop_agb_crit': 18.785197416433792, 'trop_k_veg': 0.6673124511410327}.
[I 2026-08-06 11:24:41,230] Trial 227 finished with values: [10.254846739474397, 10.254846739474397] and parameters: {'k1': 0.01889771394135163, 'D_low': 40.12413353131991, 'k2': 1.1065812688893481e-05, 'D_high': 21.947742689197344, 'fire_exp': 1.0601964743503993, 'P_half': 221.2683656611821, 'pre_dampen_half': 3.3841016089580034, 'gpp_af': 1.5386842469144075, 'gpp_b': 0.0054502936945582505, 'gpp_d': 229.41380323183625, 'ign_k': 5.351470428717437, 'ign_c': 1.9580595319750387, 'trop_agb_crit': 10.691477813613638, 'trop_k_veg': 1.0594599158279707}.
[I 2026-08-06 11:24:42,621] Trial 228 finished with values: [10.769169855809965, 10.769169855809965] and parameters: {'k1': 0.05778755734457457, 'D_low': 6542.056762893129, 'k2': 0.0007047307383115598, 'D_high': 503.20593472868046, 'fire_exp': 1.0362310858538248, 'P_half': 221.2683656611821, 'pre_dampen_half': 63.6685916079943, 'gpp_af': 0.6403036652671171, 'gpp_b': 0.01777482313117792, 'gpp_d': 229.41380323183625, 'ign_k': 5.351470428717437, 'ign_c': 3.470490935437501, 'trop_agb_crit': 10.691477813613638, 'trop_k_veg': 0.6743482387129308}.
[I 2026-08-06 11:24:43,860] Trial 229 finished with values: [10.644626689706634, 10.644626689706634] and parameters: {'k1': 0.004312951023617458, 'D_low': 792.6237587961899, 'k2': 0.0003432139136241583, 'D_high': 1493.5213816355397, 'fire_exp': 1.0629462657398439, 'P_half': 220.3445560633069, 'pre_dampen_half': 39.827466658711515, 'gpp_af': 0.7539992074650279, 'gpp_b': 0.0021331409710300844, 'gpp_d': 0.17061223263518377, 'ign_k': 2.1368329072358767, 'ign_c': 2.414259639010457, 'trop_agb_crit': 1.8545640943955186, 'trop_k_veg': 0.83140195149031}.
[I 2026-08-06 11:24:45,096] Trial 230 finished with values: [10.628977428122194, 10.628977428122194] and parameters: {'k1': 0.06598741607403362, 'D_low': 984.098934375832, 'k2': 1.915468390724633e-05, 'D_high': 61536.58035691648, 'fire_exp': 1.4665043946307825, 'P_half': 221.2683656611821, 'pre_dampen_half': 502.5175192217655, 'gpp_af': 2.555721998081808, 'gpp_b': 0.0005392415140872105, 'gpp_d': 54.620376657085984, 'ign_k': 0.0018256829646330853, 'ign_c': 15.221840161091626, 'trop_agb_crit': 2.9222815721218716, 'trop_k_veg': 3.869465953383845}.
[I 2026-08-06 11:24:46,344] Trial 231 finished with values: [10.763414568559007, 10.763414568559007] and parameters: {'k1': 0.004053638704742309, 'D_low': 3.4487261314487374, 'k2': 0.003767022142229395, 'D_high': 61536.58035691648, 'fire_exp': 3.4633094058711813, 'P_half': 1455.0993923603367, 'pre_dampen_half': 0.3924302839842014, 'gpp_af': 1.9706963379095486, 'gpp_b': 1.4540386644083135e-05, 'gpp_d': 13.472769577631583, 'ign_k': 5.351470428717437, 'ign_c': 2.957080941494347, 'trop_agb_crit': 7.444615346113405, 'trop_k_veg': 0.6673124511410327}.
[I 2026-08-06 11:24:47,608] Trial 232 finished with values: [10.769230179186449, 10.769230179186449] and parameters: {'k1': 0.016780508579130986, 'D_low': 984.098934375832, 'k2': 0.003419108473554454, 'D_high': 61536.58035691648, 'fire_exp': 7.690910336830845, 'P_half': 221.2683656611821, 'pre_dampen_half': 0.1875872314533727, 'gpp_af': 1.6059727222314273, 'gpp_b': 0.14577755664212386, 'gpp_d': 5.1715677287580455, 'ign_k': 0.010167079878196114, 'ign_c': 2.414259639010457, 'trop_agb_crit': 10.691477813613638, 'trop_k_veg': 0.6673124511410327}.
[I 2026-08-06 11:24:48,804] Trial 233 finished with values: [10.76840881357638, 10.76840881357638] and parameters: {'k1': 0.00031134168041628584, 'D_low': 7.299348683062307, 'k2': 0.003767022142229395, 'D_high': 431.45617043093523, 'fire_exp': 1.0601964743503993, 'P_half': 4.213183643253957, 'pre_dampen_half': 12.003722333832918, 'gpp_af': 1.9706963379095486, 'gpp_b': 0.22727308251068193, 'gpp_d': 0.12878367369717508, 'ign_k': 0.12329098365270515, 'ign_c': 48.704711413416454, 'trop_agb_crit': 1.0693376406863295, 'trop_k_veg': 4.989748894578724}.
[I 2026-08-06 11:24:50,030] Trial 234 finished with values: [10.645779981801217, 10.645779981801217] and parameters: {'k1': 0.012021930484915042, 'D_low': 520.4862686958022, 'k2': 0.014344484793173472, 'D_high': 1578.0309954142967, 'fire_exp': 1.221575427404682, 'P_half': 6.784924519083139, 'pre_dampen_half': 5.048653998722947, 'gpp_af': 0.006359264168909611, 'gpp_b': 7.210246166617508e-05, 'gpp_d': 4.25060659305504, 'ign_k': 0.11619873314872933, 'ign_c': 2.8335389417624683, 'trop_agb_crit': 1.0693376406863295, 'trop_k_veg': 3.49157152291552}.
[I 2026-08-06 11:24:51,243] Trial 235 finished with values: [10.166430061013306, 10.166430061013306] and parameters: {'k1': 0.008912611835817005, 'D_low': 355.00125258511594, 'k2': 1.915468390724633e-05, 'D_high': 645.2946500764235, 'fire_exp': 1.0629462657398439, 'P_half': 5.076307782729897, 'pre_dampen_half': 63.6685916079943, 'gpp_af': 0.7539992074650279, 'gpp_b': 0.0021331409710300844, 'gpp_d': 16.460426816350523, 'ign_k': 0.0680787482656459, 'ign_c': 0.8547476176667198, 'trop_agb_crit': 24.584290528289387, 'trop_k_veg': 0.5349971555643298}.
