[I 2026-08-06 10:27:15,588] Trial 820 finished with values: [-0.5151187841491052, 0.048350580114293495] and parameters: {'k1': 0.008912611835817005, 'D_low': 34.459310919273356, 'k2': 1.915468390724633e-05, 'D_high': 1493.5213816355397, 'fire_exp': 1.1174086754605184, 'P_half': 220.3445560633069, 'pre_dampen_half': 502.5175192217655, 'gpp_af': 0.7539992074650279, 'gpp_b': 0.00022905428113532524, 'gpp_d': 16.460426816350523, 'ign_k': 8.103949702339497, 'ign_c': 15.221840161091626, 'trop_agb_crit': 1.0903028125370984, 'trop_k_veg': 1.4584243470991722}.
[I 2026-08-06 10:27:16,755] Trial 821 finished with values: [11.371340363383089, 11.371340363383089] and parameters: {'k1': 0.000263017849974555, 'D_low': 34.459310919273356, 'k2': 0.014344484793173472, 'D_high': 3712.591045287726, 'fire_exp': 1.0629462657398439, 'P_half': 220.3445560633069, 'pre_dampen_half': 502.5175192217655, 'gpp_af': 0.7539992074650279, 'gpp_b': 0.0021331409710300844, 'gpp_d': 150.14555442537656, 'ign_k': 0.0680787482656459, 'ign_c': 0.557280750002996, 'trop_agb_crit': 1.0455434848969813, 'trop_k_veg': 2.573214588078609}.
[I 2026-08-06 10:27:17,912] Trial 822 finished with values: [10.107865217418535, 10.107865217418535] and parameters: {'k1': 0.012021930484915042, 'D_low': 4.484744524732794, 'k2': 0.0003432139136241583, 'D_high': 985.7545621889059, 'fire_exp': 1.1488607445926913, 'P_half': 1.895375973243287, 'pre_dampen_half': 63.6685916079943, 'gpp_af': 0.39382107610395717, 'gpp_b': 0.006906522645653115, 'gpp_d': 16.460426816350523, 'ign_k': 5.466937478766086, 'ign_c': 5.13055176058983, 'trop_agb_crit': 1.0903028125370984, 'trop_k_veg': 0.983473833513531}.
[I 2026-08-06 10:27:19,093] Trial 823 finished with values: [10.10736493866303, 10.10736493866303] and parameters: {'k1': 0.008912611835817005, 'D_low': 1.864018654712297, 'k2': 0.0003432139136241583, 'D_high': 21.947742689197344, 'fire_exp': 1.1263716762638152, 'P_half': 220.3445560633069, 'pre_dampen_half': 502.5175192217655, 'gpp_af': 24.725776073156705, 'gpp_b': 0.0021331409710300844, 'gpp_d': 16.460426816350523, 'ign_k': 0.0680787482656459, 'ign_c': 15.221840161091626, 'trop_agb_crit': 1.0903028125370984, 'trop_k_veg': 1.4584243470991722}.
[I 2026-08-06 10:27:20,256] Trial 824 finished with values: [10.583300601648492, 10.583300601648492] and parameters: {'k1': 0.008912611835817005, 'D_low': 1590.1058351240622, 'k2': 8.60693112508996e-05, 'D_high': 1445.5983984872983, 'fire_exp': 1.3170256885255098, 'P_half': 5.076307782729897, 'pre_dampen_half': 63.6685916079943, 'gpp_af': 0.6403036652671171, 'gpp_b': 0.006906522645653115, 'gpp_d': 2.944272359149677, 'ign_k': 3.313724129972939, 'ign_c': 4.2425976091860935, 'trop_agb_crit': 1.0911298587990423, 'trop_k_veg': 4.375785248100498}.
[I 2026-08-06 10:27:21,713] Trial 825 finished with values: [-0.5457326650406213, 0.16764277763664526] and parameters: {'k1': 0.008912611835817005, 'D_low': 4.484744524732794, 'k2': 0.004013372552381595, 'D_high': 985.7545621889059, 'fire_exp': 1.0629462657398439, 'P_half': 220.3445560633069, 'pre_dampen_half': 552.4163637315892, 'gpp_af': 1.9706963379095486, 'gpp_b': 0.0325181766809307, 'gpp_d': 4.25060659305504, 'ign_k': 0.0680787482656459, 'ign_c': 15.221840161091626, 'trop_agb_crit': 24.584290528289387, 'trop_k_veg': 0.6673124511410327}.
[I 2026-08-06 10:27:22,914] Trial 826 finished with values: [-0.5335151540982983, 0.14332818918090529] and parameters: {'k1': 0.008912611835817005, 'D_low': 4.484744524732794, 'k2': 8.923807143379776e-05, 'D_high': 21.947742689197344, 'fire_exp': 1.0629462657398439, 'P_half': 220.3445560633069, 'pre_dampen_half': 552.4163637315892, 'gpp_af': 1.9706963379095486, 'gpp_b': 0.0325181766809307, 'gpp_d': 16.460426816350523, 'ign_k': 0.0680787482656459, 'ign_c': 11.400863701127316, 'trop_agb_crit': 24.584290528289387, 'trop_k_veg': 2.194427136482602}.
[I 2026-08-06 10:27:24,213] Trial 827 finished with values: [10.523131646782888, 10.523131646782888] and parameters: {'k1': 0.007530210437963516, 'D_low': 4.484744524732794, 'k2': 8.923807143379776e-05, 'D_high': 21.947742689197344, 'fire_exp': 1.1263716762638152, 'P_half': 220.3445560633069, 'pre_dampen_half': 502.5175192217655, 'gpp_af': 24.725776073156705, 'gpp_b': 0.14577755664212386, 'gpp_d': 10.369565216756202, 'ign_k': 2.1368329072358767, 'ign_c': 15.221840161091626, 'trop_agb_crit': 24.584290528289387, 'trop_k_veg': 2.194427136482602}.
[I 2026-08-06 10:27:25,434] Trial 828 finished with values: [10.259766091633304, 10.259766091633304] and parameters: {'k1': 0.008912611835817005, 'D_low': 671.5971856456824, 'k2': 0.03538758864779238, 'D_high': 11832.967057468773, 'fire_exp': 1.0629462657398439, 'P_half': 140.74279366401683, 'pre_dampen_half': 552.4163637315892, 'gpp_af': 0.7539992074650279, 'gpp_b': 0.14577755664212386, 'gpp_d': 16.460426816350523, 'ign_k': 0.13546626168109255, 'ign_c': 11.400863701127316, 'trop_agb_crit': 24.584290528289387, 'trop_k_veg': 2.194427136482602}.
[I 2026-08-06 10:27:26,707] Trial 829 finished with values: [10.766346786832202, 10.766346786832202] and parameters: {'k1': 0.008912611835817005, 'D_low': 355.00125258511594, 'k2': 0.03538758864779238, 'D_high': 21.947742689197344, 'fire_exp': 1.3170256885255098, 'P_half': 5.076307782729897, 'pre_dampen_half': 63.6685916079943, 'gpp_af': 0.6403036652671171, 'gpp_b': 0.006906522645653115, 'gpp_d': 16.460426816350523, 'ign_k': 0.0680787482656459, 'ign_c': 15.221840161091626, 'trop_agb_crit': 1.0903028125370984, 'trop_k_veg': 3.1473758868965476}.
[I 2026-08-06 10:27:27,952] Trial 830 finished with values: [10.615140146891733, 10.615140146891733] and parameters: {'k1': 0.004312951023617458, 'D_low': 1112.9571947046009, 'k2': 8.923807143379776e-05, 'D_high': 8182.111518618414, 'fire_exp': 2.110249242835225, 'P_half': 220.3445560633069, 'pre_dampen_half': 502.5175192217655, 'gpp_af': 0.7539992074650279, 'gpp_b': 3.481277316673104e-05, 'gpp_d': 16.460426816350523, 'ign_k': 0.0680787482656459, 'ign_c': 0.557280750002996, 'trop_agb_crit': 1.14876138417489, 'trop_k_veg': 2.194427136482602}.
[I 2026-08-06 10:27:29,188] Trial 831 finished with values: [10.005321001124337, 10.005321001124337] and parameters: {'k1': 0.00021478683190589618, 'D_low': 1112.9571947046009, 'k2': 1.915468390724633e-05, 'D_high': 3712.591045287726, 'fire_exp': 1.1430983876313219, 'P_half': 476.3737484593719, 'pre_dampen_half': 693.3733406812293, 'gpp_af': 93.47528675249171, 'gpp_b': 3.481277316673104e-05, 'gpp_d': 150.14555442537656, 'ign_k': 0.010167079878196114, 'ign_c': 15.221840161091626, 'trop_agb_crit': 24.584290528289387, 'trop_k_veg': 1.4584243470991722}.
[I 2026-08-06 10:27:30,457] Trial 832 finished with values: [10.208656661299091, 10.208656661299091] and parameters: {'k1': 0.004708159793250189, 'D_low': 355.00125258511594, 'k2': 0.03538758864779238, 'D_high': 11832.967057468773, 'fire_exp': 1.0629462657398439, 'P_half': 220.3445560633069, 'pre_dampen_half': 502.5175192217655, 'gpp_af': 0.7539992074650279, 'gpp_b': 0.0021331409710300844, 'gpp_d': 16.460426816350523, 'ign_k': 0.0680787482656459, 'ign_c': 15.221840161091626, 'trop_agb_crit': 1.0903028125370984, 'trop_k_veg': 0.983473833513531}.
[I 2026-08-06 10:27:31,725] Trial 833 finished with values: [10.087014550473338, 10.087014550473338] and parameters: {'k1': 0.008912611835817005, 'D_low': 4.484744524732794, 'k2': 1.8205657658407255e-05, 'D_high': 8182.111518618414, 'fire_exp': 1.0629462657398439, 'P_half': 220.3445560633069, 'pre_dampen_half': 20.37961377717464, 'gpp_af': 0.7539992074650279, 'gpp_b': 0.0021331409710300844, 'gpp_d': 16.460426816350523, 'ign_k': 0.0680787482656459, 'ign_c': 5.13055176058983, 'trop_agb_crit': 1.0903028125370984, 'trop_k_veg': 0.983473833513531}.
[I 2026-08-06 10:27:33,086] Trial 834 finished with values: [10.100115417061838, 10.100115417061838] and parameters: {'k1': 0.008912611835817005, 'D_low': 170.2682488483631, 'k2': 0.03538758864779238, 'D_high': 11832.967057468773, 'fire_exp': 1.3170256885255098, 'P_half': 5.076307782729897, 'pre_dampen_half': 63.6685916079943, 'gpp_af': 4.500414872181386, 'gpp_b': 0.0021331409710300844, 'gpp_d': 2.944272359149677, 'ign_k': 0.21006485619596416, 'ign_c': 5.13055176058983, 'trop_agb_crit': 1.0903028125370984, 'trop_k_veg': 3.1473758868965476}.
[I 2026-08-06 10:27:34,337] Trial 835 finished with values: [12.455696925123437, 12.455696925123437] and parameters: {'k1': 0.004312951023617458, 'D_low': 72.58091671308688, 'k2': 0.0001280298359290444, 'D_high': 5670.3463356272905, 'fire_exp': 1.0629462657398439, 'P_half': 1.7400806211046378, 'pre_dampen_half': 502.5175192217655, 'gpp_af': 0.7539992074650279, 'gpp_b': 3.481277316673104e-05, 'gpp_d': 8.571213555597648, 'ign_k': 0.01364908766641695, 'ign_c': 15.221840161091626, 'trop_agb_crit': 1.7708319837489073, 'trop_k_veg': 0.983473833513531}.
[I 2026-08-06 10:27:35,718] Trial 836 finished with values: [10.819550242849225, 10.819550242849225] and parameters: {'k1': 0.004312951023617458, 'D_low': 177.4954658911452, 'k2': 5.52207197313581e-05, 'D_high': 985.7545621889059, 'fire_exp': 1.0629462657398439, 'P_half': 140.74279366401683, 'pre_dampen_half': 552.4163637315892, 'gpp_af': 61.39406964482352, 'gpp_b': 3.481277316673104e-05, 'gpp_d': 150.14555442537656, 'ign_k': 0.0680787482656459, 'ign_c': 0.557280750002996, 'trop_agb_crit': 1.0455434848969813, 'trop_k_veg': 1.4584243470991722}.
[I 2026-08-06 10:27:37,123] Trial 837 finished with values: [10.169341203053687, 10.169341203053687] and parameters: {'k1': 5.025876001070713e-05, 'D_low': 4.484744524732794, 'k2': 0.0003432139136241583, 'D_high': 15351.441568398131, 'fire_exp': 1.1174086754605184, 'P_half': 29.23116601611836, 'pre_dampen_half': 502.5175192217655, 'gpp_af': 0.25562996323356024, 'gpp_b': 0.14577755664212386, 'gpp_d': 0.9568931772917477, 'ign_k': 0.0680787482656459, 'ign_c': 15.221840161091626, 'trop_agb_crit': 21.20801447986448, 'trop_k_veg': 3.4387132748252047}.
[I 2026-08-06 10:27:38,548] Trial 838 finished with values: [-0.5496846794397958, 0.05798202754302151] and parameters: {'k1': 0.008912611835817005, 'D_low': 1112.9571947046009, 'k2': 7.914423612155373e-05, 'D_high': 11832.967057468773, 'fire_exp': 1.0629462657398439, 'P_half': 5.076307782729897, 'pre_dampen_half': 502.5175192217655, 'gpp_af': 0.7539992074650279, 'gpp_b': 0.0021331409710300844, 'gpp_d': 2.944272359149677, 'ign_k': 0.0680787482656459, 'ign_c': 0.557280750002996, 'trop_agb_crit': 1.0903028125370984, 'trop_k_veg': 2.573214588078609}.
[I 2026-08-06 10:27:39,924] Trial 839 finished with values: [10.644379897099643, 10.644379897099643] and parameters: {'k1': 0.008912611835817005, 'D_low': 4.484744524732794, 'k2': 0.0003432139136241583, 'D_high': 3712.591045287726, 'fire_exp': 1.1263716762638152, 'P_half': 1.2432381951316052, 'pre_dampen_half': 552.4163637315892, 'gpp_af': 5.335773317316405, 'gpp_b': 0.14577755664212386, 'gpp_d': 16.460426816350523, 'ign_k': 0.0680787482656459, 'ign_c': 57.54658592592072, 'trop_agb_crit': 1.0455434848969813, 'trop_k_veg': 2.194427136482602}.
[I 2026-08-06 10:27:41,261] Trial 840 finished with values: [-0.5718637880188545, 0.06050208016181846] and parameters: {'k1': 0.008912611835817005, 'D_low': 355.00125258511594, 'k2': 0.03538758864779238, 'D_high': 11832.967057468773, 'fire_exp': 1.3170256885255098, 'P_half': 5.076307782729897, 'pre_dampen_half': 63.6685916079943, 'gpp_af': 0.6403036652671171, 'gpp_b': 0.006906522645653115, 'gpp_d': 2.944272359149677, 'ign_k': 0.21006485619596416, 'ign_c': 5.13055176058983, 'trop_agb_crit': 1.0911298587990423, 'trop_k_veg': 3.1473758868965476}.
[I 2026-08-06 10:27:42,799] Trial 841 finished with values: [-0.562891622483744, 0.08935167418551027] and parameters: {'k1': 0.008912611835817005, 'D_low': 520.4862686958022, 'k2': 8.923807143379776e-05, 'D_high': 21.947742689197344, 'fire_exp': 1.0629462657398439, 'P_half': 220.3445560633069, 'pre_dampen_half': 502.5175192217655, 'gpp_af': 24.725776073156705, 'gpp_b': 0.0021331409710300844, 'gpp_d': 16.460426816350523, 'ign_k': 0.0680787482656459, 'ign_c': 0.70689749506246, 'trop_agb_crit': 24.584290528289387, 'trop_k_veg': 0.983473833513531}.
[I 2026-08-06 10:27:44,084] Trial 842 finished with values: [10.258863214647414, 10.258863214647414] and parameters: {'k1': 0.008912611835817005, 'D_low': 4.484744524732794, 'k2': 0.0003432139136241583, 'D_high': 15351.441568398131, 'fire_exp': 1.1174086754605184, 'P_half': 220.3445560633069, 'pre_dampen_half': 502.5175192217655, 'gpp_af': 0.25562996323356024, 'gpp_b': 0.0001605469768042801, 'gpp_d': 10.369565216756202, 'ign_k': 8.103949702339497, 'ign_c': 15.221840161091626, 'trop_agb_crit': 1.0455434848969813, 'trop_k_veg': 2.194427136482602}.
[I 2026-08-06 10:27:45,445] Trial 843 finished with values: [10.27189624718209, 10.27189624718209] and parameters: {'k1': 0.008912611835817005, 'D_low': 4.484744524732794, 'k2': 0.03538758864779238, 'D_high': 11832.967057468773, 'fire_exp': 1.3170256885255098, 'P_half': 5.076307782729897, 'pre_dampen_half': 63.6685916079943, 'gpp_af': 0.6403036652671171, 'gpp_b': 0.14577755664212386, 'gpp_d': 2.944272359149677, 'ign_k': 0.21006485619596416, 'ign_c': 15.221840161091626, 'trop_agb_crit': 1.0455434848969813, 'trop_k_veg': 3.4387132748252047}.
[I 2026-08-06 10:27:46,732] Trial 844 finished with values: [-0.5160108987835538, 0.13394475008581985] and parameters: {'k1': 0.008912611835817005, 'D_low': 4.484744524732794, 'k2': 0.0003432139136241583, 'D_high': 15351.441568398131, 'fire_exp': 1.1263716762638152, 'P_half': 29.23116601611836, 'pre_dampen_half': 502.5175192217655, 'gpp_af': 0.25562996323356024, 'gpp_b': 0.14577755664212386, 'gpp_d': 0.9568931772917477, 'ign_k': 0.0680787482656459, 'ign_c': 15.221840161091626, 'trop_agb_crit': 1.0455434848969813, 'trop_k_veg': 3.4387132748252047}.
[I 2026-08-06 10:27:48,072] Trial 845 finished with values: [10.299508219507675, 10.299508219507675] and parameters: {'k1': 0.008912611835817005, 'D_low': 355.00125258511594, 'k2': 0.03538758864779238, 'D_high': 15351.441568398131, 'fire_exp': 1.3170256885255098, 'P_half': 29.23116601611836, 'pre_dampen_half': 63.6685916079943, 'gpp_af': 0.4776815004752161, 'gpp_b': 0.14577755664212386, 'gpp_d': 2.944272359149677, 'ign_k': 0.0680787482656459, 'ign_c': 0.24361599465623282, 'trop_agb_crit': 21.20801447986448, 'trop_k_veg': 3.4387132748252047}.
[I 2026-08-06 10:27:49,376] Trial 846 finished with values: [-0.559309284542366, 0.1335182565508214] and parameters: {'k1': 0.008912611835817005, 'D_low': 4.484744524732794, 'k2': 5.52207197313581e-05, 'D_high': 633.1166646948959, 'fire_exp': 1.0629462657398439, 'P_half': 140.74279366401683, 'pre_dampen_half': 552.4163637315892, 'gpp_af': 6.0369370109848575, 'gpp_b': 0.0325181766809307, 'gpp_d': 10.369565216756202, 'ign_k': 0.0680787482656459, 'ign_c': 11.400863701127316, 'trop_agb_crit': 1.0903028125370984, 'trop_k_veg': 0.6673124511410327}.
[I 2026-08-06 10:27:50,715] Trial 847 finished with values: [10.16655398830343, 10.16655398830343] and parameters: {'k1': 0.004312951023617458, 'D_low': 1112.9571947046009, 'k2': 1.915468390724633e-05, 'D_high': 15351.441568398131, 'fire_exp': 1.1174086754605184, 'P_half': 24.563265188276052, 'pre_dampen_half': 502.5175192217655, 'gpp_af': 1.965797948502807, 'gpp_b': 0.0021331409710300844, 'gpp_d': 10.369565216756202, 'ign_k': 0.0680787482656459, 'ign_c': 11.400863701127316, 'trop_agb_crit': 2.1861040860339416, 'trop_k_veg': 2.194427136482602}.
[I 2026-08-06 10:27:52,013] Trial 848 finished with values: [10.055298235104045, 10.055298235104045] and parameters: {'k1': 0.008912611835817005, 'D_low': 4.484744524732794, 'k2': 0.00012492307509390826, 'D_high': 15351.441568398131, 'fire_exp': 1.1430983876313219, 'P_half': 220.3445560633069, 'pre_dampen_half': 502.5175192217655, 'gpp_af': 5.335773317316405, 'gpp_b': 0.14577755664212386, 'gpp_d': 10.369565216756202, 'ign_k': 3.589155871450839, 'ign_c': 15.221840161091626, 'trop_agb_crit': 1.0455434848969813, 'trop_k_veg': 0.6231612697298179}.
[I 2026-08-06 10:27:53,293] Trial 849 finished with values: [10.765437473072144, 10.765437473072144] and parameters: {'k1': 0.00488137519160367, 'D_low': 2.143851363193517, 'k2': 5.52207197313581e-05, 'D_high': 985.7545621889059, 'fire_exp': 4.622870465147425, 'P_half': 140.74279366401683, 'pre_dampen_half': 502.5175192217655, 'gpp_af': 9.489641456368314, 'gpp_b': 0.0021331409710300844, 'gpp_d': 4.25060659305504, 'ign_k': 2.9818972317055166, 'ign_c': 15.221840161091626, 'trop_agb_crit': 1.0455434848969813, 'trop_k_veg': 2.573214588078609}.
[I 2026-08-06 10:27:54,526] Trial 850 finished with values: [10.753721885512043, 10.753721885512043] and parameters: {'k1': 0.008912611835817005, 'D_low': 4.484744524732794, 'k2': 0.03538758864779238, 'D_high': 11832.967057468773, 'fire_exp': 8.456250107826923, 'P_half': 5.076307782729897, 'pre_dampen_half': 502.5175192217655, 'gpp_af': 0.7539992074650279, 'gpp_b': 0.14577755664212386, 'gpp_d': 16.460426816350523, 'ign_k': 0.0680787482656459, 'ign_c': 5.13055176058983, 'trop_agb_crit': 2.2212365258224223, 'trop_k_veg': 3.1473758868965476}.
[I 2026-08-06 10:27:55,791] Trial 851 finished with values: [10.730503848436536, 10.730503848436536] and parameters: {'k1': 0.004312951023617458, 'D_low': 1112.9571947046009, 'k2': 0.0027015957920129437, 'D_high': 8182.111518618414, 'fire_exp': 1.0629462657398439, 'P_half': 140.74279366401683, 'pre_dampen_half': 0.9921551226341601, 'gpp_af': 0.7539992074650279, 'gpp_b': 3.481277316673104e-05, 'gpp_d': 150.14555442537656, 'ign_k': 0.21006485619596416, 'ign_c': 11.400863701127316, 'trop_agb_crit': 1.0455434848969813, 'trop_k_veg': 3.1473758868965476}.
[I 2026-08-06 10:27:57,045] Trial 852 finished with values: [-0.5470977446105696, 0.07064226489669634] and parameters: {'k1': 0.008912611835817005, 'D_low': 4.484744524732794, 'k2': 5.52207197313581e-05, 'D_high': 985.7545621889059, 'fire_exp': 1.0629462657398439, 'P_half': 140.74279366401683, 'pre_dampen_half': 552.4163637315892, 'gpp_af': 1.9706963379095486, 'gpp_b': 0.0325181766809307, 'gpp_d': 4.25060659305504, 'ign_k': 2.9818972317055166, 'ign_c': 11.400863701127316, 'trop_agb_crit': 1.0903028125370984, 'trop_k_veg': 0.6673124511410327}.
[I 2026-08-06 10:27:58,287] Trial 853 finished with values: [-0.5110691762590333, 0.054399798116612996] and parameters: {'k1': 0.008912611835817005, 'D_low': 4.484744524732794, 'k2': 0.0003432139136241583, 'D_high': 3712.591045287726, 'fire_exp': 1.0629462657398439, 'P_half': 220.3445560633069, 'pre_dampen_half': 552.4163637315892, 'gpp_af': 0.7539992074650279, 'gpp_b': 0.14577755664212386, 'gpp_d': 16.460426816350523, 'ign_k': 3.589155871450839, 'ign_c': 15.221840161091626, 'trop_agb_crit': 1.0455434848969813, 'trop_k_veg': 2.194427136482602}.
[I 2026-08-06 10:27:59,505] Trial 854 finished with values: [10.135849392671675, 10.135849392671675] and parameters: {'k1': 0.008912611835817005, 'D_low': 4.484744524732794, 'k2': 0.03538758864779238, 'D_high': 11832.967057468773, 'fire_exp': 1.0629462657398439, 'P_half': 4.070652723469727, 'pre_dampen_half': 552.4163637315892, 'gpp_af': 0.7539992074650279, 'gpp_b': 0.14577755664212386, 'gpp_d': 16.460426816350523, 'ign_k': 3.589155871450839, 'ign_c': 15.221840161091626, 'trop_agb_crit': 24.584290528289387, 'trop_k_veg': 2.194427136482602}.
[I 2026-08-06 10:28:00,836] Trial 855 finished with values: [10.769230697189338, 10.769230697189338] and parameters: {'k1': 0.008912611835817005, 'D_low': 9331.125028918148, 'k2': 5.52207197313581e-05, 'D_high': 15351.441568398131, 'fire_exp': 1.0629462657398439, 'P_half': 140.74279366401683, 'pre_dampen_half': 502.5175192217655, 'gpp_af': 0.7539992074650279, 'gpp_b': 0.14577755664212386, 'gpp_d': 4.25060659305504, 'ign_k': 3.589155871450839, 'ign_c': 11.400863701127316, 'trop_agb_crit': 1.0455434848969813, 'trop_k_veg': 2.194427136482602}.
[I 2026-08-06 10:28:02,250] Trial 856 finished with values: [10.769230768838547, 10.769230768838547] and parameters: {'k1': 0.008912611835817005, 'D_low': 355.00125258511594, 'k2': 0.03538758864779238, 'D_high': 11832.967057468773, 'fire_exp': 1.3170256885255098, 'P_half': 5.076307782729897, 'pre_dampen_half': 63.6685916079943, 'gpp_af': 0.6403036652671171, 'gpp_b': 0.006906522645653115, 'gpp_d': 2.944272359149677, 'ign_k': 0.21006485619596416, 'ign_c': 510.5095511029523, 'trop_agb_crit': 1.0903028125370984, 'trop_k_veg': 3.1473758868965476}.
[I 2026-08-06 10:28:03,836] Trial 857 finished with values: [10.767074064823616, 10.767074064823616] and parameters: {'k1': 0.008912611835817005, 'D_low': 4.484744524732794, 'k2': 1.915468390724633e-05, 'D_high': 1493.5213816355397, 'fire_exp': 3.4670262533916887, 'P_half': 220.3445560633069, 'pre_dampen_half': 162.24318817519642, 'gpp_af': 0.7539992074650279, 'gpp_b': 0.14577755664212386, 'gpp_d': 16.460426816350523, 'ign_k': 0.0680787482656459, 'ign_c': 15.221840161091626, 'trop_agb_crit': 1.0903028125370984, 'trop_k_veg': 0.6673124511410327}.
[I 2026-08-06 10:28:05,023] Trial 858 finished with values: [10.97029200750152, 10.97029200750152] and parameters: {'k1': 0.004312951023617458, 'D_low': 4.484744524732794, 'k2': 0.03538758864779238, 'D_high': 3712.591045287726, 'fire_exp': 1.1263716762638152, 'P_half': 220.3445560633069, 'pre_dampen_half': 552.4163637315892, 'gpp_af': 1.965797948502807, 'gpp_b': 0.0021331409710300844, 'gpp_d': 16.460426816350523, 'ign_k': 0.0680787482656459, 'ign_c': 12.129193069150809, 'trop_agb_crit': 24.584290528289387, 'trop_k_veg': 0.6743482387129308}.
