[I 2026-08-20 00:43:03,081] Trial 1024 finished with value: 0.6207179645640871 and parameters: {'k1': 0.0002656399909380331, 'D_low': 3645.958890189917, 'k2': 0.0384590517124726, 'D_high': 6095339.433482553, 'fire_exp': 3.511033192908267, 'P_half': 305.545329523649, 'pre_dampen_half': 426.8849734051078, 'gpp_af': 0.0037155252923529733, 'gpp_b': 0.0037438576261045542, 'gpp_d': 0.8552640992937849, 'ign_k': 0.07273191323061849, 'ign_c': 8.390041400667988, 'trop_agb_crit': 11.187253093334048, 'trop_k_veg': 6.287434243761843, 'pop_amp': 0.6653909193269514, 'pop_peak': 1.3032971899936276, 'pop_sig': 1.6087598169974644}. Best is trial 274 with value: -0.604910391627968.
[I 2026-08-20 00:43:04,947] Trial 1025 finished with value: 0.6445374145881376 and parameters: {'k1': 0.01678114047065792, 'D_low': 1266.4204679825446, 'k2': 0.01147663937449178, 'D_high': 1027983.6864926479, 'fire_exp': 5.713299592709325, 'P_half': 146.935947444847, 'pre_dampen_half': 240.7674962511055, 'gpp_af': 0.2363258465622681, 'gpp_b': 0.0024979915081012665, 'gpp_d': 135.13936738550152, 'ign_k': 2.203870378179438, 'ign_c': 116.2854282030973, 'trop_agb_crit': 8.105320119236797, 'trop_k_veg': 1.490981181464283, 'pop_amp': 0.015472335729887099, 'pop_peak': 0.22406715668864313, 'pop_sig': 0.8109933378642799}. Best is trial 274 with value: -0.604910391627968.
[I 2026-08-20 00:43:06,845] Trial 1026 finished with value: 0.4557216066738643 and parameters: {'k1': 0.0013091099104776762, 'D_low': 1.763754234804567, 'k2': 0.0021069496115583924, 'D_high': 5261335.04426092, 'fire_exp': 1.4039896461718016, 'P_half': 428.6562494706762, 'pre_dampen_half': 157.51196575031585, 'gpp_af': 0.0755524264162321, 'gpp_b': 2.7055458319656645e-05, 'gpp_d': 0.10104128833635811, 'ign_k': 7.072928197893568, 'ign_c': 1.527256999920427, 'trop_agb_crit': 16.062935431560767, 'trop_k_veg': 4.315252561906421, 'pop_amp': 0.0015812649082566825, 'pop_peak': 15.084858366695693, 'pop_sig': 1.4687887271851603}. Best is trial 274 with value: -0.604910391627968.
[I 2026-08-20 00:43:08,699] Trial 1027 finished with value: 0.4854303614918558 and parameters: {'k1': 0.0019498371367061968, 'D_low': 791.4369687858816, 'k2': 0.012683741320200097, 'D_high': 1754800.1799810594, 'fire_exp': 4.686980881406874, 'P_half': 8.945478207010233, 'pre_dampen_half': 172.94451641583944, 'gpp_af': 0.666913468436876, 'gpp_b': 0.0006511731581170689, 'gpp_d': 370.32302906403027, 'ign_k': 7.883253731046547, 'ign_c': 1.2117406399406483, 'trop_agb_crit': 12.795944203268407, 'trop_k_veg': 0.9921763848452378, 'pop_amp': 0.7957484068891172, 'pop_peak': 0.0648489189538109, 'pop_sig': 0.44890137642742123}. Best is trial 274 with value: -0.604910391627968.
[I 2026-08-20 00:43:10,588] Trial 1028 finished with value: -0.5018971240584778 and parameters: {'k1': 0.027764441569783343, 'D_low': 4120.632834414109, 'k2': 0.005140253902402566, 'D_high': 2791528.753533987, 'fire_exp': 4.013489895968636, 'P_half': 8.062162374643618, 'pre_dampen_half': 0.9811745570501971, 'gpp_af': 0.20986238283839337, 'gpp_b': 1.4578984573563661e-05, 'gpp_d': 0.22205805667490727, 'ign_k': 7.855958516291983, 'ign_c': 17.588246658255795, 'trop_agb_crit': 1.17833033269387, 'trop_k_veg': 6.7219284842872, 'pop_amp': 4.490669059705726, 'pop_peak': 5.787415631922123, 'pop_sig': 0.40462511323930683}. Best is trial 274 with value: -0.604910391627968.
[I 2026-08-20 00:43:12,636] Trial 1029 finished with value: 0.43853453889134686 and parameters: {'k1': 0.0013646384689717554, 'D_low': 2304.918453098911, 'k2': 0.0009405735994558395, 'D_high': 1599182.6552643094, 'fire_exp': 5.224953454695408, 'P_half': 12.829151165990043, 'pre_dampen_half': 199.4478744501242, 'gpp_af': 0.7265608202512673, 'gpp_b': 0.006604295072831219, 'gpp_d': 755.8603992785464, 'ign_k': 0.7106711898237837, 'ign_c': 2.901485896786922, 'trop_agb_crit': 23.319994042816987, 'trop_k_veg': 1.2926896757854203, 'pop_amp': 0.04042366204496122, 'pop_peak': 0.7898170579808613, 'pop_sig': 0.6940187459683291}. Best is trial 274 with value: -0.604910391627968.
[I 2026-08-20 00:43:14,469] Trial 1030 finished with value: 0.5606077715983073 and parameters: {'k1': 0.0028678919829220346, 'D_low': 1380.7110405563774, 'k2': 0.007837378237329504, 'D_high': 8791192.913290538, 'fire_exp': 1.4674120436832347, 'P_half': 165.2256006493387, 'pre_dampen_half': 0.022700083489904287, 'gpp_af': 0.0010364175598942895, 'gpp_b': 0.0005387093075327821, 'gpp_d': 0.7281021716893628, 'ign_k': 0.2651236578743958, 'ign_c': 0.3298485316462226, 'trop_agb_crit': 1.2353713883771158, 'trop_k_veg': 2.5171584554541915, 'pop_amp': 1.5342214296238526, 'pop_peak': 13.703409380703564, 'pop_sig': 0.2945692168514823}. Best is trial 274 with value: -0.604910391627968.
[I 2026-08-20 00:43:16,345] Trial 1031 finished with value: 0.5965225337254764 and parameters: {'k1': 0.04988494998865764, 'D_low': 7855.650930801238, 'k2': 0.09800195154391546, 'D_high': 23771.805666867785, 'fire_exp': 2.617212337887464, 'P_half': 35.370713164618415, 'pre_dampen_half': 2.8741682100266006, 'gpp_af': 0.049089545748993935, 'gpp_b': 0.016394084580989204, 'gpp_d': 0.06883426818192405, 'ign_k': 0.08573562815862812, 'ign_c': 13.31046387466053, 'trop_agb_crit': 1.6019916762847224, 'trop_k_veg': 5.838104758811375, 'pop_amp': 0.273324137556607, 'pop_peak': 2.5798280049137623, 'pop_sig': 0.2946785972306882}. Best is trial 274 with value: -0.604910391627968.
[I 2026-08-20 00:43:18,196] Trial 1032 finished with value: 0.6445374145881376 and parameters: {'k1': 0.01264146484936225, 'D_low': 2110.4455830389597, 'k2': 0.01542350400591825, 'D_high': 121609.06028314753, 'fire_exp': 3.535868315258709, 'P_half': 135.33230759286425, 'pre_dampen_half': 1.4256003787181661, 'gpp_af': 0.5647333375004331, 'gpp_b': 0.002255111392781203, 'gpp_d': 0.30559864277638316, 'ign_k': 2.6374869696983096, 'ign_c': 47.71437629892651, 'trop_agb_crit': 2.3919661071413185, 'trop_k_veg': 4.622561990598302, 'pop_amp': 14.590044643392282, 'pop_peak': 0.0887577063625598, 'pop_sig': 0.40508856599871723}. Best is trial 274 with value: -0.604910391627968.
[I 2026-08-20 00:43:20,029] Trial 1033 finished with value: 0.6445374145881376 and parameters: {'k1': 0.02364374234561958, 'D_low': 88132.31619460069, 'k2': 0.005015835624856756, 'D_high': 69193.57279145908, 'fire_exp': 2.6462559623327615, 'P_half': 7.179419847856439, 'pre_dampen_half': 2.079994534515396, 'gpp_af': 0.005466576120226649, 'gpp_b': 0.0017501471609384417, 'gpp_d': 0.7347100642450664, 'ign_k': 3.1988384113647674, 'ign_c': 2.8918262383089486, 'trop_agb_crit': 1.5060821730574514, 'trop_k_veg': 4.372146386597768, 'pop_amp': 0.7889537527862207, 'pop_peak': 21.709403077016997, 'pop_sig': 0.6518017891972258}. Best is trial 274 with value: -0.604910391627968.
[I 2026-08-20 00:43:21,885] Trial 1034 finished with value: 0.4849694747728137 and parameters: {'k1': 0.06275897246759074, 'D_low': 10823.270814618956, 'k2': 0.01683899575724363, 'D_high': 6006185.820952598, 'fire_exp': 1.9878089311695541, 'P_half': 5.779127031502447, 'pre_dampen_half': 2.414192421791431, 'gpp_af': 1.0267999845232016, 'gpp_b': 0.0029154041244659487, 'gpp_d': 6.652952038270382, 'ign_k': 0.5220692708902526, 'ign_c': 0.5323080499291134, 'trop_agb_crit': 1.2769110554285759, 'trop_k_veg': 3.75521562750534, 'pop_amp': 4.842856637922704, 'pop_peak': 0.6119493454807322, 'pop_sig': 0.4474363560017583}. Best is trial 274 with value: -0.604910391627968.
[I 2026-08-20 00:43:23,772] Trial 1035 finished with value: 0.41849145397379606 and parameters: {'k1': 0.0037280037079641575, 'D_low': 27.46853752175248, 'k2': 0.004890715054206667, 'D_high': 8715556.59106341, 'fire_exp': 1.6146207744983427, 'P_half': 118.0903350906321, 'pre_dampen_half': 0.04579391720064478, 'gpp_af': 0.12151291139910851, 'gpp_b': 0.0018029958112864648, 'gpp_d': 0.18579979781473333, 'ign_k': 0.10810596407864743, 'ign_c': 1.9190063673397078, 'trop_agb_crit': 2.9546713209717312, 'trop_k_veg': 3.538326108825741, 'pop_amp': 14.812292831987639, 'pop_peak': 4.339099156417269, 'pop_sig': 0.4951956130943359}. Best is trial 274 with value: -0.604910391627968.
[I 2026-08-20 00:43:25,616] Trial 1036 finished with value: -0.5858291654463847 and parameters: {'k1': 2.1344223268777423e-05, 'D_low': 4.146508751491347, 'k2': 0.0060392119805616346, 'D_high': 9308718.869959125, 'fire_exp': 1.9961364262628758, 'P_half': 327.7353278297803, 'pre_dampen_half': 1.721521456486981, 'gpp_af': 0.010558796838340259, 'gpp_b': 0.006949039428455649, 'gpp_d': 0.37045453400706113, 'ign_k': 4.860257432635614, 'ign_c': 0.5370099000336922, 'trop_agb_crit': 4.600109650875929, 'trop_k_veg': 5.861006498415828, 'pop_amp': 15.928349003072755, 'pop_peak': 4.500542453089657, 'pop_sig': 2.0158654085011043}. Best is trial 274 with value: -0.604910391627968.
[I 2026-08-20 00:43:27,516] Trial 1037 finished with value: 0.43546745526242936 and parameters: {'k1': 6.17948192814555e-05, 'D_low': 18.22218288348375, 'k2': 0.004802030124300531, 'D_high': 4974653.345987357, 'fire_exp': 1.0986773243598242, 'P_half': 425.0140566792637, 'pre_dampen_half': 0.15547624058220413, 'gpp_af': 0.039813694981746466, 'gpp_b': 0.06212409565061324, 'gpp_d': 0.7090002477042748, 'ign_k': 1.1303924620744543, 'ign_c': 0.1437807581025164, 'trop_agb_crit': 19.190544979332536, 'trop_k_veg': 5.480330738362603, 'pop_amp': 9.548411805726374, 'pop_peak': 14.388819437423658, 'pop_sig': 1.8796685026734856}. Best is trial 274 with value: -0.604910391627968.
[I 2026-08-20 00:43:29,353] Trial 1038 finished with value: 0.5369788190365345 and parameters: {'k1': 0.0008402727268189245, 'D_low': 4045.914098289077, 'k2': 0.0033046286648937525, 'D_high': 653904.3860561486, 'fire_exp': 1.3628637164197572, 'P_half': 1751.8992229080663, 'pre_dampen_half': 7.217199848378602, 'gpp_af': 0.016661240368269187, 'gpp_b': 0.0012609542162355214, 'gpp_d': 0.023016701902623286, 'ign_k': 8.067955855755722, 'ign_c': 0.32336037284131586, 'trop_agb_crit': 1.2112949036986147, 'trop_k_veg': 6.824145503075337, 'pop_amp': 2.3766363934489516, 'pop_peak': 1.9685401777166807, 'pop_sig': 0.663229291748868}. Best is trial 274 with value: -0.604910391627968.
[I 2026-08-20 00:43:31,196] Trial 1039 finished with value: 0.4447240383539868 and parameters: {'k1': 1.6356270689484977e-05, 'D_low': 1.0215403814751614, 'k2': 0.0408160195810344, 'D_high': 9757511.096165013, 'fire_exp': 2.3407262753904803, 'P_half': 523.9862374278448, 'pre_dampen_half': 1.251823006386304, 'gpp_af': 0.00781254897274588, 'gpp_b': 0.0005365858356411704, 'gpp_d': 3.716144118954318, 'ign_k': 3.9991903584845683, 'ign_c': 0.5062039531852247, 'trop_agb_crit': 7.980111211711803, 'trop_k_veg': 6.567879057564044, 'pop_amp': 7.860307801616877, 'pop_peak': 10.816312115310165, 'pop_sig': 1.779248623601431}. Best is trial 274 with value: -0.604910391627968.
[I 2026-08-20 00:43:33,347] Trial 1040 finished with value: 0.549881544829386 and parameters: {'k1': 2.2931878240035306e-05, 'D_low': 50.85760363562767, 'k2': 0.012251283749292055, 'D_high': 1166862.482001765, 'fire_exp': 1.734842817545523, 'P_half': 139.70134503303598, 'pre_dampen_half': 0.6531718570653036, 'gpp_af': 0.01174421694603784, 'gpp_b': 0.033354726983068496, 'gpp_d': 0.4490962286818852, 'ign_k': 8.997481777323415, 'ign_c': 1.6788799264502396, 'trop_agb_crit': 4.687948549718596, 'trop_k_veg': 4.378877125642262, 'pop_amp': 11.633975074174446, 'pop_peak': 17.389430384788753, 'pop_sig': 1.5740130061104247}. Best is trial 274 with value: -0.604910391627968.
[I 2026-08-20 00:43:35,175] Trial 1041 finished with value: 0.44270905890414525 and parameters: {'k1': 0.00010696092686099212, 'D_low': 4.124561400941465, 'k2': 0.00041036934260595446, 'D_high': 199916.46535484047, 'fire_exp': 1.681401057163993, 'P_half': 206.13039261312088, 'pre_dampen_half': 1.1090904319738821, 'gpp_af': 0.042243708984638, 'gpp_b': 0.0005233583340664043, 'gpp_d': 0.07217870423700788, 'ign_k': 2.148756516262303, 'ign_c': 2.4928345863538337, 'trop_agb_crit': 8.692372753288693, 'trop_k_veg': 6.09569686115738, 'pop_amp': 6.135558839900317, 'pop_peak': 1.6142739246959195, 'pop_sig': 2.098014021389422}. Best is trial 274 with value: -0.604910391627968.
[I 2026-08-20 00:43:37,064] Trial 1042 finished with value: 0.5469842153014496 and parameters: {'k1': 0.08413081747384678, 'D_low': 1094.7574377080286, 'k2': 0.0440398774209937, 'D_high': 20699.10499938234, 'fire_exp': 2.8973150972905324, 'P_half': 87.66322166912272, 'pre_dampen_half': 3.6422049184718768, 'gpp_af': 0.0151099832832766, 'gpp_b': 0.0018787087263386882, 'gpp_d': 4.967838875202751, 'ign_k': 9.903285849557657, 'ign_c': 8.675712440753022, 'trop_agb_crit': 1.345554596136625, 'trop_k_veg': 6.724207724757319, 'pop_amp': 0.12424473132634017, 'pop_peak': 2.6446412668739474, 'pop_sig': 0.3285639561980554}. Best is trial 274 with value: -0.604910391627968.
[I 2026-08-20 00:43:38,930] Trial 1043 finished with value: 0.504053937891588 and parameters: {'k1': 0.008167764013176006, 'D_low': 32.072022234764674, 'k2': 0.026468903927679272, 'D_high': 9666111.657787107, 'fire_exp': 1.6106473512563046, 'P_half': 9.427606119150909, 'pre_dampen_half': 0.1054355683409827, 'gpp_af': 0.0020133619791515857, 'gpp_b': 0.000409347176241217, 'gpp_d': 0.9641566439537242, 'ign_k': 0.48310974399296647, 'ign_c': 2.856425841593586, 'trop_agb_crit': 3.3416670721821253, 'trop_k_veg': 4.647846999371781, 'pop_amp': 2.3133219743936975, 'pop_peak': 629.66517844129, 'pop_sig': 0.6737074265549426}. Best is trial 274 with value: -0.604910391627968.
[I 2026-08-20 00:43:40,843] Trial 1044 finished with value: 0.4373942684731742 and parameters: {'k1': 0.08848307789438696, 'D_low': 1705.0343024180463, 'k2': 0.09080227984122906, 'D_high': 1401289.4660507664, 'fire_exp': 3.377611942144086, 'P_half': 25.227104619912954, 'pre_dampen_half': 5.12612479991021, 'gpp_af': 0.0075514607175349215, 'gpp_b': 0.00018670196599499626, 'gpp_d': 14.611440087946937, 'ign_k': 0.16779355683192274, 'ign_c': 7.826756570190747, 'trop_agb_crit': 4.506727359198985, 'trop_k_veg': 5.600102508139391, 'pop_amp': 2.567719190407617, 'pop_peak': 0.5334640119379311, 'pop_sig': 0.30772382851347807}. Best is trial 274 with value: -0.604910391627968.
[I 2026-08-20 00:43:42,728] Trial 1045 finished with value: 0.6389510800246857 and parameters: {'k1': 0.0004418440968155936, 'D_low': 213667.79294527843, 'k2': 0.025546964931256137, 'D_high': 200607.63624471877, 'fire_exp': 2.073228996930616, 'P_half': 7.201116624045198, 'pre_dampen_half': 4.424239697956286, 'gpp_af': 0.008282709428981757, 'gpp_b': 1.333968935869534e-05, 'gpp_d': 0.32346596723080817, 'ign_k': 0.42004074959533577, 'ign_c': 0.14804075418350934, 'trop_agb_crit': 2.8042612929603066, 'trop_k_veg': 6.416475319827986, 'pop_amp': 0.03587169784201549, 'pop_peak': 0.5249581392886686, 'pop_sig': 0.517626639862063}. Best is trial 274 with value: -0.604910391627968.
[I 2026-08-20 00:43:44,566] Trial 1046 finished with value: 0.4557265265412076 and parameters: {'k1': 0.0002492738388322351, 'D_low': 22890.622685700764, 'k2': 0.09890767563574743, 'D_high': 263922.33664620435, 'fire_exp': 1.6954553010550935, 'P_half': 1.5719715568240937, 'pre_dampen_half': 10.56650165444687, 'gpp_af': 0.0014265632040833822, 'gpp_b': 3.875702350562103e-05, 'gpp_d': 0.34352637356967985, 'ign_k': 1.0745266612579956, 'ign_c': 6.0426947526031505, 'trop_agb_crit': 5.113228880410659, 'trop_k_veg': 5.976754267296071, 'pop_amp': 0.12245596965204607, 'pop_peak': 1.5412091243003259, 'pop_sig': 1.0647660654725042}. Best is trial 274 with value: -0.604910391627968.
[I 2026-08-20 00:43:46,427] Trial 1047 finished with value: 0.4951816182412798 and parameters: {'k1': 7.806531691391569e-05, 'D_low': 12.098651445808724, 'k2': 0.006476388406666731, 'D_high': 2706490.81266539, 'fire_exp': 1.024757148189219, 'P_half': 30.093531339987944, 'pre_dampen_half': 0.15841975857681606, 'gpp_af': 0.013115123188606552, 'gpp_b': 0.00047836190656328035, 'gpp_d': 0.07745672740137076, 'ign_k': 2.853077948288564, 'ign_c': 5.997119641064101, 'trop_agb_crit': 6.301751105618809, 'trop_k_veg': 6.2881456701116205, 'pop_amp': 0.1639289520052302, 'pop_peak': 0.12301103697301179, 'pop_sig': 0.47818300358501725}. Best is trial 274 with value: -0.604910391627968.
[I 2026-08-20 00:43:48,387] Trial 1048 finished with value: 0.6445374145881376 and parameters: {'k1': 2.309890874166396e-05, 'D_low': 9771.464478273534, 'k2': 0.00072702842440198, 'D_high': 19735.427553175185, 'fire_exp': 2.924271662357954, 'P_half': 344.2196841215759, 'pre_dampen_half': 35.871672061107596, 'gpp_af': 0.045078075293560164, 'gpp_b': 0.00016992803144061266, 'gpp_d': 1.411149902537389, 'ign_k': 0.11927333513615494, 'ign_c': 217.82405509394906, 'trop_agb_crit': 17.806986029752817, 'trop_k_veg': 5.113957983289058, 'pop_amp': 0.02118452241315223, 'pop_peak': 0.07978565981492562, 'pop_sig': 0.8564713405689114}. Best is trial 274 with value: -0.604910391627968.
[I 2026-08-20 00:43:50,264] Trial 1049 finished with value: -0.5799480382329677 and parameters: {'k1': 0.07136971829180122, 'D_low': 1612.7095372797385, 'k2': 0.03476743201990226, 'D_high': 300367.83811137686, 'fire_exp': 2.860475405339576, 'P_half': 1.2909551886299961, 'pre_dampen_half': 0.8122409358894694, 'gpp_af': 0.07446061174302673, 'gpp_b': 0.00020955698183706771, 'gpp_d': 0.27548848129361064, 'ign_k': 0.653873914227997, 'ign_c': 7.770022849606194, 'trop_agb_crit': 3.1208059033019553, 'trop_k_veg': 6.718107758677135, 'pop_amp': 2.4629138575453458, 'pop_peak': 1.9015404616235592, 'pop_sig': 0.8711418263974873}. Best is trial 274 with value: -0.604910391627968.
[I 2026-08-20 00:43:52,113] Trial 1050 finished with value: 0.5766486636137756 and parameters: {'k1': 2.8587111758919653e-05, 'D_low': 11.876085947378392, 'k2': 0.0018042237579251547, 'D_high': 241931.29869693614, 'fire_exp': 1.8342913471685152, 'P_half': 6246.278022948666, 'pre_dampen_half': 1.5710514818615653, 'gpp_af': 0.031441411454312444, 'gpp_b': 0.0025941646270046716, 'gpp_d': 0.03775622527130154, 'ign_k': 3.542802403035376, 'ign_c': 0.21497231159578692, 'trop_agb_crit': 2.074066876746565, 'trop_k_veg': 5.825732631699442, 'pop_amp': 0.4594598117474028, 'pop_peak': 0.18627626777816536, 'pop_sig': 1.2860348633466785}. Best is trial 274 with value: -0.604910391627968.
[I 2026-08-20 00:43:54,251] Trial 1051 finished with value: -0.5586263495167929 and parameters: {'k1': 0.0017361446197022411, 'D_low': 313.6807374382099, 'k2': 0.01754563288364174, 'D_high': 3171139.415684576, 'fire_exp': 2.503356321641598, 'P_half': 6.970305386152558, 'pre_dampen_half': 5.63569529649027, 'gpp_af': 0.0010991370130344611, 'gpp_b': 0.00019733746506227188, 'gpp_d': 2.0705152289414626, 'ign_k': 7.419056818403068, 'ign_c': 2.0500432170844554, 'trop_agb_crit': 2.1511295365992575, 'trop_k_veg': 2.9764919027016057, 'pop_amp': 0.4824495935564106, 'pop_peak': 2.863599220035764, 'pop_sig': 0.446108059634836}. Best is trial 274 with value: -0.604910391627968.
[I 2026-08-20 00:43:56,140] Trial 1052 finished with value: 0.43912449926735 and parameters: {'k1': 0.0137225256254023, 'D_low': 247.23433615555592, 'k2': 0.00887253540286877, 'D_high': 97228.82501240981, 'fire_exp': 1.721450749026776, 'P_half': 6.242627921913549, 'pre_dampen_half': 0.13188401011489742, 'gpp_af': 0.03453530317634784, 'gpp_b': 0.003501848896066363, 'gpp_d': 0.2453365011873863, 'ign_k': 0.5336065050358159, 'ign_c': 2.304472995151633, 'trop_agb_crit': 1.9564590495058425, 'trop_k_veg': 6.412855557888673, 'pop_amp': 2.6395904199788958, 'pop_peak': 3.707916539023483, 'pop_sig': 1.2163994528198727}. Best is trial 274 with value: -0.604910391627968.
[I 2026-08-20 00:43:58,025] Trial 1053 finished with value: 0.5277793336350872 and parameters: {'k1': 0.052261101533997385, 'D_low': 5625.748831103255, 'k2': 0.022763656269567726, 'D_high': 54854.51677057816, 'fire_exp': 2.395366457281902, 'P_half': 1.2165853527858392, 'pre_dampen_half': 0.15945728533263495, 'gpp_af': 8.516821480945577, 'gpp_b': 3.6562808918924384e-05, 'gpp_d': 0.48746943783606783, 'ign_k': 1.4108629812083704, 'ign_c': 5.551111670086656, 'trop_agb_crit': 2.8517045491825503, 'trop_k_veg': 4.0743543358395025, 'pop_amp': 3.3324803471735596, 'pop_peak': 7.5955587613031215, 'pop_sig': 0.6498292871441089}. Best is trial 274 with value: -0.604910391627968.
[I 2026-08-20 00:43:59,997] Trial 1054 finished with value: 0.4753789407067801 and parameters: {'k1': 0.04409210490113229, 'D_low': 20974.10126615872, 'k2': 0.04824096426126957, 'D_high': 809804.2121759511, 'fire_exp': 4.4487767587220235, 'P_half': 12.473220648149356, 'pre_dampen_half': 0.7613673002048729, 'gpp_af': 0.012451109489941771, 'gpp_b': 0.0004220198832889683, 'gpp_d': 2.6995682198033624, 'ign_k': 3.026580368389943, 'ign_c': 11.747434811012962, 'trop_agb_crit': 1.5680364986838748, 'trop_k_veg': 3.6366108464806466, 'pop_amp': 7.294660517038245, 'pop_peak': 1.0889762085113226, 'pop_sig': 0.7949027913606087}. Best is trial 274 with value: -0.604910391627968.
[I 2026-08-20 00:44:02,337] Trial 1055 finished with value: 0.5820686940960063 and parameters: {'k1': 7.748226510044605e-05, 'D_low': 6.204562010655257, 'k2': 0.0015863133204912687, 'D_high': 6656748.202595796, 'fire_exp': 1.20190975540603, 'P_half': 922.4285176335284, 'pre_dampen_half': 2.0105359845426514, 'gpp_af': 0.0019185012143565498, 'gpp_b': 0.0259583670148259, 'gpp_d': 0.026681724924722146, 'ign_k': 1.34233626101904, 'ign_c': 0.47336281398317476, 'trop_agb_crit': 6.698118478496747, 'trop_k_veg': 5.160487261312208, 'pop_amp': 4.241919448943797, 'pop_peak': 3.760807279028983, 'pop_sig': 1.3381287542626878}. Best is trial 274 with value: -0.604910391627968.
