[I 2026-07-24 02:20:48,122] Trial 713 finished with value: 0.5343832874687976 and parameters: {'k1': 0.02329773990152742, 'D_low': 21199.785551020785, 'k2': 0.00303993142339048, 'D_high': 502959.71008381754, 'fire_exp': 1.668930130892003, 'P_half': 1.011999546974895, 'pre_dampen_half': 2.4705589518680666, 'gpp_af': 1.795345448560265, 'gpp_b': 0.17166360466131497, 'gpp_d': 6.005231835635694, 'ign_k': 0.5096589496356617, 'ign_c': 3.314215250738526, 'trop_agb_crit': 25.34701258920012, 'trop_k_veg': 0.7324044058198264, 'fuel_k': 1.0034656098957677, 'fuel_half': 1.162711403681642}. Best is trial 0 with value: -0.6070628323553574.
[I 2026-07-24 02:20:48,537] Trial 714 finished with value: 0.4529045479435656 and parameters: {'k1': 0.0031680848660968547, 'D_low': 58.97002652401049, 'k2': 0.00020215005523426788, 'D_high': 3819284.9788909685, 'fire_exp': 3.8437360664825557, 'P_half': 187.60682445981524, 'pre_dampen_half': 5.877633143164745, 'gpp_af': 1.1509224994681244, 'gpp_b': 0.0010815477713261362, 'gpp_d': 95.06845982840541, 'ign_k': 0.12043387972221337, 'ign_c': 0.4730274582378346, 'trop_agb_crit': 2.2593364906283373, 'trop_k_veg': 0.8165858352139925, 'fuel_k': 2.1721364971277457, 'fuel_half': 0.15659365809132583}. Best is trial 0 with value: -0.6070628323553574.
[I 2026-07-24 02:20:48,951] Trial 715 finished with value: -0.6014414263705494 and parameters: {'k1': 0.0017138934195431617, 'D_low': 231.23213824412633, 'k2': 0.0008517655921163422, 'D_high': 5171052.995846311, 'fire_exp': 8.677517667973648, 'P_half': 38.072326505936275, 'pre_dampen_half': 15.947885774331645, 'gpp_af': 0.09224966190920438, 'gpp_b': 4.5852696394764406e-05, 'gpp_d': 88.01092599317501, 'ign_k': 0.4876387766967156, 'ign_c': 0.5937914169665024, 'trop_agb_crit': 20.82510883668629, 'trop_k_veg': 1.5424146832663617, 'fuel_k': 0.6729875462324988, 'fuel_half': 0.1541788301740464}. Best is trial 0 with value: -0.6070628323553574.
[I 2026-07-24 02:20:49,369] Trial 716 finished with value: -0.5059057202663573 and parameters: {'k1': 0.0054255106856551235, 'D_low': 8.408584011090497, 'k2': 0.0007268973391195433, 'D_high': 1193956.4913519847, 'fire_exp': 1.6727999492821413, 'P_half': 13.803547713504555, 'pre_dampen_half': 8.062945876549668, 'gpp_af': 10.524294678329573, 'gpp_b': 0.007948392707553882, 'gpp_d': 2.0711469115395347, 'ign_k': 2.055877919970867, 'ign_c': 5.454640263231396, 'trop_agb_crit': 12.225323139898425, 'trop_k_veg': 0.5387144490367709, 'fuel_k': 0.2487418351826262, 'fuel_half': 0.5700268018560095}. Best is trial 0 with value: -0.6070628323553574.
[I 2026-07-24 02:20:49,796] Trial 717 finished with value: -0.48905677226867184 and parameters: {'k1': 0.003121083545283357, 'D_low': 96.20593242740794, 'k2': 0.00018336013082777023, 'D_high': 568240.2920887741, 'fire_exp': 1.43494454719259, 'P_half': 2.0801215155439925, 'pre_dampen_half': 1.030503469539696, 'gpp_af': 16.134537139240003, 'gpp_b': 0.009265792562234114, 'gpp_d': 1.12106744842102, 'ign_k': 0.40515480044805013, 'ign_c': 0.11833402120125971, 'trop_agb_crit': 5.9478331705943805, 'trop_k_veg': 1.591191583238069, 'fuel_k': 1.175414456587205, 'fuel_half': 0.13591839817045073}. Best is trial 0 with value: -0.6070628323553574.
[I 2026-07-24 02:20:50,213] Trial 718 finished with value: -0.5512773737116514 and parameters: {'k1': 0.003191761506788856, 'D_low': 312.02169662331437, 'k2': 2.2841948299052826e-05, 'D_high': 231417.00396185656, 'fire_exp': 5.5968806566663325, 'P_half': 105.2821152150118, 'pre_dampen_half': 33.14611161909157, 'gpp_af': 2.3023270098139514, 'gpp_b': 7.245172202079405e-05, 'gpp_d': 271.680780947763, 'ign_k': 0.46385396941970786, 'ign_c': 5.1489210721177034, 'trop_agb_crit': 18.960554361184734, 'trop_k_veg': 1.0399514850410345, 'fuel_k': 0.07672422292372323, 'fuel_half': 0.41463809556555914}. Best is trial 0 with value: -0.6070628323553574.
[I 2026-07-24 02:20:50,629] Trial 719 finished with value: 0.4755735796827627 and parameters: {'k1': 0.07622086774832422, 'D_low': 75.14764541810517, 'k2': 0.0021757575490418722, 'D_high': 6547149.035580791, 'fire_exp': 4.402753401345192, 'P_half': 171.50730772760997, 'pre_dampen_half': 31.74493539205757, 'gpp_af': 0.1375722324123785, 'gpp_b': 0.0025780727298236705, 'gpp_d': 15.668421669674755, 'ign_k': 1.2203441194055036, 'ign_c': 5.819209495111679, 'trop_agb_crit': 15.929749785061428, 'trop_k_veg': 0.6097893609088012, 'fuel_k': 0.6087942035089907, 'fuel_half': 4.826136964925989}. Best is trial 0 with value: -0.6070628323553574.
[I 2026-07-24 02:20:51,044] Trial 720 finished with value: 0.45594411617901187 and parameters: {'k1': 0.006529627012486468, 'D_low': 4307.680905219431, 'k2': 0.0002844803238159615, 'D_high': 1753333.7642822193, 'fire_exp': 6.706130984254906, 'P_half': 34.16599924997937, 'pre_dampen_half': 4.936448434610386, 'gpp_af': 0.030139423381291816, 'gpp_b': 6.108052660893921e-05, 'gpp_d': 384.2189393930763, 'ign_k': 1.072326981572895, 'ign_c': 1.211123445974565, 'trop_agb_crit': 9.119305329665485, 'trop_k_veg': 2.7863868744145783, 'fuel_k': 0.42696032519892524, 'fuel_half': 0.5637264359508812}. Best is trial 0 with value: -0.6070628323553574.
[I 2026-07-24 02:20:51,461] Trial 721 finished with value: 0.5540448827652351 and parameters: {'k1': 0.0011488433336083643, 'D_low': 73.90594889478099, 'k2': 0.0033113338491782118, 'D_high': 9456282.321031956, 'fire_exp': 1.7953632593448388, 'P_half': 1.0302412752687526, 'pre_dampen_half': 0.5653696990136808, 'gpp_af': 1.1364147147711077, 'gpp_b': 2.670503856149005, 'gpp_d': 176.22263851629273, 'ign_k': 3.7581287195715922, 'ign_c': 8.66511914724388, 'trop_agb_crit': 7.3285276709441645, 'trop_k_veg': 3.7517493659503787, 'fuel_k': 2.8722047931571253, 'fuel_half': 0.23027265102210956}. Best is trial 0 with value: -0.6070628323553574.
[I 2026-07-24 02:20:51,875] Trial 722 finished with value: 0.5482210412702261 and parameters: {'k1': 0.000445657374905733, 'D_low': 5888.007481643455, 'k2': 0.00013357205451546822, 'D_high': 734742.5501513256, 'fire_exp': 1.6193399102249733, 'P_half': 6.347108929047598, 'pre_dampen_half': 0.0103070630877319, 'gpp_af': 2.4021956984424713, 'gpp_b': 0.02931577679186387, 'gpp_d': 12.555497364641036, 'ign_k': 0.8911010904186428, 'ign_c': 0.10495837194754683, 'trop_agb_crit': 5.500168456739254, 'trop_k_veg': 1.0408513426854762, 'fuel_k': 1.0392383269431718, 'fuel_half': 2.5171267940461703}. Best is trial 0 with value: -0.6070628323553574.
[I 2026-07-24 02:20:52,298] Trial 723 finished with value: 0.45135657549547026 and parameters: {'k1': 0.00030235966875408123, 'D_low': 60.40281073479752, 'k2': 0.006542758662728163, 'D_high': 1545385.6845396438, 'fire_exp': 3.000846819952822, 'P_half': 58.5753490859044, 'pre_dampen_half': 573.7799728845954, 'gpp_af': 0.03272349424991687, 'gpp_b': 0.00014151851268994967, 'gpp_d': 0.09408401857481, 'ign_k': 6.207794578858673, 'ign_c': 6.152307094085128, 'trop_agb_crit': 11.545314031518, 'trop_k_veg': 0.5471097657655621, 'fuel_k': 2.48554491948485, 'fuel_half': 2.4616872041175415}. Best is trial 0 with value: -0.6070628323553574.
[I 2026-07-24 02:20:52,715] Trial 724 finished with value: 0.44773280309643915 and parameters: {'k1': 4.581284474739378e-05, 'D_low': 31.641187785998003, 'k2': 0.00022913327806220202, 'D_high': 802073.4191180842, 'fire_exp': 4.860117267452806, 'P_half': 7.190844152216118, 'pre_dampen_half': 707.2105272800379, 'gpp_af': 27.782552428769037, 'gpp_b': 0.0076793087102002945, 'gpp_d': 946.5039695726152, 'ign_k': 1.0985250681062828, 'ign_c': 7.823153400619776, 'trop_agb_crit': 17.25022980311513, 'trop_k_veg': 2.623276920584407, 'fuel_k': 0.07911878017102854, 'fuel_half': 0.9436625964638073}. Best is trial 0 with value: -0.6070628323553574.
[I 2026-07-24 02:20:53,128] Trial 725 finished with value: 0.589123764325197 and parameters: {'k1': 7.941808808213671e-05, 'D_low': 1975.1467913104743, 'k2': 0.0005169239427569129, 'D_high': 2915158.5042893845, 'fire_exp': 6.694587817145802, 'P_half': 32.16351819585784, 'pre_dampen_half': 19.434152204523237, 'gpp_af': 2.3062768866143943, 'gpp_b': 0.06244078283772371, 'gpp_d': 364.7763159287297, 'ign_k': 0.040570374363201746, 'ign_c': 21.95321706644087, 'trop_agb_crit': 10.354268479916152, 'trop_k_veg': 1.1651445076251687, 'fuel_k': 0.8708833350735805, 'fuel_half': 0.3116825271864151}. Best is trial 0 with value: -0.6070628323553574.
[I 2026-07-24 02:20:53,541] Trial 726 finished with value: 0.502623129854428 and parameters: {'k1': 0.0042106657091129625, 'D_low': 15.074504389844586, 'k2': 0.008493725163549423, 'D_high': 131249.09761006173, 'fire_exp': 2.110886535897166, 'P_half': 2382.2083949499615, 'pre_dampen_half': 174.47818328496237, 'gpp_af': 0.0645597157002305, 'gpp_b': 0.0005135413367957717, 'gpp_d': 457.5267394350143, 'ign_k': 9.761959015498611, 'ign_c': 9.02909199911207, 'trop_agb_crit': 19.461051221060753, 'trop_k_veg': 2.9497268827263095, 'fuel_k': 0.8532220074425094, 'fuel_half': 0.12864238823546592}. Best is trial 0 with value: -0.6070628323553574.
[I 2026-07-24 02:20:53,952] Trial 727 finished with value: -0.5541484573701807 and parameters: {'k1': 0.029344188430130546, 'D_low': 1.8414288748295544, 'k2': 9.12603633236766e-05, 'D_high': 121211.76141893238, 'fire_exp': 6.500489862755412, 'P_half': 7.178876201215507, 'pre_dampen_half': 3.4689316271656443, 'gpp_af': 0.6243474541534181, 'gpp_b': 0.00010271573533868326, 'gpp_d': 348.484563321615, 'ign_k': 0.22745600627635928, 'ign_c': 0.7113328955021874, 'trop_agb_crit': 28.903917738620528, 'trop_k_veg': 2.5116857023124597, 'fuel_k': 0.36785685498664733, 'fuel_half': 0.9057444297302197}. Best is trial 0 with value: -0.6070628323553574.
[I 2026-07-24 02:20:54,364] Trial 728 finished with value: 0.4948046638550828 and parameters: {'k1': 5.420445770160946e-05, 'D_low': 1124.7830100566332, 'k2': 0.0010515004966443599, 'D_high': 1059998.5905204641, 'fire_exp': 1.4448378269245552, 'P_half': 2.256199418499563, 'pre_dampen_half': 0.11851881485881205, 'gpp_af': 2.1586863290027494, 'gpp_b': 0.04451858675348954, 'gpp_d': 7.234681692651962, 'ign_k': 4.316594122276875, 'ign_c': 0.6560586322091432, 'trop_agb_crit': 2.9873189161305285, 'trop_k_veg': 1.5209342488647153, 'fuel_k': 1.3123165654306983, 'fuel_half': 0.33334249941904986}. Best is trial 0 with value: -0.6070628323553574.
[I 2026-07-24 02:20:54,780] Trial 729 finished with value: 0.48236351444565917 and parameters: {'k1': 0.002692883474425085, 'D_low': 286.40762431280564, 'k2': 0.013320711414400346, 'D_high': 3814568.384172081, 'fire_exp': 4.4269947945080315, 'P_half': 13.607987855770931, 'pre_dampen_half': 0.975767355125357, 'gpp_af': 0.03947618806254152, 'gpp_b': 0.0011118853451000464, 'gpp_d': 110.46195492762213, 'ign_k': 0.573422597460255, 'ign_c': 3.495069638571264, 'trop_agb_crit': 4.646879175274013, 'trop_k_veg': 1.1467891384818791, 'fuel_k': 0.7916314839118316, 'fuel_half': 0.9523913821691607}. Best is trial 0 with value: -0.6070628323553574.
[I 2026-07-24 02:20:55,214] Trial 730 finished with value: -0.574949603183854 and parameters: {'k1': 0.0008476682267812667, 'D_low': 2014.45926944911, 'k2': 0.00042926246880799126, 'D_high': 5603439.89519407, 'fire_exp': 1.3262045284738206, 'P_half': 4.132502361290385, 'pre_dampen_half': 0.14764509393875394, 'gpp_af': 1.2329601949775735, 'gpp_b': 0.0029534315056379736, 'gpp_d': 230.45238671003727, 'ign_k': 1.9052793010401747, 'ign_c': 0.2444392467903405, 'trop_agb_crit': 18.820642083768895, 'trop_k_veg': 2.182299921801063, 'fuel_k': 0.7048100727822197, 'fuel_half': 0.11445296570836125}. Best is trial 0 with value: -0.6070628323553574.
[I 2026-07-24 02:20:55,632] Trial 731 finished with value: 0.5493285737563093 and parameters: {'k1': 0.00493494171506694, 'D_low': 78602.32675775168, 'k2': 3.7855993660030196e-05, 'D_high': 1521987.759775746, 'fire_exp': 1.1758867630567216, 'P_half': 4.586817294224564, 'pre_dampen_half': 1.0773243234211958, 'gpp_af': 0.5171034129944715, 'gpp_b': 0.0007926548100701954, 'gpp_d': 10.23705607617463, 'ign_k': 0.26715014680631355, 'ign_c': 0.3606802843595105, 'trop_agb_crit': 14.2407017512476, 'trop_k_veg': 1.6585962286692633, 'fuel_k': 0.563381684505803, 'fuel_half': 0.18001208551442308}. Best is trial 0 with value: -0.6070628323553574.
[I 2026-07-24 02:20:56,048] Trial 732 finished with value: 0.602462966971315 and parameters: {'k1': 0.00373204446382695, 'D_low': 414.87057247642286, 'k2': 0.0014660052405647335, 'D_high': 818334.3825358036, 'fire_exp': 5.058244925701078, 'P_half': 18.361183405477963, 'pre_dampen_half': 14.25009055015017, 'gpp_af': 10.474898119034304, 'gpp_b': 0.0016666173022089593, 'gpp_d': 6.334145805629433, 'ign_k': 0.02549033143399361, 'ign_c': 1.419709742451071, 'trop_agb_crit': 5.241573253167021, 'trop_k_veg': 0.803701070638553, 'fuel_k': 3.0235521327529935, 'fuel_half': 0.5757540165194632}. Best is trial 0 with value: -0.6070628323553574.
[I 2026-07-24 02:20:56,462] Trial 733 finished with value: 0.6445374145881376 and parameters: {'k1': 0.00334466517554256, 'D_low': 147.9799222133887, 'k2': 0.0284821539956507, 'D_high': 23397.07809599893, 'fire_exp': 3.284294084681172, 'P_half': 463.032963535628, 'pre_dampen_half': 519.9101413133511, 'gpp_af': 0.0021929081890972335, 'gpp_b': 3.868992894379312e-05, 'gpp_d': 70.96542089362404, 'ign_k': 1.743807262857124, 'ign_c': 44.69561357684053, 'trop_agb_crit': 28.007064437853526, 'trop_k_veg': 1.1192639367298471, 'fuel_k': 3.120274935147047, 'fuel_half': 0.21026185806436437}. Best is trial 0 with value: -0.6070628323553574.
[I 2026-07-24 02:20:56,875] Trial 734 finished with value: -0.5770443006781715 and parameters: {'k1': 0.0010559122383671682, 'D_low': 41.016429619456304, 'k2': 0.00014562840744314153, 'D_high': 6528390.304373641, 'fire_exp': 1.2912509453872163, 'P_half': 1.264114158725727, 'pre_dampen_half': 0.08414501238481065, 'gpp_af': 9.126232088332538, 'gpp_b': 0.0009720012767508753, 'gpp_d': 192.31068452356027, 'ign_k': 0.062491629280461515, 'ign_c': 1.7075086440981297, 'trop_agb_crit': 8.92518295898179, 'trop_k_veg': 2.9379518201908055, 'fuel_k': 2.3794451174957785, 'fuel_half': 0.2029298776873114}. Best is trial 0 with value: -0.6070628323553574.
[I 2026-07-24 02:20:57,289] Trial 735 finished with value: 0.4625999788376517 and parameters: {'k1': 0.00011444716769781554, 'D_low': 19.115530876241735, 'k2': 0.0005327667550486031, 'D_high': 8473887.421278689, 'fire_exp': 1.170490931885747, 'P_half': 2.5055119387542857, 'pre_dampen_half': 0.026912823001314534, 'gpp_af': 0.5618281530456473, 'gpp_b': 0.0020841042461812983, 'gpp_d': 216.65261870272062, 'ign_k': 4.035324637869482, 'ign_c': 0.6353087903922587, 'trop_agb_crit': 11.124050030114088, 'trop_k_veg': 2.0108477188605924, 'fuel_k': 1.166006718587028, 'fuel_half': 0.15175469467068256}. Best is trial 0 with value: -0.6070628323553574.
[I 2026-07-24 02:20:57,704] Trial 736 finished with value: -0.5264466145806533 and parameters: {'k1': 8.928100379643008e-05, 'D_low': 8.82524602861415, 'k2': 4.124629326196602e-05, 'D_high': 2904095.986636924, 'fire_exp': 1.4526758645704245, 'P_half': 7.76832098995674, 'pre_dampen_half': 0.47953875648094185, 'gpp_af': 5.271004633106667, 'gpp_b': 8.217922528408555e-05, 'gpp_d': 97.92354472027411, 'ign_k': 0.013430742435908617, 'ign_c': 3.6185906035843556, 'trop_agb_crit': 13.870839672027333, 'trop_k_veg': 1.8369957922863032, 'fuel_k': 2.6027547087229443, 'fuel_half': 0.5195157259494446}. Best is trial 0 with value: -0.6070628323553574.
[I 2026-07-24 02:20:58,114] Trial 737 finished with value: 0.4718413199328262 and parameters: {'k1': 0.0013955858622390436, 'D_low': 942.1300248842638, 'k2': 0.00014518483577183664, 'D_high': 270494.62529836723, 'fire_exp': 1.3492606570464947, 'P_half': 1.192143753410045, 'pre_dampen_half': 0.3686858590826507, 'gpp_af': 1.8517926633472763, 'gpp_b': 0.3377344070036316, 'gpp_d': 102.78293358767239, 'ign_k': 1.9832695900154023, 'ign_c': 0.16352802229890454, 'trop_agb_crit': 20.615630652180506, 'trop_k_veg': 2.2519126735375714, 'fuel_k': 0.7901485189356918, 'fuel_half': 2.382612146866351}. Best is trial 0 with value: -0.6070628323553574.
[I 2026-07-24 02:20:58,594] Trial 738 finished with value: 0.41321266759989206 and parameters: {'k1': 0.0005002714649106817, 'D_low': 376.2040898134942, 'k2': 0.00024980998979760833, 'D_high': 3478658.3593173013, 'fire_exp': 1.1194633849320448, 'P_half': 1.714628384822863, 'pre_dampen_half': 0.44118370213938624, 'gpp_af': 0.6141727054008022, 'gpp_b': 0.00033282286553754765, 'gpp_d': 282.30240806062096, 'ign_k': 0.05715208809896062, 'ign_c': 0.36865675228291694, 'trop_agb_crit': 11.149749051735649, 'trop_k_veg': 6.753646009755497, 'fuel_k': 0.6439917680193259, 'fuel_half': 0.12277627237863853}. Best is trial 0 with value: -0.6070628323553574.
[I 2026-07-24 02:20:59,006] Trial 739 finished with value: 0.5933119005763606 and parameters: {'k1': 0.0011386031546679924, 'D_low': 4577.119677813022, 'k2': 0.0028100096424612427, 'D_high': 5449431.294287552, 'fire_exp': 5.6134980759670725, 'P_half': 898.4716088787743, 'pre_dampen_half': 42.28210481096696, 'gpp_af': 0.22079736226369703, 'gpp_b': 0.0012190003957164288, 'gpp_d': 1.2037714381598132, 'ign_k': 0.6528237454311274, 'ign_c': 6.246443068715873, 'trop_agb_crit': 14.770739873228077, 'trop_k_veg': 2.8303890488883052, 'fuel_k': 1.816446106778885, 'fuel_half': 0.131706033042994}. Best is trial 0 with value: -0.6070628323553574.
[I 2026-07-24 02:20:59,419] Trial 740 finished with value: 0.4168666770813457 and parameters: {'k1': 0.00011827467560831071, 'D_low': 730.1606061667206, 'k2': 0.00023062280552204342, 'D_high': 3340914.170375065, 'fire_exp': 1.5095243499770696, 'P_half': 7.3461483103529845, 'pre_dampen_half': 0.5383616893352373, 'gpp_af': 28.062092389899878, 'gpp_b': 0.001026125901150417, 'gpp_d': 300.20672015053236, 'ign_k': 1.389085294862075, 'ign_c': 0.10631878571077731, 'trop_agb_crit': 18.193377145703522, 'trop_k_veg': 3.0213735536739526, 'fuel_k': 1.3091395046444172, 'fuel_half': 0.6181390845424072}. Best is trial 0 with value: -0.6070628323553574.
[I 2026-07-24 02:20:59,841] Trial 741 finished with value: 0.4525378151591981 and parameters: {'k1': 0.01471511187497892, 'D_low': 6286.583619174638, 'k2': 0.00023277789983594852, 'D_high': 282864.35560238035, 'fire_exp': 1.0702323786433163, 'P_half': 4.337616404080946, 'pre_dampen_half': 0.023946594229253364, 'gpp_af': 5.838397345026746, 'gpp_b': 0.0006544034788483955, 'gpp_d': 252.45920870290644, 'ign_k': 7.802036843711856, 'ign_c': 0.19194178240142712, 'trop_agb_crit': 23.7283692445362, 'trop_k_veg': 1.9903883295939557, 'fuel_k': 2.296235779900349, 'fuel_half': 0.21206441046193936}. Best is trial 0 with value: -0.6070628323553574.
[I 2026-07-24 02:21:00,254] Trial 742 finished with value: 0.4302724034444493 and parameters: {'k1': 0.0002752460446360071, 'D_low': 399.9904017188715, 'k2': 0.00010578940469071747, 'D_high': 1635697.3587088548, 'fire_exp': 1.3045319240914937, 'P_half': 42.447213797120625, 'pre_dampen_half': 0.10307391548703485, 'gpp_af': 0.2062541553933077, 'gpp_b': 0.003041432745964839, 'gpp_d': 44.83031936796766, 'ign_k': 0.4813718822035449, 'ign_c': 0.19918053651330292, 'trop_agb_crit': 24.530960174872774, 'trop_k_veg': 0.6317937925129029, 'fuel_k': 1.6710248050851377, 'fuel_half': 0.22021129036832215}. Best is trial 0 with value: -0.6070628323553574.
[I 2026-07-24 02:21:00,668] Trial 743 finished with value: 0.6547283778353725 and parameters: {'k1': 0.014571339396801998, 'D_low': 161.39926737730207, 'k2': 0.0022222529819078364, 'D_high': 6431086.020962846, 'fire_exp': 2.5052859478411706, 'P_half': 2.5152107180611676, 'pre_dampen_half': 0.4933960359790711, 'gpp_af': 9.8040549830321, 'gpp_b': 0.0598931621222859, 'gpp_d': 4.443026667515511, 'ign_k': 0.9246486333800834, 'ign_c': 37.182653024348085, 'trop_agb_crit': 10.950841685383125, 'trop_k_veg': 1.0589950186583925, 'fuel_k': 1.7347272675304897, 'fuel_half': 0.9078064294839938}. Best is trial 0 with value: -0.6070628323553574.
[I 2026-07-24 02:21:01,100] Trial 744 finished with value: 0.5709083387966627 and parameters: {'k1': 0.003094310983560025, 'D_low': 9.899741593113509, 'k2': 0.00010122206901467809, 'D_high': 665890.1890189056, 'fire_exp': 1.2915999955335045, 'P_half': 2.337186928786426, 'pre_dampen_half': 0.027019711086234695, 'gpp_af': 2.9417845209683917, 'gpp_b': 0.005760923804451583, 'gpp_d': 995.9839682001475, 'ign_k': 0.09639218108474995, 'ign_c': 43.154571259795745, 'trop_agb_crit': 25.44207983188162, 'trop_k_veg': 5.038600954462929, 'fuel_k': 3.0908290512167507, 'fuel_half': 0.23885405872961912}. Best is trial 0 with value: -0.6070628323553574.
[I 2026-07-24 02:21:01,521] Trial 745 finished with value: 0.5856961772901673 and parameters: {'k1': 0.031758417041389, 'D_low': 7.7602925449656475, 'k2': 0.0006847408199938452, 'D_high': 100287.34555799654, 'fire_exp': 5.986729417183904, 'P_half': 965.4376101946759, 'pre_dampen_half': 2.595379820459716, 'gpp_af': 0.007800912491959585, 'gpp_b': 0.0006708576930143812, 'gpp_d': 871.2138985684484, 'ign_k': 0.1937160776781129, 'ign_c': 0.47422400590865044, 'trop_agb_crit': 21.78034804925468, 'trop_k_veg': 3.286634285446383, 'fuel_k': 2.2087189099952997, 'fuel_half': 0.729211491611313}. Best is trial 0 with value: -0.6070628323553574.
[I 2026-07-24 02:21:01,933] Trial 746 finished with value: 0.5858683995034751 and parameters: {'k1': 7.424369688424016e-05, 'D_low': 58061.72141339603, 'k2': 6.789752721313558e-05, 'D_high': 4881888.968557182, 'fire_exp': 2.6145753375899523, 'P_half': 5.72311182724184, 'pre_dampen_half': 0.02889843791653994, 'gpp_af': 1.1292899656593032, 'gpp_b': 0.009511136505870247, 'gpp_d': 566.2339718348526, 'ign_k': 0.36548265261067414, 'ign_c': 0.402455256786315, 'trop_agb_crit': 26.97824161962479, 'trop_k_veg': 3.522472996998713, 'fuel_k': 0.15303562063303452, 'fuel_half': 0.19693306204846048}. Best is trial 0 with value: -0.6070628323553574.
