[I 2026-07-25 00:34:02,425] Trial 603 finished with value: 0.5491451194362166 and parameters: {'k1': 0.0012438267763868018, 'D_low': 498.24172381483834, 'k2': 0.001139139400892211, 'D_high': 48990.423903949086, 'fire_exp': 1.232247421514593, 'P_half': 150.79879794818376, 'pre_dampen_half': 0.14595922161486485, 'gpp_af': 11.405640584352483, 'gpp_b': 0.18192258801610142, 'gpp_d': 3.808246241238452, 'ign_k': 0.015322141886083829, 'ign_c': 1.6455348783399135, 'trop_agb_crit': 2.3250881234882397, 'trop_k_veg': 4.709028894553064, 'gdp_gamma': 0.2888992644037679, 'cure_k': 0.0639785090489862, 'cure_p_min': 310.2832663547528, 'cure_gpp_ref': 0.752238547252706, 'cure_agb_crit': 3.6052682959821225, 'fuel_k': 0.2814636875077443, 'fuel_half': 16.846475764609544}. Best is trial 577 with value: -0.629883323094065.
[I 2026-07-25 00:34:02,910] Trial 604 finished with value: 0.5604277516115396 and parameters: {'k1': 0.00363041043163113, 'D_low': 7439.103137831793, 'k2': 0.002369772050779508, 'D_high': 2107828.4777234895, 'fire_exp': 1.0341153960758118, 'P_half': 14.534052458970347, 'pre_dampen_half': 8.06966065908908, 'gpp_af': 2.167004702863957, 'gpp_b': 0.013336910613966095, 'gpp_d': 1.559284258725281, 'ign_k': 0.010140040371638624, 'ign_c': 0.20074435341042834, 'trop_agb_crit': 1.4165185706612133, 'trop_k_veg': 1.3092076348967274, 'gdp_gamma': 0.9423850609803842, 'cure_k': 0.10793239614566746, 'cure_p_min': 261.58117463809356, 'cure_gpp_ref': 0.5961928445514865, 'cure_agb_crit': 4.804115865076301, 'fuel_k': 0.46484281537237293, 'fuel_half': 20.273140219238645}. Best is trial 577 with value: -0.629883323094065.
[I 2026-07-25 00:34:03,368] Trial 605 finished with value: 0.5338279289806807 and parameters: {'k1': 0.0015346386146244887, 'D_low': 2351.2583971494773, 'k2': 0.002789595859620357, 'D_high': 24322.659793671944, 'fire_exp': 2.0998047899683443, 'P_half': 112.39799146743407, 'pre_dampen_half': 0.31608754480072726, 'gpp_af': 0.03934768180109566, 'gpp_b': 0.0018634970914372473, 'gpp_d': 17.089169438102616, 'ign_k': 0.009481838885517289, 'ign_c': 0.8047371669087465, 'trop_agb_crit': 16.29544313374899, 'trop_k_veg': 6.161498345435805, 'gdp_gamma': 1.645833771926725, 'cure_k': 0.003226754895959785, 'cure_p_min': 369.9320711760274, 'cure_gpp_ref': 0.6500353712888617, 'cure_agb_crit': 5.941889262173378, 'fuel_k': 0.35280647850947155, 'fuel_half': 1.7852789254106882}. Best is trial 577 with value: -0.629883323094065.
[I 2026-07-25 00:34:03,821] Trial 606 finished with value: 0.4927140664915689 and parameters: {'k1': 0.021584135630462287, 'D_low': 16620.54190162381, 'k2': 0.005667679500508152, 'D_high': 1530636.5345169748, 'fire_exp': 2.3585126306029442, 'P_half': 4.507464070672133, 'pre_dampen_half': 17.16035603753632, 'gpp_af': 0.07419065180528314, 'gpp_b': 0.0014800856695216485, 'gpp_d': 24.53146722078334, 'ign_k': 0.0012380492594623951, 'ign_c': 0.49066115218593714, 'trop_agb_crit': 2.398109756805807, 'trop_k_veg': 6.421932251559937, 'gdp_gamma': 0.4472680580941354, 'cure_k': 0.016670327177320067, 'cure_p_min': 376.49104865717356, 'cure_gpp_ref': 0.6017830107555637, 'cure_agb_crit': 4.857246416976355, 'fuel_k': 0.33761276838596876, 'fuel_half': 4.5009953284062245}. Best is trial 577 with value: -0.629883323094065.
[I 2026-07-25 00:34:04,271] Trial 607 finished with value: 0.609171364972365 and parameters: {'k1': 0.00748013577020341, 'D_low': 10.787511636607846, 'k2': 0.03849450041574922, 'D_high': 6644055.728546201, 'fire_exp': 1.238913096558287, 'P_half': 155.37205263078576, 'pre_dampen_half': 423.1030703589584, 'gpp_af': 0.009515721733661312, 'gpp_b': 3.5327368607466215e-05, 'gpp_d': 323.80969240974787, 'ign_k': 0.0864994948562293, 'ign_c': 230.2916564302331, 'trop_agb_crit': 14.29853400062353, 'trop_k_veg': 1.3044895782906079, 'gdp_gamma': 0.03050544677603761, 'cure_k': 0.0031005229329446257, 'cure_p_min': 87.53327779919968, 'cure_gpp_ref': 0.33132015868551834, 'cure_agb_crit': 4.817753203857269, 'fuel_k': 0.05110266946789753, 'fuel_half': 2.6734313124354654}. Best is trial 577 with value: -0.629883323094065.
[I 2026-07-25 00:34:04,724] Trial 608 finished with value: 0.6050425683532512 and parameters: {'k1': 0.00012373037387222608, 'D_low': 10591.56440056631, 'k2': 0.002813191835461608, 'D_high': 6633352.776875283, 'fire_exp': 1.85056263591804, 'P_half': 7.315980986935076, 'pre_dampen_half': 100.49249024733125, 'gpp_af': 2.398640992974986, 'gpp_b': 0.00018543007959225492, 'gpp_d': 523.3303446438283, 'ign_k': 2.2126119215922033, 'ign_c': 44.099804695116156, 'trop_agb_crit': 13.705383522310802, 'trop_k_veg': 2.7616199513464283, 'gdp_gamma': 0.10649275666662633, 'cure_k': 0.004139867373589189, 'cure_p_min': 360.3319236310461, 'cure_gpp_ref': 0.6534593733289347, 'cure_agb_crit': 5.600238809672065, 'fuel_k': 0.43825069299645936, 'fuel_half': 0.12104962015043828}. Best is trial 577 with value: -0.629883323094065.
[I 2026-07-25 00:34:05,174] Trial 609 finished with value: 0.5973948766887079 and parameters: {'k1': 0.0028535219610412183, 'D_low': 18452.610818544992, 'k2': 0.01559246544888088, 'D_high': 17960.312900540455, 'fire_exp': 1.109505524242687, 'P_half': 223.9471159725865, 'pre_dampen_half': 0.010199910672718693, 'gpp_af': 0.5559319021172043, 'gpp_b': 0.011820259269606954, 'gpp_d': 2.930802720734075, 'ign_k': 0.0011664816417785535, 'ign_c': 0.407141544437975, 'trop_agb_crit': 2.6632071384402014, 'trop_k_veg': 2.349027229029907, 'gdp_gamma': 0.6010057428088841, 'cure_k': 0.011752815214340155, 'cure_p_min': 337.4543986731264, 'cure_gpp_ref': 0.5181085875236807, 'cure_agb_crit': 2.916375307301155, 'fuel_k': 1.3719005726181563, 'fuel_half': 24.89507105099978}. Best is trial 577 with value: -0.629883323094065.
[I 2026-07-25 00:34:05,628] Trial 610 finished with value: -0.571505546131743 and parameters: {'k1': 0.006810320084535521, 'D_low': 3875.457756037675, 'k2': 0.00911267685419391, 'D_high': 2755630.840560063, 'fire_exp': 1.4080942004234127, 'P_half': 42.910000960624224, 'pre_dampen_half': 0.6664230153674882, 'gpp_af': 0.7894862402156362, 'gpp_b': 0.009379473919082755, 'gpp_d': 9.761262765525924, 'ign_k': 0.08441181693259034, 'ign_c': 13.614949279982035, 'trop_agb_crit': 5.387252047579036, 'trop_k_veg': 1.6572373895949357, 'gdp_gamma': 1.4809797588558198, 'cure_k': 0.0014472383946726969, 'cure_p_min': 331.82987019031293, 'cure_gpp_ref': 1.3611375699608503, 'cure_agb_crit': 4.345883843528419, 'fuel_k': 0.1518534674831162, 'fuel_half': 6.815707057819112}. Best is trial 577 with value: -0.629883323094065.
[I 2026-07-25 00:34:06,084] Trial 611 finished with value: 0.5893535765014055 and parameters: {'k1': 0.003447808381668062, 'D_low': 13461.02166598153, 'k2': 0.00010029047519057418, 'D_high': 7035904.291111046, 'fire_exp': 1.3748483719990374, 'P_half': 229.22623943571702, 'pre_dampen_half': 0.06014242857953254, 'gpp_af': 0.09244830132130029, 'gpp_b': 0.4184678577245986, 'gpp_d': 49.0706387278183, 'ign_k': 0.07949050926508171, 'ign_c': 23.862830213279636, 'trop_agb_crit': 18.9403464620579, 'trop_k_veg': 2.921947955366322, 'gdp_gamma': 0.8579017121627811, 'cure_k': 0.0021091442386879755, 'cure_p_min': 317.1165707596249, 'cure_gpp_ref': 1.4180094751459775, 'cure_agb_crit': 3.358021298458071, 'fuel_k': 0.02249804685930045, 'fuel_half': 0.1787499665269656}. Best is trial 577 with value: -0.629883323094065.
[I 2026-07-25 00:34:06,540] Trial 612 finished with value: 0.5077059458313291 and parameters: {'k1': 1.2339588975348208e-05, 'D_low': 47.32719733716859, 'k2': 0.004577203206709286, 'D_high': 1581873.8255376534, 'fire_exp': 3.184560208935568, 'P_half': 151.69135028551221, 'pre_dampen_half': 14.532603914865755, 'gpp_af': 10.836398943698446, 'gpp_b': 0.00015148331925885985, 'gpp_d': 25.73892578477878, 'ign_k': 4.103160361694431, 'ign_c': 2.5580253704382248, 'trop_agb_crit': 21.57863819993414, 'trop_k_veg': 4.872622239993092, 'gdp_gamma': 0.20877533189137795, 'cure_k': 0.0036850474001193173, 'cure_p_min': 236.7396762511517, 'cure_gpp_ref': 0.5317611474043032, 'cure_agb_crit': 2.697871456615578, 'fuel_k': 0.1552565400229195, 'fuel_half': 0.1313691603353793}. Best is trial 577 with value: -0.629883323094065.
[I 2026-07-25 00:34:06,993] Trial 613 finished with value: -0.5789558269150021 and parameters: {'k1': 0.0008997242531150698, 'D_low': 2647.9810753643173, 'k2': 2.9612742084567587e-05, 'D_high': 5837933.8740976965, 'fire_exp': 2.4040961047725067, 'P_half': 2.335424183849935, 'pre_dampen_half': 0.41830844167230796, 'gpp_af': 0.014238997545404851, 'gpp_b': 0.002999571049072643, 'gpp_d': 4.227395492072526, 'ign_k': 0.04851615775867063, 'ign_c': 0.36558792774596105, 'trop_agb_crit': 2.4536127607393707, 'trop_k_veg': 0.7706918156973864, 'gdp_gamma': 0.8659596926884036, 'cure_k': 0.15964563279498237, 'cure_p_min': 273.86639889736153, 'cure_gpp_ref': 0.05469296040577812, 'cure_agb_crit': 2.3384532793294777, 'fuel_k': 0.010318392320169786, 'fuel_half': 9.097641369870013}. Best is trial 577 with value: -0.629883323094065.
[I 2026-07-25 00:34:07,451] Trial 614 finished with value: 0.5790683026584654 and parameters: {'k1': 9.727186957815797e-05, 'D_low': 33394.29141798941, 'k2': 0.07402712226712047, 'D_high': 102693.35826251448, 'fire_exp': 3.0139008069684246, 'P_half': 138.13303244004322, 'pre_dampen_half': 20.917928688038174, 'gpp_af': 0.1991952178019351, 'gpp_b': 0.00014715795919560787, 'gpp_d': 40.87281053620858, 'ign_k': 0.018109030392299396, 'ign_c': 17.949665609826383, 'trop_agb_crit': 13.10543649494273, 'trop_k_veg': 3.120713229744634, 'gdp_gamma': 1.2372322313463586, 'cure_k': 0.0012703671057131155, 'cure_p_min': 174.16950039857375, 'cure_gpp_ref': 0.5454979694279795, 'cure_agb_crit': 1.6820014131071266, 'fuel_k': 0.5189927659533223, 'fuel_half': 78.14723100933166}. Best is trial 577 with value: -0.629883323094065.
[I 2026-07-25 00:34:07,904] Trial 615 finished with value: 0.45445625957103064 and parameters: {'k1': 0.003726939345259898, 'D_low': 1753.187797492338, 'k2': 9.502229314799534e-05, 'D_high': 9852135.292393142, 'fire_exp': 2.590965383116748, 'P_half': 2.5068857602858095, 'pre_dampen_half': 0.7503578016034342, 'gpp_af': 0.02894928283985781, 'gpp_b': 0.003783996593874094, 'gpp_d': 7.526683890397867, 'ign_k': 0.06438495199126847, 'ign_c': 1.15202475370992, 'trop_agb_crit': 1.2477394522792935, 'trop_k_veg': 0.6785449140939768, 'gdp_gamma': 0.5292145223933632, 'cure_k': 0.07431897046692644, 'cure_p_min': 248.10239493561414, 'cure_gpp_ref': 0.1977975870324309, 'cure_agb_crit': 2.063623232992416, 'fuel_k': 0.012621012541124051, 'fuel_half': 11.396703450306584}. Best is trial 577 with value: -0.629883323094065.
[I 2026-07-25 00:34:08,367] Trial 616 finished with value: 0.6047094048878268 and parameters: {'k1': 0.00017676786533707433, 'D_low': 450.11386945633205, 'k2': 5.014483952721725e-05, 'D_high': 16890.15775293672, 'fire_exp': 1.2911873460285679, 'P_half': 475.82409469602163, 'pre_dampen_half': 0.01807672036388805, 'gpp_af': 1.10976032442404, 'gpp_b': 0.006292086379695592, 'gpp_d': 27.839478754221215, 'ign_k': 0.0410025792175741, 'ign_c': 486.6753840551033, 'trop_agb_crit': 14.75301015305155, 'trop_k_veg': 1.244581943361237, 'gdp_gamma': 1.1915018106375181, 'cure_k': 0.0013831464195343632, 'cure_p_min': 383.3830903441113, 'cure_gpp_ref': 0.26749230595342977, 'cure_agb_crit': 5.315492034084574, 'fuel_k': 0.03085352683148558, 'fuel_half': 72.16320456774044}. Best is trial 577 with value: -0.629883323094065.
[I 2026-07-25 00:34:08,829] Trial 617 finished with value: 0.5410873029990259 and parameters: {'k1': 0.027986216755954838, 'D_low': 11.604810917498527, 'k2': 0.035163967110996626, 'D_high': 5170065.409357423, 'fire_exp': 1.4523508711908277, 'P_half': 1831.3231902007835, 'pre_dampen_half': 438.95715488390556, 'gpp_af': 0.08958243756219855, 'gpp_b': 0.0009236051881163883, 'gpp_d': 22.54348249019065, 'ign_k': 0.0020196722129408617, 'ign_c': 2.94084138532798, 'trop_agb_crit': 13.09206486221528, 'trop_k_veg': 0.5262250135778828, 'gdp_gamma': 0.12181114439668762, 'cure_k': 0.00219658075886042, 'cure_p_min': 181.17236485086653, 'cure_gpp_ref': 0.9599280674537775, 'cure_agb_crit': 3.648598493183871, 'fuel_k': 0.2391306144003092, 'fuel_half': 0.28130625564720096}. Best is trial 577 with value: -0.629883323094065.
[I 2026-07-25 00:34:09,283] Trial 618 finished with value: 0.5333625348610422 and parameters: {'k1': 0.005994293908142883, 'D_low': 3137.04159882837, 'k2': 0.005976960494820429, 'D_high': 18457.8507987001, 'fire_exp': 2.0844551140388856, 'P_half': 2.237554884270244, 'pre_dampen_half': 7.051687705192161, 'gpp_af': 0.0022148565425999093, 'gpp_b': 2.7925762716617347e-05, 'gpp_d': 137.26538755238647, 'ign_k': 0.001757042693506837, 'ign_c': 4.848743809890297, 'trop_agb_crit': 4.798495964796823, 'trop_k_veg': 2.134711801541488, 'gdp_gamma': 0.5407222142113913, 'cure_k': 0.0014500247767887649, 'cure_p_min': 169.2899646646196, 'cure_gpp_ref': 0.3830190513227617, 'cure_agb_crit': 2.311392768815092, 'fuel_k': 0.2588395601801625, 'fuel_half': 26.292732760235097}. Best is trial 577 with value: -0.629883323094065.
[I 2026-07-25 00:34:09,742] Trial 619 finished with value: 0.5597747526658623 and parameters: {'k1': 0.0005624018985610185, 'D_low': 1329.5306382061233, 'k2': 0.00018035931240287126, 'D_high': 32868.95471213768, 'fire_exp': 2.836239656525031, 'P_half': 1.2416652377938968, 'pre_dampen_half': 0.07225755267581713, 'gpp_af': 0.009906048856251706, 'gpp_b': 0.00014214508712519062, 'gpp_d': 2.001939594501101, 'ign_k': 0.008644356817808906, 'ign_c': 0.10601802820249578, 'trop_agb_crit': 4.7116253849489915, 'trop_k_veg': 0.8240582921948006, 'gdp_gamma': 1.4188212154380624, 'cure_k': 0.5480963852448328, 'cure_p_min': 286.2210125251584, 'cure_gpp_ref': 0.06467489765732407, 'cure_agb_crit': 1.8625555285283524, 'fuel_k': 0.010664461734349673, 'fuel_half': 9.350858684515757}. Best is trial 577 with value: -0.629883323094065.
[I 2026-07-25 00:34:10,197] Trial 620 finished with value: 0.4798284998679845 and parameters: {'k1': 0.00019890910993343715, 'D_low': 33.28463021051021, 'k2': 0.0015663128134434377, 'D_high': 62038.906886317774, 'fire_exp': 1.2738968358851936, 'P_half': 392.49846844773566, 'pre_dampen_half': 2.0670624735829506, 'gpp_af': 66.78222101847554, 'gpp_b': 0.005306060418079675, 'gpp_d': 138.34196718545056, 'ign_k': 3.8919485368334272, 'ign_c': 13.57381557984218, 'trop_agb_crit': 20.3721619288385, 'trop_k_veg': 1.0425997260921906, 'gdp_gamma': 0.18170811644747012, 'cure_k': 0.02646546499467452, 'cure_p_min': 394.90651845963714, 'cure_gpp_ref': 0.11248010097286158, 'cure_agb_crit': 7.347275826212836, 'fuel_k': 0.018600067662742522, 'fuel_half': 0.4005160155023613}. Best is trial 577 with value: -0.629883323094065.
[I 2026-07-25 00:34:10,658] Trial 621 finished with value: 0.5513389194342212 and parameters: {'k1': 0.007803369968526083, 'D_low': 1044.8751360763342, 'k2': 6.990251634444282e-05, 'D_high': 4323254.294019852, 'fire_exp': 1.8976992109179034, 'P_half': 133.89141964158952, 'pre_dampen_half': 0.05141021641846255, 'gpp_af': 0.5978312832949025, 'gpp_b': 0.0007531333077431899, 'gpp_d': 360.66041012552546, 'ign_k': 0.0945735102661502, 'ign_c': 16.68226209663677, 'trop_agb_crit': 28.97671313705798, 'trop_k_veg': 4.8100047989282, 'gdp_gamma': 0.14711680970130858, 'cure_k': 0.0010284408121274031, 'cure_p_min': 362.41151721688044, 'cure_gpp_ref': 0.4030395425921806, 'cure_agb_crit': 3.989234723045209, 'fuel_k': 0.08289770278850125, 'fuel_half': 87.31132001940772}. Best is trial 577 with value: -0.629883323094065.
[I 2026-07-25 00:34:11,114] Trial 622 finished with value: 0.5705204074404118 and parameters: {'k1': 0.0009565701231085636, 'D_low': 476312.6373674791, 'k2': 0.006690714870935967, 'D_high': 1796843.2636020374, 'fire_exp': 1.1176003713439142, 'P_half': 21.359985094068307, 'pre_dampen_half': 26.203617779917405, 'gpp_af': 4.233593367950821, 'gpp_b': 0.16364061877891523, 'gpp_d': 25.610228407149233, 'ign_k': 0.004756044174855796, 'ign_c': 5.807138276724149, 'trop_agb_crit': 2.412118529569513, 'trop_k_veg': 7.103226190674322, 'gdp_gamma': 0.22305250030162363, 'cure_k': 0.08627341818752374, 'cure_p_min': 387.7069932648034, 'cure_gpp_ref': 0.5467233290054994, 'cure_agb_crit': 2.180582835034675, 'fuel_k': 1.1826133434889685, 'fuel_half': 3.2104933536765583}. Best is trial 577 with value: -0.629883323094065.
[I 2026-07-25 00:34:11,567] Trial 623 finished with value: 0.5311046715434934 and parameters: {'k1': 0.0038877826557973338, 'D_low': 138.4300159380012, 'k2': 0.03444675156824669, 'D_high': 6418501.677794181, 'fire_exp': 1.3104532756252478, 'P_half': 20.27476144882651, 'pre_dampen_half': 0.029090150300347135, 'gpp_af': 4.143732455533039, 'gpp_b': 0.0027909321281646767, 'gpp_d': 78.16409710765053, 'ign_k': 0.006085312839325607, 'ign_c': 2.789271331232689, 'trop_agb_crit': 1.9093619060382403, 'trop_k_veg': 4.096405854381318, 'gdp_gamma': 1.6089642230777756, 'cure_k': 0.24639165116466125, 'cure_p_min': 370.3336174248681, 'cure_gpp_ref': 0.8536747655526613, 'cure_agb_crit': 4.684433530102127, 'fuel_k': 0.32907686131802466, 'fuel_half': 1.3671308309209453}. Best is trial 577 with value: -0.629883323094065.
[I 2026-07-25 00:34:12,024] Trial 624 finished with value: 0.47725994202404354 and parameters: {'k1': 0.0027355414208028047, 'D_low': 39229.18559058995, 'k2': 2.3441588496539997e-05, 'D_high': 3461458.351068463, 'fire_exp': 2.745698445369476, 'P_half': 1.6574316100593625, 'pre_dampen_half': 0.5213716424181999, 'gpp_af': 0.02934923996403585, 'gpp_b': 0.002475144641186843, 'gpp_d': 22.666262062846574, 'ign_k': 0.009329468419083583, 'ign_c': 0.10034937559876561, 'trop_agb_crit': 4.17201612113482, 'trop_k_veg': 1.0497859498836968, 'gdp_gamma': 0.44996510683243074, 'cure_k': 0.21668346840531988, 'cure_p_min': 342.22107274170656, 'cure_gpp_ref': 0.053344123655955436, 'cure_agb_crit': 3.8393268262722686, 'fuel_k': 0.013508108439188024, 'fuel_half': 19.6383712893856}. Best is trial 577 with value: -0.629883323094065.
[I 2026-07-25 00:34:12,482] Trial 625 finished with value: 0.45844373238940983 and parameters: {'k1': 0.00241791711000254, 'D_low': 1704.5245344976927, 'k2': 0.015553220941693435, 'D_high': 1277956.7792889124, 'fire_exp': 1.8405854190062794, 'P_half': 175.35357550500152, 'pre_dampen_half': 0.12213928971230129, 'gpp_af': 0.058315680537187546, 'gpp_b': 2.086312947613179e-05, 'gpp_d': 106.49111069350393, 'ign_k': 0.0022824141883179996, 'ign_c': 5.2628318068948055, 'trop_agb_crit': 4.664409586811589, 'trop_k_veg': 0.9459539187022736, 'gdp_gamma': 1.787460825462827, 'cure_k': 0.0010887464557391034, 'cure_p_min': 189.80698563009648, 'cure_gpp_ref': 0.46571769784653294, 'cure_agb_crit': 2.3432683542030954, 'fuel_k': 0.05088966327379073, 'fuel_half': 19.2907208691207}. Best is trial 577 with value: -0.629883323094065.
[I 2026-07-25 00:34:12,939] Trial 626 finished with value: 0.47654559162117693 and parameters: {'k1': 0.00014095864634838608, 'D_low': 20548.770954046475, 'k2': 0.014660561111775687, 'D_high': 186492.8325398713, 'fire_exp': 3.4860364690344183, 'P_half': 186.56885197468327, 'pre_dampen_half': 234.4870038252249, 'gpp_af': 97.76371635185578, 'gpp_b': 4.483134559539365e-05, 'gpp_d': 244.26671297794337, 'ign_k': 0.3167242732319327, 'ign_c': 3.5346032695702325, 'trop_agb_crit': 14.203363203010882, 'trop_k_veg': 4.40105204847757, 'gdp_gamma': 0.22347766656967785, 'cure_k': 0.002458235736121285, 'cure_p_min': 327.83850410155304, 'cure_gpp_ref': 1.2701552213627303, 'cure_agb_crit': 3.448195641414561, 'fuel_k': 0.10779030190722341, 'fuel_half': 0.18529296763926478}. Best is trial 577 with value: -0.629883323094065.
[I 2026-07-25 00:34:13,428] Trial 627 finished with value: -0.587948038807144 and parameters: {'k1': 0.00356235722589951, 'D_low': 8962.416503706338, 'k2': 0.0003194035586023413, 'D_high': 188113.77628802162, 'fire_exp': 1.2086382218051142, 'P_half': 51.064717660207215, 'pre_dampen_half': 0.8227138475755995, 'gpp_af': 0.4687549599790442, 'gpp_b': 0.010643821629535819, 'gpp_d': 1.0347408382415688, 'ign_k': 0.018231977835548255, 'ign_c': 0.6215846801960023, 'trop_agb_crit': 26.061778124611838, 'trop_k_veg': 2.822332274775854, 'gdp_gamma': 0.8052318300493471, 'cure_k': 0.017542632478694992, 'cure_p_min': 385.4816832591725, 'cure_gpp_ref': 1.6732310228730125, 'cure_agb_crit': 3.2813450839739895, 'fuel_k': 0.04025271778077438, 'fuel_half': 0.3971053746011737}. Best is trial 577 with value: -0.629883323094065.
[I 2026-07-25 00:34:13,977] Trial 628 finished with value: 0.5778056784733774 and parameters: {'k1': 7.505797930644274e-05, 'D_low': 45028.04394822551, 'k2': 0.00019743725898897449, 'D_high': 2492.111518023627, 'fire_exp': 1.1675049890795028, 'P_half': 547.8969006767442, 'pre_dampen_half': 0.8401891501534677, 'gpp_af': 0.5474784350992405, 'gpp_b': 0.012736060063034965, 'gpp_d': 3.25463493919691, 'ign_k': 0.013445684790425102, 'ign_c': 0.13357872219672773, 'trop_agb_crit': 23.588244053773135, 'trop_k_veg': 4.993910195835781, 'gdp_gamma': 1.4523766537998941, 'cure_k': 0.013578750902743124, 'cure_p_min': 337.00970171908887, 'cure_gpp_ref': 1.281019361740866, 'cure_agb_crit': 4.426828278613499, 'fuel_k': 0.03658579552869982, 'fuel_half': 1.964016105706296}. Best is trial 577 with value: -0.629883323094065.
