[I 2026-08-20 01:17:43,420] Trial 2048 finished with value: 0.5560443095947987 and parameters: {'k1': 0.00012734695430582221, 'D_low': 3.1353588814125146, 'k2': 0.00041307279997182387, 'D_high': 574592.7865981995, 'fire_exp': 3.2252138756370514, 'P_half': 2.108628652773928, 'pre_dampen_half': 1.5983078095354244, 'gpp_af': 0.008128090171433587, 'gpp_b': 0.0010614124975288238, 'gpp_d': 6.976328512828106, 'ign_k': 0.04706191746537603, 'ign_c': 3.005706422495858, 'trop_agb_crit': 3.158614083012586, 'trop_k_veg': 0.9475589705812844, 'pop_amp': 1.396446064041217, 'pop_peak': 3.6453919021941874, 'pop_sig': 1.3820116223728325}. Best is trial 1128 with value: -0.620386984093161.
[I 2026-08-20 01:17:44,973] Trial 2049 finished with value: 0.5772671571185495 and parameters: {'k1': 2.5341550670916e-05, 'D_low': 4.615174398118216, 'k2': 0.0006119380731939766, 'D_high': 9630525.125751814, 'fire_exp': 3.5045880026422367, 'P_half': 631.9790859960304, 'pre_dampen_half': 0.0724885535096405, 'gpp_af': 0.13811794657501728, 'gpp_b': 4.6770419372490234e-05, 'gpp_d': 1.726175825851912, 'ign_k': 0.005910222440674562, 'ign_c': 7.512934385858835, 'trop_agb_crit': 4.981652992299555, 'trop_k_veg': 0.869951649478347, 'pop_amp': 0.0892969644229067, 'pop_peak': 0.7814296843478133, 'pop_sig': 2.3479112480770716}. Best is trial 1128 with value: -0.620386984093161.
[I 2026-08-20 01:17:46,519] Trial 2050 finished with value: 0.6445374145881376 and parameters: {'k1': 0.004279987385661565, 'D_low': 119083.66762054618, 'k2': 7.134004947539736e-05, 'D_high': 307.0253352779761, 'fire_exp': 3.9965721727046053, 'P_half': 317.4752029573502, 'pre_dampen_half': 0.1526587060359253, 'gpp_af': 65.10731916492504, 'gpp_b': 9.075225302758655, 'gpp_d': 0.014971209608591723, 'ign_k': 0.004477505298998067, 'ign_c': 28.173289248340435, 'trop_agb_crit': 26.463314904162996, 'trop_k_veg': 1.5782518465465132, 'pop_amp': 0.11712537202495456, 'pop_peak': 188.6912739386273, 'pop_sig': 1.1847548883734649}. Best is trial 1128 with value: -0.620386984093161.
[I 2026-08-20 01:17:48,078] Trial 2051 finished with value: 0.4623479563927344 and parameters: {'k1': 0.0005506621302347694, 'D_low': 1441.6761653542283, 'k2': 0.00010540629637593913, 'D_high': 1331172.0665551024, 'fire_exp': 5.141968181624755, 'P_half': 10.931664010871405, 'pre_dampen_half': 91.8760906822059, 'gpp_af': 0.04246906745145517, 'gpp_b': 1.2417281605444567e-05, 'gpp_d': 77.41002243232084, 'ign_k': 0.04512767470154432, 'ign_c': 4.732222895817045, 'trop_agb_crit': 11.252735740124681, 'trop_k_veg': 2.428968442590097, 'pop_amp': 10.796997150871665, 'pop_peak': 0.327194545860358, 'pop_sig': 0.7574692176536689}. Best is trial 1128 with value: -0.620386984093161.
[I 2026-08-20 01:17:49,636] Trial 2052 finished with value: -0.566183870555326 and parameters: {'k1': 0.0017787783210285158, 'D_low': 7.189759363930076, 'k2': 0.010677131490216336, 'D_high': 6494806.41087025, 'fire_exp': 1.109115778052816, 'P_half': 4.759289200438384, 'pre_dampen_half': 3.8416296820896694, 'gpp_af': 0.036051333860304006, 'gpp_b': 9.500506907515838e-05, 'gpp_d': 631.0369317993114, 'ign_k': 0.1588969476101485, 'ign_c': 26.254184210944302, 'trop_agb_crit': 7.657260173703183, 'trop_k_veg': 5.545558796256182, 'pop_amp': 0.16058632833537748, 'pop_peak': 10.085565841946794, 'pop_sig': 0.45436067774559713}. Best is trial 1128 with value: -0.620386984093161.
[I 2026-08-20 01:17:51,186] Trial 2053 finished with value: 0.504539776062485 and parameters: {'k1': 0.0005739179026907655, 'D_low': 1116.4645884956146, 'k2': 0.006019781240474319, 'D_high': 1928788.6744655452, 'fire_exp': 5.959807048423974, 'P_half': 8.491732897126774, 'pre_dampen_half': 0.7987580893881634, 'gpp_af': 0.12602306954768538, 'gpp_b': 1.7706480576240372e-05, 'gpp_d': 78.01204253678989, 'ign_k': 1.0918721978038943, 'ign_c': 0.1754100668556152, 'trop_agb_crit': 4.015840545107116, 'trop_k_veg': 5.772840836091458, 'pop_amp': 3.9360873500623574, 'pop_peak': 16.860764337928778, 'pop_sig': 0.9032831587754256}. Best is trial 1128 with value: -0.620386984093161.
[I 2026-08-20 01:17:52,733] Trial 2054 finished with value: 0.5725708615639149 and parameters: {'k1': 0.00010609092370003394, 'D_low': 1065.3824640601954, 'k2': 0.011148026356625203, 'D_high': 5795812.7424459355, 'fire_exp': 1.6158247341679846, 'P_half': 6522.605005789793, 'pre_dampen_half': 1.4696694829768102, 'gpp_af': 0.01809487437433114, 'gpp_b': 0.0036373274910220057, 'gpp_d': 0.09445570176208114, 'ign_k': 0.6818601665685391, 'ign_c': 1.0519255720785676, 'trop_agb_crit': 1.9559244471513593, 'trop_k_veg': 4.369124411307396, 'pop_amp': 16.658039458793933, 'pop_peak': 0.16731071958348046, 'pop_sig': 0.7688627009564153}. Best is trial 1128 with value: -0.620386984093161.
[I 2026-08-20 01:17:54,344] Trial 2055 finished with value: 0.595835377327844 and parameters: {'k1': 1.2480421428821601e-05, 'D_low': 3.936592962218943, 'k2': 0.0008888458673190891, 'D_high': 1635359.9632331305, 'fire_exp': 4.325465444832686, 'P_half': 17.030248017708114, 'pre_dampen_half': 0.5022453585926546, 'gpp_af': 0.0026746409861477046, 'gpp_b': 0.0034080180386464125, 'gpp_d': 163.39361840210765, 'ign_k': 2.6509416532969676, 'ign_c': 25.497836711381936, 'trop_agb_crit': 7.153800175911041, 'trop_k_veg': 1.0147804225319892, 'pop_amp': 4.10129268156931, 'pop_peak': 3.617972010606063, 'pop_sig': 2.0510619787661906}. Best is trial 1128 with value: -0.620386984093161.
[I 2026-08-20 01:17:56,414] Trial 2056 finished with value: 0.6001156695726849 and parameters: {'k1': 1.9162070257753896e-05, 'D_low': 4.641148070734926, 'k2': 0.0009167073680941177, 'D_high': 4563.999521976708, 'fire_exp': 4.540447765228707, 'P_half': 33.212371164650655, 'pre_dampen_half': 0.5085532039415365, 'gpp_af': 0.005866443779117597, 'gpp_b': 5.6069765648983174e-05, 'gpp_d': 114.59922968476027, 'ign_k': 0.3734657125289563, 'ign_c': 1.125650816494255, 'trop_agb_crit': 6.357823295138302, 'trop_k_veg': 0.6259072804020192, 'pop_amp': 0.17941680688272657, 'pop_peak': 3.7861172164413914, 'pop_sig': 1.4314516961179125}. Best is trial 1128 with value: -0.620386984093161.
[I 2026-08-20 01:17:57,977] Trial 2057 finished with value: 0.6424279323464006 and parameters: {'k1': 0.002059989283674942, 'D_low': 291.1500318043741, 'k2': 0.09689900807822555, 'D_high': 376.8536487288574, 'fire_exp': 8.71928185490655, 'P_half': 156.30253518196412, 'pre_dampen_half': 0.06454904859281406, 'gpp_af': 45.40084288800256, 'gpp_b': 2.8722129630708757, 'gpp_d': 313.4625196173015, 'ign_k': 0.20032827913960408, 'ign_c': 0.18300637457703114, 'trop_agb_crit': 1.34067808568166, 'trop_k_veg': 0.9224377868832078, 'pop_amp': 0.3002310366001462, 'pop_peak': 49.011268473932866, 'pop_sig': 0.538186406533568}. Best is trial 1128 with value: -0.620386984093161.
[I 2026-08-20 01:17:59,577] Trial 2058 finished with value: 0.5311728845411807 and parameters: {'k1': 0.00042493778490067144, 'D_low': 9.463212514227592, 'k2': 0.00618098149212025, 'D_high': 3034174.4667999535, 'fire_exp': 3.6236015252431133, 'P_half': 1.8076935745675475, 'pre_dampen_half': 2.135359617628054, 'gpp_af': 0.039572413900750905, 'gpp_b': 1.619358120379143e-05, 'gpp_d': 30.142260520286175, 'ign_k': 4.7543168307789045, 'ign_c': 26.379343997556134, 'trop_agb_crit': 2.412431536336987, 'trop_k_veg': 6.255887508014733, 'pop_amp': 0.042243353429429586, 'pop_peak': 33.96879037888896, 'pop_sig': 0.334826973817967}. Best is trial 1128 with value: -0.620386984093161.
[I 2026-08-20 01:18:01,118] Trial 2059 finished with value: 0.43793019965617686 and parameters: {'k1': 0.001011647687393333, 'D_low': 30.79321524192439, 'k2': 0.002811812401344936, 'D_high': 306090.10280346364, 'fire_exp': 1.5312596780706134, 'P_half': 3.738447499598756, 'pre_dampen_half': 0.011913149176450364, 'gpp_af': 0.0017196330793751565, 'gpp_b': 1.001748662893229e-05, 'gpp_d': 0.06839261078949291, 'ign_k': 0.15459091561698246, 'ign_c': 7.432938042967, 'trop_agb_crit': 3.698670762226379, 'trop_k_veg': 5.220714236987194, 'pop_amp': 9.139431924106496, 'pop_peak': 0.4520578945128273, 'pop_sig': 0.7904415616214123}. Best is trial 1128 with value: -0.620386984093161.
[I 2026-08-20 01:18:02,663] Trial 2060 finished with value: 0.5705489712346884 and parameters: {'k1': 0.00033413749060803226, 'D_low': 26.754617499387777, 'k2': 0.001064894057842828, 'D_high': 4767413.573448633, 'fire_exp': 1.2253331884817082, 'P_half': 21.154801875338432, 'pre_dampen_half': 0.37237552730560886, 'gpp_af': 0.0018426871838629585, 'gpp_b': 0.0032824439000729215, 'gpp_d': 69.79621540081818, 'ign_k': 5.474829898280692, 'ign_c': 0.703254040806823, 'trop_agb_crit': 1.0782686383029438, 'trop_k_veg': 4.4120743024788025, 'pop_amp': 0.0015257861538147638, 'pop_peak': 0.5573087540593713, 'pop_sig': 0.7155050230784722}. Best is trial 1128 with value: -0.620386984093161.
[I 2026-08-20 01:18:04,215] Trial 2061 finished with value: 0.43812414192985416 and parameters: {'k1': 0.0004637989929517121, 'D_low': 3.636055140324917, 'k2': 0.04455490498684454, 'D_high': 245361.16418220545, 'fire_exp': 2.415917900989886, 'P_half': 139.93569314765531, 'pre_dampen_half': 1.5443489124156193, 'gpp_af': 0.007974836611818135, 'gpp_b': 0.0002536788557683893, 'gpp_d': 10.698879805224243, 'ign_k': 1.2022682820961648, 'ign_c': 7.321894464990608, 'trop_agb_crit': 12.271973357088271, 'trop_k_veg': 1.20680830925245, 'pop_amp': 1.2830331665379475, 'pop_peak': 0.3528678047230444, 'pop_sig': 1.1558475791683651}. Best is trial 1128 with value: -0.620386984093161.
[I 2026-08-20 01:18:05,749] Trial 2062 finished with value: 0.43106430428897036 and parameters: {'k1': 0.00020912330860433173, 'D_low': 160.79934555208254, 'k2': 0.08885362200309176, 'D_high': 464098.3384454483, 'fire_exp': 1.3557934171639812, 'P_half': 8.931791994496491, 'pre_dampen_half': 2.0519704337294233, 'gpp_af': 0.004956661071426583, 'gpp_b': 0.0001533195874205474, 'gpp_d': 46.82912381654265, 'ign_k': 0.0016499016982030933, 'ign_c': 2.6284248247857107, 'trop_agb_crit': 1.2872976971046382, 'trop_k_veg': 1.3874906250077725, 'pop_amp': 3.779416972951364, 'pop_peak': 27.936540134889608, 'pop_sig': 2.3399776740771396}. Best is trial 1128 with value: -0.620386984093161.
[I 2026-08-20 01:18:07,301] Trial 2063 finished with value: 0.5922640537534607 and parameters: {'k1': 6.0425809606612e-05, 'D_low': 15692.603218344324, 'k2': 0.006381422247649747, 'D_high': 123373.38635653142, 'fire_exp': 7.790289078124563, 'P_half': 180.66051279714557, 'pre_dampen_half': 33.70037283286618, 'gpp_af': 31.417444336463024, 'gpp_b': 1.8457039836190536e-05, 'gpp_d': 683.7558545190934, 'ign_k': 3.7181866387019027, 'ign_c': 0.26193803641829744, 'trop_agb_crit': 5.585985135589929, 'trop_k_veg': 5.961066448623235, 'pop_amp': 0.14209597466765408, 'pop_peak': 0.7742552194782387, 'pop_sig': 1.2110780158199912}. Best is trial 1128 with value: -0.620386984093161.
[I 2026-08-20 01:18:08,852] Trial 2064 finished with value: 0.5965465542931797 and parameters: {'k1': 0.0003960619292258562, 'D_low': 10.22290709039, 'k2': 0.00301159525259095, 'D_high': 1751940.055321832, 'fire_exp': 1.5648370420523687, 'P_half': 3976.874181952763, 'pre_dampen_half': 18.7146867829739, 'gpp_af': 0.0031916725986287733, 'gpp_b': 0.00017197636929934743, 'gpp_d': 0.18645748183541197, 'ign_k': 1.0061021892394706, 'ign_c': 28.95849345046008, 'trop_agb_crit': 5.344703007385781, 'trop_k_veg': 6.111096413339955, 'pop_amp': 1.925214632496658, 'pop_peak': 57.68676119951998, 'pop_sig': 0.5810338072866639}. Best is trial 1128 with value: -0.620386984093161.
[I 2026-08-20 01:18:10,417] Trial 2065 finished with value: 0.44254050727702887 and parameters: {'k1': 0.00014818996723391212, 'D_low': 5.467448737318437, 'k2': 0.0035622687566398427, 'D_high': 7625100.862164302, 'fire_exp': 3.826714097087, 'P_half': 31.96732592089381, 'pre_dampen_half': 0.3254874744817941, 'gpp_af': 0.06938624702781222, 'gpp_b': 8.197513993203613e-05, 'gpp_d': 12.584141621817654, 'ign_k': 1.4276265253363427, 'ign_c': 5.193250966295493, 'trop_agb_crit': 9.999557757931232, 'trop_k_veg': 1.0848089222601531, 'pop_amp': 1.4271556910782885, 'pop_peak': 4.149243273116812, 'pop_sig': 1.2107015336397748}. Best is trial 1128 with value: -0.620386984093161.
[I 2026-08-20 01:18:11,972] Trial 2066 finished with value: 0.5107582964997427 and parameters: {'k1': 0.0019477752434511803, 'D_low': 22.370213158504583, 'k2': 0.0006562700676687155, 'D_high': 341591.50933039474, 'fire_exp': 2.221445538524998, 'P_half': 87.06292878269674, 'pre_dampen_half': 1.5523581904908064, 'gpp_af': 0.016978010994561782, 'gpp_b': 0.008392377702063702, 'gpp_d': 26.694603359496902, 'ign_k': 0.7679082300722908, 'ign_c': 11.473781116335362, 'trop_agb_crit': 4.878812803396195, 'trop_k_veg': 0.5426873300460625, 'pop_amp': 1.4136572355922419, 'pop_peak': 0.861926824086704, 'pop_sig': 1.6220842829571083}. Best is trial 1128 with value: -0.620386984093161.
[I 2026-08-20 01:18:13,541] Trial 2067 finished with value: 0.5839827075465946 and parameters: {'k1': 0.00016626519669402033, 'D_low': 208.2926996451525, 'k2': 0.0002167392239364178, 'D_high': 7794211.525570472, 'fire_exp': 6.4275500794167995, 'P_half': 1.0696865631181363, 'pre_dampen_half': 0.6144543555244812, 'gpp_af': 26.59152382186985, 'gpp_b': 0.038299936655468284, 'gpp_d': 183.82114015019224, 'ign_k': 0.015533100276323607, 'ign_c': 0.7285051914358922, 'trop_agb_crit': 2.3878733219951953, 'trop_k_veg': 4.321248986736807, 'pop_amp': 0.18940521355749873, 'pop_peak': 9.627496577239858, 'pop_sig': 0.553687802025786}. Best is trial 1128 with value: -0.620386984093161.
[I 2026-08-20 01:18:15,132] Trial 2068 finished with value: 0.6086084478657751 and parameters: {'k1': 0.04345695338695269, 'D_low': 1.046414506804764, 'k2': 0.0013409066843653005, 'D_high': 37.95724885015607, 'fire_exp': 4.247917064155128, 'P_half': 129.4990901313397, 'pre_dampen_half': 0.8898137747008528, 'gpp_af': 0.10461365115131988, 'gpp_b': 9.999184261169594e-05, 'gpp_d': 0.324178010057016, 'ign_k': 2.787449229338498, 'ign_c': 6.315969690163024, 'trop_agb_crit': 1.905360830618778, 'trop_k_veg': 0.635636561924334, 'pop_amp': 0.002356526571559201, 'pop_peak': 152.53902231189986, 'pop_sig': 0.46098763426825656}. Best is trial 1128 with value: -0.620386984093161.
[I 2026-08-20 01:18:17,083] Trial 2069 finished with value: 0.5588895216781542 and parameters: {'k1': 0.020129309250116252, 'D_low': 9.712578333970663, 'k2': 0.012892892427905882, 'D_high': 262931.6846451652, 'fire_exp': 2.8701982984950463, 'P_half': 2.1428821825300752, 'pre_dampen_half': 19.533705400660676, 'gpp_af': 0.01946344105115311, 'gpp_b': 0.00034612361461170473, 'gpp_d': 234.43034590213645, 'ign_k': 0.12882580787785286, 'ign_c': 9.517580570234104, 'trop_agb_crit': 5.200349449897476, 'trop_k_veg': 3.917978250630284, 'pop_amp': 3.365576277254033, 'pop_peak': 29.449024157919535, 'pop_sig': 1.6051791347347635}. Best is trial 1128 with value: -0.620386984093161.
[I 2026-08-20 01:18:18,649] Trial 2070 finished with value: 0.5381240595622302 and parameters: {'k1': 1.5900979255990326e-05, 'D_low': 10.249002278773176, 'k2': 0.010730066332606371, 'D_high': 766848.4709111435, 'fire_exp': 1.83026723720604, 'P_half': 65.4946448074325, 'pre_dampen_half': 0.41070327363786047, 'gpp_af': 0.006442227843106448, 'gpp_b': 0.00015270593705719906, 'gpp_d': 14.376534539843492, 'ign_k': 0.06537541314923888, 'ign_c': 15.435195565692423, 'trop_agb_crit': 10.766020155656044, 'trop_k_veg': 1.4004880105119004, 'pop_amp': 1.4511891707340325, 'pop_peak': 36.22402148076573, 'pop_sig': 2.187476737211142}. Best is trial 1128 with value: -0.620386984093161.
[I 2026-08-20 01:18:20,222] Trial 2071 finished with value: 0.6445374145881376 and parameters: {'k1': 0.0003905547204268387, 'D_low': 38.34108541906219, 'k2': 0.00020952470948874957, 'D_high': 300487.82898988243, 'fire_exp': 1.5999693005765423, 'P_half': 178.78424296765058, 'pre_dampen_half': 1.2727607129630096, 'gpp_af': 0.04393217314683692, 'gpp_b': 0.0001471748788219948, 'gpp_d': 865.9801951598649, 'ign_k': 1.097139925915796, 'ign_c': 132.95356745682204, 'trop_agb_crit': 7.752217768055148, 'trop_k_veg': 1.7291916351213785, 'pop_amp': 0.0301350815744705, 'pop_peak': 6.926641325298545, 'pop_sig': 1.173896738412296}. Best is trial 1128 with value: -0.620386984093161.
[I 2026-08-20 01:18:21,819] Trial 2072 finished with value: 0.44223459836826795 and parameters: {'k1': 9.696352798489367e-05, 'D_low': 1.8731794231830468, 'k2': 0.0022829076230476927, 'D_high': 3580173.375296246, 'fire_exp': 4.617663774564343, 'P_half': 12.353401604000421, 'pre_dampen_half': 5.210304060594839, 'gpp_af': 0.005612259655702889, 'gpp_b': 0.00032354314714362484, 'gpp_d': 117.19014074103718, 'ign_k': 5.4138575645172295, 'ign_c': 6.006135817832885, 'trop_agb_crit': 3.2415063805526194, 'trop_k_veg': 3.1136225918867106, 'pop_amp': 4.176961558944006, 'pop_peak': 74.91914899832206, 'pop_sig': 0.3103216218452319}. Best is trial 1128 with value: -0.620386984093161.
[I 2026-08-20 01:18:23,407] Trial 2073 finished with value: 0.6011974981214087 and parameters: {'k1': 0.004976589403528652, 'D_low': 4744.776674887958, 'k2': 0.000511623631224849, 'D_high': 4501.1374549566335, 'fire_exp': 5.008155727206461, 'P_half': 44.21795498656256, 'pre_dampen_half': 0.5205980277673004, 'gpp_af': 0.012098558171709567, 'gpp_b': 0.00014154022472729057, 'gpp_d': 8.57363160599254, 'ign_k': 0.2107583493191142, 'ign_c': 0.4473042501767234, 'trop_agb_crit': 28.387680493338266, 'trop_k_veg': 3.409333190084509, 'pop_amp': 0.40317210894653904, 'pop_peak': 1.1819637542693577, 'pop_sig': 0.9776848391008273}. Best is trial 1128 with value: -0.620386984093161.
[I 2026-08-20 01:18:25,043] Trial 2074 finished with value: 0.5769076234104534 and parameters: {'k1': 4.444015121577931e-05, 'D_low': 5.3725574836121925, 'k2': 0.001769339178229401, 'D_high': 97254.55010534024, 'fire_exp': 2.358733239550539, 'P_half': 554.280669562857, 'pre_dampen_half': 15.275911212306205, 'gpp_af': 0.025285321242394267, 'gpp_b': 0.0005254961964145596, 'gpp_d': 22.16584872661232, 'ign_k': 0.07107550133660309, 'ign_c': 14.187792663340165, 'trop_agb_crit': 7.135427266095977, 'trop_k_veg': 0.8114003207529703, 'pop_amp': 0.3040993138873253, 'pop_peak': 3.5987102759317535, 'pop_sig': 2.238154064531059}. Best is trial 1128 with value: -0.620386984093161.
[I 2026-08-20 01:18:26,597] Trial 2075 finished with value: 0.6012066286378926 and parameters: {'k1': 3.0355761105530708e-05, 'D_low': 1.5960200442345007, 'k2': 0.06630022150826032, 'D_high': 13639.636562735908, 'fire_exp': 1.5089463795687754, 'P_half': 17.10228429071939, 'pre_dampen_half': 1.2002892464814205, 'gpp_af': 0.01894494022779562, 'gpp_b': 0.7067151824422641, 'gpp_d': 42.171233213005635, 'ign_k': 0.00793081398470609, 'ign_c': 150.3578532752846, 'trop_agb_crit': 6.970594796304068, 'trop_k_veg': 2.3943753561134415, 'pop_amp': 2.0453765052194, 'pop_peak': 5.886029864552334, 'pop_sig': 0.5844405237743602}. Best is trial 1128 with value: -0.620386984093161.
[I 2026-08-20 01:18:28,183] Trial 2076 finished with value: 0.550481606283135 and parameters: {'k1': 4.190507142438956e-05, 'D_low': 50.248243972598516, 'k2': 0.00041001972970302415, 'D_high': 1488629.9782128774, 'fire_exp': 2.0208529256359102, 'P_half': 1.2962171224336907, 'pre_dampen_half': 1.3382783563909895, 'gpp_af': 0.0622588315453033, 'gpp_b': 1.549257291020338e-05, 'gpp_d': 34.87833846448847, 'ign_k': 7.87241684339719, 'ign_c': 9.707556105444256, 'trop_agb_crit': 1.1247122991729583, 'trop_k_veg': 4.198726170792919, 'pop_amp': 10.579567495176674, 'pop_peak': 5.270577046391392, 'pop_sig': 0.4249438707668568}. Best is trial 1128 with value: -0.620386984093161.
[I 2026-08-20 01:18:29,781] Trial 2077 finished with value: 0.5843273491154288 and parameters: {'k1': 0.00015844503573569986, 'D_low': 25.829134197555433, 'k2': 0.003305174992370906, 'D_high': 796382.9385965382, 'fire_exp': 4.243116881085714, 'P_half': 9.711542281990257, 'pre_dampen_half': 26.627228085590588, 'gpp_af': 0.0066265993205882135, 'gpp_b': 0.0008313600679287126, 'gpp_d': 124.20181484586847, 'ign_k': 0.018936781103748232, 'ign_c': 16.548486960135858, 'trop_agb_crit': 8.681654355161989, 'trop_k_veg': 0.748529266349142, 'pop_amp': 0.40877200185141405, 'pop_peak': 3.0235661902016315, 'pop_sig': 1.491927779285623}. Best is trial 1128 with value: -0.620386984093161.
[I 2026-08-20 01:18:31,366] Trial 2078 finished with value: 0.6445374145881376 and parameters: {'k1': 0.005345424405996108, 'D_low': 517.6840833035717, 'k2': 0.004303591095114352, 'D_high': 1846455.9506090723, 'fire_exp': 2.888024598233207, 'P_half': 1.3615140052814878, 'pre_dampen_half': 0.014120497812944851, 'gpp_af': 2.2259522468121546, 'gpp_b': 1.0758876045148991e-05, 'gpp_d': 67.73176035479108, 'ign_k': 0.06170812983769644, 'ign_c': 245.12893683235038, 'trop_agb_crit': 13.926421114917868, 'trop_k_veg': 2.6592686906910505, 'pop_amp': 2.9425356681327983, 'pop_peak': 100.47279976792514, 'pop_sig': 1.2870716166326595}. Best is trial 1128 with value: -0.620386984093161.
[I 2026-08-20 01:18:33,001] Trial 2079 finished with value: 0.5196740281596857 and parameters: {'k1': 0.000944522143763224, 'D_low': 65.69614605503716, 'k2': 0.069196088601104, 'D_high': 45170.96263759746, 'fire_exp': 1.7595752254763333, 'P_half': 106.33683888802315, 'pre_dampen_half': 24.516942018597952, 'gpp_af': 0.002396847133000408, 'gpp_b': 0.0023405957482522865, 'gpp_d': 1.5728703049431105, 'ign_k': 0.6773067334798609, 'ign_c': 7.412740782979401, 'trop_agb_crit': 3.468889410240658, 'trop_k_veg': 7.722026199639632, 'pop_amp': 0.008720284964501694, 'pop_peak': 1.2201379210003669, 'pop_sig': 0.3880607794332687}. Best is trial 1128 with value: -0.620386984093161.
