[I 2026-06-10 21:32:09,708] Trial 595 finished with values: [10.135729043901804, 10.135729043901804] and parameters: {'k1': 0.012840669372724958, 'D_low': 40.12413353131991, 'k2': 0.002884223471687844, 'D_high': 40237.59749324181, 'fire_exp': 1.2781983515972553, 'P_half': 13.30003421978439, 'pre_dampen_half': 13.472769577631583, 'gpp_af': 0.3002317246575309, 'gpp_b': 0.014662453726154785, 'gpp_d': 922.1975850381748, 'ign_k': 0.038563028138793747, 'ign_c': 0.5655677524618509, 'trop_agb_crit': 2.082468072533112, 'trop_k_veg': 1.331829048405031, 'fuel_k': 4.710433409437072, 'fuel_half': 1.9170041589170652}.
[I 2026-06-10 21:32:11,523] Trial 596 finished with values: [10.719883049680332, 10.719883049680332] and parameters: {'k1': 0.012840669372724958, 'D_low': 5.351452349843333, 'k2': 0.002884223471687844, 'D_high': 3512.7047262708465, 'fire_exp': 1.2781983515972553, 'P_half': 8935.977793528187, 'pre_dampen_half': 13.472769577631583, 'gpp_af': 0.3002317246575309, 'gpp_b': 2.176805640408474e-05, 'gpp_d': 32.54021513867688, 'ign_k': 3.965503094323014, 'ign_c': 0.5655677524618509, 'trop_agb_crit': 10.215415653610627, 'trop_k_veg': 6.45312300188076, 'fuel_k': 4.710433409437072, 'fuel_half': 11.781063202742125}.
[I 2026-06-10 21:32:14,477] Trial 597 finished with values: [-0.38498812265117754, 0.7462448848142327] and parameters: {'k1': 0.002155595057104387, 'D_low': 36.07301614542843, 'k2': 0.002173988526401145, 'D_high': 61536.58035691648, 'fire_exp': 1.423480109671474, 'P_half': 13.30003421978439, 'pre_dampen_half': 565.0116730717873, 'gpp_af': 0.053663001820106804, 'gpp_b': 0.00012118589392553798, 'gpp_d': 229.41380323183625, 'ign_k': 0.012868405331151606, 'ign_c': 0.5655677524618509, 'trop_agb_crit': 5.526463318565575, 'trop_k_veg': 1.3987664054208562, 'fuel_k': 4.710433409437072, 'fuel_half': 11.781063202742125}.
[I 2026-06-10 21:32:16,551] Trial 598 finished with values: [-0.654125328352912, 0.5487496500087428] and parameters: {'k1': 0.012840669372724958, 'D_low': 5.351452349843333, 'k2': 0.015109086063191909, 'D_high': 3512.7047262708465, 'fire_exp': 1.2781983515972553, 'P_half': 13.30003421978439, 'pre_dampen_half': 13.472769577631583, 'gpp_af': 5.056419398267455, 'gpp_b': 0.00012118589392553798, 'gpp_d': 32.54021513867688, 'ign_k': 3.965503094323014, 'ign_c': 0.5655677524618509, 'trop_agb_crit': 10.215415653610627, 'trop_k_veg': 4.129715873342728, 'fuel_k': 0.9221804185592763, 'fuel_half': 0.17108183937377372}.
[I 2026-06-10 21:32:18,798] Trial 599 finished with values: [10.305962003644451, 10.305962003644451] and parameters: {'k1': 3.513654139451101e-05, 'D_low': 525.4883437268169, 'k2': 0.0002172578929502367, 'D_high': 42210.21267871043, 'fire_exp': 1.2781983515972553, 'P_half': 603.3623633620597, 'pre_dampen_half': 13.472769577631583, 'gpp_af': 0.3002317246575309, 'gpp_b': 1.284284091405877e-05, 'gpp_d': 229.41380323183625, 'ign_k': 5.351470428717437, 'ign_c': 1.4940577239079738, 'trop_agb_crit': 9.286923253577127, 'trop_k_veg': 6.45312300188076, 'fuel_k': 4.710433409437072, 'fuel_half': 1.3323297901105768}.
[I 2026-06-10 21:32:21,135] Trial 600 finished with values: [11.09302082365488, 11.09302082365488] and parameters: {'k1': 0.012840669372724958, 'D_low': 5.351452349843333, 'k2': 0.002884223471687844, 'D_high': 40237.59749324181, 'fire_exp': 1.5191397119156032, 'P_half': 13.30003421978439, 'pre_dampen_half': 565.0116730717873, 'gpp_af': 1.1347624185662224, 'gpp_b': 0.00012118589392553798, 'gpp_d': 32.54021513867688, 'ign_k': 3.965503094323014, 'ign_c': 0.5655677524618509, 'trop_agb_crit': 10.215415653610627, 'trop_k_veg': 4.129715873342728, 'fuel_k': 0.4182971994460706, 'fuel_half': 71.14476009343416}.
[I 2026-06-10 21:32:23,553] Trial 601 finished with values: [10.495123187869314, 10.495123187869314] and parameters: {'k1': 0.03865036856259725, 'D_low': 40.12413353131991, 'k2': 0.002173988526401145, 'D_high': 91246.32886689917, 'fire_exp': 1.2781983515972553, 'P_half': 221.2683656611821, 'pre_dampen_half': 1.0509785213427776, 'gpp_af': 28.269551568161315, 'gpp_b': 0.005419266601560437, 'gpp_d': 229.41380323183625, 'ign_k': 0.051617677478672866, 'ign_c': 0.5655677524618509, 'trop_agb_crit': 5.12586335774155, 'trop_k_veg': 1.331829048405031, 'fuel_k': 0.4182971994460706, 'fuel_half': 54.91887821601532}.
[I 2026-06-10 21:32:26,447] Trial 602 finished with values: [-0.22797618974772296, 0.8583679321136126] and parameters: {'k1': 0.014414315663330233, 'D_low': 2.4474057445796826, 'k2': 7.841214856323651e-05, 'D_high': 91246.32886689917, 'fire_exp': 1.1103154430776774, 'P_half': 56.22114524476698, 'pre_dampen_half': 565.0116730717873, 'gpp_af': 0.24002253099641147, 'gpp_b': 0.00011536203425923768, 'gpp_d': 59.94537656798816, 'ign_k': 0.001973268844408891, 'ign_c': 30.785541778315018, 'trop_agb_crit': 27.025726513675966, 'trop_k_veg': 7.732256834860708, 'fuel_k': 0.9853604572233572, 'fuel_half': 11.781063202742125}.
[I 2026-06-10 21:32:29,382] Trial 603 finished with values: [-0.38731104668550514, 0.8097773488639692] and parameters: {'k1': 0.03865036856259725, 'D_low': 40.12413353131991, 'k2': 0.015109086063191909, 'D_high': 40237.59749324181, 'fire_exp': 1.2781983515972553, 'P_half': 221.2683656611821, 'pre_dampen_half': 243.70551632385417, 'gpp_af': 0.3002317246575309, 'gpp_b': 1.284284091405877e-05, 'gpp_d': 229.41380323183625, 'ign_k': 0.038563028138793747, 'ign_c': 1.4940577239079738, 'trop_agb_crit': 2.082468072533112, 'trop_k_veg': 1.331829048405031, 'fuel_k': 0.9221804185592763, 'fuel_half': 11.781063202742125}.
[I 2026-06-10 21:32:31,625] Trial 604 finished with values: [10.367344487647092, 10.367344487647092] and parameters: {'k1': 0.0006579066240690734, 'D_low': 323.7668055684038, 'k2': 0.005884974770225298, 'D_high': 3512.7047262708465, 'fire_exp': 1.2781983515972553, 'P_half': 93.43302657318476, 'pre_dampen_half': 243.70551632385417, 'gpp_af': 5.056419398267455, 'gpp_b': 0.005419266601560437, 'gpp_d': 12.6084874067596, 'ign_k': 0.038563028138793747, 'ign_c': 0.5655677524618509, 'trop_agb_crit': 10.215415653610627, 'trop_k_veg': 7.808383845409472, 'fuel_k': 0.4182971994460706, 'fuel_half': 11.781063202742125}.
[I 2026-06-10 21:32:33,935] Trial 605 finished with values: [10.381285397195954, 10.381285397195954] and parameters: {'k1': 0.0006579066240690734, 'D_low': 323.7668055684038, 'k2': 0.004708159793250189, 'D_high': 40237.59749324181, 'fire_exp': 1.2781983515972553, 'P_half': 13.30003421978439, 'pre_dampen_half': 565.0116730717873, 'gpp_af': 0.3002317246575309, 'gpp_b': 0.014662453726154785, 'gpp_d': 12.6084874067596, 'ign_k': 0.0030257721519613206, 'ign_c': 0.5655677524618509, 'trop_agb_crit': 5.12586335774155, 'trop_k_veg': 2.132271839889451, 'fuel_k': 0.4182971994460706, 'fuel_half': 7.21890020361181}.
[I 2026-06-10 21:32:36,339] Trial 606 finished with values: [-0.604717203402562, 0.503475067611413] and parameters: {'k1': 0.03865036856259725, 'D_low': 40.12413353131991, 'k2': 0.0004976087827261435, 'D_high': 40237.59749324181, 'fire_exp': 1.3439845908886636, 'P_half': 93.43302657318476, 'pre_dampen_half': 243.70551632385417, 'gpp_af': 0.3002317246575309, 'gpp_b': 0.005419266601560437, 'gpp_d': 922.1975850381748, 'ign_k': 0.038563028138793747, 'ign_c': 0.5655677524618509, 'trop_agb_crit': 9.286923253577127, 'trop_k_veg': 4.7254560805090735, 'fuel_k': 0.4182971994460706, 'fuel_half': 1.9170041589170652}.
[I 2026-06-10 21:32:38,464] Trial 607 finished with values: [-0.506404658350615, 0.2902653931466814] and parameters: {'k1': 0.0006579066240690734, 'D_low': 323.7668055684038, 'k2': 0.002884223471687844, 'D_high': 3512.7047262708465, 'fire_exp': 1.2781983515972553, 'P_half': 13.30003421978439, 'pre_dampen_half': 857.6556763881457, 'gpp_af': 0.3002317246575309, 'gpp_b': 0.005419266601560437, 'gpp_d': 12.6084874067596, 'ign_k': 1.1044350847124695, 'ign_c': 0.5655677524618509, 'trop_agb_crit': 9.286923253577127, 'trop_k_veg': 0.6673144260285098, 'fuel_k': 0.4182971994460706, 'fuel_half': 11.781063202742125}.
[I 2026-06-10 21:32:41,109] Trial 608 finished with values: [10.348793160074056, 10.348793160074056] and parameters: {'k1': 0.001906534551939351, 'D_low': 2.4474057445796826, 'k2': 0.002173988526401145, 'D_high': 91246.32886689917, 'fire_exp': 1.2918065501148304, 'P_half': 13.30003421978439, 'pre_dampen_half': 565.0116730717873, 'gpp_af': 5.056419398267455, 'gpp_b': 0.005419266601560437, 'gpp_d': 32.54021513867688, 'ign_k': 0.038563028138793747, 'ign_c': 0.2669144717088781, 'trop_agb_crit': 27.025726513675966, 'trop_k_veg': 7.732256834860708, 'fuel_k': 2.563645943471902, 'fuel_half': 1.9170041589170652}.
[I 2026-06-10 21:32:44,345] Trial 609 finished with values: [10.67512056992481, 10.67512056992481] and parameters: {'k1': 0.0006579066240690734, 'D_low': 7.857247967427123, 'k2': 0.0004976087827261435, 'D_high': 42210.21267871043, 'fire_exp': 1.423480109671474, 'P_half': 56.22114524476698, 'pre_dampen_half': 13.472769577631583, 'gpp_af': 0.22965432344634354, 'gpp_b': 2.176805640408474e-05, 'gpp_d': 14.423399576193098, 'ign_k': 4.591485216740537, 'ign_c': 30.785541778315018, 'trop_agb_crit': 10.691477813613638, 'trop_k_veg': 7.732256834860708, 'fuel_k': 4.710433409437072, 'fuel_half': 1.3323297901105768}.
[I 2026-06-10 21:32:48,383] Trial 610 finished with values: [10.047644691671433, 10.047644691671433] and parameters: {'k1': 0.001906534551939351, 'D_low': 5.351452349843333, 'k2': 0.002884223471687844, 'D_high': 91246.32886689917, 'fire_exp': 1.3806513288500464, 'P_half': 789.505697600963, 'pre_dampen_half': 565.0116730717873, 'gpp_af': 0.3002317246575309, 'gpp_b': 2.176805640408474e-05, 'gpp_d': 32.54021513867688, 'ign_k': 3.965503094323014, 'ign_c': 0.5655677524618509, 'trop_agb_crit': 27.025726513675966, 'trop_k_veg': 7.732256834860708, 'fuel_k': 2.563645943471902, 'fuel_half': 1.3323297901105768}.
[I 2026-06-10 21:32:51,991] Trial 611 finished with values: [10.241579073263482, 10.241579073263482] and parameters: {'k1': 0.012840669372724958, 'D_low': 2.4474057445796826, 'k2': 0.002173988526401145, 'D_high': 40237.59749324181, 'fire_exp': 1.5191397119156032, 'P_half': 221.2683656611821, 'pre_dampen_half': 599.2644014925409, 'gpp_af': 5.056419398267455, 'gpp_b': 0.00012118589392553798, 'gpp_d': 59.94537656798816, 'ign_k': 3.965503094323014, 'ign_c': 1.4940577239079738, 'trop_agb_crit': 5.526463318565575, 'trop_k_veg': 4.129715873342728, 'fuel_k': 0.2503625235956924, 'fuel_half': 11.781063202742125}.
[I 2026-06-10 21:32:54,793] Trial 612 finished with values: [10.414224958273174, 10.414224958273174] and parameters: {'k1': 0.03865036856259725, 'D_low': 40.12413353131991, 'k2': 0.015109086063191909, 'D_high': 2289.1315306837046, 'fire_exp': 1.1103154430776774, 'P_half': 221.2683656611821, 'pre_dampen_half': 565.0116730717873, 'gpp_af': 5.056419398267455, 'gpp_b': 0.00011536203425923768, 'gpp_d': 229.41380323183625, 'ign_k': 5.351470428717437, 'ign_c': 0.5655677524618509, 'trop_agb_crit': 10.691477813613638, 'trop_k_veg': 6.45312300188076, 'fuel_k': 4.710433409437072, 'fuel_half': 11.781063202742125}.
[I 2026-06-10 21:32:57,210] Trial 613 finished with values: [10.165688804924654, 10.165688804924654] and parameters: {'k1': 0.012840669372724958, 'D_low': 97.43142535650219, 'k2': 0.0002172578929502367, 'D_high': 2058.484816788601, 'fire_exp': 1.423480109671474, 'P_half': 2.0598022365449626, 'pre_dampen_half': 857.6556763881457, 'gpp_af': 0.023485690470339222, 'gpp_b': 1.284284091405877e-05, 'gpp_d': 229.41380323183625, 'ign_k': 1.1044350847124695, 'ign_c': 22.126836566118193, 'trop_agb_crit': 15.68644624233575, 'trop_k_veg': 6.45312300188076, 'fuel_k': 0.016620306147390372, 'fuel_half': 11.781063202742125}.
[I 2026-06-10 21:33:00,278] Trial 614 finished with values: [10.666587786890593, 10.666587786890593] and parameters: {'k1': 0.012840669372724958, 'D_low': 323.7668055684038, 'k2': 0.002173988526401145, 'D_high': 22.01065661005581, 'fire_exp': 1.1103154430776774, 'P_half': 13.30003421978439, 'pre_dampen_half': 243.70551632385417, 'gpp_af': 0.24002253099641147, 'gpp_b': 0.00012118589392553798, 'gpp_d': 12.338826503601998, 'ign_k': 0.02226297338331263, 'ign_c': 0.5655677524618509, 'trop_agb_crit': 28.4191188830683, 'trop_k_veg': 4.129715873342728, 'fuel_k': 0.2280813307334768, 'fuel_half': 0.17108183937377372}.
[I 2026-06-10 21:33:03,064] Trial 615 finished with values: [10.3909044584544, 10.3909044584544] and parameters: {'k1': 0.0006579066240690734, 'D_low': 323.7668055684038, 'k2': 0.004708159793250189, 'D_high': 40237.59749324181, 'fire_exp': 1.3806513288500464, 'P_half': 93.43302657318476, 'pre_dampen_half': 565.0116730717873, 'gpp_af': 0.3002317246575309, 'gpp_b': 0.014662453726154785, 'gpp_d': 32.54021513867688, 'ign_k': 0.0030257721519613206, 'ign_c': 0.5655677524618509, 'trop_agb_crit': 9.286923253577127, 'trop_k_veg': 4.7254560805090735, 'fuel_k': 2.563645943471902, 'fuel_half': 7.21890020361181}.
[I 2026-06-10 21:33:05,321] Trial 616 finished with values: [10.639744356684051, 10.639744356684051] and parameters: {'k1': 0.002155595057104387, 'D_low': 37.35862630812753, 'k2': 0.002173988526401145, 'D_high': 12124.080603355414, 'fire_exp': 1.423480109671474, 'P_half': 102.4585893986732, 'pre_dampen_half': 32.53305539860191, 'gpp_af': 0.24002253099641147, 'gpp_b': 0.00012118589392553798, 'gpp_d': 32.54021513867688, 'ign_k': 4.591485216740537, 'ign_c': 30.785541778315018, 'trop_agb_crit': 19.15805325046976, 'trop_k_veg': 5.876643247346733, 'fuel_k': 4.710433409437072, 'fuel_half': 0.17108183937377372}.
[I 2026-06-10 21:33:08,496] Trial 617 finished with values: [10.768071093735545, 10.768071093735545] and parameters: {'k1': 0.028401063201780267, 'D_low': 37.35862630812753, 'k2': 0.0001906331412032436, 'D_high': 83201.33621840179, 'fire_exp': 1.423480109671474, 'P_half': 13.30003421978439, 'pre_dampen_half': 243.70551632385417, 'gpp_af': 0.053663001820106804, 'gpp_b': 2.318169822598353, 'gpp_d': 0.09106188238787616, 'ign_k': 4.591485216740537, 'ign_c': 22.126836566118193, 'trop_agb_crit': 10.691477813613638, 'trop_k_veg': 5.876643247346733, 'fuel_k': 4.710433409437072, 'fuel_half': 60.70952705230881}.
[I 2026-06-10 21:33:10,957] Trial 618 finished with values: [10.253305415972086, 10.253305415972086] and parameters: {'k1': 0.002155595057104387, 'D_low': 525.4883437268169, 'k2': 0.002173988526401145, 'D_high': 42210.21267871043, 'fire_exp': 1.423480109671474, 'P_half': 2.0598022365449626, 'pre_dampen_half': 32.53305539860191, 'gpp_af': 0.3002317246575309, 'gpp_b': 0.00012118589392553798, 'gpp_d': 14.423399576193098, 'ign_k': 0.019655597419418837, 'ign_c': 1.4940577239079738, 'trop_agb_crit': 10.691477813613638, 'trop_k_veg': 6.45312300188076, 'fuel_k': 4.710433409437072, 'fuel_half': 4.144611522256596}.
[I 2026-06-10 21:33:13,515] Trial 619 finished with values: [-0.27201991403968795, 0.933937144303159] and parameters: {'k1': 0.0006579066240690734, 'D_low': 323.7668055684038, 'k2': 0.002173988526401145, 'D_high': 91246.32886689917, 'fire_exp': 1.1103154430776774, 'P_half': 13.30003421978439, 'pre_dampen_half': 565.0116730717873, 'gpp_af': 28.269551568161315, 'gpp_b': 0.005419266601560437, 'gpp_d': 32.54021513867688, 'ign_k': 0.012868405331151606, 'ign_c': 0.5655677524618509, 'trop_agb_crit': 5.12586335774155, 'trop_k_veg': 1.331829048405031, 'fuel_k': 0.4182971994460706, 'fuel_half': 54.91887821601532}.
[I 2026-06-10 21:33:16,023] Trial 620 finished with values: [10.50466072532629, 10.50466072532629] and parameters: {'k1': 0.012840669372724958, 'D_low': 2.4474057445796826, 'k2': 0.002884223471687844, 'D_high': 42210.21267871043, 'fire_exp': 1.1103154430776774, 'P_half': 118.39097834757698, 'pre_dampen_half': 857.6556763881457, 'gpp_af': 0.3002317246575309, 'gpp_b': 2.176805640408474e-05, 'gpp_d': 229.41380323183625, 'ign_k': 1.1044350847124695, 'ign_c': 22.126836566118193, 'trop_agb_crit': 10.215415653610627, 'trop_k_veg': 0.9373278207026221, 'fuel_k': 2.563645943471902, 'fuel_half': 54.91887821601532}.
[I 2026-06-10 21:33:18,452] Trial 621 finished with values: [10.451125831547012, 10.451125831547012] and parameters: {'k1': 0.012840669372724958, 'D_low': 5.351452349843333, 'k2': 0.0002172578929502367, 'D_high': 42210.21267871043, 'fire_exp': 1.1103154430776774, 'P_half': 2.0598022365449626, 'pre_dampen_half': 13.472769577631583, 'gpp_af': 0.05511595477601767, 'gpp_b': 0.0001484082099455773, 'gpp_d': 32.54021513867688, 'ign_k': 5.351470428717437, 'ign_c': 0.5655677524618509, 'trop_agb_crit': 3.3448187471049953, 'trop_k_veg': 6.45312300188076, 'fuel_k': 4.710433409437072, 'fuel_half': 1.3323297901105768}.
[I 2026-06-10 21:33:20,889] Trial 622 finished with values: [-0.7287597698823687, 0.6114839100387303] and parameters: {'k1': 0.002155595057104387, 'D_low': 1.895375973243287, 'k2': 0.002173988526401145, 'D_high': 12124.080603355414, 'fire_exp': 1.423480109671474, 'P_half': 119.18981992518337, 'pre_dampen_half': 32.53305539860191, 'gpp_af': 0.053663001820106804, 'gpp_b': 0.00012118589392553798, 'gpp_d': 14.423399576193098, 'ign_k': 4.591485216740537, 'ign_c': 1.0944963667961967, 'trop_agb_crit': 10.691477813613638, 'trop_k_veg': 5.876643247346733, 'fuel_k': 4.710433409437072, 'fuel_half': 1.3323297901105768}.
[I 2026-06-10 21:33:23,518] Trial 623 finished with values: [10.689106837660798, 10.689106837660798] and parameters: {'k1': 0.03865036856259725, 'D_low': 7.857247967427123, 'k2': 0.015109086063191909, 'D_high': 18.64018654712298, 'fire_exp': 1.2918065501148304, 'P_half': 221.2683656611821, 'pre_dampen_half': 243.70551632385417, 'gpp_af': 5.056419398267455, 'gpp_b': 1.284284091405877e-05, 'gpp_d': 32.54021513867688, 'ign_k': 5.351470428717437, 'ign_c': 0.5655677524618509, 'trop_agb_crit': 12.647327018493208, 'trop_k_veg': 4.599337386928772, 'fuel_k': 0.5182294818798785, 'fuel_half': 1.9170041589170652}.
[I 2026-06-10 21:33:26,223] Trial 624 finished with values: [10.896685742439095, 10.896685742439095] and parameters: {'k1': 0.002155595057104387, 'D_low': 37.35862630812753, 'k2': 0.015109086063191909, 'D_high': 12124.080603355414, 'fire_exp': 1.423480109671474, 'P_half': 102.4585893986732, 'pre_dampen_half': 32.53305539860191, 'gpp_af': 0.3002317246575309, 'gpp_b': 1.284284091405877e-05, 'gpp_d': 12.6084874067596, 'ign_k': 4.591485216740537, 'ign_c': 1.4940577239079738, 'trop_agb_crit': 10.691477813613638, 'trop_k_veg': 6.45312300188076, 'fuel_k': 4.710433409437072, 'fuel_half': 0.17108183937377372}.
[I 2026-06-10 21:33:30,404] Trial 625 finished with values: [10.427466616852582, 10.427466616852582] and parameters: {'k1': 0.0006579066240690734, 'D_low': 8.606931125089957, 'k2': 0.002884223471687844, 'D_high': 3512.7047262708465, 'fire_exp': 1.2781983515972553, 'P_half': 93.43302657318476, 'pre_dampen_half': 857.6556763881457, 'gpp_af': 0.24002253099641147, 'gpp_b': 0.005419266601560437, 'gpp_d': 32.54021513867688, 'ign_k': 0.038563028138793747, 'ign_c': 0.5655677524618509, 'trop_agb_crit': 27.025726513675966, 'trop_k_veg': 6.45312300188076, 'fuel_k': 4.710433409437072, 'fuel_half': 1.3323297901105768}.
[I 2026-06-10 21:33:33,579] Trial 626 finished with values: [10.425128446533718, 10.425128446533718] and parameters: {'k1': 0.03865036856259725, 'D_low': 323.7668055684038, 'k2': 0.015109086063191909, 'D_high': 1445.5983984872983, 'fire_exp': 1.1174086754605184, 'P_half': 221.2683656611821, 'pre_dampen_half': 857.6556763881457, 'gpp_af': 0.3002317246575309, 'gpp_b': 0.005419266601560437, 'gpp_d': 251.4174619025927, 'ign_k': 0.02741350741975827, 'ign_c': 1.4940577239079738, 'trop_agb_crit': 10.215415653610627, 'trop_k_veg': 6.45312300188076, 'fuel_k': 0.4182971994460706, 'fuel_half': 85.41272006037322}.
[I 2026-06-10 21:33:36,517] Trial 627 finished with values: [10.093599850222759, 10.093599850222759] and parameters: {'k1': 0.0006579066240690734, 'D_low': 401.33725523815957, 'k2': 0.0013546626168109248, 'D_high': 3512.7047262708465, 'fire_exp': 1.1103154430776774, 'P_half': 93.43302657318476, 'pre_dampen_half': 565.0116730717873, 'gpp_af': 0.3002317246575309, 'gpp_b': 0.00011536203425923768, 'gpp_d': 0.4184742749494776, 'ign_k': 6.344955605329754, 'ign_c': 0.5655677524618509, 'trop_agb_crit': 10.215415653610627, 'trop_k_veg': 1.331829048405031, 'fuel_k': 0.4182971994460706, 'fuel_half': 11.781063202742125}.
[I 2026-06-10 21:33:39,277] Trial 628 finished with values: [-0.3970027614305331, 0.9227087244587264] and parameters: {'k1': 0.012840669372724958, 'D_low': 525.4883437268169, 'k2': 0.0002172578929502367, 'D_high': 42210.21267871043, 'fire_exp': 1.1103154430776774, 'P_half': 93.43302657318476, 'pre_dampen_half': 13.472769577631583, 'gpp_af': 0.3002317246575309, 'gpp_b': 2.176805640408474e-05, 'gpp_d': 32.54021513867688, 'ign_k': 5.351470428717437, 'ign_c': 1.4940577239079738, 'trop_agb_crit': 10.691477813613638, 'trop_k_veg': 6.45312300188076, 'fuel_k': 4.710433409437072, 'fuel_half': 1.3323297901105768}.
[I 2026-06-10 21:33:42,366] Trial 629 finished with values: [10.848840548665928, 10.848840548665928] and parameters: {'k1': 0.02228708726011016, 'D_low': 7.857247967427123, 'k2': 0.002884223471687844, 'D_high': 3512.7047262708465, 'fire_exp': 1.2918065501148304, 'P_half': 118.39097834757698, 'pre_dampen_half': 857.6556763881457, 'gpp_af': 0.3002317246575309, 'gpp_b': 2.176805640408474e-05, 'gpp_d': 32.54021513867688, 'ign_k': 1.1044350847124695, 'ign_c': 0.5655677524618509, 'trop_agb_crit': 10.215415653610627, 'trop_k_veg': 4.7254560805090735, 'fuel_k': 4.710433409437072, 'fuel_half': 11.781063202742125}.
