[I 2026-08-20 00:40:51,046] Trial 960 finished with value: 0.5749993642554826 and parameters: {'k1': 0.001736605000653741, 'D_low': 278.53805981958953, 'k2': 0.03432153301599316, 'D_high': 427061.90293026814, 'fire_exp': 1.4696000467621662, 'P_half': 684.3388654687202, 'pre_dampen_half': 0.09237600688991032, 'gpp_af': 0.028961804714022266, 'gpp_b': 0.030536067856339257, 'gpp_d': 0.16361318145120637, 'ign_k': 0.12585096963295886, 'ign_c': 33.044214339337664, 'trop_agb_crit': 2.629788724647306, 'trop_k_veg': 5.722175794325695, 'pop_amp': 8.46914385625629, 'pop_peak': 41.101674788304024, 'pop_sig': 0.9375138390181309}. Best is trial 274 with value: -0.604910391627968.
[I 2026-08-20 00:40:52,856] Trial 961 finished with value: -0.5399588447613162 and parameters: {'k1': 0.0005292138286769983, 'D_low': 29227.774524968816, 'k2': 0.0022499476593947965, 'D_high': 2658653.6304974495, 'fire_exp': 4.029745467713026, 'P_half': 41.27115849595551, 'pre_dampen_half': 46.565920268294754, 'gpp_af': 23.81296764251817, 'gpp_b': 0.002191663181068156, 'gpp_d': 518.4136079709308, 'ign_k': 7.451880754088935, 'ign_c': 6.820914630066158, 'trop_agb_crit': 12.256143679805822, 'trop_k_veg': 2.9029910915988, 'pop_amp': 0.38742899526171237, 'pop_peak': 1.0446008267895441, 'pop_sig': 0.6841270989611898}. Best is trial 274 with value: -0.604910391627968.
[I 2026-08-20 00:40:54,671] Trial 962 finished with value: 0.5156242817102317 and parameters: {'k1': 0.0013072763917177663, 'D_low': 23242.48678938346, 'k2': 0.005822270831605312, 'D_high': 6711629.799303191, 'fire_exp': 6.832687670102429, 'P_half': 7.477112352259, 'pre_dampen_half': 196.8019067334277, 'gpp_af': 6.060279934013375, 'gpp_b': 0.001336163672921945, 'gpp_d': 14.47378567428628, 'ign_k': 4.41872705767543, 'ign_c': 4.855736679563387, 'trop_agb_crit': 8.7098617379014, 'trop_k_veg': 0.5083160893382141, 'pop_amp': 0.45643470524231095, 'pop_peak': 2.0236056826669238, 'pop_sig': 1.5726503286317275}. Best is trial 274 with value: -0.604910391627968.
[I 2026-08-20 00:40:56,448] Trial 963 finished with value: 0.49630869024237934 and parameters: {'k1': 0.006093012539610425, 'D_low': 189.05473765836192, 'k2': 0.019183010418813033, 'D_high': 48606.9815620831, 'fire_exp': 1.2535850347633004, 'P_half': 157.27572965950296, 'pre_dampen_half': 0.052014920868871016, 'gpp_af': 0.0068039117633804545, 'gpp_b': 0.00019714481566265686, 'gpp_d': 9.176720095979883, 'ign_k': 0.020208064006828744, 'ign_c': 2.8756996315860217, 'trop_agb_crit': 6.05384632005977, 'trop_k_veg': 7.998236951051156, 'pop_amp': 3.5294642210754485, 'pop_peak': 13.282081183744031, 'pop_sig': 0.9503586512541797}. Best is trial 274 with value: -0.604910391627968.
[I 2026-08-20 00:40:58,258] Trial 964 finished with value: -0.5264435395190565 and parameters: {'k1': 0.013862526616082138, 'D_low': 204.01817447288866, 'k2': 0.0006704676492544811, 'D_high': 2332539.2030359595, 'fire_exp': 2.1897078129658185, 'P_half': 1008.0487733090997, 'pre_dampen_half': 710.6488658713204, 'gpp_af': 0.013445313424533478, 'gpp_b': 1.0819554043545947e-05, 'gpp_d': 1.789764831302586, 'ign_k': 9.876824956170823, 'ign_c': 1.5475546842967642, 'trop_agb_crit': 9.891507188860396, 'trop_k_veg': 1.1115545470846173, 'pop_amp': 0.0013773122018352034, 'pop_peak': 7.750037534086939, 'pop_sig': 0.49802500915383596}. Best is trial 274 with value: -0.604910391627968.
[I 2026-08-20 00:41:00,052] Trial 965 finished with value: 0.5271131135662418 and parameters: {'k1': 0.003858051964939966, 'D_low': 341.2505132976745, 'k2': 0.0008309689218663301, 'D_high': 54134.35772898111, 'fire_exp': 2.0520771942367766, 'P_half': 114.86286405981515, 'pre_dampen_half': 4.220333551900082, 'gpp_af': 0.1446473060957839, 'gpp_b': 0.0004730389776929893, 'gpp_d': 124.61529711918377, 'ign_k': 0.03843658928578692, 'ign_c': 0.10728354295031571, 'trop_agb_crit': 11.74883500398059, 'trop_k_veg': 1.7234745906448286, 'pop_amp': 0.05121448401743299, 'pop_peak': 2.0346543843906346, 'pop_sig': 0.9060878689708834}. Best is trial 274 with value: -0.604910391627968.
[I 2026-08-20 00:41:01,849] Trial 966 finished with value: 0.590386209328454 and parameters: {'k1': 0.0005938661285748733, 'D_low': 45.98243311523602, 'k2': 0.0016133626476964459, 'D_high': 517670.17625064286, 'fire_exp': 2.421652644667163, 'P_half': 127.44881230932927, 'pre_dampen_half': 9.983565291019595, 'gpp_af': 0.009469944980987017, 'gpp_b': 3.417059894141886e-05, 'gpp_d': 40.85526002034868, 'ign_k': 0.12452461730270402, 'ign_c': 59.327170231943576, 'trop_agb_crit': 6.03666317455008, 'trop_k_veg': 2.888915191006753, 'pop_amp': 0.011153694489736465, 'pop_peak': 0.4730108968072864, 'pop_sig': 0.6460844055315323}. Best is trial 274 with value: -0.604910391627968.
[I 2026-08-20 00:41:03,667] Trial 967 finished with value: 0.589278390176705 and parameters: {'k1': 0.0022346473656184385, 'D_low': 12769.268337086565, 'k2': 0.006609875820093856, 'D_high': 2418748.8181028743, 'fire_exp': 2.560484594620723, 'P_half': 105.3312667427472, 'pre_dampen_half': 3.408437582146278, 'gpp_af': 0.006711507239701361, 'gpp_b': 0.00334586869772791, 'gpp_d': 964.206219273331, 'ign_k': 0.05218603266147165, 'ign_c': 0.2809698651482357, 'trop_agb_crit': 8.990102939392704, 'trop_k_veg': 2.3070619738995792, 'pop_amp': 0.2527082926127576, 'pop_peak': 0.08665728028310632, 'pop_sig': 1.1200343549823741}. Best is trial 274 with value: -0.604910391627968.
[I 2026-08-20 00:41:05,775] Trial 968 finished with value: 0.6273002443614727 and parameters: {'k1': 8.888652341473804e-05, 'D_low': 163158.80056497382, 'k2': 0.020429619903116415, 'D_high': 81169.4657083552, 'fire_exp': 3.0724392391732303, 'P_half': 4.769264023225532, 'pre_dampen_half': 150.01718651202927, 'gpp_af': 0.0052640761972484835, 'gpp_b': 1.1568482035500584e-05, 'gpp_d': 2.34280381639354, 'ign_k': 0.08966149592288787, 'ign_c': 22.948304693609522, 'trop_agb_crit': 2.1015247796795666, 'trop_k_veg': 1.222063471201864, 'pop_amp': 0.22884284849427405, 'pop_peak': 0.2265274167802908, 'pop_sig': 1.2062236189073903}. Best is trial 274 with value: -0.604910391627968.
[I 2026-08-20 00:41:07,594] Trial 969 finished with value: 0.6054834068018391 and parameters: {'k1': 0.00020630474562479645, 'D_low': 1451.282839126868, 'k2': 0.01666344626234506, 'D_high': 175115.45068833441, 'fire_exp': 2.255739593512937, 'P_half': 120.31196685950019, 'pre_dampen_half': 31.05093070605426, 'gpp_af': 0.00504969017120323, 'gpp_b': 0.18300012956315317, 'gpp_d': 60.004480067570455, 'ign_k': 0.9110990132941126, 'ign_c': 9.173230129965058, 'trop_agb_crit': 6.060981189199003, 'trop_k_veg': 3.0660421117647365, 'pop_amp': 0.942498797162351, 'pop_peak': 1.6717485926620632, 'pop_sig': 0.4797385106254036}. Best is trial 274 with value: -0.604910391627968.
[I 2026-08-20 00:41:09,426] Trial 970 finished with value: 0.6116127051746518 and parameters: {'k1': 0.0003723905581578822, 'D_low': 65557.23900808062, 'k2': 0.09128634754973253, 'D_high': 219456.5365081575, 'fire_exp': 1.841935166282149, 'P_half': 100.31236004045468, 'pre_dampen_half': 6.523285006786225, 'gpp_af': 0.0022194556337328353, 'gpp_b': 0.0006643039955338945, 'gpp_d': 3.8719022910221654, 'ign_k': 0.0018322106340161964, 'ign_c': 2.3275305583421506, 'trop_agb_crit': 2.0059793062154916, 'trop_k_veg': 1.6073270847811691, 'pop_amp': 2.6011446642768234, 'pop_peak': 0.8327011475239954, 'pop_sig': 2.0137793629867065}. Best is trial 274 with value: -0.604910391627968.
[I 2026-08-20 00:41:11,256] Trial 971 finished with value: 0.4176815352655556 and parameters: {'k1': 4.954101035790844e-05, 'D_low': 16940.346076621223, 'k2': 0.006699386900017678, 'D_high': 1390582.741987961, 'fire_exp': 1.2082254443120313, 'P_half': 13.17635468232583, 'pre_dampen_half': 22.129767112145682, 'gpp_af': 0.0029609338472152045, 'gpp_b': 2.6672948963485684e-05, 'gpp_d': 0.09840336118397348, 'ign_k': 0.4183832147918104, 'ign_c': 5.050337007190551, 'trop_agb_crit': 2.5596010144803687, 'trop_k_veg': 4.434168610925237, 'pop_amp': 0.041585358233026164, 'pop_peak': 0.10124689909977867, 'pop_sig': 0.534128526935262}. Best is trial 274 with value: -0.604910391627968.
[I 2026-08-20 00:41:13,331] Trial 972 finished with value: 0.44704719392784875 and parameters: {'k1': 0.005485490003596178, 'D_low': 313.3125940240291, 'k2': 0.0022653785420305088, 'D_high': 178403.73883596348, 'fire_exp': 2.8495023868351073, 'P_half': 103.56655332515535, 'pre_dampen_half': 87.61986971920443, 'gpp_af': 1.4177665436714955, 'gpp_b': 0.000746552771900279, 'gpp_d': 124.66479639966381, 'ign_k': 0.9003635322052578, 'ign_c': 2.1145975427776884, 'trop_agb_crit': 8.89783152065517, 'trop_k_veg': 2.650816925446654, 'pop_amp': 0.6816770647302759, 'pop_peak': 0.21623072477096816, 'pop_sig': 0.8248685337735935}. Best is trial 274 with value: -0.604910391627968.
[I 2026-08-20 00:41:15,973] Trial 973 finished with value: 0.5954257899232144 and parameters: {'k1': 0.024634897653687603, 'D_low': 3058.949810571238, 'k2': 0.00027283015149539506, 'D_high': 49223.264079952045, 'fire_exp': 5.458059272653681, 'P_half': 77.3930877990463, 'pre_dampen_half': 3.3218449677158883, 'gpp_af': 0.015181771007225266, 'gpp_b': 0.010901954718768725, 'gpp_d': 750.6650471846467, 'ign_k': 0.742573432478615, 'ign_c': 1.010982001289859, 'trop_agb_crit': 10.964216823359314, 'trop_k_veg': 1.7863591832418124, 'pop_amp': 0.13083403535382526, 'pop_peak': 18.483735419326536, 'pop_sig': 0.4783949915981498}. Best is trial 274 with value: -0.604910391627968.
[I 2026-08-20 00:41:19,172] Trial 974 finished with value: 0.41911316377662433 and parameters: {'k1': 0.007619955527319756, 'D_low': 4.515658680062341, 'k2': 0.0022383624830729304, 'D_high': 209251.07992576345, 'fire_exp': 1.9483754078976956, 'P_half': 1.5115458206446442, 'pre_dampen_half': 2.3519468212664494, 'gpp_af': 0.0027624111548770905, 'gpp_b': 1.8554448119229016e-05, 'gpp_d': 34.662458492658125, 'ign_k': 9.193817245065109, 'ign_c': 1.1522747684953498, 'trop_agb_crit': 6.584396350991703, 'trop_k_veg': 1.3425905655705634, 'pop_amp': 0.012667677215406747, 'pop_peak': 0.08522774640179231, 'pop_sig': 1.8736448696607326}. Best is trial 274 with value: -0.604910391627968.
[I 2026-08-20 00:41:21,992] Trial 975 finished with value: 0.593947520221932 and parameters: {'k1': 0.02639496795029132, 'D_low': 28558.900008735043, 'k2': 0.09970586737603285, 'D_high': 194672.57546794316, 'fire_exp': 2.8781753613600056, 'P_half': 642.4586021339961, 'pre_dampen_half': 25.473436456002062, 'gpp_af': 0.1935302797212773, 'gpp_b': 0.021742570845995443, 'gpp_d': 379.2276399170551, 'ign_k': 0.6191673043464966, 'ign_c': 0.17550150658605163, 'trop_agb_crit': 16.973348737723516, 'trop_k_veg': 2.1443614108258435, 'pop_amp': 1.8385197283858168, 'pop_peak': 0.5341079831609366, 'pop_sig': 0.8582209890089014}. Best is trial 274 with value: -0.604910391627968.
[I 2026-08-20 00:41:24,712] Trial 976 finished with value: 0.618263434838668 and parameters: {'k1': 0.0018515090715968381, 'D_low': 2102.4449683684006, 'k2': 0.007146365255977989, 'D_high': 460.48426546379835, 'fire_exp': 4.224954196546276, 'P_half': 47.46447655610939, 'pre_dampen_half': 11.12546107892334, 'gpp_af': 0.12798890848546102, 'gpp_b': 0.0010659897054632393, 'gpp_d': 259.3650206210007, 'ign_k': 0.14835517134048948, 'ign_c': 0.16594126449801477, 'trop_agb_crit': 9.204986171768084, 'trop_k_veg': 2.063417609131531, 'pop_amp': 1.2332637667159116, 'pop_peak': 4.329445961191765, 'pop_sig': 0.7929761360260058}. Best is trial 274 with value: -0.604910391627968.
[I 2026-08-20 00:41:28,027] Trial 977 finished with value: 0.4494922617569558 and parameters: {'k1': 0.00014707286880195496, 'D_low': 898.7933284810041, 'k2': 0.00037710048533502597, 'D_high': 1865275.3677909651, 'fire_exp': 3.569395340183283, 'P_half': 14.910730708448428, 'pre_dampen_half': 3.573787031858285, 'gpp_af': 0.4864358229671763, 'gpp_b': 6.589927445452921e-05, 'gpp_d': 505.4656193331081, 'ign_k': 0.27824690040798017, 'ign_c': 0.16323544618948616, 'trop_agb_crit': 6.978541107712062, 'trop_k_veg': 1.7231272049904187, 'pop_amp': 2.0498443128752677, 'pop_peak': 1.634452747977378, 'pop_sig': 0.8299686118538581}. Best is trial 274 with value: -0.604910391627968.
[I 2026-08-20 00:41:30,276] Trial 978 finished with value: 0.4602229758404369 and parameters: {'k1': 0.0007078907985267533, 'D_low': 20731.653767062886, 'k2': 0.0009116743570168024, 'D_high': 1375047.3218892347, 'fire_exp': 1.2403677229568633, 'P_half': 69.12945215584418, 'pre_dampen_half': 4.138300855525742, 'gpp_af': 0.01222743376122186, 'gpp_b': 0.00019765458153303932, 'gpp_d': 39.98321872605129, 'ign_k': 2.883734315396285, 'ign_c': 0.13676597817664257, 'trop_agb_crit': 13.657698438560145, 'trop_k_veg': 2.0577108958743993, 'pop_amp': 0.042030865329730646, 'pop_peak': 0.14325399231402658, 'pop_sig': 0.5632268532917265}. Best is trial 274 with value: -0.604910391627968.
[I 2026-08-20 00:41:32,277] Trial 979 finished with value: 0.5868559174895462 and parameters: {'k1': 0.001252838898300858, 'D_low': 23.95940075491055, 'k2': 0.05819384403312792, 'D_high': 5056613.348570999, 'fire_exp': 2.3430149155102264, 'P_half': 5.861871234318566, 'pre_dampen_half': 0.20345943257302115, 'gpp_af': 0.009845676716688383, 'gpp_b': 0.024088320433020102, 'gpp_d': 4.909505424932315, 'ign_k': 0.0031180260625741, 'ign_c': 0.5198990873457574, 'trop_agb_crit': 5.291524665137852, 'trop_k_veg': 0.9297022475384411, 'pop_amp': 2.4991490798911076, 'pop_peak': 48.227443322899, 'pop_sig': 2.3312780558421045}. Best is trial 274 with value: -0.604910391627968.
[I 2026-08-20 00:41:34,282] Trial 980 finished with value: 0.5384752257628846 and parameters: {'k1': 0.0002875740685785585, 'D_low': 80.53339370329752, 'k2': 0.042885019615510646, 'D_high': 4974093.682818058, 'fire_exp': 3.2524745036121865, 'P_half': 87.86579829986061, 'pre_dampen_half': 0.44007177002037645, 'gpp_af': 0.030692485618934912, 'gpp_b': 0.00026377705936828376, 'gpp_d': 0.10191677863389349, 'ign_k': 3.2146362077106096, 'ign_c': 0.36377494900747176, 'trop_agb_crit': 3.1946199647899216, 'trop_k_veg': 7.927849988909576, 'pop_amp': 0.4527396680802714, 'pop_peak': 2.405256734469344, 'pop_sig': 0.44206303228659904}. Best is trial 274 with value: -0.604910391627968.
[I 2026-08-20 00:41:36,384] Trial 981 finished with value: 0.4549153468905388 and parameters: {'k1': 0.0008078402468335932, 'D_low': 4850.940466800558, 'k2': 0.02266804433403703, 'D_high': 48508.688423158885, 'fire_exp': 6.138333347663209, 'P_half': 7.281527201294477, 'pre_dampen_half': 117.7845068918612, 'gpp_af': 0.2342027222385842, 'gpp_b': 0.007330016213339127, 'gpp_d': 24.826807366034746, 'ign_k': 1.1774505420443426, 'ign_c': 5.221096126102983, 'trop_agb_crit': 11.011578586078501, 'trop_k_veg': 1.5721374254966254, 'pop_amp': 0.11360853952890936, 'pop_peak': 1.245566204809913, 'pop_sig': 0.6846702640961118}. Best is trial 274 with value: -0.604910391627968.
[I 2026-08-20 00:41:38,879] Trial 982 finished with value: 0.41803381126185035 and parameters: {'k1': 0.0011804525375381486, 'D_low': 107.57106728634871, 'k2': 0.07167362740043554, 'D_high': 829901.44837321, 'fire_exp': 1.7894876675355786, 'P_half': 6.751894431870676, 'pre_dampen_half': 0.11365190502380729, 'gpp_af': 0.030012639043461783, 'gpp_b': 0.0005919888663958118, 'gpp_d': 478.9720925621375, 'ign_k': 0.0017701268531547063, 'ign_c': 0.9276740141952907, 'trop_agb_crit': 4.409556056447293, 'trop_k_veg': 1.4109336066504123, 'pop_amp': 8.30774476110911, 'pop_peak': 3.229098759076939, 'pop_sig': 2.3253323203970138}. Best is trial 274 with value: -0.604910391627968.
[I 2026-08-20 00:41:41,248] Trial 983 finished with value: -0.5837152698612518 and parameters: {'k1': 0.0007898873701348913, 'D_low': 684.0858063496664, 'k2': 0.006922645631640745, 'D_high': 5058150.460235002, 'fire_exp': 1.031606459175782, 'P_half': 252.29406347942822, 'pre_dampen_half': 0.5184004996773279, 'gpp_af': 0.003055049519456843, 'gpp_b': 0.0005853158504288291, 'gpp_d': 0.23864108011805746, 'ign_k': 8.414635921847239, 'ign_c': 0.6517978538505331, 'trop_agb_crit': 1.13470797280234, 'trop_k_veg': 2.3211671296035963, 'pop_amp': 4.13100023879795, 'pop_peak': 1.5806731161850336, 'pop_sig': 0.663874402380987}. Best is trial 274 with value: -0.604910391627968.
[I 2026-08-20 00:41:43,394] Trial 984 finished with value: 0.45605145822693827 and parameters: {'k1': 0.005250886383858763, 'D_low': 399.50567153115406, 'k2': 0.014688647799555313, 'D_high': 602087.5643345882, 'fire_exp': 1.1499278956941505, 'P_half': 50.20306798475924, 'pre_dampen_half': 0.24580601780787667, 'gpp_af': 0.001338513235850395, 'gpp_b': 0.00016836553039188137, 'gpp_d': 0.5794211431181355, 'ign_k': 4.7463162058799035, 'ign_c': 2.9225827382668292, 'trop_agb_crit': 2.3151814437956393, 'trop_k_veg': 1.146830729603995, 'pop_amp': 15.023717512579692, 'pop_peak': 0.3223037660441656, 'pop_sig': 0.6221949053677813}. Best is trial 274 with value: -0.604910391627968.
[I 2026-08-20 00:41:45,754] Trial 985 finished with value: 0.45075991819951367 and parameters: {'k1': 9.302272949020741e-05, 'D_low': 274.4760532523889, 'k2': 0.0017920317376436956, 'D_high': 1786248.6307355491, 'fire_exp': 1.2177987037886915, 'P_half': 214.97160833621226, 'pre_dampen_half': 0.021295232931065135, 'gpp_af': 0.09273285743090347, 'gpp_b': 0.004761927011492378, 'gpp_d': 9.794859945218114, 'ign_k': 5.531243576516349, 'ign_c': 0.6112708451979414, 'trop_agb_crit': 1.341832412150064, 'trop_k_veg': 3.3091298179231305, 'pop_amp': 9.733507565512413, 'pop_peak': 2.0068290573057386, 'pop_sig': 0.4319819844056881}. Best is trial 274 with value: -0.604910391627968.
[I 2026-08-20 00:41:48,716] Trial 986 finished with value: 0.6145287058724912 and parameters: {'k1': 0.00017836340570099744, 'D_low': 127.76960067634292, 'k2': 0.003961791495256621, 'D_high': 5292258.381310394, 'fire_exp': 1.5395739239498103, 'P_half': 1301.7604186722447, 'pre_dampen_half': 0.02093698053892401, 'gpp_af': 0.005545879423971041, 'gpp_b': 0.00019402476492848156, 'gpp_d': 0.0832470966136373, 'ign_k': 4.554763792215953, 'ign_c': 29.08421944862937, 'trop_agb_crit': 1.7703544582777955, 'trop_k_veg': 3.2854700468118305, 'pop_amp': 0.11660303445980262, 'pop_peak': 3.289743221606854, 'pop_sig': 0.7489909295824239}. Best is trial 274 with value: -0.604910391627968.
[I 2026-08-20 00:41:51,348] Trial 987 finished with value: 0.4506236377678372 and parameters: {'k1': 0.0010360590949040336, 'D_low': 777.0829050247869, 'k2': 0.07420480388041292, 'D_high': 1876967.2003594406, 'fire_exp': 1.7737311220597274, 'P_half': 7.354808834307543, 'pre_dampen_half': 11.65422511972915, 'gpp_af': 0.02372203454071287, 'gpp_b': 9.774247671704107e-05, 'gpp_d': 185.94814164596056, 'ign_k': 0.0021802783787758856, 'ign_c': 0.7528307550878541, 'trop_agb_crit': 11.320490393128836, 'trop_k_veg': 0.8674708422756868, 'pop_amp': 3.121725847906662, 'pop_peak': 45.108950723606505, 'pop_sig': 2.354304942428677}. Best is trial 274 with value: -0.604910391627968.
[I 2026-08-20 00:41:54,010] Trial 988 finished with value: 0.6445374145881376 and parameters: {'k1': 0.0691065277287705, 'D_low': 142547.405699144, 'k2': 0.07514585157482179, 'D_high': 79261.83356315213, 'fire_exp': 2.724313499751396, 'P_half': 601.1240426461221, 'pre_dampen_half': 39.1400150092658, 'gpp_af': 0.03328360752393286, 'gpp_b': 0.00015650387785885644, 'gpp_d': 637.6593510467877, 'ign_k': 0.30133537530962295, 'ign_c': 1.2782111358974042, 'trop_agb_crit': 11.996232602538525, 'trop_k_veg': 5.042491475289245, 'pop_amp': 2.4954168662898555, 'pop_peak': 3.2811488162226126, 'pop_sig': 0.7622711035267106}. Best is trial 274 with value: -0.604910391627968.
[I 2026-08-20 00:41:55,993] Trial 989 finished with value: 0.6445374145881376 and parameters: {'k1': 0.005126539913174414, 'D_low': 38.080247103517756, 'k2': 0.007447196124182784, 'D_high': 851586.8119538348, 'fire_exp': 1.5930785934071978, 'P_half': 599.4655380224872, 'pre_dampen_half': 5.646688209750134, 'gpp_af': 0.006246359125329781, 'gpp_b': 0.0011012299784034188, 'gpp_d': 0.7437530583430261, 'ign_k': 9.938669406796866, 'ign_c': 61.69396677792277, 'trop_agb_crit': 1.1713369622581629, 'trop_k_veg': 3.411122786433713, 'pop_amp': 5.410580066597917, 'pop_peak': 75.19881488229848, 'pop_sig': 0.9729257431334736}. Best is trial 274 with value: -0.604910391627968.
[I 2026-08-20 00:41:57,892] Trial 990 finished with value: 0.5082561459636663 and parameters: {'k1': 9.079445833965544e-05, 'D_low': 22670.816904400785, 'k2': 0.006778218849580621, 'D_high': 180792.97807966825, 'fire_exp': 1.0236073172472646, 'P_half': 104.48611999577386, 'pre_dampen_half': 0.05264220206517984, 'gpp_af': 0.0033264604627033785, 'gpp_b': 0.0019662352347798832, 'gpp_d': 0.10804248485243675, 'ign_k': 2.5456554090713284, 'ign_c': 2.117755253142619, 'trop_agb_crit': 2.234421020086977, 'trop_k_veg': 1.2219859969297793, 'pop_amp': 5.593773618223189, 'pop_peak': 12.88894328353008, 'pop_sig': 0.8286752311521198}. Best is trial 274 with value: -0.604910391627968.
[I 2026-08-20 00:41:59,749] Trial 991 finished with value: 0.5243263978277166 and parameters: {'k1': 0.0011353102469106114, 'D_low': 97.44750935383115, 'k2': 0.08097100735094898, 'D_high': 602483.4211104752, 'fire_exp': 1.0845273579675512, 'P_half': 3.2422017300988606, 'pre_dampen_half': 0.061345896183834764, 'gpp_af': 0.003996866466239032, 'gpp_b': 0.00012748912839382828, 'gpp_d': 2.77260103578095, 'ign_k': 0.013867318759612751, 'ign_c': 0.20873959350395463, 'trop_agb_crit': 25.898463415766575, 'trop_k_veg': 1.5764559203392159, 'pop_amp': 16.67171984230603, 'pop_peak': 30.96703783067893, 'pop_sig': 1.5628134224378845}. Best is trial 274 with value: -0.604910391627968.
