[I 2026-08-19 13:50:37,287] Trial 1139 finished with values: [-0.4024424526969919, 4.3520742565306136e-14] and parameters: {'k1': 0.08924795116437424, 'D_low': 1.6569065206637925, 'k2': 0.0003856302813879373, 'D_high': 1840060.4093141211, 'fire_exp': 6.464773756830049, 'P_half': 4337.920697490941, 'pre_dampen_half': 0.05393491030297468, 'gpp_af': 49.583649914027546, 'gpp_b': 4.038332634638232, 'gpp_d': 118.26972885708257, 'ign_k': 0.009935023909063692, 'ign_c': 225.58738962142354, 'trop_agb_crit': 28.49245476864681, 'trop_k_veg': 4.30392173391187, 'pop_amp': 0.020758979942636296, 'pop_peak': 456.60279198301936, 'pop_sig': 1.804482856986987, 'fuel_k': 2.8606142106392465, 'fuel_half': 0.18427970406864538}.
[I 2026-08-19 13:50:41,013] Trial 1140 finished with values: [-0.4176138197275135, 3.614556431941196e-09] and parameters: {'k1': 0.0004846497679219079, 'D_low': 437.4364439939077, 'k2': 3.077180271250682e-05, 'D_high': 1661855.441285105, 'fire_exp': 6.464773756830049, 'P_half': 8894.151386481904, 'pre_dampen_half': 0.19674328025306115, 'gpp_af': 0.18737227240512885, 'gpp_b': 0.0007417652034871827, 'gpp_d': 118.26972885708257, 'ign_k': 0.17320535908244444, 'ign_c': 0.38887507405855737, 'trop_agb_crit': 14.188434224699876, 'trop_k_veg': 0.8084202024508578, 'pop_amp': 5.27924855752961, 'pop_peak': 0.05281056279423359, 'pop_sig': 1.804482856986987, 'fuel_k': 5.706437033023268, 'fuel_half': 5.191789265368445}.
  trial 1141/2500  pareto_size=28  best_ilamb=0.6094  (65.0 min)
[I 2026-08-19 13:50:44,783] Trial 1141 finished with values: [-0.41130793532875387, 6.161737786669619e-14] and parameters: {'k1': 4.0873003903057456e-05, 'D_low': 34.60830859824834, 'k2': 3.077180271250682e-05, 'D_high': 1840060.4093141211, 'fire_exp': 7.856097010829145, 'P_half': 8894.151386481904, 'pre_dampen_half': 0.2571419084734534, 'gpp_af': 36.830088529547496, 'gpp_b': 0.1033080166772517, 'gpp_d': 108.18665579547857, 'ign_k': 0.009935023909063692, 'ign_c': 0.2806439011124269, 'trop_agb_crit': 27.05166881899929, 'trop_k_veg': 5.691473319778836, 'pop_amp': 0.0021433490423168255, 'pop_peak': 4.557885026195722, 'pop_sig': 0.9904669476016459, 'fuel_k': 0.9199338799678547, 'fuel_half': 0.10355826161899183}.
[I 2026-08-19 13:50:49,190] Trial 1142 finished with values: [-0.3554625854118624, 0.0] and parameters: {'k1': 0.0004846497679219079, 'D_low': 1.6569065206637925, 'k2': 4.0270527176466894e-05, 'D_high': 1661855.441285105, 'fire_exp': 2.5321117364280843, 'P_half': 8894.151386481904, 'pre_dampen_half': 0.19674328025306115, 'gpp_af': 0.18737227240512885, 'gpp_b': 9.67374839440457e-05, 'gpp_d': 108.18665579547857, 'ign_k': 9.162638829638215, 'ign_c': 89.12611835816996, 'trop_agb_crit': 27.05166881899929, 'trop_k_veg': 2.0991211112636345, 'pop_amp': 0.0021433490423168255, 'pop_peak': 1.884221947092994, 'pop_sig': 1.804482856986987, 'fuel_k': 0.9199338799678547, 'fuel_half': 17.890117928710357}.
[I 2026-08-19 13:50:53,189] Trial 1143 finished with values: [-0.3569875053563671, 0.0] and parameters: {'k1': 0.0004846497679219079, 'D_low': 1.6569065206637925, 'k2': 9.109540080835495e-05, 'D_high': 6543576.946931886, 'fire_exp': 6.464773756830049, 'P_half': 8894.151386481904, 'pre_dampen_half': 0.19674328025306115, 'gpp_af': 0.9346598275601615, 'gpp_b': 0.0007417652034871827, 'gpp_d': 118.26972885708257, 'ign_k': 0.0526877486182783, 'ign_c': 89.12611835816996, 'trop_agb_crit': 14.188434224699876, 'trop_k_veg': 0.8084202024508578, 'pop_amp': 0.04874366481145617, 'pop_peak': 0.05281056279423359, 'pop_sig': 1.804482856986987, 'fuel_k': 0.9199338799678547, 'fuel_half': 0.18427970406864538}.
[I 2026-08-19 13:50:56,929] Trial 1144 finished with values: [-0.3554625854118624, 0.0] and parameters: {'k1': 5.025876001070713e-05, 'D_low': 393.5385399037397, 'k2': 4.392638796750218e-05, 'D_high': 6543576.946931886, 'fire_exp': 6.464773756830049, 'P_half': 18.526200127469785, 'pre_dampen_half': 0.19674328025306115, 'gpp_af': 0.18737227240512885, 'gpp_b': 1.624829724391053, 'gpp_d': 1.4892918205570491, 'ign_k': 0.3818468247973969, 'ign_c': 89.12611835816996, 'trop_agb_crit': 14.188434224699876, 'trop_k_veg': 4.30392173391187, 'pop_amp': 10.985330528057915, 'pop_peak': 4.557885026195722, 'pop_sig': 1.0424917012813995, 'fuel_k': 4.04437775870989, 'fuel_half': 1.7895437790635824}.
[I 2026-08-19 13:51:00,412] Trial 1145 finished with values: [-0.41689292006717016, 2.55271359606013e-11] and parameters: {'k1': 1.844951990812239e-05, 'D_low': 1.6569065206637925, 'k2': 4.0270527176466894e-05, 'D_high': 1661855.441285105, 'fire_exp': 6.454675979546216, 'P_half': 8894.151386481904, 'pre_dampen_half': 0.10189118197357125, 'gpp_af': 0.18737227240512885, 'gpp_b': 9.67374839440457e-05, 'gpp_d': 118.26972885708257, 'ign_k': 0.04439802552990466, 'ign_c': 0.38887507405855737, 'trop_agb_crit': 14.188434224699876, 'trop_k_veg': 4.30392173391187, 'pop_amp': 0.0021433490423168255, 'pop_peak': 1.884221947092994, 'pop_sig': 1.804482856986987, 'fuel_k': 3.250046746707412, 'fuel_half': 17.890117928710357}.
[I 2026-08-19 13:51:04,122] Trial 1146 finished with values: [-0.39294389863705137, 2.220446049250313e-16] and parameters: {'k1': 0.09372580613581186, 'D_low': 4478.820281670047, 'k2': 0.0002001342062287998, 'D_high': 6543576.946931886, 'fire_exp': 6.454675979546216, 'P_half': 8894.151386481904, 'pre_dampen_half': 30.11226646948154, 'gpp_af': 0.18737227240512885, 'gpp_b': 0.05825704883392061, 'gpp_d': 118.26972885708257, 'ign_k': 0.04439802552990466, 'ign_c': 89.12611835816996, 'trop_agb_crit': 14.188434224699876, 'trop_k_veg': 6.972354563243685, 'pop_amp': 0.008683934086503814, 'pop_peak': 1.9043491615789352, 'pop_sig': 0.6871869718280653, 'fuel_k': 4.04437775870989, 'fuel_half': 0.18427970406864538}.
  trial 1147/2500  pareto_size=28  best_ilamb=0.6094  (65.4 min)
[I 2026-08-19 13:51:07,716] Trial 1147 finished with values: [-0.42270126322814744, 2.932503856600821e-05] and parameters: {'k1': 1.844951990812239e-05, 'D_low': 437.4364439939077, 'k2': 0.0019856031481305684, 'D_high': 1907543.828944448, 'fire_exp': 3.7695400350033266, 'P_half': 1636.5290600718067, 'pre_dampen_half': 0.05393491030297468, 'gpp_af': 0.18737227240512885, 'gpp_b': 9.67374839440457e-05, 'gpp_d': 118.26972885708257, 'ign_k': 0.04439802552990466, 'ign_c': 12.366924205139131, 'trop_agb_crit': 3.544180417534903, 'trop_k_veg': 4.30392173391187, 'pop_amp': 10.985330528057915, 'pop_peak': 3.1638262982473893, 'pop_sig': 0.6871869718280653, 'fuel_k': 0.15552861105540366, 'fuel_half': 0.18427970406864538}.
[I 2026-08-19 13:51:10,896] Trial 1148 finished with values: [-0.41365001905171067, 3.887112853817598e-12] and parameters: {'k1': 1.844951990812239e-05, 'D_low': 32.04792887019892, 'k2': 4.392638796750218e-05, 'D_high': 1269686.0471076458, 'fire_exp': 6.454675979546216, 'P_half': 8894.151386481904, 'pre_dampen_half': 0.2571419084734534, 'gpp_af': 0.18737227240512885, 'gpp_b': 0.0007417652034871827, 'gpp_d': 0.16294786031575217, 'ign_k': 0.04439802552990466, 'ign_c': 0.38887507405855737, 'trop_agb_crit': 14.188434224699876, 'trop_k_veg': 6.972354563243685, 'pop_amp': 6.746076139939917, 'pop_peak': 0.17274196344453516, 'pop_sig': 0.9904669476016459, 'fuel_k': 0.9199338799678547, 'fuel_half': 17.890117928710357}.
[I 2026-08-19 13:51:13,759] Trial 1149 finished with values: [-0.5437796976404292, 0.24667738519991345] and parameters: {'k1': 1.844951990812239e-05, 'D_low': 27972.024228472703, 'k2': 0.0014455983984872978, 'D_high': 1840060.4093141211, 'fire_exp': 1.3796609641485171, 'P_half': 267.2146013620241, 'pre_dampen_half': 0.2571419084734534, 'gpp_af': 0.18737227240512885, 'gpp_b': 0.0001605469768042801, 'gpp_d': 1.0088237648985734, 'ign_k': 0.45791923103229365, 'ign_c': 12.366924205139131, 'trop_agb_crit': 28.49245476864681, 'trop_k_veg': 4.30392173391187, 'pop_amp': 10.985330528057915, 'pop_peak': 162.62551614461097, 'pop_sig': 1.804482856986987, 'fuel_k': 0.11148299766359336, 'fuel_half': 17.890117928710357}.
[I 2026-08-19 13:51:16,632] Trial 1150 finished with values: [-0.3908948528438606, 5.551115123125783e-16] and parameters: {'k1': 1.844951990812239e-05, 'D_low': 14975.961296401258, 'k2': 0.0019856031481305684, 'D_high': 5109990.03526815, 'fire_exp': 6.464773756830049, 'P_half': 8894.151386481904, 'pre_dampen_half': 0.2571419084734534, 'gpp_af': 0.18737227240512885, 'gpp_b': 1.1645080536732737, 'gpp_d': 74.0283856331784, 'ign_k': 0.45791923103229365, 'ign_c': 12.366924205139131, 'trop_agb_crit': 28.49245476864681, 'trop_k_veg': 6.972354563243685, 'pop_amp': 0.04874366481145617, 'pop_peak': 0.17274196344453516, 'pop_sig': 0.6871869718280653, 'fuel_k': 0.023074547684106324, 'fuel_half': 17.890117928710357}.
[I 2026-08-19 13:51:19,903] Trial 1151 finished with values: [-0.4142655391381741, 1.7046323245950568e-05] and parameters: {'k1': 0.005456725485601475, 'D_low': 1.6569065206637925, 'k2': 0.00021724674331575933, 'D_high': 1661855.441285105, 'fire_exp': 2.5321117364280843, 'P_half': 8894.151386481904, 'pre_dampen_half': 0.2571419084734534, 'gpp_af': 0.18737227240512885, 'gpp_b': 0.14222241542049918, 'gpp_d': 108.18665579547857, 'ign_k': 0.04439802552990466, 'ign_c': 0.5488047000766043, 'trop_agb_crit': 2.6689615974393592, 'trop_k_veg': 5.691473319778836, 'pop_amp': 10.985330528057915, 'pop_peak': 19.40263599915808, 'pop_sig': 1.804482856986987, 'fuel_k': 0.11148299766359336, 'fuel_half': 1.7895437790635824}.
[I 2026-08-19 13:51:23,763] Trial 1152 finished with values: [-0.3554625854118624, 0.0] and parameters: {'k1': 2.9693357731296325e-05, 'D_low': 286.06841726052676, 'k2': 3.077180271250682e-05, 'D_high': 1269686.0471076458, 'fire_exp': 6.464773756830049, 'P_half': 8894.151386481904, 'pre_dampen_half': 0.2571419084734534, 'gpp_af': 6.635341982375291, 'gpp_b': 0.0007417652034871827, 'gpp_d': 8.347790852520644, 'ign_k': 1.327536113719196, 'ign_c': 371.61493507743404, 'trop_agb_crit': 23.606263788786194, 'trop_k_veg': 5.691473319778836, 'pop_amp': 6.746076139939917, 'pop_peak': 0.17274196344453516, 'pop_sig': 1.0424917012813995, 'fuel_k': 0.9199338799678547, 'fuel_half': 2.1386516105766082}.
[I 2026-08-19 13:51:28,395] Trial 1153 finished with values: [-0.494644461603301, 0.003692631264979762] and parameters: {'k1': 0.0004846497679219079, 'D_low': 1.6569065206637925, 'k2': 3.077180271250682e-05, 'D_high': 1124534.1807254362, 'fire_exp': 1.8678802571070678, 'P_half': 1265.0580856641704, 'pre_dampen_half': 0.2571419084734534, 'gpp_af': 0.006580815488709274, 'gpp_b': 0.0007417652034871827, 'gpp_d': 118.26972885708257, 'ign_k': 0.17320535908244444, 'ign_c': 6.0816733722841345, 'trop_agb_crit': 3.3887235042490564, 'trop_k_veg': 5.691473319778836, 'pop_amp': 5.27924855752961, 'pop_peak': 0.05281056279423359, 'pop_sig': 1.804482856986987, 'fuel_k': 0.9199338799678547, 'fuel_half': 1.7895437790635824}.
  trial 1154/2500  pareto_size=28  best_ilamb=0.6094  (65.8 min)
[I 2026-08-19 13:51:33,956] Trial 1154 finished with values: [-0.4114111758506532, 0.001479090493714308] and parameters: {'k1': 0.0004846497679219079, 'D_low': 1.6569065206637925, 'k2': 0.0019856031481305684, 'D_high': 43907.37486894863, 'fire_exp': 1.8678802571070678, 'P_half': 8894.151386481904, 'pre_dampen_half': 14.339624054026215, 'gpp_af': 49.583649914027546, 'gpp_b': 9.67374839440457e-05, 'gpp_d': 108.18665579547857, 'ign_k': 0.45791923103229365, 'ign_c': 6.0816733722841345, 'trop_agb_crit': 3.3887235042490564, 'trop_k_veg': 6.972354563243685, 'pop_amp': 0.0021433490423168255, 'pop_peak': 1.884221947092994, 'pop_sig': 1.804482856986987, 'fuel_k': 3.250046746707412, 'fuel_half': 17.890117928710357}.
[I 2026-08-19 13:51:36,589] Trial 1155 finished with values: [-0.4163724025662427, 7.578360161630826e-11] and parameters: {'k1': 1.844951990812239e-05, 'D_low': 14975.961296401258, 'k2': 0.0019856031481305684, 'D_high': 1840060.4093141211, 'fire_exp': 6.464773756830049, 'P_half': 8894.151386481904, 'pre_dampen_half': 0.2571419084734534, 'gpp_af': 0.0077125451401819246, 'gpp_b': 0.0001605469768042801, 'gpp_d': 118.26972885708257, 'ign_k': 0.45791923103229365, 'ign_c': 13.909474988024083, 'trop_agb_crit': 28.49245476864681, 'trop_k_veg': 5.691473319778836, 'pop_amp': 0.04874366481145617, 'pop_peak': 456.60279198301936, 'pop_sig': 1.804482856986987, 'fuel_k': 5.706437033023268, 'fuel_half': 5.940545235233705}.
[I 2026-08-19 13:51:38,907] Trial 1156 finished with values: [-0.5681289705233706, 0.014701198103130309] and parameters: {'k1': 0.016811809836782463, 'D_low': 569.4285861548873, 'k2': 0.0019856031481305684, 'D_high': 1840060.4093141211, 'fire_exp': 1.3796609641485171, 'P_half': 267.2146013620241, 'pre_dampen_half': 0.05393491030297468, 'gpp_af': 0.0028701881471957036, 'gpp_b': 0.0007417652034871827, 'gpp_d': 118.26972885708257, 'ign_k': 0.04439802552990466, 'ign_c': 12.366924205139131, 'trop_agb_crit': 27.05166881899929, 'trop_k_veg': 2.246382792334124, 'pop_amp': 5.27924855752961, 'pop_peak': 456.60279198301936, 'pop_sig': 0.9764211342474379, 'fuel_k': 3.250046746707412, 'fuel_half': 0.18427970406864538}.
[I 2026-08-19 13:51:42,011] Trial 1157 finished with values: [-0.3553363779628946, 0.0] and parameters: {'k1': 0.006464502270739554, 'D_low': 27972.024228472703, 'k2': 0.0019856031481305684, 'D_high': 5109990.03526815, 'fire_exp': 6.464773756830049, 'P_half': 1636.5290600718067, 'pre_dampen_half': 0.2571419084734534, 'gpp_af': 0.00301004353953023, 'gpp_b': 1.1645080536732737, 'gpp_d': 118.26972885708257, 'ign_k': 9.162638829638215, 'ign_c': 12.366924205139131, 'trop_agb_crit': 28.49245476864681, 'trop_k_veg': 4.30392173391187, 'pop_amp': 3.650269070881949, 'pop_peak': 1.9043491615789352, 'pop_sig': 0.6871869718280653, 'fuel_k': 0.15552861105540366, 'fuel_half': 17.890117928710357}.
[I 2026-08-19 13:51:45,712] Trial 1158 finished with values: [-0.42954782236986044, 8.069761934237363e-07] and parameters: {'k1': 1.844951990812239e-05, 'D_low': 286.06841726052676, 'k2': 0.0014455983984872978, 'D_high': 1840060.4093141211, 'fire_exp': 3.7695400350033266, 'P_half': 6281.776703992854, 'pre_dampen_half': 0.2571419084734534, 'gpp_af': 69.07170464178779, 'gpp_b': 0.0001605469768042801, 'gpp_d': 118.26972885708257, 'ign_k': 0.17320535908244444, 'ign_c': 13.909474988024083, 'trop_agb_crit': 14.188434224699876, 'trop_k_veg': 6.972354563243685, 'pop_amp': 0.0013002472438361158, 'pop_peak': 0.17274196344453516, 'pop_sig': 1.804482856986987, 'fuel_k': 2.8606142106392465, 'fuel_half': 0.27968176455765076}.
[I 2026-08-19 13:51:48,363] Trial 1159 finished with values: [-0.3928177559216853, 2.6645352591003757e-15] and parameters: {'k1': 5.025876001070713e-05, 'D_low': 1368.9795993592197, 'k2': 6.340140860251457e-05, 'D_high': 1124534.1807254362, 'fire_exp': 1.1633452995374232, 'P_half': 6281.776703992854, 'pre_dampen_half': 0.19674328025306115, 'gpp_af': 0.18737227240512885, 'gpp_b': 0.0007417652034871827, 'gpp_d': 3.9841905944346854, 'ign_k': 0.3818468247973969, 'ign_c': 89.12611835816996, 'trop_agb_crit': 1.050713312531254, 'trop_k_veg': 4.288672925586801, 'pop_amp': 0.002417279427070676, 'pop_peak': 162.62551614461097, 'pop_sig': 1.804482856986987, 'fuel_k': 0.11148299766359336, 'fuel_half': 1.7895437790635824}.
[I 2026-08-19 13:51:51,115] Trial 1160 finished with values: [-0.4442131813171912, 0.0020419324386750093] and parameters: {'k1': 0.0017404948150194378, 'D_low': 1368.9795993592197, 'k2': 0.0019856031481305684, 'D_high': 1840060.4093141211, 'fire_exp': 1.3796609641485171, 'P_half': 1517.2922775770444, 'pre_dampen_half': 0.2571419084734534, 'gpp_af': 0.006580815488709274, 'gpp_b': 0.007179740972016222, 'gpp_d': 118.26972885708257, 'ign_k': 0.45791923103229365, 'ign_c': 12.366924205139131, 'trop_agb_crit': 17.69486533706496, 'trop_k_veg': 5.691473319778836, 'pop_amp': 5.27924855752961, 'pop_peak': 162.62551614461097, 'pop_sig': 0.6871869718280653, 'fuel_k': 0.11148299766359336, 'fuel_half': 0.18427970406864538}.
  trial 1161/2500  pareto_size=29  best_ilamb=0.6094  (66.2 min)
[I 2026-08-19 13:51:54,752] Trial 1161 finished with values: [-0.4195441510237964, 2.874751117643015e-05] and parameters: {'k1': 1.844951990812239e-05, 'D_low': 4177.591776484708, 'k2': 0.0019856031481305684, 'D_high': 5109990.03526815, 'fire_exp': 1.3796609641485171, 'P_half': 267.2146013620241, 'pre_dampen_half': 0.05393491030297468, 'gpp_af': 0.09546679952518865, 'gpp_b': 1.1645080536732737, 'gpp_d': 1.0088237648985734, 'ign_k': 0.1537592023548176, 'ign_c': 12.366924205139131, 'trop_agb_crit': 27.05166881899929, 'trop_k_veg': 4.30392173391187, 'pop_amp': 0.04874366481145617, 'pop_peak': 0.17274196344453516, 'pop_sig': 0.9904669476016459, 'fuel_k': 0.023074547684106324, 'fuel_half': 17.890117928710357}.
[I 2026-08-19 13:51:57,542] Trial 1162 finished with values: [-0.4262023659548026, 0.0003371695813116915] and parameters: {'k1': 1.844951990812239e-05, 'D_low': 1368.9795993592197, 'k2': 0.0019856031481305684, 'D_high': 1661855.441285105, 'fire_exp': 6.464773756830049, 'P_half': 229.5739821454948, 'pre_dampen_half': 0.05393491030297468, 'gpp_af': 1.2724561860664199, 'gpp_b': 0.007179740972016222, 'gpp_d': 118.26972885708257, 'ign_k': 9.162638829638215, 'ign_c': 13.219302264066766, 'trop_agb_crit': 1.050713312531254, 'trop_k_veg': 4.30392173391187, 'pop_amp': 10.985330528057915, 'pop_peak': 0.5250231747684759, 'pop_sig': 1.804482856986987, 'fuel_k': 5.706437033023268, 'fuel_half': 17.890117928710357}.
[I 2026-08-19 13:51:59,729] Trial 1163 finished with values: [-0.3554625854118624, 0.0] and parameters: {'k1': 0.09372580613581186, 'D_low': 4478.820281670047, 'k2': 0.0002001342062287998, 'D_high': 6543576.946931886, 'fire_exp': 6.454675979546216, 'P_half': 8894.151386481904, 'pre_dampen_half': 0.05393491030297468, 'gpp_af': 0.18737227240512885, 'gpp_b': 0.007179740972016222, 'gpp_d': 118.26972885708257, 'ign_k': 0.45791923103229365, 'ign_c': 89.12611835816996, 'trop_agb_crit': 14.188434224699876, 'trop_k_veg': 2.0697479793266376, 'pop_amp': 0.00280720418832064, 'pop_peak': 1.9043491615789352, 'pop_sig': 0.6871869718280653, 'fuel_k': 3.250046746707412, 'fuel_half': 1.7895437790635824}.
[I 2026-08-19 13:52:02,252] Trial 1164 finished with values: [-0.42670019553619476, 2.2818797251744627e-07] and parameters: {'k1': 1.844951990812239e-05, 'D_low': 286.06841726052676, 'k2': 0.00021724674331575933, 'D_high': 1840060.4093141211, 'fire_exp': 3.7695400350033266, 'P_half': 8894.151386481904, 'pre_dampen_half': 0.19674328025306115, 'gpp_af': 69.07170464178779, 'gpp_b': 9.67374839440457e-05, 'gpp_d': 118.26972885708257, 'ign_k': 0.17320535908244444, 'ign_c': 13.909474988024083, 'trop_agb_crit': 3.3887235042490564, 'trop_k_veg': 6.972354563243685, 'pop_amp': 0.0013002472438361158, 'pop_peak': 162.62551614461097, 'pop_sig': 1.804482856986987, 'fuel_k': 2.8606142106392465, 'fuel_half': 0.27968176455765076}.
