[I 2026-07-24 02:16:48,833] Trial 135 finished with value: -0.5578724685341272 and parameters: {'k1': 0.003956075293899982, 'D_low': 56.744243357904544, 'k2': 1.659683445054626e-05, 'D_high': 577217.0857922474, 'fire_exp': 1.0979004524273592, 'P_half': 92.29645964169758, 'pre_dampen_half': 1.7035607366452008, 'gpp_af': 0.06513378126711857, 'gpp_b': 0.08223599990699561, 'gpp_d': 298.5321280018241, 'ign_k': 0.06569876300000946, 'ign_c': 1.385556225529715, 'trop_agb_crit': 3.1315231998826047, 'trop_k_veg': 4.318131493566825, 'fuel_k': 5.407074044960458, 'fuel_half': 2.041311707578975}. Best is trial 0 with value: -0.6070628323553574.
[I 2026-07-24 02:16:49,236] Trial 136 finished with value: 0.5904854635687184 and parameters: {'k1': 0.0005239657885427255, 'D_low': 343.12897521849516, 'k2': 1.73469747693929e-05, 'D_high': 4024515.4893344706, 'fire_exp': 1.4041600141002184, 'P_half': 381.28228724182725, 'pre_dampen_half': 0.5753858282856258, 'gpp_af': 0.5110234470852046, 'gpp_b': 9.257271056566475, 'gpp_d': 936.852011542076, 'ign_k': 0.18040172816293015, 'ign_c': 1.0674470284736157, 'trop_agb_crit': 4.466143068999882, 'trop_k_veg': 2.5132568675558016, 'fuel_k': 5.998556971905053, 'fuel_half': 2.99718977125793}. Best is trial 0 with value: -0.6070628323553574.
[I 2026-07-24 02:16:49,641] Trial 137 finished with value: 0.5479587930687273 and parameters: {'k1': 0.025141858674812483, 'D_low': 151.590538287117, 'k2': 0.0001651585064702908, 'D_high': 228194.0482960268, 'fire_exp': 3.1609815108892003, 'P_half': 4.651332304772697, 'pre_dampen_half': 0.03911561805164569, 'gpp_af': 18.49615754646099, 'gpp_b': 0.0001370597917407705, 'gpp_d': 77.01031321033867, 'ign_k': 0.11179225971638718, 'ign_c': 0.661664415777077, 'trop_agb_crit': 1.1648956273266546, 'trop_k_veg': 0.7251278194736107, 'fuel_k': 1.8070007697567407, 'fuel_half': 4.671896950460941}. Best is trial 0 with value: -0.6070628323553574.
[I 2026-07-24 02:16:50,060] Trial 138 finished with value: 0.6003092842629579 and parameters: {'k1': 0.003345711104745589, 'D_low': 24.739719494162337, 'k2': 1.0212399036552709e-05, 'D_high': 169799.81546079952, 'fire_exp': 1.7113603564260265, 'P_half': 125.46486242946327, 'pre_dampen_half': 0.2929161427688204, 'gpp_af': 0.007793062797069133, 'gpp_b': 1.0053842265141646, 'gpp_d': 3.9016704994114724, 'ign_k': 0.11834566885257797, 'ign_c': 2.159983972967199, 'trop_agb_crit': 3.648478896363611, 'trop_k_veg': 6.496473892821609, 'fuel_k': 1.0123098004739848, 'fuel_half': 1.7121774384362545}. Best is trial 0 with value: -0.6070628323553574.
[I 2026-07-24 02:16:50,475] Trial 139 finished with value: 0.6227617554366391 and parameters: {'k1': 0.004639633406580762, 'D_low': 32.88313953382181, 'k2': 0.03413273613610125, 'D_high': 91467.44783821078, 'fire_exp': 2.9986182235492294, 'P_half': 1.119583159573467, 'pre_dampen_half': 72.9878765538616, 'gpp_af': 40.28060903657985, 'gpp_b': 0.7199242367578476, 'gpp_d': 1.6108948155489442, 'ign_k': 2.2937541636257324, 'ign_c': 6.367370192701401, 'trop_agb_crit': 25.668347970146467, 'trop_k_veg': 4.380972497502428, 'fuel_k': 0.13408981387258592, 'fuel_half': 0.27578207903505564}. Best is trial 0 with value: -0.6070628323553574.
[I 2026-07-24 02:16:50,878] Trial 140 finished with value: 0.5455666088223954 and parameters: {'k1': 0.0015253004098627336, 'D_low': 169.09883513604439, 'k2': 2.863120054463075e-05, 'D_high': 685096.6962760631, 'fire_exp': 2.0013747951877785, 'P_half': 1028.3492247216554, 'pre_dampen_half': 10.244096441746128, 'gpp_af': 0.00905661408039595, 'gpp_b': 0.0006863784522568384, 'gpp_d': 267.3774815269625, 'ign_k': 0.05114716575913304, 'ign_c': 0.6570763120150693, 'trop_agb_crit': 2.714624327003992, 'trop_k_veg': 2.251613326501996, 'fuel_k': 2.0083445046125457, 'fuel_half': 2.7449996978342246}. Best is trial 0 with value: -0.6070628323553574.
[I 2026-07-24 02:16:51,282] Trial 141 finished with value: -0.5868995961367223 and parameters: {'k1': 0.02028834980981399, 'D_low': 2.1700084372811355, 'k2': 3.188516692781608e-05, 'D_high': 790471.2106477, 'fire_exp': 1.1295705656356738, 'P_half': 71.37806599634234, 'pre_dampen_half': 0.09366610741679135, 'gpp_af': 0.7096469625989529, 'gpp_b': 0.00014855473476219666, 'gpp_d': 336.31576279895387, 'ign_k': 0.011132053575653453, 'ign_c': 11.217048246241882, 'trop_agb_crit': 2.0916120562338407, 'trop_k_veg': 3.7066342038227673, 'fuel_k': 5.237096514560294, 'fuel_half': 0.12750093872346252}. Best is trial 0 with value: -0.6070628323553574.
[I 2026-07-24 02:16:51,692] Trial 142 finished with value: 0.5808298777670299 and parameters: {'k1': 0.019181724648268568, 'D_low': 1.3601068186087184, 'k2': 5.136675153990195e-05, 'D_high': 74907.46926897435, 'fire_exp': 2.8541452252699018, 'P_half': 947.6311993574417, 'pre_dampen_half': 1.7984530315208067, 'gpp_af': 3.4463582164040107, 'gpp_b': 7.969891456612812e-05, 'gpp_d': 42.477784030092934, 'ign_k': 0.030874954459497925, 'ign_c': 32.29243385915098, 'trop_agb_crit': 5.07091268768835, 'trop_k_veg': 4.277002753796129, 'fuel_k': 5.226135923431284, 'fuel_half': 0.11065125073833887}. Best is trial 0 with value: -0.6070628323553574.
[I 2026-07-24 02:16:52,096] Trial 143 finished with value: 0.5805849151527454 and parameters: {'k1': 0.01312410422463342, 'D_low': 9.594267399648729, 'k2': 3.821037741866193e-05, 'D_high': 2610716.2562321625, 'fire_exp': 1.607975144121604, 'P_half': 12.389071285844459, 'pre_dampen_half': 3.676681530596949, 'gpp_af': 0.009217949317618332, 'gpp_b': 0.016334221710822803, 'gpp_d': 12.431436569877, 'ign_k': 0.006245276505084967, 'ign_c': 2.28635489364469, 'trop_agb_crit': 1.1005701828741223, 'trop_k_veg': 3.113837077408558, 'fuel_k': 3.7204353264180474, 'fuel_half': 2.5584944108210363}. Best is trial 0 with value: -0.6070628323553574.
[I 2026-07-24 02:16:52,496] Trial 144 finished with value: 0.5688937297176928 and parameters: {'k1': 0.08196863964115454, 'D_low': 3.3859937634939716, 'k2': 1.201891862885552e-05, 'D_high': 103449.34105983062, 'fire_exp': 1.3018736980073256, 'P_half': 14.067935688850396, 'pre_dampen_half': 0.0740146265481678, 'gpp_af': 3.685088607231443, 'gpp_b': 0.1396205289076192, 'gpp_d': 832.9701282353346, 'ign_k': 0.014010352832754243, 'ign_c': 5.523346329861983, 'trop_agb_crit': 1.4201306783335454, 'trop_k_veg': 1.8016873008702008, 'fuel_k': 0.8399235634775655, 'fuel_half': 1.8298291210939308}. Best is trial 0 with value: -0.6070628323553574.
[I 2026-07-24 02:16:52,901] Trial 145 finished with value: 0.6064039480320645 and parameters: {'k1': 0.005740550644037578, 'D_low': 86.49877360879381, 'k2': 1.8641898285466698e-05, 'D_high': 27340.419743612547, 'fire_exp': 1.1098535823562006, 'P_half': 354.732343443648, 'pre_dampen_half': 6.730092504079189, 'gpp_af': 0.08829209903258108, 'gpp_b': 0.9083360547075275, 'gpp_d': 274.21737915563426, 'ign_k': 0.04841862429479694, 'ign_c': 2.2784471955899934, 'trop_agb_crit': 2.717769936971664, 'trop_k_veg': 6.208797400891308, 'fuel_k': 0.8110125637631687, 'fuel_half': 3.0372674622412728}. Best is trial 0 with value: -0.6070628323553574.
[I 2026-07-24 02:16:53,304] Trial 146 finished with value: 0.48641664804837925 and parameters: {'k1': 0.015125685270139704, 'D_low': 1.711017863991072, 'k2': 0.00021226494566199518, 'D_high': 3863629.8308387953, 'fire_exp': 1.0577735311620142, 'P_half': 33.49814336616727, 'pre_dampen_half': 0.0565314815532522, 'gpp_af': 0.646003291737453, 'gpp_b': 0.001548603663025192, 'gpp_d': 252.6811778466814, 'ign_k': 0.021726602937892758, 'ign_c': 5.94470753834581, 'trop_agb_crit': 1.3998612106525785, 'trop_k_veg': 4.357765412874972, 'fuel_k': 1.440438768449356, 'fuel_half': 0.2316882728310389}. Best is trial 0 with value: -0.6070628323553574.
[I 2026-07-24 02:16:53,710] Trial 147 finished with value: 0.5484966480790933 and parameters: {'k1': 0.00515257021782963, 'D_low': 305.3731784277114, 'k2': 5.4170028963422486e-05, 'D_high': 45195.024806098394, 'fire_exp': 2.2321745739895196, 'P_half': 20.082921024817903, 'pre_dampen_half': 0.06886844722092986, 'gpp_af': 0.6061531978382683, 'gpp_b': 1.948683042208036e-05, 'gpp_d': 386.46623861615376, 'ign_k': 8.066385600901729, 'ign_c': 0.280981809931643, 'trop_agb_crit': 9.873500922694816, 'trop_k_veg': 2.076676157336058, 'fuel_k': 2.052018143313034, 'fuel_half': 1.6561889478253125}. Best is trial 0 with value: -0.6070628323553574.
[I 2026-07-24 02:16:54,120] Trial 148 finished with value: -0.51271666758593 and parameters: {'k1': 0.0011052911841265564, 'D_low': 1.6733530328883457, 'k2': 1.3476613376044673e-05, 'D_high': 118253.37459794826, 'fire_exp': 1.3835802926921994, 'P_half': 61.429864316136374, 'pre_dampen_half': 1.5083994269049568, 'gpp_af': 22.58400157828849, 'gpp_b': 0.002709843650255923, 'gpp_d': 41.774830993232655, 'ign_k': 0.004448048758543144, 'ign_c': 2.6228193874734327, 'trop_agb_crit': 1.021327184536522, 'trop_k_veg': 3.1503059115069973, 'fuel_k': 4.11963122013975, 'fuel_half': 0.21890190157137368}. Best is trial 0 with value: -0.6070628323553574.
[I 2026-07-24 02:16:54,524] Trial 149 finished with value: 0.5987920076007458 and parameters: {'k1': 0.0008557774228066447, 'D_low': 6562.906369535499, 'k2': 1.8334151330230537e-05, 'D_high': 814710.1139931516, 'fire_exp': 1.6833224439354078, 'P_half': 10.04987200076657, 'pre_dampen_half': 6.853125971726865, 'gpp_af': 0.7149155724470383, 'gpp_b': 1.3053187229420646, 'gpp_d': 566.2209301262807, 'ign_k': 0.0019464247771610388, 'ign_c': 9.167396161665021, 'trop_agb_crit': 1.0403417471463767, 'trop_k_veg': 5.258237510162611, 'fuel_k': 0.15352879440225442, 'fuel_half': 0.6172591617796139}. Best is trial 0 with value: -0.6070628323553574.
[I 2026-07-24 02:16:54,938] Trial 150 finished with value: 0.4240540651574086 and parameters: {'k1': 0.002613297849938074, 'D_low': 1.560407849038342, 'k2': 0.000291306419612408, 'D_high': 299072.66633089306, 'fire_exp': 1.444824092633837, 'P_half': 252.6721997207502, 'pre_dampen_half': 7.583472450659692, 'gpp_af': 3.3568980738481353, 'gpp_b': 0.00020627139560634277, 'gpp_d': 323.8701532620116, 'ign_k': 0.0028206662879892994, 'ign_c': 0.1802465974362999, 'trop_agb_crit': 1.7266335292884112, 'trop_k_veg': 4.850813361146275, 'fuel_k': 3.43410232513177, 'fuel_half': 0.20902293248974757}. Best is trial 0 with value: -0.6070628323553574.
[I 2026-07-24 02:16:55,342] Trial 151 finished with value: 0.5543750276830489 and parameters: {'k1': 0.009362212013592004, 'D_low': 8.745449711787252, 'k2': 2.643227676756492e-05, 'D_high': 554575.8282122867, 'fire_exp': 1.86293477702487, 'P_half': 109.71954955015924, 'pre_dampen_half': 1.4417707286805213, 'gpp_af': 21.387745024971633, 'gpp_b': 0.00026370634752212593, 'gpp_d': 20.347021462218965, 'ign_k': 0.002535636728035343, 'ign_c': 6.929232511407796, 'trop_agb_crit': 1.2366239698644022, 'trop_k_veg': 1.921173474953195, 'fuel_k': 1.6111221747521953, 'fuel_half': 0.10794213644385749}. Best is trial 0 with value: -0.6070628323553574.
[I 2026-07-24 02:16:55,746] Trial 152 finished with value: 0.6282239518480354 and parameters: {'k1': 0.00012635666404759566, 'D_low': 208.41618284441526, 'k2': 0.038441225806824554, 'D_high': 305119.9772295208, 'fire_exp': 8.35398906301528, 'P_half': 4.296079928109752, 'pre_dampen_half': 143.9396894137756, 'gpp_af': 18.763338445675803, 'gpp_b': 0.1816558196847642, 'gpp_d': 1.1699283339218496, 'ign_k': 1.3195215689896582, 'ign_c': 1.242267919936968, 'trop_agb_crit': 15.469156659578763, 'trop_k_veg': 5.782718853065678, 'fuel_k': 5.222322376318317, 'fuel_half': 0.24316585989550024}. Best is trial 0 with value: -0.6070628323553574.
[I 2026-07-24 02:16:56,147] Trial 153 finished with value: 0.4585175893510415 and parameters: {'k1': 0.09880148733956019, 'D_low': 5248.869907622494, 'k2': 6.913335931817488e-05, 'D_high': 1377248.8540033195, 'fire_exp': 1.1775859177185712, 'P_half': 868.5828831654953, 'pre_dampen_half': 779.878138330356, 'gpp_af': 2.4830609218519775, 'gpp_b': 0.4216262346573073, 'gpp_d': 19.815795340911095, 'ign_k': 0.05264951058490816, 'ign_c': 0.42239324488467644, 'trop_agb_crit': 1.3666870439427223, 'trop_k_veg': 5.085634520526582, 'fuel_k': 1.4177833146296221, 'fuel_half': 0.45298299195132213}. Best is trial 0 with value: -0.6070628323553574.
[I 2026-07-24 02:16:56,550] Trial 154 finished with value: 0.44353050587085097 and parameters: {'k1': 0.00043444781918631375, 'D_low': 6.577787653861675, 'k2': 6.551337910103826e-05, 'D_high': 564211.1025736225, 'fire_exp': 1.147387590892804, 'P_half': 64.01843340112404, 'pre_dampen_half': 1.5471807141763916, 'gpp_af': 20.67707005837766, 'gpp_b': 0.004739394907156062, 'gpp_d': 12.424231257956553, 'ign_k': 0.06579495064153247, 'ign_c': 0.9708083037554818, 'trop_agb_crit': 1.9127733415498784, 'trop_k_veg': 3.522434804059806, 'fuel_k': 2.415477134019341, 'fuel_half': 0.275993695709147}. Best is trial 0 with value: -0.6070628323553574.
[I 2026-07-24 02:16:56,962] Trial 155 finished with value: 0.5978093801632334 and parameters: {'k1': 0.09804425018400942, 'D_low': 2653.1223266751235, 'k2': 0.0004273673623071329, 'D_high': 3578.6136254116823, 'fire_exp': 1.5345812472357774, 'P_half': 26.119116683824828, 'pre_dampen_half': 390.76891259284537, 'gpp_af': 1.1951592699065183, 'gpp_b': 0.1725811073032282, 'gpp_d': 901.961356972586, 'ign_k': 0.006761156862325232, 'ign_c': 0.19355245266405222, 'trop_agb_crit': 1.0044810965543771, 'trop_k_veg': 4.482813654342224, 'fuel_k': 4.022122428866357, 'fuel_half': 0.6971931744641865}. Best is trial 0 with value: -0.6070628323553574.
[I 2026-07-24 02:16:57,367] Trial 156 finished with value: -0.501675378917688 and parameters: {'k1': 0.000101449026378743, 'D_low': 1217.190370935028, 'k2': 0.005520790704273635, 'D_high': 135914.65332459955, 'fire_exp': 2.4622475355165756, 'P_half': 9.09972234315341, 'pre_dampen_half': 526.9218694224187, 'gpp_af': 30.166871051877298, 'gpp_b': 0.11342378593832977, 'gpp_d': 14.758888309707316, 'ign_k': 5.063204063895546, 'ign_c': 6.005156482809583, 'trop_agb_crit': 16.310348819877316, 'trop_k_veg': 5.125368913006787, 'fuel_k': 0.537533926151762, 'fuel_half': 3.4653018392748858}. Best is trial 0 with value: -0.6070628323553574.
[I 2026-07-24 02:16:57,770] Trial 157 finished with value: 0.4697911594087195 and parameters: {'k1': 0.0007241510788934275, 'D_low': 6.136660594438211, 'k2': 2.083465144028978e-05, 'D_high': 437092.562972022, 'fire_exp': 1.389794639216741, 'P_half': 36.31103735302172, 'pre_dampen_half': 0.054989357436135415, 'gpp_af': 0.7592011817506396, 'gpp_b': 0.0028340165289320184, 'gpp_d': 154.36230525570488, 'ign_k': 0.0033629251015874864, 'ign_c': 46.065182220329355, 'trop_agb_crit': 1.9331388728368337, 'trop_k_veg': 5.6971374570622375, 'fuel_k': 4.944118766199218, 'fuel_half': 0.112794674542913}. Best is trial 0 with value: -0.6070628323553574.
[I 2026-07-24 02:16:58,172] Trial 158 finished with value: 0.5992179331699256 and parameters: {'k1': 0.000242026448099318, 'D_low': 16.805282041394662, 'k2': 0.00019580553283992663, 'D_high': 21580.915126271357, 'fire_exp': 3.8282080023839766, 'P_half': 4.427122775144669, 'pre_dampen_half': 258.8616248026427, 'gpp_af': 41.84672015100883, 'gpp_b': 0.0027587537861257353, 'gpp_d': 14.736330650719749, 'ign_k': 6.80764404024497, 'ign_c': 7.112136209915027, 'trop_agb_crit': 16.2148176013329, 'trop_k_veg': 3.1757190598231295, 'fuel_k': 1.5398169567481497, 'fuel_half': 6.833955001978437}. Best is trial 0 with value: -0.6070628323553574.
[I 2026-07-24 02:16:58,572] Trial 159 finished with value: 0.5245694983463689 and parameters: {'k1': 0.06585189830356784, 'D_low': 214.23874415081764, 'k2': 1.118772079637327e-05, 'D_high': 8396393.970223939, 'fire_exp': 1.297141136634789, 'P_half': 31.979635441519903, 'pre_dampen_half': 0.09952110995103382, 'gpp_af': 0.7767607795197462, 'gpp_b': 0.1335825359117166, 'gpp_d': 10.940137978586023, 'ign_k': 0.03207372129656938, 'ign_c': 1.5044784448891544, 'trop_agb_crit': 2.544887035881018, 'trop_k_veg': 3.5386684482907484, 'fuel_k': 1.4911120358613668, 'fuel_half': 0.42300179978506497}. Best is trial 0 with value: -0.6070628323553574.
[I 2026-07-24 02:16:58,975] Trial 160 finished with value: -0.46104590786032756 and parameters: {'k1': 2.5295711645723027e-05, 'D_low': 175.37829293016983, 'k2': 0.0018215357641667472, 'D_high': 262579.54679751175, 'fire_exp': 1.3320641066575385, 'P_half': 19.330252473195394, 'pre_dampen_half': 68.10665159436684, 'gpp_af': 80.5751257077715, 'gpp_b': 0.0011924310918939543, 'gpp_d': 1.788627526820545, 'ign_k': 4.645420306298277, 'ign_c': 1.171318119914046, 'trop_agb_crit': 13.811206404660917, 'trop_k_veg': 6.014719906213853, 'fuel_k': 0.938812452432766, 'fuel_half': 1.8180483263300895}. Best is trial 0 with value: -0.6070628323553574.
[I 2026-07-24 02:16:59,379] Trial 161 finished with value: -0.5456311323206688 and parameters: {'k1': 0.0009362944824189621, 'D_low': 718.8065505157406, 'k2': 0.00020263202783994786, 'D_high': 66271.803822138, 'fire_exp': 2.082428731042184, 'P_half': 30.8503215338237, 'pre_dampen_half': 548.0249919373299, 'gpp_af': 6.741537975873228, 'gpp_b': 1.1232982297645915, 'gpp_d': 27.405188784155765, 'ign_k': 8.588552166287906, 'ign_c': 7.661491601163396, 'trop_agb_crit': 23.775673464684186, 'trop_k_veg': 3.7921935587672055, 'fuel_k': 0.2826192280360834, 'fuel_half': 7.450957528054526}. Best is trial 0 with value: -0.6070628323553574.
[I 2026-07-24 02:16:59,782] Trial 162 finished with value: 0.5831855109792274 and parameters: {'k1': 8.64223381872652e-05, 'D_low': 3501.1839023335665, 'k2': 0.0007093499675707142, 'D_high': 39653.37444134019, 'fire_exp': 1.0868059679694508, 'P_half': 4.461150977355943, 'pre_dampen_half': 803.7383119756988, 'gpp_af': 15.579972807037398, 'gpp_b': 0.06639748744478176, 'gpp_d': 104.60368828749846, 'ign_k': 3.855334614275062, 'ign_c': 11.083512192373549, 'trop_agb_crit': 29.332852104339835, 'trop_k_veg': 4.765639954752214, 'fuel_k': 3.2808495926012737, 'fuel_half': 1.1705971816026814}. Best is trial 0 with value: -0.6070628323553574.
[I 2026-07-24 02:17:00,186] Trial 163 finished with value: 0.5585103842619624 and parameters: {'k1': 0.0008592797730244149, 'D_low': 5452.761062837691, 'k2': 0.0004220811103141395, 'D_high': 22279.887613851617, 'fire_exp': 1.6662590088569582, 'P_half': 65.39776740936406, 'pre_dampen_half': 65.86032564999346, 'gpp_af': 9.82771148777287, 'gpp_b': 1.73196217374154, 'gpp_d': 24.288625470049308, 'ign_k': 0.19715009615655005, 'ign_c': 0.6793405305799849, 'trop_agb_crit': 27.281643947843428, 'trop_k_veg': 2.72295653462201, 'fuel_k': 0.01983939917412637, 'fuel_half': 2.9390239321784173}. Best is trial 0 with value: -0.6070628323553574.
[I 2026-07-24 02:17:00,591] Trial 164 finished with value: 0.6445374145881376 and parameters: {'k1': 0.004022928504631039, 'D_low': 1310.2406296823533, 'k2': 0.0002753124544013152, 'D_high': 69538.5426384231, 'fire_exp': 2.720972876910987, 'P_half': 113.234792923868, 'pre_dampen_half': 558.5090487124969, 'gpp_af': 2.2450663816156, 'gpp_b': 1.940744639946203, 'gpp_d': 0.14586337743375385, 'ign_k': 3.1026192297031803, 'ign_c': 146.16881630341615, 'trop_agb_crit': 14.14062616594024, 'trop_k_veg': 2.5409932539050093, 'fuel_k': 1.2086103603292457, 'fuel_half': 49.931408653129374}. Best is trial 0 with value: -0.6070628323553574.
[I 2026-07-24 02:17:00,995] Trial 165 finished with value: 0.6445374145881376 and parameters: {'k1': 0.0011700886344626104, 'D_low': 2877.9867522566065, 'k2': 0.002257430912194912, 'D_high': 2610.256771588484, 'fire_exp': 1.9149700645133836, 'P_half': 26.150219218963496, 'pre_dampen_half': 660.0580869244158, 'gpp_af': 5.312099267425214, 'gpp_b': 1.889743986035686, 'gpp_d': 9.252776356223887, 'ign_k': 5.632797630408594, 'ign_c': 49.75074446585591, 'trop_agb_crit': 24.86486646068903, 'trop_k_veg': 4.803446998694742, 'fuel_k': 0.24792068268738393, 'fuel_half': 85.44894213689965}. Best is trial 0 with value: -0.6070628323553574.
[I 2026-07-24 02:17:01,405] Trial 166 finished with value: 0.5122206587163728 and parameters: {'k1': 0.0011500132619927615, 'D_low': 2.0183727746840794, 'k2': 0.0005147597296772531, 'D_high': 1283120.393759444, 'fire_exp': 6.082436774696409, 'P_half': 139.68396309672326, 'pre_dampen_half': 6.168956470694199, 'gpp_af': 0.04345899159559891, 'gpp_b': 3.097897223519753e-05, 'gpp_d': 1.927364758521349, 'ign_k': 0.3944683301334425, 'ign_c': 4.048648743569352, 'trop_agb_crit': 10.930842640617215, 'trop_k_veg': 0.5306551071889227, 'fuel_k': 3.9766794536089365, 'fuel_half': 1.855911529402751}. Best is trial 0 with value: -0.6070628323553574.
[I 2026-07-24 02:17:01,809] Trial 167 finished with value: 0.5969748493977806 and parameters: {'k1': 0.001912819373906882, 'D_low': 277.36749421483626, 'k2': 8.021149334863471e-05, 'D_high': 22861.08485486799, 'fire_exp': 1.0993180731908214, 'P_half': 7.424062842676107, 'pre_dampen_half': 0.5450245564716529, 'gpp_af': 0.011464666560858369, 'gpp_b': 0.1975223558159496, 'gpp_d': 274.73630507267774, 'ign_k': 0.9121267100974404, 'ign_c': 4.503444723352264, 'trop_agb_crit': 3.542066854067204, 'trop_k_veg': 2.987582520777949, 'fuel_k': 1.5492130795103876, 'fuel_half': 9.62422333278665}. Best is trial 0 with value: -0.6070628323553574.
[I 2026-07-24 02:17:02,214] Trial 168 finished with value: -0.5396467906133033 and parameters: {'k1': 0.00012610580946820622, 'D_low': 2.244723485187212, 'k2': 1.2961293968598965e-05, 'D_high': 988368.2989563054, 'fire_exp': 1.3611725007913653, 'P_half': 15.953670985907594, 'pre_dampen_half': 0.43450297078301825, 'gpp_af': 61.96248542179248, 'gpp_b': 0.0038210594537972987, 'gpp_d': 193.86277384091923, 'ign_k': 0.005928534549643874, 'ign_c': 0.4699429211012737, 'trop_agb_crit': 1.0028901862266097, 'trop_k_veg': 2.7376950549042482, 'fuel_k': 3.428221741823417, 'fuel_half': 0.1794934482502685}. Best is trial 0 with value: -0.6070628323553574.
