[I 2026-08-06 03:25:20,724] Trial 1386 finished with values: [10.76923076903347, 10.76923076903347] and parameters: {'k1': 0.07928164425547335, 'D_low': 148.10800730363493, 'k2': 0.07119679541167405, 'D_high': 2842.140588732084, 'fire_exp': 1.0881360604103363, 'P_half': 35.828811741825064, 'pre_dampen_half': 5.593036834117395, 'gpp_af': 68.49093205085057, 'gpp_b': 0.0032104497420724493, 'gpp_d': 33.9790424311127, 'ign_k': 0.37424230019851973, 'ign_c': 863.8558450754007, 'gdp_gamma': 1.8068697350278546}.
[I 2026-08-06 03:25:22,492] Trial 1387 finished with values: [10.649900857002066, 10.649900857002066] and parameters: {'k1': 0.0030285741098956273, 'D_low': 148.10800730363493, 'k2': 0.0007081721844034209, 'D_high': 22879.430573173642, 'fire_exp': 4.6550033601142875, 'P_half': 4.933751600448339, 'pre_dampen_half': 36.876350096203005, 'gpp_af': 0.05391752791214327, 'gpp_b': 0.004597283814159352, 'gpp_d': 331.7366635899375, 'ign_k': 1.833717796770998, 'ign_c': 22.126836566118193, 'gdp_gamma': 0.559652086128564}.
[I 2026-08-06 03:25:23,653] Trial 1388 finished with values: [-0.6215378784480858, 0.12667820611080194] and parameters: {'k1': 0.0030285741098956273, 'D_low': 30.956657914928517, 'k2': 0.03096855930632394, 'D_high': 2842.140588732084, 'fire_exp': 1.0881360604103363, 'P_half': 35.828811741825064, 'pre_dampen_half': 8.904067307938409, 'gpp_af': 1.4905836948373028, 'gpp_b': 0.02052499618703749, 'gpp_d': 331.7366635899375, 'ign_k': 2.7728241828010627, 'ign_c': 0.6615437365561385, 'gdp_gamma': 0.559652086128564}.
[I 2026-08-06 03:25:24,797] Trial 1389 finished with values: [10.371528905565816, 10.371528905565816] and parameters: {'k1': 2.9394634586259703e-05, 'D_low': 29.89885508829526, 'k2': 0.0017574830822120952, 'D_high': 21863.563449420166, 'fire_exp': 1.5191397119156032, 'P_half': 10.226988730324324, 'pre_dampen_half': 8.904067307938409, 'gpp_af': 0.05391752791214327, 'gpp_b': 0.0030742893625766146, 'gpp_d': 10.931606102061748, 'ign_k': 1.833717796770998, 'ign_c': 22.126836566118193, 'gdp_gamma': 1.8068697350278546}.
[I 2026-08-06 03:25:25,947] Trial 1390 finished with values: [10.584455825872144, 10.584455825872144] and parameters: {'k1': 0.0008918355390301991, 'D_low': 376.7022142229396, 'k2': 0.0007081721844034209, 'D_high': 2970.7920514735997, 'fire_exp': 1.0881360604103363, 'P_half': 4.933751600448339, 'pre_dampen_half': 0.06757319853660379, 'gpp_af': 25.68258839313344, 'gpp_b': 0.004215504256370331, 'gpp_d': 331.7366635899375, 'ign_k': 0.05128126758785009, 'ign_c': 22.126836566118193, 'gdp_gamma': 1.8068697350278546}.
[I 2026-08-06 03:25:27,133] Trial 1391 finished with values: [10.734437038571391, 10.734437038571391] and parameters: {'k1': 0.0030285741098956273, 'D_low': 30.956657914928517, 'k2': 0.0007081721844034209, 'D_high': 44.55881402182092, 'fire_exp': 1.0881360604103363, 'P_half': 4.933751600448339, 'pre_dampen_half': 55.00040622572184, 'gpp_af': 0.00115621233916266, 'gpp_b': 0.02283148195839141, 'gpp_d': 1.588528422491508, 'ign_k': 2.7728241828010627, 'ign_c': 22.126836566118193, 'gdp_gamma': 0.4782736120512339}.
[I 2026-08-06 03:25:28,367] Trial 1392 finished with values: [10.427563394642537, 10.427563394642537] and parameters: {'k1': 0.07928164425547335, 'D_low': 376.7022142229396, 'k2': 0.0007081721844034209, 'D_high': 1287.0590967923827, 'fire_exp': 1.0881360604103363, 'P_half': 10.226988730324324, 'pre_dampen_half': 5.593036834117395, 'gpp_af': 0.09145768948268033, 'gpp_b': 0.004597283814159352, 'gpp_d': 331.7366635899375, 'ign_k': 0.37424230019851973, 'ign_c': 11.77190025324203, 'gdp_gamma': 1.8068697350278546}.
[I 2026-08-06 03:25:29,522] Trial 1393 finished with values: [10.152666575491363, 10.152666575491363] and parameters: {'k1': 0.0008918355390301991, 'D_low': 30.956657914928517, 'k2': 0.0007081721844034209, 'D_high': 2970.7920514735997, 'fire_exp': 1.0881360604103363, 'P_half': 4.933751600448339, 'pre_dampen_half': 3.640068899312672, 'gpp_af': 3.253305539860196, 'gpp_b': 0.004215504256370331, 'gpp_d': 39.51555734907386, 'ign_k': 0.37424230019851973, 'ign_c': 22.126836566118193, 'gdp_gamma': 1.8068697350278546}.
[I 2026-08-06 03:25:30,677] Trial 1394 finished with values: [10.380078972108826, 10.380078972108826] and parameters: {'k1': 0.07928164425547335, 'D_low': 148.10800730363493, 'k2': 0.00014001191914113747, 'D_high': 2855.843069859749, 'fire_exp': 1.0881360604103363, 'P_half': 35.828811741825064, 'pre_dampen_half': 282.6768642969778, 'gpp_af': 0.05391752791214327, 'gpp_b': 0.004597283814159352, 'gpp_d': 10.931606102061748, 'ign_k': 0.37424230019851973, 'ign_c': 11.77190025324203, 'gdp_gamma': 1.8068697350278546}.
[I 2026-08-06 03:25:31,865] Trial 1395 finished with values: [10.311779831410178, 10.311779831410178] and parameters: {'k1': 0.03313724129972938, 'D_low': 3.7322156377670694, 'k2': 0.0007081721844034209, 'D_high': 2970.7920514735997, 'fire_exp': 1.0881360604103363, 'P_half': 35.828811741825064, 'pre_dampen_half': 8.904067307938409, 'gpp_af': 0.8571213555597653, 'gpp_b': 0.02052499618703749, 'gpp_d': 33.9790424311127, 'ign_k': 2.7728241828010627, 'ign_c': 0.20779081121680665, 'gdp_gamma': 1.8068697350278546}.
[I 2026-08-06 03:25:33,050] Trial 1396 finished with values: [10.11316671515427, 10.11316671515427] and parameters: {'k1': 0.0030285741098956273, 'D_low': 98.4062605901197, 'k2': 0.008433074972740243, 'D_high': 2842.140588732084, 'fire_exp': 1.5396143280471855, 'P_half': 4.933751600448339, 'pre_dampen_half': 5.593036834117395, 'gpp_af': 0.09145768948268033, 'gpp_b': 0.004597283814159352, 'gpp_d': 331.7366635899375, 'ign_k': 0.37424230019851973, 'ign_c': 0.6615437365561385, 'gdp_gamma': 1.8068697350278546}.
[I 2026-08-06 03:25:34,236] Trial 1397 finished with values: [10.042108646673496, 10.042108646673496] and parameters: {'k1': 0.0030285741098956273, 'D_low': 2708.371359865487, 'k2': 0.0007081721844034209, 'D_high': 18890.96117468769, 'fire_exp': 1.0881360604103363, 'P_half': 35.828811741825064, 'pre_dampen_half': 36.876350096203005, 'gpp_af': 0.05391752791214327, 'gpp_b': 5.128816316792448e-05, 'gpp_d': 331.7366635899375, 'ign_k': 0.37424230019851973, 'ign_c': 11.77190025324203, 'gdp_gamma': 1.8068697350278546}.
[I 2026-08-06 03:25:35,407] Trial 1398 finished with values: [-0.6245656242540094, 0.17315206593790067] and parameters: {'k1': 0.0014560457463361884, 'D_low': 376.7022142229396, 'k2': 0.0007081721844034209, 'D_high': 2970.7920514735997, 'fire_exp': 1.0881360604103363, 'P_half': 10.226988730324324, 'pre_dampen_half': 8.904067307938409, 'gpp_af': 0.8571213555597653, 'gpp_b': 0.00223436535646235, 'gpp_d': 33.9790424311127, 'ign_k': 0.37424230019851973, 'ign_c': 4.471851399162796, 'gdp_gamma': 1.8068697350278546}.
[I 2026-08-06 03:25:36,521] Trial 1399 finished with values: [-0.6182724603125435, 0.09548372432860663] and parameters: {'k1': 0.0008018119368890578, 'D_low': 490.2396944106614, 'k2': 0.0007081721844034209, 'D_high': 2842.140588732084, 'fire_exp': 1.0881360604103363, 'P_half': 25.255166452944085, 'pre_dampen_half': 8.904067307938409, 'gpp_af': 0.8571213555597653, 'gpp_b': 0.02052499618703749, 'gpp_d': 33.9790424311127, 'ign_k': 9.226223582279749, 'ign_c': 6.807874826564585, 'gdp_gamma': 1.8068697350278546}.
[I 2026-08-06 03:25:37,687] Trial 1400 finished with values: [-0.6227718367506647, 0.06929476401115964] and parameters: {'k1': 0.0030285741098956273, 'D_low': 98.4062605901197, 'k2': 0.0007081721844034209, 'D_high': 2970.7920514735997, 'fire_exp': 1.0881360604103363, 'P_half': 4.933751600448339, 'pre_dampen_half': 5.593036834117395, 'gpp_af': 0.09145768948268033, 'gpp_b': 0.004597283814159352, 'gpp_d': 35.58065945850715, 'ign_k': 0.37424230019851973, 'ign_c': 11.77190025324203, 'gdp_gamma': 1.8068697350278546}.
[I 2026-08-06 03:25:38,859] Trial 1401 finished with values: [10.222130499445727, 10.222130499445727] and parameters: {'k1': 2.9394634586259703e-05, 'D_low': 148.10800730363493, 'k2': 0.0017574830822120952, 'D_high': 21863.563449420166, 'fire_exp': 1.0881360604103363, 'P_half': 4.933751600448339, 'pre_dampen_half': 8.904067307938409, 'gpp_af': 0.09145768948268033, 'gpp_b': 0.004215504256370331, 'gpp_d': 331.7366635899375, 'ign_k': 0.37424230019851973, 'ign_c': 22.126836566118193, 'gdp_gamma': 0.559652086128564}.
[I 2026-08-06 03:25:39,998] Trial 1402 finished with values: [-0.6051591995116438, 0.08788376571598266] and parameters: {'k1': 0.07928164425547335, 'D_low': 30.956657914928517, 'k2': 0.00014001191914113747, 'D_high': 2970.7920514735997, 'fire_exp': 1.0881360604103363, 'P_half': 1.2765717873951687, 'pre_dampen_half': 8.904067307938409, 'gpp_af': 0.09145768948268033, 'gpp_b': 0.02052499618703749, 'gpp_d': 33.9790424311127, 'ign_k': 0.3521102994688841, 'ign_c': 0.6615437365561385, 'gdp_gamma': 1.8068697350278546}.
[I 2026-08-06 03:25:41,132] Trial 1403 finished with values: [10.69762014400805, 10.69762014400805] and parameters: {'k1': 0.0030285741098956273, 'D_low': 376.7022142229396, 'k2': 0.0007081721844034209, 'D_high': 2970.7920514735997, 'fire_exp': 1.0881360604103363, 'P_half': 25.255166452944085, 'pre_dampen_half': 36.876350096203005, 'gpp_af': 0.09145768948268033, 'gpp_b': 5.128816316792448e-05, 'gpp_d': 331.7366635899375, 'ign_k': 0.37424230019851973, 'ign_c': 11.77190025324203, 'gdp_gamma': 1.8068697350278546}.
[I 2026-08-06 03:25:42,263] Trial 1404 finished with values: [10.5756605971844, 10.5756605971844] and parameters: {'k1': 0.07579633113316123, 'D_low': 376.7022142229396, 'k2': 4.484744524732793e-05, 'D_high': 180.8841247288954, 'fire_exp': 1.5191397119156032, 'P_half': 35.828811741825064, 'pre_dampen_half': 2.2690261165997048, 'gpp_af': 0.09145768948268033, 'gpp_b': 0.0013581822883038843, 'gpp_d': 10.931606102061748, 'ign_k': 1.833717796770998, 'ign_c': 0.6615437365561385, 'gdp_gamma': 1.8068697350278546}.
[I 2026-08-06 03:25:43,954] Trial 1405 finished with values: [10.681096975940028, 10.681096975940028] and parameters: {'k1': 0.03313724129972938, 'D_low': 1934.4058229928303, 'k2': 0.0007081721844034209, 'D_high': 2855.843069859749, 'fire_exp': 1.0881360604103363, 'P_half': 35.828811741825064, 'pre_dampen_half': 8.904067307938409, 'gpp_af': 0.09145768948268033, 'gpp_b': 0.0030742893625766146, 'gpp_d': 25.184822598549903, 'ign_k': 0.37424230019851973, 'ign_c': 11.77190025324203, 'gdp_gamma': 1.8068697350278546}.
[I 2026-08-06 03:25:45,092] Trial 1406 finished with values: [10.041151609814595, 10.041151609814595] and parameters: {'k1': 0.0030285741098956273, 'D_low': 3.7322156377670694, 'k2': 0.0007081721844034209, 'D_high': 2855.843069859749, 'fire_exp': 1.0881360604103363, 'P_half': 25.255166452944085, 'pre_dampen_half': 8.904067307938409, 'gpp_af': 0.19784541307475992, 'gpp_b': 5.128816316792448e-05, 'gpp_d': 331.7366635899375, 'ign_k': 0.026989389523334312, 'ign_c': 9.480904871088134, 'gdp_gamma': 1.8068697350278546}.
[I 2026-08-06 03:25:46,263] Trial 1407 finished with values: [10.041994417189194, 10.041994417189194] and parameters: {'k1': 0.03313724129972938, 'D_low': 30.956657914928517, 'k2': 0.0007081721844034209, 'D_high': 2970.7920514735997, 'fire_exp': 1.0881360604103363, 'P_half': 25.255166452944085, 'pre_dampen_half': 8.904067307938409, 'gpp_af': 0.8571213555597653, 'gpp_b': 0.02052499618703749, 'gpp_d': 33.9790424311127, 'ign_k': 2.0558764405935905, 'ign_c': 11.77190025324203, 'gdp_gamma': 1.8068697350278546}.
[I 2026-08-06 03:25:47,387] Trial 1408 finished with values: [10.448678163782574, 10.448678163782574] and parameters: {'k1': 0.00021919578035982644, 'D_low': 3.7322156377670694, 'k2': 0.00014001191914113747, 'D_high': 35.11445258128688, 'fire_exp': 1.4919751618498247, 'P_half': 4.933751600448339, 'pre_dampen_half': 36.876350096203005, 'gpp_af': 0.09145768948268033, 'gpp_b': 0.004215504256370331, 'gpp_d': 331.7366635899375, 'ign_k': 0.37424230019851973, 'ign_c': 22.126836566118193, 'gdp_gamma': 1.8068697350278546}.
[I 2026-08-06 03:25:48,654] Trial 1409 finished with values: [10.127453705490048, 10.127453705490048] and parameters: {'k1': 0.07928164425547335, 'D_low': 376.7022142229396, 'k2': 0.0011724011230137628, 'D_high': 7047.840732813081, 'fire_exp': 1.0881360604103363, 'P_half': 4.933751600448339, 'pre_dampen_half': 55.00040622572184, 'gpp_af': 0.09145768948268033, 'gpp_b': 0.004597283814159352, 'gpp_d': 134.86245572895348, 'ign_k': 0.37424230019851973, 'ign_c': 22.126836566118193, 'gdp_gamma': 0.4782736120512339}.
[I 2026-08-06 03:25:49,809] Trial 1410 finished with values: [-0.6227144620080421, 0.07989024647915777] and parameters: {'k1': 0.03313724129972938, 'D_low': 30.956657914928517, 'k2': 4.484744524732793e-05, 'D_high': 21863.563449420166, 'fire_exp': 1.5191397119156032, 'P_half': 35.828811741825064, 'pre_dampen_half': 36.876350096203005, 'gpp_af': 0.09145768948268033, 'gpp_b': 0.0030742893625766146, 'gpp_d': 10.931606102061748, 'ign_k': 1.833717796770998, 'ign_c': 22.126836566118193, 'gdp_gamma': 1.8068697350278546}.
[I 2026-08-06 03:25:50,965] Trial 1411 finished with values: [10.438718821181437, 10.438718821181437] and parameters: {'k1': 0.03313724129972938, 'D_low': 2.5266780882188318, 'k2': 0.0007081721844034209, 'D_high': 35.11445258128688, 'fire_exp': 1.0881360604103363, 'P_half': 35.828811741825064, 'pre_dampen_half': 36.876350096203005, 'gpp_af': 0.05391752791214327, 'gpp_b': 0.004215504256370331, 'gpp_d': 331.7366635899375, 'ign_k': 0.37424230019851973, 'ign_c': 22.126836566118193, 'gdp_gamma': 0.0061920098907353805}.
[I 2026-08-06 03:25:52,103] Trial 1412 finished with values: [-0.569767950073899, 0.1244234925500558] and parameters: {'k1': 0.07928164425547335, 'D_low': 376.7022142229396, 'k2': 0.00014001191914113747, 'D_high': 2970.7920514735997, 'fire_exp': 1.0881360604103363, 'P_half': 10.226988730324324, 'pre_dampen_half': 36.876350096203005, 'gpp_af': 0.09145768948268033, 'gpp_b': 0.004597283814159352, 'gpp_d': 331.7366635899375, 'ign_k': 0.37424230019851973, 'ign_c': 4.471851399162796, 'gdp_gamma': 1.8068697350278546}.
[I 2026-08-06 03:25:53,290] Trial 1413 finished with values: [10.644495790830945, 10.644495790830945] and parameters: {'k1': 3.697327823941222e-05, 'D_low': 38.3602907874811, 'k2': 4.484744524732793e-05, 'D_high': 21863.563449420166, 'fire_exp': 1.0881360604103363, 'P_half': 4.933751600448339, 'pre_dampen_half': 36.876350096203005, 'gpp_af': 0.09145768948268033, 'gpp_b': 0.0030742893625766146, 'gpp_d': 331.7366635899375, 'ign_k': 1.833717796770998, 'ign_c': 2.4647089738642785, 'gdp_gamma': 1.8068697350278546}.
[I 2026-08-06 03:25:54,508] Trial 1414 finished with values: [10.248414168819258, 10.248414168819258] and parameters: {'k1': 0.0030285741098956273, 'D_low': 148.10800730363493, 'k2': 0.00014001191914113747, 'D_high': 21863.563449420166, 'fire_exp': 1.0881360604103363, 'P_half': 10.226988730324324, 'pre_dampen_half': 36.876350096203005, 'gpp_af': 0.09145768948268033, 'gpp_b': 0.004215504256370331, 'gpp_d': 33.9790424311127, 'ign_k': 0.37424230019851973, 'ign_c': 22.126836566118193, 'gdp_gamma': 1.8068697350278546}.
[I 2026-08-06 03:25:55,679] Trial 1415 finished with values: [10.16618754833269, 10.16618754833269] and parameters: {'k1': 0.0030285741098956273, 'D_low': 98.4062605901197, 'k2': 0.03096855930632394, 'D_high': 2970.7920514735997, 'fire_exp': 1.0881360604103363, 'P_half': 4.933751600448339, 'pre_dampen_half': 1.7854796082315108, 'gpp_af': 0.09145768948268033, 'gpp_b': 0.004597283814159352, 'gpp_d': 18.65834020040025, 'ign_k': 0.37424230019851973, 'ign_c': 11.77190025324203, 'gdp_gamma': 1.8068697350278546}.
[I 2026-08-06 03:25:56,862] Trial 1416 finished with values: [10.76923076903347, 10.76923076903347] and parameters: {'k1': 0.0008018119368890578, 'D_low': 148.10800730363493, 'k2': 4.484744524732793e-05, 'D_high': 2842.140588732084, 'fire_exp': 5.6082367242883935, 'P_half': 25.255166452944085, 'pre_dampen_half': 8.904067307938409, 'gpp_af': 0.05391752791214327, 'gpp_b': 0.0030742893625766146, 'gpp_d': 33.9790424311127, 'ign_k': 1.833717796770998, 'ign_c': 40.23373392740452, 'gdp_gamma': 1.8068697350278546}.
[I 2026-08-06 03:25:58,022] Trial 1417 finished with values: [10.30911464820642, 10.30911464820642] and parameters: {'k1': 0.0030285741098956273, 'D_low': 376.7022142229396, 'k2': 0.0014282597314566822, 'D_high': 2970.7920514735997, 'fire_exp': 1.0881360604103363, 'P_half': 35.828811741825064, 'pre_dampen_half': 36.876350096203005, 'gpp_af': 0.09145768948268033, 'gpp_b': 0.004597283814159352, 'gpp_d': 12.724561860664178, 'ign_k': 0.37424230019851973, 'ign_c': 11.77190025324203, 'gdp_gamma': 1.8068697350278546}.
[I 2026-08-06 03:25:59,227] Trial 1418 finished with values: [10.712615297837402, 10.712615297837402] and parameters: {'k1': 0.0030285741098956273, 'D_low': 25.674369455860184, 'k2': 0.0007081721844034209, 'D_high': 2970.7920514735997, 'fire_exp': 6.941407697937204, 'P_half': 35.828811741825064, 'pre_dampen_half': 55.00040622572184, 'gpp_af': 0.05391752791214327, 'gpp_b': 0.0030742893625766146, 'gpp_d': 25.184822598549903, 'ign_k': 2.7728241828010627, 'ign_c': 11.77190025324203, 'gdp_gamma': 1.8068697350278546}.
[I 2026-08-06 03:26:00,430] Trial 1419 finished with values: [10.367785841000162, 10.367785841000162] and parameters: {'k1': 0.03313724129972938, 'D_low': 376.7022142229396, 'k2': 0.00014001191914113747, 'D_high': 2970.7920514735997, 'fire_exp': 1.0881360604103363, 'P_half': 35.828811741825064, 'pre_dampen_half': 36.876350096203005, 'gpp_af': 0.09145768948268033, 'gpp_b': 0.02052499618703749, 'gpp_d': 25.184822598549903, 'ign_k': 0.37424230019851973, 'ign_c': 22.126836566118193, 'gdp_gamma': 1.8068697350278546}.
[I 2026-08-06 03:26:01,601] Trial 1420 finished with values: [10.02599112446364, 10.02599112446364] and parameters: {'k1': 0.0030285741098956273, 'D_low': 376.7022142229396, 'k2': 0.0007081721844034209, 'D_high': 2970.7920514735997, 'fire_exp': 1.0881360604103363, 'P_half': 21.77936207481482, 'pre_dampen_half': 8.904067307938409, 'gpp_af': 0.09145768948268033, 'gpp_b': 0.004597283814159352, 'gpp_d': 25.184822598549903, 'ign_k': 0.07676242208810521, 'ign_c': 11.77190025324203, 'gdp_gamma': 1.8068697350278546}.
[I 2026-08-06 03:26:02,774] Trial 1421 finished with values: [10.753667042967729, 10.753667042967729] and parameters: {'k1': 6.199983461825241e-05, 'D_low': 29.89885508829526, 'k2': 0.0007081721844034209, 'D_high': 2842.140588732084, 'fire_exp': 1.0881360604103363, 'P_half': 4.933751600448339, 'pre_dampen_half': 36.876350096203005, 'gpp_af': 0.09145768948268033, 'gpp_b': 7.492549625422511, 'gpp_d': 33.9790424311127, 'ign_k': 0.37424230019851973, 'ign_c': 22.126836566118193, 'gdp_gamma': 1.8068697350278546}.
[I 2026-08-06 03:26:04,530] Trial 1422 finished with values: [10.078522388586094, 10.078522388586094] and parameters: {'k1': 0.0030285741098956273, 'D_low': 376.7022142229396, 'k2': 0.00344008008600059, 'D_high': 35.11445258128688, 'fire_exp': 1.0881360604103363, 'P_half': 25.255166452944085, 'pre_dampen_half': 36.876350096203005, 'gpp_af': 0.05391752791214327, 'gpp_b': 5.128816316792448e-05, 'gpp_d': 331.7366635899375, 'ign_k': 0.37424230019851973, 'ign_c': 0.3199329468607338, 'gdp_gamma': 1.8068697350278546}.
[I 2026-08-06 03:26:05,730] Trial 1423 finished with values: [-0.612615970538727, 0.09842633212953056] and parameters: {'k1': 0.07579633113316123, 'D_low': 29.89885508829526, 'k2': 0.0007081721844034209, 'D_high': 21863.563449420166, 'fire_exp': 1.5191397119156032, 'P_half': 10.226988730324324, 'pre_dampen_half': 36.876350096203005, 'gpp_af': 0.05391752791214327, 'gpp_b': 0.0030742893625766146, 'gpp_d': 10.931606102061748, 'ign_k': 1.833717796770998, 'ign_c': 22.126836566118193, 'gdp_gamma': 1.8068697350278546}.
[I 2026-08-06 03:26:06,902] Trial 1424 finished with values: [10.256668621719735, 10.256668621719735] and parameters: {'k1': 0.03313724129972938, 'D_low': 376.7022142229396, 'k2': 0.0007081721844034209, 'D_high': 5066.525680701901, 'fire_exp': 1.0881360604103363, 'P_half': 35.828811741825064, 'pre_dampen_half': 3.640068899312672, 'gpp_af': 0.09145768948268033, 'gpp_b': 0.00223436535646235, 'gpp_d': 25.184822598549903, 'ign_k': 0.37424230019851973, 'ign_c': 11.77190025324203, 'gdp_gamma': 1.8068697350278546}.
[I 2026-08-06 03:26:08,215] Trial 1425 finished with values: [-0.6229241392959276, 0.10703678857577648] and parameters: {'k1': 0.0030285741098956273, 'D_low': 148.10800730363493, 'k2': 0.00014001191914113747, 'D_high': 18356.41027683101, 'fire_exp': 1.0881360604103363, 'P_half': 4.933751600448339, 'pre_dampen_half': 36.876350096203005, 'gpp_af': 0.09145768948268033, 'gpp_b': 0.004597283814159352, 'gpp_d': 1.24155680709321, 'ign_k': 0.37424230019851973, 'ign_c': 22.126836566118193, 'gdp_gamma': 0.559652086128564}.
[I 2026-08-06 03:26:09,467] Trial 1426 finished with values: [10.058205044747115, 10.058205044747115] and parameters: {'k1': 0.03313724129972938, 'D_low': 30.956657914928517, 'k2': 0.0007081721844034209, 'D_high': 35.11445258128688, 'fire_exp': 1.0881360604103363, 'P_half': 35.828811741825064, 'pre_dampen_half': 55.00040622572184, 'gpp_af': 0.05391752791214327, 'gpp_b': 0.004597283814159352, 'gpp_d': 33.9790424311127, 'ign_k': 0.01997174727159275, 'ign_c': 11.77190025324203, 'gdp_gamma': 0.4782736120512339}.
[I 2026-08-06 03:26:10,703] Trial 1427 finished with values: [10.585749370325876, 10.585749370325876] and parameters: {'k1': 0.0030285741098956273, 'D_low': 376.7022142229396, 'k2': 0.0007081721844034209, 'D_high': 2970.7920514735997, 'fire_exp': 1.0881360604103363, 'P_half': 414.16196195026595, 'pre_dampen_half': 8.904067307938409, 'gpp_af': 0.09145768948268033, 'gpp_b': 0.004215504256370331, 'gpp_d': 1.588528422491508, 'ign_k': 2.7728241828010627, 'ign_c': 22.126836566118193, 'gdp_gamma': 0.1843260273320324}.
