[I 2026-06-11 13:08:18,577] Trial 324 finished with values: [10.628226564055005, 10.628226564055005] and parameters: {'k1': 0.03648456083047798, 'D_low': 6010.742028864748, 'k2': 0.045914852167405346, 'D_high': 32311.521854410956, 'fire_exp': 1.633445707733642, 'P_half': 2.226799690893868, 'pre_dampen_half': 121.93011993958949, 'gpp_af': 0.07118041471054574, 'gpp_b': 2.800940363375676e-05, 'gpp_d': 1.4397852866783676, 'ign_k': 0.002357279455676982, 'ign_c': 7.081721844034206, 'trop_agb_crit': 8.0091368834625, 'trop_k_veg': 0.5450786550840475, 'fire_amp': 1.5180207449214471}.
[I 2026-06-11 13:08:19,606] Trial 325 finished with values: [10.5805019125718, 10.5805019125718] and parameters: {'k1': 3.609310926766545e-05, 'D_low': 1121.5915868662764, 'k2': 0.0007731571570012607, 'D_high': 252.84086172415604, 'fire_exp': 1.4848387260494937, 'P_half': 1265.0580856641704, 'pre_dampen_half': 18.127341934230078, 'gpp_af': 20.12115544906385, 'gpp_b': 0.00012118589392553798, 'gpp_d': 96.93415502195788, 'ign_k': 0.012480180965117606, 'ign_c': 0.4177928311636542, 'trop_agb_crit': 11.664190932505923, 'trop_k_veg': 5.453348988480011, 'fire_amp': 5.416595007374148}.
[I 2026-06-11 13:08:20,508] Trial 326 finished with values: [10.712820895429303, 10.712820895429303] and parameters: {'k1': 0.00023134781612225627, 'D_low': 6010.742028864748, 'k2': 0.045914852167405346, 'D_high': 32311.521854410956, 'fire_exp': 1.41873960828944, 'P_half': 2.226799690893868, 'pre_dampen_half': 0.6960360257735198, 'gpp_af': 0.008117091133892173, 'gpp_b': 0.00031478066835753096, 'gpp_d': 0.1619054449471649, 'ign_k': 0.002357279455676982, 'ign_c': 7.081721844034206, 'trop_agb_crit': 12.708819454040446, 'trop_k_veg': 0.5535297685306277, 'fire_amp': 1.5719333351012774}.
[I 2026-06-11 13:08:21,978] Trial 327 finished with values: [10.407001322065542, 10.407001322065542] and parameters: {'k1': 5.7909642338812115e-05, 'D_low': 1.4002277211577039, 'k2': 0.0007731571570012607, 'D_high': 1817.0401889219124, 'fire_exp': 1.1633452995374232, 'P_half': 1265.0580856641704, 'pre_dampen_half': 1.8469033699850426, 'gpp_af': 0.41874665092828456, 'gpp_b': 0.004411400434514031, 'gpp_d': 1.0088237648985734, 'ign_k': 0.17320535908244444, 'ign_c': 0.4177928311636542, 'trop_agb_crit': 1.8566494291193822, 'trop_k_veg': 5.453348988480011, 'fire_amp': 5.44779717154213}.
[I 2026-06-11 13:08:23,285] Trial 328 finished with values: [20.784805361499032, 20.784805361499032] and parameters: {'k1': 0.0001969885015387913, 'D_low': 1074.940539517341, 'k2': 0.028670350305540694, 'D_high': 6682.9607218310075, 'fire_exp': 1.0601964743503993, 'P_half': 78.13392238162733, 'pre_dampen_half': 123.04779330083686, 'gpp_af': 0.008117091133892173, 'gpp_b': 1.4540386644083135e-05, 'gpp_d': 0.12878367369717508, 'ign_k': 0.0032383308053152635, 'ign_c': 59.52904331761843, 'trop_agb_crit': 24.199763404822136, 'trop_k_veg': 1.6648666152166967, 'fire_amp': 5.667622640988655}.
[I 2026-06-11 13:08:24,340] Trial 329 finished with values: [10.0527362064245, 10.0527362064245] and parameters: {'k1': 0.03648456083047798, 'D_low': 236.79352040223893, 'k2': 1.1417577140741129e-05, 'D_high': 55.22071973135807, 'fire_exp': 1.41873960828944, 'P_half': 8.318314747941244, 'pre_dampen_half': 220.35141300841897, 'gpp_af': 1.9706963379095486, 'gpp_b': 2.800940363375676e-05, 'gpp_d': 76.38081075786287, 'ign_k': 0.00840038491455979, 'ign_c': 7.832259769732471, 'trop_agb_crit': 8.0091368834625, 'trop_k_veg': 1.6648666152166967, 'fire_amp': 1.5719333351012774}.
[I 2026-06-11 13:08:25,368] Trial 330 finished with values: [10.574214841545087, 10.574214841545087] and parameters: {'k1': 0.00031134168041628584, 'D_low': 408.3047491580097, 'k2': 0.003767022142229395, 'D_high': 24.9899605789089, 'fire_exp': 1.7505406131449859, 'P_half': 12.280874862135363, 'pre_dampen_half': 170.71098124594695, 'gpp_af': 1.9706963379095486, 'gpp_b': 0.002416023630607169, 'gpp_d': 21.899070557043984, 'ign_k': 0.00660597889201953, 'ign_c': 48.704711413416454, 'trop_agb_crit': 11.664190932505923, 'trop_k_veg': 0.5183533149347164, 'fire_amp': 3.1543496524370136}.
[I 2026-06-11 13:08:26,398] Trial 331 finished with values: [-0.5262130949928279, 0.33770736416550406] and parameters: {'k1': 0.01212515722046018, 'D_low': 1074.940539517341, 'k2': 7.639737756882014e-05, 'D_high': 21.356209987689077, 'fire_exp': 1.0601964743503993, 'P_half': 2.226799690893868, 'pre_dampen_half': 30.456909077772018, 'gpp_af': 29.700320404259642, 'gpp_b': 0.010307896803108956, 'gpp_d': 167.46194867675757, 'ign_k': 0.0032383308053152635, 'ign_c': 110.68683358440691, 'trop_agb_crit': 12.9667438075127, 'trop_k_veg': 1.6648666152166967, 'fire_amp': 2.7806853670293616}.
[I 2026-06-11 13:08:27,336] Trial 332 finished with values: [-0.6178451754502179, 0.21678899696167286] and parameters: {'k1': 0.03648456083047798, 'D_low': 236.79352040223893, 'k2': 0.003767022142229395, 'D_high': 6682.9607218310075, 'fire_exp': 1.41873960828944, 'P_half': 8.318314747941244, 'pre_dampen_half': 16.009350908593582, 'gpp_af': 1.9706963379095486, 'gpp_b': 0.05719024141066792, 'gpp_d': 12.338826503601998, 'ign_k': 0.00840038491455979, 'ign_c': 1.364908766641693, 'trop_agb_crit': 8.0091368834625, 'trop_k_veg': 0.6673124511410327, 'fire_amp': 1.5719333351012774}.
[I 2026-06-11 13:08:28,235] Trial 333 finished with values: [10.711084244916254, 10.711084244916254] and parameters: {'k1': 0.0001887567630782227, 'D_low': 12.105387404469584, 'k2': 0.003767022142229395, 'D_high': 22.636544662054543, 'fire_exp': 1.305777134899723, 'P_half': 69.68111190775313, 'pre_dampen_half': 1.8469033699850426, 'gpp_af': 0.0662749342026412, 'gpp_b': 1.4540386644083135e-05, 'gpp_d': 28.312234265202243, 'ign_k': 0.00840038491455979, 'ign_c': 0.4177928311636542, 'trop_agb_crit': 3.438084743887884, 'trop_k_veg': 0.6673124511410327, 'fire_amp': 2.7806853670293616}.
[I 2026-06-11 13:08:29,124] Trial 334 finished with values: [10.417934137216356, 10.417934137216356] and parameters: {'k1': 0.012840669372724958, 'D_low': 1.7551403048208316, 'k2': 0.0001280886335404798, 'D_high': 24.9899605789089, 'fire_exp': 1.811096651915224, 'P_half': 5.4712187293420325, 'pre_dampen_half': 4.603480758878793, 'gpp_af': 0.004531316405029204, 'gpp_b': 0.00031478066835753096, 'gpp_d': 0.1619054449471649, 'ign_k': 0.0029519227433917453, 'ign_c': 48.704711413416454, 'trop_agb_crit': 21.086120736447015, 'trop_k_veg': 0.5471865667052176, 'fire_amp': 5.615047466686494}.
[I 2026-06-11 13:08:30,026] Trial 335 finished with values: [10.230522481258692, 10.230522481258692] and parameters: {'k1': 0.0032360993995751053, 'D_low': 148.21691630007544, 'k2': 0.003767022142229395, 'D_high': 6682.9607218310075, 'fire_exp': 1.2060040899560858, 'P_half': 1265.0580856641704, 'pre_dampen_half': 4.847666216751353, 'gpp_af': 0.060029341913968644, 'gpp_b': 1.4540386644083135e-05, 'gpp_d': 545.0253444559129, 'ign_k': 0.17320535908244444, 'ign_c': 0.17036120617148395, 'trop_agb_crit': 1.0693376406863295, 'trop_k_veg': 5.636143940068465, 'fire_amp': 1.5180207449214471}.
[I 2026-06-11 13:08:30,926] Trial 336 finished with values: [10.716897534359006, 10.716897534359006] and parameters: {'k1': 0.03648456083047798, 'D_low': 148.21691630007544, 'k2': 0.003767022142229395, 'D_high': 252.84086172415604, 'fire_exp': 1.4848387260494937, 'P_half': 12.280874862135363, 'pre_dampen_half': 42.05657072871069, 'gpp_af': 1.9706963379095486, 'gpp_b': 2.800940363375676e-05, 'gpp_d': 0.1619054449471649, 'ign_k': 0.00840038491455979, 'ign_c': 1.364908766641693, 'trop_agb_crit': 8.0091368834625, 'trop_k_veg': 0.6673124511410327, 'fire_amp': 3.1543496524370136}.
[I 2026-06-11 13:08:31,846] Trial 337 finished with values: [10.421383133118223, 10.421383133118223] and parameters: {'k1': 3.609310926766545e-05, 'D_low': 1121.5915868662764, 'k2': 0.00037358626308127543, 'D_high': 1817.0401889219124, 'fire_exp': 1.0812994412809738, 'P_half': 2.226799690893868, 'pre_dampen_half': 4.847666216751353, 'gpp_af': 0.015627364027979502, 'gpp_b': 2.176805640408474e-05, 'gpp_d': 1.4397852866783676, 'ign_k': 0.0029519227433917453, 'ign_c': 482.3823303865253, 'trop_agb_crit': 1.8566494291193822, 'trop_k_veg': 2.7637004570645405, 'fire_amp': 3.1543496524370136}.
[I 2026-06-11 13:08:32,780] Trial 338 finished with values: [10.282296320243214, 10.282296320243214] and parameters: {'k1': 0.03648456083047798, 'D_low': 148.21691630007544, 'k2': 0.02065142557895925, 'D_high': 6682.9607218310075, 'fire_exp': 1.0812994412809738, 'P_half': 2.226799690893868, 'pre_dampen_half': 4.847666216751353, 'gpp_af': 0.060029341913968644, 'gpp_b': 2.800940363375676e-05, 'gpp_d': 1.4397852866783676, 'ign_k': 0.0032383308053152635, 'ign_c': 1.364908766641693, 'trop_agb_crit': 5.588032458772675, 'trop_k_veg': 2.99731137426955, 'fire_amp': 1.5180207449214471}.
[I 2026-06-11 13:08:33,713] Trial 339 finished with values: [-0.590024225169625, 0.2604366942540972] and parameters: {'k1': 0.012840669372724958, 'D_low': 1.7551403048208316, 'k2': 0.0001280886335404798, 'D_high': 32311.521854410956, 'fire_exp': 1.811096651915224, 'P_half': 5.4712187293420325, 'pre_dampen_half': 4.603480758878793, 'gpp_af': 0.07118041471054574, 'gpp_b': 0.0004125336560355494, 'gpp_d': 0.1619054449471649, 'ign_k': 0.0029519227433917453, 'ign_c': 153.51441568398127, 'trop_agb_crit': 2.0527418919564324, 'trop_k_veg': 2.520089655463604, 'fire_amp': 5.615047466686494}.
[I 2026-06-11 13:08:34,615] Trial 340 finished with values: [12.079959047742935, 12.079959047742935] and parameters: {'k1': 0.03648456083047798, 'D_low': 236.79352040223893, 'k2': 0.045914852167405346, 'D_high': 6682.9607218310075, 'fire_exp': 1.4848387260494937, 'P_half': 84.3508388778244, 'pre_dampen_half': 42.05657072871069, 'gpp_af': 0.008117091133892173, 'gpp_b': 0.00012118589392553798, 'gpp_d': 12.338826503601998, 'ign_k': 0.012480180965117606, 'ign_c': 0.2946000090510885, 'trop_agb_crit': 11.664190932505923, 'trop_k_veg': 3.4439936249445045, 'fire_amp': 3.1543496524370136}.
[I 2026-06-11 13:08:35,566] Trial 341 finished with values: [10.767718729038997, 10.767718729038997] and parameters: {'k1': 1.1281785190969807e-05, 'D_low': 148.21691630007544, 'k2': 0.0004976087827261435, 'D_high': 252.84086172415604, 'fire_exp': 1.4848387260494937, 'P_half': 12.280874862135363, 'pre_dampen_half': 0.04225994826142427, 'gpp_af': 29.700320404259642, 'gpp_b': 0.015062722325200045, 'gpp_d': 1.336803341156552, 'ign_k': 0.012480180965117606, 'ign_c': 22.126836566118193, 'trop_agb_crit': 11.664190932505923, 'trop_k_veg': 1.2749676887479542, 'fire_amp': 3.1543496524370136}.
[I 2026-06-11 13:08:36,515] Trial 342 finished with values: [10.768294048309135, 10.768294048309135] and parameters: {'k1': 5.7909642338812115e-05, 'D_low': 1.4002277211577039, 'k2': 0.0007731571570012607, 'D_high': 1817.0401889219124, 'fire_exp': 1.1633452995374232, 'P_half': 1265.0580856641704, 'pre_dampen_half': 1.8469033699850426, 'gpp_af': 0.41874665092828456, 'gpp_b': 0.004411400434514031, 'gpp_d': 1.0088237648985734, 'ign_k': 0.17320535908244444, 'ign_c': 55.24095129928624, 'trop_agb_crit': 1.8566494291193822, 'trop_k_veg': 1.64857963637888, 'fire_amp': 5.44779717154213}.
[I 2026-06-11 13:08:37,481] Trial 343 finished with values: [10.706177441993628, 10.706177441993628] and parameters: {'k1': 0.0018697387216131526, 'D_low': 1.4002277211577039, 'k2': 0.0007731571570012607, 'D_high': 44974.07193749848, 'fire_exp': 3.2459542834651627, 'P_half': 101.40635645866499, 'pre_dampen_half': 16.009350908593582, 'gpp_af': 1.7775411110039254, 'gpp_b': 0.16285506249643175, 'gpp_d': 1.0088237648985734, 'ign_k': 3.6309591863459096, 'ign_c': 2.2489542843914485, 'trop_agb_crit': 1.8566494291193822, 'trop_k_veg': 0.6488368931910606, 'fire_amp': 2.818314238665462}.
[I 2026-06-11 13:08:38,417] Trial 344 finished with values: [10.515757804024371, 10.515757804024371] and parameters: {'k1': 0.0014452451441203328, 'D_low': 450.9719064153485, 'k2': 6.340140860251457e-05, 'D_high': 1817.0401889219124, 'fire_exp': 1.1633452995374232, 'P_half': 2.226799690893868, 'pre_dampen_half': 79.2915624488668, 'gpp_af': 29.700320404259642, 'gpp_b': 0.010307896803108956, 'gpp_d': 0.39400557434451433, 'ign_k': 0.001229921046579313, 'ign_c': 0.4177928311636542, 'trop_agb_crit': 12.9667438075127, 'trop_k_veg': 6.030247256556128, 'fire_amp': 2.7806853670293616}.
[I 2026-06-11 13:08:39,817] Trial 345 finished with values: [10.58856950383812, 10.58856950383812] and parameters: {'k1': 0.03648456083047798, 'D_low': 171.2446447678494, 'k2': 0.003767022142229395, 'D_high': 252.84086172415604, 'fire_exp': 1.4848387260494937, 'P_half': 61.6097529474144, 'pre_dampen_half': 42.05657072871069, 'gpp_af': 0.008117091133892173, 'gpp_b': 0.001674375583895437, 'gpp_d': 0.7698760608299932, 'ign_k': 0.0032383308053152635, 'ign_c': 1.364908766641693, 'trop_agb_crit': 11.664190932505923, 'trop_k_veg': 2.724170387400844, 'fire_amp': 1.2393473789150806}.
[I 2026-06-11 13:08:41,136] Trial 346 finished with values: [-0.5954875439797601, 0.34909147555565767] and parameters: {'k1': 0.0009255037589041178, 'D_low': 236.79352040223893, 'k2': 0.003767022142229395, 'D_high': 6682.9607218310075, 'fire_exp': 1.41873960828944, 'P_half': 8.318314747941244, 'pre_dampen_half': 16.009350908593582, 'gpp_af': 1.9706963379095486, 'gpp_b': 2.800940363375676e-05, 'gpp_d': 12.338826503601998, 'ign_k': 0.00840038491455979, 'ign_c': 1.364908766641693, 'trop_agb_crit': 8.0091368834625, 'trop_k_veg': 3.4439936249445045, 'fire_amp': 1.5719333351012774}.
[I 2026-06-11 13:08:42,163] Trial 347 finished with values: [-0.743455133061431, 0.054377788235360214] and parameters: {'k1': 0.003968136435370146, 'D_low': 236.79352040223893, 'k2': 0.005204862686958021, 'D_high': 6682.9607218310075, 'fire_exp': 1.1593349727271403, 'P_half': 1265.0580856641704, 'pre_dampen_half': 269.0845367054866, 'gpp_af': 0.060029341913968644, 'gpp_b': 0.049565458633074926, 'gpp_d': 47.35384181058586, 'ign_k': 0.0032383308053152635, 'ign_c': 21.275785720135406, 'trop_agb_crit': 2.49652474515731, 'trop_k_veg': 4.0068236274914755, 'fire_amp': 2.7556562114998226}.
[I 2026-06-11 13:08:43,255] Trial 348 finished with values: [10.254657999800358, 10.254657999800358] and parameters: {'k1': 0.0018697387216131526, 'D_low': 1.4002277211577039, 'k2': 0.0007731571570012607, 'D_high': 16780.50857913099, 'fire_exp': 1.1633452995374232, 'P_half': 1549.6599265816342, 'pre_dampen_half': 16.009350908593582, 'gpp_af': 0.008117091133892173, 'gpp_b': 0.004411400434514031, 'gpp_d': 1.0088237648985734, 'ign_k': 0.17320535908244444, 'ign_c': 7.081721844034206, 'trop_agb_crit': 1.8566494291193822, 'trop_k_veg': 6.825463866194253, 'fire_amp': 1.5719333351012774}.
[I 2026-06-11 13:08:44,304] Trial 349 finished with values: [10.049254330297389, 10.049254330297389] and parameters: {'k1': 3.609310926766545e-05, 'D_low': 1121.5915868662764, 'k2': 0.01567230746060024, 'D_high': 44974.07193749848, 'fire_exp': 3.2459542834651627, 'P_half': 5.4712187293420325, 'pre_dampen_half': 98.05638874011484, 'gpp_af': 0.035629505481532577, 'gpp_b': 0.005386676499630372, 'gpp_d': 94.19931479490882, 'ign_k': 3.6309591863459096, 'ign_c': 2.2489542843914485, 'trop_agb_crit': 11.664190932505923, 'trop_k_veg': 0.6488368931910606, 'fire_amp': 2.818314238665462}.
[I 2026-06-11 13:08:45,357] Trial 350 finished with values: [10.768314158954007, 10.768314158954007] and parameters: {'k1': 0.0018697387216131526, 'D_low': 1.7551403048208316, 'k2': 0.045914852167405346, 'D_high': 11.129666723443188, 'fire_exp': 1.41873960828944, 'P_half': 3.591771421517613, 'pre_dampen_half': 0.02302684507178836, 'gpp_af': 0.008117091133892173, 'gpp_b': 0.001674375583895437, 'gpp_d': 545.0253444559129, 'ign_k': 0.07867677706257832, 'ign_c': 0.17036120617148395, 'trop_agb_crit': 12.708819454040446, 'trop_k_veg': 2.99731137426955, 'fire_amp': 1.5719333351012774}.
[I 2026-06-11 13:08:46,322] Trial 351 finished with values: [10.006277115496676, 10.006277115496676] and parameters: {'k1': 3.609310926766545e-05, 'D_low': 1121.5915868662764, 'k2': 0.003767022142229395, 'D_high': 1817.0401889219124, 'fire_exp': 1.0601964743503993, 'P_half': 12.280874862135363, 'pre_dampen_half': 1.8469033699850426, 'gpp_af': 1.9706963379095486, 'gpp_b': 1.4540386644083135e-05, 'gpp_d': 96.93415502195788, 'ign_k': 0.037151317999473285, 'ign_c': 0.4177928311636542, 'trop_agb_crit': 11.664190932505923, 'trop_k_veg': 4.989748894578724, 'fire_amp': 3.1543496524370136}.
[I 2026-06-11 13:08:47,288] Trial 352 finished with values: [10.116162580469963, 10.116162580469963] and parameters: {'k1': 0.03648456083047798, 'D_low': 236.79352040223893, 'k2': 0.00037358626308127543, 'D_high': 12.541447539026084, 'fire_exp': 1.0812994412809738, 'P_half': 1.226010546471291, 'pre_dampen_half': 30.456909077772018, 'gpp_af': 0.04513257622008944, 'gpp_b': 0.006999112505425414, 'gpp_d': 79.05373031352391, 'ign_k': 0.0032383308053152635, 'ign_c': 1.364908766641693, 'trop_agb_crit': 3.438084743887884, 'trop_k_veg': 2.99731137426955, 'fire_amp': 1.5180207449214471}.
[I 2026-06-11 13:08:48,235] Trial 353 finished with values: [10.623926550070642, 10.623926550070642] and parameters: {'k1': 0.0001887567630782227, 'D_low': 450.9719064153485, 'k2': 0.00037358626308127543, 'D_high': 12.541447539026084, 'fire_exp': 1.305777134899723, 'P_half': 1.226010546471291, 'pre_dampen_half': 1.8469033699850426, 'gpp_af': 0.2204465010099918, 'gpp_b': 2.176805640408474e-05, 'gpp_d': 0.39400557434451433, 'ign_k': 0.0032383308053152635, 'ign_c': 0.4177928311636542, 'trop_agb_crit': 2.0420012944047587, 'trop_k_veg': 1.6648666152166967, 'fire_amp': 2.7806853670293616}.
[I 2026-06-11 13:08:49,188] Trial 354 finished with values: [10.19503390938025, 10.19503390938025] and parameters: {'k1': 0.03648456083047798, 'D_low': 1074.940539517341, 'k2': 0.0004976087827261435, 'D_high': 6682.9607218310075, 'fire_exp': 1.811096651915224, 'P_half': 5.4712187293420325, 'pre_dampen_half': 123.04779330083686, 'gpp_af': 1.9706963379095486, 'gpp_b': 0.00031478066835753096, 'gpp_d': 0.1619054449471649, 'ign_k': 0.0032383308053152635, 'ign_c': 1.364908766641693, 'trop_agb_crit': 24.199763404822136, 'trop_k_veg': 5.636143940068465, 'fire_amp': 4.2446263054164195}.
[I 2026-06-11 13:08:50,105] Trial 355 finished with values: [-0.6600231512675699, 0.11645990180623078] and parameters: {'k1': 0.03648456083047798, 'D_low': 148.21691630007544, 'k2': 0.019383858782150494, 'D_high': 6682.9607218310075, 'fire_exp': 1.2060040899560858, 'P_half': 2.226799690893868, 'pre_dampen_half': 4.847666216751353, 'gpp_af': 0.060029341913968644, 'gpp_b': 0.007579368252801536, 'gpp_d': 545.0253444559129, 'ign_k': 0.0032383308053152635, 'ign_c': 0.17036120617148395, 'trop_agb_crit': 5.588032458772675, 'trop_k_veg': 2.99731137426955, 'fire_amp': 1.5180207449214471}.
[I 2026-06-11 13:08:51,028] Trial 356 finished with values: [10.59608799791147, 10.59608799791147] and parameters: {'k1': 0.003968136435370146, 'D_low': 1074.940539517341, 'k2': 7.639737756882014e-05, 'D_high': 21.356209987689077, 'fire_exp': 1.0601964743503993, 'P_half': 1.4551749476072258, 'pre_dampen_half': 30.456909077772018, 'gpp_af': 1.3954498518315706, 'gpp_b': 0.12105864607844925, 'gpp_d': 0.7698760608299932, 'ign_k': 0.0032383308053152635, 'ign_c': 7.832259769732471, 'trop_agb_crit': 2.0527418919564324, 'trop_k_veg': 2.724170387400844, 'fire_amp': 1.2393473789150806}.
[I 2026-06-11 13:08:51,930] Trial 357 finished with values: [10.114528321304029, 10.114528321304029] and parameters: {'k1': 3.609310926766545e-05, 'D_low': 1121.5915868662764, 'k2': 0.032141234030334316, 'D_high': 252.84086172415604, 'fire_exp': 1.4848387260494937, 'P_half': 251.23618639978196, 'pre_dampen_half': 170.71098124594695, 'gpp_af': 42.29037995744429, 'gpp_b': 0.00012118589392553798, 'gpp_d': 96.93415502195788, 'ign_k': 0.012480180965117606, 'ign_c': 16.470698221724305, 'trop_agb_crit': 11.664190932505923, 'trop_k_veg': 4.989748894578724, 'fire_amp': 3.1543496524370136}.
[I 2026-06-11 13:08:52,859] Trial 358 finished with values: [10.427149307455778, 10.427149307455778] and parameters: {'k1': 0.003968136435370146, 'D_low': 12.105387404469584, 'k2': 0.003767022142229395, 'D_high': 32311.521854410956, 'fire_exp': 1.41873960828944, 'P_half': 1265.0580856641704, 'pre_dampen_half': 10.931606102061748, 'gpp_af': 0.060029341913968644, 'gpp_b': 0.001674375583895437, 'gpp_d': 12.338826503601998, 'ign_k': 0.0032383308053152635, 'ign_c': 1.364908766641693, 'trop_agb_crit': 8.0091368834625, 'trop_k_veg': 3.4439936249445045, 'fire_amp': 1.686388377130032}.
[I 2026-06-11 13:08:53,781] Trial 359 finished with values: [10.606212323162964, 10.606212323162964] and parameters: {'k1': 3.609310926766545e-05, 'D_low': 602.4590664672947, 'k2': 0.00037358626308127543, 'D_high': 32311.521854410956, 'fire_exp': 1.4848387260494937, 'P_half': 2757.3353505786354, 'pre_dampen_half': 170.71098124594695, 'gpp_af': 0.07118041471054574, 'gpp_b': 0.00031478066835753096, 'gpp_d': 0.1619054449471649, 'ign_k': 0.002357279455676982, 'ign_c': 7.081721844034206, 'trop_agb_crit': 12.647327018493208, 'trop_k_veg': 4.989748894578724, 'fire_amp': 1.5719333351012774}.
[I 2026-06-11 13:08:54,682] Trial 360 finished with values: [10.057767758022232, 10.057767758022232] and parameters: {'k1': 0.03648456083047798, 'D_low': 1.7551403048208316, 'k2': 0.0001280886335404798, 'D_high': 32311.521854410956, 'fire_exp': 1.2918065501148304, 'P_half': 1316.4487472745689, 'pre_dampen_half': 121.93011993958949, 'gpp_af': 0.07118041471054574, 'gpp_b': 0.001674375583895437, 'gpp_d': 0.1619054449471649, 'ign_k': 0.0032383308053152635, 'ign_c': 7.081721844034206, 'trop_agb_crit': 2.0527418919564324, 'trop_k_veg': 2.724170387400844, 'fire_amp': 1.5719333351012774}.
