[I 2026-07-22 18:43:45,249] Trial 279 finished with values: [10.76923076903347, 10.76923076903347] and parameters: {'k1': 0.002968335334246999, 'D_low': 140.92119204434155, 'k2': 2.8459703343413838e-05, 'D_high': 107013.64911724928, 'fire_exp': 1.7124099831271415, 'P_half': 2193.8654178115053, 'pre_dampen_half': 3.9885726374014694, 'gpp_af': 0.004225994826142428, 'gpp_b': 1.7565109007473816e-05, 'gpp_d': 9.00460602264307, 'ign_k': 0.5131654955148324, 'ign_c': 55.24095129928624, 'trop_agb_crit': 5.707205898008383, 'trop_k_veg': 1.6485796363788798, 'fuel_k': 0.6199941538390381, 'fuel_half': 7.259866824755671}.
[I 2026-07-22 18:43:45,663] Trial 280 finished with values: [10.729932116866577, 10.729932116866577] and parameters: {'k1': 0.002968335334246999, 'D_low': 864.0717009254879, 'k2': 7.67074891445376e-05, 'D_high': 580966.5602369158, 'fire_exp': 3.313658135010505, 'P_half': 4.020051040432125, 'pre_dampen_half': 33.71909132517388, 'gpp_af': 8.769726637617675, 'gpp_b': 0.0039265289720170965, 'gpp_d': 6.91394869865762, 'ign_k': 0.009861808369679786, 'ign_c': 94.57692079529029, 'trop_agb_crit': 1.5774541406529003, 'trop_k_veg': 0.5415365826598848, 'fuel_k': 1.312881567992459, 'fuel_half': 7.259866824755671}.
[I 2026-07-22 18:43:46,068] Trial 281 finished with values: [11.376183558508114, 11.376183558508114] and parameters: {'k1': 0.0003199177539819797, 'D_low': 8454.098152188677, 'k2': 3.609310926766545e-05, 'D_high': 8433503.858791472, 'fire_exp': 1.2310899049053081, 'P_half': 540.9803697908727, 'pre_dampen_half': 19.600139992927424, 'gpp_af': 0.008562341633595545, 'gpp_b': 1.1698276136056565e-05, 'gpp_d': 6.91394869865762, 'ign_k': 4.59148521674054, 'ign_c': 0.11650681118986138, 'trop_agb_crit': 10.719494362768906, 'trop_k_veg': 2.3408809609838257, 'fuel_k': 3.6992394681929355, 'fuel_half': 0.39955280149393063}.
[I 2026-07-22 18:43:46,478] Trial 282 finished with values: [11.836799979712906, 11.836799979712906] and parameters: {'k1': 9.969469187531805e-05, 'D_low': 1.1640589436768796, 'k2': 1.6559474674046002e-05, 'D_high': 2512533.442757688, 'fire_exp': 1.1258453832483524, 'P_half': 38.82837025280678, 'pre_dampen_half': 33.71909132517388, 'gpp_af': 0.0023751383317256927, 'gpp_b': 3.228689523591491e-05, 'gpp_d': 3.0023172465753087, 'ign_k': 0.5670346335627292, 'ign_c': 11.40086370112731, 'trop_agb_crit': 12.285102065067687, 'trop_k_veg': 4.844706510617516, 'fuel_k': 1.663022877763097, 'fuel_half': 18.202647368248815}.
[I 2026-07-22 18:43:46,887] Trial 283 finished with values: [10.382710062327483, 10.382710062327483] and parameters: {'k1': 9.969469187531805e-05, 'D_low': 890.3633614906976, 'k2': 2.1698375693549493e-05, 'D_high': 580966.5602369158, 'fire_exp': 1.7124099831271415, 'P_half': 9.324787201197319, 'pre_dampen_half': 33.71909132517388, 'gpp_af': 0.0025511964576171086, 'gpp_b': 3.228689523591491e-05, 'gpp_d': 302.3127748796295, 'ign_k': 0.009861808369679786, 'ign_c': 94.57692079529029, 'trop_agb_crit': 1.2440687631821843, 'trop_k_veg': 1.6340262437673856, 'fuel_k': 1.312881567992459, 'fuel_half': 7.259866824755671}.
[I 2026-07-22 18:43:47,302] Trial 284 finished with values: [10.521361986734053, 10.521361986734053] and parameters: {'k1': 9.969469187531805e-05, 'D_low': 864.0717009254879, 'k2': 7.67074891445376e-05, 'D_high': 8433503.858791472, 'fire_exp': 8.791426299948917, 'P_half': 9.324787201197319, 'pre_dampen_half': 33.71909132517388, 'gpp_af': 42.29037995744429, 'gpp_b': 0.031033332277537237, 'gpp_d': 6.91394869865762, 'ign_k': 4.59148521674054, 'ign_c': 0.13670484737132343, 'trop_agb_crit': 10.719494362768906, 'trop_k_veg': 1.0540721475196824, 'fuel_k': 3.6992394681929355, 'fuel_half': 81.87941582538087}.
[I 2026-07-22 18:43:47,713] Trial 285 finished with values: [10.765629848985785, 10.765629848985785] and parameters: {'k1': 0.0187011406476519, 'D_low': 150.83210025074274, 'k2': 0.0004381141781653137, 'D_high': 26587.030147082678, 'fire_exp': 6.274210722983794, 'P_half': 3.6138942712165267, 'pre_dampen_half': 0.2888838362365318, 'gpp_af': 0.015350904103515228, 'gpp_b': 4.0803257466853524e-05, 'gpp_d': 0.3562950548153257, 'ign_k': 0.02847858516856297, 'ign_c': 11.40086370112731, 'trop_agb_crit': 28.408892144927382, 'trop_k_veg': 1.7664838950757564, 'fuel_k': 0.6211831489538813, 'fuel_half': 49.011305842597835}.
[I 2026-07-22 18:43:48,144] Trial 286 finished with values: [10.5868015900007, 10.5868015900007] and parameters: {'k1': 0.002968335334246999, 'D_low': 4.043300846639722, 'k2': 0.00010939944910100016, 'D_high': 11.741490726941782, 'fire_exp': 1.182396148413737, 'P_half': 2193.8654178115053, 'pre_dampen_half': 3.9885726374014694, 'gpp_af': 0.008562341633595545, 'gpp_b': 3.228689523591491e-05, 'gpp_d': 9.00460602264307, 'ign_k': 0.5131654955148324, 'ign_c': 3.0378658251922155, 'trop_agb_crit': 5.707205898008383, 'trop_k_veg': 0.6112301235084354, 'fuel_k': 0.6199941538390381, 'fuel_half': 0.3335026483569958}.
[I 2026-07-22 18:43:48,564] Trial 287 finished with values: [10.988299466425996, 10.988299466425996] and parameters: {'k1': 0.00016480446427978953, 'D_low': 8454.098152188677, 'k2': 0.002342238625792905, 'D_high': 8433503.858791472, 'fire_exp': 1.1258453832483524, 'P_half': 1.4378290221680121, 'pre_dampen_half': 347.79988160923324, 'gpp_af': 0.06789053271698488, 'gpp_b': 1.1698276136056565e-05, 'gpp_d': 6.91394869865762, 'ign_k': 0.006290644294586149, 'ign_c': 11.40086370112731, 'trop_agb_crit': 10.719494362768906, 'trop_k_veg': 2.3408809609838257, 'fuel_k': 3.6992394681929355, 'fuel_half': 81.87941582538087}.
  trial  288/2500  pareto_size=3  best_taylor=0.6473  best_ilamb=0.5657  (2.0 min)
[I 2026-07-22 18:43:49,027] Trial 288 finished with values: [10.662477836352355, 10.662477836352355] and parameters: {'k1': 2.0937989739527727e-05, 'D_low': 1403.0344584930538, 'k2': 0.07799059237255677, 'D_high': 2512533.442757688, 'fire_exp': 3.916877009398767, 'P_half': 39.03214299767183, 'pre_dampen_half': 228.6744476401009, 'gpp_af': 0.3259758793317361, 'gpp_b': 1.1698276136056565e-05, 'gpp_d': 25.017068255320467, 'ign_k': 0.006039096247545781, 'ign_c': 3.7151317999473266, 'trop_agb_crit': 1.4914219038863046, 'trop_k_veg': 2.3408809609838257, 'fuel_k': 0.3872812826465556, 'fuel_half': 0.33988503110784557}.
[I 2026-07-22 18:43:49,449] Trial 289 finished with values: [10.157569141899522, 10.157569141899522] and parameters: {'k1': 0.0058043147174140705, 'D_low': 3.169598846855015, 'k2': 0.002342238625792905, 'D_high': 2283.4228779494524, 'fire_exp': 2.655962930461066, 'P_half': 12.38905291855107, 'pre_dampen_half': 420.2116526335304, 'gpp_af': 0.3259758793317361, 'gpp_b': 1.1698276136056565e-05, 'gpp_d': 6.91394869865762, 'ign_k': 0.006039096247545781, 'ign_c': 16.626592254031866, 'trop_agb_crit': 5.115968405120539, 'trop_k_veg': 2.6391661744759056, 'fuel_k': 3.6992394681929355, 'fuel_half': 0.7498730336620313}.
[I 2026-07-22 18:43:49,864] Trial 290 finished with values: [-0.44182137477623357, 0.380082849779252] and parameters: {'k1': 9.969469187531805e-05, 'D_low': 864.0717009254879, 'k2': 7.67074891445376e-05, 'D_high': 160625.60954780428, 'fire_exp': 3.2181803496180783, 'P_half': 9.324787201197319, 'pre_dampen_half': 33.71909132517388, 'gpp_af': 42.29037995744429, 'gpp_b': 0.0005995821881487623, 'gpp_d': 6.91394869865762, 'ign_k': 4.59148521674054, 'ign_c': 0.13670484737132343, 'trop_agb_crit': 10.719494362768906, 'trop_k_veg': 1.140286245977296, 'fuel_k': 3.6992394681929355, 'fuel_half': 81.87941582538087}.
[I 2026-07-22 18:43:50,271] Trial 291 finished with values: [10.758191845159352, 10.758191845159352] and parameters: {'k1': 0.002968335334246999, 'D_low': 14787.382840410779, 'k2': 0.0004381141781653137, 'D_high': 107013.64911724928, 'fire_exp': 3.313658135010505, 'P_half': 24.184227958471602, 'pre_dampen_half': 0.2888838362365318, 'gpp_af': 0.015350904103515228, 'gpp_b': 4.0803257466853524e-05, 'gpp_d': 0.05811599743439243, 'ign_k': 0.006290644294586149, 'ign_c': 4.1108484350212295, 'trop_agb_crit': 1.5774541406529003, 'trop_k_veg': 0.5415365826598848, 'fuel_k': 1.2528108647479208, 'fuel_half': 7.259866824755671}.
[I 2026-07-22 18:43:50,680] Trial 292 finished with values: [10.6846647822874, 10.6846647822874] and parameters: {'k1': 0.002971796631657383, 'D_low': 144788.6047717001, 'k2': 0.002342238625792905, 'D_high': 305369.47947832284, 'fire_exp': 1.2943117749495199, 'P_half': 136.0956887810302, 'pre_dampen_half': 294.75617712568373, 'gpp_af': 8.769726637617675, 'gpp_b': 1.1698276136056565e-05, 'gpp_d': 79.29666901664753, 'ign_k': 0.009861808369679786, 'ign_c': 94.57692079529029, 'trop_agb_crit': 5.707205898008383, 'trop_k_veg': 0.5415365826598848, 'fuel_k': 1.312881567992459, 'fuel_half': 7.259866824755671}.
[I 2026-07-22 18:43:51,098] Trial 293 finished with values: [10.593145570857981, 10.593145570857981] and parameters: {'k1': 0.0029707920514735983, 'D_low': 4.043300846639722, 'k2': 0.0001971137615017176, 'D_high': 160625.60954780428, 'fire_exp': 2.0165721691808587, 'P_half': 1938.3858782150498, 'pre_dampen_half': 26.373339933815235, 'gpp_af': 0.15876781526923997, 'gpp_b': 3.228689523591491e-05, 'gpp_d': 857.4284557962626, 'ign_k': 0.03141110271934876, 'ign_c': 3.0378658251922155, 'trop_agb_crit': 15.870971677383487, 'trop_k_veg': 6.911478238001162, 'fuel_k': 0.08612665817296865, 'fuel_half': 0.253071961271088}.
[I 2026-07-22 18:43:51,513] Trial 294 finished with values: [10.600771978071496, 10.600771978071496] and parameters: {'k1': 0.0058043147174140705, 'D_low': 1.7286734109794883, 'k2': 0.015109086063191909, 'D_high': 145242.37928628005, 'fire_exp': 2.1931399753552863, 'P_half': 1025.3368317956683, 'pre_dampen_half': 94.20121790275627, 'gpp_af': 0.3259758793317361, 'gpp_b': 1.1698276136056565e-05, 'gpp_d': 19.948958651882567, 'ign_k': 0.006039096247545781, 'ign_c': 77.59048401667629, 'trop_agb_crit': 6.058402553512053, 'trop_k_veg': 3.024803048559367, 'fuel_k': 0.6211831489538813, 'fuel_half': 0.33988503110784557}.
[I 2026-07-22 18:43:51,925] Trial 295 finished with values: [11.028982065638935, 11.028982065638935] and parameters: {'k1': 0.0003199177539819797, 'D_low': 8454.098152188677, 'k2': 0.0007081721844034209, 'D_high': 1693415.5410667954, 'fire_exp': 1.4575512062152998, 'P_half': 5.575453980775371, 'pre_dampen_half': 33.71909132517388, 'gpp_af': 0.015350904103515228, 'gpp_b': 3.228689523591491e-05, 'gpp_d': 6.91394869865762, 'ign_k': 4.59148521674054, 'ign_c': 0.13670484737132343, 'trop_agb_crit': 10.719494362768906, 'trop_k_veg': 2.3408809609838257, 'fuel_k': 1.8731335591844647, 'fuel_half': 81.87941582538087}.
[I 2026-07-22 18:43:52,342] Trial 296 finished with values: [10.456103901577032, 10.456103901577032] and parameters: {'k1': 9.969469187531805e-05, 'D_low': 163.4864778201543, 'k2': 0.0007081721844034209, 'D_high': 305369.47947832284, 'fire_exp': 1.0881360604103363, 'P_half': 1.4378290221680121, 'pre_dampen_half': 36.876350096202984, 'gpp_af': 29.925002022877816, 'gpp_b': 0.011750724729953272, 'gpp_d': 4.576857873108685, 'ign_k': 4.59148521674054, 'ign_c': 8.356564873457042, 'trop_agb_crit': 10.719494362768906, 'trop_k_veg': 0.9793402026070162, 'fuel_k': 0.05597555634027867, 'fuel_half': 1.3547291924247347}.
[I 2026-07-22 18:43:52,762] Trial 297 finished with values: [10.430329505564789, 10.430329505564789] and parameters: {'k1': 0.052334804885400876, 'D_low': 13.25142220631392, 'k2': 0.0001971137615017176, 'D_high': 708572.1663941594, 'fire_exp': 2.0165721691808587, 'P_half': 2.458603276328005, 'pre_dampen_half': 347.79988160923324, 'gpp_af': 0.49740621749684094, 'gpp_b': 0.0005392415140872105, 'gpp_d': 700.6693992445935, 'ign_k': 0.0013726318898045872, 'ign_c': 11.40086370112731, 'trop_agb_crit': 20.205002815711154, 'trop_k_veg': 3.028464701337094, 'fuel_k': 1.1820218758583807, 'fuel_half': 38.21129441691226}.
[I 2026-07-22 18:43:53,165] Trial 298 finished with values: [10.769230734184339, 10.769230734184339] and parameters: {'k1': 2.6285770615112825e-05, 'D_low': 28.33153434644107, 'k2': 7.67074891445376e-05, 'D_high': 210.33776477006836, 'fire_exp': 8.791426299948917, 'P_half': 1.4378290221680121, 'pre_dampen_half': 347.79988160923324, 'gpp_af': 0.0023751383317256927, 'gpp_b': 0.0054502936945582505, 'gpp_d': 3.0023172465753087, 'ign_k': 4.59148521674054, 'ign_c': 11.40086370112731, 'trop_agb_crit': 10.719494362768906, 'trop_k_veg': 1.140286245977296, 'fuel_k': 1.663022877763097, 'fuel_half': 81.87941582538087}.
[I 2026-07-22 18:43:53,572] Trial 299 finished with values: [10.691560411152556, 10.691560411152556] and parameters: {'k1': 0.00023352156626184448, 'D_low': 13.25142220631392, 'k2': 0.0001971137615017176, 'D_high': 1026.0852623190942, 'fire_exp': 2.0165721691808587, 'P_half': 38.82837025280678, 'pre_dampen_half': 26.373339933815235, 'gpp_af': 0.15876781526923997, 'gpp_b': 4.0803257466853524e-05, 'gpp_d': 8.057329182285729, 'ign_k': 0.0013726318898045872, 'ign_c': 0.4392638796750216, 'trop_agb_crit': 6.119263728555865, 'trop_k_veg': 1.0049538030148353, 'fuel_k': 0.030315034760496764, 'fuel_half': 0.253071961271088}.
[I 2026-07-22 18:43:53,981] Trial 300 finished with values: [10.76923076903347, 10.76923076903347] and parameters: {'k1': 0.00013649087666416944, 'D_low': 150.83210025074274, 'k2': 0.05583672722754823, 'D_high': 26587.030147082678, 'fire_exp': 2.655962930461066, 'P_half': 12.38905291855107, 'pre_dampen_half': 518.2609891091992, 'gpp_af': 0.015350904103515228, 'gpp_b': 1.1698276136056565e-05, 'gpp_d': 0.05811599743439243, 'ign_k': 0.02847858516856297, 'ign_c': 884.4033380058659, 'trop_agb_crit': 12.285102065067687, 'trop_k_veg': 1.7518409078083697, 'fuel_k': 0.030315034760496764, 'fuel_half': 0.2676003201684378}.
[I 2026-07-22 18:43:54,392] Trial 301 finished with values: [10.66032491535659, 10.66032491535659] and parameters: {'k1': 9.969469187531805e-05, 'D_low': 1.1640589436768796, 'k2': 7.67074891445376e-05, 'D_high': 2512533.442757688, 'fire_exp': 4.9827771210213685, 'P_half': 245.27450543222417, 'pre_dampen_half': 33.71909132517388, 'gpp_af': 42.29037995744429, 'gpp_b': 0.0005995821881487623, 'gpp_d': 6.91394869865762, 'ign_k': 4.59148521674054, 'ign_c': 0.13670484737132343, 'trop_agb_crit': 5.841230872704112, 'trop_k_veg': 1.140286245977296, 'fuel_k': 3.6992394681929355, 'fuel_half': 18.202647368248815}.
[I 2026-07-22 18:43:54,802] Trial 302 finished with values: [10.674396595258845, 10.674396595258845] and parameters: {'k1': 0.0029707920514735983, 'D_low': 984.7566464935828, 'k2': 2.1698375693549493e-05, 'D_high': 210.33776477006836, 'fire_exp': 1.182396148413737, 'P_half': 1938.3858782150498, 'pre_dampen_half': 33.97904243111269, 'gpp_af': 0.0023751383317256927, 'gpp_b': 0.0054502936945582505, 'gpp_d': 12.32476569204167, 'ign_k': 0.645445953137167, 'ign_c': 3.0378658251922155, 'trop_agb_crit': 15.870971677383487, 'trop_k_veg': 6.911478238001162, 'fuel_k': 5.486054129200971, 'fuel_half': 18.202647368248815}.
[I 2026-07-22 18:43:55,214] Trial 303 finished with values: [11.003193588070195, 11.003193588070195] and parameters: {'k1': 0.00023352156626184448, 'D_low': 864.0717009254879, 'k2': 1.6559474674046002e-05, 'D_high': 8433503.858791472, 'fire_exp': 1.3411849220480432, 'P_half': 38.82837025280678, 'pre_dampen_half': 33.71909132517388, 'gpp_af': 42.29037995744429, 'gpp_b': 0.00012118589392553819, 'gpp_d': 6.284104775086878, 'ign_k': 4.59148521674054, 'ign_c': 0.13670484737132343, 'trop_agb_crit': 10.719494362768906, 'trop_k_veg': 1.7518409078083697, 'fuel_k': 0.0500651901928747, 'fuel_half': 81.87941582538087}.
[I 2026-07-22 18:43:55,627] Trial 304 finished with values: [10.423963912835635, 10.423963912835635] and parameters: {'k1': 1.8205657658407255e-05, 'D_low': 247.75146043208053, 'k2': 1.6559474674046002e-05, 'D_high': 558.9524205217922, 'fire_exp': 1.1258453832483524, 'P_half': 13.019246714361572, 'pre_dampen_half': 26.373339933815235, 'gpp_af': 0.005618069878716736, 'gpp_b': 0.0054502936945582505, 'gpp_d': 2.8006820077310226, 'ign_k': 0.006290644294586149, 'ign_c': 14.074279366401672, 'trop_agb_crit': 29.789943908227905, 'trop_k_veg': 1.7518409078083697, 'fuel_k': 0.08612665817296865, 'fuel_half': 0.32476735706274484}.
[I 2026-07-22 18:43:56,041] Trial 305 finished with values: [10.517713713182124, 10.517713713182124] and parameters: {'k1': 0.002968335334246999, 'D_low': 1.1445244757026578, 'k2': 0.0007081721844034209, 'D_high': 160625.60954780428, 'fire_exp': 1.4575512062152998, 'P_half': 1938.3858782150498, 'pre_dampen_half': 3.9885726374014694, 'gpp_af': 0.0025511964576171086, 'gpp_b': 3.228689523591491e-05, 'gpp_d': 6.378078463802852, 'ign_k': 0.03141110271934876, 'ign_c': 6.1609752947414345, 'trop_agb_crit': 15.870971677383487, 'trop_k_veg': 1.6340262437673856, 'fuel_k': 5.486054129200971, 'fuel_half': 18.202647368248815}.
[I 2026-07-22 18:43:56,459] Trial 306 finished with values: [11.229079238180809, 11.229079238180809] and parameters: {'k1': 1.8205657658407255e-05, 'D_low': 1.7887890916820506, 'k2': 0.0001971137615017176, 'D_high': 708572.1663941594, 'fire_exp': 1.1258453832483524, 'P_half': 2.458603276328005, 'pre_dampen_half': 347.79988160923324, 'gpp_af': 0.06789053271698488, 'gpp_b': 1.6569065206637924e-05, 'gpp_d': 0.42885111268165776, 'ign_k': 0.004144296901136395, 'ign_c': 11.40086370112731, 'trop_agb_crit': 29.789943908227905, 'trop_k_veg': 0.5772603928610088, 'fuel_k': 0.08612665817296865, 'fuel_half': 3.5738385583821746}.
[I 2026-07-22 18:43:56,869] Trial 307 finished with values: [-0.6516437422165581, 0.2738122649884409] and parameters: {'k1': 0.011966626407443505, 'D_low': 1.7887890916820506, 'k2': 0.001566517163094646, 'D_high': 316055.11434645456, 'fire_exp': 1.2242398136753672, 'P_half': 7.890004262668578, 'pre_dampen_half': 0.4016986062226068, 'gpp_af': 0.06789053271698488, 'gpp_b': 1.7565109007473816e-05, 'gpp_d': 9.00460602264307, 'ign_k': 3.284529979576942, 'ign_c': 11.40086370112731, 'trop_agb_crit': 9.362115196011851, 'trop_k_veg': 2.417028380770307, 'fuel_k': 0.08612665817296865, 'fuel_half': 0.3335026483569958}.
[I 2026-07-22 18:43:57,278] Trial 308 finished with values: [10.015422875236807, 10.015422875236807] and parameters: {'k1': 0.0002526432647626936, 'D_low': 1407.7923139972395, 'k2': 0.0038341488164556755, 'D_high': 1026.0852623190942, 'fire_exp': 1.3411849220480432, 'P_half': 38.82837025280678, 'pre_dampen_half': 347.79988160923324, 'gpp_af': 0.005618069878716736, 'gpp_b': 0.0054502936945582505, 'gpp_d': 2.8006820077310226, 'ign_k': 0.7588328899786276, 'ign_c': 0.4392638796750216, 'trop_agb_crit': 12.285102065067687, 'trop_k_veg': 1.0049538030148353, 'fuel_k': 0.48736180483849406, 'fuel_half': 2.276766792290519}.
[I 2026-07-22 18:43:57,688] Trial 309 finished with values: [10.326682662800232, 10.326682662800232] and parameters: {'k1': 0.0029707920514735983, 'D_low': 4.043300846639722, 'k2': 2.1698375693549493e-05, 'D_high': 160625.60954780428, 'fire_exp': 1.182396148413737, 'P_half': 38.82837025280678, 'pre_dampen_half': 33.97904243111269, 'gpp_af': 18.235072804314193, 'gpp_b': 3.228689523591491e-05, 'gpp_d': 9.00460602264307, 'ign_k': 0.0013091491622098177, 'ign_c': 3.0378658251922155, 'trop_agb_crit': 1.1195539271968775, 'trop_k_veg': 1.7518409078083697, 'fuel_k': 0.0500651901928747, 'fuel_half': 18.202647368248815}.
[I 2026-07-22 18:43:58,101] Trial 310 finished with values: [-0.4005645561238509, 0.23719363288551398] and parameters: {'k1': 0.0058043147174140705, 'D_low': 2.9612221068836555, 'k2': 0.01567230746060024, 'D_high': 2283.4228779494524, 'fire_exp': 1.1258453832483524, 'P_half': 1.7036120617148391, 'pre_dampen_half': 420.2116526335304, 'gpp_af': 0.0023751383317256927, 'gpp_b': 0.0054502936945582505, 'gpp_d': 2.2044650100999164, 'ign_k': 0.5670346335627292, 'ign_c': 11.40086370112731, 'trop_agb_crit': 29.789943908227905, 'trop_k_veg': 1.7518409078083697, 'fuel_k': 0.01814068034742312, 'fuel_half': 49.16400722913764}.
[I 2026-07-22 18:43:58,514] Trial 311 finished with values: [-0.4337414664470938, 0.319309273012361] and parameters: {'k1': 0.00016480446427978953, 'D_low': 126.11058927054879, 'k2': 0.0009562822793888481, 'D_high': 107013.64911724928, 'fire_exp': 3.313658135010505, 'P_half': 4.020051040432125, 'pre_dampen_half': 347.79988160923324, 'gpp_af': 18.235072804314193, 'gpp_b': 0.002407352334224724, 'gpp_d': 3.0023172465753087, 'ign_k': 0.5670346335627292, 'ign_c': 4.1108484350212295, 'trop_agb_crit': 1.5774541406529003, 'trop_k_veg': 0.5415365826598848, 'fuel_k': 1.2528108647479208, 'fuel_half': 0.3625056554880307}.
[I 2026-07-22 18:43:58,918] Trial 312 finished with values: [10.704172855308542, 10.704172855308542] and parameters: {'k1': 1.8205657658407255e-05, 'D_low': 13.25142220631392, 'k2': 3.609310926766545e-05, 'D_high': 708572.1663941594, 'fire_exp': 2.0165721691808587, 'P_half': 2.458603276328005, 'pre_dampen_half': 0.046087035152705666, 'gpp_af': 0.15876781526923997, 'gpp_b': 0.0005392415140872105, 'gpp_d': 8.057329182285729, 'ign_k': 0.03141110271934876, 'ign_c': 0.11650681118986138, 'trop_agb_crit': 6.119263728555865, 'trop_k_veg': 0.5772603928610088, 'fuel_k': 0.6452742971240902, 'fuel_half': 0.253071961271088}.
[I 2026-07-22 18:43:59,331] Trial 313 finished with values: [-0.34750029237784574, 0.2996771358376874] and parameters: {'k1': 0.00016480446427978953, 'D_low': 126.11058927054879, 'k2': 0.001566517163094646, 'D_high': 580966.5602369158, 'fire_exp': 1.7124099831271415, 'P_half': 7.890004262668578, 'pre_dampen_half': 6.881834772031151, 'gpp_af': 0.12243451886824051, 'gpp_b': 8.129227514069975e-05, 'gpp_d': 700.6693992445935, 'ign_k': 0.009861808369679786, 'ign_c': 11.40086370112731, 'trop_agb_crit': 20.205002815711154, 'trop_k_veg': 2.417028380770307, 'fuel_k': 0.48736180483849406, 'fuel_half': 0.32476735706274484}.
