[I 2026-08-19 17:21:21,772] Trial 840 finished with value: 0.44861734322918534 and parameters: {'k1': 4.566348457177037e-05, 'D_low': 1123.0448042434623, 'k2': 0.00034122482311832176, 'D_high': 7585520.466390904, 'fire_exp': 1.9145400999031064, 'P_half': 6.008121314729384, 'pre_dampen_half': 13.787092553594226, 'gpp_af': 11.453072299707443, 'gpp_b': 0.00017284741683117877, 'gpp_d': 101.34773564759783, 'ign_k': 0.054254970708389236, 'ign_c': 9.318373700680134, 'trop_agb_crit': 7.718686812383387, 'trop_k_veg': 3.3574563887114484, 'pop_amp': 0.21144246857500282, 'pop_peak': 0.1472996906472394, 'pop_sig': 0.2950198221694047, 'fuel_k': 0.23393399895514003, 'fuel_half': 0.10420491163267918}. Best is trial 0 with value: -0.6094076133578652.
[I 2026-08-19 17:21:23,505] Trial 841 finished with value: 0.6280439572532265 and parameters: {'k1': 0.0008659206723250889, 'D_low': 99197.98370183306, 'k2': 0.00322921657048575, 'D_high': 1566400.7643303939, 'fire_exp': 1.4890394961968716, 'P_half': 3168.4656817234, 'pre_dampen_half': 6.057980963524482, 'gpp_af': 0.04134663873744146, 'gpp_b': 8.802656773207938e-05, 'gpp_d': 7.868855808398478, 'ign_k': 0.5559698222224199, 'ign_c': 27.19079714117362, 'trop_agb_crit': 29.950927941798483, 'trop_k_veg': 1.85279739742442, 'pop_amp': 0.0010286462858383257, 'pop_peak': 51.59671051117562, 'pop_sig': 0.8215465316036795, 'fuel_k': 0.11039515182784174, 'fuel_half': 1.0331741966270853}. Best is trial 0 with value: -0.6094076133578652.
[I 2026-08-19 17:21:25,167] Trial 842 finished with value: 0.5406357491542725 and parameters: {'k1': 5.7446249353946323e-05, 'D_low': 50.56706817579394, 'k2': 0.0004955463328050597, 'D_high': 133316.41384880585, 'fire_exp': 3.80523067821924, 'P_half': 2.8482369700634633, 'pre_dampen_half': 71.00020103440671, 'gpp_af': 0.04941198596844579, 'gpp_b': 1.559067220272831e-05, 'gpp_d': 428.08018961872506, 'ign_k': 0.05990100079671462, 'ign_c': 7.51588802561638, 'trop_agb_crit': 22.680538927590533, 'trop_k_veg': 1.7744701730912595, 'pop_amp': 0.005453109356031804, 'pop_peak': 0.1556985435910343, 'pop_sig': 0.614694336059989, 'fuel_k': 0.3406080656554563, 'fuel_half': 1.8637777408888827}. Best is trial 0 with value: -0.6094076133578652.
[I 2026-08-19 17:21:26,838] Trial 843 finished with value: 0.6445374145881376 and parameters: {'k1': 1.007762321286087e-05, 'D_low': 564.793555126394, 'k2': 0.005166866606005068, 'D_high': 521173.2704748946, 'fire_exp': 3.489953059250792, 'P_half': 1.2894344083678015, 'pre_dampen_half': 5.549648801616169, 'gpp_af': 4.002478909001402, 'gpp_b': 0.0371400543727622, 'gpp_d': 9.899635276294147, 'ign_k': 1.2988649579935139, 'ign_c': 72.89165603588864, 'trop_agb_crit': 20.670266631222454, 'trop_k_veg': 3.93353881964927, 'pop_amp': 0.09481467302813053, 'pop_peak': 1.7154598721957102, 'pop_sig': 0.71978802002269, 'fuel_k': 0.23191125789268088, 'fuel_half': 0.47238873248402874}. Best is trial 0 with value: -0.6094076133578652.
[I 2026-08-19 17:21:28,467] Trial 844 finished with value: 0.5902289647865439 and parameters: {'k1': 0.000320752144317106, 'D_low': 32713.743771209596, 'k2': 4.222993033103457e-05, 'D_high': 48292.83148914733, 'fire_exp': 1.2151242213929143, 'P_half': 56.998466874003675, 'pre_dampen_half': 9.681277018370738, 'gpp_af': 0.014696166731755717, 'gpp_b': 0.0033249925009602994, 'gpp_d': 8.596762021926908, 'ign_k': 7.001004999262154, 'ign_c': 12.500302437849513, 'trop_agb_crit': 28.344850953970184, 'trop_k_veg': 1.7068011881718896, 'pop_amp': 0.13402784347022975, 'pop_peak': 14.714808136715783, 'pop_sig': 1.1844370478972832, 'fuel_k': 0.4576888532486789, 'fuel_half': 0.979559392333949}. Best is trial 0 with value: -0.6094076133578652.
[I 2026-08-19 17:21:30,134] Trial 845 finished with value: 0.6180161549246547 and parameters: {'k1': 3.868573623419933e-05, 'D_low': 40.20179451366943, 'k2': 0.00036062712912161816, 'D_high': 2690519.0478764134, 'fire_exp': 2.1320809818256943, 'P_half': 7.399678953766864, 'pre_dampen_half': 277.13720841205367, 'gpp_af': 0.17229167770648984, 'gpp_b': 0.006288771762011943, 'gpp_d': 0.45552368265354576, 'ign_k': 0.8753364764565763, 'ign_c': 37.93595269848941, 'trop_agb_crit': 22.927428498122055, 'trop_k_veg': 4.7226009743947595, 'pop_amp': 0.0015014661505890823, 'pop_peak': 3.669331537053073, 'pop_sig': 0.71019234802589, 'fuel_k': 0.5993069086320452, 'fuel_half': 0.31891333228730384}. Best is trial 0 with value: -0.6094076133578652.
  trial  846/2500  best_overall=0.6094  (23.1 min)
[I 2026-08-19 17:21:31,970] Trial 846 finished with value: 0.5898961125615749 and parameters: {'k1': 0.0012742241816849314, 'D_low': 49.07309726262162, 'k2': 0.05031396298074526, 'D_high': 1621843.2644771943, 'fire_exp': 2.126698325029391, 'P_half': 7.934259055657753, 'pre_dampen_half': 0.8120173253741899, 'gpp_af': 0.0012093725729426196, 'gpp_b': 0.0017744397071393161, 'gpp_d': 59.38820915001612, 'ign_k': 0.03891767224428332, 'ign_c': 124.68512794360797, 'trop_agb_crit': 2.34737838400498, 'trop_k_veg': 1.110971885341807, 'pop_amp': 0.023337328972719815, 'pop_peak': 7.14495830080849, 'pop_sig': 1.584279313369117, 'fuel_k': 0.1730947519082996, 'fuel_half': 0.304220225461464}. Best is trial 0 with value: -0.6094076133578652.
[I 2026-08-19 17:21:33,574] Trial 847 finished with value: 0.4326911509514375 and parameters: {'k1': 0.005166826663238462, 'D_low': 12.821780275532536, 'k2': 0.006598903584360456, 'D_high': 211007.95551956067, 'fire_exp': 2.6726058546711893, 'P_half': 5.264745286380114, 'pre_dampen_half': 25.831591582258167, 'gpp_af': 0.006926909671802824, 'gpp_b': 0.00044190055678707256, 'gpp_d': 252.10388184853488, 'ign_k': 0.2586791259946432, 'ign_c': 0.130809887855651, 'trop_agb_crit': 11.695268566343353, 'trop_k_veg': 1.3485520865987268, 'pop_amp': 0.0022203826783554937, 'pop_peak': 0.25419284901725425, 'pop_sig': 1.0838591699359317, 'fuel_k': 1.5227804028819596, 'fuel_half': 68.9606115266461}. Best is trial 0 with value: -0.6094076133578652.
[I 2026-08-19 17:21:35,237] Trial 848 finished with value: 0.5805428139570725 and parameters: {'k1': 0.0002368221463908919, 'D_low': 293.03809420572856, 'k2': 0.0011373757044341234, 'D_high': 60727.90722790116, 'fire_exp': 1.7272538958119483, 'P_half': 18.41898793999919, 'pre_dampen_half': 0.3315893025779808, 'gpp_af': 0.3955306999487099, 'gpp_b': 0.013695650940950923, 'gpp_d': 20.101592659706196, 'ign_k': 0.06562660066494494, 'ign_c': 33.519361327317924, 'trop_agb_crit': 4.092112355235887, 'trop_k_veg': 5.596338823525332, 'pop_amp': 0.02332819155410764, 'pop_peak': 1.6685486513776675, 'pop_sig': 0.9248854519199957, 'fuel_k': 0.20285265464298768, 'fuel_half': 0.34551189952323674}. Best is trial 0 with value: -0.6094076133578652.
[I 2026-08-19 17:21:36,833] Trial 849 finished with value: 0.5605088616919097 and parameters: {'k1': 0.00012145053246933097, 'D_low': 797.0903413350628, 'k2': 0.000433332504355304, 'D_high': 36021.89708209195, 'fire_exp': 2.530682215347259, 'P_half': 189.27142414424634, 'pre_dampen_half': 54.81215586649971, 'gpp_af': 1.5620636903655152, 'gpp_b': 0.6873348880459798, 'gpp_d': 25.46820375220852, 'ign_k': 0.20693911378520882, 'ign_c': 13.292377931095075, 'trop_agb_crit': 11.311681225321163, 'trop_k_veg': 4.4981843361169815, 'pop_amp': 0.003905357940137838, 'pop_peak': 1.0982563992502357, 'pop_sig': 0.5190305825712526, 'fuel_k': 0.3807817590382771, 'fuel_half': 0.33204060788812245}. Best is trial 0 with value: -0.6094076133578652.
[I 2026-08-19 17:21:38,667] Trial 850 finished with value: 0.6445374145881376 and parameters: {'k1': 3.753923947830334e-05, 'D_low': 71.45934635602563, 'k2': 4.791112345214723e-05, 'D_high': 4136548.152870585, 'fire_exp': 3.608895445467639, 'P_half': 2.3213713618492218, 'pre_dampen_half': 153.50152119943678, 'gpp_af': 21.505149101616794, 'gpp_b': 0.002003275816495569, 'gpp_d': 321.9219793309396, 'ign_k': 0.6316330746910758, 'ign_c': 92.14416184872809, 'trop_agb_crit': 19.10680966417646, 'trop_k_veg': 3.232779587930592, 'pop_amp': 0.0029219627606355174, 'pop_peak': 0.12455696923312407, 'pop_sig': 0.6287751878154813, 'fuel_k': 4.267248731200652, 'fuel_half': 0.9734064081091087}. Best is trial 0 with value: -0.6094076133578652.
[I 2026-08-19 17:21:40,437] Trial 851 finished with value: 0.5783251742539438 and parameters: {'k1': 0.0004441743391540085, 'D_low': 25.097753772466998, 'k2': 0.001737599697585317, 'D_high': 2401582.694484602, 'fire_exp': 3.1629075974950736, 'P_half': 92.51132486113825, 'pre_dampen_half': 2.7954203198628704, 'gpp_af': 0.5449961794833938, 'gpp_b': 0.006334174762712444, 'gpp_d': 12.723777936550558, 'ign_k': 0.06795685878217093, 'ign_c': 40.30065088638028, 'trop_agb_crit': 22.200562175234644, 'trop_k_veg': 2.4270809579104844, 'pop_amp': 0.0020211662890057586, 'pop_peak': 0.0605963503206019, 'pop_sig': 1.196863073691778, 'fuel_k': 1.7893661367765532, 'fuel_half': 0.4910821849983805}. Best is trial 0 with value: -0.6094076133578652.
[I 2026-08-19 17:21:42,378] Trial 852 finished with value: 0.42019759710926485 and parameters: {'k1': 0.00022695649215998283, 'D_low': 87.36133697526743, 'k2': 0.019238746622530542, 'D_high': 1520762.7535018486, 'fire_exp': 3.4198877514084938, 'P_half': 6.138384252416282, 'pre_dampen_half': 207.04825669992726, 'gpp_af': 0.6199583026602561, 'gpp_b': 0.007118995635737429, 'gpp_d': 76.96198328029527, 'ign_k': 0.17558814432160336, 'ign_c': 7.460736631642207, 'trop_agb_crit': 29.751384084873735, 'trop_k_veg': 2.9299160107653917, 'pop_amp': 0.003101454096172104, 'pop_peak': 2.7140784416614556, 'pop_sig': 0.2900739364778726, 'fuel_k': 0.11290967116564748, 'fuel_half': 0.33649256090766133}. Best is trial 0 with value: -0.6094076133578652.
[I 2026-08-19 17:21:44,283] Trial 853 finished with value: 0.6078070390870318 and parameters: {'k1': 2.271353487523377e-05, 'D_low': 169.9542528787171, 'k2': 7.295731036372459e-05, 'D_high': 121397.84096509703, 'fire_exp': 2.2594126697441586, 'P_half': 27.895314157391823, 'pre_dampen_half': 15.922593824411363, 'gpp_af': 0.1776654754075553, 'gpp_b': 0.007081164236639879, 'gpp_d': 470.193597237304, 'ign_k': 0.13841257251242156, 'ign_c': 126.41197620151162, 'trop_agb_crit': 7.0409401977409285, 'trop_k_veg': 3.6026950397869855, 'pop_amp': 0.005568914666251765, 'pop_peak': 57.565647868978544, 'pop_sig': 0.5632731445868749, 'fuel_k': 0.16692975660907716, 'fuel_half': 3.260449358140062}. Best is trial 0 with value: -0.6094076133578652.
[I 2026-08-19 17:21:46,183] Trial 854 finished with value: 0.40194984013811286 and parameters: {'k1': 0.0004855862498281996, 'D_low': 14.369825129255226, 'k2': 0.018049049435626834, 'D_high': 1558107.6124514958, 'fire_exp': 3.2695004726012518, 'P_half': 87.54864658671191, 'pre_dampen_half': 33.58720815790005, 'gpp_af': 0.6136047367041572, 'gpp_b': 0.02907615076881528, 'gpp_d': 87.59363101648974, 'ign_k': 0.2743793217817255, 'ign_c': 3.8771325753823214, 'trop_agb_crit': 17.965698978152076, 'trop_k_veg': 6.447170746626165, 'pop_amp': 0.0016854073292481187, 'pop_peak': 0.17510560692713725, 'pop_sig': 1.2953471914802825, 'fuel_k': 0.5509455661169461, 'fuel_half': 0.10318893523622967}. Best is trial 0 with value: -0.6094076133578652.
[I 2026-08-19 17:21:48,103] Trial 855 finished with value: 0.5951583436962482 and parameters: {'k1': 1.198393842931259e-05, 'D_low': 65.21042063911597, 'k2': 0.030440754092823995, 'D_high': 2510083.0717092943, 'fire_exp': 5.914648296008737, 'P_half': 15.43512478622211, 'pre_dampen_half': 0.6581816961219596, 'gpp_af': 2.2243747200751267, 'gpp_b': 0.0002343939459577916, 'gpp_d': 473.8205150949468, 'ign_k': 0.21475969146871282, 'ign_c': 40.51641002563097, 'trop_agb_crit': 13.22007756544172, 'trop_k_veg': 6.265569130326838, 'pop_amp': 4.639783640917235, 'pop_peak': 0.8498404284932537, 'pop_sig': 0.8511687049211769, 'fuel_k': 1.6790064025678846, 'fuel_half': 46.37737323947398}. Best is trial 0 with value: -0.6094076133578652.
[I 2026-08-19 17:21:49,972] Trial 856 finished with value: 0.5864897637979413 and parameters: {'k1': 7.480728781689833e-05, 'D_low': 195680.65756593322, 'k2': 1.9623547266399134e-05, 'D_high': 27294.27477974206, 'fire_exp': 1.4076913425379134, 'P_half': 16.723410628668326, 'pre_dampen_half': 0.42405325834226304, 'gpp_af': 0.2709485231451314, 'gpp_b': 0.0001821069599108735, 'gpp_d': 70.77080074337088, 'ign_k': 0.0043685279246856125, 'ign_c': 3.0734435035888703, 'trop_agb_crit': 23.343518366697868, 'trop_k_veg': 4.34262780801077, 'pop_amp': 16.47799379143604, 'pop_peak': 0.8607768463436359, 'pop_sig': 0.6471888621387445, 'fuel_k': 4.807943876866965, 'fuel_half': 0.7686514528208969}. Best is trial 0 with value: -0.6094076133578652.
[I 2026-08-19 17:21:51,686] Trial 857 finished with value: -0.5322102912703188 and parameters: {'k1': 0.06295949746191849, 'D_low': 19.429542044855573, 'k2': 0.01963588199023484, 'D_high': 1944023.556415561, 'fire_exp': 1.5920247034166322, 'P_half': 1.6911272299706495, 'pre_dampen_half': 6.710345389074397, 'gpp_af': 0.006908106039671617, 'gpp_b': 0.002470677133905294, 'gpp_d': 391.7309349932754, 'ign_k': 0.06811374724085445, 'ign_c': 1.0485800066054756, 'trop_agb_crit': 13.150127706281598, 'trop_k_veg': 2.2038301910067766, 'pop_amp': 0.00194598364924115, 'pop_peak': 1.4378734033903946, 'pop_sig': 1.8568869111646171, 'fuel_k': 0.8383724821006475, 'fuel_half': 64.94469799101688}. Best is trial 0 with value: -0.6094076133578652.
  trial  858/2500  best_overall=0.6094  (23.5 min)
[I 2026-08-19 17:21:53,582] Trial 858 finished with value: 0.582267914575738 and parameters: {'k1': 2.6007432845283433e-05, 'D_low': 847.688579437047, 'k2': 3.3508156166671376e-05, 'D_high': 64146.542780803175, 'fire_exp': 2.882330979235398, 'P_half': 1211.6441078066619, 'pre_dampen_half': 0.0209085140852054, 'gpp_af': 0.4300022155288767, 'gpp_b': 0.030908836688449553, 'gpp_d': 836.0983722388646, 'ign_k': 2.538174958404692, 'ign_c': 0.2746580849849415, 'trop_agb_crit': 21.03350007178008, 'trop_k_veg': 6.870339213396771, 'pop_amp': 18.515871307940706, 'pop_peak': 416.48022458208584, 'pop_sig': 0.7609247079298411, 'fuel_k': 1.6387880292412482, 'fuel_half': 0.1043141272719765}. Best is trial 0 with value: -0.6094076133578652.
[I 2026-08-19 17:21:55,261] Trial 859 finished with value: 0.6061400818276605 and parameters: {'k1': 0.00028516920660467466, 'D_low': 85106.34767479044, 'k2': 1.052530945934823e-05, 'D_high': 5214307.374155533, 'fire_exp': 1.7316738602463713, 'P_half': 1263.042075793296, 'pre_dampen_half': 3.881187905926379, 'gpp_af': 0.03848385517223683, 'gpp_b': 0.005720093213409901, 'gpp_d': 16.502423041659803, 'ign_k': 0.00844699744875455, 'ign_c': 6.752891339859053, 'trop_agb_crit': 16.50482032693762, 'trop_k_veg': 5.284460906678144, 'pop_amp': 0.579346397295233, 'pop_peak': 9.011813248128805, 'pop_sig': 0.5936533688177912, 'fuel_k': 1.8296863951374032, 'fuel_half': 0.5489664462174717}. Best is trial 0 with value: -0.6094076133578652.
[I 2026-08-19 17:21:56,867] Trial 860 finished with value: 0.40490703348851975 and parameters: {'k1': 0.0021060328185563792, 'D_low': 18.017506137522986, 'k2': 0.016555602408025134, 'D_high': 6305118.660058917, 'fire_exp': 6.5182820353464495, 'P_half': 42.542356695110655, 'pre_dampen_half': 144.1285348444868, 'gpp_af': 0.031578424001414765, 'gpp_b': 1.0620728349087548e-05, 'gpp_d': 439.5965900275554, 'ign_k': 0.09623687701641943, 'ign_c': 1.117590873068194, 'trop_agb_crit': 6.928013610962606, 'trop_k_veg': 2.235730153060339, 'pop_amp': 0.002686824888974808, 'pop_peak': 2.131501212045727, 'pop_sig': 1.7908521559008406, 'fuel_k': 1.8752127426242056, 'fuel_half': 0.9905538739887483}. Best is trial 0 with value: -0.6094076133578652.
[I 2026-08-19 17:21:58,509] Trial 861 finished with value: -0.46111050124136027 and parameters: {'k1': 0.0030081322697497847, 'D_low': 324.621175994907, 'k2': 0.0019586482115088936, 'D_high': 3682.0238592410187, 'fire_exp': 2.964005567871602, 'P_half': 1.8879092754225109, 'pre_dampen_half': 219.44328466980406, 'gpp_af': 8.426584823415055, 'gpp_b': 0.002140794581716228, 'gpp_d': 477.81566221073473, 'ign_k': 2.4657972250096454, 'ign_c': 0.20122112397924577, 'trop_agb_crit': 20.667237935568465, 'trop_k_veg': 3.414360386343789, 'pop_amp': 0.08272318620203223, 'pop_peak': 0.1673275469746838, 'pop_sig': 0.8185385882963144, 'fuel_k': 0.031740959794033956, 'fuel_half': 3.327223198703886}. Best is trial 0 with value: -0.6094076133578652.
[I 2026-08-19 17:22:00,337] Trial 862 finished with value: 0.5882311085695942 and parameters: {'k1': 3.150801303517871e-05, 'D_low': 489843.5072049679, 'k2': 0.00027967577578731347, 'D_high': 50527.732742101376, 'fire_exp': 1.1300596471938777, 'P_half': 335.15567572628794, 'pre_dampen_half': 0.5549885420425071, 'gpp_af': 1.0663451830808084, 'gpp_b': 0.0001536958832601806, 'gpp_d': 115.20446310052664, 'ign_k': 0.026697167366187415, 'ign_c': 67.42660272320951, 'trop_agb_crit': 8.997235388855541, 'trop_k_veg': 7.452163151336028, 'pop_amp': 2.946551228127722, 'pop_peak': 17.782416816111386, 'pop_sig': 1.109624062146906, 'fuel_k': 1.7906188518362074, 'fuel_half': 0.7254625393130587}. Best is trial 0 with value: -0.6094076133578652.
[I 2026-08-19 17:22:02,150] Trial 863 finished with value: 0.5678990818029079 and parameters: {'k1': 2.3679022322865793e-05, 'D_low': 1.2025514599686842, 'k2': 0.017122333016477448, 'D_high': 5507972.024473765, 'fire_exp': 2.2028776593999444, 'P_half': 1081.5119631082923, 'pre_dampen_half': 0.9818823380758572, 'gpp_af': 0.5880957120053865, 'gpp_b': 0.0024935952965355773, 'gpp_d': 254.37209807969563, 'ign_k': 0.7984624818550452, 'ign_c': 1.6575597209102253, 'trop_agb_crit': 19.679366422380955, 'trop_k_veg': 1.204020564227325, 'pop_amp': 0.0037984065928291363, 'pop_peak': 0.79664035498313, 'pop_sig': 0.3158565607927039, 'fuel_k': 0.049857771968875246, 'fuel_half': 22.021950381309157}. Best is trial 0 with value: -0.6094076133578652.
[I 2026-08-19 17:22:03,780] Trial 864 finished with value: 0.43511999309882865 and parameters: {'k1': 0.00011330002974360423, 'D_low': 253.95722300679734, 'k2': 0.00031266208492369683, 'D_high': 4416299.090833511, 'fire_exp': 2.7087792888004025, 'P_half': 6.009665912389065, 'pre_dampen_half': 55.81794052691516, 'gpp_af': 0.03361109008039314, 'gpp_b': 0.002906955359106768, 'gpp_d': 571.2093681359036, 'ign_k': 0.20292750857792136, 'ign_c': 16.352190156337603, 'trop_agb_crit': 18.569897176655015, 'trop_k_veg': 6.096261017873506, 'pop_amp': 0.0030531249433964226, 'pop_peak': 5.549256077500828, 'pop_sig': 0.784553827347645, 'fuel_k': 0.43631210178891, 'fuel_half': 0.33827756460023034}. Best is trial 0 with value: -0.6094076133578652.
[I 2026-08-19 17:22:05,457] Trial 865 finished with value: 0.5926456485649758 and parameters: {'k1': 0.00011458615735022185, 'D_low': 314.67728807710944, 'k2': 0.001940683250589577, 'D_high': 340083.0975656729, 'fire_exp': 3.3386684486514286, 'P_half': 2.3342862235474486, 'pre_dampen_half': 105.85479175613563, 'gpp_af': 0.32379864129915753, 'gpp_b': 0.14748288451134364, 'gpp_d': 3.1086536666753317, 'ign_k': 0.022434208969333156, 'ign_c': 1.956484997701835, 'trop_agb_crit': 17.689432704413996, 'trop_k_veg': 7.8676085868954795, 'pop_amp': 0.0014592283935689712, 'pop_peak': 0.1544602285383481, 'pop_sig': 0.9850091642917095, 'fuel_k': 0.07298878970847239, 'fuel_half': 0.2993420543841549}. Best is trial 0 with value: -0.6094076133578652.
[I 2026-08-19 17:22:07,147] Trial 866 finished with value: 0.6020217194751145 and parameters: {'k1': 0.007650418005554919, 'D_low': 1.6187956670259145, 'k2': 0.058634763066064424, 'D_high': 4560.300474968081, 'fire_exp': 3.2764893725711013, 'P_half': 31.609038649413854, 'pre_dampen_half': 0.07372551773806278, 'gpp_af': 0.07837958217615922, 'gpp_b': 0.004369893641326944, 'gpp_d': 440.4090516182095, 'ign_k': 0.03236180495933269, 'ign_c': 0.14200686149909128, 'trop_agb_crit': 24.172999369996045, 'trop_k_veg': 1.90050903290838, 'pop_amp': 0.0029403519308871034, 'pop_peak': 0.0768112630397808, 'pop_sig': 1.8063670561856884, 'fuel_k': 1.5642590570265513, 'fuel_half': 26.97976784120199}. Best is trial 0 with value: -0.6094076133578652.
[I 2026-08-19 17:22:08,781] Trial 867 finished with value: -0.5223365421853374 and parameters: {'k1': 4.836489610364328e-05, 'D_low': 2.6661678647188114, 'k2': 3.41704920342673e-05, 'D_high': 1319083.5731295017, 'fire_exp': 2.5977167274467776, 'P_half': 51.14016614986042, 'pre_dampen_half': 30.873594863747012, 'gpp_af': 0.23582903284185863, 'gpp_b': 0.0001801211619369914, 'gpp_d': 19.72230897337782, 'ign_k': 0.006411122144097486, 'ign_c': 8.494342687665865, 'trop_agb_crit': 23.043827716693688, 'trop_k_veg': 5.485667104028057, 'pop_amp': 0.0010176219060362166, 'pop_peak': 2.062023367598688, 'pop_sig': 0.9255592106955349, 'fuel_k': 4.63396576560114, 'fuel_half': 0.2645531060697424}. Best is trial 0 with value: -0.6094076133578652.
[I 2026-08-19 17:22:10,463] Trial 868 finished with value: 0.5230083814032924 and parameters: {'k1': 2.1232588763479054e-05, 'D_low': 117713.00039790549, 'k2': 8.647852995692137e-05, 'D_high': 894380.9437401758, 'fire_exp': 2.24290507368015, 'P_half': 274.43047737459676, 'pre_dampen_half': 207.06399854538432, 'gpp_af': 5.12811228792199, 'gpp_b': 0.03208094116536502, 'gpp_d': 74.93631278486096, 'ign_k': 0.07578807916790453, 'ign_c': 4.538217098192558, 'trop_agb_crit': 6.736500706330942, 'trop_k_veg': 1.844373318566984, 'pop_amp': 4.988217512763763, 'pop_peak': 28.14111434427825, 'pop_sig': 0.6574816831763597, 'fuel_k': 0.21645603514609463, 'fuel_half': 0.7187073961868019}. Best is trial 0 with value: -0.6094076133578652.
