[I 2026-07-22 21:45:05,222] Trial 559 finished with values: [-0.46255854094445903, 0.4753374593539339] and parameters: {'k1': 0.004312951023617458, 'D_low': 9.497440085397416, 'k2': 1.915468390724633e-05, 'D_high': 71534.52030884045, 'fire_exp': 1.024589524149873, 'P_half': 220.3445560633069, 'pre_dampen_half': 502.5175192217655, 'gpp_af': 0.7539992074650282, 'gpp_b': 0.0021331409710300844, 'gpp_d': 16.460426816350534, 'ign_k': 0.06807874826564587, 'ign_c': 15.221840161091619, 'trop_agb_crit': 24.584290528289387, 'trop_k_veg': 1.4584243470991722, 'fuel_k': 4.680936683972859, 'fuel_half': 52.005817291141206}.
[I 2026-07-22 21:45:05,658] Trial 560 finished with values: [10.009687439306074, 10.009687439306074] and parameters: {'k1': 0.004312951023617458, 'D_low': 163.4864778201543, 'k2': 1.915468390724633e-05, 'D_high': 71534.52030884045, 'fire_exp': 1.024589524149873, 'P_half': 220.3445560633069, 'pre_dampen_half': 36.876350096202984, 'gpp_af': 0.0025511964576171086, 'gpp_b': 7.402343469704414e-05, 'gpp_d': 12.151631524283598, 'ign_k': 8.761971101023699, 'ign_c': 4.1108484350212295, 'trop_agb_crit': 6.1198430581046965, 'trop_k_veg': 1.6340262437673856, 'fuel_k': 4.680936683972859, 'fuel_half': 7.933304552450495}.
[I 2026-07-22 21:45:06,083] Trial 561 finished with values: [10.342429510227555, 10.342429510227555] and parameters: {'k1': 0.00023352156626184448, 'D_low': 247.75146043208053, 'k2': 1.915468390724633e-05, 'D_high': 5109990.035268142, 'fire_exp': 1.024589524149873, 'P_half': 38.82837025280678, 'pre_dampen_half': 347.79988160923324, 'gpp_af': 0.0025511964576171086, 'gpp_b': 0.0054502936945582505, 'gpp_d': 16.460426816350534, 'ign_k': 0.254945458832971, 'ign_c': 11.40086370112731, 'trop_agb_crit': 6.1198430581046965, 'trop_k_veg': 0.9793402026070162, 'fuel_k': 0.08612665817296865, 'fuel_half': 0.32476735706274484}.
[I 2026-07-22 21:45:06,511] Trial 562 finished with values: [-0.30772705282335955, 0.7692864929535029] and parameters: {'k1': 1.8595266457134027e-05, 'D_low': 13.25142220631392, 'k2': 1.6559474674046002e-05, 'D_high': 822494.7917407941, 'fire_exp': 1.0341837609578937, 'P_half': 13.019246714361572, 'pre_dampen_half': 347.79988160923324, 'gpp_af': 0.015769192447197523, 'gpp_b': 3.228689523591491e-05, 'gpp_d': 700.6693992445935, 'ign_k': 0.0013726318898045872, 'ign_c': 6.1609752947414345, 'trop_agb_crit': 24.584290528289387, 'trop_k_veg': 1.140286245977296, 'fuel_k': 2.860614210639247, 'fuel_half': 57.882001937752385}.
[I 2026-07-22 21:45:06,945] Trial 563 finished with values: [10.128686669990369, 10.128686669990369] and parameters: {'k1': 8.17182556771865e-05, 'D_low': 102.19595065529477, 'k2': 0.004373100990516265, 'D_high': 107013.64911724928, 'fire_exp': 1.2144541560280293, 'P_half': 277.92265849300054, 'pre_dampen_half': 36.876350096202984, 'gpp_af': 0.7539992074650282, 'gpp_b': 7.402343469704414e-05, 'gpp_d': 302.3127748796295, 'ign_k': 0.018707420137660268, 'ign_c': 4.406703994564745, 'trop_agb_crit': 15.870971677383487, 'trop_k_veg': 2.42764713875812, 'fuel_k': 1.312881567992459, 'fuel_half': 57.882001937752385}.
[I 2026-07-22 21:45:07,374] Trial 564 finished with values: [10.290201582073808, 10.290201582073808] and parameters: {'k1': 0.00023352156626184448, 'D_low': 102.19595065529477, 'k2': 0.017300724838654365, 'D_high': 1693415.5410667954, 'fire_exp': 2.4645237762603327, 'P_half': 119.9763911113096, 'pre_dampen_half': 269.0845367054863, 'gpp_af': 0.03924302839842014, 'gpp_b': 0.0032930655419269924, 'gpp_d': 4.576857873108685, 'ign_k': 0.006290644294586149, 'ign_c': 4.1108484350212295, 'trop_agb_crit': 2.539877620672643, 'trop_k_veg': 1.140286245977296, 'fuel_k': 4.680936683972859, 'fuel_half': 0.32476735706274484}.
[I 2026-07-22 21:45:07,808] Trial 565 finished with values: [-0.6742865239306267, 0.47633236584658845] and parameters: {'k1': 0.002971796631657383, 'D_low': 163.4864778201543, 'k2': 2.1698375693549493e-05, 'D_high': 71534.52030884045, 'fire_exp': 1.2120759485719061, 'P_half': 10.226988730324324, 'pre_dampen_half': 158.2364439052928, 'gpp_af': 0.03924302839842014, 'gpp_b': 0.0032930655419269924, 'gpp_d': 316.31196273374786, 'ign_k': 5.985024829384178, 'ign_c': 2.5923015361558552, 'trop_agb_crit': 9.836162684900028, 'trop_k_veg': 1.7570501127699656, 'fuel_k': 0.029111707920759254, 'fuel_half': 16.371966573507315}.
[I 2026-07-22 21:45:08,280] Trial 566 finished with values: [10.01630689338996, 10.01630689338996] and parameters: {'k1': 0.004312951023617458, 'D_low': 9.497440085397416, 'k2': 1.6559474674046002e-05, 'D_high': 71534.52030884045, 'fire_exp': 1.024589524149873, 'P_half': 220.3445560633069, 'pre_dampen_half': 502.5175192217655, 'gpp_af': 0.7539992074650282, 'gpp_b': 0.0002637687576667052, 'gpp_d': 16.460426816350534, 'ign_k': 0.018707420137660268, 'ign_c': 15.221840161091619, 'trop_agb_crit': 24.584290528289387, 'trop_k_veg': 0.9369104721775232, 'fuel_k': 4.680936683972859, 'fuel_half': 52.005817291141206}.
[I 2026-07-22 21:45:08,775] Trial 567 finished with values: [10.303007652930933, 10.303007652930933] and parameters: {'k1': 0.002968335334246999, 'D_low': 163.4864778201543, 'k2': 0.017300724838654365, 'D_high': 1693415.5410667954, 'fire_exp': 2.0445716298761494, 'P_half': 10.226988730324324, 'pre_dampen_half': 36.876350096202984, 'gpp_af': 0.7539992074650282, 'gpp_b': 0.0032930655419269924, 'gpp_d': 16.460426816350534, 'ign_k': 0.012566783761977915, 'ign_c': 4.1108484350212295, 'trop_agb_crit': 6.1198430581046965, 'trop_k_veg': 0.9793402026070162, 'fuel_k': 1.8731335591844647, 'fuel_half': 38.21129441691226}.
[I 2026-07-22 21:45:09,229] Trial 568 finished with values: [-0.5958540326257853, 0.6577620742266344] and parameters: {'k1': 0.00013783578294796384, 'D_low': 247.75146043208053, 'k2': 1.127217425995114e-05, 'D_high': 10377.055497115112, 'fire_exp': 1.0482996836046896, 'P_half': 13.019246714361572, 'pre_dampen_half': 269.0845367054863, 'gpp_af': 0.03924302839842014, 'gpp_b': 0.00012118589392553819, 'gpp_d': 129.7393125993744, 'ign_k': 8.761971101023699, 'ign_c': 4.1108484350212295, 'trop_agb_crit': 9.836162684900028, 'trop_k_veg': 1.618831710447345, 'fuel_k': 4.680936683972859, 'fuel_half': 10.06119804781128}.
[I 2026-07-22 21:45:09,677] Trial 569 finished with values: [10.008900140721188, 10.008900140721188] and parameters: {'k1': 0.00013783578294796384, 'D_low': 247.75146043208053, 'k2': 1.127217425995114e-05, 'D_high': 10377.055497115112, 'fire_exp': 1.0482996836046896, 'P_half': 13.019246714361572, 'pre_dampen_half': 502.5175192217655, 'gpp_af': 0.0025511964576171086, 'gpp_b': 3.228689523591491e-05, 'gpp_d': 857.4284557962626, 'ign_k': 8.761971101023699, 'ign_c': 0.11650681118986138, 'trop_agb_crit': 1.3839399385754507, 'trop_k_veg': 0.9369104721775232, 'fuel_k': 4.680936683972859, 'fuel_half': 15.298506868937444}.
[I 2026-07-22 21:45:10,116] Trial 570 finished with values: [10.270169803638588, 10.270169803638588] and parameters: {'k1': 0.002968335334246999, 'D_low': 102.19595065529477, 'k2': 2.1698375693549493e-05, 'D_high': 580966.5602369158, 'fire_exp': 1.4905138918021545, 'P_half': 220.3445560633069, 'pre_dampen_half': 26.373339933815235, 'gpp_af': 0.7539992074650282, 'gpp_b': 3.228689523591491e-05, 'gpp_d': 9.00460602264307, 'ign_k': 3.210808548911192, 'ign_c': 4.1108484350212295, 'trop_agb_crit': 6.1198430581046965, 'trop_k_veg': 1.6340262437673856, 'fuel_k': 4.680936683972859, 'fuel_half': 28.412055118924748}.
[I 2026-07-22 21:45:10,551] Trial 571 finished with values: [-0.3700833883173751, 0.8637286809043312] and parameters: {'k1': 0.003242143344038315, 'D_low': 163.4864778201543, 'k2': 2.1698375693549493e-05, 'D_high': 107013.64911724928, 'fire_exp': 2.3987174696212126, 'P_half': 4.961134450191397, 'pre_dampen_half': 33.97904243111269, 'gpp_af': 0.7539992074650282, 'gpp_b': 3.228689523591491e-05, 'gpp_d': 9.00460602264307, 'ign_k': 3.210808548911192, 'ign_c': 0.11650681118986138, 'trop_agb_crit': 15.870971677383487, 'trop_k_veg': 3.028464701337094, 'fuel_k': 1.312881567992459, 'fuel_half': 42.6871254378718}.
[I 2026-07-22 21:45:10,984] Trial 572 finished with values: [-0.6850059390186349, 0.777894606918714] and parameters: {'k1': 0.003129228656360861, 'D_low': 9.497440085397416, 'k2': 1.127217425995114e-05, 'D_high': 580966.5602369158, 'fire_exp': 1.024589524149873, 'P_half': 10.226988730324324, 'pre_dampen_half': 502.5175192217655, 'gpp_af': 0.7539992074650282, 'gpp_b': 0.005135775987795958, 'gpp_d': 12.151631524283598, 'ign_k': 0.018707420137660268, 'ign_c': 6.3906950920732175, 'trop_agb_crit': 1.1195539271968775, 'trop_k_veg': 1.4584243470991722, 'fuel_k': 4.680936683972859, 'fuel_half': 42.6871254378718}.
[I 2026-07-22 21:45:11,474] Trial 573 finished with values: [-0.6651887785196718, 0.6252294701551746] and parameters: {'k1': 0.004312951023617458, 'D_low': 102.19595065529477, 'k2': 0.017300724838654365, 'D_high': 71534.52030884045, 'fire_exp': 1.024589524149873, 'P_half': 220.3445560633069, 'pre_dampen_half': 26.373339933815235, 'gpp_af': 0.8571213555597654, 'gpp_b': 0.0032930655419269924, 'gpp_d': 16.460426816350534, 'ign_k': 3.210808548911192, 'ign_c': 4.1108484350212295, 'trop_agb_crit': 6.1198430581046965, 'trop_k_veg': 1.6340262437673856, 'fuel_k': 0.02929333925546488, 'fuel_half': 52.005817291141206}.
[I 2026-07-22 21:45:11,936] Trial 574 finished with values: [10.35184382551555, 10.35184382551555] and parameters: {'k1': 0.004312951023617458, 'D_low': 26378.036791458417, 'k2': 2.1698375693549493e-05, 'D_high': 1693415.5410667954, 'fire_exp': 1.0341837609578937, 'P_half': 220.3445560633069, 'pre_dampen_half': 36.876350096202984, 'gpp_af': 0.7539992074650282, 'gpp_b': 0.0032930655419269924, 'gpp_d': 302.3127748796295, 'ign_k': 0.018707420137660268, 'ign_c': 6.1609752947414345, 'trop_agb_crit': 1.1195539271968775, 'trop_k_veg': 0.9793402026070162, 'fuel_k': 4.680936683972859, 'fuel_half': 38.21129441691226}.
[I 2026-07-22 21:45:12,382] Trial 575 finished with values: [10.734230278423176, 10.734230278423176] and parameters: {'k1': 0.004312951023617458, 'D_low': 150238.92424595376, 'k2': 4.509158385973329e-05, 'D_high': 580966.5602369158, 'fire_exp': 1.219689929203564, 'P_half': 10.226988730324324, 'pre_dampen_half': 26.373339933815235, 'gpp_af': 0.09791370130598968, 'gpp_b': 0.0032930655419269924, 'gpp_d': 12.151631524283598, 'ign_k': 0.018707420137660268, 'ign_c': 4.1108484350212295, 'trop_agb_crit': 15.870971677383487, 'trop_k_veg': 0.9793402026070162, 'fuel_k': 0.08612665817296865, 'fuel_half': 42.6871254378718}.
[I 2026-07-22 21:45:12,826] Trial 576 finished with values: [-0.3526077480213727, 0.962970663666884] and parameters: {'k1': 0.003242143344038315, 'D_low': 163.4864778201543, 'k2': 0.017300724838654365, 'D_high': 1488557.802851245, 'fire_exp': 1.0916631511885018, 'P_half': 13.019246714361572, 'pre_dampen_half': 36.876350096202984, 'gpp_af': 29.925002022877816, 'gpp_b': 1.3862179439161665e-05, 'gpp_d': 4.576857873108685, 'ign_k': 0.018707420137660268, 'ign_c': 6.1609752947414345, 'trop_agb_crit': 19.28597237496244, 'trop_k_veg': 2.96469974704069, 'fuel_k': 0.08612665817296865, 'fuel_half': 6.626468049070087}.
[I 2026-07-22 21:45:13,268] Trial 577 finished with values: [10.62826418051912, 10.62826418051912] and parameters: {'k1': 0.004312951023617458, 'D_low': 73.7642948170377, 'k2': 0.017300724838654365, 'D_high': 19062.702769029394, 'fire_exp': 2.3987174696212126, 'P_half': 220.3445560633069, 'pre_dampen_half': 269.0845367054863, 'gpp_af': 0.7539992074650282, 'gpp_b': 0.0032930655419269924, 'gpp_d': 857.4284557962626, 'ign_k': 0.008468146923166088, 'ign_c': 3.661204467448704, 'trop_agb_crit': 6.1198430581046965, 'trop_k_veg': 2.7157207393584746, 'fuel_k': 4.680936683972859, 'fuel_half': 28.412055118924748}.
[I 2026-07-22 21:45:13,699] Trial 578 finished with values: [10.247937334335086, 10.247937334335086] and parameters: {'k1': 0.052334804885400876, 'D_low': 102.19595065529477, 'k2': 0.0034207303670092245, 'D_high': 580966.5602369158, 'fire_exp': 1.4905138918021545, 'P_half': 220.3445560633069, 'pre_dampen_half': 26.373339933815235, 'gpp_af': 0.008562341633595545, 'gpp_b': 0.0032930655419269924, 'gpp_d': 16.460426816350534, 'ign_k': 0.23872908899163253, 'ign_c': 0.11650681118986138, 'trop_agb_crit': 3.5522713231614182, 'trop_k_veg': 1.6340262437673856, 'fuel_k': 1.312881567992459, 'fuel_half': 28.412055118924748}.
[I 2026-07-22 21:45:14,151] Trial 579 finished with values: [-0.4737599197807254, 0.3865909854390014] and parameters: {'k1': 0.004312951023617458, 'D_low': 9.497440085397416, 'k2': 1.915468390724633e-05, 'D_high': 71534.52030884045, 'fire_exp': 1.024589524149873, 'P_half': 220.3445560633069, 'pre_dampen_half': 502.5175192217655, 'gpp_af': 0.7539992074650282, 'gpp_b': 0.009563154080872067, 'gpp_d': 16.460426816350534, 'ign_k': 0.06807874826564587, 'ign_c': 15.221840161091619, 'trop_agb_crit': 24.584290528289387, 'trop_k_veg': 1.4584243470991722, 'fuel_k': 4.680936683972859, 'fuel_half': 91.90868674438059}.
[I 2026-07-22 21:45:14,606] Trial 580 finished with values: [-0.6424404150211485, 0.47736063859206923] and parameters: {'k1': 0.003129228656360861, 'D_low': 9.497440085397416, 'k2': 1.127217425995114e-05, 'D_high': 580966.5602369158, 'fire_exp': 1.024589524149873, 'P_half': 10.226988730324324, 'pre_dampen_half': 219.13475969641993, 'gpp_af': 29.925002022877816, 'gpp_b': 2.8457393813758034, 'gpp_d': 373.3014953695604, 'ign_k': 0.018707420137660268, 'ign_c': 6.1609752947414345, 'trop_agb_crit': 6.1198430581046965, 'trop_k_veg': 0.9369104721775232, 'fuel_k': 4.680936683972859, 'fuel_half': 42.6871254378718}.
[I 2026-07-22 21:45:15,045] Trial 581 finished with values: [10.20838647852964, 10.20838647852964] and parameters: {'k1': 0.052334804885400876, 'D_low': 1.6646452049870526, 'k2': 0.0034207303670092245, 'D_high': 580966.5602369158, 'fire_exp': 1.0341837609578937, 'P_half': 13.019246714361572, 'pre_dampen_half': 33.97904243111269, 'gpp_af': 0.008983355849178878, 'gpp_b': 0.0005392415140872105, 'gpp_d': 302.3127748796295, 'ign_k': 0.018707420137660268, 'ign_c': 6.1609752947414345, 'trop_agb_crit': 3.5522713231614182, 'trop_k_veg': 0.9793402026070162, 'fuel_k': 1.312881567992459, 'fuel_half': 0.33988503110784557}.
[I 2026-07-22 21:45:15,474] Trial 582 finished with values: [10.043072964333282, 10.043072964333282] and parameters: {'k1': 0.002968335334246999, 'D_low': 163.4864778201543, 'k2': 2.1698375693549493e-05, 'D_high': 107013.64911724928, 'fire_exp': 1.0862503061991866, 'P_half': 10.226988730324324, 'pre_dampen_half': 269.0845367054863, 'gpp_af': 0.7539992074650282, 'gpp_b': 6.586254606637078e-05, 'gpp_d': 9.00460602264307, 'ign_k': 0.03141110271934876, 'ign_c': 4.1108484350212295, 'trop_agb_crit': 19.28597237496244, 'trop_k_veg': 2.42764713875812, 'fuel_k': 4.680936683972859, 'fuel_half': 42.6871254378718}.
[I 2026-07-22 21:45:15,936] Trial 583 finished with values: [10.053547993248674, 10.053547993248674] and parameters: {'k1': 0.006033623633620595, 'D_low': 1.6646452049870526, 'k2': 1.915468390724633e-05, 'D_high': 10377.055497115112, 'fire_exp': 1.0482996836046896, 'P_half': 13.019246714361572, 'pre_dampen_half': 33.97904243111269, 'gpp_af': 0.008983355849178878, 'gpp_b': 7.402343469704414e-05, 'gpp_d': 6.91394869865762, 'ign_k': 3.210808548911192, 'ign_c': 15.221840161091619, 'trop_agb_crit': 9.836162684900028, 'trop_k_veg': 1.140286245977296, 'fuel_k': 0.04572914063536324, 'fuel_half': 1.3547291924247347}.
[I 2026-07-22 21:45:16,406] Trial 584 finished with values: [10.26401575470096, 10.26401575470096] and parameters: {'k1': 0.002968335334246999, 'D_low': 13.25142220631392, 'k2': 0.004373100990516265, 'D_high': 107013.64911724928, 'fire_exp': 2.3987174696212126, 'P_half': 4.961134450191397, 'pre_dampen_half': 269.0845367054863, 'gpp_af': 0.09791370130598968, 'gpp_b': 0.0005995821881487623, 'gpp_d': 1.050978521342778, 'ign_k': 3.210808548911192, 'ign_c': 4.1108484350212295, 'trop_agb_crit': 19.28597237496244, 'trop_k_veg': 1.7570501127699656, 'fuel_k': 1.312881567992459, 'fuel_half': 52.005817291141206}.
[I 2026-07-22 21:45:16,874] Trial 585 finished with values: [10.202455197706747, 10.202455197706747] and parameters: {'k1': 1.4915922954285195e-05, 'D_low': 102.19595065529477, 'k2': 1.127217425995114e-05, 'D_high': 145242.37928628005, 'fire_exp': 1.0482996836046896, 'P_half': 13.019246714361572, 'pre_dampen_half': 269.0845367054863, 'gpp_af': 0.03924302839842014, 'gpp_b': 0.00011277885258222645, 'gpp_d': 0.3619181297408274, 'ign_k': 8.761971101023699, 'ign_c': 4.1108484350212295, 'trop_agb_crit': 9.836162684900028, 'trop_k_veg': 2.42764713875812, 'fuel_k': 4.680936683972859, 'fuel_half': 10.06119804781128}.
  trial  586/1500  pareto_size=5  best_taylor=0.7828  best_ilamb=0.6071  (4.4 min)
[I 2026-07-22 21:45:17,481] Trial 586 finished with values: [10.720229594719099, 10.720229594719099] and parameters: {'k1': 0.00013783578294796384, 'D_low': 163.4864778201543, 'k2': 1.127217425995114e-05, 'D_high': 580966.5602369158, 'fire_exp': 1.0862503061991866, 'P_half': 13.019246714361572, 'pre_dampen_half': 347.79988160923324, 'gpp_af': 0.008983355849178878, 'gpp_b': 0.00012118589392553819, 'gpp_d': 9.00460602264307, 'ign_k': 5.985024829384178, 'ign_c': 0.11650681118986138, 'trop_agb_crit': 15.870971677383487, 'trop_k_veg': 1.7570501127699656, 'fuel_k': 0.04572914063536324, 'fuel_half': 42.6871254378718}.
[I 2026-07-22 21:45:17,958] Trial 587 finished with values: [10.256614191059723, 10.256614191059723] and parameters: {'k1': 0.002971796631657383, 'D_low': 2.8627614274446977, 'k2': 0.017300724838654365, 'D_high': 107013.64911724928, 'fire_exp': 2.3987174696212126, 'P_half': 51.61767747867285, 'pre_dampen_half': 269.0845367054863, 'gpp_af': 0.4224904711663322, 'gpp_b': 0.0032930655419269924, 'gpp_d': 0.3619181297408274, 'ign_k': 3.210808548911192, 'ign_c': 4.1108484350212295, 'trop_agb_crit': 2.539877620672643, 'trop_k_veg': 0.9793402026070162, 'fuel_k': 4.680936683972859, 'fuel_half': 14.216519889545312}.
[I 2026-07-22 21:45:18,436] Trial 588 finished with values: [10.61607905940732, 10.61607905940732] and parameters: {'k1': 0.002968335334246999, 'D_low': 91.66403471455098, 'k2': 0.0001971137615017176, 'D_high': 107013.64911724928, 'fire_exp': 2.3987174696212126, 'P_half': 220.3445560633069, 'pre_dampen_half': 36.876350096202984, 'gpp_af': 0.0025511964576171086, 'gpp_b': 3.228689523591491e-05, 'gpp_d': 857.4284557962626, 'ign_k': 0.0026834162496848666, 'ign_c': 6.1609752947414345, 'trop_agb_crit': 19.28597237496244, 'trop_k_veg': 1.140286245977296, 'fuel_k': 0.7156083490235493, 'fuel_half': 38.21129441691226}.
[I 2026-07-22 21:45:18,918] Trial 589 finished with values: [-0.6319220889354601, 0.35007038735649987] and parameters: {'k1': 0.002968335334246999, 'D_low': 9.497440085397416, 'k2': 1.915468390724633e-05, 'D_high': 145242.37928628005, 'fire_exp': 2.3987174696212126, 'P_half': 220.3445560633069, 'pre_dampen_half': 502.5175192217655, 'gpp_af': 1.1300566419249867, 'gpp_b': 0.0021331409710300844, 'gpp_d': 16.460426816350534, 'ign_k': 3.210808548911192, 'ign_c': 15.221840161091619, 'trop_agb_crit': 24.584290528289387, 'trop_k_veg': 1.6340262437673856, 'fuel_k': 4.680936683972859, 'fuel_half': 52.005817291141206}.
[I 2026-07-22 21:45:19,402] Trial 590 finished with values: [-0.5693479663943533, 0.7061618029306258] and parameters: {'k1': 0.00016480446427978953, 'D_low': 102.19595065529477, 'k2': 1.915468390724633e-05, 'D_high': 71534.52030884045, 'fire_exp': 1.024589524149873, 'P_half': 2.458603276328005, 'pre_dampen_half': 26.373339933815235, 'gpp_af': 0.7539992074650282, 'gpp_b': 0.0032930655419269924, 'gpp_d': 16.460426816350534, 'ign_k': 0.5884974770225297, 'ign_c': 8.405439129313676, 'trop_agb_crit': 1.1195539271968775, 'trop_k_veg': 1.6340262437673856, 'fuel_k': 0.08612665817296865, 'fuel_half': 52.005817291141206}.
[I 2026-07-22 21:45:19,915] Trial 591 finished with values: [10.764640358555518, 10.764640358555518] and parameters: {'k1': 0.0029707920514735983, 'D_low': 13.25142220631392, 'k2': 1.6559474674046002e-05, 'D_high': 1488557.802851245, 'fire_exp': 1.3219590610242518, 'P_half': 48.464976792190825, 'pre_dampen_half': 502.5175192217655, 'gpp_af': 0.09791370130598968, 'gpp_b': 8.862086040604613, 'gpp_d': 857.4284557962626, 'ign_k': 5.985024829384178, 'ign_c': 4.1108484350212295, 'trop_agb_crit': 9.836162684900028, 'trop_k_veg': 1.7570501127699656, 'fuel_k': 0.08612665817296865, 'fuel_half': 52.005817291141206}.
[I 2026-07-22 21:45:20,362] Trial 592 finished with values: [10.27977318112725, 10.27977318112725] and parameters: {'k1': 0.002971796631657383, 'D_low': 163.4864778201543, 'k2': 1.915468390724633e-05, 'D_high': 71534.52030884045, 'fire_exp': 1.024589524149873, 'P_half': 220.3445560633069, 'pre_dampen_half': 502.5175192217655, 'gpp_af': 0.004385018674829579, 'gpp_b': 0.0032930655419269924, 'gpp_d': 16.460426816350534, 'ign_k': 0.06807874826564587, 'ign_c': 2.5923015361558552, 'trop_agb_crit': 9.836162684900028, 'trop_k_veg': 1.7570501127699656, 'fuel_k': 0.029111707920759254, 'fuel_half': 16.371966573507315}.
[I 2026-07-22 21:45:20,803] Trial 593 finished with values: [10.333537458619698, 10.333537458619698] and parameters: {'k1': 0.002968335334246999, 'D_low': 9.497440085397416, 'k2': 0.011469197890812934, 'D_high': 107013.64911724928, 'fire_exp': 1.4905138918021545, 'P_half': 13.019246714361572, 'pre_dampen_half': 26.373339933815235, 'gpp_af': 0.015769192447197523, 'gpp_b': 0.0032930655419269924, 'gpp_d': 0.03315494004644147, 'ign_k': 3.210808548911192, 'ign_c': 6.1609752947414345, 'trop_agb_crit': 1.1195539271968775, 'trop_k_veg': 1.6340262437673856, 'fuel_k': 1.8731335591844647, 'fuel_half': 27.47623461877469}.
