[I 2026-08-06 11:06:11,965] Trial 1002 finished with values: [10.152725273384283, 10.152725273384283] and parameters: {'k1': 0.005272264723319183, 'D_low': 520.4862686958022, 'k2': 1.1065812688893481e-05, 'D_high': 1236.6924205139144, 'fire_exp': 1.221575427404682, 'P_half': 523.1053126909052, 'pre_dampen_half': 719.4083432823455, 'gpp_af': 1.9706963379095486, 'gpp_b': 0.22727308251068193, 'gpp_d': 19.600139992927435, 'ign_k': 0.12329098365270515, 'ign_c': 1.9580595319750387, 'trop_agb_crit': 6.119263728555865, 'trop_k_veg': 2.4336356947036335}.
[I 2026-08-06 11:06:14,393] Trial 1003 finished with values: [10.016088680201818, 10.016088680201818] and parameters: {'k1': 0.00488137519160367, 'D_low': 520.4862686958022, 'k2': 0.019894080167856886, 'D_high': 1236.6924205139144, 'fire_exp': 1.221575427404682, 'P_half': 285.5843069859748, 'pre_dampen_half': 719.4083432823455, 'gpp_af': 5.335773317316405, 'gpp_b': 0.01666658176842624, 'gpp_d': 350.88322284755304, 'ign_k': 2.5253810447657927, 'ign_c': 0.8916132699546893, 'trop_agb_crit': 6.119263728555865, 'trop_k_veg': 0.6014881258938517}.
[I 2026-08-06 11:06:16,280] Trial 1004 finished with values: [10.55043662645584, 10.55043662645584] and parameters: {'k1': 0.00488137519160367, 'D_low': 118.47646505012496, 'k2': 3.987273288095245e-05, 'D_high': 61536.58035691648, 'fire_exp': 1.7329145403564932, 'P_half': 523.1053126909052, 'pre_dampen_half': 38.00678588560607, 'gpp_af': 0.0014188461251885575, 'gpp_b': 0.0005739662837359252, 'gpp_d': 1.493264336549928, 'ign_k': 0.010939944910100021, 'ign_c': 2.4936660834465174, 'trop_agb_crit': 8.997007571451054, 'trop_k_veg': 1.9799513595694562}.
[I 2026-08-06 11:06:18,169] Trial 1005 finished with values: [10.398359003378253, 10.398359003378253] and parameters: {'k1': 0.004708159793250189, 'D_low': 38.82837025280678, 'k2': 8.923807143379776e-05, 'D_high': 1588.2035726402378, 'fire_exp': 1.3170256885255098, 'P_half': 890.7074296057181, 'pre_dampen_half': 38.00678588560607, 'gpp_af': 5.335773317316405, 'gpp_b': 0.13713885091300912, 'gpp_d': 84.31013932082456, 'ign_k': 0.04406703994564747, 'ign_c': 1.9580595319750387, 'trop_agb_crit': 8.997007571451054, 'trop_k_veg': 2.0689340860325034}.
[I 2026-08-06 11:06:20,092] Trial 1006 finished with values: [-0.5714876720116141, 0.10407373840357526] and parameters: {'k1': 0.008912611835817005, 'D_low': 525.9096221580008, 'k2': 0.0002228500345352386, 'D_high': 14.678835461874492, 'fire_exp': 1.221575427404682, 'P_half': 140.74279366401683, 'pre_dampen_half': 719.4083432823455, 'gpp_af': 5.335773317316405, 'gpp_b': 0.01666658176842624, 'gpp_d': 82.84476373292449, 'ign_k': 2.5253810447657927, 'ign_c': 5.13055176058983, 'trop_agb_crit': 7.628718523810018, 'trop_k_veg': 2.5878603012249104}.
[I 2026-08-06 11:06:22,038] Trial 1007 finished with values: [10.659997211058943, 10.659997211058943] and parameters: {'k1': 0.01889771394135163, 'D_low': 7.299348683062307, 'k2': 2.1835747526693533e-05, 'D_high': 3346.220103048382, 'fire_exp': 1.7329145403564932, 'P_half': 102.4585893986732, 'pre_dampen_half': 38.160753400791386, 'gpp_af': 5.335773317316405, 'gpp_b': 2.176805640408474e-05, 'gpp_d': 0.5363092465892282, 'ign_k': 0.12329098365270515, 'ign_c': 5.13055176058983, 'trop_agb_crit': 1.0903028125370984, 'trop_k_veg': 3.1473758868965476}.
[I 2026-08-06 11:06:23,896] Trial 1008 finished with values: [10.331400753129506, 10.331400753129506] and parameters: {'k1': 0.05778755734457457, 'D_low': 520.4862686958022, 'k2': 0.019894080167856886, 'D_high': 1236.6924205139144, 'fire_exp': 1.2611826901294014, 'P_half': 523.1053126909052, 'pre_dampen_half': 719.4083432823455, 'gpp_af': 0.6403036652671171, 'gpp_b': 0.0012213924959062798, 'gpp_d': 82.84476373292449, 'ign_k': 0.010939944910100021, 'ign_c': 2.4936660834465174, 'trop_agb_crit': 6.119263728555865, 'trop_k_veg': 2.520089655463604}.
[I 2026-08-06 11:06:25,851] Trial 1009 finished with values: [10.32727941716474, 10.32727941716474] and parameters: {'k1': 0.00488137519160367, 'D_low': 1.3577269394141454, 'k2': 0.004149969043497543, 'D_high': 8182.111518618414, 'fire_exp': 1.3170256885255098, 'P_half': 712.8188058401365, 'pre_dampen_half': 63.6685916079943, 'gpp_af': 1.9706963379095486, 'gpp_b': 0.22727308251068193, 'gpp_d': 19.600139992927435, 'ign_k': 2.5253810447657927, 'ign_c': 1.9580595319750387, 'trop_agb_crit': 8.997007571451054, 'trop_k_veg': 2.4336356947036335}.
[I 2026-08-06 11:06:27,742] Trial 1010 finished with values: [10.27573740477209, 10.27573740477209] and parameters: {'k1': 0.008912611835817005, 'D_low': 436.4516946807792, 'k2': 0.0002228500345352386, 'D_high': 78.57247967427125, 'fire_exp': 1.2611826901294014, 'P_half': 140.74279366401683, 'pre_dampen_half': 63.6685916079943, 'gpp_af': 0.6403036652671171, 'gpp_b': 0.01666658176842624, 'gpp_d': 757.2868182332339, 'ign_k': 0.12329098365270515, 'ign_c': 5.13055176058983, 'trop_agb_crit': 6.119263728555865, 'trop_k_veg': 0.6673124511410327}.
[I 2026-08-06 11:06:29,584] Trial 1011 finished with values: [10.274087273681504, 10.274087273681504] and parameters: {'k1': 0.01889771394135163, 'D_low': 7.299348683062307, 'k2': 1.9423940721007243e-05, 'D_high': 1236.6924205139144, 'fire_exp': 1.7329145403564932, 'P_half': 523.1053126909052, 'pre_dampen_half': 63.6685916079943, 'gpp_af': 0.002271347790571442, 'gpp_b': 2.176805640408474e-05, 'gpp_d': 84.31013932082456, 'ign_k': 0.12329098365270515, 'ign_c': 0.8916132699546893, 'trop_agb_crit': 6.119263728555865, 'trop_k_veg': 2.4336356947036335}.
[I 2026-08-06 11:06:31,582] Trial 1012 finished with values: [-0.5970980739908238, 0.05755279953767267] and parameters: {'k1': 0.00488137519160367, 'D_low': 1.3577269394141454, 'k2': 0.02805807870333381, 'D_high': 1236.6924205139144, 'fire_exp': 1.3170256885255098, 'P_half': 523.1053126909052, 'pre_dampen_half': 719.4083432823455, 'gpp_af': 5.335773317316405, 'gpp_b': 0.22727308251068193, 'gpp_d': 5.1715677287580455, 'ign_k': 2.5253810447657927, 'ign_c': 1.9580595319750387, 'trop_agb_crit': 8.997007571451054, 'trop_k_veg': 1.9799513595694562}.
[I 2026-08-06 11:06:33,444] Trial 1013 finished with values: [10.758253398169906, 10.758253398169906] and parameters: {'k1': 0.00488137519160367, 'D_low': 520.4862686958022, 'k2': 0.019894080167856886, 'D_high': 11.179796565719341, 'fire_exp': 1.2611826901294014, 'P_half': 523.1053126909052, 'pre_dampen_half': 63.6685916079943, 'gpp_af': 5.335773317316405, 'gpp_b': 5.482875567588648, 'gpp_d': 757.2868182332339, 'ign_k': 0.12329098365270515, 'ign_c': 0.8916132699546893, 'trop_agb_crit': 6.119263728555865, 'trop_k_veg': 2.520089655463604}.
[I 2026-08-06 11:06:35,868] Trial 1014 finished with values: [10.249311308327101, 10.249311308327101] and parameters: {'k1': 0.00488137519160367, 'D_low': 38.82837025280678, 'k2': 0.0154776166709383, 'D_high': 1236.6924205139144, 'fire_exp': 1.2611826901294014, 'P_half': 523.1053126909052, 'pre_dampen_half': 63.6685916079943, 'gpp_af': 0.6403036652671171, 'gpp_b': 0.22727308251068193, 'gpp_d': 2.944272359149677, 'ign_k': 0.010939944910100021, 'ign_c': 1.9580595319750387, 'trop_agb_crit': 6.119263728555865, 'trop_k_veg': 2.520089655463604}.
[I 2026-08-06 11:06:37,803] Trial 1015 finished with values: [10.418315044427823, 10.418315044427823] and parameters: {'k1': 0.005272264723319183, 'D_low': 520.4862686958022, 'k2': 1.1065812688893481e-05, 'D_high': 8182.111518618414, 'fire_exp': 1.221575427404682, 'P_half': 712.8188058401365, 'pre_dampen_half': 38.00678588560607, 'gpp_af': 1.6059727222314273, 'gpp_b': 0.22727308251068193, 'gpp_d': 19.600139992927435, 'ign_k': 0.6161423618045312, 'ign_c': 4.2425976091860935, 'trop_agb_crit': 19.3289574092866, 'trop_k_veg': 4.375785248100498}.
[I 2026-08-06 11:06:39,704] Trial 1016 finished with values: [10.763682457976154, 10.763682457976154] and parameters: {'k1': 0.00488137519160367, 'D_low': 97.43142535650219, 'k2': 0.019894080167856886, 'D_high': 1236.6924205139144, 'fire_exp': 5.463970670311958, 'P_half': 523.1053126909052, 'pre_dampen_half': 63.6685916079943, 'gpp_af': 5.335773317316405, 'gpp_b': 0.01666658176842624, 'gpp_d': 350.88322284755304, 'ign_k': 0.025882464916964908, 'ign_c': 1.9580595319750387, 'trop_agb_crit': 6.119263728555865, 'trop_k_veg': 2.4336356947036335}.
[I 2026-08-06 11:06:41,627] Trial 1017 finished with values: [-0.6100329482231117, 0.07341307963745991] and parameters: {'k1': 0.01889771394135163, 'D_low': 7.299348683062307, 'k2': 0.004149969043497543, 'D_high': 8182.111518618414, 'fire_exp': 1.221575427404682, 'P_half': 712.8188058401365, 'pre_dampen_half': 63.6685916079943, 'gpp_af': 5.335773317316405, 'gpp_b': 0.22727308251068193, 'gpp_d': 82.84476373292449, 'ign_k': 0.01535119983401854, 'ign_c': 5.13055176058983, 'trop_agb_crit': 6.119263728555865, 'trop_k_veg': 4.375785248100498}.
[I 2026-08-06 11:06:43,556] Trial 1018 finished with values: [10.327762948340217, 10.327762948340217] and parameters: {'k1': 0.01889771394135163, 'D_low': 7.299348683062307, 'k2': 0.0002505029928936293, 'D_high': 1236.6924205139144, 'fire_exp': 1.7329145403564932, 'P_half': 712.8188058401365, 'pre_dampen_half': 63.6685916079943, 'gpp_af': 1.6059727222314273, 'gpp_b': 2.176805640408474e-05, 'gpp_d': 84.31013932082456, 'ign_k': 0.12329098365270515, 'ign_c': 1.9580595319750387, 'trop_agb_crit': 6.119263728555865, 'trop_k_veg': 2.4336356947036335}.
[I 2026-08-06 11:06:45,527] Trial 1019 finished with values: [-0.6017302257573093, 0.07636239040763648] and parameters: {'k1': 0.008912611835817005, 'D_low': 355.00125258511594, 'k2': 0.0002228500345352386, 'D_high': 78.57247967427125, 'fire_exp': 1.3170256885255098, 'P_half': 140.74279366401683, 'pre_dampen_half': 331.7366635899375, 'gpp_af': 5.335773317316405, 'gpp_b': 0.01666658176842624, 'gpp_d': 82.84476373292449, 'ign_k': 0.21006485619596416, 'ign_c': 5.13055176058983, 'trop_agb_crit': 7.628718523810018, 'trop_k_veg': 4.282977578566486}.
[I 2026-08-06 11:06:47,507] Trial 1020 finished with values: [12.636993003721177, 12.636993003721177] and parameters: {'k1': 0.00488137519160367, 'D_low': 7.299348683062307, 'k2': 0.019894080167856886, 'D_high': 1236.6924205139144, 'fire_exp': 1.221575427404682, 'P_half': 442.0612468360114, 'pre_dampen_half': 719.4083432823455, 'gpp_af': 0.6403036652671171, 'gpp_b': 0.01666658176842624, 'gpp_d': 350.88322284755304, 'ign_k': 2.5253810447657927, 'ign_c': 0.8916132699546893, 'trop_agb_crit': 7.861566638880103, 'trop_k_veg': 2.520089655463604}.
[I 2026-08-06 11:06:49,470] Trial 1021 finished with values: [13.150717510484661, 13.150717510484661] and parameters: {'k1': 0.00488137519160367, 'D_low': 38.82837025280678, 'k2': 0.019894080167856886, 'D_high': 8182.111518618414, 'fire_exp': 1.221575427404682, 'P_half': 5.505316245273476, 'pre_dampen_half': 63.6685916079943, 'gpp_af': 0.6403036652671171, 'gpp_b': 0.0012213924959062798, 'gpp_d': 19.600139992927435, 'ign_k': 2.5253810447657927, 'ign_c': 4.2425976091860935, 'trop_agb_crit': 8.997007571451054, 'trop_k_veg': 2.4336356947036335}.
[I 2026-08-06 11:06:51,438] Trial 1022 finished with values: [10.416010381362431, 10.416010381362431] and parameters: {'k1': 0.008912611835817005, 'D_low': 170.2682488483631, 'k2': 1.1065812688893481e-05, 'D_high': 3346.220103048382, 'fire_exp': 1.3170256885255098, 'P_half': 102.4585893986732, 'pre_dampen_half': 8.144272585223819, 'gpp_af': 0.0049748543504537545, 'gpp_b': 0.0005739662837359252, 'gpp_d': 0.07422439676110873, 'ign_k': 0.12329098365270515, 'ign_c': 5.13055176058983, 'trop_agb_crit': 10.691477813613638, 'trop_k_veg': 0.6568257529739655}.
[I 2026-08-06 11:06:53,331] Trial 1023 finished with values: [10.387227817947055, 10.387227817947055] and parameters: {'k1': 0.002155595057104387, 'D_low': 436.4516946807792, 'k2': 0.0154776166709383, 'D_high': 1236.6924205139144, 'fire_exp': 1.2611826901294014, 'P_half': 523.1053126909052, 'pre_dampen_half': 63.6685916079943, 'gpp_af': 0.6403036652671171, 'gpp_b': 0.22727308251068193, 'gpp_d': 757.2868182332339, 'ign_k': 0.010939944910100021, 'ign_c': 1.9580595319750387, 'trop_agb_crit': 6.119263728555865, 'trop_k_veg': 0.6673124511410327}.
[I 2026-08-06 11:06:55,166] Trial 1024 finished with values: [12.237072662413157, 12.237072662413157] and parameters: {'k1': 0.00488137519160367, 'D_low': 1.3577269394141454, 'k2': 0.02805807870333381, 'D_high': 8182.111518618414, 'fire_exp': 1.3170256885255098, 'P_half': 523.1053126909052, 'pre_dampen_half': 719.4083432823455, 'gpp_af': 5.335773317316405, 'gpp_b': 0.22727308251068193, 'gpp_d': 84.31013932082456, 'ign_k': 0.6161423618045312, 'ign_c': 1.9580595319750387, 'trop_agb_crit': 6.119263728555865, 'trop_k_veg': 1.8991799462763763}.
[I 2026-08-06 11:06:57,744] Trial 1025 finished with values: [-0.6084203119681864, 0.03878763500668936] and parameters: {'k1': 0.004377346027756646, 'D_low': 1.3577269394141454, 'k2': 0.019894080167856886, 'D_high': 1236.6924205139144, 'fire_exp': 1.3170256885255098, 'P_half': 712.8188058401365, 'pre_dampen_half': 63.6685916079943, 'gpp_af': 1.6059727222314273, 'gpp_b': 0.22727308251068193, 'gpp_d': 66.3534198237528, 'ign_k': 0.12329098365270515, 'ign_c': 1.9580595319750387, 'trop_agb_crit': 6.119263728555865, 'trop_k_veg': 5.580504276549027}.
[I 2026-08-06 11:06:59,820] Trial 1026 finished with values: [10.508428077153892, 10.508428077153892] and parameters: {'k1': 0.00488137519160367, 'D_low': 7.299348683062307, 'k2': 0.019894080167856886, 'D_high': 1236.6924205139144, 'fire_exp': 1.7329145403564932, 'P_half': 712.8188058401365, 'pre_dampen_half': 719.4083432823455, 'gpp_af': 75.74758210832029, 'gpp_b': 0.01666658176842624, 'gpp_d': 82.84476373292449, 'ign_k': 0.011486447007152062, 'ign_c': 5.13055176058983, 'trop_agb_crit': 6.119263728555865, 'trop_k_veg': 2.4336356947036335}.
[I 2026-08-06 11:07:01,790] Trial 1027 finished with values: [11.571014876162277, 11.571014876162277] and parameters: {'k1': 0.01889771394135163, 'D_low': 1.212773905999145, 'k2': 0.019894080167856886, 'D_high': 61536.58035691648, 'fire_exp': 1.2611826901294014, 'P_half': 523.1053126909052, 'pre_dampen_half': 63.6685916079943, 'gpp_af': 1.6059727222314273, 'gpp_b': 3.111931329093809e-05, 'gpp_d': 84.31013932082456, 'ign_k': 0.6161423618045312, 'ign_c': 6.905604395130303, 'trop_agb_crit': 7.861566638880103, 'trop_k_veg': 4.167664671344212}.
[I 2026-08-06 11:07:03,794] Trial 1028 finished with values: [10.746861262021065, 10.746861262021065] and parameters: {'k1': 0.004708159793250189, 'D_low': 38.82837025280678, 'k2': 8.923807143379776e-05, 'D_high': 3005.809024615141, 'fire_exp': 1.221575427404682, 'P_half': 712.8188058401365, 'pre_dampen_half': 481.9793830934018, 'gpp_af': 1.9706963379095486, 'gpp_b': 2.176805640408474e-05, 'gpp_d': 82.84476373292449, 'ign_k': 7.437725385707939, 'ign_c': 1.9580595319750387, 'trop_agb_crit': 8.997007571451054, 'trop_k_veg': 2.520089655463604}.
[I 2026-08-06 11:07:05,713] Trial 1029 finished with values: [10.217293963319817, 10.217293963319817] and parameters: {'k1': 0.008912611835817005, 'D_low': 12.105387404469584, 'k2': 1.1065812688893481e-05, 'D_high': 61536.58035691648, 'fire_exp': 1.7329145403564932, 'P_half': 712.8188058401365, 'pre_dampen_half': 38.00678588560607, 'gpp_af': 1.6059727222314273, 'gpp_b': 2.176805640408474e-05, 'gpp_d': 84.31013932082456, 'ign_k': 0.6161423618045312, 'ign_c': 1.9580595319750387, 'trop_agb_crit': 6.119263728555865, 'trop_k_veg': 2.4336356947036335}.
[I 2026-08-06 11:07:07,613] Trial 1030 finished with values: [-0.6122364170208348, 0.04637077869786843] and parameters: {'k1': 0.00488137519160367, 'D_low': 520.4862686958022, 'k2': 0.004149969043497543, 'D_high': 1236.6924205139144, 'fire_exp': 1.221575427404682, 'P_half': 523.1053126909052, 'pre_dampen_half': 719.4083432823455, 'gpp_af': 75.74758210832029, 'gpp_b': 0.01666658176842624, 'gpp_d': 350.88322284755304, 'ign_k': 2.5253810447657927, 'ign_c': 1.9580595319750387, 'trop_agb_crit': 6.119263728555865, 'trop_k_veg': 2.4336356947036335}.
[I 2026-08-06 11:07:09,478] Trial 1031 finished with values: [-0.6058233494440148, 0.06905053633530811] and parameters: {'k1': 0.008912611835817005, 'D_low': 7.299348683062307, 'k2': 0.00015197743481843557, 'D_high': 8182.111518618414, 'fire_exp': 1.3170256885255098, 'P_half': 712.8188058401365, 'pre_dampen_half': 38.00678588560607, 'gpp_af': 1.6059727222314273, 'gpp_b': 0.13713885091300912, 'gpp_d': 84.31013932082456, 'ign_k': 0.6161423618045312, 'ign_c': 1.9580595319750387, 'trop_agb_crit': 8.997007571451054, 'trop_k_veg': 2.4336356947036335}.
[I 2026-08-06 11:07:11,474] Trial 1032 finished with values: [12.590379873944844, 12.590379873944844] and parameters: {'k1': 0.00488137519160367, 'D_low': 191.61918406231337, 'k2': 0.031536006085184705, 'D_high': 11936.92846763647, 'fire_exp': 1.7329145403564932, 'P_half': 4.213183643253957, 'pre_dampen_half': 719.4083432823455, 'gpp_af': 0.6403036652671171, 'gpp_b': 0.08128322984179755, 'gpp_d': 350.88322284755304, 'ign_k': 3.589155871450839, 'ign_c': 1.2431017136067033, 'trop_agb_crit': 8.997007571451054, 'trop_k_veg': 5.492385920002873}.
[I 2026-08-06 11:07:13,394] Trial 1033 finished with values: [10.62121628132541, 10.62121628132541] and parameters: {'k1': 0.008912611835817005, 'D_low': 38.82837025280678, 'k2': 0.0002228500345352386, 'D_high': 78.57247967427125, 'fire_exp': 1.221575427404682, 'P_half': 315.2494048956088, 'pre_dampen_half': 331.7366635899375, 'gpp_af': 1.9706963379095486, 'gpp_b': 2.176805640408474e-05, 'gpp_d': 19.600139992927435, 'ign_k': 0.21006485619596416, 'ign_c': 1.9580595319750387, 'trop_agb_crit': 8.997007571451054, 'trop_k_veg': 2.5878603012249104}.
[I 2026-08-06 11:07:15,292] Trial 1034 finished with values: [10.049871929032173, 10.049871929032173] and parameters: {'k1': 0.00488137519160367, 'D_low': 520.4862686958022, 'k2': 0.0154776166709383, 'D_high': 8182.111518618414, 'fire_exp': 1.221575427404682, 'P_half': 33.70998494872883, 'pre_dampen_half': 63.6685916079943, 'gpp_af': 1.9706963379095486, 'gpp_b': 0.3682510091559943, 'gpp_d': 19.600139992927435, 'ign_k': 0.010939944910100021, 'ign_c': 1.9580595319750387, 'trop_agb_crit': 2.012913102604422, 'trop_k_veg': 2.4336356947036335}.
[I 2026-08-06 11:07:17,211] Trial 1035 finished with values: [10.224802608277292, 10.224802608277292] and parameters: {'k1': 0.008912611835817005, 'D_low': 355.00125258511594, 'k2': 0.0002228500345352386, 'D_high': 61536.58035691648, 'fire_exp': 1.3170256885255098, 'P_half': 140.74279366401683, 'pre_dampen_half': 38.00678588560607, 'gpp_af': 5.335773317316405, 'gpp_b': 0.13713885091300912, 'gpp_d': 84.31013932082456, 'ign_k': 0.21006485619596416, 'ign_c': 5.13055176058983, 'trop_agb_crit': 7.628718523810018, 'trop_k_veg': 2.4336356947036335}.
[I 2026-08-06 11:07:19,675] Trial 1036 finished with values: [11.536402472421145, 11.536402472421145] and parameters: {'k1': 0.00488137519160367, 'D_low': 355.00125258511594, 'k2': 0.0154776166709383, 'D_high': 8182.111518618414, 'fire_exp': 1.3170256885255098, 'P_half': 140.74279366401683, 'pre_dampen_half': 331.7366635899375, 'gpp_af': 0.6403036652671171, 'gpp_b': 0.01666658176842624, 'gpp_d': 82.84476373292449, 'ign_k': 0.21006485619596416, 'ign_c': 1.9580595319750387, 'trop_agb_crit': 6.119263728555865, 'trop_k_veg': 4.282977578566486}.
[I 2026-08-06 11:07:21,542] Trial 1037 finished with values: [-0.5806573145829519, 0.07884264274613584] and parameters: {'k1': 0.01889771394135163, 'D_low': 7.299348683062307, 'k2': 0.004149969043497543, 'D_high': 1236.6924205139144, 'fire_exp': 1.7329145403564932, 'P_half': 523.1053126909052, 'pre_dampen_half': 124.72235343584714, 'gpp_af': 0.6403036652671171, 'gpp_b': 0.22727308251068193, 'gpp_d': 19.600139992927435, 'ign_k': 0.21006485619596416, 'ign_c': 1.9580595319750387, 'trop_agb_crit': 6.119263728555865, 'trop_k_veg': 0.7000576665556255}.
[I 2026-08-06 11:07:23,665] Trial 1038 finished with values: [-0.602450575651047, 0.06679723006865612] and parameters: {'k1': 0.01889771394135163, 'D_low': 7.299348683062307, 'k2': 0.019894080167856886, 'D_high': 1236.6924205139144, 'fire_exp': 1.7329145403564932, 'P_half': 712.8188058401365, 'pre_dampen_half': 63.6685916079943, 'gpp_af': 1.6059727222314273, 'gpp_b': 0.04898665760408784, 'gpp_d': 84.31013932082456, 'ign_k': 0.12329098365270515, 'ign_c': 2.4936660834465174, 'trop_agb_crit': 13.938884581439597, 'trop_k_veg': 0.6673124511410327}.
[I 2026-08-06 11:07:25,691] Trial 1039 finished with values: [10.164281826665444, 10.164281826665444] and parameters: {'k1': 0.00488137519160367, 'D_low': 376.3717463557541, 'k2': 0.0013219302264066773, 'D_high': 1384.332853353327, 'fire_exp': 1.221575427404682, 'P_half': 712.8188058401365, 'pre_dampen_half': 38.00678588560607, 'gpp_af': 0.6403036652671171, 'gpp_b': 2.176805640408474e-05, 'gpp_d': 350.88322284755304, 'ign_k': 0.12329098365270515, 'ign_c': 1.1994950112756755, 'trop_agb_crit': 8.997007571451054, 'trop_k_veg': 7.936472946233041}.
[I 2026-08-06 11:07:27,689] Trial 1040 finished with values: [10.293087415884083, 10.293087415884083] and parameters: {'k1': 0.01889771394135163, 'D_low': 520.4862686958022, 'k2': 0.019894080167856886, 'D_high': 1236.6924205139144, 'fire_exp': 1.221575427404682, 'P_half': 712.8188058401365, 'pre_dampen_half': 63.6685916079943, 'gpp_af': 5.335773317316405, 'gpp_b': 2.176805640408474e-05, 'gpp_d': 84.31013932082456, 'ign_k': 2.5253810447657927, 'ign_c': 1.9580595319750387, 'trop_agb_crit': 6.119263728555865, 'trop_k_veg': 2.520089655463604}.
[I 2026-08-06 11:07:29,722] Trial 1041 finished with values: [10.144981745239084, 10.144981745239084] and parameters: {'k1': 0.002155595057104387, 'D_low': 12.105387404469584, 'k2': 0.019894080167856886, 'D_high': 8182.111518618414, 'fire_exp': 1.3170256885255098, 'P_half': 712.8188058401365, 'pre_dampen_half': 63.6685916079943, 'gpp_af': 1.9706963379095486, 'gpp_b': 0.22727308251068193, 'gpp_d': 757.2868182332339, 'ign_k': 0.12329098365270515, 'ign_c': 2.4936660834465174, 'trop_agb_crit': 8.997007571451054, 'trop_k_veg': 4.375785248100498}.
