[I 2026-08-06 08:50:50,388] Trial 312 finished with values: [10.342121550352408, 10.342121550352408] and parameters: {'k1': 0.01889771394135163, 'D_low': 1.9977959434035766, 'k2': 0.0012040762895973265, 'D_high': 61536.58035691648, 'fire_exp': 1.0601964743503993, 'P_half': 4.213183643253957, 'pre_dampen_half': 3.3841016089580034, 'gpp_af': 68.11991466118579, 'gpp_b': 0.1500112079985056, 'gpp_d': 229.41380323183625, 'ign_k': 5.351470428717437, 'ign_c': 18.219343937475102, 'trop_agb_crit': 1.6878075072665546, 'trop_k_veg': 2.520089655463604}.
[I 2026-08-06 08:50:51,644] Trial 313 finished with values: [10.765519718589912, 10.765519718589912] and parameters: {'k1': 0.008471801418819975, 'D_low': 12.105387404469584, 'k2': 1.1065812688893481e-05, 'D_high': 42.070539502879384, 'fire_exp': 6.543846824249409, 'P_half': 4.213183643253957, 'pre_dampen_half': 10.129197956845726, 'gpp_af': 3.4702669886504163, 'gpp_b': 1.3289448722869181e-05, 'gpp_d': 10.369565216756202, 'ign_k': 2.1368329072358767, 'ign_c': 0.7902459656172902, 'trop_agb_crit': 7.500118950416987, 'trop_k_veg': 0.83140195149031}.
[I 2026-08-06 08:50:53,573] Trial 314 finished with values: [10.755112101684476, 10.755112101684476] and parameters: {'k1': 5.2759586181451185e-05, 'D_low': 1112.9571947046009, 'k2': 0.003101429427212743, 'D_high': 78.57247967427125, 'fire_exp': 1.1263716762638152, 'P_half': 140.74279366401683, 'pre_dampen_half': 0.9166964238460105, 'gpp_af': 5.335773317316405, 'gpp_b': 0.01666658176842624, 'gpp_d': 4.25060659305504, 'ign_k': 0.18697387216131534, 'ign_c': 0.9580682294110432, 'trop_agb_crit': 1.14876138417489, 'trop_k_veg': 2.5878603012249104}.
[I 2026-08-06 08:50:55,931] Trial 315 finished with values: [10.238333555412746, 10.238333555412746] and parameters: {'k1': 3.23559867820537e-05, 'D_low': 2.143851363193517, 'k2': 8.923807143379776e-05, 'D_high': 8182.111518618414, 'fire_exp': 1.0629462657398439, 'P_half': 175.2878790340412, 'pre_dampen_half': 502.5175192217655, 'gpp_af': 0.7539992074650279, 'gpp_b': 1.3289448722869181e-05, 'gpp_d': 5.1715677287580455, 'ign_k': 0.0680787482656459, 'ign_c': 0.70689749506246, 'trop_agb_crit': 10.965064494899984, 'trop_k_veg': 1.4584243470991722}.
[I 2026-08-06 08:50:58,868] Trial 316 finished with values: [10.705645952590949, 10.705645952590949] and parameters: {'k1': 0.008471801418819975, 'D_low': 2.143851363193517, 'k2': 1.1065812688893481e-05, 'D_high': 42.070539502879384, 'fire_exp': 1.1430983876313219, 'P_half': 221.2683656611821, 'pre_dampen_half': 10.129197956845726, 'gpp_af': 0.7951170003631387, 'gpp_b': 0.0054502936945582505, 'gpp_d': 10.369565216756202, 'ign_k': 0.0023224552232891564, 'ign_c': 323.47703263192955, 'trop_agb_crit': 10.965064494899984, 'trop_k_veg': 0.6673124511410327}.
[I 2026-08-06 08:51:01,315] Trial 317 finished with values: [10.261270390409887, 10.261270390409887] and parameters: {'k1': 0.011966626407443505, 'D_low': 40.12413353131991, 'k2': 0.0007047307383115598, 'D_high': 3712.591045287726, 'fire_exp': 1.221575427404682, 'P_half': 220.3445560633069, 'pre_dampen_half': 63.6685916079943, 'gpp_af': 0.7539992074650279, 'gpp_b': 1.284284091405877e-05, 'gpp_d': 2.944272359149677, 'ign_k': 0.12329098365270515, 'ign_c': 8.40543912931368, 'trop_agb_crit': 24.584290528289387, 'trop_k_veg': 0.6743482387129308}.
[I 2026-08-06 08:51:03,769] Trial 318 finished with values: [10.599362118692955, 10.599362118692955] and parameters: {'k1': 0.012840669372724958, 'D_low': 70.18267183720735, 'k2': 0.012758211164590085, 'D_high': 42210.21267871043, 'fire_exp': 1.165368636520435, 'P_half': 12.808863354047988, 'pre_dampen_half': 0.21281400894533783, 'gpp_af': 0.2204465010099918, 'gpp_b': 2.176805640408474e-05, 'gpp_d': 660.9129108295722, 'ign_k': 0.0029519227433917453, 'ign_c': 20.03995359361212, 'trop_agb_crit': 1.553492793799819, 'trop_k_veg': 2.520089655463604}.
[I 2026-08-06 08:51:06,084] Trial 319 finished with values: [10.646362457586141, 10.646362457586141] and parameters: {'k1': 0.016780508579130986, 'D_low': 40.12413353131991, 'k2': 0.0007047307383115598, 'D_high': 61536.58035691648, 'fire_exp': 1.221575427404682, 'P_half': 140.74279366401683, 'pre_dampen_half': 0.1875872314533727, 'gpp_af': 5.335773317316405, 'gpp_b': 0.0004408910919257112, 'gpp_d': 0.043441170039664925, 'ign_k': 3.589155871450839, 'ign_c': 3.470490935437501, 'trop_agb_crit': 10.691477813613638, 'trop_k_veg': 5.982827017670783}.
[I 2026-08-06 08:51:08,366] Trial 320 finished with values: [10.307453276153261, 10.307453276153261] and parameters: {'k1': 0.004312951023617458, 'D_low': 2.143851363193517, 'k2': 1.915468390724633e-05, 'D_high': 8182.111518618414, 'fire_exp': 1.0629462657398439, 'P_half': 220.3445560633069, 'pre_dampen_half': 502.5175192217655, 'gpp_af': 0.7539992074650279, 'gpp_b': 1.284284091405877e-05, 'gpp_d': 229.41380323183625, 'ign_k': 0.010167079878196114, 'ign_c': 18.219343937475102, 'trop_agb_crit': 10.691477813613638, 'trop_k_veg': 1.4584243470991722}.
[I 2026-08-06 08:51:10,429] Trial 321 finished with values: [10.640070115079837, 10.640070115079837] and parameters: {'k1': 0.06646698709242517, 'D_low': 2.143851363193517, 'k2': 1.1065812688893481e-05, 'D_high': 8182.111518618414, 'fire_exp': 1.0629462657398439, 'P_half': 2808.7330790064375, 'pre_dampen_half': 502.5175192217655, 'gpp_af': 0.7539992074650279, 'gpp_b': 0.0005392415140872105, 'gpp_d': 1.6983565276584263, 'ign_k': 0.0680787482656459, 'ign_c': 15.221840161091626, 'trop_agb_crit': 7.500118950416987, 'trop_k_veg': 1.4584243470991722}.
[I 2026-08-06 08:51:12,451] Trial 322 finished with values: [10.002796212879547, 10.002796212879547] and parameters: {'k1': 0.004312951023617458, 'D_low': 40.12413353131991, 'k2': 0.0007047307383115598, 'D_high': 61536.58035691648, 'fire_exp': 1.0629462657398439, 'P_half': 221.2683656611821, 'pre_dampen_half': 502.5175192217655, 'gpp_af': 0.6403036652671171, 'gpp_b': 3.481277316673104e-05, 'gpp_d': 229.41380323183625, 'ign_k': 0.0018256829646330853, 'ign_c': 0.9580682294110432, 'trop_agb_crit': 2.9222815721218716, 'trop_k_veg': 1.4584243470991722}.
[I 2026-08-06 08:51:14,935] Trial 323 finished with values: [10.283887937234297, 10.283887937234297] and parameters: {'k1': 0.016780508579130986, 'D_low': 1730.0724838654367, 'k2': 0.03538758864779238, 'D_high': 61536.58035691648, 'fire_exp': 1.165368636520435, 'P_half': 12.808863354047988, 'pre_dampen_half': 107.40052367919465, 'gpp_af': 2.555721998081808, 'gpp_b': 0.0005752434266899163, 'gpp_d': 2.944272359149677, 'ign_k': 5.351470428717437, 'ign_c': 18.219343937475102, 'trop_agb_crit': 9.286923253577127, 'trop_k_veg': 5.982827017670783}.
[I 2026-08-06 08:51:17,122] Trial 324 finished with values: [10.500159823145815, 10.500159823145815] and parameters: {'k1': 0.002367935204022389, 'D_low': 159.7458124425669, 'k2': 1.7926680648388784e-05, 'D_high': 22.281634177046417, 'fire_exp': 1.1430983876313219, 'P_half': 4.213183643253957, 'pre_dampen_half': 48.74291611803564, 'gpp_af': 0.1476584299248268, 'gpp_b': 2.6738182964551835e-05, 'gpp_d': 1.493264336549928, 'ign_k': 0.004144296901136395, 'ign_c': 4.439802552990464, 'trop_agb_crit': 3.5747129226002423, 'trop_k_veg': 6.5801322358877785}.
[I 2026-08-06 08:51:19,173] Trial 325 finished with values: [10.672808808557509, 10.672808808557509] and parameters: {'k1': 0.004312951023617458, 'D_low': 70.18267183720735, 'k2': 1.1065812688893481e-05, 'D_high': 8182.111518618414, 'fire_exp': 2.561257322703973, 'P_half': 4.213183643253957, 'pre_dampen_half': 502.5175192217655, 'gpp_af': 0.07302012718529301, 'gpp_b': 0.0054502936945582505, 'gpp_d': 84.31013932082456, 'ign_k': 8.708806168038567, 'ign_c': 18.219343937475102, 'trop_agb_crit': 1.8157022975489, 'trop_k_veg': 6.9782110227926815}.
[I 2026-08-06 08:51:21,144] Trial 326 finished with values: [10.62037129417575, 10.62037129417575] and parameters: {'k1': 0.0002621130418912425, 'D_low': 3.525936800597896, 'k2': 0.0001889739291279833, 'D_high': 25628.666000163565, 'fire_exp': 1.0362310858538248, 'P_half': 4.213183643253957, 'pre_dampen_half': 0.2730203117796979, 'gpp_af': 0.10409127568994281, 'gpp_b': 1.284284091405877e-05, 'gpp_d': 84.31013932082456, 'ign_k': 0.010939944910100021, 'ign_c': 3.470490935437501, 'trop_agb_crit': 7.500118950416987, 'trop_k_veg': 2.520089655463604}.
[I 2026-08-06 08:51:23,141] Trial 327 finished with values: [10.17053221213589, 10.17053221213589] and parameters: {'k1': 0.007828534228218626, 'D_low': 12.105387404469584, 'k2': 0.03538758864779238, 'D_high': 5670.3463356272905, 'fire_exp': 1.695318866910499, 'P_half': 5.076307782729897, 'pre_dampen_half': 39.827466658711515, 'gpp_af': 0.6403036652671171, 'gpp_b': 1.5385046399532158e-05, 'gpp_d': 5.1715677287580455, 'ign_k': 2.1368329072358767, 'ign_c': 11.400863701127316, 'trop_agb_crit': 1.0903028125370984, 'trop_k_veg': 1.0345878666211452}.
[I 2026-08-06 08:51:25,086] Trial 328 finished with values: [10.159139500055366, 10.159139500055366] and parameters: {'k1': 0.002367935204022389, 'D_low': 40.12413353131991, 'k2': 0.0007047307383115598, 'D_high': 3712.591045287726, 'fire_exp': 1.423480109671474, 'P_half': 220.3445560633069, 'pre_dampen_half': 502.5175192217655, 'gpp_af': 1.1409619915696267, 'gpp_b': 1.284284091405877e-05, 'gpp_d': 229.41380323183625, 'ign_k': 5.351470428717437, 'ign_c': 18.219343937475102, 'trop_agb_crit': 1.8157022975489, 'trop_k_veg': 6.45312300188076}.
[I 2026-08-06 08:51:26,991] Trial 329 finished with values: [10.687623751177105, 10.687623751177105] and parameters: {'k1': 0.002155595057104387, 'D_low': 4.484744524732794, 'k2': 8.923807143379776e-05, 'D_high': 8182.111518618414, 'fire_exp': 1.0629462657398439, 'P_half': 221.2683656611821, 'pre_dampen_half': 3.0156343071857648, 'gpp_af': 0.10409127568994281, 'gpp_b': 0.0021331409710300844, 'gpp_d': 229.41380323183625, 'ign_k': 0.002109525908590576, 'ign_c': 18.219343937475102, 'trop_agb_crit': 10.691477813613638, 'trop_k_veg': 1.4584243470991722}.
[I 2026-08-06 08:51:28,911] Trial 330 finished with values: [10.325149696306124, 10.325149696306124] and parameters: {'k1': 0.008471801418819975, 'D_low': 40.12413353131991, 'k2': 1.1065812688893481e-05, 'D_high': 61536.58035691648, 'fire_exp': 1.423480109671474, 'P_half': 4.213183643253957, 'pre_dampen_half': 63.6685916079943, 'gpp_af': 0.7539992074650279, 'gpp_b': 1.284284091405877e-05, 'gpp_d': 1.493264336549928, 'ign_k': 0.12329098365270515, 'ign_c': 18.219343937475102, 'trop_agb_crit': 24.584290528289387, 'trop_k_veg': 6.45312300188076}.
[I 2026-08-06 08:51:30,789] Trial 331 finished with values: [10.725517751697586, 10.725517751697586] and parameters: {'k1': 0.002155595057104387, 'D_low': 1313.2212275639863, 'k2': 0.0007047307383115598, 'D_high': 75.98586431588787, 'fire_exp': 1.221575427404682, 'P_half': 25.14786015817362, 'pre_dampen_half': 552.4163637315892, 'gpp_af': 0.7539992074650279, 'gpp_b': 1.284284091405877e-05, 'gpp_d': 5.1715677287580455, 'ign_k': 0.010167079878196114, 'ign_c': 2.8335389417624683, 'trop_agb_crit': 24.584290528289387, 'trop_k_veg': 0.586974895308737}.
[I 2026-08-06 08:51:32,689] Trial 332 finished with values: [10.63978596086074, 10.63978596086074] and parameters: {'k1': 0.002155595057104387, 'D_low': 1.9977959434035766, 'k2': 8.923807143379776e-05, 'D_high': 61536.58035691648, 'fire_exp': 1.0629462657398439, 'P_half': 220.3445560633069, 'pre_dampen_half': 502.5175192217655, 'gpp_af': 0.7539992074650279, 'gpp_b': 0.0021331409710300844, 'gpp_d': 150.14555442537656, 'ign_k': 0.0680787482656459, 'ign_c': 54.079797238871784, 'trop_agb_crit': 1.14876138417489, 'trop_k_veg': 1.4584243470991722}.
[I 2026-08-06 08:51:34,608] Trial 333 finished with values: [10.049505371280334, 10.049505371280334] and parameters: {'k1': 0.002367935204022389, 'D_low': 64.39790863101601, 'k2': 0.03538758864779238, 'D_high': 61536.58035691648, 'fire_exp': 1.0629462657398439, 'P_half': 220.3445560633069, 'pre_dampen_half': 502.5175192217655, 'gpp_af': 1.1409619915696267, 'gpp_b': 1.284284091405877e-05, 'gpp_d': 229.41380323183625, 'ign_k': 0.0020161527752598613, 'ign_c': 4.439802552990464, 'trop_agb_crit': 1.8157022975489, 'trop_k_veg': 6.5801322358877785}.
[I 2026-08-06 08:51:36,508] Trial 334 finished with values: [10.405914635513188, 10.405914635513188] and parameters: {'k1': 0.011966626407443505, 'D_low': 12.105387404469584, 'k2': 0.0007047307383115598, 'D_high': 3712.591045287726, 'fire_exp': 1.221575427404682, 'P_half': 4.213183643253957, 'pre_dampen_half': 10.129197956845726, 'gpp_af': 3.4702669886504163, 'gpp_b': 1.3289448722869181e-05, 'gpp_d': 2.944272359149677, 'ign_k': 2.539964555451684, 'ign_c': 8.40543912931368, 'trop_agb_crit': 24.584290528289387, 'trop_k_veg': 0.6673124511410327}.
[I 2026-08-06 08:51:38,614] Trial 335 finished with values: [10.241810889047905, 10.241810889047905] and parameters: {'k1': 0.00488137519160367, 'D_low': 355.00125258511594, 'k2': 0.0009562822793888481, 'D_high': 8182.111518618414, 'fire_exp': 1.695318866910499, 'P_half': 4.213183643253957, 'pre_dampen_half': 39.827466658711515, 'gpp_af': 0.6403036652671171, 'gpp_b': 1.5385046399532158e-05, 'gpp_d': 5.1715677287580455, 'ign_k': 5.351470428717437, 'ign_c': 0.24989960578908887, 'trop_agb_crit': 1.6878075072665546, 'trop_k_veg': 2.520089655463604}.
[I 2026-08-06 08:51:40,560] Trial 336 finished with values: [10.299864153058216, 10.299864153058216] and parameters: {'k1': 0.004312951023617458, 'D_low': 1.9977959434035766, 'k2': 8.923807143379776e-05, 'D_high': 61536.58035691648, 'fire_exp': 1.0362310858538248, 'P_half': 221.2683656611821, 'pre_dampen_half': 3.3841016089580034, 'gpp_af': 68.11991466118579, 'gpp_b': 0.0021331409710300844, 'gpp_d': 229.41380323183625, 'ign_k': 5.351470428717437, 'ign_c': 0.557280750002996, 'trop_agb_crit': 10.691477813613638, 'trop_k_veg': 1.4584243470991722}.
[I 2026-08-06 08:51:42,454] Trial 337 finished with values: [10.307559824255053, 10.307559824255053] and parameters: {'k1': 0.002367935204022389, 'D_low': 83.62695993649682, 'k2': 0.0007047307383115598, 'D_high': 3712.591045287726, 'fire_exp': 1.221575427404682, 'P_half': 220.3445560633069, 'pre_dampen_half': 63.6685916079943, 'gpp_af': 0.7539992074650279, 'gpp_b': 1.284284091405877e-05, 'gpp_d': 16.460426816350523, 'ign_k': 0.12329098365270515, 'ign_c': 4.439802552990464, 'trop_agb_crit': 7.499945891579917, 'trop_k_veg': 0.6743482387129308}.
[I 2026-08-06 08:51:44,343] Trial 338 finished with values: [10.149100060424617, 10.149100060424617] and parameters: {'k1': 0.002155595057104387, 'D_low': 40.12413353131991, 'k2': 0.019894080167856886, 'D_high': 61536.58035691648, 'fire_exp': 1.1430983876313219, 'P_half': 523.1053126909052, 'pre_dampen_half': 552.4163637315892, 'gpp_af': 0.10409127568994281, 'gpp_b': 0.0012213924959062798, 'gpp_d': 2.944272359149677, 'ign_k': 0.12329098365270515, 'ign_c': 8.40543912931368, 'trop_agb_crit': 10.965064494899984, 'trop_k_veg': 0.6743482387129308}.
[I 2026-08-06 08:51:46,472] Trial 339 finished with values: [10.48691441493647, 10.48691441493647] and parameters: {'k1': 0.004312951023617458, 'D_low': 4.484744524732794, 'k2': 1.915468390724633e-05, 'D_high': 3712.591045287726, 'fire_exp': 1.0629462657398439, 'P_half': 220.3445560633069, 'pre_dampen_half': 24.551654436784773, 'gpp_af': 0.7539992074650279, 'gpp_b': 1.284284091405877e-05, 'gpp_d': 16.460426816350523, 'ign_k': 0.0680787482656459, 'ign_c': 18.219343937475102, 'trop_agb_crit': 10.691477813613638, 'trop_k_veg': 1.4584243470991722}.
[I 2026-08-06 08:51:48,457] Trial 340 finished with values: [10.524333838894211, 10.524333838894211] and parameters: {'k1': 0.0002621130418912425, 'D_low': 3.525936800597896, 'k2': 0.0001889739291279833, 'D_high': 25628.666000163565, 'fire_exp': 1.0362310858538248, 'P_half': 4.213183643253957, 'pre_dampen_half': 0.2730203117796979, 'gpp_af': 0.10409127568994281, 'gpp_b': 1.284284091405877e-05, 'gpp_d': 84.31013932082456, 'ign_k': 5.351470428717437, 'ign_c': 3.470490935437501, 'trop_agb_crit': 7.500118950416987, 'trop_k_veg': 2.520089655463604}.
[I 2026-08-06 08:51:50,589] Trial 341 finished with values: [10.577280275872498, 10.577280275872498] and parameters: {'k1': 0.00031134168041628584, 'D_low': 12.105387404469584, 'k2': 0.001832010067724639, 'D_high': 3712.591045287726, 'fire_exp': 1.8493890000580158, 'P_half': 221.2683656611821, 'pre_dampen_half': 502.5175192217655, 'gpp_af': 1.1409619915696267, 'gpp_b': 1.3289448722869181e-05, 'gpp_d': 1.493264336549928, 'ign_k': 2.1368329072358767, 'ign_c': 4.439802552990464, 'trop_agb_crit': 1.8157022975489, 'trop_k_veg': 0.6673124511410327}.
[I 2026-08-06 08:51:52,577] Trial 342 finished with values: [10.45138549135638, 10.45138549135638] and parameters: {'k1': 0.004312951023617458, 'D_low': 3.525936800597896, 'k2': 8.923807143379776e-05, 'D_high': 8182.111518618414, 'fire_exp': 1.0362310858538248, 'P_half': 221.2683656611821, 'pre_dampen_half': 39.827466658711515, 'gpp_af': 24.725776073156705, 'gpp_b': 2.6738182964551835e-05, 'gpp_d': 229.41380323183625, 'ign_k': 0.004144296901136395, 'ign_c': 0.557280750002996, 'trop_agb_crit': 10.691477813613638, 'trop_k_veg': 0.5772603928610088}.
[I 2026-08-06 08:51:54,665] Trial 343 finished with values: [10.242390156170982, 10.242390156170982] and parameters: {'k1': 0.00488137519160367, 'D_low': 355.00125258511594, 'k2': 0.0154776166709383, 'D_high': 8182.111518618414, 'fire_exp': 1.695318866910499, 'P_half': 12.808863354047988, 'pre_dampen_half': 107.40052367919465, 'gpp_af': 0.6403036652671171, 'gpp_b': 0.0005752434266899163, 'gpp_d': 19.600139992927435, 'ign_k': 2.5253810447657927, 'ign_c': 8.40543912931368, 'trop_agb_crit': 1.0903028125370984, 'trop_k_veg': 1.0345878666211452}.
[I 2026-08-06 08:51:56,682] Trial 344 finished with values: [10.676610739939674, 10.676610739939674] and parameters: {'k1': 0.0002621130418912425, 'D_low': 3.525936800597896, 'k2': 0.0001889739291279833, 'D_high': 2940.51756322311, 'fire_exp': 1.0362310858538248, 'P_half': 221.2683656611821, 'pre_dampen_half': 0.2730203117796979, 'gpp_af': 0.1476584299248268, 'gpp_b': 1.284284091405877e-05, 'gpp_d': 150.14555442537656, 'ign_k': 8.708806168038567, 'ign_c': 3.470490935437501, 'trop_agb_crit': 3.5747129226002423, 'trop_k_veg': 1.4584243470991722}.
[I 2026-08-06 08:51:58,830] Trial 345 finished with values: [10.75316729437219, 10.75316729437219] and parameters: {'k1': 0.002367935204022389, 'D_low': 2945.620569202742, 'k2': 0.0007047307383115598, 'D_high': 3712.591045287726, 'fire_exp': 1.423480109671474, 'P_half': 220.3445560633069, 'pre_dampen_half': 502.5175192217655, 'gpp_af': 3.4818886917676246, 'gpp_b': 1.284284091405877e-05, 'gpp_d': 5.1715677287580455, 'ign_k': 0.010167079878196114, 'ign_c': 18.219343937475102, 'trop_agb_crit': 1.8157022975489, 'trop_k_veg': 6.5801322358877785}.
[I 2026-08-06 08:52:00,859] Trial 346 finished with values: [10.61365900485678, 10.61365900485678] and parameters: {'k1': 0.008471801418819975, 'D_low': 64.39790863101601, 'k2': 0.0012040762895973265, 'D_high': 42.070539502879384, 'fire_exp': 1.423480109671474, 'P_half': 220.3445560633069, 'pre_dampen_half': 107.40052367919465, 'gpp_af': 1.1409619915696267, 'gpp_b': 1.3289448722869181e-05, 'gpp_d': 660.9129108295722, 'ign_k': 2.1368329072358767, 'ign_c': 20.03995359361212, 'trop_agb_crit': 10.965064494899984, 'trop_k_veg': 6.9782110227926815}.
[I 2026-08-06 08:52:02,893] Trial 347 finished with values: [10.769230769178105, 10.769230769178105] and parameters: {'k1': 0.004312951023617458, 'D_low': 34.459310919273356, 'k2': 0.0007047307383115598, 'D_high': 3712.591045287726, 'fire_exp': 1.1430983876313219, 'P_half': 93.43302657318476, 'pre_dampen_half': 502.5175192217655, 'gpp_af': 0.10409127568994281, 'gpp_b': 1.284284091405877e-05, 'gpp_d': 150.14555442537656, 'ign_k': 5.351470428717437, 'ign_c': 222.87087260110138, 'trop_agb_crit': 1.14876138417489, 'trop_k_veg': 2.4336356947036335}.
[I 2026-08-06 08:52:04,853] Trial 348 finished with values: [10.766284631597046, 10.766284631597046] and parameters: {'k1': 0.011966626407443505, 'D_low': 64.39790863101601, 'k2': 0.0007047307383115598, 'D_high': 3712.591045287726, 'fire_exp': 1.221575427404682, 'P_half': 220.3445560633069, 'pre_dampen_half': 63.6685916079943, 'gpp_af': 0.7539992074650279, 'gpp_b': 1.284284091405877e-05, 'gpp_d': 2.944272359149677, 'ign_k': 0.12329098365270515, 'ign_c': 61.64329525571068, 'trop_agb_crit': 1.8157022975489, 'trop_k_veg': 0.6743482387129308}.
[I 2026-08-06 08:52:06,836] Trial 349 finished with values: [10.359682763270738, 10.359682763270738] and parameters: {'k1': 0.004312951023617458, 'D_low': 5.59983195169599, 'k2': 0.0007047307383115598, 'D_high': 61536.58035691648, 'fire_exp': 1.165368636520435, 'P_half': 221.2683656611821, 'pre_dampen_half': 107.40052367919465, 'gpp_af': 0.6403036652671171, 'gpp_b': 0.0005752434266899163, 'gpp_d': 2.944272359149677, 'ign_k': 0.0018256829646330853, 'ign_c': 8.40543912931368, 'trop_agb_crit': 2.9222815721218716, 'trop_k_veg': 0.6743482387129308}.
[I 2026-08-06 08:52:08,839] Trial 350 finished with values: [-0.555155593668556, 0.7297470097079438] and parameters: {'k1': 0.01889771394135163, 'D_low': 70.18267183720735, 'k2': 0.0012040762895973265, 'D_high': 25628.666000163565, 'fire_exp': 1.423480109671474, 'P_half': 221.2683656611821, 'pre_dampen_half': 107.40052367919465, 'gpp_af': 1.1409619915696267, 'gpp_b': 1.284284091405877e-05, 'gpp_d': 229.41380323183625, 'ign_k': 8.708806168038567, 'ign_c': 20.03995359361212, 'trop_agb_crit': 7.500118950416987, 'trop_k_veg': 2.520089655463604}.
