[I 2026-08-06 11:14:11,302] Trial 1280 finished with values: [11.061478035631163, 11.061478035631163] and parameters: {'k1': 0.016748279468858224, 'D_low': 1.3577269394141454, 'k2': 0.019894080167856886, 'D_high': 1236.6924205139144, 'fire_exp': 1.154178834478323, 'P_half': 523.1053126909052, 'pre_dampen_half': 63.6685916079943, 'gpp_af': 1.9706963379095486, 'gpp_b': 0.011885457204193806, 'gpp_d': 107.6510043884001, 'ign_k': 2.5253810447657927, 'ign_c': 1.9580595319750387, 'trop_agb_crit': 6.119263728555865, 'trop_k_veg': 5.580504276549027}.
[I 2026-08-06 11:14:12,533] Trial 1281 finished with values: [10.334388814757665, 10.334388814757665] and parameters: {'k1': 0.01889771394135163, 'D_low': 38.82837025280678, 'k2': 8.923807143379776e-05, 'D_high': 687.0043870753433, 'fire_exp': 1.7329145403564932, 'P_half': 712.8188058401365, 'pre_dampen_half': 719.4083432823455, 'gpp_af': 1.6059727222314273, 'gpp_b': 2.176805640408474e-05, 'gpp_d': 84.31013932082456, 'ign_k': 0.04406703994564747, 'ign_c': 6.905604395130303, 'trop_agb_crit': 6.119263728555865, 'trop_k_veg': 2.4336356947036335}.
[I 2026-08-06 11:14:13,742] Trial 1282 finished with values: [11.205736703201643, 11.205736703201643] and parameters: {'k1': 0.01889771394135163, 'D_low': 7.299348683062307, 'k2': 0.008535052150482593, 'D_high': 1588.2035726402378, 'fire_exp': 1.127084760238533, 'P_half': 712.8188058401365, 'pre_dampen_half': 63.6685916079943, 'gpp_af': 1.6059727222314273, 'gpp_b': 2.176805640408474e-05, 'gpp_d': 84.31013932082456, 'ign_k': 1.3967310812223455, 'ign_c': 6.905604395130303, 'trop_agb_crit': 8.997007571451054, 'trop_k_veg': 2.4336356947036335}.
[I 2026-08-06 11:14:14,988] Trial 1283 finished with values: [10.599838466556772, 10.599838466556772] and parameters: {'k1': 6.389327191882587e-05, 'D_low': 7.299348683062307, 'k2': 0.004149969043497543, 'D_high': 1236.6924205139144, 'fire_exp': 1.8139313005096012, 'P_half': 523.1053126909052, 'pre_dampen_half': 63.6685916079943, 'gpp_af': 1.9706963379095486, 'gpp_b': 0.22727308251068193, 'gpp_d': 82.84476373292449, 'ign_k': 0.010939944910100021, 'ign_c': 1.9580595319750387, 'trop_agb_crit': 7.861566638880103, 'trop_k_veg': 4.167664671344212}.
[I 2026-08-06 11:14:16,175] Trial 1284 finished with values: [10.275204690343044, 10.275204690343044] and parameters: {'k1': 0.00488137519160367, 'D_low': 520.4862686958022, 'k2': 0.0154776166709383, 'D_high': 42210.21267871043, 'fire_exp': 1.3170256885255098, 'P_half': 712.8188058401365, 'pre_dampen_half': 63.6685916079943, 'gpp_af': 0.6403036652671171, 'gpp_b': 2.176805640408474e-05, 'gpp_d': 19.600139992927435, 'ign_k': 0.00455853626071256, 'ign_c': 2.4936660834465174, 'trop_agb_crit': 8.997007571451054, 'trop_k_veg': 2.520089655463604}.
[I 2026-08-06 11:14:17,375] Trial 1285 finished with values: [10.211998075924758, 10.211998075924758] and parameters: {'k1': 0.002155595057104387, 'D_low': 520.4862686958022, 'k2': 0.019894080167856886, 'D_high': 1236.6924205139144, 'fire_exp': 1.221575427404682, 'P_half': 523.1053126909052, 'pre_dampen_half': 38.00678588560607, 'gpp_af': 1.6059727222314273, 'gpp_b': 0.22727308251068193, 'gpp_d': 19.600139992927435, 'ign_k': 0.12329098365270515, 'ign_c': 1.9580595319750387, 'trop_agb_crit': 6.119263728555865, 'trop_k_veg': 2.4336356947036335}.
[I 2026-08-06 11:14:18,581] Trial 1286 finished with values: [-0.5927822319996106, 0.007967485573471267] and parameters: {'k1': 0.00034302976652689015, 'D_low': 20.934387533543713, 'k2': 0.031536006085184705, 'D_high': 1236.6924205139144, 'fire_exp': 1.221575427404682, 'P_half': 712.8188058401365, 'pre_dampen_half': 63.6685916079943, 'gpp_af': 0.6403036652671171, 'gpp_b': 2.176805640408474e-05, 'gpp_d': 757.2868182332339, 'ign_k': 1.0641577757607397, 'ign_c': 23.5601112448067, 'trop_agb_crit': 8.997007571451054, 'trop_k_veg': 5.580504276549027}.
[I 2026-08-06 11:14:19,812] Trial 1287 finished with values: [-0.5994682188768361, 0.035821660231751484] and parameters: {'k1': 0.01889771394135163, 'D_low': 7.299348683062307, 'k2': 0.019894080167856886, 'D_high': 1236.6924205139144, 'fire_exp': 1.7329145403564932, 'P_half': 712.8188058401365, 'pre_dampen_half': 38.00678588560607, 'gpp_af': 0.6403036652671171, 'gpp_b': 2.176805640408474e-05, 'gpp_d': 84.31013932082456, 'ign_k': 0.6161423618045312, 'ign_c': 1.9580595319750387, 'trop_agb_crit': 8.997007571451054, 'trop_k_veg': 2.4336356947036335}.
[I 2026-08-06 11:14:21,072] Trial 1288 finished with values: [10.354515849146779, 10.354515849146779] and parameters: {'k1': 0.00488137519160367, 'D_low': 7.299348683062307, 'k2': 0.019894080167856886, 'D_high': 1236.6924205139144, 'fire_exp': 1.3170256885255098, 'P_half': 712.8188058401365, 'pre_dampen_half': 63.6685916079943, 'gpp_af': 1.6059727222314273, 'gpp_b': 0.0012213924959062798, 'gpp_d': 2.944272359149677, 'ign_k': 0.010939944910100021, 'ign_c': 5.13055176058983, 'trop_agb_crit': 6.119263728555865, 'trop_k_veg': 2.4336356947036335}.
[I 2026-08-06 11:14:22,291] Trial 1289 finished with values: [-0.6188981753115759, 0.03295808904709796] and parameters: {'k1': 0.002155595057104387, 'D_low': 7.299348683062307, 'k2': 0.008535052150482593, 'D_high': 1236.6924205139144, 'fire_exp': 1.3170256885255098, 'P_half': 712.8188058401365, 'pre_dampen_half': 38.00678588560607, 'gpp_af': 1.6059727222314273, 'gpp_b': 2.176805640408474e-05, 'gpp_d': 84.31013932082456, 'ign_k': 0.12329098365270515, 'ign_c': 6.905604395130303, 'trop_agb_crit': 6.119263728555865, 'trop_k_veg': 2.4336356947036335}.
[I 2026-08-06 11:14:23,943] Trial 1290 finished with values: [10.272433187751538, 10.272433187751538] and parameters: {'k1': 0.002155595057104387, 'D_low': 520.4862686958022, 'k2': 0.02805807870333381, 'D_high': 1236.6924205139144, 'fire_exp': 1.3170256885255098, 'P_half': 523.1053126909052, 'pre_dampen_half': 63.6685916079943, 'gpp_af': 5.335773317316405, 'gpp_b': 0.0012213924959062798, 'gpp_d': 19.600139992927435, 'ign_k': 0.07091190338709638, 'ign_c': 2.4936660834465174, 'trop_agb_crit': 8.997007571451054, 'trop_k_veg': 2.1104394500982346}.
[I 2026-08-06 11:14:25,246] Trial 1291 finished with values: [-0.5979886220240765, 0.030917499951304772] and parameters: {'k1': 0.05778755734457457, 'D_low': 7.299348683062307, 'k2': 0.019894080167856886, 'D_high': 1236.6924205139144, 'fire_exp': 1.7329145403564932, 'P_half': 712.8188058401365, 'pre_dampen_half': 63.6685916079943, 'gpp_af': 1.6059727222314273, 'gpp_b': 2.176805640408474e-05, 'gpp_d': 350.88322284755304, 'ign_k': 0.12329098365270515, 'ign_c': 1.9580595319750387, 'trop_agb_crit': 6.119263728555865, 'trop_k_veg': 2.4336356947036335}.
[I 2026-08-06 11:14:26,462] Trial 1292 finished with values: [-0.572619155486028, 0.03759809349378829] and parameters: {'k1': 0.01889771394135163, 'D_low': 7.299348683062307, 'k2': 0.004149969043497543, 'D_high': 8182.111518618414, 'fire_exp': 1.3170256885255098, 'P_half': 712.8188058401365, 'pre_dampen_half': 63.6685916079943, 'gpp_af': 0.6403036652671171, 'gpp_b': 0.22727308251068193, 'gpp_d': 82.84476373292449, 'ign_k': 0.010939944910100021, 'ign_c': 5.13055176058983, 'trop_agb_crit': 6.119263728555865, 'trop_k_veg': 4.375785248100498}.
[I 2026-08-06 11:14:27,735] Trial 1293 finished with values: [10.01746677906485, 10.01746677906485] and parameters: {'k1': 0.00488137519160367, 'D_low': 38.82837025280678, 'k2': 6.59971370969243e-05, 'D_high': 1236.6924205139144, 'fire_exp': 1.2611826901294014, 'P_half': 712.8188058401365, 'pre_dampen_half': 244.9911468744101, 'gpp_af': 1.6059727222314273, 'gpp_b': 0.0012213924959062798, 'gpp_d': 2.944272359149677, 'ign_k': 0.12329098365270515, 'ign_c': 1.1994950112756755, 'trop_agb_crit': 6.119263728555865, 'trop_k_veg': 2.4336356947036335}.
[I 2026-08-06 11:14:29,010] Trial 1294 finished with values: [10.55503097204349, 10.55503097204349] and parameters: {'k1': 0.01889771394135163, 'D_low': 38.82837025280678, 'k2': 0.019894080167856886, 'D_high': 61536.58035691648, 'fire_exp': 1.2611826901294014, 'P_half': 712.8188058401365, 'pre_dampen_half': 38.00678588560607, 'gpp_af': 0.6403036652671171, 'gpp_b': 0.0012213924959062798, 'gpp_d': 84.31013932082456, 'ign_k': 0.12329098365270515, 'ign_c': 1.1994950112756755, 'trop_agb_crit': 8.997007571451054, 'trop_k_veg': 2.520089655463604}.
[I 2026-08-06 11:14:30,279] Trial 1295 finished with values: [10.769230587762657, 10.769230587762657] and parameters: {'k1': 0.00488137519160367, 'D_low': 3298.583025790192, 'k2': 0.019894080167856886, 'D_high': 1236.6924205139144, 'fire_exp': 1.2611826901294014, 'P_half': 523.1053126909052, 'pre_dampen_half': 38.00678588560607, 'gpp_af': 1.6059727222314273, 'gpp_b': 0.0012213924959062798, 'gpp_d': 350.88322284755304, 'ign_k': 3.0360834202771856, 'ign_c': 1.1994950112756755, 'trop_agb_crit': 6.119263728555865, 'trop_k_veg': 2.4336356947036335}.
[I 2026-08-06 11:14:31,539] Trial 1296 finished with values: [12.426104314076179, 12.426104314076179] and parameters: {'k1': 0.00488137519160367, 'D_low': 9.019549482887358, 'k2': 0.019894080167856886, 'D_high': 1236.6924205139144, 'fire_exp': 1.7329145403564932, 'P_half': 63.82008477114845, 'pre_dampen_half': 841.294947480074, 'gpp_af': 1.6059727222314273, 'gpp_b': 2.176805640408474e-05, 'gpp_d': 84.31013932082456, 'ign_k': 2.5253810447657927, 'ign_c': 1.9580595319750387, 'trop_agb_crit': 6.119263728555865, 'trop_k_veg': 2.4336356947036335}.
[I 2026-08-06 11:14:32,788] Trial 1297 finished with values: [10.008391320705497, 10.008391320705497] and parameters: {'k1': 0.002549454588329709, 'D_low': 38.82837025280678, 'k2': 0.003717584066880796, 'D_high': 1236.6924205139144, 'fire_exp': 1.2611826901294014, 'P_half': 523.1053126909052, 'pre_dampen_half': 72.45400246802097, 'gpp_af': 0.6403036652671171, 'gpp_b': 0.0012213924959062798, 'gpp_d': 350.88322284755304, 'ign_k': 0.0012843094700513468, 'ign_c': 0.8916132699546893, 'trop_agb_crit': 6.119263728555865, 'trop_k_veg': 1.6076933040750887}.
[I 2026-08-06 11:14:34,008] Trial 1298 finished with values: [10.739963851762422, 10.739963851762422] and parameters: {'k1': 0.002155595057104387, 'D_low': 7.299348683062307, 'k2': 0.019894080167856886, 'D_high': 1236.6924205139144, 'fire_exp': 1.3170256885255098, 'P_half': 712.8188058401365, 'pre_dampen_half': 0.021184731123199272, 'gpp_af': 1.6059727222314273, 'gpp_b': 2.176805640408474e-05, 'gpp_d': 82.84476373292449, 'ign_k': 0.12329098365270515, 'ign_c': 5.13055176058983, 'trop_agb_crit': 6.119263728555865, 'trop_k_veg': 2.4336356947036335}.
[I 2026-08-06 11:14:35,388] Trial 1299 finished with values: [-0.5972668699594686, 0.05480700090498081] and parameters: {'k1': 0.01889771394135163, 'D_low': 38.82837025280678, 'k2': 0.0007173407578159455, 'D_high': 8182.111518618414, 'fire_exp': 1.7329145403564932, 'P_half': 712.8188058401365, 'pre_dampen_half': 38.00678588560607, 'gpp_af': 0.6403036652671171, 'gpp_b': 0.0012213924959062798, 'gpp_d': 350.88322284755304, 'ign_k': 6.891386015952696, 'ign_c': 1.9580595319750387, 'trop_agb_crit': 6.119263728555865, 'trop_k_veg': 2.4336356947036335}.
[I 2026-08-06 11:14:36,651] Trial 1300 finished with values: [-0.6144227598695634, 0.053736943925210334] and parameters: {'k1': 0.01889771394135163, 'D_low': 7.299348683062307, 'k2': 0.04333919331865372, 'D_high': 42210.21267871043, 'fire_exp': 1.7329145403564932, 'P_half': 712.8188058401365, 'pre_dampen_half': 63.6685916079943, 'gpp_af': 1.9706963379095486, 'gpp_b': 2.176805640408474e-05, 'gpp_d': 19.600139992927435, 'ign_k': 0.12329098365270515, 'ign_c': 1.9580595319750387, 'trop_agb_crit': 6.119263728555865, 'trop_k_veg': 2.4336356947036335}.
[I 2026-08-06 11:14:37,902] Trial 1301 finished with values: [10.512365864364336, 10.512365864364336] and parameters: {'k1': 0.01889771394135163, 'D_low': 7.299348683062307, 'k2': 0.019894080167856886, 'D_high': 61536.58035691648, 'fire_exp': 1.3170256885255098, 'P_half': 712.8188058401365, 'pre_dampen_half': 63.6685916079943, 'gpp_af': 1.6059727222314273, 'gpp_b': 0.017069106484260625, 'gpp_d': 84.31013932082456, 'ign_k': 0.12329098365270515, 'ign_c': 6.905604395130303, 'trop_agb_crit': 6.119263728555865, 'trop_k_veg': 2.4336356947036335}.
[I 2026-08-06 11:14:39,213] Trial 1302 finished with values: [10.098872282098561, 10.098872282098561] and parameters: {'k1': 0.05778755734457457, 'D_low': 1.3577269394141454, 'k2': 0.000980054060008331, 'D_high': 1236.6924205139144, 'fire_exp': 1.2748928925302399, 'P_half': 523.1053126909052, 'pre_dampen_half': 63.6685916079943, 'gpp_af': 0.6403036652671171, 'gpp_b': 0.22727308251068193, 'gpp_d': 350.88322284755304, 'ign_k': 0.010939944910100021, 'ign_c': 1.9580595319750387, 'trop_agb_crit': 6.119263728555865, 'trop_k_veg': 2.4336356947036335}.
[I 2026-08-06 11:14:41,041] Trial 1303 finished with values: [-0.6189993986008128, 0.0917465009544629] and parameters: {'k1': 0.00488137519160367, 'D_low': 7.299348683062307, 'k2': 0.004237604478368561, 'D_high': 8182.111518618414, 'fire_exp': 1.2611826901294014, 'P_half': 712.8188058401365, 'pre_dampen_half': 63.6685916079943, 'gpp_af': 0.6403036652671171, 'gpp_b': 0.0001605469768042801, 'gpp_d': 82.84476373292449, 'ign_k': 0.010939944910100021, 'ign_c': 1.9580595319750387, 'trop_agb_crit': 6.119263728555865, 'trop_k_veg': 4.375785248100498}.
[I 2026-08-06 11:14:42,347] Trial 1304 finished with values: [-0.6154966427592875, 0.08623188783019076] and parameters: {'k1': 0.00488137519160367, 'D_low': 7.299348683062307, 'k2': 0.004149969043497543, 'D_high': 8182.111518618414, 'fire_exp': 1.3170256885255098, 'P_half': 712.8188058401365, 'pre_dampen_half': 63.6685916079943, 'gpp_af': 0.6403036652671171, 'gpp_b': 2.176805640408474e-05, 'gpp_d': 82.84476373292449, 'ign_k': 0.010939944910100021, 'ign_c': 5.13055176058983, 'trop_agb_crit': 8.997007571451054, 'trop_k_veg': 4.375785248100498}.
[I 2026-08-06 11:14:43,592] Trial 1305 finished with values: [10.016428745939072, 10.016428745939072] and parameters: {'k1': 0.019427308755001847, 'D_low': 520.4862686958022, 'k2': 0.019894080167856886, 'D_high': 1236.6924205139144, 'fire_exp': 1.221575427404682, 'P_half': 712.8188058401365, 'pre_dampen_half': 719.4083432823455, 'gpp_af': 1.9706963379095486, 'gpp_b': 0.0019165495198471324, 'gpp_d': 82.84476373292449, 'ign_k': 0.12329098365270515, 'ign_c': 1.9580595319750387, 'trop_agb_crit': 13.985331027461328, 'trop_k_veg': 2.4336356947036335}.
[I 2026-08-06 11:14:45,599] Trial 1306 finished with values: [10.769147675785739, 10.769147675785739] and parameters: {'k1': 0.00488137519160367, 'D_low': 40.52505887227999, 'k2': 0.019894080167856886, 'D_high': 1236.6924205139144, 'fire_exp': 9.21460353030674, 'P_half': 523.1053126909052, 'pre_dampen_half': 63.6685916079943, 'gpp_af': 0.010443168746673469, 'gpp_b': 2.176805640408474e-05, 'gpp_d': 757.2868182332339, 'ign_k': 0.07091190338709638, 'ign_c': 23.5601112448067, 'trop_agb_crit': 5.929544346558723, 'trop_k_veg': 1.9799513595694562}.
[I 2026-08-06 11:14:47,103] Trial 1307 finished with values: [10.02672542427919, 10.02672542427919] and parameters: {'k1': 0.00034302976652689015, 'D_low': 1.3577269394141454, 'k2': 0.019894080167856886, 'D_high': 1588.2035726402378, 'fire_exp': 1.3170256885255098, 'P_half': 712.8188058401365, 'pre_dampen_half': 38.00678588560607, 'gpp_af': 1.6059727222314273, 'gpp_b': 0.22727308251068193, 'gpp_d': 84.31013932082456, 'ign_k': 0.6161423618045312, 'ign_c': 1.9580595319750387, 'trop_agb_crit': 6.119263728555865, 'trop_k_veg': 1.1084562524454336}.
[I 2026-08-06 11:14:48,523] Trial 1308 finished with values: [-0.5894129595868522, 0.04140127721590736] and parameters: {'k1': 0.01889771394135163, 'D_low': 7.299348683062307, 'k2': 0.019894080167856886, 'D_high': 1236.6924205139144, 'fire_exp': 1.7329145403564932, 'P_half': 712.8188058401365, 'pre_dampen_half': 63.6685916079943, 'gpp_af': 0.1588528422491509, 'gpp_b': 2.176805640408474e-05, 'gpp_d': 350.88322284755304, 'ign_k': 6.891386015952696, 'ign_c': 1.9580595319750387, 'trop_agb_crit': 6.119263728555865, 'trop_k_veg': 4.5046583040732875}.
[I 2026-08-06 11:14:49,995] Trial 1309 finished with values: [10.389564138384117, 10.389564138384117] and parameters: {'k1': 0.05778755734457457, 'D_low': 38.82837025280678, 'k2': 0.004149969043497543, 'D_high': 1236.6924205139144, 'fire_exp': 1.221575427404682, 'P_half': 523.1053126909052, 'pre_dampen_half': 7.72621571462232, 'gpp_af': 0.6403036652671171, 'gpp_b': 0.06419400996240236, 'gpp_d': 19.600139992927435, 'ign_k': 0.010939944910100021, 'ign_c': 2.4936660834465174, 'trop_agb_crit': 6.119263728555865, 'trop_k_veg': 2.520089655463604}.
[I 2026-08-06 11:14:51,397] Trial 1310 finished with values: [10.769229370535642, 10.769229370535642] and parameters: {'k1': 0.05778755734457457, 'D_low': 1554.7359415440887, 'k2': 0.019894080167856886, 'D_high': 1236.6924205139144, 'fire_exp': 1.2611826901294014, 'P_half': 523.1053126909052, 'pre_dampen_half': 38.00678588560607, 'gpp_af': 0.6403036652671171, 'gpp_b': 0.0012213924959062798, 'gpp_d': 350.88322284755304, 'ign_k': 0.010939944910100021, 'ign_c': 2.4936660834465174, 'trop_agb_crit': 6.119263728555865, 'trop_k_veg': 2.520089655463604}.
[I 2026-08-06 11:14:52,817] Trial 1311 finished with values: [10.199989008326972, 10.199989008326972] and parameters: {'k1': 0.05778755734457457, 'D_low': 38.3602907874811, 'k2': 0.019894080167856886, 'D_high': 1236.6924205139144, 'fire_exp': 1.2611826901294014, 'P_half': 712.8188058401365, 'pre_dampen_half': 38.00678588560607, 'gpp_af': 1.6059727222314273, 'gpp_b': 2.176805640408474e-05, 'gpp_d': 350.88322284755304, 'ign_k': 4.57467529327748, 'ign_c': 1.9580595319750387, 'trop_agb_crit': 6.119263728555865, 'trop_k_veg': 2.520089655463604}.
[I 2026-08-06 11:14:54,176] Trial 1312 finished with values: [10.72726291041728, 10.72726291041728] and parameters: {'k1': 0.002136439666839362, 'D_low': 38.82837025280678, 'k2': 0.019894080167856886, 'D_high': 1236.6924205139144, 'fire_exp': 3.4121559122647493, 'P_half': 712.8188058401365, 'pre_dampen_half': 38.00678588560607, 'gpp_af': 0.0061627438103753155, 'gpp_b': 0.0012213924959062798, 'gpp_d': 84.31013932082456, 'ign_k': 0.12329098365270515, 'ign_c': 6.905604395130303, 'trop_agb_crit': 6.119263728555865, 'trop_k_veg': 2.4336356947036335}.
[I 2026-08-06 11:14:55,385] Trial 1313 finished with values: [-0.6180332532451787, 0.08262932621327446] and parameters: {'k1': 0.002549454588329709, 'D_low': 38.82837025280678, 'k2': 1.1065812688893481e-05, 'D_high': 6075.702114214176, 'fire_exp': 1.2611826901294014, 'P_half': 523.1053126909052, 'pre_dampen_half': 124.72235343584714, 'gpp_af': 0.6403036652671171, 'gpp_b': 0.0012213924959062798, 'gpp_d': 2.944272359149677, 'ign_k': 0.21006485619596416, 'ign_c': 1.9580595319750387, 'trop_agb_crit': 6.119263728555865, 'trop_k_veg': 2.520089655463604}.
[I 2026-08-06 11:14:56,595] Trial 1314 finished with values: [10.130490923782627, 10.130490923782627] and parameters: {'k1': 0.002155595057104387, 'D_low': 38.82837025280678, 'k2': 0.019894080167856886, 'D_high': 1236.6924205139144, 'fire_exp': 1.2611826901294014, 'P_half': 1489.5167857414556, 'pre_dampen_half': 38.00678588560607, 'gpp_af': 10.178541681137117, 'gpp_b': 2.176805640408474e-05, 'gpp_d': 82.84476373292449, 'ign_k': 6.891386015952696, 'ign_c': 1.9580595319750387, 'trop_agb_crit': 6.119263728555865, 'trop_k_veg': 1.2033419844148296}.
[I 2026-08-06 11:14:57,786] Trial 1315 finished with values: [10.057528318974063, 10.057528318974063] and parameters: {'k1': 0.026835953334046134, 'D_low': 38.82837025280678, 'k2': 0.0154776166709383, 'D_high': 42210.21267871043, 'fire_exp': 1.221575427404682, 'P_half': 712.8188058401365, 'pre_dampen_half': 63.6685916079943, 'gpp_af': 1.6059727222314273, 'gpp_b': 2.176805640408474e-05, 'gpp_d': 19.600139992927435, 'ign_k': 0.01364908766641695, 'ign_c': 1.9580595319750387, 'trop_agb_crit': 8.997007571451054, 'trop_k_veg': 5.580504276549027}.
[I 2026-08-06 11:14:58,954] Trial 1316 finished with values: [10.062877960945276, 10.062877960945276] and parameters: {'k1': 0.008912611835817005, 'D_low': 40.52505887227999, 'k2': 0.019894080167856886, 'D_high': 61536.58035691648, 'fire_exp': 1.221575427404682, 'P_half': 712.8188058401365, 'pre_dampen_half': 63.6685916079943, 'gpp_af': 33.940346662065195, 'gpp_b': 0.22727308251068193, 'gpp_d': 66.3534198237528, 'ign_k': 0.6161423618045312, 'ign_c': 6.905604395130303, 'trop_agb_crit': 6.119263728555865, 'trop_k_veg': 5.492385920002873}.
[I 2026-08-06 11:15:00,181] Trial 1317 finished with values: [10.733199845164018, 10.733199845164018] and parameters: {'k1': 0.01889771394135163, 'D_low': 38.82837025280678, 'k2': 0.019894080167856886, 'D_high': 1588.2035726402378, 'fire_exp': 1.7329145403564932, 'P_half': 712.8188058401365, 'pre_dampen_half': 63.6685916079943, 'gpp_af': 1.6059727222314273, 'gpp_b': 0.04633252119753636, 'gpp_d': 0.24239431891241692, 'ign_k': 0.12329098365270515, 'ign_c': 6.905604395130303, 'trop_agb_crit': 8.997007571451054, 'trop_k_veg': 2.4336356947036335}.
[I 2026-08-06 11:15:01,370] Trial 1318 finished with values: [10.76920991179949, 10.76920991179949] and parameters: {'k1': 0.002549454588329709, 'D_low': 520.4862686958022, 'k2': 0.019894080167856886, 'D_high': 1236.6924205139144, 'fire_exp': 9.62767613678815, 'P_half': 712.8188058401365, 'pre_dampen_half': 124.72235343584714, 'gpp_af': 1.6059727222314273, 'gpp_b': 0.22727308251068193, 'gpp_d': 19.600139992927435, 'ign_k': 0.21006485619596416, 'ign_c': 1.9580595319750387, 'trop_agb_crit': 6.119263728555865, 'trop_k_veg': 2.4336356947036335}.
[I 2026-08-06 11:15:02,604] Trial 1319 finished with values: [10.354981138362636, 10.354981138362636] and parameters: {'k1': 0.002155595057104387, 'D_low': 520.4862686958022, 'k2': 0.019894080167856886, 'D_high': 1384.332853353327, 'fire_exp': 1.221575427404682, 'P_half': 712.8188058401365, 'pre_dampen_half': 38.00678588560607, 'gpp_af': 0.6403036652671171, 'gpp_b': 6.986652907140114e-05, 'gpp_d': 350.88322284755304, 'ign_k': 0.010939944910100021, 'ign_c': 1.1994950112756755, 'trop_agb_crit': 8.997007571451054, 'trop_k_veg': 2.4336356947036335}.
