C:\Users\owusu\miniforge3\envs\edfire\lib\site-packages\optuna\_experimental.py:33: ExperimentalWarning: Argument ``multivariate`` is an experimental feature. The interface can change in the future.
  optuna_warn(
[I 2026-08-20 00:00:07,120] A new study created in memory with name: no-name-8a9ac11f-f628-4937-85ce-c52e52857fc7
[I 2026-08-20 00:00:10,190] Trial 0 finished with value: -0.6002194417466498 and parameters: {'k1': 0.0008685306488754917, 'D_low': 2240.9155921647994, 'k2': 0.0010532624798722347, 'D_high': 6525529.853354094, 'fire_exp': 1.2585476857229763, 'P_half': 355.00125258511594, 'pre_dampen_half': 16.224010950061366, 'gpp_af': 0.03522602097143089, 'gpp_b': 0.00012118589392553798, 'gpp_d': 12.338826503601998, 'ign_k': 2.136832907235876, 'ign_c': 22.126836566118193, 'trop_agb_crit': 26.951029433343408, 'trop_k_veg': 2.724170387400844, 'pop_amp': 0.001, 'pop_peak': 16.0, 'pop_sig': 0.8}. Best is trial 0 with value: -0.6002194417466498.
[I 2026-08-20 00:00:13,089] Trial 1 finished with value: 0.6445374145881376 and parameters: {'k1': 0.00031489116479568613, 'D_low': 506157.68887523044, 'k2': 0.008471801418819975, 'D_high': 39079.671568228776, 'fire_exp': 1.4322493718230251, 'P_half': 4.2070539502879365, 'pre_dampen_half': 0.0195172246414495, 'gpp_af': 21.42302175774105, 'gpp_b': 0.040428727350273294, 'gpp_d': 34.70266988650411, 'ign_k': 0.0012087541473056963, 'ign_c': 757.9479953347999, 'trop_agb_crit': 16.967533607196547, 'trop_k_veg': 0.9008485225328876, 'pop_amp': 0.006053891567028103, 'pop_peak': 0.3074668528543553, 'pop_sig': 0.5037119471039664}. Best is trial 0 with value: -0.6002194417466498.
[I 2026-08-20 00:00:15,862] Trial 2 finished with value: 0.5822401267410745 and parameters: {'k1': 0.0012561043700013551, 'D_low': 390.544127521079, 'k2': 0.0001461896279370495, 'D_high': 46894.0096353769, 'fire_exp': 1.3787764619353768, 'P_half': 14.742753159914669, 'pre_dampen_half': 0.6789053271698483, 'gpp_af': 0.19069966103000435, 'gpp_b': 0.5141096648805742, 'gpp_d': 0.09962513222055108, 'ign_k': 0.11400863701127326, 'ign_c': 23.423849847112887, 'trop_agb_crit': 1.1711509955524093, 'trop_k_veg': 2.6948022473899034, 'pop_amp': 0.00541289211202473, 'pop_peak': 0.09522672687016757, 'pop_sig': 2.2224169767547326}. Best is trial 0 with value: -0.6002194417466498.
[I 2026-08-20 00:00:18,687] Trial 3 finished with value: 0.6445374145881376 and parameters: {'k1': 0.07286653737491042, 'D_low': 70857.21663941599, 'k2': 0.00016536937182824412, 'D_high': 38.550736900261796, 'fire_exp': 4.833180632488465, 'P_half': 57.62487216478601, 'pre_dampen_half': 0.0407559644007287, 'gpp_af': 0.2991469302130217, 'gpp_b': 1.6081669283634658e-05, 'gpp_d': 352.0481045526035, 'ign_k': 0.010842262717330166, 'ign_c': 44.67752817973903, 'trop_agb_crit': 2.8869220380495735, 'trop_k_veg': 2.1144348148283285, 'pop_amp': 0.22460390897586935, 'pop_peak': 0.3119137804026946, 'pop_sig': 2.33090533794537}. Best is trial 0 with value: -0.6002194417466498.
[I 2026-08-20 00:00:21,540] Trial 4 finished with value: 0.6445374145881376 and parameters: {'k1': 0.012604664585649461, 'D_low': 433504.53927751305, 'k2': 0.03795853142670639, 'D_high': 38672.288491177474, 'fire_exp': 8.353610755311761, 'P_half': 2.2592797420156945, 'pre_dampen_half': 0.09548041810464164, 'gpp_af': 0.0016832027985721903, 'gpp_b': 0.0008953276247642705, 'gpp_d': 0.8777815504719655, 'ign_k': 0.01217295809836997, 'ign_c': 206.5142557895921, 'trop_agb_crit': 3.3648671441879534, 'trop_k_veg': 1.0895542554925703, 'pop_amp': 0.2158500393637777, 'pop_peak': 0.20187815317880453, 'pop_sig': 1.5853931938738195}. Best is trial 0 with value: -0.6002194417466498.
[I 2026-08-20 00:00:24,350] Trial 5 finished with value: 0.6404879477547085 and parameters: {'k1': 1.9870215385428627e-05, 'D_low': 834298.8013047343, 'k2': 0.012273800987852962, 'D_high': 155.7019634551661, 'fire_exp': 1.012796325733148, 'P_half': 1827.4508859816024, 'pre_dampen_half': 34.22052903270693, 'gpp_af': 4.41606889511859, 'gpp_b': 0.4242502238267319, 'gpp_d': 0.023454342277260523, 'ign_k': 0.02715581955282941, 'ign_c': 0.29072088906598437, 'trop_agb_crit': 18.832519048593593, 'trop_k_veg': 2.8151123626399843, 'pop_amp': 0.026497343171505497, 'pop_peak': 0.09382884608984206, 'pop_sig': 0.5115903340870399}. Best is trial 0 with value: -0.6002194417466498.
[I 2026-08-20 00:00:27,261] Trial 6 finished with value: 0.5378039814254723 and parameters: {'k1': 0.00019986340778528852, 'D_low': 23858.166771428845, 'k2': 0.003550012525851159, 'D_high': 2105118.05196087, 'fire_exp': 2.9662989987000667, 'P_half': 3.0086868214458438, 'pre_dampen_half': 36.831884165358986, 'gpp_af': 6.366859160799429, 'gpp_b': 0.023316490638960616, 'gpp_d': 71.58728631500188, 'ign_k': 0.09444574254983566, 'ign_c': 12.329098365270504, 'trop_agb_crit': 4.280849161757093, 'trop_k_veg': 0.5365098290336188, 'pop_amp': 0.002911013796688274, 'pop_peak': 0.06825710660077859, 'pop_sig': 1.0823068818949786}. Best is trial 0 with value: -0.6002194417466498.
[I 2026-08-20 00:00:30,328] Trial 7 finished with value: 0.6445374145881376 and parameters: {'k1': 0.00018089390092767128, 'D_low': 1125.7038385269, 'k2': 0.04268407710065494, 'D_high': 313.1506913881623, 'fire_exp': 2.572663133249956, 'P_half': 1052.4574681335635, 'pre_dampen_half': 0.13931273790066695, 'gpp_af': 0.002426048893216447, 'gpp_b': 0.0005476570938330316, 'gpp_d': 0.06398916399944082, 'ign_k': 5.233480488540088, 'ign_c': 170.79750342958198, 'trop_agb_crit': 8.622121759478738, 'trop_k_veg': 5.601613177514434, 'pop_amp': 2.861657867707, 'pop_peak': 0.31725861494155694, 'pop_sig': 1.952086271385603}. Best is trial 0 with value: -0.6002194417466498.
[I 2026-08-20 00:00:33,330] Trial 8 finished with value: 0.6445374145881376 and parameters: {'k1': 0.0014367095138664223, 'D_low': 69926.3614895932, 'k2': 0.038403004190988556, 'D_high': 809.1347435997562, 'fire_exp': 1.2884035848463484, 'P_half': 8.160948743089918, 'pre_dampen_half': 1.3662775841358907, 'gpp_af': 12.304779330083704, 'gpp_b': 1.460103021015948, 'gpp_d': 0.010833297073737752, 'ign_k': 0.11040511903162252, 'ign_c': 4.673518999562746, 'trop_agb_crit': 2.1285319216384293, 'trop_k_veg': 0.6971115660907847, 'pop_amp': 0.02831998240528965, 'pop_peak': 568.1368042701798, 'pop_sig': 0.5261904245831531}. Best is trial 0 with value: -0.6002194417466498.
[I 2026-08-20 00:00:36,247] Trial 9 finished with value: 0.6042031824326042 and parameters: {'k1': 0.0011889469769530464, 'D_low': 16523.945479957092, 'k2': 0.0002847858516856298, 'D_high': 6771618.710774375, 'fire_exp': 9.171646234807426, 'P_half': 10.16551026641873, 'pre_dampen_half': 3.063673848555843, 'gpp_af': 0.03194416563600364, 'gpp_b': 0.0005117324605095927, 'gpp_d': 0.015290959455830377, 'ign_k': 0.27431991397796696, 'ign_c': 10.249816559563204, 'trop_agb_crit': 1.1913527115921472, 'trop_k_veg': 1.0826642090628422, 'pop_amp': 8.062668789881187, 'pop_peak': 0.5362074971518407, 'pop_sig': 0.3490075971804218}. Best is trial 0 with value: -0.6002194417466498.
[I 2026-08-20 00:00:39,080] Trial 10 finished with value: 0.5997307451396059 and parameters: {'k1': 0.0013293965960052762, 'D_low': 398.8840508597335, 'k2': 0.008689322190859564, 'D_high': 242609.9337417191, 'fire_exp': 1.2140011273764808, 'P_half': 561.6888799534802, 'pre_dampen_half': 1.9903858096263796, 'gpp_af': 0.019090893160454044, 'gpp_b': 0.006144711536460061, 'gpp_d': 211.95585734151874, 'ign_k': 0.6608574348008796, 'ign_c': 50.34854794647612, 'trop_agb_crit': 20.58913199849359, 'trop_k_veg': 2.431123017687035, 'pop_amp': 0.01998290511694248, 'pop_peak': 27.013472436746767, 'pop_sig': 1.5554644583791475}. Best is trial 0 with value: -0.6002194417466498.
[I 2026-08-20 00:00:41,897] Trial 11 finished with value: 0.6444584105559337 and parameters: {'k1': 0.00017755585320111436, 'D_low': 836165.0628247623, 'k2': 0.04339641125196943, 'D_high': 9557035.008261094, 'fire_exp': 3.818563014501692, 'P_half': 51.86227379699568, 'pre_dampen_half': 222.17268411868082, 'gpp_af': 19.48462169703238, 'gpp_b': 0.016725772090874707, 'gpp_d': 164.80561196777307, 'ign_k': 0.011224938744082901, 'ign_c': 4.493588643934892, 'trop_agb_crit': 3.7623384454072446, 'trop_k_veg': 0.5318862754206208, 'pop_amp': 0.0049336919786741, 'pop_peak': 0.9807346789310314, 'pop_sig': 0.900775307384948}. Best is trial 0 with value: -0.6002194417466498.
[I 2026-08-20 00:00:44,777] Trial 12 finished with value: 0.4396326045965133 and parameters: {'k1': 0.0004972727159260664, 'D_low': 3072.8036354212268, 'k2': 0.00381809885082697, 'D_high': 2640271.642189112, 'fire_exp': 1.2685598626872727, 'P_half': 22.073061504464444, 'pre_dampen_half': 6.262328026055551, 'gpp_af': 0.18865134105035364, 'gpp_b': 5.24240047214078e-05, 'gpp_d': 0.20901339337787564, 'ign_k': 0.6950982765916428, 'ign_c': 17.69470829145316, 'trop_agb_crit': 23.61376011279033, 'trop_k_veg': 2.520620726135868, 'pop_amp': 0.008732509443866499, 'pop_peak': 71.49334837866978, 'pop_sig': 0.29734163564337523}. Best is trial 0 with value: -0.6002194417466498.
[I 2026-08-20 00:00:47,813] Trial 13 finished with value: 0.6445374145881376 and parameters: {'k1': 0.0076453253515413044, 'D_low': 12639.85646679888, 'k2': 0.0017676457876817234, 'D_high': 5339546.620204779, 'fire_exp': 1.6817687709884916, 'P_half': 61.2989815276431, 'pre_dampen_half': 0.9777539826770293, 'gpp_af': 0.007010543239415322, 'gpp_b': 2.329934457107107e-05, 'gpp_d': 4.9354596067383305, 'ign_k': 0.6815724700468995, 'ign_c': 125.95694014493618, 'trop_agb_crit': 12.037164874076064, 'trop_k_veg': 2.6419452721466294, 'pop_amp': 0.0012337313987685217, 'pop_peak': 69.10164707744518, 'pop_sig': 0.3891585028213388}. Best is trial 0 with value: -0.6002194417466498.
[I 2026-08-20 00:00:50,718] Trial 14 finished with value: 0.5356658501783612 and parameters: {'k1': 0.0033761742551004417, 'D_low': 17.954702500293852, 'k2': 0.00010117106884268855, 'D_high': 8079200.771966019, 'fire_exp': 1.26298849134777, 'P_half': 22.964627644846225, 'pre_dampen_half': 752.7977382884002, 'gpp_af': 0.25334461166674954, 'gpp_b': 4.6609580232503667e-05, 'gpp_d': 18.80288684436133, 'ign_k': 1.51123482468378, 'ign_c': 7.7439791685979555, 'trop_agb_crit': 16.842641710550378, 'trop_k_veg': 2.0149407670400175, 'pop_amp': 0.001603425201854318, 'pop_peak': 15.321570873574606, 'pop_sig': 0.796314220599594}. Best is trial 0 with value: -0.6002194417466498.
[I 2026-08-20 00:00:53,453] Trial 15 finished with value: 0.5839911340067556 and parameters: {'k1': 8.82723671881661e-05, 'D_low': 38.41792041675714, 'k2': 0.0005646858970832991, 'D_high': 604982.6160333671, 'fire_exp': 2.0645006977706246, 'P_half': 9343.427872532344, 'pre_dampen_half': 131.39709464687613, 'gpp_af': 0.012317662789420477, 'gpp_b': 2.7961925515725513e-05, 'gpp_d': 5.788403186199925, 'ign_k': 1.6014881881024612, 'ign_c': 18.29603863557519, 'trop_agb_crit': 28.455032882223062, 'trop_k_veg': 3.314775858126705, 'pop_amp': 0.0036861970323801632, 'pop_peak': 1.231611564444017, 'pop_sig': 0.7342776187500308}. Best is trial 0 with value: -0.6002194417466498.
[I 2026-08-20 00:00:56,333] Trial 16 finished with value: 0.5935440561835598 and parameters: {'k1': 0.00030431493907000397, 'D_low': 1504.4855143493705, 'k2': 0.0021987777402362415, 'D_high': 244355.19470544517, 'fire_exp': 2.005861140644015, 'P_half': 94.42639298175719, 'pre_dampen_half': 0.5430338788803531, 'gpp_af': 6.33012148428732, 'gpp_b': 0.0004914311805213328, 'gpp_d': 0.3534932987590444, 'ign_k': 0.4865263242883454, 'ign_c': 23.92586766908431, 'trop_agb_crit': 16.3910744146646, 'trop_k_veg': 3.2615681080740515, 'pop_amp': 0.1092211942485306, 'pop_peak': 157.63533681302752, 'pop_sig': 0.5599773490509469}. Best is trial 0 with value: -0.6002194417466498.
[I 2026-08-20 00:00:59,214] Trial 17 finished with value: 0.6245941178346014 and parameters: {'k1': 0.003563905351350768, 'D_low': 11014.014260651922, 'k2': 0.007140495413413388, 'D_high': 1067794.371691798, 'fire_exp': 1.7017048155519594, 'P_half': 5.9220280606356575, 'pre_dampen_half': 927.763718563947, 'gpp_af': 0.007840629851145507, 'gpp_b': 0.01153327989188283, 'gpp_d': 0.028848866896366853, 'ign_k': 0.0055858506512352175, 'ign_c': 22.314248122128443, 'trop_agb_crit': 29.624439071050276, 'trop_k_veg': 1.2921246703725688, 'pop_amp': 0.06832848300359956, 'pop_peak': 107.5909519031078, 'pop_sig': 0.31599966060110607}. Best is trial 0 with value: -0.6002194417466498.
[I 2026-08-20 00:01:02,394] Trial 18 finished with value: 0.6427390186657873 and parameters: {'k1': 0.0004017679766216993, 'D_low': 473384.995232161, 'k2': 0.012698917578260895, 'D_high': 9834132.557395553, 'fire_exp': 2.9281031789422087, 'P_half': 178.78863182283496, 'pre_dampen_half': 243.12982207608468, 'gpp_af': 0.08335011370272044, 'gpp_b': 3.8701933503969174e-05, 'gpp_d': 0.3252571322348648, 'ign_k': 0.21329668555400516, 'ign_c': 3.4126997659682208, 'trop_agb_crit': 12.534659416217142, 'trop_k_veg': 5.565093328874511, 'pop_amp': 0.026414613728028707, 'pop_peak': 7.7855142686828716, 'pop_sig': 0.3141017774847096}. Best is trial 0 with value: -0.6002194417466498.
[I 2026-08-20 00:01:05,348] Trial 19 finished with value: 0.599084754735412 and parameters: {'k1': 0.007123108980430163, 'D_low': 43510.29218709338, 'k2': 6.421306299629677e-05, 'D_high': 1930904.8021598388, 'fire_exp': 1.1715364539882434, 'P_half': 3447.352735687125, 'pre_dampen_half': 5.8240022264055655, 'gpp_af': 0.6348953741046893, 'gpp_b': 0.0005349366680073473, 'gpp_d': 33.51612775386244, 'ign_k': 2.618809177407291, 'ign_c': 16.341969534015178, 'trop_agb_crit': 17.99806825767704, 'trop_k_veg': 6.25533058435485, 'pop_amp': 0.04365563624482677, 'pop_peak': 110.95924189494932, 'pop_sig': 0.6288601236323835}. Best is trial 0 with value: -0.6002194417466498.
[I 2026-08-20 00:01:08,304] Trial 20 finished with value: 0.522944711258478 and parameters: {'k1': 2.3134483255392065e-05, 'D_low': 1019.4878878133632, 'k2': 0.00026942869777027374, 'D_high': 770235.0457081199, 'fire_exp': 1.1914231235916382, 'P_half': 247.22226268704958, 'pre_dampen_half': 1.3336153741184222, 'gpp_af': 0.10102459951546643, 'gpp_b': 2.711518783247739e-05, 'gpp_d': 1.3104436174624474, 'ign_k': 0.02692707224579449, 'ign_c': 9.780765333180284, 'trop_agb_crit': 8.68123422327137, 'trop_k_veg': 0.9225209675311014, 'pop_amp': 0.0015338001871516187, 'pop_peak': 663.9567445620119, 'pop_sig': 0.5115157115080968}. Best is trial 0 with value: -0.6002194417466498.
[I 2026-08-20 00:01:11,329] Trial 21 finished with value: 0.584739419625196 and parameters: {'k1': 8.62562177170367e-05, 'D_low': 19.375790032360793, 'k2': 0.0001304349579200834, 'D_high': 123064.39358413008, 'fire_exp': 1.088578163535628, 'P_half': 38.83316179302122, 'pre_dampen_half': 4.595568584091314, 'gpp_af': 0.022053756925631766, 'gpp_b': 3.8380661115846064e-05, 'gpp_d': 5.8038636999387245, 'ign_k': 0.021161846205292, 'ign_c': 160.7829829814893, 'trop_agb_crit': 3.302335364740313, 'trop_k_veg': 0.542980499083331, 'pop_amp': 0.006251393080563123, 'pop_peak': 11.996550280420639, 'pop_sig': 0.33085226396994777}. Best is trial 0 with value: -0.6002194417466498.
[I 2026-08-20 00:01:14,274] Trial 22 finished with value: 0.5193944020949604 and parameters: {'k1': 1.3453890181699575e-05, 'D_low': 406.8258395075303, 'k2': 7.606368075821466e-05, 'D_high': 774074.339157254, 'fire_exp': 1.0405476813599135, 'P_half': 12.95431463969622, 'pre_dampen_half': 0.7206048597361941, 'gpp_af': 0.20773741078825383, 'gpp_b': 0.003987321396118622, 'gpp_d': 1.3561113825706215, 'ign_k': 0.022765359246188856, 'ign_c': 0.1830679227029939, 'trop_agb_crit': 3.964480711726757, 'trop_k_veg': 1.3494849683487002, 'pop_amp': 0.002438710984965597, 'pop_peak': 217.16167164350637, 'pop_sig': 0.30879824302144276}. Best is trial 0 with value: -0.6002194417466498.
[I 2026-08-20 00:01:17,295] Trial 23 finished with value: 0.5963779768012165 and parameters: {'k1': 1.0539831692765813e-05, 'D_low': 1817.8473454629225, 'k2': 5.9098951872043035e-05, 'D_high': 141003.23522767922, 'fire_exp': 1.6068242686851182, 'P_half': 4.824001661226793, 'pre_dampen_half': 0.9722333624214196, 'gpp_af': 0.004570327656175418, 'gpp_b': 0.2891629581938718, 'gpp_d': 0.35708361050442117, 'ign_k': 0.1110204552147945, 'ign_c': 0.16389056724045803, 'trop_agb_crit': 8.63748023954434, 'trop_k_veg': 2.580287607322442, 'pop_amp': 0.00464134623327206, 'pop_peak': 10.203527580092178, 'pop_sig': 0.2597453599352376}. Best is trial 0 with value: -0.6002194417466498.
[I 2026-08-20 00:01:20,289] Trial 24 finished with value: 0.579182202640465 and parameters: {'k1': 0.00011172212009837276, 'D_low': 180.87414719846322, 'k2': 7.219946455865832e-05, 'D_high': 55133.81420028979, 'fire_exp': 1.942678448223417, 'P_half': 2.3341321803337096, 'pre_dampen_half': 0.19531623453348776, 'gpp_af': 14.265458018990595, 'gpp_b': 0.0013389614089084243, 'gpp_d': 30.111796280011276, 'ign_k': 0.005872079988731234, 'ign_c': 0.5270470258781574, 'trop_agb_crit': 3.9279004926620584, 'trop_k_veg': 2.2896671740035295, 'pop_amp': 0.006004951904449237, 'pop_peak': 5.3482518528287, 'pop_sig': 0.5619005245743839}. Best is trial 0 with value: -0.6002194417466498.
[I 2026-08-20 00:01:23,349] Trial 25 finished with value: 0.516407329834087 and parameters: {'k1': 0.00013245792708345476, 'D_low': 6042.964609337944, 'k2': 0.0027951609122422805, 'D_high': 168315.52509410956, 'fire_exp': 1.0451523196289354, 'P_half': 34.592756739920816, 'pre_dampen_half': 156.29281912424474, 'gpp_af': 0.9907503838946267, 'gpp_b': 6.0065896798590035e-05, 'gpp_d': 0.09262162486402965, 'ign_k': 0.7109910437583098, 'ign_c': 6.975812499703449, 'trop_agb_crit': 15.792476651898571, 'trop_k_veg': 2.2374954809069014, 'pop_amp': 0.0014703355293255438, 'pop_peak': 48.40555927374186, 'pop_sig': 0.29438711991020383}. Best is trial 0 with value: -0.6002194417466498.
[I 2026-08-20 00:01:26,455] Trial 26 finished with value: 0.628327134198523 and parameters: {'k1': 5.112985723339618e-05, 'D_low': 62678.705580760536, 'k2': 0.0004916578290761186, 'D_high': 184.4485029114857, 'fire_exp': 1.380775518653175, 'P_half': 7.766227854564218, 'pre_dampen_half': 418.1707372772098, 'gpp_af': 0.8665615864997039, 'gpp_b': 1.567578117708902e-05, 'gpp_d': 0.013694129088822738, 'ign_k': 1.5632536351331925, 'ign_c': 0.8862797080436906, 'trop_agb_crit': 11.053328531700542, 'trop_k_veg': 1.5878557434695297, 'pop_amp': 0.010151436727639804, 'pop_peak': 372.06295311472996, 'pop_sig': 0.26571227869738895}. Best is trial 0 with value: -0.6002194417466498.
[I 2026-08-20 00:01:29,416] Trial 27 finished with value: 0.49279067653999253 and parameters: {'k1': 0.0002223565178632746, 'D_low': 480.33486120650724, 'k2': 0.02959476329910222, 'D_high': 248281.88817391612, 'fire_exp': 1.4908102038790718, 'P_half': 6.2730706424158615, 'pre_dampen_half': 106.60918453925953, 'gpp_af': 0.11116430092764684, 'gpp_b': 0.0002510688881533095, 'gpp_d': 0.06124102518919045, 'ign_k': 1.2333060588857834, 'ign_c': 3.463183654909801, 'trop_agb_crit': 13.091983774070433, 'trop_k_veg': 1.7208667016204984, 'pop_amp': 0.0016507880521399387, 'pop_peak': 181.37370760094092, 'pop_sig': 1.1076409230440585}. Best is trial 0 with value: -0.6002194417466498.
[I 2026-08-20 00:01:32,391] Trial 28 finished with value: 0.4651882143443017 and parameters: {'k1': 0.0010725281222403432, 'D_low': 9.697440656096228, 'k2': 0.015172617076650755, 'D_high': 3247598.970705839, 'fire_exp': 1.1932655136349926, 'P_half': 2.681276563452687, 'pre_dampen_half': 281.75324162084956, 'gpp_af': 0.0011081217167061702, 'gpp_b': 0.00016232255480279714, 'gpp_d': 0.02043432831569938, 'ign_k': 3.856703901157666, 'ign_c': 15.199519232182075, 'trop_agb_crit': 3.8472830246401912, 'trop_k_veg': 3.987094283400173, 'pop_amp': 0.001900658538937383, 'pop_peak': 25.294038395504646, 'pop_sig': 1.5078320851716338}. Best is trial 0 with value: -0.6002194417466498.
[I 2026-08-20 00:01:35,419] Trial 29 finished with value: 0.430012174087371 and parameters: {'k1': 0.0008182716548200309, 'D_low': 3.375009348849283, 'k2': 0.019181896745426474, 'D_high': 3772087.793746965, 'fire_exp': 1.4816677184197733, 'P_half': 26.325549248620245, 'pre_dampen_half': 37.447969929776285, 'gpp_af': 0.0038524769343869975, 'gpp_b': 0.00033709875343393935, 'gpp_d': 0.018661486857778724, 'ign_k': 0.3296486459705474, 'ign_c': 3.4279055530161364, 'trop_agb_crit': 3.030483391460485, 'trop_k_veg': 2.3035577229390465, 'pop_amp': 0.0026531394403489883, 'pop_peak': 0.47898437548287753, 'pop_sig': 0.7960427741067462}. Best is trial 0 with value: -0.6002194417466498.
[I 2026-08-20 00:01:38,507] Trial 30 finished with value: -0.5167234688271238 and parameters: {'k1': 0.00033751892777334424, 'D_low': 763.1831766867394, 'k2': 0.05346017990446925, 'D_high': 1015723.3187262545, 'fire_exp': 1.6882874155986296, 'P_half': 12.257847735915027, 'pre_dampen_half': 29.705254236068885, 'gpp_af': 0.005660969259752788, 'gpp_b': 4.291672312073944e-05, 'gpp_d': 0.08749498267661333, 'ign_k': 0.005506980871195542, 'ign_c': 5.082187196319954, 'trop_agb_crit': 2.5353285310375475, 'trop_k_veg': 4.082001190893792, 'pop_amp': 0.001387743279322805, 'pop_peak': 0.2329530861877254, 'pop_sig': 0.30051505428861247}. Best is trial 0 with value: -0.6002194417466498.
[I 2026-08-20 00:01:41,602] Trial 31 finished with value: 0.46599899720912574 and parameters: {'k1': 0.001520691363159875, 'D_low': 383.20939205681725, 'k2': 0.03988375077683578, 'D_high': 824522.5263816433, 'fire_exp': 1.0607721941001296, 'P_half': 9.97091369107653, 'pre_dampen_half': 85.60508956688936, 'gpp_af': 0.03312744554795181, 'gpp_b': 1.6178379502210334e-05, 'gpp_d': 0.1295662512169393, 'ign_k': 0.009026082540942268, 'ign_c': 0.8861566356304925, 'trop_agb_crit': 3.582670160872978, 'trop_k_veg': 6.458544193740768, 'pop_amp': 0.002139144765681783, 'pop_peak': 0.3253359354649615, 'pop_sig': 0.4583811419472776}. Best is trial 0 with value: -0.6002194417466498.
