[I 2026-07-22 21:59:21,292] Trial 982 finished with values: [-0.6242968617539416, 0.030755433872091453] and parameters: {'k1': 0.003242143344038315, 'D_low': 1.1640589436768796, 'k2': 2.1698375693549493e-05, 'D_high': 2512533.442757688, 'fire_exp': 1.0551149030160454, 'P_half': 1.4378290221680121, 'pre_dampen_half': 3.9885726374014694, 'gpp_af': 0.0025511964576171086, 'gpp_b': 0.00011277885258222645, 'gpp_d': 25.017068255320467, 'ign_k': 4.59148521674054, 'ign_c': 16.626592254031866, 'trop_agb_crit': 10.719494362768906, 'trop_k_veg': 6.911478238001162, 'fuel_k': 0.09252659617259135, 'fuel_half': 2.276766792290519}.
[I 2026-07-22 21:59:21,717] Trial 983 finished with values: [10.588662251139713, 10.588662251139713] and parameters: {'k1': 0.0029707920514735983, 'D_low': 1.1640589436768796, 'k2': 0.030699709531122953, 'D_high': 1012.581322036084, 'fire_exp': 2.3750840427797026, 'P_half': 1.4378290221680121, 'pre_dampen_half': 33.71909132517388, 'gpp_af': 8.403977588241663, 'gpp_b': 0.0002637687576667052, 'gpp_d': 373.3014953695604, 'ign_k': 0.6772105870639804, 'ign_c': 0.13670484737132343, 'trop_agb_crit': 6.119263728555865, 'trop_k_veg': 0.5695379443977426, 'fuel_k': 0.8398846716543956, 'fuel_half': 81.87941582538087}.
[I 2026-07-22 21:59:22,138] Trial 984 finished with values: [10.602380895499813, 10.602380895499813] and parameters: {'k1': 9.969469187531805e-05, 'D_low': 6.08502350914002, 'k2': 1.6559474674046002e-05, 'D_high': 8433503.858791472, 'fire_exp': 2.3123511487896353, 'P_half': 27.59069025439785, 'pre_dampen_half': 10.059683154936915, 'gpp_af': 27.103231600028096, 'gpp_b': 0.5391253933695486, 'gpp_d': 6.91394869865762, 'ign_k': 4.59148521674054, 'ign_c': 0.19678273362633986, 'trop_agb_crit': 1.7813653882411722, 'trop_k_veg': 1.140286245977296, 'fuel_k': 0.028970790717327534, 'fuel_half': 2.276766792290519}.
[I 2026-07-22 21:59:22,561] Trial 985 finished with values: [10.4128782366516, 10.4128782366516] and parameters: {'k1': 0.0029707920514735983, 'D_low': 8454.098152188677, 'k2': 0.030699709531122953, 'D_high': 2512533.442757688, 'fire_exp': 2.3750840427797026, 'P_half': 1.4378290221680121, 'pre_dampen_half': 868.1843415114095, 'gpp_af': 1.4498445474033743, 'gpp_b': 0.0002637687576667052, 'gpp_d': 373.3014953695604, 'ign_k': 4.59148521674054, 'ign_c': 16.626592254031866, 'trop_agb_crit': 6.119263728555865, 'trop_k_veg': 1.140286245977296, 'fuel_k': 3.6992394681929355, 'fuel_half': 81.87941582538087}.
[I 2026-07-22 21:59:22,981] Trial 986 finished with values: [10.21546236418267, 10.21546236418267] and parameters: {'k1': 0.003242143344038315, 'D_low': 1.1640589436768796, 'k2': 0.003658518527736814, 'D_high': 2512533.442757688, 'fire_exp': 2.3750840427797026, 'P_half': 1.4378290221680121, 'pre_dampen_half': 868.1843415114095, 'gpp_af': 0.3259758793317361, 'gpp_b': 0.002022832315155261, 'gpp_d': 25.017068255320467, 'ign_k': 4.59148521674054, 'ign_c': 16.626592254031866, 'trop_agb_crit': 5.808568531484235, 'trop_k_veg': 1.7428926895756522, 'fuel_k': 0.8398846716543956, 'fuel_half': 16.371966573507315}.
[I 2026-07-22 21:59:23,407] Trial 987 finished with values: [10.426326423315727, 10.426326423315727] and parameters: {'k1': 9.969469187531805e-05, 'D_low': 1.1640589436768796, 'k2': 0.030699709531122953, 'D_high': 8433503.858791472, 'fire_exp': 2.3750840427797026, 'P_half': 1.4378290221680121, 'pre_dampen_half': 1.5885284224915077, 'gpp_af': 1.4498445474033743, 'gpp_b': 0.00011277885258222645, 'gpp_d': 25.017068255320467, 'ign_k': 4.59148521674054, 'ign_c': 0.13670484737132343, 'trop_agb_crit': 10.719494362768906, 'trop_k_veg': 1.6340262437673856, 'fuel_k': 3.7875356197077763, 'fuel_half': 16.371966573507315}.
[I 2026-07-22 21:59:23,829] Trial 988 finished with values: [10.445907026878109, 10.445907026878109] and parameters: {'k1': 9.969469187531805e-05, 'D_low': 8454.098152188677, 'k2': 0.030699709531122953, 'D_high': 2512533.442757688, 'fire_exp': 2.3750840427797026, 'P_half': 1.4378290221680121, 'pre_dampen_half': 33.71909132517388, 'gpp_af': 1.4498445474033743, 'gpp_b': 0.00011277885258222645, 'gpp_d': 373.3014953695604, 'ign_k': 4.59148521674054, 'ign_c': 16.626592254031866, 'trop_agb_crit': 10.719494362768906, 'trop_k_veg': 0.5695379443977426, 'fuel_k': 0.8398846716543956, 'fuel_half': 16.371966573507315}.
[I 2026-07-22 21:59:24,250] Trial 989 finished with values: [10.527521139333025, 10.527521139333025] and parameters: {'k1': 0.002968335334246999, 'D_low': 8454.098152188677, 'k2': 2.8459703343413838e-05, 'D_high': 8433503.858791472, 'fire_exp': 2.2271826002669806, 'P_half': 9.324787201197319, 'pre_dampen_half': 10.059683154936915, 'gpp_af': 1.1300566419249867, 'gpp_b': 3.228689523591491e-05, 'gpp_d': 8.057329182285729, 'ign_k': 0.0038887507405855736, 'ign_c': 0.13670484737132343, 'trop_agb_crit': 15.870971677383487, 'trop_k_veg': 1.2420911205694134, 'fuel_k': 0.18294854512033598, 'fuel_half': 18.202647368248815}.
[I 2026-07-22 21:59:24,674] Trial 990 finished with values: [10.48852761144737, 10.48852761144737] and parameters: {'k1': 9.969469187531805e-05, 'D_low': 1.1640589436768796, 'k2': 0.030699709531122953, 'D_high': 582349.8764421467, 'fire_exp': 2.3750840427797026, 'P_half': 2.1095259085905753, 'pre_dampen_half': 868.1843415114095, 'gpp_af': 1.4498445474033743, 'gpp_b': 0.002022832315155261, 'gpp_d': 373.3014953695604, 'ign_k': 4.59148521674054, 'ign_c': 8.356564873457042, 'trop_agb_crit': 10.719494362768906, 'trop_k_veg': 1.665640975011574, 'fuel_k': 0.017262921159278164, 'fuel_half': 81.87941582538087}.
[I 2026-07-22 21:59:25,098] Trial 991 finished with values: [12.087309920694244, 12.087309920694244] and parameters: {'k1': 0.09738633019266786, 'D_low': 91.66403471455098, 'k2': 0.05438762195226743, 'D_high': 2512533.442757688, 'fire_exp': 2.3123511487896353, 'P_half': 2.261526696072434, 'pre_dampen_half': 10.059683154936915, 'gpp_af': 0.3259758793317361, 'gpp_b': 1.2892705405728861e-05, 'gpp_d': 373.3014953695604, 'ign_k': 4.59148521674054, 'ign_c': 4.1108484350212295, 'trop_agb_crit': 10.719494362768906, 'trop_k_veg': 0.5695379443977426, 'fuel_k': 0.7156083490235493, 'fuel_half': 16.371966573507315}.
[I 2026-07-22 21:59:25,522] Trial 992 finished with values: [-0.522794245057629, 0.09510142096501051] and parameters: {'k1': 7.628652121629366e-05, 'D_low': 3884.6488249928593, 'k2': 3.5281132746849994e-05, 'D_high': 8433503.858791472, 'fire_exp': 2.2271826002669806, 'P_half': 1.4378290221680121, 'pre_dampen_half': 10.059683154936915, 'gpp_af': 2.114381609520638, 'gpp_b': 0.00011277885258222645, 'gpp_d': 373.3014953695604, 'ign_k': 4.59148521674054, 'ign_c': 8.356564873457042, 'trop_agb_crit': 10.719494362768906, 'trop_k_veg': 0.5695379443977426, 'fuel_k': 3.6992394681929355, 'fuel_half': 16.10606111547332}.
[I 2026-07-22 21:59:25,950] Trial 993 finished with values: [10.193142793276307, 10.193142793276307] and parameters: {'k1': 0.09738633019266786, 'D_low': 8454.098152188677, 'k2': 2.1698375693549493e-05, 'D_high': 8433503.858791472, 'fire_exp': 2.3123511487896353, 'P_half': 28.15630081597223, 'pre_dampen_half': 10.059683154936915, 'gpp_af': 1.4498445474033743, 'gpp_b': 0.00011277885258222645, 'gpp_d': 8.057329182285729, 'ign_k': 4.59148521674054, 'ign_c': 0.13670484737132343, 'trop_agb_crit': 5.707205898008383, 'trop_k_veg': 0.977663002683211, 'fuel_k': 3.6992394681929355, 'fuel_half': 2.276766792290519}.
  trial  994/1500  pareto_size=4  best_taylor=0.7779  best_ilamb=0.5683  (7.1 min)
[I 2026-07-22 21:59:26,539] Trial 994 finished with values: [10.685111103264479, 10.685111103264479] and parameters: {'k1': 0.003242143344038315, 'D_low': 91.66403471455098, 'k2': 2.8459703343413838e-05, 'D_high': 2512533.442757688, 'fire_exp': 1.0482996836046896, 'P_half': 9848.952560187112, 'pre_dampen_half': 868.1843415114095, 'gpp_af': 2.114381609520638, 'gpp_b': 3.228689523591491e-05, 'gpp_d': 8.057329182285729, 'ign_k': 2.9663798365255736, 'ign_c': 16.626592254031866, 'trop_agb_crit': 5.707205898008383, 'trop_k_veg': 6.911478238001162, 'fuel_k': 3.911379616905318, 'fuel_half': 8.466337919401424}.
[I 2026-07-22 21:59:26,964] Trial 995 finished with values: [-0.7441262567892019, 0.03316354106716868] and parameters: {'k1': 0.003242143344038315, 'D_low': 1.1640589436768796, 'k2': 0.030699709531122953, 'D_high': 2512533.442757688, 'fire_exp': 2.264545306066772, 'P_half': 1.4378290221680121, 'pre_dampen_half': 10.059683154936915, 'gpp_af': 1.782401184029456, 'gpp_b': 8.168628001294799e-05, 'gpp_d': 25.017068255320467, 'ign_k': 4.59148521674054, 'ign_c': 16.626592254031866, 'trop_agb_crit': 10.719494362768906, 'trop_k_veg': 4.599337386928772, 'fuel_k': 0.8398846716543956, 'fuel_half': 38.21129441691226}.
[I 2026-07-22 21:59:27,385] Trial 996 finished with values: [10.419913265763892, 10.419913265763892] and parameters: {'k1': 9.969469187531805e-05, 'D_low': 1.1640589436768796, 'k2': 0.05438762195226743, 'D_high': 2512533.442757688, 'fire_exp': 2.3123511487896353, 'P_half': 2.1095259085905753, 'pre_dampen_half': 10.059683154936915, 'gpp_af': 1.1300566419249867, 'gpp_b': 1.2892705405728861e-05, 'gpp_d': 1.277145173524828, 'ign_k': 2.9663798365255736, 'ign_c': 16.626592254031866, 'trop_agb_crit': 5.707205898008383, 'trop_k_veg': 0.5695379443977426, 'fuel_k': 0.017262921159278164, 'fuel_half': 16.371966573507315}.
[I 2026-07-22 21:59:27,808] Trial 997 finished with values: [10.483584835910408, 10.483584835910408] and parameters: {'k1': 6.693990428538841e-05, 'D_low': 13.25142220631392, 'k2': 2.8459703343413838e-05, 'D_high': 8433503.858791472, 'fire_exp': 2.3750840427797026, 'P_half': 9.324787201197319, 'pre_dampen_half': 33.71909132517388, 'gpp_af': 1.4498445474033743, 'gpp_b': 0.0002637687576667052, 'gpp_d': 8.057329182285729, 'ign_k': 4.59148521674054, 'ign_c': 0.13670484737132343, 'trop_agb_crit': 15.870971677383487, 'trop_k_veg': 0.977663002683211, 'fuel_k': 3.6992394681929355, 'fuel_half': 81.87941582538087}.
[I 2026-07-22 21:59:28,229] Trial 998 finished with values: [-0.5934014025874438, 0.07237658637499533] and parameters: {'k1': 0.0029707920514735983, 'D_low': 2.221689517798535, 'k2': 0.07799059237255677, 'D_high': 1693415.5410667954, 'fire_exp': 2.2271826002669806, 'P_half': 9.324787201197319, 'pre_dampen_half': 3.9885726374014694, 'gpp_af': 0.0025511964576171086, 'gpp_b': 1.7565109007473816e-05, 'gpp_d': 0.4841900740994021, 'ign_k': 0.602755130171958, 'ign_c': 4.1108484350212295, 'trop_agb_crit': 15.870971677383487, 'trop_k_veg': 2.2426202441332554, 'fuel_k': 0.6199941538390381, 'fuel_half': 38.21129441691226}.
[I 2026-07-22 21:59:28,651] Trial 999 finished with values: [-0.5272849181176779, 0.13619621784017422] and parameters: {'k1': 0.003242143344038315, 'D_low': 4.043300846639722, 'k2': 1.6559474674046002e-05, 'D_high': 1693415.5410667954, 'fire_exp': 2.3123511487896353, 'P_half': 27.59069025439785, 'pre_dampen_half': 6.881834772031151, 'gpp_af': 2.114381609520638, 'gpp_b': 3.228689523591491e-05, 'gpp_d': 373.3014953695604, 'ign_k': 0.050667002161528835, 'ign_c': 0.19678273362633986, 'trop_agb_crit': 11.914314587614939, 'trop_k_veg': 1.6340262437673856, 'fuel_k': 0.028970790717327534, 'fuel_half': 18.202647368248815}.
[I 2026-07-22 21:59:29,080] Trial 1000 finished with values: [10.37337559960845, 10.37337559960845] and parameters: {'k1': 9.969469187531805e-05, 'D_low': 1.1640589436768796, 'k2': 2.1698375693549493e-05, 'D_high': 65624.22510225179, 'fire_exp': 2.3123511487896353, 'P_half': 2.1095259085905753, 'pre_dampen_half': 868.1843415114095, 'gpp_af': 1.4498445474033743, 'gpp_b': 0.00011277885258222645, 'gpp_d': 8.057329182285729, 'ign_k': 4.59148521674054, 'ign_c': 16.626592254031866, 'trop_agb_crit': 10.719494362768906, 'trop_k_veg': 1.140286245977296, 'fuel_k': 0.7156083490235493, 'fuel_half': 16.371966573507315}.
[I 2026-07-22 21:59:29,504] Trial 1001 finished with values: [10.370204831197535, 10.370204831197535] and parameters: {'k1': 0.003242143344038315, 'D_low': 8454.098152188677, 'k2': 0.030699709531122953, 'D_high': 2512533.442757688, 'fire_exp': 2.3123511487896353, 'P_half': 1.4378290221680121, 'pre_dampen_half': 868.1843415114095, 'gpp_af': 2.114381609520638, 'gpp_b': 0.00011277885258222645, 'gpp_d': 8.057329182285729, 'ign_k': 4.59148521674054, 'ign_c': 16.626592254031866, 'trop_agb_crit': 5.707205898008383, 'trop_k_veg': 0.5695379443977426, 'fuel_k': 0.7156083490235493, 'fuel_half': 22.748609422442094}.
[I 2026-07-22 21:59:29,926] Trial 1002 finished with values: [-0.6694014749843057, 0.0268959475540822] and parameters: {'k1': 9.969469187531805e-05, 'D_low': 1.1640589436768796, 'k2': 0.030699709531122953, 'D_high': 2512533.442757688, 'fire_exp': 2.3750840427797026, 'P_half': 1.4378290221680121, 'pre_dampen_half': 868.1843415114095, 'gpp_af': 0.3259758793317361, 'gpp_b': 0.00011277885258222645, 'gpp_d': 8.057329182285729, 'ign_k': 4.59148521674054, 'ign_c': 16.626592254031866, 'trop_agb_crit': 10.719494362768906, 'trop_k_veg': 0.5695379443977426, 'fuel_k': 0.8398846716543956, 'fuel_half': 2.276766792290519}.
[I 2026-07-22 21:59:30,367] Trial 1003 finished with values: [10.983960954192412, 10.983960954192412] and parameters: {'k1': 0.003242143344038315, 'D_low': 1.1640589436768796, 'k2': 2.1698375693549493e-05, 'D_high': 1693415.5410667954, 'fire_exp': 1.1145272845696383, 'P_half': 1.4378290221680121, 'pre_dampen_half': 10.059683154936915, 'gpp_af': 2.114381609520638, 'gpp_b': 0.00011277885258222645, 'gpp_d': 0.4841900740994021, 'ign_k': 0.04361336125625971, 'ign_c': 16.626592254031866, 'trop_agb_crit': 2.419699259862185, 'trop_k_veg': 6.911478238001162, 'fuel_k': 0.7156083490235493, 'fuel_half': 2.276766792290519}.
[I 2026-07-22 21:59:30,802] Trial 1004 finished with values: [10.041948152128635, 10.041948152128635] and parameters: {'k1': 9.969469187531805e-05, 'D_low': 1.1640589436768796, 'k2': 0.05438762195226743, 'D_high': 1693415.5410667954, 'fire_exp': 2.3750840427797026, 'P_half': 1.4378290221680121, 'pre_dampen_half': 868.1843415114095, 'gpp_af': 2.114381609520638, 'gpp_b': 3.228689523591491e-05, 'gpp_d': 8.057329182285729, 'ign_k': 4.59148521674054, 'ign_c': 16.626592254031866, 'trop_agb_crit': 10.719494362768906, 'trop_k_veg': 0.5695379443977426, 'fuel_k': 0.017262921159278164, 'fuel_half': 38.21129441691226}.
[I 2026-07-22 21:59:31,224] Trial 1005 finished with values: [10.47697219060844, 10.47697219060844] and parameters: {'k1': 0.09538174612713206, 'D_low': 8454.098152188677, 'k2': 2.8459703343413838e-05, 'D_high': 1693415.5410667954, 'fire_exp': 1.5922031489278718, 'P_half': 9.324787201197319, 'pre_dampen_half': 3.9885726374014694, 'gpp_af': 1.4498445474033743, 'gpp_b': 0.00012118589392553819, 'gpp_d': 8.057329182285729, 'ign_k': 0.004144296901136395, 'ign_c': 4.1108484350212295, 'trop_agb_crit': 15.870971677383487, 'trop_k_veg': 6.911478238001162, 'fuel_k': 0.7156083490235493, 'fuel_half': 42.6871254378718}.
[I 2026-07-22 21:59:31,644] Trial 1006 finished with values: [11.102044093481313, 11.102044093481313] and parameters: {'k1': 0.09738633019266786, 'D_low': 11.437258028094242, 'k2': 1.6559474674046002e-05, 'D_high': 2512533.442757688, 'fire_exp': 2.3750840427797026, 'P_half': 27.59069025439785, 'pre_dampen_half': 33.71909132517388, 'gpp_af': 2.114381609520638, 'gpp_b': 0.00012118589392553819, 'gpp_d': 373.3014953695604, 'ign_k': 0.050667002161528835, 'ign_c': 0.13670484737132343, 'trop_agb_crit': 11.914314587614939, 'trop_k_veg': 0.9369104721775232, 'fuel_k': 1.4357818014689359, 'fuel_half': 33.06791837227926}.
[I 2026-07-22 21:59:32,063] Trial 1007 finished with values: [10.107795716758051, 10.107795716758051] and parameters: {'k1': 0.003242143344038315, 'D_low': 91.66403471455098, 'k2': 2.8459703343413838e-05, 'D_high': 1693415.5410667954, 'fire_exp': 2.3123511487896353, 'P_half': 1.4378290221680121, 'pre_dampen_half': 10.059683154936915, 'gpp_af': 1.1300566419249867, 'gpp_b': 0.002022832315155261, 'gpp_d': 8.057329182285729, 'ign_k': 4.59148521674054, 'ign_c': 16.626592254031866, 'trop_agb_crit': 5.707205898008383, 'trop_k_veg': 1.7428926895756522, 'fuel_k': 0.11650538392235156, 'fuel_half': 81.87941582538087}.
[I 2026-07-22 21:59:32,483] Trial 1008 finished with values: [10.768834833363293, 10.768834833363293] and parameters: {'k1': 0.0019386039125504583, 'D_low': 1.1640589436768796, 'k2': 0.003658518527736814, 'D_high': 580966.5602369158, 'fire_exp': 2.3750840427797026, 'P_half': 224.42820887784595, 'pre_dampen_half': 0.08363369134116434, 'gpp_af': 1.4498445474033743, 'gpp_b': 0.00011277885258222645, 'gpp_d': 25.017068255320467, 'ign_k': 4.59148521674054, 'ign_c': 16.626592254031866, 'trop_agb_crit': 5.707205898008383, 'trop_k_veg': 1.7428926895756522, 'fuel_k': 0.09252659617259135, 'fuel_half': 81.87941582538087}.
[I 2026-07-22 21:59:32,902] Trial 1009 finished with values: [-0.7108852971684763, 0.025615906901749863] and parameters: {'k1': 0.003242143344038315, 'D_low': 1.1640589436768796, 'k2': 0.00036821611602060956, 'D_high': 1693415.5410667954, 'fire_exp': 2.3123511487896353, 'P_half': 9.324787201197319, 'pre_dampen_half': 10.059683154936915, 'gpp_af': 2.114381609520638, 'gpp_b': 0.00011277885258222645, 'gpp_d': 8.057329182285729, 'ign_k': 4.59148521674054, 'ign_c': 16.626592254031866, 'trop_agb_crit': 5.707205898008383, 'trop_k_veg': 6.911478238001162, 'fuel_k': 0.7156083490235493, 'fuel_half': 2.276766792290519}.
[I 2026-07-22 21:59:33,325] Trial 1010 finished with values: [-0.7238485890363952, 0.03290701921581607] and parameters: {'k1': 9.969469187531805e-05, 'D_low': 1.1640589436768796, 'k2': 0.003658518527736814, 'D_high': 2512533.442757688, 'fire_exp': 2.3750840427797026, 'P_half': 1.4378290221680121, 'pre_dampen_half': 868.1843415114095, 'gpp_af': 1.4498445474033743, 'gpp_b': 1.2892705405728861e-05, 'gpp_d': 373.3014953695604, 'ign_k': 4.59148521674054, 'ign_c': 16.626592254031866, 'trop_agb_crit': 10.719494362768906, 'trop_k_veg': 1.7428926895756522, 'fuel_k': 3.6992394681929355, 'fuel_half': 81.87941582538087}.
[I 2026-07-22 21:59:33,746] Trial 1011 finished with values: [13.14974024840119, 13.14974024840119] and parameters: {'k1': 0.003242143344038315, 'D_low': 4.043300846639722, 'k2': 2.8459703343413838e-05, 'D_high': 1693415.5410667954, 'fire_exp': 1.3936315665489396, 'P_half': 1.4378290221680121, 'pre_dampen_half': 10.059683154936915, 'gpp_af': 0.0025511964576171086, 'gpp_b': 1.7565109007473816e-05, 'gpp_d': 34.972243108738105, 'ign_k': 0.050667002161528835, 'ign_c': 0.13670484737132343, 'trop_agb_crit': 10.719494362768906, 'trop_k_veg': 1.6340262437673856, 'fuel_k': 3.6992394681929355, 'fuel_half': 2.276766792290519}.
[I 2026-07-22 21:59:34,169] Trial 1012 finished with values: [10.015160686848354, 10.015160686848354] and parameters: {'k1': 0.00021779362074814804, 'D_low': 1.1640589436768796, 'k2': 0.030699709531122953, 'D_high': 2512533.442757688, 'fire_exp': 2.3750840427797026, 'P_half': 2.1095259085905753, 'pre_dampen_half': 868.1843415114095, 'gpp_af': 0.3259758793317361, 'gpp_b': 1.2892705405728861e-05, 'gpp_d': 373.3014953695604, 'ign_k': 0.0012728781576199358, 'ign_c': 8.356564873457042, 'trop_agb_crit': 10.719494362768906, 'trop_k_veg': 0.5695379443977426, 'fuel_k': 0.017262921159278164, 'fuel_half': 16.371966573507315}.
[I 2026-07-22 21:59:34,608] Trial 1013 finished with values: [10.410273306362212, 10.410273306362212] and parameters: {'k1': 0.052334804885400876, 'D_low': 8454.098152188677, 'k2': 0.003658518527736814, 'D_high': 2512533.442757688, 'fire_exp': 2.1877314568674895, 'P_half': 1.4378290221680121, 'pre_dampen_half': 33.71909132517388, 'gpp_af': 1.4498445474033743, 'gpp_b': 0.00011277885258222645, 'gpp_d': 373.3014953695604, 'ign_k': 4.59148521674054, 'ign_c': 16.626592254031866, 'trop_agb_crit': 5.707205898008383, 'trop_k_veg': 4.599337386928772, 'fuel_k': 0.017262921159278164, 'fuel_half': 38.21129441691226}.
[I 2026-07-22 21:59:35,050] Trial 1014 finished with values: [10.761520881646504, 10.761520881646504] and parameters: {'k1': 9.969469187531805e-05, 'D_low': 1.1640589436768796, 'k2': 0.030699709531122953, 'D_high': 13.968526091630164, 'fire_exp': 2.3750840427797026, 'P_half': 2.1095259085905753, 'pre_dampen_half': 10.059683154936915, 'gpp_af': 2.114381609520638, 'gpp_b': 1.2892705405728861e-05, 'gpp_d': 25.017068255320467, 'ign_k': 4.59148521674054, 'ign_c': 16.626592254031866, 'trop_agb_crit': 10.719494362768906, 'trop_k_veg': 1.7428926895756522, 'fuel_k': 0.017262921159278164, 'fuel_half': 16.371966573507315}.
[I 2026-07-22 21:59:35,477] Trial 1015 finished with values: [10.769230768838547, 10.769230768838547] and parameters: {'k1': 0.003242143344038315, 'D_low': 1628.7738522891475, 'k2': 0.003658518527736814, 'D_high': 580966.5602369158, 'fire_exp': 2.3123511487896353, 'P_half': 9.324787201197319, 'pre_dampen_half': 11.88679684143525, 'gpp_af': 1.4498445474033743, 'gpp_b': 1.7565109007473816e-05, 'gpp_d': 8.057329182285729, 'ign_k': 0.050667002161528835, 'ign_c': 212.2209111007691, 'trop_agb_crit': 15.870971677383487, 'trop_k_veg': 1.7428926895756522, 'fuel_k': 0.7156083490235493, 'fuel_half': 0.4447485568484281}.
[I 2026-07-22 21:59:35,900] Trial 1016 finished with values: [10.185410705588396, 10.185410705588396] and parameters: {'k1': 0.003242143344038315, 'D_low': 1.1640589436768796, 'k2': 0.00036821611602060956, 'D_high': 8433503.858791472, 'fire_exp': 2.3750840427797026, 'P_half': 1.4378290221680121, 'pre_dampen_half': 33.71909132517388, 'gpp_af': 2.114381609520638, 'gpp_b': 0.00011277885258222645, 'gpp_d': 8.057329182285729, 'ign_k': 4.59148521674054, 'ign_c': 16.626592254031866, 'trop_agb_crit': 5.707205898008383, 'trop_k_veg': 1.7428926895756522, 'fuel_k': 3.6992394681929355, 'fuel_half': 2.276766792290519}.
