[I 2026-06-11 13:21:16,700] Trial 92 finished with values: [10.76910340720228, 10.76910340720228] and parameters: {'k1': 1.392416289024867e-05, 'D_low': 37.13474360443033, 'k2': 0.018467059900514494, 'D_high': 570.8731724249576, 'fire_exp': 3.8979230431144027, 'P_half': 70.91190338709636, 'pre_dampen_half': 0.015372374060846974, 'gpp_af': 12.971876440863593, 'gpp_b': 0.001449251800073137, 'gpp_d': 0.043181981126981975, 'ign_k': 0.12273630375458194, 'ign_c': 3.4321391362415827, 'trop_agb_crit': 6.351751286408562, 'trop_k_veg': 6.172643383211297, 'fire_amp': 1.1652342369617454}.
[I 2026-06-11 13:21:17,635] Trial 93 finished with values: [10.769230357051894, 10.769230357051894] and parameters: {'k1': 0.0003158510449922799, 'D_low': 13.894673469237208, 'k2': 0.029812370697208823, 'D_high': 78.41214856323661, 'fire_exp': 9.188032853819758, 'P_half': 567.0346335627289, 'pre_dampen_half': 706.9588467653589, 'gpp_af': 0.0016436129702486315, 'gpp_b': 0.0040640966882101795, 'gpp_d': 4.350163152436989, 'ign_k': 9.37258061358119, 'ign_c': 0.19732688444088908, 'trop_agb_crit': 6.578243352094135, 'trop_k_veg': 7.347279422728114, 'fire_amp': 2.55299075143036}.
[I 2026-06-11 13:21:18,520] Trial 94 finished with values: [10.766795540757753, 10.766795540757753] and parameters: {'k1': 0.0071350717305711155, 'D_low': 3809.1436474916286, 'k2': 0.0001016707987819611, 'D_high': 241.42596390104578, 'fire_exp': 1.2798881300289222, 'P_half': 61.6097529474144, 'pre_dampen_half': 8.259599205585761, 'gpp_af': 0.016306190741524337, 'gpp_b': 0.0004125336560355494, 'gpp_d': 0.7698760608299932, 'ign_k': 0.004105873950290761, 'ign_c': 1.9423015749984096, 'trop_agb_crit': 2.0527418919564324, 'trop_k_veg': 1.2396985988794134, 'fire_amp': 1.032981306188127}.
[I 2026-06-11 13:21:19,556] Trial 95 finished with values: [10.769230768928226, 10.769230768928226] and parameters: {'k1': 0.016973078532467004, 'D_low': 3840.3004190988563, 'k2': 0.003242143344038315, 'D_high': 27.55546207779663, 'fire_exp': 1.6901885781909627, 'P_half': 1500.032805376629, 'pre_dampen_half': 123.04779330083686, 'gpp_af': 20.12115544906385, 'gpp_b': 1.1008110571039521e-05, 'gpp_d': 87.69726637617669, 'ign_k': 0.004042960692360329, 'ign_c': 1.7655835392092531, 'trop_agb_crit': 2.3283517450922546, 'trop_k_veg': 1.2749676887479542, 'fire_amp': 1.555027415921118}.
[I 2026-06-11 13:21:20,482] Trial 96 finished with values: [10.769230768928226, 10.769230768928226] and parameters: {'k1': 0.00031489116479568613, 'D_low': 6351.221010640702, 'k2': 0.008471801418819975, 'D_high': 24.9899605789089, 'fire_exp': 1.7505406131449859, 'P_half': 1889.771394135163, 'pre_dampen_half': 0.0195172246414495, 'gpp_af': 14.161176080022173, 'gpp_b': 0.040428727350273294, 'gpp_d': 21.899070557043984, 'ign_k': 0.00660597889201953, 'ign_c': 757.9479953347999, 'trop_agb_crit': 21.086120736447015, 'trop_k_veg': 0.5183533149347164, 'fire_amp': 1.1655705619308396}.
[I 2026-06-11 13:21:21,406] Trial 97 finished with values: [10.767676556782211, 10.767676556782211] and parameters: {'k1': 0.0004110848435021229, 'D_low': 236.79352040223893, 'k2': 0.015763894361785387, 'D_high': 10484.531351650956, 'fire_exp': 3.150954985759691, 'P_half': 2.226799690893868, 'pre_dampen_half': 0.11609694921678075, 'gpp_af': 2.9749683811098437, 'gpp_b': 0.29691821779634864, 'gpp_d': 1.4397852866783676, 'ign_k': 0.22891315306837046, 'ign_c': 3.706603917411953, 'trop_agb_crit': 4.427958131171205, 'trop_k_veg': 6.133177812136482, 'fire_amp': 1.8663600389828578}.
[I 2026-06-11 13:21:22,364] Trial 98 finished with values: [10.551784772149043, 10.551784772149043] and parameters: {'k1': 0.00026539376439360527, 'D_low': 1074.940539517341, 'k2': 1.1417577140741129e-05, 'D_high': 29.126651668813768, 'fire_exp': 1.111738490499784, 'P_half': 12.262543158860007, 'pre_dampen_half': 189.36639872354493, 'gpp_af': 3.298293484806585, 'gpp_b': 0.006999112505425414, 'gpp_d': 0.030844007727232167, 'ign_k': 0.09256855841989636, 'ign_c': 7.832259769732471, 'trop_agb_crit': 1.8023542850487386, 'trop_k_veg': 1.6648666152166967, 'fire_amp': 2.042193818779288}.
[I 2026-06-11 13:21:23,280] Trial 99 finished with values: [10.76476910886757, 10.76476910886757] and parameters: {'k1': 0.006079905434073396, 'D_low': 43.2326421037033, 'k2': 2.316457903103837e-05, 'D_high': 2295.7398214549485, 'fire_exp': 1.14171776851287, 'P_half': 157.80309954142965, 'pre_dampen_half': 1.6130673726933187, 'gpp_af': 27.448645214004376, 'gpp_b': 0.00047819318414852577, 'gpp_d': 0.03848886303127135, 'ign_k': 0.02779045054796808, 'ign_c': 111.18405953132105, 'trop_agb_crit': 8.188098178380693, 'trop_k_veg': 0.6618107836658104, 'fire_amp': 1.5587346124822492}.
[I 2026-06-11 13:21:24,183] Trial 100 finished with values: [10.761812774861841, 10.761812774861841] and parameters: {'k1': 0.016973078532467004, 'D_low': 148.21691630007544, 'k2': 0.0001870742013766025, 'D_high': 241.42596390104578, 'fire_exp': 1.2347586388212888, 'P_half': 4303.306161410612, 'pre_dampen_half': 123.04779330083686, 'gpp_af': 0.10098504976210308, 'gpp_b': 3.1906667956153174, 'gpp_d': 3.57879245350232, 'ign_k': 0.0467351899956275, 'ign_c': 0.773448215664679, 'trop_agb_crit': 5.588032458772675, 'trop_k_veg': 2.724170387400844, 'fire_amp': 5.416595007374148}.
[I 2026-06-11 13:21:25,131] Trial 101 finished with values: [10.769230768928226, 10.769230768928226] and parameters: {'k1': 0.032270237615157994, 'D_low': 2186.356344942016, 'k2': 0.018467059900514494, 'D_high': 1266.9536563782303, 'fire_exp': 1.4848387260494937, 'P_half': 70.91190338709636, 'pre_dampen_half': 0.32128420171885896, 'gpp_af': 0.004831624275180355, 'gpp_b': 5.0875243087016374e-05, 'gpp_d': 563.8801013171912, 'ign_k': 3.965503094323014, 'ign_c': 3.4321391362415827, 'trop_agb_crit': 4.558317869445611, 'trop_k_veg': 6.172643383211297, 'fire_amp': 1.4475279918261055}.
[I 2026-06-11 13:21:26,098] Trial 102 finished with values: [10.619818459224653, 10.619818459224653] and parameters: {'k1': 5.7909642338812115e-05, 'D_low': 24.28756508761176, 'k2': 0.0002442377596403892, 'D_high': 8912.611835817017, 'fire_exp': 1.5315561686017187, 'P_half': 7.914423612155368, 'pre_dampen_half': 1.8469033699850426, 'gpp_af': 0.005061568304359487, 'gpp_b': 0.004411400434514031, 'gpp_d': 1.0088237648985734, 'ign_k': 0.17320535908244444, 'ign_c': 14.709699119495124, 'trop_agb_crit': 3.430044314610246, 'trop_k_veg': 5.453348988480011, 'fire_amp': 3.1045399027418377}.
[I 2026-06-11 13:21:27,130] Trial 103 finished with values: [10.677791902275995, 10.677791902275995] and parameters: {'k1': 6.784924519083143e-05, 'D_low': 1.2768174677433957, 'k2': 0.0004976087827261435, 'D_high': 42210.21267871043, 'fire_exp': 1.2918065501148304, 'P_half': 93.43302657318476, 'pre_dampen_half': 231.59500020699807, 'gpp_af': 0.2204465010099918, 'gpp_b': 0.0003601974223479835, 'gpp_d': 0.03927259340973166, 'ign_k': 0.22970993031159073, 'ign_c': 39.52220881906114, 'trop_agb_crit': 8.354945434478699, 'trop_k_veg': 2.520089655463604, 'fire_amp': 3.713485315741754}.
[I 2026-06-11 13:21:28,163] Trial 104 finished with values: [11.584525274424141, 11.584525274424141] and parameters: {'k1': 5.7909642338812115e-05, 'D_low': 1.4002277211577039, 'k2': 0.0007731571570012607, 'D_high': 1817.0401889219124, 'fire_exp': 1.111738490499784, 'P_half': 1.4551749476072258, 'pre_dampen_half': 189.36639872354493, 'gpp_af': 3.298293484806585, 'gpp_b': 0.006999112505425414, 'gpp_d': 1.0088237648985734, 'ign_k': 0.09256855841989636, 'ign_c': 7.832259769732471, 'trop_agb_crit': 1.8023542850487386, 'trop_k_veg': 5.453348988480011, 'fire_amp': 5.44779717154213}.
[I 2026-06-11 13:21:29,158] Trial 105 finished with values: [10.759933941741204, 10.759933941741204] and parameters: {'k1': 5.178197947282869e-05, 'D_low': 408.3047491580097, 'k2': 8.968733598183248e-05, 'D_high': 24.9899605789089, 'fire_exp': 1.7505406131449859, 'P_half': 774.5825831079144, 'pre_dampen_half': 1.3833139021965035, 'gpp_af': 68.11991466118579, 'gpp_b': 0.002416023630607169, 'gpp_d': 184.0972398983907, 'ign_k': 0.00660597889201953, 'ign_c': 3.470490935437501, 'trop_agb_crit': 18.081400596781233, 'trop_k_veg': 0.5183533149347164, 'fire_amp': 1.3548493046145347}.
[I 2026-06-11 13:21:30,157] Trial 106 finished with values: [10.75474054391839, 10.75474054391839] and parameters: {'k1': 4.739584301027366e-05, 'D_low': 13.012518385211498, 'k2': 8.968733598183248e-05, 'D_high': 22.636544662054543, 'fire_exp': 1.3201882743050743, 'P_half': 774.5825831079144, 'pre_dampen_half': 0.10756440816904224, 'gpp_af': 14.161176080022173, 'gpp_b': 0.002416023630607169, 'gpp_d': 107.84642153666701, 'ign_k': 0.0014363112408604436, 'ign_c': 1.4879588507789996, 'trop_agb_crit': 8.462233625364036, 'trop_k_veg': 0.5183533149347164, 'fire_amp': 1.1655705619308396}.
[I 2026-06-11 13:21:31,165] Trial 107 finished with values: [10.769230768928226, 10.769230768928226] and parameters: {'k1': 0.02193865417811505, 'D_low': 5745.508803834167, 'k2': 5.572807500029961e-05, 'D_high': 218.58605829601817, 'fire_exp': 1.3780725202518265, 'P_half': 1500.032805376629, 'pre_dampen_half': 12.59980371769727, 'gpp_af': 0.4648421057440751, 'gpp_b': 2.308636184489409, 'gpp_d': 19.675094798531365, 'ign_k': 0.5876331101080223, 'ign_c': 58.04314717414065, 'trop_agb_crit': 2.3283517450922546, 'trop_k_veg': 3.9334225320222664, 'fire_amp': 1.2794169340673422}.
[I 2026-06-11 13:21:32,199] Trial 108 finished with values: [10.567426165683187, 10.567426165683187] and parameters: {'k1': 0.0869690639641868, 'D_low': 2267.735223551285, 'k2': 3.152468275632564e-05, 'D_high': 949.9072859745386, 'fire_exp': 1.14171776851287, 'P_half': 157.80309954142965, 'pre_dampen_half': 9.044346216330972, 'gpp_af': 0.09885838682552685, 'gpp_b': 2.1309331861011757e-05, 'gpp_d': 0.4742269251269962, 'ign_k': 1.6270983114897255, 'ign_c': 0.10435856341129002, 'trop_agb_crit': 8.188098178380693, 'trop_k_veg': 0.6618107836658104, 'fire_amp': 2.6192385880432525}.
[I 2026-06-11 13:21:33,248] Trial 109 finished with values: [10.769230768928226, 10.769230768928226] and parameters: {'k1': 5.415244119402538e-05, 'D_low': 16.480446427978972, 'k2': 1.97778285124627e-05, 'D_high': 534.2937261279774, 'fire_exp': 1.305777134899723, 'P_half': 280.163515871626, 'pre_dampen_half': 0.04982752357076448, 'gpp_af': 0.04513257622008944, 'gpp_b': 2.4063018320720924e-05, 'gpp_d': 1.9069966103000422, 'ign_k': 1.382623217936987, 'ign_c': 82.87522363768154, 'trop_agb_crit': 8.74479618932312, 'trop_k_veg': 5.85168037586392, 'fire_amp': 1.0867895322868466}.
[I 2026-06-11 13:21:34,242] Trial 110 finished with values: [10.769229413798282, 10.769229413798282] and parameters: {'k1': 0.0001971137615017176, 'D_low': 19.192001101561882, 'k2': 5.572807500029961e-05, 'D_high': 14.557961490251989, 'fire_exp': 3.898458749305194, 'P_half': 277.00025557434554, 'pre_dampen_half': 0.2774295811500811, 'gpp_af': 0.36346725534286806, 'gpp_b': 1.2450130664570098, 'gpp_d': 16.821470258034143, 'ign_k': 0.13500744867919376, 'ign_c': 0.1611736893633666, 'trop_agb_crit': 3.1419938725278875, 'trop_k_veg': 0.7258074184598352, 'fire_amp': 1.2794169340673422}.
[I 2026-06-11 13:21:35,248] Trial 111 finished with values: [10.769230768928226, 10.769230768928226] and parameters: {'k1': 9.461469059966113e-05, 'D_low': 7799.059237255678, 'k2': 0.00037358626308127543, 'D_high': 218.58605829601817, 'fire_exp': 4.2769938521987285, 'P_half': 1510.9330261674459, 'pre_dampen_half': 3.2597587933173577, 'gpp_af': 0.76651282046602, 'gpp_b': 2.308636184489409, 'gpp_d': 0.09467055845337147, 'ign_k': 0.004042960692360329, 'ign_c': 1.7655835392092531, 'trop_agb_crit': 2.3283517450922546, 'trop_k_veg': 3.9334225320222664, 'fire_amp': 1.06192368173466}.
[I 2026-06-11 13:21:36,177] Trial 112 finished with values: [10.324433057893623, 10.324433057893623] and parameters: {'k1': 0.00023134781612225627, 'D_low': 1.7551403048208316, 'k2': 0.0001280886335404798, 'D_high': 32311.521854410956, 'fire_exp': 1.811096651915224, 'P_half': 5.4712187293420325, 'pre_dampen_half': 121.93011993958949, 'gpp_af': 0.07118041471054574, 'gpp_b': 0.00031478066835753096, 'gpp_d': 0.1619054449471649, 'ign_k': 0.002357279455676982, 'ign_c': 7.081721844034206, 'trop_agb_crit': 12.708819454040446, 'trop_k_veg': 0.5535297685306277, 'fire_amp': 1.5719333351012774}.
[I 2026-06-11 13:21:37,144] Trial 113 finished with values: [10.76337591702163, 10.76337591702163] and parameters: {'k1': 0.0009071933427331367, 'D_low': 1440.3650379563878, 'k2': 2.316457903103837e-05, 'D_high': 949.9072859745386, 'fire_exp': 1.14171776851287, 'P_half': 157.80309954142965, 'pre_dampen_half': 0.12765775690366168, 'gpp_af': 27.448645214004376, 'gpp_b': 0.0012749409641020352, 'gpp_d': 0.03848886303127135, 'ign_k': 0.0037322156377670697, 'ign_c': 111.18405953132105, 'trop_agb_crit': 8.188098178380693, 'trop_k_veg': 0.6618107836658104, 'fire_amp': 1.1626468420952578}.
[I 2026-06-11 13:21:38,063] Trial 114 finished with values: [10.769230768356564, 10.769230768356564] and parameters: {'k1': 0.004467752817973905, 'D_low': 5745.508803834167, 'k2': 0.0012030178871154666, 'D_high': 1537.592023548176, 'fire_exp': 1.3780725202518265, 'P_half': 1500.032805376629, 'pre_dampen_half': 867.6409475740121, 'gpp_af': 0.4648421057440751, 'gpp_b': 2.308636184489409, 'gpp_d': 9.761125443110442, 'ign_k': 0.004042960692360329, 'ign_c': 0.22592797420156951, 'trop_agb_crit': 2.3283517450922546, 'trop_k_veg': 3.9334225320222664, 'fire_amp': 1.06192368173466}.
[I 2026-06-11 13:21:38,997] Trial 115 finished with values: [14.448801619439914, 14.448801619439914] and parameters: {'k1': 0.00026539376439360527, 'D_low': 133.4807155996069, 'k2': 0.0014539199187561544, 'D_high': 3545.843846227985, 'fire_exp': 1.111738490499784, 'P_half': 1.4551749476072258, 'pre_dampen_half': 189.36639872354493, 'gpp_af': 3.298293484806585, 'gpp_b': 0.5903603324157484, 'gpp_d': 525.1661172395181, 'ign_k': 0.057001421052469435, 'ign_c': 7.832259769732471, 'trop_agb_crit': 1.0900492537293804, 'trop_k_veg': 1.6648666152166967, 'fire_amp': 4.472176921013167}.
[I 2026-06-11 13:21:39,913] Trial 116 finished with values: [10.769120798992999, 10.769120798992999] and parameters: {'k1': 0.0028422402394344265, 'D_low': 47.09471197589547, 'k2': 0.053816312113049804, 'D_high': 29124.30416261908, 'fire_exp': 1.1097334326431894, 'P_half': 1.2748758606816126, 'pre_dampen_half': 0.7626351785803364, 'gpp_af': 0.001574468792220529, 'gpp_b': 8.38796821093948, 'gpp_d': 0.05650468465378641, 'ign_k': 0.2379703566060643, 'ign_c': 3.3385926007093936, 'trop_agb_crit': 27.082027345327276, 'trop_k_veg': 5.163952365038207, 'fire_amp': 4.491035932123984}.
[I 2026-06-11 13:21:40,818] Trial 117 finished with values: [10.08053078673475, 10.08053078673475] and parameters: {'k1': 0.00031134168041628584, 'D_low': 12.105387404469584, 'k2': 0.003767022142229395, 'D_high': 22.636544662054543, 'fire_exp': 1.0601964743503993, 'P_half': 69.68111190775313, 'pre_dampen_half': 33.71909132517384, 'gpp_af': 0.0662749342026412, 'gpp_b': 1.4540386644083135e-05, 'gpp_d': 28.312234265202243, 'ign_k': 0.00840038491455979, 'ign_c': 157.63098727399432, 'trop_agb_crit': 1.0693376406863295, 'trop_k_veg': 0.6673124511410327, 'fire_amp': 4.783836175730692}.
[I 2026-06-11 13:21:41,766] Trial 118 finished with values: [10.720720092705102, 10.720720092705102] and parameters: {'k1': 0.00026539376439360527, 'D_low': 8832.039346746853, 'k2': 1.1417577140741129e-05, 'D_high': 29.126651668813768, 'fire_exp': 1.264103030891254, 'P_half': 1.4551749476072258, 'pre_dampen_half': 0.16974173693738634, 'gpp_af': 3.298293484806585, 'gpp_b': 0.00013164432569139702, 'gpp_d': 0.26636419343091605, 'ign_k': 0.09256855841989636, 'ign_c': 7.832259769732471, 'trop_agb_crit': 1.3137567821944718, 'trop_k_veg': 2.1406449943451844, 'fire_amp': 2.042193818779288}.
[I 2026-06-11 13:21:42,749] Trial 119 finished with values: [10.769144601641774, 10.769144601641774] and parameters: {'k1': 0.048249142811802544, 'D_low': 3.4360613844702605, 'k2': 1.303559038508507e-05, 'D_high': 10484.531351650956, 'fire_exp': 5.600924137982412, 'P_half': 655.1173063184817, 'pre_dampen_half': 0.11609694921678075, 'gpp_af': 0.07118041471054574, 'gpp_b': 1.2225538397552075e-05, 'gpp_d': 12.338826503601998, 'ign_k': 0.029898855088295265, 'ign_c': 7.081721844034206, 'trop_agb_crit': 4.427958131171205, 'trop_k_veg': 6.133177812136482, 'fire_amp': 1.8663600389828578}.
[I 2026-06-11 13:21:43,682] Trial 120 finished with values: [10.769230768928226, 10.769230768928226] and parameters: {'k1': 0.0003158510449922799, 'D_low': 2.843767489444367, 'k2': 0.029812370697208823, 'D_high': 32311.521854410956, 'fire_exp': 9.188032853819758, 'P_half': 1.1184534120760474, 'pre_dampen_half': 706.9588467653589, 'gpp_af': 0.0016436129702486315, 'gpp_b': 0.015062722325200045, 'gpp_d': 4.350163152436989, 'ign_k': 0.002357279455676982, 'ign_c': 0.19732688444088908, 'trop_agb_crit': 21.380932890222198, 'trop_k_veg': 2.8926781829782864, 'fire_amp': 1.8357623383234334}.
[I 2026-06-11 13:21:44,604] Trial 121 finished with values: [10.608716101282951, 10.608716101282951] and parameters: {'k1': 0.032270237615157994, 'D_low': 148.21691630007544, 'k2': 0.0001016707987819611, 'D_high': 570.8731724249576, 'fire_exp': 2.3820146568432237, 'P_half': 70.91190338709636, 'pre_dampen_half': 8.259599205585761, 'gpp_af': 42.29037995744429, 'gpp_b': 0.00012118589392553798, 'gpp_d': 545.0253444559129, 'ign_k': 3.965503094323014, 'ign_c': 3.4321391362415827, 'trop_agb_crit': 5.588032458772675, 'trop_k_veg': 6.172643383211297, 'fire_amp': 1.032981306188127}.
[I 2026-06-11 13:21:45,538] Trial 122 finished with values: [10.363844815217563, 10.363844815217563] and parameters: {'k1': 0.0018697387216131526, 'D_low': 1.7551403048208316, 'k2': 0.045914852167405346, 'D_high': 16780.50857913099, 'fire_exp': 1.41873960828944, 'P_half': 3.591771421517613, 'pre_dampen_half': 16.009350908593582, 'gpp_af': 0.008117091133892173, 'gpp_b': 0.00807491410172472, 'gpp_d': 12.338826503601998, 'ign_k': 0.07867677706257832, 'ign_c': 7.081721844034206, 'trop_agb_crit': 12.708819454040446, 'trop_k_veg': 0.5535297685306277, 'fire_amp': 1.5719333351012774}.
[I 2026-06-11 13:21:46,445] Trial 123 finished with values: [10.671535329561433, 10.671535329561433] and parameters: {'k1': 0.00035868164986275477, 'D_low': 12.172958098369968, 'k2': 0.02065142557895925, 'D_high': 267.3088310781672, 'fire_exp': 1.0812994412809738, 'P_half': 157.3644610977214, 'pre_dampen_half': 0.050654860639753524, 'gpp_af': 1.9998014714101113, 'gpp_b': 2.800940363375676e-05, 'gpp_d': 859.8737339212263, 'ign_k': 0.8945150807271531, 'ign_c': 16.497426799845446, 'trop_agb_crit': 8.0091368834625, 'trop_k_veg': 1.6003641872536711, 'fire_amp': 1.5587346124822492}.
[I 2026-06-11 13:21:47,383] Trial 124 finished with values: [10.685029598143718, 10.685029598143718] and parameters: {'k1': 0.012840669372724958, 'D_low': 171.2446447678494, 'k2': 0.00037358626308127543, 'D_high': 36998.679204890876, 'fire_exp': 4.2769938521987285, 'P_half': 93.43302657318476, 'pre_dampen_half': 30.697381831179275, 'gpp_af': 0.2204465010099918, 'gpp_b': 2.176805640408474e-05, 'gpp_d': 0.09467055845337147, 'ign_k': 0.0029519227433917453, 'ign_c': 39.52220881906114, 'trop_agb_crit': 12.647327018493208, 'trop_k_veg': 2.520089655463604, 'fire_amp': 5.606809127618709}.
[I 2026-06-11 13:21:48,290] Trial 125 finished with values: [10.755238547380072, 10.755238547380072] and parameters: {'k1': 0.00023134781612225627, 'D_low': 2.843767489444367, 'k2': 2.316457903103837e-05, 'D_high': 949.9072859745386, 'fire_exp': 1.14171776851287, 'P_half': 157.80309954142965, 'pre_dampen_half': 1.6130673726933187, 'gpp_af': 27.448645214004376, 'gpp_b': 0.0012749409641020352, 'gpp_d': 0.03848886303127135, 'ign_k': 0.002357279455676982, 'ign_c': 388.02797007866826, 'trop_agb_crit': 8.188098178380693, 'trop_k_veg': 2.8926781829782864, 'fire_amp': 1.8357623383234334}.
[I 2026-06-11 13:21:49,206] Trial 126 finished with values: [10.766183013175327, 10.766183013175327] and parameters: {'k1': 0.00023134781612225627, 'D_low': 3840.3004190988563, 'k2': 0.0001870742013766025, 'D_high': 27.55546207779663, 'fire_exp': 1.9831200589258544, 'P_half': 51.10120656497163, 'pre_dampen_half': 121.93011993958949, 'gpp_af': 20.12115544906385, 'gpp_b': 3.51865893272769, 'gpp_d': 3.57879245350232, 'ign_k': 0.0467351899956275, 'ign_c': 0.773448215664679, 'trop_agb_crit': 21.380932890222198, 'trop_k_veg': 1.2749676887479542, 'fire_amp': 5.416595007374148}.
[I 2026-06-11 13:21:50,139] Trial 127 finished with values: [10.761825304474725, 10.761825304474725] and parameters: {'k1': 0.004467752817973905, 'D_low': 450.9719064153485, 'k2': 5.153993511603138e-05, 'D_high': 1537.592023548176, 'fire_exp': 1.5305744365500176, 'P_half': 45.55085098454082, 'pre_dampen_half': 0.02671457936585047, 'gpp_af': 96.4653310890222, 'gpp_b': 2.3386439256208704, 'gpp_d': 9.482548804624958, 'ign_k': 0.0018548376790967168, 'ign_c': 99.96359851911319, 'trop_agb_crit': 1.9475582306295418, 'trop_k_veg': 0.5667990147757791, 'fire_amp': 5.696789701683185}.
[I 2026-06-11 13:21:51,072] Trial 128 finished with values: [10.769230768928226, 10.769230768928226] and parameters: {'k1': 5.7909642338812115e-05, 'D_low': 1.4002277211577039, 'k2': 1.2390468928182031e-05, 'D_high': 1817.0401889219124, 'fire_exp': 8.795620627499954, 'P_half': 2.969335773129636, 'pre_dampen_half': 30.456909077772018, 'gpp_af': 0.41874665092828456, 'gpp_b': 0.004411400434514031, 'gpp_d': 1.0088237648985734, 'ign_k': 0.07886001704920406, 'ign_c': 280.6535913298296, 'trop_agb_crit': 1.8285200278523417, 'trop_k_veg': 4.0068236274914755, 'fire_amp': 5.44779717154213}.
